{"target": -1314.4908319448732, "params": {"k_pid_pos": [1.8919150829315186, 1.0, 0.9832334518432617], "k_pid_alt": [1.9877707958221436, 0.9382559657096863, 1.0], "k_pid_att": [0.0359266996383667, 9.999999747378752e-05, 0.0], "k_pid_yaw": [0.5, 1e-06, 0.1], "k_pid_hsp": [9.46544361114502, 0.0009344220161437988, 0.0], "k_pid_vsp": [400.0, 400.0, 400.0]}, "datetime": {"datetime": "2025-08-12 11:33:37", "elapsed": 68897.29959869385, "delta": 28.98880410194397}, "costs": {"total_cost": 1314.4908319448732, "time_cost": 150, "final_distance_cost": 71.95516809326887, "oscillation_cost": 41.26653716103673, "completition_cost": 888.8888888888888, "overshoot_cost": 97.27971697852914, "power_cost": 33.86831070556641, "noise_cost": 31.232210117583, "n_waypoints_completed": 1, "tot_waypoints": 9}}
{"target": -8897.01392179771, "params": {"k_pid_pos": [2.0, 0.9645556211471558, 0.9974969625473022], "k_pid_alt": [2.0, 0.9842221140861511, 0.9552091360092163], "k_pid_att": [0.0, 0.2090318650007248, 0.011230707168579102], "k_pid_yaw": [0.5, 1e-06, 0.1], "k_pid_hsp": [10.0, 0.021640300750732422, 0.0], "k_pid_vsp": [392.7607116699219, 400.0, 389.3701171875]}, "datetime": {"datetime": "2025-08-12 11:34:06", "elapsed": 68925.81432843208, "delta": 28.514729738235474}, "costs": {"total_cost": 8897.01392179771, "time_cost": 150, "final_distance_cost": 2594.696263670864, "oscillation_cost": 1153.6609032645442, "completition_cost": 1000.0, "overshoot_cost": 3772.552728382677, "power_cost": 58.02538212890625, "noise_cost": 168.07864435072074, "n_waypoints_completed": 0, "tot_waypoints": 9}}
{"target": -4255.00890713959, "params": {"k_pid_pos": [1.985034465789795, 1.0, 0.9988644123077393], "k_pid_alt": [1.8436020612716675, 0.9645029306411743, 1.0], "k_pid_att": [0.0, 0.5520561337471008, 0.0], "k_pid_yaw": [0.5, 1e-06, 0.1], "k_pid_hsp": [10.0, 0.0, 0.021434396505355835], "k_pid_vsp": [399.2417907714844, 400.0, 400.0]}, "datetime": {"datetime": "2025-08-12 11:34:37", "elapsed": 68956.63170981407, "delta": 30.817381381988525}, "costs": {"total_cost": 4255.00890713959, "time_cost": 150, "final_distance_cost": 253.92648754869953, "oscillation_cost": 1937.7467358728773, "completition_cost": 1000.0, "overshoot_cost": 682.5157581778435, "power_cost": 57.2027455444336, "noise_cost": 173.61717999573582, "n_waypoints_completed": 0, "tot_waypoints": 9}}
{"target": -1766.906700382884, "params": {"k_pid_pos": [1.870321273803711, 1.0, 0.9954789876937866], "k_pid_alt": [2.0, 1.0, 0.940321147441864], "k_pid_att": [2.00970458984375, 0.9273470640182495, 0.03785198926925659], "k_pid_yaw": [0.5, 1e-06, 0.1], "k_pid_hsp": [9.135717391967773, 0.0, 0.0], "k_pid_vsp": [400.0, 397.2250061035156, 389.9755859375]}, "datetime": {"datetime": "2025-08-12 11:35:06", "elapsed": 68985.38643455505, "delta": 28.754724740982056}, "costs": {"total_cost": 1766.906700382884, "time_cost": 150, "final_distance_cost": 0.9997217274445602, "oscillation_cost": 329.03685148266277, "completition_cost": 1000.0, "overshoot_cost": 158.69502529095664, "power_cost": 29.528669384765628, "noise_cost": 98.64643249705463, "n_waypoints_completed": 0, "tot_waypoints": 9}}
{"target": -1206.8355738389785, "params": {"k_pid_pos": [2.0, 0.9111236333847046, 1.0], "k_pid_alt": [2.0, 1.0, 0.9664714336395264], "k_pid_att": [4.800286769866943, 9.999999747378752e-05, 0.0], "k_pid_yaw": [0.5, 1e-06, 0.1], "k_pid_hsp": [9.412013053894043, 0.0, 0.0], "k_pid_vsp": [390.43316650390625, 400.0, 388.3524169921875]}, "datetime": {"datetime": "2025-08-12 11:35:33", "elapsed": 69012.89019417763, "delta": 27.503759622573853}, "costs": {"total_cost": 1206.8355738389785, "time_cost": 150, "final_distance_cost": 57.21341368683874, "oscillation_cost": 426.53393092723775, "completition_cost": 444.4444444444444, "overshoot_cost": 67.86482850903573, "power_cost": 31.71009461669922, "noise_cost": 29.06886165472244, "n_waypoints_completed": 5, "tot_waypoints": 9}}
{"target": -4558.107393985693, "params": {"k_pid_pos": [1.8508824110031128, 1.0, 0.9445699453353882], "k_pid_alt": [2.0, 0.9489395618438721, 0.9445117712020874], "k_pid_att": [0.0, 0.01883891597390175, 0.03794020414352417], "k_pid_yaw": [0.5, 1e-06, 0.1], "k_pid_hsp": [10.0, 0.0, 0.0], "k_pid_vsp": [400.0, 400.0, 393.6480712890625]}, "datetime": {"datetime": "2025-08-12 11:36:01", "elapsed": 69040.92694330215, "delta": 28.036749124526978}, "costs": {"total_cost": 4558.107393985693, "time_cost": 150, "final_distance_cost": 999.0822828751398, "oscillation_cost": 497.81121638747067, "completition_cost": 1000.0, "overshoot_cost": 1700.3407205585202, "power_cost": 56.107119921875004, "noise_cost": 154.76605424268718, "n_waypoints_completed": 0, "tot_waypoints": 9}}
{"target": -1319.9718992393098, "params": {"k_pid_pos": [1.9297034740447998, 0.8957995176315308, 0.9211958050727844], "k_pid_alt": [1.9438846111297607, 0.9586272835731506, 0.9574325680732727], "k_pid_att": [5.201691627502441, 0.7448368072509766, 0.027528226375579834], "k_pid_yaw": [0.5, 1e-06, 0.1], "k_pid_hsp": [9.70376205444336, 0.027633339166641235, 0.044572263956069946], "k_pid_vsp": [389.8100280761719, 400.0, 400.0]}, "datetime": {"datetime": "2025-08-12 11:36:31", "elapsed": 69070.89156532288, "delta": 29.964622020721436}, "costs": {"total_cost": 1319.9718992393098, "time_cost": 150, "final_distance_cost": 47.64872173741953, "oscillation_cost": 436.4081220830291, "completition_cost": 555.5555555555555, "overshoot_cost": 69.1845566256196, "power_cost": 31.863246728515627, "noise_cost": 29.311696509170467, "n_waypoints_completed": 4, "tot_waypoints": 9}}
{"target": -5446.952192712684, "params": {"k_pid_pos": [2.0, 1.0, 1.0], "k_pid_alt": [1.9292056560516357, 1.0, 0.9390966892242432], "k_pid_att": [0.0, 0.07755695283412933, 0.0], "k_pid_yaw": [0.5, 1e-06, 0.1], "k_pid_hsp": [10.0, 0.0, 0.0005443096160888672], "k_pid_vsp": [400.0, 400.0, 400.0]}, "datetime": {"datetime": "2025-08-12 11:37:02", "elapsed": 69102.09851694107, "delta": 31.20695161819458}, "costs": {"total_cost": 5446.952192712684, "time_cost": 150, "final_distance_cost": 1041.485615870404, "oscillation_cost": 677.1698886240212, "completition_cost": 1000.0, "overshoot_cost": 2358.2763186187453, "power_cost": 57.41449016113282, "noise_cost": 162.60587943838053, "n_waypoints_completed": 0, "tot_waypoints": 9}}
{"target": -1180.1926074953506, "params": {"k_pid_pos": [1.9932018518447876, 1.0, 1.0], "k_pid_alt": [2.0, 0.9235433340072632, 1.0], "k_pid_att": [4.098629951477051, 0.14182978868484497, 0.0], "k_pid_yaw": [0.5, 1e-06, 0.1], "k_pid_hsp": [10.0, 0.0, 0.007578372955322266], "k_pid_vsp": [400.0, 388.68896484375, 379.9801330566406]}, "datetime": {"datetime": "2025-08-12 11:37:31", "elapsed": 69130.99887871742, "delta": 28.90036177635193}, "costs": {"total_cost": 1180.1926074953506, "time_cost": 150, "final_distance_cost": 54.34206616661276, "oscillation_cost": 401.3231677576473, "completition_cost": 444.4444444444444, "overshoot_cost": 67.39872913799934, "power_cost": 33.06337677001953, "noise_cost": 29.620823218627315, "n_waypoints_completed": 5, "tot_waypoints": 9}}
{"target": -1671.3211264419108, "params": {"k_pid_pos": [2.0, 1.0, 0.9808368682861328], "k_pid_alt": [2.0, 0.9578385353088379, 0.9396160840988159], "k_pid_att": [1.6986489295959473, 9.999999747378752e-05, 0.0], "k_pid_yaw": [0.5, 1e-06, 0.1], "k_pid_hsp": [10.0, 0.02423211932182312, 0.026818394660949707], "k_pid_vsp": [378.78265380859375, 387.3400573730469, 400.0]}, "datetime": {"datetime": "2025-08-12 11:38:01", "elapsed": 69161.26267242432, "delta": 30.26379370689392}, "costs": {"total_cost": 1671.3211264419108, "time_cost": 150, "final_distance_cost": 28.522126187698404, "oscillation_cost": 336.43187141687645, "completition_cost": 1000.0, "overshoot_cost": 98.37191403601469, "power_cost": 31.309293420410157, "noise_cost": 26.685921380911072, "n_waypoints_completed": 0, "tot_waypoints": 9}}
{"target": -4676.358861592909, "params": {"k_pid_pos": [2.0, 0.8184057474136353, 1.0], "k_pid_alt": [1.951624870300293, 1.0, 0.9947497844696045], "k_pid_att": [0.0, 0.7300576567649841, 0.0], "k_pid_yaw": [0.5, 1e-06, 0.1], "k_pid_hsp": [9.824317932128906, 0.029295504093170166, 0.06715092062950134], "k_pid_vsp": [400.0, 379.0993957519531, 400.0]}, "datetime": {"datetime": "2025-08-12 11:38:32", "elapsed": 69191.66621041298, "delta": 30.40353798866272}, "costs": {"total_cost": 4676.358861592909, "time_cost": 150, "final_distance_cost": 337.24507937034866, "oscillation_cost": 2104.8975580860506, "completition_cost": 1000.0, "overshoot_cost": 851.3349842363447, "power_cost": 57.55158903808594, "noise_cost": 175.32965086208, "n_waypoints_completed": 0, "tot_waypoints": 9}}
{"target": -1214.8919965012562, "params": {"k_pid_pos": [1.9948201179504395, 1.0, 0.9779786467552185], "k_pid_alt": [2.0, 0.9983746409416199, 0.9393887519836426], "k_pid_att": [5.546846866607666, 9.999999747378752e-05, 0.0], "k_pid_yaw": [0.5, 1e-06, 0.1], "k_pid_hsp": [9.496784210205078, 0.0, 0.0], "k_pid_vsp": [398.04620361328125, 400.0, 399.9753112792969]}, "datetime": {"datetime": "2025-08-12 11:39:00", "elapsed": 69219.39739608765, "delta": 27.73118567466736}, "costs": {"total_cost": 1214.8919965012562, "time_cost": 150, "final_distance_cost": 54.06978389329929, "oscillation_cost": 439.17612815755336, "completition_cost": 444.4444444444444, "overshoot_cost": 64.62933175890356, "power_cost": 32.81757385253906, "noise_cost": 29.75473439451657, "n_waypoints_completed": 5, "tot_waypoints": 9}}
{"target": -1692.0642940965715, "params": {"k_pid_pos": [1.973251461982727, 1.0, 1.0], "k_pid_alt": [2.0, 1.0, 1.0], "k_pid_att": [1.8447428941726685, 9.999999747378752e-05, 0.0], "k_pid_yaw": [0.5, 1e-06, 0.1], "k_pid_hsp": [10.0, 0.0, 0.0], "k_pid_vsp": [374.42999267578125, 400.0, 400.0]}, "datetime": {"datetime": "2025-08-12 11:39:33", "elapsed": 69252.56676793098, "delta": 33.16937184333801}, "costs": {"total_cost": 1692.0642940965715, "time_cost": 150, "final_distance_cost": 17.801031492475705, "oscillation_cost": 347.7823858450884, "completition_cost": 1000.0, "overshoot_cost": 118.30488445901058, "power_cost": 31.605477978515626, "noise_cost": 26.57051432148108, "n_waypoints_completed": 0, "tot_waypoints": 9}}
{"target": -1510.443751049023, "params": {"k_pid_pos": [2.0, 0.9622408747673035, 1.0], "k_pid_alt": [1.9155149459838867, 1.0, 0.9195165634155273], "k_pid_att": [2.4090945720672607, 9.999999747378752e-05, 0.005299925804138184], "k_pid_yaw": [0.5, 1e-06, 0.1], "k_pid_hsp": [10.0, 0.002707540988922119, 0.039612263441085815], "k_pid_vsp": [400.0, 400.0, 400.0]}, "datetime": {"datetime": "2025-08-12 11:40:01", "elapsed": 69280.77527785301, "delta": 28.208509922027588}, "costs": {"total_cost": 1510.443751049023, "time_cost": 150, "final_distance_cost": 90.47397615357924, "oscillation_cost": 366.63082280016005, "completition_cost": 777.7777777777778, "overshoot_cost": 65.67460244941284, "power_cost": 32.53891319580078, "noise_cost": 27.34765867229233, "n_waypoints_completed": 2, "tot_waypoints": 9}}
{"target": -1291.065855781315, "params": {"k_pid_pos": [1.962869644165039, 1.0, 1.0], "k_pid_alt": [1.889488935470581, 1.0, 1.0], "k_pid_att": [3.4348340034484863, 9.999999747378752e-05, 0.0], "k_pid_yaw": [0.5, 1e-06, 0.1], "k_pid_hsp": [9.418376922607422, 0.0, 0.0], "k_pid_vsp": [400.0, 400.0, 400.0]}, "datetime": {"datetime": "2025-08-12 11:40:33", "elapsed": 69312.57875967026, "delta": 31.803481817245483}, "costs": {"total_cost": 1291.065855781315, "time_cost": 150, "final_distance_cost": 46.80974194641065, "oscillation_cost": 402.8340387383717, "completition_cost": 555.5555555555555, "overshoot_cost": 76.75452398992847, "power_cost": 31.87189552001953, "noise_cost": 27.240100031029282, "n_waypoints_completed": 4, "tot_waypoints": 9}}
{"target": -4013.792484943, "params": {"k_pid_pos": [2.0, 1.0, 1.0], "k_pid_alt": [2.0, 1.0, 0.9806468486785889], "k_pid_att": [0.0, 0.12997335195541382, 0.0], "k_pid_yaw": [0.5, 1e-06, 0.1], "k_pid_hsp": [10.0, 0.03203311562538147, 0.0], "k_pid_vsp": [395.3119201660156, 400.0, 400.0]}, "datetime": {"datetime": "2025-08-12 11:41:02", "elapsed": 69341.79414820671, "delta": 29.215388536453247}, "costs": {"total_cost": 4013.792484943, "time_cost": 150, "final_distance_cost": 399.232836427833, "oscillation_cost": 870.2870366546381, "completition_cost": 1000.0, "overshoot_cost": 1369.611640141382, "power_cost": 57.382085559082036, "noise_cost": 167.27888616006467, "n_waypoints_completed": 0, "tot_waypoints": 9}}
{"target": -1182.741648896666, "params": {"k_pid_pos": [1.9631282091140747, 1.0, 0.9833260774612427], "k_pid_alt": [2.0, 0.942219078540802, 1.0], "k_pid_att": [7.116299629211426, 0.8085591793060303, 0.05721843242645264], "k_pid_yaw": [0.5, 1e-06, 0.1], "k_pid_hsp": [10.0, 0.003343939781188965, 0.04671299457550049], "k_pid_vsp": [399.370849609375, 400.0, 400.0]}, "datetime": {"datetime": "2025-08-12 11:41:34", "elapsed": 69373.62588787079, "delta": 31.83173966407776}, "costs": {"total_cost": 1182.741648896666, "time_cost": 150, "final_distance_cost": 45.524370569523924, "oscillation_cost": 416.0221261478635, "completition_cost": 444.4444444444444, "overshoot_cost": 65.7567138695201, "power_cost": 31.57381413574219, "noise_cost": 29.420179729571927, "n_waypoints_completed": 5, "tot_waypoints": 9}}
{"target": -1097.695381583063, "params": {"k_pid_pos": [1.9709351062774658, 0.8382444381713867, 1.0], "k_pid_alt": [1.849137306213379, 0.9736121892929077, 0.9622246026992798], "k_pid_att": [6.0247955322265625, 9.999999747378752e-05, 0.02862909436225891], "k_pid_yaw": [0.5, 1e-06, 0.1], "k_pid_hsp": [10.0, 0.0, 0.061017900705337524], "k_pid_vsp": [394.9750061035156, 398.10809326171875, 400.0]}, "datetime": {"datetime": "2025-08-12 11:42:05", "elapsed": 69405.32413744926, "delta": 31.698249578475952}, "costs": {"total_cost": 1097.695381583063, "time_cost": 150, "final_distance_cost": 54.46455584340253, "oscillation_cost": 430.1395641129354, "completition_cost": 333.33333333333337, "overshoot_cost": 67.6072893523263, "power_cost": 32.612803125, "noise_cost": 29.537835816065396, "n_waypoints_completed": 6, "tot_waypoints": 9}}
{"target": -840.2146206205292, "params": {"k_pid_pos": [2.0, 0.9946693181991577, 1.0], "k_pid_alt": [2.0, 1.0, 1.0], "k_pid_att": [0.4956752061843872, 0.17174476385116577, 0.0], "k_pid_yaw": [0.5, 1e-06, 0.1], "k_pid_hsp": [10.0, 0.0, 0.0], "k_pid_vsp": [366.00665283203125, 400.0, 389.5286560058594]}, "datetime": {"datetime": "2025-08-12 11:42:35", "elapsed": 69435.35839390755, "delta": 30.03425645828247}, "costs": {"total_cost": 840.2146206205292, "time_cost": 150, "final_distance_cost": 73.44719225387522, "oscillation_cost": 154.3278404786414, "completition_cost": 333.33333333333337, "overshoot_cost": 62.43411897753191, "power_cost": 36.494711657714845, "noise_cost": 30.177423919432528, "n_waypoints_completed": 6, "tot_waypoints": 9}}
{"target": -6423.644602506768, "params": {"k_pid_pos": [2.0, 0.9354847073554993, 1.0], "k_pid_alt": [2.0, 1.0, 1.0], "k_pid_att": [0.0, 0.9194802641868591, 0.03050154447555542], "k_pid_yaw": [0.5, 1e-06, 0.1], "k_pid_hsp": [9.929489135742188, 0.0, 0.0], "k_pid_vsp": [394.7490539550781, 400.0, 389.26983642578125]}, "datetime": {"datetime": "2025-08-12 11:43:07", "elapsed": 69466.55793619156, "delta": 31.19954228401184}, "costs": {"total_cost": 6423.644602506768, "time_cost": 150, "final_distance_cost": 1580.1110551553688, "oscillation_cost": 2088.9981300994605, "completition_cost": 1000.0, "overshoot_cost": 1372.6590684606322, "power_cost": 57.3787490234375, "noise_cost": 174.49759976786905, "n_waypoints_completed": 0, "tot_waypoints": 9}}
{"target": -1324.8941860794866, "params": {"k_pid_pos": [2.0, 0.9661259651184082, 0.9369927644729614], "k_pid_alt": [2.0, 0.9582659006118774, 1.0], "k_pid_att": [4.619174957275391, 0.3869219124317169, 0.0], "k_pid_yaw": [0.5, 1e-06, 0.1], "k_pid_hsp": [10.0, 0.0, 0.000118255615234375], "k_pid_vsp": [400.0, 371.9768371582031, 400.0]}, "datetime": {"datetime": "2025-08-12 11:43:34", "elapsed": 69494.32152295113, "delta": 27.76358675956726}, "costs": {"total_cost": 1324.8941860794866, "time_cost": 150, "final_distance_cost": 39.43582707457439, "oscillation_cost": 443.931251818705, "completition_cost": 555.5555555555555, "overshoot_cost": 74.90931673124489, "power_cost": 32.904505480957035, "noise_cost": 28.157729418449975, "n_waypoints_completed": 4, "tot_waypoints": 9}}
{"target": -1849.6030778490776, "params": {"k_pid_pos": [1.9925215244293213, 0.998847246170044, 0.9719840288162231], "k_pid_alt": [1.9458065032958984, 1.0, 1.0], "k_pid_att": [0.08969604969024658, 0.2711640000343323, 0.0017720162868499756], "k_pid_yaw": [0.5, 1e-06, 0.1], "k_pid_hsp": [10.0, 0.0, 0.05676564574241638], "k_pid_vsp": [383.884765625, 369.4373474121094, 400.0]}, "datetime": {"datetime": "2025-08-12 11:44:04", "elapsed": 69524.20502305031, "delta": 29.88350009918213}, "costs": {"total_cost": 1849.6030778490776, "time_cost": 150, "final_distance_cost": 49.726218693763144, "oscillation_cost": 254.64808023468083, "completition_cost": 1000.0, "overshoot_cost": 177.90045581712315, "power_cost": 56.683614697265625, "noise_cost": 160.6447084062446, "n_waypoints_completed": 0, "tot_waypoints": 9}}
{"target": -1100.1273075503268, "params": {"k_pid_pos": [1.8672394752502441, 1.0, 1.0], "k_pid_alt": [1.959299087524414, 1.0, 0.9890506267547607], "k_pid_att": [4.517117023468018, 1.160773515701294, 0.0], "k_pid_yaw": [0.5, 1e-06, 0.1], "k_pid_hsp": [10.0, 0.0, 0.016782283782958984], "k_pid_vsp": [390.97088623046875, 400.0, 387.18463134765625]}, "datetime": {"datetime": "2025-08-12 11:44:34", "elapsed": 69554.25784254074, "delta": 30.05281949043274}, "costs": {"total_cost": 1100.1273075503268, "time_cost": 150, "final_distance_cost": 62.847825172278476, "oscillation_cost": 425.2062799668474, "completition_cost": 333.33333333333337, "overshoot_cost": 65.94118123058256, "power_cost": 33.08617430419922, "noise_cost": 29.712513543085723, "n_waypoints_completed": 6, "tot_waypoints": 9}}
{"target": -1063.8401870298478, "params": {"k_pid_pos": [2.0, 1.0, 0.9848669767379761], "k_pid_alt": [1.8101661205291748, 1.0, 1.0], "k_pid_att": [3.5175859928131104, 0.9366545677185059, 0.0], "k_pid_yaw": [0.5, 1e-06, 0.1], "k_pid_hsp": [10.0, 0.0, 0.06703147292137146], "k_pid_vsp": [397.0780029296875, 397.8944091796875, 394.0720520019531]}, "datetime": {"datetime": "2025-08-12 11:45:03", "elapsed": 69582.54418420792, "delta": 28.286341667175293}, "costs": {"total_cost": 1063.8401870298478, "time_cost": 150, "final_distance_cost": 62.77848221718405, "oscillation_cost": 387.9202403839158, "completition_cost": 333.33333333333337, "overshoot_cost": 65.7520756428826, "power_cost": 34.31209350585938, "noise_cost": 29.74396194667255, "n_waypoints_completed": 6, "tot_waypoints": 9}}
{"target": -1092.2722428516342, "params": {"k_pid_pos": [1.9499976634979248, 1.0, 1.0], "k_pid_alt": [2.0, 0.9686569571495056, 1.0], "k_pid_att": [6.062954902648926, 9.999999747378752e-05, 0.026065826416015625], "k_pid_yaw": [0.5, 1e-06, 0.1], "k_pid_hsp": [10.0, 0.0, 0.012528210878372192], "k_pid_vsp": [400.0, 395.75518798828125, 378.6576843261719]}, "datetime": {"datetime": "2025-08-12 11:45:33", "elapsed": 69613.16367006302, "delta": 30.61948585510254}, "costs": {"total_cost": 1092.2722428516342, "time_cost": 150, "final_distance_cost": 57.717658328904314, "oscillation_cost": 424.3055197625891, "completition_cost": 333.33333333333337, "overshoot_cost": 63.64612873639277, "power_cost": 33.30001114501953, "noise_cost": 29.969591545395257, "n_waypoints_completed": 6, "tot_waypoints": 9}}
{"target": -5204.698038610172, "params": {"k_pid_pos": [2.0, 0.9881561994552612, 1.0], "k_pid_alt": [2.0, 1.0, 1.0], "k_pid_att": [0.0, 0.09426426142454147, 0.10756292939186096], "k_pid_yaw": [0.5, 1e-06, 0.1], "k_pid_hsp": [8.868499755859375, 0.02357661724090576, 0.027066081762313843], "k_pid_vsp": [390.2747497558594, 400.0, 391.88128662109375]}, "datetime": {"datetime": "2025-08-12 11:46:04", "elapsed": 69643.441562891, "delta": 30.27789282798767}, "costs": {"total_cost": 5204.698038610172, "time_cost": 150, "final_distance_cost": 833.2733855200422, "oscillation_cost": 572.499864802815, "completition_cost": 1000.0, "overshoot_cost": 2426.3244804191113, "power_cost": 57.60126153564453, "noise_cost": 164.99904633255855, "n_waypoints_completed": 0, "tot_waypoints": 9}}
{"target": -1140.0099877884566, "params": {"k_pid_pos": [2.0, 0.9374366998672485, 0.9718257188796997], "k_pid_alt": [2.0, 0.967313289642334, 0.8286378383636475], "k_pid_att": [7.136425495147705, 0.24467985332012177, 0.005915462970733643], "k_pid_yaw": [0.5, 1e-06, 0.1], "k_pid_hsp": [10.0, 0.0, 0.0363466739654541], "k_pid_vsp": [400.0, 400.0, 381.91326904296875]}, "datetime": {"datetime": "2025-08-12 11:46:32", "elapsed": 69671.99039888382, "delta": 28.54883599281311}, "costs": {"total_cost": 1140.0099877884566, "time_cost": 150, "final_distance_cost": 69.7484874978076, "oscillation_cost": 460.12528653687315, "completition_cost": 333.33333333333337, "overshoot_cost": 62.99663735553641, "power_cost": 33.73966567382813, "noise_cost": 30.066577391078088, "n_waypoints_completed": 6, "tot_waypoints": 9}}
{"target": -955.7429012291574, "params": {"k_pid_pos": [2.0, 1.0, 1.0], "k_pid_alt": [1.9103460311889648, 1.0, 0.9960547089576721], "k_pid_att": [0.9041666984558105, 9.999999747378752e-05, 0.07336199283599854], "k_pid_yaw": [0.5, 1e-06, 0.1], "k_pid_hsp": [9.157755851745605, 0.04861155152320862, 0.0390067994594574], "k_pid_vsp": [392.53955078125, 400.0, 345.1163635253906]}, "datetime": {"datetime": "2025-08-12 11:47:01", "elapsed": 69701.13809871674, "delta": 29.14769983291626}, "costs": {"total_cost": 955.7429012291574, "time_cost": 150, "final_distance_cost": 44.69005455139013, "oscillation_cost": 81.51165260373455, "completition_cost": 555.5555555555555, "overshoot_cost": 60.77739027835139, "power_cost": 32.91638354492188, "noise_cost": 30.291864695203873, "n_waypoints_completed": 4, "tot_waypoints": 9}}
