{"target": -3869.7959990993304, "params": {"k_pid_pos": [1.9136621952056885, 1.0, 1.0], "k_pid_alt": [1.9937900304794312, 1.0, 0.9883592128753662], "k_pid_att": [0.0, 9.999999747378752e-05, 0.03939959406852722], "k_pid_yaw": [0.5, 1e-06, 0.1], "k_pid_hsp": [10.0, 0.0, 0.027109891176223755], "k_pid_vsp": [400.0, 389.79534912109375, 400.0]}, "datetime": {"datetime": "2025-08-11 22:21:56", "elapsed": 21396.318428754807, "delta": 29.471149682998657}, "costs": {"total_cost": 3869.7959990993304, "time_cost": 150, "final_distance_cost": 611.9980325938953, "oscillation_cost": 4.937262334905812, "completition_cost": 1000.0, "overshoot_cost": 1985.7120781912681, "power_cost": 30.332339697265628, "noise_cost": 86.81628628199537, "n_waypoints_completed": 0, "tot_waypoints": 9}}
{"target": -1726.6907781754517, "params": {"k_pid_pos": [1.976015567779541, 1.0, 1.0], "k_pid_alt": [2.0, 0.9545757174491882, 1.0], "k_pid_att": [3.9026708602905273, 9.999999747378752e-05, 0.055228978395462036], "k_pid_yaw": [0.5, 1e-06, 0.1], "k_pid_hsp": [9.948447227478027, 0.0, 0.049492865800857544], "k_pid_vsp": [394.7181396484375, 400.0, 387.4893798828125]}, "datetime": {"datetime": "2025-08-11 22:22:27", "elapsed": 21426.520196676254, "delta": 30.201767921447754}, "costs": {"total_cost": 1726.6907781754517, "time_cost": 150, "final_distance_cost": 39.809744477643115, "oscillation_cost": 400.074649226536, "completition_cost": 1000.0, "overshoot_cost": 79.41239406418248, "power_cost": 30.716125402832034, "noise_cost": 26.67786500425822, "n_waypoints_completed": 0, "tot_waypoints": 9}}
{"target": -1746.1008238979832, "params": {"k_pid_pos": [2.0, 0.9535526037216187, 1.0], "k_pid_alt": [1.884667158126831, 1.0, 0.963695228099823], "k_pid_att": [3.7680001258850098, 9.999999747378752e-05, 0.0769001841545105], "k_pid_yaw": [0.5, 1e-06, 0.1], "k_pid_hsp": [10.0, 0.09596934914588928, 0.025990426540374756], "k_pid_vsp": [384.787353515625, 359.48687744140625, 385.3529052734375]}, "datetime": {"datetime": "2025-08-11 22:22:58", "elapsed": 21457.375952243805, "delta": 30.85575556755066}, "costs": {"total_cost": 1746.1008238979832, "time_cost": 150, "final_distance_cost": 0.9987436435194069, "oscillation_cost": 307.7645574919406, "completition_cost": 1000.0, "overshoot_cost": 157.87226047353437, "power_cost": 30.027683618164065, "noise_cost": 99.43757867082475, "n_waypoints_completed": 0, "tot_waypoints": 9}}
{"target": -8600.691767664875, "params": {"k_pid_pos": [2.0, 0.9801058769226074, 0.9946539998054504], "k_pid_alt": [2.0, 0.9713886976242065, 0.9957326650619507], "k_pid_att": [0.0, 9.999999747378752e-05, 0.00916340947151184], "k_pid_yaw": [0.5, 1e-06, 0.1], "k_pid_hsp": [9.813786506652832, 0.0045461952686309814, 0.03637021780014038], "k_pid_vsp": [381.8656921386719, 386.1348571777344, 383.4031982421875]}, "datetime": {"datetime": "2025-08-11 22:23:29", "elapsed": 21489.003801345825, "delta": 31.627849102020264}, "costs": {"total_cost": 8600.691767664875, "time_cost": 150, "final_distance_cost": 2381.4143868471733, "oscillation_cost": 9.775351355141884, "completition_cost": 1000.0, "overshoot_cost": 4941.504342947607, "power_cost": 39.734409411621094, "noise_cost": 78.2632771033307, "n_waypoints_completed": 0, "tot_waypoints": 9}}
{"target": -5437.717046470256, "params": {"k_pid_pos": [1.960140347480774, 0.9687601327896118, 0.9733065366744995], "k_pid_alt": [2.0, 1.0, 1.0], "k_pid_att": [0.0, 0.04129057005047798, 0.0], "k_pid_yaw": [0.5, 1e-06, 0.1], "k_pid_hsp": [9.75589370727539, 0.05392855405807495, 0.0], "k_pid_vsp": [388.51385498046875, 400.0, 400.0]}, "datetime": {"datetime": "2025-08-11 22:23:59", "elapsed": 21519.343470096588, "delta": 30.33966875076294}, "costs": {"total_cost": 5437.717046470256, "time_cost": 150, "final_distance_cost": 941.479775915766, "oscillation_cost": 424.89737391754045, "completition_cost": 1000.0, "overshoot_cost": 2704.8465344340275, "power_cost": 57.0221365600586, "noise_cost": 159.47122564286352, "n_waypoints_completed": 0, "tot_waypoints": 9}}
{"target": -873.8308430148154, "params": {"k_pid_pos": [1.669628381729126, 1.0, 1.0], "k_pid_alt": [2.0, 0.9503922462463379, 0.9926596879959106], "k_pid_att": [0.391232967376709, 0.3653303384780884, 0.0], "k_pid_yaw": [0.5, 1e-06, 0.1], "k_pid_hsp": [9.245243072509766, 0.0, 0.0], "k_pid_vsp": [400.0, 400.0, 400.0]}, "datetime": {"datetime": "2025-08-11 22:24:30", "elapsed": 21550.243668794632, "delta": 30.900198698043823}, "costs": {"total_cost": 873.8308430148154, "time_cost": 150, "final_distance_cost": 65.58663497570844, "oscillation_cost": 189.51134762717382, "completition_cost": 333.33333333333337, "overshoot_cost": 60.692549564791314, "power_cost": 41.486904650878905, "noise_cost": 33.22007286292961, "n_waypoints_completed": 6, "tot_waypoints": 9}}
{"target": -6121.196477315644, "params": {"k_pid_pos": [2.0, 1.0, 1.0], "k_pid_alt": [1.9435899257659912, 1.0, 0.9044562578201294], "k_pid_att": [0.0, 9.999999747378752e-05, 0.072559654712677], "k_pid_yaw": [0.5, 1e-06, 0.1], "k_pid_hsp": [10.0, 0.0, 0.02173563838005066], "k_pid_vsp": [400.0, 400.0, 382.35186767578125]}, "datetime": {"datetime": "2025-08-11 22:25:01", "elapsed": 21581.053270101547, "delta": 30.809601306915283}, "costs": {"total_cost": 6121.196477315644, "time_cost": 150, "final_distance_cost": 1413.2801982881801, "oscillation_cost": 3.760270134965995, "completition_cost": 1000.0, "overshoot_cost": 3438.177303177039, "power_cost": 29.80280684814453, "noise_cost": 86.17589886731416, "n_waypoints_completed": 0, "tot_waypoints": 9}}
{"target": -1895.8023584013881, "params": {"k_pid_pos": [2.0, 0.9904203414916992, 1.0], "k_pid_alt": [1.9647942781448364, 1.0, 1.0], "k_pid_att": [9.214120864868164, 9.999999747378752e-05, 0.0], "k_pid_yaw": [0.5, 1e-06, 0.1], "k_pid_hsp": [10.0, 0.0, 0.0], "k_pid_vsp": [375.8995666503906, 355.4212341308594, 365.8980407714844]}, "datetime": {"datetime": "2025-08-11 22:25:32", "elapsed": 21611.788074731827, "delta": 30.73480463027954}, "costs": {"total_cost": 1895.8023584013881, "time_cost": 150, "final_distance_cost": 20.072716527589616, "oscillation_cost": 563.5383710018726, "completition_cost": 1000.0, "overshoot_cost": 103.05689496285046, "power_cost": 31.120010583496097, "noise_cost": 28.014365325579366, "n_waypoints_completed": 0, "tot_waypoints": 9}}
{"target": -4380.979957156359, "params": {"k_pid_pos": [2.0, 1.0, 1.0], "k_pid_alt": [2.0, 1.0, 0.9495329260826111], "k_pid_att": [0.0, 0.6141543388366699, 0.010363191366195679], "k_pid_yaw": [0.5, 1e-06, 0.1], "k_pid_hsp": [9.69638442993164, 0.061088621616363525, 0.009613096714019775], "k_pid_vsp": [362.4952697753906, 381.65277099609375, 400.0]}, "datetime": {"datetime": "2025-08-11 22:26:02", "elapsed": 21642.13962984085, "delta": 30.351555109024048}, "costs": {"total_cost": 4380.979957156359, "time_cost": 150, "final_distance_cost": 274.64611595717724, "oscillation_cost": 1793.6356204638926, "completition_cost": 1000.0, "overshoot_cost": 932.5134381530934, "power_cost": 56.91048388671875, "noise_cost": 173.27429869547765, "n_waypoints_completed": 0, "tot_waypoints": 9}}
{"target": -995.0217633333909, "params": {"k_pid_pos": [2.0, 1.0, 0.9834780097007751], "k_pid_alt": [1.9912950992584229, 0.9795060157775879, 0.9814425706863403], "k_pid_att": [0.351637601852417, 9.999999747378752e-05, 0.0], "k_pid_yaw": [0.5, 1e-06, 0.1], "k_pid_hsp": [10.0, 0.0, 0.11358201503753662], "k_pid_vsp": [397.7237548828125, 400.0, 397.5184326171875]}, "datetime": {"datetime": "2025-08-11 22:26:33", "elapsed": 21672.875658988953, "delta": 30.736029148101807}, "costs": {"total_cost": 995.0217633333909, "time_cost": 150, "final_distance_cost": 51.86006464739565, "oscillation_cost": 94.51709048444603, "completition_cost": 555.5555555555555, "overshoot_cost": 79.10675148598789, "power_cost": 34.22147836914063, "noise_cost": 29.76082279086521, "n_waypoints_completed": 4, "tot_waypoints": 9}}
{"target": -3276.7133783049544, "params": {"k_pid_pos": [2.0, 1.0, 0.9747499823570251], "k_pid_alt": [1.8693525791168213, 1.0, 0.9890677332878113], "k_pid_att": [0.0, 9.999999747378752e-05, 0.05938193202018738], "k_pid_yaw": [0.5, 1e-06, 0.1], "k_pid_hsp": [10.0, 0.019988954067230225, 0.009228169918060303], "k_pid_vsp": [386.5699768066406, 389.47216796875, 384.5345764160156]}, "datetime": {"datetime": "2025-08-11 22:27:03", "elapsed": 21702.93238210678, "delta": 30.05672311782837}, "costs": {"total_cost": 3276.7133783049544, "time_cost": 150, "final_distance_cost": 715.8383500436855, "oscillation_cost": 3.6653571029329024, "completition_cost": 1000.0, "overshoot_cost": 1279.0881295708605, "power_cost": 29.594355078125, "noise_cost": 98.52718650935041, "n_waypoints_completed": 0, "tot_waypoints": 9}}
{"target": -3967.3062041415515, "params": {"k_pid_pos": [2.0, 1.0, 1.0], "k_pid_alt": [2.0, 1.0, 0.9456091523170471], "k_pid_att": [0.0, 0.1470654010772705, 0.0], "k_pid_yaw": [0.5, 1e-06, 0.1], "k_pid_hsp": [10.0, 0.0, 0.0], "k_pid_vsp": [400.0, 400.0, 379.40838623046875]}, "datetime": {"datetime": "2025-08-11 22:27:34", "elapsed": 21733.52461028099, "delta": 30.592228174209595}, "costs": {"total_cost": 3967.3062041415515, "time_cost": 150, "final_distance_cost": 389.10371855975916, "oscillation_cost": 932.7770463141972, "completition_cost": 1000.0, "overshoot_cost": 1269.1297375002605, "power_cost": 58.0703344116211, "noise_cost": 168.22536735571404, "n_waypoints_completed": 0, "tot_waypoints": 9}}
{"target": -1443.172494598432, "params": {"k_pid_pos": [2.0, 0.9934890270233154, 0.987732470035553], "k_pid_alt": [2.0, 0.9695318937301636, 0.9587768912315369], "k_pid_att": [1.2469470500946045, 0.17455747723579407, 0.10576623678207397], "k_pid_yaw": [0.5, 1e-06, 0.1], "k_pid_hsp": [9.9830961227417, 0.00430569052696228, 0.0], "k_pid_vsp": [400.0, 394.4798278808594, 390.5945739746094]}, "datetime": {"datetime": "2025-08-11 22:28:05", "elapsed": 21764.740117311478, "delta": 31.21550703048706}, "costs": {"total_cost": 1443.172494598432, "time_cost": 150, "final_distance_cost": 0.9986752675766397, "oscillation_cost": 22.464978742520874, "completition_cost": 1000.0, "overshoot_cost": 152.10473879515487, "power_cost": 29.59915867919922, "noise_cost": 88.00494311398032, "n_waypoints_completed": 0, "tot_waypoints": 9}}
{"target": -1137.5333238377275, "params": {"k_pid_pos": [1.8687955141067505, 0.9146370887756348, 1.0], "k_pid_alt": [1.8334156274795532, 1.0, 0.9171640872955322], "k_pid_att": [8.208147048950195, 9.999999747378752e-05, 0.09796565771102905], "k_pid_yaw": [0.5, 1e-06, 0.1], "k_pid_hsp": [9.954574584960938, 0.0, 0.0266551673412323], "k_pid_vsp": [387.64666748046875, 400.0, 400.0]}, "datetime": {"datetime": "2025-08-11 22:28:36", "elapsed": 21795.424896240234, "delta": 30.684778928756714}, "costs": {"total_cost": 1137.5333238377275, "time_cost": 150, "final_distance_cost": 52.55038262445874, "oscillation_cost": 362.56993164013613, "completition_cost": 444.4444444444444, "overshoot_cost": 68.34173417639848, "power_cost": 31.44349742431641, "noise_cost": 28.183333527973346, "n_waypoints_completed": 5, "tot_waypoints": 9}}
{"target": -4583.5241734068995, "params": {"k_pid_pos": [1.9870911836624146, 0.9727569222450256, 0.9871292114257812], "k_pid_alt": [2.0, 1.0, 1.0], "k_pid_att": [0.0, 0.25917553901672363, 0.0], "k_pid_yaw": [0.5, 1e-06, 0.1], "k_pid_hsp": [10.0, 0.0, 0.0], "k_pid_vsp": [376.7467041015625, 400.0, 400.0]}, "datetime": {"datetime": "2025-08-11 22:29:06", "elapsed": 21826.312527179718, "delta": 30.887630939483643}, "costs": {"total_cost": 4583.5241734068995, "time_cost": 150, "final_distance_cost": 632.6221753651372, "oscillation_cost": 1219.2477549353468, "completition_cost": 1000.0, "overshoot_cost": 1350.5887350548362, "power_cost": 58.01304313964844, "noise_cost": 173.0524649119308, "n_waypoints_completed": 0, "tot_waypoints": 9}}
{"target": -1126.4356573774203, "params": {"k_pid_pos": [1.925343632698059, 0.9869759678840637, 1.0], "k_pid_alt": [2.0, 1.0, 0.9448278546333313], "k_pid_att": [6.40023946762085, 9.999999747378752e-05, 0.0], "k_pid_yaw": [0.5, 1e-06, 0.1], "k_pid_hsp": [9.571928024291992, 0.046424686908721924, 0.0], "k_pid_vsp": [400.0, 400.0, 377.7652587890625]}, "datetime": {"datetime": "2025-08-11 22:29:37", "elapsed": 21857.113134384155, "delta": 30.800607204437256}, "costs": {"total_cost": 1126.4356573774203, "time_cost": 150, "final_distance_cost": 63.050348912154355, "oscillation_cost": 449.81366183012716, "completition_cost": 333.33333333333337, "overshoot_cost": 68.6476006784118, "power_cost": 32.182549450683595, "noise_cost": 29.40816317270986, "n_waypoints_completed": 6, "tot_waypoints": 9}}
{"target": -1813.4234934269205, "params": {"k_pid_pos": [2.0, 1.0, 1.0], "k_pid_alt": [2.0, 0.9351488947868347, 0.9139755964279175], "k_pid_att": [5.0923051834106445, 0.0019167313585057855, 0.017471283674240112], "k_pid_yaw": [0.5, 1e-06, 0.1], "k_pid_hsp": [10.0, 0.027985602617263794, 0.0], "k_pid_vsp": [390.74102783203125, 393.4526062011719, 400.0]}, "datetime": {"datetime": "2025-08-11 22:30:07", "elapsed": 21887.043546438217, "delta": 29.93041205406189}, "costs": {"total_cost": 1813.4234934269205, "time_cost": 150, "final_distance_cost": 39.28214025100566, "oscillation_cost": 487.19701653496264, "completition_cost": 1000.0, "overshoot_cost": 77.7732277303408, "power_cost": 31.50622419433594, "noise_cost": 27.664884716275388, "n_waypoints_completed": 0, "tot_waypoints": 9}}
{"target": -8522.93052289877, "params": {"k_pid_pos": [2.0, 1.0, 0.9935241341590881], "k_pid_alt": [1.8190391063690186, 0.9486156702041626, 1.0], "k_pid_att": [0.0, 9.999999747378752e-05, 0.0], "k_pid_yaw": [0.5, 1e-06, 0.1], "k_pid_hsp": [9.789583206176758, 0.0, 0.049294620752334595], "k_pid_vsp": [365.12261962890625, 388.8458557128906, 394.7959899902344]}, "datetime": {"datetime": "2025-08-11 22:30:38", "elapsed": 21917.49841594696, "delta": 30.454869508743286}, "costs": {"total_cost": 8522.93052289877, "time_cost": 150, "final_distance_cost": 467.06801941220505, "oscillation_cost": 14.45843544690136, "completition_cost": 1000.0, "overshoot_cost": 6744.772999650098, "power_cost": 44.074895068359375, "noise_cost": 102.55617332120787, "n_waypoints_completed": 0, "tot_waypoints": 9}}
{"target": -4307.504876887506, "params": {"k_pid_pos": [1.8982199430465698, 0.9764602184295654, 0.9886494278907776], "k_pid_alt": [1.7168233394622803, 1.0, 1.0], "k_pid_att": [0.0, 0.46115368604660034, 0.0], "k_pid_yaw": [0.5, 1e-06, 0.1], "k_pid_hsp": [9.20907211303711, 0.11344069242477417, 0.03753635287284851], "k_pid_vsp": [389.6824951171875, 360.3194580078125, 378.47894287109375]}, "datetime": {"datetime": "2025-08-11 22:31:10", "elapsed": 21949.66505098343, "delta": 32.166635036468506}, "costs": {"total_cost": 4307.504876887506, "time_cost": 150, "final_distance_cost": 333.5662674813563, "oscillation_cost": 1809.237277269109, "completition_cost": 1000.0, "overshoot_cost": 783.9593154867468, "power_cost": 57.302581091308596, "noise_cost": 173.4394355589846, "n_waypoints_completed": 0, "tot_waypoints": 9}}
{"target": -820.840185319433, "params": {"k_pid_pos": [1.9979032278060913, 0.9909458756446838, 0.982193112373352], "k_pid_alt": [2.0, 0.9601563215255737, 1.0], "k_pid_att": [0.9041398763656616, 0.778599202632904, 0.0], "k_pid_yaw": [0.5, 1e-06, 0.1], "k_pid_hsp": [9.424605369567871, 0.0, 0.05496680736541748], "k_pid_vsp": [400.0, 399.7638854980469, 400.0]}, "datetime": {"datetime": "2025-08-11 22:31:41", "elapsed": 21980.42170405388, "delta": 30.75665307044983}, "costs": {"total_cost": 820.840185319433, "time_cost": 150, "final_distance_cost": 63.920590622298846, "oscillation_cost": 253.9798613978888, "completition_cost": 222.2222222222222, "overshoot_cost": 64.77397633220437, "power_cost": 35.88793107910156, "noise_cost": 30.055603665717133, "n_waypoints_completed": 7, "tot_waypoints": 9}}
{"target": -9729.43215359539, "params": {"k_pid_pos": [2.0, 0.9750109314918518, 1.0], "k_pid_alt": [2.0, 0.958741307258606, 1.0], "k_pid_att": [0.0, 9.999999747378752e-05, 0.0], "k_pid_yaw": [0.5, 1e-06, 0.1], "k_pid_hsp": [10.0, 0.0, 0.11214929819107056], "k_pid_vsp": [400.0, 400.0, 373.8233947753906]}, "datetime": {"datetime": "2025-08-11 22:32:11", "elapsed": 22011.143092632294, "delta": 30.721388578414917}, "costs": {"total_cost": 9729.43215359539, "time_cost": 150, "final_distance_cost": 882.6574466663351, "oscillation_cost": 14.952145429106418, "completition_cost": 1000.0, "overshoot_cost": 7526.479819471831, "power_cost": 48.66371284179688, "noise_cost": 106.67902918631926, "n_waypoints_completed": 0, "tot_waypoints": 9}}
{"target": -8352.388872674774, "params": {"k_pid_pos": [2.0, 0.9081918597221375, 0.998455286026001], "k_pid_alt": [1.9169085025787354, 0.9803117513656616, 1.0], "k_pid_att": [0.0, 9.999999747378752e-05, 0.003909587860107422], "k_pid_yaw": [0.5, 1e-06, 0.1], "k_pid_hsp": [9.7725191116333, 0.0, 0.0], "k_pid_vsp": [400.0, 400.0, 377.82537841796875]}, "datetime": {"datetime": "2025-08-11 22:32:42", "elapsed": 22042.134044647217, "delta": 30.990952014923096}, "costs": {"total_cost": 8352.388872674774, "time_cost": 150, "final_distance_cost": 1816.2863694246312, "oscillation_cost": 12.09840604484003, "completition_cost": 1000.0, "overshoot_cost": 5253.165618727174, "power_cost": 42.444171350097655, "noise_cost": 78.39430712803048, "n_waypoints_completed": 0, "tot_waypoints": 9}}
{"target": -8029.698235430567, "params": {"k_pid_pos": [1.967048168182373, 1.0, 1.0], "k_pid_alt": [1.855096697807312, 1.0, 0.9717829823493958], "k_pid_att": [0.0, 9.999999747378752e-05, 0.0], "k_pid_yaw": [0.5, 1e-06, 0.1], "k_pid_hsp": [10.0, 0.0, 0.0], "k_pid_vsp": [396.4857177734375, 397.02105712890625, 389.7711181640625]}, "datetime": {"datetime": "2025-08-11 22:33:13", "elapsed": 22072.876838207245, "delta": 30.742793560028076}, "costs": {"total_cost": 8029.698235430567, "time_cost": 150, "final_distance_cost": 1017.1008616061333, "oscillation_cost": 14.875374123908548, "completition_cost": 1000.0, "overshoot_cost": 5713.3099038173, "power_cost": 44.34973251953125, "noise_cost": 90.06236336369315, "n_waypoints_completed": 0, "tot_waypoints": 9}}
{"target": -1139.7139501101392, "params": {"k_pid_pos": [2.0, 1.0, 0.8746782541275024], "k_pid_alt": [2.0, 1.0, 1.0], "k_pid_att": [7.262367248535156, 0.24387191236019135, 0.0], "k_pid_yaw": [0.5, 1e-06, 0.1], "k_pid_hsp": [9.549397468566895, 0.0, 0.013310611248016357], "k_pid_vsp": [400.0, 364.5931396484375, 400.0]}, "datetime": {"datetime": "2025-08-11 22:33:43", "elapsed": 22103.346230983734, "delta": 30.469392776489258}, "costs": {"total_cost": 1139.7139501101392, "time_cost": 150, "final_distance_cost": 62.7268495541807, "oscillation_cost": 463.19994793983454, "completition_cost": 333.33333333333337, "overshoot_cost": 67.66761564299384, "power_cost": 32.68799816894531, "noise_cost": 30.098205470851354, "n_waypoints_completed": 6, "tot_waypoints": 9}}
{"target": -1483.2639848928993, "params": {"k_pid_pos": [1.9763436317443848, 1.0, 1.0], "k_pid_alt": [1.7832319736480713, 1.0, 0.9366534948348999], "k_pid_att": [1.8976718187332153, 9.999999747378752e-05, 0.0], "k_pid_yaw": [0.5, 1e-06, 0.1], "k_pid_hsp": [10.0, 0.0, 0.018463492393493652], "k_pid_vsp": [400.0, 400.0, 400.0]}, "datetime": {"datetime": "2025-08-11 22:34:14", "elapsed": 22133.572733163834, "delta": 30.226502180099487}, "costs": {"total_cost": 1483.2639848928993, "time_cost": 150, "final_distance_cost": 88.39529087218698, "oscillation_cost": 337.0225894474596, "completition_cost": 777.7777777777778, "overshoot_cost": 70.91511044854553, "power_cost": 32.12639079589844, "noise_cost": 27.026825551030583, "n_waypoints_completed": 2, "tot_waypoints": 9}}
{"target": -8225.927530623663, "params": {"k_pid_pos": [1.9132938385009766, 1.0, 1.0], "k_pid_alt": [1.8678162097930908, 1.0, 0.9899007678031921], "k_pid_att": [0.0, 9.999999747378752e-05, 0.0], "k_pid_yaw": [0.5, 1e-06, 0.1], "k_pid_hsp": [10.0, 0.011928945779800415, 0.0], "k_pid_vsp": [400.0, 393.48822021484375, 400.0]}, "datetime": {"datetime": "2025-08-11 22:34:44", "elapsed": 22164.05596470833, "delta": 30.48323154449463}, "costs": {"total_cost": 8225.927530623663, "time_cost": 150, "final_distance_cost": 953.1723048530237, "oscillation_cost": 14.809048216243108, "completition_cost": 1000.0, "overshoot_cost": 5969.644097337392, "power_cost": 44.46787779541016, "noise_cost": 93.83420242159472, "n_waypoints_completed": 0, "tot_waypoints": 9}}
{"target": -1306.0479812271894, "params": {"k_pid_pos": [1.8695400953292847, 0.9354507923126221, 0.9664433002471924], "k_pid_alt": [1.9916503429412842, 0.9750158786773682, 1.0], "k_pid_att": [7.68422794342041, 0.09821780025959015, 0.05959874391555786], "k_pid_yaw": [0.5, 1e-06, 0.1], "k_pid_hsp": [10.0, 0.0, 0.10046106576919556], "k_pid_vsp": [400.0, 378.7173156738281, 400.0]}, "datetime": {"datetime": "2025-08-11 22:35:15", "elapsed": 22194.726225852966, "delta": 30.67026114463806}, "costs": {"total_cost": 1306.0479812271894, "time_cost": 150, "final_distance_cost": 49.21414601407438, "oscillation_cost": 426.1062180064561, "completition_cost": 555.5555555555555, "overshoot_cost": 63.16877734365569, "power_cost": 32.21619597167969, "noise_cost": 29.787088335768033, "n_waypoints_completed": 4, "tot_waypoints": 9}}
{"target": -4261.868004755882, "params": {"k_pid_pos": [1.9691920280456543, 1.0, 1.0], "k_pid_alt": [1.913347601890564, 1.0, 0.9720128178596497], "k_pid_att": [0.0, 0.2950655221939087, 0.013254940509796143], "k_pid_yaw": [0.5, 1e-06, 0.1], "k_pid_hsp": [9.611955642700195, 0.0, 0.06841197609901428], "k_pid_vsp": [400.0, 396.036376953125, 400.0]}, "datetime": {"datetime": "2025-08-11 22:35:45", "elapsed": 22224.87502026558, "delta": 30.148794412612915}, "costs": {"total_cost": 4261.868004755882, "time_cost": 150, "final_distance_cost": 415.09018478998337, "oscillation_cost": 1282.0469858743625, "completition_cost": 1000.0, "overshoot_cost": 1187.3035214965428, "power_cost": 57.319954602050785, "noise_cost": 170.1073579929417, "n_waypoints_completed": 0, "tot_waypoints": 9}}
