{"target": -1117.9815669676311, "params": {"k_pid_pos": [1.800189733505249, 1.0, 1.0], "k_pid_alt": [2.0, 0.995141863822937, 1.0], "k_pid_att": [0.3070235252380371, 9.999999747378752e-05, 0.0], "k_pid_yaw": [0.5, 1e-06, 0.1], "k_pid_hsp": [9.962851524353027, 0.03195062279701233, 0.008349031209945679], "k_pid_vsp": [384.8145446777344, 400.0, 391.6506042480469]}, "datetime": {"datetime": "2025-08-12 01:39:55", "elapsed": 33275.333109378815, "delta": 30.36459732055664}, "costs": {"total_cost": 1117.9815669676311, "time_cost": 150, "final_distance_cost": 54.50657470493051, "oscillation_cost": 101.52738353748674, "completition_cost": 666.6666666666667, "overshoot_cost": 80.25646200606752, "power_cost": 34.56764055175781, "noise_cost": 30.456839500721674, "n_waypoints_completed": 3, "tot_waypoints": 9}}
{"target": -1663.3628642712104, "params": {"k_pid_pos": [2.0, 0.9903807640075684, 1.0], "k_pid_alt": [2.0, 0.9849539399147034, 0.9782631993293762], "k_pid_att": [3.2579689025878906, 9.999999747378752e-05, 0.07648959755897522], "k_pid_yaw": [0.5, 1e-06, 0.1], "k_pid_hsp": [9.996370315551758, 0.04646751284599304, 0.02641347050666809], "k_pid_vsp": [400.0, 392.8121643066406, 387.5436706542969]}, "datetime": {"datetime": "2025-08-12 01:40:26", "elapsed": 33306.27918958664, "delta": 30.946080207824707}, "costs": {"total_cost": 1663.3628642712104, "time_cost": 150, "final_distance_cost": 0.9974118169626147, "oscillation_cost": 236.6573837310645, "completition_cost": 1000.0, "overshoot_cost": 154.7307631648818, "power_cost": 29.74682889404297, "noise_cost": 91.2304766642584, "n_waypoints_completed": 0, "tot_waypoints": 9}}
{"target": -1728.052436104502, "params": {"k_pid_pos": [1.9841676950454712, 1.0, 1.0], "k_pid_alt": [2.0, 0.965351939201355, 0.929025411605835], "k_pid_att": [2.571579933166504, 9.999999747378752e-05, 0.05356582999229431], "k_pid_yaw": [0.5, 1e-06, 0.1], "k_pid_hsp": [10.0, 0.08491939306259155, 0.0], "k_pid_vsp": [400.0, 367.7008056640625, 400.0]}, "datetime": {"datetime": "2025-08-12 01:40:57", "elapsed": 33336.884452581406, "delta": 30.605262994766235}, "costs": {"total_cost": 1728.052436104502, "time_cost": 150, "final_distance_cost": 0.9988484013584878, "oscillation_cost": 284.8034182171102, "completition_cost": 1000.0, "overshoot_cost": 159.7548421652039, "power_cost": 29.388809094238283, "noise_cost": 103.10651822659118, "n_waypoints_completed": 0, "tot_waypoints": 9}}
{"target": -4308.684844873323, "params": {"k_pid_pos": [1.897257685661316, 1.0, 0.9663490653038025], "k_pid_alt": [1.9586126804351807, 1.0, 1.0], "k_pid_att": [0.0, 0.1463853269815445, 0.03489029407501221], "k_pid_yaw": [0.5, 1e-06, 0.1], "k_pid_hsp": [10.0, 0.0721280574798584, 0.020140498876571655], "k_pid_vsp": [400.0, 400.0, 383.6110534667969]}, "datetime": {"datetime": "2025-08-12 01:41:29", "elapsed": 33369.1108174324, "delta": 32.226364850997925}, "costs": {"total_cost": 4308.684844873323, "time_cost": 150, "final_distance_cost": 596.1221472278398, "oscillation_cost": 803.3302180450488, "completition_cost": 1000.0, "overshoot_cost": 1535.629605926569, "power_cost": 57.93611237792969, "noise_cost": 165.66676129593515, "n_waypoints_completed": 0, "tot_waypoints": 9}}
{"target": -1067.889393937223, "params": {"k_pid_pos": [1.8993529081344604, 0.9681211709976196, 0.9997692108154297], "k_pid_alt": [1.9168446063995361, 0.959068775177002, 0.9732373952865601], "k_pid_att": [0.3919333219528198, 0.37747883796691895, 0.0], "k_pid_yaw": [0.5, 1e-06, 0.1], "k_pid_hsp": [10.0, 0.0, 0.0], "k_pid_vsp": [400.0, 400.0, 400.0]}, "datetime": {"datetime": "2025-08-12 01:42:00", "elapsed": 33400.01430559158, "delta": 30.903488159179688}, "costs": {"total_cost": 1067.889393937223, "time_cost": 150, "final_distance_cost": 45.0741592724496, "oscillation_cost": 186.51296065282568, "completition_cost": 555.5555555555555, "overshoot_cost": 55.2113808033624, "power_cost": 42.47326618652344, "noise_cost": 33.062071466506474, "n_waypoints_completed": 4, "tot_waypoints": 9}}
{"target": -8230.12516641305, "params": {"k_pid_pos": [2.0, 0.9814921021461487, 0.9721399545669556], "k_pid_alt": [2.0, 1.0, 1.0], "k_pid_att": [0.0, 9.999999747378752e-05, 0.0], "k_pid_yaw": [0.5, 1e-06, 0.1], "k_pid_hsp": [10.0, 0.007488459348678589, 0.012300372123718262], "k_pid_vsp": [400.0, 398.89862060546875, 400.0]}, "datetime": {"datetime": "2025-08-12 01:42:31", "elapsed": 33430.58443284035, "delta": 30.570127248764038}, "costs": {"total_cost": 8230.12516641305, "time_cost": 150, "final_distance_cost": 975.2182765822041, "oscillation_cost": 14.77020730057184, "completition_cost": 1000.0, "overshoot_cost": 5951.608007891821, "power_cost": 44.6860781616211, "noise_cost": 93.84259647683233, "n_waypoints_completed": 0, "tot_waypoints": 9}}
{"target": -1222.1188519113311, "params": {"k_pid_pos": [2.0, 1.0, 1.0], "k_pid_alt": [1.9288170337677002, 1.0, 1.0], "k_pid_att": [2.6091575622558594, 9.999999747378752e-05, 0.0], "k_pid_yaw": [0.5, 1e-06, 0.1], "k_pid_hsp": [10.0, 0.0, 0.02937418222427368], "k_pid_vsp": [400.0, 400.0, 392.4306335449219]}, "datetime": {"datetime": "2025-08-12 01:43:02", "elapsed": 33461.518426418304, "delta": 30.933993577957153}, "costs": {"total_cost": 1222.1188519113311, "time_cost": 150, "final_distance_cost": 42.695208949734976, "oscillation_cost": 341.98089295505446, "completition_cost": 555.5555555555555, "overshoot_cost": 70.2432205351343, "power_cost": 32.7070947631836, "noise_cost": 28.936879152668048, "n_waypoints_completed": 4, "tot_waypoints": 9}}
{"target": -1589.6688679609945, "params": {"k_pid_pos": [2.0, 1.0, 0.962950587272644], "k_pid_alt": [2.0, 1.0, 0.9528920650482178], "k_pid_att": [1.0518670082092285, 9.999999747378752e-05, 0.0], "k_pid_yaw": [0.5, 1e-06, 0.1], "k_pid_hsp": [9.313471794128418, 0.012744933366775513, 0.0], "k_pid_vsp": [391.998291015625, 379.15972900390625, 400.0]}, "datetime": {"datetime": "2025-08-12 01:43:33", "elapsed": 33492.40338754654, "delta": 30.884961128234863}, "costs": {"total_cost": 1589.6688679609945, "time_cost": 150, "final_distance_cost": 34.25154834651229, "oscillation_cost": 269.3206521520937, "completition_cost": 1000.0, "overshoot_cost": 77.89659872618917, "power_cost": 31.367526965332033, "noise_cost": 26.832541770867333, "n_waypoints_completed": 0, "tot_waypoints": 9}}
{"target": -5832.4041404032905, "params": {"k_pid_pos": [1.9018807411193848, 0.9078896045684814, 1.0], "k_pid_alt": [1.8694459199905396, 0.908937394618988, 1.0], "k_pid_att": [0.0, 1.1148605346679688, 0.003142744302749634], "k_pid_yaw": [0.5, 1e-06, 0.1], "k_pid_hsp": [10.0, 0.020221292972564697, 0.0], "k_pid_vsp": [400.0, 397.6891174316406, 399.5597229003906]}, "datetime": {"datetime": "2025-08-12 01:44:03", "elapsed": 33523.19687414169, "delta": 30.79348659515381}, "costs": {"total_cost": 5832.4041404032905, "time_cost": 150, "final_distance_cost": 1098.9864586359324, "oscillation_cost": 2248.6425088904552, "completition_cost": 1000.0, "overshoot_cost": 1104.6281728041727, "power_cost": 56.76895848388672, "noise_cost": 173.37804158884305, "n_waypoints_completed": 0, "tot_waypoints": 9}}
{"target": -7120.553602044525, "params": {"k_pid_pos": [1.9499050378799438, 0.9632443189620972, 0.985359251499176], "k_pid_alt": [2.0, 1.0, 1.0], "k_pid_att": [0.0, 9.999999747378752e-05, 0.016399085521697998], "k_pid_yaw": [0.5, 1e-06, 0.1], "k_pid_hsp": [9.441486358642578, 0.0, 0.0], "k_pid_vsp": [400.0, 400.0, 389.2132873535156]}, "datetime": {"datetime": "2025-08-12 01:44:34", "elapsed": 33554.196498155594, "delta": 30.999624013900757}, "costs": {"total_cost": 7120.553602044525, "time_cost": 150, "final_distance_cost": 2172.1998595062846, "oscillation_cost": 7.959549421650346, "completition_cost": 1000.0, "overshoot_cost": 3685.2413750568603, "power_cost": 35.67205336914063, "noise_cost": 69.48076469058928, "n_waypoints_completed": 0, "tot_waypoints": 9}}
{"target": -4081.2761546556203, "params": {"k_pid_pos": [2.0, 1.0, 0.9891356229782104], "k_pid_alt": [1.9455029964447021, 1.0, 0.9596481919288635], "k_pid_att": [0.0, 0.4366668462753296, 0.0], "k_pid_yaw": [0.5, 1e-06, 0.1], "k_pid_hsp": [10.0, 0.0, 0.016318023204803467], "k_pid_vsp": [400.0, 400.0, 387.5614013671875]}, "datetime": {"datetime": "2025-08-12 01:45:05", "elapsed": 33584.58706712723, "delta": 30.39056897163391}, "costs": {"total_cost": 4081.2761546556203, "time_cost": 150, "final_distance_cost": 228.27133832692033, "oscillation_cost": 1742.4552371414572, "completition_cost": 1000.0, "overshoot_cost": 730.0476922403924, "power_cost": 57.446638891601566, "noise_cost": 173.0552480552488, "n_waypoints_completed": 0, "tot_waypoints": 9}}
{"target": -1291.8658018812375, "params": {"k_pid_pos": [1.8929003477096558, 0.9254088401794434, 1.0], "k_pid_alt": [2.0, 1.0, 1.0], "k_pid_att": [1.5308231115341187, 9.999999747378752e-05, 0.0], "k_pid_yaw": [0.5, 1e-06, 0.1], "k_pid_hsp": [10.0, 0.0, 0.0], "k_pid_vsp": [400.0, 391.7518310546875, 376.706298828125]}, "datetime": {"datetime": "2025-08-12 01:45:36", "elapsed": 33615.80490040779, "delta": 31.217833280563354}, "costs": {"total_cost": 1291.8658018812375, "time_cost": 150, "final_distance_cost": 52.24636031752956, "oscillation_cost": 287.3695147889046, "completition_cost": 666.6666666666667, "overshoot_cost": 74.65226809945669, "power_cost": 32.26427072753906, "noise_cost": 28.66672128114081, "n_waypoints_completed": 3, "tot_waypoints": 9}}
{"target": -4107.523320985415, "params": {"k_pid_pos": [2.0, 0.9814101457595825, 0.9980984926223755], "k_pid_alt": [1.8660733699798584, 1.0, 1.0], "k_pid_att": [0.0, 0.6368414163589478, 0.0329301655292511], "k_pid_yaw": [0.5, 1e-06, 0.1], "k_pid_hsp": [9.430008888244629, 0.0, 0.0], "k_pid_vsp": [400.0, 399.62042236328125, 395.60235595703125]}, "datetime": {"datetime": "2025-08-12 01:46:06", "elapsed": 33646.26418209076, "delta": 30.45928168296814}, "costs": {"total_cost": 4107.523320985415, "time_cost": 150, "final_distance_cost": 183.49117787776373, "oscillation_cost": 2001.931257118836, "completition_cost": 1000.0, "overshoot_cost": 542.1899007301615, "power_cost": 57.203535559082034, "noise_cost": 172.70744969957107, "n_waypoints_completed": 0, "tot_waypoints": 9}}
{"target": -4196.167076267677, "params": {"k_pid_pos": [2.0, 0.9313211441040039, 0.9487103819847107], "k_pid_alt": [1.807779312133789, 0.9509104490280151, 0.9732317924499512], "k_pid_att": [0.0, 0.31230777502059937, 0.0], "k_pid_yaw": [0.5, 1e-06, 0.1], "k_pid_hsp": [10.0, 0.09256938099861145, 0.0025900602340698242], "k_pid_vsp": [391.187744140625, 400.0, 400.0]}, "datetime": {"datetime": "2025-08-12 01:46:37", "elapsed": 33677.12474679947, "delta": 30.860564708709717}, "costs": {"total_cost": 4196.167076267677, "time_cost": 150, "final_distance_cost": 308.6582874039599, "oscillation_cost": 1525.2496670326295, "completition_cost": 1000.0, "overshoot_cost": 981.2468168855194, "power_cost": 57.7065324584961, "noise_cost": 173.3057724870723, "n_waypoints_completed": 0, "tot_waypoints": 9}}
{"target": -4835.55222961438, "params": {"k_pid_pos": [2.0, 0.9336801767349243, 0.9736927151679993], "k_pid_alt": [1.985527753829956, 1.0, 1.0], "k_pid_att": [0.0, 0.06390047073364258, 0.06272107362747192], "k_pid_yaw": [0.5, 1e-06, 0.1], "k_pid_hsp": [10.0, 0.0021356046199798584, 0.0], "k_pid_vsp": [400.0, 393.8597106933594, 395.0046081542969]}, "datetime": {"datetime": "2025-08-12 01:47:07", "elapsed": 33707.31346130371, "delta": 30.188714504241943}, "costs": {"total_cost": 4835.55222961438, "time_cost": 150, "final_distance_cost": 816.8682250776205, "oscillation_cost": 490.71214810823085, "completition_cost": 1000.0, "overshoot_cost": 2158.4770615233824, "power_cost": 57.72639682617188, "noise_cost": 161.76839807897454, "n_waypoints_completed": 0, "tot_waypoints": 9}}
{"target": -1118.0621288545385, "params": {"k_pid_pos": [2.0, 1.0, 0.9965484738349915], "k_pid_alt": [2.0, 0.9800432920455933, 0.9954190254211426], "k_pid_att": [6.418371200561523, 9.999999747378752e-05, 0.0], "k_pid_yaw": [0.5, 1e-06, 0.1], "k_pid_hsp": [10.0, 0.03260791301727295, 0.002917647361755371], "k_pid_vsp": [400.0, 400.0, 396.31414794921875]}, "datetime": {"datetime": "2025-08-12 01:47:39", "elapsed": 33738.51048350334, "delta": 31.197022199630737}, "costs": {"total_cost": 1118.0621288545385, "time_cost": 150, "final_distance_cost": 63.31895435466683, "oscillation_cost": 442.08693397248027, "completition_cost": 333.33333333333337, "overshoot_cost": 66.92857391865309, "power_cost": 32.587815563964845, "noise_cost": 29.806517711440208, "n_waypoints_completed": 6, "tot_waypoints": 9}}
{"target": -1209.993880596085, "params": {"k_pid_pos": [2.0, 0.960334062576294, 0.9277398586273193], "k_pid_alt": [2.0, 0.94648277759552, 0.9541970491409302], "k_pid_att": [5.7740092277526855, 9.999999747378752e-05, 0.01486504077911377], "k_pid_yaw": [0.5, 1e-06, 0.1], "k_pid_hsp": [10.0, 0.0, 0.007229447364807129], "k_pid_vsp": [392.51837158203125, 400.0, 399.62567138671875]}, "datetime": {"datetime": "2025-08-12 01:48:09", "elapsed": 33768.609457969666, "delta": 30.098974466323853}, "costs": {"total_cost": 1209.993880596085, "time_cost": 150, "final_distance_cost": 56.17894289761927, "oscillation_cost": 428.78118711729195, "completition_cost": 444.4444444444444, "overshoot_cost": 68.94148138544085, "power_cost": 32.18898546142578, "noise_cost": 29.4588392898628, "n_waypoints_completed": 5, "tot_waypoints": 9}}
{"target": -1583.3228692637908, "params": {"k_pid_pos": [2.0, 1.0, 0.9811394810676575], "k_pid_alt": [2.0, 0.9966400861740112, 1.0], "k_pid_att": [4.957809925079346, 9.999999747378752e-05, 0.01959127187728882], "k_pid_yaw": [0.5, 1e-06, 0.1], "k_pid_hsp": [9.34955883026123, 0.028384268283843994, 0.0], "k_pid_vsp": [400.0, 400.0, 400.0]}, "datetime": {"datetime": "2025-08-12 01:48:39", "elapsed": 33799.270971775055, "delta": 30.661513805389404}, "costs": {"total_cost": 1583.3228692637908, "time_cost": 150, "final_distance_cost": 67.18646623811223, "oscillation_cost": 455.6424734202544, "completition_cost": 777.7777777777778, "overshoot_cost": 73.80613620527608, "power_cost": 31.351129565429687, "noise_cost": 27.558886056940437, "n_waypoints_completed": 2, "tot_waypoints": 9}}
{"target": -1817.440974590688, "params": {"k_pid_pos": [2.0, 1.0, 1.0], "k_pid_alt": [2.0, 1.0, 0.9932944178581238], "k_pid_att": [6.357526779174805, 0.03128811717033386, 0.06768077611923218], "k_pid_yaw": [0.5, 1e-06, 0.1], "k_pid_hsp": [9.928132057189941, 0.020738929510116577, 0.002679109573364258], "k_pid_vsp": [377.8590087890625, 400.0, 400.0]}, "datetime": {"datetime": "2025-08-12 01:49:09", "elapsed": 33829.00098991394, "delta": 29.730018138885498}, "costs": {"total_cost": 1817.440974590688, "time_cost": 150, "final_distance_cost": 0.9993075090965128, "oscillation_cost": 414.20545142722443, "completition_cost": 1000.0, "overshoot_cost": 150.20810109679752, "power_cost": 30.64799997558594, "noise_cost": 71.38011458198363, "n_waypoints_completed": 0, "tot_waypoints": 9}}
{"target": -4264.646956665247, "params": {"k_pid_pos": [2.0, 1.0, 1.0], "k_pid_alt": [1.972543716430664, 0.977669358253479, 0.9484884738922119], "k_pid_att": [0.0, 9.999999747378752e-05, 0.04956859350204468], "k_pid_yaw": [0.5, 1e-06, 0.1], "k_pid_hsp": [8.722344398498535, 0.0420914888381958, 0.0], "k_pid_vsp": [373.5358581542969, 378.900634765625, 393.177734375]}, "datetime": {"datetime": "2025-08-12 01:49:39", "elapsed": 33859.34075856209, "delta": 30.339768648147583}, "costs": {"total_cost": 4264.646956665247, "time_cost": 150, "final_distance_cost": 731.5551734751631, "oscillation_cost": 4.164508159252938, "completition_cost": 1000.0, "overshoot_cost": 2256.6540366326594, "power_cost": 29.818690759277345, "noise_cost": 92.45454763889421, "n_waypoints_completed": 0, "tot_waypoints": 9}}
{"target": -8255.460688149664, "params": {"k_pid_pos": [2.0, 0.9524276852607727, 1.0], "k_pid_alt": [1.8247756958007812, 0.9760339856147766, 1.0], "k_pid_att": [0.0, 9.999999747378752e-05, 0.0], "k_pid_yaw": [0.5, 1e-06, 0.1], "k_pid_hsp": [10.0, 0.11650064587593079, 0.0], "k_pid_vsp": [387.2866516113281, 398.30224609375, 400.0]}, "datetime": {"datetime": "2025-08-12 01:50:11", "elapsed": 33890.41345691681, "delta": 31.07269835472107}, "costs": {"total_cost": 8255.460688149664, "time_cost": 150, "final_distance_cost": 924.9246433671779, "oscillation_cost": 14.699339324261668, "completition_cost": 1000.0, "overshoot_cost": 6025.878987235344, "power_cost": 44.31079979248047, "noise_cost": 95.64691843040028, "n_waypoints_completed": 0, "tot_waypoints": 9}}
{"target": -4971.984345632231, "params": {"k_pid_pos": [2.0, 1.0, 1.0], "k_pid_alt": [1.8082058429718018, 1.0, 1.0], "k_pid_att": [0.0, 0.48556244373321533, 0.024626612663269043], "k_pid_yaw": [0.5, 1e-06, 0.1], "k_pid_hsp": [9.768823623657227, 0.037191033363342285, 0.08247333765029907], "k_pid_vsp": [397.44451904296875, 400.0, 394.76141357421875]}, "datetime": {"datetime": "2025-08-12 01:50:42", "elapsed": 33921.527329683304, "delta": 31.11387276649475}, "costs": {"total_cost": 4971.984345632231, "time_cost": 150, "final_distance_cost": 445.61835245106516, "oscillation_cost": 1781.460137476609, "completition_cost": 1000.0, "overshoot_cost": 1364.6063957295562, "power_cost": 57.57940693359375, "noise_cost": 172.72005304140728, "n_waypoints_completed": 0, "tot_waypoints": 9}}
{"target": -1515.3037099027445, "params": {"k_pid_pos": [1.8304630517959595, 0.9218440651893616, 0.9490282535552979], "k_pid_alt": [2.0, 1.0, 0.9820598363876343], "k_pid_att": [2.6021690368652344, 0.2203289121389389, 0.07657527923583984], "k_pid_yaw": [0.5, 1e-06, 0.1], "k_pid_hsp": [10.0, 0.0, 0.005717158317565918], "k_pid_vsp": [368.35565185546875, 396.03680419921875, 400.0]}, "datetime": {"datetime": "2025-08-12 01:51:15", "elapsed": 33954.50176501274, "delta": 32.974435329437256}, "costs": {"total_cost": 1515.3037099027445, "time_cost": 150, "final_distance_cost": 0.9994459443952772, "oscillation_cost": 69.95912435530903, "completition_cost": 1000.0, "overshoot_cost": 160.11501945342152, "power_cost": 29.319948767089844, "noise_cost": 104.91017138252867, "n_waypoints_completed": 0, "tot_waypoints": 9}}
{"target": -1679.9128371566364, "params": {"k_pid_pos": [2.0, 0.9604697227478027, 1.0], "k_pid_alt": [1.8099489212036133, 0.9904508590698242, 1.0], "k_pid_att": [5.926644802093506, 0.027010928839445114, 0.07870060205459595], "k_pid_yaw": [0.5, 1e-06, 0.1], "k_pid_hsp": [9.888554573059082, 0.0, 0.0], "k_pid_vsp": [393.2200012207031, 391.3688049316406, 366.9432678222656]}, "datetime": {"datetime": "2025-08-12 01:51:46", "elapsed": 33985.73366332054, "delta": 31.231898307800293}, "costs": {"total_cost": 1679.9128371566364, "time_cost": 150, "final_distance_cost": 15.251666841108202, "oscillation_cost": 358.54673449694866, "completition_cost": 1000.0, "overshoot_cost": 98.6406663749825, "power_cost": 30.305028173828127, "noise_cost": 27.168741269769125, "n_waypoints_completed": 0, "tot_waypoints": 9}}
{"target": -1657.8119893549542, "params": {"k_pid_pos": [2.0, 0.9123371839523315, 1.0], "k_pid_alt": [2.0, 1.0, 1.0], "k_pid_att": [1.644885540008545, 9.999999747378752e-05, 0.021366745233535767], "k_pid_yaw": [0.5, 1e-06, 0.1], "k_pid_hsp": [10.0, 0.0014069676399230957, 0.0579548180103302], "k_pid_vsp": [389.2974853515625, 400.0, 400.0]}, "datetime": {"datetime": "2025-08-12 01:52:17", "elapsed": 34016.543785095215, "delta": 30.810121774673462}, "costs": {"total_cost": 1657.8119893549542, "time_cost": 150, "final_distance_cost": 19.907427502165483, "oscillation_cost": 316.0473454531505, "completition_cost": 1000.0, "overshoot_cost": 114.56951048591556, "power_cost": 31.12167060546875, "noise_cost": 26.1660353082539, "n_waypoints_completed": 0, "tot_waypoints": 9}}
{"target": -4542.995809924472, "params": {"k_pid_pos": [2.0, 0.8812780380249023, 1.0], "k_pid_alt": [1.910954475402832, 0.9347259402275085, 0.9308093786239624], "k_pid_att": [0.0, 0.2285119593143463, 0.0], "k_pid_yaw": [0.5, 1e-06, 0.1], "k_pid_hsp": [9.853798866271973, 0.0, 0.0], "k_pid_vsp": [379.01605224609375, 400.0, 384.59442138671875]}, "datetime": {"datetime": "2025-08-12 01:52:47", "elapsed": 34047.006464481354, "delta": 30.462679386138916}, "costs": {"total_cost": 4542.995809924472, "time_cost": 150, "final_distance_cost": 532.6430026019453, "oscillation_cost": 1206.8125975109863, "completition_cost": 1000.0, "overshoot_cost": 1423.2084465689875, "power_cost": 58.06088732910157, "noise_cost": 172.27087591345173, "n_waypoints_completed": 0, "tot_waypoints": 9}}
{"target": -4115.216969310602, "params": {"k_pid_pos": [2.0, 0.9994587898254395, 0.9688007831573486], "k_pid_alt": [2.0, 1.0, 1.0], "k_pid_att": [0.0, 9.999999747378752e-05, 0.04312834143638611], "k_pid_yaw": [0.5, 1e-06, 0.1], "k_pid_hsp": [10.0, 0.0059090256690979, 0.0], "k_pid_vsp": [389.2318115234375, 395.7157897949219, 397.9665222167969]}, "datetime": {"datetime": "2025-08-12 01:53:18", "elapsed": 34078.31266617775, "delta": 31.306201696395874}, "costs": {"total_cost": 4115.216969310602, "time_cost": 150, "final_distance_cost": 614.415860796445, "oscillation_cost": 4.519954105849548, "completition_cost": 1000.0, "overshoot_cost": 2228.7456899028803, "power_cost": 30.345103137207033, "noise_cost": 87.19036136821987, "n_waypoints_completed": 0, "tot_waypoints": 9}}
