{"target": -2867.9012279361477, "params": {"k_pid_pos": [1.9176578521728516, 0.9717115163803101, 0.9602090120315552], "k_pid_alt": [2.0, 1.0, 1.0], "k_pid_att": [0.0, 9.999999747378752e-05, 0.08511099219322205], "k_pid_yaw": [0.5, 1e-06, 0.1], "k_pid_hsp": [9.7587890625, 0.0, 0.005547970533370972], "k_pid_vsp": [400.0, 398.3941955566406, 400.0]}, "datetime": {"datetime": "2025-08-11 23:32:39", "elapsed": 25638.823337078094, "delta": 30.914758682250977}, "costs": {"total_cost": 2867.9012279361477, "time_cost": 150, "final_distance_cost": 605.5338306367584, "oscillation_cost": 3.5972876560537808, "completition_cost": 1000.0, "overshoot_cost": 965.7563425002149, "power_cost": 29.20671951904297, "noise_cost": 113.80704762407774, "n_waypoints_completed": 0, "tot_waypoints": 9}}
{"target": -5096.994245674261, "params": {"k_pid_pos": [2.0, 1.0, 1.0], "k_pid_alt": [1.9510858058929443, 0.9650752544403076, 0.9844522476196289], "k_pid_att": [0.0, 0.15943652391433716, 0.0445176362991333], "k_pid_yaw": [0.5, 1e-06, 0.1], "k_pid_hsp": [10.0, 0.0, 0.07406634092330933], "k_pid_vsp": [388.937744140625, 400.0, 400.0]}, "datetime": {"datetime": "2025-08-11 23:33:10", "elapsed": 25669.613983392715, "delta": 30.79064631462097}, "costs": {"total_cost": 5096.994245674261, "time_cost": 150, "final_distance_cost": 872.1335460139045, "oscillation_cost": 883.6367323301777, "completition_cost": 1000.0, "overshoot_cost": 1967.0485222315112, "power_cost": 57.43834736328125, "noise_cost": 166.737097735386, "n_waypoints_completed": 0, "tot_waypoints": 9}}
{"target": -8119.376188175373, "params": {"k_pid_pos": [1.930944561958313, 0.9933161735534668, 0.9840102791786194], "k_pid_alt": [2.0, 0.9823824167251587, 1.0], "k_pid_att": [0.0, 9.999999747378752e-05, 0.0], "k_pid_yaw": [0.5, 1e-06, 0.1], "k_pid_hsp": [9.73585033416748, 0.021520793437957764, 0.0], "k_pid_vsp": [400.0, 400.0, 400.0]}, "datetime": {"datetime": "2025-08-11 23:33:41", "elapsed": 25701.130383729935, "delta": 31.51640033721924}, "costs": {"total_cost": 8119.376188175373, "time_cost": 150, "final_distance_cost": 923.1787223147536, "oscillation_cost": 14.795808497804382, "completition_cost": 1000.0, "overshoot_cost": 5894.506391407565, "power_cost": 44.16695964355469, "noise_cost": 92.72830631169506, "n_waypoints_completed": 0, "tot_waypoints": 9}}
{"target": -1413.1188065792294, "params": {"k_pid_pos": [1.8914960622787476, 1.0, 0.951680064201355], "k_pid_alt": [1.8563024997711182, 0.9421907067298889, 0.99977707862854], "k_pid_att": [3.8775534629821777, 9.999999747378752e-05, 0.0], "k_pid_yaw": [0.5, 1e-06, 0.1], "k_pid_hsp": [9.52076530456543, 0.0, 0.05794703960418701], "k_pid_vsp": [368.01043701171875, 400.0, 400.0]}, "datetime": {"datetime": "2025-08-11 23:34:12", "elapsed": 25731.89755010605, "delta": 30.76716637611389}, "costs": {"total_cost": 1413.1188065792294, "time_cost": 150, "final_distance_cost": 52.313655567966265, "oscillation_cost": 411.2051021489204, "completition_cost": 666.6666666666667, "overshoot_cost": 71.1979710963933, "power_cost": 32.56694659423828, "noise_cost": 29.168464505044494, "n_waypoints_completed": 3, "tot_waypoints": 9}}
{"target": -1211.803612112587, "params": {"k_pid_pos": [1.9263702630996704, 1.0, 0.9478599429130554], "k_pid_alt": [1.9794702529907227, 1.0, 0.9964808225631714], "k_pid_att": [4.857402801513672, 0.15043601393699646, 0.0], "k_pid_yaw": [0.5, 1e-06, 0.1], "k_pid_hsp": [10.0, 0.0, 0.0], "k_pid_vsp": [396.833740234375, 400.0, 383.5140686035156]}, "datetime": {"datetime": "2025-08-11 23:34:42", "elapsed": 25762.177188634872, "delta": 30.279638528823853}, "costs": {"total_cost": 1211.803612112587, "time_cost": 150, "final_distance_cost": 55.854069689928565, "oscillation_cost": 434.836388948923, "completition_cost": 444.4444444444444, "overshoot_cost": 66.40376589425918, "power_cost": 32.228751989746094, "noise_cost": 28.036191145285763, "n_waypoints_completed": 5, "tot_waypoints": 9}}
{"target": -8290.815721935285, "params": {"k_pid_pos": [1.936191439628601, 1.0, 1.0], "k_pid_alt": [1.9802448749542236, 1.0, 0.9672070741653442], "k_pid_att": [0.0, 9.999999747378752e-05, 0.0], "k_pid_yaw": [0.5, 1e-06, 0.1], "k_pid_hsp": [10.0, 0.010517150163650513, 0.00222933292388916], "k_pid_vsp": [387.4737854003906, 400.0, 400.0]}, "datetime": {"datetime": "2025-08-11 23:35:13", "elapsed": 25793.13961291313, "delta": 30.962424278259277}, "costs": {"total_cost": 8290.815721935285, "time_cost": 150, "final_distance_cost": 886.9820015448498, "oscillation_cost": 14.736676409294654, "completition_cost": 1000.0, "overshoot_cost": 6098.146515428989, "power_cost": 44.45133950195313, "noise_cost": 96.4991890501994, "n_waypoints_completed": 0, "tot_waypoints": 9}}
{"target": -2826.523203445437, "params": {"k_pid_pos": [2.0, 0.9907667636871338, 0.954872727394104], "k_pid_alt": [1.9646475315093994, 1.0, 1.0], "k_pid_att": [0.0, 9.999999747378752e-05, 0.09929963946342468], "k_pid_yaw": [0.5, 1e-06, 0.1], "k_pid_hsp": [9.180829048156738, 0.0, 0.0], "k_pid_vsp": [400.0, 380.16339111328125, 399.7881774902344]}, "datetime": {"datetime": "2025-08-11 23:35:43", "elapsed": 25823.341967582703, "delta": 30.202354669570923}, "costs": {"total_cost": 2826.523203445437, "time_cost": 150, "final_distance_cost": 423.19866708453884, "oscillation_cost": 3.2382361884498434, "completition_cost": 1000.0, "overshoot_cost": 1107.3907888205267, "power_cost": 29.215834960937503, "noise_cost": 113.47967639098418, "n_waypoints_completed": 0, "tot_waypoints": 9}}
{"target": -5419.740343363111, "params": {"k_pid_pos": [2.0, 1.0, 0.9104430675506592], "k_pid_alt": [2.0, 1.0, 1.0], "k_pid_att": [0.0, 0.19216719269752502, 0.015331745147705078], "k_pid_yaw": [0.5, 1e-06, 0.1], "k_pid_hsp": [10.0, 0.0, 0.0], "k_pid_vsp": [393.80596923828125, 400.0, 399.10955810546875]}, "datetime": {"datetime": "2025-08-11 23:36:14", "elapsed": 25854.084369897842, "delta": 30.74240231513977}, "costs": {"total_cost": 5419.740343363111, "time_cost": 150, "final_distance_cost": 551.9499232654445, "oscillation_cost": 1047.2424962717084, "completition_cost": 1000.0, "overshoot_cost": 2445.1301204669185, "power_cost": 57.38283491210938, "noise_cost": 168.0349684469293, "n_waypoints_completed": 0, "tot_waypoints": 9}}
{"target": -7683.951797151603, "params": {"k_pid_pos": [1.9840840101242065, 1.0, 0.9398623704910278], "k_pid_alt": [1.95286226272583, 0.9996817708015442, 1.0], "k_pid_att": [0.0, 0.0322161540389061, 0.0], "k_pid_yaw": [0.5, 1e-06, 0.1], "k_pid_hsp": [9.740435600280762, 0.085124671459198, 0.053104281425476074], "k_pid_vsp": [400.0, 400.0, 396.81365966796875]}, "datetime": {"datetime": "2025-08-11 23:36:44", "elapsed": 25884.368524074554, "delta": 30.284154176712036}, "costs": {"total_cost": 7683.951797151603, "time_cost": 150, "final_distance_cost": 2149.9945316852227, "oscillation_cost": 416.67127068461554, "completition_cost": 1000.0, "overshoot_cost": 3752.689424896164, "power_cost": 56.62769577636719, "noise_cost": 157.9688741092343, "n_waypoints_completed": 0, "tot_waypoints": 9}}
{"target": -1915.4511966814455, "params": {"k_pid_pos": [2.0, 0.9662262797355652, 1.0], "k_pid_alt": [2.0, 1.0, 1.0], "k_pid_att": [4.97923469543457, 0.010553358122706413, 0.03511488437652588], "k_pid_yaw": [0.5, 1e-06, 0.1], "k_pid_hsp": [10.0, 0.0, 0.0], "k_pid_vsp": [364.3885498046875, 400.0, 400.0]}, "datetime": {"datetime": "2025-08-11 23:37:17", "elapsed": 25917.23001885414, "delta": 32.86149477958679}, "costs": {"total_cost": 1915.4511966814455, "time_cost": 150, "final_distance_cost": 0.9997577500494436, "oscillation_cost": 464.8638539190304, "completition_cost": 1000.0, "overshoot_cost": 160.39818381086945, "power_cost": 30.05547584228516, "noise_cost": 109.133925359211, "n_waypoints_completed": 0, "tot_waypoints": 9}}
{"target": -1451.3861043976044, "params": {"k_pid_pos": [1.9082386493682861, 0.9585657119750977, 1.0], "k_pid_alt": [2.0, 0.9419026374816895, 1.0], "k_pid_att": [4.141360282897949, 0.45413559675216675, 0.0], "k_pid_yaw": [0.5, 1e-06, 0.1], "k_pid_hsp": [9.925390243530273, 0.0, 0.0043866634368896484], "k_pid_vsp": [385.54290771484375, 388.4261474609375, 400.0]}, "datetime": {"datetime": "2025-08-11 23:37:52", "elapsed": 25952.237770557404, "delta": 35.00775170326233}, "costs": {"total_cost": 1451.3861043976044, "time_cost": 150, "final_distance_cost": 58.11922092761274, "oscillation_cost": 443.3480946995372, "completition_cost": 666.6666666666667, "overshoot_cost": 74.96312162599246, "power_cost": 31.014699255371095, "noise_cost": 27.274301222424107, "n_waypoints_completed": 3, "tot_waypoints": 9}}
{"target": -1057.1770482014738, "params": {"k_pid_pos": [2.0, 0.9885053634643555, 0.979316234588623], "k_pid_alt": [2.0, 0.8837203979492188, 0.9475562572479248], "k_pid_att": [4.193911075592041, 9.999999747378752e-05, 0.0], "k_pid_yaw": [0.5, 1e-06, 0.1], "k_pid_hsp": [9.114280700683594, 0.008655190467834473, 0.04461032152175903], "k_pid_vsp": [372.6142272949219, 400.0, 359.44091796875]}, "datetime": {"datetime": "2025-08-11 23:38:23", "elapsed": 25983.24370265007, "delta": 31.005932092666626}, "costs": {"total_cost": 1057.1770482014738, "time_cost": 150, "final_distance_cost": 63.859359099364475, "oscillation_cost": 388.1335577611159, "completition_cost": 333.33333333333337, "overshoot_cost": 58.318182971918226, "power_cost": 33.66769659423828, "noise_cost": 29.864918441503463, "n_waypoints_completed": 6, "tot_waypoints": 9}}
{"target": -710.1360417523044, "params": {"k_pid_pos": [2.0, 0.9955706596374512, 0.9855380654335022], "k_pid_alt": [1.9068541526794434, 1.0, 0.9292221665382385], "k_pid_att": [0.7705271244049072, 0.8000268936157227, 0.0], "k_pid_yaw": [0.5, 1e-06, 0.1], "k_pid_hsp": [10.0, 0.0, 0.0], "k_pid_vsp": [375.3056945800781, 379.59173583984375, 374.6449279785156]}, "datetime": {"datetime": "2025-08-11 23:38:54", "elapsed": 26013.972618341446, "delta": 30.728915691375732}, "costs": {"total_cost": 710.1360417523044, "time_cost": 150, "final_distance_cost": 66.39958063344247, "oscillation_cost": 251.1980325864001, "completition_cost": 111.11111111111116, "overshoot_cost": 61.60121479870127, "power_cost": 38.4849234375, "noise_cost": 31.341179185149535, "n_waypoints_completed": 8, "tot_waypoints": 9}}
{"target": -4418.827405324632, "params": {"k_pid_pos": [2.0, 1.0, 1.0], "k_pid_alt": [2.0, 0.9518508911132812, 1.0], "k_pid_att": [0.0, 0.8336894512176514, 0.04564255475997925], "k_pid_yaw": [0.5, 1e-06, 0.1], "k_pid_hsp": [10.0, 0.0, 0.0], "k_pid_vsp": [384.0211486816406, 400.0, 396.50213623046875]}, "datetime": {"datetime": "2025-08-11 23:39:25", "elapsed": 26044.599259376526, "delta": 30.626641035079956}, "costs": {"total_cost": 4418.827405324632, "time_cost": 150, "final_distance_cost": 291.060369063347, "oscillation_cost": 2008.9549193869348, "completition_cost": 1000.0, "overshoot_cost": 737.079899740643, "power_cost": 57.41221903076172, "noise_cost": 174.31999810294587, "n_waypoints_completed": 0, "tot_waypoints": 9}}
{"target": -1121.1758911245258, "params": {"k_pid_pos": [1.978490948677063, 1.0, 0.9470585584640503], "k_pid_alt": [2.0, 0.9932150840759277, 1.0], "k_pid_att": [6.036794185638428, 0.7727136015892029, 0.0], "k_pid_yaw": [0.5, 1e-06, 0.1], "k_pid_hsp": [9.137802124023438, 0.010973125696182251, 0.039365172386169434], "k_pid_vsp": [399.136962890625, 398.74761962890625, 387.2000732421875]}, "datetime": {"datetime": "2025-08-11 23:39:56", "elapsed": 26075.509151935577, "delta": 30.909892559051514}, "costs": {"total_cost": 1121.1758911245258, "time_cost": 150, "final_distance_cost": 67.50040037077298, "oscillation_cost": 441.4825846570039, "completition_cost": 333.33333333333337, "overshoot_cost": 64.68043572037817, "power_cost": 33.804651086425785, "noise_cost": 30.37448595661169, "n_waypoints_completed": 6, "tot_waypoints": 9}}
{"target": -4086.065185492222, "params": {"k_pid_pos": [2.0, 0.9151006937026978, 1.0], "k_pid_alt": [2.0, 1.0, 1.0], "k_pid_att": [0.0, 0.2819588780403137, 0.0], "k_pid_yaw": [0.5, 1e-06, 0.1], "k_pid_hsp": [10.0, 0.0, 0.0], "k_pid_vsp": [394.19659423828125, 392.83636474609375, 367.417724609375]}, "datetime": {"datetime": "2025-08-11 23:40:27", "elapsed": 26106.546015262604, "delta": 31.036863327026367}, "costs": {"total_cost": 4086.065185492222, "time_cost": 150, "final_distance_cost": 339.6645355929015, "oscillation_cost": 1277.1003136275608, "completition_cost": 1000.0, "overshoot_cost": 1089.7876193736324, "power_cost": 58.01839685058594, "noise_cost": 171.49432004754144, "n_waypoints_completed": 0, "tot_waypoints": 9}}
{"target": -1506.9568259604189, "params": {"k_pid_pos": [2.0, 0.9838050603866577, 0.943697452545166], "k_pid_alt": [1.776489019393921, 1.0, 1.0], "k_pid_att": [8.015656471252441, 9.999999747378752e-05, 0.0], "k_pid_yaw": [0.5, 1e-06, 0.1], "k_pid_hsp": [10.0, 0.0, 0.0], "k_pid_vsp": [400.0, 382.2915344238281, 400.0]}, "datetime": {"datetime": "2025-08-11 23:40:57", "elapsed": 26136.744020700455, "delta": 30.198005437850952}, "costs": {"total_cost": 1506.9568259604189, "time_cost": 150, "final_distance_cost": 51.62364502628752, "oscillation_cost": 503.2089871021781, "completition_cost": 666.6666666666667, "overshoot_cost": 75.5373152443711, "power_cost": 31.27485283203125, "noise_cost": 28.645359088884398, "n_waypoints_completed": 3, "tot_waypoints": 9}}
{"target": -8073.095783247415, "params": {"k_pid_pos": [1.973629117012024, 0.9974802732467651, 0.9723728895187378], "k_pid_alt": [2.0, 1.0, 1.0], "k_pid_att": [0.0, 0.5478546619415283, 0.019935935735702515], "k_pid_yaw": [0.5, 1e-06, 0.1], "k_pid_hsp": [10.0, 0.0, 0.0], "k_pid_vsp": [389.3908386230469, 400.0, 391.12005615234375]}, "datetime": {"datetime": "2025-08-11 23:41:29", "elapsed": 26168.55180287361, "delta": 31.80778217315674}, "costs": {"total_cost": 8073.095783247415, "time_cost": 150, "final_distance_cost": 2478.60409913319, "oscillation_cost": 2050.9594234102087, "completition_cost": 1000.0, "overshoot_cost": 2163.7165699127636, "power_cost": 57.063589978027345, "noise_cost": 172.75210081322507, "n_waypoints_completed": 0, "tot_waypoints": 9}}
{"target": -11164.09292724355, "params": {"k_pid_pos": [2.0, 1.0, 0.9865339994430542], "k_pid_alt": [2.0, 1.0, 1.0], "k_pid_att": [0.0, 9.999999747378752e-05, 0.0], "k_pid_yaw": [0.5, 1e-06, 0.1], "k_pid_hsp": [9.770075798034668, 0.0, 0.09272903203964233], "k_pid_vsp": [400.0, 400.0, 400.0]}, "datetime": {"datetime": "2025-08-11 23:42:00", "elapsed": 26199.411607027054, "delta": 30.859804153442383}, "costs": {"total_cost": 11164.09292724355, "time_cost": 150, "final_distance_cost": 1434.8112134653118, "oscillation_cost": 14.787217933269726, "completition_cost": 1000.0, "overshoot_cost": 8397.546301609216, "power_cost": 48.442731799316405, "noise_cost": 118.50546243643694, "n_waypoints_completed": 0, "tot_waypoints": 9}}
{"target": -1151.296177466197, "params": {"k_pid_pos": [2.0, 0.96365886926651, 1.0], "k_pid_alt": [1.920778751373291, 0.9393455982208252, 1.0], "k_pid_att": [8.684337615966797, 0.3286565840244293, 0.0], "k_pid_yaw": [0.5, 1e-06, 0.1], "k_pid_hsp": [9.937957763671875, 0.0, 0.06149148941040039], "k_pid_vsp": [379.0133972167969, 343.4110412597656, 396.5035095214844]}, "datetime": {"datetime": "2025-08-11 23:42:30", "elapsed": 26229.711695432663, "delta": 30.30008840560913}, "costs": {"total_cost": 1151.296177466197, "time_cost": 150, "final_distance_cost": 63.341006518641834, "oscillation_cost": 473.29694197350733, "completition_cost": 333.33333333333337, "overshoot_cost": 68.20947311823222, "power_cost": 32.76305773925782, "noise_cost": 30.352364783224125, "n_waypoints_completed": 6, "tot_waypoints": 9}}
{"target": -1801.4320700432813, "params": {"k_pid_pos": [1.8753509521484375, 0.9528660774230957, 0.9777098894119263], "k_pid_alt": [1.9812862873077393, 1.0, 0.96913743019104], "k_pid_att": [4.748791694641113, 9.999999747378752e-05, 0.018274277448654175], "k_pid_yaw": [0.5, 1e-06, 0.1], "k_pid_hsp": [9.89254379272461, 0.06506699323654175, 0.0], "k_pid_vsp": [400.0, 400.0, 400.0]}, "datetime": {"datetime": "2025-08-11 23:43:01", "elapsed": 26260.624219417572, "delta": 30.912523984909058}, "costs": {"total_cost": 1801.4320700432813, "time_cost": 150, "final_distance_cost": 39.87519758408157, "oscillation_cost": 473.85253684422065, "completition_cost": 1000.0, "overshoot_cost": 79.61223953496024, "power_cost": 30.872243591308596, "noise_cost": 27.219852488710146, "n_waypoints_completed": 0, "tot_waypoints": 9}}
{"target": -5726.704066092711, "params": {"k_pid_pos": [1.9293715953826904, 0.9878414869308472, 1.0], "k_pid_alt": [2.0, 0.9958083033561707, 1.0], "k_pid_att": [0.0, 0.05202704668045044, 0.0005639195442199707], "k_pid_yaw": [0.5, 1e-06, 0.1], "k_pid_hsp": [9.560799598693848, 0.0, 0.0045060813426971436], "k_pid_vsp": [392.10052490234375, 400.0, 383.4078063964844]}, "datetime": {"datetime": "2025-08-11 23:43:31", "elapsed": 26291.117438554764, "delta": 30.493219137191772}, "costs": {"total_cost": 5726.704066092711, "time_cost": 150, "final_distance_cost": 1063.3391046339511, "oscillation_cost": 517.7241087116757, "completition_cost": 1000.0, "overshoot_cost": 2778.090227927848, "power_cost": 56.956998779296875, "noise_cost": 160.5936260399406, "n_waypoints_completed": 0, "tot_waypoints": 9}}
{"target": -1164.4024996553048, "params": {"k_pid_pos": [2.0, 1.0, 0.9481625556945801], "k_pid_alt": [1.9942255020141602, 1.0, 1.0], "k_pid_att": [14.7493896484375, 0.5246159434318542, 0.0], "k_pid_yaw": [0.5, 1e-06, 0.1], "k_pid_hsp": [10.0, 0.0042487382888793945, 0.0], "k_pid_vsp": [379.7745666503906, 384.79150390625, 394.7272644042969]}, "datetime": {"datetime": "2025-08-11 23:44:02", "elapsed": 26322.092317581177, "delta": 30.974879026412964}, "costs": {"total_cost": 1164.4024996553048, "time_cost": 150, "final_distance_cost": 64.55319101801742, "oscillation_cost": 492.98016045910117, "completition_cost": 333.33333333333337, "overshoot_cost": 60.426307093510815, "power_cost": 32.42854515380859, "noise_cost": 30.68096259753365, "n_waypoints_completed": 6, "tot_waypoints": 9}}
{"target": -972.205361586006, "params": {"k_pid_pos": [2.0, 0.9750607013702393, 1.0], "k_pid_alt": [1.9914698600769043, 0.9488736391067505, 1.0], "k_pid_att": [11.386940002441406, 0.21428535878658295, 0.03782761096954346], "k_pid_yaw": [0.5, 1e-06, 0.1], "k_pid_hsp": [9.185303688049316, 0.0, 0.0], "k_pid_vsp": [361.8899230957031, 400.0, 400.0]}, "datetime": {"datetime": "2025-08-11 23:44:34", "elapsed": 26353.551728725433, "delta": 31.459411144256592}, "costs": {"total_cost": 972.205361586006, "time_cost": 150, "final_distance_cost": 76.10897915021478, "oscillation_cost": 394.3853351659901, "completition_cost": 222.2222222222222, "overshoot_cost": 68.9030117778732, "power_cost": 31.822124560546875, "noise_cost": 28.763688709158778, "n_waypoints_completed": 7, "tot_waypoints": 9}}
{"target": -1133.2175476735408, "params": {"k_pid_pos": [2.0, 0.9999479055404663, 1.0], "k_pid_alt": [1.9307738542556763, 0.9815066456794739, 0.9370930194854736], "k_pid_att": [7.293033599853516, 9.999999747378752e-05, 0.0], "k_pid_yaw": [0.5, 1e-06, 0.1], "k_pid_hsp": [10.0, 0.0, 0.056098222732543945], "k_pid_vsp": [400.0, 400.0, 369.5919189453125]}, "datetime": {"datetime": "2025-08-11 23:45:05", "elapsed": 26384.737634420395, "delta": 31.185905694961548}, "costs": {"total_cost": 1133.2175476735408, "time_cost": 150, "final_distance_cost": 66.8996757734399, "oscillation_cost": 463.0103802895887, "completition_cost": 333.33333333333337, "overshoot_cost": 57.374556609526394, "power_cost": 32.78646466064453, "noise_cost": 29.81313700700787, "n_waypoints_completed": 6, "tot_waypoints": 9}}
{"target": -1706.1103362957062, "params": {"k_pid_pos": [1.9355312585830688, 0.9498270153999329, 1.0], "k_pid_alt": [1.8409734964370728, 0.9976886510848999, 0.9293331503868103], "k_pid_att": [1.883232593536377, 0.5630843639373779, 0.0460207462310791], "k_pid_yaw": [0.5, 1e-06, 0.1], "k_pid_hsp": [9.215367317199707, 0.0, 0.004753828048706055], "k_pid_vsp": [400.0, 389.33416748046875, 391.5857238769531]}, "datetime": {"datetime": "2025-08-11 23:45:36", "elapsed": 26415.54227900505, "delta": 30.80464458465576}, "costs": {"total_cost": 1706.1103362957062, "time_cost": 150, "final_distance_cost": 1.000067630666605, "oscillation_cost": 268.7418784015833, "completition_cost": 1000.0, "overshoot_cost": 158.38774538907364, "power_cost": 29.425389208984377, "noise_cost": 98.55525566539838, "n_waypoints_completed": 0, "tot_waypoints": 9}}
{"target": -1606.9887845965554, "params": {"k_pid_pos": [2.0, 1.0, 1.0], "k_pid_alt": [1.8361077308654785, 0.9664974808692932, 1.0], "k_pid_att": [1.3906806707382202, 0.04793403670191765, 0.055591702461242676], "k_pid_yaw": [0.5, 1e-06, 0.1], "k_pid_hsp": [10.0, 0.050146281719207764, 0.06227689981460571], "k_pid_vsp": [400.0, 400.0, 400.0]}, "datetime": {"datetime": "2025-08-11 23:46:07", "elapsed": 26446.77577137947, "delta": 31.233492374420166}, "costs": {"total_cost": 1606.9887845965554, "time_cost": 150, "final_distance_cost": 0.9984979794844135, "oscillation_cost": 174.5213407003987, "completition_cost": 1000.0, "overshoot_cost": 156.06049809929544, "power_cost": 29.6266154296875, "noise_cost": 95.7818323876892, "n_waypoints_completed": 0, "tot_waypoints": 9}}
