{"target": -251.5077045097658, "params": {"k_pid_pos": [0.8038460612297058, 0.6214971542358398, 0.6233018636703491], "k_pid_alt": [1.6097360849380493, 0.3112195134162903, 0.05778023600578308], "k_pid_att": [16.953519821166992, 9.078857421875, 0.505336582660675], "k_pid_yaw": [0.5, 1e-06, 0.1], "k_pid_hsp": [4.888465881347656, 0.8674340844154358, 0.0], "k_pid_vsp": [39.72026062011719, 369.09698486328125, 66.63638305664062]}, "datetime": {"datetime": "2025-08-11 17:01:32", "elapsed": 2171.8112761974335, "delta": 25.04012131690979}, "costs": {"total_cost": 251.5077045097658, "time_cost": 98.35000000000001, "final_distance_cost": 1.743943615154207, "oscillation_cost": 49.55692669276747, "completition_cost": 0.0, "overshoot_cost": 53.69873314484827, "power_cost": 24.995620153808595, "noise_cost": 23.162480903187262, "n_waypoints_completed": 9, "tot_waypoints": 9}}
{"target": -475.60721956100434, "params": {"k_pid_pos": [0.49130353331565857, 0.6153128147125244, 0.2699023485183716], "k_pid_alt": [0.7170817852020264, 0.2975929379463196, 0.8266071677207947], "k_pid_att": [21.498584747314453, 0.9970120191574097, 0.8957396149635315], "k_pid_yaw": [0.5, 1e-06, 0.1], "k_pid_hsp": [2.117133140563965, 1.0, 0.4475645422935486], "k_pid_vsp": [244.50131225585938, 105.7923812866211, 130.85409545898438]}, "datetime": {"datetime": "2025-08-11 17:02:00", "elapsed": 2200.358456850052, "delta": 28.547180652618408}, "costs": {"total_cost": 475.60721956100434, "time_cost": 115.906, "final_distance_cost": 1.8003456098675952, "oscillation_cost": 233.69246378241505, "completition_cost": 0.0, "overshoot_cost": 62.54284204715925, "power_cost": 32.99721491699219, "noise_cost": 28.668353204570227, "n_waypoints_completed": 9, "tot_waypoints": 9}}
{"target": -1473.7213893335659, "params": {"k_pid_pos": [1.8306289911270142, 0.6703994274139404, 0.7355875372886658], "k_pid_alt": [0.08423197269439697, 0.9518824815750122, 0.4133600890636444], "k_pid_att": [74.87223052978516, 4.9836626052856445, 0.7543236017227173], "k_pid_yaw": [0.5, 1e-06, 0.1], "k_pid_hsp": [1.0116760730743408, 0.22363921999931335, 0.7255983352661133], "k_pid_vsp": [221.55313110351562, 235.0890655517578, 333.0064392089844]}, "datetime": {"datetime": "2025-08-11 17:02:30", "elapsed": 2230.103036880493, "delta": 29.744580030441284}, "costs": {"total_cost": 1473.7213893335659, "time_cost": 150, "final_distance_cost": 71.10562318339528, "oscillation_cost": 228.70090585509664, "completition_cost": 888.8888888888888, "overshoot_cost": 67.9587109624699, "power_cost": 37.604078210449224, "noise_cost": 29.46318223326596, "n_waypoints_completed": 1, "tot_waypoints": 9}}
{"target": -1742.1942175081265, "params": {"k_pid_pos": [1.0187294483184814, 0.25344452261924744, 1.0], "k_pid_alt": [0.29453301429748535, 0.23499882221221924, 0.858461856842041], "k_pid_att": [28.97760772705078, 0.8409659266471863, 0.8191417455673218], "k_pid_yaw": [0.5, 1e-06, 0.1], "k_pid_hsp": [3.8908424377441406, 0.06234830617904663, 0.628854513168335], "k_pid_vsp": [93.41758728027344, 170.4250946044922, 219.68206787109375]}, "datetime": {"datetime": "2025-08-11 17:03:01", "elapsed": 2260.7384860515594, "delta": 30.635449171066284}, "costs": {"total_cost": 1742.1942175081265, "time_cost": 150, "final_distance_cost": 78.53274067676344, "oscillation_cost": 600.3843840929555, "completition_cost": 777.7777777777778, "overshoot_cost": 71.21385053825237, "power_cost": 33.72643953857422, "noise_cost": 30.559024883803, "n_waypoints_completed": 2, "tot_waypoints": 9}}
{"target": -1292.779348083237, "params": {"k_pid_pos": [0.1752287596464157, 0.354320228099823, 0.29932406544685364], "k_pid_alt": [0.49245166778564453, 0.8068277835845947, 0.9220098853111267], "k_pid_att": [41.85576248168945, 5.191479682922363, 0.7933286428451538], "k_pid_yaw": [0.5, 1e-06, 0.1], "k_pid_hsp": [8.464083671569824, 0.3746475577354431, 0.8898692727088928], "k_pid_vsp": [207.5199432373047, 292.73614501953125, 44.580589294433594]}, "datetime": {"datetime": "2025-08-11 17:03:36", "elapsed": 2296.210634946823, "delta": 35.47214889526367}, "costs": {"total_cost": 1292.779348083237, "time_cost": 150, "final_distance_cost": 41.25512786012586, "oscillation_cost": 434.35067801270657, "completition_cost": 555.5555555555555, "overshoot_cost": 51.2160549252971, "power_cost": 31.15064541015625, "noise_cost": 29.251286319395682, "n_waypoints_completed": 4, "tot_waypoints": 9}}
{"target": -554.1715107392102, "params": {"k_pid_pos": [1.4582690000534058, 0.8202899694442749, 0.8299053907394409], "k_pid_alt": [1.484851598739624, 0.5343689918518066, 0.1370842456817627], "k_pid_att": [80.3446273803711, 4.231235027313232, 0.6053769588470459], "k_pid_yaw": [0.5, 1e-06, 0.1], "k_pid_hsp": [8.803366661071777, 0.9115556478500366, 0.10267046093940735], "k_pid_vsp": [400.0, 287.36712646484375, 107.78463745117188]}, "datetime": {"datetime": "2025-08-11 17:04:02", "elapsed": 2321.4681029319763, "delta": 25.2574679851532}, "costs": {"total_cost": 554.1715107392102, "time_cost": 93.24, "final_distance_cost": 1.791674050931191, "oscillation_cost": 354.43122223081383, "completition_cost": 0.0, "overshoot_cost": 53.526341380756435, "power_cost": 28.034208544921878, "noise_cost": 23.148064531786922, "n_waypoints_completed": 9, "tot_waypoints": 9}}
{"target": -747.1485266708759, "params": {"k_pid_pos": [1.7151038646697998, 0.5265229940414429, 0.5529311299324036], "k_pid_alt": [0.5601783394813538, 0.5340288877487183, 0.7812372446060181], "k_pid_att": [21.641132354736328, 6.1105570793151855, 0.8615725040435791], "k_pid_yaw": [0.5, 1e-06, 0.1], "k_pid_hsp": [4.188992977142334, 0.5977128744125366, 0.8880242109298706], "k_pid_vsp": [400.0, 32.171607971191406, 218.61891174316406]}, "datetime": {"datetime": "2025-08-11 17:04:32", "elapsed": 2351.8451805114746, "delta": 30.37707757949829}, "costs": {"total_cost": 747.1485266708759, "time_cost": 150, "final_distance_cost": 17.423854090362177, "oscillation_cost": 339.8632594276055, "completition_cost": 111.11111111111116, "overshoot_cost": 63.94228059786448, "power_cost": 33.65748504638672, "noise_cost": 31.150536397545842, "n_waypoints_completed": 8, "tot_waypoints": 9}}
{"target": -493.63632026928286, "params": {"k_pid_pos": [1.7199119329452515, 0.3148120641708374, 0.23965901136398315], "k_pid_alt": [0.7514616847038269, 0.6482798457145691, 0.7091171741485596], "k_pid_att": [22.593515396118164, 2.7583200931549072, 0.7432776093482971], "k_pid_yaw": [0.5, 1e-06, 0.1], "k_pid_hsp": [8.113667488098145, 0.8421934843063354, 0.7258445620536804], "k_pid_vsp": [88.58809661865234, 280.00537109375, 82.96570587158203]}, "datetime": {"datetime": "2025-08-11 17:04:57", "elapsed": 2376.8150691986084, "delta": 24.96988868713379}, "costs": {"total_cost": 493.63632026928286, "time_cost": 101.122, "final_distance_cost": 1.7671553638280515, "oscillation_cost": 274.23326633162156, "completition_cost": 0.0, "overshoot_cost": 60.314447481231156, "power_cost": 29.13763513183594, "noise_cost": 27.0618159607662, "n_waypoints_completed": 9, "tot_waypoints": 9}}
{"target": -1408.6410191134169, "params": {"k_pid_pos": [0.5377164483070374, 1.0, 0.05272647738456726], "k_pid_alt": [0.6585578918457031, 0.47171133756637573, 0.7328639030456543], "k_pid_att": [26.733497619628906, 1.0972295999526978, 0.5935354232788086], "k_pid_yaw": [0.5, 1e-06, 0.1], "k_pid_hsp": [4.48817253112793, 0.1717403531074524, 0.22682511806488037], "k_pid_vsp": [246.01812744140625, 117.29190063476562, 301.25823974609375]}, "datetime": {"datetime": "2025-08-11 17:05:27", "elapsed": 2406.6087839603424, "delta": 29.79371476173401}, "costs": {"total_cost": 1408.6410191134169, "time_cost": 150, "final_distance_cost": 68.11845947250026, "oscillation_cost": 147.55561580564398, "completition_cost": 888.8888888888888, "overshoot_cost": 85.2187610452865, "power_cost": 35.934344946289066, "noise_cost": 32.92494895480823, "n_waypoints_completed": 1, "tot_waypoints": 9}}
{"target": -1104.3720780847584, "params": {"k_pid_pos": [0.2881946563720703, 0.4437040686607361, 0.8990026712417603], "k_pid_alt": [0.12569308280944824, 0.6600532531738281, 0.11935991048812866], "k_pid_att": [96.3326416015625, 8.885757446289062, 0.19106405973434448], "k_pid_yaw": [0.5, 1e-06, 0.1], "k_pid_hsp": [2.5784013271331787, 0.895648717880249, 0.0], "k_pid_vsp": [86.4043960571289, 59.80484390258789, 231.4039764404297]}, "datetime": {"datetime": "2025-08-11 17:05:57", "elapsed": 2436.499163866043, "delta": 29.890379905700684}, "costs": {"total_cost": 1104.3720780847584, "time_cost": 150, "final_distance_cost": 61.72180562211128, "oscillation_cost": 75.84084185471175, "completition_cost": 666.6666666666667, "overshoot_cost": 91.86531722996584, "power_cost": 29.973664062500003, "noise_cost": 28.303782648803026, "n_waypoints_completed": 3, "tot_waypoints": 9}}
{"target": -1590.331331463233, "params": {"k_pid_pos": [0.24255867302417755, 0.7000023126602173, 0.004597067832946777], "k_pid_alt": [1.134504795074463, 0.1829107105731964, 0.450558066368103], "k_pid_att": [83.31614685058594, 10.0, 0.0], "k_pid_yaw": [0.5, 1e-06, 0.1], "k_pid_hsp": [7.617713451385498, 0.7671507000923157, 0.11917069554328918], "k_pid_vsp": [161.64105224609375, 55.400596618652344, 306.68798828125]}, "datetime": {"datetime": "2025-08-11 17:06:27", "elapsed": 2466.6288051605225, "delta": 30.12964129447937}, "costs": {"total_cost": 1590.331331463233, "time_cost": 150, "final_distance_cost": 90.63649989213265, "oscillation_cost": 390.87313715981, "completition_cost": 777.7777777777778, "overshoot_cost": 87.49478697992845, "power_cost": 34.77752834472656, "noise_cost": 58.77160130885743, "n_waypoints_completed": 2, "tot_waypoints": 9}}
{"target": -1987.314657584288, "params": {"k_pid_pos": [1.0712757110595703, 0.5337727665901184, 0.6663599610328674], "k_pid_alt": [1.044006586074829, 0.4056606590747833, 0.5594834089279175], "k_pid_att": [21.208208084106445, 7.5261054039001465, 0.11241158843040466], "k_pid_yaw": [0.5, 1e-06, 0.1], "k_pid_hsp": [1.3895370960235596, 0.08135539293289185, 0.11633199453353882], "k_pid_vsp": [43.42494201660156, 43.049156188964844, 245.44004821777344]}, "datetime": {"datetime": "2025-08-11 17:06:57", "elapsed": 2496.580031633377, "delta": 29.951226472854614}, "costs": {"total_cost": 1987.314657584288, "time_cost": 150, "final_distance_cost": 55.078672044884385, "oscillation_cost": 709.4513438908428, "completition_cost": 888.8888888888888, "overshoot_cost": 110.50501021826125, "power_cost": 33.410970776367186, "noise_cost": 39.97977176504339, "n_waypoints_completed": 1, "tot_waypoints": 9}}
{"target": -953.6198262220345, "params": {"k_pid_pos": [2.0, 0.10157239437103271, 0.3333178758621216], "k_pid_alt": [1.1058015823364258, 0.6597898602485657, 0.3566238582134247], "k_pid_att": [3.309452533721924, 9.999999747378752e-05, 0.26067882776260376], "k_pid_yaw": [0.5, 1e-06, 0.1], "k_pid_hsp": [6.7315192222595215, 0.1868390440940857, 0.1566375195980072], "k_pid_vsp": [130.41598510742188, 163.20706176757812, 315.5542297363281]}, "datetime": {"datetime": "2025-08-11 17:07:27", "elapsed": 2526.4709746837616, "delta": 29.89094305038452}, "costs": {"total_cost": 953.6198262220345, "time_cost": 150, "final_distance_cost": 48.370636739867244, "oscillation_cost": 129.84425128330963, "completition_cost": 444.4444444444444, "overshoot_cost": 104.66771795867533, "power_cost": 31.557194873046875, "noise_cost": 44.73558092269108, "n_waypoints_completed": 5, "tot_waypoints": 9}}
{"target": -2025.1017376704258, "params": {"k_pid_pos": [0.0955798402428627, 0.17231011390686035, 0.4980289340019226], "k_pid_alt": [0.22024887800216675, 0.3355918824672699, 0.12976998090744019], "k_pid_att": [68.21742248535156, 3.0455377101898193, 0.15726599097251892], "k_pid_yaw": [0.5, 1e-06, 0.1], "k_pid_hsp": [9.22793960571289, 0.6113231182098389, 0.5620379447937012], "k_pid_vsp": [105.8513412475586, 275.46923828125, 314.3401184082031]}, "datetime": {"datetime": "2025-08-11 17:07:57", "elapsed": 2557.3013982772827, "delta": 30.830423593521118}, "costs": {"total_cost": 2025.1017376704258, "time_cost": 150, "final_distance_cost": 73.74406446964792, "oscillation_cost": 803.6446920147442, "completition_cost": 888.8888888888888, "overshoot_cost": 45.88817756750028, "power_cost": 34.822135791015626, "noise_cost": 28.113778938629217, "n_waypoints_completed": 1, "tot_waypoints": 9}}
{"target": -606.2629811261953, "params": {"k_pid_pos": [0.9200775623321533, 0.1880388855934143, 0.16331937909126282], "k_pid_alt": [0.5044726133346558, 0.29817548394203186, 0.11952582001686096], "k_pid_att": [74.2120590209961, 5.264675140380859, 0.7226153612136841], "k_pid_yaw": [0.5, 1e-06, 0.1], "k_pid_hsp": [8.915555953979492, 0.5489509105682373, 0.23621141910552979], "k_pid_vsp": [337.1894836425781, 299.96148681640625, 119.54557800292969]}, "datetime": {"datetime": "2025-08-11 17:08:23", "elapsed": 2582.4418013095856, "delta": 25.140403032302856}, "costs": {"total_cost": 606.2629811261953, "time_cost": 100.226, "final_distance_cost": 1.740076927814251, "oscillation_cost": 393.61223449568206, "completition_cost": 0.0, "overshoot_cost": 57.034560013997464, "power_cost": 29.379877209472657, "noise_cost": 24.270232479228913, "n_waypoints_completed": 9, "tot_waypoints": 9}}
{"target": -682.268263895923, "params": {"k_pid_pos": [2.0, 0.22737783193588257, 0.7994592785835266], "k_pid_alt": [0.8688275218009949, 0.09108203649520874, 0.7876847982406616], "k_pid_att": [50.820106506347656, 5.085541248321533, 0.5824885368347168], "k_pid_yaw": [0.5, 1e-06, 0.1], "k_pid_hsp": [7.762518882751465, 0.0, 0.7335970997810364], "k_pid_vsp": [44.60344314575195, 383.49102783203125, 60.5937614440918]}, "datetime": {"datetime": "2025-08-11 17:08:49", "elapsed": 2608.6418952941895, "delta": 26.200093984603882}, "costs": {"total_cost": 682.268263895923, "time_cost": 104.685, "final_distance_cost": 1.7722343545300707, "oscillation_cost": 463.99869793070536, "completition_cost": 0.0, "overshoot_cost": 54.36872891057231, "power_cost": 31.30008369140625, "noise_cost": 26.14351900870903, "n_waypoints_completed": 9, "tot_waypoints": 9}}
{"target": -1895.3872152531087, "params": {"k_pid_pos": [1.6369285583496094, 0.9470738172531128, 0.33877646923065186], "k_pid_alt": [0.7198246717453003, 0.3367099463939667, 0.12083682417869568], "k_pid_att": [26.724517822265625, 9.381451606750488, 0.8023587465286255], "k_pid_yaw": [0.5, 1e-06, 0.1], "k_pid_hsp": [9.030570983886719, 0.3455665111541748, 0.3577236533164978], "k_pid_vsp": [299.3239440917969, 75.68880462646484, 376.2148132324219]}, "datetime": {"datetime": "2025-08-11 17:09:19", "elapsed": 2638.6244699954987, "delta": 29.982574701309204}, "costs": {"total_cost": 1895.3872152531087, "time_cost": 150, "final_distance_cost": 69.77478034691974, "oscillation_cost": 641.5514642780801, "completition_cost": 888.8888888888888, "overshoot_cost": 76.52852410774034, "power_cost": 34.0290191772461, "noise_cost": 34.61453845423361, "n_waypoints_completed": 1, "tot_waypoints": 9}}
{"target": -603.1913611827193, "params": {"k_pid_pos": [0.5017208456993103, 0.5525712966918945, 0.7682031393051147], "k_pid_alt": [0.6720346212387085, 0.20540660619735718, 0.7184137105941772], "k_pid_att": [49.495323181152344, 7.414372444152832, 0.0], "k_pid_yaw": [0.5, 1e-06, 0.1], "k_pid_hsp": [0.007296592462807894, 1.0, 0.28432679176330566], "k_pid_vsp": [302.1302490234375, 161.89169311523438, 61.723018646240234]}, "datetime": {"datetime": "2025-08-11 17:09:49", "elapsed": 2668.479961872101, "delta": 29.855491876602173}, "costs": {"total_cost": 603.1913611827193, "time_cost": 119.959, "final_distance_cost": 1.7646832920015076, "oscillation_cost": 330.8425347602977, "completition_cost": 0.0, "overshoot_cost": 85.63261952927942, "power_cost": 34.67251231689453, "noise_cost": 30.320011284246064, "n_waypoints_completed": 9, "tot_waypoints": 9}}
{"target": -1601.6744776539888, "params": {"k_pid_pos": [1.8163535594940186, 0.9107869267463684, 0.3799973428249359], "k_pid_alt": [1.5974209308624268, 0.8514249324798584, 0.6415736675262451], "k_pid_att": [88.21601104736328, 7.180304527282715, 0.0], "k_pid_yaw": [0.5, 1e-06, 0.1], "k_pid_hsp": [2.2350966930389404, 0.05712321400642395, 0.6169039011001587], "k_pid_vsp": [48.65498352050781, 226.34353637695312, 336.4776611328125]}, "datetime": {"datetime": "2025-08-11 17:10:19", "elapsed": 2698.4450023174286, "delta": 29.96504044532776}, "costs": {"total_cost": 1601.6744776539888, "time_cost": 150, "final_distance_cost": 8.691504966099897, "oscillation_cost": 170.02953731293712, "completition_cost": 1000.0, "overshoot_cost": 155.6875317731432, "power_cost": 36.64416580810547, "noise_cost": 80.62173779370298, "n_waypoints_completed": 0, "tot_waypoints": 9}}
{"target": -1204.359624046198, "params": {"k_pid_pos": [1.2112175226211548, 0.13762134313583374, 0.2375355362892151], "k_pid_alt": [0.2146262526512146, 0.1947249472141266, 0.9046827554702759], "k_pid_att": [33.51923370361328, 5.703019618988037, 0.5821119546890259], "k_pid_yaw": [0.5, 1e-06, 0.1], "k_pid_hsp": [6.740935802459717, 0.22473523020744324, 0.7893304228782654], "k_pid_vsp": [162.04368591308594, 297.8434143066406, 387.23541259765625]}, "datetime": {"datetime": "2025-08-11 17:10:48", "elapsed": 2727.785717725754, "delta": 29.340715408325195}, "costs": {"total_cost": 1204.359624046198, "time_cost": 150, "final_distance_cost": 61.64485599698918, "oscillation_cost": 516.3017303525309, "completition_cost": 333.33333333333337, "overshoot_cost": 75.55597886639445, "power_cost": 36.20238135986328, "noise_cost": 31.32134413708694, "n_waypoints_completed": 6, "tot_waypoints": 9}}
{"target": -626.4569961719677, "params": {"k_pid_pos": [1.670358657836914, 0.15603107213974, 0.6209208965301514], "k_pid_alt": [1.84125816822052, 0.8079884052276611, 0.1259695291519165], "k_pid_att": [56.31947326660156, 0.7561383247375488, 0.07170692086219788], "k_pid_yaw": [0.5, 1e-06, 0.1], "k_pid_hsp": [9.918632507324219, 0.41460585594177246, 0.1856774091720581], "k_pid_vsp": [206.88119506835938, 392.33160400390625, 236.15672302246094]}, "datetime": {"datetime": "2025-08-11 17:11:13", "elapsed": 2752.9829394817352, "delta": 25.197221755981445}, "costs": {"total_cost": 626.4569961719677, "time_cost": 98.553, "final_distance_cost": 1.770342679132789, "oscillation_cost": 410.45136544895803, "completition_cost": 0.0, "overshoot_cost": 61.88147367697869, "power_cost": 29.88110867919922, "noise_cost": 23.919705687698972, "n_waypoints_completed": 9, "tot_waypoints": 9}}
{"target": -2621.876500803059, "params": {"k_pid_pos": [0.19961203634738922, 0.20244893431663513, 0.39161789417266846], "k_pid_alt": [1.7309637069702148, 0.22764644026756287, 0.67356276512146], "k_pid_att": [19.94112777709961, 0.7022646069526672, 0.3196449279785156], "k_pid_yaw": [0.5, 1e-06, 0.1], "k_pid_hsp": [10.0, 0.9132262468338013, 0.3792080283164978], "k_pid_vsp": [48.56147766113281, 96.49425506591797, 262.9442138671875]}, "datetime": {"datetime": "2025-08-11 17:11:43", "elapsed": 2783.286635160446, "delta": 30.303695678710938}, "costs": {"total_cost": 2621.876500803059, "time_cost": 150, "final_distance_cost": 397.0049578436281, "oscillation_cost": 583.5551842242967, "completition_cost": 888.8888888888888, "overshoot_cost": 540.2370727038352, "power_cost": 32.0920375, "noise_cost": 30.098359642410355, "n_waypoints_completed": 1, "tot_waypoints": 9}}
{"target": -556.8678565950302, "params": {"k_pid_pos": [1.728543996810913, 0.5113485455513, 0.2717166244983673], "k_pid_alt": [1.968888521194458, 0.7861068844795227, 0.46714046597480774], "k_pid_att": [35.024478912353516, 7.213015556335449, 0.9835202693939209], "k_pid_yaw": [0.5, 1e-06, 0.1], "k_pid_hsp": [3.988003730773926, 1.0, 0.2552196979522705], "k_pid_vsp": [163.10009765625, 92.58263397216797, 139.08470153808594]}, "datetime": {"datetime": "2025-08-11 17:12:12", "elapsed": 2812.085313796997, "delta": 28.798678636550903}, "costs": {"total_cost": 556.8678565950302, "time_cost": 116.676, "final_distance_cost": 1.7907108380195276, "oscillation_cost": 302.15101304377185, "completition_cost": 0.0, "overshoot_cost": 71.17133239612207, "power_cost": 34.17677429199219, "noise_cost": 30.9020260251245, "n_waypoints_completed": 9, "tot_waypoints": 9}}
{"target": -692.702793997778, "params": {"k_pid_pos": [0.5423118472099304, 0.3011891841888428, 0.38463324308395386], "k_pid_alt": [0.5304535627365112, 0.08697587251663208, 0.0], "k_pid_att": [76.66012573242188, 7.001805305480957, 0.6276673674583435], "k_pid_yaw": [0.5, 1e-06, 0.1], "k_pid_hsp": [4.4637932777404785, 0.5478835701942444, 0.14232975244522095], "k_pid_vsp": [109.7320327758789, 105.14314270019531, 129.5240478515625]}, "datetime": {"datetime": "2025-08-11 17:12:39", "elapsed": 2839.208949804306, "delta": 27.12363600730896}, "costs": {"total_cost": 692.702793997778, "time_cost": 107.569, "final_distance_cost": 1.83092594533526, "oscillation_cost": 468.06804958224166, "completition_cost": 0.0, "overshoot_cost": 58.35717165362257, "power_cost": 30.597381872558596, "noise_cost": 26.280264944019937, "n_waypoints_completed": 9, "tot_waypoints": 9}}
{"target": -1346.2529185611386, "params": {"k_pid_pos": [0.21271438896656036, 0.5431963801383972, 0.2533373236656189], "k_pid_alt": [0.003989160060882568, 0.4006848931312561, 0.5160706043243408], "k_pid_att": [49.564598083496094, 2.081437587738037, 0.35941827297210693], "k_pid_yaw": [0.5, 1e-06, 0.1], "k_pid_hsp": [4.875772476196289, 0.8655284643173218, 0.07359704375267029], "k_pid_vsp": [51.62022018432617, 362.7540588378906, 307.6994934082031]}, "datetime": {"datetime": "2025-08-11 17:13:10", "elapsed": 2869.5974700450897, "delta": 30.38852024078369}, "costs": {"total_cost": 1346.2529185611386, "time_cost": 150, "final_distance_cost": 56.4914541084548, "oscillation_cost": 454.3234230985838, "completition_cost": 555.5555555555555, "overshoot_cost": 64.17907947904676, "power_cost": 34.388132580566406, "noise_cost": 31.315273738931097, "n_waypoints_completed": 4, "tot_waypoints": 9}}
