{"target": -8007.263963181753, "params": {"k_pid_pos": [2.0, 0.9774944186210632, 0.9701262712478638], "k_pid_alt": [1.9591639041900635, 0.9585264921188354, 1.0], "k_pid_att": [0.0, 1.0084333419799805, 0.0], "k_pid_yaw": [0.5, 1e-06, 0.1], "k_pid_hsp": [10.0, 0.02263656258583069, 0.0], "k_pid_vsp": [400.0, 388.9586181640625, 400.0]}, "datetime": {"datetime": "2025-08-11 17:54:38", "elapsed": 5358.127812385559, "delta": 30.001438856124878}, "costs": {"total_cost": 8007.263963181753, "time_cost": 150, "final_distance_cost": 1484.128271266282, "oscillation_cost": 2504.342636566344, "completition_cost": 1000.0, "overshoot_cost": 2634.838619470639, "power_cost": 57.60178154296875, "noise_cost": 176.35265433551936, "n_waypoints_completed": 0, "tot_waypoints": 9}}
{"target": -1206.1737277784762, "params": {"k_pid_pos": [1.950811743736267, 0.9796222448348999, 1.0], "k_pid_alt": [2.0, 0.9563513994216919, 0.9469115734100342], "k_pid_att": [5.597585678100586, 0.019777381792664528, 0.013937175273895264], "k_pid_yaw": [0.5, 1e-06, 0.1], "k_pid_hsp": [9.834059715270996, 0.0, 0.0], "k_pid_vsp": [391.894775390625, 400.0, 365.32635498046875]}, "datetime": {"datetime": "2025-08-11 17:55:09", "elapsed": 5388.610224485397, "delta": 30.482412099838257}, "costs": {"total_cost": 1206.1737277784762, "time_cost": 150, "final_distance_cost": 45.551633261793164, "oscillation_cost": 438.62422682260336, "completition_cost": 444.4444444444444, "overshoot_cost": 66.1806978774691, "power_cost": 32.0221965209961, "noise_cost": 29.350528851169887, "n_waypoints_completed": 5, "tot_waypoints": 9}}
{"target": -3747.5174450127015, "params": {"k_pid_pos": [2.0, 0.9592478275299072, 0.9725990295410156], "k_pid_alt": [2.0, 1.0, 0.9396936893463135], "k_pid_att": [0.0, 0.3683337867259979, 0.0], "k_pid_yaw": [0.5, 1e-06, 0.1], "k_pid_hsp": [10.0, 0.0, 0.041645586490631104], "k_pid_vsp": [400.0, 400.0, 391.9710998535156]}, "datetime": {"datetime": "2025-08-11 17:55:38", "elapsed": 5418.265955209732, "delta": 29.655730724334717}, "costs": {"total_cost": 3747.5174450127015, "time_cost": 150, "final_distance_cost": 197.13336816492134, "oscillation_cost": 1543.4899380133456, "completition_cost": 1000.0, "overshoot_cost": 627.7536690331343, "power_cost": 57.18408198242188, "noise_cost": 171.9563878188783, "n_waypoints_completed": 0, "tot_waypoints": 9}}
{"target": -1122.5114854474837, "params": {"k_pid_pos": [2.0, 0.9620689749717712, 0.9556925296783447], "k_pid_alt": [2.0, 1.0, 1.0], "k_pid_att": [0.44003427028656006, 9.999999747378752e-05, 0.011110782623291016], "k_pid_yaw": [0.5, 1e-06, 0.1], "k_pid_hsp": [10.0, 0.0, 0.01539522409439087], "k_pid_vsp": [400.0, 400.0, 400.0]}, "datetime": {"datetime": "2025-08-11 17:56:11", "elapsed": 5450.415576219559, "delta": 32.14962100982666}, "costs": {"total_cost": 1122.5114854474837, "time_cost": 150, "final_distance_cost": 57.38348628027322, "oscillation_cost": 111.23733148171388, "completition_cost": 666.6666666666667, "overshoot_cost": 73.55705894968851, "power_cost": 33.409151123046875, "noise_cost": 30.2577909460942, "n_waypoints_completed": 3, "tot_waypoints": 9}}
{"target": -1332.1560308717994, "params": {"k_pid_pos": [2.0, 0.9984719753265381, 1.0], "k_pid_alt": [2.0, 1.0, 0.891675591468811], "k_pid_att": [5.28281307220459, 0.3976932466030121, 0.0], "k_pid_yaw": [0.5, 1e-06, 0.1], "k_pid_hsp": [9.5127534866333, 0.025173932313919067, 0.0], "k_pid_vsp": [396.6672058105469, 370.7491455078125, 400.0]}, "datetime": {"datetime": "2025-08-11 17:56:41", "elapsed": 5481.153797149658, "delta": 30.738220930099487}, "costs": {"total_cost": 1332.1560308717994, "time_cost": 150, "final_distance_cost": 43.0712581060906, "oscillation_cost": 452.36885320575345, "completition_cost": 555.5555555555555, "overshoot_cost": 68.45517720547272, "power_cost": 32.9008490234375, "noise_cost": 29.804337775489703, "n_waypoints_completed": 4, "tot_waypoints": 9}}
{"target": -3699.44620860498, "params": {"k_pid_pos": [2.0, 0.9773876667022705, 0.974029541015625], "k_pid_alt": [1.877679705619812, 1.0, 1.0], "k_pid_att": [0.0, 9.999999747378752e-05, 0.06172385811805725], "k_pid_yaw": [0.5, 1e-06, 0.1], "k_pid_hsp": [9.971917152404785, 0.0, 0.019025713205337524], "k_pid_vsp": [399.31585693359375, 400.0, 386.45745849609375]}, "datetime": {"datetime": "2025-08-11 17:57:12", "elapsed": 5511.607368707657, "delta": 30.453571557998657}, "costs": {"total_cost": 3699.44620860498, "time_cost": 150, "final_distance_cost": 384.53189908602883, "oscillation_cost": 3.951377878817183, "completition_cost": 1000.0, "overshoot_cost": 2034.083429348683, "power_cost": 29.693769946289063, "noise_cost": 97.18573234516187, "n_waypoints_completed": 0, "tot_waypoints": 9}}
{"target": -1698.7592243566949, "params": {"k_pid_pos": [2.0, 0.8822519779205322, 0.9947857856750488], "k_pid_alt": [1.9171462059020996, 0.9926048517227173, 0.9946416020393372], "k_pid_att": [2.3309497833251953, 0.09728410094976425, 0.05314582586288452], "k_pid_yaw": [0.5, 1e-06, 0.1], "k_pid_hsp": [10.0, 0.0, 0.0], "k_pid_vsp": [381.7166442871094, 400.0, 374.92755126953125]}, "datetime": {"datetime": "2025-08-11 17:57:42", "elapsed": 5542.047243833542, "delta": 30.43987512588501}, "costs": {"total_cost": 1698.7592243566949, "time_cost": 150, "final_distance_cost": 0.9989193523201523, "oscillation_cost": 262.1378077661233, "completition_cost": 1000.0, "overshoot_cost": 157.99682348584676, "power_cost": 29.564853417968752, "noise_cost": 98.06082033443575, "n_waypoints_completed": 0, "tot_waypoints": 9}}
{"target": -1157.1126753073727, "params": {"k_pid_pos": [2.0, 1.0, 0.9980940818786621], "k_pid_alt": [1.9443717002868652, 1.0, 0.9366114735603333], "k_pid_att": [11.828798294067383, 0.2874695658683777, 0.0], "k_pid_yaw": [0.5, 1e-06, 0.1], "k_pid_hsp": [10.0, 0.0, 0.06814530491828918], "k_pid_vsp": [400.0, 400.0, 400.0]}, "datetime": {"datetime": "2025-08-11 17:58:13", "elapsed": 5572.672571182251, "delta": 30.625327348709106}, "costs": {"total_cost": 1157.1126753073727, "time_cost": 150, "final_distance_cost": 55.45638682275742, "oscillation_cost": 497.85383110439574, "completition_cost": 333.33333333333337, "overshoot_cost": 57.93461577313123, "power_cost": 32.41067556152344, "noise_cost": 30.1238327122312, "n_waypoints_completed": 6, "tot_waypoints": 9}}
{"target": -1723.7610861640107, "params": {"k_pid_pos": [1.964147686958313, 0.9352707862854004, 0.9665424227714539], "k_pid_alt": [1.8914718627929688, 1.0, 1.0], "k_pid_att": [3.168794631958008, 9.999999747378752e-05, 0.04101252555847168], "k_pid_yaw": [0.5, 1e-06, 0.1], "k_pid_hsp": [10.0, 0.02122962474822998, 0.02926737070083618], "k_pid_vsp": [400.0, 387.3080139160156, 400.0]}, "datetime": {"datetime": "2025-08-11 17:58:43", "elapsed": 5602.881124258041, "delta": 30.208553075790405}, "costs": {"total_cost": 1723.7610861640107, "time_cost": 150, "final_distance_cost": 6.9528785990280895, "oscillation_cost": 372.6305912332283, "completition_cost": 1000.0, "overshoot_cost": 136.60887958726883, "power_cost": 30.768071435546876, "noise_cost": 26.800665308938484, "n_waypoints_completed": 0, "tot_waypoints": 9}}
{"target": -8381.32722172502, "params": {"k_pid_pos": [2.0, 0.9693564772605896, 0.948062539100647], "k_pid_alt": [1.7930872440338135, 1.0, 0.9689425826072693], "k_pid_att": [0.0, 9.999999747378752e-05, 0.0], "k_pid_yaw": [0.5, 1e-06, 0.1], "k_pid_hsp": [9.940196990966797, 0.0, 0.0], "k_pid_vsp": [384.8951721191406, 384.0479736328125, 400.0]}, "datetime": {"datetime": "2025-08-11 17:59:13", "elapsed": 5633.209791183472, "delta": 30.328666925430298}, "costs": {"total_cost": 8381.32722172502, "time_cost": 150, "final_distance_cost": 890.2066043034517, "oscillation_cost": 14.665161950542508, "completition_cost": 1000.0, "overshoot_cost": 6183.819284999143, "power_cost": 44.34613078613282, "noise_cost": 98.29003968574926, "n_waypoints_completed": 0, "tot_waypoints": 9}}
{"target": -988.3254466024599, "params": {"k_pid_pos": [1.8800740242004395, 0.9528321027755737, 1.0], "k_pid_alt": [2.0, 1.0, 0.9941635131835938], "k_pid_att": [7.363307476043701, 0.48547035455703735, 0.07689893245697021], "k_pid_yaw": [0.5, 1e-06, 0.1], "k_pid_hsp": [10.0, 0.0, 0.0], "k_pid_vsp": [400.0, 400.0, 388.15673828125]}, "datetime": {"datetime": "2025-08-11 17:59:44", "elapsed": 5664.11513876915, "delta": 30.9053475856781}, "costs": {"total_cost": 988.3254466024599, "time_cost": 150, "final_distance_cost": 61.682908377404836, "oscillation_cost": 318.58673933300025, "completition_cost": 333.33333333333337, "overshoot_cost": 65.92050812846955, "power_cost": 30.95459324951172, "noise_cost": 27.847364180740193, "n_waypoints_completed": 6, "tot_waypoints": 9}}
{"target": -1036.292939079275, "params": {"k_pid_pos": [1.9789243936538696, 0.9523379802703857, 1.0], "k_pid_alt": [1.9403389692306519, 0.9595906138420105, 0.975493311882019], "k_pid_att": [7.616972923278809, 0.1945894956588745, 0.0690130889415741], "k_pid_yaw": [0.5, 1e-06, 0.1], "k_pid_hsp": [9.764691352844238, 0.0, 0.0485571026802063], "k_pid_vsp": [400.0, 382.13897705078125, 365.447509765625]}, "datetime": {"datetime": "2025-08-11 18:00:15", "elapsed": 5694.567462682724, "delta": 30.45232391357422}, "costs": {"total_cost": 1036.292939079275, "time_cost": 150, "final_distance_cost": 51.90159820412645, "oscillation_cost": 381.6596024765089, "completition_cost": 333.33333333333337, "overshoot_cost": 57.10855347454552, "power_cost": 32.44930012207031, "noise_cost": 29.840551468690435, "n_waypoints_completed": 6, "tot_waypoints": 9}}
{"target": -7382.33604696384, "params": {"k_pid_pos": [2.0, 0.9610801935195923, 1.0], "k_pid_alt": [2.0, 0.928877592086792, 0.9237030744552612], "k_pid_att": [0.0, 0.3303484320640564, 0.05116578936576843], "k_pid_yaw": [0.5, 1e-06, 0.1], "k_pid_hsp": [9.886297225952148, 0.057077765464782715, 0.0], "k_pid_vsp": [376.8215637207031, 400.0, 400.0]}, "datetime": {"datetime": "2025-08-11 18:00:45", "elapsed": 5724.899786233902, "delta": 30.33232355117798}, "costs": {"total_cost": 7382.33604696384, "time_cost": 150, "final_distance_cost": 2008.6121012724238, "oscillation_cost": 1320.5882717497323, "completition_cost": 1000.0, "overshoot_cost": 2673.2039447577804, "power_cost": 58.14992303466797, "noise_cost": 171.78180614923647, "n_waypoints_completed": 0, "tot_waypoints": 9}}
{"target": -1707.720100711029, "params": {"k_pid_pos": [2.0, 1.0, 0.9856430292129517], "k_pid_alt": [2.0, 0.9559623599052429, 1.0], "k_pid_att": [2.794516086578369, 0.4644027054309845, 0.053284138441085815], "k_pid_yaw": [0.5, 1e-06, 0.1], "k_pid_hsp": [10.0, 0.0, 0.0], "k_pid_vsp": [400.0, 400.0, 372.1180419921875]}, "datetime": {"datetime": "2025-08-11 18:01:16", "elapsed": 5756.2627556324005, "delta": 31.362969398498535}, "costs": {"total_cost": 1707.720100711029, "time_cost": 150, "final_distance_cost": 0.998888139120142, "oscillation_cost": 293.98799333388774, "completition_cost": 1000.0, "overshoot_cost": 152.5561711217907, "power_cost": 29.743635668945313, "noise_cost": 80.43341244728528, "n_waypoints_completed": 0, "tot_waypoints": 9}}
{"target": -5575.310827418178, "params": {"k_pid_pos": [1.893919825553894, 0.9925031065940857, 1.0], "k_pid_alt": [1.9187963008880615, 0.9504958391189575, 0.9704203605651855], "k_pid_att": [0.0, 9.999999747378752e-05, 0.026557326316833496], "k_pid_yaw": [0.5, 1e-06, 0.1], "k_pid_hsp": [8.906091690063477, 0.0, 0.0], "k_pid_vsp": [385.82562255859375, 400.0, 400.0]}, "datetime": {"datetime": "2025-08-11 18:01:47", "elapsed": 5786.3857588768005, "delta": 30.123003244400024}, "costs": {"total_cost": 5575.310827418178, "time_cost": 150, "final_distance_cost": 1547.7600579571608, "oscillation_cost": 6.181069121756292, "completition_cost": 1000.0, "overshoot_cost": 2761.5714765851835, "power_cost": 31.38594617919922, "noise_cost": 78.41227757487837, "n_waypoints_completed": 0, "tot_waypoints": 9}}
{"target": -1099.3514264702376, "params": {"k_pid_pos": [2.0, 0.9801023006439209, 1.0], "k_pid_alt": [2.0, 1.0, 1.0], "k_pid_att": [4.749166965484619, 0.6064957976341248, 0.0], "k_pid_yaw": [0.5, 1e-06, 0.1], "k_pid_hsp": [9.623924255371094, 0.02437061071395874, 0.014005035161972046], "k_pid_vsp": [400.0, 400.0, 400.0]}, "datetime": {"datetime": "2025-08-11 18:02:17", "elapsed": 5816.557546615601, "delta": 30.17178773880005}, "costs": {"total_cost": 1099.3514264702376, "time_cost": 150, "final_distance_cost": 61.13966661967823, "oscillation_cost": 425.6718816724926, "completition_cost": 333.33333333333337, "overshoot_cost": 66.25276379186576, "power_cost": 33.24734819335938, "noise_cost": 29.70643285950827, "n_waypoints_completed": 6, "tot_waypoints": 9}}
{"target": -1621.250162532737, "params": {"k_pid_pos": [1.8788161277770996, 1.0, 0.9051951169967651], "k_pid_alt": [2.0, 1.0, 0.9306085705757141], "k_pid_att": [1.218324899673462, 9.999999747378752e-05, 0.04337507486343384], "k_pid_yaw": [0.5, 1e-06, 0.1], "k_pid_hsp": [9.840808868408203, 0.09179237484931946, 0.0], "k_pid_vsp": [400.0, 387.7776184082031, 400.0]}, "datetime": {"datetime": "2025-08-11 18:02:47", "elapsed": 5847.158006429672, "delta": 30.600459814071655}, "costs": {"total_cost": 1621.250162532737, "time_cost": 150, "final_distance_cost": 0.9993318425279324, "oscillation_cost": 195.18186467080693, "completition_cost": 1000.0, "overshoot_cost": 153.80095808086134, "power_cost": 29.501779248046876, "noise_cost": 91.76622869049409, "n_waypoints_completed": 0, "tot_waypoints": 9}}
{"target": -4340.1496325022335, "params": {"k_pid_pos": [2.0, 0.9312193393707275, 1.0], "k_pid_alt": [2.0, 1.0, 0.8875447511672974], "k_pid_att": [0.0, 0.3225519359111786, 0.0], "k_pid_yaw": [0.5, 1e-06, 0.1], "k_pid_hsp": [10.0, 0.0004520714282989502, 0.0], "k_pid_vsp": [400.0, 375.1661682128906, 400.0]}, "datetime": {"datetime": "2025-08-11 18:03:18", "elapsed": 5877.71737408638, "delta": 30.559367656707764}, "costs": {"total_cost": 4340.1496325022335, "time_cost": 150, "final_distance_cost": 414.99678538668024, "oscillation_cost": 1425.568567243264, "completition_cost": 1000.0, "overshoot_cost": 1120.4491753266398, "power_cost": 57.16559488525391, "noise_cost": 171.96950966039515, "n_waypoints_completed": 0, "tot_waypoints": 9}}
{"target": -1225.6360083781808, "params": {"k_pid_pos": [1.8092613220214844, 1.0, 1.0], "k_pid_alt": [2.0, 1.0, 0.977755069732666], "k_pid_att": [6.027716636657715, 9.999999747378752e-05, 0.0], "k_pid_yaw": [0.5, 1e-06, 0.1], "k_pid_hsp": [10.0, 0.01790034770965576, 0.0], "k_pid_vsp": [400.0, 394.02789306640625, 373.7254638671875]}, "datetime": {"datetime": "2025-08-11 18:03:48", "elapsed": 5907.843021392822, "delta": 30.12564730644226}, "costs": {"total_cost": 1225.6360083781808, "time_cost": 150, "final_distance_cost": 54.14022407582458, "oscillation_cost": 451.6781437344944, "completition_cost": 444.4444444444444, "overshoot_cost": 63.961987679407784, "power_cost": 31.968045825195315, "noise_cost": 29.44316261881455, "n_waypoints_completed": 5, "tot_waypoints": 9}}
{"target": -6600.432514800717, "params": {"k_pid_pos": [2.0, 1.0, 0.9649327993392944], "k_pid_alt": [1.9960335493087769, 1.0, 1.0], "k_pid_att": [0.0, 0.10842141509056091, 0.0], "k_pid_yaw": [0.5, 1e-06, 0.1], "k_pid_hsp": [9.483553886413574, 0.020281285047531128, 0.058896660804748535], "k_pid_vsp": [400.0, 400.0, 400.0]}, "datetime": {"datetime": "2025-08-11 18:04:19", "elapsed": 5938.521440505981, "delta": 30.67841911315918}, "costs": {"total_cost": 6600.432514800717, "time_cost": 150, "final_distance_cost": 2170.2604471055633, "oscillation_cost": 854.5401474926457, "completition_cost": 1000.0, "overshoot_cost": 2197.2727227297178, "power_cost": 58.27311311035157, "noise_cost": 170.08608436243736, "n_waypoints_completed": 0, "tot_waypoints": 9}}
{"target": -7284.007279345254, "params": {"k_pid_pos": [1.9054577350616455, 0.9077998995780945, 1.0], "k_pid_alt": [2.0, 1.0, 0.9765288829803467], "k_pid_att": [0.0, 9.999999747378752e-05, 0.0007275640964508057], "k_pid_yaw": [0.5, 1e-06, 0.1], "k_pid_hsp": [10.0, 0.0, 0.0], "k_pid_vsp": [389.1526794433594, 400.0, 393.5049743652344]}, "datetime": {"datetime": "2025-08-11 18:04:49", "elapsed": 5968.875960350037, "delta": 30.354519844055176}, "costs": {"total_cost": 7284.007279345254, "time_cost": 150, "final_distance_cost": 1516.59268616622, "oscillation_cost": 13.162486218059687, "completition_cost": 1000.0, "overshoot_cost": 4476.92332549577, "power_cost": 43.26502764892578, "noise_cost": 84.0637538162785, "n_waypoints_completed": 0, "tot_waypoints": 9}}
{"target": -1119.9347331882543, "params": {"k_pid_pos": [1.85312819480896, 1.0, 0.9763215780258179], "k_pid_alt": [2.0, 0.9917178153991699, 0.999851644039154], "k_pid_att": [5.428328990936279, 0.8473548889160156, 0.0], "k_pid_yaw": [0.5, 1e-06, 0.1], "k_pid_hsp": [9.386252403259277, 0.0, 0.06432414054870605], "k_pid_vsp": [400.0, 359.2505187988281, 400.0]}, "datetime": {"datetime": "2025-08-11 18:05:20", "elapsed": 5999.390106916428, "delta": 30.51414656639099}, "costs": {"total_cost": 1119.9347331882543, "time_cost": 150, "final_distance_cost": 63.869777098697014, "oscillation_cost": 443.49811226795003, "completition_cost": 333.33333333333337, "overshoot_cost": 67.49334296029669, "power_cost": 33.223045007324224, "noise_cost": 28.51712252065319, "n_waypoints_completed": 6, "tot_waypoints": 9}}
{"target": -8139.471567054637, "params": {"k_pid_pos": [2.0, 0.9837135076522827, 0.9857355356216431], "k_pid_alt": [2.0, 0.9883424043655396, 0.9756388068199158], "k_pid_att": [0.0, 9.999999747378752e-05, 0.0], "k_pid_yaw": [0.5, 1e-06, 0.1], "k_pid_hsp": [9.307181358337402, 0.03950271010398865, 0.0], "k_pid_vsp": [400.0, 395.26959228515625, 372.97509765625]}, "datetime": {"datetime": "2025-08-11 18:06:00", "elapsed": 6039.719027757645, "delta": 40.32892084121704}, "costs": {"total_cost": 8139.471567054637, "time_cost": 150, "final_distance_cost": 1195.9215527439997, "oscillation_cost": 15.195025880576116, "completition_cost": 1000.0, "overshoot_cost": 5653.943779183193, "power_cost": 45.114970458984374, "noise_cost": 79.29623878788348, "n_waypoints_completed": 0, "tot_waypoints": 9}}
{"target": -6673.142543947329, "params": {"k_pid_pos": [2.0, 1.0, 0.9953389763832092], "k_pid_alt": [2.0, 0.9879696369171143, 1.0], "k_pid_att": [0.0, 0.27775293588638306, 0.03302347660064697], "k_pid_yaw": [0.5, 1e-06, 0.1], "k_pid_hsp": [10.0, 0.010656297206878662, 0.0], "k_pid_vsp": [396.588134765625, 393.62884521484375, 400.0]}, "datetime": {"datetime": "2025-08-11 18:06:32", "elapsed": 6071.58136343956, "delta": 31.862335681915283}, "costs": {"total_cost": 6673.142543947329, "time_cost": 150, "final_distance_cost": 1245.309257301762, "oscillation_cost": 1251.50917542675, "completition_cost": 1000.0, "overshoot_cost": 2796.6545602983174, "power_cost": 58.19696931152344, "noise_cost": 171.47258160897584, "n_waypoints_completed": 0, "tot_waypoints": 9}}
{"target": -4096.762710522957, "params": {"k_pid_pos": [1.9449673891067505, 0.9229012727737427, 1.0], "k_pid_alt": [1.9309797286987305, 0.9749355316162109, 0.9667968153953552], "k_pid_att": [0.0, 0.6246872544288635, 0.0], "k_pid_yaw": [0.5, 1e-06, 0.1], "k_pid_hsp": [10.0, 0.0, 0.0452418327331543], "k_pid_vsp": [400.0, 392.46942138671875, 394.87158203125]}, "datetime": {"datetime": "2025-08-11 18:07:03", "elapsed": 6102.507473945618, "delta": 30.92611050605774}, "costs": {"total_cost": 4096.762710522957, "time_cost": 150, "final_distance_cost": 203.38063926139674, "oscillation_cost": 1958.9868954890137, "completition_cost": 1000.0, "overshoot_cost": 552.8478809835802, "power_cost": 57.31072501220704, "noise_cost": 174.23656977675896, "n_waypoints_completed": 0, "tot_waypoints": 9}}
{"target": -5203.552770104565, "params": {"k_pid_pos": [1.9940414428710938, 0.9589556455612183, 1.0], "k_pid_alt": [2.0, 0.9786133170127869, 0.9314664602279663], "k_pid_att": [0.0, 9.999999747378752e-05, 0.03080609440803528], "k_pid_yaw": [0.5, 1e-06, 0.1], "k_pid_hsp": [10.0, 0.08320814371109009, 0.0], "k_pid_vsp": [385.8698425292969, 400.0, 400.0]}, "datetime": {"datetime": "2025-08-11 18:07:35", "elapsed": 6134.865222454071, "delta": 32.35774850845337}, "costs": {"total_cost": 5203.552770104565, "time_cost": 150, "final_distance_cost": 1362.0089498047007, "oscillation_cost": 5.653294175476664, "completition_cost": 1000.0, "overshoot_cost": 2573.29682881135, "power_cost": 30.798538977050782, "noise_cost": 81.79515833598634, "n_waypoints_completed": 0, "tot_waypoints": 9}}
{"target": -8878.26399571368, "params": {"k_pid_pos": [1.8894044160842896, 0.9820117950439453, 1.0], "k_pid_alt": [2.0, 0.9470432996749878, 0.9580473899841309], "k_pid_att": [0.0, 0.3391909897327423, 0.0], "k_pid_yaw": [0.5, 1e-06, 0.1], "k_pid_hsp": [9.876861572265625, 0.018209517002105713, 0.0654458999633789], "k_pid_vsp": [400.0, 382.2044677734375, 382.7212829589844]}, "datetime": {"datetime": "2025-08-11 18:08:05", "elapsed": 6165.154565572739, "delta": 30.289343118667603}, "costs": {"total_cost": 8878.26399571368, "time_cost": 150, "final_distance_cost": 3016.1986177039307, "oscillation_cost": 1510.0955261545762, "completition_cost": 1000.0, "overshoot_cost": 2970.214125150511, "power_cost": 58.04426412353516, "noise_cost": 173.71146258112825, "n_waypoints_completed": 0, "tot_waypoints": 9}}
