{"target": -943.5377454481414, "params": {"k_pid_pos": [2.0, 1.0, 0.9222246408462524], "k_pid_alt": [1.9587270021438599, 1.0, 1.0], "k_pid_att": [1.3540267944335938, 0.4420181214809418, 0.0], "k_pid_yaw": [0.5, 1e-06, 0.1], "k_pid_hsp": [9.867850303649902, 0.0, 0.01338687539100647], "k_pid_vsp": [400.0, 400.0, 400.0]}, "datetime": {"datetime": "2025-08-11 19:47:05", "elapsed": 12104.695117473602, "delta": 29.975821018218994}, "costs": {"total_cost": 943.5377454481414, "time_cost": 150, "final_distance_cost": 65.59505349091602, "oscillation_cost": 267.023680934995, "completition_cost": 333.33333333333337, "overshoot_cost": 64.23284171947645, "power_cost": 34.28880437011719, "noise_cost": 29.064031599303323, "n_waypoints_completed": 6, "tot_waypoints": 9}}
{"target": -3672.1866417483625, "params": {"k_pid_pos": [1.8997790813446045, 0.917458176612854, 0.9608007669448853], "k_pid_alt": [2.0, 1.0, 1.0], "k_pid_att": [0.0, 9.999999747378752e-05, 0.0691227912902832], "k_pid_yaw": [0.5, 1e-06, 0.1], "k_pid_hsp": [10.0, 0.0, 0.03607982397079468], "k_pid_vsp": [400.0, 388.77099609375, 400.0]}, "datetime": {"datetime": "2025-08-11 19:47:35", "elapsed": 12134.751213312149, "delta": 30.056095838546753}, "costs": {"total_cost": 3672.1866417483625, "time_cost": 150, "final_distance_cost": 410.6400561605728, "oscillation_cost": 3.7802158559811714, "completition_cost": 1000.0, "overshoot_cost": 1967.6105012953485, "power_cost": 29.569571997070312, "noise_cost": 110.58629643938939, "n_waypoints_completed": 0, "tot_waypoints": 9}}
{"target": -8120.749694793398, "params": {"k_pid_pos": [1.9057762622833252, 0.9313919544219971, 1.0], "k_pid_alt": [2.0, 0.9552648067474365, 1.0], "k_pid_att": [0.0, 9.999999747378752e-05, 0.0], "k_pid_yaw": [0.5, 1e-06, 0.1], "k_pid_hsp": [9.252507209777832, 0.01756080985069275, 0.05455958843231201], "k_pid_vsp": [400.0, 375.6568298339844, 400.0]}, "datetime": {"datetime": "2025-08-11 19:48:06", "elapsed": 12165.493827342987, "delta": 30.742614030838013}, "costs": {"total_cost": 8120.749694793398, "time_cost": 150, "final_distance_cost": 744.0425306790194, "oscillation_cost": 14.70093152441125, "completition_cost": 1000.0, "overshoot_cost": 6069.966506915733, "power_cost": 44.989393676757814, "noise_cost": 97.0503319974769, "n_waypoints_completed": 0, "tot_waypoints": 9}}
{"target": -7451.002311092148, "params": {"k_pid_pos": [1.976064682006836, 1.0, 0.9656705856323242], "k_pid_alt": [1.9869956970214844, 0.939536452293396, 0.9888220429420471], "k_pid_att": [0.0, 0.6986094117164612, 0.0], "k_pid_yaw": [0.5, 1e-06, 0.1], "k_pid_hsp": [9.722790718078613, 0.0, 0.0], "k_pid_vsp": [370.9715270996094, 400.0, 400.0]}, "datetime": {"datetime": "2025-08-11 19:48:36", "elapsed": 12195.747869491577, "delta": 30.254042148590088}, "costs": {"total_cost": 7451.002311092148, "time_cost": 150, "final_distance_cost": 1690.0494384114281, "oscillation_cost": 2343.2115165774303, "completition_cost": 1000.0, "overshoot_cost": 2035.0570453624757, "power_cost": 57.207273071289066, "noise_cost": 175.47703766952546, "n_waypoints_completed": 0, "tot_waypoints": 9}}
{"target": -5066.656886813419, "params": {"k_pid_pos": [2.0, 1.0, 0.9214635491371155], "k_pid_alt": [1.9889779090881348, 0.9912294149398804, 0.9600964784622192], "k_pid_att": [0.0, 0.3080097436904907, 0.02721238136291504], "k_pid_yaw": [0.5, 1e-06, 0.1], "k_pid_hsp": [10.0, 0.0, 0.010815083980560303], "k_pid_vsp": [400.0, 400.0, 400.0]}, "datetime": {"datetime": "2025-08-11 19:49:06", "elapsed": 12226.274575710297, "delta": 30.526706218719482}, "costs": {"total_cost": 5066.656886813419, "time_cost": 150, "final_distance_cost": 480.1552956193801, "oscillation_cost": 1345.1595525841476, "completition_cost": 1000.0, "overshoot_cost": 1862.239279003603, "power_cost": 57.85513469238281, "noise_cost": 171.24762491390575, "n_waypoints_completed": 0, "tot_waypoints": 9}}
{"target": -1086.7132031343351, "params": {"k_pid_pos": [2.0, 1.0, 1.0], "k_pid_alt": [1.9085400104522705, 0.9102004170417786, 0.9837042093276978], "k_pid_att": [4.791626453399658, 0.33638542890548706, 0.0], "k_pid_yaw": [0.5, 1e-06, 0.1], "k_pid_hsp": [9.473219871520996, 0.0, 0.04419833421707153], "k_pid_vsp": [400.0, 400.0, 372.7425842285156]}, "datetime": {"datetime": "2025-08-11 19:49:37", "elapsed": 12256.603077888489, "delta": 30.32850217819214}, "costs": {"total_cost": 1086.7132031343351, "time_cost": 150, "final_distance_cost": 64.25700346248145, "oscillation_cost": 416.54865399306806, "completition_cost": 333.33333333333337, "overshoot_cost": 59.096042506619696, "power_cost": 33.72180330810547, "noise_cost": 29.75636653072696, "n_waypoints_completed": 6, "tot_waypoints": 9}}
{"target": -1856.1668695381663, "params": {"k_pid_pos": [2.0, 0.9388732314109802, 1.0], "k_pid_alt": [1.9596970081329346, 0.9426490664482117, 0.9858452081680298], "k_pid_att": [0.0, 9.999999747378752e-05, 0.15476197004318237], "k_pid_yaw": [0.5, 1e-06, 0.1], "k_pid_hsp": [10.0, 0.0295884907245636, 0.0], "k_pid_vsp": [376.98480224609375, 397.3008117675781, 400.0]}, "datetime": {"datetime": "2025-08-11 19:50:08", "elapsed": 12288.074173927307, "delta": 31.47109603881836}, "costs": {"total_cost": 1856.1668695381663, "time_cost": 150, "final_distance_cost": 186.25913697775914, "oscillation_cost": 2.5689536032285742, "completition_cost": 1000.0, "overshoot_cost": 374.1296771060889, "power_cost": 29.29041423339844, "noise_cost": 113.91868761769128, "n_waypoints_completed": 0, "tot_waypoints": 9}}
{"target": -12184.511637450489, "params": {"k_pid_pos": [2.0, 1.0, 0.9802461266517639], "k_pid_alt": [1.9438526630401611, 0.9568603038787842, 1.0], "k_pid_att": [0.0, 0.4176463186740875, 0.0], "k_pid_yaw": [0.5, 1e-06, 0.1], "k_pid_hsp": [9.989480972290039, 0.024271726608276367, 0.0], "k_pid_vsp": [398.9034729003906, 389.67901611328125, 400.0]}, "datetime": {"datetime": "2025-08-11 19:50:38", "elapsed": 12318.33338046074, "delta": 30.259206533432007}, "costs": {"total_cost": 12184.511637450489, "time_cost": 150, "final_distance_cost": 3903.8317347607913, "oscillation_cost": 1793.4229004629703, "completition_cost": 1000.0, "overshoot_cost": 5103.904720728878, "power_cost": 58.00152056884766, "noise_cost": 175.35076092900232, "n_waypoints_completed": 0, "tot_waypoints": 9}}
{"target": -1631.4715089887475, "params": {"k_pid_pos": [2.0, 0.9564038515090942, 0.9669226408004761], "k_pid_alt": [2.0, 1.0, 1.0], "k_pid_att": [1.187846064567566, 9.999999747378752e-05, 0.0], "k_pid_yaw": [0.5, 1e-06, 0.1], "k_pid_hsp": [9.194459915161133, 0.04077017307281494, 0.0], "k_pid_vsp": [400.0, 363.8446044921875, 400.0]}, "datetime": {"datetime": "2025-08-11 19:51:10", "elapsed": 12350.049758911133, "delta": 31.716378450393677}, "costs": {"total_cost": 1631.4715089887475, "time_cost": 150, "final_distance_cost": 18.97891361640327, "oscillation_cost": 289.07980198224544, "completition_cost": 1000.0, "overshoot_cost": 115.14768610634485, "power_cost": 31.475209204101564, "noise_cost": 26.789898079652552, "n_waypoints_completed": 0, "tot_waypoints": 9}}
{"target": -1677.4015087522184, "params": {"k_pid_pos": [2.0, 1.0, 0.855475664138794], "k_pid_alt": [1.8338804244995117, 0.9906200170516968, 1.0], "k_pid_att": [1.9234240055084229, 9.999999747378752e-05, 0.0], "k_pid_yaw": [0.5, 1e-06, 0.1], "k_pid_hsp": [9.529753684997559, 0.06755110621452332, 0.0], "k_pid_vsp": [384.6112976074219, 395.8928527832031, 400.0]}, "datetime": {"datetime": "2025-08-11 19:51:40", "elapsed": 12379.889288425446, "delta": 29.839529514312744}, "costs": {"total_cost": 1677.4015087522184, "time_cost": 150, "final_distance_cost": 38.356824549514194, "oscillation_cost": 353.37952423627974, "completition_cost": 1000.0, "overshoot_cost": 77.58988819977617, "power_cost": 31.33632891845703, "noise_cost": 26.7389428481916, "n_waypoints_completed": 0, "tot_waypoints": 9}}
{"target": -1059.3311912654972, "params": {"k_pid_pos": [1.9943552017211914, 0.8963775634765625, 0.9663007259368896], "k_pid_alt": [2.0, 1.0, 0.8716506958007812], "k_pid_att": [9.17259407043457, 0.282406210899353, 0.05209580063819885], "k_pid_yaw": [0.5, 1e-06, 0.1], "k_pid_hsp": [10.0, 0.0558813214302063, 0.0], "k_pid_vsp": [389.74237060546875, 387.21734619140625, 400.0]}, "datetime": {"datetime": "2025-08-11 19:52:10", "elapsed": 12409.911437273026, "delta": 30.022148847579956}, "costs": {"total_cost": 1059.3311912654972, "time_cost": 150, "final_distance_cost": 63.699703868503434, "oscillation_cost": 383.2981522390002, "completition_cost": 333.33333333333337, "overshoot_cost": 68.08962188797233, "power_cost": 32.250040563964845, "noise_cost": 28.660339372723016, "n_waypoints_completed": 6, "tot_waypoints": 9}}
{"target": -4022.1438150323775, "params": {"k_pid_pos": [2.0, 0.9706844091415405, 0.950391411781311], "k_pid_alt": [1.9390549659729004, 0.9454969167709351, 0.9720536470413208], "k_pid_att": [0.0, 0.1260358989238739, 0.0], "k_pid_yaw": [0.5, 1e-06, 0.1], "k_pid_hsp": [10.0, 0.0, 0.0], "k_pid_vsp": [363.4258728027344, 400.0, 400.0]}, "datetime": {"datetime": "2025-08-11 19:52:41", "elapsed": 12440.68090057373, "delta": 30.769463300704956}, "costs": {"total_cost": 4022.1438150323775, "time_cost": 150, "final_distance_cost": 383.72257894033004, "oscillation_cost": 859.8156293976504, "completition_cost": 1000.0, "overshoot_cost": 1404.0950760338458, "power_cost": 56.889431567382815, "noise_cost": 167.62109909316834, "n_waypoints_completed": 0, "tot_waypoints": 9}}
{"target": -4648.813420035886, "params": {"k_pid_pos": [2.0, 1.0, 1.0], "k_pid_alt": [2.0, 1.0, 1.0], "k_pid_att": [0.0, 0.43600645661354065, 0.0068555474281311035], "k_pid_yaw": [0.5, 1e-06, 0.1], "k_pid_hsp": [10.0, 0.0, 0.0], "k_pid_vsp": [356.1803894042969, 400.0, 398.70751953125]}, "datetime": {"datetime": "2025-08-11 19:53:11", "elapsed": 12471.209770917892, "delta": 30.528870344161987}, "costs": {"total_cost": 4648.813420035886, "time_cost": 150, "final_distance_cost": 533.3116959335906, "oscillation_cost": 1608.071246352716, "completition_cost": 1000.0, "overshoot_cost": 1127.4046880823241, "power_cost": 57.1564783569336, "noise_cost": 172.8693113103214, "n_waypoints_completed": 0, "tot_waypoints": 9}}
{"target": -4599.952867015255, "params": {"k_pid_pos": [1.891329288482666, 1.0, 1.0], "k_pid_alt": [2.0, 1.0, 0.9611346125602722], "k_pid_att": [0.0, 0.5433927178382874, 0.0], "k_pid_yaw": [0.5, 1e-06, 0.1], "k_pid_hsp": [9.696985244750977, 0.0, 0.0], "k_pid_vsp": [400.0, 387.9382019042969, 380.3957824707031]}, "datetime": {"datetime": "2025-08-11 19:53:41", "elapsed": 12501.056962966919, "delta": 29.84719204902649}, "costs": {"total_cost": 4599.952867015255, "time_cost": 150, "final_distance_cost": 324.5500377417236, "oscillation_cost": 1904.0914944144224, "completition_cost": 1000.0, "overshoot_cost": 989.2970784655582, "power_cost": 57.766846569824224, "noise_cost": 174.24740982372612, "n_waypoints_completed": 0, "tot_waypoints": 9}}
{"target": -1416.6033922693616, "params": {"k_pid_pos": [1.8801357746124268, 0.9140402674674988, 0.9440120458602905], "k_pid_alt": [1.9439611434936523, 0.9538462162017822, 1.0], "k_pid_att": [3.8515539169311523, 9.999999747378752e-05, 0.0], "k_pid_yaw": [0.5, 1e-06, 0.1], "k_pid_hsp": [10.0, 0.02583909034729004, 0.0], "k_pid_vsp": [387.215576171875, 391.1815185546875, 386.1119689941406]}, "datetime": {"datetime": "2025-08-11 19:54:12", "elapsed": 12531.847759723663, "delta": 30.790796756744385}, "costs": {"total_cost": 1416.6033922693616, "time_cost": 150, "final_distance_cost": 52.52369201089458, "oscillation_cost": 418.6799820590018, "completition_cost": 666.6666666666667, "overshoot_cost": 68.25327461470755, "power_cost": 31.748158422851564, "noise_cost": 28.73161849523954, "n_waypoints_completed": 3, "tot_waypoints": 9}}
{"target": -1880.398396716767, "params": {"k_pid_pos": [1.9913270473480225, 1.0, 0.9639022350311279], "k_pid_alt": [2.0, 1.0, 1.0], "k_pid_att": [8.34939193725586, 9.999999747378752e-05, 0.0], "k_pid_yaw": [0.5, 1e-06, 0.1], "k_pid_hsp": [10.0, 0.0, 0.0], "k_pid_vsp": [400.0, 400.0, 381.9613342285156]}, "datetime": {"datetime": "2025-08-11 19:54:42", "elapsed": 12561.93681716919, "delta": 30.089057445526123}, "costs": {"total_cost": 1880.398396716767, "time_cost": 150, "final_distance_cost": 38.41581693155455, "oscillation_cost": 557.1851974922565, "completition_cost": 1000.0, "overshoot_cost": 75.57036372881409, "power_cost": 31.079653088378908, "noise_cost": 28.147365475762545, "n_waypoints_completed": 0, "tot_waypoints": 9}}
{"target": -1716.7363179387125, "params": {"k_pid_pos": [2.0, 1.0, 1.0], "k_pid_alt": [1.9778039455413818, 0.9611933827400208, 0.9447858333587646], "k_pid_att": [3.030705451965332, 9.999999747378752e-05, 0.030881285667419434], "k_pid_yaw": [0.5, 1e-06, 0.1], "k_pid_hsp": [10.0, 0.0, 0.0], "k_pid_vsp": [400.0, 400.0, 374.4154968261719]}, "datetime": {"datetime": "2025-08-11 19:55:13", "elapsed": 12592.699813365936, "delta": 30.762996196746826}, "costs": {"total_cost": 1716.7363179387125, "time_cost": 150, "final_distance_cost": 0.8595876337003373, "oscillation_cost": 352.5657834637766, "completition_cost": 1000.0, "overshoot_cost": 142.54069503263102, "power_cost": 29.99214239501953, "noise_cost": 40.778109413585135, "n_waypoints_completed": 0, "tot_waypoints": 9}}
{"target": -4446.996837026791, "params": {"k_pid_pos": [2.0, 1.0, 1.0], "k_pid_alt": [1.9602665901184082, 1.0, 1.0], "k_pid_att": [0.0, 9.999999747378752e-05, 0.04944336414337158], "k_pid_yaw": [0.5, 1e-06, 0.1], "k_pid_hsp": [9.716975212097168, 0.017278313636779785, 0.0], "k_pid_vsp": [347.45611572265625, 400.0, 391.6863098144531]}, "datetime": {"datetime": "2025-08-11 19:55:43", "elapsed": 12622.802453517914, "delta": 30.10264015197754}, "costs": {"total_cost": 4446.996837026791, "time_cost": 150, "final_distance_cost": 802.9658019030728, "oscillation_cost": 4.145524796911283, "completition_cost": 1000.0, "overshoot_cost": 2366.699827419303, "power_cost": 29.849690856933595, "noise_cost": 93.33599205057115, "n_waypoints_completed": 0, "tot_waypoints": 9}}
{"target": -8605.590857154903, "params": {"k_pid_pos": [2.0, 1.0, 1.0], "k_pid_alt": [1.8887193202972412, 0.889431893825531, 0.9902164936065674], "k_pid_att": [0.0, 9.999999747378752e-05, 0.0], "k_pid_yaw": [0.5, 1e-06, 0.1], "k_pid_hsp": [9.40107250213623, 0.012370675802230835, 0.044574886560440063], "k_pid_vsp": [358.25799560546875, 395.9208068847656, 393.86077880859375]}, "datetime": {"datetime": "2025-08-11 19:56:15", "elapsed": 12654.595602989197, "delta": 31.79314947128296}, "costs": {"total_cost": 8605.590857154903, "time_cost": 150, "final_distance_cost": 544.4581589273712, "oscillation_cost": 14.46297775156492, "completition_cost": 1000.0, "overshoot_cost": 6749.051837771732, "power_cost": 44.46425302734375, "noise_cost": 103.1536296768915, "n_waypoints_completed": 0, "tot_waypoints": 9}}
{"target": -1733.147588376171, "params": {"k_pid_pos": [1.960457682609558, 0.9730405807495117, 0.9543102979660034], "k_pid_alt": [1.9547039270401, 1.0, 0.9809682369232178], "k_pid_att": [1.957443356513977, 9.999999747378752e-05, 0.03550785779953003], "k_pid_yaw": [0.5, 1e-06, 0.1], "k_pid_hsp": [10.0, 0.0, 0.008724004030227661], "k_pid_vsp": [400.0, 390.3033752441406, 400.0]}, "datetime": {"datetime": "2025-08-11 19:56:49", "elapsed": 12689.10149025917, "delta": 34.505887269973755}, "costs": {"total_cost": 1733.147588376171, "time_cost": 150, "final_distance_cost": 0.9991637243977689, "oscillation_cost": 297.07290200064915, "completition_cost": 1000.0, "overshoot_cost": 158.3129062758506, "power_cost": 29.635774450683595, "noise_cost": 97.12684192458985, "n_waypoints_completed": 0, "tot_waypoints": 9}}
{"target": -8167.850373030197, "params": {"k_pid_pos": [1.9294135570526123, 0.8864439129829407, 1.0], "k_pid_alt": [1.8819235563278198, 0.9984527230262756, 1.0], "k_pid_att": [0.0, 9.999999747378752e-05, 0.0], "k_pid_yaw": [0.5, 1e-06, 0.1], "k_pid_hsp": [10.0, 0.0, 0.0], "k_pid_vsp": [400.0, 400.0, 389.13775634765625]}, "datetime": {"datetime": "2025-08-11 19:57:21", "elapsed": 12720.417248487473, "delta": 31.315758228302002}, "costs": {"total_cost": 8167.850373030197, "time_cost": 150, "final_distance_cost": 1074.2615609900781, "oscillation_cost": 14.926405656948502, "completition_cost": 1000.0, "overshoot_cost": 5795.09019228969, "power_cost": 44.77765987548828, "noise_cost": 88.79455421799197, "n_waypoints_completed": 0, "tot_waypoints": 9}}
{"target": -1103.596538696256, "params": {"k_pid_pos": [1.9004573822021484, 0.9714314937591553, 0.9525274038314819], "k_pid_alt": [2.0, 1.0, 1.0], "k_pid_att": [6.1838178634643555, 9.999999747378752e-05, 0.019306540489196777], "k_pid_yaw": [0.5, 1e-06, 0.1], "k_pid_hsp": [9.392850875854492, 0.010122805833816528, 0.03015357255935669], "k_pid_vsp": [400.0, 400.0, 400.0]}, "datetime": {"datetime": "2025-08-11 19:57:51", "elapsed": 12750.522779464722, "delta": 30.105530977249146}, "costs": {"total_cost": 1103.596538696256, "time_cost": 150, "final_distance_cost": 63.3212245685852, "oscillation_cost": 428.23555320200137, "completition_cost": 333.33333333333337, "overshoot_cost": 67.85288385308853, "power_cost": 31.751672412109375, "noise_cost": 29.101871327137953, "n_waypoints_completed": 6, "tot_waypoints": 9}}
{"target": -3649.7028746920028, "params": {"k_pid_pos": [1.888718843460083, 0.9301388263702393, 0.9663864970207214], "k_pid_alt": [1.9515876770019531, 1.0, 1.0], "k_pid_att": [0.0, 9.999999747378752e-05, 0.041062891483306885], "k_pid_yaw": [0.5, 1e-06, 0.1], "k_pid_hsp": [10.0, 0.028216183185577393, 0.06892675161361694], "k_pid_vsp": [400.0, 389.1642150878906, 400.0]}, "datetime": {"datetime": "2025-08-11 19:58:20", "elapsed": 12779.984790325165, "delta": 29.462010860443115}, "costs": {"total_cost": 3649.7028746920028, "time_cost": 150, "final_distance_cost": 229.53705606156515, "oscillation_cost": 4.779361231263015, "completition_cost": 1000.0, "overshoot_cost": 2143.918736100732, "power_cost": 30.272594140625003, "noise_cost": 91.1951271578173, "n_waypoints_completed": 0, "tot_waypoints": 9}}
{"target": -4655.06960348633, "params": {"k_pid_pos": [1.9686297178268433, 1.0, 1.0], "k_pid_alt": [2.0, 1.0, 0.9256729483604431], "k_pid_att": [0.0, 0.3645039498806, 0.014965653419494629], "k_pid_yaw": [0.5, 1e-06, 0.1], "k_pid_hsp": [10.0, 0.017540544271469116, 0.08745020627975464], "k_pid_vsp": [383.5181579589844, 400.0, 400.0]}, "datetime": {"datetime": "2025-08-11 19:58:51", "elapsed": 12810.420955896378, "delta": 30.43616557121277}, "costs": {"total_cost": 4655.06960348633, "time_cost": 150, "final_distance_cost": 470.50767586368573, "oscillation_cost": 1265.672793959403, "completition_cost": 1000.0, "overshoot_cost": 1540.5930662983708, "power_cost": 57.29081950683594, "noise_cost": 171.00524785803478, "n_waypoints_completed": 0, "tot_waypoints": 9}}
{"target": -4669.081722288756, "params": {"k_pid_pos": [1.9850701093673706, 0.9105962514877319, 0.9909715056419373], "k_pid_alt": [2.0, 1.0, 0.901023268699646], "k_pid_att": [0.0, 9.999999747378752e-05, 0.04357802867889404], "k_pid_yaw": [0.5, 1e-06, 0.1], "k_pid_hsp": [9.920598983764648, 0.0, 0.0], "k_pid_vsp": [383.822998046875, 398.67254638671875, 369.88824462890625]}, "datetime": {"datetime": "2025-08-11 19:59:20", "elapsed": 12840.330514192581, "delta": 29.909558296203613}, "costs": {"total_cost": 4669.081722288756, "time_cost": 150, "final_distance_cost": 804.0140911160003, "oscillation_cost": 4.624598004039622, "completition_cost": 1000.0, "overshoot_cost": 2594.6597217871335, "power_cost": 30.554254528808595, "noise_cost": 85.22905685277433, "n_waypoints_completed": 0, "tot_waypoints": 9}}
{"target": -8561.892436622438, "params": {"k_pid_pos": [1.969866394996643, 0.9796979427337646, 1.0], "k_pid_alt": [1.9804190397262573, 1.0, 1.0], "k_pid_att": [0.0, 9.999999747378752e-05, 0.0], "k_pid_yaw": [0.5, 1e-06, 0.1], "k_pid_hsp": [10.0, 0.0, 0.013099044561386108], "k_pid_vsp": [353.8397216796875, 400.0, 400.0]}, "datetime": {"datetime": "2025-08-11 19:59:50", "elapsed": 12870.162613630295, "delta": 29.832099437713623}, "costs": {"total_cost": 8561.892436622438, "time_cost": 150, "final_distance_cost": 352.04904152054706, "oscillation_cost": 14.156139393227797, "completition_cost": 1000.0, "overshoot_cost": 6899.2331174412375, "power_cost": 43.32522852783203, "noise_cost": 103.1289097395924, "n_waypoints_completed": 0, "tot_waypoints": 9}}
{"target": -5242.07964102344, "params": {"k_pid_pos": [2.0, 0.9750572443008423, 0.9666621685028076], "k_pid_alt": [1.8527226448059082, 1.0, 0.9737639427185059], "k_pid_att": [0.0, 0.3477581739425659, 0.08695435523986816], "k_pid_yaw": [0.5, 1e-06, 0.1], "k_pid_hsp": [10.0, 0.0, 0.0], "k_pid_vsp": [400.0, 400.0, 400.0]}, "datetime": {"datetime": "2025-08-11 20:00:20", "elapsed": 12900.087753295898, "delta": 29.925139665603638}, "costs": {"total_cost": 5242.07964102344, "time_cost": 150, "final_distance_cost": 702.9426403604368, "oscillation_cost": 1063.7504340677615, "completition_cost": 1000.0, "overshoot_cost": 2098.947860909519, "power_cost": 57.3782955444336, "noise_cost": 169.06041014128894, "n_waypoints_completed": 0, "tot_waypoints": 9}}
{"target": -1227.1696784498245, "params": {"k_pid_pos": [2.0, 0.9818817377090454, 1.0], "k_pid_alt": [1.833569884300232, 1.0, 0.9817377328872681], "k_pid_att": [5.273777008056641, 0.9271897077560425, 0.0], "k_pid_yaw": [0.5, 1e-06, 0.1], "k_pid_hsp": [10.0, 0.004835367202758789, 0.012319296598434448], "k_pid_vsp": [393.95745849609375, 388.067138671875, 400.0]}, "datetime": {"datetime": "2025-08-11 20:00:50", "elapsed": 12929.434789896011, "delta": 29.347036600112915}, "costs": {"total_cost": 1227.1696784498245, "time_cost": 150, "final_distance_cost": 54.99191970255442, "oscillation_cost": 447.65013862421864, "completition_cost": 444.4444444444444, "overshoot_cost": 66.4273358177939, "power_cost": 33.31035782470703, "noise_cost": 30.345482036105942, "n_waypoints_completed": 5, "tot_waypoints": 9}}
