{"target": -1643.3138370937713, "params": {"k_pid_pos": [1.9518487453460693, 0.9217179417610168, 0.9257005453109741], "k_pid_alt": [1.9644265174865723, 1.0, 1.0], "k_pid_att": [3.739762306213379, 0.16023491322994232, 0.0216100811958313], "k_pid_yaw": [0.5, 1e-06, 0.1], "k_pid_hsp": [10.0, 0.04027947783470154, 0.0], "k_pid_vsp": [390.62493896484375, 400.0, 380.9408264160156]}, "datetime": {"datetime": "2025-08-12 00:42:39", "elapsed": 29839.323180675507, "delta": 31.061798572540283}, "costs": {"total_cost": 1643.3138370937713, "time_cost": 150, "final_distance_cost": 67.10426815411503, "oscillation_cost": 418.7658915108686, "completition_cost": 888.8888888888888, "overshoot_cost": 60.74317156705475, "power_cost": 30.75807508544922, "noise_cost": 27.05354188739492, "n_waypoints_completed": 1, "tot_waypoints": 9}}
{"target": -932.1259649700194, "params": {"k_pid_pos": [1.9410313367843628, 1.0, 0.9705477952957153], "k_pid_alt": [1.9928123950958252, 0.9888922572135925, 0.9471673369407654], "k_pid_att": [0.9702801704406738, 9.999999747378752e-05, 0.020863234996795654], "k_pid_yaw": [0.5, 1e-06, 0.1], "k_pid_hsp": [9.194125175476074, 0.0, 0.009149014949798584], "k_pid_vsp": [400.0, 368.507568359375, 371.5121154785156]}, "datetime": {"datetime": "2025-08-12 00:43:10", "elapsed": 29870.30469417572, "delta": 30.981513500213623}, "costs": {"total_cost": 932.1259649700194, "time_cost": 150, "final_distance_cost": 48.760598441239594, "oscillation_cost": 163.49405795615232, "completition_cost": 444.4444444444444, "overshoot_cost": 61.77474677290949, "power_cost": 33.21374781494141, "noise_cost": 30.438369540332264, "n_waypoints_completed": 5, "tot_waypoints": 9}}
{"target": -1115.1134727925346, "params": {"k_pid_pos": [1.7949814796447754, 0.9443531036376953, 1.0], "k_pid_alt": [1.9611661434173584, 0.9374815821647644, 1.0], "k_pid_att": [5.2404046058654785, 0.3688898980617523, 0.0], "k_pid_yaw": [0.5, 1e-06, 0.1], "k_pid_hsp": [9.30848217010498, 0.014481306076049805, 0.058825939893722534], "k_pid_vsp": [400.0, 378.64215087890625, 400.0]}, "datetime": {"datetime": "2025-08-12 00:43:42", "elapsed": 29901.640419006348, "delta": 31.33572483062744}, "costs": {"total_cost": 1115.1134727925346, "time_cost": 150, "final_distance_cost": 63.31906838369458, "oscillation_cost": 436.9191751179846, "completition_cost": 333.33333333333337, "overshoot_cost": 70.33292781534975, "power_cost": 33.00587407226563, "noise_cost": 28.203094069906633, "n_waypoints_completed": 6, "tot_waypoints": 9}}
{"target": -1090.4096389681467, "params": {"k_pid_pos": [1.9682496786117554, 0.9393504858016968, 0.8970855474472046], "k_pid_alt": [1.971840500831604, 1.0, 0.9136782884597778], "k_pid_att": [5.015277862548828, 9.999999747378752e-05, 0.0], "k_pid_yaw": [0.5, 1e-06, 0.1], "k_pid_hsp": [10.0, 0.0, 0.0025155246257781982], "k_pid_vsp": [395.4443359375, 390.01885986328125, 376.9192199707031]}, "datetime": {"datetime": "2025-08-12 00:44:14", "elapsed": 29934.345073223114, "delta": 32.70465421676636}, "costs": {"total_cost": 1090.4096389681467, "time_cost": 150, "final_distance_cost": 62.73162647225458, "oscillation_cost": 414.54018897443024, "completition_cost": 333.33333333333337, "overshoot_cost": 67.9877775837401, "power_cost": 32.464306396484375, "noise_cost": 29.352406207904004, "n_waypoints_completed": 6, "tot_waypoints": 9}}
{"target": -8073.588525679093, "params": {"k_pid_pos": [1.94898521900177, 0.9720042943954468, 0.9513871669769287], "k_pid_alt": [2.0, 0.9304521083831787, 1.0], "k_pid_att": [0.0, 9.999999747378752e-05, 0.0], "k_pid_yaw": [0.5, 1e-06, 0.1], "k_pid_hsp": [9.344376564025879, 0.03910383582115173, 0.0], "k_pid_vsp": [400.0, 400.0, 400.0]}, "datetime": {"datetime": "2025-08-12 00:44:51", "elapsed": 29970.760927200317, "delta": 36.41585397720337}, "costs": {"total_cost": 8073.588525679093, "time_cost": 150, "final_distance_cost": 989.1047380772465, "oscillation_cost": 14.870227202370712, "completition_cost": 1000.0, "overshoot_cost": 5782.808931142491, "power_cost": 44.56020964355469, "noise_cost": 92.2444196134302, "n_waypoints_completed": 0, "tot_waypoints": 9}}
{"target": -8195.11755240355, "params": {"k_pid_pos": [2.0, 1.0, 0.9746551513671875], "k_pid_alt": [2.0, 1.0, 1.0], "k_pid_att": [0.0, 9.999999747378752e-05, 0.0], "k_pid_yaw": [0.5, 1e-06, 0.1], "k_pid_hsp": [9.64599323272705, 0.0, 0.06464695930480957], "k_pid_vsp": [392.37786865234375, 400.0, 400.0]}, "datetime": {"datetime": "2025-08-12 00:45:22", "elapsed": 30001.786494016647, "delta": 31.025566816329956}, "costs": {"total_cost": 8195.11755240355, "time_cost": 150, "final_distance_cost": 660.9201383880404, "oscillation_cost": 14.67723100223769, "completition_cost": 1000.0, "overshoot_cost": 6227.932403456711, "power_cost": 44.8690376953125, "noise_cost": 96.71874186124913, "n_waypoints_completed": 0, "tot_waypoints": 9}}
{"target": -8548.443119300819, "params": {"k_pid_pos": [2.0, 1.0, 0.9608128070831299], "k_pid_alt": [1.8674436807632446, 0.9425589442253113, 1.0], "k_pid_att": [0.0, 9.999999747378752e-05, 0.0], "k_pid_yaw": [0.5, 1e-06, 0.1], "k_pid_hsp": [9.7366304397583, 0.050415217876434326, 0.0], "k_pid_vsp": [365.3404846191406, 400.0, 400.0]}, "datetime": {"datetime": "2025-08-12 00:45:52", "elapsed": 30032.361033916473, "delta": 30.57453989982605}, "costs": {"total_cost": 8548.443119300819, "time_cost": 150, "final_distance_cost": 569.502574791052, "oscillation_cost": 14.367563965800443, "completition_cost": 1000.0, "overshoot_cost": 6669.234558491311, "power_cost": 43.69954049072266, "noise_cost": 101.63888156193215, "n_waypoints_completed": 0, "tot_waypoints": 9}}
{"target": -956.5975177719484, "params": {"k_pid_pos": [1.9960711002349854, 0.9611538648605347, 1.0], "k_pid_alt": [2.0, 0.9535757899284363, 1.0], "k_pid_att": [10.194865226745605, 0.3839348554611206, 0.05675420165061951], "k_pid_yaw": [0.5, 1e-06, 0.1], "k_pid_hsp": [9.4302339553833, 0.1117982268333435, 0.007710546255111694], "k_pid_vsp": [400.0, 400.0, 385.3375549316406]}, "datetime": {"datetime": "2025-08-12 00:46:23", "elapsed": 30062.67350912094, "delta": 30.312475204467773}, "costs": {"total_cost": 956.5975177719484, "time_cost": 150, "final_distance_cost": 71.75810684819642, "oscillation_cost": 387.8728662392457, "completition_cost": 222.2222222222222, "overshoot_cost": 61.400125227382745, "power_cost": 32.99013483886719, "noise_cost": 30.3540623960342, "n_waypoints_completed": 7, "tot_waypoints": 9}}
{"target": -858.4793714282185, "params": {"k_pid_pos": [2.0, 1.0, 0.9756342768669128], "k_pid_alt": [2.0, 1.0, 1.0], "k_pid_att": [0.7629156112670898, 0.18655934929847717, 0.0], "k_pid_yaw": [0.5, 1e-06, 0.1], "k_pid_hsp": [10.0, 0.06441360712051392, 0.0], "k_pid_vsp": [400.0, 400.0, 400.0]}, "datetime": {"datetime": "2025-08-12 00:46:53", "elapsed": 30092.78837633133, "delta": 30.114867210388184}, "costs": {"total_cost": 858.4793714282185, "time_cost": 150, "final_distance_cost": 62.48750664644022, "oscillation_cost": 184.6262678783646, "completition_cost": 333.33333333333337, "overshoot_cost": 64.5665176149081, "power_cost": 34.78282598876953, "noise_cost": 28.682919966402707, "n_waypoints_completed": 6, "tot_waypoints": 9}}
{"target": -1420.8830414457261, "params": {"k_pid_pos": [2.0, 1.0, 1.0], "k_pid_alt": [2.0, 1.0, 0.9431585669517517], "k_pid_att": [3.444549560546875, 9.999999747378752e-05, 0.0], "k_pid_yaw": [0.5, 1e-06, 0.1], "k_pid_hsp": [9.268494606018066, 0.09812068939208984, 0.0], "k_pid_vsp": [400.0, 383.7843322753906, 400.0]}, "datetime": {"datetime": "2025-08-12 00:47:24", "elapsed": 30124.225079774857, "delta": 31.43670344352722}, "costs": {"total_cost": 1420.8830414457261, "time_cost": 150, "final_distance_cost": 59.83014151168195, "oscillation_cost": 409.6982853344518, "completition_cost": 666.6666666666667, "overshoot_cost": 75.37146144212318, "power_cost": 31.925403259277346, "noise_cost": 27.391083231525215, "n_waypoints_completed": 3, "tot_waypoints": 9}}
{"target": -1274.4744825863806, "params": {"k_pid_pos": [2.0, 1.0, 0.9959875345230103], "k_pid_alt": [1.921098232269287, 0.9796395301818848, 0.9734123945236206], "k_pid_att": [11.146417617797852, 0.7831231355667114, 0.0023730099201202393], "k_pid_yaw": [0.5, 1e-06, 0.1], "k_pid_hsp": [10.0, 0.08117938041687012, 0.03609037399291992], "k_pid_vsp": [400.0, 400.0, 394.9586181640625]}, "datetime": {"datetime": "2025-08-12 00:47:56", "elapsed": 30155.898142814636, "delta": 31.673063039779663}, "costs": {"total_cost": 1274.4744825863806, "time_cost": 150, "final_distance_cost": 49.840388702882514, "oscillation_cost": 509.2473971956641, "completition_cost": 444.4444444444444, "overshoot_cost": 57.27298417202208, "power_cost": 33.231478784179686, "noise_cost": 30.4377892871881, "n_waypoints_completed": 5, "tot_waypoints": 9}}
{"target": -1763.1130536936794, "params": {"k_pid_pos": [1.8505449295043945, 1.0, 0.9866506457328796], "k_pid_alt": [1.7585628032684326, 0.9684988260269165, 1.0], "k_pid_att": [4.700610160827637, 0.10612904280424118, 0.0756097137928009], "k_pid_yaw": [0.5, 1e-06, 0.1], "k_pid_hsp": [9.942122459411621, 0.02871769666671753, 0.004424631595611572], "k_pid_vsp": [385.4863586425781, 393.2895812988281, 390.5832214355469]}, "datetime": {"datetime": "2025-08-12 00:48:28", "elapsed": 30188.151997566223, "delta": 32.253854751586914}, "costs": {"total_cost": 1763.1130536936794, "time_cost": 150, "final_distance_cost": 0.9955201637892599, "oscillation_cost": 327.17573399827666, "completition_cost": 1000.0, "overshoot_cost": 157.093667852854, "power_cost": 30.017110791015625, "noise_cost": 97.83102088774386, "n_waypoints_completed": 0, "tot_waypoints": 9}}
{"target": -4080.426514852255, "params": {"k_pid_pos": [1.915246605873108, 0.9441301226615906, 0.9539952278137207], "k_pid_alt": [2.0, 0.9091016054153442, 1.0], "k_pid_att": [0.0, 0.12864120304584503, 0.0], "k_pid_yaw": [0.5, 1e-06, 0.1], "k_pid_hsp": [10.0, 0.0, 0.0], "k_pid_vsp": [396.4189453125, 400.0, 375.1648864746094]}, "datetime": {"datetime": "2025-08-12 00:49:00", "elapsed": 30220.015525102615, "delta": 31.863527536392212}, "costs": {"total_cost": 4080.426514852255, "time_cost": 150, "final_distance_cost": 409.1031655581165, "oscillation_cost": 860.8731480295112, "completition_cost": 1000.0, "overshoot_cost": 1435.8163776722868, "power_cost": 57.7022133178711, "noise_cost": 166.93161027446962, "n_waypoints_completed": 0, "tot_waypoints": 9}}
{"target": -1477.2502194279225, "params": {"k_pid_pos": [2.0, 0.9912036657333374, 1.0], "k_pid_alt": [2.0, 1.0, 1.0], "k_pid_att": [6.2582550048828125, 9.999999747378752e-05, 0.0], "k_pid_yaw": [0.5, 1e-06, 0.1], "k_pid_hsp": [9.407791137695312, 0.09973478317260742, 0.0], "k_pid_vsp": [400.0, 388.5921936035156, 400.0]}, "datetime": {"datetime": "2025-08-12 00:49:31", "elapsed": 30250.61041522026, "delta": 30.594890117645264}, "costs": {"total_cost": 1477.2502194279225, "time_cost": 150, "final_distance_cost": 52.3190354714738, "oscillation_cost": 473.6121927701715, "completition_cost": 666.6666666666667, "overshoot_cost": 74.63712091075452, "power_cost": 30.912652270507813, "noise_cost": 29.102551338348327, "n_waypoints_completed": 3, "tot_waypoints": 9}}
{"target": -973.3912335847663, "params": {"k_pid_pos": [1.9727678298950195, 1.0, 0.9406055212020874], "k_pid_alt": [2.0, 0.9794530272483826, 0.9821139574050903], "k_pid_att": [7.474517822265625, 9.999999747378752e-05, 0.08134180307388306], "k_pid_yaw": [0.5, 1e-06, 0.1], "k_pid_hsp": [10.0, 0.11328670382499695, 0.0], "k_pid_vsp": [400.0, 400.0, 400.0]}, "datetime": {"datetime": "2025-08-12 00:50:02", "elapsed": 30281.719764709473, "delta": 31.109349489212036}, "costs": {"total_cost": 973.3912335847663, "time_cost": 150, "final_distance_cost": 65.22461162411857, "oscillation_cost": 293.9942699678018, "completition_cost": 333.33333333333337, "overshoot_cost": 70.3667381478836, "power_cost": 32.05010920410157, "noise_cost": 28.422171307527375, "n_waypoints_completed": 6, "tot_waypoints": 9}}
{"target": -1177.3199692740875, "params": {"k_pid_pos": [1.966927409172058, 1.0, 0.9922469258308411], "k_pid_alt": [1.9623610973358154, 0.991334080696106, 1.0], "k_pid_att": [13.37948989868164, 0.24056388437747955, 0.0], "k_pid_yaw": [0.5, 1e-06, 0.1], "k_pid_hsp": [10.0, 0.0, 0.005133599042892456], "k_pid_vsp": [377.650634765625, 371.0147399902344, 385.8768310546875]}, "datetime": {"datetime": "2025-08-12 00:50:33", "elapsed": 30312.4802775383, "delta": 30.760512828826904}, "costs": {"total_cost": 1177.3199692740875, "time_cost": 150, "final_distance_cost": 70.81585180927208, "oscillation_cost": 498.35895717169484, "completition_cost": 333.33333333333337, "overshoot_cost": 62.64996036054212, "power_cost": 31.930240966796877, "noise_cost": 30.231625632448438, "n_waypoints_completed": 6, "tot_waypoints": 9}}
{"target": -3979.506028324096, "params": {"k_pid_pos": [1.7909858226776123, 1.0, 0.9930624961853027], "k_pid_alt": [2.0, 0.9859760999679565, 1.0], "k_pid_att": [0.0, 9.999999747378752e-05, 0.07906964421272278], "k_pid_yaw": [0.5, 1e-06, 0.1], "k_pid_hsp": [9.888934135437012, 0.0, 0.0], "k_pid_vsp": [375.27410888671875, 400.0, 400.0]}, "datetime": {"datetime": "2025-08-12 00:51:04", "elapsed": 30344.229829072952, "delta": 31.74955153465271}, "costs": {"total_cost": 3979.506028324096, "time_cost": 150, "final_distance_cost": 527.4165360921746, "oscillation_cost": 3.309458422131865, "completition_cost": 1000.0, "overshoot_cost": 2155.5210480877768, "power_cost": 29.223358325195314, "noise_cost": 114.03562739681733, "n_waypoints_completed": 0, "tot_waypoints": 9}}
{"target": -8230.562133304313, "params": {"k_pid_pos": [2.0, 1.0, 1.0], "k_pid_alt": [2.0, 1.0, 0.964634895324707], "k_pid_att": [0.0, 9.999999747378752e-05, 0.0], "k_pid_yaw": [0.5, 1e-06, 0.1], "k_pid_hsp": [10.0, 0.012602567672729492, 0.0], "k_pid_vsp": [396.74676513671875, 400.0, 381.400634765625]}, "datetime": {"datetime": "2025-08-12 00:51:35", "elapsed": 30375.276145219803, "delta": 31.046316146850586}, "costs": {"total_cost": 8230.562133304313, "time_cost": 150, "final_distance_cost": 1268.4049090974434, "oscillation_cost": 15.159529386520946, "completition_cost": 1000.0, "overshoot_cost": 5665.1392366398895, "power_cost": 45.36558233642578, "noise_cost": 86.49287584403365, "n_waypoints_completed": 0, "tot_waypoints": 9}}
{"target": -1710.5182959955139, "params": {"k_pid_pos": [2.0, 0.977501392364502, 0.9301359057426453], "k_pid_alt": [2.0, 0.9782751202583313, 1.0], "k_pid_att": [2.543729543685913, 9.999999747378752e-05, 0.05278491973876953], "k_pid_yaw": [0.5, 1e-06, 0.1], "k_pid_hsp": [9.967061996459961, 0.0, 0.09003430604934692], "k_pid_vsp": [364.7590026855469, 396.565185546875, 375.2530517578125]}, "datetime": {"datetime": "2025-08-12 00:52:06", "elapsed": 30405.90462231636, "delta": 30.628477096557617}, "costs": {"total_cost": 1710.5182959955139, "time_cost": 150, "final_distance_cost": 0.9994065618641031, "oscillation_cost": 308.81959305294754, "completition_cost": 1000.0, "overshoot_cost": 149.1553720885208, "power_cost": 30.138860937500002, "noise_cost": 71.40506335468118, "n_waypoints_completed": 0, "tot_waypoints": 9}}
{"target": -3633.177800234133, "params": {"k_pid_pos": [1.8707363605499268, 0.97342848777771, 0.9753420352935791], "k_pid_alt": [1.8787096738815308, 0.9068790674209595, 0.9967254400253296], "k_pid_att": [0.0, 9.999999747378752e-05, 0.0585322380065918], "k_pid_yaw": [0.5, 1e-06, 0.1], "k_pid_hsp": [10.0, 0.0, 0.0], "k_pid_vsp": [388.3897399902344, 400.0, 370.98590087890625]}, "datetime": {"datetime": "2025-08-12 00:52:37", "elapsed": 30436.968247890472, "delta": 31.06362557411194}, "costs": {"total_cost": 3633.177800234133, "time_cost": 150, "final_distance_cost": 502.2269650160259, "oscillation_cost": 4.09021855583741, "completition_cost": 1000.0, "overshoot_cost": 1852.965686708138, "power_cost": 29.72262789306641, "noise_cost": 94.17230206106527, "n_waypoints_completed": 0, "tot_waypoints": 9}}
{"target": -4504.671178573991, "params": {"k_pid_pos": [1.9265698194503784, 1.0, 0.9959149360656738], "k_pid_alt": [1.8792634010314941, 0.9758691787719727, 1.0], "k_pid_att": [0.0, 9.999999747378752e-05, 0.028172224760055542], "k_pid_yaw": [0.5, 1e-06, 0.1], "k_pid_hsp": [10.0, 0.0, 0.04393234848976135], "k_pid_vsp": [386.96795654296875, 400.0, 391.67999267578125]}, "datetime": {"datetime": "2025-08-12 00:53:09", "elapsed": 30468.5075609684, "delta": 31.539313077926636}, "costs": {"total_cost": 4504.671178573991, "time_cost": 150, "final_distance_cost": 1282.781838762486, "oscillation_cost": 5.241370810490729, "completition_cost": 1000.0, "overshoot_cost": 1955.254356039241, "power_cost": 30.387962255859378, "noise_cost": 81.0056507059135, "n_waypoints_completed": 0, "tot_waypoints": 9}}
{"target": -1072.0357777709226, "params": {"k_pid_pos": [2.0, 0.9780603647232056, 0.9983625411987305], "k_pid_alt": [2.0, 1.0, 0.960310697555542], "k_pid_att": [10.476618766784668, 9.999999747378752e-05, 0.06373852491378784], "k_pid_yaw": [0.5, 1e-06, 0.1], "k_pid_hsp": [10.0, 0.10193675756454468, 0.10677430033683777], "k_pid_vsp": [377.3011779785156, 373.379638671875, 384.5852966308594]}, "datetime": {"datetime": "2025-08-12 00:53:40", "elapsed": 30499.636318206787, "delta": 31.12875723838806}, "costs": {"total_cost": 1072.0357777709226, "time_cost": 150, "final_distance_cost": 52.36928414210405, "oscillation_cost": 418.35832760007656, "completition_cost": 333.33333333333337, "overshoot_cost": 55.59369977828913, "power_cost": 32.405790246582036, "noise_cost": 29.97534267053734, "n_waypoints_completed": 6, "tot_waypoints": 9}}
{"target": -1088.5523212367852, "params": {"k_pid_pos": [2.0, 1.0, 1.0], "k_pid_alt": [1.9112396240234375, 0.989515483379364, 1.0], "k_pid_att": [0.4273325204849243, 9.999999747378752e-05, 0.0968034565448761], "k_pid_yaw": [0.5, 1e-06, 0.1], "k_pid_hsp": [9.457921028137207, 0.05852159857749939, 0.07828626036643982], "k_pid_vsp": [387.9023742675781, 372.4429931640625, 383.4986572265625]}, "datetime": {"datetime": "2025-08-12 00:54:10", "elapsed": 30530.24748802185, "delta": 30.611169815063477}, "costs": {"total_cost": 1088.5523212367852, "time_cost": 150, "final_distance_cost": 58.191159065765575, "oscillation_cost": 73.95929020955926, "completition_cost": 666.6666666666667, "overshoot_cost": 75.8851385047275, "power_cost": 33.35900847167969, "noise_cost": 30.491058318386372, "n_waypoints_completed": 3, "tot_waypoints": 9}}
{"target": -1689.9257562858907, "params": {"k_pid_pos": [2.0, 1.0, 1.0], "k_pid_alt": [2.0, 1.0, 0.9359790086746216], "k_pid_att": [1.3042360544204712, 0.6781342029571533, 0.021759003400802612], "k_pid_yaw": [0.5, 1e-06, 0.1], "k_pid_hsp": [10.0, 0.0, 0.0], "k_pid_vsp": [381.3846130371094, 399.60394287109375, 400.0]}, "datetime": {"datetime": "2025-08-12 00:54:42", "elapsed": 30561.934388637543, "delta": 31.68690061569214}, "costs": {"total_cost": 1689.9257562858907, "time_cost": 150, "final_distance_cost": 1.0044895425584714, "oscillation_cost": 299.00559019771873, "completition_cost": 1000.0, "overshoot_cost": 148.55915286952353, "power_cost": 31.055647656250002, "noise_cost": 60.300876019839954, "n_waypoints_completed": 0, "tot_waypoints": 9}}
{"target": -1817.61252233593, "params": {"k_pid_pos": [2.0, 1.0, 0.9781529903411865], "k_pid_alt": [1.955766201019287, 0.9556439518928528, 1.0], "k_pid_att": [5.652382850646973, 9.999999747378752e-05, 0.03572681546211243], "k_pid_yaw": [0.5, 1e-06, 0.1], "k_pid_hsp": [10.0, 0.0, 0.0], "k_pid_vsp": [400.0, 400.0, 400.0]}, "datetime": {"datetime": "2025-08-12 00:55:13", "elapsed": 30592.612880706787, "delta": 30.678492069244385}, "costs": {"total_cost": 1817.61252233593, "time_cost": 150, "final_distance_cost": 5.2233890931217175, "oscillation_cost": 466.4023484942129, "completition_cost": 1000.0, "overshoot_cost": 135.995122874394, "power_cost": 30.599773400878906, "noise_cost": 29.39188847332242, "n_waypoints_completed": 0, "tot_waypoints": 9}}
{"target": -6814.437258913507, "params": {"k_pid_pos": [2.0, 1.0, 0.965034008026123], "k_pid_alt": [1.8992805480957031, 1.0, 0.9559310674667358], "k_pid_att": [0.0, 9.999999747378752e-05, 0.018368571996688843], "k_pid_yaw": [0.5, 1e-06, 0.1], "k_pid_hsp": [9.288225173950195, 0.0, 0.0], "k_pid_vsp": [400.0, 400.0, 396.4628601074219]}, "datetime": {"datetime": "2025-08-12 00:55:44", "elapsed": 30623.52130842209, "delta": 30.908427715301514}, "costs": {"total_cost": 6814.437258913507, "time_cost": 150, "final_distance_cost": 2197.9094550089035, "oscillation_cost": 7.670734215374056, "completition_cost": 1000.0, "overshoot_cost": 3358.3288901571614, "power_cost": 34.24663637695313, "noise_cost": 66.28154315511418, "n_waypoints_completed": 0, "tot_waypoints": 9}}
{"target": -4620.446340729347, "params": {"k_pid_pos": [2.0, 0.9668670296669006, 0.9350717067718506], "k_pid_alt": [2.0, 0.983947217464447, 0.9629998207092285], "k_pid_att": [0.0, 9.999999747378752e-05, 0.02631017565727234], "k_pid_yaw": [0.5, 1e-06, 0.1], "k_pid_hsp": [9.911819458007812, 0.0, 0.06601041555404663], "k_pid_vsp": [400.0, 400.0, 385.18438720703125]}, "datetime": {"datetime": "2025-08-12 00:56:15", "elapsed": 30654.99275326729, "delta": 31.471444845199585}, "costs": {"total_cost": 4620.446340729347, "time_cost": 150, "final_distance_cost": 584.1664191032839, "oscillation_cost": 6.133078062667278, "completition_cost": 1000.0, "overshoot_cost": 2790.4469631708785, "power_cost": 31.492958032226564, "noise_cost": 58.20692236029, "n_waypoints_completed": 0, "tot_waypoints": 9}}
