{"target": -1368.6814409594804, "params": {"k_pid_pos": [2.0, 1.0, 0.9812124967575073], "k_pid_alt": [2.0, 0.9564509391784668, 0.9793844223022461], "k_pid_att": [8.052593231201172, 9.999999747378752e-05, 0.0], "k_pid_yaw": [0.5, 1e-06, 0.1], "k_pid_hsp": [9.47001838684082, 0.0, 0.0], "k_pid_vsp": [400.0, 392.17633056640625, 382.3240661621094]}, "datetime": {"datetime": "2025-08-11 20:43:00", "elapsed": 15459.7652926445, "delta": 30.564939975738525}, "costs": {"total_cost": 1368.6814409594804, "time_cost": 150, "final_distance_cost": 49.138662798176426, "oscillation_cost": 489.82301585201895, "completition_cost": 555.5555555555555, "overshoot_cost": 63.72365735056632, "power_cost": 31.126410742187502, "noise_cost": 29.314138660975676, "n_waypoints_completed": 4, "tot_waypoints": 9}}
{"target": -5207.74519176884, "params": {"k_pid_pos": [2.0, 1.0, 1.0], "k_pid_alt": [1.8039684295654297, 1.0, 0.9509909152984619], "k_pid_att": [0.0, 0.5462906360626221, 0.04634454846382141], "k_pid_yaw": [0.5, 1e-06, 0.1], "k_pid_hsp": [9.678135871887207, 0.03130549192428589, 0.0800565779209137], "k_pid_vsp": [400.0, 370.32379150390625, 400.0]}, "datetime": {"datetime": "2025-08-11 20:43:30", "elapsed": 15490.327177286148, "delta": 30.56188464164734}, "costs": {"total_cost": 5207.74519176884, "time_cost": 150, "final_distance_cost": 505.6305451014995, "oscillation_cost": 1879.3431322892673, "completition_cost": 1000.0, "overshoot_cost": 1442.5383106205827, "power_cost": 57.476601000976565, "noise_cost": 172.7566027565152, "n_waypoints_completed": 0, "tot_waypoints": 9}}
{"target": -5834.295502359762, "params": {"k_pid_pos": [2.0, 1.0, 0.952957034111023], "k_pid_alt": [2.0, 1.0, 0.9824802875518799], "k_pid_att": [0.0, 0.2992604374885559, 0.05437597632408142], "k_pid_yaw": [0.5, 1e-06, 0.1], "k_pid_hsp": [9.86037540435791, 0.06458282470703125, 0.0], "k_pid_vsp": [398.28680419921875, 400.0, 373.4595031738281]}, "datetime": {"datetime": "2025-08-11 20:44:01", "elapsed": 15521.184814453125, "delta": 30.85763716697693}, "costs": {"total_cost": 5834.295502359762, "time_cost": 150, "final_distance_cost": 1097.03709048773, "oscillation_cost": 1162.5987496404248, "completition_cost": 1000.0, "overshoot_cost": 2197.8365128415353, "power_cost": 57.862922473144536, "noise_cost": 168.9602269169271, "n_waypoints_completed": 0, "tot_waypoints": 9}}
{"target": -14623.516826758212, "params": {"k_pid_pos": [1.8811267614364624, 1.0, 0.8847812414169312], "k_pid_alt": [2.0, 0.9792478084564209, 1.0], "k_pid_att": [0.0, 1.02285897731781, 0.010415136814117432], "k_pid_yaw": [0.5, 1e-06, 0.1], "k_pid_hsp": [10.0, 0.04739457368850708, 0.0], "k_pid_vsp": [400.0, 400.0, 396.943603515625]}, "datetime": {"datetime": "2025-08-11 20:44:37", "elapsed": 15557.013770103455, "delta": 35.82895565032959}, "costs": {"total_cost": 14623.516826758212, "time_cost": 150, "final_distance_cost": 4674.79098042048, "oscillation_cost": 2219.299547306275, "completition_cost": 1000.0, "overshoot_cost": 6346.167997616098, "power_cost": 57.680708410644534, "noise_cost": 175.57759300471415, "n_waypoints_completed": 0, "tot_waypoints": 9}}
{"target": -1369.4443265951693, "params": {"k_pid_pos": [1.9914748668670654, 1.0, 1.0], "k_pid_alt": [1.967167854309082, 1.0, 1.0], "k_pid_att": [7.735231399536133, 9.999999747378752e-05, 0.0], "k_pid_yaw": [0.5, 1e-06, 0.1], "k_pid_hsp": [9.84938907623291, 0.061410874128341675, 0.0], "k_pid_vsp": [393.72869873046875, 400.0, 376.1077575683594]}, "datetime": {"datetime": "2025-08-11 20:45:12", "elapsed": 15592.188343763351, "delta": 35.17457365989685}, "costs": {"total_cost": 1369.4443265951693, "time_cost": 150, "final_distance_cost": 48.30435749023655, "oscillation_cost": 487.97090749817977, "completition_cost": 555.5555555555555, "overshoot_cost": 64.12025627302495, "power_cost": 33.197223876953124, "noise_cost": 30.296025901219366, "n_waypoints_completed": 4, "tot_waypoints": 9}}
{"target": -3809.6980511116394, "params": {"k_pid_pos": [2.0, 1.0, 1.0], "k_pid_alt": [2.0, 0.9803042411804199, 1.0], "k_pid_att": [0.0, 0.24956677854061127, 0.0], "k_pid_yaw": [0.5, 1e-06, 0.1], "k_pid_hsp": [8.854281425476074, 0.0, 0.030920445919036865], "k_pid_vsp": [378.3404541015625, 398.90936279296875, 400.0]}, "datetime": {"datetime": "2025-08-11 20:45:43", "elapsed": 15622.739096403122, "delta": 30.550752639770508}, "costs": {"total_cost": 3809.6980511116394, "time_cost": 150, "final_distance_cost": 234.05926961426331, "oscillation_cost": 1363.9603131033093, "completition_cost": 1000.0, "overshoot_cost": 831.7987759470052, "power_cost": 57.614579516601566, "noise_cost": 172.2651129304599, "n_waypoints_completed": 0, "tot_waypoints": 9}}
{"target": -1093.9393941029894, "params": {"k_pid_pos": [1.968326210975647, 0.9515658020973206, 0.944900631904602], "k_pid_alt": [1.928307056427002, 1.0, 1.0], "k_pid_att": [4.773196697235107, 0.4524991810321808, 0.0], "k_pid_yaw": [0.5, 1e-06, 0.1], "k_pid_hsp": [9.469820022583008, 0.002764195203781128, 0.035924941301345825], "k_pid_vsp": [397.07623291015625, 388.2445373535156, 400.0]}, "datetime": {"datetime": "2025-08-11 20:46:13", "elapsed": 15652.915830135345, "delta": 30.17673373222351}, "costs": {"total_cost": 1093.9393941029894, "time_cost": 150, "final_distance_cost": 60.917637267631434, "oscillation_cost": 420.1814331652891, "completition_cost": 333.33333333333337, "overshoot_cost": 66.28013803787374, "power_cost": 33.52983035888672, "noise_cost": 29.697021939974675, "n_waypoints_completed": 6, "tot_waypoints": 9}}
{"target": -1729.7927384029322, "params": {"k_pid_pos": [2.0, 1.0, 1.0], "k_pid_alt": [2.0, 0.9174266457557678, 0.9906952381134033], "k_pid_att": [4.469046115875244, 9.999999747378752e-05, 0.09634339809417725], "k_pid_yaw": [0.5, 1e-06, 0.1], "k_pid_hsp": [10.0, 0.0031149685382843018, 0.14450353384017944], "k_pid_vsp": [373.53839111328125, 384.262451171875, 386.0562438964844]}, "datetime": {"datetime": "2025-08-11 20:46:43", "elapsed": 15683.243571996689, "delta": 30.327741861343384}, "costs": {"total_cost": 1729.7927384029322, "time_cost": 150, "final_distance_cost": 18.845985534253558, "oscillation_cost": 394.89937397322126, "completition_cost": 1000.0, "overshoot_cost": 108.25796007342718, "power_cost": 31.195199072265627, "noise_cost": 26.594219749764378, "n_waypoints_completed": 0, "tot_waypoints": 9}}
{"target": -7905.339944966583, "params": {"k_pid_pos": [1.8821250200271606, 0.9311076402664185, 1.0], "k_pid_alt": [1.8381356000900269, 0.9829913973808289, 1.0], "k_pid_att": [0.0, 9.999999747378752e-05, 0.01200878620147705], "k_pid_yaw": [0.5, 1e-06, 0.1], "k_pid_hsp": [9.551617622375488, 0.0, 0.0], "k_pid_vsp": [383.31915283203125, 367.7373046875, 384.9573974609375]}, "datetime": {"datetime": "2025-08-11 20:47:14", "elapsed": 15713.556529045105, "delta": 30.312957048416138}, "costs": {"total_cost": 7905.339944966583, "time_cost": 150, "final_distance_cost": 2321.5736205078365, "oscillation_cost": 8.753863856430804, "completition_cost": 1000.0, "overshoot_cost": 4315.221317542329, "power_cost": 37.5887318359375, "noise_cost": 72.20241122404947, "n_waypoints_completed": 0, "tot_waypoints": 9}}
{"target": -1579.595955202401, "params": {"k_pid_pos": [2.0, 0.941987931728363, 0.9254984855651855], "k_pid_alt": [2.0, 0.9097131490707397, 1.0], "k_pid_att": [5.518421649932861, 0.12949562072753906, 0.05666649341583252], "k_pid_yaw": [0.5, 1e-06, 0.1], "k_pid_hsp": [9.871194839477539, 0.061665624380111694, 0.04821178317070007], "k_pid_vsp": [385.3214111328125, 390.3329162597656, 400.0]}, "datetime": {"datetime": "2025-08-11 20:47:45", "elapsed": 15744.574522256851, "delta": 31.017993211746216}, "costs": {"total_cost": 1579.595955202401, "time_cost": 150, "final_distance_cost": 85.04523336876147, "oscillation_cost": 435.9568595701834, "completition_cost": 777.7777777777778, "overshoot_cost": 70.26730536871099, "power_cost": 32.50922850341797, "noise_cost": 28.0395506135494, "n_waypoints_completed": 2, "tot_waypoints": 9}}
{"target": -1722.3849095049475, "params": {"k_pid_pos": [1.976111650466919, 1.0, 0.9404304623603821], "k_pid_alt": [2.0, 0.9967848062515259, 0.9895704984664917], "k_pid_att": [5.608022212982178, 9.999999747378752e-05, 0.08335313200950623], "k_pid_yaw": [0.5, 1e-06, 0.1], "k_pid_hsp": [9.348549842834473, 0.0, 0.0], "k_pid_vsp": [364.7305908203125, 376.7143249511719, 400.0]}, "datetime": {"datetime": "2025-08-11 20:48:15", "elapsed": 15774.738289117813, "delta": 30.163766860961914}, "costs": {"total_cost": 1722.3849095049475, "time_cost": 150, "final_distance_cost": 0.999431363825652, "oscillation_cost": 296.61359391870985, "completition_cost": 1000.0, "overshoot_cost": 155.3276524180757, "power_cost": 29.80003991699219, "noise_cost": 89.64419188734408, "n_waypoints_completed": 0, "tot_waypoints": 9}}
{"target": -969.5486898388745, "params": {"k_pid_pos": [2.0, 0.9988689422607422, 0.9840613603591919], "k_pid_alt": [2.0, 1.0, 0.9963176250457764], "k_pid_att": [2.160775661468506, 9.999999747378752e-05, 0.0], "k_pid_yaw": [0.5, 1e-06, 0.1], "k_pid_hsp": [9.763504028320312, 0.0, 0.028564274311065674], "k_pid_vsp": [400.0, 366.7372741699219, 363.2575378417969]}, "datetime": {"datetime": "2025-08-11 20:48:45", "elapsed": 15805.209171295166, "delta": 30.470882177352905}, "costs": {"total_cost": 969.5486898388745, "time_cost": 150, "final_distance_cost": 62.76253070325252, "oscillation_cost": 293.9650529893825, "completition_cost": 333.33333333333337, "overshoot_cost": 67.50211807685342, "power_cost": 33.12177486572266, "noise_cost": 28.863879870330045, "n_waypoints_completed": 6, "tot_waypoints": 9}}
{"target": -8039.412137231524, "params": {"k_pid_pos": [2.0, 0.9339340925216675, 0.9886108636856079], "k_pid_alt": [2.0, 0.9564492702484131, 0.9742786884307861], "k_pid_att": [0.0, 9.999999747378752e-05, 0.0], "k_pid_yaw": [0.5, 1e-06, 0.1], "k_pid_hsp": [9.949945449829102, 0.0, 0.0], "k_pid_vsp": [400.0, 400.0, 382.27783203125]}, "datetime": {"datetime": "2025-08-11 20:49:16", "elapsed": 15835.639528751373, "delta": 30.430357456207275}, "costs": {"total_cost": 8039.412137231524, "time_cost": 150, "final_distance_cost": 1263.6780299571838, "oscillation_cost": 15.173223787206702, "completition_cost": 1000.0, "overshoot_cost": 5480.847777829812, "power_cost": 45.03985240478516, "noise_cost": 84.67325325253636, "n_waypoints_completed": 0, "tot_waypoints": 9}}
{"target": -1104.606240209118, "params": {"k_pid_pos": [1.9801229238510132, 0.9596576690673828, 0.9951736927032471], "k_pid_alt": [2.0, 0.9990279674530029, 0.9224088191986084], "k_pid_att": [0.556790828704834, 9.999999747378752e-05, 0.04295015335083008], "k_pid_yaw": [0.5, 1e-06, 0.1], "k_pid_hsp": [10.0, 0.0, 0.041069865226745605], "k_pid_vsp": [400.0, 400.0, 398.29803466796875]}, "datetime": {"datetime": "2025-08-11 20:49:46", "elapsed": 15866.218738079071, "delta": 30.579209327697754}, "costs": {"total_cost": 1104.606240209118, "time_cost": 150, "final_distance_cost": 63.39556739103487, "oscillation_cost": 87.86337943707412, "completition_cost": 666.6666666666667, "overshoot_cost": 72.53803649623877, "power_cost": 33.503119458007816, "noise_cost": 30.63947076009551, "n_waypoints_completed": 3, "tot_waypoints": 9}}
{"target": -1582.9484156465408, "params": {"k_pid_pos": [1.920982003211975, 1.0, 1.0], "k_pid_alt": [2.0, 1.0, 0.9355618953704834], "k_pid_att": [3.5574376583099365, 0.869483470916748, 0.0830247700214386], "k_pid_yaw": [0.5, 1e-06, 0.1], "k_pid_hsp": [9.416631698608398, 0.062011122703552246, 0.0], "k_pid_vsp": [383.4365539550781, 399.6407470703125, 400.0]}, "datetime": {"datetime": "2025-08-11 20:50:17", "elapsed": 15897.05464053154, "delta": 30.835902452468872}, "costs": {"total_cost": 1582.9484156465408, "time_cost": 150, "final_distance_cost": 0.9971616977444888, "oscillation_cost": 141.45886892403712, "completition_cost": 1000.0, "overshoot_cost": 158.9191969459269, "power_cost": 29.464466711425782, "noise_cost": 102.10872136740649, "n_waypoints_completed": 0, "tot_waypoints": 9}}
{"target": -8255.760567046582, "params": {"k_pid_pos": [2.0, 1.0, 1.0], "k_pid_alt": [2.0, 1.0, 1.0], "k_pid_att": [0.0, 9.999999747378752e-05, 0.0], "k_pid_yaw": [0.5, 1e-06, 0.1], "k_pid_hsp": [10.0, 0.0, 0.0], "k_pid_vsp": [387.49078369140625, 400.0, 400.0]}, "datetime": {"datetime": "2025-08-11 20:50:47", "elapsed": 15926.988240242004, "delta": 29.933599710464478}, "costs": {"total_cost": 8255.760567046582, "time_cost": 150, "final_distance_cost": 879.4930464419122, "oscillation_cost": 14.723091889755121, "completition_cost": 1000.0, "overshoot_cost": 6070.842778205244, "power_cost": 44.42949151611328, "noise_cost": 96.2721589935576, "n_waypoints_completed": 0, "tot_waypoints": 9}}
{"target": -4851.636163651933, "params": {"k_pid_pos": [2.0, 1.0, 1.0], "k_pid_alt": [2.0, 1.0, 1.0], "k_pid_att": [0.0, 0.9692910313606262, 0.0], "k_pid_yaw": [0.5, 1e-06, 0.1], "k_pid_hsp": [9.681753158569336, 0.0, 0.023732900619506836], "k_pid_vsp": [400.0, 384.870849609375, 400.0]}, "datetime": {"datetime": "2025-08-11 20:51:18", "elapsed": 15957.841968774796, "delta": 30.853728532791138}, "costs": {"total_cost": 4851.636163651933, "time_cost": 150, "final_distance_cost": 449.26060101155196, "oscillation_cost": 2271.7705513337637, "completition_cost": 1000.0, "overshoot_cost": 747.0434466736026, "power_cost": 57.64739512939453, "noise_cost": 175.91416950362077, "n_waypoints_completed": 0, "tot_waypoints": 9}}
{"target": -2044.1315599356778, "params": {"k_pid_pos": [1.9011965990066528, 1.0, 1.0], "k_pid_alt": [1.807185173034668, 1.0, 1.0], "k_pid_att": [0.0, 9.999999747378752e-05, 0.11759635806083679], "k_pid_yaw": [0.5, 1e-06, 0.1], "k_pid_hsp": [9.07852840423584, 0.0, 0.01215440034866333], "k_pid_vsp": [368.6317443847656, 369.0718688964844, 400.0]}, "datetime": {"datetime": "2025-08-11 20:51:48", "elapsed": 15988.322902679443, "delta": 30.480933904647827}, "costs": {"total_cost": 2044.1315599356778, "time_cost": 150, "final_distance_cost": 72.0270911492957, "oscillation_cost": 3.0353588956288666, "completition_cost": 1000.0, "overshoot_cost": 676.0203798931735, "power_cost": 29.20463741455078, "noise_cost": 113.84409258302895, "n_waypoints_completed": 0, "tot_waypoints": 9}}
{"target": -1828.3181497323778, "params": {"k_pid_pos": [1.9785422086715698, 0.9878982305526733, 0.9581151604652405], "k_pid_alt": [1.9362034797668457, 1.0, 0.9438895583152771], "k_pid_att": [3.248760223388672, 0.7481147050857544, 0.040300726890563965], "k_pid_yaw": [0.5, 1e-06, 0.1], "k_pid_hsp": [10.0, 0.0, 0.0], "k_pid_vsp": [393.8451232910156, 391.7550964355469, 400.0]}, "datetime": {"datetime": "2025-08-11 20:52:19", "elapsed": 16019.126305103302, "delta": 30.803402423858643}, "costs": {"total_cost": 1828.3181497323778, "time_cost": 150, "final_distance_cost": 0.9992795176714822, "oscillation_cost": 383.5722111742231, "completition_cost": 1000.0, "overshoot_cost": 159.75426402604938, "power_cost": 29.686854626464847, "noise_cost": 104.3055403879689, "n_waypoints_completed": 0, "tot_waypoints": 9}}
{"target": -1137.1264502412919, "params": {"k_pid_pos": [2.0, 0.9319652915000916, 0.9918739795684814], "k_pid_alt": [1.975452184677124, 1.0, 1.0], "k_pid_att": [0.1680821180343628, 0.122773177921772, 0.0037952065467834473], "k_pid_yaw": [0.5, 1e-06, 0.1], "k_pid_hsp": [10.0, 0.0, 0.028490900993347168], "k_pid_vsp": [400.0, 400.0, 400.0]}, "datetime": {"datetime": "2025-08-11 20:52:50", "elapsed": 16050.225723981857, "delta": 31.099418878555298}, "costs": {"total_cost": 1137.1264502412919, "time_cost": 150, "final_distance_cost": 47.374462638390185, "oscillation_cost": 137.1168850233075, "completition_cost": 666.6666666666667, "overshoot_cost": 60.56177764203616, "power_cost": 43.478442211914064, "noise_cost": 31.92821605897707, "n_waypoints_completed": 3, "tot_waypoints": 9}}
{"target": -1834.0164058248859, "params": {"k_pid_pos": [2.0, 1.0, 1.0], "k_pid_alt": [2.0, 1.0, 0.9587846994400024], "k_pid_att": [3.7350387573242188, 0.004391193389892578, 0.04317411780357361], "k_pid_yaw": [0.5, 1e-06, 0.1], "k_pid_hsp": [10.0, 0.0, 0.0], "k_pid_vsp": [400.0, 379.95135498046875, 400.0]}, "datetime": {"datetime": "2025-08-11 20:53:22", "elapsed": 16081.615944862366, "delta": 31.390220880508423}, "costs": {"total_cost": 1834.0164058248859, "time_cost": 150, "final_distance_cost": 0.9978513044334211, "oscillation_cost": 389.1758430878382, "completition_cost": 1000.0, "overshoot_cost": 159.72619190408207, "power_cost": 29.52966630859375, "noise_cost": 104.58685321993848, "n_waypoints_completed": 0, "tot_waypoints": 9}}
{"target": -5627.69160475665, "params": {"k_pid_pos": [2.0, 0.9956209063529968, 1.0], "k_pid_alt": [2.0, 1.0, 0.9979192614555359], "k_pid_att": [0.0, 0.737196147441864, 0.0], "k_pid_yaw": [0.5, 1e-06, 0.1], "k_pid_hsp": [9.848782539367676, 0.0, 0.0], "k_pid_vsp": [375.6497497558594, 400.0, 399.7550048828125]}, "datetime": {"datetime": "2025-08-11 20:53:53", "elapsed": 16112.764435529709, "delta": 31.14849066734314}, "costs": {"total_cost": 5627.69160475665, "time_cost": 150, "final_distance_cost": 600.6058428658021, "oscillation_cost": 2361.7169600164684, "completition_cost": 1000.0, "overshoot_cost": 1283.2799888760746, "power_cost": 56.94645815429688, "noise_cost": 175.1423548440083, "n_waypoints_completed": 0, "tot_waypoints": 9}}
{"target": -1568.8865314133138, "params": {"k_pid_pos": [1.9038209915161133, 0.911320149898529, 0.9642049670219421], "k_pid_alt": [1.9382319450378418, 1.0, 0.9852420091629028], "k_pid_att": [0.8295148611068726, 9.999999747378752e-05, 0.0], "k_pid_yaw": [0.5, 1e-06, 0.1], "k_pid_hsp": [10.0, 0.0, 0.0], "k_pid_vsp": [373.29730224609375, 400.0, 400.0]}, "datetime": {"datetime": "2025-08-11 20:54:23", "elapsed": 16142.80377793312, "delta": 30.039342403411865}, "costs": {"total_cost": 1568.8865314133138, "time_cost": 150, "final_distance_cost": 13.732271732672311, "oscillation_cost": 235.92145862557987, "completition_cost": 1000.0, "overshoot_cost": 110.89754138025853, "power_cost": 31.273787951660157, "noise_cost": 27.061471723142777, "n_waypoints_completed": 0, "tot_waypoints": 9}}
{"target": -1143.8157487856147, "params": {"k_pid_pos": [1.9274822473526, 0.8979118466377258, 0.8386338353157043], "k_pid_alt": [2.0, 1.0, 1.0], "k_pid_att": [9.473371505737305, 9.999999747378752e-05, 0.010901689529418945], "k_pid_yaw": [0.5, 1e-06, 0.1], "k_pid_hsp": [10.0, 0.0, 0.013351291418075562], "k_pid_vsp": [393.73980712890625, 400.0, 400.0]}, "datetime": {"datetime": "2025-08-11 20:54:53", "elapsed": 16172.539240598679, "delta": 29.73546266555786}, "costs": {"total_cost": 1143.8157487856147, "time_cost": 150, "final_distance_cost": 64.56994132517598, "oscillation_cost": 468.1863205507558, "completition_cost": 333.33333333333337, "overshoot_cost": 64.6432163366572, "power_cost": 32.78555306396485, "noise_cost": 30.29738417572736, "n_waypoints_completed": 6, "tot_waypoints": 9}}
{"target": -3902.602418837772, "params": {"k_pid_pos": [2.0, 1.0, 0.9573005437850952], "k_pid_alt": [2.0, 1.0, 0.9956967830657959], "k_pid_att": [0.0, 0.44894200563430786, 0.0], "k_pid_yaw": [0.5, 1e-06, 0.1], "k_pid_hsp": [10.0, 0.0, 0.039166539907455444], "k_pid_vsp": [383.2948303222656, 364.17144775390625, 398.7739562988281]}, "datetime": {"datetime": "2025-08-11 20:55:24", "elapsed": 16203.913226604462, "delta": 31.37398600578308}, "costs": {"total_cost": 3902.602418837772, "time_cost": 150, "final_distance_cost": 199.47078437590352, "oscillation_cost": 1718.0996218650423, "completition_cost": 1000.0, "overshoot_cost": 604.2134683505087, "power_cost": 57.22523345947266, "noise_cost": 173.5933107868447, "n_waypoints_completed": 0, "tot_waypoints": 9}}
{"target": -5377.478911847393, "params": {"k_pid_pos": [2.0, 0.9570636749267578, 0.9479871988296509], "k_pid_alt": [1.9974336624145508, 0.9827272891998291, 0.9969576001167297], "k_pid_att": [0.052031874656677246, 0.3417670726776123, 0.04241877794265747], "k_pid_yaw": [0.5, 1e-06, 0.1], "k_pid_hsp": [9.118136405944824, 0.09722849726676941, 0.0], "k_pid_vsp": [375.5169982910156, 390.0855407714844, 400.0]}, "datetime": {"datetime": "2025-08-11 20:55:54", "elapsed": 16234.326901197433, "delta": 30.4136745929718}, "costs": {"total_cost": 5377.478911847393, "time_cost": 150, "final_distance_cost": 980.0347362207214, "oscillation_cost": 784.8099239907892, "completition_cost": 1000.0, "overshoot_cost": 2242.378087906565, "power_cost": 56.587119763183594, "noise_cost": 163.6690439661347, "n_waypoints_completed": 0, "tot_waypoints": 9}}
{"target": -1500.830729187371, "params": {"k_pid_pos": [1.9667549133300781, 0.970112144947052, 1.0], "k_pid_alt": [1.9722176790237427, 0.9658331871032715, 0.9466629028320312], "k_pid_att": [2.278545379638672, 9.999999747378752e-05, 0.0], "k_pid_yaw": [0.5, 1e-06, 0.1], "k_pid_hsp": [9.241467475891113, 0.0, 0.05355900526046753], "k_pid_vsp": [398.128173828125, 367.6396484375, 396.27215576171875]}, "datetime": {"datetime": "2025-08-11 20:56:25", "elapsed": 16265.079059839249, "delta": 30.752158641815186}, "costs": {"total_cost": 1500.830729187371, "time_cost": 150, "final_distance_cost": 89.59245602767845, "oscillation_cost": 355.2483090766157, "completition_cost": 777.7777777777778, "overshoot_cost": 68.0230952275843, "power_cost": 32.71412828369141, "noise_cost": 27.474962794023238, "n_waypoints_completed": 2, "tot_waypoints": 9}}
