{"target": -8249.914676384984, "params": {"k_pid_pos": [2.0, 0.9723794460296631, 1.0], "k_pid_alt": [2.0, 0.9993321895599365, 0.9679458141326904], "k_pid_att": [0.0, 9.999999747378752e-05, 0.0], "k_pid_yaw": [0.5, 1e-06, 0.1], "k_pid_hsp": [10.0, 0.026334404945373535, 0.0], "k_pid_vsp": [383.8753967285156, 391.5791015625, 400.0]}, "datetime": {"datetime": "2025-08-11 20:56:55", "elapsed": 16295.152690172195, "delta": 30.073630332946777}, "costs": {"total_cost": 8249.914676384984, "time_cost": 150, "final_distance_cost": 812.5004823818388, "oscillation_cost": 14.661097070885285, "completition_cost": 1000.0, "overshoot_cost": 6130.664830287557, "power_cost": 44.08607843017578, "noise_cost": 98.00218821452715, "n_waypoints_completed": 0, "tot_waypoints": 9}}
{"target": -4679.158277838502, "params": {"k_pid_pos": [1.8757526874542236, 1.0, 1.0], "k_pid_alt": [2.0, 1.0, 0.9898290634155273], "k_pid_att": [0.0, 0.6246318221092224, 0.0], "k_pid_yaw": [0.5, 1e-06, 0.1], "k_pid_hsp": [10.0, 0.01876622438430786, 0.055014729499816895], "k_pid_vsp": [398.17486572265625, 386.6999206542969, 400.0]}, "datetime": {"datetime": "2025-08-11 20:57:26", "elapsed": 16325.43032503128, "delta": 30.277634859085083}, "costs": {"total_cost": 4679.158277838502, "time_cost": 150, "final_distance_cost": 574.2781336374738, "oscillation_cost": 1988.9992645408915, "completition_cost": 1000.0, "overshoot_cost": 734.7795158150957, "power_cost": 57.19116599121094, "noise_cost": 173.91019785382886, "n_waypoints_completed": 0, "tot_waypoints": 9}}
{"target": -1571.8052600915216, "params": {"k_pid_pos": [2.0, 1.0, 1.0], "k_pid_alt": [2.0, 1.0, 1.0], "k_pid_att": [3.6294846534729004, 9.999999747378752e-05, 0.0], "k_pid_yaw": [0.5, 1e-06, 0.1], "k_pid_hsp": [10.0, 0.0, 0.0], "k_pid_vsp": [385.4984130859375, 400.0, 400.0]}, "datetime": {"datetime": "2025-08-11 20:57:56", "elapsed": 16356.329149723053, "delta": 30.89882469177246}, "costs": {"total_cost": 1571.8052600915216, "time_cost": 150, "final_distance_cost": 86.22513439124873, "oscillation_cost": 431.42916588987407, "completition_cost": 777.7777777777778, "overshoot_cost": 67.76168389558055, "power_cost": 31.36252174072266, "noise_cost": 27.248976396317744, "n_waypoints_completed": 2, "tot_waypoints": 9}}
{"target": -1349.4812740929788, "params": {"k_pid_pos": [2.0, 0.948318362236023, 0.9960073232650757], "k_pid_alt": [2.0, 1.0, 0.9907776117324829], "k_pid_att": [5.925318717956543, 9.999999747378752e-05, 0.001629561185836792], "k_pid_yaw": [0.5, 1e-06, 0.1], "k_pid_hsp": [9.932679176330566, 0.025189965963363647, 0.0], "k_pid_vsp": [400.0, 400.0, 400.0]}, "datetime": {"datetime": "2025-08-11 20:58:27", "elapsed": 16386.795351028442, "delta": 30.466201305389404}, "costs": {"total_cost": 1349.4812740929788, "time_cost": 150, "final_distance_cost": 47.681840139746875, "oscillation_cost": 463.62189147216395, "completition_cost": 555.5555555555555, "overshoot_cost": 71.50083527877594, "power_cost": 31.71967388916016, "noise_cost": 29.401477757576505, "n_waypoints_completed": 4, "tot_waypoints": 9}}
{"target": -1507.0443276243025, "params": {"k_pid_pos": [2.0, 1.0, 1.0], "k_pid_alt": [2.0, 1.0, 1.0], "k_pid_att": [2.296271800994873, 1.0373340845108032, 0.01389545202255249], "k_pid_yaw": [0.5, 1e-06, 0.1], "k_pid_hsp": [10.0, 0.0032149553298950195, 0.026339977979660034], "k_pid_vsp": [388.7630615234375, 400.0, 396.73345947265625]}, "datetime": {"datetime": "2025-08-11 20:58:57", "elapsed": 16417.158829927444, "delta": 30.363478899002075}, "costs": {"total_cost": 1507.0443276243025, "time_cost": 150, "final_distance_cost": 85.24175346555873, "oscillation_cost": 363.09754780266667, "completition_cost": 777.7777777777778, "overshoot_cost": 72.63341778716811, "power_cost": 31.607943762207032, "noise_cost": 26.685887028924157, "n_waypoints_completed": 2, "tot_waypoints": 9}}
{"target": -1837.7422301047177, "params": {"k_pid_pos": [2.0, 0.9508271813392639, 1.0], "k_pid_alt": [2.0, 1.0, 0.924586296081543], "k_pid_att": [4.312091827392578, 9.999999747378752e-05, 0.05393877625465393], "k_pid_yaw": [0.5, 1e-06, 0.1], "k_pid_hsp": [10.0, 0.060048699378967285, 0.0], "k_pid_vsp": [400.0, 400.0, 394.39599609375]}, "datetime": {"datetime": "2025-08-11 20:59:28", "elapsed": 16448.187650680542, "delta": 31.028820753097534}, "costs": {"total_cost": 1837.7422301047177, "time_cost": 150, "final_distance_cost": 0.9984807016726361, "oscillation_cost": 398.7083690661096, "completition_cost": 1000.0, "overshoot_cost": 158.10575604703638, "power_cost": 29.766539465332034, "noise_cost": 100.16308482456714, "n_waypoints_completed": 0, "tot_waypoints": 9}}
{"target": -3848.4494339824982, "params": {"k_pid_pos": [1.9169987440109253, 1.0, 1.0], "k_pid_alt": [2.0, 0.9495700597763062, 1.0], "k_pid_att": [0.0, 0.17971351742744446, 0.0], "k_pid_yaw": [0.5, 1e-06, 0.1], "k_pid_hsp": [10.0, 0.04284703731536865, 0.0], "k_pid_vsp": [399.4869384765625, 376.2886047363281, 395.01751708984375]}, "datetime": {"datetime": "2025-08-11 21:00:00", "elapsed": 16479.704942941666, "delta": 31.517292261123657}, "costs": {"total_cost": 3848.4494339824982, "time_cost": 150, "final_distance_cost": 383.31363302711907, "oscillation_cost": 909.6280240656214, "completition_cost": 1000.0, "overshoot_cost": 1178.908917118957, "power_cost": 57.66682563476563, "noise_cost": 168.93203413603484, "n_waypoints_completed": 0, "tot_waypoints": 9}}
{"target": -4458.89158959581, "params": {"k_pid_pos": [2.0, 0.9509214162826538, 1.0], "k_pid_alt": [1.9383928775787354, 1.0, 1.0], "k_pid_att": [0.0, 0.4136918783187866, 0.0], "k_pid_yaw": [0.5, 1e-06, 0.1], "k_pid_hsp": [10.0, 0.0005650520324707031, 0.0], "k_pid_vsp": [387.4758605957031, 392.8321228027344, 400.0]}, "datetime": {"datetime": "2025-08-11 21:00:31", "elapsed": 16510.99663424492, "delta": 31.291691303253174}, "costs": {"total_cost": 4458.89158959581, "time_cost": 150, "final_distance_cost": 334.5997113979536, "oscillation_cost": 1688.357118425312, "completition_cost": 1000.0, "overshoot_cost": 1055.0558778676952, "power_cost": 57.32727703857422, "noise_cost": 173.5516048662752, "n_waypoints_completed": 0, "tot_waypoints": 9}}
{"target": -957.286943308913, "params": {"k_pid_pos": [2.0, 0.9748648405075073, 0.9468595385551453], "k_pid_alt": [1.933860421180725, 0.9467154741287231, 0.9895814061164856], "k_pid_att": [1.1145949363708496, 0.8667795062065125, 0.00662270188331604], "k_pid_yaw": [0.5, 1e-06, 0.1], "k_pid_hsp": [10.0, 0.0376242995262146, 0.0], "k_pid_vsp": [400.0, 400.0, 400.0]}, "datetime": {"datetime": "2025-08-11 21:01:03", "elapsed": 16542.389983177185, "delta": 31.393348932266235}, "costs": {"total_cost": 957.286943308913, "time_cost": 150, "final_distance_cost": 68.32116876345853, "oscillation_cost": 275.8526646597608, "completition_cost": 333.33333333333337, "overshoot_cost": 67.48090405744072, "power_cost": 34.236846582031255, "noise_cost": 28.06202591288833, "n_waypoints_completed": 6, "tot_waypoints": 9}}
{"target": -7025.791686363428, "params": {"k_pid_pos": [1.9276483058929443, 0.9302096962928772, 1.0], "k_pid_alt": [2.0, 0.9892551898956299, 1.0], "k_pid_att": [0.0, 9.999999747378752e-05, 0.0006096065044403076], "k_pid_yaw": [0.5, 1e-06, 0.1], "k_pid_hsp": [9.604072570800781, 0.002643495798110962, 0.0], "k_pid_vsp": [400.0, 389.56927490234375, 400.0]}, "datetime": {"datetime": "2025-08-11 21:01:33", "elapsed": 16573.353929281235, "delta": 30.963946104049683}, "costs": {"total_cost": 7025.791686363428, "time_cost": 150, "final_distance_cost": 1292.6703855005742, "oscillation_cost": 13.450811212854775, "completition_cost": 1000.0, "overshoot_cost": 4440.954953065203, "power_cost": 44.01510593261719, "noise_cost": 84.70043065217963, "n_waypoints_completed": 0, "tot_waypoints": 9}}
{"target": -4429.426467338514, "params": {"k_pid_pos": [1.8572030067443848, 0.9931648969650269, 1.0], "k_pid_alt": [2.0, 1.0, 0.9236404895782471], "k_pid_att": [0.0, 9.999999747378752e-05, 0.0389864444732666], "k_pid_yaw": [0.5, 1e-06, 0.1], "k_pid_hsp": [10.0, 0.023310691118240356, 0.0], "k_pid_vsp": [400.0, 390.0718994140625, 381.4659729003906]}, "datetime": {"datetime": "2025-08-11 21:02:04", "elapsed": 16603.963175535202, "delta": 30.609246253967285}, "costs": {"total_cost": 4429.426467338514, "time_cost": 150, "final_distance_cost": 1042.9680025427072, "oscillation_cost": 4.8998071238169505, "completition_cost": 1000.0, "overshoot_cost": 2118.336487376832, "power_cost": 30.31176309814453, "noise_cost": 82.91040719701373, "n_waypoints_completed": 0, "tot_waypoints": 9}}
{"target": -3956.8193722677333, "params": {"k_pid_pos": [2.0, 0.9577426910400391, 0.9839236736297607], "k_pid_alt": [2.0, 1.0, 1.0], "k_pid_att": [0.0, 0.5509725213050842, 0.0], "k_pid_yaw": [0.5, 1e-06, 0.1], "k_pid_hsp": [10.0, 0.002890676259994507, 0.04780930280685425], "k_pid_vsp": [387.2434997558594, 355.4581298828125, 400.0]}, "datetime": {"datetime": "2025-08-11 21:02:35", "elapsed": 16634.76359462738, "delta": 30.800419092178345}, "costs": {"total_cost": 3956.8193722677333, "time_cost": 150, "final_distance_cost": 167.68061662804845, "oscillation_cost": 1876.268767876941, "completition_cost": 1000.0, "overshoot_cost": 531.2980371875772, "power_cost": 57.33283961181641, "noise_cost": 174.23911096335019, "n_waypoints_completed": 0, "tot_waypoints": 9}}
{"target": -4206.605493818863, "params": {"k_pid_pos": [2.0, 0.9978995323181152, 0.9923543334007263], "k_pid_alt": [2.0, 0.9604783058166504, 1.0], "k_pid_att": [0.0, 0.7456352114677429, 0.0], "k_pid_yaw": [0.5, 1e-06, 0.1], "k_pid_hsp": [9.90990161895752, 0.041656434535980225, 0.04722610116004944], "k_pid_vsp": [400.0, 400.0, 392.4455261230469]}, "datetime": {"datetime": "2025-08-11 21:03:06", "elapsed": 16665.89608669281, "delta": 31.132492065429688}, "costs": {"total_cost": 4206.605493818863, "time_cost": 150, "final_distance_cost": 271.9091803535429, "oscillation_cost": 2156.569867775284, "completition_cost": 1000.0, "overshoot_cost": 396.14483755763655, "power_cost": 57.304630395507814, "noise_cost": 174.67697773689144, "n_waypoints_completed": 0, "tot_waypoints": 9}}
{"target": -2581.1293162713887, "params": {"k_pid_pos": [2.0, 1.0, 1.0], "k_pid_alt": [2.0, 0.9759449362754822, 1.0], "k_pid_att": [0.0, 9.999999747378752e-05, 0.11351782083511353], "k_pid_yaw": [0.5, 1e-06, 0.1], "k_pid_hsp": [9.520050048828125, 0.0, 0.0], "k_pid_vsp": [400.0, 387.3888854980469, 394.0496520996094]}, "datetime": {"datetime": "2025-08-11 21:03:37", "elapsed": 16697.026288986206, "delta": 31.130202293395996}, "costs": {"total_cost": 2581.1293162713887, "time_cost": 150, "final_distance_cost": 315.3792974937498, "oscillation_cost": 3.2268986061659217, "completition_cost": 1000.0, "overshoot_cost": 969.5785796550656, "power_cost": 29.205126391601564, "noise_cost": 113.73941412480616, "n_waypoints_completed": 0, "tot_waypoints": 9}}
{"target": -5269.864172017952, "params": {"k_pid_pos": [1.999725103378296, 1.0, 1.0], "k_pid_alt": [1.9301092624664307, 0.9115703105926514, 1.0], "k_pid_att": [0.0, 9.999999747378752e-05, 0.0290890634059906], "k_pid_yaw": [0.5, 1e-06, 0.1], "k_pid_hsp": [10.0, 0.0376095175743103, 0.0], "k_pid_vsp": [400.0, 400.0, 400.0]}, "datetime": {"datetime": "2025-08-11 21:04:08", "elapsed": 16727.446193933487, "delta": 30.419904947280884}, "costs": {"total_cost": 5269.864172017952, "time_cost": 150, "final_distance_cost": 1341.0048760269906, "oscillation_cost": 5.894957982078067, "completition_cost": 1000.0, "overshoot_cost": 2663.5274004085945, "power_cost": 31.301493066406252, "noise_cost": 78.13544453388286, "n_waypoints_completed": 0, "tot_waypoints": 9}}
{"target": -8256.08885738474, "params": {"k_pid_pos": [2.0, 1.0, 0.9894596934318542], "k_pid_alt": [2.0, 1.0, 0.9929913282394409], "k_pid_att": [0.0, 9.999999747378752e-05, 0.0], "k_pid_yaw": [0.5, 1e-06, 0.1], "k_pid_hsp": [9.551889419555664, 0.0, 0.0], "k_pid_vsp": [400.0, 374.5049743652344, 400.0]}, "datetime": {"datetime": "2025-08-11 21:04:38", "elapsed": 16757.956269979477, "delta": 30.51007604598999}, "costs": {"total_cost": 8256.08885738474, "time_cost": 150, "final_distance_cost": 863.3758393267967, "oscillation_cost": 14.757358543600384, "completition_cost": 1000.0, "overshoot_cost": 6087.715695463905, "power_cost": 44.57692713623047, "noise_cost": 95.66303691420836, "n_waypoints_completed": 0, "tot_waypoints": 9}}
{"target": -930.3419129133185, "params": {"k_pid_pos": [1.9530612230300903, 0.9078614711761475, 1.0], "k_pid_alt": [1.8055258989334106, 0.9820375442504883, 1.0], "k_pid_att": [1.3558834791183472, 0.2754259705543518, 0.0], "k_pid_yaw": [0.5, 1e-06, 0.1], "k_pid_hsp": [10.0, 0.04858294129371643, 0.13507336378097534], "k_pid_vsp": [400.0, 400.0, 400.0]}, "datetime": {"datetime": "2025-08-11 21:05:09", "elapsed": 16788.750153541565, "delta": 30.793883562088013}, "costs": {"total_cost": 930.3419129133185, "time_cost": 150, "final_distance_cost": 61.90675814242569, "oscillation_cost": 253.03591279787497, "completition_cost": 333.33333333333337, "overshoot_cost": 69.30731810275687, "power_cost": 33.578242199707034, "noise_cost": 29.18034833722059, "n_waypoints_completed": 6, "tot_waypoints": 9}}
{"target": -624.7895745550131, "params": {"k_pid_pos": [2.0, 1.0, 0.9888399839401245], "k_pid_alt": [2.0, 0.9853843450546265, 1.0], "k_pid_att": [15.332859992980957, 0.10523796826601028, 0.05003055930137634], "k_pid_yaw": [0.5, 1e-06, 0.1], "k_pid_hsp": [10.0, 0.007974296808242798, 0.0], "k_pid_vsp": [400.0, 395.86700439453125, 381.50848388671875]}, "datetime": {"datetime": "2025-08-11 21:05:39", "elapsed": 16819.036406755447, "delta": 30.286253213882446}, "costs": {"total_cost": 624.7895745550131, "time_cost": 119.595, "final_distance_cost": 1.7540121952627108, "oscillation_cost": 372.149675773428, "completition_cost": 0.0, "overshoot_cost": 69.06589720649221, "power_cost": 32.225146618652346, "noise_cost": 29.99984276117773, "n_waypoints_completed": 9, "tot_waypoints": 9}}
{"target": -3272.397324812469, "params": {"k_pid_pos": [2.0, 1.0, 1.0], "k_pid_alt": [2.0, 1.0, 1.0], "k_pid_att": [0.0, 9.999999747378752e-05, 0.05735743045806885], "k_pid_yaw": [0.5, 1e-06, 0.1], "k_pid_hsp": [9.460710525512695, 0.0, 0.07162219285964966], "k_pid_vsp": [400.0, 400.0, 400.0]}, "datetime": {"datetime": "2025-08-11 21:06:10", "elapsed": 16849.91478037834, "delta": 30.878373622894287}, "costs": {"total_cost": 3272.397324812469, "time_cost": 150, "final_distance_cost": 145.4570807847698, "oscillation_cost": 4.056076817415976, "completition_cost": 1000.0, "overshoot_cost": 1845.9691884813017, "power_cost": 29.648935253906252, "noise_cost": 97.26604347507501, "n_waypoints_completed": 0, "tot_waypoints": 9}}
{"target": -8094.591035936808, "params": {"k_pid_pos": [1.9372369050979614, 1.0, 1.0], "k_pid_alt": [1.893168568611145, 0.9565660357475281, 0.9324332475662231], "k_pid_att": [0.0, 9.999999747378752e-05, 0.0], "k_pid_yaw": [0.5, 1e-06, 0.1], "k_pid_hsp": [9.349485397338867, 0.0, 0.05611306428909302], "k_pid_vsp": [400.0, 400.0, 400.0]}, "datetime": {"datetime": "2025-08-11 21:06:41", "elapsed": 16880.61177134514, "delta": 30.696990966796875}, "costs": {"total_cost": 8094.591035936808, "time_cost": 150, "final_distance_cost": 848.5493418742058, "oscillation_cost": 14.781867252234917, "completition_cost": 1000.0, "overshoot_cost": 5942.616535816436, "power_cost": 44.890974121093755, "noise_cost": 93.75231687283788, "n_waypoints_completed": 0, "tot_waypoints": 9}}
{"target": -1431.3059166950604, "params": {"k_pid_pos": [2.0, 0.9873120784759521, 1.0], "k_pid_alt": [2.0, 0.9499906301498413, 0.9694482088088989], "k_pid_att": [3.2591819763183594, 0.1334974318742752, 0.0], "k_pid_yaw": [0.5, 1e-06, 0.1], "k_pid_hsp": [9.91793155670166, 0.0, 0.0], "k_pid_vsp": [400.0, 388.1617431640625, 400.0]}, "datetime": {"datetime": "2025-08-11 21:07:11", "elapsed": 16910.942818164825, "delta": 30.33104681968689}, "costs": {"total_cost": 1431.3059166950604, "time_cost": 150, "final_distance_cost": 75.36435554356152, "oscillation_cost": 406.73070316327795, "completition_cost": 666.6666666666667, "overshoot_cost": 72.99515572231252, "power_cost": 32.01613259277344, "noise_cost": 27.532903006468466, "n_waypoints_completed": 3, "tot_waypoints": 9}}
{"target": -859.6555339026019, "params": {"k_pid_pos": [1.8170312643051147, 1.0, 1.0], "k_pid_alt": [1.9399402141571045, 1.0, 1.0], "k_pid_att": [0.5130767822265625, 0.28077396750450134, 0.0644347071647644], "k_pid_yaw": [0.5, 1e-06, 0.1], "k_pid_hsp": [9.097543716430664, 0.038074761629104614, 0.0], "k_pid_vsp": [400.0, 400.0, 400.0]}, "datetime": {"datetime": "2025-08-11 21:07:42", "elapsed": 16941.753022670746, "delta": 30.81020450592041}, "costs": {"total_cost": 859.6555339026019, "time_cost": 150, "final_distance_cost": 54.45269004162603, "oscillation_cost": 84.46917961313808, "completition_cost": 444.4444444444444, "overshoot_cost": 60.98724349886831, "power_cost": 34.865465551757815, "noise_cost": 30.436510752767276, "n_waypoints_completed": 5, "tot_waypoints": 9}}
{"target": -1190.7639174596045, "params": {"k_pid_pos": [1.8980398178100586, 1.0, 1.0], "k_pid_alt": [1.9667009115219116, 1.0, 1.0], "k_pid_att": [3.4290969371795654, 1.2266114950180054, 0.0], "k_pid_yaw": [0.5, 1e-06, 0.1], "k_pid_hsp": [10.0, 0.0, 0.026864349842071533], "k_pid_vsp": [400.0, 391.6426696777344, 400.0]}, "datetime": {"datetime": "2025-08-11 21:08:12", "elapsed": 16972.26457118988, "delta": 30.51154851913452}, "costs": {"total_cost": 1190.7639174596045, "time_cost": 150, "final_distance_cost": 55.69190633731203, "oscillation_cost": 411.0172299542993, "completition_cost": 444.4444444444444, "overshoot_cost": 69.25648340367576, "power_cost": 32.690547265625, "noise_cost": 27.663306054248135, "n_waypoints_completed": 5, "tot_waypoints": 9}}
{"target": -8234.418127194911, "params": {"k_pid_pos": [1.8700107336044312, 1.0, 0.9699490070343018], "k_pid_alt": [2.0, 0.9909896850585938, 0.9937717914581299], "k_pid_att": [0.0, 0.4131596088409424, 0.02850562334060669], "k_pid_yaw": [0.5, 1e-06, 0.1], "k_pid_hsp": [10.0, 0.020703226327896118, 0.008769750595092773], "k_pid_vsp": [400.0, 359.0948181152344, 400.0]}, "datetime": {"datetime": "2025-08-11 21:08:43", "elapsed": 17002.834887504578, "delta": 30.570316314697266}, "costs": {"total_cost": 8234.418127194911, "time_cost": 150, "final_distance_cost": 2222.8538465662477, "oscillation_cost": 1642.768480299736, "completition_cost": 1000.0, "overshoot_cost": 2995.147761907851, "power_cost": 55.87999520263672, "noise_cost": 167.76804321844077, "n_waypoints_completed": 0, "tot_waypoints": 9}}
{"target": -1693.9969802893906, "params": {"k_pid_pos": [1.8590468168258667, 1.0, 0.979596734046936], "k_pid_alt": [2.0, 1.0, 1.0], "k_pid_att": [2.5096774101257324, 0.28377145528793335, 0.02292761206626892], "k_pid_yaw": [0.5, 1e-06, 0.1], "k_pid_hsp": [9.312040328979492, 0.03921687602996826, 0.03655672073364258], "k_pid_vsp": [398.8052978515625, 400.0, 398.3861389160156]}, "datetime": {"datetime": "2025-08-11 21:09:13", "elapsed": 17033.161301374435, "delta": 30.326413869857788}, "costs": {"total_cost": 1693.9969802893906, "time_cost": 150, "final_distance_cost": 37.384650649603685, "oscillation_cost": 366.7849043641939, "completition_cost": 1000.0, "overshoot_cost": 83.34154909364347, "power_cost": 30.37368435058594, "noise_cost": 26.112191831363887, "n_waypoints_completed": 0, "tot_waypoints": 9}}
{"target": -1425.0504842097746, "params": {"k_pid_pos": [1.9392297267913818, 1.0, 0.9796473979949951], "k_pid_alt": [2.0, 0.9270397424697876, 0.9747292995452881], "k_pid_att": [4.506712913513184, 9.999999747378752e-05, 0.015143394470214844], "k_pid_yaw": [0.5, 1e-06, 0.1], "k_pid_hsp": [10.0, 0.0, 0.0], "k_pid_vsp": [400.0, 366.6850891113281, 383.1821594238281]}, "datetime": {"datetime": "2025-08-11 21:09:44", "elapsed": 17063.853317260742, "delta": 30.692015886306763}, "costs": {"total_cost": 1425.0504842097746, "time_cost": 150, "final_distance_cost": 52.253664749342114, "oscillation_cost": 422.661531840074, "completition_cost": 666.6666666666667, "overshoot_cost": 74.37476949692116, "power_cost": 31.418830798339844, "noise_cost": 27.675020658430928, "n_waypoints_completed": 3, "tot_waypoints": 9}}
{"target": -3785.159987653644, "params": {"k_pid_pos": [2.0, 0.9798493385314941, 0.9940857291221619], "k_pid_alt": [1.8297715187072754, 1.0, 0.9987831115722656], "k_pid_att": [0.0, 0.524279773235321, 0.018233537673950195], "k_pid_yaw": [0.5, 1e-06, 0.1], "k_pid_hsp": [8.938880920410156, 0.02332836389541626, 0.0], "k_pid_vsp": [400.0, 400.0, 400.0]}, "datetime": {"datetime": "2025-08-11 21:10:14", "elapsed": 17094.162070274353, "delta": 30.30875301361084}, "costs": {"total_cost": 3785.159987653644, "time_cost": 150, "final_distance_cost": 183.30183857316592, "oscillation_cost": 1705.7745289572533, "completition_cost": 1000.0, "overshoot_cost": 516.1930671267555, "power_cost": 57.39569877929688, "noise_cost": 172.4948542171723, "n_waypoints_completed": 0, "tot_waypoints": 9}}
{"target": -1317.5649117994851, "params": {"k_pid_pos": [1.804506778717041, 1.0, 1.0], "k_pid_alt": [1.9371485710144043, 1.0, 1.0], "k_pid_att": [4.497838020324707, 0.5119086503982544, 0.0], "k_pid_yaw": [0.5, 1e-06, 0.1], "k_pid_hsp": [10.0, 0.0, 0.03756442666053772], "k_pid_vsp": [383.5223083496094, 374.78948974609375, 400.0]}, "datetime": {"datetime": "2025-08-11 21:10:45", "elapsed": 17124.64186811447, "delta": 30.479797840118408}, "costs": {"total_cost": 1317.5649117994851, "time_cost": 150, "final_distance_cost": 39.22758675099012, "oscillation_cost": 439.0340288338758, "completition_cost": 555.5555555555555, "overshoot_cost": 73.79404239866079, "power_cost": 32.23319305419922, "noise_cost": 27.720505206203416, "n_waypoints_completed": 4, "tot_waypoints": 9}}
