{"target": -5901.859027442566, "params": {"k_pid_pos": [2.0, 1.0, 1.0], "k_pid_alt": [2.0, 1.0, 0.9614839553833008], "k_pid_att": [0.0, 0.42269834876060486, 0.0], "k_pid_yaw": [0.5, 1e-06, 0.1], "k_pid_hsp": [10.0, 0.013388872146606445, 0.0], "k_pid_vsp": [400.0, 400.0, 369.36181640625]}, "datetime": {"datetime": "2025-08-12 06:27:45", "elapsed": 50544.394790649414, "delta": 30.552077054977417}, "costs": {"total_cost": 5901.859027442566, "time_cost": 150, "final_distance_cost": 976.2028663258401, "oscillation_cost": 1802.301555152198, "completition_cost": 1000.0, "overshoot_cost": 1741.032682057547, "power_cost": 57.999287939453126, "noise_cost": 174.32263596752742, "n_waypoints_completed": 0, "tot_waypoints": 9}}
{"target": -4177.588678116643, "params": {"k_pid_pos": [1.9772685766220093, 1.0, 0.9653012752532959], "k_pid_alt": [1.9863269329071045, 1.0, 1.0], "k_pid_att": [0.0, 0.47201859951019287, 0.009568631649017334], "k_pid_yaw": [0.5, 1e-06, 0.1], "k_pid_hsp": [9.261435508728027, 0.07607275247573853, 0.0], "k_pid_vsp": [400.0, 378.29248046875, 397.79833984375]}, "datetime": {"datetime": "2025-08-12 06:28:17", "elapsed": 50577.10365986824, "delta": 32.708869218826294}, "costs": {"total_cost": 4177.588678116643, "time_cost": 150, "final_distance_cost": 279.98185587218387, "oscillation_cost": 1660.297666093251, "completition_cost": 1000.0, "overshoot_cost": 857.1801985370782, "power_cost": 57.424857946777344, "noise_cost": 172.70409966735255, "n_waypoints_completed": 0, "tot_waypoints": 9}}
{"target": -8056.853480124475, "params": {"k_pid_pos": [2.0, 0.9241728186607361, 0.9531627893447876], "k_pid_alt": [2.0, 1.0, 0.9772188067436218], "k_pid_att": [0.0, 9.999999747378752e-05, 0.0], "k_pid_yaw": [0.5, 1e-06, 0.1], "k_pid_hsp": [10.0, 0.07534092664718628, 0.057202428579330444], "k_pid_vsp": [392.4637756347656, 382.2874450683594, 400.0]}, "datetime": {"datetime": "2025-08-12 06:28:49", "elapsed": 50608.374683856964, "delta": 31.271023988723755}, "costs": {"total_cost": 8056.853480124475, "time_cost": 150, "final_distance_cost": 773.4617178915021, "oscillation_cost": 14.648116489256092, "completition_cost": 1000.0, "overshoot_cost": 5976.519586965242, "power_cost": 44.59586314697266, "noise_cost": 97.62819563150211, "n_waypoints_completed": 0, "tot_waypoints": 9}}
{"target": -6369.49551998978, "params": {"k_pid_pos": [2.0, 1.0, 0.9704816341400146], "k_pid_alt": [1.9916861057281494, 0.9933735132217407, 1.0], "k_pid_att": [0.0, 9.999999747378752e-05, 0.024347394704818726], "k_pid_yaw": [0.5, 1e-06, 0.1], "k_pid_hsp": [10.0, 0.0, 0.0], "k_pid_vsp": [400.0, 380.9472961425781, 378.8082275390625]}, "datetime": {"datetime": "2025-08-12 06:29:20", "elapsed": 50639.666860580444, "delta": 31.292176723480225}, "costs": {"total_cost": 6369.49551998978, "time_cost": 150, "final_distance_cost": 2043.3889483835949, "oscillation_cost": 6.726282377261806, "completition_cost": 1000.0, "overshoot_cost": 3074.719471511593, "power_cost": 32.41622064208985, "noise_cost": 62.24459707524154, "n_waypoints_completed": 0, "tot_waypoints": 9}}
{"target": -5250.712956392928, "params": {"k_pid_pos": [1.9622712135314941, 0.9863373637199402, 0.8881330490112305], "k_pid_alt": [2.0, 1.0, 0.9906051158905029], "k_pid_att": [0.0, 9.999999747378752e-05, 0.024886757135391235], "k_pid_yaw": [0.5, 1e-06, 0.1], "k_pid_hsp": [10.0, 0.0606289803981781, 0.07063919305801392], "k_pid_vsp": [400.0, 390.4626770019531, 400.0]}, "datetime": {"datetime": "2025-08-12 06:29:52", "elapsed": 50672.27462530136, "delta": 32.60776472091675}, "costs": {"total_cost": 5250.712956392928, "time_cost": 150, "final_distance_cost": 1294.3007239142528, "oscillation_cost": 6.251174093418723, "completition_cost": 1000.0, "overshoot_cost": 2707.1894497207627, "power_cost": 31.601138220214846, "noise_cost": 61.37047044427999, "n_waypoints_completed": 0, "tot_waypoints": 9}}
{"target": -1874.704433045963, "params": {"k_pid_pos": [2.0, 1.0, 0.933732271194458], "k_pid_alt": [1.9721548557281494, 1.0, 0.977744996547699], "k_pid_att": [10.496526718139648, 0.1912907212972641, 0.0], "k_pid_yaw": [0.5, 1e-06, 0.1], "k_pid_hsp": [9.654293060302734, 0.0068347156047821045, 0.0], "k_pid_vsp": [383.31781005859375, 397.6517333984375, 393.12017822265625]}, "datetime": {"datetime": "2025-08-12 06:30:23", "elapsed": 50702.546146154404, "delta": 30.271520853042603}, "costs": {"total_cost": 1874.704433045963, "time_cost": 150, "final_distance_cost": 37.97231626597911, "oscillation_cost": 578.5809270584015, "completition_cost": 1000.0, "overshoot_cost": 48.49480437103314, "power_cost": 31.24676823730469, "noise_cost": 28.40961711324472, "n_waypoints_completed": 0, "tot_waypoints": 9}}
{"target": -1073.8880029246438, "params": {"k_pid_pos": [1.924321174621582, 1.0, 0.9844028949737549], "k_pid_alt": [2.0, 0.998072624206543, 0.9016552567481995], "k_pid_att": [0.2506941556930542, 9.999999747378752e-05, 0.09082558751106262], "k_pid_yaw": [0.5, 1e-06, 0.1], "k_pid_hsp": [10.0, 0.0, 0.08008712530136108], "k_pid_vsp": [396.42034912109375, 357.8930358886719, 354.3304443359375]}, "datetime": {"datetime": "2025-08-12 06:30:54", "elapsed": 50734.06622457504, "delta": 31.520078420639038}, "costs": {"total_cost": 1073.8880029246438, "time_cost": 150, "final_distance_cost": 48.762817137950734, "oscillation_cost": 65.48938486760765, "completition_cost": 666.6666666666667, "overshoot_cost": 79.30827038885869, "power_cost": 33.378726672363285, "noise_cost": 30.2821371911968, "n_waypoints_completed": 3, "tot_waypoints": 9}}
{"target": -4722.359049898904, "params": {"k_pid_pos": [1.8690885305404663, 1.0, 1.0], "k_pid_alt": [2.0, 0.9814432859420776, 1.0], "k_pid_att": [0.0, 0.028751367703080177, 0.0], "k_pid_yaw": [0.5, 1e-06, 0.1], "k_pid_hsp": [9.891210556030273, 0.0, 0.0], "k_pid_vsp": [383.5728759765625, 392.5550537109375, 400.0]}, "datetime": {"datetime": "2025-08-12 06:31:27", "elapsed": 50766.450472831726, "delta": 32.38424825668335}, "costs": {"total_cost": 4722.359049898904, "time_cost": 150, "final_distance_cost": 681.6195428956282, "oscillation_cost": 360.84311224314763, "completition_cost": 1000.0, "overshoot_cost": 2314.853296524461, "power_cost": 57.02319108886719, "noise_cost": 158.01990714680053, "n_waypoints_completed": 0, "tot_waypoints": 9}}
{"target": -735.1031476098375, "params": {"k_pid_pos": [2.0, 0.9733818769454956, 0.9462063312530518], "k_pid_alt": [1.9144082069396973, 1.0, 0.9965860843658447], "k_pid_att": [8.815428733825684, 9.999999747378752e-05, 0.11182266473770142], "k_pid_yaw": [0.5, 1e-06, 0.1], "k_pid_hsp": [9.644944190979004, 0.04718640446662903, 0.0], "k_pid_vsp": [400.0, 400.0, 395.42059326171875]}, "datetime": {"datetime": "2025-08-12 06:31:58", "elapsed": 50798.319665670395, "delta": 31.869192838668823}, "costs": {"total_cost": 735.1031476098375, "time_cost": 150, "final_distance_cost": 67.0040320613611, "oscillation_cost": 167.87311751967925, "completition_cost": 222.2222222222222, "overshoot_cost": 67.3943013128389, "power_cost": 32.084230615234375, "noise_cost": 28.525243878501623, "n_waypoints_completed": 7, "tot_waypoints": 9}}
{"target": -1354.6084908599514, "params": {"k_pid_pos": [2.0, 0.922798752784729, 1.0], "k_pid_alt": [1.8963884115219116, 1.0, 1.0], "k_pid_att": [2.341204881668091, 0.3574730455875397, 0.0], "k_pid_yaw": [0.5, 1e-06, 0.1], "k_pid_hsp": [10.0, 0.07110977172851562, 0.06114935874938965], "k_pid_vsp": [382.17864990234375, 393.6908874511719, 400.0]}, "datetime": {"datetime": "2025-08-12 06:32:30", "elapsed": 50830.34535741806, "delta": 32.025691747665405}, "costs": {"total_cost": 1354.6084908599514, "time_cost": 150, "final_distance_cost": 52.10797092787899, "oscillation_cost": 358.8644548611142, "completition_cost": 666.6666666666667, "overshoot_cost": 65.73968140351941, "power_cost": 32.57683056640625, "noise_cost": 28.65288643436597, "n_waypoints_completed": 3, "tot_waypoints": 9}}
{"target": -1569.4236746212976, "params": {"k_pid_pos": [2.0, 1.0, 1.0], "k_pid_alt": [1.8881868124008179, 0.9930016994476318, 1.0], "k_pid_att": [1.976078748703003, 0.37811481952667236, 0.06163015961647034], "k_pid_yaw": [0.5, 1e-06, 0.1], "k_pid_hsp": [10.0, 0.0, 0.0], "k_pid_vsp": [366.1729431152344, 398.8075256347656, 398.8896484375]}, "datetime": {"datetime": "2025-08-12 06:33:03", "elapsed": 50862.55427193642, "delta": 32.20891451835632}, "costs": {"total_cost": 1569.4236746212976, "time_cost": 150, "final_distance_cost": 0.9989054200492861, "oscillation_cost": 125.33757846275029, "completition_cost": 1000.0, "overshoot_cost": 159.86117404398394, "power_cost": 29.32744091796875, "noise_cost": 103.89857577654512, "n_waypoints_completed": 0, "tot_waypoints": 9}}
{"target": -1116.3693464089745, "params": {"k_pid_pos": [1.9699357748031616, 1.0, 0.9905445575714111], "k_pid_alt": [1.8583728075027466, 0.985111653804779, 0.9976688623428345], "k_pid_att": [0.37828683853149414, 9.999999747378752e-05, 0.0], "k_pid_yaw": [0.5, 1e-06, 0.1], "k_pid_hsp": [9.714340209960938, 0.01636403799057007, 0.0], "k_pid_vsp": [399.2474060058594, 400.0, 388.3493957519531]}, "datetime": {"datetime": "2025-08-12 06:33:34", "elapsed": 50894.35578870773, "delta": 31.80151677131653}, "costs": {"total_cost": 1116.3693464089745, "time_cost": 150, "final_distance_cost": 56.88695432470736, "oscillation_cost": 114.25725813953343, "completition_cost": 666.6666666666667, "overshoot_cost": 64.79777423206022, "power_cost": 33.584503125000005, "noise_cost": 30.17618992100668, "n_waypoints_completed": 3, "tot_waypoints": 9}}
{"target": -1236.3828373265637, "params": {"k_pid_pos": [1.9961977005004883, 1.0, 0.9734914302825928], "k_pid_alt": [2.0, 0.9867408275604248, 1.0], "k_pid_att": [11.686023712158203, 0.8190330862998962, 0.014596670866012573], "k_pid_yaw": [0.5, 1e-06, 0.1], "k_pid_hsp": [9.26257038116455, 0.016865789890289307, 0.0], "k_pid_vsp": [350.2431335449219, 389.37353515625, 400.0]}, "datetime": {"datetime": "2025-08-12 06:34:06", "elapsed": 50925.88228869438, "delta": 31.52649998664856}, "costs": {"total_cost": 1236.3828373265637, "time_cost": 150, "final_distance_cost": 56.10530938373426, "oscillation_cost": 458.4467523932734, "completition_cost": 444.4444444444444, "overshoot_cost": 66.92716328719719, "power_cost": 31.647730139160156, "noise_cost": 28.811437678754327, "n_waypoints_completed": 5, "tot_waypoints": 9}}
{"target": -8116.369032553783, "params": {"k_pid_pos": [2.0, 1.0, 0.98808753490448], "k_pid_alt": [1.7825942039489746, 1.0, 0.9429343938827515], "k_pid_att": [0.0, 9.999999747378752e-05, 0.0], "k_pid_yaw": [0.5, 1e-06, 0.1], "k_pid_hsp": [9.2705078125, 0.06889158487319946, 0.01184508204460144], "k_pid_vsp": [387.8726806640625, 396.28912353515625, 390.6752014160156]}, "datetime": {"datetime": "2025-08-12 06:34:38", "elapsed": 50957.48991394043, "delta": 31.607625246047974}, "costs": {"total_cost": 8116.369032553783, "time_cost": 150, "final_distance_cost": 875.7125210828339, "oscillation_cost": 14.777155114767647, "completition_cost": 1000.0, "overshoot_cost": 5936.102194640507, "power_cost": 44.73618684082032, "noise_cost": 95.04097487485296, "n_waypoints_completed": 0, "tot_waypoints": 9}}
{"target": -18287.29465717002, "params": {"k_pid_pos": [2.0, 0.9789664149284363, 0.9779331088066101], "k_pid_alt": [1.984602451324463, 0.9905452728271484, 0.974017858505249], "k_pid_att": [0.0, 0.8062054514884949, 0.030406206846237183], "k_pid_yaw": [0.5, 1e-06, 0.1], "k_pid_hsp": [10.0, 0.12271088361740112, 0.004673212766647339], "k_pid_vsp": [386.41015625, 400.0, 396.14569091796875]}, "datetime": {"datetime": "2025-08-12 06:35:09", "elapsed": 50989.164642095566, "delta": 31.67472815513611}, "costs": {"total_cost": 18287.29465717002, "time_cost": 150, "final_distance_cost": 6054.794199693653, "oscillation_cost": 2269.9800685587516, "completition_cost": 1000.0, "overshoot_cost": 8580.759231229245, "power_cost": 56.971415844726565, "noise_cost": 174.7897418436423, "n_waypoints_completed": 0, "tot_waypoints": 9}}
{"target": -1866.3811659919058, "params": {"k_pid_pos": [1.9898111820220947, 0.976288914680481, 0.9450970888137817], "k_pid_alt": [1.8510520458221436, 1.0, 1.0], "k_pid_att": [10.30879020690918, 9.999999747378752e-05, 0.0], "k_pid_yaw": [0.5, 1e-06, 0.1], "k_pid_hsp": [9.883858680725098, 0.010495215654373169, 0.0], "k_pid_vsp": [400.0, 384.7135925292969, 396.17962646484375]}, "datetime": {"datetime": "2025-08-12 06:35:41", "elapsed": 51020.95758342743, "delta": 31.792941331863403}, "costs": {"total_cost": 1866.3811659919058, "time_cost": 150, "final_distance_cost": 41.38092870304872, "oscillation_cost": 574.1383897665883, "completition_cost": 1000.0, "overshoot_cost": 41.046809873861655, "power_cost": 31.329647863769534, "noise_cost": 28.48538978463786, "n_waypoints_completed": 0, "tot_waypoints": 9}}
{"target": -4786.358812665938, "params": {"k_pid_pos": [2.0, 1.0, 1.0], "k_pid_alt": [1.8981046676635742, 0.9029043912887573, 1.0], "k_pid_att": [0.0, 0.6940121054649353, 0.0], "k_pid_yaw": [0.5, 1e-06, 0.1], "k_pid_hsp": [9.927474021911621, 0.08988499641418457, 0.008782744407653809], "k_pid_vsp": [365.5096740722656, 400.0, 400.0]}, "datetime": {"datetime": "2025-08-12 06:36:12", "elapsed": 51051.79384756088, "delta": 30.83626413345337}, "costs": {"total_cost": 4786.358812665938, "time_cost": 150, "final_distance_cost": 414.55311624098294, "oscillation_cost": 2181.3026019385256, "completition_cost": 1000.0, "overshoot_cost": 809.913207680329, "power_cost": 56.643955261230474, "noise_cost": 173.9459315448699, "n_waypoints_completed": 0, "tot_waypoints": 9}}
{"target": -8200.858870651979, "params": {"k_pid_pos": [2.0, 1.0, 0.9509984850883484], "k_pid_alt": [2.0, 0.9422913789749146, 0.9233275651931763], "k_pid_att": [0.0, 9.999999747378752e-05, 0.0], "k_pid_yaw": [0.5, 1e-06, 0.1], "k_pid_hsp": [10.0, 0.0, 0.0], "k_pid_vsp": [384.86029052734375, 380.0254211425781, 400.0]}, "datetime": {"datetime": "2025-08-12 06:36:43", "elapsed": 51083.209272146225, "delta": 31.415424585342407}, "costs": {"total_cost": 8200.858870651979, "time_cost": 150, "final_distance_cost": 787.7588253103382, "oscillation_cost": 14.630380193841178, "completition_cost": 1000.0, "overshoot_cost": 6105.548139598385, "power_cost": 44.09155681152344, "noise_cost": 98.82996873789092, "n_waypoints_completed": 0, "tot_waypoints": 9}}
{"target": -1102.8940230878752, "params": {"k_pid_pos": [1.9330880641937256, 0.9961838722229004, 1.0], "k_pid_alt": [2.0, 1.0, 0.9504886865615845], "k_pid_att": [2.344280481338501, 9.999999747378752e-05, 0.0], "k_pid_yaw": [0.5, 1e-06, 0.1], "k_pid_hsp": [10.0, 0.010741084814071655, 0.06075328588485718], "k_pid_vsp": [397.9730224609375, 400.0, 393.1495056152344]}, "datetime": {"datetime": "2025-08-12 06:37:16", "elapsed": 51115.71272611618, "delta": 32.503453969955444}, "costs": {"total_cost": 1102.8940230878752, "time_cost": 150, "final_distance_cost": 48.07154473120349, "oscillation_cost": 325.5873145757494, "completition_cost": 444.4444444444444, "overshoot_cost": 73.66608150262215, "power_cost": 32.37420093994141, "noise_cost": 28.750436893914298, "n_waypoints_completed": 5, "tot_waypoints": 9}}
{"target": -3930.6321337467393, "params": {"k_pid_pos": [1.9243395328521729, 1.0, 0.9761813879013062], "k_pid_alt": [1.8790204524993896, 0.9571182727813721, 0.941491961479187], "k_pid_att": [0.0, 0.13787832856178284, 0.0], "k_pid_yaw": [0.5, 1e-06, 0.1], "k_pid_hsp": [10.0, 0.041478872299194336, 0.05870237946510315], "k_pid_vsp": [400.0, 398.21978759765625, 378.7131042480469]}, "datetime": {"datetime": "2025-08-12 06:37:46", "elapsed": 51146.336879730225, "delta": 30.62415361404419}, "costs": {"total_cost": 3930.6321337467393, "time_cost": 150, "final_distance_cost": 513.6589468812098, "oscillation_cost": 868.833626834326, "completition_cost": 1000.0, "overshoot_cost": 1171.7476278971549, "power_cost": 58.09701979980469, "noise_cost": 168.2949123342439, "n_waypoints_completed": 0, "tot_waypoints": 9}}
{"target": -1681.1935220706378, "params": {"k_pid_pos": [2.0, 0.9559800624847412, 0.9755946397781372], "k_pid_alt": [1.904266119003296, 0.9706276655197144, 0.9612113237380981], "k_pid_att": [2.408987283706665, 9.999999747378752e-05, 0.057820677757263184], "k_pid_yaw": [0.5, 1e-06, 0.1], "k_pid_hsp": [9.713190078735352, 0.020608067512512207, 0.053913414478302], "k_pid_vsp": [392.08868408203125, 400.0, 385.7672119140625]}, "datetime": {"datetime": "2025-08-12 06:38:19", "elapsed": 51178.37901830673, "delta": 32.04213857650757}, "costs": {"total_cost": 1681.1935220706378, "time_cost": 150, "final_distance_cost": 0.998828194497146, "oscillation_cost": 260.25252191544973, "completition_cost": 1000.0, "overshoot_cost": 153.89978951336337, "power_cost": 29.56693355712891, "noise_cost": 86.47544889019844, "n_waypoints_completed": 0, "tot_waypoints": 9}}
{"target": -1208.9061291863356, "params": {"k_pid_pos": [2.0, 1.0, 1.0], "k_pid_alt": [2.0, 0.9991545677185059, 0.9543416500091553], "k_pid_att": [9.209099769592285, 9.999999747378752e-05, 0.0337529182434082], "k_pid_yaw": [0.5, 1e-06, 0.1], "k_pid_hsp": [9.731657028198242, 0.0, 0.06437638401985168], "k_pid_vsp": [358.1309509277344, 400.0, 367.9388732910156]}, "datetime": {"datetime": "2025-08-12 06:38:50", "elapsed": 51209.492010593414, "delta": 31.11299228668213}, "costs": {"total_cost": 1208.9061291863356, "time_cost": 150, "final_distance_cost": 50.073435693407646, "oscillation_cost": 443.8988844565298, "completition_cost": 444.4444444444444, "overshoot_cost": 58.48537182232556, "power_cost": 32.10778846435547, "noise_cost": 29.896204305272622, "n_waypoints_completed": 5, "tot_waypoints": 9}}
{"target": -1584.1892515613126, "params": {"k_pid_pos": [2.0, 1.0, 0.9468715786933899], "k_pid_alt": [1.9437614679336548, 1.0, 0.9680701494216919], "k_pid_att": [4.011940956115723, 9.999999747378752e-05, 0.0038909316062927246], "k_pid_yaw": [0.5, 1e-06, 0.1], "k_pid_hsp": [9.389455795288086, 0.0, 0.0], "k_pid_vsp": [390.02862548828125, 374.3714904785156, 400.0]}, "datetime": {"datetime": "2025-08-12 06:39:22", "elapsed": 51241.55381941795, "delta": 32.061808824539185}, "costs": {"total_cost": 1584.1892515613126, "time_cost": 150, "final_distance_cost": 84.05362979583043, "oscillation_cost": 439.9707252653633, "completition_cost": 777.7777777777778, "overshoot_cost": 73.28963652220105, "power_cost": 31.662438891601564, "noise_cost": 27.43504330853841, "n_waypoints_completed": 2, "tot_waypoints": 9}}
{"target": -1647.5151192621, "params": {"k_pid_pos": [2.0, 0.9396042823791504, 1.0], "k_pid_alt": [1.8838603496551514, 1.0, 0.9994965195655823], "k_pid_att": [4.682371139526367, 9.999999747378752e-05, 0.04247915744781494], "k_pid_yaw": [0.5, 1e-06, 0.1], "k_pid_hsp": [9.335346221923828, 0.012683689594268799, 0.003970891237258911], "k_pid_vsp": [397.1131896972656, 400.0, 387.19921875]}, "datetime": {"datetime": "2025-08-12 06:39:55", "elapsed": 51274.64085936546, "delta": 33.087039947509766}, "costs": {"total_cost": 1647.5151192621, "time_cost": 150, "final_distance_cost": 51.35948378869751, "oscillation_cost": 424.6307740085363, "completition_cost": 888.8888888888888, "overshoot_cost": 73.60953393431562, "power_cost": 31.424054589843752, "noise_cost": 27.60238405181808, "n_waypoints_completed": 1, "tot_waypoints": 9}}
{"target": -1398.9154139058887, "params": {"k_pid_pos": [2.0, 1.0, 1.0], "k_pid_alt": [2.0, 1.0, 0.9325515031814575], "k_pid_att": [2.850803852081299, 0.29820457100868225, 0.0], "k_pid_yaw": [0.5, 1e-06, 0.1], "k_pid_hsp": [10.0, 0.06046795845031738, 0.0], "k_pid_vsp": [400.0, 400.0, 400.0]}, "datetime": {"datetime": "2025-08-12 06:40:26", "elapsed": 51306.16828918457, "delta": 31.527429819107056}, "costs": {"total_cost": 1398.9154139058887, "time_cost": 150, "final_distance_cost": 60.44783005203268, "oscillation_cost": 387.0741973715908, "completition_cost": 666.6666666666667, "overshoot_cost": 75.66545092138385, "power_cost": 31.849291650390626, "noise_cost": 27.211977243824048, "n_waypoints_completed": 3, "tot_waypoints": 9}}
{"target": -1374.6867202603664, "params": {"k_pid_pos": [2.0, 0.9273911118507385, 1.0], "k_pid_alt": [2.0, 1.0, 1.0], "k_pid_att": [2.1474480628967285, 9.999999747378752e-05, 0.0], "k_pid_yaw": [0.5, 1e-06, 0.1], "k_pid_hsp": [9.280990600585938, 0.0, 0.01834404468536377], "k_pid_vsp": [344.7127380371094, 378.212646484375, 365.2943115234375]}, "datetime": {"datetime": "2025-08-12 06:40:59", "elapsed": 51339.044810295105, "delta": 32.87652111053467}, "costs": {"total_cost": 1374.6867202603664, "time_cost": 150, "final_distance_cost": 82.47581236648337, "oscillation_cost": 343.8754871293471, "completition_cost": 666.6666666666667, "overshoot_cost": 71.9737513691059, "power_cost": 32.45685098876953, "noise_cost": 27.238151739993786, "n_waypoints_completed": 3, "tot_waypoints": 9}}
{"target": -1457.77981776069, "params": {"k_pid_pos": [1.9834308624267578, 1.0, 0.9841402173042297], "k_pid_alt": [1.994673252105713, 1.0, 1.0], "k_pid_att": [1.5009373426437378, 0.9201409220695496, 0.07480186223983765], "k_pid_yaw": [0.5, 1e-06, 0.1], "k_pid_hsp": [9.561854362487793, 0.13212350010871887, 0.016239285469055176], "k_pid_vsp": [386.96258544921875, 389.9682922363281, 387.29107666015625]}, "datetime": {"datetime": "2025-08-12 06:41:31", "elapsed": 51370.820833444595, "delta": 31.776023149490356}, "costs": {"total_cost": 1457.77981776069, "time_cost": 150, "final_distance_cost": 0.9997202481203328, "oscillation_cost": 25.258860920118465, "completition_cost": 1000.0, "overshoot_cost": 156.47793323140203, "power_cost": 29.359230468750003, "noise_cost": 95.68407289229931, "n_waypoints_completed": 0, "tot_waypoints": 9}}
