{"target": -4420.104691108723, "params": {"k_pid_pos": [2.0, 0.9967488646507263, 0.9824708700180054], "k_pid_alt": [1.8292980194091797, 0.9969205856323242, 0.904751718044281], "k_pid_att": [0.0, 0.5068336725234985, 0.0], "k_pid_yaw": [0.5, 1e-06, 0.1], "k_pid_hsp": [10.0, 0.0, 0.0], "k_pid_vsp": [371.74273681640625, 388.91131591796875, 400.0]}, "datetime": {"datetime": "2025-08-12 10:27:14", "elapsed": 64913.676856040955, "delta": 30.359219789505005}, "costs": {"total_cost": 4420.104691108723, "time_cost": 150, "final_distance_cost": 270.54001555509336, "oscillation_cost": 1862.2674786938787, "completition_cost": 1000.0, "overshoot_cost": 905.3107071892259, "power_cost": 57.49566798095704, "noise_cost": 174.49082168956858, "n_waypoints_completed": 0, "tot_waypoints": 9}}
{"target": -9312.340856802293, "params": {"k_pid_pos": [1.9476693868637085, 0.8952429294586182, 1.0], "k_pid_alt": [2.0, 1.0, 1.0], "k_pid_att": [0.0, 9.999999747378752e-05, 0.003640890121459961], "k_pid_yaw": [0.5, 1e-06, 0.1], "k_pid_hsp": [10.0, 0.02485179901123047, 0.02104276418685913], "k_pid_vsp": [396.3286437988281, 400.0, 400.0]}, "datetime": {"datetime": "2025-08-12 10:27:41", "elapsed": 64940.862003088, "delta": 27.185147047042847}, "costs": {"total_cost": 9312.340856802293, "time_cost": 150, "final_distance_cost": 2326.9342437242844, "oscillation_cost": 12.281879821541905, "completition_cost": 1000.0, "overshoot_cost": 5693.896002766326, "power_cost": 43.544352624511724, "noise_cost": 85.68437786562706, "n_waypoints_completed": 0, "tot_waypoints": 9}}
{"target": -1062.8966870753427, "params": {"k_pid_pos": [1.9119136333465576, 1.0, 0.9774174690246582], "k_pid_alt": [1.9680047035217285, 0.9639366865158081, 0.9538103342056274], "k_pid_att": [14.05457592010498, 9.999999747378752e-05, 0.0033736228942871094], "k_pid_yaw": [0.5, 1e-06, 0.1], "k_pid_hsp": [9.909815788269043, 0.0036870837211608887, 0.01475381851196289], "k_pid_vsp": [374.9643859863281, 384.275146484375, 400.0]}, "datetime": {"datetime": "2025-08-12 10:28:08", "elapsed": 64967.763615608215, "delta": 26.901612520217896}, "costs": {"total_cost": 1062.8966870753427, "time_cost": 150, "final_distance_cost": 80.1022244633214, "oscillation_cost": 484.2384560789747, "completition_cost": 222.2222222222222, "overshoot_cost": 63.79421187526163, "power_cost": 32.30322414550781, "noise_cost": 30.236348290054888, "n_waypoints_completed": 7, "tot_waypoints": 9}}
{"target": -1548.4681866664312, "params": {"k_pid_pos": [2.0, 1.0, 0.9236246347427368], "k_pid_alt": [2.0, 1.0, 1.0], "k_pid_att": [2.2101311683654785, 0.4230985939502716, 0.07191354036331177], "k_pid_yaw": [0.5, 1e-06, 0.1], "k_pid_hsp": [9.329622268676758, 0.0, 0.12029507756233215], "k_pid_vsp": [391.3667297363281, 400.0, 369.9588317871094]}, "datetime": {"datetime": "2025-08-12 10:28:36", "elapsed": 64995.809839487076, "delta": 28.046223878860474}, "costs": {"total_cost": 1548.4681866664312, "time_cost": 150, "final_distance_cost": 0.9871164512724857, "oscillation_cost": 160.585017796165, "completition_cost": 1000.0, "overshoot_cost": 142.01844355010687, "power_cost": 29.948164770507812, "noise_cost": 64.92944409837878, "n_waypoints_completed": 0, "tot_waypoints": 9}}
{"target": -1117.524726269712, "params": {"k_pid_pos": [2.0, 0.9685142040252686, 0.9551734924316406], "k_pid_alt": [2.0, 0.8591843843460083, 1.0], "k_pid_att": [0.4194110631942749, 9.999999747378752e-05, 0.0], "k_pid_yaw": [0.5, 1e-06, 0.1], "k_pid_hsp": [8.539974212646484, 0.0, 0.0], "k_pid_vsp": [400.0, 338.16162109375, 384.7463073730469]}, "datetime": {"datetime": "2025-08-12 10:29:04", "elapsed": 65024.35038733482, "delta": 28.540547847747803}, "costs": {"total_cost": 1117.524726269712, "time_cost": 150, "final_distance_cost": 51.44036013904437, "oscillation_cost": 119.12208788482063, "completition_cost": 666.6666666666667, "overshoot_cost": 67.06358884363945, "power_cost": 33.28694460449219, "noise_cost": 29.94507813104841, "n_waypoints_completed": 3, "tot_waypoints": 9}}
{"target": -3504.6525845399306, "params": {"k_pid_pos": [2.0, 0.9930791854858398, 1.0], "k_pid_alt": [2.0, 0.9833502769470215, 0.9588377475738525], "k_pid_att": [0.0, 9.999999747378752e-05, 0.09353512525558472], "k_pid_yaw": [0.5, 1e-06, 0.1], "k_pid_hsp": [9.645172119140625, 0.07573625445365906, 0.0], "k_pid_vsp": [400.0, 384.06439208984375, 394.20404052734375]}, "datetime": {"datetime": "2025-08-12 10:29:31", "elapsed": 65051.015884160995, "delta": 26.665496826171875}, "costs": {"total_cost": 3504.6525845399306, "time_cost": 150, "final_distance_cost": 591.7417012258044, "oscillation_cost": 3.664198643897195, "completition_cost": 1000.0, "overshoot_cost": 1616.1368431974954, "power_cost": 29.20409372558594, "noise_cost": 113.9057477471476, "n_waypoints_completed": 0, "tot_waypoints": 9}}
{"target": -5905.815918557341, "params": {"k_pid_pos": [2.0, 1.0, 0.9832528829574585], "k_pid_alt": [1.9419203996658325, 1.0, 1.0], "k_pid_att": [0.0, 0.3617090880870819, 0.0], "k_pid_yaw": [0.5, 1e-06, 0.1], "k_pid_hsp": [9.858283996582031, 0.0, 0.10679870843887329], "k_pid_vsp": [400.0, 400.0, 400.0]}, "datetime": {"datetime": "2025-08-12 10:29:59", "elapsed": 65079.106122493744, "delta": 28.090238332748413}, "costs": {"total_cost": 5905.815918557341, "time_cost": 150, "final_distance_cost": 1104.2396969938936, "oscillation_cost": 1627.7559341490207, "completition_cost": 1000.0, "overshoot_cost": 1791.031046399828, "power_cost": 58.22077915039063, "noise_cost": 174.56846186420805, "n_waypoints_completed": 0, "tot_waypoints": 9}}
{"target": -1559.8394870519498, "params": {"k_pid_pos": [2.0, 1.0, 0.9460563659667969], "k_pid_alt": [2.0, 0.948337972164154, 0.9550289511680603], "k_pid_att": [4.097804546356201, 0.93623286485672, 0.10884153842926025], "k_pid_yaw": [0.5, 1e-06, 0.1], "k_pid_hsp": [8.955348014831543, 0.0, 0.0380270779132843], "k_pid_vsp": [400.0, 358.032958984375, 400.0]}, "datetime": {"datetime": "2025-08-12 10:30:27", "elapsed": 65107.019456624985, "delta": 27.913334131240845}, "costs": {"total_cost": 1559.8394870519498, "time_cost": 150, "final_distance_cost": 0.9645304962335047, "oscillation_cost": 223.2464902920776, "completition_cost": 1000.0, "overshoot_cost": 116.41177926978999, "power_cost": 29.936155053710937, "noise_cost": 39.28053194013763, "n_waypoints_completed": 0, "tot_waypoints": 9}}
{"target": -1346.2755361728484, "params": {"k_pid_pos": [2.0, 0.9897516369819641, 1.0], "k_pid_alt": [2.0, 0.9186405539512634, 0.9874041676521301], "k_pid_att": [1.710975170135498, 0.10204020887613297, 0.0], "k_pid_yaw": [0.5, 1e-06, 0.1], "k_pid_hsp": [9.201765060424805, 0.0, 0.02723449468612671], "k_pid_vsp": [389.09344482421875, 400.0, 398.6539001464844]}, "datetime": {"datetime": "2025-08-12 10:30:55", "elapsed": 65134.59191155434, "delta": 27.572454929351807}, "costs": {"total_cost": 1346.2755361728484, "time_cost": 150, "final_distance_cost": 84.06359991602318, "oscillation_cost": 315.2046917098266, "completition_cost": 666.6666666666667, "overshoot_cost": 70.89308070632126, "power_cost": 32.372637109375, "noise_cost": 27.074860064635576, "n_waypoints_completed": 3, "tot_waypoints": 9}}
{"target": -1971.7870381647388, "params": {"k_pid_pos": [2.0, 0.9995163679122925, 1.0], "k_pid_alt": [2.0, 1.0, 0.9249578714370728], "k_pid_att": [8.535653114318848, 0.036445654928684235, 0.0], "k_pid_yaw": [0.5, 1e-06, 0.1], "k_pid_hsp": [9.505184173583984, 0.0, 0.0], "k_pid_vsp": [345.8085021972656, 400.0, 400.0]}, "datetime": {"datetime": "2025-08-12 10:31:22", "elapsed": 65161.76532244682, "delta": 27.173410892486572}, "costs": {"total_cost": 1971.7870381647388, "time_cost": 150, "final_distance_cost": 0.9981323051101784, "oscillation_cost": 560.7689380400608, "completition_cost": 1000.0, "overshoot_cost": 151.55150904336395, "power_cost": 31.31513923339844, "noise_cost": 77.15331954280545, "n_waypoints_completed": 0, "tot_waypoints": 9}}
{"target": -1684.9473267020012, "params": {"k_pid_pos": [1.9245414733886719, 1.0, 1.0], "k_pid_alt": [2.0, 1.0, 0.9850060939788818], "k_pid_att": [1.0548919439315796, 0.44260162115097046, 0.02809390425682068], "k_pid_yaw": [0.5, 1e-06, 0.1], "k_pid_hsp": [9.895051002502441, 0.0, 0.002275228500366211], "k_pid_vsp": [400.0, 367.2015075683594, 400.0]}, "datetime": {"datetime": "2025-08-12 10:31:49", "elapsed": 65189.12196516991, "delta": 27.356642723083496}, "costs": {"total_cost": 1684.9473267020012, "time_cost": 150, "final_distance_cost": 1.0006051026930642, "oscillation_cost": 251.49832238729817, "completition_cost": 1000.0, "overshoot_cost": 156.62520740867555, "power_cost": 29.652186987304688, "noise_cost": 96.1710048160297, "n_waypoints_completed": 0, "tot_waypoints": 9}}
{"target": -8289.42011057399, "params": {"k_pid_pos": [1.9671809673309326, 0.9889911413192749, 1.0], "k_pid_alt": [1.9793810844421387, 1.0, 1.0], "k_pid_att": [0.0, 9.999999747378752e-05, 0.0], "k_pid_yaw": [0.5, 1e-06, 0.1], "k_pid_hsp": [9.276741981506348, 0.07749766111373901, 0.0], "k_pid_vsp": [400.0, 400.0, 400.0]}, "datetime": {"datetime": "2025-08-12 10:32:18", "elapsed": 65218.02281475067, "delta": 28.90084958076477}, "costs": {"total_cost": 8289.42011057399, "time_cost": 150, "final_distance_cost": 972.6851633132457, "oscillation_cost": 14.786907744578889, "completition_cost": 1000.0, "overshoot_cost": 6013.8346033893495, "power_cost": 44.56971700439453, "noise_cost": 93.54371912242117, "n_waypoints_completed": 0, "tot_waypoints": 9}}
{"target": -1130.6432767482916, "params": {"k_pid_pos": [1.8845174312591553, 0.9275480508804321, 1.0], "k_pid_alt": [1.9886598587036133, 0.9706432819366455, 1.0], "k_pid_att": [6.586569786071777, 9.999999747378752e-05, 0.007772475481033325], "k_pid_yaw": [0.5, 1e-06, 0.1], "k_pid_hsp": [10.0, 0.0, 0.0], "k_pid_vsp": [399.5772399902344, 400.0, 365.03228759765625]}, "datetime": {"datetime": "2025-08-12 10:32:46", "elapsed": 65245.9759581089, "delta": 27.95314335823059}, "costs": {"total_cost": 1130.6432767482916, "time_cost": 150, "final_distance_cost": 64.72998066273503, "oscillation_cost": 453.6813915958759, "completition_cost": 333.33333333333337, "overshoot_cost": 66.00409546717654, "power_cost": 32.9673638671875, "noise_cost": 29.927111821983075, "n_waypoints_completed": 6, "tot_waypoints": 9}}
{"target": -1139.4881655141041, "params": {"k_pid_pos": [2.0, 1.0, 0.9565069079399109], "k_pid_alt": [2.0, 0.9981898665428162, 1.0], "k_pid_att": [0.709068775177002, 9.999999747378752e-05, 0.01738762855529785], "k_pid_yaw": [0.5, 1e-06, 0.1], "k_pid_hsp": [9.097138404846191, 0.0, 0.010095775127410889], "k_pid_vsp": [400.0, 377.8603210449219, 387.6758117675781]}, "datetime": {"datetime": "2025-08-12 10:33:16", "elapsed": 65275.44993853569, "delta": 29.47398042678833}, "costs": {"total_cost": 1139.4881655141041, "time_cost": 150, "final_distance_cost": 52.422397753905216, "oscillation_cost": 141.87495896424852, "completition_cost": 666.6666666666667, "overshoot_cost": 65.54242117084848, "power_cost": 32.68480345458985, "noise_cost": 30.296917503845155, "n_waypoints_completed": 3, "tot_waypoints": 9}}
{"target": -857.1377805402268, "params": {"k_pid_pos": [2.0, 1.0, 1.0], "k_pid_alt": [1.7209464311599731, 1.0, 1.0], "k_pid_att": [8.363249778747559, 0.019205480813980103, 0.08480006456375122], "k_pid_yaw": [0.5, 1e-06, 0.1], "k_pid_hsp": [9.485675811767578, 0.10335814952850342, 0.0], "k_pid_vsp": [398.9443664550781, 400.0, 394.25030517578125]}, "datetime": {"datetime": "2025-08-12 10:33:43", "elapsed": 65303.28738665581, "delta": 27.837448120117188}, "costs": {"total_cost": 857.1377805402268, "time_cost": 150, "final_distance_cost": 71.52736124959122, "oscillation_cost": 283.77616987527915, "completition_cost": 222.2222222222222, "overshoot_cost": 68.4623351023038, "power_cost": 32.47196204833985, "noise_cost": 28.677730042490634, "n_waypoints_completed": 7, "tot_waypoints": 9}}
{"target": -1654.321865211316, "params": {"k_pid_pos": [1.948354721069336, 1.0, 0.9846068024635315], "k_pid_alt": [2.0, 1.0, 0.9988181591033936], "k_pid_att": [1.6483604907989502, 0.16418279707431793, 0.01243862509727478], "k_pid_yaw": [0.5, 1e-06, 0.1], "k_pid_hsp": [9.517836570739746, 0.05911499261856079, 0.03342407941818237], "k_pid_vsp": [400.0, 391.4748229980469, 400.0]}, "datetime": {"datetime": "2025-08-12 10:34:12", "elapsed": 65331.4654481411, "delta": 28.178061485290527}, "costs": {"total_cost": 1654.321865211316, "time_cost": 150, "final_distance_cost": 29.53260701021942, "oscillation_cost": 323.73441890827826, "completition_cost": 1000.0, "overshoot_cost": 93.77396692206852, "power_cost": 31.00265076904297, "noise_cost": 26.278221601706832, "n_waypoints_completed": 0, "tot_waypoints": 9}}
{"target": -1471.8077407378498, "params": {"k_pid_pos": [2.0, 0.9602205753326416, 0.9883877038955688], "k_pid_alt": [2.0, 0.9678801894187927, 0.9735817909240723], "k_pid_att": [1.7957448959350586, 0.6109514832496643, 0.09207203984260559], "k_pid_yaw": [0.5, 1e-06, 0.1], "k_pid_hsp": [10.0, 0.0469815731048584, 0.0], "k_pid_vsp": [376.0411682128906, 400.0, 400.0]}, "datetime": {"datetime": "2025-08-12 10:34:39", "elapsed": 65359.282556056976, "delta": 27.817107915878296}, "costs": {"total_cost": 1471.8077407378498, "time_cost": 150, "final_distance_cost": 0.9990790632993821, "oscillation_cost": 33.55244532391, "completition_cost": 1000.0, "overshoot_cost": 158.42479720935017, "power_cost": 29.29872236328125, "noise_cost": 99.53269677800907, "n_waypoints_completed": 0, "tot_waypoints": 9}}
{"target": -8090.273975803293, "params": {"k_pid_pos": [1.8137390613555908, 0.992317795753479, 0.9862843751907349], "k_pid_alt": [2.0, 0.9488029479980469, 1.0], "k_pid_att": [0.0, 9.999999747378752e-05, 0.0], "k_pid_yaw": [0.5, 1e-06, 0.1], "k_pid_hsp": [10.0, 0.019113391637802124, 0.03176224231719971], "k_pid_vsp": [400.0, 400.0, 387.4165954589844]}, "datetime": {"datetime": "2025-08-12 10:35:08", "elapsed": 65387.54745221138, "delta": 28.264896154403687}, "costs": {"total_cost": 8090.273975803293, "time_cost": 150, "final_distance_cost": 1029.7367826808672, "oscillation_cost": 14.983562056226887, "completition_cost": 1000.0, "overshoot_cost": 5761.047036051302, "power_cost": 45.30690345458984, "noise_cost": 89.19969156030746, "n_waypoints_completed": 0, "tot_waypoints": 9}}
{"target": -8601.21835710504, "params": {"k_pid_pos": [2.0, 0.9598996639251709, 1.0], "k_pid_alt": [1.933044672012329, 0.8963046073913574, 1.0], "k_pid_att": [0.0, 9.999999747378752e-05, 0.0], "k_pid_yaw": [0.5, 1e-06, 0.1], "k_pid_hsp": [10.0, 0.0, 0.0], "k_pid_vsp": [366.0652160644531, 400.0, 400.0]}, "datetime": {"datetime": "2025-08-12 10:35:34", "elapsed": 65414.21389722824, "delta": 26.666445016860962}, "costs": {"total_cost": 8601.21835710504, "time_cost": 150, "final_distance_cost": 573.532352537741, "oscillation_cost": 14.408278275206182, "completition_cost": 1000.0, "overshoot_cost": 6717.955100519515, "power_cost": 43.73220900878906, "noise_cost": 101.59041676378804, "n_waypoints_completed": 0, "tot_waypoints": 9}}
{"target": -1014.2612461886785, "params": {"k_pid_pos": [1.9050273895263672, 1.0, 0.9926639199256897], "k_pid_alt": [1.9874837398529053, 1.0, 1.0], "k_pid_att": [0.559532642364502, 9.999999747378752e-05, 0.0], "k_pid_yaw": [0.5, 1e-06, 0.1], "k_pid_hsp": [10.0, 0.0, 0.045591890811920166], "k_pid_vsp": [364.8396301269531, 392.9211730957031, 370.8468322753906]}, "datetime": {"datetime": "2025-08-12 10:36:02", "elapsed": 65441.963576078415, "delta": 27.74967885017395}, "costs": {"total_cost": 1014.2612461886785, "time_cost": 150, "final_distance_cost": 52.495422427234296, "oscillation_cost": 132.40161555729404, "completition_cost": 555.5555555555555, "overshoot_cost": 60.728903006307135, "power_cost": 33.976096289062504, "noise_cost": 29.103653353224953, "n_waypoints_completed": 4, "tot_waypoints": 9}}
{"target": -1743.3163582705843, "params": {"k_pid_pos": [2.0, 0.9974710941314697, 1.0], "k_pid_alt": [1.8978852033615112, 1.0, 0.9797078371047974], "k_pid_att": [3.585439920425415, 9.999999747378752e-05, 0.052630215883255005], "k_pid_yaw": [0.5, 1e-06, 0.1], "k_pid_hsp": [10.0, 0.0, 0.0], "k_pid_vsp": [400.0, 400.0, 376.3328552246094]}, "datetime": {"datetime": "2025-08-12 10:36:30", "elapsed": 65470.11812067032, "delta": 28.154544591903687}, "costs": {"total_cost": 1743.3163582705843, "time_cost": 150, "final_distance_cost": 0.9995367633572828, "oscillation_cost": 339.1783408560531, "completition_cost": 1000.0, "overshoot_cost": 150.13885576045843, "power_cost": 29.99695125732422, "noise_cost": 73.00267363339093, "n_waypoints_completed": 0, "tot_waypoints": 9}}
{"target": -1226.2310727010906, "params": {"k_pid_pos": [2.0, 0.9809798002243042, 0.9827004671096802], "k_pid_alt": [1.9622883796691895, 1.0, 0.994989275932312], "k_pid_att": [5.646690845489502, 9.999999747378752e-05, 0.0], "k_pid_yaw": [0.5, 1e-06, 0.1], "k_pid_hsp": [10.0, 0.0, 0.00285223126411438], "k_pid_vsp": [388.8638610839844, 393.2722473144531, 400.0]}, "datetime": {"datetime": "2025-08-12 10:36:58", "elapsed": 65497.50917863846, "delta": 27.39105796813965}, "costs": {"total_cost": 1226.2310727010906, "time_cost": 150, "final_distance_cost": 57.962855870523335, "oscillation_cost": 443.77647635762605, "completition_cost": 444.4444444444444, "overshoot_cost": 67.86799847937935, "power_cost": 32.30753625488281, "noise_cost": 29.87176129423478, "n_waypoints_completed": 5, "tot_waypoints": 9}}
{"target": -4291.767212487932, "params": {"k_pid_pos": [1.7887967824935913, 1.0, 1.0], "k_pid_alt": [1.8861238956451416, 0.974920392036438, 1.0], "k_pid_att": [0.0, 0.17187559604644775, 0.008881211280822754], "k_pid_yaw": [0.5, 1e-06, 0.1], "k_pid_hsp": [9.5726900100708, 0.03487437963485718, 0.0], "k_pid_vsp": [400.0, 393.26007080078125, 400.0]}, "datetime": {"datetime": "2025-08-12 10:37:33", "elapsed": 65533.36688232422, "delta": 35.8577036857605}, "costs": {"total_cost": 4291.767212487932, "time_cost": 150, "final_distance_cost": 216.1928594069308, "oscillation_cost": 1016.5423299506893, "completition_cost": 1000.0, "overshoot_cost": 1683.164849243763, "power_cost": 57.640048657226565, "noise_cost": 168.22712522932244, "n_waypoints_completed": 0, "tot_waypoints": 9}}
{"target": -18250.52436698441, "params": {"k_pid_pos": [2.0, 1.0, 1.0], "k_pid_alt": [2.0, 0.947784423828125, 1.0], "k_pid_att": [0.0, 0.8017786145210266, 0.005804628133773804], "k_pid_yaw": [0.5, 1e-06, 0.1], "k_pid_hsp": [9.607200622558594, 0.0, 0.053893089294433594], "k_pid_vsp": [400.0, 370.72216796875, 393.28045654296875]}, "datetime": {"datetime": "2025-08-12 10:38:06", "elapsed": 65566.06756544113, "delta": 32.70068311691284}, "costs": {"total_cost": 18250.52436698441, "time_cost": 150, "final_distance_cost": 5889.9684728835455, "oscillation_cost": 2289.403018389346, "completition_cost": 1000.0, "overshoot_cost": 8687.014144674564, "power_cost": 57.53937486572266, "noise_cost": 176.59935617123116, "n_waypoints_completed": 0, "tot_waypoints": 9}}
{"target": -8492.530781117259, "params": {"k_pid_pos": [2.0, 0.961590051651001, 1.0], "k_pid_alt": [2.0, 0.9693726301193237, 0.9965362548828125], "k_pid_att": [0.0, 9.999999747378752e-05, 0.0], "k_pid_yaw": [0.5, 1e-06, 0.1], "k_pid_hsp": [9.240368843078613, 0.08430558443069458, 0.06389254331588745], "k_pid_vsp": [400.0, 387.4137268066406, 400.0]}, "datetime": {"datetime": "2025-08-12 10:38:34", "elapsed": 65593.87477040291, "delta": 27.807204961776733}, "costs": {"total_cost": 8492.530781117259, "time_cost": 150, "final_distance_cost": 550.1723041045855, "oscillation_cost": 14.690064861990416, "completition_cost": 1000.0, "overshoot_cost": 6634.264259040284, "power_cost": 45.796570227050786, "noise_cost": 97.60758288334958, "n_waypoints_completed": 0, "tot_waypoints": 9}}
{"target": -5263.34521146565, "params": {"k_pid_pos": [2.0, 1.0, 0.9621553421020508], "k_pid_alt": [2.0, 0.9612429141998291, 0.928322434425354], "k_pid_att": [0.0, 0.021995248273015022, 0.08658182621002197], "k_pid_yaw": [0.5, 1e-06, 0.1], "k_pid_hsp": [10.0, 0.0, 0.0], "k_pid_vsp": [400.0, 374.4502258300781, 400.0]}, "datetime": {"datetime": "2025-08-12 10:39:02", "elapsed": 65622.33722877502, "delta": 28.46245837211609}, "costs": {"total_cost": 5263.34521146565, "time_cost": 150, "final_distance_cost": 1219.1943475279566, "oscillation_cost": 321.04141455819143, "completition_cost": 1000.0, "overshoot_cost": 2364.826332473829, "power_cost": 55.5023603515625, "noise_cost": 152.78075655411033, "n_waypoints_completed": 0, "tot_waypoints": 9}}
{"target": -8001.328403065896, "params": {"k_pid_pos": [2.0, 1.0, 0.9622269868850708], "k_pid_alt": [2.0, 0.9771640300750732, 0.9903682470321655], "k_pid_att": [0.0, 9.999999747378752e-05, 0.0], "k_pid_yaw": [0.5, 1e-06, 0.1], "k_pid_hsp": [9.811888694763184, 0.0, 0.00443953275680542], "k_pid_vsp": [395.5084533691406, 354.342529296875, 378.2862548828125]}, "datetime": {"datetime": "2025-08-12 10:39:31", "elapsed": 65651.1781463623, "delta": 28.840917587280273}, "costs": {"total_cost": 8001.328403065896, "time_cost": 150, "final_distance_cost": 1012.3670265355777, "oscillation_cost": 14.910022847068964, "completition_cost": 1000.0, "overshoot_cost": 5688.764750986641, "power_cost": 44.620946484375004, "noise_cost": 90.66565621223303, "n_waypoints_completed": 0, "tot_waypoints": 9}}
