{"target": -1314.7303657811478, "params": {"k_pid_pos": [2.0, 1.0, 1.0], "k_pid_alt": [1.8603971004486084, 0.9954334497451782, 1.0], "k_pid_att": [9.279108047485352, 0.3050679862499237, 0.029047757387161255], "k_pid_yaw": [0.5, 1e-06, 0.1], "k_pid_hsp": [9.075264930725098, 0.04603230953216553, 0.0], "k_pid_vsp": [399.0313415527344, 367.8260192871094, 389.22344970703125]}, "datetime": {"datetime": "2025-08-12 06:56:47", "elapsed": 52287.087059259415, "delta": 31.825968503952026}, "costs": {"total_cost": 1314.7303657811478, "time_cost": 150, "final_distance_cost": 49.20100449341496, "oscillation_cost": 436.9091574348136, "completition_cost": 555.5555555555555, "overshoot_cost": 61.42991902628308, "power_cost": 31.513069384765625, "noise_cost": 30.121659886314685, "n_waypoints_completed": 4, "tot_waypoints": 9}}
{"target": -837.9317084476751, "params": {"k_pid_pos": [2.0, 0.891640305519104, 1.0], "k_pid_alt": [2.0, 1.0, 1.0], "k_pid_att": [0.6391376256942749, 0.07067327946424484, 0.0], "k_pid_yaw": [0.5, 1e-06, 0.1], "k_pid_hsp": [9.280928611755371, 0.0, 0.0], "k_pid_vsp": [400.0, 400.0, 400.0]}, "datetime": {"datetime": "2025-08-12 06:57:20", "elapsed": 52319.665187597275, "delta": 32.57812833786011}, "costs": {"total_cost": 837.9317084476751, "time_cost": 150, "final_distance_cost": 68.02423082873774, "oscillation_cost": 153.60326808917137, "completition_cost": 333.33333333333337, "overshoot_cost": 68.50758000636738, "power_cost": 34.22406158447266, "noise_cost": 30.239234605592618, "n_waypoints_completed": 6, "tot_waypoints": 9}}
{"target": -1141.2135360771508, "params": {"k_pid_pos": [1.8271126747131348, 0.955710232257843, 1.0], "k_pid_alt": [1.9173948764801025, 1.0, 1.0], "k_pid_att": [2.776536464691162, 9.999999747378752e-05, 0.0], "k_pid_yaw": [0.5, 1e-06, 0.1], "k_pid_hsp": [9.194270133972168, 0.0, 0.00982755422592163], "k_pid_vsp": [400.0, 400.0, 378.66534423828125]}, "datetime": {"datetime": "2025-08-12 06:57:53", "elapsed": 52352.87249112129, "delta": 33.207303524017334}, "costs": {"total_cost": 1141.2135360771508, "time_cost": 150, "final_distance_cost": 57.61473356925173, "oscillation_cost": 360.3288883573761, "completition_cost": 444.4444444444444, "overshoot_cost": 69.78445435350898, "power_cost": 31.95537001953125, "noise_cost": 27.085645333038308, "n_waypoints_completed": 5, "tot_waypoints": 9}}
{"target": -8120.613646522349, "params": {"k_pid_pos": [2.0, 0.9776602983474731, 1.0], "k_pid_alt": [2.0, 1.0, 0.9978581666946411], "k_pid_att": [0.0, 9.999999747378752e-05, 0.0], "k_pid_yaw": [0.5, 1e-06, 0.1], "k_pid_hsp": [10.0, 0.0, 0.0], "k_pid_vsp": [400.0, 400.0, 400.0]}, "datetime": {"datetime": "2025-08-12 06:58:24", "elapsed": 52383.99061727524, "delta": 31.118126153945923}, "costs": {"total_cost": 8120.613646522349, "time_cost": 150, "final_distance_cost": 936.0363041910001, "oscillation_cost": 14.806043601430405, "completition_cost": 1000.0, "overshoot_cost": 5882.408448146372, "power_cost": 44.39828347167969, "noise_cost": 92.96456711186644, "n_waypoints_completed": 0, "tot_waypoints": 9}}
{"target": -6351.997308370558, "params": {"k_pid_pos": [1.900580883026123, 1.0, 0.9199109673500061], "k_pid_alt": [2.0, 0.9580545425415039, 0.9927540421485901], "k_pid_att": [0.0, 0.29731616377830505, 0.04357054829597473], "k_pid_yaw": [0.5, 1e-06, 0.1], "k_pid_hsp": [9.612298011779785, 0.0, 0.011621147394180298], "k_pid_vsp": [338.1920166015625, 392.89984130859375, 400.0]}, "datetime": {"datetime": "2025-08-12 06:58:56", "elapsed": 52416.02595233917, "delta": 32.035335063934326}, "costs": {"total_cost": 6351.997308370558, "time_cost": 150, "final_distance_cost": 1486.0423613041348, "oscillation_cost": 1216.792784507016, "completition_cost": 1000.0, "overshoot_cost": 2271.5090473404166, "power_cost": 57.2161267578125, "noise_cost": 170.43698846117795, "n_waypoints_completed": 0, "tot_waypoints": 9}}
{"target": -5187.082128303311, "params": {"k_pid_pos": [2.0, 1.0, 0.995730996131897], "k_pid_alt": [2.0, 0.9582098722457886, 1.0], "k_pid_att": [0.0, 0.3264133632183075, 0.05895224213600159], "k_pid_yaw": [0.5, 1e-06, 0.1], "k_pid_hsp": [9.773703575134277, 0.0, 0.017434746026992798], "k_pid_vsp": [400.0, 400.0, 363.6022644042969]}, "datetime": {"datetime": "2025-08-12 06:59:28", "elapsed": 52447.90063548088, "delta": 31.874683141708374}, "costs": {"total_cost": 5187.082128303311, "time_cost": 150, "final_distance_cost": 596.4324532877395, "oscillation_cost": 1185.3237636900685, "completition_cost": 1000.0, "overshoot_cost": 2029.0712025324463, "power_cost": 57.63689052734375, "noise_cost": 168.6178182657135, "n_waypoints_completed": 0, "tot_waypoints": 9}}
{"target": -6405.242232374775, "params": {"k_pid_pos": [1.9621953964233398, 1.0, 1.0], "k_pid_alt": [2.0, 0.9781867265701294, 0.9768450260162354], "k_pid_att": [0.0, 0.40797168016433716, 0.07203394174575806], "k_pid_yaw": [0.5, 1e-06, 0.1], "k_pid_hsp": [10.0, 0.011622101068496704, 0.009731382131576538], "k_pid_vsp": [400.0, 400.0, 363.3762512207031]}, "datetime": {"datetime": "2025-08-12 06:59:59", "elapsed": 52479.03733921051, "delta": 31.136703729629517}, "costs": {"total_cost": 6405.242232374775, "time_cost": 150, "final_distance_cost": 1403.11257349125, "oscillation_cost": 1383.914263199789, "completition_cost": 1000.0, "overshoot_cost": 2239.7794738999078, "power_cost": 57.868978649902346, "noise_cost": 170.5669431339252, "n_waypoints_completed": 0, "tot_waypoints": 9}}
{"target": -1270.7154617991293, "params": {"k_pid_pos": [1.874079942703247, 1.0, 0.9629967212677002], "k_pid_alt": [2.0, 1.0, 0.9739108085632324], "k_pid_att": [3.1361074447631836, 0.042123835533857346, 0.0], "k_pid_yaw": [0.5, 1e-06, 0.1], "k_pid_hsp": [9.672162055969238, 0.0, 0.0], "k_pid_vsp": [388.8758850097656, 400.0, 387.8884582519531]}, "datetime": {"datetime": "2025-08-12 07:00:30", "elapsed": 52510.04607653618, "delta": 31.008737325668335}, "costs": {"total_cost": 1270.7154617991293, "time_cost": 150, "final_distance_cost": 39.84824530982209, "oscillation_cost": 392.4414559719517, "completition_cost": 555.5555555555555, "overshoot_cost": 73.2738588449339, "power_cost": 32.25805007324219, "noise_cost": 27.338296043623743, "n_waypoints_completed": 4, "tot_waypoints": 9}}
{"target": -1214.5264374152696, "params": {"k_pid_pos": [2.0, 0.9547611474990845, 0.995150089263916], "k_pid_alt": [2.0, 1.0, 0.9603968262672424], "k_pid_att": [5.148410797119141, 9.999999747378752e-05, 0.0], "k_pid_yaw": [0.5, 1e-06, 0.1], "k_pid_hsp": [9.7327880859375, 0.0228634774684906, 0.0], "k_pid_vsp": [378.41387939453125, 400.0, 379.6900939941406]}, "datetime": {"datetime": "2025-08-12 07:01:02", "elapsed": 52542.318880558014, "delta": 32.27280402183533}, "costs": {"total_cost": 1214.5264374152696, "time_cost": 150, "final_distance_cost": 54.63121600435921, "oscillation_cost": 437.39453695428296, "completition_cost": 444.4444444444444, "overshoot_cost": 65.39065060218479, "power_cost": 32.8764283203125, "noise_cost": 29.78916108968597, "n_waypoints_completed": 5, "tot_waypoints": 9}}
{"target": -3891.855102196245, "params": {"k_pid_pos": [1.9693259000778198, 0.9506688117980957, 0.9576007127761841], "k_pid_alt": [1.9981275796890259, 0.9690172076225281, 1.0], "k_pid_att": [0.0, 9.999999747378752e-05, 0.03523615002632141], "k_pid_yaw": [0.5, 1e-06, 0.1], "k_pid_hsp": [9.746746063232422, 0.025007963180541992, 0.03562366962432861], "k_pid_vsp": [395.9837341308594, 400.0, 400.0]}, "datetime": {"datetime": "2025-08-12 07:01:39", "elapsed": 52579.063578128815, "delta": 36.74469757080078}, "costs": {"total_cost": 3891.855102196245, "time_cost": 150, "final_distance_cost": 773.0543078845833, "oscillation_cost": 4.98217320803939, "completition_cost": 1000.0, "overshoot_cost": 1848.1896330893464, "power_cost": 30.35988953857422, "noise_cost": 85.26909847570138, "n_waypoints_completed": 0, "tot_waypoints": 9}}
{"target": -4825.1683745169585, "params": {"k_pid_pos": [1.9217501878738403, 0.9456545114517212, 0.9726129174232483], "k_pid_alt": [1.9608114957809448, 1.0, 0.9492744207382202], "k_pid_att": [0.0, 0.08043493330478668, 0.0], "k_pid_yaw": [0.5, 1e-06, 0.1], "k_pid_hsp": [10.0, 0.0675930380821228, 0.0], "k_pid_vsp": [400.0, 400.0, 400.0]}, "datetime": {"datetime": "2025-08-12 07:02:11", "elapsed": 52610.62502908707, "delta": 31.561450958251953}, "costs": {"total_cost": 4825.1683745169585, "time_cost": 150, "final_distance_cost": 600.4841782570752, "oscillation_cost": 656.9973220531825, "completition_cost": 1000.0, "overshoot_cost": 2194.3155783934003, "power_cost": 57.88193266601563, "noise_cost": 165.4893631472855, "n_waypoints_completed": 0, "tot_waypoints": 9}}
{"target": -8343.342019637375, "params": {"k_pid_pos": [1.9819061756134033, 1.0, 1.0], "k_pid_alt": [1.9090511798858643, 1.0, 0.9611494541168213], "k_pid_att": [0.0, 9.999999747378752e-05, 0.0], "k_pid_yaw": [0.5, 1e-06, 0.1], "k_pid_hsp": [9.899563789367676, 0.0, 0.0], "k_pid_vsp": [392.2698974609375, 389.25677490234375, 400.0]}, "datetime": {"datetime": "2025-08-12 07:02:42", "elapsed": 52642.248126745224, "delta": 31.62309765815735}, "costs": {"total_cost": 8343.342019637375, "time_cost": 150, "final_distance_cost": 903.1341446743257, "oscillation_cost": 14.689199427041274, "completition_cost": 1000.0, "overshoot_cost": 6135.297398550599, "power_cost": 44.256728515625, "noise_cost": 95.96454846978538, "n_waypoints_completed": 0, "tot_waypoints": 9}}
{"target": -1480.174223757129, "params": {"k_pid_pos": [1.9415830373764038, 1.0, 0.9995766282081604], "k_pid_alt": [1.9654914140701294, 1.0, 0.9905439019203186], "k_pid_att": [6.258821487426758, 9.999999747378752e-05, 0.004896014928817749], "k_pid_yaw": [0.5, 1e-06, 0.1], "k_pid_hsp": [10.0, 0.0, 0.0], "k_pid_vsp": [400.0, 381.9693298339844, 391.3274841308594]}, "datetime": {"datetime": "2025-08-12 07:03:16", "elapsed": 52675.6325776577, "delta": 33.384450912475586}, "costs": {"total_cost": 1480.174223757129, "time_cost": 150, "final_distance_cost": 52.574978227783205, "oscillation_cost": 479.16539173794143, "completition_cost": 666.6666666666667, "overshoot_cost": 69.5116236122233, "power_cost": 32.4005427734375, "noise_cost": 29.855020739076867, "n_waypoints_completed": 3, "tot_waypoints": 9}}
{"target": -1657.1857571813762, "params": {"k_pid_pos": [1.827883243560791, 0.9550166130065918, 0.9618170857429504], "k_pid_alt": [2.0, 1.0, 0.9927733540534973], "k_pid_att": [3.9065957069396973, 0.21931356191635132, 0.02984851598739624], "k_pid_yaw": [0.5, 1e-06, 0.1], "k_pid_hsp": [9.476844787597656, 0.0, 0.03363075852394104], "k_pid_vsp": [400.0, 382.39532470703125, 400.0]}, "datetime": {"datetime": "2025-08-12 07:03:48", "elapsed": 52707.44604039192, "delta": 31.813462734222412}, "costs": {"total_cost": 1657.1857571813762, "time_cost": 150, "final_distance_cost": 67.09638208641104, "oscillation_cost": 423.478622556937, "completition_cost": 888.8888888888888, "overshoot_cost": 70.27170509198379, "power_cost": 30.71829479980469, "noise_cost": 26.731863757350972, "n_waypoints_completed": 1, "tot_waypoints": 9}}
{"target": -8090.222187126667, "params": {"k_pid_pos": [2.0, 0.9972999095916748, 1.0], "k_pid_alt": [1.94733464717865, 0.9663441777229309, 0.9783351421356201], "k_pid_att": [0.0, 9.999999747378752e-05, 0.0], "k_pid_yaw": [0.5, 1e-06, 0.1], "k_pid_hsp": [9.961923599243164, 0.0, 0.0], "k_pid_vsp": [400.0, 381.6024169921875, 374.177734375]}, "datetime": {"datetime": "2025-08-12 07:04:19", "elapsed": 52739.31098151207, "delta": 31.864941120147705}, "costs": {"total_cost": 8090.222187126667, "time_cost": 150, "final_distance_cost": 1198.1701124925319, "oscillation_cost": 15.207057014209905, "completition_cost": 1000.0, "overshoot_cost": 5598.923856747004, "power_cost": 45.177180310058596, "noise_cost": 82.74398056286415, "n_waypoints_completed": 0, "tot_waypoints": 9}}
{"target": -8191.6453259414475, "params": {"k_pid_pos": [2.0, 1.0, 1.0], "k_pid_alt": [1.970623254776001, 1.0, 1.0], "k_pid_att": [0.0, 9.999999747378752e-05, 0.0], "k_pid_yaw": [0.5, 1e-06, 0.1], "k_pid_hsp": [10.0, 0.0, 0.0], "k_pid_vsp": [400.0, 400.0, 343.0500793457031]}, "datetime": {"datetime": "2025-08-12 07:04:50", "elapsed": 52770.353447675705, "delta": 31.042466163635254}, "costs": {"total_cost": 8191.6453259414475, "time_cost": 150, "final_distance_cost": 1121.4696543700773, "oscillation_cost": 15.459050618294572, "completition_cost": 1000.0, "overshoot_cost": 5781.689219486234, "power_cost": 45.567236071777344, "noise_cost": 77.46016539506485, "n_waypoints_completed": 0, "tot_waypoints": 9}}
{"target": -1098.04710062514, "params": {"k_pid_pos": [2.0, 0.9812142848968506, 1.0], "k_pid_alt": [1.9884181022644043, 1.0, 1.0], "k_pid_att": [2.3074746131896973, 9.999999747378752e-05, 0.0], "k_pid_yaw": [0.5, 1e-06, 0.1], "k_pid_hsp": [9.710043907165527, 0.02147996425628662, 0.08198791742324829], "k_pid_vsp": [400.0, 385.4363098144531, 388.7562255859375]}, "datetime": {"datetime": "2025-08-12 07:05:22", "elapsed": 52801.5066049099, "delta": 31.153157234191895}, "costs": {"total_cost": 1098.04710062514, "time_cost": 150, "final_distance_cost": 52.54489832023076, "oscillation_cost": 322.10520952831797, "completition_cost": 444.4444444444444, "overshoot_cost": 66.46803640193598, "power_cost": 33.58235555419922, "noise_cost": 28.90215637601172, "n_waypoints_completed": 5, "tot_waypoints": 9}}
{"target": -1227.839606841822, "params": {"k_pid_pos": [1.9727234840393066, 1.0, 1.0], "k_pid_alt": [1.8479623794555664, 0.9950422048568726, 0.9080420732498169], "k_pid_att": [10.52275276184082, 9.999999747378752e-05, 0.0], "k_pid_yaw": [0.5, 1e-06, 0.1], "k_pid_hsp": [9.327892303466797, 0.0, 0.0], "k_pid_vsp": [400.0, 400.0, 368.44476318359375]}, "datetime": {"datetime": "2025-08-12 07:05:53", "elapsed": 52833.28913116455, "delta": 31.78252625465393}, "costs": {"total_cost": 1227.839606841822, "time_cost": 150, "final_distance_cost": 50.644032458561014, "oscillation_cost": 462.8038385145093, "completition_cost": 444.4444444444444, "overshoot_cost": 58.14301004167623, "power_cost": 31.84103397216797, "noise_cost": 29.96324741046294, "n_waypoints_completed": 5, "tot_waypoints": 9}}
{"target": -1709.8825995905224, "params": {"k_pid_pos": [2.0, 0.9994129538536072, 1.0], "k_pid_alt": [1.9033501148223877, 0.9868335723876953, 0.9791786670684814], "k_pid_att": [3.4834861755371094, 9.999999747378752e-05, 0.06537830829620361], "k_pid_yaw": [0.5, 1e-06, 0.1], "k_pid_hsp": [9.834168434143066, 0.0, 0.0], "k_pid_vsp": [391.5073547363281, 396.6783142089844, 375.62347412109375]}, "datetime": {"datetime": "2025-08-12 07:06:25", "elapsed": 52865.35891652107, "delta": 32.069785356521606}, "costs": {"total_cost": 1709.8825995905224, "time_cost": 150, "final_distance_cost": 0.9996629234283235, "oscillation_cost": 284.2771482103211, "completition_cost": 1000.0, "overshoot_cost": 155.0472865143817, "power_cost": 29.580862500000002, "noise_cost": 89.97763944239121, "n_waypoints_completed": 0, "tot_waypoints": 9}}
{"target": -7297.597331001813, "params": {"k_pid_pos": [2.0, 0.9674882888793945, 1.0], "k_pid_alt": [2.0, 1.0, 1.0], "k_pid_att": [0.0, 9.999999747378752e-05, 0.0020276308059692383], "k_pid_yaw": [0.5, 1e-06, 0.1], "k_pid_hsp": [9.863436698913574, 0.00782698392868042, 0.0], "k_pid_vsp": [400.0, 396.4482116699219, 400.0]}, "datetime": {"datetime": "2025-08-12 07:06:57", "elapsed": 52897.16243290901, "delta": 31.803516387939453}, "costs": {"total_cost": 7297.597331001813, "time_cost": 150, "final_distance_cost": 1577.222457376868, "oscillation_cost": 12.905158167492528, "completition_cost": 1000.0, "overshoot_cost": 4431.312230758992, "power_cost": 42.541148669433596, "noise_cost": 83.61633602902695, "n_waypoints_completed": 0, "tot_waypoints": 9}}
{"target": -8062.150011841048, "params": {"k_pid_pos": [1.8415971994400024, 1.0, 1.0], "k_pid_alt": [2.0, 0.9976840019226074, 1.0], "k_pid_att": [0.0, 9.999999747378752e-05, 0.0], "k_pid_yaw": [0.5, 1e-06, 0.1], "k_pid_hsp": [9.504947662353516, 0.08255213499069214, 0.034882575273513794], "k_pid_vsp": [400.0, 400.0, 400.0]}, "datetime": {"datetime": "2025-08-12 07:07:29", "elapsed": 52928.80972361565, "delta": 31.64729070663452}, "costs": {"total_cost": 8062.150011841048, "time_cost": 150, "final_distance_cost": 932.7093336112283, "oscillation_cost": 14.720422797577285, "completition_cost": 1000.0, "overshoot_cost": 5827.235529147442, "power_cost": 44.64639775390625, "noise_cost": 92.8383285308941, "n_waypoints_completed": 0, "tot_waypoints": 9}}
{"target": -1073.2230599569298, "params": {"k_pid_pos": [1.9195845127105713, 0.9867470264434814, 0.9507827758789062], "k_pid_alt": [2.0, 1.0, 1.0], "k_pid_att": [0.3151535987854004, 0.03524404019117355, 0.058775126934051514], "k_pid_yaw": [0.5, 1e-06, 0.1], "k_pid_hsp": [9.687712669372559, 0.01352420449256897, 0.0], "k_pid_vsp": [394.0972900390625, 372.4507141113281, 400.0]}, "datetime": {"datetime": "2025-08-12 07:08:01", "elapsed": 52960.56199789047, "delta": 31.75227427482605}, "costs": {"total_cost": 1073.2230599569298, "time_cost": 150, "final_distance_cost": 53.868903760151916, "oscillation_cost": 59.25874304653694, "completition_cost": 666.6666666666667, "overshoot_cost": 79.95745939804834, "power_cost": 33.001657629394536, "noise_cost": 30.46962945613141, "n_waypoints_completed": 3, "tot_waypoints": 9}}
{"target": -1744.1281733626442, "params": {"k_pid_pos": [1.8168268203735352, 0.9726428985595703, 1.0], "k_pid_alt": [2.0, 0.9899965524673462, 0.9679645299911499], "k_pid_att": [2.489325523376465, 9.999999747378752e-05, 0.0], "k_pid_yaw": [0.5, 1e-06, 0.1], "k_pid_hsp": [9.398475646972656, 0.0, 0.0], "k_pid_vsp": [358.3793640136719, 393.9075927734375, 400.0]}, "datetime": {"datetime": "2025-08-12 07:08:32", "elapsed": 52991.52538442612, "delta": 30.96338653564453}, "costs": {"total_cost": 1744.1281733626442, "time_cost": 150, "final_distance_cost": 11.234234873430655, "oscillation_cost": 395.0249337857665, "completition_cost": 1000.0, "overshoot_cost": 130.57645283327895, "power_cost": 30.92699411621094, "noise_cost": 26.36555775395728, "n_waypoints_completed": 0, "tot_waypoints": 9}}
{"target": -6298.079158294133, "params": {"k_pid_pos": [1.9379128217697144, 1.0, 1.0], "k_pid_alt": [1.9858428239822388, 0.970697283744812, 0.9823429584503174], "k_pid_att": [0.0, 1.530785322189331, 0.021685153245925903], "k_pid_yaw": [0.5, 1e-06, 0.1], "k_pid_hsp": [9.800451278686523, 0.0, 0.01526552438735962], "k_pid_vsp": [383.7083435058594, 400.0, 400.0]}, "datetime": {"datetime": "2025-08-12 07:09:03", "elapsed": 53022.90131688118, "delta": 31.375932455062866}, "costs": {"total_cost": 6298.079158294133, "time_cost": 150, "final_distance_cost": 1041.943530943785, "oscillation_cost": 2257.5335855313624, "completition_cost": 1000.0, "overshoot_cost": 1623.052373737996, "power_cost": 58.16881105957032, "noise_cost": 167.38085702141825, "n_waypoints_completed": 0, "tot_waypoints": 9}}
{"target": -18305.247448861202, "params": {"k_pid_pos": [2.0, 0.9445590972900391, 0.9786403179168701], "k_pid_alt": [2.0, 1.0, 1.0], "k_pid_att": [0.0, 0.5908482670783997, 0.0], "k_pid_yaw": [0.5, 1e-06, 0.1], "k_pid_hsp": [9.899958610534668, 0.0, 0.0], "k_pid_vsp": [400.0, 397.7757873535156, 400.0]}, "datetime": {"datetime": "2025-08-12 07:09:34", "elapsed": 53054.342734098434, "delta": 31.44141721725464}, "costs": {"total_cost": 18305.247448861202, "time_cost": 150, "final_distance_cost": 5681.282757239875, "oscillation_cost": 2167.3559624372756, "completition_cost": 1000.0, "overshoot_cost": 9077.841438285372, "power_cost": 56.31254407958985, "noise_cost": 172.45474681909573, "n_waypoints_completed": 0, "tot_waypoints": 9}}
{"target": -4664.6905231881265, "params": {"k_pid_pos": [2.0, 1.0, 1.0], "k_pid_alt": [1.9760698080062866, 1.0, 0.982288122177124], "k_pid_att": [0.0, 9.999999747378752e-05, 0.033368319272994995], "k_pid_yaw": [0.5, 1e-06, 0.1], "k_pid_hsp": [9.995904922485352, 0.0, 0.015741318464279175], "k_pid_vsp": [400.0, 400.0, 400.0]}, "datetime": {"datetime": "2025-08-12 07:10:06", "elapsed": 53085.79130291939, "delta": 31.44856882095337}, "costs": {"total_cost": 4664.6905231881265, "time_cost": 150, "final_distance_cost": 1063.4970720109663, "oscillation_cost": 5.37642222205005, "completition_cost": 1000.0, "overshoot_cost": 2337.315236589824, "power_cost": 31.039738110351564, "noise_cost": 77.4620542549348, "n_waypoints_completed": 0, "tot_waypoints": 9}}
{"target": -1907.05877423166, "params": {"k_pid_pos": [1.6740657091140747, 1.0, 1.0], "k_pid_alt": [1.9533164501190186, 0.9275141954421997, 1.0], "k_pid_att": [6.113967418670654, 9.999999747378752e-05, 0.02765771746635437], "k_pid_yaw": [0.5, 1e-06, 0.1], "k_pid_hsp": [10.0, 0.041100502014160156, 0.0], "k_pid_vsp": [400.0, 397.619384765625, 400.0]}, "datetime": {"datetime": "2025-08-12 07:10:38", "elapsed": 53117.411892175674, "delta": 31.62058925628662}, "costs": {"total_cost": 1907.05877423166, "time_cost": 150, "final_distance_cost": 1.000084265105504, "oscillation_cost": 480.8891496395954, "completition_cost": 1000.0, "overshoot_cost": 154.40415638861123, "power_cost": 30.225305322265626, "noise_cost": 90.54007861608237, "n_waypoints_completed": 0, "tot_waypoints": 9}}
{"target": -7973.395653653004, "params": {"k_pid_pos": [2.0, 1.0, 0.9547805786132812], "k_pid_alt": [1.9906284809112549, 1.0, 0.9795882701873779], "k_pid_att": [0.0, 9.999999747378752e-05, 0.0], "k_pid_yaw": [0.5, 1e-06, 0.1], "k_pid_hsp": [10.0, 0.0, 0.0], "k_pid_vsp": [400.0, 400.0, 400.0]}, "datetime": {"datetime": "2025-08-12 07:11:10", "elapsed": 53149.70081162453, "delta": 32.28891944885254}, "costs": {"total_cost": 7973.395653653004, "time_cost": 150, "final_distance_cost": 898.042163138244, "oscillation_cost": 14.84352226960831, "completition_cost": 1000.0, "overshoot_cost": 5774.9902175325005, "power_cost": 44.08458576660156, "noise_cost": 91.43516494604934, "n_waypoints_completed": 0, "tot_waypoints": 9}}
