{"target": -812.8338608715483, "params": {"k_pid_pos": [1.7922258377075195, 1.0, 1.0], "k_pid_alt": [2.0, 1.0, 0.9370214939117432], "k_pid_att": [0.35122036933898926, 0.10534108430147171, 0.0], "k_pid_yaw": [0.5, 1e-06, 0.1], "k_pid_hsp": [9.27872085571289, 0.0, 0.001897275447845459], "k_pid_vsp": [398.88616943359375, 391.0418395996094, 389.6802062988281]}, "datetime": {"datetime": "2025-08-12 11:06:29", "elapsed": 67268.84906888008, "delta": 29.897384643554688}, "costs": {"total_cost": 812.8338608715483, "time_cost": 150, "final_distance_cost": 63.115751026529814, "oscillation_cost": 130.735210361636, "completition_cost": 333.33333333333337, "overshoot_cost": 68.82669150655691, "power_cost": 35.92978435058594, "noise_cost": 30.893090292906155, "n_waypoints_completed": 6, "tot_waypoints": 9}}
{"target": -8709.89233870013, "params": {"k_pid_pos": [1.9712026119232178, 1.0, 0.9887745380401611], "k_pid_alt": [1.9753944873809814, 0.9488952159881592, 0.9696838855743408], "k_pid_att": [0.0, 9.999999747378752e-05, 0.0065839290618896484], "k_pid_yaw": [0.5, 1e-06, 0.1], "k_pid_hsp": [10.0, 0.0, 0.0], "k_pid_vsp": [387.65057373046875, 399.3035888671875, 380.3505859375]}, "datetime": {"datetime": "2025-08-12 11:06:57", "elapsed": 67297.08769130707, "delta": 28.238622426986694}, "costs": {"total_cost": 8709.89233870013, "time_cost": 150, "final_distance_cost": 2067.531185118194, "oscillation_cost": 10.954856926916422, "completition_cost": 1000.0, "overshoot_cost": 5365.331420310975, "power_cost": 41.5419342163086, "noise_cost": 74.53294212773841, "n_waypoints_completed": 0, "tot_waypoints": 9}}
{"target": -1334.0138835379717, "params": {"k_pid_pos": [1.8344357013702393, 0.9186195731163025, 0.9831535816192627], "k_pid_alt": [2.0, 0.9803338646888733, 0.9929941892623901], "k_pid_att": [2.0274014472961426, 0.32523828744888306, 0.0], "k_pid_yaw": [0.5, 1e-06, 0.1], "k_pid_hsp": [10.0, 0.04619044065475464, 0.08977413177490234], "k_pid_vsp": [383.77081298828125, 400.0, 395.2281188964844]}, "datetime": {"datetime": "2025-08-12 11:07:28", "elapsed": 67328.09986066818, "delta": 31.012169361114502}, "costs": {"total_cost": 1334.0138835379717, "time_cost": 150, "final_distance_cost": 52.34839192158536, "oscillation_cost": 330.36047016410214, "completition_cost": 666.6666666666667, "overshoot_cost": 72.69909132603847, "power_cost": 33.08821022949219, "noise_cost": 28.851053230086592, "n_waypoints_completed": 3, "tot_waypoints": 9}}
{"target": -5923.2607170268675, "params": {"k_pid_pos": [1.9617233276367188, 0.990780770778656, 1.0], "k_pid_alt": [1.8827714920043945, 1.0, 1.0], "k_pid_att": [0.0, 0.37705743312835693, 0.0438462495803833], "k_pid_yaw": [0.5, 1e-06, 0.1], "k_pid_hsp": [9.25920295715332, 0.07861056923866272, 0.0], "k_pid_vsp": [400.0, 370.723876953125, 372.64520263671875]}, "datetime": {"datetime": "2025-08-12 11:07:59", "elapsed": 67358.86801815033, "delta": 30.768157482147217}, "costs": {"total_cost": 5923.2607170268675, "time_cost": 150, "final_distance_cost": 916.3290939083836, "oscillation_cost": 1515.043480589069, "completition_cost": 1000.0, "overshoot_cost": 2112.437364831315, "power_cost": 57.91397730712891, "noise_cost": 171.53680039097117, "n_waypoints_completed": 0, "tot_waypoints": 9}}
{"target": -4060.965389054669, "params": {"k_pid_pos": [1.952219009399414, 1.0, 1.0], "k_pid_alt": [2.0, 0.9695905447006226, 0.9575954079627991], "k_pid_att": [0.0, 0.5841854214668274, 0.07286298274993896], "k_pid_yaw": [0.5, 1e-06, 0.1], "k_pid_hsp": [10.0, 0.03844836354255676, 0.0], "k_pid_vsp": [400.0, 400.0, 400.0]}, "datetime": {"datetime": "2025-08-12 11:08:28", "elapsed": 67387.74318957329, "delta": 28.875171422958374}, "costs": {"total_cost": 4060.965389054669, "time_cost": 150, "final_distance_cost": 250.20340527500522, "oscillation_cost": 1846.445603694152, "completition_cost": 1000.0, "overshoot_cost": 585.7891019140103, "power_cost": 57.024983203125004, "noise_cost": 171.50229496837653, "n_waypoints_completed": 0, "tot_waypoints": 9}}
{"target": -1785.6989824277932, "params": {"k_pid_pos": [1.98491632938385, 0.9982241988182068, 1.0], "k_pid_alt": [2.0, 0.9340481162071228, 1.0], "k_pid_att": [0.23711025714874268, 0.5560359358787537, 0.0], "k_pid_yaw": [0.5, 1e-06, 0.1], "k_pid_hsp": [9.703377723693848, 0.0, 0.0], "k_pid_vsp": [400.0, 397.88055419921875, 389.7489929199219]}, "datetime": {"datetime": "2025-08-12 11:08:59", "elapsed": 67418.81982636452, "delta": 31.076636791229248}, "costs": {"total_cost": 1785.6989824277932, "time_cost": 150, "final_distance_cost": 11.664251367949902, "oscillation_cost": 268.88487540251305, "completition_cost": 1000.0, "overshoot_cost": 162.24284533279257, "power_cost": 56.43065710449219, "noise_cost": 136.47635322004572, "n_waypoints_completed": 0, "tot_waypoints": 9}}
{"target": -1033.5878955280953, "params": {"k_pid_pos": [1.9892373085021973, 0.9489719271659851, 0.9313058853149414], "k_pid_alt": [1.9324407577514648, 1.0, 1.0], "k_pid_att": [0.7701337337493896, 9.999999747378752e-05, 0.01885753870010376], "k_pid_yaw": [0.5, 1e-06, 0.1], "k_pid_hsp": [10.0, 0.0, 0.007795661687850952], "k_pid_vsp": [400.0, 400.0, 400.0]}, "datetime": {"datetime": "2025-08-12 11:09:28", "elapsed": 67447.9589214325, "delta": 29.139095067977905}, "costs": {"total_cost": 1033.5878955280953, "time_cost": 150, "final_distance_cost": 42.73025611790285, "oscillation_cost": 145.7025601432976, "completition_cost": 555.5555555555555, "overshoot_cost": 76.23686519895975, "power_cost": 32.826438098144536, "noise_cost": 30.536220414234894, "n_waypoints_completed": 4, "tot_waypoints": 9}}
{"target": -1143.558589955198, "params": {"k_pid_pos": [2.0, 0.9351226091384888, 0.9369707703590393], "k_pid_alt": [2.0, 0.8988498449325562, 1.0], "k_pid_att": [8.148426055908203, 9.999999747378752e-05, 0.0], "k_pid_yaw": [0.5, 1e-06, 0.1], "k_pid_hsp": [9.753933906555176, 0.04483211040496826, 0.006814748048782349], "k_pid_vsp": [400.0, 395.09796142578125, 379.42828369140625]}, "datetime": {"datetime": "2025-08-12 11:09:57", "elapsed": 67477.15977168083, "delta": 29.200850248336792}, "costs": {"total_cost": 1143.558589955198, "time_cost": 150, "final_distance_cost": 68.28476598225873, "oscillation_cost": 464.0638224350151, "completition_cost": 333.33333333333337, "overshoot_cost": 65.03712349472477, "power_cost": 32.53505611572266, "noise_cost": 30.304488594143404, "n_waypoints_completed": 6, "tot_waypoints": 9}}
{"target": -1326.8084201177141, "params": {"k_pid_pos": [1.8462213277816772, 1.0, 0.9523423314094543], "k_pid_alt": [2.0, 1.0, 1.0], "k_pid_att": [8.698922157287598, 9.999999747378752e-05, 0.05075922608375549], "k_pid_yaw": [0.5, 1e-06, 0.1], "k_pid_hsp": [9.4521484375, 0.0, 0.021066725254058838], "k_pid_vsp": [395.88470458984375, 372.6814270019531, 396.7223205566406]}, "datetime": {"datetime": "2025-08-12 11:10:27", "elapsed": 67506.82867264748, "delta": 29.668900966644287}, "costs": {"total_cost": 1326.8084201177141, "time_cost": 150, "final_distance_cost": 43.141544031141784, "oscillation_cost": 443.6683357623141, "completition_cost": 555.5555555555555, "overshoot_cost": 73.40381040518501, "power_cost": 31.53605428466797, "noise_cost": 29.503120078849896, "n_waypoints_completed": 4, "tot_waypoints": 9}}
{"target": -8093.721984465008, "params": {"k_pid_pos": [2.0, 1.0, 1.0], "k_pid_alt": [2.0, 0.909010112285614, 1.0], "k_pid_att": [0.0, 9.999999747378752e-05, 0.0], "k_pid_yaw": [0.5, 1e-06, 0.1], "k_pid_hsp": [9.493961334228516, 0.06674748659133911, 0.015969842672348022], "k_pid_vsp": [400.0, 400.0, 400.0]}, "datetime": {"datetime": "2025-08-12 11:10:55", "elapsed": 67534.40543985367, "delta": 27.576767206192017}, "costs": {"total_cost": 8093.721984465008, "time_cost": 150, "final_distance_cost": 935.5042590666153, "oscillation_cost": 14.80144190253973, "completition_cost": 1000.0, "overshoot_cost": 5855.3640945673615, "power_cost": 44.56445637207032, "noise_cost": 93.48773255642084, "n_waypoints_completed": 0, "tot_waypoints": 9}}
{"target": -1110.6471539205143, "params": {"k_pid_pos": [2.0, 1.0, 1.0], "k_pid_alt": [2.0, 1.0, 0.97065669298172], "k_pid_att": [11.343860626220703, 0.007472722325474024, 0.022675395011901855], "k_pid_yaw": [0.5, 1e-06, 0.1], "k_pid_hsp": [9.295669555664062, 0.0, 0.018514901399612427], "k_pid_vsp": [400.0, 379.6061096191406, 400.0]}, "datetime": {"datetime": "2025-08-12 11:11:25", "elapsed": 67564.46259522438, "delta": 30.05715537071228}, "costs": {"total_cost": 1110.6471539205143, "time_cost": 150, "final_distance_cost": 65.85633169912278, "oscillation_cost": 435.52388555016296, "completition_cost": 333.33333333333337, "overshoot_cost": 62.257502193286044, "power_cost": 33.01892546386719, "noise_cost": 30.657175680741734, "n_waypoints_completed": 6, "tot_waypoints": 9}}
{"target": -1123.7663373401012, "params": {"k_pid_pos": [1.9833241701126099, 0.965316891670227, 0.9795498847961426], "k_pid_alt": [2.0, 1.0, 1.0], "k_pid_att": [6.150111675262451, 9.999999747378752e-05, 0.0], "k_pid_yaw": [0.5, 1e-06, 0.1], "k_pid_hsp": [10.0, 0.019972115755081177, 0.009450435638427734], "k_pid_vsp": [400.0, 400.0, 400.0]}, "datetime": {"datetime": "2025-08-12 11:11:55", "elapsed": 67594.8336725235, "delta": 30.371077299118042}, "costs": {"total_cost": 1123.7663373401012, "time_cost": 150, "final_distance_cost": 62.648025662698934, "oscillation_cost": 446.84769654592145, "completition_cost": 333.33333333333337, "overshoot_cost": 68.15496039023438, "power_cost": 32.942670593261724, "noise_cost": 29.839650814651307, "n_waypoints_completed": 6, "tot_waypoints": 9}}
{"target": -1880.6884899129047, "params": {"k_pid_pos": [2.0, 0.9279648661613464, 0.9264335632324219], "k_pid_alt": [1.9534164667129517, 1.0, 1.0], "k_pid_att": [8.386934280395508, 0.01910773105919361, 0.0], "k_pid_yaw": [0.5, 1e-06, 0.1], "k_pid_hsp": [9.603214263916016, 0.0006094872951507568, 0.0], "k_pid_vsp": [400.0, 393.0838623046875, 377.8577575683594]}, "datetime": {"datetime": "2025-08-12 11:12:23", "elapsed": 67622.4657690525, "delta": 27.632096529006958}, "costs": {"total_cost": 1880.6884899129047, "time_cost": 150, "final_distance_cost": 41.381901199060714, "oscillation_cost": 560.1771079786691, "completition_cost": 1000.0, "overshoot_cost": 69.75951544329111, "power_cost": 31.14255552978516, "noise_cost": 28.22740976209855, "n_waypoints_completed": 0, "tot_waypoints": 9}}
{"target": -1232.1923388626628, "params": {"k_pid_pos": [2.0, 0.9962249994277954, 0.9804192781448364], "k_pid_alt": [2.0, 0.9534891247749329, 0.9668897390365601], "k_pid_att": [2.522113800048828, 9.999999747378752e-05, 0.0], "k_pid_yaw": [0.5, 1e-06, 0.1], "k_pid_hsp": [10.0, 0.0, 0.07425802946090698], "k_pid_vsp": [400.0, 393.34564208984375, 400.0]}, "datetime": {"datetime": "2025-08-12 11:12:53", "elapsed": 67653.25302386284, "delta": 30.787254810333252}, "costs": {"total_cost": 1232.1923388626628, "time_cost": 150, "final_distance_cost": 52.719066457600924, "oscillation_cost": 345.6185653001731, "completition_cost": 555.5555555555555, "overshoot_cost": 65.75746200330975, "power_cost": 33.34645526123047, "noise_cost": 29.19523428479297, "n_waypoints_completed": 4, "tot_waypoints": 9}}
{"target": -1204.5208700222709, "params": {"k_pid_pos": [1.9352930784225464, 1.0, 1.0], "k_pid_alt": [1.9299890995025635, 1.0, 0.9643881320953369], "k_pid_att": [4.731005668640137, 9.999999747378752e-05, 0.0], "k_pid_yaw": [0.5, 1e-06, 0.1], "k_pid_hsp": [9.785038948059082, 0.0, 0.02332782745361328], "k_pid_vsp": [400.0, 400.0, 399.4787902832031]}, "datetime": {"datetime": "2025-08-12 11:13:23", "elapsed": 67683.35064268112, "delta": 30.09761881828308}, "costs": {"total_cost": 1204.5208700222709, "time_cost": 150, "final_distance_cost": 54.471209183291336, "oscillation_cost": 427.0507121644449, "completition_cost": 444.4444444444444, "overshoot_cost": 68.23421622973264, "power_cost": 32.35097556152344, "noise_cost": 27.96931243883408, "n_waypoints_completed": 5, "tot_waypoints": 9}}
{"target": -1268.723189350018, "params": {"k_pid_pos": [2.0, 0.8995476961135864, 0.9778473377227783], "k_pid_alt": [2.0, 0.9821006059646606, 0.9628013372421265], "k_pid_att": [3.1008481979370117, 0.248274564743042, 0.0], "k_pid_yaw": [0.5, 1e-06, 0.1], "k_pid_hsp": [9.147759437561035, 0.0517725944519043, 0.02232736349105835], "k_pid_vsp": [400.0, 384.789794921875, 400.0]}, "datetime": {"datetime": "2025-08-12 11:13:53", "elapsed": 67712.62422990799, "delta": 29.273587226867676}, "costs": {"total_cost": 1268.723189350018, "time_cost": 150, "final_distance_cost": 39.92405021200492, "oscillation_cost": 387.24945424504864, "completition_cost": 555.5555555555555, "overshoot_cost": 76.44337563345258, "power_cost": 32.139701892089846, "noise_cost": 27.411051811866372, "n_waypoints_completed": 4, "tot_waypoints": 9}}
{"target": -1345.081507372546, "params": {"k_pid_pos": [1.8666558265686035, 1.0, 1.0], "k_pid_alt": [2.0, 0.9216336011886597, 1.0], "k_pid_att": [6.8023176193237305, 9.999999747378752e-05, 0.007658571004867554], "k_pid_yaw": [0.5, 1e-06, 0.1], "k_pid_hsp": [9.495244026184082, 0.023917794227600098, 0.0], "k_pid_vsp": [400.0, 400.0, 368.1126403808594]}, "datetime": {"datetime": "2025-08-12 11:14:21", "elapsed": 67741.00727009773, "delta": 28.383040189743042}, "costs": {"total_cost": 1345.081507372546, "time_cost": 150, "final_distance_cost": 46.2931517868474, "oscillation_cost": 463.9246083514871, "completition_cost": 555.5555555555555, "overshoot_cost": 68.51023130892665, "power_cost": 31.50105621337891, "noise_cost": 29.296904156350468, "n_waypoints_completed": 4, "tot_waypoints": 9}}
{"target": -8347.512791851355, "params": {"k_pid_pos": [1.8832848072052002, 0.8976682424545288, 0.9767063856124878], "k_pid_alt": [1.994445562362671, 1.0, 0.9980052709579468], "k_pid_att": [0.0, 9.999999747378752e-05, 0.0], "k_pid_yaw": [0.5, 1e-06, 0.1], "k_pid_hsp": [9.73024845123291, 0.015375792980194092, 0.0], "k_pid_vsp": [375.01983642578125, 380.5586853027344, 400.0]}, "datetime": {"datetime": "2025-08-12 11:14:49", "elapsed": 67768.43448543549, "delta": 27.427215337753296}, "costs": {"total_cost": 8347.512791851355, "time_cost": 150, "final_distance_cost": 480.37757745951006, "oscillation_cost": 14.46032046911523, "completition_cost": 1000.0, "overshoot_cost": 6557.897992364451, "power_cost": 43.549852587890626, "noise_cost": 101.22704897039031, "n_waypoints_completed": 0, "tot_waypoints": 9}}
{"target": -4563.039561301313, "params": {"k_pid_pos": [1.954426884651184, 1.0, 0.8696469068527222], "k_pid_alt": [2.0, 0.9614932537078857, 1.0], "k_pid_att": [0.0, 0.14249108731746674, 0.04280436038970947], "k_pid_yaw": [0.5, 1e-06, 0.1], "k_pid_hsp": [9.66545581817627, 0.0, 0.04056677222251892], "k_pid_vsp": [394.4348449707031, 400.0, 400.0]}, "datetime": {"datetime": "2025-08-12 11:15:18", "elapsed": 67797.7488040924, "delta": 29.314318656921387}, "costs": {"total_cost": 4563.039561301313, "time_cost": 150, "final_distance_cost": 514.6511727491672, "oscillation_cost": 835.9778221724166, "completition_cost": 1000.0, "overshoot_cost": 1836.886803635778, "power_cost": 57.809550097656256, "noise_cost": 167.7142126462953, "n_waypoints_completed": 0, "tot_waypoints": 9}}
{"target": -4872.416434856519, "params": {"k_pid_pos": [2.0, 0.9441293478012085, 0.9770612716674805], "k_pid_alt": [1.9739058017730713, 1.0, 0.8999830484390259], "k_pid_att": [0.0, 1.1489945650100708, 0.0], "k_pid_yaw": [0.5, 1e-06, 0.1], "k_pid_hsp": [9.538987159729004, 0.015075862407684326, 0.06377694010734558], "k_pid_vsp": [394.41766357421875, 386.5685119628906, 379.57647705078125]}, "datetime": {"datetime": "2025-08-12 11:15:47", "elapsed": 67826.77177166939, "delta": 29.02296757698059}, "costs": {"total_cost": 4872.416434856519, "time_cost": 150, "final_distance_cost": 537.0307294537542, "oscillation_cost": 2127.657616748059, "completition_cost": 1000.0, "overshoot_cost": 825.4315047102134, "power_cost": 57.72521583251953, "noise_cost": 174.57136811197336, "n_waypoints_completed": 0, "tot_waypoints": 9}}
{"target": -1413.5168290823071, "params": {"k_pid_pos": [2.0, 1.0, 1.0], "k_pid_alt": [2.0, 1.0, 0.9540940523147583], "k_pid_att": [5.20802116394043, 9.999999747378752e-05, 0.06633824110031128], "k_pid_yaw": [0.5, 1e-06, 0.1], "k_pid_hsp": [10.0, 0.0, 0.07079458236694336], "k_pid_vsp": [379.55731201171875, 395.83251953125, 384.725341796875]}, "datetime": {"datetime": "2025-08-12 11:16:13", "elapsed": 67853.3381717205, "delta": 26.566400051116943}, "costs": {"total_cost": 1413.5168290823071, "time_cost": 150, "final_distance_cost": 65.04973378890192, "oscillation_cost": 398.09134688062073, "completition_cost": 666.6666666666667, "overshoot_cost": 75.61732165608852, "power_cost": 30.89916990966797, "noise_cost": 27.192590180361304, "n_waypoints_completed": 3, "tot_waypoints": 9}}
{"target": -1013.3665465257733, "params": {"k_pid_pos": [1.9427582025527954, 1.0, 1.0], "k_pid_alt": [1.9937529563903809, 0.97292160987854, 1.0], "k_pid_att": [0.4947572946548462, 9.999999747378752e-05, 0.0], "k_pid_yaw": [0.5, 1e-06, 0.1], "k_pid_hsp": [9.847967147827148, 0.0, 0.0], "k_pid_vsp": [393.5916442871094, 364.82537841796875, 390.7188415527344]}, "datetime": {"datetime": "2025-08-12 11:16:45", "elapsed": 67884.38537192345, "delta": 31.047200202941895}, "costs": {"total_cost": 1013.3665465257733, "time_cost": 150, "final_distance_cost": 43.990170999163404, "oscillation_cost": 128.19192849087932, "completition_cost": 555.5555555555555, "overshoot_cost": 71.7430113157139, "power_cost": 33.46386109619141, "noise_cost": 30.42201906826961, "n_waypoints_completed": 4, "tot_waypoints": 9}}
{"target": -1489.8962871805813, "params": {"k_pid_pos": [1.9624905586242676, 1.0, 1.0], "k_pid_alt": [1.891643762588501, 0.9341533184051514, 1.0], "k_pid_att": [6.460511684417725, 0.39321669936180115, 0.0], "k_pid_yaw": [0.5, 1e-06, 0.1], "k_pid_hsp": [10.0, 0.026842564344406128, 0.0], "k_pid_vsp": [390.348876953125, 376.9631042480469, 397.1994934082031]}, "datetime": {"datetime": "2025-08-12 11:17:13", "elapsed": 67913.08972811699, "delta": 28.70435619354248}, "costs": {"total_cost": 1489.8962871805813, "time_cost": 150, "final_distance_cost": 51.95271253045048, "oscillation_cost": 489.68563286000585, "completition_cost": 666.6666666666667, "overshoot_cost": 70.6399459769451, "power_cost": 31.3515041015625, "noise_cost": 29.59982504495074, "n_waypoints_completed": 3, "tot_waypoints": 9}}
{"target": -1756.9943872585923, "params": {"k_pid_pos": [1.9385535717010498, 0.8668414354324341, 0.941079318523407], "k_pid_alt": [1.9296356439590454, 1.0, 1.0], "k_pid_att": [5.496275424957275, 9.999999747378752e-05, 0.07744365930557251], "k_pid_yaw": [0.5, 1e-06, 0.1], "k_pid_hsp": [9.820901870727539, 0.0, 0.0], "k_pid_vsp": [374.535888671875, 400.0, 388.0570983886719]}, "datetime": {"datetime": "2025-08-12 11:17:42", "elapsed": 67941.83527827263, "delta": 28.74555015563965}, "costs": {"total_cost": 1756.9943872585923, "time_cost": 150, "final_distance_cost": 0.9971586029416661, "oscillation_cost": 343.86125333774834, "completition_cost": 1000.0, "overshoot_cost": 150.98454677389302, "power_cost": 30.147818676757815, "noise_cost": 81.00360986725123, "n_waypoints_completed": 0, "tot_waypoints": 9}}
{"target": -1078.034596494627, "params": {"k_pid_pos": [2.0, 1.0, 0.9888812899589539], "k_pid_alt": [2.0, 0.9918527007102966, 0.9648880958557129], "k_pid_att": [0.39579272270202637, 0.4133211374282837, 0.0], "k_pid_yaw": [0.5, 1e-06, 0.1], "k_pid_hsp": [9.589327812194824, 0.03374788165092468, 0.0], "k_pid_vsp": [400.0, 400.0, 400.0]}, "datetime": {"datetime": "2025-08-12 11:18:16", "elapsed": 67975.406427145, "delta": 33.57114887237549}, "costs": {"total_cost": 1078.034596494627, "time_cost": 150, "final_distance_cost": 47.00872812801844, "oscillation_cost": 190.6824864468544, "completition_cost": 555.5555555555555, "overshoot_cost": 57.707641002943824, "power_cost": 42.96186317138672, "noise_cost": 34.11832218986823, "n_waypoints_completed": 4, "tot_waypoints": 9}}
{"target": -7850.722293716381, "params": {"k_pid_pos": [2.0, 0.9525940418243408, 1.0], "k_pid_alt": [1.9400606155395508, 0.9811996221542358, 1.0], "k_pid_att": [0.0, 9.999999747378752e-05, 0.0], "k_pid_yaw": [0.5, 1e-06, 0.1], "k_pid_hsp": [10.0, 0.0030373334884643555, 0.0], "k_pid_vsp": [377.410400390625, 400.0, 356.1884765625]}, "datetime": {"datetime": "2025-08-12 11:18:45", "elapsed": 68004.54642510414, "delta": 29.139997959136963}, "costs": {"total_cost": 7850.722293716381, "time_cost": 150, "final_distance_cost": 1056.9397285728726, "oscillation_cost": 15.30243141873885, "completition_cost": 1000.0, "overshoot_cost": 5506.442477618043, "power_cost": 44.79252509765625, "noise_cost": 77.24513100907005, "n_waypoints_completed": 0, "tot_waypoints": 9}}
{"target": -8202.826160402825, "params": {"k_pid_pos": [1.9885178804397583, 1.0, 0.9711536169052124], "k_pid_alt": [2.0, 1.0, 1.0], "k_pid_att": [0.0, 9.999999747378752e-05, 0.0], "k_pid_yaw": [0.5, 1e-06, 0.1], "k_pid_hsp": [10.0, 0.0781564712524414, 0.01849702000617981], "k_pid_vsp": [400.0, 400.0, 400.0]}, "datetime": {"datetime": "2025-08-12 11:19:12", "elapsed": 68032.23317337036, "delta": 27.686748266220093}, "costs": {"total_cost": 8202.826160402825, "time_cost": 150, "final_distance_cost": 912.0477692781574, "oscillation_cost": 14.816222388500154, "completition_cost": 1000.0, "overshoot_cost": 5987.83228443831, "power_cost": 44.86235438232422, "noise_cost": 93.26752991553415, "n_waypoints_completed": 0, "tot_waypoints": 9}}
