{"target": -1207.9547554602668, "params": {"k_pid_pos": [2.0, 0.9845606088638306, 1.0], "k_pid_alt": [2.0, 1.0, 1.0], "k_pid_att": [4.797610759735107, 9.999999747378752e-05, 0.0], "k_pid_yaw": [0.5, 1e-06, 0.1], "k_pid_hsp": [9.223531723022461, 0.034638941287994385, 0.0], "k_pid_vsp": [384.4920959472656, 400.0, 387.2649230957031]}, "datetime": {"datetime": "2025-08-12 03:19:46", "elapsed": 39265.736565589905, "delta": 37.014525175094604}, "costs": {"total_cost": 1207.9547554602668, "time_cost": 150, "final_distance_cost": 57.09841537731975, "oscillation_cost": 428.4523002552428, "completition_cost": 444.4444444444444, "overshoot_cost": 66.02918513083901, "power_cost": 32.399652087402345, "noise_cost": 29.53075816501863, "n_waypoints_completed": 5, "tot_waypoints": 9}}
{"target": -841.5956314366999, "params": {"k_pid_pos": [2.0, 0.9826228618621826, 1.0], "k_pid_alt": [1.8453102111816406, 0.9353673458099365, 1.0], "k_pid_att": [7.280898094177246, 9.999999747378752e-05, 0.10820475220680237], "k_pid_yaw": [0.5, 1e-06, 0.1], "k_pid_hsp": [9.694869995117188, 0.0, 0.0], "k_pid_vsp": [400.0, 364.89404296875, 388.20111083984375]}, "datetime": {"datetime": "2025-08-12 03:20:17", "elapsed": 39297.27204656601, "delta": 31.535480976104736}, "costs": {"total_cost": 841.5956314366999, "time_cost": 150, "final_distance_cost": 69.32094221386622, "oscillation_cost": 160.28598003416005, "completition_cost": 333.33333333333337, "overshoot_cost": 68.68338531796684, "power_cost": 31.64827995605469, "noise_cost": 28.323710581318707, "n_waypoints_completed": 6, "tot_waypoints": 9}}
{"target": -8122.119398056789, "params": {"k_pid_pos": [2.0, 0.9220852255821228, 0.9755355715751648], "k_pid_alt": [2.0, 0.995995283126831, 0.9921267032623291], "k_pid_att": [0.0, 9.999999747378752e-05, 0.0], "k_pid_yaw": [0.5, 1e-06, 0.1], "k_pid_hsp": [10.0, 0.0, 0.0], "k_pid_vsp": [389.4530029296875, 400.0, 400.0]}, "datetime": {"datetime": "2025-08-12 03:20:48", "elapsed": 39328.15378189087, "delta": 30.88173532485962}, "costs": {"total_cost": 8122.119398056789, "time_cost": 150, "final_distance_cost": 922.9075161434894, "oscillation_cost": 14.77669707364759, "completition_cost": 1000.0, "overshoot_cost": 5895.533459466691, "power_cost": 44.23579093017578, "noise_cost": 94.66593444278536, "n_waypoints_completed": 0, "tot_waypoints": 9}}
{"target": -1678.5296570124433, "params": {"k_pid_pos": [2.0, 1.0, 1.0], "k_pid_alt": [1.7731629610061646, 1.0, 1.0], "k_pid_att": [1.4529496431350708, 0.4662003517150879, 0.048200756311416626], "k_pid_yaw": [0.5, 1e-06, 0.1], "k_pid_hsp": [10.0, 0.019658982753753662, 0.0], "k_pid_vsp": [400.0, 400.0, 400.0]}, "datetime": {"datetime": "2025-08-12 03:21:21", "elapsed": 39360.687839746475, "delta": 32.53405785560608}, "costs": {"total_cost": 1678.5296570124433, "time_cost": 150, "final_distance_cost": 0.9995222839203108, "oscillation_cost": 241.04325172138647, "completition_cost": 1000.0, "overshoot_cost": 158.22094957375595, "power_cost": 29.386539868164064, "noise_cost": 98.87939356521638, "n_waypoints_completed": 0, "tot_waypoints": 9}}
{"target": -8199.430532154987, "params": {"k_pid_pos": [2.0, 1.0, 1.0], "k_pid_alt": [1.9824562072753906, 1.0, 0.9356616735458374], "k_pid_att": [0.0, 9.999999747378752e-05, 0.0], "k_pid_yaw": [0.5, 1e-06, 0.1], "k_pid_hsp": [9.708028793334961, 0.002820134162902832, 0.0], "k_pid_vsp": [400.0, 400.0, 389.9975891113281]}, "datetime": {"datetime": "2025-08-12 03:21:52", "elapsed": 39392.1888256073, "delta": 31.500985860824585}, "costs": {"total_cost": 8199.430532154987, "time_cost": 150, "final_distance_cost": 1059.821690630513, "oscillation_cost": 14.899997945781443, "completition_cost": 1000.0, "overshoot_cost": 5841.320858837612, "power_cost": 44.56963885498047, "noise_cost": 88.81834588609962, "n_waypoints_completed": 0, "tot_waypoints": 9}}
{"target": -1477.943863731111, "params": {"k_pid_pos": [1.8785611391067505, 0.917913556098938, 1.0], "k_pid_alt": [2.0, 1.0, 0.9339085221290588], "k_pid_att": [0.9442359209060669, 9.999999747378752e-05, 0.0671539306640625], "k_pid_yaw": [0.5, 1e-06, 0.1], "k_pid_hsp": [9.735424041748047, 0.0, 0.0], "k_pid_vsp": [385.39727783203125, 400.0, 400.0]}, "datetime": {"datetime": "2025-08-12 03:22:24", "elapsed": 39424.05060982704, "delta": 31.86178421974182}, "costs": {"total_cost": 1477.943863731111, "time_cost": 150, "final_distance_cost": 0.9992957553746789, "oscillation_cost": 48.57308378221589, "completition_cost": 1000.0, "overshoot_cost": 155.00228158752685, "power_cost": 29.40120838623047, "noise_cost": 93.96799421976297, "n_waypoints_completed": 0, "tot_waypoints": 9}}
{"target": -8184.219141553011, "params": {"k_pid_pos": [2.0, 1.0, 0.9751232862472534], "k_pid_alt": [2.0, 0.9953055381774902, 1.0], "k_pid_att": [0.0, 9.999999747378752e-05, 0.0], "k_pid_yaw": [0.5, 1e-06, 0.1], "k_pid_hsp": [10.0, 0.08788764476776123, 0.0], "k_pid_vsp": [392.04010009765625, 372.65625, 379.8463439941406]}, "datetime": {"datetime": "2025-08-12 03:22:55", "elapsed": 39454.82495498657, "delta": 30.77434515953064}, "costs": {"total_cost": 8184.219141553011, "time_cost": 150, "final_distance_cost": 1123.597508491529, "oscillation_cost": 14.98232774609828, "completition_cost": 1000.0, "overshoot_cost": 5760.241886671493, "power_cost": 44.94842637939453, "noise_cost": 90.44899226449483, "n_waypoints_completed": 0, "tot_waypoints": 9}}
{"target": -1121.065621787805, "params": {"k_pid_pos": [1.7909287214279175, 1.0, 0.9998281002044678], "k_pid_alt": [2.0, 1.0, 1.0], "k_pid_att": [2.4315686225891113, 0.5068491697311401, 0.00931316614151001], "k_pid_yaw": [0.5, 1e-06, 0.1], "k_pid_hsp": [9.437475204467773, 0.022500932216644287, 0.08187198638916016], "k_pid_vsp": [390.4907531738281, 400.0, 369.4350891113281]}, "datetime": {"datetime": "2025-08-12 03:23:26", "elapsed": 39486.354061603546, "delta": 31.529106616973877}, "costs": {"total_cost": 1121.065621787805, "time_cost": 150, "final_distance_cost": 56.673134928552244, "oscillation_cost": 345.8541694697146, "completition_cost": 444.4444444444444, "overshoot_cost": 61.30384560941205, "power_cost": 33.4230428100586, "noise_cost": 29.366984525623113, "n_waypoints_completed": 5, "tot_waypoints": 9}}
{"target": -1552.0533428297367, "params": {"k_pid_pos": [2.0, 1.0, 1.0], "k_pid_alt": [2.0, 1.0, 0.9181251525878906], "k_pid_att": [3.066897392272949, 0.32140544056892395, 0.0], "k_pid_yaw": [0.5, 1e-06, 0.1], "k_pid_hsp": [10.0, 0.0, 0.0], "k_pid_vsp": [400.0, 367.2835693359375, 400.0]}, "datetime": {"datetime": "2025-08-12 03:23:58", "elapsed": 39517.431012392044, "delta": 31.076950788497925}, "costs": {"total_cost": 1552.0533428297367, "time_cost": 150, "final_distance_cost": 84.35902207496675, "oscillation_cost": 408.11552742710427, "completition_cost": 777.7777777777778, "overshoot_cost": 72.77060299426809, "power_cost": 31.8101755859375, "noise_cost": 27.22023696968233, "n_waypoints_completed": 2, "tot_waypoints": 9}}
{"target": -1730.1266729436868, "params": {"k_pid_pos": [1.8983962535858154, 0.9130247235298157, 1.0], "k_pid_alt": [2.0, 1.0, 1.0], "k_pid_att": [3.4432172775268555, 9.999999747378752e-05, 0.03618308901786804], "k_pid_yaw": [0.5, 1e-06, 0.1], "k_pid_hsp": [10.0, 0.0, 0.050588399171829224], "k_pid_vsp": [372.5185546875, 400.0, 376.6089782714844]}, "datetime": {"datetime": "2025-08-12 03:24:28", "elapsed": 39548.294610500336, "delta": 30.863598108291626}, "costs": {"total_cost": 1730.1266729436868, "time_cost": 150, "final_distance_cost": 40.30049981470328, "oscillation_cost": 403.53936696143313, "completition_cost": 1000.0, "overshoot_cost": 79.78039162331785, "power_cost": 30.169847888183597, "noise_cost": 26.336566656048884, "n_waypoints_completed": 0, "tot_waypoints": 9}}
{"target": -1469.305028886676, "params": {"k_pid_pos": [2.0, 0.967401921749115, 1.0], "k_pid_alt": [2.0, 0.9942078590393066, 1.0], "k_pid_att": [2.3737728595733643, 9.999999747378752e-05, 0.08061599731445312], "k_pid_yaw": [0.5, 1e-06, 0.1], "k_pid_hsp": [10.0, 0.0, 0.03426089882850647], "k_pid_vsp": [389.0518798828125, 400.0, 400.0]}, "datetime": {"datetime": "2025-08-12 03:24:59", "elapsed": 39578.79450893402, "delta": 30.499898433685303}, "costs": {"total_cost": 1469.305028886676, "time_cost": 150, "final_distance_cost": 0.9990753798743303, "oscillation_cost": 35.104035345485606, "completition_cost": 1000.0, "overshoot_cost": 156.77327023628052, "power_cost": 29.648864465332032, "noise_cost": 96.77978345970328, "n_waypoints_completed": 0, "tot_waypoints": 9}}
{"target": -1864.4043975432112, "params": {"k_pid_pos": [1.9666163921356201, 0.9878063201904297, 0.9148837327957153], "k_pid_alt": [1.8713126182556152, 0.9836570024490356, 0.9883514046669006], "k_pid_att": [7.623028755187988, 9.999999747378752e-05, 0.014010906219482422], "k_pid_yaw": [0.5, 1e-06, 0.1], "k_pid_hsp": [10.0, 0.0, 0.0], "k_pid_vsp": [400.0, 400.0, 400.0]}, "datetime": {"datetime": "2025-08-12 03:25:31", "elapsed": 39610.4099650383, "delta": 31.615456104278564}, "costs": {"total_cost": 1864.4043975432112, "time_cost": 150, "final_distance_cost": 13.293550307596089, "oscillation_cost": 534.78617236447, "completition_cost": 1000.0, "overshoot_cost": 107.57456459452823, "power_cost": 30.989651623535156, "noise_cost": 27.760458653081674, "n_waypoints_completed": 0, "tot_waypoints": 9}}
{"target": -968.3575387826372, "params": {"k_pid_pos": [2.0, 1.0, 1.0], "k_pid_alt": [1.9678720235824585, 1.0, 1.0], "k_pid_att": [1.0183453559875488, 9.999999747378752e-05, 0.004108041524887085], "k_pid_yaw": [0.5, 1e-06, 0.1], "k_pid_hsp": [10.0, 0.0, 0.00690460205078125], "k_pid_vsp": [400.0, 400.0, 358.8558349609375]}, "datetime": {"datetime": "2025-08-12 03:26:02", "elapsed": 39641.61197566986, "delta": 31.20201063156128}, "costs": {"total_cost": 968.3575387826372, "time_cost": 150, "final_distance_cost": 52.15877895286038, "oscillation_cost": 199.46678005230945, "completition_cost": 444.4444444444444, "overshoot_cost": 59.28483590107876, "power_cost": 33.57250592041016, "noise_cost": 29.430193511534114, "n_waypoints_completed": 5, "tot_waypoints": 9}}
{"target": -1321.8327563130242, "params": {"k_pid_pos": [1.9492595195770264, 0.9605298638343811, 0.9712216854095459], "k_pid_alt": [1.9487353563308716, 0.9914408326148987, 0.9679558277130127], "k_pid_att": [5.18626594543457, 0.0246297474950552, 0.0], "k_pid_yaw": [0.5, 1e-06, 0.1], "k_pid_hsp": [9.561779975891113, 0.0, 0.0], "k_pid_vsp": [394.25848388671875, 400.0, 400.0]}, "datetime": {"datetime": "2025-08-12 03:26:35", "elapsed": 39674.869099378586, "delta": 33.257123708724976}, "costs": {"total_cost": 1321.8327563130242, "time_cost": 150, "final_distance_cost": 44.35193435536125, "oscillation_cost": 441.37046162482187, "completition_cost": 555.5555555555555, "overshoot_cost": 67.59970749676239, "power_cost": 32.870475622558594, "noise_cost": 30.084621657964355, "n_waypoints_completed": 4, "tot_waypoints": 9}}
{"target": -4713.921054664506, "params": {"k_pid_pos": [1.983805537223816, 0.9977831840515137, 0.9968124628067017], "k_pid_alt": [1.9271653890609741, 1.0, 1.0], "k_pid_att": [0.0, 0.3734034299850464, 0.0], "k_pid_yaw": [0.5, 1e-06, 0.1], "k_pid_hsp": [9.634295463562012, 0.0, 0.084786057472229], "k_pid_vsp": [398.1817321777344, 400.0, 400.0]}, "datetime": {"datetime": "2025-08-12 03:27:05", "elapsed": 39705.10140252113, "delta": 30.232303142547607}, "costs": {"total_cost": 4713.921054664506, "time_cost": 150, "final_distance_cost": 455.7298955089272, "oscillation_cost": 1579.7379171759894, "completition_cost": 1000.0, "overshoot_cost": 1297.1477869366695, "power_cost": 57.87765023193359, "noise_cost": 173.4278048109877, "n_waypoints_completed": 0, "tot_waypoints": 9}}
{"target": -1544.6516030221342, "params": {"k_pid_pos": [1.9397116899490356, 0.9990622401237488, 0.9867527484893799], "k_pid_alt": [1.9337321519851685, 0.8796720504760742, 1.0], "k_pid_att": [8.058211326599121, 9.999999747378752e-05, 0.07146278023719788], "k_pid_yaw": [0.5, 1e-06, 0.1], "k_pid_hsp": [10.0, 0.0, 0.010983020067214966], "k_pid_vsp": [395.036376953125, 395.4031066894531, 400.0]}, "datetime": {"datetime": "2025-08-12 03:27:36", "elapsed": 39735.56303358078, "delta": 30.461631059646606}, "costs": {"total_cost": 1544.6516030221342, "time_cost": 150, "final_distance_cost": 68.5991023139619, "oscillation_cost": 431.6419226588256, "completition_cost": 777.7777777777778, "overshoot_cost": 57.34415891665263, "power_cost": 31.210361828613284, "noise_cost": 28.078279526303067, "n_waypoints_completed": 2, "tot_waypoints": 9}}
{"target": -8303.75125539146, "params": {"k_pid_pos": [1.8611412048339844, 1.0, 0.9434552192687988], "k_pid_alt": [1.9210412502288818, 1.0, 1.0], "k_pid_att": [0.0, 9.999999747378752e-05, 0.0], "k_pid_yaw": [0.5, 1e-06, 0.1], "k_pid_hsp": [10.0, 0.0, 0.0], "k_pid_vsp": [384.7838439941406, 395.0146789550781, 400.0]}, "datetime": {"datetime": "2025-08-12 03:28:08", "elapsed": 39767.97148108482, "delta": 32.40844750404358}, "costs": {"total_cost": 8303.75125539146, "time_cost": 150, "final_distance_cost": 888.8934576458689, "oscillation_cost": 14.723347574247635, "completition_cost": 1000.0, "overshoot_cost": 6109.1893668854345, "power_cost": 44.34307322998047, "noise_cost": 96.60201005592884, "n_waypoints_completed": 0, "tot_waypoints": 9}}
{"target": -5030.310905248862, "params": {"k_pid_pos": [1.9921605587005615, 0.9838243126869202, 1.0], "k_pid_alt": [2.0, 0.9130573868751526, 0.9411168098449707], "k_pid_att": [0.0, 0.38699284195899963, 0.0], "k_pid_yaw": [0.5, 1e-06, 0.1], "k_pid_hsp": [8.860746383666992, 0.0, 0.09103628993034363], "k_pid_vsp": [400.0, 394.0523986816406, 389.12896728515625]}, "datetime": {"datetime": "2025-08-12 03:28:39", "elapsed": 39799.31809639931, "delta": 31.346615314483643}, "costs": {"total_cost": 5030.310905248862, "time_cost": 150, "final_distance_cost": 505.7314884453967, "oscillation_cost": 1591.1379442807277, "completition_cost": 1000.0, "overshoot_cost": 1553.515180221652, "power_cost": 57.43289487304688, "noise_cost": 172.49339742803772, "n_waypoints_completed": 0, "tot_waypoints": 9}}
{"target": -1763.0017034322293, "params": {"k_pid_pos": [2.0, 1.0, 0.9600381851196289], "k_pid_alt": [1.975653886795044, 0.9818897247314453, 0.9232264161109924], "k_pid_att": [3.4786791801452637, 0.2086644023656845, 0.0229051411151886], "k_pid_yaw": [0.5, 1e-06, 0.1], "k_pid_hsp": [9.957382202148438, 0.04811859130859375, 0.0], "k_pid_vsp": [400.0, 390.836669921875, 396.2950744628906]}, "datetime": {"datetime": "2025-08-12 03:29:12", "elapsed": 39831.84311532974, "delta": 32.52501893043518}, "costs": {"total_cost": 1763.0017034322293, "time_cost": 150, "final_distance_cost": 5.749633907198338, "oscillation_cost": 414.4042655079207, "completition_cost": 1000.0, "overshoot_cost": 135.7794055540286, "power_cost": 30.268622387695313, "noise_cost": 26.799776075386298, "n_waypoints_completed": 0, "tot_waypoints": 9}}
{"target": -8101.314013760555, "params": {"k_pid_pos": [2.0, 1.0, 1.0], "k_pid_alt": [2.0, 1.0, 0.976544201374054], "k_pid_att": [0.0, 9.999999747378752e-05, 0.0], "k_pid_yaw": [0.5, 1e-06, 0.1], "k_pid_hsp": [9.595025062561035, 0.11461609601974487, 0.0], "k_pid_vsp": [400.0, 400.0, 400.0]}, "datetime": {"datetime": "2025-08-12 03:29:44", "elapsed": 39863.661464214325, "delta": 31.81834888458252}, "costs": {"total_cost": 8101.314013760555, "time_cost": 150, "final_distance_cost": 904.6475952273295, "oscillation_cost": 14.755132196679698, "completition_cost": 1000.0, "overshoot_cost": 5896.005448632919, "power_cost": 44.11039431152344, "noise_cost": 91.7954433921039, "n_waypoints_completed": 0, "tot_waypoints": 9}}
{"target": -1720.542970566093, "params": {"k_pid_pos": [1.9649971723556519, 0.951991081237793, 1.0], "k_pid_alt": [2.0, 1.0, 1.0], "k_pid_att": [2.9662818908691406, 0.8429045081138611, 0.029251784086227417], "k_pid_yaw": [0.5, 1e-06, 0.1], "k_pid_hsp": [9.60743236541748, 0.015884846448898315, 0.010704606771469116], "k_pid_vsp": [400.0, 400.0, 400.0]}, "datetime": {"datetime": "2025-08-12 03:30:16", "elapsed": 39895.84405040741, "delta": 32.18258619308472}, "costs": {"total_cost": 1720.542970566093, "time_cost": 150, "final_distance_cost": 29.010103073845116, "oscillation_cost": 384.8819809062999, "completition_cost": 1000.0, "overshoot_cost": 99.24484128346616, "power_cost": 30.986086853027345, "noise_cost": 26.419958449454608, "n_waypoints_completed": 0, "tot_waypoints": 9}}
{"target": -1815.060568991777, "params": {"k_pid_pos": [2.0, 1.0, 0.9660847187042236], "k_pid_alt": [1.8869388103485107, 1.0, 0.9964787364006042], "k_pid_att": [3.420490026473999, 0.6353068947792053, 0.048602402210235596], "k_pid_yaw": [0.5, 1e-06, 0.1], "k_pid_hsp": [10.0, 0.08043128252029419, 0.0002377629280090332], "k_pid_vsp": [400.0, 394.35015869140625, 394.722900390625]}, "datetime": {"datetime": "2025-08-12 03:30:47", "elapsed": 39926.95773553848, "delta": 31.113685131072998}, "costs": {"total_cost": 1815.060568991777, "time_cost": 150, "final_distance_cost": 0.9991870453702884, "oscillation_cost": 373.35915221702896, "completition_cost": 1000.0, "overshoot_cost": 158.83347074878395, "power_cost": 29.7647287109375, "noise_cost": 102.10403026965639, "n_waypoints_completed": 0, "tot_waypoints": 9}}
{"target": -1256.694969721372, "params": {"k_pid_pos": [1.9528762102127075, 0.9410125017166138, 0.9065158367156982], "k_pid_alt": [2.0, 1.0, 0.9900833368301392], "k_pid_att": [2.9986441135406494, 9.999999747378752e-05, 0.0], "k_pid_yaw": [0.5, 1e-06, 0.1], "k_pid_hsp": [10.0, 0.0, 0.0], "k_pid_vsp": [400.0, 400.0, 390.67388916015625]}, "datetime": {"datetime": "2025-08-12 03:31:19", "elapsed": 39958.46258306503, "delta": 31.504847526550293}, "costs": {"total_cost": 1256.694969721372, "time_cost": 150, "final_distance_cost": 39.79288843256808, "oscillation_cost": 377.34109393995186, "completition_cost": 555.5555555555555, "overshoot_cost": 73.68977780660641, "power_cost": 32.81607491455078, "noise_cost": 27.49957907213935, "n_waypoints_completed": 4, "tot_waypoints": 9}}
{"target": -1308.1955265685856, "params": {"k_pid_pos": [2.0, 1.0, 1.0], "k_pid_alt": [2.0, 1.0, 0.9655678868293762], "k_pid_att": [4.202398777008057, 0.07666110247373581, 0.0], "k_pid_yaw": [0.5, 1e-06, 0.1], "k_pid_hsp": [10.0, 0.0, 0.012395083904266357], "k_pid_vsp": [400.0, 395.04345703125, 400.0]}, "datetime": {"datetime": "2025-08-12 03:31:50", "elapsed": 39990.312779426575, "delta": 31.850196361541748}, "costs": {"total_cost": 1308.1955265685856, "time_cost": 150, "final_distance_cost": 43.08719530184454, "oscillation_cost": 427.3455559870522, "completition_cost": 555.5555555555555, "overshoot_cost": 71.57602496660768, "power_cost": 32.83637268066406, "noise_cost": 27.79482207686139, "n_waypoints_completed": 4, "tot_waypoints": 9}}
{"target": -5024.461036094717, "params": {"k_pid_pos": [1.8473091125488281, 1.0, 1.0], "k_pid_alt": [2.0, 1.0, 0.962038516998291], "k_pid_att": [0.0, 9.999999747378752e-05, 0.031333982944488525], "k_pid_yaw": [0.5, 1e-06, 0.1], "k_pid_hsp": [8.903301239013672, 0.028358876705169678, 0.0], "k_pid_vsp": [385.53131103515625, 399.31072998046875, 393.8523254394531]}, "datetime": {"datetime": "2025-08-12 03:32:22", "elapsed": 40022.21700143814, "delta": 31.904222011566162}, "costs": {"total_cost": 5024.461036094717, "time_cost": 150, "final_distance_cost": 1317.159442933119, "oscillation_cost": 5.597959142244278, "completition_cost": 1000.0, "overshoot_cost": 2439.9839822401846, "power_cost": 30.740528283691408, "noise_cost": 80.97912349547777, "n_waypoints_completed": 0, "tot_waypoints": 9}}
{"target": -8383.068727658943, "params": {"k_pid_pos": [2.0, 0.9563241600990295, 1.0], "k_pid_alt": [2.0, 1.0, 0.9304982423782349], "k_pid_att": [0.0, 9.999999747378752e-05, 0.0], "k_pid_yaw": [0.5, 1e-06, 0.1], "k_pid_hsp": [10.0, 0.03263005614280701, 0.0], "k_pid_vsp": [400.0, 400.0, 400.0]}, "datetime": {"datetime": "2025-08-12 03:32:54", "elapsed": 40054.00085186958, "delta": 31.78385043144226}, "costs": {"total_cost": 8383.068727658943, "time_cost": 150, "final_distance_cost": 967.1391845292851, "oscillation_cost": 14.814477694232046, "completition_cost": 1000.0, "overshoot_cost": 6112.838371758873, "power_cost": 44.586270605468755, "noise_cost": 93.69042307108407, "n_waypoints_completed": 0, "tot_waypoints": 9}}
{"target": -955.7916835845527, "params": {"k_pid_pos": [1.9423574209213257, 1.0, 1.0], "k_pid_alt": [2.0, 0.92609041929245, 1.0], "k_pid_att": [1.6470909118652344, 0.49436745047569275, 0.0], "k_pid_yaw": [0.5, 1e-06, 0.1], "k_pid_hsp": [9.934793472290039, 0.06310927867889404, 0.11149239540100098], "k_pid_vsp": [380.8271484375, 390.4049072265625, 374.850341796875]}, "datetime": {"datetime": "2025-08-12 03:33:26", "elapsed": 40086.24281358719, "delta": 32.24196171760559}, "costs": {"total_cost": 955.7916835845527, "time_cost": 150, "final_distance_cost": 52.39348496966879, "oscillation_cost": 297.92964939562125, "completition_cost": 333.33333333333337, "overshoot_cost": 60.05049874701563, "power_cost": 33.13910576171875, "noise_cost": 28.945611377195046, "n_waypoints_completed": 6, "tot_waypoints": 9}}
{"target": -1499.3759057161792, "params": {"k_pid_pos": [1.8198437690734863, 1.0, 1.0], "k_pid_alt": [1.8656089305877686, 0.987642228603363, 0.9667600393295288], "k_pid_att": [5.894824981689453, 0.5555078387260437, 0.0], "k_pid_yaw": [0.5, 1e-06, 0.1], "k_pid_hsp": [10.0, 0.0, 0.0], "k_pid_vsp": [365.0228576660156, 400.0, 400.0]}, "datetime": {"datetime": "2025-08-12 03:33:57", "elapsed": 40117.128073215485, "delta": 30.8852596282959}, "costs": {"total_cost": 1499.3759057161792, "time_cost": 150, "final_distance_cost": 52.120956767729396, "oscillation_cost": 487.72785439669116, "completition_cost": 666.6666666666667, "overshoot_cost": 82.52304375229758, "power_cost": 32.14462940673828, "noise_cost": 28.19275472605616, "n_waypoints_completed": 3, "tot_waypoints": 9}}
