{"target": -1902.4230648970772, "params": {"k_pid_pos": [2.0, 0.992390513420105, 1.0], "k_pid_alt": [2.0, 1.0, 0.9727181196212769], "k_pid_att": [9.347259521484375, 9.999999747378752e-05, 0.0], "k_pid_yaw": [0.5, 1e-06, 0.1], "k_pid_hsp": [10.0, 0.0, 0.0], "k_pid_vsp": [400.0, 400.0, 400.0]}, "datetime": {"datetime": "2025-08-11 18:50:58", "elapsed": 8738.282931089401, "delta": 29.878226041793823}, "costs": {"total_cost": 1902.4230648970772, "time_cost": 150, "final_distance_cost": 13.91109651758085, "oscillation_cost": 566.1209128755343, "completition_cost": 1000.0, "overshoot_cost": 113.31423441161242, "power_cost": 31.222155310058596, "noise_cost": 27.854665782291256, "n_waypoints_completed": 0, "tot_waypoints": 9}}
{"target": -8175.343823326264, "params": {"k_pid_pos": [2.0, 1.0, 0.9690054655075073], "k_pid_alt": [1.9339609146118164, 1.0, 1.0], "k_pid_att": [0.0, 9.999999747378752e-05, 0.0], "k_pid_yaw": [0.5, 1e-06, 0.1], "k_pid_hsp": [10.0, 0.0, 0.0], "k_pid_vsp": [376.1338195800781, 392.2592468261719, 396.9659118652344]}, "datetime": {"datetime": "2025-08-11 18:51:31", "elapsed": 8770.875476837158, "delta": 32.59254574775696}, "costs": {"total_cost": 8175.343823326264, "time_cost": 150, "final_distance_cost": 809.0715460323299, "oscillation_cost": 14.661993501126656, "completition_cost": 1000.0, "overshoot_cost": 6058.810237893444, "power_cost": 44.01870369873047, "noise_cost": 98.78134220063335, "n_waypoints_completed": 0, "tot_waypoints": 9}}
{"target": -1388.211576559924, "params": {"k_pid_pos": [2.0, 1.0, 0.9405672550201416], "k_pid_alt": [2.0, 1.0, 1.0], "k_pid_att": [3.9861679077148438, 0.23160837590694427, 0.10686951875686646], "k_pid_yaw": [0.5, 1e-06, 0.1], "k_pid_hsp": [10.0, 0.08409097790718079, 0.0], "k_pid_vsp": [400.0, 395.8595886230469, 351.1517639160156]}, "datetime": {"datetime": "2025-08-11 18:52:06", "elapsed": 8805.416893005371, "delta": 34.54141616821289}, "costs": {"total_cost": 1388.211576559924, "time_cost": 150, "final_distance_cost": 13.949403930546904, "oscillation_cost": 56.734469294769085, "completition_cost": 1000.0, "overshoot_cost": 111.20811424064345, "power_cost": 29.61838135986328, "noise_cost": 26.701207734101377, "n_waypoints_completed": 0, "tot_waypoints": 9}}
{"target": -1025.884414297707, "params": {"k_pid_pos": [2.0, 0.9329575896263123, 0.9816781878471375], "k_pid_alt": [1.9099544286727905, 0.9706305861473083, 0.9597027897834778], "k_pid_att": [9.139206886291504, 0.7317221164703369, 0.06428587436676025], "k_pid_yaw": [0.5, 1e-06, 0.1], "k_pid_hsp": [9.570298194885254, 0.006312042474746704, 0.0], "k_pid_vsp": [395.3863525390625, 400.0, 380.1201477050781]}, "datetime": {"datetime": "2025-08-11 18:52:37", "elapsed": 8836.470257520676, "delta": 31.053364515304565}, "costs": {"total_cost": 1025.884414297707, "time_cost": 150, "final_distance_cost": 65.39657733334049, "oscillation_cost": 352.68906201716413, "completition_cost": 333.33333333333337, "overshoot_cost": 62.80962108480201, "power_cost": 31.931281652832034, "noise_cost": 29.724538876235034, "n_waypoints_completed": 6, "tot_waypoints": 9}}
{"target": -1537.9497153670557, "params": {"k_pid_pos": [2.0, 0.979413628578186, 1.0], "k_pid_alt": [1.9720909595489502, 1.0, 1.0], "k_pid_att": [2.9877424240112305, 9.999999747378752e-05, 0.002407252788543701], "k_pid_yaw": [0.5, 1e-06, 0.1], "k_pid_hsp": [9.702089309692383, 0.0, 0.0], "k_pid_vsp": [400.0, 400.0, 400.0]}, "datetime": {"datetime": "2025-08-11 18:53:07", "elapsed": 8866.383871793747, "delta": 29.91361427307129}, "costs": {"total_cost": 1537.9497153670557, "time_cost": 150, "final_distance_cost": 86.83388290612439, "oscillation_cost": 397.2615812732928, "completition_cost": 777.7777777777778, "overshoot_cost": 67.14150365678759, "power_cost": 31.62961219482422, "noise_cost": 27.30535755824885, "n_waypoints_completed": 2, "tot_waypoints": 9}}
{"target": -7400.57434266026, "params": {"k_pid_pos": [1.880981683731079, 0.9152006506919861, 0.9539642333984375], "k_pid_alt": [2.0, 1.0, 0.9450854659080505], "k_pid_att": [0.0, 0.6747126579284668, 0.0], "k_pid_yaw": [0.5, 1e-06, 0.1], "k_pid_hsp": [9.927312850952148, 0.0, 0.0], "k_pid_vsp": [400.0, 400.0, 373.1138610839844]}, "datetime": {"datetime": "2025-08-11 18:53:37", "elapsed": 8897.01396536827, "delta": 30.630093574523926}, "costs": {"total_cost": 7400.57434266026, "time_cost": 150, "final_distance_cost": 1770.030827233505, "oscillation_cost": 2232.003209997432, "completition_cost": 1000.0, "overshoot_cost": 2015.939787966284, "power_cost": 57.61886470947266, "noise_cost": 174.9816527535677, "n_waypoints_completed": 0, "tot_waypoints": 9}}
{"target": -1015.9564805941642, "params": {"k_pid_pos": [1.992498517036438, 1.0, 1.0], "k_pid_alt": [1.7718342542648315, 1.0, 0.9870087504386902], "k_pid_att": [0.5085617303848267, 9.999999747378752e-05, 0.0], "k_pid_yaw": [0.5, 1e-06, 0.1], "k_pid_hsp": [10.0, 0.0711737871170044, 0.0], "k_pid_vsp": [400.0, 400.0, 399.0771179199219]}, "datetime": {"datetime": "2025-08-11 18:54:07", "elapsed": 8927.13565325737, "delta": 30.12168788909912}, "costs": {"total_cost": 1015.9564805941642, "time_cost": 150, "final_distance_cost": 50.577135485030404, "oscillation_cost": 131.49445784414988, "completition_cost": 555.5555555555555, "overshoot_cost": 64.77296871882332, "power_cost": 33.67200134277344, "noise_cost": 29.884361647831653, "n_waypoints_completed": 4, "tot_waypoints": 9}}
{"target": -943.5180203010135, "params": {"k_pid_pos": [1.944642424583435, 1.0, 1.0], "k_pid_alt": [1.953777551651001, 0.872671902179718, 0.9675830602645874], "k_pid_att": [7.063141345977783, 9.999999747378752e-05, 0.08844473958015442], "k_pid_yaw": [0.5, 1e-06, 0.1], "k_pid_hsp": [10.0, 0.058863431215286255, 0.0], "k_pid_vsp": [400.0, 400.0, 400.0]}, "datetime": {"datetime": "2025-08-11 18:54:37", "elapsed": 8957.278290271759, "delta": 30.142637014389038}, "costs": {"total_cost": 943.5180203010135, "time_cost": 150, "final_distance_cost": 64.9967385084697, "oscillation_cost": 263.7011634087488, "completition_cost": 333.33333333333337, "overshoot_cost": 70.11486739873884, "power_cost": 32.654241796875, "noise_cost": 28.717675854847855, "n_waypoints_completed": 6, "tot_waypoints": 9}}
{"target": -1123.7109210194794, "params": {"k_pid_pos": [2.0, 0.9797147512435913, 0.9563812613487244], "k_pid_alt": [1.9215222597122192, 0.9966038465499878, 0.9566525220870972], "k_pid_att": [5.908876419067383, 0.3574083745479584, 0.0], "k_pid_yaw": [0.5, 1e-06, 0.1], "k_pid_hsp": [10.0, 0.003295004367828369, 0.022294223308563232], "k_pid_vsp": [400.0, 400.0, 390.694091796875]}, "datetime": {"datetime": "2025-08-11 18:55:07", "elapsed": 8987.187131643295, "delta": 29.908841371536255}, "costs": {"total_cost": 1123.7109210194794, "time_cost": 150, "final_distance_cost": 68.82008421145314, "oscillation_cost": 441.6657241968954, "completition_cost": 333.33333333333337, "overshoot_cost": 66.49468334970945, "power_cost": 33.23134279785157, "noise_cost": 30.165753130236745, "n_waypoints_completed": 6, "tot_waypoints": 9}}
{"target": -4444.0705453415485, "params": {"k_pid_pos": [2.0, 1.0, 1.0], "k_pid_alt": [2.0, 0.9287813901901245, 0.9712358117103577], "k_pid_att": [0.0, 0.30905815958976746, 0.03605926036834717], "k_pid_yaw": [0.5, 1e-06, 0.1], "k_pid_hsp": [10.0, 0.029243826866149902, 0.02747216820716858], "k_pid_vsp": [400.0, 400.0, 397.67596435546875]}, "datetime": {"datetime": "2025-08-11 18:55:37", "elapsed": 9016.89002752304, "delta": 29.702895879745483}, "costs": {"total_cost": 4444.0705453415485, "time_cost": 150, "final_distance_cost": 321.21544489595396, "oscillation_cost": 1274.1368043393245, "completition_cost": 1000.0, "overshoot_cost": 1470.6476851012274, "power_cost": 57.6614455444336, "noise_cost": 170.40916546060936, "n_waypoints_completed": 0, "tot_waypoints": 9}}
{"target": -4122.274742606433, "params": {"k_pid_pos": [2.0, 0.9804142713546753, 0.9653726816177368], "k_pid_alt": [1.8989415168762207, 1.0, 0.9555110931396484], "k_pid_att": [0.0, 0.2758101224899292, 0.013156086206436157], "k_pid_yaw": [0.5, 1e-06, 0.1], "k_pid_hsp": [10.0, 0.027088940143585205, 0.06275832653045654], "k_pid_vsp": [365.45343017578125, 390.8709716796875, 400.0]}, "datetime": {"datetime": "2025-08-11 18:56:07", "elapsed": 9047.019367694855, "delta": 30.129340171813965}, "costs": {"total_cost": 4122.274742606433, "time_cost": 150, "final_distance_cost": 405.3995680230875, "oscillation_cost": 1210.150402582637, "completition_cost": 1000.0, "overshoot_cost": 1127.7273777393168, "power_cost": 57.68175767822266, "noise_cost": 171.31563658316995, "n_waypoints_completed": 0, "tot_waypoints": 9}}
{"target": -5905.287346912621, "params": {"k_pid_pos": [1.9692543745040894, 0.9741497039794922, 1.0], "k_pid_alt": [1.9408562183380127, 0.9484161138534546, 0.9756585359573364], "k_pid_att": [0.0, 0.33684349060058594, 0.0], "k_pid_yaw": [0.5, 1e-06, 0.1], "k_pid_hsp": [10.0, 0.061107754707336426, 0.12308299541473389], "k_pid_vsp": [381.6004638671875, 378.6745300292969, 400.0]}, "datetime": {"datetime": "2025-08-11 18:56:37", "elapsed": 9077.329188585281, "delta": 30.309820890426636}, "costs": {"total_cost": 5905.287346912621, "time_cost": 150, "final_distance_cost": 388.19249125385306, "oscillation_cost": 1477.3014870934583, "completition_cost": 1000.0, "overshoot_cost": 2660.5466354661467, "power_cost": 57.43715606689453, "noise_cost": 171.80957703226792, "n_waypoints_completed": 0, "tot_waypoints": 9}}
{"target": -1158.5436452701713, "params": {"k_pid_pos": [1.8508315086364746, 1.0, 1.0], "k_pid_alt": [1.9015774726867676, 0.9257502555847168, 0.9743511080741882], "k_pid_att": [7.782468318939209, 9.999999747378752e-05, 0.0], "k_pid_yaw": [0.5, 1e-06, 0.1], "k_pid_hsp": [9.4279146194458, 0.02551513910293579, 0.06301018595695496], "k_pid_vsp": [400.0, 400.0, 400.0]}, "datetime": {"datetime": "2025-08-11 18:57:07", "elapsed": 9107.334390163422, "delta": 30.00520157814026}, "costs": {"total_cost": 1158.5436452701713, "time_cost": 150, "final_distance_cost": 65.36544131901063, "oscillation_cost": 483.66025089141255, "completition_cost": 333.33333333333337, "overshoot_cost": 64.13472608610806, "power_cost": 32.316832824707035, "noise_cost": 29.733060815599675, "n_waypoints_completed": 6, "tot_waypoints": 9}}
{"target": -1844.7881343244794, "params": {"k_pid_pos": [1.9351609945297241, 0.9998698234558105, 0.9282463192939758], "k_pid_alt": [2.0, 1.0, 0.9944637417793274], "k_pid_att": [4.611271858215332, 0.19686250388622284, 0.041804105043411255], "k_pid_yaw": [0.5, 1e-06, 0.1], "k_pid_hsp": [10.0, 0.0, 0.0], "k_pid_vsp": [400.0, 400.0, 390.80499267578125]}, "datetime": {"datetime": "2025-08-11 18:57:38", "elapsed": 9138.332569360733, "delta": 30.9981791973114}, "costs": {"total_cost": 1844.7881343244794, "time_cost": 150, "final_distance_cost": 0.9995928446946444, "oscillation_cost": 429.369234603143, "completition_cost": 1000.0, "overshoot_cost": 152.60075059228396, "power_cost": 29.99396531982422, "noise_cost": 81.82459096453367, "n_waypoints_completed": 0, "tot_waypoints": 9}}
{"target": -4751.89947077554, "params": {"k_pid_pos": [1.926583170890808, 1.0, 0.9840866327285767], "k_pid_alt": [1.881763219833374, 1.0, 0.9814741611480713], "k_pid_att": [0.0, 9.999999747378752e-05, 0.04093334078788757], "k_pid_yaw": [0.5, 1e-06, 0.1], "k_pid_hsp": [9.72744369506836, 0.0, 0.0], "k_pid_vsp": [376.888427734375, 400.0, 400.0]}, "datetime": {"datetime": "2025-08-11 18:58:09", "elapsed": 9168.623977422714, "delta": 30.2914080619812}, "costs": {"total_cost": 4751.89947077554, "time_cost": 150, "final_distance_cost": 886.7056841452348, "oscillation_cost": 4.671262138158204, "completition_cost": 1000.0, "overshoot_cost": 2591.191598593781, "power_cost": 30.350305505371097, "noise_cost": 88.98062039299582, "n_waypoints_completed": 0, "tot_waypoints": 9}}
{"target": -8119.817425876785, "params": {"k_pid_pos": [2.0, 1.0, 0.9878292083740234], "k_pid_alt": [2.0, 0.9810428619384766, 1.0], "k_pid_att": [0.0, 9.999999747378752e-05, 0.0], "k_pid_yaw": [0.5, 1e-06, 0.1], "k_pid_hsp": [9.969955444335938, 0.009335219860076904, 0.01665198802947998], "k_pid_vsp": [400.0, 400.0, 373.50311279296875]}, "datetime": {"datetime": "2025-08-11 18:58:39", "elapsed": 9199.037123918533, "delta": 30.413146495819092}, "costs": {"total_cost": 8119.817425876785, "time_cost": 150, "final_distance_cost": 1132.6070898939306, "oscillation_cost": 15.102061040473059, "completition_cost": 1000.0, "overshoot_cost": 5696.985630418428, "power_cost": 45.14290919189453, "noise_cost": 79.9797353320592, "n_waypoints_completed": 0, "tot_waypoints": 9}}
{"target": -1675.86360882906, "params": {"k_pid_pos": [2.0, 0.9658054113388062, 1.0], "k_pid_alt": [2.0, 1.0, 1.0], "k_pid_att": [1.8548637628555298, 9.999999747378752e-05, 0.0], "k_pid_yaw": [0.5, 1e-06, 0.1], "k_pid_hsp": [9.950908660888672, 0.009944319725036621, 0.06423443555831909], "k_pid_vsp": [383.26678466796875, 400.0, 400.0]}, "datetime": {"datetime": "2025-08-11 18:59:09", "elapsed": 9229.14432644844, "delta": 30.107202529907227}, "costs": {"total_cost": 1675.86360882906, "time_cost": 150, "final_distance_cost": 43.98350341457366, "oscillation_cost": 353.25797399091414, "completition_cost": 1000.0, "overshoot_cost": 70.27222511023803, "power_cost": 31.428462524414066, "noise_cost": 26.921443788920172, "n_waypoints_completed": 0, "tot_waypoints": 9}}
{"target": -1225.9039801412387, "params": {"k_pid_pos": [2.0, 1.0, 0.8702049255371094], "k_pid_alt": [1.9774560928344727, 0.9745926856994629, 1.0], "k_pid_att": [5.929383754730225, 0.6378669142723083, 0.0], "k_pid_yaw": [0.5, 1e-06, 0.1], "k_pid_hsp": [10.0, 0.0, 0.04045665264129639], "k_pid_vsp": [400.0, 351.9726257324219, 400.0]}, "datetime": {"datetime": "2025-08-11 18:59:39", "elapsed": 9258.973435878754, "delta": 29.82910943031311}, "costs": {"total_cost": 1225.9039801412387, "time_cost": 150, "final_distance_cost": 56.203238792111165, "oscillation_cost": 450.9040678645417, "completition_cost": 444.4444444444444, "overshoot_cost": 60.82499261745703, "power_cost": 33.44518581542969, "noise_cost": 30.082050607254747, "n_waypoints_completed": 5, "tot_waypoints": 9}}
{"target": -8580.042770377087, "params": {"k_pid_pos": [2.0, 0.9265007376670837, 0.9257941246032715], "k_pid_alt": [1.7513954639434814, 1.0, 0.9723506569862366], "k_pid_att": [0.0, 0.7619625329971313, 0.01805579662322998], "k_pid_yaw": [0.5, 1e-06, 0.1], "k_pid_hsp": [10.0, 0.08186271786689758, 0.0], "k_pid_vsp": [390.31976318359375, 390.5820007324219, 391.6441650390625]}, "datetime": {"datetime": "2025-08-11 19:00:09", "elapsed": 9289.287367582321, "delta": 30.313931703567505}, "costs": {"total_cost": 8580.042770377087, "time_cost": 150, "final_distance_cost": 2100.4695939173616, "oscillation_cost": 2197.517112289874, "completition_cost": 1000.0, "overshoot_cost": 2899.4073263958408, "power_cost": 57.417765124511725, "noise_cost": 175.23097264950087, "n_waypoints_completed": 0, "tot_waypoints": 9}}
{"target": -1241.301139583747, "params": {"k_pid_pos": [2.0, 0.9968506693840027, 0.9544370770454407], "k_pid_alt": [1.9110187292099, 1.0, 0.987611711025238], "k_pid_att": [7.2153000831604, 9.999999747378752e-05, 0.0], "k_pid_yaw": [0.5, 1e-06, 0.1], "k_pid_hsp": [10.0, 0.0, 0.0], "k_pid_vsp": [400.0, 400.0, 393.1185302734375]}, "datetime": {"datetime": "2025-08-11 19:00:39", "elapsed": 9319.179451942444, "delta": 29.89208436012268}, "costs": {"total_cost": 1241.301139583747, "time_cost": 150, "final_distance_cost": 56.555496565507305, "oscillation_cost": 457.64862438515115, "completition_cost": 444.4444444444444, "overshoot_cost": 71.53672977523813, "power_cost": 31.66075788574219, "noise_cost": 29.455086527663653, "n_waypoints_completed": 5, "tot_waypoints": 9}}
{"target": -1654.8104120153894, "params": {"k_pid_pos": [1.8564397096633911, 0.9419635534286499, 0.8841195702552795], "k_pid_alt": [2.0, 1.0, 1.0], "k_pid_att": [1.4334648847579956, 0.7224379181861877, 0.012825548648834229], "k_pid_yaw": [0.5, 1e-06, 0.1], "k_pid_hsp": [9.882328987121582, 0.0, 0.0], "k_pid_vsp": [400.0, 400.0, 400.0]}, "datetime": {"datetime": "2025-08-11 19:01:10", "elapsed": 9349.731774568558, "delta": 30.55232262611389}, "costs": {"total_cost": 1654.8104120153894, "time_cost": 150, "final_distance_cost": 20.60334931537393, "oscillation_cost": 318.581667669287, "completition_cost": 1000.0, "overshoot_cost": 107.02011296295396, "power_cost": 31.763952929687502, "noise_cost": 26.841329138086852, "n_waypoints_completed": 0, "tot_waypoints": 9}}
{"target": -1588.4452409102387, "params": {"k_pid_pos": [1.9494775533676147, 0.9946951270103455, 0.9780892729759216], "k_pid_alt": [1.9651485681533813, 1.0, 1.0], "k_pid_att": [4.05508279800415, 9.999999747378752e-05, 0.0], "k_pid_yaw": [0.5, 1e-06, 0.1], "k_pid_hsp": [9.943401336669922, 0.0, 0.0], "k_pid_vsp": [381.6809997558594, 400.0, 400.0]}, "datetime": {"datetime": "2025-08-11 19:01:40", "elapsed": 9379.870346546173, "delta": 30.138571977615356}, "costs": {"total_cost": 1588.4452409102387, "time_cost": 150, "final_distance_cost": 85.20226876600304, "oscillation_cost": 444.1076041633357, "completition_cost": 777.7777777777778, "overshoot_cost": 71.50408274807283, "power_cost": 32.18929948730469, "noise_cost": 27.6642079677448, "n_waypoints_completed": 2, "tot_waypoints": 9}}
{"target": -1026.9451223024757, "params": {"k_pid_pos": [2.0, 1.0, 1.0], "k_pid_alt": [1.846603512763977, 0.9521121978759766, 1.0], "k_pid_att": [0.7574200630187988, 0.01807061955332756, 0.017366498708724976], "k_pid_yaw": [0.5, 1e-06, 0.1], "k_pid_hsp": [9.961127281188965, 0.01069226861000061, 0.03594979643821716], "k_pid_vsp": [349.7301025390625, 400.0, 400.0]}, "datetime": {"datetime": "2025-08-11 19:02:10", "elapsed": 9410.168781280518, "delta": 30.298434734344482}, "costs": {"total_cost": 1026.9451223024757, "time_cost": 150, "final_distance_cost": 44.905423173950005, "oscillation_cost": 139.1497948003186, "completition_cost": 555.5555555555555, "overshoot_cost": 73.85490620411042, "power_cost": 33.46644110107422, "noise_cost": 30.013001467466875, "n_waypoints_completed": 4, "tot_waypoints": 9}}
{"target": -1484.403797655433, "params": {"k_pid_pos": [2.0, 1.0, 1.0], "k_pid_alt": [1.9749866724014282, 1.0, 1.0], "k_pid_att": [6.254071235656738, 9.999999747378752e-05, 0.0], "k_pid_yaw": [0.5, 1e-06, 0.1], "k_pid_hsp": [9.50286865234375, 0.0, 0.0], "k_pid_vsp": [400.0, 393.1446838378906, 400.0]}, "datetime": {"datetime": "2025-08-11 19:02:40", "elapsed": 9440.34005689621, "delta": 30.17127561569214}, "costs": {"total_cost": 1484.403797655433, "time_cost": 150, "final_distance_cost": 51.64112367708448, "oscillation_cost": 479.28147474489487, "completition_cost": 666.6666666666667, "overshoot_cost": 74.01572314747261, "power_cost": 32.836361352539065, "noise_cost": 29.962448066775295, "n_waypoints_completed": 3, "tot_waypoints": 9}}
{"target": -1193.57216469641, "params": {"k_pid_pos": [1.9537495374679565, 0.9015239477157593, 0.9627788066864014], "k_pid_alt": [2.0, 1.0, 0.9525647163391113], "k_pid_att": [4.287657260894775, 9.999999747378752e-05, 0.0], "k_pid_yaw": [0.5, 1e-06, 0.1], "k_pid_hsp": [10.0, 0.015190035104751587, 0.013601690530776978], "k_pid_vsp": [373.57855224609375, 392.07672119140625, 377.701416015625]}, "datetime": {"datetime": "2025-08-11 19:03:11", "elapsed": 9470.867237329483, "delta": 30.527180433273315}, "costs": {"total_cost": 1193.57216469641, "time_cost": 150, "final_distance_cost": 50.6784518152202, "oscillation_cost": 417.9664474941377, "completition_cost": 444.4444444444444, "overshoot_cost": 68.6640774273795, "power_cost": 32.462375671386724, "noise_cost": 29.3563678438415, "n_waypoints_completed": 5, "tot_waypoints": 9}}
{"target": -8174.107828751794, "params": {"k_pid_pos": [2.0, 1.0, 0.9979177713394165], "k_pid_alt": [2.0, 1.0, 0.880558967590332], "k_pid_att": [0.0, 9.999999747378752e-05, 0.0], "k_pid_yaw": [0.5, 1e-06, 0.1], "k_pid_hsp": [9.489286422729492, 0.03834715485572815, 0.0], "k_pid_vsp": [367.6967468261719, 400.0, 381.9330749511719]}, "datetime": {"datetime": "2025-08-11 19:03:41", "elapsed": 9501.116002559662, "delta": 30.248765230178833}, "costs": {"total_cost": 8174.107828751794, "time_cost": 150, "final_distance_cost": 948.4863207158583, "oscillation_cost": 14.778722417560404, "completition_cost": 1000.0, "overshoot_cost": 5922.273353411902, "power_cost": 44.3632736328125, "noise_cost": 94.20615857366127, "n_waypoints_completed": 0, "tot_waypoints": 9}}
{"target": -7992.970508513177, "params": {"k_pid_pos": [2.0, 0.9968405961990356, 0.9317305088043213], "k_pid_alt": [1.9394595623016357, 1.0, 1.0], "k_pid_att": [0.0, 9.999999747378752e-05, 0.0], "k_pid_yaw": [0.5, 1e-06, 0.1], "k_pid_hsp": [10.0, 0.04719844460487366, 0.05959746241569519], "k_pid_vsp": [400.0, 398.2099304199219, 378.716796875]}, "datetime": {"datetime": "2025-08-11 19:04:11", "elapsed": 9531.178255081177, "delta": 30.062252521514893}, "costs": {"total_cost": 7992.970508513177, "time_cost": 150, "final_distance_cost": 233.87587598530558, "oscillation_cost": 15.172036957876484, "completition_cost": 1000.0, "overshoot_cost": 6450.392605522056, "power_cost": 48.351050317382814, "noise_cost": 95.1789397305557, "n_waypoints_completed": 0, "tot_waypoints": 9}}
{"target": -1195.070146555934, "params": {"k_pid_pos": [1.9811956882476807, 0.984014630317688, 1.0], "k_pid_alt": [2.0, 1.0, 1.0], "k_pid_att": [4.495563983917236, 1.1048222780227661, 0.008946806192398071], "k_pid_yaw": [0.5, 1e-06, 0.1], "k_pid_hsp": [10.0, 0.0, 0.0], "k_pid_vsp": [396.68267822265625, 399.6166687011719, 377.61212158203125]}, "datetime": {"datetime": "2025-08-11 19:04:42", "elapsed": 9561.63406586647, "delta": 30.45581078529358}, "costs": {"total_cost": 1195.070146555934, "time_cost": 150, "final_distance_cost": 49.236360198574715, "oscillation_cost": 426.79547622921615, "completition_cost": 444.4444444444444, "overshoot_cost": 63.2216768826947, "power_cost": 32.202480236816406, "noise_cost": 29.169708564187353, "n_waypoints_completed": 5, "tot_waypoints": 9}}
