{"target": -1106.5017310401877, "params": {"k_pid_pos": [2.0, 1.0, 0.9683752059936523], "k_pid_alt": [1.959240198135376, 0.9447973966598511, 1.0], "k_pid_att": [5.240660667419434, 0.4179789125919342, 0.0], "k_pid_yaw": [0.5, 1e-06, 0.1], "k_pid_hsp": [9.50286865234375, 0.0, 0.0], "k_pid_vsp": [400.0, 400.0, 385.1145324707031]}, "datetime": {"datetime": "2025-08-11 21:39:52", "elapsed": 18871.9821870327, "delta": 30.022238731384277}, "costs": {"total_cost": 1106.5017310401877, "time_cost": 150, "final_distance_cost": 63.90153668768109, "oscillation_cost": 432.104778531633, "completition_cost": 333.33333333333337, "overshoot_cost": 65.58629177614014, "power_cost": 32.160108544921876, "noise_cost": 29.415682166478156, "n_waypoints_completed": 6, "tot_waypoints": 9}}
{"target": -5149.9354741595735, "params": {"k_pid_pos": [1.8837772607803345, 0.9328873157501221, 1.0], "k_pid_alt": [2.0, 0.9429893493652344, 1.0], "k_pid_att": [0.0, 0.7601445913314819, 0.0], "k_pid_yaw": [0.5, 1e-06, 0.1], "k_pid_hsp": [9.759254455566406, 0.026665985584259033, 0.0], "k_pid_vsp": [397.58514404296875, 391.8996887207031, 400.0]}, "datetime": {"datetime": "2025-08-11 21:40:23", "elapsed": 18902.547711849213, "delta": 30.56552481651306}, "costs": {"total_cost": 5149.9354741595735, "time_cost": 150, "final_distance_cost": 412.4245475886462, "oscillation_cost": 2271.9667464776894, "completition_cost": 1000.0, "overshoot_cost": 1083.00018437279, "power_cost": 57.32771842041016, "noise_cost": 175.2162773000385, "n_waypoints_completed": 0, "tot_waypoints": 9}}
{"target": -4694.407486968695, "params": {"k_pid_pos": [2.0, 1.0, 1.0], "k_pid_alt": [1.9842233657836914, 0.9528355598449707, 1.0], "k_pid_att": [0.0, 9.999999747378752e-05, 0.03762105107307434], "k_pid_yaw": [0.5, 1e-06, 0.1], "k_pid_hsp": [10.0, 0.03437289595603943, 0.04372847080230713], "k_pid_vsp": [400.0, 383.05242919921875, 400.0]}, "datetime": {"datetime": "2025-08-11 21:40:53", "elapsed": 18932.60136938095, "delta": 30.05365753173828}, "costs": {"total_cost": 4694.407486968695, "time_cost": 150, "final_distance_cost": 111.75136249226688, "oscillation_cost": 5.279389036340716, "completition_cost": 1000.0, "overshoot_cost": 3329.387218553875, "power_cost": 30.878953186035158, "noise_cost": 67.1105637001772, "n_waypoints_completed": 0, "tot_waypoints": 9}}
{"target": -1291.5776522100077, "params": {"k_pid_pos": [2.0, 1.0, 0.9795922040939331], "k_pid_alt": [1.979596495628357, 1.0, 1.0], "k_pid_att": [3.7463040351867676, 0.23152224719524384, 0.0], "k_pid_yaw": [0.5, 1e-06, 0.1], "k_pid_hsp": [10.0, 0.011421799659729004, 0.0], "k_pid_vsp": [375.5891418457031, 400.0, 379.38555908203125]}, "datetime": {"datetime": "2025-08-11 21:41:24", "elapsed": 18963.61437869072, "delta": 31.013009309768677}, "costs": {"total_cost": 1291.5776522100077, "time_cost": 150, "final_distance_cost": 42.212942496333305, "oscillation_cost": 412.4893612682855, "completition_cost": 555.5555555555555, "overshoot_cost": 70.49865119711697, "power_cost": 33.06074490966797, "noise_cost": 27.760396783048478, "n_waypoints_completed": 4, "tot_waypoints": 9}}
{"target": -7486.925995185361, "params": {"k_pid_pos": [1.97054922580719, 1.0, 1.0], "k_pid_alt": [1.9954074621200562, 0.9511572122573853, 0.9717124700546265], "k_pid_att": [0.0, 9.999999747378752e-05, 0.008982956409454346], "k_pid_yaw": [0.5, 1e-06, 0.1], "k_pid_hsp": [10.0, 0.00023832917213439941, 0.08249807357788086], "k_pid_vsp": [400.0, 400.0, 400.0]}, "datetime": {"datetime": "2025-08-11 21:41:54", "elapsed": 18993.708611488342, "delta": 30.09423279762268}, "costs": {"total_cost": 7486.925995185361, "time_cost": 150, "final_distance_cost": 2451.4009236075835, "oscillation_cost": 8.85632447853548, "completition_cost": 1000.0, "overshoot_cost": 3767.983910902586, "power_cost": 35.514609521484374, "noise_cost": 73.17022667517136, "n_waypoints_completed": 0, "tot_waypoints": 9}}
{"target": -626.5547358908316, "params": {"k_pid_pos": [2.0, 0.9413968324661255, 1.0], "k_pid_alt": [1.9835362434387207, 0.9874366521835327, 0.9468122720718384], "k_pid_att": [0.663149356842041, 0.6753584742546082, 0.0], "k_pid_yaw": [0.5, 1e-06, 0.1], "k_pid_hsp": [9.865470886230469, 0.025125175714492798, 0.0], "k_pid_vsp": [387.7580871582031, 400.0, 400.0]}, "datetime": {"datetime": "2025-08-11 21:42:24", "elapsed": 19023.70480656624, "delta": 29.996195077896118}, "costs": {"total_cost": 626.5547358908316, "time_cost": 150, "final_distance_cost": 7.620165428492534, "oscillation_cost": 226.0301014014333, "completition_cost": 111.11111111111116, "overshoot_cost": 63.925236126577154, "power_cost": 36.53721746826172, "noise_cost": 31.330904354955724, "n_waypoints_completed": 8, "tot_waypoints": 9}}
{"target": -4985.565889904881, "params": {"k_pid_pos": [2.0, 1.0, 0.9791291952133179], "k_pid_alt": [1.7595500946044922, 0.997583270072937, 1.0], "k_pid_att": [0.0, 0.19228729605674744, 0.014292210340499878], "k_pid_yaw": [0.5, 1e-06, 0.1], "k_pid_hsp": [10.0, 0.00015586614608764648, 0.0], "k_pid_vsp": [400.0, 400.0, 399.4127502441406]}, "datetime": {"datetime": "2025-08-11 21:42:55", "elapsed": 19054.99736714363, "delta": 31.292560577392578}, "costs": {"total_cost": 4985.565889904881, "time_cost": 150, "final_distance_cost": 367.71580562417597, "oscillation_cost": 1014.5621019252823, "completition_cost": 1000.0, "overshoot_cost": 2228.191156580131, "power_cost": 57.39834411621094, "noise_cost": 167.69848165908115, "n_waypoints_completed": 0, "tot_waypoints": 9}}
{"target": -4643.353792196265, "params": {"k_pid_pos": [2.0, 0.9026778936386108, 0.9341464042663574], "k_pid_alt": [2.0, 0.8894392848014832, 1.0], "k_pid_att": [0.0, 0.31058284640312195, 0.036680370569229126], "k_pid_yaw": [0.5, 1e-06, 0.1], "k_pid_hsp": [10.0, 0.0, 0.0017285048961639404], "k_pid_vsp": [400.0, 400.0, 400.0]}, "datetime": {"datetime": "2025-08-11 21:43:26", "elapsed": 19085.451592683792, "delta": 30.454225540161133}, "costs": {"total_cost": 4643.353792196265, "time_cost": 150, "final_distance_cost": 265.85312250354025, "oscillation_cost": 1232.8935499767058, "completition_cost": 1000.0, "overshoot_cost": 1766.6490154860342, "power_cost": 57.85297333984375, "noise_cost": 170.10513089014106, "n_waypoints_completed": 0, "tot_waypoints": 9}}
{"target": -1754.0342839053083, "params": {"k_pid_pos": [2.0, 0.9422797560691833, 1.0], "k_pid_alt": [2.0, 0.9113750457763672, 0.9568931460380554], "k_pid_att": [3.0797510147094727, 0.09159161895513535, 0.05989846587181091], "k_pid_yaw": [0.5, 1e-06, 0.1], "k_pid_hsp": [10.0, 0.007624238729476929, 0.0], "k_pid_vsp": [400.0, 393.5836486816406, 397.6875915527344]}, "datetime": {"datetime": "2025-08-11 21:43:56", "elapsed": 19116.2108001709, "delta": 30.759207487106323}, "costs": {"total_cost": 1754.0342839053083, "time_cost": 150, "final_distance_cost": 0.998434029580092, "oscillation_cost": 309.9713958345412, "completition_cost": 1000.0, "overshoot_cost": 159.58004150515708, "power_cost": 29.504210681152344, "noise_cost": 103.98020185487756, "n_waypoints_completed": 0, "tot_waypoints": 9}}
{"target": -8376.398431401103, "params": {"k_pid_pos": [1.9627368450164795, 1.0, 0.9901620745658875], "k_pid_alt": [2.0, 1.0, 0.9486721754074097], "k_pid_att": [0.0, 9.999999747378752e-05, 0.008619725704193115], "k_pid_yaw": [0.5, 1e-06, 0.1], "k_pid_hsp": [10.0, 0.0, 0.0], "k_pid_vsp": [400.0, 397.4322204589844, 400.0]}, "datetime": {"datetime": "2025-08-11 21:44:27", "elapsed": 19147.3507437706, "delta": 31.139943599700928}, "costs": {"total_cost": 8376.398431401103, "time_cost": 150, "final_distance_cost": 2133.4675900302213, "oscillation_cost": 10.093833988686159, "completition_cost": 1000.0, "overshoot_cost": 4970.946810544741, "power_cost": 40.57586748046875, "noise_cost": 71.31432935698557, "n_waypoints_completed": 0, "tot_waypoints": 9}}
{"target": -8235.42796863957, "params": {"k_pid_pos": [2.0, 1.0, 1.0], "k_pid_alt": [1.843627691268921, 1.0, 0.9729591012001038], "k_pid_att": [0.0, 9.999999747378752e-05, 0.0], "k_pid_yaw": [0.5, 1e-06, 0.1], "k_pid_hsp": [10.0, 0.02563101053237915, 0.0], "k_pid_vsp": [400.0, 386.38970947265625, 398.6394958496094]}, "datetime": {"datetime": "2025-08-11 21:44:58", "elapsed": 19177.501356124878, "delta": 30.150612354278564}, "costs": {"total_cost": 8235.42796863957, "time_cost": 150, "final_distance_cost": 992.1529362206112, "oscillation_cost": 14.817127286242798, "completition_cost": 1000.0, "overshoot_cost": 5939.6489590064375, "power_cost": 44.66071684570313, "noise_cost": 94.14822928057447, "n_waypoints_completed": 0, "tot_waypoints": 9}}
{"target": -1806.358030059267, "params": {"k_pid_pos": [1.8779364824295044, 1.0, 0.9686886668205261], "k_pid_alt": [1.9321913719177246, 1.0, 0.9828174114227295], "k_pid_att": [3.0381381511688232, 9.999999747378752e-05, 0.036664992570877075], "k_pid_yaw": [0.5, 1e-06, 0.1], "k_pid_hsp": [10.0, 0.06449064612388611, 0.0], "k_pid_vsp": [400.0, 394.72479248046875, 400.0]}, "datetime": {"datetime": "2025-08-11 21:45:28", "elapsed": 19208.349528312683, "delta": 30.848172187805176}, "costs": {"total_cost": 1806.358030059267, "time_cost": 150, "final_distance_cost": 0.9992587032238724, "oscillation_cost": 365.33089852574085, "completition_cost": 1000.0, "overshoot_cost": 159.12289528302657, "power_cost": 29.35334489746094, "noise_cost": 101.55163264981505, "n_waypoints_completed": 0, "tot_waypoints": 9}}
{"target": -7999.457520357752, "params": {"k_pid_pos": [1.9923675060272217, 0.9775385856628418, 1.0], "k_pid_alt": [1.9066767692565918, 1.0, 1.0], "k_pid_att": [0.0, 9.999999747378752e-05, 0.0], "k_pid_yaw": [0.5, 1e-06, 0.1], "k_pid_hsp": [10.0, 0.0, 0.013853967189788818], "k_pid_vsp": [400.0, 398.90948486328125, 400.0]}, "datetime": {"datetime": "2025-08-11 21:45:59", "elapsed": 19238.87648510933, "delta": 30.526956796646118}, "costs": {"total_cost": 7999.457520357752, "time_cost": 150, "final_distance_cost": 840.2535829766033, "oscillation_cost": 14.76488726209339, "completition_cost": 1000.0, "overshoot_cost": 5856.071054885543, "power_cost": 44.46315698242188, "noise_cost": 93.90483825109075, "n_waypoints_completed": 0, "tot_waypoints": 9}}
{"target": -1803.1930669026356, "params": {"k_pid_pos": [2.0, 1.0, 0.9507667422294617], "k_pid_alt": [1.8318564891815186, 0.9879583120346069, 0.9597189426422119], "k_pid_att": [5.256277084350586, 0.1626003086566925, 0.03496783971786499], "k_pid_yaw": [0.5, 1e-06, 0.1], "k_pid_hsp": [10.0, 0.08435481786727905, 0.0], "k_pid_vsp": [400.0, 400.0, 386.1700134277344]}, "datetime": {"datetime": "2025-08-11 21:46:30", "elapsed": 19270.24071073532, "delta": 31.36422562599182}, "costs": {"total_cost": 1803.1930669026356, "time_cost": 150, "final_distance_cost": 21.21057373495668, "oscillation_cost": 461.4483649405613, "completition_cost": 1000.0, "overshoot_cost": 112.04846188229, "power_cost": 30.975805041503907, "noise_cost": 27.50986130332358, "n_waypoints_completed": 0, "tot_waypoints": 9}}
{"target": -5326.3534960667, "params": {"k_pid_pos": [2.0, 1.0, 1.0], "k_pid_alt": [2.0, 0.9644470810890198, 0.9402897357940674], "k_pid_att": [0.0, 0.2196035236120224, 0.0], "k_pid_yaw": [0.5, 1e-06, 0.1], "k_pid_hsp": [10.0, 0.08008036017417908, 0.0], "k_pid_vsp": [400.0, 365.3509521484375, 400.0]}, "datetime": {"datetime": "2025-08-11 21:47:01", "elapsed": 19300.934145212173, "delta": 30.693434476852417}, "costs": {"total_cost": 5326.3534960667, "time_cost": 150, "final_distance_cost": 1167.9797150172521, "oscillation_cost": 1144.9500844314289, "completition_cost": 1000.0, "overshoot_cost": 1634.4333343523776, "power_cost": 57.555860961914064, "noise_cost": 171.4345013037278, "n_waypoints_completed": 0, "tot_waypoints": 9}}
{"target": -5552.487939206855, "params": {"k_pid_pos": [2.0, 0.9553368091583252, 1.0], "k_pid_alt": [1.9431997537612915, 0.9463740587234497, 0.9610493779182434], "k_pid_att": [0.0, 9.999999747378752e-05, 0.01951420307159424], "k_pid_yaw": [0.5, 1e-06, 0.1], "k_pid_hsp": [10.0, 0.08347716927528381, 0.07764813303947449], "k_pid_vsp": [367.8291320800781, 377.83197021484375, 400.0]}, "datetime": {"datetime": "2025-08-11 21:47:32", "elapsed": 19331.43749308586, "delta": 30.503347873687744}, "costs": {"total_cost": 5552.487939206855, "time_cost": 150, "final_distance_cost": 1296.941633741897, "oscillation_cost": 6.347311919751759, "completition_cost": 1000.0, "overshoot_cost": 2983.0450846878125, "power_cost": 31.039586840820313, "noise_cost": 85.11432201657429, "n_waypoints_completed": 0, "tot_waypoints": 9}}
{"target": -5032.781340063814, "params": {"k_pid_pos": [1.8015176057815552, 1.0, 1.0], "k_pid_alt": [2.0, 1.0, 0.9708462953567505], "k_pid_att": [0.0, 9.999999747378752e-05, 0.031810104846954346], "k_pid_yaw": [0.5, 1e-06, 0.1], "k_pid_hsp": [10.0, 0.0, 0.10133635997772217], "k_pid_vsp": [400.0, 400.0, 393.3686828613281]}, "datetime": {"datetime": "2025-08-11 21:48:03", "elapsed": 19362.673778533936, "delta": 31.23628544807434}, "costs": {"total_cost": 5032.781340063814, "time_cost": 150, "final_distance_cost": 693.0216395238107, "oscillation_cost": 5.48278738798463, "completition_cost": 1000.0, "overshoot_cost": 3101.843539743558, "power_cost": 31.362078625488284, "noise_cost": 51.07129478297284, "n_waypoints_completed": 0, "tot_waypoints": 9}}
{"target": -1145.7745901263313, "params": {"k_pid_pos": [1.8414055109024048, 1.0, 0.921312689781189], "k_pid_alt": [2.0, 0.9717401266098022, 0.9668854475021362], "k_pid_att": [7.349264621734619, 0.5434684157371521, 0.0], "k_pid_yaw": [0.5, 1e-06, 0.1], "k_pid_hsp": [10.0, 0.0, 0.0016588270664215088], "k_pid_vsp": [400.0, 390.7400817871094, 400.0]}, "datetime": {"datetime": "2025-08-11 21:48:33", "elapsed": 19392.720908880234, "delta": 30.047130346298218}, "costs": {"total_cost": 1145.7745901263313, "time_cost": 150, "final_distance_cost": 63.48176824751853, "oscillation_cost": 467.9292637023957, "completition_cost": 333.33333333333337, "overshoot_cost": 68.15963746736493, "power_cost": 33.028712500000005, "noise_cost": 29.841874875718815, "n_waypoints_completed": 6, "tot_waypoints": 9}}
{"target": -1818.5179157339558, "params": {"k_pid_pos": [2.0, 1.0, 0.9553602933883667], "k_pid_alt": [1.9033130407333374, 1.0, 1.0], "k_pid_att": [4.951056957244873, 0.044830456376075745, 0.027634024620056152], "k_pid_yaw": [0.5, 1e-06, 0.1], "k_pid_hsp": [9.761207580566406, 0.01056787371635437, 0.022523224353790283], "k_pid_vsp": [346.87432861328125, 400.0, 400.0]}, "datetime": {"datetime": "2025-08-11 21:49:03", "elapsed": 19423.013364076614, "delta": 30.292455196380615}, "costs": {"total_cost": 1818.5179157339558, "time_cost": 150, "final_distance_cost": 30.450280257029966, "oscillation_cost": 483.4037435852793, "completition_cost": 1000.0, "overshoot_cost": 97.46045885421177, "power_cost": 30.437146630859377, "noise_cost": 26.766286406575254, "n_waypoints_completed": 0, "tot_waypoints": 9}}
{"target": -5335.596539549384, "params": {"k_pid_pos": [2.0, 1.0, 1.0], "k_pid_alt": [1.9892876148223877, 0.9505045413970947, 1.0], "k_pid_att": [0.0, 0.20907030999660492, 0.0], "k_pid_yaw": [0.5, 1e-06, 0.1], "k_pid_hsp": [9.785404205322266, 0.06276276707649231, 0.06083062291145325], "k_pid_vsp": [385.540283203125, 400.0, 388.6437072753906]}, "datetime": {"datetime": "2025-08-11 21:49:33", "elapsed": 19453.263387203217, "delta": 30.250023126602173}, "costs": {"total_cost": 5335.596539549384, "time_cost": 150, "final_distance_cost": 1166.7990196566075, "oscillation_cost": 1193.238475361565, "completition_cost": 1000.0, "overshoot_cost": 1595.474891596349, "power_cost": 57.81058138427735, "noise_cost": 172.27357155058493, "n_waypoints_completed": 0, "tot_waypoints": 9}}
{"target": -3090.4925807696836, "params": {"k_pid_pos": [2.0, 0.9261274337768555, 1.0], "k_pid_alt": [2.0, 1.0, 1.0], "k_pid_att": [0.0, 9.999999747378752e-05, 0.06595182418823242], "k_pid_yaw": [0.5, 1e-06, 0.1], "k_pid_hsp": [9.491121292114258, 0.01965433359146118, 0.08121100068092346], "k_pid_vsp": [400.0, 385.38836669921875, 399.40576171875]}, "datetime": {"datetime": "2025-08-11 21:50:05", "elapsed": 19484.42194533348, "delta": 31.158558130264282}, "costs": {"total_cost": 3090.4925807696836, "time_cost": 150, "final_distance_cost": 201.21785444179866, "oscillation_cost": 4.507146501748928, "completition_cost": 1000.0, "overshoot_cost": 1598.4638089351913, "power_cost": 29.872263317871095, "noise_cost": 106.43150757307401, "n_waypoints_completed": 0, "tot_waypoints": 9}}
{"target": -1062.5020889597101, "params": {"k_pid_pos": [1.9104583263397217, 0.985374927520752, 1.0], "k_pid_alt": [1.9793004989624023, 0.976188063621521, 1.0], "k_pid_att": [3.5353481769561768, 0.33037108182907104, 0.0], "k_pid_yaw": [0.5, 1e-06, 0.1], "k_pid_hsp": [10.0, 0.0, 0.05635613203048706], "k_pid_vsp": [400.0, 400.0, 391.2523498535156]}, "datetime": {"datetime": "2025-08-11 21:50:34", "elapsed": 19514.312858343124, "delta": 29.890913009643555}, "costs": {"total_cost": 1062.5020889597101, "time_cost": 150, "final_distance_cost": 63.71817546147573, "oscillation_cost": 383.26338199528067, "completition_cost": 333.33333333333337, "overshoot_cost": 68.50665729470894, "power_cost": 33.974385705566405, "noise_cost": 29.706155169344953, "n_waypoints_completed": 6, "tot_waypoints": 9}}
{"target": -2171.2803906934582, "params": {"k_pid_pos": [2.0, 1.0, 1.0], "k_pid_alt": [2.0, 0.9947119951248169, 0.9453544020652771], "k_pid_att": [0.0, 9.999999747378752e-05, 0.1058729887008667], "k_pid_yaw": [0.5, 1e-06, 0.1], "k_pid_hsp": [9.625214576721191, 0.0, 0.0], "k_pid_vsp": [368.796875, 400.0, 400.0]}, "datetime": {"datetime": "2025-08-11 21:51:06", "elapsed": 19545.920363664627, "delta": 31.607505321502686}, "costs": {"total_cost": 2171.2803906934582, "time_cost": 150, "final_distance_cost": 239.02272676965322, "oscillation_cost": 2.6650551915244147, "completition_cost": 1000.0, "overshoot_cost": 636.6401088240347, "power_cost": 29.207584899902344, "noise_cost": 113.74491500834343, "n_waypoints_completed": 0, "tot_waypoints": 9}}
{"target": -1294.5916535816152, "params": {"k_pid_pos": [2.0, 1.0, 0.9782392382621765], "k_pid_alt": [2.0, 0.9842051863670349, 0.9764032959938049], "k_pid_att": [0.13602077960968018, 9.999999747378752e-05, 0.018475621938705444], "k_pid_yaw": [0.5, 1e-06, 0.1], "k_pid_hsp": [9.767472267150879, 0.03867608308792114, 0.03549298644065857], "k_pid_vsp": [398.5636291503906, 400.0, 374.7442321777344]}, "datetime": {"datetime": "2025-08-11 21:51:36", "elapsed": 19576.311270475388, "delta": 30.390906810760498}, "costs": {"total_cost": 1294.5916535816152, "time_cost": 150, "final_distance_cost": 65.9297765256573, "oscillation_cost": 66.9815254103718, "completition_cost": 888.8888888888888, "overshoot_cost": 60.11674034722275, "power_cost": 33.5552055053711, "noise_cost": 29.11951690410338, "n_waypoints_completed": 1, "tot_waypoints": 9}}
{"target": -5793.847906556783, "params": {"k_pid_pos": [1.979893684387207, 1.0, 1.0], "k_pid_alt": [1.9388997554779053, 1.0, 0.9563948512077332], "k_pid_att": [0.0, 0.1977953016757965, 0.046993404626846313], "k_pid_yaw": [0.5, 1e-06, 0.1], "k_pid_hsp": [9.626932144165039, 0.0, 0.0], "k_pid_vsp": [389.1045837402344, 393.6776428222656, 400.0]}, "datetime": {"datetime": "2025-08-11 21:52:07", "elapsed": 19607.240214586258, "delta": 30.92894411087036}, "costs": {"total_cost": 5793.847906556783, "time_cost": 150, "final_distance_cost": 930.1318336301597, "oscillation_cost": 807.9407612642727, "completition_cost": 1000.0, "overshoot_cost": 2681.5513146447356, "power_cost": 57.348303149414065, "noise_cost": 166.8756938682003, "n_waypoints_completed": 0, "tot_waypoints": 9}}
{"target": -1668.0424607742991, "params": {"k_pid_pos": [2.0, 0.991106390953064, 0.9961179494857788], "k_pid_alt": [1.8342411518096924, 0.929759681224823, 1.0], "k_pid_att": [1.8816590309143066, 9.999999747378752e-05, 0.05368071794509888], "k_pid_yaw": [0.5, 1e-06, 0.1], "k_pid_hsp": [10.0, 0.0, 0.006263017654418945], "k_pid_vsp": [400.0, 331.39111328125, 400.0]}, "datetime": {"datetime": "2025-08-11 21:52:39", "elapsed": 19638.677639961243, "delta": 31.43742537498474}, "costs": {"total_cost": 1668.0424607742991, "time_cost": 150, "final_distance_cost": 0.9996297898509193, "oscillation_cost": 223.24007132200026, "completition_cost": 1000.0, "overshoot_cost": 160.47206229421073, "power_cost": 29.21926700439453, "noise_cost": 104.11143036384257, "n_waypoints_completed": 0, "tot_waypoints": 9}}
{"target": -1391.5232108709367, "params": {"k_pid_pos": [2.0, 1.0, 0.9879109859466553], "k_pid_alt": [2.0, 0.9097957611083984, 0.9377918243408203], "k_pid_att": [3.0161590576171875, 0.3247906565666199, 0.0015340447425842285], "k_pid_yaw": [0.5, 1e-06, 0.1], "k_pid_hsp": [9.17956256866455, 0.016456156969070435, 0.021451175212860107], "k_pid_vsp": [388.18310546875, 393.4883728027344, 400.0]}, "datetime": {"datetime": "2025-08-11 21:53:10", "elapsed": 19669.44481420517, "delta": 30.767174243927002}, "costs": {"total_cost": 1391.5232108709367, "time_cost": 150, "final_distance_cost": 53.6233313507656, "oscillation_cost": 388.1617686188669, "completition_cost": 666.6666666666667, "overshoot_cost": 73.93901600593279, "power_cost": 31.844303125000003, "noise_cost": 27.28812510370487, "n_waypoints_completed": 3, "tot_waypoints": 9}}
