{"target": -988.0443889877083, "params": {"k_pid_pos": [2.0, 0.9072195291519165, 1.0], "k_pid_alt": [1.9539908170700073, 1.0, 1.0], "k_pid_att": [0.37101805210113525, 9.999999747378752e-05, 0.0], "k_pid_yaw": [0.5, 1e-06, 0.1], "k_pid_hsp": [10.0, 0.04105207324028015, 0.1389322280883789], "k_pid_vsp": [383.6315612792969, 387.5033264160156, 400.0]}, "datetime": {"datetime": "2025-08-12 13:22:15", "elapsed": 75414.88640451431, "delta": 29.592338800430298}, "costs": {"total_cost": 988.0443889877083, "time_cost": 150, "final_distance_cost": 47.05799686057762, "oscillation_cost": 97.07473705195767, "completition_cost": 555.5555555555555, "overshoot_cost": 72.78886437272621, "power_cost": 34.95554034423828, "noise_cost": 30.61169480265306, "n_waypoints_completed": 4, "tot_waypoints": 9}}
{"target": -13537.712526878038, "params": {"k_pid_pos": [2.0, 1.0, 1.0], "k_pid_alt": [2.0, 0.9166650176048279, 1.0], "k_pid_att": [0.0, 0.49880287051200867, 0.0], "k_pid_yaw": [0.5, 1e-06, 0.1], "k_pid_hsp": [10.0, 0.03644281625747681, 0.0], "k_pid_vsp": [366.16815185546875, 400.0, 384.7254333496094]}, "datetime": {"datetime": "2025-08-12 13:22:45", "elapsed": 75444.97116112709, "delta": 30.08475661277771}, "costs": {"total_cost": 13537.712526878038, "time_cost": 150, "final_distance_cost": 3935.416108909276, "oscillation_cost": 2047.557132419067, "completition_cost": 1000.0, "overshoot_cost": 6181.149023094476, "power_cost": 54.98602442626953, "noise_cost": 168.60423802895053, "n_waypoints_completed": 0, "tot_waypoints": 9}}
{"target": -1061.5542171705497, "params": {"k_pid_pos": [2.0, 1.0, 1.0], "k_pid_alt": [1.8207290172576904, 0.9702786207199097, 1.0], "k_pid_att": [5.17791223526001, 9.999999747378752e-05, 0.1104327142238617], "k_pid_yaw": [0.5, 1e-06, 0.1], "k_pid_hsp": [10.0, 0.13313192129135132, 0.01974928379058838], "k_pid_vsp": [400.0, 400.0, 400.0]}, "datetime": {"datetime": "2025-08-12 13:23:12", "elapsed": 75472.22239136696, "delta": 27.251230239868164}, "costs": {"total_cost": 1061.5542171705497, "time_cost": 150, "final_distance_cost": 46.582543806382176, "oscillation_cost": 184.55735079273464, "completition_cost": 555.5555555555555, "overshoot_cost": 63.74916776845107, "power_cost": 31.405094836425782, "noise_cost": 29.70450441100057, "n_waypoints_completed": 4, "tot_waypoints": 9}}
{"target": -4012.8539129408477, "params": {"k_pid_pos": [1.9558244943618774, 1.0, 0.9739131331443787], "k_pid_alt": [2.0, 0.9882004261016846, 0.939736008644104], "k_pid_att": [0.0, 0.5895789861679077, 0.020525336265563965], "k_pid_yaw": [0.5, 1e-06, 0.1], "k_pid_hsp": [10.0, 0.060632914304733276, 0.0], "k_pid_vsp": [365.4463195800781, 382.3078308105469, 400.0]}, "datetime": {"datetime": "2025-08-12 13:23:43", "elapsed": 75503.25731015205, "delta": 31.034918785095215}, "costs": {"total_cost": 4012.8539129408477, "time_cost": 150, "final_distance_cost": 196.99075674541237, "oscillation_cost": 1884.453725928238, "completition_cost": 1000.0, "overshoot_cost": 551.2103864273527, "power_cost": 56.925684619140625, "noise_cost": 173.27335922070424, "n_waypoints_completed": 0, "tot_waypoints": 9}}
{"target": -6161.240650008716, "params": {"k_pid_pos": [1.8971537351608276, 1.0, 0.998407244682312], "k_pid_alt": [1.9112436771392822, 0.984843909740448, 1.0], "k_pid_att": [0.0, 9.999999747378752e-05, 0.03807148337364197], "k_pid_yaw": [0.5, 1e-06, 0.1], "k_pid_hsp": [10.0, 0.0, 0.07235956192016602], "k_pid_vsp": [400.0, 400.0, 400.0]}, "datetime": {"datetime": "2025-08-12 13:24:12", "elapsed": 75532.36630964279, "delta": 29.108999490737915}, "costs": {"total_cost": 6161.240650008716, "time_cost": 150, "final_distance_cost": 829.6367961027114, "oscillation_cost": 5.088258327644703, "completition_cost": 1000.0, "overshoot_cost": 4085.749358592057, "power_cost": 30.90612498779297, "noise_cost": 59.86011199850966, "n_waypoints_completed": 0, "tot_waypoints": 9}}
{"target": -5358.680742076833, "params": {"k_pid_pos": [2.0, 1.0, 0.9429044723510742], "k_pid_alt": [1.9357213973999023, 0.9822856187820435, 1.0], "k_pid_att": [0.0, 0.2252662181854248, 0.05012825131416321], "k_pid_yaw": [0.5, 1e-06, 0.1], "k_pid_hsp": [10.0, 0.10225272178649902, 0.0], "k_pid_vsp": [399.43560791015625, 400.0, 386.061767578125]}, "datetime": {"datetime": "2025-08-12 13:24:41", "elapsed": 75560.71549248695, "delta": 28.349182844161987}, "costs": {"total_cost": 5358.680742076833, "time_cost": 150, "final_distance_cost": 776.9503585501233, "oscillation_cost": 877.4399345660062, "completition_cost": 1000.0, "overshoot_cost": 2330.1954328637808, "power_cost": 57.345742810058596, "noise_cost": 166.74927328686388, "n_waypoints_completed": 0, "tot_waypoints": 9}}
{"target": -1658.1273976583516, "params": {"k_pid_pos": [2.0, 0.9431336522102356, 1.0], "k_pid_alt": [2.0, 0.963755190372467, 1.0], "k_pid_att": [1.4565885066986084, 9.999999747378752e-05, 0.0], "k_pid_yaw": [0.5, 1e-06, 0.1], "k_pid_hsp": [10.0, 0.0, 0.0], "k_pid_vsp": [400.0, 400.0, 400.0]}, "datetime": {"datetime": "2025-08-12 13:25:11", "elapsed": 75590.38811421394, "delta": 29.672621726989746}, "costs": {"total_cost": 1658.1273976583516, "time_cost": 150, "final_distance_cost": 35.53217441298632, "oscillation_cost": 319.60203684582547, "completition_cost": 1000.0, "overshoot_cost": 94.45026852039713, "power_cost": 31.571216821289063, "noise_cost": 26.971701057853636, "n_waypoints_completed": 0, "tot_waypoints": 9}}
{"target": -4919.33864541118, "params": {"k_pid_pos": [1.9813445806503296, 0.8914767503738403, 0.9951103329658508], "k_pid_alt": [1.9927455186843872, 1.0, 0.9863375425338745], "k_pid_att": [0.0, 0.5276184678077698, 0.0], "k_pid_yaw": [0.5, 1e-06, 0.1], "k_pid_hsp": [10.0, 0.0, 0.0], "k_pid_vsp": [398.5804443359375, 388.0539855957031, 400.0]}, "datetime": {"datetime": "2025-08-12 13:25:39", "elapsed": 75619.18807673454, "delta": 28.799962520599365}, "costs": {"total_cost": 4919.33864541118, "time_cost": 150, "final_distance_cost": 715.3925386058077, "oscillation_cost": 1831.4450465779678, "completition_cost": 1000.0, "overshoot_cost": 990.8504817894631, "power_cost": 57.554807946777345, "noise_cost": 174.09577049116442, "n_waypoints_completed": 0, "tot_waypoints": 9}}
{"target": -1344.2855091296606, "params": {"k_pid_pos": [1.913637638092041, 0.9614617228507996, 1.0], "k_pid_alt": [2.0, 0.9505772590637207, 1.0], "k_pid_att": [2.182924747467041, 0.2502712905406952, 0.0], "k_pid_yaw": [0.5, 1e-06, 0.1], "k_pid_hsp": [10.0, 0.022171974182128906, 0.026374995708465576], "k_pid_vsp": [400.0, 394.3520202636719, 400.0]}, "datetime": {"datetime": "2025-08-12 13:26:06", "elapsed": 75646.33321666718, "delta": 27.145139932632446}, "costs": {"total_cost": 1344.2855091296606, "time_cost": 150, "final_distance_cost": 52.084060131345076, "oscillation_cost": 342.3015297079795, "completition_cost": 666.6666666666667, "overshoot_cost": 72.12348141142405, "power_cost": 32.45463752441406, "noise_cost": 28.655133687830997, "n_waypoints_completed": 3, "tot_waypoints": 9}}
{"target": -14177.8010809194, "params": {"k_pid_pos": [1.9101462364196777, 1.0, 1.0], "k_pid_alt": [1.7871758937835693, 1.0, 1.0], "k_pid_att": [0.0, 0.7672663927078247, 0.020435094833374023], "k_pid_yaw": [0.5, 1e-06, 0.1], "k_pid_hsp": [10.0, 0.0, 0.0], "k_pid_vsp": [386.8616638183594, 400.0, 400.0]}, "datetime": {"datetime": "2025-08-12 13:26:37", "elapsed": 75676.42150402069, "delta": 30.088287353515625}, "costs": {"total_cost": 14177.8010809194, "time_cost": 150, "final_distance_cost": 4693.037768062922, "oscillation_cost": 2199.2184317704937, "completition_cost": 1000.0, "overshoot_cost": 5903.317436929256, "power_cost": 57.17672199707032, "noise_cost": 175.0507221596602, "n_waypoints_completed": 0, "tot_waypoints": 9}}
{"target": -1252.8686425600526, "params": {"k_pid_pos": [2.0, 1.0, 1.0], "k_pid_alt": [1.8222705125808716, 0.997945249080658, 0.9063255786895752], "k_pid_att": [0.18538832664489746, 0.13864067196846008, 0.0], "k_pid_yaw": [0.5, 1e-06, 0.1], "k_pid_hsp": [10.0, 0.07010418176651001, 0.0], "k_pid_vsp": [400.0, 397.1217041015625, 400.0]}, "datetime": {"datetime": "2025-08-12 13:27:05", "elapsed": 75705.24862766266, "delta": 28.827123641967773}, "costs": {"total_cost": 1252.8686425600526, "time_cost": 150, "final_distance_cost": 63.565339612256686, "oscillation_cost": 137.80430245572418, "completition_cost": 777.7777777777778, "overshoot_cost": 45.169037211268396, "power_cost": 45.057954785156255, "noise_cost": 33.49423071786939, "n_waypoints_completed": 2, "tot_waypoints": 9}}
{"target": -825.1569787235584, "params": {"k_pid_pos": [2.0, 1.0, 1.0], "k_pid_alt": [1.9166898727416992, 0.9292975664138794, 1.0], "k_pid_att": [1.0042399168014526, 0.49745166301727295, 0.0], "k_pid_yaw": [0.5, 1e-06, 0.1], "k_pid_hsp": [10.0, 0.027389466762542725, 0.09870374202728271], "k_pid_vsp": [376.3511657714844, 400.0, 398.59332275390625]}, "datetime": {"datetime": "2025-08-12 13:27:37", "elapsed": 75737.0552098751, "delta": 31.80658221244812}, "costs": {"total_cost": 825.1569787235584, "time_cost": 150, "final_distance_cost": 75.18326556861946, "oscillation_cost": 252.33922803471262, "completition_cost": 222.2222222222222, "overshoot_cost": 61.95949538406074, "power_cost": 34.27214061279297, "noise_cost": 29.180626901150355, "n_waypoints_completed": 7, "tot_waypoints": 9}}
{"target": -4789.701771724953, "params": {"k_pid_pos": [2.0, 1.0, 0.9961471557617188], "k_pid_alt": [2.0, 1.0, 0.8990308046340942], "k_pid_att": [0.0, 0.5002641081809998, 0.025099188089370728], "k_pid_yaw": [0.5, 1e-06, 0.1], "k_pid_hsp": [10.0, 0.0, 0.02765515446662903], "k_pid_vsp": [384.43780517578125, 400.0, 400.0]}, "datetime": {"datetime": "2025-08-12 13:28:07", "elapsed": 75766.9251241684, "delta": 29.869914293289185}, "costs": {"total_cost": 4789.701771724953, "time_cost": 150, "final_distance_cost": 610.9047814510564, "oscillation_cost": 1656.1714065017004, "completition_cost": 1000.0, "overshoot_cost": 1142.4843000781295, "power_cost": 57.493909179687506, "noise_cost": 172.64737451437867, "n_waypoints_completed": 0, "tot_waypoints": 9}}
{"target": -1244.8373663380664, "params": {"k_pid_pos": [1.9288250207901, 1.0, 0.9941952228546143], "k_pid_alt": [1.8767579793930054, 1.0, 1.0], "k_pid_att": [4.1135759353637695, 9.999999747378752e-05, 0.04301771521568298], "k_pid_yaw": [0.5, 1e-06, 0.1], "k_pid_hsp": [10.0, 0.0, 0.06135722994804382], "k_pid_vsp": [400.0, 391.2206726074219, 381.6226806640625]}, "datetime": {"datetime": "2025-08-12 13:28:38", "elapsed": 75797.47595882416, "delta": 30.55083465576172}, "costs": {"total_cost": 1244.8373663380664, "time_cost": 150, "final_distance_cost": 42.78495152139752, "oscillation_cost": 365.6309622372746, "completition_cost": 555.5555555555555, "overshoot_cost": 70.81272321622954, "power_cost": 31.43067088623047, "noise_cost": 28.62250292137862, "n_waypoints_completed": 4, "tot_waypoints": 9}}
{"target": -2384.6824537921693, "params": {"k_pid_pos": [2.0, 0.9666339755058289, 1.0], "k_pid_alt": [1.9753384590148926, 0.8812656402587891, 0.9396748542785645], "k_pid_att": [0.0, 9.999999747378752e-05, 0.12346857786178589], "k_pid_yaw": [0.5, 1e-06, 0.1], "k_pid_hsp": [10.0, 0.0, 0.0], "k_pid_vsp": [377.50830078125, 400.0, 381.865966796875]}, "datetime": {"datetime": "2025-08-12 13:29:07", "elapsed": 75827.12605810165, "delta": 29.650099277496338}, "costs": {"total_cost": 2384.6824537921693, "time_cost": 150, "final_distance_cost": 287.0574033624105, "oscillation_cost": 2.9376569788400593, "completition_cost": 1000.0, "overshoot_cost": 801.7388978209913, "power_cost": 29.208654833984376, "noise_cost": 113.73984079594328, "n_waypoints_completed": 0, "tot_waypoints": 9}}
{"target": -807.733157817565, "params": {"k_pid_pos": [1.9962728023529053, 1.0, 1.0], "k_pid_alt": [2.0, 1.0, 1.0], "k_pid_att": [0.5689293146133423, 0.6788274049758911, 0.0], "k_pid_yaw": [0.5, 1e-06, 0.1], "k_pid_hsp": [10.0, 0.0, 0.0], "k_pid_vsp": [386.737060546875, 398.37030029296875, 400.0]}, "datetime": {"datetime": "2025-08-12 13:29:35", "elapsed": 75854.92304825783, "delta": 27.796990156173706}, "costs": {"total_cost": 807.733157817565, "time_cost": 150, "final_distance_cost": 65.00293199938979, "oscillation_cost": 234.70057095948852, "completition_cost": 222.2222222222222, "overshoot_cost": 62.44205354495739, "power_cost": 41.750656066894535, "noise_cost": 31.614723024612662, "n_waypoints_completed": 7, "tot_waypoints": 9}}
{"target": -1669.2052660902082, "params": {"k_pid_pos": [1.8551989793777466, 0.9606390595436096, 1.0], "k_pid_alt": [2.0, 1.0, 0.9217010736465454], "k_pid_att": [1.5957266092300415, 9.999999747378752e-05, 0.0], "k_pid_yaw": [0.5, 1e-06, 0.1], "k_pid_hsp": [10.0, 0.013199716806411743, 0.0], "k_pid_vsp": [400.0, 400.0, 400.0]}, "datetime": {"datetime": "2025-08-12 13:30:06", "elapsed": 75885.59219384193, "delta": 30.669145584106445}, "costs": {"total_cost": 1669.2052660902082, "time_cost": 150, "final_distance_cost": 30.16639493597006, "oscillation_cost": 330.15008364916133, "completition_cost": 1000.0, "overshoot_cost": 100.93177909463942, "power_cost": 31.276673559570312, "noise_cost": 26.68033485086699, "n_waypoints_completed": 0, "tot_waypoints": 9}}
{"target": -1520.8178253067786, "params": {"k_pid_pos": [1.9066647291183472, 0.9900029301643372, 1.0], "k_pid_alt": [1.9022047519683838, 0.9680376052856445, 1.0], "k_pid_att": [7.589089870452881, 9.999999747378752e-05, 0.0], "k_pid_yaw": [0.5, 1e-06, 0.1], "k_pid_hsp": [9.47106647491455, 0.07834896445274353, 0.0], "k_pid_vsp": [400.0, 386.5782775878906, 400.0]}, "datetime": {"datetime": "2025-08-12 13:30:40", "elapsed": 75919.5735142231, "delta": 33.98132038116455}, "costs": {"total_cost": 1520.8178253067786, "time_cost": 150, "final_distance_cost": 63.895947669960016, "oscillation_cost": 508.226799215622, "completition_cost": 666.6666666666667, "overshoot_cost": 72.41413489661556, "power_cost": 31.538576110839845, "noise_cost": 28.075700747074432, "n_waypoints_completed": 3, "tot_waypoints": 9}}
{"target": -6883.932788002996, "params": {"k_pid_pos": [2.0, 0.9677767753601074, 1.0], "k_pid_alt": [1.7913775444030762, 1.0, 0.9930612444877625], "k_pid_att": [0.0, 0.017695710062980652, 0.0], "k_pid_yaw": [0.5, 1e-06, 0.1], "k_pid_hsp": [10.0, 0.0, 0.0], "k_pid_vsp": [365.0443115234375, 400.0, 400.0]}, "datetime": {"datetime": "2025-08-12 13:31:11", "elapsed": 75950.74848794937, "delta": 31.174973726272583}, "costs": {"total_cost": 6883.932788002996, "time_cost": 150, "final_distance_cost": 1551.8189099641324, "oscillation_cost": 341.555842896637, "completition_cost": 1000.0, "overshoot_cost": 3627.3287657825226, "power_cost": 56.549856481933595, "noise_cost": 156.6794128777714, "n_waypoints_completed": 0, "tot_waypoints": 9}}
{"target": -1269.9969304374542, "params": {"k_pid_pos": [1.870760202407837, 1.0, 1.0], "k_pid_alt": [2.0, 0.9866296052932739, 1.0], "k_pid_att": [6.337130069732666, 9.999999747378752e-05, 0.0724835991859436], "k_pid_yaw": [0.5, 1e-06, 0.1], "k_pid_hsp": [9.539860725402832, 0.030206650495529175, 0.0650605857372284], "k_pid_vsp": [400.0, 400.0, 400.0]}, "datetime": {"datetime": "2025-08-12 13:31:42", "elapsed": 75981.92870759964, "delta": 31.180219650268555}, "costs": {"total_cost": 1269.9969304374542, "time_cost": 150, "final_distance_cost": 42.21666927905091, "oscillation_cost": 387.90245873427256, "completition_cost": 555.5555555555555, "overshoot_cost": 72.77349872120901, "power_cost": 32.26196442871094, "noise_cost": 29.28678371865529, "n_waypoints_completed": 4, "tot_waypoints": 9}}
{"target": -1882.578354859839, "params": {"k_pid_pos": [1.9792218208312988, 0.9951119422912598, 1.0], "k_pid_alt": [1.967376708984375, 0.9310487508773804, 1.0], "k_pid_att": [7.41962194442749, 9.999999747378752e-05, 0.048961639404296875], "k_pid_yaw": [0.5, 1e-06, 0.1], "k_pid_hsp": [9.702610969543457, 0.0, 0.0], "k_pid_vsp": [399.3853454589844, 385.6847839355469, 400.0]}, "datetime": {"datetime": "2025-08-12 13:32:11", "elapsed": 76010.70997691154, "delta": 28.781269311904907}, "costs": {"total_cost": 1882.578354859839, "time_cost": 150, "final_distance_cost": 0.9944204795656573, "oscillation_cost": 476.59164633156274, "completition_cost": 1000.0, "overshoot_cost": 146.77370213603717, "power_cost": 30.500335107421876, "noise_cost": 77.7182508052516, "n_waypoints_completed": 0, "tot_waypoints": 9}}
{"target": -1146.018061459407, "params": {"k_pid_pos": [2.0, 0.9122408628463745, 0.9939403533935547], "k_pid_alt": [2.0, 0.9181017279624939, 0.9307773113250732], "k_pid_att": [7.081526756286621, 9.999999747378752e-05, 0.0], "k_pid_yaw": [0.5, 1e-06, 0.1], "k_pid_hsp": [10.0, 0.0, 0.012052953243255615], "k_pid_vsp": [400.0, 384.37646484375, 400.0]}, "datetime": {"datetime": "2025-08-12 13:32:41", "elapsed": 76040.38084197044, "delta": 29.670865058898926}, "costs": {"total_cost": 1146.018061459407, "time_cost": 150, "final_distance_cost": 62.96932272792846, "oscillation_cost": 468.70287853463464, "completition_cost": 333.33333333333337, "overshoot_cost": 66.87904288302542, "power_cost": 33.74494013671875, "noise_cost": 30.388543843766495, "n_waypoints_completed": 6, "tot_waypoints": 9}}
{"target": -1127.249619510247, "params": {"k_pid_pos": [1.8822789192199707, 0.9991893768310547, 1.0], "k_pid_alt": [2.0, 1.0, 0.9560691118240356], "k_pid_att": [6.058197975158691, 0.17200522124767303, 0.0], "k_pid_yaw": [0.5, 1e-06, 0.1], "k_pid_hsp": [10.0, 0.007205337285995483, 0.01764523983001709], "k_pid_vsp": [400.0, 384.4917297363281, 400.0]}, "datetime": {"datetime": "2025-08-12 13:33:10", "elapsed": 76070.20780348778, "delta": 29.826961517333984}, "costs": {"total_cost": 1127.249619510247, "time_cost": 150, "final_distance_cost": 63.82606644506437, "oscillation_cost": 450.9518437348498, "completition_cost": 333.33333333333337, "overshoot_cost": 65.50958060897955, "power_cost": 33.521418408203125, "noise_cost": 30.107376979816657, "n_waypoints_completed": 6, "tot_waypoints": 9}}
{"target": -3536.7241287276856, "params": {"k_pid_pos": [2.0, 0.9594298601150513, 1.0], "k_pid_alt": [2.0, 1.0, 1.0], "k_pid_att": [0.0, 9.999999747378752e-05, 0.05218237638473511], "k_pid_yaw": [0.5, 1e-06, 0.1], "k_pid_hsp": [10.0, 0.0, 0.0287477970123291], "k_pid_vsp": [399.28900146484375, 400.0, 400.0]}, "datetime": {"datetime": "2025-08-12 13:33:39", "elapsed": 76098.46338486671, "delta": 28.255581378936768}, "costs": {"total_cost": 3536.7241287276856, "time_cost": 150, "final_distance_cost": 269.9874528097619, "oscillation_cost": 3.9975616554180107, "completition_cost": 1000.0, "overshoot_cost": 1993.958835957529, "power_cost": 30.05323702392578, "noise_cost": 88.72704128105086, "n_waypoints_completed": 0, "tot_waypoints": 9}}
{"target": -1293.6047485532401, "params": {"k_pid_pos": [2.0, 0.9906072616577148, 1.0], "k_pid_alt": [1.8524248600006104, 1.0, 1.0], "k_pid_att": [4.444590091705322, 0.35409975051879883, 0.025155097246170044], "k_pid_yaw": [0.5, 1e-06, 0.1], "k_pid_hsp": [9.788370132446289, 0.027515530586242676, 0.0328335165977478], "k_pid_vsp": [382.70745849609375, 397.0262145996094, 387.5019226074219]}, "datetime": {"datetime": "2025-08-12 13:34:11", "elapsed": 76130.69177126884, "delta": 32.22838640213013}, "costs": {"total_cost": 1293.6047485532401, "time_cost": 150, "final_distance_cost": 40.44279658637213, "oscillation_cost": 414.1219140467432, "completition_cost": 555.5555555555555, "overshoot_cost": 74.43743728002796, "power_cost": 31.591956372070314, "noise_cost": 27.455088712470715, "n_waypoints_completed": 4, "tot_waypoints": 9}}
{"target": -3751.701309702841, "params": {"k_pid_pos": [1.9404546022415161, 0.99334716796875, 1.0], "k_pid_alt": [2.0, 1.0, 1.0], "k_pid_att": [0.0, 0.08038635551929474, 0.05564063787460327], "k_pid_yaw": [0.5, 1e-06, 0.1], "k_pid_hsp": [10.0, 0.0, 0.0], "k_pid_vsp": [400.0, 400.0, 394.59490966796875]}, "datetime": {"datetime": "2025-08-12 13:34:39", "elapsed": 76158.68024396896, "delta": 27.98847270011902}, "costs": {"total_cost": 3751.701309702841, "time_cost": 150, "final_distance_cost": 533.8572676682932, "oscillation_cost": 469.50474755914837, "completition_cost": 1000.0, "overshoot_cost": 1384.6020775128782, "power_cost": 56.510303125, "noise_cost": 157.22691383752155, "n_waypoints_completed": 0, "tot_waypoints": 9}}
{"target": -999.0699354398145, "params": {"k_pid_pos": [1.996012568473816, 1.0, 1.0], "k_pid_alt": [2.0, 1.0, 1.0], "k_pid_att": [2.3914635181427, 0.16314269602298737, 0.0030598044395446777], "k_pid_yaw": [0.5, 1e-06, 0.1], "k_pid_hsp": [10.0, 0.07856801152229309, 0.05294150114059448], "k_pid_vsp": [375.97674560546875, 376.54339599609375, 356.20635986328125]}, "datetime": {"datetime": "2025-08-12 13:35:07", "elapsed": 76186.80113196373, "delta": 28.120887994766235}, "costs": {"total_cost": 999.0699354398145, "time_cost": 150, "final_distance_cost": 65.4684095815973, "oscillation_cost": 322.3983144147852, "completition_cost": 333.33333333333337, "overshoot_cost": 65.74488645972293, "power_cost": 33.302583142089844, "noise_cost": 28.822408508285875, "n_waypoints_completed": 6, "tot_waypoints": 9}}
{"target": -8162.219535118129, "params": {"k_pid_pos": [2.0, 1.0, 0.9002278447151184], "k_pid_alt": [2.0, 0.9934811592102051, 1.0], "k_pid_att": [0.0, 9.999999747378752e-05, 0.0], "k_pid_yaw": [0.5, 1e-06, 0.1], "k_pid_hsp": [10.0, 0.0, 0.0], "k_pid_vsp": [400.0, 399.5281677246094, 400.0]}, "datetime": {"datetime": "2025-08-12 13:35:35", "elapsed": 76214.87423062325, "delta": 28.07309865951538}, "costs": {"total_cost": 8162.219535118129, "time_cost": 150, "final_distance_cost": 959.789379172249, "oscillation_cost": 14.862638822665845, "completition_cost": 1000.0, "overshoot_cost": 5900.491440161473, "power_cost": 44.48092019042969, "noise_cost": 92.59515677131108, "n_waypoints_completed": 0, "tot_waypoints": 9}}
