{"target": -1718.654756936475, "params": {"k_pid_pos": [2.0, 0.9846030473709106, 1.0], "k_pid_alt": [2.0, 1.0, 0.9627704620361328], "k_pid_att": [2.144577980041504, 0.343187153339386, 0.04644298553466797], "k_pid_yaw": [0.5, 1e-06, 0.1], "k_pid_hsp": [9.575654029846191, 0.0, 0.023994654417037964], "k_pid_vsp": [400.0, 380.1521301269531, 391.945556640625]}, "datetime": {"datetime": "2025-08-11 19:05:12", "elapsed": 9592.101190567017, "delta": 30.467124700546265}, "costs": {"total_cost": 1718.654756936475, "time_cost": 150, "final_distance_cost": 0.9991990961479815, "oscillation_cost": 285.4859912033176, "completition_cost": 1000.0, "overshoot_cost": 157.8385847603243, "power_cost": 29.532722509765627, "noise_cost": 94.79825936691964, "n_waypoints_completed": 0, "tot_waypoints": 9}}
{"target": -8115.229221142187, "params": {"k_pid_pos": [2.0, 0.964719831943512, 0.9468683004379272], "k_pid_alt": [2.0, 0.8436586856842041, 1.0], "k_pid_att": [0.0, 9.999999747378752e-05, 0.0], "k_pid_yaw": [0.5, 1e-06, 0.1], "k_pid_hsp": [10.0, 0.02077162265777588, 0.0], "k_pid_vsp": [400.0, 361.994873046875, 400.0]}, "datetime": {"datetime": "2025-08-11 19:05:42", "elapsed": 9622.246572494507, "delta": 30.145381927490234}, "costs": {"total_cost": 8115.229221142187, "time_cost": 150, "final_distance_cost": 851.9899687659472, "oscillation_cost": 14.75532952109147, "completition_cost": 1000.0, "overshoot_cost": 5957.073329473026, "power_cost": 44.20656618652344, "noise_cost": 97.20402719559881, "n_waypoints_completed": 0, "tot_waypoints": 9}}
{"target": -1241.8491141440818, "params": {"k_pid_pos": [1.9941000938415527, 1.0, 0.9960782527923584], "k_pid_alt": [2.0, 1.0, 1.0], "k_pid_att": [0.07470548152923584, 9.999999747378752e-05, 0.03240680694580078], "k_pid_yaw": [0.5, 1e-06, 0.1], "k_pid_hsp": [10.0, 0.012438178062438965, 0.09714436531066895], "k_pid_vsp": [390.3726501464844, 400.0, 384.0804443359375]}, "datetime": {"datetime": "2025-08-11 19:06:13", "elapsed": 9653.167939662933, "delta": 30.921367168426514}, "costs": {"total_cost": 1241.8491141440818, "time_cost": 150, "final_distance_cost": 106.20675244889354, "oscillation_cost": 47.74866895658254, "completition_cost": 777.7777777777778, "overshoot_cost": 97.58431703077062, "power_cost": 32.26207396240235, "noise_cost": 30.269523967654898, "n_waypoints_completed": 2, "tot_waypoints": 9}}
{"target": -4483.317279193778, "params": {"k_pid_pos": [2.0, 0.9713620543479919, 1.0], "k_pid_alt": [1.9769912958145142, 1.0, 1.0], "k_pid_att": [0.0, 0.472652792930603, 0.04167911410331726], "k_pid_yaw": [0.5, 1e-06, 0.1], "k_pid_hsp": [10.0, 0.0, 0.0], "k_pid_vsp": [372.384521484375, 400.0, 400.0]}, "datetime": {"datetime": "2025-08-11 19:06:44", "elapsed": 9684.245843172073, "delta": 31.077903509140015}, "costs": {"total_cost": 4483.317279193778, "time_cost": 150, "final_distance_cost": 213.23582706182938, "oscillation_cost": 1673.2949286372818, "completition_cost": 1000.0, "overshoot_cost": 1217.3148491515515, "power_cost": 57.261839025878906, "noise_cost": 172.20983531723684, "n_waypoints_completed": 0, "tot_waypoints": 9}}
{"target": -1183.1460096340597, "params": {"k_pid_pos": [1.8906617164611816, 1.0, 0.9439988732337952], "k_pid_alt": [1.8837382793426514, 1.0, 1.0], "k_pid_att": [0.24915337562561035, 0.2697439193725586, 0.0], "k_pid_yaw": [0.5, 1e-06, 0.1], "k_pid_hsp": [9.67110824584961, 0.04897087812423706, 0.0], "k_pid_vsp": [400.0, 400.0, 388.45465087890625]}, "datetime": {"datetime": "2025-08-11 19:07:15", "elapsed": 9714.41591668129, "delta": 30.17007350921631}, "costs": {"total_cost": 1183.1460096340597, "time_cost": 150, "final_distance_cost": 58.74858406761829, "oscillation_cost": 170.923164092667, "completition_cost": 666.6666666666667, "overshoot_cost": 58.12565352945365, "power_cost": 45.324764013671874, "noise_cost": 33.35717726398214, "n_waypoints_completed": 3, "tot_waypoints": 9}}
{"target": -5003.0919482467025, "params": {"k_pid_pos": [1.9681349992752075, 1.0, 0.9786685705184937], "k_pid_alt": [1.908733606338501, 1.0, 0.9117026329040527], "k_pid_att": [0.0, 0.10014837980270386, 0.11091238260269165], "k_pid_yaw": [0.5, 1e-06, 0.1], "k_pid_hsp": [10.0, 0.06537231802940369, 0.0], "k_pid_vsp": [383.5802917480469, 400.0, 400.0]}, "datetime": {"datetime": "2025-08-11 19:07:45", "elapsed": 9745.339255094528, "delta": 30.923338413238525}, "costs": {"total_cost": 5003.0919482467025, "time_cost": 150, "final_distance_cost": 873.0016331600751, "oscillation_cost": 597.7922039468893, "completition_cost": 1000.0, "overshoot_cost": 2160.327058023388, "power_cost": 57.32973177490235, "noise_cost": 164.6413213414481, "n_waypoints_completed": 0, "tot_waypoints": 9}}
{"target": -3993.894969253532, "params": {"k_pid_pos": [2.0, 0.9836483597755432, 1.0], "k_pid_alt": [2.0, 1.0, 0.957335352897644], "k_pid_att": [0.0, 0.5986313223838806, 0.0], "k_pid_yaw": [0.5, 1e-06, 0.1], "k_pid_hsp": [9.66474437713623, 0.0, 0.041786015033721924], "k_pid_vsp": [396.5062255859375, 400.0, 400.0]}, "datetime": {"datetime": "2025-08-11 19:08:16", "elapsed": 9776.219740390778, "delta": 30.88048529624939}, "costs": {"total_cost": 3993.894969253532, "time_cost": 150, "final_distance_cost": 178.18441961517857, "oscillation_cost": 1897.1086808199086, "completition_cost": 1000.0, "overshoot_cost": 536.2535992236853, "power_cost": 57.76514091796875, "noise_cost": 174.5831286767905, "n_waypoints_completed": 0, "tot_waypoints": 9}}
{"target": -1794.4567211042154, "params": {"k_pid_pos": [2.0, 0.9558792114257812, 1.0], "k_pid_alt": [2.0, 1.0, 1.0], "k_pid_att": [5.656170845031738, 9.999999747378752e-05, 0.05271369218826294], "k_pid_yaw": [0.5, 1e-06, 0.1], "k_pid_hsp": [9.521979331970215, 0.0, 0.002037227153778076], "k_pid_vsp": [400.0, 400.0, 400.0]}, "datetime": {"datetime": "2025-08-11 19:08:47", "elapsed": 9806.782188892365, "delta": 30.562448501586914}, "costs": {"total_cost": 1794.4567211042154, "time_cost": 150, "final_distance_cost": 22.282931129535122, "oscillation_cost": 453.16402222123986, "completition_cost": 1000.0, "overshoot_cost": 111.48872868090261, "power_cost": 30.443227856445315, "noise_cost": 27.077811216092723, "n_waypoints_completed": 0, "tot_waypoints": 9}}
{"target": -20128.191893922598, "params": {"k_pid_pos": [1.8940201997756958, 1.0, 0.9225680828094482], "k_pid_alt": [2.0, 0.958894670009613, 0.9440491795539856], "k_pid_att": [0.0, 0.5137206315994263, 0.0], "k_pid_yaw": [0.5, 1e-06, 0.1], "k_pid_hsp": [9.589286804199219, 0.0, 0.0], "k_pid_vsp": [394.8665771484375, 400.0, 394.3308410644531]}, "datetime": {"datetime": "2025-08-11 19:09:17", "elapsed": 9836.897437810898, "delta": 30.115248918533325}, "costs": {"total_cost": 20128.191893922598, "time_cost": 150, "final_distance_cost": 6589.65169749834, "oscillation_cost": 2089.4431967203614, "completition_cost": 1000.0, "overshoot_cost": 10064.979435000232, "power_cost": 58.067336645507815, "noise_cost": 176.05022805815767, "n_waypoints_completed": 0, "tot_waypoints": 9}}
{"target": -1003.618813911019, "params": {"k_pid_pos": [2.0, 1.0, 0.9432660341262817], "k_pid_alt": [1.8634250164031982, 1.0, 1.0], "k_pid_att": [0.27931928634643555, 0.23479540646076202, 0.09630656242370605], "k_pid_yaw": [0.5, 1e-06, 0.1], "k_pid_hsp": [9.394145965576172, 0.031118929386138916, 0.014355331659317017], "k_pid_vsp": [400.0, 396.5304870605469, 400.0]}, "datetime": {"datetime": "2025-08-11 19:09:47", "elapsed": 9866.65738272667, "delta": 29.759944915771484}, "costs": {"total_cost": 1003.618813911019, "time_cost": 150, "final_distance_cost": 41.90947721674408, "oscillation_cost": 122.51768657171816, "completition_cost": 555.5555555555555, "overshoot_cost": 61.691269258400396, "power_cost": 40.05756872558594, "noise_cost": 31.887256583014786, "n_waypoints_completed": 4, "tot_waypoints": 9}}
{"target": -6994.870026318148, "params": {"k_pid_pos": [1.9701601266860962, 1.0, 0.9641700387001038], "k_pid_alt": [1.8669404983520508, 1.0, 1.0], "k_pid_att": [0.0, 0.4152061343193054, 0.046159058809280396], "k_pid_yaw": [0.5, 1e-06, 0.1], "k_pid_hsp": [9.583639144897461, 0.001730799674987793, 0.0], "k_pid_vsp": [358.74737548828125, 400.0, 400.0]}, "datetime": {"datetime": "2025-08-11 19:10:17", "elapsed": 9897.062006235123, "delta": 30.40462350845337}, "costs": {"total_cost": 6994.870026318148, "time_cost": 150, "final_distance_cost": 1533.5399042361312, "oscillation_cost": 1575.6406977896768, "completition_cost": 1000.0, "overshoot_cost": 2512.373964088858, "power_cost": 55.52767478027344, "noise_cost": 167.78778542320808, "n_waypoints_completed": 0, "tot_waypoints": 9}}
{"target": -8096.9305142507665, "params": {"k_pid_pos": [2.0, 0.9605244398117065, 0.9018455743789673], "k_pid_alt": [2.0, 0.9533638954162598, 0.9398472309112549], "k_pid_att": [0.0, 9.999999747378752e-05, 0.0], "k_pid_yaw": [0.5, 1e-06, 0.1], "k_pid_hsp": [9.170402526855469, 0.0, 0.03861340880393982], "k_pid_vsp": [400.0, 400.0, 392.6507568359375]}, "datetime": {"datetime": "2025-08-11 19:10:47", "elapsed": 9927.312954425812, "delta": 30.250948190689087}, "costs": {"total_cost": 8096.9305142507665, "time_cost": 150, "final_distance_cost": 964.1335364447763, "oscillation_cost": 14.92679928022895, "completition_cost": 1000.0, "overshoot_cost": 5830.661921069787, "power_cost": 45.465863525390624, "noise_cost": 91.7423939305829, "n_waypoints_completed": 0, "tot_waypoints": 9}}
{"target": -6050.892415199151, "params": {"k_pid_pos": [2.0, 0.9783251285552979, 0.906506359577179], "k_pid_alt": [2.0, 0.8912584185600281, 1.0], "k_pid_att": [0.0, 0.35876524448394775, 0.01749327778816223], "k_pid_yaw": [0.5, 1e-06, 0.1], "k_pid_hsp": [10.0, 0.0111427903175354, 0.0], "k_pid_vsp": [386.0842590332031, 378.97955322265625, 400.0]}, "datetime": {"datetime": "2025-08-11 19:11:19", "elapsed": 9958.447453737259, "delta": 31.134499311447144}, "costs": {"total_cost": 6050.892415199151, "time_cost": 150, "final_distance_cost": 925.4077004759781, "oscillation_cost": 1624.6729330467588, "completition_cost": 1000.0, "overshoot_cost": 2118.7357282255, "power_cost": 58.18884177246094, "noise_cost": 173.8872116784535, "n_waypoints_completed": 0, "tot_waypoints": 9}}
{"target": -8195.749755991605, "params": {"k_pid_pos": [2.0, 1.0, 0.9991023540496826], "k_pid_alt": [2.0, 0.9499766826629639, 0.9486449956893921], "k_pid_att": [0.0, 9.999999747378752e-05, 0.0], "k_pid_yaw": [0.5, 1e-06, 0.1], "k_pid_hsp": [10.0, 0.04400995373725891, 0.0], "k_pid_vsp": [375.8454895019531, 400.0, 400.0]}, "datetime": {"datetime": "2025-08-11 19:11:49", "elapsed": 9988.62284207344, "delta": 30.17538833618164}, "costs": {"total_cost": 8195.749755991605, "time_cost": 150, "final_distance_cost": 769.867795098716, "oscillation_cost": 14.605642971126272, "completition_cost": 1000.0, "overshoot_cost": 6118.291985419603, "power_cost": 43.991896899414066, "noise_cost": 98.99243560274506, "n_waypoints_completed": 0, "tot_waypoints": 9}}
{"target": -7808.231893666524, "params": {"k_pid_pos": [1.9805738925933838, 0.943548321723938, 0.9799080491065979], "k_pid_alt": [1.9760606288909912, 0.9596291780471802, 1.0], "k_pid_att": [0.0, 9.999999747378752e-05, 0.01694074273109436], "k_pid_yaw": [0.5, 1e-06, 0.1], "k_pid_hsp": [9.86368465423584, 0.0, 0.010469317436218262], "k_pid_vsp": [400.0, 400.0, 360.08258056640625]}, "datetime": {"datetime": "2025-08-11 19:12:19", "elapsed": 10018.739323616028, "delta": 30.11648154258728}, "costs": {"total_cost": 7808.231893666524, "time_cost": 150, "final_distance_cost": 2440.434087670474, "oscillation_cost": 8.232593232639202, "completition_cost": 1000.0, "overshoot_cost": 4124.66508020971, "power_cost": 36.50837457275391, "noise_cost": 48.39175798094566, "n_waypoints_completed": 0, "tot_waypoints": 9}}
{"target": -1273.5526835530634, "params": {"k_pid_pos": [2.0, 1.0, 1.0], "k_pid_alt": [2.0, 0.9645466804504395, 1.0], "k_pid_att": [1.515546441078186, 9.999999747378752e-05, 0.004215866327285767], "k_pid_yaw": [0.5, 1e-06, 0.1], "k_pid_hsp": [10.0, 0.0, 0.11240392923355103], "k_pid_vsp": [398.1786804199219, 374.19757080078125, 378.44000244140625]}, "datetime": {"datetime": "2025-08-11 19:12:50", "elapsed": 10049.501950502396, "delta": 30.762626886367798}, "costs": {"total_cost": 1273.5526835530634, "time_cost": 150, "final_distance_cost": 52.407013925599585, "oscillation_cost": 276.5920263366173, "completition_cost": 666.6666666666667, "overshoot_cost": 67.21760528171751, "power_cost": 32.12515393066406, "noise_cost": 28.544217411798176, "n_waypoints_completed": 3, "tot_waypoints": 9}}
{"target": -1178.4701187544285, "params": {"k_pid_pos": [1.9471814632415771, 0.9757852554321289, 0.9517037272453308], "k_pid_alt": [1.9965758323669434, 1.0, 1.0], "k_pid_att": [3.969085216522217, 0.18538782000541687, 0.0], "k_pid_yaw": [0.5, 1e-06, 0.1], "k_pid_hsp": [10.0, 0.0, 0.06764501333236694], "k_pid_vsp": [398.6025695800781, 400.0, 400.0]}, "datetime": {"datetime": "2025-08-11 19:13:20", "elapsed": 10079.78419971466, "delta": 30.282249212265015}, "costs": {"total_cost": 1178.4701187544285, "time_cost": 150, "final_distance_cost": 55.22910601052572, "oscillation_cost": 399.5980544120477, "completition_cost": 444.4444444444444, "overshoot_cost": 68.07383085824662, "power_cost": 33.15451964111328, "noise_cost": 27.97016338805078, "n_waypoints_completed": 5, "tot_waypoints": 9}}
{"target": -1598.2065933174872, "params": {"k_pid_pos": [2.0, 1.0, 1.0], "k_pid_alt": [2.0, 1.0, 0.9997807741165161], "k_pid_att": [1.061016321182251, 9.999999747378752e-05, 0.0], "k_pid_yaw": [0.5, 1e-06, 0.1], "k_pid_hsp": [10.0, 0.0, 0.05933240056037903], "k_pid_vsp": [400.0, 379.931640625, 400.0]}, "datetime": {"datetime": "2025-08-11 19:13:50", "elapsed": 10110.005167722702, "delta": 30.220968008041382}, "costs": {"total_cost": 1598.2065933174872, "time_cost": 150, "final_distance_cost": 42.04517896472012, "oscillation_cost": 275.90179925912116, "completition_cost": 1000.0, "overshoot_cost": 69.99816647561873, "power_cost": 32.95436389160157, "noise_cost": 27.30708472642582, "n_waypoints_completed": 0, "tot_waypoints": 9}}
{"target": -1050.3694321272008, "params": {"k_pid_pos": [1.9719440937042236, 0.9853581190109253, 0.941872239112854], "k_pid_alt": [1.8750582933425903, 1.0, 0.9720338582992554], "k_pid_att": [0.9096980094909668, 9.999999747378752e-05, 0.0], "k_pid_yaw": [0.5, 1e-06, 0.1], "k_pid_hsp": [9.837469100952148, 0.0, 0.0], "k_pid_vsp": [400.0, 389.26324462890625, 396.8661804199219]}, "datetime": {"datetime": "2025-08-11 19:14:20", "elapsed": 10140.094697713852, "delta": 30.089529991149902}, "costs": {"total_cost": 1050.3694321272008, "time_cost": 150, "final_distance_cost": 42.45391657467271, "oscillation_cost": 173.58768701032005, "completition_cost": 555.5555555555555, "overshoot_cost": 64.2692047267152, "power_cost": 34.05083507080078, "noise_cost": 30.452233189136408, "n_waypoints_completed": 4, "tot_waypoints": 9}}
{"target": -4585.671089762055, "params": {"k_pid_pos": [2.0, 0.9976928234100342, 0.996931791305542], "k_pid_alt": [2.0, 1.0, 1.0], "k_pid_att": [0.0, 0.4841420650482178, 0.07079607248306274], "k_pid_yaw": [0.5, 1e-06, 0.1], "k_pid_hsp": [9.574952125549316, 0.0, 0.009347647428512573], "k_pid_vsp": [400.0, 400.0, 400.0]}, "datetime": {"datetime": "2025-08-11 19:14:50", "elapsed": 10170.29783654213, "delta": 30.203138828277588}, "costs": {"total_cost": 4585.671089762055, "time_cost": 150, "final_distance_cost": 251.26463417254652, "oscillation_cost": 1530.2307254728446, "completition_cost": 1000.0, "overshoot_cost": 1423.9807364128594, "power_cost": 57.96253469238282, "noise_cost": 172.23245901142118, "n_waypoints_completed": 0, "tot_waypoints": 9}}
{"target": -8109.394697755767, "params": {"k_pid_pos": [2.0, 0.9743815660476685, 0.9779356122016907], "k_pid_alt": [1.869584321975708, 0.9904375672340393, 1.0], "k_pid_att": [0.0, 9.999999747378752e-05, 0.0], "k_pid_yaw": [0.5, 1e-06, 0.1], "k_pid_hsp": [9.512479782104492, 0.0, 0.0], "k_pid_vsp": [400.0, 372.9942932128906, 380.1176452636719]}, "datetime": {"datetime": "2025-08-11 19:15:21", "elapsed": 10200.43676519394, "delta": 30.138928651809692}, "costs": {"total_cost": 8109.394697755767, "time_cost": 150, "final_distance_cost": 1035.9753361271507, "oscillation_cost": 14.972965714855306, "completition_cost": 1000.0, "overshoot_cost": 5775.429790604688, "power_cost": 44.61185897216797, "noise_cost": 88.40474633690548, "n_waypoints_completed": 0, "tot_waypoints": 9}}
{"target": -8396.429454696998, "params": {"k_pid_pos": [1.9753873348236084, 1.0, 1.0], "k_pid_alt": [2.0, 0.9513565301895142, 0.9476694464683533], "k_pid_att": [0.0, 0.0019077906617894769, 0.0], "k_pid_yaw": [0.5, 1e-06, 0.1], "k_pid_hsp": [9.112996101379395, 0.0, 0.027378827333450317], "k_pid_vsp": [400.0, 400.0, 382.05352783203125]}, "datetime": {"datetime": "2025-08-11 19:15:50", "elapsed": 10229.909859895706, "delta": 29.473094701766968}, "costs": {"total_cost": 8396.429454696998, "time_cost": 150, "final_distance_cost": 1893.4044967090144, "oscillation_cost": 64.14972482424089, "completition_cost": 1000.0, "overshoot_cost": 5078.135070058545, "power_cost": 56.18297222900391, "noise_cost": 154.55719087619397, "n_waypoints_completed": 0, "tot_waypoints": 9}}
{"target": -4406.9146441788625, "params": {"k_pid_pos": [1.798418641090393, 1.0, 1.0], "k_pid_alt": [2.0, 0.9380626678466797, 0.9349203705787659], "k_pid_att": [0.0, 0.43582257628440857, 0.0], "k_pid_yaw": [0.5, 1e-06, 0.1], "k_pid_hsp": [10.0, 0.0, 0.06414681673049927], "k_pid_vsp": [394.7218933105469, 388.0722961425781, 373.3020324707031]}, "datetime": {"datetime": "2025-08-11 19:16:20", "elapsed": 10260.007948637009, "delta": 30.09808874130249}, "costs": {"total_cost": 4406.9146441788625, "time_cost": 150, "final_distance_cost": 448.5731787759248, "oscillation_cost": 1570.379611897628, "completition_cost": 1000.0, "overshoot_cost": 1009.1709253354695, "power_cost": 57.13737100830078, "noise_cost": 171.65355716153994, "n_waypoints_completed": 0, "tot_waypoints": 9}}
{"target": -1461.8462200775855, "params": {"k_pid_pos": [1.9825063943862915, 1.0, 1.0], "k_pid_alt": [1.9398367404937744, 1.0, 0.9834655523300171], "k_pid_att": [2.307447910308838, 9.999999747378752e-05, 0.09677755832672119], "k_pid_yaw": [0.5, 1e-06, 0.1], "k_pid_hsp": [10.0, 0.0, 0.0], "k_pid_vsp": [380.9576721191406, 400.0, 398.2508544921875]}, "datetime": {"datetime": "2025-08-11 19:16:51", "elapsed": 10290.835412979126, "delta": 30.82746434211731}, "costs": {"total_cost": 1461.8462200775855, "time_cost": 150, "final_distance_cost": 0.9983823492328177, "oscillation_cost": 20.67378768390407, "completition_cost": 1000.0, "overshoot_cost": 159.26698199659742, "power_cost": 29.27119810791016, "noise_cost": 101.63586993994116, "n_waypoints_completed": 0, "tot_waypoints": 9}}
{"target": -1485.9032565967022, "params": {"k_pid_pos": [2.0, 0.9784055948257446, 1.0], "k_pid_alt": [2.0, 1.0, 0.9766466617584229], "k_pid_att": [5.118292808532715, 9.999999747378752e-05, 0.0], "k_pid_yaw": [0.5, 1e-06, 0.1], "k_pid_hsp": [9.948933601379395, 0.03953218460083008, 0.0354800820350647], "k_pid_vsp": [368.5605163574219, 350.9966735839844, 400.0]}, "datetime": {"datetime": "2025-08-11 19:17:21", "elapsed": 10321.14029288292, "delta": 30.304879903793335}, "costs": {"total_cost": 1485.9032565967022, "time_cost": 150, "final_distance_cost": 58.32939228212338, "oscillation_cost": 474.50677247828503, "completition_cost": 666.6666666666667, "overshoot_cost": 75.04627847062504, "power_cost": 33.010900158691406, "noise_cost": 28.343246540310687, "n_waypoints_completed": 3, "tot_waypoints": 9}}
{"target": -1176.7599906346538, "params": {"k_pid_pos": [1.98030686378479, 1.0, 0.9838073253631592], "k_pid_alt": [1.8098012208938599, 1.0, 1.0], "k_pid_att": [2.20729398727417, 0.04841236025094986, 0.011220753192901611], "k_pid_yaw": [0.5, 1e-06, 0.1], "k_pid_hsp": [9.769050598144531, 0.0, 0.07973974943161011], "k_pid_vsp": [400.0, 400.0, 381.1067199707031]}, "datetime": {"datetime": "2025-08-11 19:17:52", "elapsed": 10352.205908536911, "delta": 31.0656156539917}, "costs": {"total_cost": 1176.7599906346538, "time_cost": 150, "final_distance_cost": 44.68541951583376, "oscillation_cost": 301.3242389248122, "completition_cost": 555.5555555555555, "overshoot_cost": 64.05649058486922, "power_cost": 32.511352978515625, "noise_cost": 28.62693307506776, "n_waypoints_completed": 4, "tot_waypoints": 9}}
{"target": -1440.9212332741758, "params": {"k_pid_pos": [2.0, 0.9723151326179504, 0.8268134593963623], "k_pid_alt": [2.0, 0.8763565421104431, 1.0], "k_pid_att": [1.624414324760437, 9.999999747378752e-05, 0.1226847767829895], "k_pid_yaw": [0.5, 1e-06, 0.1], "k_pid_hsp": [10.0, 0.026636213064193726, 0.0], "k_pid_vsp": [400.0, 380.71710205078125, 394.5738220214844]}, "datetime": {"datetime": "2025-08-11 19:18:23", "elapsed": 10382.506735086441, "delta": 30.30082654953003}, "costs": {"total_cost": 1440.9212332741758, "time_cost": 150, "final_distance_cost": 0.9998039026224756, "oscillation_cost": 22.839324372922647, "completition_cost": 1000.0, "overshoot_cost": 151.09974905412, "power_cost": 29.404527478027344, "noise_cost": 86.57782846648345, "n_waypoints_completed": 0, "tot_waypoints": 9}}
{"target": -820.5402757029609, "params": {"k_pid_pos": [1.883790373802185, 0.9942418336868286, 1.0], "k_pid_alt": [2.0, 0.961455225944519, 0.9495818614959717], "k_pid_att": [10.12423324584961, 9.999999747378752e-05, 0.09867128729820251], "k_pid_yaw": [0.5, 1e-06, 0.1], "k_pid_hsp": [9.66756820678711, 0.08944439888000488, 0.0], "k_pid_vsp": [388.8116760253906, 391.355712890625, 400.0]}, "datetime": {"datetime": "2025-08-11 19:18:53", "elapsed": 10412.640100479126, "delta": 30.133365392684937}, "costs": {"total_cost": 820.5402757029609, "time_cost": 150, "final_distance_cost": 74.0249842266742, "oscillation_cost": 244.18452994624252, "completition_cost": 222.2222222222222, "overshoot_cost": 68.7019114271074, "power_cost": 32.63959920654297, "noise_cost": 28.767028674171705, "n_waypoints_completed": 7, "tot_waypoints": 9}}
