{"target": -2015.9808722963285, "params": {"k_pid_pos": [2.0, 0.31083399057388306, 0.745254397392273], "k_pid_alt": [0.8985032439231873, 0.9045010805130005, 0.2871740162372589], "k_pid_att": [42.233543395996094, 5.196395397186279, 0.10569518804550171], "k_pid_yaw": [0.5, 1e-06, 0.1], "k_pid_hsp": [0.11791068315505981, 0.26343902945518494, 0.9138025045394897], "k_pid_vsp": [258.5252380371094, 120.53874969482422, 12.819958686828613]}, "datetime": {"datetime": "2025-08-11 17:13:40", "elapsed": 2899.6222863197327, "delta": 30.024816274642944}, "costs": {"total_cost": 2015.9808722963285, "time_cost": 150, "final_distance_cost": 81.76434447636512, "oscillation_cost": 818.6470786321573, "completition_cost": 777.7777777777778, "overshoot_cost": 123.38577103220152, "power_cost": 34.996635192871096, "noise_cost": 29.409265184955544, "n_waypoints_completed": 2, "tot_waypoints": 9}}
{"target": -1125.3434970762307, "params": {"k_pid_pos": [0.3523513078689575, 0.09103024005889893, 0.21851018071174622], "k_pid_alt": [2.0, 0.6186355948448181, 0.2089880406856537], "k_pid_att": [52.448219299316406, 2.6580617427825928, 0.921604335308075], "k_pid_yaw": [0.5, 1e-06, 0.1], "k_pid_hsp": [0.8468703031539917, 0.19762665033340454, 0.9984946250915527], "k_pid_vsp": [293.74713134765625, 113.69588470458984, 252.67758178710938]}, "datetime": {"datetime": "2025-08-11 17:14:09", "elapsed": 2929.3344464302063, "delta": 29.712160110473633}, "costs": {"total_cost": 1125.3434970762307, "time_cost": 150, "final_distance_cost": 81.7774562379936, "oscillation_cost": 432.68735410921147, "completition_cost": 333.33333333333337, "overshoot_cost": 63.608120063677305, "power_cost": 35.39772493896484, "noise_cost": 28.539508393050163, "n_waypoints_completed": 6, "tot_waypoints": 9}}
{"target": -1450.0414655614838, "params": {"k_pid_pos": [1.2075520753860474, 0.8289147615432739, 0.795195996761322], "k_pid_alt": [0.19172418117523193, 0.4135738015174866, 0.6906039714813232], "k_pid_att": [34.931331634521484, 9.222517967224121, 0.9237847328186035], "k_pid_yaw": [0.5, 1e-06, 0.1], "k_pid_hsp": [0.14662374556064606, 0.329367458820343, 0.7993725538253784], "k_pid_vsp": [221.97084045410156, 209.49244689941406, 192.82666015625]}, "datetime": {"datetime": "2025-08-11 17:14:40", "elapsed": 2959.481475830078, "delta": 30.147029399871826}, "costs": {"total_cost": 1450.0414655614838, "time_cost": 150, "final_distance_cost": 47.11733123561703, "oscillation_cost": 562.3201517838005, "completition_cost": 555.5555555555555, "overshoot_cost": 68.84793856875318, "power_cost": 35.15324635009766, "noise_cost": 31.047242067660104, "n_waypoints_completed": 4, "tot_waypoints": 9}}
{"target": -384.5510973720372, "params": {"k_pid_pos": [2.0, 0.0, 1.0], "k_pid_alt": [1.9615187644958496, 1.0, 0.94051194190979], "k_pid_att": [6.165781497955322, 6.726020812988281, 0.09772145748138428], "k_pid_yaw": [0.5, 1e-06, 0.1], "k_pid_hsp": [9.619293212890625, 0.13577541708946228, 0.9239757061004639], "k_pid_vsp": [400.0, 199.1984405517578, 25.151994705200195]}, "datetime": {"datetime": "2025-08-11 17:15:01", "elapsed": 2980.5914194583893, "delta": 21.109943628311157}, "costs": {"total_cost": 384.5510973720372, "time_cost": 79.121, "final_distance_cost": 1.7739864672014523, "oscillation_cost": 209.02527337867772, "completition_cost": 0.0, "overshoot_cost": 53.1708798067065, "power_cost": 21.451201586914063, "noise_cost": 20.008756132537453, "n_waypoints_completed": 9, "tot_waypoints": 9}}
{"target": -27607.489446815965, "params": {"k_pid_pos": [2.0, 0.007661581039428711, 1.0], "k_pid_alt": [2.0, 1.0, 0.9766240119934082], "k_pid_att": [0.0, 5.429409027099609, 0.0], "k_pid_yaw": [0.5, 1e-06, 0.1], "k_pid_hsp": [9.44483757019043, 0.1932583451271057, 0.9002808332443237], "k_pid_vsp": [343.61004638671875, 217.59548950195312, 9.999999974752427e-07]}, "datetime": {"datetime": "2025-08-11 17:15:30", "elapsed": 3010.3132042884827, "delta": 29.721784830093384}, "costs": {"total_cost": 27607.489446815965, "time_cost": 150, "final_distance_cost": 7826.567973932658, "oscillation_cost": 1808.1837655737827, "completition_cost": 1000.0, "overshoot_cost": 16619.733360809743, "power_cost": 58.73439986572266, "noise_cost": 144.2699466340616, "n_waypoints_completed": 0, "tot_waypoints": 9}}
{"target": -364.50557727280477, "params": {"k_pid_pos": [2.0, 0.0, 0.9955434799194336], "k_pid_alt": [2.0, 1.0, 0.9156939387321472], "k_pid_att": [0.6675988435745239, 9.999999747378752e-05, 0.14785337448120117], "k_pid_yaw": [0.5, 1e-06, 0.1], "k_pid_hsp": [10.0, 0.0, 0.36740967631340027], "k_pid_vsp": [400.0, 392.7891845703125, 297.37652587890625]}, "datetime": {"datetime": "2025-08-11 17:16:00", "elapsed": 3039.5925030708313, "delta": 29.279298782348633}, "costs": {"total_cost": 364.50557727280477, "time_cost": 117.81700000000001, "final_distance_cost": 1.7412528658021424, "oscillation_cost": 118.14272045810311, "completition_cost": 0.0, "overshoot_cost": 66.99601127874081, "power_cost": 30.815267602539063, "noise_cost": 28.993325067619676, "n_waypoints_completed": 9, "tot_waypoints": 9}}
{"target": -813.1677424826805, "params": {"k_pid_pos": [1.9932913780212402, 0.0, 1.0], "k_pid_alt": [2.0, 0.9779608249664307, 0.9164022207260132], "k_pid_att": [1.94624662399292, 9.999999747378752e-05, 0.0964464545249939], "k_pid_yaw": [0.5, 1e-06, 0.1], "k_pid_hsp": [10.0, 0.00911739468574524, 0.2987346053123474], "k_pid_vsp": [400.0, 388.7698669433594, 354.09637451171875]}, "datetime": {"datetime": "2025-08-11 17:16:30", "elapsed": 3069.5547659397125, "delta": 29.962262868881226}, "costs": {"total_cost": 813.1677424826805, "time_cost": 150, "final_distance_cost": 64.45445863392865, "oscillation_cost": 145.26861502124285, "completition_cost": 333.33333333333337, "overshoot_cost": 59.66945384345768, "power_cost": 31.866364758300783, "noise_cost": 28.575516892417284, "n_waypoints_completed": 6, "tot_waypoints": 9}}
{"target": -8367.885866932269, "params": {"k_pid_pos": [1.9449197053909302, 0.05020830035209656, 1.0], "k_pid_alt": [1.8831474781036377, 1.0, 0.9598455429077148], "k_pid_att": [0.0, 9.999999747378752e-05, 0.0], "k_pid_yaw": [0.5, 1e-06, 0.1], "k_pid_hsp": [10.0, 0.06540751457214355, 0.013949275016784668], "k_pid_vsp": [373.5044860839844, 380.3721008300781, 400.0]}, "datetime": {"datetime": "2025-08-11 17:17:00", "elapsed": 3099.5139043331146, "delta": 29.9591383934021}, "costs": {"total_cost": 8367.885866932269, "time_cost": 150, "final_distance_cost": 737.0665265035938, "oscillation_cost": 14.374397183547176, "completition_cost": 1000.0, "overshoot_cost": 6322.743080793571, "power_cost": 44.238298254394536, "noise_cost": 99.46356419716086, "n_waypoints_completed": 0, "tot_waypoints": 9}}
{"target": -7517.822075558645, "params": {"k_pid_pos": [1.9688596725463867, 0.0, 1.0], "k_pid_alt": [2.0, 1.0, 1.0], "k_pid_att": [0.0, 9.999999747378752e-05, 0.013849705457687378], "k_pid_yaw": [0.5, 1e-06, 0.1], "k_pid_hsp": [9.827333450317383, 0.028617799282073975, 0.0], "k_pid_vsp": [364.66851806640625, 400.0, 400.0]}, "datetime": {"datetime": "2025-08-11 17:17:29", "elapsed": 3129.1663715839386, "delta": 29.652467250823975}, "costs": {"total_cost": 7517.822075558645, "time_cost": 150, "final_distance_cost": 1946.9359163941153, "oscillation_cost": 8.045215085461562, "completition_cost": 1000.0, "overshoot_cost": 4297.02011732766, "power_cost": 36.661905505371095, "noise_cost": 79.15892124603785, "n_waypoints_completed": 0, "tot_waypoints": 9}}
{"target": -1691.0200079028014, "params": {"k_pid_pos": [1.9209742546081543, 0.0, 0.9325443506240845], "k_pid_alt": [2.0, 1.0, 1.0], "k_pid_att": [1.5069395303726196, 9.999999747378752e-05, 0.0326840877532959], "k_pid_yaw": [0.5, 1e-06, 0.1], "k_pid_hsp": [10.0, 0.0, 0.0], "k_pid_vsp": [400.0, 394.0409851074219, 373.9062194824219]}, "datetime": {"datetime": "2025-08-11 17:18:00", "elapsed": 3159.382102251053, "delta": 30.215730667114258}, "costs": {"total_cost": 1691.0200079028014, "time_cost": 150, "final_distance_cost": 1.0000747172077802, "oscillation_cost": 262.10972315598013, "completition_cost": 1000.0, "overshoot_cost": 156.76113303034734, "power_cost": 29.57846083984375, "noise_cost": 91.5706161594223, "n_waypoints_completed": 0, "tot_waypoints": 9}}
{"target": -1621.2957224823688, "params": {"k_pid_pos": [2.0, 0.0962195098400116, 0.9678531885147095], "k_pid_alt": [1.9489387273788452, 1.0, 1.0], "k_pid_att": [0.682288408279419, 9.999999747378752e-05, 0.02227938175201416], "k_pid_yaw": [0.5, 1e-06, 0.1], "k_pid_hsp": [9.961149215698242, 0.0, 0.0], "k_pid_vsp": [400.0, 400.0, 400.0]}, "datetime": {"datetime": "2025-08-11 17:18:29", "elapsed": 3189.19455575943, "delta": 29.812453508377075}, "costs": {"total_cost": 1621.2957224823688, "time_cost": 150, "final_distance_cost": 0.9985939822232736, "oscillation_cost": 184.29089784070968, "completition_cost": 1000.0, "overshoot_cost": 158.33984164801143, "power_cost": 29.22421220703125, "noise_cost": 98.44217680439307, "n_waypoints_completed": 0, "tot_waypoints": 9}}
{"target": -8214.462748119558, "params": {"k_pid_pos": [2.0, 0.014047205448150635, 0.9700359106063843], "k_pid_alt": [2.0, 1.0, 1.0], "k_pid_att": [0.0, 9.999999747378752e-05, 0.0], "k_pid_yaw": [0.5, 1e-06, 0.1], "k_pid_hsp": [10.0, 0.0, 0.01596730947494507], "k_pid_vsp": [400.0, 400.0, 400.0]}, "datetime": {"datetime": "2025-08-11 17:19:00", "elapsed": 3219.412050485611, "delta": 30.21749472618103}, "costs": {"total_cost": 8214.462748119558, "time_cost": 150, "final_distance_cost": 890.3983755255456, "oscillation_cost": 14.730584035185752, "completition_cost": 1000.0, "overshoot_cost": 6021.594335367703, "power_cost": 44.71811204833985, "noise_cost": 93.02134114278323, "n_waypoints_completed": 0, "tot_waypoints": 9}}
{"target": -1215.9435647956166, "params": {"k_pid_pos": [1.982730746269226, 0.013596028089523315, 0.9201167821884155], "k_pid_alt": [1.9753315448760986, 0.9869610071182251, 1.0], "k_pid_att": [4.085537910461426, 0.391021192073822, 0.0], "k_pid_yaw": [0.5, 1e-06, 0.1], "k_pid_hsp": [10.0, 0.0, 0.0], "k_pid_vsp": [400.0, 365.2094421386719, 377.3495178222656]}, "datetime": {"datetime": "2025-08-11 17:19:29", "elapsed": 3249.31982922554, "delta": 29.9077787399292}, "costs": {"total_cost": 1215.9435647956166, "time_cost": 150, "final_distance_cost": 55.2890406592076, "oscillation_cost": 435.65100351997063, "completition_cost": 444.4444444444444, "overshoot_cost": 68.8393276247181, "power_cost": 33.393264562988286, "noise_cost": 28.326483984287446, "n_waypoints_completed": 5, "tot_waypoints": 9}}
{"target": -1753.2834473864625, "params": {"k_pid_pos": [1.9306447505950928, 0.022340983152389526, 0.9918450117111206], "k_pid_alt": [2.0, 1.0, 1.0], "k_pid_att": [3.836745023727417, 0.4689498841762543, 0.05774509906768799], "k_pid_yaw": [0.5, 1e-06, 0.1], "k_pid_hsp": [10.0, 0.0, 0.01427188515663147], "k_pid_vsp": [400.0, 372.79058837890625, 390.5407409667969]}, "datetime": {"datetime": "2025-08-11 17:20:00", "elapsed": 3279.709545850754, "delta": 30.389716625213623}, "costs": {"total_cost": 1753.2834473864625, "time_cost": 150, "final_distance_cost": 0.9999449562403815, "oscillation_cost": 346.72275086989225, "completition_cost": 1000.0, "overshoot_cost": 152.4090984554416, "power_cost": 29.814946777343753, "noise_cost": 73.33670632754463, "n_waypoints_completed": 0, "tot_waypoints": 9}}
{"target": -8522.727647591915, "params": {"k_pid_pos": [2.0, 0.002785593271255493, 0.9799990653991699], "k_pid_alt": [2.0, 0.9972169399261475, 0.9591939449310303], "k_pid_att": [0.0, 9.999999747378752e-05, 0.0], "k_pid_yaw": [0.5, 1e-06, 0.1], "k_pid_hsp": [10.0, 0.03483501076698303, 0.0], "k_pid_vsp": [377.3766174316406, 340.0978698730469, 400.0]}, "datetime": {"datetime": "2025-08-11 17:20:29", "elapsed": 3309.242557287216, "delta": 29.533011436462402}, "costs": {"total_cost": 8522.727647591915, "time_cost": 150, "final_distance_cost": 697.5686978867045, "oscillation_cost": 14.250155785665, "completition_cost": 1000.0, "overshoot_cost": 6517.767406678289, "power_cost": 43.60705615234375, "noise_cost": 99.53433108891326, "n_waypoints_completed": 0, "tot_waypoints": 9}}
{"target": -1759.29045800409, "params": {"k_pid_pos": [2.0, 0.0, 0.9834647178649902], "k_pid_alt": [2.0, 1.0, 1.0], "k_pid_att": [2.1140666007995605, 9.999999747378752e-05, 0.03596726059913635], "k_pid_yaw": [0.5, 1e-06, 0.1], "k_pid_hsp": [10.0, 0.0, 0.051216065883636475], "k_pid_vsp": [391.63641357421875, 390.5226745605469, 400.0]}, "datetime": {"datetime": "2025-08-11 17:21:00", "elapsed": 3339.7203187942505, "delta": 30.4777615070343}, "costs": {"total_cost": 1759.29045800409, "time_cost": 150, "final_distance_cost": 0.9998536366930333, "oscillation_cost": 318.90514274963004, "completition_cost": 1000.0, "overshoot_cost": 160.42468380307642, "power_cost": 29.583956958007814, "noise_cost": 99.37682085668261, "n_waypoints_completed": 0, "tot_waypoints": 9}}
{"target": -3598.929087168363, "params": {"k_pid_pos": [1.8182097673416138, 0.0, 0.9471209645271301], "k_pid_alt": [1.9606120586395264, 0.9613124132156372, 1.0], "k_pid_att": [0.0, 9.999999747378752e-05, 0.07467398047447205], "k_pid_yaw": [0.5, 1e-06, 0.1], "k_pid_hsp": [9.574824333190918, 0.0, 0.0392376184463501], "k_pid_vsp": [400.0, 400.0, 368.73370361328125]}, "datetime": {"datetime": "2025-08-11 17:21:30", "elapsed": 3370.29478764534, "delta": 30.574468851089478}, "costs": {"total_cost": 3598.929087168363, "time_cost": 150, "final_distance_cost": 731.9458706711514, "oscillation_cost": 3.934884144305694, "completition_cost": 1000.0, "overshoot_cost": 1577.2341356776633, "power_cost": 29.42303946533203, "noise_cost": 106.39115720991043, "n_waypoints_completed": 0, "tot_waypoints": 9}}
{"target": -10006.725676794931, "params": {"k_pid_pos": [1.9989993572235107, 0.0, 1.0], "k_pid_alt": [2.0, 1.0, 0.936044454574585], "k_pid_att": [0.0, 0.006731546018272638, 0.03620550036430359], "k_pid_yaw": [0.5, 1e-06, 0.1], "k_pid_hsp": [9.862499237060547, 0.0, 0.0], "k_pid_vsp": [400.0, 369.0595397949219, 400.0]}, "datetime": {"datetime": "2025-08-11 17:22:00", "elapsed": 3400.2815465927124, "delta": 29.986758947372437}, "costs": {"total_cost": 10006.725676794931, "time_cost": 150, "final_distance_cost": 2416.19599109995, "oscillation_cost": 821.126149835148, "completition_cost": 1000.0, "overshoot_cost": 5415.499048638067, "power_cost": 55.183638037109375, "noise_cost": 148.7208491846566, "n_waypoints_completed": 0, "tot_waypoints": 9}}
{"target": -6059.270806419549, "params": {"k_pid_pos": [1.9081010818481445, 0.0, 0.8812587261199951], "k_pid_alt": [2.0, 1.0, 0.9330803751945496], "k_pid_att": [0.0, 0.15605995059013367, 0.0], "k_pid_yaw": [0.5, 1e-06, 0.1], "k_pid_hsp": [9.90481185913086, 0.0, 0.09431242942810059], "k_pid_vsp": [389.1661376953125, 396.0270690917969, 400.0]}, "datetime": {"datetime": "2025-08-11 17:22:30", "elapsed": 3429.8789207935333, "delta": 29.597374200820923}, "costs": {"total_cost": 6059.270806419549, "time_cost": 150, "final_distance_cost": 1696.7117221789795, "oscillation_cost": 1048.7261502547128, "completition_cost": 1000.0, "overshoot_cost": 1934.6027548588513, "power_cost": 58.12673664550781, "noise_cost": 171.10344248149892, "n_waypoints_completed": 0, "tot_waypoints": 9}}
{"target": -1465.9367047112366, "params": {"k_pid_pos": [2.0, 0.0553191602230072, 1.0], "k_pid_alt": [2.0, 0.9633334279060364, 0.975252091884613], "k_pid_att": [1.3342797756195068, 0.3039018213748932, 0.07881253957748413], "k_pid_yaw": [0.5, 1e-06, 0.1], "k_pid_hsp": [9.739075660705566, 0.0, 0.015880584716796875], "k_pid_vsp": [400.0, 380.0426330566406, 400.0]}, "datetime": {"datetime": "2025-08-11 17:23:01", "elapsed": 3460.476665496826, "delta": 30.597744703292847}, "costs": {"total_cost": 1465.9367047112366, "time_cost": 150, "final_distance_cost": 0.9984914353293108, "oscillation_cost": 23.67309348211778, "completition_cost": 1000.0, "overshoot_cost": 159.77972189533784, "power_cost": 29.28347801513672, "noise_cost": 102.20191988331504, "n_waypoints_completed": 0, "tot_waypoints": 9}}
{"target": -1687.303988051919, "params": {"k_pid_pos": [2.0, 0.03232213854789734, 1.0], "k_pid_alt": [1.9541606903076172, 1.0, 0.9301725625991821], "k_pid_att": [2.280888080596924, 9.999999747378752e-05, 0.029972821474075317], "k_pid_yaw": [0.5, 1e-06, 0.1], "k_pid_hsp": [10.0, 0.007392078638076782, 0.042560577392578125], "k_pid_vsp": [400.0, 400.0, 400.0]}, "datetime": {"datetime": "2025-08-11 17:23:30", "elapsed": 3490.334245443344, "delta": 29.857579946517944}, "costs": {"total_cost": 1687.303988051919, "time_cost": 150, "final_distance_cost": 14.935728821482279, "oscillation_cost": 338.41095552571625, "completition_cost": 1000.0, "overshoot_cost": 127.38312709492767, "power_cost": 30.545261560058595, "noise_cost": 26.028915049734188, "n_waypoints_completed": 0, "tot_waypoints": 9}}
{"target": -1259.955808098226, "params": {"k_pid_pos": [2.0, 0.9758918285369873, 0.99526047706604], "k_pid_alt": [1.9257793426513672, 1.0, 0.9590793251991272], "k_pid_att": [9.919389724731445, 9.999999747378752e-05, 0.0], "k_pid_yaw": [0.5, 1e-06, 0.1], "k_pid_hsp": [9.982378005981445, 0.0, 0.032925546169281006], "k_pid_vsp": [386.2330322265625, 400.0, 381.95391845703125]}, "datetime": {"datetime": "2025-08-11 17:24:02", "elapsed": 3521.5212087631226, "delta": 31.186963319778442}, "costs": {"total_cost": 1259.955808098226, "time_cost": 150, "final_distance_cost": 50.931095431420204, "oscillation_cost": 494.9377214847429, "completition_cost": 444.4444444444444, "overshoot_cost": 57.25052145385812, "power_cost": 32.44857088623047, "noise_cost": 29.943454397530182, "n_waypoints_completed": 5, "tot_waypoints": 9}}
{"target": -1406.85238430549, "params": {"k_pid_pos": [2.0, 0.9919037222862244, 1.0], "k_pid_alt": [1.9209117889404297, 1.0, 1.0], "k_pid_att": [4.294615745544434, 9.999999747378752e-05, 0.015961647033691406], "k_pid_yaw": [0.5, 1e-06, 0.1], "k_pid_hsp": [9.807918548583984, 0.09719780087471008, 0.06200152635574341], "k_pid_vsp": [400.0, 400.0, 400.0]}, "datetime": {"datetime": "2025-08-11 17:24:32", "elapsed": 3551.5422852039337, "delta": 30.021076440811157}, "costs": {"total_cost": 1406.85238430549, "time_cost": 150, "final_distance_cost": 52.54590929083001, "oscillation_cost": 414.6874647570383, "completition_cost": 666.6666666666667, "overshoot_cost": 62.88519818115969, "power_cost": 31.293201501464846, "noise_cost": 28.773943908330427, "n_waypoints_completed": 3, "tot_waypoints": 9}}
{"target": -943.9622800306072, "params": {"k_pid_pos": [1.811763882637024, 1.0, 1.0], "k_pid_alt": [2.0, 1.0, 1.0], "k_pid_att": [11.187950134277344, 1.0824061632156372, 0.14543938636779785], "k_pid_yaw": [0.5, 1e-06, 0.1], "k_pid_hsp": [8.965597152709961, 0.0, 0.1283842921257019], "k_pid_vsp": [381.54644775390625, 377.8812255859375, 393.3328857421875]}, "datetime": {"datetime": "2025-08-11 17:25:02", "elapsed": 3581.5585782527924, "delta": 30.016293048858643}, "costs": {"total_cost": 943.9622800306072, "time_cost": 150, "final_distance_cost": 75.9196572533681, "oscillation_cost": 373.25110377576567, "completition_cost": 222.2222222222222, "overshoot_cost": 59.25175366341824, "power_cost": 33.098184509277345, "noise_cost": 30.219358606555826, "n_waypoints_completed": 7, "tot_waypoints": 9}}
{"target": -1266.3649184067572, "params": {"k_pid_pos": [2.0, 1.0, 1.0], "k_pid_alt": [2.0, 0.9870927333831787, 1.0], "k_pid_att": [10.292232513427734, 9.999999747378752e-05, 0.0], "k_pid_yaw": [0.5, 1e-06, 0.1], "k_pid_hsp": [9.671051979064941, 0.031740278005599976, 0.047155946493148804], "k_pid_vsp": [398.9814147949219, 400.0, 389.3975830078125]}, "datetime": {"datetime": "2025-08-11 17:25:31", "elapsed": 3611.1750683784485, "delta": 29.616490125656128}, "costs": {"total_cost": 1266.3649184067572, "time_cost": 150, "final_distance_cost": 50.6915782072486, "oscillation_cost": 500.98768724353636, "completition_cost": 444.4444444444444, "overshoot_cost": 57.16207382441531, "power_cost": 32.819181103515625, "noise_cost": 30.25995358359713, "n_waypoints_completed": 5, "tot_waypoints": 9}}
{"target": -1467.5775337738764, "params": {"k_pid_pos": [1.897586703300476, 0.8682049512863159, 0.9962742328643799], "k_pid_alt": [1.7687525749206543, 0.9772419929504395, 1.0], "k_pid_att": [1.6683876514434814, 0.5712391138076782, 0.13363873958587646], "k_pid_yaw": [0.5, 1e-06, 0.1], "k_pid_hsp": [10.0, 0.0, 0.0036502480506896973], "k_pid_vsp": [399.6395263671875, 386.7685241699219, 400.0]}, "datetime": {"datetime": "2025-08-11 17:26:01", "elapsed": 3640.711261034012, "delta": 29.536192655563354}, "costs": {"total_cost": 1467.5775337738764, "time_cost": 150, "final_distance_cost": 0.9996838976892891, "oscillation_cost": 31.495098145182197, "completition_cost": 1000.0, "overshoot_cost": 158.03329233346741, "power_cost": 29.267982177734375, "noise_cost": 97.78147721980298, "n_waypoints_completed": 0, "tot_waypoints": 9}}
{"target": -6538.642120866584, "params": {"k_pid_pos": [2.0, 0.9622796773910522, 0.9597805142402649], "k_pid_alt": [2.0, 0.9870574474334717, 0.9528117775917053], "k_pid_att": [0.0, 0.11439880728721619, 0.0], "k_pid_yaw": [0.5, 1e-06, 0.1], "k_pid_hsp": [10.0, 0.006117463111877441, 0.0], "k_pid_vsp": [389.4224548339844, 400.0, 394.4417419433594]}, "datetime": {"datetime": "2025-08-11 17:26:32", "elapsed": 3671.822105407715, "delta": 31.110844373703003}, "costs": {"total_cost": 6538.642120866584, "time_cost": 150, "final_distance_cost": 1757.1353269649344, "oscillation_cost": 885.4440034201763, "completition_cost": 1000.0, "overshoot_cost": 2519.581785665977, "power_cost": 57.74909354248047, "noise_cost": 168.73191127301686, "n_waypoints_completed": 0, "tot_waypoints": 9}}
