{"target": -8756.474670507236, "params": {"k_pid_pos": [2.0, 0.9711698293685913, 0.9815173149108887], "k_pid_alt": [1.8934447765350342, 1.0, 0.9516162872314453], "k_pid_att": [0.0, 9.999999747378752e-05, 0.007285028696060181], "k_pid_yaw": [0.5, 1e-06, 0.1], "k_pid_hsp": [9.908442497253418, 0.11013469099998474, 0.013829261064529419], "k_pid_vsp": [400.0, 393.9456481933594, 400.0]}, "datetime": {"datetime": "2025-08-11 23:18:54", "elapsed": 24813.86653113365, "delta": 30.663487672805786}, "costs": {"total_cost": 8756.474670507236, "time_cost": 150, "final_distance_cost": 2158.8584487991097, "oscillation_cost": 10.613923320830201, "completition_cost": 1000.0, "overshoot_cost": 5316.907975543405, "power_cost": 41.154771875, "noise_cost": 78.93955096889167, "n_waypoints_completed": 0, "tot_waypoints": 9}}
{"target": -7159.995503928829, "params": {"k_pid_pos": [2.0, 1.0, 0.9927076101303101], "k_pid_alt": [2.0, 1.0, 1.0], "k_pid_att": [0.0, 0.09412062168121338, 0.03531289100646973], "k_pid_yaw": [0.5, 1e-06, 0.1], "k_pid_hsp": [9.83031940460205, 0.0, 0.027398288249969482], "k_pid_vsp": [400.0, 400.0, 400.0]}, "datetime": {"datetime": "2025-08-11 23:19:25", "elapsed": 24844.9215593338, "delta": 31.055028200149536}, "costs": {"total_cost": 7159.995503928829, "time_cost": 150, "final_distance_cost": 1988.2781668030302, "oscillation_cost": 783.1405250986639, "completition_cost": 1000.0, "overshoot_cost": 3014.674040689682, "power_cost": 57.563400256347656, "noise_cost": 166.3393710811048, "n_waypoints_completed": 0, "tot_waypoints": 9}}
{"target": -1611.9513219885457, "params": {"k_pid_pos": [2.0, 0.9881278276443481, 1.0], "k_pid_alt": [2.0, 1.0, 0.9296154379844666], "k_pid_att": [1.056244969367981, 9.999999747378752e-05, 0.0], "k_pid_yaw": [0.5, 1e-06, 0.1], "k_pid_hsp": [9.746302604675293, 0.09852883219718933, 0.0], "k_pid_vsp": [377.2701416015625, 400.0, 400.0]}, "datetime": {"datetime": "2025-08-11 23:19:56", "elapsed": 24875.45332813263, "delta": 30.531768798828125}, "costs": {"total_cost": 1611.9513219885457, "time_cost": 150, "final_distance_cost": 16.45933765623746, "oscillation_cost": 272.91453047300666, "completition_cost": 1000.0, "overshoot_cost": 113.46320594988713, "power_cost": 31.959401965332034, "noise_cost": 27.1548459440823, "n_waypoints_completed": 0, "tot_waypoints": 9}}
{"target": -1598.244319028693, "params": {"k_pid_pos": [1.9898972511291504, 1.0, 1.0], "k_pid_alt": [1.974916696548462, 0.9884107112884521, 0.928885281085968], "k_pid_att": [4.781985282897949, 0.24290066957473755, 0.025294184684753418], "k_pid_yaw": [0.5, 1e-06, 0.1], "k_pid_hsp": [10.0, 0.0889512300491333, 0.04235222935676575], "k_pid_vsp": [370.450439453125, 384.9779052734375, 400.0]}, "datetime": {"datetime": "2025-08-11 23:20:26", "elapsed": 24905.97536921501, "delta": 30.522041082382202}, "costs": {"total_cost": 1598.244319028693, "time_cost": 150, "final_distance_cost": 85.45991970387458, "oscillation_cost": 453.8627977853875, "completition_cost": 777.7777777777778, "overshoot_cost": 72.28685483473488, "power_cost": 31.54753728027344, "noise_cost": 27.309431646644885, "n_waypoints_completed": 2, "tot_waypoints": 9}}
{"target": -1099.1683553580278, "params": {"k_pid_pos": [2.0, 0.8922531604766846, 0.9728195071220398], "k_pid_alt": [2.0, 1.0, 0.9731031060218811], "k_pid_att": [4.910385608673096, 0.6347680687904358, 0.0], "k_pid_yaw": [0.5, 1e-06, 0.1], "k_pid_hsp": [10.0, 0.012182474136352539, 0.042719483375549316], "k_pid_vsp": [400.0, 400.0, 382.7249450683594]}, "datetime": {"datetime": "2025-08-11 23:20:56", "elapsed": 24935.89474439621, "delta": 29.91937518119812}, "costs": {"total_cost": 1099.1683553580278, "time_cost": 150, "final_distance_cost": 66.07230089565081, "oscillation_cost": 423.31127408510423, "completition_cost": 333.33333333333337, "overshoot_cost": 63.25541350341466, "power_cost": 33.575121875, "noise_cost": 29.620911665524723, "n_waypoints_completed": 6, "tot_waypoints": 9}}
{"target": -4455.534729786741, "params": {"k_pid_pos": [1.9709503650665283, 1.0, 0.9916887879371643], "k_pid_alt": [2.0, 0.959946870803833, 0.9911159873008728], "k_pid_att": [0.0, 0.18858587741851807, 0.04933220148086548], "k_pid_yaw": [0.5, 1e-06, 0.1], "k_pid_hsp": [8.607068061828613, 0.060364991426467896, 0.02194485068321228], "k_pid_vsp": [364.7655029296875, 382.985595703125, 400.0]}, "datetime": {"datetime": "2025-08-11 23:21:27", "elapsed": 24967.096300840378, "delta": 31.20155644416809}, "costs": {"total_cost": 4455.534729786741, "time_cost": 150, "final_distance_cost": 578.1455969871782, "oscillation_cost": 860.9479260931947, "completition_cost": 1000.0, "overshoot_cost": 1642.0497282732656, "power_cost": 57.214854895019535, "noise_cost": 167.17662353808313, "n_waypoints_completed": 0, "tot_waypoints": 9}}
{"target": -8382.126297450994, "params": {"k_pid_pos": [2.0, 0.9590532779693604, 1.0], "k_pid_alt": [1.9351093769073486, 1.0, 0.9472249746322632], "k_pid_att": [0.0, 9.999999747378752e-05, 0.004785627126693726], "k_pid_yaw": [0.5, 1e-06, 0.1], "k_pid_hsp": [10.0, 0.039051443338394165, 0.04976499080657959], "k_pid_vsp": [400.0, 395.2531433105469, 389.4301452636719]}, "datetime": {"datetime": "2025-08-11 23:21:58", "elapsed": 24997.715094327927, "delta": 30.618793487548828}, "costs": {"total_cost": 8382.126297450994, "time_cost": 150, "final_distance_cost": 2423.5663161995117, "oscillation_cost": 11.980058414580864, "completition_cost": 1000.0, "overshoot_cost": 4685.055367897319, "power_cost": 41.930640832519536, "noise_cost": 69.59391410706375, "n_waypoints_completed": 0, "tot_waypoints": 9}}
{"target": -1173.546444534499, "params": {"k_pid_pos": [1.9156752824783325, 1.0, 1.0], "k_pid_alt": [2.0, 1.0, 1.0], "k_pid_att": [3.862318515777588, 9.999999747378752e-05, 0.0], "k_pid_yaw": [0.5, 1e-06, 0.1], "k_pid_hsp": [10.0, 0.01674017310142517, 0.07125413417816162], "k_pid_vsp": [400.0, 393.72100830078125, 400.0]}, "datetime": {"datetime": "2025-08-11 23:22:28", "elapsed": 25027.644122600555, "delta": 29.929028272628784}, "costs": {"total_cost": 1173.546444534499, "time_cost": 150, "final_distance_cost": 58.93319094950344, "oscillation_cost": 389.68223808077886, "completition_cost": 444.4444444444444, "overshoot_cost": 68.23647856979777, "power_cost": 32.96981452636719, "noise_cost": 29.28027796360744, "n_waypoints_completed": 5, "tot_waypoints": 9}}
{"target": -5044.362087403431, "params": {"k_pid_pos": [1.8969027996063232, 0.9532989263534546, 0.9226869940757751], "k_pid_alt": [1.9769234657287598, 0.9592210054397583, 1.0], "k_pid_att": [0.0, 0.05305730551481247, 0.03597661852836609], "k_pid_yaw": [0.5, 1e-06, 0.1], "k_pid_hsp": [10.0, 0.05952751636505127, 0.04250204563140869], "k_pid_vsp": [400.0, 399.3207092285156, 396.12158203125]}, "datetime": {"datetime": "2025-08-11 23:22:58", "elapsed": 25058.0897564888, "delta": 30.44563388824463}, "costs": {"total_cost": 5044.362087403431, "time_cost": 150, "final_distance_cost": 642.6967953151913, "oscillation_cost": 501.57234273985375, "completition_cost": 1000.0, "overshoot_cost": 2532.998384212591, "power_cost": 56.969130676269536, "noise_cost": 160.1254344595253, "n_waypoints_completed": 0, "tot_waypoints": 9}}
{"target": -8356.25560938982, "params": {"k_pid_pos": [2.0, 0.9927659034729004, 1.0], "k_pid_alt": [1.8331665992736816, 1.0, 1.0], "k_pid_att": [0.0, 9.999999747378752e-05, 0.0], "k_pid_yaw": [0.5, 1e-06, 0.1], "k_pid_hsp": [10.0, 0.009168475866317749, 0.0], "k_pid_vsp": [364.91278076171875, 400.0, 373.0035400390625]}, "datetime": {"datetime": "2025-08-11 23:23:28", "elapsed": 25088.268654823303, "delta": 30.178898334503174}, "costs": {"total_cost": 8356.25560938982, "time_cost": 150, "final_distance_cost": 1087.1579022669687, "oscillation_cost": 14.882453945125619, "completition_cost": 1000.0, "overshoot_cost": 5967.404262266641, "power_cost": 44.897645373535155, "noise_cost": 91.91334553754847, "n_waypoints_completed": 0, "tot_waypoints": 9}}
{"target": -4870.831162586734, "params": {"k_pid_pos": [2.0, 1.0, 0.930945098400116], "k_pid_alt": [2.0, 0.9747204780578613, 1.0], "k_pid_att": [0.0, 0.7994147539138794, 0.06248447299003601], "k_pid_yaw": [0.5, 1e-06, 0.1], "k_pid_hsp": [9.721390724182129, 0.0, 0.05968189239501953], "k_pid_vsp": [363.1453552246094, 400.0, 400.0]}, "datetime": {"datetime": "2025-08-11 23:23:59", "elapsed": 25118.964974164963, "delta": 30.696319341659546}, "costs": {"total_cost": 4870.831162586734, "time_cost": 150, "final_distance_cost": 403.2608600018712, "oscillation_cost": 1939.2157892167882, "completition_cost": 1000.0, "overshoot_cost": 1149.1182236195934, "power_cost": 56.623737854003906, "noise_cost": 172.61255189447772, "n_waypoints_completed": 0, "tot_waypoints": 9}}
{"target": -1524.1734334115258, "params": {"k_pid_pos": [1.9813209772109985, 1.0, 0.9815186262130737], "k_pid_alt": [1.8653377294540405, 0.9682079553604126, 0.9420769214630127], "k_pid_att": [6.3851118087768555, 9.999999747378752e-05, 0.007767975330352783], "k_pid_yaw": [0.5, 1e-06, 0.1], "k_pid_hsp": [9.862205505371094, 0.0, 0.0], "k_pid_vsp": [385.51873779296875, 400.0, 400.0]}, "datetime": {"datetime": "2025-08-11 23:24:29", "elapsed": 25149.143466234207, "delta": 30.178492069244385}, "costs": {"total_cost": 1524.1734334115258, "time_cost": 150, "final_distance_cost": 82.13487842148807, "oscillation_cost": 493.9877184625364, "completition_cost": 666.6666666666667, "overshoot_cost": 69.3083886356772, "power_cost": 33.162022497558596, "noise_cost": 28.9137587275988, "n_waypoints_completed": 3, "tot_waypoints": 9}}
{"target": -8153.483359529467, "params": {"k_pid_pos": [2.0, 1.0, 0.8927499055862427], "k_pid_alt": [1.8152143955230713, 1.0, 0.9540778398513794], "k_pid_att": [0.0, 9.999999747378752e-05, 0.0], "k_pid_yaw": [0.5, 1e-06, 0.1], "k_pid_hsp": [8.953661918640137, 0.0, 0.0], "k_pid_vsp": [400.0, 400.0, 400.0]}, "datetime": {"datetime": "2025-08-11 23:25:00", "elapsed": 25179.521724939346, "delta": 30.37825870513916}, "costs": {"total_cost": 8153.483359529467, "time_cost": 150, "final_distance_cost": 969.0313588448824, "oscillation_cost": 14.839779552882712, "completition_cost": 1000.0, "overshoot_cost": 5883.014429477696, "power_cost": 44.398518713378905, "noise_cost": 92.19927294062722, "n_waypoints_completed": 0, "tot_waypoints": 9}}
{"target": -1492.954595402183, "params": {"k_pid_pos": [2.0, 1.0, 1.0], "k_pid_alt": [2.0, 1.0, 1.0], "k_pid_att": [0.9342938661575317, 0.203842431306839, 0.0], "k_pid_yaw": [0.5, 1e-06, 0.1], "k_pid_hsp": [9.783382415771484, 0.014947980642318726, 0.0], "k_pid_vsp": [380.4256286621094, 399.7832336425781, 400.0]}, "datetime": {"datetime": "2025-08-11 23:25:29", "elapsed": 25209.337975025177, "delta": 29.81625008583069}, "costs": {"total_cost": 1492.954595402183, "time_cost": 150, "final_distance_cost": 68.55571870948698, "oscillation_cost": 262.4115702867104, "completition_cost": 888.8888888888888, "overshoot_cost": 62.42203634551386, "power_cost": 32.695133154296876, "noise_cost": 27.981248017286088, "n_waypoints_completed": 1, "tot_waypoints": 9}}
{"target": -4761.582940529638, "params": {"k_pid_pos": [2.0, 1.0, 1.0], "k_pid_alt": [2.0, 0.9954811930656433, 1.0], "k_pid_att": [0.0, 9.999999747378752e-05, 0.031159967184066772], "k_pid_yaw": [0.5, 1e-06, 0.1], "k_pid_hsp": [9.194207191467285, 0.04705137014389038, 0.05452093482017517], "k_pid_vsp": [359.2193908691406, 379.0336608886719, 400.0]}, "datetime": {"datetime": "2025-08-11 23:26:00", "elapsed": 25239.72270131111, "delta": 30.38472628593445}, "costs": {"total_cost": 4761.582940529638, "time_cost": 150, "final_distance_cost": 1321.8775163859764, "oscillation_cost": 5.538176984863973, "completition_cost": 1000.0, "overshoot_cost": 2170.6247653631576, "power_cost": 30.666282958984375, "noise_cost": 82.87619883665569, "n_waypoints_completed": 0, "tot_waypoints": 9}}
{"target": -4399.462174562944, "params": {"k_pid_pos": [1.9773211479187012, 1.0, 0.9957156181335449], "k_pid_alt": [1.8742893934249878, 1.0, 1.0], "k_pid_att": [0.0, 0.25619861483573914, 0.08598864078521729], "k_pid_yaw": [0.5, 1e-06, 0.1], "k_pid_hsp": [9.73330307006836, 0.030305176973342896, 0.06176289916038513], "k_pid_vsp": [400.0, 400.0, 386.998046875]}, "datetime": {"datetime": "2025-08-11 23:26:30", "elapsed": 25269.70230269432, "delta": 29.97960138320923}, "costs": {"total_cost": 4399.462174562944, "time_cost": 150, "final_distance_cost": 543.7675315184246, "oscillation_cost": 918.325615698279, "completition_cost": 1000.0, "overshoot_cost": 1561.6077653909288, "power_cost": 57.67276170654297, "noise_cost": 168.0885002487696, "n_waypoints_completed": 0, "tot_waypoints": 9}}
{"target": -8047.7188258106, "params": {"k_pid_pos": [1.967489242553711, 0.8934606909751892, 0.9892020225524902], "k_pid_alt": [2.0, 0.9802099466323853, 1.0], "k_pid_att": [0.0, 9.999999747378752e-05, 0.0], "k_pid_yaw": [0.5, 1e-06, 0.1], "k_pid_hsp": [10.0, 0.1099088191986084, 0.030949890613555908], "k_pid_vsp": [390.0077819824219, 400.0, 371.2114562988281]}, "datetime": {"datetime": "2025-08-11 23:27:00", "elapsed": 25299.7617559433, "delta": 30.05945324897766}, "costs": {"total_cost": 8047.7188258106, "time_cost": 150, "final_distance_cost": 1139.5456315447543, "oscillation_cost": 15.202073155768215, "completition_cost": 1000.0, "overshoot_cost": 5609.694806221711, "power_cost": 46.09550526123047, "noise_cost": 87.18080962713587, "n_waypoints_completed": 0, "tot_waypoints": 9}}
{"target": -8122.286082577955, "params": {"k_pid_pos": [2.0, 1.0, 1.0], "k_pid_alt": [1.9920415878295898, 0.9787536859512329, 1.0], "k_pid_att": [0.0, 9.999999747378752e-05, 0.0], "k_pid_yaw": [0.5, 1e-06, 0.1], "k_pid_hsp": [9.9895658493042, 0.009068310260772705, 0.041311413049697876], "k_pid_vsp": [400.0, 387.8984680175781, 400.0]}, "datetime": {"datetime": "2025-08-11 23:27:30", "elapsed": 25329.519743204117, "delta": 29.75798726081848}, "costs": {"total_cost": 8122.286082577955, "time_cost": 150, "final_distance_cost": 859.4588356296556, "oscillation_cost": 14.680219790410062, "completition_cost": 1000.0, "overshoot_cost": 5957.931411073101, "power_cost": 44.63222808837891, "noise_cost": 95.58338799640902, "n_waypoints_completed": 0, "tot_waypoints": 9}}
{"target": -8064.7911647916535, "params": {"k_pid_pos": [2.0, 0.9056892395019531, 0.9990483522415161], "k_pid_alt": [1.9959895610809326, 0.9590086936950684, 1.0], "k_pid_att": [0.0, 9.999999747378752e-05, 0.0], "k_pid_yaw": [0.5, 1e-06, 0.1], "k_pid_hsp": [9.933886528015137, 0.04446902871131897, 0.055491864681243896], "k_pid_vsp": [400.0, 400.0, 400.0]}, "datetime": {"datetime": "2025-08-11 23:28:00", "elapsed": 25360.146326303482, "delta": 30.626583099365234}, "costs": {"total_cost": 8064.7911647916535, "time_cost": 150, "final_distance_cost": 839.0438666643477, "oscillation_cost": 14.819319931243275, "completition_cost": 1000.0, "overshoot_cost": 5921.101429616258, "power_cost": 45.12974956054688, "noise_cost": 94.69679901925737, "n_waypoints_completed": 0, "tot_waypoints": 9}}
{"target": -1042.4019454140996, "params": {"k_pid_pos": [1.9018746614456177, 0.9471480846405029, 1.0], "k_pid_alt": [1.9348068237304688, 1.0, 0.9145728349685669], "k_pid_att": [0.6803572177886963, 9.999999747378752e-05, 0.0], "k_pid_yaw": [0.5, 1e-06, 0.1], "k_pid_hsp": [9.366188049316406, 0.0, 0.012827157974243164], "k_pid_vsp": [389.3975830078125, 396.06494140625, 400.0]}, "datetime": {"datetime": "2025-08-11 23:28:31", "elapsed": 25391.14759516716, "delta": 31.00126886367798}, "costs": {"total_cost": 1042.4019454140996, "time_cost": 150, "final_distance_cost": 42.12404701726659, "oscillation_cost": 160.4273282572309, "completition_cost": 555.5555555555555, "overshoot_cost": 73.07864936627828, "power_cost": 33.09077663574219, "noise_cost": 28.125588582026104, "n_waypoints_completed": 4, "tot_waypoints": 9}}
{"target": -4522.50039833757, "params": {"k_pid_pos": [1.9733984470367432, 0.9843407869338989, 0.9914290904998779], "k_pid_alt": [2.0, 1.0, 0.9783930778503418], "k_pid_att": [0.0, 9.999999747378752e-05, 0.03007534146308899], "k_pid_yaw": [0.5, 1e-06, 0.1], "k_pid_hsp": [10.0, 0.0, 0.047411829233169556], "k_pid_vsp": [370.609619140625, 400.0, 346.86895751953125]}, "datetime": {"datetime": "2025-08-11 23:29:02", "elapsed": 25421.4286570549, "delta": 30.28106188774109}, "costs": {"total_cost": 4522.50039833757, "time_cost": 150, "final_distance_cost": 899.8667018580625, "oscillation_cost": 5.769193748339409, "completition_cost": 1000.0, "overshoot_cost": 2385.5047172572135, "power_cost": 31.279527954101564, "noise_cost": 50.08025751985284, "n_waypoints_completed": 0, "tot_waypoints": 9}}
{"target": -1764.5845484932606, "params": {"k_pid_pos": [1.7994741201400757, 0.9201844930648804, 0.9371479749679565], "k_pid_alt": [2.0, 0.9960697293281555, 0.9522713422775269], "k_pid_att": [2.4693846702575684, 9.999999747378752e-05, 0.04002106189727783], "k_pid_yaw": [0.5, 1e-06, 0.1], "k_pid_hsp": [9.78498649597168, 0.0, 0.0], "k_pid_vsp": [372.571533203125, 400.0, 384.5070495605469]}, "datetime": {"datetime": "2025-08-11 23:29:33", "elapsed": 25452.644404172897, "delta": 31.215747117996216}, "costs": {"total_cost": 1764.5845484932606, "time_cost": 150, "final_distance_cost": 0.9990721614832471, "oscillation_cost": 320.24019717113066, "completition_cost": 1000.0, "overshoot_cost": 160.17291964284942, "power_cost": 29.220432861328128, "noise_cost": 103.95192665646914, "n_waypoints_completed": 0, "tot_waypoints": 9}}
{"target": -8039.13785988203, "params": {"k_pid_pos": [1.9587093591690063, 1.0, 0.9906063675880432], "k_pid_alt": [2.0, 0.8878854513168335, 1.0], "k_pid_att": [0.0, 9.999999747378752e-05, 0.0], "k_pid_yaw": [0.5, 1e-06, 0.1], "k_pid_hsp": [10.0, 0.06602898240089417, 0.0], "k_pid_vsp": [400.0, 400.0, 366.5040588378906]}, "datetime": {"datetime": "2025-08-11 23:30:03", "elapsed": 25483.138165950775, "delta": 30.493761777877808}, "costs": {"total_cost": 8039.13785988203, "time_cost": 150, "final_distance_cost": 1181.204749173019, "oscillation_cost": 15.288434778351222, "completition_cost": 1000.0, "overshoot_cost": 5569.482831736494, "power_cost": 45.11730614013672, "noise_cost": 78.04453805402927, "n_waypoints_completed": 0, "tot_waypoints": 9}}
{"target": -4369.32086725948, "params": {"k_pid_pos": [1.8397799730300903, 1.0, 1.0], "k_pid_alt": [2.0, 1.0, 0.8918876647949219], "k_pid_att": [0.0, 0.1429157704114914, 0.0], "k_pid_yaw": [0.5, 1e-06, 0.1], "k_pid_hsp": [9.857658386230469, 0.014251023530960083, 0.0], "k_pid_vsp": [387.03533935546875, 399.6116027832031, 384.79571533203125]}, "datetime": {"datetime": "2025-08-11 23:30:34", "elapsed": 25514.12693285942, "delta": 30.98876690864563}, "costs": {"total_cost": 4369.32086725948, "time_cost": 150, "final_distance_cost": 607.050362710011, "oscillation_cost": 985.3191346554729, "completition_cost": 1000.0, "overshoot_cost": 1400.8880202344276, "power_cost": 57.62832197265625, "noise_cost": 168.43502768691215, "n_waypoints_completed": 0, "tot_waypoints": 9}}
{"target": -5253.097491423675, "params": {"k_pid_pos": [1.8664450645446777, 0.9424108266830444, 0.9629848003387451], "k_pid_alt": [1.8776609897613525, 0.992058515548706, 0.9836175441741943], "k_pid_att": [0.0, 0.7092239856719971, 0.02353578805923462], "k_pid_yaw": [0.5, 1e-06, 0.1], "k_pid_hsp": [9.212604522705078, 0.0, 0.018916726112365723], "k_pid_vsp": [380.4915771484375, 391.93511962890625, 400.0]}, "datetime": {"datetime": "2025-08-11 23:31:06", "elapsed": 25545.691114664078, "delta": 31.564181804656982}, "costs": {"total_cost": 5253.097491423675, "time_cost": 150, "final_distance_cost": 613.221809515797, "oscillation_cost": 2068.18239047748, "completition_cost": 1000.0, "overshoot_cost": 1192.7050316077466, "power_cost": 56.468916235351564, "noise_cost": 172.5193435872996, "n_waypoints_completed": 0, "tot_waypoints": 9}}
{"target": -8031.170603366529, "params": {"k_pid_pos": [2.0, 1.0, 0.9434472322463989], "k_pid_alt": [2.0, 0.987666130065918, 1.0], "k_pid_att": [0.0, 9.999999747378752e-05, 0.0], "k_pid_yaw": [0.5, 1e-06, 0.1], "k_pid_hsp": [10.0, 0.0, 0.03848552703857422], "k_pid_vsp": [394.3236083984375, 400.0, 396.4757385253906]}, "datetime": {"datetime": "2025-08-11 23:31:36", "elapsed": 25576.33295273781, "delta": 30.64183807373047}, "costs": {"total_cost": 8031.170603366529, "time_cost": 150, "final_distance_cost": 895.9634206239983, "oscillation_cost": 14.840263237146129, "completition_cost": 1000.0, "overshoot_cost": 5832.652361221363, "power_cost": 44.78923114013672, "noise_cost": 92.92532714388487, "n_waypoints_completed": 0, "tot_waypoints": 9}}
{"target": -4783.2185537150835, "params": {"k_pid_pos": [2.0, 1.0, 1.0], "k_pid_alt": [2.0, 1.0, 0.9743314981460571], "k_pid_att": [0.0, 9.999999747378752e-05, 0.11054238677024841], "k_pid_yaw": [0.5, 1e-06, 0.1], "k_pid_hsp": [10.0, 0.0, 0.1068297028541565], "k_pid_vsp": [389.978271484375, 381.0511779785156, 400.0]}, "datetime": {"datetime": "2025-08-11 23:32:08", "elapsed": 25607.908578395844, "delta": 31.57562565803528}, "costs": {"total_cost": 4783.2185537150835, "time_cost": 150, "final_distance_cost": 892.3796552348174, "oscillation_cost": 2.8651019077287505, "completition_cost": 1000.0, "overshoot_cost": 2595.1039463310717, "power_cost": 29.20421466064453, "noise_cost": 113.66563558082127, "n_waypoints_completed": 0, "tot_waypoints": 9}}
