{"target": -3996.70974611124, "params": {"k_pid_pos": [1.9836150407791138, 0.991624653339386, 1.0], "k_pid_alt": [2.0, 1.0, 1.0], "k_pid_att": [0.0, 0.1519434005022049, 0.0], "k_pid_yaw": [0.5, 1e-06, 0.1], "k_pid_hsp": [10.0, 0.0, 0.06817936897277832], "k_pid_vsp": [390.6614685058594, 400.0, 400.0]}, "datetime": {"datetime": "2025-08-12 10:14:04", "elapsed": 64124.32693147659, "delta": 27.81515908241272}, "costs": {"total_cost": 3996.70974611124, "time_cost": 150, "final_distance_cost": 415.79308112796963, "oscillation_cost": 990.3727194081555, "completition_cost": 1000.0, "overshoot_cost": 1213.0715484393263, "power_cost": 57.58777821044922, "noise_cost": 169.88461892533925, "n_waypoints_completed": 0, "tot_waypoints": 9}}
{"target": -8087.033795976332, "params": {"k_pid_pos": [2.0, 1.0, 0.960218608379364], "k_pid_alt": [2.0, 0.991783618927002, 0.9258906841278076], "k_pid_att": [0.0, 9.999999747378752e-05, 0.0], "k_pid_yaw": [0.5, 1e-06, 0.1], "k_pid_hsp": [10.0, 0.0884803831577301, 0.04196453094482422], "k_pid_vsp": [394.6623229980469, 400.0, 369.5989685058594]}, "datetime": {"datetime": "2025-08-12 10:14:32", "elapsed": 64152.14523386955, "delta": 27.818302392959595}, "costs": {"total_cost": 8087.033795976332, "time_cost": 150, "final_distance_cost": 984.820655044726, "oscillation_cost": 15.160232768003022, "completition_cost": 1000.0, "overshoot_cost": 5806.341244253331, "power_cost": 46.37478966064453, "noise_cost": 84.33687424962754, "n_waypoints_completed": 0, "tot_waypoints": 9}}
{"target": -1708.615030466295, "params": {"k_pid_pos": [1.9474096298217773, 1.0, 1.0], "k_pid_alt": [1.989445686340332, 1.0, 1.0], "k_pid_att": [1.9837498664855957, 9.999999747378752e-05, 0.04445648193359375], "k_pid_yaw": [0.5, 1e-06, 0.1], "k_pid_hsp": [9.878195762634277, 0.04438436031341553, 0.02596399188041687], "k_pid_vsp": [400.0, 396.4432373046875, 400.0]}, "datetime": {"datetime": "2025-08-12 10:15:00", "elapsed": 64179.5715136528, "delta": 27.4262797832489}, "costs": {"total_cost": 1708.615030466295, "time_cost": 150, "final_distance_cost": 0.9989951518800582, "oscillation_cost": 273.68119537099034, "completition_cost": 1000.0, "overshoot_cost": 158.0974827938511, "power_cost": 29.471009033203128, "noise_cost": 96.36634811637039, "n_waypoints_completed": 0, "tot_waypoints": 9}}
{"target": -16773.41737394875, "params": {"k_pid_pos": [1.9574155807495117, 1.0, 1.0], "k_pid_alt": [1.9541244506835938, 1.0, 0.9623069763183594], "k_pid_att": [0.0, 9.999999747378752e-05, 0.0], "k_pid_yaw": [0.5, 1e-06, 0.1], "k_pid_hsp": [10.0, 0.0, 0.1262698769569397], "k_pid_vsp": [400.0, 395.394287109375, 400.0]}, "datetime": {"datetime": "2025-08-12 10:15:27", "elapsed": 64206.62746453285, "delta": 27.05595088005066}, "costs": {"total_cost": 16773.41737394875, "time_cost": 150, "final_distance_cost": 3908.2787964343697, "oscillation_cost": 14.554816688493306, "completition_cost": 1000.0, "overshoot_cost": 11549.438362848157, "power_cost": 47.10906325683594, "noise_cost": 104.03633472089233, "n_waypoints_completed": 0, "tot_waypoints": 9}}
{"target": -4965.870834049713, "params": {"k_pid_pos": [1.8510372638702393, 1.0, 1.0], "k_pid_alt": [2.0, 0.9939123392105103, 0.9087084531784058], "k_pid_att": [0.0, 0.023817045614123344, 0.0], "k_pid_yaw": [0.5, 1e-06, 0.1], "k_pid_hsp": [10.0, 0.0, 0.05972188711166382], "k_pid_vsp": [397.5115661621094, 400.0, 392.1902160644531]}, "datetime": {"datetime": "2025-08-12 10:15:54", "elapsed": 64233.6860871315, "delta": 27.05862259864807}, "costs": {"total_cost": 4965.870834049713, "time_cost": 150, "final_distance_cost": 781.8176402410448, "oscillation_cost": 373.57671867932964, "completition_cost": 1000.0, "overshoot_cost": 2445.0028279719245, "power_cost": 57.03808918457032, "noise_cost": 158.43555797284324, "n_waypoints_completed": 0, "tot_waypoints": 9}}
{"target": -8195.744443480611, "params": {"k_pid_pos": [1.9554989337921143, 0.8949328064918518, 0.9814314842224121], "k_pid_alt": [2.0, 1.0, 0.9870529174804688], "k_pid_att": [0.0, 9.999999747378752e-05, 0.0], "k_pid_yaw": [0.5, 1e-06, 0.1], "k_pid_hsp": [9.179740905761719, 0.0, 0.0], "k_pid_vsp": [400.0, 400.0, 385.19500732421875]}, "datetime": {"datetime": "2025-08-12 10:16:20", "elapsed": 64259.84641098976, "delta": 26.16032385826111}, "costs": {"total_cost": 8195.744443480611, "time_cost": 150, "final_distance_cost": 1197.995858034962, "oscillation_cost": 15.072593754939025, "completition_cost": 1000.0, "overshoot_cost": 5699.910480883364, "power_cost": 45.1851400756836, "noise_cost": 87.5803707316642, "n_waypoints_completed": 0, "tot_waypoints": 9}}
{"target": -5466.3212976617115, "params": {"k_pid_pos": [2.0, 1.0, 0.9402155876159668], "k_pid_alt": [2.0, 0.9913045167922974, 1.0], "k_pid_att": [0.0, 0.06396365165710449, 0.0], "k_pid_yaw": [0.5, 1e-06, 0.1], "k_pid_hsp": [9.956263542175293, 0.0, 0.0], "k_pid_vsp": [398.6178894042969, 400.0, 382.21343994140625]}, "datetime": {"datetime": "2025-08-12 10:16:50", "elapsed": 64290.140793561935, "delta": 30.294382572174072}, "costs": {"total_cost": 5466.3212976617115, "time_cost": 150, "final_distance_cost": 898.0316069322517, "oscillation_cost": 546.3540458737953, "completition_cost": 1000.0, "overshoot_cost": 2654.3519909941883, "power_cost": 56.970574768066406, "noise_cost": 160.61307909340906, "n_waypoints_completed": 0, "tot_waypoints": 9}}
{"target": -8958.203189570455, "params": {"k_pid_pos": [2.0, 1.0, 0.987045168876648], "k_pid_alt": [2.0, 1.0, 1.0], "k_pid_att": [0.0, 0.052700575441122055, 0.01086205244064331], "k_pid_yaw": [0.5, 1e-06, 0.1], "k_pid_hsp": [9.890233993530273, 0.0, 0.0], "k_pid_vsp": [400.0, 359.9732360839844, 353.67852783203125]}, "datetime": {"datetime": "2025-08-12 10:17:17", "elapsed": 64317.10477232933, "delta": 26.96397876739502}, "costs": {"total_cost": 8958.203189570455, "time_cost": 150, "final_distance_cost": 2924.6299753858175, "oscillation_cost": 629.2329955243994, "completition_cost": 1000.0, "overshoot_cost": 4030.3986574590267, "power_cost": 57.960866040039065, "noise_cost": 165.98069516117258, "n_waypoints_completed": 0, "tot_waypoints": 9}}
{"target": -8037.696346340062, "params": {"k_pid_pos": [2.0, 0.9160056114196777, 1.0], "k_pid_alt": [1.987291932106018, 0.9846410751342773, 1.0], "k_pid_att": [0.0, 9.999999747378752e-05, 0.0], "k_pid_yaw": [0.5, 1e-06, 0.1], "k_pid_hsp": [10.0, 0.0, 0.04008316993713379], "k_pid_vsp": [391.6458740234375, 400.0, 392.93316650390625]}, "datetime": {"datetime": "2025-08-12 10:17:46", "elapsed": 64346.1290435791, "delta": 29.024271249771118}, "costs": {"total_cost": 8037.696346340062, "time_cost": 150, "final_distance_cost": 932.7358948839685, "oscillation_cost": 14.7717728184269, "completition_cost": 1000.0, "overshoot_cost": 5801.717598452942, "power_cost": 44.83108908691406, "noise_cost": 93.63999109780981, "n_waypoints_completed": 0, "tot_waypoints": 9}}
{"target": -4643.757742112446, "params": {"k_pid_pos": [2.0, 0.9434289932250977, 0.9769145250320435], "k_pid_alt": [1.9847525358200073, 0.980022668838501, 0.9218659400939941], "k_pid_att": [0.0, 0.052563782781362534, 0.003562837839126587], "k_pid_yaw": [0.5, 1e-06, 0.1], "k_pid_hsp": [9.403626441955566, 0.017648309469223022, 0.0], "k_pid_vsp": [400.0, 400.0, 400.0]}, "datetime": {"datetime": "2025-08-12 10:18:16", "elapsed": 64376.02432155609, "delta": 29.895277976989746}, "costs": {"total_cost": 4643.757742112446, "time_cost": 150, "final_distance_cost": 706.3108883747145, "oscillation_cost": 494.7157133147396, "completition_cost": 1000.0, "overshoot_cost": 2074.604640606817, "power_cost": 57.28765350341797, "noise_cost": 160.8388463127571, "n_waypoints_completed": 0, "tot_waypoints": 9}}
{"target": -1500.3294403324091, "params": {"k_pid_pos": [1.929492473602295, 1.0, 1.0], "k_pid_alt": [2.0, 0.9893409013748169, 1.0], "k_pid_att": [7.764512062072754, 0.4170827567577362, 0.0], "k_pid_yaw": [0.5, 1e-06, 0.1], "k_pid_hsp": [10.0, 0.0, 0.0], "k_pid_vsp": [400.0, 400.0, 400.0]}, "datetime": {"datetime": "2025-08-12 10:18:44", "elapsed": 64403.54020476341, "delta": 27.515883207321167}, "costs": {"total_cost": 1500.3294403324091, "time_cost": 150, "final_distance_cost": 54.64463542781311, "oscillation_cost": 491.89835595267806, "completition_cost": 666.6666666666667, "overshoot_cost": 77.33933592749946, "power_cost": 31.547455566406253, "noise_cost": 28.232990791345653, "n_waypoints_completed": 3, "tot_waypoints": 9}}
{"target": -1322.5493744807065, "params": {"k_pid_pos": [2.0, 0.9991552233695984, 1.0], "k_pid_alt": [1.8507832288742065, 0.8995431661605835, 0.9027670621871948], "k_pid_att": [0.07385313510894775, 9.999999747378752e-05, 0.0], "k_pid_yaw": [0.5, 1e-06, 0.1], "k_pid_hsp": [10.0, 0.0, 0.07251814007759094], "k_pid_vsp": [400.0, 371.3392028808594, 390.03887939453125]}, "datetime": {"datetime": "2025-08-12 10:19:12", "elapsed": 64431.42971754074, "delta": 27.88951277732849}, "costs": {"total_cost": 1322.5493744807065, "time_cost": 150, "final_distance_cost": 67.06555664925524, "oscillation_cost": 59.85764480489943, "completition_cost": 888.8888888888888, "overshoot_cost": 93.88850082425978, "power_cost": 32.71544796142578, "noise_cost": 30.133335351977326, "n_waypoints_completed": 1, "tot_waypoints": 9}}
{"target": -5740.104842482616, "params": {"k_pid_pos": [1.9211515188217163, 1.0, 0.9575022459030151], "k_pid_alt": [2.0, 1.0, 1.0], "k_pid_att": [0.0, 9.999999747378752e-05, 0.026644140481948853], "k_pid_yaw": [0.5, 1e-06, 0.1], "k_pid_hsp": [8.797805786132812, 0.0, 0.0], "k_pid_vsp": [376.0527038574219, 400.0, 400.0]}, "datetime": {"datetime": "2025-08-12 10:19:40", "elapsed": 64460.30683016777, "delta": 28.87711262702942}, "costs": {"total_cost": 5740.104842482616, "time_cost": 150, "final_distance_cost": 1753.2238169318302, "oscillation_cost": 6.136241528197994, "completition_cost": 1000.0, "overshoot_cost": 2720.1899275297287, "power_cost": 31.258455969238284, "noise_cost": 79.29640052362002, "n_waypoints_completed": 0, "tot_waypoints": 9}}
{"target": -1151.9609756994814, "params": {"k_pid_pos": [2.0, 0.9981889724731445, 1.0], "k_pid_alt": [1.9116358757019043, 1.0, 0.9976029992103577], "k_pid_att": [9.621336936950684, 0.5781871676445007, 0.0], "k_pid_yaw": [0.5, 1e-06, 0.1], "k_pid_hsp": [10.0, 0.0, 0.032437026500701904], "k_pid_vsp": [400.0, 383.2177429199219, 367.5784912109375]}, "datetime": {"datetime": "2025-08-12 10:20:08", "elapsed": 64487.928977012634, "delta": 27.62214684486389}, "costs": {"total_cost": 1151.9609756994814, "time_cost": 150, "final_distance_cost": 64.37127161949613, "oscillation_cost": 484.8693968451704, "completition_cost": 333.33333333333337, "overshoot_cost": 57.31958526847437, "power_cost": 32.21155905761719, "noise_cost": 29.855829575389954, "n_waypoints_completed": 6, "tot_waypoints": 9}}
{"target": -4541.241190414452, "params": {"k_pid_pos": [2.0, 0.9981489181518555, 1.0], "k_pid_alt": [2.0, 1.0, 0.9196028113365173], "k_pid_att": [0.0, 0.09715893864631653, 0.0170670747756958], "k_pid_yaw": [0.5, 1e-06, 0.1], "k_pid_hsp": [9.840725898742676, 0.0, 0.0], "k_pid_vsp": [365.7958984375, 400.0, 400.0]}, "datetime": {"datetime": "2025-08-12 10:20:36", "elapsed": 64515.53798508644, "delta": 27.609008073806763}, "costs": {"total_cost": 4541.241190414452, "time_cost": 150, "final_distance_cost": 586.5190499295877, "oscillation_cost": 659.7320830365137, "completition_cost": 1000.0, "overshoot_cost": 1924.0015778844256, "power_cost": 56.9722767578125, "noise_cost": 164.01620280611195, "n_waypoints_completed": 0, "tot_waypoints": 9}}
{"target": -4290.832676958999, "params": {"k_pid_pos": [1.8446847200393677, 1.0, 1.0], "k_pid_alt": [2.0, 0.9977293014526367, 1.0], "k_pid_att": [0.0, 0.5478352904319763, 0.04876893758773804], "k_pid_yaw": [0.5, 1e-06, 0.1], "k_pid_hsp": [9.20645809173584, 0.0, 0.0], "k_pid_vsp": [400.0, 400.0, 383.51116943359375]}, "datetime": {"datetime": "2025-08-12 10:21:04", "elapsed": 64544.04911661148, "delta": 28.511131525039673}, "costs": {"total_cost": 4290.832676958999, "time_cost": 150, "final_distance_cost": 346.23289499445696, "oscillation_cost": 1896.764154633322, "completition_cost": 1000.0, "overshoot_cost": 667.5908506588514, "power_cost": 57.715858398437504, "noise_cost": 172.52891827393123, "n_waypoints_completed": 0, "tot_waypoints": 9}}
{"target": -971.8698765091788, "params": {"k_pid_pos": [1.8907966613769531, 0.9683405160903931, 0.9193527698516846], "k_pid_alt": [1.973300814628601, 1.0, 0.9911242127418518], "k_pid_att": [2.9573469161987305, 0.06211920455098152, 0.15104976296424866], "k_pid_yaw": [0.5, 1e-06, 0.1], "k_pid_hsp": [10.0, 0.12229573726654053, 0.04701688885688782], "k_pid_vsp": [400.0, 396.2392272949219, 400.0]}, "datetime": {"datetime": "2025-08-12 10:21:32", "elapsed": 64571.441291093826, "delta": 27.39217448234558}, "costs": {"total_cost": 971.8698765091788, "time_cost": 150, "final_distance_cost": 50.738160429331295, "oscillation_cost": 92.76404247503785, "completition_cost": 555.5555555555555, "overshoot_cost": 62.74826968107566, "power_cost": 31.029951416015628, "noise_cost": 29.033896952162873, "n_waypoints_completed": 4, "tot_waypoints": 9}}
{"target": -1690.3027734273196, "params": {"k_pid_pos": [1.7453761100769043, 1.0, 1.0], "k_pid_alt": [2.0, 1.0, 1.0], "k_pid_att": [1.6749411821365356, 9.999999747378752e-05, 0.045141398906707764], "k_pid_yaw": [0.5, 1e-06, 0.1], "k_pid_hsp": [10.0, 0.0, 0.03613629937171936], "k_pid_vsp": [398.232177734375, 400.0, 400.0]}, "datetime": {"datetime": "2025-08-12 10:22:00", "elapsed": 64599.480864048004, "delta": 28.039572954177856}, "costs": {"total_cost": 1690.3027734273196, "time_cost": 150, "final_distance_cost": 0.999669154410366, "oscillation_cost": 253.30356599476877, "completition_cost": 1000.0, "overshoot_cost": 158.31827857259228, "power_cost": 29.504401342773438, "noise_cost": 98.17685836277461, "n_waypoints_completed": 0, "tot_waypoints": 9}}
{"target": -1831.9836139017932, "params": {"k_pid_pos": [2.0, 1.0, 1.0], "k_pid_alt": [1.9346225261688232, 1.0, 0.9934245347976685], "k_pid_att": [4.5937180519104, 0.4369875192642212, 0.06716117262840271], "k_pid_yaw": [0.5, 1e-06, 0.1], "k_pid_hsp": [9.994447708129883, 0.024082034826278687, 0.0], "k_pid_vsp": [371.09765625, 400.0, 400.0]}, "datetime": {"datetime": "2025-08-12 10:22:28", "elapsed": 64627.883521318436, "delta": 28.40265727043152}, "costs": {"total_cost": 1831.9836139017932, "time_cost": 150, "final_distance_cost": 0.9978458531360354, "oscillation_cost": 383.43433088482647, "completition_cost": 1000.0, "overshoot_cost": 159.91117705044576, "power_cost": 29.8594794921875, "noise_cost": 107.78078062119738, "n_waypoints_completed": 0, "tot_waypoints": 9}}
{"target": -5391.002871629213, "params": {"k_pid_pos": [1.9696043729782104, 0.8887146711349487, 0.9892538189888], "k_pid_alt": [2.0, 1.0, 1.0], "k_pid_att": [0.0, 0.3006766438484192, 0.0], "k_pid_yaw": [0.5, 1e-06, 0.1], "k_pid_hsp": [10.0, 0.05643963813781738, 0.0030632615089416504], "k_pid_vsp": [382.32611083984375, 399.9705505371094, 400.0]}, "datetime": {"datetime": "2025-08-12 10:22:57", "elapsed": 64656.5231192112, "delta": 28.63959789276123}, "costs": {"total_cost": 5391.002871629213, "time_cost": 150, "final_distance_cost": 1023.9727552973487, "oscillation_cost": 1478.9920664480167, "completition_cost": 1000.0, "overshoot_cost": 1507.086644112762, "power_cost": 57.5990004272461, "noise_cost": 173.35240534383945, "n_waypoints_completed": 0, "tot_waypoints": 9}}
{"target": -7960.38042410806, "params": {"k_pid_pos": [2.0, 0.9483532905578613, 1.0], "k_pid_alt": [2.0, 1.0, 0.968612551689148], "k_pid_att": [0.0, 9.999999747378752e-05, 0.0], "k_pid_yaw": [0.5, 1e-06, 0.1], "k_pid_hsp": [10.0, 0.0, 0.04976031184196472], "k_pid_vsp": [392.5544738769531, 400.0, 350.8462829589844]}, "datetime": {"datetime": "2025-08-12 10:23:27", "elapsed": 64686.92653179169, "delta": 30.403412580490112}, "costs": {"total_cost": 7960.38042410806, "time_cost": 150, "final_distance_cost": 1017.7020170114765, "oscillation_cost": 15.270619704240994, "completition_cost": 1000.0, "overshoot_cost": 5649.449984127252, "power_cost": 46.22762340087891, "noise_cost": 81.73017986421178, "n_waypoints_completed": 0, "tot_waypoints": 9}}
{"target": -4583.06223675871, "params": {"k_pid_pos": [1.8296667337417603, 1.0, 1.0], "k_pid_alt": [2.0, 1.0, 1.0], "k_pid_att": [0.0, 0.5361070036888123, 0.05231153964996338], "k_pid_yaw": [0.5, 1e-06, 0.1], "k_pid_hsp": [9.852230072021484, 0.04331293702125549, 0.04692399501800537], "k_pid_vsp": [400.0, 400.0, 368.1279296875]}, "datetime": {"datetime": "2025-08-12 10:23:55", "elapsed": 64714.589878082275, "delta": 27.66334629058838}, "costs": {"total_cost": 4583.06223675871, "time_cost": 150, "final_distance_cost": 514.7317095468446, "oscillation_cost": 1579.8300006214868, "completition_cost": 1000.0, "overshoot_cost": 1109.3825846439668, "power_cost": 57.753080163574225, "noise_cost": 171.3648617828383, "n_waypoints_completed": 0, "tot_waypoints": 9}}
{"target": -14141.403051809908, "params": {"k_pid_pos": [2.0, 1.0, 0.9794691801071167], "k_pid_alt": [2.0, 1.0, 0.928723931312561], "k_pid_att": [0.0, 9.999999747378752e-05, 0.0], "k_pid_yaw": [0.5, 1e-06, 0.1], "k_pid_hsp": [9.813811302185059, 0.016303062438964844, 0.0856718122959137], "k_pid_vsp": [396.12359619140625, 368.33782958984375, 400.0]}, "datetime": {"datetime": "2025-08-12 10:24:24", "elapsed": 64743.669437885284, "delta": 29.079559803009033}, "costs": {"total_cost": 14141.403051809908, "time_cost": 150, "final_distance_cost": 2681.799567216463, "oscillation_cost": 14.791683949107178, "completition_cost": 1000.0, "overshoot_cost": 10128.006331729375, "power_cost": 48.74250261230469, "noise_cost": 118.06296630265746, "n_waypoints_completed": 0, "tot_waypoints": 9}}
{"target": -4524.719107230678, "params": {"k_pid_pos": [2.0, 1.0, 1.0], "k_pid_alt": [1.920701026916504, 1.0, 0.983558177947998], "k_pid_att": [0.0, 9.999999747378752e-05, 0.04600024223327637], "k_pid_yaw": [0.5, 1e-06, 0.1], "k_pid_hsp": [10.0, 0.1609276533126831, 0.0], "k_pid_vsp": [352.9270324707031, 400.0, 383.9317321777344]}, "datetime": {"datetime": "2025-08-12 10:24:52", "elapsed": 64771.65553689003, "delta": 27.986099004745483}, "costs": {"total_cost": 4524.719107230678, "time_cost": 150, "final_distance_cost": 699.8196425708643, "oscillation_cost": 4.4441735786957155, "completition_cost": 1000.0, "overshoot_cost": 2544.3182281783816, "power_cost": 30.10597236328125, "noise_cost": 96.03109053945448, "n_waypoints_completed": 0, "tot_waypoints": 9}}
{"target": -1156.4080226968697, "params": {"k_pid_pos": [2.0, 0.897143542766571, 1.0], "k_pid_alt": [1.9181523323059082, 0.9725271463394165, 0.960593581199646], "k_pid_att": [1.3227403163909912, 9.999999747378752e-05, 0.0], "k_pid_yaw": [0.5, 1e-06, 0.1], "k_pid_hsp": [10.0, 0.03204822540283203, 0.0011862218379974365], "k_pid_vsp": [400.0, 400.0, 384.0567932128906]}, "datetime": {"datetime": "2025-08-12 10:25:19", "elapsed": 64798.5996761322, "delta": 26.94413924217224}, "costs": {"total_cost": 1156.4080226968697, "time_cost": 150, "final_distance_cost": 38.83537506012769, "oscillation_cost": 276.1024994472411, "completition_cost": 555.5555555555555, "overshoot_cost": 76.68700444406312, "power_cost": 32.09074641113281, "noise_cost": 27.136841778749297, "n_waypoints_completed": 4, "tot_waypoints": 9}}
{"target": -5763.195170693566, "params": {"k_pid_pos": [1.9168784618377686, 1.0, 1.0], "k_pid_alt": [2.0, 1.0, 1.0], "k_pid_att": [0.0, 0.3776111602783203, 0.06162196397781372], "k_pid_yaw": [0.5, 1e-06, 0.1], "k_pid_hsp": [9.018723487854004, 0.024874091148376465, 0.0], "k_pid_vsp": [387.19049072265625, 400.0, 400.0]}, "datetime": {"datetime": "2025-08-12 10:25:49", "elapsed": 64829.004789590836, "delta": 30.405113458633423}, "costs": {"total_cost": 5763.195170693566, "time_cost": 150, "final_distance_cost": 932.7304228593181, "oscillation_cost": 1398.9392994958166, "completition_cost": 1000.0, "overshoot_cost": 2057.5129217521694, "power_cost": 56.37785015869141, "noise_cost": 167.63467642757078, "n_waypoints_completed": 0, "tot_waypoints": 9}}
{"target": -1091.3986190963765, "params": {"k_pid_pos": [1.8621549606323242, 0.9558045268058777, 1.0], "k_pid_alt": [1.999182939529419, 0.9530414342880249, 1.0], "k_pid_att": [4.665839672088623, 9.999999747378752e-05, 0.0023730695247650146], "k_pid_yaw": [0.5, 1e-06, 0.1], "k_pid_hsp": [9.241692543029785, 0.0, 0.0], "k_pid_vsp": [400.0, 400.0, 367.5702819824219]}, "datetime": {"datetime": "2025-08-12 10:26:17", "elapsed": 64856.93393468857, "delta": 27.929145097732544}, "costs": {"total_cost": 1091.3986190963765, "time_cost": 150, "final_distance_cost": 62.992334928851896, "oscillation_cost": 415.300248537658, "completition_cost": 333.33333333333337, "overshoot_cost": 68.18428963238351, "power_cost": 32.36364794921875, "noise_cost": 29.224764714930846, "n_waypoints_completed": 6, "tot_waypoints": 9}}
{"target": -999.759576488766, "params": {"k_pid_pos": [1.9462941884994507, 0.9445173144340515, 1.0], "k_pid_alt": [1.9152116775512695, 1.0, 1.0], "k_pid_att": [2.22458553314209, 0.39688801765441895, 0.0], "k_pid_yaw": [0.5, 1e-06, 0.1], "k_pid_hsp": [10.0, 0.0, 0.10698869824409485], "k_pid_vsp": [400.0, 376.8663330078125, 363.69927978515625]}, "datetime": {"datetime": "2025-08-12 10:26:43", "elapsed": 64883.31763625145, "delta": 26.38370156288147}, "costs": {"total_cost": 999.759576488766, "time_cost": 150, "final_distance_cost": 67.88557132977456, "oscillation_cost": 320.95538627076314, "completition_cost": 333.33333333333337, "overshoot_cost": 64.80888914771947, "power_cost": 33.62000936279297, "noise_cost": 29.15638704438257, "n_waypoints_completed": 6, "tot_waypoints": 9}}
