{"target": -1689.2319843673356, "params": {"k_pid_pos": [2.0, 1.0, 1.0], "k_pid_alt": [1.8980602025985718, 0.978502094745636, 1.0], "k_pid_att": [3.0643792152404785, 0.10985250771045685, 0.04540562629699707], "k_pid_yaw": [0.5, 1e-06, 0.1], "k_pid_hsp": [10.0, 0.025988399982452393, 0.024399280548095703], "k_pid_vsp": [398.1316223144531, 400.0, 388.4272155761719]}, "datetime": {"datetime": "2025-08-12 01:53:49", "elapsed": 34108.66129398346, "delta": 30.34862780570984}, "costs": {"total_cost": 1689.2319843673356, "time_cost": 150, "final_distance_cost": 12.809359971938854, "oscillation_cost": 346.31887326584746, "completition_cost": 1000.0, "overshoot_cost": 124.33540197800923, "power_cost": 30.121804626464844, "noise_cost": 25.646544525075015, "n_waypoints_completed": 0, "tot_waypoints": 9}}
{"target": -27385.967159041204, "params": {"k_pid_pos": [2.0, 1.0, 1.0], "k_pid_alt": [1.9460387229919434, 1.0, 0.9542111158370972], "k_pid_att": [0.0, 1.059197187423706, 0.0], "k_pid_yaw": [0.5, 1e-06, 0.1], "k_pid_hsp": [10.0, 0.04388469457626343, 0.0], "k_pid_vsp": [368.0061950683594, 400.0, 382.607421875]}, "datetime": {"datetime": "2025-08-12 01:54:20", "elapsed": 34139.98033666611, "delta": 31.319042682647705}, "costs": {"total_cost": 27385.967159041204, "time_cost": 150, "final_distance_cost": 7696.717474805907, "oscillation_cost": 2501.562276910821, "completition_cost": 1000.0, "overshoot_cost": 15807.671337829603, "power_cost": 56.88243656005859, "noise_cost": 173.13363293481333, "n_waypoints_completed": 0, "tot_waypoints": 9}}
{"target": -1842.1946619418409, "params": {"k_pid_pos": [1.8338868618011475, 1.0, 0.9878816604614258], "k_pid_alt": [1.9223593473434448, 1.0, 1.0], "k_pid_att": [4.041901111602783, 9.999999747378752e-05, 0.04644346237182617], "k_pid_yaw": [0.5, 1e-06, 0.1], "k_pid_hsp": [9.664470672607422, 0.0, 0.0], "k_pid_vsp": [400.0, 400.0, 395.36431884765625]}, "datetime": {"datetime": "2025-08-12 01:54:51", "elapsed": 34171.14334797859, "delta": 31.16301131248474}, "costs": {"total_cost": 1842.1946619418409, "time_cost": 150, "final_distance_cost": 0.9991332455990786, "oscillation_cost": 401.09397834775956, "completition_cost": 1000.0, "overshoot_cost": 158.73742580183765, "power_cost": 29.663394921875, "noise_cost": 101.70072962476983, "n_waypoints_completed": 0, "tot_waypoints": 9}}
{"target": -4827.0353954302755, "params": {"k_pid_pos": [1.7680795192718506, 1.0, 0.9687671661376953], "k_pid_alt": [2.0, 1.0, 0.9754211902618408], "k_pid_att": [0.0, 0.3847287893295288, 0.0], "k_pid_yaw": [0.5, 1e-06, 0.1], "k_pid_hsp": [10.0, 0.0, 0.0], "k_pid_vsp": [385.48077392578125, 400.0, 400.0]}, "datetime": {"datetime": "2025-08-12 01:55:23", "elapsed": 34202.40121793747, "delta": 31.257869958877563}, "costs": {"total_cost": 4827.0353954302755, "time_cost": 150, "final_distance_cost": 686.7553591198897, "oscillation_cost": 1632.2707662535272, "completition_cost": 1000.0, "overshoot_cost": 1127.256376477997, "power_cost": 57.436062963867194, "noise_cost": 173.31683061499464, "n_waypoints_completed": 0, "tot_waypoints": 9}}
{"target": -4498.141638819745, "params": {"k_pid_pos": [1.9836074113845825, 1.0, 1.0], "k_pid_alt": [2.0, 1.0, 0.9902380108833313], "k_pid_att": [0.0, 0.3157713711261749, 0.009123414754867554], "k_pid_yaw": [0.5, 1e-06, 0.1], "k_pid_hsp": [9.928394317626953, 0.0, 0.0], "k_pid_vsp": [400.0, 399.8669128417969, 398.3883972167969]}, "datetime": {"datetime": "2025-08-12 01:55:53", "elapsed": 34233.19934272766, "delta": 30.79812479019165}, "costs": {"total_cost": 4498.141638819745, "time_cost": 150, "final_distance_cost": 478.039839592673, "oscillation_cost": 1490.188183846906, "completition_cost": 1000.0, "overshoot_cost": 1149.9167281469122, "power_cost": 57.84123255615235, "noise_cost": 172.1556546771015, "n_waypoints_completed": 0, "tot_waypoints": 9}}
{"target": -4006.369779907856, "params": {"k_pid_pos": [1.9216750860214233, 0.9969416856765747, 0.9497712254524231], "k_pid_alt": [1.9801530838012695, 1.0, 0.9848703145980835], "k_pid_att": [0.0, 9.999999747378752e-05, 0.06967133283615112], "k_pid_yaw": [0.5, 1e-06, 0.1], "k_pid_hsp": [9.876373291015625, 0.0, 0.057703375816345215], "k_pid_vsp": [395.0084533691406, 400.0, 400.0]}, "datetime": {"datetime": "2025-08-12 01:56:25", "elapsed": 34264.56187224388, "delta": 31.362529516220093}, "costs": {"total_cost": 4006.369779907856, "time_cost": 150, "final_distance_cost": 545.693850707418, "oscillation_cost": 3.5381911610933408, "completition_cost": 1000.0, "overshoot_cost": 2163.8810821728925, "power_cost": 29.22488280029297, "noise_cost": 114.03177306615913, "n_waypoints_completed": 0, "tot_waypoints": 9}}
{"target": -4607.523895541389, "params": {"k_pid_pos": [2.0, 1.0, 1.0], "k_pid_alt": [2.0, 0.9890673756599426, 0.9819518327713013], "k_pid_att": [0.0, 0.29847249388694763, 0.0], "k_pid_yaw": [0.5, 1e-06, 0.1], "k_pid_hsp": [9.712850570678711, 0.0, 0.0], "k_pid_vsp": [386.9963684082031, 356.1764831542969, 392.3738708496094]}, "datetime": {"datetime": "2025-08-12 01:56:56", "elapsed": 34295.38591313362, "delta": 30.82404088973999}, "costs": {"total_cost": 4607.523895541389, "time_cost": 150, "final_distance_cost": 643.2446533002752, "oscillation_cost": 1436.714359076434, "completition_cost": 1000.0, "overshoot_cost": 1146.7258105801616, "power_cost": 57.6339744140625, "noise_cost": 173.2050981704555, "n_waypoints_completed": 0, "tot_waypoints": 9}}
{"target": -8204.208818685787, "params": {"k_pid_pos": [1.8987278938293457, 1.0, 0.9652103185653687], "k_pid_alt": [1.8947210311889648, 0.9562939405441284, 0.9538282155990601], "k_pid_att": [0.0, 9.999999747378752e-05, 0.01218906044960022], "k_pid_yaw": [0.5, 1e-06, 0.1], "k_pid_hsp": [9.790474891662598, 0.08310884237289429, 0.0], "k_pid_vsp": [400.0, 386.18975830078125, 400.0]}, "datetime": {"datetime": "2025-08-12 01:57:27", "elapsed": 34326.53839802742, "delta": 31.152484893798828}, "costs": {"total_cost": 8204.208818685787, "time_cost": 150, "final_distance_cost": 2310.923087672323, "oscillation_cost": 8.92691277114276, "completition_cost": 1000.0, "overshoot_cost": 4625.91588527726, "power_cost": 38.1887361694336, "noise_cost": 70.25419679562751, "n_waypoints_completed": 0, "tot_waypoints": 9}}
{"target": -1861.65930712462, "params": {"k_pid_pos": [1.8576207160949707, 1.0, 1.0], "k_pid_alt": [2.0, 1.0, 1.0], "k_pid_att": [9.090373039245605, 9.999999747378752e-05, 0.008935600519180298], "k_pid_yaw": [0.5, 1e-06, 0.1], "k_pid_hsp": [9.775130271911621, 0.07124704122543335, 0.0], "k_pid_vsp": [400.0, 400.0, 385.4884948730469]}, "datetime": {"datetime": "2025-08-12 01:57:57", "elapsed": 34356.74158334732, "delta": 30.203185319900513}, "costs": {"total_cost": 1861.65930712462, "time_cost": 150, "final_distance_cost": 32.53303461278721, "oscillation_cost": 544.8145430357388, "completition_cost": 1000.0, "overshoot_cost": 75.26240323486314, "power_cost": 30.993545141601565, "noise_cost": 28.055781099629247, "n_waypoints_completed": 0, "tot_waypoints": 9}}
{"target": -4350.811942897567, "params": {"k_pid_pos": [1.8852990865707397, 0.9866173267364502, 0.9997372627258301], "k_pid_alt": [2.0, 0.9976546168327332, 0.9758338928222656], "k_pid_att": [0.0, 9.999999747378752e-05, 0.04221329092979431], "k_pid_yaw": [0.5, 1e-06, 0.1], "k_pid_hsp": [10.0, 0.011715501546859741, 0.0], "k_pid_vsp": [400.0, 399.29522705078125, 400.0]}, "datetime": {"datetime": "2025-08-12 01:58:28", "elapsed": 34387.834399700165, "delta": 31.09281635284424}, "costs": {"total_cost": 4350.811942897567, "time_cost": 150, "final_distance_cost": 905.8448841774972, "oscillation_cost": 4.610442407896606, "completition_cost": 1000.0, "overshoot_cost": 2174.117185263993, "power_cost": 30.248938256835938, "noise_cost": 85.99049279134496, "n_waypoints_completed": 0, "tot_waypoints": 9}}
{"target": -17364.887706920246, "params": {"k_pid_pos": [1.9674396514892578, 1.0, 0.9935417175292969], "k_pid_alt": [2.0, 0.9134454131126404, 0.9718374609947205], "k_pid_att": [0.0, 0.58113694190979, 0.0], "k_pid_yaw": [0.5, 1e-06, 0.1], "k_pid_hsp": [9.184358596801758, 0.029697567224502563, 0.0], "k_pid_vsp": [400.0, 400.0, 400.0]}, "datetime": {"datetime": "2025-08-12 01:58:58", "elapsed": 34418.177406549454, "delta": 30.34300684928894}, "costs": {"total_cost": 17364.887706920246, "time_cost": 150, "final_distance_cost": 5390.779362640529, "oscillation_cost": 2150.353153623581, "completition_cost": 1000.0, "overshoot_cost": 8444.859648465412, "power_cost": 56.461821618652344, "noise_cost": 172.43372057207213, "n_waypoints_completed": 0, "tot_waypoints": 9}}
{"target": -1249.0414564361938, "params": {"k_pid_pos": [2.0, 1.0, 0.9893839955329895], "k_pid_alt": [1.9098458290100098, 0.9867141246795654, 1.0], "k_pid_att": [2.5953292846679688, 0.1782722920179367, 0.0], "k_pid_yaw": [0.5, 1e-06, 0.1], "k_pid_hsp": [10.0, 0.0037979185581207275, 0.0], "k_pid_vsp": [400.0, 395.7627868652344, 387.843505859375]}, "datetime": {"datetime": "2025-08-12 01:59:29", "elapsed": 34449.086894989014, "delta": 30.909488439559937}, "costs": {"total_cost": 1249.0414564361938, "time_cost": 150, "final_distance_cost": 41.79740533651827, "oscillation_cost": 367.3229238604905, "completition_cost": 555.5555555555555, "overshoot_cost": 74.13667134783964, "power_cost": 32.72592448730469, "noise_cost": 27.50297584848523, "n_waypoints_completed": 4, "tot_waypoints": 9}}
{"target": -4319.301729892471, "params": {"k_pid_pos": [2.0, 1.0, 1.0], "k_pid_alt": [1.9104301929473877, 0.9986470937728882, 0.9896496534347534], "k_pid_att": [0.0, 9.999999747378752e-05, 0.05940145254135132], "k_pid_yaw": [0.5, 1e-06, 0.1], "k_pid_hsp": [10.0, 0.034714072942733765, 0.04827776551246643], "k_pid_vsp": [394.7955017089844, 400.0, 396.481689453125]}, "datetime": {"datetime": "2025-08-12 01:59:59", "elapsed": 34479.06271529198, "delta": 29.975820302963257}, "costs": {"total_cost": 4319.301729892471, "time_cost": 150, "final_distance_cost": 771.5634426669484, "oscillation_cost": 4.053961727380588, "completition_cost": 1000.0, "overshoot_cost": 2255.2416815841802, "power_cost": 29.484389172363283, "noise_cost": 108.95825474159889, "n_waypoints_completed": 0, "tot_waypoints": 9}}
{"target": -5226.128318800398, "params": {"k_pid_pos": [2.0, 1.0, 1.0], "k_pid_alt": [2.0, 0.9767637252807617, 0.9810723066329956], "k_pid_att": [0.0, 0.49586111307144165, 0.03218129277229309], "k_pid_yaw": [0.5, 1e-06, 0.1], "k_pid_hsp": [10.0, 0.0, 0.0], "k_pid_vsp": [400.0, 380.2857360839844, 371.6874694824219]}, "datetime": {"datetime": "2025-08-12 02:00:30", "elapsed": 34509.66560339928, "delta": 30.602888107299805}, "costs": {"total_cost": 5226.128318800398, "time_cost": 150, "final_distance_cost": 889.9203708821926, "oscillation_cost": 1865.9371261293468, "completition_cost": 1000.0, "overshoot_cost": 1091.0169385113632, "power_cost": 57.34273697509766, "noise_cost": 171.91114630239738, "n_waypoints_completed": 0, "tot_waypoints": 9}}
{"target": -8235.064642450423, "params": {"k_pid_pos": [2.0, 0.9973962903022766, 1.0], "k_pid_alt": [1.8926472663879395, 0.987583339214325, 0.9545090794563293], "k_pid_att": [0.0, 9.999999747378752e-05, 0.0], "k_pid_yaw": [0.5, 1e-06, 0.1], "k_pid_hsp": [9.494328498840332, 0.005554705858230591, 0.0], "k_pid_vsp": [385.83880615234375, 365.5887145996094, 375.60791015625]}, "datetime": {"datetime": "2025-08-12 02:01:01", "elapsed": 34541.301191568375, "delta": 31.6355881690979}, "costs": {"total_cost": 8235.064642450423, "time_cost": 150, "final_distance_cost": 1043.1622996805963, "oscillation_cost": 14.898476262152638, "completition_cost": 1000.0, "overshoot_cost": 5890.803602991617, "power_cost": 44.714986462402344, "noise_cost": 91.48527705365417, "n_waypoints_completed": 0, "tot_waypoints": 9}}
{"target": -1034.5735009684656, "params": {"k_pid_pos": [1.8285324573516846, 0.9724304676055908, 0.8949966430664062], "k_pid_alt": [1.9001654386520386, 0.9548187255859375, 1.0], "k_pid_att": [7.853489875793457, 9.999999747378752e-05, 0.0], "k_pid_yaw": [0.5, 1e-06, 0.1], "k_pid_hsp": [10.0, 0.0, 0.051419079303741455], "k_pid_vsp": [391.1995544433594, 391.4512939453125, 382.7725830078125]}, "datetime": {"datetime": "2025-08-12 02:01:33", "elapsed": 34572.71007204056, "delta": 31.408880472183228}, "costs": {"total_cost": 1034.5735009684656, "time_cost": 150, "final_distance_cost": 73.21421162769687, "oscillation_cost": 461.8677469954051, "completition_cost": 222.2222222222222, "overshoot_cost": 63.730140508143485, "power_cost": 33.52135793457031, "noise_cost": 30.01782168042777, "n_waypoints_completed": 7, "tot_waypoints": 9}}
{"target": -5514.891691565208, "params": {"k_pid_pos": [1.9933977127075195, 0.8854799270629883, 0.9814743399620056], "k_pid_alt": [2.0, 0.9782012701034546, 0.9631471633911133], "k_pid_att": [0.0, 9.999999747378752e-05, 0.019924402236938477], "k_pid_yaw": [0.5, 1e-06, 0.1], "k_pid_hsp": [10.0, 0.0, 0.048821598291397095], "k_pid_vsp": [396.0245056152344, 400.0, 369.66534423828125]}, "datetime": {"datetime": "2025-08-12 02:02:04", "elapsed": 34603.8838531971, "delta": 31.173781156539917}, "costs": {"total_cost": 5514.891691565208, "time_cost": 150, "final_distance_cost": 1795.598790068421, "oscillation_cost": 6.932770265296831, "completition_cost": 1000.0, "overshoot_cost": 2462.4180213406426, "power_cost": 31.189480139160157, "noise_cost": 68.7526297516878, "n_waypoints_completed": 0, "tot_waypoints": 9}}
{"target": -1713.3591470021038, "params": {"k_pid_pos": [1.992639422416687, 0.9448337554931641, 0.970230221748352], "k_pid_alt": [2.0, 0.874981701374054, 1.0], "k_pid_att": [1.3943374156951904, 9.999999747378752e-05, 0.021966248750686646], "k_pid_yaw": [0.5, 1e-06, 0.1], "k_pid_hsp": [9.175256729125977, 0.0, 0.0], "k_pid_vsp": [382.0266418457031, 400.0, 400.0]}, "datetime": {"datetime": "2025-08-12 02:02:35", "elapsed": 34634.53700351715, "delta": 30.6531503200531}, "costs": {"total_cost": 1713.3591470021038, "time_cost": 150, "final_distance_cost": 0.9995833510677604, "oscillation_cost": 281.85643778732486, "completition_cost": 1000.0, "overshoot_cost": 157.07746359475033, "power_cost": 29.65085358886719, "noise_cost": 93.77480868009376, "n_waypoints_completed": 0, "tot_waypoints": 9}}
{"target": -1294.3635313228042, "params": {"k_pid_pos": [2.0, 0.9555234313011169, 0.963458776473999], "k_pid_alt": [2.0, 0.9831317067146301, 1.0], "k_pid_att": [5.3201494216918945, 0.2837705612182617, 0.03439214825630188], "k_pid_yaw": [0.5, 1e-06, 0.1], "k_pid_hsp": [10.0, 0.0, 0.06340962648391724], "k_pid_vsp": [394.49566650390625, 400.0, 400.0]}, "datetime": {"datetime": "2025-08-12 02:03:06", "elapsed": 34665.38702702522, "delta": 30.8500235080719}, "costs": {"total_cost": 1294.3635313228042, "time_cost": 150, "final_distance_cost": 43.55740342897664, "oscillation_cost": 418.61526516616715, "completition_cost": 555.5555555555555, "overshoot_cost": 64.55213378288906, "power_cost": 32.6818248046875, "noise_cost": 29.40134858452816, "n_waypoints_completed": 4, "tot_waypoints": 9}}
{"target": -1110.7397542725475, "params": {"k_pid_pos": [2.0, 0.9495099782943726, 1.0], "k_pid_alt": [2.0, 1.0, 0.9898515343666077], "k_pid_att": [9.586268424987793, 0.08371584117412567, 0.061878859996795654], "k_pid_yaw": [0.5, 1e-06, 0.1], "k_pid_hsp": [10.0, 0.0, 0.0], "k_pid_vsp": [383.86773681640625, 391.0318908691406, 391.22198486328125]}, "datetime": {"datetime": "2025-08-12 02:03:36", "elapsed": 34695.57476186752, "delta": 30.187734842300415}, "costs": {"total_cost": 1110.7397542725475, "time_cost": 150, "final_distance_cost": 46.88672259879212, "oscillation_cost": 351.0847126706199, "completition_cost": 444.4444444444444, "overshoot_cost": 57.722232458243106, "power_cost": 31.1010123046875, "noise_cost": 29.500629795760673, "n_waypoints_completed": 5, "tot_waypoints": 9}}
{"target": -8188.418037513179, "params": {"k_pid_pos": [1.9955260753631592, 0.9875440001487732, 1.0], "k_pid_alt": [2.0, 1.0, 1.0], "k_pid_att": [0.0, 9.999999747378752e-05, 0.0], "k_pid_yaw": [0.5, 1e-06, 0.1], "k_pid_hsp": [10.0, 0.0718633234500885, 0.0], "k_pid_vsp": [392.1054382324219, 397.5011901855469, 400.0]}, "datetime": {"datetime": "2025-08-12 02:04:07", "elapsed": 34726.568427324295, "delta": 30.99366545677185}, "costs": {"total_cost": 8188.418037513179, "time_cost": 150, "final_distance_cost": 860.425296032334, "oscillation_cost": 14.71973467917253, "completition_cost": 1000.0, "overshoot_cost": 6023.26083472303, "power_cost": 44.427575231933595, "noise_cost": 95.58459684670936, "n_waypoints_completed": 0, "tot_waypoints": 9}}
{"target": -5437.108254734012, "params": {"k_pid_pos": [1.8440190553665161, 1.0, 1.0], "k_pid_alt": [1.9604836702346802, 0.9785440564155579, 1.0], "k_pid_att": [0.0, 0.09104862809181213, 0.00853756070137024], "k_pid_yaw": [0.5, 1e-06, 0.1], "k_pid_hsp": [10.0, 0.0, 0.02198919653892517], "k_pid_vsp": [397.4039611816406, 400.0, 397.3929443359375]}, "datetime": {"datetime": "2025-08-12 02:04:38", "elapsed": 34757.676441431046, "delta": 31.10801410675049}, "costs": {"total_cost": 5437.108254734012, "time_cost": 150, "final_distance_cost": 772.9660743318543, "oscillation_cost": 647.2686847368208, "completition_cost": 1000.0, "overshoot_cost": 2645.293852863462, "power_cost": 57.231453149414065, "noise_cost": 164.34818965246083, "n_waypoints_completed": 0, "tot_waypoints": 9}}
{"target": -8131.444655468151, "params": {"k_pid_pos": [1.8822983503341675, 1.0, 1.0], "k_pid_alt": [1.9211798906326294, 0.9734138250350952, 0.9815595746040344], "k_pid_att": [0.0, 9.999999747378752e-05, 0.0], "k_pid_yaw": [0.5, 1e-06, 0.1], "k_pid_hsp": [9.446258544921875, 0.01504606008529663, 0.0], "k_pid_vsp": [392.8272705078125, 380.9402770996094, 400.0]}, "datetime": {"datetime": "2025-08-12 02:05:07", "elapsed": 34787.24097657204, "delta": 29.56453514099121}, "costs": {"total_cost": 8131.444655468151, "time_cost": 150, "final_distance_cost": 858.0869087780104, "oscillation_cost": 14.714956518763524, "completition_cost": 1000.0, "overshoot_cost": 5967.950195586874, "power_cost": 44.245058728027345, "noise_cost": 96.4475358564756, "n_waypoints_completed": 0, "tot_waypoints": 9}}
{"target": -1872.74469810385, "params": {"k_pid_pos": [1.9922748804092407, 0.9394931197166443, 1.0], "k_pid_alt": [2.0, 1.0, 0.963647723197937], "k_pid_att": [8.193140983581543, 0.01087372936308384, 0.038896024227142334], "k_pid_yaw": [0.5, 1e-06, 0.1], "k_pid_hsp": [10.0, 0.00618290901184082, 0.0], "k_pid_vsp": [400.0, 383.3868408203125, 400.0]}, "datetime": {"datetime": "2025-08-12 02:05:38", "elapsed": 34817.52346110344, "delta": 30.282484531402588}, "costs": {"total_cost": 1872.74469810385, "time_cost": 150, "final_distance_cost": 0.9982040566941657, "oscillation_cost": 496.36255363083956, "completition_cost": 1000.0, "overshoot_cost": 135.7263953848348, "power_cost": 30.81905643310547, "noise_cost": 58.83848859837577, "n_waypoints_completed": 0, "tot_waypoints": 9}}
{"target": -8099.233389239041, "params": {"k_pid_pos": [1.9355870485305786, 0.9050592184066772, 1.0], "k_pid_alt": [2.0, 1.0, 0.9161178469657898], "k_pid_att": [0.0, 9.999999747378752e-05, 0.0], "k_pid_yaw": [0.5, 1e-06, 0.1], "k_pid_hsp": [9.77545166015625, 0.0015626251697540283, 0.01297178864479065], "k_pid_vsp": [391.009033203125, 400.0, 400.0]}, "datetime": {"datetime": "2025-08-12 02:06:09", "elapsed": 34848.53494858742, "delta": 31.01148748397827}, "costs": {"total_cost": 8099.233389239041, "time_cost": 150, "final_distance_cost": 901.6621265784456, "oscillation_cost": 14.673858449064797, "completition_cost": 1000.0, "overshoot_cost": 5893.445575752922, "power_cost": 44.43378269042969, "noise_cost": 95.01804576817905, "n_waypoints_completed": 0, "tot_waypoints": 9}}
{"target": -12352.283528763894, "params": {"k_pid_pos": [1.9127832651138306, 1.0, 0.9785393476486206], "k_pid_alt": [2.0, 0.9795586466789246, 1.0], "k_pid_att": [0.0, 0.8793312311172485, 0.0], "k_pid_yaw": [0.5, 1e-06, 0.1], "k_pid_hsp": [9.36279296875, 0.0, 0.05577772855758667], "k_pid_vsp": [400.0, 376.63336181640625, 389.6017150878906]}, "datetime": {"datetime": "2025-08-12 02:06:39", "elapsed": 34879.14739942551, "delta": 30.61245083808899}, "costs": {"total_cost": 12352.283528763894, "time_cost": 150, "final_distance_cost": 3972.143648934302, "oscillation_cost": 2356.2145007381205, "completition_cost": 1000.0, "overshoot_cost": 4640.638646327816, "power_cost": 57.32763902587891, "noise_cost": 175.95909373777684, "n_waypoints_completed": 0, "tot_waypoints": 9}}
{"target": -7619.4839723310715, "params": {"k_pid_pos": [2.0, 1.0, 1.0], "k_pid_alt": [2.0, 1.0, 0.9792599081993103], "k_pid_att": [0.0, 0.508256733417511, 0.06402075290679932], "k_pid_yaw": [0.5, 1e-06, 0.1], "k_pid_hsp": [10.0, 0.06347990036010742, 0.08356955647468567], "k_pid_vsp": [400.0, 400.0, 400.0]}, "datetime": {"datetime": "2025-08-12 02:07:10", "elapsed": 34909.82871890068, "delta": 30.68131947517395}, "costs": {"total_cost": 7619.4839723310715, "time_cost": 150, "final_distance_cost": 1861.0893508335243, "oscillation_cost": 2001.1447547576997, "completition_cost": 1000.0, "overshoot_cost": 2375.4068837317964, "power_cost": 58.02322705078125, "noise_cost": 173.81975595726956, "n_waypoints_completed": 0, "tot_waypoints": 9}}
{"target": -1693.8896233696937, "params": {"k_pid_pos": [2.0, 1.0, 1.0], "k_pid_alt": [1.9018886089324951, 1.0, 0.9946553707122803], "k_pid_att": [2.782183885574341, 0.10362418740987778, 0.06299546360969543], "k_pid_yaw": [0.5, 1e-06, 0.1], "k_pid_hsp": [10.0, 0.024064481258392334, 0.00689968466758728], "k_pid_vsp": [400.0, 360.346923828125, 400.0]}, "datetime": {"datetime": "2025-08-12 02:07:40", "elapsed": 34940.31794977188, "delta": 30.48923087120056}, "costs": {"total_cost": 1693.8896233696937, "time_cost": 150, "final_distance_cost": 0.9987924746167979, "oscillation_cost": 249.88812573588277, "completition_cost": 1000.0, "overshoot_cost": 159.89810947180632, "power_cost": 29.381801416015627, "noise_cost": 103.72279427137235, "n_waypoints_completed": 0, "tot_waypoints": 9}}
