{"target": -4998.7475467686345, "params": {"k_pid_pos": [1.8462306261062622, 0.990638256072998, 0.9730210304260254], "k_pid_alt": [1.9862394332885742, 0.9932726621627808, 1.0], "k_pid_att": [0.0, 0.4096989929676056, 0.01722276210784912], "k_pid_yaw": [0.5, 1e-06, 0.1], "k_pid_hsp": [9.400009155273438, 0.01680988073348999, 0.08629626035690308], "k_pid_vsp": [400.0, 400.0, 385.8854675292969]}, "datetime": {"datetime": "2025-08-12 05:00:35", "elapsed": 45314.554097890854, "delta": 30.766754150390625}, "costs": {"total_cost": 4998.7475467686345, "time_cost": 150, "final_distance_cost": 484.2746296856457, "oscillation_cost": 1595.8154717731302, "completition_cost": 1000.0, "overshoot_cost": 1539.1503370055514, "power_cost": 57.64430158691407, "noise_cost": 171.86280671739183, "n_waypoints_completed": 0, "tot_waypoints": 9}}
{"target": -8059.435849851938, "params": {"k_pid_pos": [1.9076073169708252, 0.9872808456420898, 1.0], "k_pid_alt": [2.0, 1.0, 0.915867805480957], "k_pid_att": [0.0, 9.999999747378752e-05, 0.0], "k_pid_yaw": [0.5, 1e-06, 0.1], "k_pid_hsp": [10.0, 0.0, 0.021275371313095093], "k_pid_vsp": [373.28704833984375, 400.0, 365.2742919921875]}, "datetime": {"datetime": "2025-08-12 05:01:07", "elapsed": 45346.8320248127, "delta": 32.27792692184448}, "costs": {"total_cost": 8059.435849851938, "time_cost": 150, "final_distance_cost": 1210.0649034066194, "oscillation_cost": 15.15333147283492, "completition_cost": 1000.0, "overshoot_cost": 5551.2722085855585, "power_cost": 45.50958009033204, "noise_cost": 87.43582629659379, "n_waypoints_completed": 0, "tot_waypoints": 9}}
{"target": -8370.019315337648, "params": {"k_pid_pos": [2.0, 0.9841686487197876, 1.0], "k_pid_alt": [1.8554821014404297, 0.9117828607559204, 0.9825032949447632], "k_pid_att": [0.0, 9.999999747378752e-05, 0.013770073652267456], "k_pid_yaw": [0.5, 1e-06, 0.1], "k_pid_hsp": [8.842156410217285, 0.0, 0.02037215232849121], "k_pid_vsp": [400.0, 382.2070617675781, 400.0]}, "datetime": {"datetime": "2025-08-12 05:01:39", "elapsed": 45378.83239889145, "delta": 32.00037407875061}, "costs": {"total_cost": 8370.019315337648, "time_cost": 150, "final_distance_cost": 2728.4265730914194, "oscillation_cost": 8.535836279713793, "completition_cost": 1000.0, "overshoot_cost": 4376.985438341273, "power_cost": 36.21826337890625, "noise_cost": 69.85320424633336, "n_waypoints_completed": 0, "tot_waypoints": 9}}
{"target": -3959.6380399882146, "params": {"k_pid_pos": [2.0, 0.9816712141036987, 0.9679123163223267], "k_pid_alt": [2.0, 1.0, 1.0], "k_pid_att": [0.0, 0.2536502480506897, 0.0], "k_pid_yaw": [0.5, 1e-06, 0.1], "k_pid_hsp": [9.234670639038086, 0.0, 0.0009735524654388428], "k_pid_vsp": [387.20135498046875, 400.0, 400.0]}, "datetime": {"datetime": "2025-08-12 05:02:11", "elapsed": 45410.815645456314, "delta": 31.983246564865112}, "costs": {"total_cost": 3959.6380399882146, "time_cost": 150, "final_distance_cost": 342.04717831411335, "oscillation_cost": 1156.7032440591202, "completition_cost": 1000.0, "overshoot_cost": 1083.9268178853029, "power_cost": 56.81620428466797, "noise_cost": 170.1445954450102, "n_waypoints_completed": 0, "tot_waypoints": 9}}
{"target": -6073.200467747126, "params": {"k_pid_pos": [1.9097745418548584, 1.0, 1.0], "k_pid_alt": [1.9405525922775269, 0.9611910581588745, 0.9968360662460327], "k_pid_att": [0.0, 9.999999747378752e-05, 0.022219866514205933], "k_pid_yaw": [0.5, 1e-06, 0.1], "k_pid_hsp": [9.804776191711426, 0.0, 0.0816228985786438], "k_pid_vsp": [396.95294189453125, 400.0, 400.0]}, "datetime": {"datetime": "2025-08-12 05:02:42", "elapsed": 45441.93127202988, "delta": 31.115626573562622}, "costs": {"total_cost": 6073.200467747126, "time_cost": 150, "final_distance_cost": 1195.5752945579272, "oscillation_cost": 6.684228959495996, "completition_cost": 1000.0, "overshoot_cost": 3637.916096624043, "power_cost": 33.12246998291016, "noise_cost": 49.90237762274923, "n_waypoints_completed": 0, "tot_waypoints": 9}}
{"target": -1038.3578154484705, "params": {"k_pid_pos": [2.0, 0.9906294941902161, 0.9768116474151611], "k_pid_alt": [2.0, 0.9972121715545654, 1.0], "k_pid_att": [0.7741987705230713, 9.999999747378752e-05, 0.0], "k_pid_yaw": [0.5, 1e-06, 0.1], "k_pid_hsp": [9.717315673828125, 0.05780601501464844, 0.02003723382949829], "k_pid_vsp": [400.0, 392.20880126953125, 400.0]}, "datetime": {"datetime": "2025-08-12 05:03:13", "elapsed": 45473.35318517685, "delta": 31.421913146972656}, "costs": {"total_cost": 1038.3578154484705, "time_cost": 150, "final_distance_cost": 46.51703682184173, "oscillation_cost": 159.12701932872025, "completition_cost": 555.5555555555555, "overshoot_cost": 63.461306282305834, "power_cost": 33.894238513183595, "noise_cost": 29.80265894686357, "n_waypoints_completed": 4, "tot_waypoints": 9}}
{"target": -5400.181252651121, "params": {"k_pid_pos": [2.0, 0.8716227412223816, 0.97670578956604], "k_pid_alt": [2.0, 0.9642135500907898, 1.0], "k_pid_att": [0.0, 0.34455356001853943, 0.14001333713531494], "k_pid_yaw": [0.5, 1e-06, 0.1], "k_pid_hsp": [10.0, 0.0, 0.0063301920890808105], "k_pid_vsp": [400.0, 378.5823974609375, 364.9561462402344]}, "datetime": {"datetime": "2025-08-12 05:03:47", "elapsed": 45506.76331782341, "delta": 33.41013264656067}, "costs": {"total_cost": 5400.181252651121, "time_cost": 150, "final_distance_cost": 798.6730304865661, "oscillation_cost": 956.7280366643832, "completition_cost": 1000.0, "overshoot_cost": 2270.243707115474, "power_cost": 57.40064770507813, "noise_cost": 167.13583067961923, "n_waypoints_completed": 0, "tot_waypoints": 9}}
{"target": -1264.7430877060451, "params": {"k_pid_pos": [2.0, 0.9758076667785645, 1.0], "k_pid_alt": [1.9847033023834229, 1.0, 1.0], "k_pid_att": [11.617732048034668, 0.5905770659446716, 0.0], "k_pid_yaw": [0.5, 1e-06, 0.1], "k_pid_hsp": [10.0, 0.12020540237426758, 0.023848921060562134], "k_pid_vsp": [400.0, 390.6044006347656, 400.0]}, "datetime": {"datetime": "2025-08-12 05:04:18", "elapsed": 45537.74007797241, "delta": 30.976760149002075}, "costs": {"total_cost": 1264.7430877060451, "time_cost": 150, "final_distance_cost": 49.58019501161542, "oscillation_cost": 499.26345302536237, "completition_cost": 444.4444444444444, "overshoot_cost": 57.70476535606923, "power_cost": 33.133215185546874, "noise_cost": 30.617014683006758, "n_waypoints_completed": 5, "tot_waypoints": 9}}
{"target": -7835.909412239226, "params": {"k_pid_pos": [2.0, 0.9738093614578247, 0.8692158460617065], "k_pid_alt": [1.953052043914795, 1.0, 1.0], "k_pid_att": [0.0, 1.2826592922210693, 0.0], "k_pid_yaw": [0.5, 1e-06, 0.1], "k_pid_hsp": [9.715700149536133, 0.011347383260726929, 0.0], "k_pid_vsp": [387.22711181640625, 398.69390869140625, 364.5841979980469]}, "datetime": {"datetime": "2025-08-12 05:04:48", "elapsed": 45568.30013799667, "delta": 30.560060024261475}, "costs": {"total_cost": 7835.909412239226, "time_cost": 150, "final_distance_cost": 2272.001829011287, "oscillation_cost": 2276.710390159132, "completition_cost": 1000.0, "overshoot_cost": 1903.731352029423, "power_cost": 58.608727172851566, "noise_cost": 174.85711386653225, "n_waypoints_completed": 0, "tot_waypoints": 9}}
{"target": -4179.773934937235, "params": {"k_pid_pos": [2.0, 0.9907485246658325, 0.964232325553894], "k_pid_alt": [2.0, 1.0, 1.0], "k_pid_att": [0.0, 0.25798672437667847, 0.0], "k_pid_yaw": [0.5, 1e-06, 0.1], "k_pid_hsp": [9.668378829956055, 0.0, 0.0], "k_pid_vsp": [400.0, 400.0, 398.02423095703125]}, "datetime": {"datetime": "2025-08-12 05:05:20", "elapsed": 45600.31879925728, "delta": 32.01866126060486}, "costs": {"total_cost": 4179.773934937235, "time_cost": 150, "final_distance_cost": 446.95889406667317, "oscillation_cost": 1208.7519661705933, "completition_cost": 1000.0, "overshoot_cost": 1145.0340216542518, "power_cost": 57.755602099609376, "noise_cost": 171.2734509461075, "n_waypoints_completed": 0, "tot_waypoints": 9}}
{"target": -5627.8653389295405, "params": {"k_pid_pos": [2.0, 1.0, 1.0], "k_pid_alt": [2.0, 0.9780376553535461, 1.0], "k_pid_att": [0.0, 0.1338711529970169, 0.0], "k_pid_yaw": [0.5, 1e-06, 0.1], "k_pid_hsp": [9.689193725585938, 0.026665687561035156, 0.0], "k_pid_vsp": [384.24932861328125, 395.58709716796875, 398.9142150878906]}, "datetime": {"datetime": "2025-08-12 05:05:54", "elapsed": 45634.319675683975, "delta": 34.00087642669678}, "costs": {"total_cost": 5627.8653389295405, "time_cost": 150, "final_distance_cost": 1122.5374243961664, "oscillation_cost": 1010.0550326014545, "completition_cost": 1000.0, "overshoot_cost": 2115.5514228378033, "power_cost": 58.267903552246096, "noise_cost": 171.4535555418701, "n_waypoints_completed": 0, "tot_waypoints": 9}}
{"target": -1129.2435374020185, "params": {"k_pid_pos": [2.0, 0.9936130046844482, 0.9254250526428223], "k_pid_alt": [2.0, 0.983075737953186, 1.0], "k_pid_att": [7.839756965637207, 9.999999747378752e-05, 0.015469610691070557], "k_pid_yaw": [0.5, 1e-06, 0.1], "k_pid_hsp": [10.0, 0.020228952169418335, 0.00573304295539856], "k_pid_vsp": [400.0, 400.0, 365.7450256347656]}, "datetime": {"datetime": "2025-08-12 05:06:26", "elapsed": 45666.1737203598, "delta": 31.854044675827026}, "costs": {"total_cost": 1129.2435374020185, "time_cost": 150, "final_distance_cost": 70.82954529597792, "oscillation_cost": 448.74104999229365, "completition_cost": 333.33333333333337, "overshoot_cost": 63.309259526848855, "power_cost": 32.92402069091797, "noise_cost": 30.10632856264678, "n_waypoints_completed": 6, "tot_waypoints": 9}}
{"target": -1112.774207445429, "params": {"k_pid_pos": [2.0, 0.9584033489227295, 0.9546104669570923], "k_pid_alt": [1.9965307712554932, 1.0, 0.925137996673584], "k_pid_att": [0.7956326007843018, 0.7577053308486938, 0.029572725296020508], "k_pid_yaw": [0.5, 1e-06, 0.1], "k_pid_hsp": [9.357298851013184, 0.0, 0.0], "k_pid_vsp": [388.8701477050781, 400.0, 400.0]}, "datetime": {"datetime": "2025-08-12 05:06:57", "elapsed": 45697.24371600151, "delta": 31.069995641708374}, "costs": {"total_cost": 1112.774207445429, "time_cost": 150, "final_distance_cost": 39.07322678833918, "oscillation_cost": 238.89618013774987, "completition_cost": 555.5555555555555, "overshoot_cost": 69.11483978776575, "power_cost": 32.74362320556641, "noise_cost": 27.390781970452295, "n_waypoints_completed": 4, "tot_waypoints": 9}}
{"target": -5088.880336012594, "params": {"k_pid_pos": [1.9052801132202148, 1.0, 0.9687179923057556], "k_pid_alt": [2.0, 0.9603285789489746, 0.9744582176208496], "k_pid_att": [0.0, 0.042506493628025055, 0.0], "k_pid_yaw": [0.5, 1e-06, 0.1], "k_pid_hsp": [9.707558631896973, 0.0, 0.10588604211807251], "k_pid_vsp": [400.0, 392.4614562988281, 400.0]}, "datetime": {"datetime": "2025-08-12 05:07:30", "elapsed": 45729.59964966774, "delta": 32.35593366622925}, "costs": {"total_cost": 5088.880336012594, "time_cost": 150, "final_distance_cost": 698.8680562942203, "oscillation_cost": 475.887520192136, "completition_cost": 1000.0, "overshoot_cost": 2545.8312412114733, "power_cost": 57.170978344726564, "noise_cost": 161.1225399700376, "n_waypoints_completed": 0, "tot_waypoints": 9}}
{"target": -9278.184997963132, "params": {"k_pid_pos": [2.0, 0.9643476009368896, 1.0], "k_pid_alt": [1.9832990169525146, 1.0, 0.9377154111862183], "k_pid_att": [0.0, 9.999999747378752e-05, 0.0037195980548858643], "k_pid_yaw": [0.5, 1e-06, 0.1], "k_pid_hsp": [9.900015830993652, 0.0, 0.016778171062469482], "k_pid_vsp": [400.0, 381.1827087402344, 397.8471374511719]}, "datetime": {"datetime": "2025-08-12 05:08:02", "elapsed": 45761.65277504921, "delta": 32.05312538146973}, "costs": {"total_cost": 9278.184997963132, "time_cost": 150, "final_distance_cost": 2389.344247901501, "oscillation_cost": 12.597291802025046, "completition_cost": 1000.0, "overshoot_cost": 5593.708050394249, "power_cost": 44.51826115722656, "noise_cost": 88.01714670812832, "n_waypoints_completed": 0, "tot_waypoints": 9}}
{"target": -1443.3589639606007, "params": {"k_pid_pos": [1.9751578569412231, 1.0, 0.9483044147491455], "k_pid_alt": [2.0, 1.0, 0.9978731870651245], "k_pid_att": [4.691550254821777, 0.41141054034233093, 0.0], "k_pid_yaw": [0.5, 1e-06, 0.1], "k_pid_hsp": [10.0, 0.0, 0.05453616380691528], "k_pid_vsp": [353.47003173828125, 400.0, 398.6185607910156]}, "datetime": {"datetime": "2025-08-12 05:08:34", "elapsed": 45793.44593381882, "delta": 31.793158769607544}, "costs": {"total_cost": 1443.3589639606007, "time_cost": 150, "final_distance_cost": 52.56205867734817, "oscillation_cost": 444.9084981698638, "completition_cost": 666.6666666666667, "overshoot_cost": 68.57408715547186, "power_cost": 31.794436376953126, "noise_cost": 28.85321691429687, "n_waypoints_completed": 3, "tot_waypoints": 9}}
{"target": -1662.6605508670664, "params": {"k_pid_pos": [2.0, 1.0, 1.0], "k_pid_alt": [2.0, 0.9231050610542297, 0.9990566968917847], "k_pid_att": [1.4985531568527222, 9.999999747378752e-05, 0.0], "k_pid_yaw": [0.5, 1e-06, 0.1], "k_pid_hsp": [9.148092269897461, 0.0, 0.03670567274093628], "k_pid_vsp": [369.7156066894531, 389.0666198730469, 400.0]}, "datetime": {"datetime": "2025-08-12 05:09:05", "elapsed": 45825.1721675396, "delta": 31.72623372077942}, "costs": {"total_cost": 1662.6605508670664, "time_cost": 150, "final_distance_cost": 25.945148257631605, "oscillation_cost": 323.8722354166356, "completition_cost": 1000.0, "overshoot_cost": 104.97870222711416, "power_cost": 31.37229031982422, "noise_cost": 26.49217464586088, "n_waypoints_completed": 0, "tot_waypoints": 9}}
{"target": -4777.766259577098, "params": {"k_pid_pos": [1.9700980186462402, 0.9871023893356323, 0.9987006187438965], "k_pid_alt": [2.0, 0.9902588725090027, 1.0], "k_pid_att": [0.0, 0.47941339015960693, 0.00849616527557373], "k_pid_yaw": [0.5, 1e-06, 0.1], "k_pid_hsp": [10.0, 0.01829737424850464, 0.030869781970977783], "k_pid_vsp": [400.0, 390.69818115234375, 400.0]}, "datetime": {"datetime": "2025-08-12 05:09:36", "elapsed": 45856.23716902733, "delta": 31.065001487731934}, "costs": {"total_cost": 4777.766259577098, "time_cost": 150, "final_distance_cost": 680.32755081518, "oscillation_cost": 1696.7766194190474, "completition_cost": 1000.0, "overshoot_cost": 1021.629859058469, "power_cost": 56.89406390380859, "noise_cost": 172.1381663805937, "n_waypoints_completed": 0, "tot_waypoints": 9}}
{"target": -1512.2453184183184, "params": {"k_pid_pos": [1.9382028579711914, 0.9789488315582275, 1.0], "k_pid_alt": [1.981095314025879, 1.0, 0.9784719944000244], "k_pid_att": [2.4576516151428223, 0.2960221767425537, 0.07424354553222656], "k_pid_yaw": [0.5, 1e-06, 0.1], "k_pid_hsp": [10.0, 0.11445137858390808, 0.0], "k_pid_vsp": [400.0, 376.3045654296875, 400.0]}, "datetime": {"datetime": "2025-08-12 05:10:08", "elapsed": 45887.926746845245, "delta": 31.68957781791687}, "costs": {"total_cost": 1512.2453184183184, "time_cost": 150, "final_distance_cost": 0.998393238615303, "oscillation_cost": 70.29517508235658, "completition_cost": 1000.0, "overshoot_cost": 159.1338297662173, "power_cost": 29.302968127441407, "noise_cost": 102.51495220368803, "n_waypoints_completed": 0, "tot_waypoints": 9}}
{"target": -1210.1498577849097, "params": {"k_pid_pos": [1.9856476783752441, 0.9714350700378418, 1.0], "k_pid_alt": [2.0, 0.9330921173095703, 0.9246182441711426], "k_pid_att": [2.3338019847869873, 0.07901844382286072, 0.0], "k_pid_yaw": [0.5, 1e-06, 0.1], "k_pid_hsp": [8.45046615600586, 0.0350528359413147, 0.07159283757209778], "k_pid_vsp": [400.0, 400.0, 400.0]}, "datetime": {"datetime": "2025-08-12 05:10:40", "elapsed": 45919.65089035034, "delta": 31.724143505096436}, "costs": {"total_cost": 1210.1498577849097, "time_cost": 150, "final_distance_cost": 43.6343299972184, "oscillation_cost": 330.71850839268285, "completition_cost": 555.5555555555555, "overshoot_cost": 68.56858100728981, "power_cost": 32.94574074707032, "noise_cost": 28.72714208509307, "n_waypoints_completed": 4, "tot_waypoints": 9}}
{"target": -1243.1016166799375, "params": {"k_pid_pos": [1.8546501398086548, 0.9706840515136719, 1.0], "k_pid_alt": [2.0, 1.0, 1.0], "k_pid_att": [9.795835494995117, 0.2406732589006424, 0.015269845724105835], "k_pid_yaw": [0.5, 1e-06, 0.1], "k_pid_hsp": [10.0, 0.044131338596343994, 0.0], "k_pid_vsp": [400.0, 375.01519775390625, 399.7445983886719]}, "datetime": {"datetime": "2025-08-12 05:11:12", "elapsed": 45951.84215450287, "delta": 32.191264152526855}, "costs": {"total_cost": 1243.1016166799375, "time_cost": 150, "final_distance_cost": 54.31202535309374, "oscillation_cost": 465.07848287725545, "completition_cost": 444.4444444444444, "overshoot_cost": 68.24063955988329, "power_cost": 32.271100891113285, "noise_cost": 28.754923554147386, "n_waypoints_completed": 5, "tot_waypoints": 9}}
{"target": -1319.6504526256822, "params": {"k_pid_pos": [1.9936732053756714, 0.9761962294578552, 0.9707217216491699], "k_pid_alt": [2.0, 0.9231144785881042, 1.0], "k_pid_att": [4.162099838256836, 0.002333363750949502, 0.0], "k_pid_yaw": [0.5, 1e-06, 0.1], "k_pid_hsp": [9.73896312713623, 0.0016965270042419434, 0.0], "k_pid_vsp": [400.0, 390.4638366699219, 392.18048095703125]}, "datetime": {"datetime": "2025-08-12 05:11:44", "elapsed": 45984.34793663025, "delta": 32.50578212738037}, "costs": {"total_cost": 1319.6504526256822, "time_cost": 150, "final_distance_cost": 52.48840615290064, "oscillation_cost": 430.91605503852475, "completition_cost": 555.5555555555555, "overshoot_cost": 69.55750559155102, "power_cost": 32.046853881835936, "noise_cost": 29.086076405314216, "n_waypoints_completed": 4, "tot_waypoints": 9}}
{"target": -799.373662108091, "params": {"k_pid_pos": [2.0, 1.0, 0.9119679927825928], "k_pid_alt": [1.9614955186843872, 0.9081843495368958, 0.8667806386947632], "k_pid_att": [0.5052775144577026, 9.999999747378752e-05, 0.0], "k_pid_yaw": [0.5, 1e-06, 0.1], "k_pid_hsp": [9.853901863098145, 0.014637410640716553, 0.0], "k_pid_vsp": [398.23345947265625, 400.0, 378.1273193359375]}, "datetime": {"datetime": "2025-08-12 05:12:16", "elapsed": 46015.39673113823, "delta": 31.048794507980347}, "costs": {"total_cost": 799.373662108091, "time_cost": 150, "final_distance_cost": 55.397668443272956, "oscillation_cost": 131.14630415351706, "completition_cost": 333.33333333333337, "overshoot_cost": 66.15715713183013, "power_cost": 33.76912069091797, "noise_cost": 29.570078355219582, "n_waypoints_completed": 6, "tot_waypoints": 9}}
{"target": -8225.18499287705, "params": {"k_pid_pos": [1.9041900634765625, 0.9854035377502441, 0.9902030229568481], "k_pid_alt": [1.9976699352264404, 1.0, 0.9259686470031738], "k_pid_att": [0.0, 9.999999747378752e-05, 0.0], "k_pid_yaw": [0.5, 1e-06, 0.1], "k_pid_hsp": [10.0, 0.0, 0.0], "k_pid_vsp": [395.8138427734375, 380.87939453125, 396.573486328125]}, "datetime": {"datetime": "2025-08-12 05:12:47", "elapsed": 46046.473380327225, "delta": 31.07664918899536}, "costs": {"total_cost": 8225.18499287705, "time_cost": 150, "final_distance_cost": 871.9931628209428, "oscillation_cost": 14.777031163702205, "completition_cost": 1000.0, "overshoot_cost": 6049.075817265793, "power_cost": 44.36193817138672, "noise_cost": 94.97704345522422, "n_waypoints_completed": 0, "tot_waypoints": 9}}
{"target": -1756.07186008488, "params": {"k_pid_pos": [2.0, 1.0, 1.0], "k_pid_alt": [2.0, 0.9657042026519775, 1.0], "k_pid_att": [0.09841024875640869, 0.16212645173072815, 0.0], "k_pid_yaw": [0.5, 1e-06, 0.1], "k_pid_hsp": [9.76750373840332, 0.0, 0.05023050308227539], "k_pid_vsp": [400.0, 397.0417785644531, 400.0]}, "datetime": {"datetime": "2025-08-12 05:13:21", "elapsed": 46080.38563323021, "delta": 33.91225290298462}, "costs": {"total_cost": 1756.07186008488, "time_cost": 150, "final_distance_cost": 29.154049157627327, "oscillation_cost": 214.38788042496535, "completition_cost": 1000.0, "overshoot_cost": 168.4689757952126, "power_cost": 55.48735670166016, "noise_cost": 138.5735980054144, "n_waypoints_completed": 0, "tot_waypoints": 9}}
{"target": -1340.3002839685164, "params": {"k_pid_pos": [1.9001572132110596, 1.0, 1.0], "k_pid_alt": [1.7014286518096924, 0.9897936582565308, 0.8568553328514099], "k_pid_att": [5.171996116638184, 0.4687901735305786, 0.0], "k_pid_yaw": [0.5, 1e-06, 0.1], "k_pid_hsp": [10.0, 0.0001678764820098877, 0.0008504092693328857], "k_pid_vsp": [400.0, 394.3567199707031, 400.0]}, "datetime": {"datetime": "2025-08-12 05:13:53", "elapsed": 46112.589092969894, "delta": 32.20345973968506}, "costs": {"total_cost": 1340.3002839685164, "time_cost": 150, "final_distance_cost": 42.176478086636735, "oscillation_cost": 460.4528017027414, "completition_cost": 555.5555555555555, "overshoot_cost": 70.02035973604136, "power_cost": 32.387388696289065, "noise_cost": 29.707700191252247, "n_waypoints_completed": 4, "tot_waypoints": 9}}
{"target": -8189.01635819652, "params": {"k_pid_pos": [2.0, 1.0, 1.0], "k_pid_alt": [1.9005954265594482, 0.947952926158905, 1.0], "k_pid_att": [0.0, 9.999999747378752e-05, 0.003120601177215576], "k_pid_yaw": [0.5, 1e-06, 0.1], "k_pid_hsp": [10.0, 0.030610710382461548, 0.0], "k_pid_vsp": [379.1612243652344, 394.7469177246094, 397.5740051269531]}, "datetime": {"datetime": "2025-08-12 05:14:24", "elapsed": 46144.01367402077, "delta": 31.424581050872803}, "costs": {"total_cost": 8189.01635819652, "time_cost": 150, "final_distance_cost": 1882.816979084355, "oscillation_cost": 12.108329800868411, "completition_cost": 1000.0, "overshoot_cost": 5018.256672546626, "power_cost": 42.083674438476564, "noise_cost": 83.7507023261931, "n_waypoints_completed": 0, "tot_waypoints": 9}}
