{"target": -8046.456587710193, "params": {"k_pid_pos": [1.9604068994522095, 0.9900127649307251, 0.9849715232849121], "k_pid_alt": [1.9140740633010864, 1.0, 0.9634089469909668], "k_pid_att": [0.0, 9.999999747378752e-05, 0.0], "k_pid_yaw": [0.5, 1e-06, 0.1], "k_pid_hsp": [9.88466739654541, 0.09981334209442139, 0.0], "k_pid_vsp": [400.0, 388.80767822265625, 388.2778015136719]}, "datetime": {"datetime": "2025-08-12 09:20:14", "elapsed": 60893.69431400299, "delta": 31.338201999664307}, "costs": {"total_cost": 8046.456587710193, "time_cost": 150, "final_distance_cost": 1047.818123747301, "oscillation_cost": 14.89320185033392, "completition_cost": 1000.0, "overshoot_cost": 5701.050543249581, "power_cost": 44.22765904541016, "noise_cost": 88.46705981756702, "n_waypoints_completed": 0, "tot_waypoints": 9}}
{"target": -4750.30810994054, "params": {"k_pid_pos": [1.919295310974121, 0.9606117010116577, 1.0], "k_pid_alt": [1.8925975561141968, 1.0, 0.9894017577171326], "k_pid_att": [0.04502832889556885, 0.30246594548225403, 0.006390362977981567], "k_pid_yaw": [0.5, 1e-06, 0.1], "k_pid_hsp": [10.0, 0.0, 0.0], "k_pid_vsp": [388.8866882324219, 400.0, 400.0]}, "datetime": {"datetime": "2025-08-12 09:20:41", "elapsed": 60920.68852901459, "delta": 26.99421501159668}, "costs": {"total_cost": 4750.30810994054, "time_cost": 150, "final_distance_cost": 703.5851183988027, "oscillation_cost": 870.3615554573583, "completition_cost": 1000.0, "overshoot_cost": 1800.844642701994, "power_cost": 57.86720769042969, "noise_cost": 167.64958569195517, "n_waypoints_completed": 0, "tot_waypoints": 9}}
{"target": -7401.7970283266595, "params": {"k_pid_pos": [1.8653044700622559, 1.0, 1.0], "k_pid_alt": [1.9054739475250244, 1.0, 0.9747946262359619], "k_pid_att": [0.0, 9.999999747378752e-05, 0.002576112747192383], "k_pid_yaw": [0.5, 1e-06, 0.1], "k_pid_hsp": [9.872864723205566, 0.07125985622406006, 0.02348262071609497], "k_pid_vsp": [395.27984619140625, 400.0, 393.6207580566406]}, "datetime": {"datetime": "2025-08-12 09:21:12", "elapsed": 60951.62901210785, "delta": 30.94048309326172}, "costs": {"total_cost": 7401.7970283266595, "time_cost": 150, "final_distance_cost": 1519.7496543433215, "oscillation_cost": 12.711654007663238, "completition_cost": 1000.0, "overshoot_cost": 4594.34018007959, "power_cost": 43.65477821044922, "noise_cost": 81.34076168563529, "n_waypoints_completed": 0, "tot_waypoints": 9}}
{"target": -1098.50054632529, "params": {"k_pid_pos": [1.9073947668075562, 0.9678061008453369, 0.988426685333252], "k_pid_alt": [1.9519603252410889, 0.9523875713348389, 1.0], "k_pid_att": [5.008906364440918, 9.999999747378752e-05, 0.0], "k_pid_yaw": [0.5, 1e-06, 0.1], "k_pid_hsp": [10.0, 0.0, 0.0], "k_pid_vsp": [400.0, 400.0, 377.968505859375]}, "datetime": {"datetime": "2025-08-12 09:21:41", "elapsed": 60980.56940364838, "delta": 28.940391540527344}, "costs": {"total_cost": 1098.50054632529, "time_cost": 150, "final_distance_cost": 61.59359960532274, "oscillation_cost": 426.22552215995347, "completition_cost": 333.33333333333337, "overshoot_cost": 64.5736954879804, "power_cost": 33.036368078613286, "noise_cost": 29.738027660086825, "n_waypoints_completed": 6, "tot_waypoints": 9}}
{"target": -8118.404385815713, "params": {"k_pid_pos": [1.9735867977142334, 1.0, 1.0], "k_pid_alt": [2.0, 0.9611650705337524, 1.0], "k_pid_att": [0.0, 9.999999747378752e-05, 0.0], "k_pid_yaw": [0.5, 1e-06, 0.1], "k_pid_hsp": [10.0, 0.0, 0.0], "k_pid_vsp": [400.0, 400.0, 399.8559875488281]}, "datetime": {"datetime": "2025-08-12 09:22:10", "elapsed": 61009.78918528557, "delta": 29.219781637191772}, "costs": {"total_cost": 8118.404385815713, "time_cost": 150, "final_distance_cost": 1013.3843711207438, "oscillation_cost": 14.828320627021645, "completition_cost": 1000.0, "overshoot_cost": 5803.209638392744, "power_cost": 44.31726197509766, "noise_cost": 92.66479370010607, "n_waypoints_completed": 0, "tot_waypoints": 9}}
{"target": -1120.9185556162008, "params": {"k_pid_pos": [2.0, 0.8773021697998047, 1.0], "k_pid_alt": [1.9893054962158203, 1.0, 1.0], "k_pid_att": [5.313405513763428, 0.7955094575881958, 0.0], "k_pid_yaw": [0.5, 1e-06, 0.1], "k_pid_hsp": [10.0, 0.006286889314651489, 0.0], "k_pid_vsp": [390.3577880859375, 400.0, 358.6754455566406]}, "datetime": {"datetime": "2025-08-12 09:22:39", "elapsed": 61038.777706861496, "delta": 28.988521575927734}, "costs": {"total_cost": 1120.9185556162008, "time_cost": 150, "final_distance_cost": 68.91450603203589, "oscillation_cost": 441.3426501289228, "completition_cost": 333.33333333333337, "overshoot_cost": 64.37098017891434, "power_cost": 33.07776794433594, "noise_cost": 29.879317998658667, "n_waypoints_completed": 6, "tot_waypoints": 9}}
{"target": -967.4743137325313, "params": {"k_pid_pos": [2.0, 1.0, 1.0], "k_pid_alt": [1.9647548198699951, 0.8615286350250244, 1.0], "k_pid_att": [1.6137957572937012, 0.5397589206695557, 0.0], "k_pid_yaw": [0.5, 1e-06, 0.1], "k_pid_hsp": [10.0, 0.0, 0.004186064004898071], "k_pid_vsp": [400.0, 400.0, 387.3835754394531]}, "datetime": {"datetime": "2025-08-12 09:23:11", "elapsed": 61071.10349869728, "delta": 32.32579183578491}, "costs": {"total_cost": 967.4743137325313, "time_cost": 150, "final_distance_cost": 62.53160474576762, "oscillation_cost": 293.3754904006027, "completition_cost": 333.33333333333337, "overshoot_cost": 65.08980756363817, "power_cost": 33.553992211914064, "noise_cost": 29.590085477275398, "n_waypoints_completed": 6, "tot_waypoints": 9}}
{"target": -8093.4330348796475, "params": {"k_pid_pos": [1.9798567295074463, 0.9204460978507996, 1.0], "k_pid_alt": [2.0, 0.9419387578964233, 0.9470483064651489], "k_pid_att": [0.0, 9.999999747378752e-05, 0.0], "k_pid_yaw": [0.5, 1e-06, 0.1], "k_pid_hsp": [10.0, 0.05984073877334595, 0.014821082353591919], "k_pid_vsp": [400.0, 387.248291015625, 400.0]}, "datetime": {"datetime": "2025-08-12 09:23:46", "elapsed": 61105.74227118492, "delta": 34.63877248764038}, "costs": {"total_cost": 8093.4330348796475, "time_cost": 150, "final_distance_cost": 901.7428529163886, "oscillation_cost": 14.710932816035113, "completition_cost": 1000.0, "overshoot_cost": 5887.336376323967, "power_cost": 44.471952465820316, "noise_cost": 95.17092035743643, "n_waypoints_completed": 0, "tot_waypoints": 9}}
{"target": -1442.5544130982366, "params": {"k_pid_pos": [2.0, 0.9545916318893433, 1.0], "k_pid_alt": [1.880645990371704, 0.9359568357467651, 1.0], "k_pid_att": [1.1571049690246582, 9.999999747378752e-05, 0.08693605661392212], "k_pid_yaw": [0.5, 1e-06, 0.1], "k_pid_hsp": [9.361727714538574, 0.0, 0.0], "k_pid_vsp": [400.0, 400.0, 388.1980285644531]}, "datetime": {"datetime": "2025-08-12 09:24:17", "elapsed": 61136.85968327522, "delta": 31.117412090301514}, "costs": {"total_cost": 1442.5544130982366, "time_cost": 150, "final_distance_cost": 0.9986515694885332, "oscillation_cost": 31.096891131234095, "completition_cost": 1000.0, "overshoot_cost": 148.5355446536661, "power_cost": 29.536993395996095, "noise_cost": 82.38633234785163, "n_waypoints_completed": 0, "tot_waypoints": 9}}
{"target": -1095.1183642373642, "params": {"k_pid_pos": [1.9560656547546387, 0.9965764284133911, 1.0], "k_pid_alt": [1.8460685014724731, 0.9168260097503662, 0.992059588432312], "k_pid_att": [4.711592197418213, 9.999999747378752e-05, 0.0], "k_pid_yaw": [0.5, 1e-06, 0.1], "k_pid_hsp": [9.969809532165527, 0.0, 0.0], "k_pid_vsp": [400.0, 381.748046875, 373.9464416503906]}, "datetime": {"datetime": "2025-08-12 09:24:45", "elapsed": 61165.13813710213, "delta": 28.278453826904297}, "costs": {"total_cost": 1095.1183642373642, "time_cost": 150, "final_distance_cost": 62.51971166047903, "oscillation_cost": 417.9357881214517, "completition_cost": 333.33333333333337, "overshoot_cost": 66.99842208262571, "power_cost": 34.14237078857422, "noise_cost": 30.18873825090009, "n_waypoints_completed": 6, "tot_waypoints": 9}}
{"target": -1699.44514026264, "params": {"k_pid_pos": [2.0, 1.0, 0.9026340246200562], "k_pid_alt": [2.0, 0.9028997421264648, 0.992097020149231], "k_pid_att": [6.701737403869629, 0.015769606456160545, 0.0756220817565918], "k_pid_yaw": [0.5, 1e-06, 0.1], "k_pid_hsp": [9.92661190032959, 0.05820152163505554, 0.0], "k_pid_vsp": [400.0, 400.0, 400.0]}, "datetime": {"datetime": "2025-08-12 09:25:13", "elapsed": 61193.09677386284, "delta": 27.95863676071167}, "costs": {"total_cost": 1699.44514026264, "time_cost": 150, "final_distance_cost": 15.616133352381253, "oscillation_cost": 377.14562103288205, "completition_cost": 1000.0, "overshoot_cost": 99.12124602793061, "power_cost": 30.32098367919922, "noise_cost": 27.241156170246906, "n_waypoints_completed": 0, "tot_waypoints": 9}}
{"target": -8034.197591039417, "params": {"k_pid_pos": [1.9474787712097168, 0.9882193803787231, 1.0], "k_pid_alt": [2.0, 1.0, 0.9749467968940735], "k_pid_att": [0.0, 9.999999747378752e-05, 0.0], "k_pid_yaw": [0.5, 1e-06, 0.1], "k_pid_hsp": [9.887120246887207, 0.12256288528442383, 0.0], "k_pid_vsp": [400.0, 400.0, 383.19012451171875]}, "datetime": {"datetime": "2025-08-12 09:25:42", "elapsed": 61221.579071998596, "delta": 28.482298135757446}, "costs": {"total_cost": 8034.197591039417, "time_cost": 150, "final_distance_cost": 1208.6261788699333, "oscillation_cost": 15.17233210338263, "completition_cost": 1000.0, "overshoot_cost": 5531.136675177848, "power_cost": 44.85558029785157, "noise_cost": 84.40682459040086, "n_waypoints_completed": 0, "tot_waypoints": 9}}
{"target": -1254.7635470967984, "params": {"k_pid_pos": [1.979799747467041, 1.0, 1.0], "k_pid_alt": [1.951781153678894, 1.0, 0.9845710396766663], "k_pid_att": [0.9642720222473145, 9.999999747378752e-05, 0.0], "k_pid_yaw": [0.5, 1e-06, 0.1], "k_pid_hsp": [9.635169982910156, 0.03583452105522156, 0.06734529137611389], "k_pid_vsp": [400.0, 400.0, 400.0]}, "datetime": {"datetime": "2025-08-12 09:26:10", "elapsed": 61250.29107928276, "delta": 28.71200728416443}, "costs": {"total_cost": 1254.7635470967984, "time_cost": 150, "final_distance_cost": 87.33569470303509, "oscillation_cost": 230.90914242770413, "completition_cost": 666.6666666666667, "overshoot_cost": 59.516806282427716, "power_cost": 32.912624609375, "noise_cost": 27.42261240758985, "n_waypoints_completed": 3, "tot_waypoints": 9}}
{"target": -1117.1764935969863, "params": {"k_pid_pos": [1.9773825407028198, 0.9919782876968384, 1.0], "k_pid_alt": [1.9180433750152588, 1.0, 0.9850625395774841], "k_pid_att": [6.092029571533203, 0.7255975008010864, 0.0030202269554138184], "k_pid_yaw": [0.5, 1e-06, 0.1], "k_pid_hsp": [10.0, 0.08137348294258118, 0.030756205320358276], "k_pid_vsp": [400.0, 400.0, 400.0]}, "datetime": {"datetime": "2025-08-12 09:26:41", "elapsed": 61280.86099743843, "delta": 30.569918155670166}, "costs": {"total_cost": 1117.1764935969863, "time_cost": 150, "final_distance_cost": 65.74018774232201, "oscillation_cost": 439.2809148703274, "completition_cost": 333.33333333333337, "overshoot_cost": 66.39947642090475, "power_cost": 32.744222131347655, "noise_cost": 29.678359098751077, "n_waypoints_completed": 6, "tot_waypoints": 9}}
{"target": -1378.4908317482743, "params": {"k_pid_pos": [2.0, 0.9748165607452393, 0.9983921051025391], "k_pid_alt": [2.0, 0.9311848878860474, 1.0], "k_pid_att": [7.438519477844238, 0.9998410940170288, 0.0], "k_pid_yaw": [0.5, 1e-06, 0.1], "k_pid_hsp": [10.0, 0.0, 0.0], "k_pid_vsp": [387.911865234375, 399.0348205566406, 375.7702331542969]}, "datetime": {"datetime": "2025-08-12 09:27:09", "elapsed": 61309.146359205246, "delta": 28.285361766815186}, "costs": {"total_cost": 1378.4908317482743, "time_cost": 150, "final_distance_cost": 47.67115021344293, "oscillation_cost": 493.4144511281732, "completition_cost": 555.5555555555555, "overshoot_cost": 69.42921567383581, "power_cost": 32.67810695800782, "noise_cost": 29.742352219259008, "n_waypoints_completed": 4, "tot_waypoints": 9}}
{"target": -1455.3730097921637, "params": {"k_pid_pos": [1.9732590913772583, 1.0, 1.0], "k_pid_alt": [1.8410807847976685, 0.9135852456092834, 0.9754930138587952], "k_pid_att": [3.3097386360168457, 0.5595608949661255, 0.10658705234527588], "k_pid_yaw": [0.5, 1e-06, 0.1], "k_pid_hsp": [9.27772331237793, 0.0, 0.0], "k_pid_vsp": [400.0, 400.0, 397.95849609375]}, "datetime": {"datetime": "2025-08-12 09:27:37", "elapsed": 61337.232810258865, "delta": 28.086451053619385}, "costs": {"total_cost": 1455.3730097921637, "time_cost": 150, "final_distance_cost": 0.9979083847726787, "oscillation_cost": 17.681666362664185, "completition_cost": 1000.0, "overshoot_cost": 158.15071486751822, "power_cost": 29.187747473144533, "noise_cost": 99.35497270406398, "n_waypoints_completed": 0, "tot_waypoints": 9}}
{"target": -5347.733658645612, "params": {"k_pid_pos": [2.0, 1.0, 1.0], "k_pid_alt": [2.0, 0.9668523073196411, 1.0], "k_pid_att": [0.0, 0.6491952538490295, 0.026011019945144653], "k_pid_yaw": [0.5, 1e-06, 0.1], "k_pid_hsp": [10.0, 0.052670180797576904, 0.11722946166992188], "k_pid_vsp": [400.0, 360.27587890625, 400.0]}, "datetime": {"datetime": "2025-08-12 09:28:07", "elapsed": 61366.580837249756, "delta": 29.348026990890503}, "costs": {"total_cost": 5347.733658645612, "time_cost": 150, "final_distance_cost": 476.65962269117193, "oscillation_cost": 1986.289211544644, "completition_cost": 1000.0, "overshoot_cost": 1504.2101895542723, "power_cost": 57.42574041748047, "noise_cost": 173.14889443804248, "n_waypoints_completed": 0, "tot_waypoints": 9}}
{"target": -1201.5468049036135, "params": {"k_pid_pos": [2.0, 1.0, 0.9174580574035645], "k_pid_alt": [2.0, 1.0, 1.0], "k_pid_att": [5.222427845001221, 9.999999747378752e-05, 0.0], "k_pid_yaw": [0.5, 1e-06, 0.1], "k_pid_hsp": [10.0, 0.0, 0.03108304738998413], "k_pid_vsp": [382.80804443359375, 400.0, 400.0]}, "datetime": {"datetime": "2025-08-12 09:28:37", "elapsed": 61396.57992720604, "delta": 29.99908995628357}, "costs": {"total_cost": 1201.5468049036135, "time_cost": 150, "final_distance_cost": 56.06416230534266, "oscillation_cost": 420.1228044204702, "completition_cost": 444.4444444444444, "overshoot_cost": 67.95659588267148, "power_cost": 33.11271828613281, "noise_cost": 29.846079564551868, "n_waypoints_completed": 5, "tot_waypoints": 9}}
{"target": -5929.384612838088, "params": {"k_pid_pos": [1.9376296997070312, 0.9885852336883545, 0.9615034461021423], "k_pid_alt": [2.0, 1.0, 1.0], "k_pid_att": [0.0, 0.11855321377515793, 0.023569315671920776], "k_pid_yaw": [0.5, 1e-06, 0.1], "k_pid_hsp": [10.0, 0.0, 0.0], "k_pid_vsp": [372.56036376953125, 373.9543762207031, 400.0]}, "datetime": {"datetime": "2025-08-12 09:29:04", "elapsed": 61423.957555770874, "delta": 27.377628564834595}, "costs": {"total_cost": 5929.384612838088, "time_cost": 150, "final_distance_cost": 991.1746286842879, "oscillation_cost": 685.4298923683195, "completition_cost": 1000.0, "overshoot_cost": 2880.837716629229, "power_cost": 57.01700646972657, "noise_cost": 164.9253686865253, "n_waypoints_completed": 0, "tot_waypoints": 9}}
{"target": -1188.3858321534296, "params": {"k_pid_pos": [1.876671314239502, 0.921790599822998, 1.0], "k_pid_alt": [1.8478174209594727, 0.9819893836975098, 0.9523828625679016], "k_pid_att": [10.351329803466797, 0.6610892415046692, 0.0], "k_pid_yaw": [0.5, 1e-06, 0.1], "k_pid_hsp": [9.842554092407227, 0.0, 0.02404668927192688], "k_pid_vsp": [386.5826721191406, 393.28192138671875, 400.0]}, "datetime": {"datetime": "2025-08-12 09:29:33", "elapsed": 61452.39904642105, "delta": 28.441490650177002}, "costs": {"total_cost": 1188.3858321534296, "time_cost": 150, "final_distance_cost": 60.47201812938881, "oscillation_cost": 516.4450867262811, "completition_cost": 333.33333333333337, "overshoot_cost": 65.31713537972965, "power_cost": 32.56057098388672, "noise_cost": 30.25768760080965, "n_waypoints_completed": 6, "tot_waypoints": 9}}
{"target": -8364.370024759311, "params": {"k_pid_pos": [2.0, 0.9521932601928711, 0.9701180458068848], "k_pid_alt": [2.0, 1.0, 0.9505525231361389], "k_pid_att": [0.0, 9.999999747378752e-05, 0.0], "k_pid_yaw": [0.5, 1e-06, 0.1], "k_pid_hsp": [10.0, 0.04207545518875122, 0.07709065079689026], "k_pid_vsp": [400.0, 398.36187744140625, 392.29345703125]}, "datetime": {"datetime": "2025-08-12 09:30:03", "elapsed": 61483.06267499924, "delta": 30.663628578186035}, "costs": {"total_cost": 8364.370024759311, "time_cost": 150, "final_distance_cost": 406.1981203984802, "oscillation_cost": 14.631886853394958, "completition_cost": 1000.0, "overshoot_cost": 6651.559458636155, "power_cost": 46.60595391845703, "noise_cost": 95.37460495282414, "n_waypoints_completed": 0, "tot_waypoints": 9}}
{"target": -1142.1874621687873, "params": {"k_pid_pos": [2.0, 0.9903919696807861, 0.9997568130493164], "k_pid_alt": [1.9968607425689697, 1.0, 0.9943881034851074], "k_pid_att": [0.6288886070251465, 9.999999747378752e-05, 0.0], "k_pid_yaw": [0.5, 1e-06, 0.1], "k_pid_hsp": [9.868278503417969, 0.0, 0.0], "k_pid_vsp": [400.0, 374.40045166015625, 400.0]}, "datetime": {"datetime": "2025-08-12 09:30:35", "elapsed": 61514.648020744324, "delta": 31.58534574508667}, "costs": {"total_cost": 1142.1874621687873, "time_cost": 150, "final_distance_cost": 53.10389990319815, "oscillation_cost": 145.04757523395833, "completition_cost": 666.6666666666667, "overshoot_cost": 63.75697096809818, "power_cost": 33.22340396728516, "noise_cost": 30.388945429580815, "n_waypoints_completed": 3, "tot_waypoints": 9}}
{"target": -1716.3330109242363, "params": {"k_pid_pos": [1.912147879600525, 1.0, 1.0], "k_pid_alt": [2.0, 0.8984381556510925, 1.0], "k_pid_att": [4.938882827758789, 9.999999747378752e-05, 0.09685540199279785], "k_pid_yaw": [0.5, 1e-06, 0.1], "k_pid_hsp": [9.526829719543457, 0.0, 0.06430879235267639], "k_pid_vsp": [400.0, 400.0, 400.0]}, "datetime": {"datetime": "2025-08-12 09:31:03", "elapsed": 61543.08317923546, "delta": 28.435158491134644}, "costs": {"total_cost": 1716.3330109242363, "time_cost": 150, "final_distance_cost": 27.51486596344768, "oscillation_cost": 389.4683650076559, "completition_cost": 1000.0, "overshoot_cost": 93.04171588629825, "power_cost": 29.937355969238283, "noise_cost": 26.37070809759594, "n_waypoints_completed": 0, "tot_waypoints": 9}}
{"target": -3891.8911009914177, "params": {"k_pid_pos": [2.0, 1.0, 1.0], "k_pid_alt": [1.983332633972168, 1.0, 0.9482928514480591], "k_pid_att": [0.0, 0.1374053806066513, 0.0], "k_pid_yaw": [0.5, 1e-06, 0.1], "k_pid_hsp": [9.282687187194824, 0.0, 0.0], "k_pid_vsp": [384.4703063964844, 400.0, 400.0]}, "datetime": {"datetime": "2025-08-12 09:31:33", "elapsed": 61572.41603541374, "delta": 29.33285617828369}, "costs": {"total_cost": 3891.8911009914177, "time_cost": 150, "final_distance_cost": 377.27420564926297, "oscillation_cost": 870.5829955620815, "completition_cost": 1000.0, "overshoot_cost": 1267.875115687621, "power_cost": 57.541418737792974, "noise_cost": 168.61736535465928, "n_waypoints_completed": 0, "tot_waypoints": 9}}
{"target": -11420.17361693772, "params": {"k_pid_pos": [2.0, 0.9026769399642944, 0.9381325244903564], "k_pid_alt": [1.9161033630371094, 1.0, 0.9881479740142822], "k_pid_att": [0.0, 9.999999747378752e-05, 0.0], "k_pid_yaw": [0.5, 1e-06, 0.1], "k_pid_hsp": [9.297114372253418, 0.0, 0.08659857511520386], "k_pid_vsp": [400.0, 356.8094177246094, 400.0]}, "datetime": {"datetime": "2025-08-12 09:32:01", "elapsed": 61601.27514457703, "delta": 28.8591091632843}, "costs": {"total_cost": 11420.17361693772, "time_cost": 150, "final_distance_cost": 1491.8140218558933, "oscillation_cost": 14.637805577832706, "completition_cost": 1000.0, "overshoot_cost": 8592.720461708495, "power_cost": 48.66947984619141, "noise_cost": 122.3318479493063, "n_waypoints_completed": 0, "tot_waypoints": 9}}
{"target": -1423.250267235055, "params": {"k_pid_pos": [1.9282476902008057, 1.0, 1.0], "k_pid_alt": [2.0, 1.0, 1.0], "k_pid_att": [3.4531326293945312, 0.11158907413482666, 0.0], "k_pid_yaw": [0.5, 1e-06, 0.1], "k_pid_hsp": [9.455875396728516, 0.00032395124435424805, 0.0], "k_pid_vsp": [400.0, 391.62017822265625, 400.0]}, "datetime": {"datetime": "2025-08-12 09:32:33", "elapsed": 61632.3862285614, "delta": 31.111083984375}, "costs": {"total_cost": 1423.250267235055, "time_cost": 150, "final_distance_cost": 59.75379501593892, "oscillation_cost": 413.3595978520072, "completition_cost": 666.6666666666667, "overshoot_cost": 73.63718543351588, "power_cost": 32.253708337402344, "noise_cost": 27.57931392952379, "n_waypoints_completed": 3, "tot_waypoints": 9}}
{"target": -1738.2137688365822, "params": {"k_pid_pos": [2.0, 0.9315436482429504, 1.0], "k_pid_alt": [2.0, 0.9399901032447815, 0.9880576133728027], "k_pid_att": [3.6318719387054443, 9.999999747378752e-05, 0.07265737652778625], "k_pid_yaw": [0.5, 1e-06, 0.1], "k_pid_hsp": [10.0, 0.0, 0.0], "k_pid_vsp": [399.85150146484375, 400.0, 392.2408142089844]}, "datetime": {"datetime": "2025-08-12 09:33:01", "elapsed": 61661.35437083244, "delta": 28.96814227104187}, "costs": {"total_cost": 1738.2137688365822, "time_cost": 150, "final_distance_cost": 0.998537556720237, "oscillation_cost": 297.92014416124215, "completition_cost": 1000.0, "overshoot_cost": 158.11584119594613, "power_cost": 29.836105053710938, "noise_cost": 101.34314086896265, "n_waypoints_completed": 0, "tot_waypoints": 9}}
{"target": -1443.7423558258192, "params": {"k_pid_pos": [1.9965089559555054, 1.0, 0.9690805673599243], "k_pid_alt": [2.0, 0.9842333793640137, 0.9761286973953247], "k_pid_att": [1.2769132852554321, 9.999999747378752e-05, 0.10138106346130371], "k_pid_yaw": [0.5, 1e-06, 0.1], "k_pid_hsp": [9.934505462646484, 0.0, 0.0], "k_pid_vsp": [400.0, 400.0, 396.67364501953125]}, "datetime": {"datetime": "2025-08-12 09:33:29", "elapsed": 61688.882798433304, "delta": 27.528427600860596}, "costs": {"total_cost": 1443.7423558258192, "time_cost": 150, "final_distance_cost": 0.99869877215805, "oscillation_cost": 24.615095548278767, "completition_cost": 1000.0, "overshoot_cost": 151.44497171661376, "power_cost": 29.480990234375, "noise_cost": 87.20259955439377, "n_waypoints_completed": 0, "tot_waypoints": 9}}
