{"target": -1402.7525802428213, "params": {"k_pid_pos": [0.8414992094039917, 0.9889357686042786, 0.340611070394516], "k_pid_alt": [0.0968475341796875, 0.3836926221847534, 0.0423550009727478], "k_pid_att": [71.84418487548828, 9.368473052978516, 0.3257899284362793], "k_pid_yaw": [0.5, 1e-06, 0.1], "k_pid_hsp": [3.132969379425049, 0.22701764106750488, 0.8357545137405396], "k_pid_vsp": [105.47074890136719, 272.3322448730469, 51.907039642333984]}, "datetime": {"datetime": "2025-08-11 16:38:19", "elapsed": 778.4547388553619, "delta": 30.952561616897583}, "costs": {"total_cost": 1402.7525802428213, "time_cost": 150, "final_distance_cost": 74.92343229771565, "oscillation_cost": 259.44108856918217, "completition_cost": 777.7777777777778, "overshoot_cost": 73.39582559890019, "power_cost": 37.48815329589844, "noise_cost": 29.72630270334698, "n_waypoints_completed": 2, "tot_waypoints": 9}}
{"target": -1383.256850930044, "params": {"k_pid_pos": [1.5568665266036987, 0.7682342529296875, 0.7757923603057861], "k_pid_alt": [0.7848739624023438, 0.3312235474586487, 0.3206176161766052], "k_pid_att": [91.52442932128906, 7.859382629394531, 0.39095956087112427], "k_pid_yaw": [0.5, 1e-06, 0.1], "k_pid_hsp": [2.765460729598999, 0.22031623125076294, 0.6451133489608765], "k_pid_vsp": [6.823909282684326, 237.96873474121094, 381.5533752441406]}, "datetime": {"datetime": "2025-08-11 16:38:49", "elapsed": 808.7866954803467, "delta": 30.33195662498474}, "costs": {"total_cost": 1383.256850930044, "time_cost": 150, "final_distance_cost": 58.15733430583194, "oscillation_cost": 375.34696380265154, "completition_cost": 666.6666666666667, "overshoot_cost": 63.66723074385143, "power_cost": 37.57974428710938, "noise_cost": 31.83891112393295, "n_waypoints_completed": 3, "tot_waypoints": 9}}
{"target": -1165.0419588903032, "params": {"k_pid_pos": [0.7351482510566711, 0.4741896092891693, 0.8029240369796753], "k_pid_alt": [0.971548318862915, 0.23201164603233337, 0.41978850960731506], "k_pid_att": [86.34624481201172, 9.999999747378752e-05, 0.3105822503566742], "k_pid_yaw": [0.5, 1e-06, 0.1], "k_pid_hsp": [6.058704376220703, 0.2218235433101654, 0.6397637724876404], "k_pid_vsp": [288.2099304199219, 125.2731704711914, 274.88201904296875]}, "datetime": {"datetime": "2025-08-11 16:39:20", "elapsed": 839.4107096195221, "delta": 30.624014139175415}, "costs": {"total_cost": 1165.0419588903032, "time_cost": 150, "final_distance_cost": 67.0334858346054, "oscillation_cost": 606.6215093021294, "completition_cost": 222.2222222222222, "overshoot_cost": 54.93239876201993, "power_cost": 35.86976652832031, "noise_cost": 28.362576241006153, "n_waypoints_completed": 7, "tot_waypoints": 9}}
{"target": -1950.1884474634464, "params": {"k_pid_pos": [0.25907063484191895, 0.37233760952949524, 0.7906525731086731], "k_pid_alt": [1.824594497680664, 0.33925673365592957, 0.4094242453575134], "k_pid_att": [33.3413200378418, 3.2902963161468506, 0.8159717321395874], "k_pid_yaw": [0.5, 1e-06, 0.1], "k_pid_hsp": [6.595157146453857, 0.21699437499046326, 0.6113606691360474], "k_pid_vsp": [150.7754364013672, 144.67681884765625, 380.368896484375]}, "datetime": {"datetime": "2025-08-11 16:39:50", "elapsed": 869.8355984687805, "delta": 30.424888849258423}, "costs": {"total_cost": 1950.1884474634464, "time_cost": 150, "final_distance_cost": 102.80699257479843, "oscillation_cost": 521.9130299221832, "completition_cost": 1000.0, "overshoot_cost": 112.85224924331018, "power_cost": 32.541421325683594, "noise_cost": 30.0747543974712, "n_waypoints_completed": 0, "tot_waypoints": 9}}
{"target": -762.4290956214209, "params": {"k_pid_pos": [1.0742968320846558, 0.2631089985370636, 0.30949509143829346], "k_pid_alt": [1.7745952606201172, 0.09474128484725952, 0.943947434425354], "k_pid_att": [27.13833999633789, 9.999999747378752e-05, 0.5275805592536926], "k_pid_yaw": [0.5, 1e-06, 0.1], "k_pid_hsp": [0.5603646636009216, 0.8978625535964966, 0.42647725343704224], "k_pid_vsp": [162.49417114257812, 136.57984924316406, 149.1989288330078]}, "datetime": {"datetime": "2025-08-11 16:40:20", "elapsed": 899.9367158412933, "delta": 30.101117372512817}, "costs": {"total_cost": 762.4290956214209, "time_cost": 150, "final_distance_cost": 72.94845705081678, "oscillation_cost": 180.98827985869107, "completition_cost": 222.2222222222222, "overshoot_cost": 68.27932239576933, "power_cost": 37.83794047851563, "noise_cost": 30.15287361540581, "n_waypoints_completed": 7, "tot_waypoints": 9}}
{"target": -780.5143713083069, "params": {"k_pid_pos": [1.1707624197006226, 0.8722596168518066, 0.2039145827293396], "k_pid_alt": [0.0, 0.24361300468444824, 0.6065980195999146], "k_pid_att": [73.95533752441406, 4.087371349334717, 0.9142981767654419], "k_pid_yaw": [0.5, 1e-06, 0.1], "k_pid_hsp": [4.748129367828369, 0.600186824798584, 0.2149035632610321], "k_pid_vsp": [366.16162109375, 378.2508850097656, 272.5045166015625]}, "datetime": {"datetime": "2025-08-11 16:40:51", "elapsed": 930.8607656955719, "delta": 30.924049854278564}, "costs": {"total_cost": 780.5143713083069, "time_cost": 150, "final_distance_cost": 70.29462148282056, "oscillation_cost": 200.19571112692807, "completition_cost": 222.2222222222222, "overshoot_cost": 71.59542318847042, "power_cost": 37.27717575683594, "noise_cost": 28.929217531029693, "n_waypoints_completed": 7, "tot_waypoints": 9}}
{"target": -990.6316625674561, "params": {"k_pid_pos": [1.7346757650375366, 0.0, 0.2438679337501526], "k_pid_alt": [0.7164033651351929, 0.28182053565979004, 0.0], "k_pid_att": [27.078575134277344, 1.7012323141098022, 0.6260928511619568], "k_pid_yaw": [0.5, 1e-06, 0.1], "k_pid_hsp": [4.576084613800049, 0.6933229565620422, 0.5866348743438721], "k_pid_vsp": [91.64617156982422, 4.246176242828369, 69.7252426147461]}, "datetime": {"datetime": "2025-08-11 16:41:23", "elapsed": 962.7278347015381, "delta": 31.867069005966187}, "costs": {"total_cost": 990.6316625674561, "time_cost": 150, "final_distance_cost": 69.61939728377784, "oscillation_cost": 421.50563954121736, "completition_cost": 222.2222222222222, "overshoot_cost": 61.66019156131234, "power_cost": 34.22418217773438, "noise_cost": 31.40002978119193, "n_waypoints_completed": 7, "tot_waypoints": 9}}
{"target": -1305.7288415065907, "params": {"k_pid_pos": [1.8384761810302734, 0.6561009883880615, 0.16177454590797424], "k_pid_alt": [1.5179013013839722, 0.7896558046340942, 0.3099735975265503], "k_pid_att": [19.07537078857422, 8.058307647705078, 0.7890278100967407], "k_pid_yaw": [0.5, 1e-06, 0.1], "k_pid_hsp": [7.46328592300415, 0.880029559135437, 0.08360758423805237], "k_pid_vsp": [2.110147476196289, 378.9180908203125, 334.300048828125]}, "datetime": {"datetime": "2025-08-11 16:41:54", "elapsed": 993.4542231559753, "delta": 30.726388454437256}, "costs": {"total_cost": 1305.7288415065907, "time_cost": 150, "final_distance_cost": 107.45711875530806, "oscillation_cost": 109.03304412859964, "completition_cost": 666.6666666666667, "overshoot_cost": 194.89708540429328, "power_cost": 32.590338269042974, "noise_cost": 45.08458828268007, "n_waypoints_completed": 3, "tot_waypoints": 9}}
{"target": -1013.9855915789992, "params": {"k_pid_pos": [2.0, 0.6250176429748535, 0.5836405754089355], "k_pid_alt": [0.7474294900894165, 0.9527470469474792, 0.9170030951499939], "k_pid_att": [43.99279022216797, 3.8199143409729004, 0.22566688060760498], "k_pid_yaw": [0.5, 1e-06, 0.1], "k_pid_hsp": [3.5536813735961914, 0.8521151542663574, 0.8184744119644165], "k_pid_vsp": [399.40704345703125, 141.92393493652344, 108.71946716308594]}, "datetime": {"datetime": "2025-08-11 16:42:23", "elapsed": 1023.2591044902802, "delta": 29.80488133430481}, "costs": {"total_cost": 1013.9855915789992, "time_cost": 150, "final_distance_cost": 49.68956740483892, "oscillation_cost": 239.53127765015773, "completition_cost": 444.4444444444444, "overshoot_cost": 62.83777950060754, "power_cost": 36.58162003173828, "noise_cost": 30.900902547212304, "n_waypoints_completed": 5, "tot_waypoints": 9}}
{"target": -1467.5471345243684, "params": {"k_pid_pos": [0.22775183618068695, 0.501573383808136, 0.8179327845573425], "k_pid_alt": [0.6916707754135132, 0.4578871726989746, 0.7831934690475464], "k_pid_att": [100.0, 7.142406940460205, 0.5022154450416565], "k_pid_yaw": [0.5, 1e-06, 0.1], "k_pid_hsp": [0.9153043627738953, 0.7372658848762512, 0.0], "k_pid_vsp": [80.71907806396484, 45.05195617675781, 278.3868103027344]}, "datetime": {"datetime": "2025-08-11 16:42:54", "elapsed": 1053.43328332901, "delta": 30.17417883872986}, "costs": {"total_cost": 1467.5471345243684, "time_cost": 150, "final_distance_cost": 0.9985566447750575, "oscillation_cost": 11.117247286191276, "completition_cost": 1000.0, "overshoot_cost": 163.1033209409698, "power_cost": 29.009037548828125, "noise_cost": 113.31897210360422, "n_waypoints_completed": 0, "tot_waypoints": 9}}
{"target": -666.5688561761139, "params": {"k_pid_pos": [1.651155948638916, 0.10596296191215515, 0.5877426862716675], "k_pid_alt": [0.09573197364807129, 0.7756103277206421, 0.5352098941802979], "k_pid_att": [34.0258903503418, 5.45932674407959, 0.4603055417537689], "k_pid_yaw": [0.5, 1e-06, 0.1], "k_pid_hsp": [6.655503749847412, 0.19139328598976135, 0.5447632074356079], "k_pid_vsp": [378.67633056640625, 342.7752380371094, 256.6883239746094]}, "datetime": {"datetime": "2025-08-11 16:43:22", "elapsed": 1081.5379056930542, "delta": 28.10462236404419}, "costs": {"total_cost": 666.5688561761139, "time_cost": 110.915, "final_distance_cost": 1.746376823618111, "oscillation_cost": 424.05522430811703, "completition_cost": 0.0, "overshoot_cost": 70.76056615959284, "power_cost": 31.957819494628907, "noise_cost": 27.133869390156956, "n_waypoints_completed": 9, "tot_waypoints": 9}}
{"target": -974.6922852904532, "params": {"k_pid_pos": [0.18998101353645325, 0.5026318430900574, 0.15890944004058838], "k_pid_alt": [0.29524052143096924, 0.14962807297706604, 0.1412605345249176], "k_pid_att": [73.08149719238281, 0.3903604745864868, 0.17963871359825134], "k_pid_yaw": [0.5, 1e-06, 0.1], "k_pid_hsp": [2.5780417919158936, 0.896712064743042, 0.7042832374572754], "k_pid_vsp": [388.82330322265625, 360.4894104003906, 214.77508544921875]}, "datetime": {"datetime": "2025-08-11 16:43:51", "elapsed": 1111.1956474781036, "delta": 29.65774178504944}, "costs": {"total_cost": 974.6922852904532, "time_cost": 150, "final_distance_cost": 52.352586994027185, "oscillation_cost": 305.7786001681198, "completition_cost": 333.33333333333337, "overshoot_cost": 65.83805127563161, "power_cost": 37.614216650390624, "noise_cost": 29.775496868950665, "n_waypoints_completed": 6, "tot_waypoints": 9}}
{"target": -2214.128631481778, "params": {"k_pid_pos": [1.9001972675323486, 0.26965880393981934, 0.3430876135826111], "k_pid_alt": [1.7102922201156616, 0.46711811423301697, 0.16724130511283875], "k_pid_att": [0.7458746433258057, 5.132656097412109, 0.921913743019104], "k_pid_yaw": [0.5, 1e-06, 0.1], "k_pid_hsp": [2.497373580932617, 0.9431174993515015, 0.5737677812576294], "k_pid_vsp": [298.0539855957031, 69.13941955566406, 283.6922607421875]}, "datetime": {"datetime": "2025-08-11 16:44:21", "elapsed": 1141.1287953853607, "delta": 29.93314790725708}, "costs": {"total_cost": 2214.128631481778, "time_cost": 150, "final_distance_cost": 7.332718429357315, "oscillation_cost": 616.8138523937547, "completition_cost": 1000.0, "overshoot_cost": 222.14412165934053, "power_cost": 54.53584167480469, "noise_cost": 163.30209732452084, "n_waypoints_completed": 0, "tot_waypoints": 9}}
{"target": -1509.0825966674734, "params": {"k_pid_pos": [0.12721896171569824, 0.08619606494903564, 0.05072680115699768], "k_pid_alt": [0.04877740144729614, 0.9179093837738037, 0.6525457501411438], "k_pid_att": [74.4962158203125, 6.010498046875, 0.9457745552062988], "k_pid_yaw": [0.5, 1e-06, 0.1], "k_pid_hsp": [6.221177101135254, 0.16683286428451538, 0.4968978464603424], "k_pid_vsp": [135.7327880859375, 94.92119598388672, 39.88268280029297]}, "datetime": {"datetime": "2025-08-11 16:44:51", "elapsed": 1170.8709814548492, "delta": 29.742186069488525}, "costs": {"total_cost": 1509.0825966674734, "time_cost": 150, "final_distance_cost": 45.821679455209406, "oscillation_cost": 627.0980246942208, "completition_cost": 555.5555555555555, "overshoot_cost": 66.71080786885368, "power_cost": 34.66906990966797, "noise_cost": 29.22745918396598, "n_waypoints_completed": 4, "tot_waypoints": 9}}
{"target": -803.4677645050562, "params": {"k_pid_pos": [1.9171315431594849, 0.1533951759338379, 0.5853498578071594], "k_pid_alt": [0.11581599712371826, 0.5530379414558411, 0.5695589780807495], "k_pid_att": [32.52513885498047, 9.152188301086426, 0.7670387029647827], "k_pid_yaw": [0.5, 1e-06, 0.1], "k_pid_hsp": [10.0, 0.8027441501617432, 0.08227327466011047], "k_pid_vsp": [156.43292236328125, 219.5919952392578, 229.86268615722656]}, "datetime": {"datetime": "2025-08-11 16:45:21", "elapsed": 1200.629826784134, "delta": 29.758845329284668}, "costs": {"total_cost": 803.4677645050562, "time_cost": 150, "final_distance_cost": 25.159545067815646, "oscillation_cost": 374.0852653459912, "completition_cost": 111.11111111111116, "overshoot_cost": 79.5705957083787, "power_cost": 34.18845346679688, "noise_cost": 29.352793804962566, "n_waypoints_completed": 8, "tot_waypoints": 9}}
{"target": -773.7162560451383, "params": {"k_pid_pos": [1.7547060251235962, 0.6093013286590576, 0.6026846766471863], "k_pid_alt": [1.1412718296051025, 0.09050419926643372, 0.7344368696212769], "k_pid_att": [33.73442840576172, 7.348715305328369, 0.8937194347381592], "k_pid_yaw": [0.5, 1e-06, 0.1], "k_pid_hsp": [6.032473087310791, 0.464945912361145, 0.9577248096466064], "k_pid_vsp": [359.18206787109375, 265.1739807128906, 146.11465454101562]}, "datetime": {"datetime": "2025-08-11 16:45:51", "elapsed": 1230.3790588378906, "delta": 29.749232053756714}, "costs": {"total_cost": 773.7162560451383, "time_cost": 150, "final_distance_cost": 5.179749058064471, "oscillation_cost": 388.58067747281257, "completition_cost": 111.11111111111116, "overshoot_cost": 54.660343901517024, "power_cost": 35.5878568359375, "noise_cost": 28.59651766569552, "n_waypoints_completed": 8, "tot_waypoints": 9}}
{"target": -1963.221331472709, "params": {"k_pid_pos": [1.5828354358673096, 0.327894002199173, 0.24844887852668762], "k_pid_alt": [1.6211369037628174, 0.6146600842475891, 0.29827702045440674], "k_pid_att": [28.25186538696289, 2.1765568256378174, 0.36043912172317505], "k_pid_yaw": [0.5, 1e-06, 0.1], "k_pid_hsp": [9.999999747378752e-05, 0.4324674606323242, 0.8393615484237671], "k_pid_vsp": [125.11937713623047, 60.16485595703125, 293.4656982421875]}, "datetime": {"datetime": "2025-08-11 16:46:21", "elapsed": 1260.5212824344635, "delta": 30.142223596572876}, "costs": {"total_cost": 1963.221331472709, "time_cost": 150, "final_distance_cost": 87.9548270346866, "oscillation_cost": 678.92409833479, "completition_cost": 888.8888888888888, "overshoot_cost": 95.07673320882922, "power_cost": 32.913107067871096, "noise_cost": 29.463676937643193, "n_waypoints_completed": 1, "tot_waypoints": 9}}
{"target": -29573.926062785133, "params": {"k_pid_pos": [0.2132372260093689, 0.0, 0.2857089638710022], "k_pid_alt": [0.22141695022583008, 0.43901342153549194, 0.48719388246536255], "k_pid_att": [0.10119080543518066, 3.7180709838867188, 0.8118623495101929], "k_pid_yaw": [0.5, 1e-06, 0.1], "k_pid_hsp": [7.752730846405029, 0.10561501979827881, 0.22511419653892517], "k_pid_vsp": [170.294921875, 366.6947326660156, 161.67144775390625]}, "datetime": {"datetime": "2025-08-11 16:46:51", "elapsed": 1290.503140926361, "delta": 29.981858491897583}, "costs": {"total_cost": 29573.926062785133, "time_cost": 150, "final_distance_cost": 8161.982190915716, "oscillation_cost": 1764.2413019258618, "completition_cost": 1000.0, "overshoot_cost": 18297.51841638241, "power_cost": 58.10774111328125, "noise_cost": 142.0764124478638, "n_waypoints_completed": 0, "tot_waypoints": 9}}
{"target": -328.65021976419615, "params": {"k_pid_pos": [1.91989004611969, 0.9009414911270142, 0.8663692474365234], "k_pid_alt": [0.4718582034111023, 0.45392873883247375, 0.8154726028442383], "k_pid_att": [93.8272476196289, 6.812196731567383, 0.6274974346160889], "k_pid_yaw": [0.5, 1e-06, 0.1], "k_pid_hsp": [6.631638526916504, 0.1888912320137024, 0.0], "k_pid_vsp": [242.01443481445312, 125.17373657226562, 142.4727783203125]}, "datetime": {"datetime": "2025-08-11 16:47:18", "elapsed": 1317.4059789180756, "delta": 26.902837991714478}, "costs": {"total_cost": 328.65021976419615, "time_cost": 106.785, "final_distance_cost": 1.7773919520874684, "oscillation_cost": 99.34195186702303, "completition_cost": 0.0, "overshoot_cost": 66.62600050645807, "power_cost": 28.79642281494141, "noise_cost": 25.32345262368617, "n_waypoints_completed": 9, "tot_waypoints": 9}}
{"target": -1624.1055360365349, "params": {"k_pid_pos": [1.91551673412323, 0.8169053792953491, 0.5186651945114136], "k_pid_alt": [1.0736801624298096, 0.2696060538291931, 0.32946091890335083], "k_pid_att": [84.82035064697266, 7.714953422546387, 0.12454605102539062], "k_pid_yaw": [0.5, 1e-06, 0.1], "k_pid_hsp": [2.752349615097046, 0.8742073178291321, 0.6717237234115601], "k_pid_vsp": [144.75985717773438, 226.07272338867188, 371.03729248046875]}, "datetime": {"datetime": "2025-08-11 16:47:48", "elapsed": 1347.4052391052246, "delta": 29.999260187149048}, "costs": {"total_cost": 1624.1055360365349, "time_cost": 150, "final_distance_cost": 36.03393498535528, "oscillation_cost": 230.36070692769323, "completition_cost": 1000.0, "overshoot_cost": 110.77108855813819, "power_cost": 37.08944084472657, "noise_cost": 59.850364720621734, "n_waypoints_completed": 0, "tot_waypoints": 9}}
{"target": -444.73101116364387, "params": {"k_pid_pos": [1.2559871673583984, 0.05031904578208923, 0.4657690227031708], "k_pid_alt": [1.6486566066741943, 0.0, 0.7995444536209106], "k_pid_att": [95.1717529296875, 5.725463390350342, 0.880952000617981], "k_pid_yaw": [0.5, 1e-06, 0.1], "k_pid_hsp": [4.284219741821289, 0.6619144082069397, 0.10126546025276184], "k_pid_vsp": [40.43588638305664, 162.02223205566406, 54.01649475097656]}, "datetime": {"datetime": "2025-08-11 16:48:07", "elapsed": 1366.8422627449036, "delta": 19.437023639678955}, "costs": {"total_cost": 444.73101116364387, "time_cost": 76.825, "final_distance_cost": 1.856559035368914, "oscillation_cost": 272.0055855071912, "completition_cost": 0.0, "overshoot_cost": 51.376417369383454, "power_cost": 22.934221911621094, "noise_cost": 19.73322734007923, "n_waypoints_completed": 9, "tot_waypoints": 9}}
{"target": -1176.7520296380465, "params": {"k_pid_pos": [0.2974451780319214, 0.5207718014717102, 0.6920887231826782], "k_pid_alt": [1.9937387704849243, 0.5677728652954102, 1.0], "k_pid_att": [87.01364135742188, 4.750085353851318, 0.08727920055389404], "k_pid_yaw": [0.5, 1e-06, 0.1], "k_pid_hsp": [3.2849133014678955, 0.2153858244419098, 0.25973546504974365], "k_pid_vsp": [194.44566345214844, 267.2248229980469, 100.21574401855469]}, "datetime": {"datetime": "2025-08-11 16:48:37", "elapsed": 1396.7286360263824, "delta": 29.886373281478882}, "costs": {"total_cost": 1176.7520296380465, "time_cost": 150, "final_distance_cost": 72.9804957531468, "oscillation_cost": 621.2149436889543, "completition_cost": 222.2222222222222, "overshoot_cost": 45.594104235959705, "power_cost": 36.35536263427735, "noise_cost": 28.384901103486154, "n_waypoints_completed": 7, "tot_waypoints": 9}}
{"target": -747.8799539899007, "params": {"k_pid_pos": [1.8828777074813843, 0.24695080518722534, 0.7401993870735168], "k_pid_alt": [0.01740860939025879, 0.5431609153747559, 0.9372350573539734], "k_pid_att": [59.83097457885742, 0.5755922794342041, 0.2830315828323364], "k_pid_yaw": [0.5, 1e-06, 0.1], "k_pid_hsp": [7.67305326461792, 0.2717151641845703, 0.988278329372406], "k_pid_vsp": [244.1790313720703, 135.2594451904297, 177.01168823242188]}, "datetime": {"datetime": "2025-08-11 16:49:07", "elapsed": 1426.6256189346313, "delta": 29.8969829082489}, "costs": {"total_cost": 747.8799539899007, "time_cost": 119.399, "final_distance_cost": 1.7617986559392471, "oscillation_cost": 489.88025404499297, "completition_cost": 0.0, "overshoot_cost": 72.02989607168455, "power_cost": 35.84780869140625, "noise_cost": 28.96119652587763, "n_waypoints_completed": 9, "tot_waypoints": 9}}
{"target": -590.0017417357049, "params": {"k_pid_pos": [1.0877975225448608, 0.49198123812675476, 0.396881639957428], "k_pid_alt": [1.2360055446624756, 0.5033164024353027, 0.49086904525756836], "k_pid_att": [31.720233917236328, 2.4155492782592773, 0.0], "k_pid_yaw": [0.5, 1e-06, 0.1], "k_pid_hsp": [1.4144515991210938, 0.1693408489227295, 0.9956509470939636], "k_pid_vsp": [289.30535888671875, 134.46969604492188, 137.488525390625]}, "datetime": {"datetime": "2025-08-11 16:49:33", "elapsed": 1452.8799121379852, "delta": 26.254293203353882}, "costs": {"total_cost": 590.0017417357049, "time_cost": 106.414, "final_distance_cost": 1.770356039133152, "oscillation_cost": 330.1497832255373, "completition_cost": 0.0, "overshoot_cost": 93.80285902206377, "power_cost": 31.109888818359376, "noise_cost": 26.754854630611288, "n_waypoints_completed": 9, "tot_waypoints": 9}}
