{"target": -1155.9089860371353, "params": {"k_pid_pos": [0.22520703077316284, 0.0, 0.306193470954895], "k_pid_alt": [1.71497642993927, 0.08125406503677368, 0.626602292060852], "k_pid_att": [37.67704391479492, 1.3998972177505493, 0.47701534628868103], "k_pid_yaw": [0.5, 1e-06, 0.1], "k_pid_hsp": [1.6426371335983276, 0.37247785925865173, 0.2102292776107788], "k_pid_vsp": [206.64625549316406, 356.5217590332031, 282.1644592285156]}, "datetime": {"datetime": "2025-08-11 16:50:03", "elapsed": 1482.7195465564728, "delta": 29.83963441848755}, "costs": {"total_cost": 1155.9089860371353, "time_cost": 150, "final_distance_cost": 50.94012071381948, "oscillation_cost": 396.4442073606934, "completition_cost": 444.4444444444444, "overshoot_cost": 53.98087008137271, "power_cost": 32.17829127197266, "noise_cost": 27.92105216483251, "n_waypoints_completed": 5, "tot_waypoints": 9}}
{"target": -1605.8094972902293, "params": {"k_pid_pos": [1.9430558681488037, 0.2664024531841278, 0.9889465570449829], "k_pid_alt": [1.9242726564407349, 1.0, 0.4158131778240204], "k_pid_att": [65.13494873046875, 1.6830164194107056, 0.9985894560813904], "k_pid_yaw": [0.5, 1e-06, 0.1], "k_pid_hsp": [9.999999747378752e-05, 0.9166563749313354, 0.09646129608154297], "k_pid_vsp": [48.97353744506836, 85.55696868896484, 107.14138793945312]}, "datetime": {"datetime": "2025-08-11 16:50:33", "elapsed": 1512.6350271701813, "delta": 29.915480613708496}, "costs": {"total_cost": 1605.8094972902293, "time_cost": 150, "final_distance_cost": 1.4450080888089598, "oscillation_cost": 122.98832392795225, "completition_cost": 1000.0, "overshoot_cost": 163.30722530587235, "power_cost": 34.122490502929686, "noise_cost": 133.9464494646662, "n_waypoints_completed": 0, "tot_waypoints": 9}}
{"target": -1619.640460557029, "params": {"k_pid_pos": [9.999999747378752e-05, 0.6211665272712708, 0.7177041172981262], "k_pid_alt": [1.7093608379364014, 0.047956615686416626, 0.6871618628501892], "k_pid_att": [50.60380172729492, 4.526784420013428, 0.06886330246925354], "k_pid_yaw": [0.5, 1e-06, 0.1], "k_pid_hsp": [8.092500686645508, 0.7710543274879456, 0.5091884136199951], "k_pid_vsp": [131.007080078125, 352.6917419433594, 193.63833618164062]}, "datetime": {"datetime": "2025-08-11 16:51:03", "elapsed": 1543.188545703888, "delta": 30.553518533706665}, "costs": {"total_cost": 1619.640460557029, "time_cost": 150, "final_distance_cost": 87.0691205676097, "oscillation_cost": 496.839755814168, "completition_cost": 777.7777777777778, "overshoot_cost": 45.76438138393966, "power_cost": 33.94674649658203, "noise_cost": 28.242678516951557, "n_waypoints_completed": 2, "tot_waypoints": 9}}
{"target": -337.51025524886353, "params": {"k_pid_pos": [0.7603843808174133, 0.6877048015594482, 0.6602234244346619], "k_pid_alt": [0.5487350225448608, 0.2721710801124573, 0.39594101905822754], "k_pid_att": [42.45377731323242, 3.1564865112304688, 0.27315789461135864], "k_pid_yaw": [0.5, 1e-06, 0.1], "k_pid_hsp": [8.288817405700684, 0.6889792680740356, 0.0], "k_pid_vsp": [356.7504577636719, 28.080692291259766, 128.99609375]}, "datetime": {"datetime": "2025-08-11 16:51:29", "elapsed": 1568.7828640937805, "delta": 25.594318389892578}, "costs": {"total_cost": 337.51025524886353, "time_cost": 100.233, "final_distance_cost": 1.7731689512810986, "oscillation_cost": 130.05617516629684, "completition_cost": 0.0, "overshoot_cost": 55.42862049227509, "power_cost": 26.230562438964846, "noise_cost": 23.788728200045675, "n_waypoints_completed": 9, "tot_waypoints": 9}}
{"target": -615.0134113719362, "params": {"k_pid_pos": [0.6811498999595642, 0.43112558126449585, 0.08237427473068237], "k_pid_alt": [1.0016123056411743, 0.12969082593917847, 0.8419352769851685], "k_pid_att": [53.740482330322266, 8.573857307434082, 0.08906316757202148], "k_pid_yaw": [0.5, 1e-06, 0.1], "k_pid_hsp": [4.514124393463135, 0.8925451040267944, 0.17990019917488098], "k_pid_vsp": [303.4642639160156, 195.81954956054688, 322.164306640625]}, "datetime": {"datetime": "2025-08-11 16:51:55", "elapsed": 1594.5768144130707, "delta": 25.79395031929016}, "costs": {"total_cost": 615.0134113719362, "time_cost": 103.173, "final_distance_cost": 1.754426706710291, "oscillation_cost": 393.8165817035723, "completition_cost": 0.0, "overshoot_cost": 59.7515919475137, "power_cost": 30.85180809326172, "noise_cost": 25.666002920878125, "n_waypoints_completed": 9, "tot_waypoints": 9}}
{"target": -1300.3250792539532, "params": {"k_pid_pos": [1.7046043872833252, 0.25176870822906494, 0.7583969831466675], "k_pid_alt": [0.5155673027038574, 0.6612260937690735, 0.03001341223716736], "k_pid_att": [69.907470703125, 3.352332830429077, 0.3169371485710144], "k_pid_yaw": [0.5, 1e-06, 0.1], "k_pid_hsp": [7.675960063934326, 0.062140077352523804, 0.9611353874206543], "k_pid_vsp": [214.57757568359375, 87.61448669433594, 384.5476379394531]}, "datetime": {"datetime": "2025-08-11 16:52:25", "elapsed": 1624.4336202144623, "delta": 29.8568058013916}, "costs": {"total_cost": 1300.3250792539532, "time_cost": 150, "final_distance_cost": 63.581973531307696, "oscillation_cost": 609.3690002773039, "completition_cost": 333.33333333333337, "overshoot_cost": 76.22091974389222, "power_cost": 36.139206689453125, "noise_cost": 31.680645678662525, "n_waypoints_completed": 6, "tot_waypoints": 9}}
{"target": -1610.1588649743246, "params": {"k_pid_pos": [0.412541002035141, 0.4988897442817688, 0.8778825402259827], "k_pid_alt": [0.30503976345062256, 0.4689660966396332, 0.4166317582130432], "k_pid_att": [99.43197631835938, 9.476856231689453, 0.1045483648777008], "k_pid_yaw": [0.5, 1e-06, 0.1], "k_pid_hsp": [7.836117267608643, 0.7007219195365906, 0.9398486614227295], "k_pid_vsp": [207.14157104492188, 209.49176025390625, 74.83223724365234]}, "datetime": {"datetime": "2025-08-11 16:52:55", "elapsed": 1654.415587902069, "delta": 29.98196768760681}, "costs": {"total_cost": 1610.1588649743246, "time_cost": 150, "final_distance_cost": 76.94257675123741, "oscillation_cost": 617.8686547123839, "completition_cost": 666.6666666666667, "overshoot_cost": 36.253366394820056, "power_cost": 34.54869174804688, "noise_cost": 27.878908701169795, "n_waypoints_completed": 3, "tot_waypoints": 9}}
{"target": -576.5590311585418, "params": {"k_pid_pos": [1.0521674156188965, 0.4155353903770447, 0.2942151427268982], "k_pid_alt": [1.414709210395813, 0.6420971751213074, 0.142511248588562], "k_pid_att": [31.37604522705078, 8.020766258239746, 0.6480891704559326], "k_pid_yaw": [0.5, 1e-06, 0.1], "k_pid_hsp": [9.435503959655762, 0.9420332908630371, 0.2958817481994629], "k_pid_vsp": [266.24176025390625, 325.11572265625, 266.23956298828125]}, "datetime": {"datetime": "2025-08-11 16:53:21", "elapsed": 1680.7239260673523, "delta": 26.308338165283203}, "costs": {"total_cost": 576.5590311585418, "time_cost": 103.257, "final_distance_cost": 1.7607780943803095, "oscillation_cost": 359.90016523016305, "completition_cost": 0.0, "overshoot_cost": 58.17639045696045, "power_cost": 28.545407751464847, "noise_cost": 24.919289625573104, "n_waypoints_completed": 9, "tot_waypoints": 9}}
{"target": -1606.2734093506638, "params": {"k_pid_pos": [0.025373727083206177, 0.1712595522403717, 0.18138304352760315], "k_pid_alt": [1.9705320596694946, 0.3501697778701782, 0.6042195558547974], "k_pid_att": [83.96510314941406, 2.0885887145996094, 0.8296600580215454], "k_pid_yaw": [0.5, 1e-06, 0.1], "k_pid_hsp": [8.052152633666992, 0.4988403916358948, 0.30563968420028687], "k_pid_vsp": [365.80096435546875, 85.99519348144531, 301.1795349121094]}, "datetime": {"datetime": "2025-08-11 16:53:51", "elapsed": 1710.3726861476898, "delta": 29.648760080337524}, "costs": {"total_cost": 1606.2734093506638, "time_cost": 150, "final_distance_cost": 50.120967344261594, "oscillation_cost": 705.425627677383, "completition_cost": 555.5555555555555, "overshoot_cost": 83.7281992014239, "power_cost": 33.80664979248047, "noise_cost": 27.636409779559564, "n_waypoints_completed": 4, "tot_waypoints": 9}}
{"target": -700.5852997644438, "params": {"k_pid_pos": [1.6685572862625122, 0.11539632081985474, 0.0], "k_pid_alt": [0.14936238527297974, 0.2720707058906555, 0.5279070734977722], "k_pid_att": [43.268280029296875, 6.0280585289001465, 0.36382925510406494], "k_pid_yaw": [0.5, 1e-06, 0.1], "k_pid_hsp": [8.54150104522705, 0.49430543184280396, 0.42265772819519043], "k_pid_vsp": [124.21902465820312, 74.51951599121094, 0.18038849532604218]}, "datetime": {"datetime": "2025-08-11 16:54:20", "elapsed": 1739.5005395412445, "delta": 29.127853393554688}, "costs": {"total_cost": 700.5852997644438, "time_cost": 115.745, "final_distance_cost": 1.7750720767059545, "oscillation_cost": 453.30648155464655, "completition_cost": 0.0, "overshoot_cost": 64.54298197791604, "power_cost": 31.896773767089844, "noise_cost": 33.318990388085496, "n_waypoints_completed": 9, "tot_waypoints": 9}}
{"target": -1560.9387966408271, "params": {"k_pid_pos": [0.5007790327072144, 0.9820024967193604, 0.5159182548522949], "k_pid_alt": [0.4535759687423706, 0.5474691987037659, 0.2989545464515686], "k_pid_att": [48.86465835571289, 4.544893741607666, 0.17177751660346985], "k_pid_yaw": [0.5, 1e-06, 0.1], "k_pid_hsp": [4.812588691711426, 0.05958777666091919, 0.2910192608833313], "k_pid_vsp": [124.66578674316406, 136.1558837890625, 400.0]}, "datetime": {"datetime": "2025-08-11 16:54:50", "elapsed": 1770.1813423633575, "delta": 30.680802822113037}, "costs": {"total_cost": 1560.9387966408271, "time_cost": 150, "final_distance_cost": 63.4548457137102, "oscillation_cost": 555.808829297192, "completition_cost": 666.6666666666667, "overshoot_cost": 59.32455785887172, "power_cost": 34.533558728027344, "noise_cost": 31.150338376359084, "n_waypoints_completed": 3, "tot_waypoints": 9}}
{"target": -1002.8244206062307, "params": {"k_pid_pos": [1.3644301891326904, 0.6939438581466675, 0.8320565223693848], "k_pid_alt": [1.0903551578521729, 0.19057941436767578, 0.17999428510665894], "k_pid_att": [56.49496841430664, 9.130029678344727, 0.3414760231971741], "k_pid_yaw": [0.5, 1e-06, 0.1], "k_pid_hsp": [1.4197862148284912, 0.6981791257858276, 0.23229622840881348], "k_pid_vsp": [179.1201171875, 40.93650436401367, 283.0521545410156]}, "datetime": {"datetime": "2025-08-11 16:55:20", "elapsed": 1799.9812886714935, "delta": 29.799946308135986}, "costs": {"total_cost": 1002.8244206062307, "time_cost": 150, "final_distance_cost": 76.67723360843254, "oscillation_cost": 314.872489499149, "completition_cost": 333.33333333333337, "overshoot_cost": 60.93562821375955, "power_cost": 35.95740249023438, "noise_cost": 31.048333461321857, "n_waypoints_completed": 6, "tot_waypoints": 9}}
{"target": -886.7115190483137, "params": {"k_pid_pos": [0.9676772356033325, 0.7289501428604126, 0.39933300018310547], "k_pid_alt": [0.6406092047691345, 0.49661728739738464, 0.5349659323692322], "k_pid_att": [1.8312036991119385, 0.22855009138584137, 0.005120664834976196], "k_pid_yaw": [0.5, 1e-06, 0.1], "k_pid_hsp": [1.7731750011444092, 0.9614207148551941, 0.2732248902320862], "k_pid_vsp": [327.7380065917969, 9.999999974752427e-07, 114.18035125732422]}, "datetime": {"datetime": "2025-08-11 16:55:52", "elapsed": 1831.4396011829376, "delta": 31.458312511444092}, "costs": {"total_cost": 886.7115190483137, "time_cost": 150, "final_distance_cost": 73.09276801678412, "oscillation_cost": 191.74022789213922, "completition_cost": 333.33333333333337, "overshoot_cost": 73.18417387365653, "power_cost": 34.47629024658203, "noise_cost": 30.884725685818314, "n_waypoints_completed": 6, "tot_waypoints": 9}}
{"target": -805.471899310244, "params": {"k_pid_pos": [0.6249029636383057, 0.26451486349105835, 0.40043771266937256], "k_pid_alt": [0.5890612006187439, 0.2435489296913147, 0.7487933039665222], "k_pid_att": [94.38154602050781, 7.106512069702148, 0.6113399267196655], "k_pid_yaw": [0.5, 1e-06, 0.1], "k_pid_hsp": [2.3037970066070557, 0.1372048556804657, 0.36037546396255493], "k_pid_vsp": [164.6829376220703, 182.42393493652344, 2.85239315032959]}, "datetime": {"datetime": "2025-08-11 16:56:19", "elapsed": 1858.4297020435333, "delta": 26.990100860595703}, "costs": {"total_cost": 805.471899310244, "time_cost": 107.422, "final_distance_cost": 1.7633781313034922, "oscillation_cost": 583.6060043949657, "completition_cost": 0.0, "overshoot_cost": 55.168770803282236, "power_cost": 29.955098645019532, "noise_cost": 27.556647335672956, "n_waypoints_completed": 9, "tot_waypoints": 9}}
{"target": -573.2519971368686, "params": {"k_pid_pos": [1.4138031005859375, 0.37897127866744995, 0.8139466047286987], "k_pid_alt": [0.6954589486122131, 0.5000085830688477, 0.12067264318466187], "k_pid_att": [74.7041244506836, 8.003752708435059, 0.48404163122177124], "k_pid_yaw": [0.5, 1e-06, 0.1], "k_pid_hsp": [3.3968698978424072, 0.8556090593338013, 0.4268653392791748], "k_pid_vsp": [212.47190856933594, 215.15078735351562, 124.85649871826172]}, "datetime": {"datetime": "2025-08-11 16:56:44", "elapsed": 1884.2094745635986, "delta": 25.779772520065308}, "costs": {"total_cost": 573.2519971368686, "time_cost": 102.361, "final_distance_cost": 1.7541176033669525, "oscillation_cost": 352.51667911872124, "completition_cost": 0.0, "overshoot_cost": 60.56797787210729, "power_cost": 31.117934716796878, "noise_cost": 24.934287825876165, "n_waypoints_completed": 9, "tot_waypoints": 9}}
{"target": -894.8949123709608, "params": {"k_pid_pos": [1.9571013450622559, 0.45282232761383057, 0.30500805377960205], "k_pid_alt": [1.679971694946289, 0.9720214605331421, 0.8974159359931946], "k_pid_att": [39.848358154296875, 8.9137544631958, 0.01108783483505249], "k_pid_yaw": [0.5, 1e-06, 0.1], "k_pid_hsp": [9.999999747378752e-05, 1.0, 0.22120022773742676], "k_pid_vsp": [303.2310791015625, 315.2351989746094, 184.65646362304688]}, "datetime": {"datetime": "2025-08-11 16:57:14", "elapsed": 1913.8988926410675, "delta": 29.689418077468872}, "costs": {"total_cost": 894.8949123709608, "time_cost": 150, "final_distance_cost": 73.78958104678965, "oscillation_cost": 181.35430030312725, "completition_cost": 333.33333333333337, "overshoot_cost": 87.62987756828903, "power_cost": 37.30352973632813, "noise_cost": 31.484290383093356, "n_waypoints_completed": 6, "tot_waypoints": 9}}
{"target": -1501.279724585785, "params": {"k_pid_pos": [0.08060391247272491, 0.3888213634490967, 0.5248887538909912], "k_pid_alt": [1.8755600452423096, 0.8134676218032837, 0.1745636761188507], "k_pid_att": [23.8271484375, 5.890255451202393, 0.11950749158859253], "k_pid_yaw": [0.5, 1e-06, 0.1], "k_pid_hsp": [1.8692504167556763, 0.3961869478225708, 0.5078778862953186], "k_pid_vsp": [103.89773559570312, 57.342742919921875, 21.206953048706055]}, "datetime": {"datetime": "2025-08-11 16:57:45", "elapsed": 1944.785202741623, "delta": 30.88631010055542}, "costs": {"total_cost": 1501.279724585785, "time_cost": 150, "final_distance_cost": 45.95537859580817, "oscillation_cost": 625.5057935265132, "completition_cost": 555.5555555555555, "overshoot_cost": 62.62377062374783, "power_cost": 32.66669771728516, "noise_cost": 28.972528566875056, "n_waypoints_completed": 4, "tot_waypoints": 9}}
{"target": -1165.3134586262545, "params": {"k_pid_pos": [0.9279424548149109, 0.4552794396877289, 0.0], "k_pid_alt": [0.9575737714767456, 0.9013904333114624, 0.31041818857192993], "k_pid_att": [35.774009704589844, 1.889388918876648, 0.08590042591094971], "k_pid_yaw": [0.5, 1e-06, 0.1], "k_pid_hsp": [3.9600048065185547, 0.41386035084724426, 0.7729825973510742], "k_pid_vsp": [333.4447937011719, 175.8892364501953, 174.6961669921875]}, "datetime": {"datetime": "2025-08-11 16:58:15", "elapsed": 1974.5719630718231, "delta": 29.786760330200195}, "costs": {"total_cost": 1165.3134586262545, "time_cost": 150, "final_distance_cost": 49.02757941972876, "oscillation_cost": 288.5424641426853, "completition_cost": 555.5555555555555, "overshoot_cost": 53.79824873327132, "power_cost": 37.36939545898438, "noise_cost": 31.020215316029095, "n_waypoints_completed": 4, "tot_waypoints": 9}}
{"target": -375.8390124054126, "params": {"k_pid_pos": [1.0152288675308228, 0.40658485889434814, 0.2738914489746094], "k_pid_alt": [1.1977390050888062, 0.9082328677177429, 0.6652433276176453], "k_pid_att": [22.266170501708984, 0.15616098046302795, 0.1809881031513214], "k_pid_yaw": [0.5, 1e-06, 0.1], "k_pid_hsp": [1.7743045091629028, 0.9481096267700195, 0.023139357566833496], "k_pid_vsp": [326.4638366699219, 265.2206726074219, 232.99192810058594]}, "datetime": {"datetime": "2025-08-11 16:58:41", "elapsed": 2000.9243547916412, "delta": 26.352391719818115}, "costs": {"total_cost": 375.8390124054126, "time_cost": 104.636, "final_distance_cost": 1.7446874296323815, "oscillation_cost": 156.57182322232183, "completition_cost": 0.0, "overshoot_cost": 59.614354357110614, "power_cost": 26.913070129394534, "noise_cost": 26.35907726695318, "n_waypoints_completed": 9, "tot_waypoints": 9}}
{"target": -915.1848883844435, "params": {"k_pid_pos": [0.2623111307621002, 0.5050635933876038, 0.1682918667793274], "k_pid_alt": [1.2409321069717407, 0.13161975145339966, 0.2531278729438782], "k_pid_att": [41.64042282104492, 1.7849217653274536, 0.23812493681907654], "k_pid_yaw": [0.5, 1e-06, 0.1], "k_pid_hsp": [3.9289257526397705, 0.9201089143753052, 0.8214566707611084], "k_pid_vsp": [400.0, 303.6978759765625, 121.8017349243164]}, "datetime": {"datetime": "2025-08-11 16:59:11", "elapsed": 2030.65118765831, "delta": 29.7268328666687}, "costs": {"total_cost": 915.1848883844435, "time_cost": 150, "final_distance_cost": 71.35171963400055, "oscillation_cost": 358.1965294999507, "completition_cost": 222.2222222222222, "overshoot_cost": 49.23596620974682, "power_cost": 35.45885338134766, "noise_cost": 28.719597437175647, "n_waypoints_completed": 7, "tot_waypoints": 9}}
{"target": -1328.285055142811, "params": {"k_pid_pos": [0.5524396300315857, 0.04928487539291382, 0.059678226709365845], "k_pid_alt": [1.620299220085144, 0.26717492938041687, 0.12859171628952026], "k_pid_att": [84.9148178100586, 3.3640670776367188, 0.20978736877441406], "k_pid_yaw": [0.5, 1e-06, 0.1], "k_pid_hsp": [0.8199417591094971, 0.15078893303871155, 0.27375248074531555], "k_pid_vsp": [167.08010864257812, 198.9364776611328, 2.923525333404541]}, "datetime": {"datetime": "2025-08-11 16:59:41", "elapsed": 2060.807639837265, "delta": 30.156452178955078}, "costs": {"total_cost": 1328.285055142811, "time_cost": 150, "final_distance_cost": 68.06567643945074, "oscillation_cost": 662.2087452535735, "completition_cost": 333.33333333333337, "overshoot_cost": 50.90294470372479, "power_cost": 33.72661765136719, "noise_cost": 30.04773776136121, "n_waypoints_completed": 6, "tot_waypoints": 9}}
{"target": -334.48396513482516, "params": {"k_pid_pos": [1.7095052003860474, 0.6300712823867798, 0.9314536452293396], "k_pid_alt": [0.8477837443351746, 0.27835023403167725, 0.8130208253860474], "k_pid_att": [2.874168872833252, 0.37855470180511475, 0.8658654093742371], "k_pid_yaw": [0.5, 1e-06, 0.1], "k_pid_hsp": [3.7009503841400146, 0.9157834053039551, 0.8251737356185913], "k_pid_vsp": [237.55636596679688, 45.192481994628906, 77.44027709960938]}, "datetime": {"datetime": "2025-08-11 17:00:06", "elapsed": 2086.217668056488, "delta": 25.410028219223022}, "costs": {"total_cost": 334.48396513482516, "time_cost": 101.801, "final_distance_cost": 1.7717566861146201, "oscillation_cost": 107.05225812570475, "completition_cost": 0.0, "overshoot_cost": 70.83807805417, "power_cost": 28.244941833496096, "noise_cost": 24.77593043533968, "n_waypoints_completed": 9, "tot_waypoints": 9}}
{"target": -1999.3584150846468, "params": {"k_pid_pos": [0.23738007247447968, 0.8866984844207764, 0.4738461971282959], "k_pid_alt": [0.17494237422943115, 0.7699180841445923, 0.907014012336731], "k_pid_att": [85.08892822265625, 5.579070091247559, 0.5038138628005981], "k_pid_yaw": [0.5, 1e-06, 0.1], "k_pid_hsp": [4.981021881103516, 0.9786009192466736, 0.235965758562088], "k_pid_vsp": [12.094283103942871, 36.15407943725586, 71.90924835205078]}, "datetime": {"datetime": "2025-08-11 17:00:36", "elapsed": 2116.1228959560394, "delta": 29.90522789955139}, "costs": {"total_cost": 1999.3584150846468, "time_cost": 150, "final_distance_cost": 65.05218897073004, "oscillation_cost": 585.6666083528838, "completition_cost": 1000.0, "overshoot_cost": 133.1158008116067, "power_cost": 35.135179724121095, "noise_cost": 30.38863722530494, "n_waypoints_completed": 0, "tot_waypoints": 9}}
{"target": -1617.7902535348649, "params": {"k_pid_pos": [0.374185174703598, 0.36101794242858887, 0.39860302209854126], "k_pid_alt": [0.3623468279838562, 1.0, 0.11968860030174255], "k_pid_att": [85.17188262939453, 9.545665740966797, 0.6795369386672974], "k_pid_yaw": [0.5, 1e-06, 0.1], "k_pid_hsp": [6.84731912612915, 0.9335851669311523, 0.6873701810836792], "k_pid_vsp": [375.4385986328125, 203.80191040039062, 285.8735046386719]}, "datetime": {"datetime": "2025-08-11 17:01:07", "elapsed": 2146.7711548805237, "delta": 30.648258924484253}, "costs": {"total_cost": 1617.7902535348649, "time_cost": 150, "final_distance_cost": 57.522244792020274, "oscillation_cost": 620.7445154117977, "completition_cost": 666.6666666666667, "overshoot_cost": 56.38291633034151, "power_cost": 35.29292947998047, "noise_cost": 31.180980854058237, "n_waypoints_completed": 3, "tot_waypoints": 9}}
