{"target": -1554.7211866019638, "params": {"k_pid_pos": [2.0, 0.9656269550323486, 1.0], "k_pid_alt": [2.0, 0.9740703105926514, 0.900773286819458], "k_pid_att": [1.819196343421936, 0.7349374890327454, 0.06749814748764038], "k_pid_yaw": [0.5, 1e-06, 0.1], "k_pid_hsp": [9.838433265686035, 0.016891807317733765, 0.06667524576187134], "k_pid_vsp": [353.6195373535156, 384.64459228515625, 400.0]}, "datetime": {"datetime": "2025-08-12 08:10:43", "elapsed": 56722.62445306778, "delta": 32.11671710014343}, "costs": {"total_cost": 1554.7211866019638, "time_cost": 150, "final_distance_cost": 0.9992353515104521, "oscillation_cost": 110.25203130697007, "completition_cost": 1000.0, "overshoot_cost": 159.72420452584882, "power_cost": 29.540604113769533, "noise_cost": 104.20511130386487, "n_waypoints_completed": 0, "tot_waypoints": 9}}
{"target": -4874.792689170781, "params": {"k_pid_pos": [1.889100432395935, 1.0, 0.885513961315155], "k_pid_alt": [2.0, 0.9268412590026855, 1.0], "k_pid_att": [0.0, 0.3457814157009125, 0.0], "k_pid_yaw": [0.5, 1e-06, 0.1], "k_pid_hsp": [9.977863311767578, 0.006588637828826904, 0.03992259502410889], "k_pid_vsp": [363.4232482910156, 400.0, 400.0]}, "datetime": {"datetime": "2025-08-12 08:11:16", "elapsed": 56755.771220207214, "delta": 33.146767139434814}, "costs": {"total_cost": 4874.792689170781, "time_cost": 150, "final_distance_cost": 693.6210518573057, "oscillation_cost": 1564.120843868125, "completition_cost": 1000.0, "overshoot_cost": 1236.2152711381866, "power_cost": 57.54666578369141, "noise_cost": 173.2888565234722, "n_waypoints_completed": 0, "tot_waypoints": 9}}
{"target": -8288.691048182438, "params": {"k_pid_pos": [2.0, 0.9796967506408691, 0.9980611205101013], "k_pid_alt": [2.0, 0.966843843460083, 0.984587550163269], "k_pid_att": [0.0, 9.999999747378752e-05, 0.004677921533584595], "k_pid_yaw": [0.5, 1e-06, 0.1], "k_pid_hsp": [9.895669937133789, 0.047280728816986084, 0.07848528027534485], "k_pid_vsp": [389.7292785644531, 400.0, 400.0]}, "datetime": {"datetime": "2025-08-12 08:11:47", "elapsed": 56787.00357532501, "delta": 31.23235511779785}, "costs": {"total_cost": 8288.691048182438, "time_cost": 150, "final_distance_cost": 2393.8607487834734, "oscillation_cost": 12.002168360191718, "completition_cost": 1000.0, "overshoot_cost": 4621.403211414565, "power_cost": 41.54202061767578, "noise_cost": 69.8828990065314, "n_waypoints_completed": 0, "tot_waypoints": 9}}
{"target": -1323.5740798712502, "params": {"k_pid_pos": [1.9981887340545654, 1.0, 0.9782059192657471], "k_pid_alt": [2.0, 0.9217519760131836, 0.9883109331130981], "k_pid_att": [2.0939083099365234, 9.999999747378752e-05, 0.0], "k_pid_yaw": [0.5, 1e-06, 0.1], "k_pid_hsp": [9.669602394104004, 0.0, 0.017316818237304688], "k_pid_vsp": [396.1522216796875, 391.32977294921875, 389.5539855957031]}, "datetime": {"datetime": "2025-08-12 08:12:18", "elapsed": 56817.88351082802, "delta": 30.87993550300598}, "costs": {"total_cost": 1323.5740798712502, "time_cost": 150, "final_distance_cost": 51.359529645838364, "oscillation_cost": 320.32136765658277, "completition_cost": 666.6666666666667, "overshoot_cost": 73.6227315090042, "power_cost": 32.768287829589845, "noise_cost": 28.83549656356865, "n_waypoints_completed": 3, "tot_waypoints": 9}}
{"target": -1066.251337821816, "params": {"k_pid_pos": [2.0, 0.9707527756690979, 1.0], "k_pid_alt": [1.9123015403747559, 1.0, 0.9271515607833862], "k_pid_att": [4.044264793395996, 9.999999747378752e-05, 0.0], "k_pid_yaw": [0.5, 1e-06, 0.1], "k_pid_hsp": [10.0, 0.07778796553611755, 0.0], "k_pid_vsp": [400.0, 370.2004089355469, 365.7504577636719]}, "datetime": {"datetime": "2025-08-12 08:13:01", "elapsed": 56861.015583992004, "delta": 43.132073163986206}, "costs": {"total_cost": 1066.251337821816, "time_cost": 150, "final_distance_cost": 62.91556839405037, "oscillation_cost": 391.51510375556455, "completition_cost": 333.33333333333337, "overshoot_cost": 66.22279791688985, "power_cost": 32.577796594238286, "noise_cost": 29.686737827739595, "n_waypoints_completed": 6, "tot_waypoints": 9}}
{"target": -6095.841249258764, "params": {"k_pid_pos": [1.8713480234146118, 0.9217599630355835, 1.0], "k_pid_alt": [1.8271512985229492, 0.9438813328742981, 1.0], "k_pid_att": [0.0, 0.4755358397960663, 0.0], "k_pid_yaw": [0.5, 1e-06, 0.1], "k_pid_hsp": [9.538537979125977, 0.03983789682388306, 0.0], "k_pid_vsp": [400.0, 398.5404968261719, 389.28656005859375]}, "datetime": {"datetime": "2025-08-12 08:13:34", "elapsed": 56894.01530647278, "delta": 32.999722480773926}, "costs": {"total_cost": 6095.841249258764, "time_cost": 150, "final_distance_cost": 1510.2542556499993, "oscillation_cost": 1805.9482066422504, "completition_cost": 1000.0, "overshoot_cost": 1398.7982899122255, "power_cost": 57.433580371093754, "noise_cost": 173.4069166831949, "n_waypoints_completed": 0, "tot_waypoints": 9}}
{"target": -1479.691051816934, "params": {"k_pid_pos": [2.0, 1.0, 1.0], "k_pid_alt": [2.0, 0.921894371509552, 0.9093953967094421], "k_pid_att": [1.8206298351287842, 0.47006121277809143, 0.09471708536148071], "k_pid_yaw": [0.5, 1e-06, 0.1], "k_pid_hsp": [9.824252128601074, 0.04026222229003906, 0.025723934173583984], "k_pid_vsp": [400.0, 386.3052062988281, 374.63568115234375]}, "datetime": {"datetime": "2025-08-12 08:14:08", "elapsed": 56928.27496266365, "delta": 34.25965619087219}, "costs": {"total_cost": 1479.691051816934, "time_cost": 150, "final_distance_cost": 0.997973273613984, "oscillation_cost": 66.54804653035418, "completition_cost": 1000.0, "overshoot_cost": 150.66428199126338, "power_cost": 29.386793627929688, "noise_cost": 82.09395639377284, "n_waypoints_completed": 0, "tot_waypoints": 9}}
{"target": -1498.9093374944116, "params": {"k_pid_pos": [2.0, 1.0, 0.9923858642578125], "k_pid_alt": [1.9259178638458252, 1.0, 0.9365031719207764], "k_pid_att": [7.128554344177246, 0.5172575116157532, 0.0], "k_pid_yaw": [0.5, 1e-06, 0.1], "k_pid_hsp": [9.786603927612305, 0.0, 0.0], "k_pid_vsp": [398.4180908203125, 400.0, 400.0]}, "datetime": {"datetime": "2025-08-12 08:14:46", "elapsed": 56966.30593633652, "delta": 38.03097367286682}, "costs": {"total_cost": 1498.9093374944116, "time_cost": 150, "final_distance_cost": 52.49209458000039, "oscillation_cost": 494.1159272448988, "completition_cost": 666.6666666666667, "overshoot_cost": 72.3432153361606, "power_cost": 33.1641892578125, "noise_cost": 30.127244408872578, "n_waypoints_completed": 3, "tot_waypoints": 9}}
{"target": -1798.407225892386, "params": {"k_pid_pos": [2.0, 0.975239634513855, 1.0], "k_pid_alt": [1.8927838802337646, 1.0, 1.0], "k_pid_att": [6.265753746032715, 9.999999747378752e-05, 0.04478025436401367], "k_pid_yaw": [0.5, 1e-06, 0.1], "k_pid_hsp": [10.0, 0.0, 0.0], "k_pid_vsp": [398.2988586425781, 391.1507873535156, 374.0787353515625]}, "datetime": {"datetime": "2025-08-12 08:15:20", "elapsed": 56999.76509857178, "delta": 33.45916223526001}, "costs": {"total_cost": 1798.407225892386, "time_cost": 150, "final_distance_cost": 10.216264924184033, "oscillation_cost": 452.5103543774297, "completition_cost": 1000.0, "overshoot_cost": 127.60940934005667, "power_cost": 30.763032714843753, "noise_cost": 27.308164535871892, "n_waypoints_completed": 0, "tot_waypoints": 9}}
{"target": -1772.4617545546664, "params": {"k_pid_pos": [2.0, 0.9371567964553833, 0.9730558395385742], "k_pid_alt": [2.0, 0.8537229895591736, 0.9973308444023132], "k_pid_att": [2.6249794960021973, 0.2364935278892517, 0.045300066471099854], "k_pid_yaw": [0.5, 1e-06, 0.1], "k_pid_hsp": [10.0, 0.00290834903717041, 0.0], "k_pid_vsp": [378.7243957519531, 400.0, 400.0]}, "datetime": {"datetime": "2025-08-12 08:15:51", "elapsed": 57030.8351290226, "delta": 31.070030450820923}, "costs": {"total_cost": 1772.4617545546664, "time_cost": 150, "final_distance_cost": 0.9991227902916261, "oscillation_cost": 326.8536184027698, "completition_cost": 1000.0, "overshoot_cost": 160.16934626966992, "power_cost": 29.45351032714844, "noise_cost": 104.98615676478684, "n_waypoints_completed": 0, "tot_waypoints": 9}}
{"target": -8128.075950307084, "params": {"k_pid_pos": [1.970007300376892, 1.0, 0.9102628827095032], "k_pid_alt": [2.0, 0.9085088968276978, 1.0], "k_pid_att": [0.0, 9.999999747378752e-05, 0.0], "k_pid_yaw": [0.5, 1e-06, 0.1], "k_pid_hsp": [10.0, 0.05872666835784912, 0.0], "k_pid_vsp": [374.7526550292969, 380.971435546875, 373.63629150390625]}, "datetime": {"datetime": "2025-08-12 08:16:22", "elapsed": 57062.18337750435, "delta": 31.34824848175049}, "costs": {"total_cost": 8128.075950307084, "time_cost": 150, "final_distance_cost": 979.9779009018325, "oscillation_cost": 14.872720731093777, "completition_cost": 1000.0, "overshoot_cost": 5847.112631701852, "power_cost": 44.625663732910155, "noise_cost": 91.4870332393965, "n_waypoints_completed": 0, "tot_waypoints": 9}}
{"target": -1548.0575658738217, "params": {"k_pid_pos": [2.0, 0.8841577768325806, 1.0], "k_pid_alt": [1.9251641035079956, 1.0, 0.9839823246002197], "k_pid_att": [2.9231786727905273, 9.999999747378752e-05, 0.00039499998092651367], "k_pid_yaw": [0.5, 1e-06, 0.1], "k_pid_hsp": [8.824599266052246, 0.0, 0.0022611618041992188], "k_pid_vsp": [400.0, 375.2039794921875, 400.0]}, "datetime": {"datetime": "2025-08-12 08:16:53", "elapsed": 57093.077025175095, "delta": 30.89364767074585}, "costs": {"total_cost": 1548.0575658738217, "time_cost": 150, "final_distance_cost": 85.86784102352392, "oscillation_cost": 401.1686512597443, "completition_cost": 777.7777777777778, "overshoot_cost": 73.78575368383787, "power_cost": 32.117752563476564, "noise_cost": 27.33978956546119, "n_waypoints_completed": 2, "tot_waypoints": 9}}
{"target": -3790.383974472211, "params": {"k_pid_pos": [1.9969290494918823, 0.9639983177185059, 0.9885126948356628], "k_pid_alt": [1.945356845855713, 1.0, 1.0], "k_pid_att": [0.0, 0.19976909458637238, 0.0], "k_pid_yaw": [0.5, 1e-06, 0.1], "k_pid_hsp": [9.891325950622559, 0.0, 0.013449043035507202], "k_pid_vsp": [371.193359375, 394.90533447265625, 400.0]}, "datetime": {"datetime": "2025-08-12 08:17:27", "elapsed": 57126.77178931236, "delta": 33.694764137268066}, "costs": {"total_cost": 3790.383974472211, "time_cost": 150, "final_distance_cost": 308.4055848205607, "oscillation_cost": 1097.4230457107653, "completition_cost": 1000.0, "overshoot_cost": 1005.7921046739261, "power_cost": 57.470004541015626, "noise_cost": 171.29323472594365, "n_waypoints_completed": 0, "tot_waypoints": 9}}
{"target": -5334.393156080378, "params": {"k_pid_pos": [2.0, 1.0, 1.0], "k_pid_alt": [2.0, 0.9821098446846008, 1.0], "k_pid_att": [0.0, 9.999999747378752e-05, 0.027856290340423584], "k_pid_yaw": [0.5, 1e-06, 0.1], "k_pid_hsp": [10.0, 0.0, 0.0], "k_pid_vsp": [400.0, 377.2203369140625, 385.2158203125]}, "datetime": {"datetime": "2025-08-12 08:17:58", "elapsed": 57158.072211027145, "delta": 31.300421714782715}, "costs": {"total_cost": 5334.393156080378, "time_cost": 150, "final_distance_cost": 1572.781403356376, "oscillation_cost": 6.089973977209178, "completition_cost": 1000.0, "overshoot_cost": 2499.9617353164695, "power_cost": 31.42190826416016, "noise_cost": 74.13813516616291, "n_waypoints_completed": 0, "tot_waypoints": 9}}
{"target": -1360.8865621977009, "params": {"k_pid_pos": [2.0, 1.0, 1.0], "k_pid_alt": [2.0, 1.0, 1.0], "k_pid_att": [8.643829345703125, 0.0010819766903296113, 0.0], "k_pid_yaw": [0.5, 1e-06, 0.1], "k_pid_hsp": [9.390270233154297, 0.0, 0.0], "k_pid_vsp": [395.9424133300781, 390.904296875, 384.6197204589844]}, "datetime": {"datetime": "2025-08-12 08:18:29", "elapsed": 57188.86260867119, "delta": 30.79039764404297}, "costs": {"total_cost": 1360.8865621977009, "time_cost": 150, "final_distance_cost": 39.15785907101153, "oscillation_cost": 483.9311263329085, "completition_cost": 555.5555555555555, "overshoot_cost": 71.8126060013327, "power_cost": 32.02128638916016, "noise_cost": 28.40812884773251, "n_waypoints_completed": 4, "tot_waypoints": 9}}
{"target": -8220.96429520668, "params": {"k_pid_pos": [1.9473625421524048, 0.982967734336853, 1.0], "k_pid_alt": [1.8953349590301514, 0.996406078338623, 1.0], "k_pid_att": [0.0, 9.999999747378752e-05, 0.0], "k_pid_yaw": [0.5, 1e-06, 0.1], "k_pid_hsp": [8.873480796813965, 0.03325718641281128, 0.0], "k_pid_vsp": [400.0, 400.0, 400.0]}, "datetime": {"datetime": "2025-08-12 08:19:02", "elapsed": 57221.435512304306, "delta": 32.572903633117676}, "costs": {"total_cost": 8220.96429520668, "time_cost": 150, "final_distance_cost": 940.7539488119161, "oscillation_cost": 14.770736569583645, "completition_cost": 1000.0, "overshoot_cost": 5978.055972458491, "power_cost": 44.247599926757815, "noise_cost": 93.13603743993195, "n_waypoints_completed": 0, "tot_waypoints": 9}}
{"target": -8220.917265429354, "params": {"k_pid_pos": [2.0, 0.976134181022644, 1.0], "k_pid_alt": [1.954897165298462, 1.0, 1.0], "k_pid_att": [0.0, 9.999999747378752e-05, 0.004922837018966675], "k_pid_yaw": [0.5, 1e-06, 0.1], "k_pid_hsp": [10.0, 0.06252545118331909, 0.0], "k_pid_vsp": [397.1406555175781, 400.0, 400.0]}, "datetime": {"datetime": "2025-08-12 08:19:33", "elapsed": 57253.32875704765, "delta": 31.893244743347168}, "costs": {"total_cost": 8220.917265429354, "time_cost": 150, "final_distance_cost": 1900.7325386747007, "oscillation_cost": 11.519026313116361, "completition_cost": 1000.0, "overshoot_cost": 5038.089783014962, "power_cost": 41.891240576171874, "noise_cost": 78.6846768504027, "n_waypoints_completed": 0, "tot_waypoints": 9}}
{"target": -1824.8017217314057, "params": {"k_pid_pos": [2.0, 1.0, 0.9369525909423828], "k_pid_alt": [2.0, 1.0, 1.0], "k_pid_att": [7.175678253173828, 0.0453534796833992, 0.03918078541755676], "k_pid_yaw": [0.5, 1e-06, 0.1], "k_pid_hsp": [10.0, 0.005841732025146484, 0.0], "k_pid_vsp": [370.4432067871094, 396.2259826660156, 366.4015197753906]}, "datetime": {"datetime": "2025-08-12 08:20:09", "elapsed": 57288.79377698898, "delta": 35.465019941329956}, "costs": {"total_cost": 1824.8017217314057, "time_cost": 150, "final_distance_cost": 3.089882419831601, "oscillation_cost": 477.66115278535483, "completition_cost": 1000.0, "overshoot_cost": 133.70926888178394, "power_cost": 30.860378320312503, "noise_cost": 29.48103932412296, "n_waypoints_completed": 0, "tot_waypoints": 9}}
{"target": -8623.802886579813, "params": {"k_pid_pos": [1.8669615983963013, 0.8975973129272461, 1.0], "k_pid_alt": [2.0, 1.0, 1.0], "k_pid_att": [0.0, 9.999999747378752e-05, 0.0], "k_pid_yaw": [0.5, 1e-06, 0.1], "k_pid_hsp": [10.0, 0.0, 0.0765359103679657], "k_pid_vsp": [389.55291748046875, 371.9475402832031, 400.0]}, "datetime": {"datetime": "2025-08-12 08:20:39", "elapsed": 57319.352610349655, "delta": 30.558833360671997}, "costs": {"total_cost": 8623.802886579813, "time_cost": 150, "final_distance_cost": 508.93898798192254, "oscillation_cost": 14.61160461363858, "completition_cost": 1000.0, "overshoot_cost": 6804.761686769667, "power_cost": 45.942423254394534, "noise_cost": 99.54818396018977, "n_waypoints_completed": 0, "tot_waypoints": 9}}
{"target": -9741.79363425567, "params": {"k_pid_pos": [2.0, 1.0, 1.0], "k_pid_alt": [1.884482979774475, 1.0, 0.966232180595398], "k_pid_att": [0.0, 9.999999747378752e-05, 0.004022449254989624], "k_pid_yaw": [0.5, 1e-06, 0.1], "k_pid_hsp": [9.303125381469727, 0.0, 0.045869797468185425], "k_pid_vsp": [400.0, 400.0, 400.0]}, "datetime": {"datetime": "2025-08-12 08:21:11", "elapsed": 57351.32970738411, "delta": 31.977097034454346}, "costs": {"total_cost": 9741.79363425567, "time_cost": 150, "final_distance_cost": 2758.0601365286598, "oscillation_cost": 12.288231779567441, "completition_cost": 1000.0, "overshoot_cost": 5696.358125345692, "power_cost": 43.38905588378906, "noise_cost": 81.69808471796173, "n_waypoints_completed": 0, "tot_waypoints": 9}}
{"target": -1234.3689599534646, "params": {"k_pid_pos": [2.0, 0.9226422309875488, 0.9305343627929688], "k_pid_alt": [2.0, 0.9482892751693726, 0.9669959545135498], "k_pid_att": [5.758655071258545, 9.999999747378752e-05, 0.005700469017028809], "k_pid_yaw": [0.5, 1e-06, 0.1], "k_pid_hsp": [9.855988502502441, 0.02511531114578247, 0.013737916946411133], "k_pid_vsp": [388.69195556640625, 400.0, 400.0]}, "datetime": {"datetime": "2025-08-12 08:21:46", "elapsed": 57386.22515177727, "delta": 34.89544439315796}, "costs": {"total_cost": 1234.3689599534646, "time_cost": 150, "final_distance_cost": 53.95851296852301, "oscillation_cost": 455.04926784816877, "completition_cost": 444.4444444444444, "overshoot_cost": 66.20707677937702, "power_cost": 34.21567648925782, "noise_cost": 30.493981423693597, "n_waypoints_completed": 5, "tot_waypoints": 9}}
{"target": -8126.5281995078085, "params": {"k_pid_pos": [2.0, 0.9378921985626221, 0.9445633888244629], "k_pid_alt": [2.0, 1.0, 1.0], "k_pid_att": [0.0, 9.999999747378752e-05, 0.0], "k_pid_yaw": [0.5, 1e-06, 0.1], "k_pid_hsp": [9.947507858276367, 0.12111964821815491, 0.0069800615310668945], "k_pid_vsp": [392.53607177734375, 397.23272705078125, 400.0]}, "datetime": {"datetime": "2025-08-12 08:22:18", "elapsed": 57418.30258202553, "delta": 32.0774302482605}, "costs": {"total_cost": 8126.5281995078085, "time_cost": 150, "final_distance_cost": 830.0479761739742, "oscillation_cost": 14.710314753157212, "completition_cost": 1000.0, "overshoot_cost": 5992.2779660778215, "power_cost": 44.243406762695315, "noise_cost": 95.24853574015988, "n_waypoints_completed": 0, "tot_waypoints": 9}}
{"target": -10348.534443319031, "params": {"k_pid_pos": [1.998324990272522, 1.0, 0.9553967118263245], "k_pid_alt": [1.97039794921875, 1.0, 0.9596471786499023], "k_pid_att": [0.0, 9.999999747378752e-05, 0.0], "k_pid_yaw": [0.5, 1e-06, 0.1], "k_pid_hsp": [10.0, 0.0, 0.11440438032150269], "k_pid_vsp": [376.2189025878906, 400.0, 400.0]}, "datetime": {"datetime": "2025-08-12 08:22:52", "elapsed": 57451.60069561005, "delta": 33.29811358451843}, "costs": {"total_cost": 10348.534443319031, "time_cost": 150, "final_distance_cost": 1023.4436717660569, "oscillation_cost": 14.32557285326758, "completition_cost": 1000.0, "overshoot_cost": 8007.3253160781815, "power_cost": 47.84814165039063, "noise_cost": 105.59174097113515, "n_waypoints_completed": 0, "tot_waypoints": 9}}
{"target": -5186.808069350981, "params": {"k_pid_pos": [1.9897210597991943, 1.0, 0.9369291067123413], "k_pid_alt": [2.0, 1.0, 1.0], "k_pid_att": [0.0, 1.4275174140930176, 0.030599623918533325], "k_pid_yaw": [0.5, 1e-06, 0.1], "k_pid_hsp": [10.0, 0.08568638563156128, 0.0], "k_pid_vsp": [382.0835876464844, 400.0, 389.1409912109375]}, "datetime": {"datetime": "2025-08-12 08:23:31", "elapsed": 57491.18521571159, "delta": 39.58452010154724}, "costs": {"total_cost": 5186.808069350981, "time_cost": 150, "final_distance_cost": 438.47384543559303, "oscillation_cost": 2196.7819325396486, "completition_cost": 1000.0, "overshoot_cost": 1170.772728337106, "power_cost": 58.37962768554688, "noise_cost": 172.39993535308733, "n_waypoints_completed": 0, "tot_waypoints": 9}}
{"target": -8124.765698209359, "params": {"k_pid_pos": [1.929495930671692, 1.0, 1.0], "k_pid_alt": [1.9254674911499023, 1.0, 0.9614705443382263], "k_pid_att": [0.0, 9.999999747378752e-05, 0.0], "k_pid_yaw": [0.5, 1e-06, 0.1], "k_pid_hsp": [10.0, 0.002972811460494995, 0.019993901252746582], "k_pid_vsp": [394.87884521484375, 400.0, 400.0]}, "datetime": {"datetime": "2025-08-12 08:24:05", "elapsed": 57525.3285009861, "delta": 34.143285274505615}, "costs": {"total_cost": 8124.765698209359, "time_cost": 150, "final_distance_cost": 889.3573944123965, "oscillation_cost": 14.704495943635202, "completition_cost": 1000.0, "overshoot_cost": 5931.099816563006, "power_cost": 44.44146374511719, "noise_cost": 95.16252754520357, "n_waypoints_completed": 0, "tot_waypoints": 9}}
{"target": -809.880618867286, "params": {"k_pid_pos": [2.0, 0.8772307634353638, 0.92484450340271], "k_pid_alt": [1.9120811223983765, 0.9646768569946289, 0.957493007183075], "k_pid_att": [0.5712419748306274, 0.17149770259857178, 0.02223995327949524], "k_pid_yaw": [0.5, 1e-06, 0.1], "k_pid_hsp": [10.0, 0.049013733863830566, 0.0], "k_pid_vsp": [400.0, 356.13531494140625, 400.0]}, "datetime": {"datetime": "2025-08-12 08:24:36", "elapsed": 57555.820387363434, "delta": 30.491886377334595}, "costs": {"total_cost": 809.880618867286, "time_cost": 150, "final_distance_cost": 58.37299666813568, "oscillation_cost": 132.85238846677612, "completition_cost": 333.33333333333337, "overshoot_cost": 70.34929268255864, "power_cost": 34.209224353027345, "noise_cost": 30.763383363454864, "n_waypoints_completed": 6, "tot_waypoints": 9}}
{"target": -1120.7922952299448, "params": {"k_pid_pos": [2.0, 1.0, 1.0], "k_pid_alt": [1.994399070739746, 1.0, 0.929439902305603], "k_pid_att": [8.154666900634766, 9.999999747378752e-05, 0.0], "k_pid_yaw": [0.5, 1e-06, 0.1], "k_pid_hsp": [9.246936798095703, 0.0, 0.0924026370048523], "k_pid_vsp": [400.0, 400.0, 400.0]}, "datetime": {"datetime": "2025-08-12 08:25:07", "elapsed": 57586.5235786438, "delta": 30.70319128036499}, "costs": {"total_cost": 1120.7922952299448, "time_cost": 150, "final_distance_cost": 66.44420397780549, "oscillation_cost": 448.464778066934, "completition_cost": 333.33333333333337, "overshoot_cost": 59.1394945408642, "power_cost": 33.191164501953125, "noise_cost": 30.21932080905456, "n_waypoints_completed": 6, "tot_waypoints": 9}}
