{"target": -8027.737815880503, "params": {"k_pid_pos": [1.907034158706665, 1.0, 0.962921142578125], "k_pid_alt": [2.0, 1.0, 1.0], "k_pid_att": [0.0, 9.999999747378752e-05, 0.0], "k_pid_yaw": [0.5, 1e-06, 0.1], "k_pid_hsp": [10.0, 0.04796111583709717, 0.030098706483840942], "k_pid_vsp": [400.0, 400.0, 357.992919921875]}, "datetime": {"datetime": "2025-08-12 12:28:41", "elapsed": 72200.80988717079, "delta": 30.375722885131836}, "costs": {"total_cost": 8027.737815880503, "time_cost": 150, "final_distance_cost": 1154.3462422145976, "oscillation_cost": 15.244781564981658, "completition_cost": 1000.0, "overshoot_cost": 5584.395035507502, "power_cost": 45.40708092041016, "noise_cost": 78.34467567301202, "n_waypoints_completed": 0, "tot_waypoints": 9}}
{"target": -1063.7886720325353, "params": {"k_pid_pos": [2.0, 1.0, 0.9612243175506592], "k_pid_alt": [1.989964246749878, 1.0, 0.9892313480377197], "k_pid_att": [7.168105125427246, 9.999999747378752e-05, 0.06284841895103455], "k_pid_yaw": [0.5, 1e-06, 0.1], "k_pid_hsp": [10.0, 0.007723003625869751, 0.042207688093185425], "k_pid_vsp": [400.0, 400.0, 384.4862060546875]}, "datetime": {"datetime": "2025-08-12 12:29:09", "elapsed": 72228.66468477249, "delta": 27.85479760169983}, "costs": {"total_cost": 1063.7886720325353, "time_cost": 150, "final_distance_cost": 64.08294817092323, "oscillation_cost": 387.8884771211275, "completition_cost": 333.33333333333337, "overshoot_cost": 66.40364995690656, "power_cost": 32.43349063720703, "noise_cost": 29.646772813037714, "n_waypoints_completed": 6, "tot_waypoints": 9}}
{"target": -1674.1797408740117, "params": {"k_pid_pos": [1.8293812274932861, 1.0, 1.0], "k_pid_alt": [2.0, 0.9522771239280701, 0.9762915372848511], "k_pid_att": [2.169477939605713, 0.35551655292510986, 0.02924707531929016], "k_pid_yaw": [0.5, 1e-06, 0.1], "k_pid_hsp": [9.782767295837402, 0.0, 0.04047882556915283], "k_pid_vsp": [400.0, 400.0, 400.0]}, "datetime": {"datetime": "2025-08-12 12:29:37", "elapsed": 72257.01683187485, "delta": 28.352147102355957}, "costs": {"total_cost": 1674.1797408740117, "time_cost": 150, "final_distance_cost": 18.736190822720832, "oscillation_cost": 332.40025091888026, "completition_cost": 1000.0, "overshoot_cost": 116.53847327872886, "power_cost": 30.693808947753908, "noise_cost": 25.811016905927694, "n_waypoints_completed": 0, "tot_waypoints": 9}}
{"target": -12082.062433962237, "params": {"k_pid_pos": [1.9626375436782837, 0.9854391813278198, 0.9859274625778198], "k_pid_alt": [1.9356931447982788, 0.9625409841537476, 1.0], "k_pid_att": [0.0, 9.999999747378752e-05, 0.0009558498859405518], "k_pid_yaw": [0.5, 1e-06, 0.1], "k_pid_hsp": [9.371235847473145, 0.0, 0.09705474972724915], "k_pid_vsp": [400.0, 399.86773681640625, 400.0]}, "datetime": {"datetime": "2025-08-12 12:30:06", "elapsed": 72286.05232572556, "delta": 29.035493850708008}, "costs": {"total_cost": 12082.062433962237, "time_cost": 150, "final_distance_cost": 3029.7195512688304, "oscillation_cost": 12.737474638161565, "completition_cost": 1000.0, "overshoot_cost": 7777.503089272754, "power_cost": 41.642571826171874, "noise_cost": 70.45974695631983, "n_waypoints_completed": 0, "tot_waypoints": 9}}
{"target": -6473.662245029324, "params": {"k_pid_pos": [1.9835783243179321, 0.9701743125915527, 0.985343337059021], "k_pid_alt": [1.9165312051773071, 0.9864073395729065, 1.0], "k_pid_att": [0.0, 9.999999747378752e-05, 0.014559686183929443], "k_pid_yaw": [0.5, 1e-06, 0.1], "k_pid_hsp": [10.0, 0.11409935355186462, 0.0], "k_pid_vsp": [400.0, 354.3835144042969, 400.0]}, "datetime": {"datetime": "2025-08-12 12:30:34", "elapsed": 72314.30649065971, "delta": 28.254164934158325}, "costs": {"total_cost": 6473.662245029324, "time_cost": 150, "final_distance_cost": 1737.9036230902304, "oscillation_cost": 8.116284154660553, "completition_cost": 1000.0, "overshoot_cost": 3467.6887377509574, "power_cost": 35.8457390625, "noise_cost": 74.10786097097554, "n_waypoints_completed": 0, "tot_waypoints": 9}}
{"target": -19992.448393512568, "params": {"k_pid_pos": [2.0, 0.9888203144073486, 0.989324688911438], "k_pid_alt": [2.0, 0.9507918953895569, 1.0], "k_pid_att": [0.0, 0.9532352089881897, 0.0], "k_pid_yaw": [0.5, 1e-06, 0.1], "k_pid_hsp": [8.960034370422363, 0.0, 0.0], "k_pid_vsp": [394.85284423828125, 389.7936706542969, 400.0]}, "datetime": {"datetime": "2025-08-12 12:31:03", "elapsed": 72342.8668076992, "delta": 28.560317039489746}, "costs": {"total_cost": 19992.448393512568, "time_cost": 150, "final_distance_cost": 6311.332118198486, "oscillation_cost": 2313.602552705622, "completition_cost": 1000.0, "overshoot_cost": 9983.726035023916, "power_cost": 57.552629943847656, "noise_cost": 176.23505764070208, "n_waypoints_completed": 0, "tot_waypoints": 9}}
{"target": -8095.440543312492, "params": {"k_pid_pos": [2.0, 1.0, 0.9693638682365417], "k_pid_alt": [2.0, 0.989722728729248, 0.9853379726409912], "k_pid_att": [0.0, 9.999999747378752e-05, 0.0], "k_pid_yaw": [0.5, 1e-06, 0.1], "k_pid_hsp": [10.0, 0.02359706163406372, 0.0], "k_pid_vsp": [395.1407470703125, 400.0, 400.0]}, "datetime": {"datetime": "2025-08-12 12:31:34", "elapsed": 72374.05341267586, "delta": 31.186604976654053}, "costs": {"total_cost": 8095.440543312492, "time_cost": 150, "final_distance_cost": 900.3962078126955, "oscillation_cost": 14.793472227957835, "completition_cost": 1000.0, "overshoot_cost": 5890.821437058684, "power_cost": 44.30486262207032, "noise_cost": 95.12456359108454, "n_waypoints_completed": 0, "tot_waypoints": 9}}
{"target": -1699.0949331653892, "params": {"k_pid_pos": [2.0, 1.0, 0.962540328502655], "k_pid_alt": [2.0, 0.9529966115951538, 0.9802206754684448], "k_pid_att": [1.6407638788223267, 0.11793512105941772, 0.02018183469772339], "k_pid_yaw": [0.5, 1e-06, 0.1], "k_pid_hsp": [9.547435760498047, 0.03762078285217285, 0.0], "k_pid_vsp": [390.87115478515625, 400.0, 400.0]}, "datetime": {"datetime": "2025-08-12 12:32:03", "elapsed": 72402.6548883915, "delta": 28.601475715637207}, "costs": {"total_cost": 1699.0949331653892, "time_cost": 150, "final_distance_cost": 1.0012361516489408, "oscillation_cost": 310.06319788728973, "completition_cost": 1000.0, "overshoot_cost": 145.45833712618477, "power_cost": 30.55602362060547, "noise_cost": 62.01613837966058, "n_waypoints_completed": 0, "tot_waypoints": 9}}
{"target": -5045.561317319882, "params": {"k_pid_pos": [2.0, 1.0, 1.0], "k_pid_alt": [2.0, 1.0, 0.9291136264801025], "k_pid_att": [0.0, 0.04462720453739166, 0.0], "k_pid_yaw": [0.5, 1e-06, 0.1], "k_pid_hsp": [9.909178733825684, 0.1350577473640442, 0.001092761754989624], "k_pid_vsp": [384.1376037597656, 400.0, 388.30865478515625]}, "datetime": {"datetime": "2025-08-12 12:32:34", "elapsed": 72434.28451108932, "delta": 31.6296226978302}, "costs": {"total_cost": 5045.561317319882, "time_cost": 150, "final_distance_cost": 789.8376392222223, "oscillation_cost": 479.4144910137869, "completition_cost": 1000.0, "overshoot_cost": 2409.957343896977, "power_cost": 56.80983361816406, "noise_cost": 159.54200956873248, "n_waypoints_completed": 0, "tot_waypoints": 9}}
{"target": -1475.8394227628098, "params": {"k_pid_pos": [2.0, 1.0, 0.9817765355110168], "k_pid_alt": [1.8541159629821777, 0.9763519167900085, 0.954981803894043], "k_pid_att": [1.9945085048675537, 9.999999747378752e-05, 0.08779630064964294], "k_pid_yaw": [0.5, 1e-06, 0.1], "k_pid_hsp": [10.0, 0.014071106910705566, 0.0], "k_pid_vsp": [394.6808776855469, 399.22161865234375, 392.7063903808594]}, "datetime": {"datetime": "2025-08-12 12:33:03", "elapsed": 72463.35273647308, "delta": 29.068225383758545}, "costs": {"total_cost": 1475.8394227628098, "time_cost": 150, "final_distance_cost": 0.9990910892513349, "oscillation_cost": 40.22056181581452, "completition_cost": 1000.0, "overshoot_cost": 157.58944081621618, "power_cost": 29.315100610351564, "noise_cost": 97.71522843117629, "n_waypoints_completed": 0, "tot_waypoints": 9}}
{"target": -3697.1792164552603, "params": {"k_pid_pos": [2.0, 1.0, 1.0], "k_pid_alt": [1.9698803424835205, 1.0, 0.9798779487609863], "k_pid_att": [0.0, 9.999999747378752e-05, 0.039769113063812256], "k_pid_yaw": [0.5, 1e-06, 0.1], "k_pid_hsp": [9.850237846374512, 0.0, 0.0], "k_pid_vsp": [400.0, 388.08282470703125, 390.6037292480469]}, "datetime": {"datetime": "2025-08-12 12:33:35", "elapsed": 72495.35190320015, "delta": 31.99916672706604}, "costs": {"total_cost": 3697.1792164552603, "time_cost": 150, "final_distance_cost": 569.315279731414, "oscillation_cost": 4.5129914499581, "completition_cost": 1000.0, "overshoot_cost": 1852.9165978347341, "power_cost": 30.492034985351562, "noise_cost": 89.94231245380269, "n_waypoints_completed": 0, "tot_waypoints": 9}}
{"target": -1332.071521503369, "params": {"k_pid_pos": [1.9304250478744507, 1.0, 0.9468117952346802], "k_pid_alt": [1.9439291954040527, 1.0, 1.0], "k_pid_att": [5.54109525680542, 0.10550886392593384, 0.0], "k_pid_yaw": [0.5, 1e-06, 0.1], "k_pid_hsp": [10.0, 0.0, 0.0], "k_pid_vsp": [400.0, 386.28802490234375, 399.2951965332031]}, "datetime": {"datetime": "2025-08-12 12:34:04", "elapsed": 72524.11684465408, "delta": 28.764941453933716}, "costs": {"total_cost": 1332.071521503369, "time_cost": 150, "final_distance_cost": 43.31783596517811, "oscillation_cost": 452.50257142850427, "completition_cost": 555.5555555555555, "overshoot_cost": 68.99399547461464, "power_cost": 32.276495727539064, "noise_cost": 29.42506735197751, "n_waypoints_completed": 4, "tot_waypoints": 9}}
{"target": -1280.3799009986042, "params": {"k_pid_pos": [1.7578175067901611, 0.9987015724182129, 0.9770005345344543], "k_pid_alt": [1.898073434829712, 1.0, 0.975624144077301], "k_pid_att": [8.266263961791992, 9.999999747378752e-05, 0.0], "k_pid_yaw": [0.5, 1e-06, 0.1], "k_pid_hsp": [10.0, 0.0, 0.005369395017623901], "k_pid_vsp": [400.0, 383.6413879394531, 400.0]}, "datetime": {"datetime": "2025-08-12 12:34:32", "elapsed": 72551.42391228676, "delta": 27.30706763267517}, "costs": {"total_cost": 1280.3799009986042, "time_cost": 150, "final_distance_cost": 47.49428077393685, "oscillation_cost": 511.4805113190833, "completition_cost": 444.4444444444444, "overshoot_cost": 65.46134950237693, "power_cost": 31.840131799316406, "noise_cost": 29.659183159446453, "n_waypoints_completed": 5, "tot_waypoints": 9}}
{"target": -1297.935579789053, "params": {"k_pid_pos": [1.9981542825698853, 1.0, 1.0], "k_pid_alt": [2.0, 0.9989036321640015, 0.9703652262687683], "k_pid_att": [4.43510103225708, 0.0020264028571546078, 0.008190274238586426], "k_pid_yaw": [0.5, 1e-06, 0.1], "k_pid_hsp": [10.0, 0.036522746086120605, 0.036275714635849], "k_pid_vsp": [400.0, 386.1944580078125, 400.0]}, "datetime": {"datetime": "2025-08-12 12:35:00", "elapsed": 72579.8454401493, "delta": 28.421527862548828}, "costs": {"total_cost": 1297.935579789053, "time_cost": 150, "final_distance_cost": 42.490727747682634, "oscillation_cost": 417.38261772636633, "completition_cost": 555.5555555555555, "overshoot_cost": 69.79971628093456, "power_cost": 32.946082287597655, "noise_cost": 29.760880190916453, "n_waypoints_completed": 4, "tot_waypoints": 9}}
{"target": -23401.561556642428, "params": {"k_pid_pos": [1.8643568754196167, 0.9401611685752869, 1.0], "k_pid_alt": [2.0, 0.975868284702301, 1.0], "k_pid_att": [0.0, 0.8559902906417847, 0.0], "k_pid_yaw": [0.5, 1e-06, 0.1], "k_pid_hsp": [10.0, 0.030598938465118408, 0.0], "k_pid_vsp": [400.0, 396.0625305175781, 390.9814758300781]}, "datetime": {"datetime": "2025-08-12 12:35:28", "elapsed": 72607.82660627365, "delta": 27.981166124343872}, "costs": {"total_cost": 23401.561556642428, "time_cost": 150, "final_distance_cost": 7316.883486466623, "oscillation_cost": 2370.0683141333584, "completition_cost": 1000.0, "overshoot_cost": 12330.363407232315, "power_cost": 57.5051876953125, "noise_cost": 176.74116111482078, "n_waypoints_completed": 0, "tot_waypoints": 9}}
{"target": -1702.00735860346, "params": {"k_pid_pos": [2.0, 1.0, 1.0], "k_pid_alt": [2.0, 1.0, 1.0], "k_pid_att": [1.809510588645935, 9.999999747378752e-05, 0.0], "k_pid_yaw": [0.5, 1e-06, 0.1], "k_pid_hsp": [10.0, 0.0, 0.0], "k_pid_vsp": [376.52362060546875, 376.55682373046875, 400.0]}, "datetime": {"datetime": "2025-08-12 12:35:54", "elapsed": 72633.65429759026, "delta": 25.827691316604614}, "costs": {"total_cost": 1702.00735860346, "time_cost": 150, "final_distance_cost": 8.28358356159835, "oscillation_cost": 345.85360260388546, "completition_cost": 1000.0, "overshoot_cost": 139.09224490666205, "power_cost": 31.284886853027345, "noise_cost": 27.49304067828694, "n_waypoints_completed": 0, "tot_waypoints": 9}}
{"target": -964.5880731851429, "params": {"k_pid_pos": [2.0, 1.0, 1.0], "k_pid_alt": [1.905171513557434, 0.9721841812133789, 1.0], "k_pid_att": [1.592293381690979, 0.24305444955825806, 0.0], "k_pid_yaw": [0.5, 1e-06, 0.1], "k_pid_hsp": [9.87246322631836, 0.08770796656608582, 0.013736128807067871], "k_pid_vsp": [400.0, 370.5368957519531, 356.9986572265625]}, "datetime": {"datetime": "2025-08-12 12:36:24", "elapsed": 72664.16849064827, "delta": 30.514193058013916}, "costs": {"total_cost": 964.5880731851429, "time_cost": 150, "final_distance_cost": 68.41252292456832, "oscillation_cost": 286.02286764968, "completition_cost": 333.33333333333337, "overshoot_cost": 66.85108402078508, "power_cost": 32.794882373046875, "noise_cost": 27.17338288372919, "n_waypoints_completed": 6, "tot_waypoints": 9}}
{"target": -5702.819853592818, "params": {"k_pid_pos": [2.0, 1.0, 1.0], "k_pid_alt": [2.0, 1.0, 1.0], "k_pid_att": [0.0, 9.999999747378752e-05, 0.0241052508354187], "k_pid_yaw": [0.5, 1e-06, 0.1], "k_pid_hsp": [9.87863826751709, 0.0, 0.0], "k_pid_vsp": [375.8570556640625, 400.0, 400.0]}, "datetime": {"datetime": "2025-08-12 12:36:52", "elapsed": 72691.8165974617, "delta": 27.648106813430786}, "costs": {"total_cost": 5702.819853592818, "time_cost": 150, "final_distance_cost": 1531.9828532594363, "oscillation_cost": 6.610530085333751, "completition_cost": 1000.0, "overshoot_cost": 2901.6126410938336, "power_cost": 31.54078875732422, "noise_cost": 81.07304039689024, "n_waypoints_completed": 0, "tot_waypoints": 9}}
{"target": -1225.512393897838, "params": {"k_pid_pos": [1.953010082244873, 1.0, 1.0], "k_pid_alt": [1.901080846786499, 1.0, 0.9929355382919312], "k_pid_att": [2.048373222351074, 0.3999984562397003, 0.0], "k_pid_yaw": [0.5, 1e-06, 0.1], "k_pid_hsp": [10.0, 0.07604792714118958, 0.0], "k_pid_vsp": [400.0, 394.2818603515625, 394.94647216796875]}, "datetime": {"datetime": "2025-08-12 12:37:22", "elapsed": 72722.02045845985, "delta": 30.203860998153687}, "costs": {"total_cost": 1225.512393897838, "time_cost": 150, "final_distance_cost": 52.41571475711531, "oscillation_cost": 335.6344921132199, "completition_cost": 555.5555555555555, "overshoot_cost": 69.96909122735438, "power_cost": 32.972178125, "noise_cost": 28.965362119593088, "n_waypoints_completed": 4, "tot_waypoints": 9}}
{"target": -3582.083282540697, "params": {"k_pid_pos": [1.9855327606201172, 1.0, 1.0], "k_pid_alt": [2.0, 0.9726918935775757, 1.0], "k_pid_att": [0.0, 0.21806634962558746, 0.0], "k_pid_yaw": [0.5, 1e-06, 0.1], "k_pid_hsp": [10.0, 0.0, 0.01858612895011902], "k_pid_vsp": [400.0, 400.0, 371.7021179199219]}, "datetime": {"datetime": "2025-08-12 12:37:49", "elapsed": 72749.3641614914, "delta": 27.343703031539917}, "costs": {"total_cost": 3582.083282540697, "time_cost": 150, "final_distance_cost": 295.14491036339695, "oscillation_cost": 976.8028692286528, "completition_cost": 1000.0, "overshoot_cost": 931.5790984541145, "power_cost": 58.08650550537109, "noise_cost": 170.46989898916186, "n_waypoints_completed": 0, "tot_waypoints": 9}}
{"target": -1586.0190593167613, "params": {"k_pid_pos": [1.9456332921981812, 1.0, 0.9393564462661743], "k_pid_alt": [2.0, 1.0, 1.0], "k_pid_att": [1.6884386539459229, 0.2420298457145691, 0.05637955665588379], "k_pid_yaw": [0.5, 1e-06, 0.1], "k_pid_hsp": [9.266136169433594, 0.05974745750427246, 0.0], "k_pid_vsp": [392.8998107910156, 378.9638366699219, 400.0]}, "datetime": {"datetime": "2025-08-12 12:38:17", "elapsed": 72776.51028943062, "delta": 27.146127939224243}, "costs": {"total_cost": 1586.0190593167613, "time_cost": 150, "final_distance_cost": 0.9997822355513969, "oscillation_cost": 146.56320062091444, "completition_cost": 1000.0, "overshoot_cost": 159.16111322370332, "power_cost": 29.184047412109376, "noise_cost": 100.1109158244829, "n_waypoints_completed": 0, "tot_waypoints": 9}}
{"target": -1342.9025962508892, "params": {"k_pid_pos": [1.9097833633422852, 0.9713172316551208, 0.9633907079696655], "k_pid_alt": [1.9644815921783447, 0.9742071628570557, 0.9818140268325806], "k_pid_att": [2.514779567718506, 9.999999747378752e-05, 0.0], "k_pid_yaw": [0.5, 1e-06, 0.1], "k_pid_hsp": [9.242066383361816, 0.0, 0.01290932297706604], "k_pid_vsp": [389.97735595703125, 399.5192565917969, 384.4174499511719]}, "datetime": {"datetime": "2025-08-12 12:38:45", "elapsed": 72805.16436743736, "delta": 28.654078006744385}, "costs": {"total_cost": 1342.9025962508892, "time_cost": 150, "final_distance_cost": 52.24214412440092, "oscillation_cost": 341.20718589842136, "completition_cost": 666.6666666666667, "overshoot_cost": 71.64925510925424, "power_cost": 32.51004310302734, "noise_cost": 28.62730134911862, "n_waypoints_completed": 3, "tot_waypoints": 9}}
{"target": -1151.9712240427002, "params": {"k_pid_pos": [2.0, 0.981940507888794, 0.9546676874160767], "k_pid_alt": [1.9467494487762451, 1.0, 0.9934026002883911], "k_pid_att": [3.6334424018859863, 9.999999747378752e-05, 0.0], "k_pid_yaw": [0.5, 1e-06, 0.1], "k_pid_hsp": [10.0, 0.0, 0.0], "k_pid_vsp": [395.0400390625, 400.0, 373.2994689941406]}, "datetime": {"datetime": "2025-08-12 12:39:13", "elapsed": 72832.48177671432, "delta": 27.31740927696228}, "costs": {"total_cost": 1151.9712240427002, "time_cost": 150, "final_distance_cost": 52.970390105673864, "oscillation_cost": 374.17510014423175, "completition_cost": 444.4444444444444, "overshoot_cost": 67.16721740933782, "power_cost": 33.27453566894531, "noise_cost": 29.939536270067087, "n_waypoints_completed": 5, "tot_waypoints": 9}}
{"target": -8029.395069320944, "params": {"k_pid_pos": [2.0, 0.9802929759025574, 0.9627009034156799], "k_pid_alt": [2.0, 1.0, 0.9204461574554443], "k_pid_att": [0.0, 9.999999747378752e-05, 0.0], "k_pid_yaw": [0.5, 1e-06, 0.1], "k_pid_hsp": [10.0, 0.04943114519119263, 0.04683881998062134], "k_pid_vsp": [400.0, 387.7035217285156, 373.315673828125]}, "datetime": {"datetime": "2025-08-12 12:39:41", "elapsed": 72860.60592794418, "delta": 28.1241512298584}, "costs": {"total_cost": 8029.395069320944, "time_cost": 150, "final_distance_cost": 1101.004329410711, "oscillation_cost": 15.128457029799783, "completition_cost": 1000.0, "overshoot_cost": 5635.871906985251, "power_cost": 45.40627762451172, "noise_cost": 81.9840982706693, "n_waypoints_completed": 0, "tot_waypoints": 9}}
{"target": -1489.7545772533226, "params": {"k_pid_pos": [1.9774487018585205, 1.0, 0.9844645261764526], "k_pid_alt": [1.94779372215271, 0.9912251234054565, 0.8491441607475281], "k_pid_att": [7.027771949768066, 9.999999747378752e-05, 0.0], "k_pid_yaw": [0.5, 1e-06, 0.1], "k_pid_hsp": [10.0, 0.0, 0.0], "k_pid_vsp": [399.2077331542969, 386.9698181152344, 396.23236083984375]}, "datetime": {"datetime": "2025-08-12 12:40:09", "elapsed": 72888.7156112194, "delta": 28.10968327522278}, "costs": {"total_cost": 1489.7545772533226, "time_cost": 150, "final_distance_cost": 51.98602352409841, "oscillation_cost": 484.9876361674497, "completition_cost": 666.6666666666667, "overshoot_cost": 74.11136260696456, "power_cost": 32.43642169189453, "noise_cost": 29.566466596248585, "n_waypoints_completed": 3, "tot_waypoints": 9}}
{"target": -5020.813512404983, "params": {"k_pid_pos": [1.8670647144317627, 0.9783987402915955, 0.9336972832679749], "k_pid_alt": [2.0, 1.0, 1.0], "k_pid_att": [0.0, 0.46878570318222046, 0.017091333866119385], "k_pid_yaw": [0.5, 1e-06, 0.1], "k_pid_hsp": [9.191638946533203, 0.0, 0.024511754512786865], "k_pid_vsp": [381.717529296875, 372.58917236328125, 394.69915771484375]}, "datetime": {"datetime": "2025-08-12 12:40:36", "elapsed": 72915.91196155548, "delta": 27.19635033607483}, "costs": {"total_cost": 5020.813512404983, "time_cost": 150, "final_distance_cost": 758.8454152923973, "oscillation_cost": 1667.6136312140509, "completition_cost": 1000.0, "overshoot_cost": 1213.9681229385656, "power_cost": 57.403595617675784, "noise_cost": 172.98274734229258, "n_waypoints_completed": 0, "tot_waypoints": 9}}
{"target": -1754.8956816113644, "params": {"k_pid_pos": [2.0, 1.0, 1.0], "k_pid_alt": [2.0, 0.9275315999984741, 1.0], "k_pid_att": [3.10298490524292, 0.2712170481681824, 0.02050316333770752], "k_pid_yaw": [0.5, 1e-06, 0.1], "k_pid_hsp": [10.0, 0.0, 0.028767377138137817], "k_pid_vsp": [382.3226318359375, 362.8497314453125, 400.0]}, "datetime": {"datetime": "2025-08-12 12:41:07", "elapsed": 72946.5305454731, "delta": 30.618583917617798}, "costs": {"total_cost": 1754.8956816113644, "time_cost": 150, "final_distance_cost": 21.774540276453145, "oscillation_cost": 411.0640158459569, "completition_cost": 1000.0, "overshoot_cost": 115.06684557114863, "power_cost": 30.642776171875003, "noise_cost": 26.347503745930783, "n_waypoints_completed": 0, "tot_waypoints": 9}}
