{"target": -949.8586153820473, "params": {"k_pid_pos": [2.0, 0.987602710723877, 0.9234586954116821], "k_pid_alt": [2.0, 1.0, 1.0], "k_pid_att": [1.1849284172058105, 0.5549085140228271, 0.0], "k_pid_yaw": [0.5, 1e-06, 0.1], "k_pid_hsp": [9.50857925415039, 0.05076485872268677, 0.0], "k_pid_vsp": [400.0, 387.6214599609375, 400.0]}, "datetime": {"datetime": "2025-08-11 18:36:55", "elapsed": 7895.0613877773285, "delta": 29.64469885826111}, "costs": {"total_cost": 949.8586153820473, "time_cost": 150, "final_distance_cost": 67.75092202269926, "oscillation_cost": 270.4291085114407, "completition_cost": 333.33333333333337, "overshoot_cost": 65.37779370919964, "power_cost": 34.630430578613286, "noise_cost": 28.337027226761105, "n_waypoints_completed": 6, "tot_waypoints": 9}}
{"target": -8158.654482392153, "params": {"k_pid_pos": [1.9352294206619263, 1.0, 1.0], "k_pid_alt": [1.8507490158081055, 1.0, 0.9808636903762817], "k_pid_att": [0.0, 9.999999747378752e-05, 0.0], "k_pid_yaw": [0.5, 1e-06, 0.1], "k_pid_hsp": [10.0, 0.0, 0.0], "k_pid_vsp": [400.0, 386.89068603515625, 400.0]}, "datetime": {"datetime": "2025-08-11 18:37:25", "elapsed": 7925.135670423508, "delta": 30.0742826461792}, "costs": {"total_cost": 8158.654482392153, "time_cost": 150, "final_distance_cost": 858.4819208942911, "oscillation_cost": 14.779657587755011, "completition_cost": 1000.0, "overshoot_cost": 5996.271715253198, "power_cost": 44.40230021972656, "noise_cost": 94.71888843718394, "n_waypoints_completed": 0, "tot_waypoints": 9}}
{"target": -6151.228747346058, "params": {"k_pid_pos": [1.8274716138839722, 0.9405579566955566, 0.972984790802002], "k_pid_alt": [2.0, 1.0, 0.9263126850128174], "k_pid_att": [0.0, 0.18726088106632233, 0.11269032955169678], "k_pid_yaw": [0.5, 1e-06, 0.1], "k_pid_hsp": [10.0, 0.0, 0.1458107829093933], "k_pid_vsp": [398.8338317871094, 400.0, 380.0191955566406]}, "datetime": {"datetime": "2025-08-11 18:37:56", "elapsed": 7955.905140638351, "delta": 30.76947021484375}, "costs": {"total_cost": 6151.228747346058, "time_cost": 150, "final_distance_cost": 1395.6712500940694, "oscillation_cost": 929.0913309326537, "completition_cost": 1000.0, "overshoot_cost": 2450.3040927351863, "power_cost": 57.7863443359375, "noise_cost": 168.37572924821134, "n_waypoints_completed": 0, "tot_waypoints": 9}}
{"target": -1028.460449363224, "params": {"k_pid_pos": [1.8759231567382812, 1.0, 0.9677842259407043], "k_pid_alt": [2.0, 1.0, 1.0], "k_pid_att": [0.6308466196060181, 0.06070539727807045, 0.0], "k_pid_yaw": [0.5, 1e-06, 0.1], "k_pid_hsp": [10.0, 0.030858874320983887, 0.0], "k_pid_vsp": [390.7760009765625, 395.1884765625, 395.0240478515625]}, "datetime": {"datetime": "2025-08-11 18:38:27", "elapsed": 7986.541281700134, "delta": 30.636141061782837}, "costs": {"total_cost": 1028.460449363224, "time_cost": 150, "final_distance_cost": 44.350798873555156, "oscillation_cost": 155.17588890031087, "completition_cost": 555.5555555555555, "overshoot_cost": 60.67685214537543, "power_cost": 33.528461083984375, "noise_cost": 29.172892804442764, "n_waypoints_completed": 4, "tot_waypoints": 9}}
{"target": -8149.3793451840265, "params": {"k_pid_pos": [1.9162105321884155, 1.0, 0.9283556342124939], "k_pid_alt": [1.9744588136672974, 0.9371048212051392, 0.9270787239074707], "k_pid_att": [0.0, 9.999999747378752e-05, 0.0], "k_pid_yaw": [0.5, 1e-06, 0.1], "k_pid_hsp": [10.0, 0.0, 0.023554086685180664], "k_pid_vsp": [394.24273681640625, 395.6549072265625, 400.0]}, "datetime": {"datetime": "2025-08-11 18:38:57", "elapsed": 8016.427475690842, "delta": 29.886193990707397}, "costs": {"total_cost": 8149.3793451840265, "time_cost": 150, "final_distance_cost": 877.981471197254, "oscillation_cost": 14.723903296376868, "completition_cost": 1000.0, "overshoot_cost": 5966.856829189507, "power_cost": 44.597719799804686, "noise_cost": 95.21942170108359, "n_waypoints_completed": 0, "tot_waypoints": 9}}
{"target": -1643.1474542076064, "params": {"k_pid_pos": [2.0, 0.9277998208999634, 1.0], "k_pid_alt": [1.9633259773254395, 0.9176545143127441, 0.9895752668380737], "k_pid_att": [1.3148844242095947, 9.999999747378752e-05, 0.0], "k_pid_yaw": [0.5, 1e-06, 0.1], "k_pid_hsp": [10.0, 0.0, 0.0], "k_pid_vsp": [395.15484619140625, 392.28204345703125, 400.0]}, "datetime": {"datetime": "2025-08-11 18:39:27", "elapsed": 8047.0786118507385, "delta": 30.65113615989685}, "costs": {"total_cost": 1643.1474542076064, "time_cost": 150, "final_distance_cost": 20.781863242604008, "oscillation_cost": 307.7297019865525, "completition_cost": 1000.0, "overshoot_cost": 105.63840842110778, "power_cost": 31.80354520263672, "noise_cost": 27.193935354705374, "n_waypoints_completed": 0, "tot_waypoints": 9}}
{"target": -8244.264690725639, "params": {"k_pid_pos": [2.0, 1.0, 1.0], "k_pid_alt": [2.0, 1.0, 0.9292742013931274], "k_pid_att": [0.0, 9.999999747378752e-05, 0.0], "k_pid_yaw": [0.5, 1e-06, 0.1], "k_pid_hsp": [10.0, 0.0, 0.029775142669677734], "k_pid_vsp": [383.8255310058594, 400.0, 400.0]}, "datetime": {"datetime": "2025-08-11 18:39:58", "elapsed": 8077.634204387665, "delta": 30.55559253692627}, "costs": {"total_cost": 8244.264690725639, "time_cost": 150, "final_distance_cost": 784.9497432780296, "oscillation_cost": 14.676051259850313, "completition_cost": 1000.0, "overshoot_cost": 6151.791380801972, "power_cost": 44.70581737060547, "noise_cost": 98.14169801518202, "n_waypoints_completed": 0, "tot_waypoints": 9}}
{"target": -5095.594805089122, "params": {"k_pid_pos": [2.0, 1.0, 1.0], "k_pid_alt": [2.0, 1.0, 1.0], "k_pid_att": [0.0, 0.09488623589277267, 0.0], "k_pid_yaw": [0.5, 1e-06, 0.1], "k_pid_hsp": [10.0, 0.023692429065704346, 0.010481774806976318], "k_pid_vsp": [400.0, 366.7370910644531, 392.8876037597656]}, "datetime": {"datetime": "2025-08-11 18:40:28", "elapsed": 8108.129602432251, "delta": 30.49539804458618}, "costs": {"total_cost": 5095.594805089122, "time_cost": 150, "final_distance_cost": 911.7115443617843, "oscillation_cost": 705.7695202654331, "completition_cost": 1000.0, "overshoot_cost": 2104.872922029802, "power_cost": 57.41531962890625, "noise_cost": 165.82549880319698, "n_waypoints_completed": 0, "tot_waypoints": 9}}
{"target": -1307.2751550403843, "params": {"k_pid_pos": [1.8732727766036987, 1.0, 1.0], "k_pid_alt": [1.8128036260604858, 0.9877602458000183, 1.0], "k_pid_att": [3.9599390029907227, 0.46384212374687195, 0.0], "k_pid_yaw": [0.5, 1e-06, 0.1], "k_pid_hsp": [10.0, 0.009236425161361694, 0.029523640871047974], "k_pid_vsp": [396.213134765625, 400.0, 400.0]}, "datetime": {"datetime": "2025-08-11 18:40:59", "elapsed": 8138.770479679108, "delta": 30.64087724685669}, "costs": {"total_cost": 1307.2751550403843, "time_cost": 150, "final_distance_cost": 44.233489107617864, "oscillation_cost": 426.0632266541126, "completition_cost": 555.5555555555555, "overshoot_cost": 71.13103345282796, "power_cost": 32.63989688720703, "noise_cost": 27.651953383063248, "n_waypoints_completed": 4, "tot_waypoints": 9}}
{"target": -4822.634356820133, "params": {"k_pid_pos": [2.0, 1.0, 0.9961245059967041], "k_pid_alt": [2.0, 1.0, 1.0], "k_pid_att": [0.0, 0.6984082460403442, 0.006027847528457642], "k_pid_yaw": [0.5, 1e-06, 0.1], "k_pid_hsp": [9.888612747192383, 0.005409896373748779, 0.0], "k_pid_vsp": [388.2159118652344, 400.0, 400.0]}, "datetime": {"datetime": "2025-08-11 18:41:29", "elapsed": 8168.665509462357, "delta": 29.8950297832489}, "costs": {"total_cost": 4822.634356820133, "time_cost": 150, "final_distance_cost": 565.5028897351837, "oscillation_cost": 2019.1844313998313, "completition_cost": 1000.0, "overshoot_cost": 856.1440283288626, "power_cost": 57.26681964111329, "noise_cost": 174.53618771514203, "n_waypoints_completed": 0, "tot_waypoints": 9}}
{"target": -1253.6439347593844, "params": {"k_pid_pos": [1.8303121328353882, 0.9742971658706665, 0.9647424221038818], "k_pid_alt": [1.95328688621521, 1.0, 0.9915896654129028], "k_pid_att": [6.638306617736816, 0.5974136590957642, 0.0], "k_pid_yaw": [0.5, 1e-06, 0.1], "k_pid_hsp": [9.974597930908203, 0.009668529033660889, 0.0], "k_pid_vsp": [400.0, 400.0, 400.0]}, "datetime": {"datetime": "2025-08-11 18:41:59", "elapsed": 8198.784348487854, "delta": 30.118839025497437}, "costs": {"total_cost": 1253.6439347593844, "time_cost": 150, "final_distance_cost": 52.96208089769429, "oscillation_cost": 473.8570411463756, "completition_cost": 444.4444444444444, "overshoot_cost": 69.91514340386098, "power_cost": 32.63723947753906, "noise_cost": 29.827985389469998, "n_waypoints_completed": 5, "tot_waypoints": 9}}
{"target": -9625.721242245112, "params": {"k_pid_pos": [2.0, 0.9516164660453796, 1.0], "k_pid_alt": [1.9340810775756836, 1.0, 1.0], "k_pid_att": [0.0, 0.013300210237503052, 0.0], "k_pid_yaw": [0.5, 1e-06, 0.1], "k_pid_hsp": [10.0, 0.08732309937477112, 0.0], "k_pid_vsp": [400.0, 391.6919860839844, 400.0]}, "datetime": {"datetime": "2025-08-11 18:42:29", "elapsed": 8228.75005865097, "delta": 29.965710163116455}, "costs": {"total_cost": 9625.721242245112, "time_cost": 150, "final_distance_cost": 2846.066557444646, "oscillation_cost": 311.18943034826185, "completition_cost": 1000.0, "overshoot_cost": 5123.309347562531, "power_cost": 55.837197180175785, "noise_cost": 139.31870970949754, "n_waypoints_completed": 0, "tot_waypoints": 9}}
{"target": -782.1794340973485, "params": {"k_pid_pos": [2.0, 0.9554386138916016, 1.0], "k_pid_alt": [2.0, 0.9849275350570679, 1.0], "k_pid_att": [2.851006507873535, 0.34545955061912537, 0.14952367544174194], "k_pid_yaw": [0.5, 1e-06, 0.1], "k_pid_hsp": [9.92082405090332, 0.0, 0.043681591749191284], "k_pid_vsp": [355.66387939453125, 400.0, 389.6318054199219]}, "datetime": {"datetime": "2025-08-11 18:42:59", "elapsed": 8258.75632572174, "delta": 30.006267070770264}, "costs": {"total_cost": 782.1794340973485, "time_cost": 150, "final_distance_cost": 65.1763798584873, "oscillation_cost": 105.12842557501929, "completition_cost": 333.33333333333337, "overshoot_cost": 67.55127783123268, "power_cost": 31.750141381835938, "noise_cost": 29.239876117439895, "n_waypoints_completed": 6, "tot_waypoints": 9}}
{"target": -1450.6012822292485, "params": {"k_pid_pos": [2.0, 1.0, 1.0], "k_pid_alt": [2.0, 1.0, 1.0], "k_pid_att": [3.5496444702148438, 9.999999747378752e-05, 0.0], "k_pid_yaw": [0.5, 1e-06, 0.1], "k_pid_hsp": [9.926712036132812, 0.0015212297439575195, 0.0], "k_pid_vsp": [383.3829040527344, 400.0, 400.0]}, "datetime": {"datetime": "2025-08-11 18:43:29", "elapsed": 8288.437530994415, "delta": 29.68120527267456}, "costs": {"total_cost": 1450.6012822292485, "time_cost": 150, "final_distance_cost": 80.08755178109902, "oscillation_cost": 422.1336398028436, "completition_cost": 666.6666666666667, "overshoot_cost": 71.60315754995094, "power_cost": 32.28110258789063, "noise_cost": 27.829163840797207, "n_waypoints_completed": 3, "tot_waypoints": 9}}
{"target": -6096.245270962436, "params": {"k_pid_pos": [1.9186363220214844, 0.9815471172332764, 1.0], "k_pid_alt": [2.0, 1.0, 1.0], "k_pid_att": [0.0, 0.10493279248476028, 0.0], "k_pid_yaw": [0.5, 1e-06, 0.1], "k_pid_hsp": [10.0, 0.06125754117965698, 0.01444050669670105], "k_pid_vsp": [400.0, 371.0859680175781, 400.0]}, "datetime": {"datetime": "2025-08-11 18:43:58", "elapsed": 8318.17138838768, "delta": 29.73385739326477}, "costs": {"total_cost": 6096.245270962436, "time_cost": 150, "final_distance_cost": 1512.4467414515946, "oscillation_cost": 785.355584959139, "completition_cost": 1000.0, "overshoot_cost": 2424.658004401571, "power_cost": 57.347580590820314, "noise_cost": 166.43735955931186, "n_waypoints_completed": 0, "tot_waypoints": 9}}
{"target": -4793.536299485879, "params": {"k_pid_pos": [1.8852920532226562, 1.0, 1.0], "k_pid_alt": [1.983742117881775, 1.0, 0.9847327470779419], "k_pid_att": [0.0, 9.999999747378752e-05, 0.039627015590667725], "k_pid_yaw": [0.5, 1e-06, 0.1], "k_pid_hsp": [9.430726051330566, 0.0, 0.0], "k_pid_vsp": [400.0, 389.83502197265625, 377.3892822265625]}, "datetime": {"datetime": "2025-08-11 18:44:29", "elapsed": 8348.48280262947, "delta": 30.31141424179077}, "costs": {"total_cost": 4793.536299485879, "time_cost": 150, "final_distance_cost": 1238.731941804437, "oscillation_cost": 4.862683060702878, "completition_cost": 1000.0, "overshoot_cost": 2287.8234821927194, "power_cost": 30.68506833496094, "noise_cost": 81.43312409305815, "n_waypoints_completed": 0, "tot_waypoints": 9}}
{"target": -7020.385603914691, "params": {"k_pid_pos": [2.0, 0.9777431488037109, 0.9907677173614502], "k_pid_alt": [2.0, 0.9877828359603882, 1.0], "k_pid_att": [0.0, 0.8972175121307373, 0.007312595844268799], "k_pid_yaw": [0.5, 1e-06, 0.1], "k_pid_hsp": [10.0, 0.13257431983947754, 0.060328006744384766], "k_pid_vsp": [373.45672607421875, 400.0, 386.0935363769531]}, "datetime": {"datetime": "2025-08-11 18:44:58", "elapsed": 8377.90442442894, "delta": 29.421621799468994}, "costs": {"total_cost": 7020.385603914691, "time_cost": 150, "final_distance_cost": 1419.1221728224855, "oscillation_cost": 2117.9056965225814, "completition_cost": 1000.0, "overshoot_cost": 2104.5988132854204, "power_cost": 56.10044720458985, "noise_cost": 172.6584740796144, "n_waypoints_completed": 0, "tot_waypoints": 9}}
{"target": -1415.937906594731, "params": {"k_pid_pos": [2.0, 1.0, 0.9948680400848389], "k_pid_alt": [2.0, 0.9540503025054932, 1.0], "k_pid_att": [1.318773627281189, 9.999999747378752e-05, 0.0], "k_pid_yaw": [0.5, 1e-06, 0.1], "k_pid_hsp": [10.0, 0.0, 0.02659645676612854], "k_pid_vsp": [399.17987060546875, 389.48956298828125, 400.0]}, "datetime": {"datetime": "2025-08-11 18:45:28", "elapsed": 8408.195194005966, "delta": 30.290769577026367}, "costs": {"total_cost": 1415.937906594731, "time_cost": 150, "final_distance_cost": 79.00744438699269, "oscillation_cost": 284.2561373545028, "completition_cost": 777.7777777777778, "overshoot_cost": 66.81207133618288, "power_cost": 31.293327770996097, "noise_cost": 26.791147968278576, "n_waypoints_completed": 2, "tot_waypoints": 9}}
{"target": -1319.0263073386511, "params": {"k_pid_pos": [2.0, 0.9275223612785339, 1.0], "k_pid_alt": [1.9282753467559814, 0.9656327962875366, 0.9944102168083191], "k_pid_att": [4.707682132720947, 0.10225687175989151, 0.0], "k_pid_yaw": [0.5, 1e-06, 0.1], "k_pid_hsp": [10.0, 0.09004223346710205, 0.001903921365737915], "k_pid_vsp": [400.0, 400.0, 399.935791015625]}, "datetime": {"datetime": "2025-08-11 18:45:58", "elapsed": 8437.389534235, "delta": 29.194340229034424}, "costs": {"total_cost": 1319.0263073386511, "time_cost": 150, "final_distance_cost": 44.12626449084966, "oscillation_cost": 438.62965930797805, "completition_cost": 555.5555555555555, "overshoot_cost": 69.2223438682955, "power_cost": 32.01523049316406, "noise_cost": 29.477253622808416, "n_waypoints_completed": 4, "tot_waypoints": 9}}
{"target": -11472.805856293102, "params": {"k_pid_pos": [1.9072160720825195, 0.9854304194450378, 1.0], "k_pid_alt": [2.0, 0.9478972554206848, 0.9833207130432129], "k_pid_att": [0.0, 0.3605179190635681, 0.030383765697479248], "k_pid_yaw": [0.5, 1e-06, 0.1], "k_pid_hsp": [10.0, 0.04241400957107544, 0.0], "k_pid_vsp": [400.0, 400.0, 400.0]}, "datetime": {"datetime": "2025-08-11 18:46:28", "elapsed": 8467.752608299255, "delta": 30.36307406425476}, "costs": {"total_cost": 11472.805856293102, "time_cost": 150, "final_distance_cost": 3749.6148096690467, "oscillation_cost": 1527.3639180834753, "completition_cost": 1000.0, "overshoot_cost": 4816.28582982655, "power_cost": 57.88155308837891, "noise_cost": 171.65974562565103, "n_waypoints_completed": 0, "tot_waypoints": 9}}
{"target": -1727.5386146584674, "params": {"k_pid_pos": [2.0, 1.0, 0.9585551023483276], "k_pid_alt": [1.8695638179779053, 1.0, 1.0], "k_pid_att": [3.0536651611328125, 9.999999747378752e-05, 0.016936391592025757], "k_pid_yaw": [0.5, 1e-06, 0.1], "k_pid_hsp": [10.0, 0.0823584496974945, 0.0], "k_pid_vsp": [399.2119140625, 393.976318359375, 390.5536804199219]}, "datetime": {"datetime": "2025-08-11 18:46:58", "elapsed": 8497.496089696884, "delta": 29.743481397628784}, "costs": {"total_cost": 1727.5386146584674, "time_cost": 150, "final_distance_cost": 34.86120936459976, "oscillation_cost": 399.908013406271, "completition_cost": 1000.0, "overshoot_cost": 85.56964097137163, "power_cost": 30.49798912353516, "noise_cost": 26.701761792689613, "n_waypoints_completed": 0, "tot_waypoints": 9}}
{"target": -8324.621127808563, "params": {"k_pid_pos": [1.7997291088104248, 1.0, 1.0], "k_pid_alt": [1.9786887168884277, 1.0, 0.9522383213043213], "k_pid_att": [0.0, 9.999999747378752e-05, 0.0005896985530853271], "k_pid_yaw": [0.5, 1e-06, 0.1], "k_pid_hsp": [9.993657112121582, 0.0, 0.04427063465118408], "k_pid_vsp": [390.06451416015625, 394.7037658691406, 400.0]}, "datetime": {"datetime": "2025-08-11 18:47:27", "elapsed": 8526.781306266785, "delta": 29.285216569900513}, "costs": {"total_cost": 8324.621127808563, "time_cost": 150, "final_distance_cost": 1633.7387204910685, "oscillation_cost": 13.836854089065563, "completition_cost": 1000.0, "overshoot_cost": 5396.168117489985, "power_cost": 45.537450207519534, "noise_cost": 85.33998553092509, "n_waypoints_completed": 0, "tot_waypoints": 9}}
{"target": -1891.633737033809, "params": {"k_pid_pos": [2.0, 1.0, 0.9842466115951538], "k_pid_alt": [2.0, 1.0, 0.9729715585708618], "k_pid_att": [9.204882621765137, 9.999999747378752e-05, 0.0], "k_pid_yaw": [0.5, 1e-06, 0.1], "k_pid_hsp": [10.0, 0.0, 0.0], "k_pid_vsp": [400.0, 394.5171203613281, 386.0787353515625]}, "datetime": {"datetime": "2025-08-11 18:47:57", "elapsed": 8557.205974578857, "delta": 30.424668312072754}, "costs": {"total_cost": 1891.633737033809, "time_cost": 150, "final_distance_cost": 29.7380952214313, "oscillation_cost": 564.5946633048552, "completition_cost": 1000.0, "overshoot_cost": 87.69213036341786, "power_cost": 31.37468591308594, "noise_cost": 28.23416223101889, "n_waypoints_completed": 0, "tot_waypoints": 9}}
{"target": -1062.5049013779735, "params": {"k_pid_pos": [1.9206714630126953, 0.9620676636695862, 0.9852902889251709], "k_pid_alt": [2.0, 0.9337691068649292, 0.9644302129745483], "k_pid_att": [0.8596837520599365, 9.999999747378752e-05, 0.10081309080123901], "k_pid_yaw": [0.5, 1e-06, 0.1], "k_pid_hsp": [10.0, 0.04418608546257019, 0.01373782753944397], "k_pid_vsp": [381.09356689453125, 400.0, 400.0]}, "datetime": {"datetime": "2025-08-11 18:48:28", "elapsed": 8587.585807085037, "delta": 30.37983250617981}, "costs": {"total_cost": 1062.5049013779735, "time_cost": 150, "final_distance_cost": 52.801305709651785, "oscillation_cost": 61.629401914532686, "completition_cost": 666.6666666666667, "overshoot_cost": 68.98822900358552, "power_cost": 31.887522985839844, "noise_cost": 30.53177509769683, "n_waypoints_completed": 3, "tot_waypoints": 9}}
{"target": -1227.7768701393536, "params": {"k_pid_pos": [2.0, 0.9959918260574341, 0.9189528226852417], "k_pid_alt": [2.0, 1.0, 0.9457626342773438], "k_pid_att": [5.8563947677612305, 9.999999747378752e-05, 0.0], "k_pid_yaw": [0.5, 1e-06, 0.1], "k_pid_hsp": [10.0, 0.0, 0.0], "k_pid_vsp": [400.0, 380.7542724609375, 398.54290771484375]}, "datetime": {"datetime": "2025-08-11 18:48:58", "elapsed": 8617.586210727692, "delta": 30.00040364265442}, "costs": {"total_cost": 1227.7768701393536, "time_cost": 150, "final_distance_cost": 58.07686949736318, "oscillation_cost": 443.5209032643342, "completition_cost": 444.4444444444444, "overshoot_cost": 69.23961604693137, "power_cost": 32.803794348144535, "noise_cost": 29.69124253813603, "n_waypoints_completed": 5, "tot_waypoints": 9}}
{"target": -1152.6113432394845, "params": {"k_pid_pos": [2.0, 1.0, 0.9745587110519409], "k_pid_alt": [1.9718877077102661, 0.9727160334587097, 1.0], "k_pid_att": [8.674991607666016, 9.999999747378752e-05, 0.0], "k_pid_yaw": [0.5, 1e-06, 0.1], "k_pid_hsp": [9.771645545959473, 0.0, 0.003128737211227417], "k_pid_vsp": [392.22601318359375, 392.8389587402344, 382.1648254394531]}, "datetime": {"datetime": "2025-08-11 18:49:28", "elapsed": 8647.975118160248, "delta": 30.388907432556152}, "costs": {"total_cost": 1152.6113432394845, "time_cost": 150, "final_distance_cost": 63.41338289875918, "oscillation_cost": 483.8108157232568, "completition_cost": 333.33333333333337, "overshoot_cost": 59.78009148515223, "power_cost": 32.46236572265625, "noise_cost": 29.811354076326676, "n_waypoints_completed": 6, "tot_waypoints": 9}}
{"target": -1832.8893666079246, "params": {"k_pid_pos": [1.903523564338684, 1.0, 1.0], "k_pid_alt": [1.77791166305542, 1.0, 0.9812533259391785], "k_pid_att": [3.0882210731506348, 0.0034670326858758926, 0.024889707565307617], "k_pid_yaw": [0.5, 1e-06, 0.1], "k_pid_hsp": [9.09355354309082, 0.0, 0.0], "k_pid_vsp": [382.54290771484375, 400.0, 395.69586181640625]}, "datetime": {"datetime": "2025-08-11 18:49:58", "elapsed": 8678.125605344772, "delta": 30.150487184524536}, "costs": {"total_cost": 1832.8893666079246, "time_cost": 150, "final_distance_cost": 1.0001816152698935, "oscillation_cost": 390.45012810712774, "completition_cost": 1000.0, "overshoot_cost": 159.53142245414406, "power_cost": 29.484428491210938, "noise_cost": 102.42320594017185, "n_waypoints_completed": 0, "tot_waypoints": 9}}
{"target": -4726.484811171944, "params": {"k_pid_pos": [1.9803869724273682, 1.0, 1.0], "k_pid_alt": [2.0, 1.0, 1.0], "k_pid_att": [0.0, 9.999999747378752e-05, 0.029781699180603027], "k_pid_yaw": [0.5, 1e-06, 0.1], "k_pid_hsp": [9.606201171875, 0.0, 0.028739869594573975], "k_pid_vsp": [400.0, 400.0, 367.6603088378906]}, "datetime": {"datetime": "2025-08-11 18:50:29", "elapsed": 8708.404705047607, "delta": 30.279099702835083}, "costs": {"total_cost": 4726.484811171944, "time_cost": 150, "final_distance_cost": 786.4739513687439, "oscillation_cost": 6.031197407720604, "completition_cost": 1000.0, "overshoot_cost": 2701.579885470758, "power_cost": 31.353947863769534, "noise_cost": 51.04582906095184, "n_waypoints_completed": 0, "tot_waypoints": 9}}
