{"target": -1507.5655559931008, "params": {"k_pid_pos": [1.99808931350708, 0.9134796261787415, 1.0], "k_pid_alt": [2.0, 0.9944480657577515, 1.0], "k_pid_att": [6.23241662979126, 9.999999747378752e-05, 0.0], "k_pid_yaw": [0.5, 1e-06, 0.1], "k_pid_hsp": [10.0, 0.0, 0.0], "k_pid_vsp": [387.1640930175781, 387.3331604003906, 400.0]}, "datetime": {"datetime": "2025-08-12 02:36:43", "elapsed": 36682.758388996124, "delta": 31.130680561065674}, "costs": {"total_cost": 1507.5655559931008, "time_cost": 150, "final_distance_cost": 62.12965788322909, "oscillation_cost": 492.6866745192804, "completition_cost": 666.6666666666667, "overshoot_cost": 77.67972886878502, "power_cost": 30.770532055664063, "noise_cost": 27.63229599947555, "n_waypoints_completed": 3, "tot_waypoints": 9}}
{"target": -8093.217709520929, "params": {"k_pid_pos": [1.7456282377243042, 0.9512267112731934, 0.9741027355194092], "k_pid_alt": [2.0, 1.0, 0.9843454360961914], "k_pid_att": [0.0, 9.999999747378752e-05, 0.0], "k_pid_yaw": [0.5, 1e-06, 0.1], "k_pid_hsp": [10.0, 0.0, 0.05163604021072388], "k_pid_vsp": [396.38330078125, 400.0, 399.73187255859375]}, "datetime": {"datetime": "2025-08-12 02:37:13", "elapsed": 36713.30262374878, "delta": 30.54423475265503}, "costs": {"total_cost": 8093.217709520929, "time_cost": 150, "final_distance_cost": 772.1891568437586, "oscillation_cost": 14.799628048601395, "completition_cost": 1000.0, "overshoot_cost": 6015.45574182867, "power_cost": 45.10027491455078, "noise_cost": 95.67290788534818, "n_waypoints_completed": 0, "tot_waypoints": 9}}
{"target": -999.4091269365592, "params": {"k_pid_pos": [1.96181058883667, 0.9900913238525391, 0.9220462441444397], "k_pid_alt": [1.994673252105713, 1.0, 1.0], "k_pid_att": [0.29760897159576416, 0.06706902384757996, 0.026992380619049072], "k_pid_yaw": [0.5, 1e-06, 0.1], "k_pid_hsp": [9.942012786865234, 0.0, 0.026124626398086548], "k_pid_vsp": [400.0, 398.1002197265625, 400.0]}, "datetime": {"datetime": "2025-08-12 02:37:45", "elapsed": 36744.7526948452, "delta": 31.450071096420288}, "costs": {"total_cost": 999.4091269365592, "time_cost": 150, "final_distance_cost": 49.477726978326075, "oscillation_cost": 107.04944232327944, "completition_cost": 555.5555555555555, "overshoot_cost": 72.10058045571915, "power_cost": 34.96729881591797, "noise_cost": 30.25852280776101, "n_waypoints_completed": 4, "tot_waypoints": 9}}
{"target": -1062.2997092707099, "params": {"k_pid_pos": [1.9128037691116333, 0.9352930188179016, 1.0], "k_pid_alt": [2.0, 1.0, 0.9517872929573059], "k_pid_att": [0.24542808532714844, 0.030090074986219406, 0.05510836839675903], "k_pid_yaw": [0.5, 1e-06, 0.1], "k_pid_hsp": [9.9786376953125, 0.04572144150733948, 0.0], "k_pid_vsp": [399.6723327636719, 400.0, 394.7014465332031]}, "datetime": {"datetime": "2025-08-12 02:38:16", "elapsed": 36775.50829410553, "delta": 30.7555992603302}, "costs": {"total_cost": 1062.2997092707099, "time_cost": 150, "final_distance_cost": 57.710758659494445, "oscillation_cost": 56.312158739594246, "completition_cost": 666.6666666666667, "overshoot_cost": 66.82422326208783, "power_cost": 33.4484728515625, "noise_cost": 31.337429091304063, "n_waypoints_completed": 3, "tot_waypoints": 9}}
{"target": -1696.3265173172479, "params": {"k_pid_pos": [2.0, 1.0, 1.0], "k_pid_alt": [2.0, 0.8915892839431763, 0.9821078777313232], "k_pid_att": [2.5338053703308105, 9.999999747378752e-05, 0.06068071722984314], "k_pid_yaw": [0.5, 1e-06, 0.1], "k_pid_hsp": [9.893266677856445, 0.02282959222793579, 0.08313959836959839], "k_pid_vsp": [399.4041442871094, 400.0, 390.3284912109375]}, "datetime": {"datetime": "2025-08-12 02:38:47", "elapsed": 36807.09656739235, "delta": 31.588273286819458}, "costs": {"total_cost": 1696.3265173172479, "time_cost": 150, "final_distance_cost": 0.9990391764945661, "oscillation_cost": 291.8409199241395, "completition_cost": 1000.0, "overshoot_cost": 148.66217176806407, "power_cost": 30.548885693359377, "noise_cost": 74.27550075519031, "n_waypoints_completed": 0, "tot_waypoints": 9}}
{"target": -1160.3745722680158, "params": {"k_pid_pos": [2.0, 1.0, 0.9895727634429932], "k_pid_alt": [2.0, 0.95318603515625, 1.0], "k_pid_att": [7.175204277038574, 0.773061990737915, 0.06327164173126221], "k_pid_yaw": [0.5, 1e-06, 0.1], "k_pid_hsp": [10.0, 0.044700026512145996, 0.11068975925445557], "k_pid_vsp": [398.3115234375, 400.0, 377.23785400390625]}, "datetime": {"datetime": "2025-08-12 02:39:18", "elapsed": 36838.29344034195, "delta": 31.19687294960022}, "costs": {"total_cost": 1160.3745722680158, "time_cost": 150, "final_distance_cost": 51.027126229363375, "oscillation_cost": 395.6908153848377, "completition_cost": 444.4444444444444, "overshoot_cost": 57.48333041296024, "power_cost": 31.926409509277345, "noise_cost": 29.80244628713263, "n_waypoints_completed": 5, "tot_waypoints": 9}}
{"target": -1049.469396223062, "params": {"k_pid_pos": [2.0, 1.0, 1.0], "k_pid_alt": [2.0, 1.0, 0.9801524877548218], "k_pid_att": [0.6652981042861938, 9.999999747378752e-05, 0.054727017879486084], "k_pid_yaw": [0.5, 1e-06, 0.1], "k_pid_hsp": [9.99026870727539, 0.0, 0.0], "k_pid_vsp": [400.0, 400.0, 375.4421081542969]}, "datetime": {"datetime": "2025-08-12 02:39:50", "elapsed": 36869.90301537514, "delta": 31.609575033187866}, "costs": {"total_cost": 1049.469396223062, "time_cost": 150, "final_distance_cost": 55.08833950386821, "oscillation_cost": 55.95292959801054, "completition_cost": 666.6666666666667, "overshoot_cost": 60.18264828059049, "power_cost": 31.778451708984377, "noise_cost": 29.800360464941683, "n_waypoints_completed": 3, "tot_waypoints": 9}}
{"target": -8098.950529869134, "params": {"k_pid_pos": [1.8627068996429443, 1.0, 0.9641661643981934], "k_pid_alt": [1.8423656225204468, 0.9512951970100403, 1.0], "k_pid_att": [0.0, 9.999999747378752e-05, 0.0], "k_pid_yaw": [0.5, 1e-06, 0.1], "k_pid_hsp": [9.294548988342285, 0.0, 0.0], "k_pid_vsp": [400.0, 400.0, 400.0]}, "datetime": {"datetime": "2025-08-12 02:40:22", "elapsed": 36901.91470503807, "delta": 32.01168966293335}, "costs": {"total_cost": 8098.950529869134, "time_cost": 150, "final_distance_cost": 991.505146622557, "oscillation_cost": 14.90980841188266, "completition_cost": 1000.0, "overshoot_cost": 5806.040519193193, "power_cost": 44.64393354492188, "noise_cost": 91.85112209657818, "n_waypoints_completed": 0, "tot_waypoints": 9}}
{"target": -1606.9970318184496, "params": {"k_pid_pos": [1.9753507375717163, 0.9765756130218506, 0.9823079705238342], "k_pid_alt": [2.0, 0.9167933464050293, 0.8575003147125244], "k_pid_att": [1.1314421892166138, 9.999999747378752e-05, 0.0], "k_pid_yaw": [0.5, 1e-06, 0.1], "k_pid_hsp": [10.0, 0.0, 0.001902461051940918], "k_pid_vsp": [400.0, 396.9387512207031, 400.0]}, "datetime": {"datetime": "2025-08-12 02:40:55", "elapsed": 36934.400460243225, "delta": 32.48575520515442}, "costs": {"total_cost": 1606.9970318184496, "time_cost": 150, "final_distance_cost": 38.04090225096997, "oscillation_cost": 283.51836872525115, "completition_cost": 1000.0, "overshoot_cost": 77.65911336951478, "power_cost": 31.085434216308595, "noise_cost": 26.69321325640507, "n_waypoints_completed": 0, "tot_waypoints": 9}}
{"target": -1314.054847021775, "params": {"k_pid_pos": [1.941153645515442, 0.9997690916061401, 1.0], "k_pid_alt": [1.9993395805358887, 0.9727808833122253, 1.0], "k_pid_att": [2.0047574043273926, 9.999999747378752e-05, 0.0], "k_pid_yaw": [0.5, 1e-06, 0.1], "k_pid_hsp": [9.759320259094238, 0.0, 0.0], "k_pid_vsp": [391.8764953613281, 368.9698791503906, 366.0086669921875]}, "datetime": {"datetime": "2025-08-12 02:41:25", "elapsed": 36965.33339524269, "delta": 30.932934999465942}, "costs": {"total_cost": 1314.054847021775, "time_cost": 150, "final_distance_cost": 52.51798562565341, "oscillation_cost": 313.8663173611206, "completition_cost": 666.6666666666667, "overshoot_cost": 69.80281222359385, "power_cost": 32.42667609863281, "noise_cost": 28.774389046107363, "n_waypoints_completed": 3, "tot_waypoints": 9}}
{"target": -1233.2934406057366, "params": {"k_pid_pos": [1.8790068626403809, 1.0, 1.0], "k_pid_alt": [2.0, 1.0, 1.0], "k_pid_att": [10.68761920928955, 0.5487332344055176, 0.0], "k_pid_yaw": [0.5, 1e-06, 0.1], "k_pid_hsp": [10.0, 0.030878543853759766, 0.0], "k_pid_vsp": [400.0, 400.0, 400.0]}, "datetime": {"datetime": "2025-08-12 02:41:56", "elapsed": 36995.88995599747, "delta": 30.556560754776}, "costs": {"total_cost": 1233.2934406057366, "time_cost": 150, "final_distance_cost": 49.97117474747764, "oscillation_cost": 464.2601026171989, "completition_cost": 444.4444444444444, "overshoot_cost": 61.78324648378878, "power_cost": 32.56604995117188, "noise_cost": 30.26842236165509, "n_waypoints_completed": 5, "tot_waypoints": 9}}
{"target": -1755.4725703143997, "params": {"k_pid_pos": [2.0, 0.9570985436439514, 0.9537124037742615], "k_pid_alt": [2.0, 1.0, 1.0], "k_pid_att": [2.139103412628174, 9.999999747378752e-05, 0.035887330770492554], "k_pid_yaw": [0.5, 1e-06, 0.1], "k_pid_hsp": [9.932494163513184, 0.035702675580978394, 0.0], "k_pid_vsp": [372.25946044921875, 400.0, 396.86431884765625]}, "datetime": {"datetime": "2025-08-12 02:42:27", "elapsed": 37026.97817778587, "delta": 31.088221788406372}, "costs": {"total_cost": 1755.4725703143997, "time_cost": 150, "final_distance_cost": 0.9986051173410885, "oscillation_cost": 311.79730794273223, "completition_cost": 1000.0, "overshoot_cost": 160.08050848522421, "power_cost": 29.286130432128907, "noise_cost": 103.31001833697319, "n_waypoints_completed": 0, "tot_waypoints": 9}}
{"target": -1310.0003949707711, "params": {"k_pid_pos": [2.0, 0.9946157336235046, 0.9930174350738525], "k_pid_alt": [2.0, 1.0, 1.0], "k_pid_att": [4.478067398071289, 0.40269583463668823, 0.0], "k_pid_yaw": [0.5, 1e-06, 0.1], "k_pid_hsp": [9.94906997680664, 0.0, 0.0], "k_pid_vsp": [400.0, 400.0, 380.63360595703125]}, "datetime": {"datetime": "2025-08-12 02:42:59", "elapsed": 37058.488706588745, "delta": 31.510528802871704}, "costs": {"total_cost": 1310.0003949707711, "time_cost": 150, "final_distance_cost": 47.135734435386134, "oscillation_cost": 432.2179355084428, "completition_cost": 555.5555555555555, "overshoot_cost": 62.6667474740547, "power_cost": 32.773149316406254, "noise_cost": 29.651272680925807, "n_waypoints_completed": 4, "tot_waypoints": 9}}
{"target": -8539.559598470943, "params": {"k_pid_pos": [1.754937767982483, 1.0, 1.0], "k_pid_alt": [1.8958287239074707, 1.0, 0.9746024012565613], "k_pid_att": [0.0, 9.999999747378752e-05, 0.0], "k_pid_yaw": [0.5, 1e-06, 0.1], "k_pid_hsp": [10.0, 0.009141981601715088, 0.03901100158691406], "k_pid_vsp": [373.52252197265625, 384.4421081542969, 400.0]}, "datetime": {"datetime": "2025-08-12 02:43:30", "elapsed": 37090.098969459534, "delta": 31.610262870788574}, "costs": {"total_cost": 8539.559598470943, "time_cost": 150, "final_distance_cost": 609.7633744684282, "oscillation_cost": 14.678898525029592, "completition_cost": 1000.0, "overshoot_cost": 6618.644209487446, "power_cost": 44.844310864257814, "noise_cost": 101.62880512578083, "n_waypoints_completed": 0, "tot_waypoints": 9}}
{"target": -1072.4414946808658, "params": {"k_pid_pos": [1.916995882987976, 0.9634573459625244, 0.9294962882995605], "k_pid_alt": [2.0, 0.9910335540771484, 1.0], "k_pid_att": [1.5110671520233154, 0.6440192461013794, 0.0], "k_pid_yaw": [0.5, 1e-06, 0.1], "k_pid_hsp": [9.473121643066406, 0.04206347465515137, 0.0], "k_pid_vsp": [400.0, 400.0, 400.0]}, "datetime": {"datetime": "2025-08-12 02:44:01", "elapsed": 37120.917897462845, "delta": 30.818928003311157}, "costs": {"total_cost": 1072.4414946808658, "time_cost": 150, "final_distance_cost": 55.20936212953966, "oscillation_cost": 296.50026530975504, "completition_cost": 444.4444444444444, "overshoot_cost": 62.881200875462554, "power_cost": 34.10237897949219, "noise_cost": 29.30384294217199, "n_waypoints_completed": 5, "tot_waypoints": 9}}
{"target": -5611.420431010776, "params": {"k_pid_pos": [2.0, 0.989938497543335, 1.0], "k_pid_alt": [2.0, 1.0, 0.9770433902740479], "k_pid_att": [0.0, 0.47382283210754395, 0.03106948733329773], "k_pid_yaw": [0.5, 1e-06, 0.1], "k_pid_hsp": [10.0, 0.0, 0.014067411422729492], "k_pid_vsp": [388.1440734863281, 396.1459045410156, 400.0]}, "datetime": {"datetime": "2025-08-12 02:44:33", "elapsed": 37153.00677537918, "delta": 32.08887791633606}, "costs": {"total_cost": 5611.420431010776, "time_cost": 150, "final_distance_cost": 916.3633754464545, "oscillation_cost": 1748.9777298773893, "completition_cost": 1000.0, "overshoot_cost": 1576.6715347228608, "power_cost": 53.91814412841797, "noise_cost": 165.4896468356533, "n_waypoints_completed": 0, "tot_waypoints": 9}}
{"target": -3856.687558656729, "params": {"k_pid_pos": [1.7889233827590942, 0.9895486235618591, 0.9834727048873901], "k_pid_alt": [2.0, 0.959446907043457, 1.0], "k_pid_att": [0.0, 0.13595134019851685, 0.0], "k_pid_yaw": [0.5, 1e-06, 0.1], "k_pid_hsp": [9.747734069824219, 0.06638899445533752, 0.012613475322723389], "k_pid_vsp": [400.0, 388.896240234375, 384.70977783203125]}, "datetime": {"datetime": "2025-08-12 02:45:11", "elapsed": 37191.164142370224, "delta": 38.15736699104309}, "costs": {"total_cost": 3856.687558656729, "time_cost": 150, "final_distance_cost": 367.36012959940985, "oscillation_cost": 849.7916704869347, "completition_cost": 1000.0, "overshoot_cost": 1264.824096922818, "power_cost": 57.71741657714844, "noise_cost": 166.99424507041795, "n_waypoints_completed": 0, "tot_waypoints": 9}}
{"target": -8072.256582748618, "params": {"k_pid_pos": [2.0, 1.0, 0.9101360440254211], "k_pid_alt": [2.0, 0.9650604724884033, 1.0], "k_pid_att": [0.0, 9.999999747378752e-05, 0.0], "k_pid_yaw": [0.5, 1e-06, 0.1], "k_pid_hsp": [9.772326469421387, 0.0333629846572876, 0.03491958975791931], "k_pid_vsp": [400.0, 400.0, 400.0]}, "datetime": {"datetime": "2025-08-12 02:45:45", "elapsed": 37224.7061457634, "delta": 33.54200339317322}, "costs": {"total_cost": 8072.256582748618, "time_cost": 150, "final_distance_cost": 965.9467522690563, "oscillation_cost": 14.77917114014903, "completition_cost": 1000.0, "overshoot_cost": 5803.561452465327, "power_cost": 44.80914501953125, "noise_cost": 93.16006185455369, "n_waypoints_completed": 0, "tot_waypoints": 9}}
{"target": -3867.045516069481, "params": {"k_pid_pos": [2.0, 0.9266269207000732, 0.99704509973526], "k_pid_alt": [1.9412853717803955, 0.9434357285499573, 1.0], "k_pid_att": [0.0, 0.08199417591094971, 0.038219839334487915], "k_pid_yaw": [0.5, 1e-06, 0.1], "k_pid_hsp": [8.941828727722168, 0.0, 0.0], "k_pid_vsp": [349.670654296875, 400.0, 400.0]}, "datetime": {"datetime": "2025-08-12 02:46:16", "elapsed": 37255.777072906494, "delta": 31.070927143096924}, "costs": {"total_cost": 3867.045516069481, "time_cost": 150, "final_distance_cost": 587.1385971387786, "oscillation_cost": 555.3217896679047, "completition_cost": 1000.0, "overshoot_cost": 1356.5171144345245, "power_cost": 56.79981929931641, "noise_cost": 161.26819552895685, "n_waypoints_completed": 0, "tot_waypoints": 9}}
{"target": -8149.398406183531, "params": {"k_pid_pos": [1.9875186681747437, 0.9975272417068481, 0.9110850095748901], "k_pid_alt": [2.0, 1.0, 1.0], "k_pid_att": [0.0, 9.999999747378752e-05, 0.0], "k_pid_yaw": [0.5, 1e-06, 0.1], "k_pid_hsp": [9.355231285095215, 0.014201045036315918, 0.02061966061592102], "k_pid_vsp": [387.58306884765625, 400.0, 400.0]}, "datetime": {"datetime": "2025-08-12 02:46:47", "elapsed": 37286.933520793915, "delta": 31.156447887420654}, "costs": {"total_cost": 8149.398406183531, "time_cost": 150, "final_distance_cost": 800.5447977229622, "oscillation_cost": 14.656400423496288, "completition_cost": 1000.0, "overshoot_cost": 6042.973219382856, "power_cost": 44.27928836669922, "noise_cost": 96.94470028751807, "n_waypoints_completed": 0, "tot_waypoints": 9}}
{"target": -4278.3722942165205, "params": {"k_pid_pos": [2.0, 0.9681255221366882, 0.9926460981369019], "k_pid_alt": [2.0, 1.0, 0.8606300950050354], "k_pid_att": [0.0, 0.23408672213554382, 0.0], "k_pid_yaw": [0.5, 1e-06, 0.1], "k_pid_hsp": [9.968274116516113, 0.02758154273033142, 0.04863235354423523], "k_pid_vsp": [400.0, 381.85302734375, 380.0693359375]}, "datetime": {"datetime": "2025-08-12 02:47:18", "elapsed": 37317.82233595848, "delta": 30.88881516456604}, "costs": {"total_cost": 4278.3722942165205, "time_cost": 150, "final_distance_cost": 593.8880541071275, "oscillation_cost": 1238.0988981682708, "completition_cost": 1000.0, "overshoot_cost": 1067.225636564044, "power_cost": 57.78843139648438, "noise_cost": 171.37127398059465, "n_waypoints_completed": 0, "tot_waypoints": 9}}
{"target": -5478.224912973248, "params": {"k_pid_pos": [1.921934962272644, 1.0, 0.9944736957550049], "k_pid_alt": [1.949172019958496, 0.9608672857284546, 0.9519388675689697], "k_pid_att": [0.0, 0.25665518641471863, 0.04595842957496643], "k_pid_yaw": [0.5, 1e-06, 0.1], "k_pid_hsp": [10.0, 0.026216596364974976, 0.0], "k_pid_vsp": [398.96112060546875, 400.0, 385.9121398925781]}, "datetime": {"datetime": "2025-08-12 02:47:50", "elapsed": 37349.814453125, "delta": 31.992117166519165}, "costs": {"total_cost": 5478.224912973248, "time_cost": 150, "final_distance_cost": 679.4228747779265, "oscillation_cost": 1058.9362634200786, "completition_cost": 1000.0, "overshoot_cost": 2363.995322050613, "power_cost": 57.63184758300782, "noise_cost": 168.23860514162214, "n_waypoints_completed": 0, "tot_waypoints": 9}}
{"target": -1669.3952799112956, "params": {"k_pid_pos": [1.8807796239852905, 1.0, 1.0], "k_pid_alt": [1.9922609329223633, 1.0, 0.8990241289138794], "k_pid_att": [1.7714709043502808, 0.1784365028142929, 0.0], "k_pid_yaw": [0.5, 1e-06, 0.1], "k_pid_hsp": [10.0, 0.0, 0.0], "k_pid_vsp": [400.0, 378.92205810546875, 397.5417175292969]}, "datetime": {"datetime": "2025-08-12 02:48:21", "elapsed": 37381.01080441475, "delta": 31.196351289749146}, "costs": {"total_cost": 1669.3952799112956, "time_cost": 150, "final_distance_cost": 41.37620124715866, "oscillation_cost": 346.7657642737484, "completition_cost": 1000.0, "overshoot_cost": 73.06506460265744, "power_cost": 31.238739489746095, "noise_cost": 26.949510297985007, "n_waypoints_completed": 0, "tot_waypoints": 9}}
{"target": -1090.9635454676359, "params": {"k_pid_pos": [1.9176117181777954, 0.9645929336547852, 1.0], "k_pid_alt": [1.9522500038146973, 0.9828591346740723, 1.0], "k_pid_att": [4.284092903137207, 0.5972133874893188, 0.0], "k_pid_yaw": [0.5, 1e-06, 0.1], "k_pid_hsp": [10.0, 0.0, 0.031150907278060913], "k_pid_vsp": [399.15887451171875, 398.3482666015625, 400.0]}, "datetime": {"datetime": "2025-08-12 02:48:52", "elapsed": 37411.766775131226, "delta": 30.75597071647644}, "costs": {"total_cost": 1090.9635454676359, "time_cost": 150, "final_distance_cost": 63.17387948751575, "oscillation_cost": 413.47390393849287, "completition_cost": 333.33333333333337, "overshoot_cost": 68.76806876154839, "power_cost": 32.89503395996094, "noise_cost": 29.319325986784584, "n_waypoints_completed": 6, "tot_waypoints": 9}}
{"target": -969.6862649830715, "params": {"k_pid_pos": [2.0, 1.0, 1.0], "k_pid_alt": [2.0, 0.9977065324783325, 1.0], "k_pid_att": [0.9585827589035034, 9.999999747378752e-05, 0.0], "k_pid_yaw": [0.5, 1e-06, 0.1], "k_pid_hsp": [9.874628067016602, 0.0, 0.040365904569625854], "k_pid_vsp": [400.0, 391.4721984863281, 374.09954833984375]}, "datetime": {"datetime": "2025-08-12 02:49:23", "elapsed": 37442.51422333717, "delta": 30.747448205947876}, "costs": {"total_cost": 969.6862649830715, "time_cost": 150, "final_distance_cost": 56.806721422481104, "oscillation_cost": 196.5880173037478, "completition_cost": 444.4444444444444, "overshoot_cost": 57.85771450825581, "power_cost": 34.56288581542969, "noise_cost": 29.426481488712586, "n_waypoints_completed": 5, "tot_waypoints": 9}}
{"target": -5321.779886763664, "params": {"k_pid_pos": [2.0, 1.0, 0.9778680801391602], "k_pid_alt": [1.962369441986084, 1.0, 1.0], "k_pid_att": [0.0, 0.2735860049724579, 0.09905791282653809], "k_pid_yaw": [0.5, 1e-06, 0.1], "k_pid_hsp": [8.24080753326416, 0.01569920778274536, 0.0], "k_pid_vsp": [400.0, 400.0, 400.0]}, "datetime": {"datetime": "2025-08-12 02:49:54", "elapsed": 37473.874650239944, "delta": 31.360426902770996}, "costs": {"total_cost": 5321.779886763664, "time_cost": 150, "final_distance_cost": 780.87554241717, "oscillation_cost": 888.2806122898154, "completition_cost": 1000.0, "overshoot_cost": 2277.692257987762, "power_cost": 57.47583369140625, "noise_cost": 167.4556403775092, "n_waypoints_completed": 0, "tot_waypoints": 9}}
{"target": -1409.2365914372824, "params": {"k_pid_pos": [2.0, 1.0, 1.0], "k_pid_alt": [2.0, 1.0, 1.0], "k_pid_att": [3.572821617126465, 0.6356505155563354, 0.0], "k_pid_yaw": [0.5, 1e-06, 0.1], "k_pid_hsp": [10.0, 0.0, 0.07390207052230835], "k_pid_vsp": [378.40185546875, 400.0, 400.0]}, "datetime": {"datetime": "2025-08-12 02:50:25", "elapsed": 37505.215785980225, "delta": 31.34113574028015}, "costs": {"total_cost": 1409.2365914372824, "time_cost": 150, "final_distance_cost": 52.41415019020348, "oscillation_cost": 411.01518610040324, "completition_cost": 666.6666666666667, "overshoot_cost": 67.2937019138513, "power_cost": 32.6520810546875, "noise_cost": 29.194805511470275, "n_waypoints_completed": 3, "tot_waypoints": 9}}
{"target": -1453.4412648903242, "params": {"k_pid_pos": [1.8017315864562988, 0.878287136554718, 1.0], "k_pid_alt": [1.7007557153701782, 0.940679669380188, 0.9364156723022461], "k_pid_att": [1.685398817062378, 9.999999747378752e-05, 0.0], "k_pid_yaw": [0.5, 1e-06, 0.1], "k_pid_hsp": [8.775080680847168, 0.0, 0.0], "k_pid_vsp": [400.0, 400.0, 386.7943420410156]}, "datetime": {"datetime": "2025-08-12 02:50:56", "elapsed": 37536.25229763985, "delta": 31.036511659622192}, "costs": {"total_cost": 1453.4412648903242, "time_cost": 150, "final_distance_cost": 85.68077103702993, "oscillation_cost": 315.45244762572486, "completition_cost": 777.7777777777778, "overshoot_cost": 66.31594775694329, "power_cost": 31.356622619628908, "noise_cost": 26.857698073219417, "n_waypoints_completed": 2, "tot_waypoints": 9}}
