{"target": -1759.014968069482, "params": {"k_pid_pos": [1.88643217086792, 0.9918922185897827, 1.0], "k_pid_alt": [1.9696571826934814, 0.9751484394073486, 0.9803729057312012], "k_pid_att": [3.8460583686828613, 0.023512767627835274, 0.08197489380836487], "k_pid_yaw": [0.5, 1e-06, 0.1], "k_pid_hsp": [8.54049015045166, 0.026992887258529663, 0.06437140703201294], "k_pid_vsp": [397.8215026855469, 400.0, 400.0]}, "datetime": {"datetime": "2025-08-12 04:03:20", "elapsed": 41879.462377786636, "delta": 32.44043731689453}, "costs": {"total_cost": 1759.014968069482, "time_cost": 150, "final_distance_cost": 0.9986342679359221, "oscillation_cost": 348.1977567627295, "completition_cost": 1000.0, "overshoot_cost": 151.70468415715916, "power_cost": 30.361377832031252, "noise_cost": 77.75251504962625, "n_waypoints_completed": 0, "tot_waypoints": 9}}
{"target": -4018.212343710356, "params": {"k_pid_pos": [1.9780582189559937, 1.0, 0.9563183784484863], "k_pid_alt": [1.8520419597625732, 0.9822577238082886, 1.0], "k_pid_att": [0.0, 0.4180316627025604, 0.0], "k_pid_yaw": [0.5, 1e-06, 0.1], "k_pid_hsp": [9.81701946258545, 0.0, 0.012733280658721924], "k_pid_vsp": [388.1554260253906, 400.0, 390.5036926269531]}, "datetime": {"datetime": "2025-08-12 04:03:52", "elapsed": 41911.53924894333, "delta": 32.076871156692505}, "costs": {"total_cost": 4018.212343710356, "time_cost": 150, "final_distance_cost": 249.18896451476076, "oscillation_cost": 1623.227684882891, "completition_cost": 1000.0, "overshoot_cost": 763.7992278545089, "power_cost": 58.017127819824225, "noise_cost": 173.97933863837113, "n_waypoints_completed": 0, "tot_waypoints": 9}}
{"target": -1197.0774947325972, "params": {"k_pid_pos": [1.970510482788086, 1.0, 1.0], "k_pid_alt": [1.866788387298584, 0.9634706974029541, 1.0], "k_pid_att": [4.550939559936523, 9.999999747378752e-05, 0.0], "k_pid_yaw": [0.5, 1e-06, 0.1], "k_pid_hsp": [10.0, 0.0, 0.0], "k_pid_vsp": [400.0, 400.0, 388.5487365722656]}, "datetime": {"datetime": "2025-08-12 04:04:24", "elapsed": 41943.466332912445, "delta": 31.92708396911621}, "costs": {"total_cost": 1197.0774947325972, "time_cost": 150, "final_distance_cost": 56.59077660228705, "oscillation_cost": 416.1613928353331, "completition_cost": 444.4444444444444, "overshoot_cost": 68.50211032899495, "power_cost": 32.14673885498047, "noise_cost": 29.23203166655741, "n_waypoints_completed": 5, "tot_waypoints": 9}}
{"target": -846.132117707779, "params": {"k_pid_pos": [1.868723750114441, 0.9832619428634644, 0.9379294514656067], "k_pid_alt": [1.8898500204086304, 1.0, 1.0], "k_pid_att": [1.4049917459487915, 0.5162779092788696, 0.0], "k_pid_yaw": [0.5, 1e-06, 0.1], "k_pid_hsp": [10.0, 0.0433463454246521, 0.049175262451171875], "k_pid_vsp": [400.0, 400.0, 386.78582763671875]}, "datetime": {"datetime": "2025-08-12 04:04:56", "elapsed": 41975.69413161278, "delta": 32.22779870033264}, "costs": {"total_cost": 846.132117707779, "time_cost": 150, "final_distance_cost": 71.63603372364301, "oscillation_cost": 275.6368043707333, "completition_cost": 222.2222222222222, "overshoot_cost": 64.00691661664932, "power_cost": 33.85316854248047, "noise_cost": 28.7769722320507, "n_waypoints_completed": 7, "tot_waypoints": 9}}
{"target": -1090.613651819894, "params": {"k_pid_pos": [2.0, 0.9039803147315979, 0.9364309310913086], "k_pid_alt": [2.0, 1.0, 1.0], "k_pid_att": [8.728286743164062, 0.16620366275310516, 0.057650744915008545], "k_pid_yaw": [0.5, 1e-06, 0.1], "k_pid_hsp": [10.0, 0.0, 0.050191789865493774], "k_pid_vsp": [400.0, 400.0, 400.0]}, "datetime": {"datetime": "2025-08-12 04:05:27", "elapsed": 42006.54071974754, "delta": 30.846588134765625}, "costs": {"total_cost": 1090.613651819894, "time_cost": 150, "final_distance_cost": 52.10768186190718, "oscillation_cost": 429.8118468889239, "completition_cost": 333.33333333333337, "overshoot_cost": 62.7271155471125, "power_cost": 32.73665428466797, "noise_cost": 29.89701990394874, "n_waypoints_completed": 6, "tot_waypoints": 9}}
{"target": -4762.371251939339, "params": {"k_pid_pos": [2.0, 1.0, 0.940898060798645], "k_pid_alt": [2.0, 1.0, 0.967960000038147], "k_pid_att": [0.0, 0.29374825954437256, 0.04359349608421326], "k_pid_yaw": [0.5, 1e-06, 0.1], "k_pid_hsp": [9.724716186523438, 0.05859389901161194, 0.0], "k_pid_vsp": [400.0, 400.0, 400.0]}, "datetime": {"datetime": "2025-08-12 04:05:57", "elapsed": 42036.60395669937, "delta": 30.063236951828003}, "costs": {"total_cost": 4762.371251939339, "time_cost": 150, "final_distance_cost": 331.94740161983333, "oscillation_cost": 1182.256777658657, "completition_cost": 1000.0, "overshoot_cost": 1870.9512522909822, "power_cost": 57.59821539306641, "noise_cost": 169.6176049768012, "n_waypoints_completed": 0, "tot_waypoints": 9}}
{"target": -4057.82874589756, "params": {"k_pid_pos": [1.9713246822357178, 0.9862675666809082, 0.9468737840652466], "k_pid_alt": [2.0, 0.9942611455917358, 0.9931066632270813], "k_pid_att": [0.0, 0.2891876697540283, 0.0], "k_pid_yaw": [0.5, 1e-06, 0.1], "k_pid_hsp": [9.728273391723633, 0.0, 0.0034379661083221436], "k_pid_vsp": [371.16119384765625, 400.0, 400.0]}, "datetime": {"datetime": "2025-08-12 04:06:30", "elapsed": 42069.451073884964, "delta": 32.84711718559265}, "costs": {"total_cost": 4057.82874589756, "time_cost": 150, "final_distance_cost": 305.0038951861519, "oscillation_cost": 1434.6347547911585, "completition_cost": 1000.0, "overshoot_cost": 938.7156103059948, "power_cost": 57.27147700195313, "noise_cost": 172.20300861230206, "n_waypoints_completed": 0, "tot_waypoints": 9}}
{"target": -4245.47806060785, "params": {"k_pid_pos": [2.0, 1.0, 1.0], "k_pid_alt": [2.0, 0.9509073495864868, 1.0], "k_pid_att": [0.0, 9.999999747378752e-05, 0.048800140619277954], "k_pid_yaw": [0.5, 1e-06, 0.1], "k_pid_hsp": [10.0, 0.0, 0.011687546968460083], "k_pid_vsp": [400.0, 388.75543212890625, 386.237548828125]}, "datetime": {"datetime": "2025-08-12 04:07:03", "elapsed": 42102.947922468185, "delta": 33.496848583221436}, "costs": {"total_cost": 4245.47806060785, "time_cost": 150, "final_distance_cost": 478.1100364897149, "oscillation_cost": 4.2065040617224625, "completition_cost": 1000.0, "overshoot_cost": 2488.8951067252724, "power_cost": 29.836462048339847, "noise_cost": 94.42995128280005, "n_waypoints_completed": 0, "tot_waypoints": 9}}
{"target": -7917.142268342047, "params": {"k_pid_pos": [2.0, 0.9673693776130676, 1.0], "k_pid_alt": [1.9348686933517456, 0.9731168746948242, 0.9391108751296997], "k_pid_att": [0.0, 9.999999747378752e-05, 0.00467228889465332], "k_pid_yaw": [0.5, 1e-06, 0.1], "k_pid_hsp": [10.0, 0.0, 0.10455626249313354], "k_pid_vsp": [367.8172302246094, 400.0, 376.6689147949219]}, "datetime": {"datetime": "2025-08-12 04:07:35", "elapsed": 42134.507153987885, "delta": 31.559231519699097}, "costs": {"total_cost": 7917.142268342047, "time_cost": 150, "final_distance_cost": 2087.73497191923, "oscillation_cost": 10.250502613838268, "completition_cost": 1000.0, "overshoot_cost": 4565.026445087207, "power_cost": 39.9573197631836, "noise_cost": 64.17302895858747, "n_waypoints_completed": 0, "tot_waypoints": 9}}
{"target": -8207.442770794798, "params": {"k_pid_pos": [2.0, 1.0, 1.0], "k_pid_alt": [2.0, 0.9737759828567505, 0.9638621807098389], "k_pid_att": [0.0, 9.999999747378752e-05, 0.0], "k_pid_yaw": [0.5, 1e-06, 0.1], "k_pid_hsp": [9.332307815551758, 0.009027481079101562, 0.0], "k_pid_vsp": [383.6394958496094, 400.0, 391.4595642089844]}, "datetime": {"datetime": "2025-08-12 04:08:07", "elapsed": 42166.90713405609, "delta": 32.39998006820679}, "costs": {"total_cost": 8207.442770794798, "time_cost": 150, "final_distance_cost": 941.6283215997047, "oscillation_cost": 14.836544878983036, "completition_cost": 1000.0, "overshoot_cost": 5962.2000007474235, "power_cost": 44.543567028808596, "noise_cost": 94.23433653987793, "n_waypoints_completed": 0, "tot_waypoints": 9}}
{"target": -1681.2289580544193, "params": {"k_pid_pos": [2.0, 1.0, 0.9898455739021301], "k_pid_alt": [1.977618932723999, 1.0, 1.0], "k_pid_att": [1.338893175125122, 0.9197913408279419, 0.04909235239028931], "k_pid_yaw": [0.5, 1e-06, 0.1], "k_pid_hsp": [10.0, 0.0, 0.0], "k_pid_vsp": [400.0, 380.6239013671875, 400.0]}, "datetime": {"datetime": "2025-08-12 04:08:38", "elapsed": 42197.837891340256, "delta": 30.93075728416443}, "costs": {"total_cost": 1681.2289580544193, "time_cost": 150, "final_distance_cost": 1.0013857217197093, "oscillation_cost": 252.53591701220842, "completition_cost": 1000.0, "overshoot_cost": 154.73853948003196, "power_cost": 29.409738061523438, "noise_cost": 93.5433777789359, "n_waypoints_completed": 0, "tot_waypoints": 9}}
{"target": -4700.773059106125, "params": {"k_pid_pos": [2.0, 0.9984040260314941, 0.984163761138916], "k_pid_alt": [1.8672120571136475, 0.9730576276779175, 1.0], "k_pid_att": [0.0, 9.999999747378752e-05, 0.06572672724723816], "k_pid_yaw": [0.5, 1e-06, 0.1], "k_pid_hsp": [9.858485221862793, 0.0, 0.049658119678497314], "k_pid_vsp": [386.2882995605469, 380.42144775390625, 379.1640319824219]}, "datetime": {"datetime": "2025-08-12 04:09:10", "elapsed": 42229.39559197426, "delta": 31.557700634002686}, "costs": {"total_cost": 4700.773059106125, "time_cost": 150, "final_distance_cost": 755.8381140525603, "oscillation_cost": 3.9990875205728527, "completition_cost": 1000.0, "overshoot_cost": 2660.389293145941, "power_cost": 29.729828271484376, "noise_cost": 100.8167361155663, "n_waypoints_completed": 0, "tot_waypoints": 9}}
{"target": -21470.233776933826, "params": {"k_pid_pos": [1.9035303592681885, 1.0, 1.0], "k_pid_alt": [2.0, 1.0, 0.9746508598327637], "k_pid_att": [0.0, 1.0216970443725586, 0.0], "k_pid_yaw": [0.5, 1e-06, 0.1], "k_pid_hsp": [9.57424545288086, 0.019332557916641235, 0.0], "k_pid_vsp": [400.0, 400.0, 390.3962707519531]}, "datetime": {"datetime": "2025-08-12 04:09:41", "elapsed": 42260.90710759163, "delta": 31.511515617370605}, "costs": {"total_cost": 21470.233776933826, "time_cost": 150, "final_distance_cost": 6663.032656847468, "oscillation_cost": 2425.340377497228, "completition_cost": 1000.0, "overshoot_cost": 10998.304432936162, "power_cost": 57.62106727294922, "noise_cost": 175.93524238001433, "n_waypoints_completed": 0, "tot_waypoints": 9}}
{"target": -9825.894654576385, "params": {"k_pid_pos": [2.0, 0.9855745434761047, 0.8912691473960876], "k_pid_alt": [1.9328646659851074, 1.0, 1.0], "k_pid_att": [0.0, 0.9102258086204529, 0.0], "k_pid_yaw": [0.5, 1e-06, 0.1], "k_pid_hsp": [9.856250762939453, 0.11663004755973816, 0.0], "k_pid_vsp": [382.8959045410156, 400.0, 400.0]}, "datetime": {"datetime": "2025-08-12 04:10:12", "elapsed": 42292.11241722107, "delta": 31.205309629440308}, "costs": {"total_cost": 9825.894654576385, "time_cost": 150, "final_distance_cost": 2347.9201848398625, "oscillation_cost": 2339.229130887087, "completition_cost": 1000.0, "overshoot_cost": 3754.535670143013, "power_cost": 57.51709536132813, "noise_cost": 176.69257334509268, "n_waypoints_completed": 0, "tot_waypoints": 9}}
{"target": -1316.6427556369504, "params": {"k_pid_pos": [2.0, 0.9339215755462646, 0.9743073582649231], "k_pid_alt": [1.9525309801101685, 1.0, 1.0], "k_pid_att": [4.295289516448975, 0.2897026538848877, 0.0], "k_pid_yaw": [0.5, 1e-06, 0.1], "k_pid_hsp": [10.0, 0.0, 0.0], "k_pid_vsp": [400.0, 400.0, 400.0]}, "datetime": {"datetime": "2025-08-12 04:10:43", "elapsed": 42322.575130701065, "delta": 30.462713479995728}, "costs": {"total_cost": 1316.6427556369504, "time_cost": 150, "final_distance_cost": 44.5756894683203, "oscillation_cost": 435.54979090419675, "completition_cost": 555.5555555555555, "overshoot_cost": 69.71214382925052, "power_cost": 32.17558433837891, "noise_cost": 29.07399154124831, "n_waypoints_completed": 4, "tot_waypoints": 9}}
{"target": -3943.169780123778, "params": {"k_pid_pos": [1.9812824726104736, 1.0, 1.0], "k_pid_alt": [1.9682154655456543, 1.0, 0.9374577403068542], "k_pid_att": [0.0, 9.999999747378752e-05, 0.0504821240901947], "k_pid_yaw": [0.5, 1e-06, 0.1], "k_pid_hsp": [9.388115882873535, 0.0, 0.0], "k_pid_vsp": [400.0, 381.1139221191406, 385.51953125]}, "datetime": {"datetime": "2025-08-12 04:11:16", "elapsed": 42355.545723199844, "delta": 32.9705924987793}, "costs": {"total_cost": 3943.169780123778, "time_cost": 150, "final_distance_cost": 738.9944284455802, "oscillation_cost": 4.12706976101427, "completition_cost": 1000.0, "overshoot_cost": 1931.4882514402082, "power_cost": 29.901081555175782, "noise_cost": 88.65894892179885, "n_waypoints_completed": 0, "tot_waypoints": 9}}
{"target": -13139.669183764765, "params": {"k_pid_pos": [2.0, 1.0, 0.9665322303771973], "k_pid_alt": [2.0, 1.0, 0.9938952922821045], "k_pid_att": [0.0, 0.9151413440704346, 0.02096840739250183], "k_pid_yaw": [0.5, 1e-06, 0.1], "k_pid_hsp": [10.0, 0.0, 0.006958454847335815], "k_pid_vsp": [367.84991455078125, 400.0, 400.0]}, "datetime": {"datetime": "2025-08-12 04:11:47", "elapsed": 42386.38296508789, "delta": 30.837241888046265}, "costs": {"total_cost": 13139.669183764765, "time_cost": 150, "final_distance_cost": 4113.901037182454, "oscillation_cost": 2225.8601028693547, "completition_cost": 1000.0, "overshoot_cost": 5419.590957446568, "power_cost": 57.051355004882815, "noise_cost": 173.2657312615054, "n_waypoints_completed": 0, "tot_waypoints": 9}}
{"target": -3671.0756779314847, "params": {"k_pid_pos": [2.0, 0.911444902420044, 1.0], "k_pid_alt": [1.8909685611724854, 0.9493739604949951, 0.9794508218765259], "k_pid_att": [0.0, 0.026338595896959305, 0.0737905204296112], "k_pid_yaw": [0.5, 1e-06, 0.1], "k_pid_hsp": [10.0, 0.0, 0.0], "k_pid_vsp": [400.0, 395.97662353515625, 374.85919189453125]}, "datetime": {"datetime": "2025-08-12 04:12:18", "elapsed": 42418.26665639877, "delta": 31.88369131088257}, "costs": {"total_cost": 3671.0756779314847, "time_cost": 150, "final_distance_cost": 452.52022478835613, "oscillation_cost": 278.62983834163833, "completition_cost": 1000.0, "overshoot_cost": 1580.924447307622, "power_cost": 56.899002636718755, "noise_cost": 152.10216485714966, "n_waypoints_completed": 0, "tot_waypoints": 9}}
{"target": -1080.0258046609983, "params": {"k_pid_pos": [1.935332179069519, 1.0, 1.0], "k_pid_alt": [2.0, 1.0, 0.9787706136703491], "k_pid_att": [0.33121705055236816, 9.999999747378752e-05, 0.06971517205238342], "k_pid_yaw": [0.5, 1e-06, 0.1], "k_pid_hsp": [10.0, 0.06844398379325867, 0.0271642804145813], "k_pid_vsp": [396.2782287597656, 400.0, 385.9085693359375]}, "datetime": {"datetime": "2025-08-12 04:12:49", "elapsed": 42449.24560022354, "delta": 30.978943824768066}, "costs": {"total_cost": 1080.0258046609983, "time_cost": 150, "final_distance_cost": 57.34368837312527, "oscillation_cost": 69.20615600210644, "completition_cost": 666.6666666666667, "overshoot_cost": 74.16354045648643, "power_cost": 32.22705139160156, "noise_cost": 30.418701771012024, "n_waypoints_completed": 3, "tot_waypoints": 9}}
{"target": -1436.2554062467134, "params": {"k_pid_pos": [1.9518675804138184, 0.9630488753318787, 0.8738772869110107], "k_pid_alt": [1.9913235902786255, 0.9290037155151367, 1.0], "k_pid_att": [4.152229309082031, 0.10958459228277206, 0.03389456868171692], "k_pid_yaw": [0.5, 1e-06, 0.1], "k_pid_hsp": [9.772067070007324, 0.0, 0.03157299757003784], "k_pid_vsp": [400.0, 400.0, 400.0]}, "datetime": {"datetime": "2025-08-12 04:13:21", "elapsed": 42480.948399066925, "delta": 31.70279884338379}, "costs": {"total_cost": 1436.2554062467134, "time_cost": 150, "final_distance_cost": 86.86231896074476, "oscillation_cost": 404.07483593581327, "completition_cost": 666.6666666666667, "overshoot_cost": 68.90002462669932, "power_cost": 32.03681435546875, "noise_cost": 27.714745701320357, "n_waypoints_completed": 3, "tot_waypoints": 9}}
{"target": -1664.4612329801917, "params": {"k_pid_pos": [1.9910753965377808, 1.0, 0.9448779225349426], "k_pid_alt": [1.8963966369628906, 0.9374560117721558, 0.8755248188972473], "k_pid_att": [9.394037246704102, 0.8017988801002502, 0.0], "k_pid_yaw": [0.5, 1e-06, 0.1], "k_pid_hsp": [9.76046371459961, 0.0, 0.0], "k_pid_vsp": [400.0, 378.935546875, 368.876708984375]}, "datetime": {"datetime": "2025-08-12 04:13:53", "elapsed": 42512.83181095123, "delta": 31.88341188430786}, "costs": {"total_cost": 1664.4612329801917, "time_cost": 150, "final_distance_cost": 81.18492187628458, "oscillation_cost": 529.2963610727028, "completition_cost": 777.7777777777778, "overshoot_cost": 65.86874243529442, "power_cost": 31.75232556152344, "noise_cost": 28.581104256608278, "n_waypoints_completed": 2, "tot_waypoints": 9}}
{"target": -4620.600028638725, "params": {"k_pid_pos": [1.9800102710723877, 1.0, 1.0], "k_pid_alt": [1.9656857252120972, 1.0, 1.0], "k_pid_att": [0.0, 0.2939261794090271, 0.04873925447463989], "k_pid_yaw": [0.5, 1e-06, 0.1], "k_pid_hsp": [10.0, 0.01138848066329956, 0.050392866134643555], "k_pid_vsp": [374.07720947265625, 400.0, 358.04144287109375]}, "datetime": {"datetime": "2025-08-12 04:14:25", "elapsed": 42544.76145482063, "delta": 31.929643869400024}, "costs": {"total_cost": 4620.600028638725, "time_cost": 150, "final_distance_cost": 710.4436736190423, "oscillation_cost": 1159.6508491425986, "completition_cost": 1000.0, "overshoot_cost": 1372.4036136707775, "power_cost": 58.14644084472656, "noise_cost": 169.95545136158023, "n_waypoints_completed": 0, "tot_waypoints": 9}}
{"target": -8154.074798230361, "params": {"k_pid_pos": [1.9505890607833862, 0.9395869970321655, 0.9910298585891724], "k_pid_alt": [2.0, 1.0, 1.0], "k_pid_att": [0.0, 9.999999747378752e-05, 0.0], "k_pid_yaw": [0.5, 1e-06, 0.1], "k_pid_hsp": [10.0, 0.06997203826904297, 0.0], "k_pid_vsp": [397.875244140625, 386.2106018066406, 371.8299255371094]}, "datetime": {"datetime": "2025-08-12 04:14:56", "elapsed": 42575.93453979492, "delta": 31.17308497428894}, "costs": {"total_cost": 8154.074798230361, "time_cost": 150, "final_distance_cost": 1206.7415666232446, "oscillation_cost": 15.153251167150488, "completition_cost": 1000.0, "overshoot_cost": 5656.894246848965, "power_cost": 45.01014855957032, "noise_cost": 80.27558503143078, "n_waypoints_completed": 0, "tot_waypoints": 9}}
{"target": -8583.348304496605, "params": {"k_pid_pos": [2.0, 0.9733021259307861, 1.0], "k_pid_alt": [1.9156745672225952, 0.9891963005065918, 1.0], "k_pid_att": [0.0, 9.999999747378752e-05, 0.0], "k_pid_yaw": [0.5, 1e-06, 0.1], "k_pid_hsp": [9.922402381896973, 0.00796404480934143, 0.003942579030990601], "k_pid_vsp": [376.96539306640625, 377.6451721191406, 400.0]}, "datetime": {"datetime": "2025-08-12 04:15:27", "elapsed": 42606.92723274231, "delta": 30.992692947387695}, "costs": {"total_cost": 8583.348304496605, "time_cost": 150, "final_distance_cost": 619.6130474092326, "oscillation_cost": 14.466216696283704, "completition_cost": 1000.0, "overshoot_cost": 6653.47260048894, "power_cost": 43.9711482421875, "noise_cost": 101.82529165996162, "n_waypoints_completed": 0, "tot_waypoints": 9}}
{"target": -8132.974586006246, "params": {"k_pid_pos": [1.8368327617645264, 0.9846500158309937, 0.9710774421691895], "k_pid_alt": [1.8678905963897705, 0.9771824479103088, 0.9405227899551392], "k_pid_att": [0.0, 9.999999747378752e-05, 0.0], "k_pid_yaw": [0.5, 1e-06, 0.1], "k_pid_hsp": [10.0, 0.042636483907699585, 0.0], "k_pid_vsp": [391.5944519042969, 400.0, 400.0]}, "datetime": {"datetime": "2025-08-12 04:15:59", "elapsed": 42638.50176405907, "delta": 31.574531316757202}, "costs": {"total_cost": 8132.974586006246, "time_cost": 150, "final_distance_cost": 828.2510557767625, "oscillation_cost": 14.752620297961927, "completition_cost": 1000.0, "overshoot_cost": 6000.341218879571, "power_cost": 44.27459665527344, "noise_cost": 95.35509439667644, "n_waypoints_completed": 0, "tot_waypoints": 9}}
{"target": -5526.342044515253, "params": {"k_pid_pos": [2.0, 1.0, 0.9043773412704468], "k_pid_alt": [1.8741514682769775, 0.9619369506835938, 1.0], "k_pid_att": [0.0, 0.010202289558947086, 0.02020856738090515], "k_pid_yaw": [0.5, 1e-06, 0.1], "k_pid_hsp": [9.87148380279541, 0.0, 0.0], "k_pid_vsp": [376.20672607421875, 400.0, 400.0]}, "datetime": {"datetime": "2025-08-12 04:16:31", "elapsed": 42671.16239333153, "delta": 32.66062927246094}, "costs": {"total_cost": 5526.342044515253, "time_cost": 150, "final_distance_cost": 1189.5164314149756, "oscillation_cost": 184.72303134856955, "completition_cost": 1000.0, "overshoot_cost": 2797.589281491125, "power_cost": 56.0875978515625, "noise_cost": 148.42570240902072, "n_waypoints_completed": 0, "tot_waypoints": 9}}
{"target": -1276.300605817332, "params": {"k_pid_pos": [1.8852342367172241, 0.9910304546356201, 1.0], "k_pid_alt": [2.0, 1.0, 1.0], "k_pid_att": [1.3392835855484009, 0.1811744123697281, 0.0], "k_pid_yaw": [0.5, 1e-06, 0.1], "k_pid_hsp": [10.0, 0.0, 0.02689763903617859], "k_pid_vsp": [400.0, 391.6117858886719, 400.0]}, "datetime": {"datetime": "2025-08-12 04:17:03", "elapsed": 42703.10784101486, "delta": 31.94544768333435}, "costs": {"total_cost": 1276.300605817332, "time_cost": 150, "final_distance_cost": 52.90739496029861, "oscillation_cost": 273.7310854418966, "completition_cost": 666.6666666666667, "overshoot_cost": 72.2586355743037, "power_cost": 32.38515836181641, "noise_cost": 28.351664812349984, "n_waypoints_completed": 3, "tot_waypoints": 9}}
{"target": -4748.727108802713, "params": {"k_pid_pos": [2.0, 0.9995714426040649, 0.9279550313949585], "k_pid_alt": [1.973358392715454, 1.0, 1.0], "k_pid_att": [0.0, 9.999999747378752e-05, 0.0359954833984375], "k_pid_yaw": [0.5, 1e-06, 0.1], "k_pid_hsp": [10.0, 0.016986995935440063, 0.0], "k_pid_vsp": [342.7107238769531, 400.0, 382.9969482421875]}, "datetime": {"datetime": "2025-08-12 04:17:34", "elapsed": 42733.71612620354, "delta": 30.608285188674927}, "costs": {"total_cost": 4748.727108802713, "time_cost": 150, "final_distance_cost": 1073.0622504616176, "oscillation_cost": 5.092510834627072, "completition_cost": 1000.0, "overshoot_cost": 2403.697573641856, "power_cost": 30.431228271484375, "noise_cost": 86.44354559312688, "n_waypoints_completed": 0, "tot_waypoints": 9}}
