{"target": -1139.5346535044373, "params": {"k_pid_pos": [1.9995663166046143, 0.9636496305465698, 0.9482449293136597], "k_pid_alt": [1.9019906520843506, 0.922278881072998, 0.9817937612533569], "k_pid_att": [7.397284984588623, 0.7888379693031311, 0.0], "k_pid_yaw": [0.5, 1e-06, 0.1], "k_pid_hsp": [9.331901550292969, 0.019365012645721436, 0.04593333601951599], "k_pid_vsp": [400.0, 400.0, 397.49102783203125]}, "datetime": {"datetime": "2025-08-12 12:15:23", "elapsed": 71403.17285847664, "delta": 29.675026416778564}, "costs": {"total_cost": 1139.5346535044373, "time_cost": 150, "final_distance_cost": 63.44771157907569, "oscillation_cost": 472.218463329968, "completition_cost": 333.33333333333337, "overshoot_cost": 58.12742127064951, "power_cost": 32.54473905029297, "noise_cost": 29.862984941117656, "n_waypoints_completed": 6, "tot_waypoints": 9}}
{"target": -1631.6504253804467, "params": {"k_pid_pos": [1.9113109111785889, 0.9801048040390015, 1.0], "k_pid_alt": [1.93441641330719, 0.9992729425430298, 1.0], "k_pid_att": [3.289553642272949, 9.999999747378752e-05, 0.07662773132324219], "k_pid_yaw": [0.5, 1e-06, 0.1], "k_pid_hsp": [9.982986450195312, 0.0, 0.0], "k_pid_vsp": [384.059814453125, 400.0, 400.0]}, "datetime": {"datetime": "2025-08-12 12:15:51", "elapsed": 71430.95992565155, "delta": 27.7870671749115}, "costs": {"total_cost": 1631.6504253804467, "time_cost": 150, "final_distance_cost": 0.9979384193774631, "oscillation_cost": 188.68711806311288, "completition_cost": 1000.0, "overshoot_cost": 159.20417713166538, "power_cost": 29.385139624023438, "noise_cost": 103.37605214226765, "n_waypoints_completed": 0, "tot_waypoints": 9}}
{"target": -3032.21624502743, "params": {"k_pid_pos": [1.8246338367462158, 0.9768487215042114, 1.0], "k_pid_alt": [1.8198390007019043, 1.0, 0.9179713129997253], "k_pid_att": [0.0, 9.999999747378752e-05, 0.05843207240104675], "k_pid_yaw": [0.5, 1e-06, 0.1], "k_pid_hsp": [10.0, 0.0, 0.03195086121559143], "k_pid_vsp": [400.0, 400.0, 400.0]}, "datetime": {"datetime": "2025-08-12 12:16:21", "elapsed": 71461.18054437637, "delta": 30.220618724822998}, "costs": {"total_cost": 3032.21624502743, "time_cost": 150, "final_distance_cost": 732.4003312276051, "oscillation_cost": 4.118958860874547, "completition_cost": 1000.0, "overshoot_cost": 1000.5959000568776, "power_cost": 29.450893212890627, "noise_cost": 115.65016166918244, "n_waypoints_completed": 0, "tot_waypoints": 9}}
{"target": -8079.3202608506335, "params": {"k_pid_pos": [2.0, 0.8980690240859985, 1.0], "k_pid_alt": [1.9489452838897705, 1.0, 1.0], "k_pid_att": [0.0, 9.999999747378752e-05, 0.0], "k_pid_yaw": [0.5, 1e-06, 0.1], "k_pid_hsp": [9.134014129638672, 0.08884215354919434, 0.018328219652175903], "k_pid_vsp": [400.0, 390.5348815917969, 400.0]}, "datetime": {"datetime": "2025-08-12 12:16:51", "elapsed": 71491.15314126015, "delta": 29.972596883773804}, "costs": {"total_cost": 8079.3202608506335, "time_cost": 150, "final_distance_cost": 935.7606718089952, "oscillation_cost": 14.828286806937621, "completition_cost": 1000.0, "overshoot_cost": 5838.0835994668505, "power_cost": 44.87183807373047, "noise_cost": 95.77586469411979, "n_waypoints_completed": 0, "tot_waypoints": 9}}
{"target": -1795.0090672538308, "params": {"k_pid_pos": [1.9677780866622925, 1.0, 1.0], "k_pid_alt": [2.0, 0.9730320572853088, 0.9765903949737549], "k_pid_att": [4.490315914154053, 0.03731110692024231, 0.024798661470413208], "k_pid_yaw": [0.5, 1e-06, 0.1], "k_pid_hsp": [10.0, 0.0, 0.0], "k_pid_vsp": [400.0, 399.5147705078125, 400.0]}, "datetime": {"datetime": "2025-08-12 12:17:19", "elapsed": 71519.12664723396, "delta": 27.973505973815918}, "costs": {"total_cost": 1795.0090672538308, "time_cost": 150, "final_distance_cost": 23.98141986563059, "oscillation_cost": 454.7309006809998, "completition_cost": 1000.0, "overshoot_cost": 107.40434148320075, "power_cost": 31.40947174072266, "noise_cost": 27.482933483276746, "n_waypoints_completed": 0, "tot_waypoints": 9}}
{"target": -1811.1769138894883, "params": {"k_pid_pos": [2.0, 0.9847248792648315, 1.0], "k_pid_alt": [2.0, 1.0, 0.9713760614395142], "k_pid_att": [4.932239532470703, 0.25801652669906616, 0.01840585470199585], "k_pid_yaw": [0.5, 1e-06, 0.1], "k_pid_hsp": [10.0, 0.0, 0.0], "k_pid_vsp": [400.0, 363.65228271484375, 400.0]}, "datetime": {"datetime": "2025-08-12 12:17:51", "elapsed": 71550.99132657051, "delta": 31.86467933654785}, "costs": {"total_cost": 1811.1769138894883, "time_cost": 150, "final_distance_cost": 39.436153840933656, "oscillation_cost": 484.6960366301335, "completition_cost": 1000.0, "overshoot_cost": 79.06342793314228, "power_cost": 30.73485498046875, "noise_cost": 27.246440504810053, "n_waypoints_completed": 0, "tot_waypoints": 9}}
{"target": -4222.327726322337, "params": {"k_pid_pos": [2.0, 0.9611497521400452, 0.981311559677124], "k_pid_alt": [2.0, 1.0, 1.0], "k_pid_att": [0.0, 9.999999747378752e-05, 0.06433543562889099], "k_pid_yaw": [0.5, 1e-06, 0.1], "k_pid_hsp": [9.336565017700195, 0.002667069435119629, 0.016817063093185425], "k_pid_vsp": [400.0, 375.3895263671875, 395.0433349609375]}, "datetime": {"datetime": "2025-08-12 12:18:19", "elapsed": 71578.8887770176, "delta": 27.89745044708252}, "costs": {"total_cost": 4222.327726322337, "time_cost": 150, "final_distance_cost": 570.680344296393, "oscillation_cost": 4.082130751188103, "completition_cost": 1000.0, "overshoot_cost": 2368.2202451663006, "power_cost": 29.65404938964844, "noise_cost": 99.69095671880689, "n_waypoints_completed": 0, "tot_waypoints": 9}}
{"target": -8230.087314564034, "params": {"k_pid_pos": [1.8696742057800293, 1.0, 1.0], "k_pid_alt": [1.8923765420913696, 0.9217410087585449, 0.9643760323524475], "k_pid_att": [0.0, 9.999999747378752e-05, 0.0], "k_pid_yaw": [0.5, 1e-06, 0.1], "k_pid_hsp": [9.580968856811523, 0.013835340738296509, 0.0], "k_pid_vsp": [400.0, 400.0, 395.6031188964844]}, "datetime": {"datetime": "2025-08-12 12:18:49", "elapsed": 71609.0362906456, "delta": 30.14751362800598}, "costs": {"total_cost": 8230.087314564034, "time_cost": 150, "final_distance_cost": 1010.5464844029298, "oscillation_cost": 14.823681467428111, "completition_cost": 1000.0, "overshoot_cost": 5919.768019017718, "power_cost": 44.409303125, "noise_cost": 90.53982655095821, "n_waypoints_completed": 0, "tot_waypoints": 9}}
{"target": -5261.704625025876, "params": {"k_pid_pos": [2.0, 0.9560263752937317, 1.0], "k_pid_alt": [1.8607096672058105, 1.0, 1.0], "k_pid_att": [0.0, 0.8687407970428467, 0.04990047216415405], "k_pid_yaw": [0.5, 1e-06, 0.1], "k_pid_hsp": [9.283848762512207, 0.03752186894416809, 0.04571536183357239], "k_pid_vsp": [391.05523681640625, 370.14471435546875, 400.0]}, "datetime": {"datetime": "2025-08-12 12:19:20", "elapsed": 71639.74314427376, "delta": 30.70685362815857}, "costs": {"total_cost": 5261.704625025876, "time_cost": 150, "final_distance_cost": 572.8361432191257, "oscillation_cost": 2008.0999624876004, "completition_cost": 1000.0, "overshoot_cost": 1302.9919998060143, "power_cost": 55.93704110107422, "noise_cost": 171.83947841206202, "n_waypoints_completed": 0, "tot_waypoints": 9}}
{"target": -8225.133913295693, "params": {"k_pid_pos": [2.0, 0.9549949169158936, 0.9761432409286499], "k_pid_alt": [1.9220976829528809, 1.0, 1.0], "k_pid_att": [0.0, 9.999999747378752e-05, 0.0], "k_pid_yaw": [0.5, 1e-06, 0.1], "k_pid_hsp": [9.927831649780273, 0.0, 0.0], "k_pid_vsp": [399.1844787597656, 381.42047119140625, 400.0]}, "datetime": {"datetime": "2025-08-12 12:19:50", "elapsed": 71669.72863006592, "delta": 29.985485792160034}, "costs": {"total_cost": 8225.133913295693, "time_cost": 150, "final_distance_cost": 959.6797844473338, "oscillation_cost": 14.802579106188105, "completition_cost": 1000.0, "overshoot_cost": 5961.24873363349, "power_cost": 44.60251984863282, "noise_cost": 94.8002962600481, "n_waypoints_completed": 0, "tot_waypoints": 9}}
{"target": -6211.229784953334, "params": {"k_pid_pos": [2.0, 0.9726731777191162, 0.9728166460990906], "k_pid_alt": [1.9673964977264404, 1.0, 1.0], "k_pid_att": [0.0, 0.8208367228507996, 0.011724621057510376], "k_pid_yaw": [0.5, 1e-06, 0.1], "k_pid_hsp": [9.758999824523926, 0.0, 0.0], "k_pid_vsp": [400.0, 400.0, 391.7487487792969]}, "datetime": {"datetime": "2025-08-12 12:20:18", "elapsed": 71698.26597332954, "delta": 28.5373432636261}, "costs": {"total_cost": 6211.229784953334, "time_cost": 150, "final_distance_cost": 1451.3783475688138, "oscillation_cost": 2104.299247673177, "completition_cost": 1000.0, "overshoot_cost": 1273.3413357221586, "power_cost": 57.34967940673828, "noise_cost": 174.8611745824468, "n_waypoints_completed": 0, "tot_waypoints": 9}}
{"target": -1824.9878494032482, "params": {"k_pid_pos": [1.9055676460266113, 0.971062183380127, 0.9068449139595032], "k_pid_alt": [1.946134090423584, 0.9620627164840698, 0.9417370557785034], "k_pid_att": [3.173130750656128, 0.21929925680160522, 0.03326180577278137], "k_pid_yaw": [0.5, 1e-06, 0.1], "k_pid_hsp": [9.992981910705566, 0.010622859001159668, 0.0], "k_pid_vsp": [400.0, 400.0, 400.0]}, "datetime": {"datetime": "2025-08-12 12:20:48", "elapsed": 71727.69272708893, "delta": 29.426753759384155}, "costs": {"total_cost": 1824.9878494032482, "time_cost": 150, "final_distance_cost": 0.9998251647880644, "oscillation_cost": 384.9459105517153, "completition_cost": 1000.0, "overshoot_cost": 158.89718305893018, "power_cost": 29.34184796142578, "noise_cost": 100.8030826663887, "n_waypoints_completed": 0, "tot_waypoints": 9}}
{"target": -1528.7885690566366, "params": {"k_pid_pos": [2.0, 0.99582839012146, 1.0], "k_pid_alt": [1.8246642351150513, 1.0, 1.0], "k_pid_att": [2.598130702972412, 0.49626582860946655, 0.0], "k_pid_yaw": [0.5, 1e-06, 0.1], "k_pid_hsp": [9.034830093383789, 0.05363205075263977, 0.048646748065948486], "k_pid_vsp": [357.8682861328125, 400.0, 400.0]}, "datetime": {"datetime": "2025-08-12 12:21:18", "elapsed": 71757.73798966408, "delta": 30.045262575149536}, "costs": {"total_cost": 1528.7885690566366, "time_cost": 150, "final_distance_cost": 86.30642897652396, "oscillation_cost": 388.8430972156387, "completition_cost": 777.7777777777778, "overshoot_cost": 65.72858226759247, "power_cost": 32.741240051269536, "noise_cost": 27.39144276783388, "n_waypoints_completed": 2, "tot_waypoints": 9}}
{"target": -6461.375438249249, "params": {"k_pid_pos": [1.9689353704452515, 1.0, 1.0], "k_pid_alt": [1.8849800825119019, 1.0, 1.0], "k_pid_att": [0.0, 9.999999747378752e-05, 0.03947064280509949], "k_pid_yaw": [0.5, 1e-06, 0.1], "k_pid_hsp": [10.0, 0.042547017335891724, 0.03567713499069214], "k_pid_vsp": [397.4205017089844, 400.0, 364.8038330078125]}, "datetime": {"datetime": "2025-08-12 12:21:45", "elapsed": 71784.98110985756, "delta": 27.243120193481445}, "costs": {"total_cost": 6461.375438249249, "time_cost": 150, "final_distance_cost": 1000.7687051366073, "oscillation_cost": 5.584867622772706, "completition_cost": 1000.0, "overshoot_cost": 4217.632202085506, "power_cost": 31.39013271484375, "noise_cost": 55.999530689518544, "n_waypoints_completed": 0, "tot_waypoints": 9}}
{"target": -1113.698103069564, "params": {"k_pid_pos": [2.0, 1.0, 1.0], "k_pid_alt": [1.9612895250320435, 1.0, 0.9519059658050537], "k_pid_att": [6.667360782623291, 9.999999747378752e-05, 0.015224963426589966], "k_pid_yaw": [0.5, 1e-06, 0.1], "k_pid_hsp": [10.0, 0.0, 0.02089095115661621], "k_pid_vsp": [393.8604431152344, 382.8996276855469, 400.0]}, "datetime": {"datetime": "2025-08-12 12:22:16", "elapsed": 71815.66582036018, "delta": 30.68471050262451}, "costs": {"total_cost": 1113.698103069564, "time_cost": 150, "final_distance_cost": 58.83747267819335, "oscillation_cost": 442.9271059448106, "completition_cost": 333.33333333333337, "overshoot_cost": 66.44539104639139, "power_cost": 32.397646801757816, "noise_cost": 29.75715326507752, "n_waypoints_completed": 6, "tot_waypoints": 9}}
{"target": -29909.485042485092, "params": {"k_pid_pos": [1.7750942707061768, 0.9894698262214661, 1.0], "k_pid_alt": [2.0, 1.0, 1.0], "k_pid_att": [0.0, 1.0877290964126587, 0.0], "k_pid_yaw": [0.5, 1e-06, 0.1], "k_pid_hsp": [10.0, 0.028094977140426636, 0.0], "k_pid_vsp": [393.0972900390625, 368.3170166015625, 400.0]}, "datetime": {"datetime": "2025-08-12 12:22:44", "elapsed": 71843.91528391838, "delta": 28.24946355819702}, "costs": {"total_cost": 29909.485042485092, "time_cost": 150, "final_distance_cost": 8426.515936464702, "oscillation_cost": 2507.168587807703, "completition_cost": 1000.0, "overshoot_cost": 17593.715003910278, "power_cost": 57.30826022949219, "noise_cost": 174.77725407291638, "n_waypoints_completed": 0, "tot_waypoints": 9}}
{"target": -7049.638032118485, "params": {"k_pid_pos": [1.92037832736969, 0.9537698030471802, 0.9936388731002808], "k_pid_alt": [1.9463543891906738, 1.0, 1.0], "k_pid_att": [0.0, 9.999999747378752e-05, 0.012370288372039795], "k_pid_yaw": [0.5, 1e-06, 0.1], "k_pid_hsp": [9.501496315002441, 0.0, 0.0], "k_pid_vsp": [400.0, 388.2912292480469, 400.0]}, "datetime": {"datetime": "2025-08-12 12:23:15", "elapsed": 71874.5343465805, "delta": 30.619062662124634}, "costs": {"total_cost": 7049.638032118485, "time_cost": 150, "final_distance_cost": 1819.396141580785, "oscillation_cost": 8.64000433243886, "completition_cost": 1000.0, "overshoot_cost": 3956.783950122114, "power_cost": 37.504757421875, "noise_cost": 77.31317866127192, "n_waypoints_completed": 0, "tot_waypoints": 9}}
{"target": -3951.5103029874113, "params": {"k_pid_pos": [1.972549557685852, 1.0, 1.0], "k_pid_alt": [1.9178814888000488, 1.0, 0.9733818769454956], "k_pid_att": [0.0, 0.8980183005332947, 0.0], "k_pid_yaw": [0.5, 1e-06, 0.1], "k_pid_hsp": [10.0, 0.0, 0.046805500984191895], "k_pid_vsp": [400.0, 353.4289245605469, 386.59912109375]}, "datetime": {"datetime": "2025-08-12 12:23:45", "elapsed": 71904.89832162857, "delta": 30.363975048065186}, "costs": {"total_cost": 3951.5103029874113, "time_cost": 150, "final_distance_cost": 156.42713655209445, "oscillation_cost": 1940.305532022924, "completition_cost": 1000.0, "overshoot_cost": 472.37564886203364, "power_cost": 57.426667272949224, "noise_cost": 174.97531827740997, "n_waypoints_completed": 0, "tot_waypoints": 9}}
{"target": -5490.4831837477095, "params": {"k_pid_pos": [2.0, 0.9933243989944458, 0.9873111248016357], "k_pid_alt": [2.0, 0.9932294487953186, 0.9631519317626953], "k_pid_att": [0.0, 0.10448963940143585, 0.005901843309402466], "k_pid_yaw": [0.5, 1e-06, 0.1], "k_pid_hsp": [10.0, 0.02065950632095337, 0.025262892246246338], "k_pid_vsp": [388.4785461425781, 400.0, 394.1094970703125]}, "datetime": {"datetime": "2025-08-12 12:24:14", "elapsed": 71933.68621253967, "delta": 28.787890911102295}, "costs": {"total_cost": 5490.4831837477095, "time_cost": 150, "final_distance_cost": 969.0894928230017, "oscillation_cost": 704.8936447138249, "completition_cost": 1000.0, "overshoot_cost": 2443.5429794627066, "power_cost": 57.21616606445313, "noise_cost": 165.74090068372223, "n_waypoints_completed": 0, "tot_waypoints": 9}}
{"target": -1226.23441838509, "params": {"k_pid_pos": [2.0, 0.987808108329773, 0.9634531140327454], "k_pid_alt": [2.0, 1.0, 0.9465569257736206], "k_pid_att": [2.6228129863739014, 0.05057062208652496, 0.0], "k_pid_yaw": [0.5, 1e-06, 0.1], "k_pid_hsp": [9.908984184265137, 0.0, 0.007942229509353638], "k_pid_vsp": [399.3058776855469, 400.0, 390.45599365234375]}, "datetime": {"datetime": "2025-08-12 12:24:43", "elapsed": 71962.71844649315, "delta": 29.032233953475952}, "costs": {"total_cost": 1226.23441838509, "time_cost": 150, "final_distance_cost": 43.87458189922337, "oscillation_cost": 342.3008669197745, "completition_cost": 555.5555555555555, "overshoot_cost": 73.68658588429864, "power_cost": 32.387657165527344, "noise_cost": 28.42917096071062, "n_waypoints_completed": 4, "tot_waypoints": 9}}
{"target": -4023.119491990593, "params": {"k_pid_pos": [2.0, 0.9318249225616455, 0.973032534122467], "k_pid_alt": [1.9079313278198242, 0.9583318829536438, 1.0], "k_pid_att": [0.0, 0.12809671461582184, 0.0], "k_pid_yaw": [0.5, 1e-06, 0.1], "k_pid_hsp": [9.72378921508789, 0.1107872724533081, 0.0], "k_pid_vsp": [396.4952087402344, 396.7903747558594, 395.1185607910156]}, "datetime": {"datetime": "2025-08-12 12:25:15", "elapsed": 71994.47469878197, "delta": 31.75625228881836}, "costs": {"total_cost": 4023.119491990593, "time_cost": 150, "final_distance_cost": 399.1755644824616, "oscillation_cost": 861.9067501367421, "completition_cost": 1000.0, "overshoot_cost": 1387.6081988283945, "power_cost": 57.30693430175781, "noise_cost": 167.12204424123684, "n_waypoints_completed": 0, "tot_waypoints": 9}}
{"target": -1213.8080789933347, "params": {"k_pid_pos": [2.0, 0.9557003378868103, 1.0], "k_pid_alt": [1.974102258682251, 0.9730224609375, 0.9248365163803101], "k_pid_att": [5.512637138366699, 9.999999747378752e-05, 0.09248518943786621], "k_pid_yaw": [0.5, 1e-06, 0.1], "k_pid_hsp": [10.0, 0.0, 0.0], "k_pid_vsp": [400.0, 384.9605712890625, 400.0]}, "datetime": {"datetime": "2025-08-12 12:25:45", "elapsed": 72024.5519952774, "delta": 30.077296495437622}, "costs": {"total_cost": 1213.8080789933347, "time_cost": 150, "final_distance_cost": 57.688811385636, "oscillation_cost": 208.33913209746035, "completition_cost": 666.6666666666667, "overshoot_cost": 73.03724952447254, "power_cost": 30.428530810546878, "noise_cost": 27.647688508552257, "n_waypoints_completed": 3, "tot_waypoints": 9}}
{"target": -8141.796199944935, "params": {"k_pid_pos": [1.7714123725891113, 0.9532654285430908, 0.9323663711547852], "k_pid_alt": [2.0, 0.9655345678329468, 1.0], "k_pid_att": [0.0, 9.999999747378752e-05, 0.0], "k_pid_yaw": [0.5, 1e-06, 0.1], "k_pid_hsp": [9.857915878295898, 0.0, 0.0], "k_pid_vsp": [400.0, 391.96630859375, 400.0]}, "datetime": {"datetime": "2025-08-12 12:26:14", "elapsed": 72053.51857471466, "delta": 28.96657943725586}, "costs": {"total_cost": 8141.796199944935, "time_cost": 150, "final_distance_cost": 901.3222188884971, "oscillation_cost": 14.770400215739732, "completition_cost": 1000.0, "overshoot_cost": 5937.402050522687, "power_cost": 44.416477954101566, "noise_cost": 93.88505236391003, "n_waypoints_completed": 0, "tot_waypoints": 9}}
{"target": -1250.9312182838853, "params": {"k_pid_pos": [2.0, 0.9701055288314819, 0.8963602185249329], "k_pid_alt": [1.9529682397842407, 0.968396782875061, 1.0], "k_pid_att": [2.7758359909057617, 9.999999747378752e-05, 0.0], "k_pid_yaw": [0.5, 1e-06, 0.1], "k_pid_hsp": [10.0, 0.05149689316749573, 0.011753231287002563], "k_pid_vsp": [391.8505554199219, 400.0, 381.8298034667969]}, "datetime": {"datetime": "2025-08-12 12:26:43", "elapsed": 72083.20185375214, "delta": 29.683279037475586}, "costs": {"total_cost": 1250.9312182838853, "time_cost": 150, "final_distance_cost": 43.61744828952009, "oscillation_cost": 369.15138832568095, "completition_cost": 555.5555555555555, "overshoot_cost": 71.62987223326506, "power_cost": 33.23587204589844, "noise_cost": 27.74108183396502, "n_waypoints_completed": 4, "tot_waypoints": 9}}
{"target": -4316.32056424415, "params": {"k_pid_pos": [1.9901143312454224, 1.0, 0.9635103344917297], "k_pid_alt": [1.917722463607788, 0.9803810715675354, 0.9925557374954224], "k_pid_att": [0.0, 0.4807118773460388, 0.01925814151763916], "k_pid_yaw": [0.5, 1e-06, 0.1], "k_pid_hsp": [9.808246612548828, 0.021884679794311523, 0.0], "k_pid_vsp": [385.3088684082031, 396.1823425292969, 393.07684326171875]}, "datetime": {"datetime": "2025-08-12 12:27:13", "elapsed": 72112.87852621078, "delta": 29.67667245864868}, "costs": {"total_cost": 4316.32056424415, "time_cost": 150, "final_distance_cost": 405.2693597282158, "oscillation_cost": 1820.7371536962323, "completition_cost": 1000.0, "overshoot_cost": 708.6033602573543, "power_cost": 57.98771806640625, "noise_cost": 173.72297249594055, "n_waypoints_completed": 0, "tot_waypoints": 9}}
{"target": -1807.0149141973739, "params": {"k_pid_pos": [1.927964687347412, 1.0, 0.9802378416061401], "k_pid_alt": [1.9035301208496094, 1.0, 1.0], "k_pid_att": [0.1587897539138794, 0.5007293224334717, 0.08103403449058533], "k_pid_yaw": [0.5, 1e-06, 0.1], "k_pid_hsp": [10.0, 0.02031046152114868, 0.0], "k_pid_vsp": [378.1296691894531, 400.0, 384.47418212890625]}, "datetime": {"datetime": "2025-08-12 12:27:40", "elapsed": 72140.09604716301, "delta": 27.21752095222473}, "costs": {"total_cost": 1807.0149141973739, "time_cost": 150, "final_distance_cost": 27.68303172838879, "oscillation_cost": 244.17050525578225, "completition_cost": 1000.0, "overshoot_cost": 171.187282170083, "power_cost": 57.82134041748047, "noise_cost": 156.15275462563918, "n_waypoints_completed": 0, "tot_waypoints": 9}}
{"target": -4804.949617397684, "params": {"k_pid_pos": [1.9225071668624878, 0.9971967935562134, 1.0], "k_pid_alt": [2.0, 1.0, 1.0], "k_pid_att": [0.0, 0.0007806782377883792, 0.0], "k_pid_yaw": [0.5, 1e-06, 0.1], "k_pid_hsp": [10.0, 0.027045607566833496, 0.0], "k_pid_vsp": [400.0, 400.0, 381.779541015625]}, "datetime": {"datetime": "2025-08-12 12:28:11", "elapsed": 72170.43416428566, "delta": 30.338117122650146}, "costs": {"total_cost": 4804.949617397684, "time_cost": 150, "final_distance_cost": 277.5835402064135, "oscillation_cost": 38.560632495203315, "completition_cost": 1000.0, "overshoot_cost": 3172.837326180256, "power_cost": 51.36084505615235, "noise_cost": 114.60727345965888, "n_waypoints_completed": 0, "tot_waypoints": 9}}
