{"target": -9206.31069724142, "params": {"k_pid_pos": [2.0, 0.981924295425415, 0.9784033298492432], "k_pid_alt": [2.0, 1.0, 0.9836121797561646], "k_pid_att": [0.0, 9.999999747378752e-05, 0.0023943185806274414], "k_pid_yaw": [0.5, 1e-06, 0.1], "k_pid_hsp": [9.370412826538086, 0.0, 0.0], "k_pid_vsp": [394.3352355957031, 388.3205871582031, 400.0]}, "datetime": {"datetime": "2025-08-12 05:58:07", "elapsed": 48767.21710920334, "delta": 30.667824029922485}, "costs": {"total_cost": 9206.31069724142, "time_cost": 150, "final_distance_cost": 2071.382164562108, "oscillation_cost": 12.960738126695837, "completition_cost": 1000.0, "overshoot_cost": 5838.024289610117, "power_cost": 44.08741362304688, "noise_cost": 89.85609131945235, "n_waypoints_completed": 0, "tot_waypoints": 9}}
{"target": -992.5613721077304, "params": {"k_pid_pos": [1.9669378995895386, 0.9747096300125122, 1.0], "k_pid_alt": [1.9491480588912964, 0.9421254396438599, 1.0], "k_pid_att": [0.24712085723876953, 9.999999747378752e-05, 0.0], "k_pid_yaw": [0.5, 1e-06, 0.1], "k_pid_hsp": [9.675021171569824, 0.0, 0.10561960935592651], "k_pid_vsp": [400.0, 386.0652160644531, 400.0]}, "datetime": {"datetime": "2025-08-12 05:58:39", "elapsed": 48799.17648935318, "delta": 31.95938014984131}, "costs": {"total_cost": 992.5613721077304, "time_cost": 150, "final_distance_cost": 50.46942820360077, "oscillation_cost": 86.1154179081653, "completition_cost": 555.5555555555555, "overshoot_cost": 85.60835289729033, "power_cost": 34.35181628417969, "noise_cost": 30.460801258938744, "n_waypoints_completed": 4, "tot_waypoints": 9}}
{"target": -743.4306693062003, "params": {"k_pid_pos": [1.8592838048934937, 0.9669462442398071, 1.0], "k_pid_alt": [1.9124096632003784, 1.0, 0.9160656332969666], "k_pid_att": [0.546756386756897, 0.2146531194448471, 0.0], "k_pid_yaw": [0.5, 1e-06, 0.1], "k_pid_hsp": [10.0, 0.0026291310787200928, 0.0], "k_pid_vsp": [400.0, 400.0, 378.56005859375]}, "datetime": {"datetime": "2025-08-12 05:59:11", "elapsed": 48831.25545454025, "delta": 32.078965187072754}, "costs": {"total_cost": 743.4306693062003, "time_cost": 150, "final_distance_cost": 77.33262794712638, "oscillation_cost": 165.43423488451833, "completition_cost": 222.2222222222222, "overshoot_cost": 61.81882481284232, "power_cost": 36.347363867187504, "noise_cost": 30.27539557230366, "n_waypoints_completed": 7, "tot_waypoints": 9}}
{"target": -1111.3669978180778, "params": {"k_pid_pos": [2.0, 0.9854323863983154, 0.9880335927009583], "k_pid_alt": [2.0, 1.0, 0.9492037892341614], "k_pid_att": [10.523069381713867, 9.999999747378752e-05, 0.039462506771087646], "k_pid_yaw": [0.5, 1e-06, 0.1], "k_pid_hsp": [9.587360382080078, 0.0, 0.05714094638824463], "k_pid_vsp": [381.0829772949219, 400.0, 400.0]}, "datetime": {"datetime": "2025-08-12 05:59:45", "elapsed": 48864.70546269417, "delta": 33.450008153915405}, "costs": {"total_cost": 1111.3669978180778, "time_cost": 150, "final_distance_cost": 63.4611875953863, "oscillation_cost": 439.91908386870506, "completition_cost": 333.33333333333337, "overshoot_cost": 62.69545554313277, "power_cost": 32.119764477539064, "noise_cost": 29.838172999981307, "n_waypoints_completed": 6, "tot_waypoints": 9}}
{"target": -1495.1645596569892, "params": {"k_pid_pos": [2.0, 1.0, 0.9330695271492004], "k_pid_alt": [2.0, 1.0, 0.9430447816848755], "k_pid_att": [2.1420180797576904, 9.999999747378752e-05, 0.0], "k_pid_yaw": [0.5, 1e-06, 0.1], "k_pid_hsp": [9.398116111755371, 0.09583038091659546, 0.0], "k_pid_vsp": [400.0, 400.0, 400.0]}, "datetime": {"datetime": "2025-08-12 06:00:16", "elapsed": 48895.5201253891, "delta": 30.81466269493103}, "costs": {"total_cost": 1495.1645596569892, "time_cost": 150, "final_distance_cost": 81.62808879551223, "oscillation_cost": 352.28811084731046, "completition_cost": 777.7777777777778, "overshoot_cost": 74.5125013084679, "power_cost": 31.75847879638672, "noise_cost": 27.19960213153426, "n_waypoints_completed": 2, "tot_waypoints": 9}}
{"target": -1715.0523359359881, "params": {"k_pid_pos": [2.0, 0.9914394617080688, 1.0], "k_pid_alt": [2.0, 1.0, 0.9017927646636963], "k_pid_att": [2.931314706802368, 0.4917687177658081, 0.03444400429725647], "k_pid_yaw": [0.5, 1e-06, 0.1], "k_pid_hsp": [9.935157775878906, 0.0, 0.11228939890861511], "k_pid_vsp": [395.97265625, 400.0, 400.0]}, "datetime": {"datetime": "2025-08-12 06:00:46", "elapsed": 48926.20709133148, "delta": 30.686965942382812}, "costs": {"total_cost": 1715.0523359359881, "time_cost": 150, "final_distance_cost": 36.601806819665654, "oscillation_cost": 387.1689786633635, "completition_cost": 1000.0, "overshoot_cost": 83.47241074684786, "power_cost": 31.218235070800784, "noise_cost": 26.590904635310324, "n_waypoints_completed": 0, "tot_waypoints": 9}}
{"target": -1067.5798175132657, "params": {"k_pid_pos": [2.0, 0.9463061094284058, 0.9307500123977661], "k_pid_alt": [2.0, 1.0, 0.9279816746711731], "k_pid_att": [4.4371843338012695, 9.999999747378752e-05, 0.0], "k_pid_yaw": [0.5, 1e-06, 0.1], "k_pid_hsp": [10.0, 0.0, 0.07597371935844421], "k_pid_vsp": [400.0, 397.9940490722656, 379.1775817871094]}, "datetime": {"datetime": "2025-08-12 06:01:19", "elapsed": 48958.73460006714, "delta": 32.52750873565674}, "costs": {"total_cost": 1067.5798175132657, "time_cost": 150, "final_distance_cost": 64.11206478784469, "oscillation_cost": 397.7907782970287, "completition_cost": 333.33333333333337, "overshoot_cost": 58.96736488068166, "power_cost": 33.618056506347656, "noise_cost": 29.758219708029724, "n_waypoints_completed": 6, "tot_waypoints": 9}}
{"target": -4223.710524185934, "params": {"k_pid_pos": [2.0, 1.0, 0.8354034423828125], "k_pid_alt": [1.7959370613098145, 0.8967801928520203, 1.0], "k_pid_att": [0.0, 0.6519879698753357, 0.057818591594696045], "k_pid_yaw": [0.5, 1e-06, 0.1], "k_pid_hsp": [10.0, 0.029622018337249756, 0.0], "k_pid_vsp": [400.0, 393.96771240234375, 377.9031677246094]}, "datetime": {"datetime": "2025-08-12 06:01:51", "elapsed": 48991.054315805435, "delta": 32.31971573829651}, "costs": {"total_cost": 4223.710524185934, "time_cost": 150, "final_distance_cost": 222.94025684168855, "oscillation_cost": 1991.945149962466, "completition_cost": 1000.0, "overshoot_cost": 627.8847854439695, "power_cost": 57.740299414062505, "noise_cost": 173.20003252374806, "n_waypoints_completed": 0, "tot_waypoints": 9}}
{"target": -4959.909346472748, "params": {"k_pid_pos": [2.0, 1.0, 1.0], "k_pid_alt": [1.885213851928711, 0.9712651968002319, 1.0], "k_pid_att": [0.0, 9.999999747378752e-05, 0.037565410137176514], "k_pid_yaw": [0.5, 1e-06, 0.1], "k_pid_hsp": [10.0, 0.08674168586730957, 0.0], "k_pid_vsp": [400.0, 389.9754638671875, 399.34197998046875]}, "datetime": {"datetime": "2025-08-12 06:02:24", "elapsed": 49024.147111177444, "delta": 33.09279537200928}, "costs": {"total_cost": 4959.909346472748, "time_cost": 150, "final_distance_cost": 1014.9745705654535, "oscillation_cost": 4.977277430851214, "completition_cost": 1000.0, "overshoot_cost": 2672.165945276268, "power_cost": 30.531680700683594, "noise_cost": 87.25987249949162, "n_waypoints_completed": 0, "tot_waypoints": 9}}
{"target": -1466.1858490176257, "params": {"k_pid_pos": [1.9414490461349487, 0.9608005285263062, 0.9828640222549438], "k_pid_alt": [2.0, 0.9634274244308472, 1.0], "k_pid_att": [2.3287832736968994, 9.999999747378752e-05, 0.0789400041103363], "k_pid_yaw": [0.5, 1e-06, 0.1], "k_pid_hsp": [10.0, 0.0, 0.024601221084594727], "k_pid_vsp": [400.0, 400.0, 400.0]}, "datetime": {"datetime": "2025-08-12 06:02:57", "elapsed": 49056.79639554024, "delta": 32.64928436279297}, "costs": {"total_cost": 1466.1858490176257, "time_cost": 150, "final_distance_cost": 0.9985272622856295, "oscillation_cost": 30.259853733916323, "completition_cost": 1000.0, "overshoot_cost": 157.49760277646016, "power_cost": 29.356238940429687, "noise_cost": 98.07362630453387, "n_waypoints_completed": 0, "tot_waypoints": 9}}
{"target": -8256.676848043315, "params": {"k_pid_pos": [2.0, 0.9384994506835938, 1.0], "k_pid_alt": [2.0, 0.9512962102890015, 0.9648414850234985], "k_pid_att": [0.0, 0.45199552178382874, 0.0], "k_pid_yaw": [0.5, 1e-06, 0.1], "k_pid_hsp": [9.751683235168457, 0.07855382561683655, 0.0714690089225769], "k_pid_vsp": [400.0, 400.0, 400.0]}, "datetime": {"datetime": "2025-08-12 06:03:29", "elapsed": 49088.4255027771, "delta": 31.629107236862183}, "costs": {"total_cost": 8256.676848043315, "time_cost": 150, "final_distance_cost": 2264.3797035271123, "oscillation_cost": 1810.479628427214, "completition_cost": 1000.0, "overshoot_cost": 2799.5486941704867, "power_cost": 57.76275115966797, "noise_cost": 174.50607075883408, "n_waypoints_completed": 0, "tot_waypoints": 9}}
{"target": -1225.0270341233984, "params": {"k_pid_pos": [1.9974607229232788, 0.9941989183425903, 0.9589111804962158], "k_pid_alt": [1.9711331129074097, 1.0, 1.0], "k_pid_att": [2.386429786682129, 0.07071440666913986, 0.0], "k_pid_yaw": [0.5, 1e-06, 0.1], "k_pid_hsp": [10.0, 0.0, 0.0], "k_pid_vsp": [396.8985290527344, 400.0, 377.8027648925781]}, "datetime": {"datetime": "2025-08-12 06:04:00", "elapsed": 49120.11230421066, "delta": 31.686801433563232}, "costs": {"total_cost": 1225.0270341233984, "time_cost": 150, "final_distance_cost": 44.313172527512876, "oscillation_cost": 347.69107458925396, "completition_cost": 555.5555555555555, "overshoot_cost": 68.08807261462285, "power_cost": 32.26369451904297, "noise_cost": 27.115464317410133, "n_waypoints_completed": 4, "tot_waypoints": 9}}
{"target": -7468.3130467893325, "params": {"k_pid_pos": [2.0, 1.0, 1.0], "k_pid_alt": [2.0, 0.9796152114868164, 0.9918135404586792], "k_pid_att": [0.0, 9.999999747378752e-05, 0.012151062488555908], "k_pid_yaw": [0.5, 1e-06, 0.1], "k_pid_hsp": [10.0, 0.02755451202392578, 0.0], "k_pid_vsp": [400.0, 400.0, 399.85791015625]}, "datetime": {"datetime": "2025-08-12 06:04:33", "elapsed": 49152.97351908684, "delta": 32.86121487617493}, "costs": {"total_cost": 7468.3130467893325, "time_cost": 150, "final_distance_cost": 2000.3630107964595, "oscillation_cost": 9.069479707223552, "completition_cost": 1000.0, "overshoot_cost": 4210.391521871844, "power_cost": 38.48936480712891, "noise_cost": 59.99966960667574, "n_waypoints_completed": 0, "tot_waypoints": 9}}
{"target": -8201.880250754053, "params": {"k_pid_pos": [2.0, 1.0, 1.0], "k_pid_alt": [2.0, 0.9609490633010864, 1.0], "k_pid_att": [0.0, 9.999999747378752e-05, 0.0], "k_pid_yaw": [0.5, 1e-06, 0.1], "k_pid_hsp": [10.0, 0.07427710294723511, 0.01885312795639038], "k_pid_vsp": [372.07147216796875, 380.39239501953125, 380.5537109375]}, "datetime": {"datetime": "2025-08-12 06:05:04", "elapsed": 49184.27669453621, "delta": 31.303175449371338}, "costs": {"total_cost": 8201.880250754053, "time_cost": 150, "final_distance_cost": 820.322679764696, "oscillation_cost": 14.67553299909439, "completition_cost": 1000.0, "overshoot_cost": 6076.476022532368, "power_cost": 44.5373876953125, "noise_cost": 95.8686277625827, "n_waypoints_completed": 0, "tot_waypoints": 9}}
{"target": -1755.043730316465, "params": {"k_pid_pos": [1.9031819105148315, 1.0, 1.0], "k_pid_alt": [1.9631760120391846, 1.0, 0.9812832474708557], "k_pid_att": [6.792881965637207, 0.36527103185653687, 0.06760680675506592], "k_pid_yaw": [0.5, 1e-06, 0.1], "k_pid_hsp": [10.0, 0.027108997106552124, 0.0], "k_pid_vsp": [391.1874084472656, 400.0, 376.1745910644531]}, "datetime": {"datetime": "2025-08-12 06:05:35", "elapsed": 49215.316109895706, "delta": 31.03941535949707}, "costs": {"total_cost": 1755.043730316465, "time_cost": 150, "final_distance_cost": 7.6615660693188925, "oscillation_cost": 423.498565904289, "completition_cost": 1000.0, "overshoot_cost": 116.27525926036152, "power_cost": 30.420491064453127, "noise_cost": 27.187848018042562, "n_waypoints_completed": 0, "tot_waypoints": 9}}
{"target": -1759.3952872815946, "params": {"k_pid_pos": [1.9071999788284302, 0.9931946396827698, 1.0], "k_pid_alt": [1.9957717657089233, 1.0, 1.0], "k_pid_att": [3.595459461212158, 0.5467913150787354, 0.06382358074188232], "k_pid_yaw": [0.5, 1e-06, 0.1], "k_pid_hsp": [9.969691276550293, 0.0, 0.0364382266998291], "k_pid_vsp": [400.0, 400.0, 399.109130859375]}, "datetime": {"datetime": "2025-08-12 06:06:08", "elapsed": 49247.96391439438, "delta": 32.647804498672485}, "costs": {"total_cost": 1759.3952872815946, "time_cost": 150, "final_distance_cost": 0.9993552416795721, "oscillation_cost": 345.0279136317987, "completition_cost": 1000.0, "overshoot_cost": 154.25143223877865, "power_cost": 30.03508856201172, "noise_cost": 79.08149760732616, "n_waypoints_completed": 0, "tot_waypoints": 9}}
{"target": -1620.5591760694426, "params": {"k_pid_pos": [2.0, 0.9960596561431885, 0.9612261652946472], "k_pid_alt": [1.949610948562622, 1.0, 1.0], "k_pid_att": [2.5135011672973633, 9.999999747378752e-05, 0.0], "k_pid_yaw": [0.5, 1e-06, 0.1], "k_pid_hsp": [10.0, 0.011346131563186646, 0.0], "k_pid_vsp": [387.3817443847656, 400.0, 400.0]}, "datetime": {"datetime": "2025-08-12 06:06:39", "elapsed": 49279.0669798851, "delta": 31.103065490722656}, "costs": {"total_cost": 1620.5591760694426, "time_cost": 150, "final_distance_cost": 55.286633923294474, "oscillation_cost": 392.7916808336393, "completition_cost": 888.8888888888888, "overshoot_cost": 74.84576894773564, "power_cost": 31.58034189453125, "noise_cost": 27.16586158135308, "n_waypoints_completed": 1, "tot_waypoints": 9}}
{"target": -3461.095502361195, "params": {"k_pid_pos": [1.985454797744751, 1.0, 1.0], "k_pid_alt": [1.8261399269104004, 0.8837376236915588, 0.975717306137085], "k_pid_att": [0.0, 9.999999747378752e-05, 0.08234256505966187], "k_pid_yaw": [0.5, 1e-06, 0.1], "k_pid_hsp": [10.0, 0.0, 0.0], "k_pid_vsp": [400.0, 400.0, 384.3973083496094]}, "datetime": {"datetime": "2025-08-12 06:07:10", "elapsed": 49310.042251348495, "delta": 30.975271463394165}, "costs": {"total_cost": 3461.095502361195, "time_cost": 150, "final_distance_cost": 394.1101397853, "oscillation_cost": 3.125598940478139, "completition_cost": 1000.0, "overshoot_cost": 1778.865509444402, "power_cost": 29.556131701660156, "noise_cost": 105.43812248935504, "n_waypoints_completed": 0, "tot_waypoints": 9}}
{"target": -8135.4831691958825, "params": {"k_pid_pos": [1.8386521339416504, 0.9462360143661499, 0.9916374683380127], "k_pid_alt": [1.9380998611450195, 0.9914407730102539, 0.9867699146270752], "k_pid_att": [0.0, 9.999999747378752e-05, 0.0], "k_pid_yaw": [0.5, 1e-06, 0.1], "k_pid_hsp": [10.0, 0.003428906202316284, 0.0], "k_pid_vsp": [400.0, 399.7889404296875, 400.0]}, "datetime": {"datetime": "2025-08-12 06:07:42", "elapsed": 49342.13051724434, "delta": 32.088265895843506}, "costs": {"total_cost": 8135.4831691958825, "time_cost": 150, "final_distance_cost": 882.5216047537705, "oscillation_cost": 14.72179148214703, "completition_cost": 1000.0, "overshoot_cost": 5951.010237083787, "power_cost": 44.22972044677734, "noise_cost": 92.99981542940057, "n_waypoints_completed": 0, "tot_waypoints": 9}}
{"target": -1224.5038724307194, "params": {"k_pid_pos": [2.0, 0.9734346270561218, 1.0], "k_pid_alt": [2.0, 0.9574152231216431, 1.0], "k_pid_att": [7.2698235511779785, 9.999999747378752e-05, 0.02002084255218506], "k_pid_yaw": [0.5, 1e-06, 0.1], "k_pid_hsp": [9.855608940124512, 0.0, 0.028820037841796875], "k_pid_vsp": [382.0540466308594, 399.5250549316406, 400.0]}, "datetime": {"datetime": "2025-08-12 06:08:16", "elapsed": 49375.93202996254, "delta": 33.801512718200684}, "costs": {"total_cost": 1224.5038724307194, "time_cost": 150, "final_distance_cost": 53.4701210430518, "oscillation_cost": 448.7447924890359, "completition_cost": 444.4444444444444, "overshoot_cost": 66.3489787877459, "power_cost": 31.96774383544922, "noise_cost": 29.5277918309923, "n_waypoints_completed": 5, "tot_waypoints": 9}}
{"target": -8099.364263155724, "params": {"k_pid_pos": [1.868330955505371, 1.0, 1.0], "k_pid_alt": [1.9550533294677734, 1.0, 1.0], "k_pid_att": [0.0, 9.999999747378752e-05, 0.0], "k_pid_yaw": [0.5, 1e-06, 0.1], "k_pid_hsp": [9.736885070800781, 0.0, 0.04605334997177124], "k_pid_vsp": [400.0, 400.0, 400.0]}, "datetime": {"datetime": "2025-08-12 06:08:47", "elapsed": 49406.75932788849, "delta": 30.827297925949097}, "costs": {"total_cost": 8099.364263155724, "time_cost": 150, "final_distance_cost": 850.0920697298787, "oscillation_cost": 14.803314951527426, "completition_cost": 1000.0, "overshoot_cost": 5945.694840676268, "power_cost": 45.053141625976565, "noise_cost": 93.7208961720745, "n_waypoints_completed": 0, "tot_waypoints": 9}}
{"target": -1730.6699980218955, "params": {"k_pid_pos": [1.9199917316436768, 0.892141580581665, 1.0], "k_pid_alt": [2.0, 0.9458748698234558, 1.0], "k_pid_att": [0.23330450057983398, 0.4953223168849945, 0.01022610068321228], "k_pid_yaw": [0.5, 1e-06, 0.1], "k_pid_hsp": [9.866215705871582, 0.0, 0.0], "k_pid_vsp": [400.0, 400.0, 397.5751037597656]}, "datetime": {"datetime": "2025-08-12 06:09:18", "elapsed": 49437.90531229973, "delta": 31.145984411239624}, "costs": {"total_cost": 1730.6699980218955, "time_cost": 150, "final_distance_cost": 21.5004221768573, "oscillation_cost": 260.8292595829706, "completition_cost": 1000.0, "overshoot_cost": 153.54153921120565, "power_cost": 56.67621594238282, "noise_cost": 88.12256110847889, "n_waypoints_completed": 0, "tot_waypoints": 9}}
{"target": -3964.225496231117, "params": {"k_pid_pos": [2.0, 0.9491887092590332, 1.0], "k_pid_alt": [1.9946796894073486, 1.0, 1.0], "k_pid_att": [0.0, 0.1593015193939209, 0.0], "k_pid_yaw": [0.5, 1e-06, 0.1], "k_pid_hsp": [10.0, 0.0, 0.008011788129806519], "k_pid_vsp": [364.29498291015625, 387.07598876953125, 372.1157531738281]}, "datetime": {"datetime": "2025-08-12 06:09:49", "elapsed": 49469.30285906792, "delta": 31.397546768188477}, "costs": {"total_cost": 3964.225496231117, "time_cost": 150, "final_distance_cost": 454.03850163665805, "oscillation_cost": 829.6427257951981, "completition_cost": 1000.0, "overshoot_cost": 1306.4426741562918, "power_cost": 57.081853442382815, "noise_cost": 167.0197412005859, "n_waypoints_completed": 0, "tot_waypoints": 9}}
{"target": -1468.2170797632637, "params": {"k_pid_pos": [2.0, 1.0, 0.9428044557571411], "k_pid_alt": [2.0, 1.0, 1.0], "k_pid_att": [1.0376930236816406, 0.2586250901222229, 0.07029116153717041], "k_pid_yaw": [0.5, 1e-06, 0.1], "k_pid_hsp": [10.0, 0.0028443634510040283, 0.0], "k_pid_vsp": [400.0, 399.3076477050781, 395.75689697265625]}, "datetime": {"datetime": "2025-08-12 06:10:20", "elapsed": 49500.08237671852, "delta": 30.779517650604248}, "costs": {"total_cost": 1468.2170797632637, "time_cost": 150, "final_distance_cost": 0.9980875884889978, "oscillation_cost": 54.597460564331556, "completition_cost": 1000.0, "overshoot_cost": 148.70292859742767, "power_cost": 29.663887231445315, "noise_cost": 84.25471578156998, "n_waypoints_completed": 0, "tot_waypoints": 9}}
{"target": -1833.8498307469952, "params": {"k_pid_pos": [1.9371525049209595, 0.9156969785690308, 1.0], "k_pid_alt": [2.0, 0.9720780253410339, 0.9459865093231201], "k_pid_att": [5.990937232971191, 9.999999747378752e-05, 0.02027645707130432], "k_pid_yaw": [0.5, 1e-06, 0.1], "k_pid_hsp": [9.834078788757324, 0.0, 0.0], "k_pid_vsp": [372.92529296875, 400.0, 381.1756591796875]}, "datetime": {"datetime": "2025-08-12 06:10:51", "elapsed": 49530.87380838394, "delta": 30.791431665420532}, "costs": {"total_cost": 1833.8498307469952, "time_cost": 150, "final_distance_cost": 37.91970321169842, "oscillation_cost": 503.18572559769035, "completition_cost": 1000.0, "overshoot_cost": 83.60603402178671, "power_cost": 31.342463110351563, "noise_cost": 27.79590480546809, "n_waypoints_completed": 0, "tot_waypoints": 9}}
{"target": -5033.6946763440965, "params": {"k_pid_pos": [1.947496771812439, 1.0, 0.9875123500823975], "k_pid_alt": [1.8212257623672485, 0.8536971807479858, 1.0], "k_pid_att": [0.0, 0.7156728506088257, 0.03148609399795532], "k_pid_yaw": [0.5, 1e-06, 0.1], "k_pid_hsp": [10.0, 0.00015816092491149902, 0.0008234977722167969], "k_pid_vsp": [400.0, 400.0, 400.0]}, "datetime": {"datetime": "2025-08-12 06:11:23", "elapsed": 49562.81418442726, "delta": 31.940376043319702}, "costs": {"total_cost": 5033.6946763440965, "time_cost": 150, "final_distance_cost": 581.2857726319754, "oscillation_cost": 2073.056259218165, "completition_cost": 1000.0, "overshoot_cost": 998.7256847021048, "power_cost": 57.20311112060547, "noise_cost": 173.42384867124656, "n_waypoints_completed": 0, "tot_waypoints": 9}}
{"target": -8072.958655677439, "params": {"k_pid_pos": [2.0, 1.0, 1.0], "k_pid_alt": [2.0, 1.0, 1.0], "k_pid_att": [0.0, 9.999999747378752e-05, 0.0], "k_pid_yaw": [0.5, 1e-06, 0.1], "k_pid_hsp": [10.0, 0.0, 0.034041523933410645], "k_pid_vsp": [385.5036315917969, 359.15020751953125, 380.7485656738281]}, "datetime": {"datetime": "2025-08-12 06:11:54", "elapsed": 49593.96052527428, "delta": 31.14634084701538}, "costs": {"total_cost": 8072.958655677439, "time_cost": 150, "final_distance_cost": 934.748752542679, "oscillation_cost": 14.826223248458064, "completition_cost": 1000.0, "overshoot_cost": 5833.8863602550355, "power_cost": 44.91026560058594, "noise_cost": 94.5870540306804, "n_waypoints_completed": 0, "tot_waypoints": 9}}
{"target": -1205.1487672155515, "params": {"k_pid_pos": [1.9046211242675781, 1.0, 1.0], "k_pid_alt": [1.9220166206359863, 0.954377293586731, 0.9977738261222839], "k_pid_att": [4.514065265655518, 0.00845291092991829, 0.0034416615962982178], "k_pid_yaw": [0.5, 1e-06, 0.1], "k_pid_hsp": [10.0, 0.00423431396484375, 0.02640092372894287], "k_pid_vsp": [400.0, 400.0, 397.2568359375]}, "datetime": {"datetime": "2025-08-12 06:12:26", "elapsed": 49626.345875024796, "delta": 32.3853497505188}, "costs": {"total_cost": 1205.1487672155515, "time_cost": 150, "final_distance_cost": 58.46664046297457, "oscillation_cost": 422.8576853892091, "completition_cost": 444.4444444444444, "overshoot_cost": 69.15457259098758, "power_cost": 32.26912095947266, "noise_cost": 27.956303368463384, "n_waypoints_completed": 5, "tot_waypoints": 9}}
