{"target": -1133.1818296193155, "params": {"k_pid_pos": [1.9307218790054321, 1.0, 0.9835411906242371], "k_pid_alt": [2.0, 1.0, 1.0], "k_pid_att": [7.959592342376709, 0.3895871043205261, 0.0056378841400146484], "k_pid_yaw": [0.5, 1e-06, 0.1], "k_pid_hsp": [9.827422142028809, 0.0314640998840332, 0.035043179988861084], "k_pid_vsp": [389.9552917480469, 373.5113220214844, 400.0]}, "datetime": {"datetime": "2025-08-11 18:08:35", "elapsed": 6195.195871829987, "delta": 30.041306257247925}, "costs": {"total_cost": 1133.1818296193155, "time_cost": 150, "final_distance_cost": 64.24127515260678, "oscillation_cost": 453.8617378880035, "completition_cost": 333.33333333333337, "overshoot_cost": 68.53745595687943, "power_cost": 32.999167639160156, "noise_cost": 30.20885964933237, "n_waypoints_completed": 6, "tot_waypoints": 9}}
{"target": -5102.125711211124, "params": {"k_pid_pos": [1.8443694114685059, 1.0, 0.8843348622322083], "k_pid_alt": [1.9740896224975586, 0.9157664775848389, 0.9441653490066528], "k_pid_att": [0.0, 0.04286501184105873, 0.0], "k_pid_yaw": [0.5, 1e-06, 0.1], "k_pid_hsp": [10.0, 0.08667615056037903, 0.0], "k_pid_vsp": [397.3631896972656, 400.0, 390.88116455078125]}, "datetime": {"datetime": "2025-08-11 18:09:06", "elapsed": 6225.630555152893, "delta": 30.434683322906494}, "costs": {"total_cost": 5102.125711211124, "time_cost": 150, "final_distance_cost": 700.3437589112938, "oscillation_cost": 429.9041959168823, "completition_cost": 1000.0, "overshoot_cost": 2603.716833416921, "power_cost": 57.48764146728516, "noise_cost": 160.67328149874172, "n_waypoints_completed": 0, "tot_waypoints": 9}}
{"target": -5411.415841382432, "params": {"k_pid_pos": [1.998191475868225, 1.0, 1.0], "k_pid_alt": [1.8961244821548462, 0.9326388835906982, 0.9703629016876221], "k_pid_att": [0.0, 0.25381922721862793, 0.053844302892684937], "k_pid_yaw": [0.5, 1e-06, 0.1], "k_pid_hsp": [9.864717483520508, 0.0, 0.012930363416671753], "k_pid_vsp": [388.86627197265625, 400.0, 400.0]}, "datetime": {"datetime": "2025-08-11 18:09:36", "elapsed": 6255.602621555328, "delta": 29.972066402435303}, "costs": {"total_cost": 5411.415841382432, "time_cost": 150, "final_distance_cost": 836.2062919849334, "oscillation_cost": 1009.4813844735813, "completition_cost": 1000.0, "overshoot_cost": 2191.3960796776414, "power_cost": 56.838406176757815, "noise_cost": 167.49367906951693, "n_waypoints_completed": 0, "tot_waypoints": 9}}
{"target": -3457.6213602906137, "params": {"k_pid_pos": [1.9608874320983887, 0.9693388938903809, 0.9882701635360718], "k_pid_alt": [2.0, 1.0, 0.9968559741973877], "k_pid_att": [0.03629028797149658, 0.5850261449813843, 0.0], "k_pid_yaw": [0.5, 1e-06, 0.1], "k_pid_hsp": [8.743484497070312, 0.0016689598560333252, 0.0], "k_pid_vsp": [400.0, 385.3129577636719, 400.0]}, "datetime": {"datetime": "2025-08-11 18:10:06", "elapsed": 6285.730402708054, "delta": 30.12778115272522}, "costs": {"total_cost": 3457.6213602906137, "time_cost": 150, "final_distance_cost": 211.8150840595994, "oscillation_cost": 1274.0493494904338, "completition_cost": 1000.0, "overshoot_cost": 593.1291706828681, "power_cost": 56.75077418212891, "noise_cost": 171.8769818755834, "n_waypoints_completed": 0, "tot_waypoints": 9}}
{"target": -1514.917870019086, "params": {"k_pid_pos": [1.890881061553955, 0.9902260303497314, 1.0], "k_pid_alt": [2.0, 1.0, 0.9505406618118286], "k_pid_att": [1.7651796340942383, 9.999999747378752e-05, 0.06976807117462158], "k_pid_yaw": [0.5, 1e-06, 0.1], "k_pid_hsp": [10.0, 0.02109527587890625, 0.0], "k_pid_vsp": [400.0, 400.0, 400.0]}, "datetime": {"datetime": "2025-08-11 18:10:35", "elapsed": 6315.205065250397, "delta": 29.47466254234314}, "costs": {"total_cost": 1514.917870019086, "time_cost": 150, "final_distance_cost": 1.0000004152471225, "oscillation_cost": 75.58565599461251, "completition_cost": 1000.0, "overshoot_cost": 158.6891333569952, "power_cost": 29.357995703125003, "noise_cost": 100.28508454910622, "n_waypoints_completed": 0, "tot_waypoints": 9}}
{"target": -1854.539228131398, "params": {"k_pid_pos": [1.9323046207427979, 0.945888876914978, 0.95246821641922], "k_pid_alt": [1.994084358215332, 0.9582781195640564, 1.0], "k_pid_att": [7.005688667297363, 9.999999747378752e-05, 0.020384997129440308], "k_pid_yaw": [0.5, 1e-06, 0.1], "k_pid_hsp": [9.106762886047363, 0.0, 0.0], "k_pid_vsp": [400.0, 391.24176025390625, 392.52227783203125]}, "datetime": {"datetime": "2025-08-11 18:11:06", "elapsed": 6345.738649368286, "delta": 30.533584117889404}, "costs": {"total_cost": 1854.539228131398, "time_cost": 150, "final_distance_cost": 4.382483266812578, "oscillation_cost": 509.8517514476889, "completition_cost": 1000.0, "overshoot_cost": 130.9878652093155, "power_cost": 30.95641102294922, "noise_cost": 28.3607171846317, "n_waypoints_completed": 0, "tot_waypoints": 9}}
{"target": -5319.530237717331, "params": {"k_pid_pos": [2.0, 1.0, 1.0], "k_pid_alt": [2.0, 0.9525893926620483, 0.9015816450119019], "k_pid_att": [0.0, 0.4674144983291626, 0.02660122513771057], "k_pid_yaw": [0.5, 1e-06, 0.1], "k_pid_hsp": [10.0, 0.0, 0.0], "k_pid_vsp": [400.0, 366.6632995605469, 400.0]}, "datetime": {"datetime": "2025-08-11 18:11:36", "elapsed": 6375.886333227158, "delta": 30.14768385887146}, "costs": {"total_cost": 5319.530237717331, "time_cost": 150, "final_distance_cost": 975.7282772453244, "oscillation_cost": 1730.7424577538984, "completition_cost": 1000.0, "overshoot_cost": 1232.579359923742, "power_cost": 57.563878259277345, "noise_cost": 172.91626453508755, "n_waypoints_completed": 0, "tot_waypoints": 9}}
{"target": -4771.278484399704, "params": {"k_pid_pos": [2.0, 1.0, 0.9253174066543579], "k_pid_alt": [1.8870141506195068, 0.9903849363327026, 0.9789290428161621], "k_pid_att": [0.0, 0.7276714444160461, 0.0], "k_pid_yaw": [0.5, 1e-06, 0.1], "k_pid_hsp": [9.460686683654785, 0.0, 0.07759127020835876], "k_pid_vsp": [400.0, 400.0, 400.0]}, "datetime": {"datetime": "2025-08-11 18:12:07", "elapsed": 6406.6570956707, "delta": 30.77076244354248}, "costs": {"total_cost": 4771.278484399704, "time_cost": 150, "final_distance_cost": 364.8180097374229, "oscillation_cost": 1980.6003877506332, "completition_cost": 1000.0, "overshoot_cost": 1045.0982163661056, "power_cost": 57.002169885253906, "noise_cost": 173.75970066028836, "n_waypoints_completed": 0, "tot_waypoints": 9}}
{"target": -4419.967075644668, "params": {"k_pid_pos": [1.9870479106903076, 0.9223648309707642, 0.9428380727767944], "k_pid_alt": [2.0, 1.0, 0.9475106000900269], "k_pid_att": [0.0, 0.5609991550445557, 0.0715799331665039], "k_pid_yaw": [0.5, 1e-06, 0.1], "k_pid_hsp": [9.508091926574707, 0.0, 0.03720980882644653], "k_pid_vsp": [371.98394775390625, 400.0, 400.0]}, "datetime": {"datetime": "2025-08-11 18:12:38", "elapsed": 6437.909792661667, "delta": 31.252696990966797}, "costs": {"total_cost": 4419.967075644668, "time_cost": 150, "final_distance_cost": 380.41315123179555, "oscillation_cost": 1532.5832269159205, "completition_cost": 1000.0, "overshoot_cost": 1128.404546129831, "power_cost": 57.00367172851563, "noise_cost": 171.56247963860417, "n_waypoints_completed": 0, "tot_waypoints": 9}}
{"target": -1902.9261581365336, "params": {"k_pid_pos": [2.0, 0.9635557532310486, 0.9658614993095398], "k_pid_alt": [2.0, 1.0, 1.0], "k_pid_att": [8.884793281555176, 0.5388416051864624, 0.0], "k_pid_yaw": [0.5, 1e-06, 0.1], "k_pid_hsp": [9.739324569702148, 0.0, 0.0], "k_pid_vsp": [368.9046936035156, 394.8755798339844, 400.0]}, "datetime": {"datetime": "2025-08-11 18:13:09", "elapsed": 6469.1760313510895, "delta": 31.266238689422607}, "costs": {"total_cost": 1902.9261581365336, "time_cost": 150, "final_distance_cost": 35.21947848903205, "oscillation_cost": 569.3453863548543, "completition_cost": 1000.0, "overshoot_cost": 88.31668608188482, "power_cost": 31.75948465576172, "noise_cost": 28.285122555000477, "n_waypoints_completed": 0, "tot_waypoints": 9}}
{"target": -1123.0728811581348, "params": {"k_pid_pos": [1.9512789249420166, 1.0, 1.0], "k_pid_alt": [1.9287357330322266, 0.994154691696167, 1.0], "k_pid_att": [5.839112281799316, 0.5229383707046509, 0.0], "k_pid_yaw": [0.5, 1e-06, 0.1], "k_pid_hsp": [9.6212797164917, 0.0, 0.032369643449783325], "k_pid_vsp": [400.0, 400.0, 392.0732421875]}, "datetime": {"datetime": "2025-08-11 18:13:39", "elapsed": 6498.891612529755, "delta": 29.71558117866516}, "costs": {"total_cost": 1123.0728811581348, "time_cost": 150, "final_distance_cost": 67.15891467879626, "oscillation_cost": 441.43752108563245, "completition_cost": 333.33333333333337, "overshoot_cost": 66.87314649464085, "power_cost": 33.99337983398438, "noise_cost": 30.276585731747428, "n_waypoints_completed": 6, "tot_waypoints": 9}}
{"target": -1686.7183018830308, "params": {"k_pid_pos": [1.9139728546142578, 1.0, 0.9915981292724609], "k_pid_alt": [2.0, 1.0, 1.0], "k_pid_att": [1.8123388290405273, 0.2505877912044525, 0.0], "k_pid_yaw": [0.5, 1e-06, 0.1], "k_pid_hsp": [10.0, 0.0, 0.032501220703125], "k_pid_vsp": [360.5353698730469, 400.0, 395.6627502441406]}, "datetime": {"datetime": "2025-08-11 18:14:10", "elapsed": 6529.44557595253, "delta": 30.55396342277527}, "costs": {"total_cost": 1686.7183018830308, "time_cost": 150, "final_distance_cost": 34.42929428165985, "oscillation_cost": 355.53109100306995, "completition_cost": 1000.0, "overshoot_cost": 88.73558668567964, "power_cost": 31.335852087402344, "noise_cost": 26.686477825218777, "n_waypoints_completed": 0, "tot_waypoints": 9}}
{"target": -8251.339673100989, "params": {"k_pid_pos": [2.0, 1.0, 1.0], "k_pid_alt": [2.0, 0.9719979763031006, 0.94935142993927], "k_pid_att": [0.0, 9.999999747378752e-05, 0.0], "k_pid_yaw": [0.5, 1e-06, 0.1], "k_pid_hsp": [10.0, 0.0, 0.0], "k_pid_vsp": [392.0078125, 400.0, 400.0]}, "datetime": {"datetime": "2025-08-11 18:14:40", "elapsed": 6559.818623781204, "delta": 30.373047828674316}, "costs": {"total_cost": 8251.339673100989, "time_cost": 150, "final_distance_cost": 913.5101852868139, "oscillation_cost": 14.676269713915596, "completition_cost": 1000.0, "overshoot_cost": 6034.378271690556, "power_cost": 44.18744311523438, "noise_cost": 94.58750329446907, "n_waypoints_completed": 0, "tot_waypoints": 9}}
{"target": -8421.08526163766, "params": {"k_pid_pos": [2.0, 0.9994425773620605, 0.9644551277160645], "k_pid_alt": [1.708617925643921, 0.9748848080635071, 1.0], "k_pid_att": [0.0, 9.999999747378752e-05, 0.0], "k_pid_yaw": [0.5, 1e-06, 0.1], "k_pid_hsp": [10.0, 0.0, 0.004585862159729004], "k_pid_vsp": [383.72601318359375, 364.8509521484375, 400.0]}, "datetime": {"datetime": "2025-08-11 18:15:11", "elapsed": 6590.570569038391, "delta": 30.75194525718689}, "costs": {"total_cost": 8421.08526163766, "time_cost": 150, "final_distance_cost": 669.6912725647553, "oscillation_cost": 14.509421392179336, "completition_cost": 1000.0, "overshoot_cost": 6442.992540751978, "power_cost": 43.96965903320313, "noise_cost": 99.92236789554445, "n_waypoints_completed": 0, "tot_waypoints": 9}}
{"target": -1430.3369838511883, "params": {"k_pid_pos": [1.9403815269470215, 1.0, 0.9886047840118408], "k_pid_alt": [2.0, 1.0, 1.0], "k_pid_att": [4.270339012145996, 0.22426992654800415, 0.0], "k_pid_yaw": [0.5, 1e-06, 0.1], "k_pid_hsp": [10.0, 0.021834075450897217, 0.0], "k_pid_vsp": [389.3140869140625, 400.0, 400.0]}, "datetime": {"datetime": "2025-08-11 18:15:40", "elapsed": 6620.085278272629, "delta": 29.51470923423767}, "costs": {"total_cost": 1430.3369838511883, "time_cost": 150, "final_distance_cost": 52.079302073844325, "oscillation_cost": 428.6203063085933, "completition_cost": 666.6666666666667, "overshoot_cost": 71.63457821875494, "power_cost": 32.38884938964844, "noise_cost": 28.947281193680517, "n_waypoints_completed": 3, "tot_waypoints": 9}}
{"target": -1381.6752963244664, "params": {"k_pid_pos": [2.0, 1.0, 1.0], "k_pid_alt": [1.9705102443695068, 1.0, 1.0], "k_pid_att": [7.547327995300293, 9.999999747378752e-05, 0.0], "k_pid_yaw": [0.5, 1e-06, 0.1], "k_pid_hsp": [9.46651840209961, 0.04401114583015442, 0.0], "k_pid_vsp": [400.0, 392.9700927734375, 400.0]}, "datetime": {"datetime": "2025-08-11 18:16:11", "elapsed": 6650.629784822464, "delta": 30.544506549835205}, "costs": {"total_cost": 1381.6752963244664, "time_cost": 150, "final_distance_cost": 51.79502568446144, "oscillation_cost": 486.99018198888007, "completition_cost": 555.5555555555555, "overshoot_cost": 75.7823814864578, "power_cost": 31.963480712890625, "noise_cost": 29.588670896220787, "n_waypoints_completed": 4, "tot_waypoints": 9}}
{"target": -1220.3464860528277, "params": {"k_pid_pos": [2.0, 0.9528894424438477, 0.9482638835906982], "k_pid_alt": [1.999380350112915, 1.0, 0.9399059414863586], "k_pid_att": [1.9623219966888428, 0.19796070456504822, 0.0], "k_pid_yaw": [0.5, 1e-06, 0.1], "k_pid_hsp": [9.3334321975708, 0.0, 0.0], "k_pid_vsp": [400.0, 400.0, 400.0]}, "datetime": {"datetime": "2025-08-11 18:16:41", "elapsed": 6680.945867300034, "delta": 30.31608247756958}, "costs": {"total_cost": 1220.3464860528277, "time_cost": 150, "final_distance_cost": 48.758266797037834, "oscillation_cost": 330.2643805780515, "completition_cost": 555.5555555555555, "overshoot_cost": 76.3007885603664, "power_cost": 32.259108691406254, "noise_cost": 27.208385870410474, "n_waypoints_completed": 4, "tot_waypoints": 9}}
{"target": -1770.3549657100486, "params": {"k_pid_pos": [2.0, 1.0, 0.9371378421783447], "k_pid_alt": [2.0, 0.9583597183227539, 0.9970319867134094], "k_pid_att": [3.9623708724975586, 9.999999747378752e-05, 0.06666907668113708], "k_pid_yaw": [0.5, 1e-06, 0.1], "k_pid_hsp": [9.485847473144531, 0.08508855104446411, 0.0], "k_pid_vsp": [331.87860107421875, 395.4472351074219, 400.0]}, "datetime": {"datetime": "2025-08-11 18:17:11", "elapsed": 6711.231876134872, "delta": 30.286008834838867}, "costs": {"total_cost": 1770.3549657100486, "time_cost": 150, "final_distance_cost": 0.9976389722459351, "oscillation_cost": 318.2901872236013, "completition_cost": 1000.0, "overshoot_cost": 161.2427933097544, "power_cost": 29.545650146484377, "noise_cost": 110.27869605796272, "n_waypoints_completed": 0, "tot_waypoints": 9}}
{"target": -1266.1819862315851, "params": {"k_pid_pos": [2.0, 0.9195943474769592, 1.0], "k_pid_alt": [2.0, 1.0, 1.0], "k_pid_att": [9.369153022766113, 0.026574330404400826, 0.0], "k_pid_yaw": [0.5, 1e-06, 0.1], "k_pid_hsp": [10.0, 0.04796475172042847, 0.01052713394165039], "k_pid_vsp": [363.1089782714844, 385.52099609375, 383.5912170410156]}, "datetime": {"datetime": "2025-08-11 18:17:41", "elapsed": 6740.903961658478, "delta": 29.672085523605347}, "costs": {"total_cost": 1266.1819862315851, "time_cost": 150, "final_distance_cost": 52.88175680575317, "oscillation_cost": 490.9750526779008, "completition_cost": 444.4444444444444, "overshoot_cost": 65.26404420691314, "power_cost": 32.3957451538086, "noise_cost": 30.2209429427651, "n_waypoints_completed": 5, "tot_waypoints": 9}}
{"target": -8560.443714142037, "params": {"k_pid_pos": [2.0, 1.0, 1.0], "k_pid_alt": [2.0, 0.9385710954666138, 0.9548096656799316], "k_pid_att": [0.0, 9.999999747378752e-05, 0.012756109237670898], "k_pid_yaw": [0.5, 1e-06, 0.1], "k_pid_hsp": [10.0, 0.0, 0.0], "k_pid_vsp": [395.69158935546875, 400.0, 400.0]}, "datetime": {"datetime": "2025-08-11 18:18:11", "elapsed": 6771.004113435745, "delta": 30.100151777267456}, "costs": {"total_cost": 8560.443714142037, "time_cost": 150, "final_distance_cost": 2680.7166757840832, "oscillation_cost": 9.167585445417073, "completition_cost": 1000.0, "overshoot_cost": 4619.859437215153, "power_cost": 38.055658068847656, "noise_cost": 62.644357628534905, "n_waypoints_completed": 0, "tot_waypoints": 9}}
{"target": -6185.157361881616, "params": {"k_pid_pos": [1.9883555173873901, 1.0, 0.9920045137405396], "k_pid_alt": [2.0, 1.0, 1.0], "k_pid_att": [0.0, 0.5724571347236633, 0.0], "k_pid_yaw": [0.5, 1e-06, 0.1], "k_pid_hsp": [9.919844627380371, 0.0561770498752594, 0.0], "k_pid_vsp": [400.0, 400.0, 400.0]}, "datetime": {"datetime": "2025-08-11 18:18:41", "elapsed": 6800.853573799133, "delta": 29.84946036338806}, "costs": {"total_cost": 6185.157361881616, "time_cost": 150, "final_distance_cost": 1317.6151554954456, "oscillation_cost": 2008.8906641551414, "completition_cost": 1000.0, "overshoot_cost": 1479.335019785454, "power_cost": 56.7675322631836, "noise_cost": 172.54899018239132, "n_waypoints_completed": 0, "tot_waypoints": 9}}
{"target": -1765.1252810704352, "params": {"k_pid_pos": [1.8612842559814453, 0.8950275182723999, 0.9950674772262573], "k_pid_alt": [1.9883697032928467, 0.9702810049057007, 0.9529213905334473], "k_pid_att": [5.84469747543335, 9.999999747378752e-05, 0.04949396848678589], "k_pid_yaw": [0.5, 1e-06, 0.1], "k_pid_hsp": [10.0, 0.022878438234329224, 0.0], "k_pid_vsp": [400.0, 400.0, 366.0863952636719]}, "datetime": {"datetime": "2025-08-11 18:19:11", "elapsed": 6831.094172954559, "delta": 30.240599155426025}, "costs": {"total_cost": 1765.1252810704352, "time_cost": 150, "final_distance_cost": 24.907767608814783, "oscillation_cost": 431.92834599490743, "completition_cost": 1000.0, "overshoot_cost": 100.31770954809667, "power_cost": 30.541318078613283, "noise_cost": 27.430139840003, "n_waypoints_completed": 0, "tot_waypoints": 9}}
{"target": -1050.3679526938724, "params": {"k_pid_pos": [2.0, 0.9420479536056519, 1.0], "k_pid_alt": [1.9236607551574707, 0.9447135329246521, 1.0], "k_pid_att": [0.7076650857925415, 9.999999747378752e-05, 0.0936657190322876], "k_pid_yaw": [0.5, 1e-06, 0.1], "k_pid_hsp": [10.0, 0.0, 0.0], "k_pid_vsp": [400.0, 385.50830078125, 400.0]}, "datetime": {"datetime": "2025-08-11 18:19:41", "elapsed": 6860.582197666168, "delta": 29.488024711608887}, "costs": {"total_cost": 1050.3679526938724, "time_cost": 150, "final_distance_cost": 52.378759906266275, "oscillation_cost": 50.491460633211624, "completition_cost": 666.6666666666667, "overshoot_cost": 68.57524877094538, "power_cost": 31.843498278808596, "noise_cost": 30.41231843797371, "n_waypoints_completed": 3, "tot_waypoints": 9}}
{"target": -16004.519012562003, "params": {"k_pid_pos": [1.9534242153167725, 1.0, 0.9303884506225586], "k_pid_alt": [2.0, 1.0, 1.0], "k_pid_att": [0.0, 0.9060136079788208, 0.0], "k_pid_yaw": [0.5, 1e-06, 0.1], "k_pid_hsp": [10.0, 0.006102263927459717, 0.0], "k_pid_vsp": [400.0, 400.0, 389.6040954589844]}, "datetime": {"datetime": "2025-08-11 18:20:11", "elapsed": 6890.563492774963, "delta": 29.981295108795166}, "costs": {"total_cost": 16004.519012562003, "time_cost": 150, "final_distance_cost": 4890.428997426658, "oscillation_cost": 2300.063524897054, "completition_cost": 1000.0, "overshoot_cost": 7434.104384591853, "power_cost": 56.71657963867188, "noise_cost": 173.20552600776486, "n_waypoints_completed": 0, "tot_waypoints": 9}}
{"target": -1686.9722279427438, "params": {"k_pid_pos": [1.9281513690948486, 1.0, 0.9843442440032959], "k_pid_alt": [2.0, 0.9930880665779114, 0.9916259050369263], "k_pid_att": [1.9290119409561157, 9.999999747378752e-05, 0.0], "k_pid_yaw": [0.5, 1e-06, 0.1], "k_pid_hsp": [10.0, 0.05083712935447693, 0.0], "k_pid_vsp": [382.36492919921875, 400.0, 400.0]}, "datetime": {"datetime": "2025-08-11 18:20:40", "elapsed": 6919.502413988113, "delta": 28.938921213150024}, "costs": {"total_cost": 1686.9722279427438, "time_cost": 150, "final_distance_cost": 30.6332201283247, "oscillation_cost": 352.79548080257604, "completition_cost": 1000.0, "overshoot_cost": 95.6168360186568, "power_cost": 31.244906188964844, "noise_cost": 26.681784804221138, "n_waypoints_completed": 0, "tot_waypoints": 9}}
{"target": -8014.823531120279, "params": {"k_pid_pos": [2.0, 1.0, 0.9719247817993164], "k_pid_alt": [1.9562206268310547, 0.9706317186355591, 1.0], "k_pid_att": [0.0, 9.999999747378752e-05, 0.0], "k_pid_yaw": [0.5, 1e-06, 0.1], "k_pid_hsp": [9.389118194580078, 0.0357184112071991, 0.0], "k_pid_vsp": [400.0, 400.0, 400.0]}, "datetime": {"datetime": "2025-08-11 18:21:12", "elapsed": 6951.399333715439, "delta": 31.89691972732544}, "costs": {"total_cost": 8014.823531120279, "time_cost": 150, "final_distance_cost": 939.3224788715977, "oscillation_cost": 14.828795640466504, "completition_cost": 1000.0, "overshoot_cost": 5774.102098258946, "power_cost": 44.3502841796875, "noise_cost": 92.21987416958127, "n_waypoints_completed": 0, "tot_waypoints": 9}}
{"target": -8097.432498589392, "params": {"k_pid_pos": [1.8065804243087769, 1.0, 0.8933125138282776], "k_pid_alt": [1.8933794498443604, 0.9420865178108215, 0.8910897374153137], "k_pid_att": [0.0, 0.5980541110038757, 0.0], "k_pid_yaw": [0.5, 1e-06, 0.1], "k_pid_hsp": [10.0, 0.01323169469833374, 0.0], "k_pid_vsp": [400.0, 379.5518798828125, 366.0627136230469]}, "datetime": {"datetime": "2025-08-11 18:21:46", "elapsed": 6985.49636721611, "delta": 34.09703350067139}, "costs": {"total_cost": 8097.432498589392, "time_cost": 150, "final_distance_cost": 2316.050605511971, "oscillation_cost": 2112.6440651462826, "completition_cost": 1000.0, "overshoot_cost": 2285.726379679092, "power_cost": 57.87364832763672, "noise_cost": 175.13779992440965, "n_waypoints_completed": 0, "tot_waypoints": 9}}
{"target": -1151.415014863394, "params": {"k_pid_pos": [1.9197578430175781, 1.0, 1.0], "k_pid_alt": [1.9814621210098267, 0.9637649655342102, 1.0], "k_pid_att": [3.136190891265869, 0.9593207836151123, 0.0], "k_pid_yaw": [0.5, 1e-06, 0.1], "k_pid_hsp": [9.45743179321289, 0.0, 0.06872016191482544], "k_pid_vsp": [400.0, 388.48553466796875, 400.0]}, "datetime": {"datetime": "2025-08-11 18:22:16", "elapsed": 7016.106893539429, "delta": 30.61052632331848}, "costs": {"total_cost": 1151.415014863394, "time_cost": 150, "final_distance_cost": 54.76449231803556, "oscillation_cost": 374.0280014239831, "completition_cost": 444.4444444444444, "overshoot_cost": 65.33498794438566, "power_cost": 33.51418337402344, "noise_cost": 29.328905358522, "n_waypoints_completed": 5, "tot_waypoints": 9}}
