{"target": -6361.180566211346, "params": {"k_pid_pos": [2.0, 0.9330470561981201, 0.9649145007133484], "k_pid_alt": [1.9392220973968506, 0.9551286697387695, 0.9664918184280396], "k_pid_att": [0.0, 9.999999747378752e-05, 0.04408007860183716], "k_pid_yaw": [0.5, 1e-06, 0.1], "k_pid_hsp": [9.45252513885498, 0.0, 0.05766424536705017], "k_pid_vsp": [396.4963073730469, 400.0, 345.328369140625]}, "datetime": {"datetime": "2025-08-11 17:40:31", "elapsed": 4511.3510200977325, "delta": 29.24233055114746}, "costs": {"total_cost": 6361.180566211346, "time_cost": 150, "final_distance_cost": 971.402569840925, "oscillation_cost": 4.674722499183151, "completition_cost": 1000.0, "overshoot_cost": 4156.505081711752, "power_cost": 31.79880809326172, "noise_cost": 46.799384066223475, "n_waypoints_completed": 0, "tot_waypoints": 9}}
{"target": -1488.034934432246, "params": {"k_pid_pos": [2.0, 0.9850156307220459, 1.0], "k_pid_alt": [2.0, 1.0, 0.9930895566940308], "k_pid_att": [1.4070600271224976, 0.6114903092384338, 0.08709949254989624], "k_pid_yaw": [0.5, 1e-06, 0.1], "k_pid_hsp": [9.85623550415039, 0.0, 0.02735874056816101], "k_pid_vsp": [395.28265380859375, 386.791748046875, 400.0]}, "datetime": {"datetime": "2025-08-11 17:41:02", "elapsed": 4541.43844461441, "delta": 30.087424516677856}, "costs": {"total_cost": 1488.034934432246, "time_cost": 150, "final_distance_cost": 0.998687252915146, "oscillation_cost": 54.229817801488174, "completition_cost": 1000.0, "overshoot_cost": 156.5828564564179, "power_cost": 29.486236279296875, "noise_cost": 96.73733664212797, "n_waypoints_completed": 0, "tot_waypoints": 9}}
{"target": -4998.944590803806, "params": {"k_pid_pos": [1.9986897706985474, 0.9597732424736023, 0.9134871363639832], "k_pid_alt": [2.0, 0.9606292843818665, 0.9414017200469971], "k_pid_att": [0.0, 0.2382718175649643, 0.01810920238494873], "k_pid_yaw": [0.5, 1e-06, 0.1], "k_pid_hsp": [10.0, 0.023357748985290527, 0.0], "k_pid_vsp": [391.6867370605469, 400.0, 400.0]}, "datetime": {"datetime": "2025-08-11 17:41:32", "elapsed": 4571.464365243912, "delta": 30.025920629501343}, "costs": {"total_cost": 4998.944590803806, "time_cost": 150, "final_distance_cost": 333.86655334799303, "oscillation_cost": 1163.983573459429, "completition_cost": 1000.0, "overshoot_cost": 2125.0845222261933, "power_cost": 57.29617041015625, "noise_cost": 168.71377136003417, "n_waypoints_completed": 0, "tot_waypoints": 9}}
{"target": -1625.8225522174737, "params": {"k_pid_pos": [1.8781689405441284, 1.0, 1.0], "k_pid_alt": [2.0, 1.0, 1.0], "k_pid_att": [1.4235645532608032, 9.999999747378752e-05, 0.023060768842697144], "k_pid_yaw": [0.5, 1e-06, 0.1], "k_pid_hsp": [10.0, 0.0, 0.10717961192131042], "k_pid_vsp": [367.53759765625, 378.5926208496094, 377.7435302734375]}, "datetime": {"datetime": "2025-08-11 17:42:01", "elapsed": 4601.15873670578, "delta": 29.694371461868286}, "costs": {"total_cost": 1625.8225522174737, "time_cost": 150, "final_distance_cost": 16.294134967901968, "oscillation_cost": 287.89091655549015, "completition_cost": 1000.0, "overshoot_cost": 114.97959824385785, "power_cost": 30.71287946777344, "noise_cost": 25.94502298245009, "n_waypoints_completed": 0, "tot_waypoints": 9}}
{"target": -8097.407270391992, "params": {"k_pid_pos": [2.0, 1.0, 1.0], "k_pid_alt": [1.9827353954315186, 1.0, 1.0], "k_pid_att": [0.0, 9.999999747378752e-05, 0.0], "k_pid_yaw": [0.5, 1e-06, 0.1], "k_pid_hsp": [10.0, 0.0, 0.0], "k_pid_vsp": [400.0, 400.0, 398.08648681640625]}, "datetime": {"datetime": "2025-08-11 17:42:31", "elapsed": 4631.116412162781, "delta": 29.957675457000732}, "costs": {"total_cost": 8097.407270391992, "time_cost": 150, "final_distance_cost": 939.0069241597256, "oscillation_cost": 14.810606254397545, "completition_cost": 1000.0, "overshoot_cost": 5857.368732408216, "power_cost": 44.27131721191407, "noise_cost": 91.94969035773963, "n_waypoints_completed": 0, "tot_waypoints": 9}}
{"target": -8139.21259583746, "params": {"k_pid_pos": [1.9037742614746094, 1.0, 1.0], "k_pid_alt": [2.0, 0.9357643723487854, 0.9484149217605591], "k_pid_att": [0.0, 9.999999747378752e-05, 0.0], "k_pid_yaw": [0.5, 1e-06, 0.1], "k_pid_hsp": [9.955511093139648, 0.04432499408721924, 0.0], "k_pid_vsp": [400.0, 400.0, 400.0]}, "datetime": {"datetime": "2025-08-11 17:43:02", "elapsed": 4662.0864408016205, "delta": 30.97002863883972}, "costs": {"total_cost": 8139.21259583746, "time_cost": 150, "final_distance_cost": 961.9462465998729, "oscillation_cost": 14.760258473448324, "completition_cost": 1000.0, "overshoot_cost": 5875.3991397082555, "power_cost": 44.25677028808594, "noise_cost": 92.85018076779706, "n_waypoints_completed": 0, "tot_waypoints": 9}}
{"target": -4378.2934997242555, "params": {"k_pid_pos": [1.866217851638794, 1.0, 1.0], "k_pid_alt": [1.9721848964691162, 0.9067838191986084, 0.9912678003311157], "k_pid_att": [0.0, 0.11105621606111526, 0.018434256315231323], "k_pid_yaw": [0.5, 1e-06, 0.1], "k_pid_hsp": [10.0, 0.0, 0.0], "k_pid_vsp": [396.0371398925781, 382.26934814453125, 400.0]}, "datetime": {"datetime": "2025-08-11 17:43:33", "elapsed": 4692.49530673027, "delta": 30.408865928649902}, "costs": {"total_cost": 4378.2934997242555, "time_cost": 150, "final_distance_cost": 465.1946330258306, "oscillation_cost": 739.7702010209123, "completition_cost": 1000.0, "overshoot_cost": 1801.6687194282372, "power_cost": 57.09592818603516, "noise_cost": 164.5640180632412, "n_waypoints_completed": 0, "tot_waypoints": 9}}
{"target": -8058.424436287095, "params": {"k_pid_pos": [2.0, 0.8946040868759155, 1.0], "k_pid_alt": [1.888704538345337, 0.9974955916404724, 1.0], "k_pid_att": [0.0, 9.999999747378752e-05, 0.0], "k_pid_yaw": [0.5, 1e-06, 0.1], "k_pid_hsp": [9.433537483215332, 0.059979766607284546, 0.029002517461776733], "k_pid_vsp": [400.0, 389.6212158203125, 377.158935546875]}, "datetime": {"datetime": "2025-08-11 17:44:03", "elapsed": 4722.780731201172, "delta": 30.28542447090149}, "costs": {"total_cost": 8058.424436287095, "time_cost": 150, "final_distance_cost": 1197.212013327084, "oscillation_cost": 15.125817316411142, "completition_cost": 1000.0, "overshoot_cost": 5565.107167644051, "power_cost": 45.55187880859375, "noise_cost": 85.42755919095542, "n_waypoints_completed": 0, "tot_waypoints": 9}}
{"target": -8089.286830616887, "params": {"k_pid_pos": [2.0, 1.0, 1.0], "k_pid_alt": [1.873462438583374, 0.9319076538085938, 0.9851521253585815], "k_pid_att": [0.0, 9.999999747378752e-05, 0.0], "k_pid_yaw": [0.5, 1e-06, 0.1], "k_pid_hsp": [10.0, 0.07670992612838745, 0.038343846797943115], "k_pid_vsp": [400.0, 386.7982482910156, 391.42291259765625]}, "datetime": {"datetime": "2025-08-11 17:44:34", "elapsed": 4753.3720266819, "delta": 30.59129548072815}, "costs": {"total_cost": 8089.286830616887, "time_cost": 150, "final_distance_cost": 895.0607150894876, "oscillation_cost": 14.848565722727667, "completition_cost": 1000.0, "overshoot_cost": 5892.128823287252, "power_cost": 44.904796899414066, "noise_cost": 92.34392961800563, "n_waypoints_completed": 0, "tot_waypoints": 9}}
{"target": -1349.7926243155127, "params": {"k_pid_pos": [1.9863581657409668, 1.0, 0.951080322265625], "k_pid_alt": [1.9349772930145264, 1.0, 0.979213297367096], "k_pid_att": [4.798588275909424, 1.1895285844802856, 0.0], "k_pid_yaw": [0.5, 1e-06, 0.1], "k_pid_hsp": [10.0, 0.0, 0.0], "k_pid_vsp": [356.7414855957031, 400.0, 386.6260681152344]}, "datetime": {"datetime": "2025-08-11 17:45:03", "elapsed": 4783.348737001419, "delta": 29.976710319519043}, "costs": {"total_cost": 1349.7926243155127, "time_cost": 150, "final_distance_cost": 51.258349223236344, "oscillation_cost": 462.1696487130883, "completition_cost": 555.5555555555555, "overshoot_cost": 69.1159387795723, "power_cost": 32.40143797607422, "noise_cost": 29.291694067985922, "n_waypoints_completed": 4, "tot_waypoints": 9}}
{"target": -7931.061417088749, "params": {"k_pid_pos": [1.9687074422836304, 1.0, 1.0], "k_pid_alt": [2.0, 0.9193902611732483, 1.0], "k_pid_att": [0.0, 0.6419068574905396, 0.0], "k_pid_yaw": [0.5, 1e-06, 0.1], "k_pid_hsp": [10.0, 0.0, 0.0], "k_pid_vsp": [397.1825256347656, 388.48394775390625, 400.0]}, "datetime": {"datetime": "2025-08-11 17:45:34", "elapsed": 4813.409055233002, "delta": 30.06031823158264}, "costs": {"total_cost": 7931.061417088749, "time_cost": 150, "final_distance_cost": 2234.339466055828, "oscillation_cost": 2187.0111461694505, "completition_cost": 1000.0, "overshoot_cost": 2128.8916468383845, "power_cost": 56.89727095947266, "noise_cost": 173.921887065613, "n_waypoints_completed": 0, "tot_waypoints": 9}}
{"target": -1201.3926156808109, "params": {"k_pid_pos": [1.9167662858963013, 1.0, 1.0], "k_pid_alt": [1.8954514265060425, 0.9443590044975281, 1.0], "k_pid_att": [5.413040637969971, 9.999999747378752e-05, 0.009515941143035889], "k_pid_yaw": [0.5, 1e-06, 0.1], "k_pid_hsp": [10.0, 0.0, 0.05517834424972534], "k_pid_vsp": [392.5162353515625, 376.9798278808594, 400.0]}, "datetime": {"datetime": "2025-08-11 17:46:04", "elapsed": 4843.543662786484, "delta": 30.134607553482056}, "costs": {"total_cost": 1201.3926156808109, "time_cost": 150, "final_distance_cost": 56.401406580564085, "oscillation_cost": 421.14556723563527, "completition_cost": 444.4444444444444, "overshoot_cost": 66.81490004790692, "power_cost": 32.86591514892578, "noise_cost": 29.720382223334475, "n_waypoints_completed": 5, "tot_waypoints": 9}}
{"target": -7978.563690314476, "params": {"k_pid_pos": [1.8510161638259888, 1.0, 1.0], "k_pid_alt": [1.936659336090088, 0.9716593027114868, 0.9970595836639404], "k_pid_att": [0.0, 9.999999747378752e-05, 0.0], "k_pid_yaw": [0.5, 1e-06, 0.1], "k_pid_hsp": [9.924602508544922, 0.14022380113601685, 0.0], "k_pid_vsp": [400.0, 389.5494079589844, 359.0412292480469]}, "datetime": {"datetime": "2025-08-11 17:46:34", "elapsed": 4873.929659605026, "delta": 30.38599681854248}, "costs": {"total_cost": 7978.563690314476, "time_cost": 150, "final_distance_cost": 1254.091095103344, "oscillation_cost": 15.38433005469725, "completition_cost": 1000.0, "overshoot_cost": 5435.339956164139, "power_cost": 45.296901574707036, "noise_cost": 78.45140741758861, "n_waypoints_completed": 0, "tot_waypoints": 9}}
{"target": -1184.6686501607012, "params": {"k_pid_pos": [1.8193659782409668, 1.0, 0.9522636532783508], "k_pid_alt": [2.0, 1.0, 1.0], "k_pid_att": [1.5915900468826294, 0.14877186715602875, 0.0], "k_pid_yaw": [0.5, 1e-06, 0.1], "k_pid_hsp": [8.87398624420166, 0.0, 0.0], "k_pid_vsp": [400.0, 392.39349365234375, 380.51580810546875]}, "datetime": {"datetime": "2025-08-11 17:47:04", "elapsed": 4904.280488729477, "delta": 30.350829124450684}, "costs": {"total_cost": 1184.6686501607012, "time_cost": 150, "final_distance_cost": 47.07641781407605, "oscillation_cost": 295.04782183821527, "completition_cost": 555.5555555555555, "overshoot_cost": 77.37256649537565, "power_cost": 32.34254649658203, "noise_cost": 27.273741960896764, "n_waypoints_completed": 4, "tot_waypoints": 9}}
{"target": -1588.239495160329, "params": {"k_pid_pos": [2.0, 0.9193903207778931, 0.9229588508605957], "k_pid_alt": [2.0, 0.9411946535110474, 1.0], "k_pid_att": [5.765128135681152, 9.999999747378752e-05, 0.0420154333114624], "k_pid_yaw": [0.5, 1e-06, 0.1], "k_pid_hsp": [10.0, 0.0, 0.017718613147735596], "k_pid_vsp": [392.2680358886719, 389.80224609375, 400.0]}, "datetime": {"datetime": "2025-08-11 17:47:35", "elapsed": 4934.762183666229, "delta": 30.48169493675232}, "costs": {"total_cost": 1588.239495160329, "time_cost": 150, "final_distance_cost": 86.8445653394828, "oscillation_cost": 447.1477740494696, "completition_cost": 777.7777777777778, "overshoot_cost": 68.16340069487464, "power_cost": 30.822680688476563, "noise_cost": 27.483296610247592, "n_waypoints_completed": 2, "tot_waypoints": 9}}
{"target": -4072.6758833452323, "params": {"k_pid_pos": [2.0, 0.9518486261367798, 0.9408748745918274], "k_pid_alt": [2.0, 1.0, 1.0], "k_pid_att": [0.0, 0.7742072939872742, 0.0], "k_pid_yaw": [0.5, 1e-06, 0.1], "k_pid_hsp": [9.57954216003418, 0.038199812173843384, 0.04544427990913391], "k_pid_vsp": [392.0399169921875, 393.21551513671875, 400.0]}, "datetime": {"datetime": "2025-08-11 17:48:06", "elapsed": 4965.50257730484, "delta": 30.74039363861084}, "costs": {"total_cost": 4072.6758833452323, "time_cost": 150, "final_distance_cost": 158.1952300629889, "oscillation_cost": 2040.5242303919454, "completition_cost": 1000.0, "overshoot_cost": 492.45335935752047, "power_cost": 57.12868048095704, "noise_cost": 174.37438305182042, "n_waypoints_completed": 0, "tot_waypoints": 9}}
{"target": -8159.3396871078185, "params": {"k_pid_pos": [1.8936203718185425, 1.0, 1.0], "k_pid_alt": [2.0, 0.9538751840591431, 1.0], "k_pid_att": [0.0, 9.999999747378752e-05, 0.005111753940582275], "k_pid_yaw": [0.5, 1e-06, 0.1], "k_pid_hsp": [10.0, 0.06132322549819946, 0.0], "k_pid_vsp": [396.2416076660156, 400.0, 388.4637145996094]}, "datetime": {"datetime": "2025-08-11 17:48:36", "elapsed": 4995.679027080536, "delta": 30.1764497756958}, "costs": {"total_cost": 8159.3396871078185, "time_cost": 150, "final_distance_cost": 1897.6095335794757, "oscillation_cost": 11.472978789594283, "completition_cost": 1000.0, "overshoot_cost": 4981.574117000589, "power_cost": 41.826945812988285, "noise_cost": 76.85611192517146, "n_waypoints_completed": 0, "tot_waypoints": 9}}
{"target": -8084.495343076232, "params": {"k_pid_pos": [2.0, 0.8892627954483032, 0.979888916015625], "k_pid_alt": [1.8736737966537476, 0.9544840455055237, 1.0], "k_pid_att": [0.0, 9.999999747378752e-05, 0.0], "k_pid_yaw": [0.5, 1e-06, 0.1], "k_pid_hsp": [9.938109397888184, 0.03364288806915283, 0.0], "k_pid_vsp": [383.1476135253906, 400.0, 400.0]}, "datetime": {"datetime": "2025-08-11 17:49:06", "elapsed": 5026.262697696686, "delta": 30.583670616149902}, "costs": {"total_cost": 8084.495343076232, "time_cost": 150, "final_distance_cost": 806.652052110826, "oscillation_cost": 14.650663470243218, "completition_cost": 1000.0, "overshoot_cost": 5973.195623761613, "power_cost": 43.91875146484375, "noise_cost": 96.07825226870472, "n_waypoints_completed": 0, "tot_waypoints": 9}}
{"target": -8211.261210044082, "params": {"k_pid_pos": [1.8701655864715576, 1.0, 0.9632561802864075], "k_pid_alt": [1.759065866470337, 0.9603893160820007, 1.0], "k_pid_att": [0.0, 9.999999747378752e-05, 0.004733532667160034], "k_pid_yaw": [0.5, 1e-06, 0.1], "k_pid_hsp": [9.418416976928711, 0.08174732327461243, 0.0], "k_pid_vsp": [378.5943908691406, 400.0, 400.0]}, "datetime": {"datetime": "2025-08-11 17:49:36", "elapsed": 5056.069651842117, "delta": 29.80695414543152}, "costs": {"total_cost": 8211.261210044082, "time_cost": 150, "final_distance_cost": 1901.6873160415114, "oscillation_cost": 11.48517461728, "completition_cost": 1000.0, "overshoot_cost": 5023.1452348302755, "power_cost": 41.591000207519535, "noise_cost": 83.352484347495, "n_waypoints_completed": 0, "tot_waypoints": 9}}
{"target": -1272.3577552472632, "params": {"k_pid_pos": [1.8952786922454834, 1.0, 0.9606265425682068], "k_pid_alt": [1.9064065217971802, 1.0, 1.0], "k_pid_att": [3.546196222305298, 9.999999747378752e-05, 0.010317623615264893], "k_pid_yaw": [0.5, 1e-06, 0.1], "k_pid_hsp": [10.0, 0.0, 0.0], "k_pid_vsp": [400.0, 400.0, 383.3463439941406]}, "datetime": {"datetime": "2025-08-11 17:50:06", "elapsed": 5086.318964004517, "delta": 30.249312162399292}, "costs": {"total_cost": 1272.3577552472632, "time_cost": 150, "final_distance_cost": 45.02582729472031, "oscillation_cost": 389.99110027868545, "completition_cost": 555.5555555555555, "overshoot_cost": 72.05435660041537, "power_cost": 32.08405786132813, "noise_cost": 27.64685765655851, "n_waypoints_completed": 4, "tot_waypoints": 9}}
{"target": -1707.6983261945586, "params": {"k_pid_pos": [1.9517884254455566, 0.9767332077026367, 1.0], "k_pid_alt": [1.9376647472381592, 0.9512572884559631, 1.0], "k_pid_att": [2.1447062492370605, 9.999999747378752e-05, 0.00493389368057251], "k_pid_yaw": [0.5, 1e-06, 0.1], "k_pid_hsp": [8.600359916687012, 0.0, 0.09414470195770264], "k_pid_vsp": [349.96441650390625, 389.11309814453125, 394.252685546875]}, "datetime": {"datetime": "2025-08-11 17:50:36", "elapsed": 5116.299852609634, "delta": 29.980888605117798}, "costs": {"total_cost": 1707.6983261945586, "time_cost": 150, "final_distance_cost": 20.08707907596044, "oscillation_cost": 369.10822751167154, "completition_cost": 1000.0, "overshoot_cost": 110.62052411514875, "power_cost": 31.322135009765628, "noise_cost": 26.56036048201234, "n_waypoints_completed": 0, "tot_waypoints": 9}}
{"target": -1270.0671922251486, "params": {"k_pid_pos": [1.9866294860839844, 1.0, 1.0], "k_pid_alt": [1.7660410404205322, 0.9867825508117676, 0.9868664741516113], "k_pid_att": [3.3742308616638184, 0.2105499804019928, 0.0], "k_pid_yaw": [0.5, 1e-06, 0.1], "k_pid_hsp": [10.0, 0.0, 0.04302331805229187], "k_pid_vsp": [400.0, 400.0, 400.0]}, "datetime": {"datetime": "2025-08-11 17:51:07", "elapsed": 5146.889550447464, "delta": 30.58969783782959}, "costs": {"total_cost": 1270.0671922251486, "time_cost": 150, "final_distance_cost": 43.39943663237768, "oscillation_cost": 389.40182020265286, "completition_cost": 555.5555555555555, "overshoot_cost": 69.90881511152655, "power_cost": 32.69031896972656, "noise_cost": 29.111245753309284, "n_waypoints_completed": 4, "tot_waypoints": 9}}
{"target": -4654.828975885072, "params": {"k_pid_pos": [1.937711238861084, 0.9319659471511841, 1.0], "k_pid_alt": [1.9121220111846924, 1.0, 0.9897215366363525], "k_pid_att": [0.07181167602539062, 0.7888290286064148, 0.0], "k_pid_yaw": [0.5, 1e-06, 0.1], "k_pid_hsp": [9.656879425048828, 0.0, 0.020543187856674194], "k_pid_vsp": [392.6873779296875, 400.0, 400.0]}, "datetime": {"datetime": "2025-08-11 17:51:37", "elapsed": 5177.046795368195, "delta": 30.15724492073059}, "costs": {"total_cost": 4654.828975885072, "time_cost": 150, "final_distance_cost": 519.1019236711975, "oscillation_cost": 1323.8269550747882, "completition_cost": 1000.0, "overshoot_cost": 1433.625102048634, "power_cost": 56.922133007812505, "noise_cost": 171.3528620826401, "n_waypoints_completed": 0, "tot_waypoints": 9}}
{"target": -3413.3724133451256, "params": {"k_pid_pos": [1.9925113916397095, 1.0, 0.8961130976676941], "k_pid_alt": [1.9546809196472168, 0.9471282958984375, 1.0], "k_pid_att": [0.0, 0.07261071354150772, 0.023265808820724487], "k_pid_yaw": [0.5, 1e-06, 0.1], "k_pid_hsp": [10.0, 0.0, 0.0], "k_pid_vsp": [400.0, 400.0, 400.0]}, "datetime": {"datetime": "2025-08-11 17:52:07", "elapsed": 5206.962493658066, "delta": 29.915698289871216}, "costs": {"total_cost": 3413.3724133451256, "time_cost": 150, "final_distance_cost": 489.2207986626305, "oscillation_cost": 592.7092551869457, "completition_cost": 1000.0, "overshoot_cost": 960.9112411869288, "power_cost": 57.333111242675784, "noise_cost": 163.19800706594464, "n_waypoints_completed": 0, "tot_waypoints": 9}}
{"target": -3431.9625897572705, "params": {"k_pid_pos": [2.0, 0.9716642498970032, 1.0], "k_pid_alt": [1.9944348335266113, 1.0, 0.9754379391670227], "k_pid_att": [0.0, 9.999999747378752e-05, 0.05893781781196594], "k_pid_yaw": [0.5, 1e-06, 0.1], "k_pid_hsp": [10.0, 0.026521772146224976, 0.0], "k_pid_vsp": [390.510498046875, 393.1809997558594, 400.0]}, "datetime": {"datetime": "2025-08-11 17:52:37", "elapsed": 5237.007618904114, "delta": 30.045125246047974}, "costs": {"total_cost": 3431.9625897572705, "time_cost": 150, "final_distance_cost": 591.7421674585773, "oscillation_cost": 3.6738900999896527, "completition_cost": 1000.0, "overshoot_cost": 1559.2939455186663, "power_cost": 29.690926220703126, "noise_cost": 97.56166045933355, "n_waypoints_completed": 0, "tot_waypoints": 9}}
{"target": -1731.195057366408, "params": {"k_pid_pos": [2.0, 0.977966845035553, 0.9901614785194397], "k_pid_alt": [2.0, 1.0, 1.0], "k_pid_att": [1.7087668180465698, 9.999999747378752e-05, 0.02367424964904785], "k_pid_yaw": [0.5, 1e-06, 0.1], "k_pid_hsp": [10.0, 0.0, 0.0], "k_pid_vsp": [393.70068359375, 400.0, 400.0]}, "datetime": {"datetime": "2025-08-11 17:53:08", "elapsed": 5267.455546617508, "delta": 30.447927713394165}, "costs": {"total_cost": 1731.195057366408, "time_cost": 150, "final_distance_cost": 1.000785756203026, "oscillation_cost": 302.8731357475589, "completition_cost": 1000.0, "overshoot_cost": 156.84618197520263, "power_cost": 29.46359501953125, "noise_cost": 91.0113588679121, "n_waypoints_completed": 0, "tot_waypoints": 9}}
{"target": -3825.7013810329545, "params": {"k_pid_pos": [1.9066247940063477, 1.0, 1.0], "k_pid_alt": [2.0, 0.9624323844909668, 0.9970440864562988], "k_pid_att": [0.0, 0.16922946274280548, 0.0], "k_pid_yaw": [0.5, 1e-06, 0.1], "k_pid_hsp": [10.0, 0.06494322419166565, 0.021657854318618774], "k_pid_vsp": [400.0, 352.3165588378906, 400.0]}, "datetime": {"datetime": "2025-08-11 17:53:38", "elapsed": 5297.619189739227, "delta": 30.16364312171936}, "costs": {"total_cost": 3825.7013810329545, "time_cost": 150, "final_distance_cost": 332.8239038830015, "oscillation_cost": 1020.2549174232515, "completition_cost": 1000.0, "overshoot_cost": 1094.7751592142101, "power_cost": 57.57823852539063, "noise_cost": 170.2691619871003, "n_waypoints_completed": 0, "tot_waypoints": 9}}
{"target": -1221.093105814614, "params": {"k_pid_pos": [1.8708494901657104, 1.0, 1.0], "k_pid_alt": [2.0, 0.9541837573051453, 1.0], "k_pid_att": [0.9967267513275146, 9.999999747378752e-05, 0.0], "k_pid_yaw": [0.5, 1e-06, 0.1], "k_pid_hsp": [9.468423843383789, 0.0, 0.03809481859207153], "k_pid_vsp": [400.0, 400.0, 387.0103759765625]}, "datetime": {"datetime": "2025-08-11 17:54:08", "elapsed": 5328.126373529434, "delta": 30.50718379020691}, "costs": {"total_cost": 1221.093105814614, "time_cost": 150, "final_distance_cost": 50.195848690731054, "oscillation_cost": 227.79135157396684, "completition_cost": 666.6666666666667, "overshoot_cost": 63.95898873289189, "power_cost": 33.53389079589844, "noise_cost": 28.94635935445913, "n_waypoints_completed": 3, "tot_waypoints": 9}}
