{"target": -8645.636257768996, "params": {"k_pid_pos": [2.0, 0.8963359594345093, 1.0], "k_pid_alt": [1.9145545959472656, 0.9773304462432861, 0.948063850402832], "k_pid_att": [0.0, 0.6929380893707275, 0.0], "k_pid_yaw": [0.5, 1e-06, 0.1], "k_pid_hsp": [9.903909683227539, 0.0, 0.0005337297916412354], "k_pid_vsp": [394.2352294921875, 392.6377868652344, 398.9952697753906]}, "datetime": {"datetime": "2025-08-12 04:18:07", "elapsed": 42767.16310214996, "delta": 33.44697594642639}, "costs": {"total_cost": 8645.636257768996, "time_cost": 150, "final_distance_cost": 2060.860576304907, "oscillation_cost": 2346.126598248766, "completition_cost": 1000.0, "overshoot_cost": 2855.3399228188246, "power_cost": 57.56235228271485, "noise_cost": 175.746808113784, "n_waypoints_completed": 0, "tot_waypoints": 9}}
{"target": -1740.411613113872, "params": {"k_pid_pos": [2.0, 1.0, 1.0], "k_pid_alt": [2.0, 0.9199243783950806, 1.0], "k_pid_att": [5.015838146209717, 9.999999747378752e-05, 0.08973997831344604], "k_pid_yaw": [0.5, 1e-06, 0.1], "k_pid_hsp": [10.0, 0.001958519220352173, 0.014618098735809326], "k_pid_vsp": [400.0, 388.55242919921875, 400.0]}, "datetime": {"datetime": "2025-08-12 04:18:44", "elapsed": 42803.84168624878, "delta": 36.67858409881592}, "costs": {"total_cost": 1740.411613113872, "time_cost": 150, "final_distance_cost": 0.9995120042170539, "oscillation_cost": 327.9513592117608, "completition_cost": 1000.0, "overshoot_cost": 150.77695142703723, "power_cost": 30.00753876953125, "noise_cost": 80.67625170132584, "n_waypoints_completed": 0, "tot_waypoints": 9}}
{"target": -4016.0020935956027, "params": {"k_pid_pos": [1.782145380973816, 1.0, 0.9810502529144287], "k_pid_alt": [1.9506070613861084, 1.0, 0.9989914298057556], "k_pid_att": [0.0, 0.19919539988040924, 0.0009000599384307861], "k_pid_yaw": [0.5, 1e-06, 0.1], "k_pid_hsp": [10.0, 0.08410805463790894, 0.0], "k_pid_vsp": [387.6060485839844, 373.18792724609375, 400.0]}, "datetime": {"datetime": "2025-08-12 04:19:16", "elapsed": 42836.13828086853, "delta": 32.29659461975098}, "costs": {"total_cost": 4016.0020935956027, "time_cost": 150, "final_distance_cost": 385.4099696628716, "oscillation_cost": 1054.7492517774328, "completition_cost": 1000.0, "overshoot_cost": 1198.9224292971746, "power_cost": 57.22816477050782, "noise_cost": 169.69227808761556, "n_waypoints_completed": 0, "tot_waypoints": 9}}
{"target": -1179.1900805115042, "params": {"k_pid_pos": [2.0, 0.9511179327964783, 1.0], "k_pid_alt": [2.0, 0.9767444133758545, 0.9510161876678467], "k_pid_att": [4.159226894378662, 0.33317217230796814, 0.015365153551101685], "k_pid_yaw": [0.5, 1e-06, 0.1], "k_pid_hsp": [9.988048553466797, 0.1169971227645874, 0.06072244048118591], "k_pid_vsp": [400.0, 394.4927673339844, 400.0]}, "datetime": {"datetime": "2025-08-12 04:19:48", "elapsed": 42867.50100970268, "delta": 31.36272883415222}, "costs": {"total_cost": 1179.1900805115042, "time_cost": 150, "final_distance_cost": 56.7075683777277, "oscillation_cost": 395.1144258008201, "completition_cost": 444.4444444444444, "overshoot_cost": 70.72991803109325, "power_cost": 32.83336209716797, "noise_cost": 29.360361760250825, "n_waypoints_completed": 5, "tot_waypoints": 9}}
{"target": -6137.289519887075, "params": {"k_pid_pos": [1.9994769096374512, 1.0, 0.9858647584915161], "k_pid_alt": [2.0, 0.9534039497375488, 1.0], "k_pid_att": [0.0, 9.999999747378752e-05, 0.022871851921081543], "k_pid_yaw": [0.5, 1e-06, 0.1], "k_pid_hsp": [9.148088455200195, 0.0, 0.0], "k_pid_vsp": [400.0, 394.7669677734375, 400.0]}, "datetime": {"datetime": "2025-08-12 04:20:19", "elapsed": 42898.486109018326, "delta": 30.98509931564331}, "costs": {"total_cost": 6137.289519887075, "time_cost": 150, "final_distance_cost": 1763.466703525609, "oscillation_cost": 6.876587174269041, "completition_cost": 1000.0, "overshoot_cost": 3110.765111641825, "power_cost": 32.70665842285156, "noise_cost": 73.4744591225207, "n_waypoints_completed": 0, "tot_waypoints": 9}}
{"target": -13326.823257031685, "params": {"k_pid_pos": [2.0, 1.0, 0.9898492097854614], "k_pid_alt": [1.9289915561676025, 0.9541151523590088, 0.9317255020141602], "k_pid_att": [0.0, 0.45910540223121643, 0.03777956962585449], "k_pid_yaw": [0.5, 1e-06, 0.1], "k_pid_hsp": [10.0, 0.03747326135635376, 0.0], "k_pid_vsp": [393.076416015625, 389.270263671875, 389.6059875488281]}, "datetime": {"datetime": "2025-08-12 04:20:49", "elapsed": 42928.47924423218, "delta": 29.99313521385193}, "costs": {"total_cost": 13326.823257031685, "time_cost": 150, "final_distance_cost": 4377.230324407779, "oscillation_cost": 1774.5291307615414, "completition_cost": 1000.0, "overshoot_cost": 5795.777562654004, "power_cost": 57.48178182373047, "noise_cost": 171.80445738463018, "n_waypoints_completed": 0, "tot_waypoints": 9}}
{"target": -4742.038002421403, "params": {"k_pid_pos": [1.9817712306976318, 1.0, 0.9409070014953613], "k_pid_alt": [2.0, 1.0, 1.0], "k_pid_att": [0.0, 0.1278308779001236, 0.04224082827568054], "k_pid_yaw": [0.5, 1e-06, 0.1], "k_pid_hsp": [10.0, 0.0, 0.03559374809265137], "k_pid_vsp": [388.4079895019531, 373.94635009765625, 400.0]}, "datetime": {"datetime": "2025-08-12 04:21:20", "elapsed": 42960.06359291077, "delta": 31.584348678588867}, "costs": {"total_cost": 4742.038002421403, "time_cost": 150, "final_distance_cost": 535.5893875878795, "oscillation_cost": 822.8430651794085, "completition_cost": 1000.0, "overshoot_cost": 2007.8251054359966, "power_cost": 57.68490372314454, "noise_cost": 168.09554049497453, "n_waypoints_completed": 0, "tot_waypoints": 9}}
{"target": -1555.5827297652002, "params": {"k_pid_pos": [1.9580509662628174, 1.0, 0.9864686131477356], "k_pid_alt": [2.0, 0.9469538927078247, 0.9720171093940735], "k_pid_att": [0.23525357246398926, 0.3810953199863434, 0.042031168937683105], "k_pid_yaw": [0.5, 1e-06, 0.1], "k_pid_hsp": [9.935632705688477, 0.0, 0.0010013282299041748], "k_pid_vsp": [400.0, 393.1670227050781, 400.0]}, "datetime": {"datetime": "2025-08-12 04:21:51", "elapsed": 42991.03959727287, "delta": 30.976004362106323}, "costs": {"total_cost": 1555.5827297652002, "time_cost": 150, "final_distance_cost": 43.29874837924429, "oscillation_cost": 208.99169728251724, "completition_cost": 1000.0, "overshoot_cost": 59.94709702575472, "power_cost": 55.40811330566407, "noise_cost": 37.937073772019694, "n_waypoints_completed": 0, "tot_waypoints": 9}}
{"target": -1809.1266511711308, "params": {"k_pid_pos": [2.0, 1.0, 1.0], "k_pid_alt": [1.9254907369613647, 0.9036006927490234, 1.0], "k_pid_att": [6.62388801574707, 9.999999747378752e-05, 0.04056859016418457], "k_pid_yaw": [0.5, 1e-06, 0.1], "k_pid_hsp": [10.0, 0.054599493741989136, 0.0], "k_pid_vsp": [396.48779296875, 400.0, 378.4076232910156]}, "datetime": {"datetime": "2025-08-12 04:22:22", "elapsed": 43022.341720342636, "delta": 31.302123069763184}, "costs": {"total_cost": 1809.1266511711308, "time_cost": 150, "final_distance_cost": 15.856735085387147, "oscillation_cost": 468.3773495675376, "completition_cost": 1000.0, "overshoot_cost": 117.00613657781102, "power_cost": 30.641139672851565, "noise_cost": 27.245290267543705, "n_waypoints_completed": 0, "tot_waypoints": 9}}
{"target": -3772.1310844930695, "params": {"k_pid_pos": [2.0, 1.0, 1.0], "k_pid_alt": [1.984750509262085, 1.0, 0.8722894787788391], "k_pid_att": [0.0, 9.999999747378752e-05, 0.046521157026290894], "k_pid_yaw": [0.5, 1e-06, 0.1], "k_pid_hsp": [9.738617897033691, 0.0, 0.018212974071502686], "k_pid_vsp": [400.0, 400.0, 370.37481689453125]}, "datetime": {"datetime": "2025-08-12 04:22:54", "elapsed": 43053.81931304932, "delta": 31.477592706680298}, "costs": {"total_cost": 3772.1310844930695, "time_cost": 150, "final_distance_cost": 810.3878780493626, "oscillation_cost": 4.357049255042471, "completition_cost": 1000.0, "overshoot_cost": 1695.7346260678926, "power_cost": 30.208457470703127, "noise_cost": 81.44307365006857, "n_waypoints_completed": 0, "tot_waypoints": 9}}
{"target": -5333.753137302352, "params": {"k_pid_pos": [2.0, 1.0, 1.0], "k_pid_alt": [2.0, 0.9952625036239624, 1.0], "k_pid_att": [0.0, 0.04665612801909447, 0.05977398157119751], "k_pid_yaw": [0.5, 1e-06, 0.1], "k_pid_hsp": [10.0, 0.0, 0.0], "k_pid_vsp": [381.2121276855469, 400.0, 391.7906799316406]}, "datetime": {"datetime": "2025-08-12 04:23:24", "elapsed": 43084.218438863754, "delta": 30.399125814437866}, "costs": {"total_cost": 5333.753137302352, "time_cost": 150, "final_distance_cost": 1450.2422775402124, "oscillation_cost": 495.3135411482065, "completition_cost": 1000.0, "overshoot_cost": 2021.778497799715, "power_cost": 56.97800299072266, "noise_cost": 159.44081782349542, "n_waypoints_completed": 0, "tot_waypoints": 9}}
{"target": -8266.798327324934, "params": {"k_pid_pos": [2.0, 0.9991667866706848, 1.0], "k_pid_alt": [2.0, 0.9823928475379944, 0.9057126045227051], "k_pid_att": [0.0, 9.999999747378752e-05, 0.0], "k_pid_yaw": [0.5, 1e-06, 0.1], "k_pid_hsp": [10.0, 0.0, 0.006427139043807983], "k_pid_vsp": [400.0, 364.0799560546875, 400.0]}, "datetime": {"datetime": "2025-08-12 04:23:55", "elapsed": 43115.092057943344, "delta": 30.873619079589844}, "costs": {"total_cost": 8266.798327324934, "time_cost": 150, "final_distance_cost": 890.9713917111083, "oscillation_cost": 14.710877523297293, "completition_cost": 1000.0, "overshoot_cost": 6070.204899860022, "power_cost": 44.26762440185547, "noise_cost": 96.64353382864968, "n_waypoints_completed": 0, "tot_waypoints": 9}}
{"target": -7380.471840428865, "params": {"k_pid_pos": [1.9346435070037842, 1.0, 1.0], "k_pid_alt": [1.9012172222137451, 1.0, 0.8870938420295715], "k_pid_att": [0.0, 9.999999747378752e-05, 0.013564974069595337], "k_pid_yaw": [0.5, 1e-06, 0.1], "k_pid_hsp": [10.0, 0.04900553822517395, 0.03674265742301941], "k_pid_vsp": [400.0, 400.0, 381.99700927734375]}, "datetime": {"datetime": "2025-08-12 04:24:27", "elapsed": 43146.54405283928, "delta": 31.45199489593506}, "costs": {"total_cost": 7380.471840428865, "time_cost": 150, "final_distance_cost": 2104.8288096831966, "oscillation_cost": 8.362103067463927, "completition_cost": 1000.0, "overshoot_cost": 4007.4802160170025, "power_cost": 36.99859796142578, "noise_cost": 72.8021136997771, "n_waypoints_completed": 0, "tot_waypoints": 9}}
{"target": -1494.5783961361035, "params": {"k_pid_pos": [1.9667835235595703, 1.0, 0.9586620330810547], "k_pid_alt": [2.0, 1.0, 0.9915825128555298], "k_pid_att": [7.753795623779297, 9.999999747378752e-05, 0.0], "k_pid_yaw": [0.5, 1e-06, 0.1], "k_pid_hsp": [9.002280235290527, 0.0011465251445770264, 0.0], "k_pid_vsp": [400.0, 400.0, 400.0]}, "datetime": {"datetime": "2025-08-12 04:24:57", "elapsed": 43176.83363080025, "delta": 30.289577960968018}, "costs": {"total_cost": 1494.5783961361035, "time_cost": 150, "final_distance_cost": 51.618160796673436, "oscillation_cost": 487.7523970972929, "completition_cost": 666.6666666666667, "overshoot_cost": 78.02779380674924, "power_cost": 32.09184178466797, "noise_cost": 28.421535984052888, "n_waypoints_completed": 3, "tot_waypoints": 9}}
{"target": -1741.417825240416, "params": {"k_pid_pos": [2.0, 0.9993124008178711, 0.9983488321304321], "k_pid_alt": [2.0, 0.9915494918823242, 0.9898817539215088], "k_pid_att": [4.526612281799316, 9.999999747378752e-05, 0.07176822423934937], "k_pid_yaw": [0.5, 1e-06, 0.1], "k_pid_hsp": [9.966154098510742, 0.004101067781448364, 0.024965614080429077], "k_pid_vsp": [400.0, 385.7174987792969, 400.0]}, "datetime": {"datetime": "2025-08-12 04:25:28", "elapsed": 43207.644679784775, "delta": 30.811048984527588}, "costs": {"total_cost": 1741.417825240416, "time_cost": 150, "final_distance_cost": 0.9977978858392151, "oscillation_cost": 350.770784204566, "completition_cost": 1000.0, "overshoot_cost": 149.33893737827432, "power_cost": 29.815056872558596, "noise_cost": 60.49524889917784, "n_waypoints_completed": 0, "tot_waypoints": 9}}
{"target": -1205.7908715800884, "params": {"k_pid_pos": [2.0, 0.974621593952179, 1.0], "k_pid_alt": [2.0, 1.0, 1.0], "k_pid_att": [6.20189905166626, 9.999999747378752e-05, 0.014955520629882812], "k_pid_yaw": [0.5, 1e-06, 0.1], "k_pid_hsp": [9.514063835144043, 0.02268710732460022, 0.009903162717819214], "k_pid_vsp": [388.41845703125, 400.0, 384.232177734375]}, "datetime": {"datetime": "2025-08-12 04:25:59", "elapsed": 43238.63403582573, "delta": 30.98935604095459}, "costs": {"total_cost": 1205.7908715800884, "time_cost": 150, "final_distance_cost": 53.19860450578072, "oscillation_cost": 434.13998756209065, "completition_cost": 444.4444444444444, "overshoot_cost": 63.26882178266493, "power_cost": 31.453899609375, "noise_cost": 29.2851136757329, "n_waypoints_completed": 5, "tot_waypoints": 9}}
{"target": -1237.6322633666155, "params": {"k_pid_pos": [2.0, 0.9357667565345764, 0.9735664129257202], "k_pid_alt": [1.9800479412078857, 1.0, 1.0], "k_pid_att": [11.564123153686523, 0.8215272426605225, 0.010742783546447754], "k_pid_yaw": [0.5, 1e-06, 0.1], "k_pid_hsp": [9.501906394958496, 0.03708529472351074, 0.0], "k_pid_vsp": [390.90045166015625, 368.7572937011719, 400.0]}, "datetime": {"datetime": "2025-08-12 04:26:30", "elapsed": 43269.829720020294, "delta": 31.19568419456482}, "costs": {"total_cost": 1237.6322633666155, "time_cost": 150, "final_distance_cost": 55.0279362427222, "oscillation_cost": 464.90522353942777, "completition_cost": 444.4444444444444, "overshoot_cost": 61.49776735381328, "power_cost": 32.51426202392578, "noise_cost": 29.242629762282085, "n_waypoints_completed": 5, "tot_waypoints": 9}}
{"target": -4803.948931928304, "params": {"k_pid_pos": [1.9553803205490112, 1.0, 0.9383748173713684], "k_pid_alt": [1.8089163303375244, 0.9390025734901428, 1.0], "k_pid_att": [0.0, 9.999999747378752e-05, 0.03464516997337341], "k_pid_yaw": [0.5, 1e-06, 0.1], "k_pid_hsp": [10.0, 0.03758615255355835, 0.0], "k_pid_vsp": [400.0, 386.104248046875, 396.8016052246094]}, "datetime": {"datetime": "2025-08-12 04:27:01", "elapsed": 43300.675882577896, "delta": 30.84616255760193}, "costs": {"total_cost": 4803.948931928304, "time_cost": 150, "final_distance_cost": 1076.8723874716065, "oscillation_cost": 5.208138841174938, "completition_cost": 1000.0, "overshoot_cost": 2457.0502025482715, "power_cost": 30.731312036132813, "noise_cost": 84.08689103111769, "n_waypoints_completed": 0, "tot_waypoints": 9}}
{"target": -11307.231640810674, "params": {"k_pid_pos": [2.0, 0.9848524332046509, 0.9909799098968506], "k_pid_alt": [2.0, 1.0, 1.0], "k_pid_att": [0.0, 0.39321669936180115, 0.005059033632278442], "k_pid_yaw": [0.5, 1e-06, 0.1], "k_pid_hsp": [10.0, 0.0, 0.045468151569366455], "k_pid_vsp": [397.9176940917969, 400.0, 387.9218444824219]}, "datetime": {"datetime": "2025-08-12 04:27:30", "elapsed": 43330.222133636475, "delta": 29.54625105857849}, "costs": {"total_cost": 11307.231640810674, "time_cost": 150, "final_distance_cost": 3797.7719709019098, "oscillation_cost": 1692.0048098516486, "completition_cost": 1000.0, "overshoot_cost": 4434.955047637224, "power_cost": 58.04925041503907, "noise_cost": 174.4505620048523, "n_waypoints_completed": 0, "tot_waypoints": 9}}
{"target": -6523.116667472679, "params": {"k_pid_pos": [1.8809162378311157, 0.9960999488830566, 0.929478645324707], "k_pid_alt": [1.9119874238967896, 0.9704656600952148, 0.9574216604232788], "k_pid_att": [0.0, 9.999999747378752e-05, 0.022435516119003296], "k_pid_yaw": [0.5, 1e-06, 0.1], "k_pid_hsp": [9.767815589904785, 0.0534784197807312, 0.11894506216049194], "k_pid_vsp": [369.9415588378906, 355.39129638671875, 400.0]}, "datetime": {"datetime": "2025-08-12 04:28:03", "elapsed": 43362.65636396408, "delta": 32.4342303276062}, "costs": {"total_cost": 6523.116667472679, "time_cost": 150, "final_distance_cost": 1100.7850724570903, "oscillation_cost": 6.3941102474017155, "completition_cost": 1000.0, "overshoot_cost": 4155.7390948930115, "power_cost": 31.87493690185547, "noise_cost": 78.32345297332093, "n_waypoints_completed": 0, "tot_waypoints": 9}}
{"target": -1402.8256614209088, "params": {"k_pid_pos": [1.9223297834396362, 0.966842532157898, 1.0], "k_pid_alt": [1.9190597534179688, 1.0, 0.9991021752357483], "k_pid_att": [0.24069249629974365, 9.999999747378752e-05, 0.017132580280303955], "k_pid_yaw": [0.5, 1e-06, 0.1], "k_pid_hsp": [9.970687866210938, 0.09962683916091919, 0.03432077169418335], "k_pid_vsp": [400.0, 400.0, 400.0]}, "datetime": {"datetime": "2025-08-12 04:28:34", "elapsed": 43393.55734157562, "delta": 30.900977611541748}, "costs": {"total_cost": 1402.8256614209088, "time_cost": 150, "final_distance_cost": 47.3206049444239, "oscillation_cost": 89.1780991422564, "completition_cost": 1000.0, "overshoot_cost": 54.75041696179218, "power_cost": 33.22262060546875, "noise_cost": 28.35391976696742, "n_waypoints_completed": 0, "tot_waypoints": 9}}
{"target": -7219.543285985848, "params": {"k_pid_pos": [1.9708974361419678, 1.0, 0.9827242493629456], "k_pid_alt": [1.822108268737793, 1.0, 1.0], "k_pid_att": [0.0, 0.6108048558235168, 0.0], "k_pid_yaw": [0.5, 1e-06, 0.1], "k_pid_hsp": [10.0, 0.0, 0.0], "k_pid_vsp": [400.0, 391.4520263671875, 400.0]}, "datetime": {"datetime": "2025-08-12 04:29:05", "elapsed": 43424.45028448105, "delta": 30.892942905426025}, "costs": {"total_cost": 7219.543285985848, "time_cost": 150, "final_distance_cost": 1665.059781475176, "oscillation_cost": 2166.76837124841, "completition_cost": 1000.0, "overshoot_cost": 2010.7338472447714, "power_cost": 55.892977575683595, "noise_cost": 171.08830844180838, "n_waypoints_completed": 0, "tot_waypoints": 9}}
{"target": -1668.0113578557482, "params": {"k_pid_pos": [2.0, 0.9098105430603027, 1.0], "k_pid_alt": [1.9478610754013062, 1.0, 0.9560431241989136], "k_pid_att": [1.3836145401000977, 0.03396225348114967, 0.0], "k_pid_yaw": [0.5, 1e-06, 0.1], "k_pid_hsp": [9.852883338928223, 0.0, 0.0], "k_pid_vsp": [387.8716125488281, 396.02154541015625, 400.0]}, "datetime": {"datetime": "2025-08-12 04:29:35", "elapsed": 43455.12757372856, "delta": 30.677289247512817}, "costs": {"total_cost": 1668.0113578557482, "time_cost": 150, "final_distance_cost": 19.684902211944898, "oscillation_cost": 316.0557200595665, "completition_cost": 1000.0, "overshoot_cost": 124.20869857191848, "power_cost": 31.431303930664065, "noise_cost": 26.630733081654395, "n_waypoints_completed": 0, "tot_waypoints": 9}}
{"target": -1114.4276059221781, "params": {"k_pid_pos": [1.9477739334106445, 0.9394714832305908, 1.0], "k_pid_alt": [1.8762917518615723, 1.0, 0.9095425605773926], "k_pid_att": [6.356054306030273, 9.999999747378752e-05, 0.005344688892364502], "k_pid_yaw": [0.5, 1e-06, 0.1], "k_pid_hsp": [9.083502769470215, 0.0, 0.05007922649383545], "k_pid_vsp": [389.8473815917969, 400.0, 391.8752136230469]}, "datetime": {"datetime": "2025-08-12 04:30:06", "elapsed": 43485.82074427605, "delta": 30.69317054748535}, "costs": {"total_cost": 1114.4276059221781, "time_cost": 150, "final_distance_cost": 65.98205437452626, "oscillation_cost": 434.9285547997613, "completition_cost": 333.33333333333337, "overshoot_cost": 66.60566280258782, "power_cost": 33.393571557617186, "noise_cost": 30.184429054352304, "n_waypoints_completed": 6, "tot_waypoints": 9}}
{"target": -7638.680179308274, "params": {"k_pid_pos": [2.0, 1.0, 0.9459537267684937], "k_pid_alt": [2.0, 0.8997609615325928, 0.9517927765846252], "k_pid_att": [0.0, 0.35701945424079895, 0.0], "k_pid_yaw": [0.5, 1e-06, 0.1], "k_pid_hsp": [9.246529579162598, 0.0, 0.0], "k_pid_vsp": [386.33465576171875, 395.66326904296875, 400.0]}, "datetime": {"datetime": "2025-08-12 04:30:37", "elapsed": 43516.84308218956, "delta": 31.022337913513184}, "costs": {"total_cost": 7638.680179308274, "time_cost": 150, "final_distance_cost": 1994.7629270287698, "oscillation_cost": 1629.099575607594, "completition_cost": 1000.0, "overshoot_cost": 2631.920545209322, "power_cost": 57.936976660156255, "noise_cost": 174.96015480243096, "n_waypoints_completed": 0, "tot_waypoints": 9}}
{"target": -3690.9063336889276, "params": {"k_pid_pos": [2.0, 0.9797449111938477, 1.0], "k_pid_alt": [2.0, 1.0, 0.9569543600082397], "k_pid_att": [0.0, 0.24713881313800812, 0.0], "k_pid_yaw": [0.5, 1e-06, 0.1], "k_pid_hsp": [10.0, 0.03747251629829407, 0.03438246250152588], "k_pid_vsp": [400.0, 398.3152770996094, 400.0]}, "datetime": {"datetime": "2025-08-12 04:31:09", "elapsed": 43548.53280162811, "delta": 31.689719438552856}, "costs": {"total_cost": 3690.9063336889276, "time_cost": 150, "final_distance_cost": 238.85442301129464, "oscillation_cost": 1289.363577975923, "completition_cost": 1000.0, "overshoot_cost": 784.7039451712824, "power_cost": 57.146858715820315, "noise_cost": 170.83752881460745, "n_waypoints_completed": 0, "tot_waypoints": 9}}
{"target": -1860.789778389337, "params": {"k_pid_pos": [1.9660090208053589, 1.0, 1.0], "k_pid_alt": [2.0, 0.9451708197593689, 1.0], "k_pid_att": [6.5353899002075195, 9.999999747378752e-05, 0.013770520687103271], "k_pid_yaw": [0.5, 1e-06, 0.1], "k_pid_hsp": [9.232804298400879, 0.0, 0.0], "k_pid_vsp": [384.8431701660156, 400.0, 400.0]}, "datetime": {"datetime": "2025-08-12 04:31:40", "elapsed": 43579.44966959953, "delta": 30.916867971420288}, "costs": {"total_cost": 1860.789778389337, "time_cost": 150, "final_distance_cost": 31.857628943970933, "oscillation_cost": 525.1972539141411, "completition_cost": 1000.0, "overshoot_cost": 96.87336911936444, "power_cost": 29.711262756347658, "noise_cost": 27.150263655512813, "n_waypoints_completed": 0, "tot_waypoints": 9}}
