{"target": -5425.3977729134085, "params": {"k_pid_pos": [1.9913365840911865, 0.9146139621734619, 0.9793995022773743], "k_pid_alt": [1.9622676372528076, 0.9870568513870239, 0.8838719725608826], "k_pid_att": [0.0, 0.11724818497896194, 0.0], "k_pid_yaw": [0.5, 1e-06, 0.1], "k_pid_hsp": [9.102221488952637, 0.0, 0.11480832099914551], "k_pid_vsp": [400.0, 375.27557373046875, 392.09356689453125]}, "datetime": {"datetime": "2025-08-12 08:52:57", "elapsed": 59256.97956633568, "delta": 29.198960542678833}, "costs": {"total_cost": 5425.3977729134085, "time_cost": 150, "final_distance_cost": 744.576200486758, "oscillation_cost": 900.2055346413997, "completition_cost": 1000.0, "overshoot_cost": 2404.113559249542, "power_cost": 58.218865478515625, "noise_cost": 168.2836130571926, "n_waypoints_completed": 0, "tot_waypoints": 9}}
{"target": -4494.616260225163, "params": {"k_pid_pos": [2.0, 0.9533264636993408, 0.9625082015991211], "k_pid_alt": [1.8466413021087646, 0.9881874322891235, 1.0], "k_pid_att": [0.0, 0.048879656940698624, 0.023060768842697144], "k_pid_yaw": [0.5, 1e-06, 0.1], "k_pid_hsp": [9.463720321655273, 0.0, 0.0], "k_pid_vsp": [385.1313171386719, 400.0, 400.0]}, "datetime": {"datetime": "2025-08-12 08:53:26", "elapsed": 59286.17488050461, "delta": 29.195314168930054}, "costs": {"total_cost": 4494.616260225163, "time_cost": 150, "final_distance_cost": 536.7561111704509, "oscillation_cost": 578.0342250596528, "completition_cost": 1000.0, "overshoot_cost": 2009.0331958879945, "power_cost": 57.089504809570315, "noise_cost": 163.70322329749496, "n_waypoints_completed": 0, "tot_waypoints": 9}}
{"target": -11541.795853520367, "params": {"k_pid_pos": [1.8439620733261108, 1.0, 1.0], "k_pid_alt": [1.9714657068252563, 1.0, 1.0], "k_pid_att": [0.0, 0.38207969069480896, 0.014519363641738892], "k_pid_yaw": [0.5, 1e-06, 0.1], "k_pid_hsp": [10.0, 0.0, 0.06002727150917053], "k_pid_vsp": [400.0, 400.0, 397.37982177734375]}, "datetime": {"datetime": "2025-08-12 08:53:54", "elapsed": 59313.59853196144, "delta": 27.423651456832886}, "costs": {"total_cost": 11541.795853520367, "time_cost": 150, "final_distance_cost": 3939.7312958602697, "oscillation_cost": 1648.3043507573855, "completition_cost": 1000.0, "overshoot_cost": 4571.94824459584, "power_cost": 58.16088098144532, "noise_cost": 173.6510813254256, "n_waypoints_completed": 0, "tot_waypoints": 9}}
{"target": -4116.929703947886, "params": {"k_pid_pos": [2.0, 0.939789891242981, 0.9199303984642029], "k_pid_alt": [1.7899351119995117, 0.9959409236907959, 1.0], "k_pid_att": [0.0, 0.044255275279283524, 0.00548321008682251], "k_pid_yaw": [0.5, 1e-06, 0.1], "k_pid_hsp": [9.172107696533203, 0.0, 0.0], "k_pid_vsp": [400.0, 400.0, 392.7695617675781]}, "datetime": {"datetime": "2025-08-12 08:54:28", "elapsed": 59348.06141042709, "delta": 34.462878465652466}, "costs": {"total_cost": 4116.929703947886, "time_cost": 150, "final_distance_cost": 504.93447233336434, "oscillation_cost": 422.51037696151303, "completition_cost": 1000.0, "overshoot_cost": 1820.1137190008415, "power_cost": 57.58471301269532, "noise_cost": 161.78642263947214, "n_waypoints_completed": 0, "tot_waypoints": 9}}
{"target": -8371.622650233081, "params": {"k_pid_pos": [1.8885737657546997, 0.9803943037986755, 1.0], "k_pid_alt": [1.9423633813858032, 1.0, 1.0], "k_pid_att": [0.0, 9.999999747378752e-05, 0.0], "k_pid_yaw": [0.5, 1e-06, 0.1], "k_pid_hsp": [8.732071876525879, 0.0455988347530365, 0.0], "k_pid_vsp": [367.9390563964844, 400.0, 400.0]}, "datetime": {"datetime": "2025-08-12 08:54:58", "elapsed": 59377.716918468475, "delta": 29.655508041381836}, "costs": {"total_cost": 8371.622650233081, "time_cost": 150, "final_distance_cost": 464.51089158376953, "oscillation_cost": 14.393905079444595, "completition_cost": 1000.0, "overshoot_cost": 6598.07703814358, "power_cost": 43.604798388671874, "noise_cost": 101.03601703761706, "n_waypoints_completed": 0, "tot_waypoints": 9}}
{"target": -1282.6956794927473, "params": {"k_pid_pos": [2.0, 0.9912462830543518, 1.0], "k_pid_alt": [2.0, 1.0, 1.0], "k_pid_att": [6.885921955108643, 9.999999747378752e-05, 0.06160649657249451], "k_pid_yaw": [0.5, 1e-06, 0.1], "k_pid_hsp": [10.0, 0.0948559045791626, 0.022621959447860718], "k_pid_vsp": [375.3460998535156, 398.0866394042969, 372.1779479980469]}, "datetime": {"datetime": "2025-08-12 08:55:27", "elapsed": 59406.41842293739, "delta": 28.701504468917847}, "costs": {"total_cost": 1282.6956794927473, "time_cost": 150, "final_distance_cost": 48.594517147458006, "oscillation_cost": 397.4022342784097, "completition_cost": 555.5555555555555, "overshoot_cost": 69.99061419467874, "power_cost": 31.72610946044922, "noise_cost": 29.426648856196152, "n_waypoints_completed": 4, "tot_waypoints": 9}}
{"target": -4162.667366808011, "params": {"k_pid_pos": [1.898915410041809, 1.0, 1.0], "k_pid_alt": [2.0, 0.9447047710418701, 1.0], "k_pid_att": [0.0, 0.546239972114563, 0.0], "k_pid_yaw": [0.5, 1e-06, 0.1], "k_pid_hsp": [9.685063362121582, 0.0, 0.018782734870910645], "k_pid_vsp": [365.2389831542969, 400.0, 400.0]}, "datetime": {"datetime": "2025-08-12 08:55:53", "elapsed": 59432.9381415844, "delta": 26.519718647003174}, "costs": {"total_cost": 4162.667366808011, "time_cost": 150, "final_distance_cost": 190.6783174004605, "oscillation_cost": 1944.407630212367, "completition_cost": 1000.0, "overshoot_cost": 646.4951062788083, "power_cost": 57.15766700439453, "noise_cost": 173.92864591198057, "n_waypoints_completed": 0, "tot_waypoints": 9}}
{"target": -880.6563372563047, "params": {"k_pid_pos": [1.9777203798294067, 0.9856736063957214, 0.9607504606246948], "k_pid_alt": [2.0, 1.0, 0.9035419225692749], "k_pid_att": [0.48846006393432617, 9.999999747378752e-05, 0.0], "k_pid_yaw": [0.5, 1e-06, 0.1], "k_pid_hsp": [9.782501220703125, 0.07550108432769775, 0.06431344151496887], "k_pid_vsp": [372.0595703125, 400.0, 400.0]}, "datetime": {"datetime": "2025-08-12 08:56:23", "elapsed": 59462.388182878494, "delta": 29.4500412940979}, "costs": {"total_cost": 880.6563372563047, "time_cost": 150, "final_distance_cost": 42.69445076802449, "oscillation_cost": 109.85580705715667, "completition_cost": 444.4444444444444, "overshoot_cost": 67.85744077558716, "power_cost": 35.31237586669922, "noise_cost": 30.491818344392772, "n_waypoints_completed": 5, "tot_waypoints": 9}}
{"target": -3570.827322476248, "params": {"k_pid_pos": [1.9962944984436035, 0.9621670246124268, 1.0], "k_pid_alt": [1.9694573879241943, 0.9802721738815308, 1.0], "k_pid_att": [0.0, 0.23562808334827423, 0.0], "k_pid_yaw": [0.5, 1e-06, 0.1], "k_pid_hsp": [10.0, 0.07471054792404175, 0.03106829524040222], "k_pid_vsp": [400.0, 375.1722106933594, 400.0]}, "datetime": {"datetime": "2025-08-12 08:56:51", "elapsed": 59490.995331048965, "delta": 28.60714817047119}, "costs": {"total_cost": 3570.827322476248, "time_cost": 150, "final_distance_cost": 246.89069646211138, "oscillation_cost": 1170.516809245767, "completition_cost": 1000.0, "overshoot_cost": 773.8441546208721, "power_cost": 57.70077724609375, "noise_cost": 171.8748849014035, "n_waypoints_completed": 0, "tot_waypoints": 9}}
{"target": -4338.130384352288, "params": {"k_pid_pos": [2.0, 1.0, 1.0], "k_pid_alt": [2.0, 1.0, 1.0], "k_pid_att": [0.0, 0.205171599984169, 0.0], "k_pid_yaw": [0.5, 1e-06, 0.1], "k_pid_hsp": [9.441472053527832, 0.0, 0.003694087266921997], "k_pid_vsp": [392.0881042480469, 400.0, 382.0433044433594]}, "datetime": {"datetime": "2025-08-12 08:57:20", "elapsed": 59519.400163173676, "delta": 28.404832124710083}, "costs": {"total_cost": 4338.130384352288, "time_cost": 150, "final_distance_cost": 511.46413482581715, "oscillation_cost": 1230.6928727639356, "completition_cost": 1000.0, "overshoot_cost": 1217.3181927455264, "power_cost": 57.789250415039064, "noise_cost": 170.86593360197082, "n_waypoints_completed": 0, "tot_waypoints": 9}}
{"target": -5426.027153392529, "params": {"k_pid_pos": [1.8741278648376465, 1.0, 1.0], "k_pid_alt": [2.0, 0.9505718946456909, 1.0], "k_pid_att": [0.0, 0.008681492879986763, 0.08704254031181335], "k_pid_yaw": [0.5, 1e-06, 0.1], "k_pid_hsp": [10.0, 0.025407493114471436, 0.0], "k_pid_vsp": [369.4757385253906, 397.95794677734375, 400.0]}, "datetime": {"datetime": "2025-08-12 08:57:48", "elapsed": 59548.10852599144, "delta": 28.708362817764282}, "costs": {"total_cost": 5426.027153392529, "time_cost": 150, "final_distance_cost": 1414.822341970564, "oscillation_cost": 93.51670137552698, "completition_cost": 1000.0, "overshoot_cost": 2568.5126075776893, "power_cost": 55.77572204589844, "noise_cost": 143.39978042285054, "n_waypoints_completed": 0, "tot_waypoints": 9}}
{"target": -6445.948990509208, "params": {"k_pid_pos": [1.9778584241867065, 1.0, 1.0], "k_pid_alt": [2.0, 1.0, 1.0], "k_pid_att": [0.0, 0.33598607778549194, 0.0], "k_pid_yaw": [0.5, 1e-06, 0.1], "k_pid_hsp": [9.764728546142578, 0.0, 0.0219879150390625], "k_pid_vsp": [383.3934326171875, 389.76214599609375, 400.0]}, "datetime": {"datetime": "2025-08-12 08:58:16", "elapsed": 59576.026817798615, "delta": 27.918291807174683}, "costs": {"total_cost": 6445.948990509208, "time_cost": 150, "final_distance_cost": 1293.5964485944899, "oscillation_cost": 1561.616646826926, "completition_cost": 1000.0, "overshoot_cost": 2211.093193890426, "power_cost": 57.12255828857422, "noise_cost": 172.52014290879066, "n_waypoints_completed": 0, "tot_waypoints": 9}}
{"target": -4086.8157655322093, "params": {"k_pid_pos": [2.0, 0.925160825252533, 0.9839392304420471], "k_pid_alt": [2.0, 0.9556713700294495, 1.0], "k_pid_att": [0.0, 0.2599340081214905, 0.0], "k_pid_yaw": [0.5, 1e-06, 0.1], "k_pid_hsp": [10.0, 0.015287458896636963, 0.0], "k_pid_vsp": [398.5076904296875, 400.0, 400.0]}, "datetime": {"datetime": "2025-08-12 08:58:44", "elapsed": 59604.3058655262, "delta": 28.27904772758484}, "costs": {"total_cost": 4086.8157655322093, "time_cost": 150, "final_distance_cost": 346.5064578863943, "oscillation_cost": 1173.023724707611, "completition_cost": 1000.0, "overshoot_cost": 1190.312492611488, "power_cost": 57.05265988769531, "noise_cost": 169.92043043901984, "n_waypoints_completed": 0, "tot_waypoints": 9}}
{"target": -6521.900731048307, "params": {"k_pid_pos": [1.9009366035461426, 1.0, 1.0], "k_pid_alt": [1.971002221107483, 1.0, 0.914825439453125], "k_pid_att": [0.0, 0.5261430144309998, 0.0018335282802581787], "k_pid_yaw": [0.5, 1e-06, 0.1], "k_pid_hsp": [9.56245231628418, 0.0, 0.00681111216545105], "k_pid_vsp": [400.0, 375.1602783203125, 389.26983642578125]}, "datetime": {"datetime": "2025-08-12 08:59:14", "elapsed": 59633.92607283592, "delta": 29.6202073097229}, "costs": {"total_cost": 6521.900731048307, "time_cost": 150, "final_distance_cost": 1540.4825291841664, "oscillation_cost": 1983.1834022880678, "completition_cost": 1000.0, "overshoot_cost": 1615.2764988059457, "power_cost": 57.95627564697266, "noise_cost": 175.00202512315394, "n_waypoints_completed": 0, "tot_waypoints": 9}}
{"target": -1757.920347129251, "params": {"k_pid_pos": [2.0, 0.9480096697807312, 0.9948396682739258], "k_pid_alt": [1.750114917755127, 0.8917161822319031, 1.0], "k_pid_att": [3.341376781463623, 0.15225841104984283, 0.012642592191696167], "k_pid_yaw": [0.5, 1e-06, 0.1], "k_pid_hsp": [9.4723482131958, 0.003921806812286377, 0.0], "k_pid_vsp": [400.0, 382.46063232421875, 400.0]}, "datetime": {"datetime": "2025-08-12 08:59:43", "elapsed": 59662.9220187664, "delta": 28.995945930480957}, "costs": {"total_cost": 1757.920347129251, "time_cost": 150, "final_distance_cost": 35.31958267596746, "oscillation_cost": 426.01676323731294, "completition_cost": 1000.0, "overshoot_cost": 88.53884791412332, "power_cost": 31.179747204589845, "noise_cost": 26.865406097257477, "n_waypoints_completed": 0, "tot_waypoints": 9}}
{"target": -1400.777004646007, "params": {"k_pid_pos": [1.9272434711456299, 0.9952986836433411, 1.0], "k_pid_alt": [1.9352586269378662, 1.0, 0.9561672806739807], "k_pid_att": [3.0478386878967285, 1.0535646677017212, 0.0], "k_pid_yaw": [0.5, 1e-06, 0.1], "k_pid_hsp": [9.483318328857422, 0.0, 0.0], "k_pid_vsp": [398.71112060546875, 400.0, 400.0]}, "datetime": {"datetime": "2025-08-12 09:00:11", "elapsed": 59691.101956129074, "delta": 28.1799373626709}, "costs": {"total_cost": 1400.777004646007, "time_cost": 150, "final_distance_cost": 52.556294182732934, "oscillation_cost": 401.455487403357, "completition_cost": 666.6666666666667, "overshoot_cost": 69.05583432912023, "power_cost": 32.41444271240235, "noise_cost": 28.62827935172785, "n_waypoints_completed": 3, "tot_waypoints": 9}}
{"target": -4078.9943106624714, "params": {"k_pid_pos": [1.97838294506073, 0.9630402326583862, 1.0], "k_pid_alt": [2.0, 0.9824275970458984, 1.0], "k_pid_att": [0.0, 0.3516482412815094, 0.0], "k_pid_yaw": [0.5, 1e-06, 0.1], "k_pid_hsp": [10.0, 0.0, 0.0211503803730011], "k_pid_vsp": [398.5273132324219, 400.0, 380.8388366699219]}, "datetime": {"datetime": "2025-08-12 09:00:40", "elapsed": 59720.205599069595, "delta": 29.10364294052124}, "costs": {"total_cost": 4078.9943106624714, "time_cost": 150, "final_distance_cost": 290.8887522480417, "oscillation_cost": 1597.1147838403049, "completition_cost": 1000.0, "overshoot_cost": 810.7937129387522, "power_cost": 57.650124072265626, "noise_cost": 172.54693756310752, "n_waypoints_completed": 0, "tot_waypoints": 9}}
{"target": -3850.267525259314, "params": {"k_pid_pos": [2.0, 0.9859722852706909, 1.0], "k_pid_alt": [1.9275381565093994, 1.0, 1.0], "k_pid_att": [0.0, 9.999999747378752e-05, 0.049485623836517334], "k_pid_yaw": [0.5, 1e-06, 0.1], "k_pid_hsp": [10.0, 0.0347420871257782, 0.0], "k_pid_vsp": [400.0, 400.0, 400.0]}, "datetime": {"datetime": "2025-08-12 09:01:21", "elapsed": 59760.630457401276, "delta": 40.4248583316803}, "costs": {"total_cost": 3850.267525259314, "time_cost": 150, "final_distance_cost": 596.0781986294943, "oscillation_cost": 4.122318475393927, "completition_cost": 1000.0, "overshoot_cost": 1982.639454717027, "power_cost": 30.126142541503906, "noise_cost": 87.30141089589453, "n_waypoints_completed": 0, "tot_waypoints": 9}}
{"target": -1325.9622260730437, "params": {"k_pid_pos": [2.0, 0.9587714076042175, 0.9712218046188354], "k_pid_alt": [2.0, 1.0, 0.990153968334198], "k_pid_att": [4.752335071563721, 0.0626496821641922, 0.0], "k_pid_yaw": [0.5, 1e-06, 0.1], "k_pid_hsp": [10.0, 0.0, 0.0], "k_pid_vsp": [400.0, 394.503173828125, 400.0]}, "datetime": {"datetime": "2025-08-12 09:01:52", "elapsed": 59791.87002491951, "delta": 31.239567518234253}, "costs": {"total_cost": 1325.9622260730437, "time_cost": 150, "final_distance_cost": 43.56935543288738, "oscillation_cost": 445.4537944557245, "completition_cost": 555.5555555555555, "overshoot_cost": 70.40225414845982, "power_cost": 32.80138618164062, "noise_cost": 28.17988029877571, "n_waypoints_completed": 4, "tot_waypoints": 9}}
{"target": -6246.965105688107, "params": {"k_pid_pos": [1.9511518478393555, 1.0, 0.9211938381195068], "k_pid_alt": [2.0, 1.0, 1.0], "k_pid_att": [0.0, 0.8286526203155518, 0.0], "k_pid_yaw": [0.5, 1e-06, 0.1], "k_pid_hsp": [10.0, 0.0, 0.0], "k_pid_vsp": [361.0720520019531, 400.0, 392.1354675292969]}, "datetime": {"datetime": "2025-08-12 09:02:19", "elapsed": 59819.03013396263, "delta": 27.160109043121338}, "costs": {"total_cost": 6246.965105688107, "time_cost": 150, "final_distance_cost": 1191.769047172805, "oscillation_cost": 2216.516041463312, "completition_cost": 1000.0, "overshoot_cost": 1460.688039998531, "power_cost": 55.536222656250004, "noise_cost": 172.45575439720875, "n_waypoints_completed": 0, "tot_waypoints": 9}}
{"target": -9877.275914058911, "params": {"k_pid_pos": [1.9997994899749756, 0.9778569936752319, 1.0], "k_pid_alt": [1.7795130014419556, 1.0, 0.9699267148971558], "k_pid_att": [0.0, 9.999999747378752e-05, 0.006129026412963867], "k_pid_yaw": [0.5, 1e-06, 0.1], "k_pid_hsp": [9.36490535736084, 0.0, 0.06856882572174072], "k_pid_vsp": [397.7737731933594, 400.0, 381.20574951171875]}, "datetime": {"datetime": "2025-08-12 09:02:48", "elapsed": 59848.33532309532, "delta": 29.30518913269043}, "costs": {"total_cost": 9877.275914058911, "time_cost": 150, "final_distance_cost": 2769.2494433398674, "oscillation_cost": 11.213100815774782, "completition_cost": 1000.0, "overshoot_cost": 5834.123817955951, "power_cost": 41.529218212890626, "noise_cost": 71.16033373442852, "n_waypoints_completed": 0, "tot_waypoints": 9}}
{"target": -4570.967700969129, "params": {"k_pid_pos": [1.9442321062088013, 1.0, 1.0], "k_pid_alt": [2.0, 0.9649951457977295, 1.0], "k_pid_att": [0.0, 0.46598488092422485, 0.029027104377746582], "k_pid_yaw": [0.5, 1e-06, 0.1], "k_pid_hsp": [9.746170043945312, 0.0, 0.0], "k_pid_vsp": [400.0, 397.4631652832031, 400.0]}, "datetime": {"datetime": "2025-08-12 09:03:21", "elapsed": 59881.141201496124, "delta": 32.80587840080261}, "costs": {"total_cost": 4570.967700969129, "time_cost": 150, "final_distance_cost": 245.25068474017388, "oscillation_cost": 1741.1740751030623, "completition_cost": 1000.0, "overshoot_cost": 1204.8611761719592, "power_cost": 57.54970283203125, "noise_cost": 172.13206212190215, "n_waypoints_completed": 0, "tot_waypoints": 9}}
{"target": -5558.606670313396, "params": {"k_pid_pos": [1.9289995431900024, 0.9724452495574951, 0.9986757040023804], "k_pid_alt": [2.0, 1.0, 0.9657490849494934], "k_pid_att": [0.0, 0.15498588979244232, 0.011306047439575195], "k_pid_yaw": [0.5, 1e-06, 0.1], "k_pid_hsp": [10.0, 0.08260613679885864, 0.0], "k_pid_vsp": [400.0, 391.1672058105469, 392.4163513183594]}, "datetime": {"datetime": "2025-08-12 09:03:50", "elapsed": 59910.120221853256, "delta": 28.979020357131958}, "costs": {"total_cost": 5558.606670313396, "time_cost": 150, "final_distance_cost": 625.7933157756762, "oscillation_cost": 964.3862079422192, "completition_cost": 1000.0, "overshoot_cost": 2593.6910772816445, "power_cost": 57.44630778808594, "noise_cost": 167.28976152576936, "n_waypoints_completed": 0, "tot_waypoints": 9}}
{"target": -4489.243723142514, "params": {"k_pid_pos": [2.0, 1.0, 1.0], "k_pid_alt": [2.0, 0.9886081218719482, 0.9841265678405762], "k_pid_att": [0.0, 0.2537354826927185, 0.019707143306732178], "k_pid_yaw": [0.5, 1e-06, 0.1], "k_pid_hsp": [10.0, 0.0, 0.06719022989273071], "k_pid_vsp": [389.0826721191406, 400.0, 396.45794677734375]}, "datetime": {"datetime": "2025-08-12 09:04:18", "elapsed": 59938.17506814003, "delta": 28.05484628677368}, "costs": {"total_cost": 4489.243723142514, "time_cost": 150, "final_distance_cost": 677.0575009684311, "oscillation_cost": 1121.090077367155, "completition_cost": 1000.0, "overshoot_cost": 1313.5971685420634, "power_cost": 57.63239536132813, "noise_cost": 169.86658090353612, "n_waypoints_completed": 0, "tot_waypoints": 9}}
{"target": -1263.1336657747504, "params": {"k_pid_pos": [2.0, 0.9599138498306274, 0.9051740765571594], "k_pid_alt": [2.0, 0.9923363924026489, 1.0], "k_pid_att": [0.32663047313690186, 9.999999747378752e-05, 0.006403446197509766], "k_pid_yaw": [0.5, 1e-06, 0.1], "k_pid_hsp": [10.0, 0.0, 0.02707478404045105], "k_pid_vsp": [357.4291687011719, 400.0, 400.0]}, "datetime": {"datetime": "2025-08-12 09:04:49", "elapsed": 59968.62220168114, "delta": 30.447133541107178}, "costs": {"total_cost": 1263.1336657747504, "time_cost": 150, "final_distance_cost": 92.5461640673477, "oscillation_cost": 102.25041191712013, "completition_cost": 777.7777777777778, "overshoot_cost": 77.90724896437649, "power_cost": 33.85373511962891, "noise_cost": 28.798327928499244, "n_waypoints_completed": 2, "tot_waypoints": 9}}
{"target": -3987.514801107889, "params": {"k_pid_pos": [2.0, 1.0, 1.0], "k_pid_alt": [1.9693377017974854, 1.0, 0.9475147724151611], "k_pid_att": [0.0, 9.999999747378752e-05, 0.07244780659675598], "k_pid_yaw": [0.5, 1e-06, 0.1], "k_pid_hsp": [10.0, 0.09286573529243469, 0.0], "k_pid_vsp": [400.0, 376.4783935546875, 363.2303771972656]}, "datetime": {"datetime": "2025-08-12 09:05:18", "elapsed": 59997.62747526169, "delta": 29.005273580551147}, "costs": {"total_cost": 3987.514801107889, "time_cost": 150, "final_distance_cost": 664.0449717305103, "oscillation_cost": 3.445013463536816, "completition_cost": 1000.0, "overshoot_cost": 2043.9473610247412, "power_cost": 29.540909631347656, "noise_cost": 96.53654525775251, "n_waypoints_completed": 0, "tot_waypoints": 9}}
{"target": -5120.651841329329, "params": {"k_pid_pos": [1.943587303161621, 0.9599707126617432, 1.0], "k_pid_alt": [1.9699394702911377, 0.9947595596313477, 0.9963588118553162], "k_pid_att": [0.0, 9.999999747378752e-05, 0.030046314001083374], "k_pid_yaw": [0.5, 1e-06, 0.1], "k_pid_hsp": [9.903395652770996, 0.03480502963066101, 0.046860724687576294], "k_pid_vsp": [400.0, 376.6163330078125, 400.0]}, "datetime": {"datetime": "2025-08-12 09:05:45", "elapsed": 60024.5325717926, "delta": 26.905096530914307}, "costs": {"total_cost": 5120.651841329329, "time_cost": 150, "final_distance_cost": 1549.6682552882453, "oscillation_cost": 5.7519409738477005, "completition_cost": 1000.0, "overshoot_cost": 2304.155179908878, "power_cost": 30.868384399414065, "noise_cost": 80.20808075894382, "n_waypoints_completed": 0, "tot_waypoints": 9}}
{"target": -905.9600375229948, "params": {"k_pid_pos": [1.9427801370620728, 1.0, 0.9989423751831055], "k_pid_alt": [2.0, 1.0, 1.0], "k_pid_att": [0.44714510440826416, 9.999999747378752e-05, 0.0], "k_pid_yaw": [0.5, 1e-06, 0.1], "k_pid_hsp": [9.716819763183594, 0.0, 0.0], "k_pid_vsp": [400.0, 400.0, 397.4170227050781]}, "datetime": {"datetime": "2025-08-12 09:06:15", "elapsed": 60054.81570839882, "delta": 30.28313660621643}, "costs": {"total_cost": 905.9600375229948, "time_cost": 150, "final_distance_cost": 47.33791416213542, "oscillation_cost": 122.8524506762524, "completition_cost": 444.4444444444444, "overshoot_cost": 77.16472006506427, "power_cost": 33.80493720703125, "noise_cost": 30.355570968066882, "n_waypoints_completed": 5, "tot_waypoints": 9}}
