{"target": -4041.6882826808765, "params": {"k_pid_pos": [2.0, 1.0, 0.9546394348144531], "k_pid_alt": [2.0, 1.0, 0.989313006401062], "k_pid_att": [0.0, 0.5286493301391602, 0.0], "k_pid_yaw": [0.5, 1e-06, 0.1], "k_pid_hsp": [9.44581127166748, 0.0, 0.03923937678337097], "k_pid_vsp": [387.379150390625, 400.0, 393.9637451171875]}, "datetime": {"datetime": "2025-08-12 13:49:22", "elapsed": 77041.41575455666, "delta": 30.029927492141724}, "costs": {"total_cost": 4041.6882826808765, "time_cost": 150, "final_distance_cost": 199.7140419048141, "oscillation_cost": 1865.7528579358807, "completition_cost": 1000.0, "overshoot_cost": 595.4712678261297, "power_cost": 57.278819140625004, "noise_cost": 173.47129587342707, "n_waypoints_completed": 0, "tot_waypoints": 9}}
{"target": -2625.4402744005583, "params": {"k_pid_pos": [2.0, 0.9490532279014587, 1.0], "k_pid_alt": [2.0, 0.9482603073120117, 1.0], "k_pid_att": [0.0, 9.999999747378752e-05, 0.11675411462783813], "k_pid_yaw": [0.5, 1e-06, 0.1], "k_pid_hsp": [9.742246627807617, 0.03717455267906189, 0.03958761692047119], "k_pid_vsp": [400.0, 400.0, 370.7412414550781]}, "datetime": {"datetime": "2025-08-12 13:49:49", "elapsed": 77069.15507817268, "delta": 27.739323616027832}, "costs": {"total_cost": 2625.4402744005583, "time_cost": 150, "final_distance_cost": 328.07502361167, "oscillation_cost": 2.9806487441990717, "completition_cost": 1000.0, "overshoot_cost": 1000.8268022706961, "power_cost": 29.32575328369141, "noise_cost": 114.23204649030163, "n_waypoints_completed": 0, "tot_waypoints": 9}}
{"target": -1644.822609543888, "params": {"k_pid_pos": [1.9764506816864014, 1.0, 0.9711741209030151], "k_pid_alt": [2.0, 0.8918383121490479, 0.9494399428367615], "k_pid_att": [1.3770878314971924, 0.24132175743579865, 0.0], "k_pid_yaw": [0.5, 1e-06, 0.1], "k_pid_hsp": [10.0, 0.0, 0.0], "k_pid_vsp": [374.1685485839844, 390.4752197265625, 390.85992431640625]}, "datetime": {"datetime": "2025-08-12 13:50:22", "elapsed": 77102.00396752357, "delta": 32.84888935089111}, "costs": {"total_cost": 1644.822609543888, "time_cost": 150, "final_distance_cost": 29.486699944992854, "oscillation_cost": 319.4713731050491, "completition_cost": 1000.0, "overshoot_cost": 86.86300265745984, "power_cost": 31.76941910400391, "noise_cost": 27.232114732382083, "n_waypoints_completed": 0, "tot_waypoints": 9}}
{"target": -8235.072191714164, "params": {"k_pid_pos": [2.0, 0.984801173210144, 0.9589656591415405], "k_pid_alt": [2.0, 0.928838849067688, 1.0], "k_pid_att": [0.0, 9.999999747378752e-05, 0.0], "k_pid_yaw": [0.5, 1e-06, 0.1], "k_pid_hsp": [10.0, 0.02183997631072998, 0.0], "k_pid_vsp": [386.03216552734375, 400.0, 396.0908508300781]}, "datetime": {"datetime": "2025-08-12 13:50:53", "elapsed": 77132.49446821213, "delta": 30.490500688552856}, "costs": {"total_cost": 8235.072191714164, "time_cost": 150, "final_distance_cost": 900.0882501464324, "oscillation_cost": 14.770216707158585, "completition_cost": 1000.0, "overshoot_cost": 6030.096879144145, "power_cost": 44.42771658935547, "noise_cost": 95.68912912707171, "n_waypoints_completed": 0, "tot_waypoints": 9}}
{"target": -1638.8449518492355, "params": {"k_pid_pos": [2.0, 1.0, 0.970806896686554], "k_pid_alt": [2.0, 1.0, 0.9647858142852783], "k_pid_att": [1.221853494644165, 0.07538527995347977, 0.0], "k_pid_yaw": [0.5, 1e-06, 0.1], "k_pid_hsp": [9.989628791809082, 0.0, 0.041113853454589844], "k_pid_vsp": [351.9499816894531, 393.4586486816406, 400.0]}, "datetime": {"datetime": "2025-08-12 13:51:22", "elapsed": 77162.32978844643, "delta": 29.835320234298706}, "costs": {"total_cost": 1638.8449518492355, "time_cost": 150, "final_distance_cost": 12.798289607605707, "oscillation_cost": 298.215424753771, "completition_cost": 1000.0, "overshoot_cost": 119.7143092009845, "power_cost": 31.78913341064453, "noise_cost": 26.327794876229664, "n_waypoints_completed": 0, "tot_waypoints": 9}}
{"target": -8093.454610460676, "params": {"k_pid_pos": [2.0, 1.0, 0.8490680456161499], "k_pid_alt": [1.9988195896148682, 1.0, 1.0], "k_pid_att": [0.0, 9.999999747378752e-05, 0.0], "k_pid_yaw": [0.5, 1e-06, 0.1], "k_pid_hsp": [9.780444145202637, 0.005539566278457642, 0.0], "k_pid_vsp": [374.4398193359375, 400.0, 368.9473571777344]}, "datetime": {"datetime": "2025-08-12 13:51:54", "elapsed": 77193.42084240913, "delta": 31.09105396270752}, "costs": {"total_cost": 8093.454610460676, "time_cost": 150, "final_distance_cost": 1182.2231516000832, "oscillation_cost": 15.051385985629004, "completition_cost": 1000.0, "overshoot_cost": 5614.9769006205315, "power_cost": 44.72895623779297, "noise_cost": 86.47421601663957, "n_waypoints_completed": 0, "tot_waypoints": 9}}
{"target": -1413.5653700270282, "params": {"k_pid_pos": [2.0, 0.9412060379981995, 1.0], "k_pid_alt": [1.984070897102356, 1.0, 0.954116940498352], "k_pid_att": [6.059723854064941, 9.999999747378752e-05, 0.04118698835372925], "k_pid_yaw": [0.5, 1e-06, 0.1], "k_pid_hsp": [10.0, 0.0, 0.011781454086303711], "k_pid_vsp": [400.0, 368.8439636230469, 383.8294372558594]}, "datetime": {"datetime": "2025-08-12 13:52:25", "elapsed": 77224.4857738018, "delta": 31.064931392669678}, "costs": {"total_cost": 1413.5653700270282, "time_cost": 150, "final_distance_cost": 52.61724140802319, "oscillation_cost": 411.68723605066583, "completition_cost": 666.6666666666667, "overshoot_cost": 71.3170392367096, "power_cost": 31.776577636718752, "noise_cost": 29.50060902824413, "n_waypoints_completed": 3, "tot_waypoints": 9}}
{"target": -2638.282915048157, "params": {"k_pid_pos": [1.9151136875152588, 1.0, 1.0], "k_pid_alt": [2.0, 0.9132521152496338, 1.0], "k_pid_att": [0.0, 9.999999747378752e-05, 0.09205493330955505], "k_pid_yaw": [0.5, 1e-06, 0.1], "k_pid_hsp": [10.0, 0.0, 0.0], "k_pid_vsp": [360.2246398925781, 400.0, 400.0]}, "datetime": {"datetime": "2025-08-12 13:52:57", "elapsed": 77256.37018060684, "delta": 31.884406805038452}, "costs": {"total_cost": 2638.282915048157, "time_cost": 150, "final_distance_cost": 391.0847233547426, "oscillation_cost": 2.8743152022184355, "completition_cost": 1000.0, "overshoot_cost": 951.3064078608351, "power_cost": 29.203896020507813, "noise_cost": 113.81357260985291, "n_waypoints_completed": 0, "tot_waypoints": 9}}
{"target": -4374.249068725634, "params": {"k_pid_pos": [1.8477966785430908, 1.0, 0.9703701734542847], "k_pid_alt": [2.0, 0.9537756443023682, 1.0], "k_pid_att": [0.0, 0.7426114678382874, 0.04644778370857239], "k_pid_yaw": [0.5, 1e-06, 0.1], "k_pid_hsp": [9.776235580444336, 0.0634145736694336, 0.0], "k_pid_vsp": [376.3995056152344, 400.0, 400.0]}, "datetime": {"datetime": "2025-08-12 13:53:27", "elapsed": 77286.82234239578, "delta": 30.45216178894043}, "costs": {"total_cost": 4374.249068725634, "time_cost": 150, "final_distance_cost": 288.0518681689878, "oscillation_cost": 2084.889776688741, "completition_cost": 1000.0, "overshoot_cost": 620.5911287769344, "power_cost": 57.18749831542969, "noise_cost": 173.5287967755413, "n_waypoints_completed": 0, "tot_waypoints": 9}}
{"target": -8141.638360351591, "params": {"k_pid_pos": [1.9685003757476807, 0.991148829460144, 1.0], "k_pid_alt": [1.9737963676452637, 1.0, 1.0], "k_pid_att": [0.0, 9.999999747378752e-05, 0.0], "k_pid_yaw": [0.5, 1e-06, 0.1], "k_pid_hsp": [9.648272514343262, 0.0, 0.025662750005722046], "k_pid_vsp": [400.0, 400.0, 373.5113525390625]}, "datetime": {"datetime": "2025-08-12 13:53:57", "elapsed": 77317.0483751297, "delta": 30.226032733917236}, "costs": {"total_cost": 8141.638360351591, "time_cost": 150, "final_distance_cost": 1081.993709627615, "oscillation_cost": 15.166741977416157, "completition_cost": 1000.0, "overshoot_cost": 5765.946349749529, "power_cost": 45.88795617675782, "noise_cost": 82.64360282027287, "n_waypoints_completed": 0, "tot_waypoints": 9}}
{"target": -8114.351980181053, "params": {"k_pid_pos": [2.0, 1.0, 0.9357263445854187], "k_pid_alt": [1.8489006757736206, 0.982461154460907, 0.9973423480987549], "k_pid_att": [0.0, 9.999999747378752e-05, 0.0], "k_pid_yaw": [0.5, 1e-06, 0.1], "k_pid_hsp": [10.0, 0.0, 0.05936652421951294], "k_pid_vsp": [390.9181213378906, 400.0, 400.0]}, "datetime": {"datetime": "2025-08-12 13:54:27", "elapsed": 77347.13007903099, "delta": 30.081703901290894}, "costs": {"total_cost": 8114.351980181053, "time_cost": 150, "final_distance_cost": 681.0872468980098, "oscillation_cost": 14.690992959697075, "completition_cost": 1000.0, "overshoot_cost": 6127.951284949396, "power_cost": 44.60495506591797, "noise_cost": 96.01750030803227, "n_waypoints_completed": 0, "tot_waypoints": 9}}
{"target": -8746.263414957606, "params": {"k_pid_pos": [1.9729266166687012, 0.9888704419136047, 1.0], "k_pid_alt": [2.0, 1.0, 1.0], "k_pid_att": [0.0, 9.999999747378752e-05, 0.0], "k_pid_yaw": [0.5, 1e-06, 0.1], "k_pid_hsp": [10.0, 0.018803894519805908, 0.07788091897964478], "k_pid_vsp": [378.98785400390625, 400.0, 397.1795349121094]}, "datetime": {"datetime": "2025-08-12 13:54:57", "elapsed": 77377.20672249794, "delta": 30.076643466949463}, "costs": {"total_cost": 8746.263414957606, "time_cost": 150, "final_distance_cost": 476.7207530440074, "oscillation_cost": 14.5807945023145, "completition_cost": 1000.0, "overshoot_cost": 6957.709042849536, "power_cost": 46.68943919677734, "noise_cost": 100.56338536496982, "n_waypoints_completed": 0, "tot_waypoints": 9}}
{"target": -4916.402295761607, "params": {"k_pid_pos": [1.8986538648605347, 1.0, 1.0], "k_pid_alt": [1.9442306756973267, 1.0, 1.0], "k_pid_att": [0.0, 0.16782549023628235, 0.06308037042617798], "k_pid_yaw": [0.5, 1e-06, 0.1], "k_pid_hsp": [9.881275177001953, 0.0, 0.06338417530059814], "k_pid_vsp": [378.5382385253906, 396.20928955078125, 400.0]}, "datetime": {"datetime": "2025-08-12 13:55:24", "elapsed": 77404.05508160591, "delta": 26.84835910797119}, "costs": {"total_cost": 4916.402295761607, "time_cost": 150, "final_distance_cost": 702.7957996430059, "oscillation_cost": 797.9539404099909, "completition_cost": 1000.0, "overshoot_cost": 2041.9363174540335, "power_cost": 56.97614351806641, "noise_cost": 166.74009473651068, "n_waypoints_completed": 0, "tot_waypoints": 9}}
{"target": -5786.081155690758, "params": {"k_pid_pos": [2.0, 1.0, 1.0], "k_pid_alt": [1.9075239896774292, 1.0, 1.0], "k_pid_att": [0.0, 9.999999747378752e-05, 0.025425046682357788], "k_pid_yaw": [0.5, 1e-06, 0.1], "k_pid_hsp": [9.804261207580566, 0.0, 0.0], "k_pid_vsp": [396.27801513671875, 368.4077453613281, 390.523681640625]}, "datetime": {"datetime": "2025-08-12 13:55:57", "elapsed": 77437.06432747841, "delta": 33.00924587249756}, "costs": {"total_cost": 5786.081155690758, "time_cost": 150, "final_distance_cost": 1884.7515208475693, "oscillation_cost": 6.354205780398641, "completition_cost": 1000.0, "overshoot_cost": 2635.222758287563, "power_cost": 31.661730957031253, "noise_cost": 78.09093981819704, "n_waypoints_completed": 0, "tot_waypoints": 9}}
{"target": -5126.983332458097, "params": {"k_pid_pos": [2.0, 0.9833909273147583, 0.9584789276123047], "k_pid_alt": [1.849036693572998, 0.9959478378295898, 1.0], "k_pid_att": [0.0, 0.34557369351387024, 0.09061190485954285], "k_pid_yaw": [0.5, 1e-06, 0.1], "k_pid_hsp": [10.0, 0.0, 0.0], "k_pid_vsp": [382.99676513671875, 356.67901611328125, 400.0]}, "datetime": {"datetime": "2025-08-12 13:56:27", "elapsed": 77466.89410614967, "delta": 29.82977867126465}, "costs": {"total_cost": 5126.983332458097, "time_cost": 150, "final_distance_cost": 696.567725649702, "oscillation_cost": 1031.8280614851922, "completition_cost": 1000.0, "overshoot_cost": 2021.373687579342, "power_cost": 57.42796759033203, "noise_cost": 169.78589015352895, "n_waypoints_completed": 0, "tot_waypoints": 9}}
{"target": -1083.0107843415701, "params": {"k_pid_pos": [1.9387249946594238, 1.0, 0.8864660859107971], "k_pid_alt": [2.0, 0.9522795081138611, 1.0], "k_pid_att": [5.838301658630371, 9.999999747378752e-05, 0.0], "k_pid_yaw": [0.5, 1e-06, 0.1], "k_pid_hsp": [10.0, 0.0, 0.06436926126480103], "k_pid_vsp": [385.1515808105469, 400.0, 400.0]}, "datetime": {"datetime": "2025-08-12 13:56:57", "elapsed": 77496.88705563545, "delta": 29.99294948577881}, "costs": {"total_cost": 1083.0107843415701, "time_cost": 150, "final_distance_cost": 53.51299963713297, "oscillation_cost": 424.0840114075195, "completition_cost": 333.33333333333337, "overshoot_cost": 60.46257459256786, "power_cost": 32.14561466064453, "noise_cost": 29.472250710372027, "n_waypoints_completed": 6, "tot_waypoints": 9}}
{"target": -1684.9694382096495, "params": {"k_pid_pos": [2.0, 0.9795305132865906, 0.9496625661849976], "k_pid_alt": [2.0, 1.0, 0.9595558047294617], "k_pid_att": [4.701834678649902, 9.999999747378752e-05, 0.06807893514633179], "k_pid_yaw": [0.5, 1e-06, 0.1], "k_pid_hsp": [9.000210762023926, 0.05812859535217285, 0.0], "k_pid_vsp": [400.0, 400.0, 370.48333740234375]}, "datetime": {"datetime": "2025-08-12 13:57:30", "elapsed": 77530.25997591019, "delta": 33.3729202747345}, "costs": {"total_cost": 1684.9694382096495, "time_cost": 150, "final_distance_cost": 0.9998002163219667, "oscillation_cost": 323.2276578646786, "completition_cost": 1000.0, "overshoot_cost": 138.93363288045256, "power_cost": 30.084535461425784, "noise_cost": 41.72381178677067, "n_waypoints_completed": 0, "tot_waypoints": 9}}
