{"target": -10248.06033842974, "params": {"k_pid_pos": [1.9197016954421997, 0.9249388575553894, 0.978142261505127], "k_pid_alt": [1.9368443489074707, 0.9528912305831909, 1.0], "k_pid_att": [0.0, 0.753943681716919, 0.008654117584228516], "k_pid_yaw": [0.5, 1e-06, 0.1], "k_pid_hsp": [10.0, 0.0, 0.02592068910598755], "k_pid_vsp": [400.0, 400.0, 338.4128112792969]}, "datetime": {"datetime": "2025-08-12 09:47:19", "elapsed": 62518.80103325844, "delta": 28.797579288482666}, "costs": {"total_cost": 10248.06033842974, "time_cost": 150, "final_distance_cost": 2726.588437790603, "oscillation_cost": 2319.271569733001, "completition_cost": 1000.0, "overshoot_cost": 3819.6737700043454, "power_cost": 57.66320531005859, "noise_cost": 174.86335559173207, "n_waypoints_completed": 0, "tot_waypoints": 9}}
{"target": -1131.8562181850075, "params": {"k_pid_pos": [2.0, 1.0, 1.0], "k_pid_alt": [1.9863182306289673, 0.9736522436141968, 0.9927377104759216], "k_pid_att": [2.886432409286499, 9.999999747378752e-05, 0.0], "k_pid_yaw": [0.5, 1e-06, 0.1], "k_pid_hsp": [10.0, 0.0, 0.0], "k_pid_vsp": [400.0, 400.0, 374.2964172363281]}, "datetime": {"datetime": "2025-08-12 09:47:52", "elapsed": 62551.909054517746, "delta": 33.10802125930786}, "costs": {"total_cost": 1131.8562181850075, "time_cost": 150, "final_distance_cost": 54.58698441490973, "oscillation_cost": 351.96813346081825, "completition_cost": 444.4444444444444, "overshoot_cost": 69.26241421305248, "power_cost": 32.82622229003906, "noise_cost": 28.768019361743317, "n_waypoints_completed": 5, "tot_waypoints": 9}}
{"target": -696.1898130881025, "params": {"k_pid_pos": [2.0, 1.0, 1.0], "k_pid_alt": [1.9819564819335938, 0.9863731265068054, 1.0], "k_pid_att": [8.041292190551758, 9.999999747378752e-05, 0.11833423376083374], "k_pid_yaw": [0.5, 1e-06, 0.1], "k_pid_hsp": [9.88114070892334, 0.0, 0.0], "k_pid_vsp": [400.0, 366.9343566894531, 382.577392578125]}, "datetime": {"datetime": "2025-08-12 09:48:20", "elapsed": 62580.20366692543, "delta": 28.294612407684326}, "costs": {"total_cost": 696.1898130881025, "time_cost": 150, "final_distance_cost": 67.75244724641759, "oscillation_cost": 127.51569245628723, "completition_cost": 222.2222222222222, "overshoot_cost": 68.62585206707375, "power_cost": 31.8106009765625, "noise_cost": 28.262998119539194, "n_waypoints_completed": 7, "tot_waypoints": 9}}
{"target": -1072.5600280887973, "params": {"k_pid_pos": [2.0, 0.9388587474822998, 0.9639172554016113], "k_pid_alt": [2.0, 0.9942290782928467, 0.9904465675354004], "k_pid_att": [4.354619979858398, 9.999999747378752e-05, 0.0], "k_pid_yaw": [0.5, 1e-06, 0.1], "k_pid_hsp": [10.0, 0.0, 0.03294673562049866], "k_pid_vsp": [400.0, 400.0, 348.4266662597656]}, "datetime": {"datetime": "2025-08-12 09:48:49", "elapsed": 62608.55586314201, "delta": 28.352196216583252}, "costs": {"total_cost": 1072.5600280887973, "time_cost": 150, "final_distance_cost": 69.03243683499865, "oscillation_cost": 400.50930661300066, "completition_cost": 333.33333333333337, "overshoot_cost": 57.05017953999764, "power_cost": 33.092683129882815, "noise_cost": 29.542088637584037, "n_waypoints_completed": 6, "tot_waypoints": 9}}
{"target": -1214.6833609199816, "params": {"k_pid_pos": [2.0, 1.0, 0.9832358956336975], "k_pid_alt": [1.7649872303009033, 0.971009373664856, 0.9877855181694031], "k_pid_att": [2.5860695838928223, 9.999999747378752e-05, 0.0], "k_pid_yaw": [0.5, 1e-06, 0.1], "k_pid_hsp": [10.0, 0.11566996574401855, 0.04115188121795654], "k_pid_vsp": [385.06842041015625, 400.0, 387.26153564453125]}, "datetime": {"datetime": "2025-08-12 09:49:17", "elapsed": 62636.88117814064, "delta": 28.32531499862671}, "costs": {"total_cost": 1214.6833609199816, "time_cost": 150, "final_distance_cost": 43.151557277462544, "oscillation_cost": 333.3317520762663, "completition_cost": 555.5555555555555, "overshoot_cost": 71.22099765457865, "power_cost": 32.763186096191404, "noise_cost": 28.660312259927302, "n_waypoints_completed": 4, "tot_waypoints": 9}}
{"target": -1424.764795677887, "params": {"k_pid_pos": [1.8241972923278809, 0.979218065738678, 0.9823887348175049], "k_pid_alt": [1.9791913032531738, 0.9950447082519531, 0.9523710012435913], "k_pid_att": [0.032705068588256836, 9.999999747378752e-05, 0.051552385091781616], "k_pid_yaw": [0.5, 1e-06, 0.1], "k_pid_hsp": [9.428009986877441, 0.0632876455783844, 0.007631659507751465], "k_pid_vsp": [388.4518127441406, 400.0, 400.0]}, "datetime": {"datetime": "2025-08-12 09:49:44", "elapsed": 62663.50495958328, "delta": 26.623781442642212}, "costs": {"total_cost": 1424.764795677887, "time_cost": 150, "final_distance_cost": 45.28468692697835, "oscillation_cost": 30.529619028503603, "completition_cost": 1000.0, "overshoot_cost": 135.95654152896958, "power_cost": 30.911188195800783, "noise_cost": 32.08275999763453, "n_waypoints_completed": 0, "tot_waypoints": 9}}
{"target": -999.6993297144135, "params": {"k_pid_pos": [2.0, 1.0, 0.9643146991729736], "k_pid_alt": [2.0, 0.9980754256248474, 1.0], "k_pid_att": [1.8717467784881592, 0.9225033521652222, 0.0019774138927459717], "k_pid_yaw": [0.5, 1e-06, 0.1], "k_pid_hsp": [9.948965072631836, 0.03371688723564148, 0.05255964398384094], "k_pid_vsp": [400.0, 400.0, 400.0]}, "datetime": {"datetime": "2025-08-12 09:50:21", "elapsed": 62701.32495141029, "delta": 37.81999182701111}, "costs": {"total_cost": 999.6993297144135, "time_cost": 150, "final_distance_cost": 68.83138736624993, "oscillation_cost": 317.7649941564423, "completition_cost": 333.33333333333337, "overshoot_cost": 66.72120781455791, "power_cost": 34.06455894775391, "noise_cost": 28.98384809607605, "n_waypoints_completed": 6, "tot_waypoints": 9}}
{"target": -4954.50124603879, "params": {"k_pid_pos": [1.8379881381988525, 1.0, 1.0], "k_pid_alt": [1.9560914039611816, 0.8854062557220459, 0.9890588521957397], "k_pid_att": [0.0, 0.12257648259401321, 0.0], "k_pid_yaw": [0.5, 1e-06, 0.1], "k_pid_hsp": [9.425405502319336, 0.0, 0.0909695029258728], "k_pid_vsp": [380.7882080078125, 383.55157470703125, 400.0]}, "datetime": {"datetime": "2025-08-12 09:50:53", "elapsed": 62732.60465359688, "delta": 31.279702186584473}, "costs": {"total_cost": 4954.50124603879, "time_cost": 150, "final_distance_cost": 598.0840690674047, "oscillation_cost": 888.4194583651607, "completition_cost": 1000.0, "overshoot_cost": 2090.236273152878, "power_cost": 57.88855074462891, "noise_cost": 169.8728947087172, "n_waypoints_completed": 0, "tot_waypoints": 9}}
{"target": -1308.3079996498184, "params": {"k_pid_pos": [2.0, 0.9862337112426758, 0.9949092864990234], "k_pid_alt": [2.0, 1.0, 1.0], "k_pid_att": [4.444852352142334, 0.22575615346431732, 0.0], "k_pid_yaw": [0.5, 1e-06, 0.1], "k_pid_hsp": [10.0, 0.02362692356109619, 0.0], "k_pid_vsp": [400.0, 400.0, 400.0]}, "datetime": {"datetime": "2025-08-12 09:51:22", "elapsed": 62761.65729236603, "delta": 29.05263876914978}, "costs": {"total_cost": 1308.3079996498184, "time_cost": 150, "final_distance_cost": 42.09594716406495, "oscillation_cost": 429.4546708663546, "completition_cost": 555.5555555555555, "overshoot_cost": 69.47770876858178, "power_cost": 32.44242215576172, "noise_cost": 29.28169513949962, "n_waypoints_completed": 4, "tot_waypoints": 9}}
{"target": -6754.62231642795, "params": {"k_pid_pos": [1.829249620437622, 0.9850723147392273, 1.0], "k_pid_alt": [1.7603627443313599, 0.9830313324928284, 1.0], "k_pid_att": [0.0, 9.999999747378752e-05, 0.02126896381378174], "k_pid_yaw": [0.5, 1e-06, 0.1], "k_pid_hsp": [9.635098457336426, 0.0, 0.0], "k_pid_vsp": [399.302490234375, 400.0, 400.0]}, "datetime": {"datetime": "2025-08-12 09:51:52", "elapsed": 62791.690779447556, "delta": 30.03348708152771}, "costs": {"total_cost": 6754.62231642795, "time_cost": 150, "final_distance_cost": 2066.5781616572517, "oscillation_cost": 7.074941751831368, "completition_cost": 1000.0, "overshoot_cost": 3424.111781132835, "power_cost": 32.93629364013672, "noise_cost": 73.921138245895, "n_waypoints_completed": 0, "tot_waypoints": 9}}
{"target": -4857.027765847741, "params": {"k_pid_pos": [1.8633283376693726, 0.9890902042388916, 0.940818190574646], "k_pid_alt": [1.877819299697876, 0.9720129370689392, 1.0], "k_pid_att": [0.0, 9.999999747378752e-05, 0.0334412157535553], "k_pid_yaw": [0.5, 1e-06, 0.1], "k_pid_hsp": [9.525811195373535, 0.12470102310180664, 0.025936245918273926], "k_pid_vsp": [400.0, 400.0, 399.5732421875]}, "datetime": {"datetime": "2025-08-12 09:52:24", "elapsed": 62824.34350299835, "delta": 32.65272355079651}, "costs": {"total_cost": 4857.027765847741, "time_cost": 150, "final_distance_cost": 1379.4035461536957, "oscillation_cost": 5.36839608738175, "completition_cost": 1000.0, "overshoot_cost": 2209.6757650130658, "power_cost": 30.783977600097657, "noise_cost": 81.79608099350013, "n_waypoints_completed": 0, "tot_waypoints": 9}}
{"target": -1173.2126162043012, "params": {"k_pid_pos": [2.0, 1.0, 1.0], "k_pid_alt": [2.0, 0.9697631597518921, 1.0], "k_pid_att": [0.8135169744491577, 9.999999747378752e-05, 0.0], "k_pid_yaw": [0.5, 1e-06, 0.1], "k_pid_hsp": [9.670851707458496, 0.02363187074661255, 0.015599936246871948], "k_pid_vsp": [379.1314697265625, 379.69793701171875, 399.4014587402344]}, "datetime": {"datetime": "2025-08-12 09:52:56", "elapsed": 62855.45308685303, "delta": 31.109583854675293}, "costs": {"total_cost": 1173.2126162043012, "time_cost": 150, "final_distance_cost": 56.980074711466095, "oscillation_cost": 167.24027463175094, "completition_cost": 666.6666666666667, "overshoot_cost": 68.63248767871909, "power_cost": 33.81336177978516, "noise_cost": 29.879750735913255, "n_waypoints_completed": 3, "tot_waypoints": 9}}
{"target": -1602.6661229891874, "params": {"k_pid_pos": [1.9547189474105835, 0.9330668449401855, 1.0], "k_pid_alt": [1.9172403812408447, 0.9959697127342224, 0.9993810653686523], "k_pid_att": [4.217386245727539, 9.999999747378752e-05, 0.0], "k_pid_yaw": [0.5, 1e-06, 0.1], "k_pid_hsp": [9.719106674194336, 0.0, 0.15491750836372375], "k_pid_vsp": [360.4952392578125, 361.6035461425781, 398.3334045410156]}, "datetime": {"datetime": "2025-08-12 09:53:24", "elapsed": 62884.10625457764, "delta": 28.653167724609375}, "costs": {"total_cost": 1602.6661229891874, "time_cost": 150, "final_distance_cost": 87.28122643934181, "oscillation_cost": 453.42437717743053, "completition_cost": 777.7777777777778, "overshoot_cost": 73.9945075444753, "power_cost": 32.282561669921876, "noise_cost": 27.905672380240098, "n_waypoints_completed": 2, "tot_waypoints": 9}}
{"target": -5901.52625339339, "params": {"k_pid_pos": [1.9086768627166748, 0.9214711785316467, 0.9883184432983398], "k_pid_alt": [2.0, 1.0, 1.0], "k_pid_att": [0.0, 9.999999747378752e-05, 0.027776330709457397], "k_pid_yaw": [0.5, 1e-06, 0.1], "k_pid_hsp": [10.0, 0.0, 0.015708327293395996], "k_pid_vsp": [400.0, 400.0, 396.808349609375]}, "datetime": {"datetime": "2025-08-12 09:53:54", "elapsed": 62913.81039881706, "delta": 29.70414423942566}, "costs": {"total_cost": 5901.52625339339, "time_cost": 150, "final_distance_cost": 1917.0675331510442, "oscillation_cost": 6.022137968641427, "completition_cost": 1000.0, "overshoot_cost": 2721.093176087931, "power_cost": 31.283170715332034, "noise_cost": 76.06023547044157, "n_waypoints_completed": 0, "tot_waypoints": 9}}
{"target": -4925.741279360265, "params": {"k_pid_pos": [1.992203950881958, 1.0, 1.0], "k_pid_alt": [1.9968116283416748, 0.9543818235397339, 1.0], "k_pid_att": [0.0, 9.999999747378752e-05, 0.037037163972854614], "k_pid_yaw": [0.5, 1e-06, 0.1], "k_pid_hsp": [10.0, 0.0, 0.0], "k_pid_vsp": [400.0, 397.2049560546875, 395.09210205078125]}, "datetime": {"datetime": "2025-08-12 09:54:22", "elapsed": 62942.07141518593, "delta": 28.261016368865967}, "costs": {"total_cost": 4925.741279360265, "time_cost": 150, "final_distance_cost": 1094.1107099886483, "oscillation_cost": 5.005198160431006, "completition_cost": 1000.0, "overshoot_cost": 2561.912893177695, "power_cost": 30.60488543701172, "noise_cost": 84.10759259647861, "n_waypoints_completed": 0, "tot_waypoints": 9}}
{"target": -4596.94316298921, "params": {"k_pid_pos": [2.0, 0.9646772742271423, 1.0], "k_pid_alt": [1.9745876789093018, 0.9164296388626099, 0.9945948719978333], "k_pid_att": [0.0, 9.999999747378752e-05, 0.046186625957489014], "k_pid_yaw": [0.5, 1e-06, 0.1], "k_pid_hsp": [10.0, 0.043916791677474976, 0.0005599856376647949], "k_pid_vsp": [400.0, 390.7900695800781, 393.4061279296875]}, "datetime": {"datetime": "2025-08-12 09:54:50", "elapsed": 62969.6984372139, "delta": 27.62702202796936}, "costs": {"total_cost": 4596.94316298921, "time_cost": 150, "final_distance_cost": 770.6442083384562, "oscillation_cost": 4.328050674489682, "completition_cost": 1000.0, "overshoot_cost": 2551.922130145952, "power_cost": 30.09040417480469, "noise_cost": 89.95836965550708, "n_waypoints_completed": 0, "tot_waypoints": 9}}
{"target": -1739.9603453826005, "params": {"k_pid_pos": [2.0, 1.0, 1.0], "k_pid_alt": [1.999243974685669, 1.0, 1.0], "k_pid_att": [2.7382075786590576, 9.999999747378752e-05, 0.057376742362976074], "k_pid_yaw": [0.5, 1e-06, 0.1], "k_pid_hsp": [9.755125999450684, 0.03430262207984924, 0.0], "k_pid_vsp": [383.20904541015625, 381.430419921875, 400.0]}, "datetime": {"datetime": "2025-08-12 09:55:18", "elapsed": 62998.134313344955, "delta": 28.43587613105774}, "costs": {"total_cost": 1739.9603453826005, "time_cost": 150, "final_distance_cost": 0.9982300671219545, "oscillation_cost": 293.4592137647082, "completition_cost": 1000.0, "overshoot_cost": 160.29653260118965, "power_cost": 29.425082922363284, "noise_cost": 105.78128602721745, "n_waypoints_completed": 0, "tot_waypoints": 9}}
{"target": -1261.1335052877025, "params": {"k_pid_pos": [2.0, 0.9571933746337891, 0.9920494556427002], "k_pid_alt": [2.0, 0.9994752407073975, 0.9432305097579956], "k_pid_att": [3.023463487625122, 0.5355672836303711, 0.0], "k_pid_yaw": [0.5, 1e-06, 0.1], "k_pid_hsp": [9.435341835021973, 0.0, 0.0], "k_pid_vsp": [400.0, 375.0068664550781, 380.9739685058594]}, "datetime": {"datetime": "2025-08-12 09:55:47", "elapsed": 63026.68350172043, "delta": 28.549188375473022}, "costs": {"total_cost": 1261.1335052877025, "time_cost": 150, "final_distance_cost": 44.03744382660792, "oscillation_cost": 382.84379549815077, "completition_cost": 555.5555555555555, "overshoot_cost": 67.42135675538921, "power_cost": 32.43212702636719, "noise_cost": 28.84322662563191, "n_waypoints_completed": 4, "tot_waypoints": 9}}
{"target": -1160.9326357589416, "params": {"k_pid_pos": [1.9207732677459717, 1.0, 1.0], "k_pid_alt": [2.0, 1.0, 1.0], "k_pid_att": [4.955887794494629, 9.999999747378752e-05, 0.023543983697891235], "k_pid_yaw": [0.5, 1e-06, 0.1], "k_pid_hsp": [9.976648330688477, 0.0794224739074707, 0.08561906218528748], "k_pid_vsp": [400.0, 371.3356628417969, 378.6285095214844]}, "datetime": {"datetime": "2025-08-12 09:56:15", "elapsed": 63054.53512740135, "delta": 27.851625680923462}, "costs": {"total_cost": 1160.9326357589416, "time_cost": 150, "final_distance_cost": 53.346815996108624, "oscillation_cost": 390.61714194818296, "completition_cost": 444.4444444444444, "overshoot_cost": 60.49908292240556, "power_cost": 32.54367947998047, "noise_cost": 29.481470967819636, "n_waypoints_completed": 5, "tot_waypoints": 9}}
{"target": -892.5222228988246, "params": {"k_pid_pos": [2.0, 0.9396206140518188, 1.0], "k_pid_alt": [1.916583776473999, 0.9205597639083862, 1.0], "k_pid_att": [0.9321719408035278, 0.3051120936870575, 0.0], "k_pid_yaw": [0.5, 1e-06, 0.1], "k_pid_hsp": [10.0, 0.11502775549888611, 0.06690752506256104], "k_pid_vsp": [380.0466003417969, 400.0, 389.6340026855469]}, "datetime": {"datetime": "2025-08-12 09:56:43", "elapsed": 63083.078796863556, "delta": 28.54366946220398}, "costs": {"total_cost": 892.5222228988246, "time_cost": 150, "final_distance_cost": 52.14054199037715, "oscillation_cost": 228.35255219373627, "completition_cost": 333.33333333333337, "overshoot_cost": 63.594030802421216, "power_cost": 34.678038110351565, "noise_cost": 30.423726468605032, "n_waypoints_completed": 6, "tot_waypoints": 9}}
{"target": -11505.791759593034, "params": {"k_pid_pos": [1.9460464715957642, 0.9964237213134766, 1.0], "k_pid_alt": [2.0, 0.9811806678771973, 1.0], "k_pid_att": [0.0, 0.4185388684272766, 0.0], "k_pid_yaw": [0.5, 1e-06, 0.1], "k_pid_hsp": [9.657891273498535, 0.0, 0.0], "k_pid_vsp": [400.0, 374.8362731933594, 397.43212890625]}, "datetime": {"datetime": "2025-08-12 09:57:11", "elapsed": 63110.92033743858, "delta": 27.841540575027466}, "costs": {"total_cost": 11505.791759593034, "time_cost": 150, "final_distance_cost": 3663.110476445874, "oscillation_cost": 1795.631670841348, "completition_cost": 1000.0, "overshoot_cost": 4663.563031733203, "power_cost": 58.042837023925784, "noise_cost": 175.44374354868228, "n_waypoints_completed": 0, "tot_waypoints": 9}}
{"target": -1257.3717757928282, "params": {"k_pid_pos": [2.0, 1.0, 1.0], "k_pid_alt": [1.8793056011199951, 0.9720646142959595, 1.0], "k_pid_att": [10.839807510375977, 9.999999747378752e-05, 0.0], "k_pid_yaw": [0.5, 1e-06, 0.1], "k_pid_hsp": [10.0, 0.0, 0.04486805200576782], "k_pid_vsp": [352.9853515625, 400.0, 373.8544921875]}, "datetime": {"datetime": "2025-08-12 09:57:42", "elapsed": 63141.56812167168, "delta": 30.64778423309326}, "costs": {"total_cost": 1257.3717757928282, "time_cost": 150, "final_distance_cost": 46.949673012549, "oscillation_cost": 495.87510483474983, "completition_cost": 444.4444444444444, "overshoot_cost": 57.7912043458503, "power_cost": 32.25038662109375, "noise_cost": 30.060962534140995, "n_waypoints_completed": 5, "tot_waypoints": 9}}
{"target": -1108.393594355578, "params": {"k_pid_pos": [2.0, 0.9368445873260498, 0.9650574922561646], "k_pid_alt": [2.0, 1.0, 0.944452166557312], "k_pid_att": [11.635676383972168, 0.17195725440979004, 0.02141466736793518], "k_pid_yaw": [0.5, 1e-06, 0.1], "k_pid_hsp": [10.0, 0.0, 0.0], "k_pid_vsp": [400.0, 400.0, 400.0]}, "datetime": {"datetime": "2025-08-12 09:58:11", "elapsed": 63171.216973781586, "delta": 29.648852109909058}, "costs": {"total_cost": 1108.393594355578, "time_cost": 150, "final_distance_cost": 69.61390987624965, "oscillation_cost": 430.9731560030614, "completition_cost": 333.33333333333337, "overshoot_cost": 62.6831678245884, "power_cost": 31.761316430664063, "noise_cost": 30.02871088768109, "n_waypoints_completed": 6, "tot_waypoints": 9}}
{"target": -1321.1850752291255, "params": {"k_pid_pos": [1.9264129400253296, 0.9788855910301208, 1.0], "k_pid_alt": [2.0, 1.0, 0.9371711611747742], "k_pid_att": [8.385396003723145, 9.999999747378752e-05, 0.05288711190223694], "k_pid_yaw": [0.5, 1e-06, 0.1], "k_pid_hsp": [10.0, 0.0021196603775024414, 0.017341256141662598], "k_pid_vsp": [400.0, 400.0, 400.0]}, "datetime": {"datetime": "2025-08-12 09:58:42", "elapsed": 63202.15915966034, "delta": 30.942185878753662}, "costs": {"total_cost": 1321.1850752291255, "time_cost": 150, "final_distance_cost": 41.852869074055064, "oscillation_cost": 437.21738979828115, "completition_cost": 555.5555555555555, "overshoot_cost": 75.85953960489763, "power_cost": 32.27810260009766, "noise_cost": 28.42161859623834, "n_waypoints_completed": 4, "tot_waypoints": 9}}
{"target": -8013.174478532279, "params": {"k_pid_pos": [2.0, 0.9970299005508423, 0.9681923389434814], "k_pid_alt": [2.0, 1.0, 0.9889905452728271], "k_pid_att": [0.0, 9.999999747378752e-05, 0.0], "k_pid_yaw": [0.5, 1e-06, 0.1], "k_pid_hsp": [9.083126068115234, 0.03665214776992798, 0.0], "k_pid_vsp": [400.0, 400.0, 394.56689453125]}, "datetime": {"datetime": "2025-08-12 09:59:12", "elapsed": 63231.374015808105, "delta": 29.214856147766113}, "costs": {"total_cost": 8013.174478532279, "time_cost": 150, "final_distance_cost": 998.0561097895021, "oscillation_cost": 14.892500034460559, "completition_cost": 1000.0, "overshoot_cost": 5716.37284985235, "power_cost": 44.34725158691406, "noise_cost": 89.50576726905278, "n_waypoints_completed": 0, "tot_waypoints": 9}}
{"target": -859.5760722905932, "params": {"k_pid_pos": [1.862830400466919, 1.0, 0.9978576898574829], "k_pid_alt": [2.0, 0.99984210729599, 0.96112060546875], "k_pid_att": [8.735513687133789, 9.999999747378752e-05, 0.08519387245178223], "k_pid_yaw": [0.5, 1e-06, 0.1], "k_pid_hsp": [10.0, 0.0, 0.0], "k_pid_vsp": [400.0, 390.76861572265625, 400.0]}, "datetime": {"datetime": "2025-08-12 09:59:40", "elapsed": 63259.73516225815, "delta": 28.361146450042725}, "costs": {"total_cost": 859.5760722905932, "time_cost": 150, "final_distance_cost": 76.8601427701514, "oscillation_cost": 281.89834250578593, "completition_cost": 222.2222222222222, "overshoot_cost": 68.67676173270668, "power_cost": 31.535769140625, "noise_cost": 28.38283391910189, "n_waypoints_completed": 7, "tot_waypoints": 9}}
{"target": -1537.7596959080968, "params": {"k_pid_pos": [2.0, 1.0, 1.0], "k_pid_alt": [2.0, 0.9397832155227661, 0.9775786399841309], "k_pid_att": [3.090345859527588, 0.32741859555244446, 0.05833587050437927], "k_pid_yaw": [0.5, 1e-06, 0.1], "k_pid_hsp": [10.0, 0.0, 0.009060770273208618], "k_pid_vsp": [400.0, 389.98040771484375, 354.3778991699219]}, "datetime": {"datetime": "2025-08-12 10:00:08", "elapsed": 63287.3965215683, "delta": 27.661359310150146}, "costs": {"total_cost": 1537.7596959080968, "time_cost": 150, "final_distance_cost": 20.336034694368685, "oscillation_cost": 203.978831573595, "completition_cost": 1000.0, "overshoot_cost": 107.23683055573917, "power_cost": 29.913578833007815, "noise_cost": 26.294420251386132, "n_waypoints_completed": 0, "tot_waypoints": 9}}
