{"target": -5852.40684912716, "params": {"k_pid_pos": [2.0, 1.0, 0.961079478263855], "k_pid_alt": [1.8669304847717285, 1.0, 0.8580915331840515], "k_pid_att": [0.0, 9.999999747378752e-05, 0.024228572845458984], "k_pid_yaw": [0.5, 1e-06, 0.1], "k_pid_hsp": [10.0, 0.11394438147544861, 0.0], "k_pid_vsp": [391.2234191894531, 400.0, 400.0]}, "datetime": {"datetime": "2025-08-12 00:56:46", "elapsed": 30686.09808754921, "delta": 31.105334281921387}, "costs": {"total_cost": 5852.40684912716, "time_cost": 150, "final_distance_cost": 1888.0970881454614, "oscillation_cost": 6.462784317728246, "completition_cost": 1000.0, "overshoot_cost": 2697.9788345443912, "power_cost": 31.928789758300784, "noise_cost": 77.93935236127793, "n_waypoints_completed": 0, "tot_waypoints": 9}}
{"target": -8318.031387508154, "params": {"k_pid_pos": [1.9805150032043457, 1.0, 1.0], "k_pid_alt": [2.0, 0.9579348564147949, 1.0], "k_pid_att": [0.0, 9.999999747378752e-05, 0.0], "k_pid_yaw": [0.5, 1e-06, 0.1], "k_pid_hsp": [9.562127113342285, 0.0, 0.0], "k_pid_vsp": [400.0, 375.485107421875, 400.0]}, "datetime": {"datetime": "2025-08-12 00:57:17", "elapsed": 30716.850378513336, "delta": 30.752290964126587}, "costs": {"total_cost": 8318.031387508154, "time_cost": 150, "final_distance_cost": 913.8275781654042, "oscillation_cost": 14.780017617708271, "completition_cost": 1000.0, "overshoot_cost": 6099.62409784964, "power_cost": 44.52176346435547, "noise_cost": 95.27793041104636, "n_waypoints_completed": 0, "tot_waypoints": 9}}
{"target": -1859.2934632440467, "params": {"k_pid_pos": [2.0, 0.9723477363586426, 1.0], "k_pid_alt": [2.0, 0.9989961981773376, 0.9599251747131348], "k_pid_att": [6.352424621582031, 0.30652916431427, 0.01974385976791382], "k_pid_yaw": [0.5, 1e-06, 0.1], "k_pid_hsp": [10.0, 0.09677734971046448, 0.0], "k_pid_vsp": [376.9952392578125, 398.19940185546875, 400.0]}, "datetime": {"datetime": "2025-08-12 00:57:48", "elapsed": 30748.020909309387, "delta": 31.170530796051025}, "costs": {"total_cost": 1859.2934632440467, "time_cost": 150, "final_distance_cost": 18.09912580204161, "oscillation_cost": 513.7092893462714, "completition_cost": 1000.0, "overshoot_cost": 118.58369416072539, "power_cost": 31.268016369628906, "noise_cost": 27.633337565379485, "n_waypoints_completed": 0, "tot_waypoints": 9}}
{"target": -1236.5155904887317, "params": {"k_pid_pos": [1.8001371622085571, 1.0, 1.0], "k_pid_alt": [1.7846686840057373, 0.9813617467880249, 0.9855368137359619], "k_pid_att": [2.569899082183838, 9.999999747378752e-05, 0.0034171640872955322], "k_pid_yaw": [0.5, 1e-06, 0.1], "k_pid_hsp": [9.131550788879395, 0.0, 0.004853725433349609], "k_pid_vsp": [400.0, 400.0, 385.771240234375]}, "datetime": {"datetime": "2025-08-12 00:58:19", "elapsed": 30779.12142753601, "delta": 31.100518226623535}, "costs": {"total_cost": 1236.5155904887317, "time_cost": 150, "final_distance_cost": 39.67056049287406, "oscillation_cost": 356.2869496801189, "completition_cost": 555.5555555555555, "overshoot_cost": 75.9461507696585, "power_cost": 31.96253581542969, "noise_cost": 27.09383817509497, "n_waypoints_completed": 4, "tot_waypoints": 9}}
{"target": -1069.1487292128224, "params": {"k_pid_pos": [1.8708117008209229, 0.9370244741439819, 0.9596260786056519], "k_pid_alt": [2.0, 0.9762159585952759, 1.0], "k_pid_att": [0.21194219589233398, 9.999999747378752e-05, 0.0], "k_pid_yaw": [0.5, 1e-06, 0.1], "k_pid_hsp": [9.844780921936035, 0.04799237847328186, 0.03932148218154907], "k_pid_vsp": [400.0, 400.0, 379.32696533203125]}, "datetime": {"datetime": "2025-08-12 00:58:50", "elapsed": 30810.078256368637, "delta": 30.956828832626343}, "costs": {"total_cost": 1069.1487292128224, "time_cost": 150, "final_distance_cost": 44.17068396392246, "oscillation_cost": 82.01662368441399, "completition_cost": 666.6666666666667, "overshoot_cost": 63.6290024167707, "power_cost": 34.028389660644535, "noise_cost": 28.63736282040385, "n_waypoints_completed": 3, "tot_waypoints": 9}}
{"target": -1652.6066880976296, "params": {"k_pid_pos": [1.8596059083938599, 0.9702807664871216, 1.0], "k_pid_alt": [2.0, 1.0, 0.92200767993927], "k_pid_att": [1.5665024518966675, 0.09205414354801178, 0.0], "k_pid_yaw": [0.5, 1e-06, 0.1], "k_pid_hsp": [9.987799644470215, 0.02649247646331787, 0.051878929138183594], "k_pid_vsp": [393.67987060546875, 381.2320556640625, 400.0]}, "datetime": {"datetime": "2025-08-12 00:59:21", "elapsed": 30840.810746908188, "delta": 30.73249053955078}, "costs": {"total_cost": 1652.6066880976296, "time_cost": 150, "final_distance_cost": 38.20648377524647, "oscillation_cost": 327.67817536552457, "completition_cost": 1000.0, "overshoot_cost": 78.49911290408738, "power_cost": 31.510945654296876, "noise_cost": 26.711970398474406, "n_waypoints_completed": 0, "tot_waypoints": 9}}
{"target": -1453.9197568046366, "params": {"k_pid_pos": [1.8464075326919556, 1.0, 1.0], "k_pid_alt": [1.8751535415649414, 1.0, 1.0], "k_pid_att": [4.11386775970459, 9.999999747378752e-05, 0.10313999652862549], "k_pid_yaw": [0.5, 1e-06, 0.1], "k_pid_hsp": [10.0, 0.0, 0.0009483098983764648], "k_pid_vsp": [400.0, 400.0, 400.0]}, "datetime": {"datetime": "2025-08-12 00:59:52", "elapsed": 30871.84269952774, "delta": 31.031952619552612}, "costs": {"total_cost": 1453.9197568046366, "time_cost": 150, "final_distance_cost": 0.9958270481636101, "oscillation_cost": 18.10220147160211, "completition_cost": 1000.0, "overshoot_cost": 157.2835842555625, "power_cost": 29.460809020996095, "noise_cost": 98.07733500831233, "n_waypoints_completed": 0, "tot_waypoints": 9}}
{"target": -1237.9679159071388, "params": {"k_pid_pos": [2.0, 1.0, 0.9115952253341675], "k_pid_alt": [1.9546444416046143, 0.9085463285446167, 1.0], "k_pid_att": [2.8631062507629395, 9.999999747378752e-05, 0.0], "k_pid_yaw": [0.5, 1e-06, 0.1], "k_pid_hsp": [9.63665771484375, 0.0, 0.03940451145172119], "k_pid_vsp": [400.0, 400.0, 400.0]}, "datetime": {"datetime": "2025-08-12 01:00:23", "elapsed": 30902.66991877556, "delta": 30.827219247817993}, "costs": {"total_cost": 1237.9679159071388, "time_cost": 150, "final_distance_cost": 41.82713658086279, "oscillation_cost": 359.43130836360996, "completition_cost": 555.5555555555555, "overshoot_cost": 70.02532016487417, "power_cost": 32.43570900878906, "noise_cost": 28.692886233447442, "n_waypoints_completed": 4, "tot_waypoints": 9}}
{"target": -4220.580135930072, "params": {"k_pid_pos": [1.9887785911560059, 0.9511890411376953, 0.8806999921798706], "k_pid_alt": [1.9768962860107422, 1.0, 0.9137783646583557], "k_pid_att": [0.0, 0.5052756071090698, 0.0], "k_pid_yaw": [0.5, 1e-06, 0.1], "k_pid_hsp": [9.970951080322266, 0.008632898330688477, 0.02655816078186035], "k_pid_vsp": [392.41815185546875, 400.0, 400.0]}, "datetime": {"datetime": "2025-08-12 01:00:53", "elapsed": 30933.27771115303, "delta": 30.607792377471924}, "costs": {"total_cost": 4220.580135930072, "time_cost": 150, "final_distance_cost": 256.4531947671331, "oscillation_cost": 1880.5643350100593, "completition_cost": 1000.0, "overshoot_cost": 703.0446628259618, "power_cost": 57.12014802246094, "noise_cost": 173.3977953044566, "n_waypoints_completed": 0, "tot_waypoints": 9}}
{"target": -8103.319611178589, "params": {"k_pid_pos": [2.0, 1.0, 0.9555158615112305], "k_pid_alt": [1.9107470512390137, 0.925381600856781, 1.0], "k_pid_att": [0.0, 9.999999747378752e-05, 0.0], "k_pid_yaw": [0.5, 1e-06, 0.1], "k_pid_hsp": [9.870091438293457, 0.0, 0.0], "k_pid_vsp": [400.0, 400.0, 372.1136474609375]}, "datetime": {"datetime": "2025-08-12 01:01:25", "elapsed": 30964.56302499771, "delta": 31.285313844680786}, "costs": {"total_cost": 8103.319611178589, "time_cost": 150, "final_distance_cost": 1200.1643482673514, "oscillation_cost": 15.278974151305006, "completition_cost": 1000.0, "overshoot_cost": 5612.517471384132, "power_cost": 45.301126879882816, "noise_cost": 80.05769049591919, "n_waypoints_completed": 0, "tot_waypoints": 9}}
{"target": -4560.289238088829, "params": {"k_pid_pos": [1.829519510269165, 0.9817497730255127, 1.0], "k_pid_alt": [1.9747111797332764, 1.0, 0.9144794940948486], "k_pid_att": [0.0, 0.27318307757377625, 0.0], "k_pid_yaw": [0.5, 1e-06, 0.1], "k_pid_hsp": [10.0, 0.0, 0.06586471199989319], "k_pid_vsp": [400.0, 400.0, 369.2265625]}, "datetime": {"datetime": "2025-08-12 01:01:55", "elapsed": 30994.974975824356, "delta": 30.411950826644897}, "costs": {"total_cost": 4560.289238088829, "time_cost": 150, "final_distance_cost": 638.853181235036, "oscillation_cost": 1312.9495264806665, "completition_cost": 1000.0, "overshoot_cost": 1229.6547050504016, "power_cost": 57.976078222656255, "noise_cost": 170.85574710006887, "n_waypoints_completed": 0, "tot_waypoints": 9}}
{"target": -8218.20230756283, "params": {"k_pid_pos": [2.0, 1.0, 0.9904096126556396], "k_pid_alt": [1.9519531726837158, 1.0, 0.9976624846458435], "k_pid_att": [0.0, 9.999999747378752e-05, 0.0], "k_pid_yaw": [0.5, 1e-06, 0.1], "k_pid_hsp": [10.0, 0.0, 0.0], "k_pid_vsp": [396.3639831542969, 400.0, 400.0]}, "datetime": {"datetime": "2025-08-12 01:02:26", "elapsed": 31026.15207338333, "delta": 31.17709755897522}, "costs": {"total_cost": 8218.20230756283, "time_cost": 150, "final_distance_cost": 968.6488183599274, "oscillation_cost": 14.703665045299154, "completition_cost": 1000.0, "overshoot_cost": 5946.782561480063, "power_cost": 44.30891483154297, "noise_cost": 93.75834784599623, "n_waypoints_completed": 0, "tot_waypoints": 9}}
{"target": -1755.7097498886951, "params": {"k_pid_pos": [1.9873628616333008, 1.0, 0.993260383605957], "k_pid_alt": [2.0, 0.9261012673377991, 1.0], "k_pid_att": [2.841475486755371, 9.999999747378752e-05, 0.004807770252227783], "k_pid_yaw": [0.5, 1e-06, 0.1], "k_pid_hsp": [10.0, 0.05069148540496826, 0.0], "k_pid_vsp": [353.0222473144531, 391.5484924316406, 388.4666442871094]}, "datetime": {"datetime": "2025-08-12 01:02:58", "elapsed": 31057.860004901886, "delta": 31.707931518554688}, "costs": {"total_cost": 1755.7097498886951, "time_cost": 150, "final_distance_cost": 13.703293278082295, "oscillation_cost": 406.43709474692866, "completition_cost": 1000.0, "overshoot_cost": 128.1285734552925, "power_cost": 30.90394948730469, "noise_cost": 26.536838921086886, "n_waypoints_completed": 0, "tot_waypoints": 9}}
{"target": -1754.1566964922029, "params": {"k_pid_pos": [1.9976056814193726, 0.9237695932388306, 0.9930572509765625], "k_pid_alt": [2.0, 1.0, 0.996912956237793], "k_pid_att": [3.3431859016418457, 9.999999747378752e-05, 0.039631277322769165], "k_pid_yaw": [0.5, 1e-06, 0.1], "k_pid_hsp": [9.975109100341797, 0.0, 0.006867021322250366], "k_pid_vsp": [400.0, 400.0, 400.0]}, "datetime": {"datetime": "2025-08-12 01:03:29", "elapsed": 31089.35210251808, "delta": 31.49209761619568}, "costs": {"total_cost": 1754.1566964922029, "time_cost": 150, "final_distance_cost": 0.9963047076695839, "oscillation_cost": 370.08463572328844, "completition_cost": 1000.0, "overshoot_cost": 149.22602106379077, "power_cost": 30.26159793701172, "noise_cost": 53.58813706044238, "n_waypoints_completed": 0, "tot_waypoints": 9}}
{"target": -8328.327470320904, "params": {"k_pid_pos": [2.0, 0.9634811878204346, 0.9645045399665833], "k_pid_alt": [2.0, 1.0, 1.0], "k_pid_att": [0.0, 9.999999747378752e-05, 0.0], "k_pid_yaw": [0.5, 1e-06, 0.1], "k_pid_hsp": [9.470490455627441, 0.02837759256362915, 0.0], "k_pid_vsp": [375.5420837402344, 380.642333984375, 395.01251220703125]}, "datetime": {"datetime": "2025-08-12 01:04:01", "elapsed": 31120.726848125458, "delta": 31.3747456073761}, "costs": {"total_cost": 8328.327470320904, "time_cost": 150, "final_distance_cost": 639.5499816383985, "oscillation_cost": 14.572092722570025, "completition_cost": 1000.0, "overshoot_cost": 6379.671705902821, "power_cost": 43.980409631347655, "noise_cost": 100.55328042576662, "n_waypoints_completed": 0, "tot_waypoints": 9}}
{"target": -1788.8026079710864, "params": {"k_pid_pos": [2.0, 0.9815574884414673, 0.9825769662857056], "k_pid_alt": [2.0, 0.999536395072937, 1.0], "k_pid_att": [3.5694777965545654, 9.999999747378752e-05, 0.0], "k_pid_yaw": [0.5, 1e-06, 0.1], "k_pid_hsp": [10.0, 0.0, 0.01104387640953064], "k_pid_vsp": [351.6796875, 400.0, 400.0]}, "datetime": {"datetime": "2025-08-12 01:04:31", "elapsed": 31151.182265758514, "delta": 30.45541763305664}, "costs": {"total_cost": 1788.8026079710864, "time_cost": 150, "final_distance_cost": 36.30606059047914, "oscillation_cost": 455.5479598715922, "completition_cost": 1000.0, "overshoot_cost": 88.74675743504801, "power_cost": 31.152642785644534, "noise_cost": 27.04918728832267, "n_waypoints_completed": 0, "tot_waypoints": 9}}
{"target": -1033.6798549338096, "params": {"k_pid_pos": [2.0, 1.0, 1.0], "k_pid_alt": [2.0, 0.9526232481002808, 0.9282894730567932], "k_pid_att": [4.986411094665527, 9.999999747378752e-05, 0.0450977087020874], "k_pid_yaw": [0.5, 1e-06, 0.1], "k_pid_hsp": [9.692893981933594, 0.0, 0.0907556414604187], "k_pid_vsp": [400.0, 400.0, 353.3474426269531]}, "datetime": {"datetime": "2025-08-12 01:05:01", "elapsed": 31181.282536268234, "delta": 30.10027050971985}, "costs": {"total_cost": 1033.6798549338096, "time_cost": 150, "final_distance_cost": 65.68038050329028, "oscillation_cost": 364.18650249483153, "completition_cost": 333.33333333333337, "overshoot_cost": 57.774966402013845, "power_cost": 32.9640111694336, "noise_cost": 29.740661030906928, "n_waypoints_completed": 6, "tot_waypoints": 9}}
{"target": -2366.3194775287343, "params": {"k_pid_pos": [2.0, 0.9625775218009949, 1.0], "k_pid_alt": [1.8980982303619385, 0.9748440980911255, 1.0], "k_pid_att": [0.0, 9.999999747378752e-05, 0.11340254545211792], "k_pid_yaw": [0.5, 1e-06, 0.1], "k_pid_hsp": [9.805896759033203, 0.012680500745773315, 0.023936539888381958], "k_pid_vsp": [400.0, 381.109130859375, 400.0]}, "datetime": {"datetime": "2025-08-12 01:05:32", "elapsed": 31212.305055379868, "delta": 31.0225191116333}, "costs": {"total_cost": 2366.3194775287343, "time_cost": 150, "final_distance_cost": 156.03700357892887, "oscillation_cost": 2.915409514234703, "completition_cost": 1000.0, "overshoot_cost": 914.4471743891947, "power_cost": 29.211423388671875, "noise_cost": 113.70846665770392, "n_waypoints_completed": 0, "tot_waypoints": 9}}
{"target": -7335.40912136519, "params": {"k_pid_pos": [1.791442632675171, 1.0, 1.0], "k_pid_alt": [1.9759571552276611, 1.0, 0.9435825943946838], "k_pid_att": [0.0, 0.916164755821228, 0.0], "k_pid_yaw": [0.5, 1e-06, 0.1], "k_pid_hsp": [10.0, 0.0, 0.0], "k_pid_vsp": [400.0, 369.514892578125, 400.0]}, "datetime": {"datetime": "2025-08-12 01:06:03", "elapsed": 31242.88677430153, "delta": 30.581718921661377}, "costs": {"total_cost": 7335.40912136519, "time_cost": 150, "final_distance_cost": 1311.1160602178957, "oscillation_cost": 2343.44290485711, "completition_cost": 1000.0, "overshoot_cost": 2297.234960937067, "power_cost": 57.353724890136725, "noise_cost": 176.26147046298038, "n_waypoints_completed": 0, "tot_waypoints": 9}}
{"target": -1668.9993747839505, "params": {"k_pid_pos": [1.9999816417694092, 0.899894118309021, 1.0], "k_pid_alt": [2.0, 1.0, 0.962081789970398], "k_pid_att": [6.646478176116943, 9.999999747378752e-05, 0.0], "k_pid_yaw": [0.5, 1e-06, 0.1], "k_pid_hsp": [10.0, 0.041463643312454224, 0.0], "k_pid_vsp": [376.3769226074219, 388.6156005859375, 400.0]}, "datetime": {"datetime": "2025-08-12 01:06:34", "elapsed": 31274.17150902748, "delta": 31.28473472595215}, "costs": {"total_cost": 1668.9993747839505, "time_cost": 150, "final_distance_cost": 81.60325318937566, "oscillation_cost": 524.4270031505716, "completition_cost": 777.7777777777778, "overshoot_cost": 74.9621669109484, "power_cost": 31.88107314453125, "noise_cost": 28.34810061074593, "n_waypoints_completed": 2, "tot_waypoints": 9}}
{"target": -6019.719652434496, "params": {"k_pid_pos": [2.0, 1.0, 1.0], "k_pid_alt": [2.0, 0.9669990539550781, 0.9135900139808655], "k_pid_att": [0.0, 1.3064824342727661, 0.02674838900566101], "k_pid_yaw": [0.5, 1e-06, 0.1], "k_pid_hsp": [9.455469131469727, 0.0, 0.0], "k_pid_vsp": [393.7812194824219, 388.9754333496094, 400.0]}, "datetime": {"datetime": "2025-08-12 01:07:05", "elapsed": 31305.036127090454, "delta": 30.864618062973022}, "costs": {"total_cost": 6019.719652434496, "time_cost": 150, "final_distance_cost": 553.7510068741096, "oscillation_cost": 2194.7226278759276, "completition_cost": 1000.0, "overshoot_cost": 1889.19117234762, "power_cost": 58.13463127441406, "noise_cost": 173.92021406242483, "n_waypoints_completed": 0, "tot_waypoints": 9}}
{"target": -1903.93282731583, "params": {"k_pid_pos": [2.0, 1.0, 1.0], "k_pid_alt": [2.0, 0.97270667552948, 1.0], "k_pid_att": [9.084564208984375, 9.999999747378752e-05, 0.01048213243484497], "k_pid_yaw": [0.5, 1e-06, 0.1], "k_pid_hsp": [10.0, 0.0, 0.004006922245025635], "k_pid_vsp": [343.1240234375, 361.6810607910156, 400.0]}, "datetime": {"datetime": "2025-08-12 01:07:36", "elapsed": 31335.750354766846, "delta": 30.7142276763916}, "costs": {"total_cost": 1903.93282731583, "time_cost": 150, "final_distance_cost": 36.75367029350075, "oscillation_cost": 570.6615807510251, "completition_cost": 1000.0, "overshoot_cost": 87.07947320547511, "power_cost": 31.273126892089845, "noise_cost": 28.164976173739376, "n_waypoints_completed": 0, "tot_waypoints": 9}}
{"target": -1110.9488281899853, "params": {"k_pid_pos": [2.0, 1.0, 1.0], "k_pid_alt": [1.907579779624939, 1.0, 1.0], "k_pid_att": [2.295717716217041, 0.4685744047164917, 0.0], "k_pid_yaw": [0.5, 1e-06, 0.1], "k_pid_hsp": [10.0, 0.03507435321807861, 0.03876227140426636], "k_pid_vsp": [390.4420166015625, 400.0, 400.0]}, "datetime": {"datetime": "2025-08-12 01:08:07", "elapsed": 31367.245359182358, "delta": 31.495004415512085}, "costs": {"total_cost": 1110.9488281899853, "time_cost": 150, "final_distance_cost": 47.830858070465176, "oscillation_cost": 340.3318634894032, "completition_cost": 444.4444444444444, "overshoot_cost": 66.64643344380873, "power_cost": 32.922737109375, "noise_cost": 28.77249163248873, "n_waypoints_completed": 5, "tot_waypoints": 9}}
{"target": -1751.4321266930965, "params": {"k_pid_pos": [1.9691344499588013, 1.0, 1.0], "k_pid_alt": [1.9666786193847656, 1.0, 1.0], "k_pid_att": [3.0700297355651855, 9.999999747378752e-05, 0.0037705600261688232], "k_pid_yaw": [0.5, 1e-06, 0.1], "k_pid_hsp": [9.343213081359863, 0.0, 0.0], "k_pid_vsp": [400.0, 380.841064453125, 398.8763732910156]}, "datetime": {"datetime": "2025-08-12 01:08:39", "elapsed": 31398.807547092438, "delta": 31.562187910079956}, "costs": {"total_cost": 1751.4321266930965, "time_cost": 150, "final_distance_cost": 41.97129774777268, "oscillation_cost": 420.9623949525208, "completition_cost": 1000.0, "overshoot_cost": 80.4585446897953, "power_cost": 31.218870458984377, "noise_cost": 26.82101884402352, "n_waypoints_completed": 0, "tot_waypoints": 9}}
{"target": -9366.633081094667, "params": {"k_pid_pos": [1.981659173965454, 0.9856910705566406, 0.9704790115356445], "k_pid_alt": [2.0, 0.9586331844329834, 1.0], "k_pid_att": [0.0, 9.999999747378752e-05, 0.0], "k_pid_yaw": [0.5, 1e-06, 0.1], "k_pid_hsp": [10.0, 0.012533247470855713, 0.09827977418899536], "k_pid_vsp": [400.0, 362.3275146484375, 382.65625]}, "datetime": {"datetime": "2025-08-12 01:09:09", "elapsed": 31429.297172307968, "delta": 30.489625215530396}, "costs": {"total_cost": 9366.633081094667, "time_cost": 150, "final_distance_cost": 668.4784748961168, "oscillation_cost": 14.649612737392665, "completition_cost": 1000.0, "overshoot_cost": 7376.9410330321625, "power_cost": 48.25975416259766, "noise_cost": 108.30420626639629, "n_waypoints_completed": 0, "tot_waypoints": 9}}
{"target": -4540.818137815008, "params": {"k_pid_pos": [1.8115423917770386, 1.0, 0.9944586157798767], "k_pid_alt": [1.9132568836212158, 0.9496067762374878, 0.9656310677528381], "k_pid_att": [0.0, 9.999999747378752e-05, 0.03852689266204834], "k_pid_yaw": [0.5, 1e-06, 0.1], "k_pid_hsp": [10.0, 0.027942240238189697, 0.0], "k_pid_vsp": [400.0, 400.0, 385.33013916015625]}, "datetime": {"datetime": "2025-08-12 01:09:41", "elapsed": 31460.451525211334, "delta": 31.15435290336609}, "costs": {"total_cost": 4540.818137815008, "time_cost": 150, "final_distance_cost": 1172.8466337306604, "oscillation_cost": 4.932116880148356, "completition_cost": 1000.0, "overshoot_cost": 2100.9589498160735, "power_cost": 30.64263260498047, "noise_cost": 81.43780478314585, "n_waypoints_completed": 0, "tot_waypoints": 9}}
{"target": -1713.726622248666, "params": {"k_pid_pos": [2.0, 0.9936332702636719, 0.9373637437820435], "k_pid_alt": [1.9550750255584717, 0.937914252281189, 0.9630415439605713], "k_pid_att": [2.353480339050293, 9.999999747378752e-05, 0.0], "k_pid_yaw": [0.5, 1e-06, 0.1], "k_pid_hsp": [8.445382118225098, 0.0, 0.0], "k_pid_vsp": [390.9992980957031, 360.636962890625, 400.0]}, "datetime": {"datetime": "2025-08-12 01:10:11", "elapsed": 31491.05862379074, "delta": 30.60709857940674}, "costs": {"total_cost": 1713.726622248666, "time_cost": 150, "final_distance_cost": 33.21007313614983, "oscillation_cost": 381.5108037403628, "completition_cost": 1000.0, "overshoot_cost": 91.39770570841931, "power_cost": 31.04551872558594, "noise_cost": 26.56252093814798, "n_waypoints_completed": 0, "tot_waypoints": 9}}
{"target": -1126.3412975265658, "params": {"k_pid_pos": [1.918078064918518, 0.9858149886131287, 0.9821335077285767], "k_pid_alt": [1.872575044631958, 1.0, 0.9320594072341919], "k_pid_att": [6.341224670410156, 0.09942419081926346, 0.0], "k_pid_yaw": [0.5, 1e-06, 0.1], "k_pid_hsp": [10.0, 0.0678943395614624, 0.017381489276885986], "k_pid_vsp": [369.6398620605469, 400.0, 393.9083557128906]}, "datetime": {"datetime": "2025-08-12 01:10:42", "elapsed": 31522.01657485962, "delta": 30.957951068878174}, "costs": {"total_cost": 1126.3412975265658, "time_cost": 150, "final_distance_cost": 54.08639681584869, "oscillation_cost": 460.60879067244815, "completition_cost": 333.33333333333337, "overshoot_cost": 65.93849006407525, "power_cost": 32.60883482666016, "noise_cost": 29.765451814200443, "n_waypoints_completed": 6, "tot_waypoints": 9}}
