{"target": -1000.048634168493, "params": {"k_pid_pos": [1.9186856746673584, 0.9813747406005859, 1.0], "k_pid_alt": [1.9017504453659058, 0.998498797416687, 1.0], "k_pid_att": [0.3559678792953491, 9.999999747378752e-05, 0.0], "k_pid_yaw": [0.5, 1e-06, 0.1], "k_pid_hsp": [9.997855186462402, 0.0, 0.07059571146965027], "k_pid_vsp": [391.189453125, 400.0, 398.88311767578125]}, "datetime": {"datetime": "2025-08-12 01:25:45", "elapsed": 32425.324649095535, "delta": 30.468773126602173}, "costs": {"total_cost": 1000.048634168493, "time_cost": 150, "final_distance_cost": 53.60493846040106, "oscillation_cost": 98.03632119987249, "completition_cost": 555.5555555555555, "overshoot_cost": 78.67085669895295, "power_cost": 34.1238523803711, "noise_cost": 30.05710987333987, "n_waypoints_completed": 4, "tot_waypoints": 9}}
{"target": -1442.6910391409317, "params": {"k_pid_pos": [1.9513556957244873, 0.9851459264755249, 0.9796682596206665], "k_pid_alt": [2.0, 1.0, 1.0], "k_pid_att": [1.4775365591049194, 9.999999747378752e-05, 0.0], "k_pid_yaw": [0.5, 1e-06, 0.1], "k_pid_hsp": [9.160965919494629, 0.0, 0.028469175100326538], "k_pid_vsp": [398.93505859375, 390.0190734863281, 399.81683349609375]}, "datetime": {"datetime": "2025-08-12 01:26:17", "elapsed": 32456.855010032654, "delta": 31.53036093711853}, "costs": {"total_cost": 1442.6910391409317, "time_cost": 150, "final_distance_cost": 85.9452267466241, "oscillation_cost": 298.3811249007515, "completition_cost": 777.7777777777778, "overshoot_cost": 70.4996441900106, "power_cost": 32.7414125, "noise_cost": 27.345853025767795, "n_waypoints_completed": 2, "tot_waypoints": 9}}
{"target": -1716.6746700811304, "params": {"k_pid_pos": [2.0, 1.0, 1.0], "k_pid_alt": [2.0, 1.0, 0.9815948605537415], "k_pid_att": [2.882981300354004, 9.999999747378752e-05, 0.022792935371398926], "k_pid_yaw": [0.5, 1e-06, 0.1], "k_pid_hsp": [10.0, 0.0, 0.03386381268501282], "k_pid_vsp": [400.0, 394.0812072753906, 400.0]}, "datetime": {"datetime": "2025-08-12 01:26:48", "elapsed": 32487.969789505005, "delta": 31.114779472351074}, "costs": {"total_cost": 1716.6746700811304, "time_cost": 150, "final_distance_cost": 38.099254455171874, "oscillation_cost": 389.084413872624, "completition_cost": 1000.0, "overshoot_cost": 82.18684030680832, "power_cost": 30.769472656250002, "noise_cost": 26.534688790276235, "n_waypoints_completed": 0, "tot_waypoints": 9}}
{"target": -1101.0813066375401, "params": {"k_pid_pos": [2.0, 1.0, 0.9992209076881409], "k_pid_alt": [1.9343829154968262, 0.9622220993041992, 1.0], "k_pid_att": [0.20665228366851807, 9.999999747378752e-05, 0.0], "k_pid_yaw": [0.5, 1e-06, 0.1], "k_pid_hsp": [10.0, 0.0, 0.0], "k_pid_vsp": [400.0, 393.85211181640625, 385.3607482910156]}, "datetime": {"datetime": "2025-08-12 01:27:19", "elapsed": 32519.01459479332, "delta": 31.04480528831482}, "costs": {"total_cost": 1101.0813066375401, "time_cost": 150, "final_distance_cost": 52.71715196727091, "oscillation_cost": 85.95353684676775, "completition_cost": 666.6666666666667, "overshoot_cost": 81.98578081839099, "power_cost": 33.63686339111328, "noise_cost": 30.1213069473304, "n_waypoints_completed": 3, "tot_waypoints": 9}}
{"target": -1408.591773202404, "params": {"k_pid_pos": [2.0, 0.9189060926437378, 0.9934688210487366], "k_pid_alt": [2.0, 0.9791170954704285, 1.0], "k_pid_att": [0.23630857467651367, 9.999999747378752e-05, 0.0], "k_pid_yaw": [0.5, 1e-06, 0.1], "k_pid_hsp": [10.0, 0.0, 0.01047632098197937], "k_pid_vsp": [400.0, 400.0, 394.9307861328125]}, "datetime": {"datetime": "2025-08-12 01:27:50", "elapsed": 32550.03156876564, "delta": 31.016973972320557}, "costs": {"total_cost": 1408.591773202404, "time_cost": 150, "final_distance_cost": 46.38897417722955, "oscillation_cost": 97.1437733639028, "completition_cost": 1000.0, "overshoot_cost": 52.75142758675285, "power_cost": 34.06126433105469, "noise_cost": 28.246333743464245, "n_waypoints_completed": 0, "tot_waypoints": 9}}
{"target": -8150.301926893741, "params": {"k_pid_pos": [1.834254503250122, 0.9493263959884644, 0.944284200668335], "k_pid_alt": [2.0, 1.0, 0.9420750141143799], "k_pid_att": [0.0, 9.999999747378752e-05, 0.0], "k_pid_yaw": [0.5, 1e-06, 0.1], "k_pid_hsp": [9.532943725585938, 0.008855223655700684, 0.0], "k_pid_vsp": [400.0, 400.0, 400.0]}, "datetime": {"datetime": "2025-08-12 01:28:22", "elapsed": 32581.993871450424, "delta": 31.962302684783936}, "costs": {"total_cost": 8150.301926893741, "time_cost": 150, "final_distance_cost": 920.8788068291041, "oscillation_cost": 14.757425395349818, "completition_cost": 1000.0, "overshoot_cost": 5927.598480818497, "power_cost": 44.17597416992188, "noise_cost": 92.89123968086946, "n_waypoints_completed": 0, "tot_waypoints": 9}}
{"target": -1296.465746587201, "params": {"k_pid_pos": [2.0, 1.0, 1.0], "k_pid_alt": [1.9633647203445435, 0.9340317845344543, 0.9797220826148987], "k_pid_att": [3.579768657684326, 0.48793497681617737, 0.0], "k_pid_yaw": [0.5, 1e-06, 0.1], "k_pid_hsp": [9.224573135375977, 0.057817310094833374, 0.008176088333129883], "k_pid_vsp": [400.0, 386.28839111328125, 400.0]}, "datetime": {"datetime": "2025-08-12 01:28:53", "elapsed": 32613.268743753433, "delta": 31.274872303009033}, "costs": {"total_cost": 1296.465746587201, "time_cost": 150, "final_distance_cost": 41.001981770004264, "oscillation_cost": 414.05947945733743, "completition_cost": 555.5555555555555, "overshoot_cost": 75.03235238453692, "power_cost": 33.00188028564453, "noise_cost": 27.81449713412231, "n_waypoints_completed": 4, "tot_waypoints": 9}}
{"target": -1546.9389765817737, "params": {"k_pid_pos": [2.0, 1.0, 1.0], "k_pid_alt": [1.9017021656036377, 0.8322639465332031, 1.0], "k_pid_att": [0.8960157632827759, 0.10866519808769226, 0.02856341004371643], "k_pid_yaw": [0.5, 1e-06, 0.1], "k_pid_hsp": [9.9685640335083, 0.010253816843032837, 0.0], "k_pid_vsp": [400.0, 400.0, 390.47308349609375]}, "datetime": {"datetime": "2025-08-12 01:29:24", "elapsed": 32644.102224349976, "delta": 30.83348059654236}, "costs": {"total_cost": 1546.9389765817737, "time_cost": 150, "final_distance_cost": 0.9998723061332466, "oscillation_cost": 185.3061761634354, "completition_cost": 1000.0, "overshoot_cost": 122.43933627764609, "power_cost": 30.120105236816407, "noise_cost": 58.07348659774237, "n_waypoints_completed": 0, "tot_waypoints": 9}}
{"target": -4133.0330947064585, "params": {"k_pid_pos": [1.926381230354309, 1.0, 1.0], "k_pid_alt": [2.0, 1.0, 1.0], "k_pid_att": [0.0, 0.25322437286376953, 0.0], "k_pid_yaw": [0.5, 1e-06, 0.1], "k_pid_hsp": [9.831205368041992, 0.040615737438201904, 0.05953860282897949], "k_pid_vsp": [400.0, 400.0, 394.1949768066406]}, "datetime": {"datetime": "2025-08-12 01:29:55", "elapsed": 32675.00466632843, "delta": 30.90244197845459}, "costs": {"total_cost": 4133.0330947064585, "time_cost": 150, "final_distance_cost": 496.34653276219643, "oscillation_cost": 1150.0382403530705, "completition_cost": 1000.0, "overshoot_cost": 1109.4045608136116, "power_cost": 57.214677697753906, "noise_cost": 170.02908307982625, "n_waypoints_completed": 0, "tot_waypoints": 9}}
{"target": -4247.346346763676, "params": {"k_pid_pos": [1.9971449375152588, 0.9880797863006592, 0.9558994174003601], "k_pid_alt": [1.9616727828979492, 0.9586181640625, 1.0], "k_pid_att": [0.0, 0.8628921508789062, 0.014044374227523804], "k_pid_yaw": [0.5, 1e-06, 0.1], "k_pid_hsp": [10.0, 0.006169348955154419, 0.0], "k_pid_vsp": [400.0, 400.0, 400.0]}, "datetime": {"datetime": "2025-08-12 01:30:26", "elapsed": 32706.04548764229, "delta": 31.040821313858032}, "costs": {"total_cost": 4247.346346763676, "time_cost": 150, "final_distance_cost": 227.44642823507803, "oscillation_cost": 1995.4566732424892, "completition_cost": 1000.0, "overshoot_cost": 643.9127232471992, "power_cost": 56.89062247314453, "noise_cost": 173.6398995657647, "n_waypoints_completed": 0, "tot_waypoints": 9}}
{"target": -1843.589929369608, "params": {"k_pid_pos": [1.9573566913604736, 0.9545111656188965, 1.0], "k_pid_alt": [1.9377477169036865, 1.0, 1.0], "k_pid_att": [5.565279960632324, 0.5331702828407288, 0.036440372467041016], "k_pid_yaw": [0.5, 1e-06, 0.1], "k_pid_hsp": [10.0, 0.0, 0.0], "k_pid_vsp": [400.0, 400.0, 400.0]}, "datetime": {"datetime": "2025-08-12 01:30:57", "elapsed": 32736.4891166687, "delta": 30.443629026412964}, "costs": {"total_cost": 1843.589929369608, "time_cost": 150, "final_distance_cost": 0.9995748064350833, "oscillation_cost": 466.3671062681725, "completition_cost": 1000.0, "overshoot_cost": 146.3781929056826, "power_cost": 30.924194482421875, "noise_cost": 48.92086090689578, "n_waypoints_completed": 0, "tot_waypoints": 9}}
{"target": -1154.2161229529813, "params": {"k_pid_pos": [1.9204800128936768, 1.0, 1.0], "k_pid_alt": [1.9433176517486572, 0.891471266746521, 1.0], "k_pid_att": [7.770949363708496, 0.7017803192138672, 0.0], "k_pid_yaw": [0.5, 1e-06, 0.1], "k_pid_hsp": [9.68187427520752, 0.0, 0.03412303328514099], "k_pid_vsp": [365.4262390136719, 400.0, 378.6613464355469]}, "datetime": {"datetime": "2025-08-12 01:31:28", "elapsed": 32768.30444979668, "delta": 31.815333127975464}, "costs": {"total_cost": 1154.2161229529813, "time_cost": 150, "final_distance_cost": 67.04503322893014, "oscillation_cost": 477.5591654509482, "completition_cost": 333.33333333333337, "overshoot_cost": 62.90321535019636, "power_cost": 33.1181208984375, "noise_cost": 30.257254691135664, "n_waypoints_completed": 6, "tot_waypoints": 9}}
{"target": -4552.187523673044, "params": {"k_pid_pos": [2.0, 1.0, 0.9476196765899658], "k_pid_alt": [1.8686556816101074, 0.9636108875274658, 0.9516049027442932], "k_pid_att": [0.0, 0.5666061043739319, 0.0], "k_pid_yaw": [0.5, 1e-06, 0.1], "k_pid_hsp": [9.770976066589355, 0.03578588366508484, 0.01737549901008606], "k_pid_vsp": [378.54443359375, 400.0, 382.0424499511719]}, "datetime": {"datetime": "2025-08-12 01:31:59", "elapsed": 32798.96861433983, "delta": 30.664164543151855}, "costs": {"total_cost": 4552.187523673044, "time_cost": 150, "final_distance_cost": 450.33117935271116, "oscillation_cost": 1989.9192183250518, "completition_cost": 1000.0, "overshoot_cost": 729.3994480676478, "power_cost": 57.73245283203125, "noise_cost": 174.80522509560186, "n_waypoints_completed": 0, "tot_waypoints": 9}}
{"target": -9027.753763926883, "params": {"k_pid_pos": [1.9046602249145508, 1.0, 1.0], "k_pid_alt": [2.0, 1.0, 1.0], "k_pid_att": [0.0, 9.999999747378752e-05, 0.00816461443901062], "k_pid_yaw": [0.5, 1e-06, 0.1], "k_pid_hsp": [10.0, 0.004582196474075317, 0.0], "k_pid_vsp": [400.0, 400.0, 383.1558837890625]}, "datetime": {"datetime": "2025-08-12 01:32:30", "elapsed": 32829.827588796616, "delta": 30.85897445678711}, "costs": {"total_cost": 9027.753763926883, "time_cost": 150, "final_distance_cost": 2233.5141399794, "oscillation_cost": 10.484650854348493, "completition_cost": 1000.0, "overshoot_cost": 5521.526864933539, "power_cost": 41.24314759521484, "noise_cost": 70.98496056438158, "n_waypoints_completed": 0, "tot_waypoints": 9}}
{"target": -1661.5318050771702, "params": {"k_pid_pos": [1.9730194807052612, 1.0, 0.8948413133621216], "k_pid_alt": [2.0, 0.9943886995315552, 0.9759694337844849], "k_pid_att": [2.546527862548828, 9.999999747378752e-05, 0.04834681749343872], "k_pid_yaw": [0.5, 1e-06, 0.1], "k_pid_hsp": [10.0, 0.0, 0.08153662085533142], "k_pid_vsp": [400.0, 385.87017822265625, 390.3576354980469]}, "datetime": {"datetime": "2025-08-12 01:33:01", "elapsed": 32860.37189626694, "delta": 30.544307470321655}, "costs": {"total_cost": 1661.5318050771702, "time_cost": 150, "final_distance_cost": 6.248109750024574, "oscillation_cost": 319.0219253263052, "completition_cost": 1000.0, "overshoot_cost": 129.68922051398644, "power_cost": 30.4865033203125, "noise_cost": 26.086046166541657, "n_waypoints_completed": 0, "tot_waypoints": 9}}
{"target": -7724.721049146431, "params": {"k_pid_pos": [2.0, 0.9441313743591309, 1.0], "k_pid_alt": [1.9229109287261963, 0.9530361294746399, 0.9730757474899292], "k_pid_att": [0.0, 9.999999747378752e-05, 0.019752144813537598], "k_pid_yaw": [0.5, 1e-06, 0.1], "k_pid_hsp": [9.988092422485352, 0.023062795400619507, 0.0], "k_pid_vsp": [388.33056640625, 390.0121154785156, 400.0]}, "datetime": {"datetime": "2025-08-12 01:33:32", "elapsed": 32891.8297123909, "delta": 31.457816123962402}, "costs": {"total_cost": 7724.721049146431, "time_cost": 150, "final_distance_cost": 2242.187241930547, "oscillation_cost": 7.635583593687368, "completition_cost": 1000.0, "overshoot_cost": 4235.235721909086, "power_cost": 34.84512856445313, "noise_cost": 54.81737314865778, "n_waypoints_completed": 0, "tot_waypoints": 9}}
{"target": -1107.4601676267107, "params": {"k_pid_pos": [1.9679266214370728, 1.0, 1.0], "k_pid_alt": [2.0, 0.95094895362854, 1.0], "k_pid_att": [5.739870548248291, 9.999999747378752e-05, 0.0], "k_pid_yaw": [0.5, 1e-06, 0.1], "k_pid_hsp": [10.0, 0.0, 0.009574353694915771], "k_pid_vsp": [354.3587646484375, 400.0, 365.5686950683594]}, "datetime": {"datetime": "2025-08-12 01:34:04", "elapsed": 32924.01777839661, "delta": 32.18806600570679}, "costs": {"total_cost": 1107.4601676267107, "time_cost": 150, "final_distance_cost": 56.19699343371339, "oscillation_cost": 441.77938782720497, "completition_cost": 333.33333333333337, "overshoot_cost": 63.3860636680957, "power_cost": 33.008817932128906, "noise_cost": 29.755571432234266, "n_waypoints_completed": 6, "tot_waypoints": 9}}
{"target": -6258.246052542163, "params": {"k_pid_pos": [1.9094388484954834, 0.917138934135437, 0.9815891981124878], "k_pid_alt": [1.9725971221923828, 0.8914512395858765, 1.0], "k_pid_att": [0.0, 0.9063494801521301, 0.0], "k_pid_yaw": [0.5, 1e-06, 0.1], "k_pid_hsp": [10.0, 0.023445457220077515, 0.06724610924720764], "k_pid_vsp": [389.4608154296875, 400.0, 400.0]}, "datetime": {"datetime": "2025-08-12 01:34:36", "elapsed": 32955.456797122955, "delta": 31.439018726348877}, "costs": {"total_cost": 6258.246052542163, "time_cost": 150, "final_distance_cost": 1179.632082796584, "oscillation_cost": 2073.190172022797, "completition_cost": 1000.0, "overshoot_cost": 1623.6264191789833, "power_cost": 57.142063769531255, "noise_cost": 174.6553147742675, "n_waypoints_completed": 0, "tot_waypoints": 9}}
{"target": -3952.6606424958336, "params": {"k_pid_pos": [1.9995325803756714, 0.9217726588249207, 1.0], "k_pid_alt": [2.0, 0.9699867367744446, 1.0], "k_pid_att": [0.0, 0.20494897663593292, 0.010162562131881714], "k_pid_yaw": [0.5, 1e-06, 0.1], "k_pid_hsp": [9.858922958374023, 0.0, 0.0712716281414032], "k_pid_vsp": [378.9888000488281, 391.93621826171875, 399.0252990722656]}, "datetime": {"datetime": "2025-08-12 01:35:08", "elapsed": 32988.12681102753, "delta": 32.67001390457153}, "costs": {"total_cost": 3952.6606424958336, "time_cost": 150, "final_distance_cost": 387.1065978554335, "oscillation_cost": 1018.5968076300852, "completition_cost": 1000.0, "overshoot_cost": 1169.6640830900017, "power_cost": 57.75832475585938, "noise_cost": 169.53482916445427, "n_waypoints_completed": 0, "tot_waypoints": 9}}
{"target": -1806.0890783257141, "params": {"k_pid_pos": [1.9004254341125488, 0.9179039001464844, 0.9669996500015259], "k_pid_alt": [1.9941140413284302, 0.952802300453186, 1.0], "k_pid_att": [3.672909736633301, 0.12785978615283966, 0.05410069227218628], "k_pid_yaw": [0.5, 1e-06, 0.1], "k_pid_hsp": [9.724763870239258, 0.0, 0.0], "k_pid_vsp": [400.0, 395.077880859375, 400.0]}, "datetime": {"datetime": "2025-08-12 01:35:46", "elapsed": 33025.723848581314, "delta": 37.59703755378723}, "costs": {"total_cost": 1806.0890783257141, "time_cost": 150, "final_distance_cost": 0.998697559884527, "oscillation_cost": 361.01441369227456, "completition_cost": 1000.0, "overshoot_cost": 159.7889875021255, "power_cost": 29.545187023925784, "noise_cost": 104.74179254750368, "n_waypoints_completed": 0, "tot_waypoints": 9}}
{"target": -8066.919201626818, "params": {"k_pid_pos": [2.0, 1.0, 1.0], "k_pid_alt": [2.0, 1.0, 1.0], "k_pid_att": [0.0, 9.999999747378752e-05, 0.0], "k_pid_yaw": [0.5, 1e-06, 0.1], "k_pid_hsp": [9.479059219360352, 0.035736918449401855, 0.0], "k_pid_vsp": [400.0, 400.0, 400.0]}, "datetime": {"datetime": "2025-08-12 01:36:18", "elapsed": 33057.88361096382, "delta": 32.159762382507324}, "costs": {"total_cost": 8066.919201626818, "time_cost": 150, "final_distance_cost": 927.5225859435275, "oscillation_cost": 14.763528721142478, "completition_cost": 1000.0, "overshoot_cost": 5838.057218210103, "power_cost": 44.082829699707034, "noise_cost": 92.4930390523379, "n_waypoints_completed": 0, "tot_waypoints": 9}}
{"target": -5390.673452269044, "params": {"k_pid_pos": [2.0, 1.0, 0.989478588104248], "k_pid_alt": [1.9832050800323486, 1.0, 0.9811363220214844], "k_pid_att": [0.0, 0.0489485003054142, 0.10182145237922668], "k_pid_yaw": [0.5, 1e-06, 0.1], "k_pid_hsp": [9.35550308227539, 0.0, 0.027297526597976685], "k_pid_vsp": [400.0, 388.9885559082031, 400.0]}, "datetime": {"datetime": "2025-08-12 01:36:49", "elapsed": 33088.862238407135, "delta": 30.9786274433136}, "costs": {"total_cost": 5390.673452269044, "time_cost": 150, "final_distance_cost": 827.9777662346922, "oscillation_cost": 383.57810221686515, "completition_cost": 1000.0, "overshoot_cost": 2809.7607626645768, "power_cost": 57.07449260253907, "noise_cost": 162.28232855037106, "n_waypoints_completed": 0, "tot_waypoints": 9}}
{"target": -6211.064746824422, "params": {"k_pid_pos": [1.8163152933120728, 0.9729195833206177, 0.9119130969047546], "k_pid_alt": [2.0, 0.9384598731994629, 1.0], "k_pid_att": [0.0, 9.999999747378752e-05, 0.024827122688293457], "k_pid_yaw": [0.5, 1e-06, 0.1], "k_pid_hsp": [10.0, 0.0, 0.0], "k_pid_vsp": [400.0, 400.0, 392.2326354980469]}, "datetime": {"datetime": "2025-08-12 01:37:20", "elapsed": 33120.19679522514, "delta": 31.334556818008423}, "costs": {"total_cost": 6211.064746824422, "time_cost": 150, "final_distance_cost": 1762.526393065616, "oscillation_cost": 6.59772033753925, "completition_cost": 1000.0, "overshoot_cost": 3195.226218467483, "power_cost": 32.4691529663086, "noise_cost": 64.24526198747613, "n_waypoints_completed": 0, "tot_waypoints": 9}}
{"target": -2691.8022482083, "params": {"k_pid_pos": [1.988123893737793, 0.9229291677474976, 1.0], "k_pid_alt": [2.0, 0.9684721231460571, 1.0], "k_pid_att": [0.0, 9.999999747378752e-05, 0.08851391077041626], "k_pid_yaw": [0.5, 1e-06, 0.1], "k_pid_hsp": [10.0, 0.03109002113342285, 0.017495274543762207], "k_pid_vsp": [381.2881774902344, 389.1919860839844, 400.0]}, "datetime": {"datetime": "2025-08-12 01:37:52", "elapsed": 33152.200266599655, "delta": 32.00347137451172}, "costs": {"total_cost": 2691.8022482083, "time_cost": 150, "final_distance_cost": 677.3040197971833, "oscillation_cost": 2.937280352302272, "completition_cost": 1000.0, "overshoot_cost": 718.512652848582, "power_cost": 29.20821247558594, "noise_cost": 113.84008273464627, "n_waypoints_completed": 0, "tot_waypoints": 9}}
{"target": -1791.2169140387346, "params": {"k_pid_pos": [1.981337547302246, 1.0, 0.9572998285293579], "k_pid_alt": [2.0, 1.0, 1.0], "k_pid_att": [3.9019882678985596, 9.999999747378752e-05, 0.022536486387252808], "k_pid_yaw": [0.5, 1e-06, 0.1], "k_pid_hsp": [9.933165550231934, 0.0, 0.0], "k_pid_vsp": [389.1460876464844, 400.0, 400.0]}, "datetime": {"datetime": "2025-08-12 01:38:23", "elapsed": 33183.28815865517, "delta": 31.087892055511475}, "costs": {"total_cost": 1791.2169140387346, "time_cost": 150, "final_distance_cost": 0.7853086510639575, "oscillation_cost": 435.9368956364362, "completition_cost": 1000.0, "overshoot_cost": 139.26894075428478, "power_cost": 30.873420239257815, "noise_cost": 34.35234875769193, "n_waypoints_completed": 0, "tot_waypoints": 9}}
{"target": -4800.336228625787, "params": {"k_pid_pos": [1.9429240226745605, 0.9910016655921936, 0.945583701133728], "k_pid_alt": [1.9628219604492188, 0.9337113499641418, 0.975654661655426], "k_pid_att": [0.0, 0.04692702740430832, 0.016103923320770264], "k_pid_yaw": [0.5, 1e-06, 0.1], "k_pid_hsp": [9.994572639465332, 0.0, 0.04906091094017029], "k_pid_vsp": [381.56689453125, 400.0, 400.0]}, "datetime": {"datetime": "2025-08-12 01:38:54", "elapsed": 33213.97787952423, "delta": 30.68972086906433}, "costs": {"total_cost": 4800.336228625787, "time_cost": 150, "final_distance_cost": 538.5419390761477, "oscillation_cost": 501.8346696499631, "completition_cost": 1000.0, "overshoot_cost": 2389.6687627289807, "power_cost": 57.49206165771485, "noise_cost": 162.7987955129807, "n_waypoints_completed": 0, "tot_waypoints": 9}}
{"target": -6331.2218284722985, "params": {"k_pid_pos": [1.882278561592102, 0.9563783407211304, 0.9917196035385132], "k_pid_alt": [2.0, 1.0, 1.0], "k_pid_att": [0.0, 0.09566794335842133, 0.03586548566818237], "k_pid_yaw": [0.5, 1e-06, 0.1], "k_pid_hsp": [10.0, 0.0, 0.03418511152267456], "k_pid_vsp": [385.98663330078125, 378.2018127441406, 400.0]}, "datetime": {"datetime": "2025-08-12 01:39:25", "elapsed": 33244.96851205826, "delta": 30.9906325340271}, "costs": {"total_cost": 6331.2218284722985, "time_cost": 150, "final_distance_cost": 1541.311391182052, "oscillation_cost": 761.1323431828699, "completition_cost": 1000.0, "overshoot_cost": 2662.1489438271215, "power_cost": 56.0339892578125, "noise_cost": 160.59516102244243, "n_waypoints_completed": 0, "tot_waypoints": 9}}
