{"target": -4169.387422435881, "params": {"k_pid_pos": [2.0, 1.0, 0.9877750277519226], "k_pid_alt": [2.0, 1.0, 1.0], "k_pid_att": [0.0, 0.5994639992713928, 0.07034716010093689], "k_pid_yaw": [0.5, 1e-06, 0.1], "k_pid_hsp": [10.0, 0.008853703737258911, 0.0], "k_pid_vsp": [367.9842529296875, 399.7044677734375, 394.50885009765625]}, "datetime": {"datetime": "2025-08-12 10:53:21", "elapsed": 66480.90420126915, "delta": 28.611799478530884}, "costs": {"total_cost": 4169.387422435881, "time_cost": 150, "final_distance_cost": 315.77822782206, "oscillation_cost": 1836.1643780901497, "completition_cost": 1000.0, "overshoot_cost": 637.3420723727504, "power_cost": 57.39099129638672, "noise_cost": 172.7117528545338, "n_waypoints_completed": 0, "tot_waypoints": 9}}
{"target": -1341.5616691511768, "params": {"k_pid_pos": [1.9331865310668945, 1.0, 1.0], "k_pid_alt": [1.9908428192138672, 0.9206681251525879, 1.0], "k_pid_att": [5.287906646728516, 0.16573160886764526, 0.07035315036773682], "k_pid_yaw": [0.5, 1e-06, 0.1], "k_pid_hsp": [10.0, 0.040391385555267334, 0.021800100803375244], "k_pid_vsp": [388.126953125, 386.6955871582031, 358.4849548339844]}, "datetime": {"datetime": "2025-08-12 10:53:49", "elapsed": 66509.35071706772, "delta": 28.446515798568726}, "costs": {"total_cost": 1341.5616691511768, "time_cost": 150, "final_distance_cost": 52.10023119576689, "oscillation_cost": 339.9932287960538, "completition_cost": 666.6666666666667, "overshoot_cost": 71.92292960444665, "power_cost": 31.82595164794922, "noise_cost": 29.052661240293435, "n_waypoints_completed": 3, "tot_waypoints": 9}}
{"target": -1073.7520762514678, "params": {"k_pid_pos": [1.9737437963485718, 1.0, 1.0], "k_pid_alt": [2.0, 1.0, 0.9907058477401733], "k_pid_att": [0.17074048519134521, 9.999999747378752e-05, 0.09831050038337708], "k_pid_yaw": [0.5, 1e-06, 0.1], "k_pid_hsp": [9.743967056274414, 0.0, 0.0], "k_pid_vsp": [400.0, 395.5515441894531, 395.1865539550781]}, "datetime": {"datetime": "2025-08-12 10:54:19", "elapsed": 66538.63633751869, "delta": 29.28562045097351}, "costs": {"total_cost": 1073.7520762514678, "time_cost": 150, "final_distance_cost": 77.90840056765607, "oscillation_cost": 34.23792097519349, "completition_cost": 666.6666666666667, "overshoot_cost": 83.90419513586006, "power_cost": 31.653599060058596, "noise_cost": 29.381293846032836, "n_waypoints_completed": 3, "tot_waypoints": 9}}
{"target": -4388.4204172697055, "params": {"k_pid_pos": [2.0, 0.9939674735069275, 1.0], "k_pid_alt": [1.8960670232772827, 0.9806442260742188, 1.0], "k_pid_att": [0.0, 9.999999747378752e-05, 0.054943978786468506], "k_pid_yaw": [0.5, 1e-06, 0.1], "k_pid_hsp": [10.0, 0.0, 0.017197638750076294], "k_pid_vsp": [383.44769287109375, 380.7498779296875, 400.0]}, "datetime": {"datetime": "2025-08-12 10:54:48", "elapsed": 66567.83552885056, "delta": 29.199191331863403}, "costs": {"total_cost": 4388.4204172697055, "time_cost": 150, "final_distance_cost": 435.0302785139088, "oscillation_cost": 4.062566386300307, "completition_cost": 1000.0, "overshoot_cost": 2673.216746915576, "power_cost": 30.22887642822266, "noise_cost": 95.88194902569737, "n_waypoints_completed": 0, "tot_waypoints": 9}}
{"target": -7757.1108566761595, "params": {"k_pid_pos": [2.0, 0.922743558883667, 1.0], "k_pid_alt": [1.98768949508667, 1.0, 0.9596683979034424], "k_pid_att": [0.0, 9.999999747378752e-05, 0.01580679416656494], "k_pid_yaw": [0.5, 1e-06, 0.1], "k_pid_hsp": [10.0, 0.0, 0.0], "k_pid_vsp": [400.0, 390.6956787109375, 365.9417724609375]}, "datetime": {"datetime": "2025-08-12 10:55:16", "elapsed": 66595.61333656311, "delta": 27.77780771255493}, "costs": {"total_cost": 7757.1108566761595, "time_cost": 150, "final_distance_cost": 2213.434121846214, "oscillation_cost": 8.391833639782615, "completition_cost": 1000.0, "overshoot_cost": 4297.437848834747, "power_cost": 37.268578234863284, "noise_cost": 50.57847412055244, "n_waypoints_completed": 0, "tot_waypoints": 9}}
{"target": -16600.053469567007, "params": {"k_pid_pos": [2.0, 0.9219647645950317, 0.9379786252975464], "k_pid_alt": [1.9947755336761475, 0.9663810133934021, 0.9648159146308899], "k_pid_att": [0.0, 0.9095269441604614, 0.01284143328666687], "k_pid_yaw": [0.5, 1e-06, 0.1], "k_pid_hsp": [10.0, 0.0, 0.0], "k_pid_vsp": [381.6114196777344, 398.16094970703125, 400.0]}, "datetime": {"datetime": "2025-08-12 10:55:45", "elapsed": 66624.65933132172, "delta": 29.045994758605957}, "costs": {"total_cost": 16600.053469567007, "time_cost": 150, "final_distance_cost": 5486.975218684946, "oscillation_cost": 2225.0273156033754, "completition_cost": 1000.0, "overshoot_cost": 7506.638322411479, "power_cost": 56.73272452392578, "noise_cost": 174.6798883432816, "n_waypoints_completed": 0, "tot_waypoints": 9}}
{"target": -8469.693482588096, "params": {"k_pid_pos": [1.9101409912109375, 1.0, 0.9357208609580994], "k_pid_alt": [2.0, 0.9370810389518738, 0.9229875802993774], "k_pid_att": [0.0, 0.015164028853178024, 0.06001085042953491], "k_pid_yaw": [0.5, 1e-06, 0.1], "k_pid_hsp": [9.930508613586426, 0.011258184909820557, 0.0], "k_pid_vsp": [400.0, 395.504150390625, 400.0]}, "datetime": {"datetime": "2025-08-12 10:56:14", "elapsed": 66653.53185582161, "delta": 28.87252449989319}, "costs": {"total_cost": 8469.693482588096, "time_cost": 150, "final_distance_cost": 2514.541417636937, "oscillation_cost": 294.5307183879433, "completition_cost": 1000.0, "overshoot_cost": 4299.442298124332, "power_cost": 56.38929315185547, "noise_cost": 154.78975528702992, "n_waypoints_completed": 0, "tot_waypoints": 9}}
{"target": -1741.3611574320246, "params": {"k_pid_pos": [1.9656968116760254, 0.9260709285736084, 0.9969463348388672], "k_pid_alt": [1.9393935203552246, 0.9815826416015625, 1.0], "k_pid_att": [2.9154956340789795, 0.37152379751205444, 0.01561024785041809], "k_pid_yaw": [0.5, 1e-06, 0.1], "k_pid_hsp": [9.820024490356445, 0.03620535135269165, 0.0], "k_pid_vsp": [400.0, 372.1567077636719, 387.54693603515625]}, "datetime": {"datetime": "2025-08-12 10:56:44", "elapsed": 66683.41485309601, "delta": 29.882997274398804}, "costs": {"total_cost": 1741.3611574320246, "time_cost": 150, "final_distance_cost": 29.97474142169165, "oscillation_cost": 402.40999847987507, "completition_cost": 1000.0, "overshoot_cost": 100.69638454381095, "power_cost": 31.515162670898437, "noise_cost": 26.764870315748674, "n_waypoints_completed": 0, "tot_waypoints": 9}}
{"target": -663.492730500275, "params": {"k_pid_pos": [1.9708542823791504, 0.9642810821533203, 1.0], "k_pid_alt": [2.0, 1.0, 1.0], "k_pid_att": [0.6086111068725586, 0.4950895607471466, 0.0075539350509643555], "k_pid_yaw": [0.5, 1e-06, 0.1], "k_pid_hsp": [10.0, 0.0638175904750824, 0.014128893613815308], "k_pid_vsp": [385.79327392578125, 392.07672119140625, 400.0]}, "datetime": {"datetime": "2025-08-12 10:57:12", "elapsed": 66711.88789319992, "delta": 28.473040103912354}, "costs": {"total_cost": 663.492730500275, "time_cost": 150, "final_distance_cost": 64.51965285235363, "oscillation_cost": 202.39891110336734, "completition_cost": 111.11111111111116, "overshoot_cost": 67.15009849584781, "power_cost": 37.444495324707034, "noise_cost": 30.868461612887977, "n_waypoints_completed": 8, "tot_waypoints": 9}}
{"target": -5945.454183677036, "params": {"k_pid_pos": [2.0, 1.0, 1.0], "k_pid_alt": [1.9953670501708984, 0.8943559527397156, 0.9894964694976807], "k_pid_att": [0.0, 0.9323102831840515, 0.04476878046989441], "k_pid_yaw": [0.5, 1e-06, 0.1], "k_pid_hsp": [9.511502265930176, 0.06741082668304443, 0.022038757801055908], "k_pid_vsp": [388.5710754394531, 391.92816162109375, 400.0]}, "datetime": {"datetime": "2025-08-12 10:57:42", "elapsed": 66742.07244753838, "delta": 30.1845543384552}, "costs": {"total_cost": 5945.454183677036, "time_cost": 150, "final_distance_cost": 1141.745301214717, "oscillation_cost": 2001.4255399029225, "completition_cost": 1000.0, "overshoot_cost": 1421.2854007825406, "power_cost": 57.14242348632813, "noise_cost": 173.85551829052784, "n_waypoints_completed": 0, "tot_waypoints": 9}}
{"target": -4079.997210747824, "params": {"k_pid_pos": [2.0, 0.9789494276046753, 0.9313074350357056], "k_pid_alt": [1.875484824180603, 0.9844566583633423, 0.9924769997596741], "k_pid_att": [0.0, 9.999999747378752e-05, 0.05977451801300049], "k_pid_yaw": [0.5, 1e-06, 0.1], "k_pid_hsp": [10.0, 0.02514636516571045, 0.0], "k_pid_vsp": [400.0, 380.9266052246094, 400.0]}, "datetime": {"datetime": "2025-08-12 10:58:12", "elapsed": 66771.80847597122, "delta": 29.73602843284607}, "costs": {"total_cost": 4079.997210747824, "time_cost": 150, "final_distance_cost": 638.4025168435784, "oscillation_cost": 3.649733574568219, "completition_cost": 1000.0, "overshoot_cost": 2160.8411876366313, "power_cost": 29.731850134277344, "noise_cost": 97.37192255876836, "n_waypoints_completed": 0, "tot_waypoints": 9}}
{"target": -8597.530957556562, "params": {"k_pid_pos": [2.0, 0.9086006283760071, 1.0], "k_pid_alt": [2.0, 0.999107837677002, 1.0], "k_pid_att": [0.0, 9.999999747378752e-05, 0.0], "k_pid_yaw": [0.5, 1e-06, 0.1], "k_pid_hsp": [10.0, 0.0, 0.0], "k_pid_vsp": [336.8782653808594, 400.0, 375.49334716796875]}, "datetime": {"datetime": "2025-08-12 10:58:40", "elapsed": 66800.10851407051, "delta": 28.30003809928894}, "costs": {"total_cost": 8597.530957556562, "time_cost": 150, "final_distance_cost": 612.2843273730523, "oscillation_cost": 14.414160114881575, "completition_cost": 1000.0, "overshoot_cost": 6676.330830488865, "power_cost": 43.70681051025391, "noise_cost": 100.79482906950933, "n_waypoints_completed": 0, "tot_waypoints": 9}}
{"target": -5591.026847152414, "params": {"k_pid_pos": [1.9576032161712646, 1.0, 1.0], "k_pid_alt": [2.0, 0.9830606579780579, 0.9939416646957397], "k_pid_att": [0.0, 9.999999747378752e-05, 0.027051448822021484], "k_pid_yaw": [0.5, 1e-06, 0.1], "k_pid_hsp": [9.779438972473145, 0.01688489317893982, 0.07049417495727539], "k_pid_vsp": [400.0, 369.8624572753906, 392.2127685546875]}, "datetime": {"datetime": "2025-08-12 10:59:13", "elapsed": 66832.57940030098, "delta": 32.47088623046875}, "costs": {"total_cost": 5591.026847152414, "time_cost": 150, "final_distance_cost": 436.51416570690594, "oscillation_cost": 6.3388670368033075, "completition_cost": 1000.0, "overshoot_cost": 3912.0201546211415, "power_cost": 32.126822290039065, "noise_cost": 54.026837497524966, "n_waypoints_completed": 0, "tot_waypoints": 9}}
{"target": -8248.637850355923, "params": {"k_pid_pos": [1.9403187036514282, 1.0, 1.0], "k_pid_alt": [1.9105619192123413, 0.9544844627380371, 1.0], "k_pid_att": [0.0, 9.999999747378752e-05, 0.0], "k_pid_yaw": [0.5, 1e-06, 0.1], "k_pid_hsp": [9.299458503723145, 0.0, 0.0], "k_pid_vsp": [400.0, 400.0, 400.0]}, "datetime": {"datetime": "2025-08-12 10:59:41", "elapsed": 66860.4027633667, "delta": 27.823363065719604}, "costs": {"total_cost": 8248.637850355923, "time_cost": 150, "final_distance_cost": 967.9777582526681, "oscillation_cost": 14.791029847261731, "completition_cost": 1000.0, "overshoot_cost": 5978.6927875534075, "power_cost": 44.54855347900391, "noise_cost": 92.62772122358118, "n_waypoints_completed": 0, "tot_waypoints": 9}}
{"target": -1186.4868786723262, "params": {"k_pid_pos": [2.0, 1.0, 0.965304970741272], "k_pid_alt": [2.0, 0.8700670599937439, 1.0], "k_pid_att": [1.6943365335464478, 0.3890363574028015, 0.0], "k_pid_yaw": [0.5, 1e-06, 0.1], "k_pid_hsp": [10.0, 0.0, 0.0039810240268707275], "k_pid_vsp": [392.5566101074219, 388.0821228027344, 398.060546875]}, "datetime": {"datetime": "2025-08-12 11:00:10", "elapsed": 66889.82207202911, "delta": 29.41930866241455}, "costs": {"total_cost": 1186.4868786723262, "time_cost": 150, "final_distance_cost": 40.44385270599496, "oscillation_cost": 309.6409940341362, "completition_cost": 555.5555555555555, "overshoot_cost": 71.26910872478751, "power_cost": 32.51064038085938, "noise_cost": 27.06672727099273, "n_waypoints_completed": 4, "tot_waypoints": 9}}
{"target": -833.5891772401811, "params": {"k_pid_pos": [2.0, 1.0, 0.9770630598068237], "k_pid_alt": [2.0, 0.9604485034942627, 1.0], "k_pid_att": [0.9737193584442139, 0.6091091632843018, 0.0], "k_pid_yaw": [0.5, 1e-06, 0.1], "k_pid_hsp": [9.739203453063965, 0.014005094766616821, 0.0], "k_pid_vsp": [400.0, 392.0059814453125, 400.0]}, "datetime": {"datetime": "2025-08-12 11:00:40", "elapsed": 66919.7106192112, "delta": 29.88854718208313}, "costs": {"total_cost": 833.5891772401811, "time_cost": 150, "final_distance_cost": 81.83822778216751, "oscillation_cost": 248.23793754340983, "completition_cost": 222.2222222222222, "overshoot_cost": 66.58229900489809, "power_cost": 34.79319030761719, "noise_cost": 29.915300379866267, "n_waypoints_completed": 7, "tot_waypoints": 9}}
{"target": -7685.495793857332, "params": {"k_pid_pos": [1.9714233875274658, 1.0, 0.9556537866592407], "k_pid_alt": [2.0, 1.0, 0.9985747337341309], "k_pid_att": [0.0, 9.999999747378752e-05, 0.015485793352127075], "k_pid_yaw": [0.5, 1e-06, 0.1], "k_pid_hsp": [10.0, 0.029980987310409546, 0.0008734762668609619], "k_pid_vsp": [377.1429443359375, 382.942626953125, 395.5782775878906]}, "datetime": {"datetime": "2025-08-12 11:01:09", "elapsed": 66948.70797157288, "delta": 28.997352361679077}, "costs": {"total_cost": 7685.495793857332, "time_cost": 150, "final_distance_cost": 2478.0898089981824, "oscillation_cost": 8.103707459476963, "completition_cost": 1000.0, "overshoot_cost": 3939.780556016897, "power_cost": 35.18028614501953, "noise_cost": 74.34143523775464, "n_waypoints_completed": 0, "tot_waypoints": 9}}
{"target": -8176.943521813654, "params": {"k_pid_pos": [2.0, 1.0, 1.0], "k_pid_alt": [2.0, 1.0, 1.0], "k_pid_att": [0.0, 9.999999747378752e-05, 0.0], "k_pid_yaw": [0.5, 1e-06, 0.1], "k_pid_hsp": [10.0, 0.0, 0.0], "k_pid_vsp": [388.884033203125, 400.0, 400.0]}, "datetime": {"datetime": "2025-08-12 11:01:38", "elapsed": 66977.53529262543, "delta": 28.82732105255127}, "costs": {"total_cost": 8176.943521813654, "time_cost": 150, "final_distance_cost": 943.2965392752021, "oscillation_cost": 14.785016617364555, "completition_cost": 1000.0, "overshoot_cost": 5927.908769697175, "power_cost": 44.35265045166016, "noise_cost": 96.60054577225253, "n_waypoints_completed": 0, "tot_waypoints": 9}}
{"target": -1592.6900900119829, "params": {"k_pid_pos": [2.0, 1.0, 1.0], "k_pid_alt": [2.0, 1.0, 0.9427242279052734], "k_pid_att": [1.0616391897201538, 9.999999747378752e-05, 0.0], "k_pid_yaw": [0.5, 1e-06, 0.1], "k_pid_hsp": [10.0, 0.039168477058410645, 0.04376929998397827], "k_pid_vsp": [368.71051025390625, 397.6296081542969, 388.7193298339844]}, "datetime": {"datetime": "2025-08-12 11:02:06", "elapsed": 67006.27052688599, "delta": 28.735234260559082}, "costs": {"total_cost": 1592.6900900119829, "time_cost": 150, "final_distance_cost": 40.358814029206094, "oscillation_cost": 278.7979963422643, "completition_cost": 1000.0, "overshoot_cost": 66.37337080295013, "power_cost": 30.94638776855469, "noise_cost": 26.213521069007907, "n_waypoints_completed": 0, "tot_waypoints": 9}}
{"target": -1466.9728269179757, "params": {"k_pid_pos": [1.8695549964904785, 0.934760332107544, 0.9907748699188232], "k_pid_alt": [2.0, 0.9415544271469116, 1.0], "k_pid_att": [4.807028293609619, 0.5354719161987305, 0.0], "k_pid_yaw": [0.5, 1e-06, 0.1], "k_pid_hsp": [10.0, 0.0, 0.0], "k_pid_vsp": [341.30157470703125, 376.8795166015625, 363.88720703125]}, "datetime": {"datetime": "2025-08-12 11:02:34", "elapsed": 67034.22342181206, "delta": 27.952894926071167}, "costs": {"total_cost": 1466.9728269179757, "time_cost": 150, "final_distance_cost": 52.08383296987481, "oscillation_cost": 464.6242897181887, "completition_cost": 666.6666666666667, "overshoot_cost": 71.68627161791115, "power_cost": 32.38029708251953, "noise_cost": 29.53146886281478, "n_waypoints_completed": 3, "tot_waypoints": 9}}
{"target": -1717.296370041098, "params": {"k_pid_pos": [2.0, 0.9956667423248291, 0.9965121150016785], "k_pid_alt": [1.958235263824463, 0.9249503016471863, 0.9203274250030518], "k_pid_att": [5.5246710777282715, 0.907301664352417, 0.10742202401161194], "k_pid_yaw": [0.5, 1e-06, 0.1], "k_pid_hsp": [10.0, 0.05424728989601135, 0.0360107421875], "k_pid_vsp": [400.0, 373.53717041015625, 392.9773864746094]}, "datetime": {"datetime": "2025-08-12 11:03:04", "elapsed": 67063.37592864037, "delta": 29.152506828308105}, "costs": {"total_cost": 1717.296370041098, "time_cost": 150, "final_distance_cost": 27.880237726535487, "oscillation_cost": 390.3099219732401, "completition_cost": 1000.0, "overshoot_cost": 90.91150382730784, "power_cost": 31.067544384765625, "noise_cost": 27.127162129249154, "n_waypoints_completed": 0, "tot_waypoints": 9}}
{"target": -1445.3977446801644, "params": {"k_pid_pos": [2.0, 0.9691168069839478, 0.9510409832000732], "k_pid_alt": [1.8039709329605103, 0.995044469833374, 0.9549769759178162], "k_pid_att": [1.6832411289215088, 9.999999747378752e-05, 0.0], "k_pid_yaw": [0.5, 1e-06, 0.1], "k_pid_hsp": [10.0, 0.0, 0.0], "k_pid_vsp": [398.77032470703125, 400.0, 386.86370849609375]}, "datetime": {"datetime": "2025-08-12 11:03:33", "elapsed": 67093.0214600563, "delta": 29.64553141593933}, "costs": {"total_cost": 1445.3977446801644, "time_cost": 150, "final_distance_cost": 84.88474763486586, "oscillation_cost": 311.803387964455, "completition_cost": 777.7777777777778, "overshoot_cost": 61.77160507242168, "power_cost": 31.923315576171877, "noise_cost": 27.236910654472037, "n_waypoints_completed": 2, "tot_waypoints": 9}}
{"target": -4451.007132053176, "params": {"k_pid_pos": [1.9433062076568604, 0.9815847277641296, 1.0], "k_pid_alt": [1.8720619678497314, 0.9586174488067627, 0.877228856086731], "k_pid_att": [0.0, 0.6415435671806335, 0.03192886710166931], "k_pid_yaw": [0.5, 1e-06, 0.1], "k_pid_hsp": [10.0, 0.0013006031513214111, 0.0], "k_pid_vsp": [376.02557373046875, 371.3310241699219, 385.46051025390625]}, "datetime": {"datetime": "2025-08-12 11:04:03", "elapsed": 67122.72582221031, "delta": 29.704362154006958}, "costs": {"total_cost": 4451.007132053176, "time_cost": 150, "final_distance_cost": 265.0148874686553, "oscillation_cost": 2057.0163771468538, "completition_cost": 1000.0, "overshoot_cost": 748.9735276326517, "power_cost": 57.04462502441407, "noise_cost": 172.95771478060115, "n_waypoints_completed": 0, "tot_waypoints": 9}}
{"target": -4461.623243591769, "params": {"k_pid_pos": [2.0, 0.9444911479949951, 1.0], "k_pid_alt": [1.9657847881317139, 0.9273500442504883, 1.0], "k_pid_att": [0.0, 0.4631757438182831, 0.018920570611953735], "k_pid_yaw": [0.5, 1e-06, 0.1], "k_pid_hsp": [10.0, 0.0, 0.0], "k_pid_vsp": [390.657958984375, 400.0, 400.0]}, "datetime": {"datetime": "2025-08-12 11:04:32", "elapsed": 67152.24495983124, "delta": 29.519137620925903}, "costs": {"total_cost": 4461.623243591769, "time_cost": 150, "final_distance_cost": 391.23221927859015, "oscillation_cost": 1879.6851383693286, "completition_cost": 1000.0, "overshoot_cost": 808.7969312735352, "power_cost": 57.966400146484375, "noise_cost": 173.9425545238309, "n_waypoints_completed": 0, "tot_waypoints": 9}}
{"target": -1564.71125556151, "params": {"k_pid_pos": [1.8136131763458252, 1.0, 1.0], "k_pid_alt": [1.9883360862731934, 1.0, 0.9875383377075195], "k_pid_att": [3.4154086112976074, 0.34943753480911255, 0.004014819860458374], "k_pid_yaw": [0.5, 1e-06, 0.1], "k_pid_hsp": [10.0, 0.011901646852493286, 0.0], "k_pid_vsp": [392.5948181152344, 400.0, 400.0]}, "datetime": {"datetime": "2025-08-12 11:04:59", "elapsed": 67179.27759027481, "delta": 27.032630443572998}, "costs": {"total_cost": 1564.71125556151, "time_cost": 150, "final_distance_cost": 85.19132367504342, "oscillation_cost": 425.0708747220429, "completition_cost": 777.7777777777778, "overshoot_cost": 67.50225984067659, "power_cost": 31.76212021484375, "noise_cost": 27.40689933112575, "n_waypoints_completed": 2, "tot_waypoints": 9}}
{"target": -4280.704346728121, "params": {"k_pid_pos": [1.9688130617141724, 0.9968974590301514, 0.9991414546966553], "k_pid_alt": [2.0, 1.0, 1.0], "k_pid_att": [0.0, 0.16232791543006897, 0.004510939121246338], "k_pid_yaw": [0.5, 1e-06, 0.1], "k_pid_hsp": [10.0, 0.05585777759552002, 0.018771886825561523], "k_pid_vsp": [384.8992919921875, 381.3806457519531, 400.0]}, "datetime": {"datetime": "2025-08-12 11:05:30", "elapsed": 67209.4391117096, "delta": 30.161521434783936}, "costs": {"total_cost": 4280.704346728121, "time_cost": 150, "final_distance_cost": 359.93866993310223, "oscillation_cost": 978.4414843530574, "completition_cost": 1000.0, "overshoot_cost": 1565.5202605450106, "power_cost": 57.58988842773438, "noise_cost": 169.21404346921688, "n_waypoints_completed": 0, "tot_waypoints": 9}}
{"target": -1654.6559850236792, "params": {"k_pid_pos": [2.0, 1.0, 0.9296777248382568], "k_pid_alt": [1.883275032043457, 1.0, 0.9916541576385498], "k_pid_att": [1.246538758277893, 9.999999747378752e-05, 0.020815342664718628], "k_pid_yaw": [0.5, 1e-06, 0.1], "k_pid_hsp": [10.0, 0.0, 0.0], "k_pid_vsp": [367.3809509277344, 400.0, 376.9539489746094]}, "datetime": {"datetime": "2025-08-12 11:05:59", "elapsed": 67238.95168423653, "delta": 29.512572526931763}, "costs": {"total_cost": 1654.6559850236792, "time_cost": 150, "final_distance_cost": 1.0015518925750018, "oscillation_cost": 268.82742306273803, "completition_cost": 1000.0, "overshoot_cost": 142.02448381860808, "power_cost": 30.221915051269534, "noise_cost": 62.58061119848877, "n_waypoints_completed": 0, "tot_waypoints": 9}}
