{"target": -1361.8570489698536, "params": {"k_pid_pos": [2.0, 1.0, 0.9018806219100952], "k_pid_alt": [2.0, 0.9413095712661743, 0.9508960843086243], "k_pid_att": [2.6656479835510254, 0.008037769235670567, 0.0], "k_pid_yaw": [0.5, 1e-06, 0.1], "k_pid_hsp": [10.0, 0.05231606960296631, 0.01695042848587036], "k_pid_vsp": [400.0, 400.0, 400.0]}, "datetime": {"datetime": "2025-08-12 06:42:01", "elapsed": 51400.73654150963, "delta": 29.91570806503296}, "costs": {"total_cost": 1361.8570489698536, "time_cost": 150, "final_distance_cost": 52.07761770476764, "oscillation_cost": 359.84027224875484, "completition_cost": 666.6666666666667, "overshoot_cost": 71.23391248500639, "power_cost": 32.978383605957035, "noise_cost": 29.06019625870095, "n_waypoints_completed": 3, "tot_waypoints": 9}}
{"target": -846.6039606209056, "params": {"k_pid_pos": [2.0, 0.9841302037239075, 1.0], "k_pid_alt": [1.9258201122283936, 1.0, 0.9953905344009399], "k_pid_att": [0.8336544036865234, 0.010452031157910824, 0.0], "k_pid_yaw": [0.5, 1e-06, 0.1], "k_pid_hsp": [9.625277519226074, 0.02366742491722107, 0.0], "k_pid_vsp": [400.0, 396.34796142578125, 364.2823791503906]}, "datetime": {"datetime": "2025-08-12 06:42:32", "elapsed": 51432.17450380325, "delta": 31.437962293624878}, "costs": {"total_cost": 846.6039606209056, "time_cost": 150, "final_distance_cost": 62.94218910109259, "oscillation_cost": 170.91702971315576, "completition_cost": 333.33333333333337, "overshoot_cost": 65.3972900548969, "power_cost": 34.000022790527346, "noise_cost": 30.01409562789958, "n_waypoints_completed": 6, "tot_waypoints": 9}}
{"target": -6859.128694798069, "params": {"k_pid_pos": [2.0, 1.0, 1.0], "k_pid_alt": [2.0, 1.0, 0.9673112630844116], "k_pid_att": [0.0, 9.999999747378752e-05, 0.002562284469604492], "k_pid_yaw": [0.5, 1e-06, 0.1], "k_pid_hsp": [10.0, 0.09721484780311584, 0.0], "k_pid_vsp": [398.9226989746094, 400.0, 363.36517333984375]}, "datetime": {"datetime": "2025-08-12 06:43:06", "elapsed": 51465.84136533737, "delta": 33.66686153411865}, "costs": {"total_cost": 6859.128694798069, "time_cost": 150, "final_distance_cost": 1233.6465512136585, "oscillation_cost": 13.028403113037383, "completition_cost": 1000.0, "overshoot_cost": 4338.748708446023, "power_cost": 43.50576119384766, "noise_cost": 80.19927083150246, "n_waypoints_completed": 0, "tot_waypoints": 9}}
{"target": -1431.8359290621695, "params": {"k_pid_pos": [2.0, 1.0, 1.0], "k_pid_alt": [2.0, 0.9211665391921997, 1.0], "k_pid_att": [3.729081153869629, 0.41803255677223206, 0.0], "k_pid_yaw": [0.5, 1e-06, 0.1], "k_pid_hsp": [10.0, 0.0, 0.0], "k_pid_vsp": [374.83111572265625, 400.0, 400.0]}, "datetime": {"datetime": "2025-08-12 06:43:38", "elapsed": 51497.904983997345, "delta": 32.063618659973145}, "costs": {"total_cost": 1431.8359290621695, "time_cost": 150, "final_distance_cost": 51.943897937540854, "oscillation_cost": 423.40295702452573, "completition_cost": 666.6666666666667, "overshoot_cost": 78.91425312258114, "power_cost": 32.000463378906254, "noise_cost": 28.907690931948682, "n_waypoints_completed": 3, "tot_waypoints": 9}}
{"target": -3787.716565670196, "params": {"k_pid_pos": [1.7883695363998413, 0.9436596632003784, 1.0], "k_pid_alt": [1.7228219509124756, 1.0, 1.0], "k_pid_att": [0.0, 0.1705780029296875, 0.06793659925460815], "k_pid_yaw": [0.5, 1e-06, 0.1], "k_pid_hsp": [10.0, 0.0, 0.0], "k_pid_vsp": [382.6846618652344, 392.7427673339844, 400.0]}, "datetime": {"datetime": "2025-08-12 06:44:08", "elapsed": 51528.11861729622, "delta": 30.2136332988739}, "costs": {"total_cost": 3787.716565670196, "time_cost": 150, "final_distance_cost": 415.4773225978565, "oscillation_cost": 785.5049293043054, "completition_cost": 1000.0, "overshoot_cost": 1212.3616113062012, "power_cost": 57.608080651855474, "noise_cost": 166.76462180997748, "n_waypoints_completed": 0, "tot_waypoints": 9}}
{"target": -1684.2038742095801, "params": {"k_pid_pos": [1.919940710067749, 1.0, 1.0], "k_pid_alt": [1.9229893684387207, 0.9785366058349609, 0.9317688941955566], "k_pid_att": [1.2241870164871216, 9.999999747378752e-05, 0.02847495675086975], "k_pid_yaw": [0.5, 1e-06, 0.1], "k_pid_hsp": [10.0, 0.036675721406936646, 0.0], "k_pid_vsp": [400.0, 400.0, 400.0]}, "datetime": {"datetime": "2025-08-12 06:44:39", "elapsed": 51559.073771715164, "delta": 30.955154418945312}, "costs": {"total_cost": 1684.2038742095801, "time_cost": 150, "final_distance_cost": 1.0007804509046094, "oscillation_cost": 255.54054676966837, "completition_cost": 1000.0, "overshoot_cost": 155.56741713472175, "power_cost": 29.345317407226563, "noise_cost": 92.74981244705894, "n_waypoints_completed": 0, "tot_waypoints": 9}}
{"target": -8046.2109078755775, "params": {"k_pid_pos": [1.8759706020355225, 1.0, 1.0], "k_pid_alt": [2.0, 1.0, 0.9023425579071045], "k_pid_att": [0.0, 9.999999747378752e-05, 0.0], "k_pid_yaw": [0.5, 1e-06, 0.1], "k_pid_hsp": [10.0, 0.041275233030319214, 0.0], "k_pid_vsp": [400.0, 383.34283447265625, 374.0574951171875]}, "datetime": {"datetime": "2025-08-12 06:45:11", "elapsed": 51590.55326509476, "delta": 31.479493379592896}, "costs": {"total_cost": 8046.2109078755775, "time_cost": 150, "final_distance_cost": 1170.5952965949084, "oscillation_cost": 15.239202207206603, "completition_cost": 1000.0, "overshoot_cost": 5584.277241321967, "power_cost": 45.057972497558595, "noise_cost": 81.04119525393595, "n_waypoints_completed": 0, "tot_waypoints": 9}}
{"target": -1774.2859562920996, "params": {"k_pid_pos": [1.9474915266036987, 1.0, 0.9663190245628357], "k_pid_alt": [1.9659618139266968, 1.0, 1.0], "k_pid_att": [2.1538138389587402, 0.48285582661628723, 0.027069061994552612], "k_pid_yaw": [0.5, 1e-06, 0.1], "k_pid_hsp": [9.98918628692627, 0.03687325119972229, 0.0], "k_pid_vsp": [400.0, 352.5750732421875, 400.0]}, "datetime": {"datetime": "2025-08-12 06:45:41", "elapsed": 51621.153346538544, "delta": 30.60008144378662}, "costs": {"total_cost": 1774.2859562920996, "time_cost": 150, "final_distance_cost": 0.9993287331942483, "oscillation_cost": 334.71320831420945, "completition_cost": 1000.0, "overshoot_cost": 159.2185653253505, "power_cost": 29.419555688476564, "noise_cost": 99.93529823086905, "n_waypoints_completed": 0, "tot_waypoints": 9}}
{"target": -1420.8043011560299, "params": {"k_pid_pos": [2.0, 0.943909227848053, 1.0], "k_pid_alt": [1.895281195640564, 1.0, 1.0], "k_pid_att": [0.0348895788192749, 9.999999747378752e-05, 0.08951827883720398], "k_pid_yaw": [0.5, 1e-06, 0.1], "k_pid_hsp": [9.205928802490234, 0.0, 0.03841066360473633], "k_pid_vsp": [400.0, 364.848388671875, 367.6986389160156]}, "datetime": {"datetime": "2025-08-12 06:46:12", "elapsed": 51652.3488843441, "delta": 31.19553780555725}, "costs": {"total_cost": 1420.8043011560299, "time_cost": 150, "final_distance_cost": 57.04691620651238, "oscillation_cost": 31.040597779712822, "completition_cost": 1000.0, "overshoot_cost": 119.49781687403171, "power_cost": 31.10175458984375, "noise_cost": 32.11721570592924, "n_waypoints_completed": 0, "tot_waypoints": 9}}
{"target": -1747.9006059370995, "params": {"k_pid_pos": [2.0, 1.0, 1.0], "k_pid_alt": [1.9254424571990967, 1.0, 1.0], "k_pid_att": [1.8904715776443481, 9.999999747378752e-05, 0.027461707592010498], "k_pid_yaw": [0.5, 1e-06, 0.1], "k_pid_hsp": [9.947232246398926, 0.0, 0.0019047260284423828], "k_pid_vsp": [385.5301818847656, 400.0, 400.0]}, "datetime": {"datetime": "2025-08-12 06:46:44", "elapsed": 51683.52509570122, "delta": 31.1762113571167}, "costs": {"total_cost": 1747.9006059370995, "time_cost": 150, "final_distance_cost": 1.0004584930536249, "oscillation_cost": 309.8029548991221, "completition_cost": 1000.0, "overshoot_cost": 158.73298766286652, "power_cost": 29.38401843261719, "noise_cost": 98.98018644944011, "n_waypoints_completed": 0, "tot_waypoints": 9}}
{"target": -1578.291225701284, "params": {"k_pid_pos": [1.9988547563552856, 0.8887544274330139, 0.9675983190536499], "k_pid_alt": [1.9822518825531006, 0.8924670815467834, 0.9395766258239746], "k_pid_att": [0.9084582328796387, 9.999999747378752e-05, 0.0], "k_pid_yaw": [0.5, 1e-06, 0.1], "k_pid_hsp": [9.441746711730957, 0.021888166666030884, 0.04264068603515625], "k_pid_vsp": [364.6919250488281, 400.0, 400.0]}, "datetime": {"datetime": "2025-08-12 06:47:16", "elapsed": 51715.71926379204, "delta": 32.19416809082031}, "costs": {"total_cost": 1578.291225701284, "time_cost": 150, "final_distance_cost": 26.67940634613728, "oscillation_cost": 253.17641352572676, "completition_cost": 1000.0, "overshoot_cost": 90.30899517866256, "power_cost": 31.623402978515628, "noise_cost": 26.503007672241825, "n_waypoints_completed": 0, "tot_waypoints": 9}}
{"target": -1082.005052576142, "params": {"k_pid_pos": [1.8826851844787598, 0.9856731295585632, 1.0], "k_pid_alt": [2.0, 1.0, 0.9464967250823975], "k_pid_att": [5.3830742835998535, 9.999999747378752e-05, 0.014120519161224365], "k_pid_yaw": [0.5, 1e-06, 0.1], "k_pid_hsp": [9.676122665405273, 0.00043842196464538574, 0.051309555768966675], "k_pid_vsp": [386.4804382324219, 400.0, 371.5699157714844]}, "datetime": {"datetime": "2025-08-12 06:47:47", "elapsed": 51746.55488061905, "delta": 30.83561682701111}, "costs": {"total_cost": 1082.005052576142, "time_cost": 150, "final_distance_cost": 63.79547638006246, "oscillation_cost": 406.89893531939214, "completition_cost": 333.33333333333337, "overshoot_cost": 64.20106044617344, "power_cost": 33.76961457519531, "noise_cost": 30.006632521985132, "n_waypoints_completed": 6, "tot_waypoints": 9}}
{"target": -4504.611927886599, "params": {"k_pid_pos": [2.0, 1.0, 1.0], "k_pid_alt": [1.996118426322937, 1.0, 1.0], "k_pid_att": [0.0, 0.13372869789600372, 0.007656306028366089], "k_pid_yaw": [0.5, 1e-06, 0.1], "k_pid_hsp": [9.961004257202148, 0.0, 0.04124295711517334], "k_pid_vsp": [341.0491027832031, 400.0, 400.0]}, "datetime": {"datetime": "2025-08-12 06:48:18", "elapsed": 51777.67195272446, "delta": 31.117072105407715}, "costs": {"total_cost": 4504.611927886599, "time_cost": 150, "final_distance_cost": 432.5936744295206, "oscillation_cost": 842.3665766516278, "completition_cost": 1000.0, "overshoot_cost": 1853.2239744226188, "power_cost": 57.58200423583985, "noise_cost": 168.8456981469916, "n_waypoints_completed": 0, "tot_waypoints": 9}}
{"target": -1152.2148232369357, "params": {"k_pid_pos": [2.0, 1.0, 1.0], "k_pid_alt": [1.8764166831970215, 1.0, 1.0], "k_pid_att": [0.7094353437423706, 9.999999747378752e-05, 0.0], "k_pid_yaw": [0.5, 1e-06, 0.1], "k_pid_hsp": [10.0, 0.033215492963790894, 0.031432271003723145], "k_pid_vsp": [364.6054992675781, 374.7029724121094, 400.0]}, "datetime": {"datetime": "2025-08-12 06:48:49", "elapsed": 51809.26127290726, "delta": 31.589320182800293}, "costs": {"total_cost": 1152.2148232369357, "time_cost": 150, "final_distance_cost": 50.123304059884966, "oscillation_cost": 150.1916909566592, "completition_cost": 666.6666666666667, "overshoot_cost": 70.87621358616853, "power_cost": 34.434734313964846, "noise_cost": 29.92221365359154, "n_waypoints_completed": 3, "tot_waypoints": 9}}
{"target": -4264.741368970942, "params": {"k_pid_pos": [2.0, 1.0, 0.9304994344711304], "k_pid_alt": [2.0, 1.0, 1.0], "k_pid_att": [0.0, 0.046009425073862076, 0.0], "k_pid_yaw": [0.5, 1e-06, 0.1], "k_pid_hsp": [10.0, 0.0, 0.037162184715270996], "k_pid_vsp": [400.0, 373.5545654296875, 400.0]}, "datetime": {"datetime": "2025-08-12 06:49:22", "elapsed": 51842.0799574852, "delta": 32.818684577941895}, "costs": {"total_cost": 4264.741368970942, "time_cost": 150, "final_distance_cost": 511.5256141499986, "oscillation_cost": 516.4960142760984, "completition_cost": 1000.0, "overshoot_cost": 1865.7064673879179, "power_cost": 57.742003015136724, "noise_cost": 163.27127014179024, "n_waypoints_completed": 0, "tot_waypoints": 9}}
{"target": -8050.404997331705, "params": {"k_pid_pos": [1.814771294593811, 0.9216440916061401, 0.9321633577346802], "k_pid_alt": [1.9778046607971191, 1.0, 1.0], "k_pid_att": [0.0, 9.999999747378752e-05, 0.0], "k_pid_yaw": [0.5, 1e-06, 0.1], "k_pid_hsp": [9.939533233642578, 0.0, 0.0], "k_pid_vsp": [400.0, 400.0, 400.0]}, "datetime": {"datetime": "2025-08-12 06:49:53", "elapsed": 51873.334284067154, "delta": 31.254326581954956}, "costs": {"total_cost": 8050.404997331705, "time_cost": 150, "final_distance_cost": 915.0394411265287, "oscillation_cost": 14.853876051159643, "completition_cost": 1000.0, "overshoot_cost": 5833.422778024257, "power_cost": 44.564026379394534, "noise_cost": 92.52487575036366, "n_waypoints_completed": 0, "tot_waypoints": 9}}
{"target": -1183.437163038615, "params": {"k_pid_pos": [1.9082977771759033, 0.9318887591362, 1.0], "k_pid_alt": [2.0, 0.9575331211090088, 1.0], "k_pid_att": [4.978862285614014, 9.999999747378752e-05, 0.03165203332901001], "k_pid_yaw": [0.5, 1e-06, 0.1], "k_pid_hsp": [9.568198204040527, 0.11645185947418213, 0.083812415599823], "k_pid_vsp": [400.0, 400.0, 400.0]}, "datetime": {"datetime": "2025-08-12 06:50:25", "elapsed": 51904.5151348114, "delta": 31.180850744247437}, "costs": {"total_cost": 1183.437163038615, "time_cost": 150, "final_distance_cost": 58.35300588755019, "oscillation_cost": 397.9374712855362, "completition_cost": 444.4444444444444, "overshoot_cost": 70.4697769639405, "power_cost": 32.7021326538086, "noise_cost": 29.530331803335, "n_waypoints_completed": 5, "tot_waypoints": 9}}
{"target": -15289.174924649897, "params": {"k_pid_pos": [1.87771475315094, 0.9245818853378296, 1.0], "k_pid_alt": [2.0, 1.0, 0.9298107624053955], "k_pid_att": [0.0, 1.0201624631881714, 0.027461916208267212], "k_pid_yaw": [0.5, 1e-06, 0.1], "k_pid_hsp": [9.018675804138184, 0.039397746324539185, 0.0], "k_pid_vsp": [373.59124755859375, 400.0, 380.3227844238281]}, "datetime": {"datetime": "2025-08-12 06:50:54", "elapsed": 51933.91014432907, "delta": 29.395009517669678}, "costs": {"total_cost": 15289.174924649897, "time_cost": 150, "final_distance_cost": 4976.468937017353, "oscillation_cost": 2207.1749838174483, "completition_cost": 1000.0, "overshoot_cost": 6724.345410603413, "power_cost": 57.14773386230469, "noise_cost": 174.03785934937667, "n_waypoints_completed": 0, "tot_waypoints": 9}}
{"target": -1117.6028951862754, "params": {"k_pid_pos": [2.0, 0.9041396975517273, 1.0], "k_pid_alt": [1.977630615234375, 1.0, 1.0], "k_pid_att": [6.574949741363525, 9.999999747378752e-05, 0.0], "k_pid_yaw": [0.5, 1e-06, 0.1], "k_pid_hsp": [9.376827239990234, 0.0, 0.09420764446258545], "k_pid_vsp": [400.0, 400.0, 400.0]}, "datetime": {"datetime": "2025-08-12 06:51:29", "elapsed": 51968.51654005051, "delta": 34.60639572143555}, "costs": {"total_cost": 1117.6028951862754, "time_cost": 150, "final_distance_cost": 65.4806702381179, "oscillation_cost": 441.5097057396448, "completition_cost": 333.33333333333337, "overshoot_cost": 63.32678011204715, "power_cost": 33.71963487548828, "noise_cost": 30.23277088764383, "n_waypoints_completed": 6, "tot_waypoints": 9}}
{"target": -1161.0098178436722, "params": {"k_pid_pos": [1.9882246255874634, 0.9400229454040527, 1.0], "k_pid_alt": [1.9698355197906494, 0.9345964789390564, 0.9495612382888794], "k_pid_att": [8.365434646606445, 9.999999747378752e-05, 0.0], "k_pid_yaw": [0.5, 1e-06, 0.1], "k_pid_hsp": [10.0, 0.09265387058258057, 0.0009483993053436279], "k_pid_vsp": [400.0, 400.0, 383.7793273925781]}, "datetime": {"datetime": "2025-08-12 06:52:01", "elapsed": 52000.57723903656, "delta": 32.06069898605347}, "costs": {"total_cost": 1161.0098178436722, "time_cost": 150, "final_distance_cost": 64.67337464703434, "oscillation_cost": 482.99827311759475, "completition_cost": 333.33333333333337, "overshoot_cost": 68.0800556537297, "power_cost": 31.99396512451172, "noise_cost": 29.930815967468206, "n_waypoints_completed": 6, "tot_waypoints": 9}}
{"target": -1013.3910278913773, "params": {"k_pid_pos": [2.0, 1.0, 0.9460505247116089], "k_pid_alt": [1.8912547826766968, 0.9837046265602112, 0.9948339462280273], "k_pid_att": [0.4860132932662964, 9.999999747378752e-05, 0.0], "k_pid_yaw": [0.5, 1e-06, 0.1], "k_pid_hsp": [10.0, 0.0, 0.0], "k_pid_vsp": [387.8931579589844, 400.0, 389.4241943359375]}, "datetime": {"datetime": "2025-08-12 06:52:32", "elapsed": 52031.77545928955, "delta": 31.198220252990723}, "costs": {"total_cost": 1013.3910278913773, "time_cost": 150, "final_distance_cost": 43.79633341645703, "oscillation_cost": 127.43980940734366, "completition_cost": 555.5555555555555, "overshoot_cost": 73.32300634345884, "power_cost": 33.48623110351563, "noise_cost": 29.79009206504672, "n_waypoints_completed": 4, "tot_waypoints": 9}}
{"target": -1804.6988248785005, "params": {"k_pid_pos": [1.9303697347640991, 0.9296897649765015, 0.9451004266738892], "k_pid_alt": [1.963715672492981, 0.9590878486633301, 0.8983779549598694], "k_pid_att": [2.9263405799865723, 0.07147406041622162, 0.0374087393283844], "k_pid_yaw": [0.5, 1e-06, 0.1], "k_pid_hsp": [10.0, 0.0, 0.0], "k_pid_vsp": [400.0, 394.5452880859375, 400.0]}, "datetime": {"datetime": "2025-08-12 06:53:03", "elapsed": 52062.98787212372, "delta": 31.21241283416748}, "costs": {"total_cost": 1804.6988248785005, "time_cost": 150, "final_distance_cost": 0.9997977905450298, "oscillation_cost": 362.1124364610269, "completition_cost": 1000.0, "overshoot_cost": 159.38491534146326, "power_cost": 29.597921899414064, "noise_cost": 102.60375338605127, "n_waypoints_completed": 0, "tot_waypoints": 9}}
{"target": -1724.5886615564784, "params": {"k_pid_pos": [2.0, 1.0, 0.9277392029762268], "k_pid_alt": [1.9103068113327026, 0.8993517756462097, 0.9794102311134338], "k_pid_att": [3.725588321685791, 0.25962674617767334, 0.07054656744003296], "k_pid_yaw": [0.5, 1e-06, 0.1], "k_pid_hsp": [9.955280303955078, 0.0, 0.0026232004165649414], "k_pid_vsp": [397.55657958984375, 379.49322509765625, 400.0]}, "datetime": {"datetime": "2025-08-12 06:53:36", "elapsed": 52095.963017225266, "delta": 32.97514510154724}, "costs": {"total_cost": 1724.5886615564784, "time_cost": 150, "final_distance_cost": 0.9974423631999216, "oscillation_cost": 283.7804895465519, "completition_cost": 1000.0, "overshoot_cost": 158.45830283806544, "power_cost": 29.6823984375, "noise_cost": 101.67002837116105, "n_waypoints_completed": 0, "tot_waypoints": 9}}
{"target": -1832.091327824079, "params": {"k_pid_pos": [2.0, 0.94581139087677, 1.0], "k_pid_alt": [2.0, 1.0, 1.0], "k_pid_att": [4.940125465393066, 0.4165606200695038, 0.013444989919662476], "k_pid_yaw": [0.5, 1e-06, 0.1], "k_pid_hsp": [10.0, 0.1816369891166687, 0.0], "k_pid_vsp": [367.77777099609375, 400.0, 400.0]}, "datetime": {"datetime": "2025-08-12 06:54:06", "elapsed": 52126.14666700363, "delta": 30.18364977836609}, "costs": {"total_cost": 1832.091327824079, "time_cost": 150, "final_distance_cost": 42.378251235726346, "oscillation_cost": 502.0381568755592, "completition_cost": 1000.0, "overshoot_cost": 78.9192656539855, "power_cost": 31.293699157714844, "noise_cost": 27.461954901092902, "n_waypoints_completed": 0, "tot_waypoints": 9}}
{"target": -6545.461302812882, "params": {"k_pid_pos": [1.9826570749282837, 1.0, 1.0], "k_pid_alt": [2.0, 1.0, 1.0], "k_pid_att": [0.0, 0.2726248800754547, 0.02299332618713379], "k_pid_yaw": [0.5, 1e-06, 0.1], "k_pid_hsp": [10.0, 0.0, 0.014689624309539795], "k_pid_vsp": [390.3498229980469, 400.0, 394.5412292480469]}, "datetime": {"datetime": "2025-08-12 06:54:39", "elapsed": 52159.228965997696, "delta": 33.08229899406433}, "costs": {"total_cost": 6545.461302812882, "time_cost": 150, "final_distance_cost": 1575.0559168878638, "oscillation_cost": 1264.9543590694266, "completition_cost": 1000.0, "overshoot_cost": 2327.9991428021945, "power_cost": 57.34487114257813, "noise_cost": 170.1070129108199, "n_waypoints_completed": 0, "tot_waypoints": 9}}
{"target": -1168.277307797556, "params": {"k_pid_pos": [1.9148247241973877, 0.939055323600769, 1.0], "k_pid_alt": [2.0, 0.9326862692832947, 0.934166431427002], "k_pid_att": [4.508691787719727, 1.0547149181365967, 0.03695172071456909], "k_pid_yaw": [0.5, 1e-06, 0.1], "k_pid_hsp": [10.0, 0.0, 0.06264716386795044], "k_pid_vsp": [379.58343505859375, 372.9745178222656, 367.5693359375]}, "datetime": {"datetime": "2025-08-12 06:55:13", "elapsed": 52192.431443452835, "delta": 33.20247745513916}, "costs": {"total_cost": 1168.277307797556, "time_cost": 150, "final_distance_cost": 53.440601497781785, "oscillation_cost": 391.06230209191483, "completition_cost": 444.4444444444444, "overshoot_cost": 67.37416722714501, "power_cost": 32.50833385009766, "noise_cost": 29.44745868617235, "n_waypoints_completed": 5, "tot_waypoints": 9}}
{"target": -8178.480380088596, "params": {"k_pid_pos": [1.9012688398361206, 1.0, 0.9765485525131226], "k_pid_alt": [2.0, 1.0, 1.0], "k_pid_att": [0.0, 9.999999747378752e-05, 0.0], "k_pid_yaw": [0.5, 1e-06, 0.1], "k_pid_hsp": [9.717954635620117, 0.0, 0.0], "k_pid_vsp": [400.0, 391.2784423828125, 400.0]}, "datetime": {"datetime": "2025-08-12 06:55:43", "elapsed": 52223.34342002869, "delta": 30.91197657585144}, "costs": {"total_cost": 8178.480380088596, "time_cost": 150, "final_distance_cost": 997.8604982295097, "oscillation_cost": 14.748685310173121, "completition_cost": 1000.0, "overshoot_cost": 5877.611054334287, "power_cost": 44.44545582275391, "noise_cost": 93.81468639187266, "n_waypoints_completed": 0, "tot_waypoints": 9}}
{"target": -1627.2873583119042, "params": {"k_pid_pos": [2.0, 0.9720726013183594, 0.9901199340820312], "k_pid_alt": [2.0, 0.9056605100631714, 1.0], "k_pid_att": [1.307794451713562, 0.20423492789268494, 0.0], "k_pid_yaw": [0.5, 1e-06, 0.1], "k_pid_hsp": [9.851021766662598, 0.011920928955078125, 0.0], "k_pid_vsp": [391.84417724609375, 400.0, 400.0]}, "datetime": {"datetime": "2025-08-12 06:56:15", "elapsed": 52255.26109075546, "delta": 31.917670726776123}, "costs": {"total_cost": 1627.2873583119042, "time_cost": 150, "final_distance_cost": 39.764540405094586, "oscillation_cost": 308.820986930922, "completition_cost": 1000.0, "overshoot_cost": 70.77293876407795, "power_cost": 30.959271105957033, "noise_cost": 26.96962110585256, "n_waypoints_completed": 0, "tot_waypoints": 9}}
