{"target": -1384.2613364176473, "params": {"k_pid_pos": [2.0, 1.0, 1.0], "k_pid_alt": [2.0, 0.9279050827026367, 1.0], "k_pid_att": [0.38007795810699463, 0.013880157843232155, 0.05106315016746521], "k_pid_yaw": [0.5, 1e-06, 0.1], "k_pid_hsp": [9.292925834655762, 0.004556626081466675, 0.025193065404891968], "k_pid_vsp": [400.0, 396.03436279296875, 389.5687255859375]}, "datetime": {"datetime": "2025-08-12 12:41:34", "elapsed": 72973.99564123154, "delta": 27.46509575843811}, "costs": {"total_cost": 1384.2613364176473, "time_cost": 150, "final_distance_cost": 46.65792849711029, "oscillation_cost": 74.98323547821239, "completition_cost": 1000.0, "overshoot_cost": 50.437494518158296, "power_cost": 32.999343078613286, "noise_cost": 29.18333484555297, "n_waypoints_completed": 0, "tot_waypoints": 9}}
{"target": -6243.024197270176, "params": {"k_pid_pos": [1.938662052154541, 0.9974409937858582, 0.9568513035774231], "k_pid_alt": [1.9774067401885986, 0.9958826899528503, 0.9951192140579224], "k_pid_att": [0.0, 0.05287223309278488, 0.038495659828186035], "k_pid_yaw": [0.5, 1e-06, 0.1], "k_pid_hsp": [9.90757942199707, 0.0, 0.06228330731391907], "k_pid_vsp": [400.0, 397.2337341308594, 390.94964599609375]}, "datetime": {"datetime": "2025-08-12 12:42:02", "elapsed": 73002.19136691093, "delta": 28.195725679397583}, "costs": {"total_cost": 6243.024197270176, "time_cost": 150, "final_distance_cost": 1556.3994865935456, "oscillation_cost": 560.5149617373797, "completition_cost": 1000.0, "overshoot_cost": 2755.3922912315293, "power_cost": 57.09804820556641, "noise_cost": 163.61940950215453, "n_waypoints_completed": 0, "tot_waypoints": 9}}
{"target": -7714.079234116032, "params": {"k_pid_pos": [2.0, 0.9704330563545227, 1.0], "k_pid_alt": [2.0, 0.973568856716156, 0.9862332344055176], "k_pid_att": [0.0, 9.999999747378752e-05, 0.010394513607025146], "k_pid_yaw": [0.5, 1e-06, 0.1], "k_pid_hsp": [9.835844039916992, 0.0, 0.05472615361213684], "k_pid_vsp": [400.0, 393.7801513671875, 400.0]}, "datetime": {"datetime": "2025-08-12 12:42:32", "elapsed": 73031.9870557785, "delta": 29.79568886756897}, "costs": {"total_cost": 7714.079234116032, "time_cost": 150, "final_distance_cost": 2233.1092967893683, "oscillation_cost": 9.953920594150704, "completition_cost": 1000.0, "overshoot_cost": 4233.168711671597, "power_cost": 38.00911112060547, "noise_cost": 49.83819394031163, "n_waypoints_completed": 0, "tot_waypoints": 9}}
{"target": -859.0699545005214, "params": {"k_pid_pos": [1.9420297145843506, 1.0, 1.0], "k_pid_alt": [2.0, 1.0, 1.0], "k_pid_att": [0.44434964656829834, 0.44716522097587585, 0.02942758798599243], "k_pid_yaw": [0.5, 1e-06, 0.1], "k_pid_hsp": [9.44365406036377, 0.0, 0.0], "k_pid_vsp": [400.0, 400.0, 400.0]}, "datetime": {"datetime": "2025-08-12 12:43:01", "elapsed": 73061.0005478859, "delta": 29.013492107391357}, "costs": {"total_cost": 859.0699545005214, "time_cost": 150, "final_distance_cost": 74.46146433178873, "oscillation_cost": 172.08430925064053, "completition_cost": 333.33333333333337, "overshoot_cost": 57.78069787745913, "power_cost": 39.532812316894535, "noise_cost": 31.877337390405053, "n_waypoints_completed": 6, "tot_waypoints": 9}}
{"target": -17097.39130893184, "params": {"k_pid_pos": [1.8728079795837402, 1.0, 0.9702460169792175], "k_pid_alt": [1.9518226385116577, 1.0, 1.0], "k_pid_att": [0.0, 1.0297143459320068, 0.017525196075439453], "k_pid_yaw": [0.5, 1e-06, 0.1], "k_pid_hsp": [10.0, 0.07622438669204712, 0.0], "k_pid_vsp": [400.0, 397.9822692871094, 400.0]}, "datetime": {"datetime": "2025-08-12 12:43:29", "elapsed": 73088.83355379105, "delta": 27.833005905151367}, "costs": {"total_cost": 17097.39130893184, "time_cost": 150, "final_distance_cost": 5492.553868757395, "oscillation_cost": 2248.58827024043, "completition_cost": 1000.0, "overshoot_cost": 7974.788000014289, "power_cost": 57.19573006591797, "noise_cost": 174.265439853806, "n_waypoints_completed": 0, "tot_waypoints": 9}}
{"target": -3671.4106183448657, "params": {"k_pid_pos": [1.968390941619873, 1.0, 1.0], "k_pid_alt": [2.0, 1.0, 1.0], "k_pid_att": [0.0, 0.5971406698226929, 0.09417739510536194], "k_pid_yaw": [0.5, 1e-06, 0.1], "k_pid_hsp": [9.599617958068848, 0.0, 0.0], "k_pid_vsp": [349.631591796875, 375.644287109375, 384.5687255859375]}, "datetime": {"datetime": "2025-08-12 12:43:57", "elapsed": 73117.2913980484, "delta": 28.457844257354736}, "costs": {"total_cost": 3671.4106183448657, "time_cost": 150, "final_distance_cost": 203.83887922180432, "oscillation_cost": 1498.9706758197153, "completition_cost": 1000.0, "overshoot_cost": 588.6795969935578, "power_cost": 57.35405749511719, "noise_cost": 172.567408814671, "n_waypoints_completed": 0, "tot_waypoints": 9}}
{"target": -3966.1327316071934, "params": {"k_pid_pos": [1.9462003707885742, 1.0, 1.0], "k_pid_alt": [1.8658819198608398, 0.9482356309890747, 1.0], "k_pid_att": [0.0, 0.24341802299022675, 0.0], "k_pid_yaw": [0.5, 1e-06, 0.1], "k_pid_hsp": [10.0, 0.0, 0.053862154483795166], "k_pid_vsp": [393.7020263671875, 400.0, 400.0]}, "datetime": {"datetime": "2025-08-12 12:44:27", "elapsed": 73147.20100450516, "delta": 29.909606456756592}, "costs": {"total_cost": 3966.1327316071934, "time_cost": 150, "final_distance_cost": 384.5354800173967, "oscillation_cost": 1178.2058648445816, "completition_cost": 1000.0, "overshoot_cost": 1023.0823652400737, "power_cost": 58.104195373535156, "noise_cost": 172.20482613160635, "n_waypoints_completed": 0, "tot_waypoints": 9}}
{"target": -1021.1315310118608, "params": {"k_pid_pos": [1.9615321159362793, 1.0, 0.9495596885681152], "k_pid_alt": [1.9779070615768433, 0.9644519686698914, 1.0], "k_pid_att": [0.6259948015213013, 9.999999747378752e-05, 0.0], "k_pid_yaw": [0.5, 1e-06, 0.1], "k_pid_hsp": [10.0, 0.021546989679336548, 0.0], "k_pid_vsp": [400.0, 400.0, 400.0]}, "datetime": {"datetime": "2025-08-12 12:44:54", "elapsed": 73174.13444328308, "delta": 26.933438777923584}, "costs": {"total_cost": 1021.1315310118608, "time_cost": 150, "final_distance_cost": 41.583844304769244, "oscillation_cost": 146.41486812297347, "completition_cost": 555.5555555555555, "overshoot_cost": 63.2871381781335, "power_cost": 33.96074100341797, "noise_cost": 30.329383847011076, "n_waypoints_completed": 4, "tot_waypoints": 9}}
{"target": -8385.361602448704, "params": {"k_pid_pos": [1.9894790649414062, 0.9260802268981934, 0.9400167465209961], "k_pid_alt": [2.0, 0.9851566553115845, 1.0], "k_pid_att": [0.0, 9.999999747378752e-05, 0.0], "k_pid_yaw": [0.5, 1e-06, 0.1], "k_pid_hsp": [10.0, 0.06701338291168213, 0.0], "k_pid_vsp": [385.2218017578125, 374.1915588378906, 387.6500244140625]}, "datetime": {"datetime": "2025-08-12 12:45:25", "elapsed": 73204.70372152328, "delta": 30.569278240203857}, "costs": {"total_cost": 8385.361602448704, "time_cost": 150, "final_distance_cost": 970.8161892162058, "oscillation_cost": 14.762164845745442, "completition_cost": 1000.0, "overshoot_cost": 6109.973854142354, "power_cost": 44.55205838623047, "noise_cost": 95.25733585816727, "n_waypoints_completed": 0, "tot_waypoints": 9}}
{"target": -1067.6662327327888, "params": {"k_pid_pos": [2.0, 0.9989951848983765, 0.9558265209197998], "k_pid_alt": [1.9306249618530273, 0.9487849473953247, 0.9855502843856812], "k_pid_att": [3.7641496658325195, 0.7701342701911926, 0.0], "k_pid_yaw": [0.5, 1e-06, 0.1], "k_pid_hsp": [9.495718002319336, 0.020458191633224487, 0.06629642844200134], "k_pid_vsp": [400.0, 391.6213073730469, 372.84698486328125]}, "datetime": {"datetime": "2025-08-12 12:45:53", "elapsed": 73232.42106223106, "delta": 27.71734070777893}, "costs": {"total_cost": 1067.6662327327888, "time_cost": 150, "final_distance_cost": 66.45794122364967, "oscillation_cost": 394.2145052690307, "completition_cost": 333.33333333333337, "overshoot_cost": 60.535688017035774, "power_cost": 33.431156042480474, "noise_cost": 29.693608847258766, "n_waypoints_completed": 6, "tot_waypoints": 9}}
{"target": -1659.2612381982103, "params": {"k_pid_pos": [1.7767858505249023, 0.9761388897895813, 0.9996743202209473], "k_pid_alt": [2.0, 0.9640365242958069, 0.9598848223686218], "k_pid_att": [2.1109910011291504, 9.999999747378752e-05, 0.0328955352306366], "k_pid_yaw": [0.5, 1e-06, 0.1], "k_pid_hsp": [9.33663558959961, 0.0, 0.042628079652786255], "k_pid_vsp": [400.0, 400.0, 392.7398986816406]}, "datetime": {"datetime": "2025-08-12 12:46:21", "elapsed": 73260.7180864811, "delta": 28.297024250030518}, "costs": {"total_cost": 1659.2612381982103, "time_cost": 150, "final_distance_cost": 6.554422461013947, "oscillation_cost": 311.1598302818562, "completition_cost": 1000.0, "overshoot_cost": 135.02227060621416, "power_cost": 30.46409079589844, "noise_cost": 26.060624053227688, "n_waypoints_completed": 0, "tot_waypoints": 9}}
{"target": -1107.3806444808738, "params": {"k_pid_pos": [1.97348952293396, 0.9788278937339783, 0.9609601497650146], "k_pid_alt": [2.0, 1.0, 0.9926282167434692], "k_pid_att": [5.8585286140441895, 0.08209371566772461, 0.0018088221549987793], "k_pid_yaw": [0.5, 1e-06, 0.1], "k_pid_hsp": [9.69861888885498, 0.0246218740940094, 0.07183536887168884], "k_pid_vsp": [400.0, 400.0, 400.0]}, "datetime": {"datetime": "2025-08-12 12:46:49", "elapsed": 73289.10256695747, "delta": 28.384480476379395}, "costs": {"total_cost": 1107.3806444808738, "time_cost": 150, "final_distance_cost": 65.48369606443855, "oscillation_cost": 428.06278888413965, "completition_cost": 333.33333333333337, "overshoot_cost": 67.00804623654187, "power_cost": 33.550874816894535, "noise_cost": 29.94190514552577, "n_waypoints_completed": 6, "tot_waypoints": 9}}
{"target": -1393.3053877674656, "params": {"k_pid_pos": [1.959937334060669, 1.0, 1.0], "k_pid_alt": [1.8066285848617554, 0.9747800827026367, 1.0], "k_pid_att": [0.05092024803161621, 9.999999747378752e-05, 0.09461992979049683], "k_pid_yaw": [0.5, 1e-06, 0.1], "k_pid_hsp": [10.0, 0.011121422052383423, 0.015348762273788452], "k_pid_vsp": [400.0, 400.0, 376.27825927734375]}, "datetime": {"datetime": "2025-08-12 12:47:17", "elapsed": 73316.85025405884, "delta": 27.747687101364136}, "costs": {"total_cost": 1393.3053877674656, "time_cost": 150, "final_distance_cost": 51.67353954854912, "oscillation_cost": 30.82878177971575, "completition_cost": 1000.0, "overshoot_cost": 99.63322412382641, "power_cost": 30.875859814453126, "noise_cost": 30.293982500921256, "n_waypoints_completed": 0, "tot_waypoints": 9}}
{"target": -4017.7342732744405, "params": {"k_pid_pos": [1.9614009857177734, 0.9605435132980347, 1.0], "k_pid_alt": [1.7877501249313354, 0.9972896575927734, 0.9569874405860901], "k_pid_att": [0.0, 0.49415257573127747, 0.0], "k_pid_yaw": [0.5, 1e-06, 0.1], "k_pid_hsp": [10.0, 0.0, 0.04213115572929382], "k_pid_vsp": [389.0607604980469, 400.0, 387.3145446777344]}, "datetime": {"datetime": "2025-08-12 12:47:44", "elapsed": 73344.33433246613, "delta": 27.484078407287598}, "costs": {"total_cost": 4017.7342732744405, "time_cost": 150, "final_distance_cost": 177.6728824284157, "oscillation_cost": 1861.0320481351362, "completition_cost": 1000.0, "overshoot_cost": 598.1303968427695, "power_cost": 57.457701489257815, "noise_cost": 173.44124437886106, "n_waypoints_completed": 0, "tot_waypoints": 9}}
{"target": -4001.601828839863, "params": {"k_pid_pos": [1.997841715812683, 1.0, 0.9983363151550293], "k_pid_alt": [2.0, 0.9689624905586243, 1.0], "k_pid_att": [0.0, 0.5572530031204224, 0.0], "k_pid_yaw": [0.5, 1e-06, 0.1], "k_pid_hsp": [10.0, 0.02006596326828003, 0.03974279761314392], "k_pid_vsp": [400.0, 400.0, 390.13409423828125]}, "datetime": {"datetime": "2025-08-12 12:48:13", "elapsed": 73372.88878440857, "delta": 28.554451942443848}, "costs": {"total_cost": 4001.601828839863, "time_cost": 150, "final_distance_cost": 173.40916283364496, "oscillation_cost": 1903.7749485024785, "completition_cost": 1000.0, "overshoot_cost": 542.681791360957, "power_cost": 57.66087634277344, "noise_cost": 174.0750498000091, "n_waypoints_completed": 0, "tot_waypoints": 9}}
{"target": -5851.5125981937645, "params": {"k_pid_pos": [2.0, 0.9883747100830078, 1.0], "k_pid_alt": [1.817357063293457, 0.9457724094390869, 1.0], "k_pid_att": [0.0, 9.999999747378752e-05, 0.022676140069961548], "k_pid_yaw": [0.5, 1e-06, 0.1], "k_pid_hsp": [9.706103324890137, 0.01413053274154663, 0.0], "k_pid_vsp": [400.0, 380.1546936035156, 395.7021789550781]}, "datetime": {"datetime": "2025-08-12 12:48:41", "elapsed": 73400.79481625557, "delta": 27.906031847000122}, "costs": {"total_cost": 5851.5125981937645, "time_cost": 150, "final_distance_cost": 1684.3081260364663, "oscillation_cost": 6.750529422093093, "completition_cost": 1000.0, "overshoot_cost": 2902.231265622235, "power_cost": 31.99307557373047, "noise_cost": 76.22960153924028, "n_waypoints_completed": 0, "tot_waypoints": 9}}
{"target": -985.4469985503732, "params": {"k_pid_pos": [1.9629464149475098, 1.0, 0.9911301136016846], "k_pid_alt": [2.0, 1.0, 0.9744858145713806], "k_pid_att": [0.5385249853134155, 9.999999747378752e-05, 0.02854830026626587], "k_pid_yaw": [0.5, 1e-06, 0.1], "k_pid_hsp": [10.0, 0.05318248271942139, 0.08517462015151978], "k_pid_vsp": [400.0, 400.0, 339.90985107421875]}, "datetime": {"datetime": "2025-08-12 12:49:08", "elapsed": 73427.98020720482, "delta": 27.185390949249268}, "costs": {"total_cost": 985.4469985503732, "time_cost": 150, "final_distance_cost": 39.67474952365955, "oscillation_cost": 111.08891501031637, "completition_cost": 555.5555555555555, "overshoot_cost": 65.07649048689129, "power_cost": 34.27860031738281, "noise_cost": 29.772687656567687, "n_waypoints_completed": 4, "tot_waypoints": 9}}
{"target": -1550.1435326153094, "params": {"k_pid_pos": [1.9835402965545654, 1.0, 1.0], "k_pid_alt": [1.981323003768921, 0.9366815090179443, 1.0], "k_pid_att": [9.003341674804688, 0.33739155530929565, 0.0], "k_pid_yaw": [0.5, 1e-06, 0.1], "k_pid_hsp": [9.200830459594727, 0.01784774661064148, 0.0], "k_pid_vsp": [400.0, 400.0, 396.5575256347656]}, "datetime": {"datetime": "2025-08-12 12:49:36", "elapsed": 73455.9780933857, "delta": 27.997886180877686}, "costs": {"total_cost": 1550.1435326153094, "time_cost": 150, "final_distance_cost": 79.41860559466384, "oscillation_cost": 520.1591782089453, "completition_cost": 666.6666666666667, "overshoot_cost": 73.50550702616133, "power_cost": 31.938266040039064, "noise_cost": 28.45530907883336, "n_waypoints_completed": 3, "tot_waypoints": 9}}
{"target": -8101.424264230296, "params": {"k_pid_pos": [1.8605495691299438, 1.0, 0.9786510467529297], "k_pid_alt": [1.966475009918213, 0.916347324848175, 1.0], "k_pid_att": [0.0, 0.44181904196739197, 0.0], "k_pid_yaw": [0.5, 1e-06, 0.1], "k_pid_hsp": [9.590806007385254, 0.0, 0.0501839816570282], "k_pid_vsp": [400.0, 391.7392578125, 400.0]}, "datetime": {"datetime": "2025-08-12 12:50:03", "elapsed": 73482.4736366272, "delta": 26.495543241500854}, "costs": {"total_cost": 8101.424264230296, "time_cost": 150, "final_distance_cost": 2375.1410616974963, "oscillation_cost": 1895.205382669221, "completition_cost": 1000.0, "overshoot_cost": 2449.3417439259965, "power_cost": 57.47975310058594, "noise_cost": 174.25632283699653, "n_waypoints_completed": 0, "tot_waypoints": 9}}
{"target": -1904.9625012457318, "params": {"k_pid_pos": [1.839586853981018, 0.9056977033615112, 1.0], "k_pid_alt": [1.8348667621612549, 0.9445257186889648, 1.0], "k_pid_att": [5.372402191162109, 0.3992122709751129, 0.03129678964614868], "k_pid_yaw": [0.5, 1e-06, 0.1], "k_pid_hsp": [9.7076997756958, 0.04510936141014099, 0.0], "k_pid_vsp": [384.39306640625, 400.0, 400.0]}, "datetime": {"datetime": "2025-08-12 12:50:30", "elapsed": 73509.43544507027, "delta": 26.961808443069458}, "costs": {"total_cost": 1904.9625012457318, "time_cost": 150, "final_distance_cost": 0.9992229452124376, "oscillation_cost": 472.9143736262762, "completition_cost": 1000.0, "overshoot_cost": 156.519952518292, "power_cost": 30.32303415527344, "noise_cost": 94.20591800067774, "n_waypoints_completed": 0, "tot_waypoints": 9}}
{"target": -9264.714922543755, "params": {"k_pid_pos": [2.0, 1.0, 0.9829791784286499], "k_pid_alt": [1.9391517639160156, 0.977891206741333, 0.9078224301338196], "k_pid_att": [0.0, 9.999999747378752e-05, 0.0], "k_pid_yaw": [0.5, 1e-06, 0.1], "k_pid_hsp": [9.606761932373047, 0.06523686647415161, 0.0800713300704956], "k_pid_vsp": [395.3445739746094, 400.0, 399.92877197265625]}, "datetime": {"datetime": "2025-08-12 12:50:57", "elapsed": 73537.11632561684, "delta": 27.680880546569824}, "costs": {"total_cost": 9264.714922543755, "time_cost": 150, "final_distance_cost": 607.2670121755353, "oscillation_cost": 14.596555151240928, "completition_cost": 1000.0, "overshoot_cost": 7342.49469978789, "power_cost": 47.60980385742188, "noise_cost": 102.74685157166843, "n_waypoints_completed": 0, "tot_waypoints": 9}}
{"target": -1013.9981275308145, "params": {"k_pid_pos": [2.0, 1.0, 1.0], "k_pid_alt": [2.0, 1.0, 0.988739550113678], "k_pid_att": [9.980010986328125, 9.999999747378752e-05, 0.07015341520309448], "k_pid_yaw": [0.5, 1e-06, 0.1], "k_pid_hsp": [10.0, 0.0, 0.0], "k_pid_vsp": [397.0662841796875, 400.0, 393.0243835449219]}, "datetime": {"datetime": "2025-08-12 12:51:25", "elapsed": 73565.2230463028, "delta": 28.106720685958862}, "costs": {"total_cost": 1013.9981275308145, "time_cost": 150, "final_distance_cost": 70.39497224383757, "oscillation_cost": 334.6656752289138, "completition_cost": 333.33333333333337, "overshoot_cost": 62.71402442120637, "power_cost": 32.51511259765625, "noise_cost": 30.37500970586707, "n_waypoints_completed": 6, "tot_waypoints": 9}}
{"target": -4005.7079013332154, "params": {"k_pid_pos": [2.0, 1.0, 1.0], "k_pid_alt": [1.998107671737671, 0.9312776327133179, 0.9718964099884033], "k_pid_att": [0.0, 0.08329294621944427, 0.06605994701385498], "k_pid_yaw": [0.5, 1e-06, 0.1], "k_pid_hsp": [10.0, 0.08104836940765381, 0.0], "k_pid_vsp": [387.6986999511719, 394.03778076171875, 400.0]}, "datetime": {"datetime": "2025-08-12 12:51:52", "elapsed": 73592.24532341957, "delta": 27.022277116775513}, "costs": {"total_cost": 4005.7079013332154, "time_cost": 150, "final_distance_cost": 569.5371905795733, "oscillation_cost": 479.4074995028504, "completition_cost": 1000.0, "overshoot_cost": 1591.1998457494374, "power_cost": 56.57091239013672, "noise_cost": 158.99245311121783, "n_waypoints_completed": 0, "tot_waypoints": 9}}
{"target": -4858.452826845417, "params": {"k_pid_pos": [1.8454533815383911, 0.9177024364471436, 0.9822763204574585], "k_pid_alt": [1.922415018081665, 0.9182682633399963, 0.9710618853569031], "k_pid_att": [0.0, 0.13246896862983704, 0.021891653537750244], "k_pid_yaw": [0.5, 1e-06, 0.1], "k_pid_hsp": [10.0, 0.0, 0.013764709234237671], "k_pid_vsp": [394.510986328125, 400.0, 355.2852783203125]}, "datetime": {"datetime": "2025-08-12 12:52:22", "elapsed": 73621.54983282089, "delta": 29.30450940132141}, "costs": {"total_cost": 4858.452826845417, "time_cost": 150, "final_distance_cost": 621.4128977581599, "oscillation_cost": 773.2648396186395, "completition_cost": 1000.0, "overshoot_cost": 2090.0049516889003, "power_cost": 58.091017687988284, "noise_cost": 165.67912009172946, "n_waypoints_completed": 0, "tot_waypoints": 9}}
{"target": -1173.74571876432, "params": {"k_pid_pos": [2.0, 0.9800280928611755, 1.0], "k_pid_alt": [1.9401130676269531, 0.9647225141525269, 0.9609745144844055], "k_pid_att": [3.9295315742492676, 9.999999747378752e-05, 0.0], "k_pid_yaw": [0.5, 1e-06, 0.1], "k_pid_hsp": [10.0, 0.002237975597381592, 0.030246645212173462], "k_pid_vsp": [391.99322509765625, 383.88623046875, 385.72265625]}, "datetime": {"datetime": "2025-08-12 12:52:51", "elapsed": 73650.78380155563, "delta": 29.23396873474121}, "costs": {"total_cost": 1173.74571876432, "time_cost": 150, "final_distance_cost": 55.75418218438881, "oscillation_cost": 395.2770136392697, "completition_cost": 444.4444444444444, "overshoot_cost": 66.4909837062528, "power_cost": 32.73675792236328, "noise_cost": 29.04233686760119, "n_waypoints_completed": 5, "tot_waypoints": 9}}
{"target": -10747.633871898533, "params": {"k_pid_pos": [2.0, 0.9893885850906372, 1.0], "k_pid_alt": [2.0, 1.0, 1.0], "k_pid_att": [0.0, 0.6887019872665405, 0.07138964533805847], "k_pid_yaw": [0.5, 1e-06, 0.1], "k_pid_hsp": [9.713547706604004, 0.0063543617725372314, 0.014610856771469116], "k_pid_vsp": [400.0, 382.19232177734375, 380.6385498046875]}, "datetime": {"datetime": "2025-08-12 12:53:20", "elapsed": 73679.63877630234, "delta": 28.8549747467041}, "costs": {"total_cost": 10747.633871898533, "time_cost": 150, "final_distance_cost": 3556.4194412607503, "oscillation_cost": 2019.899426743175, "completition_cost": 1000.0, "overshoot_cost": 3791.2304752581526, "power_cost": 57.186804418945314, "noise_cost": 172.89772421750897, "n_waypoints_completed": 0, "tot_waypoints": 9}}
{"target": -8082.5148438972765, "params": {"k_pid_pos": [2.0, 1.0, 0.9599267840385437], "k_pid_alt": [2.0, 0.9328988790512085, 0.9213356375694275], "k_pid_att": [0.0, 9.999999747378752e-05, 0.0], "k_pid_yaw": [0.5, 1e-06, 0.1], "k_pid_hsp": [9.930438041687012, 0.0, 0.0], "k_pid_vsp": [391.79925537109375, 400.0, 400.0]}, "datetime": {"datetime": "2025-08-12 12:53:49", "elapsed": 73709.16020274162, "delta": 29.52142643928528}, "costs": {"total_cost": 8082.5148438972765, "time_cost": 150, "final_distance_cost": 927.4947056820482, "oscillation_cost": 14.79160120739486, "completition_cost": 1000.0, "overshoot_cost": 5851.789185435033, "power_cost": 44.10252032470704, "noise_cost": 94.33683124809343, "n_waypoints_completed": 0, "tot_waypoints": 9}}
