{"target": -1780.9955464860939, "params": {"k_pid_pos": [1.9354559183120728, 1.0, 0.9712528586387634], "k_pid_alt": [2.0, 1.0, 0.9481456875801086], "k_pid_att": [4.261600971221924, 0.2305930256843567, 0.02819979190826416], "k_pid_yaw": [0.5, 1e-06, 0.1], "k_pid_hsp": [10.0, 0.0, 0.005313247442245483], "k_pid_vsp": [379.56634521484375, 387.5973815917969, 395.3852233886719]}, "datetime": {"datetime": "2025-08-11 21:53:40", "elapsed": 19699.839178562164, "delta": 30.39436435699463}, "costs": {"total_cost": 1780.9955464860939, "time_cost": 150, "final_distance_cost": 36.88514277271537, "oscillation_cost": 449.6585653991719, "completition_cost": 1000.0, "overshoot_cost": 86.48997295948809, "power_cost": 31.049100610351562, "noise_cost": 26.912764744366843, "n_waypoints_completed": 0, "tot_waypoints": 9}}
{"target": -1639.7557516027014, "params": {"k_pid_pos": [1.9133412837982178, 0.9936600923538208, 1.0], "k_pid_alt": [2.0, 0.9365696907043457, 1.0], "k_pid_att": [2.651137113571167, 0.1990615874528885, 0.0798414945602417], "k_pid_yaw": [0.5, 1e-06, 0.1], "k_pid_hsp": [10.0, 0.0, 0.077901691198349], "k_pid_vsp": [369.0259704589844, 400.0, 400.0]}, "datetime": {"datetime": "2025-08-11 21:54:11", "elapsed": 19731.18996810913, "delta": 31.350789546966553}, "costs": {"total_cost": 1639.7557516027014, "time_cost": 150, "final_distance_cost": 0.9962566323155903, "oscillation_cost": 205.69972186794524, "completition_cost": 1000.0, "overshoot_cost": 157.02889180101, "power_cost": 29.368641333007815, "noise_cost": 96.66223996842257, "n_waypoints_completed": 0, "tot_waypoints": 9}}
{"target": -8773.59215958572, "params": {"k_pid_pos": [2.0, 0.959635317325592, 1.0], "k_pid_alt": [1.8791062831878662, 0.9548564553260803, 1.0], "k_pid_att": [0.0, 9.999999747378752e-05, 0.0], "k_pid_yaw": [0.5, 1e-06, 0.1], "k_pid_hsp": [9.359129905700684, 0.0, 0.07866469025611877], "k_pid_vsp": [397.26007080078125, 388.12603759765625, 400.0]}, "datetime": {"datetime": "2025-08-11 21:54:41", "elapsed": 19761.297026872635, "delta": 30.10705876350403}, "costs": {"total_cost": 8773.59215958572, "time_cost": 150, "final_distance_cost": 435.2193242421318, "oscillation_cost": 14.490376222107175, "completition_cost": 1000.0, "overshoot_cost": 7026.97143660007, "power_cost": 46.893130603027345, "noise_cost": 100.01789191838303, "n_waypoints_completed": 0, "tot_waypoints": 9}}
{"target": -1106.0278283716543, "params": {"k_pid_pos": [1.9095367193222046, 1.0, 1.0], "k_pid_alt": [1.9275364875793457, 0.9816259145736694, 1.0], "k_pid_att": [4.9320549964904785, 0.3614662289619446, 0.0], "k_pid_yaw": [0.5, 1e-06, 0.1], "k_pid_hsp": [9.598301887512207, 0.027608484029769897, 0.005032360553741455], "k_pid_vsp": [372.3973388671875, 400.0, 375.63958740234375]}, "datetime": {"datetime": "2025-08-11 21:55:13", "elapsed": 19792.576231479645, "delta": 31.279204607009888}, "costs": {"total_cost": 1106.0278283716543, "time_cost": 150, "final_distance_cost": 63.38716217820216, "oscillation_cost": 427.58374662914673, "completition_cost": 333.33333333333337, "overshoot_cost": 68.33583741062387, "power_cost": 33.5071255859375, "noise_cost": 29.880623234410578, "n_waypoints_completed": 6, "tot_waypoints": 9}}
{"target": -5785.931550031702, "params": {"k_pid_pos": [1.9079004526138306, 1.0, 1.0], "k_pid_alt": [1.8965072631835938, 1.0, 0.9228794574737549], "k_pid_att": [0.0, 9.999999747378752e-05, 0.019706159830093384], "k_pid_yaw": [0.5, 1e-06, 0.1], "k_pid_hsp": [10.0, 0.0, 0.0498737096786499], "k_pid_vsp": [400.0, 400.0, 400.0]}, "datetime": {"datetime": "2025-08-11 21:55:44", "elapsed": 19823.94990849495, "delta": 31.373677015304565}, "costs": {"total_cost": 5785.931550031702, "time_cost": 150, "final_distance_cost": 1681.3989762940673, "oscillation_cost": 6.874070073277823, "completition_cost": 1000.0, "overshoot_cost": 2857.713083366552, "power_cost": 32.52499229736328, "noise_cost": 57.420428000440765, "n_waypoints_completed": 0, "tot_waypoints": 9}}
{"target": -1339.6423879520078, "params": {"k_pid_pos": [1.9613066911697388, 0.9640570282936096, 0.9859743118286133], "k_pid_alt": [1.8877406120300293, 0.9912157654762268, 0.9478809833526611], "k_pid_att": [0.2745896577835083, 9.999999747378752e-05, 0.0], "k_pid_yaw": [0.5, 1e-06, 0.1], "k_pid_hsp": [10.0, 0.02666032314300537, 0.022203296422958374], "k_pid_vsp": [399.0895690917969, 400.0, 400.0]}, "datetime": {"datetime": "2025-08-11 21:56:15", "elapsed": 19854.779141187668, "delta": 30.829232692718506}, "costs": {"total_cost": 1339.6423879520078, "time_cost": 150, "final_distance_cost": 76.04503929316817, "oscillation_cost": 101.18508803401622, "completition_cost": 888.8888888888888, "overshoot_cost": 60.37853202781669, "power_cost": 34.64809479980469, "noise_cost": 28.49674490831298, "n_waypoints_completed": 1, "tot_waypoints": 9}}
{"target": -1221.5694308295458, "params": {"k_pid_pos": [1.875760793685913, 0.9428864121437073, 0.8479896187782288], "k_pid_alt": [1.8211514949798584, 1.0, 1.0], "k_pid_att": [3.518986701965332, 0.07674216479063034, 0.033826351165771484], "k_pid_yaw": [0.5, 1e-06, 0.1], "k_pid_hsp": [9.543475151062012, 0.020944714546203613, 0.04477629065513611], "k_pid_vsp": [399.0511779785156, 400.0, 370.03216552734375]}, "datetime": {"datetime": "2025-08-11 21:56:46", "elapsed": 19885.47778248787, "delta": 30.698641300201416}, "costs": {"total_cost": 1221.5694308295458, "time_cost": 150, "final_distance_cost": 45.06117719874652, "oscillation_cost": 340.2970253451639, "completition_cost": 555.5555555555555, "overshoot_cost": 69.53322153374013, "power_cost": 32.29558504638672, "noise_cost": 28.82686614995284, "n_waypoints_completed": 4, "tot_waypoints": 9}}
{"target": -1665.6505784395538, "params": {"k_pid_pos": [2.0, 0.944963812828064, 0.9555952548980713], "k_pid_alt": [1.8866097927093506, 0.891018807888031, 1.0], "k_pid_att": [6.650984287261963, 9.999999747378752e-05, 0.0], "k_pid_yaw": [0.5, 1e-06, 0.1], "k_pid_hsp": [9.369176864624023, 0.02004563808441162, 0.0], "k_pid_vsp": [374.8702392578125, 400.0, 400.0]}, "datetime": {"datetime": "2025-08-11 21:57:17", "elapsed": 19917.205631256104, "delta": 31.727848768234253}, "costs": {"total_cost": 1665.6505784395538, "time_cost": 150, "final_distance_cost": 76.55178595007533, "oscillation_cost": 524.327806124022, "completition_cost": 777.7777777777778, "overshoot_cost": 76.99456701655501, "power_cost": 31.752915270996095, "noise_cost": 28.245726300127657, "n_waypoints_completed": 2, "tot_waypoints": 9}}
{"target": -1118.948345208926, "params": {"k_pid_pos": [1.7877432107925415, 0.9603359699249268, 1.0], "k_pid_alt": [1.914841651916504, 1.0, 1.0], "k_pid_att": [0.5640566349029541, 0.08879589289426804, 0.0222628116607666], "k_pid_yaw": [0.5, 1e-06, 0.1], "k_pid_hsp": [10.0, 0.0, 0.0], "k_pid_vsp": [385.3298034667969, 400.0, 399.3271484375]}, "datetime": {"datetime": "2025-08-11 21:57:48", "elapsed": 19947.80461025238, "delta": 30.598978996276855}, "costs": {"total_cost": 1118.948345208926, "time_cost": 150, "final_distance_cost": 52.84912203813662, "oscillation_cost": 118.61443483910503, "completition_cost": 666.6666666666667, "overshoot_cost": 67.14247691779417, "power_cost": 33.0264709350586, "noise_cost": 30.649173812164598, "n_waypoints_completed": 3, "tot_waypoints": 9}}
{"target": -4280.294037282508, "params": {"k_pid_pos": [2.0, 0.932993471622467, 1.0], "k_pid_alt": [2.0, 0.9813226461410522, 1.0], "k_pid_att": [0.0, 0.7133101224899292, 0.0], "k_pid_yaw": [0.5, 1e-06, 0.1], "k_pid_hsp": [10.0, 0.0, 0.029442667961120605], "k_pid_vsp": [396.1461181640625, 377.4079895019531, 400.0]}, "datetime": {"datetime": "2025-08-11 21:58:19", "elapsed": 19978.42973446846, "delta": 30.625124216079712}, "costs": {"total_cost": 4280.294037282508, "time_cost": 150, "final_distance_cost": 180.10358383626016, "oscillation_cost": 2126.495739348009, "completition_cost": 1000.0, "overshoot_cost": 591.2495645085503, "power_cost": 57.38313336181641, "noise_cost": 175.06201622787222, "n_waypoints_completed": 0, "tot_waypoints": 9}}
{"target": -8180.148697894849, "params": {"k_pid_pos": [2.0, 1.0, 1.0], "k_pid_alt": [2.0, 1.0, 0.9474588632583618], "k_pid_att": [0.0, 9.999999747378752e-05, 0.0], "k_pid_yaw": [0.5, 1e-06, 0.1], "k_pid_hsp": [9.692398071289062, 0.06270730495452881, 0.0], "k_pid_vsp": [400.0, 400.0, 400.0]}, "datetime": {"datetime": "2025-08-11 21:58:49", "elapsed": 20009.351919174194, "delta": 30.922184705734253}, "costs": {"total_cost": 8180.148697894849, "time_cost": 150, "final_distance_cost": 996.5429352827721, "oscillation_cost": 14.849424175820577, "completition_cost": 1000.0, "overshoot_cost": 5882.226122474933, "power_cost": 44.54066412353516, "noise_cost": 91.98955183778882, "n_waypoints_completed": 0, "tot_waypoints": 9}}
{"target": -12883.24914508384, "params": {"k_pid_pos": [1.9388017654418945, 1.0, 1.0], "k_pid_alt": [2.0, 1.0, 0.9959752559661865], "k_pid_att": [0.0, 0.05512556433677673, 0.023494213819503784], "k_pid_yaw": [0.5, 1e-06, 0.1], "k_pid_hsp": [10.0, 0.0, 0.0], "k_pid_vsp": [400.0, 400.0, 400.0]}, "datetime": {"datetime": "2025-08-11 21:59:21", "elapsed": 20040.434231758118, "delta": 31.08231258392334}, "costs": {"total_cost": 12883.24914508384, "time_cost": 150, "final_distance_cost": 4513.864145444439, "oscillation_cost": 656.5417863818684, "completition_cost": 1000.0, "overshoot_cost": 6342.9839751537575, "power_cost": 57.37301857910157, "noise_cost": 162.48621952467502, "n_waypoints_completed": 0, "tot_waypoints": 9}}
{"target": -1817.935859235591, "params": {"k_pid_pos": [2.0, 0.9598341584205627, 1.0], "k_pid_alt": [2.0, 1.0, 1.0], "k_pid_att": [5.161333084106445, 0.20806477963924408, 0.022122979164123535], "k_pid_yaw": [0.5, 1e-06, 0.1], "k_pid_hsp": [9.91055679321289, 0.030526459217071533, 0.0], "k_pid_vsp": [400.0, 395.47076416015625, 396.92120361328125]}, "datetime": {"datetime": "2025-08-11 21:59:51", "elapsed": 20071.129620313644, "delta": 30.695388555526733}, "costs": {"total_cost": 1817.935859235591, "time_cost": 150, "final_distance_cost": 37.60392292450643, "oscillation_cost": 484.7427106679839, "completition_cost": 1000.0, "overshoot_cost": 87.68649114893638, "power_cost": 30.70205552978516, "noise_cost": 27.20067896437907, "n_waypoints_completed": 0, "tot_waypoints": 9}}
{"target": -4120.69063750937, "params": {"k_pid_pos": [2.0, 1.0, 0.9728538990020752], "k_pid_alt": [1.8271706104278564, 0.9599188566207886, 1.0], "k_pid_att": [0.0, 0.2154977023601532, 0.0], "k_pid_yaw": [0.5, 1e-06, 0.1], "k_pid_hsp": [9.823575973510742, 0.019482582807540894, 0.0], "k_pid_vsp": [400.0, 400.0, 400.0]}, "datetime": {"datetime": "2025-08-11 22:00:23", "elapsed": 20102.849710464478, "delta": 31.72009015083313}, "costs": {"total_cost": 4120.69063750937, "time_cost": 150, "final_distance_cost": 428.24524764137993, "oscillation_cost": 1113.445454606229, "completition_cost": 1000.0, "overshoot_cost": 1201.5819957346073, "power_cost": 57.29789385986329, "noise_cost": 170.12004566729038, "n_waypoints_completed": 0, "tot_waypoints": 9}}
{"target": -6023.925532231009, "params": {"k_pid_pos": [1.9270423650741577, 0.8909029960632324, 0.9385653734207153], "k_pid_alt": [1.9587368965148926, 0.9723024368286133, 1.0], "k_pid_att": [0.0, 0.191552072763443, 0.027631670236587524], "k_pid_yaw": [0.5, 1e-06, 0.1], "k_pid_hsp": [10.0, 0.04327875375747681, 0.0], "k_pid_vsp": [366.1507263183594, 380.163818359375, 400.0]}, "datetime": {"datetime": "2025-08-11 22:00:54", "elapsed": 20133.852155447006, "delta": 31.002444982528687}, "costs": {"total_cost": 6023.925532231009, "time_cost": 150, "final_distance_cost": 1023.406705272964, "oscillation_cost": 941.0202377685082, "completition_cost": 1000.0, "overshoot_cost": 2684.520691156109, "power_cost": 57.224721081542974, "noise_cost": 167.75317695188477, "n_waypoints_completed": 0, "tot_waypoints": 9}}
{"target": -1285.790940847748, "params": {"k_pid_pos": [2.0, 1.0, 1.0], "k_pid_alt": [1.9268907308578491, 0.9393194913864136, 0.9866068363189697], "k_pid_att": [5.8841376304626465, 9.999999747378752e-05, 0.03830793499946594], "k_pid_yaw": [0.5, 1e-06, 0.1], "k_pid_hsp": [10.0, 0.10601469874382019, 0.07981613278388977], "k_pid_vsp": [400.0, 400.0, 400.0]}, "datetime": {"datetime": "2025-08-11 22:01:26", "elapsed": 20165.698771715164, "delta": 31.84661626815796}, "costs": {"total_cost": 1285.790940847748, "time_cost": 150, "final_distance_cost": 46.73510579023449, "oscillation_cost": 407.58243698933313, "completition_cost": 555.5555555555555, "overshoot_cost": 63.13310212126404, "power_cost": 33.05997131347657, "noise_cost": 29.724769077884336, "n_waypoints_completed": 4, "tot_waypoints": 9}}
{"target": -1539.6233065303588, "params": {"k_pid_pos": [1.987831711769104, 0.9565984606742859, 1.0], "k_pid_alt": [2.0, 0.9198402166366577, 0.9347776174545288], "k_pid_att": [2.6423275470733643, 0.6838541030883789, 0.0020599365234375], "k_pid_yaw": [0.5, 1e-06, 0.1], "k_pid_hsp": [10.0, 0.021783918142318726, 0.012875676155090332], "k_pid_vsp": [376.2318115234375, 400.0, 400.0]}, "datetime": {"datetime": "2025-08-11 22:01:56", "elapsed": 20196.21056675911, "delta": 30.511795043945312}, "costs": {"total_cost": 1539.6233065303588, "time_cost": 150, "final_distance_cost": 86.21775339805181, "oscillation_cost": 396.7164508395755, "completition_cost": 777.7777777777778, "overshoot_cost": 69.68534329974071, "power_cost": 31.982363793945314, "noise_cost": 27.243617421267768, "n_waypoints_completed": 2, "tot_waypoints": 9}}
{"target": -4414.251293267963, "params": {"k_pid_pos": [2.0, 0.9863204956054688, 0.9171997308731079], "k_pid_alt": [1.8458189964294434, 1.0, 1.0], "k_pid_att": [0.0, 9.999999747378752e-05, 0.03413897752761841], "k_pid_yaw": [0.5, 1e-06, 0.1], "k_pid_hsp": [10.0, 0.0, 0.05731859803199768], "k_pid_vsp": [382.2857971191406, 400.0, 400.0]}, "datetime": {"datetime": "2025-08-11 22:02:27", "elapsed": 20226.872536182404, "delta": 30.661969423294067}, "costs": {"total_cost": 4414.251293267963, "time_cost": 150, "final_distance_cost": 852.8677397603573, "oscillation_cost": 5.302783918130317, "completition_cost": 1000.0, "overshoot_cost": 2290.050410183094, "power_cost": 30.726631372070315, "noise_cost": 85.30372803431177, "n_waypoints_completed": 0, "tot_waypoints": 9}}
{"target": -1328.4735058467004, "params": {"k_pid_pos": [2.0, 0.9989781379699707, 0.9190593957901001], "k_pid_alt": [2.0, 1.0, 0.9377416968345642], "k_pid_att": [5.544442176818848, 9.999999747378752e-05, 0.007810413837432861], "k_pid_yaw": [0.5, 1e-06, 0.1], "k_pid_hsp": [10.0, 0.0, 0.0], "k_pid_vsp": [400.0, 400.0, 397.69097900390625]}, "datetime": {"datetime": "2025-08-11 22:02:57", "elapsed": 20257.158405780792, "delta": 30.285869598388672}, "costs": {"total_cost": 1328.4735058467004, "time_cost": 150, "final_distance_cost": 43.44740089753615, "oscillation_cost": 445.8221420130504, "completition_cost": 555.5555555555555, "overshoot_cost": 71.25732351645483, "power_cost": 32.66563194580078, "noise_cost": 29.725451918302557, "n_waypoints_completed": 4, "tot_waypoints": 9}}
{"target": -5110.550286631321, "params": {"k_pid_pos": [2.0, 0.8722313046455383, 1.0], "k_pid_alt": [1.954341173171997, 1.0, 1.0], "k_pid_att": [0.0, 9.999999747378752e-05, 0.031181812286376953], "k_pid_yaw": [0.5, 1e-06, 0.1], "k_pid_hsp": [9.337499618530273, 0.0, 0.10005185008049011], "k_pid_vsp": [400.0, 400.0, 400.0]}, "datetime": {"datetime": "2025-08-11 22:03:29", "elapsed": 20288.485664844513, "delta": 31.327259063720703}, "costs": {"total_cost": 5110.550286631321, "time_cost": 150, "final_distance_cost": 710.2500050760669, "oscillation_cost": 5.416007653955381, "completition_cost": 1000.0, "overshoot_cost": 3143.3088361574337, "power_cost": 30.935354211425782, "noise_cost": 70.64008353243953, "n_waypoints_completed": 0, "tot_waypoints": 9}}
{"target": -8210.768332659389, "params": {"k_pid_pos": [2.0, 0.9980875253677368, 1.0], "k_pid_alt": [2.0, 1.0, 1.0], "k_pid_att": [0.0, 9.999999747378752e-05, 0.0], "k_pid_yaw": [0.5, 1e-06, 0.1], "k_pid_hsp": [10.0, 0.0, 0.0], "k_pid_vsp": [391.32794189453125, 388.6845703125, 400.0]}, "datetime": {"datetime": "2025-08-11 22:03:59", "elapsed": 20318.90426158905, "delta": 30.418596744537354}, "costs": {"total_cost": 8210.768332659389, "time_cost": 150, "final_distance_cost": 889.4190949852159, "oscillation_cost": 14.707615195472204, "completition_cost": 1000.0, "overshoot_cost": 6015.231241190044, "power_cost": 44.18447331542969, "noise_cost": 97.22590797322741, "n_waypoints_completed": 0, "tot_waypoints": 9}}
{"target": -3540.0915341611767, "params": {"k_pid_pos": [1.9919568300247192, 1.0, 0.967743992805481], "k_pid_alt": [2.0, 1.0, 0.9537907838821411], "k_pid_att": [0.0, 9.999999747378752e-05, 0.10313588380813599], "k_pid_yaw": [0.5, 1e-06, 0.1], "k_pid_hsp": [10.0, 0.020540177822113037, 0.0], "k_pid_vsp": [400.0, 399.6567687988281, 400.0]}, "datetime": {"datetime": "2025-08-11 22:04:30", "elapsed": 20349.717638254166, "delta": 30.813376665115356}, "costs": {"total_cost": 3540.0915341611767, "time_cost": 150, "final_distance_cost": 583.5168076343265, "oscillation_cost": 3.3423078719616646, "completition_cost": 1000.0, "overshoot_cost": 1660.0726132379045, "power_cost": 29.285711352539064, "noise_cost": 113.87409406444456, "n_waypoints_completed": 0, "tot_waypoints": 9}}
{"target": -1227.6281879794005, "params": {"k_pid_pos": [2.0, 0.9809878468513489, 0.9573861956596375], "k_pid_alt": [1.7755553722381592, 0.9702903032302856, 1.0], "k_pid_att": [1.7924696207046509, 0.4526878297328949, 0.0], "k_pid_yaw": [0.5, 1e-06, 0.1], "k_pid_hsp": [9.892704963684082, 0.13683688640594482, 0.0], "k_pid_vsp": [384.8326416015625, 400.0, 388.77996826171875]}, "datetime": {"datetime": "2025-08-11 22:04:59", "elapsed": 20379.31799554825, "delta": 29.60035729408264}, "costs": {"total_cost": 1227.6281879794005, "time_cost": 150, "final_distance_cost": 52.47842705342701, "oscillation_cost": 327.1297308890517, "completition_cost": 555.5555555555555, "overshoot_cost": 83.1282572671469, "power_cost": 32.29318251953125, "noise_cost": 27.043034694688316, "n_waypoints_completed": 4, "tot_waypoints": 9}}
{"target": -5138.968260482111, "params": {"k_pid_pos": [1.9432616233825684, 1.0, 0.9948452711105347], "k_pid_alt": [2.0, 0.9434672594070435, 1.0], "k_pid_att": [0.0, 0.17861412465572357, 0.01892709732055664], "k_pid_yaw": [0.5, 1e-06, 0.1], "k_pid_hsp": [9.368510246276855, 0.019497692584991455, 0.024511754512786865], "k_pid_vsp": [381.0238952636719, 391.5936584472656, 400.0]}, "datetime": {"datetime": "2025-08-11 22:05:30", "elapsed": 20409.60137629509, "delta": 30.28338074684143}, "costs": {"total_cost": 5138.968260482111, "time_cost": 150, "final_distance_cost": 585.8022075258324, "oscillation_cost": 940.6399209232922, "completition_cost": 1000.0, "overshoot_cost": 2237.4391727121897, "power_cost": 57.37081374511719, "noise_cost": 167.7161455756785, "n_waypoints_completed": 0, "tot_waypoints": 9}}
{"target": -9176.25907041534, "params": {"k_pid_pos": [1.9265437126159668, 1.0, 0.9693205952644348], "k_pid_alt": [1.8652150630950928, 1.0, 1.0], "k_pid_att": [0.0, 9.999999747378752e-05, 0.0], "k_pid_yaw": [0.5, 1e-06, 0.1], "k_pid_hsp": [10.0, 0.0, 0.07668152451515198], "k_pid_vsp": [382.72064208984375, 400.0, 400.0]}, "datetime": {"datetime": "2025-08-11 22:06:00", "elapsed": 20440.226993083954, "delta": 30.625616788864136}, "costs": {"total_cost": 9176.25907041534, "time_cost": 150, "final_distance_cost": 606.1588165106159, "oscillation_cost": 14.629180741652693, "completition_cost": 1000.0, "overshoot_cost": 7253.5108432171255, "power_cost": 47.69885267333984, "noise_cost": 104.26137727260742, "n_waypoints_completed": 0, "tot_waypoints": 9}}
{"target": -4458.719421630879, "params": {"k_pid_pos": [1.9537245035171509, 0.9523516297340393, 1.0], "k_pid_alt": [1.8992841243743896, 1.0, 1.0], "k_pid_att": [0.0, 9.999999747378752e-05, 0.048768550157547], "k_pid_yaw": [0.5, 1e-06, 0.1], "k_pid_hsp": [9.706164360046387, 0.0, 0.0], "k_pid_vsp": [400.0, 388.1466369628906, 400.0]}, "datetime": {"datetime": "2025-08-11 22:06:31", "elapsed": 20471.194157600403, "delta": 30.967164516448975}, "costs": {"total_cost": 4458.719421630879, "time_cost": 150, "final_distance_cost": 750.3641799334662, "oscillation_cost": 4.1868224991399465, "completition_cost": 1000.0, "overshoot_cost": 2432.9037287364954, "power_cost": 30.02547412109375, "noise_cost": 91.23921634068437, "n_waypoints_completed": 0, "tot_waypoints": 9}}
{"target": -1688.169802029001, "params": {"k_pid_pos": [2.0, 1.0, 0.9313991069793701], "k_pid_alt": [1.9168438911437988, 1.0, 1.0], "k_pid_att": [6.235355377197266, 9.999999747378752e-05, 0.08274155855178833], "k_pid_yaw": [0.5, 1e-06, 0.1], "k_pid_hsp": [9.60721206665039, 0.0, 0.0], "k_pid_vsp": [397.5521545410156, 371.4496154785156, 383.11236572265625]}, "datetime": {"datetime": "2025-08-11 22:07:02", "elapsed": 20501.720945358276, "delta": 30.526787757873535}, "costs": {"total_cost": 1688.169802029001, "time_cost": 150, "final_distance_cost": 18.80034204137296, "oscillation_cost": 358.7130885373451, "completition_cost": 1000.0, "overshoot_cost": 103.03598857505641, "power_cost": 30.372555493164064, "noise_cost": 27.247827382062386, "n_waypoints_completed": 0, "tot_waypoints": 9}}
{"target": -1631.2091620472104, "params": {"k_pid_pos": [1.9878379106521606, 1.0, 0.9923027753829956], "k_pid_alt": [2.0, 0.9409715533256531, 0.8856546878814697], "k_pid_att": [1.187404990196228, 9.999999747378752e-05, 0.0], "k_pid_yaw": [0.5, 1e-06, 0.1], "k_pid_hsp": [9.278963088989258, 0.0, 0.0], "k_pid_vsp": [390.2941589355469, 377.38531494140625, 400.0]}, "datetime": {"datetime": "2025-08-11 22:07:32", "elapsed": 20531.933979034424, "delta": 30.21303367614746}, "costs": {"total_cost": 1631.2091620472104, "time_cost": 150, "final_distance_cost": 16.837467380349835, "oscillation_cost": 290.4772648537348, "completition_cost": 1000.0, "overshoot_cost": 115.53013244792578, "power_cost": 31.706908117675784, "noise_cost": 26.65738924752424, "n_waypoints_completed": 0, "tot_waypoints": 9}}
