{"target": -6662.295255812845, "params": {"k_pid_pos": [1.8590123653411865, 0.9914583563804626, 0.9971935749053955], "k_pid_alt": [2.0, 0.9839812517166138, 0.9206547737121582], "k_pid_att": [0.0, 9.999999747378752e-05, 0.017039448022842407], "k_pid_yaw": [0.5, 1e-06, 0.1], "k_pid_hsp": [8.683355331420898, 0.029303938150405884, 0.027065306901931763], "k_pid_vsp": [400.0, 400.0, 400.0]}, "datetime": {"datetime": "2025-08-12 03:34:29", "elapsed": 40149.0539560318, "delta": 31.925882816314697}, "costs": {"total_cost": 6662.295255812845, "time_cost": 150, "final_distance_cost": 1959.4117693644703, "oscillation_cost": 7.9300636063219745, "completition_cost": 1000.0, "overshoot_cost": 3458.2363382673184, "power_cost": 34.88696572265625, "noise_cost": 51.83011885207951, "n_waypoints_completed": 0, "tot_waypoints": 9}}
{"target": -1507.6749126899765, "params": {"k_pid_pos": [2.0, 1.0, 1.0], "k_pid_alt": [2.0, 1.0, 1.0], "k_pid_att": [7.726919651031494, 9.999999747378752e-05, 0.0], "k_pid_yaw": [0.5, 1e-06, 0.1], "k_pid_hsp": [9.790914535522461, 0.0, 0.0], "k_pid_vsp": [400.0, 380.24102783203125, 400.0]}, "datetime": {"datetime": "2025-08-12 03:35:00", "elapsed": 40179.982912540436, "delta": 30.928956508636475}, "costs": {"total_cost": 1507.6749126899765, "time_cost": 150, "final_distance_cost": 51.62345888247628, "oscillation_cost": 499.56484255641493, "completition_cost": 666.6666666666667, "overshoot_cost": 77.66951502095647, "power_cost": 32.89750506591797, "noise_cost": 29.25292449754413, "n_waypoints_completed": 3, "tot_waypoints": 9}}
{"target": -1795.1342196858202, "params": {"k_pid_pos": [1.8500733375549316, 0.998894453048706, 1.0], "k_pid_alt": [1.9489402770996094, 1.0, 0.9372947216033936], "k_pid_att": [0.2757459878921509, 0.5673562288284302, 0.003874361515045166], "k_pid_yaw": [0.5, 1e-06, 0.1], "k_pid_hsp": [9.323975563049316, 0.01401636004447937, 0.11085915565490723], "k_pid_vsp": [380.66217041015625, 400.0, 388.9447937011719]}, "datetime": {"datetime": "2025-08-12 03:35:32", "elapsed": 40212.05729532242, "delta": 32.07438278198242}, "costs": {"total_cost": 1795.1342196858202, "time_cost": 150, "final_distance_cost": 13.440056608744912, "oscillation_cost": 287.2150011355988, "completition_cost": 1000.0, "overshoot_cost": 160.4549522007974, "power_cost": 52.4843172241211, "noise_cost": 131.5398925165582, "n_waypoints_completed": 0, "tot_waypoints": 9}}
{"target": -3571.0303833336184, "params": {"k_pid_pos": [2.0, 1.0, 1.0], "k_pid_alt": [1.9900212287902832, 1.0, 1.0], "k_pid_att": [0.0, 9.999999747378752e-05, 0.055105060338974], "k_pid_yaw": [0.5, 1e-06, 0.1], "k_pid_hsp": [10.0, 0.06548857688903809, 0.0], "k_pid_vsp": [389.78155517578125, 400.0, 390.2704162597656]}, "datetime": {"datetime": "2025-08-12 03:36:04", "elapsed": 40244.12935638428, "delta": 32.07206106185913}, "costs": {"total_cost": 3571.0303833336184, "time_cost": 150, "final_distance_cost": 295.49211431153725, "oscillation_cost": 3.8755914704841263, "completition_cost": 1000.0, "overshoot_cost": 1992.7376677963086, "power_cost": 29.718498645019533, "noise_cost": 99.20651111026864, "n_waypoints_completed": 0, "tot_waypoints": 9}}
{"target": -1106.1077215604087, "params": {"k_pid_pos": [1.9341137409210205, 1.0, 1.0], "k_pid_alt": [2.0, 0.9614965915679932, 1.0], "k_pid_att": [7.1725664138793945, 0.7338619232177734, 0.021766304969787598], "k_pid_yaw": [0.5, 1e-06, 0.1], "k_pid_hsp": [10.0, 0.0, 0.04109111428260803], "k_pid_vsp": [381.7847900390625, 400.0, 370.9769287109375]}, "datetime": {"datetime": "2025-08-12 03:36:36", "elapsed": 40276.000197649, "delta": 31.87084126472473}, "costs": {"total_cost": 1106.1077215604087, "time_cost": 150, "final_distance_cost": 63.68630019040641, "oscillation_cost": 439.14928821095634, "completition_cost": 333.33333333333337, "overshoot_cost": 57.800128058769786, "power_cost": 32.50513956298828, "noise_cost": 29.63353220395441, "n_waypoints_completed": 6, "tot_waypoints": 9}}
{"target": -8585.9794451402, "params": {"k_pid_pos": [2.0, 1.0, 1.0], "k_pid_alt": [1.8195174932479858, 1.0, 1.0], "k_pid_att": [0.0, 9.999999747378752e-05, 0.0], "k_pid_yaw": [0.5, 1e-06, 0.1], "k_pid_hsp": [9.734783172607422, 0.018441319465637207, 0.0], "k_pid_vsp": [361.0713806152344, 396.4630126953125, 400.0]}, "datetime": {"datetime": "2025-08-12 03:37:07", "elapsed": 40307.034448862076, "delta": 31.03425121307373}, "costs": {"total_cost": 8585.9794451402, "time_cost": 150, "final_distance_cost": 423.46362680614203, "oscillation_cost": 14.28510104280597, "completition_cost": 1000.0, "overshoot_cost": 6852.367907231606, "power_cost": 43.18385184326172, "noise_cost": 102.67895821638383, "n_waypoints_completed": 0, "tot_waypoints": 9}}
{"target": -934.4192596204045, "params": {"k_pid_pos": [1.917780876159668, 1.0, 0.9097586870193481], "k_pid_alt": [2.0, 1.0, 1.0], "k_pid_att": [1.0546445846557617, 0.46591871976852417, 0.0], "k_pid_yaw": [0.5, 1e-06, 0.1], "k_pid_hsp": [9.51903247833252, 0.01757022738456726, 0.0], "k_pid_vsp": [400.0, 390.0617980957031, 400.0]}, "datetime": {"datetime": "2025-08-12 03:37:39", "elapsed": 40339.190619945526, "delta": 32.15617108345032}, "costs": {"total_cost": 934.4192596204045, "time_cost": 150, "final_distance_cost": 67.10646074512553, "oscillation_cost": 255.5494667243666, "completition_cost": 333.33333333333337, "overshoot_cost": 66.08917085177649, "power_cost": 34.45779530029297, "noise_cost": 27.8830326655096, "n_waypoints_completed": 6, "tot_waypoints": 9}}
{"target": -1365.6437558530283, "params": {"k_pid_pos": [1.9322912693023682, 0.9030576348304749, 0.9010268449783325], "k_pid_alt": [2.0, 1.0, 0.898151695728302], "k_pid_att": [6.4208984375, 9.999999747378752e-05, 0.0], "k_pid_yaw": [0.5, 1e-06, 0.1], "k_pid_hsp": [10.0, 0.0563184916973114, 0.0], "k_pid_vsp": [400.0, 393.2947082519531, 396.50396728515625]}, "datetime": {"datetime": "2025-08-12 03:38:11", "elapsed": 40370.44394445419, "delta": 31.253324508666992}, "costs": {"total_cost": 1365.6437558530283, "time_cost": 150, "final_distance_cost": 49.26394404306175, "oscillation_cost": 475.59339601919993, "completition_cost": 555.5555555555555, "overshoot_cost": 72.35522582871779, "power_cost": 32.920920812988285, "noise_cost": 29.954713593505232, "n_waypoints_completed": 4, "tot_waypoints": 9}}
{"target": -1678.6999008021332, "params": {"k_pid_pos": [1.8844249248504639, 0.9985392093658447, 1.0], "k_pid_alt": [1.7541720867156982, 1.0, 1.0], "k_pid_att": [1.1459320783615112, 9.999999747378752e-05, 0.0231153666973114], "k_pid_yaw": [0.5, 1e-06, 0.1], "k_pid_hsp": [10.0, 0.0008350908756256104, 0.0], "k_pid_vsp": [400.0, 391.77130126953125, 400.0]}, "datetime": {"datetime": "2025-08-12 03:38:42", "elapsed": 40402.21973490715, "delta": 31.775790452957153}, "costs": {"total_cost": 1678.6999008021332, "time_cost": 150, "final_distance_cost": 1.0020232797707513, "oscillation_cost": 252.71954901890734, "completition_cost": 1000.0, "overshoot_cost": 154.61946712280246, "power_cost": 29.33440943603516, "noise_cost": 91.02445194461757, "n_waypoints_completed": 0, "tot_waypoints": 9}}
{"target": -1829.1497989494642, "params": {"k_pid_pos": [2.0, 1.0, 0.9747834801673889], "k_pid_alt": [2.0, 1.0, 1.0], "k_pid_att": [4.486563682556152, 9.999999747378752e-05, 0.042888522148132324], "k_pid_yaw": [0.5, 1e-06, 0.1], "k_pid_hsp": [10.0, 0.0, 0.0], "k_pid_vsp": [394.32330322265625, 400.0, 382.29168701171875]}, "datetime": {"datetime": "2025-08-12 03:39:14", "elapsed": 40434.003415346146, "delta": 31.78368043899536}, "costs": {"total_cost": 1829.1497989494642, "time_cost": 150, "final_distance_cost": 0.9994384390525659, "oscillation_cost": 418.8863355330495, "completition_cost": 1000.0, "overshoot_cost": 152.2375221138874, "power_cost": 30.138496997070312, "noise_cost": 76.88800586640465, "n_waypoints_completed": 0, "tot_waypoints": 9}}
{"target": -6804.507506977831, "params": {"k_pid_pos": [2.0, 1.0, 0.9587328433990479], "k_pid_alt": [1.9333975315093994, 1.0, 1.0], "k_pid_att": [0.0, 0.3742062747478485, 0.047645777463912964], "k_pid_yaw": [0.5, 1e-06, 0.1], "k_pid_hsp": [10.0, 0.0, 0.0], "k_pid_vsp": [390.5641174316406, 400.0, 399.5580139160156]}, "datetime": {"datetime": "2025-08-12 03:39:45", "elapsed": 40465.13136100769, "delta": 31.1279456615448}, "costs": {"total_cost": 6804.507506977831, "time_cost": 150, "final_distance_cost": 1478.0735756216677, "oscillation_cost": 1490.19697109512, "completition_cost": 1000.0, "overshoot_cost": 2463.634313352025, "power_cost": 55.971309423828124, "noise_cost": 166.63133748519047, "n_waypoints_completed": 0, "tot_waypoints": 9}}
{"target": -1958.11400137714, "params": {"k_pid_pos": [2.0, 1.0, 1.0], "k_pid_alt": [2.0, 1.0, 0.9714686870574951], "k_pid_att": [0.28277337551116943, 1.502426028251648, 0.024454504251480103], "k_pid_yaw": [0.5, 1e-06, 0.1], "k_pid_hsp": [10.0, 0.04099613428115845, 0.0], "k_pid_vsp": [397.50177001953125, 371.9694519042969, 400.0]}, "datetime": {"datetime": "2025-08-12 03:40:15", "elapsed": 40495.16192317009, "delta": 30.030562162399292}, "costs": {"total_cost": 1958.11400137714, "time_cost": 150, "final_distance_cost": 45.91247910248667, "oscillation_cost": 338.57002825265533, "completition_cost": 1000.0, "overshoot_cost": 202.30897843486167, "power_cost": 57.26607930908203, "noise_cost": 164.05643627805443, "n_waypoints_completed": 0, "tot_waypoints": 9}}
{"target": -1595.7211805732493, "params": {"k_pid_pos": [2.0, 0.8941328525543213, 0.9358701705932617], "k_pid_alt": [1.943114161491394, 1.0, 0.9913572669029236], "k_pid_att": [0.7570773363113403, 0.733555257320404, 0.05051225423812866], "k_pid_yaw": [0.5, 1e-06, 0.1], "k_pid_hsp": [9.611356735229492, 0.0962865948677063, 0.13486647605895996], "k_pid_vsp": [393.6141662597656, 388.90496826171875, 392.8351135253906]}, "datetime": {"datetime": "2025-08-12 03:40:46", "elapsed": 40526.24231505394, "delta": 31.080391883850098}, "costs": {"total_cost": 1595.7211805732493, "time_cost": 150, "final_distance_cost": 0.8540669129225038, "oscillation_cost": 169.2551088055593, "completition_cost": 1000.0, "overshoot_cost": 154.3053201710842, "power_cost": 29.695887634277344, "noise_cost": 91.61079704940616, "n_waypoints_completed": 0, "tot_waypoints": 9}}
{"target": -1043.6468919203205, "params": {"k_pid_pos": [2.0, 1.0, 1.0], "k_pid_alt": [1.9561361074447632, 1.0, 1.0], "k_pid_att": [13.718154907226562, 9.999999747378752e-05, 0.0], "k_pid_yaw": [0.5, 1e-06, 0.1], "k_pid_hsp": [9.927947044372559, 0.06288641691207886, 0.0], "k_pid_vsp": [400.0, 359.7735290527344, 400.0]}, "datetime": {"datetime": "2025-08-12 03:41:19", "elapsed": 40558.62694859505, "delta": 32.38463354110718}, "costs": {"total_cost": 1043.6468919203205, "time_cost": 150, "final_distance_cost": 71.63275907910543, "oscillation_cost": 473.63545159761577, "completition_cost": 222.2222222222222, "overshoot_cost": 63.100117219184085, "power_cost": 32.514496398925786, "noise_cost": 30.54184540326738, "n_waypoints_completed": 7, "tot_waypoints": 9}}
{"target": -898.844174249414, "params": {"k_pid_pos": [1.9718077182769775, 1.0, 0.9930262565612793], "k_pid_alt": [1.9332435131072998, 0.9358551502227783, 0.9862399697303772], "k_pid_att": [0.32420456409454346, 9.999999747378752e-05, 0.0], "k_pid_yaw": [0.5, 1e-06, 0.1], "k_pid_hsp": [10.0, 0.0, 0.0], "k_pid_vsp": [392.2791442871094, 400.0, 398.5245361328125]}, "datetime": {"datetime": "2025-08-12 03:41:49", "elapsed": 40589.190279722214, "delta": 30.563331127166748}, "costs": {"total_cost": 898.844174249414, "time_cost": 150, "final_distance_cost": 57.802709559744514, "oscillation_cost": 100.40145365284963, "completition_cost": 444.4444444444444, "overshoot_cost": 81.38901535513928, "power_cost": 33.932765649414065, "noise_cost": 30.873785587822116, "n_waypoints_completed": 5, "tot_waypoints": 9}}
{"target": -1666.4224444571948, "params": {"k_pid_pos": [1.9329296350479126, 0.9647992849349976, 0.9773728847503662], "k_pid_alt": [2.0, 1.0, 1.0], "k_pid_att": [1.8147677183151245, 9.999999747378752e-05, 0.0041457414627075195], "k_pid_yaw": [0.5, 1e-06, 0.1], "k_pid_hsp": [10.0, 0.03159525990486145, 0.01510542631149292], "k_pid_vsp": [400.0, 400.0, 400.0]}, "datetime": {"datetime": "2025-08-12 03:42:22", "elapsed": 40621.639001607895, "delta": 32.44872188568115}, "costs": {"total_cost": 1666.4224444571948, "time_cost": 150, "final_distance_cost": 40.13421241570817, "oscillation_cost": 343.4118258493919, "completition_cost": 1000.0, "overshoot_cost": 75.06024759782062, "power_cost": 31.255631958007815, "noise_cost": 26.560526636266584, "n_waypoints_completed": 0, "tot_waypoints": 9}}
{"target": -1434.9889434641796, "params": {"k_pid_pos": [1.9989455938339233, 1.0, 0.9335107803344727], "k_pid_alt": [1.9007638692855835, 1.0, 1.0], "k_pid_att": [3.546628475189209, 0.33996346592903137, 0.0], "k_pid_yaw": [0.5, 1e-06, 0.1], "k_pid_hsp": [9.406012535095215, 0.0, 0.0], "k_pid_vsp": [390.1267395019531, 388.1344909667969, 399.43524169921875]}, "datetime": {"datetime": "2025-08-12 03:42:52", "elapsed": 40652.20494937897, "delta": 30.565947771072388}, "costs": {"total_cost": 1434.9889434641796, "time_cost": 150, "final_distance_cost": 62.88116793175931, "oscillation_cost": 419.7087543242223, "completition_cost": 666.6666666666667, "overshoot_cost": 77.19707363283122, "power_cost": 31.399783422851563, "noise_cost": 27.13549748584809, "n_waypoints_completed": 3, "tot_waypoints": 9}}
{"target": -1612.267878425733, "params": {"k_pid_pos": [2.0, 0.9080624580383301, 0.9583127498626709], "k_pid_alt": [1.9660131931304932, 0.9962559938430786, 0.9726346135139465], "k_pid_att": [1.1461079120635986, 0.15483658015727997, 0.009539633989334106], "k_pid_yaw": [0.5, 1e-06, 0.1], "k_pid_hsp": [10.0, 0.053461283445358276, 0.0], "k_pid_vsp": [400.0, 400.0, 397.06201171875]}, "datetime": {"datetime": "2025-08-12 03:43:25", "elapsed": 40684.76637005806, "delta": 32.56142067909241}, "costs": {"total_cost": 1612.267878425733, "time_cost": 150, "final_distance_cost": 25.16829142841471, "oscillation_cost": 282.99867058317653, "completition_cost": 1000.0, "overshoot_cost": 95.27587283517366, "power_cost": 31.575299023437502, "noise_cost": 27.249744555530416, "n_waypoints_completed": 0, "tot_waypoints": 9}}
{"target": -1153.236555674459, "params": {"k_pid_pos": [2.0, 1.0, 0.9988735914230347], "k_pid_alt": [2.0, 1.0, 0.9748032093048096], "k_pid_att": [0.6219744682312012, 9.999999747378752e-05, 0.0], "k_pid_yaw": [0.5, 1e-06, 0.1], "k_pid_hsp": [10.0, 0.0, 0.0], "k_pid_vsp": [357.69659423828125, 397.7234802246094, 400.0]}, "datetime": {"datetime": "2025-08-12 03:43:56", "elapsed": 40716.318623542786, "delta": 31.552253484725952}, "costs": {"total_cost": 1153.236555674459, "time_cost": 150, "final_distance_cost": 52.65239420056199, "oscillation_cost": 143.21340069760632, "completition_cost": 666.6666666666667, "overshoot_cost": 76.95461713738332, "power_cost": 33.33156027832032, "noise_cost": 30.41791669392014, "n_waypoints_completed": 3, "tot_waypoints": 9}}
{"target": -2836.5698805775237, "params": {"k_pid_pos": [2.0, 0.948500394821167, 0.9661098718643188], "k_pid_alt": [2.0, 1.0, 0.8964783549308777], "k_pid_att": [0.0, 9.999999747378752e-05, 0.08541417121887207], "k_pid_yaw": [0.5, 1e-06, 0.1], "k_pid_hsp": [10.0, 0.021440982818603516, 0.0], "k_pid_vsp": [380.86749267578125, 376.7203063964844, 400.0]}, "datetime": {"datetime": "2025-08-12 03:44:28", "elapsed": 40748.28783392906, "delta": 31.969210386276245}, "costs": {"total_cost": 2836.5698805775237, "time_cost": 150, "final_distance_cost": 573.4913518622195, "oscillation_cost": 3.632081593534635, "completition_cost": 1000.0, "overshoot_cost": 966.4059578961247, "power_cost": 29.204087927246096, "noise_cost": 113.83640129839858, "n_waypoints_completed": 0, "tot_waypoints": 9}}
{"target": -7053.48582042762, "params": {"k_pid_pos": [2.0, 1.0, 0.9539490938186646], "k_pid_alt": [1.8206801414489746, 0.993523895740509, 0.9896939396858215], "k_pid_att": [0.0, 9.999999747378752e-05, 0.003126770257949829], "k_pid_yaw": [0.5, 1e-06, 0.1], "k_pid_hsp": [9.290672302246094, 0.041931331157684326, 0.008476734161376953], "k_pid_vsp": [400.0, 400.0, 400.0]}, "datetime": {"datetime": "2025-08-12 03:45:00", "elapsed": 40779.86777019501, "delta": 31.579936265945435}, "costs": {"total_cost": 7053.48582042762, "time_cost": 150, "final_distance_cost": 1277.570451991896, "oscillation_cost": 12.557102901134721, "completition_cost": 1000.0, "overshoot_cost": 4487.51017012691, "power_cost": 43.480068884277344, "noise_cost": 82.36802652340181, "n_waypoints_completed": 0, "tot_waypoints": 9}}
{"target": -1463.3862278921342, "params": {"k_pid_pos": [1.902320146560669, 0.9847424030303955, 1.0], "k_pid_alt": [1.6886093616485596, 0.9376463890075684, 1.0], "k_pid_att": [4.035478591918945, 0.08894490450620651, 0.0], "k_pid_yaw": [0.5, 1e-06, 0.1], "k_pid_hsp": [9.01977825164795, 0.0, 0.0005548596382141113], "k_pid_vsp": [384.8109436035156, 400.0, 400.0]}, "datetime": {"datetime": "2025-08-12 03:45:32", "elapsed": 40811.47977948189, "delta": 31.612009286880493}, "costs": {"total_cost": 1463.3862278921342, "time_cost": 150, "final_distance_cost": 76.07090020916395, "oscillation_cost": 441.9188447302483, "completition_cost": 666.6666666666667, "overshoot_cost": 70.99472416401413, "power_cost": 30.64474566650391, "noise_cost": 27.09034645553713, "n_waypoints_completed": 3, "tot_waypoints": 9}}
{"target": -1336.6946531136728, "params": {"k_pid_pos": [1.9954962730407715, 0.9604042768478394, 1.0], "k_pid_alt": [1.8640365600585938, 0.9734143614768982, 1.0], "k_pid_att": [5.455932140350342, 9.999999747378752e-05, 0.0], "k_pid_yaw": [0.5, 1e-06, 0.1], "k_pid_hsp": [9.947319984436035, 0.04708322882652283, 0.000969231128692627], "k_pid_vsp": [370.97283935546875, 380.6704406738281, 379.0938720703125]}, "datetime": {"datetime": "2025-08-12 03:46:02", "elapsed": 40841.88195538521, "delta": 30.402175903320312}, "costs": {"total_cost": 1336.6946531136728, "time_cost": 150, "final_distance_cost": 44.20587655386524, "oscillation_cost": 455.7111525101372, "completition_cost": 555.5555555555555, "overshoot_cost": 68.57612531606252, "power_cost": 32.62235936279297, "noise_cost": 30.023583815259318, "n_waypoints_completed": 4, "tot_waypoints": 9}}
{"target": -8432.629114523612, "params": {"k_pid_pos": [1.940071702003479, 0.898098886013031, 1.0], "k_pid_alt": [1.9965020418167114, 0.9926401376724243, 1.0], "k_pid_att": [0.0, 9.999999747378752e-05, 0.0], "k_pid_yaw": [0.5, 1e-06, 0.1], "k_pid_hsp": [10.0, 0.0, 0.022241592407226562], "k_pid_vsp": [386.0356750488281, 355.073974609375, 400.0]}, "datetime": {"datetime": "2025-08-12 03:46:34", "elapsed": 40873.76908278465, "delta": 31.88712739944458}, "costs": {"total_cost": 8432.629114523612, "time_cost": 150, "final_distance_cost": 552.4069223404806, "oscillation_cost": 14.494600255546985, "completition_cost": 1000.0, "overshoot_cost": 6568.9043520415835, "power_cost": 44.28295924072266, "noise_cost": 102.54028064527674, "n_waypoints_completed": 0, "tot_waypoints": 9}}
{"target": -8560.353060881207, "params": {"k_pid_pos": [1.9814417362213135, 1.0, 0.9624308347702026], "k_pid_alt": [1.9588143825531006, 0.991400420665741, 1.0], "k_pid_att": [0.0, 9.999999747378752e-05, 0.01799798011779785], "k_pid_yaw": [0.5, 1e-06, 0.1], "k_pid_hsp": [10.0, 0.023069649934768677, 0.09856277704238892], "k_pid_vsp": [400.0, 388.8661804199219, 400.0]}, "datetime": {"datetime": "2025-08-12 03:47:05", "elapsed": 40904.780396938324, "delta": 31.011314153671265}, "costs": {"total_cost": 8560.353060881207, "time_cost": 150, "final_distance_cost": 1693.257488788163, "oscillation_cost": 7.120099961163788, "completition_cost": 1000.0, "overshoot_cost": 5621.235556666647, "power_cost": 32.794309204101566, "noise_cost": 55.94560626113072, "n_waypoints_completed": 0, "tot_waypoints": 9}}
{"target": -1266.3213035013316, "params": {"k_pid_pos": [1.7287461757659912, 1.0, 1.0], "k_pid_alt": [2.0, 0.9608019590377808, 0.9694627523422241], "k_pid_att": [6.939756870269775, 0.2436033934354782, 0.0], "k_pid_yaw": [0.5, 1e-06, 0.1], "k_pid_hsp": [9.207201957702637, 0.017243176698684692, 0.0], "k_pid_vsp": [400.0, 400.0, 390.7522888183594]}, "datetime": {"datetime": "2025-08-12 03:47:35", "elapsed": 40935.35531926155, "delta": 30.57492232322693}, "costs": {"total_cost": 1266.3213035013316, "time_cost": 150, "final_distance_cost": 57.813988769162705, "oscillation_cost": 480.8212812607897, "completition_cost": 444.4444444444444, "overshoot_cost": 70.18623874899006, "power_cost": 32.98785103759766, "noise_cost": 30.067499240347182, "n_waypoints_completed": 5, "tot_waypoints": 9}}
{"target": -1391.5944470631723, "params": {"k_pid_pos": [2.0, 1.0, 1.0], "k_pid_alt": [1.9226759672164917, 0.9098408222198486, 0.9728183746337891], "k_pid_att": [3.2689003944396973, 9.999999747378752e-05, 0.0], "k_pid_yaw": [0.5, 1e-06, 0.1], "k_pid_hsp": [10.0, 0.1012929379940033, 0.0], "k_pid_vsp": [400.0, 400.0, 400.0]}, "datetime": {"datetime": "2025-08-12 03:48:09", "elapsed": 40968.55557870865, "delta": 33.20025944709778}, "costs": {"total_cost": 1391.5944470631723, "time_cost": 150, "final_distance_cost": 51.826046920849805, "oscillation_cost": 392.47229050468405, "completition_cost": 666.6666666666667, "overshoot_cost": 71.00025877982125, "power_cost": 32.0143892578125, "noise_cost": 27.61479493333776, "n_waypoints_completed": 3, "tot_waypoints": 9}}
