{"target": -1097.8786970965166, "params": {"k_pid_pos": [2.0, 0.982016921043396, 0.942806601524353], "k_pid_alt": [2.0, 1.0, 1.0], "k_pid_att": [5.094969272613525, 0.032387811690568924, 0.0], "k_pid_yaw": [0.5, 1e-06, 0.1], "k_pid_hsp": [10.0, 0.0, 0.0], "k_pid_vsp": [397.38702392578125, 395.7431945800781, 382.58660888671875]}, "datetime": {"datetime": "2025-08-12 07:55:49", "elapsed": 55828.81246757507, "delta": 31.28635811805725}, "costs": {"total_cost": 1097.8786970965166, "time_cost": 150, "final_distance_cost": 63.05046428568827, "oscillation_cost": 423.3521815270553, "completition_cost": 333.33333333333337, "overshoot_cost": 66.14208394313097, "power_cost": 32.40716665039063, "noise_cost": 29.593467356918207, "n_waypoints_completed": 6, "tot_waypoints": 9}}
{"target": -8741.19500500293, "params": {"k_pid_pos": [1.8633376359939575, 0.9408893585205078, 0.9512871503829956], "k_pid_alt": [2.0, 0.9274328351020813, 0.9750409126281738], "k_pid_att": [0.0, 9.999999747378752e-05, 0.006329834461212158], "k_pid_yaw": [0.5, 1e-06, 0.1], "k_pid_hsp": [9.760790824890137, 0.0, 0.0], "k_pid_vsp": [390.9641418457031, 381.6085205078125, 400.0]}, "datetime": {"datetime": "2025-08-12 07:56:20", "elapsed": 55860.26494431496, "delta": 31.452476739883423}, "costs": {"total_cost": 8741.19500500293, "time_cost": 150, "final_distance_cost": 2157.3168922762043, "oscillation_cost": 10.916827791592894, "completition_cost": 1000.0, "overshoot_cost": 5301.25938371948, "power_cost": 41.41711081542969, "noise_cost": 80.28479040022333, "n_waypoints_completed": 0, "tot_waypoints": 9}}
{"target": -1935.2246789704284, "params": {"k_pid_pos": [2.0, 0.981460690498352, 0.9678306579589844], "k_pid_alt": [2.0, 0.9157389998435974, 1.0], "k_pid_att": [5.902335166931152, 9.999999747378752e-05, 0.033245861530303955], "k_pid_yaw": [0.5, 1e-06, 0.1], "k_pid_hsp": [9.68774127960205, 0.0, 0.0], "k_pid_vsp": [373.4433288574219, 391.4024963378906, 400.0]}, "datetime": {"datetime": "2025-08-12 07:56:52", "elapsed": 55892.34581041336, "delta": 32.08086609840393}, "costs": {"total_cost": 1935.2246789704284, "time_cost": 150, "final_distance_cost": 0.9981601585727113, "oscillation_cost": 486.7454211007172, "completition_cost": 1000.0, "overshoot_cost": 159.5297132590943, "power_cost": 30.08804676513672, "noise_cost": 107.8633376869075, "n_waypoints_completed": 0, "tot_waypoints": 9}}
{"target": -1020.1610306899627, "params": {"k_pid_pos": [2.0, 1.0, 1.0], "k_pid_alt": [2.0, 1.0, 1.0], "k_pid_att": [0.5458086729049683, 9.999999747378752e-05, 0.0], "k_pid_yaw": [0.5, 1e-06, 0.1], "k_pid_hsp": [10.0, 0.0015714168548583984, 0.05135062336921692], "k_pid_vsp": [391.3331604003906, 370.5235900878906, 400.0]}, "datetime": {"datetime": "2025-08-12 07:57:24", "elapsed": 55923.88299703598, "delta": 31.53718662261963}, "costs": {"total_cost": 1020.1610306899627, "time_cost": 150, "final_distance_cost": 56.50534614086581, "oscillation_cost": 118.37836307712217, "completition_cost": 555.5555555555555, "overshoot_cost": 74.66425211777111, "power_cost": 34.79497673339844, "noise_cost": 30.262537065249653, "n_waypoints_completed": 4, "tot_waypoints": 9}}
{"target": -5074.897241918016, "params": {"k_pid_pos": [2.0, 0.9812048673629761, 1.0], "k_pid_alt": [1.9218130111694336, 0.9348113536834717, 0.9922903180122375], "k_pid_att": [0.0, 9.999999747378752e-05, 0.02759721875190735], "k_pid_yaw": [0.5, 1e-06, 0.1], "k_pid_hsp": [9.329944610595703, 0.03696161508560181, 0.03336358070373535], "k_pid_vsp": [391.385498046875, 378.8027648925781, 388.67608642578125]}, "datetime": {"datetime": "2025-08-12 07:57:56", "elapsed": 55956.05843138695, "delta": 32.17543435096741}, "costs": {"total_cost": 5074.897241918016, "time_cost": 150, "final_distance_cost": 1424.1241780171213, "oscillation_cost": 5.861439259358398, "completition_cost": 1000.0, "overshoot_cost": 2382.7974930167134, "power_cost": 31.126293786621094, "noise_cost": 80.98783783820315, "n_waypoints_completed": 0, "tot_waypoints": 9}}
{"target": -1140.8044003916127, "params": {"k_pid_pos": [2.0, 1.0, 1.0], "k_pid_alt": [1.9736530780792236, 1.0, 1.0], "k_pid_att": [0.5736082792282104, 0.029524730518460274, 0.0], "k_pid_yaw": [0.5, 1e-06, 0.1], "k_pid_hsp": [9.441815376281738, 0.02351278066635132, 0.013737618923187256], "k_pid_vsp": [400.0, 399.5290832519531, 400.0]}, "datetime": {"datetime": "2025-08-12 07:58:28", "elapsed": 55987.53946399689, "delta": 31.481032609939575}, "costs": {"total_cost": 1140.8044003916127, "time_cost": 150, "final_distance_cost": 51.39191161322473, "oscillation_cost": 142.9859670164182, "completition_cost": 666.6666666666667, "overshoot_cost": 64.92059190204071, "power_cost": 34.6726888671875, "noise_cost": 30.166574326074862, "n_waypoints_completed": 3, "tot_waypoints": 9}}
{"target": -4719.375132832451, "params": {"k_pid_pos": [1.9274389743804932, 1.0, 0.9689263105392456], "k_pid_alt": [2.0, 1.0, 0.9596486687660217], "k_pid_att": [0.0, 0.5679594278335571, 0.0], "k_pid_yaw": [0.5, 1e-06, 0.1], "k_pid_hsp": [9.301427841186523, 0.0, 0.008539527654647827], "k_pid_vsp": [381.50390625, 400.0, 372.28302001953125]}, "datetime": {"datetime": "2025-08-12 07:59:00", "elapsed": 56019.810656785965, "delta": 32.27119278907776}, "costs": {"total_cost": 4719.375132832451, "time_cost": 150, "final_distance_cost": 476.38774090598275, "oscillation_cost": 2008.229490095972, "completition_cost": 1000.0, "overshoot_cost": 853.2922250384171, "power_cost": 57.329230944824225, "noise_cost": 174.13644584725435, "n_waypoints_completed": 0, "tot_waypoints": 9}}
{"target": -8177.234879615246, "params": {"k_pid_pos": [2.0, 1.0, 0.9422747492790222], "k_pid_alt": [1.9635486602783203, 0.958042562007904, 1.0], "k_pid_att": [0.0, 9.999999747378752e-05, 0.0], "k_pid_yaw": [0.5, 1e-06, 0.1], "k_pid_hsp": [10.0, 0.0, 0.03497806191444397], "k_pid_vsp": [385.3133544921875, 397.7104187011719, 400.0]}, "datetime": {"datetime": "2025-08-12 07:59:30", "elapsed": 56050.21214723587, "delta": 30.401490449905396}, "costs": {"total_cost": 8177.234879615246, "time_cost": 150, "final_distance_cost": 807.4470878898006, "oscillation_cost": 14.664794963913009, "completition_cost": 1000.0, "overshoot_cost": 6063.314254274924, "power_cost": 44.66145838623047, "noise_cost": 97.14728410037921, "n_waypoints_completed": 0, "tot_waypoints": 9}}
{"target": -994.8230825721488, "params": {"k_pid_pos": [2.0, 1.0, 0.9717826843261719], "k_pid_alt": [1.9409263134002686, 1.0, 0.9614951610565186], "k_pid_att": [8.72219181060791, 9.999999747378752e-05, 0.07107380032539368], "k_pid_yaw": [0.5, 1e-06, 0.1], "k_pid_hsp": [9.282978057861328, 0.044256627559661865, 0.0], "k_pid_vsp": [400.0, 373.0860595703125, 399.4222717285156]}, "datetime": {"datetime": "2025-08-12 08:00:01", "elapsed": 56080.699190855026, "delta": 30.487043619155884}, "costs": {"total_cost": 994.8230825721488, "time_cost": 150, "final_distance_cost": 63.51803277372927, "oscillation_cost": 319.49553118409216, "completition_cost": 333.33333333333337, "overshoot_cost": 68.49624059216364, "power_cost": 31.54887344970703, "noise_cost": 28.431071239123423, "n_waypoints_completed": 6, "tot_waypoints": 9}}
{"target": -9884.30452306695, "params": {"k_pid_pos": [2.0, 1.0, 1.0], "k_pid_alt": [1.9287140369415283, 0.9939847588539124, 1.0], "k_pid_att": [0.0, 9.999999747378752e-05, 0.005564302206039429], "k_pid_yaw": [0.5, 1e-06, 0.1], "k_pid_hsp": [10.0, 0.019128233194351196, 0.032564759254455566], "k_pid_vsp": [378.4574279785156, 385.34857177734375, 400.0]}, "datetime": {"datetime": "2025-08-12 08:00:32", "elapsed": 56111.86811351776, "delta": 31.168922662734985}, "costs": {"total_cost": 9884.30452306695, "time_cost": 150, "final_distance_cost": 2734.1104267441415, "oscillation_cost": 11.718070447244969, "completition_cost": 1000.0, "overshoot_cost": 5859.072580465615, "power_cost": 43.62099873046875, "noise_cost": 85.7824466794801, "n_waypoints_completed": 0, "tot_waypoints": 9}}
{"target": -4260.368549485, "params": {"k_pid_pos": [2.0, 0.9864470958709717, 1.0], "k_pid_alt": [2.0, 1.0, 0.9716930389404297], "k_pid_att": [0.0, 9.999999747378752e-05, 0.04010048508644104], "k_pid_yaw": [0.5, 1e-06, 0.1], "k_pid_hsp": [10.0, 0.0, 0.01930248737335205], "k_pid_vsp": [390.805908203125, 375.8833312988281, 400.0]}, "datetime": {"datetime": "2025-08-12 08:01:04", "elapsed": 56143.94281244278, "delta": 32.07469892501831}, "costs": {"total_cost": 4260.368549485, "time_cost": 150, "final_distance_cost": 1066.3664881710165, "oscillation_cost": 4.944157030602237, "completition_cost": 1000.0, "overshoot_cost": 1924.0272102557299, "power_cost": 30.23206209716797, "noise_cost": 84.79863193048327, "n_waypoints_completed": 0, "tot_waypoints": 9}}
{"target": -11232.350827096585, "params": {"k_pid_pos": [2.0, 1.0, 1.0], "k_pid_alt": [1.959282636642456, 1.0, 1.0], "k_pid_att": [0.0, 0.1577679067850113, 0.0], "k_pid_yaw": [0.5, 1e-06, 0.1], "k_pid_hsp": [10.0, 0.019855797290802002, 0.09494885802268982], "k_pid_vsp": [400.0, 400.0, 378.1054382324219]}, "datetime": {"datetime": "2025-08-12 08:01:36", "elapsed": 56176.252130270004, "delta": 32.30931782722473}, "costs": {"total_cost": 11232.350827096585, "time_cost": 150, "final_distance_cost": 3535.7203044839807, "oscillation_cost": 1146.7289059925345, "completition_cost": 1000.0, "overshoot_cost": 5169.621180449147, "power_cost": 58.34833153076172, "noise_cost": 171.93210464015945, "n_waypoints_completed": 0, "tot_waypoints": 9}}
{"target": -1058.2488112769472, "params": {"k_pid_pos": [1.841616153717041, 1.0, 1.0], "k_pid_alt": [2.0, 0.9272242784500122, 0.9935132265090942], "k_pid_att": [3.4156651496887207, 0.7054334878921509, 0.0], "k_pid_yaw": [0.5, 1e-06, 0.1], "k_pid_hsp": [10.0, 0.04826289415359497, 0.0667814314365387], "k_pid_vsp": [400.0, 400.0, 383.3780822753906]}, "datetime": {"datetime": "2025-08-12 08:02:10", "elapsed": 56209.880321502686, "delta": 33.628191232681274}, "costs": {"total_cost": 1058.2488112769472, "time_cost": 150, "final_distance_cost": 64.17364911462512, "oscillation_cost": 382.42116226247106, "completition_cost": 333.33333333333337, "overshoot_cost": 65.5488158926481, "power_cost": 33.12278383789063, "noise_cost": 29.649066835978925, "n_waypoints_completed": 6, "tot_waypoints": 9}}
{"target": -7494.735413388004, "params": {"k_pid_pos": [1.9947669506072998, 1.0, 1.0], "k_pid_alt": [1.7002980709075928, 1.0, 1.0], "k_pid_att": [0.0, 9.999999747378752e-05, 0.0008382499217987061], "k_pid_yaw": [0.5, 1e-06, 0.1], "k_pid_hsp": [10.0, 0.0, 0.060810357332229614], "k_pid_vsp": [400.0, 400.0, 378.47198486328125]}, "datetime": {"datetime": "2025-08-12 08:02:40", "elapsed": 56239.98038768768, "delta": 30.10006618499756}, "costs": {"total_cost": 7494.735413388004, "time_cost": 150, "final_distance_cost": 1582.4650103733773, "oscillation_cost": 12.70906311145247, "completition_cost": 1000.0, "overshoot_cost": 4633.298702779648, "power_cost": 42.4095039428711, "noise_cost": 73.853133180655, "n_waypoints_completed": 0, "tot_waypoints": 9}}
{"target": -1464.615127323462, "params": {"k_pid_pos": [2.0, 0.9925361275672913, 1.0], "k_pid_alt": [2.0, 1.0, 1.0], "k_pid_att": [4.878276824951172, 9.999999747378752e-05, 0.022346794605255127], "k_pid_yaw": [0.5, 1e-06, 0.1], "k_pid_hsp": [9.944450378417969, 0.0, 0.0], "k_pid_vsp": [393.14141845703125, 348.058349609375, 367.573486328125]}, "datetime": {"datetime": "2025-08-12 08:03:14", "elapsed": 56273.98879432678, "delta": 34.00840663909912}, "costs": {"total_cost": 1464.615127323462, "time_cost": 150, "final_distance_cost": 83.88326809318633, "oscillation_cost": 435.32619972907673, "completition_cost": 666.6666666666667, "overshoot_cost": 70.43287364220286, "power_cost": 30.86947147216797, "noise_cost": 27.43664772016133, "n_waypoints_completed": 3, "tot_waypoints": 9}}
{"target": -790.5996595989884, "params": {"k_pid_pos": [2.0, 1.0, 1.0], "k_pid_alt": [2.0, 0.9851064682006836, 0.9736543297767639], "k_pid_att": [5.72749662399292, 0.3589893579483032, 0.10600799322128296], "k_pid_yaw": [0.5, 1e-06, 0.1], "k_pid_hsp": [10.0, 0.0, 0.0], "k_pid_vsp": [400.0, 387.04266357421875, 400.0]}, "datetime": {"datetime": "2025-08-12 08:03:46", "elapsed": 56306.16029524803, "delta": 32.17150092124939}, "costs": {"total_cost": 790.5996595989884, "time_cost": 150, "final_distance_cost": 63.0045169777836, "oscillation_cost": 114.66414186634674, "completition_cost": 333.33333333333337, "overshoot_cost": 68.8552707947643, "power_cost": 31.163819445800783, "noise_cost": 29.57857718095963, "n_waypoints_completed": 6, "tot_waypoints": 9}}
{"target": -1270.7185271909627, "params": {"k_pid_pos": [2.0, 1.0, 0.980380117893219], "k_pid_alt": [2.0, 1.0, 0.9595358967781067], "k_pid_att": [3.232121467590332, 9.999999747378752e-05, 0.0], "k_pid_yaw": [0.5, 1e-06, 0.1], "k_pid_hsp": [9.959931373596191, 0.0, 0.0], "k_pid_vsp": [400.0, 400.0, 400.0]}, "datetime": {"datetime": "2025-08-12 08:04:18", "elapsed": 56337.72410941124, "delta": 31.563814163208008}, "costs": {"total_cost": 1270.7185271909627, "time_cost": 150, "final_distance_cost": 38.80781069881372, "oscillation_cost": 389.6460629111539, "completition_cost": 555.5555555555555, "overshoot_cost": 76.15648068511935, "power_cost": 32.78745650634766, "noise_cost": 27.765160833972686, "n_waypoints_completed": 4, "tot_waypoints": 9}}
{"target": -1266.63658347176, "params": {"k_pid_pos": [1.9038996696472168, 1.0, 0.9519458413124084], "k_pid_alt": [2.0, 0.9627791047096252, 1.0], "k_pid_att": [8.036983489990234, 0.4286670982837677, 0.0], "k_pid_yaw": [0.5, 1e-06, 0.1], "k_pid_hsp": [10.0, 0.0, 0.0], "k_pid_vsp": [400.0, 395.2483215332031, 377.3880310058594]}, "datetime": {"datetime": "2025-08-12 08:04:50", "elapsed": 56370.09903502464, "delta": 32.37492561340332}, "costs": {"total_cost": 1266.63658347176, "time_cost": 150, "final_distance_cost": 58.272919814436285, "oscillation_cost": 488.17989888181836, "completition_cost": 444.4444444444444, "overshoot_cost": 64.03758233736127, "power_cost": 32.964172863769534, "noise_cost": 28.7375651299302, "n_waypoints_completed": 5, "tot_waypoints": 9}}
{"target": -1401.0488291851268, "params": {"k_pid_pos": [2.0, 0.9932618141174316, 0.9920799732208252], "k_pid_alt": [2.0, 0.9877403974533081, 1.0], "k_pid_att": [3.0083389282226562, 0.6895525455474854, 0.0], "k_pid_yaw": [0.5, 1e-06, 0.1], "k_pid_hsp": [10.0, 0.0, 0.0], "k_pid_vsp": [391.575927734375, 400.0, 397.4157409667969]}, "datetime": {"datetime": "2025-08-12 08:05:22", "elapsed": 56401.751878499985, "delta": 31.652843475341797}, "costs": {"total_cost": 1401.0488291851268, "time_cost": 150, "final_distance_cost": 55.46829478112988, "oscillation_cost": 394.4625000954781, "completition_cost": 666.6666666666667, "overshoot_cost": 74.4534304141639, "power_cost": 32.560149609375, "noise_cost": 27.437787618313184, "n_waypoints_completed": 3, "tot_waypoints": 9}}
{"target": -1866.9116075202603, "params": {"k_pid_pos": [2.0, 0.9600253105163574, 1.0], "k_pid_alt": [2.0, 0.9822503328323364, 1.0], "k_pid_att": [0.0, 9.999999747378752e-05, 0.13747015595436096], "k_pid_yaw": [0.5, 1e-06, 0.1], "k_pid_hsp": [10.0, 0.04225999116897583, 0.0], "k_pid_vsp": [400.0, 391.8861999511719, 362.5728759765625]}, "datetime": {"datetime": "2025-08-12 08:05:53", "elapsed": 56432.98319816589, "delta": 31.231319665908813}, "costs": {"total_cost": 1866.9116075202603, "time_cost": 150, "final_distance_cost": 42.76254421007632, "oscillation_cost": 3.137138203595559, "completition_cost": 1000.0, "overshoot_cost": 527.3073656278309, "power_cost": 29.306256372070315, "noise_cost": 114.39830310668731, "n_waypoints_completed": 0, "tot_waypoints": 9}}
{"target": -3820.1253905481435, "params": {"k_pid_pos": [2.0, 1.0, 0.9483771324157715], "k_pid_alt": [1.9177932739257812, 1.0, 1.0], "k_pid_att": [0.0, 9.999999747378752e-05, 0.07294821739196777], "k_pid_yaw": [0.5, 1e-06, 0.1], "k_pid_hsp": [10.0, 0.005102425813674927, 0.04155009984970093], "k_pid_vsp": [394.5420227050781, 392.0575256347656, 366.1332092285156]}, "datetime": {"datetime": "2025-08-12 08:06:27", "elapsed": 56466.606756448746, "delta": 33.62355828285217}, "costs": {"total_cost": 3820.1253905481435, "time_cost": 150, "final_distance_cost": 353.45334222971456, "oscillation_cost": 3.443278940630138, "completition_cost": 1000.0, "overshoot_cost": 2186.5580728978316, "power_cost": 29.881041650390628, "noise_cost": 96.78965482957676, "n_waypoints_completed": 0, "tot_waypoints": 9}}
{"target": -1779.7415176395255, "params": {"k_pid_pos": [2.0, 0.9734246730804443, 0.9752795696258545], "k_pid_alt": [2.0, 0.9875868558883667, 0.9715725183486938], "k_pid_att": [5.9742302894592285, 0.10647564381361008, 0.04576912522315979], "k_pid_yaw": [0.5, 1e-06, 0.1], "k_pid_hsp": [9.489213943481445, 0.0, 0.0], "k_pid_vsp": [400.0, 380.18682861328125, 372.0509033203125]}, "datetime": {"datetime": "2025-08-12 08:07:01", "elapsed": 56500.946771621704, "delta": 34.340015172958374}, "costs": {"total_cost": 1779.7415176395255, "time_cost": 150, "final_distance_cost": 12.032681393628852, "oscillation_cost": 439.6045598280188, "completition_cost": 1000.0, "overshoot_cost": 120.52598077103205, "power_cost": 30.469786730957033, "noise_cost": 27.108508915888628, "n_waypoints_completed": 0, "tot_waypoints": 9}}
{"target": -11709.279988616367, "params": {"k_pid_pos": [1.9956912994384766, 0.9931668639183044, 0.909326434135437], "k_pid_alt": [1.9835996627807617, 1.0, 0.9635279178619385], "k_pid_att": [0.0, 0.47779691219329834, 0.043286800384521484], "k_pid_yaw": [0.5, 1e-06, 0.1], "k_pid_hsp": [9.337556838989258, 0.0, 0.0], "k_pid_vsp": [374.63970947265625, 400.0, 384.82623291015625]}, "datetime": {"datetime": "2025-08-12 08:07:33", "elapsed": 56532.80931735039, "delta": 31.86254572868347}, "costs": {"total_cost": 11709.279988616367, "time_cost": 150, "final_distance_cost": 3864.7331819272513, "oscillation_cost": 1797.1324034858367, "completition_cost": 1000.0, "overshoot_cost": 4666.573192959949, "power_cost": 57.75362530517578, "noise_cost": 173.0875849381522, "n_waypoints_completed": 0, "tot_waypoints": 9}}
{"target": -1709.3513052992398, "params": {"k_pid_pos": [2.0, 1.0, 0.9621238708496094], "k_pid_alt": [1.9186091423034668, 0.9409592151641846, 1.0], "k_pid_att": [1.5306860208511353, 0.37575748562812805, 0.042955100536346436], "k_pid_yaw": [0.5, 1e-06, 0.1], "k_pid_hsp": [10.0, 0.04766598343849182, 0.03942790627479553], "k_pid_vsp": [371.1222839355469, 400.0, 390.1776428222656]}, "datetime": {"datetime": "2025-08-12 08:08:04", "elapsed": 56564.20223522186, "delta": 31.39291787147522}, "costs": {"total_cost": 1709.3513052992398, "time_cost": 150, "final_distance_cost": 0.999393873224347, "oscillation_cost": 274.3831930236057, "completition_cost": 1000.0, "overshoot_cost": 157.58021357658936, "power_cost": 29.467596215820315, "noise_cost": 96.92090860999988, "n_waypoints_completed": 0, "tot_waypoints": 9}}
{"target": -1739.2074991549364, "params": {"k_pid_pos": [2.0, 0.9939779043197632, 0.9311245679855347], "k_pid_alt": [2.0, 0.9845868945121765, 1.0], "k_pid_att": [2.7155280113220215, 9.999999747378752e-05, 0.0], "k_pid_yaw": [0.5, 1e-06, 0.1], "k_pid_hsp": [10.0, 0.0, 0.0], "k_pid_vsp": [368.74713134765625, 400.0, 397.5592956542969]}, "datetime": {"datetime": "2025-08-12 08:08:35", "elapsed": 56594.56312704086, "delta": 30.360891819000244}, "costs": {"total_cost": 1739.2074991549364, "time_cost": 150, "final_distance_cost": 38.23419392888821, "oscillation_cost": 408.7981291658267, "completition_cost": 1000.0, "overshoot_cost": 83.64671198890814, "power_cost": 31.513692602539063, "noise_cost": 27.014771468774132, "n_waypoints_completed": 0, "tot_waypoints": 9}}
{"target": -3355.147734045406, "params": {"k_pid_pos": [2.0, 0.9764336943626404, 1.0], "k_pid_alt": [1.9863481521606445, 0.9950522184371948, 1.0], "k_pid_att": [0.0, 9.999999747378752e-05, 0.13275188207626343], "k_pid_yaw": [0.5, 1e-06, 0.1], "k_pid_hsp": [10.0, 0.0, 0.018827617168426514], "k_pid_vsp": [400.0, 400.0, 400.0]}, "datetime": {"datetime": "2025-08-12 08:09:07", "elapsed": 56626.42220711708, "delta": 31.85908007621765}, "costs": {"total_cost": 3355.147734045406, "time_cost": 150, "final_distance_cost": 536.7440571491793, "oscillation_cost": 2.4654363997163697, "completition_cost": 1000.0, "overshoot_cost": 1523.2770271127044, "power_cost": 29.216676416015627, "noise_cost": 113.44453696779031, "n_waypoints_completed": 0, "tot_waypoints": 9}}
{"target": -3797.9101655560157, "params": {"k_pid_pos": [1.925624966621399, 0.9771431088447571, 1.0], "k_pid_alt": [1.8199245929718018, 1.0, 1.0], "k_pid_att": [0.0, 0.49387750029563904, 0.0], "k_pid_yaw": [0.5, 1e-06, 0.1], "k_pid_hsp": [10.0, 0.008490204811096191, 0.051183223724365234], "k_pid_vsp": [362.4041748046875, 368.8006286621094, 400.0]}, "datetime": {"datetime": "2025-08-12 08:09:40", "elapsed": 56660.04796457291, "delta": 33.625757455825806}, "costs": {"total_cost": 3797.9101655560157, "time_cost": 150, "final_distance_cost": 147.86371563366217, "oscillation_cost": 1769.4970776149044, "completition_cost": 1000.0, "overshoot_cost": 499.7459287643106, "power_cost": 57.1201457397461, "noise_cost": 173.68329780339258, "n_waypoints_completed": 0, "tot_waypoints": 9}}
{"target": -3599.417920975223, "params": {"k_pid_pos": [1.8220614194869995, 1.0, 0.9824986457824707], "k_pid_alt": [2.0, 1.0, 0.9441128969192505], "k_pid_att": [0.0, 9.999999747378752e-05, 0.0978720486164093], "k_pid_yaw": [0.5, 1e-06, 0.1], "k_pid_hsp": [9.889242172241211, 0.04091840982437134, 0.0], "k_pid_vsp": [367.23931884765625, 389.9580993652344, 400.0]}, "datetime": {"datetime": "2025-08-12 08:10:11", "elapsed": 56690.507735967636, "delta": 30.459771394729614}, "costs": {"total_cost": 3599.417920975223, "time_cost": 150, "final_distance_cost": 588.3702954046389, "oscillation_cost": 3.3408224090320577, "completition_cost": 1000.0, "overshoot_cost": 1714.7121728901195, "power_cost": 29.202793078613283, "noise_cost": 113.79183719281883, "n_waypoints_completed": 0, "tot_waypoints": 9}}
