{"target": -1076.5659971377565, "params": {"k_pid_pos": [2.0, 0.996726393699646, 0.9766483902931213], "k_pid_alt": [2.0, 1.0, 0.9619070291519165], "k_pid_att": [0.6502985954284668, 9.999999747378752e-05, 0.05295327305793762], "k_pid_yaw": [0.5, 1e-06, 0.1], "k_pid_hsp": [9.426922798156738, 0.0, 0.011732697486877441], "k_pid_vsp": [400.0, 386.9198913574219, 400.0]}, "datetime": {"datetime": "2025-08-11 21:11:17", "elapsed": 17157.05018234253, "delta": 32.40831422805786}, "costs": {"total_cost": 1076.5659971377565, "time_cost": 150, "final_distance_cost": 54.039784335812264, "oscillation_cost": 67.15966328545156, "completition_cost": 666.6666666666667, "overshoot_cost": 75.735936249539, "power_cost": 32.18246864013672, "noise_cost": 30.781477960150216, "n_waypoints_completed": 3, "tot_waypoints": 9}}
{"target": -8017.355004871461, "params": {"k_pid_pos": [2.0, 1.0, 0.9816690683364868], "k_pid_alt": [1.8596925735473633, 1.0, 0.9477009177207947], "k_pid_att": [0.0, 9.999999747378752e-05, 0.0], "k_pid_yaw": [0.5, 1e-06, 0.1], "k_pid_hsp": [10.0, 0.0, 0.016002148389816284], "k_pid_vsp": [400.0, 394.4492492675781, 383.5381164550781]}, "datetime": {"datetime": "2025-08-11 21:11:47", "elapsed": 17187.339670419693, "delta": 30.289488077163696}, "costs": {"total_cost": 8017.355004871461, "time_cost": 150, "final_distance_cost": 1157.26552305033, "oscillation_cost": 15.032139713909142, "completition_cost": 1000.0, "overshoot_cost": 5563.565131096022, "power_cost": 45.04497331542969, "noise_cost": 86.44723769576963, "n_waypoints_completed": 0, "tot_waypoints": 9}}
{"target": -1049.1418785377705, "params": {"k_pid_pos": [2.0, 0.982209324836731, 0.9941979646682739], "k_pid_alt": [2.0, 1.0, 0.9471875429153442], "k_pid_att": [1.5197664499282837, 0.07965978235006332, 0.0], "k_pid_yaw": [0.5, 1e-06, 0.1], "k_pid_hsp": [9.95748519897461, 0.0, 0.003277301788330078], "k_pid_vsp": [400.0, 400.0, 376.2210388183594]}, "datetime": {"datetime": "2025-08-11 21:12:18", "elapsed": 17217.97759246826, "delta": 30.637922048568726}, "costs": {"total_cost": 1049.1418785377705, "time_cost": 150, "final_distance_cost": 57.48647817948133, "oscillation_cost": 273.86731485512917, "completition_cost": 444.4444444444444, "overshoot_cost": 62.03694934053093, "power_cost": 32.61959073486328, "noise_cost": 28.687100983321287, "n_waypoints_completed": 5, "tot_waypoints": 9}}
{"target": -1368.594216428951, "params": {"k_pid_pos": [1.9562509059906006, 0.9951882362365723, 0.8792872428894043], "k_pid_alt": [1.9983361959457397, 0.9975765347480774, 0.9854164123535156], "k_pid_att": [8.20671272277832, 9.999999747378752e-05, 0.0], "k_pid_yaw": [0.5, 1e-06, 0.1], "k_pid_hsp": [10.0, 0.10502079129219055, 0.0], "k_pid_vsp": [400.0, 388.3153076171875, 389.4755859375]}, "datetime": {"datetime": "2025-08-11 21:12:49", "elapsed": 17248.605084896088, "delta": 30.627492427825928}, "costs": {"total_cost": 1368.594216428951, "time_cost": 150, "final_distance_cost": 42.516651171904584, "oscillation_cost": 492.4886761408076, "completition_cost": 555.5555555555555, "overshoot_cost": 67.23021846828745, "power_cost": 32.23564893798828, "noise_cost": 28.567466154407597, "n_waypoints_completed": 4, "tot_waypoints": 9}}
{"target": -1755.4410040360813, "params": {"k_pid_pos": [1.9507278203964233, 0.9987824559211731, 0.9935951232910156], "k_pid_alt": [2.0, 0.9770991802215576, 1.0], "k_pid_att": [3.5900144577026367, 9.999999747378752e-05, 0.07565557956695557], "k_pid_yaw": [0.5, 1e-06, 0.1], "k_pid_hsp": [9.570655822753906, 0.021214038133621216, 0.0651160478591919], "k_pid_vsp": [389.2281188964844, 400.0, 400.0]}, "datetime": {"datetime": "2025-08-11 21:13:19", "elapsed": 17278.701429128647, "delta": 30.096344232559204}, "costs": {"total_cost": 1755.4410040360813, "time_cost": 150, "final_distance_cost": 0.9986049887636849, "oscillation_cost": 332.115250184283, "completition_cost": 1000.0, "overshoot_cost": 154.21269256281965, "power_cost": 30.39775241699219, "noise_cost": 87.71670388322269, "n_waypoints_completed": 0, "tot_waypoints": 9}}
{"target": -1321.0988634937487, "params": {"k_pid_pos": [1.9455488920211792, 0.9963051676750183, 0.9634425044059753], "k_pid_alt": [2.0, 1.0, 0.9426092505455017], "k_pid_att": [1.874077320098877, 9.999999747378752e-05, 0.0], "k_pid_yaw": [0.5, 1e-06, 0.1], "k_pid_hsp": [10.0, 0.0, 0.03327435255050659], "k_pid_vsp": [382.0227966308594, 384.01220703125, 378.1207275390625]}, "datetime": {"datetime": "2025-08-11 21:13:51", "elapsed": 17311.08473086357, "delta": 32.383301734924316}, "costs": {"total_cost": 1321.0988634937487, "time_cost": 150, "final_distance_cost": 55.41749336210291, "oscillation_cost": 313.89727167699004, "completition_cost": 666.6666666666667, "overshoot_cost": 76.41746058812367, "power_cost": 31.708696594238283, "noise_cost": 26.99127460562698, "n_waypoints_completed": 3, "tot_waypoints": 9}}
{"target": -15507.064068178212, "params": {"k_pid_pos": [1.829182744026184, 0.9702672958374023, 0.9415985345840454], "k_pid_alt": [1.9676787853240967, 0.9728195667266846, 0.9930315017700195], "k_pid_att": [0.0, 0.3499530851840973, 0.0], "k_pid_yaw": [0.5, 1e-06, 0.1], "k_pid_hsp": [10.0, 0.0, 0.00465664267539978], "k_pid_vsp": [400.0, 400.0, 400.0]}, "datetime": {"datetime": "2025-08-11 21:14:22", "elapsed": 17341.76729941368, "delta": 30.682568550109863}, "costs": {"total_cost": 15507.064068178212, "time_cost": 150, "final_distance_cost": 3553.39491077273, "oscillation_cost": 1761.5159551507336, "completition_cost": 1000.0, "overshoot_cost": 8810.127708571756, "power_cost": 57.947990942382816, "noise_cost": 174.07750274061104, "n_waypoints_completed": 0, "tot_waypoints": 9}}
{"target": -4553.809783724735, "params": {"k_pid_pos": [2.0, 0.9575182199478149, 0.9910290241241455], "k_pid_alt": [2.0, 1.0, 0.9767581224441528], "k_pid_att": [0.0, 9.999999747378752e-05, 0.036188751459121704], "k_pid_yaw": [0.5, 1e-06, 0.1], "k_pid_hsp": [9.799418449401855, 0.06445226073265076, 0.0], "k_pid_vsp": [377.5546569824219, 396.5960388183594, 400.0]}, "datetime": {"datetime": "2025-08-11 21:14:53", "elapsed": 17372.740349292755, "delta": 30.973049879074097}, "costs": {"total_cost": 4553.809783724735, "time_cost": 150, "final_distance_cost": 1063.37842630458, "oscillation_cost": 5.111411516521267, "completition_cost": 1000.0, "overshoot_cost": 2219.7011936383597, "power_cost": 30.41325252685547, "noise_cost": 85.205499738419, "n_waypoints_completed": 0, "tot_waypoints": 9}}
{"target": -3459.7883960789163, "params": {"k_pid_pos": [1.83901047706604, 0.9494204521179199, 0.9688902497291565], "k_pid_alt": [1.9519124031066895, 0.9733387231826782, 0.9948239326477051], "k_pid_att": [0.0, 9.999999747378752e-05, 0.04948902130126953], "k_pid_yaw": [0.5, 1e-06, 0.1], "k_pid_hsp": [9.356401443481445, 0.0, 0.04975685477256775], "k_pid_vsp": [400.0, 400.0, 400.0]}, "datetime": {"datetime": "2025-08-11 21:15:24", "elapsed": 17403.41651201248, "delta": 30.676162719726562}, "costs": {"total_cost": 3459.7883960789163, "time_cost": 150, "final_distance_cost": 212.02116697181648, "oscillation_cost": 4.1523152145252205, "completition_cost": 1000.0, "overshoot_cost": 1968.8240788810392, "power_cost": 29.76439412841797, "noise_cost": 95.02644088311699, "n_waypoints_completed": 0, "tot_waypoints": 9}}
{"target": -7608.943958700865, "params": {"k_pid_pos": [1.95883309841156, 1.0, 1.0], "k_pid_alt": [2.0, 0.9496438503265381, 1.0], "k_pid_att": [0.0, 0.34841322898864746, 0.0], "k_pid_yaw": [0.5, 1e-06, 0.1], "k_pid_hsp": [9.349442481994629, 0.015013039112091064, 0.05529788136482239], "k_pid_vsp": [400.0, 400.0, 400.0]}, "datetime": {"datetime": "2025-08-11 21:15:54", "elapsed": 17434.147075891495, "delta": 30.73056387901306}, "costs": {"total_cost": 7608.943958700865, "time_cost": 150, "final_distance_cost": 2409.9534632651917, "oscillation_cost": 1474.2607504625732, "completition_cost": 1000.0, "overshoot_cost": 2344.176828115534, "power_cost": 57.70887932128907, "noise_cost": 172.84403753627714, "n_waypoints_completed": 0, "tot_waypoints": 9}}
{"target": -4194.586314972026, "params": {"k_pid_pos": [1.8788648843765259, 1.0, 0.9785866141319275], "k_pid_alt": [1.9569213390350342, 0.992745578289032, 0.9518224000930786], "k_pid_att": [0.0, 0.11236154288053513, 0.0], "k_pid_yaw": [0.5, 1e-06, 0.1], "k_pid_hsp": [9.6636381149292, 0.0, 0.00436633825302124], "k_pid_vsp": [400.0, 372.07000732421875, 400.0]}, "datetime": {"datetime": "2025-08-11 21:16:25", "elapsed": 17465.078758478165, "delta": 30.931682586669922}, "costs": {"total_cost": 4194.586314972026, "time_cost": 150, "final_distance_cost": 412.68602091693754, "oscillation_cost": 811.078676622694, "completition_cost": 1000.0, "overshoot_cost": 1597.060456200904, "power_cost": 57.18627109375, "noise_cost": 166.57489013774062, "n_waypoints_completed": 0, "tot_waypoints": 9}}
{"target": -1166.878808501339, "params": {"k_pid_pos": [2.0, 1.0, 0.8694764375686646], "k_pid_alt": [1.9358997344970703, 1.0, 0.9794473648071289], "k_pid_att": [8.83018970489502, 0.312136709690094, 0.048833370208740234], "k_pid_yaw": [0.5, 1e-06, 0.1], "k_pid_hsp": [9.929498672485352, 0.00993567705154419, 0.0], "k_pid_vsp": [400.0, 400.0, 376.6432800292969]}, "datetime": {"datetime": "2025-08-11 21:16:56", "elapsed": 17495.8248898983, "delta": 30.746131420135498}, "costs": {"total_cost": 1166.878808501339, "time_cost": 150, "final_distance_cost": 45.72721770776338, "oscillation_cost": 399.1316984295536, "completition_cost": 444.4444444444444, "overshoot_cost": 65.75581817175673, "power_cost": 31.96297312011719, "noise_cost": 29.856656627703746, "n_waypoints_completed": 5, "tot_waypoints": 9}}
{"target": -931.5461701537573, "params": {"k_pid_pos": [1.9597288370132446, 1.0, 0.9752545356750488], "k_pid_alt": [1.9374265670776367, 1.0, 0.9771050214767456], "k_pid_att": [12.428691864013672, 9.999999747378752e-05, 0.0647781491279602], "k_pid_yaw": [0.5, 1e-06, 0.1], "k_pid_hsp": [9.351606369018555, 0.0, 0.013007819652557373], "k_pid_vsp": [400.0, 400.0, 400.0]}, "datetime": {"datetime": "2025-08-11 21:17:26", "elapsed": 17525.98776268959, "delta": 30.162872791290283}, "costs": {"total_cost": 931.5461701537573, "time_cost": 150, "final_distance_cost": 71.11998913096558, "oscillation_cost": 363.168818287168, "completition_cost": 222.2222222222222, "overshoot_cost": 63.08475734020586, "power_cost": 31.78782507324219, "noise_cost": 30.162558099953532, "n_waypoints_completed": 7, "tot_waypoints": 9}}
{"target": -8867.996722813943, "params": {"k_pid_pos": [2.0, 1.0, 1.0], "k_pid_alt": [1.8488575220108032, 1.0, 0.976276159286499], "k_pid_att": [0.0, 9.999999747378752e-05, 0.0], "k_pid_yaw": [0.5, 1e-06, 0.1], "k_pid_hsp": [9.286118507385254, 0.0, 0.08332893252372742], "k_pid_vsp": [400.0, 364.0250549316406, 396.6583251953125]}, "datetime": {"datetime": "2025-08-11 21:17:57", "elapsed": 17557.36160159111, "delta": 31.373838901519775}, "costs": {"total_cost": 8867.996722813943, "time_cost": 150, "final_distance_cost": 476.6569601493008, "oscillation_cost": 14.52870083494892, "completition_cost": 1000.0, "overshoot_cost": 7079.239225227597, "power_cost": 46.941291662597656, "noise_cost": 100.63054493949856, "n_waypoints_completed": 0, "tot_waypoints": 9}}
{"target": -1188.457553701647, "params": {"k_pid_pos": [1.95409095287323, 1.0, 0.9666855335235596], "k_pid_alt": [2.0, 0.9643034934997559, 0.9631651639938354], "k_pid_att": [8.594420433044434, 0.20975127816200256, 0.04761713743209839], "k_pid_yaw": [0.5, 1e-06, 0.1], "k_pid_hsp": [9.363066673278809, 0.08894851803779602, 0.06559282541275024], "k_pid_vsp": [400.0, 379.30914306640625, 395.3760070800781]}, "datetime": {"datetime": "2025-08-11 21:18:28", "elapsed": 17587.762776851654, "delta": 30.401175260543823}, "costs": {"total_cost": 1188.457553701647, "time_cost": 150, "final_distance_cost": 53.740510538556805, "oscillation_cost": 419.2637759879377, "completition_cost": 444.4444444444444, "overshoot_cost": 58.63049541271871, "power_cost": 32.36581164550781, "noise_cost": 30.012515672481324, "n_waypoints_completed": 5, "tot_waypoints": 9}}
{"target": -1092.5787421638381, "params": {"k_pid_pos": [1.9797863960266113, 1.0, 1.0], "k_pid_alt": [1.9961824417114258, 1.0, 1.0], "k_pid_att": [7.827061653137207, 9.999999747378752e-05, 0.027963101863861084], "k_pid_yaw": [0.5, 1e-06, 0.1], "k_pid_hsp": [10.0, 0.0, 0.02190747857093811], "k_pid_vsp": [400.0, 400.0, 385.0596923828125]}, "datetime": {"datetime": "2025-08-11 21:18:58", "elapsed": 17617.767368793488, "delta": 30.004591941833496}, "costs": {"total_cost": 1092.5787421638381, "time_cost": 150, "final_distance_cost": 53.067920003911304, "oscillation_cost": 436.9385742234616, "completition_cost": 333.33333333333337, "overshoot_cost": 58.265830131899705, "power_cost": 31.49550733642578, "noise_cost": 29.477577134806335, "n_waypoints_completed": 6, "tot_waypoints": 9}}
{"target": -4432.0466767018215, "params": {"k_pid_pos": [1.9911136627197266, 0.9850571155548096, 1.0], "k_pid_alt": [2.0, 1.0, 0.999427855014801], "k_pid_att": [0.0, 0.14133566617965698, 0.0], "k_pid_yaw": [0.5, 1e-06, 0.1], "k_pid_hsp": [10.0, 0.10455653071403503, 0.001782923936843872], "k_pid_vsp": [400.0, 400.0, 382.753662109375]}, "datetime": {"datetime": "2025-08-11 21:19:29", "elapsed": 17648.774665117264, "delta": 31.007296323776245}, "costs": {"total_cost": 4432.0466767018215, "time_cost": 150, "final_distance_cost": 629.3776401676135, "oscillation_cost": 983.1910807597961, "completition_cost": 1000.0, "overshoot_cost": 1446.256622450501, "power_cost": 57.19354598388672, "noise_cost": 166.02778734002342, "n_waypoints_completed": 0, "tot_waypoints": 9}}
{"target": -1427.645132994441, "params": {"k_pid_pos": [1.9866766929626465, 1.0, 0.9951437711715698], "k_pid_alt": [2.0, 1.0, 1.0], "k_pid_att": [0.9353458881378174, 0.16464650630950928, 0.08169472217559814], "k_pid_yaw": [0.5, 1e-06, 0.1], "k_pid_hsp": [10.0, 0.0, 0.0], "k_pid_vsp": [393.1881103515625, 400.0, 394.369140625]}, "datetime": {"datetime": "2025-08-11 21:19:59", "elapsed": 17678.876916885376, "delta": 30.102251768112183}, "costs": {"total_cost": 1427.645132994441, "time_cost": 150, "final_distance_cost": 0.9990311870347923, "oscillation_cost": 31.09605498804625, "completition_cost": 1000.0, "overshoot_cost": 139.9476792079919, "power_cost": 29.82894909667969, "noise_cost": 75.77341851468806, "n_waypoints_completed": 0, "tot_waypoints": 9}}
{"target": -7981.6541053393585, "params": {"k_pid_pos": [2.0, 1.0, 0.8896193504333496], "k_pid_alt": [1.9558930397033691, 1.0, 1.0], "k_pid_att": [0.0, 9.999999747378752e-05, 0.0], "k_pid_yaw": [0.5, 1e-06, 0.1], "k_pid_hsp": [10.0, 0.09899312257766724, 0.0], "k_pid_vsp": [400.0, 400.0, 400.0]}, "datetime": {"datetime": "2025-08-11 21:20:29", "elapsed": 17708.809455633163, "delta": 29.932538747787476}, "costs": {"total_cost": 7981.6541053393585, "time_cost": 150, "final_distance_cost": 946.3302993296036, "oscillation_cost": 14.84474885860286, "completition_cost": 1000.0, "overshoot_cost": 5734.499061009633, "power_cost": 44.297280786132816, "noise_cost": 91.6827153553869, "n_waypoints_completed": 0, "tot_waypoints": 9}}
{"target": -3145.073439108772, "params": {"k_pid_pos": [2.0, 0.9530770778656006, 1.0], "k_pid_alt": [1.997236967086792, 0.9718339443206787, 1.0], "k_pid_att": [0.0, 9.999999747378752e-05, 0.08616864681243896], "k_pid_yaw": [0.5, 1e-06, 0.1], "k_pid_hsp": [10.0, 0.0, 0.0], "k_pid_vsp": [384.0452575683594, 400.0, 400.0]}, "datetime": {"datetime": "2025-08-11 21:21:00", "elapsed": 17739.427530527115, "delta": 30.618074893951416}, "costs": {"total_cost": 3145.073439108772, "time_cost": 150, "final_distance_cost": 473.87090155740736, "oscillation_cost": 3.3492635969329005, "completition_cost": 1000.0, "overshoot_cost": 1375.2405248391028, "power_cost": 29.21626560058594, "noise_cost": 113.39648351474324, "n_waypoints_completed": 0, "tot_waypoints": 9}}
{"target": -12261.768494357695, "params": {"k_pid_pos": [2.0, 1.0, 1.0], "k_pid_alt": [1.8621912002563477, 1.0, 0.9541040658950806], "k_pid_att": [0.0, 0.5585654973983765, 0.0], "k_pid_yaw": [0.5, 1e-06, 0.1], "k_pid_hsp": [10.0, 0.023385554552078247, 0.0], "k_pid_vsp": [386.20330810546875, 400.0, 400.0]}, "datetime": {"datetime": "2025-08-11 21:21:31", "elapsed": 17770.97718167305, "delta": 31.54965114593506}, "costs": {"total_cost": 12261.768494357695, "time_cost": 150, "final_distance_cost": 3298.327028119476, "oscillation_cost": 2166.221440327554, "completition_cost": 1000.0, "overshoot_cost": 5412.801356833673, "power_cost": 58.05834346923828, "noise_cost": 176.3603256077523, "n_waypoints_completed": 0, "tot_waypoints": 9}}
{"target": -1638.9422579112065, "params": {"k_pid_pos": [1.8644520044326782, 1.0, 1.0], "k_pid_alt": [1.9668822288513184, 0.994218647480011, 1.0], "k_pid_att": [0.8405089378356934, 0.4307207465171814, 0.022466391324996948], "k_pid_yaw": [0.5, 1e-06, 0.1], "k_pid_hsp": [10.0, 0.0, 0.03638926148414612], "k_pid_vsp": [379.5066833496094, 400.0, 400.0]}, "datetime": {"datetime": "2025-08-11 21:22:02", "elapsed": 17801.549526691437, "delta": 30.57234501838684}, "costs": {"total_cost": 1638.9422579112065, "time_cost": 150, "final_distance_cost": 1.0023096475369382, "oscillation_cost": 226.0754768831174, "completition_cost": 1000.0, "overshoot_cost": 152.63904603862738, "power_cost": 29.86163809814453, "noise_cost": 79.36378724378034, "n_waypoints_completed": 0, "tot_waypoints": 9}}
{"target": -7768.998418152668, "params": {"k_pid_pos": [1.964295506477356, 1.0, 0.9592305421829224], "k_pid_alt": [1.9080510139465332, 1.0, 1.0], "k_pid_att": [0.0, 0.42078715562820435, 0.0], "k_pid_yaw": [0.5, 1e-06, 0.1], "k_pid_hsp": [9.749288558959961, 0.0, 0.0], "k_pid_vsp": [400.0, 400.0, 400.0]}, "datetime": {"datetime": "2025-08-11 21:22:32", "elapsed": 17832.09159898758, "delta": 30.542072296142578}, "costs": {"total_cost": 7768.998418152668, "time_cost": 150, "final_distance_cost": 1717.5033068732566, "oscillation_cost": 1838.2114779408519, "completition_cost": 1000.0, "overshoot_cost": 2828.670766260205, "power_cost": 58.388221569824225, "noise_cost": 176.2246455085302, "n_waypoints_completed": 0, "tot_waypoints": 9}}
{"target": -7236.849971709872, "params": {"k_pid_pos": [2.0, 0.9349016547203064, 1.0], "k_pid_alt": [1.9670121669769287, 1.0, 1.0], "k_pid_att": [0.0, 9.999999747378752e-05, 0.00902259349822998], "k_pid_yaw": [0.5, 1e-06, 0.1], "k_pid_hsp": [10.0, 0.032925188541412354, 0.05666258931159973], "k_pid_vsp": [400.0, 400.0, 400.0]}, "datetime": {"datetime": "2025-08-11 21:23:03", "elapsed": 17863.265020370483, "delta": 31.173421382904053}, "costs": {"total_cost": 7236.849971709872, "time_cost": 150, "final_distance_cost": 2264.701094171844, "oscillation_cost": 9.116737514136972, "completition_cost": 1000.0, "overshoot_cost": 3708.5373574255013, "power_cost": 35.72402822265625, "noise_cost": 68.77075437573296, "n_waypoints_completed": 0, "tot_waypoints": 9}}
{"target": -7449.46585136637, "params": {"k_pid_pos": [2.0, 0.989851713180542, 0.9078769683837891], "k_pid_alt": [1.9483447074890137, 1.0, 1.0], "k_pid_att": [0.0, 0.37158310413360596, 0.02268621325492859], "k_pid_yaw": [0.5, 1e-06, 0.1], "k_pid_hsp": [9.743433952331543, 0.0, 0.017536133527755737], "k_pid_vsp": [399.5040283203125, 400.0, 391.9998779296875]}, "datetime": {"datetime": "2025-08-11 21:23:33", "elapsed": 17893.357850790024, "delta": 30.092830419540405}, "costs": {"total_cost": 7449.46585136637, "time_cost": 150, "final_distance_cost": 2050.6391558303885, "oscillation_cost": 1538.3068536532444, "completition_cost": 1000.0, "overshoot_cost": 2484.8006455862655, "power_cost": 57.22044699707032, "noise_cost": 168.4987492994005, "n_waypoints_completed": 0, "tot_waypoints": 9}}
{"target": -8084.320284110109, "params": {"k_pid_pos": [2.0, 1.0, 0.9993623495101929], "k_pid_alt": [1.8926265239715576, 0.9514061212539673, 1.0], "k_pid_att": [0.0, 9.999999747378752e-05, 0.0], "k_pid_yaw": [0.5, 1e-06, 0.1], "k_pid_hsp": [9.778395652770996, 0.0, 0.044988155364990234], "k_pid_vsp": [400.0, 400.0, 400.0]}, "datetime": {"datetime": "2025-08-11 21:24:04", "elapsed": 17924.209672927856, "delta": 30.85182213783264}, "costs": {"total_cost": 8084.320284110109, "time_cost": 150, "final_distance_cost": 896.3439868096661, "oscillation_cost": 14.804573397119647, "completition_cost": 1000.0, "overshoot_cost": 5885.235491266863, "power_cost": 44.8358935913086, "noise_cost": 93.10033904515176, "n_waypoints_completed": 0, "tot_waypoints": 9}}
{"target": -4175.8110023942245, "params": {"k_pid_pos": [1.899292230606079, 0.9729796648025513, 0.9344571828842163], "k_pid_alt": [1.9973361492156982, 1.0, 0.9869009256362915], "k_pid_att": [0.0, 0.1202102079987526, 0.0], "k_pid_yaw": [0.5, 1e-06, 0.1], "k_pid_hsp": [10.0, 0.0, 0.0], "k_pid_vsp": [377.5689697265625, 400.0, 389.34588623046875]}, "datetime": {"datetime": "2025-08-11 21:24:35", "elapsed": 17954.843785762787, "delta": 30.63411283493042}, "costs": {"total_cost": 4175.8110023942245, "time_cost": 150, "final_distance_cost": 436.29144195725763, "oscillation_cost": 797.736869691038, "completition_cost": 1000.0, "overshoot_cost": 1566.5045578901356, "power_cost": 57.586613183593755, "noise_cost": 167.69151967219952, "n_waypoints_completed": 0, "tot_waypoints": 9}}
{"target": -8117.521144991017, "params": {"k_pid_pos": [1.996277093887329, 0.9425047636032104, 1.0], "k_pid_alt": [1.8793110847473145, 1.0, 0.993432879447937], "k_pid_att": [0.0, 9.999999747378752e-05, 0.0], "k_pid_yaw": [0.5, 1e-06, 0.1], "k_pid_hsp": [10.0, 0.005408346652984619, 0.0010654032230377197], "k_pid_vsp": [381.35247802734375, 400.0, 400.0]}, "datetime": {"datetime": "2025-08-11 21:25:05", "elapsed": 17985.294266462326, "delta": 30.450480699539185}, "costs": {"total_cost": 8117.521144991017, "time_cost": 150, "final_distance_cost": 761.8557396237235, "oscillation_cost": 14.637492272936953, "completition_cost": 1000.0, "overshoot_cost": 6049.798073301876, "power_cost": 44.00305593261719, "noise_cost": 97.22678385986363, "n_waypoints_completed": 0, "tot_waypoints": 9}}
