{"target": -7373.210931896648, "params": {"k_pid_pos": [1.93484365940094, 0.9109076261520386, 0.9654971361160278], "k_pid_alt": [1.9921092987060547, 0.9753190279006958, 1.0], "k_pid_att": [0.0, 0.37252575159072876, 0.016321003437042236], "k_pid_yaw": [0.5, 1e-06, 0.1], "k_pid_hsp": [10.0, 0.0, 0.036538660526275635], "k_pid_vsp": [381.86968994140625, 400.0, 400.0]}, "datetime": {"datetime": "2025-08-12 00:00:57", "elapsed": 27336.616318941116, "delta": 29.578837633132935}, "costs": {"total_cost": 7373.210931896648, "time_cost": 150, "final_distance_cost": 2069.8760893651875, "oscillation_cost": 1549.9603514596672, "completition_cost": 1000.0, "overshoot_cost": 2372.744041964277, "power_cost": 57.65981645507813, "noise_cost": 172.97063265243833, "n_waypoints_completed": 0, "tot_waypoints": 9}}
{"target": -5540.970166494048, "params": {"k_pid_pos": [2.0, 0.9297977089881897, 1.0], "k_pid_alt": [2.0, 1.0, 1.0], "k_pid_att": [0.0, 0.08535494655370712, 0.04399460554122925], "k_pid_yaw": [0.5, 1e-06, 0.1], "k_pid_hsp": [9.989713668823242, 0.0, 0.0], "k_pid_vsp": [400.0, 394.79254150390625, 393.7795715332031]}, "datetime": {"datetime": "2025-08-12 00:01:29", "elapsed": 27369.22725057602, "delta": 32.610931634902954}, "costs": {"total_cost": 5540.970166494048, "time_cost": 150, "final_distance_cost": 938.8835781296004, "oscillation_cost": 588.1831084613136, "completition_cost": 1000.0, "overshoot_cost": 2643.717582018514, "power_cost": 57.158500817871094, "noise_cost": 163.02739706674888, "n_waypoints_completed": 0, "tot_waypoints": 9}}
{"target": -8102.156574859629, "params": {"k_pid_pos": [2.0, 0.8587411642074585, 0.9895538091659546], "k_pid_alt": [2.0, 1.0, 0.9783862829208374], "k_pid_att": [0.0, 9.999999747378752e-05, 0.0], "k_pid_yaw": [0.5, 1e-06, 0.1], "k_pid_hsp": [10.0, 0.017097920179367065, 0.0380440354347229], "k_pid_vsp": [400.0, 400.0, 395.43463134765625]}, "datetime": {"datetime": "2025-08-12 00:02:00", "elapsed": 27400.007307767868, "delta": 30.780057191848755}, "costs": {"total_cost": 8102.156574859629, "time_cost": 150, "final_distance_cost": 906.1855090059561, "oscillation_cost": 14.807990729476012, "completition_cost": 1000.0, "overshoot_cost": 5892.893127050622, "power_cost": 44.89024508056641, "noise_cost": 93.37970299300841, "n_waypoints_completed": 0, "tot_waypoints": 9}}
{"target": -4764.820283452419, "params": {"k_pid_pos": [1.897621989250183, 1.0, 1.0], "k_pid_alt": [2.0, 1.0, 0.9546463489532471], "k_pid_att": [0.0, 0.22776809334754944, 0.0], "k_pid_yaw": [0.5, 1e-06, 0.1], "k_pid_hsp": [9.994153022766113, 0.0394139289855957, 0.09130069613456726], "k_pid_vsp": [396.2403869628906, 400.0, 400.0]}, "datetime": {"datetime": "2025-08-12 00:02:32", "elapsed": 27431.755936145782, "delta": 31.74862837791443}, "costs": {"total_cost": 4764.820283452419, "time_cost": 150, "final_distance_cost": 434.46223618844334, "oscillation_cost": 1289.672910926182, "completition_cost": 1000.0, "overshoot_cost": 1660.3063886140276, "power_cost": 57.91024865722657, "noise_cost": 172.4684990665399, "n_waypoints_completed": 0, "tot_waypoints": 9}}
{"target": -8039.302137368792, "params": {"k_pid_pos": [2.0, 1.0, 0.9961453676223755], "k_pid_alt": [1.874127745628357, 0.9792722463607788, 1.0], "k_pid_att": [0.0, 9.999999747378752e-05, 0.0], "k_pid_yaw": [0.5, 1e-06, 0.1], "k_pid_hsp": [9.705716133117676, 0.0, 0.0458945631980896], "k_pid_vsp": [400.0, 400.0, 381.75146484375]}, "datetime": {"datetime": "2025-08-12 00:03:03", "elapsed": 27463.21409010887, "delta": 31.45815396308899}, "costs": {"total_cost": 8039.302137368792, "time_cost": 150, "final_distance_cost": 991.318806972277, "oscillation_cost": 15.107851832547952, "completition_cost": 1000.0, "overshoot_cost": 5748.779753061095, "power_cost": 46.030671472167974, "noise_cost": 88.06505403070334, "n_waypoints_completed": 0, "tot_waypoints": 9}}
{"target": -20098.931543650804, "params": {"k_pid_pos": [2.0, 1.0, 0.9403287172317505], "k_pid_alt": [1.9571404457092285, 0.9396511316299438, 1.0], "k_pid_att": [0.0, 1.0815534591674805, 0.0], "k_pid_yaw": [0.5, 1e-06, 0.1], "k_pid_hsp": [10.0, 0.03448057174682617, 0.0], "k_pid_vsp": [400.0, 382.487060546875, 400.0]}, "datetime": {"datetime": "2025-08-12 00:03:35", "elapsed": 27494.54331445694, "delta": 31.329224348068237}, "costs": {"total_cost": 20098.931543650804, "time_cost": 150, "final_distance_cost": 6025.930585501841, "oscillation_cost": 2436.2841443042958, "completition_cost": 1000.0, "overshoot_cost": 10256.394989459222, "power_cost": 57.14027252197266, "noise_cost": 173.1815518634683, "n_waypoints_completed": 0, "tot_waypoints": 9}}
{"target": -1153.6055112163926, "params": {"k_pid_pos": [2.0, 0.9152959585189819, 1.0], "k_pid_alt": [2.0, 0.981483519077301, 0.9224563241004944], "k_pid_att": [7.920670509338379, 0.27256736159324646, 0.0], "k_pid_yaw": [0.5, 1e-06, 0.1], "k_pid_hsp": [9.559199333190918, 0.0, 0.020205199718475342], "k_pid_vsp": [400.0, 400.0, 388.5041809082031]}, "datetime": {"datetime": "2025-08-12 00:04:05", "elapsed": 27525.340036392212, "delta": 30.796721935272217}, "costs": {"total_cost": 1153.6055112163926, "time_cost": 150, "final_distance_cost": 68.81009648960215, "oscillation_cost": 474.5973450328322, "completition_cost": 333.33333333333337, "overshoot_cost": 63.32857663900397, "power_cost": 33.26901483154297, "noise_cost": 30.267144890078153, "n_waypoints_completed": 6, "tot_waypoints": 9}}
{"target": -7926.094238732142, "params": {"k_pid_pos": [2.0, 0.9625768065452576, 0.9934072494506836], "k_pid_alt": [1.9535037279129028, 1.0, 1.0], "k_pid_att": [0.0, 9.999999747378752e-05, 0.012296557426452637], "k_pid_yaw": [0.5, 1e-06, 0.1], "k_pid_hsp": [10.0, 0.0, 0.004932910203933716], "k_pid_vsp": [395.85638427734375, 400.0, 400.0]}, "datetime": {"datetime": "2025-08-12 00:04:39", "elapsed": 27558.52955722809, "delta": 33.189520835876465}, "costs": {"total_cost": 7926.094238732142, "time_cost": 150, "final_distance_cost": 2223.1903840302652, "oscillation_cost": 8.839100652606444, "completition_cost": 1000.0, "overshoot_cost": 4439.069800460213, "power_cost": 38.219486352539064, "noise_cost": 66.77546723651898, "n_waypoints_completed": 0, "tot_waypoints": 9}}
{"target": -9537.593170886463, "params": {"k_pid_pos": [1.981168270111084, 1.0, 0.9165963530540466], "k_pid_alt": [1.9671450853347778, 0.9668486714363098, 1.0], "k_pid_att": [0.0, 0.632238507270813, 0.020108819007873535], "k_pid_yaw": [0.5, 1e-06, 0.1], "k_pid_hsp": [9.358102798461914, 0.02486586570739746, 0.10648676753044128], "k_pid_vsp": [400.0, 400.0, 400.0]}, "datetime": {"datetime": "2025-08-12 00:05:13", "elapsed": 27592.75773358345, "delta": 34.22817635536194}, "costs": {"total_cost": 9537.593170886463, "time_cost": 150, "final_distance_cost": 2868.6399847581533, "oscillation_cost": 2246.1580681135797, "completition_cost": 1000.0, "overshoot_cost": 3040.437752131295, "power_cost": 57.67511990966797, "noise_cost": 174.68224597376695, "n_waypoints_completed": 0, "tot_waypoints": 9}}
{"target": -6940.494679364696, "params": {"k_pid_pos": [1.973096489906311, 1.0, 1.0], "k_pid_alt": [1.8537174463272095, 1.0, 0.9605895280838013], "k_pid_att": [0.0, 0.4305911064147949, 0.02782312035560608], "k_pid_yaw": [0.5, 1e-06, 0.1], "k_pid_hsp": [9.900674819946289, 0.03368312120437622, 0.02162390947341919], "k_pid_vsp": [397.3291015625, 400.0, 399.8367614746094]}, "datetime": {"datetime": "2025-08-12 00:05:44", "elapsed": 27624.248168945312, "delta": 31.490435361862183}, "costs": {"total_cost": 6940.494679364696, "time_cost": 150, "final_distance_cost": 1603.9963019316685, "oscillation_cost": 1654.0383141184868, "completition_cost": 1000.0, "overshoot_cost": 2302.343602407874, "power_cost": 57.54401788330078, "noise_cost": 172.57244302336517, "n_waypoints_completed": 0, "tot_waypoints": 9}}
{"target": -4123.858664926158, "params": {"k_pid_pos": [2.0, 1.0, 1.0], "k_pid_alt": [1.9803035259246826, 0.9874057769775391, 0.9563448429107666], "k_pid_att": [0.0, 9.999999747378752e-05, 0.04707694053649902], "k_pid_yaw": [0.5, 1e-06, 0.1], "k_pid_hsp": [10.0, 0.0, 0.0], "k_pid_vsp": [400.0, 398.8962707519531, 376.6211853027344]}, "datetime": {"datetime": "2025-08-12 00:06:15", "elapsed": 27655.226405382156, "delta": 30.978236436843872}, "costs": {"total_cost": 4123.858664926158, "time_cost": 150, "final_distance_cost": 921.9506122104561, "oscillation_cost": 4.327993133398514, "completition_cost": 1000.0, "overshoot_cost": 1933.6693965991528, "power_cost": 30.23167352294922, "noise_cost": 83.6789894602007, "n_waypoints_completed": 0, "tot_waypoints": 9}}
{"target": -1373.6507722333145, "params": {"k_pid_pos": [2.0, 0.9727627038955688, 0.9315923452377319], "k_pid_alt": [2.0, 1.0, 0.9784306287765503], "k_pid_att": [2.8714747428894043, 0.17029817402362823, 0.0], "k_pid_yaw": [0.5, 1e-06, 0.1], "k_pid_hsp": [9.788901329040527, 0.0, 0.054045140743255615], "k_pid_vsp": [393.36236572265625, 378.7227478027344, 400.0]}, "datetime": {"datetime": "2025-08-12 00:06:46", "elapsed": 27686.191522836685, "delta": 30.96511745452881}, "costs": {"total_cost": 1373.6507722333145, "time_cost": 150, "final_distance_cost": 52.322934622677806, "oscillation_cost": 371.1016340884958, "completition_cost": 666.6666666666667, "overshoot_cost": 72.00438722561361, "power_cost": 32.74352672119141, "noise_cost": 28.811622908669374, "n_waypoints_completed": 3, "tot_waypoints": 9}}
{"target": -1085.329316499027, "params": {"k_pid_pos": [2.0, 1.0, 0.9707373976707458], "k_pid_alt": [2.0, 1.0, 1.0], "k_pid_att": [4.455801963806152, 0.710248589515686, 0.0], "k_pid_yaw": [0.5, 1e-06, 0.1], "k_pid_hsp": [9.283422470092773, 0.0, 0.04407837986946106], "k_pid_vsp": [400.0, 400.0, 389.19696044921875]}, "datetime": {"datetime": "2025-08-12 00:07:17", "elapsed": 27717.201724529266, "delta": 31.010201692581177}, "costs": {"total_cost": 1085.329316499027, "time_cost": 150, "final_distance_cost": 65.41542204648853, "oscillation_cost": 405.387169269065, "completition_cost": 333.33333333333337, "overshoot_cost": 67.08466386238523, "power_cost": 34.01169575195313, "noise_cost": 30.09703223580193, "n_waypoints_completed": 6, "tot_waypoints": 9}}
{"target": -5370.4325798665395, "params": {"k_pid_pos": [2.0, 0.9351308941841125, 0.9909890294075012], "k_pid_alt": [2.0, 1.0, 0.9971083402633667], "k_pid_att": [0.0, 0.06983137130737305, 0.0], "k_pid_yaw": [0.5, 1e-06, 0.1], "k_pid_hsp": [10.0, 0.05265456438064575, 0.02051478624343872], "k_pid_vsp": [400.0, 389.2477111816406, 394.7686767578125]}, "datetime": {"datetime": "2025-08-12 00:07:48", "elapsed": 27747.791803836823, "delta": 30.590079307556152}, "costs": {"total_cost": 5370.4325798665395, "time_cost": 150, "final_distance_cost": 907.8642452507077, "oscillation_cost": 578.9415357220233, "completition_cost": 1000.0, "overshoot_cost": 2513.5316472456648, "power_cost": 57.25511330566407, "noise_cost": 162.84003834247994, "n_waypoints_completed": 0, "tot_waypoints": 9}}
{"target": -10103.235709904666, "params": {"k_pid_pos": [2.0, 0.9546639919281006, 1.0], "k_pid_alt": [2.0, 0.9721224308013916, 1.0], "k_pid_att": [0.0, 0.5712680220603943, 0.0], "k_pid_yaw": [0.5, 1e-06, 0.1], "k_pid_hsp": [9.473410606384277, 0.003555208444595337, 0.0], "k_pid_vsp": [399.2586669921875, 397.8692932128906, 382.31390380859375]}, "datetime": {"datetime": "2025-08-12 00:08:19", "elapsed": 27778.41874575615, "delta": 30.626941919326782}, "costs": {"total_cost": 10103.235709904666, "time_cost": 150, "final_distance_cost": 2841.3421663791323, "oscillation_cost": 2060.281814848915, "completition_cost": 1000.0, "overshoot_cost": 3817.935633307703, "power_cost": 58.03635799560547, "noise_cost": 175.63973737330997, "n_waypoints_completed": 0, "tot_waypoints": 9}}
{"target": -1745.0965667310145, "params": {"k_pid_pos": [2.0, 1.0, 0.9870414733886719], "k_pid_alt": [1.9089186191558838, 1.0, 1.0], "k_pid_att": [2.9107749462127686, 0.011543977074325085, 0.014206349849700928], "k_pid_yaw": [0.5, 1e-06, 0.1], "k_pid_hsp": [10.0, 0.0, 0.0], "k_pid_vsp": [399.00274658203125, 367.9593200683594, 400.0]}, "datetime": {"datetime": "2025-08-12 00:08:49", "elapsed": 27808.969323158264, "delta": 30.550577402114868}, "costs": {"total_cost": 1745.0965667310145, "time_cost": 150, "final_distance_cost": 22.295846734465393, "oscillation_cost": 398.8577207279919, "completition_cost": 1000.0, "overshoot_cost": 116.61065492098408, "power_cost": 30.63754157714844, "noise_cost": 26.694802770424744, "n_waypoints_completed": 0, "tot_waypoints": 9}}
{"target": -8253.018999021879, "params": {"k_pid_pos": [1.9042540788650513, 0.901698112487793, 1.0], "k_pid_alt": [1.9862585067749023, 0.9908429384231567, 1.0], "k_pid_att": [0.0, 9.999999747378752e-05, 0.0], "k_pid_yaw": [0.5, 1e-06, 0.1], "k_pid_hsp": [9.81913948059082, 0.0, 0.0], "k_pid_vsp": [394.8462829589844, 400.0, 400.0]}, "datetime": {"datetime": "2025-08-12 00:09:20", "elapsed": 27839.760481119156, "delta": 30.791157960891724}, "costs": {"total_cost": 8253.018999021879, "time_cost": 150, "final_distance_cost": 976.0173710746582, "oscillation_cost": 14.751655950519162, "completition_cost": 1000.0, "overshoot_cost": 5974.5621336353115, "power_cost": 44.25614439697266, "noise_cost": 93.43169396441817, "n_waypoints_completed": 0, "tot_waypoints": 9}}
{"target": -1758.027484784997, "params": {"k_pid_pos": [1.9285812377929688, 1.0, 1.0], "k_pid_alt": [2.0, 1.0, 1.0], "k_pid_att": [4.2970805168151855, 9.999999747378752e-05, 0.060809046030044556], "k_pid_yaw": [0.5, 1e-06, 0.1], "k_pid_hsp": [9.809271812438965, 0.0, 0.07373520731925964], "k_pid_vsp": [400.0, 367.92144775390625, 400.0]}, "datetime": {"datetime": "2025-08-12 00:09:51", "elapsed": 27871.04073214531, "delta": 31.280251026153564}, "costs": {"total_cost": 1758.027484784997, "time_cost": 150, "final_distance_cost": 25.938237930228098, "oscillation_cost": 419.74701668748884, "completition_cost": 1000.0, "overshoot_cost": 104.90879797606489, "power_cost": 30.74603094482422, "noise_cost": 26.687401246390714, "n_waypoints_completed": 0, "tot_waypoints": 9}}
{"target": -4306.504674283448, "params": {"k_pid_pos": [1.9707220792770386, 0.8627184629440308, 0.9866989254951477], "k_pid_alt": [1.9911253452301025, 0.97368323802948, 0.9244533777236938], "k_pid_att": [0.0, 0.12123867124319077, 0.0], "k_pid_yaw": [0.5, 1e-06, 0.1], "k_pid_hsp": [9.584216117858887, 0.02480083703994751, 0.0], "k_pid_vsp": [399.2752990722656, 400.0, 400.0]}, "datetime": {"datetime": "2025-08-12 00:10:22", "elapsed": 27901.54942893982, "delta": 30.508696794509888}, "costs": {"total_cost": 4306.504674283448, "time_cost": 150, "final_distance_cost": 468.6787640850107, "oscillation_cost": 867.4689868994678, "completition_cost": 1000.0, "overshoot_cost": 1595.1792140407297, "power_cost": 57.38463649902344, "noise_cost": 167.79307275921633, "n_waypoints_completed": 0, "tot_waypoints": 9}}
{"target": -1251.3344879494973, "params": {"k_pid_pos": [1.9545512199401855, 0.9891728162765503, 0.8709133863449097], "k_pid_alt": [1.8957594633102417, 0.9378483295440674, 0.9507707953453064], "k_pid_att": [2.989518642425537, 9.999999747378752e-05, 0.0], "k_pid_yaw": [0.5, 1e-06, 0.1], "k_pid_hsp": [10.0, 0.0, 0.0], "k_pid_vsp": [400.0, 387.6753234863281, 383.8805236816406]}, "datetime": {"datetime": "2025-08-12 00:10:52", "elapsed": 27931.780332565308, "delta": 30.23090362548828}, "costs": {"total_cost": 1251.3344879494973, "time_cost": 150, "final_distance_cost": 41.77834400339749, "oscillation_cost": 371.5144407108401, "completition_cost": 555.5555555555555, "overshoot_cost": 72.47392869306829, "power_cost": 32.475222192382816, "noise_cost": 27.536996794253344, "n_waypoints_completed": 4, "tot_waypoints": 9}}
{"target": -4845.2727857653645, "params": {"k_pid_pos": [2.0, 0.9956209659576416, 1.0], "k_pid_alt": [1.9664244651794434, 0.9498806595802307, 0.9551900029182434], "k_pid_att": [0.0, 0.7464959025382996, 0.026118695735931396], "k_pid_yaw": [0.5, 1e-06, 0.1], "k_pid_hsp": [10.0, 0.024465948343276978, 0.028236329555511475], "k_pid_vsp": [396.6963195800781, 400.0, 378.9924621582031]}, "datetime": {"datetime": "2025-08-12 00:11:24", "elapsed": 27963.74622941017, "delta": 31.96589684486389}, "costs": {"total_cost": 4845.2727857653645, "time_cost": 150, "final_distance_cost": 311.5619621409708, "oscillation_cost": 2075.7184029571613, "completition_cost": 1000.0, "overshoot_cost": 1077.736233184233, "power_cost": 57.22510250244141, "noise_cost": 173.03108498055713, "n_waypoints_completed": 0, "tot_waypoints": 9}}
{"target": -8189.30219515355, "params": {"k_pid_pos": [1.9806452989578247, 0.9278973340988159, 0.9846630692481995], "k_pid_alt": [1.9865285158157349, 1.0, 0.9726314544677734], "k_pid_att": [0.0, 9.999999747378752e-05, 0.0], "k_pid_yaw": [0.5, 1e-06, 0.1], "k_pid_hsp": [9.2820463180542, 0.006513684988021851, 0.011791050434112549], "k_pid_vsp": [355.6837463378906, 400.0, 380.75091552734375]}, "datetime": {"datetime": "2025-08-12 00:11:55", "elapsed": 27995.320640325546, "delta": 31.574410915374756}, "costs": {"total_cost": 8189.30219515355, "time_cost": 150, "final_distance_cost": 858.6963406214195, "oscillation_cost": 14.58709868988042, "completition_cost": 1000.0, "overshoot_cost": 6023.8102895526845, "power_cost": 44.3131750366211, "noise_cost": 97.89529125294445, "n_waypoints_completed": 0, "tot_waypoints": 9}}
{"target": -1411.4878782695973, "params": {"k_pid_pos": [1.941819429397583, 1.0, 1.0], "k_pid_alt": [2.0, 0.9627026319503784, 1.0], "k_pid_att": [2.803251266479492, 0.38013896346092224, 0.0], "k_pid_yaw": [0.5, 1e-06, 0.1], "k_pid_hsp": [10.0, 0.08243468403816223, 0.0], "k_pid_vsp": [393.9560546875, 400.0, 400.0]}, "datetime": {"datetime": "2025-08-12 00:12:29", "elapsed": 28029.32531929016, "delta": 34.00467896461487}, "costs": {"total_cost": 1411.4878782695973, "time_cost": 150, "final_distance_cost": 79.5773771138127, "oscillation_cost": 388.79862731124183, "completition_cost": 666.6666666666667, "overshoot_cost": 67.87234401361418, "power_cost": 31.520366235351563, "noise_cost": 27.052496928910298, "n_waypoints_completed": 3, "tot_waypoints": 9}}
{"target": -12206.06361134903, "params": {"k_pid_pos": [1.869489073753357, 0.9763834476470947, 1.0], "k_pid_alt": [1.9887357950210571, 0.9457892179489136, 0.9626985192298889], "k_pid_att": [0.0, 0.4137374758720398, 0.036944806575775146], "k_pid_yaw": [0.5, 1e-06, 0.1], "k_pid_hsp": [9.936068534851074, 0.043930381536483765, 0.0], "k_pid_vsp": [388.9425354003906, 393.9377136230469, 400.0]}, "datetime": {"datetime": "2025-08-12 00:13:01", "elapsed": 28061.281334638596, "delta": 31.95601534843445}, "costs": {"total_cost": 12206.06361134903, "time_cost": 150, "final_distance_cost": 3995.1440479109037, "oscillation_cost": 1639.95939598189, "completition_cost": 1000.0, "overshoot_cost": 5191.135739087418, "power_cost": 57.746186071777345, "noise_cost": 172.07824229704062, "n_waypoints_completed": 0, "tot_waypoints": 9}}
{"target": -1835.4422347886596, "params": {"k_pid_pos": [2.0, 1.0, 0.981960654258728], "k_pid_alt": [2.0, 1.0, 1.0], "k_pid_att": [6.846630573272705, 9.999999747378752e-05, 0.020424842834472656], "k_pid_yaw": [0.5, 1e-06, 0.1], "k_pid_hsp": [9.788951873779297, 0.0, 0.0], "k_pid_vsp": [367.64410400390625, 400.0, 362.672607421875]}, "datetime": {"datetime": "2025-08-12 00:13:35", "elapsed": 28095.018735408783, "delta": 33.73740077018738}, "costs": {"total_cost": 1835.4422347886596, "time_cost": 150, "final_distance_cost": 20.353250207390538, "oscillation_cost": 506.1950584336431, "completition_cost": 1000.0, "overshoot_cost": 100.18065220596293, "power_cost": 30.89158513183594, "noise_cost": 27.821688809827158, "n_waypoints_completed": 0, "tot_waypoints": 9}}
{"target": -5772.603369294613, "params": {"k_pid_pos": [2.0, 1.0, 0.9851779937744141], "k_pid_alt": [1.9761730432510376, 1.0, 0.9780182838439941], "k_pid_att": [0.0, 1.2170766592025757, 0.0], "k_pid_yaw": [0.5, 1e-06, 0.1], "k_pid_hsp": [10.0, 0.018806636333465576, 0.0], "k_pid_vsp": [400.0, 381.1248779296875, 392.8564453125]}, "datetime": {"datetime": "2025-08-12 00:14:09", "elapsed": 28128.934755802155, "delta": 33.91602039337158}, "costs": {"total_cost": 5772.603369294613, "time_cost": 150, "final_distance_cost": 1226.4931106467086, "oscillation_cost": 2208.2888564612026, "completition_cost": 1000.0, "overshoot_cost": 954.4715059593325, "power_cost": 58.06960307617188, "noise_cost": 175.28029315119704, "n_waypoints_completed": 0, "tot_waypoints": 9}}
{"target": -1623.234928625696, "params": {"k_pid_pos": [1.915066123008728, 0.9019124507904053, 0.9732363820075989], "k_pid_alt": [2.0, 0.9879341125488281, 0.9410935640335083], "k_pid_att": [1.1930376291275024, 0.3194894790649414, 0.01706811785697937], "k_pid_yaw": [0.5, 1e-06, 0.1], "k_pid_hsp": [9.317806243896484, 0.0001424849033355713, 0.0], "k_pid_vsp": [387.4374084472656, 400.0, 386.4697570800781]}, "datetime": {"datetime": "2025-08-12 00:14:39", "elapsed": 28158.84374332428, "delta": 29.908987522125244}, "costs": {"total_cost": 1623.234928625696, "time_cost": 150, "final_distance_cost": 16.784364742781985, "oscillation_cost": 285.8738870647706, "completition_cost": 1000.0, "overshoot_cost": 113.10484540032606, "power_cost": 30.959322875976564, "noise_cost": 26.512508541841072, "n_waypoints_completed": 0, "tot_waypoints": 9}}
