{"target": -1687.255433570966, "params": {"k_pid_pos": [1.9565331935882568, 0.9700638055801392, 0.9791193008422852], "k_pid_alt": [1.9723981618881226, 0.9765284657478333, 1.0], "k_pid_att": [1.739838719367981, 9.999999747378752e-05, 0.0], "k_pid_yaw": [0.5, 1e-06, 0.1], "k_pid_hsp": [10.0, 0.0, 0.0], "k_pid_vsp": [384.9906311035156, 386.6194152832031, 400.0]}, "datetime": {"datetime": "2025-08-12 02:08:12", "elapsed": 34971.475017786026, "delta": 31.157068014144897}, "costs": {"total_cost": 1687.255433570966, "time_cost": 150, "final_distance_cost": 18.682366760980884, "oscillation_cost": 340.9449434693968, "completition_cost": 1000.0, "overshoot_cost": 119.8159646216894, "power_cost": 31.469927966308596, "noise_cost": 26.34223075259041, "n_waypoints_completed": 0, "tot_waypoints": 9}}
{"target": -4048.5331017106437, "params": {"k_pid_pos": [1.9061695337295532, 0.9760535955429077, 0.959875226020813], "k_pid_alt": [2.0, 0.9231439232826233, 0.9742468595504761], "k_pid_att": [0.0, 0.11703480035066605, 0.015503883361816406], "k_pid_yaw": [0.5, 1e-06, 0.1], "k_pid_hsp": [9.996596336364746, 0.0, 0.0684521496295929], "k_pid_vsp": [370.13946533203125, 379.9172058105469, 394.20941162109375]}, "datetime": {"datetime": "2025-08-12 02:08:42", "elapsed": 35001.83661532402, "delta": 30.361597537994385}, "costs": {"total_cost": 4048.5331017106437, "time_cost": 150, "final_distance_cost": 433.88966827342836, "oscillation_cost": 763.4351712665164, "completition_cost": 1000.0, "overshoot_cost": 1476.1831103279308, "power_cost": 57.42651197509766, "noise_cost": 167.59863986767118, "n_waypoints_completed": 0, "tot_waypoints": 9}}
{"target": -3685.9575913181993, "params": {"k_pid_pos": [1.9166258573532104, 1.0, 0.9757732152938843], "k_pid_alt": [1.9889333248138428, 1.0, 0.8458653688430786], "k_pid_att": [0.0, 0.24188144505023956, 0.0], "k_pid_yaw": [0.5, 1e-06, 0.1], "k_pid_hsp": [10.0, 0.02935314178466797, 0.024204254150390625], "k_pid_vsp": [381.6952209472656, 384.29901123046875, 400.0]}, "datetime": {"datetime": "2025-08-12 02:09:13", "elapsed": 35032.667375564575, "delta": 30.83076024055481}, "costs": {"total_cost": 3685.9575913181993, "time_cost": 150, "final_distance_cost": 255.5491171149701, "oscillation_cost": 1238.166210949136, "completition_cost": 1000.0, "overshoot_cost": 813.9764154039063, "power_cost": 57.25515147705078, "noise_cost": 171.01069637313654, "n_waypoints_completed": 0, "tot_waypoints": 9}}
{"target": -8113.378655921716, "params": {"k_pid_pos": [2.0, 0.9819656610488892, 1.0], "k_pid_alt": [1.759060025215149, 0.9929266571998596, 0.9471431970596313], "k_pid_att": [0.0, 9.999999747378752e-05, 0.0], "k_pid_yaw": [0.5, 1e-06, 0.1], "k_pid_hsp": [10.0, 0.0, 0.0], "k_pid_vsp": [400.0, 400.0, 394.6858215332031]}, "datetime": {"datetime": "2025-08-12 02:09:43", "elapsed": 35063.16900038719, "delta": 30.501624822616577}, "costs": {"total_cost": 8113.378655921716, "time_cost": 150, "final_distance_cost": 1015.4108572811731, "oscillation_cost": 14.919462765913595, "completition_cost": 1000.0, "overshoot_cost": 5797.972828701345, "power_cost": 44.60214089355469, "noise_cost": 90.47336627972953, "n_waypoints_completed": 0, "tot_waypoints": 9}}
{"target": -8122.253623559443, "params": {"k_pid_pos": [1.8950695991516113, 1.0, 1.0], "k_pid_alt": [2.0, 1.0, 1.0], "k_pid_att": [0.0, 9.999999747378752e-05, 0.0], "k_pid_yaw": [0.5, 1e-06, 0.1], "k_pid_hsp": [10.0, 0.0, 0.0], "k_pid_vsp": [400.0, 398.4164733886719, 400.0]}, "datetime": {"datetime": "2025-08-12 02:10:13", "elapsed": 35093.07386159897, "delta": 29.904861211776733}, "costs": {"total_cost": 8122.253623559443, "time_cost": 150, "final_distance_cost": 929.1036483164685, "oscillation_cost": 14.82565695285426, "completition_cost": 1000.0, "overshoot_cost": 5890.41289564618, "power_cost": 44.45344448242188, "noise_cost": 93.45797816151861, "n_waypoints_completed": 0, "tot_waypoints": 9}}
{"target": -13784.486749234062, "params": {"k_pid_pos": [2.0, 0.967007040977478, 0.9734026193618774], "k_pid_alt": [1.854080080986023, 0.9451284408569336, 0.9928081035614014], "k_pid_att": [0.0, 0.724714457988739, 0.0], "k_pid_yaw": [0.5, 1e-06, 0.1], "k_pid_hsp": [9.752164840698242, 0.07291167974472046, 0.07117703557014465], "k_pid_vsp": [400.0, 395.6107482910156, 400.0]}, "datetime": {"datetime": "2025-08-12 02:10:44", "elapsed": 35123.968456983566, "delta": 30.89459538459778}, "costs": {"total_cost": 13784.486749234062, "time_cost": 150, "final_distance_cost": 4576.523319922425, "oscillation_cost": 2231.8989075375625, "completition_cost": 1000.0, "overshoot_cost": 5592.744085763566, "power_cost": 57.576562463378906, "noise_cost": 175.74387354713164, "n_waypoints_completed": 0, "tot_waypoints": 9}}
{"target": -1313.2456676525721, "params": {"k_pid_pos": [1.8788694143295288, 1.0, 0.8934489488601685], "k_pid_alt": [1.9768846035003662, 0.9846314787864685, 0.9787307977676392], "k_pid_att": [2.2235512733459473, 9.999999747378752e-05, 0.0], "k_pid_yaw": [0.5, 1e-06, 0.1], "k_pid_hsp": [10.0, 0.0, 0.10847297310829163], "k_pid_vsp": [398.8449401855469, 396.6412048339844, 400.0]}, "datetime": {"datetime": "2025-08-12 02:11:17", "elapsed": 35156.398433446884, "delta": 32.42997646331787}, "costs": {"total_cost": 1313.2456676525721, "time_cost": 150, "final_distance_cost": 53.22810824074617, "oscillation_cost": 315.3753584384349, "completition_cost": 666.6666666666667, "overshoot_cost": 65.68749845621613, "power_cost": 33.25475098876953, "noise_cost": 29.033284861738597, "n_waypoints_completed": 3, "tot_waypoints": 9}}
{"target": -1299.6009325220125, "params": {"k_pid_pos": [2.0, 1.0, 0.9814473390579224], "k_pid_alt": [2.0, 1.0, 1.0], "k_pid_att": [5.315214157104492, 0.05536487326025963, 0.021345019340515137], "k_pid_yaw": [0.5, 1e-06, 0.1], "k_pid_hsp": [9.956863403320312, 0.039493292570114136, 0.07678115367889404], "k_pid_vsp": [392.947265625, 381.65545654296875, 400.0]}, "datetime": {"datetime": "2025-08-12 02:11:48", "elapsed": 35187.57098245621, "delta": 31.17254900932312}, "costs": {"total_cost": 1299.6009325220125, "time_cost": 150, "final_distance_cost": 44.043881080452636, "oscillation_cost": 422.99044799683844, "completition_cost": 555.5555555555555, "overshoot_cost": 64.41373487952555, "power_cost": 32.821853771972656, "noise_cost": 29.775459237667846, "n_waypoints_completed": 4, "tot_waypoints": 9}}
{"target": -1829.7142461127119, "params": {"k_pid_pos": [2.0, 0.892196774482727, 1.0], "k_pid_alt": [2.0, 1.0, 1.0], "k_pid_att": [0.22307932376861572, 0.5146510601043701, 0.0], "k_pid_yaw": [0.5, 1e-06, 0.1], "k_pid_hsp": [9.10462474822998, 0.0, 0.008787781000137329], "k_pid_vsp": [400.0, 385.2201843261719, 388.05023193359375]}, "datetime": {"datetime": "2025-08-12 02:12:19", "elapsed": 35219.00039291382, "delta": 31.429410457611084}, "costs": {"total_cost": 1829.7142461127119, "time_cost": 150, "final_distance_cost": 17.698683825520547, "oscillation_cost": 294.07161699627795, "completition_cost": 1000.0, "overshoot_cost": 163.64917937534355, "power_cost": 57.870019262695315, "noise_cost": 146.42474665287446, "n_waypoints_completed": 0, "tot_waypoints": 9}}
{"target": -1055.8855517968511, "params": {"k_pid_pos": [1.9602795839309692, 1.0, 1.0], "k_pid_alt": [2.0, 0.9715052247047424, 1.0], "k_pid_att": [0.12643635272979736, 9.999999747378752e-05, 0.04679626226425171], "k_pid_yaw": [0.5, 1e-06, 0.1], "k_pid_hsp": [9.715866088867188, 0.0, 0.0], "k_pid_vsp": [400.0, 398.6122131347656, 400.0]}, "datetime": {"datetime": "2025-08-12 02:12:50", "elapsed": 35250.126440525055, "delta": 31.126047611236572}, "costs": {"total_cost": 1055.8855517968511, "time_cost": 150, "final_distance_cost": 53.032757779659555, "oscillation_cost": 40.5200231426727, "completition_cost": 666.6666666666667, "overshoot_cost": 82.63608701584461, "power_cost": 31.988370129394532, "noise_cost": 31.041647062613087, "n_waypoints_completed": 3, "tot_waypoints": 9}}
{"target": -9152.043295632075, "params": {"k_pid_pos": [2.0, 0.9635681509971619, 0.9863511919975281], "k_pid_alt": [2.0, 0.9192981719970703, 1.0], "k_pid_att": [0.0, 0.44794991612434387, 0.0201663076877594], "k_pid_yaw": [0.5, 1e-06, 0.1], "k_pid_hsp": [9.541604042053223, 0.0, 0.04606369137763977], "k_pid_vsp": [378.22625732421875, 384.2284240722656, 363.4343566894531]}, "datetime": {"datetime": "2025-08-12 02:13:20", "elapsed": 35280.3362467289, "delta": 30.209806203842163}, "costs": {"total_cost": 9152.043295632075, "time_cost": 150, "final_distance_cost": 2903.4340896641356, "oscillation_cost": 1710.8968750662646, "completition_cost": 1000.0, "overshoot_cost": 3156.624856037165, "power_cost": 57.88718098144532, "noise_cost": 173.20029388306492, "n_waypoints_completed": 0, "tot_waypoints": 9}}
{"target": -840.2117602842601, "params": {"k_pid_pos": [1.9299966096878052, 0.9637579917907715, 1.0], "k_pid_alt": [1.8382859230041504, 1.0, 1.0], "k_pid_att": [0.7769942283630371, 9.999999747378752e-05, 0.0], "k_pid_yaw": [0.5, 1e-06, 0.1], "k_pid_hsp": [9.245221138000488, 0.0, 0.0], "k_pid_vsp": [400.0, 400.0, 397.46063232421875]}, "datetime": {"datetime": "2025-08-12 02:13:51", "elapsed": 35310.90791320801, "delta": 30.571666479110718}, "costs": {"total_cost": 840.2117602842601, "time_cost": 150, "final_distance_cost": 61.994908695789846, "oscillation_cost": 159.66493873331976, "completition_cost": 333.33333333333337, "overshoot_cost": 71.8806115343912, "power_cost": 33.33607095947266, "noise_cost": 30.001897027953355, "n_waypoints_completed": 6, "tot_waypoints": 9}}
{"target": -1207.7794952061226, "params": {"k_pid_pos": [2.0, 1.0, 1.0], "k_pid_alt": [1.8945403099060059, 1.0, 0.9799140691757202], "k_pid_att": [1.663157343864441, 0.5028408169746399, 0.0], "k_pid_yaw": [0.5, 1e-06, 0.1], "k_pid_hsp": [10.0, 0.0391177237033844, 0.0], "k_pid_vsp": [396.61322021484375, 400.0, 392.8339538574219]}, "datetime": {"datetime": "2025-08-12 02:14:22", "elapsed": 35341.87289953232, "delta": 30.964986324310303}, "costs": {"total_cost": 1207.7794952061226, "time_cost": 150, "final_distance_cost": 50.44727681912356, "oscillation_cost": 318.1955536816433, "completition_cost": 555.5555555555555, "overshoot_cost": 74.02056779671635, "power_cost": 32.180550646972655, "noise_cost": 27.37999070611142, "n_waypoints_completed": 4, "tot_waypoints": 9}}
{"target": -7198.381470659418, "params": {"k_pid_pos": [1.9672363996505737, 1.0, 1.0], "k_pid_alt": [2.0, 1.0, 0.9936889410018921], "k_pid_att": [0.0, 9.999999747378752e-05, 0.001530289649963379], "k_pid_yaw": [0.5, 1e-06, 0.1], "k_pid_hsp": [9.753849983215332, 0.02450352907180786, 0.0012151896953582764], "k_pid_vsp": [381.6736145019531, 365.8007507324219, 400.0]}, "datetime": {"datetime": "2025-08-12 02:14:54", "elapsed": 35373.60657930374, "delta": 31.73367977142334}, "costs": {"total_cost": 7198.381470659418, "time_cost": 150, "final_distance_cost": 1160.01966413163, "oscillation_cost": 13.308091217379532, "completition_cost": 1000.0, "overshoot_cost": 4739.312672330747, "power_cost": 45.77433996582032, "noise_cost": 89.96670301384036, "n_waypoints_completed": 0, "tot_waypoints": 9}}
{"target": -1865.6422858047767, "params": {"k_pid_pos": [2.0, 0.9250518679618835, 1.0], "k_pid_alt": [1.9347915649414062, 0.9875051975250244, 0.9859904646873474], "k_pid_att": [5.493015289306641, 9.999999747378752e-05, 0.0], "k_pid_yaw": [0.5, 1e-06, 0.1], "k_pid_hsp": [10.0, 0.004093736410140991, 0.0], "k_pid_vsp": [344.86981201171875, 378.76043701171875, 395.6466064453125]}, "datetime": {"datetime": "2025-08-12 02:15:25", "elapsed": 35404.64436864853, "delta": 31.037789344787598}, "costs": {"total_cost": 1865.6422858047767, "time_cost": 150, "final_distance_cost": 40.23292157525668, "oscillation_cost": 523.685717725213, "completition_cost": 1000.0, "overshoot_cost": 93.21662625619572, "power_cost": 30.633674816894533, "noise_cost": 27.8733454312168, "n_waypoints_completed": 0, "tot_waypoints": 9}}
{"target": -5586.963645314569, "params": {"k_pid_pos": [2.0, 0.9982893466949463, 0.969401478767395], "k_pid_alt": [2.0, 1.0, 1.0], "k_pid_att": [0.0, 9.999999747378752e-05, 0.028445690870285034], "k_pid_yaw": [0.5, 1e-06, 0.1], "k_pid_hsp": [9.152887344360352, 0.08839201927185059, 0.0], "k_pid_vsp": [400.0, 385.334716796875, 385.5990905761719]}, "datetime": {"datetime": "2025-08-12 02:15:56", "elapsed": 35435.46678972244, "delta": 30.822421073913574}, "costs": {"total_cost": 5586.963645314569, "time_cost": 150, "final_distance_cost": 1490.5001855863409, "oscillation_cost": 6.107514057663609, "completition_cost": 1000.0, "overshoot_cost": 2848.6003056144355, "power_cost": 31.403119921875003, "noise_cost": 60.352520134253986, "n_waypoints_completed": 0, "tot_waypoints": 9}}
{"target": -1364.0983480642208, "params": {"k_pid_pos": [1.9382350444793701, 0.9919893741607666, 0.896589994430542], "k_pid_alt": [1.873896837234497, 1.0, 0.9232144951820374], "k_pid_att": [7.698330402374268, 9.999999747378752e-05, 0.0], "k_pid_yaw": [0.5, 1e-06, 0.1], "k_pid_hsp": [9.664963722229004, 0.0061266422271728516, 0.0], "k_pid_vsp": [400.0, 400.0, 394.573486328125]}, "datetime": {"datetime": "2025-08-12 02:16:27", "elapsed": 35466.491540670395, "delta": 31.02475094795227}, "costs": {"total_cost": 1364.0983480642208, "time_cost": 150, "final_distance_cost": 42.9448907838258, "oscillation_cost": 480.75115038120174, "completition_cost": 555.5555555555555, "overshoot_cost": 73.36074697079258, "power_cost": 31.971033825683595, "noise_cost": 29.51497054716131, "n_waypoints_completed": 4, "tot_waypoints": 9}}
{"target": -833.029099872943, "params": {"k_pid_pos": [1.9753615856170654, 0.9728471040725708, 1.0], "k_pid_alt": [1.9732146263122559, 0.9017581939697266, 1.0], "k_pid_att": [0.6922245025634766, 9.999999747378752e-05, 0.0], "k_pid_yaw": [0.5, 1e-06, 0.1], "k_pid_hsp": [10.0, 0.023968905210494995, 0.0], "k_pid_vsp": [400.0, 361.9056701660156, 353.1279602050781]}, "datetime": {"datetime": "2025-08-12 02:16:58", "elapsed": 35497.81797480583, "delta": 31.32643413543701}, "costs": {"total_cost": 833.029099872943, "time_cost": 150, "final_distance_cost": 67.89852190289712, "oscillation_cost": 150.9174413664548, "completition_cost": 333.33333333333337, "overshoot_cost": 67.12259832893697, "power_cost": 33.74746328125, "noise_cost": 30.009741660070592, "n_waypoints_completed": 6, "tot_waypoints": 9}}
{"target": -1401.1427333430656, "params": {"k_pid_pos": [2.0, 0.9502192735671997, 1.0], "k_pid_alt": [2.0, 0.938305139541626, 1.0], "k_pid_att": [2.5608510971069336, 0.7256353497505188, 0.0], "k_pid_yaw": [0.5, 1e-06, 0.1], "k_pid_hsp": [9.875349044799805, 0.017094671726226807, 0.0], "k_pid_vsp": [389.8968811035156, 394.3549499511719, 400.0]}, "datetime": {"datetime": "2025-08-12 02:17:29", "elapsed": 35528.81139206886, "delta": 30.993417263031006}, "costs": {"total_cost": 1401.1427333430656, "time_cost": 150, "final_distance_cost": 61.77812360096621, "oscillation_cost": 391.6531846181091, "completition_cost": 666.6666666666667, "overshoot_cost": 72.23909978558605, "power_cost": 31.709395654296877, "noise_cost": 27.0962630174407, "n_waypoints_completed": 3, "tot_waypoints": 9}}
{"target": -1329.3901948684306, "params": {"k_pid_pos": [1.9857075214385986, 0.975501537322998, 1.0], "k_pid_alt": [1.9988024234771729, 1.0, 0.958728551864624], "k_pid_att": [2.033266544342041, 9.999999747378752e-05, 0.000615537166595459], "k_pid_yaw": [0.5, 1e-06, 0.1], "k_pid_hsp": [9.399513244628906, 0.0, 0.042753368616104126], "k_pid_vsp": [400.0, 392.1885986328125, 400.0]}, "datetime": {"datetime": "2025-08-12 02:18:00", "elapsed": 35560.308559417725, "delta": 31.497167348861694}, "costs": {"total_cost": 1329.3901948684306, "time_cost": 150, "final_distance_cost": 54.20197059299156, "oscillation_cost": 323.02724206904765, "completition_cost": 666.6666666666667, "overshoot_cost": 74.6827318232816, "power_cost": 32.439399743652345, "noise_cost": 28.372183972790644, "n_waypoints_completed": 3, "tot_waypoints": 9}}
{"target": -5383.835207328518, "params": {"k_pid_pos": [1.8869894742965698, 0.9740879535675049, 1.0], "k_pid_alt": [1.8961865901947021, 1.0, 1.0], "k_pid_att": [0.0, 0.15769250690937042, 0.01609063148498535], "k_pid_yaw": [0.5, 1e-06, 0.1], "k_pid_hsp": [10.0, 0.011167705059051514, 0.01389700174331665], "k_pid_vsp": [400.0, 378.333984375, 387.6647033691406]}, "datetime": {"datetime": "2025-08-12 02:18:31", "elapsed": 35591.13767814636, "delta": 30.829118728637695}, "costs": {"total_cost": 5383.835207328518, "time_cost": 150, "final_distance_cost": 841.8948840233444, "oscillation_cost": 837.4335010263271, "completition_cost": 1000.0, "overshoot_cost": 2331.469808154857, "power_cost": 57.21080026855469, "noise_cost": 165.82621385543464, "n_waypoints_completed": 0, "tot_waypoints": 9}}
{"target": -1336.407556816202, "params": {"k_pid_pos": [1.8864221572875977, 0.9754247665405273, 1.0], "k_pid_alt": [2.0, 0.9896787405014038, 1.0], "k_pid_att": [6.91813850402832, 9.999999747378752e-05, 0.04106408357620239], "k_pid_yaw": [0.5, 1e-06, 0.1], "k_pid_hsp": [9.340226173400879, 0.04926174879074097, 0.04574444890022278], "k_pid_vsp": [400.0, 345.9619445800781, 400.0]}, "datetime": {"datetime": "2025-08-12 02:19:02", "elapsed": 35621.462393283844, "delta": 30.32471513748169}, "costs": {"total_cost": 1336.407556816202, "time_cost": 150, "final_distance_cost": 47.33698330741929, "oscillation_cost": 447.0948449967434, "completition_cost": 555.5555555555555, "overshoot_cost": 73.09689027236365, "power_cost": 33.139613134765625, "noise_cost": 30.183669549354477, "n_waypoints_completed": 4, "tot_waypoints": 9}}
{"target": -1709.819229294516, "params": {"k_pid_pos": [1.732306718826294, 0.944747805595398, 0.9619377851486206], "k_pid_alt": [2.0, 1.0, 0.9613558053970337], "k_pid_att": [2.4492859840393066, 0.3050161302089691, 0.010462850332260132], "k_pid_yaw": [0.5, 1e-06, 0.1], "k_pid_hsp": [10.0, 0.03710728883743286, 0.008238285779953003], "k_pid_vsp": [400.0, 386.1966247558594, 400.0]}, "datetime": {"datetime": "2025-08-12 02:19:32", "elapsed": 35651.7088701725, "delta": 30.246476888656616}, "costs": {"total_cost": 1709.819229294516, "time_cost": 150, "final_distance_cost": 41.82952848729666, "oscillation_cost": 383.421437553817, "completition_cost": 1000.0, "overshoot_cost": 76.4869376452921, "power_cost": 31.396027673339844, "noise_cost": 26.6852979347702, "n_waypoints_completed": 0, "tot_waypoints": 9}}
{"target": -8071.927225846091, "params": {"k_pid_pos": [2.0, 1.0, 1.0], "k_pid_alt": [1.949876308441162, 0.9519034624099731, 1.0], "k_pid_att": [0.0, 9.999999747378752e-05, 0.0], "k_pid_yaw": [0.5, 1e-06, 0.1], "k_pid_hsp": [10.0, 0.08972778916358948, 0.03833913803100586], "k_pid_vsp": [400.0, 400.0, 399.02545166015625]}, "datetime": {"datetime": "2025-08-12 02:20:02", "elapsed": 35682.25761389732, "delta": 30.548743724822998}, "costs": {"total_cost": 8071.927225846091, "time_cost": 150, "final_distance_cost": 895.0378839377262, "oscillation_cost": 14.836679018013013, "completition_cost": 1000.0, "overshoot_cost": 5873.420197796352, "power_cost": 44.87888869628907, "noise_cost": 93.75357639771005, "n_waypoints_completed": 0, "tot_waypoints": 9}}
{"target": -4956.317200635711, "params": {"k_pid_pos": [2.0, 0.9709222912788391, 0.8783835172653198], "k_pid_alt": [2.0, 1.0, 0.9884024858474731], "k_pid_att": [0.0, 0.028647955507040024, 0.0], "k_pid_yaw": [0.5, 1e-06, 0.1], "k_pid_hsp": [8.714547157287598, 0.11158943176269531, 0.0], "k_pid_vsp": [400.0, 400.0, 391.3134765625]}, "datetime": {"datetime": "2025-08-12 02:20:34", "elapsed": 35713.57201695442, "delta": 31.31440305709839}, "costs": {"total_cost": 4956.317200635711, "time_cost": 150, "final_distance_cost": 821.237734481667, "oscillation_cost": 361.8726469173918, "completition_cost": 1000.0, "overshoot_cost": 2410.1804202468606, "power_cost": 57.21541145019531, "noise_cost": 155.81098753959688, "n_waypoints_completed": 0, "tot_waypoints": 9}}
{"target": -1413.33089827303, "params": {"k_pid_pos": [1.8929790258407593, 1.0, 0.9652033448219299], "k_pid_alt": [2.0, 1.0, 0.9469199180603027], "k_pid_att": [2.5419652462005615, 0.5656452775001526, 0.0], "k_pid_yaw": [0.5, 1e-06, 0.1], "k_pid_hsp": [9.301823616027832, 0.0, 0.0], "k_pid_vsp": [400.0, 392.4673156738281, 400.0]}, "datetime": {"datetime": "2025-08-12 02:21:04", "elapsed": 35744.02410984039, "delta": 30.45209288597107}, "costs": {"total_cost": 1413.33089827303, "time_cost": 150, "final_distance_cost": 63.3568491744421, "oscillation_cost": 399.84486102560726, "completition_cost": 666.6666666666667, "overshoot_cost": 73.19238429266113, "power_cost": 32.70376911621094, "noise_cost": 27.56636799744174, "n_waypoints_completed": 3, "tot_waypoints": 9}}
{"target": -1158.3275064897207, "params": {"k_pid_pos": [1.8528831005096436, 1.0, 1.0], "k_pid_alt": [1.7713606357574463, 1.0, 1.0], "k_pid_att": [9.291017532348633, 1.0981746912002563, 0.0], "k_pid_yaw": [0.5, 1e-06, 0.1], "k_pid_hsp": [9.825560569763184, 0.015613973140716553, 0.03236928582191467], "k_pid_vsp": [373.25628662109375, 400.0, 392.1921691894531]}, "datetime": {"datetime": "2025-08-12 02:21:37", "elapsed": 35776.4131860733, "delta": 32.389076232910156}, "costs": {"total_cost": 1158.3275064897207, "time_cost": 150, "final_distance_cost": 64.02131507689984, "oscillation_cost": 484.9594550829681, "completition_cost": 333.33333333333337, "overshoot_cost": 64.0897317163587, "power_cost": 32.146418762207034, "noise_cost": 29.777252517953528, "n_waypoints_completed": 6, "tot_waypoints": 9}}
