{"target": -990.8668296638511, "params": {"k_pid_pos": [2.0, 1.0, 1.0], "k_pid_alt": [2.0, 1.0, 1.0], "k_pid_att": [0.20218193531036377, 0.04469873011112213, 0.0], "k_pid_yaw": [0.5, 1e-06, 0.1], "k_pid_hsp": [9.919998168945312, 0.0, 0.0], "k_pid_vsp": [377.9354553222656, 400.0, 391.01373291015625]}, "datetime": {"datetime": "2025-08-12 06:13:00", "elapsed": 49660.04009127617, "delta": 33.69421625137329}, "costs": {"total_cost": 990.8668296638511, "time_cost": 150, "final_distance_cost": 51.21630723769514, "oscillation_cost": 101.19912743507274, "completition_cost": 555.5555555555555, "overshoot_cost": 66.00712323550457, "power_cost": 36.31808068847656, "noise_cost": 30.570635511546566, "n_waypoints_completed": 4, "tot_waypoints": 9}}
{"target": -1082.2354838425963, "params": {"k_pid_pos": [2.0, 1.0, 1.0], "k_pid_alt": [1.9768402576446533, 1.0, 0.9576313495635986], "k_pid_att": [4.537862777709961, 9.999999747378752e-05, 0.0], "k_pid_yaw": [0.5, 1e-06, 0.1], "k_pid_hsp": [10.0, 0.0, 0.04913604259490967], "k_pid_vsp": [400.0, 399.2522277832031, 382.5986328125]}, "datetime": {"datetime": "2025-08-12 06:13:31", "elapsed": 49690.67200565338, "delta": 30.631914377212524}, "costs": {"total_cost": 1082.2354838425963, "time_cost": 150, "final_distance_cost": 65.28567638804937, "oscillation_cost": 402.8573495330817, "completition_cost": 333.33333333333337, "overshoot_cost": 66.9619291913507, "power_cost": 33.74780109863281, "noise_cost": 30.049394298148325, "n_waypoints_completed": 6, "tot_waypoints": 9}}
{"target": -4076.784738036643, "params": {"k_pid_pos": [1.9452462196350098, 1.0, 0.9663457870483398], "k_pid_alt": [1.9103467464447021, 1.0, 1.0], "k_pid_att": [0.0, 0.2188739776611328, 4.884600639343262e-05], "k_pid_yaw": [0.5, 1e-06, 0.1], "k_pid_hsp": [10.0, 0.0, 0.0], "k_pid_vsp": [400.0, 400.0, 400.0]}, "datetime": {"datetime": "2025-08-12 06:14:02", "elapsed": 49722.33970141411, "delta": 31.66769576072693}, "costs": {"total_cost": 4076.784738036643, "time_cost": 150, "final_distance_cost": 396.31071228184004, "oscillation_cost": 1093.700320671462, "completition_cost": 1000.0, "overshoot_cost": 1209.1014625480668, "power_cost": 57.47149598388672, "noise_cost": 170.20074655138777, "n_waypoints_completed": 0, "tot_waypoints": 9}}
{"target": -8054.08269337939, "params": {"k_pid_pos": [2.0, 1.0, 1.0], "k_pid_alt": [2.0, 0.9923536777496338, 1.0], "k_pid_att": [0.0, 9.999999747378752e-05, 0.0], "k_pid_yaw": [0.5, 1e-06, 0.1], "k_pid_hsp": [10.0, 0.0, 0.0], "k_pid_vsp": [393.733642578125, 400.0, 388.271484375]}, "datetime": {"datetime": "2025-08-12 06:14:34", "elapsed": 49753.87085771561, "delta": 31.531156301498413}, "costs": {"total_cost": 8054.08269337939, "time_cost": 150, "final_distance_cost": 1038.354884353867, "oscillation_cost": 14.951713633330444, "completition_cost": 1000.0, "overshoot_cost": 5715.729318313645, "power_cost": 44.71667878417969, "noise_cost": 90.33009829436772, "n_waypoints_completed": 0, "tot_waypoints": 9}}
{"target": -4181.165972498819, "params": {"k_pid_pos": [1.8118864297866821, 1.0, 1.0], "k_pid_alt": [1.8680464029312134, 0.9785228371620178, 1.0], "k_pid_att": [0.0, 0.24807220697402954, 0.021395564079284668], "k_pid_yaw": [0.5, 1e-06, 0.1], "k_pid_hsp": [9.358757019042969, 0.0, 0.05398222804069519], "k_pid_vsp": [400.0, 373.5171203613281, 400.0]}, "datetime": {"datetime": "2025-08-12 06:15:07", "elapsed": 49787.040357112885, "delta": 33.16949939727783}, "costs": {"total_cost": 4181.165972498819, "time_cost": 150, "final_distance_cost": 437.8011886033775, "oscillation_cost": 1168.5211608061875, "completition_cost": 1000.0, "overshoot_cost": 1196.142651628285, "power_cost": 58.07442515869141, "noise_cost": 170.62654630227803, "n_waypoints_completed": 0, "tot_waypoints": 9}}
{"target": -1656.4525404028311, "params": {"k_pid_pos": [1.903546690940857, 0.9958083033561707, 0.9869927763938904], "k_pid_alt": [2.0, 1.0, 1.0], "k_pid_att": [1.2606680393218994, 0.22167924046516418, 0.03753814101219177], "k_pid_yaw": [0.5, 1e-06, 0.1], "k_pid_hsp": [10.0, 0.0, 0.0035206079483032227], "k_pid_vsp": [400.0, 397.27880859375, 387.88604736328125]}, "datetime": {"datetime": "2025-08-12 06:15:38", "elapsed": 49817.57958102226, "delta": 30.53922390937805}, "costs": {"total_cost": 1656.4525404028311, "time_cost": 150, "final_distance_cost": 1.0000640975813129, "oscillation_cost": 231.00837528119737, "completition_cost": 1000.0, "overshoot_cost": 154.17036114331444, "power_cost": 29.508682543945312, "noise_cost": 90.76505733679248, "n_waypoints_completed": 0, "tot_waypoints": 9}}
{"target": -1444.2851992900598, "params": {"k_pid_pos": [1.999426245689392, 0.9205129742622375, 0.9506916999816895], "k_pid_alt": [1.8504279851913452, 0.9192155599594116, 1.0], "k_pid_att": [1.8235385417938232, 0.24046315252780914, 0.018843114376068115], "k_pid_yaw": [0.5, 1e-06, 0.1], "k_pid_hsp": [10.0, 0.0, 0.0], "k_pid_vsp": [400.0, 369.0092468261719, 366.6951599121094]}, "datetime": {"datetime": "2025-08-12 06:16:07", "elapsed": 49846.49343061447, "delta": 28.913849592208862}, "costs": {"total_cost": 1444.2851992900598, "time_cost": 150, "final_distance_cost": 65.62757041913875, "oscillation_cost": 321.5743672310705, "completition_cost": 777.7777777777778, "overshoot_cost": 70.80372629799588, "power_cost": 31.258511230468752, "noise_cost": 27.243246333608397, "n_waypoints_completed": 2, "tot_waypoints": 9}}
{"target": -1080.825574848786, "params": {"k_pid_pos": [2.0, 0.9619033336639404, 0.9239833354949951], "k_pid_alt": [1.9215091466903687, 1.0, 0.9614244699478149], "k_pid_att": [0.8611679077148438, 0.1004478856921196, 0.0], "k_pid_yaw": [0.5, 1e-06, 0.1], "k_pid_hsp": [10.0, 0.0, 0.034914374351501465], "k_pid_vsp": [390.3852233886719, 400.0, 392.0320129394531]}, "datetime": {"datetime": "2025-08-12 06:16:39", "elapsed": 49878.77451992035, "delta": 32.281089305877686}, "costs": {"total_cost": 1080.825574848786, "time_cost": 150, "final_distance_cost": 46.74993396411403, "oscillation_cost": 198.7146605100818, "completition_cost": 555.5555555555555, "overshoot_cost": 67.02343330422532, "power_cost": 33.821020019531254, "noise_cost": 28.960971495277928, "n_waypoints_completed": 4, "tot_waypoints": 9}}
{"target": -6919.520703383193, "params": {"k_pid_pos": [1.9537791013717651, 0.9612168669700623, 1.0], "k_pid_alt": [2.0, 1.0, 1.0], "k_pid_att": [0.0, 0.9178715348243713, 0.010193198919296265], "k_pid_yaw": [0.5, 1e-06, 0.1], "k_pid_hsp": [9.149120330810547, 0.0, 0.0], "k_pid_vsp": [382.3607482910156, 391.16278076171875, 373.0679626464844]}, "datetime": {"datetime": "2025-08-12 06:17:10", "elapsed": 49909.65603804588, "delta": 30.881518125534058}, "costs": {"total_cost": 6919.520703383193, "time_cost": 150, "final_distance_cost": 1327.773422878378, "oscillation_cost": 2215.7314356023294, "completition_cost": 1000.0, "overshoot_cost": 2001.0322350377294, "power_cost": 54.81259986572266, "noise_cost": 170.17100999903457, "n_waypoints_completed": 0, "tot_waypoints": 9}}
{"target": -4204.287866989946, "params": {"k_pid_pos": [2.0, 1.0, 0.8980865478515625], "k_pid_alt": [1.919789433479309, 1.0, 1.0], "k_pid_att": [0.0, 9.999999747378752e-05, 0.029754430055618286], "k_pid_yaw": [0.5, 1e-06, 0.1], "k_pid_hsp": [9.681143760681152, 0.0, 0.020059049129486084], "k_pid_vsp": [400.0, 390.6654968261719, 400.0]}, "datetime": {"datetime": "2025-08-12 06:17:42", "elapsed": 49941.4443192482, "delta": 31.788281202316284}, "costs": {"total_cost": 4204.287866989946, "time_cost": 150, "final_distance_cost": 702.0041464425037, "oscillation_cost": 5.4711675720676, "completition_cost": 1000.0, "overshoot_cost": 2229.6609601166247, "power_cost": 30.846340087890628, "noise_cost": 86.30525277085984, "n_waypoints_completed": 0, "tot_waypoints": 9}}
{"target": -1673.3898939920582, "params": {"k_pid_pos": [1.890699028968811, 0.9583126306533813, 1.0], "k_pid_alt": [2.0, 1.0, 1.0], "k_pid_att": [8.582488059997559, 0.13612449169158936, 0.03055959939956665], "k_pid_yaw": [0.5, 1e-06, 0.1], "k_pid_hsp": [9.209758758544922, 0.0, 0.045169442892074585], "k_pid_vsp": [357.7611083984375, 343.49774169921875, 400.0]}, "datetime": {"datetime": "2025-08-12 06:18:12", "elapsed": 49972.05435228348, "delta": 30.61003303527832}, "costs": {"total_cost": 1673.3898939920582, "time_cost": 150, "final_distance_cost": 85.86894763768683, "oscillation_cost": 526.664150767369, "completition_cost": 777.7777777777778, "overshoot_cost": 73.12915843032862, "power_cost": 31.605623742675782, "noise_cost": 28.344235636220294, "n_waypoints_completed": 2, "tot_waypoints": 9}}
{"target": -863.4455397206237, "params": {"k_pid_pos": [1.9810149669647217, 0.9640061855316162, 1.0], "k_pid_alt": [2.0, 0.9250383377075195, 0.9511224627494812], "k_pid_att": [1.4952361583709717, 0.9637123942375183, 0.0], "k_pid_yaw": [0.5, 1e-06, 0.1], "k_pid_hsp": [10.0, 0.0, 0.07732278108596802], "k_pid_vsp": [400.0, 400.0, 371.1044921875]}, "datetime": {"datetime": "2025-08-12 06:18:44", "elapsed": 50003.688111782074, "delta": 31.63375949859619}, "costs": {"total_cost": 863.4455397206237, "time_cost": 150, "final_distance_cost": 69.49099762281676, "oscillation_cost": 301.1943304390573, "completition_cost": 222.2222222222222, "overshoot_cost": 58.6867705237461, "power_cost": 33.33081314697266, "noise_cost": 28.520405765808754, "n_waypoints_completed": 7, "tot_waypoints": 9}}
{"target": -765.456283301832, "params": {"k_pid_pos": [2.0, 1.0, 0.9989327192306519], "k_pid_alt": [2.0, 1.0, 0.9776861667633057], "k_pid_att": [0.43399930000305176, 0.36836716532707214, 0.0], "k_pid_yaw": [0.5, 1e-06, 0.1], "k_pid_hsp": [10.0, 0.0, 0.0], "k_pid_vsp": [400.0, 400.0, 400.0]}, "datetime": {"datetime": "2025-08-12 06:19:17", "elapsed": 50037.101541996, "delta": 33.41343021392822}, "costs": {"total_cost": 765.456283301832, "time_cost": 150, "final_distance_cost": 76.24228077306176, "oscillation_cost": 179.94119106408544, "completition_cost": 222.2222222222222, "overshoot_cost": 64.82363726563023, "power_cost": 40.11760703125, "noise_cost": 32.10934494558241, "n_waypoints_completed": 7, "tot_waypoints": 9}}
{"target": -1645.9232842375616, "params": {"k_pid_pos": [1.8946378231048584, 0.9783694744110107, 1.0], "k_pid_alt": [1.997035026550293, 0.895301103591919, 0.9936034679412842], "k_pid_att": [1.9704699516296387, 9.999999747378752e-05, 0.03243112564086914], "k_pid_yaw": [0.5, 1e-06, 0.1], "k_pid_hsp": [10.0, 0.0, 0.08312785625457764], "k_pid_vsp": [400.0, 400.0, 388.547607421875]}, "datetime": {"datetime": "2025-08-12 06:19:49", "elapsed": 50068.54966831207, "delta": 31.448126316070557}, "costs": {"total_cost": 1645.9232842375616, "time_cost": 150, "final_distance_cost": 29.83591660806395, "oscillation_cost": 316.7642372061716, "completition_cost": 1000.0, "overshoot_cost": 93.40066498431365, "power_cost": 30.278156347656253, "noise_cost": 25.64430909135622, "n_waypoints_completed": 0, "tot_waypoints": 9}}
{"target": -1789.1650777905768, "params": {"k_pid_pos": [2.0, 1.0, 1.0], "k_pid_alt": [1.8586121797561646, 1.0, 1.0], "k_pid_att": [3.3513336181640625, 9.999999747378752e-05, 0.0], "k_pid_yaw": [0.5, 1e-06, 0.1], "k_pid_hsp": [9.700454711914062, 0.0, 0.0], "k_pid_vsp": [354.2358703613281, 385.7899475097656, 400.0]}, "datetime": {"datetime": "2025-08-12 06:20:22", "elapsed": 50101.50044465065, "delta": 32.95077633857727}, "costs": {"total_cost": 1789.1650777905768, "time_cost": 150, "final_distance_cost": 19.53163968313232, "oscillation_cost": 440.89987911066333, "completition_cost": 1000.0, "overshoot_cost": 120.33210538638134, "power_cost": 31.50309099121094, "noise_cost": 26.898362619189, "n_waypoints_completed": 0, "tot_waypoints": 9}}
{"target": -8373.762927323158, "params": {"k_pid_pos": [1.9844473600387573, 0.9584953784942627, 0.987711489200592], "k_pid_alt": [2.0, 0.9633753299713135, 0.9724922776222229], "k_pid_att": [0.0, 9.999999747378752e-05, 0.0], "k_pid_yaw": [0.5, 1e-06, 0.1], "k_pid_hsp": [9.799869537353516, 0.07377076148986816, 0.0], "k_pid_vsp": [385.46600341796875, 400.0, 400.0]}, "datetime": {"datetime": "2025-08-12 06:20:52", "elapsed": 50132.01228737831, "delta": 30.511842727661133}, "costs": {"total_cost": 8373.762927323158, "time_cost": 150, "final_distance_cost": 930.8201988943373, "oscillation_cost": 14.77965952873939, "completition_cost": 1000.0, "overshoot_cost": 6137.483612055448, "power_cost": 44.61607606201172, "noise_cost": 96.06338078262212, "n_waypoints_completed": 0, "tot_waypoints": 9}}
{"target": -1222.876276518891, "params": {"k_pid_pos": [2.0, 0.9711377620697021, 0.9450705647468567], "k_pid_alt": [2.0, 0.9878106713294983, 1.0], "k_pid_att": [2.2597849369049072, 0.30922356247901917, 0.0], "k_pid_yaw": [0.5, 1e-06, 0.1], "k_pid_hsp": [10.0, 0.0, 0.049356430768966675], "k_pid_vsp": [392.7140197753906, 383.17236328125, 394.6255187988281]}, "datetime": {"datetime": "2025-08-12 06:21:24", "elapsed": 50163.57080435753, "delta": 31.55851697921753}, "costs": {"total_cost": 1222.876276518891, "time_cost": 150, "final_distance_cost": 44.14291750356646, "oscillation_cost": 344.8975611714154, "completition_cost": 555.5555555555555, "overshoot_cost": 66.82240872301313, "power_cost": 32.71880590820312, "noise_cost": 28.739027657137278, "n_waypoints_completed": 4, "tot_waypoints": 9}}
{"target": -3788.368351852584, "params": {"k_pid_pos": [2.0, 0.8948493003845215, 0.989854097366333], "k_pid_alt": [1.8799610137939453, 0.9976928234100342, 0.9894046783447266], "k_pid_att": [0.0, 0.1525653749704361, 0.0], "k_pid_yaw": [0.5, 1e-06, 0.1], "k_pid_hsp": [8.880105972290039, 0.0, 0.03153088688850403], "k_pid_vsp": [390.0326843261719, 391.01123046875, 373.6595153808594]}, "datetime": {"datetime": "2025-08-12 06:21:56", "elapsed": 50195.708203077316, "delta": 32.1373987197876}, "costs": {"total_cost": 3788.368351852584, "time_cost": 150, "final_distance_cost": 343.10617849204925, "oscillation_cost": 923.2529267729399, "completition_cost": 1000.0, "overshoot_cost": 1146.0463318295206, "power_cost": 57.6535781616211, "noise_cost": 168.3093365964532, "n_waypoints_completed": 0, "tot_waypoints": 9}}
{"target": -11857.529598052884, "params": {"k_pid_pos": [2.0, 0.9700402021408081, 0.9156185984611511], "k_pid_alt": [2.0, 1.0, 1.0], "k_pid_att": [0.0, 0.48894259333610535, 0.0], "k_pid_yaw": [0.5, 1e-06, 0.1], "k_pid_hsp": [9.840660095214844, 0.0, 0.0], "k_pid_vsp": [400.0, 400.0, 400.0]}, "datetime": {"datetime": "2025-08-12 06:22:28", "elapsed": 50228.022614479065, "delta": 32.31441140174866}, "costs": {"total_cost": 11857.529598052884, "time_cost": 150, "final_distance_cost": 3378.497964013434, "oscillation_cost": 2045.7307371959707, "completition_cost": 1000.0, "overshoot_cost": 5049.2100862504585, "power_cost": 58.01421767578125, "noise_cost": 176.07659291723988, "n_waypoints_completed": 0, "tot_waypoints": 9}}
{"target": -1152.40365454326, "params": {"k_pid_pos": [2.0, 1.0, 1.0], "k_pid_alt": [1.9100615978240967, 0.9572314023971558, 0.9359229803085327], "k_pid_att": [1.5268832445144653, 9.999999747378752e-05, 0.0], "k_pid_yaw": [0.5, 1e-06, 0.1], "k_pid_hsp": [9.831036567687988, 0.0, 0.06796467304229736], "k_pid_vsp": [393.1965637207031, 387.6878356933594, 371.20245361328125]}, "datetime": {"datetime": "2025-08-12 06:22:59", "elapsed": 50259.33020353317, "delta": 31.307589054107666}, "costs": {"total_cost": 1152.40365454326, "time_cost": 150, "final_distance_cost": 47.577805252211746, "oscillation_cost": 276.574213159686, "completition_cost": 555.5555555555555, "overshoot_cost": 61.24321920798502, "power_cost": 32.79070217285157, "noise_cost": 28.66215919497018, "n_waypoints_completed": 4, "tot_waypoints": 9}}
{"target": -4033.8095196584723, "params": {"k_pid_pos": [2.0, 1.0, 1.0], "k_pid_alt": [1.9610761404037476, 0.9582371115684509, 0.9603378772735596], "k_pid_att": [0.0, 0.6581316590309143, 0.08008512854576111], "k_pid_yaw": [0.5, 1e-06, 0.1], "k_pid_hsp": [9.672377586364746, 0.02942037582397461, 0.0], "k_pid_vsp": [395.80548095703125, 400.0, 380.755615234375]}, "datetime": {"datetime": "2025-08-12 06:23:31", "elapsed": 50291.12717747688, "delta": 31.796973943710327}, "costs": {"total_cost": 4033.8095196584723, "time_cost": 150, "final_distance_cost": 200.51632616937158, "oscillation_cost": 1835.0072262112578, "completition_cost": 1000.0, "overshoot_cost": 617.638233011347, "power_cost": 57.83502723388672, "noise_cost": 172.81270703260915, "n_waypoints_completed": 0, "tot_waypoints": 9}}
{"target": -1627.1084432191433, "params": {"k_pid_pos": [1.9195977449417114, 0.9995884895324707, 0.9385871887207031], "k_pid_alt": [1.9184067249298096, 0.8770787715911865, 1.0], "k_pid_att": [3.8944602012634277, 9.999999747378752e-05, 0.05253031849861145], "k_pid_yaw": [0.5, 1e-06, 0.1], "k_pid_hsp": [10.0, 0.0, 0.0905785858631134], "k_pid_vsp": [400.0, 388.90966796875, 394.23541259765625]}, "datetime": {"datetime": "2025-08-12 06:24:03", "elapsed": 50322.785011291504, "delta": 31.65783381462097}, "costs": {"total_cost": 1627.1084432191433, "time_cost": 150, "final_distance_cost": 50.55509918146838, "oscillation_cost": 407.53088311164606, "completition_cost": 888.8888888888888, "overshoot_cost": 70.45283354762145, "power_cost": 32.12070563964844, "noise_cost": 27.560032849870097, "n_waypoints_completed": 1, "tot_waypoints": 9}}
{"target": -4392.811187256516, "params": {"k_pid_pos": [1.840899109840393, 0.9896525144577026, 0.9562166333198547], "k_pid_alt": [1.8888680934906006, 0.997368574142456, 0.9774025678634644], "k_pid_att": [0.0, 0.760062038898468, 0.0], "k_pid_yaw": [0.5, 1e-06, 0.1], "k_pid_hsp": [10.0, 0.0, 0.054445117712020874], "k_pid_vsp": [400.0, 400.0, 400.0]}, "datetime": {"datetime": "2025-08-12 06:24:36", "elapsed": 50356.01952600479, "delta": 33.23451471328735}, "costs": {"total_cost": 4392.811187256516, "time_cost": 150, "final_distance_cost": 296.7305522769377, "oscillation_cost": 2171.1015618501306, "completition_cost": 1000.0, "overshoot_cost": 543.0171197843509, "power_cost": 57.282394287109376, "noise_cost": 174.67955905798792, "n_waypoints_completed": 0, "tot_waypoints": 9}}
{"target": -5546.131182105951, "params": {"k_pid_pos": [2.0, 1.0, 1.0], "k_pid_alt": [2.0, 0.8801729083061218, 0.9511452913284302], "k_pid_att": [0.0, 9.999999747378752e-05, 0.027682512998580933], "k_pid_yaw": [0.5, 1e-06, 0.1], "k_pid_hsp": [10.0, 0.0, 0.0], "k_pid_vsp": [400.0, 393.947509765625, 400.0]}, "datetime": {"datetime": "2025-08-12 06:25:07", "elapsed": 50386.97132444382, "delta": 30.95179843902588}, "costs": {"total_cost": 5546.131182105951, "time_cost": 150, "final_distance_cost": 1592.3828275189223, "oscillation_cost": 6.00757409344158, "completition_cost": 1000.0, "overshoot_cost": 2687.9328147104825, "power_cost": 31.109590881347657, "noise_cost": 78.69837490175604, "n_waypoints_completed": 0, "tot_waypoints": 9}}
{"target": -1125.981781936733, "params": {"k_pid_pos": [2.0, 1.0, 0.951833188533783], "k_pid_alt": [2.0, 1.0, 0.8986337780952454], "k_pid_att": [5.757596969604492, 0.6318325996398926, 0.0], "k_pid_yaw": [0.5, 1e-06, 0.1], "k_pid_hsp": [9.90703296661377, 0.0, 0.005205661058425903], "k_pid_vsp": [400.0, 389.7394104003906, 400.0]}, "datetime": {"datetime": "2025-08-12 06:25:38", "elapsed": 50417.54760527611, "delta": 30.57628083229065}, "costs": {"total_cost": 1125.981781936733, "time_cost": 150, "final_distance_cost": 63.36168731683359, "oscillation_cost": 448.8735089078021, "completition_cost": 333.33333333333337, "overshoot_cost": 67.4008637557023, "power_cost": 33.18315570068359, "noise_cost": 29.82923292237793, "n_waypoints_completed": 6, "tot_waypoints": 9}}
{"target": -3955.986263633511, "params": {"k_pid_pos": [2.0, 0.9011436104774475, 1.0], "k_pid_alt": [2.0, 0.999606728553772, 0.9980745315551758], "k_pid_att": [0.0, 0.5661510229110718, 0.07687890529632568], "k_pid_yaw": [0.5, 1e-06, 0.1], "k_pid_hsp": [9.534165382385254, 0.0, 0.0], "k_pid_vsp": [400.0, 400.0, 380.5508728027344]}, "datetime": {"datetime": "2025-08-12 06:26:10", "elapsed": 50449.43450689316, "delta": 31.88690161705017}, "costs": {"total_cost": 3955.986263633511, "time_cost": 150, "final_distance_cost": 215.68522774197453, "oscillation_cost": 1737.0702481967678, "completition_cost": 1000.0, "overshoot_cost": 624.5554117765032, "power_cost": 57.452549609375005, "noise_cost": 171.22282630889072, "n_waypoints_completed": 0, "tot_waypoints": 9}}
{"target": -1596.682196227522, "params": {"k_pid_pos": [2.0, 1.0, 1.0], "k_pid_alt": [1.8183398246765137, 1.0, 1.0], "k_pid_att": [4.297163963317871, 0.03411007300019264, 0.0], "k_pid_yaw": [0.5, 1e-06, 0.1], "k_pid_hsp": [9.875228881835938, 0.04141467809677124, 0.017352133989334106], "k_pid_vsp": [366.2605895996094, 380.73272705078125, 400.0]}, "datetime": {"datetime": "2025-08-12 06:26:42", "elapsed": 50482.36382842064, "delta": 32.92932152748108}, "costs": {"total_cost": 1596.682196227522, "time_cost": 150, "final_distance_cost": 84.05959438107078, "oscillation_cost": 454.2418066021992, "completition_cost": 777.7777777777778, "overshoot_cost": 70.18541411751549, "power_cost": 32.56362121582031, "noise_cost": 27.85398213313825, "n_waypoints_completed": 2, "tot_waypoints": 9}}
{"target": -13539.860082564812, "params": {"k_pid_pos": [2.0, 1.0, 0.9924131631851196], "k_pid_alt": [2.0, 1.0, 0.9879483580589294], "k_pid_att": [0.0, 0.3748270571231842, 0.014464497566223145], "k_pid_yaw": [0.5, 1e-06, 0.1], "k_pid_hsp": [9.966300964355469, 0.0, 0.0], "k_pid_vsp": [386.0015869140625, 352.609619140625, 400.0]}, "datetime": {"datetime": "2025-08-12 06:27:14", "elapsed": 50513.84271359444, "delta": 31.478885173797607}, "costs": {"total_cost": 13539.860082564812, "time_cost": 150, "final_distance_cost": 4333.463513528535, "oscillation_cost": 1654.9357603314775, "completition_cost": 1000.0, "overshoot_cost": 6172.447013104335, "power_cost": 57.33040681152344, "noise_cost": 171.68338878894073, "n_waypoints_completed": 0, "tot_waypoints": 9}}
