{"target": -4772.653989276147, "params": {"k_pid_pos": [1.9952189922332764, 1.0, 0.9746557474136353], "k_pid_alt": [2.0, 1.0, 1.0], "k_pid_att": [0.0, 0.4188497066497803, 0.05054914951324463], "k_pid_yaw": [0.5, 1e-06, 0.1], "k_pid_hsp": [10.0, 0.018572896718978882, 0.0], "k_pid_vsp": [379.6045837402344, 390.2013854980469, 395.10308837890625]}, "datetime": {"datetime": "2025-08-12 09:33:59", "elapsed": 61718.91548395157, "delta": 30.03268551826477}, "costs": {"total_cost": 4772.653989276147, "time_cost": 150, "final_distance_cost": 248.62734233305991, "oscillation_cost": 1529.126255267322, "completition_cost": 1000.0, "overshoot_cost": 1615.7869263168197, "power_cost": 57.638349951171875, "noise_cost": 171.47511540777293, "n_waypoints_completed": 0, "tot_waypoints": 9}}
{"target": -8569.273422961043, "params": {"k_pid_pos": [1.9068578481674194, 0.992255687713623, 1.0], "k_pid_alt": [2.0, 0.9657063484191895, 0.9444394111633301], "k_pid_att": [0.0, 9.999999747378752e-05, 0.0], "k_pid_yaw": [0.5, 1e-06, 0.1], "k_pid_hsp": [9.751480102539062, 0.03932225704193115, 0.0], "k_pid_vsp": [365.0137634277344, 400.0, 400.0]}, "datetime": {"datetime": "2025-08-12 09:34:28", "elapsed": 61747.60544133186, "delta": 28.6899573802948}, "costs": {"total_cost": 8569.273422961043, "time_cost": 150, "final_distance_cost": 581.5212447129071, "oscillation_cost": 14.40782294528739, "completition_cost": 1000.0, "overshoot_cost": 6678.671284010056, "power_cost": 43.44347232666016, "noise_cost": 101.22959896613253, "n_waypoints_completed": 0, "tot_waypoints": 9}}
{"target": -1109.7990215989562, "params": {"k_pid_pos": [2.0, 0.9572092890739441, 0.9989150762557983], "k_pid_alt": [1.8374378681182861, 1.0, 1.0], "k_pid_att": [11.532181739807129, 0.6040085554122925, 0.01854395866394043], "k_pid_yaw": [0.5, 1e-06, 0.1], "k_pid_hsp": [10.0, 0.06037086248397827, 0.0], "k_pid_vsp": [382.40863037109375, 400.0, 374.4682922363281]}, "datetime": {"datetime": "2025-08-12 09:34:55", "elapsed": 61775.11305856705, "delta": 27.507617235183716}, "costs": {"total_cost": 1109.7990215989562, "time_cost": 150, "final_distance_cost": 52.51870681981455, "oscillation_cost": 453.3304476128557, "completition_cost": 333.33333333333337, "overshoot_cost": 57.565943710844, "power_cost": 32.39811533203125, "noise_cost": 30.652474790077235, "n_waypoints_completed": 6, "tot_waypoints": 9}}
{"target": -1836.263888494084, "params": {"k_pid_pos": [1.9731559753417969, 0.914647102355957, 1.0], "k_pid_alt": [1.7976536750793457, 1.0, 1.0], "k_pid_att": [0.2108931541442871, 0.5379723310470581, 0.0064550042152404785], "k_pid_yaw": [0.5, 1e-06, 0.1], "k_pid_hsp": [10.0, 0.058398306369781494, 0.07468658685684204], "k_pid_vsp": [400.0, 381.0574035644531, 373.08111572265625]}, "datetime": {"datetime": "2025-08-12 09:35:22", "elapsed": 61802.038214445114, "delta": 26.925155878067017}, "costs": {"total_cost": 1836.263888494084, "time_cost": 150, "final_distance_cost": 11.647751318342566, "oscillation_cost": 310.0438057101682, "completition_cost": 1000.0, "overshoot_cost": 164.274363744058, "power_cost": 55.12519097900391, "noise_cost": 145.17277674251145, "n_waypoints_completed": 0, "tot_waypoints": 9}}
{"target": -4145.302973996283, "params": {"k_pid_pos": [1.8263843059539795, 1.0, 1.0], "k_pid_alt": [1.985138177871704, 0.9462542533874512, 0.9191399812698364], "k_pid_att": [0.0, 0.1423700898885727, 0.0], "k_pid_yaw": [0.5, 1e-06, 0.1], "k_pid_hsp": [10.0, 0.0, 0.0], "k_pid_vsp": [396.0881652832031, 380.05657958984375, 400.0]}, "datetime": {"datetime": "2025-08-12 09:35:50", "elapsed": 61829.81921291351, "delta": 27.780998468399048}, "costs": {"total_cost": 4145.302973996283, "time_cost": 150, "final_distance_cost": 415.7453127424739, "oscillation_cost": 973.6955682814229, "completition_cost": 1000.0, "overshoot_cost": 1380.3249228913069, "power_cost": 57.1703802734375, "noise_cost": 168.36678980764165, "n_waypoints_completed": 0, "tot_waypoints": 9}}
{"target": -3768.053802000441, "params": {"k_pid_pos": [2.0, 0.9367213249206543, 1.0], "k_pid_alt": [2.0, 1.0, 0.9274630546569824], "k_pid_att": [0.0, 0.2597358226776123, 0.0], "k_pid_yaw": [0.5, 1e-06, 0.1], "k_pid_hsp": [9.676025390625, 0.04777979850769043, 0.02253013849258423], "k_pid_vsp": [395.0617370605469, 400.0, 400.0]}, "datetime": {"datetime": "2025-08-12 09:36:18", "elapsed": 61858.10771846771, "delta": 28.28850555419922}, "costs": {"total_cost": 3768.053802000441, "time_cost": 150, "final_distance_cost": 291.3608535548998, "oscillation_cost": 1245.6284237103634, "completition_cost": 1000.0, "overshoot_cost": 850.9569578874065, "power_cost": 57.88422741699219, "noise_cost": 172.22333943077925, "n_waypoints_completed": 0, "tot_waypoints": 9}}
{"target": -8154.346477898252, "params": {"k_pid_pos": [1.9620082378387451, 1.0, 1.0], "k_pid_alt": [1.9775545597076416, 1.0, 0.9898064136505127], "k_pid_att": [0.0, 9.999999747378752e-05, 0.0], "k_pid_yaw": [0.5, 1e-06, 0.1], "k_pid_hsp": [9.829669952392578, 0.09321755170822144, 0.0], "k_pid_vsp": [400.0, 383.796875, 387.4403381347656]}, "datetime": {"datetime": "2025-08-12 09:36:47", "elapsed": 61886.89773917198, "delta": 28.79002070426941}, "costs": {"total_cost": 8154.346477898252, "time_cost": 150, "final_distance_cost": 1140.8501048167652, "oscillation_cost": 14.946551823260036, "completition_cost": 1000.0, "overshoot_cost": 5714.887481070019, "power_cost": 44.655797277832036, "noise_cost": 89.00654291037513, "n_waypoints_completed": 0, "tot_waypoints": 9}}
{"target": -1221.818672200944, "params": {"k_pid_pos": [1.9293580055236816, 0.9704784154891968, 1.0], "k_pid_alt": [1.954895257949829, 0.902677595615387, 0.9820455312728882], "k_pid_att": [5.570197105407715, 9.999999747378752e-05, 0.005736112594604492], "k_pid_yaw": [0.5, 1e-06, 0.1], "k_pid_hsp": [10.0, 0.0, 0.03460550308227539], "k_pid_vsp": [400.0, 368.8715515136719, 400.0]}, "datetime": {"datetime": "2025-08-12 09:37:14", "elapsed": 61913.817457675934, "delta": 26.919718503952026}, "costs": {"total_cost": 1221.818672200944, "time_cost": 150, "final_distance_cost": 54.51221871336504, "oscillation_cost": 440.6572970716191, "completition_cost": 444.4444444444444, "overshoot_cost": 68.19155307871718, "power_cost": 33.75156983642578, "noise_cost": 30.261589056372696, "n_waypoints_completed": 5, "tot_waypoints": 9}}
{"target": -3508.7098086637034, "params": {"k_pid_pos": [1.9510855674743652, 1.0, 1.0], "k_pid_alt": [1.8227375745773315, 1.0, 1.0], "k_pid_att": [0.0, 9.999999747378752e-05, 0.07982936501502991], "k_pid_yaw": [0.5, 1e-06, 0.1], "k_pid_hsp": [9.275079727172852, 0.0, 0.0], "k_pid_vsp": [400.0, 376.6434020996094, 390.7028503417969]}, "datetime": {"datetime": "2025-08-12 09:37:43", "elapsed": 61942.54299259186, "delta": 28.725534915924072}, "costs": {"total_cost": 3508.7098086637034, "time_cost": 150, "final_distance_cost": 502.701680462154, "oscillation_cost": 3.148544582691165, "completition_cost": 1000.0, "overshoot_cost": 1709.4321821746425, "power_cost": 29.265752990722657, "noise_cost": 114.16164845349293, "n_waypoints_completed": 0, "tot_waypoints": 9}}
{"target": -8055.343906509167, "params": {"k_pid_pos": [1.9724655151367188, 0.9592494368553162, 0.9829144477844238], "k_pid_alt": [2.0, 1.0, 1.0], "k_pid_att": [0.0, 9.999999747378752e-05, 0.0], "k_pid_yaw": [0.5, 1e-06, 0.1], "k_pid_hsp": [10.0, 0.052968740463256836, 0.007351547479629517], "k_pid_vsp": [400.0, 388.53326416015625, 395.16278076171875]}, "datetime": {"datetime": "2025-08-12 09:38:13", "elapsed": 61972.65017533302, "delta": 30.10718274116516}, "costs": {"total_cost": 8055.343906509167, "time_cost": 150, "final_distance_cost": 944.1560879923401, "oscillation_cost": 14.775535781721816, "completition_cost": 1000.0, "overshoot_cost": 5809.908024987692, "power_cost": 44.43164387207032, "noise_cost": 92.0726138753425, "n_waypoints_completed": 0, "tot_waypoints": 9}}
{"target": -2951.202934680113, "params": {"k_pid_pos": [1.8108950853347778, 0.9599435329437256, 1.0], "k_pid_alt": [2.0, 0.9658259749412537, 0.9426891803741455], "k_pid_att": [0.0, 9.999999747378752e-05, 0.09135010838508606], "k_pid_yaw": [0.5, 1e-06, 0.1], "k_pid_hsp": [9.433296203613281, 0.0, 0.0], "k_pid_vsp": [367.29840087890625, 400.0, 400.0]}, "datetime": {"datetime": "2025-08-12 09:38:42", "elapsed": 62001.65181016922, "delta": 29.0016348361969}, "costs": {"total_cost": 2951.202934680113, "time_cost": 150, "final_distance_cost": 328.90969585131023, "oscillation_cost": 3.1985463040545965, "completition_cost": 1000.0, "overshoot_cost": 1326.0696019735947, "power_cost": 29.20321383056641, "noise_cost": 113.82187672058672, "n_waypoints_completed": 0, "tot_waypoints": 9}}
{"target": -1652.3532284771393, "params": {"k_pid_pos": [1.852583646774292, 0.9379063248634338, 1.0], "k_pid_alt": [1.8855252265930176, 0.9440028667449951, 1.0], "k_pid_att": [1.6535043716430664, 0.05506923794746399, 0.033999085426330566], "k_pid_yaw": [0.5, 1e-06, 0.1], "k_pid_hsp": [9.992697715759277, 0.0, 0.06532472372055054], "k_pid_vsp": [400.0, 400.0, 400.0]}, "datetime": {"datetime": "2025-08-12 09:39:10", "elapsed": 62029.522730350494, "delta": 27.870920181274414}, "costs": {"total_cost": 1652.3532284771393, "time_cost": 150, "final_distance_cost": 1.1490072683639354, "oscillation_cost": 282.0771145909265, "completition_cost": 1000.0, "overshoot_cost": 147.61670347247124, "power_cost": 30.253600939941407, "noise_cost": 41.25680220543631, "n_waypoints_completed": 0, "tot_waypoints": 9}}
{"target": -1075.6477976215308, "params": {"k_pid_pos": [1.8881540298461914, 1.0, 1.0], "k_pid_alt": [1.9303843975067139, 1.0, 0.9519729614257812], "k_pid_att": [4.260075092315674, 0.15606263279914856, 0.0], "k_pid_yaw": [0.5, 1e-06, 0.1], "k_pid_hsp": [10.0, 0.0, 0.0], "k_pid_vsp": [389.03533935546875, 385.8168029785156, 353.2478332519531]}, "datetime": {"datetime": "2025-08-12 09:39:38", "elapsed": 62058.368639945984, "delta": 28.845909595489502}, "costs": {"total_cost": 1075.6477976215308, "time_cost": 150, "final_distance_cost": 64.08379900866447, "oscillation_cost": 402.6400647800991, "completition_cost": 333.33333333333337, "overshoot_cost": 63.648885804482816, "power_cost": 32.6567607421875, "noise_cost": 29.28495395276357, "n_waypoints_completed": 6, "tot_waypoints": 9}}
{"target": -8034.134847659225, "params": {"k_pid_pos": [2.0, 1.0, 0.8719915151596069], "k_pid_alt": [1.8740973472595215, 1.0, 0.9271110892295837], "k_pid_att": [0.0, 9.999999747378752e-05, 0.0], "k_pid_yaw": [0.5, 1e-06, 0.1], "k_pid_hsp": [10.0, 0.0, 0.0], "k_pid_vsp": [400.0, 392.1107177734375, 399.11395263671875]}, "datetime": {"datetime": "2025-08-12 09:40:10", "elapsed": 62090.184894800186, "delta": 31.81625485420227}, "costs": {"total_cost": 8034.134847659225, "time_cost": 150, "final_distance_cost": 911.4905355304426, "oscillation_cost": 14.820626358069301, "completition_cost": 1000.0, "overshoot_cost": 5821.116119524654, "power_cost": 44.291343518066405, "noise_cost": 92.41622272799195, "n_waypoints_completed": 0, "tot_waypoints": 9}}
{"target": -8217.781484091736, "params": {"k_pid_pos": [1.9008722305297852, 1.0, 1.0], "k_pid_alt": [1.9875197410583496, 1.0, 0.8524410128593445], "k_pid_att": [0.0, 9.999999747378752e-05, 0.0], "k_pid_yaw": [0.5, 1e-06, 0.1], "k_pid_hsp": [10.0, 0.0, 0.02687126398086548], "k_pid_vsp": [385.96002197265625, 375.0831604003906, 396.7181396484375]}, "datetime": {"datetime": "2025-08-12 09:40:38", "elapsed": 62118.14784550667, "delta": 27.962950706481934}, "costs": {"total_cost": 8217.781484091736, "time_cost": 150, "final_distance_cost": 797.2074588259331, "oscillation_cost": 14.682971249418863, "completition_cost": 1000.0, "overshoot_cost": 6112.985433151774, "power_cost": 44.71609368896485, "noise_cost": 98.18952717564524, "n_waypoints_completed": 0, "tot_waypoints": 9}}
{"target": -3295.6987866144277, "params": {"k_pid_pos": [1.8197721242904663, 0.9121242761611938, 1.0], "k_pid_alt": [1.9893234968185425, 1.0, 1.0], "k_pid_att": [0.0, 9.999999747378752e-05, 0.06433632969856262], "k_pid_yaw": [0.5, 1e-06, 0.1], "k_pid_hsp": [9.40367603302002, 0.0, 0.0], "k_pid_vsp": [381.66790771484375, 389.45916748046875, 393.7494812011719]}, "datetime": {"datetime": "2025-08-12 09:41:06", "elapsed": 62146.31143426895, "delta": 28.163588762283325}, "costs": {"total_cost": 3295.6987866144277, "time_cost": 150, "final_distance_cost": 867.0241797416302, "oscillation_cost": 3.4401422553685226, "completition_cost": 1000.0, "overshoot_cost": 1132.1969386506566, "power_cost": 29.21274979248047, "noise_cost": 113.82477617429176, "n_waypoints_completed": 0, "tot_waypoints": 9}}
{"target": -1771.26917345974, "params": {"k_pid_pos": [2.0, 1.0, 0.9147390723228455], "k_pid_alt": [1.8698382377624512, 1.0, 0.9941039681434631], "k_pid_att": [0.2937793731689453, 0.6853746175765991, 0.0], "k_pid_yaw": [0.5, 1e-06, 0.1], "k_pid_hsp": [9.56352424621582, 0.02589896321296692, 0.0], "k_pid_vsp": [400.0, 385.5275573730469, 400.0]}, "datetime": {"datetime": "2025-08-12 09:41:36", "elapsed": 62175.649215221405, "delta": 29.337780952453613}, "costs": {"total_cost": 1771.26917345974, "time_cost": 150, "final_distance_cost": 2.5559128005476817, "oscillation_cost": 278.64182350067733, "completition_cost": 1000.0, "overshoot_cost": 159.3451561313188, "power_cost": 56.252735278320316, "noise_cost": 124.47354574887562, "n_waypoints_completed": 0, "tot_waypoints": 9}}
{"target": -1789.964697146973, "params": {"k_pid_pos": [1.865153193473816, 0.921540379524231, 0.9948407411575317], "k_pid_alt": [1.9062166213989258, 0.971380352973938, 0.9727658629417419], "k_pid_att": [2.7128548622131348, 9.999999747378752e-05, 0.029492944478988647], "k_pid_yaw": [0.5, 1e-06, 0.1], "k_pid_hsp": [9.511585235595703, 0.04329866170883179, 0.0], "k_pid_vsp": [400.0, 400.0, 390.392578125]}, "datetime": {"datetime": "2025-08-12 09:42:04", "elapsed": 62204.16027069092, "delta": 28.51105546951294}, "costs": {"total_cost": 1789.964697146973, "time_cost": 150, "final_distance_cost": 0.9994201177551858, "oscillation_cost": 357.7843373764384, "completition_cost": 1000.0, "overshoot_cost": 157.35795262393233, "power_cost": 29.630850219726565, "noise_cost": 94.19213680912044, "n_waypoints_completed": 0, "tot_waypoints": 9}}
{"target": -8003.055657884301, "params": {"k_pid_pos": [1.9435782432556152, 0.9793806076049805, 1.0], "k_pid_alt": [1.98948073387146, 1.0, 1.0], "k_pid_att": [0.0, 9.999999747378752e-05, 0.0], "k_pid_yaw": [0.5, 1e-06, 0.1], "k_pid_hsp": [9.771906852722168, 0.0, 0.0], "k_pid_vsp": [400.0, 400.0, 383.945068359375]}, "datetime": {"datetime": "2025-08-12 09:42:32", "elapsed": 62231.9479072094, "delta": 27.787636518478394}, "costs": {"total_cost": 8003.055657884301, "time_cost": 150, "final_distance_cost": 1279.927153421585, "oscillation_cost": 15.143500632788635, "completition_cost": 1000.0, "overshoot_cost": 5428.576986127998, "power_cost": 44.836716455078125, "noise_cost": 84.57130124685138, "n_waypoints_completed": 0, "tot_waypoints": 9}}
{"target": -5561.277755189534, "params": {"k_pid_pos": [2.0, 1.0, 1.0], "k_pid_alt": [1.931178092956543, 0.8921679854393005, 1.0], "k_pid_att": [0.0, 0.0010474063456058502, 0.03008010983467102], "k_pid_yaw": [0.5, 1e-06, 0.1], "k_pid_hsp": [10.0, 0.007946521043777466, 0.0], "k_pid_vsp": [385.791015625, 395.299560546875, 400.0]}, "datetime": {"datetime": "2025-08-12 09:43:01", "elapsed": 62260.52208566666, "delta": 28.574178457260132}, "costs": {"total_cost": 5561.277755189534, "time_cost": 150, "final_distance_cost": 1273.7920819101068, "oscillation_cost": 32.06715103098141, "completition_cost": 1000.0, "overshoot_cost": 2935.7686638769624, "power_cost": 50.3378877319336, "noise_cost": 119.31197063955051, "n_waypoints_completed": 0, "tot_waypoints": 9}}
{"target": -5071.195685046881, "params": {"k_pid_pos": [1.9975615739822388, 0.9360285997390747, 0.8781824707984924], "k_pid_alt": [2.0, 0.9804866313934326, 1.0], "k_pid_att": [0.0, 9.999999747378752e-05, 0.02913615107536316], "k_pid_yaw": [0.5, 1e-06, 0.1], "k_pid_hsp": [10.0, 0.019124329090118408, 0.0], "k_pid_vsp": [385.1027526855469, 372.318603515625, 386.2752380371094]}, "datetime": {"datetime": "2025-08-12 09:43:30", "elapsed": 62289.957706689835, "delta": 29.4356210231781}, "costs": {"total_cost": 5071.195685046881, "time_cost": 150, "final_distance_cost": 1201.465812397958, "oscillation_cost": 5.891655598862196, "completition_cost": 1000.0, "overshoot_cost": 2600.5310564631163, "power_cost": 31.022163842773438, "noise_cost": 82.28499674417084, "n_waypoints_completed": 0, "tot_waypoints": 9}}
{"target": -5898.308622340028, "params": {"k_pid_pos": [2.0, 1.0, 1.0], "k_pid_alt": [2.0, 0.9674215316772461, 1.0], "k_pid_att": [0.0, 0.7165594696998596, 0.0], "k_pid_yaw": [0.5, 1e-06, 0.1], "k_pid_hsp": [9.542530059814453, 0.0, 0.0], "k_pid_vsp": [400.0, 398.5131530761719, 400.0]}, "datetime": {"datetime": "2025-08-12 09:43:59", "elapsed": 62319.345705747604, "delta": 29.387999057769775}, "costs": {"total_cost": 5898.308622340028, "time_cost": 150, "final_distance_cost": 806.0047325233902, "oscillation_cost": 2369.1055399017723, "completition_cost": 1000.0, "overshoot_cost": 1340.1812042764038, "power_cost": 57.36305169677735, "noise_cost": 175.65409394168472, "n_waypoints_completed": 0, "tot_waypoints": 9}}
{"target": -1871.5316886365108, "params": {"k_pid_pos": [2.0, 0.9311912059783936, 1.0], "k_pid_alt": [2.0, 0.9295912981033325, 0.9835371375083923], "k_pid_att": [5.958718299865723, 0.5363868474960327, 0.03324556350708008], "k_pid_yaw": [0.5, 1e-06, 0.1], "k_pid_hsp": [9.551041603088379, 0.0, 0.0], "k_pid_vsp": [392.31610107421875, 375.0675048828125, 396.3497314453125]}, "datetime": {"datetime": "2025-08-12 09:44:28", "elapsed": 62348.33865094185, "delta": 28.992945194244385}, "costs": {"total_cost": 1871.5316886365108, "time_cost": 150, "final_distance_cost": 1.0001081876205042, "oscillation_cost": 481.4662879192066, "completition_cost": 1000.0, "overshoot_cost": 147.28554883871502, "power_cost": 30.206178857421875, "noise_cost": 61.57356483354677, "n_waypoints_completed": 0, "tot_waypoints": 9}}
{"target": -3992.030562249304, "params": {"k_pid_pos": [1.7689329385757446, 1.0, 1.0], "k_pid_alt": [1.9422550201416016, 1.0, 1.0], "k_pid_att": [0.0, 0.2171788364648819, 0.0], "k_pid_yaw": [0.5, 1e-06, 0.1], "k_pid_hsp": [10.0, 0.0, 0.0], "k_pid_vsp": [400.0, 400.0, 369.14227294921875]}, "datetime": {"datetime": "2025-08-12 09:44:57", "elapsed": 62376.84176301956, "delta": 28.503112077713013}, "costs": {"total_cost": 3992.030562249304, "time_cost": 150, "final_distance_cost": 352.00546096956293, "oscillation_cost": 1092.8694475530942, "completition_cost": 1000.0, "overshoot_cost": 1171.0040367068607, "power_cost": 57.579719152832034, "noise_cost": 168.57189786695363, "n_waypoints_completed": 0, "tot_waypoints": 9}}
{"target": -8164.90334413926, "params": {"k_pid_pos": [2.0, 1.0, 0.9748333096504211], "k_pid_alt": [1.8985908031463623, 1.0, 1.0], "k_pid_att": [0.0, 9.999999747378752e-05, 0.0], "k_pid_yaw": [0.5, 1e-06, 0.1], "k_pid_hsp": [10.0, 0.0263364315032959, 0.0], "k_pid_vsp": [377.3931579589844, 382.6546630859375, 394.2543640136719]}, "datetime": {"datetime": "2025-08-12 09:45:26", "elapsed": 62405.48595619202, "delta": 28.644193172454834}, "costs": {"total_cost": 8164.90334413926, "time_cost": 150, "final_distance_cost": 793.9611318722865, "oscillation_cost": 14.625860252356919, "completition_cost": 1000.0, "overshoot_cost": 6063.913680137859, "power_cost": 44.086472607421875, "noise_cost": 98.31619926933699, "n_waypoints_completed": 0, "tot_waypoints": 9}}
{"target": -1594.1686901444807, "params": {"k_pid_pos": [2.0, 1.0, 0.9639993906021118], "k_pid_alt": [1.987879753112793, 1.0, 0.9360349178314209], "k_pid_att": [4.2411208152771, 9.999999747378752e-05, 0.0], "k_pid_yaw": [0.5, 1e-06, 0.1], "k_pid_hsp": [9.41342544555664, 0.0, 0.0], "k_pid_vsp": [375.09417724609375, 400.0, 400.0]}, "datetime": {"datetime": "2025-08-12 09:45:52", "elapsed": 62432.05228114128, "delta": 26.566324949264526}, "costs": {"total_cost": 1594.1686901444807, "time_cost": 150, "final_distance_cost": 86.25694602271476, "oscillation_cost": 453.22290525754454, "completition_cost": 777.7777777777778, "overshoot_cost": 67.25253915847073, "power_cost": 31.939349682617188, "noise_cost": 27.71917224535587, "n_waypoints_completed": 2, "tot_waypoints": 9}}
{"target": -1725.0974356460626, "params": {"k_pid_pos": [2.0, 0.9386056661605835, 0.9471411108970642], "k_pid_alt": [1.958992838859558, 1.0, 1.0], "k_pid_att": [2.463585138320923, 9.999999747378752e-05, 0.023654699325561523], "k_pid_yaw": [0.5, 1e-06, 0.1], "k_pid_hsp": [10.0, 0.0, 0.0], "k_pid_vsp": [378.36700439453125, 400.0, 372.8567199707031]}, "datetime": {"datetime": "2025-08-12 09:46:21", "elapsed": 62460.87906265259, "delta": 28.826781511306763}, "costs": {"total_cost": 1725.0974356460626, "time_cost": 150, "final_distance_cost": 0.9995737578803028, "oscillation_cost": 347.0068580548768, "completition_cost": 1000.0, "overshoot_cost": 146.60653781705005, "power_cost": 30.163162207031252, "noise_cost": 50.321303809224126, "n_waypoints_completed": 0, "tot_waypoints": 9}}
{"target": -5216.328844439087, "params": {"k_pid_pos": [2.0, 1.0, 0.9406641721725464], "k_pid_alt": [2.0, 0.9076418280601501, 0.8902378678321838], "k_pid_att": [0.0, 0.3451656997203827, 0.1290929913520813], "k_pid_yaw": [0.5, 1e-06, 0.1], "k_pid_hsp": [10.0, 0.020823687314987183, 0.0], "k_pid_vsp": [371.5736999511719, 385.9037780761719, 394.0315856933594]}, "datetime": {"datetime": "2025-08-12 09:46:50", "elapsed": 62490.003453969955, "delta": 29.124391317367554}, "costs": {"total_cost": 5216.328844439087, "time_cost": 150, "final_distance_cost": 744.8425120093857, "oscillation_cost": 977.157065792294, "completition_cost": 1000.0, "overshoot_cost": 2119.177728815393, "power_cost": 57.001214843750006, "noise_cost": 168.15032297826494, "n_waypoints_completed": 0, "tot_waypoints": 9}}
