{"target": -4872.163336523632, "params": {"k_pid_pos": [2.0, 1.0, 1.0], "k_pid_alt": [2.0, 0.9383946061134338, 1.0], "k_pid_att": [0.0, 9.999999747378752e-05, 0.03589180111885071], "k_pid_yaw": [0.5, 1e-06, 0.1], "k_pid_hsp": [10.0, 0.0, 0.0], "k_pid_vsp": [400.0, 400.0, 374.33935546875]}, "datetime": {"datetime": "2025-08-11 23:05:11", "elapsed": 23990.65936279297, "delta": 30.699487447738647}, "costs": {"total_cost": 4872.163336523632, "time_cost": 150, "final_distance_cost": 1326.9657050601102, "oscillation_cost": 5.308830540165083, "completition_cost": 1000.0, "overshoot_cost": 2286.1287421573643, "power_cost": 30.795188720703127, "noise_cost": 72.96487004529, "n_waypoints_completed": 0, "tot_waypoints": 9}}
{"target": -4715.277749711653, "params": {"k_pid_pos": [2.0, 1.0, 0.9545207023620605], "k_pid_alt": [1.9502332210540771, 0.9715355634689331, 0.9665993452072144], "k_pid_att": [0.0, 9.999999747378752e-05, 0.06233340501785278], "k_pid_yaw": [0.5, 1e-06, 0.1], "k_pid_hsp": [9.936114311218262, 0.013552069664001465, 0.011482775211334229], "k_pid_vsp": [396.344482421875, 395.6328430175781, 399.7109069824219]}, "datetime": {"datetime": "2025-08-11 23:05:41", "elapsed": 24020.65216064453, "delta": 29.9927978515625}, "costs": {"total_cost": 4715.277749711653, "time_cost": 150, "final_distance_cost": 712.754133607429, "oscillation_cost": 3.8846160456223333, "completition_cost": 1000.0, "overshoot_cost": 2721.3581011130173, "power_cost": 29.751126611328125, "noise_cost": 97.5297723342566, "n_waypoints_completed": 0, "tot_waypoints": 9}}
{"target": -5843.301049805693, "params": {"k_pid_pos": [2.0, 0.9045928716659546, 1.0], "k_pid_alt": [2.0, 0.953873872756958, 0.9842439889907837], "k_pid_att": [0.0, 9.999999747378752e-05, 0.01571550965309143], "k_pid_yaw": [0.5, 1e-06, 0.1], "k_pid_hsp": [10.0, 0.04031306505203247, 0.05537766218185425], "k_pid_vsp": [387.2064208984375, 395.95782470703125, 400.0]}, "datetime": {"datetime": "2025-08-11 23:06:12", "elapsed": 24052.163975954056, "delta": 31.511815309524536}, "costs": {"total_cost": 5843.301049805693, "time_cost": 150, "final_distance_cost": 1434.569278891993, "oscillation_cost": 7.477487357320742, "completition_cost": 1000.0, "overshoot_cost": 3162.266219050054, "power_cost": 32.92158607177735, "noise_cost": 56.06647843454722, "n_waypoints_completed": 0, "tot_waypoints": 9}}
{"target": -1448.3576919754532, "params": {"k_pid_pos": [2.0, 0.9793384075164795, 0.9849180579185486], "k_pid_alt": [1.9972407817840576, 0.8744860887527466, 1.0], "k_pid_att": [4.900485038757324, 9.999999747378752e-05, 0.025043338537216187], "k_pid_yaw": [0.5, 1e-06, 0.1], "k_pid_hsp": [9.34521770477295, 0.0, 0.019396185874938965], "k_pid_vsp": [400.0, 358.2422790527344, 400.0]}, "datetime": {"datetime": "2025-08-11 23:06:42", "elapsed": 24082.25455713272, "delta": 30.09058117866516}, "costs": {"total_cost": 1448.3576919754532, "time_cost": 150, "final_distance_cost": 55.74239389976875, "oscillation_cost": 440.09066886118376, "completition_cost": 666.6666666666667, "overshoot_cost": 74.10619401533395, "power_cost": 33.193787353515624, "noise_cost": 28.55798117898442, "n_waypoints_completed": 3, "tot_waypoints": 9}}
{"target": -1869.4028298567298, "params": {"k_pid_pos": [2.0, 0.9203521013259888, 0.9250030517578125], "k_pid_alt": [1.9910476207733154, 1.0, 1.0], "k_pid_att": [3.6600232124328613, 9.999999747378752e-05, 0.026957541704177856], "k_pid_yaw": [0.5, 1e-06, 0.1], "k_pid_hsp": [10.0, 0.0, 0.0], "k_pid_vsp": [385.7806701660156, 381.9997253417969, 400.0]}, "datetime": {"datetime": "2025-08-11 23:07:13", "elapsed": 24112.873453617096, "delta": 30.618896484375}, "costs": {"total_cost": 1869.4028298567298, "time_cost": 150, "final_distance_cost": 1.000011635652959, "oscillation_cost": 426.6364945842282, "completition_cost": 1000.0, "overshoot_cost": 159.5181646678217, "power_cost": 29.865604614257816, "noise_cost": 102.38255435476921, "n_waypoints_completed": 0, "tot_waypoints": 9}}
{"target": -8262.258614821274, "params": {"k_pid_pos": [1.8557618856430054, 0.9730100631713867, 1.0], "k_pid_alt": [1.9710946083068848, 1.0, 1.0], "k_pid_att": [0.0, 9.999999747378752e-05, 0.0], "k_pid_yaw": [0.5, 1e-06, 0.1], "k_pid_hsp": [10.0, 0.0, 0.0], "k_pid_vsp": [392.6990966796875, 400.0, 400.0]}, "datetime": {"datetime": "2025-08-11 23:07:44", "elapsed": 24143.933088064194, "delta": 31.05963444709778}, "costs": {"total_cost": 8262.258614821274, "time_cost": 150, "final_distance_cost": 871.2902947727911, "oscillation_cost": 14.683550048440834, "completition_cost": 1000.0, "overshoot_cost": 6087.3817781294265, "power_cost": 44.210942785644534, "noise_cost": 94.69204908497036, "n_waypoints_completed": 0, "tot_waypoints": 9}}
{"target": -1814.4103818538392, "params": {"k_pid_pos": [1.8543816804885864, 0.9799913763999939, 1.0], "k_pid_alt": [2.0, 0.9761889576911926, 1.0], "k_pid_att": [3.117626905441284, 9.999999747378752e-05, 0.04166582226753235], "k_pid_yaw": [0.5, 1e-06, 0.1], "k_pid_hsp": [9.639890670776367, 0.0, 0.0], "k_pid_vsp": [339.7043151855469, 357.2867736816406, 374.9757385253906]}, "datetime": {"datetime": "2025-08-11 23:08:14", "elapsed": 24174.00926709175, "delta": 30.076179027557373}, "costs": {"total_cost": 1814.4103818538392, "time_cost": 150, "final_distance_cost": 0.9990434322768438, "oscillation_cost": 362.4354997988165, "completition_cost": 1000.0, "overshoot_cost": 161.40185361442204, "power_cost": 29.475250390625, "noise_cost": 110.09873461769897, "n_waypoints_completed": 0, "tot_waypoints": 9}}
{"target": -1718.511121133462, "params": {"k_pid_pos": [2.0, 1.0, 0.9887108206748962], "k_pid_alt": [1.9837284088134766, 0.9418715238571167, 0.9057289361953735], "k_pid_att": [2.6685266494750977, 0.5772829651832581, 0.025659024715423584], "k_pid_yaw": [0.5, 1e-06, 0.1], "k_pid_hsp": [10.0, 0.07857057452201843, 0.03972500562667847], "k_pid_vsp": [389.3340759277344, 384.17926025390625, 397.8717956542969]}, "datetime": {"datetime": "2025-08-11 23:08:45", "elapsed": 24204.48523902893, "delta": 30.475971937179565}, "costs": {"total_cost": 1718.511121133462, "time_cost": 150, "final_distance_cost": 29.30367829030468, "oscillation_cost": 382.89541966076405, "completition_cost": 1000.0, "overshoot_cost": 98.54502634449194, "power_cost": 31.246089086914065, "noise_cost": 26.520907750987142, "n_waypoints_completed": 0, "tot_waypoints": 9}}
{"target": -5603.237698694908, "params": {"k_pid_pos": [1.9990110397338867, 1.0, 0.9404615163803101], "k_pid_alt": [1.8667320013046265, 1.0, 0.9220273494720459], "k_pid_att": [0.0, 0.12933826446533203, 0.01624983549118042], "k_pid_yaw": [0.5, 1e-06, 0.1], "k_pid_hsp": [9.93730640411377, 0.014084547758102417, 0.006471037864685059], "k_pid_vsp": [400.0, 400.0, 400.0]}, "datetime": {"datetime": "2025-08-11 23:09:14", "elapsed": 24234.32754588127, "delta": 29.8423068523407}, "costs": {"total_cost": 5603.237698694908, "time_cost": 150, "final_distance_cost": 800.7696609666881, "oscillation_cost": 783.9543615669782, "completition_cost": 1000.0, "overshoot_cost": 2644.6280616166873, "power_cost": 57.61251691894532, "noise_cost": 166.27309762560918, "n_waypoints_completed": 0, "tot_waypoints": 9}}
{"target": -910.9326297542165, "params": {"k_pid_pos": [1.9461292028427124, 0.9857410788536072, 0.9975448846817017], "k_pid_alt": [2.0, 0.9867427945137024, 0.9958302974700928], "k_pid_att": [0.6268173456192017, 9.999999747378752e-05, 0.0], "k_pid_yaw": [0.5, 1e-06, 0.1], "k_pid_hsp": [10.0, 0.02998173236846924, 0.0], "k_pid_vsp": [400.0, 400.0, 359.4825134277344]}, "datetime": {"datetime": "2025-08-11 23:09:44", "elapsed": 24264.08416366577, "delta": 29.756617784500122}, "costs": {"total_cost": 910.9326297542165, "time_cost": 150, "final_distance_cost": 47.71210959564609, "oscillation_cost": 149.88502810753187, "completition_cost": 444.4444444444444, "overshoot_cost": 55.88190130212381, "power_cost": 33.28181740722656, "noise_cost": 29.72732889724379, "n_waypoints_completed": 5, "tot_waypoints": 9}}
{"target": -4104.755355896775, "params": {"k_pid_pos": [1.9909510612487793, 0.8960044384002686, 1.0], "k_pid_alt": [1.900822639465332, 0.9449926018714905, 1.0], "k_pid_att": [0.0, 0.3515254557132721, 0.0], "k_pid_yaw": [0.5, 1e-06, 0.1], "k_pid_hsp": [9.912736892700195, 0.0464383065700531, 0.0], "k_pid_vsp": [400.0, 400.0, 400.0]}, "datetime": {"datetime": "2025-08-11 23:10:14", "elapsed": 24293.98388671875, "delta": 29.899723052978516}, "costs": {"total_cost": 4104.755355896775, "time_cost": 150, "final_distance_cost": 309.1946005919208, "oscillation_cost": 1403.1591438966464, "completition_cost": 1000.0, "overshoot_cost": 1010.9114750077075, "power_cost": 57.94433542480469, "noise_cost": 173.545800975696, "n_waypoints_completed": 0, "tot_waypoints": 9}}
{"target": -1786.171150796441, "params": {"k_pid_pos": [1.9510589838027954, 1.0, 0.9686777591705322], "k_pid_alt": [2.0, 0.9985522031784058, 1.0], "k_pid_att": [2.354341745376587, 0.6741306185722351, 0.030221939086914062], "k_pid_yaw": [0.5, 1e-06, 0.1], "k_pid_hsp": [9.605826377868652, 0.042423754930496216, 0.0], "k_pid_vsp": [394.33551025390625, 390.0644836425781, 400.0]}, "datetime": {"datetime": "2025-08-11 23:10:45", "elapsed": 24324.438127994537, "delta": 30.454241275787354}, "costs": {"total_cost": 1786.171150796441, "time_cost": 150, "final_distance_cost": 1.000170859553251, "oscillation_cost": 346.57865555862355, "completition_cost": 1000.0, "overshoot_cost": 158.93302830878105, "power_cost": 29.50099122314453, "noise_cost": 100.1583048463382, "n_waypoints_completed": 0, "tot_waypoints": 9}}
{"target": -3069.522407646924, "params": {"k_pid_pos": [1.90946364402771, 0.8673182725906372, 0.9509419202804565], "k_pid_alt": [2.0, 0.9943970441818237, 0.9899959564208984], "k_pid_att": [0.0, 9.999999747378752e-05, 0.07139801979064941], "k_pid_yaw": [0.5, 1e-06, 0.1], "k_pid_hsp": [10.0, 0.03321632742881775, 0.0], "k_pid_vsp": [387.2625732421875, 365.0564270019531, 400.0]}, "datetime": {"datetime": "2025-08-11 23:11:15", "elapsed": 24355.057849168777, "delta": 30.619721174240112}, "costs": {"total_cost": 3069.522407646924, "time_cost": 150, "final_distance_cost": 531.1376140388264, "oscillation_cost": 3.252553021062617, "completition_cost": 1000.0, "overshoot_cost": 1242.0284848161632, "power_cost": 29.207396398925784, "noise_cost": 113.89635937194569, "n_waypoints_completed": 0, "tot_waypoints": 9}}
{"target": -8187.314485531204, "params": {"k_pid_pos": [2.0, 1.0, 1.0], "k_pid_alt": [2.0, 1.0, 0.9766674041748047], "k_pid_att": [0.0, 9.999999747378752e-05, 0.0], "k_pid_yaw": [0.5, 1e-06, 0.1], "k_pid_hsp": [10.0, 0.07198387384414673, 0.0], "k_pid_vsp": [400.0, 376.19110107421875, 400.0]}, "datetime": {"datetime": "2025-08-11 23:11:45", "elapsed": 24384.96711206436, "delta": 29.909262895584106}, "costs": {"total_cost": 8187.314485531204, "time_cost": 150, "final_distance_cost": 846.9039543544678, "oscillation_cost": 14.745441868928118, "completition_cost": 1000.0, "overshoot_cost": 6035.501522185414, "power_cost": 44.36390288085938, "noise_cost": 95.79966424153494, "n_waypoints_completed": 0, "tot_waypoints": 9}}
{"target": -13980.781344817417, "params": {"k_pid_pos": [2.0, 1.0, 1.0], "k_pid_alt": [1.9484864473342896, 0.9520701169967651, 1.0], "k_pid_att": [0.0, 0.8963347673416138, 0.028694868087768555], "k_pid_yaw": [0.5, 1e-06, 0.1], "k_pid_hsp": [10.0, 0.0, 0.0], "k_pid_vsp": [383.1672058105469, 378.9512939453125, 391.8583984375]}, "datetime": {"datetime": "2025-08-11 23:12:15", "elapsed": 24414.785365581512, "delta": 29.81825351715088}, "costs": {"total_cost": 13980.781344817417, "time_cost": 150, "final_distance_cost": 4616.759326564315, "oscillation_cost": 2170.34753331877, "completition_cost": 1000.0, "overshoot_cost": 5813.191795194679, "power_cost": 56.515846875, "noise_cost": 173.9668428646527, "n_waypoints_completed": 0, "tot_waypoints": 9}}
{"target": -6300.981201907625, "params": {"k_pid_pos": [2.0, 0.9899533987045288, 0.9817168712615967], "k_pid_alt": [1.9510034322738647, 1.0, 0.9842204451560974], "k_pid_att": [0.02262592315673828, 0.1623079478740692, 0.0], "k_pid_yaw": [0.5, 1e-06, 0.1], "k_pid_hsp": [9.295031547546387, 0.0, 0.0], "k_pid_vsp": [391.190185546875, 400.0, 400.0]}, "datetime": {"datetime": "2025-08-11 23:12:46", "elapsed": 24445.556164503098, "delta": 30.770798921585083}, "costs": {"total_cost": 6300.981201907625, "time_cost": 150, "final_distance_cost": 1117.5902720192785, "oscillation_cost": 713.6034910985187, "completition_cost": 1000.0, "overshoot_cost": 3098.408010653656, "power_cost": 57.230854968261724, "noise_cost": 164.14857316790903, "n_waypoints_completed": 0, "tot_waypoints": 9}}
{"target": -6007.420765703723, "params": {"k_pid_pos": [1.9944005012512207, 0.9366427659988403, 1.0], "k_pid_alt": [1.97963547706604, 0.9175453782081604, 0.9675686359405518], "k_pid_att": [0.0, 0.15769608318805695, 0.01095205545425415], "k_pid_yaw": [0.5, 1e-06, 0.1], "k_pid_hsp": [9.379475593566895, 0.03021824359893799, 0.0], "k_pid_vsp": [390.6094970703125, 389.21978759765625, 389.2088317871094]}, "datetime": {"datetime": "2025-08-11 23:13:16", "elapsed": 24476.067245721817, "delta": 30.511081218719482}, "costs": {"total_cost": 6007.420765703723, "time_cost": 150, "final_distance_cost": 1026.2044371252143, "oscillation_cost": 964.0531913782372, "completition_cost": 1000.0, "overshoot_cost": 2640.8938661831276, "power_cost": 57.83022667236328, "noise_cost": 168.43904434478134, "n_waypoints_completed": 0, "tot_waypoints": 9}}
{"target": -1684.8248317052241, "params": {"k_pid_pos": [2.0, 0.9536103010177612, 0.9857484102249146], "k_pid_alt": [2.0, 1.0, 0.9948513507843018], "k_pid_att": [1.1953502893447876, 0.150536447763443, 0.03008607029914856], "k_pid_yaw": [0.5, 1e-06, 0.1], "k_pid_hsp": [10.0, 0.0015199780464172363, 0.009357690811157227], "k_pid_vsp": [379.0118103027344, 400.0, 396.03851318359375]}, "datetime": {"datetime": "2025-08-11 23:13:47", "elapsed": 24507.26248192787, "delta": 31.195236206054688}, "costs": {"total_cost": 1684.8248317052241, "time_cost": 150, "final_distance_cost": 1.0002259919320406, "oscillation_cost": 255.80048018818704, "completition_cost": 1000.0, "overshoot_cost": 156.05026825285083, "power_cost": 29.445455090332032, "noise_cost": 92.5284021819222, "n_waypoints_completed": 0, "tot_waypoints": 9}}
{"target": -5345.795861171628, "params": {"k_pid_pos": [2.0, 0.9870355129241943, 0.9981105327606201], "k_pid_alt": [2.0, 0.9539690613746643, 0.9794650077819824], "k_pid_att": [0.05281269550323486, 0.18590041995048523, 0.0653606653213501], "k_pid_yaw": [0.5, 1e-06, 0.1], "k_pid_hsp": [10.0, 0.0, 0.0], "k_pid_vsp": [400.0, 365.77996826171875, 380.63702392578125]}, "datetime": {"datetime": "2025-08-11 23:14:18", "elapsed": 24537.538167715073, "delta": 30.275685787200928}, "costs": {"total_cost": 5345.795861171628, "time_cost": 150, "final_distance_cost": 1171.8308277158062, "oscillation_cost": 513.026715600664, "completition_cost": 1000.0, "overshoot_cost": 2293.569987192086, "power_cost": 57.75395516357422, "noise_cost": 159.61437549949724, "n_waypoints_completed": 0, "tot_waypoints": 9}}
{"target": -1581.0485553022816, "params": {"k_pid_pos": [1.9498647451400757, 1.0, 0.9423216581344604], "k_pid_alt": [1.9911224842071533, 0.9234259128570557, 0.9966773986816406], "k_pid_att": [0.003853440284729004, 9.999999747378752e-05, 0.0], "k_pid_yaw": [0.5, 1e-06, 0.1], "k_pid_hsp": [9.792912483215332, 0.02031797170639038, 0.0], "k_pid_vsp": [368.34576416015625, 400.0, 388.83935546875]}, "datetime": {"datetime": "2025-08-11 23:14:48", "elapsed": 24568.339061498642, "delta": 30.800893783569336}, "costs": {"total_cost": 1581.0485553022816, "time_cost": 150, "final_distance_cost": 80.74554299146635, "oscillation_cost": 20.132667413840153, "completition_cost": 1000.0, "overshoot_cost": 256.2773533609272, "power_cost": 32.198823791503905, "noise_cost": 41.6941677445439, "n_waypoints_completed": 0, "tot_waypoints": 9}}
{"target": -1191.6831284991654, "params": {"k_pid_pos": [1.8962641954421997, 0.9368752837181091, 0.9270941019058228], "k_pid_alt": [2.0, 0.9662091732025146, 1.0], "k_pid_att": [1.694720983505249, 0.5151317119598389, 0.0], "k_pid_yaw": [0.5, 1e-06, 0.1], "k_pid_hsp": [10.0, 0.03988289833068848, 0.021790295839309692], "k_pid_vsp": [400.0, 387.4760437011719, 400.0]}, "datetime": {"datetime": "2025-08-11 23:15:19", "elapsed": 24598.597502708435, "delta": 30.25844120979309}, "costs": {"total_cost": 1191.6831284991654, "time_cost": 150, "final_distance_cost": 43.41148908491435, "oscillation_cost": 311.5275088828422, "completition_cost": 555.5555555555555, "overshoot_cost": 69.068344267447, "power_cost": 33.20551448974609, "noise_cost": 28.914716218660253, "n_waypoints_completed": 4, "tot_waypoints": 9}}
{"target": -4190.1617752106395, "params": {"k_pid_pos": [2.0, 0.9821087121963501, 0.9026166200637817], "k_pid_alt": [1.8479558229446411, 0.9535219669342041, 0.9803576469421387], "k_pid_att": [0.0, 9.999999747378752e-05, 0.04608875513076782], "k_pid_yaw": [0.5, 1e-06, 0.1], "k_pid_hsp": [9.85432243347168, 0.0198306143283844, 0.0011577308177947998], "k_pid_vsp": [374.689208984375, 400.0, 400.0]}, "datetime": {"datetime": "2025-08-11 23:15:49", "elapsed": 24629.35750055313, "delta": 30.759997844696045}, "costs": {"total_cost": 4190.1617752106395, "time_cost": 150, "final_distance_cost": 842.9159657712939, "oscillation_cost": 4.354842602879301, "completition_cost": 1000.0, "overshoot_cost": 2073.913686883422, "power_cost": 29.976063146972656, "noise_cost": 89.00121680607127, "n_waypoints_completed": 0, "tot_waypoints": 9}}
{"target": -812.8926085588462, "params": {"k_pid_pos": [1.920053243637085, 1.0, 1.0], "k_pid_alt": [1.7885501384735107, 1.0, 1.0], "k_pid_att": [0.5718261003494263, 0.22387923300266266, 0.027626097202301025], "k_pid_yaw": [0.5, 1e-06, 0.1], "k_pid_hsp": [9.56800651550293, 0.053384363651275635, 0.0], "k_pid_vsp": [378.6507568359375, 400.0, 400.0]}, "datetime": {"datetime": "2025-08-11 23:16:20", "elapsed": 24660.078778266907, "delta": 30.721277713775635}, "costs": {"total_cost": 812.8926085588462, "time_cost": 150, "final_distance_cost": 71.34731089025553, "oscillation_cost": 127.23958218411394, "completition_cost": 333.33333333333337, "overshoot_cost": 66.67316908692854, "power_cost": 34.04963465576172, "noise_cost": 30.249578408453154, "n_waypoints_completed": 6, "tot_waypoints": 9}}
{"target": -9217.246524018747, "params": {"k_pid_pos": [1.9655249118804932, 0.9919798374176025, 0.9919387102127075], "k_pid_alt": [2.0, 0.9675613641738892, 0.9674526453018188], "k_pid_att": [0.0, 9.999999747378752e-05, 0.006667733192443848], "k_pid_yaw": [0.5, 1e-06, 0.1], "k_pid_hsp": [9.475098609924316, 0.006049215793609619, 0.017383188009262085], "k_pid_vsp": [397.88311767578125, 395.5050354003906, 400.0]}, "datetime": {"datetime": "2025-08-11 23:16:51", "elapsed": 24691.022483110428, "delta": 30.943704843521118}, "costs": {"total_cost": 9217.246524018747, "time_cost": 150, "final_distance_cost": 2541.7267288523267, "oscillation_cost": 11.240342782262635, "completition_cost": 1000.0, "overshoot_cost": 5393.412471702809, "power_cost": 43.083266931152345, "noise_cost": 77.78371375019493, "n_waypoints_completed": 0, "tot_waypoints": 9}}
{"target": -1132.310538620271, "params": {"k_pid_pos": [2.0, 1.0, 0.9824836254119873], "k_pid_alt": [1.9373297691345215, 1.0, 1.0], "k_pid_att": [8.226508140563965, 9.999999747378752e-05, 0.008875817060470581], "k_pid_yaw": [0.5, 1e-06, 0.1], "k_pid_hsp": [10.0, 0.0, 0.10659688711166382], "k_pid_vsp": [400.0, 388.8146057128906, 400.0]}, "datetime": {"datetime": "2025-08-11 23:17:22", "elapsed": 24721.630253314972, "delta": 30.607770204544067}, "costs": {"total_cost": 1132.310538620271, "time_cost": 150, "final_distance_cost": 64.66401599481853, "oscillation_cost": 460.7975400213597, "completition_cost": 333.33333333333337, "overshoot_cost": 58.95099048988782, "power_cost": 33.90395419921875, "noise_cost": 30.660704581652833, "n_waypoints_completed": 6, "tot_waypoints": 9}}
{"target": -5229.363815130401, "params": {"k_pid_pos": [2.0, 1.0, 1.0], "k_pid_alt": [1.970070242881775, 1.0, 1.0], "k_pid_att": [0.0, 0.07212582975625992, 0.0], "k_pid_yaw": [0.5, 1e-06, 0.1], "k_pid_hsp": [9.979171752929688, 0.0, 0.013080298900604248], "k_pid_vsp": [400.0, 400.0, 400.0]}, "datetime": {"datetime": "2025-08-11 23:17:53", "elapsed": 24752.47297024727, "delta": 30.842716932296753}, "costs": {"total_cost": 5229.363815130401, "time_cost": 150, "final_distance_cost": 776.8666879850118, "oscillation_cost": 607.5147966286121, "completition_cost": 1000.0, "overshoot_cost": 2474.2631702776875, "power_cost": 57.15547724609375, "noise_cost": 163.563682992995, "n_waypoints_completed": 0, "tot_waypoints": 9}}
{"target": -8166.193895714594, "params": {"k_pid_pos": [2.0, 1.0, 1.0], "k_pid_alt": [2.0, 1.0, 0.9751477837562561], "k_pid_att": [0.0, 9.999999747378752e-05, 0.0], "k_pid_yaw": [0.5, 1e-06, 0.1], "k_pid_hsp": [10.0, 0.13342726230621338, 0.0], "k_pid_vsp": [395.3369140625, 388.908447265625, 399.3824157714844]}, "datetime": {"datetime": "2025-08-11 23:18:23", "elapsed": 24783.203043460846, "delta": 30.73007321357727}, "costs": {"total_cost": 8166.193895714594, "time_cost": 150, "final_distance_cost": 923.8402426611005, "oscillation_cost": 14.746220168894915, "completition_cost": 1000.0, "overshoot_cost": 5937.976003069385, "power_cost": 44.340584118652345, "noise_cost": 95.29084569656149, "n_waypoints_completed": 0, "tot_waypoints": 9}}
