{"target": -9245.41951210942, "params": {"k_pid_pos": [2.0, 1.0, 0.9219539165496826], "k_pid_alt": [2.0, 0.9675060510635376, 1.0], "k_pid_att": [0.0, 9.999999747378752e-05, 0.004437506198883057], "k_pid_yaw": [0.5, 1e-06, 0.1], "k_pid_hsp": [9.864001274108887, 0.0, 0.037147849798202515], "k_pid_vsp": [393.1788024902344, 390.2666931152344, 400.0]}, "datetime": {"datetime": "2025-08-12 07:41:23", "elapsed": 54963.34196186066, "delta": 31.736225605010986}, "costs": {"total_cost": 9245.41951210942, "time_cost": 150, "final_distance_cost": 2631.1376002325937, "oscillation_cost": 12.205617032011885, "completition_cost": 1000.0, "overshoot_cost": 5331.646443910503, "power_cost": 43.850287414550785, "noise_cost": 76.57956351976047, "n_waypoints_completed": 0, "tot_waypoints": 9}}
{"target": -8189.012119629202, "params": {"k_pid_pos": [2.0, 1.0, 1.0], "k_pid_alt": [1.9089934825897217, 0.9180140495300293, 0.993767261505127], "k_pid_att": [0.0, 9.999999747378752e-05, 0.0], "k_pid_yaw": [0.5, 1e-06, 0.1], "k_pid_hsp": [10.0, 0.0, 0.01161050796508789], "k_pid_vsp": [400.0, 398.97003173828125, 389.6763610839844]}, "datetime": {"datetime": "2025-08-12 07:41:55", "elapsed": 54994.82563877106, "delta": 31.48367691040039}, "costs": {"total_cost": 8189.012119629202, "time_cost": 150, "final_distance_cost": 1118.8156495367114, "oscillation_cost": 14.946752378946558, "completition_cost": 1000.0, "overshoot_cost": 5770.565270554915, "power_cost": 45.10343629150391, "noise_cost": 89.58101086712577, "n_waypoints_completed": 0, "tot_waypoints": 9}}
{"target": -1072.622729075968, "params": {"k_pid_pos": [2.0, 1.0, 0.9625633955001831], "k_pid_alt": [2.0, 0.9649014472961426, 1.0], "k_pid_att": [4.894906044006348, 0.04865315929055214, 0.0], "k_pid_yaw": [0.5, 1e-06, 0.1], "k_pid_hsp": [10.0, 0.0, 0.19676226377487183], "k_pid_vsp": [400.0, 374.5692138671875, 380.1150817871094]}, "datetime": {"datetime": "2025-08-12 07:42:28", "elapsed": 55027.612622737885, "delta": 32.78698396682739}, "costs": {"total_cost": 1072.622729075968, "time_cost": 150, "final_distance_cost": 65.9876286598457, "oscillation_cost": 399.5855715371768, "completition_cost": 333.33333333333337, "overshoot_cost": 60.221140176133844, "power_cost": 33.477625, "noise_cost": 30.017430369478266, "n_waypoints_completed": 6, "tot_waypoints": 9}}
{"target": -8070.878906947335, "params": {"k_pid_pos": [2.0, 0.9679818153381348, 0.9749448299407959], "k_pid_alt": [2.0, 0.9804990291595459, 0.9877002239227295], "k_pid_att": [0.0, 9.999999747378752e-05, 0.0], "k_pid_yaw": [0.5, 1e-06, 0.1], "k_pid_hsp": [10.0, 0.010291874408721924, 0.008674025535583496], "k_pid_vsp": [400.0, 400.0, 400.0]}, "datetime": {"datetime": "2025-08-12 07:43:01", "elapsed": 55060.53650331497, "delta": 32.9238805770874}, "costs": {"total_cost": 8070.878906947335, "time_cost": 150, "final_distance_cost": 974.722277753382, "oscillation_cost": 14.849015021999751, "completition_cost": 1000.0, "overshoot_cost": 5793.399596637006, "power_cost": 44.615685937500004, "noise_cost": 93.29233159744766, "n_waypoints_completed": 0, "tot_waypoints": 9}}
{"target": -1464.6803297451354, "params": {"k_pid_pos": [2.0, 1.0, 1.0], "k_pid_alt": [1.9784733057022095, 0.9852225184440613, 1.0], "k_pid_att": [5.51062536239624, 0.1547069400548935, 0.00811833143234253], "k_pid_yaw": [0.5, 1e-06, 0.1], "k_pid_hsp": [9.775585174560547, 0.0, 0.0], "k_pid_vsp": [396.10345458984375, 387.5921325683594, 400.0]}, "datetime": {"datetime": "2025-08-12 07:43:33", "elapsed": 55092.76271533966, "delta": 32.22621202468872}, "costs": {"total_cost": 1464.6803297451354, "time_cost": 150, "final_distance_cost": 51.87444054711636, "oscillation_cost": 457.5767115933689, "completition_cost": 666.6666666666667, "overshoot_cost": 76.26403523743559, "power_cost": 32.54954891357422, "noise_cost": 29.74892678697378, "n_waypoints_completed": 3, "tot_waypoints": 9}}
{"target": -4161.993176256228, "params": {"k_pid_pos": [2.0, 0.9907536506652832, 1.0], "k_pid_alt": [1.9359058141708374, 0.9976222515106201, 0.9397580623626709], "k_pid_att": [0.0, 0.3691160976886749, 0.004746973514556885], "k_pid_yaw": [0.5, 1e-06, 0.1], "k_pid_hsp": [10.0, 0.0, 0.0], "k_pid_vsp": [400.0, 393.29510498046875, 392.95416259765625]}, "datetime": {"datetime": "2025-08-12 07:44:06", "elapsed": 55125.53648996353, "delta": 32.77377462387085}, "costs": {"total_cost": 4161.993176256228, "time_cost": 150, "final_distance_cost": 312.72575628517427, "oscillation_cost": 1476.643625789161, "completition_cost": 1000.0, "overshoot_cost": 993.6581775510672, "power_cost": 57.38580788574219, "noise_cost": 171.57980874508402, "n_waypoints_completed": 0, "tot_waypoints": 9}}
{"target": -1060.448815739954, "params": {"k_pid_pos": [2.0, 0.8774757385253906, 0.9604282379150391], "k_pid_alt": [1.9953601360321045, 0.9668534994125366, 0.9939382672309875], "k_pid_att": [0.41117966175079346, 9.999999747378752e-05, 0.11434739828109741], "k_pid_yaw": [0.5, 1e-06, 0.1], "k_pid_hsp": [10.0, 0.0, 0.0], "k_pid_vsp": [386.0284118652344, 396.7070007324219, 387.0563049316406]}, "datetime": {"datetime": "2025-08-12 07:44:36", "elapsed": 55156.34143829346, "delta": 30.804948329925537}, "costs": {"total_cost": 1060.448815739954, "time_cost": 150, "final_distance_cost": 53.73860369164532, "oscillation_cost": 44.21737241338939, "completition_cost": 666.6666666666667, "overshoot_cost": 82.66897385584143, "power_cost": 32.197103869628904, "noise_cost": 30.960095242781993, "n_waypoints_completed": 3, "tot_waypoints": 9}}
{"target": -3903.5504926668978, "params": {"k_pid_pos": [2.0, 1.0, 1.0], "k_pid_alt": [1.75824773311615, 0.9500960111618042, 0.9845664501190186], "k_pid_att": [0.0, 0.16372592747211456, 0.0], "k_pid_yaw": [0.5, 1e-06, 0.1], "k_pid_hsp": [9.089412689208984, 0.04346954822540283, 0.0], "k_pid_vsp": [386.6439208984375, 400.0, 400.0]}, "datetime": {"datetime": "2025-08-12 07:45:09", "elapsed": 55189.14888548851, "delta": 32.8074471950531}, "costs": {"total_cost": 3903.5504926668978, "time_cost": 150, "final_distance_cost": 399.55179031450496, "oscillation_cost": 895.9250721229223, "completition_cost": 1000.0, "overshoot_cost": 1232.2378761229231, "power_cost": 57.457217468261724, "noise_cost": 168.37853663828596, "n_waypoints_completed": 0, "tot_waypoints": 9}}
{"target": -4261.074467928811, "params": {"k_pid_pos": [1.9275145530700684, 1.0, 1.0], "k_pid_alt": [1.8878076076507568, 0.8489324450492859, 0.9877104163169861], "k_pid_att": [0.0, 0.6280596852302551, 0.0], "k_pid_yaw": [0.5, 1e-06, 0.1], "k_pid_hsp": [10.0, 0.035333454608917236, 0.021354705095291138], "k_pid_vsp": [388.03363037109375, 368.9131164550781, 400.0]}, "datetime": {"datetime": "2025-08-12 07:45:43", "elapsed": 55222.60522580147, "delta": 33.456340312957764}, "costs": {"total_cost": 4261.074467928811, "time_cost": 150, "final_distance_cost": 228.18248624708662, "oscillation_cost": 2002.0625680464507, "completition_cost": 1000.0, "overshoot_cost": 650.3509880138544, "power_cost": 56.87326208496094, "noise_cost": 173.60516353645795, "n_waypoints_completed": 0, "tot_waypoints": 9}}
{"target": -4240.868221401518, "params": {"k_pid_pos": [1.9288034439086914, 0.9609589576721191, 1.0], "k_pid_alt": [2.0, 1.0, 1.0], "k_pid_att": [0.006380677223205566, 0.7622820138931274, 0.0], "k_pid_yaw": [0.5, 1e-06, 0.1], "k_pid_hsp": [8.89944839477539, 0.05673474073410034, 0.0], "k_pid_vsp": [400.0, 400.0, 400.0]}, "datetime": {"datetime": "2025-08-12 07:46:13", "elapsed": 55252.976360321045, "delta": 30.371134519577026}, "costs": {"total_cost": 4240.868221401518, "time_cost": 150, "final_distance_cost": 240.1969577894086, "oscillation_cost": 1884.3448810460513, "completition_cost": 1000.0, "overshoot_cost": 734.2357029507406, "power_cost": 57.38541541748047, "noise_cost": 174.7052641978365, "n_waypoints_completed": 0, "tot_waypoints": 9}}
{"target": -5044.395446379799, "params": {"k_pid_pos": [1.9139705896377563, 0.9927647113800049, 0.9984652400016785], "k_pid_alt": [1.9268447160720825, 0.9827133417129517, 0.9823768734931946], "k_pid_att": [0.0, 9.999999747378752e-05, 0.021207541227340698], "k_pid_yaw": [0.5, 1e-06, 0.1], "k_pid_hsp": [10.0, 0.030097931623458862, 0.045501500368118286], "k_pid_vsp": [354.905029296875, 400.0, 400.0]}, "datetime": {"datetime": "2025-08-12 07:46:46", "elapsed": 55285.64755487442, "delta": 32.671194553375244}, "costs": {"total_cost": 5044.395446379799, "time_cost": 150, "final_distance_cost": 1059.2046978280011, "oscillation_cost": 6.401235858047404, "completition_cost": 1000.0, "overshoot_cost": 2711.6405444603924, "power_cost": 31.503472863769534, "noise_cost": 85.64549536958913, "n_waypoints_completed": 0, "tot_waypoints": 9}}
{"target": -8069.335267077823, "params": {"k_pid_pos": [2.0, 0.9995865821838379, 1.0], "k_pid_alt": [2.0, 1.0, 0.9425646066665649], "k_pid_att": [0.0, 9.999999747378752e-05, 0.0], "k_pid_yaw": [0.5, 1e-06, 0.1], "k_pid_hsp": [10.0, 0.0, 0.0], "k_pid_vsp": [388.7392578125, 373.34783935546875, 360.3026428222656]}, "datetime": {"datetime": "2025-08-12 07:47:19", "elapsed": 55318.86884188652, "delta": 33.22128701210022}, "costs": {"total_cost": 8069.335267077823, "time_cost": 150, "final_distance_cost": 1189.3871883457043, "oscillation_cost": 15.257882472016279, "completition_cost": 1000.0, "overshoot_cost": 5589.034980795247, "power_cost": 45.2924599609375, "noise_cost": 80.36275550391747, "n_waypoints_completed": 0, "tot_waypoints": 9}}
{"target": -5211.60208015204, "params": {"k_pid_pos": [1.967548131942749, 1.0, 1.0], "k_pid_alt": [1.924267292022705, 0.9127877354621887, 1.0], "k_pid_att": [0.0, 0.40211498737335205, 0.0], "k_pid_yaw": [0.5, 1e-06, 0.1], "k_pid_hsp": [10.0, 0.0, 0.032966941595077515], "k_pid_vsp": [348.6971740722656, 391.4227600097656, 400.0]}, "datetime": {"datetime": "2025-08-12 07:47:53", "elapsed": 55352.79336428642, "delta": 33.924522399902344}, "costs": {"total_cost": 5211.60208015204, "time_cost": 150, "final_distance_cost": 735.6657106646957, "oscillation_cost": 1703.1492241193687, "completition_cost": 1000.0, "overshoot_cost": 1391.4323012338953, "power_cost": 57.45343526611328, "noise_cost": 173.9014088679669, "n_waypoints_completed": 0, "tot_waypoints": 9}}
{"target": -1597.887244610269, "params": {"k_pid_pos": [1.8193656206130981, 0.9849302768707275, 1.0], "k_pid_alt": [1.9857208728790283, 0.970077633857727, 0.9264429807662964], "k_pid_att": [4.042673110961914, 9.999999747378752e-05, 0.08537298440933228], "k_pid_yaw": [0.5, 1e-06, 0.1], "k_pid_hsp": [10.0, 0.0762738585472107, 0.0], "k_pid_vsp": [395.7101745605469, 363.1438293457031, 397.247802734375]}, "datetime": {"datetime": "2025-08-12 07:48:25", "elapsed": 55384.95683813095, "delta": 32.1634738445282}, "costs": {"total_cost": 1597.887244610269, "time_cost": 150, "final_distance_cost": 0.9968748987264743, "oscillation_cost": 158.5122704466286, "completition_cost": 1000.0, "overshoot_cost": 158.41942919754257, "power_cost": 29.698425231933594, "noise_cost": 100.2602448354376, "n_waypoints_completed": 0, "tot_waypoints": 9}}
{"target": -1390.7726198884072, "params": {"k_pid_pos": [1.8694862127304077, 0.961512565612793, 0.9332834482192993], "k_pid_alt": [1.9910616874694824, 1.0, 1.0], "k_pid_att": [3.5124599933624268, 0.19787636399269104, 0.0047602057456970215], "k_pid_yaw": [0.5, 1e-06, 0.1], "k_pid_hsp": [9.454773902893066, 0.056884944438934326, 0.09815734624862671], "k_pid_vsp": [369.4778137207031, 400.0, 393.29888916015625]}, "datetime": {"datetime": "2025-08-12 07:48:57", "elapsed": 55417.14513897896, "delta": 32.1883008480072}, "costs": {"total_cost": 1390.7726198884072, "time_cost": 150, "final_distance_cost": 52.52422754463033, "oscillation_cost": 390.261041612165, "completition_cost": 666.6666666666667, "overshoot_cost": 70.39013813828518, "power_cost": 32.216264196777345, "noise_cost": 28.714281729882767, "n_waypoints_completed": 3, "tot_waypoints": 9}}
{"target": -1226.5034382131112, "params": {"k_pid_pos": [1.9236688613891602, 1.0, 0.9520914554595947], "k_pid_alt": [1.946716070175171, 1.0, 1.0], "k_pid_att": [4.957527160644531, 9.999999747378752e-05, 0.0], "k_pid_yaw": [0.5, 1e-06, 0.1], "k_pid_hsp": [10.0, 0.0, 0.018783092498779297], "k_pid_vsp": [400.0, 383.6176452636719, 400.0]}, "datetime": {"datetime": "2025-08-12 07:49:30", "elapsed": 55449.55950832367, "delta": 32.414369344711304}, "costs": {"total_cost": 1226.5034382131112, "time_cost": 150, "final_distance_cost": 58.071135053117075, "oscillation_cost": 442.4763941669221, "completition_cost": 444.4444444444444, "overshoot_cost": 69.95139521624249, "power_cost": 33.201105078125, "noise_cost": 28.358964254260158, "n_waypoints_completed": 5, "tot_waypoints": 9}}
{"target": -4812.054537530742, "params": {"k_pid_pos": [2.0, 0.9370728731155396, 1.0], "k_pid_alt": [1.9357415437698364, 0.9720484614372253, 0.9329907298088074], "k_pid_att": [0.0, 0.9065354466438293, 0.0], "k_pid_yaw": [0.5, 1e-06, 0.1], "k_pid_hsp": [10.0, 0.0, 0.08748835325241089], "k_pid_vsp": [400.0, 400.0, 397.0771789550781]}, "datetime": {"datetime": "2025-08-12 07:50:02", "elapsed": 55481.74259734154, "delta": 32.18308901786804}, "costs": {"total_cost": 4812.054537530742, "time_cost": 150, "final_distance_cost": 387.70191644942724, "oscillation_cost": 2069.3855179882294, "completition_cost": 1000.0, "overshoot_cost": 973.3861145054367, "power_cost": 57.16987083740235, "noise_cost": 174.4111177502463, "n_waypoints_completed": 0, "tot_waypoints": 9}}
{"target": -1368.2404764501891, "params": {"k_pid_pos": [2.0, 1.0, 0.9919942617416382], "k_pid_alt": [1.9635170698165894, 1.0, 1.0], "k_pid_att": [8.158782005310059, 0.760807991027832, 0.011273980140686035], "k_pid_yaw": [0.5, 1e-06, 0.1], "k_pid_hsp": [9.969902038574219, 0.02877292037010193, 0.0], "k_pid_vsp": [389.3702392578125, 365.50091552734375, 368.20892333984375]}, "datetime": {"datetime": "2025-08-12 07:50:33", "elapsed": 55513.03691935539, "delta": 31.29432201385498}, "costs": {"total_cost": 1368.2404764501891, "time_cost": 150, "final_distance_cost": 43.3972119938621, "oscillation_cost": 483.017883292405, "completition_cost": 555.5555555555555, "overshoot_cost": 75.94008674585761, "power_cost": 32.10626529541016, "noise_cost": 28.223473567098733, "n_waypoints_completed": 4, "tot_waypoints": 9}}
{"target": -1381.282725348459, "params": {"k_pid_pos": [1.9304832220077515, 0.9056786298751831, 0.9325201511383057], "k_pid_alt": [2.0, 1.0, 0.8786227703094482], "k_pid_att": [6.935620307922363, 0.27621573209762573, 0.0], "k_pid_yaw": [0.5, 1e-06, 0.1], "k_pid_hsp": [10.0, 0.0, 0.0], "k_pid_vsp": [400.0, 400.0, 400.0]}, "datetime": {"datetime": "2025-08-12 07:51:04", "elapsed": 55543.37017536163, "delta": 30.333256006240845}, "costs": {"total_cost": 1381.282725348459, "time_cost": 150, "final_distance_cost": 50.30116163676506, "oscillation_cost": 490.7647510737271, "completition_cost": 555.5555555555555, "overshoot_cost": 71.56863715949281, "power_cost": 33.058370263671875, "noise_cost": 30.034249659246793, "n_waypoints_completed": 4, "tot_waypoints": 9}}
{"target": -970.7198846372463, "params": {"k_pid_pos": [2.0, 0.9165041446685791, 0.974727988243103], "k_pid_alt": [2.0, 1.0, 1.0], "k_pid_att": [12.772637367248535, 9.999999747378752e-05, 0.046865880489349365], "k_pid_yaw": [0.5, 1e-06, 0.1], "k_pid_hsp": [9.17190933227539, 0.0, 0.01423671841621399], "k_pid_vsp": [390.30889892578125, 389.1198425292969, 397.4544982910156]}, "datetime": {"datetime": "2025-08-12 07:51:36", "elapsed": 55575.62915325165, "delta": 32.25897789001465}, "costs": {"total_cost": 970.7198846372463, "time_cost": 150, "final_distance_cost": 70.32914247446696, "oscillation_cost": 402.282504395757, "completition_cost": 222.2222222222222, "overshoot_cost": 63.63827194172275, "power_cost": 32.08597253417969, "noise_cost": 30.161771068897743, "n_waypoints_completed": 7, "tot_waypoints": 9}}
{"target": -7964.903855778632, "params": {"k_pid_pos": [2.0, 0.9760291576385498, 0.9853030443191528], "k_pid_alt": [2.0, 1.0, 0.9632365107536316], "k_pid_att": [0.0, 9.999999747378752e-05, 0.004647582769393921], "k_pid_yaw": [0.5, 1e-06, 0.1], "k_pid_hsp": [9.614606857299805, 0.006036281585693359, 0.0], "k_pid_vsp": [384.5824279785156, 394.74554443359375, 400.0]}, "datetime": {"datetime": "2025-08-12 07:52:07", "elapsed": 55606.401801109314, "delta": 30.772647857666016}, "costs": {"total_cost": 7964.903855778632, "time_cost": 150, "final_distance_cost": 1854.463671258567, "oscillation_cost": 11.575043935213497, "completition_cost": 1000.0, "overshoot_cost": 4827.491731966245, "power_cost": 41.713210485839845, "noise_cost": 79.66019813276563, "n_waypoints_completed": 0, "tot_waypoints": 9}}
{"target": -8181.6639318566695, "params": {"k_pid_pos": [1.8991038799285889, 0.9957279562950134, 1.0], "k_pid_alt": [2.0, 1.0, 1.0], "k_pid_att": [0.0, 9.999999747378752e-05, 0.0], "k_pid_yaw": [0.5, 1e-06, 0.1], "k_pid_hsp": [9.980622291564941, 0.03951627016067505, 0.028306663036346436], "k_pid_vsp": [400.0, 394.84033203125, 400.0]}, "datetime": {"datetime": "2025-08-12 07:52:38", "elapsed": 55638.00774431229, "delta": 31.605943202972412}, "costs": {"total_cost": 8181.6639318566695, "time_cost": 150, "final_distance_cost": 896.3756615279021, "oscillation_cost": 14.782581972454375, "completition_cost": 1000.0, "overshoot_cost": 5981.276213862664, "power_cost": 44.80861467285156, "noise_cost": 94.42085982079666, "n_waypoints_completed": 0, "tot_waypoints": 9}}
{"target": -8209.448157589894, "params": {"k_pid_pos": [1.8982433080673218, 1.0, 0.9457383751869202], "k_pid_alt": [2.0, 1.0, 0.9682208299636841], "k_pid_att": [0.0, 9.999999747378752e-05, 0.0], "k_pid_yaw": [0.5, 1e-06, 0.1], "k_pid_hsp": [9.291872024536133, 0.0, 0.0], "k_pid_vsp": [400.0, 394.89990234375, 400.0]}, "datetime": {"datetime": "2025-08-12 07:53:10", "elapsed": 55670.1238322258, "delta": 32.116087913513184}, "costs": {"total_cost": 8209.448157589894, "time_cost": 150, "final_distance_cost": 962.570201260031, "oscillation_cost": 14.837897622919364, "completition_cost": 1000.0, "overshoot_cost": 5943.863152974793, "power_cost": 44.43876815185547, "noise_cost": 93.73813758029506, "n_waypoints_completed": 0, "tot_waypoints": 9}}
{"target": -1894.2167623069574, "params": {"k_pid_pos": [1.9505871534347534, 1.0, 0.9775240421295166], "k_pid_alt": [1.9173102378845215, 1.0, 0.9897831678390503], "k_pid_att": [8.475500106811523, 9.999999747378752e-05, 0.0], "k_pid_yaw": [0.5, 1e-06, 0.1], "k_pid_hsp": [10.0, 0.0, 0.0], "k_pid_vsp": [400.0, 371.37322998046875, 400.0]}, "datetime": {"datetime": "2025-08-12 07:53:41", "elapsed": 55701.16712474823, "delta": 31.04329252243042}, "costs": {"total_cost": 1894.2167623069574, "time_cost": 150, "final_distance_cost": 14.124498646738642, "oscillation_cost": 561.2841709579625, "completition_cost": 1000.0, "overshoot_cost": 109.71224421758936, "power_cost": 31.075910888671878, "noise_cost": 28.019937595995053, "n_waypoints_completed": 0, "tot_waypoints": 9}}
{"target": -8145.039324207493, "params": {"k_pid_pos": [2.0, 0.9807934761047363, 1.0], "k_pid_alt": [2.0, 0.9664756655693054, 1.0], "k_pid_att": [0.0, 9.999999747378752e-05, 0.0], "k_pid_yaw": [0.5, 1e-06, 0.1], "k_pid_hsp": [9.86677074432373, 0.0, 0.002657473087310791], "k_pid_vsp": [400.0, 384.7868347167969, 398.1950378417969]}, "datetime": {"datetime": "2025-08-12 07:54:13", "elapsed": 55732.449680805206, "delta": 31.28255605697632}, "costs": {"total_cost": 8145.039324207493, "time_cost": 150, "final_distance_cost": 1009.102346921871, "oscillation_cost": 14.906078911093122, "completition_cost": 1000.0, "overshoot_cost": 5830.148474161846, "power_cost": 44.71308885498047, "noise_cost": 96.16933535770256, "n_waypoints_completed": 0, "tot_waypoints": 9}}
{"target": -8224.826658407805, "params": {"k_pid_pos": [1.89259934425354, 1.0, 0.9553565979003906], "k_pid_alt": [2.0, 0.9699816703796387, 0.9576125144958496], "k_pid_att": [0.0, 9.999999747378752e-05, 0.0], "k_pid_yaw": [0.5, 1e-06, 0.1], "k_pid_hsp": [9.593257904052734, 0.0, 0.0027688443660736084], "k_pid_vsp": [400.0, 382.0085754394531, 400.0]}, "datetime": {"datetime": "2025-08-12 07:54:45", "elapsed": 55765.359550237656, "delta": 32.90986943244934}, "costs": {"total_cost": 8224.826658407805, "time_cost": 150, "final_distance_cost": 939.087363573976, "oscillation_cost": 14.74330851233676, "completition_cost": 1000.0, "overshoot_cost": 5981.527261038836, "power_cost": 44.546259790039066, "noise_cost": 94.92246549261672, "n_waypoints_completed": 0, "tot_waypoints": 9}}
{"target": -17143.69344726536, "params": {"k_pid_pos": [1.9447919130325317, 0.9857673645019531, 0.9517467021942139], "k_pid_alt": [1.9415814876556396, 0.9594594836235046, 0.9833518862724304], "k_pid_att": [0.0, 9.999999747378752e-05, 0.0], "k_pid_yaw": [0.5, 1e-06, 0.1], "k_pid_hsp": [10.0, 0.0, 0.11734330654144287], "k_pid_vsp": [365.2215881347656, 382.5872497558594, 400.0]}, "datetime": {"datetime": "2025-08-12 07:55:18", "elapsed": 55797.526109457016, "delta": 32.16655921936035}, "costs": {"total_cost": 17143.69344726536, "time_cost": 150, "final_distance_cost": 4004.008292637375, "oscillation_cost": 14.579164140568176, "completition_cost": 1000.0, "overshoot_cost": 11814.94476090982, "power_cost": 48.68749504394531, "noise_cost": 111.47373453365243, "n_waypoints_completed": 0, "tot_waypoints": 9}}
