{"target": -8109.877642296491, "params": {"k_pid_pos": [2.0, 1.0, 1.0], "k_pid_alt": [1.8846566677093506, 0.9431526064872742, 1.0], "k_pid_att": [0.0, 9.999999747378752e-05, 0.0], "k_pid_yaw": [0.5, 1e-06, 0.1], "k_pid_hsp": [9.624032974243164, 0.0, 0.0], "k_pid_vsp": [400.0, 400.0, 400.0]}, "datetime": {"datetime": "2025-08-11 19:33:31", "elapsed": 11291.341683149338, "delta": 29.712400913238525}, "costs": {"total_cost": 8109.877642296491, "time_cost": 150, "final_distance_cost": 942.4923488612536, "oscillation_cost": 14.89403231203496, "completition_cost": 1000.0, "overshoot_cost": 5865.440722849472, "power_cost": 44.55487945556641, "noise_cost": 92.49565881816389, "n_waypoints_completed": 0, "tot_waypoints": 9}}
{"target": -1310.6512651145147, "params": {"k_pid_pos": [2.0, 1.0, 1.0], "k_pid_alt": [1.986404538154602, 0.9557734727859497, 0.9810177087783813], "k_pid_att": [4.568090915679932, 9.999999747378752e-05, 0.008866608142852783], "k_pid_yaw": [0.5, 1e-06, 0.1], "k_pid_hsp": [9.751850128173828, 0.0, 0.008496403694152832], "k_pid_vsp": [400.0, 384.0006408691406, 400.0]}, "datetime": {"datetime": "2025-08-11 19:34:01", "elapsed": 11321.26918721199, "delta": 29.927504062652588}, "costs": {"total_cost": 1310.6512651145147, "time_cost": 150, "final_distance_cost": 39.99214722172055, "oscillation_cost": 428.86312848974745, "completition_cost": 555.5555555555555, "overshoot_cost": 75.4726238291253, "power_cost": 32.73864520263672, "noise_cost": 28.029164815729114, "n_waypoints_completed": 4, "tot_waypoints": 9}}
{"target": -8001.905270874165, "params": {"k_pid_pos": [1.9919887781143188, 1.0, 1.0], "k_pid_alt": [2.0, 0.9303056001663208, 0.9934840798377991], "k_pid_att": [0.0, 9.999999747378752e-05, 0.0], "k_pid_yaw": [0.5, 1e-06, 0.1], "k_pid_hsp": [10.0, 0.0, 0.06279179453849792], "k_pid_vsp": [400.0, 385.6217956542969, 385.2884521484375]}, "datetime": {"datetime": "2025-08-11 19:34:31", "elapsed": 11350.634088039398, "delta": 29.364900827407837}, "costs": {"total_cost": 8001.905270874165, "time_cost": 150, "final_distance_cost": 997.0475740639827, "oscillation_cost": 14.920447783580096, "completition_cost": 1000.0, "overshoot_cost": 5705.538165338101, "power_cost": 44.9738822631836, "noise_cost": 89.42520142531791, "n_waypoints_completed": 0, "tot_waypoints": 9}}
{"target": -1670.0352841245515, "params": {"k_pid_pos": [1.9769399166107178, 1.0, 0.9841762781143188], "k_pid_alt": [1.9168237447738647, 0.9298221468925476, 0.9955265522003174], "k_pid_att": [0.9758174419403076, 0.2779123783111572, 0.025402873754501343], "k_pid_yaw": [0.5, 1e-06, 0.1], "k_pid_hsp": [10.0, 0.0, 0.0], "k_pid_vsp": [366.67547607421875, 400.0, 398.0543518066406]}, "datetime": {"datetime": "2025-08-11 19:35:01", "elapsed": 11380.669738292694, "delta": 30.0356502532959}, "costs": {"total_cost": 1670.0352841245515, "time_cost": 150, "final_distance_cost": 1.0015168104404397, "oscillation_cost": 238.16010190248454, "completition_cost": 1000.0, "overshoot_cost": 155.77449943693236, "power_cost": 29.485882580566408, "noise_cost": 95.61328339412788, "n_waypoints_completed": 0, "tot_waypoints": 9}}
{"target": -4686.620476810714, "params": {"k_pid_pos": [1.8421826362609863, 0.9967060685157776, 0.9639084339141846], "k_pid_alt": [2.0, 0.9980461597442627, 0.9974945187568665], "k_pid_att": [0.0, 0.5017297863960266, 0.050488293170928955], "k_pid_yaw": [0.5, 1e-06, 0.1], "k_pid_hsp": [10.0, 0.06036597490310669, 0.008889824151992798], "k_pid_vsp": [348.5849609375, 400.0, 400.0]}, "datetime": {"datetime": "2025-08-11 19:35:30", "elapsed": 11409.973462820053, "delta": 29.30372452735901}, "costs": {"total_cost": 4686.620476810714, "time_cost": 150, "final_distance_cost": 241.65821989592564, "oscillation_cost": 1684.9581174195635, "completition_cost": 1000.0, "overshoot_cost": 1381.0408398884626, "power_cost": 57.00554669189454, "noise_cost": 171.95775291486765, "n_waypoints_completed": 0, "tot_waypoints": 9}}
{"target": -4152.21080815969, "params": {"k_pid_pos": [1.8669943809509277, 1.0, 0.9726129770278931], "k_pid_alt": [1.8807494640350342, 0.9169743061065674, 1.0], "k_pid_att": [0.0, 0.797548234462738, 0.02335795760154724], "k_pid_yaw": [0.5, 1e-06, 0.1], "k_pid_hsp": [9.685044288635254, 0.054417043924331665, 0.0111771821975708], "k_pid_vsp": [391.5369567871094, 380.84735107421875, 400.0]}, "datetime": {"datetime": "2025-08-11 19:36:00", "elapsed": 11439.386446475983, "delta": 29.412983655929565}, "costs": {"total_cost": 4152.21080815969, "time_cost": 150, "final_distance_cost": 211.63714291429199, "oscillation_cost": 1957.4780587651978, "completition_cost": 1000.0, "overshoot_cost": 602.2627585697309, "power_cost": 57.070849328613285, "noise_cost": 173.7619985818558, "n_waypoints_completed": 0, "tot_waypoints": 9}}
{"target": -1372.2301452135632, "params": {"k_pid_pos": [1.9418911933898926, 1.0, 1.0], "k_pid_alt": [1.8375128507614136, 0.9745453596115112, 0.9667132496833801], "k_pid_att": [2.10331392288208, 0.1111372783780098, 0.0], "k_pid_yaw": [0.5, 1e-06, 0.1], "k_pid_hsp": [9.914715766906738, 0.03653717041015625, 0.15563911199569702], "k_pid_vsp": [390.6089172363281, 378.0682678222656, 400.0]}, "datetime": {"datetime": "2025-08-11 19:36:29", "elapsed": 11469.120116233826, "delta": 29.733669757843018}, "costs": {"total_cost": 1372.2301452135632, "time_cost": 150, "final_distance_cost": 84.10458975773167, "oscillation_cost": 342.0144851307757, "completition_cost": 666.6666666666667, "overshoot_cost": 70.45380368585802, "power_cost": 32.04410185546875, "noise_cost": 26.946498117062152, "n_waypoints_completed": 3, "tot_waypoints": 9}}
{"target": -1362.9695363542262, "params": {"k_pid_pos": [1.9109071493148804, 0.9745349884033203, 0.9535467624664307], "k_pid_alt": [2.0, 0.9371211528778076, 1.0], "k_pid_att": [9.642559051513672, 0.15300941467285156, 0.0], "k_pid_yaw": [0.5, 1e-06, 0.1], "k_pid_hsp": [10.0, 0.00441017746925354, 0.0], "k_pid_vsp": [400.0, 400.0, 376.3389892578125]}, "datetime": {"datetime": "2025-08-11 19:36:59", "elapsed": 11498.625572681427, "delta": 29.50545644760132}, "costs": {"total_cost": 1362.9695363542262, "time_cost": 150, "final_distance_cost": 47.88212546238258, "oscillation_cost": 479.26857689716087, "completition_cost": 555.5555555555555, "overshoot_cost": 69.0550102568741, "power_cost": 31.374163244628907, "noise_cost": 29.834104937624186, "n_waypoints_completed": 4, "tot_waypoints": 9}}
{"target": -8149.773412477439, "params": {"k_pid_pos": [1.8168853521347046, 0.9564437866210938, 0.9784092903137207], "k_pid_alt": [2.0, 0.9866102337837219, 0.9881248474121094], "k_pid_att": [0.0, 9.999999747378752e-05, 0.0], "k_pid_yaw": [0.5, 1e-06, 0.1], "k_pid_hsp": [9.824298858642578, 0.09328654408454895, 0.0], "k_pid_vsp": [394.5448303222656, 396.9684753417969, 400.0]}, "datetime": {"datetime": "2025-08-11 19:37:28", "elapsed": 11528.121672868729, "delta": 29.496100187301636}, "costs": {"total_cost": 8149.773412477439, "time_cost": 150, "final_distance_cost": 863.0315133080215, "oscillation_cost": 14.683401842873812, "completition_cost": 1000.0, "overshoot_cost": 5984.042167879175, "power_cost": 44.02832080078125, "noise_cost": 93.98800864658665, "n_waypoints_completed": 0, "tot_waypoints": 9}}
{"target": -1855.3636898493123, "params": {"k_pid_pos": [1.8545286655426025, 0.9982509613037109, 0.9416825771331787], "k_pid_alt": [1.992079496383667, 0.9605845808982849, 0.9862990975379944], "k_pid_att": [5.15974760055542, 9.999999747378752e-05, 0.06217384338378906], "k_pid_yaw": [0.5, 1e-06, 0.1], "k_pid_hsp": [9.33350658416748, 0.014131814241409302, 0.006542384624481201], "k_pid_vsp": [370.4832458496094, 399.5079040527344, 400.0]}, "datetime": {"datetime": "2025-08-11 19:37:59", "elapsed": 11558.605140924454, "delta": 30.483468055725098}, "costs": {"total_cost": 1855.3636898493123, "time_cost": 150, "final_distance_cost": 0.9993270414766405, "oscillation_cost": 411.3247283996756, "completition_cost": 1000.0, "overshoot_cost": 159.20121400381367, "power_cost": 29.96938328857422, "noise_cost": 103.86903711577227, "n_waypoints_completed": 0, "tot_waypoints": 9}}
{"target": -1111.4693824407775, "params": {"k_pid_pos": [1.8889342546463013, 1.0, 0.9237996935844421], "k_pid_alt": [2.0, 1.0, 1.0], "k_pid_att": [0.07462799549102783, 9.999999747378752e-05, 0.009705990552902222], "k_pid_yaw": [0.5, 1e-06, 0.1], "k_pid_hsp": [10.0, 0.0, 0.0], "k_pid_vsp": [399.4459533691406, 400.0, 367.0399169921875]}, "datetime": {"datetime": "2025-08-11 19:38:29", "elapsed": 11589.135197639465, "delta": 30.530056715011597}, "costs": {"total_cost": 1111.4693824407775, "time_cost": 150, "final_distance_cost": 95.68717120612324, "oscillation_cost": 51.843211352573896, "completition_cost": 666.6666666666667, "overshoot_cost": 84.96578419444198, "power_cost": 32.92191794433594, "noise_cost": 29.384631076635735, "n_waypoints_completed": 3, "tot_waypoints": 9}}
{"target": -10141.707048786982, "params": {"k_pid_pos": [2.0, 0.8561601042747498, 0.9939292073249817], "k_pid_alt": [1.9438982009887695, 0.97001051902771, 1.0], "k_pid_att": [0.0, 0.011600600555539131, 0.025928229093551636], "k_pid_yaw": [0.5, 1e-06, 0.1], "k_pid_hsp": [10.0, 0.012353688478469849, 0.046805620193481445], "k_pid_vsp": [393.0606689453125, 396.1997985839844, 382.7704772949219]}, "datetime": {"datetime": "2025-08-11 19:39:00", "elapsed": 11619.586353063583, "delta": 30.451155424118042}, "costs": {"total_cost": 10141.707048786982, "time_cost": 150, "final_distance_cost": 2439.235847939424, "oscillation_cost": 192.42316922610172, "completition_cost": 1000.0, "overshoot_cost": 6144.116081701439, "power_cost": 57.107253808593754, "noise_cost": 158.82469611142437, "n_waypoints_completed": 0, "tot_waypoints": 9}}
{"target": -6344.421059384966, "params": {"k_pid_pos": [1.9615976810455322, 1.0, 0.9766951203346252], "k_pid_alt": [1.8997747898101807, 0.9242388010025024, 0.9856582283973694], "k_pid_att": [0.0, 0.11752653121948242, 0.00955498218536377], "k_pid_yaw": [0.5, 1e-06, 0.1], "k_pid_hsp": [9.578786849975586, 0.0, 0.0], "k_pid_vsp": [400.0, 349.4308776855469, 383.3901062011719]}, "datetime": {"datetime": "2025-08-11 19:39:30", "elapsed": 11649.885871887207, "delta": 30.299518823623657}, "costs": {"total_cost": 6344.421059384966, "time_cost": 150, "final_distance_cost": 1328.3622030109195, "oscillation_cost": 781.1407311291233, "completition_cost": 1000.0, "overshoot_cost": 2861.614977227462, "power_cost": 57.379859924316406, "noise_cost": 165.92328809314495, "n_waypoints_completed": 0, "tot_waypoints": 9}}
{"target": -832.504234361921, "params": {"k_pid_pos": [1.866386890411377, 0.9735658168792725, 1.0], "k_pid_alt": [2.0, 1.0, 0.9943724870681763], "k_pid_att": [0.3140389919281006, 0.1679476797580719, 0.0], "k_pid_yaw": [0.5, 1e-06, 0.1], "k_pid_hsp": [8.88985538482666, 0.0, 0.006464928388595581], "k_pid_vsp": [386.422607421875, 400.0, 382.5316467285156]}, "datetime": {"datetime": "2025-08-11 19:40:01", "elapsed": 11680.568345546722, "delta": 30.68247365951538}, "costs": {"total_cost": 832.504234361921, "time_cost": 150, "final_distance_cost": 79.56490042615192, "oscillation_cost": 135.08721789243012, "completition_cost": 333.33333333333337, "overshoot_cost": 63.20953412262474, "power_cost": 39.34291912841797, "noise_cost": 31.96632945896294, "n_waypoints_completed": 6, "tot_waypoints": 9}}
{"target": -4049.035949301716, "params": {"k_pid_pos": [2.0, 1.0, 1.0], "k_pid_alt": [2.0, 0.9836452007293701, 0.9908586740493774], "k_pid_att": [0.0, 0.22368194162845612, 0.0], "k_pid_yaw": [0.5, 1e-06, 0.1], "k_pid_hsp": [10.0, 0.0, 0.0003121495246887207], "k_pid_vsp": [383.4958190917969, 400.0, 400.0]}, "datetime": {"datetime": "2025-08-11 19:40:31", "elapsed": 11710.884636640549, "delta": 30.316291093826294}, "costs": {"total_cost": 4049.035949301716, "time_cost": 150, "final_distance_cost": 355.9564347620759, "oscillation_cost": 1105.8865584434918, "completition_cost": 1000.0, "overshoot_cost": 1209.577336396414, "power_cost": 57.22259061279297, "noise_cost": 170.39302908694108, "n_waypoints_completed": 0, "tot_waypoints": 9}}
{"target": -4991.650411709985, "params": {"k_pid_pos": [1.9748153686523438, 0.9903748631477356, 1.0], "k_pid_alt": [2.0, 0.9355105757713318, 0.985918402671814], "k_pid_att": [0.0, 0.10560989379882812, 0.023487210273742676], "k_pid_yaw": [0.5, 1e-06, 0.1], "k_pid_hsp": [9.958817481994629, 0.017926126718521118, 0.028994768857955933], "k_pid_vsp": [392.32720947265625, 381.9468078613281, 400.0]}, "datetime": {"datetime": "2025-08-11 19:41:02", "elapsed": 11742.039076328278, "delta": 31.154439687728882}, "costs": {"total_cost": 4991.650411709985, "time_cost": 150, "final_distance_cost": 1037.7479574464667, "oscillation_cost": 725.568809928992, "completition_cost": 1000.0, "overshoot_cost": 1854.5026066877554, "power_cost": 57.767628442382815, "noise_cost": 166.06340920438862, "n_waypoints_completed": 0, "tot_waypoints": 9}}
{"target": -948.8487838465584, "params": {"k_pid_pos": [1.9383001327514648, 1.0, 0.9987040758132935], "k_pid_alt": [1.9468168020248413, 1.0, 0.9410769939422607], "k_pid_att": [0.43087899684906006, 9.999999747378752e-05, 0.039713501930236816], "k_pid_yaw": [0.5, 1e-06, 0.1], "k_pid_hsp": [10.0, 0.021369755268096924, 0.0], "k_pid_vsp": [399.699462890625, 399.144287109375, 400.0]}, "datetime": {"datetime": "2025-08-11 19:41:32", "elapsed": 11772.228300094604, "delta": 30.189223766326904}, "costs": {"total_cost": 948.8487838465584, "time_cost": 150, "final_distance_cost": 43.37124263916627, "oscillation_cost": 62.16606568207294, "completition_cost": 555.5555555555555, "overshoot_cost": 74.60773483441193, "power_cost": 32.40023415527344, "noise_cost": 30.747950980078176, "n_waypoints_completed": 4, "tot_waypoints": 9}}
{"target": -10664.054934762644, "params": {"k_pid_pos": [2.0, 0.9628949165344238, 0.9050376415252686], "k_pid_alt": [1.9380619525909424, 1.0, 0.9613851308822632], "k_pid_att": [0.0, 0.6129997968673706, 0.0], "k_pid_yaw": [0.5, 1e-06, 0.1], "k_pid_hsp": [10.0, 0.09073668718338013, 0.0058002769947052], "k_pid_vsp": [400.0, 400.0, 398.03265380859375]}, "datetime": {"datetime": "2025-08-11 19:42:02", "elapsed": 11802.014872550964, "delta": 29.786572456359863}, "costs": {"total_cost": 10664.054934762644, "time_cost": 150, "final_distance_cost": 2374.4537300669504, "oscillation_cost": 2063.9904059770756, "completition_cost": 1000.0, "overshoot_cost": 4844.120502389272, "power_cost": 57.29953835449219, "noise_cost": 174.1907579748525, "n_waypoints_completed": 0, "tot_waypoints": 9}}
{"target": -4348.334935310576, "params": {"k_pid_pos": [1.9943780899047852, 1.0, 1.0], "k_pid_alt": [1.9308260679244995, 1.0, 0.9259945750236511], "k_pid_att": [0.0, 0.24642296135425568, 0.0], "k_pid_yaw": [0.5, 1e-06, 0.1], "k_pid_hsp": [9.382353782653809, 0.0, 0.0671355128288269], "k_pid_vsp": [400.0, 400.0, 388.68206787109375]}, "datetime": {"datetime": "2025-08-11 19:42:32", "elapsed": 11831.584754228592, "delta": 29.569881677627563}, "costs": {"total_cost": 4348.334935310576, "time_cost": 150, "final_distance_cost": 385.33089693460585, "oscillation_cost": 1320.7584472645367, "completition_cost": 1000.0, "overshoot_cost": 1262.7671891113782, "power_cost": 57.763748010253906, "noise_cost": 171.71465398980138, "n_waypoints_completed": 0, "tot_waypoints": 9}}
{"target": -937.8728776083339, "params": {"k_pid_pos": [1.9580399990081787, 0.933445155620575, 0.9871328473091125], "k_pid_alt": [2.0, 1.0, 1.0], "k_pid_att": [10.762918472290039, 9.999999747378752e-05, 0.0914759635925293], "k_pid_yaw": [0.5, 1e-06, 0.1], "k_pid_hsp": [9.718130111694336, 0.014998465776443481, 0.0], "k_pid_vsp": [400.0, 400.0, 400.0]}, "datetime": {"datetime": "2025-08-11 19:43:03", "elapsed": 11862.45937871933, "delta": 30.874624490737915}, "costs": {"total_cost": 937.8728776083339, "time_cost": 150, "final_distance_cost": 58.57635744079487, "oscillation_cost": 276.4330688252072, "completition_cost": 333.33333333333337, "overshoot_cost": 57.978415364277154, "power_cost": 31.680939477539063, "noise_cost": 29.870763167182236, "n_waypoints_completed": 6, "tot_waypoints": 9}}
{"target": -4029.9164177417724, "params": {"k_pid_pos": [1.7826659679412842, 1.0, 1.0], "k_pid_alt": [2.0, 0.9665316343307495, 0.9313598871231079], "k_pid_att": [0.0, 0.1901412457227707, 0.0009539425373077393], "k_pid_yaw": [0.5, 1e-06, 0.1], "k_pid_hsp": [10.0, 0.0, 0.014513909816741943], "k_pid_vsp": [364.7872619628906, 393.5244445800781, 377.8800964355469]}, "datetime": {"datetime": "2025-08-11 19:43:33", "elapsed": 11892.80109834671, "delta": 30.34171962738037}, "costs": {"total_cost": 4029.9164177417724, "time_cost": 150, "final_distance_cost": 343.3115639233491, "oscillation_cost": 1116.336250548032, "completition_cost": 1000.0, "overshoot_cost": 1192.7572847487452, "power_cost": 57.410229541015624, "noise_cost": 170.1010889806304, "n_waypoints_completed": 0, "tot_waypoints": 9}}
{"target": -8684.415931062149, "params": {"k_pid_pos": [1.9862027168273926, 0.9494907855987549, 1.0], "k_pid_alt": [2.0, 0.9677603244781494, 1.0], "k_pid_att": [0.0, 0.1562858521938324, 0.008660733699798584], "k_pid_yaw": [0.5, 1e-06, 0.1], "k_pid_hsp": [9.924164772033691, 0.04304802417755127, 0.0], "k_pid_vsp": [400.0, 399.98406982421875, 400.0]}, "datetime": {"datetime": "2025-08-11 19:44:04", "elapsed": 11924.016110181808, "delta": 31.215011835098267}, "costs": {"total_cost": 8684.415931062149, "time_cost": 150, "final_distance_cost": 2652.022931130558, "oscillation_cost": 992.3581309472863, "completition_cost": 1000.0, "overshoot_cost": 3663.7129666544497, "power_cost": 57.8223130859375, "noise_cost": 168.49958924391763, "n_waypoints_completed": 0, "tot_waypoints": 9}}
{"target": -1052.3084335191638, "params": {"k_pid_pos": [1.8692651987075806, 1.0, 0.9873296022415161], "k_pid_alt": [1.9343883991241455, 1.0, 0.9986938238143921], "k_pid_att": [3.5044610500335693, 9.999999747378752e-05, 0.0], "k_pid_yaw": [0.5, 1e-06, 0.1], "k_pid_hsp": [10.0, 0.0, 0.0], "k_pid_vsp": [394.3664855957031, 400.0, 360.59869384765625]}, "datetime": {"datetime": "2025-08-11 19:44:35", "elapsed": 11954.719103813171, "delta": 30.702993631362915}, "costs": {"total_cost": 1052.3084335191638, "time_cost": 150, "final_distance_cost": 62.996814330967645, "oscillation_cost": 380.90838860186244, "completition_cost": 333.33333333333337, "overshoot_cost": 62.85526196709062, "power_cost": 32.962624182128906, "noise_cost": 29.252011103780877, "n_waypoints_completed": 6, "tot_waypoints": 9}}
{"target": -1466.0768776857421, "params": {"k_pid_pos": [1.8115179538726807, 0.9710642099380493, 0.9487398862838745], "k_pid_alt": [2.0, 1.0, 0.9416762590408325], "k_pid_att": [1.082584261894226, 9.999999747378752e-05, 0.0794249176979065], "k_pid_yaw": [0.5, 1e-06, 0.1], "k_pid_hsp": [10.0, 0.03368446230888367, 0.0], "k_pid_vsp": [396.65399169921875, 400.0, 400.0]}, "datetime": {"datetime": "2025-08-11 19:45:05", "elapsed": 11984.756425380707, "delta": 30.0373215675354}, "costs": {"total_cost": 1466.0768776857421, "time_cost": 150, "final_distance_cost": 0.9992892066570149, "oscillation_cost": 47.075293963966196, "completition_cost": 1000.0, "overshoot_cost": 151.28357568493539, "power_cost": 29.41448114013672, "noise_cost": 87.3042376900468, "n_waypoints_completed": 0, "tot_waypoints": 9}}
{"target": -8167.685153244953, "params": {"k_pid_pos": [2.0, 1.0, 0.9426433444023132], "k_pid_alt": [2.0, 0.9521238803863525, 1.0], "k_pid_att": [0.0, 9.999999747378752e-05, 0.0], "k_pid_yaw": [0.5, 1e-06, 0.1], "k_pid_hsp": [9.25649642944336, 0.04643106460571289, 0.0], "k_pid_vsp": [390.9234619140625, 389.12451171875, 400.0]}, "datetime": {"datetime": "2025-08-11 19:45:35", "elapsed": 12014.561928749084, "delta": 29.805503368377686}, "costs": {"total_cost": 8167.685153244953, "time_cost": 150, "final_distance_cost": 897.1963759764981, "oscillation_cost": 14.718848275472352, "completition_cost": 1000.0, "overshoot_cost": 5965.564186827482, "power_cost": 44.25153845214844, "noise_cost": 95.95420371335186, "n_waypoints_completed": 0, "tot_waypoints": 9}}
{"target": -1263.8759300148924, "params": {"k_pid_pos": [1.9649711847305298, 0.9449106454849243, 0.9891278743743896], "k_pid_alt": [2.0, 0.9266299605369568, 1.0], "k_pid_att": [0.44617950916290283, 0.047749266028404236, 0.1015106737613678], "k_pid_yaw": [0.5, 1e-06, 0.1], "k_pid_hsp": [10.0, 0.0, 0.0], "k_pid_vsp": [343.6773986816406, 371.0235290527344, 400.0]}, "datetime": {"datetime": "2025-08-11 19:46:05", "elapsed": 12044.486038684845, "delta": 29.924109935760498}, "costs": {"total_cost": 1263.8759300148924, "time_cost": 150, "final_distance_cost": 46.62466082794598, "oscillation_cost": 36.039836389779246, "completition_cost": 888.8888888888888, "overshoot_cost": 79.77905586533876, "power_cost": 32.50211845703125, "noise_cost": 30.041369585908505, "n_waypoints_completed": 1, "tot_waypoints": 9}}
{"target": -1007.6488860255548, "params": {"k_pid_pos": [1.7662556171417236, 1.0, 0.9409611225128174], "k_pid_alt": [2.0, 0.982085645198822, 0.906254768371582], "k_pid_att": [0.6252855062484741, 9.999999747378752e-05, 0.0], "k_pid_yaw": [0.5, 1e-06, 0.1], "k_pid_hsp": [9.974441528320312, 0.05915680527687073, 0.03218799829483032], "k_pid_vsp": [400.0, 400.0, 400.0]}, "datetime": {"datetime": "2025-08-11 19:46:35", "elapsed": 12074.719296455383, "delta": 30.23325777053833}, "costs": {"total_cost": 1007.6488860255548, "time_cost": 150, "final_distance_cost": 37.57537774055279, "oscillation_cost": 135.99801544568248, "completition_cost": 555.5555555555555, "overshoot_cost": 63.84642733176734, "power_cost": 34.684751855468754, "noise_cost": 29.988758096527803, "n_waypoints_completed": 4, "tot_waypoints": 9}}
