{"target": -1763.59493989462, "params": {"k_pid_pos": [1.9949924945831299, 1.0, 0.9375154972076416], "k_pid_alt": [1.7466747760772705, 1.0, 0.9464147686958313], "k_pid_att": [3.429266929626465, 9.999999747378752e-05, 0.0540788471698761], "k_pid_yaw": [0.5, 1e-06, 0.1], "k_pid_hsp": [9.075833320617676, 0.09453943371772766, 0.02335357666015625], "k_pid_vsp": [400.0, 399.5782775878906, 400.0]}, "datetime": {"datetime": "2025-08-12 11:19:42", "elapsed": 68061.53752160072, "delta": 29.30434823036194}, "costs": {"total_cost": 1763.59493989462, "time_cost": 150, "final_distance_cost": 0.9975671259763843, "oscillation_cost": 351.0818171585402, "completition_cost": 1000.0, "overshoot_cost": 153.13363035724643, "power_cost": 29.79871346435547, "noise_cost": 78.58321178850153, "n_waypoints_completed": 0, "tot_waypoints": 9}}
{"target": -1478.898750526756, "params": {"k_pid_pos": [1.914034128189087, 1.0, 0.994294285774231], "k_pid_alt": [2.0, 0.9214763641357422, 1.0], "k_pid_att": [5.81485652923584, 0.31624045968055725, 0.0], "k_pid_yaw": [0.5, 1e-06, 0.1], "k_pid_hsp": [9.416775703430176, 0.0, 0.0], "k_pid_vsp": [390.68914794921875, 390.521484375, 400.0]}, "datetime": {"datetime": "2025-08-12 11:20:12", "elapsed": 68091.43716454506, "delta": 29.899642944335938}, "costs": {"total_cost": 1478.898750526756, "time_cost": 150, "final_distance_cost": 52.11203113994119, "oscillation_cost": 476.5520667408003, "completition_cost": 666.6666666666667, "overshoot_cost": 71.31261829117396, "power_cost": 32.504907849121096, "noise_cost": 29.750459839052592, "n_waypoints_completed": 3, "tot_waypoints": 9}}
{"target": -4630.116254318111, "params": {"k_pid_pos": [2.0, 1.0, 0.9364714622497559], "k_pid_alt": [1.9645847082138062, 0.999343752861023, 0.9999692440032959], "k_pid_att": [0.0, 9.999999747378752e-05, 0.029673337936401367], "k_pid_yaw": [0.5, 1e-06, 0.1], "k_pid_hsp": [9.01460075378418, 0.014759659767150879, 0.06936138868331909], "k_pid_vsp": [363.7433776855469, 347.8005065917969, 400.0]}, "datetime": {"datetime": "2025-08-12 11:20:39", "elapsed": 68118.67115688324, "delta": 27.233992338180542}, "costs": {"total_cost": 4630.116254318111, "time_cost": 150, "final_distance_cost": 981.5802800433016, "oscillation_cost": 5.348734511923419, "completition_cost": 1000.0, "overshoot_cost": 2377.004344720346, "power_cost": 30.558868383789065, "noise_cost": 85.62402665875142, "n_waypoints_completed": 0, "tot_waypoints": 9}}
{"target": -1199.774594509485, "params": {"k_pid_pos": [2.0, 1.0, 0.9641864895820618], "k_pid_alt": [1.8460659980773926, 1.0, 0.992692768573761], "k_pid_att": [2.5370092391967773, 9.999999747378752e-05, 0.0], "k_pid_yaw": [0.5, 1e-06, 0.1], "k_pid_hsp": [10.0, 0.05440816283226013, 0.0], "k_pid_vsp": [400.0, 390.60931396484375, 368.6544494628906]}, "datetime": {"datetime": "2025-08-12 11:21:10", "elapsed": 68150.28014969826, "delta": 31.6089928150177}, "costs": {"total_cost": 1199.774594509485, "time_cost": 150, "final_distance_cost": 43.77260509996869, "oscillation_cost": 327.3870071214989, "completition_cost": 555.5555555555555, "overshoot_cost": 62.36099554078746, "power_cost": 32.2420837890625, "noise_cost": 28.456347402612266, "n_waypoints_completed": 4, "tot_waypoints": 9}}
{"target": -8120.7915818677875, "params": {"k_pid_pos": [1.9007670879364014, 1.0, 0.9715944528579712], "k_pid_alt": [2.0, 0.9683936834335327, 1.0], "k_pid_att": [0.0, 9.999999747378752e-05, 0.0], "k_pid_yaw": [0.5, 1e-06, 0.1], "k_pid_hsp": [10.0, 0.0, 0.033309340476989746], "k_pid_vsp": [400.0, 400.0, 400.0]}, "datetime": {"datetime": "2025-08-12 11:21:41", "elapsed": 68180.98197460175, "delta": 30.70182490348816}, "costs": {"total_cost": 8120.7915818677875, "time_cost": 150, "final_distance_cost": 939.9349411274118, "oscillation_cost": 14.738042655730993, "completition_cost": 1000.0, "overshoot_cost": 5878.1995524129, "power_cost": 44.80307534179688, "noise_cost": 93.11597032994798, "n_waypoints_completed": 0, "tot_waypoints": 9}}
{"target": -1415.574047971665, "params": {"k_pid_pos": [1.9112612009048462, 1.0, 1.0], "k_pid_alt": [1.8284993171691895, 1.0, 1.0], "k_pid_att": [1.1241793632507324, 0.27496883273124695, 0.0], "k_pid_yaw": [0.5, 1e-06, 0.1], "k_pid_hsp": [9.668262481689453, 0.0, 0.0], "k_pid_vsp": [400.0, 400.0, 400.0]}, "datetime": {"datetime": "2025-08-12 11:22:09", "elapsed": 68209.1129925251, "delta": 28.131017923355103}, "costs": {"total_cost": 1415.574047971665, "time_cost": 150, "final_distance_cost": 84.47257541593089, "oscillation_cost": 277.9904279397496, "completition_cost": 777.7777777777778, "overshoot_cost": 64.90911358673853, "power_cost": 32.75804487304688, "noise_cost": 27.666108378421328, "n_waypoints_completed": 2, "tot_waypoints": 9}}
{"target": -1492.6527309177754, "params": {"k_pid_pos": [2.0, 1.0, 1.0], "k_pid_alt": [1.964888572692871, 1.0, 1.0], "k_pid_att": [1.9892960786819458, 9.999999747378752e-05, 0.0731978714466095], "k_pid_yaw": [0.5, 1e-06, 0.1], "k_pid_hsp": [9.805408477783203, 0.0742986798286438, 0.0037856996059417725], "k_pid_vsp": [400.0, 400.0, 400.0]}, "datetime": {"datetime": "2025-08-12 11:22:39", "elapsed": 68239.10503745079, "delta": 29.992044925689697}, "costs": {"total_cost": 1492.6527309177754, "time_cost": 150, "final_distance_cost": 0.9981568469290288, "oscillation_cost": 54.29066961021567, "completition_cost": 1000.0, "overshoot_cost": 158.3927797038409, "power_cost": 29.29518419189453, "noise_cost": 99.67594056489511, "n_waypoints_completed": 0, "tot_waypoints": 9}}
{"target": -8153.686172256693, "params": {"k_pid_pos": [2.0, 0.9218398928642273, 1.0], "k_pid_alt": [1.9844456911087036, 1.0, 1.0], "k_pid_att": [0.0, 9.999999747378752e-05, 0.0], "k_pid_yaw": [0.5, 1e-06, 0.1], "k_pid_hsp": [10.0, 0.0, 0.07028648257255554], "k_pid_vsp": [400.0, 381.2775573730469, 390.62457275390625]}, "datetime": {"datetime": "2025-08-12 11:23:09", "elapsed": 68269.22606730461, "delta": 30.1210298538208}, "costs": {"total_cost": 8153.686172256693, "time_cost": 150, "final_distance_cost": 689.60926110915, "oscillation_cost": 14.726384689147267, "completition_cost": 1000.0, "overshoot_cost": 6160.851605700442, "power_cost": 45.04544483642578, "noise_cost": 93.45347592152723, "n_waypoints_completed": 0, "tot_waypoints": 9}}
{"target": -1481.9462432872706, "params": {"k_pid_pos": [1.962815284729004, 1.0, 1.0], "k_pid_alt": [2.0, 0.9617934226989746, 0.9371600151062012], "k_pid_att": [1.500043272972107, 9.999999747378752e-05, 0.07921987771987915], "k_pid_yaw": [0.5, 1e-06, 0.1], "k_pid_hsp": [9.89301586151123, 0.00711745023727417, 0.0], "k_pid_vsp": [384.43426513671875, 400.0, 400.0]}, "datetime": {"datetime": "2025-08-12 11:23:40", "elapsed": 68300.23396492004, "delta": 31.00789761543274}, "costs": {"total_cost": 1481.9462432872706, "time_cost": 150, "final_distance_cost": 0.9991477947581034, "oscillation_cost": 46.98910597874105, "completition_cost": 1000.0, "overshoot_cost": 157.67540927169023, "power_cost": 29.205468298339845, "noise_cost": 97.07711194374131, "n_waypoints_completed": 0, "tot_waypoints": 9}}
{"target": -1485.660687652359, "params": {"k_pid_pos": [2.0, 0.9863450527191162, 1.0], "k_pid_alt": [1.8983979225158691, 1.0, 1.0], "k_pid_att": [2.197816848754883, 9.999999747378752e-05, 0.007712841033935547], "k_pid_yaw": [0.5, 1e-06, 0.1], "k_pid_hsp": [9.857855796813965, 0.0, 0.012509822845458984], "k_pid_vsp": [400.0, 400.0, 400.0]}, "datetime": {"datetime": "2025-08-12 11:24:10", "elapsed": 68329.65686893463, "delta": 29.422904014587402}, "costs": {"total_cost": 1485.660687652359, "time_cost": 150, "final_distance_cost": 71.80511861305692, "oscillation_cost": 354.89471050506677, "completition_cost": 777.7777777777778, "overshoot_cost": 71.79104961939464, "power_cost": 32.17581528320313, "noise_cost": 27.216215853859726, "n_waypoints_completed": 2, "tot_waypoints": 9}}
{"target": -8195.612403875894, "params": {"k_pid_pos": [2.0, 0.9678076505661011, 1.0], "k_pid_alt": [2.0, 0.8797255754470825, 0.9998611211776733], "k_pid_att": [0.0, 9.999999747378752e-05, 0.0], "k_pid_yaw": [0.5, 1e-06, 0.1], "k_pid_hsp": [9.272452354431152, 0.08228802680969238, 0.0], "k_pid_vsp": [400.0, 400.0, 392.9172058105469]}, "datetime": {"datetime": "2025-08-12 11:24:41", "elapsed": 68360.58269953728, "delta": 30.925830602645874}, "costs": {"total_cost": 8195.612403875894, "time_cost": 150, "final_distance_cost": 1057.937224430604, "oscillation_cost": 14.869187866301361, "completition_cost": 1000.0, "overshoot_cost": 5838.816374835101, "power_cost": 44.43990301513672, "noise_cost": 89.54971372875066, "n_waypoints_completed": 0, "tot_waypoints": 9}}
{"target": -854.2199623193425, "params": {"k_pid_pos": [2.0, 1.0, 1.0], "k_pid_alt": [1.9796987771987915, 0.9688920974731445, 0.9904940128326416], "k_pid_att": [12.274068832397461, 0.22989119589328766, 0.12189897894859314], "k_pid_yaw": [0.5, 1e-06, 0.1], "k_pid_hsp": [9.680572509765625, 0.01682192087173462, 0.009342581033706665], "k_pid_vsp": [400.0, 400.0, 400.0]}, "datetime": {"datetime": "2025-08-12 11:25:11", "elapsed": 68390.6275279522, "delta": 30.044828414916992}, "costs": {"total_cost": 854.2199623193425, "time_cost": 150, "final_distance_cost": 65.13415591485537, "oscillation_cost": 291.6154563497779, "completition_cost": 222.2222222222222, "overshoot_cost": 62.819350586006976, "power_cost": 32.35357836914063, "noise_cost": 30.075198877339428, "n_waypoints_completed": 7, "tot_waypoints": 9}}
{"target": -8015.018705866536, "params": {"k_pid_pos": [2.0, 1.0, 1.0], "k_pid_alt": [2.0, 0.9543720483779907, 1.0], "k_pid_att": [0.0, 0.0031186470296233892, 0.06589004397392273], "k_pid_yaw": [0.5, 1e-06, 0.1], "k_pid_hsp": [10.0, 0.0, 0.03506705164909363], "k_pid_vsp": [400.0, 400.0, 389.4720764160156]}, "datetime": {"datetime": "2025-08-12 11:25:39", "elapsed": 68419.02481484413, "delta": 28.397286891937256}, "costs": {"total_cost": 8015.018705866536, "time_cost": 150, "final_distance_cost": 2155.7123551112377, "oscillation_cost": 47.57250785956703, "completition_cost": 1000.0, "overshoot_cost": 4461.8392222185785, "power_cost": 53.58836868896485, "noise_cost": 146.30625198818774, "n_waypoints_completed": 0, "tot_waypoints": 9}}
{"target": -1477.8284475244975, "params": {"k_pid_pos": [2.0, 1.0, 0.9562629461288452], "k_pid_alt": [2.0, 0.9720540642738342, 0.9191297292709351], "k_pid_att": [5.557918548583984, 9.999999747378752e-05, 0.0], "k_pid_yaw": [0.5, 1e-06, 0.1], "k_pid_hsp": [10.0, 0.005419373512268066, 0.0], "k_pid_vsp": [375.4906005859375, 382.33770751953125, 400.0]}, "datetime": {"datetime": "2025-08-12 11:26:07", "elapsed": 68447.34975194931, "delta": 28.324937105178833}, "costs": {"total_cost": 1477.8284475244975, "time_cost": 150, "final_distance_cost": 53.19305303128151, "oscillation_cost": 477.4760712325094, "completition_cost": 666.6666666666667, "overshoot_cost": 71.45752500468599, "power_cost": 31.19422799072266, "noise_cost": 27.84090359863107, "n_waypoints_completed": 3, "tot_waypoints": 9}}
{"target": -3689.390320372777, "params": {"k_pid_pos": [1.924193024635315, 1.0, 1.0], "k_pid_alt": [1.9893642663955688, 0.9435899257659912, 1.0], "k_pid_att": [0.0, 0.5105404257774353, 0.04157033562660217], "k_pid_yaw": [0.5, 1e-06, 0.1], "k_pid_hsp": [9.751365661621094, 0.0, 0.0], "k_pid_vsp": [363.6048278808594, 400.0, 399.5068664550781]}, "datetime": {"datetime": "2025-08-12 11:26:39", "elapsed": 68478.94282197952, "delta": 31.593070030212402}, "costs": {"total_cost": 3689.390320372777, "time_cost": 150, "final_distance_cost": 172.57132374572623, "oscillation_cost": 1606.2189628282658, "completition_cost": 1000.0, "overshoot_cost": 531.2782300175782, "power_cost": 57.211490747070314, "noise_cost": 172.11031303413623, "n_waypoints_completed": 0, "tot_waypoints": 9}}
{"target": -8088.9503509793685, "params": {"k_pid_pos": [1.9907824993133545, 0.9864287972450256, 0.9765909314155579], "k_pid_alt": [1.9624079465866089, 1.0, 1.0], "k_pid_att": [0.0, 9.999999747378752e-05, 0.0], "k_pid_yaw": [0.5, 1e-06, 0.1], "k_pid_hsp": [10.0, 0.0, 0.016517549753189087], "k_pid_vsp": [400.0, 370.1011657714844, 395.2174072265625]}, "datetime": {"datetime": "2025-08-12 11:27:08", "elapsed": 68507.94606900215, "delta": 29.003247022628784}, "costs": {"total_cost": 8088.9503509793685, "time_cost": 150, "final_distance_cost": 893.9541714900732, "oscillation_cost": 14.796180009009694, "completition_cost": 1000.0, "overshoot_cost": 5890.783488904713, "power_cost": 44.57827241210938, "noise_cost": 94.83823816346386, "n_waypoints_completed": 0, "tot_waypoints": 9}}
{"target": -4887.847024080945, "params": {"k_pid_pos": [2.0, 1.0, 1.0], "k_pid_alt": [2.0, 0.9818145036697388, 0.9910211563110352], "k_pid_att": [0.0, 0.4377939701080322, 0.0], "k_pid_yaw": [0.5, 1e-06, 0.1], "k_pid_hsp": [9.61213493347168, 0.0, 0.0], "k_pid_vsp": [400.0, 397.06793212890625, 400.0]}, "datetime": {"datetime": "2025-08-12 11:27:37", "elapsed": 68536.91232585907, "delta": 28.966256856918335}, "costs": {"total_cost": 4887.847024080945, "time_cost": 150, "final_distance_cost": 538.8355726722754, "oscillation_cost": 1741.40465540381, "completition_cost": 1000.0, "overshoot_cost": 1225.6628089306184, "power_cost": 57.63051964111328, "noise_cost": 174.3134674331278, "n_waypoints_completed": 0, "tot_waypoints": 9}}
{"target": -8018.911440693792, "params": {"k_pid_pos": [2.0, 0.9921924471855164, 0.8782178163528442], "k_pid_alt": [2.0, 0.9971000552177429, 0.9202898144721985], "k_pid_att": [0.0, 9.999999747378752e-05, 0.0], "k_pid_yaw": [0.5, 1e-06, 0.1], "k_pid_hsp": [9.526387214660645, 0.021469801664352417, 0.0], "k_pid_vsp": [362.86376953125, 400.0, 377.6747131347656]}, "datetime": {"datetime": "2025-08-12 11:28:10", "elapsed": 68569.98354625702, "delta": 33.07122039794922}, "costs": {"total_cost": 8018.911440693792, "time_cost": 150, "final_distance_cost": 908.3023671357931, "oscillation_cost": 14.73814773711232, "completition_cost": 1000.0, "overshoot_cost": 5807.817065097076, "power_cost": 44.23136246337891, "noise_cost": 93.82249826043224, "n_waypoints_completed": 0, "tot_waypoints": 9}}
{"target": -6315.93857521119, "params": {"k_pid_pos": [2.0, 0.9575220942497253, 0.9774034023284912], "k_pid_alt": [1.9993171691894531, 1.0, 0.96979820728302], "k_pid_att": [0.0, 1.0728399753570557, 0.0], "k_pid_yaw": [0.5, 1e-06, 0.1], "k_pid_hsp": [10.0, 0.0, 0.016355127096176147], "k_pid_vsp": [375.4690246582031, 399.4494323730469, 379.58856201171875]}, "datetime": {"datetime": "2025-08-12 11:28:43", "elapsed": 68602.6756708622, "delta": 32.69212460517883}, "costs": {"total_cost": 6315.93857521119, "time_cost": 150, "final_distance_cost": 1334.9642175425263, "oscillation_cost": 2164.94488267177, "completition_cost": 1000.0, "overshoot_cost": 1433.0161320160498, "power_cost": 57.69274106445313, "noise_cost": 175.32060191639144, "n_waypoints_completed": 0, "tot_waypoints": 9}}
{"target": -1474.6159489755744, "params": {"k_pid_pos": [1.8178139925003052, 0.9631765484809875, 0.9744195342063904], "k_pid_alt": [2.0, 0.9522871375083923, 0.9561879634857178], "k_pid_att": [1.8512994050979614, 0.5737988352775574, 0.008968710899353027], "k_pid_yaw": [0.5, 1e-06, 0.1], "k_pid_hsp": [9.446085929870605, 0.06335476040840149, 0.0], "k_pid_vsp": [400.0, 394.27886962890625, 386.5636291503906]}, "datetime": {"datetime": "2025-08-12 11:29:12", "elapsed": 68631.77561426163, "delta": 29.09994339942932}, "costs": {"total_cost": 1474.6159489755744, "time_cost": 150, "final_distance_cost": 85.79359772044053, "oscillation_cost": 335.19253300922725, "completition_cost": 777.7777777777778, "overshoot_cost": 67.84787131413967, "power_cost": 31.17771492919922, "noise_cost": 26.826454224789813, "n_waypoints_completed": 2, "tot_waypoints": 9}}
{"target": -18332.190587954592, "params": {"k_pid_pos": [1.9916340112686157, 1.0, 0.9822814464569092], "k_pid_alt": [2.0, 1.0, 0.9659886956214905], "k_pid_att": [0.0, 0.6437569856643677, 0.0], "k_pid_yaw": [0.5, 1e-06, 0.1], "k_pid_hsp": [9.131553649902344, 0.0942855179309845, 0.0], "k_pid_vsp": [400.0, 400.0, 371.3707580566406]}, "datetime": {"datetime": "2025-08-12 11:29:41", "elapsed": 68660.47109389305, "delta": 28.69547963142395}, "costs": {"total_cost": 18332.190587954592, "time_cost": 150, "final_distance_cost": 6009.651812874685, "oscillation_cost": 2219.7450843219644, "completition_cost": 1000.0, "overshoot_cost": 8718.878683034985, "power_cost": 57.95506500244141, "noise_cost": 175.95994272051286, "n_waypoints_completed": 0, "tot_waypoints": 9}}
{"target": -1567.189459503852, "params": {"k_pid_pos": [1.9238337278366089, 1.0, 0.9618334174156189], "k_pid_alt": [2.0, 1.0, 0.9498475193977356], "k_pid_att": [0.8524864912033081, 9.999999747378752e-05, 0.0], "k_pid_yaw": [0.5, 1e-06, 0.1], "k_pid_hsp": [10.0, 0.0, 0.11544102430343628], "k_pid_vsp": [380.4861145019531, 354.901611328125, 399.4938659667969]}, "datetime": {"datetime": "2025-08-12 11:30:10", "elapsed": 68690.26265788078, "delta": 29.791563987731934}, "costs": {"total_cost": 1567.189459503852, "time_cost": 150, "final_distance_cost": 35.11899451271865, "oscillation_cost": 246.54716263603925, "completition_cost": 1000.0, "overshoot_cost": 78.16239723426455, "power_cost": 30.93641861572266, "noise_cost": 26.42448650510693, "n_waypoints_completed": 0, "tot_waypoints": 9}}
{"target": -4354.048859537488, "params": {"k_pid_pos": [1.9852592945098877, 0.8827571272850037, 0.9787532091140747], "k_pid_alt": [2.0, 1.0, 1.0], "k_pid_att": [0.0, 9.999999747378752e-05, 0.053358882665634155], "k_pid_yaw": [0.5, 1e-06, 0.1], "k_pid_hsp": [10.0, 0.03632894158363342, 0.03712320327758789], "k_pid_vsp": [370.5762634277344, 400.0, 387.7944641113281]}, "datetime": {"datetime": "2025-08-12 11:30:40", "elapsed": 68720.20525836945, "delta": 29.94260048866272}, "costs": {"total_cost": 4354.048859537488, "time_cost": 150, "final_distance_cost": 558.4019366610006, "oscillation_cost": 4.0786933500652225, "completition_cost": 1000.0, "overshoot_cost": 2511.3679519768684, "power_cost": 29.726264086914064, "noise_cost": 100.47401346264007, "n_waypoints_completed": 0, "tot_waypoints": 9}}
{"target": -1761.792641645294, "params": {"k_pid_pos": [2.0, 0.8943701982498169, 0.9847148656845093], "k_pid_alt": [2.0, 0.9525240659713745, 1.0], "k_pid_att": [2.2192983627319336, 0.10207746177911758, 0.034089118242263794], "k_pid_yaw": [0.5, 1e-06, 0.1], "k_pid_hsp": [10.0, 0.0, 0.0], "k_pid_vsp": [398.70697021484375, 377.03045654296875, 393.5789489746094]}, "datetime": {"datetime": "2025-08-12 11:31:10", "elapsed": 68749.46596765518, "delta": 29.260709285736084}, "costs": {"total_cost": 1761.792641645294, "time_cost": 150, "final_distance_cost": 0.9998868274543469, "oscillation_cost": 321.51191719469637, "completition_cost": 1000.0, "overshoot_cost": 159.2322810932372, "power_cost": 29.317754931640625, "noise_cost": 100.73080159826563, "n_waypoints_completed": 0, "tot_waypoints": 9}}
{"target": -5716.022815504853, "params": {"k_pid_pos": [2.0, 0.9234391450881958, 0.9659478068351746], "k_pid_alt": [1.977306842803955, 0.9519150257110596, 0.9694363474845886], "k_pid_att": [0.0, 0.09798713028430939, 0.004414737224578857], "k_pid_yaw": [0.5, 1e-06, 0.1], "k_pid_hsp": [9.93312931060791, 0.0, 0.003429919481277466], "k_pid_vsp": [400.0, 388.4797058105469, 375.0000305175781]}, "datetime": {"datetime": "2025-08-12 11:31:39", "elapsed": 68778.56948328018, "delta": 29.103515625}, "costs": {"total_cost": 5716.022815504853, "time_cost": 150, "final_distance_cost": 753.7760159437655, "oscillation_cost": 722.2110296908493, "completition_cost": 1000.0, "overshoot_cost": 2868.1469929902805, "power_cost": 57.51524698486328, "noise_cost": 164.37352989509293, "n_waypoints_completed": 0, "tot_waypoints": 9}}
{"target": -6549.069254891667, "params": {"k_pid_pos": [1.9399323463439941, 0.9286456108093262, 0.9994802474975586], "k_pid_alt": [1.7688199281692505, 1.0, 0.9798351526260376], "k_pid_att": [0.0, 0.259385347366333, 0.02728891372680664], "k_pid_yaw": [0.5, 1e-06, 0.1], "k_pid_hsp": [9.761667251586914, 0.0, 0.0], "k_pid_vsp": [400.0, 396.2320251464844, 400.0]}, "datetime": {"datetime": "2025-08-12 11:32:10", "elapsed": 68809.78090286255, "delta": 31.211419582366943}, "costs": {"total_cost": 6549.069254891667, "time_cost": 150, "final_distance_cost": 1413.0861204630685, "oscillation_cost": 1255.5331069791414, "completition_cost": 1000.0, "overshoot_cost": 2500.901603872309, "power_cost": 58.375361157226564, "noise_cost": 171.17306241992046, "n_waypoints_completed": 0, "tot_waypoints": 9}}
{"target": -1138.9751252946953, "params": {"k_pid_pos": [2.0, 0.9574618339538574, 1.0], "k_pid_alt": [2.0, 1.0, 1.0], "k_pid_att": [6.986933708190918, 9.999999747378752e-05, 0.0], "k_pid_yaw": [0.5, 1e-06, 0.1], "k_pid_hsp": [9.728038787841797, 0.0, 0.018720418214797974], "k_pid_vsp": [378.55487060546875, 384.2680358886719, 400.0]}, "datetime": {"datetime": "2025-08-12 11:32:38", "elapsed": 68838.25239229202, "delta": 28.471489429473877}, "costs": {"total_cost": 1138.9751252946953, "time_cost": 150, "final_distance_cost": 61.00767929369658, "oscillation_cost": 465.89186532051093, "completition_cost": 333.33333333333337, "overshoot_cost": 65.52790994781233, "power_cost": 33.16514831542969, "noise_cost": 30.04918908391225, "n_waypoints_completed": 6, "tot_waypoints": 9}}
{"target": -1821.5530171369421, "params": {"k_pid_pos": [2.0, 0.9688531160354614, 1.0], "k_pid_alt": [2.0, 0.9515358209609985, 1.0], "k_pid_att": [3.692728281021118, 0.44748708605766296, 0.05128967761993408], "k_pid_yaw": [0.5, 1e-06, 0.1], "k_pid_hsp": [10.0, 0.0, 0.0], "k_pid_vsp": [399.45770263671875, 400.0, 400.0]}, "datetime": {"datetime": "2025-08-12 11:33:08", "elapsed": 68868.3107945919, "delta": 30.05840229988098}, "costs": {"total_cost": 1821.5530171369421, "time_cost": 150, "final_distance_cost": 0.9990452508865594, "oscillation_cost": 378.2719888606814, "completition_cost": 1000.0, "overshoot_cost": 159.19095273760016, "power_cost": 29.53751970214844, "noise_cost": 103.5535105856254, "n_waypoints_completed": 0, "tot_waypoints": 9}}
