{"target": -30911.284870625615, "params": {"k_pid_pos": [1.7708085775375366, 0.9949004650115967, 0.9598752856254578], "k_pid_alt": [1.9434118270874023, 1.0, 0.9634501338005066], "k_pid_att": [0.0, 1.1059616804122925, 0.0], "k_pid_yaw": [0.5, 1e-06, 0.1], "k_pid_hsp": [9.032130241394043, 0.0, 0.0], "k_pid_vsp": [377.05224609375, 385.6311340332031, 400.0]}, "datetime": {"datetime": "2025-08-12 12:01:25", "elapsed": 70564.57466745377, "delta": 28.755167722702026}, "costs": {"total_cost": 30911.284870625615, "time_cost": 150, "final_distance_cost": 8708.114525535042, "oscillation_cost": 2508.043110058322, "completition_cost": 1000.0, "overshoot_cost": 18313.013444670596, "power_cost": 57.22054508056641, "noise_cost": 174.89324528108673, "n_waypoints_completed": 0, "tot_waypoints": 9}}
{"target": -9097.422221766128, "params": {"k_pid_pos": [2.0, 1.0, 1.0], "k_pid_alt": [2.0, 1.0, 1.0], "k_pid_att": [0.0, 9.999999747378752e-05, 0.0], "k_pid_yaw": [0.5, 1e-06, 0.1], "k_pid_hsp": [9.79682731628418, 0.028598278760910034, 0.057423532009124756], "k_pid_vsp": [361.1607666015625, 400.0, 392.24267578125]}, "datetime": {"datetime": "2025-08-12 12:01:56", "elapsed": 70596.2268064022, "delta": 31.65213894844055}, "costs": {"total_cost": 9097.422221766128, "time_cost": 150, "final_distance_cost": 688.490095417144, "oscillation_cost": 14.695188789945488, "completition_cost": 1000.0, "overshoot_cost": 7098.401013063831, "power_cost": 45.63614333496094, "noise_cost": 100.19978116024761, "n_waypoints_completed": 0, "tot_waypoints": 9}}
{"target": -5145.113394169539, "params": {"k_pid_pos": [1.9260622262954712, 1.0, 0.9808412790298462], "k_pid_alt": [2.0, 0.9789958000183105, 1.0], "k_pid_att": [0.0, 0.3925911486148834, 0.0994957685470581], "k_pid_yaw": [0.5, 1e-06, 0.1], "k_pid_hsp": [10.0, 0.0070497095584869385, 0.0], "k_pid_vsp": [394.1280822753906, 383.8282775878906, 381.3443603515625]}, "datetime": {"datetime": "2025-08-12 12:02:28", "elapsed": 70628.23788309097, "delta": 32.01107668876648}, "costs": {"total_cost": 5145.113394169539, "time_cost": 150, "final_distance_cost": 592.2552645070398, "oscillation_cost": 1208.0565570733768, "completition_cost": 1000.0, "overshoot_cost": 1968.336331504949, "power_cost": 57.48147077636719, "noise_cost": 168.98377030780674, "n_waypoints_completed": 0, "tot_waypoints": 9}}
{"target": -1558.5151631124963, "params": {"k_pid_pos": [2.0, 0.9755427837371826, 0.9566003680229187], "k_pid_alt": [2.0, 1.0, 0.9744428396224976], "k_pid_att": [1.4831840991973877, 9.999999747378752e-05, 0.0590079128742218], "k_pid_yaw": [0.5, 1e-06, 0.1], "k_pid_hsp": [9.222963333129883, 0.04475522041320801, 0.04445803165435791], "k_pid_vsp": [400.0, 382.9507141113281, 400.0]}, "datetime": {"datetime": "2025-08-12 12:02:58", "elapsed": 70657.67835593224, "delta": 29.440472841262817}, "costs": {"total_cost": 1558.5151631124963, "time_cost": 150, "final_distance_cost": 0.9984287185699523, "oscillation_cost": 124.66162012941143, "completition_cost": 1000.0, "overshoot_cost": 156.58959383006726, "power_cost": 29.42485916748047, "noise_cost": 96.84066126696723, "n_waypoints_completed": 0, "tot_waypoints": 9}}
{"target": -4386.686028885677, "params": {"k_pid_pos": [2.0, 1.0, 1.0], "k_pid_alt": [1.8066010475158691, 1.0, 1.0], "k_pid_att": [0.0, 0.10786948353052139, 0.0], "k_pid_yaw": [0.5, 1e-06, 0.1], "k_pid_hsp": [10.0, 0.022807806730270386, 0.0], "k_pid_vsp": [394.79058837890625, 400.0, 400.0]}, "datetime": {"datetime": "2025-08-12 12:03:26", "elapsed": 70685.86546301842, "delta": 28.18710708618164}, "costs": {"total_cost": 4386.686028885677, "time_cost": 150, "final_distance_cost": 471.2130500911938, "oscillation_cost": 776.7711676740965, "completition_cost": 1000.0, "overshoot_cost": 1765.5193348779228, "power_cost": 57.2221898803711, "noise_cost": 165.96028636209277, "n_waypoints_completed": 0, "tot_waypoints": 9}}
{"target": -1674.3675002615785, "params": {"k_pid_pos": [2.0, 0.9988120794296265, 1.0], "k_pid_alt": [1.99369215965271, 1.0, 0.9658126831054688], "k_pid_att": [1.8115788698196411, 0.6437689065933228, 0.04491439461708069], "k_pid_yaw": [0.5, 1e-06, 0.1], "k_pid_hsp": [10.0, 0.06581506133079529, 0.0], "k_pid_vsp": [400.0, 400.0, 375.85498046875]}, "datetime": {"datetime": "2025-08-12 12:03:56", "elapsed": 70715.96625208855, "delta": 30.100789070129395}, "costs": {"total_cost": 1674.3675002615785, "time_cost": 150, "final_distance_cost": 0.9993405295474653, "oscillation_cost": 252.54086518872955, "completition_cost": 1000.0, "overshoot_cost": 154.3398175091816, "power_cost": 29.420489758300782, "noise_cost": 87.06698727581924, "n_waypoints_completed": 0, "tot_waypoints": 9}}
{"target": -8167.108415076111, "params": {"k_pid_pos": [2.0, 1.0, 1.0], "k_pid_alt": [1.9522335529327393, 1.0, 1.0], "k_pid_att": [0.0, 9.999999747378752e-05, 0.0], "k_pid_yaw": [0.5, 1e-06, 0.1], "k_pid_hsp": [10.0, 0.0, 0.06116676330566406], "k_pid_vsp": [396.4455261230469, 385.283203125, 400.0]}, "datetime": {"datetime": "2025-08-12 12:04:26", "elapsed": 70746.22918200493, "delta": 30.262929916381836}, "costs": {"total_cost": 8167.108415076111, "time_cost": 150, "final_distance_cost": 702.6950399522545, "oscillation_cost": 14.72319620726888, "completition_cost": 1000.0, "overshoot_cost": 6158.308936593088, "power_cost": 45.02710920410156, "noise_cost": 96.35413311939834, "n_waypoints_completed": 0, "tot_waypoints": 9}}
{"target": -4644.706361380067, "params": {"k_pid_pos": [2.0, 0.971278190612793, 1.0], "k_pid_alt": [1.9086246490478516, 0.9133226871490479, 0.9880678653717041], "k_pid_att": [0.0, 0.477401465177536, 0.07272690534591675], "k_pid_yaw": [0.5, 1e-06, 0.1], "k_pid_hsp": [10.0, 0.027950584888458252, 0.0013616085052490234], "k_pid_vsp": [400.0, 400.0, 400.0]}, "datetime": {"datetime": "2025-08-12 12:04:57", "elapsed": 70776.97574305534, "delta": 30.74656105041504}, "costs": {"total_cost": 4644.706361380067, "time_cost": 150, "final_distance_cost": 244.6167289798601, "oscillation_cost": 1533.226895849738, "completition_cost": 1000.0, "overshoot_cost": 1488.1461809342406, "power_cost": 57.47061365966797, "noise_cost": 171.24594195656144, "n_waypoints_completed": 0, "tot_waypoints": 9}}
{"target": -1041.536424317272, "params": {"k_pid_pos": [2.0, 0.9324541091918945, 0.957282543182373], "k_pid_alt": [1.7353515625, 0.9894859790802002, 1.0], "k_pid_att": [0.787276029586792, 9.999999747378752e-05, 0.0], "k_pid_yaw": [0.5, 1e-06, 0.1], "k_pid_hsp": [10.0, 0.041391968727111816, 0.043184518814086914], "k_pid_vsp": [389.1739807128906, 383.64404296875, 400.0]}, "datetime": {"datetime": "2025-08-12 12:05:27", "elapsed": 70806.88521623611, "delta": 29.909473180770874}, "costs": {"total_cost": 1041.536424317272, "time_cost": 150, "final_distance_cost": 57.0231987355753, "oscillation_cost": 151.79338853401896, "completition_cost": 555.5555555555555, "overshoot_cost": 62.87596359300322, "power_cost": 34.48195865478516, "noise_cost": 29.806359244333738, "n_waypoints_completed": 4, "tot_waypoints": 9}}
{"target": -4896.261720679685, "params": {"k_pid_pos": [1.9802982807159424, 1.0, 1.0], "k_pid_alt": [2.0, 1.0, 0.9687076807022095], "k_pid_att": [0.0, 0.5214589834213257, 0.11616230010986328], "k_pid_yaw": [0.5, 1e-06, 0.1], "k_pid_hsp": [9.992435455322266, 0.051838189363479614, 0.025191545486450195], "k_pid_vsp": [400.0, 400.0, 375.7102355957031]}, "datetime": {"datetime": "2025-08-12 12:05:54", "elapsed": 70833.84578895569, "delta": 26.960572719573975}, "costs": {"total_cost": 4896.261720679685, "time_cost": 150, "final_distance_cost": 586.9551431228687, "oscillation_cost": 1269.777881575958, "completition_cost": 1000.0, "overshoot_cost": 1661.1677523583744, "power_cost": 57.63239449462891, "noise_cost": 170.72854912785505, "n_waypoints_completed": 0, "tot_waypoints": 9}}
{"target": -860.7197380979419, "params": {"k_pid_pos": [2.0, 1.0, 1.0], "k_pid_alt": [2.0, 1.0, 1.0], "k_pid_att": [0.4001408815383911, 0.33530181646347046, 0.0], "k_pid_yaw": [0.5, 1e-06, 0.1], "k_pid_hsp": [9.708762168884277, 0.0, 0.001962006092071533], "k_pid_vsp": [400.0, 378.3555603027344, 378.900146484375]}, "datetime": {"datetime": "2025-08-12 12:06:26", "elapsed": 70865.51183891296, "delta": 31.66604995727539}, "costs": {"total_cost": 860.7197380979419, "time_cost": 150, "final_distance_cost": 70.7289900811331, "oscillation_cost": 169.88868844703347, "completition_cost": 333.33333333333337, "overshoot_cost": 63.91009309966921, "power_cost": 40.79028310546875, "noise_cost": 32.06835003130394, "n_waypoints_completed": 6, "tot_waypoints": 9}}
{"target": -1728.9764732274207, "params": {"k_pid_pos": [1.9800219535827637, 1.0, 1.0], "k_pid_alt": [1.9440032243728638, 0.9687421917915344, 0.9978643655776978], "k_pid_att": [1.4532655477523804, 9.999999747378752e-05, 0.0], "k_pid_yaw": [0.5, 1e-06, 0.1], "k_pid_hsp": [10.0, 0.07174491882324219, 0.022336184978485107], "k_pid_vsp": [350.2709045410156, 400.0, 400.0]}, "datetime": {"datetime": "2025-08-12 12:06:56", "elapsed": 70895.83689665794, "delta": 30.32505774497986}, "costs": {"total_cost": 1728.9764732274207, "time_cost": 150, "final_distance_cost": 0.9935753981910559, "oscillation_cost": 316.9052987625876, "completition_cost": 1000.0, "overshoot_cost": 153.8314548337795, "power_cost": 31.140323571777344, "noise_cost": 76.10582066108532, "n_waypoints_completed": 0, "tot_waypoints": 9}}
{"target": -1802.5916114908814, "params": {"k_pid_pos": [2.0, 1.0, 0.9369204044342041], "k_pid_alt": [1.9507243633270264, 0.954269289970398, 1.0], "k_pid_att": [2.7778327465057373, 0.9737827777862549, 0.03795251250267029], "k_pid_yaw": [0.5, 1e-06, 0.1], "k_pid_hsp": [9.975394248962402, 0.020620107650756836, 0.022861629724502563], "k_pid_vsp": [375.41143798828125, 361.9225769042969, 400.0]}, "datetime": {"datetime": "2025-08-12 12:07:25", "elapsed": 70924.95122003555, "delta": 29.114323377609253}, "costs": {"total_cost": 1802.5916114908814, "time_cost": 150, "final_distance_cost": 0.9998997278323563, "oscillation_cost": 367.1817164972407, "completition_cost": 1000.0, "overshoot_cost": 158.79149470348105, "power_cost": 29.161596740722658, "noise_cost": 96.45690382160488, "n_waypoints_completed": 0, "tot_waypoints": 9}}
{"target": -4705.362545017803, "params": {"k_pid_pos": [1.9387980699539185, 0.9471510052680969, 1.0], "k_pid_alt": [1.8933367729187012, 0.9467913508415222, 1.0], "k_pid_att": [0.0, 0.0038189946208149195, 0.0], "k_pid_yaw": [0.5, 1e-06, 0.1], "k_pid_hsp": [10.0, 0.0, 0.0], "k_pid_vsp": [397.0873718261719, 400.0, 383.6309509277344]}, "datetime": {"datetime": "2025-08-12 12:07:56", "elapsed": 70955.80092787743, "delta": 30.84970784187317}, "costs": {"total_cost": 4705.362545017803, "time_cost": 150, "final_distance_cost": 622.7137228791778, "oscillation_cost": 114.34181361627786, "completition_cost": 1000.0, "overshoot_cost": 2625.7210775942094, "power_cost": 55.4366205078125, "noise_cost": 137.14931042032586, "n_waypoints_completed": 0, "tot_waypoints": 9}}
{"target": -8106.046756309919, "params": {"k_pid_pos": [2.0, 1.0, 1.0], "k_pid_alt": [1.89105224609375, 0.980569064617157, 1.0], "k_pid_att": [0.0, 9.999999747378752e-05, 0.0], "k_pid_yaw": [0.5, 1e-06, 0.1], "k_pid_hsp": [9.494020462036133, 0.0, 0.03051111102104187], "k_pid_vsp": [395.6102294921875, 361.55584716796875, 400.0]}, "datetime": {"datetime": "2025-08-12 12:08:25", "elapsed": 70984.45840907097, "delta": 28.65748119354248}, "costs": {"total_cost": 8106.046756309919, "time_cost": 150, "final_distance_cost": 738.1875875234697, "oscillation_cost": 14.619204449502554, "completition_cost": 1000.0, "overshoot_cost": 6059.683524941997, "power_cost": 44.37069423828125, "noise_cost": 99.18574515666798, "n_waypoints_completed": 0, "tot_waypoints": 9}}
{"target": -8131.058084069322, "params": {"k_pid_pos": [1.9756584167480469, 1.0, 0.9263845086097717], "k_pid_alt": [1.9309303760528564, 1.0, 1.0], "k_pid_att": [0.0, 9.999999747378752e-05, 0.0], "k_pid_yaw": [0.5, 1e-06, 0.1], "k_pid_hsp": [10.0, 0.0, 0.027339160442352295], "k_pid_vsp": [394.0316162109375, 368.43017578125, 400.0]}, "datetime": {"datetime": "2025-08-12 12:08:53", "elapsed": 71013.3615732193, "delta": 28.90316414833069}, "costs": {"total_cost": 8131.058084069322, "time_cost": 150, "final_distance_cost": 759.6285541140701, "oscillation_cost": 14.62795215685667, "completition_cost": 1000.0, "overshoot_cost": 6063.794454653804, "power_cost": 44.3815728881836, "noise_cost": 98.62555025640758, "n_waypoints_completed": 0, "tot_waypoints": 9}}
{"target": -16099.047488359754, "params": {"k_pid_pos": [2.0, 0.9878401160240173, 0.9036853909492493], "k_pid_alt": [1.929979681968689, 1.0, 1.0], "k_pid_att": [0.0, 9.999999747378752e-05, 0.0], "k_pid_yaw": [0.5, 1e-06, 0.1], "k_pid_hsp": [9.201351165771484, 0.0, 0.10642111301422119], "k_pid_vsp": [399.35516357421875, 400.0, 400.0]}, "datetime": {"datetime": "2025-08-12 12:09:24", "elapsed": 71044.04034733772, "delta": 30.678774118423462}, "costs": {"total_cost": 16099.047488359754, "time_cost": 150, "final_distance_cost": 3572.6727555956945, "oscillation_cost": 14.607013454417086, "completition_cost": 1000.0, "overshoot_cost": 11210.163117281454, "power_cost": 47.45505515136719, "noise_cost": 104.14954687682163, "n_waypoints_completed": 0, "tot_waypoints": 9}}
{"target": -1647.4457480852946, "params": {"k_pid_pos": [2.0, 1.0, 1.0], "k_pid_alt": [2.0, 1.0, 0.9693751931190491], "k_pid_att": [7.053417205810547, 0.8486941456794739, 0.06247451901435852], "k_pid_yaw": [0.5, 1e-06, 0.1], "k_pid_hsp": [9.283524513244629, 0.0, 0.0], "k_pid_vsp": [380.3134765625, 399.40789794921875, 376.4659118652344]}, "datetime": {"datetime": "2025-08-12 12:09:53", "elapsed": 71072.92742538452, "delta": 28.887078046798706}, "costs": {"total_cost": 1647.4457480852946, "time_cost": 150, "final_distance_cost": 69.87778082492137, "oscillation_cost": 418.4060321691273, "completition_cost": 888.8888888888888, "overshoot_cost": 61.56961705933637, "power_cost": 30.890073547363283, "noise_cost": 27.813355595657473, "n_waypoints_completed": 1, "tot_waypoints": 9}}
{"target": -4265.662769630843, "params": {"k_pid_pos": [1.9669759273529053, 0.9534724950790405, 1.0], "k_pid_alt": [2.0, 0.9829535484313965, 1.0], "k_pid_att": [0.0, 9.999999747378752e-05, 0.04940199851989746], "k_pid_yaw": [0.5, 1e-06, 0.1], "k_pid_hsp": [10.0, 0.0, 0.027532190084457397], "k_pid_vsp": [398.0833740234375, 396.321533203125, 400.0]}, "datetime": {"datetime": "2025-08-12 12:10:22", "elapsed": 71101.75048208237, "delta": 28.82305669784546}, "costs": {"total_cost": 4265.662769630843, "time_cost": 150, "final_distance_cost": 454.078707211417, "oscillation_cost": 4.130969346018839, "completition_cost": 1000.0, "overshoot_cost": 2531.1107942763524, "power_cost": 29.803230212402344, "noise_cost": 96.5390685846534, "n_waypoints_completed": 0, "tot_waypoints": 9}}
{"target": -1640.4689728623607, "params": {"k_pid_pos": [1.7954250574111938, 1.0, 1.0], "k_pid_alt": [2.0, 0.9776719808578491, 0.992236852645874], "k_pid_att": [1.3947874307632446, 9.999999747378752e-05, 0.0], "k_pid_yaw": [0.5, 1e-06, 0.1], "k_pid_hsp": [10.0, 0.0755467414855957, 0.010306298732757568], "k_pid_vsp": [394.4642333984375, 392.72637939453125, 400.0]}, "datetime": {"datetime": "2025-08-12 12:10:53", "elapsed": 71132.84599971771, "delta": 31.09551763534546}, "costs": {"total_cost": 1640.4689728623607, "time_cost": 150, "final_distance_cost": 38.350354077264235, "oscillation_cost": 313.0978126695164, "completition_cost": 1000.0, "overshoot_cost": 81.05363565950435, "power_cost": 31.346972692871095, "noise_cost": 26.620197763204683, "n_waypoints_completed": 0, "tot_waypoints": 9}}
{"target": -4129.715645948488, "params": {"k_pid_pos": [2.0, 1.0, 1.0], "k_pid_alt": [1.956335186958313, 1.0, 1.0], "k_pid_att": [0.0, 0.3454732596874237, 0.0], "k_pid_yaw": [0.5, 1e-06, 0.1], "k_pid_hsp": [9.780672073364258, 0.11425536870956421, 0.0], "k_pid_vsp": [400.0, 394.2732849121094, 400.0]}, "datetime": {"datetime": "2025-08-12 12:11:23", "elapsed": 71163.04177117348, "delta": 30.19577145576477}, "costs": {"total_cost": 4129.715645948488, "time_cost": 150, "final_distance_cost": 310.220232542901, "oscillation_cost": 1471.285132976271, "completition_cost": 1000.0, "overshoot_cost": 967.4428317376946, "power_cost": 57.74500545654297, "noise_cost": 173.0224432350786, "n_waypoints_completed": 0, "tot_waypoints": 9}}
{"target": -1614.7742845949338, "params": {"k_pid_pos": [1.9751274585723877, 1.0, 1.0], "k_pid_alt": [2.0, 0.9979910254478455, 0.9418758153915405], "k_pid_att": [1.2371689081192017, 0.4148750305175781, 0.02085554599761963], "k_pid_yaw": [0.5, 1e-06, 0.1], "k_pid_hsp": [9.939400672912598, 0.015995323657989502, 0.0], "k_pid_vsp": [400.0, 400.0, 389.667236328125]}, "datetime": {"datetime": "2025-08-12 12:11:56", "elapsed": 71196.34111261368, "delta": 33.299341440200806}, "costs": {"total_cost": 1614.7742845949338, "time_cost": 150, "final_distance_cost": 26.274212289264284, "oscillation_cost": 285.2311425068922, "completition_cost": 1000.0, "overshoot_cost": 95.8140534175891, "power_cost": 30.945035278320315, "noise_cost": 26.509841102867828, "n_waypoints_completed": 0, "tot_waypoints": 9}}
{"target": -1293.9483081046042, "params": {"k_pid_pos": [2.0, 1.0, 1.0], "k_pid_alt": [1.9838696718215942, 0.9700292348861694, 0.9602333307266235], "k_pid_att": [4.1201171875, 9.999999747378752e-05, 0.0], "k_pid_yaw": [0.5, 1e-06, 0.1], "k_pid_hsp": [9.489335060119629, 0.0, 0.0], "k_pid_vsp": [395.87786865234375, 400.0, 391.40576171875]}, "datetime": {"datetime": "2025-08-12 12:12:26", "elapsed": 71225.43912386894, "delta": 29.098011255264282}, "costs": {"total_cost": 1293.9483081046042, "time_cost": 150, "final_distance_cost": 42.93983112990908, "oscillation_cost": 414.61788781057146, "completition_cost": 555.5555555555555, "overshoot_cost": 68.76719494346231, "power_cost": 32.76986431884766, "noise_cost": 29.297974346258417, "n_waypoints_completed": 4, "tot_waypoints": 9}}
{"target": -4098.541619525029, "params": {"k_pid_pos": [2.0, 1.0, 0.9583292007446289], "k_pid_alt": [2.0, 1.0, 1.0], "k_pid_att": [0.0, 9.999999747378752e-05, 0.03270167112350464], "k_pid_yaw": [0.5, 1e-06, 0.1], "k_pid_hsp": [10.0, 0.0, 0.0], "k_pid_vsp": [400.0, 388.6998596191406, 400.0]}, "datetime": {"datetime": "2025-08-12 12:12:55", "elapsed": 71254.57037782669, "delta": 29.131253957748413}, "costs": {"total_cost": 4098.541619525029, "time_cost": 150, "final_distance_cost": 1001.6405550983123, "oscillation_cost": 5.220978459592974, "completition_cost": 1000.0, "overshoot_cost": 1826.5897804749607, "power_cost": 30.33709733886719, "noise_cost": 84.75320815329614, "n_waypoints_completed": 0, "tot_waypoints": 9}}
{"target": -1666.605754994486, "params": {"k_pid_pos": [2.0, 1.0, 0.9321814179420471], "k_pid_alt": [1.9518409967422485, 1.0, 0.9623352289199829], "k_pid_att": [8.791362762451172, 0.004532455001026392, 0.0], "k_pid_yaw": [0.5, 1e-06, 0.1], "k_pid_hsp": [9.885592460632324, 0.0, 0.0], "k_pid_vsp": [395.7542724609375, 400.0, 400.0]}, "datetime": {"datetime": "2025-08-12 12:13:24", "elapsed": 71283.81367111206, "delta": 29.243293285369873}, "costs": {"total_cost": 1666.605754994486, "time_cost": 150, "final_distance_cost": 89.49988504855052, "oscillation_cost": 521.5116544755037, "completition_cost": 777.7777777777778, "overshoot_cost": 67.69134163007502, "power_cost": 31.71450096435547, "noise_cost": 28.410595098223425, "n_waypoints_completed": 2, "tot_waypoints": 9}}
{"target": -1537.7435282053725, "params": {"k_pid_pos": [1.7970104217529297, 0.9869051575660706, 1.0], "k_pid_alt": [2.0, 1.0, 1.0], "k_pid_att": [8.504888534545898, 9.999999747378752e-05, 0.0], "k_pid_yaw": [0.5, 1e-06, 0.1], "k_pid_hsp": [9.775154113769531, 0.0, 0.0], "k_pid_vsp": [400.0, 393.5440979003906, 400.0]}, "datetime": {"datetime": "2025-08-12 12:13:56", "elapsed": 71315.59828615189, "delta": 31.78461503982544}, "costs": {"total_cost": 1537.7435282053725, "time_cost": 150, "final_distance_cost": 70.93246802574912, "oscillation_cost": 514.8491614505978, "completition_cost": 666.6666666666667, "overshoot_cost": 74.25215103336106, "power_cost": 32.446025, "noise_cost": 28.597056028997883, "n_waypoints_completed": 3, "tot_waypoints": 9}}
{"target": -4407.352967473269, "params": {"k_pid_pos": [2.0, 0.9869893789291382, 1.0], "k_pid_alt": [2.0, 0.9674167633056641, 1.0], "k_pid_att": [0.0, 0.4148339033126831, 0.04802188277244568], "k_pid_yaw": [0.5, 1e-06, 0.1], "k_pid_hsp": [9.835662841796875, 0.0, 0.058629244565963745], "k_pid_vsp": [400.0, 400.0, 395.0098876953125]}, "datetime": {"datetime": "2025-08-12 12:14:25", "elapsed": 71344.50285243988, "delta": 28.904566287994385}, "costs": {"total_cost": 4407.352967473269, "time_cost": 150, "final_distance_cost": 400.6668038180332, "oscillation_cost": 1433.5323475366974, "completition_cost": 1000.0, "overshoot_cost": 1196.2170776560656, "power_cost": 56.9521740234375, "noise_cost": 169.98456443903567, "n_waypoints_completed": 0, "tot_waypoints": 9}}
{"target": -4319.62427364246, "params": {"k_pid_pos": [1.8654941320419312, 0.9534032940864563, 0.9765483140945435], "k_pid_alt": [2.0, 1.0, 1.0], "k_pid_att": [0.0, 9.999999747378752e-05, 0.05339881777763367], "k_pid_yaw": [0.5, 1e-06, 0.1], "k_pid_hsp": [10.0, 0.0628136396408081, 0.044820576906204224], "k_pid_vsp": [382.8505554199219, 392.1361999511719, 399.42584228515625]}, "datetime": {"datetime": "2025-08-12 12:14:54", "elapsed": 71373.49783205986, "delta": 28.99497961997986}, "costs": {"total_cost": 4319.62427364246, "time_cost": 150, "final_distance_cost": 370.62183374386353, "oscillation_cost": 3.9612474254250185, "completition_cost": 1000.0, "overshoot_cost": 2669.5855884128628, "power_cost": 29.983140551757813, "noise_cost": 95.47246350855006, "n_waypoints_completed": 0, "tot_waypoints": 9}}
