{"target": -1486.2436462318096, "params": {"k_pid_pos": [2.0, 0.9797806739807129, 1.0], "k_pid_alt": [1.869220495223999, 0.9838645458221436, 1.0], "k_pid_att": [6.270730495452881, 9.999999747378752e-05, 0.0], "k_pid_yaw": [0.5, 1e-06, 0.1], "k_pid_hsp": [10.0, 0.0, 0.013756543397903442], "k_pid_vsp": [344.9434814453125, 374.89996337890625, 389.99066162109375]}, "datetime": {"datetime": "2025-08-12 00:15:08", "elapsed": 28188.353722572327, "delta": 29.509979248046875}, "costs": {"total_cost": 1486.2436462318096, "time_cost": 150, "final_distance_cost": 52.30719285215991, "oscillation_cost": 484.9530426364271, "completition_cost": 666.6666666666667, "overshoot_cost": 70.7211996223971, "power_cost": 31.993443981933595, "noise_cost": 29.602100472225345, "n_waypoints_completed": 3, "tot_waypoints": 9}}
{"target": -5699.548249876178, "params": {"k_pid_pos": [2.0, 1.0, 1.0], "k_pid_alt": [1.8854141235351562, 1.0, 1.0], "k_pid_att": [0.0, 9.999999747378752e-05, 0.03870531916618347], "k_pid_yaw": [0.5, 1e-06, 0.1], "k_pid_hsp": [9.989641189575195, 0.0247458815574646, 0.11568593978881836], "k_pid_vsp": [365.5212097167969, 400.0, 386.7305908203125]}, "datetime": {"datetime": "2025-08-12 00:15:38", "elapsed": 28217.885437488556, "delta": 29.531714916229248}, "costs": {"total_cost": 5699.548249876178, "time_cost": 150, "final_distance_cost": 1159.5437638575152, "oscillation_cost": 4.624265465096751, "completition_cost": 1000.0, "overshoot_cost": 3259.5752265376796, "power_cost": 30.175819689941406, "noise_cost": 95.6291743259448, "n_waypoints_completed": 0, "tot_waypoints": 9}}
{"target": -3976.456572089879, "params": {"k_pid_pos": [2.0, 0.9206271171569824, 1.0], "k_pid_alt": [2.0, 0.9662231206893921, 0.9678056836128235], "k_pid_att": [0.0, 0.24288010597229004, 0.0], "k_pid_yaw": [0.5, 1e-06, 0.1], "k_pid_hsp": [9.891178131103516, 0.08578509092330933, 0.0], "k_pid_vsp": [400.0, 381.4564208984375, 400.0]}, "datetime": {"datetime": "2025-08-12 00:16:08", "elapsed": 28247.77161002159, "delta": 29.88617253303528}, "costs": {"total_cost": 3976.456572089879, "time_cost": 150, "final_distance_cost": 344.8372358752135, "oscillation_cost": 1157.7831497455595, "completition_cost": 1000.0, "overshoot_cost": 1094.9718299197812, "power_cost": 57.79700943603516, "noise_cost": 171.06734711328937, "n_waypoints_completed": 0, "tot_waypoints": 9}}
{"target": -8256.808986257245, "params": {"k_pid_pos": [2.0, 1.0, 1.0], "k_pid_alt": [2.0, 1.0, 1.0], "k_pid_att": [0.0, 0.7172818779945374, 0.0], "k_pid_yaw": [0.5, 1e-06, 0.1], "k_pid_hsp": [9.41825008392334, 0.0, 0.0], "k_pid_vsp": [395.5144958496094, 400.0, 390.3800354003906]}, "datetime": {"datetime": "2025-08-12 00:16:38", "elapsed": 28278.16997241974, "delta": 30.398362398147583}, "costs": {"total_cost": 8256.808986257245, "time_cost": 150, "final_distance_cost": 2226.289927448076, "oscillation_cost": 2363.779344373092, "completition_cost": 1000.0, "overshoot_cost": 2286.9027210042927, "power_cost": 56.810971618652346, "noise_cost": 173.02602181313145, "n_waypoints_completed": 0, "tot_waypoints": 9}}
{"target": -1944.7406312823948, "params": {"k_pid_pos": [1.9156229496002197, 1.0, 0.9666251540184021], "k_pid_alt": [2.0, 0.9604531526565552, 0.9844614267349243], "k_pid_att": [7.303717613220215, 9.999999747378752e-05, 0.018191814422607422], "k_pid_yaw": [0.5, 1e-06, 0.1], "k_pid_hsp": [10.0, 0.030388057231903076, 0.0], "k_pid_vsp": [377.2400817871094, 400.0, 400.0]}, "datetime": {"datetime": "2025-08-12 00:17:09", "elapsed": 28308.591126918793, "delta": 30.421154499053955}, "costs": {"total_cost": 1944.7406312823948, "time_cost": 150, "final_distance_cost": 0.9995863746686519, "oscillation_cost": 520.6489198209963, "completition_cost": 1000.0, "overshoot_cost": 153.90514206244228, "power_cost": 30.81804822998047, "noise_cost": 88.36893479430714, "n_waypoints_completed": 0, "tot_waypoints": 9}}
{"target": -5148.583146531403, "params": {"k_pid_pos": [1.973636269569397, 1.0, 1.0], "k_pid_alt": [2.0, 0.9992003440856934, 0.9489887356758118], "k_pid_att": [0.0, 0.7286394238471985, 0.04728993773460388], "k_pid_yaw": [0.5, 1e-06, 0.1], "k_pid_hsp": [10.0, 0.10741066932678223, 0.06483668088912964], "k_pid_vsp": [358.01202392578125, 400.0, 376.45013427734375]}, "datetime": {"datetime": "2025-08-12 00:17:39", "elapsed": 28339.27649617195, "delta": 30.68536925315857}, "costs": {"total_cost": 5148.583146531403, "time_cost": 150, "final_distance_cost": 437.8771852163252, "oscillation_cost": 2021.659550531793, "completition_cost": 1000.0, "overshoot_cost": 1309.4811943945213, "power_cost": 56.98853472900391, "noise_cost": 172.57668165975994, "n_waypoints_completed": 0, "tot_waypoints": 9}}
{"target": -3987.9240437537565, "params": {"k_pid_pos": [2.0, 0.9589595198631287, 0.930679976940155], "k_pid_alt": [2.0, 0.9486725926399231, 0.9718260765075684], "k_pid_att": [0.0, 0.1604277342557907, 0.0], "k_pid_yaw": [0.5, 1e-06, 0.1], "k_pid_hsp": [9.662046432495117, 0.0, 0.0], "k_pid_vsp": [382.4222412109375, 383.2347412109375, 400.0]}, "datetime": {"datetime": "2025-08-12 00:18:10", "elapsed": 28370.341984033585, "delta": 31.0654878616333}, "costs": {"total_cost": 3987.9240437537565, "time_cost": 150, "final_distance_cost": 403.9275655917054, "oscillation_cost": 929.770298555073, "completition_cost": 1000.0, "overshoot_cost": 1276.4767706656905, "power_cost": 57.77697663574219, "noise_cost": 169.9724323055452, "n_waypoints_completed": 0, "tot_waypoints": 9}}
{"target": -5246.425508394012, "params": {"k_pid_pos": [2.0, 0.9648615121841431, 1.0], "k_pid_alt": [1.9106097221374512, 1.0, 0.940079927444458], "k_pid_att": [0.0, 0.39205440878868103, 0.13993114233016968], "k_pid_yaw": [0.5, 1e-06, 0.1], "k_pid_hsp": [10.0, 0.0, 0.0], "k_pid_vsp": [400.0, 399.20977783203125, 396.6713562011719]}, "datetime": {"datetime": "2025-08-12 00:18:42", "elapsed": 28401.481199264526, "delta": 31.139215230941772}, "costs": {"total_cost": 5246.425508394012, "time_cost": 150, "final_distance_cost": 733.5848272621049, "oscillation_cost": 1024.5092947655176, "completition_cost": 1000.0, "overshoot_cost": 2113.5813639357716, "power_cost": 56.96799525146485, "noise_cost": 167.7820271791514, "n_waypoints_completed": 0, "tot_waypoints": 9}}
{"target": -1597.836710492356, "params": {"k_pid_pos": [2.0, 1.0, 1.0], "k_pid_alt": [1.991235613822937, 1.0, 0.9296517372131348], "k_pid_att": [2.6678085327148438, 0.7967605590820312, 0.02817860245704651], "k_pid_yaw": [0.5, 1e-06, 0.1], "k_pid_hsp": [9.327284812927246, 0.02956894040107727, 0.10545870661735535], "k_pid_vsp": [372.7315673828125, 400.0, 386.4920959472656]}, "datetime": {"datetime": "2025-08-12 00:19:13", "elapsed": 28432.374114751816, "delta": 30.89291548728943}, "costs": {"total_cost": 1597.836710492356, "time_cost": 150, "final_distance_cost": 51.14118473783306, "oscillation_cost": 382.96569800849363, "completition_cost": 888.8888888888888, "overshoot_cost": 67.28716625668798, "power_cost": 31.043220703125, "noise_cost": 26.510551897327613, "n_waypoints_completed": 1, "tot_waypoints": 9}}
{"target": -1205.4819318747016, "params": {"k_pid_pos": [2.0, 1.0, 0.920473575592041], "k_pid_alt": [2.0, 0.9747034311294556, 0.9879780411720276], "k_pid_att": [6.239089488983154, 9.999999747378752e-05, 0.010034888982772827], "k_pid_yaw": [0.5, 1e-06, 0.1], "k_pid_hsp": [8.782440185546875, 0.10879731178283691, 0.0], "k_pid_vsp": [400.0, 400.0, 369.5065612792969]}, "datetime": {"datetime": "2025-08-12 00:19:44", "elapsed": 28463.858444690704, "delta": 31.48432993888855}, "costs": {"total_cost": 1205.4819318747016, "time_cost": 150, "final_distance_cost": 49.95191196319632, "oscillation_cost": 440.1689028876818, "completition_cost": 444.4444444444444, "overshoot_cost": 58.41788785863571, "power_cost": 32.67770235595703, "noise_cost": 29.82108236478624, "n_waypoints_completed": 5, "tot_waypoints": 9}}
{"target": -1487.70400711272, "params": {"k_pid_pos": [1.9792214632034302, 0.9612884521484375, 1.0], "k_pid_alt": [2.0, 0.9894901514053345, 1.0], "k_pid_att": [0.8981972932815552, 9.999999747378752e-05, 0.0], "k_pid_yaw": [0.5, 1e-06, 0.1], "k_pid_hsp": [10.0, 0.0028148889541625977, 0.1331324577331543], "k_pid_vsp": [385.00311279296875, 399.42596435546875, 400.0]}, "datetime": {"datetime": "2025-08-12 00:20:15", "elapsed": 28494.758374214172, "delta": 30.899929523468018}, "costs": {"total_cost": 1487.70400711272, "time_cost": 150, "final_distance_cost": 73.16285568478531, "oscillation_cost": 249.02949050464503, "completition_cost": 888.8888888888888, "overshoot_cost": 68.9671258341601, "power_cost": 31.17824342041016, "noise_cost": 26.477402779830825, "n_waypoints_completed": 1, "tot_waypoints": 9}}
{"target": -8359.893439321824, "params": {"k_pid_pos": [1.9449963569641113, 1.0, 1.0], "k_pid_alt": [1.8246349096298218, 1.0, 1.0], "k_pid_att": [0.0, 9.999999747378752e-05, 0.0], "k_pid_yaw": [0.5, 1e-06, 0.1], "k_pid_hsp": [9.754337310791016, 0.015218198299407959, 0.03419455885887146], "k_pid_vsp": [400.0, 370.4173278808594, 400.0]}, "datetime": {"datetime": "2025-08-12 00:20:45", "elapsed": 28525.016821861267, "delta": 30.258447647094727}, "costs": {"total_cost": 8359.893439321824, "time_cost": 150, "final_distance_cost": 814.9203851768707, "oscillation_cost": 14.83089054809682, "completition_cost": 1000.0, "overshoot_cost": 6238.298586994039, "power_cost": 45.305446777343754, "noise_cost": 96.53812982547441, "n_waypoints_completed": 0, "tot_waypoints": 9}}
{"target": -5851.980351557516, "params": {"k_pid_pos": [2.0, 0.9996934533119202, 0.9760324954986572], "k_pid_alt": [2.0, 0.9504897594451904, 1.0], "k_pid_att": [0.0, 0.15714742243289948, 0.02817249298095703], "k_pid_yaw": [0.5, 1e-06, 0.1], "k_pid_hsp": [9.527045249938965, 0.0, 0.0], "k_pid_vsp": [400.0, 365.7337951660156, 400.0]}, "datetime": {"datetime": "2025-08-12 00:21:16", "elapsed": 28556.006187915802, "delta": 30.989366054534912}, "costs": {"total_cost": 5851.980351557516, "time_cost": 150, "final_distance_cost": 936.9025614272169, "oscillation_cost": 801.2417670296336, "completition_cost": 1000.0, "overshoot_cost": 2741.592673803364, "power_cost": 56.92540991210938, "noise_cost": 165.31793938519223, "n_waypoints_completed": 0, "tot_waypoints": 9}}
{"target": -1773.1900690235984, "params": {"k_pid_pos": [1.8056477308273315, 0.9680500030517578, 1.0], "k_pid_alt": [1.9189172983169556, 1.0, 1.0], "k_pid_att": [3.6126346588134766, 9.999999747378752e-05, 0.0], "k_pid_yaw": [0.5, 1e-06, 0.1], "k_pid_hsp": [9.084692001342773, 0.0, 0.0], "k_pid_vsp": [383.32891845703125, 400.0, 400.0]}, "datetime": {"datetime": "2025-08-12 00:21:47", "elapsed": 28586.811367034912, "delta": 30.805179119110107}, "costs": {"total_cost": 1773.1900690235984, "time_cost": 150, "final_distance_cost": 43.0028667878035, "oscillation_cost": 449.6053462514021, "completition_cost": 1000.0, "overshoot_cost": 71.91709594074378, "power_cost": 31.42556932373047, "noise_cost": 27.239190719918415, "n_waypoints_completed": 0, "tot_waypoints": 9}}
{"target": -2755.3764913743844, "params": {"k_pid_pos": [2.0, 1.0, 1.0], "k_pid_alt": [2.0, 0.9874094724655151, 1.0], "k_pid_att": [0.0, 9.999999747378752e-05, 0.07043468952178955], "k_pid_yaw": [0.5, 1e-06, 0.1], "k_pid_hsp": [9.433554649353027, 0.019287675619125366, 0.0], "k_pid_vsp": [400.0, 372.5570068359375, 386.5537109375]}, "datetime": {"datetime": "2025-08-12 00:22:18", "elapsed": 28617.698976278305, "delta": 30.887609243392944}, "costs": {"total_cost": 2755.3764913743844, "time_cost": 150, "final_distance_cost": 300.09332021263504, "oscillation_cost": 3.2812967767280936, "completition_cost": 1000.0, "overshoot_cost": 1158.3813180062768, "power_cost": 29.242734814453126, "noise_cost": 114.37782156429121, "n_waypoints_completed": 0, "tot_waypoints": 9}}
{"target": -1430.6350400389435, "params": {"k_pid_pos": [2.0, 1.0, 0.9436740875244141], "k_pid_alt": [1.8173975944519043, 1.0, 0.9662729501724243], "k_pid_att": [3.1673521995544434, 9.999999747378752e-05, 0.004103600978851318], "k_pid_yaw": [0.5, 1e-06, 0.1], "k_pid_hsp": [9.98395824432373, 0.022998541593551636, 0.0], "k_pid_vsp": [400.0, 396.46240234375, 400.0]}, "datetime": {"datetime": "2025-08-12 00:22:49", "elapsed": 28648.72846841812, "delta": 31.029492139816284}, "costs": {"total_cost": 1430.6350400389435, "time_cost": 150, "final_distance_cost": 86.94380136913041, "oscillation_cost": 398.71130037822115, "completition_cost": 666.6666666666667, "overshoot_cost": 68.98374452692856, "power_cost": 31.93706862792969, "noise_cost": 27.39245847006686, "n_waypoints_completed": 3, "tot_waypoints": 9}}
{"target": -841.905153922123, "params": {"k_pid_pos": [2.0, 0.8930567502975464, 1.0], "k_pid_alt": [2.0, 1.0, 0.9308496117591858], "k_pid_att": [1.3631641864776611, 9.999999747378752e-05, 0.1298425793647766], "k_pid_yaw": [0.5, 1e-06, 0.1], "k_pid_hsp": [10.0, 0.0, 0.08019751310348511], "k_pid_vsp": [400.0, 400.0, 381.1659851074219]}, "datetime": {"datetime": "2025-08-12 00:23:20", "elapsed": 28679.770769119263, "delta": 31.042300701141357}, "costs": {"total_cost": 841.905153922123, "time_cost": 150, "final_distance_cost": 48.32632040598314, "oscillation_cost": 82.7592428905762, "completition_cost": 444.4444444444444, "overshoot_cost": 56.56480455886189, "power_cost": 31.11017706298828, "noise_cost": 28.700164559268963, "n_waypoints_completed": 5, "tot_waypoints": 9}}
{"target": -1876.5268475768858, "params": {"k_pid_pos": [2.0, 0.9062374830245972, 1.0], "k_pid_alt": [2.0, 0.9724392890930176, 1.0], "k_pid_att": [10.11790657043457, 9.999999747378752e-05, 0.0], "k_pid_yaw": [0.5, 1e-06, 0.1], "k_pid_hsp": [10.0, 0.02784109115600586, 0.0], "k_pid_vsp": [353.9201354980469, 400.0, 400.0]}, "datetime": {"datetime": "2025-08-12 00:23:51", "elapsed": 28710.82978105545, "delta": 31.059011936187744}, "costs": {"total_cost": 1876.5268475768858, "time_cost": 150, "final_distance_cost": 13.121465262517333, "oscillation_cost": 567.4503892660202, "completition_cost": 1000.0, "overshoot_cost": 86.8573637310037, "power_cost": 30.99722897949219, "noise_cost": 28.10040033785229, "n_waypoints_completed": 0, "tot_waypoints": 9}}
{"target": -8031.520171365061, "params": {"k_pid_pos": [2.0, 1.0, 0.9707250595092773], "k_pid_alt": [2.0, 0.8955552577972412, 1.0], "k_pid_att": [0.0, 9.999999747378752e-05, 0.0], "k_pid_yaw": [0.5, 1e-06, 0.1], "k_pid_hsp": [9.733378410339355, 0.03793048858642578, 0.05513903498649597], "k_pid_vsp": [400.0, 400.0, 400.0]}, "datetime": {"datetime": "2025-08-12 00:24:22", "elapsed": 28741.468656778336, "delta": 30.638875722885132}, "costs": {"total_cost": 8031.520171365061, "time_cost": 150, "final_distance_cost": 891.3773067267863, "oscillation_cost": 14.817637737888804, "completition_cost": 1000.0, "overshoot_cost": 5837.233867806735, "power_cost": 44.89299362792969, "noise_cost": 93.19836546572043, "n_waypoints_completed": 0, "tot_waypoints": 9}}
{"target": -1230.6168092291173, "params": {"k_pid_pos": [1.966472864151001, 0.9958057403564453, 1.0], "k_pid_alt": [2.0, 1.0, 0.8802902698516846], "k_pid_att": [5.519130706787109, 0.38836225867271423, 0.0], "k_pid_yaw": [0.5, 1e-06, 0.1], "k_pid_hsp": [9.880258560180664, 0.026883691549301147, 0.0], "k_pid_vsp": [399.7331848144531, 400.0, 400.0]}, "datetime": {"datetime": "2025-08-12 00:24:52", "elapsed": 28771.376182317734, "delta": 29.907525539398193}, "costs": {"total_cost": 1230.6168092291173, "time_cost": 150, "final_distance_cost": 56.5398260550985, "oscillation_cost": 449.3593513032236, "completition_cost": 444.4444444444444, "overshoot_cost": 67.70074141385726, "power_cost": 32.777958740234375, "noise_cost": 29.794487272259186, "n_waypoints_completed": 5, "tot_waypoints": 9}}
{"target": -1657.5298803185908, "params": {"k_pid_pos": [2.0, 0.9883943200111389, 0.9697583317756653], "k_pid_alt": [2.0, 0.934667706489563, 0.9744199514389038], "k_pid_att": [2.3997931480407715, 9.999999747378752e-05, 0.0664459764957428], "k_pid_yaw": [0.5, 1e-06, 0.1], "k_pid_hsp": [9.743613243103027, 0.0, 0.06405505537986755], "k_pid_vsp": [383.0957946777344, 400.0, 394.0118713378906]}, "datetime": {"datetime": "2025-08-12 00:25:21", "elapsed": 28801.236275196075, "delta": 29.860092878341675}, "costs": {"total_cost": 1657.5298803185908, "time_cost": 150, "final_distance_cost": 0.9985173855615005, "oscillation_cost": 223.99388316200623, "completition_cost": 1000.0, "overshoot_cost": 156.63703875290594, "power_cost": 29.681386682128906, "noise_cost": 96.21905433598826, "n_waypoints_completed": 0, "tot_waypoints": 9}}
{"target": -1031.3046553282556, "params": {"k_pid_pos": [1.833678960800171, 0.9997379183769226, 0.9665306806564331], "k_pid_alt": [1.9506497383117676, 0.968456506729126, 0.9635697603225708], "k_pid_att": [3.105497360229492, 0.04920509457588196, 0.0], "k_pid_yaw": [0.5, 1e-06, 0.1], "k_pid_hsp": [9.57888412475586, 0.0, 0.0], "k_pid_vsp": [400.0, 400.0, 367.925537109375]}, "datetime": {"datetime": "2025-08-12 00:25:52", "elapsed": 28831.53022503853, "delta": 30.293949842453003}, "costs": {"total_cost": 1031.3046553282556, "time_cost": 150, "final_distance_cost": 54.262853519858986, "oscillation_cost": 367.7596640246367, "completition_cost": 333.33333333333337, "overshoot_cost": 64.49046624686883, "power_cost": 32.62425814208984, "noise_cost": 28.83408006146787, "n_waypoints_completed": 6, "tot_waypoints": 9}}
{"target": -4344.587865171054, "params": {"k_pid_pos": [1.9998242855072021, 0.9483282566070557, 1.0], "k_pid_alt": [2.0, 1.0, 0.9798656702041626], "k_pid_att": [0.0, 0.041604384779930115, 0.02074509859085083], "k_pid_yaw": [0.5, 1e-06, 0.1], "k_pid_hsp": [9.189866065979004, 0.0423046350479126, 0.0], "k_pid_vsp": [385.8498840332031, 400.0, 400.0]}, "datetime": {"datetime": "2025-08-12 00:26:22", "elapsed": 28861.975317001343, "delta": 30.44509196281433}, "costs": {"total_cost": 4344.587865171054, "time_cost": 150, "final_distance_cost": 950.3900313000679, "oscillation_cost": 385.76999215862696, "completition_cost": 1000.0, "overshoot_cost": 1646.4376046594655, "power_cost": 56.48504013671875, "noise_cost": 155.50519691617455, "n_waypoints_completed": 0, "tot_waypoints": 9}}
{"target": -1055.382882614428, "params": {"k_pid_pos": [1.9501055479049683, 1.0, 0.9944812655448914], "k_pid_alt": [1.9877088069915771, 1.0, 1.0], "k_pid_att": [3.9071738719940186, 0.11663604527711868, 0.0017328262329101562], "k_pid_yaw": [0.5, 1e-06, 0.1], "k_pid_hsp": [9.796417236328125, 0.026231616735458374, 0.0], "k_pid_vsp": [400.0, 400.0, 378.3046875]}, "datetime": {"datetime": "2025-08-12 00:26:52", "elapsed": 28891.77665424347, "delta": 29.801337242126465}, "costs": {"total_cost": 1055.382882614428, "time_cost": 150, "final_distance_cost": 54.89968111586632, "oscillation_cost": 390.9575067327284, "completition_cost": 333.33333333333337, "overshoot_cost": 65.04720532123233, "power_cost": 32.20081989746094, "noise_cost": 28.944336213806512, "n_waypoints_completed": 6, "tot_waypoints": 9}}
{"target": -4499.828158388458, "params": {"k_pid_pos": [1.9389674663543701, 1.0, 0.9645355343818665], "k_pid_alt": [1.9376935958862305, 1.0, 1.0], "k_pid_att": [0.030919909477233887, 0.23352017998695374, 0.0], "k_pid_yaw": [0.5, 1e-06, 0.1], "k_pid_hsp": [10.0, 0.05112051963806152, 0.05358409881591797], "k_pid_vsp": [400.0, 382.2196350097656, 389.19970703125]}, "datetime": {"datetime": "2025-08-12 00:27:22", "elapsed": 28921.915535211563, "delta": 30.138880968093872}, "costs": {"total_cost": 4499.828158388458, "time_cost": 150, "final_distance_cost": 638.3158516437329, "oscillation_cost": 830.0226176082328, "completition_cost": 1000.0, "overshoot_cost": 1659.1165194470666, "power_cost": 57.004168383789064, "noise_cost": 165.369001305637, "n_waypoints_completed": 0, "tot_waypoints": 9}}
{"target": -1194.1556579155642, "params": {"k_pid_pos": [1.8780452013015747, 0.9530544281005859, 1.0], "k_pid_alt": [1.995069980621338, 1.0, 1.0], "k_pid_att": [4.45408821105957, 9.999999747378752e-05, 0.0], "k_pid_yaw": [0.5, 1e-06, 0.1], "k_pid_hsp": [10.0, 0.0037436485290527344, 0.028297096490859985], "k_pid_vsp": [400.0, 400.0, 400.0]}, "datetime": {"datetime": "2025-08-12 00:27:53", "elapsed": 28952.783128976822, "delta": 30.86759376525879}, "costs": {"total_cost": 1194.1556579155642, "time_cost": 150, "final_distance_cost": 56.96364300837945, "oscillation_cost": 413.3784055533757, "completition_cost": 444.4444444444444, "overshoot_cost": 67.47237360535277, "power_cost": 32.49431568603516, "noise_cost": 29.402475617976823, "n_waypoints_completed": 5, "tot_waypoints": 9}}
{"target": -1066.1052169943703, "params": {"k_pid_pos": [2.0, 1.0, 0.9485068917274475], "k_pid_alt": [1.9452106952667236, 1.0, 1.0], "k_pid_att": [4.14591121673584, 0.08342348039150238, 0.0], "k_pid_yaw": [0.5, 1e-06, 0.1], "k_pid_hsp": [9.959772109985352, 0.021708369255065918, 0.015448242425918579], "k_pid_vsp": [400.0, 400.0, 371.7796936035156]}, "datetime": {"datetime": "2025-08-12 00:28:24", "elapsed": 28983.759642124176, "delta": 30.976513147354126}, "costs": {"total_cost": 1066.1052169943703, "time_cost": 150, "final_distance_cost": 62.7083437893175, "oscillation_cost": 395.5192088771455, "completition_cost": 333.33333333333337, "overshoot_cost": 62.62358471609031, "power_cost": 32.483765747070315, "noise_cost": 29.43698053141307, "n_waypoints_completed": 6, "tot_waypoints": 9}}
