{"target": -4514.123691210471, "params": {"k_pid_pos": [2.0, 0.9795486927032471, 0.9119777679443359], "k_pid_alt": [1.9997903108596802, 1.0, 0.9729093909263611], "k_pid_att": [0.0, 0.4257950782775879, 0.0484519898891449], "k_pid_yaw": [0.5, 1e-06, 0.1], "k_pid_hsp": [10.0, 0.0, 0.0], "k_pid_vsp": [400.0, 384.2158203125, 400.0]}, "datetime": {"datetime": "2025-08-12 01:11:14", "elapsed": 31554.01447534561, "delta": 31.99790048599243}, "costs": {"total_cost": 4514.123691210471, "time_cost": 150, "final_distance_cost": 223.14810950394568, "oscillation_cost": 1514.8062628164068, "completition_cost": 1000.0, "overshoot_cost": 1397.5527420165151, "power_cost": 57.60164802246094, "noise_cost": 171.01492885114303, "n_waypoints_completed": 0, "tot_waypoints": 9}}
{"target": -1284.9510057870725, "params": {"k_pid_pos": [1.9482535123825073, 0.9546066522598267, 1.0], "k_pid_alt": [1.9673099517822266, 0.9488570690155029, 1.0], "k_pid_att": [7.163894176483154, 0.11215203255414963, 0.07316172122955322], "k_pid_yaw": [0.5, 1e-06, 0.1], "k_pid_hsp": [10.0, 0.018105655908584595, 0.06817463040351868], "k_pid_vsp": [386.8436279296875, 400.0, 399.29376220703125]}, "datetime": {"datetime": "2025-08-12 01:11:44", "elapsed": 31584.343395233154, "delta": 30.328919887542725}, "costs": {"total_cost": 1284.9510057870725, "time_cost": 150, "final_distance_cost": 46.116565985837376, "oscillation_cost": 399.01583154482347, "completition_cost": 555.5555555555555, "overshoot_cost": 70.41559295281371, "power_cost": 33.4833871459961, "noise_cost": 30.364072602046033, "n_waypoints_completed": 4, "tot_waypoints": 9}}
{"target": -10060.782016859584, "params": {"k_pid_pos": [2.0, 0.9973528385162354, 0.933767557144165], "k_pid_alt": [1.9673032760620117, 0.9550791382789612, 0.9573529362678528], "k_pid_att": [0.0, 0.4764021933078766, 0.03464159369468689], "k_pid_yaw": [0.5, 1e-06, 0.1], "k_pid_hsp": [9.982812881469727, 0.03651529550552368, 0.02797698974609375], "k_pid_vsp": [397.709228515625, 388.4771423339844, 370.5074157714844]}, "datetime": {"datetime": "2025-08-12 01:12:16", "elapsed": 31616.181975841522, "delta": 31.83858060836792}, "costs": {"total_cost": 10060.782016859584, "time_cost": 150, "final_distance_cost": 3316.9901428753287, "oscillation_cost": 1736.6640537155567, "completition_cost": 1000.0, "overshoot_cost": 3626.22970685264, "power_cost": 58.01875791015625, "noise_cost": 172.87935550590194, "n_waypoints_completed": 0, "tot_waypoints": 9}}
{"target": -8097.055916047776, "params": {"k_pid_pos": [2.0, 0.8779871463775635, 0.9892444610595703], "k_pid_alt": [1.8659154176712036, 1.0, 0.9995040893554688], "k_pid_att": [0.0, 9.999999747378752e-05, 0.0], "k_pid_yaw": [0.5, 1e-06, 0.1], "k_pid_hsp": [10.0, 0.014292210340499878, 0.0], "k_pid_vsp": [387.8283996582031, 400.0, 375.3008728027344]}, "datetime": {"datetime": "2025-08-12 01:12:47", "elapsed": 31647.048756361008, "delta": 30.866780519485474}, "costs": {"total_cost": 8097.055916047776, "time_cost": 150, "final_distance_cost": 1204.4444245344066, "oscillation_cost": 15.125984956158435, "completition_cost": 1000.0, "overshoot_cost": 5596.563089912173, "power_cost": 44.95758359375, "noise_cost": 85.96483305128747, "n_waypoints_completed": 0, "tot_waypoints": 9}}
{"target": -1795.6200719180486, "params": {"k_pid_pos": [1.921818494796753, 1.0, 1.0], "k_pid_alt": [1.874924659729004, 0.9461042881011963, 0.9339439868927002], "k_pid_att": [4.365202903747559, 9.999999747378752e-05, 0.01216694712638855], "k_pid_yaw": [0.5, 1e-06, 0.1], "k_pid_hsp": [10.0, 0.0, 0.0], "k_pid_vsp": [386.5404968261719, 400.0, 400.0]}, "datetime": {"datetime": "2025-08-12 01:13:20", "elapsed": 31679.428129434586, "delta": 32.37937307357788}, "costs": {"total_cost": 1795.6200719180486, "time_cost": 150, "final_distance_cost": 37.645833983629444, "oscillation_cost": 467.0837853477408, "completition_cost": 1000.0, "overshoot_cost": 83.40315764017728, "power_cost": 30.629999731445313, "noise_cost": 26.857295215055547, "n_waypoints_completed": 0, "tot_waypoints": 9}}
{"target": -1788.0753954008858, "params": {"k_pid_pos": [2.0, 1.0, 1.0], "k_pid_alt": [1.962913155555725, 0.9828795790672302, 0.9581453800201416], "k_pid_att": [4.577252388000488, 1.0102953910827637, 0.04716029763221741], "k_pid_yaw": [0.5, 1e-06, 0.1], "k_pid_hsp": [10.0, 0.05237424373626709, 0.02204492688179016], "k_pid_vsp": [381.5173034667969, 382.43133544921875, 400.0]}, "datetime": {"datetime": "2025-08-12 01:13:51", "elapsed": 31710.710258483887, "delta": 31.282129049301147}, "costs": {"total_cost": 1788.0753954008858, "time_cost": 150, "final_distance_cost": 29.014881154039916, "oscillation_cost": 451.1869456523122, "completition_cost": 1000.0, "overshoot_cost": 99.73473712544933, "power_cost": 31.15349674072266, "noise_cost": 26.985334728361824, "n_waypoints_completed": 0, "tot_waypoints": 9}}
{"target": -5503.421477010514, "params": {"k_pid_pos": [1.9631978273391724, 0.9957882165908813, 1.0], "k_pid_alt": [1.9007049798965454, 0.955987274646759, 0.9731916785240173], "k_pid_att": [0.0, 0.21133287250995636, 0.04139167070388794], "k_pid_yaw": [0.5, 1e-06, 0.1], "k_pid_hsp": [10.0, 0.0, 0.0], "k_pid_vsp": [397.0664367675781, 383.72711181640625, 367.94293212890625]}, "datetime": {"datetime": "2025-08-12 01:14:22", "elapsed": 31741.775271892548, "delta": 31.06501340866089}, "costs": {"total_cost": 5503.421477010514, "time_cost": 150, "final_distance_cost": 814.5321608398788, "oscillation_cost": 909.0112482641033, "completition_cost": 1000.0, "overshoot_cost": 2405.460204063721, "power_cost": 57.51375340576172, "noise_cost": 166.90411043704862, "n_waypoints_completed": 0, "tot_waypoints": 9}}
{"target": -4038.1940144020314, "params": {"k_pid_pos": [2.0, 1.0, 1.0], "k_pid_alt": [2.0, 1.0, 1.0], "k_pid_att": [0.0, 9.999999747378752e-05, 0.06350463628768921], "k_pid_yaw": [0.5, 1e-06, 0.1], "k_pid_hsp": [10.0, 0.0, 0.020467817783355713], "k_pid_vsp": [353.2363586425781, 390.1240234375, 387.6180114746094]}, "datetime": {"datetime": "2025-08-12 01:14:53", "elapsed": 31772.446708202362, "delta": 30.671436309814453}, "costs": {"total_cost": 4038.1940144020314, "time_cost": 150, "final_distance_cost": 1127.561101383566, "oscillation_cost": 4.044751535875897, "completition_cost": 1000.0, "overshoot_cost": 1613.7888640743183, "power_cost": 29.21697655029297, "noise_cost": 113.5823208579783, "n_waypoints_completed": 0, "tot_waypoints": 9}}
{"target": -4618.65585665097, "params": {"k_pid_pos": [2.0, 1.0, 0.9997515678405762], "k_pid_alt": [2.0, 0.9926015734672546, 0.9342349767684937], "k_pid_att": [0.0, 0.1086169183254242, 0.0010576248168945312], "k_pid_yaw": [0.5, 1e-06, 0.1], "k_pid_hsp": [10.0, 0.015630334615707397, 0.0], "k_pid_vsp": [400.0, 398.21234130859375, 400.0]}, "datetime": {"datetime": "2025-08-12 01:15:24", "elapsed": 31803.87741947174, "delta": 31.430711269378662}, "costs": {"total_cost": 4618.65585665097, "time_cost": 150, "final_distance_cost": 507.04707354792635, "oscillation_cost": 763.9879700468084, "completition_cost": 1000.0, "overshoot_cost": 1973.3857904523038, "power_cost": 57.55136647949219, "noise_cost": 166.68365612443944, "n_waypoints_completed": 0, "tot_waypoints": 9}}
{"target": -1710.7822956310133, "params": {"k_pid_pos": [1.9058443307876587, 1.0, 1.0], "k_pid_alt": [1.7981749773025513, 1.0, 0.9822009205818176], "k_pid_att": [6.4650654792785645, 9.999999747378752e-05, 0.027639418840408325], "k_pid_yaw": [0.5, 1e-06, 0.1], "k_pid_hsp": [10.0, 0.006328552961349487, 0.0], "k_pid_vsp": [400.0, 400.0, 359.9137878417969]}, "datetime": {"datetime": "2025-08-12 01:15:55", "elapsed": 31834.566830396652, "delta": 30.6894109249115}, "costs": {"total_cost": 1710.7822956310133, "time_cost": 150, "final_distance_cost": 67.88941413720119, "oscillation_cost": 478.3263174044047, "completition_cost": 888.8888888888888, "overshoot_cost": 66.45115933243984, "power_cost": 31.158573571777346, "noise_cost": 28.0679422963012, "n_waypoints_completed": 1, "tot_waypoints": 9}}
{"target": -1127.4836530936768, "params": {"k_pid_pos": [1.8417823314666748, 0.9817160367965698, 1.0], "k_pid_alt": [1.9697014093399048, 1.0, 1.0], "k_pid_att": [6.140059471130371, 9.999999747378752e-05, 0.0], "k_pid_yaw": [0.5, 1e-06, 0.1], "k_pid_hsp": [10.0, 0.0, 0.0019123554229736328], "k_pid_vsp": [400.0, 400.0, 400.0]}, "datetime": {"datetime": "2025-08-12 01:16:26", "elapsed": 31865.435919761658, "delta": 30.869089365005493}, "costs": {"total_cost": 1127.4836530936768, "time_cost": 150, "final_distance_cost": 63.640887598386655, "oscillation_cost": 451.61750510971, "completition_cost": 333.33333333333337, "overshoot_cost": 66.32226746865337, "power_cost": 32.76431000976562, "noise_cost": 29.80534957382764, "n_waypoints_completed": 6, "tot_waypoints": 9}}
{"target": -3773.651194236023, "params": {"k_pid_pos": [2.0, 0.9830949306488037, 0.9666488170623779], "k_pid_alt": [2.0, 1.0, 1.0], "k_pid_att": [0.0, 0.6625412106513977, 0.055392563343048096], "k_pid_yaw": [0.5, 1e-06, 0.1], "k_pid_hsp": [9.957013130187988, 0.0, 0.0], "k_pid_vsp": [400.0, 400.0, 400.0]}, "datetime": {"datetime": "2025-08-12 01:16:57", "elapsed": 31897.308336257935, "delta": 31.872416496276855}, "costs": {"total_cost": 3773.651194236023, "time_cost": 150, "final_distance_cost": 215.28299168897192, "oscillation_cost": 1566.2664077347454, "completition_cost": 1000.0, "overshoot_cost": 610.6330259857145, "power_cost": 57.903164770507814, "noise_cost": 173.5656040560832, "n_waypoints_completed": 0, "tot_waypoints": 9}}
{"target": -5003.00137637259, "params": {"k_pid_pos": [2.0, 1.0, 0.9601109027862549], "k_pid_alt": [2.0, 0.9518336653709412, 1.0], "k_pid_att": [0.0, 0.17483672499656677, 0.017857253551483154], "k_pid_yaw": [0.5, 1e-06, 0.1], "k_pid_hsp": [9.800690650939941, 0.008196711540222168, 0.05867570638656616], "k_pid_vsp": [376.9324645996094, 400.0, 400.0]}, "datetime": {"datetime": "2025-08-12 01:17:29", "elapsed": 31928.85155725479, "delta": 31.54322099685669}, "costs": {"total_cost": 5003.00137637259, "time_cost": 150, "final_distance_cost": 1025.8167981991878, "oscillation_cost": 996.4667276161412, "completition_cost": 1000.0, "overshoot_cost": 1609.2180744126276, "power_cost": 56.46232264404297, "noise_cost": 165.03745350059043, "n_waypoints_completed": 0, "tot_waypoints": 9}}
{"target": -1684.0826588200603, "params": {"k_pid_pos": [1.6909055709838867, 1.0, 0.9995589256286621], "k_pid_alt": [2.0, 1.0, 1.0], "k_pid_att": [2.479276180267334, 9.999999747378752e-05, 0.03166911005973816], "k_pid_yaw": [0.5, 1e-06, 0.1], "k_pid_hsp": [10.0, 0.0, 0.0861193835735321], "k_pid_vsp": [400.0, 390.8084411621094, 400.0]}, "datetime": {"datetime": "2025-08-12 01:18:01", "elapsed": 31960.500859737396, "delta": 31.64930248260498}, "costs": {"total_cost": 1684.0826588200603, "time_cost": 150, "final_distance_cost": 7.394384745801554, "oscillation_cost": 339.21824753681955, "completition_cost": 1000.0, "overshoot_cost": 131.34504986790333, "power_cost": 30.382272900390628, "noise_cost": 25.74270376914505, "n_waypoints_completed": 0, "tot_waypoints": 9}}
{"target": -1855.2208834237088, "params": {"k_pid_pos": [1.9533908367156982, 1.0, 1.0], "k_pid_alt": [2.0, 0.9001426696777344, 0.9992653131484985], "k_pid_att": [7.73775577545166, 9.999999747378752e-05, 0.004141867160797119], "k_pid_yaw": [0.5, 1e-06, 0.1], "k_pid_hsp": [10.0, 0.0025121867656707764, 0.0], "k_pid_vsp": [400.0, 400.0, 387.6127624511719]}, "datetime": {"datetime": "2025-08-12 01:18:31", "elapsed": 31990.71336221695, "delta": 30.212502479553223}, "costs": {"total_cost": 1855.2208834237088, "time_cost": 150, "final_distance_cost": 37.452692374762606, "oscillation_cost": 544.6302422025964, "completition_cost": 1000.0, "overshoot_cost": 63.248813003586186, "power_cost": 31.437158923339844, "noise_cost": 28.45197691942338, "n_waypoints_completed": 0, "tot_waypoints": 9}}
{"target": -1430.2982616698937, "params": {"k_pid_pos": [1.8864986896514893, 0.9927181005477905, 0.9730914235115051], "k_pid_alt": [1.8436310291290283, 1.0, 1.0], "k_pid_att": [4.303410530090332, 9.999999747378752e-05, 0.0], "k_pid_yaw": [0.5, 1e-06, 0.1], "k_pid_hsp": [10.0, 0.0, 0.0], "k_pid_vsp": [400.0, 400.0, 400.0]}, "datetime": {"datetime": "2025-08-12 01:19:02", "elapsed": 32022.24166226387, "delta": 31.528300046920776}, "costs": {"total_cost": 1430.2982616698937, "time_cost": 150, "final_distance_cost": 52.57170080675639, "oscillation_cost": 432.481183486795, "completition_cost": 666.6666666666667, "overshoot_cost": 67.95087443384679, "power_cost": 31.79089538574219, "noise_cost": 28.836940890086392, "n_waypoints_completed": 3, "tot_waypoints": 9}}
{"target": -3463.1230013003424, "params": {"k_pid_pos": [1.9206533432006836, 0.9291966557502747, 0.9949245452880859], "k_pid_alt": [2.0, 1.0, 1.0], "k_pid_att": [0.0, 0.23387989401817322, 0.0], "k_pid_yaw": [0.5, 1e-06, 0.1], "k_pid_hsp": [9.707098960876465, 0.0, 0.04319465160369873], "k_pid_vsp": [400.0, 389.9222106933594, 400.0]}, "datetime": {"datetime": "2025-08-12 01:19:33", "elapsed": 32053.154272556305, "delta": 30.912610292434692}, "costs": {"total_cost": 3463.1230013003424, "time_cost": 150, "final_distance_cost": 250.73324782491903, "oscillation_cost": 1063.0032327347892, "completition_cost": 1000.0, "overshoot_cost": 770.9629353611485, "power_cost": 57.54232211914063, "noise_cost": 170.8812632603454, "n_waypoints_completed": 0, "tot_waypoints": 9}}
{"target": -4316.927798830891, "params": {"k_pid_pos": [2.0, 1.0, 0.9979798793792725], "k_pid_alt": [2.0, 1.0, 1.0], "k_pid_att": [0.0, 0.18528412282466888, 0.057865142822265625], "k_pid_yaw": [0.5, 1e-06, 0.1], "k_pid_hsp": [9.732475280761719, 0.008605629205703735, 0.015200674533843994], "k_pid_vsp": [400.0, 400.0, 398.77587890625]}, "datetime": {"datetime": "2025-08-12 01:20:05", "elapsed": 32084.97647047043, "delta": 31.822197914123535}, "costs": {"total_cost": 4316.927798830891, "time_cost": 150, "final_distance_cost": 549.5659500390675, "oscillation_cost": 799.30616881793, "completition_cost": 1000.0, "overshoot_cost": 1593.5655592185724, "power_cost": 57.65210321044922, "noise_cost": 166.83801754487206, "n_waypoints_completed": 0, "tot_waypoints": 9}}
{"target": -1519.2171498922987, "params": {"k_pid_pos": [2.0, 1.0, 1.0], "k_pid_alt": [2.0, 1.0, 0.8923261165618896], "k_pid_att": [7.524719715118408, 9.999999747378752e-05, 0.0], "k_pid_yaw": [0.5, 1e-06, 0.1], "k_pid_hsp": [9.471932411193848, 0.05136173963546753, 0.0], "k_pid_vsp": [380.4866027832031, 400.0, 399.66973876953125]}, "datetime": {"datetime": "2025-08-12 01:20:36", "elapsed": 32115.78849697113, "delta": 30.812026500701904}, "costs": {"total_cost": 1519.2171498922987, "time_cost": 150, "final_distance_cost": 65.20602882380015, "oscillation_cost": 502.0622970082343, "completition_cost": 666.6666666666667, "overshoot_cost": 75.21902741370434, "power_cost": 31.897067541503908, "noise_cost": 28.1660624383893, "n_waypoints_completed": 3, "tot_waypoints": 9}}
{"target": -1651.7610481721701, "params": {"k_pid_pos": [1.8732722997665405, 1.0, 0.9003012776374817], "k_pid_alt": [2.0, 1.0, 1.0], "k_pid_att": [1.6498446464538574, 9.999999747378752e-05, 0.0], "k_pid_yaw": [0.5, 1e-06, 0.1], "k_pid_hsp": [9.704989433288574, 0.08230572938919067, 0.0], "k_pid_vsp": [390.27301025390625, 400.0, 390.47265625]}, "datetime": {"datetime": "2025-08-12 01:21:08", "elapsed": 32147.550902843475, "delta": 31.76240587234497}, "costs": {"total_cost": 1651.7610481721701, "time_cost": 150, "final_distance_cost": 40.120834770961956, "oscillation_cost": 331.60080683334985, "completition_cost": 1000.0, "overshoot_cost": 71.47658699178808, "power_cost": 31.40406180419922, "noise_cost": 27.158757771871045, "n_waypoints_completed": 0, "tot_waypoints": 9}}
{"target": -1574.6960411779883, "params": {"k_pid_pos": [2.0, 0.9625636339187622, 0.9522817134857178], "k_pid_alt": [2.0, 0.9852356314659119, 1.0], "k_pid_att": [3.4744679927825928, 9.999999747378752e-05, 0.0], "k_pid_yaw": [0.5, 1e-06, 0.1], "k_pid_hsp": [9.911410331726074, 0.0, 0.0], "k_pid_vsp": [395.8310546875, 364.2424011230469, 400.0]}, "datetime": {"datetime": "2025-08-12 01:21:38", "elapsed": 32177.93922352791, "delta": 30.388320684432983}, "costs": {"total_cost": 1574.6960411779883, "time_cost": 150, "final_distance_cost": 85.96368619394738, "oscillation_cost": 426.9589240371476, "completition_cost": 777.7777777777778, "overshoot_cost": 74.83940914645893, "power_cost": 31.789345385742187, "noise_cost": 27.366898636914513, "n_waypoints_completed": 2, "tot_waypoints": 9}}
{"target": -1401.7958932908791, "params": {"k_pid_pos": [2.0, 0.9736937880516052, 1.0], "k_pid_alt": [1.986638069152832, 0.9317282438278198, 1.0], "k_pid_att": [3.0776829719543457, 0.5137811303138733, 0.0], "k_pid_yaw": [0.5, 1e-06, 0.1], "k_pid_hsp": [9.657081604003906, 0.0, 0.022086679935455322], "k_pid_vsp": [391.04638671875, 398.127197265625, 400.0]}, "datetime": {"datetime": "2025-08-12 01:22:09", "elapsed": 32208.827406167984, "delta": 30.888182640075684}, "costs": {"total_cost": 1401.7958932908791, "time_cost": 150, "final_distance_cost": 52.506543141964464, "oscillation_cost": 402.39001801781296, "completition_cost": 666.6666666666667, "overshoot_cost": 69.0112976599654, "power_cost": 32.209191796875004, "noise_cost": 29.01217600759443, "n_waypoints_completed": 3, "tot_waypoints": 9}}
{"target": -8175.104110789145, "params": {"k_pid_pos": [1.9320956468582153, 1.0, 0.9628181457519531], "k_pid_alt": [1.876892328262329, 1.0, 0.9546512365341187], "k_pid_att": [0.0, 9.999999747378752e-05, 0.005606949329376221], "k_pid_yaw": [0.5, 1e-06, 0.1], "k_pid_hsp": [10.0, 0.08064055442810059, 0.0], "k_pid_vsp": [400.0, 400.0, 382.2214660644531]}, "datetime": {"datetime": "2025-08-12 01:22:40", "elapsed": 32239.379181861877, "delta": 30.551775693893433}, "costs": {"total_cost": 8175.104110789145, "time_cost": 150, "final_distance_cost": 1896.642851292645, "oscillation_cost": 11.308588221766462, "completition_cost": 1000.0, "overshoot_cost": 5001.506718535607, "power_cost": 41.67315959472656, "noise_cost": 73.9727931443994, "n_waypoints_completed": 0, "tot_waypoints": 9}}
{"target": -1749.7876531035008, "params": {"k_pid_pos": [1.8794928789138794, 0.9775388240814209, 1.0], "k_pid_alt": [2.0, 0.9402602910995483, 1.0], "k_pid_att": [6.343439102172852, 9.999999747378752e-05, 0.012443453073501587], "k_pid_yaw": [0.5, 1e-06, 0.1], "k_pid_hsp": [10.0, 0.055015236139297485, 0.0], "k_pid_vsp": [400.0, 400.0, 400.0]}, "datetime": {"datetime": "2025-08-12 01:23:11", "elapsed": 32270.661405563354, "delta": 31.28222370147705}, "costs": {"total_cost": 1749.7876531035008, "time_cost": 150, "final_distance_cost": 72.3798228820625, "oscillation_cost": 513.9263326835675, "completition_cost": 888.8888888888888, "overshoot_cost": 62.89332077296542, "power_cost": 32.99064020996094, "noise_cost": 28.708647666055946, "n_waypoints_completed": 1, "tot_waypoints": 9}}
{"target": -1258.827017371039, "params": {"k_pid_pos": [1.9097031354904175, 0.9761009216308594, 1.0], "k_pid_alt": [2.0, 1.0, 1.0], "k_pid_att": [3.029873847961426, 0.3310610055923462, 0.0], "k_pid_yaw": [0.5, 1e-06, 0.1], "k_pid_hsp": [9.233468055725098, 0.06094244122505188, 0.006155490875244141], "k_pid_vsp": [395.9303894042969, 400.0, 393.7565612792969]}, "datetime": {"datetime": "2025-08-12 01:23:42", "elapsed": 32301.72083568573, "delta": 31.05943012237549}, "costs": {"total_cost": 1258.827017371039, "time_cost": 150, "final_distance_cost": 40.924057815931405, "oscillation_cost": 379.16850642374874, "completition_cost": 555.5555555555555, "overshoot_cost": 74.17997873245905, "power_cost": 31.97024873046875, "noise_cost": 27.028670112875577, "n_waypoints_completed": 4, "tot_waypoints": 9}}
{"target": -1343.6022344493858, "params": {"k_pid_pos": [2.0, 0.8646873235702515, 0.997625470161438], "k_pid_alt": [2.0, 0.9519194960594177, 0.9708027839660645], "k_pid_att": [5.134472370147705, 0.6195094585418701, 0.0], "k_pid_yaw": [0.5, 1e-06, 0.1], "k_pid_hsp": [9.759291648864746, 0.045574337244033813, 0.0], "k_pid_vsp": [400.0, 370.8111877441406, 400.0]}, "datetime": {"datetime": "2025-08-12 01:24:13", "elapsed": 32332.657081365585, "delta": 30.936245679855347}, "costs": {"total_cost": 1343.6022344493858, "time_cost": 150, "final_distance_cost": 41.520087906439926, "oscillation_cost": 465.59998558466384, "completition_cost": 555.5555555555555, "overshoot_cost": 70.15853559488454, "power_cost": 31.46607830810547, "noise_cost": 29.30199149973636, "n_waypoints_completed": 4, "tot_waypoints": 9}}
{"target": -4296.347521416452, "params": {"k_pid_pos": [1.9322566986083984, 0.9760798215866089, 1.0], "k_pid_alt": [1.8245524168014526, 0.9950963258743286, 1.0], "k_pid_att": [0.0, 9.999999747378752e-05, 0.04193580150604248], "k_pid_yaw": [0.5, 1e-06, 0.1], "k_pid_hsp": [10.0, 0.0, 0.0], "k_pid_vsp": [400.0, 395.54486083984375, 400.0]}, "datetime": {"datetime": "2025-08-12 01:24:44", "elapsed": 32364.085175275803, "delta": 31.428093910217285}, "costs": {"total_cost": 4296.347521416452, "time_cost": 150, "final_distance_cost": 760.3430201283262, "oscillation_cost": 4.774837921362134, "completition_cost": 1000.0, "overshoot_cost": 2263.7023111415556, "power_cost": 30.128799841308595, "noise_cost": 87.39855238389941, "n_waypoints_completed": 0, "tot_waypoints": 9}}
{"target": -5768.160904650272, "params": {"k_pid_pos": [1.7731380462646484, 0.9806699156761169, 0.9770992994308472], "k_pid_alt": [2.0, 1.0, 1.0], "k_pid_att": [0.0, 0.043881855905056, 0.0], "k_pid_yaw": [0.5, 1e-06, 0.1], "k_pid_hsp": [10.0, 0.0, 0.0], "k_pid_vsp": [400.0, 400.0, 397.0377502441406]}, "datetime": {"datetime": "2025-08-12 01:25:15", "elapsed": 32394.855875968933, "delta": 30.770700693130493}, "costs": {"total_cost": 5768.160904650272, "time_cost": 150, "final_distance_cost": 1023.4909359099106, "oscillation_cost": 450.73253442393246, "completition_cost": 1000.0, "overshoot_cost": 2927.447495428825, "power_cost": 56.96928787841797, "noise_cost": 159.52065100918597, "n_waypoints_completed": 0, "tot_waypoints": 9}}
