{"target": -1693.8231110147376, "params": {"k_pid_pos": [2.0, 0.9606270790100098, 0.994971752166748], "k_pid_alt": [2.0, 1.0, 1.0], "k_pid_att": [2.510303258895874, 0.1912621110677719, 0.015220940113067627], "k_pid_yaw": [0.5, 1e-06, 0.1], "k_pid_hsp": [9.719533920288086, 0.051650553941726685, 0.0], "k_pid_vsp": [400.0, 400.0, 398.4709167480469]}, "datetime": {"datetime": "2025-08-12 04:46:27", "elapsed": 44467.346598386765, "delta": 31.939717292785645}, "costs": {"total_cost": 1693.8231110147376, "time_cost": 150, "final_distance_cost": 38.111021195418786, "oscillation_cost": 372.7807435701091, "completition_cost": 1000.0, "overshoot_cost": 76.31595264767265, "power_cost": 30.423542932128907, "noise_cost": 26.191850669408016, "n_waypoints_completed": 0, "tot_waypoints": 9}}
{"target": -1503.2831115349245, "params": {"k_pid_pos": [1.956290602684021, 1.0, 1.0], "k_pid_alt": [1.9232136011123657, 0.9774226546287537, 1.0], "k_pid_att": [2.3818702697753906, 1.0079469680786133, 0.007097601890563965], "k_pid_yaw": [0.5, 1e-06, 0.1], "k_pid_hsp": [10.0, 0.06244766712188721, 0.0], "k_pid_vsp": [400.0, 370.9219665527344, 391.80169677734375]}, "datetime": {"datetime": "2025-08-12 04:47:00", "elapsed": 44499.374737262726, "delta": 32.028138875961304}, "costs": {"total_cost": 1503.2831115349245, "time_cost": 150, "final_distance_cost": 86.12399870185673, "oscillation_cost": 364.0623920237217, "completition_cost": 777.7777777777778, "overshoot_cost": 66.3797379520034, "power_cost": 31.82835576171875, "noise_cost": 27.110849317846323, "n_waypoints_completed": 2, "tot_waypoints": 9}}
{"target": -5498.285397683156, "params": {"k_pid_pos": [1.9036617279052734, 0.9968976974487305, 0.9637666940689087], "k_pid_alt": [1.9391605854034424, 0.9964752197265625, 0.9135777354240417], "k_pid_att": [0.0, 1.1209046840667725, 0.0], "k_pid_yaw": [0.5, 1e-06, 0.1], "k_pid_hsp": [9.302410125732422, 0.020672470331192017, 0.040624260902404785], "k_pid_vsp": [384.04571533203125, 389.233154296875, 400.0]}, "datetime": {"datetime": "2025-08-12 04:47:30", "elapsed": 44530.24841141701, "delta": 30.873674154281616}, "costs": {"total_cost": 5498.285397683156, "time_cost": 150, "final_distance_cost": 607.9041033790337, "oscillation_cost": 2222.9531925439555, "completition_cost": 1000.0, "overshoot_cost": 1285.9150464608351, "power_cost": 57.118954833984375, "noise_cost": 174.39410046534712, "n_waypoints_completed": 0, "tot_waypoints": 9}}
{"target": -1137.9760259874754, "params": {"k_pid_pos": [2.0, 0.9870864152908325, 1.0], "k_pid_alt": [2.0, 0.9725979566574097, 1.0], "k_pid_att": [11.379348754882812, 9.999999747378752e-05, 0.0], "k_pid_yaw": [0.5, 1e-06, 0.1], "k_pid_hsp": [10.0, 0.0, 0.0], "k_pid_vsp": [400.0, 393.2746276855469, 396.00616455078125]}, "datetime": {"datetime": "2025-08-12 04:48:02", "elapsed": 44562.2472755909, "delta": 31.99886417388916}, "costs": {"total_cost": 1137.9760259874754, "time_cost": 150, "final_distance_cost": 64.66577890378616, "oscillation_cost": 463.0913225803322, "completition_cost": 333.33333333333337, "overshoot_cost": 63.45985761543814, "power_cost": 33.004165954589844, "noise_cost": 30.421567599995697, "n_waypoints_completed": 6, "tot_waypoints": 9}}
{"target": -1869.568916384784, "params": {"k_pid_pos": [2.0, 0.9867148399353027, 1.0], "k_pid_alt": [1.9648258686065674, 1.0, 1.0], "k_pid_att": [8.565229415893555, 9.999999747378752e-05, 0.0], "k_pid_yaw": [0.5, 1e-06, 0.1], "k_pid_hsp": [9.092256546020508, 0.03573271632194519, 0.0], "k_pid_vsp": [396.2000732421875, 400.0, 397.5229187011719]}, "datetime": {"datetime": "2025-08-12 04:48:34", "elapsed": 44593.78378868103, "delta": 31.536513090133667}, "costs": {"total_cost": 1869.568916384784, "time_cost": 150, "final_distance_cost": 43.76854308487309, "oscillation_cost": 567.0757019593701, "completition_cost": 1000.0, "overshoot_cost": 49.11697136371431, "power_cost": 31.20181922607422, "noise_cost": 28.405880750752296, "n_waypoints_completed": 0, "tot_waypoints": 9}}
{"target": -1048.404371478797, "params": {"k_pid_pos": [1.9775006771087646, 0.9164782762527466, 1.0], "k_pid_alt": [1.8761276006698608, 1.0, 1.0], "k_pid_att": [3.310459852218628, 1.051489233970642, 0.0], "k_pid_yaw": [0.5, 1e-06, 0.1], "k_pid_hsp": [9.965136528015137, 0.0, 0.12136450409889221], "k_pid_vsp": [394.50421142578125, 400.0, 395.2605285644531]}, "datetime": {"datetime": "2025-08-12 04:49:06", "elapsed": 44625.93197798729, "delta": 32.148189306259155}, "costs": {"total_cost": 1048.404371478797, "time_cost": 150, "final_distance_cost": 60.69909622020738, "oscillation_cost": 381.77634867351117, "completition_cost": 333.33333333333337, "overshoot_cost": 60.434816579951956, "power_cost": 33.02458395996094, "noise_cost": 29.136192711832063, "n_waypoints_completed": 6, "tot_waypoints": 9}}
{"target": -4194.5374380499825, "params": {"k_pid_pos": [1.824597716331482, 0.9845829010009766, 1.0], "k_pid_alt": [1.989151120185852, 1.0, 0.9165390729904175], "k_pid_att": [0.0, 9.999999747378752e-05, 0.05502903461456299], "k_pid_yaw": [0.5, 1e-06, 0.1], "k_pid_hsp": [10.0, 0.0, 0.0], "k_pid_vsp": [400.0, 397.17059326171875, 400.0]}, "datetime": {"datetime": "2025-08-12 04:49:38", "elapsed": 44657.45877766609, "delta": 31.52679967880249}, "costs": {"total_cost": 4194.5374380499825, "time_cost": 150, "final_distance_cost": 751.3724311339708, "oscillation_cost": 3.8774102431521005, "completition_cost": 1000.0, "overshoot_cost": 2165.7428808637815, "power_cost": 29.71350340576172, "noise_cost": 93.83121240331651, "n_waypoints_completed": 0, "tot_waypoints": 9}}
{"target": -13595.243424704959, "params": {"k_pid_pos": [2.0, 1.0, 1.0], "k_pid_alt": [1.972090482711792, 0.9391934871673584, 0.9922297596931458], "k_pid_att": [0.0, 0.7187924981117249, 0.021598845720291138], "k_pid_yaw": [0.5, 1e-06, 0.1], "k_pid_hsp": [9.956674575805664, 0.08031049370765686, 0.0], "k_pid_vsp": [400.0, 400.0, 385.0242004394531]}, "datetime": {"datetime": "2025-08-12 04:50:08", "elapsed": 44687.90501284599, "delta": 30.446235179901123}, "costs": {"total_cost": 13595.243424704959, "time_cost": 150, "final_distance_cost": 4552.122553325527, "oscillation_cost": 2173.474127077954, "completition_cost": 1000.0, "overshoot_cost": 5487.546833373143, "power_cost": 57.50365307617188, "noise_cost": 174.59625785216312, "n_waypoints_completed": 0, "tot_waypoints": 9}}
{"target": -1031.067662151384, "params": {"k_pid_pos": [2.0, 0.9819778203964233, 0.9921886920928955], "k_pid_alt": [1.9826555252075195, 1.0, 0.9520677328109741], "k_pid_att": [3.4517765045166016, 9.999999747378752e-05, 0.0073931217193603516], "k_pid_yaw": [0.5, 1e-06, 0.1], "k_pid_hsp": [9.457756042480469, 0.11183735728263855, 0.0], "k_pid_vsp": [400.0, 400.0, 366.38836669921875]}, "datetime": {"datetime": "2025-08-12 04:50:39", "elapsed": 44718.37154316902, "delta": 30.466530323028564}, "costs": {"total_cost": 1031.067662151384, "time_cost": 150, "final_distance_cost": 63.490868121407175, "oscillation_cost": 355.8370175464613, "completition_cost": 333.33333333333337, "overshoot_cost": 66.7393741777659, "power_cost": 32.46402664794922, "noise_cost": 29.2030423244669, "n_waypoints_completed": 6, "tot_waypoints": 9}}
{"target": -1492.5398765637667, "params": {"k_pid_pos": [2.0, 0.9757041931152344, 0.9780811071395874], "k_pid_alt": [1.8816053867340088, 0.9947744607925415, 1.0], "k_pid_att": [1.517435908317566, 0.09442966431379318, 0.07656264305114746], "k_pid_yaw": [0.5, 1e-06, 0.1], "k_pid_hsp": [9.390668869018555, 0.0, 0.0], "k_pid_vsp": [400.0, 400.0, 393.5032958984375]}, "datetime": {"datetime": "2025-08-12 04:51:09", "elapsed": 44749.21177697182, "delta": 30.84023380279541}, "costs": {"total_cost": 1492.5398765637667, "time_cost": 150, "final_distance_cost": 0.9984318834588115, "oscillation_cost": 60.78680935949086, "completition_cost": 1000.0, "overshoot_cost": 156.64819808416541, "power_cost": 29.352889001464845, "noise_cost": 94.75354823518676, "n_waypoints_completed": 0, "tot_waypoints": 9}}
{"target": -1254.5987736121967, "params": {"k_pid_pos": [1.93858802318573, 1.0, 1.0], "k_pid_alt": [1.8376775979995728, 1.0, 0.996770441532135], "k_pid_att": [8.424162864685059, 9.999999747378752e-05, 0.01130107045173645], "k_pid_yaw": [0.5, 1e-06, 0.1], "k_pid_hsp": [10.0, 0.0, 0.00545269250869751], "k_pid_vsp": [381.63677978515625, 400.0, 400.0]}, "datetime": {"datetime": "2025-08-12 04:51:39", "elapsed": 44778.953206539154, "delta": 29.741429567337036}, "costs": {"total_cost": 1254.5987736121967, "time_cost": 150, "final_distance_cost": 55.10566849108069, "oscillation_cost": 474.6089036675071, "completition_cost": 444.4444444444444, "overshoot_cost": 67.78830333610769, "power_cost": 32.28741042480469, "noise_cost": 30.364043248252262, "n_waypoints_completed": 5, "tot_waypoints": 9}}
{"target": -8186.8032731303265, "params": {"k_pid_pos": [2.0, 1.0, 1.0], "k_pid_alt": [2.0, 0.9931547045707703, 1.0], "k_pid_att": [0.0, 9.999999747378752e-05, 0.0], "k_pid_yaw": [0.5, 1e-06, 0.1], "k_pid_hsp": [10.0, 0.0, 0.0], "k_pid_vsp": [398.0146789550781, 383.625732421875, 400.0]}, "datetime": {"datetime": "2025-08-12 04:52:11", "elapsed": 44810.51235771179, "delta": 31.55915117263794}, "costs": {"total_cost": 8186.8032731303265, "time_cost": 150, "final_distance_cost": 896.1624675565979, "oscillation_cost": 14.717837554501594, "completition_cost": 1000.0, "overshoot_cost": 5986.888477986665, "power_cost": 44.192567675781255, "noise_cost": 94.84192235678056, "n_waypoints_completed": 0, "tot_waypoints": 9}}
{"target": -4630.529263885102, "params": {"k_pid_pos": [1.92360258102417, 1.0, 1.0], "k_pid_alt": [2.0, 1.0, 0.9281553030014038], "k_pid_att": [0.0, 0.6017689108848572, 0.08378788828849792], "k_pid_yaw": [0.5, 1e-06, 0.1], "k_pid_hsp": [10.0, 0.0, 0.06456294655799866], "k_pid_vsp": [400.0, 392.6676330566406, 400.0]}, "datetime": {"datetime": "2025-08-12 04:52:42", "elapsed": 44841.42926764488, "delta": 30.91690993309021}, "costs": {"total_cost": 4630.529263885102, "time_cost": 150, "final_distance_cost": 420.8608252702492, "oscillation_cost": 1625.835511883328, "completition_cost": 1000.0, "overshoot_cost": 1204.729702389631, "power_cost": 57.20457956542969, "noise_cost": 171.8986447764644, "n_waypoints_completed": 0, "tot_waypoints": 9}}
{"target": -5300.897926668707, "params": {"k_pid_pos": [2.0, 1.0, 1.0], "k_pid_alt": [1.954230546951294, 0.9262585639953613, 0.9587599039077759], "k_pid_att": [0.0, 0.6604157090187073, 0.0], "k_pid_yaw": [0.5, 1e-06, 0.1], "k_pid_hsp": [8.987924575805664, 0.01575314998626709, 0.0], "k_pid_vsp": [400.0, 400.0, 400.0]}, "datetime": {"datetime": "2025-08-12 04:53:14", "elapsed": 44873.384910583496, "delta": 31.95564293861389}, "costs": {"total_cost": 5300.897926668707, "time_cost": 150, "final_distance_cost": 288.943732024174, "oscillation_cost": 2197.515672316029, "completition_cost": 1000.0, "overshoot_cost": 1432.0080485306796, "power_cost": 57.54500712890625, "noise_cost": 174.88546666891872, "n_waypoints_completed": 0, "tot_waypoints": 9}}
{"target": -8093.446354577434, "params": {"k_pid_pos": [1.9313024282455444, 0.949725329875946, 1.0], "k_pid_alt": [1.8962788581848145, 1.0, 1.0], "k_pid_att": [0.0, 9.999999747378752e-05, 0.0], "k_pid_yaw": [0.5, 1e-06, 0.1], "k_pid_hsp": [9.898696899414062, 0.052448809146881104, 0.025213658809661865], "k_pid_vsp": [396.99114990234375, 400.0, 400.0]}, "datetime": {"datetime": "2025-08-12 04:53:45", "elapsed": 44904.91411137581, "delta": 31.529200792312622}, "costs": {"total_cost": 8093.446354577434, "time_cost": 150, "final_distance_cost": 892.1275730130897, "oscillation_cost": 14.757070244804332, "completition_cost": 1000.0, "overshoot_cost": 5897.36714912224, "power_cost": 44.63710545654297, "noise_cost": 94.557456740757, "n_waypoints_completed": 0, "tot_waypoints": 9}}
{"target": -1691.903020039762, "params": {"k_pid_pos": [2.0, 1.0, 0.9869076013565063], "k_pid_alt": [1.8745852708816528, 1.0, 0.9753016233444214], "k_pid_att": [5.815264701843262, 0.5950735807418823, 0.0782807469367981], "k_pid_yaw": [0.5, 1e-06, 0.1], "k_pid_hsp": [9.873403549194336, 0.0, 0.0], "k_pid_vsp": [400.0, 400.0, 370.62579345703125]}, "datetime": {"datetime": "2025-08-12 04:54:18", "elapsed": 44937.90847826004, "delta": 32.99436688423157}, "costs": {"total_cost": 1691.903020039762, "time_cost": 150, "final_distance_cost": 11.852782805052259, "oscillation_cost": 360.49243288009524, "completition_cost": 1000.0, "overshoot_cost": 112.37634668498933, "power_cost": 30.249640270996096, "noise_cost": 26.931817398628915, "n_waypoints_completed": 0, "tot_waypoints": 9}}
{"target": -4384.528689504166, "params": {"k_pid_pos": [2.0, 1.0, 0.9899201393127441], "k_pid_alt": [1.995255708694458, 0.9803254008293152, 0.9768103361129761], "k_pid_att": [0.0, 0.32566654682159424, 0.024002164602279663], "k_pid_yaw": [0.5, 1e-06, 0.1], "k_pid_hsp": [10.0, 0.017543137073516846, 0.0067795515060424805], "k_pid_vsp": [382.6504821777344, 355.42535400390625, 386.05755615234375]}, "datetime": {"datetime": "2025-08-12 04:54:49", "elapsed": 44969.36782312393, "delta": 31.4593448638916}, "costs": {"total_cost": 4384.528689504166, "time_cost": 150, "final_distance_cost": 230.5880637660034, "oscillation_cost": 1363.5385478074913, "completition_cost": 1000.0, "overshoot_cost": 1411.7151632370637, "power_cost": 57.63349841308594, "noise_cost": 171.05341628052176, "n_waypoints_completed": 0, "tot_waypoints": 9}}
{"target": -8175.1247706253225, "params": {"k_pid_pos": [2.0, 0.9202626943588257, 1.0], "k_pid_alt": [2.0, 1.0, 0.981511116027832], "k_pid_att": [0.0, 9.999999747378752e-05, 0.0], "k_pid_yaw": [0.5, 1e-06, 0.1], "k_pid_hsp": [10.0, 0.025013506412506104, 0.0], "k_pid_vsp": [400.0, 400.0, 400.0]}, "datetime": {"datetime": "2025-08-12 04:55:22", "elapsed": 45001.45795941353, "delta": 32.09013628959656}, "costs": {"total_cost": 8175.1247706253225, "time_cost": 150, "final_distance_cost": 935.2984377616331, "oscillation_cost": 14.781611284326155, "completition_cost": 1000.0, "overshoot_cost": 5937.246895706612, "power_cost": 44.34808250732422, "noise_cost": 93.44974336542784, "n_waypoints_completed": 0, "tot_waypoints": 9}}
{"target": -8077.6698609069535, "params": {"k_pid_pos": [1.9382450580596924, 0.9965327382087708, 0.9029436707496643], "k_pid_alt": [2.0, 0.9322528839111328, 1.0], "k_pid_att": [0.0, 9.999999747378752e-05, 0.0], "k_pid_yaw": [0.5, 1e-06, 0.1], "k_pid_hsp": [9.540331840515137, 0.013576984405517578, 0.0], "k_pid_vsp": [400.0, 392.6904602050781, 400.0]}, "datetime": {"datetime": "2025-08-12 04:55:51", "elapsed": 45031.24216365814, "delta": 29.784204244613647}, "costs": {"total_cost": 8077.6698609069535, "time_cost": 150, "final_distance_cost": 936.3797158825198, "oscillation_cost": 14.784432188119167, "completition_cost": 1000.0, "overshoot_cost": 5838.606777815359, "power_cost": 44.23807990722656, "noise_cost": 93.6608551137301, "n_waypoints_completed": 0, "tot_waypoints": 9}}
{"target": -1909.7664097014535, "params": {"k_pid_pos": [1.9892128705978394, 0.9747258424758911, 0.8835306167602539], "k_pid_alt": [2.0, 1.0, 1.0], "k_pid_att": [5.6568803787231445, 1.0330164432525635, 0.04710590839385986], "k_pid_yaw": [0.5, 1e-06, 0.1], "k_pid_hsp": [9.496444702148438, 0.010342508554458618, 0.0], "k_pid_vsp": [378.8476257324219, 385.4859313964844, 400.0]}, "datetime": {"datetime": "2025-08-12 04:56:24", "elapsed": 45063.60474443436, "delta": 32.3625807762146}, "costs": {"total_cost": 1909.7664097014535, "time_cost": 150, "final_distance_cost": 0.998738689536344, "oscillation_cost": 458.11916882263444, "completition_cost": 1000.0, "overshoot_cost": 160.04669705620597, "power_cost": 30.156311950683595, "noise_cost": 110.44549318239297, "n_waypoints_completed": 0, "tot_waypoints": 9}}
{"target": -1719.928711829521, "params": {"k_pid_pos": [2.0, 0.9462146162986755, 0.9973557591438293], "k_pid_alt": [2.0, 0.9803659915924072, 1.0], "k_pid_att": [1.4533460140228271, 0.31605926156044006, 0.0321311354637146], "k_pid_yaw": [0.5, 1e-06, 0.1], "k_pid_hsp": [9.949947357177734, 0.0, 0.0], "k_pid_vsp": [400.0, 360.8144226074219, 400.0]}, "datetime": {"datetime": "2025-08-12 04:56:55", "elapsed": 45094.9384264946, "delta": 31.3336820602417}, "costs": {"total_cost": 1719.928711829521, "time_cost": 150, "final_distance_cost": 1.0009122007175368, "oscillation_cost": 280.93009693789185, "completition_cost": 1000.0, "overshoot_cost": 158.79830495357848, "power_cost": 29.385125915527347, "noise_cost": 99.81427182180579, "n_waypoints_completed": 0, "tot_waypoints": 9}}
{"target": -1036.4187382695366, "params": {"k_pid_pos": [1.853292465209961, 0.999272882938385, 0.9595403671264648], "k_pid_alt": [1.9375114440917969, 1.0, 0.9505735039710999], "k_pid_att": [0.6718963384628296, 9.999999747378752e-05, 0.005039215087890625], "k_pid_yaw": [0.5, 1e-06, 0.1], "k_pid_hsp": [9.167989730834961, 0.0, 0.0], "k_pid_vsp": [400.0, 400.0, 400.0]}, "datetime": {"datetime": "2025-08-12 04:57:26", "elapsed": 45126.24614787102, "delta": 31.307721376419067}, "costs": {"total_cost": 1036.4187382695366, "time_cost": 150, "final_distance_cost": 50.99914091256786, "oscillation_cost": 149.47738107638247, "completition_cost": 555.5555555555555, "overshoot_cost": 67.61370130137279, "power_cost": 32.48581314697266, "noise_cost": 30.28714627668516, "n_waypoints_completed": 4, "tot_waypoints": 9}}
{"target": -1412.372132301964, "params": {"k_pid_pos": [2.0, 0.94138503074646, 0.9920012950897217], "k_pid_alt": [1.9125312566757202, 0.9740879535675049, 0.9609892964363098], "k_pid_att": [0.3013789653778076, 9.999999747378752e-05, 0.0], "k_pid_yaw": [0.5, 1e-06, 0.1], "k_pid_hsp": [9.630685806274414, 0.0, 0.02175024151802063], "k_pid_vsp": [395.27496337890625, 389.0122985839844, 387.764404296875]}, "datetime": {"datetime": "2025-08-12 04:57:58", "elapsed": 45158.17829298973, "delta": 31.93214511871338}, "costs": {"total_cost": 1412.372132301964, "time_cost": 150, "final_distance_cost": 45.94591098969252, "oscillation_cost": 104.7949734066294, "completition_cost": 1000.0, "overshoot_cost": 48.61821253274771, "power_cost": 34.75274737548828, "noise_cost": 28.260287997406124, "n_waypoints_completed": 0, "tot_waypoints": 9}}
{"target": -1042.3886863925409, "params": {"k_pid_pos": [2.0, 1.0, 0.9216989278793335], "k_pid_alt": [1.9989068508148193, 1.0, 1.0], "k_pid_att": [9.061420440673828, 0.2704773545265198, 0.0], "k_pid_yaw": [0.5, 1e-06, 0.1], "k_pid_hsp": [9.673903465270996, 0.0, 0.003106534481048584], "k_pid_vsp": [400.0, 400.0, 357.8639831542969]}, "datetime": {"datetime": "2025-08-12 04:58:30", "elapsed": 45189.86495923996, "delta": 31.686666250228882}, "costs": {"total_cost": 1042.3886863925409, "time_cost": 150, "final_distance_cost": 77.19516825929318, "oscillation_cost": 469.9362302794706, "completition_cost": 222.2222222222222, "overshoot_cost": 61.21358794690384, "power_cost": 32.88990811767578, "noise_cost": 28.931569566975252, "n_waypoints_completed": 7, "tot_waypoints": 9}}
{"target": -1119.8453513588513, "params": {"k_pid_pos": [2.0, 0.9739553928375244, 0.9306532144546509], "k_pid_alt": [1.8695849180221558, 1.0, 0.9568421840667725], "k_pid_att": [8.24291706085205, 0.36612963676452637, 0.019400298595428467], "k_pid_yaw": [0.5, 1e-06, 0.1], "k_pid_hsp": [10.0, 0.01645427942276001, 0.019655585289001465], "k_pid_vsp": [400.0, 400.0, 400.0]}, "datetime": {"datetime": "2025-08-12 04:59:02", "elapsed": 45221.98883700371, "delta": 32.12387776374817}, "costs": {"total_cost": 1119.8453513588513, "time_cost": 150, "final_distance_cost": 64.52262152994327, "oscillation_cost": 444.0566082919499, "completition_cost": 333.33333333333337, "overshoot_cost": 66.60562965272605, "power_cost": 31.81834033203125, "noise_cost": 29.50881821886745, "n_waypoints_completed": 6, "tot_waypoints": 9}}
{"target": -1328.467058795052, "params": {"k_pid_pos": [2.0, 0.9546008110046387, 1.0], "k_pid_alt": [1.9994186162948608, 1.0, 0.9554159641265869], "k_pid_att": [4.6204833984375, 0.12996381521224976, 0.0], "k_pid_yaw": [0.5, 1e-06, 0.1], "k_pid_hsp": [9.728048324584961, 0.0, 0.0], "k_pid_vsp": [394.4534606933594, 392.1763916015625, 398.5450134277344]}, "datetime": {"datetime": "2025-08-12 04:59:32", "elapsed": 45252.152802467346, "delta": 30.163965463638306}, "costs": {"total_cost": 1328.467058795052, "time_cost": 150, "final_distance_cost": 49.320396921476174, "oscillation_cost": 442.39830490022604, "completition_cost": 555.5555555555555, "overshoot_cost": 69.30997575956239, "power_cost": 32.52279045410157, "noise_cost": 29.360035204130373, "n_waypoints_completed": 4, "tot_waypoints": 9}}
{"target": -1024.459999374651, "params": {"k_pid_pos": [2.0, 0.9598267078399658, 0.9223741888999939], "k_pid_alt": [2.0, 0.9652647972106934, 0.9654144048690796], "k_pid_att": [0.5099505186080933, 0.09041175991296768, 0.008816152811050415], "k_pid_yaw": [0.5, 1e-06, 0.1], "k_pid_hsp": [10.0, 0.016289085149765015, 0.0], "k_pid_vsp": [400.0, 373.4683837890625, 396.5487976074219]}, "datetime": {"datetime": "2025-08-12 05:00:04", "elapsed": 45283.78734374046, "delta": 31.634541273117065}, "costs": {"total_cost": 1024.459999374651, "time_cost": 150, "final_distance_cost": 43.52165244319961, "oscillation_cost": 138.46224382026136, "completition_cost": 555.5555555555555, "overshoot_cost": 72.23060655944316, "power_cost": 34.10933344726563, "noise_cost": 30.580607548925688, "n_waypoints_completed": 4, "tot_waypoints": 9}}
