{"target": -3894.6459944586472, "params": {"k_pid_pos": [1.9999406337738037, 0.9722180366516113, 1.0], "k_pid_alt": [1.9677268266677856, 0.9688810110092163, 0.9666692018508911], "k_pid_att": [0.0, 9.999999747378752e-05, 0.04039767384529114], "k_pid_yaw": [0.5, 1e-06, 0.1], "k_pid_hsp": [9.933642387390137, 0.0, 0.05559983849525452], "k_pid_vsp": [390.5596618652344, 400.0, 400.0]}, "datetime": {"datetime": "2025-08-12 05:43:55", "elapsed": 47915.07827043533, "delta": 30.561057806015015}, "costs": {"total_cost": 3894.6459944586472, "time_cost": 150, "final_distance_cost": 65.9508395686939, "oscillation_cost": 4.868444969346413, "completition_cost": 1000.0, "overshoot_cost": 2551.71919862705, "power_cost": 30.28562149658203, "noise_cost": 91.82188979697482, "n_waypoints_completed": 0, "tot_waypoints": 9}}
{"target": -6108.543414524109, "params": {"k_pid_pos": [2.0, 0.9660372734069824, 0.9688860177993774], "k_pid_alt": [2.0, 0.9339706897735596, 1.0], "k_pid_att": [0.0, 9.999999747378752e-05, 0.014889538288116455], "k_pid_yaw": [0.5, 1e-06, 0.1], "k_pid_hsp": [10.0, 0.04780539870262146, 0.0967172384262085], "k_pid_vsp": [376.77630615234375, 389.7320556640625, 400.0]}, "datetime": {"datetime": "2025-08-12 05:44:27", "elapsed": 47946.37020659447, "delta": 31.29193615913391}, "costs": {"total_cost": 6108.543414524109, "time_cost": 150, "final_distance_cost": 1650.4002962432646, "oscillation_cost": 7.889562577999727, "completition_cost": 1000.0, "overshoot_cost": 3208.8647667657146, "power_cost": 33.2555794921875, "noise_cost": 58.13320944494287, "n_waypoints_completed": 0, "tot_waypoints": 9}}
{"target": -4062.9653308229404, "params": {"k_pid_pos": [1.9662964344024658, 0.9870073795318604, 1.0], "k_pid_alt": [1.9784040451049805, 1.0, 1.0], "k_pid_att": [0.0, 0.12529562413692474, 0.0], "k_pid_yaw": [0.5, 1e-06, 0.1], "k_pid_hsp": [9.419803619384766, 0.0, 0.0040434300899505615], "k_pid_vsp": [374.1525573730469, 400.0, 400.0]}, "datetime": {"datetime": "2025-08-12 05:44:57", "elapsed": 47977.103138923645, "delta": 30.732932329177856}, "costs": {"total_cost": 4062.9653308229404, "time_cost": 150, "final_distance_cost": 403.35344749275146, "oscillation_cost": 881.8817750702688, "completition_cost": 1000.0, "overshoot_cost": 1403.8415542454607, "power_cost": 56.889735559082034, "noise_cost": 166.9988184553775, "n_waypoints_completed": 0, "tot_waypoints": 9}}
{"target": -1024.3305454302576, "params": {"k_pid_pos": [1.8529095649719238, 0.9494524002075195, 0.9875137805938721], "k_pid_alt": [2.0, 0.9975975751876831, 1.0], "k_pid_att": [6.679284572601318, 0.18344861268997192, 0.0], "k_pid_yaw": [0.5, 1e-06, 0.1], "k_pid_hsp": [9.838218688964844, 0.027293741703033447, 0.0], "k_pid_vsp": [400.0, 400.0, 356.9903259277344]}, "datetime": {"datetime": "2025-08-12 05:45:28", "elapsed": 48008.013266563416, "delta": 30.910127639770508}, "costs": {"total_cost": 1024.3305454302576, "time_cost": 150, "final_distance_cost": 77.58401089722379, "oscillation_cost": 446.65325858524716, "completition_cost": 222.2222222222222, "overshoot_cost": 65.13891462968836, "power_cost": 32.94377224121094, "noise_cost": 29.788366854665334, "n_waypoints_completed": 7, "tot_waypoints": 9}}
{"target": -1437.4546228313525, "params": {"k_pid_pos": [1.9675955772399902, 1.0, 1.0], "k_pid_alt": [2.0, 0.9062290191650391, 0.9959542155265808], "k_pid_att": [4.118770599365234, 9.999999747378752e-05, 0.018029093742370605], "k_pid_yaw": [0.5, 1e-06, 0.1], "k_pid_hsp": [10.0, 0.0, 0.0], "k_pid_vsp": [399.19915771484375, 394.1327819824219, 381.25225830078125]}, "datetime": {"datetime": "2025-08-12 05:45:59", "elapsed": 48039.30020546913, "delta": 31.286938905715942}, "costs": {"total_cost": 1437.4546228313525, "time_cost": 150, "final_distance_cost": 67.14623919731137, "oscillation_cost": 417.4449800924263, "completition_cost": 666.6666666666667, "overshoot_cost": 77.56550947630042, "power_cost": 31.173651867675783, "noise_cost": 27.457575530971976, "n_waypoints_completed": 3, "tot_waypoints": 9}}
{"target": -1598.3632844774968, "params": {"k_pid_pos": [1.947221040725708, 0.9419613480567932, 0.9873220920562744], "k_pid_alt": [2.0, 1.0, 1.0], "k_pid_att": [2.150702476501465, 9.999999747378752e-05, 0.003573685884475708], "k_pid_yaw": [0.5, 1e-06, 0.1], "k_pid_hsp": [10.0, 0.0, 0.013404130935668945], "k_pid_vsp": [392.2633056640625, 393.7989196777344, 399.6983642578125]}, "datetime": {"datetime": "2025-08-12 05:46:32", "elapsed": 48071.45460486412, "delta": 32.154399394989014}, "costs": {"total_cost": 1598.3632844774968, "time_cost": 150, "final_distance_cost": 58.90669821788542, "oscillation_cost": 367.5236232626385, "completition_cost": 888.8888888888888, "overshoot_cost": 74.77318886444473, "power_cost": 31.39718543701172, "noise_cost": 26.873699806627325, "n_waypoints_completed": 1, "tot_waypoints": 9}}
{"target": -1127.6007354795865, "params": {"k_pid_pos": [1.934234380722046, 1.0, 0.931717574596405], "k_pid_alt": [1.9812347888946533, 1.0, 0.9263414740562439], "k_pid_att": [8.405179023742676, 9.999999747378752e-05, 0.01721993088722229], "k_pid_yaw": [0.5, 1e-06, 0.1], "k_pid_hsp": [10.0, 0.0, 0.04496508836746216], "k_pid_vsp": [400.0, 397.0166320800781, 374.8084411621094]}, "datetime": {"datetime": "2025-08-12 05:47:02", "elapsed": 48102.15994763374, "delta": 30.705342769622803}, "costs": {"total_cost": 1127.6007354795865, "time_cost": 150, "final_distance_cost": 64.48507271651454, "oscillation_cost": 456.96907424167296, "completition_cost": 333.33333333333337, "overshoot_cost": 59.12847123093092, "power_cost": 33.3065673828125, "noise_cost": 30.378216574322394, "n_waypoints_completed": 6, "tot_waypoints": 9}}
{"target": -4498.543603159571, "params": {"k_pid_pos": [2.0, 1.0, 0.9227120876312256], "k_pid_alt": [2.0, 1.0, 1.0], "k_pid_att": [0.0, 0.5896710753440857, 0.1144055426120758], "k_pid_yaw": [0.5, 1e-06, 0.1], "k_pid_hsp": [10.0, 0.013884365558624268, 0.03483724594116211], "k_pid_vsp": [400.0, 400.0, 400.0]}, "datetime": {"datetime": "2025-08-12 05:47:33", "elapsed": 48133.26562714577, "delta": 31.105679512023926}, "costs": {"total_cost": 4498.543603159571, "time_cost": 150, "final_distance_cost": 414.32353962274175, "oscillation_cost": 1419.9758202340709, "completition_cost": 1000.0, "overshoot_cost": 1285.3769183161396, "power_cost": 57.48403084716797, "noise_cost": 171.3832941394515, "n_waypoints_completed": 0, "tot_waypoints": 9}}
{"target": -1918.9032861576236, "params": {"k_pid_pos": [2.0, 0.9836854934692383, 0.962628185749054], "k_pid_alt": [2.0, 0.9615610837936401, 1.0], "k_pid_att": [8.139335632324219, 0.05140358954668045, 0.03971707820892334], "k_pid_yaw": [0.5, 1e-06, 0.1], "k_pid_hsp": [9.978869438171387, 0.007819503545761108, 0.0], "k_pid_vsp": [369.15301513671875, 400.0, 400.0]}, "datetime": {"datetime": "2025-08-12 05:48:06", "elapsed": 48166.14046835899, "delta": 32.87484121322632}, "costs": {"total_cost": 1918.9032861576236, "time_cost": 150, "final_distance_cost": 0.9929294026625555, "oscillation_cost": 496.2239919895955, "completition_cost": 1000.0, "overshoot_cost": 150.6967913913402, "power_cost": 30.762145532226565, "noise_cost": 90.22742784179886, "n_waypoints_completed": 0, "tot_waypoints": 9}}
{"target": -1459.3955473065598, "params": {"k_pid_pos": [1.972312331199646, 0.984815239906311, 0.9499110579490662], "k_pid_alt": [2.0, 0.9351365566253662, 0.9150787591934204], "k_pid_att": [3.3502519130706787, 0.25192320346832275, 0.09971222281455994], "k_pid_yaw": [0.5, 1e-06, 0.1], "k_pid_hsp": [9.5315523147583, 0.016006380319595337, 0.0], "k_pid_vsp": [400.0, 400.0, 392.2746276855469]}, "datetime": {"datetime": "2025-08-12 05:48:39", "elapsed": 48198.92513751984, "delta": 32.784669160842896}, "costs": {"total_cost": 1459.3955473065598, "time_cost": 150, "final_distance_cost": 0.9980578120651846, "oscillation_cost": 24.447576599676538, "completition_cost": 1000.0, "overshoot_cost": 157.12513389595603, "power_cost": 29.30771102294922, "noise_cost": 97.51706797591294, "n_waypoints_completed": 0, "tot_waypoints": 9}}
{"target": -8204.912558335735, "params": {"k_pid_pos": [2.0, 1.0, 1.0], "k_pid_alt": [2.0, 0.8796224594116211, 0.9558614492416382], "k_pid_att": [0.0, 9.999999747378752e-05, 0.0026324987411499023], "k_pid_yaw": [0.5, 1e-06, 0.1], "k_pid_hsp": [9.835426330566406, 0.046902090311050415, 0.0016482174396514893], "k_pid_vsp": [387.8457946777344, 393.6200256347656, 400.0]}, "datetime": {"datetime": "2025-08-12 05:49:11", "elapsed": 48231.1428630352, "delta": 32.2177255153656}, "costs": {"total_cost": 8204.912558335735, "time_cost": 150, "final_distance_cost": 1792.0253948581458, "oscillation_cost": 12.436929659929305, "completition_cost": 1000.0, "overshoot_cost": 5123.673851805254, "power_cost": 42.4362357421875, "noise_cost": 84.34014627021718, "n_waypoints_completed": 0, "tot_waypoints": 9}}
{"target": -5380.364167539486, "params": {"k_pid_pos": [1.9354846477508545, 0.937330424785614, 1.0], "k_pid_alt": [1.980368733406067, 0.9223960041999817, 0.9583457708358765], "k_pid_att": [0.0, 9.999999747378752e-05, 0.019329458475112915], "k_pid_yaw": [0.5, 1e-06, 0.1], "k_pid_hsp": [10.0, 0.03944680094718933, 0.0600147545337677], "k_pid_vsp": [395.60986328125, 400.0, 400.0]}, "datetime": {"datetime": "2025-08-12 05:49:44", "elapsed": 48263.63565635681, "delta": 32.4927933216095}, "costs": {"total_cost": 5380.364167539486, "time_cost": 150, "final_distance_cost": 1551.2515270610743, "oscillation_cost": 6.648807137505026, "completition_cost": 1000.0, "overshoot_cost": 2563.0867321112323, "power_cost": 31.299794177246095, "noise_cost": 78.07730705242757, "n_waypoints_completed": 0, "tot_waypoints": 9}}
{"target": -1835.3765664256607, "params": {"k_pid_pos": [2.0, 1.0, 1.0], "k_pid_alt": [1.98723566532135, 0.9922362565994263, 1.0], "k_pid_att": [6.775781631469727, 9.999999747378752e-05, 0.06869173049926758], "k_pid_yaw": [0.5, 1e-06, 0.1], "k_pid_hsp": [9.3030366897583, 0.0, 0.0], "k_pid_vsp": [400.0, 353.12799072265625, 391.6733703613281]}, "datetime": {"datetime": "2025-08-12 05:50:18", "elapsed": 48297.90567779541, "delta": 34.27002143859863}, "costs": {"total_cost": 1835.3765664256607, "time_cost": 150, "final_distance_cost": 0.9890480360901888, "oscillation_cost": 420.4851803369701, "completition_cost": 1000.0, "overshoot_cost": 149.84146819758678, "power_cost": 30.295056994628908, "noise_cost": 83.76581286038478, "n_waypoints_completed": 0, "tot_waypoints": 9}}
{"target": -18760.080245083347, "params": {"k_pid_pos": [1.9633334875106812, 0.9658997654914856, 1.0], "k_pid_alt": [1.999696135520935, 0.9613766074180603, 1.0], "k_pid_att": [0.0, 1.0055276155471802, 0.0], "k_pid_yaw": [0.5, 1e-06, 0.1], "k_pid_hsp": [9.169818878173828, 0.03758624196052551, 0.0], "k_pid_vsp": [375.973388671875, 394.7798156738281, 400.0]}, "datetime": {"datetime": "2025-08-12 05:50:50", "elapsed": 48329.915845155716, "delta": 32.010167360305786}, "costs": {"total_cost": 18760.080245083347, "time_cost": 150, "final_distance_cost": 5471.490484785602, "oscillation_cost": 2385.943003253635, "completition_cost": 1000.0, "overshoot_cost": 9522.546524705205, "power_cost": 57.219743200683595, "noise_cost": 172.88048913821933, "n_waypoints_completed": 0, "tot_waypoints": 9}}
{"target": -1027.2919826188463, "params": {"k_pid_pos": [2.0, 1.0, 1.0], "k_pid_alt": [2.0, 0.9592123627662659, 0.9791272878646851], "k_pid_att": [0.4873514175415039, 9.999999747378752e-05, 0.005669444799423218], "k_pid_yaw": [0.5, 1e-06, 0.1], "k_pid_hsp": [10.0, 0.0, 0.0], "k_pid_vsp": [365.7229919433594, 400.0, 400.0]}, "datetime": {"datetime": "2025-08-12 05:51:22", "elapsed": 48361.80733036995, "delta": 31.8914852142334}, "costs": {"total_cost": 1027.2919826188463, "time_cost": 150, "final_distance_cost": 53.2473967243368, "oscillation_cost": 125.36467790437675, "completition_cost": 555.5555555555555, "overshoot_cost": 79.95070132520551, "power_cost": 32.81386363525391, "noise_cost": 30.359787474117816, "n_waypoints_completed": 4, "tot_waypoints": 9}}
{"target": -1490.1658853514618, "params": {"k_pid_pos": [2.0, 0.969288170337677, 0.9713867902755737], "k_pid_alt": [1.95132315158844, 0.9377399682998657, 0.9615060687065125], "k_pid_att": [6.428968906402588, 9.999999747378752e-05, 0.0], "k_pid_yaw": [0.5, 1e-06, 0.1], "k_pid_hsp": [9.73615837097168, 0.0, 0.0], "k_pid_vsp": [400.0, 391.4872131347656, 400.0]}, "datetime": {"datetime": "2025-08-12 05:51:53", "elapsed": 48393.20489168167, "delta": 31.3975613117218}, "costs": {"total_cost": 1490.1658853514618, "time_cost": 150, "final_distance_cost": 51.725398358099596, "oscillation_cost": 484.37759230536307, "completition_cost": 666.6666666666667, "overshoot_cost": 77.31465216002228, "power_cost": 31.936175061035158, "noise_cost": 28.145400800275105, "n_waypoints_completed": 3, "tot_waypoints": 9}}
{"target": -1479.7778665925498, "params": {"k_pid_pos": [2.0, 0.9944189190864563, 0.9399569630622864], "k_pid_alt": [1.8766777515411377, 1.0, 0.9684296250343323], "k_pid_att": [5.594700813293457, 0.03159865364432335, 0.0], "k_pid_yaw": [0.5, 1e-06, 0.1], "k_pid_hsp": [10.0, 0.0, 0.044185370206832886], "k_pid_vsp": [351.103271484375, 376.07012939453125, 400.0]}, "datetime": {"datetime": "2025-08-12 05:52:25", "elapsed": 48425.060606479645, "delta": 31.855714797973633}, "costs": {"total_cost": 1479.7778665925498, "time_cost": 150, "final_distance_cost": 54.23021110133468, "oscillation_cost": 474.61234136061455, "completition_cost": 666.6666666666667, "overshoot_cost": 73.37629198330922, "power_cost": 32.65955584716797, "noise_cost": 28.232799633456874, "n_waypoints_completed": 3, "tot_waypoints": 9}}
{"target": -8087.297978246681, "params": {"k_pid_pos": [1.859183669090271, 1.0, 0.9393788576126099], "k_pid_alt": [1.9489622116088867, 1.0, 0.9435624480247498], "k_pid_att": [0.0, 9.999999747378752e-05, 0.0], "k_pid_yaw": [0.5, 1e-06, 0.1], "k_pid_hsp": [9.648807525634766, 0.0, 0.05110830068588257], "k_pid_vsp": [398.9111022949219, 398.8709411621094, 390.87420654296875]}, "datetime": {"datetime": "2025-08-12 05:52:57", "elapsed": 48457.325531959534, "delta": 32.264925479888916}, "costs": {"total_cost": 8087.297978246681, "time_cost": 150, "final_distance_cost": 844.7026683022779, "oscillation_cost": 14.945054512692753, "completition_cost": 1000.0, "overshoot_cost": 5938.921221275193, "power_cost": 45.92353762207031, "noise_cost": 92.80549653444677, "n_waypoints_completed": 0, "tot_waypoints": 9}}
{"target": -1058.592176795142, "params": {"k_pid_pos": [2.0, 1.0, 1.0], "k_pid_alt": [1.8794302940368652, 0.9352225661277771, 1.0], "k_pid_att": [3.8642258644104004, 9.999999747378752e-05, 0.0], "k_pid_yaw": [0.5, 1e-06, 0.1], "k_pid_hsp": [10.0, 0.0, 0.02727636694908142], "k_pid_vsp": [393.3983459472656, 392.720703125, 381.1766052246094]}, "datetime": {"datetime": "2025-08-12 05:53:28", "elapsed": 48488.2630109787, "delta": 30.93747901916504}, "costs": {"total_cost": 1058.592176795142, "time_cost": 150, "final_distance_cost": 62.7579870019786, "oscillation_cost": 382.731995462597, "completition_cost": 333.33333333333337, "overshoot_cost": 68.29150543223729, "power_cost": 32.47063955078125, "noise_cost": 29.00671601421427, "n_waypoints_completed": 6, "tot_waypoints": 9}}
{"target": -1306.5996329701939, "params": {"k_pid_pos": [2.0, 0.9507197141647339, 1.0], "k_pid_alt": [2.0, 0.9683682918548584, 1.0], "k_pid_att": [4.110437393188477, 0.2839955687522888, 0.0], "k_pid_yaw": [0.5, 1e-06, 0.1], "k_pid_hsp": [10.0, 0.005218148231506348, 0.002880394458770752], "k_pid_vsp": [400.0, 400.0, 398.8478088378906]}, "datetime": {"datetime": "2025-08-12 05:54:01", "elapsed": 48520.40153479576, "delta": 32.13852381706238}, "costs": {"total_cost": 1306.5996329701939, "time_cost": 150, "final_distance_cost": 42.7780499841411, "oscillation_cost": 424.89682660873314, "completition_cost": 555.5555555555555, "overshoot_cost": 73.13922797601914, "power_cost": 32.4274462890625, "noise_cost": 27.802526556682395, "n_waypoints_completed": 4, "tot_waypoints": 9}}
{"target": -1163.8055019399328, "params": {"k_pid_pos": [1.9877716302871704, 1.0, 0.9820195436477661], "k_pid_alt": [1.8984134197235107, 0.976211428642273, 1.0], "k_pid_att": [8.930569648742676, 0.23428580164909363, 0.0], "k_pid_yaw": [0.5, 1e-06, 0.1], "k_pid_hsp": [10.0, 0.02310234308242798, 0.0035032331943511963], "k_pid_vsp": [381.07781982421875, 400.0, 379.59197998046875]}, "datetime": {"datetime": "2025-08-12 05:54:31", "elapsed": 48550.4127061367, "delta": 30.011171340942383}, "costs": {"total_cost": 1163.8055019399328, "time_cost": 150, "final_distance_cost": 63.893761070654364, "oscillation_cost": 491.69916309812714, "completition_cost": 333.33333333333337, "overshoot_cost": 63.32154016360876, "power_cost": 32.706385961914066, "noise_cost": 28.851318312295277, "n_waypoints_completed": 6, "tot_waypoints": 9}}
{"target": -1622.9342856395103, "params": {"k_pid_pos": [1.8514454364776611, 1.0, 1.0], "k_pid_alt": [2.0, 1.0, 0.9600120782852173], "k_pid_att": [1.1493921279907227, 0.23553450405597687, 0.0], "k_pid_yaw": [0.5, 1e-06, 0.1], "k_pid_hsp": [10.0, 0.0, 0.0], "k_pid_vsp": [400.0, 356.29486083984375, 400.0]}, "datetime": {"datetime": "2025-08-12 05:55:02", "elapsed": 48581.561244010925, "delta": 31.1485378742218}, "costs": {"total_cost": 1622.9342856395103, "time_cost": 150, "final_distance_cost": 26.70514683835573, "oscillation_cost": 291.91303325876703, "completition_cost": 1000.0, "overshoot_cost": 97.17258415341581, "power_cost": 30.656048303222658, "noise_cost": 26.48747308574912, "n_waypoints_completed": 0, "tot_waypoints": 9}}
{"target": -4674.367325491566, "params": {"k_pid_pos": [2.0, 1.0, 1.0], "k_pid_alt": [1.867248296737671, 1.0, 0.9820914268493652], "k_pid_att": [0.0, 0.5598934888839722, 0.0], "k_pid_yaw": [0.5, 1e-06, 0.1], "k_pid_hsp": [10.0, 0.037227749824523926, 0.0], "k_pid_vsp": [387.81317138671875, 400.0, 400.0]}, "datetime": {"datetime": "2025-08-12 05:55:32", "elapsed": 48612.277764081955, "delta": 30.716520071029663}, "costs": {"total_cost": 4674.367325491566, "time_cost": 150, "final_distance_cost": 413.5674984763698, "oscillation_cost": 1933.0182097087868, "completition_cost": 1000.0, "overshoot_cost": 946.1924653519777, "power_cost": 57.337905566406256, "noise_cost": 174.25124638802572, "n_waypoints_completed": 0, "tot_waypoints": 9}}
{"target": -4798.329452258584, "params": {"k_pid_pos": [2.0, 0.9991359710693359, 1.0], "k_pid_alt": [2.0, 0.9436341524124146, 0.9514811635017395], "k_pid_att": [0.0, 0.04829404503107071, 0.0], "k_pid_yaw": [0.5, 1e-06, 0.1], "k_pid_hsp": [10.0, 0.05101826786994934, 0.0], "k_pid_vsp": [388.2328186035156, 359.34814453125, 400.0]}, "datetime": {"datetime": "2025-08-12 05:56:04", "elapsed": 48643.71533036232, "delta": 31.43756628036499}, "costs": {"total_cost": 4798.329452258584, "time_cost": 150, "final_distance_cost": 667.0670824523128, "oscillation_cost": 514.9402386676941, "completition_cost": 1000.0, "overshoot_cost": 2247.3784971083533, "power_cost": 57.17184475097657, "noise_cost": 161.77178927924697, "n_waypoints_completed": 0, "tot_waypoints": 9}}
{"target": -8192.132554802576, "params": {"k_pid_pos": [1.9051227569580078, 1.0, 0.9362794160842896], "k_pid_alt": [1.872352957725525, 0.997188925743103, 0.991294801235199], "k_pid_att": [0.0, 9.999999747378752e-05, 0.0], "k_pid_yaw": [0.5, 1e-06, 0.1], "k_pid_hsp": [10.0, 0.0, 0.0], "k_pid_vsp": [388.03863525390625, 368.15576171875, 398.08563232421875]}, "datetime": {"datetime": "2025-08-12 05:56:35", "elapsed": 48674.96657180786, "delta": 31.251241445541382}, "costs": {"total_cost": 8192.132554802576, "time_cost": 150, "final_distance_cost": 757.0514086291316, "oscillation_cost": 14.573715676297645, "completition_cost": 1000.0, "overshoot_cost": 6127.63876788319, "power_cost": 43.9088463256836, "noise_cost": 98.95981628827371, "n_waypoints_completed": 0, "tot_waypoints": 9}}
{"target": -4591.653610848985, "params": {"k_pid_pos": [2.0, 0.9414193034172058, 1.0], "k_pid_alt": [1.9096134901046753, 1.0, 0.9918665885925293], "k_pid_att": [0.0, 0.596067488193512, 0.0], "k_pid_yaw": [0.5, 1e-06, 0.1], "k_pid_hsp": [10.0, 0.056286633014678955, 0.024136662483215332], "k_pid_vsp": [400.0, 383.4388122558594, 377.9848937988281]}, "datetime": {"datetime": "2025-08-12 05:57:06", "elapsed": 48705.55849146843, "delta": 30.591919660568237}, "costs": {"total_cost": 4591.653610848985, "time_cost": 150, "final_distance_cost": 205.21487365152245, "oscillation_cost": 2057.952392144411, "completition_cost": 1000.0, "overshoot_cost": 948.5431735112148, "power_cost": 56.86912492675781, "noise_cost": 173.0740466150795, "n_waypoints_completed": 0, "tot_waypoints": 9}}
{"target": -3871.327500526497, "params": {"k_pid_pos": [2.0, 1.0, 1.0], "k_pid_alt": [1.9905366897583008, 0.9939600229263306, 1.0], "k_pid_att": [0.0, 0.7116253972053528, 0.023992538452148438], "k_pid_yaw": [0.5, 1e-06, 0.1], "k_pid_hsp": [9.886723518371582, 0.0, 0.007685840129852295], "k_pid_vsp": [400.0, 400.0, 379.5358581542969]}, "datetime": {"datetime": "2025-08-12 05:57:37", "elapsed": 48736.549285173416, "delta": 30.990793704986572}, "costs": {"total_cost": 3871.327500526497, "time_cost": 150, "final_distance_cost": 200.57581940308663, "oscillation_cost": 1710.8863798486861, "completition_cost": 1000.0, "overshoot_cost": 578.2985253946993, "power_cost": 57.70102403564454, "noise_cost": 173.86575184438001, "n_waypoints_completed": 0, "tot_waypoints": 9}}
