{"target": -8089.633545127271, "params": {"k_pid_pos": [1.9940115213394165, 1.0, 0.972887396812439], "k_pid_alt": [1.9035401344299316, 1.0, 1.0], "k_pid_att": [0.0, 9.999999747378752e-05, 0.0001004636287689209], "k_pid_yaw": [0.5, 1e-06, 0.1], "k_pid_hsp": [9.93836498260498, 0.0, 0.016237884759902954], "k_pid_vsp": [400.0, 379.31280517578125, 365.4129638671875]}, "datetime": {"datetime": "2025-08-11 17:27:02", "elapsed": 3701.62797999382, "delta": 29.805874586105347}, "costs": {"total_cost": 8089.633545127271, "time_cost": 150, "final_distance_cost": 1406.724980930117, "oscillation_cost": 15.017149007601137, "completition_cost": 1000.0, "overshoot_cost": 5386.8402789074125, "power_cost": 45.65304135742188, "noise_cost": 85.39809492471834, "n_waypoints_completed": 0, "tot_waypoints": 9}}
{"target": -1840.0078514084355, "params": {"k_pid_pos": [1.9660711288452148, 0.9805608987808228, 0.9411612749099731], "k_pid_alt": [2.0, 0.958362877368927, 1.0], "k_pid_att": [3.3104658126831055, 0.05608906224370003, 0.03590938448905945], "k_pid_yaw": [0.5, 1e-06, 0.1], "k_pid_hsp": [10.0, 0.013588368892669678, 0.0], "k_pid_vsp": [362.8487548828125, 378.2626037597656, 400.0]}, "datetime": {"datetime": "2025-08-11 17:27:31", "elapsed": 3731.343691587448, "delta": 29.71571159362793}, "costs": {"total_cost": 1840.0078514084355, "time_cost": 150, "final_distance_cost": 0.999361000951951, "oscillation_cost": 388.4509944021853, "completition_cost": 1000.0, "overshoot_cost": 161.1240331683891, "power_cost": 29.725984631347657, "noise_cost": 109.70747820556143, "n_waypoints_completed": 0, "tot_waypoints": 9}}
{"target": -3854.070188727563, "params": {"k_pid_pos": [2.0, 0.9576579332351685, 0.9698609113693237], "k_pid_alt": [1.9302864074707031, 0.9593256711959839, 1.0], "k_pid_att": [0.0, 0.19229832291603088, 0.0], "k_pid_yaw": [0.5, 1e-06, 0.1], "k_pid_hsp": [9.255067825317383, 0.06436216831207275, 0.0], "k_pid_vsp": [400.0, 397.8876953125, 386.6994934082031]}, "datetime": {"datetime": "2025-08-11 17:28:02", "elapsed": 3761.7202746868134, "delta": 30.376583099365234}, "costs": {"total_cost": 3854.070188727563, "time_cost": 150, "final_distance_cost": 356.89331892506, "oscillation_cost": 985.6641334778044, "completition_cost": 1000.0, "overshoot_cost": 1133.7292133704946, "power_cost": 57.895948974609375, "noise_cost": 169.88757397959486, "n_waypoints_completed": 0, "tot_waypoints": 9}}
{"target": -3765.540465963309, "params": {"k_pid_pos": [1.979503870010376, 0.9374284148216248, 0.9517238736152649], "k_pid_alt": [1.9455598592758179, 1.0, 0.960536539554596], "k_pid_att": [0.0, 0.7224912643432617, 0.06375741958618164], "k_pid_yaw": [0.5, 1e-06, 0.1], "k_pid_hsp": [10.0, 0.005868494510650635, 0.0], "k_pid_vsp": [395.59344482421875, 362.42498779296875, 400.0]}, "datetime": {"datetime": "2025-08-11 17:28:32", "elapsed": 3792.0257811546326, "delta": 30.305506467819214}, "costs": {"total_cost": 3765.540465963309, "time_cost": 150, "final_distance_cost": 208.5487556290517, "oscillation_cost": 1580.2855969734585, "completition_cost": 1000.0, "overshoot_cost": 595.9331371454692, "power_cost": 57.44444041748047, "noise_cost": 173.32853579784944, "n_waypoints_completed": 0, "tot_waypoints": 9}}
{"target": -5052.518953869141, "params": {"k_pid_pos": [1.8825136423110962, 1.0, 1.0], "k_pid_alt": [2.0, 1.0, 1.0], "k_pid_att": [0.0, 9.999999747378752e-05, 0.0361349880695343], "k_pid_yaw": [0.5, 1e-06, 0.1], "k_pid_hsp": [10.0, 0.08962780237197876, 0.0], "k_pid_vsp": [397.5738525390625, 400.0, 400.0]}, "datetime": {"datetime": "2025-08-11 17:29:02", "elapsed": 3822.060495376587, "delta": 30.034714221954346}, "costs": {"total_cost": 5052.518953869141, "time_cost": 150, "final_distance_cost": 1141.145154186337, "oscillation_cost": 5.1105641506342865, "completition_cost": 1000.0, "overshoot_cost": 2640.1026958428515, "power_cost": 30.777448449707034, "noise_cost": 85.3830912396115, "n_waypoints_completed": 0, "tot_waypoints": 9}}
{"target": -862.8484381053364, "params": {"k_pid_pos": [1.8652487993240356, 1.0, 0.9747247695922852], "k_pid_alt": [1.9851012229919434, 0.9513261914253235, 0.9991952180862427], "k_pid_att": [0.8345842361450195, 0.09944862127304077, 0.0], "k_pid_yaw": [0.5, 1e-06, 0.1], "k_pid_hsp": [9.797237396240234, 0.0, 0.0], "k_pid_vsp": [399.5909118652344, 396.1586608886719, 400.0]}, "datetime": {"datetime": "2025-08-11 17:29:32", "elapsed": 3851.732463121414, "delta": 29.67196774482727}, "costs": {"total_cost": 862.8484381053364, "time_cost": 150, "final_distance_cost": 64.93744441197686, "oscillation_cost": 179.39025411995635, "completition_cost": 333.33333333333337, "overshoot_cost": 71.01110261409028, "power_cost": 34.29767790527344, "noise_cost": 29.878625720706182, "n_waypoints_completed": 6, "tot_waypoints": 9}}
{"target": -1651.503395245034, "params": {"k_pid_pos": [2.0, 1.0, 1.0], "k_pid_alt": [2.0, 1.0, 1.0], "k_pid_att": [1.5264242887496948, 0.29398220777511597, 0.0], "k_pid_yaw": [0.5, 1e-06, 0.1], "k_pid_hsp": [10.0, 0.0, 0.0], "k_pid_vsp": [400.0, 382.0520324707031, 400.0]}, "datetime": {"datetime": "2025-08-11 17:30:02", "elapsed": 3881.932379961014, "delta": 30.19991683959961}, "costs": {"total_cost": 1651.503395245034, "time_cost": 150, "final_distance_cost": 33.155483918091434, "oscillation_cost": 331.9505713626825, "completition_cost": 1000.0, "overshoot_cost": 75.69314616962119, "power_cost": 32.79868817138672, "noise_cost": 27.90550562325219, "n_waypoints_completed": 0, "tot_waypoints": 9}}
{"target": -4863.676879461344, "params": {"k_pid_pos": [2.0, 0.9817599058151245, 0.9123538136482239], "k_pid_alt": [2.0, 1.0, 0.9722408056259155], "k_pid_att": [0.05022883415222168, 0.6703430414199829, 0.05179542303085327], "k_pid_yaw": [0.5, 1e-06, 0.1], "k_pid_hsp": [9.555662155151367, 0.0, 0.02805989980697632], "k_pid_vsp": [400.0, 400.0, 400.0]}, "datetime": {"datetime": "2025-08-11 17:30:32", "elapsed": 3911.8808455467224, "delta": 29.948465585708618}, "costs": {"total_cost": 4863.676879461344, "time_cost": 150, "final_distance_cost": 691.5733255790457, "oscillation_cost": 1046.028168226563, "completition_cost": 1000.0, "overshoot_cost": 1750.137558621997, "power_cost": 57.465162731933596, "noise_cost": 168.4726643018048, "n_waypoints_completed": 0, "tot_waypoints": 9}}
{"target": -8028.536768971029, "params": {"k_pid_pos": [1.8622925281524658, 0.9627708196640015, 1.0], "k_pid_alt": [1.9171385765075684, 1.0, 0.9433718323707581], "k_pid_att": [0.0, 9.999999747378752e-05, 0.013332545757293701], "k_pid_yaw": [0.5, 1e-06, 0.1], "k_pid_hsp": [10.0, 0.0, 0.06328243017196655], "k_pid_vsp": [382.45050048828125, 360.75, 398.375732421875]}, "datetime": {"datetime": "2025-08-11 17:31:04", "elapsed": 3943.6095864772797, "delta": 31.72874093055725}, "costs": {"total_cost": 8028.536768971029, "time_cost": 150, "final_distance_cost": 2470.027037751859, "oscillation_cost": 9.065881415685485, "completition_cost": 1000.0, "overshoot_cost": 4309.266615016108, "power_cost": 37.428808105468754, "noise_cost": 52.748426681908896, "n_waypoints_completed": 0, "tot_waypoints": 9}}
{"target": -3562.8641769720834, "params": {"k_pid_pos": [1.9831715822219849, 1.0, 0.9363709688186646], "k_pid_alt": [2.0, 0.9923170804977417, 1.0], "k_pid_att": [0.0, 9.999999747378752e-05, 0.09584993124008179], "k_pid_yaw": [0.5, 1e-06, 0.1], "k_pid_hsp": [10.0, 0.052539825439453125, 0.0], "k_pid_vsp": [391.65472412109375, 378.7838439941406, 384.025634765625]}, "datetime": {"datetime": "2025-08-11 17:31:34", "elapsed": 3974.0101211071014, "delta": 30.400534629821777}, "costs": {"total_cost": 3562.8641769720834, "time_cost": 150, "final_distance_cost": 641.1132553307797, "oscillation_cost": 3.322047922446697, "completition_cost": 1000.0, "overshoot_cost": 1625.4301985647749, "power_cost": 29.204757763671875, "noise_cost": 113.79391739041036, "n_waypoints_completed": 0, "tot_waypoints": 9}}
{"target": -11268.959330162046, "params": {"k_pid_pos": [2.0, 0.9910916090011597, 1.0], "k_pid_alt": [1.9008152484893799, 1.0, 0.9990185499191284], "k_pid_att": [0.0, 1.2724322080612183, 0.05121523141860962], "k_pid_yaw": [0.5, 1e-06, 0.1], "k_pid_hsp": [10.0, 0.05049490928649902, 0.0], "k_pid_vsp": [388.5805969238281, 400.0, 391.9764099121094]}, "datetime": {"datetime": "2025-08-11 17:32:04", "elapsed": 4003.7977175712585, "delta": 29.787596464157104}, "costs": {"total_cost": 11268.959330162046, "time_cost": 150, "final_distance_cost": 3523.3734912291525, "oscillation_cost": 2161.9124342349924, "completition_cost": 1000.0, "overshoot_cost": 4203.901149648492, "power_cost": 57.90112075195313, "noise_cost": 171.8711342974564, "n_waypoints_completed": 0, "tot_waypoints": 9}}
{"target": -4423.192786968042, "params": {"k_pid_pos": [1.9779683351516724, 0.9309186935424805, 0.9522109031677246], "k_pid_alt": [1.9570549726486206, 1.0, 1.0], "k_pid_att": [0.0, 0.06361556798219681, 0.0], "k_pid_yaw": [0.5, 1e-06, 0.1], "k_pid_hsp": [9.603198051452637, 0.0, 0.08377999067306519], "k_pid_vsp": [373.599609375, 400.0, 377.7255859375]}, "datetime": {"datetime": "2025-08-11 17:32:34", "elapsed": 4034.035318851471, "delta": 30.237601280212402}, "costs": {"total_cost": 4423.192786968042, "time_cost": 150, "final_distance_cost": 459.569534124393, "oscillation_cost": 629.2067674142287, "completition_cost": 1000.0, "overshoot_cost": 1961.146677973382, "power_cost": 57.68847145996094, "noise_cost": 165.5813359960777, "n_waypoints_completed": 0, "tot_waypoints": 9}}
{"target": -1750.1307428308446, "params": {"k_pid_pos": [2.0, 1.0, 1.0], "k_pid_alt": [2.0, 1.0, 1.0], "k_pid_att": [1.8305927515029907, 9.999999747378752e-05, 0.022899121046066284], "k_pid_yaw": [0.5, 1e-06, 0.1], "k_pid_hsp": [10.0, 0.039541780948638916, 0.0], "k_pid_vsp": [364.8807678222656, 400.0, 393.5736999511719]}, "datetime": {"datetime": "2025-08-11 17:33:04", "elapsed": 4064.3004472255707, "delta": 30.26512837409973}, "costs": {"total_cost": 1750.1307428308446, "time_cost": 150, "final_distance_cost": 1.0006003836553559, "oscillation_cost": 313.64885910569234, "completition_cost": 1000.0, "overshoot_cost": 158.70700287151575, "power_cost": 29.518020483398438, "noise_cost": 97.25625998658279, "n_waypoints_completed": 0, "tot_waypoints": 9}}
{"target": -4333.040508876953, "params": {"k_pid_pos": [1.9967007637023926, 0.9687889814376831, 0.9900170564651489], "k_pid_alt": [2.0, 1.0, 0.9890569448471069], "k_pid_att": [0.0, 9.999999747378752e-05, 0.06410720944404602], "k_pid_yaw": [0.5, 1e-06, 0.1], "k_pid_hsp": [10.0, 0.005577117204666138, 0.004622519016265869], "k_pid_vsp": [400.0, 388.14190673828125, 380.1362609863281]}, "datetime": {"datetime": "2025-08-11 17:33:35", "elapsed": 4094.39067530632, "delta": 30.09022808074951}, "costs": {"total_cost": 4333.040508876953, "time_cost": 150, "final_distance_cost": 677.2706216096599, "oscillation_cost": 3.530917430111322, "completition_cost": 1000.0, "overshoot_cost": 2378.1211216869992, "power_cost": 29.617309008789064, "noise_cost": 94.50053914139467, "n_waypoints_completed": 0, "tot_waypoints": 9}}
{"target": -1671.5494687876562, "params": {"k_pid_pos": [1.9834290742874146, 1.0, 0.9788514375686646], "k_pid_alt": [2.0, 1.0, 0.9636273384094238], "k_pid_att": [3.979051113128662, 0.11375806480646133, 0.07766428589820862], "k_pid_yaw": [0.5, 1e-06, 0.1], "k_pid_hsp": [10.0, 0.08237636089324951, 0.0], "k_pid_vsp": [400.0, 374.41357421875, 371.4339294433594]}, "datetime": {"datetime": "2025-08-11 17:34:05", "elapsed": 4124.590589523315, "delta": 30.19991421699524}, "costs": {"total_cost": 1671.5494687876562, "time_cost": 150, "final_distance_cost": 0.9959370854272324, "oscillation_cost": 257.15928985202027, "completition_cost": 1000.0, "overshoot_cost": 151.74708757979943, "power_cost": 29.731071044921876, "noise_cost": 81.91608322548755, "n_waypoints_completed": 0, "tot_waypoints": 9}}
{"target": -7569.630768969868, "params": {"k_pid_pos": [2.0, 1.0, 0.9766038656234741], "k_pid_alt": [2.0, 0.925812304019928, 1.0], "k_pid_att": [0.0, 0.42537158727645874, 0.06690171360969543], "k_pid_yaw": [0.5, 1e-06, 0.1], "k_pid_hsp": [10.0, 0.025057882070541382, 0.09423434734344482], "k_pid_vsp": [397.2364196777344, 352.3467102050781, 374.67388916015625]}, "datetime": {"datetime": "2025-08-11 17:34:35", "elapsed": 4154.456944942474, "delta": 29.866355419158936}, "costs": {"total_cost": 7569.630768969868, "time_cost": 150, "final_distance_cost": 2244.886302296778, "oscillation_cost": 1536.7274118203557, "completition_cost": 1000.0, "overshoot_cost": 2410.6608967074235, "power_cost": 57.0012887084961, "noise_cost": 170.3548694368144, "n_waypoints_completed": 0, "tot_waypoints": 9}}
{"target": -1749.5731446580432, "params": {"k_pid_pos": [1.874036431312561, 0.9433691501617432, 1.0], "k_pid_alt": [2.0, 1.0, 1.0], "k_pid_att": [7.1136088371276855, 9.999999747378752e-05, 0.07807037234306335], "k_pid_yaw": [0.5, 1e-06, 0.1], "k_pid_hsp": [10.0, 0.0, 0.006550103425979614], "k_pid_vsp": [383.62799072265625, 383.7626647949219, 400.0]}, "datetime": {"datetime": "2025-08-11 17:35:04", "elapsed": 4184.2329359054565, "delta": 29.775990962982178}, "costs": {"total_cost": 1749.5731446580432, "time_cost": 150, "final_distance_cost": 15.10954962915074, "oscillation_cost": 424.79861467273923, "completition_cost": 1000.0, "overshoot_cost": 101.7125583186076, "power_cost": 30.57275925292969, "noise_cost": 27.379662784616126, "n_waypoints_completed": 0, "tot_waypoints": 9}}
{"target": -2432.2381500378924, "params": {"k_pid_pos": [2.0, 0.9880673885345459, 1.0], "k_pid_alt": [1.9366378784179688, 0.9766707420349121, 1.0], "k_pid_att": [0.0, 9.999999747378752e-05, 0.10365816950798035], "k_pid_yaw": [0.5, 1e-06, 0.1], "k_pid_hsp": [9.517581939697266, 0.0, 0.0], "k_pid_vsp": [376.33709716796875, 400.0, 393.28802490234375]}, "datetime": {"datetime": "2025-08-11 17:35:34", "elapsed": 4213.681129217148, "delta": 29.448193311691284}, "costs": {"total_cost": 2432.2381500378924, "time_cost": 150, "final_distance_cost": 542.7063760338199, "oscillation_cost": 3.2436697383007367, "completition_cost": 1000.0, "overshoot_cost": 593.2592503845611, "power_cost": 29.20430654296875, "noise_cost": 113.82454733824176, "n_waypoints_completed": 0, "tot_waypoints": 9}}
{"target": -1763.3104486261575, "params": {"k_pid_pos": [1.9234254360198975, 0.9707192182540894, 1.0], "k_pid_alt": [2.0, 1.0, 0.9651246070861816], "k_pid_att": [2.9275150299072266, 0.2827093005180359, 0.04487290978431702], "k_pid_yaw": [0.5, 1e-06, 0.1], "k_pid_hsp": [10.0, 0.0, 0.01496782898902893], "k_pid_vsp": [400.0, 400.0, 400.0]}, "datetime": {"datetime": "2025-08-11 17:36:04", "elapsed": 4243.65919137001, "delta": 29.97806215286255}, "costs": {"total_cost": 1763.3104486261575, "time_cost": 150, "final_distance_cost": 0.9992318718549763, "oscillation_cost": 333.07818529839534, "completition_cost": 1000.0, "overshoot_cost": 157.39846497317396, "power_cost": 29.66945206298828, "noise_cost": 92.16511441974481, "n_waypoints_completed": 0, "tot_waypoints": 9}}
{"target": -780.348587551403, "params": {"k_pid_pos": [1.961827039718628, 0.8704659938812256, 1.0], "k_pid_alt": [2.0, 0.9990077018737793, 0.9716423749923706], "k_pid_att": [0.7525771856307983, 0.44285017251968384, 0.0], "k_pid_yaw": [0.5, 1e-06, 0.1], "k_pid_hsp": [10.0, 0.05982360243797302, 0.0], "k_pid_vsp": [400.0, 388.06500244140625, 375.37451171875]}, "datetime": {"datetime": "2025-08-11 17:36:34", "elapsed": 4273.465682029724, "delta": 29.806490659713745}, "costs": {"total_cost": 780.348587551403, "time_cost": 150, "final_distance_cost": 65.64312424890338, "oscillation_cost": 217.51124935553614, "completition_cost": 222.2222222222222, "overshoot_cost": 58.508636910409315, "power_cost": 36.187355078125, "noise_cost": 30.275999736206924, "n_waypoints_completed": 7, "tot_waypoints": 9}}
{"target": -1042.6838397418276, "params": {"k_pid_pos": [2.0, 1.0, 1.0], "k_pid_alt": [2.0, 1.0, 0.9793421030044556], "k_pid_att": [0.7506012916564941, 9.999999747378752e-05, 0.0], "k_pid_yaw": [0.5, 1e-06, 0.1], "k_pid_hsp": [10.0, 0.05855560302734375, 0.0002047121524810791], "k_pid_vsp": [393.2471618652344, 398.2378845214844, 400.0]}, "datetime": {"datetime": "2025-08-11 17:37:03", "elapsed": 4303.0472321510315, "delta": 29.581550121307373}, "costs": {"total_cost": 1042.6838397418276, "time_cost": 150, "final_distance_cost": 45.611396975546924, "oscillation_cost": 161.3607435168795, "completition_cost": 555.5555555555555, "overshoot_cost": 66.35658434216664, "power_cost": 33.56189755859375, "noise_cost": 30.23766179308515, "n_waypoints_completed": 4, "tot_waypoints": 9}}
{"target": -1396.6038340031967, "params": {"k_pid_pos": [2.0, 1.0, 1.0], "k_pid_alt": [2.0, 0.991363525390625, 1.0], "k_pid_att": [2.997037887573242, 9.999999747378752e-05, 0.0], "k_pid_yaw": [0.5, 1e-06, 0.1], "k_pid_hsp": [9.942756652832031, 0.03344067931175232, 0.015338748693466187], "k_pid_vsp": [400.0, 381.9310607910156, 400.0]}, "datetime": {"datetime": "2025-08-11 17:37:32", "elapsed": 4332.361761331558, "delta": 29.314529180526733}, "costs": {"total_cost": 1396.6038340031967, "time_cost": 150, "final_distance_cost": 60.6189961955302, "oscillation_cost": 384.09947580646576, "completition_cost": 666.6666666666667, "overshoot_cost": 76.32465666597969, "power_cost": 31.833169897460937, "noise_cost": 27.060868771093304, "n_waypoints_completed": 3, "tot_waypoints": 9}}
{"target": -3958.2589072209116, "params": {"k_pid_pos": [2.0, 1.0, 1.0], "k_pid_alt": [1.9752929210662842, 0.9903254508972168, 1.0], "k_pid_att": [0.0, 0.5707211494445801, 0.05812159180641174], "k_pid_yaw": [0.5, 1e-06, 0.1], "k_pid_hsp": [8.781217575073242, 0.009085685014724731, 0.0], "k_pid_vsp": [400.0, 399.7569885253906, 400.0]}, "datetime": {"datetime": "2025-08-11 17:38:04", "elapsed": 4363.4256908893585, "delta": 31.063929557800293}, "costs": {"total_cost": 3958.2589072209116, "time_cost": 150, "final_distance_cost": 210.83245541159013, "oscillation_cost": 1760.0178113346246, "completition_cost": 1000.0, "overshoot_cost": 609.3539454703255, "power_cost": 56.90620852050782, "noise_cost": 171.1484864838637, "n_waypoints_completed": 0, "tot_waypoints": 9}}
{"target": -8158.101913710479, "params": {"k_pid_pos": [2.0, 1.0, 1.0], "k_pid_alt": [1.9823455810546875, 1.0, 1.0], "k_pid_att": [0.0, 9.999999747378752e-05, 0.0], "k_pid_yaw": [0.5, 1e-06, 0.1], "k_pid_hsp": [9.828192710876465, 0.08053445816040039, 0.0], "k_pid_vsp": [400.0, 394.75531005859375, 400.0]}, "datetime": {"datetime": "2025-08-11 17:38:33", "elapsed": 4393.295617341995, "delta": 29.86992645263672}, "costs": {"total_cost": 8158.101913710479, "time_cost": 150, "final_distance_cost": 829.1583524658523, "oscillation_cost": 14.69127911189586, "completition_cost": 1000.0, "overshoot_cost": 6026.330201175068, "power_cost": 44.03983594970703, "noise_cost": 93.88224500795499, "n_waypoints_completed": 0, "tot_waypoints": 9}}
{"target": -1117.2260954018716, "params": {"k_pid_pos": [2.0, 1.0, 0.9606901407241821], "k_pid_alt": [1.7815709114074707, 1.0, 0.9832906723022461], "k_pid_att": [5.946627140045166, 0.8864980340003967, 0.0], "k_pid_yaw": [0.5, 1e-06, 0.1], "k_pid_hsp": [10.0, 0.02625143527984619, 0.02838718891143799], "k_pid_vsp": [394.584716796875, 400.0, 400.0]}, "datetime": {"datetime": "2025-08-11 17:39:03", "elapsed": 4423.235718727112, "delta": 29.940101385116577}, "costs": {"total_cost": 1117.2260954018716, "time_cost": 150, "final_distance_cost": 64.628973749624, "oscillation_cost": 439.43209894580957, "completition_cost": 333.33333333333337, "overshoot_cost": 66.94624265330916, "power_cost": 32.85463542480469, "noise_cost": 30.030811294990826, "n_waypoints_completed": 6, "tot_waypoints": 9}}
{"target": -5146.756217243422, "params": {"k_pid_pos": [1.8802099227905273, 1.0, 0.9233060479164124], "k_pid_alt": [2.0, 1.0, 1.0], "k_pid_att": [0.0, 0.1459752470254898, 0.03066214919090271], "k_pid_yaw": [0.5, 1e-06, 0.1], "k_pid_hsp": [10.0, 0.012605100870132446, 0.05091044306755066], "k_pid_vsp": [400.0, 383.2887268066406, 400.0]}, "datetime": {"datetime": "2025-08-11 17:39:33", "elapsed": 4452.51647400856, "delta": 29.280755281448364}, "costs": {"total_cost": 5146.756217243422, "time_cost": 150, "final_distance_cost": 1128.8201059190926, "oscillation_cost": 890.4476925107111, "completition_cost": 1000.0, "overshoot_cost": 1751.753790833316, "power_cost": 57.694623144531256, "noise_cost": 168.04000483577087, "n_waypoints_completed": 0, "tot_waypoints": 9}}
{"target": -13890.95516351722, "params": {"k_pid_pos": [1.8616291284561157, 0.9606666564941406, 0.9500181078910828], "k_pid_alt": [1.9137275218963623, 1.0, 1.0], "k_pid_att": [0.0, 0.8655833005905151, 0.00047397613525390625], "k_pid_yaw": [0.5, 1e-06, 0.1], "k_pid_hsp": [9.410215377807617, 0.09395596385002136, 0.0], "k_pid_vsp": [396.2077331542969, 400.0, 378.8379211425781]}, "datetime": {"datetime": "2025-08-11 17:40:02", "elapsed": 4482.108689546585, "delta": 29.592215538024902}, "costs": {"total_cost": 13890.95516351722, "time_cost": 150, "final_distance_cost": 4515.571684916584, "oscillation_cost": 2364.893063163291, "completition_cost": 1000.0, "overshoot_cost": 5628.017079943649, "power_cost": 57.04801669921875, "noise_cost": 175.42531879447847, "n_waypoints_completed": 0, "tot_waypoints": 9}}
