{"target": -1740.1775470134396, "params": {"k_pid_pos": [2.0, 1.0, 0.9583171606063843], "k_pid_alt": [1.9159772396087646, 0.997894287109375, 0.9550538063049316], "k_pid_att": [1.8910109996795654, 9.999999747378752e-05, 0.034322500228881836], "k_pid_yaw": [0.5, 1e-06, 0.1], "k_pid_hsp": [10.0, 0.0, 0.0], "k_pid_vsp": [383.7792053222656, 395.85003662109375, 400.0]}, "datetime": {"datetime": "2025-08-12 09:06:44", "elapsed": 60083.50566291809, "delta": 28.68995451927185}, "costs": {"total_cost": 1740.1775470134396, "time_cost": 150, "final_distance_cost": 1.0003418744572434, "oscillation_cost": 298.3873467774037, "completition_cost": 1000.0, "overshoot_cost": 159.31157193948508, "power_cost": 29.556876513671877, "noise_cost": 101.92140990842172, "n_waypoints_completed": 0, "tot_waypoints": 9}}
{"target": -1767.6770605518536, "params": {"k_pid_pos": [2.0, 1.0, 0.993640661239624], "k_pid_alt": [2.0, 0.9748260974884033, 0.9960240125656128], "k_pid_att": [3.260016441345215, 1.1072911024093628, 0.05689728260040283], "k_pid_yaw": [0.5, 1e-06, 0.1], "k_pid_hsp": [10.0, 0.004216432571411133, 0.0], "k_pid_vsp": [400.0, 396.5572814941406, 382.1755676269531]}, "datetime": {"datetime": "2025-08-12 09:07:11", "elapsed": 60111.104626894, "delta": 27.598963975906372}, "costs": {"total_cost": 1767.6770605518536, "time_cost": 150, "final_distance_cost": 0.9993342153688575, "oscillation_cost": 337.3449227058294, "completition_cost": 1000.0, "overshoot_cost": 156.2969985417667, "power_cost": 29.765330883789066, "noise_cost": 93.2704742050994, "n_waypoints_completed": 0, "tot_waypoints": 9}}
{"target": -7477.8373443283235, "params": {"k_pid_pos": [2.0, 0.9013106822967529, 0.9802232384681702], "k_pid_alt": [2.0, 1.0, 0.9524995684623718], "k_pid_att": [0.0, 9.999999747378752e-05, 0.01843401789665222], "k_pid_yaw": [0.5, 1e-06, 0.1], "k_pid_hsp": [9.589883804321289, 0.08738216757774353, 0.012904047966003418], "k_pid_vsp": [400.0, 400.0, 395.4750061035156]}, "datetime": {"datetime": "2025-08-12 09:07:40", "elapsed": 60140.30317211151, "delta": 29.198545217514038}, "costs": {"total_cost": 7477.8373443283235, "time_cost": 150, "final_distance_cost": 2424.6910384963944, "oscillation_cost": 7.727462614347354, "completition_cost": 1000.0, "overshoot_cost": 3801.168070790991, "power_cost": 34.9336674194336, "noise_cost": 59.31710500715695, "n_waypoints_completed": 0, "tot_waypoints": 9}}
{"target": -8080.9276491080645, "params": {"k_pid_pos": [2.0, 0.9519739151000977, 1.0], "k_pid_alt": [1.7921600341796875, 0.9514402151107788, 0.9779753088951111], "k_pid_att": [0.0, 9.999999747378752e-05, 0.0], "k_pid_yaw": [0.5, 1e-06, 0.1], "k_pid_hsp": [9.931386947631836, 0.0, 0.014040917158126831], "k_pid_vsp": [400.0, 373.7703857421875, 355.82666015625]}, "datetime": {"datetime": "2025-08-12 09:08:11", "elapsed": 60171.008992910385, "delta": 30.7058207988739}, "costs": {"total_cost": 8080.9276491080645, "time_cost": 150, "final_distance_cost": 1132.494112858321, "oscillation_cost": 15.173302961197459, "completition_cost": 1000.0, "overshoot_cost": 5659.185914135487, "power_cost": 45.291179614257814, "noise_cost": 78.78313953880136, "n_waypoints_completed": 0, "tot_waypoints": 9}}
{"target": -1843.5733372948296, "params": {"k_pid_pos": [1.9561063051223755, 0.9842790365219116, 1.0], "k_pid_alt": [2.0, 1.0, 1.0], "k_pid_att": [7.7077836990356445, 9.999999747378752e-05, 0.017415672540664673], "k_pid_yaw": [0.5, 1e-06, 0.1], "k_pid_hsp": [9.328949928283691, 0.006627082824707031, 0.0], "k_pid_vsp": [382.836669921875, 385.9136047363281, 368.8240661621094]}, "datetime": {"datetime": "2025-08-12 09:08:43", "elapsed": 60202.91024160385, "delta": 31.901248693466187}, "costs": {"total_cost": 1843.5733372948296, "time_cost": 150, "final_distance_cost": 43.238382008844994, "oscillation_cost": 529.1104052473517, "completition_cost": 1000.0, "overshoot_cost": 60.968068121215694, "power_cost": 31.839391442871094, "noise_cost": 28.41709047454604, "n_waypoints_completed": 0, "tot_waypoints": 9}}
{"target": -1371.150048691579, "params": {"k_pid_pos": [1.829111099243164, 0.9705573320388794, 0.9692658185958862], "k_pid_alt": [2.0, 1.0, 0.948107898235321], "k_pid_att": [0.29144287109375, 9.999999747378752e-05, 0.052902936935424805], "k_pid_yaw": [0.5, 1e-06, 0.1], "k_pid_hsp": [9.412626266479492, 0.0, 0.0], "k_pid_vsp": [355.56005859375, 400.0, 400.0]}, "datetime": {"datetime": "2025-08-12 09:09:12", "elapsed": 60231.47168111801, "delta": 28.561439514160156}, "costs": {"total_cost": 1371.150048691579, "time_cost": 150, "final_distance_cost": 43.61380270904905, "oscillation_cost": 35.380043445524414, "completition_cost": 1000.0, "overshoot_cost": 80.51767964118477, "power_cost": 31.90128388671875, "noise_cost": 29.73723900910203, "n_waypoints_completed": 0, "tot_waypoints": 9}}
{"target": -4185.930120969843, "params": {"k_pid_pos": [1.7784024477005005, 0.9537459015846252, 1.0], "k_pid_alt": [1.9046885967254639, 1.0, 0.9814932346343994], "k_pid_att": [0.0, 0.209157332777977, 0.0], "k_pid_yaw": [0.5, 1e-06, 0.1], "k_pid_hsp": [8.896830558776855, 0.0, 0.0], "k_pid_vsp": [400.0, 381.01593017578125, 368.733154296875]}, "datetime": {"datetime": "2025-08-12 09:09:42", "elapsed": 60262.2097659111, "delta": 30.73808479309082}, "costs": {"total_cost": 4185.930120969843, "time_cost": 150, "final_distance_cost": 474.5835003367628, "oscillation_cost": 1105.8702417476597, "completition_cost": 1000.0, "overshoot_cost": 1227.936383617958, "power_cost": 57.8751375, "noise_cost": 169.66485776746228, "n_waypoints_completed": 0, "tot_waypoints": 9}}
{"target": -1693.520496330213, "params": {"k_pid_pos": [1.9851593971252441, 1.0, 1.0], "k_pid_alt": [1.8970160484313965, 0.980536937713623, 0.9986439943313599], "k_pid_att": [4.6933979988098145, 9.999999747378752e-05, 0.010415315628051758], "k_pid_yaw": [0.5, 1e-06, 0.1], "k_pid_hsp": [9.388605117797852, 0.0, 0.0], "k_pid_vsp": [383.7140197753906, 397.375732421875, 399.7496643066406]}, "datetime": {"datetime": "2025-08-12 09:10:13", "elapsed": 60292.608214616776, "delta": 30.398448705673218}, "costs": {"total_cost": 1693.520496330213, "time_cost": 150, "final_distance_cost": 67.16019508656626, "oscillation_cost": 462.0232370022762, "completition_cost": 888.8888888888888, "overshoot_cost": 67.02271475352526, "power_cost": 31.05762978515625, "noise_cost": 27.367830813800598, "n_waypoints_completed": 1, "tot_waypoints": 9}}
{"target": -8131.48094396225, "params": {"k_pid_pos": [1.8888883590698242, 0.9382322430610657, 0.9535143375396729], "k_pid_alt": [1.9293519258499146, 1.0, 0.9842921495437622], "k_pid_att": [0.0, 9.999999747378752e-05, 0.011103302240371704], "k_pid_yaw": [0.5, 1e-06, 0.1], "k_pid_hsp": [10.0, 0.004198610782623291, 0.015311747789382935], "k_pid_vsp": [387.0705261230469, 377.4526062011719, 400.0]}, "datetime": {"datetime": "2025-08-12 09:10:45", "elapsed": 60324.45545578003, "delta": 31.847241163253784}, "costs": {"total_cost": 8131.48094396225, "time_cost": 150, "final_distance_cost": 2389.004681139013, "oscillation_cost": 8.799440421791948, "completition_cost": 1000.0, "overshoot_cost": 4467.712709569065, "power_cost": 37.84177536621094, "noise_cost": 78.12233746617017, "n_waypoints_completed": 0, "tot_waypoints": 9}}
{"target": -4700.268743177261, "params": {"k_pid_pos": [1.9834192991256714, 1.0, 0.9881815314292908], "k_pid_alt": [2.0, 0.9823600053787231, 1.0], "k_pid_att": [0.0, 0.4520387351512909, 0.035199105739593506], "k_pid_yaw": [0.5, 1e-06, 0.1], "k_pid_hsp": [10.0, 0.0, 0.06637033820152283], "k_pid_vsp": [400.0, 400.0, 400.0]}, "datetime": {"datetime": "2025-08-12 09:11:15", "elapsed": 60354.71842169762, "delta": 30.26296591758728}, "costs": {"total_cost": 4700.268743177261, "time_cost": 150, "final_distance_cost": 412.916629929666, "oscillation_cost": 1561.987328242533, "completition_cost": 1000.0, "overshoot_cost": 1348.3545551752936, "power_cost": 56.71751060791016, "noise_cost": 170.29271922185796, "n_waypoints_completed": 0, "tot_waypoints": 9}}
{"target": -8033.985920170206, "params": {"k_pid_pos": [1.9902350902557373, 1.0, 1.0], "k_pid_alt": [1.93967866897583, 0.9845502376556396, 0.9830780625343323], "k_pid_att": [0.0, 9.999999747378752e-05, 0.0], "k_pid_yaw": [0.5, 1e-06, 0.1], "k_pid_hsp": [9.880474090576172, 0.0, 0.0], "k_pid_vsp": [396.1678161621094, 400.0, 366.6910705566406]}, "datetime": {"datetime": "2025-08-12 09:11:46", "elapsed": 60385.58385539055, "delta": 30.86543369293213}, "costs": {"total_cost": 8033.985920170206, "time_cost": 150, "final_distance_cost": 1135.5801046144213, "oscillation_cost": 15.132611315772968, "completition_cost": 1000.0, "overshoot_cost": 5614.676115040329, "power_cost": 44.17713172607422, "noise_cost": 74.41995747360795, "n_waypoints_completed": 0, "tot_waypoints": 9}}
{"target": -1691.0773818522669, "params": {"k_pid_pos": [1.9530212879180908, 1.0, 1.0], "k_pid_alt": [1.917409896850586, 0.9534998536109924, 1.0], "k_pid_att": [4.1085004806518555, 9.999999747378752e-05, 0.017240047454833984], "k_pid_yaw": [0.5, 1e-06, 0.1], "k_pid_hsp": [10.0, 0.0, 0.0], "k_pid_vsp": [400.0, 400.0, 399.3092956542969]}, "datetime": {"datetime": "2025-08-12 09:12:16", "elapsed": 60416.150151729584, "delta": 30.566296339035034}, "costs": {"total_cost": 1691.0773818522669, "time_cost": 150, "final_distance_cost": 72.04183546372924, "oscillation_cost": 446.0138584681692, "completition_cost": 888.8888888888888, "overshoot_cost": 75.5892519400894, "power_cost": 31.180985559082032, "noise_cost": 27.362561532308376, "n_waypoints_completed": 1, "tot_waypoints": 9}}
{"target": -5196.890073342194, "params": {"k_pid_pos": [1.868818998336792, 1.0, 1.0], "k_pid_alt": [2.0, 1.0, 0.965140163898468], "k_pid_att": [0.0, 9.999999747378752e-05, 0.028787940740585327], "k_pid_yaw": [0.5, 1e-06, 0.1], "k_pid_hsp": [10.0, 0.0, 0.0], "k_pid_vsp": [400.0, 385.884521484375, 400.0]}, "datetime": {"datetime": "2025-08-12 09:12:44", "elapsed": 60443.573491573334, "delta": 27.42333984375}, "costs": {"total_cost": 5196.890073342194, "time_cost": 150, "final_distance_cost": 1188.7224909214276, "oscillation_cost": 5.915760950550181, "completition_cost": 1000.0, "overshoot_cost": 2740.349648817579, "power_cost": 31.09605816650391, "noise_cost": 80.8061144861328, "n_waypoints_completed": 0, "tot_waypoints": 9}}
{"target": -1655.6506355273782, "params": {"k_pid_pos": [1.9369146823883057, 1.0, 0.959648847579956], "k_pid_alt": [1.970867395401001, 1.0, 1.0], "k_pid_att": [1.093938946723938, 9.999999747378752e-05, 0.023846149444580078], "k_pid_yaw": [0.5, 1e-06, 0.1], "k_pid_hsp": [9.90056324005127, 0.0, 0.038886457681655884], "k_pid_vsp": [358.9242248535156, 384.03497314453125, 400.0]}, "datetime": {"datetime": "2025-08-12 09:13:15", "elapsed": 60474.836379528046, "delta": 31.262887954711914}, "costs": {"total_cost": 1655.6506355273782, "time_cost": 150, "final_distance_cost": 1.000773928849326, "oscillation_cost": 239.8961386457947, "completition_cost": 1000.0, "overshoot_cost": 150.96246278295038, "power_cost": 29.975927087402344, "noise_cost": 83.81533308238149, "n_waypoints_completed": 0, "tot_waypoints": 9}}
{"target": -3925.3513202456643, "params": {"k_pid_pos": [1.9766273498535156, 0.9471107125282288, 0.999086320400238], "k_pid_alt": [2.0, 0.9409191012382507, 1.0], "k_pid_att": [0.0, 9.999999747378752e-05, 0.04455116391181946], "k_pid_yaw": [0.5, 1e-06, 0.1], "k_pid_hsp": [9.528754234313965, 0.0, 0.0], "k_pid_vsp": [392.23150634765625, 400.0, 400.0]}, "datetime": {"datetime": "2025-08-12 09:13:45", "elapsed": 60505.15686225891, "delta": 30.32048273086548}, "costs": {"total_cost": 3925.3513202456643, "time_cost": 150, "final_distance_cost": 945.8847652166718, "oscillation_cost": 4.4980840152899955, "completition_cost": 1000.0, "overshoot_cost": 1711.9116643286957, "power_cost": 29.916928039550783, "noise_cost": 83.13987864545588, "n_waypoints_completed": 0, "tot_waypoints": 9}}
{"target": -20381.504156555882, "params": {"k_pid_pos": [2.0, 1.0, 1.0], "k_pid_alt": [2.0, 0.9916742444038391, 0.9527196884155273], "k_pid_att": [0.0, 0.8687810301780701, 0.0], "k_pid_yaw": [0.5, 1e-06, 0.1], "k_pid_hsp": [9.208709716796875, 0.010569095611572266, 0.0], "k_pid_vsp": [383.97821044921875, 400.0, 400.0]}, "datetime": {"datetime": "2025-08-12 09:14:16", "elapsed": 60535.66009736061, "delta": 30.50323510169983}, "costs": {"total_cost": 20381.504156555882, "time_cost": 150, "final_distance_cost": 6387.46584810644, "oscillation_cost": 2333.899649414455, "completition_cost": 1000.0, "overshoot_cost": 10276.372153035281, "power_cost": 57.31614763183594, "noise_cost": 176.45035836786923, "n_waypoints_completed": 0, "tot_waypoints": 9}}
{"target": -5183.162760104532, "params": {"k_pid_pos": [2.0, 0.9931517839431763, 0.9726520776748657], "k_pid_alt": [1.9558031558990479, 0.9776108264923096, 1.0], "k_pid_att": [0.0, 0.7689600586891174, 0.0], "k_pid_yaw": [0.5, 1e-06, 0.1], "k_pid_hsp": [9.232222557067871, 0.0, 0.10971510410308838], "k_pid_vsp": [394.16278076171875, 400.0, 400.0]}, "datetime": {"datetime": "2025-08-12 09:14:45", "elapsed": 60564.41039419174, "delta": 28.75029683113098}, "costs": {"total_cost": 5183.162760104532, "time_cost": 150, "final_distance_cost": 429.91106194603424, "oscillation_cost": 2086.012949110486, "completition_cost": 1000.0, "overshoot_cost": 1284.3108216167072, "power_cost": 57.67790306396485, "noise_cost": 175.25002436734056, "n_waypoints_completed": 0, "tot_waypoints": 9}}
{"target": -14153.459876627616, "params": {"k_pid_pos": [1.8482285737991333, 1.0, 1.0], "k_pid_alt": [1.9697608947753906, 1.0, 1.0], "k_pid_att": [0.0, 0.44897061586380005, 0.0022871196269989014], "k_pid_yaw": [0.5, 1e-06, 0.1], "k_pid_hsp": [9.211492538452148, 0.005148530006408691, 0.05147582292556763], "k_pid_vsp": [396.60223388671875, 400.0, 400.0]}, "datetime": {"datetime": "2025-08-12 09:15:13", "elapsed": 60592.956010103226, "delta": 28.545615911483765}, "costs": {"total_cost": 14153.459876627616, "time_cost": 150, "final_distance_cost": 4919.9694590709505, "oscillation_cost": 1855.117270906101, "completition_cost": 1000.0, "overshoot_cost": 5996.007648683347, "power_cost": 57.731646423339846, "noise_cost": 174.6338515438785, "n_waypoints_completed": 0, "tot_waypoints": 9}}
{"target": -4229.250938914389, "params": {"k_pid_pos": [2.0, 0.9284991025924683, 1.0], "k_pid_alt": [1.9950759410858154, 1.0, 1.0], "k_pid_att": [0.0, 9.999999747378752e-05, 0.03195089101791382], "k_pid_yaw": [0.5, 1e-06, 0.1], "k_pid_hsp": [10.0, 0.038708657026290894, 0.04674339294433594], "k_pid_vsp": [387.6064453125, 356.6498718261719, 400.0]}, "datetime": {"datetime": "2025-08-12 09:15:47", "elapsed": 60627.23654270172, "delta": 34.28053259849548}, "costs": {"total_cost": 4229.250938914389, "time_cost": 150, "final_distance_cost": 1069.7011798041601, "oscillation_cost": 4.955660697356858, "completition_cost": 1000.0, "overshoot_cost": 1889.412979810395, "power_cost": 30.22467664794922, "noise_cost": 84.95644195452795, "n_waypoints_completed": 0, "tot_waypoints": 9}}
{"target": -6785.1486905977235, "params": {"k_pid_pos": [2.0, 0.947889506816864, 0.9140862226486206], "k_pid_alt": [2.0, 1.0, 0.9656089544296265], "k_pid_att": [0.0, 0.16412527859210968, 0.0072692930698394775], "k_pid_yaw": [0.5, 1e-06, 0.1], "k_pid_hsp": [10.0, 0.0, 0.0], "k_pid_vsp": [400.0, 383.3867492675781, 400.0]}, "datetime": {"datetime": "2025-08-12 09:16:18", "elapsed": 60657.76486349106, "delta": 30.528320789337158}, "costs": {"total_cost": 6785.1486905977235, "time_cost": 150, "final_distance_cost": 1546.8121164783809, "oscillation_cost": 1017.107236365891, "completition_cost": 1000.0, "overshoot_cost": 2843.250366999711, "power_cost": 58.10437955322266, "noise_cost": 169.874591200518, "n_waypoints_completed": 0, "tot_waypoints": 9}}
{"target": -4219.08964928887, "params": {"k_pid_pos": [2.0, 1.0, 0.951295018196106], "k_pid_alt": [2.0, 0.9220747947692871, 1.0], "k_pid_att": [0.0, 0.4550779461860657, 0.07680389285087585], "k_pid_yaw": [0.5, 1e-06, 0.1], "k_pid_hsp": [9.181217193603516, 0.06540611386299133, 0.051066428422927856], "k_pid_vsp": [399.57891845703125, 400.0, 400.0]}, "datetime": {"datetime": "2025-08-12 09:16:46", "elapsed": 60686.30463576317, "delta": 28.539772272109985}, "costs": {"total_cost": 4219.08964928887, "time_cost": 150, "final_distance_cost": 412.31424176223953, "oscillation_cost": 1259.9316422345437, "completition_cost": 1000.0, "overshoot_cost": 1170.2993178022705, "power_cost": 56.96016430664063, "noise_cost": 169.58428318317505, "n_waypoints_completed": 0, "tot_waypoints": 9}}
{"target": -8148.187895786655, "params": {"k_pid_pos": [1.8964451551437378, 1.0, 1.0], "k_pid_alt": [2.0, 0.922378420829773, 1.0], "k_pid_att": [0.0, 9.999999747378752e-05, 0.0], "k_pid_yaw": [0.5, 1e-06, 0.1], "k_pid_hsp": [10.0, 0.0, 0.0], "k_pid_vsp": [400.0, 398.86785888671875, 399.978271484375]}, "datetime": {"datetime": "2025-08-12 09:17:15", "elapsed": 60714.57865309715, "delta": 28.274017333984375}, "costs": {"total_cost": 8148.187895786655, "time_cost": 150, "final_distance_cost": 954.7435844599368, "oscillation_cost": 14.792374062904127, "completition_cost": 1000.0, "overshoot_cost": 5892.21866842693, "power_cost": 44.3076814819336, "noise_cost": 92.1255873549505, "n_waypoints_completed": 0, "tot_waypoints": 9}}
{"target": -1354.460339714215, "params": {"k_pid_pos": [1.8796396255493164, 0.9072748422622681, 1.0], "k_pid_alt": [1.9762715101242065, 0.9608421921730042, 1.0], "k_pid_att": [2.6525676250457764, 9.999999747378752e-05, 0.006640493869781494], "k_pid_yaw": [0.5, 1e-06, 0.1], "k_pid_hsp": [9.753576278686523, 0.05734509229660034, 0.0], "k_pid_vsp": [399.6188049316406, 379.3338623046875, 371.0318603515625]}, "datetime": {"datetime": "2025-08-12 09:17:43", "elapsed": 60742.65607047081, "delta": 28.077417373657227}, "costs": {"total_cost": 1354.460339714215, "time_cost": 150, "final_distance_cost": 52.39974279741258, "oscillation_cost": 354.25063439842677, "completition_cost": 666.6666666666667, "overshoot_cost": 70.53762566944754, "power_cost": 31.971461853027346, "noise_cost": 28.634208329233886, "n_waypoints_completed": 3, "tot_waypoints": 9}}
{"target": -1940.060400392243, "params": {"k_pid_pos": [1.9998526573181152, 0.9769105911254883, 1.0], "k_pid_alt": [2.0, 0.96568763256073, 1.0], "k_pid_att": [0.0, 9.999999747378752e-05, 0.1517554521560669], "k_pid_yaw": [0.5, 1e-06, 0.1], "k_pid_hsp": [9.648842811584473, 0.0, 0.06674149632453918], "k_pid_vsp": [387.0837097167969, 400.0, 400.0]}, "datetime": {"datetime": "2025-08-12 09:18:14", "elapsed": 60773.51722860336, "delta": 30.8611581325531}, "costs": {"total_cost": 1940.060400392243, "time_cost": 150, "final_distance_cost": 20.735367838148797, "oscillation_cost": 2.4946660878670746, "completition_cost": 1000.0, "overshoot_cost": 623.6359451744448, "power_cost": 29.282735034179687, "noise_cost": 113.91168625760264, "n_waypoints_completed": 0, "tot_waypoints": 9}}
{"target": -1408.5856794679555, "params": {"k_pid_pos": [2.0, 1.0, 1.0], "k_pid_alt": [2.0, 0.8692202568054199, 1.0], "k_pid_att": [3.7082791328430176, 9.999999747378752e-05, 0.0], "k_pid_yaw": [0.5, 1e-06, 0.1], "k_pid_hsp": [9.46019458770752, 0.0, 0.043910980224609375], "k_pid_vsp": [398.68951416015625, 383.0878601074219, 400.0]}, "datetime": {"datetime": "2025-08-12 09:18:43", "elapsed": 60802.91152501106, "delta": 29.394296407699585}, "costs": {"total_cost": 1408.5856794679555, "time_cost": 150, "final_distance_cost": 52.64994689243484, "oscillation_cost": 407.58972257712645, "completition_cost": 666.6666666666667, "overshoot_cost": 68.63053197941615, "power_cost": 32.503781201171876, "noise_cost": 30.54503015113938, "n_waypoints_completed": 3, "tot_waypoints": 9}}
{"target": -1252.311020745812, "params": {"k_pid_pos": [2.0, 1.0, 1.0], "k_pid_alt": [2.0, 1.0, 0.9832302331924438], "k_pid_att": [2.7256011962890625, 0.24391989409923553, 0.0], "k_pid_yaw": [0.5, 1e-06, 0.1], "k_pid_hsp": [9.927117347717285, 0.01673319935798645, 0.0], "k_pid_vsp": [400.0, 398.3746032714844, 400.0]}, "datetime": {"datetime": "2025-08-12 09:19:14", "elapsed": 60833.396245241165, "delta": 30.48472023010254}, "costs": {"total_cost": 1252.311020745812, "time_cost": 150, "final_distance_cost": 45.73441789211646, "oscillation_cost": 366.81854084247675, "completition_cost": 555.5555555555555, "overshoot_cost": 74.86914195609182, "power_cost": 32.187286621093754, "noise_cost": 27.146077878477357, "n_waypoints_completed": 4, "tot_waypoints": 9}}
{"target": -1586.469168145453, "params": {"k_pid_pos": [1.9208425283432007, 1.0, 1.0], "k_pid_alt": [2.0, 1.0, 0.9582771062850952], "k_pid_att": [4.9993486404418945, 9.999999747378752e-05, 0.03793269395828247], "k_pid_yaw": [0.5, 1e-06, 0.1], "k_pid_hsp": [9.27159595489502, 0.0, 0.02888980507850647], "k_pid_vsp": [371.220458984375, 391.0712585449219, 388.0862121582031]}, "datetime": {"datetime": "2025-08-12 09:19:42", "elapsed": 60862.35611200333, "delta": 28.959866762161255}, "costs": {"total_cost": 1586.469168145453, "time_cost": 150, "final_distance_cost": 85.4253545282629, "oscillation_cost": 440.87020632551383, "completition_cost": 777.7777777777778, "overshoot_cost": 72.6452639125429, "power_cost": 32.00112578125, "noise_cost": 27.749439820105344, "n_waypoints_completed": 2, "tot_waypoints": 9}}
