{"target": -4302.819742172295, "params": {"k_pid_pos": [1.936541199684143, 1.0, 1.0], "k_pid_alt": [2.0, 0.937968373298645, 1.0], "k_pid_att": [0.0, 0.2915321886539459, 0.0], "k_pid_yaw": [0.5, 1e-06, 0.1], "k_pid_hsp": [10.0, 0.0, 0.07613977789878845], "k_pid_vsp": [356.2330322265625, 390.74078369140625, 336.568603515625]}, "datetime": {"datetime": "2025-08-11 22:50:46", "elapsed": 23125.65319085121, "delta": 30.642626523971558}, "costs": {"total_cost": 4302.819742172295, "time_cost": 150, "final_distance_cost": 369.75290259432273, "oscillation_cost": 1374.7363401560217, "completition_cost": 1000.0, "overshoot_cost": 1179.3221369483051, "power_cost": 57.81010836181641, "noise_cost": 171.1982541118284, "n_waypoints_completed": 0, "tot_waypoints": 9}}
{"target": -10331.849500829609, "params": {"k_pid_pos": [2.0, 0.8461545705795288, 0.9652262926101685], "k_pid_alt": [1.9741384983062744, 1.0, 0.9586912393569946], "k_pid_att": [0.0, 0.9911335706710815, 0.0], "k_pid_yaw": [0.5, 1e-06, 0.1], "k_pid_hsp": [10.0, 0.0083828866481781, 0.0], "k_pid_vsp": [400.0, 372.28692626953125, 363.6611328125]}, "datetime": {"datetime": "2025-08-11 22:51:17", "elapsed": 23157.25077843666, "delta": 31.59758758544922}, "costs": {"total_cost": 10331.849500829609, "time_cost": 150, "final_distance_cost": 3101.515686692019, "oscillation_cost": 2286.017942484323, "completition_cost": 1000.0, "overshoot_cost": 3560.6644719918486, "power_cost": 57.83273024902344, "noise_cost": 175.8186694123966, "n_waypoints_completed": 0, "tot_waypoints": 9}}
{"target": -6489.143419890355, "params": {"k_pid_pos": [1.7735446691513062, 1.0, 0.9719159603118896], "k_pid_alt": [2.0, 1.0, 1.0], "k_pid_att": [0.0, 0.09467910975217819, 0.0], "k_pid_yaw": [0.5, 1e-06, 0.1], "k_pid_hsp": [9.641397476196289, 0.0, 0.0], "k_pid_vsp": [363.2424621582031, 400.0, 400.0]}, "datetime": {"datetime": "2025-08-11 22:51:48", "elapsed": 23187.79526257515, "delta": 30.54448413848877}, "costs": {"total_cost": 6489.143419890355, "time_cost": 150, "final_distance_cost": 1768.7821507119306, "oscillation_cost": 765.1005969523857, "completition_cost": 1000.0, "overshoot_cost": 2580.19813090599, "power_cost": 57.409269531250004, "noise_cost": 167.6532717887984, "n_waypoints_completed": 0, "tot_waypoints": 9}}
{"target": -1571.7330109702527, "params": {"k_pid_pos": [2.0, 0.9529198408126831, 1.0], "k_pid_alt": [1.9997107982635498, 0.9672439694404602, 1.0], "k_pid_att": [3.3323705196380615, 9.999999747378752e-05, 0.0], "k_pid_yaw": [0.5, 1e-06, 0.1], "k_pid_hsp": [10.0, 0.04665642976760864, 0.0], "k_pid_vsp": [388.3331298828125, 400.0, 400.0]}, "datetime": {"datetime": "2025-08-11 22:52:18", "elapsed": 23218.153757095337, "delta": 30.358494520187378}, "costs": {"total_cost": 1571.7330109702527, "time_cost": 150, "final_distance_cost": 85.6278436815588, "oscillation_cost": 424.67785699875697, "completition_cost": 777.7777777777778, "overshoot_cost": 73.80440935577455, "power_cost": 32.293611267089844, "noise_cost": 27.551511889294762, "n_waypoints_completed": 2, "tot_waypoints": 9}}
{"target": -1775.4487524355848, "params": {"k_pid_pos": [1.924408197402954, 0.9483863115310669, 1.0], "k_pid_alt": [2.0, 1.0, 1.0], "k_pid_att": [3.3195972442626953, 9.999999747378752e-05, 0.0], "k_pid_yaw": [0.5, 1e-06, 0.1], "k_pid_hsp": [9.583527565002441, 0.0, 0.04339510202407837], "k_pid_vsp": [368.2401428222656, 366.1753234863281, 400.0]}, "datetime": {"datetime": "2025-08-11 22:52:50", "elapsed": 23249.474840402603, "delta": 31.321083307266235}, "costs": {"total_cost": 1775.4487524355848, "time_cost": 150, "final_distance_cost": 40.68187087891361, "oscillation_cost": 442.9671738024594, "completition_cost": 1000.0, "overshoot_cost": 82.63914116137097, "power_cost": 31.807172619628908, "noise_cost": 27.3533939732118, "n_waypoints_completed": 0, "tot_waypoints": 9}}
{"target": -1385.5864213138118, "params": {"k_pid_pos": [2.0, 1.0, 0.918604850769043], "k_pid_alt": [1.930485725402832, 1.0, 1.0], "k_pid_att": [11.775106430053711, 9.999999747378752e-05, 0.0], "k_pid_yaw": [0.5, 1e-06, 0.1], "k_pid_hsp": [10.0, 0.01254349946975708, 0.023631960153579712], "k_pid_vsp": [372.536865234375, 395.9053039550781, 397.51287841796875]}, "datetime": {"datetime": "2025-08-11 22:53:20", "elapsed": 23280.053076028824, "delta": 30.578235626220703}, "costs": {"total_cost": 1385.5864213138118, "time_cost": 150, "final_distance_cost": 46.402512716780514, "oscillation_cost": 510.7060232111142, "completition_cost": 555.5555555555555, "overshoot_cost": 61.01357510601747, "power_cost": 31.812647131347656, "noise_cost": 30.096107592996443, "n_waypoints_completed": 4, "tot_waypoints": 9}}
{"target": -4126.650420724951, "params": {"k_pid_pos": [2.0, 0.882308840751648, 0.973969042301178], "k_pid_alt": [1.8066080808639526, 1.0, 0.9836764335632324], "k_pid_att": [0.0, 0.09889907389879227, 0.03696504235267639], "k_pid_yaw": [0.5, 1e-06, 0.1], "k_pid_hsp": [10.0, 0.008729726076126099, 0.0], "k_pid_vsp": [400.0, 354.01409912109375, 400.0]}, "datetime": {"datetime": "2025-08-11 22:53:51", "elapsed": 23310.587785243988, "delta": 30.534709215164185}, "costs": {"total_cost": 4126.650420724951, "time_cost": 150, "final_distance_cost": 602.0920887087657, "oscillation_cost": 629.4572030245392, "completition_cost": 1000.0, "overshoot_cost": 1522.9433183397193, "power_cost": 57.34102830810547, "noise_cost": 164.81678234382127, "n_waypoints_completed": 0, "tot_waypoints": 9}}
{"target": -1333.8337413918487, "params": {"k_pid_pos": [1.7579747438430786, 1.0, 1.0], "k_pid_alt": [2.0, 0.978966236114502, 1.0], "k_pid_att": [5.222609519958496, 0.4558057188987732, 0.0], "k_pid_yaw": [0.5, 1e-06, 0.1], "k_pid_hsp": [10.0, 0.017856597900390625, 0.0], "k_pid_vsp": [393.14312744140625, 398.71783447265625, 400.0]}, "datetime": {"datetime": "2025-08-11 22:54:21", "elapsed": 23341.250531435013, "delta": 30.66274619102478}, "costs": {"total_cost": 1333.8337413918487, "time_cost": 150, "final_distance_cost": 42.30536135400846, "oscillation_cost": 456.3901270543981, "completition_cost": 555.5555555555555, "overshoot_cost": 68.80115272133864, "power_cost": 31.668907177734376, "noise_cost": 29.1126375288137, "n_waypoints_completed": 4, "tot_waypoints": 9}}
{"target": -8106.991235864024, "params": {"k_pid_pos": [2.0, 1.0, 0.9650366306304932], "k_pid_alt": [1.9875283241271973, 1.0, 0.9824483394622803], "k_pid_att": [0.0, 9.999999747378752e-05, 0.0], "k_pid_yaw": [0.5, 1e-06, 0.1], "k_pid_hsp": [10.0, 0.0, 0.05286377668380737], "k_pid_vsp": [389.7972106933594, 400.0, 389.3366394042969]}, "datetime": {"datetime": "2025-08-11 22:54:52", "elapsed": 23371.445296764374, "delta": 30.194765329360962}, "costs": {"total_cost": 8106.991235864024, "time_cost": 150, "final_distance_cost": 873.295167237636, "oscillation_cost": 14.865762468155268, "completition_cost": 1000.0, "overshoot_cost": 5930.694191106112, "power_cost": 45.36754672851563, "noise_cost": 92.76856832360544, "n_waypoints_completed": 0, "tot_waypoints": 9}}
{"target": -1807.6398361942402, "params": {"k_pid_pos": [1.9102745056152344, 0.9389949440956116, 0.9839595556259155], "k_pid_alt": [2.0, 0.9294623136520386, 0.9039739966392517], "k_pid_att": [3.507333993911743, 9.999999747378752e-05, 0.04447945952415466], "k_pid_yaw": [0.5, 1e-06, 0.1], "k_pid_hsp": [10.0, 0.04698103666305542, 0.006685853004455566], "k_pid_vsp": [400.0, 374.0818786621094, 400.0]}, "datetime": {"datetime": "2025-08-11 22:55:23", "elapsed": 23402.626479625702, "delta": 31.181182861328125}, "costs": {"total_cost": 1807.6398361942402, "time_cost": 150, "final_distance_cost": 0.9978117134465657, "oscillation_cost": 367.81909324185403, "completition_cost": 1000.0, "overshoot_cost": 159.25288404315774, "power_cost": 29.775858630371093, "noise_cost": 99.79418856541045, "n_waypoints_completed": 0, "tot_waypoints": 9}}
{"target": -1333.9699283269597, "params": {"k_pid_pos": [2.0, 1.0, 0.968368411064148], "k_pid_alt": [1.9598498344421387, 1.0, 1.0], "k_pid_att": [6.080418586730957, 9.999999747378752e-05, 0.0], "k_pid_yaw": [0.5, 1e-06, 0.1], "k_pid_hsp": [9.737350463867188, 0.0, 0.0], "k_pid_vsp": [400.0, 400.0, 400.0]}, "datetime": {"datetime": "2025-08-11 22:55:53", "elapsed": 23433.057365179062, "delta": 30.430885553359985}, "costs": {"total_cost": 1333.9699283269597, "time_cost": 150, "final_distance_cost": 43.60075432123468, "oscillation_cost": 454.66138483211023, "completition_cost": 555.5555555555555, "overshoot_cost": 70.00155840588407, "power_cost": 31.17499538574219, "noise_cost": 28.975679826433012, "n_waypoints_completed": 4, "tot_waypoints": 9}}
{"target": -8199.518287173129, "params": {"k_pid_pos": [1.8816184997558594, 1.0, 1.0], "k_pid_alt": [2.0, 1.0, 1.0], "k_pid_att": [0.0, 9.999999747378752e-05, 0.0], "k_pid_yaw": [0.5, 1e-06, 0.1], "k_pid_hsp": [10.0, 0.0, 0.03369051218032837], "k_pid_vsp": [388.0579528808594, 400.0, 400.0]}, "datetime": {"datetime": "2025-08-11 22:56:25", "elapsed": 23464.60871243477, "delta": 31.551347255706787}, "costs": {"total_cost": 8199.518287173129, "time_cost": 150, "final_distance_cost": 847.8382704715106, "oscillation_cost": 14.70077698345841, "completition_cost": 1000.0, "overshoot_cost": 6046.264092431336, "power_cost": 44.62507178955078, "noise_cost": 96.09007549727232, "n_waypoints_completed": 0, "tot_waypoints": 9}}
{"target": -1376.431851133522, "params": {"k_pid_pos": [2.0, 1.0, 0.9517008066177368], "k_pid_alt": [1.9639111757278442, 0.9622310400009155, 1.0], "k_pid_att": [2.5932936668395996, 0.5161595940589905, 0.0], "k_pid_yaw": [0.5, 1e-06, 0.1], "k_pid_hsp": [10.0, 0.0, 0.0026825368404388428], "k_pid_vsp": [387.58990478515625, 400.0, 400.0]}, "datetime": {"datetime": "2025-08-11 22:56:55", "elapsed": 23495.178627729416, "delta": 30.569915294647217}, "costs": {"total_cost": 1376.431851133522, "time_cost": 150, "final_distance_cost": 55.16936694316734, "oscillation_cost": 372.4726360750823, "completition_cost": 666.6666666666667, "overshoot_cost": 73.33677558598968, "power_cost": 31.769731762695315, "noise_cost": 27.01667409992075, "n_waypoints_completed": 3, "tot_waypoints": 9}}
{"target": -1682.6841750833482, "params": {"k_pid_pos": [2.0, 0.967766523361206, 0.9553974866867065], "k_pid_alt": [2.0, 0.8938694000244141, 0.9969019293785095], "k_pid_att": [2.0068435668945312, 9.999999747378752e-05, 0.0], "k_pid_yaw": [0.5, 1e-06, 0.1], "k_pid_hsp": [8.887166976928711, 0.0, 0.0], "k_pid_vsp": [389.4150390625, 400.0, 400.0]}, "datetime": {"datetime": "2025-08-11 22:57:26", "elapsed": 23526.025993585587, "delta": 30.847365856170654}, "costs": {"total_cost": 1682.6841750833482, "time_cost": 150, "final_distance_cost": 41.66168192427237, "oscillation_cost": 362.1168250198432, "completition_cost": 1000.0, "overshoot_cost": 70.30899614691677, "power_cost": 31.602299438476564, "noise_cost": 26.99437255383913, "n_waypoints_completed": 0, "tot_waypoints": 9}}
{"target": -5999.622857137568, "params": {"k_pid_pos": [2.0, 0.8862768411636353, 0.9154248237609863], "k_pid_alt": [2.0, 0.9986367225646973, 0.9473913311958313], "k_pid_att": [0.0, 0.07997211068868637, 0.044462233781814575], "k_pid_yaw": [0.5, 1e-06, 0.1], "k_pid_hsp": [10.0, 0.06087851524353027, 0.0503312349319458], "k_pid_vsp": [400.0, 374.5024108886719, 400.0]}, "datetime": {"datetime": "2025-08-11 22:57:57", "elapsed": 23557.02750492096, "delta": 31.001511335372925}, "costs": {"total_cost": 5999.622857137568, "time_cost": 150, "final_distance_cost": 1166.9525618455375, "oscillation_cost": 658.4617963049452, "completition_cost": 1000.0, "overshoot_cost": 2803.0873326420888, "power_cost": 57.1788546875, "noise_cost": 163.9423116574972, "n_waypoints_completed": 0, "tot_waypoints": 9}}
{"target": -12531.665733224263, "params": {"k_pid_pos": [2.0, 1.0, 0.9592790603637695], "k_pid_alt": [1.9125218391418457, 1.0, 0.9723628759384155], "k_pid_att": [0.0, 0.3897209167480469, 0.0], "k_pid_yaw": [0.5, 1e-06, 0.1], "k_pid_hsp": [10.0, 0.038405776023864746, 0.0], "k_pid_vsp": [400.0, 400.0, 396.2693176269531]}, "datetime": {"datetime": "2025-08-11 22:58:28", "elapsed": 23587.66743016243, "delta": 30.639925241470337}, "costs": {"total_cost": 12531.665733224263, "time_cost": 150, "final_distance_cost": 4080.821925737246, "oscillation_cost": 1729.8388635199235, "completition_cost": 1000.0, "overshoot_cost": 5341.7305787252535, "power_cost": 57.20283537597656, "noise_cost": 172.0715298658647, "n_waypoints_completed": 0, "tot_waypoints": 9}}
{"target": -898.9285287613061, "params": {"k_pid_pos": [1.9684200286865234, 0.9370113611221313, 1.0], "k_pid_alt": [1.9678854942321777, 0.9433362483978271, 1.0], "k_pid_att": [0.7766515016555786, 0.31795018911361694, 0.0], "k_pid_yaw": [0.5, 1e-06, 0.1], "k_pid_hsp": [10.0, 0.08396965265274048, 0.0], "k_pid_vsp": [400.0, 400.0, 400.0]}, "datetime": {"datetime": "2025-08-11 22:58:59", "elapsed": 23618.945172309875, "delta": 31.27774214744568}, "costs": {"total_cost": 898.9285287613061, "time_cost": 150, "final_distance_cost": 70.71531652252956, "oscillation_cost": 221.1173874547116, "completition_cost": 333.33333333333337, "overshoot_cost": 61.643554258080705, "power_cost": 34.14002486572266, "noise_cost": 27.978912326928107, "n_waypoints_completed": 6, "tot_waypoints": 9}}
{"target": -1803.4006236243456, "params": {"k_pid_pos": [2.0, 0.889193594455719, 1.0], "k_pid_alt": [2.0, 0.9506393671035767, 1.0], "k_pid_att": [3.963837146759033, 9.999999747378752e-05, 0.0], "k_pid_yaw": [0.5, 1e-06, 0.1], "k_pid_hsp": [9.31832504272461, 0.0, 0.0], "k_pid_vsp": [355.2710876464844, 398.67864990234375, 400.0]}, "datetime": {"datetime": "2025-08-11 22:59:30", "elapsed": 23649.623577833176, "delta": 30.67840552330017}, "costs": {"total_cost": 1803.4006236243456, "time_cost": 150, "final_distance_cost": 37.352096550935514, "oscillation_cost": 471.62341515450424, "completition_cost": 1000.0, "overshoot_cost": 86.04885917547854, "power_cost": 31.085201293945314, "noise_cost": 27.291051449482076, "n_waypoints_completed": 0, "tot_waypoints": 9}}
{"target": -4283.601812860728, "params": {"k_pid_pos": [2.0, 0.9335776567459106, 0.9716485142707825], "k_pid_alt": [2.0, 0.9507995843887329, 1.0], "k_pid_att": [0.0, 9.999999747378752e-05, 0.09446543455123901], "k_pid_yaw": [0.5, 1e-06, 0.1], "k_pid_hsp": [9.742715835571289, 0.03377479314804077, 0.09021401405334473], "k_pid_vsp": [377.859619140625, 391.3746337890625, 400.0]}, "datetime": {"datetime": "2025-08-11 23:00:01", "elapsed": 23680.59419941902, "delta": 30.970621585845947}, "costs": {"total_cost": 4283.601812860728, "time_cost": 150, "final_distance_cost": 1272.0638421763015, "oscillation_cost": 3.5633670813509335, "completition_cost": 1000.0, "overshoot_cost": 1715.2618903022237, "power_cost": 29.21579110107422, "noise_cost": 113.49692219977787, "n_waypoints_completed": 0, "tot_waypoints": 9}}
{"target": -1157.745207611762, "params": {"k_pid_pos": [2.0, 1.0, 1.0], "k_pid_alt": [2.0, 1.0, 1.0], "k_pid_att": [10.769468307495117, 0.44192394614219666, 0.0], "k_pid_yaw": [0.5, 1e-06, 0.1], "k_pid_hsp": [10.0, 0.0, 0.025533735752105713], "k_pid_vsp": [400.0, 400.0, 377.7572021484375]}, "datetime": {"datetime": "2025-08-11 23:00:31", "elapsed": 23711.11481165886, "delta": 30.520612239837646}, "costs": {"total_cost": 1157.745207611762, "time_cost": 150, "final_distance_cost": 64.32738267566543, "oscillation_cost": 489.2566368189341, "completition_cost": 333.33333333333337, "overshoot_cost": 58.50052244434817, "power_cost": 32.24945655517578, "noise_cost": 30.077875784304887, "n_waypoints_completed": 6, "tot_waypoints": 9}}
{"target": -1409.4474293608264, "params": {"k_pid_pos": [1.9770466089248657, 0.9413496255874634, 0.8676787614822388], "k_pid_alt": [1.880027174949646, 1.0, 1.0], "k_pid_att": [3.692194938659668, 0.3631831109523773, 0.0], "k_pid_yaw": [0.5, 1e-06, 0.1], "k_pid_hsp": [9.776422500610352, 0.00016576051712036133, 0.05762124061584473], "k_pid_vsp": [400.0, 353.79827880859375, 400.0]}, "datetime": {"datetime": "2025-08-11 23:01:02", "elapsed": 23741.7318918705, "delta": 30.617080211639404}, "costs": {"total_cost": 1409.4474293608264, "time_cost": 150, "final_distance_cost": 54.25858484141009, "oscillation_cost": 408.57047800197375, "completition_cost": 666.6666666666667, "overshoot_cost": 66.8052636310459, "power_cost": 33.41522550048828, "noise_cost": 29.73121071924166, "n_waypoints_completed": 3, "tot_waypoints": 9}}
{"target": -9935.399710457978, "params": {"k_pid_pos": [2.0, 0.9881591796875, 0.982301652431488], "k_pid_alt": [2.0, 1.0, 1.0], "k_pid_att": [0.0, 0.031039269641041756, 0.021721571683883667], "k_pid_yaw": [0.5, 1e-06, 0.1], "k_pid_hsp": [10.0, 0.0, 0.0], "k_pid_vsp": [400.0, 400.0, 377.249755859375]}, "datetime": {"datetime": "2025-08-11 23:01:34", "elapsed": 23773.736983776093, "delta": 32.00509190559387}, "costs": {"total_cost": 9935.399710457978, "time_cost": 150, "final_distance_cost": 2178.2488524171827, "oscillation_cost": 458.2400625622427, "completition_cost": 1000.0, "overshoot_cost": 5945.72733173833, "power_cost": 56.189965441894536, "noise_cost": 146.99349829832832, "n_waypoints_completed": 0, "tot_waypoints": 9}}
{"target": -5493.849741913679, "params": {"k_pid_pos": [1.8544632196426392, 1.0, 0.9648332595825195], "k_pid_alt": [2.0, 0.8867873549461365, 1.0], "k_pid_att": [0.0, 0.264343798160553, 0.0], "k_pid_yaw": [0.5, 1e-06, 0.1], "k_pid_hsp": [9.322155952453613, 0.0, 0.12755942344665527], "k_pid_vsp": [400.0, 400.0, 398.9671936035156]}, "datetime": {"datetime": "2025-08-11 23:02:05", "elapsed": 23804.929812669754, "delta": 31.1928288936615}, "costs": {"total_cost": 5493.849741913679, "time_cost": 150, "final_distance_cost": 648.9914898056761, "oscillation_cost": 1383.0824134314364, "completition_cost": 1000.0, "overshoot_cost": 2083.0468918077922, "power_cost": 57.39948537597657, "noise_cost": 171.32946149279817, "n_waypoints_completed": 0, "tot_waypoints": 9}}
{"target": -1161.9296219503253, "params": {"k_pid_pos": [1.9576586484909058, 0.941907525062561, 1.0], "k_pid_alt": [2.0, 1.0, 1.0], "k_pid_att": [8.051258087158203, 0.4533628523349762, 0.0], "k_pid_yaw": [0.5, 1e-06, 0.1], "k_pid_hsp": [10.0, 0.03595742583274841, 0.0199815034866333], "k_pid_vsp": [400.0, 400.0, 400.0]}, "datetime": {"datetime": "2025-08-11 23:02:36", "elapsed": 23835.769258737564, "delta": 30.83944606781006}, "costs": {"total_cost": 1161.9296219503253, "time_cost": 150, "final_distance_cost": 65.87735516743484, "oscillation_cost": 484.84322055604423, "completition_cost": 333.33333333333337, "overshoot_cost": 65.21224697046851, "power_cost": 32.79689213867188, "noise_cost": 29.86657378437258, "n_waypoints_completed": 6, "tot_waypoints": 9}}
{"target": -1023.7402558366074, "params": {"k_pid_pos": [2.0, 1.0, 0.9629186391830444], "k_pid_alt": [1.9299803972244263, 1.0, 0.9490301609039307], "k_pid_att": [0.5817055702209473, 0.02664525806903839, 0.0021717846393585205], "k_pid_yaw": [0.5, 1e-06, 0.1], "k_pid_hsp": [9.6133394241333, 0.0633731484413147, 0.0], "k_pid_vsp": [400.0, 399.3628845214844, 400.0]}, "datetime": {"datetime": "2025-08-11 23:03:07", "elapsed": 23866.40258359909, "delta": 30.63332486152649}, "costs": {"total_cost": 1023.7402558366074, "time_cost": 150, "final_distance_cost": 48.99697214981219, "oscillation_cost": 141.05700501890587, "completition_cost": 555.5555555555555, "overshoot_cost": 64.75329058344225, "power_cost": 33.341291845703125, "noise_cost": 30.03614068318846, "n_waypoints_completed": 4, "tot_waypoints": 9}}
{"target": -1857.12739222433, "params": {"k_pid_pos": [1.9053878784179688, 1.0, 1.0], "k_pid_alt": [1.9189412593841553, 1.0, 1.0], "k_pid_att": [0.26251673698425293, 0.667227566242218, 0.0], "k_pid_yaw": [0.5, 1e-06, 0.1], "k_pid_hsp": [10.0, 0.0, 0.052086859941482544], "k_pid_vsp": [400.0, 382.7574157714844, 388.3199157714844]}, "datetime": {"datetime": "2025-08-11 23:03:38", "elapsed": 23897.952637434006, "delta": 31.55005383491516}, "costs": {"total_cost": 1857.12739222433, "time_cost": 150, "final_distance_cost": 9.982428983475662, "oscillation_cost": 330.97133397205505, "completition_cost": 1000.0, "overshoot_cost": 164.08980353365277, "power_cost": 55.65803209228516, "noise_cost": 146.42579364286152, "n_waypoints_completed": 0, "tot_waypoints": 9}}
{"target": -8511.321478570502, "params": {"k_pid_pos": [2.0, 0.9829550981521606, 0.9709455966949463], "k_pid_alt": [2.0, 1.0, 1.0], "k_pid_att": [0.0, 9.999999747378752e-05, 0.006430685520172119], "k_pid_yaw": [0.5, 1e-06, 0.1], "k_pid_hsp": [10.0, 0.0762958824634552, 0.0], "k_pid_vsp": [365.7820129394531, 400.0, 400.0]}, "datetime": {"datetime": "2025-08-11 23:04:09", "elapsed": 23928.428560972214, "delta": 30.475923538208008}, "costs": {"total_cost": 8511.321478570502, "time_cost": 150, "final_distance_cost": 2190.867505675843, "oscillation_cost": 10.288452773989931, "completition_cost": 1000.0, "overshoot_cost": 5029.2322318995875, "power_cost": 40.155605993652344, "noise_cost": 90.77768222743079, "n_waypoints_completed": 0, "tot_waypoints": 9}}
{"target": -8198.17657130055, "params": {"k_pid_pos": [1.9259248971939087, 0.9906182289123535, 0.9342723488807678], "k_pid_alt": [1.9758362770080566, 1.0, 1.0], "k_pid_att": [0.0, 9.999999747378752e-05, 0.0], "k_pid_yaw": [0.5, 1e-06, 0.1], "k_pid_hsp": [9.650591850280762, 0.022730380296707153, 0.0], "k_pid_vsp": [400.0, 393.6739501953125, 400.0]}, "datetime": {"datetime": "2025-08-11 23:04:40", "elapsed": 23959.95987534523, "delta": 31.531314373016357}, "costs": {"total_cost": 8198.17657130055, "time_cost": 150, "final_distance_cost": 932.8025120309251, "oscillation_cost": 14.777957863636377, "completition_cost": 1000.0, "overshoot_cost": 5962.459036947384, "power_cost": 44.43903599853516, "noise_cost": 93.69802846006785, "n_waypoints_completed": 0, "tot_waypoints": 9}}
