{"target": -8157.640400957975, "params": {"k_pid_pos": [2.0, 0.9587552547454834, 0.9840691089630127], "k_pid_alt": [2.0, 0.9535180330276489, 1.0], "k_pid_att": [0.0, 9.999999747378752e-05, 0.0], "k_pid_yaw": [0.5, 1e-06, 0.1], "k_pid_hsp": [9.370049476623535, 0.0, 0.0], "k_pid_vsp": [400.0, 387.0392150878906, 383.1503601074219]}, "datetime": {"datetime": "2025-08-12 08:39:38", "elapsed": 58457.61370182037, "delta": 28.818354845046997}, "costs": {"total_cost": 8157.640400957975, "time_cost": 150, "final_distance_cost": 1119.3380358728018, "oscillation_cost": 14.982359196056974, "completition_cost": 1000.0, "overshoot_cost": 5740.99721744441, "power_cost": 44.75489063720703, "noise_cost": 87.56789780749958, "n_waypoints_completed": 0, "tot_waypoints": 9}}
{"target": -1213.1111493889257, "params": {"k_pid_pos": [2.0, 1.0, 1.0], "k_pid_alt": [1.9533202648162842, 1.0, 0.9576408863067627], "k_pid_att": [2.261471748352051, 9.999999747378752e-05, 0.0], "k_pid_yaw": [0.5, 1e-06, 0.1], "k_pid_hsp": [10.0, 0.02049541473388672, 0.0], "k_pid_vsp": [400.0, 400.0, 392.7718505859375]}, "datetime": {"datetime": "2025-08-12 08:40:08", "elapsed": 58487.69442510605, "delta": 30.08072328567505}, "costs": {"total_cost": 1213.1111493889257, "time_cost": 150, "final_distance_cost": 39.91003562400368, "oscillation_cost": 337.0921298875792, "completition_cost": 555.5555555555555, "overshoot_cost": 71.40856628765948, "power_cost": 32.07319765625, "noise_cost": 27.071664377877646, "n_waypoints_completed": 4, "tot_waypoints": 9}}
{"target": -5609.5017121593655, "params": {"k_pid_pos": [2.0, 0.9231152534484863, 1.0], "k_pid_alt": [1.9337536096572876, 0.9347677230834961, 1.0], "k_pid_att": [0.0, 0.43967416882514954, 0.005059421062469482], "k_pid_yaw": [0.5, 1e-06, 0.1], "k_pid_hsp": [10.0, 0.0, 0.1483270227909088], "k_pid_vsp": [386.2749938964844, 391.0917663574219, 400.0]}, "datetime": {"datetime": "2025-08-12 08:40:39", "elapsed": 58518.5190012455, "delta": 30.824576139450073}, "costs": {"total_cost": 5609.5017121593655, "time_cost": 150, "final_distance_cost": 629.9005513714037, "oscillation_cost": 1702.4231821506742, "completition_cost": 1000.0, "overshoot_cost": 1895.9885813469673, "power_cost": 57.87627906494141, "noise_cost": 173.3131182253792, "n_waypoints_completed": 0, "tot_waypoints": 9}}
{"target": -1571.8006427758878, "params": {"k_pid_pos": [2.0, 0.9746142625808716, 1.0], "k_pid_alt": [2.0, 0.9498423337936401, 0.9456957578659058], "k_pid_att": [3.631439685821533, 1.0071550607681274, 0.01253935694694519], "k_pid_yaw": [0.5, 1e-06, 0.1], "k_pid_hsp": [9.821310997009277, 0.0, 0.0], "k_pid_vsp": [399.2124938964844, 387.9195251464844, 400.0]}, "datetime": {"datetime": "2025-08-12 08:41:11", "elapsed": 58550.616664886475, "delta": 32.09766364097595}, "costs": {"total_cost": 1571.8006427758878, "time_cost": 150, "final_distance_cost": 84.73319321340134, "oscillation_cost": 428.430515163947, "completition_cost": 777.7777777777778, "overshoot_cost": 72.2284516837355, "power_cost": 31.43797966308594, "noise_cost": 27.192725273939978, "n_waypoints_completed": 2, "tot_waypoints": 9}}
{"target": -8169.786698577315, "params": {"k_pid_pos": [1.931132197380066, 0.9818865656852722, 1.0], "k_pid_alt": [1.9659098386764526, 0.9595402479171753, 0.9395792484283447], "k_pid_att": [0.0, 9.999999747378752e-05, 0.0], "k_pid_yaw": [0.5, 1e-06, 0.1], "k_pid_hsp": [10.0, 0.0, 0.0], "k_pid_vsp": [400.0, 400.0, 371.3459167480469]}, "datetime": {"datetime": "2025-08-12 08:41:41", "elapsed": 58581.28303003311, "delta": 30.666365146636963}, "costs": {"total_cost": 8169.786698577315, "time_cost": 150, "final_distance_cost": 1220.8103099183932, "oscillation_cost": 15.224730582959985, "completition_cost": 1000.0, "overshoot_cost": 5657.623077192401, "power_cost": 45.365154699707034, "noise_cost": 80.7634261838535, "n_waypoints_completed": 0, "tot_waypoints": 9}}
{"target": -1351.102491695308, "params": {"k_pid_pos": [2.0, 0.9950625896453857, 1.0], "k_pid_alt": [1.755290150642395, 0.9924335479736328, 0.9693770408630371], "k_pid_att": [8.761775970458984, 9.999999747378752e-05, 0.03937515616416931], "k_pid_yaw": [0.5, 1e-06, 0.1], "k_pid_hsp": [9.515240669250488, 0.011251986026763916, 0.026359230279922485], "k_pid_vsp": [400.0, 370.90155029296875, 400.0]}, "datetime": {"datetime": "2025-08-12 08:42:11", "elapsed": 58610.790472745895, "delta": 29.507442712783813}, "costs": {"total_cost": 1351.102491695308, "time_cost": 150, "final_distance_cost": 48.852933917728706, "oscillation_cost": 464.73092594512815, "completition_cost": 555.5555555555555, "overshoot_cost": 70.17268136376084, "power_cost": 31.84081295166016, "noise_cost": 29.949581961474568, "n_waypoints_completed": 4, "tot_waypoints": 9}}
{"target": -4808.519547833275, "params": {"k_pid_pos": [1.8667161464691162, 1.0, 1.0], "k_pid_alt": [1.80315363407135, 1.0, 0.9686559438705444], "k_pid_att": [0.0, 0.23438027501106262, 0.08671236038208008], "k_pid_yaw": [0.5, 1e-06, 0.1], "k_pid_hsp": [9.985255241394043, 0.03339338302612305, 0.007215321063995361], "k_pid_vsp": [400.0, 391.57867431640625, 388.9847412109375]}, "datetime": {"datetime": "2025-08-12 08:42:44", "elapsed": 58643.86584162712, "delta": 33.075368881225586}, "costs": {"total_cost": 4808.519547833275, "time_cost": 150, "final_distance_cost": 690.6871183800442, "oscillation_cost": 848.7667380985816, "completition_cost": 1000.0, "overshoot_cost": 1893.7615571593633, "power_cost": 57.654295129394534, "noise_cost": 167.64983906589237, "n_waypoints_completed": 0, "tot_waypoints": 9}}
{"target": -1153.1402775500999, "params": {"k_pid_pos": [1.9251002073287964, 0.9367951154708862, 0.9479939937591553], "k_pid_alt": [1.9223887920379639, 0.9786697626113892, 1.0], "k_pid_att": [8.685907363891602, 0.5214816331863403, 0.0], "k_pid_yaw": [0.5, 1e-06, 0.1], "k_pid_hsp": [10.0, 0.0, 0.06883314251899719], "k_pid_vsp": [400.0, 396.2369079589844, 400.0]}, "datetime": {"datetime": "2025-08-12 08:43:13", "elapsed": 58672.53390836716, "delta": 28.66806674003601}, "costs": {"total_cost": 1153.1402775500999, "time_cost": 150, "final_distance_cost": 62.928246737356105, "oscillation_cost": 486.98851707542633, "completition_cost": 333.33333333333337, "overshoot_cost": 57.70289487890113, "power_cost": 32.32707163085938, "noise_cost": 29.860213894223477, "n_waypoints_completed": 6, "tot_waypoints": 9}}
{"target": -1393.2172802493308, "params": {"k_pid_pos": [2.0, 0.9899663925170898, 1.0], "k_pid_alt": [1.9698597192764282, 1.0, 1.0], "k_pid_att": [2.3961782455444336, 0.4769609868526459, 0.0], "k_pid_yaw": [0.5, 1e-06, 0.1], "k_pid_hsp": [9.525861740112305, 0.0, 0.0], "k_pid_vsp": [400.0, 391.0928649902344, 400.0]}, "datetime": {"datetime": "2025-08-12 08:43:42", "elapsed": 58701.99078154564, "delta": 29.456873178482056}, "costs": {"total_cost": 1393.2172802493308, "time_cost": 150, "final_distance_cost": 65.89543366625645, "oscillation_cost": 378.54158365082947, "completition_cost": 666.6666666666667, "overshoot_cost": 71.825526875859, "power_cost": 32.721019494628905, "noise_cost": 27.56704989509003, "n_waypoints_completed": 3, "tot_waypoints": 9}}
{"target": -1258.7188935049398, "params": {"k_pid_pos": [1.9744206666946411, 0.948459267616272, 1.0], "k_pid_alt": [2.0, 0.9667901992797852, 1.0], "k_pid_att": [10.884979248046875, 9.999999747378752e-05, 0.0017620325088500977], "k_pid_yaw": [0.5, 1e-06, 0.1], "k_pid_hsp": [10.0, 0.0010861456394195557, 0.0], "k_pid_vsp": [400.0, 380.0681457519531, 393.82843017578125]}, "datetime": {"datetime": "2025-08-12 08:44:13", "elapsed": 58732.69736838341, "delta": 30.706586837768555}, "costs": {"total_cost": 1258.7188935049398, "time_cost": 150, "final_distance_cost": 51.393070574232006, "oscillation_cost": 489.1025582722327, "completition_cost": 444.4444444444444, "overshoot_cost": 61.40186794864349, "power_cost": 32.264224536132815, "noise_cost": 30.112727729254413, "n_waypoints_completed": 5, "tot_waypoints": 9}}
{"target": -1712.2893610373803, "params": {"k_pid_pos": [1.9841724634170532, 0.9750033020973206, 1.0], "k_pid_alt": [1.9561408758163452, 0.9369082450866699, 1.0], "k_pid_att": [2.0557971000671387, 9.999999747378752e-05, 0.04735788702964783], "k_pid_yaw": [0.5, 1e-06, 0.1], "k_pid_hsp": [9.460433959960938, 0.0, 0.08096775412559509], "k_pid_vsp": [400.0, 377.519287109375, 400.0]}, "datetime": {"datetime": "2025-08-12 08:44:42", "elapsed": 58762.13106012344, "delta": 29.43369174003601}, "costs": {"total_cost": 1712.2893610373803, "time_cost": 150, "final_distance_cost": 0.9992066455383015, "oscillation_cost": 281.94534848313634, "completition_cost": 1000.0, "overshoot_cost": 156.69043065976027, "power_cost": 29.774395202636722, "noise_cost": 92.87998004630875, "n_waypoints_completed": 0, "tot_waypoints": 9}}
{"target": -8072.066944145928, "params": {"k_pid_pos": [2.0, 0.902516782283783, 1.0], "k_pid_alt": [1.9899635314941406, 0.9690159559249878, 0.904497504234314], "k_pid_att": [0.0, 9.999999747378752e-05, 0.0], "k_pid_yaw": [0.5, 1e-06, 0.1], "k_pid_hsp": [10.0, 0.008237123489379883, 0.0], "k_pid_vsp": [400.0, 389.5438537597656, 400.0]}, "datetime": {"datetime": "2025-08-12 08:45:11", "elapsed": 58791.253341436386, "delta": 29.122281312942505}, "costs": {"total_cost": 8072.066944145928, "time_cost": 150, "final_distance_cost": 956.5481223487191, "oscillation_cost": 14.708472501822264, "completition_cost": 1000.0, "overshoot_cost": 5813.542318799654, "power_cost": 44.086085070800785, "noise_cost": 93.18194542493158, "n_waypoints_completed": 0, "tot_waypoints": 9}}
{"target": -1158.4180018785244, "params": {"k_pid_pos": [2.0, 1.0, 0.9972936511039734], "k_pid_alt": [2.0, 1.0, 0.8909681439399719], "k_pid_att": [7.8856916427612305, 9.999999747378752e-05, 0.0], "k_pid_yaw": [0.5, 1e-06, 0.1], "k_pid_hsp": [9.379005432128906, 0.009631335735321045, 0.03209236264228821], "k_pid_vsp": [396.635498046875, 400.0, 400.0]}, "datetime": {"datetime": "2025-08-12 08:45:40", "elapsed": 58819.42901754379, "delta": 28.175676107406616}, "costs": {"total_cost": 1158.4180018785244, "time_cost": 150, "final_distance_cost": 69.50469621339982, "oscillation_cost": 475.3508537838906, "completition_cost": 333.33333333333337, "overshoot_cost": 66.68587606818592, "power_cost": 33.32946666259766, "noise_cost": 30.2137758171168, "n_waypoints_completed": 6, "tot_waypoints": 9}}
{"target": -1717.6644157367175, "params": {"k_pid_pos": [2.0, 1.0, 1.0], "k_pid_alt": [2.0, 1.0, 1.0], "k_pid_att": [2.4170966148376465, 9.999999747378752e-05, 0.013997167348861694], "k_pid_yaw": [0.5, 1e-06, 0.1], "k_pid_hsp": [9.784592628479004, 0.0, 0.0], "k_pid_vsp": [387.1313171386719, 400.0, 398.5878601074219]}, "datetime": {"datetime": "2025-08-12 08:46:09", "elapsed": 58848.40889787674, "delta": 28.979880332946777}, "costs": {"total_cost": 1717.6644157367175, "time_cost": 150, "final_distance_cost": 20.536897324908487, "oscillation_cost": 366.60577106031354, "completition_cost": 1000.0, "overshoot_cost": 123.17119058766868, "power_cost": 30.51266286621094, "noise_cost": 26.837893897615853, "n_waypoints_completed": 0, "tot_waypoints": 9}}
{"target": -8012.98298021393, "params": {"k_pid_pos": [2.0, 1.0, 0.9642953872680664], "k_pid_alt": [1.9950629472732544, 0.9368587732315063, 1.0], "k_pid_att": [0.0, 9.999999747378752e-05, 0.0], "k_pid_yaw": [0.5, 1e-06, 0.1], "k_pid_hsp": [9.912603378295898, 0.0, 0.0360201895236969], "k_pid_vsp": [400.0, 400.0, 400.0]}, "datetime": {"datetime": "2025-08-12 08:46:38", "elapsed": 58877.89099884033, "delta": 29.48210096359253}, "costs": {"total_cost": 8012.98298021393, "time_cost": 150, "final_distance_cost": 955.9416363515422, "oscillation_cost": 14.803465441715547, "completition_cost": 1000.0, "overshoot_cost": 5754.884059753992, "power_cost": 44.569533032226566, "noise_cost": 92.78428563445361, "n_waypoints_completed": 0, "tot_waypoints": 9}}
{"target": -1764.4960796312444, "params": {"k_pid_pos": [1.919435739517212, 1.0, 1.0], "k_pid_alt": [1.975534439086914, 0.9937039613723755, 1.0], "k_pid_att": [7.176518440246582, 0.2580651044845581, 0.056642234325408936], "k_pid_yaw": [0.5, 1e-06, 0.1], "k_pid_hsp": [10.0, 0.0, 0.0], "k_pid_vsp": [396.9710388183594, 400.0, 382.56719970703125]}, "datetime": {"datetime": "2025-08-12 08:47:09", "elapsed": 58908.49308991432, "delta": 30.602091073989868}, "costs": {"total_cost": 1764.4960796312444, "time_cost": 150, "final_distance_cost": 26.266931992571205, "oscillation_cost": 455.00925587975485, "completition_cost": 1000.0, "overshoot_cost": 74.69410247643982, "power_cost": 30.728982031250002, "noise_cost": 27.796807251228408, "n_waypoints_completed": 0, "tot_waypoints": 9}}
{"target": -1369.9619069432822, "params": {"k_pid_pos": [1.9016366004943848, 1.0, 1.0], "k_pid_alt": [1.9355134963989258, 0.9508471488952637, 1.0], "k_pid_att": [2.8566718101501465, 0.23658263683319092, 0.00968065857887268], "k_pid_yaw": [0.5, 1e-06, 0.1], "k_pid_hsp": [10.0, 0.020908117294311523, 0.030901730060577393], "k_pid_vsp": [400.0, 391.3406677246094, 393.1014709472656]}, "datetime": {"datetime": "2025-08-12 08:47:38", "elapsed": 58937.38637852669, "delta": 28.893288612365723}, "costs": {"total_cost": 1369.9619069432822, "time_cost": 150, "final_distance_cost": 51.977861429381065, "oscillation_cost": 368.32480218332347, "completition_cost": 666.6666666666667, "overshoot_cost": 71.78773056137449, "power_cost": 32.463377355957036, "noise_cost": 28.741468746579677, "n_waypoints_completed": 3, "tot_waypoints": 9}}
{"target": -1142.6168547525224, "params": {"k_pid_pos": [2.0, 0.9657551646232605, 0.9501709938049316], "k_pid_alt": [1.9008815288543701, 0.9990516901016235, 0.9387651681900024], "k_pid_att": [0.6401360034942627, 9.999999747378752e-05, 0.0], "k_pid_yaw": [0.5, 1e-06, 0.1], "k_pid_hsp": [9.674731254577637, 0.00030547380447387695, 0.03132551908493042], "k_pid_vsp": [400.0, 400.0, 400.0]}, "datetime": {"datetime": "2025-08-12 08:48:08", "elapsed": 58967.400411129, "delta": 30.01403260231018}, "costs": {"total_cost": 1142.6168547525224, "time_cost": 150, "final_distance_cost": 53.42383123253902, "oscillation_cost": 145.07862864083629, "completition_cost": 666.6666666666667, "overshoot_cost": 63.977702617715366, "power_cost": 33.99852751464844, "noise_cost": 29.471498080116586, "n_waypoints_completed": 3, "tot_waypoints": 9}}
{"target": -1809.8136429484753, "params": {"k_pid_pos": [2.0, 0.9611825346946716, 0.9810226559638977], "k_pid_alt": [2.0, 0.988693118095398, 1.0], "k_pid_att": [3.994771957397461, 9.999999747378752e-05, 0.01068180799484253], "k_pid_yaw": [0.5, 1e-06, 0.1], "k_pid_hsp": [9.740755081176758, 0.0, 0.0], "k_pid_vsp": [373.8857727050781, 356.5762939453125, 397.04998779296875]}, "datetime": {"datetime": "2025-08-12 08:48:37", "elapsed": 58996.43318271637, "delta": 29.032771587371826}, "costs": {"total_cost": 1809.8136429484753, "time_cost": 150, "final_distance_cost": 11.612957466972611, "oscillation_cost": 460.55686022974743, "completition_cost": 1000.0, "overshoot_cost": 129.70882035975387, "power_cost": 30.9170861328125, "noise_cost": 27.01791875918896, "n_waypoints_completed": 0, "tot_waypoints": 9}}
{"target": -4360.533275308996, "params": {"k_pid_pos": [2.0, 0.9256592988967896, 1.0], "k_pid_alt": [1.9281401634216309, 0.9392684698104858, 0.930014967918396], "k_pid_att": [0.0, 9.999999747378752e-05, 0.03045475482940674], "k_pid_yaw": [0.5, 1e-06, 0.1], "k_pid_hsp": [10.0, 0.0821315348148346, 0.021944880485534668], "k_pid_vsp": [386.9388427734375, 400.0, 400.0]}, "datetime": {"datetime": "2025-08-12 08:49:05", "elapsed": 59024.88253068924, "delta": 28.449347972869873}, "costs": {"total_cost": 4360.533275308996, "time_cost": 150, "final_distance_cost": 1222.6571772100338, "oscillation_cost": 5.291950680326537, "completition_cost": 1000.0, "overshoot_cost": 1869.3865909054798, "power_cost": 30.473651135253906, "noise_cost": 82.72390537790163, "n_waypoints_completed": 0, "tot_waypoints": 9}}
{"target": -841.8159596017811, "params": {"k_pid_pos": [1.944068193435669, 1.0, 0.952452540397644], "k_pid_alt": [1.9471917152404785, 0.9705933928489685, 0.9719187021255493], "k_pid_att": [0.22490918636322021, 0.16368480026721954, 0.0], "k_pid_yaw": [0.5, 1e-06, 0.1], "k_pid_hsp": [9.686603546142578, 0.04325622320175171, 0.0], "k_pid_vsp": [400.0, 400.0, 385.4773864746094]}, "datetime": {"datetime": "2025-08-12 08:49:34", "elapsed": 59053.485902547836, "delta": 28.6033718585968}, "costs": {"total_cost": 841.8159596017811, "time_cost": 150, "final_distance_cost": 79.4905562277763, "oscillation_cost": 139.23765301520413, "completition_cost": 333.33333333333337, "overshoot_cost": 63.585738896660736, "power_cost": 42.0212880859375, "noise_cost": 34.14739004286911, "n_waypoints_completed": 6, "tot_waypoints": 9}}
{"target": -1106.1337202025281, "params": {"k_pid_pos": [2.0, 1.0, 0.9680080413818359], "k_pid_alt": [2.0, 0.9827486276626587, 0.874677836894989], "k_pid_att": [5.031734466552734, 1.2034515142440796, 0.0], "k_pid_yaw": [0.5, 1e-06, 0.1], "k_pid_hsp": [9.563786506652832, 0.0, 0.0], "k_pid_vsp": [400.0, 400.0, 393.0146789550781]}, "datetime": {"datetime": "2025-08-12 08:50:02", "elapsed": 59081.770498752594, "delta": 28.28459620475769}, "costs": {"total_cost": 1106.1337202025281, "time_cost": 150, "final_distance_cost": 57.50093797570475, "oscillation_cost": 438.276506564528, "completition_cost": 333.33333333333337, "overshoot_cost": 64.57632367778682, "power_cost": 32.744892407226565, "noise_cost": 29.701726243948638, "n_waypoints_completed": 6, "tot_waypoints": 9}}
{"target": -1115.1701690559223, "params": {"k_pid_pos": [2.0, 1.0, 0.8984443545341492], "k_pid_alt": [2.0, 0.9859034419059753, 0.9919378757476807], "k_pid_att": [6.633439540863037, 0.024395205080509186, 0.0], "k_pid_yaw": [0.5, 1e-06, 0.1], "k_pid_hsp": [10.0, 0.0, 0.04923632740974426], "k_pid_vsp": [400.0, 390.4903869628906, 400.0]}, "datetime": {"datetime": "2025-08-12 08:50:31", "elapsed": 59110.85327553749, "delta": 29.08277678489685}, "costs": {"total_cost": 1115.1701690559223, "time_cost": 150, "final_distance_cost": 67.36887267540803, "oscillation_cost": 434.83500018689534, "completition_cost": 333.33333333333337, "overshoot_cost": 66.33172943791423, "power_cost": 33.17287474365234, "noise_cost": 30.128358678719092, "n_waypoints_completed": 6, "tot_waypoints": 9}}
{"target": -9196.994797735899, "params": {"k_pid_pos": [1.9693433046340942, 0.9916738867759705, 1.0], "k_pid_alt": [2.0, 1.0, 1.0], "k_pid_att": [0.0, 0.9656593799591064, 0.051120489835739136], "k_pid_yaw": [0.5, 1e-06, 0.1], "k_pid_hsp": [10.0, 0.007882475852966309, 0.0], "k_pid_vsp": [376.1395568847656, 400.0, 400.0]}, "datetime": {"datetime": "2025-08-12 08:51:02", "elapsed": 59141.860404253006, "delta": 31.007128715515137}, "costs": {"total_cost": 9196.994797735899, "time_cost": 150, "final_distance_cost": 2630.5381526055676, "oscillation_cost": 2102.572794426316, "completition_cost": 1000.0, "overshoot_cost": 3086.4305374310597, "power_cost": 56.100814343261725, "noise_cost": 171.35249892969557, "n_waypoints_completed": 0, "tot_waypoints": 9}}
{"target": -968.2720880518405, "params": {"k_pid_pos": [2.0, 1.0, 0.8828158378601074], "k_pid_alt": [2.0, 0.9233556389808655, 0.9587047100067139], "k_pid_att": [1.7125993967056274, 0.533026933670044, 0.0], "k_pid_yaw": [0.5, 1e-06, 0.1], "k_pid_hsp": [9.805870056152344, 0.0, 0.08798855543136597], "k_pid_vsp": [400.0, 400.0, 400.0]}, "datetime": {"datetime": "2025-08-12 08:51:31", "elapsed": 59170.64554166794, "delta": 28.78513741493225}, "costs": {"total_cost": 968.2720880518405, "time_cost": 150, "final_distance_cost": 63.15687093703249, "oscillation_cost": 295.85193047070317, "completition_cost": 333.33333333333337, "overshoot_cost": 61.88136847630402, "power_cost": 34.30089187011719, "noise_cost": 29.747692964350254, "n_waypoints_completed": 6, "tot_waypoints": 9}}
{"target": -1251.1121998018734, "params": {"k_pid_pos": [1.897017002105713, 0.9759500026702881, 0.9559293389320374], "k_pid_alt": [2.0, 0.965367317199707, 1.0], "k_pid_att": [2.7992427349090576, 9.999999747378752e-05, 0.0], "k_pid_yaw": [0.5, 1e-06, 0.1], "k_pid_hsp": [9.247082710266113, 0.0, 0.071139395236969], "k_pid_vsp": [400.0, 383.1612548828125, 400.0]}, "datetime": {"datetime": "2025-08-12 08:51:59", "elapsed": 59198.58970236778, "delta": 27.94416069984436}, "costs": {"total_cost": 1251.1121998018734, "time_cost": 150, "final_distance_cost": 49.74325600486513, "oscillation_cost": 361.31417031191955, "completition_cost": 555.5555555555555, "overshoot_cost": 73.54716283280057, "power_cost": 32.3288740234375, "noise_cost": 28.623181073295118, "n_waypoints_completed": 4, "tot_waypoints": 9}}
{"target": -5960.117260131026, "params": {"k_pid_pos": [2.0, 1.0, 1.0], "k_pid_alt": [2.0, 0.9045758247375488, 0.9804737567901611], "k_pid_att": [0.0, 9.999999747378752e-05, 0.024334460496902466], "k_pid_yaw": [0.5, 1e-06, 0.1], "k_pid_hsp": [10.0, 0.007055461406707764, 0.0], "k_pid_vsp": [400.0, 400.0, 398.2099609375]}, "datetime": {"datetime": "2025-08-12 08:52:28", "elapsed": 59227.780605793, "delta": 29.190903425216675}, "costs": {"total_cost": 5960.117260131026, "time_cost": 150, "final_distance_cost": 1733.0268168998516, "oscillation_cost": 6.6669225629446744, "completition_cost": 1000.0, "overshoot_cost": 2964.733102456785, "power_cost": 32.03550075683594, "noise_cost": 73.65491745460893, "n_waypoints_completed": 0, "tot_waypoints": 9}}
