{"target": -1394.9614838685106, "params": {"k_pid_pos": [1.965342402458191, 0.9366765022277832, 0.974574089050293], "k_pid_alt": [1.9912939071655273, 0.9882749915122986, 0.942825436592102], "k_pid_att": [3.2649130821228027, 0.5102248191833496, 0.024258345365524292], "k_pid_yaw": [0.5, 1e-06, 0.1], "k_pid_hsp": [9.355734825134277, 0.0, 0.01973515748977661], "k_pid_vsp": [400.0, 400.0, 392.39068603515625]}, "datetime": {"datetime": "2025-08-12 02:51:29", "elapsed": 37568.794286727905, "delta": 32.54198908805847}, "costs": {"total_cost": 1394.9614838685106, "time_cost": 150, "final_distance_cost": 60.80990358940059, "oscillation_cost": 385.65267946331, "completition_cost": 666.6666666666667, "overshoot_cost": 73.39841121182133, "power_cost": 31.416557055664065, "noise_cost": 27.017265881647997, "n_waypoints_completed": 3, "tot_waypoints": 9}}
{"target": -1091.6435575910477, "params": {"k_pid_pos": [2.0, 0.9452584981918335, 1.0], "k_pid_alt": [1.8574481010437012, 1.0, 0.9992349147796631], "k_pid_att": [0.25533735752105713, 9.999999747378752e-05, 0.05856958031654358], "k_pid_yaw": [0.5, 1e-06, 0.1], "k_pid_hsp": [10.0, 0.070932537317276, 0.07199469208717346], "k_pid_vsp": [400.0, 389.99615478515625, 400.0]}, "datetime": {"datetime": "2025-08-12 02:52:00", "elapsed": 37599.79485368729, "delta": 31.000566959381104}, "costs": {"total_cost": 1091.6435575910477, "time_cost": 150, "final_distance_cost": 59.363461777430715, "oscillation_cost": 71.71326719167051, "completition_cost": 666.6666666666667, "overshoot_cost": 81.3515813342247, "power_cost": 32.574501208496095, "noise_cost": 29.974079412559156, "n_waypoints_completed": 3, "tot_waypoints": 9}}
{"target": -4586.5804797274195, "params": {"k_pid_pos": [1.9315193891525269, 1.0, 1.0], "k_pid_alt": [2.0, 0.9998964667320251, 0.9577534198760986], "k_pid_att": [0.0, 9.999999747378752e-05, 0.04181447625160217], "k_pid_yaw": [0.5, 1e-06, 0.1], "k_pid_hsp": [9.862227439880371, 0.07300472259521484, 0.0], "k_pid_vsp": [400.0, 394.3355712890625, 379.1687927246094]}, "datetime": {"datetime": "2025-08-12 02:52:30", "elapsed": 37630.23258256912, "delta": 30.437728881835938}, "costs": {"total_cost": 4586.5804797274195, "time_cost": 150, "final_distance_cost": 994.451010605301, "oscillation_cost": 4.705910293755104, "completition_cost": 1000.0, "overshoot_cost": 2328.535730467035, "power_cost": 30.785850500488284, "noise_cost": 78.10197786084076, "n_waypoints_completed": 0, "tot_waypoints": 9}}
{"target": -4429.615226096713, "params": {"k_pid_pos": [2.0, 0.9235895872116089, 1.0], "k_pid_alt": [1.944625735282898, 1.0, 0.927038848400116], "k_pid_att": [0.0, 1.2948739528656006, 0.0], "k_pid_yaw": [0.5, 1e-06, 0.1], "k_pid_hsp": [10.0, 0.0, 0.0], "k_pid_vsp": [378.7516174316406, 361.6051025390625, 400.0]}, "datetime": {"datetime": "2025-08-12 02:53:02", "elapsed": 37661.62946224213, "delta": 31.39687967300415}, "costs": {"total_cost": 4429.615226096713, "time_cost": 150, "final_distance_cost": 199.23073542981922, "oscillation_cost": 2217.5403667946784, "completition_cost": 1000.0, "overshoot_cost": 632.2771120535757, "power_cost": 57.40419224853516, "noise_cost": 173.16281957010503, "n_waypoints_completed": 0, "tot_waypoints": 9}}
{"target": -4568.570969595108, "params": {"k_pid_pos": [2.0, 0.9328699111938477, 1.0], "k_pid_alt": [1.9964611530303955, 0.999837338924408, 0.9541021585464478], "k_pid_att": [0.0, 0.6645858883857727, 0.03186711668968201], "k_pid_yaw": [0.5, 1e-06, 0.1], "k_pid_hsp": [9.903304100036621, 0.0, 0.0], "k_pid_vsp": [353.66107177734375, 400.0, 400.0]}, "datetime": {"datetime": "2025-08-12 02:53:33", "elapsed": 37692.386892557144, "delta": 30.7574303150177}, "costs": {"total_cost": 4568.570969595108, "time_cost": 150, "final_distance_cost": 434.4445452604189, "oscillation_cost": 2049.6923425187606, "completition_cost": 1000.0, "overshoot_cost": 705.768534989141, "power_cost": 56.38605002441407, "noise_cost": 172.27949680237487, "n_waypoints_completed": 0, "tot_waypoints": 9}}
{"target": -1575.7876032343343, "params": {"k_pid_pos": [2.0, 0.9930098056793213, 0.9535287618637085], "k_pid_alt": [2.0, 0.9294625520706177, 1.0], "k_pid_att": [2.260491371154785, 9.999999747378752e-05, 0.060846567153930664], "k_pid_yaw": [0.5, 1e-06, 0.1], "k_pid_hsp": [9.286828994750977, 0.0, 0.016039669513702393], "k_pid_vsp": [389.60919189453125, 400.0, 367.3188171386719]}, "datetime": {"datetime": "2025-08-12 02:54:03", "elapsed": 37723.21379852295, "delta": 30.826905965805054}, "costs": {"total_cost": 1575.7876032343343, "time_cost": 150, "final_distance_cost": 0.9978984696106479, "oscillation_cost": 157.0588329902891, "completition_cost": 1000.0, "overshoot_cost": 153.3804979837997, "power_cost": 29.340832153320314, "noise_cost": 85.00954163731478, "n_waypoints_completed": 0, "tot_waypoints": 9}}
{"target": -1395.2714506814846, "params": {"k_pid_pos": [2.0, 0.94992995262146, 1.0], "k_pid_alt": [2.0, 1.0, 1.0], "k_pid_att": [2.969977378845215, 0.7784937024116516, 0.0], "k_pid_yaw": [0.5, 1e-06, 0.1], "k_pid_hsp": [9.571712493896484, 0.0, 0.0], "k_pid_vsp": [384.7427062988281, 396.5720520019531, 389.3379821777344]}, "datetime": {"datetime": "2025-08-12 02:54:35", "elapsed": 37754.454327106476, "delta": 31.24052858352661}, "costs": {"total_cost": 1395.2714506814846, "time_cost": 150, "final_distance_cost": 52.453587655691585, "oscillation_cost": 396.54593768299105, "completition_cost": 666.6666666666667, "overshoot_cost": 69.57446151142324, "power_cost": 31.572634667968753, "noise_cost": 28.458162496743487, "n_waypoints_completed": 3, "tot_waypoints": 9}}
{"target": -1274.6141578479833, "params": {"k_pid_pos": [2.0, 1.0, 1.0], "k_pid_alt": [2.0, 0.9989454746246338, 1.0], "k_pid_att": [1.1091947555541992, 0.08910463750362396, 0.0], "k_pid_yaw": [0.5, 1e-06, 0.1], "k_pid_hsp": [9.76242733001709, 0.0, 0.0], "k_pid_vsp": [400.0, 400.0, 391.17889404296875]}, "datetime": {"datetime": "2025-08-12 02:55:06", "elapsed": 37786.21742320061, "delta": 31.76309609413147}, "costs": {"total_cost": 1274.6141578479833, "time_cost": 150, "final_distance_cost": 76.56384592474036, "oscillation_cost": 256.51752613735545, "completition_cost": 666.6666666666667, "overshoot_cost": 64.5657072425826, "power_cost": 32.680434423828125, "noise_cost": 27.61997745280993, "n_waypoints_completed": 3, "tot_waypoints": 9}}
{"target": -21240.690074139056, "params": {"k_pid_pos": [2.0, 0.9485529661178589, 0.9783999919891357], "k_pid_alt": [1.9528695344924927, 0.9265453815460205, 1.0], "k_pid_att": [0.0, 0.9447764754295349, 0.0], "k_pid_yaw": [0.5, 1e-06, 0.1], "k_pid_hsp": [9.262526512145996, 0.0, 0.0], "k_pid_vsp": [400.0, 400.0, 400.0]}, "datetime": {"datetime": "2025-08-12 02:55:38", "elapsed": 37817.522131204605, "delta": 31.304708003997803}, "costs": {"total_cost": 21240.690074139056, "time_cost": 150, "final_distance_cost": 6784.234784725906, "oscillation_cost": 2310.4691326328557, "completition_cost": 1000.0, "overshoot_cost": 10763.84518464252, "power_cost": 56.93944291992188, "noise_cost": 175.201529217854, "n_waypoints_completed": 0, "tot_waypoints": 9}}
{"target": -4281.028616268828, "params": {"k_pid_pos": [1.9375553131103516, 1.0, 0.9938414096832275], "k_pid_alt": [1.9098153114318848, 0.9970951080322266, 0.9633952379226685], "k_pid_att": [0.0, 0.5343334674835205, 0.0], "k_pid_yaw": [0.5, 1e-06, 0.1], "k_pid_hsp": [10.0, 0.03695183992385864, 0.015999943017959595], "k_pid_vsp": [382.7633056640625, 387.0427551269531, 392.57708740234375]}, "datetime": {"datetime": "2025-08-12 02:56:10", "elapsed": 37849.459970235825, "delta": 31.937839031219482}, "costs": {"total_cost": 4281.028616268828, "time_cost": 150, "final_distance_cost": 242.78335100970168, "oscillation_cost": 1919.0560252995906, "completition_cost": 1000.0, "overshoot_cost": 737.9188789915897, "power_cost": 57.36171540527344, "noise_cost": 173.90864556267286, "n_waypoints_completed": 0, "tot_waypoints": 9}}
{"target": -1538.502854610987, "params": {"k_pid_pos": [2.0, 0.9143651723861694, 0.9170476198196411], "k_pid_alt": [1.9941010475158691, 0.970456600189209, 0.9924825429916382], "k_pid_att": [0.9009480476379395, 0.45105674862861633, 0.049128055572509766], "k_pid_yaw": [0.5, 1e-06, 0.1], "k_pid_hsp": [9.141791343688965, 0.018885046243667603, 0.0], "k_pid_vsp": [400.0, 400.0, 400.0]}, "datetime": {"datetime": "2025-08-12 02:56:44", "elapsed": 37883.93335103989, "delta": 34.47338080406189}, "costs": {"total_cost": 1538.502854610987, "time_cost": 150, "final_distance_cost": 0.9994448621337941, "oscillation_cost": 115.74340721477425, "completition_cost": 1000.0, "overshoot_cost": 152.3692837551065, "power_cost": 29.657919580078126, "noise_cost": 89.73279919889401, "n_waypoints_completed": 0, "tot_waypoints": 9}}
{"target": -8012.5729696181315, "params": {"k_pid_pos": [2.0, 1.0, 1.0], "k_pid_alt": [1.9886515140533447, 1.0, 1.0], "k_pid_att": [0.0, 9.999999747378752e-05, 0.0], "k_pid_yaw": [0.5, 1e-06, 0.1], "k_pid_hsp": [10.0, 0.08142310380935669, 0.03375518321990967], "k_pid_vsp": [386.9118347167969, 400.0, 375.60009765625]}, "datetime": {"datetime": "2025-08-12 02:57:17", "elapsed": 37916.40752482414, "delta": 32.47417378425598}, "costs": {"total_cost": 8012.5729696181315, "time_cost": 150, "final_distance_cost": 1077.207501253522, "oscillation_cost": 14.997355397580032, "completition_cost": 1000.0, "overshoot_cost": 5638.287367580044, "power_cost": 44.95943544921875, "noise_cost": 87.12130993776677, "n_waypoints_completed": 0, "tot_waypoints": 9}}
{"target": -1131.8519118348797, "params": {"k_pid_pos": [1.989092469215393, 1.0, 1.0], "k_pid_alt": [2.0, 0.9141467809677124, 1.0], "k_pid_att": [6.705596923828125, 9.999999747378752e-05, 0.0], "k_pid_yaw": [0.5, 1e-06, 0.1], "k_pid_hsp": [9.614357948303223, 0.0, 0.038735389709472656], "k_pid_vsp": [400.0, 400.0, 396.4468994140625]}, "datetime": {"datetime": "2025-08-12 02:57:47", "elapsed": 37947.312093257904, "delta": 30.904568433761597}, "costs": {"total_cost": 1131.8519118348797, "time_cost": 150, "final_distance_cost": 65.37224381597866, "oscillation_cost": 456.0412544538709, "completition_cost": 333.33333333333337, "overshoot_cost": 63.47034309989529, "power_cost": 33.43056085205078, "noise_cost": 30.204176279750808, "n_waypoints_completed": 6, "tot_waypoints": 9}}
{"target": -8101.223744177923, "params": {"k_pid_pos": [1.8706567287445068, 0.9987798929214478, 0.9634121656417847], "k_pid_alt": [2.0, 1.0, 1.0], "k_pid_att": [0.0, 9.999999747378752e-05, 0.0], "k_pid_yaw": [0.5, 1e-06, 0.1], "k_pid_hsp": [10.0, 0.02374643087387085, 0.05698150396347046], "k_pid_vsp": [397.42010498046875, 373.3968811035156, 400.0]}, "datetime": {"datetime": "2025-08-12 02:58:19", "elapsed": 37979.16608309746, "delta": 31.853989839553833}, "costs": {"total_cost": 8101.223744177923, "time_cost": 150, "final_distance_cost": 733.0893317423607, "oscillation_cost": 14.815658265901106, "completition_cost": 1000.0, "overshoot_cost": 6060.687763313649, "power_cost": 45.28192658691407, "noise_cost": 97.34906426909836, "n_waypoints_completed": 0, "tot_waypoints": 9}}
{"target": -382.1223077472575, "params": {"k_pid_pos": [2.0, 1.0, 1.0], "k_pid_alt": [1.9517292976379395, 1.0, 0.9357354640960693], "k_pid_att": [9.661364555358887, 0.6721505522727966, 0.14800405502319336], "k_pid_yaw": [0.5, 1e-06, 0.1], "k_pid_hsp": [10.0, 0.039669156074523926, 0.0], "k_pid_vsp": [386.2754821777344, 400.0, 375.6683044433594]}, "datetime": {"datetime": "2025-08-12 02:58:49", "elapsed": 38008.95639038086, "delta": 29.79030728340149}, "costs": {"total_cost": 382.1223077472575, "time_cost": 114.415, "final_distance_cost": 1.7958684454888052, "oscillation_cost": 135.41768899124884, "completition_cost": 0.0, "overshoot_cost": 72.79306396177638, "power_cost": 29.974282421875003, "noise_cost": 27.726403926868425, "n_waypoints_completed": 9, "tot_waypoints": 9}}
{"target": -4122.430072382484, "params": {"k_pid_pos": [2.0, 1.0, 0.9471828937530518], "k_pid_alt": [2.0, 1.0, 1.0], "k_pid_att": [0.0, 0.16039495170116425, 0.0], "k_pid_yaw": [0.5, 1e-06, 0.1], "k_pid_hsp": [9.331025123596191, 0.008971959352493286, 0.017846286296844482], "k_pid_vsp": [400.0, 400.0, 400.0]}, "datetime": {"datetime": "2025-08-12 02:59:20", "elapsed": 38039.71481800079, "delta": 30.758427619934082}, "costs": {"total_cost": 4122.430072382484, "time_cost": 150, "final_distance_cost": 434.19858042046644, "oscillation_cost": 1070.5558357735147, "completition_cost": 1000.0, "overshoot_cost": 1239.6524990558726, "power_cost": 57.71479074707032, "noise_cost": 170.3083663855587, "n_waypoints_completed": 0, "tot_waypoints": 9}}
{"target": -4239.385606005006, "params": {"k_pid_pos": [1.8297394514083862, 1.0, 0.961833119392395], "k_pid_alt": [1.824430227279663, 0.9839476943016052, 0.9783419370651245], "k_pid_att": [0.0, 0.13084982335567474, 0.017840206623077393], "k_pid_yaw": [0.5, 1e-06, 0.1], "k_pid_hsp": [10.0, 0.021016329526901245, 0.0414547324180603], "k_pid_vsp": [400.0, 397.58514404296875, 344.525634765625]}, "datetime": {"datetime": "2025-08-12 02:59:51", "elapsed": 38070.98484158516, "delta": 31.270023584365845}, "costs": {"total_cost": 4239.385606005006, "time_cost": 150, "final_distance_cost": 456.43112985462125, "oscillation_cost": 800.156125816499, "completition_cost": 1000.0, "overshoot_cost": 1609.0347084848054, "power_cost": 58.25918601074219, "noise_cost": 165.50445583833758, "n_waypoints_completed": 0, "tot_waypoints": 9}}
{"target": -989.4207573075558, "params": {"k_pid_pos": [1.9962654113769531, 1.0, 1.0], "k_pid_alt": [1.9559521675109863, 1.0, 1.0], "k_pid_att": [8.178293228149414, 0.5049939751625061, 0.07835426926612854], "k_pid_yaw": [0.5, 1e-06, 0.1], "k_pid_hsp": [10.0, 0.0, 0.0], "k_pid_vsp": [400.0, 399.6831970214844, 400.0]}, "datetime": {"datetime": "2025-08-12 03:00:21", "elapsed": 38101.25661468506, "delta": 30.271773099899292}, "costs": {"total_cost": 989.4207573075558, "time_cost": 150, "final_distance_cost": 65.43088647223698, "oscillation_cost": 312.6463422147182, "completition_cost": 333.33333333333337, "overshoot_cost": 68.18893369485102, "power_cost": 31.515090087890627, "noise_cost": 28.306171504525725, "n_waypoints_completed": 6, "tot_waypoints": 9}}
{"target": -4249.5120993590135, "params": {"k_pid_pos": [2.0, 0.9949257373809814, 1.0], "k_pid_alt": [2.0, 1.0, 1.0], "k_pid_att": [0.0, 0.2637513279914856, 0.0], "k_pid_yaw": [0.5, 1e-06, 0.1], "k_pid_hsp": [10.0, 0.02218186855316162, 0.06622666120529175], "k_pid_vsp": [381.1976318359375, 361.3938903808594, 400.0]}, "datetime": {"datetime": "2025-08-12 03:00:52", "elapsed": 38131.72004246712, "delta": 30.463427782058716}, "costs": {"total_cost": 4249.5120993590135, "time_cost": 150, "final_distance_cost": 379.72927649437804, "oscillation_cost": 1322.783935561698, "completition_cost": 1000.0, "overshoot_cost": 1167.6807630074754, "power_cost": 57.340982470703125, "noise_cost": 171.97714182475866, "n_waypoints_completed": 0, "tot_waypoints": 9}}
{"target": -4560.4387451221955, "params": {"k_pid_pos": [1.8767709732055664, 1.0, 0.9067216515541077], "k_pid_alt": [2.0, 0.947064995765686, 0.9199045896530151], "k_pid_att": [0.0, 9.999999747378752e-05, 0.05271190404891968], "k_pid_yaw": [0.5, 1e-06, 0.1], "k_pid_hsp": [10.0, 0.0, 0.0], "k_pid_vsp": [374.2865905761719, 395.3482971191406, 400.0]}, "datetime": {"datetime": "2025-08-12 03:01:24", "elapsed": 38163.79008793831, "delta": 32.070045471191406}, "costs": {"total_cost": 4560.4387451221955, "time_cost": 150, "final_distance_cost": 566.001132172011, "oscillation_cost": 4.279755037307553, "completition_cost": 1000.0, "overshoot_cost": 2713.6393036313116, "power_cost": 30.077873583984378, "noise_cost": 96.44068069758104, "n_waypoints_completed": 0, "tot_waypoints": 9}}
{"target": -4191.898861319371, "params": {"k_pid_pos": [2.0, 1.0, 0.9957226514816284], "k_pid_alt": [1.7937989234924316, 1.0, 1.0], "k_pid_att": [0.0, 0.35201242566108704, 0.0], "k_pid_yaw": [0.5, 1e-06, 0.1], "k_pid_hsp": [9.772431373596191, 0.012208223342895508, 0.0], "k_pid_vsp": [400.0, 383.9897766113281, 385.7435607910156]}, "datetime": {"datetime": "2025-08-12 03:01:55", "elapsed": 38195.07038927078, "delta": 31.280301332473755}, "costs": {"total_cost": 4191.898861319371, "time_cost": 150, "final_distance_cost": 341.21285745538796, "oscillation_cost": 1529.3504271903623, "completition_cost": 1000.0, "overshoot_cost": 939.6646601343286, "power_cost": 58.08884216308594, "noise_cost": 173.5820743762055, "n_waypoints_completed": 0, "tot_waypoints": 9}}
{"target": -1435.5280368770714, "params": {"k_pid_pos": [1.942623496055603, 0.9976892471313477, 0.9606600999832153], "k_pid_alt": [2.0, 1.0, 0.969235360622406], "k_pid_att": [5.9774041175842285, 9.999999747378752e-05, 0.0778900682926178], "k_pid_yaw": [0.5, 1e-06, 0.1], "k_pid_hsp": [9.933329582214355, 0.0, 0.04909601807594299], "k_pid_vsp": [400.0, 400.0, 400.0]}, "datetime": {"datetime": "2025-08-12 03:02:26", "elapsed": 38225.62546420097, "delta": 30.55507493019104}, "costs": {"total_cost": 1435.5280368770714, "time_cost": 150, "final_distance_cost": 83.2815957030382, "oscillation_cost": 407.94586288740066, "completition_cost": 666.6666666666667, "overshoot_cost": 68.49234393153957, "power_cost": 31.468806408691407, "noise_cost": 27.672761279734946, "n_waypoints_completed": 3, "tot_waypoints": 9}}
{"target": -8113.456629362625, "params": {"k_pid_pos": [2.0, 0.9994156956672668, 0.98078453540802], "k_pid_alt": [1.9107400178909302, 1.0, 1.0], "k_pid_att": [0.0, 9.999999747378752e-05, 0.0], "k_pid_yaw": [0.5, 1e-06, 0.1], "k_pid_hsp": [10.0, 0.0, 0.0], "k_pid_vsp": [400.0, 400.0, 400.0]}, "datetime": {"datetime": "2025-08-12 03:02:57", "elapsed": 38257.32420015335, "delta": 31.69873595237732}, "costs": {"total_cost": 8113.456629362625, "time_cost": 150, "final_distance_cost": 1018.5867886607954, "oscillation_cost": 14.824952432228478, "completition_cost": 1000.0, "overshoot_cost": 5793.57735331909, "power_cost": 44.438768896484376, "noise_cost": 92.02876605402577, "n_waypoints_completed": 0, "tot_waypoints": 9}}
{"target": -1712.7198955008944, "params": {"k_pid_pos": [2.0, 0.9830595254898071, 1.0], "k_pid_alt": [2.0, 0.9090019464492798, 1.0], "k_pid_att": [2.115079879760742, 9.999999747378752e-05, 0.0], "k_pid_yaw": [0.5, 1e-06, 0.1], "k_pid_hsp": [9.946979522705078, 0.0004627108573913574, 0.048442989587783813], "k_pid_vsp": [364.2869567871094, 370.8670959472656, 400.0]}, "datetime": {"datetime": "2025-08-12 03:03:27", "elapsed": 38287.323620557785, "delta": 29.999420404434204}, "costs": {"total_cost": 1712.7198955008944, "time_cost": 150, "final_distance_cost": 28.82188046952676, "oscillation_cost": 376.674207336358, "completition_cost": 1000.0, "overshoot_cost": 99.2546917217121, "power_cost": 31.33113741455078, "noise_cost": 26.637978558746735, "n_waypoints_completed": 0, "tot_waypoints": 9}}
{"target": -1093.8735544477533, "params": {"k_pid_pos": [2.0, 1.0, 0.9391392469406128], "k_pid_alt": [2.0, 1.0, 0.9442692995071411], "k_pid_att": [4.5639753341674805, 0.6362802386283875, 0.0007106363773345947], "k_pid_yaw": [0.5, 1e-06, 0.1], "k_pid_hsp": [10.0, 0.0, 0.022255420684814453], "k_pid_vsp": [397.194091796875, 378.65606689453125, 391.6901550292969]}, "datetime": {"datetime": "2025-08-12 03:03:59", "elapsed": 38318.48279047012, "delta": 31.159169912338257}, "costs": {"total_cost": 1093.8735544477533, "time_cost": 150, "final_distance_cost": 53.31728451594645, "oscillation_cost": 429.3082542499423, "completition_cost": 333.33333333333337, "overshoot_cost": 66.18255907038923, "power_cost": 33.38551707763672, "noise_cost": 28.346606200505164, "n_waypoints_completed": 6, "tot_waypoints": 9}}
{"target": -1947.9543119531688, "params": {"k_pid_pos": [1.9022995233535767, 1.0, 0.9700667858123779], "k_pid_alt": [1.8912968635559082, 1.0, 0.9992652535438538], "k_pid_att": [8.993119239807129, 9.999999747378752e-05, 0.0], "k_pid_yaw": [0.5, 1e-06, 0.1], "k_pid_hsp": [9.988646507263184, 0.0, 0.0], "k_pid_vsp": [365.4564208984375, 385.6957702636719, 393.34564208984375]}, "datetime": {"datetime": "2025-08-12 03:04:29", "elapsed": 38349.13567280769, "delta": 30.65288233757019}, "costs": {"total_cost": 1947.9543119531688, "time_cost": 150, "final_distance_cost": 0.9975376492669698, "oscillation_cost": 562.0550618328554, "completition_cost": 1000.0, "overshoot_cost": 141.21825652415785, "power_cost": 30.894300024414065, "noise_cost": 62.78915592247467, "n_waypoints_completed": 0, "tot_waypoints": 9}}
{"target": -1591.6889251128184, "params": {"k_pid_pos": [2.0, 0.9802207350730896, 1.0], "k_pid_alt": [1.8784821033477783, 0.9561823606491089, 0.9847204685211182], "k_pid_att": [2.129509925842285, 0.17758983373641968, 0.0], "k_pid_yaw": [0.5, 1e-06, 0.1], "k_pid_hsp": [10.0, 0.042100727558135986, 0.08756276965141296], "k_pid_vsp": [365.13555908203125, 382.6787414550781, 400.0]}, "datetime": {"datetime": "2025-08-12 03:05:00", "elapsed": 38380.11998939514, "delta": 30.98431658744812}, "costs": {"total_cost": 1591.6889251128184, "time_cost": 150, "final_distance_cost": 45.4456147037626, "oscillation_cost": 378.8027349619983, "completition_cost": 888.8888888888888, "overshoot_cost": 70.42873496133835, "power_cost": 31.252794567871096, "noise_cost": 26.870157028959294, "n_waypoints_completed": 1, "tot_waypoints": 9}}
