{"target": -905.4416757339287, "params": {"k_pid_pos": [1.9233999252319336, 0.95277339220047, 0.9886771440505981], "k_pid_alt": [2.0, 1.0, 0.9625656604766846], "k_pid_att": [0.3765314817428589, 0.20934924483299255, 0.034264951944351196], "k_pid_yaw": [0.5, 1e-06, 0.1], "k_pid_hsp": [10.0, 0.07623404264450073, 0.0358985960483551], "k_pid_vsp": [381.4973449707031, 399.3341369628906, 400.0]}, "datetime": {"datetime": "2025-08-11 20:15:05", "elapsed": 13784.860665082932, "delta": 29.93588423728943}, "costs": {"total_cost": 905.4416757339287, "time_cost": 150, "final_distance_cost": 49.25327328426373, "oscillation_cost": 132.7909331744169, "completition_cost": 444.4444444444444, "overshoot_cost": 60.74736937592087, "power_cost": 37.103417578125004, "noise_cost": 31.1022378767577, "n_waypoints_completed": 5, "tot_waypoints": 9}}
{"target": -4906.536869064699, "params": {"k_pid_pos": [1.9139580726623535, 0.9123373031616211, 0.9512407779693604], "k_pid_alt": [1.9556987285614014, 0.9729295969009399, 1.0], "k_pid_att": [0.0, 0.6988233923912048, 0.013061344623565674], "k_pid_yaw": [0.5, 1e-06, 0.1], "k_pid_hsp": [9.747543334960938, 0.0, 0.00509268045425415], "k_pid_vsp": [383.237548828125, 400.0, 400.0]}, "datetime": {"datetime": "2025-08-11 20:15:35", "elapsed": 13815.116198539734, "delta": 30.255533456802368}, "costs": {"total_cost": 4906.536869064699, "time_cost": 150, "final_distance_cost": 512.7908995901513, "oscillation_cost": 2045.6565841956794, "completition_cost": 1000.0, "overshoot_cost": 966.0776599424922, "power_cost": 57.41476236572266, "noise_cost": 174.5969629706535, "n_waypoints_completed": 0, "tot_waypoints": 9}}
{"target": -8134.670972425595, "params": {"k_pid_pos": [2.0, 1.0, 0.9741414785385132], "k_pid_alt": [2.0, 0.9497588872909546, 1.0], "k_pid_att": [0.0, 9.999999747378752e-05, 0.0], "k_pid_yaw": [0.5, 1e-06, 0.1], "k_pid_hsp": [10.0, 0.1134355366230011, 0.010114103555679321], "k_pid_vsp": [400.0, 378.8873291015625, 387.2038269042969]}, "datetime": {"datetime": "2025-08-11 20:16:05", "elapsed": 13845.320734739304, "delta": 30.204536199569702}, "costs": {"total_cost": 8134.670972425595, "time_cost": 150, "final_distance_cost": 1053.5528922194117, "oscillation_cost": 14.936254280572667, "completition_cost": 1000.0, "overshoot_cost": 5780.516201560141, "power_cost": 44.88624821777344, "noise_cost": 90.77937614769554, "n_waypoints_completed": 0, "tot_waypoints": 9}}
{"target": -1722.0760375638642, "params": {"k_pid_pos": [2.0, 1.0, 1.0], "k_pid_alt": [1.9685499668121338, 0.9748616814613342, 1.0], "k_pid_att": [2.3001551628112793, 0.46239912509918213, 0.0], "k_pid_yaw": [0.5, 1e-06, 0.1], "k_pid_hsp": [10.0, 0.01221698522567749, 0.0], "k_pid_vsp": [374.3485412597656, 377.1068115234375, 400.0]}, "datetime": {"datetime": "2025-08-11 20:16:36", "elapsed": 13875.621394634247, "delta": 30.300659894943237}, "costs": {"total_cost": 1722.0760375638642, "time_cost": 150, "final_distance_cost": 43.289931856234034, "oscillation_cost": 392.8159809486477, "completition_cost": 1000.0, "overshoot_cost": 77.2991456612601, "power_cost": 31.720780419921876, "noise_cost": 26.950198677800753, "n_waypoints_completed": 0, "tot_waypoints": 9}}
{"target": -1542.2475919203055, "params": {"k_pid_pos": [2.0, 0.9779614806175232, 0.9571974277496338], "k_pid_alt": [1.9926660060882568, 1.0, 0.9584448337554932], "k_pid_att": [2.936011552810669, 9.999999747378752e-05, 0.0], "k_pid_yaw": [0.5, 1e-06, 0.1], "k_pid_hsp": [10.0, 0.08855223655700684, 0.026675403118133545], "k_pid_vsp": [388.50872802734375, 370.9780578613281, 400.0]}, "datetime": {"datetime": "2025-08-11 20:17:06", "elapsed": 13905.399467945099, "delta": 29.77807331085205}, "costs": {"total_cost": 1542.2475919203055, "time_cost": 150, "final_distance_cost": 79.1772398313338, "oscillation_cost": 401.5483682128394, "completition_cost": 777.7777777777778, "overshoot_cost": 73.87052495846372, "power_cost": 32.32485120849609, "noise_cost": 27.548829931394682, "n_waypoints_completed": 2, "tot_waypoints": 9}}
{"target": -4038.333482307097, "params": {"k_pid_pos": [1.8870478868484497, 1.0, 1.0], "k_pid_alt": [2.0, 1.0, 1.0], "k_pid_att": [0.0, 0.27100276947021484, 0.0], "k_pid_yaw": [0.5, 1e-06, 0.1], "k_pid_hsp": [9.705986022949219, 0.0, 0.0], "k_pid_vsp": [398.2878112792969, 377.4948425292969, 400.0]}, "datetime": {"datetime": "2025-08-11 20:17:37", "elapsed": 13936.428742647171, "delta": 31.029274702072144}, "costs": {"total_cost": 4038.333482307097, "time_cost": 150, "final_distance_cost": 336.05639485168786, "oscillation_cost": 1189.4880371625263, "completition_cost": 1000.0, "overshoot_cost": 1134.0613568441856, "power_cost": 57.47977878417969, "noise_cost": 171.24791466451688, "n_waypoints_completed": 0, "tot_waypoints": 9}}
{"target": -5106.33460415399, "params": {"k_pid_pos": [1.9157676696777344, 0.9523871541023254, 1.0], "k_pid_alt": [2.0, 1.0, 0.9837017059326172], "k_pid_att": [0.0, 0.6988648176193237, 0.0], "k_pid_yaw": [0.5, 1e-06, 0.1], "k_pid_hsp": [9.861348152160645, 0.0, 0.10101687908172607], "k_pid_vsp": [391.8358154296875, 400.0, 390.946044921875]}, "datetime": {"datetime": "2025-08-11 20:18:07", "elapsed": 13966.897688865662, "delta": 30.4689462184906}, "costs": {"total_cost": 5106.33460415399, "time_cost": 150, "final_distance_cost": 382.18079505454034, "oscillation_cost": 2130.1670520147773, "completition_cost": 1000.0, "overshoot_cost": 1212.420816285519, "power_cost": 57.253776477050785, "noise_cost": 174.31216432210286, "n_waypoints_completed": 0, "tot_waypoints": 9}}
{"target": -8065.8218677375635, "params": {"k_pid_pos": [2.0, 1.0, 0.9807097911834717], "k_pid_alt": [2.0, 1.0, 0.9629166126251221], "k_pid_att": [0.0, 9.999999747378752e-05, 0.0], "k_pid_yaw": [0.5, 1e-06, 0.1], "k_pid_hsp": [10.0, 0.0, 0.03470855951309204], "k_pid_vsp": [398.4158630371094, 394.6379699707031, 392.0508728027344]}, "datetime": {"datetime": "2025-08-11 20:18:37", "elapsed": 13997.17804312706, "delta": 30.280354261398315}, "costs": {"total_cost": 8065.8218677375635, "time_cost": 150, "final_distance_cost": 978.0756507090032, "oscillation_cost": 14.836490208520306, "completition_cost": 1000.0, "overshoot_cost": 5786.208574774383, "power_cost": 44.95577722167969, "noise_cost": 91.74537482397749, "n_waypoints_completed": 0, "tot_waypoints": 9}}
{"target": -1544.18791881875, "params": {"k_pid_pos": [2.0, 1.0, 0.9587027430534363], "k_pid_alt": [1.8451941013336182, 1.0, 0.9940646886825562], "k_pid_att": [8.864325523376465, 0.47301816940307617, 0.0], "k_pid_yaw": [0.5, 1e-06, 0.1], "k_pid_hsp": [9.566941261291504, 0.043691396713256836, 0.0], "k_pid_vsp": [398.2815856933594, 400.0, 400.0]}, "datetime": {"datetime": "2025-08-11 20:19:07", "elapsed": 14026.990837574005, "delta": 29.81279444694519}, "costs": {"total_cost": 1544.18791881875, "time_cost": 150, "final_distance_cost": 73.98019217595377, "oscillation_cost": 522.2881278226965, "completition_cost": 666.6666666666667, "overshoot_cost": 70.29529218481593, "power_cost": 32.271949707031254, "noise_cost": 28.685690261585652, "n_waypoints_completed": 3, "tot_waypoints": 9}}
{"target": -8264.390200182455, "params": {"k_pid_pos": [2.0, 1.0, 0.9858729839324951], "k_pid_alt": [1.809108853340149, 0.9444583654403687, 1.0], "k_pid_att": [0.0, 9.999999747378752e-05, 0.004098683595657349], "k_pid_yaw": [0.5, 1e-06, 0.1], "k_pid_hsp": [10.0, 0.03822678327560425, 0.0], "k_pid_vsp": [400.0, 383.9580383300781, 400.0]}, "datetime": {"datetime": "2025-08-11 20:19:37", "elapsed": 14057.09324479103, "delta": 30.102407217025757}, "costs": {"total_cost": 8264.390200182455, "time_cost": 150, "final_distance_cost": 1779.0926756460708, "oscillation_cost": 11.790885465427358, "completition_cost": 1000.0, "overshoot_cost": 5198.608656050981, "power_cost": 42.09554838867188, "noise_cost": 82.80243463130395, "n_waypoints_completed": 0, "tot_waypoints": 9}}
{"target": -1775.1816353161264, "params": {"k_pid_pos": [1.934716820716858, 0.9954640865325928, 0.9841582775115967], "k_pid_alt": [2.0, 0.9936926364898682, 1.0], "k_pid_att": [4.518967628479004, 9.999999747378752e-05, 0.03490129113197327], "k_pid_yaw": [0.5, 1e-06, 0.1], "k_pid_hsp": [9.617133140563965, 0.0, 0.0], "k_pid_vsp": [400.0, 390.451416015625, 371.9242858886719]}, "datetime": {"datetime": "2025-08-11 20:20:07", "elapsed": 14087.094679117203, "delta": 30.001434326171875}, "costs": {"total_cost": 1775.1816353161264, "time_cost": 150, "final_distance_cost": 23.118418452682082, "oscillation_cost": 432.24356248585724, "completition_cost": 1000.0, "overshoot_cost": 111.61179876660718, "power_cost": 30.865574487304688, "noise_cost": 27.342281123675228, "n_waypoints_completed": 0, "tot_waypoints": 9}}
{"target": -4458.390424298057, "params": {"k_pid_pos": [2.0, 0.9941381216049194, 0.9648838043212891], "k_pid_alt": [1.9979007244110107, 0.9717943072319031, 1.0], "k_pid_att": [0.0, 0.307614266872406, 0.043119072914123535], "k_pid_yaw": [0.5, 1e-06, 0.1], "k_pid_hsp": [9.77548599243164, 0.05177527666091919, 0.072045236825943], "k_pid_vsp": [395.29150390625, 400.0, 385.3516540527344]}, "datetime": {"datetime": "2025-08-11 20:20:37", "elapsed": 14117.169942378998, "delta": 30.075263261795044}, "costs": {"total_cost": 4458.390424298057, "time_cost": 150, "final_distance_cost": 545.4300153722515, "oscillation_cost": 1198.655585159699, "completition_cost": 1000.0, "overshoot_cost": 1336.5657993294544, "power_cost": 57.83293308105469, "noise_cost": 169.9060913555977, "n_waypoints_completed": 0, "tot_waypoints": 9}}
{"target": -4207.031197475386, "params": {"k_pid_pos": [2.0, 0.9514428377151489, 1.0], "k_pid_alt": [2.0, 0.9754866361618042, 0.9430050849914551], "k_pid_att": [0.0, 9.999999747378752e-05, 0.043364882469177246], "k_pid_yaw": [0.5, 1e-06, 0.1], "k_pid_hsp": [9.916927337646484, 0.014301329851150513, 0.0], "k_pid_vsp": [400.0, 366.3168640136719, 365.19854736328125]}, "datetime": {"datetime": "2025-08-11 20:21:08", "elapsed": 14148.335463047028, "delta": 31.165520668029785}, "costs": {"total_cost": 4207.031197475386, "time_cost": 150, "final_distance_cost": 865.6196460453624, "oscillation_cost": 4.614045117437325, "completition_cost": 1000.0, "overshoot_cost": 2071.6340652489403, "power_cost": 30.291534509277344, "noise_cost": 84.87190655436957, "n_waypoints_completed": 0, "tot_waypoints": 9}}
{"target": -3737.2414464643716, "params": {"k_pid_pos": [2.0, 1.0, 1.0], "k_pid_alt": [2.0, 0.9496852159500122, 0.9430604577064514], "k_pid_att": [0.0, 0.3058130145072937, 0.0], "k_pid_yaw": [0.5, 1e-06, 0.1], "k_pid_hsp": [9.488285064697266, 0.0, 0.04672732949256897], "k_pid_vsp": [400.0, 392.26116943359375, 400.0]}, "datetime": {"datetime": "2025-08-11 20:21:41", "elapsed": 14180.510130882263, "delta": 32.174667835235596}, "costs": {"total_cost": 3737.2414464643716, "time_cost": 150, "final_distance_cost": 230.75546925401295, "oscillation_cost": 1451.5364573274542, "completition_cost": 1000.0, "overshoot_cost": 674.8281941526737, "power_cost": 57.62826275634766, "noise_cost": 172.49306297388284, "n_waypoints_completed": 0, "tot_waypoints": 9}}
{"target": -1051.5424190966069, "params": {"k_pid_pos": [2.0, 0.9634895324707031, 1.0], "k_pid_alt": [2.0, 0.9834551215171814, 0.9706253409385681], "k_pid_att": [1.3551175594329834, 0.301813006401062, 0.004601657390594482], "k_pid_yaw": [0.5, 1e-06, 0.1], "k_pid_hsp": [10.0, 0.0, 0.004783540964126587], "k_pid_vsp": [400.0, 400.0, 375.0568542480469]}, "datetime": {"datetime": "2025-08-11 20:22:12", "elapsed": 14211.394602298737, "delta": 30.88447141647339}, "costs": {"total_cost": 1051.5424190966069, "time_cost": 150, "final_distance_cost": 52.515155168587846, "oscillation_cost": 279.74031693090456, "completition_cost": 444.4444444444444, "overshoot_cost": 65.32352625325208, "power_cost": 32.359216015625, "noise_cost": 27.15976028379301, "n_waypoints_completed": 5, "tot_waypoints": 9}}
{"target": -5981.277988615193, "params": {"k_pid_pos": [2.0, 1.0, 1.0], "k_pid_alt": [2.0, 0.9028638601303101, 1.0], "k_pid_att": [0.0, 0.2347337156534195, 0.03943765163421631], "k_pid_yaw": [0.5, 1e-06, 0.1], "k_pid_hsp": [9.329507827758789, 0.0, 0.0], "k_pid_vsp": [400.0, 400.0, 393.700439453125]}, "datetime": {"datetime": "2025-08-11 20:22:42", "elapsed": 14242.309000015259, "delta": 30.914397716522217}, "costs": {"total_cost": 5981.277988615193, "time_cost": 150, "final_distance_cost": 1027.6940716786592, "oscillation_cost": 1056.367106322372, "completition_cost": 1000.0, "overshoot_cost": 2520.11348587831, "power_cost": 57.76306170654297, "noise_cost": 169.3402630293082, "n_waypoints_completed": 0, "tot_waypoints": 9}}
{"target": -1047.352837997588, "params": {"k_pid_pos": [2.0, 1.0, 0.9507285356521606], "k_pid_alt": [1.884618878364563, 1.0, 0.9337656497955322], "k_pid_att": [13.412848472595215, 0.13425321877002716, 0.0], "k_pid_yaw": [0.5, 1e-06, 0.1], "k_pid_hsp": [10.0, 0.0, 0.07907181978225708], "k_pid_vsp": [373.3980407714844, 380.9930114746094, 370.7657470703125]}, "datetime": {"datetime": "2025-08-11 20:23:14", "elapsed": 14273.52925157547, "delta": 31.22025156021118}, "costs": {"total_cost": 1047.352837997588, "time_cost": 150, "final_distance_cost": 71.71180913220849, "oscillation_cost": 482.1478297365984, "completition_cost": 222.2222222222222, "overshoot_cost": 57.50358664765865, "power_cost": 33.05091325683594, "noise_cost": 30.716477002064465, "n_waypoints_completed": 7, "tot_waypoints": 9}}
{"target": -8143.14414988715, "params": {"k_pid_pos": [1.8978317975997925, 1.0, 0.9739791750907898], "k_pid_alt": [2.0, 0.9983608722686768, 0.8928231596946716], "k_pid_att": [0.0, 9.999999747378752e-05, 0.0], "k_pid_yaw": [0.5, 1e-06, 0.1], "k_pid_hsp": [10.0, 0.0, 0.05848991870880127], "k_pid_vsp": [378.918212890625, 391.93603515625, 372.1751403808594]}, "datetime": {"datetime": "2025-08-11 20:23:44", "elapsed": 14303.703318119049, "delta": 30.1740665435791}, "costs": {"total_cost": 8143.14414988715, "time_cost": 150, "final_distance_cost": 1106.3715706558626, "oscillation_cost": 13.712999705204362, "completition_cost": 1000.0, "overshoot_cost": 5746.902868145992, "power_cost": 43.20316512451172, "noise_cost": 82.95354625557992, "n_waypoints_completed": 0, "tot_waypoints": 9}}
{"target": -1869.8054588093532, "params": {"k_pid_pos": [1.886659026145935, 1.0, 0.9078369140625], "k_pid_alt": [1.8558775186538696, 0.8796171545982361, 1.0], "k_pid_att": [9.338789939880371, 0.7558891773223877, 0.014809101819992065], "k_pid_yaw": [0.5, 1e-06, 0.1], "k_pid_hsp": [10.0, 0.0, 0.0], "k_pid_vsp": [399.5937805175781, 400.0, 400.0]}, "datetime": {"datetime": "2025-08-11 20:24:15", "elapsed": 14334.727763652802, "delta": 31.02444553375244}, "costs": {"total_cost": 1869.8054588093532, "time_cost": 150, "final_distance_cost": 17.548588101280373, "oscillation_cost": 546.5337798344367, "completition_cost": 1000.0, "overshoot_cost": 96.63201242462812, "power_cost": 31.051534594726565, "noise_cost": 28.039543854281717, "n_waypoints_completed": 0, "tot_waypoints": 9}}
{"target": -1434.0740615095517, "params": {"k_pid_pos": [1.9419901371002197, 1.0, 1.0], "k_pid_alt": [2.0, 1.0, 0.9634765386581421], "k_pid_att": [3.240147113800049, 0.07893738150596619, 0.0], "k_pid_yaw": [0.5, 1e-06, 0.1], "k_pid_hsp": [9.438632011413574, 0.0, 0.0], "k_pid_vsp": [400.0, 397.7197570800781, 400.0]}, "datetime": {"datetime": "2025-08-11 20:24:45", "elapsed": 14365.107005119324, "delta": 30.379241466522217}, "costs": {"total_cost": 1434.0740615095517, "time_cost": 150, "final_distance_cost": 82.3806530942005, "oscillation_cost": 405.9374929846494, "completition_cost": 666.6666666666667, "overshoot_cost": 70.06304818175052, "power_cost": 31.74729450683594, "noise_cost": 27.27890607544884, "n_waypoints_completed": 3, "tot_waypoints": 9}}
{"target": -1084.5103121282955, "params": {"k_pid_pos": [2.0, 0.9733364582061768, 1.0], "k_pid_alt": [1.8462482690811157, 0.9628075361251831, 1.0], "k_pid_att": [7.078212738037109, 0.12827403843402863, 0.03159424662590027], "k_pid_yaw": [0.5, 1e-06, 0.1], "k_pid_hsp": [9.458971977233887, 0.0, 0.026019126176834106], "k_pid_vsp": [400.0, 400.0, 376.6483154296875]}, "datetime": {"datetime": "2025-08-11 20:25:16", "elapsed": 14395.623634338379, "delta": 30.516629219055176}, "costs": {"total_cost": 1084.5103121282955, "time_cost": 150, "final_distance_cost": 65.14426214279766, "oscillation_cost": 415.60777849415143, "completition_cost": 333.33333333333337, "overshoot_cost": 58.66160341579626, "power_cost": 32.108447277832035, "noise_cost": 29.654887464384657, "n_waypoints_completed": 6, "tot_waypoints": 9}}
{"target": -1209.69828985318, "params": {"k_pid_pos": [2.0, 0.9855793714523315, 1.0], "k_pid_alt": [1.879480242729187, 1.0, 0.9804751873016357], "k_pid_att": [4.40438985824585, 0.5100653767585754, 0.0], "k_pid_yaw": [0.5, 1e-06, 0.1], "k_pid_hsp": [9.616338729858398, 0.030207276344299316, 0.013171255588531494], "k_pid_vsp": [384.3553466796875, 400.0, 392.2897644042969]}, "datetime": {"datetime": "2025-08-11 20:25:46", "elapsed": 14426.08381819725, "delta": 30.46018385887146}, "costs": {"total_cost": 1209.69828985318, "time_cost": 150, "final_distance_cost": 56.83293201665541, "oscillation_cost": 429.92476103025507, "completition_cost": 444.4444444444444, "overshoot_cost": 66.96836461867265, "power_cost": 32.264779223632814, "noise_cost": 29.26300851951973, "n_waypoints_completed": 5, "tot_waypoints": 9}}
{"target": -965.4000434387484, "params": {"k_pid_pos": [2.0, 1.0, 1.0], "k_pid_alt": [1.786985158920288, 0.9321712255477905, 0.9898309707641602], "k_pid_att": [0.855708122253418, 9.999999747378752e-05, 0.08842930197715759], "k_pid_yaw": [0.5, 1e-06, 0.1], "k_pid_hsp": [10.0, 0.0, 0.0367715060710907], "k_pid_vsp": [392.4236755371094, 390.2360534667969, 390.15093994140625]}, "datetime": {"datetime": "2025-08-11 20:26:17", "elapsed": 14456.737776994705, "delta": 30.653958797454834}, "costs": {"total_cost": 965.4000434387484, "time_cost": 150, "final_distance_cost": 47.23066542161572, "oscillation_cost": 72.55284198115153, "completition_cost": 555.5555555555555, "overshoot_cost": 76.1732439618594, "power_cost": 32.81616726074219, "noise_cost": 31.071569257824084, "n_waypoints_completed": 4, "tot_waypoints": 9}}
{"target": -8091.51727715494, "params": {"k_pid_pos": [1.9120267629623413, 0.9849482774734497, 1.0], "k_pid_alt": [2.0, 1.0, 0.9599961042404175], "k_pid_att": [0.0, 9.999999747378752e-05, 0.0], "k_pid_yaw": [0.5, 1e-06, 0.1], "k_pid_hsp": [9.905152320861816, 0.06102806329727173, 0.035341113805770874], "k_pid_vsp": [399.43060302734375, 400.0, 391.15234375]}, "datetime": {"datetime": "2025-08-11 20:26:47", "elapsed": 14486.877312898636, "delta": 30.139535903930664}, "costs": {"total_cost": 8091.51727715494, "time_cost": 150, "final_distance_cost": 1016.2347064974975, "oscillation_cost": 14.955016455040623, "completition_cost": 1000.0, "overshoot_cost": 5774.146973401641, "power_cost": 45.309850000000004, "noise_cost": 90.87073080076097, "n_waypoints_completed": 0, "tot_waypoints": 9}}
{"target": -1068.759450447583, "params": {"k_pid_pos": [2.0, 0.9550493955612183, 1.0], "k_pid_alt": [2.0, 1.0, 0.9898318648338318], "k_pid_att": [4.105114936828613, 9.999999747378752e-05, 0.0], "k_pid_yaw": [0.5, 1e-06, 0.1], "k_pid_hsp": [10.0, 0.0013096034526824951, 0.0], "k_pid_vsp": [381.1463928222656, 400.0, 365.5436096191406]}, "datetime": {"datetime": "2025-08-11 20:27:18", "elapsed": 14517.585812330246, "delta": 30.708499431610107}, "costs": {"total_cost": 1068.759450447583, "time_cost": 150, "final_distance_cost": 61.854643049250825, "oscillation_cost": 395.8990155853755, "completition_cost": 333.33333333333337, "overshoot_cost": 66.95352898311724, "power_cost": 31.67842235107422, "noise_cost": 29.040507145431977, "n_waypoints_completed": 6, "tot_waypoints": 9}}
{"target": -1804.1137070647746, "params": {"k_pid_pos": [2.0, 0.9934706687927246, 0.9658703804016113], "k_pid_alt": [1.9763598442077637, 0.9947894811630249, 1.0], "k_pid_att": [2.940788745880127, 9.999999747378752e-05, 0.02662414312362671], "k_pid_yaw": [0.5, 1e-06, 0.1], "k_pid_hsp": [9.830163955688477, 0.0, 0.0], "k_pid_vsp": [400.0, 400.0, 400.0]}, "datetime": {"datetime": "2025-08-11 20:27:48", "elapsed": 14548.012511253357, "delta": 30.426698923110962}, "costs": {"total_cost": 1804.1137070647746, "time_cost": 150, "final_distance_cost": 1.0000727882404317, "oscillation_cost": 378.34794404619095, "completition_cost": 1000.0, "overshoot_cost": 155.95064470750486, "power_cost": 29.635088513183597, "noise_cost": 89.17995700965508, "n_waypoints_completed": 0, "tot_waypoints": 9}}
{"target": -14906.394006145294, "params": {"k_pid_pos": [1.9859309196472168, 0.9947017431259155, 1.0], "k_pid_alt": [2.0, 1.0, 1.0], "k_pid_att": [0.0, 1.301916480064392, 0.0], "k_pid_yaw": [0.5, 1e-06, 0.1], "k_pid_hsp": [9.630093574523926, 0.013328999280929565, 0.004999339580535889], "k_pid_vsp": [380.7976379394531, 400.0, 376.493408203125]}, "datetime": {"datetime": "2025-08-11 20:28:19", "elapsed": 14578.806619882584, "delta": 30.794108629226685}, "costs": {"total_cost": 14906.394006145294, "time_cost": 150, "final_distance_cost": 4646.793450064808, "oscillation_cost": 2408.3014068292196, "completition_cost": 1000.0, "overshoot_cost": 6467.530846163284, "power_cost": 58.831938818359376, "noise_cost": 174.93636426962354, "n_waypoints_completed": 0, "tot_waypoints": 9}}
