{"target": -1248.5575729977052, "params": {"k_pid_pos": [1.7840145826339722, 0.9974331855773926, 1.0], "k_pid_alt": [2.0, 0.924836277961731, 1.0], "k_pid_att": [10.080155372619629, 0.3374091386795044, 0.010169953107833862], "k_pid_yaw": [0.5, 1e-06, 0.1], "k_pid_hsp": [10.0, 0.025229156017303467, 0.09441980719566345], "k_pid_vsp": [400.0, 400.0, 382.7735290527344]}, "datetime": {"datetime": "2025-08-11 22:36:16", "elapsed": 22256.060564994812, "delta": 31.185544729232788}, "costs": {"total_cost": 1248.5575729977052, "time_cost": 150, "final_distance_cost": 50.3034305839574, "oscillation_cost": 485.2529562854537, "completition_cost": 444.4444444444444, "overshoot_cost": 55.79308216373149, "power_cost": 32.428587133789065, "noise_cost": 30.33507238632913, "n_waypoints_completed": 5, "tot_waypoints": 9}}
{"target": -1115.0190106161722, "params": {"k_pid_pos": [2.0, 0.9924255013465881, 1.0], "k_pid_alt": [1.8078120946884155, 1.0, 1.0], "k_pid_att": [6.492895126342773, 9.999999747378752e-05, 0.0], "k_pid_yaw": [0.5, 1e-06, 0.1], "k_pid_hsp": [9.465555191040039, 0.0, 0.10816794633865356], "k_pid_vsp": [400.0, 400.0, 388.1607666015625]}, "datetime": {"datetime": "2025-08-11 22:36:47", "elapsed": 22286.92336654663, "delta": 30.862801551818848}, "costs": {"total_cost": 1115.0190106161722, "time_cost": 150, "final_distance_cost": 66.60966940934415, "oscillation_cost": 441.84285270536606, "completition_cost": 333.33333333333337, "overshoot_cost": 59.32585247058259, "power_cost": 33.78906461181641, "noise_cost": 30.118238085729633, "n_waypoints_completed": 6, "tot_waypoints": 9}}
{"target": -6129.866541208525, "params": {"k_pid_pos": [1.9803893566131592, 0.9562407732009888, 0.9900124073028564], "k_pid_alt": [1.8941209316253662, 1.0, 1.0], "k_pid_att": [0.0, 0.3392470180988312, 0.03274381160736084], "k_pid_yaw": [0.5, 1e-06, 0.1], "k_pid_hsp": [9.223465919494629, 0.03416407108306885, 0.031024694442749023], "k_pid_vsp": [400.0, 400.0, 400.0]}, "datetime": {"datetime": "2025-08-11 22:37:18", "elapsed": 22317.747564792633, "delta": 30.824198246002197}, "costs": {"total_cost": 6129.866541208525, "time_cost": 150, "final_distance_cost": 1578.5800504520003, "oscillation_cost": 1381.6197475838173, "completition_cost": 1000.0, "overshoot_cost": 1792.0124322964764, "power_cost": 57.56632915039063, "noise_cost": 170.08798172584054, "n_waypoints_completed": 0, "tot_waypoints": 9}}
{"target": -1735.070670683337, "params": {"k_pid_pos": [2.0, 0.9283491373062134, 1.0], "k_pid_alt": [2.0, 0.9686475992202759, 1.0], "k_pid_att": [2.5562644004821777, 0.5976458191871643, 0.01072162389755249], "k_pid_yaw": [0.5, 1e-06, 0.1], "k_pid_hsp": [9.4950532913208, 0.09306603670120239, 0.0], "k_pid_vsp": [400.0, 395.4503479003906, 400.0]}, "datetime": {"datetime": "2025-08-11 22:37:49", "elapsed": 22348.61206650734, "delta": 30.86450171470642}, "costs": {"total_cost": 1735.070670683337, "time_cost": 150, "final_distance_cost": 31.049419600888193, "oscillation_cost": 392.4064101394956, "completition_cost": 1000.0, "overshoot_cost": 103.83766552521733, "power_cost": 31.160821618652346, "noise_cost": 26.616353799083843, "n_waypoints_completed": 0, "tot_waypoints": 9}}
{"target": -1128.685593744456, "params": {"k_pid_pos": [2.0, 1.0, 0.9586098790168762], "k_pid_alt": [2.0, 1.0, 0.8779963850975037], "k_pid_att": [11.601668357849121, 9.999999747378752e-05, 0.0], "k_pid_yaw": [0.5, 1e-06, 0.1], "k_pid_hsp": [10.0, 0.011856436729431152, 0.0], "k_pid_vsp": [395.4933166503906, 392.7576904296875, 400.0]}, "datetime": {"datetime": "2025-08-11 22:38:20", "elapsed": 22379.94044327736, "delta": 31.32837677001953}, "costs": {"total_cost": 1128.685593744456, "time_cost": 150, "final_distance_cost": 63.51731674246275, "oscillation_cost": 455.86930744410336, "completition_cost": 333.33333333333337, "overshoot_cost": 63.493546492377675, "power_cost": 32.16362008056641, "noise_cost": 30.30846965161242, "n_waypoints_completed": 6, "tot_waypoints": 9}}
{"target": -5665.256871721998, "params": {"k_pid_pos": [1.9462038278579712, 1.0, 1.0], "k_pid_alt": [1.9964815378189087, 0.9786278009414673, 1.0], "k_pid_att": [0.0, 0.19161584973335266, 0.03539246320724487], "k_pid_yaw": [0.5, 1e-06, 0.1], "k_pid_hsp": [10.0, 0.0, 0.0], "k_pid_vsp": [394.3100891113281, 391.0821533203125, 400.0]}, "datetime": {"datetime": "2025-08-11 22:38:51", "elapsed": 22410.746061325073, "delta": 30.805618047714233}, "costs": {"total_cost": 5665.256871721998, "time_cost": 150, "final_distance_cost": 851.3683879052152, "oscillation_cost": 864.8256934216726, "completition_cost": 1000.0, "overshoot_cost": 2575.253270049352, "power_cost": 57.330759008789066, "noise_cost": 166.47876133697, "n_waypoints_completed": 0, "tot_waypoints": 9}}
{"target": -3044.414987551135, "params": {"k_pid_pos": [2.0, 0.9584248065948486, 1.0], "k_pid_alt": [1.8810055255889893, 1.0, 0.9685009121894836], "k_pid_att": [0.0, 9.999999747378752e-05, 0.05535930395126343], "k_pid_yaw": [0.5, 1e-06, 0.1], "k_pid_hsp": [10.0, 0.0, 0.0], "k_pid_vsp": [388.2202453613281, 400.0, 400.0]}, "datetime": {"datetime": "2025-08-11 22:39:23", "elapsed": 22443.014474868774, "delta": 32.26841354370117}, "costs": {"total_cost": 3044.414987551135, "time_cost": 150, "final_distance_cost": 154.2587452058808, "oscillation_cost": 3.8651919454713335, "completition_cost": 1000.0, "overshoot_cost": 1603.078520757123, "power_cost": 29.62097614746094, "noise_cost": 103.59155349519875, "n_waypoints_completed": 0, "tot_waypoints": 9}}
{"target": -1609.339914092032, "params": {"k_pid_pos": [1.9580137729644775, 1.0, 0.9819333553314209], "k_pid_alt": [2.0, 0.9801912903785706, 0.9991569519042969], "k_pid_att": [4.76255989074707, 0.1534498929977417, 0.0], "k_pid_yaw": [0.5, 1e-06, 0.1], "k_pid_hsp": [9.591105461120605, 0.09853070974349976, 0.0], "k_pid_vsp": [377.86553955078125, 383.7090148925781, 397.7237548828125]}, "datetime": {"datetime": "2025-08-11 22:39:55", "elapsed": 22474.86239695549, "delta": 31.8479220867157}, "costs": {"total_cost": 1609.339914092032, "time_cost": 150, "final_distance_cost": 86.25087365228318, "oscillation_cost": 470.90644584201465, "completition_cost": 777.7777777777778, "overshoot_cost": 64.81644328814974, "power_cost": 31.81735791015625, "noise_cost": 27.77101562165036, "n_waypoints_completed": 2, "tot_waypoints": 9}}
{"target": -1507.6966900851303, "params": {"k_pid_pos": [1.9900236129760742, 0.9169803261756897, 1.0], "k_pid_alt": [2.0, 1.0, 1.0], "k_pid_att": [1.4838367700576782, 0.16996140778064728, 0.07744362950325012], "k_pid_yaw": [0.5, 1e-06, 0.1], "k_pid_hsp": [10.0, 0.0, 0.058564841747283936], "k_pid_vsp": [392.53887939453125, 400.0, 382.91082763671875]}, "datetime": {"datetime": "2025-08-11 22:40:26", "elapsed": 22505.643389225006, "delta": 30.78099226951599}, "costs": {"total_cost": 1507.6966900851303, "time_cost": 150, "final_distance_cost": 0.9985573232724668, "oscillation_cost": 83.59593118811526, "completition_cost": 1000.0, "overshoot_cost": 152.8730957945174, "power_cost": 29.55341707763672, "noise_cost": 90.67568870158826, "n_waypoints_completed": 0, "tot_waypoints": 9}}
{"target": -1808.4176378802817, "params": {"k_pid_pos": [2.0, 0.9608525633811951, 1.0], "k_pid_alt": [2.0, 0.9749974608421326, 1.0], "k_pid_att": [3.2940239906311035, 9.999999747378752e-05, 0.05003061890602112], "k_pid_yaw": [0.5, 1e-06, 0.1], "k_pid_hsp": [9.034852981567383, 0.0, 0.0], "k_pid_vsp": [363.5517883300781, 400.0, 400.0]}, "datetime": {"datetime": "2025-08-11 22:40:56", "elapsed": 22535.82203936577, "delta": 30.17865014076233}, "costs": {"total_cost": 1808.4176378802817, "time_cost": 150, "final_distance_cost": 0.9998645847027862, "oscillation_cost": 358.00052562001986, "completition_cost": 1000.0, "overshoot_cost": 160.97146762441875, "power_cost": 29.476798962402345, "noise_cost": 108.96898108873792, "n_waypoints_completed": 0, "tot_waypoints": 9}}
{"target": -4674.81781423339, "params": {"k_pid_pos": [1.9745415449142456, 0.9925868511199951, 0.8829326629638672], "k_pid_alt": [2.0, 0.9571210741996765, 1.0], "k_pid_att": [0.0, 0.2893110513687134, 0.020047485828399658], "k_pid_yaw": [0.5, 1e-06, 0.1], "k_pid_hsp": [9.973990440368652, 0.06503444910049438, 0.0], "k_pid_vsp": [400.0, 387.6990051269531, 367.029052734375]}, "datetime": {"datetime": "2025-08-11 22:41:28", "elapsed": 22567.58646464348, "delta": 31.76442527770996}, "costs": {"total_cost": 4674.81781423339, "time_cost": 150, "final_distance_cost": 306.59145107033794, "oscillation_cost": 1282.41779763258, "completition_cost": 1000.0, "overshoot_cost": 1706.8933530227118, "power_cost": 58.40829565429688, "noise_cost": 170.50691685346402, "n_waypoints_completed": 0, "tot_waypoints": 9}}
{"target": -1460.871200843673, "params": {"k_pid_pos": [1.9190969467163086, 0.9725196361541748, 1.0], "k_pid_alt": [2.0, 0.9494524598121643, 1.0], "k_pid_att": [1.1787384748458862, 0.49161791801452637, 0.06356370449066162], "k_pid_yaw": [0.5, 1e-06, 0.1], "k_pid_hsp": [10.0, 0.053821444511413574, 0.0], "k_pid_vsp": [400.0, 400.0, 369.69915771484375]}, "datetime": {"datetime": "2025-08-11 22:41:58", "elapsed": 22598.322307109833, "delta": 30.73584246635437}, "costs": {"total_cost": 1460.871200843673, "time_cost": 150, "final_distance_cost": 0.9994192701230524, "oscillation_cost": 58.95512926257487, "completition_cost": 1000.0, "overshoot_cost": 147.96994937439183, "power_cost": 29.435259985351564, "noise_cost": 73.51144295123139, "n_waypoints_completed": 0, "tot_waypoints": 9}}
{"target": -15555.385394107545, "params": {"k_pid_pos": [1.9163061380386353, 1.0, 0.9713876247406006], "k_pid_alt": [2.0, 0.9458081126213074, 1.0], "k_pid_att": [0.0, 9.999999747378752e-05, 0.0], "k_pid_yaw": [0.5, 1e-06, 0.1], "k_pid_hsp": [9.803034782409668, 0.06869053840637207, 0.10056763887405396], "k_pid_vsp": [383.3149719238281, 390.0964660644531, 400.0]}, "datetime": {"datetime": "2025-08-11 22:42:30", "elapsed": 22629.597414255142, "delta": 31.27510714530945}, "costs": {"total_cost": 15555.385394107545, "time_cost": 150, "final_distance_cost": 3301.5386649221177, "oscillation_cost": 14.733057658592696, "completition_cost": 1000.0, "overshoot_cost": 10931.028938959453, "power_cost": 48.89436008300782, "noise_cost": 109.19037248437421, "n_waypoints_completed": 0, "tot_waypoints": 9}}
{"target": -1080.5841149542064, "params": {"k_pid_pos": [2.0, 0.9718731641769409, 1.0], "k_pid_alt": [1.8799307346343994, 1.0, 1.0], "k_pid_att": [4.779508590698242, 9.999999747378752e-05, 0.0], "k_pid_yaw": [0.5, 1e-06, 0.1], "k_pid_hsp": [10.0, 0.0, 0.10940900444984436], "k_pid_vsp": [398.5755920410156, 394.8133850097656, 381.6980895996094]}, "datetime": {"datetime": "2025-08-11 22:43:03", "elapsed": 22662.445011615753, "delta": 32.84759736061096}, "costs": {"total_cost": 1080.5841149542064, "time_cost": 150, "final_distance_cost": 64.90665127701476, "oscillation_cost": 409.7795946556001, "completition_cost": 333.33333333333337, "overshoot_cost": 59.58222743395286, "power_cost": 33.25529866943359, "noise_cost": 29.727009584871563, "n_waypoints_completed": 6, "tot_waypoints": 9}}
{"target": -3706.066568917445, "params": {"k_pid_pos": [2.0, 0.9709517955780029, 0.8908984065055847], "k_pid_alt": [1.8372554779052734, 1.0, 1.0], "k_pid_att": [0.013464689254760742, 0.5474541187286377, 0.0195961594581604], "k_pid_yaw": [0.5, 1e-06, 0.1], "k_pid_hsp": [10.0, 0.040328770875930786, 0.0], "k_pid_vsp": [400.0, 400.0, 400.0]}, "datetime": {"datetime": "2025-08-11 22:43:36", "elapsed": 22696.105173826218, "delta": 33.66016221046448}, "costs": {"total_cost": 3706.066568917445, "time_cost": 150, "final_distance_cost": 275.94454386543515, "oscillation_cost": 1338.3409277375254, "completition_cost": 1000.0, "overshoot_cost": 710.3299331848777, "power_cost": 57.956155102539064, "noise_cost": 173.4950090270678, "n_waypoints_completed": 0, "tot_waypoints": 9}}
{"target": -8110.117416573185, "params": {"k_pid_pos": [2.0, 0.9084855318069458, 1.0], "k_pid_alt": [1.7752149105072021, 1.0, 0.9904252290725708], "k_pid_att": [0.0, 9.999999747378752e-05, 0.0], "k_pid_yaw": [0.5, 1e-06, 0.1], "k_pid_hsp": [9.107257843017578, 0.0025941431522369385, 0.009644865989685059], "k_pid_vsp": [394.57440185546875, 400.0, 400.0]}, "datetime": {"datetime": "2025-08-11 22:44:07", "elapsed": 22727.063084840775, "delta": 30.957911014556885}, "costs": {"total_cost": 8110.117416573185, "time_cost": 150, "final_distance_cost": 865.210872656911, "oscillation_cost": 14.656185440877104, "completition_cost": 1000.0, "overshoot_cost": 5941.748372247239, "power_cost": 44.220688281250006, "noise_cost": 94.2812979469088, "n_waypoints_completed": 0, "tot_waypoints": 9}}
{"target": -5002.126809335496, "params": {"k_pid_pos": [2.0, 1.0, 0.9728602170944214], "k_pid_alt": [1.89707350730896, 0.9807945489883423, 1.0], "k_pid_att": [0.0, 9.999999747378752e-05, 0.04681861400604248], "k_pid_yaw": [0.5, 1e-06, 0.1], "k_pid_hsp": [9.66184139251709, 0.0, 0.053210943937301636], "k_pid_vsp": [388.97308349609375, 400.0, 377.3994445800781]}, "datetime": {"datetime": "2025-08-11 22:44:38", "elapsed": 22758.00842499733, "delta": 30.945340156555176}, "costs": {"total_cost": 5002.126809335496, "time_cost": 150, "final_distance_cost": 972.1780348290077, "oscillation_cost": 4.0943922589313875, "completition_cost": 1000.0, "overshoot_cost": 2753.6175108304656, "power_cost": 29.703142395019533, "noise_cost": 92.53372902207235, "n_waypoints_completed": 0, "tot_waypoints": 9}}
{"target": -4734.455630987529, "params": {"k_pid_pos": [1.80084228515625, 1.0, 1.0], "k_pid_alt": [2.0, 0.891058087348938, 0.9591584205627441], "k_pid_att": [0.0, 0.08932547271251678, 0.0], "k_pid_yaw": [0.5, 1e-06, 0.1], "k_pid_hsp": [10.0, 0.0, 0.0], "k_pid_vsp": [400.0, 395.88519287109375, 400.0]}, "datetime": {"datetime": "2025-08-11 22:45:09", "elapsed": 22788.442816495895, "delta": 30.434391498565674}, "costs": {"total_cost": 4734.455630987529, "time_cost": 150, "final_distance_cost": 525.1508048023115, "oscillation_cost": 695.5919227279614, "completition_cost": 1000.0, "overshoot_cost": 2140.7875169109484, "power_cost": 57.586619433593754, "noise_cost": 165.3387671127136, "n_waypoints_completed": 0, "tot_waypoints": 9}}
{"target": -1326.7432990385544, "params": {"k_pid_pos": [2.0, 1.0, 0.9929921627044678], "k_pid_alt": [1.928492784500122, 1.0, 1.0], "k_pid_att": [8.404952049255371, 0.08323095738887787, 0.03341019153594971], "k_pid_yaw": [0.5, 1e-06, 0.1], "k_pid_hsp": [9.14144229888916, 0.0, 0.00629010796546936], "k_pid_vsp": [373.1137390136719, 393.8652038574219, 386.2301940917969]}, "datetime": {"datetime": "2025-08-11 22:45:39", "elapsed": 22818.86063194275, "delta": 30.417815446853638}, "costs": {"total_cost": 1326.7432990385544, "time_cost": 150, "final_distance_cost": 42.07537314069714, "oscillation_cost": 443.17520473678474, "completition_cost": 555.5555555555555, "overshoot_cost": 72.91452621842642, "power_cost": 32.75028649902344, "noise_cost": 30.272352888067502, "n_waypoints_completed": 4, "tot_waypoints": 9}}
{"target": -4673.009627405297, "params": {"k_pid_pos": [2.0, 0.9782776236534119, 1.0], "k_pid_alt": [2.0, 1.0, 0.9872856736183167], "k_pid_att": [0.0, 0.09648540616035461, 0.0], "k_pid_yaw": [0.5, 1e-06, 0.1], "k_pid_hsp": [10.0, 0.0, 0.0], "k_pid_vsp": [400.0, 377.5720520019531, 368.35595703125]}, "datetime": {"datetime": "2025-08-11 22:46:09", "elapsed": 22849.317697763443, "delta": 30.45706582069397}, "costs": {"total_cost": 4673.009627405297, "time_cost": 150, "final_distance_cost": 543.3630323430825, "oscillation_cost": 721.0507667258194, "completition_cost": 1000.0, "overshoot_cost": 2036.3371211951523, "power_cost": 57.66550690917969, "noise_cost": 164.59320023206317, "n_waypoints_completed": 0, "tot_waypoints": 9}}
{"target": -3928.616597898573, "params": {"k_pid_pos": [1.9642924070358276, 0.9511467218399048, 1.0], "k_pid_alt": [2.0, 0.9144830107688904, 0.9777113199234009], "k_pid_att": [0.0, 0.20049536228179932, 0.0], "k_pid_yaw": [0.5, 1e-06, 0.1], "k_pid_hsp": [10.0, 0.0, 0.0], "k_pid_vsp": [400.0, 400.0, 400.0]}, "datetime": {"datetime": "2025-08-11 22:46:40", "elapsed": 22880.079789161682, "delta": 30.762091398239136}, "costs": {"total_cost": 3928.616597898573, "time_cost": 150, "final_distance_cost": 360.8701618298004, "oscillation_cost": 1013.9907292997126, "completition_cost": 1000.0, "overshoot_cost": 1176.629929160921, "power_cost": 57.51705822753907, "noise_cost": 169.60871938059975, "n_waypoints_completed": 0, "tot_waypoints": 9}}
{"target": -888.2092736326281, "params": {"k_pid_pos": [1.9334337711334229, 0.9793696403503418, 1.0], "k_pid_alt": [2.0, 0.9929378032684326, 1.0], "k_pid_att": [0.4520297050476074, 0.2660711407661438, 0.09358090162277222], "k_pid_yaw": [0.5, 1e-06, 0.1], "k_pid_hsp": [10.0, 0.031361520290374756, 0.023078620433807373], "k_pid_vsp": [400.0, 400.0, 400.0]}, "datetime": {"datetime": "2025-08-11 22:47:10", "elapsed": 22910.27903175354, "delta": 30.19924259185791}, "costs": {"total_cost": 888.2092736326281, "time_cost": 150, "final_distance_cost": 58.38959085862387, "oscillation_cost": 103.7519590147228, "completition_cost": 444.4444444444444, "overshoot_cost": 65.1605917898707, "power_cost": 35.91548352050781, "noise_cost": 30.547204004458415, "n_waypoints_completed": 5, "tot_waypoints": 9}}
{"target": -10201.966841122638, "params": {"k_pid_pos": [2.0, 1.0, 0.9813560247421265], "k_pid_alt": [1.9057247638702393, 0.9873908758163452, 1.0], "k_pid_att": [0.0, 0.6752964854240417, 0.04032430052757263], "k_pid_yaw": [0.5, 1e-06, 0.1], "k_pid_hsp": [9.57903003692627, 0.0, 0.0], "k_pid_vsp": [388.4680480957031, 386.7221374511719, 379.3824768066406]}, "datetime": {"datetime": "2025-08-11 22:47:41", "elapsed": 22940.75198173523, "delta": 30.472949981689453}, "costs": {"total_cost": 10201.966841122638, "time_cost": 150, "final_distance_cost": 3323.2358894647255, "oscillation_cost": 2232.050349514374, "completition_cost": 1000.0, "overshoot_cost": 3264.2025351341185, "power_cost": 57.8145056640625, "noise_cost": 174.66356134535775, "n_waypoints_completed": 0, "tot_waypoints": 9}}
{"target": -1299.6691718723368, "params": {"k_pid_pos": [2.0, 1.0, 1.0], "k_pid_alt": [2.0, 1.0, 1.0], "k_pid_att": [3.75404953956604, 0.5279409289360046, 0.0], "k_pid_yaw": [0.5, 1e-06, 0.1], "k_pid_hsp": [9.74787712097168, 0.015158981084823608, 0.0], "k_pid_vsp": [394.6454162597656, 387.91680908203125, 392.1453857421875]}, "datetime": {"datetime": "2025-08-11 22:48:12", "elapsed": 22972.030562400818, "delta": 31.27858066558838}, "costs": {"total_cost": 1299.6691718723368, "time_cost": 150, "final_distance_cost": 41.583257418913135, "oscillation_cost": 418.0791210684399, "completition_cost": 555.5555555555555, "overshoot_cost": 73.64677407204128, "power_cost": 32.9153849975586, "noise_cost": 27.889078759828145, "n_waypoints_completed": 4, "tot_waypoints": 9}}
{"target": -8271.768897531674, "params": {"k_pid_pos": [1.9930592775344849, 1.0, 0.9796124696731567], "k_pid_alt": [2.0, 1.0, 1.0], "k_pid_att": [0.0, 9.999999747378752e-05, 0.0], "k_pid_yaw": [0.5, 1e-06, 0.1], "k_pid_hsp": [10.0, 0.005721986293792725, 0.004983097314834595], "k_pid_vsp": [378.60888671875, 393.6687927246094, 396.95037841796875]}, "datetime": {"datetime": "2025-08-11 22:48:43", "elapsed": 23002.46875858307, "delta": 30.438196182250977}, "costs": {"total_cost": 8271.768897531674, "time_cost": 150, "final_distance_cost": 805.7472067773006, "oscillation_cost": 14.610127195441184, "completition_cost": 1000.0, "overshoot_cost": 6158.3891193000845, "power_cost": 44.278032421875004, "noise_cost": 98.74441183697228, "n_waypoints_completed": 0, "tot_waypoints": 9}}
{"target": -1295.6888130384027, "params": {"k_pid_pos": [2.0, 0.9837561845779419, 0.9765051603317261], "k_pid_alt": [2.0, 1.0, 1.0], "k_pid_att": [5.485188961029053, 0.02392016164958477, 0.023646771907806396], "k_pid_yaw": [0.5, 1e-06, 0.1], "k_pid_hsp": [10.0, 0.0, 0.10833296179771423], "k_pid_vsp": [400.0, 391.2225341796875, 397.8948974609375]}, "datetime": {"datetime": "2025-08-11 22:49:14", "elapsed": 23033.649623155594, "delta": 31.180864572525024}, "costs": {"total_cost": 1295.6888130384027, "time_cost": 150, "final_distance_cost": 48.84278196065751, "oscillation_cost": 418.2056952849907, "completition_cost": 555.5555555555555, "overshoot_cost": 61.60818887164258, "power_cost": 32.215658044433596, "noise_cost": 29.260933321122867, "n_waypoints_completed": 4, "tot_waypoints": 9}}
{"target": -8098.1838887395725, "params": {"k_pid_pos": [1.9244325160980225, 0.983291745185852, 0.9903889894485474], "k_pid_alt": [1.993180751800537, 1.0, 1.0], "k_pid_att": [0.0, 9.999999747378752e-05, 0.0], "k_pid_yaw": [0.5, 1e-06, 0.1], "k_pid_hsp": [9.788480758666992, 0.0, 0.0], "k_pid_vsp": [400.0, 400.0, 341.8212585449219]}, "datetime": {"datetime": "2025-08-11 22:49:44", "elapsed": 23064.185692071915, "delta": 30.5360689163208}, "costs": {"total_cost": 8098.1838887395725, "time_cost": 150, "final_distance_cost": 1137.2534664491131, "oscillation_cost": 15.370181268259797, "completition_cost": 1000.0, "overshoot_cost": 5673.855662624985, "power_cost": 45.187726501464844, "noise_cost": 76.5168518957494, "n_waypoints_completed": 0, "tot_waypoints": 9}}
{"target": -657.2002087875005, "params": {"k_pid_pos": [2.0, 0.9398585557937622, 1.0], "k_pid_alt": [2.0, 0.9388373494148254, 1.0], "k_pid_att": [0.6475001573562622, 0.495816707611084, 0.0], "k_pid_yaw": [0.5, 1e-06, 0.1], "k_pid_hsp": [9.867566108703613, 0.0, 0.0], "k_pid_vsp": [400.0, 391.2422180175781, 388.67059326171875]}, "datetime": {"datetime": "2025-08-11 22:50:15", "elapsed": 23095.01056432724, "delta": 30.824872255325317}, "costs": {"total_cost": 657.2002087875005, "time_cost": 150, "final_distance_cost": 51.81576515122436, "oscillation_cost": 210.47964400929808, "completition_cost": 111.11111111111116, "overshoot_cost": 65.70842963179764, "power_cost": 38.35056922607422, "noise_cost": 29.73468965799495, "n_waypoints_completed": 8, "tot_waypoints": 9}}
