{"target": -1132.4808155221797, "params": {"k_pid_pos": [2.0, 0.9291355609893799, 1.0], "k_pid_alt": [2.0, 0.9255000352859497, 1.0], "k_pid_att": [7.305598258972168, 0.049684908241033554, 0.0], "k_pid_yaw": [0.5, 1e-06, 0.1], "k_pid_hsp": [8.7743558883667, 0.0, 0.04001787304878235], "k_pid_vsp": [389.72650146484375, 375.6808166503906, 400.0]}, "datetime": {"datetime": "2025-08-12 00:28:54", "elapsed": 29013.890778064728, "delta": 30.131135940551758}, "costs": {"total_cost": 1132.4808155221797, "time_cost": 150, "final_distance_cost": 53.82767586581846, "oscillation_cost": 473.15126762067257, "completition_cost": 333.33333333333337, "overshoot_cost": 58.920088469818424, "power_cost": 33.10430991210938, "noise_cost": 30.144140320427606, "n_waypoints_completed": 6, "tot_waypoints": 9}}
{"target": -3964.877833249938, "params": {"k_pid_pos": [1.875459909439087, 0.9447110891342163, 1.0], "k_pid_alt": [1.9550944566726685, 0.9421859979629517, 1.0], "k_pid_att": [0.0, 0.2173662930727005, 0.0], "k_pid_yaw": [0.5, 1e-06, 0.1], "k_pid_hsp": [9.77496337890625, 0.07939893007278442, 0.0], "k_pid_vsp": [400.0, 400.0, 387.4443664550781]}, "datetime": {"datetime": "2025-08-12 00:29:25", "elapsed": 29044.834285736084, "delta": 30.9435076713562}, "costs": {"total_cost": 3964.877833249938, "time_cost": 150, "final_distance_cost": 351.6574622293767, "oscillation_cost": 1096.8083597642692, "completition_cost": 1000.0, "overshoot_cost": 1138.1347885814223, "power_cost": 57.871547326660156, "noise_cost": 170.40567534820923, "n_waypoints_completed": 0, "tot_waypoints": 9}}
{"target": -1768.6056736128592, "params": {"k_pid_pos": [1.971179485321045, 0.9981409311294556, 0.9640181064605713], "k_pid_alt": [1.999781608581543, 1.0, 0.9565088748931885], "k_pid_att": [3.5386948585510254, 9.999999747378752e-05, 0.05714115500450134], "k_pid_yaw": [0.5, 1e-06, 0.1], "k_pid_hsp": [9.79705810546875, 0.0, 0.0], "k_pid_vsp": [400.0, 400.0, 381.5370178222656]}, "datetime": {"datetime": "2025-08-12 00:29:55", "elapsed": 29075.057122945786, "delta": 30.222837209701538}, "costs": {"total_cost": 1768.6056736128592, "time_cost": 150, "final_distance_cost": 0.9994937784420694, "oscillation_cost": 339.743728888305, "completition_cost": 1000.0, "overshoot_cost": 155.95180753187822, "power_cost": 29.73529334716797, "noise_cost": 92.17535006706595, "n_waypoints_completed": 0, "tot_waypoints": 9}}
{"target": -5373.403181534147, "params": {"k_pid_pos": [1.8048300743103027, 0.975999653339386, 0.9635978937149048], "k_pid_alt": [1.9595725536346436, 0.9997798800468445, 0.9725466966629028], "k_pid_att": [0.0, 0.1927259862422943, 0.04574897885322571], "k_pid_yaw": [0.5, 1e-06, 0.1], "k_pid_hsp": [9.906723022460938, 0.0, 0.01168757677078247], "k_pid_vsp": [400.0, 399.7014465332031, 400.0]}, "datetime": {"datetime": "2025-08-12 00:30:26", "elapsed": 29105.480864048004, "delta": 30.423741102218628}, "costs": {"total_cost": 5373.403181534147, "time_cost": 150, "final_distance_cost": 785.8491148549094, "oscillation_cost": 829.4767868763299, "completition_cost": 1000.0, "overshoot_cost": 2383.1929601512957, "power_cost": 57.55371828613281, "noise_cost": 167.33060136547923, "n_waypoints_completed": 0, "tot_waypoints": 9}}
{"target": -1492.4878520762622, "params": {"k_pid_pos": [1.9244118928909302, 0.9951978921890259, 0.9719637632369995], "k_pid_alt": [2.0, 0.9717519879341125, 1.0], "k_pid_att": [5.958503723144531, 0.014980150386691093, 0.0], "k_pid_yaw": [0.5, 1e-06, 0.1], "k_pid_hsp": [9.190439224243164, 0.0, 0.0], "k_pid_vsp": [398.951171875, 363.7424621582031, 400.0]}, "datetime": {"datetime": "2025-08-12 00:30:56", "elapsed": 29135.671490430832, "delta": 30.19062638282776}, "costs": {"total_cost": 1492.4878520762622, "time_cost": 150, "final_distance_cost": 61.720179754813614, "oscillation_cost": 481.813246619825, "completition_cost": 666.6666666666667, "overshoot_cost": 72.45169904384086, "power_cost": 31.80593942871094, "noise_cost": 28.03012056240518, "n_waypoints_completed": 3, "tot_waypoints": 9}}
{"target": -8655.180558051197, "params": {"k_pid_pos": [2.0, 0.9280492067337036, 1.0], "k_pid_alt": [1.835309624671936, 1.0, 0.994902491569519], "k_pid_att": [0.0, 0.008750335313379765, 0.03278392553329468], "k_pid_yaw": [0.5, 1e-06, 0.1], "k_pid_hsp": [10.0, 0.0, 0.0], "k_pid_vsp": [368.79962158203125, 381.7965393066406, 400.0]}, "datetime": {"datetime": "2025-08-12 00:31:27", "elapsed": 29166.790771007538, "delta": 31.119280576705933}, "costs": {"total_cost": 8655.180558051197, "time_cost": 150, "final_distance_cost": 2537.945417163615, "oscillation_cost": 486.3768222395451, "completition_cost": 1000.0, "overshoot_cost": 4275.30452499661, "power_cost": 54.6472580078125, "noise_cost": 150.90653564361406, "n_waypoints_completed": 0, "tot_waypoints": 9}}
{"target": -980.0848330734958, "params": {"k_pid_pos": [2.0, 0.9543306827545166, 0.930957555770874], "k_pid_alt": [2.0, 1.0, 1.0], "k_pid_att": [1.8859446048736572, 0.48223862051963806, 0.0], "k_pid_yaw": [0.5, 1e-06, 0.1], "k_pid_hsp": [9.542078018188477, 0.0, 0.0], "k_pid_vsp": [400.0, 400.0, 380.0387878417969]}, "datetime": {"datetime": "2025-08-12 00:31:57", "elapsed": 29196.764302015305, "delta": 29.973531007766724}, "costs": {"total_cost": 980.0848330734958, "time_cost": 150, "final_distance_cost": 63.789782355661615, "oscillation_cost": 305.2540417084147, "completition_cost": 333.33333333333337, "overshoot_cost": 65.8637885909055, "power_cost": 32.92762224121094, "noise_cost": 28.916264843969778, "n_waypoints_completed": 6, "tot_waypoints": 9}}
{"target": -1273.2973619567247, "params": {"k_pid_pos": [1.958441138267517, 0.9855133891105652, 0.9611618518829346], "k_pid_alt": [1.8667576313018799, 0.9941569566726685, 0.9838473200798035], "k_pid_att": [3.214099884033203, 9.999999747378752e-05, 0.0], "k_pid_yaw": [0.5, 1e-06, 0.1], "k_pid_hsp": [10.0, 0.043403029441833496, 0.0], "k_pid_vsp": [395.338134765625, 400.0, 389.4075927734375]}, "datetime": {"datetime": "2025-08-12 00:32:27", "elapsed": 29226.857345819473, "delta": 30.0930438041687}, "costs": {"total_cost": 1273.2973619567247, "time_cost": 150, "final_distance_cost": 52.681326785405055, "oscillation_cost": 385.0434006418987, "completition_cost": 555.5555555555555, "overshoot_cost": 68.83458778801237, "power_cost": 32.247265502929686, "noise_cost": 28.935225682923427, "n_waypoints_completed": 4, "tot_waypoints": 9}}
{"target": -1103.1664659774933, "params": {"k_pid_pos": [1.9373371601104736, 0.9519751667976379, 1.0], "k_pid_alt": [1.8370859622955322, 0.9888350963592529, 0.9875360727310181], "k_pid_att": [2.360746383666992, 9.999999747378752e-05, 0.0], "k_pid_yaw": [0.5, 1e-06, 0.1], "k_pid_hsp": [9.686596870422363, 0.0, 0.053539782762527466], "k_pid_vsp": [371.03314208984375, 399.2735290527344, 373.2945556640625]}, "datetime": {"datetime": "2025-08-12 00:32:59", "elapsed": 29258.717539548874, "delta": 31.860193729400635}, "costs": {"total_cost": 1103.1664659774933, "time_cost": 150, "final_distance_cost": 48.58350830895627, "oscillation_cost": 331.97974205987174, "completition_cost": 444.4444444444444, "overshoot_cost": 66.8218598400629, "power_cost": 32.67092562255859, "noise_cost": 28.665985701599496, "n_waypoints_completed": 5, "tot_waypoints": 9}}
{"target": -1071.6155210011966, "params": {"k_pid_pos": [2.0, 1.0, 0.93181312084198], "k_pid_alt": [1.9563994407653809, 0.9620339870452881, 1.0], "k_pid_att": [1.0300308465957642, 9.999999747378752e-05, 0.003036588430404663], "k_pid_yaw": [0.5, 1e-06, 0.1], "k_pid_hsp": [10.0, 0.0, 0.002260059118270874], "k_pid_vsp": [363.130859375, 400.0, 392.0521240234375]}, "datetime": {"datetime": "2025-08-12 00:33:31", "elapsed": 29290.37346148491, "delta": 31.655921936035156}, "costs": {"total_cost": 1071.6155210011966, "time_cost": 150, "final_distance_cost": 42.49025773296727, "oscillation_cost": 194.46057522722109, "completition_cost": 555.5555555555555, "overshoot_cost": 66.29699575279604, "power_cost": 32.86290192871094, "noise_cost": 29.949234803945792, "n_waypoints_completed": 4, "tot_waypoints": 9}}
{"target": -1815.5977955748199, "params": {"k_pid_pos": [2.0, 0.9771705865859985, 0.9385460615158081], "k_pid_alt": [1.9603865146636963, 1.0, 0.9890815019607544], "k_pid_att": [9.017461776733398, 0.3810857832431793, 0.0], "k_pid_yaw": [0.5, 1e-06, 0.1], "k_pid_hsp": [9.875931739807129, 0.0, 0.0], "k_pid_vsp": [394.1334533691406, 387.82244873046875, 400.0]}, "datetime": {"datetime": "2025-08-12 00:34:01", "elapsed": 29321.31068921089, "delta": 30.937227725982666}, "costs": {"total_cost": 1815.5977955748199, "time_cost": 150, "final_distance_cost": 72.96927076831969, "oscillation_cost": 559.5760404385321, "completition_cost": 888.8888888888888, "overshoot_cost": 83.71989519275978, "power_cost": 31.964304711914064, "noise_cost": 28.47939557440534, "n_waypoints_completed": 1, "tot_waypoints": 9}}
{"target": -4928.9260565887835, "params": {"k_pid_pos": [1.8194732666015625, 1.0, 1.0], "k_pid_alt": [1.9303162097930908, 1.0, 0.9624925851821899], "k_pid_att": [0.0, 0.0634075477719307, 0.0032404661178588867], "k_pid_yaw": [0.5, 1e-06, 0.1], "k_pid_hsp": [10.0, 0.06860125064849854, 0.016667932271957397], "k_pid_vsp": [390.2128601074219, 400.0, 400.0]}, "datetime": {"datetime": "2025-08-12 00:34:32", "elapsed": 29352.094909906387, "delta": 30.784220695495605}, "costs": {"total_cost": 4928.9260565887835, "time_cost": 150, "final_distance_cost": 715.4335621741477, "oscillation_cost": 567.0383059003275, "completition_cost": 1000.0, "overshoot_cost": 2277.798129811376, "power_cost": 56.98213684082032, "noise_cost": 161.67392186211205, "n_waypoints_completed": 0, "tot_waypoints": 9}}
{"target": -1452.9503655078072, "params": {"k_pid_pos": [1.9715685844421387, 1.0, 1.0], "k_pid_alt": [2.0, 0.9653401374816895, 1.0], "k_pid_att": [3.7545621395111084, 9.999999747378752e-05, 0.0], "k_pid_yaw": [0.5, 1e-06, 0.1], "k_pid_hsp": [10.0, 0.0, 0.02010446786880493], "k_pid_vsp": [371.2290954589844, 400.0, 400.0]}, "datetime": {"datetime": "2025-08-12 00:35:04", "elapsed": 29383.387789011, "delta": 31.292879104614258}, "costs": {"total_cost": 1452.9503655078072, "time_cost": 150, "final_distance_cost": 75.33727307507132, "oscillation_cost": 429.1660356806437, "completition_cost": 666.6666666666667, "overshoot_cost": 72.16848585487664, "power_cost": 32.07592536621094, "noise_cost": 27.535978864337785, "n_waypoints_completed": 3, "tot_waypoints": 9}}
{"target": -8559.838019455312, "params": {"k_pid_pos": [1.93241548538208, 0.9896225929260254, 0.972179651260376], "k_pid_alt": [2.0, 0.9584929347038269, 1.0], "k_pid_att": [0.0, 9.999999747378752e-05, 0.0], "k_pid_yaw": [0.5, 1e-06, 0.1], "k_pid_hsp": [10.0, 0.0, 0.0], "k_pid_vsp": [372.09783935546875, 375.5857238769531, 400.0]}, "datetime": {"datetime": "2025-08-12 00:35:34", "elapsed": 29413.866502523422, "delta": 30.478713512420654}, "costs": {"total_cost": 8559.838019455312, "time_cost": 150, "final_distance_cost": 485.39104123999476, "oscillation_cost": 14.433844266492029, "completition_cost": 1000.0, "overshoot_cost": 6764.291043049867, "power_cost": 43.53917814941406, "noise_cost": 102.18291274954314, "n_waypoints_completed": 0, "tot_waypoints": 9}}
{"target": -3974.0396666267757, "params": {"k_pid_pos": [1.9971439838409424, 1.0, 1.0], "k_pid_alt": [2.0, 1.0, 1.0], "k_pid_att": [0.03186166286468506, 0.1629948914051056, 0.07036459445953369], "k_pid_yaw": [0.5, 1e-06, 0.1], "k_pid_hsp": [10.0, 0.0, 0.06903839111328125], "k_pid_vsp": [384.357177734375, 400.0, 400.0]}, "datetime": {"datetime": "2025-08-12 00:36:04", "elapsed": 29444.17982029915, "delta": 30.31331777572632}, "costs": {"total_cost": 3974.0396666267757, "time_cost": 150, "final_distance_cost": 650.3727973624633, "oscillation_cost": 599.9092866292369, "completition_cost": 1000.0, "overshoot_cost": 1356.0760067174963, "power_cost": 56.80343596191407, "noise_cost": 160.8781399556651, "n_waypoints_completed": 0, "tot_waypoints": 9}}
{"target": -1440.3131488746321, "params": {"k_pid_pos": [2.0, 1.0, 1.0], "k_pid_alt": [2.0, 1.0, 1.0], "k_pid_att": [4.306575775146484, 0.7450463175773621, 0.0], "k_pid_yaw": [0.5, 1e-06, 0.1], "k_pid_hsp": [10.0, 0.02333289384841919, 0.0009140372276306152], "k_pid_vsp": [384.2617492675781, 396.9525451660156, 397.7008056640625]}, "datetime": {"datetime": "2025-08-12 00:36:35", "elapsed": 29475.1812479496, "delta": 31.00142765045166}, "costs": {"total_cost": 1440.3131488746321, "time_cost": 150, "final_distance_cost": 52.51659177138813, "oscillation_cost": 440.9795309750238, "completition_cost": 666.6666666666667, "overshoot_cost": 68.95264820713389, "power_cost": 32.24078350830078, "noise_cost": 28.95692774611857, "n_waypoints_completed": 3, "tot_waypoints": 9}}
{"target": -1290.5642545477194, "params": {"k_pid_pos": [2.0, 0.9604547023773193, 0.9988491535186768], "k_pid_alt": [1.9892208576202393, 0.9730010032653809, 0.9822448492050171], "k_pid_att": [3.7443935871124268, 9.999999747378752e-05, 0.0], "k_pid_yaw": [0.5, 1e-06, 0.1], "k_pid_hsp": [9.872154235839844, 0.050441622734069824, 0.0], "k_pid_vsp": [381.8163757324219, 396.5889892578125, 380.9619140625]}, "datetime": {"datetime": "2025-08-12 00:37:07", "elapsed": 29506.54692220688, "delta": 31.365674257278442}, "costs": {"total_cost": 1290.5642545477194, "time_cost": 150, "final_distance_cost": 44.54346287775672, "oscillation_cost": 409.4489239547451, "completition_cost": 555.5555555555555, "overshoot_cost": 69.26228317630587, "power_cost": 32.695977587890624, "noise_cost": 29.058051395465522, "n_waypoints_completed": 4, "tot_waypoints": 9}}
{"target": -4190.647399940218, "params": {"k_pid_pos": [1.9776655435562134, 0.9620789289474487, 0.9351900815963745], "k_pid_alt": [1.9475123882293701, 0.9843870401382446, 0.9842092990875244], "k_pid_att": [0.0, 0.09137585014104843, 0.022292405366897583], "k_pid_yaw": [0.5, 1e-06, 0.1], "k_pid_hsp": [9.474064826965332, 0.0, 0.018590301275253296], "k_pid_vsp": [400.0, 400.0, 363.0988464355469]}, "datetime": {"datetime": "2025-08-12 00:37:38", "elapsed": 29537.558465480804, "delta": 31.01154327392578}, "costs": {"total_cost": 4190.647399940218, "time_cost": 150, "final_distance_cost": 486.8972757161621, "oscillation_cost": 655.9237535958771, "completition_cost": 1000.0, "overshoot_cost": 1677.3000773630617, "power_cost": 57.72207204589844, "noise_cost": 162.80422121921833, "n_waypoints_completed": 0, "tot_waypoints": 9}}
{"target": -1116.2372336570184, "params": {"k_pid_pos": [1.979905128479004, 0.9588439464569092, 0.9619239568710327], "k_pid_alt": [1.82565176486969, 1.0, 0.9604255557060242], "k_pid_att": [7.346644878387451, 0.09437602013349533, 0.013797253370285034], "k_pid_yaw": [0.5, 1e-06, 0.1], "k_pid_hsp": [9.73147201538086, 0.028616130352020264, 0.04903680086135864], "k_pid_vsp": [396.0649108886719, 400.0, 396.25244140625]}, "datetime": {"datetime": "2025-08-12 00:38:06", "elapsed": 29566.34952044487, "delta": 28.79105496406555}, "costs": {"total_cost": 1116.2372336570184, "time_cost": 150, "final_distance_cost": 64.05458510605254, "oscillation_cost": 440.1015218639646, "completition_cost": 333.33333333333337, "overshoot_cost": 65.23572155472326, "power_cost": 33.32389436035157, "noise_cost": 30.188177438593108, "n_waypoints_completed": 6, "tot_waypoints": 9}}
{"target": -3908.089929828615, "params": {"k_pid_pos": [2.0, 0.9869394302368164, 1.0], "k_pid_alt": [2.0, 0.9446762204170227, 1.0], "k_pid_att": [0.1330554485321045, 0.8779284954071045, 0.0], "k_pid_yaw": [0.5, 1e-06, 0.1], "k_pid_hsp": [9.206189155578613, 0.0037713348865509033, 0.0], "k_pid_vsp": [391.2132568359375, 380.30322265625, 398.6053771972656]}, "datetime": {"datetime": "2025-08-12 00:38:36", "elapsed": 29596.15510582924, "delta": 29.805585384368896}, "costs": {"total_cost": 3908.089929828615, "time_cost": 150, "final_distance_cost": 377.9953627049465, "oscillation_cost": 1197.0719729504194, "completition_cost": 1000.0, "overshoot_cost": 955.5343426883355, "power_cost": 57.153039990234376, "noise_cost": 170.33521149467887, "n_waypoints_completed": 0, "tot_waypoints": 9}}
{"target": -8148.184551439705, "params": {"k_pid_pos": [2.0, 0.9475188255310059, 0.9898945093154907], "k_pid_alt": [2.0, 1.0, 0.9719290137290955], "k_pid_att": [0.0, 9.999999747378752e-05, 0.0], "k_pid_yaw": [0.5, 1e-06, 0.1], "k_pid_hsp": [10.0, 0.0, 0.007093071937561035], "k_pid_vsp": [400.0, 367.7900390625, 399.70086669921875]}, "datetime": {"datetime": "2025-08-12 00:39:07", "elapsed": 29626.395760536194, "delta": 30.240654706954956}, "costs": {"total_cost": 8148.184551439705, "time_cost": 150, "final_distance_cost": 912.7081739333504, "oscillation_cost": 14.746206615492529, "completition_cost": 1000.0, "overshoot_cost": 5929.92950609584, "power_cost": 44.54927694091797, "noise_cost": 96.25138785410284, "n_waypoints_completed": 0, "tot_waypoints": 9}}
{"target": -913.6751719572119, "params": {"k_pid_pos": [1.9043611288070679, 0.9734857678413391, 1.0], "k_pid_alt": [2.0, 0.9777141213417053, 0.9822893142700195], "k_pid_att": [0.7877469062805176, 0.41756704449653625, 0.0], "k_pid_yaw": [0.5, 1e-06, 0.1], "k_pid_hsp": [8.68361759185791, 0.018764108419418335, 0.015969067811965942], "k_pid_vsp": [400.0, 378.688720703125, 400.0]}, "datetime": {"datetime": "2025-08-12 00:39:36", "elapsed": 29656.322613954544, "delta": 29.92685341835022}, "costs": {"total_cost": 913.6751719572119, "time_cost": 150, "final_distance_cost": 68.54034888282587, "oscillation_cost": 232.46572266705516, "completition_cost": 333.33333333333337, "overshoot_cost": 65.05393536666851, "power_cost": 34.70236446533203, "noise_cost": 29.57946724199688, "n_waypoints_completed": 6, "tot_waypoints": 9}}
{"target": -1456.6999383601446, "params": {"k_pid_pos": [2.0, 0.986404299736023, 1.0], "k_pid_alt": [2.0, 1.0, 1.0], "k_pid_att": [3.252530097961426, 0.05826997756958008, 0.1072903573513031], "k_pid_yaw": [0.5, 1e-06, 0.1], "k_pid_hsp": [10.0, 0.0304395854473114, 0.0], "k_pid_vsp": [393.4974670410156, 377.3693542480469, 376.1748962402344]}, "datetime": {"datetime": "2025-08-12 00:40:07", "elapsed": 29686.697278738022, "delta": 30.374664783477783}, "costs": {"total_cost": 1456.6999383601446, "time_cost": 150, "final_distance_cost": 0.9976701720694484, "oscillation_cost": 24.42876909912724, "completition_cost": 1000.0, "overshoot_cost": 156.85951885002498, "power_cost": 29.283704162597658, "noise_cost": 95.13027607632569, "n_waypoints_completed": 0, "tot_waypoints": 9}}
{"target": -1138.0577567045987, "params": {"k_pid_pos": [2.0, 0.9542772769927979, 1.0], "k_pid_alt": [1.9980366230010986, 1.0, 0.9834980964660645], "k_pid_att": [7.858127593994141, 9.999999747378752e-05, 0.0], "k_pid_yaw": [0.5, 1e-06, 0.1], "k_pid_hsp": [9.92703914642334, 0.050109535455703735, 0.011155277490615845], "k_pid_vsp": [370.9785461425781, 400.0, 390.48785400390625]}, "datetime": {"datetime": "2025-08-12 00:40:37", "elapsed": 29716.819385051727, "delta": 30.122106313705444}, "costs": {"total_cost": 1138.0577567045987, "time_cost": 150, "final_distance_cost": 63.02507414606915, "oscillation_cost": 460.91714418034144, "completition_cost": 333.33333333333337, "overshoot_cost": 67.39406395843204, "power_cost": 33.276632421875, "noise_cost": 30.111508664547436, "n_waypoints_completed": 6, "tot_waypoints": 9}}
{"target": -4127.073837371379, "params": {"k_pid_pos": [1.9855315685272217, 0.9484103918075562, 1.0], "k_pid_alt": [2.0, 1.0, 1.0], "k_pid_att": [0.0, 9.999999747378752e-05, 0.09880608320236206], "k_pid_yaw": [0.5, 1e-06, 0.1], "k_pid_hsp": [10.0, 0.09430739283561707, 0.03877675533294678], "k_pid_vsp": [400.0, 400.0, 378.8023376464844]}, "datetime": {"datetime": "2025-08-12 00:41:07", "elapsed": 29747.215083122253, "delta": 30.395698070526123}, "costs": {"total_cost": 4127.073837371379, "time_cost": 150, "final_distance_cost": 873.8859660164497, "oscillation_cost": 3.1072504670371965, "completition_cost": 1000.0, "overshoot_cost": 1958.0177166946335, "power_cost": 29.391704443359377, "noise_cost": 112.67119974989953, "n_waypoints_completed": 0, "tot_waypoints": 9}}
{"target": -8077.841369214611, "params": {"k_pid_pos": [2.0, 0.9994739890098572, 0.9722316265106201], "k_pid_alt": [2.0, 1.0, 0.8976234197616577], "k_pid_att": [0.0, 9.999999747378752e-05, 0.0], "k_pid_yaw": [0.5, 1e-06, 0.1], "k_pid_hsp": [9.069533348083496, 0.09038814902305603, 0.0], "k_pid_vsp": [400.0, 393.82342529296875, 384.5038146972656]}, "datetime": {"datetime": "2025-08-12 00:41:38", "elapsed": 29777.97265791893, "delta": 30.757574796676636}, "costs": {"total_cost": 8077.841369214611, "time_cost": 150, "final_distance_cost": 1113.6580282620732, "oscillation_cost": 14.953465619755518, "completition_cost": 1000.0, "overshoot_cost": 5671.43987207619, "power_cost": 44.03050648193359, "noise_cost": 83.75949677465772, "n_waypoints_completed": 0, "tot_waypoints": 9}}
{"target": -1083.6022431558176, "params": {"k_pid_pos": [1.9815282821655273, 0.9738006591796875, 0.9266625642776489], "k_pid_alt": [1.9179538488388062, 0.9318571090698242, 0.8916967511177063], "k_pid_att": [6.626889228820801, 9.999999747378752e-05, 0.02724197506904602], "k_pid_yaw": [0.5, 1e-06, 0.1], "k_pid_hsp": [10.0, 0.01941502094268799, 0.06278130412101746], "k_pid_vsp": [391.7359924316406, 400.0, 400.0]}, "datetime": {"datetime": "2025-08-12 00:42:08", "elapsed": 29808.261382102966, "delta": 30.288724184036255}, "costs": {"total_cost": 1083.6022431558176, "time_cost": 150, "final_distance_cost": 58.06594110857789, "oscillation_cost": 416.4431436032958, "completition_cost": 333.33333333333337, "overshoot_cost": 64.4013935514714, "power_cost": 32.04521235351562, "noise_cost": 29.313219205623536, "n_waypoints_completed": 6, "tot_waypoints": 9}}
