{"target": -1191.7406645868102, "params": {"k_pid_pos": [0.05500255152583122, 0.062010109424591064, 0.8242632746696472], "k_pid_alt": [0.22360068559646606, 0.795962393283844, 0.4343494772911072], "k_pid_att": [0.36334991455078125, 9.999999747378752e-05, 0.5403918623924255], "k_pid_yaw": [0.5, 1e-06, 0.1], "k_pid_hsp": [7.823731422424316, 0.1821347177028656, 0.10703536868095398], "k_pid_vsp": [189.34176635742188, 85.38822174072266, 45.7813606262207]}, "datetime": {"datetime": "2025-08-11 16:25:53", "elapsed": 32.47496795654297, "delta": 32.47496795654297}, "costs": {"total_cost": 1191.7406645868102, "time_cost": 150, "final_distance_cost": 82.51179622796452, "oscillation_cost": 40.59901589303364, "completition_cost": 777.7777777777778, "overshoot_cost": 85.3338156098291, "power_cost": 29.578010412597656, "noise_cost": 25.94024866560744, "n_waypoints_completed": 2, "tot_waypoints": 9}}
{"target": -678.3452263902967, "params": {"k_pid_pos": [1.1307576894760132, 0.3003798723220825, 0.25048014521598816], "k_pid_alt": [0.16331714391708374, 0.6083327531814575, 0.02971211075782776], "k_pid_att": [36.76190185546875, 1.5326730012893677, 0.4305632412433624], "k_pid_yaw": [0.5, 1e-06, 0.1], "k_pid_hsp": [7.250257968902588, 1.0, 0.5595673322677612], "k_pid_vsp": [267.7864685058594, 380.73468017578125, 353.34954833984375]}, "datetime": {"datetime": "2025-08-11 16:26:24", "elapsed": 63.74913954734802, "delta": 31.274171590805054}, "costs": {"total_cost": 678.3452263902967, "time_cost": 114.177, "final_distance_cost": 1.7251753198365818, "oscillation_cost": 418.77433170002666, "completition_cost": 0.0, "overshoot_cost": 81.03325180945556, "power_cost": 33.67636412353516, "noise_cost": 28.959103437442717, "n_waypoints_completed": 9, "tot_waypoints": 9}}
{"target": -1155.8181572431015, "params": {"k_pid_pos": [0.461559921503067, 0.7886658906936646, 0.026403307914733887], "k_pid_alt": [0.1985911726951599, 0.4184940755367279, 0.22132444381713867], "k_pid_att": [23.770803451538086, 9.999999747378752e-05, 0.021307259798049927], "k_pid_yaw": [0.5, 1e-06, 0.1], "k_pid_hsp": [9.660760879516602, 0.5767600536346436, 0.5318520665168762], "k_pid_vsp": [191.0605926513672, 101.00831604003906, 148.73207092285156]}, "datetime": {"datetime": "2025-08-11 16:26:56", "elapsed": 95.59538102149963, "delta": 31.84624147415161}, "costs": {"total_cost": 1155.8181572431015, "time_cost": 150, "final_distance_cost": 52.96028949687694, "oscillation_cost": 272.3466157947049, "completition_cost": 555.5555555555555, "overshoot_cost": 57.9502799413986, "power_cost": 34.62528566894532, "noise_cost": 32.38013078562033, "n_waypoints_completed": 4, "tot_waypoints": 9}}
{"target": -1273.6423454479554, "params": {"k_pid_pos": [0.611698567867279, 0.6265996098518372, 0.9542011022567749], "k_pid_alt": [0.7368358969688416, 0.3069751262664795, 0.9526861906051636], "k_pid_att": [12.52411937713623, 6.347148418426514, 0.2826601266860962], "k_pid_yaw": [0.5, 1e-06, 0.1], "k_pid_hsp": [4.6327033042907715, 0.7733355760574341, 0.7916456460952759], "k_pid_vsp": [288.25775146484375, 74.52328491210938, 80.75425720214844]}, "datetime": {"datetime": "2025-08-11 16:27:28", "elapsed": 128.1014220714569, "delta": 32.506041049957275}, "costs": {"total_cost": 1273.6423454479554, "time_cost": 150, "final_distance_cost": 43.82351299775452, "oscillation_cost": 420.87218353396077, "completition_cost": 555.5555555555555, "overshoot_cost": 44.50888057565442, "power_cost": 30.987772216796877, "noise_cost": 27.894440568233243, "n_waypoints_completed": 4, "tot_waypoints": 9}}
{"target": -823.5509366441148, "params": {"k_pid_pos": [0.8355646133422852, 0.2597479224205017, 0.15584760904312134], "k_pid_alt": [1.7124980688095093, 0.8349115252494812, 0.7772095799446106], "k_pid_att": [40.73299026489258, 1.509356141090393, 0.4030730128288269], "k_pid_yaw": [0.5, 1e-06, 0.1], "k_pid_hsp": [5.273937225341797, 0.6627612113952637, 0.8807728290557861], "k_pid_vsp": [322.20654296875, 210.9605255126953, 340.8272399902344]}, "datetime": {"datetime": "2025-08-11 16:28:01", "elapsed": 160.8691008090973, "delta": 32.76767873764038}, "costs": {"total_cost": 823.5509366441148, "time_cost": 150, "final_distance_cost": 15.247649200795102, "oscillation_cost": 418.65219428146526, "completition_cost": 111.11111111111116, "overshoot_cost": 64.1011713691018, "power_cost": 35.589746240234376, "noise_cost": 28.849064441406952, "n_waypoints_completed": 8, "tot_waypoints": 9}}
{"target": -1821.767282332174, "params": {"k_pid_pos": [1.7727651596069336, 0.6517038345336914, 0.4525722861289978], "k_pid_alt": [1.7295656204223633, 0.08389338850975037, 0.17413672804832458], "k_pid_att": [40.113224029541016, 7.542800426483154, 0.542607307434082], "k_pid_yaw": [0.5, 1e-06, 0.1], "k_pid_hsp": [7.480892181396484, 0.8874181509017944, 0.8621557950973511], "k_pid_vsp": [38.371803283691406, 43.073631286621094, 326.2052001953125]}, "datetime": {"datetime": "2025-08-11 16:28:34", "elapsed": 193.9862027168274, "delta": 33.1171019077301}, "costs": {"total_cost": 1821.767282332174, "time_cost": 150, "final_distance_cost": 221.638938521676, "oscillation_cost": 442.4583130457526, "completition_cost": 777.7777777777778, "overshoot_cost": 157.4359189960696, "power_cost": 35.471408349609376, "noise_cost": 36.98492564128866, "n_waypoints_completed": 2, "tot_waypoints": 9}}
{"target": -463.94443255350865, "params": {"k_pid_pos": [1.6125293970108032, 0.29640185832977295, 0.20495852828025818], "k_pid_alt": [1.3119804859161377, 0.5599287748336792, 0.08452489972114563], "k_pid_att": [57.808448791503906, 4.1363983154296875, 0.5755347013473511], "k_pid_yaw": [0.5, 1e-06, 0.1], "k_pid_hsp": [6.138362884521484, 1.0, 0.7005317211151123], "k_pid_vsp": [337.09783935546875, 227.44564819335938, 26.80400848388672]}, "datetime": {"datetime": "2025-08-11 16:28:58", "elapsed": 217.75776934623718, "delta": 23.77156662940979}, "costs": {"total_cost": 463.94443255350865, "time_cost": 88.361, "final_distance_cost": 1.7523516566567172, "oscillation_cost": 269.7436840274681, "completition_cost": 0.0, "overshoot_cost": 54.51701427997457, "power_cost": 26.22804462890625, "noise_cost": 23.34233796050304, "n_waypoints_completed": 9, "tot_waypoints": 9}}
{"target": -1483.3318621660933, "params": {"k_pid_pos": [0.1557173877954483, 0.22952282428741455, 0.6597557663917542], "k_pid_alt": [0.67823326587677, 0.4390229880809784, 0.12919792532920837], "k_pid_att": [54.34885787963867, 4.621889591217041, 0.5072091221809387], "k_pid_yaw": [0.5, 1e-06, 0.1], "k_pid_hsp": [2.788799285888672, 0.7198538780212402, 0.0763566792011261], "k_pid_vsp": [216.5740966796875, 299.6356506347656, 249.15933227539062]}, "datetime": {"datetime": "2025-08-11 16:29:30", "elapsed": 249.68974614143372, "delta": 31.931976795196533}, "costs": {"total_cost": 1483.3318621660933, "time_cost": 150, "final_distance_cost": 47.010946975827615, "oscillation_cost": 607.5612087103233, "completition_cost": 555.5555555555555, "overshoot_cost": 59.35748541003828, "power_cost": 34.17277268066407, "noise_cost": 29.67389283368445, "n_waypoints_completed": 4, "tot_waypoints": 9}}
{"target": -576.1180484770098, "params": {"k_pid_pos": [1.3121287822723389, 0.37925732135772705, 0.3455874025821686], "k_pid_alt": [1.53016996383667, 0.3223261535167694, 0.9225223064422607], "k_pid_att": [76.53898620605469, 7.910268306732178, 0.19514310359954834], "k_pid_yaw": [0.5, 1e-06, 0.1], "k_pid_hsp": [3.6420705318450928, 0.6366071701049805, 0.822733461856842], "k_pid_vsp": [241.57595825195312, 223.944091796875, 234.98182678222656]}, "datetime": {"datetime": "2025-08-11 16:30:02", "elapsed": 281.5940201282501, "delta": 31.904273986816406}, "costs": {"total_cost": 576.1180484770098, "time_cost": 119.82600000000001, "final_distance_cost": 1.7359736307552034, "oscillation_cost": 320.60576852785385, "completition_cost": 0.0, "overshoot_cost": 66.96279476756648, "power_cost": 37.45351047363281, "noise_cost": 29.5340010772014, "n_waypoints_completed": 9, "tot_waypoints": 9}}
{"target": -1572.929043161589, "params": {"k_pid_pos": [1.3480515480041504, 0.7547674179077148, 0.0], "k_pid_alt": [1.044968605041504, 0.9196908473968506, 1.0], "k_pid_att": [47.11983871459961, 5.302491188049316, 0.683199405670166], "k_pid_yaw": [0.5, 1e-06, 0.1], "k_pid_hsp": [1.1586450338363647, 0.41981640458106995, 0.37940770387649536], "k_pid_vsp": [170.3929443359375, 260.49951171875, 346.8865966796875]}, "datetime": {"datetime": "2025-08-11 16:30:33", "elapsed": 313.2806746959686, "delta": 31.686654567718506}, "costs": {"total_cost": 1572.929043161589, "time_cost": 150, "final_distance_cost": 8.936015763546994, "oscillation_cost": 84.32828372061472, "completition_cost": 1000.0, "overshoot_cost": 165.93002597728992, "power_cost": 35.07773454589844, "noise_cost": 128.6569831542389, "n_waypoints_completed": 0, "tot_waypoints": 9}}
{"target": -1341.5084400942437, "params": {"k_pid_pos": [0.457192599773407, 0.7343512773513794, 0.3660995364189148], "k_pid_alt": [0.09742671251296997, 0.4854838252067566, 0.7399423122406006], "k_pid_att": [47.121734619140625, 5.490947723388672, 0.9381741285324097], "k_pid_yaw": [0.5, 1e-06, 0.1], "k_pid_hsp": [1.9994746446609497, 1.0, 0.9533882141113281], "k_pid_vsp": [299.65802001953125, 361.6461181640625, 25.989999771118164]}, "datetime": {"datetime": "2025-08-11 16:31:05", "elapsed": 345.29911947250366, "delta": 32.018444776535034}, "costs": {"total_cost": 1341.5084400942437, "time_cost": 150, "final_distance_cost": 100.02143027226376, "oscillation_cost": 185.63369013637532, "completition_cost": 777.7777777777778, "overshoot_cost": 61.277576152262334, "power_cost": 36.49769537353516, "noise_cost": 30.3002703820294, "n_waypoints_completed": 2, "tot_waypoints": 9}}
{"target": -1825.3555985192068, "params": {"k_pid_pos": [0.08330624550580978, 0.8902125358581543, 0.6424007415771484], "k_pid_alt": [1.0650103092193604, 0.788460373878479, 0.693658709526062], "k_pid_att": [1.9940853118896484, 10.0, 0.2852179706096649], "k_pid_yaw": [0.5, 1e-06, 0.1], "k_pid_hsp": [9.999999747378752e-05, 0.7272254824638367, 0.706584095954895], "k_pid_vsp": [301.335205078125, 18.369068145751953, 85.83830261230469]}, "datetime": {"datetime": "2025-08-11 16:31:37", "elapsed": 377.13774371147156, "delta": 31.838624238967896}, "costs": {"total_cost": 1825.3555985192068, "time_cost": 150, "final_distance_cost": 55.82998586606781, "oscillation_cost": 571.5391045172283, "completition_cost": 888.8888888888888, "overshoot_cost": 81.83370045894426, "power_cost": 44.302597094726565, "noise_cost": 32.961321693351074, "n_waypoints_completed": 1, "tot_waypoints": 9}}
{"target": -1613.2331323567216, "params": {"k_pid_pos": [0.40453284978866577, 0.8953545093536377, 0.010684877634048462], "k_pid_alt": [0.23835420608520508, 0.07805457711219788, 0.3656180202960968], "k_pid_att": [62.82097244262695, 10.0, 0.9400152564048767], "k_pid_yaw": [0.5, 1e-06, 0.1], "k_pid_hsp": [9.999999747378752e-05, 0.022357821464538574, 0.7693958282470703], "k_pid_vsp": [189.2943115234375, 70.25296783447266, 254.742431640625]}, "datetime": {"datetime": "2025-08-11 16:32:09", "elapsed": 409.26302003860474, "delta": 32.12527632713318}, "costs": {"total_cost": 1613.2331323567216, "time_cost": 150, "final_distance_cost": 82.91952539919552, "oscillation_cost": 445.98623461409994, "completition_cost": 777.7777777777778, "overshoot_cost": 95.06094559132413, "power_cost": 33.36044107666016, "noise_cost": 28.12820789766398, "n_waypoints_completed": 2, "tot_waypoints": 9}}
{"target": -766.6707409687317, "params": {"k_pid_pos": [1.4287083148956299, 0.44980934262275696, 0.15297359228134155], "k_pid_alt": [1.239654302597046, 0.8606605529785156, 0.6242417097091675], "k_pid_att": [68.10543823242188, 9.999999747378752e-05, 0.8418824672698975], "k_pid_yaw": [0.5, 1e-06, 0.1], "k_pid_hsp": [3.3987162113189697, 0.9625920653343201, 1.0], "k_pid_vsp": [400.0, 314.3094482421875, 42.646812438964844]}, "datetime": {"datetime": "2025-08-11 16:32:41", "elapsed": 440.9384310245514, "delta": 31.675410985946655}, "costs": {"total_cost": 766.6707409687317, "time_cost": 150, "final_distance_cost": 70.20664626116643, "oscillation_cost": 196.32584197310035, "completition_cost": 222.2222222222222, "overshoot_cost": 60.97780967264828, "power_cost": 37.02279317626953, "noise_cost": 29.915427663324948, "n_waypoints_completed": 7, "tot_waypoints": 9}}
{"target": -890.4498900190493, "params": {"k_pid_pos": [1.222588300704956, 0.28847360610961914, 0.3478546738624573], "k_pid_alt": [1.676184892654419, 0.19831961393356323, 0.8885879516601562], "k_pid_att": [52.0214958190918, 1.6246203184127808, 0.5745047330856323], "k_pid_yaw": [0.5, 1e-06, 0.1], "k_pid_hsp": [4.023736000061035, 0.941852867603302, 0.8920480012893677], "k_pid_vsp": [357.9487609863281, 66.2896957397461, 362.36871337890625]}, "datetime": {"datetime": "2025-08-11 16:33:13", "elapsed": 472.7206058502197, "delta": 31.782174825668335}, "costs": {"total_cost": 890.4498900190493, "time_cost": 150, "final_distance_cost": 73.66742384655593, "oscillation_cost": 315.6935529264181, "completition_cost": 222.2222222222222, "overshoot_cost": 63.718690456817356, "power_cost": 35.87517947998047, "noise_cost": 29.272821087055295, "n_waypoints_completed": 7, "tot_waypoints": 9}}
{"target": -742.895445282838, "params": {"k_pid_pos": [0.6116389036178589, 0.9339756369590759, 0.5680418014526367], "k_pid_alt": [1.058454155921936, 0.44755667448043823, 0.07897293567657471], "k_pid_att": [100.0, 1.8291932344436646, 0.29792630672454834], "k_pid_yaw": [0.5, 1e-06, 0.1], "k_pid_hsp": [7.457120895385742, 0.21537107229232788, 0.1382509469985962], "k_pid_vsp": [51.50149917602539, 141.1329345703125, 18.015302658081055]}, "datetime": {"datetime": "2025-08-11 16:33:45", "elapsed": 504.40693378448486, "delta": 31.686327934265137}, "costs": {"total_cost": 742.895445282838, "time_cost": 118.671, "final_distance_cost": 1.7415235634462427, "oscillation_cost": 497.611244930342, "completition_cost": 0.0, "overshoot_cost": 59.987086137776416, "power_cost": 34.74308070068359, "noise_cost": 30.141509950589764, "n_waypoints_completed": 9, "tot_waypoints": 9}}
{"target": -1146.8940475121829, "params": {"k_pid_pos": [0.4372101128101349, 0.45365896821022034, 0.14518487453460693], "k_pid_alt": [0.09307730197906494, 0.2682701051235199, 0.7557421922683716], "k_pid_att": [51.624725341796875, 0.4319360852241516, 0.8241831064224243], "k_pid_yaw": [0.5, 1e-06, 0.1], "k_pid_hsp": [8.959522247314453, 0.32682934403419495, 0.29632341861724854], "k_pid_vsp": [102.81136322021484, 209.56849670410156, 115.27836608886719]}, "datetime": {"datetime": "2025-08-11 16:34:16", "elapsed": 536.260443687439, "delta": 31.8535099029541}, "costs": {"total_cost": 1146.8940475121829, "time_cost": 150, "final_distance_cost": 75.21619768787271, "oscillation_cost": 464.6744048466591, "completition_cost": 333.33333333333337, "overshoot_cost": 56.74217701407434, "power_cost": 35.51056921386719, "noise_cost": 31.41736541637603, "n_waypoints_completed": 6, "tot_waypoints": 9}}
{"target": -1058.673369443495, "params": {"k_pid_pos": [0.8020704984664917, 0.7677675485610962, 0.8240635395050049], "k_pid_alt": [1.6162424087524414, 0.13593575358390808, 0.5942020416259766], "k_pid_att": [92.33975982666016, 8.827998161315918, 0.5121485590934753], "k_pid_yaw": [0.5, 1e-06, 0.1], "k_pid_hsp": [6.273617744445801, 0.16409629583358765, 1.0], "k_pid_vsp": [335.1186828613281, 211.52377319335938, 251.49517822265625]}, "datetime": {"datetime": "2025-08-11 16:34:48", "elapsed": 568.0771863460541, "delta": 31.816742658615112}, "costs": {"total_cost": 1058.673369443495, "time_cost": 150, "final_distance_cost": 76.60303227556005, "oscillation_cost": 495.39920850353826, "completition_cost": 222.2222222222222, "overshoot_cost": 50.72884665357192, "power_cost": 35.48231215820313, "noise_cost": 28.23774763039941, "n_waypoints_completed": 7, "tot_waypoints": 9}}
{"target": -2947.3180023893374, "params": {"k_pid_pos": [1.2917560338974, 0.15101268887519836, 0.7433698177337646], "k_pid_alt": [1.3097755908966064, 0.5498927235603333, 0.04143396019935608], "k_pid_att": [5.409747123718262, 8.15627670288086, 0.8211351037025452], "k_pid_yaw": [0.5, 1e-06, 0.1], "k_pid_hsp": [5.6688313484191895, 0.0, 0.08845853805541992], "k_pid_vsp": [40.93362045288086, 204.43814086914062, 400.0]}, "datetime": {"datetime": "2025-08-11 16:35:21", "elapsed": 600.8479738235474, "delta": 32.770787477493286}, "costs": {"total_cost": 2947.3180023893374, "time_cost": 150, "final_distance_cost": 648.5620470050889, "oscillation_cost": 78.85869220649268, "completition_cost": 888.8888888888888, "overshoot_cost": 1120.877257718076, "power_cost": 30.360608483886722, "noise_cost": 29.770508086904783, "n_waypoints_completed": 1, "tot_waypoints": 9}}
{"target": -726.4534243278289, "params": {"k_pid_pos": [1.171328067779541, 0.8928664326667786, 0.41834837198257446], "k_pid_alt": [0.3138481378555298, 0.2769278287887573, 0.9769846200942993], "k_pid_att": [47.25971984863281, 5.824347972869873, 0.7185238599777222], "k_pid_yaw": [0.5, 1e-06, 0.1], "k_pid_hsp": [5.500607013702393, 0.8865939378738403, 0.37506288290023804], "k_pid_vsp": [400.0, 95.76642608642578, 240.92950439453125]}, "datetime": {"datetime": "2025-08-11 16:35:51", "elapsed": 631.3331987857819, "delta": 30.485224962234497}, "costs": {"total_cost": 726.4534243278289, "time_cost": 150, "final_distance_cost": 42.9168019177602, "oscillation_cost": 286.15509582185643, "completition_cost": 111.11111111111116, "overshoot_cost": 68.24962457646198, "power_cost": 36.83818005371094, "noise_cost": 31.18261084692809, "n_waypoints_completed": 8, "tot_waypoints": 9}}
{"target": -667.7771152798473, "params": {"k_pid_pos": [0.43399927020072937, 0.07980680465698242, 0.7452470660209656], "k_pid_alt": [0.9889984130859375, 0.6382913589477539, 1.0], "k_pid_att": [32.295345306396484, 4.862115383148193, 0.597066342830658], "k_pid_yaw": [0.5, 1e-06, 0.1], "k_pid_hsp": [6.770540237426758, 0.6431497931480408, 0.5539730787277222], "k_pid_vsp": [298.65130615234375, 28.110960006713867, 27.456619262695312]}, "datetime": {"datetime": "2025-08-11 16:36:21", "elapsed": 660.6512632369995, "delta": 29.31806445121765}, "costs": {"total_cost": 667.7771152798473, "time_cost": 105.203, "final_distance_cost": 1.8101387421014539, "oscillation_cost": 444.993159484698, "completition_cost": 0.0, "overshoot_cost": 59.562206856907736, "power_cost": 28.710069494628907, "noise_cost": 27.498540701511143, "n_waypoints_completed": 9, "tot_waypoints": 9}}
{"target": -1376.2923886117192, "params": {"k_pid_pos": [0.16463540494441986, 0.8202060461044312, 0.6607862114906311], "k_pid_alt": [0.797972559928894, 0.623581051826477, 0.6269798278808594], "k_pid_att": [100.0, 3.6131322383880615, 0.41611093282699585], "k_pid_yaw": [0.5, 1e-06, 0.1], "k_pid_hsp": [6.243141174316406, 0.28605663776397705, 0.756739616394043], "k_pid_vsp": [103.2164306640625, 150.13397216796875, 150.72962951660156]}, "datetime": {"datetime": "2025-08-11 16:36:51", "elapsed": 691.2108702659607, "delta": 30.55960702896118}, "costs": {"total_cost": 1376.2923886117192, "time_cost": 150, "final_distance_cost": 56.59308941723489, "oscillation_cost": 375.1120846864778, "completition_cost": 666.6666666666667, "overshoot_cost": 60.110028430825224, "power_cost": 37.49501705322266, "noise_cost": 30.315502357291667, "n_waypoints_completed": 3, "tot_waypoints": 9}}
{"target": -1036.498509315137, "params": {"k_pid_pos": [1.8673372268676758, 0.5488559603691101, 0.015679895877838135], "k_pid_alt": [1.3324971199035645, 0.4788910150527954, 0.7200235724449158], "k_pid_att": [33.477203369140625, 8.202811241149902, 0.3304940462112427], "k_pid_yaw": [0.5, 1e-06, 0.1], "k_pid_hsp": [8.79676628112793, 0.7745490074157715, 1.0], "k_pid_vsp": [217.76805114746094, 271.4784851074219, 324.8031005859375]}, "datetime": {"datetime": "2025-08-11 16:37:22", "elapsed": 722.0024719238281, "delta": 30.79160165786743}, "costs": {"total_cost": 1036.498509315137, "time_cost": 150, "final_distance_cost": 67.4712977359235, "oscillation_cost": 351.7090836817464, "completition_cost": 333.33333333333337, "overshoot_cost": 64.66513466181782, "power_cost": 36.489441186523436, "noise_cost": 32.830218715792576, "n_waypoints_completed": 6, "tot_waypoints": 9}}
{"target": -575.9979513465051, "params": {"k_pid_pos": [1.4176945686340332, 0.7976458072662354, 0.6368012428283691], "k_pid_alt": [0.7982341051101685, 0.8902875185012817, 0.3887876868247986], "k_pid_att": [96.64124298095703, 5.429843902587891, 0.9851576089859009], "k_pid_yaw": [0.5, 1e-06, 0.1], "k_pid_hsp": [8.970904350280762, 0.5377834439277649, 0.6872603893280029], "k_pid_vsp": [285.2021484375, 173.6361083984375, 28.456689834594727]}, "datetime": {"datetime": "2025-08-11 16:37:48", "elapsed": 747.5021772384644, "delta": 25.49970531463623}, "costs": {"total_cost": 575.9979513465051, "time_cost": 99.134, "final_distance_cost": 1.7786394433373813, "oscillation_cost": 362.02338104482726, "completition_cost": 0.0, "overshoot_cost": 58.77284141015751, "power_cost": 29.901866723632814, "noise_cost": 24.38722272455013, "n_waypoints_completed": 9, "tot_waypoints": 9}}
