{"target": -1252.212613428479, "params": {"k_pid_pos": [2.0, 0.9416800737380981, 1.0], "k_pid_alt": [1.8895128965377808, 1.0, 1.0], "k_pid_att": [2.750703811645508, 0.1823071986436844, 0.0], "k_pid_yaw": [0.5, 1e-06, 0.1], "k_pid_hsp": [10.0, 0.05091407895088196, 0.03266462683677673], "k_pid_vsp": [400.0, 400.0, 400.0]}, "datetime": {"datetime": "2025-08-12 07:11:42", "elapsed": 53181.67870974541, "delta": 31.977898120880127}, "costs": {"total_cost": 1252.212613428479, "time_cost": 150, "final_distance_cost": 50.83448448605074, "oscillation_cost": 364.13572627826, "completition_cost": 555.5555555555555, "overshoot_cost": 69.66967597819823, "power_cost": 33.07484490966797, "noise_cost": 28.942326220746473, "n_waypoints_completed": 4, "tot_waypoints": 9}}
{"target": -8234.20724950149, "params": {"k_pid_pos": [2.0, 0.9735890030860901, 0.9814767837524414], "k_pid_alt": [2.0, 1.0, 1.0], "k_pid_att": [0.0, 9.999999747378752e-05, 0.0], "k_pid_yaw": [0.5, 1e-06, 0.1], "k_pid_hsp": [9.77313232421875, 0.06717339158058167, 0.0], "k_pid_vsp": [379.200927734375, 400.0, 374.1293029785156]}, "datetime": {"datetime": "2025-08-12 07:12:13", "elapsed": 53212.72123503685, "delta": 31.04252529144287}, "costs": {"total_cost": 8234.20724950149, "time_cost": 150, "final_distance_cost": 1114.929056033713, "oscillation_cost": 14.946464799232762, "completition_cost": 1000.0, "overshoot_cost": 5820.434786909909, "power_cost": 45.00190711669922, "noise_cost": 88.89503464193615, "n_waypoints_completed": 0, "tot_waypoints": 9}}
{"target": -6270.446850692021, "params": {"k_pid_pos": [2.0, 1.0, 0.9315173625946045], "k_pid_alt": [2.0, 1.0, 0.9371855854988098], "k_pid_att": [0.0, 1.528924822807312, 0.021982014179229736], "k_pid_yaw": [0.5, 1e-06, 0.1], "k_pid_hsp": [9.520366668701172, 0.01935073733329773, 0.0], "k_pid_vsp": [400.0, 390.0365295410156, 400.0]}, "datetime": {"datetime": "2025-08-12 07:12:44", "elapsed": 53244.15671610832, "delta": 31.435481071472168}, "costs": {"total_cost": 6270.446850692021, "time_cost": 150, "final_distance_cost": 1129.8035872636656, "oscillation_cost": 2214.4049180775683, "completition_cost": 1000.0, "overshoot_cost": 1547.646494645087, "power_cost": 59.11758040771485, "noise_cost": 169.47427029798564, "n_waypoints_completed": 0, "tot_waypoints": 9}}
{"target": -7714.2900448077435, "params": {"k_pid_pos": [2.0, 0.9590091705322266, 0.9995782375335693], "k_pid_alt": [1.8580057621002197, 1.0, 0.9753695726394653], "k_pid_att": [0.0, 9.999999747378752e-05, 0.0016494691371917725], "k_pid_yaw": [0.5, 1e-06, 0.1], "k_pid_hsp": [9.721231460571289, 0.07825464010238647, 0.0], "k_pid_vsp": [400.0, 398.5435791015625, 400.0]}, "datetime": {"datetime": "2025-08-12 07:13:16", "elapsed": 53276.12779355049, "delta": 31.97107744216919}, "costs": {"total_cost": 7714.2900448077435, "time_cost": 150, "final_distance_cost": 1744.3163474678377, "oscillation_cost": 12.621537739352346, "completition_cost": 1000.0, "overshoot_cost": 4683.232691669205, "power_cost": 42.08066890869141, "noise_cost": 82.03879902265734, "n_waypoints_completed": 0, "tot_waypoints": 9}}
{"target": -4014.8797733678616, "params": {"k_pid_pos": [1.9480230808258057, 0.9752143621444702, 0.9678603410720825], "k_pid_alt": [1.9119395017623901, 1.0, 1.0], "k_pid_att": [0.0, 0.17919407784938812, 0.09791463613510132], "k_pid_yaw": [0.5, 1e-06, 0.1], "k_pid_hsp": [10.0, 0.0, 0.0], "k_pid_vsp": [368.009033203125, 400.0, 392.4837951660156]}, "datetime": {"datetime": "2025-08-12 07:13:47", "elapsed": 53307.32879447937, "delta": 31.201000928878784}, "costs": {"total_cost": 4014.8797733678616, "time_cost": 150, "final_distance_cost": 385.19266940541456, "oscillation_cost": 857.3412383201066, "completition_cost": 1000.0, "overshoot_cost": 1398.126916157998, "power_cost": 57.61618524169922, "noise_cost": 166.60276424264293, "n_waypoints_completed": 0, "tot_waypoints": 9}}
{"target": -1844.8777987561948, "params": {"k_pid_pos": [2.0, 1.0, 1.0], "k_pid_alt": [2.0, 0.986812949180603, 1.0], "k_pid_att": [4.172801971435547, 9.999999747378752e-05, 0.04951164126396179], "k_pid_yaw": [0.5, 1e-06, 0.1], "k_pid_hsp": [9.550930976867676, 0.0, 0.011695504188537598], "k_pid_vsp": [378.81890869140625, 364.2953186035156, 400.0]}, "datetime": {"datetime": "2025-08-12 07:14:20", "elapsed": 53340.21353125572, "delta": 32.88473677635193}, "costs": {"total_cost": 1844.8777987561948, "time_cost": 150, "final_distance_cost": 0.9980691136711124, "oscillation_cost": 401.92065310698484, "completition_cost": 1000.0, "overshoot_cost": 159.70050816854064, "power_cost": 29.823147497558594, "noise_cost": 102.43542086943937, "n_waypoints_completed": 0, "tot_waypoints": 9}}
{"target": -1838.409209762698, "params": {"k_pid_pos": [2.0, 1.0, 1.0], "k_pid_alt": [2.0, 1.0, 1.0], "k_pid_att": [5.485734462738037, 9.999999747378752e-05, 0.024509668350219727], "k_pid_yaw": [0.5, 1e-06, 0.1], "k_pid_hsp": [10.0, 0.022940367460250854, 0.0], "k_pid_vsp": [377.897705078125, 400.0, 400.0]}, "datetime": {"datetime": "2025-08-12 07:14:51", "elapsed": 53371.11782550812, "delta": 30.90429425239563}, "costs": {"total_cost": 1838.409209762698, "time_cost": 150, "final_distance_cost": 16.850826398522408, "oscillation_cost": 488.36674549524184, "completition_cost": 1000.0, "overshoot_cost": 125.43559191971175, "power_cost": 30.575691674804688, "noise_cost": 27.18035427441756, "n_waypoints_completed": 0, "tot_waypoints": 9}}
{"target": -4092.867235725856, "params": {"k_pid_pos": [1.9612939357757568, 0.9481672048568726, 0.9985871315002441], "k_pid_alt": [2.0, 1.0, 0.9521241784095764], "k_pid_att": [0.0, 0.266922265291214, 0.0], "k_pid_yaw": [0.5, 1e-06, 0.1], "k_pid_hsp": [9.596975326538086, 0.04309532046318054, 0.0005241036415100098], "k_pid_vsp": [378.2981262207031, 400.0, 400.0]}, "datetime": {"datetime": "2025-08-12 07:15:23", "elapsed": 53402.55803442001, "delta": 31.440208911895752}, "costs": {"total_cost": 4092.867235725856, "time_cost": 150, "final_distance_cost": 343.6783655557892, "oscillation_cost": 1194.3858018974863, "completition_cost": 1000.0, "overshoot_cost": 1176.7982428926216, "power_cost": 57.10538858642578, "noise_cost": 170.89943679353343, "n_waypoints_completed": 0, "tot_waypoints": 9}}
{"target": -8033.0153292590885, "params": {"k_pid_pos": [1.8059676885604858, 1.0, 0.9468609094619751], "k_pid_alt": [2.0, 0.978624701499939, 1.0], "k_pid_att": [0.0, 9.999999747378752e-05, 0.0], "k_pid_yaw": [0.5, 1e-06, 0.1], "k_pid_hsp": [10.0, 0.03348451852798462, 0.0], "k_pid_vsp": [394.061767578125, 400.0, 354.841796875]}, "datetime": {"datetime": "2025-08-12 07:15:54", "elapsed": 53433.879377126694, "delta": 31.321342706680298}, "costs": {"total_cost": 8033.0153292590885, "time_cost": 150, "final_distance_cost": 1115.2443552283273, "oscillation_cost": 15.319737038814377, "completition_cost": 1000.0, "overshoot_cost": 5630.046882649922, "power_cost": 45.067443591308596, "noise_cost": 77.33691075071637, "n_waypoints_completed": 0, "tot_waypoints": 9}}
{"target": -1614.9436127748452, "params": {"k_pid_pos": [1.904416799545288, 1.0, 0.9594602584838867], "k_pid_alt": [2.0, 0.9720489978790283, 0.8733147382736206], "k_pid_att": [1.2295007705688477, 9.999999747378752e-05, 0.0], "k_pid_yaw": [0.5, 1e-06, 0.1], "k_pid_hsp": [10.0, 0.09477579593658447, 0.07296103239059448], "k_pid_vsp": [398.2156677246094, 382.42584228515625, 400.0]}, "datetime": {"datetime": "2025-08-12 07:16:27", "elapsed": 53466.52872943878, "delta": 32.64935231208801}, "costs": {"total_cost": 1614.9436127748452, "time_cost": 150, "final_distance_cost": 41.43119838264751, "oscillation_cost": 295.5315355866727, "completition_cost": 1000.0, "overshoot_cost": 71.53806029893497, "power_cost": 30.33504520263672, "noise_cost": 26.10777330395321, "n_waypoints_completed": 0, "tot_waypoints": 9}}
{"target": -1676.4906211504074, "params": {"k_pid_pos": [1.9509122371673584, 1.0, 0.9746263027191162], "k_pid_alt": [1.8800524473190308, 0.9107331037521362, 1.0], "k_pid_att": [3.239816427230835, 9.999999747378752e-05, 0.0], "k_pid_yaw": [0.5, 1e-06, 0.1], "k_pid_hsp": [10.0, 0.0, 0.03576204180717468], "k_pid_vsp": [363.43316650390625, 400.0, 400.0]}, "datetime": {"datetime": "2025-08-12 07:16:59", "elapsed": 53498.982667684555, "delta": 32.453938245773315}, "costs": {"total_cost": 1676.4906211504074, "time_cost": 150, "final_distance_cost": 71.68624439719096, "oscillation_cost": 430.4476960467143, "completition_cost": 888.8888888888888, "overshoot_cost": 76.54278099674347, "power_cost": 31.56341024169922, "noise_cost": 27.361600579170478, "n_waypoints_completed": 1, "tot_waypoints": 9}}
{"target": -8095.461280782796, "params": {"k_pid_pos": [1.9568742513656616, 0.9786058664321899, 1.0], "k_pid_alt": [1.849705457687378, 0.9698469042778015, 0.9456482529640198], "k_pid_att": [0.0, 9.999999747378752e-05, 0.0], "k_pid_yaw": [0.5, 1e-06, 0.1], "k_pid_hsp": [9.785764694213867, 0.0, 0.0], "k_pid_vsp": [400.0, 391.0131530761719, 368.8146667480469]}, "datetime": {"datetime": "2025-08-12 07:17:31", "elapsed": 53530.855011701584, "delta": 31.87234401702881}, "costs": {"total_cost": 8095.461280782796, "time_cost": 150, "final_distance_cost": 1217.2061093425302, "oscillation_cost": 15.247733183876651, "completition_cost": 1000.0, "overshoot_cost": 5588.9531502354475, "power_cost": 45.11695134277344, "noise_cost": 78.93733667816866, "n_waypoints_completed": 0, "tot_waypoints": 9}}
{"target": -7662.1300902330695, "params": {"k_pid_pos": [1.891608476638794, 1.0, 1.0], "k_pid_alt": [2.0, 1.0, 1.0], "k_pid_att": [0.0, 9.999999747378752e-05, 0.00933229923248291], "k_pid_yaw": [0.5, 1e-06, 0.1], "k_pid_hsp": [9.853086471557617, 0.12142854928970337, 0.11841252446174622], "k_pid_vsp": [400.0, 400.0, 368.6878662109375]}, "datetime": {"datetime": "2025-08-12 07:18:21", "elapsed": 53580.86244225502, "delta": 50.00743055343628}, "costs": {"total_cost": 7662.1300902330695, "time_cost": 150, "final_distance_cost": 2219.300059257596, "oscillation_cost": 9.099995407025933, "completition_cost": 1000.0, "overshoot_cost": 4197.703289727718, "power_cost": 37.02823406982422, "noise_cost": 48.99851177090695, "n_waypoints_completed": 0, "tot_waypoints": 9}}
{"target": -8044.248116593924, "params": {"k_pid_pos": [1.9333808422088623, 1.0, 0.9027969241142273], "k_pid_alt": [1.851440191268921, 0.9932680130004883, 1.0], "k_pid_att": [0.0, 9.999999747378752e-05, 0.0], "k_pid_yaw": [0.5, 1e-06, 0.1], "k_pid_hsp": [10.0, 0.0, 0.0005707144737243652], "k_pid_vsp": [400.0, 400.0, 393.33843994140625]}, "datetime": {"datetime": "2025-08-12 07:18:56", "elapsed": 53616.241000175476, "delta": 35.37855792045593}, "costs": {"total_cost": 8044.248116593924, "time_cost": 150, "final_distance_cost": 1007.8000274385158, "oscillation_cost": 14.916809947339503, "completition_cost": 1000.0, "overshoot_cost": 5736.887171506549, "power_cost": 44.38457685546875, "noise_cost": 90.25953084605214, "n_waypoints_completed": 0, "tot_waypoints": 9}}
{"target": -4303.359033485814, "params": {"k_pid_pos": [1.9133073091506958, 1.0, 1.0], "k_pid_alt": [2.0, 0.9311274290084839, 0.9614300727844238], "k_pid_att": [0.0, 0.2939911484718323, 0.05787700414657593], "k_pid_yaw": [0.5, 1e-06, 0.1], "k_pid_hsp": [9.375094413757324, 0.0, 0.0726378858089447], "k_pid_vsp": [392.5051574707031, 400.0, 382.45562744140625]}, "datetime": {"datetime": "2025-08-12 07:19:29", "elapsed": 53649.15297484398, "delta": 32.91197466850281}, "costs": {"total_cost": 4303.359033485814, "time_cost": 150, "final_distance_cost": 441.5973722463378, "oscillation_cost": 1183.3832020387565, "completition_cost": 1000.0, "overshoot_cost": 1301.6270844749645, "power_cost": 57.55099055175781, "noise_cost": 169.20038417399758, "n_waypoints_completed": 0, "tot_waypoints": 9}}
{"target": -953.374744607849, "params": {"k_pid_pos": [2.0, 1.0, 1.0], "k_pid_alt": [2.0, 1.0, 1.0], "k_pid_att": [1.3332128524780273, 0.5249786376953125, 0.0], "k_pid_yaw": [0.5, 1e-06, 0.1], "k_pid_hsp": [10.0, 0.0020277202129364014, 0.0], "k_pid_vsp": [400.0, 397.08746337890625, 356.475341796875]}, "datetime": {"datetime": "2025-08-12 07:20:00", "elapsed": 53679.43252444267, "delta": 30.279549598693848}, "costs": {"total_cost": 953.374744607849, "time_cost": 150, "final_distance_cost": 64.96043316759702, "oscillation_cost": 279.0110505988617, "completition_cost": 333.33333333333337, "overshoot_cost": 63.46191644135679, "power_cost": 33.23991190185547, "noise_cost": 29.368099164844562, "n_waypoints_completed": 6, "tot_waypoints": 9}}
{"target": -7029.926818889829, "params": {"k_pid_pos": [1.8646029233932495, 1.0, 0.8925482034683228], "k_pid_alt": [1.8936450481414795, 1.0, 0.9941411018371582], "k_pid_att": [0.0, 0.3277526795864105, 0.05424407124519348], "k_pid_yaw": [0.5, 1e-06, 0.1], "k_pid_hsp": [9.928732872009277, 0.0, 0.0], "k_pid_vsp": [386.75250244140625, 400.0, 399.9489440917969]}, "datetime": {"datetime": "2025-08-12 07:20:32", "elapsed": 53711.409103155136, "delta": 31.97657871246338}, "costs": {"total_cost": 7029.926818889829, "time_cost": 150, "final_distance_cost": 1795.6784300357335, "oscillation_cost": 1300.6235036435237, "completition_cost": 1000.0, "overshoot_cost": 2556.3055141877076, "power_cost": 57.50278112792969, "noise_cost": 169.81658989493422, "n_waypoints_completed": 0, "tot_waypoints": 9}}
{"target": -12527.012634603752, "params": {"k_pid_pos": [2.0, 1.0, 1.0], "k_pid_alt": [2.0, 0.9560793042182922, 0.9220103025436401], "k_pid_att": [0.0, 0.9851889610290527, 0.015725165605545044], "k_pid_yaw": [0.5, 1e-06, 0.1], "k_pid_hsp": [9.342392921447754, 0.0, 0.0], "k_pid_vsp": [389.9434509277344, 400.0, 391.0330810546875]}, "datetime": {"datetime": "2025-08-12 07:21:06", "elapsed": 53745.93702149391, "delta": 34.527918338775635}, "costs": {"total_cost": 12527.012634603752, "time_cost": 150, "final_distance_cost": 3802.4695707687147, "oscillation_cost": 2239.8210952318573, "completition_cost": 1000.0, "overshoot_cost": 5106.171284310221, "power_cost": 56.769707604980475, "noise_cost": 171.7809766879781, "n_waypoints_completed": 0, "tot_waypoints": 9}}
{"target": -8099.009759023589, "params": {"k_pid_pos": [2.0, 0.9773972630500793, 0.9719371199607849], "k_pid_alt": [2.0, 0.9660334587097168, 0.9599807262420654], "k_pid_att": [0.0, 9.999999747378752e-05, 0.0], "k_pid_yaw": [0.5, 1e-06, 0.1], "k_pid_hsp": [10.0, 0.01694709062576294, 0.0], "k_pid_vsp": [397.4306640625, 400.0, 400.0]}, "datetime": {"datetime": "2025-08-12 07:21:40", "elapsed": 53779.81953215599, "delta": 33.88251066207886}, "costs": {"total_cost": 8099.009759023589, "time_cost": 150, "final_distance_cost": 882.2363246359059, "oscillation_cost": 14.799522438014732, "completition_cost": 1000.0, "overshoot_cost": 5913.8994012338, "power_cost": 44.229516223144536, "noise_cost": 93.84499449272447, "n_waypoints_completed": 0, "tot_waypoints": 9}}
{"target": -4704.816951617627, "params": {"k_pid_pos": [1.9293620586395264, 0.8958035111427307, 0.9876677393913269], "k_pid_alt": [2.0, 1.0, 1.0], "k_pid_att": [0.0, 0.6306768655776978, 0.0], "k_pid_yaw": [0.5, 1e-06, 0.1], "k_pid_hsp": [9.432838439941406, 0.0, 0.0], "k_pid_vsp": [400.0, 400.0, 388.20074462890625]}, "datetime": {"datetime": "2025-08-12 07:22:10", "elapsed": 53810.20760035515, "delta": 30.388068199157715}, "costs": {"total_cost": 4704.816951617627, "time_cost": 150, "final_distance_cost": 273.97047844612746, "oscillation_cost": 2018.8493948507337, "completition_cost": 1000.0, "overshoot_cost": 1029.5794730859468, "power_cost": 57.70584262695313, "noise_cost": 174.71176260786558, "n_waypoints_completed": 0, "tot_waypoints": 9}}
{"target": -3993.574615079374, "params": {"k_pid_pos": [1.963915467262268, 0.9967297911643982, 0.9799742102622986], "k_pid_alt": [1.9452589750289917, 1.0, 0.950592577457428], "k_pid_att": [0.0, 0.3110641539096832, 0.0], "k_pid_yaw": [0.5, 1e-06, 0.1], "k_pid_hsp": [10.0, 0.07278630137443542, 0.008652031421661377], "k_pid_vsp": [400.0, 400.0, 400.0]}, "datetime": {"datetime": "2025-08-12 07:22:43", "elapsed": 53843.088685035706, "delta": 32.88108468055725}, "costs": {"total_cost": 3993.574615079374, "time_cost": 150, "final_distance_cost": 263.7148093266059, "oscillation_cost": 1490.1343100066604, "completition_cost": 1000.0, "overshoot_cost": 859.05965588608, "power_cost": 57.759918273925784, "noise_cost": 172.90592158610173, "n_waypoints_completed": 0, "tot_waypoints": 9}}
{"target": -4051.097545896423, "params": {"k_pid_pos": [1.970105767250061, 1.0, 0.9548403024673462], "k_pid_alt": [2.0, 0.9473221302032471, 1.0], "k_pid_att": [0.0, 0.2686198055744171, 0.0], "k_pid_yaw": [0.5, 1e-06, 0.1], "k_pid_hsp": [10.0, 0.0368577241897583, 0.0], "k_pid_vsp": [400.0, 372.7038879394531, 400.0]}, "datetime": {"datetime": "2025-08-12 07:23:16", "elapsed": 53876.11694192886, "delta": 33.02825689315796}, "costs": {"total_cost": 4051.097545896423, "time_cost": 150, "final_distance_cost": 354.93414736202817, "oscillation_cost": 1197.0225499895007, "completition_cost": 1000.0, "overshoot_cost": 1120.094378518097, "power_cost": 57.40159569091797, "noise_cost": 171.6448743358792, "n_waypoints_completed": 0, "tot_waypoints": 9}}
{"target": -4208.551124772402, "params": {"k_pid_pos": [1.9655922651290894, 0.9728583693504333, 1.0], "k_pid_alt": [1.9423969984054565, 1.0, 0.9990583658218384], "k_pid_att": [0.0, 0.5907999873161316, 0.0], "k_pid_yaw": [0.5, 1e-06, 0.1], "k_pid_hsp": [10.0, 0.0, 0.014372706413269043], "k_pid_vsp": [398.89764404296875, 387.5779724121094, 382.78057861328125]}, "datetime": {"datetime": "2025-08-12 07:23:48", "elapsed": 53908.326367378235, "delta": 32.20942544937134}, "costs": {"total_cost": 4208.551124772402, "time_cost": 150, "final_distance_cost": 233.20051102234967, "oscillation_cost": 1887.3345056317924, "completition_cost": 1000.0, "overshoot_cost": 705.8952075199073, "power_cost": 57.784388891601566, "noise_cost": 174.33651170675097, "n_waypoints_completed": 0, "tot_waypoints": 9}}
{"target": -3945.9156702000246, "params": {"k_pid_pos": [1.992526650428772, 0.9781292676925659, 1.0], "k_pid_alt": [1.9490559101104736, 1.0, 0.9265710115432739], "k_pid_att": [0.0, 0.2035733163356781, 0.0], "k_pid_yaw": [0.5, 1e-06, 0.1], "k_pid_hsp": [9.108308792114258, 0.0031599104404449463, 0.0], "k_pid_vsp": [368.96044921875, 400.0, 373.8916931152344]}, "datetime": {"datetime": "2025-08-12 07:24:20", "elapsed": 53940.1761674881, "delta": 31.84980010986328}, "costs": {"total_cost": 3945.9156702000246, "time_cost": 150, "final_distance_cost": 379.3641032733983, "oscillation_cost": 993.8038405530417, "completition_cost": 1000.0, "overshoot_cost": 1196.1217949938432, "power_cost": 57.395111157226566, "noise_cost": 169.23082022251475, "n_waypoints_completed": 0, "tot_waypoints": 9}}
{"target": -14379.927693868629, "params": {"k_pid_pos": [1.8440624475479126, 1.0, 1.0], "k_pid_alt": [2.0, 0.9951372146606445, 1.0], "k_pid_att": [0.0, 9.999999747378752e-05, 0.0], "k_pid_yaw": [0.5, 1e-06, 0.1], "k_pid_hsp": [9.443694114685059, 0.0, 0.09435543417930603], "k_pid_vsp": [391.0011901855469, 400.0, 390.01446533203125]}, "datetime": {"datetime": "2025-08-12 07:24:52", "elapsed": 53971.788439035416, "delta": 31.612271547317505}, "costs": {"total_cost": 14379.927693868629, "time_cost": 150, "final_distance_cost": 2893.843285849224, "oscillation_cost": 14.836053992820451, "completition_cost": 1000.0, "overshoot_cost": 10169.479704077557, "power_cost": 48.11491396484375, "noise_cost": 103.65373598418489, "n_waypoints_completed": 0, "tot_waypoints": 9}}
{"target": -7408.08082731273, "params": {"k_pid_pos": [1.9905364513397217, 1.0, 0.9496820569038391], "k_pid_alt": [1.8962147235870361, 1.0, 0.9816552400588989], "k_pid_att": [0.0, 9.999999747378752e-05, 0.014241933822631836], "k_pid_yaw": [0.5, 1e-06, 0.1], "k_pid_hsp": [9.611260414123535, 0.0, 0.0], "k_pid_vsp": [397.79541015625, 400.0, 390.0133972167969]}, "datetime": {"datetime": "2025-08-12 07:25:23", "elapsed": 54002.84019398689, "delta": 31.05175495147705}, "costs": {"total_cost": 7408.08082731273, "time_cost": 150, "final_distance_cost": 2151.5643669489305, "oscillation_cost": 8.555558418450769, "completition_cost": 1000.0, "overshoot_cost": 4006.3546503674893, "power_cost": 36.900251159667974, "noise_cost": 54.70600041819181, "n_waypoints_completed": 0, "tot_waypoints": 9}}
{"target": -1242.648122471707, "params": {"k_pid_pos": [2.0, 1.0, 0.9996387362480164], "k_pid_alt": [1.98978853225708, 0.9752628803253174, 0.9660454988479614], "k_pid_att": [7.101118564605713, 9.999999747378752e-05, 0.0], "k_pid_yaw": [0.5, 1e-06, 0.1], "k_pid_hsp": [9.935724258422852, 0.0, 0.048487335443496704], "k_pid_vsp": [372.7986755371094, 400.0, 400.0]}, "datetime": {"datetime": "2025-08-12 07:25:54", "elapsed": 54034.32080936432, "delta": 31.480615377426147}, "costs": {"total_cost": 1242.648122471707, "time_cost": 150, "final_distance_cost": 53.67624879976112, "oscillation_cost": 472.5133678584052, "completition_cost": 444.4444444444444, "overshoot_cost": 59.92621422568873, "power_cost": 32.28982536621094, "noise_cost": 29.798021777196727, "n_waypoints_completed": 5, "tot_waypoints": 9}}
{"target": -4723.963578397558, "params": {"k_pid_pos": [2.0, 0.9394336938858032, 0.9736578464508057], "k_pid_alt": [1.9683799743652344, 1.0, 0.9827276468276978], "k_pid_att": [0.0, 0.07693170756101608, 0.0], "k_pid_yaw": [0.5, 1e-06, 0.1], "k_pid_hsp": [9.479079246520996, 0.03511303663253784, 0.0], "k_pid_vsp": [400.0, 394.3401794433594, 400.0]}, "datetime": {"datetime": "2025-08-12 07:26:27", "elapsed": 54067.09548807144, "delta": 32.7746787071228}, "costs": {"total_cost": 4723.963578397558, "time_cost": 150, "final_distance_cost": 554.482138956494, "oscillation_cost": 643.7819700743908, "completition_cost": 1000.0, "overshoot_cost": 2152.3568951353586, "power_cost": 57.96106809082031, "noise_cost": 165.38150614049476, "n_waypoints_completed": 0, "tot_waypoints": 9}}
