{"target": -8660.176817119007, "params": {"k_pid_pos": [2.0, 1.0, 1.0], "k_pid_alt": [2.0, 1.0, 1.0], "k_pid_att": [0.0, 9.999999747378752e-05, 0.0], "k_pid_yaw": [0.5, 1e-06, 0.1], "k_pid_hsp": [9.867873191833496, 0.0, 0.0], "k_pid_vsp": [362.7139892578125, 356.930908203125, 400.0]}, "datetime": {"datetime": "2025-08-12 04:32:11", "elapsed": 43611.068838596344, "delta": 31.619168996810913}, "costs": {"total_cost": 8660.176817119007, "time_cost": 150, "final_distance_cost": 455.2566787313676, "oscillation_cost": 14.151393955308475, "completition_cost": 1000.0, "overshoot_cost": 6892.720183994726, "power_cost": 43.18286700439453, "noise_cost": 104.8656934332124, "n_waypoints_completed": 0, "tot_waypoints": 9}}
{"target": -8192.564309979569, "params": {"k_pid_pos": [2.0, 0.9291882514953613, 0.9142647981643677], "k_pid_alt": [2.0, 0.9961940050125122, 1.0], "k_pid_att": [0.0, 9.999999747378752e-05, 0.0], "k_pid_yaw": [0.5, 1e-06, 0.1], "k_pid_hsp": [9.537409782409668, 0.0, 0.0], "k_pid_vsp": [400.0, 400.0, 400.0]}, "datetime": {"datetime": "2025-08-12 04:32:43", "elapsed": 43642.64457774162, "delta": 31.57573914527893}, "costs": {"total_cost": 8192.564309979569, "time_cost": 150, "final_distance_cost": 1028.7236544146908, "oscillation_cost": 14.88236396128899, "completition_cost": 1000.0, "overshoot_cost": 5862.223274734838, "power_cost": 44.455224804687504, "noise_cost": 92.27979206406326, "n_waypoints_completed": 0, "tot_waypoints": 9}}
{"target": -4437.735901797701, "params": {"k_pid_pos": [2.0, 1.0, 0.9489561915397644], "k_pid_alt": [1.9759223461151123, 1.0, 1.0], "k_pid_att": [0.0, 0.15945172309875488, 0.15842661261558533], "k_pid_yaw": [0.5, 1e-06, 0.1], "k_pid_hsp": [9.602499961853027, 0.07078748941421509, 0.002331465482711792], "k_pid_vsp": [396.43408203125, 392.74468994140625, 396.7712097167969]}, "datetime": {"datetime": "2025-08-12 04:33:16", "elapsed": 43675.457770347595, "delta": 32.81319260597229}, "costs": {"total_cost": 4437.735901797701, "time_cost": 150, "final_distance_cost": 579.418270886275, "oscillation_cost": 726.315414402307, "completition_cost": 1000.0, "overshoot_cost": 1759.1561952673455, "power_cost": 57.24018953857422, "noise_cost": 165.60583170319936, "n_waypoints_completed": 0, "tot_waypoints": 9}}
{"target": -1118.9743155077667, "params": {"k_pid_pos": [1.8181685209274292, 1.0, 0.9875730872154236], "k_pid_alt": [1.9084006547927856, 1.0, 0.9302319288253784], "k_pid_att": [10.227784156799316, 9.999999747378752e-05, 0.0], "k_pid_yaw": [0.5, 1e-06, 0.1], "k_pid_hsp": [10.0, 0.0, 0.0], "k_pid_vsp": [400.0, 400.0, 387.98638916015625]}, "datetime": {"datetime": "2025-08-12 04:33:48", "elapsed": 43707.55273485184, "delta": 32.09496450424194}, "costs": {"total_cost": 1118.9743155077667, "time_cost": 150, "final_distance_cost": 67.10582275710499, "oscillation_cost": 440.7649409155079, "completition_cost": 333.33333333333337, "overshoot_cost": 66.2933441664968, "power_cost": 32.63602390136719, "noise_cost": 28.840850433956508, "n_waypoints_completed": 6, "tot_waypoints": 9}}
{"target": -4631.706645139893, "params": {"k_pid_pos": [1.990269422531128, 0.9838330745697021, 0.9958209991455078], "k_pid_alt": [2.0, 1.0, 1.0], "k_pid_att": [0.0, 0.5348860025405884, 0.010897308588027954], "k_pid_yaw": [0.5, 1e-06, 0.1], "k_pid_hsp": [9.772833824157715, 0.04086032509803772, 0.04276716709136963], "k_pid_vsp": [400.0, 400.0, 400.0]}, "datetime": {"datetime": "2025-08-12 04:34:19", "elapsed": 43739.14185786247, "delta": 31.589123010635376}, "costs": {"total_cost": 4631.706645139893, "time_cost": 150, "final_distance_cost": 381.08413338034177, "oscillation_cost": 1787.6876057647653, "completition_cost": 1000.0, "overshoot_cost": 1082.281240543014, "power_cost": 57.48273619384766, "noise_cost": 173.17092925792403, "n_waypoints_completed": 0, "tot_waypoints": 9}}
{"target": -5665.820249025122, "params": {"k_pid_pos": [1.948266625404358, 0.9355129599571228, 0.8973522186279297], "k_pid_alt": [1.8150736093521118, 1.0, 1.0], "k_pid_att": [0.0, 9.999999747378752e-05, 0.03330707550048828], "k_pid_yaw": [0.5, 1e-06, 0.1], "k_pid_hsp": [9.042146682739258, 0.018766134977340698, 0.09744912385940552], "k_pid_vsp": [374.49969482421875, 394.9675598144531, 400.0]}, "datetime": {"datetime": "2025-08-12 04:34:50", "elapsed": 43769.605748176575, "delta": 30.463890314102173}, "costs": {"total_cost": 5665.820249025122, "time_cost": 150, "final_distance_cost": 944.2907926128132, "oscillation_cost": 4.853091065372199, "completition_cost": 1000.0, "overshoot_cost": 3438.340720295528, "power_cost": 30.15312790527344, "noise_cost": 98.18251714613615, "n_waypoints_completed": 0, "tot_waypoints": 9}}
{"target": -1707.1067557318945, "params": {"k_pid_pos": [2.0, 0.9641932845115662, 0.9412966966629028], "k_pid_alt": [1.9521539211273193, 0.8952659368515015, 1.0], "k_pid_att": [1.2861549854278564, 0.06072983518242836, 0.0], "k_pid_yaw": [0.5, 1e-06, 0.1], "k_pid_hsp": [10.0, 0.04379799962043762, 0.0], "k_pid_vsp": [355.4092712402344, 400.0, 400.0]}, "datetime": {"datetime": "2025-08-12 04:35:21", "elapsed": 43800.48923707008, "delta": 30.88348889350891}, "costs": {"total_cost": 1707.1067557318945, "time_cost": 150, "final_distance_cost": 1.0093561559695305, "oscillation_cost": 288.4244906087079, "completition_cost": 1000.0, "overshoot_cost": 154.09261003294142, "power_cost": 30.02940595703125, "noise_cost": 83.55089297724425, "n_waypoints_completed": 0, "tot_waypoints": 9}}
{"target": -1227.6045994705069, "params": {"k_pid_pos": [1.9653319120407104, 1.0, 1.0], "k_pid_alt": [1.9861446619033813, 0.9979000091552734, 1.0], "k_pid_att": [5.842390537261963, 9.999999747378752e-05, 0.0], "k_pid_yaw": [0.5, 1e-06, 0.1], "k_pid_hsp": [9.741243362426758, 0.061930298805236816, 0.03609415888786316], "k_pid_vsp": [368.36041259765625, 400.0, 400.0]}, "datetime": {"datetime": "2025-08-12 04:35:53", "elapsed": 43833.09882187843, "delta": 32.60958480834961}, "costs": {"total_cost": 1227.6045994705069, "time_cost": 150, "final_distance_cost": 55.42922764647791, "oscillation_cost": 449.3316315753913, "completition_cost": 444.4444444444444, "overshoot_cost": 66.50217422353049, "power_cost": 32.35143540039063, "noise_cost": 29.545686180272178, "n_waypoints_completed": 5, "tot_waypoints": 9}}
{"target": -1294.8285902952805, "params": {"k_pid_pos": [2.0, 0.9894754886627197, 0.9538595676422119], "k_pid_alt": [2.0, 0.9453157186508179, 1.0], "k_pid_att": [5.948272228240967, 0.38980674743652344, 0.059185951948165894], "k_pid_yaw": [0.5, 1e-06, 0.1], "k_pid_hsp": [9.721654891967773, 0.0, 0.07111886143684387], "k_pid_vsp": [389.7651672363281, 400.0, 400.0]}, "datetime": {"datetime": "2025-08-12 04:36:25", "elapsed": 43864.588675022125, "delta": 31.489853143692017}, "costs": {"total_cost": 1294.8285902952805, "time_cost": 150, "final_distance_cost": 45.949110163134975, "oscillation_cost": 406.9125295251141, "completition_cost": 555.5555555555555, "overshoot_cost": 75.09538257252142, "power_cost": 32.06544353027344, "noise_cost": 29.250568948681128, "n_waypoints_completed": 4, "tot_waypoints": 9}}
{"target": -1425.5878983552366, "params": {"k_pid_pos": [1.9358934164047241, 1.0, 0.91487717628479], "k_pid_alt": [1.9843745231628418, 0.9883027076721191, 1.0], "k_pid_att": [0.5366683006286621, 9.999999747378752e-05, 0.01709294319152832], "k_pid_yaw": [0.5, 1e-06, 0.1], "k_pid_hsp": [9.891376495361328, 0.033402830362319946, 0.03626143932342529], "k_pid_vsp": [384.6965026855469, 398.22723388671875, 389.22991943359375]}, "datetime": {"datetime": "2025-08-12 04:36:57", "elapsed": 43896.91835927963, "delta": 32.329684257507324}, "costs": {"total_cost": 1425.5878983552366, "time_cost": 150, "final_distance_cost": 45.2592421891536, "oscillation_cost": 122.29731866502215, "completition_cost": 1000.0, "overshoot_cost": 44.31538278765103, "power_cost": 35.33313677978516, "noise_cost": 28.382817933624427, "n_waypoints_completed": 0, "tot_waypoints": 9}}
{"target": -1488.9133806811865, "params": {"k_pid_pos": [1.9956823587417603, 0.9928817749023438, 1.0], "k_pid_alt": [2.0, 0.9797368049621582, 0.9497454166412354], "k_pid_att": [1.886621117591858, 0.3356287479400635, 0.0], "k_pid_yaw": [0.5, 1e-06, 0.1], "k_pid_hsp": [10.0, 0.016329169273376465, 0.0], "k_pid_vsp": [388.461669921875, 400.0, 400.0]}, "datetime": {"datetime": "2025-08-12 04:37:28", "elapsed": 43928.034368276596, "delta": 31.1160089969635}, "costs": {"total_cost": 1488.9133806811865, "time_cost": 150, "final_distance_cost": 84.88458679480244, "oscillation_cost": 346.688087729445, "completition_cost": 777.7777777777778, "overshoot_cost": 70.51969226202564, "power_cost": 32.03742520751953, "noise_cost": 27.005810909615906, "n_waypoints_completed": 2, "tot_waypoints": 9}}
{"target": -7860.969847687177, "params": {"k_pid_pos": [1.9308844804763794, 1.0, 1.0], "k_pid_alt": [2.0, 1.0, 1.0], "k_pid_att": [0.0, 9.999999747378752e-05, 0.007793456315994263], "k_pid_yaw": [0.5, 1e-06, 0.1], "k_pid_hsp": [9.708212852478027, 0.0, 0.0], "k_pid_vsp": [378.918701171875, 386.5142822265625, 400.0]}, "datetime": {"datetime": "2025-08-12 04:38:00", "elapsed": 43959.63540935516, "delta": 31.601041078567505}, "costs": {"total_cost": 7860.969847687177, "time_cost": 150, "final_distance_cost": 1942.0652654447822, "oscillation_cost": 10.037904343572233, "completition_cost": 1000.0, "overshoot_cost": 4638.068912393144, "power_cost": 40.42769007568359, "noise_cost": 80.37007542999436, "n_waypoints_completed": 0, "tot_waypoints": 9}}
{"target": -662.0796332290682, "params": {"k_pid_pos": [2.0, 0.9556314945220947, 1.0], "k_pid_alt": [1.9609297513961792, 1.0, 0.8968573808670044], "k_pid_att": [0.6748855113983154, 0.6685218811035156, 0.0], "k_pid_yaw": [0.5, 1e-06, 0.1], "k_pid_hsp": [10.0, 0.027021467685699463, 0.0009310543537139893], "k_pid_vsp": [367.0384216308594, 400.0, 380.9783935546875]}, "datetime": {"datetime": "2025-08-12 04:38:31", "elapsed": 43990.78742337227, "delta": 31.152014017105103}, "costs": {"total_cost": 662.0796332290682, "time_cost": 150, "final_distance_cost": 37.09855590949171, "oscillation_cost": 234.25936159660182, "completition_cost": 111.11111111111116, "overshoot_cost": 59.73328691297986, "power_cost": 38.80409379882813, "noise_cost": 31.073223900055485, "n_waypoints_completed": 8, "tot_waypoints": 9}}
{"target": -1266.691430169936, "params": {"k_pid_pos": [1.9727293252944946, 0.9110652208328247, 0.92568039894104], "k_pid_alt": [2.0, 0.9919475317001343, 1.0], "k_pid_att": [6.680482864379883, 0.695647656917572, 0.0], "k_pid_yaw": [0.5, 1e-06, 0.1], "k_pid_hsp": [9.164046287536621, 0.045691072940826416, 0.012865275144577026], "k_pid_vsp": [379.0232238769531, 361.7840270996094, 400.0]}, "datetime": {"datetime": "2025-08-12 04:39:01", "elapsed": 44020.68073344231, "delta": 29.893310070037842}, "costs": {"total_cost": 1266.691430169936, "time_cost": 150, "final_distance_cost": 55.21397678305818, "oscillation_cost": 487.5588618666908, "completition_cost": 444.4444444444444, "overshoot_cost": 66.82576090168517, "power_cost": 32.71567626953125, "noise_cost": 29.93270990452597, "n_waypoints_completed": 5, "tot_waypoints": 9}}
{"target": -13528.914995592442, "params": {"k_pid_pos": [1.9765865802764893, 1.0, 0.9719741344451904], "k_pid_alt": [2.0, 0.9863859415054321, 0.9786653518676758], "k_pid_att": [0.0, 1.0365560054779053, 0.059251487255096436], "k_pid_yaw": [0.5, 1e-06, 0.1], "k_pid_hsp": [10.0, 0.0, 0.0], "k_pid_vsp": [400.0, 400.0, 400.0]}, "datetime": {"datetime": "2025-08-12 04:39:33", "elapsed": 44053.36411237717, "delta": 32.68337893486023}, "costs": {"total_cost": 13528.914995592442, "time_cost": 150, "final_distance_cost": 4571.849888277831, "oscillation_cost": 2123.8433916101694, "completition_cost": 1000.0, "overshoot_cost": 5452.72086577884, "power_cost": 56.88952750244141, "noise_cost": 173.61132242316197, "n_waypoints_completed": 0, "tot_waypoints": 9}}
{"target": -1043.98265758986, "params": {"k_pid_pos": [2.0, 0.9073787331581116, 1.0], "k_pid_alt": [2.0, 1.0, 0.9692842960357666], "k_pid_att": [13.862070083618164, 0.6841035485267639, 0.0], "k_pid_yaw": [0.5, 1e-06, 0.1], "k_pid_hsp": [9.197139739990234, 0.0, 0.0], "k_pid_vsp": [400.0, 400.0, 380.1072082519531]}, "datetime": {"datetime": "2025-08-12 04:40:05", "elapsed": 44085.16984176636, "delta": 31.805729389190674}, "costs": {"total_cost": 1043.98265758986, "time_cost": 150, "final_distance_cost": 74.01460845347613, "oscillation_cost": 475.41473138883475, "completition_cost": 222.2222222222222, "overshoot_cost": 60.075242202749386, "power_cost": 31.956237133789063, "noise_cost": 30.299616188788754, "n_waypoints_completed": 7, "tot_waypoints": 9}}
{"target": -1383.26934901278, "params": {"k_pid_pos": [2.0, 1.0, 1.0], "k_pid_alt": [2.0, 1.0, 1.0], "k_pid_att": [0.09810924530029297, 9.999999747378752e-05, 0.05206182599067688], "k_pid_yaw": [0.5, 1e-06, 0.1], "k_pid_hsp": [10.0, 0.09463948011398315, 0.04723834991455078], "k_pid_vsp": [400.0, 400.0, 397.8846130371094]}, "datetime": {"datetime": "2025-08-12 04:40:37", "elapsed": 44116.83542227745, "delta": 31.66558051109314}, "costs": {"total_cost": 1383.26934901278, "time_cost": 150, "final_distance_cost": 49.853343009058676, "oscillation_cost": 50.190716410583235, "completition_cost": 1000.0, "overshoot_cost": 71.90792785180177, "power_cost": 31.64973875732422, "noise_cost": 29.667622984011984, "n_waypoints_completed": 0, "tot_waypoints": 9}}
{"target": -1802.136463737073, "params": {"k_pid_pos": [1.8881748914718628, 0.9415642619132996, 0.9921669960021973], "k_pid_alt": [1.988515019416809, 1.0, 1.0], "k_pid_att": [6.832742691040039, 0.8625160455703735, 0.08885419368743896], "k_pid_yaw": [0.5, 1e-06, 0.1], "k_pid_hsp": [9.728835105895996, 0.020704716444015503, 0.057819217443466187], "k_pid_vsp": [375.8711242675781, 368.54180908203125, 400.0]}, "datetime": {"datetime": "2025-08-12 04:41:08", "elapsed": 44147.56215143204, "delta": 30.726729154586792}, "costs": {"total_cost": 1802.136463737073, "time_cost": 150, "final_distance_cost": 40.341401361639505, "oscillation_cost": 482.90234627564934, "completition_cost": 1000.0, "overshoot_cost": 68.71531782460846, "power_cost": 32.10116168212891, "noise_cost": 28.076236593046744, "n_waypoints_completed": 0, "tot_waypoints": 9}}
{"target": -4081.572853654091, "params": {"k_pid_pos": [2.0, 1.0, 0.9744947552680969], "k_pid_alt": [2.0, 1.0, 0.9864284992218018], "k_pid_att": [0.0, 0.22474050521850586, 0.0], "k_pid_yaw": [0.5, 1e-06, 0.1], "k_pid_hsp": [10.0, 0.021536022424697876, 0.0], "k_pid_vsp": [388.04925537109375, 374.82257080078125, 400.0]}, "datetime": {"datetime": "2025-08-12 04:41:39", "elapsed": 44179.28077507019, "delta": 31.718623638153076}, "costs": {"total_cost": 4081.572853654091, "time_cost": 150, "final_distance_cost": 355.3290262834188, "oscillation_cost": 1119.1493192317669, "completition_cost": 1000.0, "overshoot_cost": 1227.8795589018962, "power_cost": 57.60473614501954, "noise_cost": 171.6102130919892, "n_waypoints_completed": 0, "tot_waypoints": 9}}
{"target": -1178.303672338526, "params": {"k_pid_pos": [1.889263391494751, 0.9320683479309082, 1.0], "k_pid_alt": [2.0, 1.0, 1.0], "k_pid_att": [3.6317288875579834, 0.39774540066719055, 0.0], "k_pid_yaw": [0.5, 1e-06, 0.1], "k_pid_hsp": [10.0, 0.0, 0.0010004043579101562], "k_pid_vsp": [400.0, 400.0, 386.7383728027344]}, "datetime": {"datetime": "2025-08-12 04:42:09", "elapsed": 44209.22365999222, "delta": 29.942884922027588}, "costs": {"total_cost": 1178.303672338526, "time_cost": 150, "final_distance_cost": 56.84111314262738, "oscillation_cost": 400.08627922370954, "completition_cost": 444.4444444444444, "overshoot_cost": 66.17942660819905, "power_cost": 31.859725720214847, "noise_cost": 28.89268319933084, "n_waypoints_completed": 5, "tot_waypoints": 9}}
{"target": -4617.867044636547, "params": {"k_pid_pos": [1.9185179471969604, 1.0, 1.0], "k_pid_alt": [1.944122552871704, 0.9574251770973206, 1.0], "k_pid_att": [0.0, 0.1042175441980362, 0.054255396127700806], "k_pid_yaw": [0.5, 1e-06, 0.1], "k_pid_hsp": [9.86581802368164, 0.045930564403533936, 0.0], "k_pid_vsp": [385.27032470703125, 400.0, 395.11175537109375]}, "datetime": {"datetime": "2025-08-12 04:42:40", "elapsed": 44240.09496426582, "delta": 30.871304273605347}, "costs": {"total_cost": 4617.867044636547, "time_cost": 150, "final_distance_cost": 680.3102980745914, "oscillation_cost": 587.5107228612982, "completition_cost": 1000.0, "overshoot_cost": 1979.5247507220845, "power_cost": 56.919157531738286, "noise_cost": 163.60211544683452, "n_waypoints_completed": 0, "tot_waypoints": 9}}
{"target": -3845.9330482476867, "params": {"k_pid_pos": [2.0, 1.0, 1.0], "k_pid_alt": [2.0, 0.9711287617683411, 0.949870765209198], "k_pid_att": [0.0, 9.999999747378752e-05, 0.03758552670478821], "k_pid_yaw": [0.5, 1e-06, 0.1], "k_pid_hsp": [10.0, 0.0389748215675354, 0.0844169557094574], "k_pid_vsp": [400.0, 361.98394775390625, 400.0]}, "datetime": {"datetime": "2025-08-12 04:43:12", "elapsed": 44271.78754591942, "delta": 31.69258165359497}, "costs": {"total_cost": 3845.9330482476867, "time_cost": 150, "final_distance_cost": 381.2778558206027, "oscillation_cost": 5.038659786855723, "completition_cost": 1000.0, "overshoot_cost": 2189.630096112781, "power_cost": 30.339476379394533, "noise_cost": 89.64696014805293, "n_waypoints_completed": 0, "tot_waypoints": 9}}
{"target": -4663.579628559647, "params": {"k_pid_pos": [1.9605692625045776, 1.0, 0.9490165114402771], "k_pid_alt": [1.9488192796707153, 1.0, 0.9705061316490173], "k_pid_att": [0.0, 9.999999747378752e-05, 0.03674161434173584], "k_pid_yaw": [0.5, 1e-06, 0.1], "k_pid_hsp": [10.0, 0.0, 0.0], "k_pid_vsp": [392.2235412597656, 400.0, 382.93243408203125]}, "datetime": {"datetime": "2025-08-12 04:43:44", "elapsed": 44304.12909388542, "delta": 32.34154796600342}, "costs": {"total_cost": 4663.579628559647, "time_cost": 150, "final_distance_cost": 1134.6082274854575, "oscillation_cost": 5.10303928609738, "completition_cost": 1000.0, "overshoot_cost": 2260.336317290559, "power_cost": 30.547414001464844, "noise_cost": 82.9846304960695, "n_waypoints_completed": 0, "tot_waypoints": 9}}
{"target": -1139.4952197700097, "params": {"k_pid_pos": [2.0, 0.9928419589996338, 1.0], "k_pid_alt": [2.0, 1.0, 1.0], "k_pid_att": [7.518860816955566, 9.999999747378752e-05, 0.008129149675369263], "k_pid_yaw": [0.5, 1e-06, 0.1], "k_pid_hsp": [9.692967414855957, 0.0, 0.03838452696800232], "k_pid_vsp": [390.6102294921875, 378.4764709472656, 400.0]}, "datetime": {"datetime": "2025-08-12 04:44:18", "elapsed": 44337.570606946945, "delta": 33.44151306152344}, "costs": {"total_cost": 1139.4952197700097, "time_cost": 150, "final_distance_cost": 63.67379585273661, "oscillation_cost": 460.18943282519166, "completition_cost": 333.33333333333337, "overshoot_cost": 68.75856858418437, "power_cost": 33.31033327636719, "noise_cost": 30.229755898196622, "n_waypoints_completed": 6, "tot_waypoints": 9}}
{"target": -5213.258494480502, "params": {"k_pid_pos": [2.0, 0.9363592863082886, 0.9917060732841492], "k_pid_alt": [1.8647431135177612, 0.9388726949691772, 0.9642341732978821], "k_pid_att": [0.0, 0.21385769546031952, 0.023724496364593506], "k_pid_yaw": [0.5, 1e-06, 0.1], "k_pid_hsp": [10.0, 0.0, 0.0], "k_pid_vsp": [400.0, 392.8953552246094, 393.0329284667969]}, "datetime": {"datetime": "2025-08-12 04:44:52", "elapsed": 44372.35974383354, "delta": 34.78913688659668}, "costs": {"total_cost": 5213.258494480502, "time_cost": 150, "final_distance_cost": 487.94892537530853, "oscillation_cost": 1050.4841271519767, "completition_cost": 1000.0, "overshoot_cost": 2301.039745378509, "power_cost": 57.08045844726563, "noise_cost": 166.70523812744295, "n_waypoints_completed": 0, "tot_waypoints": 9}}
{"target": -1466.7021195467764, "params": {"k_pid_pos": [1.958614706993103, 0.9885507822036743, 1.0], "k_pid_alt": [1.9052250385284424, 0.9771623611450195, 0.9554086923599243], "k_pid_att": [1.9503593444824219, 9.999999747378752e-05, 0.0], "k_pid_yaw": [0.5, 1e-06, 0.1], "k_pid_hsp": [9.43710994720459, 0.08265036344528198, 0.04707011580467224], "k_pid_vsp": [398.9232482910156, 382.7039794921875, 400.0]}, "datetime": {"datetime": "2025-08-12 04:45:26", "elapsed": 44405.74865794182, "delta": 33.38891410827637}, "costs": {"total_cost": 1466.7021195467764, "time_cost": 150, "final_distance_cost": 65.91587623979125, "oscillation_cost": 345.7032895967164, "completition_cost": 777.7777777777778, "overshoot_cost": 68.33396603979568, "power_cost": 31.883796484375, "noise_cost": 27.087413408320288, "n_waypoints_completed": 2, "tot_waypoints": 9}}
{"target": -8133.792396162307, "params": {"k_pid_pos": [2.0, 0.9344725608825684, 0.951246440410614], "k_pid_alt": [2.0, 0.9720187187194824, 1.0], "k_pid_att": [0.0, 9.999999747378752e-05, 0.0], "k_pid_yaw": [0.5, 1e-06, 0.1], "k_pid_hsp": [10.0, 0.06712353229522705, 0.0], "k_pid_vsp": [400.0, 400.0, 389.0403137207031]}, "datetime": {"datetime": "2025-08-12 04:45:56", "elapsed": 44435.40688109398, "delta": 29.658223152160645}, "costs": {"total_cost": 8133.792396162307, "time_cost": 150, "final_distance_cost": 1039.3680373359714, "oscillation_cost": 15.039893985495466, "completition_cost": 1000.0, "overshoot_cost": 5795.240383181486, "power_cost": 44.99775194091797, "noise_cost": 89.1463297184361, "n_waypoints_completed": 0, "tot_waypoints": 9}}
