{"target": -4660.734180323731, "params": {"k_pid_pos": [1.9470716714859009, 1.0, 1.0], "k_pid_alt": [1.8113853931427002, 0.9588647484779358, 0.9370920658111572], "k_pid_att": [0.0, 0.042559243738651276, 0.013528764247894287], "k_pid_yaw": [0.5, 1e-06, 0.1], "k_pid_hsp": [9.335328102111816, 0.0, 0.030273854732513428], "k_pid_vsp": [381.5918884277344, 400.0, 373.77471923828125]}, "datetime": {"datetime": "2025-08-12 02:22:06", "elapsed": 35806.338869810104, "delta": 29.925683736801147}, "costs": {"total_cost": 4660.734180323731, "time_cost": 150, "final_distance_cost": 413.23359718477514, "oscillation_cost": 493.9431163350928, "completition_cost": 1000.0, "overshoot_cost": 2382.8924266852578, "power_cost": 57.54223150634766, "noise_cost": 163.12280861225807, "n_waypoints_completed": 0, "tot_waypoints": 9}}
{"target": -1737.0043274577808, "params": {"k_pid_pos": [2.0, 0.9651011824607849, 0.9502929449081421], "k_pid_alt": [1.8542571067810059, 1.0, 0.9583481550216675], "k_pid_att": [3.285381317138672, 9.999999747378752e-05, 0.030871450901031494], "k_pid_yaw": [0.5, 1e-06, 0.1], "k_pid_hsp": [9.457200050354004, 0.021669000387191772, 0.010765403509140015], "k_pid_vsp": [400.0, 383.8209533691406, 400.0]}, "datetime": {"datetime": "2025-08-12 02:22:38", "elapsed": 35837.748755693436, "delta": 31.4098858833313}, "costs": {"total_cost": 1737.0043274577808, "time_cost": 150, "final_distance_cost": 16.92533870364212, "oscillation_cost": 389.75485360138293, "completition_cost": 1000.0, "overshoot_cost": 122.81884975122382, "power_cost": 30.971481958007814, "noise_cost": 26.533803443524263, "n_waypoints_completed": 0, "tot_waypoints": 9}}
{"target": -5643.247382277445, "params": {"k_pid_pos": [2.0, 1.0, 0.9599573016166687], "k_pid_alt": [2.0, 0.9149698615074158, 1.0], "k_pid_att": [0.0, 0.4432608485221863, 0.0], "k_pid_yaw": [0.5, 1e-06, 0.1], "k_pid_hsp": [9.445789337158203, 0.01341325044631958, 0.02684640884399414], "k_pid_vsp": [400.0, 400.0, 394.101806640625]}, "datetime": {"datetime": "2025-08-12 02:23:10", "elapsed": 35869.502073287964, "delta": 31.7533175945282}, "costs": {"total_cost": 5643.247382277445, "time_cost": 150, "final_distance_cost": 716.0979138226519, "oscillation_cost": 1987.0247755122941, "completition_cost": 1000.0, "overshoot_cost": 1555.4599866966632, "power_cost": 58.27454371337891, "noise_cost": 176.3901625324567, "n_waypoints_completed": 0, "tot_waypoints": 9}}
{"target": -3833.7702370534935, "params": {"k_pid_pos": [2.0, 1.0, 1.0], "k_pid_alt": [1.922137975692749, 1.0, 1.0], "k_pid_att": [0.0, 0.17150545120239258, 0.0], "k_pid_yaw": [0.5, 1e-06, 0.1], "k_pid_hsp": [9.867411613464355, 0.011149823665618896, 0.0], "k_pid_vsp": [400.0, 400.0, 400.0]}, "datetime": {"datetime": "2025-08-12 02:23:41", "elapsed": 35901.20998072624, "delta": 31.7079074382782}, "costs": {"total_cost": 3833.7702370534935, "time_cost": 150, "final_distance_cost": 417.1786350073984, "oscillation_cost": 807.9181548836006, "completition_cost": 1000.0, "overshoot_cost": 1232.6728669140307, "power_cost": 57.79921004638672, "noise_cost": 168.2013702020774, "n_waypoints_completed": 0, "tot_waypoints": 9}}
{"target": -1222.6431631434405, "params": {"k_pid_pos": [2.0, 0.9276140332221985, 0.9946459531784058], "k_pid_alt": [2.0, 1.0, 1.0], "k_pid_att": [5.2587361335754395, 9.999999747378752e-05, 0.0], "k_pid_yaw": [0.5, 1e-06, 0.1], "k_pid_hsp": [10.0, 0.0, 0.0], "k_pid_vsp": [400.0, 371.8021545410156, 388.89947509765625]}, "datetime": {"datetime": "2025-08-12 02:24:13", "elapsed": 35932.8743956089, "delta": 31.664414882659912}, "costs": {"total_cost": 1222.6431631434405, "time_cost": 150, "final_distance_cost": 57.402771087476474, "oscillation_cost": 440.755811147357, "completition_cost": 444.4444444444444, "overshoot_cost": 67.46329944477053, "power_cost": 32.731318664550784, "noise_cost": 29.84551835484121, "n_waypoints_completed": 5, "tot_waypoints": 9}}
{"target": -8144.959571051591, "params": {"k_pid_pos": [1.8585251569747925, 1.0, 0.8744533061981201], "k_pid_alt": [2.0, 0.9712643027305603, 0.9859330058097839], "k_pid_att": [0.0, 9.999999747378752e-05, 0.0], "k_pid_yaw": [0.5, 1e-06, 0.1], "k_pid_hsp": [10.0, 0.0, 0.0], "k_pid_vsp": [375.9574890136719, 400.0, 380.34478759765625]}, "datetime": {"datetime": "2025-08-12 02:24:45", "elapsed": 35964.60809516907, "delta": 31.733699560165405}, "costs": {"total_cost": 8144.959571051591, "time_cost": 150, "final_distance_cost": 927.7512745688196, "oscillation_cost": 14.827686044492074, "completition_cost": 1000.0, "overshoot_cost": 5916.291989102455, "power_cost": 44.49568662109375, "noise_cost": 91.59293471473069, "n_waypoints_completed": 0, "tot_waypoints": 9}}
{"target": -4005.119739619502, "params": {"k_pid_pos": [1.9400914907455444, 0.9448894262313843, 1.0], "k_pid_alt": [2.0, 1.0, 0.9912828207015991], "k_pid_att": [0.0, 0.2883135676383972, 0.0], "k_pid_yaw": [0.5, 1e-06, 0.1], "k_pid_hsp": [9.666075706481934, 0.009512633085250854, 0.0], "k_pid_vsp": [400.0, 397.83935546875, 398.75750732421875]}, "datetime": {"datetime": "2025-08-12 02:25:17", "elapsed": 35996.61169338226, "delta": 32.0035982131958}, "costs": {"total_cost": 4005.119739619502, "time_cost": 150, "final_distance_cost": 327.8405368520767, "oscillation_cost": 1235.9961601233933, "completition_cost": 1000.0, "overshoot_cost": 1063.0392349739345, "power_cost": 57.18432075195313, "noise_cost": 171.05948691814453, "n_waypoints_completed": 0, "tot_waypoints": 9}}
{"target": -1135.9805012917166, "params": {"k_pid_pos": [1.9678601026535034, 1.0, 1.0], "k_pid_alt": [1.9758484363555908, 0.9877634048461914, 0.9967896938323975], "k_pid_att": [10.689348220825195, 0.4769398272037506, 0.0], "k_pid_yaw": [0.5, 1e-06, 0.1], "k_pid_hsp": [10.0, 0.0, 0.0], "k_pid_vsp": [400.0, 375.7207336425781, 346.1908264160156]}, "datetime": {"datetime": "2025-08-12 02:25:48", "elapsed": 36027.75925040245, "delta": 31.147557020187378}, "costs": {"total_cost": 1135.9805012917166, "time_cost": 150, "final_distance_cost": 61.17639852043989, "oscillation_cost": 472.41283709683876, "completition_cost": 333.33333333333337, "overshoot_cost": 57.35343973054358, "power_cost": 31.77667928466797, "noise_cost": 29.927813325892995, "n_waypoints_completed": 6, "tot_waypoints": 9}}
{"target": -1618.6238821265204, "params": {"k_pid_pos": [2.0, 1.0, 1.0], "k_pid_alt": [2.0, 1.0, 0.9958510994911194], "k_pid_att": [1.9525349140167236, 0.8485227823257446, 0.06109899282455444], "k_pid_yaw": [0.5, 1e-06, 0.1], "k_pid_hsp": [9.80901050567627, 0.049141138792037964, 0.017655909061431885], "k_pid_vsp": [400.0, 378.86865234375, 400.0]}, "datetime": {"datetime": "2025-08-12 02:26:19", "elapsed": 36058.48832941055, "delta": 30.729079008102417}, "costs": {"total_cost": 1618.6238821265204, "time_cost": 150, "final_distance_cost": 0.9991525434896924, "oscillation_cost": 177.8195427270031, "completition_cost": 1000.0, "overshoot_cost": 159.06838359896773, "power_cost": 29.473811926269534, "noise_cost": 101.26299133079029, "n_waypoints_completed": 0, "tot_waypoints": 9}}
{"target": -983.4093564122818, "params": {"k_pid_pos": [1.9905352592468262, 1.0, 1.0], "k_pid_alt": [2.0, 1.0, 1.0], "k_pid_att": [2.2979049682617188, 9.999999747378752e-05, 0.0], "k_pid_yaw": [0.5, 1e-06, 0.1], "k_pid_hsp": [10.0, 0.07927390933036804, 0.0], "k_pid_vsp": [400.0, 400.0, 367.4654846191406]}, "datetime": {"datetime": "2025-08-12 02:26:49", "elapsed": 36088.473104953766, "delta": 29.98477554321289}, "costs": {"total_cost": 983.4093564122818, "time_cost": 150, "final_distance_cost": 58.33563002520597, "oscillation_cost": 313.52559422956284, "completition_cost": 333.33333333333337, "overshoot_cost": 65.44481508449702, "power_cost": 33.46385069580078, "noise_cost": 29.30613304388185, "n_waypoints_completed": 6, "tot_waypoints": 9}}
{"target": -7242.919569796423, "params": {"k_pid_pos": [2.0, 0.8759636282920837, 1.0], "k_pid_alt": [2.0, 1.0, 1.0], "k_pid_att": [0.0, 0.21149976551532745, 0.011334657669067383], "k_pid_yaw": [0.5, 1e-06, 0.1], "k_pid_hsp": [10.0, 0.0, 0.007083863019943237], "k_pid_vsp": [400.0, 400.0, 400.0]}, "datetime": {"datetime": "2025-08-12 02:27:20", "elapsed": 36119.50859832764, "delta": 31.03549337387085}, "costs": {"total_cost": 7242.919569796423, "time_cost": 150, "final_distance_cost": 1949.461686940494, "oscillation_cost": 1105.1941293767798, "completition_cost": 1000.0, "overshoot_cost": 2811.824152705677, "power_cost": 57.41195079345703, "noise_cost": 169.02764998001487, "n_waypoints_completed": 0, "tot_waypoints": 9}}
{"target": -4994.143913011088, "params": {"k_pid_pos": [1.9941003322601318, 1.0, 0.9069527387619019], "k_pid_alt": [1.8910118341445923, 0.9069019556045532, 0.9882155656814575], "k_pid_att": [0.0, 0.31951212882995605, 0.0], "k_pid_yaw": [0.5, 1e-06, 0.1], "k_pid_hsp": [10.0, 0.0, 0.0], "k_pid_vsp": [400.0, 400.0, 391.6700134277344]}, "datetime": {"datetime": "2025-08-12 02:27:50", "elapsed": 36150.2052834034, "delta": 30.696685075759888}, "costs": {"total_cost": 4994.143913011088, "time_cost": 150, "final_distance_cost": 776.4032245318158, "oscillation_cost": 1495.1973742408206, "completition_cost": 1000.0, "overshoot_cost": 1341.8582474307796, "power_cost": 57.693881665039065, "noise_cost": 172.99118514263287, "n_waypoints_completed": 0, "tot_waypoints": 9}}
{"target": -1215.1122244675712, "params": {"k_pid_pos": [1.973273515701294, 0.9698373079299927, 1.0], "k_pid_alt": [1.9195935726165771, 0.9231405258178711, 0.8735361695289612], "k_pid_att": [2.148336172103882, 0.3823947012424469, 0.0033801794052124023], "k_pid_yaw": [0.5, 1e-06, 0.1], "k_pid_hsp": [9.677910804748535, 0.009078741073608398, 0.05041301250457764], "k_pid_vsp": [400.0, 371.214111328125, 393.146240234375]}, "datetime": {"datetime": "2025-08-12 02:28:22", "elapsed": 36181.64343690872, "delta": 31.438153505325317}, "costs": {"total_cost": 1215.1122244675712, "time_cost": 150, "final_distance_cost": 42.890844905416394, "oscillation_cost": 336.1846594956662, "completition_cost": 555.5555555555555, "overshoot_cost": 69.5183210853206, "power_cost": 32.35365286865235, "noise_cost": 28.6091905569601, "n_waypoints_completed": 4, "tot_waypoints": 9}}
{"target": -8364.99414584354, "params": {"k_pid_pos": [2.0, 0.985830545425415, 1.0], "k_pid_alt": [2.0, 0.9683655500411987, 1.0], "k_pid_att": [0.0, 9.999999747378752e-05, 0.0], "k_pid_yaw": [0.5, 1e-06, 0.1], "k_pid_hsp": [10.0, 0.0, 0.03879129886627197], "k_pid_vsp": [381.53863525390625, 374.95172119140625, 400.0]}, "datetime": {"datetime": "2025-08-12 02:28:53", "elapsed": 36212.59480214119, "delta": 30.95136523246765}, "costs": {"total_cost": 8364.99414584354, "time_cost": 150, "final_distance_cost": 590.0187825806155, "oscillation_cost": 14.480831144348777, "completition_cost": 1000.0, "overshoot_cost": 6465.449019766422, "power_cost": 44.247923291015624, "noise_cost": 100.7975890611405, "n_waypoints_completed": 0, "tot_waypoints": 9}}
{"target": -1484.0710515385517, "params": {"k_pid_pos": [2.0, 0.946168065071106, 0.9576835632324219], "k_pid_alt": [2.0, 0.9526437520980835, 1.0], "k_pid_att": [6.904289245605469, 0.041267622262239456, 0.0], "k_pid_yaw": [0.5, 1e-06, 0.1], "k_pid_hsp": [9.391654014587402, 0.0451124906539917, 0.0], "k_pid_vsp": [400.0, 400.0, 400.0]}, "datetime": {"datetime": "2025-08-12 02:29:24", "elapsed": 36244.29032230377, "delta": 31.695520162582397}, "costs": {"total_cost": 1484.0710515385517, "time_cost": 150, "final_distance_cost": 52.49659424718664, "oscillation_cost": 484.17325689804244, "completition_cost": 666.6666666666667, "overshoot_cost": 68.68020310682665, "power_cost": 32.14588895263672, "noise_cost": 29.90844166719235, "n_waypoints_completed": 3, "tot_waypoints": 9}}
{"target": -3651.2225848980415, "params": {"k_pid_pos": [1.9947266578674316, 1.0, 1.0], "k_pid_alt": [2.0, 0.9776290655136108, 1.0], "k_pid_att": [0.0, 9.999999747378752e-05, 0.08854863047599792], "k_pid_yaw": [0.5, 1e-06, 0.1], "k_pid_hsp": [10.0, 0.0, 0.030661046504974365], "k_pid_vsp": [360.70526123046875, 384.23370361328125, 400.0]}, "datetime": {"datetime": "2025-08-12 02:29:56", "elapsed": 36275.9698176384, "delta": 31.679495334625244}, "costs": {"total_cost": 3651.2225848980415, "time_cost": 150, "final_distance_cost": 524.5181792807706, "oscillation_cost": 3.3424465346449015, "completition_cost": 1000.0, "overshoot_cost": 1830.468707483935, "power_cost": 29.21046044921875, "noise_cost": 113.68279114947218, "n_waypoints_completed": 0, "tot_waypoints": 9}}
{"target": -4416.88993473474, "params": {"k_pid_pos": [1.9455782175064087, 1.0, 1.0], "k_pid_alt": [2.0, 0.9625007510185242, 0.9527990818023682], "k_pid_att": [0.0, 0.8875867128372192, 0.09069395065307617], "k_pid_yaw": [0.5, 1e-06, 0.1], "k_pid_hsp": [9.468141555786133, 0.0, 0.0], "k_pid_vsp": [400.0, 400.0, 400.0]}, "datetime": {"datetime": "2025-08-12 02:30:27", "elapsed": 36306.49183821678, "delta": 30.5220205783844}, "costs": {"total_cost": 4416.88993473474, "time_cost": 150, "final_distance_cost": 378.4463949464025, "oscillation_cost": 1863.9412945520828, "completition_cost": 1000.0, "overshoot_cost": 794.0648073808649, "power_cost": 57.16751439208985, "noise_cost": 173.26992346329934, "n_waypoints_completed": 0, "tot_waypoints": 9}}
{"target": -1497.6436024788868, "params": {"k_pid_pos": [2.0, 1.0, 0.9812638759613037], "k_pid_alt": [1.9620633125305176, 0.9985297918319702, 0.9336355924606323], "k_pid_att": [4.376053810119629, 0.03833331540226936, 0.15035611391067505], "k_pid_yaw": [0.5, 1e-06, 0.1], "k_pid_hsp": [10.0, 0.0, 0.0], "k_pid_vsp": [379.5818176269531, 389.5533447265625, 400.0]}, "datetime": {"datetime": "2025-08-12 02:30:58", "elapsed": 36338.203588724136, "delta": 31.711750507354736}, "costs": {"total_cost": 1497.6436024788868, "time_cost": 150, "final_distance_cost": 0.999850218285568, "oscillation_cost": 58.177737799417145, "completition_cost": 1000.0, "overshoot_cost": 159.46154603053967, "power_cost": 29.19544226074219, "noise_cost": 99.8090261699024, "n_waypoints_completed": 0, "tot_waypoints": 9}}
{"target": -1368.9521245693975, "params": {"k_pid_pos": [2.0, 1.0, 0.9630928039550781], "k_pid_alt": [1.9296830892562866, 1.0, 0.9584052562713623], "k_pid_att": [1.864379644393921, 0.32565373182296753, 0.0], "k_pid_yaw": [0.5, 1e-06, 0.1], "k_pid_hsp": [9.889549255371094, 0.0, 0.0], "k_pid_vsp": [390.0660400390625, 372.90252685546875, 388.446533203125]}, "datetime": {"datetime": "2025-08-12 02:31:30", "elapsed": 36369.56899237633, "delta": 31.365403652191162}, "costs": {"total_cost": 1368.9521245693975, "time_cost": 150, "final_distance_cost": 86.06060889950793, "oscillation_cost": 341.1110834047915, "completition_cost": 666.6666666666667, "overshoot_cost": 65.51661896077233, "power_cost": 32.244437854003905, "noise_cost": 27.352708783655164, "n_waypoints_completed": 3, "tot_waypoints": 9}}
{"target": -7956.14485056295, "params": {"k_pid_pos": [1.9833015203475952, 1.0, 1.0], "k_pid_alt": [2.0, 0.8810969591140747, 0.9842900037765503], "k_pid_att": [0.0, 0.6195881366729736, 0.061727434396743774], "k_pid_yaw": [0.5, 1e-06, 0.1], "k_pid_hsp": [9.77612590789795, 0.010884761810302734, 0.01674368977546692], "k_pid_vsp": [400.0, 374.47369384765625, 400.0]}, "datetime": {"datetime": "2025-08-12 02:32:03", "elapsed": 36402.56435418129, "delta": 32.99536180496216}, "costs": {"total_cost": 7956.14485056295, "time_cost": 150, "final_distance_cost": 2093.823054464712, "oscillation_cost": 1894.960094620948, "completition_cost": 1000.0, "overshoot_cost": 2585.771896539305, "power_cost": 57.69010192871094, "noise_cost": 173.89970300927345, "n_waypoints_completed": 0, "tot_waypoints": 9}}
{"target": -3278.8249020776475, "params": {"k_pid_pos": [2.0, 1.0, 1.0], "k_pid_alt": [1.936633825302124, 0.9463568925857544, 1.0], "k_pid_att": [0.0, 0.04673987254500389, 0.0], "k_pid_yaw": [0.5, 1e-06, 0.1], "k_pid_hsp": [10.0, 0.0, 0.031808048486709595], "k_pid_vsp": [400.0, 400.0, 399.9391174316406]}, "datetime": {"datetime": "2025-08-12 02:32:33", "elapsed": 36432.71881008148, "delta": 30.15445590019226}, "costs": {"total_cost": 3278.8249020776475, "time_cost": 150, "final_distance_cost": 320.4820597578202, "oscillation_cost": 494.15865730284486, "completition_cost": 1000.0, "overshoot_cost": 1092.1347644344507, "power_cost": 57.560861828613284, "noise_cost": 164.48855875391823, "n_waypoints_completed": 0, "tot_waypoints": 9}}
{"target": -1629.2321671934972, "params": {"k_pid_pos": [2.0, 1.0, 1.0], "k_pid_alt": [2.0, 0.9941732883453369, 1.0], "k_pid_att": [2.619147300720215, 9.999999747378752e-05, 0.0], "k_pid_yaw": [0.5, 1e-06, 0.1], "k_pid_hsp": [9.281702041625977, 0.03951707482337952, 0.0], "k_pid_vsp": [381.98687744140625, 400.0, 395.2959899902344]}, "datetime": {"datetime": "2025-08-12 02:33:05", "elapsed": 36465.1154396534, "delta": 32.39662957191467}, "costs": {"total_cost": 1629.2321671934972, "time_cost": 150, "final_distance_cost": 68.33537928357161, "oscillation_cost": 391.15737101502526, "completition_cost": 888.8888888888888, "overshoot_cost": 71.43771330835686, "power_cost": 32.16329949951172, "noise_cost": 27.249515198142674, "n_waypoints_completed": 1, "tot_waypoints": 9}}
{"target": -1133.409512505789, "params": {"k_pid_pos": [1.8640693426132202, 1.0, 1.0], "k_pid_alt": [1.996885061264038, 1.0, 0.9687037467956543], "k_pid_att": [6.339869022369385, 0.12323660403490067, 0.0], "k_pid_yaw": [0.5, 1e-06, 0.1], "k_pid_hsp": [9.074426651000977, 0.0, 0.021892845630645752], "k_pid_vsp": [385.1025695800781, 389.4493408203125, 382.51934814453125]}, "datetime": {"datetime": "2025-08-12 02:33:36", "elapsed": 36496.03354430199, "delta": 30.918104648590088}, "costs": {"total_cost": 1133.409512505789, "time_cost": 150, "final_distance_cost": 66.29578666781374, "oscillation_cost": 453.7861089011755, "completition_cost": 333.33333333333337, "overshoot_cost": 67.51085795320634, "power_cost": 32.73149870605469, "noise_cost": 29.751926944205564, "n_waypoints_completed": 6, "tot_waypoints": 9}}
{"target": -8197.593411555134, "params": {"k_pid_pos": [2.0, 0.9863548278808594, 0.925473690032959], "k_pid_alt": [1.9400839805603027, 0.9777277708053589, 1.0], "k_pid_att": [0.0, 9.999999747378752e-05, 0.0], "k_pid_yaw": [0.5, 1e-06, 0.1], "k_pid_hsp": [10.0, 0.026102542877197266, 0.04448884725570679], "k_pid_vsp": [383.1534423828125, 400.0, 400.0]}, "datetime": {"datetime": "2025-08-12 02:34:08", "elapsed": 36527.951719522476, "delta": 31.918175220489502}, "costs": {"total_cost": 8197.593411555134, "time_cost": 150, "final_distance_cost": 769.7609982735538, "oscillation_cost": 14.699234569715978, "completition_cost": 1000.0, "overshoot_cost": 6120.383177718729, "power_cost": 44.737081372070314, "noise_cost": 98.01291962106524, "n_waypoints_completed": 0, "tot_waypoints": 9}}
{"target": -4911.317873053012, "params": {"k_pid_pos": [1.9871528148651123, 1.0, 1.0], "k_pid_alt": [1.8243235349655151, 1.0, 1.0], "k_pid_att": [0.0, 0.6528489589691162, 0.0], "k_pid_yaw": [0.5, 1e-06, 0.1], "k_pid_hsp": [10.0, 0.0, 0.0], "k_pid_vsp": [400.0, 389.90679931640625, 400.0]}, "datetime": {"datetime": "2025-08-12 02:34:39", "elapsed": 36558.976660728455, "delta": 31.024941205978394}, "costs": {"total_cost": 4911.317873053012, "time_cost": 150, "final_distance_cost": 224.75643947597155, "oscillation_cost": 2170.0842397167094, "completition_cost": 1000.0, "overshoot_cost": 1133.7322791190377, "power_cost": 57.67002740478516, "noise_cost": 175.0748873365074, "n_waypoints_completed": 0, "tot_waypoints": 9}}
{"target": -1175.5189392343498, "params": {"k_pid_pos": [1.947019338607788, 0.9805055856704712, 1.0], "k_pid_alt": [1.9516316652297974, 1.0, 1.0], "k_pid_att": [3.7631301879882812, 0.21977399289608002, 0.0019394755363464355], "k_pid_yaw": [0.5, 1e-06, 0.1], "k_pid_hsp": [9.728565216064453, 0.004527032375335693, 0.0635191798210144], "k_pid_vsp": [400.0, 390.9495544433594, 400.0]}, "datetime": {"datetime": "2025-08-12 02:35:09", "elapsed": 36589.24048781395, "delta": 30.263827085494995}, "costs": {"total_cost": 1175.5189392343498, "time_cost": 150, "final_distance_cost": 56.5105877126276, "oscillation_cost": 395.0625655568975, "completition_cost": 444.4444444444444, "overshoot_cost": 67.76513640399355, "power_cost": 32.662948840332035, "noise_cost": 29.07325627605453, "n_waypoints_completed": 5, "tot_waypoints": 9}}
{"target": -995.2011968636948, "params": {"k_pid_pos": [2.0, 1.0, 1.0], "k_pid_alt": [1.8491209745407104, 1.0, 0.9826381802558899], "k_pid_att": [0.8616656064987183, 0.24529018998146057, 0.0], "k_pid_yaw": [0.5, 1e-06, 0.1], "k_pid_hsp": [9.834864616394043, 0.0, 0.01625680923461914], "k_pid_vsp": [400.0, 367.0916442871094, 396.33282470703125]}, "datetime": {"datetime": "2025-08-12 02:35:41", "elapsed": 36620.89787817001, "delta": 31.657390356063843}, "costs": {"total_cost": 995.2011968636948, "time_cost": 150, "final_distance_cost": 58.447362887636196, "oscillation_cost": 220.18277370158341, "completition_cost": 444.4444444444444, "overshoot_cost": 58.73233353284013, "power_cost": 34.1867818725586, "noise_cost": 29.207500424632084, "n_waypoints_completed": 5, "tot_waypoints": 9}}
{"target": -8155.651560916598, "params": {"k_pid_pos": [2.0, 1.0, 1.0], "k_pid_alt": [1.9706370830535889, 1.0, 1.0], "k_pid_att": [0.0, 9.999999747378752e-05, 0.0], "k_pid_yaw": [0.5, 1e-06, 0.1], "k_pid_hsp": [9.46645450592041, 0.051017314195632935, 0.0], "k_pid_vsp": [368.441162109375, 373.0346984863281, 382.7673034667969]}, "datetime": {"datetime": "2025-08-12 02:36:12", "elapsed": 36651.62770843506, "delta": 30.729830265045166}, "costs": {"total_cost": 8155.651560916598, "time_cost": 150, "final_distance_cost": 854.4483055857261, "oscillation_cost": 14.665523338904684, "completition_cost": 1000.0, "overshoot_cost": 5993.8762612446935, "power_cost": 44.11539224853516, "noise_cost": 98.54607849873834, "n_waypoints_completed": 0, "tot_waypoints": 9}}
