{"target": -8106.851620217873, "params": {"k_pid_pos": [2.0, 1.0, 0.9370899200439453], "k_pid_alt": [2.0, 1.0, 1.0], "k_pid_att": [0.0, 9.999999747378752e-05, 0.0], "k_pid_yaw": [0.5, 1e-06, 0.1], "k_pid_hsp": [10.0, 0.0, 0.03365084528923035], "k_pid_vsp": [400.0, 400.0, 400.0]}, "datetime": {"datetime": "2025-08-12 11:47:31", "elapsed": 69731.1324892044, "delta": 29.9943904876709}, "costs": {"total_cost": 8106.851620217873, "time_cost": 150, "final_distance_cost": 953.0881537557004, "oscillation_cost": 14.715783813483224, "completition_cost": 1000.0, "overshoot_cost": 5851.805798394833, "power_cost": 44.67323929443359, "noise_cost": 92.56864495942253, "n_waypoints_completed": 0, "tot_waypoints": 9}}
{"target": -7714.841185269118, "params": {"k_pid_pos": [1.8156132698059082, 1.0, 1.0], "k_pid_alt": [1.9703285694122314, 0.9513053297996521, 0.9723708033561707], "k_pid_att": [0.0, 0.8175838589668274, 0.0], "k_pid_yaw": [0.5, 1e-06, 0.1], "k_pid_hsp": [10.0, 0.18073272705078125, 0.015342503786087036], "k_pid_vsp": [400.0, 390.4809875488281, 400.0]}, "datetime": {"datetime": "2025-08-12 11:48:01", "elapsed": 69761.22726559639, "delta": 30.094776391983032}, "costs": {"total_cost": 7714.841185269118, "time_cost": 150, "final_distance_cost": 2228.7783564774318, "oscillation_cost": 2226.937537571701, "completition_cost": 1000.0, "overshoot_cost": 1875.8086281612768, "power_cost": 57.294423229980474, "noise_cost": 176.02223982872755, "n_waypoints_completed": 0, "tot_waypoints": 9}}
{"target": -4794.9131274102365, "params": {"k_pid_pos": [1.9648102521896362, 0.9069279432296753, 0.9736471176147461], "k_pid_alt": [2.0, 0.9552769660949707, 1.0], "k_pid_att": [0.0, 0.1138090267777443, 0.0], "k_pid_yaw": [0.5, 1e-06, 0.1], "k_pid_hsp": [10.0, 0.0303480327129364, 0.0], "k_pid_vsp": [397.1349182128906, 397.41998291015625, 398.5603942871094]}, "datetime": {"datetime": "2025-08-12 11:48:29", "elapsed": 69789.15293955803, "delta": 27.925673961639404}, "costs": {"total_cost": 4794.9131274102365, "time_cost": 150, "final_distance_cost": 656.2215466145128, "oscillation_cost": 852.7786157484372, "completition_cost": 1000.0, "overshoot_cost": 1910.105521774826, "power_cost": 57.71864293212891, "noise_cost": 168.08880034033183, "n_waypoints_completed": 0, "tot_waypoints": 9}}
{"target": -5946.692773742959, "params": {"k_pid_pos": [1.9141697883605957, 0.9921262264251709, 1.0], "k_pid_alt": [1.8814700841903687, 0.9400590658187866, 0.9709116816520691], "k_pid_att": [0.0, 9.999999747378752e-05, 0.02255725860595703], "k_pid_yaw": [0.5, 1e-06, 0.1], "k_pid_hsp": [9.943238258361816, 0.0, 0.04865279793739319], "k_pid_vsp": [374.0350341796875, 400.0, 369.0228576660156]}, "datetime": {"datetime": "2025-08-12 11:48:59", "elapsed": 69819.11712527275, "delta": 29.96418571472168}, "costs": {"total_cost": 5946.692773742959, "time_cost": 150, "final_distance_cost": 1944.0225094458676, "oscillation_cost": 7.164229920575879, "completition_cost": 1000.0, "overshoot_cost": 2739.3674985419516, "power_cost": 32.15054060058594, "noise_cost": 73.98799523397814, "n_waypoints_completed": 0, "tot_waypoints": 9}}
{"target": -1550.3877558439362, "params": {"k_pid_pos": [2.0, 0.9875411987304688, 1.0], "k_pid_alt": [1.8491551876068115, 1.0, 0.9388132691383362], "k_pid_att": [0.9624063968658447, 0.13233605027198792, 0.042674511671066284], "k_pid_yaw": [0.5, 1e-06, 0.1], "k_pid_hsp": [10.0, 0.04083070158958435, 0.0], "k_pid_vsp": [381.62713623046875, 383.4958190917969, 374.8174133300781]}, "datetime": {"datetime": "2025-08-12 11:49:29", "elapsed": 69848.58415317535, "delta": 29.46702790260315}, "costs": {"total_cost": 1550.3877558439362, "time_cost": 150, "final_distance_cost": 0.9985000613329291, "oscillation_cost": 141.4053888987601, "completition_cost": 1000.0, "overshoot_cost": 146.63920353820734, "power_cost": 29.589819836425782, "noise_cost": 81.75484350921027, "n_waypoints_completed": 0, "tot_waypoints": 9}}
{"target": -1603.6207977537713, "params": {"k_pid_pos": [2.0, 0.968090295791626, 1.0], "k_pid_alt": [1.9068775177001953, 0.9867192506790161, 1.0], "k_pid_att": [0.11693239212036133, 0.13249698281288147, 0.008356451988220215], "k_pid_yaw": [0.5, 1e-06, 0.1], "k_pid_hsp": [10.0, 0.0, 0.0], "k_pid_vsp": [376.5644226074219, 400.0, 400.0]}, "datetime": {"datetime": "2025-08-12 11:49:58", "elapsed": 69877.53179311752, "delta": 28.94763994216919}, "costs": {"total_cost": 1603.6207977537713, "time_cost": 150, "final_distance_cost": 25.4073236853391, "oscillation_cost": 171.04171448049337, "completition_cost": 1000.0, "overshoot_cost": 139.20878696803194, "power_cost": 57.63453922119141, "noise_cost": 60.32843339871531, "n_waypoints_completed": 0, "tot_waypoints": 9}}
{"target": -1684.0826875707762, "params": {"k_pid_pos": [1.980454444885254, 1.0, 1.0], "k_pid_alt": [1.9028470516204834, 0.9492149353027344, 1.0], "k_pid_att": [1.7162322998046875, 9.999999747378752e-05, 0.0], "k_pid_yaw": [0.5, 1e-06, 0.1], "k_pid_hsp": [10.0, 0.0, 0.0], "k_pid_vsp": [383.30474853515625, 377.77435302734375, 395.30926513671875]}, "datetime": {"datetime": "2025-08-12 11:50:27", "elapsed": 69907.17825651169, "delta": 29.64646339416504}, "costs": {"total_cost": 1684.0826875707762, "time_cost": 150, "final_distance_cost": 16.477223011510166, "oscillation_cost": 338.8870587267681, "completition_cost": 1000.0, "overshoot_cost": 121.2800791107965, "power_cost": 31.028513403320314, "noise_cost": 26.409813318380984, "n_waypoints_completed": 0, "tot_waypoints": 9}}
{"target": -1773.633785763835, "params": {"k_pid_pos": [1.9906796216964722, 0.9829521775245667, 0.9730529189109802], "k_pid_alt": [1.9991495609283447, 1.0, 0.9978718757629395], "k_pid_att": [3.082630157470703, 9.999999747378752e-05, 0.048304617404937744], "k_pid_yaw": [0.5, 1e-06, 0.1], "k_pid_hsp": [9.448139190673828, 0.0, 0.01746159791946411], "k_pid_vsp": [392.78192138671875, 390.82012939453125, 397.02587890625]}, "datetime": {"datetime": "2025-08-12 11:51:00", "elapsed": 69939.74928450584, "delta": 32.571027994155884}, "costs": {"total_cost": 1773.633785763835, "time_cost": 150, "final_distance_cost": 0.9980678784673432, "oscillation_cost": 337.45419474680625, "completition_cost": 1000.0, "overshoot_cost": 158.6819166527823, "power_cost": 29.47266571044922, "noise_cost": 97.02694077532996, "n_waypoints_completed": 0, "tot_waypoints": 9}}
{"target": -4775.401464082295, "params": {"k_pid_pos": [1.9974802732467651, 0.998328685760498, 1.0], "k_pid_alt": [1.9784183502197266, 0.9789962768554688, 1.0], "k_pid_att": [0.0, 0.07883664965629578, 0.0], "k_pid_yaw": [0.5, 1e-06, 0.1], "k_pid_hsp": [10.0, 0.030739039182662964, 0.0], "k_pid_vsp": [381.4174499511719, 400.0, 400.0]}, "datetime": {"datetime": "2025-08-12 11:51:29", "elapsed": 69968.7702293396, "delta": 29.020944833755493}, "costs": {"total_cost": 4775.401464082295, "time_cost": 150, "final_distance_cost": 577.6590603170805, "oscillation_cost": 661.9115524707632, "completition_cost": 1000.0, "overshoot_cost": 2162.4043665866407, "power_cost": 57.69963713378907, "noise_cost": 165.72684757402126, "n_waypoints_completed": 0, "tot_waypoints": 9}}
{"target": -4083.468642604158, "params": {"k_pid_pos": [1.918189287185669, 0.9703437685966492, 1.0], "k_pid_alt": [2.0, 1.0, 1.0], "k_pid_att": [0.0, 0.41894060373306274, 0.0], "k_pid_yaw": [0.5, 1e-06, 0.1], "k_pid_hsp": [10.0, 0.0998288094997406, 0.018678516149520874], "k_pid_vsp": [400.0, 400.0, 400.0]}, "datetime": {"datetime": "2025-08-12 11:52:01", "elapsed": 70001.3019669056, "delta": 32.53173756599426}, "costs": {"total_cost": 4083.468642604158, "time_cost": 150, "final_distance_cost": 261.23476568502684, "oscillation_cost": 1651.1252432604424, "completition_cost": 1000.0, "overshoot_cost": 790.6877733705178, "power_cost": 57.397956347656255, "noise_cost": 173.02290394051428, "n_waypoints_completed": 0, "tot_waypoints": 9}}
{"target": -1365.5802863389508, "params": {"k_pid_pos": [1.893729567527771, 0.9884995222091675, 1.0], "k_pid_alt": [2.0, 0.9977942705154419, 1.0], "k_pid_att": [2.822321653366089, 9.999999747378752e-05, 0.0], "k_pid_yaw": [0.5, 1e-06, 0.1], "k_pid_hsp": [9.7489595413208, 0.015030115842819214, 0.0], "k_pid_vsp": [400.0, 388.7560729980469, 386.95166015625]}, "datetime": {"datetime": "2025-08-12 11:52:30", "elapsed": 70029.9453754425, "delta": 28.64340853691101}, "costs": {"total_cost": 1365.5802863389508, "time_cost": 150, "final_distance_cost": 51.8973555453659, "oscillation_cost": 362.6107094653533, "completition_cost": 666.6666666666667, "overshoot_cost": 73.11889144249736, "power_cost": 32.51716170654297, "noise_cost": 28.76950151252454, "n_waypoints_completed": 3, "tot_waypoints": 9}}
{"target": -4247.6721601252575, "params": {"k_pid_pos": [2.0, 0.975396990776062, 1.0], "k_pid_alt": [1.8995232582092285, 1.0, 1.0], "k_pid_att": [0.0, 0.13959909975528717, 0.0], "k_pid_yaw": [0.5, 1e-06, 0.1], "k_pid_hsp": [10.0, 0.10264891386032104, 0.0], "k_pid_vsp": [400.0, 400.0, 383.3962707519531]}, "datetime": {"datetime": "2025-08-12 11:52:59", "elapsed": 70058.50899171829, "delta": 28.563616275787354}, "costs": {"total_cost": 4247.6721601252575, "time_cost": 150, "final_distance_cost": 482.28435511390603, "oscillation_cost": 962.6457339050812, "completition_cost": 1000.0, "overshoot_cost": 1428.3344543782423, "power_cost": 57.47651104736328, "noise_cost": 166.93110568066476, "n_waypoints_completed": 0, "tot_waypoints": 9}}
{"target": -1844.7179347612534, "params": {"k_pid_pos": [2.0, 0.9777413010597229, 1.0], "k_pid_alt": [2.0, 1.0, 1.0], "k_pid_att": [3.224003314971924, 0.5255961418151855, 0.03296774625778198], "k_pid_yaw": [0.5, 1e-06, 0.1], "k_pid_hsp": [9.834609985351562, 0.04434412717819214, 0.0], "k_pid_vsp": [378.0877685546875, 400.0, 400.0]}, "datetime": {"datetime": "2025-08-12 11:53:29", "elapsed": 70089.0805439949, "delta": 30.571552276611328}, "costs": {"total_cost": 1844.7179347612534, "time_cost": 150, "final_distance_cost": 0.9994668798536138, "oscillation_cost": 397.53240484593704, "completition_cost": 1000.0, "overshoot_cost": 160.3608983475863, "power_cost": 29.44824235839844, "noise_cost": 106.37692232947835, "n_waypoints_completed": 0, "tot_waypoints": 9}}
{"target": -7270.058720863478, "params": {"k_pid_pos": [2.0, 0.9360050559043884, 0.9413999915122986], "k_pid_alt": [1.9368271827697754, 0.9742632508277893, 1.0], "k_pid_att": [0.0, 9.999999747378752e-05, 0.014537066221237183], "k_pid_yaw": [0.5, 1e-06, 0.1], "k_pid_hsp": [9.696867942810059, 0.0, 0.03120243549346924], "k_pid_vsp": [400.0, 390.97479248046875, 400.0]}, "datetime": {"datetime": "2025-08-12 11:53:58", "elapsed": 70118.01347994804, "delta": 28.93293595314026}, "costs": {"total_cost": 7270.058720863478, "time_cost": 150, "final_distance_cost": 2119.1102271833884, "oscillation_cost": 8.679661294336706, "completition_cost": 1000.0, "overshoot_cost": 3906.077823292726, "power_cost": 36.373374426269535, "noise_cost": 49.817634666756675, "n_waypoints_completed": 0, "tot_waypoints": 9}}
{"target": -3684.154236007155, "params": {"k_pid_pos": [1.8564621210098267, 0.9903490543365479, 1.0], "k_pid_alt": [1.9022067785263062, 1.0, 1.0], "k_pid_att": [0.0, 0.12405108660459518, 0.07743313908576965], "k_pid_yaw": [0.5, 1e-06, 0.1], "k_pid_hsp": [10.0, 0.0, 0.0], "k_pid_vsp": [400.0, 400.0, 397.49639892578125]}, "datetime": {"datetime": "2025-08-12 11:54:33", "elapsed": 70152.5460164547, "delta": 34.53253650665283}, "costs": {"total_cost": 3684.154236007155, "time_cost": 150, "final_distance_cost": 492.50656665229735, "oscillation_cost": 571.6226509086465, "completition_cost": 1000.0, "overshoot_cost": 1253.1333177018575, "power_cost": 56.63550698242188, "noise_cost": 160.25619376193225, "n_waypoints_completed": 0, "tot_waypoints": 9}}
{"target": -3578.7262628977915, "params": {"k_pid_pos": [2.0, 1.0, 0.9472473859786987], "k_pid_alt": [1.9861795902252197, 0.979061484336853, 0.971038818359375], "k_pid_att": [0.0, 9.999999747378752e-05, 0.07212910056114197], "k_pid_yaw": [0.5, 1e-06, 0.1], "k_pid_hsp": [10.0, 0.032102882862091064, 0.029073327779769897], "k_pid_vsp": [400.0, 400.0, 400.0]}, "datetime": {"datetime": "2025-08-12 11:55:05", "elapsed": 70184.55042982101, "delta": 32.00441336631775}, "costs": {"total_cost": 3578.7262628977915, "time_cost": 150, "final_distance_cost": 414.98480385854145, "oscillation_cost": 3.52239235288275, "completition_cost": 1000.0, "overshoot_cost": 1866.2055753338236, "power_cost": 29.324846459960938, "noise_cost": 114.68864489258259, "n_waypoints_completed": 0, "tot_waypoints": 9}}
{"target": -1521.89626581715, "params": {"k_pid_pos": [1.9881739616394043, 1.0, 0.9742165207862854], "k_pid_alt": [2.0, 0.9391652941703796, 1.0], "k_pid_att": [1.4390617609024048, 0.2697179913520813, 0.0], "k_pid_yaw": [0.5, 1e-06, 0.1], "k_pid_hsp": [10.0, 0.0, 0.0], "k_pid_vsp": [396.6207580566406, 400.0, 394.0831298828125]}, "datetime": {"datetime": "2025-08-12 11:55:32", "elapsed": 70211.66750645638, "delta": 27.117076635360718}, "costs": {"total_cost": 1521.89626581715, "time_cost": 150, "final_distance_cost": 44.03357775686645, "oscillation_cost": 319.2554750775773, "completition_cost": 888.8888888888888, "overshoot_cost": 60.569670255346395, "power_cost": 31.827309313964847, "noise_cost": 27.3213445245063, "n_waypoints_completed": 1, "tot_waypoints": 9}}
{"target": -8162.351172267119, "params": {"k_pid_pos": [2.0, 0.9201673269271851, 0.9898833632469177], "k_pid_alt": [2.0, 1.0, 1.0], "k_pid_att": [0.0, 9.999999747378752e-05, 0.0], "k_pid_yaw": [0.5, 1e-06, 0.1], "k_pid_hsp": [10.0, 0.0, 0.0], "k_pid_vsp": [400.0, 400.0, 400.0]}, "datetime": {"datetime": "2025-08-12 11:56:01", "elapsed": 70240.99260926247, "delta": 29.32510280609131}, "costs": {"total_cost": 8162.351172267119, "time_cost": 150, "final_distance_cost": 934.2828251543006, "oscillation_cost": 14.754234069725364, "completition_cost": 1000.0, "overshoot_cost": 5926.05233788721, "power_cost": 44.22113439941406, "noise_cost": 93.04064075646905, "n_waypoints_completed": 0, "tot_waypoints": 9}}
{"target": -1652.3189112296786, "params": {"k_pid_pos": [2.0, 0.9795535802841187, 1.0], "k_pid_alt": [1.9062998294830322, 0.996306300163269, 1.0], "k_pid_att": [1.7298638820648193, 9.999999747378752e-05, 0.014922678470611572], "k_pid_yaw": [0.5, 1e-06, 0.1], "k_pid_hsp": [10.0, 0.0, 0.0], "k_pid_vsp": [383.9609680175781, 388.7989807128906, 379.3985900878906]}, "datetime": {"datetime": "2025-08-12 11:56:31", "elapsed": 70270.67210388184, "delta": 29.679494619369507}, "costs": {"total_cost": 1652.3189112296786, "time_cost": 150, "final_distance_cost": 26.64274232714895, "oscillation_cost": 323.671087554016, "completition_cost": 1000.0, "overshoot_cost": 94.67048930160465, "power_cost": 30.814592016601566, "noise_cost": 26.52000003030721, "n_waypoints_completed": 0, "tot_waypoints": 9}}
{"target": -8812.06141145897, "params": {"k_pid_pos": [2.0, 1.0, 0.9663674831390381], "k_pid_alt": [2.0, 0.9612209796905518, 0.9109899401664734], "k_pid_att": [0.0, 9.999999747378752e-05, 0.00674399733543396], "k_pid_yaw": [0.5, 1e-06, 0.1], "k_pid_hsp": [10.0, 0.11765271425247192, 0.0], "k_pid_vsp": [400.0, 372.05987548828125, 400.0]}, "datetime": {"datetime": "2025-08-12 11:56:59", "elapsed": 70298.97298455238, "delta": 28.300880670547485}, "costs": {"total_cost": 8812.06141145897, "time_cost": 150, "final_distance_cost": 2147.3975725091996, "oscillation_cost": 10.89687996830885, "completition_cost": 1000.0, "overshoot_cost": 5383.792406032768, "power_cost": 41.474057836914064, "noise_cost": 78.50049511177845, "n_waypoints_completed": 0, "tot_waypoints": 9}}
{"target": -4847.973765676068, "params": {"k_pid_pos": [2.0, 1.0, 0.9829666614532471], "k_pid_alt": [2.0, 0.9912877082824707, 1.0], "k_pid_att": [0.0, 9.999999747378752e-05, 0.023869842290878296], "k_pid_yaw": [0.5, 1e-06, 0.1], "k_pid_hsp": [9.68394947052002, 0.02291432023048401, 0.052308082580566406], "k_pid_vsp": [400.0, 400.0, 400.0]}, "datetime": {"datetime": "2025-08-12 11:57:31", "elapsed": 70331.31892895699, "delta": 32.34594440460205}, "costs": {"total_cost": 4847.973765676068, "time_cost": 150, "final_distance_cost": 1490.1598402367845, "oscillation_cost": 5.910744209819859, "completition_cost": 1000.0, "overshoot_cost": 2093.738986747368, "power_cost": 30.62415703125, "noise_cost": 77.54003745084506, "n_waypoints_completed": 0, "tot_waypoints": 9}}
{"target": -4614.060625836179, "params": {"k_pid_pos": [2.0, 0.9917174577713013, 1.0], "k_pid_alt": [2.0, 0.9414891004562378, 1.0], "k_pid_att": [0.0, 0.423138827085495, 0.0], "k_pid_yaw": [0.5, 1e-06, 0.1], "k_pid_hsp": [10.0, 0.0, 0.0], "k_pid_vsp": [351.5802917480469, 400.0, 400.0]}, "datetime": {"datetime": "2025-08-12 11:58:01", "elapsed": 70360.45203065872, "delta": 29.13310170173645}, "costs": {"total_cost": 4614.060625836179, "time_cost": 150, "final_distance_cost": 378.55655053306504, "oscillation_cost": 1707.3085080036128, "completition_cost": 1000.0, "overshoot_cost": 1145.6106059052286, "power_cost": 57.66119781494141, "noise_cost": 174.9237635793302, "n_waypoints_completed": 0, "tot_waypoints": 9}}
{"target": -1087.355635592664, "params": {"k_pid_pos": [2.0, 0.960640549659729, 0.9922705888748169], "k_pid_alt": [1.9305284023284912, 1.0, 0.9785265326499939], "k_pid_att": [4.874512672424316, 0.3701508343219757, 0.0], "k_pid_yaw": [0.5, 1e-06, 0.1], "k_pid_hsp": [9.341419219970703, 0.05516284704208374, 0.05638042092323303], "k_pid_vsp": [400.0, 376.98553466796875, 369.67657470703125]}, "datetime": {"datetime": "2025-08-12 11:58:29", "elapsed": 70389.17614388466, "delta": 28.72411322593689}, "costs": {"total_cost": 1087.355635592664, "time_cost": 150, "final_distance_cost": 63.855175221197975, "oscillation_cost": 417.9708598853845, "completition_cost": 333.33333333333337, "overshoot_cost": 58.44713115966676, "power_cost": 33.976382958984374, "noise_cost": 29.772753034096876, "n_waypoints_completed": 6, "tot_waypoints": 9}}
{"target": -1121.2999121010441, "params": {"k_pid_pos": [1.762916088104248, 0.9582345485687256, 1.0], "k_pid_alt": [1.9990001916885376, 1.0, 1.0], "k_pid_att": [6.401163101196289, 0.19816634058952332, 0.0], "k_pid_yaw": [0.5, 1e-06, 0.1], "k_pid_hsp": [10.0, 0.0, 0.0505814254283905], "k_pid_vsp": [400.0, 367.8586730957031, 400.0]}, "datetime": {"datetime": "2025-08-12 11:58:59", "elapsed": 70418.77293682098, "delta": 29.596792936325073}, "costs": {"total_cost": 1121.2999121010441, "time_cost": 150, "final_distance_cost": 62.534452117894006, "oscillation_cost": 447.8837058627541, "completition_cost": 333.33333333333337, "overshoot_cost": 66.54158548463654, "power_cost": 31.809017004394534, "noise_cost": 29.197818298031706, "n_waypoints_completed": 6, "tot_waypoints": 9}}
{"target": -8258.955954927598, "params": {"k_pid_pos": [2.0, 0.9816057682037354, 0.9926120042800903], "k_pid_alt": [1.9145569801330566, 0.9705954790115356, 1.0], "k_pid_att": [0.0, 9.999999747378752e-05, 0.0], "k_pid_yaw": [0.5, 1e-06, 0.1], "k_pid_hsp": [9.307841300964355, 0.0, 0.011539995670318604], "k_pid_vsp": [389.91748046875, 400.0, 400.0]}, "datetime": {"datetime": "2025-08-12 11:59:28", "elapsed": 70447.63004994392, "delta": 28.857113122940063}, "costs": {"total_cost": 8258.955954927598, "time_cost": 150, "final_distance_cost": 837.6836892791013, "oscillation_cost": 14.717070147432382, "completition_cost": 1000.0, "overshoot_cost": 6115.981057581875, "power_cost": 44.410728576660155, "noise_cost": 96.16340934252925, "n_waypoints_completed": 0, "tot_waypoints": 9}}
{"target": -1103.6278185711758, "params": {"k_pid_pos": [2.0, 0.9892226457595825, 0.9792222380638123], "k_pid_alt": [2.0, 0.9856263399124146, 1.0], "k_pid_att": [9.450560569763184, 9.999999747378752e-05, 0.06353342533111572], "k_pid_yaw": [0.5, 1e-06, 0.1], "k_pid_hsp": [8.966958045959473, 0.0010118186473846436, 0.0], "k_pid_vsp": [396.88214111328125, 389.11529541015625, 394.7325744628906]}, "datetime": {"datetime": "2025-08-12 11:59:57", "elapsed": 70476.98582530022, "delta": 29.355775356292725}, "costs": {"total_cost": 1103.6278185711758, "time_cost": 150, "final_distance_cost": 47.88670444125721, "oscillation_cost": 340.7507787679182, "completition_cost": 444.4444444444444, "overshoot_cost": 58.75440327164505, "power_cost": 31.82855552978516, "noise_cost": 29.962932116125746, "n_waypoints_completed": 5, "tot_waypoints": 9}}
{"target": -4747.894178673612, "params": {"k_pid_pos": [1.9204108715057373, 0.9815478920936584, 0.9813147187232971], "k_pid_alt": [1.883514404296875, 1.0, 1.0], "k_pid_att": [0.0, 9.999999747378752e-05, 0.02772355079650879], "k_pid_yaw": [0.5, 1e-06, 0.1], "k_pid_hsp": [9.84876823425293, 0.10020682215690613, 0.07241442799568176], "k_pid_vsp": [400.0, 400.0, 400.0]}, "datetime": {"datetime": "2025-08-12 12:00:27", "elapsed": 70506.7042517662, "delta": 29.71842646598816}, "costs": {"total_cost": 4747.894178673612, "time_cost": 150, "final_distance_cost": 873.4533043498374, "oscillation_cost": 6.442023633784677, "completition_cost": 1000.0, "overshoot_cost": 2614.5646346314784, "power_cost": 31.22885623779297, "noise_cost": 72.20535982071947, "n_waypoints_completed": 0, "tot_waypoints": 9}}
{"target": -1141.6440578041554, "params": {"k_pid_pos": [1.8891305923461914, 1.0, 0.9878582954406738], "k_pid_alt": [1.8761792182922363, 0.9638893604278564, 0.9703296422958374], "k_pid_att": [9.03114128112793, 9.999999747378752e-05, 0.0], "k_pid_yaw": [0.5, 1e-06, 0.1], "k_pid_hsp": [9.800638198852539, 0.0, 0.007787525653839111], "k_pid_vsp": [378.3117370605469, 400.0, 400.0]}, "datetime": {"datetime": "2025-08-12 12:00:56", "elapsed": 70535.81949973106, "delta": 29.11524796485901}, "costs": {"total_cost": 1141.6440578041554, "time_cost": 150, "final_distance_cost": 54.54641513272527, "oscillation_cost": 472.3893899066837, "completition_cost": 333.33333333333337, "overshoot_cost": 68.07244479930384, "power_cost": 32.9965693359375, "noise_cost": 30.30590529617199, "n_waypoints_completed": 6, "tot_waypoints": 9}}
