{"target": -1713.4192860880137, "params": {"k_pid_pos": [2.0, 1.0, 0.9696078300476074], "k_pid_alt": [2.0, 0.9135599732398987, 1.0], "k_pid_att": [2.7085483074188232, 9.999999747378752e-05, 0.02150842547416687], "k_pid_yaw": [0.5, 1e-06, 0.1], "k_pid_hsp": [9.09483814239502, 0.028103679418563843, 0.0], "k_pid_vsp": [369.39617919921875, 400.0, 371.2945251464844]}, "datetime": {"datetime": "2025-08-11 20:28:49", "elapsed": 14609.263038158417, "delta": 30.45641827583313}, "costs": {"total_cost": 1713.4192860880137, "time_cost": 150, "final_distance_cost": 4.057545489178959, "oscillation_cost": 365.0461573490127, "completition_cost": 1000.0, "overshoot_cost": 136.45092004759576, "power_cost": 30.260445056152346, "noise_cost": 27.604218146074217, "n_waypoints_completed": 0, "tot_waypoints": 9}}
{"target": -1594.076822805761, "params": {"k_pid_pos": [2.0, 1.0, 1.0], "k_pid_alt": [2.0, 1.0, 0.8767317533493042], "k_pid_att": [1.078924536705017, 9.999999747378752e-05, 0.0], "k_pid_yaw": [0.5, 1e-06, 0.1], "k_pid_hsp": [9.856861114501953, 0.0, 0.0], "k_pid_vsp": [400.0, 387.41278076171875, 400.0]}, "datetime": {"datetime": "2025-08-11 20:29:20", "elapsed": 14640.121965408325, "delta": 30.858927249908447}, "costs": {"total_cost": 1594.076822805761, "time_cost": 150, "final_distance_cost": 37.2942698172121, "oscillation_cost": 275.77519537048397, "completition_cost": 1000.0, "overshoot_cost": 71.43842504367838, "power_cost": 32.31458134765625, "noise_cost": 27.25435122673018, "n_waypoints_completed": 0, "tot_waypoints": 9}}
{"target": -1254.1306286601075, "params": {"k_pid_pos": [2.0, 1.0, 0.98227858543396], "k_pid_alt": [2.0, 1.0, 0.9947016835212708], "k_pid_att": [2.996373176574707, 9.999999747378752e-05, 0.0], "k_pid_yaw": [0.5, 1e-06, 0.1], "k_pid_hsp": [10.0, 0.0409453809261322, 0.0], "k_pid_vsp": [392.0661315917969, 400.0, 389.3723449707031]}, "datetime": {"datetime": "2025-08-11 20:29:51", "elapsed": 14670.667589902878, "delta": 30.545624494552612}, "costs": {"total_cost": 1254.1306286601075, "time_cost": 150, "final_distance_cost": 40.24379621209344, "oscillation_cost": 374.8182038843839, "completition_cost": 555.5555555555555, "overshoot_cost": 74.04138143364156, "power_cost": 32.05371477050782, "noise_cost": 27.417976803925132, "n_waypoints_completed": 4, "tot_waypoints": 9}}
{"target": -4958.487371075323, "params": {"k_pid_pos": [1.9769394397735596, 1.0, 0.9852190017700195], "k_pid_alt": [1.8248586654663086, 0.9252924919128418, 1.0], "k_pid_att": [0.0, 0.7285482287406921, 0.0], "k_pid_yaw": [0.5, 1e-06, 0.1], "k_pid_hsp": [9.21198558807373, 0.008759081363677979, 0.0], "k_pid_vsp": [400.0, 400.0, 400.0]}, "datetime": {"datetime": "2025-08-11 20:30:21", "elapsed": 14701.30298614502, "delta": 30.635396242141724}, "costs": {"total_cost": 4958.487371075323, "time_cost": 150, "final_distance_cost": 247.4605665833625, "oscillation_cost": 2401.611741575687, "completition_cost": 1000.0, "overshoot_cost": 925.7551004289646, "power_cost": 57.555270410156254, "noise_cost": 176.1046920771525, "n_waypoints_completed": 0, "tot_waypoints": 9}}
{"target": -1330.2332824988812, "params": {"k_pid_pos": [1.992799162864685, 1.0, 0.980339765548706], "k_pid_alt": [1.9504175186157227, 1.0, 1.0], "k_pid_att": [4.885983467102051, 0.2952812910079956, 0.0], "k_pid_yaw": [0.5, 1e-06, 0.1], "k_pid_hsp": [10.0, 0.0, 0.0], "k_pid_vsp": [386.67535400390625, 399.6956481933594, 400.0]}, "datetime": {"datetime": "2025-08-11 20:30:51", "elapsed": 14731.172073841095, "delta": 29.86908769607544}, "costs": {"total_cost": 1330.2332824988812, "time_cost": 150, "final_distance_cost": 40.51275963806063, "oscillation_cost": 449.86486695669737, "completition_cost": 555.5555555555555, "overshoot_cost": 74.50710134211087, "power_cost": 31.977018994140625, "noise_cost": 27.815980012316054, "n_waypoints_completed": 4, "tot_waypoints": 9}}
{"target": -6364.689490136728, "params": {"k_pid_pos": [2.0, 1.0, 1.0], "k_pid_alt": [1.8837027549743652, 0.9874370098114014, 1.0], "k_pid_att": [0.0, 9.999999747378752e-05, 0.022777050733566284], "k_pid_yaw": [0.5, 1e-06, 0.1], "k_pid_hsp": [10.0, 0.0, 0.0], "k_pid_vsp": [400.0, 400.0, 382.1434326171875]}, "datetime": {"datetime": "2025-08-11 20:31:23", "elapsed": 14762.50123333931, "delta": 31.32915949821472}, "costs": {"total_cost": 6364.689490136728, "time_cost": 150, "final_distance_cost": 2013.3548600912463, "oscillation_cost": 7.067868652107425, "completition_cost": 1000.0, "overshoot_cost": 3101.681850995832, "power_cost": 32.888628723144535, "noise_cost": 59.69628167439814, "n_waypoints_completed": 0, "tot_waypoints": 9}}
{"target": -1749.8473636766994, "params": {"k_pid_pos": [2.0, 0.9770556688308716, 0.9715735912322998], "k_pid_alt": [2.0, 0.9744588136672974, 1.0], "k_pid_att": [6.977692127227783, 9.999999747378752e-05, 0.07471072673797607], "k_pid_yaw": [0.5, 1e-06, 0.1], "k_pid_hsp": [9.492097854614258, 0.0, 0.005143404006958008], "k_pid_vsp": [400.0, 400.0, 400.0]}, "datetime": {"datetime": "2025-08-11 20:31:53", "elapsed": 14792.439972162247, "delta": 29.93873882293701}, "costs": {"total_cost": 1749.8473636766994, "time_cost": 150, "final_distance_cost": 27.73009625096821, "oscillation_cost": 420.12329890602257, "completition_cost": 1000.0, "overshoot_cost": 94.22639188804985, "power_cost": 30.544713586425782, "noise_cost": 27.22286304523296, "n_waypoints_completed": 0, "tot_waypoints": 9}}
{"target": -8042.713952613276, "params": {"k_pid_pos": [2.0, 0.982964038848877, 0.9558895826339722], "k_pid_alt": [1.9795714616775513, 0.9283273220062256, 1.0], "k_pid_att": [0.0, 9.999999747378752e-05, 0.0], "k_pid_yaw": [0.5, 1e-06, 0.1], "k_pid_hsp": [10.0, 0.05042678117752075, 0.0], "k_pid_vsp": [388.9515075683594, 392.7281494140625, 400.0]}, "datetime": {"datetime": "2025-08-11 20:32:23", "elapsed": 14822.879588842392, "delta": 30.439616680145264}, "costs": {"total_cost": 8042.713952613276, "time_cost": 150, "final_distance_cost": 807.8107573854268, "oscillation_cost": 14.675356489838242, "completition_cost": 1000.0, "overshoot_cost": 5930.938623886818, "power_cost": 43.87226140136719, "noise_cost": 95.41695344982601, "n_waypoints_completed": 0, "tot_waypoints": 9}}
{"target": -5757.45135184742, "params": {"k_pid_pos": [2.0, 0.9615786075592041, 0.9952081441879272], "k_pid_alt": [1.8627034425735474, 1.0, 0.9948831796646118], "k_pid_att": [0.0, 0.04536361247301102, 0.0], "k_pid_yaw": [0.5, 1e-06, 0.1], "k_pid_hsp": [9.519871711730957, 0.0, 0.0], "k_pid_vsp": [400.0, 393.5384826660156, 384.16009521484375]}, "datetime": {"datetime": "2025-08-11 20:32:54", "elapsed": 14853.3846077919, "delta": 30.505018949508667}, "costs": {"total_cost": 5757.45135184742, "time_cost": 150, "final_distance_cost": 1004.4618911364742, "oscillation_cost": 439.80802977103207, "completition_cost": 1000.0, "overshoot_cost": 2948.1888215175613, "power_cost": 56.87984215087891, "noise_cost": 158.1127672714729, "n_waypoints_completed": 0, "tot_waypoints": 9}}
{"target": -1622.8593968855444, "params": {"k_pid_pos": [1.9904803037643433, 0.9700121879577637, 1.0], "k_pid_alt": [2.0, 1.0, 0.9820569753646851], "k_pid_att": [3.8314313888549805, 0.4374995231628418, 0.08276602625846863], "k_pid_yaw": [0.5, 1e-06, 0.1], "k_pid_hsp": [9.526172637939453, 0.0, 0.0], "k_pid_vsp": [400.0, 400.0, 400.0]}, "datetime": {"datetime": "2025-08-11 20:33:25", "elapsed": 14884.475881099701, "delta": 31.091273307800293}, "costs": {"total_cost": 1622.8593968855444, "time_cost": 150, "final_distance_cost": 0.9982981896320298, "oscillation_cost": 187.59711944319665, "completition_cost": 1000.0, "overshoot_cost": 156.62588418312797, "power_cost": 29.72621776123047, "noise_cost": 97.91187730835732, "n_waypoints_completed": 0, "tot_waypoints": 9}}
{"target": -5373.730781178826, "params": {"k_pid_pos": [1.7823185920715332, 0.9874576330184937, 0.9818902015686035], "k_pid_alt": [2.0, 1.0, 0.970138669013977], "k_pid_att": [0.0, 0.08431396633386612, 0.0], "k_pid_yaw": [0.5, 1e-06, 0.1], "k_pid_hsp": [10.0, 0.0, 0.0], "k_pid_vsp": [389.4901123046875, 372.33935546875, 346.04449462890625]}, "datetime": {"datetime": "2025-08-11 20:33:55", "elapsed": 14914.55051445961, "delta": 30.074633359909058}, "costs": {"total_cost": 5373.730781178826, "time_cost": 150, "final_distance_cost": 850.1139497141454, "oscillation_cost": 657.3085040778345, "completition_cost": 1000.0, "overshoot_cost": 2495.874065680469, "power_cost": 57.49374055175782, "noise_cost": 162.94052115461903, "n_waypoints_completed": 0, "tot_waypoints": 9}}
{"target": -5585.361431548499, "params": {"k_pid_pos": [2.0, 0.9779714345932007, 0.9280586242675781], "k_pid_alt": [1.9757920503616333, 0.9643692374229431, 0.9441565275192261], "k_pid_att": [0.0, 9.999999747378752e-05, 0.023438483476638794], "k_pid_yaw": [0.5, 1e-06, 0.1], "k_pid_hsp": [10.0, 0.004564553499221802, 0.03474816679954529], "k_pid_vsp": [400.0, 400.0, 395.84356689453125]}, "datetime": {"datetime": "2025-08-11 20:34:25", "elapsed": 14944.956629276276, "delta": 30.40611481666565}, "costs": {"total_cost": 5585.361431548499, "time_cost": 150, "final_distance_cost": 1695.1923122805467, "oscillation_cost": 6.606803576062797, "completition_cost": 1000.0, "overshoot_cost": 2627.329244672645, "power_cost": 31.453595922851562, "noise_cost": 74.77947509639398, "n_waypoints_completed": 0, "tot_waypoints": 9}}
{"target": -1506.6319961843028, "params": {"k_pid_pos": [2.0, 1.0, 0.9933369159698486], "k_pid_alt": [1.9528493881225586, 0.9636859893798828, 1.0], "k_pid_att": [2.239316701889038, 9.999999747378752e-05, 0.0], "k_pid_yaw": [0.5, 1e-06, 0.1], "k_pid_hsp": [10.0, 0.04379674792289734, 0.0], "k_pid_vsp": [396.8976135253906, 398.2662658691406, 400.0]}, "datetime": {"datetime": "2025-08-11 20:34:55", "elapsed": 14974.874512195587, "delta": 29.917882919311523}, "costs": {"total_cost": 1506.6319961843028, "time_cost": 150, "final_distance_cost": 82.85975812956563, "oscillation_cost": 365.905194278945, "completition_cost": 777.7777777777778, "overshoot_cost": 70.52005859321137, "power_cost": 32.25455772705078, "noise_cost": 27.314649677752172, "n_waypoints_completed": 2, "tot_waypoints": 9}}
{"target": -4220.111215037721, "params": {"k_pid_pos": [1.892950415611267, 1.0, 0.9684631824493408], "k_pid_alt": [2.0, 1.0, 1.0], "k_pid_att": [0.0, 0.48279324173927307, 0.006970256567001343], "k_pid_yaw": [0.5, 1e-06, 0.1], "k_pid_hsp": [10.0, 0.0, 0.0], "k_pid_vsp": [382.2896423339844, 374.8114013671875, 365.2139587402344]}, "datetime": {"datetime": "2025-08-11 20:35:26", "elapsed": 15005.40913772583, "delta": 30.53462553024292}, "costs": {"total_cost": 4220.111215037721, "time_cost": 150, "final_distance_cost": 280.6127287158668, "oscillation_cost": 1651.8566260678565, "completition_cost": 1000.0, "overshoot_cost": 907.9314724476508, "power_cost": 57.42506218261719, "noise_cost": 172.28532562372982, "n_waypoints_completed": 0, "tot_waypoints": 9}}
{"target": -1607.69150938332, "params": {"k_pid_pos": [1.9570221900939941, 0.9588064551353455, 1.0], "k_pid_alt": [1.7157700061798096, 1.0, 1.0], "k_pid_att": [1.0580241680145264, 9.999999747378752e-05, 0.0], "k_pid_yaw": [0.5, 1e-06, 0.1], "k_pid_hsp": [10.0, 0.010996401309967041, 0.016540884971618652], "k_pid_vsp": [376.5129089355469, 392.71588134765625, 399.751708984375]}, "datetime": {"datetime": "2025-08-11 20:35:56", "elapsed": 15035.647395133972, "delta": 30.23825740814209}, "costs": {"total_cost": 1607.69150938332, "time_cost": 150, "final_distance_cost": 15.993852385758263, "oscillation_cost": 271.0691700518225, "completition_cost": 1000.0, "overshoot_cost": 113.28676634272732, "power_cost": 31.186344982910157, "noise_cost": 26.155375620101765, "n_waypoints_completed": 0, "tot_waypoints": 9}}
{"target": -5187.3330138672945, "params": {"k_pid_pos": [2.0, 1.0, 1.0], "k_pid_alt": [1.9701111316680908, 1.0, 0.9262070655822754], "k_pid_att": [0.0, 0.16428054869174957, 0.14473995566368103], "k_pid_yaw": [0.5, 1e-06, 0.1], "k_pid_hsp": [9.021980285644531, 0.0, 0.02539023756980896], "k_pid_vsp": [396.3683776855469, 392.08740234375, 400.0]}, "datetime": {"datetime": "2025-08-11 20:36:27", "elapsed": 15066.894589662552, "delta": 31.247194528579712}, "costs": {"total_cost": 5187.3330138672945, "time_cost": 150, "final_distance_cost": 850.952256908114, "oscillation_cost": 661.8085733602564, "completition_cost": 1000.0, "overshoot_cost": 2302.8234133795336, "power_cost": 57.12316129150391, "noise_cost": 164.62560892788758, "n_waypoints_completed": 0, "tot_waypoints": 9}}
{"target": -8583.06939195594, "params": {"k_pid_pos": [2.0, 1.0, 1.0], "k_pid_alt": [2.0, 1.0, 1.0], "k_pid_att": [0.0, 0.6200757026672363, 0.0], "k_pid_yaw": [0.5, 1e-06, 0.1], "k_pid_hsp": [9.39039421081543, 0.07474017143249512, 0.0], "k_pid_vsp": [400.0, 398.32781982421875, 400.0]}, "datetime": {"datetime": "2025-08-11 20:36:57", "elapsed": 15096.633579730988, "delta": 29.73899006843567}, "costs": {"total_cost": 8583.06939195594, "time_cost": 150, "final_distance_cost": 2185.1676402612525, "oscillation_cost": 2220.625264996921, "completition_cost": 1000.0, "overshoot_cost": 2793.8680173361786, "power_cost": 57.73836746826172, "noise_cost": 175.67010189332507, "n_waypoints_completed": 0, "tot_waypoints": 9}}
{"target": -13095.36931855765, "params": {"k_pid_pos": [1.9462323188781738, 1.0, 1.0], "k_pid_alt": [1.9643129110336304, 0.9853882193565369, 0.9918645024299622], "k_pid_att": [0.0, 0.8693898916244507, 0.03968822956085205], "k_pid_yaw": [0.5, 1e-06, 0.1], "k_pid_hsp": [10.0, 0.0, 0.08787748217582703], "k_pid_vsp": [389.5966491699219, 400.0, 400.0]}, "datetime": {"datetime": "2025-08-11 20:37:26", "elapsed": 15126.030495166779, "delta": 29.396915435791016}, "costs": {"total_cost": 13095.36931855765, "time_cost": 150, "final_distance_cost": 3796.8923342135095, "oscillation_cost": 2318.244768444112, "completition_cost": 1000.0, "overshoot_cost": 5597.849451656899, "power_cost": 57.314335351562505, "noise_cost": 175.06842889156667, "n_waypoints_completed": 0, "tot_waypoints": 9}}
{"target": -1534.6079137036807, "params": {"k_pid_pos": [1.734406590461731, 0.9199542999267578, 1.0], "k_pid_alt": [1.9605379104614258, 1.0, 1.0], "k_pid_att": [1.9599437713623047, 9.999999747378752e-05, 0.0622100830078125], "k_pid_yaw": [0.5, 1e-06, 0.1], "k_pid_hsp": [10.0, 0.0, 0.0], "k_pid_vsp": [395.2966613769531, 400.0, 400.0]}, "datetime": {"datetime": "2025-08-11 20:37:56", "elapsed": 15156.06819987297, "delta": 30.037704706192017}, "costs": {"total_cost": 1534.6079137036807, "time_cost": 150, "final_distance_cost": 0.9985269879025735, "oscillation_cost": 91.72639886410504, "completition_cost": 1000.0, "overshoot_cost": 159.7988647021486, "power_cost": 29.30573642578125, "noise_cost": 102.7783867237432, "n_waypoints_completed": 0, "tot_waypoints": 9}}
{"target": -1374.652195289387, "params": {"k_pid_pos": [2.0, 1.0, 1.0], "k_pid_alt": [1.8730897903442383, 1.0, 1.0], "k_pid_att": [8.506790161132812, 9.999999747378752e-05, 0.0], "k_pid_yaw": [0.5, 1e-06, 0.1], "k_pid_hsp": [9.456463813781738, 0.07661798596382141, 0.0], "k_pid_vsp": [400.0, 400.0, 390.13690185546875]}, "datetime": {"datetime": "2025-08-11 20:38:27", "elapsed": 15186.64055609703, "delta": 30.57235622406006}, "costs": {"total_cost": 1374.652195289387, "time_cost": 150, "final_distance_cost": 41.73085579773763, "oscillation_cost": 486.6312361354526, "completition_cost": 555.5555555555555, "overshoot_cost": 79.04268007159543, "power_cost": 32.99284304199219, "noise_cost": 28.699024687053416, "n_waypoints_completed": 4, "tot_waypoints": 9}}
{"target": -1139.5846358975184, "params": {"k_pid_pos": [2.0, 0.9247874617576599, 1.0], "k_pid_alt": [2.0, 1.0, 0.9760029315948486], "k_pid_att": [6.946751594543457, 9.999999747378752e-05, 0.0], "k_pid_yaw": [0.5, 1e-06, 0.1], "k_pid_hsp": [9.464412689208984, 0.0, 0.03734248876571655], "k_pid_vsp": [400.0, 400.0, 389.53955078125]}, "datetime": {"datetime": "2025-08-11 20:38:57", "elapsed": 15216.61424946785, "delta": 29.973693370819092}, "costs": {"total_cost": 1139.5846358975184, "time_cost": 150, "final_distance_cost": 68.38020615242311, "oscillation_cost": 461.3073780812305, "completition_cost": 333.33333333333337, "overshoot_cost": 63.85535092042433, "power_cost": 32.871850488281254, "noise_cost": 29.836516921825687, "n_waypoints_completed": 6, "tot_waypoints": 9}}
{"target": -4664.667524445201, "params": {"k_pid_pos": [1.895989179611206, 1.0, 1.0], "k_pid_alt": [2.0, 1.0, 1.0], "k_pid_att": [0.0, 0.4637041389942169, 0.0], "k_pid_yaw": [0.5, 1e-06, 0.1], "k_pid_hsp": [9.806706428527832, 0.0, 0.0], "k_pid_vsp": [400.0, 400.0, 400.0]}, "datetime": {"datetime": "2025-08-11 20:39:27", "elapsed": 15246.812414169312, "delta": 30.198164701461792}, "costs": {"total_cost": 4664.667524445201, "time_cost": 150, "final_distance_cost": 422.5698649522537, "oscillation_cost": 1764.4943606688773, "completition_cost": 1000.0, "overshoot_cost": 1098.2403610014437, "power_cost": 57.02428254394532, "noise_cost": 172.33865527868045, "n_waypoints_completed": 0, "tot_waypoints": 9}}
{"target": -995.9845499441647, "params": {"k_pid_pos": [2.0, 0.9366564750671387, 0.9900506734848022], "k_pid_alt": [2.0, 0.9655400514602661, 1.0], "k_pid_att": [0.32486021518707275, 9.999999747378752e-05, 0.0], "k_pid_yaw": [0.5, 1e-06, 0.1], "k_pid_hsp": [10.0, 0.04071378707885742, 0.05158206820487976], "k_pid_vsp": [388.74346923828125, 395.16943359375, 394.4309387207031]}, "datetime": {"datetime": "2025-08-11 20:39:57", "elapsed": 15277.001264095306, "delta": 30.188849925994873}, "costs": {"total_cost": 995.9845499441647, "time_cost": 150, "final_distance_cost": 58.80928737686939, "oscillation_cost": 95.97873399182471, "completition_cost": 555.5555555555555, "overshoot_cost": 71.31625957654897, "power_cost": 34.496393359375, "noise_cost": 29.828320083991013, "n_waypoints_completed": 4, "tot_waypoints": 9}}
{"target": -1517.3354920094157, "params": {"k_pid_pos": [1.9991662502288818, 0.9318349361419678, 1.0], "k_pid_alt": [2.0, 1.0, 0.9547098278999329], "k_pid_att": [2.4798245429992676, 0.04060005769133568, 0.0028937458992004395], "k_pid_yaw": [0.5, 1e-06, 0.1], "k_pid_hsp": [10.0, 0.0, 0.0], "k_pid_vsp": [382.163330078125, 400.0, 390.84600830078125]}, "datetime": {"datetime": "2025-08-11 20:40:27", "elapsed": 15306.940131425858, "delta": 29.938867330551147}, "costs": {"total_cost": 1517.3354920094157, "time_cost": 150, "final_distance_cost": 78.59195553940856, "oscillation_cost": 380.0028000371126, "completition_cost": 777.7777777777778, "overshoot_cost": 72.47658229601495, "power_cost": 31.5022779296875, "noise_cost": 26.9840984294144, "n_waypoints_completed": 2, "tot_waypoints": 9}}
{"target": -1090.0916971619454, "params": {"k_pid_pos": [2.0, 1.0, 1.0], "k_pid_alt": [1.9833316802978516, 0.9707225561141968, 1.0], "k_pid_att": [5.278820037841797, 9.999999747378752e-05, 0.0], "k_pid_yaw": [0.5, 1e-06, 0.1], "k_pid_hsp": [10.0, 0.0, 0.0884711742401123], "k_pid_vsp": [392.4659423828125, 400.0, 400.0]}, "datetime": {"datetime": "2025-08-11 20:40:57", "elapsed": 15337.163401842117, "delta": 30.223270416259766}, "costs": {"total_cost": 1090.0916971619454, "time_cost": 150, "final_distance_cost": 62.93414638970727, "oscillation_cost": 413.893579265291, "completition_cost": 333.33333333333337, "overshoot_cost": 66.95768333232846, "power_cost": 33.16794965820313, "noise_cost": 29.805005183082017, "n_waypoints_completed": 6, "tot_waypoints": 9}}
{"target": -1735.5641169342462, "params": {"k_pid_pos": [1.8838220834732056, 0.9369240999221802, 1.0], "k_pid_alt": [2.0, 1.0, 1.0], "k_pid_att": [2.9148757457733154, 9.999999747378752e-05, 0.013755083084106445], "k_pid_yaw": [0.5, 1e-06, 0.1], "k_pid_hsp": [10.0, 0.0, 0.0], "k_pid_vsp": [388.4225769042969, 380.64532470703125, 394.3667297363281]}, "datetime": {"datetime": "2025-08-11 20:41:29", "elapsed": 15368.372923851013, "delta": 31.209522008895874}, "costs": {"total_cost": 1735.5641169342462, "time_cost": 150, "final_distance_cost": 15.26837807528469, "oscillation_cost": 396.3446936543817, "completition_cost": 1000.0, "overshoot_cost": 116.4098758902363, "power_cost": 31.07576697998047, "noise_cost": 26.46540233436313, "n_waypoints_completed": 0, "tot_waypoints": 9}}
{"target": -1634.8715010158523, "params": {"k_pid_pos": [2.0, 0.9686168432235718, 0.9783604145050049], "k_pid_alt": [1.8977618217468262, 1.0, 0.9837477207183838], "k_pid_att": [1.029956340789795, 9.999999747378752e-05, 0.0], "k_pid_yaw": [0.5, 1e-06, 0.1], "k_pid_hsp": [10.0, 0.001413881778717041, 0.01930415630340576], "k_pid_vsp": [353.7623291015625, 396.686279296875, 395.80120849609375]}, "datetime": {"datetime": "2025-08-11 20:41:59", "elapsed": 15398.880509376526, "delta": 30.507585525512695}, "costs": {"total_cost": 1634.8715010158523, "time_cost": 150, "final_distance_cost": 0.9490773538030456, "oscillation_cost": 268.55033392299157, "completition_cost": 1000.0, "overshoot_cost": 139.5373649521942, "power_cost": 32.20347399902344, "noise_cost": 43.63125078784045, "n_waypoints_completed": 0, "tot_waypoints": 9}}
{"target": -993.1858223819946, "params": {"k_pid_pos": [1.9620542526245117, 1.0, 1.0], "k_pid_alt": [1.8986234664916992, 1.0, 1.0], "k_pid_att": [0.28753578662872314, 9.999999747378752e-05, 0.0], "k_pid_yaw": [0.5, 1e-06, 0.1], "k_pid_hsp": [9.619026184082031, 0.0, 0.0], "k_pid_vsp": [388.8014831542969, 400.0, 365.5895080566406]}, "datetime": {"datetime": "2025-08-11 20:42:29", "elapsed": 15429.200352668762, "delta": 30.319843292236328}, "costs": {"total_cost": 993.1858223819946, "time_cost": 150, "final_distance_cost": 47.67225029092663, "oscillation_cost": 99.07002365921224, "completition_cost": 555.5555555555555, "overshoot_cost": 76.46057864243215, "power_cost": 33.93270399169922, "noise_cost": 30.494710242168797, "n_waypoints_completed": 4, "tot_waypoints": 9}}
