{"target": -1155.7399678583552, "params": {"k_pid_pos": [1.8603452444076538, 0.9782869815826416, 0.9595575332641602], "k_pid_alt": [1.8056395053863525, 1.0, 0.9109910130500793], "k_pid_att": [12.671268463134766, 0.47290462255477905, 0.0], "k_pid_yaw": [0.5, 1e-06, 0.1], "k_pid_hsp": [10.0, 0.0, 0.05819523334503174], "k_pid_vsp": [386.7479248046875, 376.6646423339844, 380.99017333984375]}, "datetime": {"datetime": "2025-08-12 10:00:36", "elapsed": 63316.04903650284, "delta": 28.652514934539795}, "costs": {"total_cost": 1155.7399678583552, "time_cost": 150, "final_distance_cost": 67.17171155576452, "oscillation_cost": 484.14459870661653, "completition_cost": 333.33333333333337, "overshoot_cost": 57.76519046702577, "power_cost": 32.829454443359374, "noise_cost": 30.49567935225568, "n_waypoints_completed": 6, "tot_waypoints": 9}}
{"target": -8262.454549137383, "params": {"k_pid_pos": [1.9717950820922852, 1.0, 1.0], "k_pid_alt": [1.899773120880127, 0.9978886842727661, 0.9603841304779053], "k_pid_att": [0.0, 9.999999747378752e-05, 0.0], "k_pid_yaw": [0.5, 1e-06, 0.1], "k_pid_hsp": [9.303497314453125, 0.013403564691543579, 0.033300429582595825], "k_pid_vsp": [400.0, 346.07745361328125, 400.0]}, "datetime": {"datetime": "2025-08-12 10:01:05", "elapsed": 63345.26709771156, "delta": 29.218061208724976}, "costs": {"total_cost": 8262.454549137383, "time_cost": 150, "final_distance_cost": 728.5434361765555, "oscillation_cost": 14.661563834469773, "completition_cost": 1000.0, "overshoot_cost": 6224.9866554908685, "power_cost": 44.75955008544922, "noise_cost": 99.50334355003822, "n_waypoints_completed": 0, "tot_waypoints": 9}}
{"target": -3351.9372401221053, "params": {"k_pid_pos": [1.9422776699066162, 1.0, 0.9687572717666626], "k_pid_alt": [2.0, 1.0, 1.0], "k_pid_att": [0.0, 9.999999747378752e-05, 0.08492982387542725], "k_pid_yaw": [0.5, 1e-06, 0.1], "k_pid_hsp": [9.343894004821777, 0.0, 0.0], "k_pid_vsp": [400.0, 400.0, 364.4415283203125]}, "datetime": {"datetime": "2025-08-12 10:01:35", "elapsed": 63375.32683324814, "delta": 30.059735536575317}, "costs": {"total_cost": 3351.9372401221053, "time_cost": 150, "final_distance_cost": 536.1395811318145, "oscillation_cost": 3.6532082063137796, "completition_cost": 1000.0, "overshoot_cost": 1529.8867434079002, "power_cost": 29.431516259765626, "noise_cost": 102.82619111631134, "n_waypoints_completed": 0, "tot_waypoints": 9}}
{"target": -9000.976905754398, "params": {"k_pid_pos": [1.8582125902175903, 0.9896234273910522, 1.0], "k_pid_alt": [1.9549000263214111, 0.9668695330619812, 1.0], "k_pid_att": [0.0, 9.999999747378752e-05, 0.01118043065071106], "k_pid_yaw": [0.5, 1e-06, 0.1], "k_pid_hsp": [10.0, 0.0, 0.0], "k_pid_vsp": [400.0, 380.5465087890625, 387.59478759765625]}, "datetime": {"datetime": "2025-08-12 10:02:04", "elapsed": 63403.947389125824, "delta": 28.620555877685547}, "costs": {"total_cost": 9000.976905754398, "time_cost": 150, "final_distance_cost": 2604.9983196680955, "oscillation_cost": 9.480399748369404, "completition_cost": 1000.0, "overshoot_cost": 5135.334473666798, "power_cost": 39.64183493652344, "noise_cost": 61.52187773461252, "n_waypoints_completed": 0, "tot_waypoints": 9}}
{"target": -1443.0649866323895, "params": {"k_pid_pos": [2.0, 0.9792370796203613, 1.0], "k_pid_alt": [1.9758038520812988, 1.0, 0.9894727468490601], "k_pid_att": [4.357004165649414, 0.307253360748291, 0.0], "k_pid_yaw": [0.5, 1e-06, 0.1], "k_pid_hsp": [9.804553985595703, 0.0, 0.0], "k_pid_vsp": [400.0, 344.0215148925781, 393.76617431640625]}, "datetime": {"datetime": "2025-08-12 10:02:32", "elapsed": 63431.86196708679, "delta": 27.914577960968018}, "costs": {"total_cost": 1443.0649866323895, "time_cost": 150, "final_distance_cost": 52.18144366857439, "oscillation_cost": 442.74418006816217, "completition_cost": 666.6666666666667, "overshoot_cost": 71.97583749577612, "power_cost": 31.847330969238282, "noise_cost": 27.64952776397176, "n_waypoints_completed": 3, "tot_waypoints": 9}}
{"target": -1300.6639237852864, "params": {"k_pid_pos": [2.0, 1.0, 0.9421026706695557], "k_pid_alt": [2.0, 0.9943022727966309, 1.0], "k_pid_att": [6.7057013511657715, 9.999999747378752e-05, 0.04191449284553528], "k_pid_yaw": [0.5, 1e-06, 0.1], "k_pid_hsp": [9.523999214172363, 0.0, 0.04078018665313721], "k_pid_vsp": [400.0, 400.0, 400.0]}, "datetime": {"datetime": "2025-08-12 10:03:03", "elapsed": 63462.77267241478, "delta": 30.91070532798767}, "costs": {"total_cost": 1300.6639237852864, "time_cost": 150, "final_distance_cost": 47.07006832228128, "oscillation_cost": 422.9664557014041, "completition_cost": 555.5555555555555, "overshoot_cost": 63.20902891058813, "power_cost": 32.13545396728516, "noise_cost": 29.72736132817217, "n_waypoints_completed": 4, "tot_waypoints": 9}}
{"target": -1351.3813196449623, "params": {"k_pid_pos": [1.9632195234298706, 1.0, 0.9555121064186096], "k_pid_alt": [2.0, 1.0, 1.0], "k_pid_att": [6.494033336639404, 9.999999747378752e-05, 0.0], "k_pid_yaw": [0.5, 1e-06, 0.1], "k_pid_hsp": [9.186939239501953, 0.0, 0.0], "k_pid_vsp": [400.0, 398.05908203125, 400.0]}, "datetime": {"datetime": "2025-08-12 10:03:34", "elapsed": 63493.85394334793, "delta": 31.081270933151245}, "costs": {"total_cost": 1351.3813196449623, "time_cost": 150, "final_distance_cost": 43.96687172383494, "oscillation_cost": 471.47642439633444, "completition_cost": 555.5555555555555, "overshoot_cost": 67.96382657080486, "power_cost": 32.655248303222656, "noise_cost": 29.763393095209846, "n_waypoints_completed": 4, "tot_waypoints": 9}}
{"target": -1360.6125288690105, "params": {"k_pid_pos": [2.0, 1.0, 0.9819945096969604], "k_pid_alt": [2.0, 0.9996148943901062, 0.9954544305801392], "k_pid_att": [6.598475456237793, 0.47592177987098694, 0.0], "k_pid_yaw": [0.5, 1e-06, 0.1], "k_pid_hsp": [10.0, 0.03847706317901611, 0.0], "k_pid_vsp": [395.1936340332031, 400.0, 400.0]}, "datetime": {"datetime": "2025-08-12 10:04:01", "elapsed": 63521.341403245926, "delta": 27.487459897994995}, "costs": {"total_cost": 1360.6125288690105, "time_cost": 150, "final_distance_cost": 42.25826989612051, "oscillation_cost": 482.2182182663187, "completition_cost": 555.5555555555555, "overshoot_cost": 67.38662193632413, "power_cost": 33.280766723632816, "noise_cost": 29.913096491058706, "n_waypoints_completed": 4, "tot_waypoints": 9}}
{"target": -4826.559983933532, "params": {"k_pid_pos": [1.9792689085006714, 0.9687461853027344, 1.0], "k_pid_alt": [2.0, 1.0, 0.9747698307037354], "k_pid_att": [0.0, 9.999999747378752e-05, 0.03135219216346741], "k_pid_yaw": [0.5, 1e-06, 0.1], "k_pid_hsp": [9.697464942932129, 0.0, 0.0], "k_pid_vsp": [395.9852600097656, 400.0, 400.0]}, "datetime": {"datetime": "2025-08-12 10:04:31", "elapsed": 63550.39470076561, "delta": 29.053297519683838}, "costs": {"total_cost": 4826.559983933532, "time_cost": 150, "final_distance_cost": 1118.758957271611, "oscillation_cost": 5.691886543361603, "completition_cost": 1000.0, "overshoot_cost": 2439.2892601299686, "power_cost": 30.81044267578125, "noise_cost": 82.00943731280964, "n_waypoints_completed": 0, "tot_waypoints": 9}}
{"target": -8095.732447163238, "params": {"k_pid_pos": [1.8273210525512695, 1.0, 1.0], "k_pid_alt": [2.0, 0.9966527223587036, 1.0], "k_pid_att": [0.0, 9.999999747378752e-05, 0.0], "k_pid_yaw": [0.5, 1e-06, 0.1], "k_pid_hsp": [9.918246269226074, 0.0, 0.02309316396713257], "k_pid_vsp": [398.5648193359375, 400.0, 376.4496765136719]}, "datetime": {"datetime": "2025-08-12 10:05:00", "elapsed": 63579.47689938545, "delta": 29.08219861984253}, "costs": {"total_cost": 8095.732447163238, "time_cost": 150, "final_distance_cost": 1167.1016578602332, "oscillation_cost": 15.131430417369739, "completition_cost": 1000.0, "overshoot_cost": 5635.367060025858, "power_cost": 45.56471864013672, "noise_cost": 82.56758021963992, "n_waypoints_completed": 0, "tot_waypoints": 9}}
{"target": -5239.460239890767, "params": {"k_pid_pos": [1.971791386604309, 0.9525666236877441, 0.9722479581832886], "k_pid_alt": [2.0, 1.0, 0.876639723777771], "k_pid_att": [0.0, 0.04209582135081291, 0.0], "k_pid_yaw": [0.5, 1e-06, 0.1], "k_pid_hsp": [10.0, 0.051196128129959106, 0.0], "k_pid_vsp": [400.0, 400.0, 400.0]}, "datetime": {"datetime": "2025-08-12 10:05:31", "elapsed": 63610.679982185364, "delta": 31.2030827999115}, "costs": {"total_cost": 5239.460239890767, "time_cost": 150, "final_distance_cost": 751.2210221176186, "oscillation_cost": 462.6347900506547, "completition_cost": 1000.0, "overshoot_cost": 2658.763536665181, "power_cost": 57.068012707519536, "noise_cost": 159.77287834979302, "n_waypoints_completed": 0, "tot_waypoints": 9}}
{"target": -1322.646206251656, "params": {"k_pid_pos": [1.9922075271606445, 0.9652397632598877, 0.9699397683143616], "k_pid_alt": [1.915339708328247, 1.0, 1.0], "k_pid_att": [1.9892960786819458, 9.999999747378752e-05, 0.0], "k_pid_yaw": [0.5, 1e-06, 0.1], "k_pid_hsp": [10.0, 0.0, 0.06011661887168884], "k_pid_vsp": [386.5254821777344, 400.0, 395.08160400390625]}, "datetime": {"datetime": "2025-08-12 10:05:59", "elapsed": 63638.44930434227, "delta": 27.769322156906128}, "costs": {"total_cost": 1322.646206251656, "time_cost": 150, "final_distance_cost": 51.410079959124545, "oscillation_cost": 317.7428249618619, "completition_cost": 666.6666666666667, "overshoot_cost": 75.61933367629666, "power_cost": 32.63324499511719, "noise_cost": 28.57405599258901, "n_waypoints_completed": 3, "tot_waypoints": 9}}
{"target": -1605.2295966430793, "params": {"k_pid_pos": [2.0, 0.9742422699928284, 0.9893215894699097], "k_pid_alt": [2.0, 1.0, 0.9091593027114868], "k_pid_att": [1.4551758766174316, 0.14619697630405426, 0.032342612743377686], "k_pid_yaw": [0.5, 1e-06, 0.1], "k_pid_hsp": [9.455632209777832, 0.028526663780212402, 0.011774241924285889], "k_pid_vsp": [392.9391174316406, 378.1707763671875, 369.2936096191406]}, "datetime": {"datetime": "2025-08-12 10:06:28", "elapsed": 63667.7975692749, "delta": 29.348264932632446}, "costs": {"total_cost": 1605.2295966430793, "time_cost": 150, "final_distance_cost": 14.820864309437258, "oscillation_cost": 264.6639130064777, "completition_cost": 1000.0, "overshoot_cost": 119.52547788551605, "power_cost": 30.333392346191406, "noise_cost": 25.88594909545697, "n_waypoints_completed": 0, "tot_waypoints": 9}}
{"target": -1727.3383780257823, "params": {"k_pid_pos": [1.9857981204986572, 1.0, 1.0], "k_pid_alt": [2.0, 0.9667682647705078, 1.0], "k_pid_att": [2.393916130065918, 9.999999747378752e-05, 0.0], "k_pid_yaw": [0.5, 1e-06, 0.1], "k_pid_hsp": [9.887743949890137, 0.01874902844429016, 0.0027874410152435303], "k_pid_vsp": [366.5096435546875, 384.79510498046875, 400.0]}, "datetime": {"datetime": "2025-08-12 10:06:57", "elapsed": 63696.73194813728, "delta": 28.93437886238098}, "costs": {"total_cost": 1727.3383780257823, "time_cost": 150, "final_distance_cost": 19.913907554330958, "oscillation_cost": 379.21709885419347, "completition_cost": 1000.0, "overshoot_cost": 120.65602169868191, "power_cost": 31.07574626464844, "noise_cost": 26.47560365392735, "n_waypoints_completed": 0, "tot_waypoints": 9}}
{"target": -4674.955905133741, "params": {"k_pid_pos": [1.9678891897201538, 1.0, 1.0], "k_pid_alt": [2.0, 1.0, 1.0], "k_pid_att": [0.0, 0.6862549781799316, 0.048309504985809326], "k_pid_yaw": [0.5, 1e-06, 0.1], "k_pid_hsp": [9.973373413085938, 0.0, 0.03698772192001343], "k_pid_vsp": [400.0, 393.8678283691406, 388.9593200683594]}, "datetime": {"datetime": "2025-08-12 10:07:26", "elapsed": 63725.695937633514, "delta": 28.96398949623108}, "costs": {"total_cost": 4674.955905133741, "time_cost": 150, "final_distance_cost": 327.00565639899145, "oscillation_cost": 1949.3448792179845, "completition_cost": 1000.0, "overshoot_cost": 1019.6782719300302, "power_cost": 56.8837363647461, "noise_cost": 172.0433612219884, "n_waypoints_completed": 0, "tot_waypoints": 9}}
{"target": -1148.2386338908088, "params": {"k_pid_pos": [2.0, 0.9901738166809082, 1.0], "k_pid_alt": [2.0, 0.9707229137420654, 1.0], "k_pid_att": [8.94002914428711, 9.999999747378752e-05, 0.00746387243270874], "k_pid_yaw": [0.5, 1e-06, 0.1], "k_pid_hsp": [10.0, 0.0, 0.030713915824890137], "k_pid_vsp": [367.953369140625, 387.54296875, 391.2494201660156]}, "datetime": {"datetime": "2025-08-12 10:07:54", "elapsed": 63753.887655973434, "delta": 28.191718339920044}, "costs": {"total_cost": 1148.2386338908088, "time_cost": 150, "final_distance_cost": 63.71605189415, "oscillation_cost": 471.0436368110576, "completition_cost": 333.33333333333337, "overshoot_cost": 66.8286181884677, "power_cost": 33.00852086181641, "noise_cost": 30.308472801983953, "n_waypoints_completed": 6, "tot_waypoints": 9}}
{"target": -4485.899871427506, "params": {"k_pid_pos": [2.0, 0.9332706928253174, 0.9454615116119385], "k_pid_alt": [2.0, 1.0, 0.9581495523452759], "k_pid_att": [0.0, 0.08119458705186844, 0.0], "k_pid_yaw": [0.5, 1e-06, 0.1], "k_pid_hsp": [10.0, 0.0, 0.03634285926818848], "k_pid_vsp": [379.8123779296875, 400.0, 371.8226013183594]}, "datetime": {"datetime": "2025-08-12 10:08:26", "elapsed": 63786.34276628494, "delta": 32.45511031150818}, "costs": {"total_cost": 4485.899871427506, "time_cost": 150, "final_distance_cost": 509.9511438519234, "oscillation_cost": 642.8793739440212, "completition_cost": 1000.0, "overshoot_cost": 1960.8617821915893, "power_cost": 57.65832027587891, "noise_cost": 164.5492511640924, "n_waypoints_completed": 0, "tot_waypoints": 9}}
{"target": -8556.352847321174, "params": {"k_pid_pos": [1.9733597040176392, 1.0, 1.0], "k_pid_alt": [1.8584377765655518, 1.0, 0.9849362373352051], "k_pid_att": [0.0, 9.999999747378752e-05, 0.012588024139404297], "k_pid_yaw": [0.5, 1e-06, 0.1], "k_pid_hsp": [10.0, 0.04290962219238281, 0.001910775899887085], "k_pid_vsp": [400.0, 400.0, 400.0]}, "datetime": {"datetime": "2025-08-12 10:08:56", "elapsed": 63815.8447868824, "delta": 29.502020597457886}, "costs": {"total_cost": 8556.352847321174, "time_cost": 150, "final_distance_cost": 2482.387517761135, "oscillation_cost": 8.951598583324445, "completition_cost": 1000.0, "overshoot_cost": 4809.077212287454, "power_cost": 38.539112890625, "noise_cost": 67.39740579863607, "n_waypoints_completed": 0, "tot_waypoints": 9}}
{"target": -4297.573344582499, "params": {"k_pid_pos": [1.9766614437103271, 0.989213228225708, 0.9446203112602234], "k_pid_alt": [2.0, 0.9445098638534546, 1.0], "k_pid_att": [0.0, 0.3091660439968109, 0.0], "k_pid_yaw": [0.5, 1e-06, 0.1], "k_pid_hsp": [9.73859691619873, 0.0, 0.0], "k_pid_vsp": [400.0, 400.0, 400.0]}, "datetime": {"datetime": "2025-08-12 10:09:24", "elapsed": 63843.79421830177, "delta": 27.94943141937256}, "costs": {"total_cost": 4297.573344582499, "time_cost": 150, "final_distance_cost": 418.18031700113545, "oscillation_cost": 1440.3937526948828, "completition_cost": 1000.0, "overshoot_cost": 1062.852012924111, "power_cost": 56.39626046142578, "noise_cost": 169.7510015009441, "n_waypoints_completed": 0, "tot_waypoints": 9}}
{"target": -8179.572431765275, "params": {"k_pid_pos": [2.0, 1.0, 0.9763650894165039], "k_pid_alt": [1.945751428604126, 1.0, 1.0], "k_pid_att": [0.0, 9.999999747378752e-05, 0.0], "k_pid_yaw": [0.5, 1e-06, 0.1], "k_pid_hsp": [9.67070198059082, 0.07135957479476929, 0.0], "k_pid_vsp": [400.0, 400.0, 400.0]}, "datetime": {"datetime": "2025-08-12 10:09:51", "elapsed": 63871.08076405525, "delta": 27.286545753479004}, "costs": {"total_cost": 8179.572431765275, "time_cost": 150, "final_distance_cost": 964.2287351344455, "oscillation_cost": 14.796134795595222, "completition_cost": 1000.0, "overshoot_cost": 5913.478302439766, "power_cost": 44.38084565429688, "noise_cost": 92.68841374117157, "n_waypoints_completed": 0, "tot_waypoints": 9}}
{"target": -4392.619702609104, "params": {"k_pid_pos": [1.7960131168365479, 1.0, 1.0], "k_pid_alt": [1.9030940532684326, 1.0, 1.0], "k_pid_att": [0.0, 0.335666298866272, 0.0], "k_pid_yaw": [0.5, 1e-06, 0.1], "k_pid_hsp": [9.456890106201172, 0.0, 0.0035599172115325928], "k_pid_vsp": [389.44989013671875, 400.0, 389.6368103027344]}, "datetime": {"datetime": "2025-08-12 10:10:20", "elapsed": 63900.31432342529, "delta": 29.233559370040894}, "costs": {"total_cost": 4392.619702609104, "time_cost": 150, "final_distance_cost": 468.2543630328894, "oscillation_cost": 1553.1460359295486, "completition_cost": 1000.0, "overshoot_cost": 992.2196891229373, "power_cost": 57.05451147460938, "noise_cost": 171.94510304911893, "n_waypoints_completed": 0, "tot_waypoints": 9}}
{"target": -3689.5025647614734, "params": {"k_pid_pos": [2.0, 0.9949066638946533, 0.9350811839103699], "k_pid_alt": [2.0, 1.0, 1.0], "k_pid_att": [0.0, 0.10502219945192337, 0.0582159161567688], "k_pid_yaw": [0.5, 1e-06, 0.1], "k_pid_hsp": [10.0, 0.0, 0.0], "k_pid_vsp": [400.0, 392.8042297363281, 400.0]}, "datetime": {"datetime": "2025-08-12 10:10:48", "elapsed": 63928.1467666626, "delta": 27.832443237304688}, "costs": {"total_cost": 3689.5025647614734, "time_cost": 150, "final_distance_cost": 469.6548739394082, "oscillation_cost": 566.20885354847, "completition_cost": 1000.0, "overshoot_cost": 1284.4291018971476, "power_cost": 56.809236340332035, "noise_cost": 162.40049903611538, "n_waypoints_completed": 0, "tot_waypoints": 9}}
{"target": -8053.288948887495, "params": {"k_pid_pos": [1.8570553064346313, 1.0, 0.9895161390304565], "k_pid_alt": [2.0, 0.965412974357605, 1.0], "k_pid_att": [0.0, 9.999999747378752e-05, 0.012874305248260498], "k_pid_yaw": [0.5, 1e-06, 0.1], "k_pid_hsp": [10.0, 0.043626219034194946, 0.0], "k_pid_vsp": [400.0, 400.0, 377.08819580078125]}, "datetime": {"datetime": "2025-08-12 10:11:17", "elapsed": 63956.50812411308, "delta": 28.36135745048523}, "costs": {"total_cost": 8053.288948887495, "time_cost": 150, "final_distance_cost": 2158.0756571576617, "oscillation_cost": 9.108115555803819, "completition_cost": 1000.0, "overshoot_cost": 4636.074805805191, "power_cost": 38.770974731445314, "noise_cost": 61.25939563739277, "n_waypoints_completed": 0, "tot_waypoints": 9}}
{"target": -9554.451142440237, "params": {"k_pid_pos": [1.7861205339431763, 0.9379545450210571, 0.92158043384552], "k_pid_alt": [1.8395161628723145, 1.0, 1.0], "k_pid_att": [0.0, 9.999999747378752e-05, 0.0], "k_pid_yaw": [0.5, 1e-06, 0.1], "k_pid_hsp": [9.769933700561523, 0.032676488161087036, 0.07525375485420227], "k_pid_vsp": [384.8247375488281, 357.1032409667969, 400.0]}, "datetime": {"datetime": "2025-08-12 10:11:46", "elapsed": 63985.44319868088, "delta": 28.9350745677948}, "costs": {"total_cost": 9554.451142440237, "time_cost": 150, "final_distance_cost": 736.4698709119905, "oscillation_cost": 14.521423456481482, "completition_cost": 1000.0, "overshoot_cost": 7505.2667375231185, "power_cost": 46.20251226806641, "noise_cost": 101.99059828058154, "n_waypoints_completed": 0, "tot_waypoints": 9}}
{"target": -8142.037947994613, "params": {"k_pid_pos": [2.0, 0.956405520439148, 0.9974315166473389], "k_pid_alt": [1.8995087146759033, 1.0, 1.0], "k_pid_att": [0.0, 9.999999747378752e-05, 0.0], "k_pid_yaw": [0.5, 1e-06, 0.1], "k_pid_hsp": [10.0, 0.010941863059997559, 0.0], "k_pid_vsp": [398.2314453125, 400.0, 386.66015625]}, "datetime": {"datetime": "2025-08-12 10:12:14", "elapsed": 64014.01022529602, "delta": 28.567026615142822}, "costs": {"total_cost": 8142.037947994613, "time_cost": 150, "final_distance_cost": 1148.0244441072327, "oscillation_cost": 15.011250668435457, "completition_cost": 1000.0, "overshoot_cost": 5696.020165748321, "power_cost": 45.078246813964846, "noise_cost": 87.90384065665859, "n_waypoints_completed": 0, "tot_waypoints": 9}}
{"target": -8094.090572564716, "params": {"k_pid_pos": [1.9547427892684937, 0.9760698080062866, 0.9350072145462036], "k_pid_alt": [1.868358850479126, 1.0, 1.0], "k_pid_att": [0.0, 9.999999747378752e-05, 0.0], "k_pid_yaw": [0.5, 1e-06, 0.1], "k_pid_hsp": [10.0, 0.07863715291023254, 0.0], "k_pid_vsp": [400.0, 372.6609802246094, 385.6773681640625]}, "datetime": {"datetime": "2025-08-12 10:12:43", "elapsed": 64042.44655704498, "delta": 28.436331748962402}, "costs": {"total_cost": 8094.090572564716, "time_cost": 150, "final_distance_cost": 1006.5347593484897, "oscillation_cost": 14.90887894858464, "completition_cost": 1000.0, "overshoot_cost": 5788.129389575819, "power_cost": 44.52205406494141, "noise_cost": 89.99549062688168, "n_waypoints_completed": 0, "tot_waypoints": 9}}
{"target": -1502.3998831248227, "params": {"k_pid_pos": [1.850174069404602, 0.9756348133087158, 1.0], "k_pid_alt": [1.9745612144470215, 0.9988129138946533, 1.0], "k_pid_att": [6.491461277008057, 9.999999747378752e-05, 0.007499605417251587], "k_pid_yaw": [0.5, 1e-06, 0.1], "k_pid_hsp": [10.0, 0.0, 0.0], "k_pid_vsp": [400.0, 395.92022705078125, 400.0]}, "datetime": {"datetime": "2025-08-12 10:13:10", "elapsed": 64069.48868775368, "delta": 27.042130708694458}, "costs": {"total_cost": 1502.3998831248227, "time_cost": 150, "final_distance_cost": 62.57721378122247, "oscillation_cost": 484.34826052128915, "completition_cost": 666.6666666666667, "overshoot_cost": 80.08250530858558, "power_cost": 30.908769543457034, "noise_cost": 27.816467303601932, "n_waypoints_completed": 3, "tot_waypoints": 9}}
{"target": -6349.549676264892, "params": {"k_pid_pos": [1.9382137060165405, 0.9359773397445679, 1.0], "k_pid_alt": [1.9945197105407715, 0.9811661839485168, 1.0], "k_pid_att": [0.0, 0.10451675951480865, 0.046188533306121826], "k_pid_yaw": [0.5, 1e-06, 0.1], "k_pid_hsp": [10.0, 0.0, 0.0], "k_pid_vsp": [400.0, 400.0, 362.5516357421875]}, "datetime": {"datetime": "2025-08-12 10:13:37", "elapsed": 64096.51177239418, "delta": 27.02308464050293}, "costs": {"total_cost": 6349.549676264892, "time_cost": 150, "final_distance_cost": 1175.13069516551, "oscillation_cost": 670.9338426707974, "completition_cost": 1000.0, "overshoot_cost": 3131.465031344471, "power_cost": 57.57450344238281, "noise_cost": 164.44560364173051, "n_waypoints_completed": 0, "tot_waypoints": 9}}
