{"target": -1661.1394581537947, "params": {"k_pid_pos": [1.8253601789474487, 1.0, 0.9491236209869385], "k_pid_alt": [2.0, 0.9680805206298828, 0.9605118036270142], "k_pid_att": [1.0959535837173462, 0.08651752769947052, 0.03227853775024414], "k_pid_yaw": [0.5, 1e-06, 0.1], "k_pid_hsp": [10.0, 0.0, 0.08061712980270386], "k_pid_vsp": [375.567138671875, 400.0, 388.7696838378906]}, "datetime": {"datetime": "2025-08-12 13:36:03", "elapsed": 76242.52474570274, "delta": 27.65051507949829}, "costs": {"total_cost": 1661.1394581537947, "time_cost": 150, "final_distance_cost": 1.0008183571401015, "oscillation_cost": 234.0476872560422, "completition_cost": 1000.0, "overshoot_cost": 155.391059108976, "power_cost": 29.44150935058594, "noise_cost": 91.2583840810506, "n_waypoints_completed": 0, "tot_waypoints": 9}}
{"target": -1087.0792761895786, "params": {"k_pid_pos": [1.8614072799682617, 0.9863198399543762, 0.8991976380348206], "k_pid_alt": [2.0, 0.9584121704101562, 1.0], "k_pid_att": [0.0992894172668457, 9.999999747378752e-05, 0.0], "k_pid_yaw": [0.5, 1e-06, 0.1], "k_pid_hsp": [9.844592094421387, 0.0, 0.0], "k_pid_vsp": [400.0, 382.0741271972656, 400.0]}, "datetime": {"datetime": "2025-08-12 13:36:31", "elapsed": 76270.47196602821, "delta": 27.94722032546997}, "costs": {"total_cost": 1087.0792761895786, "time_cost": 150, "final_distance_cost": 52.02920558469436, "oscillation_cost": 60.44952223778695, "completition_cost": 666.6666666666667, "overshoot_cost": 93.25327932945449, "power_cost": 33.746356591796875, "noise_cost": 30.93424577917929, "n_waypoints_completed": 3, "tot_waypoints": 9}}
{"target": -1149.520285890944, "params": {"k_pid_pos": [2.0, 1.0, 0.9995533227920532], "k_pid_alt": [2.0, 1.0, 0.9298386573791504], "k_pid_att": [8.438962936401367, 9.999999747378752e-05, 0.004837006330490112], "k_pid_yaw": [0.5, 1e-06, 0.1], "k_pid_hsp": [8.806556701660156, 0.0, 0.04458439350128174], "k_pid_vsp": [400.0, 400.0, 400.0]}, "datetime": {"datetime": "2025-08-12 13:36:59", "elapsed": 76298.84840345383, "delta": 28.376437425613403}, "costs": {"total_cost": 1149.520285890944, "time_cost": 150, "final_distance_cost": 65.47029889312726, "oscillation_cost": 473.1058335736967, "completition_cost": 333.33333333333337, "overshoot_cost": 64.33068552443291, "power_cost": 33.08605401611328, "noise_cost": 30.194080550240734, "n_waypoints_completed": 6, "tot_waypoints": 9}}
{"target": -3408.6594372893296, "params": {"k_pid_pos": [2.0, 1.0, 0.9445415139198303], "k_pid_alt": [1.8608739376068115, 0.988308846950531, 0.9759882688522339], "k_pid_att": [0.0, 9.999999747378752e-05, 0.07974082231521606], "k_pid_yaw": [0.5, 1e-06, 0.1], "k_pid_hsp": [10.0, 0.0, 0.01874023675918579], "k_pid_vsp": [371.7159118652344, 400.0, 400.0]}, "datetime": {"datetime": "2025-08-12 13:37:27", "elapsed": 76327.09374284744, "delta": 28.245339393615723}, "costs": {"total_cost": 3408.6594372893296, "time_cost": 150, "final_distance_cost": 431.2296946619543, "oscillation_cost": 3.396697940949842, "completition_cost": 1000.0, "overshoot_cost": 1680.8803200756552, "power_cost": 29.221185083007814, "noise_cost": 113.93153952776285, "n_waypoints_completed": 0, "tot_waypoints": 9}}
{"target": -1100.1226845708445, "params": {"k_pid_pos": [1.9448615312576294, 1.0, 0.9762082695960999], "k_pid_alt": [2.0, 1.0, 0.9551453590393066], "k_pid_att": [5.127018928527832, 0.3132626414299011, 0.0], "k_pid_yaw": [0.5, 1e-06, 0.1], "k_pid_hsp": [10.0, 0.0, 0.014183580875396729], "k_pid_vsp": [400.0, 368.21881103515625, 381.5564880371094]}, "datetime": {"datetime": "2025-08-12 13:37:55", "elapsed": 76355.0604338646, "delta": 27.96669101715088}, "costs": {"total_cost": 1100.1226845708445, "time_cost": 150, "final_distance_cost": 62.981808091273, "oscillation_cost": 424.694533696329, "completition_cost": 333.33333333333337, "overshoot_cost": 67.1286871326074, "power_cost": 32.35345383300781, "noise_cost": 29.630868484294055, "n_waypoints_completed": 6, "tot_waypoints": 9}}
{"target": -8059.912899929735, "params": {"k_pid_pos": [2.0, 1.0, 1.0], "k_pid_alt": [1.9486415386199951, 1.0, 0.9869785308837891], "k_pid_att": [0.0, 9.999999747378752e-05, 0.0], "k_pid_yaw": [0.5, 1e-06, 0.1], "k_pid_hsp": [9.637089729309082, 0.05812704563140869, 0.0], "k_pid_vsp": [397.602783203125, 400.0, 393.4911193847656]}, "datetime": {"datetime": "2025-08-12 13:38:26", "elapsed": 76385.61712861061, "delta": 30.556694746017456}, "costs": {"total_cost": 8059.912899929735, "time_cost": 150, "final_distance_cost": 986.7991841130005, "oscillation_cost": 14.87994557763963, "completition_cost": 1000.0, "overshoot_cost": 5773.670730609863, "power_cost": 44.36827332763672, "noise_cost": 90.19476630159504, "n_waypoints_completed": 0, "tot_waypoints": 9}}
{"target": -8263.49085513623, "params": {"k_pid_pos": [2.0, 1.0, 0.9985092878341675], "k_pid_alt": [1.9143180847167969, 1.0, 0.9375045299530029], "k_pid_att": [0.0, 9.999999747378752e-05, 0.0], "k_pid_yaw": [0.5, 1e-06, 0.1], "k_pid_hsp": [9.234586715698242, 0.024356365203857422, 0.0], "k_pid_vsp": [385.7307434082031, 400.0, 391.8898010253906]}, "datetime": {"datetime": "2025-08-12 13:38:54", "elapsed": 76414.04630994797, "delta": 28.429181337356567}, "costs": {"total_cost": 8263.49085513623, "time_cost": 150, "final_distance_cost": 956.6925589727628, "oscillation_cost": 14.805774729573887, "completition_cost": 1000.0, "overshoot_cost": 6003.238579694288, "power_cost": 44.568613122558595, "noise_cost": 94.18532861704615, "n_waypoints_completed": 0, "tot_waypoints": 9}}
{"target": -802.405403717684, "params": {"k_pid_pos": [2.0, 1.0, 1.0], "k_pid_alt": [1.974727749824524, 1.0, 0.9812302589416504], "k_pid_att": [7.971909523010254, 9.999999747378752e-05, 0.15583601593971252], "k_pid_yaw": [0.5, 1e-06, 0.1], "k_pid_hsp": [10.0, 0.0369112491607666, 0.007526904344558716], "k_pid_vsp": [400.0, 399.1921081542969, 400.0]}, "datetime": {"datetime": "2025-08-12 13:39:22", "elapsed": 76441.53164196014, "delta": 27.485332012176514}, "costs": {"total_cost": 802.405403717684, "time_cost": 150, "final_distance_cost": 52.057375526508636, "oscillation_cost": 145.1585318134369, "completition_cost": 333.33333333333337, "overshoot_cost": 61.23393051900493, "power_cost": 30.940718847656253, "noise_cost": 29.68151367774382, "n_waypoints_completed": 6, "tot_waypoints": 9}}
{"target": -3829.458273156157, "params": {"k_pid_pos": [1.985533356666565, 0.9623825550079346, 1.0], "k_pid_alt": [2.0, 1.0, 0.9540295600891113], "k_pid_att": [0.0, 9.999999747378752e-05, 0.0520910918712616], "k_pid_yaw": [0.5, 1e-06, 0.1], "k_pid_hsp": [10.0, 0.0, 0.0], "k_pid_vsp": [400.0, 400.0, 400.0]}, "datetime": {"datetime": "2025-08-12 13:39:50", "elapsed": 76469.75454926491, "delta": 28.222907304763794}, "costs": {"total_cost": 3829.458273156157, "time_cost": 150, "final_distance_cost": 354.9967062691213, "oscillation_cost": 3.9737302074739196, "completition_cost": 1000.0, "overshoot_cost": 2192.8782545783547, "power_cost": 29.711087475585938, "noise_cost": 97.89849462562081, "n_waypoints_completed": 0, "tot_waypoints": 9}}
{"target": -1518.8178785763312, "params": {"k_pid_pos": [2.0, 0.9221707582473755, 0.9418381452560425], "k_pid_alt": [1.8986953496932983, 1.0, 0.966285228729248], "k_pid_att": [1.8309414386749268, 9.999999747378752e-05, 0.07045984268188477], "k_pid_yaw": [0.5, 1e-06, 0.1], "k_pid_hsp": [10.0, 0.03384938836097717, 0.0], "k_pid_vsp": [399.2908020019531, 400.0, 400.0]}, "datetime": {"datetime": "2025-08-12 13:40:19", "elapsed": 76498.807107687, "delta": 29.052558422088623}, "costs": {"total_cost": 1518.8178785763312, "time_cost": 150, "final_distance_cost": 0.99834326593719, "oscillation_cost": 80.38067737918566, "completition_cost": 1000.0, "overshoot_cost": 158.35776018532025, "power_cost": 29.24324989013672, "noise_cost": 99.83784785575132, "n_waypoints_completed": 0, "tot_waypoints": 9}}
{"target": -5357.3584161661565, "params": {"k_pid_pos": [2.0, 1.0, 1.0], "k_pid_alt": [2.0, 1.0, 0.982479453086853], "k_pid_att": [0.0, 0.07110213488340378, 0.047920674085617065], "k_pid_yaw": [0.5, 1e-06, 0.1], "k_pid_hsp": [9.695784568786621, 0.0, 0.015858203172683716], "k_pid_vsp": [400.0, 400.0, 378.2991943359375]}, "datetime": {"datetime": "2025-08-12 13:40:47", "elapsed": 76526.79906272888, "delta": 27.991955041885376}, "costs": {"total_cost": 5357.3584161661565, "time_cost": 150, "final_distance_cost": 836.4445382133613, "oscillation_cost": 588.2911892019896, "completition_cost": 1000.0, "overshoot_cost": 2566.097593724167, "power_cost": 56.822588903808594, "noise_cost": 159.70250612282953, "n_waypoints_completed": 0, "tot_waypoints": 9}}
{"target": -1667.1762302948569, "params": {"k_pid_pos": [2.0, 1.0, 1.0], "k_pid_alt": [2.0, 1.0, 1.0], "k_pid_att": [1.8953531980514526, 0.9081441164016724, 0.05029970407485962], "k_pid_yaw": [0.5, 1e-06, 0.1], "k_pid_hsp": [9.928677558898926, 0.040628641843795776, 0.019786685705184937], "k_pid_vsp": [387.794677734375, 393.1723937988281, 373.929931640625]}, "datetime": {"datetime": "2025-08-12 13:41:15", "elapsed": 76554.90325951576, "delta": 28.104196786880493}, "costs": {"total_cost": 1667.1762302948569, "time_cost": 150, "final_distance_cost": 0.9991415536163728, "oscillation_cost": 235.80245594809787, "completition_cost": 1000.0, "overshoot_cost": 157.01930812685325, "power_cost": 29.32343787841797, "noise_cost": 94.03188678787133, "n_waypoints_completed": 0, "tot_waypoints": 9}}
{"target": -4601.374402100291, "params": {"k_pid_pos": [1.9849622249603271, 0.9574226140975952, 0.9924156665802002], "k_pid_alt": [1.9784642457962036, 0.9754160642623901, 1.0], "k_pid_att": [0.0, 0.7119624614715576, 0.015254169702529907], "k_pid_yaw": [0.5, 1e-06, 0.1], "k_pid_hsp": [9.784392356872559, 0.07723367214202881, 0.0], "k_pid_vsp": [384.3564147949219, 381.26702880859375, 400.0]}, "datetime": {"datetime": "2025-08-12 13:41:44", "elapsed": 76583.68282485008, "delta": 28.77956533432007}, "costs": {"total_cost": 4601.374402100291, "time_cost": 150, "final_distance_cost": 233.9546427536553, "oscillation_cost": 2215.7458954068557, "completition_cost": 1000.0, "overshoot_cost": 768.2547598645868, "power_cost": 57.702635632324224, "noise_cost": 175.71646844287028, "n_waypoints_completed": 0, "tot_waypoints": 9}}
{"target": -1374.621030816785, "params": {"k_pid_pos": [2.0, 1.0, 1.0], "k_pid_alt": [2.0, 1.0, 0.983328104019165], "k_pid_att": [6.579575061798096, 0.0009147873497568071, 0.0], "k_pid_yaw": [0.5, 1e-06, 0.1], "k_pid_hsp": [10.0, 0.03265228867530823, 0.0], "k_pid_vsp": [397.66351318359375, 400.0, 400.0]}, "datetime": {"datetime": "2025-08-12 13:42:13", "elapsed": 76613.15718269348, "delta": 29.474357843399048}, "costs": {"total_cost": 1374.621030816785, "time_cost": 150, "final_distance_cost": 51.920757706216996, "oscillation_cost": 483.5522029783899, "completition_cost": 555.5555555555555, "overshoot_cost": 70.90141869108598, "power_cost": 32.8473400390625, "noise_cost": 29.843755846473908, "n_waypoints_completed": 4, "tot_waypoints": 9}}
{"target": -8781.434538034648, "params": {"k_pid_pos": [1.9611215591430664, 0.99541175365448, 0.941849946975708], "k_pid_alt": [2.0, 0.9842699766159058, 0.9295209050178528], "k_pid_att": [0.0, 0.557738184928894, 0.02897655963897705], "k_pid_yaw": [0.5, 1e-06, 0.1], "k_pid_hsp": [9.511058807373047, 0.0, 0.08045601844787598], "k_pid_vsp": [357.7879943847656, 400.0, 367.5706481933594]}, "datetime": {"datetime": "2025-08-12 13:42:41", "elapsed": 76640.42328906059, "delta": 27.266106367111206}, "costs": {"total_cost": 8781.434538034648, "time_cost": 150, "final_distance_cost": 1971.9577233895945, "oscillation_cost": 1995.3033082296272, "completition_cost": 1000.0, "overshoot_cost": 3432.8601026666297, "power_cost": 57.70430274658204, "noise_cost": 173.60910100221432, "n_waypoints_completed": 0, "tot_waypoints": 9}}
{"target": -839.2588158938901, "params": {"k_pid_pos": [1.999385118484497, 1.0, 0.9760414361953735], "k_pid_alt": [1.9428136348724365, 0.9963193535804749, 1.0], "k_pid_att": [13.730740547180176, 0.3548772931098938, 0.036798715591430664], "k_pid_yaw": [0.5, 1e-06, 0.1], "k_pid_hsp": [9.165815353393555, 0.0, 0.0], "k_pid_vsp": [389.8474426269531, 385.5265808105469, 399.09814453125]}, "datetime": {"datetime": "2025-08-12 13:43:11", "elapsed": 76670.81819915771, "delta": 30.394910097122192}, "costs": {"total_cost": 839.2588158938901, "time_cost": 150, "final_distance_cost": 65.38634873272322, "oscillation_cost": 386.6254622946589, "completition_cost": 111.11111111111116, "overshoot_cost": 65.24129630233972, "power_cost": 32.032644567871095, "noise_cost": 28.86195288518598, "n_waypoints_completed": 8, "tot_waypoints": 9}}
{"target": -4028.442211545221, "params": {"k_pid_pos": [1.94953453540802, 0.889470100402832, 0.967863142490387], "k_pid_alt": [2.0, 0.9971799254417419, 0.9691811203956604], "k_pid_att": [0.0, 0.2036186158657074, 0.0], "k_pid_yaw": [0.5, 1e-06, 0.1], "k_pid_hsp": [10.0, 0.02051207423210144, 0.0], "k_pid_vsp": [400.0, 400.0, 373.03253173828125]}, "datetime": {"datetime": "2025-08-12 13:43:52", "elapsed": 76711.95909619331, "delta": 41.140897035598755}, "costs": {"total_cost": 4028.442211545221, "time_cost": 150, "final_distance_cost": 369.50352137556314, "oscillation_cost": 1093.5196787659038, "completition_cost": 1000.0, "overshoot_cost": 1187.4576844144508, "power_cost": 58.141905407714845, "noise_cost": 169.8194215815884, "n_waypoints_completed": 0, "tot_waypoints": 9}}
{"target": -1216.182828232091, "params": {"k_pid_pos": [2.0, 0.9464308023452759, 0.9589123725891113], "k_pid_alt": [1.8866524696350098, 1.0, 0.9925758838653564], "k_pid_att": [0.18896162509918213, 9.999999747378752e-05, 0.02942243218421936], "k_pid_yaw": [0.5, 1e-06, 0.1], "k_pid_hsp": [10.0, 0.0, 0.0], "k_pid_vsp": [374.7188720703125, 400.0, 400.0]}, "datetime": {"datetime": "2025-08-12 13:44:20", "elapsed": 76740.01089811325, "delta": 28.051801919937134}, "costs": {"total_cost": 1216.182828232091, "time_cost": 150, "final_distance_cost": 95.79854707502045, "oscillation_cost": 54.63093042516199, "completition_cost": 777.7777777777778, "overshoot_cost": 75.95178201369454, "power_cost": 32.34335272216797, "noise_cost": 29.680438218268147, "n_waypoints_completed": 2, "tot_waypoints": 9}}
{"target": -1475.9583701769243, "params": {"k_pid_pos": [2.0, 0.967240571975708, 1.0], "k_pid_alt": [1.9742259979248047, 1.0, 0.9701391458511353], "k_pid_att": [0.9655177593231201, 9.999999747378752e-05, 0.0], "k_pid_yaw": [0.5, 1e-06, 0.1], "k_pid_hsp": [10.0, 0.07430505752563477, 0.014085114002227783], "k_pid_vsp": [400.0, 383.0238952636719, 400.0]}, "datetime": {"datetime": "2025-08-12 13:44:51", "elapsed": 76770.5188510418, "delta": 30.50795292854309}, "costs": {"total_cost": 1475.9583701769243, "time_cost": 150, "final_distance_cost": 69.86384355664138, "oscillation_cost": 248.09030880787918, "completition_cost": 888.8888888888888, "overshoot_cost": 60.469912678961144, "power_cost": 31.64234754638672, "noise_cost": 27.00306869816689, "n_waypoints_completed": 1, "tot_waypoints": 9}}
{"target": -4518.5045499658845, "params": {"k_pid_pos": [2.0, 0.9292068481445312, 0.9176609516143799], "k_pid_alt": [1.9656641483306885, 1.0, 0.9755200147628784], "k_pid_att": [0.0, 0.2918454110622406, 0.02570497989654541], "k_pid_yaw": [0.5, 1e-06, 0.1], "k_pid_hsp": [9.56583023071289, 0.03450176119804382, 0.009025216102600098], "k_pid_vsp": [400.0, 379.0810852050781, 400.0]}, "datetime": {"datetime": "2025-08-12 13:45:20", "elapsed": 76799.4593527317, "delta": 28.94050168991089}, "costs": {"total_cost": 4518.5045499658845, "time_cost": 150, "final_distance_cost": 263.79521100974836, "oscillation_cost": 1269.542713178065, "completition_cost": 1000.0, "overshoot_cost": 1607.4379384049807, "power_cost": 57.47281766357422, "noise_cost": 170.25586970951534, "n_waypoints_completed": 0, "tot_waypoints": 9}}
{"target": -5568.088827451511, "params": {"k_pid_pos": [1.9141203165054321, 1.0, 0.9523228406906128], "k_pid_alt": [2.0, 0.9636827111244202, 1.0], "k_pid_att": [0.0, 0.93822181224823, 0.0], "k_pid_yaw": [0.5, 1e-06, 0.1], "k_pid_hsp": [9.506974220275879, 0.001004934310913086, 0.0], "k_pid_vsp": [400.0, 381.6742858886719, 400.0]}, "datetime": {"datetime": "2025-08-12 13:45:49", "elapsed": 76828.82212853432, "delta": 29.362775802612305}, "costs": {"total_cost": 5568.088827451511, "time_cost": 150, "final_distance_cost": 688.2290686353227, "oscillation_cost": 2200.109773109494, "completition_cost": 1000.0, "overshoot_cost": 1297.0587419548185, "power_cost": 57.25361784667969, "noise_cost": 175.43762590519637, "n_waypoints_completed": 0, "tot_waypoints": 9}}
{"target": -8298.220780816448, "params": {"k_pid_pos": [2.0, 1.0, 1.0], "k_pid_alt": [2.0, 1.0, 0.9565781354904175], "k_pid_att": [0.0, 9.999999747378752e-05, 0.011275261640548706], "k_pid_yaw": [0.5, 1e-06, 0.1], "k_pid_hsp": [8.803324699401855, 0.027340799570083618, 0.0], "k_pid_vsp": [400.0, 379.10260009765625, 400.0]}, "datetime": {"datetime": "2025-08-12 13:46:19", "elapsed": 76858.60656952858, "delta": 29.784440994262695}, "costs": {"total_cost": 8298.220780816448, "time_cost": 150, "final_distance_cost": 2197.977614677311, "oscillation_cost": 9.480581254436403, "completition_cost": 1000.0, "overshoot_cost": 4836.142676167698, "power_cost": 40.06771704101563, "noise_cost": 64.55219167598636, "n_waypoints_completed": 0, "tot_waypoints": 9}}
{"target": -1522.6174098366016, "params": {"k_pid_pos": [2.0, 0.9661251902580261, 0.983421802520752], "k_pid_alt": [1.9835271835327148, 1.0, 1.0], "k_pid_att": [6.080231189727783, 9.999999747378752e-05, 0.0], "k_pid_yaw": [0.5, 1e-06, 0.1], "k_pid_hsp": [10.0, 0.01948907971382141, 0.0], "k_pid_vsp": [388.2151184082031, 357.58795166015625, 400.0]}, "datetime": {"datetime": "2025-08-12 13:46:49", "elapsed": 76888.77774906158, "delta": 30.17117953300476}, "costs": {"total_cost": 1522.6174098366016, "time_cost": 150, "final_distance_cost": 79.79661545397724, "oscillation_cost": 498.5834504074671, "completition_cost": 666.6666666666667, "overshoot_cost": 66.29671512120794, "power_cost": 32.73943868408203, "noise_cost": 28.534523503200642, "n_waypoints_completed": 3, "tot_waypoints": 9}}
{"target": -8036.640568212412, "params": {"k_pid_pos": [2.0, 1.0, 0.9953533411026001], "k_pid_alt": [1.9143669605255127, 1.0, 1.0], "k_pid_att": [0.0, 9.999999747378752e-05, 0.0], "k_pid_yaw": [0.5, 1e-06, 0.1], "k_pid_hsp": [8.883237838745117, 0.0, 0.0], "k_pid_vsp": [400.0, 400.0, 361.2358703613281]}, "datetime": {"datetime": "2025-08-12 13:47:19", "elapsed": 76918.40654015541, "delta": 29.628791093826294}, "costs": {"total_cost": 8036.640568212412, "time_cost": 150, "final_distance_cost": 1172.2415978143722, "oscillation_cost": 15.239945273477598, "completition_cost": 1000.0, "overshoot_cost": 5576.963793863138, "power_cost": 45.06633427734375, "noise_cost": 77.12889698408041, "n_waypoints_completed": 0, "tot_waypoints": 9}}
{"target": -5696.905124341449, "params": {"k_pid_pos": [2.0, 1.0, 0.9912004470825195], "k_pid_alt": [1.9311490058898926, 1.0, 0.9876885414123535], "k_pid_att": [0.0, 0.03828473761677742, 0.0], "k_pid_yaw": [0.5, 1e-06, 0.1], "k_pid_hsp": [10.0, 0.0, 0.05144762992858887], "k_pid_vsp": [400.0, 400.0, 400.0]}, "datetime": {"datetime": "2025-08-12 13:47:52", "elapsed": 76951.44712424278, "delta": 33.040584087371826}, "costs": {"total_cost": 5696.905124341449, "time_cost": 150, "final_distance_cost": 886.386171396049, "oscillation_cost": 452.7286265817201, "completition_cost": 1000.0, "overshoot_cost": 2991.6421742195093, "power_cost": 56.97181365966797, "noise_cost": 159.1763384845025, "n_waypoints_completed": 0, "tot_waypoints": 9}}
{"target": -5287.496563987429, "params": {"k_pid_pos": [1.8906397819519043, 1.0, 0.9674202799797058], "k_pid_alt": [1.912015438079834, 0.894057035446167, 0.9962040185928345], "k_pid_att": [0.0, 0.8090676069259644, 0.06285887956619263], "k_pid_yaw": [0.5, 1e-06, 0.1], "k_pid_hsp": [10.0, 0.0, 0.036328285932540894], "k_pid_vsp": [387.792724609375, 370.0375061035156, 372.0511474609375]}, "datetime": {"datetime": "2025-08-12 13:48:21", "elapsed": 76980.44798374176, "delta": 29.00085949897766}, "costs": {"total_cost": 5287.496563987429, "time_cost": 150, "final_distance_cost": 778.9199989900501, "oscillation_cost": 1886.637042441118, "completition_cost": 1000.0, "overshoot_cost": 1241.3482739720978, "power_cost": 57.38718444824219, "noise_cost": 173.20406413592164, "n_waypoints_completed": 0, "tot_waypoints": 9}}
{"target": -1126.0833880750736, "params": {"k_pid_pos": [1.9007437229156494, 0.9674733877182007, 1.0], "k_pid_alt": [1.9869112968444824, 1.0, 0.9626214504241943], "k_pid_att": [2.969524383544922, 0.12075498700141907, 0.0], "k_pid_yaw": [0.5, 1e-06, 0.1], "k_pid_hsp": [9.522930145263672, 0.019280433654785156, 0.08335289359092712], "k_pid_vsp": [400.0, 400.0, 400.0]}, "datetime": {"datetime": "2025-08-12 13:48:52", "elapsed": 77011.38582706451, "delta": 30.937843322753906}, "costs": {"total_cost": 1126.0833880750736, "time_cost": 150, "final_distance_cost": 44.75891414558183, "oscillation_cost": 357.1628431187756, "completition_cost": 444.4444444444444, "overshoot_cost": 68.94431380172169, "power_cost": 32.288747485351564, "noise_cost": 28.484125079198535, "n_waypoints_completed": 5, "tot_waypoints": 9}}
