{"target": -24935.51688689139, "params": {"k_pid_pos": [1.9070795774459839, 1.0, 0.9951634407043457], "k_pid_alt": [1.8866617679595947, 1.0, 0.9389219284057617], "k_pid_att": [0.0, 0.7921671867370605, 0.0], "k_pid_yaw": [0.5, 1e-06, 0.1], "k_pid_hsp": [10.0, 0.04129186272621155, 0.0], "k_pid_vsp": [392.216552734375, 378.3868408203125, 400.0]}, "datetime": {"datetime": "2025-08-12 05:14:55", "elapsed": 46175.355140686035, "delta": 31.341466665267944}, "costs": {"total_cost": 24935.51688689139, "time_cost": 150, "final_distance_cost": 7720.466185411533, "oscillation_cost": 2401.114507102222, "completition_cost": 1000.0, "overshoot_cost": 13429.975215823795, "power_cost": 57.307979602050786, "noise_cost": 176.65299895178993, "n_waypoints_completed": 0, "tot_waypoints": 9}}
{"target": -1085.9668727850892, "params": {"k_pid_pos": [2.0, 0.9682295918464661, 0.9260386228561401], "k_pid_alt": [2.0, 0.9541517496109009, 0.9588922262191772], "k_pid_att": [2.1580398082733154, 9.999999747378752e-05, 0.0], "k_pid_yaw": [0.5, 1e-06, 0.1], "k_pid_hsp": [10.0, 0.06761869788169861, 0.07364261150360107], "k_pid_vsp": [400.0, 400.0, 400.0]}, "datetime": {"datetime": "2025-08-12 05:15:27", "elapsed": 46206.73302197456, "delta": 31.377881288528442}, "costs": {"total_cost": 1085.9668727850892, "time_cost": 150, "final_distance_cost": 46.407928027204335, "oscillation_cost": 311.93420812099106, "completition_cost": 444.4444444444444, "overshoot_cost": 71.59944366083974, "power_cost": 32.85406875, "noise_cost": 28.72677978160992, "n_waypoints_completed": 5, "tot_waypoints": 9}}
{"target": -1840.2595338643027, "params": {"k_pid_pos": [2.0, 1.0, 0.9437060952186584], "k_pid_alt": [2.0, 1.0, 1.0], "k_pid_att": [4.15896463394165, 0.196259006857872, 0.04498136043548584], "k_pid_yaw": [0.5, 1e-06, 0.1], "k_pid_hsp": [9.90799617767334, 0.029387950897216797, 0.0], "k_pid_vsp": [400.0, 398.8116760253906, 391.43365478515625]}, "datetime": {"datetime": "2025-08-12 05:15:58", "elapsed": 46237.91057920456, "delta": 31.177557229995728}, "costs": {"total_cost": 1840.2595338643027, "time_cost": 150, "final_distance_cost": 0.999113517671309, "oscillation_cost": 409.3859636752969, "completition_cost": 1000.0, "overshoot_cost": 156.63724885560185, "power_cost": 29.788866638183595, "noise_cost": 93.44834117754874, "n_waypoints_completed": 0, "tot_waypoints": 9}}
{"target": -4024.9011019297373, "params": {"k_pid_pos": [1.847283124923706, 0.9145976305007935, 0.918600857257843], "k_pid_alt": [2.0, 0.8918264508247375, 0.9920203685760498], "k_pid_att": [0.0, 0.6775134205818176, 0.06537604331970215], "k_pid_yaw": [0.5, 1e-06, 0.1], "k_pid_hsp": [9.598480224609375, 0.15313053131103516, 0.0], "k_pid_vsp": [400.0, 389.0898132324219, 400.0]}, "datetime": {"datetime": "2025-08-12 05:16:29", "elapsed": 46268.78589653969, "delta": 30.875317335128784}, "costs": {"total_cost": 4024.9011019297373, "time_cost": 150, "final_distance_cost": 197.25194490418482, "oscillation_cost": 1871.3823843644836, "completition_cost": 1000.0, "overshoot_cost": 576.3383329060905, "power_cost": 57.335644824218754, "noise_cost": 172.59279493075988, "n_waypoints_completed": 0, "tot_waypoints": 9}}
{"target": -8628.564507383657, "params": {"k_pid_pos": [1.9726192951202393, 1.0, 0.9754858613014221], "k_pid_alt": [2.0, 0.9970079064369202, 1.0], "k_pid_att": [0.0, 9.999999747378752e-05, 0.010113656520843506], "k_pid_yaw": [0.5, 1e-06, 0.1], "k_pid_hsp": [9.226072311401367, 0.017247140407562256, 0.0], "k_pid_vsp": [400.0, 400.0, 363.79443359375]}, "datetime": {"datetime": "2025-08-12 05:17:00", "elapsed": 46300.12297868729, "delta": 31.337082147598267}, "costs": {"total_cost": 8628.564507383657, "time_cost": 150, "final_distance_cost": 2261.3461043412262, "oscillation_cost": 9.682987931937582, "completition_cost": 1000.0, "overshoot_cost": 5105.076005906272, "power_cost": 40.167197546386724, "noise_cost": 62.29221165783428, "n_waypoints_completed": 0, "tot_waypoints": 9}}
{"target": -7336.819976984189, "params": {"k_pid_pos": [1.9332555532455444, 1.0, 1.0], "k_pid_alt": [1.8874260187149048, 1.0, 1.0], "k_pid_att": [0.0, 0.7186351418495178, 0.02892357110977173], "k_pid_yaw": [0.5, 1e-06, 0.1], "k_pid_hsp": [10.0, 0.010148763656616211, 0.004119127988815308], "k_pid_vsp": [384.32769775390625, 394.3466796875, 387.75927734375]}, "datetime": {"datetime": "2025-08-12 05:17:32", "elapsed": 46332.261857032776, "delta": 32.1388783454895}, "costs": {"total_cost": 7336.819976984189, "time_cost": 150, "final_distance_cost": 1978.7719731595728, "oscillation_cost": 2232.5670922836316, "completition_cost": 1000.0, "overshoot_cost": 1744.5487503943323, "power_cost": 57.19386414794922, "noise_cost": 173.7382969987037, "n_waypoints_completed": 0, "tot_waypoints": 9}}
{"target": -8060.463250615834, "params": {"k_pid_pos": [1.9340624809265137, 1.0, 1.0], "k_pid_alt": [2.0, 0.9816650152206421, 0.9201638698577881], "k_pid_att": [0.0, 9.999999747378752e-05, 0.0], "k_pid_yaw": [0.5, 1e-06, 0.1], "k_pid_hsp": [9.89837646484375, 0.0, 0.036175549030303955], "k_pid_vsp": [400.0, 400.0, 375.7922668457031]}, "datetime": {"datetime": "2025-08-12 05:18:04", "elapsed": 46363.841364860535, "delta": 31.57950782775879}, "costs": {"total_cost": 8060.463250615834, "time_cost": 150, "final_distance_cost": 1050.454330189923, "oscillation_cost": 15.155433356639213, "completition_cost": 1000.0, "overshoot_cost": 5715.384267658174, "power_cost": 45.92842473144532, "noise_cost": 83.54079467965238, "n_waypoints_completed": 0, "tot_waypoints": 9}}
{"target": -1292.3451341799841, "params": {"k_pid_pos": [2.0, 0.9856633543968201, 1.0], "k_pid_alt": [2.0, 1.0, 0.9560496211051941], "k_pid_att": [4.119544982910156, 0.08777844905853271, 0.0], "k_pid_yaw": [0.5, 1e-06, 0.1], "k_pid_hsp": [9.94808578491211, 0.0, 0.04778626561164856], "k_pid_vsp": [397.5989074707031, 390.84735107421875, 400.0]}, "datetime": {"datetime": "2025-08-12 05:18:36", "elapsed": 46396.069653987885, "delta": 32.22828912734985}, "costs": {"total_cost": 1292.3451341799841, "time_cost": 150, "final_distance_cost": 43.49307300331469, "oscillation_cost": 415.47668458024333, "completition_cost": 555.5555555555555, "overshoot_cost": 66.5838576613091, "power_cost": 32.415410034179686, "noise_cost": 28.82055334538156, "n_waypoints_completed": 4, "tot_waypoints": 9}}
{"target": -1178.2239636586326, "params": {"k_pid_pos": [1.972243309020996, 1.0, 0.9296506643295288], "k_pid_alt": [1.791386365890503, 1.0, 1.0], "k_pid_att": [7.992777347564697, 9.999999747378752e-05, 0.03980863094329834], "k_pid_yaw": [0.5, 1e-06, 0.1], "k_pid_hsp": [10.0, 0.0, 0.041139066219329834], "k_pid_vsp": [400.0, 400.0, 365.9061279296875]}, "datetime": {"datetime": "2025-08-12 05:19:08", "elapsed": 46427.921838998795, "delta": 31.852185010910034}, "costs": {"total_cost": 1178.2239636586326, "time_cost": 150, "final_distance_cost": 51.13503034662319, "oscillation_cost": 414.8164742969588, "completition_cost": 444.4444444444444, "overshoot_cost": 56.779195010169886, "power_cost": 31.563858642578126, "noise_cost": 29.484960917858142, "n_waypoints_completed": 5, "tot_waypoints": 9}}
{"target": -8030.03592345284, "params": {"k_pid_pos": [1.9110339879989624, 0.9876173138618469, 0.9927989840507507], "k_pid_alt": [2.0, 1.0, 1.0], "k_pid_att": [0.0, 9.999999747378752e-05, 0.0], "k_pid_yaw": [0.5, 1e-06, 0.1], "k_pid_hsp": [10.0, 0.0, 0.029537737369537354], "k_pid_vsp": [384.16143798828125, 383.1201171875, 351.0915222167969]}, "datetime": {"datetime": "2025-08-12 05:19:39", "elapsed": 46459.22802400589, "delta": 31.306185007095337}, "costs": {"total_cost": 8030.03592345284, "time_cost": 150, "final_distance_cost": 1181.6667911808104, "oscillation_cost": 15.198285395369135, "completition_cost": 1000.0, "overshoot_cost": 5559.256152338239, "power_cost": 45.32303834228516, "noise_cost": 78.59165619613543, "n_waypoints_completed": 0, "tot_waypoints": 9}}
{"target": -1614.4430339889843, "params": {"k_pid_pos": [1.8900550603866577, 1.0, 0.9814659357070923], "k_pid_alt": [2.0, 1.0, 0.9604290723800659], "k_pid_att": [1.1048823595046997, 9.999999747378752e-05, 0.0], "k_pid_yaw": [0.5, 1e-06, 0.1], "k_pid_hsp": [10.0, 0.0, 0.0], "k_pid_vsp": [395.2867126464844, 392.65533447265625, 400.0]}, "datetime": {"datetime": "2025-08-12 05:20:12", "elapsed": 46491.73275065422, "delta": 32.50472664833069}, "costs": {"total_cost": 1614.4430339889843, "time_cost": 150, "final_distance_cost": 23.67656805514387, "oscillation_cost": 277.417879638491, "completition_cost": 1000.0, "overshoot_cost": 104.18896911310644, "power_cost": 31.98794324951172, "noise_cost": 27.17167393273145, "n_waypoints_completed": 0, "tot_waypoints": 9}}
{"target": -3703.8951885050665, "params": {"k_pid_pos": [1.8999603986740112, 1.0, 1.0], "k_pid_alt": [1.959700345993042, 1.0, 1.0], "k_pid_att": [0.0, 0.2187938094139099, 0.0], "k_pid_yaw": [0.5, 1e-06, 0.1], "k_pid_hsp": [10.0, 0.05927601456642151, 0.04366105794906616], "k_pid_vsp": [391.8021545410156, 385.432373046875, 400.0]}, "datetime": {"datetime": "2025-08-12 05:20:43", "elapsed": 46523.16037106514, "delta": 31.42762041091919}, "costs": {"total_cost": 3703.8951885050665, "time_cost": 150, "final_distance_cost": 254.9424962008141, "oscillation_cost": 1279.16352068378, "completition_cost": 1000.0, "overshoot_cost": 791.5583669930892, "power_cost": 57.39415224609375, "noise_cost": 170.836652381289, "n_waypoints_completed": 0, "tot_waypoints": 9}}
{"target": -7707.170893091406, "params": {"k_pid_pos": [1.9520752429962158, 1.0, 1.0], "k_pid_alt": [1.799431562423706, 1.0, 1.0], "k_pid_att": [0.0, 9.999999747378752e-05, 0.004200279712677002], "k_pid_yaw": [0.5, 1e-06, 0.1], "k_pid_hsp": [10.0, 0.0, 0.0], "k_pid_vsp": [400.0, 400.0, 382.2218933105469]}, "datetime": {"datetime": "2025-08-12 05:21:15", "elapsed": 46555.165225982666, "delta": 32.004854917526245}, "costs": {"total_cost": 7707.170893091406, "time_cost": 150, "final_distance_cost": 1690.888513298055, "oscillation_cost": 11.961476497699975, "completition_cost": 1000.0, "overshoot_cost": 4734.91154244549, "power_cost": 41.9497326171875, "noise_cost": 77.45962823297253, "n_waypoints_completed": 0, "tot_waypoints": 9}}
{"target": -8149.630077468114, "params": {"k_pid_pos": [2.0, 0.9555923938751221, 1.0], "k_pid_alt": [1.933739185333252, 1.0, 1.0], "k_pid_att": [0.0, 9.999999747378752e-05, 0.0], "k_pid_yaw": [0.5, 1e-06, 0.1], "k_pid_hsp": [9.703941345214844, 0.0, 0.0], "k_pid_vsp": [400.0, 399.1785888671875, 398.87091064453125]}, "datetime": {"datetime": "2025-08-12 05:21:46", "elapsed": 46586.198823451996, "delta": 31.033597469329834}, "costs": {"total_cost": 8149.630077468114, "time_cost": 150, "final_distance_cost": 958.7243899568726, "oscillation_cost": 14.752013907219201, "completition_cost": 1000.0, "overshoot_cost": 5889.148877662826, "power_cost": 44.32951888427735, "noise_cost": 92.67527705691928, "n_waypoints_completed": 0, "tot_waypoints": 9}}
{"target": -1006.6618874602556, "params": {"k_pid_pos": [2.0, 0.9551626443862915, 1.0], "k_pid_alt": [2.0, 1.0, 1.0], "k_pid_att": [14.051786422729492, 0.22672413289546967, 0.058033138513565063], "k_pid_yaw": [0.5, 1e-06, 0.1], "k_pid_hsp": [8.959519386291504, 0.09022259712219238, 0.03138512372970581], "k_pid_vsp": [359.6170654296875, 400.0, 400.0]}, "datetime": {"datetime": "2025-08-12 05:22:17", "elapsed": 46616.70981550217, "delta": 30.5109920501709}, "costs": {"total_cost": 1006.6618874602556, "time_cost": 150, "final_distance_cost": 78.33552970272491, "oscillation_cost": 430.50668584986465, "completition_cost": 222.2222222222222, "overshoot_cost": 63.449925701652475, "power_cost": 32.27104124755859, "noise_cost": 29.87648273623274, "n_waypoints_completed": 7, "tot_waypoints": 9}}
{"target": -1109.4627167032195, "params": {"k_pid_pos": [1.7991852760314941, 0.9317461252212524, 1.0], "k_pid_alt": [1.9448732137680054, 0.991057813167572, 1.0], "k_pid_att": [5.632200717926025, 0.08211278915405273, 0.0008284151554107666], "k_pid_yaw": [0.5, 1e-06, 0.1], "k_pid_hsp": [9.74290943145752, 0.041038066148757935, 0.013628244400024414], "k_pid_vsp": [396.0408935546875, 400.0, 390.2397766113281]}, "datetime": {"datetime": "2025-08-12 05:22:48", "elapsed": 46647.91897583008, "delta": 31.209160327911377}, "costs": {"total_cost": 1109.4627167032195, "time_cost": 150, "final_distance_cost": 63.28986050901773, "oscillation_cost": 435.17433204840967, "completition_cost": 333.33333333333337, "overshoot_cost": 66.59165196135564, "power_cost": 31.77758524169922, "noise_cost": 29.295953609403806, "n_waypoints_completed": 6, "tot_waypoints": 9}}
{"target": -1206.1929750449544, "params": {"k_pid_pos": [1.9074698686599731, 0.9729884266853333, 1.0], "k_pid_alt": [1.8924387693405151, 0.9833667874336243, 1.0], "k_pid_att": [5.055135726928711, 0.13532012701034546, 0.0], "k_pid_yaw": [0.5, 1e-06, 0.1], "k_pid_hsp": [9.54253101348877, 0.0, 0.0], "k_pid_vsp": [400.0, 396.86773681640625, 373.03558349609375]}, "datetime": {"datetime": "2025-08-12 05:23:20", "elapsed": 46679.604172706604, "delta": 31.68519687652588}, "costs": {"total_cost": 1206.1929750449544, "time_cost": 150, "final_distance_cost": 53.79450680416417, "oscillation_cost": 433.10815709298794, "completition_cost": 444.4444444444444, "overshoot_cost": 63.45251027038979, "power_cost": 32.26372596435547, "noise_cost": 29.129630468612564, "n_waypoints_completed": 5, "tot_waypoints": 9}}
{"target": -4923.515863419456, "params": {"k_pid_pos": [2.0, 1.0, 1.0], "k_pid_alt": [1.970512866973877, 1.0, 1.0], "k_pid_att": [0.0, 0.7446135878562927, 0.06123775243759155], "k_pid_yaw": [0.5, 1e-06, 0.1], "k_pid_hsp": [10.0, 0.0293293297290802, 0.04952496290206909], "k_pid_vsp": [400.0, 384.84381103515625, 400.0]}, "datetime": {"datetime": "2025-08-12 05:23:51", "elapsed": 46710.72025036812, "delta": 31.116077661514282}, "costs": {"total_cost": 4923.515863419456, "time_cost": 150, "final_distance_cost": 361.20692701722845, "oscillation_cost": 2051.187891887056, "completition_cost": 1000.0, "overshoot_cost": 1131.2291164021224, "power_cost": 57.01109351806641, "noise_cost": 172.88083459498327, "n_waypoints_completed": 0, "tot_waypoints": 9}}
{"target": -1074.817779470856, "params": {"k_pid_pos": [1.9764854907989502, 0.9059657454490662, 1.0], "k_pid_alt": [2.0, 1.0, 1.0], "k_pid_att": [4.266327857971191, 0.09417754411697388, 0.0], "k_pid_yaw": [0.5, 1e-06, 0.1], "k_pid_hsp": [9.925678253173828, 0.006658047437667847, 0.034932941198349], "k_pid_vsp": [400.0, 400.0, 367.9301452636719]}, "datetime": {"datetime": "2025-08-12 05:24:24", "elapsed": 46743.61531305313, "delta": 32.89506268501282}, "costs": {"total_cost": 1074.817779470856, "time_cost": 150, "final_distance_cost": 66.12474783803417, "oscillation_cost": 400.7078525836364, "completition_cost": 333.33333333333337, "overshoot_cost": 63.360948536860356, "power_cost": 32.33046883544922, "noise_cost": 28.96042834354248, "n_waypoints_completed": 6, "tot_waypoints": 9}}
{"target": -1397.2918142413075, "params": {"k_pid_pos": [2.0, 0.9967139959335327, 0.9888469576835632], "k_pid_alt": [1.9704296588897705, 0.9823989868164062, 0.9900237321853638], "k_pid_att": [4.201102256774902, 0.06664196401834488, 0.037422388792037964], "k_pid_yaw": [0.5, 1e-06, 0.1], "k_pid_hsp": [10.0, 0.057229310274124146, 0.04516345262527466], "k_pid_vsp": [400.0, 384.4510803222656, 395.9088134765625]}, "datetime": {"datetime": "2025-08-12 05:24:54", "elapsed": 46774.090389728546, "delta": 30.47507667541504}, "costs": {"total_cost": 1397.2918142413075, "time_cost": 150, "final_distance_cost": 55.05310447351797, "oscillation_cost": 391.89574417085237, "completition_cost": 666.6666666666667, "overshoot_cost": 75.04164941572692, "power_cost": 31.370154162597657, "noise_cost": 27.264495351945815, "n_waypoints_completed": 3, "tot_waypoints": 9}}
{"target": -1630.9380863328547, "params": {"k_pid_pos": [1.960709810256958, 1.0, 1.0], "k_pid_alt": [2.0, 1.0, 1.0], "k_pid_att": [2.818864583969116, 9.999999747378752e-05, 0.06998124718666077], "k_pid_yaw": [0.5, 1e-06, 0.1], "k_pid_hsp": [9.808751106262207, 0.0, 0.0], "k_pid_vsp": [400.0, 379.5805358886719, 392.0958557128906]}, "datetime": {"datetime": "2025-08-12 05:25:25", "elapsed": 46804.48987340927, "delta": 30.399483680725098}, "costs": {"total_cost": 1630.9380863328547, "time_cost": 150, "final_distance_cost": 0.9995139834953319, "oscillation_cost": 188.70437880330255, "completition_cost": 1000.0, "overshoot_cost": 158.7034837550744, "power_cost": 29.407659118652344, "noise_cost": 103.12305067232994, "n_waypoints_completed": 0, "tot_waypoints": 9}}
{"target": -1800.3200964022817, "params": {"k_pid_pos": [2.0, 1.0, 1.0], "k_pid_alt": [1.893862009048462, 1.0, 1.0], "k_pid_att": [2.38606333732605, 0.4592660367488861, 0.026139140129089355], "k_pid_yaw": [0.5, 1e-06, 0.1], "k_pid_hsp": [10.0, 0.0, 0.0], "k_pid_vsp": [345.3550720214844, 400.0, 400.0]}, "datetime": {"datetime": "2025-08-12 05:25:55", "elapsed": 46834.95395851135, "delta": 30.4640851020813}, "costs": {"total_cost": 1800.3200964022817, "time_cost": 150, "final_distance_cost": 0.9998167745814048, "oscillation_cost": 354.1580263071721, "completition_cost": 1000.0, "overshoot_cost": 160.58497560914515, "power_cost": 29.364023937988282, "noise_cost": 105.21325377339461, "n_waypoints_completed": 0, "tot_waypoints": 9}}
{"target": -8097.846291683278, "params": {"k_pid_pos": [2.0, 0.9693235158920288, 0.9432520270347595], "k_pid_alt": [1.874812126159668, 0.9221700429916382, 1.0], "k_pid_att": [0.0, 9.999999747378752e-05, 0.0], "k_pid_yaw": [0.5, 1e-06, 0.1], "k_pid_hsp": [9.517670631408691, 0.0, 0.05727708339691162], "k_pid_vsp": [388.5428771972656, 400.0, 400.0]}, "datetime": {"datetime": "2025-08-12 05:26:30", "elapsed": 46870.28357028961, "delta": 35.32961177825928}, "costs": {"total_cost": 8097.846291683278, "time_cost": 150, "final_distance_cost": 783.6614117596648, "oscillation_cost": 14.737535710472534, "completition_cost": 1000.0, "overshoot_cost": 6008.213306164629, "power_cost": 44.72778568115235, "noise_cost": 96.50625236735833, "n_waypoints_completed": 0, "tot_waypoints": 9}}
{"target": -1202.3025315958098, "params": {"k_pid_pos": [1.8954856395721436, 0.9556635618209839, 1.0], "k_pid_alt": [2.0, 0.9987533688545227, 1.0], "k_pid_att": [10.615015029907227, 0.7013675570487976, 0.017171263694763184], "k_pid_yaw": [0.5, 1e-06, 0.1], "k_pid_hsp": [10.0, 0.0, 0.0], "k_pid_vsp": [391.4857482910156, 400.0, 378.6289978027344]}, "datetime": {"datetime": "2025-08-12 05:27:04", "elapsed": 46903.568910598755, "delta": 33.285340309143066}, "costs": {"total_cost": 1202.3025315958098, "time_cost": 150, "final_distance_cost": 49.09020350692158, "oscillation_cost": 439.2075074625328, "completition_cost": 444.4444444444444, "overshoot_cost": 57.53105899184876, "power_cost": 31.99106862792969, "noise_cost": 30.03824856213265, "n_waypoints_completed": 5, "tot_waypoints": 9}}
{"target": -1261.0235566129927, "params": {"k_pid_pos": [1.7906290292739868, 1.0, 0.8681904673576355], "k_pid_alt": [2.0, 1.0, 0.9812012910842896], "k_pid_att": [7.918024063110352, 0.13063524663448334, 0.013966888189315796], "k_pid_yaw": [0.5, 1e-06, 0.1], "k_pid_hsp": [9.73213005065918, 0.0, 0.02220401167869568], "k_pid_vsp": [391.5875244140625, 356.1596984863281, 400.0]}, "datetime": {"datetime": "2025-08-12 05:27:35", "elapsed": 46935.24104523659, "delta": 31.67213463783264}, "costs": {"total_cost": 1261.0235566129927, "time_cost": 150, "final_distance_cost": 54.74243477424703, "oscillation_cost": 478.10276664185983, "completition_cost": 444.4444444444444, "overshoot_cost": 70.91028498327967, "power_cost": 32.68558044433594, "noise_cost": 30.138045324826027, "n_waypoints_completed": 5, "tot_waypoints": 9}}
{"target": -1778.7031462580405, "params": {"k_pid_pos": [2.0, 1.0, 0.9467389583587646], "k_pid_alt": [1.9468693733215332, 1.0, 1.0], "k_pid_att": [7.099705696105957, 0.2575438618659973, 0.05457037687301636], "k_pid_yaw": [0.5, 1e-06, 0.1], "k_pid_hsp": [9.934085845947266, 0.04302340745925903, 0.00035578012466430664], "k_pid_vsp": [400.0, 367.0311584472656, 366.80206298828125]}, "datetime": {"datetime": "2025-08-12 05:28:07", "elapsed": 46967.07976555824, "delta": 31.838720321655273}, "costs": {"total_cost": 1778.7031462580405, "time_cost": 150, "final_distance_cost": 17.661203911322364, "oscillation_cost": 443.2657760335046, "completition_cost": 1000.0, "overshoot_cost": 109.99112688052166, "power_cost": 30.485294506835938, "noise_cost": 27.29974492585576, "n_waypoints_completed": 0, "tot_waypoints": 9}}
{"target": -4387.1569434591875, "params": {"k_pid_pos": [2.0, 1.0, 0.9070804119110107], "k_pid_alt": [2.0, 1.0, 1.0], "k_pid_att": [0.0, 0.3832717537879944, 0.08402740955352783], "k_pid_yaw": [0.5, 1e-06, 0.1], "k_pid_hsp": [9.667423248291016, 0.0282859206199646, 0.07487207651138306], "k_pid_vsp": [400.0, 400.0, 400.0]}, "datetime": {"datetime": "2025-08-12 05:28:38", "elapsed": 46997.42508125305, "delta": 30.34531569480896}, "costs": {"total_cost": 4387.1569434591875, "time_cost": 150, "final_distance_cost": 431.50764267717915, "oscillation_cost": 1256.6901938653762, "completition_cost": 1000.0, "overshoot_cost": 1322.1076075785456, "power_cost": 57.205405615234376, "noise_cost": 169.64609372285233, "n_waypoints_completed": 0, "tot_waypoints": 9}}
