{"target": -1133.1539581255627, "params": {"k_pid_pos": [1.8957018852233887, 1.0, 1.0], "k_pid_alt": [2.0, 1.0, 1.0], "k_pid_att": [0.48383474349975586, 9.999999747378752e-05, 0.0], "k_pid_yaw": [0.5, 1e-06, 0.1], "k_pid_hsp": [8.951859474182129, 0.05664756894111633, 0.0], "k_pid_vsp": [391.7452697753906, 400.0, 400.0]}, "datetime": {"datetime": "2025-08-11 22:08:03", "elapsed": 20562.968396663666, "delta": 31.034417629241943}, "costs": {"total_cost": 1133.1539581255627, "time_cost": 150, "final_distance_cost": 53.300857582587156, "oscillation_cost": 131.40723168092694, "completition_cost": 666.6666666666667, "overshoot_cost": 67.75126302143757, "power_cost": 33.83221021728516, "noise_cost": 30.195728956659114, "n_waypoints_completed": 3, "tot_waypoints": 9}}
{"target": -8020.094837011046, "params": {"k_pid_pos": [1.8542417287826538, 1.0, 0.9634585380554199], "k_pid_alt": [2.0, 1.0, 0.9584094882011414], "k_pid_att": [0.0, 9.999999747378752e-05, 0.0], "k_pid_yaw": [0.5, 1e-06, 0.1], "k_pid_hsp": [9.773259162902832, 0.007205933332443237, 0.040458500385284424], "k_pid_vsp": [400.0, 394.6541748046875, 382.7213134765625]}, "datetime": {"datetime": "2025-08-11 22:08:34", "elapsed": 20593.907775640488, "delta": 30.9393789768219}, "costs": {"total_cost": 8020.094837011046, "time_cost": 150, "final_distance_cost": 1243.0167060511435, "oscillation_cost": 15.080700819876418, "completition_cost": 1000.0, "overshoot_cost": 5480.517075008574, "power_cost": 45.188187243652344, "noise_cost": 86.29216788780046, "n_waypoints_completed": 0, "tot_waypoints": 9}}
{"target": -993.1294507918561, "params": {"k_pid_pos": [2.0, 1.0, 0.953926146030426], "k_pid_alt": [1.9328948259353638, 0.9958381652832031, 0.9832676649093628], "k_pid_att": [0.4979848861694336, 9.999999747378752e-05, 0.0], "k_pid_yaw": [0.5, 1e-06, 0.1], "k_pid_hsp": [9.841496467590332, 0.0, 0.09089237451553345], "k_pid_vsp": [400.0, 400.0, 400.0]}, "datetime": {"datetime": "2025-08-11 22:09:04", "elapsed": 20624.3079829216, "delta": 30.40020728111267}, "costs": {"total_cost": 993.1294507918561, "time_cost": 150, "final_distance_cost": 47.262239551235076, "oscillation_cost": 109.03777947343403, "completition_cost": 555.5555555555555, "overshoot_cost": 66.02734091684654, "power_cost": 35.20988037109375, "noise_cost": 30.03665492369123, "n_waypoints_completed": 4, "tot_waypoints": 9}}
{"target": -7552.467001318806, "params": {"k_pid_pos": [1.8766593933105469, 1.0, 1.0], "k_pid_alt": [1.8069167137145996, 1.0, 0.9869967699050903], "k_pid_att": [0.0, 9.999999747378752e-05, 0.017100900411605835], "k_pid_yaw": [0.5, 1e-06, 0.1], "k_pid_hsp": [9.802825927734375, 0.0, 0.0], "k_pid_vsp": [384.1667785644531, 382.10247802734375, 400.0]}, "datetime": {"datetime": "2025-08-11 22:09:35", "elapsed": 20655.219172239304, "delta": 30.911189317703247}, "costs": {"total_cost": 7552.467001318806, "time_cost": 150, "final_distance_cost": 2412.7954269528022, "oscillation_cost": 7.8183403491474825, "completition_cost": 1000.0, "overshoot_cost": 3874.5558968190476, "power_cost": 34.827355090332034, "noise_cost": 72.46998210747623, "n_waypoints_completed": 0, "tot_waypoints": 9}}
{"target": -3948.2700602654577, "params": {"k_pid_pos": [2.0, 1.0, 1.0], "k_pid_alt": [2.0, 1.0, 0.9883797764778137], "k_pid_att": [0.0, 0.18162591755390167, 0.0006813704967498779], "k_pid_yaw": [0.5, 1e-06, 0.1], "k_pid_hsp": [10.0, 0.0, 0.0], "k_pid_vsp": [393.942626953125, 400.0, 400.0]}, "datetime": {"datetime": "2025-08-11 22:10:07", "elapsed": 20686.737329244614, "delta": 31.51815700531006}, "costs": {"total_cost": 3948.2700602654577, "time_cost": 150, "final_distance_cost": 367.19153835344764, "oscillation_cost": 1016.926245516159, "completition_cost": 1000.0, "overshoot_cost": 1187.0030314511528, "power_cost": 57.55411833496094, "noise_cost": 169.5951266097374, "n_waypoints_completed": 0, "tot_waypoints": 9}}
{"target": -2560.858775526964, "params": {"k_pid_pos": [2.0, 1.0, 0.9170151948928833], "k_pid_alt": [2.0, 0.9510082006454468, 1.0], "k_pid_att": [0.0, 9.999999747378752e-05, 0.09928637742996216], "k_pid_yaw": [0.5, 1e-06, 0.1], "k_pid_hsp": [10.0, 0.0, 0.0], "k_pid_vsp": [400.0, 400.0, 400.0]}, "datetime": {"datetime": "2025-08-11 22:10:42", "elapsed": 20722.07909154892, "delta": 35.34176230430603}, "costs": {"total_cost": 2560.858775526964, "time_cost": 150, "final_distance_cost": 170.5582485586851, "oscillation_cost": 2.7186912848020195, "completition_cost": 1000.0, "overshoot_cost": 1094.5625889279888, "power_cost": 29.205843530273437, "noise_cost": 113.81340322521527, "n_waypoints_completed": 0, "tot_waypoints": 9}}
{"target": -14565.532441879155, "params": {"k_pid_pos": [2.0, 0.976787269115448, 1.0], "k_pid_alt": [1.956491231918335, 0.922066330909729, 1.0], "k_pid_att": [0.0, 0.8472574353218079, 0.0], "k_pid_yaw": [0.5, 1e-06, 0.1], "k_pid_hsp": [9.7712984085083, 0.0, 0.0], "k_pid_vsp": [368.8739013671875, 400.0, 400.0]}, "datetime": {"datetime": "2025-08-11 22:11:15", "elapsed": 20755.336955070496, "delta": 33.25786352157593}, "costs": {"total_cost": 14565.532441879155, "time_cost": 150, "final_distance_cost": 4610.628294499093, "oscillation_cost": 2356.9478851513613, "completition_cost": 1000.0, "overshoot_cost": 6217.532881219558, "power_cost": 56.28104840087891, "noise_cost": 174.14233260826614, "n_waypoints_completed": 0, "tot_waypoints": 9}}
{"target": -1401.5638641385424, "params": {"k_pid_pos": [1.7294467687606812, 0.9752539396286011, 1.0], "k_pid_alt": [1.9852869510650635, 1.0, 0.985482394695282], "k_pid_att": [8.398222923278809, 0.06570141017436981, 0.06708914041519165], "k_pid_yaw": [0.5, 1e-06, 0.1], "k_pid_hsp": [9.22758960723877, 0.0, 0.023699939250946045], "k_pid_vsp": [389.4553527832031, 400.0, 400.0]}, "datetime": {"datetime": "2025-08-11 22:11:51", "elapsed": 20791.13940000534, "delta": 35.80244493484497}, "costs": {"total_cost": 1401.5638641385424, "time_cost": 150, "final_distance_cost": 52.49636063407286, "oscillation_cost": 411.70780986012005, "completition_cost": 666.6666666666667, "overshoot_cost": 59.73944972078363, "power_cost": 31.50769119873047, "noise_cost": 29.445886058168817, "n_waypoints_completed": 3, "tot_waypoints": 9}}
{"target": -1508.3865559391556, "params": {"k_pid_pos": [1.8563206195831299, 1.0, 1.0], "k_pid_alt": [1.975041151046753, 1.0, 0.9755749106407166], "k_pid_att": [2.3835361003875732, 9.999999747378752e-05, 0.0], "k_pid_yaw": [0.5, 1e-06, 0.1], "k_pid_hsp": [9.531943321228027, 0.0, 0.0], "k_pid_vsp": [400.0, 391.03375244140625, 399.00421142578125]}, "datetime": {"datetime": "2025-08-11 22:12:22", "elapsed": 20822.322809696198, "delta": 31.183409690856934}, "costs": {"total_cost": 1508.3865559391556, "time_cost": 150, "final_distance_cost": 66.33527301041951, "oscillation_cost": 384.9813952112952, "completition_cost": 777.7777777777778, "overshoot_cost": 70.31383982543312, "power_cost": 31.85260167236328, "noise_cost": 27.12566844186663, "n_waypoints_completed": 2, "tot_waypoints": 9}}
{"target": -1379.2163746595925, "params": {"k_pid_pos": [2.0, 0.9958756566047668, 0.9500021934509277], "k_pid_alt": [2.0, 0.9925662279129028, 1.0], "k_pid_att": [4.1639180183410645, 9.999999747378752e-05, 0.03699445724487305], "k_pid_yaw": [0.5, 1e-06, 0.1], "k_pid_hsp": [9.774689674377441, 0.0, 0.03524070978164673], "k_pid_vsp": [385.1001281738281, 389.3504943847656, 379.823974609375]}, "datetime": {"datetime": "2025-08-11 22:12:53", "elapsed": 20853.05948805809, "delta": 30.7366783618927}, "costs": {"total_cost": 1379.2163746595925, "time_cost": 150, "final_distance_cost": 51.70794436188296, "oscillation_cost": 375.6294513680178, "completition_cost": 666.6666666666667, "overshoot_cost": 75.24423221962645, "power_cost": 31.404455310058594, "noise_cost": 28.56362473333991, "n_waypoints_completed": 3, "tot_waypoints": 9}}
{"target": -8162.309571638422, "params": {"k_pid_pos": [2.0, 0.9556858539581299, 0.9237000942230225], "k_pid_alt": [2.0, 0.9354963302612305, 1.0], "k_pid_att": [0.0, 0.05238586291670799, 0.03483867645263672], "k_pid_yaw": [0.5, 1e-06, 0.1], "k_pid_hsp": [10.0, 0.0, 0.021812468767166138], "k_pid_vsp": [400.0, 381.2262878417969, 357.52978515625]}, "datetime": {"datetime": "2025-08-11 22:13:24", "elapsed": 20883.381530046463, "delta": 30.322041988372803}, "costs": {"total_cost": 8162.309571638422, "time_cost": 150, "final_distance_cost": 2463.723696261778, "oscillation_cost": 594.919544515258, "completition_cost": 1000.0, "overshoot_cost": 3731.365394164711, "power_cost": 57.34390327148438, "noise_cost": 164.957033425191, "n_waypoints_completed": 0, "tot_waypoints": 9}}
{"target": -1889.1036769093603, "params": {"k_pid_pos": [1.8005971908569336, 0.982897162437439, 0.981247067451477], "k_pid_alt": [1.9516814947128296, 0.993722677230835, 1.0], "k_pid_att": [8.959761619567871, 9.999999747378752e-05, 0.0], "k_pid_yaw": [0.5, 1e-06, 0.1], "k_pid_hsp": [10.0, 0.07147964835166931, 0.0], "k_pid_vsp": [400.0, 400.0, 396.4897155761719]}, "datetime": {"datetime": "2025-08-11 22:13:54", "elapsed": 20913.615838766098, "delta": 30.23430871963501}, "costs": {"total_cost": 1889.1036769093603, "time_cost": 150, "final_distance_cost": 25.360696869226583, "oscillation_cost": 560.3374926458257, "completition_cost": 1000.0, "overshoot_cost": 94.34621625803115, "power_cost": 31.094137243652344, "noise_cost": 27.965133892624678, "n_waypoints_completed": 0, "tot_waypoints": 9}}
{"target": -8014.8951198545265, "params": {"k_pid_pos": [1.9993908405303955, 1.0, 1.0], "k_pid_alt": [1.960970163345337, 1.0, 0.9923580884933472], "k_pid_att": [0.0, 9.999999747378752e-05, 0.0], "k_pid_yaw": [0.5, 1e-06, 0.1], "k_pid_hsp": [9.687517166137695, 0.021416425704956055, 0.0], "k_pid_vsp": [400.0, 383.1924743652344, 400.0]}, "datetime": {"datetime": "2025-08-11 22:14:24", "elapsed": 20944.025507450104, "delta": 30.409668684005737}, "costs": {"total_cost": 8014.8951198545265, "time_cost": 150, "final_distance_cost": 863.8241945008333, "oscillation_cost": 14.756814736569552, "completition_cost": 1000.0, "overshoot_cost": 5846.955632150137, "power_cost": 44.0966671875, "noise_cost": 95.26181127948641, "n_waypoints_completed": 0, "tot_waypoints": 9}}
{"target": -1143.9509793347593, "params": {"k_pid_pos": [2.0, 1.0, 1.0], "k_pid_alt": [1.9050288200378418, 1.0, 0.9844208359718323], "k_pid_att": [7.91153621673584, 9.999999747378752e-05, 0.0], "k_pid_yaw": [0.5, 1e-06, 0.1], "k_pid_hsp": [9.848652839660645, 0.0, 0.08002409338951111], "k_pid_vsp": [369.140380859375, 400.0, 400.0]}, "datetime": {"datetime": "2025-08-11 22:14:54", "elapsed": 20974.202167749405, "delta": 30.176660299301147}, "costs": {"total_cost": 1143.9509793347593, "time_cost": 150, "final_distance_cost": 66.48962770818457, "oscillation_cost": 463.4933349511336, "completition_cost": 333.33333333333337, "overshoot_cost": 66.25641772428881, "power_cost": 33.633002368164064, "noise_cost": 30.74526324965473, "n_waypoints_completed": 6, "tot_waypoints": 9}}
{"target": -1227.5388383568463, "params": {"k_pid_pos": [1.9784127473831177, 1.0, 0.9540138244628906], "k_pid_alt": [1.8309810161590576, 1.0, 1.0], "k_pid_att": [2.4356186389923096, 9.999999747378752e-05, 0.0], "k_pid_yaw": [0.5, 1e-06, 0.1], "k_pid_hsp": [10.0, 0.05406981706619263, 0.032739073038101196], "k_pid_vsp": [400.0, 382.63458251953125, 387.5677795410156]}, "datetime": {"datetime": "2025-08-11 22:15:25", "elapsed": 21005.19116449356, "delta": 30.988996744155884}, "costs": {"total_cost": 1227.5388383568463, "time_cost": 150, "final_distance_cost": 52.75081120705158, "oscillation_cost": 345.0202427216863, "completition_cost": 555.5555555555555, "overshoot_cost": 62.458388583603714, "power_cost": 32.86553713378906, "noise_cost": 28.88830315516011, "n_waypoints_completed": 4, "tot_waypoints": 9}}
{"target": -5716.654965347468, "params": {"k_pid_pos": [1.955633282661438, 1.0, 1.0], "k_pid_alt": [2.0, 1.0, 0.8923428654670715], "k_pid_att": [0.0, 0.40803784132003784, 0.0], "k_pid_yaw": [0.5, 1e-06, 0.1], "k_pid_hsp": [9.557101249694824, 0.0, 0.020725369453430176], "k_pid_vsp": [373.0293884277344, 394.503662109375, 394.5492858886719]}, "datetime": {"datetime": "2025-08-11 22:15:56", "elapsed": 21035.443787813187, "delta": 30.252623319625854}, "costs": {"total_cost": 5716.654965347468, "time_cost": 150, "final_distance_cost": 1094.056162884041, "oscillation_cost": 1692.9630796362692, "completition_cost": 1000.0, "overshoot_cost": 1549.7929705577014, "power_cost": 57.03479760742188, "noise_cost": 172.80795466203386, "n_waypoints_completed": 0, "tot_waypoints": 9}}
{"target": -1342.092358741317, "params": {"k_pid_pos": [2.0, 0.9865430593490601, 1.0], "k_pid_alt": [2.0, 0.9034504294395447, 0.9826561808586121], "k_pid_att": [2.4610729217529297, 9.999999747378752e-05, 0.0], "k_pid_yaw": [0.5, 1e-06, 0.1], "k_pid_hsp": [9.927351951599121, 0.05221971869468689, 0.09771594405174255], "k_pid_vsp": [384.432373046875, 400.0, 400.0]}, "datetime": {"datetime": "2025-08-11 22:16:27", "elapsed": 21066.40314912796, "delta": 30.95936131477356}, "costs": {"total_cost": 1342.092358741317, "time_cost": 150, "final_distance_cost": 50.83458956960891, "oscillation_cost": 341.46769386763594, "completition_cost": 666.6666666666667, "overshoot_cost": 71.38391220215362, "power_cost": 32.61820281982422, "noise_cost": 29.12129361542754, "n_waypoints_completed": 3, "tot_waypoints": 9}}
{"target": -8020.89278295868, "params": {"k_pid_pos": [1.951158046722412, 1.0, 0.9526073336601257], "k_pid_alt": [2.0, 0.989879310131073, 0.9966630339622498], "k_pid_att": [0.0, 9.999999747378752e-05, 0.0], "k_pid_yaw": [0.5, 1e-06, 0.1], "k_pid_hsp": [9.484192848205566, 0.02146124839782715, 0.04186898469924927], "k_pid_vsp": [400.0, 400.0, 400.0]}, "datetime": {"datetime": "2025-08-11 22:16:57", "elapsed": 21096.725504159927, "delta": 30.322355031967163}, "costs": {"total_cost": 8020.89278295868, "time_cost": 150, "final_distance_cost": 901.506176171788, "oscillation_cost": 14.832581606265046, "completition_cost": 1000.0, "overshoot_cost": 5815.658482556231, "power_cost": 44.78642316894531, "noise_cost": 94.1091194554499, "n_waypoints_completed": 0, "tot_waypoints": 9}}
{"target": -938.2036423819889, "params": {"k_pid_pos": [1.959654688835144, 1.0, 0.9321695566177368], "k_pid_alt": [1.8664491176605225, 1.0, 0.9900926947593689], "k_pid_att": [0.8101224899291992, 9.999999747378752e-05, 0.010801196098327637], "k_pid_yaw": [0.5, 1e-06, 0.1], "k_pid_hsp": [10.0, 0.0, 0.0], "k_pid_vsp": [400.0, 400.0, 393.6483459472656]}, "datetime": {"datetime": "2025-08-11 22:17:27", "elapsed": 21127.15154647827, "delta": 30.426042318344116}, "costs": {"total_cost": 938.2036423819889, "time_cost": 150, "final_distance_cost": 51.48926770716161, "oscillation_cost": 161.4789842589399, "completition_cost": 444.4444444444444, "overshoot_cost": 66.88641234418864, "power_cost": 33.15972415771485, "noise_cost": 30.74480946953926, "n_waypoints_completed": 5, "tot_waypoints": 9}}
{"target": -1551.718149696954, "params": {"k_pid_pos": [1.8852671384811401, 0.9274784922599792, 1.0], "k_pid_alt": [2.0, 0.9917963743209839, 0.987160325050354], "k_pid_att": [2.9750585556030273, 9.999999747378752e-05, 0.0], "k_pid_yaw": [0.5, 1e-06, 0.1], "k_pid_hsp": [10.0, 0.039072662591934204, 0.01799255609512329], "k_pid_vsp": [383.9712219238281, 391.9673156738281, 400.0]}, "datetime": {"datetime": "2025-08-11 22:17:57", "elapsed": 21157.32971096039, "delta": 30.1781644821167}, "costs": {"total_cost": 1551.718149696954, "time_cost": 150, "final_distance_cost": 84.4906818757907, "oscillation_cost": 406.7513539630185, "completition_cost": 777.7777777777778, "overshoot_cost": 73.79250844794053, "power_cost": 31.724475146484377, "noise_cost": 27.18135248594216, "n_waypoints_completed": 2, "tot_waypoints": 9}}
{"target": -1869.2961640040176, "params": {"k_pid_pos": [2.0, 1.0, 1.0], "k_pid_alt": [2.0, 1.0, 1.0], "k_pid_att": [0.27811527252197266, 0.9672311544418335, 0.005016595125198364], "k_pid_yaw": [0.5, 1e-06, 0.1], "k_pid_hsp": [9.651259422302246, 0.0, 0.015871405601501465], "k_pid_vsp": [400.0, 400.0, 400.0]}, "datetime": {"datetime": "2025-08-11 22:18:28", "elapsed": 21188.047909021378, "delta": 30.71819806098938}, "costs": {"total_cost": 1869.2961640040176, "time_cost": 150, "final_distance_cost": 5.195502147568905, "oscillation_cost": 350.2823302697375, "completition_cost": 1000.0, "overshoot_cost": 163.61784615636952, "power_cost": 56.144464172363286, "noise_cost": 144.05602125797833, "n_waypoints_completed": 0, "tot_waypoints": 9}}
{"target": -941.3474462266654, "params": {"k_pid_pos": [2.0, 1.0, 1.0], "k_pid_alt": [2.0, 0.9891061782836914, 1.0], "k_pid_att": [1.095283031463623, 0.6620593070983887, 0.0], "k_pid_yaw": [0.5, 1e-06, 0.1], "k_pid_hsp": [9.078938484191895, 0.0, 0.0], "k_pid_vsp": [390.01885986328125, 400.0, 386.9333801269531]}, "datetime": {"datetime": "2025-08-11 22:18:58", "elapsed": 21218.36079645157, "delta": 30.31288743019104}, "costs": {"total_cost": 941.3474462266654, "time_cost": 150, "final_distance_cost": 63.44887866202723, "oscillation_cost": 263.8970156579908, "completition_cost": 333.33333333333337, "overshoot_cost": 66.7968133490436, "power_cost": 34.58206558837891, "noise_cost": 29.289339635891427, "n_waypoints_completed": 6, "tot_waypoints": 9}}
{"target": -477.98942130729273, "params": {"k_pid_pos": [2.0, 0.914167582988739, 1.0], "k_pid_alt": [2.0, 0.959142804145813, 1.0], "k_pid_att": [11.493319511413574, 9.999999747378752e-05, 0.1323612928390503], "k_pid_yaw": [0.5, 1e-06, 0.1], "k_pid_hsp": [10.0, 0.0, 0.007888466119766235], "k_pid_vsp": [400.0, 400.0, 375.4026794433594]}, "datetime": {"datetime": "2025-08-11 22:19:27", "elapsed": 21246.464467048645, "delta": 28.103670597076416}, "costs": {"total_cost": 477.98942130729273, "time_cost": 111.517, "final_distance_cost": 1.7594204890874447, "oscillation_cost": 238.47411522777554, "completition_cost": 0.0, "overshoot_cost": 69.3031457011021, "power_cost": 29.57546745605469, "noise_cost": 27.360272433272947, "n_waypoints_completed": 9, "tot_waypoints": 9}}
{"target": -3315.3600273457814, "params": {"k_pid_pos": [2.0, 0.9918361902236938, 0.9664044380187988], "k_pid_alt": [2.0, 1.0, 0.9870245456695557], "k_pid_att": [0.007510185241699219, 0.1779114007949829, 0.08319562673568726], "k_pid_yaw": [0.5, 1e-06, 0.1], "k_pid_hsp": [10.0, 0.060342609882354736, 0.0], "k_pid_vsp": [400.0, 400.0, 400.0]}, "datetime": {"datetime": "2025-08-11 22:19:56", "elapsed": 21276.19989323616, "delta": 29.73542618751526}, "costs": {"total_cost": 3315.3600273457814, "time_cost": 150, "final_distance_cost": 337.12717584075875, "oscillation_cost": 701.4831276129837, "completition_cost": 1000.0, "overshoot_cost": 906.1406192835236, "power_cost": 56.7962092163086, "noise_cost": 163.81289539220654, "n_waypoints_completed": 0, "tot_waypoints": 9}}
{"target": -4262.77796284515, "params": {"k_pid_pos": [1.8784302473068237, 0.9871853590011597, 0.9773620963096619], "k_pid_alt": [1.9276463985443115, 0.9740049839019775, 1.0], "k_pid_att": [0.0, 0.36962422728538513, 0.042501628398895264], "k_pid_yaw": [0.5, 1e-06, 0.1], "k_pid_hsp": [10.0, 0.027755409479141235, 0.047541260719299316], "k_pid_vsp": [393.1145324707031, 375.2487487792969, 400.0]}, "datetime": {"datetime": "2025-08-11 22:20:27", "elapsed": 21306.502214431763, "delta": 30.302321195602417}, "costs": {"total_cost": 4262.77796284515, "time_cost": 150, "final_distance_cost": 394.5603012021557, "oscillation_cost": 1330.0243391623872, "completition_cost": 1000.0, "overshoot_cost": 1159.7700610045308, "power_cost": 57.49691121826172, "noise_cost": 170.92635025781493, "n_waypoints_completed": 0, "tot_waypoints": 9}}
{"target": -1702.25840867491, "params": {"k_pid_pos": [1.9981392621994019, 1.0, 0.9952189922332764], "k_pid_alt": [2.0, 0.9540809988975525, 0.9925141334533691], "k_pid_att": [3.0331194400787354, 9.999999747378752e-05, 0.04124182462692261], "k_pid_yaw": [0.5, 1e-06, 0.1], "k_pid_hsp": [9.904667854309082, 0.024606645107269287, 0.09243449568748474], "k_pid_vsp": [400.0, 400.0, 394.24847412109375]}, "datetime": {"datetime": "2025-08-11 22:20:56", "elapsed": 21335.86544942856, "delta": 29.363234996795654}, "costs": {"total_cost": 1702.25840867491, "time_cost": 150, "final_distance_cost": 32.15332162218007, "oscillation_cost": 373.4706602308552, "completition_cost": 1000.0, "overshoot_cost": 89.10998908427793, "power_cost": 30.97941727294922, "noise_cost": 26.54502046464778, "n_waypoints_completed": 0, "tot_waypoints": 9}}
{"target": -1515.352100426027, "params": {"k_pid_pos": [1.9598947763442993, 1.0, 0.960889458656311], "k_pid_alt": [2.0, 0.9665638208389282, 0.993633508682251], "k_pid_att": [1.7828315496444702, 0.3428840637207031, 0.06612545251846313], "k_pid_yaw": [0.5, 1e-06, 0.1], "k_pid_hsp": [10.0, 0.047138601541519165, 0.0], "k_pid_vsp": [400.0, 394.91766357421875, 386.6292724609375]}, "datetime": {"datetime": "2025-08-11 22:21:27", "elapsed": 21366.847279071808, "delta": 30.98182964324951}, "costs": {"total_cost": 1515.352100426027, "time_cost": 150, "final_distance_cost": 0.9989991550167207, "oscillation_cost": 83.9099294281809, "completition_cost": 1000.0, "overshoot_cost": 156.4099609780999, "power_cost": 29.369167724609376, "noise_cost": 94.66404314012017, "n_waypoints_completed": 0, "tot_waypoints": 9}}
