{"target": -1377.3299443457993, "params": {"k_pid_pos": [2.0, 1.0, 1.0], "k_pid_alt": [1.8771246671676636, 1.0, 0.9671154022216797], "k_pid_att": [3.1906752586364746, 9.999999747378752e-05, 0.017631500959396362], "k_pid_yaw": [0.5, 1e-06, 0.1], "k_pid_hsp": [10.0, 0.0, 0.04342299699783325], "k_pid_vsp": [400.0, 400.0, 395.9321594238281]}, "datetime": {"datetime": "2025-08-11 20:01:20", "elapsed": 12960.294469594955, "delta": 30.859679698944092}, "costs": {"total_cost": 1377.3299443457993, "time_cost": 150, "final_distance_cost": 54.30555491176438, "oscillation_cost": 370.45148988685474, "completition_cost": 666.6666666666667, "overshoot_cost": 75.82035796953095, "power_cost": 32.14387818603516, "noise_cost": 27.941996724947302, "n_waypoints_completed": 3, "tot_waypoints": 9}}
{"target": -1160.767880183419, "params": {"k_pid_pos": [2.0, 0.9594969153404236, 0.9831600189208984], "k_pid_alt": [1.8297114372253418, 1.0, 1.0], "k_pid_att": [0.8830994367599487, 9.999999747378752e-05, 0.01147356629371643], "k_pid_yaw": [0.5, 1e-06, 0.1], "k_pid_hsp": [9.773604393005371, 0.0, 0.0], "k_pid_vsp": [400.0, 391.4578552246094, 400.0]}, "datetime": {"datetime": "2025-08-11 20:01:50", "elapsed": 12989.970753908157, "delta": 29.676284313201904}, "costs": {"total_cost": 1160.767880183419, "time_cost": 150, "final_distance_cost": 53.010163876957265, "oscillation_cost": 166.18968023460536, "completition_cost": 666.6666666666667, "overshoot_cost": 61.678093830992424, "power_cost": 32.78849326171875, "noise_cost": 30.434782312478568, "n_waypoints_completed": 3, "tot_waypoints": 9}}
{"target": -1626.0079812647853, "params": {"k_pid_pos": [1.9148322343826294, 0.9561388492584229, 0.9973781108856201], "k_pid_alt": [2.0, 1.0, 1.0], "k_pid_att": [6.06001615524292, 9.999999747378752e-05, 0.015379577875137329], "k_pid_yaw": [0.5, 1e-06, 0.1], "k_pid_hsp": [10.0, 0.0, 0.0], "k_pid_vsp": [399.79339599609375, 400.0, 397.1980895996094]}, "datetime": {"datetime": "2025-08-11 20:02:20", "elapsed": 13019.476091384888, "delta": 29.505337476730347}, "costs": {"total_cost": 1626.0079812647853, "time_cost": 150, "final_distance_cost": 86.47110147118006, "oscillation_cost": 482.5766593761451, "completition_cost": 777.7777777777778, "overshoot_cost": 67.20650644967367, "power_cost": 33.091138281250004, "noise_cost": 28.88479790875836, "n_waypoints_completed": 2, "tot_waypoints": 9}}
{"target": -1859.71365015103, "params": {"k_pid_pos": [1.8601406812667847, 1.0, 0.9727137088775635], "k_pid_alt": [2.0, 0.9170088171958923, 0.9857631921768188], "k_pid_att": [8.8942232131958, 9.999999747378752e-05, 0.02189210057258606], "k_pid_yaw": [0.5, 1e-06, 0.1], "k_pid_hsp": [9.318340301513672, 0.06769004464149475, 0.0], "k_pid_vsp": [381.77899169921875, 379.2479553222656, 385.2044982910156]}, "datetime": {"datetime": "2025-08-11 20:02:50", "elapsed": 13050.043776750565, "delta": 30.56768536567688}, "costs": {"total_cost": 1859.71365015103, "time_cost": 150, "final_distance_cost": 7.068241851730536, "oscillation_cost": 532.8460190331807, "completition_cost": 1000.0, "overshoot_cost": 110.95967872191137, "power_cost": 30.985350732421878, "noise_cost": 27.854359811785343, "n_waypoints_completed": 0, "tot_waypoints": 9}}
{"target": -8335.453479919512, "params": {"k_pid_pos": [1.9372539520263672, 1.0, 1.0], "k_pid_alt": [2.0, 0.9159878492355347, 1.0], "k_pid_att": [0.0, 9.999999747378752e-05, 0.0076468586921691895], "k_pid_yaw": [0.5, 1e-06, 0.1], "k_pid_hsp": [9.538849830627441, 0.0, 0.0], "k_pid_vsp": [391.2151184082031, 384.6860046386719, 400.0]}, "datetime": {"datetime": "2025-08-11 20:03:21", "elapsed": 13080.640594959259, "delta": 30.596818208694458}, "costs": {"total_cost": 8335.453479919512, "time_cost": 150, "final_distance_cost": 2167.2912127083086, "oscillation_cost": 10.102488428123863, "completition_cost": 1000.0, "overshoot_cost": 4886.591586492323, "power_cost": 40.203529821777344, "noise_cost": 81.26466246897805, "n_waypoints_completed": 0, "tot_waypoints": 9}}
{"target": -1184.4392792799126, "params": {"k_pid_pos": [2.0, 0.9444679021835327, 0.9910335540771484], "k_pid_alt": [1.9429941177368164, 1.0, 0.9862337112426758], "k_pid_att": [7.879236221313477, 9.999999747378752e-05, 0.06356647610664368], "k_pid_yaw": [0.5, 1e-06, 0.1], "k_pid_hsp": [9.660269737243652, 0.0, 0.09352266788482666], "k_pid_vsp": [393.9695739746094, 400.0, 397.6845397949219]}, "datetime": {"datetime": "2025-08-11 20:03:51", "elapsed": 13111.251877069473, "delta": 30.611282110214233}, "costs": {"total_cost": 1184.4392792799126, "time_cost": 150, "final_distance_cost": 46.06882476206806, "oscillation_cost": 420.63504692350165, "completition_cost": 444.4444444444444, "overshoot_cost": 61.14091159593615, "power_cost": 32.38938553466797, "noise_cost": 29.760666019294437, "n_waypoints_completed": 5, "tot_waypoints": 9}}
{"target": -1728.3118044500814, "params": {"k_pid_pos": [2.0, 1.0, 0.9312143325805664], "k_pid_alt": [2.0, 0.9834349155426025, 0.9883497357368469], "k_pid_att": [5.466210842132568, 9.999999747378752e-05, 0.06044185161590576], "k_pid_yaw": [0.5, 1e-06, 0.1], "k_pid_hsp": [9.885425567626953, 0.0, 0.0], "k_pid_vsp": [400.0, 400.0, 366.7178039550781]}, "datetime": {"datetime": "2025-08-11 20:04:21", "elapsed": 13141.12135386467, "delta": 29.869476795196533}, "costs": {"total_cost": 1728.3118044500814, "time_cost": 150, "final_distance_cost": 18.339781939957412, "oscillation_cost": 392.06230552970266, "completition_cost": 1000.0, "overshoot_cost": 110.47280121148697, "power_cost": 30.305489367675783, "noise_cost": 27.13142640125861, "n_waypoints_completed": 0, "tot_waypoints": 9}}
{"target": -1141.7003107808175, "params": {"k_pid_pos": [1.9753773212432861, 0.9561445713043213, 1.0], "k_pid_alt": [2.0, 0.998283863067627, 0.9901312589645386], "k_pid_att": [7.888403415679932, 9.999999747378752e-05, 0.01123344898223877], "k_pid_yaw": [0.5, 1e-06, 0.1], "k_pid_hsp": [10.0, 0.02755647897720337, 0.029896169900894165], "k_pid_vsp": [400.0, 373.11383056640625, 400.0]}, "datetime": {"datetime": "2025-08-11 20:04:52", "elapsed": 13171.437673091888, "delta": 30.316319227218628}, "costs": {"total_cost": 1141.7003107808175, "time_cost": 150, "final_distance_cost": 63.97064756345064, "oscillation_cost": 463.77933964586845, "completition_cost": 333.33333333333337, "overshoot_cost": 69.11231023577992, "power_cost": 31.907240539550784, "noise_cost": 29.59743946283456, "n_waypoints_completed": 6, "tot_waypoints": 9}}
{"target": -4211.237239055809, "params": {"k_pid_pos": [2.0, 0.9379812479019165, 0.9388375878334045], "k_pid_alt": [2.0, 1.0, 0.9633018970489502], "k_pid_att": [0.0, 0.38001736998558044, 0.0], "k_pid_yaw": [0.5, 1e-06, 0.1], "k_pid_hsp": [10.0, 0.013003647327423096, 0.035915374755859375], "k_pid_vsp": [400.0, 400.0, 386.3736267089844]}, "datetime": {"datetime": "2025-08-11 20:05:22", "elapsed": 13201.65646648407, "delta": 30.218793392181396}, "costs": {"total_cost": 4211.237239055809, "time_cost": 150, "final_distance_cost": 361.22638097507263, "oscillation_cost": 1657.5776657937865, "completition_cost": 1000.0, "overshoot_cost": 812.4457549369668, "power_cost": 57.377213122558594, "noise_cost": 172.61022422742423, "n_waypoints_completed": 0, "tot_waypoints": 9}}
{"target": -1745.6643772531852, "params": {"k_pid_pos": [2.0, 0.9671401381492615, 1.0], "k_pid_alt": [1.9159163236618042, 0.9864516258239746, 1.0], "k_pid_att": [2.2628517150878906, 9.999999747378752e-05, 0.04377785325050354], "k_pid_yaw": [0.5, 1e-06, 0.1], "k_pid_hsp": [10.0, 0.0, 0.0], "k_pid_vsp": [386.9377746582031, 377.7901306152344, 400.0]}, "datetime": {"datetime": "2025-08-11 20:05:57", "elapsed": 13236.700145959854, "delta": 35.0436794757843}, "costs": {"total_cost": 1745.6643772531852, "time_cost": 150, "final_distance_cost": 0.9996663884065917, "oscillation_cost": 300.5590152352363, "completition_cost": 1000.0, "overshoot_cost": 160.33929645147734, "power_cost": 29.231125390625003, "noise_cost": 104.53527378744006, "n_waypoints_completed": 0, "tot_waypoints": 9}}
{"target": -1521.9151337466624, "params": {"k_pid_pos": [1.903199315071106, 1.0, 1.0], "k_pid_alt": [2.0, 1.0, 1.0], "k_pid_att": [1.742979884147644, 0.47467756271362305, 0.06823959946632385], "k_pid_yaw": [0.5, 1e-06, 0.1], "k_pid_hsp": [9.538054466247559, 0.06374385952949524, 0.092232346534729], "k_pid_vsp": [400.0, 400.0, 400.0]}, "datetime": {"datetime": "2025-08-11 20:06:29", "elapsed": 13269.210282087326, "delta": 32.510136127471924}, "costs": {"total_cost": 1521.9151337466624, "time_cost": 150, "final_distance_cost": 0.995138836852381, "oscillation_cost": 96.29885221516601, "completition_cost": 1000.0, "overshoot_cost": 153.75803663504706, "power_cost": 29.480563134765628, "noise_cost": 91.38254292483123, "n_waypoints_completed": 0, "tot_waypoints": 9}}
{"target": -3477.515884670494, "params": {"k_pid_pos": [2.0, 0.9644222259521484, 1.0], "k_pid_alt": [1.9564218521118164, 0.9961485266685486, 1.0], "k_pid_att": [0.0, 9.999999747378752e-05, 0.053804367780685425], "k_pid_yaw": [0.5, 1e-06, 0.1], "k_pid_hsp": [10.0, 0.0, 0.0], "k_pid_vsp": [398.7172546386719, 380.9720458984375, 396.81756591796875]}, "datetime": {"datetime": "2025-08-11 20:07:00", "elapsed": 13299.395595312119, "delta": 30.18531322479248}, "costs": {"total_cost": 3477.515884670494, "time_cost": 150, "final_distance_cost": 739.4276637181116, "oscillation_cost": 3.9686595683853527, "completition_cost": 1000.0, "overshoot_cost": 1465.209792531821, "power_cost": 29.783016076660157, "noise_cost": 89.12675277551558, "n_waypoints_completed": 0, "tot_waypoints": 9}}
{"target": -3571.663189736694, "params": {"k_pid_pos": [1.850798487663269, 1.0, 0.9668256044387817], "k_pid_alt": [2.0, 0.924721360206604, 0.9663103818893433], "k_pid_att": [0.0, 9.999999747378752e-05, 0.0430046021938324], "k_pid_yaw": [0.5, 1e-06, 0.1], "k_pid_hsp": [9.759138107299805, 0.0, 0.04886406660079956], "k_pid_vsp": [398.17486572265625, 400.0, 400.0]}, "datetime": {"datetime": "2025-08-11 20:07:30", "elapsed": 13329.729628324509, "delta": 30.334033012390137}, "costs": {"total_cost": 3571.663189736694, "time_cost": 150, "final_distance_cost": 731.7727023855266, "oscillation_cost": 4.449044983341557, "completition_cost": 1000.0, "overshoot_cost": 1566.6241663403175, "power_cost": 29.871564233398438, "noise_cost": 88.94571179410976, "n_waypoints_completed": 0, "tot_waypoints": 9}}
{"target": -1707.1593857619714, "params": {"k_pid_pos": [2.0, 1.0, 1.0], "k_pid_alt": [2.0, 1.0, 1.0], "k_pid_att": [1.9716441631317139, 0.20189456641674042, 0.04693904519081116], "k_pid_yaw": [0.5, 1e-06, 0.1], "k_pid_hsp": [9.416780471801758, 0.04265877604484558, 0.0], "k_pid_vsp": [400.0, 400.0, 400.0]}, "datetime": {"datetime": "2025-08-11 20:08:01", "elapsed": 13360.372638463974, "delta": 30.643010139465332}, "costs": {"total_cost": 1707.1593857619714, "time_cost": 150, "final_distance_cost": 0.9998595662924902, "oscillation_cost": 268.21473434590024, "completition_cost": 1000.0, "overshoot_cost": 158.81858952523763, "power_cost": 29.299469641113284, "noise_cost": 99.82673268342741, "n_waypoints_completed": 0, "tot_waypoints": 9}}
{"target": -8048.352708235668, "params": {"k_pid_pos": [1.9336127042770386, 0.9628943204879761, 0.9977409839630127], "k_pid_alt": [1.8903285264968872, 0.888606071472168, 0.9475737810134888], "k_pid_att": [0.0, 9.999999747378752e-05, 0.0], "k_pid_yaw": [0.5, 1e-06, 0.1], "k_pid_hsp": [10.0, 0.0054524242877960205, 0.0], "k_pid_vsp": [386.75225830078125, 400.0, 369.1502990722656]}, "datetime": {"datetime": "2025-08-11 20:08:31", "elapsed": 13391.08203959465, "delta": 30.70940113067627}, "costs": {"total_cost": 8048.352708235668, "time_cost": 150, "final_distance_cost": 1191.394443218153, "oscillation_cost": 15.083783839173446, "completition_cost": 1000.0, "overshoot_cost": 5564.886646528067, "power_cost": 44.647799523925784, "noise_cost": 82.3400351263486, "n_waypoints_completed": 0, "tot_waypoints": 9}}
{"target": -827.4126833524925, "params": {"k_pid_pos": [1.9832853078842163, 0.9166477918624878, 0.988988995552063], "k_pid_alt": [1.8442373275756836, 1.0, 1.0], "k_pid_att": [0.5734235048294067, 0.1625368297100067, 0.0], "k_pid_yaw": [0.5, 1e-06, 0.1], "k_pid_hsp": [10.0, 0.0, 0.0], "k_pid_vsp": [400.0, 385.8275451660156, 400.0]}, "datetime": {"datetime": "2025-08-11 20:09:02", "elapsed": 13422.196343898773, "delta": 31.114304304122925}, "costs": {"total_cost": 827.4126833524925, "time_cost": 150, "final_distance_cost": 55.23978659861701, "oscillation_cost": 158.9624934302302, "completition_cost": 333.33333333333337, "overshoot_cost": 65.00415555194449, "power_cost": 35.115668566894534, "noise_cost": 29.757245871472932, "n_waypoints_completed": 6, "tot_waypoints": 9}}
{"target": -6969.925994970436, "params": {"k_pid_pos": [2.0, 0.9858411550521851, 1.0], "k_pid_alt": [2.0, 1.0, 1.0], "k_pid_att": [0.0, 0.1074296087026596, 0.0379599928855896], "k_pid_yaw": [0.5, 1e-06, 0.1], "k_pid_hsp": [9.781146049499512, 0.11702275276184082, 0.06240382790565491], "k_pid_vsp": [400.0, 387.4173278808594, 400.0]}, "datetime": {"datetime": "2025-08-11 20:09:33", "elapsed": 13452.858392953873, "delta": 30.662049055099487}, "costs": {"total_cost": 6969.925994970436, "time_cost": 150, "final_distance_cost": 1821.9124725362217, "oscillation_cost": 774.5354806490543, "completition_cost": 1000.0, "overshoot_cost": 2998.2419627957, "power_cost": 57.64850093994141, "noise_cost": 167.58757804951847, "n_waypoints_completed": 0, "tot_waypoints": 9}}
{"target": -8060.955909969533, "params": {"k_pid_pos": [1.9459856748580933, 1.0, 1.0], "k_pid_alt": [1.951664686203003, 0.927918553352356, 0.9704809784889221], "k_pid_att": [0.0, 9.999999747378752e-05, 0.0], "k_pid_yaw": [0.5, 1e-06, 0.1], "k_pid_hsp": [10.0, 0.0, 0.0008965432643890381], "k_pid_vsp": [400.0, 400.0, 393.70098876953125]}, "datetime": {"datetime": "2025-08-11 20:10:03", "elapsed": 13483.110962152481, "delta": 30.2525691986084}, "costs": {"total_cost": 8060.955909969533, "time_cost": 150, "final_distance_cost": 976.6712532250049, "oscillation_cost": 14.87911851449398, "completition_cost": 1000.0, "overshoot_cost": 5785.303655388585, "power_cost": 44.324067590332035, "noise_cost": 89.77781525111833, "n_waypoints_completed": 0, "tot_waypoints": 9}}
{"target": -8033.013664619174, "params": {"k_pid_pos": [1.939731478691101, 1.0, 1.0], "k_pid_alt": [1.8490427732467651, 0.9855471849441528, 1.0], "k_pid_att": [0.0, 9.999999747378752e-05, 0.0], "k_pid_yaw": [0.5, 1e-06, 0.1], "k_pid_hsp": [10.0, 0.027433156967163086, 0.0], "k_pid_vsp": [394.6754455566406, 400.0, 371.3653564453125]}, "datetime": {"datetime": "2025-08-11 20:10:33", "elapsed": 13513.158274650574, "delta": 30.04731249809265}, "costs": {"total_cost": 8033.013664619174, "time_cost": 150, "final_distance_cost": 1179.7565039953133, "oscillation_cost": 15.239377920353299, "completition_cost": 1000.0, "overshoot_cost": 5563.187291896051, "power_cost": 45.17963911132813, "noise_cost": 79.6508516961286, "n_waypoints_completed": 0, "tot_waypoints": 9}}
{"target": -11248.65858488288, "params": {"k_pid_pos": [1.9730550050735474, 1.0, 1.0], "k_pid_alt": [2.0, 1.0, 0.9898477792739868], "k_pid_att": [0.0, 0.5200464129447937, 0.0], "k_pid_yaw": [0.5, 1e-06, 0.1], "k_pid_hsp": [10.0, 0.0, 0.07586014270782471], "k_pid_vsp": [400.0, 397.993408203125, 400.0]}, "datetime": {"datetime": "2025-08-11 20:11:05", "elapsed": 13544.607697725296, "delta": 31.44942307472229}, "costs": {"total_cost": 11248.65858488288, "time_cost": 150, "final_distance_cost": 3680.169117315341, "oscillation_cost": 1899.315781089572, "completition_cost": 1000.0, "overshoot_cost": 4285.287005571843, "power_cost": 58.24794685058594, "noise_cost": 175.63873405553764, "n_waypoints_completed": 0, "tot_waypoints": 9}}
{"target": -1138.650586995504, "params": {"k_pid_pos": [2.0, 1.0, 1.0], "k_pid_alt": [1.9623918533325195, 0.957796573638916, 0.9925007820129395], "k_pid_att": [6.868332862854004, 0.352366179227829, 0.0], "k_pid_yaw": [0.5, 1e-06, 0.1], "k_pid_hsp": [10.0, 0.0, 0.021613240242004395], "k_pid_vsp": [395.6968994140625, 400.0, 399.1445617675781]}, "datetime": {"datetime": "2025-08-11 20:11:34", "elapsed": 13574.27242398262, "delta": 29.66472625732422}, "costs": {"total_cost": 1138.650586995504, "time_cost": 150, "final_distance_cost": 64.0443571200114, "oscillation_cost": 462.9151439722772, "completition_cost": 333.33333333333337, "overshoot_cost": 65.66838184922702, "power_cost": 32.82100985107422, "noise_cost": 29.868360869580712, "n_waypoints_completed": 6, "tot_waypoints": 9}}
{"target": -1359.3577770968816, "params": {"k_pid_pos": [2.0, 1.0, 1.0], "k_pid_alt": [2.0, 1.0, 1.0], "k_pid_att": [2.704465389251709, 9.999999747378752e-05, 0.0], "k_pid_yaw": [0.5, 1e-06, 0.1], "k_pid_hsp": [9.716741561889648, 0.0032903552055358887, 0.06603580713272095], "k_pid_vsp": [393.1110534667969, 400.0, 400.0]}, "datetime": {"datetime": "2025-08-11 20:12:04", "elapsed": 13604.126971960068, "delta": 29.85454797744751}, "costs": {"total_cost": 1359.3577770968816, "time_cost": 150, "final_distance_cost": 51.89070150088391, "oscillation_cost": 363.58129341254465, "completition_cost": 666.6666666666667, "overshoot_cost": 65.70482354681629, "power_cost": 32.71684805908203, "noise_cost": 28.797443910888127, "n_waypoints_completed": 3, "tot_waypoints": 9}}
{"target": -8061.259846270694, "params": {"k_pid_pos": [1.9640216827392578, 0.9918795824050903, 1.0], "k_pid_alt": [1.9012125730514526, 0.9949800968170166, 1.0], "k_pid_att": [0.0, 9.999999747378752e-05, 0.0], "k_pid_yaw": [0.5, 1e-06, 0.1], "k_pid_hsp": [9.873781204223633, 0.0, 0.028931498527526855], "k_pid_vsp": [400.0, 395.21722412109375, 388.9287414550781]}, "datetime": {"datetime": "2025-08-11 20:12:34", "elapsed": 13634.274889945984, "delta": 30.147917985916138}, "costs": {"total_cost": 8061.259846270694, "time_cost": 150, "final_distance_cost": 1051.0821445628908, "oscillation_cost": 14.957543956468436, "completition_cost": 1000.0, "overshoot_cost": 5710.232343229041, "power_cost": 45.10006062011719, "noise_cost": 89.8877539021764, "n_waypoints_completed": 0, "tot_waypoints": 9}}
{"target": -831.5210374651148, "params": {"k_pid_pos": [1.9311479330062866, 0.9317575693130493, 0.9503885507583618], "k_pid_alt": [2.0, 0.9225915670394897, 0.9819381833076477], "k_pid_att": [0.9817153215408325, 0.8396820425987244, 0.0], "k_pid_yaw": [0.5, 1e-06, 0.1], "k_pid_hsp": [10.0, 0.0, 0.02838614583015442], "k_pid_vsp": [400.0, 400.0, 378.9719543457031]}, "datetime": {"datetime": "2025-08-11 20:13:04", "elapsed": 13664.141460180283, "delta": 29.866570234298706}, "costs": {"total_cost": 831.5210374651148, "time_cost": 150, "final_distance_cost": 64.40450170282897, "oscillation_cost": 270.04022568898574, "completition_cost": 222.2222222222222, "overshoot_cost": 58.995065516922416, "power_cost": 35.85703425292969, "noise_cost": 30.001988081225804, "n_waypoints_completed": 7, "tot_waypoints": 9}}
{"target": -9533.182977777675, "params": {"k_pid_pos": [2.0, 0.9380950927734375, 0.9450382590293884], "k_pid_alt": [2.0, 1.0, 0.9716881513595581], "k_pid_att": [0.0, 9.999999747378752e-05, 0.0], "k_pid_yaw": [0.5, 1e-06, 0.1], "k_pid_hsp": [9.532114028930664, 0.07168138027191162, 0.10355105996131897], "k_pid_vsp": [400.0, 400.0, 371.8760986328125]}, "datetime": {"datetime": "2025-08-11 20:13:35", "elapsed": 13694.628823041916, "delta": 30.4873628616333}, "costs": {"total_cost": 9533.182977777675, "time_cost": 150, "final_distance_cost": 761.6877648023298, "oscillation_cost": 14.885963247782156, "completition_cost": 1000.0, "overshoot_cost": 7455.898575427014, "power_cost": 48.69859642333984, "noise_cost": 102.01207787720949, "n_waypoints_completed": 0, "tot_waypoints": 9}}
{"target": -10533.500863366908, "params": {"k_pid_pos": [1.9819889068603516, 0.9656903743743896, 0.9856032729148865], "k_pid_alt": [1.9658504724502563, 1.0, 0.9793174862861633], "k_pid_att": [0.0, 9.999999747378752e-05, 0.0], "k_pid_yaw": [0.5, 1e-06, 0.1], "k_pid_hsp": [10.0, 0.0004526376724243164, 0.08471518754959106], "k_pid_vsp": [394.2710266113281, 400.0, 400.0]}, "datetime": {"datetime": "2025-08-11 20:14:05", "elapsed": 13724.734152793884, "delta": 30.105329751968384}, "costs": {"total_cost": 10533.500863366908, "time_cost": 150, "final_distance_cost": 1113.8230784358313, "oscillation_cost": 14.629135758358734, "completition_cost": 1000.0, "overshoot_cost": 8085.404786282112, "power_cost": 48.40823640136719, "noise_cost": 121.23562648923922, "n_waypoints_completed": 0, "tot_waypoints": 9}}
{"target": -1480.7798390471964, "params": {"k_pid_pos": [1.913918137550354, 0.9195675253868103, 1.0], "k_pid_alt": [1.9923065900802612, 0.9508073329925537, 0.992496132850647], "k_pid_att": [7.633998870849609, 0.8754188418388367, 0.04412716627120972], "k_pid_yaw": [0.5, 1e-06, 0.1], "k_pid_hsp": [10.0, 0.0, 0.0], "k_pid_vsp": [400.0, 400.0, 360.2785949707031]}, "datetime": {"datetime": "2025-08-11 20:14:35", "elapsed": 13754.924780845642, "delta": 30.190628051757812}, "costs": {"total_cost": 1480.7798390471964, "time_cost": 150, "final_distance_cost": 85.83057980309296, "oscillation_cost": 456.69062769429985, "completition_cost": 666.6666666666667, "overshoot_cost": 61.53991370695626, "power_cost": 31.726005993652347, "noise_cost": 28.32604518252833, "n_waypoints_completed": 3, "tot_waypoints": 9}}
