{"target": -3596.6457253196295, "params": {"k_pid_pos": [1.9190633296966553, 0.9183216691017151, 0.9654976725578308], "k_pid_alt": [1.9801838397979736, 1.0, 1.0], "k_pid_att": [0.0, 9.999999747378752e-05, 0.08663281798362732], "k_pid_yaw": [0.5, 1e-06, 0.1], "k_pid_hsp": [10.0, 0.0, 0.0029314756393432617], "k_pid_vsp": [372.5145263671875, 385.34283447265625, 400.0]}, "datetime": {"datetime": "2025-08-12 03:05:33", "elapsed": 38412.38848114014, "delta": 32.26849174499512}, "costs": {"total_cost": 3596.6457253196295, "time_cost": 150, "final_distance_cost": 625.9417082719464, "oscillation_cost": 3.533372826709194, "completition_cost": 1000.0, "overshoot_cost": 1674.2845589708352, "power_cost": 29.208721728515627, "noise_cost": 113.67736352162295, "n_waypoints_completed": 0, "tot_waypoints": 9}}
{"target": -5521.158886578364, "params": {"k_pid_pos": [2.0, 0.9119213223457336, 0.9969707727432251], "k_pid_alt": [2.0, 1.0, 1.0], "k_pid_att": [0.0, 0.24984155595302582, 0.08031535148620605], "k_pid_yaw": [0.5, 1e-06, 0.1], "k_pid_hsp": [10.0, 0.0, 0.0], "k_pid_vsp": [363.7151184082031, 395.14556884765625, 400.0]}, "datetime": {"datetime": "2025-08-12 03:06:03", "elapsed": 38443.15386605263, "delta": 30.765384912490845}, "costs": {"total_cost": 5521.158886578364, "time_cost": 150, "final_distance_cost": 825.7560463485896, "oscillation_cost": 859.1269630484372, "completition_cost": 1000.0, "overshoot_cost": 2462.7672961778794, "power_cost": 56.67563376464844, "noise_cost": 166.8329472388091, "n_waypoints_completed": 0, "tot_waypoints": 9}}
{"target": -5458.941477665533, "params": {"k_pid_pos": [1.723586082458496, 0.9878575801849365, 1.0], "k_pid_alt": [1.967281460762024, 1.0, 0.9329651594161987], "k_pid_att": [0.0, 1.1780205965042114, 0.07191580533981323], "k_pid_yaw": [0.5, 1e-06, 0.1], "k_pid_hsp": [9.740558624267578, 0.0, 0.006159871816635132], "k_pid_vsp": [397.8874816894531, 400.0, 391.5706787109375]}, "datetime": {"datetime": "2025-08-12 03:06:34", "elapsed": 38473.82357382774, "delta": 30.669707775115967}, "costs": {"total_cost": 5458.941477665533, "time_cost": 150, "final_distance_cost": 739.757779793928, "oscillation_cost": 2084.2364227249186, "completition_cost": 1000.0, "overshoot_cost": 1252.738895287565, "power_cost": 57.89322575683594, "noise_cost": 174.31515410228613, "n_waypoints_completed": 0, "tot_waypoints": 9}}
{"target": -1496.3553595437409, "params": {"k_pid_pos": [2.0, 0.9195683598518372, 1.0], "k_pid_alt": [2.0, 0.9487887024879456, 0.9907512664794922], "k_pid_att": [5.979866027832031, 0.0025068114046007395, 0.0], "k_pid_yaw": [0.5, 1e-06, 0.1], "k_pid_hsp": [10.0, 0.03731021285057068, 0.0], "k_pid_vsp": [390.6983947753906, 376.4998474121094, 400.0]}, "datetime": {"datetime": "2025-08-12 03:07:04", "elapsed": 38504.2661781311, "delta": 30.442604303359985}, "costs": {"total_cost": 1496.3553595437409, "time_cost": 150, "final_distance_cost": 56.71365834439906, "oscillation_cost": 483.6318505287513, "completition_cost": 666.6666666666667, "overshoot_cost": 79.07961131706345, "power_cost": 32.077241064453126, "noise_cost": 28.186331622407337, "n_waypoints_completed": 3, "tot_waypoints": 9}}
{"target": -1073.7184873067308, "params": {"k_pid_pos": [2.0, 0.9828629493713379, 1.0], "k_pid_alt": [1.8474806547164917, 0.9775890111923218, 0.9892683029174805], "k_pid_att": [0.5376547574996948, 9.999999747378752e-05, 0.0584084689617157], "k_pid_yaw": [0.5, 1e-06, 0.1], "k_pid_hsp": [9.608630180358887, 0.0, 0.0410790741443634], "k_pid_vsp": [400.0, 400.0, 389.0447082519531]}, "datetime": {"datetime": "2025-08-12 03:07:35", "elapsed": 38535.17176580429, "delta": 30.905587673187256}, "costs": {"total_cost": 1073.7184873067308, "time_cost": 150, "final_distance_cost": 44.5308638321455, "oscillation_cost": 84.28311544763851, "completition_cost": 666.6666666666667, "overshoot_cost": 64.75853304864914, "power_cost": 33.292634240722656, "noise_cost": 30.186674070908314, "n_waypoints_completed": 3, "tot_waypoints": 9}}
{"target": -8315.453456642601, "params": {"k_pid_pos": [2.0, 0.9779207706451416, 0.9490165114402771], "k_pid_alt": [1.8378407955169678, 0.9117794036865234, 0.9742036461830139], "k_pid_att": [0.0, 9.999999747378752e-05, 0.0], "k_pid_yaw": [0.5, 1e-06, 0.1], "k_pid_hsp": [9.959948539733887, 0.003912478685379028, 0.0], "k_pid_vsp": [388.85467529296875, 370.79010009765625, 376.6945495605469]}, "datetime": {"datetime": "2025-08-12 03:08:07", "elapsed": 38567.225085258484, "delta": 32.053319454193115}, "costs": {"total_cost": 8315.453456642601, "time_cost": 150, "final_distance_cost": 1144.2283678464817, "oscillation_cost": 14.98116643366117, "completition_cost": 1000.0, "overshoot_cost": 5871.110098517748, "power_cost": 45.003088305664065, "noise_cost": 90.13073553904532, "n_waypoints_completed": 0, "tot_waypoints": 9}}
{"target": -1881.800171699645, "params": {"k_pid_pos": [1.9407366514205933, 0.896414041519165, 0.9822379350662231], "k_pid_alt": [2.0, 1.0, 1.0], "k_pid_att": [5.729860305786133, 0.0005023273406550288, 0.04728281497955322], "k_pid_yaw": [0.5, 1e-06, 0.1], "k_pid_hsp": [10.0, 0.005653321743011475, 0.0], "k_pid_vsp": [400.0, 400.0, 400.0]}, "datetime": {"datetime": "2025-08-12 03:08:38", "elapsed": 38598.33772563934, "delta": 31.112640380859375}, "costs": {"total_cost": 1881.800171699645, "time_cost": 150, "final_distance_cost": 0.9979520389795268, "oscillation_cost": 445.5965653870881, "completition_cost": 1000.0, "overshoot_cost": 156.71899450697893, "power_cost": 30.203128454589844, "noise_cost": 98.28353131200868, "n_waypoints_completed": 0, "tot_waypoints": 9}}
{"target": -1599.4085199855858, "params": {"k_pid_pos": [1.976896047592163, 1.0, 1.0], "k_pid_alt": [1.7763698101043701, 0.9313851594924927, 0.9784007668495178], "k_pid_att": [1.0916531085968018, 0.5040736794471741, 0.047536253929138184], "k_pid_yaw": [0.5, 1e-06, 0.1], "k_pid_hsp": [10.0, 0.04597046971321106, 0.1119123101234436], "k_pid_vsp": [400.0, 400.0, 390.7270202636719]}, "datetime": {"datetime": "2025-08-12 03:09:09", "elapsed": 38629.05191063881, "delta": 30.714184999465942}, "costs": {"total_cost": 1599.4085199855858, "time_cost": 150, "final_distance_cost": 0.9999468633519966, "oscillation_cost": 166.27947142203791, "completition_cost": 1000.0, "overshoot_cost": 156.65178004430382, "power_cost": 29.46215283203125, "noise_cost": 96.01516882386068, "n_waypoints_completed": 0, "tot_waypoints": 9}}
{"target": -1050.0156193183896, "params": {"k_pid_pos": [2.0, 1.0, 1.0], "k_pid_alt": [2.0, 1.0, 0.963175892829895], "k_pid_att": [15.058732032775879, 0.04487068951129913, 0.0], "k_pid_yaw": [0.5, 1e-06, 0.1], "k_pid_hsp": [8.205832481384277, 0.021074503660202026, 0.00933191180229187], "k_pid_vsp": [400.0, 374.8032531738281, 393.53765869140625]}, "datetime": {"datetime": "2025-08-12 03:09:41", "elapsed": 38661.05103754997, "delta": 31.99912691116333}, "costs": {"total_cost": 1050.0156193183896, "time_cost": 150, "final_distance_cost": 73.57601443118436, "oscillation_cost": 480.9076269012578, "completition_cost": 222.2222222222222, "overshoot_cost": 59.5489171607658, "power_cost": 32.88253084716797, "noise_cost": 30.878307755791386, "n_waypoints_completed": 7, "tot_waypoints": 9}}
{"target": -1696.4467270304194, "params": {"k_pid_pos": [2.0, 1.0, 0.9784724712371826], "k_pid_alt": [1.9725723266601562, 1.0, 1.0], "k_pid_att": [2.5176644325256348, 9.999999747378752e-05, 0.029900938272476196], "k_pid_yaw": [0.5, 1e-06, 0.1], "k_pid_hsp": [10.0, 0.0, 0.02013564109802246], "k_pid_vsp": [400.0, 400.0, 400.0]}, "datetime": {"datetime": "2025-08-12 03:10:13", "elapsed": 38693.076763153076, "delta": 32.02572560310364}, "costs": {"total_cost": 1696.4467270304194, "time_cost": 150, "final_distance_cost": 14.983959558979315, "oscillation_cost": 348.13082460038976, "completition_cost": 1000.0, "overshoot_cost": 124.94282024325003, "power_cost": 31.879638513183597, "noise_cost": 26.509484114616786, "n_waypoints_completed": 0, "tot_waypoints": 9}}
{"target": -1501.4880700050055, "params": {"k_pid_pos": [1.8949731588363647, 0.9793806076049805, 1.0], "k_pid_alt": [2.0, 1.0, 0.9325261116027832], "k_pid_att": [1.2196481227874756, 0.1539788842201233, 0.06481906771659851], "k_pid_yaw": [0.5, 1e-06, 0.1], "k_pid_hsp": [10.0, 0.0, 0.0], "k_pid_vsp": [400.0, 400.0, 400.0]}, "datetime": {"datetime": "2025-08-12 03:10:43", "elapsed": 38723.0823097229, "delta": 30.00554656982422}, "costs": {"total_cost": 1501.4880700050055, "time_cost": 150, "final_distance_cost": 0.9983948082412447, "oscillation_cost": 70.20002759171105, "completition_cost": 1000.0, "overshoot_cost": 156.33069874421682, "power_cost": 29.332766345214846, "noise_cost": 94.62618251562154, "n_waypoints_completed": 0, "tot_waypoints": 9}}
{"target": -4933.366236634189, "params": {"k_pid_pos": [2.0, 1.0, 1.0], "k_pid_alt": [2.0, 0.9501662254333496, 0.9565495252609253], "k_pid_att": [0.0, 0.610731840133667, 0.0], "k_pid_yaw": [0.5, 1e-06, 0.1], "k_pid_hsp": [10.0, 0.0, 0.0], "k_pid_vsp": [388.3280334472656, 400.0, 382.8367614746094]}, "datetime": {"datetime": "2025-08-12 03:11:15", "elapsed": 38755.35825967789, "delta": 32.27594995498657}, "costs": {"total_cost": 4933.366236634189, "time_cost": 150, "final_distance_cost": 265.6069815416418, "oscillation_cost": 2078.6737738746388, "completition_cost": 1000.0, "overshoot_cost": 1206.1060041104108, "power_cost": 57.82772867431641, "noise_cost": 175.15174843318036, "n_waypoints_completed": 0, "tot_waypoints": 9}}
{"target": -1064.6643209369752, "params": {"k_pid_pos": [1.971550703048706, 0.9805698990821838, 1.0], "k_pid_alt": [1.9540715217590332, 0.9455280303955078, 0.9862144589424133], "k_pid_att": [4.167652130126953, 9.999999747378752e-05, 0.0], "k_pid_yaw": [0.5, 1e-06, 0.1], "k_pid_hsp": [9.532785415649414, 0.04402455687522888, 0.021995514631271362], "k_pid_vsp": [400.0, 388.5453796386719, 388.0152893066406]}, "datetime": {"datetime": "2025-08-12 03:11:46", "elapsed": 38786.292677402496, "delta": 30.934417724609375}, "costs": {"total_cost": 1064.6643209369752, "time_cost": 150, "final_distance_cost": 52.816071750260775, "oscillation_cost": 404.072274748876, "completition_cost": 333.33333333333337, "overshoot_cost": 63.94342251373615, "power_cost": 31.58426647949219, "noise_cost": 28.9149521112765, "n_waypoints_completed": 6, "tot_waypoints": 9}}
{"target": -1053.9692684720153, "params": {"k_pid_pos": [2.0, 1.0, 0.8900803327560425], "k_pid_alt": [2.0, 0.9689468145370483, 0.9770394563674927], "k_pid_att": [0.8511632680892944, 9.999999747378752e-05, 0.0], "k_pid_yaw": [0.5, 1e-06, 0.1], "k_pid_hsp": [10.0, 0.0, 0.0], "k_pid_vsp": [400.0, 400.0, 400.0]}, "datetime": {"datetime": "2025-08-12 03:12:17", "elapsed": 38817.08424973488, "delta": 30.791572332382202}, "costs": {"total_cost": 1053.9692684720153, "time_cost": 150, "final_distance_cost": 43.92128068779164, "oscillation_cost": 170.96350791234636, "completition_cost": 555.5555555555555, "overshoot_cost": 70.7639653744848, "power_cost": 33.06691417236328, "noise_cost": 29.698044769473704, "n_waypoints_completed": 4, "tot_waypoints": 9}}
{"target": -1055.9792578773431, "params": {"k_pid_pos": [2.0, 0.9986495971679688, 1.0], "k_pid_alt": [2.0, 0.9503012895584106, 1.0], "k_pid_att": [3.615877151489258, 9.999999747378752e-05, 0.0], "k_pid_yaw": [0.5, 1e-06, 0.1], "k_pid_hsp": [9.983766555786133, 0.009981513023376465, 0.0], "k_pid_vsp": [374.072265625, 393.3926696777344, 360.18792724609375]}, "datetime": {"datetime": "2025-08-12 03:12:50", "elapsed": 38849.41361165047, "delta": 32.32936191558838}, "costs": {"total_cost": 1055.9792578773431, "time_cost": 150, "final_distance_cost": 52.55347237538613, "oscillation_cost": 390.4340419866347, "completition_cost": 333.33333333333337, "overshoot_cost": 69.2552865790864, "power_cost": 32.699197094726564, "noise_cost": 27.70392650817595, "n_waypoints_completed": 6, "tot_waypoints": 9}}
{"target": -8278.385421918547, "params": {"k_pid_pos": [2.0, 0.9741014242172241, 0.9750532507896423], "k_pid_alt": [1.9656054973602295, 1.0, 0.9194921255111694], "k_pid_att": [0.0, 9.999999747378752e-05, 0.010819196701049805], "k_pid_yaw": [0.5, 1e-06, 0.1], "k_pid_hsp": [10.0, 0.0, 0.0], "k_pid_vsp": [379.3649597167969, 385.4170227050781, 374.8738708496094]}, "datetime": {"datetime": "2025-08-12 03:13:22", "elapsed": 38881.52918744087, "delta": 32.11557579040527}, "costs": {"total_cost": 8278.385421918547, "time_cost": 150, "final_distance_cost": 2204.257527933538, "oscillation_cost": 9.70340799298253, "completition_cost": 1000.0, "overshoot_cost": 4809.263071566624, "power_cost": 40.06739940185547, "noise_cost": 65.09401502354683, "n_waypoints_completed": 0, "tot_waypoints": 9}}
{"target": -1647.0569508816848, "params": {"k_pid_pos": [1.833817481994629, 0.9942187070846558, 0.9842501878738403], "k_pid_alt": [2.0, 1.0, 0.9414469003677368], "k_pid_att": [4.674142837524414, 9.999999747378752e-05, 0.04802900552749634], "k_pid_yaw": [0.5, 1e-06, 0.1], "k_pid_hsp": [9.310874938964844, 0.03469961881637573, 0.01614326238632202], "k_pid_vsp": [395.4268493652344, 400.0, 386.2654724121094]}, "datetime": {"datetime": "2025-08-12 03:13:55", "elapsed": 38914.836423397064, "delta": 33.30723595619202}, "costs": {"total_cost": 1647.0569508816848, "time_cost": 150, "final_distance_cost": 68.00639563147637, "oscillation_cost": 411.4183671342133, "completition_cost": 888.8888888888888, "overshoot_cost": 71.78137613848173, "power_cost": 30.18068669433594, "noise_cost": 26.78123639428872, "n_waypoints_completed": 1, "tot_waypoints": 9}}
{"target": -3818.3945897827243, "params": {"k_pid_pos": [1.8919743299484253, 0.9418985247612, 1.0], "k_pid_alt": [2.0, 0.9851901531219482, 0.9253562688827515], "k_pid_att": [0.0, 9.999999747378752e-05, 0.09833341836929321], "k_pid_yaw": [0.5, 1e-06, 0.1], "k_pid_hsp": [10.0, 0.032975345849990845, 0.0], "k_pid_vsp": [400.0, 373.1959228515625, 370.08050537109375]}, "datetime": {"datetime": "2025-08-12 03:14:26", "elapsed": 38945.838802814484, "delta": 31.002379417419434}, "costs": {"total_cost": 3818.3945897827243, "time_cost": 150, "final_distance_cost": 691.2937276474445, "oscillation_cost": 3.404739138775299, "completition_cost": 1000.0, "overshoot_cost": 1833.7568098779582, "power_cost": 29.447243786621094, "noise_cost": 110.49206933192491, "n_waypoints_completed": 0, "tot_waypoints": 9}}
{"target": -3868.3491686135844, "params": {"k_pid_pos": [1.9655617475509644, 1.0, 0.9863067269325256], "k_pid_alt": [2.0, 0.9482938051223755, 1.0], "k_pid_att": [0.0, 0.18334579467773438, 0.0], "k_pid_yaw": [0.5, 1e-06, 0.1], "k_pid_hsp": [9.97977352142334, 0.011636227369308472, 0.0], "k_pid_vsp": [400.0, 382.3398132324219, 370.5327453613281]}, "datetime": {"datetime": "2025-08-12 03:14:58", "elapsed": 38977.484699726105, "delta": 31.645896911621094}, "costs": {"total_cost": 3868.3491686135844, "time_cost": 150, "final_distance_cost": 383.6581945128308, "oscillation_cost": 931.9968524889201, "completition_cost": 1000.0, "overshoot_cost": 1175.780412345773, "power_cost": 58.11094838867188, "noise_cost": 168.802760877389, "n_waypoints_completed": 0, "tot_waypoints": 9}}
{"target": -1586.0194513932654, "params": {"k_pid_pos": [1.8517817258834839, 1.0, 0.980074405670166], "k_pid_alt": [2.0, 0.9593645334243774, 0.9552407264709473], "k_pid_att": [3.749936819076538, 9.999999747378752e-05, 0.0], "k_pid_yaw": [0.5, 1e-06, 0.1], "k_pid_hsp": [9.805373191833496, 0.0, 0.0], "k_pid_vsp": [375.1160583496094, 398.65203857421875, 400.0]}, "datetime": {"datetime": "2025-08-12 03:15:29", "elapsed": 39009.066440820694, "delta": 31.581741094589233}, "costs": {"total_cost": 1586.0194513932654, "time_cost": 150, "final_distance_cost": 78.47938253010444, "oscillation_cost": 445.6424456671671, "completition_cost": 777.7777777777778, "overshoot_cost": 75.77455924526241, "power_cost": 31.150679541015627, "noise_cost": 27.194606631937962, "n_waypoints_completed": 2, "tot_waypoints": 9}}
{"target": -3665.436931308072, "params": {"k_pid_pos": [2.0, 1.0, 1.0], "k_pid_alt": [1.893438458442688, 1.0, 1.0], "k_pid_att": [0.0, 0.17675745487213135, 0.0], "k_pid_yaw": [0.5, 1e-06, 0.1], "k_pid_hsp": [9.78590202331543, 0.023921936750411987, 0.029488444328308105], "k_pid_vsp": [400.0, 400.0, 400.0]}, "datetime": {"datetime": "2025-08-12 03:16:01", "elapsed": 39040.42646074295, "delta": 31.36001992225647}, "costs": {"total_cost": 3665.436931308072, "time_cost": 150, "final_distance_cost": 307.0854554190957, "oscillation_cost": 1044.4041760734242, "completition_cost": 1000.0, "overshoot_cost": 936.4868242372294, "power_cost": 57.748749963378906, "noise_cost": 169.71172561494342, "n_waypoints_completed": 0, "tot_waypoints": 9}}
{"target": -1129.8187979765596, "params": {"k_pid_pos": [1.9074043035507202, 0.9194718599319458, 1.0], "k_pid_alt": [2.0, 0.9701354503631592, 0.9900223016738892], "k_pid_att": [3.093552589416504, 9.999999747378752e-05, 0.0], "k_pid_yaw": [0.5, 1e-06, 0.1], "k_pid_hsp": [10.0, 0.0, 0.09081375598907471], "k_pid_vsp": [393.45892333984375, 394.104248046875, 372.7613830566406]}, "datetime": {"datetime": "2025-08-12 03:16:31", "elapsed": 39070.97231388092, "delta": 30.54585313796997}, "costs": {"total_cost": 1129.8187979765596, "time_cost": 150, "final_distance_cost": 54.365368104313475, "oscillation_cost": 356.56194520810664, "completition_cost": 444.4444444444444, "overshoot_cost": 63.15538350546021, "power_cost": 32.575126220703126, "noise_cost": 28.716530493531742, "n_waypoints_completed": 5, "tot_waypoints": 9}}
{"target": -1415.7535440906731, "params": {"k_pid_pos": [1.824294090270996, 1.0, 1.0], "k_pid_alt": [2.0, 0.9159839153289795, 0.9671962857246399], "k_pid_att": [0.35403966903686523, 9.999999747378752e-05, 0.0], "k_pid_yaw": [0.5, 1e-06, 0.1], "k_pid_hsp": [10.0, 0.0, 0.022537589073181152], "k_pid_vsp": [400.0, 400.0, 394.8668518066406]}, "datetime": {"datetime": "2025-08-12 03:17:02", "elapsed": 39102.21819448471, "delta": 31.245880603790283}, "costs": {"total_cost": 1415.7535440906731, "time_cost": 150, "final_distance_cost": 46.70321825972961, "oscillation_cost": 109.78965498231962, "completition_cost": 1000.0, "overshoot_cost": 46.04011072425338, "power_cost": 34.927717993164066, "noise_cost": 28.292842131206456, "n_waypoints_completed": 0, "tot_waypoints": 9}}
{"target": -8011.656218209567, "params": {"k_pid_pos": [2.0, 1.0, 1.0], "k_pid_alt": [2.0, 1.0, 0.9579282999038696], "k_pid_att": [0.0, 9.999999747378752e-05, 0.0], "k_pid_yaw": [0.5, 1e-06, 0.1], "k_pid_hsp": [10.0, 0.03515633940696716, 0.0], "k_pid_vsp": [400.0, 400.0, 396.1270751953125]}, "datetime": {"datetime": "2025-08-12 03:17:34", "elapsed": 39133.41338610649, "delta": 31.195191621780396}, "costs": {"total_cost": 8011.656218209567, "time_cost": 150, "final_distance_cost": 1000.9327214143945, "oscillation_cost": 14.89710653117984, "completition_cost": 1000.0, "overshoot_cost": 5710.929865656469, "power_cost": 44.35827169189454, "noise_cost": 90.53825291562904, "n_waypoints_completed": 0, "tot_waypoints": 9}}
{"target": -3669.422957211286, "params": {"k_pid_pos": [2.0, 0.8949605822563171, 0.9755158424377441], "k_pid_alt": [1.984145164489746, 1.0, 0.9189976453781128], "k_pid_att": [0.0, 0.11764037609100342, 0.10125741362571716], "k_pid_yaw": [0.5, 1e-06, 0.1], "k_pid_hsp": [10.0, 0.01294061541557312, 0.0], "k_pid_vsp": [400.0, 400.0, 356.8130187988281]}, "datetime": {"datetime": "2025-08-12 03:18:05", "elapsed": 39165.20205497742, "delta": 31.788668870925903}, "costs": {"total_cost": 3669.422957211286, "time_cost": 150, "final_distance_cost": 468.8123261567419, "oscillation_cost": 548.9751661059909, "completition_cost": 1000.0, "overshoot_cost": 1285.8868673337497, "power_cost": 56.64255367431641, "noise_cost": 159.10604394048752, "n_waypoints_completed": 0, "tot_waypoints": 9}}
{"target": -1014.5213122407625, "params": {"k_pid_pos": [2.0, 1.0, 1.0], "k_pid_alt": [2.0, 1.0, 1.0], "k_pid_att": [13.651627540588379, 0.051514752209186554, 0.028553634881973267], "k_pid_yaw": [0.5, 1e-06, 0.1], "k_pid_hsp": [9.612212181091309, 0.0, 0.008040457963943481], "k_pid_vsp": [361.0693359375, 400.0, 400.0]}, "datetime": {"datetime": "2025-08-12 03:18:37", "elapsed": 39196.82361459732, "delta": 31.621559619903564}, "costs": {"total_cost": 1014.5213122407625, "time_cost": 150, "final_distance_cost": 74.63377855658969, "oscillation_cost": 442.94733918193884, "completition_cost": 222.2222222222222, "overshoot_cost": 62.73394475883228, "power_cost": 31.80561608886719, "noise_cost": 30.17841143231241, "n_waypoints_completed": 7, "tot_waypoints": 9}}
{"target": -1287.2280888653374, "params": {"k_pid_pos": [1.908061146736145, 0.9436115026473999, 0.9874423742294312], "k_pid_alt": [2.0, 1.0, 0.9985942244529724], "k_pid_att": [4.238900661468506, 9.999999747378752e-05, 0.018495023250579834], "k_pid_yaw": [0.5, 1e-06, 0.1], "k_pid_hsp": [10.0, 0.03155970573425293, 0.060771942138671875], "k_pid_vsp": [400.0, 400.0, 392.5888977050781]}, "datetime": {"datetime": "2025-08-12 03:19:09", "elapsed": 39228.72204041481, "delta": 31.898425817489624}, "costs": {"total_cost": 1287.2280888653374, "time_cost": 150, "final_distance_cost": 47.196667796317996, "oscillation_cost": 408.5789155573811, "completition_cost": 555.5555555555555, "overshoot_cost": 63.443857160562594, "power_cost": 32.985951953125, "noise_cost": 29.46714084239501, "n_waypoints_completed": 4, "tot_waypoints": 9}}
