{"target": -1039.2632261428275, "params": {"k_pid_pos": [1.8974229097366333, 1.0, 0.9862372279167175], "k_pid_alt": [1.9136881828308105, 0.97398442029953, 1.0], "k_pid_att": [2.7525722980499268, 0.9559650421142578, 0.0], "k_pid_yaw": [0.5, 1e-06, 0.1], "k_pid_hsp": [9.414140701293945, 0.01547268033027649, 0.028584539890289307], "k_pid_vsp": [372.6065979003906, 400.0, 363.74884033203125]}, "datetime": {"datetime": "2025-08-11 23:46:38", "elapsed": 26477.631227970123, "delta": 30.855456590652466}, "costs": {"total_cost": 1039.2632261428275, "time_cost": 150, "final_distance_cost": 66.52068513699007, "oscillation_cost": 360.34974067793695, "completition_cost": 333.33333333333337, "overshoot_cost": 67.18872784633768, "power_cost": 33.05178211669922, "noise_cost": 28.818957031530292, "n_waypoints_completed": 6, "tot_waypoints": 9}}
{"target": -8084.038116362327, "params": {"k_pid_pos": [1.9510301351547241, 0.9867598414421082, 1.0], "k_pid_alt": [1.8785691261291504, 1.0, 0.9750393629074097], "k_pid_att": [0.0, 9.999999747378752e-05, 0.0], "k_pid_yaw": [0.5, 1e-06, 0.1], "k_pid_hsp": [10.0, 0.06647798418998718, 0.0], "k_pid_vsp": [400.0, 397.19500732421875, 396.1046142578125]}, "datetime": {"datetime": "2025-08-11 23:47:10", "elapsed": 26509.509208917618, "delta": 31.877980947494507}, "costs": {"total_cost": 8084.038116362327, "time_cost": 150, "final_distance_cost": 962.6525289758473, "oscillation_cost": 14.80411896916617, "completition_cost": 1000.0, "overshoot_cost": 5821.08683396156, "power_cost": 44.378437854003906, "noise_cost": 91.11619660174873, "n_waypoints_completed": 0, "tot_waypoints": 9}}
{"target": -4541.640811099538, "params": {"k_pid_pos": [1.822641134262085, 0.9877251386642456, 1.0], "k_pid_alt": [1.9218271970748901, 0.9157695770263672, 0.9552844762802124], "k_pid_att": [0.0, 0.6881557106971741, 0.014554709196090698], "k_pid_yaw": [0.5, 1e-06, 0.1], "k_pid_hsp": [9.242605209350586, 0.04729741811752319, 0.0], "k_pid_vsp": [373.4605407714844, 400.0, 400.0]}, "datetime": {"datetime": "2025-08-11 23:47:40", "elapsed": 26540.365429639816, "delta": 30.856220722198486}, "costs": {"total_cost": 4541.640811099538, "time_cost": 150, "final_distance_cost": 407.0924082465103, "oscillation_cost": 2029.8166152582191, "completition_cost": 1000.0, "overshoot_cost": 723.8091470601976, "power_cost": 57.00374940185547, "noise_cost": 173.91889113275556, "n_waypoints_completed": 0, "tot_waypoints": 9}}
{"target": -1678.1974966604078, "params": {"k_pid_pos": [2.0, 1.0, 1.0], "k_pid_alt": [1.8259830474853516, 0.9367486238479614, 1.0], "k_pid_att": [0.3336668014526367, 0.7056044936180115, 0.014929920434951782], "k_pid_yaw": [0.5, 1e-06, 0.1], "k_pid_hsp": [10.0, 0.02897167205810547, 0.0], "k_pid_vsp": [400.0, 400.0, 400.0]}, "datetime": {"datetime": "2025-08-11 23:48:12", "elapsed": 26571.642189502716, "delta": 31.27675986289978}, "costs": {"total_cost": 1678.1974966604078, "time_cost": 150, "final_distance_cost": 17.773709582442315, "oscillation_cost": 286.96681426383105, "completition_cost": 1000.0, "overshoot_cost": 120.99994902259095, "power_cost": 57.0173676147461, "noise_cost": 45.43965617679746, "n_waypoints_completed": 0, "tot_waypoints": 9}}
{"target": -8070.67309998171, "params": {"k_pid_pos": [2.0, 0.9840077757835388, 1.0], "k_pid_alt": [2.0, 0.9343094825744629, 1.0], "k_pid_att": [0.0, 9.999999747378752e-05, 0.0], "k_pid_yaw": [0.5, 1e-06, 0.1], "k_pid_hsp": [10.0, 0.031339049339294434, 0.02619442343711853], "k_pid_vsp": [400.0, 399.244140625, 376.5163879394531]}, "datetime": {"datetime": "2025-08-11 23:48:43", "elapsed": 26602.445137500763, "delta": 30.802947998046875}, "costs": {"total_cost": 8070.67309998171, "time_cost": 150, "final_distance_cost": 1099.340613180899, "oscillation_cost": 15.149792832573246, "completition_cost": 1000.0, "overshoot_cost": 5679.276847382062, "power_cost": 45.41676826171875, "noise_cost": 81.48907832445636, "n_waypoints_completed": 0, "tot_waypoints": 9}}
{"target": -1055.7343275033054, "params": {"k_pid_pos": [2.0, 0.9937541484832764, 1.0], "k_pid_alt": [2.0, 1.0, 0.9500596523284912], "k_pid_att": [3.570336103439331, 0.33255288004875183, 0.0], "k_pid_yaw": [0.5, 1e-06, 0.1], "k_pid_hsp": [9.845867156982422, 0.045486390590667725, 0.0], "k_pid_vsp": [381.4249572753906, 384.5933532714844, 359.69793701171875]}, "datetime": {"datetime": "2025-08-11 23:49:14", "elapsed": 26633.38801932335, "delta": 30.94288182258606}, "costs": {"total_cost": 1055.7343275033054, "time_cost": 150, "final_distance_cost": 63.866795384820335, "oscillation_cost": 378.84374240696343, "completition_cost": 333.33333333333337, "overshoot_cost": 66.34534666385179, "power_cost": 33.72111856689453, "noise_cost": 29.623991147441952, "n_waypoints_completed": 6, "tot_waypoints": 9}}
{"target": -1734.6584239945475, "params": {"k_pid_pos": [2.0, 0.9718565940856934, 0.9939162731170654], "k_pid_alt": [1.8694076538085938, 1.0, 0.9807339310646057], "k_pid_att": [3.0245959758758545, 9.999999747378752e-05, 0.01784631609916687], "k_pid_yaw": [0.5, 1e-06, 0.1], "k_pid_hsp": [9.703349113464355, 0.012585312128067017, 0.0], "k_pid_vsp": [400.0, 376.4438171386719, 382.028564453125]}, "datetime": {"datetime": "2025-08-11 23:49:44", "elapsed": 26664.15273308754, "delta": 30.764713764190674}, "costs": {"total_cost": 1734.6584239945475, "time_cost": 150, "final_distance_cost": 29.616704045259215, "oscillation_cost": 395.55707939006453, "completition_cost": 1000.0, "overshoot_cost": 101.2861855549014, "power_cost": 31.332823925781252, "noise_cost": 26.865631078541256, "n_waypoints_completed": 0, "tot_waypoints": 9}}
{"target": -1659.7831242918799, "params": {"k_pid_pos": [2.0, 1.0, 1.0], "k_pid_alt": [2.0, 1.0, 1.0], "k_pid_att": [1.5701830387115479, 9.999999747378752e-05, 0.0], "k_pid_yaw": [0.5, 1e-06, 0.1], "k_pid_hsp": [9.477864265441895, 0.07606703042984009, 0.0], "k_pid_vsp": [397.4043884277344, 387.20916748046875, 400.0]}, "datetime": {"datetime": "2025-08-11 23:50:14", "elapsed": 26694.296761512756, "delta": 30.144028425216675}, "costs": {"total_cost": 1659.7831242918799, "time_cost": 150, "final_distance_cost": 26.57244412933759, "oscillation_cost": 330.25683343296873, "completition_cost": 1000.0, "overshoot_cost": 95.1515426000721, "power_cost": 31.078088500976563, "noise_cost": 26.724215628525, "n_waypoints_completed": 0, "tot_waypoints": 9}}
{"target": -820.2822599944105, "params": {"k_pid_pos": [1.9801777601242065, 0.9774124622344971, 1.0], "k_pid_alt": [2.0, 0.9161769151687622, 0.9747375845909119], "k_pid_att": [0.22978782653808594, 0.11684972792863846, 0.0], "k_pid_yaw": [0.5, 1e-06, 0.1], "k_pid_hsp": [10.0, 0.0, 0.07159703969955444], "k_pid_vsp": [400.0, 399.9386901855469, 385.97955322265625]}, "datetime": {"datetime": "2025-08-11 23:50:45", "elapsed": 26724.640795230865, "delta": 30.34403371810913}, "costs": {"total_cost": 820.2822599944105, "time_cost": 150, "final_distance_cost": 59.08618273259873, "oscillation_cost": 131.59632290005163, "completition_cost": 333.33333333333337, "overshoot_cost": 77.88808994827905, "power_cost": 38.58726158447266, "noise_cost": 29.79106949567512, "n_waypoints_completed": 6, "tot_waypoints": 9}}
{"target": -1834.2308323473835, "params": {"k_pid_pos": [2.0, 1.0, 0.947284996509552], "k_pid_alt": [1.9770658016204834, 0.9549070596694946, 0.9474521279335022], "k_pid_att": [4.737699031829834, 9.999999747378752e-05, 0.0338587760925293], "k_pid_yaw": [0.5, 1e-06, 0.1], "k_pid_hsp": [9.75888729095459, 0.0, 0.0], "k_pid_vsp": [400.0, 400.0, 400.0]}, "datetime": {"datetime": "2025-08-11 23:51:16", "elapsed": 26755.699043273926, "delta": 31.058248043060303}, "costs": {"total_cost": 1834.2308323473835, "time_cost": 150, "final_distance_cost": 0.9999408568430508, "oscillation_cost": 451.5914921322681, "completition_cost": 1000.0, "overshoot_cost": 146.54805825129927, "power_cost": 30.620171411132812, "noise_cost": 54.4711696958405, "n_waypoints_completed": 0, "tot_waypoints": 9}}
{"target": -4111.00436560272, "params": {"k_pid_pos": [2.0, 0.9942747950553894, 0.993850827217102], "k_pid_alt": [2.0, 0.9391530752182007, 0.9901629090309143], "k_pid_att": [0.0, 0.2565920054912567, 0.0], "k_pid_yaw": [0.5, 1e-06, 0.1], "k_pid_hsp": [9.962063789367676, 0.0, 0.00016736984252929688], "k_pid_vsp": [389.296875, 400.0, 400.0]}, "datetime": {"datetime": "2025-08-11 23:51:46", "elapsed": 26785.709397554398, "delta": 30.0103542804718}, "costs": {"total_cost": 4111.00436560272, "time_cost": 150, "final_distance_cost": 360.92324914775156, "oscillation_cost": 1162.2343877473083, "completition_cost": 1000.0, "overshoot_cost": 1210.7990253929277, "power_cost": 56.945533447265625, "noise_cost": 170.10216986746704, "n_waypoints_completed": 0, "tot_waypoints": 9}}
{"target": -1202.8476423094487, "params": {"k_pid_pos": [2.0, 1.0, 0.9167570471763611], "k_pid_alt": [1.954237937927246, 1.0, 0.9556021094322205], "k_pid_att": [5.694016933441162, 9.999999747378752e-05, 0.0], "k_pid_yaw": [0.5, 1e-06, 0.1], "k_pid_hsp": [10.0, 0.06244385242462158, 0.04605266451835632], "k_pid_vsp": [387.1519470214844, 367.434326171875, 400.0]}, "datetime": {"datetime": "2025-08-11 23:52:15", "elapsed": 26815.29223871231, "delta": 29.582841157913208}, "costs": {"total_cost": 1202.8476423094487, "time_cost": 150, "final_distance_cost": 54.46514921789625, "oscillation_cost": 424.18274070932665, "completition_cost": 444.4444444444444, "overshoot_cost": 66.25063753939482, "power_cost": 33.345403417968754, "noise_cost": 30.159266980417822, "n_waypoints_completed": 5, "tot_waypoints": 9}}
{"target": -3415.1714973823377, "params": {"k_pid_pos": [1.9874520301818848, 1.0, 1.0], "k_pid_alt": [2.0, 0.9698793888092041, 0.9853566884994507], "k_pid_att": [0.0, 9.999999747378752e-05, 0.05954796075820923], "k_pid_yaw": [0.5, 1e-06, 0.1], "k_pid_hsp": [10.0, 0.0, 0.0], "k_pid_vsp": [400.0, 385.0227966308594, 368.1985778808594]}, "datetime": {"datetime": "2025-08-11 23:52:45", "elapsed": 26845.3268327713, "delta": 30.03459405899048}, "costs": {"total_cost": 3415.1714973823377, "time_cost": 150, "final_distance_cost": 587.3193947991855, "oscillation_cost": 3.7105276304406853, "completition_cost": 1000.0, "overshoot_cost": 1555.6203025242187, "power_cost": 29.694102392578127, "noise_cost": 88.82717003591459, "n_waypoints_completed": 0, "tot_waypoints": 9}}
{"target": -1130.6978168211751, "params": {"k_pid_pos": [2.0, 0.9290686845779419, 1.0], "k_pid_alt": [2.0, 1.0, 0.9488301277160645], "k_pid_att": [6.407919406890869, 0.3382331430912018, 0.0], "k_pid_yaw": [0.5, 1e-06, 0.1], "k_pid_hsp": [10.0, 0.0, 0.0], "k_pid_vsp": [400.0, 378.69158935546875, 356.38238525390625]}, "datetime": {"datetime": "2025-08-11 23:53:16", "elapsed": 26876.248185634613, "delta": 30.921352863311768}, "costs": {"total_cost": 1130.6978168211751, "time_cost": 150, "final_distance_cost": 65.76060681403402, "oscillation_cost": 454.99605221127996, "completition_cost": 333.33333333333337, "overshoot_cost": 63.83687545061795, "power_cost": 32.892321728515626, "noise_cost": 29.878627283394252, "n_waypoints_completed": 6, "tot_waypoints": 9}}
{"target": -1450.7616774986884, "params": {"k_pid_pos": [1.9534316062927246, 1.0, 0.9977502822875977], "k_pid_alt": [1.9384845495224, 0.9699392318725586, 1.0], "k_pid_att": [5.1471052169799805, 0.2365778684616089, 0.03475654125213623], "k_pid_yaw": [0.5, 1e-06, 0.1], "k_pid_hsp": [9.470556259155273, 0.0, 0.03896644711494446], "k_pid_vsp": [395.005615234375, 352.1414489746094, 396.9364013671875]}, "datetime": {"datetime": "2025-08-11 23:53:47", "elapsed": 26906.379744529724, "delta": 30.131558895111084}, "costs": {"total_cost": 1450.7616774986884, "time_cost": 150, "final_distance_cost": 62.96054498172841, "oscillation_cost": 436.85591249578675, "completition_cost": 666.6666666666667, "overshoot_cost": 74.72733291820576, "power_cost": 31.735709619140625, "noise_cost": 27.815510817159907, "n_waypoints_completed": 3, "tot_waypoints": 9}}
{"target": -4236.0950291965455, "params": {"k_pid_pos": [2.0, 0.9910087585449219, 1.0], "k_pid_alt": [1.9631237983703613, 1.0, 1.0], "k_pid_att": [0.0, 0.24400661885738373, 0.0], "k_pid_yaw": [0.5, 1e-06, 0.1], "k_pid_hsp": [9.400675773620605, 0.0, 0.06547033786773682], "k_pid_vsp": [400.0, 389.58489990234375, 397.8133544921875]}, "datetime": {"datetime": "2025-08-11 23:54:16", "elapsed": 26936.021119117737, "delta": 29.641374588012695}, "costs": {"total_cost": 4236.0950291965455, "time_cost": 150, "final_distance_cost": 392.9629408934513, "oscillation_cost": 1264.8811829362871, "completition_cost": 1000.0, "overshoot_cost": 1199.519962292388, "power_cost": 57.5325998046875, "noise_cost": 171.1983432697315, "n_waypoints_completed": 0, "tot_waypoints": 9}}
{"target": -4275.803457853325, "params": {"k_pid_pos": [2.0, 0.9248515367507935, 1.0], "k_pid_alt": [1.8916234970092773, 0.9882645606994629, 0.9897357821464539], "k_pid_att": [0.0, 0.7156862616539001, 0.0], "k_pid_yaw": [0.5, 1e-06, 0.1], "k_pid_hsp": [9.481247901916504, 0.039547502994537354, 0.02983170747756958], "k_pid_vsp": [389.99224853515625, 400.0, 400.0]}, "datetime": {"datetime": "2025-08-11 23:54:47", "elapsed": 26966.431573152542, "delta": 30.410454034805298}, "costs": {"total_cost": 4275.803457853325, "time_cost": 150, "final_distance_cost": 188.1833130365145, "oscillation_cost": 2135.102701950257, "completition_cost": 1000.0, "overshoot_cost": 572.335829084358, "power_cost": 56.61374512939454, "noise_cost": 173.56786865280057, "n_waypoints_completed": 0, "tot_waypoints": 9}}
{"target": -1458.7552069976311, "params": {"k_pid_pos": [1.9027228355407715, 1.0, 1.0], "k_pid_alt": [2.0, 0.9775930643081665, 1.0], "k_pid_att": [5.508985996246338, 0.0030873550567775965, 0.02760884165763855], "k_pid_yaw": [0.5, 1e-06, 0.1], "k_pid_hsp": [9.934371948242188, 0.00758776068687439, 0.03117990493774414], "k_pid_vsp": [377.1402282714844, 391.499267578125, 400.0]}, "datetime": {"datetime": "2025-08-11 23:55:17", "elapsed": 26996.39377808571, "delta": 29.962204933166504}, "costs": {"total_cost": 1458.7552069976311, "time_cost": 150, "final_distance_cost": 58.477013068954264, "oscillation_cost": 448.5134755884548, "completition_cost": 666.6666666666667, "overshoot_cost": 76.30911625938855, "power_cost": 31.20870458984375, "noise_cost": 27.580230824323, "n_waypoints_completed": 3, "tot_waypoints": 9}}
{"target": -842.8210833403931, "params": {"k_pid_pos": [2.0, 0.9975175857543945, 1.0], "k_pid_alt": [2.0, 0.9508777856826782, 1.0], "k_pid_att": [5.868926525115967, 0.10383012145757675, 0.09669449925422668], "k_pid_yaw": [0.5, 1e-06, 0.1], "k_pid_hsp": [9.765192031860352, 0.0, 0.0], "k_pid_vsp": [384.297607421875, 392.64501953125, 400.0]}, "datetime": {"datetime": "2025-08-11 23:55:46", "elapsed": 27025.893723487854, "delta": 29.499945402145386}, "costs": {"total_cost": 842.8210833403931, "time_cost": 150, "final_distance_cost": 52.5392956925475, "oscillation_cost": 177.27730103787985, "completition_cost": 333.33333333333337, "overshoot_cost": 68.93934011271405, "power_cost": 31.09809498291016, "noise_cost": 29.63371818100818, "n_waypoints_completed": 6, "tot_waypoints": 9}}
{"target": -1157.1969978813845, "params": {"k_pid_pos": [2.0, 0.9868971705436707, 1.0], "k_pid_alt": [1.8927340507507324, 1.0, 1.0], "k_pid_att": [11.754351615905762, 9.999999747378752e-05, 0.0], "k_pid_yaw": [0.5, 1e-06, 0.1], "k_pid_hsp": [10.0, 0.0, 0.016592472791671753], "k_pid_vsp": [400.0, 375.8699951171875, 400.0]}, "datetime": {"datetime": "2025-08-11 23:56:17", "elapsed": 27057.35936641693, "delta": 31.46564292907715}, "costs": {"total_cost": 1157.1969978813845, "time_cost": 150, "final_distance_cost": 64.36036817048702, "oscillation_cost": 484.69949514193627, "completition_cost": 333.33333333333337, "overshoot_cost": 61.71594881670258, "power_cost": 32.58796583251953, "noise_cost": 30.499886586405648, "n_waypoints_completed": 6, "tot_waypoints": 9}}
{"target": -1444.242858230854, "params": {"k_pid_pos": [2.0, 1.0, 0.9482343792915344], "k_pid_alt": [2.0, 1.0, 0.9779670238494873], "k_pid_att": [3.9343059062957764, 0.055095165967941284, 0.0], "k_pid_yaw": [0.5, 1e-06, 0.1], "k_pid_hsp": [10.0, 0.0, 0.0], "k_pid_vsp": [384.0072021484375, 400.0, 400.0]}, "datetime": {"datetime": "2025-08-11 23:56:48", "elapsed": 27087.737082481384, "delta": 30.377716064453125}, "costs": {"total_cost": 1444.242858230854, "time_cost": 150, "final_distance_cost": 64.20800344260232, "oscillation_cost": 430.21565251505734, "completition_cost": 666.6666666666667, "overshoot_cost": 73.98855723022828, "power_cost": 31.662779895019533, "noise_cost": 27.50119848127976, "n_waypoints_completed": 3, "tot_waypoints": 9}}
{"target": -1132.7835141003643, "params": {"k_pid_pos": [1.9280221462249756, 1.0, 1.0], "k_pid_alt": [1.9188694953918457, 1.0, 1.0], "k_pid_att": [6.513455390930176, 9.999999747378752e-05, 0.0], "k_pid_yaw": [0.5, 1e-06, 0.1], "k_pid_hsp": [10.0, 0.09825447201728821, 0.02649545669555664], "k_pid_vsp": [377.58172607421875, 400.0, 400.0]}, "datetime": {"datetime": "2025-08-11 23:57:20", "elapsed": 27119.497528791428, "delta": 31.760446310043335}, "costs": {"total_cost": 1132.7835141003643, "time_cost": 150, "final_distance_cost": 63.73251827368526, "oscillation_cost": 456.7471281669112, "completition_cost": 333.33333333333337, "overshoot_cost": 65.95596325361922, "power_cost": 33.036890197753905, "noise_cost": 29.977680875061164, "n_waypoints_completed": 6, "tot_waypoints": 9}}
{"target": -1422.0830380690445, "params": {"k_pid_pos": [2.0, 1.0, 0.9723706245422363], "k_pid_alt": [1.9019454717636108, 0.9707943201065063, 1.0], "k_pid_att": [3.9602577686309814, 0.49122512340545654, 0.0], "k_pid_yaw": [0.5, 1e-06, 0.1], "k_pid_hsp": [9.79543685913086, 0.0, 0.0], "k_pid_vsp": [400.0, 386.27252197265625, 399.06597900390625]}, "datetime": {"datetime": "2025-08-11 23:57:51", "elapsed": 27150.88890171051, "delta": 31.39137291908264}, "costs": {"total_cost": 1422.0830380690445, "time_cost": 150, "final_distance_cost": 52.422864643871144, "oscillation_cost": 424.07073448856585, "completition_cost": 666.6666666666667, "overshoot_cost": 67.38490442287342, "power_cost": 32.33334636230469, "noise_cost": 29.204521484762534, "n_waypoints_completed": 3, "tot_waypoints": 9}}
{"target": -1110.9428336449696, "params": {"k_pid_pos": [2.0, 0.9987865686416626, 1.0], "k_pid_alt": [2.0, 0.9857951402664185, 1.0], "k_pid_att": [4.899168014526367, 0.9297875761985779, 0.0], "k_pid_yaw": [0.5, 1e-06, 0.1], "k_pid_hsp": [10.0, 0.0, 0.0048961639404296875], "k_pid_vsp": [400.0, 400.0, 370.1897277832031]}, "datetime": {"datetime": "2025-08-11 23:58:22", "elapsed": 27182.043032169342, "delta": 31.154130458831787}, "costs": {"total_cost": 1110.9428336449696, "time_cost": 150, "final_distance_cost": 68.99059374115676, "oscillation_cost": 432.4611379658101, "completition_cost": 333.33333333333337, "overshoot_cost": 63.96516504705898, "power_cost": 32.65922635498047, "noise_cost": 29.533377202629627, "n_waypoints_completed": 6, "tot_waypoints": 9}}
{"target": -4854.961114089924, "params": {"k_pid_pos": [1.9153375625610352, 1.0, 1.0], "k_pid_alt": [2.0, 0.9493075013160706, 0.9132325053215027], "k_pid_att": [0.0, 0.1881665736436844, 0.1528165638446808], "k_pid_yaw": [0.5, 1e-06, 0.1], "k_pid_hsp": [10.0, 0.0, 0.03374367952346802], "k_pid_vsp": [400.0, 400.0, 376.3526306152344]}, "datetime": {"datetime": "2025-08-11 23:58:52", "elapsed": 27211.914969682693, "delta": 29.87193751335144}, "costs": {"total_cost": 4854.961114089924, "time_cost": 150, "final_distance_cost": 679.7436843430576, "oscillation_cost": 738.3433424362446, "completition_cost": 1000.0, "overshoot_cost": 2061.19527479801, "power_cost": 58.065832507324224, "noise_cost": 167.61298000528785, "n_waypoints_completed": 0, "tot_waypoints": 9}}
{"target": -1380.319509959136, "params": {"k_pid_pos": [2.0, 1.0, 1.0], "k_pid_alt": [2.0, 0.9826346039772034, 1.0], "k_pid_att": [2.0195693969726562, 0.32857879996299744, 0.0], "k_pid_yaw": [0.5, 1e-06, 0.1], "k_pid_hsp": [8.805760383605957, 0.0, 0.021754175424575806], "k_pid_vsp": [374.7217102050781, 400.0, 400.0]}, "datetime": {"datetime": "2025-08-11 23:59:22", "elapsed": 27242.177969932556, "delta": 30.26300024986267}, "costs": {"total_cost": 1380.319509959136, "time_cost": 150, "final_distance_cost": 80.43304719131903, "oscillation_cost": 353.1776313283825, "completition_cost": 666.6666666666667, "overshoot_cost": 71.69312503882135, "power_cost": 31.418855993652347, "noise_cost": 26.930183740293977, "n_waypoints_completed": 3, "tot_waypoints": 9}}
{"target": -8155.9588701098655, "params": {"k_pid_pos": [2.0, 1.0, 0.9413175582885742], "k_pid_alt": [1.9329873323440552, 1.0, 1.0], "k_pid_att": [0.0, 9.999999747378752e-05, 0.0], "k_pid_yaw": [0.5, 1e-06, 0.1], "k_pid_hsp": [9.41379451751709, 0.036396801471710205, 0.0], "k_pid_vsp": [400.0, 400.0, 400.0]}, "datetime": {"datetime": "2025-08-11 23:59:52", "elapsed": 27271.947768688202, "delta": 29.769798755645752}, "costs": {"total_cost": 8155.9588701098655, "time_cost": 150, "final_distance_cost": 929.9235728907846, "oscillation_cost": 14.756522649119272, "completition_cost": 1000.0, "overshoot_cost": 5923.667128653915, "power_cost": 44.31289334716797, "noise_cost": 93.29875256887898, "n_waypoints_completed": 0, "tot_waypoints": 9}}
{"target": -10402.001342833802, "params": {"k_pid_pos": [1.9315916299819946, 1.0, 1.0], "k_pid_alt": [1.8892662525177002, 0.9584245681762695, 1.0], "k_pid_att": [0.0, 9.999999747378752e-05, 0.0], "k_pid_yaw": [0.5, 1e-06, 0.1], "k_pid_hsp": [10.0, 0.0, 0.08681410551071167], "k_pid_vsp": [400.0, 400.0, 400.0]}, "datetime": {"datetime": "2025-08-12 00:00:27", "elapsed": 27307.037481307983, "delta": 35.089712619781494}, "costs": {"total_cost": 10402.001342833802, "time_cost": 150, "final_distance_cost": 1083.0045415672994, "oscillation_cost": 14.678339750033416, "completition_cost": 1000.0, "overshoot_cost": 7984.847315854329, "power_cost": 48.473373986816405, "noise_cost": 120.99777167532298, "n_waypoints_completed": 0, "tot_waypoints": 9}}
