{"target": -1274.9556753116951, "params": {"k_pid_pos": [0.060464053050646394, 0.45377399824528564, 0.9823661476644415], "k_pid_alt": [1.3647618269301802, 0.0334846777130553, 0.09497124895224107], "k_pid_att": [13.57257128798337, 7.537053208695543, 0.5473716895398366], "k_pid_yaw": [0.5, 1e-06, 0.1], "k_pid_hsp": [5.599173962682312, 0.6141974191056739, 0.6214455155348229], "k_pid_vsp": [167.60510894911567, 39.88287065871057, 12.074382662595035]}, "datetime": {"datetime": "2025-08-13 20:04:33", "elapsed": 37001.57576465607, "delta": 38.614763259887695}, "costs": {"total_cost": 1274.9556753116951, "time_cost": 150, "final_distance_cost": 42.293540183464856, "oscillation_cost": 400.44570798806654, "completition_cost": 555.5555555555555, "overshoot_cost": 66.19458807458315, "power_cost": 31.59950662841797, "noise_cost": 28.86677688160688, "n_waypoints_completed": 4, "tot_waypoints": 9}}
{"target": -1266.572536704795, "params": {"k_pid_pos": [0.2209539633506238, 0.8663982049476749, 0.7670719886200253], "k_pid_alt": [0.29761146970649954, 0.34741226599125596, 0.4681785711910401], "k_pid_att": [16.514741430538237, 5.592370288183548, 0.6111452600584961], "k_pid_yaw": [0.5, 1e-06, 0.1], "k_pid_hsp": [3.433137506893558, 0.4790416775274373, 0.2438012736156595], "k_pid_vsp": [201.17773152642408, 311.36565606571276, 4.274095099870047]}, "datetime": {"datetime": "2025-08-13 20:05:08", "elapsed": 37036.406433820724, "delta": 34.83066916465759}, "costs": {"total_cost": 1266.572536704795, "time_cost": 150, "final_distance_cost": 50.84513000069371, "oscillation_cost": 282.93083660424526, "completition_cost": 666.6666666666667, "overshoot_cost": 46.64154827380649, "power_cost": 33.48041494140625, "noise_cost": 36.00794021797676, "n_waypoints_completed": 3, "tot_waypoints": 9}}
{"target": -260.3175166027563, "params": {"k_pid_pos": [1.608790790523109, 0.48867432048065873, 0.6891669659984289], "k_pid_alt": [1.8852808135086203, 0.29015170794729017, 0.9451776187825155], "k_pid_att": [11.325664099120702, 6.796910296715864, 0.41489945474528656], "k_pid_yaw": [0.5, 1e-06, 0.1], "k_pid_hsp": [7.852516751493569, 0.2073920205745975, 0.0406197268030517], "k_pid_vsp": [185.0270622172093, 26.739850917704917, 3.2495386667582973]}, "datetime": {"datetime": "2025-08-13 20:05:35", "elapsed": 37063.5892431736, "delta": 27.182809352874756}, "costs": {"total_cost": 260.3175166027563, "time_cost": 95.256, "final_distance_cost": 1.775911162285193, "oscillation_cost": 69.87883907486214, "completition_cost": 0.0, "overshoot_cost": 53.08456346006134, "power_cost": 15.325017651367189, "noise_cost": 24.99718525418045, "n_waypoints_completed": 9, "tot_waypoints": 9}}
{"target": -596.7939295583361, "params": {"k_pid_pos": [0.42500014142901965, 0.6407386226498442, 0.8272872644596874], "k_pid_alt": [1.1996072900999875, 0.963191275066936, 0.9749057390346925], "k_pid_att": [8.594419164774925, 3.591873736144755, 0.2753741973034376], "k_pid_yaw": [0.5, 1e-06, 0.1], "k_pid_hsp": [4.9023535738025625, 0.8942330487436382, 0.08691886724817344], "k_pid_vsp": [268.4711691828459, 274.7474418716846, 37.59928508619981]}, "datetime": {"datetime": "2025-08-13 20:06:09", "elapsed": 37097.90825819969, "delta": 34.31901502609253}, "costs": {"total_cost": 596.7939295583361, "time_cost": 150, "final_distance_cost": 14.80514300024979, "oscillation_cost": 206.9280024475388, "completition_cost": 111.11111111111116, "overshoot_cost": 61.097124485037895, "power_cost": 25.291465441894534, "noise_cost": 27.56108307250396, "n_waypoints_completed": 8, "tot_waypoints": 9}}
{"target": -1578.6752669095947, "params": {"k_pid_pos": [0.13095140215822865, 0.8214658889204203, 0.7082741641736109], "k_pid_alt": [1.722500310251351, 0.2583192130266524, 0.3644570789583266], "k_pid_att": [18.463715452063344, 6.175072490851754, 0.08106884089145683], "k_pid_yaw": [0.5, 1e-06, 0.1], "k_pid_hsp": [7.031028090658239, 0.0730442557947556, 0.15640814602588848], "k_pid_vsp": [167.29621962001335, 6.325118257557469, 26.290093821006778]}, "datetime": {"datetime": "2025-08-13 20:06:41", "elapsed": 37129.897446632385, "delta": 31.98918843269348}, "costs": {"total_cost": 1578.6752669095947, "time_cost": 150, "final_distance_cost": 88.08474613417312, "oscillation_cost": 478.1184914717854, "completition_cost": 777.7777777777778, "overshoot_cost": 31.05733544020107, "power_cost": 26.13160574951172, "noise_cost": 27.50531033614568, "n_waypoints_completed": 2, "tot_waypoints": 9}}
{"target": -427.6581815163976, "params": {"k_pid_pos": [1.3788748545086382, 0.5562263404278133, 0.9318669445874441], "k_pid_alt": [1.7529721295481584, 0.5338849601152136, 0.9953201833669655], "k_pid_att": [10.273702828822717, 3.013595058339908, 0.3736042650262098], "k_pid_yaw": [0.5, 1e-06, 0.1], "k_pid_hsp": [2.4408123560338826, 0.32202096680537495, 0.2581312463852161], "k_pid_vsp": [281.52445458995584, 328.4231607322111, 107.34862819730446]}, "datetime": {"datetime": "2025-08-13 20:07:09", "elapsed": 37157.06514501572, "delta": 27.1676983833313}, "costs": {"total_cost": 427.6581815163976, "time_cost": 91.385, "final_distance_cost": 1.7743134531169025, "oscillation_cost": 235.78083432008006, "completition_cost": 0.0, "overshoot_cost": 53.82857689256128, "power_cost": 23.14643297119141, "noise_cost": 21.74302387944792, "n_waypoints_completed": 9, "tot_waypoints": 9}}
{"target": -1050.3558994234072, "params": {"k_pid_pos": [1.7939366107337127, 0.35680455332094296, 0.23680092701871602], "k_pid_alt": [0.563536316527484, 0.09179494961060375, 0.12914293962695722], "k_pid_att": [11.926608869810185, 5.730170343996976, 0.07224112685560602], "k_pid_yaw": [0.5, 1e-06, 0.1], "k_pid_hsp": [1.2459692371380762, 0.4633832448295815, 0.8817438301975956], "k_pid_vsp": [300.17598342601605, 331.41682911948095, 103.6662814891646]}, "datetime": {"datetime": "2025-08-13 20:07:41", "elapsed": 37189.15276813507, "delta": 32.08762311935425}, "costs": {"total_cost": 1050.3558994234072, "time_cost": 150, "final_distance_cost": 69.69124553540937, "oscillation_cost": 364.24248258607366, "completition_cost": 333.33333333333337, "overshoot_cost": 63.69015693264118, "power_cost": 38.0409416015625, "noise_cost": 31.357739434387142, "n_waypoints_completed": 6, "tot_waypoints": 9}}
{"target": -639.8692293000097, "params": {"k_pid_pos": [1.4633000309324675, 0.4632318280767346, 0.44220886230701584], "k_pid_alt": [0.4796416198375142, 0.014824668693184662, 0.19417880835931178], "k_pid_att": [25.641001615031435, 6.332151101010717, 0.514321872956966], "k_pid_yaw": [0.5, 1e-06, 0.1], "k_pid_hsp": [0.7464034680614433, 0.8297347847587427, 0.9209218233430593], "k_pid_vsp": [294.3788151976744, 345.02397176169524, 98.44783080733265]}, "datetime": {"datetime": "2025-08-13 20:08:14", "elapsed": 37222.51013088226, "delta": 33.35736274719238}, "costs": {"total_cost": 639.8692293000097, "time_cost": 112.266, "final_distance_cost": 1.8209581845862064, "oscillation_cost": 394.34259754722007, "completition_cost": 0.0, "overshoot_cost": 68.4222850061026, "power_cost": 34.69546015625, "noise_cost": 28.321928405850773, "n_waypoints_completed": 9, "tot_waypoints": 9}}
{"target": -510.44276336890306, "params": {"k_pid_pos": [1.1796828371642578, 0.8645049527608826, 0.9804195112758056], "k_pid_alt": [1.9528414800401097, 0.7046974789550308, 0.8132946228618512], "k_pid_att": [19.436191982896812, 8.186024103999605, 0.41112538406328925], "k_pid_yaw": [0.5, 1e-06, 0.1], "k_pid_hsp": [2.951372674991846, 0.7491077051591003, 0.2724385324799944], "k_pid_vsp": [156.98354945723517, 37.195520591634, 4.451777664697971]}, "datetime": {"datetime": "2025-08-13 20:08:43", "elapsed": 37251.02343773842, "delta": 28.513306856155396}, "costs": {"total_cost": 510.44276336890306, "time_cost": 96.775, "final_distance_cost": 1.7755455414223713, "oscillation_cost": 295.9726375827769, "completition_cost": 0.0, "overshoot_cost": 54.71369028707903, "power_cost": 31.76850875244141, "noise_cost": 29.437381205183407, "n_waypoints_completed": 9, "tot_waypoints": 9}}
{"target": -460.55193764385047, "params": {"k_pid_pos": [1.3498234482338303, 0.7633864051588158, 0.554830142844443], "k_pid_alt": [1.5499791424321505, 0.4172781720544636, 0.24349820808510214], "k_pid_att": [16.52319714143472, 5.912824379144097, 0.25199468722427343], "k_pid_yaw": [0.5, 1e-06, 0.1], "k_pid_hsp": [7.054983717377507, 0.8901614816202804, 0.18234156245570032], "k_pid_vsp": [302.9924636769191, 322.35296750579516, 79.03201884290793]}, "datetime": {"datetime": "2025-08-13 20:09:12", "elapsed": 37280.82601761818, "delta": 29.802579879760742}, "costs": {"total_cost": 460.55193764385047, "time_cost": 96.20100000000001, "final_distance_cost": 1.7832343466263672, "oscillation_cost": 261.52815620058834, "completition_cost": 0.0, "overshoot_cost": 52.56910055680272, "power_cost": 25.042529040527345, "noise_cost": 23.42791749930561, "n_waypoints_completed": 9, "tot_waypoints": 9}}
{"target": -264.6754023572209, "params": {"k_pid_pos": [2.0, 0.18373111181458096, 0.2371496449388807], "k_pid_alt": [1.1936849269188607, 0.48317070178384197, 0.7691718129610672], "k_pid_att": [6.884805609742322, 2.7251513177071747, 0.24928942542560117], "k_pid_yaw": [0.5, 1e-06, 0.1], "k_pid_hsp": [7.692249519898608, 0.36325152233703556, 0.0], "k_pid_vsp": [298.3765149261799, 339.26204444645697, 101.29241723720972]}, "datetime": {"datetime": "2025-08-13 20:09:40", "elapsed": 37308.138748407364, "delta": 27.31273078918457}, "costs": {"total_cost": 264.6754023572209, "time_cost": 90.09700000000001, "final_distance_cost": 1.7303445717769035, "oscillation_cost": 70.11292575795002, "completition_cost": 0.0, "overshoot_cost": 54.19757128032136, "power_cost": 25.694326098632814, "noise_cost": 22.843234648539756, "n_waypoints_completed": 9, "tot_waypoints": 9}}
{"target": -927.590516391947, "params": {"k_pid_pos": [0.7272846032387592, 0.6674790648410555, 0.8439304547191723], "k_pid_alt": [0.03479221628831586, 0.13206379453915462, 0.31377232790470333], "k_pid_att": [11.194108790371871, 9.360523256509634, 0.44121287546608046], "k_pid_yaw": [0.5, 1e-06, 0.1], "k_pid_hsp": [7.313906718299113, 0.17893858459053302, 0.357328251881588], "k_pid_vsp": [159.00768877877786, 38.78344969676881, 10.421203749272781]}, "datetime": {"datetime": "2025-08-13 20:10:16", "elapsed": 37344.7639541626, "delta": 36.625205755233765}, "costs": {"total_cost": 927.590516391947, "time_cost": 150, "final_distance_cost": 72.41190535603104, "oscillation_cost": 378.0369262138253, "completition_cost": 222.2222222222222, "overshoot_cost": 52.81202897871671, "power_cost": 20.700518017578126, "noise_cost": 31.406915603573513, "n_waypoints_completed": 7, "tot_waypoints": 9}}
{"target": -442.823929105565, "params": {"k_pid_pos": [0.7576109217234904, 0.4798639095678706, 0.4172760901416862], "k_pid_alt": [0.3893416432912802, 0.3118035114855391, 0.17666836675899056], "k_pid_att": [9.426738249216339, 1.9147391348956893, 0.9021795281623839], "k_pid_yaw": [0.5, 1e-06, 0.1], "k_pid_hsp": [3.9830943707967332, 0.4940094785513548, 0.3307159552688882], "k_pid_vsp": [323.89585970255183, 346.0883996277033, 114.20041670597234]}, "datetime": {"datetime": "2025-08-13 20:10:46", "elapsed": 37374.768985271454, "delta": 30.0050311088562}, "costs": {"total_cost": 442.823929105565, "time_cost": 113.44200000000001, "final_distance_cost": 1.7442427582168036, "oscillation_cost": 200.51946894883994, "completition_cost": 0.0, "overshoot_cost": 61.47868017650152, "power_cost": 34.677966320800785, "noise_cost": 30.961570901205878, "n_waypoints_completed": 9, "tot_waypoints": 9}}
{"target": -1499.1806245814148, "params": {"k_pid_pos": [0.15506367696592924, 0.2840360919767676, 0.6445273523196281], "k_pid_alt": [0.17167331036447675, 0.3066824493394843, 0.46881851166798827], "k_pid_att": [25.88547532003924, 5.160878352055304, 0.8939710914322089], "k_pid_yaw": [0.5, 1e-06, 0.1], "k_pid_hsp": [9.494444464409135, 0.2636817019205474, 0.4480975327220589], "k_pid_vsp": [301.51047396565383, 334.32341559811033, 83.99174932706521]}, "datetime": {"datetime": "2025-08-13 20:11:18", "elapsed": 37406.21340274811, "delta": 31.444417476654053}, "costs": {"total_cost": 1499.1806245814148, "time_cost": 150, "final_distance_cost": 55.3361003511827, "oscillation_cost": 512.1025477338021, "completition_cost": 666.6666666666667, "overshoot_cost": 52.90571030733595, "power_cost": 31.58268641357422, "noise_cost": 30.58691310885302, "n_waypoints_completed": 3, "tot_waypoints": 9}}
{"target": -1266.2482584627344, "params": {"k_pid_pos": [0.07741888402671643, 0.5400769238841874, 0.8097292916309339], "k_pid_alt": [1.6688592251705139, 0.08055547670001328, 0.103019802335514], "k_pid_att": [7.86347382368211, 2.3943631372308185, 0.8889744818268656], "k_pid_yaw": [0.5, 1e-06, 0.1], "k_pid_hsp": [7.150734786232287, 0.9554064902097138, 0.9189234393791667], "k_pid_vsp": [294.8998384987311, 351.44738493347035, 107.46009401003043]}, "datetime": {"datetime": "2025-08-13 20:11:50", "elapsed": 37438.4288623333, "delta": 32.21545958518982}, "costs": {"total_cost": 1266.2482584627344, "time_cost": 150, "final_distance_cost": 56.781496901969696, "oscillation_cost": 275.8099738120738, "completition_cost": 666.6666666666667, "overshoot_cost": 51.75575415193218, "power_cost": 36.145515869140624, "noise_cost": 29.08885106095142, "n_waypoints_completed": 3, "tot_waypoints": 9}}
{"target": -439.5685533807847, "params": {"k_pid_pos": [1.3827973360256542, 0.4930696018225511, 0.6261359431350834], "k_pid_alt": [0.9249213654966632, 0.282433690532855, 0.41963645739603], "k_pid_att": [11.066148360269914, 2.8987488410679063, 0.5321905280985325], "k_pid_yaw": [0.5, 1e-06, 0.1], "k_pid_hsp": [2.5961134834608126, 0.42601616893878386, 0.36843627079885194], "k_pid_vsp": [281.62412998859395, 333.4696656308374, 110.65733785463064]}, "datetime": {"datetime": "2025-08-13 20:12:18", "elapsed": 37466.745733737946, "delta": 28.316871404647827}, "costs": {"total_cost": 439.5685533807847, "time_cost": 100.758, "final_distance_cost": 1.7937203524324556, "oscillation_cost": 225.2738776926313, "completition_cost": 0.0, "overshoot_cost": 56.151966413013206, "power_cost": 29.834673388671877, "noise_cost": 25.756315534035835, "n_waypoints_completed": 9, "tot_waypoints": 9}}
{"target": -1169.7046641177924, "params": {"k_pid_pos": [0.13769450263850938, 0.22124825351411637, 0.7115005626026387], "k_pid_alt": [1.9806191254026306, 0.48206170088357014, 0.20728164236596047], "k_pid_att": [19.23819451711576, 1.3861789434322769, 0.1963713775680287], "k_pid_yaw": [0.5, 1e-06, 0.1], "k_pid_hsp": [7.028819251580175, 0.8111049787476188, 0.0797100235208904], "k_pid_vsp": [286.6257000231801, 325.7963424489077, 99.97022995392378]}, "datetime": {"datetime": "2025-08-13 20:12:51", "elapsed": 37499.01382684708, "delta": 32.26809310913086}, "costs": {"total_cost": 1169.7046641177924, "time_cost": 150, "final_distance_cost": 77.87696768950497, "oscillation_cost": 493.7415524888599, "completition_cost": 333.33333333333337, "overshoot_cost": 60.70144997256385, "power_cost": 27.279746813964845, "noise_cost": 26.771613819565623, "n_waypoints_completed": 6, "tot_waypoints": 9}}
{"target": -682.7871065661373, "params": {"k_pid_pos": [0.6920234257549586, 0.19664727951504823, 0.8113717478229763], "k_pid_alt": [0.5836555440311324, 0.33023579848947837, 0.13460006661341006], "k_pid_att": [17.5580771678171, 3.433899547228511, 0.19426368645147052], "k_pid_yaw": [0.5, 1e-06, 0.1], "k_pid_hsp": [4.687196847836156, 0.20463356325603665, 0.2586378418353562], "k_pid_vsp": [298.44380039584865, 332.0630432311335, 79.72302204139612]}, "datetime": {"datetime": "2025-08-13 20:13:23", "elapsed": 37530.98416471481, "delta": 31.970337867736816}, "costs": {"total_cost": 682.7871065661373, "time_cost": 114.919, "final_distance_cost": 1.8019207571820908, "oscillation_cost": 441.3401225845234, "completition_cost": 0.0, "overshoot_cost": 59.31396947683196, "power_cost": 33.91186844482422, "noise_cost": 31.50022530277554, "n_waypoints_completed": 9, "tot_waypoints": 9}}
{"target": -272.95849080156466, "params": {"k_pid_pos": [1.1427518894426107, 0.5470505122086954, 0.11881870311831766], "k_pid_alt": [1.7415067094715746, 0.5586937975652496, 0.3934999987140253], "k_pid_att": [7.925975693307718, 2.549670688752672, 0.7876209149389454], "k_pid_yaw": [0.5, 1e-06, 0.1], "k_pid_hsp": [6.031018058045707, 0.5167907404316263, 0.10552562565139267], "k_pid_vsp": [173.607877016394, 21.25610166120562, 3.2077061158616704]}, "datetime": {"datetime": "2025-08-13 20:13:51", "elapsed": 37559.79235911369, "delta": 28.808194398880005}, "costs": {"total_cost": 272.95849080156466, "time_cost": 91.273, "final_distance_cost": 1.762612801494926, "oscillation_cost": 81.06513329960154, "completition_cost": 0.0, "overshoot_cost": 54.56663224427617, "power_cost": 19.58244235839844, "noise_cost": 24.708670097793565, "n_waypoints_completed": 9, "tot_waypoints": 9}}
{"target": -1006.185545973787, "params": {"k_pid_pos": [1.4410190267527319, 0.39357775469761, 0.15270859888072508], "k_pid_alt": [0.38895555593956144, 0.4526708251799607, 0.1293966572787546], "k_pid_att": [75.07143056654658, 3.1326528721806812, 0.7207987959488944], "k_pid_yaw": [0.5, 1e-06, 0.1], "k_pid_hsp": [9.140467425084617, 0.5928250359814743, 0.7421173189748618], "k_pid_vsp": [374.2481775307883, 364.770014923547, 366.247523950032]}, "datetime": {"datetime": "2025-08-13 20:14:30", "elapsed": 37598.66982340813, "delta": 38.877464294433594}, "costs": {"total_cost": 1006.185545973787, "time_cost": 150, "final_distance_cost": 68.53932771071581, "oscillation_cost": 432.3563534386928, "completition_cost": 222.2222222222222, "overshoot_cost": 63.17327429111895, "power_cost": 38.88804892578125, "noise_cost": 31.00631938525613, "n_waypoints_completed": 7, "tot_waypoints": 9}}
{"target": -345.6159314377316, "params": {"k_pid_pos": [0.7860890485179804, 0.7664185966414612, 0.9702259401598362], "k_pid_alt": [1.9072385119839954, 0.9833388804194141, 0.13294062094568793], "k_pid_att": [6.275898822318949, 5.521638458059794, 0.8484629454092756], "k_pid_yaw": [0.5, 1e-06, 0.1], "k_pid_hsp": [6.732303694454966, 0.2809479796752411, 0.7603111786320738], "k_pid_vsp": [300.06470439894616, 335.0649599273418, 90.82614351950075]}, "datetime": {"datetime": "2025-08-13 20:15:00", "elapsed": 37628.42427110672, "delta": 29.75444769859314}, "costs": {"total_cost": 345.6159314377316, "time_cost": 93.821, "final_distance_cost": 1.8051230109083851, "oscillation_cost": 152.19394094400937, "completition_cost": 0.0, "overshoot_cost": 54.05044072522748, "power_cost": 23.19385050048828, "noise_cost": 20.55157625709808, "n_waypoints_completed": 9, "tot_waypoints": 9}}
{"target": -1592.8692770200516, "params": {"k_pid_pos": [0.10039148985977436, 0.5097064486114525, 0.8900518822116306], "k_pid_alt": [1.9062203493354408, 0.48518258653669355, 0.922265238399264], "k_pid_att": [66.30037221196818, 9.985578440953795, 0.4045914616347106], "k_pid_yaw": [0.5, 1e-06, 0.1], "k_pid_hsp": [4.336965216280619, 0.6617642165816072, 0.329119750764866], "k_pid_vsp": [80.97818226165971, 357.3374161467161, 44.88469208019577]}, "datetime": {"datetime": "2025-08-13 20:15:33", "elapsed": 37661.40646767616, "delta": 32.98219656944275}, "costs": {"total_cost": 1592.8692770200516, "time_cost": 150, "final_distance_cost": 55.58099150360947, "oscillation_cost": 601.9029260908555, "completition_cost": 666.6666666666667, "overshoot_cost": 51.61180476447843, "power_cost": 38.1465642578125, "noise_cost": 28.960323736628855, "n_waypoints_completed": 3, "tot_waypoints": 9}}
{"target": -345.19527377926414, "params": {"k_pid_pos": [1.5091799253209284, 0.29756907707581187, 0.3993715146720814], "k_pid_alt": [0.9625546430900808, 0.2959463642949648, 0.3037976517508424], "k_pid_att": [4.765955651239613, 6.322673478036782, 0.4988195473331662], "k_pid_yaw": [0.5, 1e-06, 0.1], "k_pid_hsp": [9.371338963660307, 0.6950943357095725, 0.19439870371148163], "k_pid_vsp": [290.7258317068661, 280.4005391768497, 63.23551699000711]}, "datetime": {"datetime": "2025-08-13 20:16:01", "elapsed": 37689.066724300385, "delta": 27.6602566242218}, "costs": {"total_cost": 345.19527377926414, "time_cost": 89.089, "final_distance_cost": 1.7562825308990755, "oscillation_cost": 147.6275850547277, "completition_cost": 0.0, "overshoot_cost": 53.621119647749985, "power_cost": 28.990206884765627, "noise_cost": 24.1110796611218, "n_waypoints_completed": 9, "tot_waypoints": 9}}
{"target": -2534.2027883500696, "params": {"k_pid_pos": [1.51422565364376, 0.6964286130538871, 0.195522007931207], "k_pid_alt": [1.1224425468737464, 0.007822435161343066, 0.6427816025928322], "k_pid_att": [0.5058543770325108, 5.28580029257248, 0.9708724743066571], "k_pid_yaw": [0.5, 1e-06, 0.1], "k_pid_hsp": [3.0037064775662334, 0.73114676085799, 0.9300632819214386], "k_pid_vsp": [289.95897499806034, 339.8429207201187, 103.84805201049743]}, "datetime": {"datetime": "2025-08-13 20:16:34", "elapsed": 37722.6981856823, "delta": 33.63146138191223}, "costs": {"total_cost": 2534.2027883500696, "time_cost": 150, "final_distance_cost": 182.97029139298377, "oscillation_cost": 580.2109340073364, "completition_cost": 1000.0, "overshoot_cost": 422.38705055226734, "power_cost": 58.7681865234375, "noise_cost": 139.86632587404438, "n_waypoints_completed": 0, "tot_waypoints": 9}}
