{"target": -558.5377871163314, "params": {"k_pid_pos": [0.37565723477792856, 0.8944921406206889, 0.37392954085840724], "k_pid_alt": [0.6014190589450372, 0.3784193227049022, 0.5353177824135325], "k_pid_att": [43.139497835201254, 0.5228543630528105, 0.08163752098151011], "k_pid_yaw": [0.5, 1e-06, 0.1], "k_pid_hsp": [6.32874424111457, 0.1909361195873438, 0.04196222038992037], "k_pid_vsp": [88.2443930694095, 347.25230081969494, 44.382618619857695]}, "datetime": {"datetime": "2025-08-13 12:12:55", "elapsed": 8703.546014547348, "delta": 46.11491799354553}, "costs": {"total_cost": 558.5377871163314, "time_cost": 107.051, "final_distance_cost": 1.7971701404884262, "oscillation_cost": 336.45161479110476, "completition_cost": 0.0, "overshoot_cost": 55.47569058347439, "power_cost": 31.474240490722657, "noise_cost": 26.28807111054123, "n_waypoints_completed": 9, "tot_waypoints": 9}}
{"target": -655.8957186593833, "params": {"k_pid_pos": [1.0251038160552055, 0.5150819097466572, 0.8530417812103053], "k_pid_alt": [1.3210790446898792, 0.7229251830502815, 0.31978109554452294], "k_pid_att": [50.11938245972137, 5.618746129289826, 0.4943898161563267], "k_pid_yaw": [0.5, 1e-06, 0.1], "k_pid_hsp": [4.878303749823535, 0.6739830987755242, 0.4455084896679725], "k_pid_vsp": [90.56872619510324, 357.43167515702663, 46.96414876709849]}, "datetime": {"datetime": "2025-08-13 12:13:40", "elapsed": 8748.492715597153, "delta": 44.94670104980469}, "costs": {"total_cost": 655.8957186593833, "time_cost": 99.47, "final_distance_cost": 1.7790051235652118, "oscillation_cost": 444.05898106216455, "completition_cost": 0.0, "overshoot_cost": 57.43555868478013, "power_cost": 27.953833068847658, "noise_cost": 25.19834072002577, "n_waypoints_completed": 9, "tot_waypoints": 9}}
{"target": -958.0567380632001, "params": {"k_pid_pos": [0.15894641250268118, 0.47797764684097666, 0.9252204136469288], "k_pid_alt": [1.509384959527801, 0.31766720012715566, 0.3690143095612085], "k_pid_att": [3.9894811204758907, 2.3555723167505844, 0.8533538924924575], "k_pid_yaw": [0.5, 1e-06, 0.1], "k_pid_hsp": [6.120289885221011, 0.616397050753657, 0.4029824829705768], "k_pid_vsp": [305.2073600906871, 316.2225044332113, 106.93340145415968]}, "datetime": {"datetime": "2025-08-13 12:14:33", "elapsed": 8801.595893621445, "delta": 53.10317802429199}, "costs": {"total_cost": 958.0567380632001, "time_cost": 150, "final_distance_cost": 50.01304147902775, "oscillation_cost": 103.81404127899899, "completition_cost": 555.5555555555555, "overshoot_cost": 49.45050131999648, "power_cost": 24.869446838378906, "noise_cost": 24.354151591242516, "n_waypoints_completed": 4, "tot_waypoints": 9}}
{"target": -666.3556000476347, "params": {"k_pid_pos": [0.6814920150795278, 0.6830565419004216, 0.6126609178806789], "k_pid_alt": [1.2177654586977797, 0.6214612339167096, 0.1492690633198075], "k_pid_att": [14.077312901551242, 4.614951896659588, 0.037361850321517065], "k_pid_yaw": [0.5, 1e-06, 0.1], "k_pid_hsp": [3.9892811689312664, 0.8011553391713194, 0.7723151972218517], "k_pid_vsp": [170.41710400182066, 21.210207730032668, 0.9506358092405145]}, "datetime": {"datetime": "2025-08-13 12:15:25", "elapsed": 8853.672528266907, "delta": 52.076634645462036}, "costs": {"total_cost": 666.3556000476347, "time_cost": 117.152, "final_distance_cost": 1.799560616978277, "oscillation_cost": 441.0222573002513, "completition_cost": 0.0, "overshoot_cost": 56.5584012258568, "power_cost": 20.250057287597656, "noise_cost": 29.573323616950674, "n_waypoints_completed": 9, "tot_waypoints": 9}}
{"target": -844.0635913217221, "params": {"k_pid_pos": [0.4874808408457226, 0.6593492183605875, 0.8404360503256337], "k_pid_alt": [0.8933536705099214, 0.39734994063387374, 0.8813878812837834], "k_pid_att": [15.574740320378599, 5.37751633579947, 0.46562707557772065], "k_pid_yaw": [0.5, 1e-06, 0.1], "k_pid_hsp": [9.329579446074868, 0.519876120432679, 0.9129362085569468], "k_pid_vsp": [263.5460554302204, 274.93670580356434, 47.07216238429241]}, "datetime": {"datetime": "2025-08-13 12:16:19", "elapsed": 8906.969243526459, "delta": 53.296715259552}, "costs": {"total_cost": 844.0635913217221, "time_cost": 150, "final_distance_cost": 59.20160651376038, "oscillation_cost": 379.92317747664674, "completition_cost": 111.11111111111116, "overshoot_cost": 57.93422191093292, "power_cost": 47.32004615478516, "noise_cost": 38.57342815448567, "n_waypoints_completed": 8, "tot_waypoints": 9}}
{"target": -244.68470371512947, "params": {"k_pid_pos": [1.4820120116296367, 0.20692009416570178, 0.24724661704077566], "k_pid_alt": [1.805276348655812, 0.5407707870755132, 0.7603493402126276], "k_pid_att": [50.30481322328642, 7.212258995726836, 0.9156535293734339], "k_pid_yaw": [0.5, 1e-06, 0.1], "k_pid_hsp": [2.512352515203499, 0.06160942430955696, 0.03750034352271492], "k_pid_vsp": [193.8353211714344, 9.667244930855631, 5.300451314843638]}, "datetime": {"datetime": "2025-08-13 12:16:54", "elapsed": 8942.705940485, "delta": 35.73669695854187}, "costs": {"total_cost": 244.68470371512947, "time_cost": 81.256, "final_distance_cost": 1.7742680533696666, "oscillation_cost": 68.07594855060549, "completition_cost": 0.0, "overshoot_cost": 51.84246983801347, "power_cost": 18.39482458496094, "noise_cost": 23.34119268817991, "n_waypoints_completed": 9, "tot_waypoints": 9}}
{"target": -650.3466312218177, "params": {"k_pid_pos": [0.40445153933459954, 0.6502915990076278, 0.5062178982786769], "k_pid_alt": [1.925594315441273, 0.22472524997397458, 0.2667211903771304], "k_pid_att": [51.401135602603574, 4.092800896036446, 0.04934728903722885], "k_pid_yaw": [0.5, 1e-06, 0.1], "k_pid_hsp": [4.445460520891561, 0.5157565149210555, 0.0009650598432251467], "k_pid_vsp": [197.11496574456226, 9.001249342798173, 9.563754840231049]}, "datetime": {"datetime": "2025-08-13 12:17:37", "elapsed": 8985.610726594925, "delta": 42.904786109924316}, "costs": {"total_cost": 650.3466312218177, "time_cost": 150, "final_distance_cost": 67.17066774520372, "oscillation_cost": 102.1342314974538, "completition_cost": 222.2222222222222, "overshoot_cost": 46.44002356832903, "power_cost": 31.72489949951172, "noise_cost": 30.654586689097133, "n_waypoints_completed": 7, "tot_waypoints": 9}}
{"target": -297.33300957273934, "params": {"k_pid_pos": [1.792198814400168, 0.24521698085907684, 0.5297360319451492], "k_pid_alt": [1.8899867713306928, 0.37477599014280105, 0.6533995233238646], "k_pid_att": [5.201598675815156, 0.9455750078866857, 0.6655875002331952], "k_pid_yaw": [0.5, 1e-06, 0.1], "k_pid_hsp": [3.523918788231708, 0.2648420232792854, 0.7954483485103184], "k_pid_vsp": [301.72463201271415, 331.685952645313, 103.88849749489218]}, "datetime": {"datetime": "2025-08-13 12:18:01", "elapsed": 9009.494992733002, "delta": 23.884266138076782}, "costs": {"total_cost": 297.33300957273934, "time_cost": 84.91, "final_distance_cost": 1.782016731693622, "oscillation_cost": 106.28805423033532, "completition_cost": 0.0, "overshoot_cost": 60.22372390094625, "power_cost": 23.840698571777345, "noise_cost": 20.288516137986775, "n_waypoints_completed": 9, "tot_waypoints": 9}}
{"target": -592.3508379397251, "params": {"k_pid_pos": [1.1227987702108813, 0.14275348558147438, 0.7281621236697405], "k_pid_alt": [0.8085444962319053, 0.8250253350142052, 0.812960465374486], "k_pid_att": [17.838755220460545, 1.3910437498297015, 0.01044494837390908], "k_pid_yaw": [0.5, 1e-06, 0.1], "k_pid_hsp": [2.656642245361512, 0.7734838706588324, 0.5525724319101113], "k_pid_vsp": [164.5557140021209, 34.26203684667199, 6.338616793935605]}, "datetime": {"datetime": "2025-08-13 12:18:43", "elapsed": 9051.899662017822, "delta": 42.40466928482056}, "costs": {"total_cost": 592.3508379397251, "time_cost": 95.389, "final_distance_cost": 1.7637669233744355, "oscillation_cost": 393.17945066669506, "completition_cost": 0.0, "overshoot_cost": 55.82731839440038, "power_cost": 20.655351403808595, "noise_cost": 25.535950551446764, "n_waypoints_completed": 9, "tot_waypoints": 9}}
{"target": -317.07070910445213, "params": {"k_pid_pos": [0.9715887292343092, 0.1916639616427418, 0.39844573431838615], "k_pid_alt": [0.04336576931734881, 0.6714636808249751, 0.6333327060288708], "k_pid_att": [49.87632184887612, 5.549552982877855, 0.9693631914761809], "k_pid_yaw": [0.5, 1e-06, 0.1], "k_pid_hsp": [6.424739564683985, 0.6596352990275878, 0.010433871237317649], "k_pid_vsp": [187.4277251123547, 16.850639775911237, 11.595866947373686]}, "datetime": {"datetime": "2025-08-13 12:19:33", "elapsed": 9101.094286203384, "delta": 49.194624185562134}, "costs": {"total_cost": 317.07070910445213, "time_cost": 116.872, "final_distance_cost": 1.814155063728429, "oscillation_cost": 73.42581687889879, "completition_cost": 0.0, "overshoot_cost": 67.91100300122962, "power_cost": 28.747301855468752, "noise_cost": 28.300432305126463, "n_waypoints_completed": 9, "tot_waypoints": 9}}
{"target": -1045.1751328194794, "params": {"k_pid_pos": [0.10433072392099078, 0.45857926906907487, 0.2129661139499902], "k_pid_alt": [1.8949688911085871, 0.7617868670259953, 0.4259664475349725], "k_pid_att": [45.80920730961297, 2.3667781820176246, 0.358649581162516], "k_pid_yaw": [0.5, 1e-06, 0.1], "k_pid_hsp": [0.17397920311367765, 0.29073701842996047, 0.0985709435712534], "k_pid_vsp": [189.66212997704318, 18.01309288413765, 14.83284467639857]}, "datetime": {"datetime": "2025-08-13 12:20:03", "elapsed": 9131.889929294586, "delta": 30.795643091201782}, "costs": {"total_cost": 1045.1751328194794, "time_cost": 150, "final_distance_cost": 54.41347147486932, "oscillation_cost": 280.4515706005938, "completition_cost": 444.4444444444444, "overshoot_cost": 48.10557885399567, "power_cost": 36.439748059082035, "noise_cost": 31.320319386494077, "n_waypoints_completed": 5, "tot_waypoints": 9}}
{"target": -968.3006342135197, "params": {"k_pid_pos": [0.7101677156661014, 0.2841580980387466, 0.8219399226848998], "k_pid_alt": [1.485979326469255, 0.17374225918928146, 0.3798422611545622], "k_pid_att": [13.837314803745775, 4.010329280748973, 0.26019777622309553], "k_pid_yaw": [0.5, 1e-06, 0.1], "k_pid_hsp": [7.1928779117321815, 0.6438238573471019, 0.48000565018863456], "k_pid_vsp": [308.80209949264434, 318.8707201892927, 105.3043281090639]}, "datetime": {"datetime": "2025-08-13 12:20:34", "elapsed": 9162.169919013977, "delta": 30.27998971939087}, "costs": {"total_cost": 968.3006342135197, "time_cost": 150, "final_distance_cost": 65.44680382277322, "oscillation_cost": 435.02866016040076, "completition_cost": 222.2222222222222, "overshoot_cost": 44.88467063250611, "power_cost": 25.355075122070314, "noise_cost": 25.363202253547286, "n_waypoints_completed": 7, "tot_waypoints": 9}}
{"target": -1091.524121664421, "params": {"k_pid_pos": [0.6982474096777902, 0.7395362618589325, 0.26482967866766494], "k_pid_alt": [0.5226593781241995, 0.27777364175784325, 0.5682161512098219], "k_pid_att": [9.949885563333538, 7.329518996746404, 0.9582365570447825], "k_pid_yaw": [0.5, 1e-06, 0.1], "k_pid_hsp": [0.7113088344433263, 0.06399897227549323, 0.8362587969499168], "k_pid_vsp": [298.34786912909584, 342.6164970263476, 103.8907414381936]}, "datetime": {"datetime": "2025-08-13 12:21:05", "elapsed": 9193.307218074799, "delta": 31.137299060821533}, "costs": {"total_cost": 1091.524121664421, "time_cost": 150, "final_distance_cost": 43.623474191589196, "oscillation_cost": 318.9410705031044, "completition_cost": 444.4444444444444, "overshoot_cost": 65.10472671123104, "power_cost": 38.31558295898438, "noise_cost": 31.0948228550677, "n_waypoints_completed": 5, "tot_waypoints": 9}}
{"target": -529.122515426948, "params": {"k_pid_pos": [1.323238138347242, 0.7874130152893216, 0.5758006000736342], "k_pid_alt": [0.3832689144473336, 0.25858079892608066, 0.1904349504947519], "k_pid_att": [22.539620459615893, 4.85682324585289, 0.8960756220941197], "k_pid_yaw": [0.5, 1e-06, 0.1], "k_pid_hsp": [7.845732406021451, 0.5994023630797352, 0.26935351285535636], "k_pid_vsp": [177.4038125915764, 9.158189807026092, 10.450958273880874]}, "datetime": {"datetime": "2025-08-13 12:21:31", "elapsed": 9219.610971927643, "delta": 26.30375385284424}, "costs": {"total_cost": 529.122515426948, "time_cost": 107.065, "final_distance_cost": 1.7685472967831855, "oscillation_cost": 304.0630443838165, "completition_cost": 0.0, "overshoot_cost": 56.90570401717939, "power_cost": 29.160954638671875, "noise_cost": 30.159265090497055, "n_waypoints_completed": 9, "tot_waypoints": 9}}
{"target": -789.4303260711295, "params": {"k_pid_pos": [0.7503328514373371, 0.2766768779859713, 0.3364450568936943], "k_pid_alt": [1.1932189454388935, 0.46178598328462894, 0.26003943528023965], "k_pid_att": [59.56202276453053, 9.888728907210426, 0.33614053052218174], "k_pid_yaw": [0.5, 1e-06, 0.1], "k_pid_hsp": [5.27737624265093, 0.26196819184753484, 0.6418652660819867], "k_pid_vsp": [79.20784969086232, 358.2465220312367, 51.21008535115131]}, "datetime": {"datetime": "2025-08-13 12:21:59", "elapsed": 9247.50525856018, "delta": 27.894286632537842}, "costs": {"total_cost": 789.4303260711295, "time_cost": 113.792, "final_distance_cost": 1.7822922609365233, "oscillation_cost": 562.266957646995, "completition_cost": 0.0, "overshoot_cost": 57.76232095033833, "power_cost": 27.4608318359375, "noise_cost": 26.365923376922122, "n_waypoints_completed": 9, "tot_waypoints": 9}}
{"target": -398.93867943725627, "params": {"k_pid_pos": [1.3317184296369122, 0.16758258238784274, 0.9581551153092134], "k_pid_alt": [0.7805339015987012, 0.9531801711008817, 0.7284573200508374], "k_pid_att": [13.666851669582702, 7.2278917583858435, 0.8389032881889159], "k_pid_yaw": [0.5, 1e-06, 0.1], "k_pid_hsp": [5.533541105286809, 0.6811143607428513, 0.31596929672031837], "k_pid_vsp": [161.6355828587779, 35.661323147186735, 11.390326882796387]}, "datetime": {"datetime": "2025-08-13 12:22:21", "elapsed": 9269.200067043304, "delta": 21.69480848312378}, "costs": {"total_cost": 398.93867943725627, "time_cost": 87.934, "final_distance_cost": 1.8095322842212025, "oscillation_cost": 208.4247171025604, "completition_cost": 0.0, "overshoot_cost": 56.67183382241674, "power_cost": 22.029360205078127, "noise_cost": 22.06923602297981, "n_waypoints_completed": 9, "tot_waypoints": 9}}
{"target": -1179.1171019810165, "params": {"k_pid_pos": [0.214022640741715, 0.886025897229043, 0.8169108993646003], "k_pid_alt": [1.3173873852590228, 0.7978106386878862, 0.2486326334782597], "k_pid_att": [11.763134921697816, 4.653938975222527, 0.28608305817457746], "k_pid_yaw": [0.5, 1e-06, 0.1], "k_pid_hsp": [8.53098794052221, 0.0007616375199320791, 0.6423541933830649], "k_pid_vsp": [302.7877391919019, 324.19714851465613, 111.17496010723038]}, "datetime": {"datetime": "2025-08-13 12:22:50", "elapsed": 9298.218314170837, "delta": 29.01824712753296}, "costs": {"total_cost": 1179.1171019810165, "time_cost": 150, "final_distance_cost": 40.95098090761777, "oscillation_cost": 319.56897494553783, "completition_cost": 555.5555555555555, "overshoot_cost": 51.99791120141959, "power_cost": 31.81293386230469, "noise_cost": 29.23074550858137, "n_waypoints_completed": 4, "tot_waypoints": 9}}
{"target": -1080.861775963898, "params": {"k_pid_pos": [0.4305922750819871, 0.43766796245973927, 0.7721746589585733], "k_pid_alt": [0.5839695709630155, 0.40445243967788624, 0.7930633057116248], "k_pid_att": [24.51971668388442, 3.9321701052352434, 0.9244569345729706], "k_pid_yaw": [0.5, 1e-06, 0.1], "k_pid_hsp": [4.089709380627032, 0.16144007414119155, 0.7146710962056111], "k_pid_vsp": [173.1046624527343, 12.04375654971934, 5.104227216798029]}, "datetime": {"datetime": "2025-08-13 12:23:20", "elapsed": 9328.180126905441, "delta": 29.961812734603882}, "costs": {"total_cost": 1080.861775963898, "time_cost": 150, "final_distance_cost": 72.25715034143202, "oscillation_cost": 407.92755256858806, "completition_cost": 333.33333333333337, "overshoot_cost": 50.10433490168426, "power_cost": 33.048813024902344, "noise_cost": 34.19059179395806, "n_waypoints_completed": 6, "tot_waypoints": 9}}
{"target": -888.7251883363956, "params": {"k_pid_pos": [1.0733643639132864, 0.990586749775647, 0.3745195782120908], "k_pid_alt": [0.7381963751956462, 0.7456379970646572, 0.4655181863158998], "k_pid_att": [1.773639501822577, 2.600364195994742, 0.48806252621244783], "k_pid_yaw": [0.5, 1e-06, 0.1], "k_pid_hsp": [9.207916098288718, 0.3175771566031108, 0.7371723317947361], "k_pid_vsp": [301.0948738650193, 340.99067751034096, 107.3215285922371]}, "datetime": {"datetime": "2025-08-13 12:23:49", "elapsed": 9357.147027015686, "delta": 28.96690011024475}, "costs": {"total_cost": 888.7251883363956, "time_cost": 150, "final_distance_cost": 78.15144421711327, "oscillation_cost": 189.19887654820934, "completition_cost": 333.33333333333337, "overshoot_cost": 69.6333520948435, "power_cost": 37.09603251953125, "noise_cost": 31.312149623364764, "n_waypoints_completed": 6, "tot_waypoints": 9}}
{"target": -521.412215361336, "params": {"k_pid_pos": [1.2655192960368902, 0.702252008291551, 0.5208389800673746], "k_pid_alt": [1.3393917344140502, 0.5972634137304205, 0.6145908175504011], "k_pid_att": [54.79115347456788, 9.862208776686707, 0.7396819639373992], "k_pid_yaw": [0.5, 1e-06, 0.1], "k_pid_hsp": [6.761328295059862, 0.5688363373379487, 0.8623754340353743], "k_pid_vsp": [102.49698617330938, 353.27516985812747, 49.29247894647385]}, "datetime": {"datetime": "2025-08-13 12:24:14", "elapsed": 9381.963351726532, "delta": 24.816324710845947}, "costs": {"total_cost": 521.412215361336, "time_cost": 100.464, "final_distance_cost": 1.749604040522776, "oscillation_cost": 295.76727743431957, "completition_cost": 0.0, "overshoot_cost": 59.99072737210605, "power_cost": 36.46177481689453, "noise_cost": 26.9788316974931, "n_waypoints_completed": 9, "tot_waypoints": 9}}
{"target": -525.7399541932549, "params": {"k_pid_pos": [0.5929113570341222, 0.11271411380506957, 0.31316258783095363], "k_pid_alt": [0.8079946652529579, 0.07936042791183728, 0.30273895698071585], "k_pid_att": [3.940294815721135, 2.5912521578409766, 0.3877673221192972], "k_pid_yaw": [0.5, 1e-06, 0.1], "k_pid_hsp": [2.649302615929687, 0.4944402193373688, 0.5440206927665938], "k_pid_vsp": [296.9882186377753, 339.4762375083948, 97.24872007318343]}, "datetime": {"datetime": "2025-08-13 12:24:43", "elapsed": 9411.540809392929, "delta": 29.577457666397095}, "costs": {"total_cost": 525.7399541932549, "time_cost": 150, "final_distance_cost": 6.875860135078556, "oscillation_cost": 147.97404318538977, "completition_cost": 111.11111111111116, "overshoot_cost": 55.940634640813514, "power_cost": 27.839219799804688, "noise_cost": 25.999085321057134, "n_waypoints_completed": 8, "tot_waypoints": 9}}
{"target": -495.4332567378524, "params": {"k_pid_pos": [1.0110745460595558, 0.3251282557567782, 0.5531388556666336], "k_pid_alt": [1.1427556708500406, 0.5751358626545564, 0.7090917208390267], "k_pid_att": [10.240006440163075, 8.947970138875887, 0.1026637868929895], "k_pid_yaw": [0.5, 1e-06, 0.1], "k_pid_hsp": [5.591660822302278, 0.6304128862717758, 0.5670428319029062], "k_pid_vsp": [260.07839576865797, 284.7111432630888, 55.97667779222501]}, "datetime": {"datetime": "2025-08-13 12:25:06", "elapsed": 9434.478779554367, "delta": 22.93797016143799}, "costs": {"total_cost": 495.4332567378524, "time_cost": 92.435, "final_distance_cost": 1.7373176462567392, "oscillation_cost": 301.95507747037675, "completition_cost": 0.0, "overshoot_cost": 55.029304654744074, "power_cost": 22.15513798828125, "noise_cost": 22.12141897819359, "n_waypoints_completed": 9, "tot_waypoints": 9}}
{"target": -1436.7000396350215, "params": {"k_pid_pos": [0.18199563888994807, 0.47074542659754237, 0.848788980919596], "k_pid_alt": [1.7112916056143752, 0.7556649357109951, 0.13289695808572521], "k_pid_att": [23.451762152012623, 3.379756462595749, 0.4793224610907233], "k_pid_yaw": [0.5, 1e-06, 0.1], "k_pid_hsp": [8.869142743247904, 0.6920359000747334, 0.2920229487663949], "k_pid_vsp": [183.40266445246306, 2.608561722342683, 13.675331168661064]}, "datetime": {"datetime": "2025-08-13 12:25:36", "elapsed": 9464.66476225853, "delta": 30.185982704162598}, "costs": {"total_cost": 1436.7000396350215, "time_cost": 150, "final_distance_cost": 45.29274250289336, "oscillation_cost": 573.3224666791662, "completition_cost": 555.5555555555555, "overshoot_cost": 49.39375831048931, "power_cost": 33.10258610839844, "noise_cost": 30.032930478518406, "n_waypoints_completed": 4, "tot_waypoints": 9}}
{"target": -447.51009722268805, "params": {"k_pid_pos": [1.516469487598175, 0.7518008234966684, 0.8525708560840334], "k_pid_alt": [1.541450450646247, 0.8334102316168199, 0.1934331651530865], "k_pid_att": [48.7444466977947, 9.981986025939886, 0.9077704580932158], "k_pid_yaw": [0.5, 1e-06, 0.1], "k_pid_hsp": [7.500361501744756, 0.5012586855103011, 0.801729575156112], "k_pid_vsp": [86.62051899495533, 355.78887395091067, 32.48113353821291]}, "datetime": {"datetime": "2025-08-13 12:25:57", "elapsed": 9485.494147539139, "delta": 20.82938528060913}, "costs": {"total_cost": 447.51009722268805, "time_cost": 83.825, "final_distance_cost": 1.7607378840156458, "oscillation_cost": 267.54173625696876, "completition_cost": 0.0, "overshoot_cost": 52.455468277499385, "power_cost": 22.199583032226563, "noise_cost": 19.72757177197768, "n_waypoints_completed": 9, "tot_waypoints": 9}}
