{"target": -688.0896704846972, "params": {"k_pid_pos": [1.6040385764202714, 0.7383266682555378, 0.5613562332780706], "k_pid_alt": [0.6559535810808239, 0.8422761397068973, 0.8763413854635859], "k_pid_att": [22.034436147884616, 5.8553174542592314, 0.010954791855362522], "k_pid_yaw": [0.5, 1e-06, 0.1], "k_pid_hsp": [8.333299113691295, 0.7790472847309788, 0.6929507111473616], "k_pid_vsp": [304.88235366127145, 333.57398530980794, 65.07007837473823]}, "datetime": {"datetime": "2025-08-14 05:58:24", "elapsed": 72632.68946170807, "delta": 38.27060890197754}, "costs": {"total_cost": 688.0896704846972, "time_cost": 109.711, "final_distance_cost": 1.7621681277140455, "oscillation_cost": 446.5902609365194, "completition_cost": 0.0, "overshoot_cost": 64.0330843635285, "power_cost": 36.400034729003906, "noise_cost": 29.593122327931372, "n_waypoints_completed": 9, "tot_waypoints": 9}}
{"target": -532.1648624590844, "params": {"k_pid_pos": [1.4355856152515647, 0.33824696845076685, 0.21370898524802373], "k_pid_alt": [1.7355090144021357, 0.9092109330226665, 0.8067302604184515], "k_pid_att": [17.134434861722447, 8.054168480819596, 0.010218982765467732], "k_pid_yaw": [0.5, 1e-06, 0.1], "k_pid_hsp": [1.4310446680266904, 0.3604854902645007, 0.4636601707593223], "k_pid_vsp": [175.44896205487515, 22.83809651206304, 22.257197006648585]}, "datetime": {"datetime": "2025-08-14 05:59:12", "elapsed": 72680.18626260757, "delta": 47.496800899505615}, "costs": {"total_cost": 532.1648624590844, "time_cost": 112.11200000000001, "final_distance_cost": 1.7467179637229044, "oscillation_cost": 292.17695033372496, "completition_cost": 0.0, "overshoot_cost": 66.96391532721094, "power_cost": 29.54681875, "noise_cost": 29.618460084425536, "n_waypoints_completed": 9, "tot_waypoints": 9}}
{"target": -539.9094424578477, "params": {"k_pid_pos": [1.9873064227560067, 0.6660544474355028, 0.7067508637599353], "k_pid_alt": [1.7268554348978344, 0.40891304431376285, 0.5083673729202332], "k_pid_att": [59.74179649635981, 7.302883726317224, 0.9486434976977999], "k_pid_yaw": [0.5, 1e-06, 0.1], "k_pid_hsp": [3.173256192847574, 0.5134479930533999, 0.6603565313070776], "k_pid_vsp": [87.51488898775656, 352.2270236669975, 51.72061549913611]}, "datetime": {"datetime": "2025-08-14 06:00:05", "elapsed": 72733.18864417076, "delta": 53.002381563186646}, "costs": {"total_cost": 539.9094424578477, "time_cost": 111.99300000000001, "final_distance_cost": 1.746366913538422, "oscillation_cost": 298.6696326105747, "completition_cost": 0.0, "overshoot_cost": 60.9863498539924, "power_cost": 37.6351238647461, "noise_cost": 28.878969214996037, "n_waypoints_completed": 9, "tot_waypoints": 9}}
{"target": -483.72123157681204, "params": {"k_pid_pos": [0.5993002374900681, 0.4883436205055025, 0.46529677216768806], "k_pid_alt": [0.6899713296919168, 0.4969675321938454, 0.36214487897351255], "k_pid_att": [6.692643531519559, 0.09694734118024549, 0.266282132368707], "k_pid_yaw": [0.5, 1e-06, 0.1], "k_pid_hsp": [8.611089464748801, 0.31875869506398, 0.7134003126598364], "k_pid_vsp": [173.63162919320985, 9.710175671928262, 10.512829259064139]}, "datetime": {"datetime": "2025-08-14 06:00:59", "elapsed": 72787.11690354347, "delta": 53.92825937271118}, "costs": {"total_cost": 483.72123157681204, "time_cost": 114.331, "final_distance_cost": 1.786031664841696, "oscillation_cost": 245.82737324901785, "completition_cost": 0.0, "overshoot_cost": 61.42039798286296, "power_cost": 28.927849633789062, "noise_cost": 31.428579046300502, "n_waypoints_completed": 9, "tot_waypoints": 9}}
{"target": -534.826589043119, "params": {"k_pid_pos": [1.4758085498004507, 0.4470054604625914, 0.814839950728826], "k_pid_alt": [0.83552785345957, 0.7242031489174231, 0.4056480219190668], "k_pid_att": [6.522158419449764, 8.67683772471486, 0.8356883620387426], "k_pid_yaw": [0.5, 1e-06, 0.1], "k_pid_hsp": [6.234676454427089, 0.43554163765513576, 0.7353534244511151], "k_pid_vsp": [167.83356762421607, 27.65501793483001, 11.135348477004205]}, "datetime": {"datetime": "2025-08-14 06:01:56", "elapsed": 72844.54832434654, "delta": 57.43142080307007}, "costs": {"total_cost": 534.826589043119, "time_cost": 119.483, "final_distance_cost": 1.7467950895005988, "oscillation_cost": 278.2263005288408, "completition_cost": 0.0, "overshoot_cost": 65.6662593507545, "power_cost": 35.201931152343754, "noise_cost": 34.50230292167932, "n_waypoints_completed": 9, "tot_waypoints": 9}}
{"target": -948.9532505570966, "params": {"k_pid_pos": [1.0251934714367172, 0.7871682834359568, 0.7431669849714146], "k_pid_alt": [0.2503491446882624, 0.23970151805242057, 0.1493585141913324], "k_pid_att": [25.88404414576494, 0.9404072573342833, 0.9020288912840786], "k_pid_yaw": [0.5, 1e-06, 0.1], "k_pid_hsp": [1.1668821799121816, 0.6983603913858276, 0.4386562982311102], "k_pid_vsp": [192.46863612368406, 302.2600163466989, 20.859646877542893]}, "datetime": {"datetime": "2025-08-14 06:02:38", "elapsed": 72886.113437891, "delta": 41.56511354446411}, "costs": {"total_cost": 948.9532505570966, "time_cost": 150, "final_distance_cost": 72.51285983690133, "oscillation_cost": 277.3727069460703, "completition_cost": 333.33333333333337, "overshoot_cost": 48.546129779111126, "power_cost": 35.009076892089844, "noise_cost": 32.179143769590645, "n_waypoints_completed": 6, "tot_waypoints": 9}}
{"target": -512.3601685205002, "params": {"k_pid_pos": [1.382424846435464, 0.19781888648461143, 0.6290494838001758], "k_pid_alt": [1.2440932955765653, 0.260342168966718, 0.5215992642358124], "k_pid_att": [17.135579874877184, 1.7746856329649259, 0.4738048483561701], "k_pid_yaw": [0.5, 1e-06, 0.1], "k_pid_hsp": [9.520490806394665, 0.10776529778273047, 0.8637870577917565], "k_pid_vsp": [190.57046401732168, 299.99212400802867, 31.166029719418272]}, "datetime": {"datetime": "2025-08-14 06:03:14", "elapsed": 72922.41249728203, "delta": 36.29905939102173}, "costs": {"total_cost": 512.3601685205002, "time_cost": 97.741, "final_distance_cost": 1.7842290578254707, "oscillation_cost": 300.21087828797664, "completition_cost": 0.0, "overshoot_cost": 55.37813279459263, "power_cost": 30.54446483154297, "noise_cost": 26.70146354856246, "n_waypoints_completed": 9, "tot_waypoints": 9}}
{"target": -383.8303403942236, "params": {"k_pid_pos": [1.9823057145465217, 0.5432093319447966, 0.040591063558735985], "k_pid_alt": [0.9826876645498903, 0.17983449626349035, 0.1714230845786665], "k_pid_att": [12.779316976044697, 8.052229693256239, 0.6969996942312258], "k_pid_yaw": [0.5, 1e-06, 0.1], "k_pid_hsp": [4.039160971909044, 0.5168897239849898, 0.8094707601551142], "k_pid_vsp": [175.67814330593325, 30.948106189292524, 3.4827178988942546]}, "datetime": {"datetime": "2025-08-14 06:04:07", "elapsed": 72975.7539241314, "delta": 53.341426849365234}, "costs": {"total_cost": 383.8303403942236, "time_cost": 99.06400000000001, "final_distance_cost": 1.7528474915230716, "oscillation_cost": 171.12221980228804, "completition_cost": 0.0, "overshoot_cost": 59.80742218367615, "power_cost": 24.00150386962891, "noise_cost": 28.082347047107373, "n_waypoints_completed": 9, "tot_waypoints": 9}}
{"target": -974.3735849587764, "params": {"k_pid_pos": [0.4981956108928829, 0.8640344282004311, 0.09603527982276505], "k_pid_alt": [0.831325052625409, 0.6091835235069762, 0.6009515636036625], "k_pid_att": [15.024457892842246, 7.770378763982919, 0.03052140896310096], "k_pid_yaw": [0.5, 1e-06, 0.1], "k_pid_hsp": [3.8008099937117543, 0.26478966034971707, 0.8649112409354456], "k_pid_vsp": [246.28780660687065, 253.36627303444544, 58.71048977519801]}, "datetime": {"datetime": "2025-08-14 06:05:03", "elapsed": 73031.62994790077, "delta": 55.87602376937866}, "costs": {"total_cost": 974.3735849587764, "time_cost": 150, "final_distance_cost": 85.41310069213431, "oscillation_cost": 265.5053485889658, "completition_cost": 333.33333333333337, "overshoot_cost": 76.47547002166237, "power_cost": 32.719906567382814, "noise_cost": 30.92642575529757, "n_waypoints_completed": 6, "tot_waypoints": 9}}
{"target": -593.3522428448274, "params": {"k_pid_pos": [1.4324847068426638, 0.41155433355935456, 0.5775514425444384], "k_pid_alt": [0.4118832328287385, 0.6285015308976064, 0.8864325110916547], "k_pid_att": [23.41268310355734, 8.160228089744319, 0.2860501894464068], "k_pid_yaw": [0.5, 1e-06, 0.1], "k_pid_hsp": [6.351575725883661, 0.7836796530971727, 0.8251749791567103], "k_pid_vsp": [292.4395401520411, 323.5944965732594, 75.49190971111949]}, "datetime": {"datetime": "2025-08-14 06:05:40", "elapsed": 73067.96692371368, "delta": 36.33697581291199}, "costs": {"total_cost": 593.3522428448274, "time_cost": 104.125, "final_distance_cost": 1.7386654475208743, "oscillation_cost": 372.8716410885293, "completition_cost": 0.0, "overshoot_cost": 60.03754824708116, "power_cost": 28.72540594482422, "noise_cost": 25.85398211687178, "n_waypoints_completed": 9, "tot_waypoints": 9}}
{"target": -221.4775465823972, "params": {"k_pid_pos": [1.592213172437353, 0.8987194782966225, 0.9212291091677375], "k_pid_alt": [1.0222112599130726, 0.5148466385908369, 0.41847887941348344], "k_pid_att": [22.59180056901025, 5.93693277053654, 0.35578286061193704], "k_pid_yaw": [0.5, 1e-06, 0.1], "k_pid_hsp": [2.2139822022316626, 0.6292823865554685, 0.0], "k_pid_vsp": [322.04294548164154, 332.10590363240067, 94.05745333358523]}, "datetime": {"datetime": "2025-08-14 06:06:20", "elapsed": 73108.82947778702, "delta": 40.86255407333374}, "costs": {"total_cost": 221.4775465823972, "time_cost": 81.473, "final_distance_cost": 1.750612003457209, "oscillation_cost": 46.04625496578262, "completition_cost": 0.0, "overshoot_cost": 51.950798874180904, "power_cost": 21.029066076660158, "noise_cost": 19.227814662316266, "n_waypoints_completed": 9, "tot_waypoints": 9}}
{"target": -722.608215021211, "params": {"k_pid_pos": [1.4299342663524315, 0.9248738460299245, 0.3808251759840615], "k_pid_alt": [0.7694714416636785, 0.6004493711951656, 0.9572977836997654], "k_pid_att": [17.52201290846661, 2.1449196348105284, 0.9551987721023503], "k_pid_yaw": [0.5, 1e-06, 0.1], "k_pid_hsp": [2.556493092836672, 0.16848708530220713, 0.8032262317089718], "k_pid_vsp": [284.80901627182016, 279.89124434612023, 36.63120452369716]}, "datetime": {"datetime": "2025-08-14 06:07:02", "elapsed": 73150.13068223, "delta": 41.301204442977905}, "costs": {"total_cost": 722.608215021211, "time_cost": 150, "final_distance_cost": 58.419583959017515, "oscillation_cost": 165.34371931026126, "completition_cost": 222.2222222222222, "overshoot_cost": 67.16307014683923, "power_cost": 30.507101782226563, "noise_cost": 28.952517600644263, "n_waypoints_completed": 7, "tot_waypoints": 9}}
{"target": -422.98275575385117, "params": {"k_pid_pos": [1.7108770452342719, 0.788512011792844, 0.25156429433918726], "k_pid_alt": [1.8094450513153866, 0.9735334810575256, 0.25034626290382966], "k_pid_att": [19.31862654939388, 6.75531278343433, 0.19440291180216052], "k_pid_yaw": [0.5, 1e-06, 0.1], "k_pid_hsp": [6.203162768932545, 0.5296586437986177, 0.35336329933440846], "k_pid_vsp": [186.46558574408138, 300.1069738321839, 25.099218707692152]}, "datetime": {"datetime": "2025-08-14 06:07:38", "elapsed": 73186.53579902649, "delta": 36.40511679649353}, "costs": {"total_cost": 422.98275575385117, "time_cost": 98.203, "final_distance_cost": 1.7801412330180664, "oscillation_cost": 213.11973405503932, "completition_cost": 0.0, "overshoot_cost": 57.74534924934227, "power_cost": 26.563927014160157, "noise_cost": 25.570604202291417, "n_waypoints_completed": 9, "tot_waypoints": 9}}
{"target": -541.1916068875581, "params": {"k_pid_pos": [1.3863810482056733, 0.44484980587647116, 0.019982579625315244], "k_pid_alt": [0.3760291206252844, 0.583237798841288, 0.20801308571436672], "k_pid_att": [51.962706109068804, 0.12793759806870325, 0.02666483656746743], "k_pid_yaw": [0.5, 1e-06, 0.1], "k_pid_hsp": [4.607452173874579, 0.09753385570112805, 0.6629061627405546], "k_pid_vsp": [80.68656468146776, 344.5518473559066, 44.93307475668442]}, "datetime": {"datetime": "2025-08-14 06:08:25", "elapsed": 73233.09003162384, "delta": 46.554232597351074}, "costs": {"total_cost": 541.1916068875581, "time_cost": 113.12, "final_distance_cost": 1.7855230414998662, "oscillation_cost": 291.5628536470411, "completition_cost": 0.0, "overshoot_cost": 69.12899443946988, "power_cost": 36.508381762695315, "noise_cost": 29.085853996851952, "n_waypoints_completed": 9, "tot_waypoints": 9}}
{"target": -280.8628292469035, "params": {"k_pid_pos": [1.8743447384227538, 0.0, 0.0768523689315146], "k_pid_alt": [0.4661104928802764, 0.0, 1.0], "k_pid_att": [59.917047829980504, 4.996278116031579, 1.0], "k_pid_yaw": [0.5, 1e-06, 0.1], "k_pid_hsp": [5.686545108428016, 0.0, 0.0], "k_pid_vsp": [211.7884474035932, 10.894460900340652, 2.5348195093307053]}, "datetime": {"datetime": "2025-08-14 06:09:23", "elapsed": 73291.06746482849, "delta": 57.97743320465088}, "costs": {"total_cost": 280.8628292469035, "time_cost": 111.202, "final_distance_cost": 1.8619388069915803, "oscillation_cost": 54.40876100145724, "completition_cost": 0.0, "overshoot_cost": 55.29135988204901, "power_cost": 25.65256942138672, "noise_cost": 32.446200135018934, "n_waypoints_completed": 9, "tot_waypoints": 9}}
{"target": -1009.1067605437162, "params": {"k_pid_pos": [1.662259224078167, 0.22684390147899303, 0.9138450658041057], "k_pid_alt": [0.3297263163834865, 0.5680888171947169, 0.4057133486817228], "k_pid_att": [22.215022213697534, 2.7183576062740253, 0.8371966436549559], "k_pid_yaw": [0.5, 1e-06, 0.1], "k_pid_hsp": [1.0042481794133202, 0.31228943125273145, 0.560079666956174], "k_pid_vsp": [272.6067986118907, 333.6978361156293, 104.75364332012369]}, "datetime": {"datetime": "2025-08-14 06:10:17", "elapsed": 73345.69077777863, "delta": 54.62331295013428}, "costs": {"total_cost": 1009.1067605437162, "time_cost": 150, "final_distance_cost": 72.17385375276062, "oscillation_cost": 447.2711561818299, "completition_cost": 222.2222222222222, "overshoot_cost": 56.17620723455423, "power_cost": 33.10242578125, "noise_cost": 28.160895371099297, "n_waypoints_completed": 7, "tot_waypoints": 9}}
{"target": -813.2515730665007, "params": {"k_pid_pos": [1.1939233783253065, 0.5609014094800181, 0.8493090301205196], "k_pid_alt": [1.158232044287679, 0.9000241206617905, 0.5023395543582185], "k_pid_att": [8.102150264464669, 7.07555902153964, 0.5001097298035782], "k_pid_yaw": [0.5, 1e-06, 0.1], "k_pid_hsp": [8.591912531336149, 0.37169615790811905, 0.7027083232129587], "k_pid_vsp": [308.7053416023962, 343.1220970163687, 110.52382341004439]}, "datetime": {"datetime": "2025-08-14 06:11:07", "elapsed": 73395.0563788414, "delta": 49.36560106277466}, "costs": {"total_cost": 813.2515730665007, "time_cost": 150, "final_distance_cost": 63.37336460825792, "oscillation_cost": 351.7800886020155, "completition_cost": 111.11111111111116, "overshoot_cost": 60.435050094706824, "power_cost": 42.935774853515625, "noise_cost": 33.61618379689342, "n_waypoints_completed": 8, "tot_waypoints": 9}}
{"target": -966.3924804540927, "params": {"k_pid_pos": [1.5556782576549748, 0.9085079293626508, 0.48125898049412785], "k_pid_alt": [0.1104994050528656, 0.01502052704753698, 0.7316645351657352], "k_pid_att": [8.361279994096416, 7.687179902029835, 0.9066834930454694], "k_pid_yaw": [0.5, 1e-06, 0.1], "k_pid_hsp": [7.825259378687185, 0.20355305188274697, 0.09392476943816452], "k_pid_vsp": [181.16023800927064, 21.113718283317585, 18.55994992651206]}, "datetime": {"datetime": "2025-08-14 06:11:50", "elapsed": 73438.73353290558, "delta": 43.67715406417847}, "costs": {"total_cost": 966.3924804540927, "time_cost": 150, "final_distance_cost": 41.47408234259643, "oscillation_cost": 99.5708243432306, "completition_cost": 555.5555555555555, "overshoot_cost": 51.63222669700463, "power_cost": 36.56124349365235, "noise_cost": 31.59854802205327, "n_waypoints_completed": 4, "tot_waypoints": 9}}
{"target": -254.8077656600526, "params": {"k_pid_pos": [1.3968546033073748, 0.8558925731527186, 0.6656538729599163], "k_pid_alt": [0.39817872466762183, 0.05061506321582876, 0.8541161173711237], "k_pid_att": [15.027193228872882, 5.344042523072048, 0.9759373495362899], "k_pid_yaw": [0.5, 1e-06, 0.1], "k_pid_hsp": [9.36827052042679, 0.23263390397486283, 0.0008215138104442632], "k_pid_vsp": [305.2592977209024, 354.95333853223633, 121.21114618364777]}, "datetime": {"datetime": "2025-08-14 06:12:29", "elapsed": 73477.35279631615, "delta": 38.61926341056824}, "costs": {"total_cost": 254.8077656600526, "time_cost": 98.07000000000001, "final_distance_cost": 1.853896335104031, "oscillation_cost": 59.020592611344895, "completition_cost": 0.0, "overshoot_cost": 52.32648345958864, "power_cost": 20.683224035644532, "noise_cost": 22.853569218370502, "n_waypoints_completed": 9, "tot_waypoints": 9}}
{"target": -542.7724148332677, "params": {"k_pid_pos": [1.3775218709871873, 0.5742918824116884, 0.8584515714956374], "k_pid_alt": [1.2333785601879215, 0.4187695479782765, 0.08977586437456431], "k_pid_att": [18.409362698699773, 9.111123282581515, 0.6225808946689116], "k_pid_yaw": [0.5, 1e-06, 0.1], "k_pid_hsp": [3.769146419631942, 0.23502309381606346, 0.19664232500233958], "k_pid_vsp": [163.397864224716, 28.811651128638193, 24.331887923277836]}, "datetime": {"datetime": "2025-08-14 06:13:19", "elapsed": 73527.92218732834, "delta": 50.56939101219177}, "costs": {"total_cost": 542.7724148332677, "time_cost": 111.349, "final_distance_cost": 1.792093565523973, "oscillation_cost": 287.1960768344771, "completition_cost": 0.0, "overshoot_cost": 66.53953602738432, "power_cost": 42.34523972167969, "noise_cost": 33.550468684202706, "n_waypoints_completed": 9, "tot_waypoints": 9}}
{"target": -366.6625684475749, "params": {"k_pid_pos": [1.258883340018554, 0.5357342742094134, 0.19969521691548164], "k_pid_alt": [1.7502958331028737, 0.7465006413438616, 0.07789646232760661], "k_pid_att": [11.53818919928603, 1.1350332384360442, 0.4828872054675418], "k_pid_yaw": [0.5, 1e-06, 0.1], "k_pid_hsp": [8.835159006415576, 0.9666910045957046, 0.8176491151226883], "k_pid_vsp": [158.1079886076768, 42.8955191768158, 15.440621699328513]}, "datetime": {"datetime": "2025-08-14 06:14:05", "elapsed": 73573.0298268795, "delta": 45.10763955116272}, "costs": {"total_cost": 366.6625684475749, "time_cost": 89.565, "final_distance_cost": 1.7570733187805925, "oscillation_cost": 178.7925167023925, "completition_cost": 0.0, "overshoot_cost": 54.35399975938383, "power_cost": 20.65921403808594, "noise_cost": 21.534764628932027, "n_waypoints_completed": 9, "tot_waypoints": 9}}
{"target": -437.4546557437586, "params": {"k_pid_pos": [1.778541740234801, 0.28641979971703235, 0.506316826894881], "k_pid_alt": [0.11767537647637605, 0.6374423404734182, 0.7696085787011866], "k_pid_att": [11.675765394992732, 7.884817505843331, 0.7210250335751779], "k_pid_yaw": [0.5, 1e-06, 0.1], "k_pid_hsp": [5.772288694312802, 0.24020846895303882, 0.21524980322796516], "k_pid_vsp": [302.6959612236715, 325.4451837415017, 80.15019360928949]}, "datetime": {"datetime": "2025-08-14 06:14:44", "elapsed": 73612.90487885475, "delta": 39.875051975250244}, "costs": {"total_cost": 437.4546557437586, "time_cost": 101.199, "final_distance_cost": 1.7730141718869523, "oscillation_cost": 218.29282849832634, "completition_cost": 0.0, "overshoot_cost": 62.988208876540085, "power_cost": 28.447705822753907, "noise_cost": 24.753898374251392, "n_waypoints_completed": 9, "tot_waypoints": 9}}
{"target": -376.4489722737704, "params": {"k_pid_pos": [1.2874779160086642, 0.7583489561353205, 0.549978656716308], "k_pid_alt": [0.4267614794426131, 0.09123483507633534, 0.2427894166039014], "k_pid_att": [13.89234099013037, 2.2322734849287014, 0.9674966256445694], "k_pid_yaw": [0.5, 1e-06, 0.1], "k_pid_hsp": [2.795597441241426, 0.43819377012282845, 0.22927410706084772], "k_pid_vsp": [282.3861159863596, 273.25372589418663, 47.69271738036366]}, "datetime": {"datetime": "2025-08-14 06:15:37", "elapsed": 73665.65096616745, "delta": 52.746087312698364}, "costs": {"total_cost": 376.4489722737704, "time_cost": 101.787, "final_distance_cost": 1.7649287085609797, "oscillation_cost": 166.49518523895807, "completition_cost": 0.0, "overshoot_cost": 54.24064487807581, "power_cost": 27.56828610839844, "noise_cost": 24.592927339777066, "n_waypoints_completed": 9, "tot_waypoints": 9}}
{"target": -632.6686162687257, "params": {"k_pid_pos": [1.9458392899002526, 0.20460358851380245, 0.041849149833077526], "k_pid_alt": [0.4880789864076749, 0.5302072040369942, 0.3969931716395081], "k_pid_att": [6.216098502716417, 8.951247168987903, 0.8405842162679302], "k_pid_yaw": [0.5, 1e-06, 0.1], "k_pid_hsp": [7.051870257365045, 0.08507571649607926, 0.8535051924403849], "k_pid_vsp": [310.04110376020475, 330.342000374501, 114.0676836491665]}, "datetime": {"datetime": "2025-08-14 06:16:46", "elapsed": 73734.32376670837, "delta": 68.67280054092407}, "costs": {"total_cost": 632.6686162687257, "time_cost": 150, "final_distance_cost": 17.631994550511386, "oscillation_cost": 219.9470900955369, "completition_cost": 111.11111111111116, "overshoot_cost": 71.02153054517191, "power_cost": 33.50483814697266, "noise_cost": 29.45205181942173, "n_waypoints_completed": 8, "tot_waypoints": 9}}
