{"target": -273.136689660803, "params": {"k_pid_pos": [1.6626650918397827, 0.2357315030468724, 0.48109678734801253], "k_pid_alt": [1.8523876559846746, 0.13447347488610406, 0.13808483960017648], "k_pid_att": [7.477375310732848, 5.153007178190774, 0.5147276726538588], "k_pid_yaw": [0.5, 1e-06, 0.1], "k_pid_hsp": [9.447451952903387, 0.5191241741056007, 0.09044466389025185], "k_pid_vsp": [270.7589364034112, 279.8451868620506, 36.70364617437028]}, "datetime": {"datetime": "2025-08-14 00:07:42", "elapsed": 51590.72760820389, "delta": 29.33983564376831}, "costs": {"total_cost": 273.136689660803, "time_cost": 83.818, "final_distance_cost": 1.740088151859897, "oscillation_cost": 93.0082837264272, "completition_cost": 0.0, "overshoot_cost": 51.4336767951598, "power_cost": 22.040344555664063, "noise_cost": 21.096296431692046, "n_waypoints_completed": 9, "tot_waypoints": 9}}
{"target": -546.1810126404719, "params": {"k_pid_pos": [1.6565359253203649, 0.4015814752052914, 0.8085701072363317], "k_pid_alt": [1.224110368609985, 0.6949662485671977, 0.6195051844081404], "k_pid_att": [13.701897356408077, 5.575958765743107, 0.316276744810599], "k_pid_yaw": [0.5, 1e-06, 0.1], "k_pid_hsp": [5.578368387883342, 0.07959810398505351, 0.6817851737937414], "k_pid_vsp": [168.178863568463, 25.92332927444041, 5.341539902949998]}, "datetime": {"datetime": "2025-08-14 00:08:15", "elapsed": 51623.7194275856, "delta": 32.99181938171387}, "costs": {"total_cost": 546.1810126404719, "time_cost": 97.33500000000001, "final_distance_cost": 1.7789321658848463, "oscillation_cost": 330.52568857725436, "completition_cost": 0.0, "overshoot_cost": 57.983568140943554, "power_cost": 29.264639184570314, "noise_cost": 29.293184571818912, "n_waypoints_completed": 9, "tot_waypoints": 9}}
{"target": -1263.277053558776, "params": {"k_pid_pos": [0.10477462552053332, 0.22116734524821735, 0.30499300521621986], "k_pid_alt": [1.8949663119120976, 0.30692518999239216, 0.6844735614516118], "k_pid_att": [10.680131854153252, 2.662643148756711, 0.2085935202103586], "k_pid_yaw": [0.5, 1e-06, 0.1], "k_pid_hsp": [9.41251762513047, 0.8505777328315062, 0.42194274470269], "k_pid_vsp": [308.57970673658997, 332.23088145645926, 100.71220305836799]}, "datetime": {"datetime": "2025-08-14 00:08:57", "elapsed": 51665.46739459038, "delta": 41.747967004776}, "costs": {"total_cost": 1263.277053558776, "time_cost": 150, "final_distance_cost": 46.16584547714352, "oscillation_cost": 396.2802494624937, "completition_cost": 555.5555555555555, "overshoot_cost": 55.10684210502365, "power_cost": 31.99562081298828, "noise_cost": 28.172940145571392, "n_waypoints_completed": 4, "tot_waypoints": 9}}
{"target": -700.1786144591131, "params": {"k_pid_pos": [1.3100132323035931, 0.7595996389480483, 0.4112350024503515], "k_pid_alt": [1.4074853094020199, 0.22874500140668808, 0.4122189265246293], "k_pid_att": [8.833993552692032, 9.263531842722726, 0.8362318581514915], "k_pid_yaw": [0.5, 1e-06, 0.1], "k_pid_hsp": [4.888353831705678, 0.9933852174322642, 0.6773437885249821], "k_pid_vsp": [301.2599713368138, 347.2591565509009, 104.87883323293026]}, "datetime": {"datetime": "2025-08-14 00:09:36", "elapsed": 51704.04026913643, "delta": 38.572874546051025}, "costs": {"total_cost": 700.1786144591131, "time_cost": 150, "final_distance_cost": 66.50232399569991, "oscillation_cost": 255.7474601049832, "completition_cost": 111.11111111111116, "overshoot_cost": 52.20791272470319, "power_cost": 35.28976335449219, "noise_cost": 29.320043168123497, "n_waypoints_completed": 8, "tot_waypoints": 9}}
{"target": -407.56327642880996, "params": {"k_pid_pos": [1.6733474824211572, 0.22487905954742715, 0.21409077708803192], "k_pid_alt": [1.9172329880843029, 0.866510156390637, 0.5345732655708244], "k_pid_att": [16.549061382421204, 6.069793984655044, 0.7467749874331232], "k_pid_yaw": [0.5, 1e-06, 0.1], "k_pid_hsp": [7.2471095685879, 0.6811151376488916, 0.7044162719381223], "k_pid_vsp": [303.74037086919503, 343.9567121319597, 126.33099768481785]}, "datetime": {"datetime": "2025-08-14 00:10:04", "elapsed": 51732.84295773506, "delta": 28.802688598632812}, "costs": {"total_cost": 407.56327642880996, "time_cost": 81.361, "final_distance_cost": 1.7744851730525644, "oscillation_cost": 223.02885626320835, "completition_cost": 0.0, "overshoot_cost": 52.959065857393206, "power_cost": 26.48048641357422, "noise_cost": 21.959382721581548, "n_waypoints_completed": 9, "tot_waypoints": 9}}
{"target": -394.4082938408885, "params": {"k_pid_pos": [1.297154058243416, 0.8420805242951571, 0.16507373441276996], "k_pid_alt": [0.881682335837086, 0.6011256475188984, 0.20152108888934295], "k_pid_att": [9.988212457492086, 1.4081048717787477, 0.6993437584559636], "k_pid_yaw": [0.5, 1e-06, 0.1], "k_pid_hsp": [4.818657090785818, 0.569652274297685, 0.4951846707838762], "k_pid_vsp": [178.84580924470285, 17.46342814869209, 10.078644989732718]}, "datetime": {"datetime": "2025-08-14 00:10:45", "elapsed": 51773.2987716198, "delta": 40.45581388473511}, "costs": {"total_cost": 394.4082938408885, "time_cost": 117.943, "final_distance_cost": 1.791285880961867, "oscillation_cost": 146.43163123373375, "completition_cost": 0.0, "overshoot_cost": 63.58571720135444, "power_cost": 30.85905478515625, "noise_cost": 33.7976047396822, "n_waypoints_completed": 9, "tot_waypoints": 9}}
{"target": -667.683287541565, "params": {"k_pid_pos": [1.6654312157761646, 0.5120299259113232, 0.707597892843105], "k_pid_alt": [1.799174894716636, 0.8965966523584227, 0.96523134802746], "k_pid_att": [45.73924820647742, 9.259101643049354, 0.2476743978149526], "k_pid_yaw": [0.5, 1e-06, 0.1], "k_pid_hsp": [4.2034747904250604, 0.197976494450692, 0.5371170300301389], "k_pid_vsp": [205.01930692019337, 17.36265402238962, 4.6029862384139575]}, "datetime": {"datetime": "2025-08-14 00:11:21", "elapsed": 51809.32473087311, "delta": 36.02595925331116}, "costs": {"total_cost": 667.683287541565, "time_cost": 99.764, "final_distance_cost": 1.7530994050290616, "oscillation_cost": 450.70901229456325, "completition_cost": 0.0, "overshoot_cost": 57.251504664112375, "power_cost": 31.021530004882813, "noise_cost": 27.184141172977384, "n_waypoints_completed": 9, "tot_waypoints": 9}}
{"target": -1219.2258704862988, "params": {"k_pid_pos": [0.17588828056229236, 0.20273677674501156, 0.32305387067287106], "k_pid_alt": [1.0429846332252481, 0.9515269399096457, 0.32494928873780404], "k_pid_att": [14.683136544114618, 0.6336920135846484, 0.034814985138672316], "k_pid_yaw": [0.5, 1e-06, 0.1], "k_pid_hsp": [1.8883657294923144, 0.8845925885916154, 0.4006033401996041], "k_pid_vsp": [323.9935111780032, 337.9627049405872, 107.38509398198532]}, "datetime": {"datetime": "2025-08-14 00:12:07", "elapsed": 51855.372936964035, "delta": 46.048206090927124}, "costs": {"total_cost": 1219.2258704862988, "time_cost": 150, "final_distance_cost": 72.32250402983985, "oscillation_cost": 539.1803509341172, "completition_cost": 333.33333333333337, "overshoot_cost": 56.95672104096809, "power_cost": 35.69249810791016, "noise_cost": 31.74046304013014, "n_waypoints_completed": 6, "tot_waypoints": 9}}
{"target": -462.3594577382836, "params": {"k_pid_pos": [1.697896060567034, 0.4086197978215518, 0.861954475031508], "k_pid_alt": [0.8652649559807983, 0.5881135399264882, 0.8394497362416704], "k_pid_att": [9.85884242743661, 4.571819095901631, 0.31887176141117846], "k_pid_yaw": [0.5, 1e-06, 0.1], "k_pid_hsp": [4.948596330427713, 0.8200589516382296, 0.2894812716259567], "k_pid_vsp": [278.0011520059116, 339.7796313442823, 102.64730561096862]}, "datetime": {"datetime": "2025-08-14 00:12:45", "elapsed": 51893.28069972992, "delta": 37.9077627658844}, "costs": {"total_cost": 462.3594577382836, "time_cost": 98.60900000000001, "final_distance_cost": 1.75984254720333, "oscillation_cost": 253.67086061986666, "completition_cost": 0.0, "overshoot_cost": 56.08119771129401, "power_cost": 27.773622119140626, "noise_cost": 24.464934740779, "n_waypoints_completed": 9, "tot_waypoints": 9}}
{"target": -862.7036034724682, "params": {"k_pid_pos": [0.7271836756962594, 0.8386343295139416, 0.08266874744429342], "k_pid_alt": [1.6233761271716405, 0.16274905126371209, 0.7683380074210551], "k_pid_att": [20.992149442803264, 0.5260151930238233, 0.09263540441717799], "k_pid_yaw": [0.5, 1e-06, 0.1], "k_pid_hsp": [9.758497793457524, 0.26854368134790085, 0.4597775067448594], "k_pid_vsp": [262.49567368851433, 271.7830939103176, 51.55892245560411]}, "datetime": {"datetime": "2025-08-14 00:13:26", "elapsed": 51934.133252859116, "delta": 40.85255312919617}, "costs": {"total_cost": 862.7036034724682, "time_cost": 150, "final_distance_cost": 67.2344660263413, "oscillation_cost": 315.2601803382301, "completition_cost": 222.2222222222222, "overshoot_cost": 49.07850322924404, "power_cost": 30.628242114257812, "noise_cost": 28.27998954217287, "n_waypoints_completed": 7, "tot_waypoints": 9}}
{"target": -575.2651153906463, "params": {"k_pid_pos": [0.8649387592378391, 0.12634214316248837, 0.023959395768552993], "k_pid_alt": [0.7520048133787196, 0.7851102035829969, 0.3321541317584792], "k_pid_att": [23.690670463500187, 7.427444949776608, 0.17747921806233125], "k_pid_yaw": [0.5, 1e-06, 0.1], "k_pid_hsp": [3.7893555782308224, 0.025658806779237153, 0.38234616057750315], "k_pid_vsp": [270.5738723040788, 340.9242298200981, 97.41122541842462]}, "datetime": {"datetime": "2025-08-14 00:14:07", "elapsed": 51975.6068212986, "delta": 41.47356843948364}, "costs": {"total_cost": 575.2651153906463, "time_cost": 105.105, "final_distance_cost": 1.7889221949275682, "oscillation_cost": 354.3430138189522, "completition_cost": 0.0, "overshoot_cost": 59.82418812295586, "power_cost": 28.566883642578127, "noise_cost": 25.637107611232523, "n_waypoints_completed": 9, "tot_waypoints": 9}}
{"target": -913.7067479323828, "params": {"k_pid_pos": [0.3593981865690036, 0.7653975557280495, 0.61356715932926], "k_pid_alt": [1.1250325206191063, 0.5268269861996163, 0.9572229386152944], "k_pid_att": [9.9507543123321, 4.063331241076881, 0.6476002413771339], "k_pid_yaw": [0.5, 1e-06, 0.1], "k_pid_hsp": [6.6594708271949825, 0.443890577129334, 0.9385641374398602], "k_pid_vsp": [311.5322157788294, 312.25074530451843, 98.69253364323438]}, "datetime": {"datetime": "2025-08-14 00:14:49", "elapsed": 52017.65583372116, "delta": 42.049012422561646}, "costs": {"total_cost": 913.7067479323828, "time_cost": 150, "final_distance_cost": 70.49466233260904, "oscillation_cost": 247.98554011494605, "completition_cost": 333.33333333333337, "overshoot_cost": 49.990695862978264, "power_cost": 33.32636853027344, "noise_cost": 28.576147758242538, "n_waypoints_completed": 6, "tot_waypoints": 9}}
{"target": -634.8477083973299, "params": {"k_pid_pos": [2.0, 1.0, 0.0], "k_pid_alt": [0.3875247825294376, 0.0, 1.0], "k_pid_att": [40.800823739442045, 9.979778129152312, 1.0], "k_pid_yaw": [0.5, 1e-06, 0.1], "k_pid_hsp": [5.356780125259867, 0.0, 0.0], "k_pid_vsp": [248.32226266317673, 281.7117149263444, 48.53920231500262]}, "datetime": {"datetime": "2025-08-14 00:15:38", "elapsed": 52066.805574417114, "delta": 49.14974069595337}, "costs": {"total_cost": 634.8477083973299, "time_cost": 150, "final_distance_cost": 67.22962810199795, "oscillation_cost": 56.76458129527913, "completition_cost": 222.2222222222222, "overshoot_cost": 64.86339262537855, "power_cost": 40.920315771484375, "noise_cost": 32.847568380967665, "n_waypoints_completed": 7, "tot_waypoints": 9}}
{"target": -858.8691572789073, "params": {"k_pid_pos": [0.3435409899967808, 0.30027907042192337, 0.4393311797756443], "k_pid_alt": [1.2133299409674552, 0.24667085554868295, 0.0416862858821041], "k_pid_att": [14.637212209940753, 3.3498167024203056, 0.4901762311761917], "k_pid_yaw": [0.5, 1e-06, 0.1], "k_pid_hsp": [7.668195520269084, 0.6433658327915691, 0.8211238940333], "k_pid_vsp": [296.94156695137093, 345.9859071999765, 111.0325055323471]}, "datetime": {"datetime": "2025-08-14 00:16:19", "elapsed": 52107.92002773285, "delta": 41.11445331573486}, "costs": {"total_cost": 858.8691572789073, "time_cost": 150, "final_distance_cost": 64.52117213414498, "oscillation_cost": 323.61022080962454, "completition_cost": 222.2222222222222, "overshoot_cost": 47.60079380371751, "power_cost": 25.329363146972657, "noise_cost": 25.585385162225492, "n_waypoints_completed": 7, "tot_waypoints": 9}}
{"target": -717.2988594840967, "params": {"k_pid_pos": [1.2628177958501934, 0.9638681559124395, 0.00508768542735516], "k_pid_alt": [1.254354328804688, 0.23883234244673046, 0.5143143124904557], "k_pid_att": [7.898412216865058, 3.2446876540151073, 0.16070599048876466], "k_pid_yaw": [0.5, 1e-06, 0.1], "k_pid_hsp": [3.4884037961120535, 0.5783324703147533, 0.45676446119080716], "k_pid_vsp": [202.59005655280768, 299.4987838234463, 5.669894972129374]}, "datetime": {"datetime": "2025-08-14 00:17:00", "elapsed": 52148.29079532623, "delta": 40.37076759338379}, "costs": {"total_cost": 717.2988594840967, "time_cost": 150, "final_distance_cost": 71.741690582052, "oscillation_cost": 149.11176523891788, "completition_cost": 222.2222222222222, "overshoot_cost": 59.24447458629864, "power_cost": 30.74076005859375, "noise_cost": 34.237946796012295, "n_waypoints_completed": 7, "tot_waypoints": 9}}
{"target": -258.4272228905397, "params": {"k_pid_pos": [0.807027840095606, 0.346515578031126, 0.11794289383957735], "k_pid_alt": [1.3021599440114384, 0.6983286637575785, 0.7328559498982935], "k_pid_att": [14.905877269949663, 4.621601818801603, 0.5113786058310116], "k_pid_yaw": [0.5, 1e-06, 0.1], "k_pid_hsp": [9.294318078991525, 0.07567224733160371, 0.041167243361257544], "k_pid_vsp": [269.69588846928605, 259.4142581861667, 33.986109927577346]}, "datetime": {"datetime": "2025-08-14 00:17:32", "elapsed": 52180.33299660683, "delta": 32.04220128059387}, "costs": {"total_cost": 258.4272228905397, "time_cost": 91.23100000000001, "final_distance_cost": 1.735946068087537, "oscillation_cost": 68.73063063780047, "completition_cost": 0.0, "overshoot_cost": 54.51819111962605, "power_cost": 20.86320390625, "noise_cost": 21.34825115877565, "n_waypoints_completed": 9, "tot_waypoints": 9}}
{"target": -583.5990445931735, "params": {"k_pid_pos": [1.3136176364586938, 0.9005530787067263, 0.057133821409536156], "k_pid_alt": [1.849954679833116, 0.7660102176039131, 0.5426782746456662], "k_pid_att": [17.097289100886602, 6.020457690932212, 0.27580892501880827], "k_pid_yaw": [0.5, 1e-06, 0.1], "k_pid_hsp": [1.43892575649006, 0.29884463704912534, 0.3270319864863368], "k_pid_vsp": [162.15250770421417, 9.894275277165976, 16.35382197298338]}, "datetime": {"datetime": "2025-08-14 00:18:10", "elapsed": 52217.98140954971, "delta": 37.64841294288635}, "costs": {"total_cost": 583.5990445931735, "time_cost": 150, "final_distance_cost": 8.406694459326607, "oscillation_cost": 175.954604974786, "completition_cost": 111.11111111111116, "overshoot_cost": 79.06802458477061, "power_cost": 29.815227294921876, "noise_cost": 29.24338216825722, "n_waypoints_completed": 8, "tot_waypoints": 9}}
{"target": -760.9736813970482, "params": {"k_pid_pos": [0.8204455683022025, 0.9329046712714939, 0.7828187313915929], "k_pid_alt": [1.762057524390217, 0.2956267150338917, 0.7507503891774849], "k_pid_att": [14.716620747582109, 3.940673956155269, 0.9854939147275098], "k_pid_yaw": [0.5, 1e-06, 0.1], "k_pid_hsp": [2.327546367342583, 0.2196952267902449, 0.961267099372289], "k_pid_vsp": [266.39283630572436, 336.95620588892, 112.71938520172364]}, "datetime": {"datetime": "2025-08-14 00:18:48", "elapsed": 52255.962616205215, "delta": 37.98120665550232}, "costs": {"total_cost": 760.9736813970482, "time_cost": 150, "final_distance_cost": 74.11303497419811, "oscillation_cost": 202.22316468020006, "completition_cost": 222.2222222222222, "overshoot_cost": 53.018062940766534, "power_cost": 31.992673388671875, "noise_cost": 27.404523190989423, "n_waypoints_completed": 7, "tot_waypoints": 9}}
{"target": -1327.1969863419567, "params": {"k_pid_pos": [1.9428892816494625, 0.2976911748744394, 0.9032856522012295], "k_pid_alt": [1.268199278834411, 0.6099077091739269, 0.6117534001308353], "k_pid_att": [2.211324895413813, 3.7284041676175423, 0.5029046487484314], "k_pid_yaw": [0.5, 1e-06, 0.1], "k_pid_hsp": [6.988161731704089, 0.7901702702661422, 0.4683236875304113], "k_pid_vsp": [165.17990022961322, 24.30189931260189, 6.354153666492841]}, "datetime": {"datetime": "2025-08-14 00:19:26", "elapsed": 52294.78325223923, "delta": 38.82063603401184}, "costs": {"total_cost": 1327.1969863419567, "time_cost": 150, "final_distance_cost": 53.20999471855867, "oscillation_cost": 284.61667065579593, "completition_cost": 666.6666666666667, "overshoot_cost": 57.600665344248796, "power_cost": 48.21059741210938, "noise_cost": 66.89239154457744, "n_waypoints_completed": 3, "tot_waypoints": 9}}
{"target": -826.8722146632837, "params": {"k_pid_pos": [0.601202807426909, 0.3026485039962884, 0.6718017508312485], "k_pid_alt": [1.520832389270824, 0.3051685797157687, 0.4086859388847959], "k_pid_att": [11.354487108835654, 7.3598397511926255, 0.10275317060862044], "k_pid_yaw": [0.5, 1e-06, 0.1], "k_pid_hsp": [9.009892513106546, 0.8192485329015765, 0.3709464362380922], "k_pid_vsp": [276.1911251672857, 265.7178691283484, 36.33443721636823]}, "datetime": {"datetime": "2025-08-14 00:20:08", "elapsed": 52336.93594837189, "delta": 42.15269613265991}, "costs": {"total_cost": 826.8722146632837, "time_cost": 150, "final_distance_cost": 46.95025044458161, "oscillation_cost": 413.5523589491214, "completition_cost": 111.11111111111116, "overshoot_cost": 51.825879672232695, "power_cost": 26.667820336914065, "noise_cost": 26.764794149322757, "n_waypoints_completed": 8, "tot_waypoints": 9}}
{"target": -307.8866625890795, "params": {"k_pid_pos": [0.7365877047808084, 0.10181802430143916, 0.8942701663009086], "k_pid_alt": [1.0625137557535347, 0.5762624237049399, 0.40749244875607227], "k_pid_att": [22.791742529059157, 8.55399176062489, 0.4401211403030276], "k_pid_yaw": [0.5, 1e-06, 0.1], "k_pid_hsp": [5.464757712991921, 0.8710634300495292, 0.02087325473213375], "k_pid_vsp": [293.18621462817845, 323.11401930973136, 73.6642278890152]}, "datetime": {"datetime": "2025-08-14 00:20:47", "elapsed": 52375.52845788002, "delta": 38.592509508132935}, "costs": {"total_cost": 307.8866625890795, "time_cost": 87.01, "final_distance_cost": 1.827529746213131, "oscillation_cost": 115.49782639481988, "completition_cost": 0.0, "overshoot_cost": 53.37866995376372, "power_cost": 26.200245568847656, "noise_cost": 23.972390925435068, "n_waypoints_completed": 9, "tot_waypoints": 9}}
{"target": -653.7997201911721, "params": {"k_pid_pos": [1.623147411035846, 0.5292390443682349, 0.1679416222271234], "k_pid_alt": [0.2339240064693402, 0.5501071568123957, 0.847894059007237], "k_pid_att": [6.286137185627849, 9.981329081792332, 0.021234081451656728], "k_pid_yaw": [0.5, 1e-06, 0.1], "k_pid_hsp": [5.830470984613561, 0.8975558806875643, 0.16542605970295554], "k_pid_vsp": [188.12590465512167, 21.45659819829731, 16.54832139471567]}, "datetime": {"datetime": "2025-08-14 00:21:25", "elapsed": 52413.6137547493, "delta": 38.085296869277954}, "costs": {"total_cost": 653.7997201911721, "time_cost": 118.818, "final_distance_cost": 1.726555018249771, "oscillation_cost": 394.41267657624087, "completition_cost": 0.0, "overshoot_cost": 64.97285009080622, "power_cost": 37.689150402832034, "noise_cost": 36.18048810304323, "n_waypoints_completed": 9, "tot_waypoints": 9}}
{"target": -576.2055202865846, "params": {"k_pid_pos": [1.5383870171619198, 0.9387791288738718, 0.5028621850436782], "k_pid_alt": [0.0830499028327194, 0.1438920766997559, 0.5032869525463373], "k_pid_att": [51.20430504642284, 4.106883110204321, 0.7688403269024865], "k_pid_yaw": [0.5, 1e-06, 0.1], "k_pid_hsp": [8.834749656557902, 0.6192393681684498, 0.019340813518943123], "k_pid_vsp": [92.53768471448103, 352.79788174237245, 46.01343377893659]}, "datetime": {"datetime": "2025-08-14 00:22:03", "elapsed": 52451.44245386124, "delta": 37.82869911193848}, "costs": {"total_cost": 576.2055202865846, "time_cost": 150, "final_distance_cost": 64.94992662502274, "oscillation_cost": 127.64051084997968, "completition_cost": 111.11111111111116, "overshoot_cost": 57.45153263910394, "power_cost": 33.972875964355474, "noise_cost": 31.079563097011647, "n_waypoints_completed": 8, "tot_waypoints": 9}}
{"target": -1073.3893177937214, "params": {"k_pid_pos": [0.158241804961527, 0.7893184165031072, 0.8672414370434727], "k_pid_alt": [0.3767044132965107, 0.916364320129967, 0.5307977366065308], "k_pid_att": [17.96805394288745, 5.864246023744243, 0.5381555561284926], "k_pid_yaw": [0.5, 1e-06, 0.1], "k_pid_hsp": [5.364174822852067, 0.7029514280355953, 0.06313673140322928], "k_pid_vsp": [201.21063372878632, 301.5230282104974, 16.87406401916051]}, "datetime": {"datetime": "2025-08-14 00:22:44", "elapsed": 52492.56259346008, "delta": 41.120139598846436}, "costs": {"total_cost": 1073.3893177937214, "time_cost": 150, "final_distance_cost": 48.83176503170538, "oscillation_cost": 209.08229887058215, "completition_cost": 555.5555555555555, "overshoot_cost": 51.79948226371238, "power_cost": 29.059638928222657, "noise_cost": 29.060577143943185, "n_waypoints_completed": 4, "tot_waypoints": 9}}
