{"target": -798.9957790100835, "params": {"k_pid_pos": [0.08696972774616332, 0.2534818451143207, 0.471194712885022], "k_pid_alt": [0.599917637680107, 0.7212850614361107, 0.2590756967971789], "k_pid_att": [5.962050500825877, 1.276888572168577, 0.8194572896661728], "k_pid_yaw": [0.5, 1e-06, 0.1], "k_pid_hsp": [1.5786548634954816, 0.09827162182609595, 0.1573806735332861], "k_pid_vsp": [163.9801519231407, 31.80314020492359, 17.0168810021333]}, "datetime": {"datetime": "2025-08-13 20:17:08", "elapsed": 37756.072729587555, "delta": 33.37454390525818}, "costs": {"total_cost": 798.9957790100835, "time_cost": 150, "final_distance_cost": 70.85673983067993, "oscillation_cost": 125.80946423625916, "completition_cost": 333.33333333333337, "overshoot_cost": 66.45498296214089, "power_cost": 25.343797729492188, "noise_cost": 27.19746091817803, "n_waypoints_completed": 6, "tot_waypoints": 9}}
{"target": -1078.9696266888755, "params": {"k_pid_pos": [1.96262828936268, 0.46633688180246113, 0.6282163350742417], "k_pid_alt": [0.5656211714280472, 0.9996459624650588, 0.45317786518419456], "k_pid_att": [14.153910513609558, 0.9778869131933826, 0.9252862149057827], "k_pid_yaw": [0.5, 1e-06, 0.1], "k_pid_hsp": [1.872137642932045, 0.482797066546767, 0.4486800204265853], "k_pid_vsp": [204.418472190111, 317.6065824698337, 16.615210807493998]}, "datetime": {"datetime": "2025-08-13 20:17:40", "elapsed": 37788.924001693726, "delta": 32.851272106170654}, "costs": {"total_cost": 1078.9696266888755, "time_cost": 150, "final_distance_cost": 56.417207865505304, "oscillation_cost": 279.4090236850169, "completition_cost": 444.4444444444444, "overshoot_cost": 59.98240039200425, "power_cost": 47.16972369384766, "noise_cost": 41.546826608057124, "n_waypoints_completed": 5, "tot_waypoints": 9}}
{"target": -857.7635523589895, "params": {"k_pid_pos": [1.0789106722864639, 0.25089680289092575, 0.7299292946855302], "k_pid_alt": [0.01858515096685931, 0.5764993050008409, 0.7097947653881309], "k_pid_att": [9.47093513816364, 5.213633499151044, 0.09203426108758894], "k_pid_yaw": [0.5, 1e-06, 0.1], "k_pid_hsp": [4.381196892093064, 0.33602235593415564, 0.3745269857661081], "k_pid_vsp": [182.7938654219352, 18.30886039095656, 5.974186133297562]}, "datetime": {"datetime": "2025-08-13 20:18:15", "elapsed": 37823.139724969864, "delta": 34.215723276138306}, "costs": {"total_cost": 857.7635523589895, "time_cost": 150, "final_distance_cost": 66.46329987019304, "oscillation_cost": 420.6318475784151, "completition_cost": 111.11111111111116, "overshoot_cost": 57.8991339903986, "power_cost": 20.78610927734375, "noise_cost": 30.87205053152788, "n_waypoints_completed": 8, "tot_waypoints": 9}}
{"target": -435.18427166595677, "params": {"k_pid_pos": [1.690065459311542, 0.1988795361096799, 0.822989695003093], "k_pid_alt": [0.42947948283762516, 0.35920813973888954, 0.9064617981823461], "k_pid_att": [9.587661633159584, 0.28963999291515197, 0.08573388780739599], "k_pid_yaw": [0.5, 1e-06, 0.1], "k_pid_hsp": [8.435099211031327, 0.8607298221574597, 0.11387968964915818], "k_pid_vsp": [275.39622077076604, 270.32666069613134, 47.55223897170562]}, "datetime": {"datetime": "2025-08-13 20:18:43", "elapsed": 37851.58990621567, "delta": 28.450181245803833}, "costs": {"total_cost": 435.18427166595677, "time_cost": 88.697, "final_distance_cost": 1.8036763147355996, "oscillation_cost": 244.35817481407832, "completition_cost": 0.0, "overshoot_cost": 54.66582784656072, "power_cost": 23.57461220703125, "noise_cost": 22.084980483550936, "n_waypoints_completed": 9, "tot_waypoints": 9}}
{"target": -574.4747909796043, "params": {"k_pid_pos": [1.4095130680721237, 0.5557003460312442, 0.9015270489326325], "k_pid_alt": [0.28758805453977154, 0.1517409872855604, 0.06165344461690225], "k_pid_att": [30.92181486611201, 0.3068403743693138, 0.38057834195545126], "k_pid_yaw": [0.5, 1e-06, 0.1], "k_pid_hsp": [6.481301587047084, 0.6301446855866749, 0.5282246483909949], "k_pid_vsp": [245.54692649567139, 263.7997312755795, 46.58895667416743]}, "datetime": {"datetime": "2025-08-13 20:19:16", "elapsed": 37884.103167295456, "delta": 32.51326107978821}, "costs": {"total_cost": 574.4747909796043, "time_cost": 98.217, "final_distance_cost": 1.7613864454843762, "oscillation_cost": 371.08567599029567, "completition_cost": 0.0, "overshoot_cost": 53.30528785151487, "power_cost": 26.147726428222658, "noise_cost": 23.9577142640868, "n_waypoints_completed": 9, "tot_waypoints": 9}}
{"target": -317.90053118370776, "params": {"k_pid_pos": [1.4757843724832513, 0.33799993532648354, 0.1959294248318154], "k_pid_alt": [1.6589891651713173, 0.5810840455661981, 0.4360745119870346], "k_pid_att": [12.033047796514762, 9.613806037318211, 0.7368267238401202], "k_pid_yaw": [0.5, 1e-06, 0.1], "k_pid_hsp": [0.632229087942927, 0.007789908208518881, 0.06739548659010919], "k_pid_vsp": [171.36477526534816, 22.366877905503955, 24.063276926150273]}, "datetime": {"datetime": "2025-08-13 20:19:43", "elapsed": 37911.852342128754, "delta": 27.74917483329773}, "costs": {"total_cost": 317.90053118370776, "time_cost": 97.566, "final_distance_cost": 1.7388086626944754, "oscillation_cost": 86.6665701643271, "completition_cost": 0.0, "overshoot_cost": 61.00711035632217, "power_cost": 37.93275374755859, "noise_cost": 32.98928825280543, "n_waypoints_completed": 9, "tot_waypoints": 9}}
{"target": -1310.0349322014717, "params": {"k_pid_pos": [0.06940722414466227, 0.9811639829385885, 0.5961695886492779], "k_pid_alt": [0.5046635170100306, 0.2636887761177219, 0.4076573062304967], "k_pid_att": [7.945144691534978, 1.9117452707748481, 0.3269199730285032], "k_pid_yaw": [0.5, 1e-06, 0.1], "k_pid_hsp": [8.672388853330517, 0.17786550154521474, 0.35088270928646115], "k_pid_vsp": [287.2367173789728, 279.1346308982473, 57.72444499190409]}, "datetime": {"datetime": "2025-08-13 20:20:17", "elapsed": 37945.87043309212, "delta": 34.01809096336365}, "costs": {"total_cost": 1310.0349322014717, "time_cost": 150, "final_distance_cost": 86.911472375311, "oscillation_cost": 182.38315060060864, "completition_cost": 777.7777777777778, "overshoot_cost": 44.4281984654889, "power_cost": 37.04620836181641, "noise_cost": 31.488124620469048, "n_waypoints_completed": 2, "tot_waypoints": 9}}
{"target": -473.1425372067223, "params": {"k_pid_pos": [1.87438018881776, 0.5898599560609978, 0.44883218772627975], "k_pid_alt": [0.5148767324974473, 0.5318318834779442, 0.5025688227867235], "k_pid_att": [6.861628613522708, 5.333428741904844, 0.04831424313721033], "k_pid_yaw": [0.5, 1e-06, 0.1], "k_pid_hsp": [7.3894907601598145, 0.44842701430146414, 0.055961284514642884], "k_pid_vsp": [182.58075510016104, 26.09722064466308, 4.508827195028422]}, "datetime": {"datetime": "2025-08-13 20:20:47", "elapsed": 37975.68155622482, "delta": 29.81112313270569}, "costs": {"total_cost": 473.1425372067223, "time_cost": 104.629, "final_distance_cost": 1.7527835195678239, "oscillation_cost": 257.43605726415586, "completition_cost": 0.0, "overshoot_cost": 59.688193538711225, "power_cost": 19.29376492919922, "noise_cost": 30.342737955088186, "n_waypoints_completed": 9, "tot_waypoints": 9}}
{"target": -638.980454641777, "params": {"k_pid_pos": [0.10321313634890449, 0.15122062164581196, 0.07603094395139509], "k_pid_alt": [1.2178376597538905, 0.46538251702234756, 0.5108254304924306], "k_pid_att": [14.50345554254875, 7.234863102893693, 0.8890129309018595], "k_pid_yaw": [0.5, 1e-06, 0.1], "k_pid_hsp": [6.9357570347129744, 0.565833979382161, 0.15436815696075712], "k_pid_vsp": [175.99443927243576, 20.765042448631476, 21.76490930698022]}, "datetime": {"datetime": "2025-08-13 20:21:22", "elapsed": 38010.57396221161, "delta": 34.89240598678589}, "costs": {"total_cost": 638.980454641777, "time_cost": 150, "final_distance_cost": 67.58545066346865, "oscillation_cost": 82.73439241288989, "completition_cost": 222.2222222222222, "overshoot_cost": 59.186767208600614, "power_cost": 29.079132165527344, "noise_cost": 28.17248996906839, "n_waypoints_completed": 7, "tot_waypoints": 9}}
{"target": -969.419960030441, "params": {"k_pid_pos": [0.7244240052161014, 0.47500668291668013, 0.7527640134820442], "k_pid_alt": [1.335497473478251, 0.17987991449755047, 0.012363939444956507], "k_pid_att": [41.87485915089088, 0.9886187674348738, 0.2816964603117469], "k_pid_yaw": [0.5, 1e-06, 0.1], "k_pid_hsp": [6.891809994965016, 0.7176120603810039, 0.10716192540091973], "k_pid_vsp": [218.29946887590452, 279.2897909991956, 39.43372873494624]}, "datetime": {"datetime": "2025-08-13 20:21:55", "elapsed": 38043.62032079697, "delta": 33.046358585357666}, "costs": {"total_cost": 969.419960030441, "time_cost": 150, "final_distance_cost": 61.95267545383435, "oscillation_cost": 536.7740707166814, "completition_cost": 111.11111111111116, "overshoot_cost": 48.30036188446446, "power_cost": 33.25246622314453, "noise_cost": 28.02927464120501, "n_waypoints_completed": 8, "tot_waypoints": 9}}
{"target": -948.8128105346881, "params": {"k_pid_pos": [0.143987024049154, 0.09181167868946627, 0.5285283951867743], "k_pid_alt": [0.7076098909053969, 0.7727263038175183, 0.8072144659301886], "k_pid_att": [3.9659883506004467, 6.05638556543854, 0.4720583427273639], "k_pid_yaw": [0.5, 1e-06, 0.1], "k_pid_hsp": [4.624860441388218, 0.8874156536343203, 0.23394378657440518], "k_pid_vsp": [173.27774453825583, 36.123068908538876, 1.154949943104468]}, "datetime": {"datetime": "2025-08-13 20:22:29", "elapsed": 38077.16470384598, "delta": 33.54438304901123}, "costs": {"total_cost": 948.8128105346881, "time_cost": 150, "final_distance_cost": 49.463042859421826, "oscillation_cost": 173.53408552975304, "completition_cost": 444.4444444444444, "overshoot_cost": 65.47155678495862, "power_cost": 32.063664855957036, "noise_cost": 33.83601606015315, "n_waypoints_completed": 5, "tot_waypoints": 9}}
{"target": -805.5103574227239, "params": {"k_pid_pos": [0.48986627847823805, 0.24741127599632673, 0.2875954865889474], "k_pid_alt": [1.1449283345811823, 0.6418325091933639, 0.8490945318193394], "k_pid_att": [19.092972305739952, 6.02249608211142, 0.5208725164904338], "k_pid_yaw": [0.5, 1e-06, 0.1], "k_pid_hsp": [4.326960604208496, 0.4931533681150514, 0.8574738978169401], "k_pid_vsp": [189.31798619395153, 306.31013452164746, 14.700310764388702]}, "datetime": {"datetime": "2025-08-13 20:23:04", "elapsed": 38112.59021806717, "delta": 35.425514221191406}, "costs": {"total_cost": 805.5103574227239, "time_cost": 150, "final_distance_cost": 44.67634837326114, "oscillation_cost": 387.0610662097248, "completition_cost": 111.11111111111116, "overshoot_cost": 55.96688787808298, "power_cost": 27.95673699951172, "noise_cost": 28.73820685103218, "n_waypoints_completed": 8, "tot_waypoints": 9}}
{"target": -878.3299856228244, "params": {"k_pid_pos": [0.49537158614893906, 0.45878635927180034, 0.24780179387805834], "k_pid_alt": [0.03368998176810112, 0.6619282378664755, 0.5411860868993829], "k_pid_att": [12.966605258687014, 0.4918443217105068, 0.9612275727670114], "k_pid_yaw": [0.5, 1e-06, 0.1], "k_pid_hsp": [9.243598531183594, 0.347730413090224, 0.2833857116680488], "k_pid_vsp": [260.26146111251427, 271.97732016966046, 34.472979245888965]}, "datetime": {"datetime": "2025-08-13 20:23:41", "elapsed": 38149.47431349754, "delta": 36.884095430374146}, "costs": {"total_cost": 878.3299856228244, "time_cost": 150, "final_distance_cost": 82.74665007747612, "oscillation_cost": 192.7325089205887, "completition_cost": 333.33333333333337, "overshoot_cost": 60.99537062009783, "power_cost": 31.149932470703128, "noise_cost": 27.3721902006254, "n_waypoints_completed": 6, "tot_waypoints": 9}}
{"target": -322.335259899223, "params": {"k_pid_pos": [1.8224761914830816, 0.23971236023254383, 0.6714208334453539], "k_pid_alt": [0.8968670986397327, 0.5621513148539925, 0.9160997262921482], "k_pid_att": [4.4038355773766025, 1.0975855359819209, 0.6915674963961278], "k_pid_yaw": [0.5, 1e-06, 0.1], "k_pid_hsp": [8.320094297988645, 0.6638992381871881, 0.8496264680265576], "k_pid_vsp": [304.448631749196, 345.0978141538583, 104.51434652211982]}, "datetime": {"datetime": "2025-08-13 20:24:12", "elapsed": 38180.50408792496, "delta": 31.02977442741394}, "costs": {"total_cost": 322.335259899223, "time_cost": 91.161, "final_distance_cost": 1.7796041038005004, "oscillation_cost": 124.65448140556347, "completition_cost": 0.0, "overshoot_cost": 56.85359562322179, "power_cost": 25.918354858398438, "noise_cost": 21.968223908238777, "n_waypoints_completed": 9, "tot_waypoints": 9}}
{"target": -1456.7548605422978, "params": {"k_pid_pos": [0.0885186817267515, 0.7053355624436635, 0.8996873956231044], "k_pid_alt": [0.7729197406911019, 0.8652277301147133, 0.11080448844791413], "k_pid_att": [14.542787851594785, 3.750870852548861, 0.4877765795812403], "k_pid_yaw": [0.5, 1e-06, 0.1], "k_pid_hsp": [9.184528283327012, 0.0018329959867618983, 0.33562196055602367], "k_pid_vsp": [191.39213338989362, 308.48670181451956, 12.977241027088013]}, "datetime": {"datetime": "2025-08-13 20:24:47", "elapsed": 38215.77392959595, "delta": 35.26984167098999}, "costs": {"total_cost": 1456.7548605422978, "time_cost": 150, "final_distance_cost": 86.10710450626603, "oscillation_cost": 341.01033728827315, "completition_cost": 777.7777777777778, "overshoot_cost": 37.585837240178996, "power_cost": 34.08052866210938, "noise_cost": 30.1932750676925, "n_waypoints_completed": 2, "tot_waypoints": 9}}
{"target": -314.51409657349535, "params": {"k_pid_pos": [1.4904915021221627, 0.7547508979603712, 0.06536501509120907], "k_pid_alt": [0.9956114745056326, 0.5508001670548529, 0.829540790975863], "k_pid_att": [11.33933166595773, 4.435599781092412, 0.27937596753043725], "k_pid_yaw": [0.5, 1e-06, 0.1], "k_pid_hsp": [7.6483406074359985, 0.05383715420906354, 0.05182961055329438], "k_pid_vsp": [258.92847494640444, 271.46038999581145, 50.12791647427563]}, "datetime": {"datetime": "2025-08-13 20:25:20", "elapsed": 38247.98090863228, "delta": 32.20697903633118}, "costs": {"total_cost": 314.51409657349535, "time_cost": 106.778, "final_distance_cost": 1.7923424205569378, "oscillation_cost": 94.61187713232502, "completition_cost": 0.0, "overshoot_cost": 58.33190013471059, "power_cost": 26.844655529785157, "noise_cost": 26.155321356117664, "n_waypoints_completed": 9, "tot_waypoints": 9}}
{"target": -610.2413999581944, "params": {"k_pid_pos": [1.182161897951316, 0.976975932168404, 0.7642849065965589], "k_pid_alt": [0.3165691142795848, 0.0243181986547113, 0.8037299688974976], "k_pid_att": [25.845793594004974, 0.2346481145997114, 0.9469141866999975], "k_pid_yaw": [0.5, 1e-06, 0.1], "k_pid_hsp": [1.017798259351739, 0.5260872673543783, 0.4127357911085242], "k_pid_vsp": [295.3477998058686, 340.3685642298482, 101.94519168099153]}, "datetime": {"datetime": "2025-08-13 20:25:56", "elapsed": 38284.76617836952, "delta": 36.78526973724365}, "costs": {"total_cost": 610.2413999581944, "time_cost": 150, "final_distance_cost": 24.99896234868716, "oscillation_cost": 192.75860449049296, "completition_cost": 111.11111111111116, "overshoot_cost": 64.65214951367811, "power_cost": 37.0925807006836, "noise_cost": 29.627991793541444, "n_waypoints_completed": 8, "tot_waypoints": 9}}
{"target": -349.78162673262847, "params": {"k_pid_pos": [0.9473766018465187, 0.3643904594474209, 0.3815733165745855], "k_pid_alt": [0.38682931401124754, 0.5677841663430601, 0.3888624264760312], "k_pid_att": [6.592197606923911, 5.704887791962645, 0.7961412171848492], "k_pid_yaw": [0.5, 1e-06, 0.1], "k_pid_hsp": [9.373831570929472, 0.21268735608526956, 0.3160763553861674], "k_pid_vsp": [275.42910067831224, 286.9249935240637, 52.79673900353021]}, "datetime": {"datetime": "2025-08-13 20:26:25", "elapsed": 38313.73427081108, "delta": 28.968092441558838}, "costs": {"total_cost": 349.78162673262847, "time_cost": 101.255, "final_distance_cost": 1.7718858272579079, "oscillation_cost": 140.19161886146776, "completition_cost": 0.0, "overshoot_cost": 58.52495273413605, "power_cost": 24.690923559570315, "noise_cost": 23.347245750196464, "n_waypoints_completed": 9, "tot_waypoints": 9}}
{"target": -857.8768347136515, "params": {"k_pid_pos": [0.4060382275669021, 0.878092490909508, 0.3510234613440568], "k_pid_alt": [0.6251836712926913, 0.9706175447306957, 0.4219932647313791], "k_pid_att": [15.256670221080471, 6.213956069205076, 0.787973257382185], "k_pid_yaw": [0.5, 1e-06, 0.1], "k_pid_hsp": [9.172202172136554, 0.22439822394969322, 0.4441577548274307], "k_pid_vsp": [259.7990636704053, 282.2123931947829, 56.44925253461487]}, "datetime": {"datetime": "2025-08-13 20:26:58", "elapsed": 38346.89875006676, "delta": 33.16447925567627}, "costs": {"total_cost": 857.8768347136515, "time_cost": 150, "final_distance_cost": 67.68497739178983, "oscillation_cost": 201.2880835403654, "completition_cost": 333.33333333333337, "overshoot_cost": 50.70293119218287, "power_cost": 27.33154196777344, "noise_cost": 27.53596728820659, "n_waypoints_completed": 6, "tot_waypoints": 9}}
{"target": -396.17661397894335, "params": {"k_pid_pos": [1.189510441317086, 0.5699660801990977, 0.39535846282308995], "k_pid_alt": [1.5028268991210143, 0.3661029362124618, 0.0821872787348139], "k_pid_att": [4.126760218399328, 3.9997562112280383, 0.5478502587367348], "k_pid_yaw": [0.5, 1e-06, 0.1], "k_pid_hsp": [6.727565447452612, 0.4993276771097179, 0.9514698890197602], "k_pid_vsp": [302.6596500590256, 346.3651954823292, 115.49429935910709]}, "datetime": {"datetime": "2025-08-13 20:27:30", "elapsed": 38378.576379060745, "delta": 31.677628993988037}, "costs": {"total_cost": 396.17661397894335, "time_cost": 109.452, "final_distance_cost": 1.78273692399709, "oscillation_cost": 170.48475053837754, "completition_cost": 0.0, "overshoot_cost": 59.381860436842445, "power_cost": 29.5202806640625, "noise_cost": 25.554985415663808, "n_waypoints_completed": 9, "tot_waypoints": 9}}
{"target": -736.3424446344652, "params": {"k_pid_pos": [1.7030529376850059, 0.8097227163568488, 0.8032654289373121], "k_pid_alt": [0.6217948672720546, 0.08224687010283083, 0.8571359377806055], "k_pid_att": [22.471811685260512, 9.814239557831288, 0.18941860300378743], "k_pid_yaw": [0.5, 1e-06, 0.1], "k_pid_hsp": [8.94882499249729, 0.8964364343336817, 0.2720005805662401], "k_pid_vsp": [172.78502110292501, 13.135602785667077, 22.219600168641037]}, "datetime": {"datetime": "2025-08-13 20:28:03", "elapsed": 38411.57909631729, "delta": 33.00271725654602}, "costs": {"total_cost": 736.3424446344652, "time_cost": 116.56400000000001, "final_distance_cost": 1.7736098138004173, "oscillation_cost": 498.41024067473614, "completition_cost": 0.0, "overshoot_cost": 54.33517515820029, "power_cost": 34.49247182617188, "noise_cost": 30.76694716155662, "n_waypoints_completed": 9, "tot_waypoints": 9}}
{"target": -1161.6115411671578, "params": {"k_pid_pos": [0.20994022955856895, 0.6238138969912254, 0.6217688597639074], "k_pid_alt": [1.9803517135676727, 0.10621090591499316, 0.9146655133215568], "k_pid_att": [33.17057533727903, 2.472459441350639, 0.4493761430921597], "k_pid_yaw": [0.5, 1e-06, 0.1], "k_pid_hsp": [5.177006251687841, 0.9069500528196593, 0.3208836293637427], "k_pid_vsp": [99.96781413026446, 354.56057898432056, 50.811474611809054]}, "datetime": {"datetime": "2025-08-13 20:28:38", "elapsed": 38446.86335206032, "delta": 35.28425574302673}, "costs": {"total_cost": 1161.6115411671578, "time_cost": 150, "final_distance_cost": 69.50855999872931, "oscillation_cost": 492.0808645028043, "completition_cost": 333.33333333333337, "overshoot_cost": 47.24145595431151, "power_cost": 38.73715063476563, "noise_cost": 30.710176743213836, "n_waypoints_completed": 6, "tot_waypoints": 9}}
{"target": -751.4435331514261, "params": {"k_pid_pos": [0.16356944632457449, 0.031897458583395766, 0.2785503333327408], "k_pid_alt": [1.069165974464771, 0.7768426378624432, 0.6451990713983917], "k_pid_att": [7.347729231186273, 6.531024785939558, 0.793119567159561], "k_pid_yaw": [0.5, 1e-06, 0.1], "k_pid_hsp": [2.08430730608528, 0.4588331346204938, 0.07360171938796212], "k_pid_vsp": [263.84021729260394, 283.909671565033, 47.33443238288972]}, "datetime": {"datetime": "2025-08-13 20:29:12", "elapsed": 38480.387890577316, "delta": 33.52453851699829}, "costs": {"total_cost": 751.4435331514261, "time_cost": 150, "final_distance_cost": 69.83594767111065, "oscillation_cost": 94.21349469471804, "completition_cost": 333.33333333333337, "overshoot_cost": 58.30950757221719, "power_cost": 20.4445919921875, "noise_cost": 25.306657887859426, "n_waypoints_completed": 6, "tot_waypoints": 9}}
{"target": -828.3491010836268, "params": {"k_pid_pos": [1.9687099424305072, 0.9910214020270813, 0.2883188985232885], "k_pid_alt": [0.12426323028401587, 0.41917377497846586, 0.47982402764884124], "k_pid_att": [9.36983164727614, 5.013651536693748, 0.5496912087662988], "k_pid_yaw": [0.5, 1e-06, 0.1], "k_pid_hsp": [3.677716806953271, 0.9483701404513729, 0.7099200686120339], "k_pid_vsp": [165.4073038145819, 42.40718084408553, 8.949501430236452]}, "datetime": {"datetime": "2025-08-13 20:29:45", "elapsed": 38513.826335430145, "delta": 33.43844485282898}, "costs": {"total_cost": 828.3491010836268, "time_cost": 150, "final_distance_cost": 69.24029840371938, "oscillation_cost": 144.10388309848128, "completition_cost": 333.33333333333337, "overshoot_cost": 66.65950200538522, "power_cost": 30.232946777343752, "noise_cost": 34.7791374653639, "n_waypoints_completed": 6, "tot_waypoints": 9}}
