{"target": -514.0340394570351, "params": {"k_pid_pos": [1.1263215562602324, 0.7226337453861753, 0.23225600954466463], "k_pid_alt": [0.9133296985920716, 0.20816444001119006, 0.8325957615743097], "k_pid_att": [16.88608278354372, 0.2579049393160836, 0.30223916978436793], "k_pid_yaw": [0.5, 1e-06, 0.1], "k_pid_hsp": [7.113724170222393, 0.9038763833242823, 0.9382907166720766], "k_pid_vsp": [300.2204850908071, 331.6363691922332, 92.32403235861294]}, "datetime": {"datetime": "2025-08-13 16:18:08", "elapsed": 23416.551976680756, "delta": 30.09498405456543}, "costs": {"total_cost": 514.0340394570351, "time_cost": 111.258, "final_distance_cost": 1.7588538625845689, "oscillation_cost": 263.8742033762517, "completition_cost": 0.0, "overshoot_cost": 65.38605526166934, "power_cost": 38.56048048095703, "noise_cost": 33.19644647557239, "n_waypoints_completed": 9, "tot_waypoints": 9}}
{"target": -316.2061898651773, "params": {"k_pid_pos": [0.9159698223881317, 0.2622369733682295, 0.1108019463699429], "k_pid_alt": [0.43124581568888853, 0.541325352654595, 0.6819311841535443], "k_pid_att": [6.917025535972643, 6.545973132194079, 0.27846102314152554], "k_pid_yaw": [0.5, 1e-06, 0.1], "k_pid_hsp": [1.8223111851453708, 0.9974281231880812, 0.03954990635935052], "k_pid_vsp": [299.8731808052934, 351.60910691776576, 105.5435981485219]}, "datetime": {"datetime": "2025-08-13 16:18:37", "elapsed": 23445.706820964813, "delta": 29.154844284057617}, "costs": {"total_cost": 316.2061898651773, "time_cost": 101.479, "final_distance_cost": 1.7693562656523607, "oscillation_cost": 102.8295524790145, "completition_cost": 0.0, "overshoot_cost": 57.55405383408008, "power_cost": 27.781959887695315, "noise_cost": 24.792267398734992, "n_waypoints_completed": 9, "tot_waypoints": 9}}
{"target": -679.4946653034733, "params": {"k_pid_pos": [0.6175517426815411, 0.6076144719485259, 0.3012239837717011], "k_pid_alt": [0.8095851198024651, 0.15368413507952872, 0.04143992929932194], "k_pid_att": [14.205743356508727, 9.273972224313564, 0.605069858005492], "k_pid_yaw": [0.5, 1e-06, 0.1], "k_pid_hsp": [6.970433284041092, 0.4923506082882291, 0.7631879988892241], "k_pid_vsp": [197.97120984266647, 304.69526397530706, 22.7112969255077]}, "datetime": {"datetime": "2025-08-13 16:19:13", "elapsed": 23481.028260707855, "delta": 35.32143974304199}, "costs": {"total_cost": 679.4946653034733, "time_cost": 150, "final_distance_cost": 55.41164285189126, "oscillation_cost": 257.46283099536424, "completition_cost": 111.11111111111116, "overshoot_cost": 48.988128508635086, "power_cost": 29.07491444091797, "noise_cost": 27.44603739555364, "n_waypoints_completed": 8, "tot_waypoints": 9}}
{"target": -505.6442694720826, "params": {"k_pid_pos": [0.9918959138548467, 0.9969874367852068, 0.5876736899153558], "k_pid_alt": [1.281331759468581, 0.30422115925836246, 0.9600065493558785], "k_pid_att": [48.56315221193174, 2.6774448398791284, 0.6661570354170575], "k_pid_yaw": [0.5, 1e-06, 0.1], "k_pid_hsp": [5.836637882211451, 0.2075001688085687, 0.30373489671625586], "k_pid_vsp": [224.49572467783452, 277.9367723715311, 43.79222177722425]}, "datetime": {"datetime": "2025-08-13 16:19:40", "elapsed": 23508.733369112015, "delta": 27.705108404159546}, "costs": {"total_cost": 505.6442694720826, "time_cost": 100.205, "final_distance_cost": 1.7317732492479068, "oscillation_cost": 289.8527247737545, "completition_cost": 0.0, "overshoot_cost": 55.44304458988342, "power_cost": 32.399595324707036, "noise_cost": 26.01213153448973, "n_waypoints_completed": 9, "tot_waypoints": 9}}
{"target": -451.7122309752057, "params": {"k_pid_pos": [1.0958812611426347, 0.927530719747236, 0.5700267735955848], "k_pid_alt": [1.2631618936588396, 0.006387202473039366, 0.9987397678610671], "k_pid_att": [75.06306429220645, 0.5523200222134936, 0.9406181314891591], "k_pid_yaw": [0.5, 1e-06, 0.1], "k_pid_hsp": [8.173056714521062, 0.7800320792395735, 0.30487654294396294], "k_pid_vsp": [369.7786963857665, 372.63430764963664, 370.69276147495]}, "datetime": {"datetime": "2025-08-13 16:20:05", "elapsed": 23533.89279603958, "delta": 25.15942692756653}, "costs": {"total_cost": 451.7122309752057, "time_cost": 90.559, "final_distance_cost": 1.777306950814967, "oscillation_cost": 247.63262226370614, "completition_cost": 0.0, "overshoot_cost": 58.18686090245661, "power_cost": 30.497257836914063, "noise_cost": 23.059183021313995, "n_waypoints_completed": 9, "tot_waypoints": 9}}
{"target": -613.636617367222, "params": {"k_pid_pos": [1.3973780383603882, 0.8596037933490746, 0.19326324816283824], "k_pid_alt": [1.4234067743458119, 0.7137779187011822, 0.23791420363786941], "k_pid_att": [30.768207744560772, 8.946131217330397, 0.34842603181506704], "k_pid_yaw": [0.5, 1e-06, 0.1], "k_pid_hsp": [6.15648900652226, 0.6494681702753524, 0.8638173397989225], "k_pid_vsp": [248.65753224181577, 280.9503380062903, 52.856643759589275]}, "datetime": {"datetime": "2025-08-13 16:20:38", "elapsed": 23566.106636047363, "delta": 32.21384000778198}, "costs": {"total_cost": 613.636617367222, "time_cost": 150, "final_distance_cost": 5.942518513845119, "oscillation_cost": 212.83392379745578, "completition_cost": 111.11111111111116, "overshoot_cost": 75.88480075144459, "power_cost": 29.118451977539063, "noise_cost": 28.74581121582631, "n_waypoints_completed": 8, "tot_waypoints": 9}}
{"target": -588.3391716402574, "params": {"k_pid_pos": [1.1668449344567682, 0.29073171379367657, 0.4162655999526419], "k_pid_alt": [1.0939952499062238, 0.7727745953067283, 0.19924076956778303], "k_pid_att": [21.78465063813301, 9.288319958148351, 0.719134773227589], "k_pid_yaw": [0.5, 1e-06, 0.1], "k_pid_hsp": [5.003351550530454, 0.32399117438445346, 0.2785564897739973], "k_pid_vsp": [164.04453455741395, 5.301132402743968, 31.330335632320153]}, "datetime": {"datetime": "2025-08-13 16:21:06", "elapsed": 23594.42435145378, "delta": 28.317715406417847}, "costs": {"total_cost": 588.3391716402574, "time_cost": 106.652, "final_distance_cost": 1.7824393682414292, "oscillation_cost": 361.78010515364406, "completition_cost": 0.0, "overshoot_cost": 59.403524945425204, "power_cost": 30.947321997070315, "noise_cost": 27.7737801758764, "n_waypoints_completed": 9, "tot_waypoints": 9}}
{"target": -599.763872603505, "params": {"k_pid_pos": [1.4374606562798917, 0.8651057222214498, 0.5329114258042831], "k_pid_alt": [0.8473811270346174, 0.7357750091036839, 0.775245887025563], "k_pid_att": [55.80615881574561, 1.16891992844958, 0.07082429239404475], "k_pid_yaw": [0.5, 1e-06, 0.1], "k_pid_hsp": [6.818660356599452, 0.28032712843855223, 0.34529633955860983], "k_pid_vsp": [83.9736033429019, 368.58684963159345, 37.957165809461365]}, "datetime": {"datetime": "2025-08-13 16:21:37", "elapsed": 23625.60825753212, "delta": 31.183906078338623}, "costs": {"total_cost": 599.763872603505, "time_cost": 112.791, "final_distance_cost": 1.7490275068603884, "oscillation_cost": 362.9732279753492, "completition_cost": 0.0, "overshoot_cost": 61.522229852953025, "power_cost": 33.356873596191406, "noise_cost": 27.371513672150954, "n_waypoints_completed": 9, "tot_waypoints": 9}}
{"target": -1237.3831933945505, "params": {"k_pid_pos": [0.3549258691401498, 0.32941639462537164, 0.5282159728480817], "k_pid_alt": [0.028274817053750123, 0.2120047526361315, 0.30583729642624324], "k_pid_att": [19.35107462060799, 9.343891819934365, 0.19556885005638935], "k_pid_yaw": [0.5, 1e-06, 0.1], "k_pid_hsp": [6.134660009237994, 0.36620447879160467, 0.42351908581186803], "k_pid_vsp": [181.20496627451718, 14.077664138661033, 11.004623805719756]}, "datetime": {"datetime": "2025-08-13 16:22:11", "elapsed": 23659.342218637466, "delta": 33.73396110534668}, "costs": {"total_cost": 1237.3831933945505, "time_cost": 150, "final_distance_cost": 53.4519611849043, "oscillation_cost": 587.3802890779066, "completition_cost": 333.33333333333337, "overshoot_cost": 57.55588714859161, "power_cost": 24.576826123046875, "noise_cost": 31.084896526767814, "n_waypoints_completed": 6, "tot_waypoints": 9}}
{"target": -383.8253714218646, "params": {"k_pid_pos": [0.8242649672891403, 0.5815891103633641, 0.1063722141224136], "k_pid_alt": [1.1640979405975398, 0.5217774352937355, 0.8103461092606149], "k_pid_att": [2.766561082546992, 7.858357703419429, 0.11931883916093589], "k_pid_yaw": [0.5, 1e-06, 0.1], "k_pid_hsp": [1.9963095421240884, 0.12469191378084676, 0.3577562984059339], "k_pid_vsp": [262.3756871267393, 281.87116581289104, 52.38251514263291]}, "datetime": {"datetime": "2025-08-13 16:22:40", "elapsed": 23688.432755231857, "delta": 29.09053659439087}, "costs": {"total_cost": 383.8253714218646, "time_cost": 100.044, "final_distance_cost": 1.73847478070899, "oscillation_cost": 175.883228809116, "completition_cost": 0.0, "overshoot_cost": 59.34650770118826, "power_cost": 24.03421357421875, "noise_cost": 22.778946556632597, "n_waypoints_completed": 9, "tot_waypoints": 9}}
{"target": -541.2430990882032, "params": {"k_pid_pos": [0.5751229464644367, 0.8461639087310985, 0.9803122129972571], "k_pid_alt": [0.88497545195462, 0.4832417397400619, 0.6262417887324667], "k_pid_att": [9.240091389233774, 7.4655361155174615, 0.38202124078749067], "k_pid_yaw": [0.5, 1e-06, 0.1], "k_pid_hsp": [3.2835231084938226, 0.42559172908520226, 0.29225262780328676], "k_pid_vsp": [175.29443038934875, 32.59185120599146, 7.672040602475136]}, "datetime": {"datetime": "2025-08-13 16:23:14", "elapsed": 23722.090462207794, "delta": 33.65770697593689}, "costs": {"total_cost": 541.2430990882032, "time_cost": 113.827, "final_distance_cost": 1.7827166610996559, "oscillation_cost": 302.10217229150754, "completition_cost": 0.0, "overshoot_cost": 57.59750600609641, "power_cost": 32.43171560058594, "noise_cost": 33.501988528913564, "n_waypoints_completed": 9, "tot_waypoints": 9}}
{"target": -674.7996857446682, "params": {"k_pid_pos": [1.4473210287205414, 0.9202311527144474, 0.13896688234103138], "k_pid_alt": [1.154886061768554, 0.8007216436667023, 0.6892952800238139], "k_pid_att": [43.945110762702576, 0.014231856295091631, 0.6542713337326177], "k_pid_yaw": [0.5, 1e-06, 0.1], "k_pid_hsp": [5.373617026314047, 0.3597656147891327, 0.09913326013791135], "k_pid_vsp": [78.31133345728456, 360.74632735776845, 24.587467767470176]}, "datetime": {"datetime": "2025-08-13 16:23:51", "elapsed": 23759.701780557632, "delta": 37.61131834983826}, "costs": {"total_cost": 674.7996857446682, "time_cost": 150, "final_distance_cost": 62.04797144569001, "oscillation_cost": 120.49791946226424, "completition_cost": 222.2222222222222, "overshoot_cost": 54.21766259209806, "power_cost": 34.30262398681641, "noise_cost": 31.511286035577278, "n_waypoints_completed": 7, "tot_waypoints": 9}}
{"target": -371.946736025622, "params": {"k_pid_pos": [1.781366657622545, 0.03962116672980409, 0.9002196057087697], "k_pid_alt": [0.4637832357580651, 0.19331252392056963, 0.8913167261425279], "k_pid_att": [15.187839515856039, 6.7826009254412725, 0.9750874194536193], "k_pid_yaw": [0.5, 1e-06, 0.1], "k_pid_hsp": [8.06110157927737, 0.9934495240539207, 0.4137827893107635], "k_pid_vsp": [291.7792923304421, 272.1915148163844, 53.30898075333251]}, "datetime": {"datetime": "2025-08-13 16:24:17", "elapsed": 23785.359478712082, "delta": 25.657698154449463}, "costs": {"total_cost": 371.946736025622, "time_cost": 86.989, "final_distance_cost": 1.7673443452158388, "oscillation_cost": 186.9972470752538, "completition_cost": 0.0, "overshoot_cost": 51.9949906141465, "power_cost": 23.246711877441406, "noise_cost": 20.951442113564454, "n_waypoints_completed": 9, "tot_waypoints": 9}}
{"target": -278.7244687160816, "params": {"k_pid_pos": [1.507090764285433, 0.41465612667854657, 0.7829299348630346], "k_pid_alt": [0.5927019673186527, 0.6044840617282183, 0.027930011632872787], "k_pid_att": [11.039578290275443, 7.463985752983346, 0.666058575967938], "k_pid_yaw": [0.5, 1e-06, 0.1], "k_pid_hsp": [2.9404851510076635, 0.8324396115015386, 0.05105864262151194], "k_pid_vsp": [167.4644992799807, 15.333800561824605, 24.698823399602524]}, "datetime": {"datetime": "2025-08-13 16:24:46", "elapsed": 23814.28605747223, "delta": 28.926578760147095}, "costs": {"total_cost": 278.7244687160816, "time_cost": 96.348, "final_distance_cost": 1.767887087811148, "oscillation_cost": 81.29969407232682, "completition_cost": 0.0, "overshoot_cost": 56.23456322462271, "power_cost": 20.806840319824218, "noise_cost": 22.26748401149672, "n_waypoints_completed": 9, "tot_waypoints": 9}}
{"target": -885.0279600507617, "params": {"k_pid_pos": [0.732875742719164, 0.6779703675199761, 0.16808513363341548], "k_pid_alt": [0.6285509293177127, 0.34949764086817525, 0.6657899492395348], "k_pid_att": [32.38614836643616, 4.456684425189617, 0.30749359994882464], "k_pid_yaw": [0.5, 1e-06, 0.1], "k_pid_hsp": [7.176745552604223, 0.43398984969873233, 0.5346484093681315], "k_pid_vsp": [291.88502903137106, 340.5099191255321, 104.07598950999838]}, "datetime": {"datetime": "2025-08-13 16:25:21", "elapsed": 23849.908348321915, "delta": 35.62229084968567}, "costs": {"total_cost": 885.0279600507617, "time_cost": 150, "final_distance_cost": 39.32873985732691, "oscillation_cost": 449.4966084008605, "completition_cost": 111.11111111111116, "overshoot_cost": 58.887551309950894, "power_cost": 42.4822205078125, "noise_cost": 33.72172886369975, "n_waypoints_completed": 8, "tot_waypoints": 9}}
{"target": -575.0117277028021, "params": {"k_pid_pos": [1.5513213086708573, 0.6906185951639302, 0.6926420128157733], "k_pid_alt": [1.7343803022531552, 0.29175344248172963, 0.9021765598772803], "k_pid_att": [22.23744878354179, 2.6619635178222034, 0.9856086122568084], "k_pid_yaw": [0.5, 1e-06, 0.1], "k_pid_hsp": [9.707495728354871, 0.907267002224739, 0.930473343374596], "k_pid_vsp": [257.86268873502445, 278.82277116878595, 45.26641111202995]}, "datetime": {"datetime": "2025-08-13 16:25:53", "elapsed": 23881.874039173126, "delta": 31.965690851211548}, "costs": {"total_cost": 575.0117277028021, "time_cost": 112.224, "final_distance_cost": 1.736459413906495, "oscillation_cost": 343.4066409359094, "completition_cost": 0.0, "overshoot_cost": 56.51733881791846, "power_cost": 32.49866491699219, "noise_cost": 28.62862361807555, "n_waypoints_completed": 9, "tot_waypoints": 9}}
{"target": -576.3082499208859, "params": {"k_pid_pos": [1.6534222868030828, 0.42466648628466397, 0.5836974551782189], "k_pid_alt": [0.5686102508581656, 0.5989295789946892, 0.5059752858333684], "k_pid_att": [11.082264058281643, 8.153569016163944, 0.12176197731818417], "k_pid_yaw": [0.5, 1e-06, 0.1], "k_pid_hsp": [8.945135555471678, 0.9770105911314276, 0.31910924584367995], "k_pid_vsp": [165.83199245687717, 25.02336065390943, 10.507353340244963]}, "datetime": {"datetime": "2025-08-13 16:26:25", "elapsed": 23913.591856002808, "delta": 31.717816829681396}, "costs": {"total_cost": 576.3082499208859, "time_cost": 104.433, "final_distance_cost": 1.7606309988057989, "oscillation_cost": 354.30980520619835, "completition_cost": 0.0, "overshoot_cost": 59.03671710336847, "power_cost": 28.529424365234377, "noise_cost": 28.23867224727893, "n_waypoints_completed": 9, "tot_waypoints": 9}}
{"target": -568.3585633414621, "params": {"k_pid_pos": [1.491379314538107, 0.6380429101768164, 0.4570661843332201], "k_pid_alt": [0.272803440120166, 0.32465172137121856, 0.5938553176693491], "k_pid_att": [13.388849757306897, 2.045261981140548, 0.2281975884917753], "k_pid_yaw": [0.5, 1e-06, 0.1], "k_pid_hsp": [7.850082011752211, 0.1908082828872225, 0.3924716757792789], "k_pid_vsp": [155.22367656230762, 45.44928381689405, 9.5930049415768]}, "datetime": {"datetime": "2025-08-13 16:27:00", "elapsed": 23948.379992485046, "delta": 34.78813648223877}, "costs": {"total_cost": 568.3585633414621, "time_cost": 110.516, "final_distance_cost": 1.7650238927061903, "oscillation_cost": 336.56345500547343, "completition_cost": 0.0, "overshoot_cost": 61.14777770519275, "power_cost": 26.415697436523438, "noise_cost": 31.950609301566157, "n_waypoints_completed": 9, "tot_waypoints": 9}}
{"target": -1233.973220133792, "params": {"k_pid_pos": [0.5383037814733304, 0.7336452833259454, 0.45492293745851653], "k_pid_alt": [0.08221596675951814, 0.5404988752764581, 0.9212306767784257], "k_pid_att": [12.013419815793892, 9.214766836059328, 0.494969839506054], "k_pid_yaw": [0.5, 1e-06, 0.1], "k_pid_hsp": [3.345316355898073, 0.95636990642201, 0.7885165100955773], "k_pid_vsp": [286.128059756701, 265.3819593684529, 50.996056789399994]}, "datetime": {"datetime": "2025-08-13 16:27:36", "elapsed": 23984.24528837204, "delta": 35.86529588699341}, "costs": {"total_cost": 1233.973220133792, "time_cost": 150, "final_distance_cost": 54.12052512211936, "oscillation_cost": 239.22382421553476, "completition_cost": 666.6666666666667, "overshoot_cost": 56.83385758646715, "power_cost": 34.96510428466797, "noise_cost": 32.16324225833609, "n_waypoints_completed": 3, "tot_waypoints": 9}}
{"target": -1159.1553776655587, "params": {"k_pid_pos": [0.5421844884943481, 0.4656077278856169, 0.447489399017046], "k_pid_alt": [0.03746395621533183, 0.812222541265702, 0.7383315542971085], "k_pid_att": [13.61466516829446, 4.530048003494957, 0.3746449315045848], "k_pid_yaw": [0.5, 1e-06, 0.1], "k_pid_hsp": [8.474027307193893, 0.46766658042944864, 0.5241791646945821], "k_pid_vsp": [280.19244935937564, 284.694498602024, 47.27807726724031]}, "datetime": {"datetime": "2025-08-13 16:28:12", "elapsed": 24020.686767101288, "delta": 36.44147872924805}, "costs": {"total_cost": 1159.1553776655587, "time_cost": 150, "final_distance_cost": 50.6494139441522, "oscillation_cost": 393.6529744009228, "completition_cost": 444.4444444444444, "overshoot_cost": 57.55892384993367, "power_cost": 32.624747973632815, "noise_cost": 30.224873052472635, "n_waypoints_completed": 5, "tot_waypoints": 9}}
{"target": -885.7793089584534, "params": {"k_pid_pos": [1.4024160693830896, 0.10255722187910454, 0.42116239924152643], "k_pid_alt": [1.9223539110890175, 0.7299360188813925, 0.23036045025816942], "k_pid_att": [5.358747328298685, 9.330590221746599, 0.059525926531812656], "k_pid_yaw": [0.5, 1e-06, 0.1], "k_pid_hsp": [1.0301197987815964, 0.5738727422878902, 0.7400750533625554], "k_pid_vsp": [302.81572587856857, 343.5670078973407, 110.83604777731752]}, "datetime": {"datetime": "2025-08-13 16:28:45", "elapsed": 24053.7921833992, "delta": 33.1054162979126}, "costs": {"total_cost": 885.7793089584534, "time_cost": 150, "final_distance_cost": 64.38082243182558, "oscillation_cost": 447.55499448991, "completition_cost": 111.11111111111116, "overshoot_cost": 57.11412333417849, "power_cost": 28.983016503906253, "noise_cost": 26.635241087521926, "n_waypoints_completed": 8, "tot_waypoints": 9}}
{"target": -323.10535998309916, "params": {"k_pid_pos": [1.9932763975287633, 0.9096203528282291, 0.37664316511097296], "k_pid_alt": [1.503586656066273, 0.004224490503311862, 0.7415047339533747], "k_pid_att": [8.29315618472053, 5.742952163577764, 0.8861457785660523], "k_pid_yaw": [0.5, 1e-06, 0.1], "k_pid_hsp": [3.0025613392939983, 0.31589709901680363, 0.8727660509503243], "k_pid_vsp": [164.17936462450106, 22.525062848413043, 11.69879583815543]}, "datetime": {"datetime": "2025-08-13 16:29:12", "elapsed": 24080.951444149017, "delta": 27.159260749816895}, "costs": {"total_cost": 323.10535998309916, "time_cost": 94.325, "final_distance_cost": 1.737669155215089, "oscillation_cost": 119.85994751953245, "completition_cost": 0.0, "overshoot_cost": 62.202004739535255, "power_cost": 21.304621118164064, "noise_cost": 23.67611745065235, "n_waypoints_completed": 9, "tot_waypoints": 9}}
{"target": -316.94164525685414, "params": {"k_pid_pos": [1.07213149818433, 0.46691706979918945, 0.46928960344221066], "k_pid_alt": [1.2016305678221297, 0.43946429464549985, 0.3840612175620068], "k_pid_att": [7.778669273597997, 4.7036050101559965, 0.6509433535795967], "k_pid_yaw": [0.5, 1e-06, 0.1], "k_pid_hsp": [7.240169809785864, 0.4209662752873331, 0.2350667156048034], "k_pid_vsp": [310.7023275942887, 327.29262003596176, 101.17346803550049]}, "datetime": {"datetime": "2025-08-13 16:29:42", "elapsed": 24110.09018945694, "delta": 29.138745307922363}, "costs": {"total_cost": 316.94164525685414, "time_cost": 90.33500000000001, "final_distance_cost": 1.7336026010815537, "oscillation_cost": 126.85850964688525, "completition_cost": 0.0, "overshoot_cost": 53.6097474877927, "power_cost": 23.178814416503908, "noise_cost": 21.2259711045907, "n_waypoints_completed": 9, "tot_waypoints": 9}}
{"target": -483.64011946559816, "params": {"k_pid_pos": [1.9394719116769994, 0.4936728466579612, 0.8386941224287883], "k_pid_alt": [1.6269695657811711, 0.7020965064115106, 0.32095994047410437], "k_pid_att": [17.611374566902892, 2.8926495262847185, 0.935272353346207], "k_pid_yaw": [0.5, 1e-06, 0.1], "k_pid_hsp": [6.67895647450684, 0.5449318238082376, 0.28520171240473147], "k_pid_vsp": [291.34364135943196, 325.57989533997375, 107.84373285393713]}, "datetime": {"datetime": "2025-08-13 16:30:14", "elapsed": 24142.158104896545, "delta": 32.06791543960571}, "costs": {"total_cost": 483.64011946559816, "time_cost": 105.056, "final_distance_cost": 1.748511809165735, "oscillation_cost": 232.5753676148704, "completition_cost": 0.0, "overshoot_cost": 67.06802098054077, "power_cost": 41.174727453613286, "noise_cost": 36.017491607407955, "n_waypoints_completed": 9, "tot_waypoints": 9}}
