{"target": -466.65201925800113, "params": {"k_pid_pos": [1.1421656298359624, 0.2239592868453364, 0.2697507769828362], "k_pid_alt": [0.38130812363715116, 0.24391130129030625, 0.88161351148416], "k_pid_att": [7.26151292566265, 2.1420397091222125, 0.5245638938139263], "k_pid_yaw": [0.5, 1e-06, 0.1], "k_pid_hsp": [9.681903464335988, 0.6870141235347722, 0.9846395930316455], "k_pid_vsp": [182.0377240275583, 13.078746507956671, 15.848165980390927]}, "datetime": {"datetime": "2025-08-14 02:11:26", "elapsed": 59014.523800611496, "delta": 37.472535848617554}, "costs": {"total_cost": 466.65201925800113, "time_cost": 112.777, "final_distance_cost": 1.7488427346728708, "oscillation_cost": 232.78262355227835, "completition_cost": 0.0, "overshoot_cost": 59.24469412351125, "power_cost": 30.8927271484375, "noise_cost": 29.206131699101206, "n_waypoints_completed": 9, "tot_waypoints": 9}}
{"target": -363.6133063934551, "params": {"k_pid_pos": [1.3516528418700493, 0.17163973911132413, 0.9110828308069558], "k_pid_alt": [0.6971575696396419, 0.7852953372325098, 0.2915995750672288], "k_pid_att": [2.1800508716611433, 1.4609783346598189, 0.2973257368957416], "k_pid_yaw": [0.5, 1e-06, 0.1], "k_pid_hsp": [0.9605308266372644, 0.878952907294593, 0.051479376059293314], "k_pid_vsp": [171.08170244094558, 19.816643291905507, 11.701571366074027]}, "datetime": {"datetime": "2025-08-14 02:12:05", "elapsed": 59053.653760671616, "delta": 39.12996006011963}, "costs": {"total_cost": 363.6133063934551, "time_cost": 98.007, "final_distance_cost": 1.7856419151254284, "oscillation_cost": 138.19146940371274, "completition_cost": 0.0, "overshoot_cost": 62.90320946228428, "power_cost": 33.31775362548828, "noise_cost": 29.408231986844367, "n_waypoints_completed": 9, "tot_waypoints": 9}}
{"target": -814.0995701434119, "params": {"k_pid_pos": [0.48927531535319035, 0.3149870975183362, 0.941008645628831], "k_pid_alt": [1.460457354290983, 0.692297185895329, 0.910978406631115], "k_pid_att": [14.636152173262552, 5.754236345937445, 0.542698631186397], "k_pid_yaw": [0.5, 1e-06, 0.1], "k_pid_hsp": [3.432469730918224, 0.7552323422185587, 0.5908740871328668], "k_pid_vsp": [158.04761737697945, 32.6764816654732, 9.205535023729656]}, "datetime": {"datetime": "2025-08-14 02:12:44", "elapsed": 59092.48951005936, "delta": 38.83574938774109}, "costs": {"total_cost": 814.0995701434119, "time_cost": 150, "final_distance_cost": 39.442006356519386, "oscillation_cost": 401.55591282813026, "completition_cost": 111.11111111111116, "overshoot_cost": 57.24597012696612, "power_cost": 24.11169899902344, "noise_cost": 30.632870721661547, "n_waypoints_completed": 8, "tot_waypoints": 9}}
{"target": -239.50839439671938, "params": {"k_pid_pos": [2.0, 0.8241229682475231, 0.7077598771498214], "k_pid_alt": [2.0, 0.7366825005748282, 1.0], "k_pid_att": [14.490014338167818, 1.280629558585969, 0.7813512292906317], "k_pid_yaw": [0.5, 1e-06, 0.1], "k_pid_hsp": [5.799450820065436, 0.0, 0.029700277294135418], "k_pid_vsp": [193.40579305587875, 298.10960137370574, 19.955399855782293]}, "datetime": {"datetime": "2025-08-14 02:13:20", "elapsed": 59128.18207573891, "delta": 35.69256567955017}, "costs": {"total_cost": 239.50839439671938, "time_cost": 81.70400000000001, "final_distance_cost": 1.7593761108852402, "oscillation_cost": 59.46499825863593, "completition_cost": 0.0, "overshoot_cost": 51.52460395711154, "power_cost": 23.28651864013672, "noise_cost": 21.768897429949945, "n_waypoints_completed": 9, "tot_waypoints": 9}}
{"target": -612.1417651185294, "params": {"k_pid_pos": [0.703078529096508, 0.7490425604657385, 0.33851321595253614], "k_pid_alt": [1.421118647144773, 0.7712768465989585, 0.5002709446202592], "k_pid_att": [13.038949487514351, 4.408413002138434, 0.8252588450785625], "k_pid_yaw": [0.5, 1e-06, 0.1], "k_pid_hsp": [1.6873195338624034, 0.10684322221831222, 0.9314904273109245], "k_pid_vsp": [301.50216172493424, 329.48481111841204, 86.93471275093727]}, "datetime": {"datetime": "2025-08-14 02:13:59", "elapsed": 59167.91195011139, "delta": 39.7298743724823}, "costs": {"total_cost": 612.1417651185294, "time_cost": 150, "final_distance_cost": 24.23376728272791, "oscillation_cost": 205.73894170035902, "completition_cost": 111.11111111111116, "overshoot_cost": 62.51463401628973, "power_cost": 30.977964953613284, "noise_cost": 27.565346054428236, "n_waypoints_completed": 8, "tot_waypoints": 9}}
{"target": -906.1617628118036, "params": {"k_pid_pos": [0.40325182182217467, 0.7144515389999888, 0.9420838409461473], "k_pid_alt": [1.5962841496021205, 0.8857390707011277, 0.14662173426295522], "k_pid_att": [22.77943271789683, 5.2055822219436445, 0.7729530387593189], "k_pid_yaw": [0.5, 1e-06, 0.1], "k_pid_hsp": [3.382779809430741, 0.8688475145751137, 0.614101663527899], "k_pid_vsp": [103.83385200274904, 347.35460990886895, 49.63364559666835]}, "datetime": {"datetime": "2025-08-14 02:14:45", "elapsed": 59213.148406267166, "delta": 45.23645615577698}, "costs": {"total_cost": 906.1617628118036, "time_cost": 150, "final_distance_cost": 68.96194029225579, "oscillation_cost": 361.0441804125937, "completition_cost": 222.2222222222222, "overshoot_cost": 49.3347457384284, "power_cost": 27.415590283203127, "noise_cost": 27.183083863100386, "n_waypoints_completed": 7, "tot_waypoints": 9}}
{"target": -439.40382597203677, "params": {"k_pid_pos": [1.3118412706540619, 0.548006614576508, 0.5917648525574951], "k_pid_alt": [0.401714021588357, 0.7990556486712521, 0.30381112426273316], "k_pid_att": [10.37049015873136, 0.1383443471743112, 0.9724568738520412], "k_pid_yaw": [0.5, 1e-06, 0.1], "k_pid_hsp": [7.000874160950539, 0.1610530871061836, 0.35356570022005507], "k_pid_vsp": [298.8984090175315, 345.0073163087419, 100.43438253161385]}, "datetime": {"datetime": "2025-08-14 02:15:21", "elapsed": 59249.89445400238, "delta": 36.74604773521423}, "costs": {"total_cost": 439.40382597203677, "time_cost": 110.138, "final_distance_cost": 1.7618630042413652, "oscillation_cost": 206.12521676649573, "completition_cost": 0.0, "overshoot_cost": 62.54398536790059, "power_cost": 30.57038828125, "noise_cost": 28.264372552149098, "n_waypoints_completed": 9, "tot_waypoints": 9}}
{"target": -1539.3014775968916, "params": {"k_pid_pos": [0.9319588295790093, 0.8246799506529446, 0.7254165872420304], "k_pid_alt": [1.5881968193303602, 0.4870950083071549, 0.3065898126450822], "k_pid_att": [11.55003641714194, 0.5674086417543135, 0.16800586499785397], "k_pid_yaw": [0.5, 1e-06, 0.1], "k_pid_hsp": [0.00922632314962513, 0.0033601873193389586, 0.24557356610193737], "k_pid_vsp": [169.6042512378105, 10.5970848966949, 18.154813896917513]}, "datetime": {"datetime": "2025-08-14 02:16:15", "elapsed": 59303.68499970436, "delta": 53.79054570198059}, "costs": {"total_cost": 1539.3014775968916, "time_cost": 150, "final_distance_cost": 94.26446403492177, "oscillation_cost": 465.1141518165145, "completition_cost": 666.6666666666667, "overshoot_cost": 96.13831980615898, "power_cost": 35.529913220214844, "noise_cost": 31.587962052414785, "n_waypoints_completed": 3, "tot_waypoints": 9}}
{"target": -890.2509994844404, "params": {"k_pid_pos": [0.7367030483465203, 0.82328704672281, 0.6673136156153411], "k_pid_alt": [0.7899488313148137, 0.18610047849210676, 0.5228718349491115], "k_pid_att": [11.767943092273214, 9.40651022833416, 0.9697708529429788], "k_pid_yaw": [0.5, 1e-06, 0.1], "k_pid_hsp": [1.7558897863627656, 0.8263195161345247, 0.8847156089072646], "k_pid_vsp": [290.1525271343646, 323.43260110821154, 107.51602465324743]}, "datetime": {"datetime": "2025-08-14 02:16:55", "elapsed": 59343.02220129967, "delta": 39.3372015953064}, "costs": {"total_cost": 890.2509994844404, "time_cost": 150, "final_distance_cost": 65.93994160802508, "oscillation_cost": 219.86783495644838, "completition_cost": 333.33333333333337, "overshoot_cost": 59.05544033492808, "power_cost": 33.65879113769532, "noise_cost": 28.39565811401015, "n_waypoints_completed": 6, "tot_waypoints": 9}}
{"target": -514.1902270857606, "params": {"k_pid_pos": [1.4598400765878525, 0.13277841902389953, 0.887268324138079], "k_pid_alt": [1.0201398615434962, 0.7595879953554169, 0.6011134695702803], "k_pid_att": [15.465235690871438, 4.505467423541797, 0.157632622663069], "k_pid_yaw": [0.5, 1e-06, 0.1], "k_pid_hsp": [3.5929913147277617, 0.22769397852916184, 0.7046073128270605], "k_pid_vsp": [192.2456959375848, 301.0694747405914, 19.46577434842307]}, "datetime": {"datetime": "2025-08-14 02:17:30", "elapsed": 59378.18636798859, "delta": 35.16416668891907}, "costs": {"total_cost": 514.1902270857606, "time_cost": 88.683, "final_distance_cost": 1.7814891871370595, "oscillation_cost": 319.22467218777894, "completition_cost": 0.0, "overshoot_cost": 55.24976636752986, "power_cost": 25.63951112060547, "noise_cost": 23.61178822270934, "n_waypoints_completed": 9, "tot_waypoints": 9}}
{"target": -868.3561686968603, "params": {"k_pid_pos": [1.2872390492167556, 0.865055973956276, 0.03890821829871838], "k_pid_alt": [1.0772746035889527, 0.9224368838659144, 0.3864600356263779], "k_pid_att": [3.5224515912144483, 1.9784105206943021, 0.2871586469886984], "k_pid_yaw": [0.5, 1e-06, 0.1], "k_pid_hsp": [1.8225996733039223, 0.10526166046641683, 0.9772630785511026], "k_pid_vsp": [165.30929779468363, 5.600783880778786, 15.590239526143433]}, "datetime": {"datetime": "2025-08-14 02:18:12", "elapsed": 59420.91305851936, "delta": 42.72669053077698}, "costs": {"total_cost": 868.3561686968603, "time_cost": 150, "final_distance_cost": 73.41184404559857, "oscillation_cost": 173.39888917353596, "completition_cost": 333.33333333333337, "overshoot_cost": 70.13349895271655, "power_cost": 34.86567994384766, "noise_cost": 33.21292324782823, "n_waypoints_completed": 6, "tot_waypoints": 9}}
{"target": -898.7469465695535, "params": {"k_pid_pos": [1.8745518612176053, 0.9635243177983169, 0.29454622494056526], "k_pid_alt": [0.1159830914861053, 0.5785996055639523, 0.5332904940381129], "k_pid_att": [4.99653272340006, 6.964699785697931, 0.5375667656018215], "k_pid_yaw": [0.5, 1e-06, 0.1], "k_pid_hsp": [3.7225106701860633, 0.8245415630867344, 0.3304004005210317], "k_pid_vsp": [304.5366661511737, 333.50916480123533, 94.78994405046727]}, "datetime": {"datetime": "2025-08-14 02:19:01", "elapsed": 59469.712388038635, "delta": 48.79932951927185}, "costs": {"total_cost": 898.7469465695535, "time_cost": 150, "final_distance_cost": 75.61866758065013, "oscillation_cost": 199.73886264323306, "completition_cost": 333.33333333333337, "overshoot_cost": 62.44852983577353, "power_cost": 42.54879431152344, "noise_cost": 35.05875886503998, "n_waypoints_completed": 6, "tot_waypoints": 9}}
{"target": -706.2784840792051, "params": {"k_pid_pos": [1.685521260263689, 0.31038210819821854, 0.26516055275248684], "k_pid_alt": [0.4106551587472058, 0.15637326908737204, 0.29395976125947754], "k_pid_att": [5.981018784886261, 4.576321719053159, 0.29840632435489856], "k_pid_yaw": [0.5, 1e-06, 0.1], "k_pid_hsp": [5.7066112686045125, 0.032225846726045004, 0.34990273992077026], "k_pid_vsp": [191.15632399642206, 309.0863719155969, 9.23372412022666]}, "datetime": {"datetime": "2025-08-14 02:19:40", "elapsed": 59508.13248038292, "delta": 38.42009234428406}, "costs": {"total_cost": 706.2784840792051, "time_cost": 150, "final_distance_cost": 58.36991657084536, "oscillation_cost": 199.76360027460393, "completition_cost": 111.11111111111116, "overshoot_cost": 84.51266883827022, "power_cost": 51.41961192626953, "noise_cost": 51.10157535810475, "n_waypoints_completed": 8, "tot_waypoints": 9}}
{"target": -439.9621479417653, "params": {"k_pid_pos": [1.8603655116453754, 0.5608867990763413, 0.5639796909224374], "k_pid_alt": [1.7974480199222957, 0.5321555473700872, 0.10666003638051813], "k_pid_att": [4.8878518315648485, 8.281680888109538, 0.12891490652182747], "k_pid_yaw": [0.5, 1e-06, 0.1], "k_pid_hsp": [6.7429102296759, 0.3530104111129835, 0.9200832573334172], "k_pid_vsp": [289.28992101474853, 279.2105644764728, 50.955871990860736]}, "datetime": {"datetime": "2025-08-14 02:20:13", "elapsed": 59541.270446538925, "delta": 33.13796615600586}, "costs": {"total_cost": 439.9621479417653, "time_cost": 98.42, "final_distance_cost": 1.7597683257836259, "oscillation_cost": 234.72824021042317, "completition_cost": 0.0, "overshoot_cost": 57.72295986309043, "power_cost": 24.213525708007815, "noise_cost": 23.11765383446028, "n_waypoints_completed": 9, "tot_waypoints": 9}}
{"target": -436.99609875840264, "params": {"k_pid_pos": [1.1517223714970333, 0.5715736522388097, 0.3592826629735745], "k_pid_alt": [1.2678327899947528, 0.677728979065029, 0.15239838001687733], "k_pid_att": [8.808646050614133, 7.339527945111032, 0.696841765885224], "k_pid_yaw": [0.5, 1e-06, 0.1], "k_pid_hsp": [9.336568203079965, 0.37797101517595577, 0.8120913297161356], "k_pid_vsp": [269.78750733542284, 275.5512612388403, 49.840589121124545]}, "datetime": {"datetime": "2025-08-14 02:20:49", "elapsed": 59577.43395471573, "delta": 36.16350817680359}, "costs": {"total_cost": 436.99609875840264, "time_cost": 95.86500000000001, "final_distance_cost": 1.733120879018221, "oscillation_cost": 229.17230292922025, "completition_cost": 0.0, "overshoot_cost": 57.62155202127642, "power_cost": 27.231039916992188, "noise_cost": 25.373083011895517, "n_waypoints_completed": 9, "tot_waypoints": 9}}
{"target": -643.9927319245496, "params": {"k_pid_pos": [0.5978156318961029, 0.8060069529838912, 0.16309257732638383], "k_pid_alt": [1.0808408420091, 0.9770303389203533, 0.5310045551334185], "k_pid_att": [16.21901442697261, 2.373834896257313, 0.9760842835560457], "k_pid_yaw": [0.5, 1e-06, 0.1], "k_pid_hsp": [9.372944860268413, 0.25754900342870224, 0.8686196023686257], "k_pid_vsp": [157.13537023764127, 44.64465577616085, 9.784351476184712]}, "datetime": {"datetime": "2025-08-14 02:21:28", "elapsed": 59616.36911678314, "delta": 38.93516206741333}, "costs": {"total_cost": 643.9927319245496, "time_cost": 150, "final_distance_cost": 53.17172363747354, "oscillation_cost": 202.6503199063926, "completition_cost": 111.11111111111116, "overshoot_cost": 64.37634942953719, "power_cost": 30.294525048828127, "noise_cost": 32.38870279120693, "n_waypoints_completed": 8, "tot_waypoints": 9}}
{"target": -494.60481268963736, "params": {"k_pid_pos": [0.5764716197232017, 0.05178391322570275, 0.2755027313474141], "k_pid_alt": [1.8981162740392392, 0.24831132407648016, 0.19437072622272233], "k_pid_att": [11.138132181818793, 4.935707765474082, 0.9549125498486908], "k_pid_yaw": [0.5, 1e-06, 0.1], "k_pid_hsp": [9.824601093058561, 0.7523476004660968, 0.6289296816727835], "k_pid_vsp": [302.648027458911, 339.8797565170809, 125.74546163484843]}, "datetime": {"datetime": "2025-08-14 02:22:11", "elapsed": 59659.41765975952, "delta": 43.048542976379395}, "costs": {"total_cost": 494.60481268963736, "time_cost": 101.927, "final_distance_cost": 1.8171628428037674, "oscillation_cost": 270.06853041701396, "completition_cost": 0.0, "overshoot_cost": 56.84746941845848, "power_cost": 35.86865089111328, "noise_cost": 28.075999120247833, "n_waypoints_completed": 9, "tot_waypoints": 9}}
{"target": -615.535795244923, "params": {"k_pid_pos": [0.5061237863722955, 0.3919529443000236, 0.3337002853348714], "k_pid_alt": [0.7079339534556757, 0.7605457282793567, 0.2518755146852967], "k_pid_att": [44.38485840381777, 1.3105055918662023, 0.9019841317787987], "k_pid_yaw": [0.5, 1e-06, 0.1], "k_pid_hsp": [6.633531048251241, 0.7904804294033799, 0.5383951146704347], "k_pid_vsp": [214.15871250129226, 273.1277581005872, 43.00135904039831]}, "datetime": {"datetime": "2025-08-14 02:22:48", "elapsed": 59696.25411558151, "delta": 36.83645582199097}, "costs": {"total_cost": 615.535795244923, "time_cost": 117.061, "final_distance_cost": 1.7971772728811237, "oscillation_cost": 370.32431343911566, "completition_cost": 0.0, "overshoot_cost": 62.03997786418945, "power_cost": 34.14716899414063, "noise_cost": 30.166157674595965, "n_waypoints_completed": 9, "tot_waypoints": 9}}
{"target": -1198.2440095896714, "params": {"k_pid_pos": [0.7344003387595401, 0.9541480615495501, 0.38333807078864035], "k_pid_alt": [0.12132954541523056, 0.8539001376591226, 0.3232147667037102], "k_pid_att": [11.456836307153818, 5.86629511301914, 0.5253216604390821], "k_pid_yaw": [0.5, 1e-06, 0.1], "k_pid_hsp": [5.820802025727669, 0.7434852905023843, 0.9590319576900408], "k_pid_vsp": [192.89062481553492, 320.71016663688937, 12.954398421840512]}, "datetime": {"datetime": "2025-08-14 02:23:25", "elapsed": 59733.07486462593, "delta": 36.820749044418335}, "costs": {"total_cost": 1198.2440095896714, "time_cost": 150, "final_distance_cost": 51.55511383594656, "oscillation_cost": 202.05421796379096, "completition_cost": 666.6666666666667, "overshoot_cost": 62.54253568118953, "power_cost": 33.14520026855469, "noise_cost": 32.280275173522995, "n_waypoints_completed": 3, "tot_waypoints": 9}}
{"target": -669.535942319274, "params": {"k_pid_pos": [1.2528069098420935, 0.7944381270150442, 0.7573891069793524], "k_pid_alt": [1.358332327186917, 0.4420851524939675, 0.5222402730258101], "k_pid_att": [32.25550100771517, 1.2857878670151337, 0.030508032110387107], "k_pid_yaw": [0.5, 1e-06, 0.1], "k_pid_hsp": [9.150648748285189, 0.6154571490501195, 0.4090733979710739], "k_pid_vsp": [100.24358191933023, 360.234697321523, 55.921077334844966]}, "datetime": {"datetime": "2025-08-14 02:24:00", "elapsed": 59768.23726439476, "delta": 35.162399768829346}, "costs": {"total_cost": 669.535942319274, "time_cost": 103.488, "final_distance_cost": 1.7394185798769588, "oscillation_cost": 462.94164964305924, "completition_cost": 0.0, "overshoot_cost": 52.9839057748273, "power_cost": 24.632581384277344, "noise_cost": 23.750386937233067, "n_waypoints_completed": 9, "tot_waypoints": 9}}
{"target": -974.989675460306, "params": {"k_pid_pos": [0.9717847168036852, 0.229778217003216, 0.9368952211744328], "k_pid_alt": [0.024710032718104458, 0.4697350487938813, 0.8891904570423126], "k_pid_att": [25.254768711168573, 9.602262186531636, 0.07820045978719825], "k_pid_yaw": [0.5, 1e-06, 0.1], "k_pid_hsp": [6.080975351094083, 0.4428692266329757, 0.8852200513358176], "k_pid_vsp": [296.5057888517699, 317.2165234580429, 83.06643808809963]}, "datetime": {"datetime": "2025-08-14 02:24:39", "elapsed": 59807.531785964966, "delta": 39.29452157020569}, "costs": {"total_cost": 974.989675460306, "time_cost": 150, "final_distance_cost": 58.82056865300506, "oscillation_cost": 539.6252252786614, "completition_cost": 111.11111111111116, "overshoot_cost": 61.8286254236921, "power_cost": 25.626881738281252, "noise_cost": 27.97726325555505, "n_waypoints_completed": 8, "tot_waypoints": 9}}
{"target": -622.6252431297288, "params": {"k_pid_pos": [1.6717249233008091, 0.30493653385570807, 0.3076007325598852], "k_pid_alt": [1.5308900542214992, 0.9188528654303076, 0.470223753234313], "k_pid_att": [7.8923688361175355, 3.992801539315364, 0.035166495108720386], "k_pid_yaw": [0.5, 1e-06, 0.1], "k_pid_hsp": [7.805192649220165, 0.463138246259411, 0.13945687779485427], "k_pid_vsp": [297.35450460407947, 343.5752332414377, 112.09513612493164]}, "datetime": {"datetime": "2025-08-14 02:25:21", "elapsed": 59849.38690137863, "delta": 41.85511541366577}, "costs": {"total_cost": 622.6252431297288, "time_cost": 112.441, "final_distance_cost": 1.7712197934341563, "oscillation_cost": 349.9508220338596, "completition_cost": 0.0, "overshoot_cost": 74.6929537017115, "power_cost": 45.07584078369141, "noise_cost": 38.693406817032155, "n_waypoints_completed": 9, "tot_waypoints": 9}}
{"target": -305.0023205036158, "params": {"k_pid_pos": [1.7575168012499243, 0.38668001840741306, 0.17542594056738858], "k_pid_alt": [0.7897753647802541, 0.42633554120831296, 0.2425518180104509], "k_pid_att": [3.154608089418798, 1.791282374543392, 0.622081953996261], "k_pid_yaw": [0.5, 1e-06, 0.1], "k_pid_hsp": [7.320670045913739, 0.5862964869594188, 0.9109588801984221], "k_pid_vsp": [316.0966599761779, 341.6018009964492, 116.613279253369]}, "datetime": {"datetime": "2025-08-14 02:25:58", "elapsed": 59886.56202626228, "delta": 37.17512488365173}, "costs": {"total_cost": 305.0023205036158, "time_cost": 87.164, "final_distance_cost": 1.7711823074013262, "oscillation_cost": 111.99905609503934, "completition_cost": 0.0, "overshoot_cost": 61.023870934862714, "power_cost": 22.865070349121094, "noise_cost": 20.179140817191367, "n_waypoints_completed": 9, "tot_waypoints": 9}}
{"target": -296.5022681738842, "params": {"k_pid_pos": [1.1976401570485808, 0.0018985957795342179, 0.7663299327394086], "k_pid_alt": [0.39351365532218585, 0.601622634023485, 0.9911733656860938], "k_pid_att": [7.092093472413463, 1.3052040562990814, 0.6771732754564957], "k_pid_yaw": [0.5, 1e-06, 0.1], "k_pid_hsp": [5.616396076897521, 0.9608274858611496, 0.06352337060047375], "k_pid_vsp": [295.24378163608753, 338.46919046829265, 101.9194486307133]}, "datetime": {"datetime": "2025-08-14 02:26:31", "elapsed": 59919.178520441055, "delta": 32.61649417877197}, "costs": {"total_cost": 296.5022681738842, "time_cost": 95.473, "final_distance_cost": 1.77301633294559, "oscillation_cost": 86.89233021842436, "completition_cost": 0.0, "overshoot_cost": 60.876305027928176, "power_cost": 27.401078088378906, "noise_cost": 24.0865385062072, "n_waypoints_completed": 9, "tot_waypoints": 9}}
