{"target": -496.7712419164766, "params": {"k_pid_pos": [1.5024985758066673, 0.14983274730200624, 0.37829902265491433], "k_pid_alt": [1.6648054156772951, 0.6517476950882557, 0.12613082592934222], "k_pid_att": [2.0890198904520263, 8.979725078133486, 0.6815182857624807], "k_pid_yaw": [0.5, 1e-06, 0.1], "k_pid_hsp": [5.060704217071813, 0.20400468072934175, 0.0006974893326557874], "k_pid_vsp": [298.1170107967853, 309.22290310823274, 119.81674357272429]}, "datetime": {"datetime": "2025-08-14 03:45:35", "elapsed": 64663.021864414215, "delta": 38.32553148269653}, "costs": {"total_cost": 496.7712419164766, "time_cost": 105.021, "final_distance_cost": 1.8060133132987637, "oscillation_cost": 270.89371236930043, "completition_cost": 0.0, "overshoot_cost": 59.285139931509065, "power_cost": 33.69678431396485, "noise_cost": 26.06859198840345, "n_waypoints_completed": 9, "tot_waypoints": 9}}
{"target": -797.58743336286, "params": {"k_pid_pos": [0.6203066044340353, 0.31321270701479365, 0.5404527423151186], "k_pid_alt": [1.0467384994062652, 0.5609172621209425, 0.4012422726944582], "k_pid_att": [8.523349017383996, 4.288971086176777, 0.9510372846274624], "k_pid_yaw": [0.5, 1e-06, 0.1], "k_pid_hsp": [4.76819328909788, 0.12267267502878021, 0.950435936116407], "k_pid_vsp": [295.2593346894261, 278.7106021106654, 69.04302335162733]}, "datetime": {"datetime": "2025-08-14 03:46:30", "elapsed": 64718.15707206726, "delta": 55.135207653045654}, "costs": {"total_cost": 797.58743336286, "time_cost": 150, "final_distance_cost": 64.8314580702911, "oscillation_cost": 250.04630599918943, "completition_cost": 222.2222222222222, "overshoot_cost": 50.86962638057909, "power_cost": 31.09337390136719, "noise_cost": 28.524446789210938, "n_waypoints_completed": 7, "tot_waypoints": 9}}
{"target": -1130.494133931824, "params": {"k_pid_pos": [0.4265464259550626, 0.7389438852564172, 0.8412760229978038], "k_pid_alt": [1.7494219795002885, 0.2729116855849031, 0.3008756207503911], "k_pid_att": [16.84507735071107, 3.7242310804985506, 0.31424657821368696], "k_pid_yaw": [0.5, 1e-06, 0.1], "k_pid_hsp": [2.7539286266246044, 0.3113869618956413, 0.9946302071197688], "k_pid_vsp": [203.20679793621775, 297.88246078187575, 19.52967894698654]}, "datetime": {"datetime": "2025-08-14 03:47:11", "elapsed": 64759.49492406845, "delta": 41.337852001190186}, "costs": {"total_cost": 1130.494133931824, "time_cost": 150, "final_distance_cost": 60.90154168956598, "oscillation_cost": 465.60429301448914, "completition_cost": 333.33333333333337, "overshoot_cost": 52.40265387387288, "power_cost": 36.641799951171876, "noise_cost": 31.61051206939068, "n_waypoints_completed": 6, "tot_waypoints": 9}}
{"target": -447.57470583445297, "params": {"k_pid_pos": [1.3027542761428883, 0.45208418156901786, 0.37282776007757057], "k_pid_alt": [0.3833248310079551, 0.734854549841324, 0.051937457348010474], "k_pid_att": [5.567758571499359, 9.483803240008966, 0.6284854171556923], "k_pid_yaw": [0.5, 1e-06, 0.1], "k_pid_hsp": [4.380940310252513, 0.8180581036662787, 0.5812256647533794], "k_pid_vsp": [306.4678851842645, 333.876963057353, 111.23081327147504]}, "datetime": {"datetime": "2025-08-14 03:47:51", "elapsed": 64799.017778635025, "delta": 39.5228545665741}, "costs": {"total_cost": 447.57470583445297, "time_cost": 113.561, "final_distance_cost": 1.7866048857584877, "oscillation_cost": 206.1585656208222, "completition_cost": 0.0, "overshoot_cost": 68.73587816038805, "power_cost": 31.001183227539062, "noise_cost": 26.33147393994518, "n_waypoints_completed": 9, "tot_waypoints": 9}}
{"target": -775.3224606135648, "params": {"k_pid_pos": [1.0373393089611653, 0.9152455405809538, 0.15297159425863738], "k_pid_alt": [1.2444437111444937, 0.6552692540387622, 0.43414620708806695], "k_pid_att": [23.572246864910706, 5.0434158295638, 0.034199401257845596], "k_pid_yaw": [0.5, 1e-06, 0.1], "k_pid_hsp": [5.583024815625331, 0.26606056376192255, 0.5634194366365018], "k_pid_vsp": [296.3000501908004, 332.1293370149156, 65.08773273269786]}, "datetime": {"datetime": "2025-08-14 03:48:31", "elapsed": 64839.959129571915, "delta": 40.94135093688965}, "costs": {"total_cost": 775.3224606135648, "time_cost": 150, "final_distance_cost": 58.36558608729504, "oscillation_cost": 217.59506604397976, "completition_cost": 222.2222222222222, "overshoot_cost": 66.8140884841432, "power_cost": 31.74624324951172, "noise_cost": 28.579254526412754, "n_waypoints_completed": 7, "tot_waypoints": 9}}
{"target": -620.7171915254025, "params": {"k_pid_pos": [0.6709288249440588, 0.07944295757413122, 0.7327633146508853], "k_pid_alt": [0.30578522131966723, 0.9946740576968209, 0.7251167633047866], "k_pid_att": [23.387419417551403, 9.210890387620369, 0.46999900740699563], "k_pid_yaw": [0.5, 1e-06, 0.1], "k_pid_hsp": [9.181044491028882, 0.7639021193642328, 0.6493144197064339], "k_pid_vsp": [304.006279994623, 335.3019480728528, 95.43390150547783]}, "datetime": {"datetime": "2025-08-14 03:49:26", "elapsed": 64894.79224014282, "delta": 54.83311057090759}, "costs": {"total_cost": 620.7171915254025, "time_cost": 102.55, "final_distance_cost": 1.8088519465030382, "oscillation_cost": 399.6271795248761, "completition_cost": 0.0, "overshoot_cost": 64.1756284002266, "power_cost": 27.744444653320315, "noise_cost": 24.811087000476515, "n_waypoints_completed": 9, "tot_waypoints": 9}}
{"target": -1099.4102520301758, "params": {"k_pid_pos": [0.2839356414387104, 0.7163947064612199, 0.960801367855757], "k_pid_alt": [1.4713715537660383, 0.018147339519139827, 0.6200340070521175], "k_pid_att": [8.366217180469027, 6.264522423905553, 0.6671947479848109], "k_pid_yaw": [0.5, 1e-06, 0.1], "k_pid_hsp": [5.878913694925666, 0.017773182456399028, 0.7110937710589319], "k_pid_vsp": [300.82955397184554, 343.3182488614208, 86.40024371727212]}, "datetime": {"datetime": "2025-08-14 03:50:09", "elapsed": 64937.26487135887, "delta": 42.472631216049194}, "costs": {"total_cost": 1099.4102520301758, "time_cost": 150, "final_distance_cost": 43.70605309770794, "oscillation_cost": 249.09750129422642, "completition_cost": 555.5555555555555, "overshoot_cost": 42.73862005844724, "power_cost": 31.327819104003908, "noise_cost": 26.984702920234604, "n_waypoints_completed": 4, "tot_waypoints": 9}}
{"target": -853.9305758161123, "params": {"k_pid_pos": [1.3512072326125402, 0.5417550730465185, 0.6907286686610447], "k_pid_alt": [0.6640826410431266, 0.6300648909933971, 0.49553772315753], "k_pid_att": [22.89816862201115, 5.726864887841429, 0.07439763692313417], "k_pid_yaw": [0.5, 1e-06, 0.1], "k_pid_hsp": [8.355907269713748, 0.06697214386785766, 0.015831781331105188], "k_pid_vsp": [312.1002088597695, 349.84684335380894, 101.2198320120295]}, "datetime": {"datetime": "2025-08-14 03:50:51", "elapsed": 64978.990468502045, "delta": 41.72559714317322}, "costs": {"total_cost": 853.9305758161123, "time_cost": 150, "final_distance_cost": 8.426167319975914, "oscillation_cost": 437.1209142658193, "completition_cost": 111.11111111111116, "overshoot_cost": 66.3358658850838, "power_cost": 45.64046861572266, "noise_cost": 35.296048618399475, "n_waypoints_completed": 8, "tot_waypoints": 9}}
{"target": -438.27008578541364, "params": {"k_pid_pos": [1.8300572366905383, 0.9468637017925481, 0.4256547156624241], "k_pid_alt": [1.9920434226668957, 0.3822527637842247, 0.09707280733585555], "k_pid_att": [16.983954661092405, 3.794937345478325, 0.4906982631218476], "k_pid_yaw": [0.5, 1e-06, 0.1], "k_pid_hsp": [7.200537757912457, 0.5538366249075835, 0.15900742469460705], "k_pid_vsp": [281.3354017516257, 341.7611942776133, 112.32530443577573]}, "datetime": {"datetime": "2025-08-14 03:51:31", "elapsed": 65019.33535885811, "delta": 40.34489035606384}, "costs": {"total_cost": 438.27008578541364, "time_cost": 115.262, "final_distance_cost": 1.7409099263921124, "oscillation_cost": 209.31916156103298, "completition_cost": 0.0, "overshoot_cost": 58.941361973011354, "power_cost": 27.200877954101564, "noise_cost": 25.805774370875643, "n_waypoints_completed": 9, "tot_waypoints": 9}}
{"target": -485.7961317845263, "params": {"k_pid_pos": [1.271556846073491, 0.24636589438565204, 0.018436663742458892], "k_pid_alt": [1.1746634974283208, 0.6283924677566902, 0.3312878021808956], "k_pid_att": [23.00390252837261, 9.583327241884536, 0.16925910339992534], "k_pid_yaw": [0.5, 1e-06, 0.1], "k_pid_hsp": [7.666721300568784, 0.721291573377161, 0.5230242136809062], "k_pid_vsp": [304.90732444936026, 319.9484644393962, 81.0655730082189]}, "datetime": {"datetime": "2025-08-14 03:52:13", "elapsed": 65061.53557038307, "delta": 42.20021152496338}, "costs": {"total_cost": 485.7961317845263, "time_cost": 88.06700000000001, "final_distance_cost": 1.7347422161334027, "oscillation_cost": 294.1308680026429, "completition_cost": 0.0, "overshoot_cost": 53.61758789995965, "power_cost": 24.635974755859376, "noise_cost": 23.609958909931024, "n_waypoints_completed": 9, "tot_waypoints": 9}}
{"target": -495.0973283342775, "params": {"k_pid_pos": [0.7636447217629498, 0.8537756122572209, 0.12421466815697502], "k_pid_alt": [0.9125635166759702, 0.13216692765504934, 0.5467212228866126], "k_pid_att": [21.750514730454952, 7.572336532164038, 0.676144012617804], "k_pid_yaw": [0.5, 1e-06, 0.1], "k_pid_hsp": [9.093021363687942, 0.9963933467094681, 0.20109755321096456], "k_pid_vsp": [301.3158081539947, 326.0159923121157, 66.39248555338695]}, "datetime": {"datetime": "2025-08-14 03:52:54", "elapsed": 65101.97680807114, "delta": 40.441237688064575}, "costs": {"total_cost": 495.0973283342775, "time_cost": 119.25200000000001, "final_distance_cost": 1.767019906608425, "oscillation_cost": 249.28085073504775, "completition_cost": 0.0, "overshoot_cost": 57.550313510093495, "power_cost": 36.23784656982422, "noise_cost": 31.00929761270363, "n_waypoints_completed": 9, "tot_waypoints": 9}}
{"target": -966.4283353505966, "params": {"k_pid_pos": [0.41808416311297353, 0.25521656780829083, 0.69447508435512], "k_pid_alt": [0.664492712431832, 0.7746878375980186, 0.6820520495193794], "k_pid_att": [16.971570123980996, 7.95494919643339, 0.4788015652342521], "k_pid_yaw": [0.5, 1e-06, 0.1], "k_pid_hsp": [8.371209196434501, 0.665687886352072, 0.46793737296267757], "k_pid_vsp": [295.63891294995966, 328.5174714989182, 90.69087902404986]}, "datetime": {"datetime": "2025-08-14 03:53:35", "elapsed": 65143.84889006615, "delta": 41.872081995010376}, "costs": {"total_cost": 966.4283353505966, "time_cost": 150, "final_distance_cost": 67.72278375774809, "oscillation_cost": 414.83567553967134, "completition_cost": 222.2222222222222, "overshoot_cost": 52.370734618452644, "power_cost": 30.28007664794922, "noise_cost": 28.996842564553216, "n_waypoints_completed": 7, "tot_waypoints": 9}}
{"target": -429.67229517795187, "params": {"k_pid_pos": [1.871998410194997, 0.6160862663977265, 0.6979809548967516], "k_pid_alt": [0.9371214179600276, 0.949116443432983, 0.12324255682237473], "k_pid_att": [15.218452191741981, 0.13194147495362865, 0.9796190452882719], "k_pid_yaw": [0.5, 1e-06, 0.1], "k_pid_hsp": [9.770109554150807, 0.7289684194446208, 0.39899603736551037], "k_pid_vsp": [188.67742955425743, 33.04157922278431, 9.388697562875569]}, "datetime": {"datetime": "2025-08-14 03:54:14", "elapsed": 65182.06206655502, "delta": 38.21317648887634}, "costs": {"total_cost": 429.67229517795187, "time_cost": 106.799, "final_distance_cost": 1.7683814254104193, "oscillation_cost": 205.51587483539043, "completition_cost": 0.0, "overshoot_cost": 62.28022088439884, "power_cost": 24.190009313964843, "noise_cost": 29.11880871878739, "n_waypoints_completed": 9, "tot_waypoints": 9}}
{"target": -850.532499417646, "params": {"k_pid_pos": [0.141209101331638, 0.26386049363932407, 0.07553834662498271], "k_pid_alt": [1.9719930969016557, 0.6683068839211025, 0.5168561859637119], "k_pid_att": [9.978735583339182, 7.975841283363863, 0.8428323847392042], "k_pid_yaw": [0.5, 1e-06, 0.1], "k_pid_hsp": [6.066901583522655, 0.8300585584397983, 0.5520806266500115], "k_pid_vsp": [178.03332169684802, 27.157609361145273, 6.623189254739072]}, "datetime": {"datetime": "2025-08-14 03:55:01", "elapsed": 65229.29133653641, "delta": 47.22926998138428}, "costs": {"total_cost": 850.532499417646, "time_cost": 150, "final_distance_cost": 74.39144717798742, "oscillation_cost": 187.16923175539168, "completition_cost": 333.33333333333337, "overshoot_cost": 50.92600055239898, "power_cost": 23.473483618164064, "noise_cost": 31.239002980370547, "n_waypoints_completed": 6, "tot_waypoints": 9}}
{"target": -706.287847993275, "params": {"k_pid_pos": [0.9640423543424466, 0.9416998494571506, 0.5411437211141623], "k_pid_alt": [1.2129851348363319, 0.30442642404334896, 0.2958111559977177], "k_pid_att": [24.626527175418932, 7.916378999351454, 0.6564864804113395], "k_pid_yaw": [0.5, 1e-06, 0.1], "k_pid_hsp": [0.6603687389995564, 0.9544486664519252, 0.23893078629382847], "k_pid_vsp": [252.28467155497438, 262.72650095289987, 56.670454617074924]}, "datetime": {"datetime": "2025-08-14 03:55:43", "elapsed": 65271.51352739334, "delta": 42.222190856933594}, "costs": {"total_cost": 706.287847993275, "time_cost": 150, "final_distance_cost": 64.94312403635631, "oscillation_cost": 139.07370384356278, "completition_cost": 222.2222222222222, "overshoot_cost": 66.71606103145434, "power_cost": 33.889577685546875, "noise_cost": 29.443159174132457, "n_waypoints_completed": 7, "tot_waypoints": 9}}
{"target": -471.9495710759255, "params": {"k_pid_pos": [1.4612982024218202, 0.4610295960093794, 0.7308411181699958], "k_pid_alt": [0.1785811053064419, 0.27450999442531265, 0.5765642085526256], "k_pid_att": [12.66735295475484, 0.5991924941346957, 0.8543100121614505], "k_pid_yaw": [0.5, 1e-06, 0.1], "k_pid_hsp": [6.2854282087620685, 0.8625522406378622, 0.711189427872358], "k_pid_vsp": [163.76332836540342, 35.918801053188936, 4.432138473673851]}, "datetime": {"datetime": "2025-08-14 03:56:22", "elapsed": 65310.65771508217, "delta": 39.144187688827515}, "costs": {"total_cost": 471.9495710759255, "time_cost": 109.151, "final_distance_cost": 1.7561535696089947, "oscillation_cost": 243.26881794843598, "completition_cost": 0.0, "overshoot_cost": 62.07097428385138, "power_cost": 25.050833935546876, "noise_cost": 30.651791338482237, "n_waypoints_completed": 9, "tot_waypoints": 9}}
{"target": -948.1073277941922, "params": {"k_pid_pos": [1.6640182493431919, 0.799519927492017, 0.10913172250969705], "k_pid_alt": [0.1867054096313423, 0.6091909331970147, 0.023557224068538996], "k_pid_att": [28.68259873378769, 3.0738924230902565, 0.9763876844183379], "k_pid_yaw": [0.5, 1e-06, 0.1], "k_pid_hsp": [9.480013334306992, 0.562274424559821, 0.36151678752518646], "k_pid_vsp": [94.63540453837744, 361.86432617269793, 56.75834722057137]}, "datetime": {"datetime": "2025-08-14 03:57:07", "elapsed": 65355.751702308655, "delta": 45.093987226486206}, "costs": {"total_cost": 948.1073277941922, "time_cost": 150, "final_distance_cost": 47.72110900865336, "oscillation_cost": 174.72052908832262, "completition_cost": 444.4444444444444, "overshoot_cost": 65.27000517204092, "power_cost": 33.537109106445314, "noise_cost": 32.41413097428566, "n_waypoints_completed": 5, "tot_waypoints": 9}}
{"target": -1152.6999702341736, "params": {"k_pid_pos": [0.8638498565812807, 0.829024398258179, 0.5991799260774836], "k_pid_alt": [0.41157697143084304, 0.7265312281477524, 0.7414424934266676], "k_pid_att": [45.28346906376396, 4.8640098538268575, 0.3385010062574062], "k_pid_yaw": [0.5, 1e-06, 0.1], "k_pid_hsp": [4.305933549695403, 0.8664342549225625, 0.6402078266723585], "k_pid_vsp": [229.3891960778691, 280.27566738839295, 38.96455475119523]}, "datetime": {"datetime": "2025-08-14 03:57:49", "elapsed": 65397.83619451523, "delta": 42.084492206573486}, "costs": {"total_cost": 1152.6999702341736, "time_cost": 150, "final_distance_cost": 51.793216822222526, "oscillation_cost": 377.16818173801096, "completition_cost": 444.4444444444444, "overshoot_cost": 51.93682423775581, "power_cost": 42.230110607910156, "noise_cost": 35.127192383829886, "n_waypoints_completed": 5, "tot_waypoints": 9}}
{"target": -479.3383405151335, "params": {"k_pid_pos": [1.4289776104632028, 0.7569225824655308, 0.2762956695233648], "k_pid_alt": [0.9327815911079362, 0.4518196546809603, 0.23826521994954342], "k_pid_att": [57.92196803852207, 3.2867839353061323, 0.5440063297497522], "k_pid_yaw": [0.5, 1e-06, 0.1], "k_pid_hsp": [5.003588939410703, 0.12743958921899323, 0.12824190279891678], "k_pid_vsp": [71.29056573487453, 363.2115813544844, 42.10561085581488]}, "datetime": {"datetime": "2025-08-14 03:58:25", "elapsed": 65433.50733971596, "delta": 35.67114520072937}, "costs": {"total_cost": 479.3383405151335, "time_cost": 89.824, "final_distance_cost": 1.7934083388214526, "oscillation_cost": 285.40071129507265, "completition_cost": 0.0, "overshoot_cost": 54.94242194485656, "power_cost": 24.943216760253907, "noise_cost": 22.4345821761289, "n_waypoints_completed": 9, "tot_waypoints": 9}}
{"target": -790.0924523285871, "params": {"k_pid_pos": [1.7038215762033284, 0.9532404093041663, 0.06686030746734328], "k_pid_alt": [0.7928012387838814, 0.8190831003757544, 0.37515455939213416], "k_pid_att": [8.5167343645433, 5.154310603679079, 0.3779135664465798], "k_pid_yaw": [0.5, 1e-06, 0.1], "k_pid_hsp": [3.253143034847437, 0.40862411103086105, 0.15248932032301388], "k_pid_vsp": [181.9637972073688, 316.6141602005249, 24.10169791245239]}, "datetime": {"datetime": "2025-08-14 03:59:12", "elapsed": 65480.24568653107, "delta": 46.73834681510925}, "costs": {"total_cost": 790.0924523285871, "time_cost": 150, "final_distance_cost": 67.64973828567152, "oscillation_cost": 111.00788981368858, "completition_cost": 333.33333333333337, "overshoot_cost": 63.72193169136741, "power_cost": 32.884179638671874, "noise_cost": 31.49537956585431, "n_waypoints_completed": 6, "tot_waypoints": 9}}
{"target": -589.4166319599649, "params": {"k_pid_pos": [1.8939196555731084, 0.14815688902092072, 0.8939435796546358], "k_pid_alt": [1.795574697479034, 0.49336278988283633, 0.5007462215599612], "k_pid_att": [46.39255177148157, 8.674703144449378, 0.3594593293832523], "k_pid_yaw": [0.5, 1e-06, 0.1], "k_pid_hsp": [7.660044904502908, 0.21497604248105073, 0.15630413392670728], "k_pid_vsp": [97.48330034283703, 357.252013743173, 44.92710454237678]}, "datetime": {"datetime": "2025-08-14 03:59:59", "elapsed": 65527.52938294411, "delta": 47.28369641304016}, "costs": {"total_cost": 589.4166319599649, "time_cost": 95.193, "final_distance_cost": 1.7919712288862937, "oscillation_cost": 367.74762513162216, "completition_cost": 0.0, "overshoot_cost": 59.5521483214612, "power_cost": 34.777359033203126, "noise_cost": 30.354528244792153, "n_waypoints_completed": 9, "tot_waypoints": 9}}
{"target": -1939.4667305873154, "params": {"k_pid_pos": [0.7983745421539221, 0.9432682402391513, 0.9112172681938245], "k_pid_alt": [0.5078472873969122, 0.5566794899705853, 0.9045809887662001], "k_pid_att": [0.6505150169670237, 2.6606956879065513, 0.7469458084748133], "k_pid_yaw": [0.5, 1e-06, 0.1], "k_pid_hsp": [0.6361419853439786, 0.9247845274948513, 0.975511059340564], "k_pid_vsp": [298.6705458888938, 355.5080301949877, 111.76121160264452]}, "datetime": {"datetime": "2025-08-14 04:00:41", "elapsed": 65569.23519015312, "delta": 41.70580720901489}, "costs": {"total_cost": 1939.4667305873154, "time_cost": 150, "final_distance_cost": 21.689636807833924, "oscillation_cost": 429.9588675742047, "completition_cost": 1000.0, "overshoot_cost": 150.69766850777634, "power_cost": 57.38495283203125, "noise_cost": 129.73560486546916, "n_waypoints_completed": 0, "tot_waypoints": 9}}
{"target": -426.5069619824462, "params": {"k_pid_pos": [1.48716915263771, 0.7696176355315751, 0.9185676931843136], "k_pid_alt": [1.7640830445486706, 0.28564895519818045, 0.37355431453625965], "k_pid_att": [8.818504548087924, 1.5418840895134927, 0.2701675831434214], "k_pid_yaw": [0.5, 1e-06, 0.1], "k_pid_hsp": [1.6055257839067925, 0.46213764819165626, 0.13316183077897714], "k_pid_vsp": [302.2333881445617, 331.2158034632932, 99.12586361918088]}, "datetime": {"datetime": "2025-08-14 04:01:18", "elapsed": 65606.07289147377, "delta": 36.83770132064819}, "costs": {"total_cost": 426.5069619824462, "time_cost": 101.633, "final_distance_cost": 1.7883451562882318, "oscillation_cost": 213.12173322330355, "completition_cost": 0.0, "overshoot_cost": 53.696696736201964, "power_cost": 30.41345245361328, "noise_cost": 25.85373441303927, "n_waypoints_completed": 9, "tot_waypoints": 9}}
{"target": -487.85486146988086, "params": {"k_pid_pos": [1.7419632618808008, 0.7416931244395977, 0.5987074207543805], "k_pid_alt": [0.31741944913873876, 0.021691520077820603, 0.07774979702290352], "k_pid_att": [23.490329264310194, 0.22173999423189514, 0.5229387090278786], "k_pid_yaw": [0.5, 1e-06, 0.1], "k_pid_hsp": [6.9047952781819175, 0.4799445277104326, 0.28711594527997897], "k_pid_vsp": [105.79953608917303, 353.51119828266866, 55.85272103142482]}, "datetime": {"datetime": "2025-08-14 04:02:07", "elapsed": 65655.8539056778, "delta": 49.78101420402527}, "costs": {"total_cost": 487.85486146988086, "time_cost": 105.266, "final_distance_cost": 1.8198035214979758, "oscillation_cost": 273.0525782057106, "completition_cost": 0.0, "overshoot_cost": 53.42756654148391, "power_cost": 28.818613623046875, "noise_cost": 25.470299578141567, "n_waypoints_completed": 9, "tot_waypoints": 9}}
