{"target": -445.63144458660764, "params": {"k_pid_pos": [0.5265101893622786, 0.056633854345093715, 0.6509287695079649], "k_pid_alt": [1.4138697602878654, 0.6015420820223444, 0.24222591036917285], "k_pid_att": [16.338927586722164, 1.198807687404979, 0.35455255183615], "k_pid_yaw": [0.5, 1e-06, 0.1], "k_pid_hsp": [4.612644922185475, 0.3283404249407479, 0.332952340565124], "k_pid_vsp": [307.3473179878311, 343.2613721728473, 128.80512499009018]}, "datetime": {"datetime": "2025-08-13 22:41:13", "elapsed": 46401.116923093796, "delta": 30.35856294631958}, "costs": {"total_cost": 445.63144458660764, "time_cost": 87.479, "final_distance_cost": 1.8068263312647752, "oscillation_cost": 258.41478483448253, "completition_cost": 0.0, "overshoot_cost": 53.7634517268485, "power_cost": 22.819795532226564, "noise_cost": 21.34758616178519, "n_waypoints_completed": 9, "tot_waypoints": 9}}
{"target": -747.8415041343385, "params": {"k_pid_pos": [0.5303064656832798, 0.7058646128977148, 0.335684928286172], "k_pid_alt": [0.33782209462271906, 0.8557915115232516, 0.3733201429260924], "k_pid_att": [12.88123055384337, 6.451498617562512, 0.772206538804627], "k_pid_yaw": [0.5, 1e-06, 0.1], "k_pid_hsp": [9.665291150455035, 0.9083833589239197, 0.008208868508506884], "k_pid_vsp": [173.93607756968743, 12.223395673352496, 27.546988252762034]}, "datetime": {"datetime": "2025-08-13 22:41:52", "elapsed": 46440.95542049408, "delta": 39.83849740028381}, "costs": {"total_cost": 747.8415041343385, "time_cost": 150, "final_distance_cost": 82.86630808183432, "oscillation_cost": 67.22914126533529, "completition_cost": 333.33333333333337, "overshoot_cost": 57.62807641907271, "power_cost": 27.816683544921876, "noise_cost": 28.96796148984097, "n_waypoints_completed": 6, "tot_waypoints": 9}}
{"target": -332.63658934631246, "params": {"k_pid_pos": [1.252062635186707, 0.14982894904203592, 0.3154685400310939], "k_pid_alt": [0.5886088038005481, 0.8957863519666156, 0.9903550098824593], "k_pid_att": [9.908825107073271, 9.8595464270143, 0.9112138369467628], "k_pid_yaw": [0.5, 1e-06, 0.1], "k_pid_hsp": [8.51577949796276, 0.9634058148300233, 0.10079734436296106], "k_pid_vsp": [314.55198554646154, 332.8310116736372, 100.76756901477808]}, "datetime": {"datetime": "2025-08-13 22:42:22", "elapsed": 46470.83202672005, "delta": 29.876606225967407}, "costs": {"total_cost": 332.63658934631246, "time_cost": 96.474, "final_distance_cost": 1.7803155366819434, "oscillation_cost": 116.71738185728832, "completition_cost": 0.0, "overshoot_cost": 61.612270212677196, "power_cost": 30.546569433593753, "noise_cost": 25.50605230607128, "n_waypoints_completed": 9, "tot_waypoints": 9}}
{"target": -260.4232554829046, "params": {"k_pid_pos": [1.6371604822702754, 0.12905734801236374, 0.22614535741234748], "k_pid_alt": [1.4490207722649342, 0.6287298660099357, 0.21735658483508014], "k_pid_att": [8.26843125479253, 6.354893412278019, 0.6095831817793999], "k_pid_yaw": [0.5, 1e-06, 0.1], "k_pid_hsp": [6.477683736582153, 0.31930948381451024, 0.10703831276836219], "k_pid_vsp": [302.19637884467437, 335.05508325992565, 96.19059469700429]}, "datetime": {"datetime": "2025-08-13 22:42:49", "elapsed": 46497.281047582626, "delta": 26.449020862579346}, "costs": {"total_cost": 260.4232554829046, "time_cost": 75.243, "final_distance_cost": 1.7476205440552441, "oscillation_cost": 95.62100387808236, "completition_cost": 0.0, "overshoot_cost": 51.2661175602928, "power_cost": 18.808200158691406, "noise_cost": 17.737313341782794, "n_waypoints_completed": 9, "tot_waypoints": 9}}
{"target": -744.3023053691933, "params": {"k_pid_pos": [0.6748679859256621, 0.8378318162239746, 0.6378974277587418], "k_pid_alt": [0.5303813895559213, 0.19036500804283307, 0.40683526745059795], "k_pid_att": [15.758138491012064, 7.797353832191295, 0.9255319409867481], "k_pid_yaw": [0.5, 1e-06, 0.1], "k_pid_hsp": [2.5066549818533073, 0.94838915057761, 0.9577934013174324], "k_pid_vsp": [293.9295420985683, 282.75265403725524, 68.43017636725895]}, "datetime": {"datetime": "2025-08-13 22:43:25", "elapsed": 46533.90122747421, "delta": 36.620179891586304}, "costs": {"total_cost": 744.3023053691933, "time_cost": 150, "final_distance_cost": 63.13953333569766, "oscillation_cost": 192.85365451433296, "completition_cost": 222.2222222222222, "overshoot_cost": 56.9857738357053, "power_cost": 31.275229724121097, "noise_cost": 27.82589173711408, "n_waypoints_completed": 7, "tot_waypoints": 9}}
{"target": -893.3601400583552, "params": {"k_pid_pos": [1.086794471838242, 0.8919864882957129, 0.41677431256315656], "k_pid_alt": [0.36573470621567683, 0.22017689158897424, 0.3903084876862034], "k_pid_att": [51.68879710676296, 0.08664309478475116, 0.488044944304317], "k_pid_yaw": [0.5, 1e-06, 0.1], "k_pid_hsp": [9.63648624631982, 0.8672135579768631, 0.7671195951489641], "k_pid_vsp": [83.76770349607328, 348.2947052508476, 39.51101063486635]}, "datetime": {"datetime": "2025-08-13 22:44:05", "elapsed": 46573.22798418999, "delta": 39.326756715774536}, "costs": {"total_cost": 893.3601400583552, "time_cost": 150, "final_distance_cost": 64.4472347684997, "oscillation_cost": 340.6278139701391, "completition_cost": 222.2222222222222, "overshoot_cost": 50.29380375660268, "power_cost": 36.01883919677734, "noise_cost": 29.75022614411431, "n_waypoints_completed": 7, "tot_waypoints": 9}}
{"target": -760.7785372962784, "params": {"k_pid_pos": [0.3787469115776561, 0.09472296014368242, 0.5330678794763642], "k_pid_alt": [0.292833419789583, 0.6713542496774869, 0.324988475465117], "k_pid_att": [35.72415577902426, 3.335594434796882, 0.9216103498340081], "k_pid_yaw": [0.5, 1e-06, 0.1], "k_pid_hsp": [7.232344274916547, 0.22054659954694678, 0.011828375746310349], "k_pid_vsp": [109.75292631821323, 353.3684802129254, 49.699692547281245]}, "datetime": {"datetime": "2025-08-13 22:44:41", "elapsed": 46609.43544006348, "delta": 36.20745587348938}, "costs": {"total_cost": 760.7785372962784, "time_cost": 150, "final_distance_cost": 75.42780187211439, "oscillation_cost": 81.21973186945027, "completition_cost": 333.33333333333337, "overshoot_cost": 58.184058174913105, "power_cost": 31.89622155761719, "noise_cost": 30.717390488850057, "n_waypoints_completed": 6, "tot_waypoints": 9}}
{"target": -920.457272031395, "params": {"k_pid_pos": [1.0369636655752725, 0.5396369094751755, 0.7683764302520782], "k_pid_alt": [1.4717334510047084, 0.9596564982855982, 0.04183918910708995], "k_pid_att": [15.504639757849537, 8.828452924620771, 0.902913736874717], "k_pid_yaw": [0.5, 1e-06, 0.1], "k_pid_hsp": [3.391277485283767, 0.9177799946668801, 0.8043472422657189], "k_pid_vsp": [300.12972432533627, 337.3835106670554, 75.07637642293322]}, "datetime": {"datetime": "2025-08-13 22:45:17", "elapsed": 46645.07332396507, "delta": 35.63788390159607}, "costs": {"total_cost": 920.457272031395, "time_cost": 150, "final_distance_cost": 71.30571664898838, "oscillation_cost": 349.7767840178406, "completition_cost": 222.2222222222222, "overshoot_cost": 55.62684923947135, "power_cost": 40.12110975341797, "noise_cost": 31.40459014945456, "n_waypoints_completed": 7, "tot_waypoints": 9}}
{"target": -316.27288296164284, "params": {"k_pid_pos": [1.1931682034084834, 0.24149585648783733, 0.6940573612332508], "k_pid_alt": [1.9701708685786774, 0.42802952716316334, 0.6967598186455338], "k_pid_att": [9.413197444662813, 0.38831099557660076, 0.80942314851047], "k_pid_yaw": [0.5, 1e-06, 0.1], "k_pid_hsp": [2.873703078675274, 0.8622823629278794, 0.1262937828538787], "k_pid_vsp": [271.87244857718053, 266.7873687082118, 44.21912623190785]}, "datetime": {"datetime": "2025-08-13 22:45:49", "elapsed": 46677.272042512894, "delta": 32.198718547821045}, "costs": {"total_cost": 316.27288296164284, "time_cost": 99.897, "final_distance_cost": 1.7734991713039097, "oscillation_cost": 113.34680399630072, "completition_cost": 0.0, "overshoot_cost": 52.90575972907693, "power_cost": 24.662677478027344, "noise_cost": 23.687142586933906, "n_waypoints_completed": 9, "tot_waypoints": 9}}
{"target": -300.60486238164196, "params": {"k_pid_pos": [1.2514585457690734, 0.7837006096094993, 0.5655682117656035], "k_pid_alt": [1.733920718621968, 0.8423641459727745, 0.43720099461245954], "k_pid_att": [7.684768311841328, 8.030037337669823, 0.8578224723967405], "k_pid_yaw": [0.5, 1e-06, 0.1], "k_pid_hsp": [3.5123768767715844, 0.930795802027945, 0.2385081536955247], "k_pid_vsp": [176.66642003159006, 23.537550310119567, 3.201667669520939]}, "datetime": {"datetime": "2025-08-13 22:46:19", "elapsed": 46707.66981959343, "delta": 30.39777708053589}, "costs": {"total_cost": 300.60486238164196, "time_cost": 83.167, "final_distance_cost": 1.759330177034939, "oscillation_cost": 120.27442265025503, "completition_cost": 0.0, "overshoot_cost": 52.76104292194048, "power_cost": 20.36704119873047, "noise_cost": 22.27602543368099, "n_waypoints_completed": 9, "tot_waypoints": 9}}
{"target": -341.3210125724934, "params": {"k_pid_pos": [1.8947200258868724, 0.47824644997981813, 0.06845001141584672], "k_pid_alt": [0.35794706716263414, 0.273220424030322, 0.6989208869016226], "k_pid_att": [14.048239665340068, 3.3795727696517237, 0.7768048251529783], "k_pid_yaw": [0.5, 1e-06, 0.1], "k_pid_hsp": [9.149041769724754, 0.18059695945912557, 0.21507351341674796], "k_pid_vsp": [175.57174955044079, 28.267160430755546, 10.485678949133078]}, "datetime": {"datetime": "2025-08-13 22:46:54", "elapsed": 46742.03902435303, "delta": 34.36920475959778}, "costs": {"total_cost": 341.3210125724934, "time_cost": 104.825, "final_distance_cost": 1.7396897737397352, "oscillation_cost": 122.97365295890864, "completition_cost": 0.0, "overshoot_cost": 58.78356589425962, "power_cost": 25.031522680664064, "noise_cost": 27.967581264921286, "n_waypoints_completed": 9, "tot_waypoints": 9}}
{"target": -1209.0280050095234, "params": {"k_pid_pos": [0.028767464992599086, 0.7748872830261255, 0.7308351016830208], "k_pid_alt": [0.9183508557359941, 0.7647199251281215, 0.08511027250601588], "k_pid_att": [40.13965595719912, 3.6131427468763695, 0.051822390824763254], "k_pid_yaw": [0.5, 1e-06, 0.1], "k_pid_hsp": [2.697483285340807, 0.3166402123066593, 0.9296241561450994], "k_pid_vsp": [113.53996323715738, 344.3468178913594, 51.812958003851854]}, "datetime": {"datetime": "2025-08-13 22:47:28", "elapsed": 46776.86848783493, "delta": 34.829463481903076}, "costs": {"total_cost": 1209.0280050095234, "time_cost": 150, "final_distance_cost": 72.83018448164891, "oscillation_cost": 511.9089203534795, "completition_cost": 333.33333333333337, "overshoot_cost": 76.53479458562474, "power_cost": 34.60721928710937, "noise_cost": 29.81355296832779, "n_waypoints_completed": 6, "tot_waypoints": 9}}
{"target": -1373.377911681992, "params": {"k_pid_pos": [1.1585687296683265, 0.6305995488351095, 0.2816567499885104], "k_pid_alt": [1.8157066027560684, 0.23285065523658932, 0.19925733105548016], "k_pid_att": [12.445711193735953, 6.113579514521218, 0.359459400160554], "k_pid_yaw": [0.5, 1e-06, 0.1], "k_pid_hsp": [0.10734066897358371, 0.28996603917262986, 0.5553856820247071], "k_pid_vsp": [315.28036068893755, 352.0226541036824, 126.2702252769402]}, "datetime": {"datetime": "2025-08-13 22:48:12", "elapsed": 46820.615272045135, "delta": 43.74678421020508}, "costs": {"total_cost": 1373.377911681992, "time_cost": 150, "final_distance_cost": 48.74527479003929, "oscillation_cost": 469.2042495879022, "completition_cost": 555.5555555555555, "overshoot_cost": 84.04599738854158, "power_cost": 35.915815356445314, "noise_cost": 29.911019003507782, "n_waypoints_completed": 4, "tot_waypoints": 9}}
{"target": -293.27459017133384, "params": {"k_pid_pos": [1.611268370763735, 0.6848100479457685, 0.8842604149419536], "k_pid_alt": [1.8389907314971934, 0.6591897644639614, 0.28779473690868884], "k_pid_att": [13.26549511680426, 1.2211934063373202, 0.9267557979390921], "k_pid_yaw": [0.5, 1e-06, 0.1], "k_pid_hsp": [7.3675941396700395, 0.8491224329425707, 0.16725081100150296], "k_pid_vsp": [202.86418288590392, 302.64840210860353, 16.972332818171935]}, "datetime": {"datetime": "2025-08-13 22:48:39", "elapsed": 46847.155780792236, "delta": 26.54050874710083}, "costs": {"total_cost": 293.27459017133384, "time_cost": 79.94, "final_distance_cost": 1.7657654410120318, "oscillation_cost": 121.25712700886685, "completition_cost": 0.0, "overshoot_cost": 50.661034754916784, "power_cost": 20.16870397949219, "noise_cost": 19.481958987045985, "n_waypoints_completed": 9, "tot_waypoints": 9}}
{"target": -1025.3866304616631, "params": {"k_pid_pos": [0.5588471904961095, 0.8031363192730251, 0.327998573543719], "k_pid_alt": [0.7982278043391424, 0.9854467554253703, 0.17084640670604578], "k_pid_att": [25.009785354213143, 6.103850412303696, 0.5319308205632336], "k_pid_yaw": [0.5, 1e-06, 0.1], "k_pid_hsp": [6.02326293918977, 0.7735439031189087, 0.5570880348358382], "k_pid_vsp": [266.60164937198994, 268.65090694331656, 61.67903881093051]}, "datetime": {"datetime": "2025-08-13 22:49:17", "elapsed": 46885.129403829575, "delta": 37.97362303733826}, "costs": {"total_cost": 1025.3866304616631, "time_cost": 150, "final_distance_cost": 68.40520485984563, "oscillation_cost": 355.01094978178486, "completition_cost": 333.33333333333337, "overshoot_cost": 53.17296643641443, "power_cost": 34.823483593750005, "noise_cost": 30.6406924565348, "n_waypoints_completed": 6, "tot_waypoints": 9}}
{"target": -784.5536005330341, "params": {"k_pid_pos": [0.9961444285949199, 0.759090221119864, 0.0880862651607699], "k_pid_alt": [1.721910904085787, 0.9736244117848842, 0.31975388508065894], "k_pid_att": [13.44233315806197, 2.023493368345997, 0.9960562668098115], "k_pid_yaw": [0.5, 1e-06, 0.1], "k_pid_hsp": [7.962861506870801, 0.2974929755005383, 0.6973435966941496], "k_pid_vsp": [306.4925646541666, 334.7843612588474, 86.51090101107918]}, "datetime": {"datetime": "2025-08-13 22:49:52", "elapsed": 46920.46656394005, "delta": 35.33716011047363}, "costs": {"total_cost": 784.5536005330341, "time_cost": 150, "final_distance_cost": 65.01433443528, "oscillation_cost": 202.79814307163764, "completition_cost": 222.2222222222222, "overshoot_cost": 66.09970243918337, "power_cost": 44.12032517089844, "noise_cost": 34.29887319381245, "n_waypoints_completed": 7, "tot_waypoints": 9}}
{"target": -675.6237164438314, "params": {"k_pid_pos": [1.396951972440611, 0.8742135035449881, 0.890649624757125], "k_pid_alt": [0.18266520185648472, 0.3129094363047754, 0.9648589362572714], "k_pid_att": [37.463109111223424, 5.354034712292775, 0.877133266097293], "k_pid_yaw": [0.5, 1e-06, 0.1], "k_pid_hsp": [9.104722821609618, 0.7349069634178094, 0.2141527190876673], "k_pid_vsp": [84.80848599288602, 357.5095920914159, 23.2895758843837]}, "datetime": {"datetime": "2025-08-13 22:50:27", "elapsed": 46955.886545181274, "delta": 35.419981241226196}, "costs": {"total_cost": 675.6237164438314, "time_cost": 115.99000000000001, "final_distance_cost": 1.738522765435485, "oscillation_cost": 422.5749469747457, "completition_cost": 0.0, "overshoot_cost": 62.25347521648344, "power_cost": 39.492065344238284, "noise_cost": 33.574706142928484, "n_waypoints_completed": 9, "tot_waypoints": 9}}
{"target": -267.06274775484604, "params": {"k_pid_pos": [1.2155282672852223, 0.38209300139928726, 0.32494255846627895], "k_pid_alt": [0.8533814029131348, 0.2274987171481634, 0.8304134998658328], "k_pid_att": [3.2559271516044763, 3.0001924504319697, 0.47517672268816946], "k_pid_yaw": [0.5, 1e-06, 0.1], "k_pid_hsp": [3.8028759043532534, 0.24785293472735226, 0.1458635022283854], "k_pid_vsp": [190.78053969410257, 311.66003054389796, 13.867120432170163]}, "datetime": {"datetime": "2025-08-13 22:50:54", "elapsed": 46982.76323366165, "delta": 26.876688480377197}, "costs": {"total_cost": 267.06274775484604, "time_cost": 81.907, "final_distance_cost": 1.7294007605551096, "oscillation_cost": 94.41899202725469, "completition_cost": 0.0, "overshoot_cost": 52.673726177909224, "power_cost": 16.408294287109374, "noise_cost": 19.925334502017634, "n_waypoints_completed": 9, "tot_waypoints": 9}}
{"target": -515.8476054462785, "params": {"k_pid_pos": [1.6734331312374104, 0.31259842995871734, 0.9889249744466913], "k_pid_alt": [0.6594611220356603, 0.3649703546920898, 0.19132706043550807], "k_pid_att": [10.143345320079145, 5.621891481010612, 0.1363003291757996], "k_pid_yaw": [0.5, 1e-06, 0.1], "k_pid_hsp": [4.6953780723889, 0.9697450880454846, 0.7279157222623986], "k_pid_vsp": [170.0431735746958, 32.12612121137136, 8.39591673189877]}, "datetime": {"datetime": "2025-08-13 22:51:25", "elapsed": 47013.43321561813, "delta": 30.669981956481934}, "costs": {"total_cost": 515.8476054462785, "time_cost": 95.998, "final_distance_cost": 1.757608649027585, "oscillation_cost": 312.3826213372505, "completition_cost": 0.0, "overshoot_cost": 56.02202281799045, "power_cost": 23.06396005859375, "noise_cost": 26.623392583416315, "n_waypoints_completed": 9, "tot_waypoints": 9}}
{"target": -1807.7632504832766, "params": {"k_pid_pos": [1.672848195401071, 0.9186483196697193, 0.7886039524802222], "k_pid_alt": [1.0966770520049836, 0.2689579704842725, 0.7316663433502352], "k_pid_att": [1.8170799763506995, 9.985949800355574, 0.5577464653107269], "k_pid_yaw": [0.5, 1e-06, 0.1], "k_pid_hsp": [4.480818241060256, 0.020740029986437425, 0.308005415524784], "k_pid_vsp": [292.6345110654585, 340.00603234376575, 88.8561637017164]}, "datetime": {"datetime": "2025-08-13 22:52:01", "elapsed": 47049.24082517624, "delta": 35.80760955810547}, "costs": {"total_cost": 1807.7632504832766, "time_cost": 150, "final_distance_cost": 81.11205888423977, "oscillation_cost": 640.1564739869726, "completition_cost": 777.7777777777778, "overshoot_cost": 68.52369965302897, "power_cost": 53.32585871582032, "noise_cost": 36.867381465437425, "n_waypoints_completed": 2, "tot_waypoints": 9}}
{"target": -398.9727304809396, "params": {"k_pid_pos": [0.7799421756904384, 0.27751060618668744, 0.23729013306355506], "k_pid_alt": [1.5978669276736697, 0.5344545302923268, 0.9477153811341829], "k_pid_att": [11.419815298878067, 0.6462334179879673, 0.8176951372180034], "k_pid_yaw": [0.5, 1e-06, 0.1], "k_pid_hsp": [7.990581578981761, 0.9885516996243165, 0.8552318804448418], "k_pid_vsp": [278.532835363537, 269.17048251998204, 43.56874467330618]}, "datetime": {"datetime": "2025-08-13 22:52:31", "elapsed": 47078.992283821106, "delta": 29.751458644866943}, "costs": {"total_cost": 398.9727304809396, "time_cost": 92.34400000000001, "final_distance_cost": 1.7561906426155474, "oscillation_cost": 201.05044675706563, "completition_cost": 0.0, "overshoot_cost": 54.701667759936186, "power_cost": 25.83908160400391, "noise_cost": 23.281343717318368, "n_waypoints_completed": 9, "tot_waypoints": 9}}
{"target": -369.32293380295584, "params": {"k_pid_pos": [1.0420375630570498, 0.518321326936953, 0.296725084344689], "k_pid_alt": [1.3421942149248676, 0.6644911279108243, 0.3349760813750292], "k_pid_att": [13.155665887341472, 2.01198144377252, 0.24359421658019964], "k_pid_yaw": [0.5, 1e-06, 0.1], "k_pid_hsp": [7.085228316198131, 0.946290528172425, 0.5911005966680049], "k_pid_vsp": [264.10951723812326, 274.8720160999497, 37.81275072318022]}, "datetime": {"datetime": "2025-08-13 22:53:02", "elapsed": 47110.11934709549, "delta": 31.127063274383545}, "costs": {"total_cost": 369.32293380295584, "time_cost": 80.024, "final_distance_cost": 1.7837033819262846, "oscillation_cost": 198.94501006914345, "completition_cost": 0.0, "overshoot_cost": 50.91644774366399, "power_cost": 18.737158471679688, "noise_cost": 18.916614136542503, "n_waypoints_completed": 9, "tot_waypoints": 9}}
{"target": -371.696277414949, "params": {"k_pid_pos": [1.7228191926385992, 0.19553122994127303, 0.6216991039543892], "k_pid_alt": [1.9511888430010276, 0.9587143101370992, 0.9073564289555186], "k_pid_att": [14.84218657660078, 6.553413533703554, 0.6410565385259394], "k_pid_yaw": [0.5, 1e-06, 0.1], "k_pid_hsp": [8.062620690987856, 0.01980853493805601, 0.48193573104077303], "k_pid_vsp": [159.85817414718676, 28.75340103402218, 4.090807461814148]}, "datetime": {"datetime": "2025-08-13 22:53:29", "elapsed": 47137.55489230156, "delta": 27.435545206069946}, "costs": {"total_cost": 371.696277414949, "time_cost": 79.156, "final_distance_cost": 1.7393674562118777, "oscillation_cost": 201.35480381955136, "completition_cost": 0.0, "overshoot_cost": 52.205172463045514, "power_cost": 15.690165283203125, "noise_cost": 21.550768392937133, "n_waypoints_completed": 9, "tot_waypoints": 9}}
{"target": -527.0254043482389, "params": {"k_pid_pos": [1.9238513099451782, 0.41503478252243353, 0.10704291018123424], "k_pid_alt": [0.8841322954039248, 0.3926227006009274, 0.5158912001796094], "k_pid_att": [24.749466563357313, 4.041271246942858, 0.44171804794285263], "k_pid_yaw": [0.5, 1e-06, 0.1], "k_pid_hsp": [3.175900428172245, 0.0496977520749029, 0.8678552683257263], "k_pid_vsp": [159.05413506065145, 19.031051084401277, 14.09496476762265]}, "datetime": {"datetime": "2025-08-13 22:54:02", "elapsed": 47170.83493804932, "delta": 33.28004574775696}, "costs": {"total_cost": 527.0254043482389, "time_cost": 102.452, "final_distance_cost": 1.7517684324378056, "oscillation_cost": 312.1352433895585, "completition_cost": 0.0, "overshoot_cost": 61.24144008005347, "power_cost": 24.217394042968753, "noise_cost": 25.227558403220428, "n_waypoints_completed": 9, "tot_waypoints": 9}}
