{"target": -432.64747326403864, "params": {"k_pid_pos": [1.6950666171715991, 0.7698318753731744, 0.14577429699302769], "k_pid_alt": [0.9112665020340807, 0.6989010766661761, 0.3005125422855419], "k_pid_att": [21.900157744991645, 3.066239846055813, 0.42068190603192923], "k_pid_yaw": [0.5, 1e-06, 0.1], "k_pid_hsp": [8.330654809355556, 0.7891776021750411, 0.09166199770863082], "k_pid_vsp": [250.73845718705527, 273.07136305397444, 49.63102045668193]}, "datetime": {"datetime": "2025-08-14 00:23:22", "elapsed": 52530.31782245636, "delta": 37.755228996276855}, "costs": {"total_cost": 432.64747326403864, "time_cost": 119.602, "final_distance_cost": 1.727163413591237, "oscillation_cost": 189.1704831735584, "completition_cost": 0.0, "overshoot_cost": 65.99043807112484, "power_cost": 27.194233203125002, "noise_cost": 28.963155402639156, "n_waypoints_completed": 9, "tot_waypoints": 9}}
{"target": -326.4266028269961, "params": {"k_pid_pos": [0.2016314475550306, 0.4278926300592656, 0.03625377518722461], "k_pid_alt": [1.922126011784643, 0.04006377898028257, 0.8133248196574123], "k_pid_att": [11.634893162764627, 4.53881679678416, 0.7529971785733056], "k_pid_yaw": [0.5, 1e-06, 0.1], "k_pid_hsp": [0.4385479042984034, 0.3524684678013068, 0.21256614695424347], "k_pid_vsp": [203.15635099516598, 323.1482423723196, 15.659798458485058]}, "datetime": {"datetime": "2025-08-14 00:23:58", "elapsed": 52566.21985769272, "delta": 35.90203523635864}, "costs": {"total_cost": 326.4266028269961, "time_cost": 107.345, "final_distance_cost": 1.816723001109079, "oscillation_cost": 105.28345067308555, "completition_cost": 0.0, "overshoot_cost": 53.95279028306557, "power_cost": 30.6528595703125, "noise_cost": 27.375779299423407, "n_waypoints_completed": 9, "tot_waypoints": 9}}
{"target": -437.79630217290213, "params": {"k_pid_pos": [1.0080459855878687, 0.4566306339644667, 0.2960010082194132], "k_pid_alt": [0.9911956407227984, 0.041685250303096444, 0.6232956505722592], "k_pid_att": [22.218213899758332, 5.59215856233962, 0.9090546007010221], "k_pid_yaw": [0.5, 1e-06, 0.1], "k_pid_hsp": [6.171523053300061, 0.32662600519363716, 0.5515433570190373], "k_pid_vsp": [157.9121095397008, 18.846884771227533, 12.388512636992607]}, "datetime": {"datetime": "2025-08-14 00:24:30", "elapsed": 52598.008749723434, "delta": 31.788892030715942}, "costs": {"total_cost": 437.79630217290213, "time_cost": 90.153, "final_distance_cost": 1.7642128434308137, "oscillation_cost": 254.20617630522958, "completition_cost": 0.0, "overshoot_cost": 52.339128688376086, "power_cost": 16.903298376464843, "noise_cost": 22.43048595940081, "n_waypoints_completed": 9, "tot_waypoints": 9}}
{"target": -516.4809710616927, "params": {"k_pid_pos": [1.4446154428198295, 0.34022719539697366, 0.6874403977356474], "k_pid_alt": [1.9135104426049263, 0.9165971436126333, 0.6351124866389306], "k_pid_att": [7.479018208589416, 7.888189689137894, 0.4094356658039058], "k_pid_yaw": [0.5, 1e-06, 0.1], "k_pid_hsp": [1.6925542360294352, 0.8835415238363661, 0.7643878222434237], "k_pid_vsp": [249.75237107087116, 284.6605282947736, 56.09783018635635]}, "datetime": {"datetime": "2025-08-14 00:25:06", "elapsed": 52634.796082019806, "delta": 36.78733229637146}, "costs": {"total_cost": 516.4809710616927, "time_cost": 110.08200000000001, "final_distance_cost": 1.782572510098509, "oscillation_cost": 275.2122614568052, "completition_cost": 0.0, "overshoot_cost": 62.29692848689721, "power_cost": 35.207846203613286, "noise_cost": 31.89936240427849, "n_waypoints_completed": 9, "tot_waypoints": 9}}
{"target": -344.57393165563883, "params": {"k_pid_pos": [1.3041905720371276, 0.0666223784304254, 0.7515605850053595], "k_pid_alt": [0.8455109183283149, 0.5717963700135607, 0.07163890809944307], "k_pid_att": [19.5935536456154, 2.2325260537498903, 0.991393992244943], "k_pid_yaw": [0.5, 1e-06, 0.1], "k_pid_hsp": [2.6005120611959422, 0.17709610897884487, 0.1818049093410321], "k_pid_vsp": [287.8421789320919, 348.16112445539636, 123.69225184201979]}, "datetime": {"datetime": "2025-08-14 00:25:37", "elapsed": 52665.61472535133, "delta": 30.81864333152771}, "costs": {"total_cost": 344.57393165563883, "time_cost": 85.449, "final_distance_cost": 1.7904017999051685, "oscillation_cost": 163.1413876797966, "completition_cost": 0.0, "overshoot_cost": 55.0188770135076, "power_cost": 20.005546508789063, "noise_cost": 19.168718653640394, "n_waypoints_completed": 9, "tot_waypoints": 9}}
{"target": -497.6625136271655, "params": {"k_pid_pos": [1.7661565481099624, 0.1477009848836407, 0.06993900978639278], "k_pid_alt": [0.8736820379621801, 0.21551409186834047, 0.19258411582983526], "k_pid_att": [21.4323578715358, 5.060143824071332, 0.04179217236119381], "k_pid_yaw": [0.5, 1e-06, 0.1], "k_pid_hsp": [6.1207167787342796, 0.9041214441301119, 0.6213137431891456], "k_pid_vsp": [254.44235367274945, 266.53940522213946, 52.848265208795745]}, "datetime": {"datetime": "2025-08-14 00:26:09", "elapsed": 52697.72463226318, "delta": 32.109906911849976}, "costs": {"total_cost": 497.6625136271655, "time_cost": 95.102, "final_distance_cost": 1.7751536707256244, "oscillation_cost": 294.9836635121388, "completition_cost": 0.0, "overshoot_cost": 56.17146480873674, "power_cost": 25.873788305664064, "noise_cost": 23.75644332990027, "n_waypoints_completed": 9, "tot_waypoints": 9}}
{"target": -313.12136160212765, "params": {"k_pid_pos": [1.3840679473430884, 0.905335598277353, 0.8346648198907022], "k_pid_alt": [0.4149822225926618, 0.2508551701395785, 0.17414588325424785], "k_pid_att": [14.341819256498866, 6.403872637724275, 0.2447805570784204], "k_pid_yaw": [0.5, 1e-06, 0.1], "k_pid_hsp": [2.887356521160927, 0.10216965613790441, 0.03238993305280935], "k_pid_vsp": [178.40604657963905, 24.9037683946116, 9.066666053251337]}, "datetime": {"datetime": "2025-08-14 00:26:44", "elapsed": 52732.74577355385, "delta": 35.02114129066467}, "costs": {"total_cost": 313.12136160212765, "time_cost": 106.148, "final_distance_cost": 1.7447472414581682, "oscillation_cost": 86.75618098093382, "completition_cost": 0.0, "overshoot_cost": 56.26323155734219, "power_cost": 31.326353576660157, "noise_cost": 30.88284824573335, "n_waypoints_completed": 9, "tot_waypoints": 9}}
{"target": -476.37861282719206, "params": {"k_pid_pos": [0.8561541117059293, 0.035040536217597174, 0.33559880008411214], "k_pid_alt": [0.30413071408435144, 0.8594757466562264, 0.33497832753659307], "k_pid_att": [12.494784349050548, 1.8591195819660444, 0.5231329495037628], "k_pid_yaw": [0.5, 1e-06, 0.1], "k_pid_hsp": [1.822709319692337, 0.04417013549201898, 0.3217569511185101], "k_pid_vsp": [315.60530498528914, 342.6289911270121, 106.53104130623719]}, "datetime": {"datetime": "2025-08-14 00:27:18", "elapsed": 52766.93796992302, "delta": 34.19219636917114}, "costs": {"total_cost": 476.37861282719206, "time_cost": 102.151, "final_distance_cost": 1.7788629556200446, "oscillation_cost": 255.01100652673998, "completition_cost": 0.0, "overshoot_cost": 65.3642517646362, "power_cost": 27.57369627685547, "noise_cost": 24.499795303340353, "n_waypoints_completed": 9, "tot_waypoints": 9}}
{"target": -618.9166871271026, "params": {"k_pid_pos": [1.1809459744857727, 0.4760418786987741, 0.19733395895999117], "k_pid_alt": [0.9468644690588781, 0.7103698470981138, 0.8238168884440839], "k_pid_att": [57.5036891952736, 3.499157881978417, 0.7774575126601486], "k_pid_yaw": [0.5, 1e-06, 0.1], "k_pid_hsp": [8.607463018237167, 0.010084386496637232, 0.8385650773033491], "k_pid_vsp": [79.20874450323949, 353.43750783145947, 46.931369187779865]}, "datetime": {"datetime": "2025-08-14 00:27:55", "elapsed": 52803.87226843834, "delta": 36.934298515319824}, "costs": {"total_cost": 618.9166871271026, "time_cost": 110.369, "final_distance_cost": 1.8020700600533628, "oscillation_cost": 379.0858288618869, "completition_cost": 0.0, "overshoot_cost": 62.65920243696953, "power_cost": 36.43209392089844, "noise_cost": 28.56849184729436, "n_waypoints_completed": 9, "tot_waypoints": 9}}
{"target": -1341.4680095838557, "params": {"k_pid_pos": [0.1235227541441491, 0.05025441008648057, 0.9519259476736692], "k_pid_alt": [0.10154572977755083, 0.7337530502504542, 0.5440250954671371], "k_pid_att": [29.573930538397164, 6.99832770574317, 0.9597662559966474], "k_pid_yaw": [0.5, 1e-06, 0.1], "k_pid_hsp": [8.891039495043405, 0.5849201806427733, 0.034558670064556374], "k_pid_vsp": [261.3624482354887, 271.93134720025273, 46.328011524624735]}, "datetime": {"datetime": "2025-08-14 00:28:35", "elapsed": 52843.04316043854, "delta": 39.170892000198364}, "costs": {"total_cost": 1341.4680095838557, "time_cost": 150, "final_distance_cost": 63.904589838834994, "oscillation_cost": 316.9289848073523, "completition_cost": 666.6666666666667, "overshoot_cost": 75.19835443477561, "power_cost": 38.366358630371096, "noise_cost": 30.403055205854944, "n_waypoints_completed": 3, "tot_waypoints": 9}}
{"target": -1287.642812464758, "params": {"k_pid_pos": [2.0, 0.0, 1.0], "k_pid_alt": [2.0, 0.0, 1.0], "k_pid_att": [37.97641203469865, 9.87063037257166, 0.0], "k_pid_yaw": [0.5, 1e-06, 0.1], "k_pid_hsp": [1.3026976204193264, 0.0, 1.0], "k_pid_vsp": [248.1348210358233, 285.01287150390743, 48.7691741997216]}, "datetime": {"datetime": "2025-08-14 00:29:17", "elapsed": 52885.90891838074, "delta": 42.86575794219971}, "costs": {"total_cost": 1287.642812464758, "time_cost": 150, "final_distance_cost": 65.53420164126057, "oscillation_cost": 693.6750703999511, "completition_cost": 222.2222222222222, "overshoot_cost": 72.55340639001011, "power_cost": 50.30545634765625, "noise_cost": 33.35245546365757, "n_waypoints_completed": 7, "tot_waypoints": 9}}
{"target": -1379.5866518494854, "params": {"k_pid_pos": [0.16210153054832624, 0.39947208220878505, 0.13091445409200497], "k_pid_alt": [1.8507389486849755, 0.35181996725721143, 0.9005783463413614], "k_pid_att": [21.958133467930875, 3.1833221250128267, 0.16202750027328716], "k_pid_yaw": [0.5, 1e-06, 0.1], "k_pid_hsp": [7.143864368774692, 0.20734307002036434, 0.6417587468261566], "k_pid_vsp": [252.14851121473828, 275.0955225366532, 59.101145992145085]}, "datetime": {"datetime": "2025-08-14 00:29:56", "elapsed": 52924.96065235138, "delta": 39.05173397064209}, "costs": {"total_cost": 1379.5866518494854, "time_cost": 150, "final_distance_cost": 46.55623632361573, "oscillation_cost": 523.577341408151, "completition_cost": 555.5555555555555, "overshoot_cost": 44.46920270290339, "power_cost": 31.248556384277347, "noise_cost": 28.179759474982163, "n_waypoints_completed": 4, "tot_waypoints": 9}}
{"target": -720.8987416224809, "params": {"k_pid_pos": [0.9408574094778643, 0.17237082799188175, 0.3549329231374341], "k_pid_alt": [0.3139420181931407, 0.10969589929178802, 0.6940738329889734], "k_pid_att": [9.701798790710969, 2.5273923109491565, 0.6219449751943403], "k_pid_yaw": [0.5, 1e-06, 0.1], "k_pid_hsp": [9.529402407227446, 0.010324073693861457, 0.8265894373365681], "k_pid_vsp": [269.3325010423142, 333.7068869949515, 108.13689675799614]}, "datetime": {"datetime": "2025-08-14 00:30:35", "elapsed": 52963.230254888535, "delta": 38.26960253715515}, "costs": {"total_cost": 720.8987416224809, "time_cost": 150, "final_distance_cost": 27.21437504775381, "oscillation_cost": 311.8598826572085, "completition_cost": 111.11111111111116, "overshoot_cost": 57.31006076582138, "power_cost": 34.54362365722656, "noise_cost": 28.859688383359437, "n_waypoints_completed": 8, "tot_waypoints": 9}}
{"target": -810.365404294666, "params": {"k_pid_pos": [1.1476569307361018, 0.6993536278054616, 0.5376942560733389], "k_pid_alt": [1.7951173639327176, 0.9232840413926102, 0.5289293978278249], "k_pid_att": [22.074231282844792, 1.9074998178109548, 0.3658411895452556], "k_pid_yaw": [0.5, 1e-06, 0.1], "k_pid_hsp": [2.162922657174633, 0.6484587452948541, 0.9054877341791633], "k_pid_vsp": [319.978490911338, 325.5024802528911, 86.25102119649306]}, "datetime": {"datetime": "2025-08-14 00:31:12", "elapsed": 53000.92520403862, "delta": 37.69494915008545}, "costs": {"total_cost": 810.365404294666, "time_cost": 150, "final_distance_cost": 57.11413896594568, "oscillation_cost": 232.21821336654926, "completition_cost": 222.2222222222222, "overshoot_cost": 62.69971229893172, "power_cost": 44.73377021484375, "noise_cost": 41.37734722617348, "n_waypoints_completed": 7, "tot_waypoints": 9}}
{"target": -443.6568212451738, "params": {"k_pid_pos": [1.4558585996613498, 0.381492485564504, 0.6199956529792411], "k_pid_alt": [1.151002610767497, 0.9404195373261243, 0.8751403135666088], "k_pid_att": [12.745483665915424, 9.356054016049086, 0.8004101681522648], "k_pid_yaw": [0.5, 1e-06, 0.1], "k_pid_hsp": [5.381100492364511, 0.32519208472313643, 0.7184196493570871], "k_pid_vsp": [313.3781992483227, 350.5536844903536, 120.35755780792718]}, "datetime": {"datetime": "2025-08-14 00:31:52", "elapsed": 53040.17797589302, "delta": 39.252771854400635}, "costs": {"total_cost": 443.6568212451738, "time_cost": 98.742, "final_distance_cost": 1.7770111484880005, "oscillation_cost": 235.28036434997745, "completition_cost": 0.0, "overshoot_cost": 57.54820828368184, "power_cost": 26.80078914794922, "noise_cost": 23.50844831507729, "n_waypoints_completed": 9, "tot_waypoints": 9}}
{"target": -1406.911223407434, "params": {"k_pid_pos": [0.18237311542870546, 0.1935392942394224, 0.6960255898230431], "k_pid_alt": [0.06715265161788264, 0.3466982310171072, 0.160842040489114], "k_pid_att": [11.256211718065911, 2.3158017453722164, 0.44771507284002154], "k_pid_yaw": [0.5, 1e-06, 0.1], "k_pid_hsp": [6.525432191600508, 0.6505997746210301, 0.4511482112076374], "k_pid_vsp": [280.99317147436614, 276.4201652265455, 38.891123775764115]}, "datetime": {"datetime": "2025-08-14 00:32:37", "elapsed": 53085.53613638878, "delta": 45.35816049575806}, "costs": {"total_cost": 1406.911223407434, "time_cost": 150, "final_distance_cost": 63.54780565835052, "oscillation_cost": 401.255123415574, "completition_cost": 666.6666666666667, "overshoot_cost": 58.68713853759698, "power_cost": 36.10100922851563, "noise_cost": 30.653479900730147, "n_waypoints_completed": 3, "tot_waypoints": 9}}
{"target": -919.2272807148587, "params": {"k_pid_pos": [0.13172591860973207, 0.2240061906228964, 0.8796521497861987], "k_pid_alt": [1.5536167348930956, 0.6192905270773029, 0.13489268845779523], "k_pid_att": [5.250499378248197, 8.60150037195949, 0.5173608210652044], "k_pid_yaw": [0.5, 1e-06, 0.1], "k_pid_hsp": [0.3671418642510213, 0.8588977042035343, 0.04972743325640305], "k_pid_vsp": [261.342370163577, 290.400553690639, 32.933937976033576]}, "datetime": {"datetime": "2025-08-14 00:33:16", "elapsed": 53124.18811893463, "delta": 38.65198254585266}, "costs": {"total_cost": 919.2272807148587, "time_cost": 150, "final_distance_cost": 71.58239284642045, "oscillation_cost": 340.9869947699227, "completition_cost": 222.2222222222222, "overshoot_cost": 67.62018195340427, "power_cost": 35.82950494384766, "noise_cost": 30.985983979041393, "n_waypoints_completed": 7, "tot_waypoints": 9}}
{"target": -1067.7858253311508, "params": {"k_pid_pos": [1.2778025649711693, 0.9208870628352397, 0.4895748306324905], "k_pid_alt": [0.4763939154948502, 0.27930087510936097, 0.5216802988409392], "k_pid_att": [5.92442781795085, 3.9519227211303907, 0.42047634016709856], "k_pid_yaw": [0.5, 1e-06, 0.1], "k_pid_hsp": [7.112417725093718, 0.5866006006978913, 0.41596834040303354], "k_pid_vsp": [270.34860855548925, 262.63485940189264, 46.67446839910068]}, "datetime": {"datetime": "2025-08-14 00:33:57", "elapsed": 53165.05195784569, "delta": 40.86383891105652}, "costs": {"total_cost": 1067.7858253311508, "time_cost": 150, "final_distance_cost": 47.59602014626586, "oscillation_cost": 234.45054741610278, "completition_cost": 444.4444444444444, "overshoot_cost": 69.46995769226176, "power_cost": 49.891256250000005, "noise_cost": 71.93359938207617, "n_waypoints_completed": 5, "tot_waypoints": 9}}
{"target": -779.4212590643862, "params": {"k_pid_pos": [1.237387354276037, 0.7901467303610155, 0.5085863003998696], "k_pid_alt": [0.3210002711723152, 0.8484240075002212, 0.10352466515244552], "k_pid_att": [17.87992948756707, 7.701141426641527, 0.25156704876673264], "k_pid_yaw": [0.5, 1e-06, 0.1], "k_pid_hsp": [8.781970838378198, 0.9564461825264836, 0.7169042029890861], "k_pid_vsp": [277.4037057274314, 337.4565284997463, 100.83957058416266]}, "datetime": {"datetime": "2025-08-14 00:34:44", "elapsed": 53212.95275425911, "delta": 47.90079641342163}, "costs": {"total_cost": 779.4212590643862, "time_cost": 150, "final_distance_cost": 18.08300859513831, "oscillation_cost": 374.33970122545475, "completition_cost": 111.11111111111116, "overshoot_cost": 67.94147300286316, "power_cost": 29.305724743652345, "noise_cost": 28.640240386166326, "n_waypoints_completed": 8, "tot_waypoints": 9}}
{"target": -931.5656265806646, "params": {"k_pid_pos": [0.6564137395482005, 0.2270349418992802, 0.10029909918243574], "k_pid_alt": [0.6741341816148305, 0.9629886676881875, 0.927409790260787], "k_pid_att": [63.902215954822175, 3.953259993710352, 0.03207121720533479], "k_pid_yaw": [0.5, 1e-06, 0.1], "k_pid_hsp": [8.336107318742348, 0.24460983688176796, 0.8119798941627957], "k_pid_vsp": [79.00703136669081, 364.652197794658, 44.498649921178526]}, "datetime": {"datetime": "2025-08-14 00:35:23", "elapsed": 53251.44821190834, "delta": 38.49545764923096}, "costs": {"total_cost": 931.5656265806646, "time_cost": 150, "final_distance_cost": 21.922734432771808, "oscillation_cost": 517.6278378164775, "completition_cost": 111.11111111111116, "overshoot_cost": 62.0217301299222, "power_cost": 38.3820640625, "noise_cost": 30.50014902788189, "n_waypoints_completed": 8, "tot_waypoints": 9}}
{"target": -827.2750611070469, "params": {"k_pid_pos": [0.5731345269526892, 0.8524547718587064, 0.6406734899054423], "k_pid_alt": [0.8714471838959754, 0.05194983136472875, 0.03553547392932144], "k_pid_att": [1.764830965362718, 3.413658635577812, 0.4227814563190202], "k_pid_yaw": [0.5, 1e-06, 0.1], "k_pid_hsp": [4.0290860496516965, 0.8965330141440139, 0.8506169760679049], "k_pid_vsp": [307.978897463127, 348.62255529467393, 108.5735505610731]}, "datetime": {"datetime": "2025-08-14 00:36:00", "elapsed": 53288.736275434494, "delta": 37.288063526153564}, "costs": {"total_cost": 827.2750611070469, "time_cost": 150, "final_distance_cost": 70.55314843329536, "oscillation_cost": 153.07700663567365, "completition_cost": 333.33333333333337, "overshoot_cost": 62.4951307700711, "power_cost": 31.28237312011719, "noise_cost": 26.534068814556232, "n_waypoints_completed": 6, "tot_waypoints": 9}}
{"target": -966.4789685462152, "params": {"k_pid_pos": [0.8789323827213618, 0.23405995903987054, 0.9348519847402867], "k_pid_alt": [0.2831236437599556, 0.14116839670869785, 0.3932982849353456], "k_pid_att": [17.54962190320164, 9.84226954288612, 0.3711976774564786], "k_pid_yaw": [0.5, 1e-06, 0.1], "k_pid_hsp": [6.66727957403056, 0.5998885391643912, 0.3143489158288909], "k_pid_vsp": [287.4546584875937, 286.3524145943654, 67.13567888309264]}, "datetime": {"datetime": "2025-08-14 00:36:38", "elapsed": 53326.17026209831, "delta": 37.43398666381836}, "costs": {"total_cost": 966.4789685462152, "time_cost": 150, "final_distance_cost": 64.67025691227875, "oscillation_cost": 434.3101645229061, "completition_cost": 222.2222222222222, "overshoot_cost": 48.08133765111646, "power_cost": 22.298593322753906, "noise_cost": 24.89639391493784, "n_waypoints_completed": 7, "tot_waypoints": 9}}
{"target": -392.6511599074662, "params": {"k_pid_pos": [1.3677341101866967, 0.5511797693444694, 0.22387973657283522], "k_pid_alt": [1.4841390322303685, 0.7910837160811023, 0.35484770041746216], "k_pid_att": [34.62009443558733, 8.276387118527776, 0.9622233520045972], "k_pid_yaw": [0.5, 1e-06, 0.1], "k_pid_hsp": [2.834291359580239, 0.0494526179951873, 0.12844380554756119], "k_pid_vsp": [105.27799794227248, 349.0873633196687, 48.84097076805384]}, "datetime": {"datetime": "2025-08-14 00:37:10", "elapsed": 53358.00836801529, "delta": 31.83810591697693}, "costs": {"total_cost": 392.6511599074662, "time_cost": 88.648, "final_distance_cost": 1.7450726385696456, "oscillation_cost": 202.56358418669228, "completition_cost": 0.0, "overshoot_cost": 52.91032733568391, "power_cost": 23.680669946289065, "noise_cost": 23.103505800231282, "n_waypoints_completed": 9, "tot_waypoints": 9}}
{"target": -469.8899165795237, "params": {"k_pid_pos": [1.7335760806910274, 0.024340668484786665, 0.8107306164316513], "k_pid_alt": [0.7003880675207745, 0.24065546415966177, 0.7001497646656911], "k_pid_att": [7.806922083539214, 1.1078891645274265, 0.06335212792110079], "k_pid_yaw": [0.5, 1e-06, 0.1], "k_pid_hsp": [2.83768111284414, 0.06171451506376746, 0.6784820502989319], "k_pid_vsp": [303.3237283000932, 342.88422445667624, 92.09900904964185]}, "datetime": {"datetime": "2025-08-14 00:37:54", "elapsed": 53402.16900682449, "delta": 44.1606388092041}, "costs": {"total_cost": 469.8899165795237, "time_cost": 93.653, "final_distance_cost": 1.7917787883371752, "oscillation_cost": 273.0759217563909, "completition_cost": 0.0, "overshoot_cost": 55.717325231506905, "power_cost": 23.480348059082033, "noise_cost": 22.17154274420663, "n_waypoints_completed": 9, "tot_waypoints": 9}}
