{"target": -251.6376141756018, "params": {"k_pid_pos": [1.3807542261997827, 0.1697318392163267, 1.0], "k_pid_alt": [2.0, 0.7672884665098527, 0.033523098171176526], "k_pid_att": [16.380912099634333, 2.2642469470096844, 0.1727894706497008], "k_pid_yaw": [0.5, 1e-06, 0.1], "k_pid_hsp": [4.806300052383123, 0.44758231774778806, 0.0], "k_pid_vsp": [201.3053879838942, 303.71691280394026, 19.00659661542394]}, "datetime": {"datetime": "2025-08-13 23:52:23", "elapsed": 50671.42002773285, "delta": 29.751561164855957}, "costs": {"total_cost": 251.6376141756018, "time_cost": 79.674, "final_distance_cost": 1.8011881297664736, "oscillation_cost": 78.76657157939485, "completition_cost": 0.0, "overshoot_cost": 50.9063272038005, "power_cost": 20.57303621826172, "noise_cost": 19.916491044378244, "n_waypoints_completed": 9, "tot_waypoints": 9}}
{"target": -602.1499514060785, "params": {"k_pid_pos": [1.3071520093771145, 0.4826697954642437, 0.23056399556176188], "k_pid_alt": [0.5347216556768701, 0.0905010728252944, 0.9358476373967323], "k_pid_att": [2.982432796589529, 2.6330640063212645, 0.385366093021587], "k_pid_yaw": [0.5, 1e-06, 0.1], "k_pid_hsp": [3.5800241544013933, 0.38468311743430716, 0.63842180592559], "k_pid_vsp": [266.8014218662333, 267.145324011757, 44.09911053262649]}, "datetime": {"datetime": "2025-08-13 23:53:00", "elapsed": 50708.72371888161, "delta": 37.303691148757935}, "costs": {"total_cost": 602.1499514060785, "time_cost": 150, "final_distance_cost": 10.604689170116458, "oscillation_cost": 205.1875786053729, "completition_cost": 111.11111111111116, "overshoot_cost": 59.71106644121956, "power_cost": 35.42248713378906, "noise_cost": 30.113018944469296, "n_waypoints_completed": 8, "tot_waypoints": 9}}
{"target": -494.8197773158711, "params": {"k_pid_pos": [1.3238422257465738, 0.9351549655640377, 0.9974351383833887], "k_pid_alt": [0.16498942201040712, 0.4583818348038423, 0.7793498842188853], "k_pid_att": [8.927397918392055, 0.4251894138174351, 0.8139890033400174], "k_pid_yaw": [0.5, 1e-06, 0.1], "k_pid_hsp": [9.04486015783142, 0.759601862759641, 0.5320789765834745], "k_pid_vsp": [303.4617722715766, 338.7190906132385, 99.80822643330416]}, "datetime": {"datetime": "2025-08-13 23:53:42", "elapsed": 50750.56647324562, "delta": 41.84275436401367}, "costs": {"total_cost": 494.8197773158711, "time_cost": 116.739, "final_distance_cost": 1.7353296554429782, "oscillation_cost": 248.70701464922385, "completition_cost": 0.0, "overshoot_cost": 65.34491194435718, "power_cost": 32.42300861816406, "noise_cost": 29.870512448683026, "n_waypoints_completed": 9, "tot_waypoints": 9}}
{"target": -552.154503023673, "params": {"k_pid_pos": [1.079842605414217, 0.5518784291377824, 0.04407838240202511], "k_pid_alt": [1.3989555673356502, 0.8931881474970867, 0.07867533748664046], "k_pid_att": [61.27109331474351, 5.623090532876817, 0.6590225304306127], "k_pid_yaw": [0.5, 1e-06, 0.1], "k_pid_hsp": [9.462383130131453, 0.3155077581165765, 0.8051032505653066], "k_pid_vsp": [77.08180869595363, 363.8595499271682, 41.457450602457385]}, "datetime": {"datetime": "2025-08-13 23:54:21", "elapsed": 50789.86976695061, "delta": 39.30329370498657}, "costs": {"total_cost": 552.154503023673, "time_cost": 107.66, "final_distance_cost": 1.7433242895331824, "oscillation_cost": 324.63798292620635, "completition_cost": 0.0, "overshoot_cost": 59.21925722265737, "power_cost": 31.176329516601562, "noise_cost": 27.717609068674644, "n_waypoints_completed": 9, "tot_waypoints": 9}}
{"target": -489.5863453082152, "params": {"k_pid_pos": [1.23699551909024, 0.3813427406746833, 0.09505555447803227], "k_pid_alt": [0.27455596376885616, 0.39433239714894197, 0.3895673453888201], "k_pid_att": [9.502295351048595, 8.605435636095798, 0.3219993623795552], "k_pid_yaw": [0.5, 1e-06, 0.1], "k_pid_hsp": [7.448163302460204, 0.20830144716342525, 0.5196372626206076], "k_pid_vsp": [186.8417737056889, 325.58005721273014, 24.92166572801807]}, "datetime": {"datetime": "2025-08-13 23:55:01", "elapsed": 50829.306477069855, "delta": 39.43671011924744}, "costs": {"total_cost": 489.5863453082152, "time_cost": 103.48100000000001, "final_distance_cost": 1.7765259448168462, "oscillation_cost": 279.31621363887825, "completition_cost": 0.0, "overshoot_cost": 58.99024305929366, "power_cost": 21.411571447753907, "noise_cost": 24.610791217472542, "n_waypoints_completed": 9, "tot_waypoints": 9}}
{"target": -654.6750210585899, "params": {"k_pid_pos": [1.8049948952915402, 0.7455307499752853, 0.8742785988542484], "k_pid_alt": [0.41142099277110344, 0.608194380304397, 0.148287203150946], "k_pid_att": [59.4363723059383, 3.0186986614109372, 0.7109190806785345], "k_pid_yaw": [0.5, 1e-06, 0.1], "k_pid_hsp": [7.1446445017874165, 0.41561531530734064, 0.7756634832480516], "k_pid_vsp": [82.18784921331648, 355.4539381874672, 47.69008756164012]}, "datetime": {"datetime": "2025-08-13 23:55:37", "elapsed": 50865.050057172775, "delta": 35.74358010292053}, "costs": {"total_cost": 654.6750210585899, "time_cost": 111.979, "final_distance_cost": 1.7374918967598039, "oscillation_cost": 423.6092509901137, "completition_cost": 0.0, "overshoot_cost": 62.754317581782345, "power_cost": 27.263016992187502, "noise_cost": 27.331943597746584, "n_waypoints_completed": 9, "tot_waypoints": 9}}
{"target": -532.4315326692893, "params": {"k_pid_pos": [0.705129845780288, 0.11428604038571188, 0.6620420727318487], "k_pid_alt": [1.9965412783487226, 0.6951513148958645, 0.6514239331832224], "k_pid_att": [23.141691382807885, 6.2526088108188915, 0.7971897518057226], "k_pid_yaw": [0.5, 1e-06, 0.1], "k_pid_hsp": [1.88996609117264, 0.09568872267476702, 0.13063483560474887], "k_pid_vsp": [160.5481603028449, 20.90207958556117, 17.257606884353574]}, "datetime": {"datetime": "2025-08-13 23:56:13", "elapsed": 50901.92412209511, "delta": 36.874064922332764}, "costs": {"total_cost": 532.4315326692893, "time_cost": 101.528, "final_distance_cost": 1.8027666263874143, "oscillation_cost": 319.35249144749463, "completition_cost": 0.0, "overshoot_cost": 55.53783367698923, "power_cost": 28.026458251953127, "noise_cost": 26.183982666464907, "n_waypoints_completed": 9, "tot_waypoints": 9}}
{"target": -417.9939013657726, "params": {"k_pid_pos": [1.0117864742250315, 0.18321935354694985, 0.8457727994288764], "k_pid_alt": [1.0169843022124831, 0.02186749634014784, 0.11531404704434123], "k_pid_att": [14.520328414891704, 8.443666284849252, 0.7896495687443974], "k_pid_yaw": [0.5, 1e-06, 0.1], "k_pid_hsp": [8.041188528466751, 0.4181503048023445, 0.5727550920362224], "k_pid_vsp": [285.8347157097105, 279.80540141639216, 70.40917235045785]}, "datetime": {"datetime": "2025-08-13 23:56:43", "elapsed": 50931.9355237484, "delta": 30.011401653289795}, "costs": {"total_cost": 417.9939013657726, "time_cost": 88.69, "final_distance_cost": 1.8291183438826706, "oscillation_cost": 228.0986607023743, "completition_cost": 0.0, "overshoot_cost": 51.778710480000385, "power_cost": 24.196935327148438, "noise_cost": 23.40047651236687, "n_waypoints_completed": 9, "tot_waypoints": 9}}
{"target": -1874.3442834273183, "params": {"k_pid_pos": [1.4970437384617041, 0.7101509017277718, 0.9125034099886441], "k_pid_alt": [1.1528271012818936, 0.6746313078754332, 0.2893601566436108], "k_pid_att": [0.6762650829522987, 2.4684522068636916, 0.894442080723013], "k_pid_yaw": [0.5, 1e-06, 0.1], "k_pid_hsp": [1.5987710864228402, 0.19677806447354806, 0.2545770049186554], "k_pid_vsp": [181.9912475383603, 26.64846666711602, 16.7219622249229]}, "datetime": {"datetime": "2025-08-13 23:57:21", "elapsed": 50969.725729227066, "delta": 37.79020547866821}, "costs": {"total_cost": 1874.3442834273183, "time_cost": 150, "final_distance_cost": 7.096312257488895, "oscillation_cost": 373.44399249837113, "completition_cost": 1000.0, "overshoot_cost": 157.61902730634503, "power_cost": 58.38208781738282, "noise_cost": 127.80286354773035, "n_waypoints_completed": 0, "tot_waypoints": 9}}
{"target": -532.4573902545017, "params": {"k_pid_pos": [1.0664845466133288, 0.45568050838793883, 0.876173525788757], "k_pid_alt": [0.5617995050535523, 0.13369858198091478, 0.3764638283219821], "k_pid_att": [23.63308277103533, 5.537746017715836, 0.9146494427848058], "k_pid_yaw": [0.5, 1e-06, 0.1], "k_pid_hsp": [8.63652546570477, 0.45635334374006464, 0.4215025210700677], "k_pid_vsp": [195.40091879292228, 18.710600936275814, 12.865530966588341]}, "datetime": {"datetime": "2025-08-13 23:57:58", "elapsed": 51006.06803774834, "delta": 36.34230852127075}, "costs": {"total_cost": 532.4573902545017, "time_cost": 99.869, "final_distance_cost": 1.7558598806295818, "oscillation_cost": 334.14826831618774, "completition_cost": 0.0, "overshoot_cost": 54.84008913053172, "power_cost": 18.60041051025391, "noise_cost": 23.243762416898708, "n_waypoints_completed": 9, "tot_waypoints": 9}}
{"target": -336.91121782301116, "params": {"k_pid_pos": [1.976840033868053, 0.8138018437018062, 0.8752086460916487], "k_pid_alt": [0.7153006727425217, 0.254664269716409, 0.6948899389533968], "k_pid_att": [9.429002908956285, 3.68039009231478, 0.8943659862054983], "k_pid_yaw": [0.5, 1e-06, 0.1], "k_pid_hsp": [4.528453071035582, 0.5929068885397111, 0.2572994994389396], "k_pid_vsp": [171.15936643799623, 7.9940908313006664, 12.397794434719307]}, "datetime": {"datetime": "2025-08-13 23:58:42", "elapsed": 51050.8651869297, "delta": 44.79714918136597}, "costs": {"total_cost": 336.91121782301116, "time_cost": 96.446, "final_distance_cost": 1.7659271060000843, "oscillation_cost": 137.47457526638308, "completition_cost": 0.0, "overshoot_cost": 56.78425460133102, "power_cost": 21.020446142578127, "noise_cost": 23.42001470671885, "n_waypoints_completed": 9, "tot_waypoints": 9}}
{"target": -509.2052880404618, "params": {"k_pid_pos": [0.6485941581540546, 0.17545145208559565, 0.828874687918513], "k_pid_alt": [1.380124063615129, 0.7002702075645719, 0.5819352413557901], "k_pid_att": [12.926861505404364, 5.414615288302445, 0.9024372491593377], "k_pid_yaw": [0.5, 1e-06, 0.1], "k_pid_hsp": [8.860387729808552, 0.1575967443713121, 0.4122003776257086], "k_pid_vsp": [159.29822990910662, 24.65805992906182, 2.1544553844404186]}, "datetime": {"datetime": "2025-08-13 23:59:18", "elapsed": 51086.40761947632, "delta": 35.5424325466156}, "costs": {"total_cost": 509.2052880404618, "time_cost": 111.132, "final_distance_cost": 1.8047377774663047, "oscillation_cost": 282.618269771086, "completition_cost": 0.0, "overshoot_cost": 58.17811099330764, "power_cost": 24.298644567871094, "noise_cost": 31.173524930730743, "n_waypoints_completed": 9, "tot_waypoints": 9}}
{"target": -581.3391527185332, "params": {"k_pid_pos": [1.8056445610729999, 0.48250671460491257, 0.009760533510178138], "k_pid_alt": [0.01545910049574295, 0.08865659667606463, 0.8166089166281879], "k_pid_att": [11.65803796127527, 7.290666800404673, 0.8552123002898148], "k_pid_yaw": [0.5, 1e-06, 0.1], "k_pid_hsp": [8.150130180404062, 0.4030821149940642, 0.07941309179130152], "k_pid_vsp": [296.51192063639604, 279.8562745079372, 67.06501845590203]}, "datetime": {"datetime": "2025-08-13 23:59:56", "elapsed": 51124.86657810211, "delta": 38.45895862579346}, "costs": {"total_cost": 581.3391527185332, "time_cost": 150, "final_distance_cost": 64.50963336513826, "oscillation_cost": 117.16560654034056, "completition_cost": 111.11111111111116, "overshoot_cost": 67.86971656580745, "power_cost": 38.36797374267578, "noise_cost": 32.31511139346002, "n_waypoints_completed": 8, "tot_waypoints": 9}}
{"target": -500.3764371360244, "params": {"k_pid_pos": [1.9695523026686554, 0.2237384972408324, 0.9222136240477822], "k_pid_alt": [0.7562520850501389, 0.6704129735285111, 0.7403091695531957], "k_pid_att": [45.42679713376976, 5.495655997376302, 0.956825588348707], "k_pid_yaw": [0.5, 1e-06, 0.1], "k_pid_hsp": [6.846467658821297, 0.34254131574221525, 0.37226459079066243], "k_pid_vsp": [230.10231282034056, 277.7084292700231, 42.609122561749125]}, "datetime": {"datetime": "2025-08-14 00:00:38", "elapsed": 51166.3371257782, "delta": 41.470547676086426}, "costs": {"total_cost": 500.3764371360244, "time_cost": 95.48700000000001, "final_distance_cost": 1.7862721569994064, "oscillation_cost": 296.53565565398054, "completition_cost": 0.0, "overshoot_cost": 56.13772945307567, "power_cost": 27.155868896484375, "noise_cost": 23.273910975484352, "n_waypoints_completed": 9, "tot_waypoints": 9}}
{"target": -570.8671181634096, "params": {"k_pid_pos": [1.3348200221289008, 0.20171821696543168, 0.9901106398141838], "k_pid_alt": [0.5243764157709239, 0.04386015500559748, 0.9615196142442878], "k_pid_att": [39.92388647142333, 0.6420209831649932, 0.8850826921053639], "k_pid_yaw": [0.5, 1e-06, 0.1], "k_pid_hsp": [7.244969020260119, 0.7106688393295075, 0.8754423112527758], "k_pid_vsp": [231.1502925933189, 284.37948374700613, 32.95943435575483]}, "datetime": {"datetime": "2025-08-14 00:01:22", "elapsed": 51210.662960767746, "delta": 44.32583498954773}, "costs": {"total_cost": 570.8671181634096, "time_cost": 109.20700000000001, "final_distance_cost": 1.8180426216757866, "oscillation_cost": 352.20718329669074, "completition_cost": 0.0, "overshoot_cost": 52.26326229331464, "power_cost": 29.32405751953125, "noise_cost": 26.047572432197157, "n_waypoints_completed": 9, "tot_waypoints": 9}}
{"target": -225.73416791997818, "params": {"k_pid_pos": [1.7363165058468135, 0.1616723782304515, 0.6624552071832115], "k_pid_alt": [1.071490572221254, 0.5241819017847847, 0.3509370466143845], "k_pid_att": [31.57258179103756, 8.105997469715138, 0.5542802120513738], "k_pid_yaw": [0.5, 1e-06, 0.1], "k_pid_hsp": [4.661351009073529, 0.8604752950657135, 0.0], "k_pid_vsp": [105.94776742369127, 346.57859549536096, 48.936450803457454]}, "datetime": {"datetime": "2025-08-14 00:01:55", "elapsed": 51243.09388136864, "delta": 32.43092060089111}, "costs": {"total_cost": 225.73416791997818, "time_cost": 77.94500000000001, "final_distance_cost": 1.7837199569774238, "oscillation_cost": 54.74440498168053, "completition_cost": 0.0, "overshoot_cost": 51.0808059678904, "power_cost": 21.021821057128907, "noise_cost": 19.158415956300907, "n_waypoints_completed": 9, "tot_waypoints": 9}}
{"target": -622.7085959301929, "params": {"k_pid_pos": [1.7130299949749206, 0.5402922056416773, 0.7019748283511241], "k_pid_alt": [0.7247394975175352, 0.9303993295914061, 0.8484569915558897], "k_pid_att": [23.971967267407624, 0.8520309650291416, 0.2347863032731492], "k_pid_yaw": [0.5, 1e-06, 0.1], "k_pid_hsp": [3.271321068482006, 0.20011563241346308, 0.18613380441863336], "k_pid_vsp": [247.3561595198504, 270.4980204973785, 57.2422650542134]}, "datetime": {"datetime": "2025-08-14 00:02:33", "elapsed": 51280.97071290016, "delta": 37.87683153152466}, "costs": {"total_cost": 622.7085959301929, "time_cost": 108.99000000000001, "final_distance_cost": 1.7824172108199299, "oscillation_cost": 387.67747172945985, "completition_cost": 0.0, "overshoot_cost": 59.76315461410838, "power_cost": 34.108809936523436, "noise_cost": 30.386742439281313, "n_waypoints_completed": 9, "tot_waypoints": 9}}
{"target": -769.2411327291932, "params": {"k_pid_pos": [0.23421481389673446, 0.3397995634485529, 0.2555931566831595], "k_pid_alt": [0.22952524761001958, 0.6621926037356175, 0.43054514514114584], "k_pid_att": [5.02787298599674, 8.879389167206167, 0.6124488207042466], "k_pid_yaw": [0.5, 1e-06, 0.1], "k_pid_hsp": [1.798803020693814, 0.9502393089149057, 0.10710434781286293], "k_pid_vsp": [271.45456848571234, 264.4000266785571, 42.83669676854422]}, "datetime": {"datetime": "2025-08-14 00:03:15", "elapsed": 51323.110266685486, "delta": 42.1395537853241}, "costs": {"total_cost": 769.2411327291932, "time_cost": 150, "final_distance_cost": 55.08779285936166, "oscillation_cost": 127.18587623563508, "completition_cost": 333.33333333333337, "overshoot_cost": 53.41636678164967, "power_cost": 23.42098878173828, "noise_cost": 26.79677473747502, "n_waypoints_completed": 6, "tot_waypoints": 9}}
{"target": -761.050535182449, "params": {"k_pid_pos": [0.6151462698112163, 0.3201446900496403, 0.3205148411364519], "k_pid_alt": [0.5317370908984083, 0.4247381571631875, 0.6133373486917666], "k_pid_att": [47.232096194915044, 4.987921187085103, 0.07729240148335359], "k_pid_yaw": [0.5, 1e-06, 0.1], "k_pid_hsp": [5.604858133547115, 0.9806485285116633, 0.21699823764139636], "k_pid_vsp": [221.653686811066, 265.9404953252985, 40.67584214668217]}, "datetime": {"datetime": "2025-08-14 00:03:56", "elapsed": 51364.29150223732, "delta": 41.181235551834106}, "costs": {"total_cost": 761.050535182449, "time_cost": 115.066, "final_distance_cost": 1.7624031677053962, "oscillation_cost": 526.785906448915, "completition_cost": 0.0, "overshoot_cost": 57.206791022479436, "power_cost": 31.439901538085937, "noise_cost": 28.78953300526324, "n_waypoints_completed": 9, "tot_waypoints": 9}}
{"target": -755.115497331475, "params": {"k_pid_pos": [0.1514510696136121, 0.2731661977038061, 0.26298641782445265], "k_pid_alt": [1.4625035370475294, 0.03279399191445942, 0.6234296068857044], "k_pid_att": [8.19752434370782, 8.378754384350957, 0.9371683136859762], "k_pid_yaw": [0.5, 1e-06, 0.1], "k_pid_hsp": [5.11516911187107, 0.5032197618340357, 0.16277296625169757], "k_pid_vsp": [194.28549522123646, 308.7482510885491, 14.110700699881844]}, "datetime": {"datetime": "2025-08-14 00:04:39", "elapsed": 51407.90278792381, "delta": 43.61128568649292}, "costs": {"total_cost": 755.115497331475, "time_cost": 150, "final_distance_cost": 67.86943541950615, "oscillation_cost": 103.2058703895369, "completition_cost": 333.33333333333337, "overshoot_cost": 47.982315871745776, "power_cost": 26.083283801269534, "noise_cost": 26.641258516083273, "n_waypoints_completed": 6, "tot_waypoints": 9}}
{"target": -1701.1338388887577, "params": {"k_pid_pos": [1.3783343829226726, 0.8568560863121366, 0.25905852680874986], "k_pid_alt": [0.08280421151711037, 0.6940924536004928, 0.7192825598721265], "k_pid_att": [1.6338743974177339, 6.153038994127043, 0.34478206862803706], "k_pid_yaw": [0.5, 1e-06, 0.1], "k_pid_hsp": [2.661574968789136, 0.20254471033342503, 0.17565838890362073], "k_pid_vsp": [179.0657715877808, 20.16125625790212, 12.374361453166108]}, "datetime": {"datetime": "2025-08-14 00:05:19", "elapsed": 51447.582396268845, "delta": 39.67960834503174}, "costs": {"total_cost": 1701.1338388887577, "time_cost": 150, "final_distance_cost": 59.69715570071002, "oscillation_cost": 465.96333469218825, "completition_cost": 888.8888888888888, "overshoot_cost": 59.61553887784231, "power_cost": 42.39505275878906, "noise_cost": 34.573867970339506, "n_waypoints_completed": 1, "tot_waypoints": 9}}
{"target": -540.7079880166132, "params": {"k_pid_pos": [0.8778411059048418, 0.4384962102832707, 0.3133655199209948], "k_pid_alt": [0.2918133802145897, 0.7282444847153475, 0.20764815351046795], "k_pid_att": [17.93491517998872, 2.1811432753370847, 0.5571607342126113], "k_pid_yaw": [0.5, 1e-06, 0.1], "k_pid_hsp": [8.387797899110785, 0.5274627173489798, 0.9937096275934189], "k_pid_vsp": [304.53939381363676, 305.2324437419983, 116.12405420840899]}, "datetime": {"datetime": "2025-08-14 00:06:02", "elapsed": 51490.191298007965, "delta": 42.60890173912048}, "costs": {"total_cost": 540.7079880166132, "time_cost": 117.488, "final_distance_cost": 1.7751120765050004, "oscillation_cost": 298.7246980476912, "completition_cost": 0.0, "overshoot_cost": 68.66772336923154, "power_cost": 27.463769921875002, "noise_cost": 26.588684601310284, "n_waypoints_completed": 9, "tot_waypoints": 9}}
{"target": -479.6898030202452, "params": {"k_pid_pos": [1.3322485073332238, 0.018208395739088168, 0.5618813265365076], "k_pid_alt": [0.4082533455972852, 0.02856830214536088, 0.8187142974628795], "k_pid_att": [10.981063225880462, 4.008877151759299, 0.18976010081232209], "k_pid_yaw": [0.5, 1e-06, 0.1], "k_pid_hsp": [4.5635125914828425, 0.08929125906906721, 0.18845634732333627], "k_pid_vsp": [172.261066054018, 0.792209630389518, 35.93054168938161]}, "datetime": {"datetime": "2025-08-14 00:06:34", "elapsed": 51522.08492732048, "delta": 31.89362931251526}, "costs": {"total_cost": 479.6898030202452, "time_cost": 92.757, "final_distance_cost": 1.8424225833668673, "oscillation_cost": 273.4321684002191, "completition_cost": 0.0, "overshoot_cost": 53.66515516455913, "power_cost": 31.017472619628908, "noise_cost": 26.97558425247124, "n_waypoints_completed": 9, "tot_waypoints": 9}}
{"target": -298.6629733603553, "params": {"k_pid_pos": [1.1056088714159582, 0.18584856640255576, 0.9945012259796517], "k_pid_alt": [1.7102967640603488, 0.7441873351029245, 0.03021910260098648], "k_pid_att": [10.076049430213263, 1.7137971562068395, 0.752599228626349], "k_pid_yaw": [0.5, 1e-06, 0.1], "k_pid_hsp": [8.82316929540939, 0.4916836048822246, 0.0727589449824474], "k_pid_vsp": [274.18112077502815, 271.9198437517375, 48.0111495161302]}, "datetime": {"datetime": "2025-08-14 00:07:13", "elapsed": 51561.38777256012, "delta": 39.30284523963928}, "costs": {"total_cost": 298.6629733603553, "time_cost": 95.58500000000001, "final_distance_cost": 1.783485439636187, "oscillation_cost": 104.07205366981805, "completition_cost": 0.0, "overshoot_cost": 54.136851718534274, "power_cost": 21.462688745117187, "noise_cost": 21.622893787249634, "n_waypoints_completed": 9, "tot_waypoints": 9}}
