{"target": -349.59272744647916, "params": {"k_pid_pos": [1.8840174401236391, 0.4776492430985211, 0.8334708204479413], "k_pid_alt": [1.8717955105104853, 0.0650912080530417, 0.5372660216491616], "k_pid_att": [20.307528584402, 8.166680203697045, 0.974434057013296], "k_pid_yaw": [0.5, 1e-06, 0.1], "k_pid_hsp": [4.455044496616519, 0.0681040063045576, 0.17280995272862332], "k_pid_vsp": [161.58788188862428, 6.303607324675549, 17.517338177342523]}, "datetime": {"datetime": "2025-08-13 16:43:21", "elapsed": 24929.59274148941, "delta": 24.15495991706848}, "costs": {"total_cost": 349.59272744647916, "time_cost": 79.625, "final_distance_cost": 1.7912727242016133, "oscillation_cost": 177.4622553867986, "completition_cost": 0.0, "overshoot_cost": 52.848831538733634, "power_cost": 18.74194462890625, "noise_cost": 19.123423167839046, "n_waypoints_completed": 9, "tot_waypoints": 9}}
{"target": -1230.0785999056013, "params": {"k_pid_pos": [1.9044182434847754, 0.08535145207156913, 0.7274855736977003], "k_pid_alt": [0.38299782215630795, 0.8587477594603484, 0.4743921809736308], "k_pid_att": [16.959843445451593, 0.6809185367987812, 0.6722222474460654], "k_pid_yaw": [0.5, 1e-06, 0.1], "k_pid_hsp": [1.4008624479012153, 0.9283091589911735, 0.9436786790163869], "k_pid_vsp": [179.66373885221083, 27.858054295459542, 20.76287599559171]}, "datetime": {"datetime": "2025-08-13 16:43:59", "elapsed": 24967.55640721321, "delta": 37.96366572380066}, "costs": {"total_cost": 1230.0785999056013, "time_cost": 150, "final_distance_cost": 52.59373703709757, "oscillation_cost": 329.5560848696259, "completition_cost": 555.5555555555555, "overshoot_cost": 59.86632631601554, "power_cost": 43.19340211181641, "noise_cost": 39.31349401549017, "n_waypoints_completed": 4, "tot_waypoints": 9}}
{"target": -577.0135830868124, "params": {"k_pid_pos": [0.7959023860529906, 0.44806408701503675, 0.8535399803498629], "k_pid_alt": [0.6403889709887325, 0.17217185853811268, 0.5618431899792724], "k_pid_att": [32.63380542221769, 4.536454596319388, 0.7125028662018431], "k_pid_yaw": [0.5, 1e-06, 0.1], "k_pid_hsp": [4.275042369042166, 0.8264158814389573, 0.9435205297787952], "k_pid_vsp": [102.5531472364571, 348.6286345929148, 49.68980869265669]}, "datetime": {"datetime": "2025-08-13 16:44:39", "elapsed": 25007.1263525486, "delta": 39.569945335388184}, "costs": {"total_cost": 577.0135830868124, "time_cost": 107.506, "final_distance_cost": 1.797864933780822, "oscillation_cost": 356.86856117071227, "completition_cost": 0.0, "overshoot_cost": 54.46516988994137, "power_cost": 30.278737536621094, "noise_cost": 26.09724955575685, "n_waypoints_completed": 9, "tot_waypoints": 9}}
{"target": -1287.2733650871744, "params": {"k_pid_pos": [0.05255166639426975, 0.7110443010103671, 0.5101130751921521], "k_pid_alt": [0.32193000804449134, 0.7580731910421434, 0.19821631014746366], "k_pid_att": [17.9615982396632, 5.4228196725349544, 0.4355896760568819], "k_pid_yaw": [0.5, 1e-06, 0.1], "k_pid_hsp": [4.2054587516955495, 0.9631214446639671, 0.7494271713110648], "k_pid_vsp": [190.3869338476924, 294.7274114642063, 16.791821821360863]}, "datetime": {"datetime": "2025-08-13 16:45:15", "elapsed": 25043.08695292473, "delta": 35.96060037612915}, "costs": {"total_cost": 1287.2733650871744, "time_cost": 150, "final_distance_cost": 55.980437295755266, "oscillation_cost": 296.95134835401814, "completition_cost": 666.6666666666667, "overshoot_cost": 56.732131237462355, "power_cost": 30.80624482421875, "noise_cost": 30.136536709053043, "n_waypoints_completed": 3, "tot_waypoints": 9}}
{"target": -472.32415781227274, "params": {"k_pid_pos": [1.1862249689239295, 0.8131612783016107, 0.34465242810555397], "k_pid_alt": [0.9746422325490063, 0.9052003742916196, 0.0296393468463364], "k_pid_att": [9.722567873361943, 4.409545523163342, 0.1211444817180305], "k_pid_yaw": [0.5, 1e-06, 0.1], "k_pid_hsp": [6.877500471924909, 0.588572323390044, 0.18108993401768503], "k_pid_vsp": [151.63932279868882, 25.706227694915164, 0.6623553926952974]}, "datetime": {"datetime": "2025-08-13 16:45:46", "elapsed": 25074.743795871735, "delta": 31.656842947006226}, "costs": {"total_cost": 472.32415781227274, "time_cost": 107.71600000000001, "final_distance_cost": 1.7653572337509966, "oscillation_cost": 247.74630143196958, "completition_cost": 0.0, "overshoot_cost": 59.65474504101232, "power_cost": 23.98369188232422, "noise_cost": 31.458062223215617, "n_waypoints_completed": 9, "tot_waypoints": 9}}
{"target": -482.7839993530505, "params": {"k_pid_pos": [0.5169454676345393, 0.9911533257098213, 0.44838681872284225], "k_pid_alt": [1.6058047934211712, 0.7755889022416155, 0.6122674053216868], "k_pid_att": [20.120877496129886, 5.349000431498622, 0.9603739982207917], "k_pid_yaw": [0.5, 1e-06, 0.1], "k_pid_hsp": [5.0196620870060515, 0.19604519277840238, 0.4339161131431106], "k_pid_vsp": [163.4948738800485, 25.05753054182452, 21.747509277688707]}, "datetime": {"datetime": "2025-08-13 16:46:20", "elapsed": 25108.45176577568, "delta": 33.70796990394592}, "costs": {"total_cost": 482.7839993530505, "time_cost": 119.413, "final_distance_cost": 1.7900043565173842, "oscillation_cost": 232.50313674954663, "completition_cost": 0.0, "overshoot_cost": 63.008759023236216, "power_cost": 34.30458218994141, "noise_cost": 31.76451703380882, "n_waypoints_completed": 9, "tot_waypoints": 9}}
{"target": -323.7592826247317, "params": {"k_pid_pos": [1.1420921230053827, 0.9397035978952164, 0.608191883177149], "k_pid_alt": [0.5077154400770256, 0.34402494530788186, 0.6938346540309062], "k_pid_att": [17.633111823737146, 4.204708159980948, 0.9957635354378697], "k_pid_yaw": [0.5, 1e-06, 0.1], "k_pid_hsp": [6.174909608175867, 0.7279245821062863, 0.07599195285618998], "k_pid_vsp": [299.67596600662534, 334.37852027720936, 81.45233054124004]}, "datetime": {"datetime": "2025-08-13 16:46:52", "elapsed": 25140.34676384926, "delta": 31.89499807357788}, "costs": {"total_cost": 323.7592826247317, "time_cost": 105.574, "final_distance_cost": 1.7899565616729036, "oscillation_cost": 106.30184254420485, "completition_cost": 0.0, "overshoot_cost": 55.73003897248361, "power_cost": 28.506205664062502, "noise_cost": 25.85723888230786, "n_waypoints_completed": 9, "tot_waypoints": 9}}
{"target": -361.42566537603153, "params": {"k_pid_pos": [0.6658585754006178, 0.7959658987642576, 0.45865693261096896], "k_pid_alt": [1.352995449005205, 0.20962993353072912, 0.9711101900418199], "k_pid_att": [6.897058708293691, 4.763143140983395, 0.5547076710618685], "k_pid_yaw": [0.5, 1e-06, 0.1], "k_pid_hsp": [4.2757595408833495, 0.6089090664846647, 0.1787675376045672], "k_pid_vsp": [300.26156901896763, 336.1244218561208, 98.9106863646548]}, "datetime": {"datetime": "2025-08-13 16:47:24", "elapsed": 25172.85957956314, "delta": 32.512815713882446}, "costs": {"total_cost": 361.42566537603153, "time_cost": 114.177, "final_distance_cost": 1.7469363494992802, "oscillation_cost": 134.77813466922154, "completition_cost": 0.0, "overshoot_cost": 54.091652389612285, "power_cost": 29.854511938476563, "noise_cost": 26.777430029221897, "n_waypoints_completed": 9, "tot_waypoints": 9}}
{"target": -424.28869808009836, "params": {"k_pid_pos": [1.7070647417893459, 0.6855630920415035, 0.15951350511771678], "k_pid_alt": [0.3036383272023455, 0.5656787723466773, 0.6553485827013452], "k_pid_att": [14.230343520296573, 1.780320220384944, 0.8027368141370519], "k_pid_yaw": [0.5, 1e-06, 0.1], "k_pid_hsp": [6.134340491657124, 0.4298483851379883, 0.3448842135396085], "k_pid_vsp": [168.03841557665987, 19.355125228480333, 2.219429532086422]}, "datetime": {"datetime": "2025-08-13 16:47:57", "elapsed": 25205.30880498886, "delta": 32.449225425720215}, "costs": {"total_cost": 424.28869808009836, "time_cost": 117.761, "final_distance_cost": 1.740489928344671, "oscillation_cost": 168.65474599780504, "completition_cost": 0.0, "overshoot_cost": 64.17040871254727, "power_cost": 35.963344958496094, "noise_cost": 35.9987084829053, "n_waypoints_completed": 9, "tot_waypoints": 9}}
{"target": -456.97414566548593, "params": {"k_pid_pos": [1.757694812618676, 0.08906311552863211, 0.8589642954615841], "k_pid_alt": [0.37495707132927025, 0.8587876711221232, 0.940981127268209], "k_pid_att": [12.321036709171073, 1.4733233529939413, 0.31231519652723094], "k_pid_yaw": [0.5, 1e-06, 0.1], "k_pid_hsp": [5.303213745074072, 0.30959083907053486, 0.36105739615602195], "k_pid_vsp": [282.9222789077317, 335.75004363706364, 108.44483596150793]}, "datetime": {"datetime": "2025-08-13 16:48:23", "elapsed": 25231.50214290619, "delta": 26.19333791732788}, "costs": {"total_cost": 456.97414566548593, "time_cost": 94.115, "final_distance_cost": 1.7983545584803189, "oscillation_cost": 254.90159336071247, "completition_cost": 0.0, "overshoot_cost": 60.916992026528604, "power_cost": 23.335333044433593, "noise_cost": 21.90687267533099, "n_waypoints_completed": 9, "tot_waypoints": 9}}
{"target": -1904.0007931153511, "params": {"k_pid_pos": [1.873152387918779, 0.6965845761039764, 0.29600790005607946], "k_pid_alt": [0.08948610061155571, 0.9748826306983668, 0.2082343941272763], "k_pid_att": [54.13241768716824, 7.449224198227729, 0.7665817433912946], "k_pid_yaw": [0.5, 1e-06, 0.1], "k_pid_hsp": [0.5008697954444655, 0.4569239527544373, 0.7852803902775148], "k_pid_vsp": [183.9342536007734, 23.07962042744785, 11.153878301936599]}, "datetime": {"datetime": "2025-08-13 16:48:56", "elapsed": 25264.277963399887, "delta": 32.77582049369812}, "costs": {"total_cost": 1904.0007931153511, "time_cost": 150, "final_distance_cost": 35.59504196743673, "oscillation_cost": 575.3800076238891, "completition_cost": 1000.0, "overshoot_cost": 74.35812944992931, "power_cost": 38.752960498046875, "noise_cost": 29.91465357604917, "n_waypoints_completed": 0, "tot_waypoints": 9}}
{"target": -473.34482057688604, "params": {"k_pid_pos": [0.20284731309986775, 0.6295381584665378, 0.2841722913890288], "k_pid_alt": [1.8734577619112494, 0.035298508535173134, 0.46844125263593295], "k_pid_att": [20.663807336279582, 6.3778319092822136, 0.95527612844076], "k_pid_yaw": [0.5, 1e-06, 0.1], "k_pid_hsp": [7.695303314209412, 0.9909995659934026, 0.28219061545279733], "k_pid_vsp": [167.45502051254047, 17.937506575783562, 20.133791362775025]}, "datetime": {"datetime": "2025-08-13 16:49:30", "elapsed": 25297.995339155197, "delta": 33.71737575531006}, "costs": {"total_cost": 473.34482057688604, "time_cost": 116.375, "final_distance_cost": 1.802559579740938, "oscillation_cost": 233.63028603056927, "completition_cost": 0.0, "overshoot_cost": 59.001612028711335, "power_cost": 32.20223619384766, "noise_cost": 30.333126744016795, "n_waypoints_completed": 9, "tot_waypoints": 9}}
{"target": -269.86548865240104, "params": {"k_pid_pos": [1.4416107573299628, 0.48979176123314405, 0.3016534227635772], "k_pid_alt": [0.8803035610198162, 0.18319157885201473, 0.9222362706850271], "k_pid_att": [17.20402102918928, 4.3898831281219834, 0.8270598362187961], "k_pid_yaw": [0.5, 1e-06, 0.1], "k_pid_hsp": [2.491687286375529, 0.4550852013463727, 0.0], "k_pid_vsp": [165.27537550496942, 11.024693197452175, 18.093411178102354]}, "datetime": {"datetime": "2025-08-13 16:50:05", "elapsed": 25333.070860147476, "delta": 35.07552099227905}, "costs": {"total_cost": 269.86548865240104, "time_cost": 103.95, "final_distance_cost": 1.7955582728085577, "oscillation_cost": 48.24619569592958, "completition_cost": 0.0, "overshoot_cost": 55.424520299946124, "power_cost": 31.26055612792969, "noise_cost": 29.18865825578705, "n_waypoints_completed": 9, "tot_waypoints": 9}}
{"target": -1403.8367647501334, "params": {"k_pid_pos": [0.34944222157779137, 0.8933526601233585, 0.6748051638494881], "k_pid_alt": [1.1573675435192046, 0.8072807695143916, 0.4601137952749621], "k_pid_att": [50.85749831970111, 4.871205293281136, 0.09770392994026345], "k_pid_yaw": [0.5, 1e-06, 0.1], "k_pid_hsp": [6.863294743713846, 0.27839769224988276, 0.3803696683463681], "k_pid_vsp": [188.46474886640635, 22.545841753663705, 12.881695747301121]}, "datetime": {"datetime": "2025-08-13 16:50:40", "elapsed": 25368.415048599243, "delta": 35.34418845176697}, "costs": {"total_cost": 1403.8367647501334, "time_cost": 150, "final_distance_cost": 42.6309709072901, "oscillation_cost": 546.5081437602736, "completition_cost": 555.5555555555555, "overshoot_cost": 44.3506974092707, "power_cost": 33.27965924072266, "noise_cost": 31.511737877020746, "n_waypoints_completed": 4, "tot_waypoints": 9}}
{"target": -303.20299856615355, "params": {"k_pid_pos": [0.9892448488021965, 0.4553702080483438, 0.32277793386217646], "k_pid_alt": [0.8896803101524624, 0.35979996326884467, 0.3113084846788393], "k_pid_att": [3.606581483972382, 8.330103727906954, 0.720511322764039], "k_pid_yaw": [0.5, 1e-06, 0.1], "k_pid_hsp": [9.883348144487389, 0.2561479997337188, 0.03729421804378075], "k_pid_vsp": [289.41147896208065, 283.65992727793076, 62.17368433051788]}, "datetime": {"datetime": "2025-08-13 16:51:05", "elapsed": 25393.353368520737, "delta": 24.93831992149353}, "costs": {"total_cost": 303.20299856615355, "time_cost": 89.53, "final_distance_cost": 1.780407976249418, "oscillation_cost": 110.41179783944858, "completition_cost": 0.0, "overshoot_cost": 53.71623446958065, "power_cost": 24.808702099609377, "noise_cost": 22.955856181265492, "n_waypoints_completed": 9, "tot_waypoints": 9}}
{"target": -430.8295597341907, "params": {"k_pid_pos": [1.352592866460624, 0.20028480415754102, 0.3461215017881102], "k_pid_alt": [1.272811690028242, 0.254364133569424, 0.7902195582945786], "k_pid_att": [24.180184821808414, 1.9822986303944097, 0.7351699665582908], "k_pid_yaw": [0.5, 1e-06, 0.1], "k_pid_hsp": [8.851275794224307, 0.3028105472241175, 0.4637038879381158], "k_pid_vsp": [245.7234836338924, 268.21971236132094, 50.88947091001315]}, "datetime": {"datetime": "2025-08-13 16:51:27", "elapsed": 25415.80505990982, "delta": 22.451691389083862}, "costs": {"total_cost": 430.8295597341907, "time_cost": 81.249, "final_distance_cost": 1.7347453129976869, "oscillation_cost": 261.7525091533789, "completition_cost": 0.0, "overshoot_cost": 51.62002889959697, "power_cost": 16.404867944335937, "noise_cost": 18.06840842388116, "n_waypoints_completed": 9, "tot_waypoints": 9}}
{"target": -1058.1001906464844, "params": {"k_pid_pos": [0.27800288143392765, 0.05633610513763021, 0.14264158820473305], "k_pid_alt": [0.51554824464878, 0.35754129253242795, 0.5891082645172214], "k_pid_att": [66.68849884481274, 2.215169413405086, 0.14021023766398488], "k_pid_yaw": [0.5, 1e-06, 0.1], "k_pid_hsp": [2.8427378670381613, 0.8612551670163879, 0.44951012926483613], "k_pid_vsp": [77.49488688391307, 365.35430741804345, 42.86747465494475]}, "datetime": {"datetime": "2025-08-13 16:51:59", "elapsed": 25447.623012304306, "delta": 31.817952394485474}, "costs": {"total_cost": 1058.1001906464844, "time_cost": 150, "final_distance_cost": 45.661976555063724, "oscillation_cost": 611.9743828770377, "completition_cost": 111.11111111111116, "overshoot_cost": 64.55593786071127, "power_cost": 42.718659521484376, "noise_cost": 32.07812272107623, "n_waypoints_completed": 8, "tot_waypoints": 9}}
{"target": -435.86525106193403, "params": {"k_pid_pos": [1.2620299419623218, 0.6187486925362273, 0.5248763026581517], "k_pid_alt": [1.5862794067558026, 0.6162617377230873, 0.6717279457335316], "k_pid_att": [8.714084885145423, 7.507310247265315, 0.6354043965951526], "k_pid_yaw": [0.5, 1e-06, 0.1], "k_pid_hsp": [5.138944812497125, 0.6727772210024882, 0.788572618637299], "k_pid_vsp": [256.7744761588053, 281.04027456315106, 56.41329662516416]}, "datetime": {"datetime": "2025-08-13 16:52:26", "elapsed": 25474.69134259224, "delta": 27.06833028793335}, "costs": {"total_cost": 435.86525106193403, "time_cost": 97.72, "final_distance_cost": 1.7930470148302664, "oscillation_cost": 227.25297893894293, "completition_cost": 0.0, "overshoot_cost": 55.27908292563438, "power_cost": 28.987416967773438, "noise_cost": 24.832725214753058, "n_waypoints_completed": 9, "tot_waypoints": 9}}
{"target": -376.0826447442929, "params": {"k_pid_pos": [1.8487696405272651, 0.5281392386676959, 0.0921154208415198], "k_pid_alt": [0.5752399122886331, 0.5589857071932692, 0.5106912014914499], "k_pid_att": [4.401731067454717, 5.447610219414369, 0.6694095130783286], "k_pid_yaw": [0.5, 1e-06, 0.1], "k_pid_hsp": [9.718992656440502, 0.8582159002703478, 0.2559585162057819], "k_pid_vsp": [286.20846764521775, 284.61078629008585, 68.46661839874459]}, "datetime": {"datetime": "2025-08-13 16:52:57", "elapsed": 25505.355981349945, "delta": 30.66463875770569}, "costs": {"total_cost": 376.0826447442929, "time_cost": 101.598, "final_distance_cost": 1.7493854193139444, "oscillation_cost": 155.47152985820972, "completition_cost": 0.0, "overshoot_cost": 60.309544192562015, "power_cost": 29.55780974121094, "noise_cost": 27.396375532996313, "n_waypoints_completed": 9, "tot_waypoints": 9}}
{"target": -856.4182153161136, "params": {"k_pid_pos": [0.7061024317570413, 0.9616319893629987, 0.5000601544780319], "k_pid_alt": [0.023576414417548985, 0.8529698747380493, 0.32610786780516177], "k_pid_att": [11.821456438399347, 1.1315419147452666, 0.5930157476886362], "k_pid_yaw": [0.5, 1e-06, 0.1], "k_pid_hsp": [4.571436753866166, 0.09382387700694783, 0.14844289628538276], "k_pid_vsp": [313.6960537088451, 330.0469390995708, 104.9955129900249]}, "datetime": {"datetime": "2025-08-13 16:53:31", "elapsed": 25539.184002637863, "delta": 33.82802128791809}, "costs": {"total_cost": 856.4182153161136, "time_cost": 150, "final_distance_cost": 75.39184548602877, "oscillation_cost": 169.97042958079734, "completition_cost": 333.33333333333337, "overshoot_cost": 61.409831012486066, "power_cost": 35.31930545654297, "noise_cost": 30.993470446924988, "n_waypoints_completed": 6, "tot_waypoints": 9}}
{"target": -451.45560736158444, "params": {"k_pid_pos": [1.223147135259042, 0.2836682157592685, 0.20794373481851813], "k_pid_alt": [1.5142844873359829, 0.47341835826584366, 0.3812167765777429], "k_pid_att": [51.78858407511831, 3.15363508426402, 0.0005453728096481703], "k_pid_yaw": [0.5, 1e-06, 0.1], "k_pid_hsp": [5.949905185364853, 0.714748067572985, 0.49542721512903887], "k_pid_vsp": [82.46419547665758, 350.8331178019922, 44.126100190829675]}, "datetime": {"datetime": "2025-08-13 16:53:57", "elapsed": 25565.4253616333, "delta": 26.241358995437622}, "costs": {"total_cost": 451.45560736158444, "time_cost": 80.276, "final_distance_cost": 1.7473653808750271, "oscillation_cost": 272.102147594884, "completition_cost": 0.0, "overshoot_cost": 53.10081574592056, "power_cost": 23.982015661621094, "noise_cost": 20.247262978283764, "n_waypoints_completed": 9, "tot_waypoints": 9}}
{"target": -452.45701913540097, "params": {"k_pid_pos": [1.6357677498328291, 0.8809412873206478, 0.7966683441607683], "k_pid_alt": [1.3839203743648505, 0.20179671016964873, 0.9549058479888604], "k_pid_att": [7.852785651550631, 8.42401409998438, 0.4797949503055392], "k_pid_yaw": [0.5, 1e-06, 0.1], "k_pid_hsp": [7.142989709412471, 0.5299181850153819, 0.5162964832677123], "k_pid_vsp": [307.1438643991751, 327.3207804203023, 102.94710448013811]}, "datetime": {"datetime": "2025-08-13 16:54:33", "elapsed": 25601.01730799675, "delta": 35.5919463634491}, "costs": {"total_cost": 452.45701913540097, "time_cost": 104.125, "final_distance_cost": 1.7345924817564455, "oscillation_cost": 233.84785431519117, "completition_cost": 0.0, "overshoot_cost": 55.3603422918351, "power_cost": 31.251132250976564, "noise_cost": 26.138097795641688, "n_waypoints_completed": 9, "tot_waypoints": 9}}
{"target": -412.7731926078175, "params": {"k_pid_pos": [1.7024808453651181, 0.1251925545014424, 0.7224913325830453], "k_pid_alt": [1.0410893865746336, 0.8526467420765405, 0.2846499001598478], "k_pid_att": [15.150640507359281, 5.426065576332154, 0.9389706783466745], "k_pid_yaw": [0.5, 1e-06, 0.1], "k_pid_hsp": [6.359331536330717, 0.1665050617041155, 0.7120643788039956], "k_pid_vsp": [163.70456410932297, 26.02849393211747, 7.680891038182191]}, "datetime": {"datetime": "2025-08-13 16:55:00", "elapsed": 25628.013689756393, "delta": 26.996381759643555}, "costs": {"total_cost": 412.7731926078175, "time_cost": 91.322, "final_distance_cost": 1.7902710787804033, "oscillation_cost": 213.10244602259067, "completition_cost": 0.0, "overshoot_cost": 58.04324255494557, "power_cost": 23.00252900390625, "noise_cost": 25.512703947594627, "n_waypoints_completed": 9, "tot_waypoints": 9}}
{"target": -529.2667118407941, "params": {"k_pid_pos": [0.7558483539131602, 0.23662129763781647, 0.27750388108550184], "k_pid_alt": [0.8036706096092592, 0.6215546810482289, 0.11870301951340057], "k_pid_att": [18.102198373167255, 2.565995735838094, 0.7757758271681277], "k_pid_yaw": [0.5, 1e-06, 0.1], "k_pid_hsp": [5.5067455651304735, 0.6254233909485734, 0.42787568991402425], "k_pid_vsp": [194.17341462240535, 299.039442804691, 22.88978561978813]}, "datetime": {"datetime": "2025-08-13 16:55:30", "elapsed": 25658.81400370598, "delta": 30.80031394958496}, "costs": {"total_cost": 529.2667118407941, "time_cost": 115.01, "final_distance_cost": 1.7436713284006111, "oscillation_cost": 298.33322884627444, "completition_cost": 0.0, "overshoot_cost": 59.597087093962244, "power_cost": 26.65852626953125, "noise_cost": 27.924198302625435, "n_waypoints_completed": 9, "tot_waypoints": 9}}
