{"target": -720.5413298883572, "params": {"k_pid_pos": [1.0640934567376834, 0.9669051697736609, 0.2817803283109307], "k_pid_alt": [0.9901588577666591, 0.6849853367706835, 0.5169986421165601], "k_pid_att": [15.485613618320892, 0.8731794911429221, 0.725746134068436], "k_pid_yaw": [0.5, 1e-06, 0.1], "k_pid_hsp": [1.397372326546735, 0.6832843368243621, 0.7426964552904327], "k_pid_vsp": [247.0195211994161, 262.7192211233462, 41.862077455093726]}, "datetime": {"datetime": "2025-08-13 10:11:32", "elapsed": 1420.3260481357574, "delta": 30.700846910476685}, "costs": {"total_cost": 720.5413298883572, "time_cost": 150, "final_distance_cost": 68.71628460379051, "oscillation_cost": 146.65682453742778, "completition_cost": 222.2222222222222, "overshoot_cost": 63.58648266513896, "power_cost": 37.66078214111328, "noise_cost": 31.698733718664442, "n_waypoints_completed": 7, "tot_waypoints": 9}}
{"target": -296.4613816012253, "params": {"k_pid_pos": [1.51457969466041, 0.24596855441675503, 0.17359346936120013], "k_pid_alt": [0.7065897008725748, 0.2834468952695578, 0.9409342608054722], "k_pid_att": [3.345518184596341, 3.1787544864399315, 0.4433067408883954], "k_pid_yaw": [0.5, 1e-06, 0.1], "k_pid_hsp": [8.840934548073946, 0.627680771623239, 0.14001891144240342], "k_pid_vsp": [296.38143096256096, 340.84504151968065, 100.22322703193853]}, "datetime": {"datetime": "2025-08-13 10:11:52", "elapsed": 1440.6219549179077, "delta": 20.29590678215027}, "costs": {"total_cost": 296.4613816012253, "time_cost": 82.747, "final_distance_cost": 1.7956599720754658, "oscillation_cost": 118.09167501928796, "completition_cost": 0.0, "overshoot_cost": 52.021290942148525, "power_cost": 22.065787939453127, "noise_cost": 19.73996772826023, "n_waypoints_completed": 9, "tot_waypoints": 9}}
{"target": -603.7016001643061, "params": {"k_pid_pos": [0.8088001466462271, 0.24093926869504778, 0.8249417186645949], "k_pid_alt": [1.2925726063958416, 0.03721541508118553, 0.7382578909317182], "k_pid_att": [25.87525164932327, 3.2739676980897054, 0.9021454393761802], "k_pid_yaw": [0.5, 1e-06, 0.1], "k_pid_hsp": [1.0422599267243968, 0.10810628899243824, 0.7047825821489978], "k_pid_vsp": [183.00206044448893, 14.903043022612136, 13.4772420586954]}, "datetime": {"datetime": "2025-08-13 10:12:21", "elapsed": 1469.5387008190155, "delta": 28.916745901107788}, "costs": {"total_cost": 603.7016001643061, "time_cost": 105.7, "final_distance_cost": 1.7830648575536816, "oscillation_cost": 390.01566845340045, "completition_cost": 0.0, "overshoot_cost": 56.97138338705683, "power_cost": 24.034776989746096, "noise_cost": 25.19670647654898, "n_waypoints_completed": 9, "tot_waypoints": 9}}
{"target": -473.43520996158736, "params": {"k_pid_pos": [0.7495232451868867, 0.08871382403499928, 0.6099509560930685], "k_pid_alt": [0.41565662508439827, 0.7617431404328145, 0.819423139117275], "k_pid_att": [14.192442763857416, 7.1535773149286195, 0.4774345449287216], "k_pid_yaw": [0.5, 1e-06, 0.1], "k_pid_hsp": [9.264867199246941, 0.9875012736119466, 0.9015208572952289], "k_pid_vsp": [257.7895987439416, 280.84305540565214, 53.28442286948748]}, "datetime": {"datetime": "2025-08-13 10:12:44", "elapsed": 1492.2373070716858, "delta": 22.698606252670288}, "costs": {"total_cost": 473.43520996158736, "time_cost": 95.389, "final_distance_cost": 1.8034618231460748, "oscillation_cost": 269.90597459157186, "completition_cost": 0.0, "overshoot_cost": 59.99103604869538, "power_cost": 24.04741407470703, "noise_cost": 22.298323423467046, "n_waypoints_completed": 9, "tot_waypoints": 9}}
{"target": -381.27198485869127, "params": {"k_pid_pos": [1.8735293164140903, 0.47570000615564445, 0.6463801911710897], "k_pid_alt": [1.8690607679224398, 0.13377395019702987, 0.27337857860485093], "k_pid_att": [2.1484032361235528, 2.039219086789183, 0.12463540301610332], "k_pid_yaw": [0.5, 1e-06, 0.1], "k_pid_hsp": [8.036731140075002, 0.8592943142828415, 0.7506654881498555], "k_pid_vsp": [271.3535336596779, 282.019470335241, 38.21803327467635]}, "datetime": {"datetime": "2025-08-13 10:13:09", "elapsed": 1517.1808905601501, "delta": 24.943583488464355}, "costs": {"total_cost": 381.27198485869127, "time_cost": 102.788, "final_distance_cost": 1.7794089853499842, "oscillation_cost": 166.7346118495401, "completition_cost": 0.0, "overshoot_cost": 55.42909392113177, "power_cost": 28.68962430419922, "noise_cost": 25.851245798470213, "n_waypoints_completed": 9, "tot_waypoints": 9}}
{"target": -671.5766221988085, "params": {"k_pid_pos": [1.3664003487227545, 0.07267246126494753, 0.47129430474380873], "k_pid_alt": [0.45895334140960165, 0.283034443399647, 0.9164662676161649], "k_pid_att": [44.878341399908415, 4.320760798039452, 0.11967304936144862], "k_pid_yaw": [0.5, 1e-06, 0.1], "k_pid_hsp": [1.5009534582605581, 0.3477246493646933, 0.21830714818766572], "k_pid_vsp": [193.92316976970764, 22.837433790095172, 0.3344795951940889]}, "datetime": {"datetime": "2025-08-13 10:13:36", "elapsed": 1544.3675532341003, "delta": 27.186662673950195}, "costs": {"total_cost": 671.5766221988085, "time_cost": 112.819, "final_distance_cost": 1.788077590812568, "oscillation_cost": 440.6925136062167, "completition_cost": 0.0, "overshoot_cost": 59.00606561145813, "power_cost": 27.310099353027343, "noise_cost": 29.960866037293872, "n_waypoints_completed": 9, "tot_waypoints": 9}}
{"target": -439.82538816921704, "params": {"k_pid_pos": [1.0516134963081891, 0.1921957684276373, 0.00555644874568173], "k_pid_alt": [1.9373976485824964, 0.5940169019170654, 0.7106483338575984], "k_pid_att": [48.03347037027817, 2.4251697123555145, 0.6767039059513017], "k_pid_yaw": [0.5, 1e-06, 0.1], "k_pid_hsp": [9.452890984018989, 0.690990176294777, 0.13614878147533405], "k_pid_vsp": [93.88398936725797, 358.1093952257442, 39.91429665447921]}, "datetime": {"datetime": "2025-08-13 10:13:58", "elapsed": 1566.0812315940857, "delta": 21.71367835998535}, "costs": {"total_cost": 439.82538816921704, "time_cost": 80.682, "final_distance_cost": 1.74253458136281, "oscillation_cost": 265.1398089151073, "completition_cost": 0.0, "overshoot_cost": 51.43458731016387, "power_cost": 21.392056079101565, "noise_cost": 19.434401283481467, "n_waypoints_completed": 9, "tot_waypoints": 9}}
{"target": -1114.3884402382603, "params": {"k_pid_pos": [0.22862098387357374, 0.2480815770599546, 0.4092923035292194], "k_pid_alt": [1.0049689606621932, 0.6241985262534133, 0.1492151151625032], "k_pid_att": [9.669026194389252, 7.249910179962299, 0.27849666927820804], "k_pid_yaw": [0.5, 1e-06, 0.1], "k_pid_hsp": [3.517772711580453, 0.568058017401379, 0.9442381120748891], "k_pid_vsp": [265.78752704376956, 278.95272576767735, 36.41776394444022]}, "datetime": {"datetime": "2025-08-13 10:14:31", "elapsed": 1599.9094557762146, "delta": 33.828224182128906}, "costs": {"total_cost": 1114.3884402382603, "time_cost": 150, "final_distance_cost": 76.89414469246127, "oscillation_cost": 435.65431319361204, "completition_cost": 333.33333333333337, "overshoot_cost": 50.94839635312588, "power_cost": 35.65389090576172, "noise_cost": 31.90436175996586, "n_waypoints_completed": 6, "tot_waypoints": 9}}
{"target": -1342.6748931355185, "params": {"k_pid_pos": [0.06807477118322332, 0.7112043546543338, 0.9448688518215269], "k_pid_alt": [1.9037220417270824, 0.11348942169655607, 0.195379129591296], "k_pid_att": [13.997501632570286, 8.800402179330709, 0.1857879275799278], "k_pid_yaw": [0.5, 1e-06, 0.1], "k_pid_hsp": [7.036002524755264, 0.46124301066249707, 0.9769344787247292], "k_pid_vsp": [252.54992107023617, 285.7694172639648, 41.79131396606596]}, "datetime": {"datetime": "2025-08-13 10:15:09", "elapsed": 1637.2518520355225, "delta": 37.34239625930786}, "costs": {"total_cost": 1342.6748931355185, "time_cost": 150, "final_distance_cost": 43.90178026582389, "oscillation_cost": 454.3248500066057, "completition_cost": 555.5555555555555, "overshoot_cost": 60.05655603683933, "power_cost": 44.637505200195314, "noise_cost": 34.19864607049866, "n_waypoints_completed": 4, "tot_waypoints": 9}}
{"target": -375.84602119822, "params": {"k_pid_pos": [1.769625551714752, 0.30745832997462064, 0.8368408282947355], "k_pid_alt": [0.9288085979675833, 0.6614088892242234, 0.6804256822529952], "k_pid_att": [7.597724883481405, 6.797868114095486, 0.6379050155562649], "k_pid_yaw": [0.5, 1e-06, 0.1], "k_pid_hsp": [8.239833732184001, 0.8127619805588858, 0.3164033626120457], "k_pid_vsp": [268.08160852379063, 289.1138924764708, 39.536272959365874]}, "datetime": {"datetime": "2025-08-13 10:15:41", "elapsed": 1669.6592106819153, "delta": 32.40735864639282}, "costs": {"total_cost": 375.84602119822, "time_cost": 94.136, "final_distance_cost": 1.7319659524172792, "oscillation_cost": 176.42114037823782, "completition_cost": 0.0, "overshoot_cost": 54.20157797775698, "power_cost": 25.894789379882813, "noise_cost": 23.46054750992508, "n_waypoints_completed": 9, "tot_waypoints": 9}}
{"target": -574.104115423107, "params": {"k_pid_pos": [0.7996306995673866, 0.6209612716630311, 0.2645746406236701], "k_pid_alt": [0.5902884346460358, 0.5925112545966628, 0.6838601339522852], "k_pid_att": [27.785424957270333, 7.216040382839143, 0.6820321219761701], "k_pid_yaw": [0.5, 1e-06, 0.1], "k_pid_hsp": [7.977537375886999, 0.4306547561710261, 0.28333825402504675], "k_pid_vsp": [189.84630649872955, 13.962726474926537, 3.829556831541461]}, "datetime": {"datetime": "2025-08-13 10:16:09", "elapsed": 1697.6191787719727, "delta": 27.959968090057373}, "costs": {"total_cost": 574.104115423107, "time_cost": 104.71300000000001, "final_distance_cost": 1.791852770673213, "oscillation_cost": 354.39375983306417, "completition_cost": 0.0, "overshoot_cost": 58.89375698066257, "power_cost": 24.964384814453126, "noise_cost": 29.347361024254045, "n_waypoints_completed": 9, "tot_waypoints": 9}}
{"target": -1151.5132316208246, "params": {"k_pid_pos": [0.5857611163228543, 0.368503054357572, 0.7544650716793837], "k_pid_alt": [0.2494490700733072, 0.02150705662675101, 0.39671218668299035], "k_pid_att": [40.64372115607393, 4.434983431621953, 0.16202901495043776], "k_pid_yaw": [0.5, 1e-06, 0.1], "k_pid_hsp": [4.353441663903289, 0.34255096858507184, 0.8081574074903045], "k_pid_vsp": [186.0556299155574, 6.885312939090473, 23.248369334302293]}, "datetime": {"datetime": "2025-08-13 10:16:46", "elapsed": 1734.0784335136414, "delta": 36.4592547416687}, "costs": {"total_cost": 1151.5132316208246, "time_cost": 150, "final_distance_cost": 69.57826416851009, "oscillation_cost": 597.7034592754377, "completition_cost": 222.2222222222222, "overshoot_cost": 48.631229974813586, "power_cost": 34.88813728027344, "noise_cost": 28.48991869956757, "n_waypoints_completed": 7, "tot_waypoints": 9}}
{"target": -538.7003664765014, "params": {"k_pid_pos": [1.084166991152187, 0.2992404693387475, 0.4504607361377182], "k_pid_alt": [0.2950354117195262, 0.5114376779042005, 0.38966518739861733], "k_pid_att": [22.432017043422093, 3.6240761439847873, 0.795543514280574], "k_pid_yaw": [0.5, 1e-06, 0.1], "k_pid_hsp": [9.736239669294584, 0.35679409859835387, 0.9015345671195916], "k_pid_vsp": [178.15895805612377, 20.073711891229916, 1.6219943238863457]}, "datetime": {"datetime": "2025-08-13 10:17:25", "elapsed": 1773.0714886188507, "delta": 38.99305510520935}, "costs": {"total_cost": 538.7003664765014, "time_cost": 101.241, "final_distance_cost": 1.7429448444742757, "oscillation_cost": 325.40361416957415, "completition_cost": 0.0, "overshoot_cost": 60.000399018491365, "power_cost": 22.723918627929688, "noise_cost": 27.58848981603193, "n_waypoints_completed": 9, "tot_waypoints": 9}}
{"target": -566.150658426963, "params": {"k_pid_pos": [1.6325646998313652, 0.4159175431163282, 0.02255042965010201], "k_pid_alt": [0.6808228317625937, 0.5770701692157943, 0.29421869781460586], "k_pid_att": [1.7934189834417191, 0.9986694657070495, 0.27182233828729263], "k_pid_yaw": [0.5, 1e-06, 0.1], "k_pid_hsp": [7.569459385701557, 0.6170505024669265, 0.1809905655124574], "k_pid_vsp": [276.7580734238035, 273.3070077845635, 34.83154178130004]}, "datetime": {"datetime": "2025-08-13 10:17:57", "elapsed": 1805.1753923892975, "delta": 32.10390377044678}, "costs": {"total_cost": 566.150658426963, "time_cost": 150, "final_distance_cost": 10.864656229658115, "oscillation_cost": 136.32745700018003, "completition_cost": 111.11111111111116, "overshoot_cost": 76.08557058730352, "power_cost": 43.007082299804686, "noise_cost": 38.75478119890559, "n_waypoints_completed": 8, "tot_waypoints": 9}}
{"target": -880.8358520325027, "params": {"k_pid_pos": [0.19934337180439535, 0.2952339526326677, 0.16156613295706168], "k_pid_alt": [0.8121475352830263, 0.4704624486741973, 0.5925120238911478], "k_pid_att": [14.914066996110087, 9.215125191506079, 0.36439735164674103], "k_pid_yaw": [0.5, 1e-06, 0.1], "k_pid_hsp": [0.7185676856322225, 0.8434513711508934, 0.6752368921254709], "k_pid_vsp": [273.11687207717176, 283.16243220107737, 42.4852825612137]}, "datetime": {"datetime": "2025-08-13 10:18:27", "elapsed": 1835.2418565750122, "delta": 30.06646418571472}, "costs": {"total_cost": 880.8358520325027, "time_cost": 150, "final_distance_cost": 72.11348276417306, "oscillation_cost": 328.88241678683994, "completition_cost": 222.2222222222222, "overshoot_cost": 52.46074855923627, "power_cost": 27.472020458984375, "noise_cost": 27.684961241046715, "n_waypoints_completed": 7, "tot_waypoints": 9}}
{"target": -559.5591348758595, "params": {"k_pid_pos": [1.432318639778435, 0.7111581690179727, 0.34281595710716983], "k_pid_alt": [1.459334002110268, 0.30023339390554116, 0.014570614766873824], "k_pid_att": [39.429323065474705, 4.362637507586472, 0.05964103399547893], "k_pid_yaw": [0.5, 1e-06, 0.1], "k_pid_hsp": [6.590611887208922, 0.086915575169482, 0.863221498716002], "k_pid_vsp": [172.84870013034612, 15.787351876141788, 10.741502716647547]}, "datetime": {"datetime": "2025-08-13 10:18:53", "elapsed": 1861.5841948986053, "delta": 26.34233832359314}, "costs": {"total_cost": 559.5591348758595, "time_cost": 100.52, "final_distance_cost": 1.7874704798764727, "oscillation_cost": 340.14043467918515, "completition_cost": 0.0, "overshoot_cost": 56.6484751687069, "power_cost": 32.17672175292969, "noise_cost": 28.286032795161347, "n_waypoints_completed": 9, "tot_waypoints": 9}}
{"target": -403.8727610130358, "params": {"k_pid_pos": [1.2486605290125907, 0.6746631615326185, 0.19535030995924052], "k_pid_alt": [1.885824211972034, 0.576451849194927, 0.1817110044669925], "k_pid_att": [24.15936155070686, 4.214155044607795, 0.8669222634287727], "k_pid_yaw": [0.5, 1e-06, 0.1], "k_pid_hsp": [3.7223392256272922, 0.885044347626613, 0.17421093156961487], "k_pid_vsp": [172.520183571794, 19.063699487707602, 1.534827249798325]}, "datetime": {"datetime": "2025-08-13 10:19:23", "elapsed": 1891.8909256458282, "delta": 30.3067307472229}, "costs": {"total_cost": 403.8727610130358, "time_cost": 102.36800000000001, "final_distance_cost": 1.7940260342948378, "oscillation_cost": 193.68219900961486, "completition_cost": 0.0, "overshoot_cost": 58.330727059071485, "power_cost": 21.11714832763672, "noise_cost": 26.58066058241792, "n_waypoints_completed": 9, "tot_waypoints": 9}}
{"target": -301.57728366889654, "params": {"k_pid_pos": [1.3968012344514942, 0.6250500934104294, 0.5091090088625998], "k_pid_alt": [1.3521773723164958, 0.47239488327059076, 0.11801115947359919], "k_pid_att": [11.657311863633591, 1.5617850827142519, 0.9622788936742456], "k_pid_yaw": [0.5, 1e-06, 0.1], "k_pid_hsp": [8.076149357666305, 0.4668642204607131, 0.17219509307560754], "k_pid_vsp": [168.34586256859652, 21.32029018727673, 0.465602283096272]}, "datetime": {"datetime": "2025-08-13 10:19:51", "elapsed": 1919.4972755908966, "delta": 27.60634994506836}, "costs": {"total_cost": 301.57728366889654, "time_cost": 89.306, "final_distance_cost": 1.766620494946715, "oscillation_cost": 114.75527989486542, "completition_cost": 0.0, "overshoot_cost": 52.63248345377886, "power_cost": 19.613136889648437, "noise_cost": 23.503762935657132, "n_waypoints_completed": 9, "tot_waypoints": 9}}
{"target": -994.4147179529168, "params": {"k_pid_pos": [1.4792790615872604, 0.8908341697143157, 0.10683064911427598], "k_pid_alt": [0.12831436055527967, 0.08620976203486297, 0.8772302885309023], "k_pid_att": [13.606145902257383, 2.7384275041736656, 0.529363758629253], "k_pid_yaw": [0.5, 1e-06, 0.1], "k_pid_hsp": [9.458537259211363, 0.9685952181953683, 0.382109469117327], "k_pid_vsp": [293.1203101688177, 340.22819111101745, 89.41027554892487]}, "datetime": {"datetime": "2025-08-13 10:20:23", "elapsed": 1951.7990236282349, "delta": 32.30174803733826}, "costs": {"total_cost": 994.4147179529168, "time_cost": 150, "final_distance_cost": 52.10249059490245, "oscillation_cost": 124.22800893946386, "completition_cost": 555.5555555555555, "overshoot_cost": 56.33476255876424, "power_cost": 29.780360974121095, "noise_cost": 26.413539330109472, "n_waypoints_completed": 4, "tot_waypoints": 9}}
{"target": -321.73645068569243, "params": {"k_pid_pos": [1.455862183137933, 0.26989678184411603, 0.3727554072009248], "k_pid_alt": [2.0, 0.6474134354542841, 0.5729890811149269], "k_pid_att": [52.26323870052982, 4.27783650444088, 0.8376506814203272], "k_pid_yaw": [0.5, 1e-06, 0.1], "k_pid_hsp": [6.600204403225668, 0.6094709409807451, 0.06632169984868065], "k_pid_vsp": [90.37203880000492, 353.70788390769786, 41.36295126103235]}, "datetime": {"datetime": "2025-08-13 10:20:44", "elapsed": 1972.0049488544464, "delta": 20.205925226211548}, "costs": {"total_cost": 321.73645068569243, "time_cost": 77.735, "final_distance_cost": 1.795418833740794, "oscillation_cost": 150.93736637364395, "completition_cost": 0.0, "overshoot_cost": 50.50128527013002, "power_cost": 21.391051794433594, "noise_cost": 19.37632841374402, "n_waypoints_completed": 9, "tot_waypoints": 9}}
{"target": -301.7558753385158, "params": {"k_pid_pos": [1.5262544332421182, 0.2844601160877144, 0.31147360635058874], "k_pid_alt": [1.2497919240147268, 0.47816618812250106, 0.6429706791584515], "k_pid_att": [4.391856505783321, 1.2071520851028308, 0.5583800958881634], "k_pid_yaw": [0.5, 1e-06, 0.1], "k_pid_hsp": [6.479672724864161, 0.49472832989537635, 0.2274272406679652], "k_pid_vsp": [299.50356342797704, 338.4532399446242, 105.24655728114399]}, "datetime": {"datetime": "2025-08-13 10:21:05", "elapsed": 1993.6942694187164, "delta": 21.68932056427002}, "costs": {"total_cost": 301.7558753385158, "time_cost": 84.007, "final_distance_cost": 1.7835594948947648, "oscillation_cost": 109.81639088713129, "completition_cost": 0.0, "overshoot_cost": 54.82178989789131, "power_cost": 28.170547338867188, "noise_cost": 23.156587719731274, "n_waypoints_completed": 9, "tot_waypoints": 9}}
{"target": -220.37855794809724, "params": {"k_pid_pos": [2.0, 0.2688165667630577, 1.0], "k_pid_alt": [1.8277660627848118, 0.808136244678223, 0.08468715037807617], "k_pid_att": [45.542748437112934, 6.263573608462914, 1.0], "k_pid_yaw": [0.5, 1e-06, 0.1], "k_pid_hsp": [3.859112286756414, 0.4933641425409425, 0.0], "k_pid_vsp": [91.85772363037395, 353.6779913879988, 42.241725275894154]}, "datetime": {"datetime": "2025-08-13 10:21:24", "elapsed": 2012.2821326255798, "delta": 18.587863206863403}, "costs": {"total_cost": 220.37855794809724, "time_cost": 76.83200000000001, "final_distance_cost": 1.7740492644433756, "oscillation_cost": 52.11033335995577, "completition_cost": 0.0, "overshoot_cost": 51.74015703922806, "power_cost": 19.761391540527345, "noise_cost": 18.16062674394269, "n_waypoints_completed": 9, "tot_waypoints": 9}}
{"target": -660.1464415798514, "params": {"k_pid_pos": [1.6626866934652624, 0.9457882733354332, 0.4553686321682626], "k_pid_alt": [0.21339012842457583, 0.02404534999459007, 0.015379611251626346], "k_pid_att": [9.973939462959592, 1.8870731654290784, 0.028157773775153938], "k_pid_yaw": [0.5, 1e-06, 0.1], "k_pid_hsp": [7.504974592390582, 0.6554358994795711, 0.5755696899267602], "k_pid_vsp": [251.01241145746607, 276.6420559704801, 48.5746740159776]}, "datetime": {"datetime": "2025-08-13 10:21:55", "elapsed": 2043.1747508049011, "delta": 30.89261817932129}, "costs": {"total_cost": 660.1464415798514, "time_cost": 150, "final_distance_cost": 5.678100816229815, "oscillation_cost": 264.20536951875795, "completition_cost": 111.11111111111116, "overshoot_cost": 59.37293486819428, "power_cost": 36.15758259277344, "noise_cost": 33.62134267278472, "n_waypoints_completed": 8, "tot_waypoints": 9}}
{"target": -1263.547760012747, "params": {"k_pid_pos": [1.1053546364169944, 0.11823129692159728, 0.5518031090798416], "k_pid_alt": [0.49672260883129704, 0.681807041769144, 0.2368750662112964], "k_pid_att": [51.41736163332469, 1.3196998828248065, 0.6385892384540569], "k_pid_yaw": [0.5, 1e-06, 0.1], "k_pid_hsp": [2.0147659277884085, 0.8573898385978153, 0.7836229979009646], "k_pid_vsp": [89.37746761609154, 342.0223094171064, 32.412043799676226]}, "datetime": {"datetime": "2025-08-13 10:22:24", "elapsed": 2072.700925350189, "delta": 29.526174545288086}, "costs": {"total_cost": 1263.547760012747, "time_cost": 150, "final_distance_cost": 46.00258397993987, "oscillation_cost": 402.7579262261007, "completition_cost": 555.5555555555555, "overshoot_cost": 52.767721516762414, "power_cost": 28.233550610351564, "noise_cost": 28.2304221240368, "n_waypoints_completed": 4, "tot_waypoints": 9}}
