{"target": -543.3269749736987, "params": {"k_pid_pos": [1.0474092551133054, 0.4490725519774226, 0.554400965106288], "k_pid_alt": [0.7395841635621367, 0.2481986102064443, 0.05010250631335611], "k_pid_att": [49.42408236073438, 2.3453888849880364, 0.9143723178689063], "k_pid_yaw": [0.5, 1e-06, 0.1], "k_pid_hsp": [6.291849115713591, 0.03110570252143563, 0.9887922990369569], "k_pid_vsp": [94.42442683212495, 362.8999714038639, 45.10931908323897]}, "datetime": {"datetime": "2025-08-13 17:53:01", "elapsed": 29109.36172270775, "delta": 23.668840646743774}, "costs": {"total_cost": 543.3269749736987, "time_cost": 91.805, "final_distance_cost": 1.763431483657363, "oscillation_cost": 345.0539431500811, "completition_cost": 0.0, "overshoot_cost": 53.47082556322976, "power_cost": 28.323720458984376, "noise_cost": 22.910054317746084, "n_waypoints_completed": 9, "tot_waypoints": 9}}
{"target": -460.46603981028295, "params": {"k_pid_pos": [1.8574769861490057, 0.07175979109549169, 0.03340729733382919], "k_pid_alt": [0.7706334257956371, 0.6145326376246116, 0.019239104231271953], "k_pid_att": [5.1944782243301235, 1.7231886799699356, 0.021987713029178346], "k_pid_yaw": [0.5, 1e-06, 0.1], "k_pid_hsp": [8.114643295974371, 0.1490883080751909, 0.514833618984999], "k_pid_vsp": [266.543144355474, 288.46387729810573, 36.77356307466731]}, "datetime": {"datetime": "2025-08-13 17:53:27", "elapsed": 29135.14253616333, "delta": 25.780813455581665}, "costs": {"total_cost": 460.46603981028295, "time_cost": 96.166, "final_distance_cost": 1.7705420063598478, "oscillation_cost": 250.40096027786805, "completition_cost": 0.0, "overshoot_cost": 59.37316132984711, "power_cost": 27.644006652832033, "noise_cost": 25.111369543375957, "n_waypoints_completed": 9, "tot_waypoints": 9}}
{"target": -1166.0890347816314, "params": {"k_pid_pos": [0.1691628189623612, 0.9172775279992724, 0.920762896687953], "k_pid_alt": [0.016835264165713015, 0.02581004017349975, 0.8928036530816176], "k_pid_att": [7.239806473624677, 4.544355460104424, 0.606815453164285], "k_pid_yaw": [0.5, 1e-06, 0.1], "k_pid_hsp": [8.64560360377862, 0.15505313876733895, 0.4051549605095295], "k_pid_vsp": [272.0748377982615, 287.58597358182953, 46.91253338219867]}, "datetime": {"datetime": "2025-08-13 17:53:58", "elapsed": 29166.778455018997, "delta": 31.635918855667114}, "costs": {"total_cost": 1166.0890347816314, "time_cost": 150, "final_distance_cost": 67.66138201433021, "oscillation_cost": 154.6546022202599, "completition_cost": 666.6666666666667, "overshoot_cost": 72.99702506038567, "power_cost": 27.366398571777346, "noise_cost": 26.742960248211595, "n_waypoints_completed": 3, "tot_waypoints": 9}}
{"target": -721.91993904331, "params": {"k_pid_pos": [1.7569285812934612, 0.4430855462124589, 0.47371898159690684], "k_pid_alt": [0.3780471019803495, 0.5850259767104888, 0.2653008461192181], "k_pid_att": [54.193759665848994, 3.8503950589628175, 0.39341557685923956], "k_pid_yaw": [0.5, 1e-06, 0.1], "k_pid_hsp": [9.87701910298605, 0.3565707601097, 0.3172023177843327], "k_pid_vsp": [88.88620951618722, 357.1555005683591, 44.76639161996083]}, "datetime": {"datetime": "2025-08-13 17:54:30", "elapsed": 29198.255153894424, "delta": 31.476698875427246}, "costs": {"total_cost": 721.91993904331, "time_cost": 117.376, "final_distance_cost": 1.787745177981324, "oscillation_cost": 451.3579577372075, "completition_cost": 0.0, "overshoot_cost": 72.24127233786032, "power_cost": 45.486630261230474, "noise_cost": 33.67033352903039, "n_waypoints_completed": 9, "tot_waypoints": 9}}
{"target": -271.9683252997413, "params": {"k_pid_pos": [1.9103502533417254, 0.2261138303200273, 0.5627839822660444], "k_pid_alt": [1.5826032315833292, 0.640269875279334, 0.15166252352532494], "k_pid_att": [10.626166607721322, 9.154049264988805, 0.4355307925220454], "k_pid_yaw": [0.5, 1e-06, 0.1], "k_pid_hsp": [8.100482803556439, 0.5390543947381812, 0.01970647394410907], "k_pid_vsp": [170.63620628739042, 18.345293437218846, 26.971997942607505]}, "datetime": {"datetime": "2025-08-13 17:54:54", "elapsed": 29222.388386011124, "delta": 24.13323211669922}, "costs": {"total_cost": 271.9683252997413, "time_cost": 85.428, "final_distance_cost": 1.7268903958223032, "oscillation_cost": 82.32159261583566, "completition_cost": 0.0, "overshoot_cost": 54.53669329948435, "power_cost": 24.47272333984375, "noise_cost": 23.482425648755232, "n_waypoints_completed": 9, "tot_waypoints": 9}}
{"target": -686.4723494249787, "params": {"k_pid_pos": [1.4806638971156538, 0.9038706887205916, 0.7608218143602137], "k_pid_alt": [1.4594056916597093, 0.49934135562849224, 0.319018485475697], "k_pid_att": [38.27575359536315, 2.9221995453374725, 0.7313941332902842], "k_pid_yaw": [0.5, 1e-06, 0.1], "k_pid_hsp": [2.499437676418312, 0.21262433234146672, 0.6448037479814487], "k_pid_vsp": [98.53301593852547, 355.066201740532, 50.80809609728759]}, "datetime": {"datetime": "2025-08-13 17:55:25", "elapsed": 29253.528071403503, "delta": 31.13968539237976}, "costs": {"total_cost": 686.4723494249787, "time_cost": 150, "final_distance_cost": 66.8561436276447, "oscillation_cost": 242.42271010789003, "completition_cost": 111.11111111111116, "overshoot_cost": 58.83313094419587, "power_cost": 30.275165112304688, "noise_cost": 26.974088521832172, "n_waypoints_completed": 8, "tot_waypoints": 9}}
{"target": -288.06530065156466, "params": {"k_pid_pos": [1.2954232107921686, 0.08546557152609602, 0.6736700653559823], "k_pid_alt": [0.7281011429620947, 0.8053709619458986, 0.16218286194463893], "k_pid_att": [13.631776541058926, 3.245302744062143, 0.7499038625172219], "k_pid_yaw": [0.5, 1e-06, 0.1], "k_pid_hsp": [4.705928839749416, 0.8819135130097304, 0.05508100475862199], "k_pid_vsp": [166.54486369078597, 29.347892448072155, 5.5644168116157635]}, "datetime": {"datetime": "2025-08-13 17:55:49", "elapsed": 29277.73869037628, "delta": 24.21061897277832}, "costs": {"total_cost": 288.06530065156466, "time_cost": 87.82900000000001, "final_distance_cost": 1.8126639231265187, "oscillation_cost": 101.69324713264918, "completition_cost": 0.0, "overshoot_cost": 56.63740053044398, "power_cost": 17.038897497558594, "noise_cost": 23.054091567786376, "n_waypoints_completed": 9, "tot_waypoints": 9}}
{"target": -367.74895448602666, "params": {"k_pid_pos": [1.0457113827604232, 0.7126933389072267, 0.2627436011961801], "k_pid_alt": [1.7475221628580035, 0.7658937655877004, 0.4611147815204448], "k_pid_att": [14.755986972111334, 1.087223991154731, 0.5090799665966059], "k_pid_yaw": [0.5, 1e-06, 0.1], "k_pid_hsp": [6.010524090420187, 0.9896839811746498, 0.3234596165962622], "k_pid_vsp": [192.66685952913375, 306.633058788507, 11.822400339143]}, "datetime": {"datetime": "2025-08-13 17:56:13", "elapsed": 29301.83262705803, "delta": 24.093936681747437}, "costs": {"total_cost": 367.74895448602666, "time_cost": 89.208, "final_distance_cost": 1.7464708318595081, "oscillation_cost": 182.18445264665058, "completition_cost": 0.0, "overshoot_cost": 51.421241940361945, "power_cost": 20.599318493652344, "noise_cost": 22.58947057350228, "n_waypoints_completed": 9, "tot_waypoints": 9}}
{"target": -1531.1932903152483, "params": {"k_pid_pos": [0.24199119757452814, 0.15529156718696369, 0.856221733619563], "k_pid_alt": [0.5996384543585545, 0.90275267876043, 0.6053880453326519], "k_pid_att": [46.3164116639456, 2.275521772724828, 0.3377531092695414], "k_pid_yaw": [0.5, 1e-06, 0.1], "k_pid_hsp": [0.6591760387657212, 0.5911430426239721, 0.19873781344318953], "k_pid_vsp": [91.62349488787709, 359.40647800415564, 41.4852750190524]}, "datetime": {"datetime": "2025-08-13 17:56:44", "elapsed": 29332.71239423752, "delta": 30.879767179489136}, "costs": {"total_cost": 1531.1932903152483, "time_cost": 150, "final_distance_cost": 51.99266511045819, "oscillation_cost": 541.4843885416487, "completition_cost": 666.6666666666667, "overshoot_cost": 52.943701087158445, "power_cost": 37.05934697265625, "noise_cost": 31.046521936660145, "n_waypoints_completed": 3, "tot_waypoints": 9}}
{"target": -441.571850451359, "params": {"k_pid_pos": [1.5641430203546611, 0.8831930177211902, 0.970969686076626], "k_pid_alt": [0.7081594874472015, 0.010533503906347885, 0.5391289076069996], "k_pid_att": [21.27421644596469, 8.077303327600436, 0.5185379007349059], "k_pid_yaw": [0.5, 1e-06, 0.1], "k_pid_hsp": [5.88096389340501, 0.7227644056245163, 0.1869912794553017], "k_pid_vsp": [170.10876586278113, 17.316386538903807, 19.559412463244694]}, "datetime": {"datetime": "2025-08-13 17:57:08", "elapsed": 29355.99377346039, "delta": 23.281379222869873}, "costs": {"total_cost": 441.571850451359, "time_cost": 84.28, "final_distance_cost": 1.8431265621182038, "oscillation_cost": 259.0234939885219, "completition_cost": 0.0, "overshoot_cost": 51.5948612323437, "power_cost": 23.507228723144532, "noise_cost": 21.323139945230647, "n_waypoints_completed": 9, "tot_waypoints": 9}}
{"target": -1097.714327622178, "params": {"k_pid_pos": [0.19676166628874991, 0.8786549368040601, 0.42736341610758644], "k_pid_alt": [0.5421703269409281, 0.7542956777437032, 0.40846478722187207], "k_pid_att": [18.161840154756483, 9.56406269824829, 0.5921236525073341], "k_pid_yaw": [0.5, 1e-06, 0.1], "k_pid_hsp": [5.027655475831965, 0.4366257318105967, 0.4853587333487316], "k_pid_vsp": [312.4520446911742, 330.33249929545497, 97.58893011280881]}, "datetime": {"datetime": "2025-08-13 17:57:38", "elapsed": 29386.829775333405, "delta": 30.836001873016357}, "costs": {"total_cost": 1097.714327622178, "time_cost": 150, "final_distance_cost": 35.744106538260816, "oscillation_cost": 225.1919809126446, "completition_cost": 555.5555555555555, "overshoot_cost": 56.4929287670646, "power_cost": 40.97610041503906, "noise_cost": 33.75365543361351, "n_waypoints_completed": 4, "tot_waypoints": 9}}
{"target": -289.51700109358734, "params": {"k_pid_pos": [0.7333586012624912, 0.239322639385948, 0.1830121795428512], "k_pid_alt": [1.8873140534529484, 0.0636393714544421, 0.8647331340537956], "k_pid_att": [9.980081994364697, 0.7024072185380328, 0.398909880769977], "k_pid_yaw": [0.5, 1e-06, 0.1], "k_pid_hsp": [0.9873821376280854, 0.7449902796620547, 0.48674186556018684], "k_pid_vsp": [203.48666175373023, 328.535791926624, 14.238882622267395]}, "datetime": {"datetime": "2025-08-13 17:57:59", "elapsed": 29407.183304071426, "delta": 20.35352873802185}, "costs": {"total_cost": 289.51700109358734, "time_cost": 78.274, "final_distance_cost": 1.7528078229548187, "oscillation_cost": 117.72084757544656, "completition_cost": 0.0, "overshoot_cost": 52.08796574642843, "power_cost": 19.88105329589844, "noise_cost": 19.800326652859084, "n_waypoints_completed": 9, "tot_waypoints": 9}}
{"target": -383.36256754629574, "params": {"k_pid_pos": [1.8476766491247307, 0.5581765206402878, 0.5513741363997383], "k_pid_alt": [1.8141107523296716, 0.65609963930188, 0.6064889403693492], "k_pid_att": [12.038070376368815, 9.799167147164194, 0.892126994745291], "k_pid_yaw": [0.5, 1e-06, 0.1], "k_pid_hsp": [6.224243705464826, 0.6982354671487344, 0.565844252119108], "k_pid_vsp": [305.7142638625045, 340.3855700154748, 91.69925250521095]}, "datetime": {"datetime": "2025-08-13 17:58:25", "elapsed": 29433.718384742737, "delta": 26.535080671310425}, "costs": {"total_cost": 383.36256754629574, "time_cost": 90.97200000000001, "final_distance_cost": 1.7358282753753798, "oscillation_cost": 192.21698238038044, "completition_cost": 0.0, "overshoot_cost": 54.04982689907569, "power_cost": 23.108204711914063, "noise_cost": 21.27972527955015, "n_waypoints_completed": 9, "tot_waypoints": 9}}
{"target": -506.4868437845211, "params": {"k_pid_pos": [1.2580918718594087, 0.5554933208473996, 0.423696269858987], "k_pid_alt": [0.6091779735234895, 0.04628020004425448, 0.8636677742739403], "k_pid_att": [29.320343504954327, 7.138892566620114, 0.07234430984101792], "k_pid_yaw": [0.5, 1e-06, 0.1], "k_pid_hsp": [3.0646911920829996, 0.3669588677943616, 0.7130934732496585], "k_pid_vsp": [103.19004175561074, 359.33945736354065, 52.74851673097628]}, "datetime": {"datetime": "2025-08-13 17:58:55", "elapsed": 29463.445663928986, "delta": 29.72727918624878}, "costs": {"total_cost": 506.4868437845211, "time_cost": 105.35000000000001, "final_distance_cost": 1.7645567502365065, "oscillation_cost": 282.59449896140677, "completition_cost": 0.0, "overshoot_cost": 60.328127319093745, "power_cost": 29.802966711425782, "noise_cost": 26.646694042358344, "n_waypoints_completed": 9, "tot_waypoints": 9}}
{"target": -533.3382113535525, "params": {"k_pid_pos": [1.2476515849481127, 0.3152697080968089, 0.4190170949790528], "k_pid_alt": [1.053657958610563, 0.7878965522670521, 0.8885543723342594], "k_pid_att": [43.45124106806875, 6.4696212734115095, 0.7227742210196468], "k_pid_yaw": [0.5, 1e-06, 0.1], "k_pid_hsp": [9.066639486695816, 0.23284976473316432, 0.9183409159756188], "k_pid_vsp": [81.4665690197447, 357.50258529375077, 34.06879541170966]}, "datetime": {"datetime": "2025-08-13 17:59:25", "elapsed": 29493.036428451538, "delta": 29.59076452255249}, "costs": {"total_cost": 533.3382113535525, "time_cost": 92.302, "final_distance_cost": 1.76949256377358, "oscillation_cost": 330.6155334184582, "completition_cost": 0.0, "overshoot_cost": 54.115072394950765, "power_cost": 30.21133026123047, "noise_cost": 24.324782715139587, "n_waypoints_completed": 9, "tot_waypoints": 9}}
{"target": -531.5199733635417, "params": {"k_pid_pos": [1.8148182553841155, 0.06845786953110755, 0.05518116782620197], "k_pid_alt": [0.8322520556690205, 0.7476298616377479, 0.3956581716192489], "k_pid_att": [55.88826595477396, 9.14342315131778, 0.014330663478973937], "k_pid_yaw": [0.5, 1e-06, 0.1], "k_pid_hsp": [5.163783728922635, 0.28542620145277353, 0.9416002908219017], "k_pid_vsp": [79.89693339884366, 352.2493741050807, 46.70341988469346]}, "datetime": {"datetime": "2025-08-13 17:59:58", "elapsed": 29526.267188072205, "delta": 33.230759620666504}, "costs": {"total_cost": 531.5199733635417, "time_cost": 104.489, "final_distance_cost": 1.7600976152974155, "oscillation_cost": 316.2427167939176, "completition_cost": 0.0, "overshoot_cost": 57.18840490308324, "power_cost": 27.373412182617187, "noise_cost": 24.466341868626223, "n_waypoints_completed": 9, "tot_waypoints": 9}}
{"target": -288.3910951328327, "params": {"k_pid_pos": [1.3665086416863377, 0.903303845945758, 0.6417315670635801], "k_pid_alt": [1.662898522297972, 0.8338008467513258, 0.8604941539530918], "k_pid_att": [13.974592903164407, 3.2910797121008013, 0.9784250911154743], "k_pid_yaw": [0.5, 1e-06, 0.1], "k_pid_hsp": [7.036113838716671, 0.7432090366076461, 0.25966610225828735], "k_pid_vsp": [258.4620662745484, 272.8939936978478, 49.40824109947208]}, "datetime": {"datetime": "2025-08-13 18:00:33", "elapsed": 29561.394732236862, "delta": 35.12754416465759}, "costs": {"total_cost": 288.3910951328327, "time_cost": 82.915, "final_distance_cost": 1.7604026565070028, "oscillation_cost": 114.52072193645027, "completition_cost": 0.0, "overshoot_cost": 51.05296491601772, "power_cost": 19.524580078125002, "noise_cost": 18.617425545732686, "n_waypoints_completed": 9, "tot_waypoints": 9}}
{"target": -501.78854015189273, "params": {"k_pid_pos": [1.5950158540924735, 0.09981111711108537, 0.492947567205386], "k_pid_alt": [1.6761259287956929, 0.8461608541675154, 0.42334024776541856], "k_pid_att": [58.26692993983712, 3.1031847925389466, 0.4315012612101683], "k_pid_yaw": [0.5, 1e-06, 0.1], "k_pid_hsp": [7.322148480428226, 0.20448585672032704, 0.3652391237759145], "k_pid_vsp": [101.75193794872781, 358.0896626187986, 54.21608967419938]}, "datetime": {"datetime": "2025-08-13 18:00:56", "elapsed": 29584.40426683426, "delta": 23.00953459739685}, "costs": {"total_cost": 501.78854015189273, "time_cost": 83.86, "final_distance_cost": 1.7388521040901435, "oscillation_cost": 316.7768676573089, "completition_cost": 0.0, "overshoot_cost": 54.60023549018576, "power_cost": 24.369325244140626, "noise_cost": 20.44325965616729, "n_waypoints_completed": 9, "tot_waypoints": 9}}
{"target": -301.0994856653007, "params": {"k_pid_pos": [1.8857918568973502, 0.010372142719169086, 0.8037573340971629], "k_pid_alt": [1.8703706008034875, 0.15770972406068873, 0.24009769959592764], "k_pid_att": [7.912512853791254, 1.2836251661758562, 0.9659487856230473], "k_pid_yaw": [0.5, 1e-06, 0.1], "k_pid_hsp": [5.707397386152308, 0.7726939002482257, 0.6983013566482223], "k_pid_vsp": [319.57921256065436, 344.6652907332521, 106.4822589826158]}, "datetime": {"datetime": "2025-08-13 18:01:22", "elapsed": 29610.774192094803, "delta": 26.369925260543823}, "costs": {"total_cost": 301.0994856653007, "time_cost": 85.48400000000001, "final_distance_cost": 1.7914811289969697, "oscillation_cost": 124.11391539883351, "completition_cost": 0.0, "overshoot_cost": 52.62141834204528, "power_cost": 18.968841833496096, "noise_cost": 18.119828961928842, "n_waypoints_completed": 9, "tot_waypoints": 9}}
{"target": -527.9364682459527, "params": {"k_pid_pos": [0.8449455699714125, 0.11602868203819139, 0.22521197491113543], "k_pid_alt": [1.2245554802622132, 0.020849590766102377, 0.557169572938779], "k_pid_att": [58.11238923492037, 6.398905010423124, 0.8234983736879329], "k_pid_yaw": [0.5, 1e-06, 0.1], "k_pid_hsp": [6.418124403295806, 0.022428197891865898, 0.2380851625290351], "k_pid_vsp": [212.42398359174314, 10.998138453238894, 5.807918235121055]}, "datetime": {"datetime": "2025-08-13 18:01:44", "elapsed": 29632.827953100204, "delta": 22.05376100540161}, "costs": {"total_cost": 527.9364682459527, "time_cost": 80.871, "final_distance_cost": 1.8417936858979715, "oscillation_cost": 347.6833584640819, "completition_cost": 0.0, "overshoot_cost": 52.18358724539494, "power_cost": 22.578954736328125, "noise_cost": 22.777774114249766, "n_waypoints_completed": 9, "tot_waypoints": 9}}
{"target": -1093.0059532437956, "params": {"k_pid_pos": [0.9992590873591053, 0.7086442966777474, 0.4631158654034666], "k_pid_alt": [0.09075587695124332, 0.7326889304255408, 0.2056912304495635], "k_pid_att": [10.477723813177086, 5.157780612158787, 0.6052752671862269], "k_pid_yaw": [0.5, 1e-06, 0.1], "k_pid_hsp": [1.5937586212973365, 0.4952899106314339, 0.8550958869046988], "k_pid_vsp": [269.56953854699066, 273.98205328423217, 46.67097346845938]}, "datetime": {"datetime": "2025-08-13 18:02:15", "elapsed": 29663.268877506256, "delta": 30.440924406051636}, "costs": {"total_cost": 1093.0059532437956, "time_cost": 150, "final_distance_cost": 58.95459175959242, "oscillation_cost": 208.57168930100403, "completition_cost": 555.5555555555555, "overshoot_cost": 65.75508360133944, "power_cost": 26.667476916503908, "noise_cost": 27.50155610980028, "n_waypoints_completed": 4, "tot_waypoints": 9}}
{"target": -765.3875520655637, "params": {"k_pid_pos": [1.6591877732469136, 0.8561083445184349, 0.6802180735843792], "k_pid_alt": [0.025112082011415016, 0.45479290017955976, 0.6369133597742904], "k_pid_att": [14.605124351388143, 5.079243957936034, 0.4276408733778072], "k_pid_yaw": [0.5, 1e-06, 0.1], "k_pid_hsp": [8.251606338438295, 0.017737541279625235, 0.842523868687313], "k_pid_vsp": [181.9987670265621, 23.63683072724787, 15.030513587026494]}, "datetime": {"datetime": "2025-08-13 18:02:47", "elapsed": 29695.30271100998, "delta": 32.033833503723145}, "costs": {"total_cost": 765.3875520655637, "time_cost": 150, "final_distance_cost": 51.09482107014906, "oscillation_cost": 329.9539633722989, "completition_cost": 111.11111111111116, "overshoot_cost": 65.93459529568594, "power_cost": 27.555308898925784, "noise_cost": 29.73775231739274, "n_waypoints_completed": 8, "tot_waypoints": 9}}
{"target": -496.52066441883636, "params": {"k_pid_pos": [0.8657983589102293, 0.27060529175316095, 0.39352127909935697], "k_pid_alt": [1.1776823947753372, 0.3123808842696759, 0.23108125941937996], "k_pid_att": [6.969321218524193, 0.6039107727537453, 0.07440293836027412], "k_pid_yaw": [0.5, 1e-06, 0.1], "k_pid_hsp": [2.6972364923749867, 0.6561602999799887, 0.915655635357778], "k_pid_vsp": [165.79414186198028, 22.969277292120832, 10.06971774129901]}, "datetime": {"datetime": "2025-08-13 18:03:17", "elapsed": 29725.483505010605, "delta": 30.18079400062561}, "costs": {"total_cost": 496.52066441883636, "time_cost": 101.479, "final_distance_cost": 1.7950110546562872, "oscillation_cost": 285.9976175036044, "completition_cost": 0.0, "overshoot_cost": 55.55369047317569, "power_cost": 25.262513940429688, "noise_cost": 26.432831446970283, "n_waypoints_completed": 9, "tot_waypoints": 9}}
{"target": -347.79264138462054, "params": {"k_pid_pos": [1.9500219462032802, 0.06020423802905073, 0.24215266574204897], "k_pid_alt": [0.6465986739890237, 0.9753184377543722, 0.10449269598590816], "k_pid_att": [14.932942525536252, 1.387822601752764, 0.9823893601559786], "k_pid_yaw": [0.5, 1e-06, 0.1], "k_pid_hsp": [9.846362038668858, 0.23834363810490422, 0.018506219279261882], "k_pid_vsp": [299.0966604529557, 349.6536155608901, 104.27874052778758]}, "datetime": {"datetime": "2025-08-13 18:03:48", "elapsed": 29756.377697467804, "delta": 30.894192457199097}, "costs": {"total_cost": 347.79264138462054, "time_cost": 116.56400000000001, "final_distance_cost": 1.7876742587917698, "oscillation_cost": 94.79855334929714, "completition_cost": 0.0, "overshoot_cost": 64.65633901532011, "power_cost": 37.199325549316406, "noise_cost": 32.786749211895106, "n_waypoints_completed": 9, "tot_waypoints": 9}}
