{"target": -367.1562224767056, "params": {"k_pid_pos": [1.4765074010843713, 0.9172834285666802, 0.5620033185567228], "k_pid_alt": [1.2964112856171517, 0.5418226518539659, 0.9587392550350101], "k_pid_att": [15.070896062290496, 1.159436703177372, 0.4205785875574075], "k_pid_yaw": [0.5, 1e-06, 0.1], "k_pid_hsp": [9.547692572754803, 0.23001675802921795, 0.26133548474675017], "k_pid_vsp": [172.16400152630578, 11.076105136611453, 11.730144706997457]}, "datetime": {"datetime": "2025-08-13 14:07:02", "elapsed": 15550.282677173615, "delta": 21.270561456680298}, "costs": {"total_cost": 367.1562224767056, "time_cost": 84.581, "final_distance_cost": 1.737829295908823, "oscillation_cost": 184.7363352549387, "completition_cost": 0.0, "overshoot_cost": 53.898567391350355, "power_cost": 20.32016776123047, "noise_cost": 21.882322773277245, "n_waypoints_completed": 9, "tot_waypoints": 9}}
{"target": -1027.7977978823471, "params": {"k_pid_pos": [0.5531889145898504, 0.8990157578687649, 0.6839347902424302], "k_pid_alt": [1.3804084931522131, 0.5021105452989125, 0.73579717941701], "k_pid_att": [20.34148191620132, 7.07565849775253, 0.08869948541179284], "k_pid_yaw": [0.5, 1e-06, 0.1], "k_pid_hsp": [4.825249996854624, 0.4752809260783988, 0.7736011573891726], "k_pid_vsp": [299.4575731653966, 343.04920202920164, 90.02953346668426]}, "datetime": {"datetime": "2025-08-13 14:07:32", "elapsed": 15580.951706647873, "delta": 30.669029474258423}, "costs": {"total_cost": 1027.7977978823471, "time_cost": 150, "final_distance_cost": 67.02054271336092, "oscillation_cost": 354.65642368270903, "completition_cost": 333.33333333333337, "overshoot_cost": 54.039364608944744, "power_cost": 37.85913581542969, "noise_cost": 30.888997728569326, "n_waypoints_completed": 6, "tot_waypoints": 9}}
{"target": -315.6108355200306, "params": {"k_pid_pos": [1.77521684012334, 0.9055623711730926, 0.35035568805408746], "k_pid_alt": [0.7855002852352804, 0.46754396802601583, 0.17982907109945245], "k_pid_att": [9.591649047678729, 6.2920425164185465, 0.6928457274552254], "k_pid_yaw": [0.5, 1e-06, 0.1], "k_pid_hsp": [1.1631138252385136, 0.329162354505915, 0.04014081104370093], "k_pid_vsp": [304.1024640251632, 347.08863476721143, 110.17921694093891]}, "datetime": {"datetime": "2025-08-13 14:08:00", "elapsed": 15608.802764892578, "delta": 27.8510582447052}, "costs": {"total_cost": 315.6108355200306, "time_cost": 103.85900000000001, "final_distance_cost": 1.7544202276668686, "oscillation_cost": 92.83969753919662, "completition_cost": 0.0, "overshoot_cost": 63.63635704780615, "power_cost": 27.161783569335938, "noise_cost": 26.359577136024992, "n_waypoints_completed": 9, "tot_waypoints": 9}}
{"target": -1063.3312185174682, "params": {"k_pid_pos": [0.2926577171163844, 0.8830504116043344, 0.40223472729921184], "k_pid_alt": [0.607713149720351, 0.5583820248680734, 0.7243642482592163], "k_pid_att": [8.540109738831925, 7.082922906997228, 0.8601004640051702], "k_pid_yaw": [0.5, 1e-06, 0.1], "k_pid_hsp": [4.55364236417198, 0.8405980050409245, 0.42438282515095405], "k_pid_vsp": [313.7722242618264, 318.29314675247065, 112.73291684682705]}, "datetime": {"datetime": "2025-08-13 14:08:32", "elapsed": 15639.992062568665, "delta": 31.189297676086426}, "costs": {"total_cost": 1063.3312185174682, "time_cost": 150, "final_distance_cost": 42.534875939708314, "oscillation_cost": 193.64902064788242, "completition_cost": 555.5555555555555, "overshoot_cost": 49.837724291363095, "power_cost": 39.702575122070314, "noise_cost": 32.05146696088854, "n_waypoints_completed": 4, "tot_waypoints": 9}}
{"target": -679.5831677586493, "params": {"k_pid_pos": [0.5320466098219016, 0.7444825846194922, 0.0875428760574245], "k_pid_alt": [1.031888542865908, 0.3717079825606415, 0.6741517545143949], "k_pid_att": [20.23246711192096, 4.286979425943508, 0.8065614927947456], "k_pid_yaw": [0.5, 1e-06, 0.1], "k_pid_hsp": [5.867745416001794, 0.7150355925203261, 0.46852440491827485], "k_pid_vsp": [180.19341933475505, 8.395008578872973, 0.003017778769156867]}, "datetime": {"datetime": "2025-08-13 14:09:02", "elapsed": 15670.79544377327, "delta": 30.803381204605103}, "costs": {"total_cost": 679.5831677586493, "time_cost": 150, "final_distance_cost": 64.2604863851595, "oscillation_cost": 235.10074623677622, "completition_cost": 111.11111111111116, "overshoot_cost": 55.83815142459355, "power_cost": 30.35276854248047, "noise_cost": 32.919904058528495, "n_waypoints_completed": 8, "tot_waypoints": 9}}
{"target": -901.8903103357322, "params": {"k_pid_pos": [0.44132831253328053, 0.39010691287598354, 0.8815482762055846], "k_pid_alt": [1.6811782634701087, 0.7957812208807421, 0.707757230766183], "k_pid_att": [16.716431732532776, 4.907191627383968, 0.809940080349025], "k_pid_yaw": [0.5, 1e-06, 0.1], "k_pid_hsp": [4.398345371232831, 0.49416455260939884, 0.8947984069658784], "k_pid_vsp": [301.5632388250421, 312.0059269581634, 109.45609957356706]}, "datetime": {"datetime": "2025-08-13 14:09:35", "elapsed": 15703.942651987076, "delta": 33.14720821380615}, "costs": {"total_cost": 901.8903103357322, "time_cost": 150, "final_distance_cost": 73.1355614022374, "oscillation_cost": 347.24389154252594, "completition_cost": 222.2222222222222, "overshoot_cost": 50.195220946317605, "power_cost": 30.958438024902346, "noise_cost": 28.13497619752684, "n_waypoints_completed": 7, "tot_waypoints": 9}}
{"target": -792.5020733502492, "params": {"k_pid_pos": [0.9218589709228249, 0.9584103002738988, 0.42794337624929524], "k_pid_alt": [0.23017348699001028, 0.25948384109071687, 0.5980002813244633], "k_pid_att": [6.063770363218035, 8.653793174915721, 0.269039282232056], "k_pid_yaw": [0.5, 1e-06, 0.1], "k_pid_hsp": [6.587322865808177, 0.677806841747215, 0.8275389939378802], "k_pid_vsp": [315.2528549430722, 336.6506643479258, 100.30155199094287]}, "datetime": {"datetime": "2025-08-13 14:10:07", "elapsed": 15735.47587966919, "delta": 31.533227682113647}, "costs": {"total_cost": 792.5020733502492, "time_cost": 150, "final_distance_cost": 64.21421250135512, "oscillation_cost": 235.45009970337128, "completition_cost": 222.2222222222222, "overshoot_cost": 56.55349595702129, "power_cost": 33.556665246582035, "noise_cost": 30.505377719697268, "n_waypoints_completed": 7, "tot_waypoints": 9}}
{"target": -358.3803663081847, "params": {"k_pid_pos": [1.6719575606540589, 0.04335576062303703, 0.42709004164109987], "k_pid_alt": [1.9890312119120375, 0.1059107077892435, 0.6141440196800346], "k_pid_att": [4.703537086769238, 1.621281522755658, 0.24510473417690715], "k_pid_yaw": [0.5, 1e-06, 0.1], "k_pid_hsp": [7.401672039216445, 0.07776362982979657, 0.2588768118642615], "k_pid_vsp": [311.2398737775161, 344.60334598347947, 112.83464666548647]}, "datetime": {"datetime": "2025-08-13 14:10:32", "elapsed": 15760.090004205704, "delta": 24.614124536514282}, "costs": {"total_cost": 358.3803663081847, "time_cost": 93.807, "final_distance_cost": 1.7977137112637802, "oscillation_cost": 158.05141979775485, "completition_cost": 0.0, "overshoot_cost": 52.95566174092678, "power_cost": 27.966125097656253, "noise_cost": 23.802445960583096, "n_waypoints_completed": 9, "tot_waypoints": 9}}
{"target": -275.9025143621213, "params": {"k_pid_pos": [0.7474355206496021, 0.3733289267250376, 0.08068410330914322], "k_pid_alt": [1.9507303465101633, 0.23860909449475765, 0.6986214859402656], "k_pid_att": [17.137681515261793, 6.457174473968571, 0.31903114114216236], "k_pid_yaw": [0.5, 1e-06, 0.1], "k_pid_hsp": [3.034939106726839, 0.9053699326296547, 0.07982099324539516], "k_pid_vsp": [300.28716694067, 335.17121862226804, 82.80990002186718]}, "datetime": {"datetime": "2025-08-13 14:10:53", "elapsed": 15781.799991846085, "delta": 21.70998764038086}, "costs": {"total_cost": 275.9025143621213, "time_cost": 85.505, "final_distance_cost": 1.7293517378593897, "oscillation_cost": 96.87615109462968, "completition_cost": 0.0, "overshoot_cost": 50.87841786123499, "power_cost": 20.455201074218753, "noise_cost": 20.45839259417846, "n_waypoints_completed": 9, "tot_waypoints": 9}}
{"target": -1134.374874634628, "params": {"k_pid_pos": [0.8830694064369593, 0.2765758489732565, 0.78026377516245], "k_pid_alt": [0.024155639864872125, 0.9780060470920156, 0.09415163422955808], "k_pid_att": [21.15896688912453, 7.340761349750897, 0.27618050050100107], "k_pid_yaw": [0.5, 1e-06, 0.1], "k_pid_hsp": [8.24320832551116, 0.5526513630124739, 0.703360821474114], "k_pid_vsp": [179.24530236973078, 6.788443764111819, 10.642420930248658]}, "datetime": {"datetime": "2025-08-13 14:11:24", "elapsed": 15812.754379987717, "delta": 30.95438814163208}, "costs": {"total_cost": 1134.374874634628, "time_cost": 150, "final_distance_cost": 66.6829181260231, "oscillation_cost": 580.4673400374861, "completition_cost": 222.2222222222222, "overshoot_cost": 58.480031728382414, "power_cost": 25.476164489746093, "noise_cost": 31.046198030768267, "n_waypoints_completed": 7, "tot_waypoints": 9}}
{"target": -517.5895842665566, "params": {"k_pid_pos": [1.432077263632184, 0.3632004758847597, 0.12480742892839507], "k_pid_alt": [0.8063880692483327, 0.20097577198758773, 0.6627894516728907], "k_pid_att": [29.800394665375343, 2.800169274035961, 0.5647997524664928], "k_pid_yaw": [0.5, 1e-06, 0.1], "k_pid_hsp": [7.8048434348962505, 0.4736336695704569, 0.4831532219472964], "k_pid_vsp": [242.3654021695564, 268.2514008265666, 48.63954663627464]}, "datetime": {"datetime": "2025-08-13 14:11:51", "elapsed": 15839.439474344254, "delta": 26.685094356536865}, "costs": {"total_cost": 517.5895842665566, "time_cost": 96.922, "final_distance_cost": 1.7626200603414035, "oscillation_cost": 306.79575642329854, "completition_cost": 0.0, "overshoot_cost": 55.751690823768584, "power_cost": 30.68665670166016, "noise_cost": 25.670860257487913, "n_waypoints_completed": 9, "tot_waypoints": 9}}
{"target": -508.1538234239974, "params": {"k_pid_pos": [1.4324380944150352, 0.35955340785843803, 0.10932411853271606], "k_pid_alt": [1.3174762971319307, 0.6998654789164324, 0.11313460937463549], "k_pid_att": [29.377279687018376, 4.7964095708663885, 0.07503263698300588], "k_pid_yaw": [0.5, 1e-06, 0.1], "k_pid_hsp": [6.106425142402231, 0.4636958033373372, 0.49909823795110453], "k_pid_vsp": [190.80889301309236, 16.8466048059796, 10.604910419544558]}, "datetime": {"datetime": "2025-08-13 14:12:12", "elapsed": 15860.524426221848, "delta": 21.084951877593994}, "costs": {"total_cost": 508.1538234239974, "time_cost": 82.824, "final_distance_cost": 1.7763414679948664, "oscillation_cost": 328.4877892910826, "completition_cost": 0.0, "overshoot_cost": 53.72472736982106, "power_cost": 19.37785643310547, "noise_cost": 21.963108861993405, "n_waypoints_completed": 9, "tot_waypoints": 9}}
{"target": -706.7595293633029, "params": {"k_pid_pos": [0.6963516690610414, 0.12403353174472387, 0.6743809537287684], "k_pid_alt": [0.21895062423360212, 0.2770286647544107, 0.543506330139128], "k_pid_att": [10.601467617642257, 2.7367242039895125, 0.235819203025599], "k_pid_yaw": [0.5, 1e-06, 0.1], "k_pid_hsp": [5.959779390189088, 0.23191876139159728, 0.08241615500245025], "k_pid_vsp": [289.07758090734876, 329.63319577717465, 105.73202987986336]}, "datetime": {"datetime": "2025-08-13 14:12:43", "elapsed": 15891.483275651932, "delta": 30.95884943008423}, "costs": {"total_cost": 706.7595293633029, "time_cost": 150, "final_distance_cost": 34.45880972779836, "oscillation_cost": 290.04954242515095, "completition_cost": 111.11111111111116, "overshoot_cost": 61.72701540985547, "power_cost": 31.55514969482422, "noise_cost": 27.85790099456278, "n_waypoints_completed": 8, "tot_waypoints": 9}}
{"target": -1233.9616553888607, "params": {"k_pid_pos": [0.006885457428529848, 0.7582810930112378, 0.04924666205205874], "k_pid_alt": [0.1592315903582202, 0.02038598543844483, 0.5557700325850564], "k_pid_att": [49.47358779787646, 7.926262545115353, 0.21643237592482711], "k_pid_yaw": [0.5, 1e-06, 0.1], "k_pid_hsp": [7.848806373485134, 0.9347877519675878, 0.8370434322126153], "k_pid_vsp": [195.5463999487481, 17.34726433080103, 4.964704482145041]}, "datetime": {"datetime": "2025-08-13 14:13:15", "elapsed": 15923.076974153519, "delta": 31.593698501586914}, "costs": {"total_cost": 1233.9616553888607, "time_cost": 150, "final_distance_cost": 36.49552263597362, "oscillation_cost": 361.89495985693895, "completition_cost": 555.5555555555555, "overshoot_cost": 78.34459726349323, "power_cost": 22.054537719726564, "noise_cost": 29.61648235717282, "n_waypoints_completed": 4, "tot_waypoints": 9}}
{"target": -663.678834788243, "params": {"k_pid_pos": [1.8910122077601201, 0.5272109859704264, 0.35026948458454], "k_pid_alt": [0.10859500984355153, 0.850002626918778, 0.6845522846360322], "k_pid_att": [12.616150398703962, 5.957454940429333, 0.8193104744951312], "k_pid_yaw": [0.5, 1e-06, 0.1], "k_pid_hsp": [8.312161660807805, 0.8527701602317405, 0.3383824621222099], "k_pid_vsp": [301.5009670643188, 315.7181521183109, 106.03123413660259]}, "datetime": {"datetime": "2025-08-13 14:13:46", "elapsed": 15954.510333538055, "delta": 31.433359384536743}, "costs": {"total_cost": 663.678834788243, "time_cost": 150, "final_distance_cost": 38.5536403601039, "oscillation_cost": 243.3720966012314, "completition_cost": 111.11111111111116, "overshoot_cost": 68.81803453832791, "power_cost": 26.05298327636719, "noise_cost": 25.770968901101448, "n_waypoints_completed": 8, "tot_waypoints": 9}}
{"target": -384.37630138955865, "params": {"k_pid_pos": [0.3560828261173216, 0.4291198805850167, 0.18200006210346298], "k_pid_alt": [1.895889440713849, 0.013934186272089977, 0.5212334841723189], "k_pid_att": [13.274679993880556, 7.200256316701064, 0.5728475944907186], "k_pid_yaw": [0.5, 1e-06, 0.1], "k_pid_hsp": [6.743637171679365, 0.6540534722054766, 0.474806862129306], "k_pid_vsp": [309.54608495270566, 345.33049045845854, 111.63688040102271]}, "datetime": {"datetime": "2025-08-13 14:14:10", "elapsed": 15978.474418878555, "delta": 23.964085340499878}, "costs": {"total_cost": 384.37630138955865, "time_cost": 94.864, "final_distance_cost": 1.8015015645828414, "oscillation_cost": 194.74147923336912, "completition_cost": 0.0, "overshoot_cost": 52.15459704779216, "power_cost": 20.11239783935547, "noise_cost": 20.702325704459035, "n_waypoints_completed": 9, "tot_waypoints": 9}}
{"target": -517.5839990398772, "params": {"k_pid_pos": [1.0244991226677125, 0.4279781749661302, 0.6339304119977369], "k_pid_alt": [1.2863659459436103, 0.5362765358847625, 0.5287495235430629], "k_pid_att": [19.723930199990257, 9.114473621700048, 0.505479153105796], "k_pid_yaw": [0.5, 1e-06, 0.1], "k_pid_hsp": [8.352557844688494, 0.7574982054063523, 0.14654254817348467], "k_pid_vsp": [159.72790759990363, 6.323199965412071, 8.092833328711054]}, "datetime": {"datetime": "2025-08-13 14:14:40", "elapsed": 16007.966846466064, "delta": 29.492427587509155}, "costs": {"total_cost": 517.5839990398772, "time_cost": 105.0, "final_distance_cost": 1.7454107360389384, "oscillation_cost": 285.3711460137537, "completition_cost": 0.0, "overshoot_cost": 58.04030549462416, "power_cost": 33.64335546875, "noise_cost": 33.783781326710454, "n_waypoints_completed": 9, "tot_waypoints": 9}}
{"target": -992.0633800993555, "params": {"k_pid_pos": [0.8957215199988996, 0.9765664784097102, 0.981734572925965], "k_pid_alt": [0.6271634849551337, 0.6674556917090418, 0.6977375024658924], "k_pid_att": [11.380589996741442, 1.1494171309583963, 0.3603309089894383], "k_pid_yaw": [0.5, 1e-06, 0.1], "k_pid_hsp": [5.238952694940879, 0.5291458520347219, 0.647617110692469], "k_pid_vsp": [164.7537678262885, 18.70361187860674, 5.451209680359676]}, "datetime": {"datetime": "2025-08-13 14:15:10", "elapsed": 16038.651932477951, "delta": 30.685086011886597}, "costs": {"total_cost": 992.0633800993555, "time_cost": 150, "final_distance_cost": 68.78844935428313, "oscillation_cost": 327.0038622661259, "completition_cost": 333.33333333333337, "overshoot_cost": 50.18296472816216, "power_cost": 28.220023474121096, "noise_cost": 34.53474694332991, "n_waypoints_completed": 6, "tot_waypoints": 9}}
{"target": -449.1983187440526, "params": {"k_pid_pos": [1.7120695843066802, 0.7244473254743167, 0.16066286497144489], "k_pid_alt": [1.4062874999191461, 0.54115364266038, 0.07745049756557054], "k_pid_att": [26.500270835386118, 4.7583811347778475, 0.6120850768730127], "k_pid_yaw": [0.5, 1e-06, 0.1], "k_pid_hsp": [7.2010003801783435, 0.13588192621111828, 0.7207835361042356], "k_pid_vsp": [180.66225166661732, 5.22792628612066, 6.825272592182752]}, "datetime": {"datetime": "2025-08-13 14:15:37", "elapsed": 16065.415669679642, "delta": 26.763737201690674}, "costs": {"total_cost": 449.1983187440526, "time_cost": 94.885, "final_distance_cost": 1.794382069841406, "oscillation_cost": 245.27341849600518, "completition_cost": 0.0, "overshoot_cost": 58.51229231359246, "power_cost": 22.442614770507813, "noise_cost": 26.29061109410569, "n_waypoints_completed": 9, "tot_waypoints": 9}}
{"target": -1589.902358776182, "params": {"k_pid_pos": [0.403164460777364, 0.6453692218948943, 0.6933988610809548], "k_pid_alt": [0.16560726551763283, 0.8697719465137496, 0.15358118434296109], "k_pid_att": [48.46832376318464, 9.416718386356841, 0.771239047270908], "k_pid_yaw": [0.5, 1e-06, 0.1], "k_pid_hsp": [4.081612811744343, 0.735742548741224, 0.613001252781773], "k_pid_vsp": [91.13739961095094, 355.3288204066524, 30.18683019660865]}, "datetime": {"datetime": "2025-08-13 14:16:07", "elapsed": 16095.821723222733, "delta": 30.40605354309082}, "costs": {"total_cost": 1589.902358776182, "time_cost": 150, "final_distance_cost": 96.98887790506971, "oscillation_cost": 457.22139140010324, "completition_cost": 777.7777777777778, "overshoot_cost": 47.26562837251955, "power_cost": 32.91312196044922, "noise_cost": 27.735561360262384, "n_waypoints_completed": 2, "tot_waypoints": 9}}
{"target": -356.4193973767517, "params": {"k_pid_pos": [1.0658421372276243, 0.08896401310041457, 0.41721609725483855], "k_pid_alt": [1.0348944519074974, 0.8853488562989386, 0.7666151747308779], "k_pid_att": [32.28810982696526, 5.3478672137143315, 0.869155649365497], "k_pid_yaw": [0.5, 1e-06, 0.1], "k_pid_hsp": [4.951873492353391, 0.8459080251391764, 0.18787447373749255], "k_pid_vsp": [246.54138136938624, 281.2221799176274, 47.83380487146284]}, "datetime": {"datetime": "2025-08-13 14:16:28", "elapsed": 16116.562162160873, "delta": 20.74043893814087}, "costs": {"total_cost": 356.4193973767517, "time_cost": 80.521, "final_distance_cost": 1.7716168601942475, "oscillation_cost": 183.03190111847073, "completition_cost": 0.0, "overshoot_cost": 52.58476069510065, "power_cost": 19.734782055664063, "noise_cost": 18.775336647321957, "n_waypoints_completed": 9, "tot_waypoints": 9}}
{"target": -582.6565477087438, "params": {"k_pid_pos": [0.5403650154656288, 0.10512275882938804, 0.7266220465214608], "k_pid_alt": [1.349099281014493, 0.7764559405793643, 0.9947936620008174], "k_pid_att": [23.588829364943585, 5.428236166061811, 0.990127067002719], "k_pid_yaw": [0.5, 1e-06, 0.1], "k_pid_hsp": [3.61065508654762, 0.40258565720598305, 0.2338829202070628], "k_pid_vsp": [160.57676574251934, 6.671541839569918, 18.0549159800563]}, "datetime": {"datetime": "2025-08-13 14:16:55", "elapsed": 16143.640016794205, "delta": 27.0778546333313}, "costs": {"total_cost": 582.6565477087438, "time_cost": 107.401, "final_distance_cost": 1.8091525626679428, "oscillation_cost": 351.23378882833714, "completition_cost": 0.0, "overshoot_cost": 60.53314151577843, "power_cost": 32.87434324951172, "noise_cost": 28.805121552448544, "n_waypoints_completed": 9, "tot_waypoints": 9}}
{"target": -652.8573902800297, "params": {"k_pid_pos": [0.5355972796345978, 0.12829030366543503, 0.4404964774877762], "k_pid_alt": [1.4196157193575425, 0.22078020616920901, 0.9096873526458363], "k_pid_att": [17.93221273966249, 9.00371429294344, 0.1005814059904594], "k_pid_yaw": [0.5, 1e-06, 0.1], "k_pid_hsp": [3.813901141194931, 0.4658678795933956, 0.1200379643238143], "k_pid_vsp": [296.94346289133614, 333.2864024429518, 79.87429241611551]}, "datetime": {"datetime": "2025-08-13 14:17:25", "elapsed": 16173.362161874771, "delta": 29.722145080566406}, "costs": {"total_cost": 652.8573902800297, "time_cost": 113.029, "final_distance_cost": 1.811775164837422, "oscillation_cost": 431.1371937317951, "completition_cost": 0.0, "overshoot_cost": 53.88083387262408, "power_cost": 26.504021520996094, "noise_cost": 26.494565989777033, "n_waypoints_completed": 9, "tot_waypoints": 9}}
{"target": -444.02489651549695, "params": {"k_pid_pos": [1.379225225260363, 0.1858487569144922, 0.17793164416297602], "k_pid_alt": [0.8085865523782856, 0.1937528889629282, 0.1266116140300354], "k_pid_att": [10.122190154765075, 1.4567853183029247, 0.08545175291315998], "k_pid_yaw": [0.5, 1e-06, 0.1], "k_pid_hsp": [3.9198616321718407, 0.12642672657681975, 0.24121656643920442], "k_pid_vsp": [258.716765755272, 270.8917236411274, 53.687256595951474]}, "datetime": {"datetime": "2025-08-13 14:17:47", "elapsed": 16195.91776752472, "delta": 22.55560564994812}, "costs": {"total_cost": 444.02489651549695, "time_cost": 86.52, "final_distance_cost": 1.7637047756858875, "oscillation_cost": 249.69634499413428, "completition_cost": 0.0, "overshoot_cost": 52.51710339487818, "power_cost": 28.92635290527344, "noise_cost": 24.60139044552515, "n_waypoints_completed": 9, "tot_waypoints": 9}}
