{"target": -972.2793242453464, "params": {"k_pid_pos": [0.23018790819732124, 0.3274893803812553, 0.20827221357661252], "k_pid_alt": [1.4104073492308051, 0.15234981220407395, 0.7409976409464801], "k_pid_att": [13.699208507936989, 7.472416946536871, 0.47758232773198783], "k_pid_yaw": [0.5, 1e-06, 0.1], "k_pid_hsp": [2.745442912670105, 0.24171308397067115, 0.4357736069207294], "k_pid_vsp": [290.1200589032067, 331.84653826105205, 108.02087536954873]}, "datetime": {"datetime": "2025-08-13 23:08:34", "elapsed": 48042.606837272644, "delta": 36.673025369644165}, "costs": {"total_cost": 972.2793242453464, "time_cost": 150, "final_distance_cost": 76.68847069605128, "oscillation_cost": 311.6750948623135, "completition_cost": 333.33333333333337, "overshoot_cost": 45.29988797555212, "power_cost": 28.69005205078125, "noise_cost": 26.59248532731483, "n_waypoints_completed": 6, "tot_waypoints": 9}}
{"target": -1248.848430894696, "params": {"k_pid_pos": [0.017244332752482848, 0.6494585779496381, 0.9907498843375941], "k_pid_alt": [1.8803129362247117, 0.8591953519178656, 0.37052935287929334], "k_pid_att": [6.9609844695330825, 6.661465546216097, 0.7601896611020745], "k_pid_yaw": [0.5, 1e-06, 0.1], "k_pid_hsp": [6.928480660258221, 0.7421652342211883, 0.019336941729528268], "k_pid_vsp": [163.3276330915274, 8.546660712128327, 22.551160512504953]}, "datetime": {"datetime": "2025-08-13 23:09:12", "elapsed": 48080.02188014984, "delta": 37.415042877197266}, "costs": {"total_cost": 1248.848430894696, "time_cost": 150, "final_distance_cost": 69.06449032457256, "oscillation_cost": 43.52690819255495, "completition_cost": 888.8888888888888, "overshoot_cost": 32.702730219432354, "power_cost": 33.96682336425781, "noise_cost": 30.698589904989586, "n_waypoints_completed": 1, "tot_waypoints": 9}}
{"target": -406.1006309157629, "params": {"k_pid_pos": [1.633081894816269, 0.35233902639930004, 0.30533211635810065], "k_pid_alt": [1.2699226046065493, 0.8316367614422889, 0.3391274784137035], "k_pid_att": [13.550336050507738, 7.552897804389055, 0.6379326997051287], "k_pid_yaw": [0.5, 1e-06, 0.1], "k_pid_hsp": [9.34056943091547, 0.008691196507085719, 0.3687304504821326], "k_pid_vsp": [300.60829244272907, 338.0145393691163, 124.79348021761378]}, "datetime": {"datetime": "2025-08-13 23:09:46", "elapsed": 48114.46643471718, "delta": 34.444554567337036}, "costs": {"total_cost": 406.1006309157629, "time_cost": 99.043, "final_distance_cost": 1.7694281853255145, "oscillation_cost": 199.0157084804718, "completition_cost": 0.0, "overshoot_cost": 55.89699323304961, "power_cost": 25.987538830566407, "noise_cost": 24.387962186349558, "n_waypoints_completed": 9, "tot_waypoints": 9}}
{"target": -1418.3416710326212, "params": {"k_pid_pos": [0.4869958402577069, 0.6999607498402098, 0.5402930459651438], "k_pid_alt": [0.39466042058849604, 0.7780025611403957, 0.32103202248393037], "k_pid_att": [12.574588528226972, 3.180380576707092, 0.49649255694374517], "k_pid_yaw": [0.5, 1e-06, 0.1], "k_pid_hsp": [3.674704337107319, 0.7296896786130241, 0.8280754061036626], "k_pid_vsp": [298.5195117893328, 337.9817255441737, 116.2417477005066]}, "datetime": {"datetime": "2025-08-13 23:10:22", "elapsed": 48150.54559659958, "delta": 36.07916188240051}, "costs": {"total_cost": 1418.3416710326212, "time_cost": 150, "final_distance_cost": 90.02901288118575, "oscillation_cost": 284.7761401526356, "completition_cost": 777.7777777777778, "overshoot_cost": 49.854725882128996, "power_cost": 36.37009929199219, "noise_cost": 29.53391504690081, "n_waypoints_completed": 2, "tot_waypoints": 9}}
{"target": -2218.0132782758837, "params": {"k_pid_pos": [0.6743886736089467, 0.1285921741487156, 0.8228889079841193], "k_pid_alt": [0.9521857768648929, 0.12688909945884186, 0.25631260301639147], "k_pid_att": [0.740322205645616, 5.917587396619554, 0.7899408195493498], "k_pid_yaw": [0.5, 1e-06, 0.1], "k_pid_hsp": [8.513682538820323, 0.6695611023987736, 0.9126978284131697], "k_pid_vsp": [256.8025810277249, 284.1227047067786, 55.54900365113805]}, "datetime": {"datetime": "2025-08-13 23:11:05", "elapsed": 48193.66218781471, "delta": 43.11659121513367}, "costs": {"total_cost": 2218.0132782758837, "time_cost": 150, "final_distance_cost": 20.525377013411447, "oscillation_cost": 660.8788136885865, "completition_cost": 1000.0, "overshoot_cost": 169.51005285255764, "power_cost": 58.88733177490235, "noise_cost": 158.21170294642548, "n_waypoints_completed": 0, "tot_waypoints": 9}}
{"target": -1378.457956286034, "params": {"k_pid_pos": [0.2508542213362463, 0.7840093316325064, 0.28123128813060205], "k_pid_alt": [0.14097122255506966, 0.6770757704747705, 0.26914862845248555], "k_pid_att": [29.729096969868806, 8.918365333942146, 0.7235766212849937], "k_pid_yaw": [0.5, 1e-06, 0.1], "k_pid_hsp": [3.2290779718999443, 0.0923647415388632, 0.8985592025843036], "k_pid_vsp": [117.06266689024739, 351.8652746009039, 65.82064278118442]}, "datetime": {"datetime": "2025-08-13 23:11:41", "elapsed": 48229.891875982285, "delta": 36.22968816757202}, "costs": {"total_cost": 1378.457956286034, "time_cost": 150, "final_distance_cost": 67.08477710054729, "oscillation_cost": 260.9975990503043, "completition_cost": 777.7777777777778, "overshoot_cost": 52.628910270822054, "power_cost": 39.22411405029297, "noise_cost": 30.74477803628965, "n_waypoints_completed": 2, "tot_waypoints": 9}}
{"target": -968.481005632326, "params": {"k_pid_pos": [0.9306882479727064, 0.6421249306927548, 0.9479442309634485], "k_pid_alt": [0.9236030066502767, 0.23167060049082233, 0.9203943821905026], "k_pid_att": [2.1032505403330792, 5.215777760967215, 0.9479520628908021], "k_pid_yaw": [0.5, 1e-06, 0.1], "k_pid_hsp": [7.6688728908058215, 0.8773399910085324, 0.15158928129341764], "k_pid_vsp": [273.2251717953399, 270.3998641486, 37.13517639213915]}, "datetime": {"datetime": "2025-08-13 23:12:20", "elapsed": 48268.85897564888, "delta": 38.96709966659546}, "costs": {"total_cost": 968.481005632326, "time_cost": 150, "final_distance_cost": 76.12233289119669, "oscillation_cost": 286.9562112626389, "completition_cost": 333.33333333333337, "overshoot_cost": 56.61723938134573, "power_cost": 35.74441365966797, "noise_cost": 29.707475104143327, "n_waypoints_completed": 6, "tot_waypoints": 9}}
{"target": -590.442122075765, "params": {"k_pid_pos": [0.7982424990560408, 0.16303872485889948, 0.8543662001298858], "k_pid_alt": [1.9251457272850219, 0.3554258712328966, 0.41030942672234283], "k_pid_att": [12.182049215694036, 3.005165011455936, 0.05309523141915695], "k_pid_yaw": [0.5, 1e-06, 0.1], "k_pid_hsp": [3.914690831204269, 0.7720254704631394, 0.2693261141943809], "k_pid_vsp": [314.46790726977025, 341.7015025481913, 112.4835575257697]}, "datetime": {"datetime": "2025-08-13 23:12:57", "elapsed": 48305.95010948181, "delta": 37.09113383293152}, "costs": {"total_cost": 590.442122075765, "time_cost": 105.119, "final_distance_cost": 1.7903395982006687, "oscillation_cost": 385.78630077008864, "completition_cost": 0.0, "overshoot_cost": 53.28926683270842, "power_cost": 21.46719490966797, "noise_cost": 22.99001996509919, "n_waypoints_completed": 9, "tot_waypoints": 9}}
{"target": -475.72043493325293, "params": {"k_pid_pos": [0.8260877739062372, 0.056362302245291596, 0.423046512833126], "k_pid_alt": [1.7787550996072916, 0.09279922522318163, 0.4590975375134957], "k_pid_att": [19.648904974990934, 4.460328171058761, 0.7669971731603008], "k_pid_yaw": [0.5, 1e-06, 0.1], "k_pid_hsp": [2.0866389486441683, 0.5979079272505421, 0.8978810720938213], "k_pid_vsp": [299.8697419141307, 322.2045132062422, 87.09795527074792]}, "datetime": {"datetime": "2025-08-13 23:13:30", "elapsed": 48337.99556207657, "delta": 32.04545259475708}, "costs": {"total_cost": 475.72043493325293, "time_cost": 98.049, "final_distance_cost": 1.7750060334541582, "oscillation_cost": 274.3581222915426, "completition_cost": 0.0, "overshoot_cost": 53.67592909176593, "power_cost": 24.355863012695313, "noise_cost": 23.506514503794985, "n_waypoints_completed": 9, "tot_waypoints": 9}}
{"target": -933.5765603492102, "params": {"k_pid_pos": [1.588727479729911, 0.4794488569895057, 0.8097342006222024], "k_pid_alt": [0.05470322389788196, 0.6352081802858364, 0.03610847884747892], "k_pid_att": [2.930041640271308, 4.332429601168975, 0.03612435137419667], "k_pid_yaw": [0.5, 1e-06, 0.1], "k_pid_hsp": [5.359769941922557, 0.5769299850998102, 0.7096425164800455], "k_pid_vsp": [248.2877815397489, 285.4993875818807, 52.28679615143724]}, "datetime": {"datetime": "2025-08-13 23:14:07", "elapsed": 48375.211112976074, "delta": 37.215550899505615}, "costs": {"total_cost": 933.5765603492102, "time_cost": 150, "final_distance_cost": 72.3654852394218, "oscillation_cost": 377.25575304786264, "completition_cost": 222.2222222222222, "overshoot_cost": 60.1119259403965, "power_cost": 25.60177156982422, "noise_cost": 26.01940232948292, "n_waypoints_completed": 7, "tot_waypoints": 9}}
{"target": -437.21189949976593, "params": {"k_pid_pos": [1.42535000326431, 0.8825338431350791, 0.9185185859467475], "k_pid_alt": [1.8453913997819933, 0.20442024854310625, 0.057837933044063816], "k_pid_att": [24.258502257268333, 5.857049208316161, 0.6961946631962512], "k_pid_yaw": [0.5, 1e-06, 0.1], "k_pid_hsp": [3.6689977630673867, 0.8646600697610433, 0.33384957290932815], "k_pid_vsp": [316.43254072340454, 324.2189602229336, 85.5117570244787]}, "datetime": {"datetime": "2025-08-13 23:14:40", "elapsed": 48408.25182247162, "delta": 33.040709495544434}, "costs": {"total_cost": 437.21189949976593, "time_cost": 101.479, "final_distance_cost": 1.758397867443293, "oscillation_cost": 234.2145854418633, "completition_cost": 0.0, "overshoot_cost": 52.01893342574692, "power_cost": 24.391081872558594, "noise_cost": 23.349900892153894, "n_waypoints_completed": 9, "tot_waypoints": 9}}
{"target": -1732.122880884472, "params": {"k_pid_pos": [1.1593736676005555, 0.8882791171180248, 0.8155894654580496], "k_pid_alt": [0.02410023631923175, 0.5684510604506443, 0.5720811594547295], "k_pid_att": [11.975093328012088, 7.032704080509587, 0.6055509669194531], "k_pid_yaw": [0.5, 1e-06, 0.1], "k_pid_hsp": [0.5985161792275338, 0.2153567896260774, 0.5768983327631384], "k_pid_vsp": [277.1913862944803, 272.18127307372345, 51.51798104176113]}, "datetime": {"datetime": "2025-08-13 23:15:17", "elapsed": 48445.4598133564, "delta": 37.207990884780884}, "costs": {"total_cost": 1732.122880884472, "time_cost": 150, "final_distance_cost": 53.95341863945967, "oscillation_cost": 402.8213701400453, "completition_cost": 1000.0, "overshoot_cost": 55.4205477661506, "power_cost": 38.77624239501953, "noise_cost": 31.15130194379695, "n_waypoints_completed": 0, "tot_waypoints": 9}}
{"target": -446.2484575756832, "params": {"k_pid_pos": [1.453438504795575, 0.03413327125225629, 0.8791770662677224], "k_pid_alt": [1.7813934691884445, 0.91343017198523, 0.8600886958249224], "k_pid_att": [15.695090637494069, 4.39592533318869, 0.2373001548068765], "k_pid_yaw": [0.5, 1e-06, 0.1], "k_pid_hsp": [7.998659643373405, 0.32280969387276637, 0.5825133356719225], "k_pid_vsp": [293.87617729646877, 349.12435008216585, 120.04094024429767]}, "datetime": {"datetime": "2025-08-13 23:15:46", "elapsed": 48474.09038376808, "delta": 28.63057041168213}, "costs": {"total_cost": 446.2484575756832, "time_cost": 80.864, "final_distance_cost": 1.7812917075686876, "oscillation_cost": 267.5989485152048, "completition_cost": 0.0, "overshoot_cost": 53.53621889237725, "power_cost": 22.301617578125, "noise_cost": 20.16638088240745, "n_waypoints_completed": 9, "tot_waypoints": 9}}
{"target": -587.5752383835644, "params": {"k_pid_pos": [1.0086715083922762, 0.7764106767135933, 0.002896131972837779], "k_pid_alt": [0.5882026662170907, 0.36814515662189173, 0.12386106848471767], "k_pid_att": [12.226834227704087, 3.0529515586887883, 0.47065405996410603], "k_pid_yaw": [0.5, 1e-06, 0.1], "k_pid_hsp": [2.028082235783931, 0.517410765863361, 0.9836061172196899], "k_pid_vsp": [289.2123339265022, 285.0701131415127, 66.12297550692932]}, "datetime": {"datetime": "2025-08-13 23:16:30", "elapsed": 48518.47667551041, "delta": 44.38629174232483}, "costs": {"total_cost": 587.5752383835644, "time_cost": 150, "final_distance_cost": 48.45193610836814, "oscillation_cost": 146.78169448680563, "completition_cost": 111.11111111111116, "overshoot_cost": 74.80828460566374, "power_cost": 29.68976121826172, "noise_cost": 26.732450853353903, "n_waypoints_completed": 8, "tot_waypoints": 9}}
{"target": -512.1835781211186, "params": {"k_pid_pos": [0.9964833769759176, 0.4890431063611558, 0.2253917487082321], "k_pid_alt": [1.2080100675556968, 0.8256696712732706, 0.8137227915648574], "k_pid_att": [15.659760011549228, 3.75348227885954, 0.8137011820778589], "k_pid_yaw": [0.5, 1e-06, 0.1], "k_pid_hsp": [7.5347326651973905, 0.23213427427271716, 0.4874920902896247], "k_pid_vsp": [295.4715915860208, 336.8588812395454, 94.68558437680267]}, "datetime": {"datetime": "2025-08-13 23:17:07", "elapsed": 48555.30643939972, "delta": 36.829763889312744}, "costs": {"total_cost": 512.1835781211186, "time_cost": 110.502, "final_distance_cost": 1.73206397655522, "oscillation_cost": 276.8719187508361, "completition_cost": 0.0, "overshoot_cost": 60.26850468837073, "power_cost": 32.86694565429688, "noise_cost": 29.942145051059605, "n_waypoints_completed": 9, "tot_waypoints": 9}}
{"target": -1082.6336069731844, "params": {"k_pid_pos": [0.1701408257025248, 0.6257897322378864, 0.12203854295663619], "k_pid_alt": [0.18026289691248043, 0.9546087038573178, 0.5167156784322403], "k_pid_att": [12.436207736829774, 2.083225046410453, 0.9158032749734897], "k_pid_yaw": [0.5, 1e-06, 0.1], "k_pid_hsp": [2.8715812525106705, 0.4192776269804561, 0.05680175689031597], "k_pid_vsp": [286.53917576448, 334.11398216305855, 100.75404416417108]}, "datetime": {"datetime": "2025-08-13 23:17:44", "elapsed": 48592.57613039017, "delta": 37.269690990448}, "costs": {"total_cost": 1082.6336069731844, "time_cost": 150, "final_distance_cost": 60.39929012155082, "oscillation_cost": 84.60946509901888, "completition_cost": 666.6666666666667, "overshoot_cost": 55.869010199618295, "power_cost": 35.43274089355469, "noise_cost": 29.656433992774865, "n_waypoints_completed": 3, "tot_waypoints": 9}}
{"target": -1706.4481145030625, "params": {"k_pid_pos": [0.7950167683065058, 0.7318742449761961, 0.8586945159262707], "k_pid_alt": [0.2297237123105993, 0.17395142997169433, 0.7381539367872088], "k_pid_att": [22.544422682299135, 3.651458892719559, 0.025511053638137215], "k_pid_yaw": [0.5, 1e-06, 0.1], "k_pid_hsp": [0.15508143395715418, 0.9277566389064372, 0.9395731819106241], "k_pid_vsp": [316.6170410518164, 325.5505188757462, 98.93627761044907]}, "datetime": {"datetime": "2025-08-13 23:18:22", "elapsed": 48630.005798101425, "delta": 37.429667711257935}, "costs": {"total_cost": 1706.4481145030625, "time_cost": 150, "final_distance_cost": 47.69892299226505, "oscillation_cost": 710.686962956437, "completition_cost": 666.6666666666667, "overshoot_cost": 66.90899627068146, "power_cost": 35.00571600341797, "noise_cost": 29.48084961359436, "n_waypoints_completed": 3, "tot_waypoints": 9}}
{"target": -442.0493105102266, "params": {"k_pid_pos": [1.5954289156096404, 0.715698903963225, 0.987372501929515], "k_pid_alt": [1.6867148133899674, 0.7504225923640552, 0.6041632118966512], "k_pid_att": [28.73341132848487, 6.986217764506473, 0.7408330284438001], "k_pid_yaw": [0.5, 1e-06, 0.1], "k_pid_hsp": [2.5578184347146586, 0.48638674701611695, 0.1524142203790706], "k_pid_vsp": [100.85921717907853, 348.1077759354106, 51.0712606921376]}, "datetime": {"datetime": "2025-08-13 23:18:52", "elapsed": 48660.585951805115, "delta": 30.580153703689575}, "costs": {"total_cost": 442.0493105102266, "time_cost": 88.543, "final_distance_cost": 1.757226245932235, "oscillation_cost": 245.5293870622991, "completition_cost": 0.0, "overshoot_cost": 54.86921605142012, "power_cost": 27.583393408203126, "noise_cost": 23.767087742372055, "n_waypoints_completed": 9, "tot_waypoints": 9}}
{"target": -527.468886797775, "params": {"k_pid_pos": [0.7204356487163235, 0.48980709039038883, 0.3928306543814132], "k_pid_alt": [0.8932828017448267, 0.7328864407023874, 0.43797230988593416], "k_pid_att": [7.93236077140711, 4.61652575686172, 0.3706982249526213], "k_pid_yaw": [0.5, 1e-06, 0.1], "k_pid_hsp": [9.559337039784673, 0.9519879213203629, 0.6879100381118072], "k_pid_vsp": [244.10136596003355, 278.2584146845048, 55.088491166314306]}, "datetime": {"datetime": "2025-08-13 23:19:31", "elapsed": 48699.40095114708, "delta": 38.81499934196472}, "costs": {"total_cost": 527.468886797775, "time_cost": 112.98, "final_distance_cost": 1.7568711123960972, "oscillation_cost": 288.11765021250403, "completition_cost": 0.0, "overshoot_cost": 61.26104791311977, "power_cost": 33.088955969238285, "noise_cost": 30.26436159051676, "n_waypoints_completed": 9, "tot_waypoints": 9}}
{"target": -272.8858665197737, "params": {"k_pid_pos": [2.0, 0.2842570331578847, 0.8115080317663648], "k_pid_alt": [0.5178949775473055, 0.07670621553820309, 0.34470217645912987], "k_pid_att": [33.758487124804134, 6.370200304684892, 0.4674154032941749], "k_pid_yaw": [0.5, 1e-06, 0.1], "k_pid_hsp": [4.412310579296674, 1.0, 0.0], "k_pid_vsp": [108.94773648065107, 347.6725517124239, 49.97481444062864]}, "datetime": {"datetime": "2025-08-13 23:20:11", "elapsed": 48739.74044466019, "delta": 40.3394935131073}, "costs": {"total_cost": 272.8858665197737, "time_cost": 97.71300000000001, "final_distance_cost": 1.7609939919778133, "oscillation_cost": 60.86328335910139, "completition_cost": 0.0, "overshoot_cost": 54.448828934901655, "power_cost": 31.483957531738284, "noise_cost": 26.615802702054552, "n_waypoints_completed": 9, "tot_waypoints": 9}}
{"target": -1258.3730883143285, "params": {"k_pid_pos": [0.1186563309711407, 0.2930147692487015, 0.09655723957555395], "k_pid_alt": [0.28658132392737445, 0.2862819562435289, 0.8385470566287636], "k_pid_att": [8.204330096812207, 9.293469082660899, 0.41982155380169595], "k_pid_yaw": [0.5, 1e-06, 0.1], "k_pid_hsp": [7.421168936560465, 0.5987308536616461, 0.5940120061197693], "k_pid_vsp": [253.39865011460768, 270.86033178033625, 52.91183733668829]}, "datetime": {"datetime": "2025-08-13 23:20:53", "elapsed": 48781.049820423126, "delta": 41.30937576293945}, "costs": {"total_cost": 1258.3730883143285, "time_cost": 150, "final_distance_cost": 51.09700489988301, "oscillation_cost": 281.9142594695385, "completition_cost": 666.6666666666667, "overshoot_cost": 47.09341144307817, "power_cost": 31.85538414306641, "noise_cost": 29.746361692095718, "n_waypoints_completed": 3, "tot_waypoints": 9}}
{"target": -688.6291613960574, "params": {"k_pid_pos": [1.9240461147135142, 0.08234024480347679, 0.5464838315333195], "k_pid_alt": [0.04329635143307908, 0.706331255074629, 0.36805975438818495], "k_pid_att": [49.112417812993726, 7.677920229501974, 0.37303418474245187], "k_pid_yaw": [0.5, 1e-06, 0.1], "k_pid_hsp": [9.177922444876563, 0.4589952549915275, 0.6935803156592353], "k_pid_vsp": [188.83084542426514, 17.848989068720677, 3.326239011599856]}, "datetime": {"datetime": "2025-08-13 23:21:30", "elapsed": 48818.70377397537, "delta": 37.653953552246094}, "costs": {"total_cost": 688.6291613960574, "time_cost": 102.291, "final_distance_cost": 1.745250133900415, "oscillation_cost": 464.73384778872116, "completition_cost": 0.0, "overshoot_cost": 66.59719409032782, "power_cost": 26.53538865966797, "noise_cost": 26.726480723440137, "n_waypoints_completed": 9, "tot_waypoints": 9}}
{"target": -506.34709359342924, "params": {"k_pid_pos": [1.6301886988353256, 0.7156164445328063, 0.9447759001146396], "k_pid_alt": [0.5893760837192961, 0.5311138347433526, 0.31972194162072365], "k_pid_att": [7.742555975650733, 7.249249233998948, 0.3161654344695649], "k_pid_yaw": [0.5, 1e-06, 0.1], "k_pid_hsp": [3.5542156562207152, 0.21291869480954306, 0.5134777287626965], "k_pid_vsp": [281.65742171524704, 337.32886917516174, 106.94850776775692]}, "datetime": {"datetime": "2025-08-13 23:22:06", "elapsed": 48854.226607084274, "delta": 35.52283310890198}, "costs": {"total_cost": 506.34709359342924, "time_cost": 112.021, "final_distance_cost": 1.7695746521116722, "oscillation_cost": 276.48221870524236, "completition_cost": 0.0, "overshoot_cost": 58.72113057001576, "power_cost": 29.52018024902344, "noise_cost": 27.832989417036032, "n_waypoints_completed": 9, "tot_waypoints": 9}}
{"target": -443.0414337434969, "params": {"k_pid_pos": [1.2927358764879577, 0.05695128325579757, 0.7481594613963446], "k_pid_alt": [0.7908832745028682, 0.2941276588601893, 0.23831534504191698], "k_pid_att": [24.146397854856836, 9.580197647129268, 0.813885355615883], "k_pid_yaw": [0.5, 1e-06, 0.1], "k_pid_hsp": [9.811778991475263, 0.29115630986008545, 0.5960518107037492], "k_pid_vsp": [291.27648301847034, 334.1154665679144, 93.402303233895]}, "datetime": {"datetime": "2025-08-13 23:22:39", "elapsed": 48887.55812168121, "delta": 33.33151459693909}, "costs": {"total_cost": 443.0414337434969, "time_cost": 76.489, "final_distance_cost": 1.7966463788458051, "oscillation_cost": 272.47651238233016, "completition_cost": 0.0, "overshoot_cost": 51.05591268226754, "power_cost": 21.92027869873047, "noise_cost": 19.30308360132287, "n_waypoints_completed": 9, "tot_waypoints": 9}}
