{"target": -1132.8897677289208, "params": {"k_pid_pos": [1.3295172929444856, 0.9747452173904642, 0.20292039148615926], "k_pid_alt": [0.22737589679681647, 0.4684820606310015, 0.1632601824848554], "k_pid_att": [8.171006357088995, 7.925677345927128, 0.9411810557684349], "k_pid_yaw": [0.5, 1e-06, 0.1], "k_pid_hsp": [1.4042309092306617, 0.8908836912994623, 0.17889906718150694], "k_pid_vsp": [306.91770739736427, 354.0804557385647, 106.75850208641532]}, "datetime": {"datetime": "2025-08-13 16:05:43", "elapsed": 22671.016921281815, "delta": 31.933552503585815}, "costs": {"total_cost": 1132.8897677289208, "time_cost": 150, "final_distance_cost": 59.86711625618644, "oscillation_cost": 111.98709564118123, "completition_cost": 666.6666666666667, "overshoot_cost": 70.93907529531235, "power_cost": 39.23865634765625, "noise_cost": 34.19115752191775, "n_waypoints_completed": 3, "tot_waypoints": 9}}
{"target": -358.00312426062703, "params": {"k_pid_pos": [1.365178145957959, 0.5353559575005518, 0.6429079372777664], "k_pid_alt": [1.7185755795225122, 0.7916992870413121, 0.2517840513874605], "k_pid_att": [8.37763554329688, 4.543319247624706, 0.3501008266665621], "k_pid_yaw": [0.5, 1e-06, 0.1], "k_pid_hsp": [4.0982195681437075, 0.5842639651301961, 0.3648811283729249], "k_pid_vsp": [311.9484533676823, 345.68095582480714, 104.81265647765116]}, "datetime": {"datetime": "2025-08-13 16:06:07", "elapsed": 22694.978232860565, "delta": 23.96131157875061}, "costs": {"total_cost": 358.00312426062703, "time_cost": 87.563, "final_distance_cost": 1.7684967549141302, "oscillation_cost": 174.12702379070427, "completition_cost": 0.0, "overshoot_cost": 53.242066535352755, "power_cost": 20.98782528076172, "noise_cost": 20.31471189889413, "n_waypoints_completed": 9, "tot_waypoints": 9}}
{"target": -640.6983354604479, "params": {"k_pid_pos": [1.839097110414875, 0.9332975312688243, 0.3780011465001617], "k_pid_alt": [0.5899798850491191, 0.16777617567671976, 0.11831053157243343], "k_pid_att": [16.15385689816695, 0.43306877889018336, 0.14452555800316869], "k_pid_yaw": [0.5, 1e-06, 0.1], "k_pid_hsp": [1.1353696351405793, 0.6072454593912944, 0.40182008026321314], "k_pid_vsp": [157.28916953115606, 33.92196822696607, 7.564440355011473]}, "datetime": {"datetime": "2025-08-13 16:06:38", "elapsed": 22726.843396902084, "delta": 31.865164041519165}, "costs": {"total_cost": 640.6983354604479, "time_cost": 150, "final_distance_cost": 73.2449793072596, "oscillation_cost": 155.87859548104217, "completition_cost": 111.11111111111116, "overshoot_cost": 76.36795573890802, "power_cost": 38.64712543945313, "noise_cost": 35.44856838267384, "n_waypoints_completed": 8, "tot_waypoints": 9}}
{"target": -1247.1836276214403, "params": {"k_pid_pos": [0.690505085727618, 0.2009619105132604, 0.93312503088651], "k_pid_alt": [0.22045372736392665, 0.7706472652082627, 0.2033932323122587], "k_pid_att": [40.213412840339736, 3.698003049174024, 0.4430915719423776], "k_pid_yaw": [0.5, 1e-06, 0.1], "k_pid_hsp": [8.802754357195514, 0.792405921526071, 0.7546491353191795], "k_pid_vsp": [76.37159873688373, 367.0382295236631, 25.185447140160626]}, "datetime": {"datetime": "2025-08-13 16:07:11", "elapsed": 22759.06363105774, "delta": 32.22023415565491}, "costs": {"total_cost": 1247.1836276214403, "time_cost": 150, "final_distance_cost": 69.22304159129676, "oscillation_cost": 562.0191374137687, "completition_cost": 333.33333333333337, "overshoot_cost": 61.984361782919834, "power_cost": 39.15775012207031, "noise_cost": 31.466003378051212, "n_waypoints_completed": 6, "tot_waypoints": 9}}
{"target": -1642.3053781249953, "params": {"k_pid_pos": [0.10305893086123853, 0.7243072959760267, 0.8244889243749278], "k_pid_alt": [0.28659388913052797, 0.7034131853233286, 0.13580363125141026], "k_pid_att": [54.59709296052413, 2.5330031756878237, 0.8284740774165342], "k_pid_yaw": [0.5, 1e-06, 0.1], "k_pid_hsp": [7.955633355654306, 0.9424445662174445, 0.5529354981258664], "k_pid_vsp": [216.0360240873852, 5.044034650475128, 13.675983797707346]}, "datetime": {"datetime": "2025-08-13 16:07:42", "elapsed": 22790.234553813934, "delta": 31.17092275619507}, "costs": {"total_cost": 1642.3053781249953, "time_cost": 150, "final_distance_cost": 67.62725069681053, "oscillation_cost": 416.03619075986705, "completition_cost": 888.8888888888888, "overshoot_cost": 46.07260187680595, "power_cost": 42.63213214111328, "noise_cost": 31.04831376150964, "n_waypoints_completed": 1, "tot_waypoints": 9}}
{"target": -706.0709735450785, "params": {"k_pid_pos": [0.5685583882912592, 0.06874311103604702, 0.7259380915786519], "k_pid_alt": [1.1858358350543823, 0.5305171162751171, 0.4090159341904994], "k_pid_att": [20.17210811530522, 0.34189840781011344, 0.24958508735462603], "k_pid_yaw": [0.5, 1e-06, 0.1], "k_pid_hsp": [8.115938009445458, 0.19642889387682994, 0.8034167202904452], "k_pid_vsp": [294.2522081099305, 345.57197830524524, 116.17349243245076]}, "datetime": {"datetime": "2025-08-13 16:08:11", "elapsed": 22819.80499815941, "delta": 29.570444345474243}, "costs": {"total_cost": 706.0709735450785, "time_cost": 109.277, "final_distance_cost": 1.7921859520523546, "oscillation_cost": 472.82735623841285, "completition_cost": 0.0, "overshoot_cost": 59.89678711884467, "power_cost": 32.473273376464846, "noise_cost": 29.804370859303692, "n_waypoints_completed": 9, "tot_waypoints": 9}}
{"target": -1015.4944062026442, "params": {"k_pid_pos": [1.1004429008782666, 0.6084823245962576, 0.7491928747129887], "k_pid_alt": [1.9194306446034874, 0.26541105797390563, 0.8127522386293843], "k_pid_att": [21.1597262444563, 1.2423924644255222, 0.8875023605488604], "k_pid_yaw": [0.5, 1e-06, 0.1], "k_pid_hsp": [1.637714097585801, 0.4163269567979815, 0.5317040186274887], "k_pid_vsp": [182.71334476500311, 14.091841705152763, 14.902166546765805]}, "datetime": {"datetime": "2025-08-13 16:08:42", "elapsed": 22850.84925365448, "delta": 31.04425549507141}, "costs": {"total_cost": 1015.4944062026442, "time_cost": 150, "final_distance_cost": 70.5515776416025, "oscillation_cost": 358.3975415672725, "completition_cost": 333.33333333333337, "overshoot_cost": 43.43177872656489, "power_cost": 31.108562829589847, "noise_cost": 28.671612104281195, "n_waypoints_completed": 6, "tot_waypoints": 9}}
{"target": -470.143520707753, "params": {"k_pid_pos": [1.4012294604032507, 0.986531223997527, 0.5071367452119568], "k_pid_alt": [1.483382840842848, 0.5923499961975035, 0.7403838703599638], "k_pid_att": [8.643545639120076, 4.738834753225694, 0.1678089011339312], "k_pid_yaw": [0.5, 1e-06, 0.1], "k_pid_hsp": [7.852860431693994, 0.5924297802953783, 0.9820640714163342], "k_pid_vsp": [268.64847943460603, 268.7206363491666, 46.789519111240025]}, "datetime": {"datetime": "2025-08-13 16:09:10", "elapsed": 22878.811067581177, "delta": 27.961813926696777}, "costs": {"total_cost": 470.143520707753, "time_cost": 103.404, "final_distance_cost": 1.772677039971041, "oscillation_cost": 239.69603972560256, "completition_cost": 0.0, "overshoot_cost": 60.55270666783752, "power_cost": 34.84291569824219, "noise_cost": 29.875181576099703, "n_waypoints_completed": 9, "tot_waypoints": 9}}
{"target": -626.5354770356595, "params": {"k_pid_pos": [0.8425601310323217, 0.6053282402100529, 0.03242036730667164], "k_pid_alt": [1.7428415343472983, 0.6653715332477819, 0.9011726660467625], "k_pid_att": [9.52373577850485, 4.762569263132342, 0.41396971648896475], "k_pid_yaw": [0.5, 1e-06, 0.1], "k_pid_hsp": [1.212668120022815, 0.4667382735868123, 0.8004652183702525], "k_pid_vsp": [298.28435113045185, 337.02449271487376, 101.87433842982311]}, "datetime": {"datetime": "2025-08-13 16:09:44", "elapsed": 22912.45279455185, "delta": 33.64172697067261}, "costs": {"total_cost": 626.5354770356595, "time_cost": 150, "final_distance_cost": 55.621665981376744, "oscillation_cost": 168.74395853086227, "completition_cost": 111.11111111111116, "overshoot_cost": 77.66898239548082, "power_cost": 34.33732821044922, "noise_cost": 29.05243080637938, "n_waypoints_completed": 8, "tot_waypoints": 9}}
{"target": -1197.8010035775726, "params": {"k_pid_pos": [0.49718386154549665, 0.6277900758786381, 0.37986777015681605], "k_pid_alt": [0.5974311890908943, 0.9241223472122179, 0.03555194665337391], "k_pid_att": [50.38069035805047, 3.6580415404248994, 0.995749625667935], "k_pid_yaw": [0.5, 1e-06, 0.1], "k_pid_hsp": [8.384074632113322, 0.02845426319900113, 0.7821672205954886], "k_pid_vsp": [99.2561931255087, 361.1798938835272, 43.94725045997196]}, "datetime": {"datetime": "2025-08-13 16:10:16", "elapsed": 22944.381363391876, "delta": 31.928568840026855}, "costs": {"total_cost": 1197.8010035775726, "time_cost": 150, "final_distance_cost": 55.64722845799576, "oscillation_cost": 433.3922325471861, "completition_cost": 444.4444444444444, "overshoot_cost": 48.7383346924286, "power_cost": 37.04648631591797, "noise_cost": 28.532277119599705, "n_waypoints_completed": 5, "tot_waypoints": 9}}
{"target": -274.22313755149145, "params": {"k_pid_pos": [0.9059550393489977, 0.610337699164636, 0.3892679578673066], "k_pid_alt": [1.6748580569025477, 0.697410321279613, 0.29977379880697563], "k_pid_att": [10.722395411882047, 3.660651385696202, 0.9559405172890763], "k_pid_yaw": [0.5, 1e-06, 0.1], "k_pid_hsp": [9.845774761488475, 0.3385069567311808, 0.15344997582114428], "k_pid_vsp": [170.403691634324, 31.032533818426693, 6.805706987258462]}, "datetime": {"datetime": "2025-08-13 16:10:40", "elapsed": 22968.02382159233, "delta": 23.642458200454712}, "costs": {"total_cost": 274.22313755149145, "time_cost": 85.60300000000001, "final_distance_cost": 1.7507666365102925, "oscillation_cost": 92.30975972921406, "completition_cost": 0.0, "overshoot_cost": 52.89075562786647, "power_cost": 19.578317602539062, "noise_cost": 22.090537955361576, "n_waypoints_completed": 9, "tot_waypoints": 9}}
{"target": -297.4048913603053, "params": {"k_pid_pos": [1.8984493437003012, 0.9066218139191446, 0.7138524942811922], "k_pid_alt": [0.9004604416495878, 0.43371798828936725, 0.8787854153592011], "k_pid_att": [11.270437591508276, 2.323280156676001, 0.9567370216829751], "k_pid_yaw": [0.5, 1e-06, 0.1], "k_pid_hsp": [9.786988067544659, 0.7616513557481831, 0.0700861601026962], "k_pid_vsp": [267.4138603751725, 278.8397686281284, 41.28493922179336]}, "datetime": {"datetime": "2025-08-13 16:11:07", "elapsed": 22995.61957335472, "delta": 27.595751762390137}, "costs": {"total_cost": 297.4048913603053, "time_cost": 94.913, "final_distance_cost": 1.7732440593207932, "oscillation_cost": 100.06727236525965, "completition_cost": 0.0, "overshoot_cost": 54.28817005928828, "power_cost": 23.51177957763672, "noise_cost": 22.85142529879989, "n_waypoints_completed": 9, "tot_waypoints": 9}}
{"target": -552.0790107746955, "params": {"k_pid_pos": [0.5620265996990703, 0.8063647639596432, 0.12339818621729137], "k_pid_alt": [1.655962794829408, 0.5511096968984579, 0.8149599813736749], "k_pid_att": [6.045699799561333, 4.491993372599882, 0.5462070126585544], "k_pid_yaw": [0.5, 1e-06, 0.1], "k_pid_hsp": [4.498961717813463, 0.4125974923744766, 0.87582400158166], "k_pid_vsp": [301.1792631982452, 333.3613729525345, 110.62647410914131]}, "datetime": {"datetime": "2025-08-13 16:11:40", "elapsed": 23028.608820915222, "delta": 32.9892475605011}, "costs": {"total_cost": 552.0790107746955, "time_cost": 150, "final_distance_cost": 34.328682678258026, "oscillation_cost": 143.32104874811316, "completition_cost": 111.11111111111116, "overshoot_cost": 63.08698151258246, "power_cost": 25.91572391357422, "noise_cost": 24.31546281105642, "n_waypoints_completed": 8, "tot_waypoints": 9}}
{"target": -727.8737591356488, "params": {"k_pid_pos": [0.7908465100276759, 0.18848816197258123, 0.7383061737066962], "k_pid_alt": [0.9923741020727688, 0.9954194756405529, 0.16959486482131902], "k_pid_att": [12.55035169157771, 2.466611290997932, 0.7137032933680092], "k_pid_yaw": [0.5, 1e-06, 0.1], "k_pid_hsp": [9.99543321316942, 0.41265504287568666, 0.7419860678929674], "k_pid_vsp": [299.3502963563583, 356.40590558418603, 107.31230905432723]}, "datetime": {"datetime": "2025-08-13 16:12:12", "elapsed": 23060.751266002655, "delta": 32.14244508743286}, "costs": {"total_cost": 727.8737591356488, "time_cost": 150, "final_distance_cost": 62.3594288184525, "oscillation_cost": 297.73957047482156, "completition_cost": 111.11111111111116, "overshoot_cost": 59.735509397339094, "power_cost": 22.468167053222658, "noise_cost": 24.459972280701933, "n_waypoints_completed": 8, "tot_waypoints": 9}}
{"target": -309.2711781866275, "params": {"k_pid_pos": [0.5649856488915509, 0.4048364473819348, 0.6953278569745583], "k_pid_alt": [1.2564831200460262, 0.35170264760381864, 0.8773660005422687], "k_pid_att": [15.085804000627768, 8.9994302272142, 0.523388748081063], "k_pid_yaw": [0.5, 1e-06, 0.1], "k_pid_hsp": [7.961947408959293, 0.5798026351801838, 0.015851843494978257], "k_pid_vsp": [292.87618901314227, 327.82154557259526, 107.33794274198476]}, "datetime": {"datetime": "2025-08-13 16:12:43", "elapsed": 23091.507741689682, "delta": 30.756475687026978}, "costs": {"total_cost": 309.2711781866275, "time_cost": 111.601, "final_distance_cost": 1.7490101789695518, "oscillation_cost": 80.74261943077454, "completition_cost": 0.0, "overshoot_cost": 56.77264121546976, "power_cost": 30.677091564941406, "noise_cost": 27.728815796472173, "n_waypoints_completed": 9, "tot_waypoints": 9}}
{"target": -485.3590212584099, "params": {"k_pid_pos": [1.578094908200207, 0.7521873818543191, 0.2986268373018809], "k_pid_alt": [0.8570255366144177, 0.8546419862462727, 0.4852047606025085], "k_pid_att": [24.764374935012523, 8.891112929433804, 0.8204268944547062], "k_pid_yaw": [0.5, 1e-06, 0.1], "k_pid_hsp": [9.568338308719229, 0.5697280500217345, 0.25819305151116156], "k_pid_vsp": [169.2761128685362, 22.26207436020075, 2.5509256276094505]}, "datetime": {"datetime": "2025-08-13 16:13:12", "elapsed": 23120.307418584824, "delta": 28.7996768951416}, "costs": {"total_cost": 485.3590212584099, "time_cost": 107.401, "final_distance_cost": 1.7364907695932803, "oscillation_cost": 257.980456729586, "completition_cost": 0.0, "overshoot_cost": 59.91583408426441, "power_cost": 27.717287329101563, "noise_cost": 30.6079523458646, "n_waypoints_completed": 9, "tot_waypoints": 9}}
{"target": -359.8690483574492, "params": {"k_pid_pos": [1.2342031888213336, 0.5871179286145117, 0.8100224013488104], "k_pid_alt": [1.510413880682901, 0.5846757006425827, 0.727323113402695], "k_pid_att": [8.077042743523366, 4.152698753979697, 0.9034045450926452], "k_pid_yaw": [0.5, 1e-06, 0.1], "k_pid_hsp": [5.810417233174616, 0.12309838223025693, 0.5763033838408789], "k_pid_vsp": [315.0043016899329, 328.0434615392773, 109.6560544582899]}, "datetime": {"datetime": "2025-08-13 16:13:38", "elapsed": 23146.558804512024, "delta": 26.251385927200317}, "costs": {"total_cost": 359.8690483574492, "time_cost": 89.985, "final_distance_cost": 1.7338231033768379, "oscillation_cost": 167.55424802323364, "completition_cost": 0.0, "overshoot_cost": 55.59418109814955, "power_cost": 23.597610742187502, "noise_cost": 21.40418539050164, "n_waypoints_completed": 9, "tot_waypoints": 9}}
{"target": -789.539102738783, "params": {"k_pid_pos": [1.99956536437123, 0.77181173039531, 0.0019568836859995553], "k_pid_alt": [1.5750425364361376, 0.3284624057691512, 0.21260558467803814], "k_pid_att": [26.65024669238486, 9.38472411848387, 0.008699659285938743], "k_pid_yaw": [0.5, 1e-06, 0.1], "k_pid_hsp": [6.7117860501446245, 0.6026862764157429, 0.9936258798418816], "k_pid_vsp": [99.69549200462976, 353.68217748855056, 52.817148841908825]}, "datetime": {"datetime": "2025-08-13 16:14:12", "elapsed": 23180.905712604523, "delta": 34.34690809249878}, "costs": {"total_cost": 789.539102738783, "time_cost": 150, "final_distance_cost": 59.95390507635406, "oscillation_cost": 223.6385691806126, "completition_cost": 222.2222222222222, "overshoot_cost": 64.10313876548906, "power_cost": 37.86517294921875, "noise_cost": 31.7560945448863, "n_waypoints_completed": 7, "tot_waypoints": 9}}
{"target": -324.99541855125307, "params": {"k_pid_pos": [1.838444357944656, 0.3388259443147781, 0.8842432740456797], "k_pid_alt": [0.24478980737435796, 0.7247376666528961, 0.9650536145841022], "k_pid_att": [19.5294032651545, 4.037592963441667, 0.8240394083354593], "k_pid_yaw": [0.5, 1e-06, 0.1], "k_pid_hsp": [0.4383706011291691, 0.4826830156756827, 0.05063121997335496], "k_pid_vsp": [161.47232004360905, 8.366895050131921, 15.908980288930428]}, "datetime": {"datetime": "2025-08-13 16:14:45", "elapsed": 23213.42005634308, "delta": 32.51434373855591}, "costs": {"total_cost": 324.99541855125307, "time_cost": 105.238, "final_distance_cost": 1.8004568383636996, "oscillation_cost": 104.11501862217514, "completition_cost": 0.0, "overshoot_cost": 61.954345330374274, "power_cost": 25.441919592285156, "noise_cost": 26.445678168054748, "n_waypoints_completed": 9, "tot_waypoints": 9}}
{"target": -690.9528032755254, "params": {"k_pid_pos": [1.0233823025912843, 0.35040939774870306, 0.9141482801844584], "k_pid_alt": [0.15504575615756178, 0.1738881398369987, 0.8326985233959815], "k_pid_att": [6.228648382923541, 1.9784356226957363, 0.8814657212806378], "k_pid_yaw": [0.5, 1e-06, 0.1], "k_pid_hsp": [6.270881924547005, 0.5227962252885969, 0.24487308657671825], "k_pid_vsp": [250.54230757135366, 278.82418769083256, 46.66028234347349]}, "datetime": {"datetime": "2025-08-13 16:15:23", "elapsed": 23251.35840177536, "delta": 37.938345432281494}, "costs": {"total_cost": 690.9528032755254, "time_cost": 150, "final_distance_cost": 66.0793338547702, "oscillation_cost": 124.14025939479424, "completition_cost": 222.2222222222222, "overshoot_cost": 52.64504221860745, "power_cost": 42.96292967529297, "noise_cost": 32.90301590983839, "n_waypoints_completed": 7, "tot_waypoints": 9}}
{"target": -781.7989776731965, "params": {"k_pid_pos": [1.996976109168042, 0.45459303414323193, 0.8188872009006918], "k_pid_alt": [1.7885489943063824, 0.20086799881287276, 0.476538741989996], "k_pid_att": [19.96934638155774, 5.295900319963946, 0.6372159933315843], "k_pid_yaw": [0.5, 1e-06, 0.1], "k_pid_hsp": [2.748769807444049, 0.237073156666892, 0.19861203025041196], "k_pid_vsp": [294.5325517993981, 339.5458297472722, 101.3892921297035]}, "datetime": {"datetime": "2025-08-13 16:16:01", "elapsed": 23289.51566386223, "delta": 38.157262086868286}, "costs": {"total_cost": 781.7989776731965, "time_cost": 150, "final_distance_cost": 22.13950626507026, "oscillation_cost": 368.64811533897506, "completition_cost": 111.11111111111116, "overshoot_cost": 54.59413740504165, "power_cost": 42.20798389892578, "noise_cost": 33.09812365407249, "n_waypoints_completed": 8, "tot_waypoints": 9}}
{"target": -487.07942164904426, "params": {"k_pid_pos": [0.814911847060341, 0.3850901644238004, 0.16304934475043753], "k_pid_alt": [0.7330626972934131, 0.9252301586793652, 0.814334351713531], "k_pid_att": [15.82263308665679, 0.9258584700366493, 0.1650596033154278], "k_pid_yaw": [0.5, 1e-06, 0.1], "k_pid_hsp": [5.877390887238698, 0.8874287282752605, 0.7748199576006416], "k_pid_vsp": [302.7978613685747, 312.4364803938431, 106.6146028354545]}, "datetime": {"datetime": "2025-08-13 16:16:30", "elapsed": 23318.913808822632, "delta": 29.398144960403442}, "costs": {"total_cost": 487.07942164904426, "time_cost": 101.99000000000001, "final_distance_cost": 1.758745523311904, "oscillation_cost": 276.13716463207504, "completition_cost": 0.0, "overshoot_cost": 58.81731447410689, "power_cost": 24.802637023925783, "noise_cost": 23.57355999562464, "n_waypoints_completed": 9, "tot_waypoints": 9}}
{"target": -562.28551064279, "params": {"k_pid_pos": [1.146857617909527, 0.17847231893968196, 0.8082662636372305], "k_pid_alt": [1.9318058950049415, 0.773182978463932, 0.9533006962727855], "k_pid_att": [55.82492760211791, 1.6069533759739008, 0.8821862503029796], "k_pid_yaw": [0.5, 1e-06, 0.1], "k_pid_hsp": [6.55811214420227, 0.4502066497072297, 0.07505845505527742], "k_pid_vsp": [84.03293980408245, 362.63351753338026, 36.20123687931816]}, "datetime": {"datetime": "2025-08-13 16:16:59", "elapsed": 23347.344527244568, "delta": 28.430718421936035}, "costs": {"total_cost": 562.28551064279, "time_cost": 92.08500000000001, "final_distance_cost": 1.7544476048605446, "oscillation_cost": 366.20829658492863, "completition_cost": 0.0, "overshoot_cost": 53.964783034721485, "power_cost": 25.902544860839846, "noise_cost": 22.370438557439456, "n_waypoints_completed": 9, "tot_waypoints": 9}}
{"target": -1008.7884502955005, "params": {"k_pid_pos": [0.8933355990856192, 0.37552660777148317, 0.39664466919642616], "k_pid_alt": [0.6749924307930235, 0.8083306548499505, 0.7650394532869006], "k_pid_att": [18.3293722228693, 6.804089922097628, 0.8341411380004682], "k_pid_yaw": [0.5, 1e-06, 0.1], "k_pid_hsp": [2.9339207536913468, 0.43208769411371617, 0.9981727714283146], "k_pid_vsp": [300.8368583614247, 331.23288917499747, 99.37419697357944]}, "datetime": {"datetime": "2025-08-13 16:17:38", "elapsed": 23386.45699262619, "delta": 39.112465381622314}, "costs": {"total_cost": 1008.7884502955005, "time_cost": 150, "final_distance_cost": 83.92698743599335, "oscillation_cost": 327.56822377184153, "completition_cost": 333.33333333333337, "overshoot_cost": 52.288482911114734, "power_cost": 33.309960888671874, "noise_cost": 28.361461954545597, "n_waypoints_completed": 6, "tot_waypoints": 9}}
