{"target": -900.6832629707565, "params": {"k_pid_pos": [0.33860114553402537, 0.6646009122375651, 0.3593264879192677], "k_pid_alt": [1.8716580331660244, 0.03648706872647722, 0.7462354075360491], "k_pid_att": [7.451032753911502, 5.902592249104505, 0.04182118777891164], "k_pid_yaw": [0.5, 1e-06, 0.1], "k_pid_hsp": [2.717070413566207, 0.30569886382806133, 0.8953139896925751], "k_pid_vsp": [159.83106453204732, 29.004656776446023, 5.792069604599466]}, "datetime": {"datetime": "2025-08-13 19:40:31", "elapsed": 35559.09598970413, "delta": 33.96628999710083}, "costs": {"total_cost": 900.6832629707565, "time_cost": 150, "final_distance_cost": 75.17541723105323, "oscillation_cost": 333.943173647319, "completition_cost": 222.2222222222222, "overshoot_cost": 55.361400101465556, "power_cost": 29.731123901367187, "noise_cost": 34.249925867329296, "n_waypoints_completed": 7, "tot_waypoints": 9}}
{"target": -524.948920451498, "params": {"k_pid_pos": [0.6298896967208123, 0.8787736225980086, 0.46738879159225766], "k_pid_alt": [1.8409959275220265, 0.7270778901846351, 0.42610556257562227], "k_pid_att": [9.475232287749435, 4.652165869113546, 0.7292086034976404], "k_pid_yaw": [0.5, 1e-06, 0.1], "k_pid_hsp": [9.1803426013492, 0.24713360211268143, 0.13446836948938534], "k_pid_vsp": [161.84017451247365, 39.629771271647186, 11.99138689531179]}, "datetime": {"datetime": "2025-08-13 19:41:03", "elapsed": 35591.54994416237, "delta": 32.453954458236694}, "costs": {"total_cost": 524.948920451498, "time_cost": 150, "final_distance_cost": 5.371682996705196, "oscillation_cost": 112.05395367752759, "completition_cost": 111.11111111111116, "overshoot_cost": 61.07694469739735, "power_cost": 45.72926599121094, "noise_cost": 39.60596197754586, "n_waypoints_completed": 8, "tot_waypoints": 9}}
{"target": -462.0015783581018, "params": {"k_pid_pos": [1.4619907788830473, 0.9498921142939155, 0.840042645148889], "k_pid_alt": [0.512385835635387, 0.1874216789769897, 0.029789042572041624], "k_pid_att": [9.170805816086169, 2.216097016638767, 0.3832595528161291], "k_pid_yaw": [0.5, 1e-06, 0.1], "k_pid_hsp": [3.7125640582938857, 0.5541708165182591, 0.889990385578591], "k_pid_vsp": [281.6297783251699, 334.9212685838972, 115.26971152077415]}, "datetime": {"datetime": "2025-08-13 19:41:34", "elapsed": 35622.1107301712, "delta": 30.56078600883484}, "costs": {"total_cost": 462.0015783581018, "time_cost": 105.672, "final_distance_cost": 1.7743062820346691, "oscillation_cost": 243.87707802908906, "completition_cost": 0.0, "overshoot_cost": 57.25426615514028, "power_cost": 28.055075024414062, "noise_cost": 25.36885286742376, "n_waypoints_completed": 9, "tot_waypoints": 9}}
{"target": -375.0554709891318, "params": {"k_pid_pos": [1.1140867031785098, 0.3324887275799052, 0.4025794366628336], "k_pid_alt": [0.6113242820054674, 0.14408567547431395, 0.14596593443101913], "k_pid_att": [12.432175184048678, 3.505448075476146, 0.9490198952509784], "k_pid_yaw": [0.5, 1e-06, 0.1], "k_pid_hsp": [1.4504593669101236, 0.014078873099008793, 0.3307346900405611], "k_pid_vsp": [280.42245283852765, 337.318986921068, 110.15811164006294]}, "datetime": {"datetime": "2025-08-13 19:42:00", "elapsed": 35648.1636493206, "delta": 26.052919149398804}, "costs": {"total_cost": 375.0554709891318, "time_cost": 96.523, "final_distance_cost": 1.7418440840206826, "oscillation_cost": 175.75095488678966, "completition_cost": 0.0, "overshoot_cost": 55.67224861020215, "power_cost": 23.443443090820313, "noise_cost": 21.923980317298962, "n_waypoints_completed": 9, "tot_waypoints": 9}}
{"target": -746.9015188702507, "params": {"k_pid_pos": [1.04318451746131, 0.9149410451872716, 0.3866565160214157], "k_pid_alt": [1.63881815818274, 0.21480788013368257, 0.8904272839586308], "k_pid_att": [4.97693011155993, 4.483966686103801, 0.0647329782264322], "k_pid_yaw": [0.5, 1e-06, 0.1], "k_pid_hsp": [0.7649924437754361, 0.8579358869449039, 0.45219267480717573], "k_pid_vsp": [315.1161549772166, 312.9385966084028, 96.68809319625821]}, "datetime": {"datetime": "2025-08-13 19:42:32", "elapsed": 35680.26407647133, "delta": 32.10042715072632}, "costs": {"total_cost": 746.9015188702507, "time_cost": 150, "final_distance_cost": 78.94200730396715, "oscillation_cost": 175.09791738548188, "completition_cost": 222.2222222222222, "overshoot_cost": 62.014086196453356, "power_cost": 31.286448767089844, "noise_cost": 27.33883699503625, "n_waypoints_completed": 7, "tot_waypoints": 9}}
{"target": -433.02398815686547, "params": {"k_pid_pos": [1.133057495540641, 0.1286969874284405, 0.6206649618836748], "k_pid_alt": [1.7286764360987705, 0.7534378133227744, 0.6839819309165839], "k_pid_att": [11.019662398891805, 7.053619369248632, 0.543138108178331], "k_pid_yaw": [0.5, 1e-06, 0.1], "k_pid_hsp": [4.84747138389495, 0.31631357003989036, 0.7835788259845904], "k_pid_vsp": [289.87027436460846, 282.7190762929378, 71.75049259837027]}, "datetime": {"datetime": "2025-08-13 19:42:59", "elapsed": 35707.581790685654, "delta": 27.31771421432495}, "costs": {"total_cost": 433.02398815686547, "time_cost": 90.37, "final_distance_cost": 1.7370992928761502, "oscillation_cost": 241.6225475744819, "completition_cost": 0.0, "overshoot_cost": 54.49431789374391, "power_cost": 23.314257861328127, "noise_cost": 21.485765534435348, "n_waypoints_completed": 9, "tot_waypoints": 9}}
{"target": -664.3339699150723, "params": {"k_pid_pos": [1.6290891886321017, 0.41887368114111634, 0.5715789380942737], "k_pid_alt": [1.5982267908068029, 0.09703795163218132, 0.9038415330882148], "k_pid_att": [11.903629467225219, 4.265381181955212, 0.21553863135291174], "k_pid_yaw": [0.5, 1e-06, 0.1], "k_pid_hsp": [8.731767899207396, 0.7864020994538073, 0.507746792453805], "k_pid_vsp": [289.49889670778566, 333.3855100365057, 97.10604841932178]}, "datetime": {"datetime": "2025-08-13 19:43:31", "elapsed": 35739.862090826035, "delta": 32.28030014038086}, "costs": {"total_cost": 664.3339699150723, "time_cost": 115.409, "final_distance_cost": 1.7944005161035257, "oscillation_cost": 401.0137408474873, "completition_cost": 0.0, "overshoot_cost": 62.50844993519305, "power_cost": 44.2995642578125, "noise_cost": 39.30881435847594, "n_waypoints_completed": 9, "tot_waypoints": 9}}
{"target": -532.0242006049932, "params": {"k_pid_pos": [1.721435422888909, 0.4933471410729412, 0.5304457610208501], "k_pid_alt": [1.1312745462850191, 0.058183113253230334, 0.10844252040208036], "k_pid_att": [14.702175705160725, 3.0758054681532494, 0.23713937867440915], "k_pid_yaw": [0.5, 1e-06, 0.1], "k_pid_hsp": [4.0986022317934765, 0.9216532436040591, 0.7905475629146449], "k_pid_vsp": [293.64982803837324, 339.5191940181072, 109.12190561288884]}, "datetime": {"datetime": "2025-08-13 19:44:02", "elapsed": 35770.07362985611, "delta": 30.211539030075073}, "costs": {"total_cost": 532.0242006049932, "time_cost": 110.74000000000001, "final_distance_cost": 1.791721270996477, "oscillation_cost": 308.45240543521425, "completition_cost": 0.0, "overshoot_cost": 54.61262512137749, "power_cost": 29.613680957031253, "noise_cost": 26.813767820373748, "n_waypoints_completed": 9, "tot_waypoints": 9}}
{"target": -284.8582464761251, "params": {"k_pid_pos": [1.3666105319492718, 0.20430720824466686, 0.6506512978027328], "k_pid_alt": [1.6907024709362732, 0.6328107063795101, 0.4840669873275779], "k_pid_att": [3.965124966666922, 4.954941509043438, 0.3508951368218599], "k_pid_yaw": [0.5, 1e-06, 0.1], "k_pid_hsp": [5.79859389853915, 0.1769735184433573, 0.11570142596558564], "k_pid_vsp": [182.75711860001542, 21.902857927331706, 16.213466751870172]}, "datetime": {"datetime": "2025-08-13 19:44:24", "elapsed": 35792.51261091232, "delta": 22.43898105621338}, "costs": {"total_cost": 284.8582464761251, "time_cost": 79.751, "final_distance_cost": 1.728119247986751, "oscillation_cost": 109.3357979731512, "completition_cost": 0.0, "overshoot_cost": 52.18182328734932, "power_cost": 21.058207067871095, "noise_cost": 20.803298899766734, "n_waypoints_completed": 9, "tot_waypoints": 9}}
{"target": -406.91019501403844, "params": {"k_pid_pos": [1.696655881533399, 0.9347881487623426, 0.7563338212701064], "k_pid_alt": [1.8233911385667725, 0.9301197034225255, 0.24129579925366285], "k_pid_att": [7.172036664210079, 1.9738497873031355, 0.7905888373271905], "k_pid_yaw": [0.5, 1e-06, 0.1], "k_pid_hsp": [6.386393914229578, 0.6629745977129208, 0.7076347231924054], "k_pid_vsp": [301.8438469798118, 342.9468692332937, 93.79664118002674]}, "datetime": {"datetime": "2025-08-13 19:44:51", "elapsed": 35819.2585747242, "delta": 26.74596381187439}, "costs": {"total_cost": 406.91019501403844, "time_cost": 102.242, "final_distance_cost": 1.7461884445261655, "oscillation_cost": 174.6176561316989, "completition_cost": 0.0, "overshoot_cost": 65.98774960847751, "power_cost": 33.63232866210938, "noise_cost": 28.684272167226432, "n_waypoints_completed": 9, "tot_waypoints": 9}}
{"target": -320.5764234398456, "params": {"k_pid_pos": [1.4040294492398948, 0.0, 0.0], "k_pid_alt": [1.6239281677684225, 0.33439945710365826, 0.8022106049415744], "k_pid_att": [39.08471506461707, 4.698762644748486, 0.9910554367694329], "k_pid_yaw": [0.5, 1e-06, 0.1], "k_pid_hsp": [8.322781795356345, 0.8758810698191322, 0.14499485593119812], "k_pid_vsp": [224.35214924224948, 279.07278434006446, 41.74262520046392]}, "datetime": {"datetime": "2025-08-13 19:45:14", "elapsed": 35842.6754887104, "delta": 23.416913986206055}, "costs": {"total_cost": 320.5764234398456, "time_cost": 85.435, "final_distance_cost": 1.8043248336295241, "oscillation_cost": 132.3556692457348, "completition_cost": 0.0, "overshoot_cost": 51.72508911392347, "power_cost": 26.834576599121096, "noise_cost": 22.421763647436787, "n_waypoints_completed": 9, "tot_waypoints": 9}}
{"target": -1013.2746248438092, "params": {"k_pid_pos": [0.84322679144866, 0.8228501042910596, 0.37116551272197973], "k_pid_alt": [1.2737937441641385, 0.9432904479897264, 0.6657278491302533], "k_pid_att": [32.20005474065398, 8.852896068279716, 0.02254275727816324], "k_pid_yaw": [0.5, 1e-06, 0.1], "k_pid_hsp": [0.6685883140358282, 0.5551493466851501, 0.07261114223299958], "k_pid_vsp": [104.10483668658634, 354.84881180664604, 53.702939784306]}, "datetime": {"datetime": "2025-08-13 19:45:46", "elapsed": 35874.147856235504, "delta": 31.472367525100708}, "costs": {"total_cost": 1013.2746248438092, "time_cost": 150, "final_distance_cost": 42.90572616102956, "oscillation_cost": 221.92517777130962, "completition_cost": 444.4444444444444, "overshoot_cost": 61.30782569295103, "power_cost": 46.277206359863285, "noise_cost": 46.41424441421129, "n_waypoints_completed": 5, "tot_waypoints": 9}}
{"target": -403.74718831481704, "params": {"k_pid_pos": [1.3989310142295825, 0.39121474045298366, 0.820590920366272], "k_pid_alt": [1.7564258053362742, 0.9636351640325341, 0.3312660685820068], "k_pid_att": [10.903412416926395, 3.4412808154155687, 0.851310023504586], "k_pid_yaw": [0.5, 1e-06, 0.1], "k_pid_hsp": [2.403213817650298, 0.7001078911650933, 0.8554603525949234], "k_pid_vsp": [161.36085752604967, 42.94321164359879, 12.007730138169185]}, "datetime": {"datetime": "2025-08-13 19:46:13", "elapsed": 35901.14843726158, "delta": 27.00058102607727}, "costs": {"total_cost": 403.74718831481704, "time_cost": 95.998, "final_distance_cost": 1.7790932852268229, "oscillation_cost": 203.99582884160296, "completition_cost": 0.0, "overshoot_cost": 55.89384288574715, "power_cost": 21.822862670898438, "noise_cost": 24.25756063134171, "n_waypoints_completed": 9, "tot_waypoints": 9}}
{"target": -418.6747790946815, "params": {"k_pid_pos": [0.3589557192950261, 0.329734334860564, 0.6167498526372498], "k_pid_alt": [1.3131771391016165, 0.5523472675950399, 0.8767658163289727], "k_pid_att": [11.27942188864538, 2.145471356454922, 0.996111339406957], "k_pid_yaw": [0.5, 1e-06, 0.1], "k_pid_hsp": [2.2923445589314126, 0.9242144985561178, 0.3949725105518178], "k_pid_vsp": [170.34421857660092, 9.848488875444275, 11.93261311301782]}, "datetime": {"datetime": "2025-08-13 19:46:44", "elapsed": 35932.17380833626, "delta": 31.025371074676514}, "costs": {"total_cost": 418.6747790946815, "time_cost": 119.917, "final_distance_cost": 1.8126899043513536, "oscillation_cost": 184.13233221133106, "completition_cost": 0.0, "overshoot_cost": 60.50124997043212, "power_cost": 24.073769543457033, "noise_cost": 28.237737465109927, "n_waypoints_completed": 9, "tot_waypoints": 9}}
{"target": -498.11046197659516, "params": {"k_pid_pos": [0.5565559881396719, 0.055752763005859296, 0.16257854555106888], "k_pid_alt": [0.33576041160656, 0.40499172935660177, 0.6486808906032197], "k_pid_att": [14.433535808032772, 4.521763834277683, 0.22499374975387054], "k_pid_yaw": [0.5, 1e-06, 0.1], "k_pid_hsp": [5.71778185173283, 0.024412614141664735, 0.24980298939572065], "k_pid_vsp": [303.11707876465886, 338.45728422937833, 93.04094873212253]}, "datetime": {"datetime": "2025-08-13 19:47:09", "elapsed": 35956.96972870827, "delta": 24.795920372009277}, "costs": {"total_cost": 498.11046197659516, "time_cost": 92.93900000000001, "final_distance_cost": 1.7905657402281983, "oscillation_cost": 297.20668067291507, "completition_cost": 0.0, "overshoot_cost": 57.12652687061693, "power_cost": 25.613623901367188, "noise_cost": 23.43406479146776, "n_waypoints_completed": 9, "tot_waypoints": 9}}
{"target": -497.46168700311523, "params": {"k_pid_pos": [1.330659307199194, 0.0037248209667496424, 0.9069777793642576], "k_pid_alt": [0.2502235717425818, 0.9400537463464661, 0.17369670437387008], "k_pid_att": [14.419652980881459, 0.8727589210659537, 0.5732633092724757], "k_pid_yaw": [0.5, 1e-06, 0.1], "k_pid_hsp": [8.333611684497292, 0.9940237733680504, 0.4236657629819849], "k_pid_vsp": [290.7712015496676, 324.20724323219326, 105.92564990120064]}, "datetime": {"datetime": "2025-08-13 19:47:37", "elapsed": 35985.64301896095, "delta": 28.673290252685547}, "costs": {"total_cost": 497.46168700311523, "time_cost": 100.618, "final_distance_cost": 1.7695287067895882, "oscillation_cost": 279.4851431764866, "completition_cost": 0.0, "overshoot_cost": 63.514287550199086, "power_cost": 27.857893286132814, "noise_cost": 24.216834283507204, "n_waypoints_completed": 9, "tot_waypoints": 9}}
{"target": -371.7544457635481, "params": {"k_pid_pos": [1.9664034154102614, 0.4879319402694007, 0.3927017833415164], "k_pid_alt": [1.6301319003459271, 0.9880737247712456, 0.9152011379468015], "k_pid_att": [11.386061696043082, 9.141474424553882, 0.1407498749033237], "k_pid_yaw": [0.5, 1e-06, 0.1], "k_pid_hsp": [8.509756369360586, 0.9009937993439476, 0.005294271148527763], "k_pid_vsp": [301.87023010142957, 351.28623039874145, 104.86882848545322]}, "datetime": {"datetime": "2025-08-13 19:48:05", "elapsed": 36013.33201289177, "delta": 27.68899393081665}, "costs": {"total_cost": 371.7544457635481, "time_cost": 103.187, "final_distance_cost": 1.756722817680924, "oscillation_cost": 140.78185718180595, "completition_cost": 0.0, "overshoot_cost": 58.01609831988954, "power_cost": 37.09249195556641, "noise_cost": 30.920275488605355, "n_waypoints_completed": 9, "tot_waypoints": 9}}
{"target": -438.83540068615156, "params": {"k_pid_pos": [1.400463903220906, 0.9485352306437014, 0.797968313036045], "k_pid_alt": [1.959257469586498, 0.981168439465908, 0.36820815981988486], "k_pid_att": [16.803838296686948, 1.3881730373157746, 0.28414308797174836], "k_pid_yaw": [0.5, 1e-06, 0.1], "k_pid_hsp": [9.911576064588248, 0.4947405137888482, 0.23385761960110196], "k_pid_vsp": [186.2360759432578, 19.362327078603464, 2.9394704007373083]}, "datetime": {"datetime": "2025-08-13 19:48:29", "elapsed": 36037.55301451683, "delta": 24.221001625061035}, "costs": {"total_cost": 438.83540068615156, "time_cost": 84.462, "final_distance_cost": 1.7784409642905006, "oscillation_cost": 253.30850398015562, "completition_cost": 0.0, "overshoot_cost": 53.37630752431115, "power_cost": 22.23235281982422, "noise_cost": 23.67779539757012, "n_waypoints_completed": 9, "tot_waypoints": 9}}
{"target": -259.6004522547625, "params": {"k_pid_pos": [1.4919582898755004, 0.13652297512480638, 0.8798599229685093], "k_pid_alt": [0.7795660359538903, 0.22137732726968118, 0.6950784751020052], "k_pid_att": [9.252073845203057, 0.9877986012343571, 0.8887766677008504], "k_pid_yaw": [0.5, 1e-06, 0.1], "k_pid_hsp": [6.385894262983045, 0.8247687399016863, 0.05414310816448065], "k_pid_vsp": [182.32754169467017, 17.22246663198346, 8.567460782487624]}, "datetime": {"datetime": "2025-08-13 19:48:54", "elapsed": 36062.121931791306, "delta": 24.568917274475098}, "costs": {"total_cost": 259.6004522547625, "time_cost": 86.765, "final_distance_cost": 1.7690712370012271, "oscillation_cost": 69.28588023527205, "completition_cost": 0.0, "overshoot_cost": 53.62544917408208, "power_cost": 23.91432518310547, "noise_cost": 24.24072642530169, "n_waypoints_completed": 9, "tot_waypoints": 9}}
{"target": -1144.3832282357566, "params": {"k_pid_pos": [0.17462779177978788, 0.8507320209123501, 0.8221827633191221], "k_pid_alt": [1.2976185354065148, 0.36229815593319437, 0.8216933741809703], "k_pid_att": [64.03873757293172, 2.7997145316443186, 0.25374061186470864], "k_pid_yaw": [0.5, 1e-06, 0.1], "k_pid_hsp": [3.6268309415418907, 0.9433745885299819, 0.5844632725241583], "k_pid_vsp": [78.53966446362936, 360.6929285782056, 46.38809109696184]}, "datetime": {"datetime": "2025-08-13 19:49:27", "elapsed": 36095.05787754059, "delta": 32.93594574928284}, "costs": {"total_cost": 1144.3832282357566, "time_cost": 150, "final_distance_cost": 42.3652409027489, "oscillation_cost": 387.7922729894399, "completition_cost": 444.4444444444444, "overshoot_cost": 53.20822140293396, "power_cost": 37.2099644897461, "noise_cost": 29.363084006443422, "n_waypoints_completed": 5, "tot_waypoints": 9}}
{"target": -1362.5829205148698, "params": {"k_pid_pos": [0.12954997527003698, 0.022571547647579626, 0.7414186693355229], "k_pid_alt": [0.8309041602285219, 0.445092875165922, 0.1857171583267907], "k_pid_att": [7.086551793068163, 7.434195284048477, 0.11855563687190218], "k_pid_yaw": [0.5, 1e-06, 0.1], "k_pid_hsp": [5.208318865574543, 0.4567751253414809, 0.16254529822073038], "k_pid_vsp": [199.35609300689313, 318.3351991609488, 17.291796551176457]}, "datetime": {"datetime": "2025-08-13 19:49:59", "elapsed": 36127.256098032, "delta": 32.1982204914093}, "costs": {"total_cost": 1362.5829205148698, "time_cost": 150, "final_distance_cost": 53.95602520444106, "oscillation_cost": 370.82133659308465, "completition_cost": 666.6666666666667, "overshoot_cost": 65.51486584638701, "power_cost": 27.596744934082032, "noise_cost": 28.027281270208412, "n_waypoints_completed": 3, "tot_waypoints": 9}}
{"target": -319.9590691308265, "params": {"k_pid_pos": [1.9635029624924465, 0.0, 0.0], "k_pid_alt": [2.0, 1.0, 0.0], "k_pid_att": [26.397085477621356, 2.047958394699316, 1.0], "k_pid_yaw": [0.5, 1e-06, 0.1], "k_pid_hsp": [5.252692013217627, 1.0, 0.0], "k_pid_vsp": [312.0318217854292, 338.53808829311976, 101.83653928987988]}, "datetime": {"datetime": "2025-08-13 19:50:29", "elapsed": 36157.841010570526, "delta": 30.584912538528442}, "costs": {"total_cost": 319.9590691308265, "time_cost": 108.33200000000001, "final_distance_cost": 1.7332846755728932, "oscillation_cost": 80.26276195423682, "completition_cost": 0.0, "overshoot_cost": 59.31953613452895, "power_cost": 38.12245616455078, "noise_cost": 32.189030201937065, "n_waypoints_completed": 9, "tot_waypoints": 9}}
{"target": -1317.5903910894572, "params": {"k_pid_pos": [1.1266246527454518, 0.43634465450013693, 0.3104201757659486], "k_pid_alt": [1.3594561730303196, 0.679596275132347, 0.058654860296884936], "k_pid_att": [1.7347619072929255, 5.085571531990202, 0.6000414641926161], "k_pid_yaw": [0.5, 1e-06, 0.1], "k_pid_hsp": [6.508009200085243, 0.4114991261733232, 0.2686785596747733], "k_pid_vsp": [184.1520066209496, 17.776705696233403, 5.934842962318465]}, "datetime": {"datetime": "2025-08-13 19:51:06", "elapsed": 36194.44027400017, "delta": 36.599263429641724}, "costs": {"total_cost": 1317.5903910894572, "time_cost": 150, "final_distance_cost": 42.354986808754184, "oscillation_cost": 376.40831503346413, "completition_cost": 555.5555555555555, "overshoot_cost": 79.7207968692767, "power_cost": 49.45105791015625, "noise_cost": 64.09967891225027, "n_waypoints_completed": 4, "tot_waypoints": 9}}
{"target": -529.3367690930481, "params": {"k_pid_pos": [1.0573837873565741, 0.38998056957556837, 0.135780979403622], "k_pid_alt": [0.5689759562529204, 0.7256236828255224, 0.09153947311678579], "k_pid_att": [15.72097990102439, 0.07450371534905266, 0.08524857009513875], "k_pid_yaw": [0.5, 1e-06, 0.1], "k_pid_hsp": [6.585706911750474, 0.17268018837960242, 0.9599583463327443], "k_pid_vsp": [187.7339748360251, 311.3106994945818, 8.973506369697922]}, "datetime": {"datetime": "2025-08-13 19:51:39", "elapsed": 36227.86400818825, "delta": 33.423734188079834}, "costs": {"total_cost": 529.3367690930481, "time_cost": 100.10000000000001, "final_distance_cost": 1.732375731255964, "oscillation_cost": 306.67410909491696, "completition_cost": 0.0, "overshoot_cost": 59.61066343453219, "power_cost": 32.19034361572266, "noise_cost": 29.029277216620383, "n_waypoints_completed": 9, "tot_waypoints": 9}}
