{"target": -1465.8759459938926, "params": {"k_pid_pos": [0.005295409512063617, 0.11511332473750302, 0.49511554748058995], "k_pid_alt": [1.4496073191935248, 0.1696573494450616, 0.5261681041548734], "k_pid_att": [8.996823129756448, 0.5362860639829289, 0.9667514840643056], "k_pid_yaw": [0.5, 1e-06, 0.1], "k_pid_hsp": [1.5757331119650195, 0.2799364591274729, 0.8142663429255333], "k_pid_vsp": [178.74268876882445, 12.767296379419658, 9.76037774379609]}, "datetime": {"datetime": "2025-08-14 03:14:12", "elapsed": 62780.133930921555, "delta": 40.47451376914978}, "costs": {"total_cost": 1465.8759459938926, "time_cost": 150, "final_distance_cost": 64.86289848785216, "oscillation_cost": 236.48600391482967, "completition_cost": 888.8888888888888, "overshoot_cost": 66.21503960562215, "power_cost": 30.226723571777345, "noise_cost": 29.196391524922543, "n_waypoints_completed": 1, "tot_waypoints": 9}}
{"target": -377.5164601214757, "params": {"k_pid_pos": [0.7948787036806544, 0.4611719285034599, 0.3967466769897947], "k_pid_alt": [1.0881329230201384, 0.712907351506908, 0.13034843383093253], "k_pid_att": [14.210431822888959, 6.802289060827051, 0.5545930559078132], "k_pid_yaw": [0.5, 1e-06, 0.1], "k_pid_hsp": [6.674174159110578, 0.7307627716670593, 0.4274225062895237], "k_pid_vsp": [257.4908214592291, 284.46317190312084, 48.82157125286213]}, "datetime": {"datetime": "2025-08-14 03:14:50", "elapsed": 62818.05501627922, "delta": 37.921085357666016}, "costs": {"total_cost": 377.5164601214757, "time_cost": 92.785, "final_distance_cost": 1.7415645935929625, "oscillation_cost": 184.21580714643375, "completition_cost": 0.0, "overshoot_cost": 56.74217762164903, "power_cost": 20.850663989257814, "noise_cost": 21.181246770542078, "n_waypoints_completed": 9, "tot_waypoints": 9}}
{"target": -454.4387399523124, "params": {"k_pid_pos": [1.3908558324609224, 0.44713065742897906, 0.7025599795830784], "k_pid_alt": [1.42331302752244, 0.6265607370386447, 0.8615572219829073], "k_pid_att": [20.715063228528475, 1.5153989878074885, 0.8783310732114702], "k_pid_yaw": [0.5, 1e-06, 0.1], "k_pid_hsp": [4.783706812681513, 0.784753397680522, 0.9642712050906024], "k_pid_vsp": [272.93003006983713, 334.95506736158234, 103.90543297884186]}, "datetime": {"datetime": "2025-08-14 03:15:31", "elapsed": 62859.39069366455, "delta": 41.3356773853302}, "costs": {"total_cost": 454.4387399523124, "time_cost": 90.622, "final_distance_cost": 1.7628805986922111, "oscillation_cost": 254.97634803035766, "completition_cost": 0.0, "overshoot_cost": 53.72488738981116, "power_cost": 29.241337622070315, "noise_cost": 24.1112863113811, "n_waypoints_completed": 9, "tot_waypoints": 9}}
{"target": -1151.8934681650017, "params": {"k_pid_pos": [0.28434415532354007, 0.36615579009389376, 0.7138746225639868], "k_pid_alt": [1.5395270684964315, 0.27671839853498215, 0.053138405496156116], "k_pid_att": [19.046987871127996, 9.907154258238247, 0.5787533648539533], "k_pid_yaw": [0.5, 1e-06, 0.1], "k_pid_hsp": [8.412162220768254, 0.7606681870451393, 0.691914528190717], "k_pid_vsp": [289.43169556075304, 330.24819251775983, 108.15409098858764]}, "datetime": {"datetime": "2025-08-14 03:16:10", "elapsed": 62898.37226939201, "delta": 38.98157572746277}, "costs": {"total_cost": 1151.8934681650017, "time_cost": 150, "final_distance_cost": 74.53808337669956, "oscillation_cost": 477.10262751088607, "completition_cost": 333.33333333333337, "overshoot_cost": 48.793165212608535, "power_cost": 37.53696824951172, "noise_cost": 30.58929048196239, "n_waypoints_completed": 6, "tot_waypoints": 9}}
{"target": -966.6268641150384, "params": {"k_pid_pos": [1.0679362165757507, 0.9762041381637528, 0.5316497778893426], "k_pid_alt": [0.6136364749318841, 0.9397512728454918, 0.22646564859038298], "k_pid_att": [3.460962706835269, 6.4676166714987735, 0.4163833337903511], "k_pid_yaw": [0.5, 1e-06, 0.1], "k_pid_hsp": [2.448307669519462, 0.3606012522486324, 0.7288483267502825], "k_pid_vsp": [187.05667230987913, 7.090607325296871, 14.921374704550747]}, "datetime": {"datetime": "2025-08-14 03:16:48", "elapsed": 62936.59415626526, "delta": 38.22188687324524}, "costs": {"total_cost": 966.6268641150384, "time_cost": 150, "final_distance_cost": 57.79189649782353, "oscillation_cost": 188.09177018300178, "completition_cost": 444.4444444444444, "overshoot_cost": 66.50632640064991, "power_cost": 30.26407410888672, "noise_cost": 29.52835248023209, "n_waypoints_completed": 5, "tot_waypoints": 9}}
{"target": -419.73941983227076, "params": {"k_pid_pos": [1.8050405009980774, 0.40195786191796, 0.26001947634745787], "k_pid_alt": [1.4453547244510956, 0.4908122160932467, 0.2314024879327706], "k_pid_att": [14.612420925715295, 5.879506903547935, 0.540093734498646], "k_pid_yaw": [0.5, 1e-06, 0.1], "k_pid_hsp": [7.738363628291726, 0.33650030401612624, 0.5905291404963835], "k_pid_vsp": [304.0817818347927, 340.2278029155206, 122.54923714682171]}, "datetime": {"datetime": "2025-08-14 03:17:35", "elapsed": 62983.161173820496, "delta": 46.567017555236816}, "costs": {"total_cost": 419.73941983227076, "time_cost": 91.035, "final_distance_cost": 1.746269590515229, "oscillation_cost": 224.3679871171888, "completition_cost": 0.0, "overshoot_cost": 55.25250062713052, "power_cost": 24.868618310546875, "noise_cost": 22.469044186889313, "n_waypoints_completed": 9, "tot_waypoints": 9}}
{"target": -760.8787090566369, "params": {"k_pid_pos": [1.0710924884545845, 0.8993742015497163, 0.6043888250778559], "k_pid_alt": [0.413747855148608, 0.04888702302914061, 0.8293720880372875], "k_pid_att": [18.8588192972042, 6.253004409988974, 0.7960357525626273], "k_pid_yaw": [0.5, 1e-06, 0.1], "k_pid_hsp": [8.641298137369924, 0.40402535365416625, 0.989023262003032], "k_pid_vsp": [304.1393400353061, 339.2584496825272, 129.63559001471336]}, "datetime": {"datetime": "2025-08-14 03:18:14", "elapsed": 63022.71241378784, "delta": 39.55123996734619}, "costs": {"total_cost": 760.8787090566369, "time_cost": 150, "final_distance_cost": 46.789119390330775, "oscillation_cost": 343.49235354948047, "completition_cost": 111.11111111111116, "overshoot_cost": 51.99451745995841, "power_cost": 30.49097567138672, "noise_cost": 27.0006318743693, "n_waypoints_completed": 8, "tot_waypoints": 9}}
{"target": -876.4106421702903, "params": {"k_pid_pos": [1.954065399491357, 0.3931534325742272, 0.12488828144173192], "k_pid_alt": [0.0062215684627198176, 0.5401615262170848, 0.7253729831620567], "k_pid_att": [14.440777521608815, 1.0880384647544326, 0.2604345797664189], "k_pid_yaw": [0.5, 1e-06, 0.1], "k_pid_hsp": [7.301282896937767, 0.4714468917908986, 0.6959367912227202], "k_pid_vsp": [277.97050418432775, 344.19051928305606, 103.04833697341975]}, "datetime": {"datetime": "2025-08-14 03:18:54", "elapsed": 63062.218526124954, "delta": 39.50611233711243}, "costs": {"total_cost": 876.4106421702903, "time_cost": 150, "final_distance_cost": 68.27757285669246, "oscillation_cost": 303.25522176443957, "completition_cost": 222.2222222222222, "overshoot_cost": 65.07530263270193, "power_cost": 36.061502014160155, "noise_cost": 31.518820680073986, "n_waypoints_completed": 7, "tot_waypoints": 9}}
{"target": -758.5355760156481, "params": {"k_pid_pos": [0.45909655679794564, 0.7770496059053471, 0.22274842278681295], "k_pid_alt": [1.5919527561954134, 0.1941594060556745, 0.08467724213685979], "k_pid_att": [10.300347101955666, 9.061084061119692, 0.63518650116645], "k_pid_yaw": [0.5, 1e-06, 0.1], "k_pid_hsp": [9.953565863896802, 0.6626070626193028, 0.34005862662069997], "k_pid_vsp": [311.2611863206313, 344.69955585151894, 107.73022786474799]}, "datetime": {"datetime": "2025-08-14 03:19:34", "elapsed": 63102.04752802849, "delta": 39.829001903533936}, "costs": {"total_cost": 758.5355760156481, "time_cost": 150, "final_distance_cost": 67.29089043327346, "oscillation_cost": 212.14897292756788, "completition_cost": 222.2222222222222, "overshoot_cost": 45.70404552529608, "power_cost": 33.255644860839844, "noise_cost": 27.913800046448554, "n_waypoints_completed": 7, "tot_waypoints": 9}}
{"target": -258.3356115599558, "params": {"k_pid_pos": [1.5124083295782342, 0.1931633240486259, 0.4782889334693896], "k_pid_alt": [0.5911302608921651, 0.36622976606782576, 0.24595141049940084], "k_pid_att": [8.345557263449944, 3.971804151690644, 0.5817271732792166], "k_pid_yaw": [0.5, 1e-06, 0.1], "k_pid_hsp": [0.14357007970419128, 0.014660922928067421, 0.02314572350492483], "k_pid_vsp": [191.0503670903434, 313.5101683139587, 11.704589397746917]}, "datetime": {"datetime": "2025-08-14 03:20:09", "elapsed": 63137.72999739647, "delta": 35.68246936798096}, "costs": {"total_cost": 258.3356115599558, "time_cost": 85.44200000000001, "final_distance_cost": 1.7374383729604566, "oscillation_cost": 69.96532675336918, "completition_cost": 0.0, "overshoot_cost": 53.683868632952795, "power_cost": 24.446522314453127, "noise_cost": 23.060455486220214, "n_waypoints_completed": 9, "tot_waypoints": 9}}
{"target": -448.13793229448027, "params": {"k_pid_pos": [1.590523887141916, 0.2580760668949822, 0.8804070075082214], "k_pid_alt": [0.41846858310306634, 0.5092812383854648, 0.7855159481823447], "k_pid_att": [4.879871521930013, 6.924925869165077, 0.7349129048974142], "k_pid_yaw": [0.5, 1e-06, 0.1], "k_pid_hsp": [5.571189822017307, 0.4625522528961976, 0.8968089291563814], "k_pid_vsp": [310.9683891173904, 323.5678205674652, 107.30825003716443]}, "datetime": {"datetime": "2025-08-14 03:20:47", "elapsed": 63175.435353040695, "delta": 37.705355644226074}, "costs": {"total_cost": 448.13793229448027, "time_cost": 109.921, "final_distance_cost": 1.7739669047573043, "oscillation_cost": 219.39612315610836, "completition_cost": 0.0, "overshoot_cost": 62.95802422905664, "power_cost": 28.934191210937502, "noise_cost": 25.154626793620427, "n_waypoints_completed": 9, "tot_waypoints": 9}}
{"target": -488.14815956421944, "params": {"k_pid_pos": [1.2456549765100098, 0.17828011110052788, 0.8755745219158119], "k_pid_alt": [1.6772369331700556, 0.9981998504567748, 0.5670870517127137], "k_pid_att": [8.414967936339245, 2.5420870193561833, 0.3754812492202224], "k_pid_yaw": [0.5, 1e-06, 0.1], "k_pid_hsp": [5.145522605794015, 0.9200435165686716, 0.9058355592422285], "k_pid_vsp": [173.33313006731754, 3.298147552809949, 18.80365915744854]}, "datetime": {"datetime": "2025-08-14 03:21:22", "elapsed": 63210.917356967926, "delta": 35.482003927230835}, "costs": {"total_cost": 488.14815956421944, "time_cost": 98.21000000000001, "final_distance_cost": 1.7332416817598455, "oscillation_cost": 272.4478984831704, "completition_cost": 0.0, "overshoot_cost": 60.64491946817045, "power_cost": 28.776321032714844, "noise_cost": 26.335778898403955, "n_waypoints_completed": 9, "tot_waypoints": 9}}
{"target": -665.1562123112631, "params": {"k_pid_pos": [1.2820145414824655, 0.8005097510870625, 0.8541926514089563], "k_pid_alt": [1.9059982975927345, 0.1978170037254332, 0.7909453123632367], "k_pid_att": [42.0772690542927, 0.006727433869648854, 0.6304903527235378], "k_pid_yaw": [0.5, 1e-06, 0.1], "k_pid_hsp": [5.790732174545103, 0.30633195531692214, 0.48950544304595633], "k_pid_vsp": [228.35793042468012, 274.53039701845336, 46.06141016379165]}, "datetime": {"datetime": "2025-08-14 03:22:04", "elapsed": 63252.94271612167, "delta": 42.02535915374756}, "costs": {"total_cost": 665.1562123112631, "time_cost": 115.563, "final_distance_cost": 1.7713997462874858, "oscillation_cost": 426.10337294486084, "completition_cost": 0.0, "overshoot_cost": 55.15097696029076, "power_cost": 36.480503759765625, "noise_cost": 30.08695890005834, "n_waypoints_completed": 9, "tot_waypoints": 9}}
{"target": -532.0194965254578, "params": {"k_pid_pos": [1.2062029148847446, 0.19449432590093985, 0.7072011178904114], "k_pid_alt": [0.27984740946024766, 0.6739996695669386, 0.5413704999903485], "k_pid_att": [13.455425731133108, 8.303386086003254, 0.4570219569229337], "k_pid_yaw": [0.5, 1e-06, 0.1], "k_pid_hsp": [9.301286021789007, 0.33192537158646584, 0.8439290065258993], "k_pid_vsp": [307.4599125532012, 307.8023282217612, 116.9783544217725]}, "datetime": {"datetime": "2025-08-14 03:22:47", "elapsed": 63295.88106131554, "delta": 42.938345193862915}, "costs": {"total_cost": 532.0194965254578, "time_cost": 100.688, "final_distance_cost": 1.7943288899443193, "oscillation_cost": 310.29220352710695, "completition_cost": 0.0, "overshoot_cost": 63.833388208988566, "power_cost": 29.90512264404297, "noise_cost": 25.50645325537502, "n_waypoints_completed": 9, "tot_waypoints": 9}}
{"target": -316.1530531700356, "params": {"k_pid_pos": [1.3712224996493125, 0.16273821863110463, 0.4514610884005201], "k_pid_alt": [1.170230126598528, 0.48275863405796826, 0.551414479175714], "k_pid_att": [15.081654188509212, 5.700654553226375, 0.7722721313377396], "k_pid_yaw": [0.5, 1e-06, 0.1], "k_pid_hsp": [5.875049851405612, 0.22479862128351846, 0.333532799613403], "k_pid_vsp": [269.3474701037927, 259.8862157290385, 34.488411509743656]}, "datetime": {"datetime": "2025-08-14 03:23:17", "elapsed": 63325.92642760277, "delta": 30.045366287231445}, "costs": {"total_cost": 316.1530531700356, "time_cost": 77.938, "final_distance_cost": 1.7763508233122087, "oscillation_cost": 144.7644026332921, "completition_cost": 0.0, "overshoot_cost": 51.46556572157169, "power_cost": 21.01027995605469, "noise_cost": 19.19845403580496, "n_waypoints_completed": 9, "tot_waypoints": 9}}
{"target": -347.7030587823569, "params": {"k_pid_pos": [0.5972892167934658, 0.102128975372352, 0.08145267398664213], "k_pid_alt": [0.42728976884181935, 0.6221561574974145, 0.060489389403638905], "k_pid_att": [18.896182951643937, 3.607600991435124, 0.8714603496700416], "k_pid_yaw": [0.5, 1e-06, 0.1], "k_pid_hsp": [2.9839702721193966, 0.4776154276338255, 0.2881656586617385], "k_pid_vsp": [290.0368308170472, 346.4104790716363, 121.99901834881554]}, "datetime": {"datetime": "2025-08-14 03:23:51", "elapsed": 63359.55754780769, "delta": 33.63112020492554}, "costs": {"total_cost": 347.7030587823569, "time_cost": 91.72800000000001, "final_distance_cost": 1.7899208379383118, "oscillation_cost": 150.3487215071116, "completition_cost": 0.0, "overshoot_cost": 59.929263813129474, "power_cost": 22.772056982421876, "noise_cost": 21.135095641755623, "n_waypoints_completed": 9, "tot_waypoints": 9}}
{"target": -497.41806740305, "params": {"k_pid_pos": [0.49871141982060874, 0.01988267725269688, 0.6891041124991452], "k_pid_alt": [0.12646621747290876, 0.5151137887162848, 0.8154858528664914], "k_pid_att": [14.097671269410794, 5.533962355840921, 0.697017455998099], "k_pid_yaw": [0.5, 1e-06, 0.1], "k_pid_hsp": [2.2960148644224754, 0.6319308317519612, 0.05495109571204759], "k_pid_vsp": [317.81482493139356, 340.55611035454154, 94.6933019750353]}, "datetime": {"datetime": "2025-08-14 03:24:30", "elapsed": 63398.42788553238, "delta": 38.87033772468567}, "costs": {"total_cost": 497.41806740305, "time_cost": 150, "final_distance_cost": 16.182874057915097, "oscillation_cost": 92.00560669924225, "completition_cost": 111.11111111111116, "overshoot_cost": 67.9758752626561, "power_cost": 30.063448510742187, "noise_cost": 30.07915176138323, "n_waypoints_completed": 8, "tot_waypoints": 9}}
{"target": -538.1694026755627, "params": {"k_pid_pos": [1.3395548957661587, 0.008680193986889906, 0.628294701888048], "k_pid_alt": [0.16432532973378322, 0.2971331135963424, 0.20292585461380053], "k_pid_att": [13.946660133831212, 8.318679850145157, 0.8380897360888676], "k_pid_yaw": [0.5, 1e-06, 0.1], "k_pid_hsp": [3.1984716362242005, 0.7864059002488936, 0.6842375370073994], "k_pid_vsp": [179.48550019152697, 21.571388058899554, 8.656111456067325]}, "datetime": {"datetime": "2025-08-14 03:25:04", "elapsed": 63432.74966669083, "delta": 34.321781158447266}, "costs": {"total_cost": 538.1694026755627, "time_cost": 104.21600000000001, "final_distance_cost": 1.7526511786803483, "oscillation_cost": 294.71865434216306, "completition_cost": 0.0, "overshoot_cost": 66.15726386746987, "power_cost": 35.36006938476563, "noise_cost": 35.964763902483696, "n_waypoints_completed": 9, "tot_waypoints": 9}}
{"target": -693.9904010510908, "params": {"k_pid_pos": [0.5230827066160058, 0.06551505203297181, 0.43894019217406877], "k_pid_alt": [0.14321547930933876, 0.774599810784418, 0.4903717126398933], "k_pid_att": [13.720511301583894, 5.484077960189427, 0.004780359918725163], "k_pid_yaw": [0.5, 1e-06, 0.1], "k_pid_hsp": [7.466830870857627, 0.41242066933996546, 0.39590681663058847], "k_pid_vsp": [287.4301745310379, 279.5801660007871, 78.71966873449607]}, "datetime": {"datetime": "2025-08-14 03:25:42", "elapsed": 63470.5287964344, "delta": 37.77912974357605}, "costs": {"total_cost": 693.9904010510908, "time_cost": 110.831, "final_distance_cost": 1.8312739159943068, "oscillation_cost": 464.7117936792892, "completition_cost": 0.0, "overshoot_cost": 65.00708514548725, "power_cost": 25.458545947265627, "noise_cost": 26.150702363054354, "n_waypoints_completed": 9, "tot_waypoints": 9}}
{"target": -384.6817692521656, "params": {"k_pid_pos": [1.746453062157434, 0.44368577027000555, 0.9078898726843401], "k_pid_alt": [1.1687019201600768, 0.03915220543459075, 0.5649389552429], "k_pid_att": [14.61279975424723, 1.077470686196965, 0.9115703174199646], "k_pid_yaw": [0.5, 1e-06, 0.1], "k_pid_hsp": [3.9861468126385367, 0.8679392328405895, 0.5179143114940934], "k_pid_vsp": [199.68577460463504, 297.5368554180236, 13.154079365327057]}, "datetime": {"datetime": "2025-08-14 03:26:20", "elapsed": 63508.3561091423, "delta": 37.827312707901}, "costs": {"total_cost": 384.6817692521656, "time_cost": 84.784, "final_distance_cost": 1.7882575556639406, "oscillation_cost": 196.31092524876001, "completition_cost": 0.0, "overshoot_cost": 53.069799493674054, "power_cost": 25.492767321777347, "noise_cost": 23.23601963229019, "n_waypoints_completed": 9, "tot_waypoints": 9}}
{"target": -307.5093674335359, "params": {"k_pid_pos": [1.7376849745781668, 0.5422810788566431, 0.09436896902365899], "k_pid_alt": [1.3710911067945355, 0.007178572094946212, 0.4423080432276797], "k_pid_att": [8.268391742291591, 5.053866445919642, 0.8097290734169598], "k_pid_yaw": [0.5, 1e-06, 0.1], "k_pid_hsp": [7.90627807976933, 0.7173970835324437, 0.5897053259210633], "k_pid_vsp": [318.6350199669191, 348.0445137128237, 100.3406465299621]}, "datetime": {"datetime": "2025-08-14 03:26:49", "elapsed": 63537.7970058918, "delta": 29.44089674949646}, "costs": {"total_cost": 307.5093674335359, "time_cost": 82.537, "final_distance_cost": 1.7492363731277816, "oscillation_cost": 114.64326957542195, "completition_cost": 0.0, "overshoot_cost": 56.411746443200435, "power_cost": 28.574557543945314, "noise_cost": 23.593557497840358, "n_waypoints_completed": 9, "tot_waypoints": 9}}
{"target": -700.2616160391577, "params": {"k_pid_pos": [0.8161777229910341, 0.6103409155398822, 0.8349103710316176], "k_pid_alt": [1.570438559246843, 0.5483155134876104, 0.9500890073717879], "k_pid_att": [15.04372660971709, 5.838762687669452, 0.019787039063407508], "k_pid_yaw": [0.5, 1e-06, 0.1], "k_pid_hsp": [5.1637400007872865, 0.9855550876769709, 0.8582669224492749], "k_pid_vsp": [108.63156015341202, 367.79119127909087, 59.55939138877426]}, "datetime": {"datetime": "2025-08-14 03:27:27", "elapsed": 63575.17551231384, "delta": 37.37850642204285}, "costs": {"total_cost": 700.2616160391577, "time_cost": 113.078, "final_distance_cost": 1.7673085606509495, "oscillation_cost": 452.684308622357, "completition_cost": 0.0, "overshoot_cost": 57.219836486042176, "power_cost": 42.211118750000004, "noise_cost": 33.30104362010766, "n_waypoints_completed": 9, "tot_waypoints": 9}}
{"target": -327.78064091001494, "params": {"k_pid_pos": [1.8302570202699493, 0.9426236577361303, 0.2349862911123345], "k_pid_alt": [0.8298768756685895, 0.3627875302573038, 0.4949035551862384], "k_pid_att": [8.304054509379643, 1.5840161884005974, 0.5738708063304072], "k_pid_yaw": [0.5, 1e-06, 0.1], "k_pid_hsp": [2.5742774801582793, 0.014140743381951815, 0.3535819604357209], "k_pid_vsp": [170.569128477168, 5.068342383332464, 24.397479099601338]}, "datetime": {"datetime": "2025-08-14 03:28:06", "elapsed": 63614.329245090485, "delta": 39.153732776641846}, "costs": {"total_cost": 327.78064091001494, "time_cost": 97.552, "final_distance_cost": 1.7808593070686047, "oscillation_cost": 115.53309027704101, "completition_cost": 0.0, "overshoot_cost": 60.15134361445909, "power_cost": 27.395201477050783, "noise_cost": 25.36814623439545, "n_waypoints_completed": 9, "tot_waypoints": 9}}
{"target": -443.13613409818277, "params": {"k_pid_pos": [1.9058438715478094, 0.2357514836105532, 0.39734296810418257], "k_pid_alt": [1.9001941025390776, 0.2824649418793943, 0.32586664851898106], "k_pid_att": [7.365268080559073, 0.7555356938370645, 0.08770865714071441], "k_pid_yaw": [0.5, 1e-06, 0.1], "k_pid_hsp": [8.079811195300554, 0.14142282913885862, 0.6705768330277169], "k_pid_vsp": [180.5487185124975, 7.940407705718132, 16.665258845224542]}, "datetime": {"datetime": "2025-08-14 03:28:44", "elapsed": 63652.68701648712, "delta": 38.35777139663696}, "costs": {"total_cost": 443.13613409818277, "time_cost": 92.904, "final_distance_cost": 1.7301057118715641, "oscillation_cost": 241.9011761517497, "completition_cost": 0.0, "overshoot_cost": 54.725467999888004, "power_cost": 26.824523364257814, "noise_cost": 25.050860870415686, "n_waypoints_completed": 9, "tot_waypoints": 9}}
