{"target": -354.64297362518363, "params": {"k_pid_pos": [1.7515364525173327, 0.5796951942894002, 0.02005719248281701], "k_pid_alt": [0.7517512389569783, 0.30564217509763103, 0.28148142427642453], "k_pid_att": [6.021026133013896, 1.080020174045273, 0.7596878425168091], "k_pid_yaw": [0.5, 1e-06, 0.1], "k_pid_hsp": [4.143712222162321, 0.7827784314468276, 0.43608058949051665], "k_pid_vsp": [314.9215606792923, 340.3755860075084, 117.49437147304334]}, "datetime": {"datetime": "2025-08-13 18:16:09", "elapsed": 30497.180478811264, "delta": 29.192785024642944}, "costs": {"total_cost": 354.64297362518363, "time_cost": 112.259, "final_distance_cost": 1.7822788241471945, "oscillation_cost": 106.11917170369928, "completition_cost": 0.0, "overshoot_cost": 77.3825897225365, "power_cost": 30.26091129150391, "noise_cost": 26.839022083296697, "n_waypoints_completed": 9, "tot_waypoints": 9}}
{"target": -367.8692761305172, "params": {"k_pid_pos": [1.7314158452277857, 0.1801779437797847, 0.3963009317249233], "k_pid_alt": [0.8675873125063072, 0.04056393634293254, 0.8099148847407355], "k_pid_att": [13.299420604621726, 1.2108493829623665, 0.5372618027712207], "k_pid_yaw": [0.5, 1e-06, 0.1], "k_pid_hsp": [9.684331567978328, 0.6652546503448167, 0.17276244339107538], "k_pid_vsp": [264.86294134859804, 266.0982482370299, 56.53232709985963]}, "datetime": {"datetime": "2025-08-13 18:16:33", "elapsed": 30521.391138792038, "delta": 24.210659980773926}, "costs": {"total_cost": 367.8692761305172, "time_cost": 92.715, "final_distance_cost": 1.8096130319498358, "oscillation_cost": 173.85061154029214, "completition_cost": 0.0, "overshoot_cost": 51.4784592394376, "power_cost": 25.35419334716797, "noise_cost": 22.661398971669698, "n_waypoints_completed": 9, "tot_waypoints": 9}}
{"target": -431.23525098323904, "params": {"k_pid_pos": [1.899732551482029, 0.7227824248027022, 0.4584070568565287], "k_pid_alt": [1.9929395716382092, 0.09015222200915263, 0.10703530793067018], "k_pid_att": [17.897682422296533, 1.7827022900290757, 0.28201530787615825], "k_pid_yaw": [0.5, 1e-06, 0.1], "k_pid_hsp": [6.675673780443489, 0.789521640258203, 0.9519341791770959], "k_pid_vsp": [290.9234639375545, 322.18134270675046, 105.13381591117829]}, "datetime": {"datetime": "2025-08-13 18:16:58", "elapsed": 30546.95864200592, "delta": 25.567503213882446}, "costs": {"total_cost": 431.23525098323904, "time_cost": 93.52, "final_distance_cost": 1.7792853810236673, "oscillation_cost": 224.03974287415215, "completition_cost": 0.0, "overshoot_cost": 60.692691055523774, "power_cost": 27.17884644775391, "noise_cost": 24.024685224785525, "n_waypoints_completed": 9, "tot_waypoints": 9}}
{"target": -1029.6048545132444, "params": {"k_pid_pos": [1.461200968226977, 0.9129916796475731, 0.675002160955407], "k_pid_alt": [1.0215242722279656, 0.4554101402265932, 0.02203549552738937], "k_pid_att": [2.2443942286197838, 6.981260986214421, 0.6235299212841906], "k_pid_yaw": [0.5, 1e-06, 0.1], "k_pid_hsp": [4.972001412124658, 0.0577056442879571, 0.33768527101914336], "k_pid_vsp": [317.3818421922496, 335.9566666049652, 108.93901935398421]}, "datetime": {"datetime": "2025-08-13 18:17:29", "elapsed": 30577.43773293495, "delta": 30.479090929031372}, "costs": {"total_cost": 1029.6048545132444, "time_cost": 150, "final_distance_cost": 68.65395044341896, "oscillation_cost": 345.8322900471941, "completition_cost": 333.33333333333337, "overshoot_cost": 65.7263730487784, "power_cost": 36.393127075195316, "noise_cost": 29.66578056532429, "n_waypoints_completed": 6, "tot_waypoints": 9}}
{"target": -1481.5394782255928, "params": {"k_pid_pos": [0.7839461299282522, 0.7368439374624236, 0.3677258847280598], "k_pid_alt": [1.616611218977143, 0.08926653973010734, 0.7100493221603711], "k_pid_att": [30.01413957917776, 7.648053208806011, 0.6293365821186381], "k_pid_yaw": [0.5, 1e-06, 0.1], "k_pid_hsp": [4.715345251569798, 0.2949712600066762, 0.8458816774655343], "k_pid_vsp": [245.32353568200787, 288.316116684553, 54.0070679007768]}, "datetime": {"datetime": "2025-08-13 18:18:01", "elapsed": 30609.490166902542, "delta": 32.05243396759033}, "costs": {"total_cost": 1481.5394782255928, "time_cost": 150, "final_distance_cost": 50.491364097634346, "oscillation_cost": 440.9434515596358, "completition_cost": 666.6666666666667, "overshoot_cost": 49.044984748453544, "power_cost": 51.32682945556641, "noise_cost": 73.06618169763605, "n_waypoints_completed": 3, "tot_waypoints": 9}}
{"target": -334.1496687136023, "params": {"k_pid_pos": [1.7514469081090562, 0.020952845756413208, 0.09006450707286351], "k_pid_alt": [0.7181802954147507, 0.3104882536088257, 0.3859158081134437], "k_pid_att": [11.568932363120243, 2.667887732508486, 0.16348635121902722], "k_pid_yaw": [0.5, 1e-06, 0.1], "k_pid_hsp": [1.9619829094405985, 0.826673527557929, 0.172026829190278], "k_pid_vsp": [281.003516310602, 336.2890801234529, 113.40356898578595]}, "datetime": {"datetime": "2025-08-13 18:18:24", "elapsed": 30632.187259674072, "delta": 22.69709277153015}, "costs": {"total_cost": 334.1496687136023, "time_cost": 81.333, "final_distance_cost": 1.7590315583887386, "oscillation_cost": 155.91801168410208, "completition_cost": 0.0, "overshoot_cost": 53.749054884714724, "power_cost": 21.58142420654297, "noise_cost": 19.80914637985378, "n_waypoints_completed": 9, "tot_waypoints": 9}}
{"target": -858.6682789920354, "params": {"k_pid_pos": [0.41456092079840384, 0.5831072326137131, 0.34346840910824195], "k_pid_alt": [0.9427875240951256, 0.17141653522288447, 0.34458222292879614], "k_pid_att": [7.905186570415368, 2.141948173960355, 0.17023686490763168], "k_pid_yaw": [0.5, 1e-06, 0.1], "k_pid_hsp": [7.460784862770096, 0.5104582670154196, 0.8056914354570573], "k_pid_vsp": [272.59165947282594, 277.8845550891455, 50.74520079422259]}, "datetime": {"datetime": "2025-08-13 18:18:55", "elapsed": 30663.920237779617, "delta": 31.732978105545044}, "costs": {"total_cost": 858.6682789920354, "time_cost": 150, "final_distance_cost": 71.18075501927298, "oscillation_cost": 310.87466634943223, "completition_cost": 222.2222222222222, "overshoot_cost": 45.17197712987127, "power_cost": 31.286725915527345, "noise_cost": 27.931932355709424, "n_waypoints_completed": 7, "tot_waypoints": 9}}
{"target": -479.32436856610667, "params": {"k_pid_pos": [0.37121688845726863, 0.13645951776638154, 0.5935498987887013], "k_pid_alt": [0.6989613487495636, 0.431854839430743, 0.09345653492804107], "k_pid_att": [2.3977998944061163, 6.315365935956371, 0.4816277740320627], "k_pid_yaw": [0.5, 1e-06, 0.1], "k_pid_hsp": [5.145235996066429, 0.6742579236133451, 0.010954373835606268], "k_pid_vsp": [292.0325012025873, 277.8705104988534, 63.45295643630361]}, "datetime": {"datetime": "2025-08-13 18:19:27", "elapsed": 30695.906397342682, "delta": 31.986159563064575}, "costs": {"total_cost": 479.32436856610667, "time_cost": 150, "final_distance_cost": 5.198093030868713, "oscillation_cost": 89.9189318370663, "completition_cost": 111.11111111111116, "overshoot_cost": 62.85620354227404, "power_cost": 30.390406884765625, "noise_cost": 29.84962216002082, "n_waypoints_completed": 8, "tot_waypoints": 9}}
{"target": -573.9331611983238, "params": {"k_pid_pos": [0.9533773745559652, 0.9087476684904455, 0.3731089965673797], "k_pid_alt": [1.0237036534432302, 0.5113953402187001, 0.27798723756987864], "k_pid_att": [59.26028911623483, 7.183718511096154, 0.0852077778333038], "k_pid_yaw": [0.5, 1e-06, 0.1], "k_pid_hsp": [7.741044230812584, 0.22244151355902841, 0.417410870918529], "k_pid_vsp": [95.21603863057572, 363.13747494700226, 55.62952428923566]}, "datetime": {"datetime": "2025-08-13 18:19:56", "elapsed": 30724.341204881668, "delta": 28.434807538986206}, "costs": {"total_cost": 573.9331611983238, "time_cost": 108.416, "final_distance_cost": 1.7934276566933647, "oscillation_cost": 340.91209968592915, "completition_cost": 0.0, "overshoot_cost": 59.96244854872178, "power_cost": 34.97017155761719, "noise_cost": 27.879013749362212, "n_waypoints_completed": 9, "tot_waypoints": 9}}
{"target": -755.7377828184981, "params": {"k_pid_pos": [0.5523442873346932, 0.3721030606294611, 0.8949673192982305], "k_pid_alt": [0.8790972011293317, 0.36380947893644144, 0.13495117237540655], "k_pid_att": [44.87655087143742, 1.810160929645998, 0.16391002825555379], "k_pid_yaw": [0.5, 1e-06, 0.1], "k_pid_hsp": [8.260066925891458, 0.7341958178104342, 0.06527056142173004], "k_pid_vsp": [94.28372512135397, 340.0356148340494, 43.590518747226795]}, "datetime": {"datetime": "2025-08-13 18:20:25", "elapsed": 30753.639485359192, "delta": 29.298280477523804}, "costs": {"total_cost": 755.7377828184981, "time_cost": 110.845, "final_distance_cost": 1.7954758606107601, "oscillation_cost": 507.8811163968683, "completition_cost": 0.0, "overshoot_cost": 62.30220664449942, "power_cost": 40.41428669433594, "noise_cost": 32.49969722218358, "n_waypoints_completed": 9, "tot_waypoints": 9}}
{"target": -776.907362535101, "params": {"k_pid_pos": [1.0119433117315515, 0.3095763189419084, 0.801178800520572], "k_pid_alt": [1.3115962909705425, 0.06677137786171794, 0.8796634443534549], "k_pid_att": [23.058405971765083, 1.8482860214884829, 0.08569810573934777], "k_pid_yaw": [0.5, 1e-06, 0.1], "k_pid_hsp": [5.420378803629557, 0.20067740453220906, 0.5619700669128282], "k_pid_vsp": [180.60917930842754, 19.82385288818518, 2.3424945753937934]}, "datetime": {"datetime": "2025-08-13 18:20:56", "elapsed": 30784.903193235397, "delta": 31.263707876205444}, "costs": {"total_cost": 776.907362535101, "time_cost": 118.293, "final_distance_cost": 1.766034495134011, "oscillation_cost": 540.4831029150781, "completition_cost": 0.0, "overshoot_cost": 54.009275970447675, "power_cost": 30.955416748046876, "noise_cost": 31.40053240639425, "n_waypoints_completed": 9, "tot_waypoints": 9}}
{"target": -893.8327357133298, "params": {"k_pid_pos": [0.15295907288770524, 0.04461841538290501, 0.298709788976939], "k_pid_alt": [0.3258831008474221, 0.2567395858989838, 0.2481206959370108], "k_pid_att": [10.195709590258595, 0.4229862820478417, 0.7492056446752261], "k_pid_yaw": [0.5, 1e-06, 0.1], "k_pid_hsp": [5.4739081770411095, 0.3170177280174069, 0.9891704009819915], "k_pid_vsp": [303.1859744007281, 340.9860040000427, 103.78679395567518]}, "datetime": {"datetime": "2025-08-13 18:21:27", "elapsed": 30815.824951410294, "delta": 30.92175817489624}, "costs": {"total_cost": 893.8327357133298, "time_cost": 150, "final_distance_cost": 51.235043821230704, "oscillation_cost": 241.10640488607316, "completition_cost": 333.33333333333337, "overshoot_cost": 59.50470894857929, "power_cost": 30.14483690185547, "noise_cost": 28.508407822257947, "n_waypoints_completed": 6, "tot_waypoints": 9}}
{"target": -497.73865613221443, "params": {"k_pid_pos": [1.8720812444372594, 0.5054587784066058, 0.8988675683823018], "k_pid_alt": [0.8146646054552413, 0.9960164609826356, 0.8676252694597922], "k_pid_att": [10.239504527246757, 4.43800335001939, 0.7570466711566477], "k_pid_yaw": [0.5, 1e-06, 0.1], "k_pid_hsp": [2.269187681383484, 0.16444635106254524, 0.5973979895110468], "k_pid_vsp": [167.6872201045161, 31.653358882588446, 17.11336619071095]}, "datetime": {"datetime": "2025-08-13 18:21:55", "elapsed": 30843.48282623291, "delta": 27.657874822616577}, "costs": {"total_cost": 497.73865613221443, "time_cost": 105.98700000000001, "final_distance_cost": 1.798588309582389, "oscillation_cost": 263.6973601825966, "completition_cost": 0.0, "overshoot_cost": 63.11763458766077, "power_cost": 33.122345739746095, "noise_cost": 30.015727312628623, "n_waypoints_completed": 9, "tot_waypoints": 9}}
{"target": -374.11248280472375, "params": {"k_pid_pos": [1.5666221012484256, 0.6772613825479502, 0.45485795439962107], "k_pid_alt": [1.7815363965499482, 0.09173342670233142, 0.3737160995979154], "k_pid_att": [5.2341738368715145, 0.9862129322205806, 0.6745133525127641], "k_pid_yaw": [0.5, 1e-06, 0.1], "k_pid_hsp": [7.951728204540233, 0.6527098896067537, 0.6376538493875827], "k_pid_vsp": [179.69006235260255, 15.896577072397442, 7.667866306356905]}, "datetime": {"datetime": "2025-08-13 18:22:23", "elapsed": 30871.84378004074, "delta": 28.36095380783081}, "costs": {"total_cost": 374.11248280472375, "time_cost": 103.264, "final_distance_cost": 1.7806049172457703, "oscillation_cost": 147.57984260919005, "completition_cost": 0.0, "overshoot_cost": 58.26074219697872, "power_cost": 32.58996228027344, "noise_cost": 30.637330801035823, "n_waypoints_completed": 9, "tot_waypoints": 9}}
{"target": -506.6435760451665, "params": {"k_pid_pos": [1.9298813963844048, 0.292759265604967, 0.01847398762151331], "k_pid_alt": [1.6766258447345441, 0.8264717616481989, 0.07896587173314351], "k_pid_att": [21.175727851138515, 6.294825326539068, 0.21560567134211928], "k_pid_yaw": [0.5, 1e-06, 0.1], "k_pid_hsp": [1.132678039412302, 0.4970503110226928, 0.9764617374658808], "k_pid_vsp": [300.5538560572864, 325.1953316537431, 85.60826236323867]}, "datetime": {"datetime": "2025-08-13 18:22:56", "elapsed": 30904.79514479637, "delta": 32.95136475563049}, "costs": {"total_cost": 506.6435760451665, "time_cost": 115.542, "final_distance_cost": 1.7731188450369786, "oscillation_cost": 262.96102670099606, "completition_cost": 0.0, "overshoot_cost": 69.32515461265749, "power_cost": 28.664275708007814, "noise_cost": 28.378000178468223, "n_waypoints_completed": 9, "tot_waypoints": 9}}
{"target": -1104.217019019802, "params": {"k_pid_pos": [0.18220429647533828, 0.6289881308600633, 0.8272392294980475], "k_pid_alt": [1.539773121875023, 0.6347985245670289, 0.39538230320428547], "k_pid_att": [5.04193675786685, 6.201762027069985, 0.9353141672499683], "k_pid_yaw": [0.5, 1e-06, 0.1], "k_pid_hsp": [8.488838304250878, 0.5166609091473735, 0.5354934379180086], "k_pid_vsp": [258.847865627513, 274.03337738613, 59.4419632829005]}, "datetime": {"datetime": "2025-08-13 18:23:30", "elapsed": 30938.52276825905, "delta": 33.727623462677}, "costs": {"total_cost": 1104.217019019802, "time_cost": 150, "final_distance_cost": 53.018243739363854, "oscillation_cost": 134.3080611447218, "completition_cost": 666.6666666666667, "overshoot_cost": 43.69295413963865, "power_cost": 29.75957508544922, "noise_cost": 26.77151824396167, "n_waypoints_completed": 3, "tot_waypoints": 9}}
{"target": -523.5378909904094, "params": {"k_pid_pos": [0.95148264790126, 0.8124707112443369, 0.8657097134292465], "k_pid_alt": [1.396680082436845, 0.644239602141792, 0.20273204146218604], "k_pid_att": [14.972032644381272, 5.992590156038637, 0.48841033037363446], "k_pid_yaw": [0.5, 1e-06, 0.1], "k_pid_hsp": [7.315705823109153, 0.19124560285586, 0.561348486830928], "k_pid_vsp": [175.0071336909794, 39.074600541952606, 2.266513846012677]}, "datetime": {"datetime": "2025-08-13 18:24:00", "elapsed": 30968.246302604675, "delta": 29.72353434562683}, "costs": {"total_cost": 523.5378909904094, "time_cost": 106.75, "final_distance_cost": 1.7756523332437988, "oscillation_cost": 308.6082277256738, "completition_cost": 0.0, "overshoot_cost": 54.90339404618158, "power_cost": 22.320086303710937, "noise_cost": 29.180530581599285, "n_waypoints_completed": 9, "tot_waypoints": 9}}
{"target": -626.4819878781589, "params": {"k_pid_pos": [0.2920149648714937, 0.3026361716139251, 0.14573548028532768], "k_pid_alt": [1.3722324435376978, 0.23657451997077994, 0.20124192562766752], "k_pid_att": [13.881012088211019, 0.03766809760599708, 0.4617428437659906], "k_pid_yaw": [0.5, 1e-06, 0.1], "k_pid_hsp": [7.587641597019147, 0.7359604201865361, 0.09638251262431563], "k_pid_vsp": [301.4020973671342, 335.7434360720936, 102.80538033448136]}, "datetime": {"datetime": "2025-08-13 18:24:31", "elapsed": 30999.43009519577, "delta": 31.18379259109497}, "costs": {"total_cost": 626.4819878781589, "time_cost": 150, "final_distance_cost": 70.37862445450213, "oscillation_cost": 75.25867353837958, "completition_cost": 222.2222222222222, "overshoot_cost": 46.89763256341352, "power_cost": 32.6979017944336, "noise_cost": 29.026933305207834, "n_waypoints_completed": 7, "tot_waypoints": 9}}
{"target": -571.4617995976938, "params": {"k_pid_pos": [1.0902807687492655, 0.5140743706456707, 0.16263057106262224], "k_pid_alt": [0.04155031553156063, 0.3896992010953313, 0.8381383551443776], "k_pid_att": [7.127188796075545, 6.249733526088664, 0.9350693494599439], "k_pid_yaw": [0.5, 1e-06, 0.1], "k_pid_hsp": [9.31608310984913, 0.8557647823962236, 0.5443048994390633], "k_pid_vsp": [258.9716449578356, 282.46204570265263, 56.051093018862915]}, "datetime": {"datetime": "2025-08-13 18:25:03", "elapsed": 31031.08615231514, "delta": 31.656057119369507}, "costs": {"total_cost": 571.4617995976938, "time_cost": 150, "final_distance_cost": 32.079121426476014, "oscillation_cost": 160.78998924775502, "completition_cost": 111.11111111111116, "overshoot_cost": 67.13948131458419, "power_cost": 24.40681063232422, "noise_cost": 25.935285865443223, "n_waypoints_completed": 8, "tot_waypoints": 9}}
{"target": -489.83288759723047, "params": {"k_pid_pos": [0.7360399684501379, 0.13789497263948447, 0.3319906939007288], "k_pid_alt": [0.3745308142680377, 0.4498142616428492, 0.27563980291886325], "k_pid_att": [13.932472692219555, 3.707735682017233, 0.6772716065641894], "k_pid_yaw": [0.5, 1e-06, 0.1], "k_pid_hsp": [6.820754899559881, 0.3166632131739541, 0.4192874024925557], "k_pid_vsp": [194.58511114323335, 305.2997306590538, 15.403184221292765]}, "datetime": {"datetime": "2025-08-13 18:25:33", "elapsed": 31061.356256723404, "delta": 30.27010440826416}, "costs": {"total_cost": 489.83288759723047, "time_cost": 111.321, "final_distance_cost": 1.7471229197590548, "oscillation_cost": 261.94814351535, "completition_cost": 0.0, "overshoot_cost": 61.83516688197884, "power_cost": 26.490536108398437, "noise_cost": 26.490918171744138, "n_waypoints_completed": 9, "tot_waypoints": 9}}
{"target": -460.77469323501293, "params": {"k_pid_pos": [1.5498055371455859, 0.30085498371359265, 0.9727492724481983], "k_pid_alt": [1.9349309950804787, 0.23521477291155635, 0.42873384856271635], "k_pid_att": [7.416016992713514, 2.817414500234875, 0.527320432434183], "k_pid_yaw": [0.5, 1e-06, 0.1], "k_pid_hsp": [9.481093150608777, 0.938812462496286, 0.7201409717739644], "k_pid_vsp": [309.36039784505635, 351.37580277149556, 116.10923908624792]}, "datetime": {"datetime": "2025-08-13 18:26:00", "elapsed": 31088.328193187714, "delta": 26.971936464309692}, "costs": {"total_cost": 460.77469323501293, "time_cost": 99.918, "final_distance_cost": 1.7893232060010063, "oscillation_cost": 251.74897721887322, "completition_cost": 0.0, "overshoot_cost": 54.29691118747336, "power_cost": 28.32747955322266, "noise_cost": 24.694002069442632, "n_waypoints_completed": 9, "tot_waypoints": 9}}
{"target": -697.9889557461867, "params": {"k_pid_pos": [1.7443945472784148, 0.4338984579588223, 0.9029228034334112], "k_pid_alt": [0.8717862263576381, 0.6856218910173507, 0.15091513562784553], "k_pid_att": [3.664829641487599, 9.081765000139136, 0.8219932458899527], "k_pid_yaw": [0.5, 1e-06, 0.1], "k_pid_hsp": [8.701078532558032, 0.03202404144695081, 0.24054628042981174], "k_pid_vsp": [292.15770554602375, 276.68970358418346, 58.16327385858297]}, "datetime": {"datetime": "2025-08-13 18:26:32", "elapsed": 31120.728368997574, "delta": 32.40017580986023}, "costs": {"total_cost": 697.9889557461867, "time_cost": 150, "final_distance_cost": 28.547749601725187, "oscillation_cost": 283.69111755232996, "completition_cost": 111.11111111111116, "overshoot_cost": 62.43635508529251, "power_cost": 33.69998551025391, "noise_cost": 28.50263688547396, "n_waypoints_completed": 8, "tot_waypoints": 9}}
{"target": -1145.322025899859, "params": {"k_pid_pos": [0.3901688504426831, 0.7078007240191689, 0.5935691224023563], "k_pid_alt": [0.8268617882063742, 0.88022471145183, 0.7047118563489214], "k_pid_att": [6.028009836361214, 2.9662290842351577, 0.23805823322278485], "k_pid_yaw": [0.5, 1e-06, 0.1], "k_pid_hsp": [7.644821489129033, 0.2738850746370707, 0.7179262844202818], "k_pid_vsp": [311.02958760784924, 330.9807073559566, 98.02407275156467]}, "datetime": {"datetime": "2025-08-13 18:27:04", "elapsed": 31152.203864574432, "delta": 31.47549557685852}, "costs": {"total_cost": 1145.322025899859, "time_cost": 150, "final_distance_cost": 46.8774091111325, "oscillation_cost": 276.9884537489327, "completition_cost": 555.5555555555555, "overshoot_cost": 49.54748629597731, "power_cost": 35.48317467041016, "noise_cost": 30.869946517850813, "n_waypoints_completed": 4, "tot_waypoints": 9}}
{"target": -454.61539596843335, "params": {"k_pid_pos": [0.686560602875875, 0.3786191633945274, 0.3531492006075515], "k_pid_alt": [0.8334919778919443, 0.20534437426907504, 0.2523645894465987], "k_pid_att": [7.444527060481865, 6.721803891890408, 0.36905222442975716], "k_pid_yaw": [0.5, 1e-06, 0.1], "k_pid_hsp": [9.212436722038786, 0.250322752796584, 0.7141067732689576], "k_pid_vsp": [169.2457162672028, 16.66245385516338, 21.635109610279493]}, "datetime": {"datetime": "2025-08-13 18:27:32", "elapsed": 31180.65078473091, "delta": 28.446920156478882}, "costs": {"total_cost": 454.61539596843335, "time_cost": 110.131, "final_distance_cost": 1.746859299737351, "oscillation_cost": 231.62424029220736, "completition_cost": 0.0, "overshoot_cost": 58.0315178147169, "power_cost": 26.974392285156252, "noise_cost": 26.107386276615504, "n_waypoints_completed": 9, "tot_waypoints": 9}}
