{"target": -402.25499566535683, "params": {"k_pid_pos": [1.5950987726778847, 0.28596778992238703, 0.1473086105081186], "k_pid_alt": [1.1781181502669782, 0.9380927384831352, 0.2861524709177329], "k_pid_att": [19.837823691841095, 2.462666712467032, 0.5676393121190171], "k_pid_yaw": [0.5, 1e-06, 0.1], "k_pid_hsp": [6.24270890673357, 0.22307276495490946, 0.1418687811368341], "k_pid_vsp": [270.4051607871561, 331.0411165286598, 104.84116746253704]}, "datetime": {"datetime": "2025-08-14 05:40:59", "elapsed": 71587.17990231514, "delta": 46.391438245773315}, "costs": {"total_cost": 402.25499566535683, "time_cost": 103.18, "final_distance_cost": 1.770821975707071, "oscillation_cost": 184.1659610639594, "completition_cost": 0.0, "overshoot_cost": 59.67189093905206, "power_cost": 27.419954040527344, "noise_cost": 26.046367646110987, "n_waypoints_completed": 9, "tot_waypoints": 9}}
{"target": -2410.421669106131, "params": {"k_pid_pos": [1.6838634426769294, 0.7974095699337043, 0.273018418051154], "k_pid_alt": [0.7223423185700033, 0.46034518215702014, 0.4527784190773193], "k_pid_att": [1.1883393299948475, 8.794995715689433, 0.14256830501822948], "k_pid_yaw": [0.5, 1e-06, 0.1], "k_pid_hsp": [8.118925625055805, 0.850264773807419, 0.25410378749937546], "k_pid_vsp": [246.56554339786405, 279.53681593389746, 62.987028666874274]}, "datetime": {"datetime": "2025-08-14 05:41:42", "elapsed": 71630.0919470787, "delta": 42.91204476356506}, "costs": {"total_cost": 2410.421669106131, "time_cost": 150, "final_distance_cost": 11.054621441933467, "oscillation_cost": 869.4279534071749, "completition_cost": 1000.0, "overshoot_cost": 162.37223425851025, "power_cost": 58.53106583251953, "noise_cost": 159.03579416599274, "n_waypoints_completed": 0, "tot_waypoints": 9}}
{"target": -808.4972638103889, "params": {"k_pid_pos": [1.5591194417716179, 0.5685233317045204, 0.5835615563560698], "k_pid_alt": [0.32573197313006763, 0.6616364291236905, 0.9438813396268164], "k_pid_att": [9.777538518715689, 1.2234918292265513, 0.7553984124350404], "k_pid_yaw": [0.5, 1e-06, 0.1], "k_pid_hsp": [2.3874301475909894, 0.45870645947269795, 0.9200433999304872], "k_pid_vsp": [175.98846639350006, 7.442688529264977, 14.579234596997958]}, "datetime": {"datetime": "2025-08-14 05:42:23", "elapsed": 71671.41919469833, "delta": 41.327247619628906}, "costs": {"total_cost": 808.4972638103889, "time_cost": 150, "final_distance_cost": 70.6226707570938, "oscillation_cost": 246.34922155312444, "completition_cost": 222.2222222222222, "overshoot_cost": 55.9299803556203, "power_cost": 31.883694348144534, "noise_cost": 31.489474574183703, "n_waypoints_completed": 7, "tot_waypoints": 9}}
{"target": -546.8550244572518, "params": {"k_pid_pos": [1.6835528655244738, 0.22172641211241007, 0.36564079086636103], "k_pid_alt": [1.9092888034290725, 0.31096898716892296, 0.5589716658245419], "k_pid_att": [56.04428390374988, 4.841813019016435, 0.2919303548034824], "k_pid_yaw": [0.5, 1e-06, 0.1], "k_pid_hsp": [5.996150209179976, 0.19748397710388943, 0.4916209202066768], "k_pid_vsp": [222.87689537161043, 277.07965676594597, 32.970277732953356]}, "datetime": {"datetime": "2025-08-14 05:43:06", "elapsed": 71714.68391919136, "delta": 43.26472449302673}, "costs": {"total_cost": 546.8550244572518, "time_cost": 90.72, "final_distance_cost": 1.7774880958270738, "oscillation_cost": 344.378276267232, "completition_cost": 0.0, "overshoot_cost": 53.388982351176836, "power_cost": 31.913828063964846, "noise_cost": 24.676449679051036, "n_waypoints_completed": 9, "tot_waypoints": 9}}
{"target": -414.7669003522807, "params": {"k_pid_pos": [0.817114782288817, 0.3857683483642912, 0.02404705097316251], "k_pid_alt": [1.8631861832140646, 0.6858215965627753, 0.32696597168249386], "k_pid_att": [21.500035363860682, 6.037041772386827, 0.3154078763967033], "k_pid_yaw": [0.5, 1e-06, 0.1], "k_pid_hsp": [5.991492706105413, 0.4783214642230714, 0.11083086447665325], "k_pid_vsp": [313.1635171935114, 327.56985115148365, 85.67375869801467]}, "datetime": {"datetime": "2025-08-14 05:43:41", "elapsed": 71749.59304881096, "delta": 34.90912961959839}, "costs": {"total_cost": 414.7669003522807, "time_cost": 83.251, "final_distance_cost": 1.7613750402260213, "oscillation_cost": 242.84648494552061, "completition_cost": 0.0, "overshoot_cost": 50.74898339945613, "power_cost": 17.529861425781252, "noise_cost": 18.629195541296642, "n_waypoints_completed": 9, "tot_waypoints": 9}}
{"target": -1247.523346762322, "params": {"k_pid_pos": [0.6541603569334636, 0.29968537555888386, 0.7679686940152957], "k_pid_alt": [1.393921333761813, 0.03699639331071558, 0.3866732277691066], "k_pid_att": [11.448917221256272, 1.1863450364436043, 0.004402227597194441], "k_pid_yaw": [0.5, 1e-06, 0.1], "k_pid_hsp": [0.6145271924362754, 0.04598706698788757, 0.5406910159853919], "k_pid_vsp": [201.15819697838768, 331.83988362644175, 13.089943062192505]}, "datetime": {"datetime": "2025-08-14 05:44:48", "elapsed": 71816.45081448555, "delta": 66.85776567459106}, "costs": {"total_cost": 1247.523346762322, "time_cost": 150, "final_distance_cost": 74.32234527196216, "oscillation_cost": 572.335449695881, "completition_cost": 333.33333333333337, "overshoot_cost": 60.11989538340974, "power_cost": 29.291080310058597, "noise_cost": 28.121242767677245, "n_waypoints_completed": 6, "tot_waypoints": 9}}
{"target": -409.784512035315, "params": {"k_pid_pos": [0.6589447904698101, 0.23065201446075956, 0.2651829851272348], "k_pid_alt": [1.7979561042115488, 0.08545594446752391, 0.003599878249437527], "k_pid_att": [10.55270797189538, 2.9820230147169893, 0.8861650608258099], "k_pid_yaw": [0.5, 1e-06, 0.1], "k_pid_hsp": [2.4254510151946382, 0.8806252562872611, 0.48981501890150425], "k_pid_vsp": [168.71733174113595, 24.563703640257668, 7.6476622340461855]}, "datetime": {"datetime": "2025-08-14 05:45:27", "elapsed": 71855.96075057983, "delta": 39.50993609428406}, "costs": {"total_cost": 409.784512035315, "time_cost": 109.46600000000001, "final_distance_cost": 1.7958388602701967, "oscillation_cost": 195.11714125000293, "completition_cost": 0.0, "overshoot_cost": 53.94428889216621, "power_cost": 20.530209912109378, "noise_cost": 28.931033120766223, "n_waypoints_completed": 9, "tot_waypoints": 9}}
{"target": -316.93170577674186, "params": {"k_pid_pos": [0.9145726030676384, 0.6130913366089392, 0.850493849413146], "k_pid_alt": [0.6524185001162353, 0.5645027656661753, 0.920956699779751], "k_pid_att": [7.427305872259793, 8.290987811954196, 0.5454759199140374], "k_pid_yaw": [0.5, 1e-06, 0.1], "k_pid_hsp": [9.460401125547424, 0.33781636873664544, 0.03779364515887773], "k_pid_vsp": [262.8174010051632, 285.4886001290592, 63.492125660262886]}, "datetime": {"datetime": "2025-08-14 05:46:20", "elapsed": 71908.2449684143, "delta": 52.284217834472656}, "costs": {"total_cost": 316.93170577674186, "time_cost": 114.83500000000001, "final_distance_cost": 1.7463772695165167, "oscillation_cost": 83.491683197537, "completition_cost": 0.0, "overshoot_cost": 58.27810737999957, "power_cost": 29.01762137451172, "noise_cost": 29.562916555176997, "n_waypoints_completed": 9, "tot_waypoints": 9}}
{"target": -822.6050845229742, "params": {"k_pid_pos": [1.1951934403956643, 0.4251182991542125, 0.03373123213598728], "k_pid_alt": [0.346412256208781, 0.7936913676767554, 0.8583270806277696], "k_pid_att": [22.776227936099946, 9.416373193336767, 0.9931928345102784], "k_pid_yaw": [0.5, 1e-06, 0.1], "k_pid_hsp": [3.236042307313216, 0.7601077993343845, 0.6736445969529645], "k_pid_vsp": [317.3275867618355, 327.25061471398544, 94.63683268870962]}, "datetime": {"datetime": "2025-08-14 05:47:01", "elapsed": 71949.66939043999, "delta": 41.42442202568054}, "costs": {"total_cost": 822.6050845229742, "time_cost": 150, "final_distance_cost": 68.36862268715426, "oscillation_cost": 262.32461188747425, "completition_cost": 222.2222222222222, "overshoot_cost": 57.61846646906295, "power_cost": 32.073426989746096, "noise_cost": 29.997734267314478, "n_waypoints_completed": 7, "tot_waypoints": 9}}
{"target": -1162.965588719167, "params": {"k_pid_pos": [1.698641066626063, 0.0636671275871501, 0.6732703138738321], "k_pid_alt": [1.9218674649775216, 0.49557778763531024, 0.634632074338348], "k_pid_att": [10.247735642004274, 1.0760808971585942, 0.1297809593642334], "k_pid_yaw": [0.5, 1e-06, 0.1], "k_pid_hsp": [0.4703739560713658, 0.508033263012626, 0.6778912089962674], "k_pid_vsp": [179.40356941526784, 3.4771287326945566, 42.93905816268229]}, "datetime": {"datetime": "2025-08-14 05:47:43", "elapsed": 71991.63975739479, "delta": 41.97036695480347}, "costs": {"total_cost": 1162.965588719167, "time_cost": 150, "final_distance_cost": 75.00687447768068, "oscillation_cost": 472.62534105011775, "completition_cost": 333.33333333333337, "overshoot_cost": 61.272656955463816, "power_cost": 38.24310703125, "noise_cost": 32.48427587132118, "n_waypoints_completed": 6, "tot_waypoints": 9}}
{"target": -1230.8614883197533, "params": {"k_pid_pos": [0.040492352692422164, 0.757679731926178, 0.9196878114071901], "k_pid_alt": [1.5855330151494356, 0.692363013734406, 0.42234686549327694], "k_pid_att": [5.230517168631421, 5.316740498387062, 0.5103337756560742], "k_pid_yaw": [0.5, 1e-06, 0.1], "k_pid_hsp": [3.7501653180184054, 0.3853176361003068, 0.3376936260737191], "k_pid_vsp": [312.57664569693515, 344.03220383619185, 99.29810973844006]}, "datetime": {"datetime": "2025-08-14 05:48:31", "elapsed": 72039.4563434124, "delta": 47.81658601760864}, "costs": {"total_cost": 1230.8614883197533, "time_cost": 150, "final_distance_cost": 49.28314491357845, "oscillation_cost": 241.66908257105413, "completition_cost": 666.6666666666667, "overshoot_cost": 56.36566188041514, "power_cost": 36.26477998046875, "noise_cost": 30.612152307570067, "n_waypoints_completed": 3, "tot_waypoints": 9}}
{"target": -951.4788317933837, "params": {"k_pid_pos": [1.0170097663810127, 0.7552464763342412, 0.759681119138264], "k_pid_alt": [0.2672543084544752, 0.9901719031359751, 0.5602879275673076], "k_pid_att": [9.69618389252026, 0.6083661956990088, 0.49536471179151187], "k_pid_yaw": [0.5, 1e-06, 0.1], "k_pid_hsp": [2.6829591909951835, 0.4585138304287517, 0.26273277618452706], "k_pid_vsp": [253.7473689458405, 294.5601452130175, 53.60184661353322]}, "datetime": {"datetime": "2025-08-14 05:49:20", "elapsed": 72088.2261762619, "delta": 48.76983284950256}, "costs": {"total_cost": 951.4788317933837, "time_cost": 150, "final_distance_cost": 56.15326233915584, "oscillation_cost": 281.44250472567114, "completition_cost": 333.33333333333337, "overshoot_cost": 58.763693423144154, "power_cost": 38.49282261962891, "noise_cost": 33.293215352450396, "n_waypoints_completed": 6, "tot_waypoints": 9}}
{"target": -364.8281961651702, "params": {"k_pid_pos": [1.3648483047221207, 0.5088936932082379, 0.052320144260212254], "k_pid_alt": [1.5572038512607156, 0.49983410179804544, 0.3550345009383965], "k_pid_att": [19.483972692893726, 1.1907894261749337, 0.9215836875614083], "k_pid_yaw": [0.5, 1e-06, 0.1], "k_pid_hsp": [6.185444252108528, 0.809826420688751, 0.2518385059981195], "k_pid_vsp": [164.52249633325442, 9.84473651550072, 19.986781756935486]}, "datetime": {"datetime": "2025-08-14 05:50:09", "elapsed": 72137.41188192368, "delta": 49.18570566177368}, "costs": {"total_cost": 364.8281961651702, "time_cost": 94.171, "final_distance_cost": 1.7479596238013235, "oscillation_cost": 161.8170134003044, "completition_cost": 0.0, "overshoot_cost": 56.8784520294253, "power_cost": 26.14206922607422, "noise_cost": 24.07170188556487, "n_waypoints_completed": 9, "tot_waypoints": 9}}
{"target": -561.7023149694907, "params": {"k_pid_pos": [1.188159052220227, 0.07366869575053858, 0.6973894186601902], "k_pid_alt": [1.4764571602811312, 0.081200421670784, 0.9979428776038347], "k_pid_att": [27.044535392802004, 4.1019537648663755, 0.2781752428666495], "k_pid_yaw": [0.5, 1e-06, 0.1], "k_pid_hsp": [5.009860143797963, 0.27630136726894405, 0.3277514220961306], "k_pid_vsp": [106.1287033990562, 344.61894408296854, 44.21620546322887]}, "datetime": {"datetime": "2025-08-14 05:50:44", "elapsed": 72172.18216371536, "delta": 34.77028179168701}, "costs": {"total_cost": 561.7023149694907, "time_cost": 88.375, "final_distance_cost": 1.7716977178498559, "oscillation_cost": 371.7563784364148, "completition_cost": 0.0, "overshoot_cost": 51.87315661846864, "power_cost": 25.407955041503907, "noise_cost": 22.518127155253445, "n_waypoints_completed": 9, "tot_waypoints": 9}}
{"target": -249.2220451149472, "params": {"k_pid_pos": [1.9378852654514764, 0.15286889639200693, 0.6359708314851197], "k_pid_alt": [0.7732170514609693, 0.6348434113931744, 0.6029926342062442], "k_pid_att": [31.164940032576734, 4.828273763041293, 0.9136412533120225], "k_pid_yaw": [0.5, 1e-06, 0.1], "k_pid_hsp": [3.540811873478224, 0.7375803014791364, 0.0], "k_pid_vsp": [106.5086589830633, 344.50788312219817, 47.538682043257104]}, "datetime": {"datetime": "2025-08-14 05:51:25", "elapsed": 72213.02319312096, "delta": 40.84102940559387}, "costs": {"total_cost": 249.2220451149472, "time_cost": 91.875, "final_distance_cost": 1.7798816419528982, "oscillation_cost": 56.77708542783017, "completition_cost": 0.0, "overshoot_cost": 54.57785579814744, "power_cost": 23.165667443847656, "noise_cost": 21.04655480316906, "n_waypoints_completed": 9, "tot_waypoints": 9}}
{"target": -923.2087989278083, "params": {"k_pid_pos": [0.24105635820787644, 0.6616428942506523, 0.1995048748030721], "k_pid_alt": [0.6616146347991247, 0.09101720774447786, 0.7362440496273435], "k_pid_att": [13.63132798137615, 3.5788597514165947, 0.2690426457759647], "k_pid_yaw": [0.5, 1e-06, 0.1], "k_pid_hsp": [1.5898158178248563, 0.40302312500962645, 0.30011660822864905], "k_pid_vsp": [306.1858223930121, 344.3136777724744, 116.24407531622853]}, "datetime": {"datetime": "2025-08-14 05:52:07", "elapsed": 72255.36639547348, "delta": 42.343202352523804}, "costs": {"total_cost": 923.2087989278083, "time_cost": 150, "final_distance_cost": 72.32730923366854, "oscillation_cost": 240.05917154011297, "completition_cost": 333.33333333333337, "overshoot_cost": 54.017354587737, "power_cost": 41.21531533203125, "noise_cost": 32.256314900925084, "n_waypoints_completed": 6, "tot_waypoints": 9}}
{"target": -726.2234345207959, "params": {"k_pid_pos": [0.7078955530554741, 0.5279693334121204, 0.19133667383969954], "k_pid_alt": [1.2524745489968963, 0.6586378628547547, 0.5737310788137435], "k_pid_att": [4.745295331201849, 8.995669907978238, 0.31101516729317324], "k_pid_yaw": [0.5, 1e-06, 0.1], "k_pid_hsp": [6.112419562651122, 0.9992473440839935, 0.6259602414550002], "k_pid_vsp": [291.644192651154, 277.89999909471817, 44.537333558573884]}, "datetime": {"datetime": "2025-08-14 05:52:53", "elapsed": 72301.84181952477, "delta": 46.47542405128479}, "costs": {"total_cost": 726.2234345207959, "time_cost": 150, "final_distance_cost": 49.1658329746099, "oscillation_cost": 281.28189644629225, "completition_cost": 111.11111111111116, "overshoot_cost": 59.60103756811983, "power_cost": 40.722598376464845, "noise_cost": 34.34095804419791, "n_waypoints_completed": 8, "tot_waypoints": 9}}
{"target": -455.8644890438579, "params": {"k_pid_pos": [1.323705487862043, 0.7525605223645929, 0.7672042856706822], "k_pid_alt": [1.6312472102513091, 0.07530069385259597, 0.3780043278213713], "k_pid_att": [19.323780882916697, 8.219340834297821, 0.4497632217204248], "k_pid_yaw": [0.5, 1e-06, 0.1], "k_pid_hsp": [8.308753398411259, 0.1991122412095091, 0.41308371515472775], "k_pid_vsp": [250.48264844451293, 263.8423841935647, 62.08836081413827]}, "datetime": {"datetime": "2025-08-14 05:53:29", "elapsed": 72337.92414712906, "delta": 36.08232760429382}, "costs": {"total_cost": 455.8644890438579, "time_cost": 88.851, "final_distance_cost": 1.7426098262766327, "oscillation_cost": 266.46953544904767, "completition_cost": 0.0, "overshoot_cost": 52.01614819340004, "power_cost": 24.6355435546875, "noise_cost": 22.149652020446023, "n_waypoints_completed": 9, "tot_waypoints": 9}}
{"target": -824.4830488423199, "params": {"k_pid_pos": [1.0157608449211508, 0.6200879506116285, 0.13701195911713648], "k_pid_alt": [1.2159132929355507, 0.896384584030912, 0.08271908957099983], "k_pid_att": [6.926683409030588, 9.281059486515735, 0.04153482666250985], "k_pid_yaw": [0.5, 1e-06, 0.1], "k_pid_hsp": [3.473739631418888, 0.6999673873061696, 0.9496337884685639], "k_pid_vsp": [313.84491356975764, 331.5365780131028, 104.74834589600445]}, "datetime": {"datetime": "2025-08-14 05:54:11", "elapsed": 72379.41280794144, "delta": 41.48866081237793}, "costs": {"total_cost": 824.4830488423199, "time_cost": 150, "final_distance_cost": 77.08780112787306, "oscillation_cost": 243.45920365465824, "completition_cost": 222.2222222222222, "overshoot_cost": 70.43252865793313, "power_cost": 31.823478344726563, "noise_cost": 29.457814834906706, "n_waypoints_completed": 7, "tot_waypoints": 9}}
{"target": -523.0200086065216, "params": {"k_pid_pos": [0.8014627599845053, 0.6501586370087813, 0.37081688529466716], "k_pid_alt": [1.9900458530305147, 0.48471957919623887, 0.3523606588300663], "k_pid_att": [7.9186585864873145, 0.6520573836454542, 0.09833781574125988], "k_pid_yaw": [0.5, 1e-06, 0.1], "k_pid_hsp": [6.184705535132221, 0.12333991675376554, 0.7080608493392028], "k_pid_vsp": [160.74598575503464, 45.217303185842596, 19.478685324324584]}, "datetime": {"datetime": "2025-08-14 05:54:51", "elapsed": 72419.25061368942, "delta": 39.83780574798584}, "costs": {"total_cost": 523.0200086065216, "time_cost": 108.668, "final_distance_cost": 1.7962619830038695, "oscillation_cost": 310.6061515646652, "completition_cost": 0.0, "overshoot_cost": 54.17711082449239, "power_cost": 22.84983082275391, "noise_cost": 24.922653411606213, "n_waypoints_completed": 9, "tot_waypoints": 9}}
{"target": -354.871892049547, "params": {"k_pid_pos": [1.6861210010069356, 0.5068599018464459, 0.13510908795028798], "k_pid_alt": [0.5767539802661086, 0.6615846421977182, 0.34067157426258887], "k_pid_att": [7.4902762432378704, 6.8227162076878445, 0.4731409079451597], "k_pid_yaw": [0.5, 1e-06, 0.1], "k_pid_hsp": [9.715004722646016, 0.588685654673503, 0.13432133096932086], "k_pid_vsp": [258.729038995926, 288.42506266728446, 64.10691564315883]}, "datetime": {"datetime": "2025-08-14 05:55:30", "elapsed": 72458.69973874092, "delta": 39.44912505149841}, "costs": {"total_cost": 354.871892049547, "time_cost": 104.188, "final_distance_cost": 1.7600209870675323, "oscillation_cost": 133.31795593900196, "completition_cost": 0.0, "overshoot_cost": 61.20900574692298, "power_cost": 27.526061230468752, "noise_cost": 26.870848146085745, "n_waypoints_completed": 9, "tot_waypoints": 9}}
{"target": -1546.176938489872, "params": {"k_pid_pos": [2.0, 0.7467831189907871, 0.0], "k_pid_alt": [0.0, 0.0, 0.0], "k_pid_att": [61.936583768760535, 4.055870365557677, 0.0], "k_pid_yaw": [0.5, 1e-06, 0.1], "k_pid_hsp": [5.924270458462609, 1.0, 0.0], "k_pid_vsp": [74.33006134034635, 361.72991516134033, 43.3603468473813]}, "datetime": {"datetime": "2025-08-14 05:56:16", "elapsed": 72504.29355430603, "delta": 45.59381556510925}, "costs": {"total_cost": 1546.176938489872, "time_cost": 150, "final_distance_cost": 11.098112626233842, "oscillation_cost": 68.62766172620913, "completition_cost": 1000.0, "overshoot_cost": 165.90793430414982, "power_cost": 11.9914998046875, "noise_cost": 138.55173002859198, "n_waypoints_completed": 0, "tot_waypoints": 9}}
{"target": -502.8238814236375, "params": {"k_pid_pos": [1.8599472920099358, 0.44050397875929703, 0.4352425907250007], "k_pid_alt": [1.980131054624872, 0.06658818819921397, 0.5554442788162856], "k_pid_att": [21.7937040574534, 0.4251400755428438, 0.08374534706739434], "k_pid_yaw": [0.5, 1e-06, 0.1], "k_pid_hsp": [8.957004815308348, 0.7767827508955281, 0.5056125018583656], "k_pid_vsp": [260.91315808086875, 278.03362857084807, 38.0868893779505]}, "datetime": {"datetime": "2025-08-14 05:57:03", "elapsed": 72551.0726184845, "delta": 46.7790641784668}, "costs": {"total_cost": 502.8238814236375, "time_cost": 84.518, "final_distance_cost": 1.753318122945061, "oscillation_cost": 307.1102116922561, "completition_cost": 0.0, "overshoot_cost": 54.63356688380885, "power_cost": 30.373869799804687, "noise_cost": 24.434914924822802, "n_waypoints_completed": 9, "tot_waypoints": 9}}
{"target": -365.2758256951718, "params": {"k_pid_pos": [1.995758036260994, 0.9001723433724339, 0.09517021525688507], "k_pid_alt": [1.9617001090868487, 0.02322759794266982, 0.3791694419557258], "k_pid_att": [8.003801539479538, 4.185641911778903, 0.8864783531711262], "k_pid_yaw": [0.5, 1e-06, 0.1], "k_pid_hsp": [0.9109547558281652, 0.5996567890978055, 0.25366971298075924], "k_pid_vsp": [195.2839005436157, 308.62897890812667, 13.306182567025212]}, "datetime": {"datetime": "2025-08-14 05:57:46", "elapsed": 72594.41885280609, "delta": 43.34623432159424}, "costs": {"total_cost": 365.2758256951718, "time_cost": 111.181, "final_distance_cost": 1.7303049414593301, "oscillation_cost": 101.8641841905618, "completition_cost": 0.0, "overshoot_cost": 90.38475576476537, "power_cost": 27.765983496093753, "noise_cost": 32.34959730229156, "n_waypoints_completed": 9, "tot_waypoints": 9}}
