{"target": -406.9952104263451, "params": {"k_pid_pos": [1.0587366198410388, 0.20038302294379096, 0.3817849473366921], "k_pid_alt": [1.271228323496084, 0.8033330377663453, 0.7401333435784372], "k_pid_att": [8.040512412655943, 0.10334650385301697, 0.6438860609435308], "k_pid_yaw": [0.5, 1e-06, 0.1], "k_pid_hsp": [1.355396723196036, 0.9083342978110852, 0.8748338479502993], "k_pid_vsp": [311.79626369966434, 327.43355625787297, 106.8315600596311]}, "datetime": {"datetime": "2025-08-13 17:29:56", "elapsed": 27724.315913438797, "delta": 29.340899229049683}, "costs": {"total_cost": 406.9952104263451, "time_cost": 108.374, "final_distance_cost": 1.7842636636623836, "oscillation_cost": 181.89258214301935, "completition_cost": 0.0, "overshoot_cost": 62.781051639027474, "power_cost": 26.74531796875, "noise_cost": 25.417995011885907, "n_waypoints_completed": 9, "tot_waypoints": 9}}
{"target": -534.5007916188447, "params": {"k_pid_pos": [1.1280606077405446, 0.33938744408491406, 0.20998223246181258], "k_pid_alt": [0.9107308229249904, 0.29368488310035135, 0.5656106653051127], "k_pid_att": [47.439366126707284, 6.185715830225866, 0.557093193009593], "k_pid_yaw": [0.5, 1e-06, 0.1], "k_pid_hsp": [5.808407701868898, 0.19155081648339012, 0.9161026807052317], "k_pid_vsp": [76.51209127669559, 359.66168442489254, 23.31122629217383]}, "datetime": {"datetime": "2025-08-13 17:30:21", "elapsed": 27749.08536505699, "delta": 24.76945161819458}, "costs": {"total_cost": 534.5007916188447, "time_cost": 95.767, "final_distance_cost": 1.747433673264351, "oscillation_cost": 329.3211576624006, "completition_cost": 0.0, "overshoot_cost": 54.5892053218268, "power_cost": 29.128063623046877, "noise_cost": 23.947931338305985, "n_waypoints_completed": 9, "tot_waypoints": 9}}
{"target": -696.4147708221212, "params": {"k_pid_pos": [0.9268330335337394, 0.9557494436193138, 0.414876305659452], "k_pid_alt": [1.1612191066098785, 0.17156509924805274, 0.07650461718734947], "k_pid_att": [1.8165530472276536, 1.6082107201554077, 0.6122229486926319], "k_pid_yaw": [0.5, 1e-06, 0.1], "k_pid_hsp": [5.65851359409161, 0.5990307192257271, 0.2257430207403297], "k_pid_vsp": [303.18369439332486, 348.699847642115, 94.66976249567281]}, "datetime": {"datetime": "2025-08-13 17:30:51", "elapsed": 27779.775364875793, "delta": 30.68999981880188}, "costs": {"total_cost": 696.4147708221212, "time_cost": 150, "final_distance_cost": 64.27455297434082, "oscillation_cost": 134.37745077068067, "completition_cost": 222.2222222222222, "overshoot_cost": 62.9711129484133, "power_cost": 33.586171875000005, "noise_cost": 28.983260031464283, "n_waypoints_completed": 7, "tot_waypoints": 9}}
{"target": -1839.5328299093428, "params": {"k_pid_pos": [1.7104080700616502, 0.5166503925314564, 0.7490756600898478], "k_pid_alt": [0.33875495461144833, 0.5832470700722315, 0.028157969922199988], "k_pid_att": [0.6394284571536013, 2.201651130281875, 0.9515663483164484], "k_pid_yaw": [0.5, 1e-06, 0.1], "k_pid_hsp": [3.9180202073918724, 0.015477345442187151, 0.5721567822736799], "k_pid_vsp": [317.8290429078883, 323.90885429658164, 111.65025591592956]}, "datetime": {"datetime": "2025-08-13 17:31:22", "elapsed": 27810.345107793808, "delta": 30.569742918014526}, "costs": {"total_cost": 1839.5328299093428, "time_cost": 150, "final_distance_cost": 10.206266590048187, "oscillation_cost": 344.8421217884564, "completition_cost": 1000.0, "overshoot_cost": 158.50475299767098, "power_cost": 58.290305627441406, "noise_cost": 117.68938290572568, "n_waypoints_completed": 0, "tot_waypoints": 9}}
{"target": -1338.684978244464, "params": {"k_pid_pos": [1.8880466747917133, 0.5770004386450195, 0.7554197857608613], "k_pid_alt": [0.6411147034554769, 0.8392227305059058, 0.36417424859010794], "k_pid_att": [26.933032091499165, 0.6333580415397924, 0.46742798603597835], "k_pid_yaw": [0.5, 1e-06, 0.1], "k_pid_hsp": [0.40556474503569995, 0.5281770834035767, 0.9603056298023107], "k_pid_vsp": [305.68162283368906, 340.0507249502214, 100.19765813870373]}, "datetime": {"datetime": "2025-08-13 17:31:52", "elapsed": 27840.58857512474, "delta": 30.243467330932617}, "costs": {"total_cost": 1338.684978244464, "time_cost": 150, "final_distance_cost": 34.93657121976301, "oscillation_cost": 432.7270159440876, "completition_cost": 555.5555555555555, "overshoot_cost": 102.74550897329618, "power_cost": 32.89472824707031, "noise_cost": 29.82559830469128, "n_waypoints_completed": 4, "tot_waypoints": 9}}
{"target": -2014.8582084670172, "params": {"k_pid_pos": [1.1756438741074826, 0.8613019094262597, 0.49217488353147343], "k_pid_alt": [0.3425346055548042, 0.341109762021934, 0.20509872729686185], "k_pid_att": [1.2412491668441716, 7.672569799469708, 0.10052583499188006], "k_pid_yaw": [0.5, 1e-06, 0.1], "k_pid_hsp": [9.807930438120922, 0.03781454372624826, 0.2961969805746253], "k_pid_vsp": [309.17662944964906, 327.74017802176513, 96.08310903448172]}, "datetime": {"datetime": "2025-08-13 17:32:23", "elapsed": 27871.955722093582, "delta": 31.367146968841553}, "costs": {"total_cost": 2014.8582084670172, "time_cost": 150, "final_distance_cost": 57.171195909672456, "oscillation_cost": 748.2688275448746, "completition_cost": 888.8888888888888, "overshoot_cost": 71.22268441616016, "power_cost": 55.15630401611328, "noise_cost": 44.15030769130768, "n_waypoints_completed": 1, "tot_waypoints": 9}}
{"target": -827.1061426329105, "params": {"k_pid_pos": [0.5539429032069711, 0.7667585777764443, 0.4130862326781207], "k_pid_alt": [0.4359636227557675, 0.6840369096028792, 0.8248734069685015], "k_pid_att": [3.5012574814473285, 6.558059971918409, 0.8958275467586211], "k_pid_yaw": [0.5, 1e-06, 0.1], "k_pid_hsp": [6.9325735410256755, 0.4040479222456602, 0.926418206043286], "k_pid_vsp": [173.8508777257596, 18.83681874489989, 12.20419692929102]}, "datetime": {"datetime": "2025-08-13 17:32:54", "elapsed": 27902.93161225319, "delta": 30.975890159606934}, "costs": {"total_cost": 827.1061426329105, "time_cost": 150, "final_distance_cost": 52.30225319275037, "oscillation_cost": 177.78180314301133, "completition_cost": 333.33333333333337, "overshoot_cost": 54.90839869948762, "power_cost": 29.138337255859376, "noise_cost": 29.642017008468414, "n_waypoints_completed": 6, "tot_waypoints": 9}}
{"target": -1616.6070571407654, "params": {"k_pid_pos": [0.08895555737635383, 0.491326098557334, 0.8282151814154362], "k_pid_alt": [1.9028813253726682, 0.12440592041627285, 0.6824362306493671], "k_pid_att": [21.088389446889256, 5.9617365419794695, 0.48368656798170073], "k_pid_yaw": [0.5, 1e-06, 0.1], "k_pid_hsp": [7.587534522962164, 0.09367811726719943, 0.24822488544771104], "k_pid_vsp": [280.7786220211653, 277.93213842738226, 48.97446428864649]}, "datetime": {"datetime": "2025-08-13 17:33:27", "elapsed": 27935.266672372818, "delta": 32.335060119628906}, "costs": {"total_cost": 1616.6070571407654, "time_cost": 150, "final_distance_cost": 89.16130989290629, "oscillation_cost": 501.3535268999263, "completition_cost": 777.7777777777778, "overshoot_cost": 35.79546173245025, "power_cost": 32.874048522949224, "noise_cost": 29.644932314755486, "n_waypoints_completed": 2, "tot_waypoints": 9}}
{"target": -283.91395640742604, "params": {"k_pid_pos": [2.0, 0.5285213443712339, 0.7690290910979022], "k_pid_alt": [1.9416615379644253, 0.7255609817778069, 0.4519612952489301], "k_pid_att": [8.196950954269829, 5.183581342978157, 0.3725710516679673], "k_pid_yaw": [0.5, 1e-06, 0.1], "k_pid_hsp": [5.502128137691557, 0.34523730732317803, 0.03895987052003106], "k_pid_vsp": [308.5810458793922, 342.6180995572998, 108.16073292925589]}, "datetime": {"datetime": "2025-08-13 17:33:53", "elapsed": 27961.239907741547, "delta": 25.973235368728638}, "costs": {"total_cost": 283.91395640742604, "time_cost": 89.712, "final_distance_cost": 1.7710397519232792, "oscillation_cost": 97.07178437382578, "completition_cost": 0.0, "overshoot_cost": 52.865297818272246, "power_cost": 21.782204321289065, "noise_cost": 20.711630142115656, "n_waypoints_completed": 9, "tot_waypoints": 9}}
{"target": -827.9290149521664, "params": {"k_pid_pos": [1.4077343030634986, 0.9990460247483547, 0.7865827108984912], "k_pid_alt": [0.6823136308188529, 0.5679144970873463, 0.7497574357482932], "k_pid_att": [26.79763250532168, 5.45596281168543, 0.38293045790478164], "k_pid_yaw": [0.5, 1e-06, 0.1], "k_pid_hsp": [1.2087099200215619, 0.36655192660999003, 0.3846580902474632], "k_pid_vsp": [237.18532647770328, 270.0016909785224, 48.77111624508747]}, "datetime": {"datetime": "2025-08-13 17:34:24", "elapsed": 27992.022530078888, "delta": 30.78262233734131}, "costs": {"total_cost": 827.9290149521664, "time_cost": 150, "final_distance_cost": 76.73476368158725, "oscillation_cost": 238.0525526517336, "completition_cost": 222.2222222222222, "overshoot_cost": 68.19089455437167, "power_cost": 39.03135661621094, "noise_cost": 33.69722522604084, "n_waypoints_completed": 7, "tot_waypoints": 9}}
{"target": -523.1236229287664, "params": {"k_pid_pos": [1.5615239396369196, 0.3467563285328683, 0.31249838466379887], "k_pid_alt": [0.18297865962585047, 0.15946707290563944, 0.0242032170696429], "k_pid_att": [15.542998462702496, 1.6777345326249404, 0.6248382692270943], "k_pid_yaw": [0.5, 1e-06, 0.1], "k_pid_hsp": [8.506284468657993, 0.22397674208820462, 0.5322959508073332], "k_pid_vsp": [170.76670655137826, 11.119952793056664, 13.310496652688634]}, "datetime": {"datetime": "2025-08-13 17:34:52", "elapsed": 28020.136551380157, "delta": 28.11402130126953}, "costs": {"total_cost": 523.1236229287664, "time_cost": 109.459, "final_distance_cost": 1.7394442598912705, "oscillation_cost": 288.3444553541308, "completition_cost": 0.0, "overshoot_cost": 59.04705107381715, "power_cost": 34.00195506591797, "noise_cost": 30.53171717500922, "n_waypoints_completed": 9, "tot_waypoints": 9}}
{"target": -725.718085172728, "params": {"k_pid_pos": [1.0938192442936008, 0.2679244607443928, 0.9876279158671197], "k_pid_alt": [1.3681852536460213, 0.30439050951119495, 0.5498189433880318], "k_pid_att": [27.288120837356335, 2.905200867676317, 0.1541294688820406], "k_pid_yaw": [0.5, 1e-06, 0.1], "k_pid_hsp": [6.450495907507417, 0.2769081883687493, 0.2690072279313057], "k_pid_vsp": [157.9287184715743, 3.1947434097012786, 20.106698266786115]}, "datetime": {"datetime": "2025-08-13 17:35:23", "elapsed": 28050.98345017433, "delta": 30.846898794174194}, "costs": {"total_cost": 725.718085172728, "time_cost": 111.041, "final_distance_cost": 1.7833752460827914, "oscillation_cost": 491.23222986799317, "completition_cost": 0.0, "overshoot_cost": 56.78208585715657, "power_cost": 34.94620985107422, "noise_cost": 29.93318435042139, "n_waypoints_completed": 9, "tot_waypoints": 9}}
{"target": -503.4924944909137, "params": {"k_pid_pos": [1.6025366992787862, 0.44507704955780036, 0.15044295705210864], "k_pid_alt": [0.566215981199556, 0.7809953519585731, 0.22921752101816306], "k_pid_att": [35.37192751546794, 9.81998180269659, 0.7594835507346755], "k_pid_yaw": [0.5, 1e-06, 0.1], "k_pid_hsp": [1.2299543977082432, 0.0882486262831671, 0.13300458112822855], "k_pid_vsp": [99.98457374954847, 359.7611312461084, 55.544349535287026]}, "datetime": {"datetime": "2025-08-13 17:35:53", "elapsed": 28081.91426062584, "delta": 30.93081045150757}, "costs": {"total_cost": 503.4924944909137, "time_cost": 111.405, "final_distance_cost": 1.767945671600598, "oscillation_cost": 268.095610357306, "completition_cost": 0.0, "overshoot_cost": 63.79639537952484, "power_cost": 29.980101281738282, "noise_cost": 28.447441800744038, "n_waypoints_completed": 9, "tot_waypoints": 9}}
{"target": -609.2415892998616, "params": {"k_pid_pos": [0.8633462547420043, 0.2719316242489067, 0.6689937839801133], "k_pid_alt": [0.6947445304257045, 0.5224691748666125, 0.3728303895953501], "k_pid_att": [9.57411373706507, 1.342034192659615, 0.04712009790788052], "k_pid_yaw": [0.5, 1e-06, 0.1], "k_pid_hsp": [6.0443864445252, 0.3852566863763254, 0.7082305611103933], "k_pid_vsp": [284.26221361804073, 275.08301761458773, 51.215728107944344]}, "datetime": {"datetime": "2025-08-13 17:36:24", "elapsed": 28112.380454301834, "delta": 30.466193675994873}, "costs": {"total_cost": 609.2415892998616, "time_cost": 117.572, "final_distance_cost": 1.773072094360569, "oscillation_cost": 372.12086646425513, "completition_cost": 0.0, "overshoot_cost": 60.35533275633173, "power_cost": 27.95081461181641, "noise_cost": 29.469503373097822, "n_waypoints_completed": 9, "tot_waypoints": 9}}
{"target": -787.7082470129949, "params": {"k_pid_pos": [0.30481665735571245, 0.32547141055625306, 0.3775915337943382], "k_pid_alt": [0.4955216922544574, 0.6732290891786227, 0.6940591002265327], "k_pid_att": [5.687019703838747, 1.7899422030792183, 0.12347198099240597], "k_pid_yaw": [0.5, 1e-06, 0.1], "k_pid_hsp": [8.565447421965079, 0.5685097142279151, 0.13576167611978907], "k_pid_vsp": [320.5267887252519, 341.26001237691537, 95.25332070049468]}, "datetime": {"datetime": "2025-08-13 17:36:54", "elapsed": 28142.583323717117, "delta": 30.202869415283203}, "costs": {"total_cost": 787.7082470129949, "time_cost": 150, "final_distance_cost": 72.22134173356218, "oscillation_cost": 229.5968754611403, "completition_cost": 222.2222222222222, "overshoot_cost": 53.20435566992329, "power_cost": 30.985240112304687, "noise_cost": 29.478211813842183, "n_waypoints_completed": 7, "tot_waypoints": 9}}
{"target": -263.6223503894345, "params": {"k_pid_pos": [1.9036634483950274, 0.19039966012084053, 0.9295569873858006], "k_pid_alt": [1.8088669374924788, 0.3312002750373848, 0.2116849489410655], "k_pid_att": [7.744825741582362, 3.652699987618182, 0.8560418765142911], "k_pid_yaw": [0.5, 1e-06, 0.1], "k_pid_hsp": [7.796169757130219, 0.3053044167143695, 0.10221733146253165], "k_pid_vsp": [268.9857478103696, 268.7692268563494, 44.25400143148709]}, "datetime": {"datetime": "2025-08-13 17:37:15", "elapsed": 28163.271909236908, "delta": 20.68858551979065}, "costs": {"total_cost": 263.6223503894345, "time_cost": 78.855, "final_distance_cost": 1.7753707482626988, "oscillation_cost": 92.57328093001493, "completition_cost": 0.0, "overshoot_cost": 51.460987220622656, "power_cost": 19.820332055664064, "noise_cost": 19.13737943487012, "n_waypoints_completed": 9, "tot_waypoints": 9}}
{"target": -916.0342886516296, "params": {"k_pid_pos": [2.0, 0.4816113630448151, 0.013045286822780375], "k_pid_alt": [1.8154490557445495, 0.20818645336244732, 1.0], "k_pid_att": [11.492725564765433, 6.058570226561216, 0.0007137596443626849], "k_pid_yaw": [0.5, 1e-06, 0.1], "k_pid_hsp": [10.0, 1.0, 1.0], "k_pid_vsp": [189.10413911348206, 323.9758762652836, 14.112279392999243]}, "datetime": {"datetime": "2025-08-13 17:37:47", "elapsed": 28195.865043401718, "delta": 32.59313416481018}, "costs": {"total_cost": 916.0342886516296, "time_cost": 150, "final_distance_cost": 62.223196586963574, "oscillation_cost": 309.0254297904753, "completition_cost": 222.2222222222222, "overshoot_cost": 80.99438675174142, "power_cost": 46.78973159179688, "noise_cost": 44.77932170843018, "n_waypoints_completed": 7, "tot_waypoints": 9}}
{"target": -380.5288679424316, "params": {"k_pid_pos": [1.5351695171736546, 0.14630957099993502, 0.9394159211151288], "k_pid_alt": [1.45487431627496, 0.2578159668405968, 0.9218673303705174], "k_pid_att": [7.390020087324222, 7.3283262092544605, 0.2226124165787129], "k_pid_yaw": [0.5, 1e-06, 0.1], "k_pid_hsp": [8.370740240224091, 0.5100073969541222, 0.41668883779595933], "k_pid_vsp": [257.0596743300551, 270.6716856127997, 53.298773934466574]}, "datetime": {"datetime": "2025-08-13 17:38:09", "elapsed": 28217.894102096558, "delta": 22.029058694839478}, "costs": {"total_cost": 380.5288679424316, "time_cost": 80.45100000000001, "final_distance_cost": 1.797242178699125, "oscillation_cost": 208.0546945233896, "completition_cost": 0.0, "overshoot_cost": 50.603140930231014, "power_cost": 20.409832250976564, "noise_cost": 19.212958059135307, "n_waypoints_completed": 9, "tot_waypoints": 9}}
{"target": -971.0892587836643, "params": {"k_pid_pos": [1.2655333339871142, 0.7603735760052293, 0.9755278755118562], "k_pid_alt": [0.3909652180950187, 0.6149886080479386, 0.7308335097687769], "k_pid_att": [16.22701149352961, 2.9965809881076746, 0.4531924898597467], "k_pid_yaw": [0.5, 1e-06, 0.1], "k_pid_hsp": [5.59605270894048, 0.3966906161550676, 0.7446333448070763], "k_pid_vsp": [307.7740397242172, 345.84602009986247, 112.48727071312324]}, "datetime": {"datetime": "2025-08-13 17:38:41", "elapsed": 28249.2361638546, "delta": 31.342061758041382}, "costs": {"total_cost": 971.0892587836643, "time_cost": 150, "final_distance_cost": 64.76738236319056, "oscillation_cost": 409.43177575640027, "completition_cost": 222.2222222222222, "overshoot_cost": 56.437461499916154, "power_cost": 36.304877490234375, "noise_cost": 31.925539451700725, "n_waypoints_completed": 7, "tot_waypoints": 9}}
{"target": -427.6630672624694, "params": {"k_pid_pos": [1.191072212189797, 0.191397556043007, 0.1907875354407761], "k_pid_alt": [1.224549900532886, 0.43062350319076814, 0.10667179463482668], "k_pid_att": [23.533983569714756, 9.321718752451918, 0.4348891864906185], "k_pid_yaw": [0.5, 1e-06, 0.1], "k_pid_hsp": [3.226555995732631, 0.2531979023420524, 0.2414443491676781], "k_pid_vsp": [299.2750210728568, 330.5563718001621, 82.05595211377432]}, "datetime": {"datetime": "2025-08-13 17:39:05", "elapsed": 28273.413442134857, "delta": 24.17727828025818}, "costs": {"total_cost": 427.6630672624694, "time_cost": 86.408, "final_distance_cost": 1.7795531890124046, "oscillation_cost": 239.7060558390151, "completition_cost": 0.0, "overshoot_cost": 54.185219976218086, "power_cost": 23.40756268310547, "noise_cost": 22.176675575118278, "n_waypoints_completed": 9, "tot_waypoints": 9}}
{"target": -885.0416889430436, "params": {"k_pid_pos": [0.3881924427004536, 0.7414119783091985, 0.10267846796507551], "k_pid_alt": [0.6985391946355883, 0.9129014745555571, 0.48784557189845756], "k_pid_att": [57.656777579814744, 7.023076882844629, 0.6560179266771142], "k_pid_yaw": [0.5, 1e-06, 0.1], "k_pid_hsp": [2.203491667527957, 0.6182242647297462, 0.1841562426802109], "k_pid_vsp": [82.74686036838136, 370.97572061317646, 40.310459567666925]}, "datetime": {"datetime": "2025-08-13 17:39:36", "elapsed": 28304.418886184692, "delta": 31.005444049835205}, "costs": {"total_cost": 885.0416889430436, "time_cost": 150, "final_distance_cost": 68.91502266552946, "oscillation_cost": 213.83864515440823, "completition_cost": 333.33333333333337, "overshoot_cost": 53.409659714065405, "power_cost": 34.92146403808594, "noise_cost": 30.623564037621197, "n_waypoints_completed": 6, "tot_waypoints": 9}}
{"target": -569.9000543412158, "params": {"k_pid_pos": [1.256841880181672, 0.42516524439139725, 0.5593772948144495], "k_pid_alt": [1.8376402440075652, 0.5007015312565926, 0.2680775079121156], "k_pid_att": [21.556327109807793, 4.219470718241364, 0.6933997691241102], "k_pid_yaw": [0.5, 1e-06, 0.1], "k_pid_hsp": [6.307406870290534, 0.7918949523485048, 0.8992461381654185], "k_pid_vsp": [171.8433918524319, 16.8627293977321, 19.793976619396965]}, "datetime": {"datetime": "2025-08-13 17:40:05", "elapsed": 28333.145357131958, "delta": 28.726470947265625}, "costs": {"total_cost": 569.9000543412158, "time_cost": 106.281, "final_distance_cost": 1.7321402016236869, "oscillation_cost": 347.7503096586264, "completition_cost": 0.0, "overshoot_cost": 57.02870508017777, "power_cost": 29.658274023437503, "noise_cost": 27.449625377350504, "n_waypoints_completed": 9, "tot_waypoints": 9}}
{"target": -284.599709630485, "params": {"k_pid_pos": [1.8935440761870963, 0.6239259938135623, 0.6217655418726874], "k_pid_alt": [0.8695794710642153, 0.4741125193019905, 0.2745337753140793], "k_pid_att": [11.486822983773626, 4.167193217220389, 0.4846708367184491], "k_pid_yaw": [0.5, 1e-06, 0.1], "k_pid_hsp": [8.618926999253436, 0.3292928950568641, 0.03431602448044302], "k_pid_vsp": [163.17592712837148, 34.97188504040123, 11.927127998183032]}, "datetime": {"datetime": "2025-08-13 17:40:29", "elapsed": 28357.45442891121, "delta": 24.3090717792511}, "costs": {"total_cost": 284.599709630485, "time_cost": 92.995, "final_distance_cost": 1.7321232069797192, "oscillation_cost": 85.81321453470272, "completition_cost": 0.0, "overshoot_cost": 55.25518915697437, "power_cost": 24.118953955078126, "noise_cost": 24.685228776750044, "n_waypoints_completed": 9, "tot_waypoints": 9}}
{"target": -445.8242313837712, "params": {"k_pid_pos": [1.8558567096468945, 0.23325292754982974, 0.3886126452999118], "k_pid_alt": [1.6488787829428115, 0.3199283712452383, 0.21064871945856267], "k_pid_att": [30.4035242276413, 1.4916272402011685, 0.21573157113208707], "k_pid_yaw": [0.5, 1e-06, 0.1], "k_pid_hsp": [3.884438086633052, 0.7844206848239245, 0.27512460556858986], "k_pid_vsp": [192.66577689132117, 17.543007731313928, 7.9776850593978414]}, "datetime": {"datetime": "2025-08-13 17:40:52", "elapsed": 28380.078006744385, "delta": 22.62357783317566}, "costs": {"total_cost": 445.8242313837712, "time_cost": 81.648, "final_distance_cost": 1.7853443842263104, "oscillation_cost": 265.1196395395406, "completition_cost": 0.0, "overshoot_cost": 53.5462160092339, "power_cost": 21.160438317871094, "noise_cost": 22.564593132899336, "n_waypoints_completed": 9, "tot_waypoints": 9}}
