{"target": -452.23516532850795, "params": {"k_pid_pos": [1.7708000139223465, 0.7371720470247339, 0.7503675779903974], "k_pid_alt": [1.2488368770401919, 0.5317892935777885, 0.4555627587214308], "k_pid_att": [30.309368728450448, 0.22819882780859008, 0.3127253924488589], "k_pid_yaw": [0.5, 1e-06, 0.1], "k_pid_hsp": [3.243579303301913, 0.8976199219994716, 0.23346963751694905], "k_pid_vsp": [245.17248735640794, 276.46358905826446, 53.02022734495749]}, "datetime": {"datetime": "2025-08-13 14:18:11", "elapsed": 16219.080013513565, "delta": 23.162245988845825}, "costs": {"total_cost": 452.23516532850795, "time_cost": 86.758, "final_distance_cost": 1.777141812391554, "oscillation_cost": 257.63050175340675, "completition_cost": 0.0, "overshoot_cost": 52.916529442494124, "power_cost": 28.719268591308595, "noise_cost": 24.433723728906898, "n_waypoints_completed": 9, "tot_waypoints": 9}}
{"target": -337.28793338196675, "params": {"k_pid_pos": [0.7442628649142832, 0.4660722675858847, 0.2696919088684324], "k_pid_alt": [1.019861185163991, 0.8573508921599877, 0.052761320357543884], "k_pid_att": [8.64715713431835, 5.32084814159775, 0.9968119478709179], "k_pid_yaw": [0.5, 1e-06, 0.1], "k_pid_hsp": [8.796230256061712, 0.8416961202091026, 0.270984035944256], "k_pid_vsp": [275.7557875309965, 284.6806995627819, 53.634220064517635]}, "datetime": {"datetime": "2025-08-13 14:18:37", "elapsed": 16245.420560359955, "delta": 26.34054684638977}, "costs": {"total_cost": 337.28793338196675, "time_cost": 101.108, "final_distance_cost": 1.807506378067127, "oscillation_cost": 131.18468252217255, "completition_cost": 0.0, "overshoot_cost": 58.63798413460842, "power_cost": 22.635132360839844, "noise_cost": 21.914627986278784, "n_waypoints_completed": 9, "tot_waypoints": 9}}
{"target": -852.5280873020278, "params": {"k_pid_pos": [1.5517719598114939, 0.2231857360936046, 0.04493944790174431], "k_pid_alt": [0.30767148170771397, 0.8368590199579353, 0.12838534428808246], "k_pid_att": [22.638960281255173, 7.891045076835214, 0.4941422723944082], "k_pid_yaw": [0.5, 1e-06, 0.1], "k_pid_hsp": [4.656461344798298, 0.5403334706274003, 0.5224007167167078], "k_pid_vsp": [306.3032779694772, 330.27979653024266, 99.02023869572801]}, "datetime": {"datetime": "2025-08-13 14:19:12", "elapsed": 16280.687741279602, "delta": 35.26718091964722}, "costs": {"total_cost": 852.5280873020278, "time_cost": 150, "final_distance_cost": 28.06382628016923, "oscillation_cost": 424.40732424608683, "completition_cost": 111.11111111111116, "overshoot_cost": 67.71686716340905, "power_cost": 38.08740821533203, "noise_cost": 33.141550285919465, "n_waypoints_completed": 8, "tot_waypoints": 9}}
{"target": -1263.3402366847024, "params": {"k_pid_pos": [0.23592428368746285, 0.27329050223054874, 0.38079959865960544], "k_pid_alt": [1.0569681824970458, 0.4775831879092386, 0.5005118898608797], "k_pid_att": [40.834884464828605, 0.7019493940382658, 0.002391014034243244], "k_pid_yaw": [0.5, 1e-06, 0.1], "k_pid_hsp": [2.7263721784931496, 0.8590354692833, 0.3085020124806347], "k_pid_vsp": [208.7694179707181, 13.931262533201263, 14.662516115807684]}, "datetime": {"datetime": "2025-08-13 14:19:49", "elapsed": 16317.896066904068, "delta": 37.20832562446594}, "costs": {"total_cost": 1263.3402366847024, "time_cost": 150, "final_distance_cost": 61.39457451399916, "oscillation_cost": 681.2032426324935, "completition_cost": 222.2222222222222, "overshoot_cost": 63.24886340808462, "power_cost": 44.063296215820316, "noise_cost": 41.208037692082655, "n_waypoints_completed": 7, "tot_waypoints": 9}}
{"target": -1407.5967771888534, "params": {"k_pid_pos": [0.4036756931726002, 0.42744968656680593, 0.8134047744736893], "k_pid_alt": [0.14430334663077216, 0.38903715002776995, 0.5162263044659062], "k_pid_att": [15.093440417694893, 5.650484213088873, 0.3888424626206446], "k_pid_yaw": [0.5, 1e-06, 0.1], "k_pid_hsp": [2.739071848476401, 0.7396296850502945, 0.45428745107929325], "k_pid_vsp": [177.4079008195075, 10.437641246675575, 12.129367312805227]}, "datetime": {"datetime": "2025-08-13 14:20:23", "elapsed": 16351.398866176605, "delta": 33.50279927253723}, "costs": {"total_cost": 1407.5967771888534, "time_cost": 150, "final_distance_cost": 54.581139178760644, "oscillation_cost": 430.96687314451873, "completition_cost": 666.6666666666667, "overshoot_cost": 44.586003836237886, "power_cost": 31.044469274902344, "noise_cost": 29.75162508776674, "n_waypoints_completed": 3, "tot_waypoints": 9}}
{"target": -513.9770133046271, "params": {"k_pid_pos": [1.7805398084232216, 0.6291384767883508, 0.9763672602512987], "k_pid_alt": [1.3074958538377808, 0.9431749267747955, 0.8710047636746971], "k_pid_att": [5.0682409087533635, 3.184110052099201, 0.07792030568627129], "k_pid_yaw": [0.5, 1e-06, 0.1], "k_pid_hsp": [8.669519660656283, 0.6955321104709129, 0.39123118217224573], "k_pid_vsp": [273.120024210698, 272.585106419917, 45.368435081348906]}, "datetime": {"datetime": "2025-08-13 14:20:51", "elapsed": 16379.92075920105, "delta": 28.52189302444458}, "costs": {"total_cost": 513.9770133046271, "time_cost": 107.66, "final_distance_cost": 1.7308995658854238, "oscillation_cost": 276.89933853828717, "completition_cost": 0.0, "overshoot_cost": 59.61953532546823, "power_cost": 37.20515760498047, "noise_cost": 30.86208227000585, "n_waypoints_completed": 9, "tot_waypoints": 9}}
{"target": -294.7199428497578, "params": {"k_pid_pos": [1.6767624070825302, 0.09672349047527595, 0.09656089172057025], "k_pid_alt": [1.353950344103215, 0.44539825460817184, 0.7920888850041464], "k_pid_att": [38.76445570697773, 1.2210726718877503, 0.8776729424042129], "k_pid_yaw": [0.5, 1e-06, 0.1], "k_pid_hsp": [6.099955618809991, 0.9848101552666634, 0.07469363401519746], "k_pid_vsp": [225.6002708795894, 279.0533936921083, 42.47732344738557]}, "datetime": {"datetime": "2025-08-13 14:21:17", "elapsed": 16405.486944675446, "delta": 25.566185474395752}, "costs": {"total_cost": 294.7199428497578, "time_cost": 91.959, "final_distance_cost": 1.773038557122887, "oscillation_cost": 92.14685651919903, "completition_cost": 0.0, "overshoot_cost": 53.85640322042502, "power_cost": 29.604811535644533, "noise_cost": 25.37983301736633, "n_waypoints_completed": 9, "tot_waypoints": 9}}
{"target": -384.0585967506093, "params": {"k_pid_pos": [1.3698460997125927, 0.6399654392531222, 0.09795049246385845], "k_pid_alt": [0.8571737821220411, 0.483814679998111, 0.07723568063538555], "k_pid_att": [25.617943459915804, 1.3546132326495162, 0.7005499890612652], "k_pid_yaw": [0.5, 1e-06, 0.1], "k_pid_hsp": [5.24857463627722, 0.6397689682825125, 0.8392530858817735], "k_pid_vsp": [293.45606531008286, 343.58440366142634, 99.80782734315348]}, "datetime": {"datetime": "2025-08-13 14:21:44", "elapsed": 16432.01537013054, "delta": 26.528425455093384}, "costs": {"total_cost": 384.0585967506093, "time_cost": 94.584, "final_distance_cost": 1.7901976125415602, "oscillation_cost": 178.51864384825834, "completition_cost": 0.0, "overshoot_cost": 54.95023515134706, "power_cost": 29.525721032714845, "noise_cost": 24.689799105747525, "n_waypoints_completed": 9, "tot_waypoints": 9}}
{"target": -517.472977206827, "params": {"k_pid_pos": [1.625615033526043, 0.09077079054920001, 0.28767372381775613], "k_pid_alt": [0.7876467391260058, 0.3824230882075592, 0.9517457370259901], "k_pid_att": [17.467038041379713, 0.9738404583012789, 0.6133645515776504], "k_pid_yaw": [0.5, 1e-06, 0.1], "k_pid_hsp": [8.553926633442451, 0.38307518902236715, 0.90479835897508], "k_pid_vsp": [301.0125180223328, 336.7367633118317, 78.31570061311513]}, "datetime": {"datetime": "2025-08-13 14:22:12", "elapsed": 16460.56211924553, "delta": 28.546749114990234}, "costs": {"total_cost": 517.472977206827, "time_cost": 97.601, "final_distance_cost": 1.763682093673569, "oscillation_cost": 293.15688157044656, "completition_cost": 0.0, "overshoot_cost": 61.609702465687185, "power_cost": 35.57247164306641, "noise_cost": 27.76923943395322, "n_waypoints_completed": 9, "tot_waypoints": 9}}
{"target": -889.7396592239243, "params": {"k_pid_pos": [0.7118561656582353, 0.9372973015576337, 0.0472717653966358], "k_pid_alt": [1.4767283247453402, 0.7590660063656071, 0.16052586615396247], "k_pid_att": [40.87696544960286, 9.7134979012453, 0.5159060626369639], "k_pid_yaw": [0.5, 1e-06, 0.1], "k_pid_hsp": [5.498097164042437, 0.8348265889506841, 0.7587250724765265], "k_pid_vsp": [24.226037968210345, 389.39795804591404, 56.50520918423257]}, "datetime": {"datetime": "2025-08-13 14:22:44", "elapsed": 16492.055621385574, "delta": 31.493502140045166}, "costs": {"total_cost": 889.7396592239243, "time_cost": 150, "final_distance_cost": 86.18499570732392, "oscillation_cost": 193.75685385084662, "completition_cost": 333.33333333333337, "overshoot_cost": 62.32476633066877, "power_cost": 34.83339033203125, "noise_cost": 29.306319669720235, "n_waypoints_completed": 6, "tot_waypoints": 9}}
{"target": -782.8269580202038, "params": {"k_pid_pos": [0.18027799713121154, 0.8454104652368734, 0.5752814298624725], "k_pid_alt": [1.716696570929633, 0.3513631304054533, 0.7641872409087244], "k_pid_att": [15.50049316216835, 5.296325703410466, 0.8037263877055109], "k_pid_yaw": [0.5, 1e-06, 0.1], "k_pid_hsp": [4.5813264601348145, 0.7470578861165307, 0.7124867880498587], "k_pid_vsp": [166.25809940911935, 19.40040906397985, 8.792542044247268]}, "datetime": {"datetime": "2025-08-13 14:23:18", "elapsed": 16526.89052248001, "delta": 34.834901094436646}, "costs": {"total_cost": 782.8269580202038, "time_cost": 150, "final_distance_cost": 73.26091960438755, "oscillation_cost": 218.40565718580416, "completition_cost": 222.2222222222222, "overshoot_cost": 56.831080103421414, "power_cost": 29.681243969726562, "noise_cost": 32.42583493464199, "n_waypoints_completed": 7, "tot_waypoints": 9}}
{"target": -927.6056609464243, "params": {"k_pid_pos": [0.2937443215095126, 0.8252079678252219, 0.026551864129903624], "k_pid_alt": [0.323941277727128, 0.2331643380343672, 0.49660128515643576], "k_pid_att": [35.059092875865375, 4.401427011222066, 0.1919746781150825], "k_pid_yaw": [0.5, 1e-06, 0.1], "k_pid_hsp": [5.955444280599225, 0.2213004704054019, 0.9979557761861167], "k_pid_vsp": [80.11161858022832, 355.48089237884295, 37.236591383612456]}, "datetime": {"datetime": "2025-08-13 14:24:01", "elapsed": 16569.620312690735, "delta": 42.72979021072388}, "costs": {"total_cost": 927.6056609464243, "time_cost": 150, "final_distance_cost": 76.94212862745071, "oscillation_cost": 229.40768347329148, "completition_cost": 333.33333333333337, "overshoot_cost": 64.49761206738471, "power_cost": 40.287387744140624, "noise_cost": 33.13751570082359, "n_waypoints_completed": 6, "tot_waypoints": 9}}
{"target": -1087.55496958106, "params": {"k_pid_pos": [0.2366958584357519, 0.42080615143663946, 0.5729469099721656], "k_pid_alt": [0.5179325548265097, 0.3066924443135174, 0.06200717434312408], "k_pid_att": [24.306095066654233, 3.2494823079857045, 0.09075158929356775], "k_pid_yaw": [0.5, 1e-06, 0.1], "k_pid_hsp": [9.402660160384535, 0.49342517402025654, 0.25276884911576514], "k_pid_vsp": [307.5805538224609, 332.1302503409758, 104.42032187098904]}, "datetime": {"datetime": "2025-08-13 14:24:35", "elapsed": 16603.45437645912, "delta": 33.83406376838684}, "costs": {"total_cost": 1087.55496958106, "time_cost": 150, "final_distance_cost": 73.37276448491781, "oscillation_cost": 539.3693117931917, "completition_cost": 222.2222222222222, "overshoot_cost": 49.64800767910985, "power_cost": 25.641873486328127, "noise_cost": 27.300789915290054, "n_waypoints_completed": 7, "tot_waypoints": 9}}
{"target": -339.5348537508468, "params": {"k_pid_pos": [1.5392465460054932, 0.4878704608790918, 0.4144069169685824], "k_pid_alt": [1.571252835956136, 0.5945073042371388, 0.6551504971437041], "k_pid_att": [8.226422937883582, 4.1814812321879735, 0.7969362328483095], "k_pid_yaw": [0.5, 1e-06, 0.1], "k_pid_hsp": [4.237635930176901, 0.36111641563637403, 0.7011081256741073], "k_pid_vsp": [167.6973775548121, 10.388755162519356, 20.854850195051874]}, "datetime": {"datetime": "2025-08-13 14:25:02", "elapsed": 16630.06469321251, "delta": 26.61031675338745}, "costs": {"total_cost": 339.5348537508468, "time_cost": 92.715, "final_distance_cost": 1.7826473530304894, "oscillation_cost": 141.7354904539489, "completition_cost": 0.0, "overshoot_cost": 56.737463023351445, "power_cost": 23.581904296875003, "noise_cost": 22.98234862364096, "n_waypoints_completed": 9, "tot_waypoints": 9}}
{"target": -2601.2898653341445, "params": {"k_pid_pos": [1.0906846889783088, 0.8853203521435761, 0.021119994146284626], "k_pid_alt": [0.7960539686372974, 0.14583220975588884, 0.36883192472403126], "k_pid_att": [0.7206748051866163, 7.30077166384868, 0.44773851580300505], "k_pid_yaw": [0.5, 1e-06, 0.1], "k_pid_hsp": [2.5551599737639235, 0.8195758332072397, 0.8152980923187111], "k_pid_vsp": [168.53932083474916, 15.243704094906048, 22.734459025723062]}, "datetime": {"datetime": "2025-08-13 14:25:35", "elapsed": 16663.022581338882, "delta": 32.95788812637329}, "costs": {"total_cost": 2601.2898653341445, "time_cost": 150, "final_distance_cost": 29.344675988363957, "oscillation_cost": 850.0270758842167, "completition_cost": 1000.0, "overshoot_cost": 364.0423623000445, "power_cost": 58.17935037841797, "noise_cost": 149.69640078310138, "n_waypoints_completed": 0, "tot_waypoints": 9}}
{"target": -351.1334250613295, "params": {"k_pid_pos": [1.18970379464081, 0.6269393844906828, 0.30403582408756147], "k_pid_alt": [1.1929463418745256, 0.43643413222049976, 0.40342379089536395], "k_pid_att": [10.591694436575898, 5.880054203102908, 0.6334483111311197], "k_pid_yaw": [0.5, 1e-06, 0.1], "k_pid_hsp": [4.314354534473926, 0.4827432740359221, 0.2884915069836612], "k_pid_vsp": [305.61214680589035, 345.5477360078797, 110.73822896876537]}, "datetime": {"datetime": "2025-08-13 14:25:59", "elapsed": 16687.204246520996, "delta": 24.181665182113647}, "costs": {"total_cost": 351.1334250613295, "time_cost": 90.867, "final_distance_cost": 1.7785807678828345, "oscillation_cost": 158.92060962111734, "completition_cost": 0.0, "overshoot_cost": 53.48281373982231, "power_cost": 24.328791076660156, "noise_cost": 21.75562985584691, "n_waypoints_completed": 9, "tot_waypoints": 9}}
{"target": -866.5871524912042, "params": {"k_pid_pos": [0.29451076644011653, 0.05237072416970878, 0.2423825796844007], "k_pid_alt": [0.13204764246330214, 0.7967480462267326, 0.7458310013958074], "k_pid_att": [15.116282255793823, 7.965916458809401, 0.3765760825042529], "k_pid_yaw": [0.5, 1e-06, 0.1], "k_pid_hsp": [6.944797590986365, 0.035347782187788224, 0.5412088663387105], "k_pid_vsp": [303.5095074152755, 343.2481924645281, 112.1667894841378]}, "datetime": {"datetime": "2025-08-13 14:26:30", "elapsed": 16718.5933508873, "delta": 31.38910436630249}, "costs": {"total_cost": 866.5871524912042, "time_cost": 150, "final_distance_cost": 66.06522888865058, "oscillation_cost": 310.4377858092914, "completition_cost": 222.2222222222222, "overshoot_cost": 61.774360824894906, "power_cost": 27.946610070800784, "noise_cost": 28.140944675344283, "n_waypoints_completed": 7, "tot_waypoints": 9}}
{"target": -439.55492285459326, "params": {"k_pid_pos": [1.6755952279840327, 0.2791065081513351, 0.3625766889525265], "k_pid_alt": [0.4877030243816174, 0.16512442172624897, 0.6635258551382501], "k_pid_att": [6.410434164165757, 8.756360779855582, 0.25012147060537404], "k_pid_yaw": [0.5, 1e-06, 0.1], "k_pid_hsp": [9.428805574216545, 0.45456195389478293, 0.8982475216173698], "k_pid_vsp": [258.1178389405881, 285.8162985672589, 54.93543232431276]}, "datetime": {"datetime": "2025-08-13 14:26:56", "elapsed": 16744.497495889664, "delta": 25.904145002365112}, "costs": {"total_cost": 439.55492285459326, "time_cost": 98.18900000000001, "final_distance_cost": 1.7706708172990298, "oscillation_cost": 235.31589428555017, "completition_cost": 0.0, "overshoot_cost": 55.25085635534265, "power_cost": 25.41897528076172, "noise_cost": 23.60952611563967, "n_waypoints_completed": 9, "tot_waypoints": 9}}
{"target": -653.7127918881133, "params": {"k_pid_pos": [0.47932376456216924, 0.5670173672205318, 0.029791307271143097], "k_pid_alt": [1.8663122803588046, 0.10308575115112106, 0.38529992413636527], "k_pid_att": [17.051538522258404, 9.582098293848455, 0.47343943682188805], "k_pid_yaw": [0.5, 1e-06, 0.1], "k_pid_hsp": [1.2696222623920286, 0.9604840224550314, 0.14150786593046827], "k_pid_vsp": [168.42643854609474, 17.206388972269544, 22.192659121136796]}, "datetime": {"datetime": "2025-08-13 14:27:27", "elapsed": 16775.491845607758, "delta": 30.994349718093872}, "costs": {"total_cost": 653.7127918881133, "time_cost": 150, "final_distance_cost": 66.06145336883557, "oscillation_cost": 104.74424650470742, "completition_cost": 222.2222222222222, "overshoot_cost": 45.72316167580446, "power_cost": 34.289549218750004, "noise_cost": 30.672158897793587, "n_waypoints_completed": 7, "tot_waypoints": 9}}
{"target": -483.56191245686796, "params": {"k_pid_pos": [0.41141146623425157, 0.7084778376563423, 0.4107481120317933], "k_pid_alt": [1.6315525734882848, 0.6541512469389128, 0.4864648264091087], "k_pid_att": [4.477509084764886, 2.3283827517244187, 0.09220136803226908], "k_pid_yaw": [0.5, 1e-06, 0.1], "k_pid_hsp": [9.941752900516892, 0.29132797582567493, 0.5678033838370536], "k_pid_vsp": [299.84906142531776, 346.5504123211914, 98.12520950474415]}, "datetime": {"datetime": "2025-08-13 14:27:58", "elapsed": 16806.169414043427, "delta": 30.677568435668945}, "costs": {"total_cost": 483.56191245686796, "time_cost": 118.664, "final_distance_cost": 1.797033976137163, "oscillation_cost": 250.446988328145, "completition_cost": 0.0, "overshoot_cost": 57.443485391959484, "power_cost": 28.454729223632814, "noise_cost": 26.75567553699354, "n_waypoints_completed": 9, "tot_waypoints": 9}}
{"target": -568.0042735118192, "params": {"k_pid_pos": [1.1174072741894179, 0.6000383118940348, 0.5823505429253001], "k_pid_alt": [0.9313302447632239, 0.9394267854374359, 0.6752791681243472], "k_pid_att": [32.10704716122219, 9.715703883002623, 0.2565221792709197], "k_pid_yaw": [0.5, 1e-06, 0.1], "k_pid_hsp": [3.4992558842442807, 0.4942910647914651, 0.1304303695496446], "k_pid_vsp": [98.69904260964107, 356.4138754143408, 54.24032933199019]}, "datetime": {"datetime": "2025-08-13 14:28:23", "elapsed": 16831.265632867813, "delta": 25.096218824386597}, "costs": {"total_cost": 568.0042735118192, "time_cost": 96.299, "final_distance_cost": 1.7783726648203002, "oscillation_cost": 365.76109535362633, "completition_cost": 0.0, "overshoot_cost": 55.83518742967298, "power_cost": 25.32229354248047, "noise_cost": 23.008324521219155, "n_waypoints_completed": 9, "tot_waypoints": 9}}
{"target": -1744.8733412421798, "params": {"k_pid_pos": [0.002038361837827555, 0.39444707180202143, 0.35369629891635535], "k_pid_alt": [0.19631406399656504, 0.7972635348846636, 0.4311662889058686], "k_pid_att": [14.946463110277296, 2.2132579613915135, 0.008512886002984055], "k_pid_yaw": [0.5, 1e-06, 0.1], "k_pid_hsp": [9.630179763123738, 0.7686870952803511, 0.8289597706614105], "k_pid_vsp": [246.62439162183486, 279.4507963535482, 48.769693396561365]}, "datetime": {"datetime": "2025-08-13 14:28:54", "elapsed": 16862.258096456528, "delta": 30.9924635887146}, "costs": {"total_cost": 1744.8733412421798, "time_cost": 150, "final_distance_cost": 69.91887729683556, "oscillation_cost": 528.691762900318, "completition_cost": 888.8888888888888, "overshoot_cost": 44.9688010732811, "power_cost": 32.99297583007812, "noise_cost": 29.41203525277793, "n_waypoints_completed": 1, "tot_waypoints": 9}}
{"target": -677.5708588764496, "params": {"k_pid_pos": [0.6842008227030796, 0.6765853667914451, 0.9044132355030089], "k_pid_alt": [0.7209119183029196, 0.8496918996107218, 0.6370007100849367], "k_pid_att": [48.470731764270184, 4.252245503195064, 0.8170239603196233], "k_pid_yaw": [0.5, 1e-06, 0.1], "k_pid_hsp": [8.845966750627998, 0.6747660665641578, 0.4061604163467203], "k_pid_vsp": [106.23027297700887, 359.3109196580936, 42.72246296271033]}, "datetime": {"datetime": "2025-08-13 14:29:23", "elapsed": 16891.60233926773, "delta": 29.344242811203003}, "costs": {"total_cost": 677.5708588764496, "time_cost": 114.492, "final_distance_cost": 1.7948808522273862, "oscillation_cost": 434.2587053839811, "completition_cost": 0.0, "overshoot_cost": 62.4584550061878, "power_cost": 34.959956372070316, "noise_cost": 29.606861261983017, "n_waypoints_completed": 9, "tot_waypoints": 9}}
{"target": -469.0809097368951, "params": {"k_pid_pos": [1.7557749042713306, 0.4390757987910061, 0.7721674548580912], "k_pid_alt": [1.780146372895047, 0.846792457801275, 0.09046833979792146], "k_pid_att": [21.18408237656899, 0.6375116954198189, 0.003335646561583694], "k_pid_yaw": [0.5, 1e-06, 0.1], "k_pid_hsp": [4.833076618693862, 0.8749497928976008, 0.5224085572712746], "k_pid_vsp": [160.35374668551393, 6.662689608605859, 18.41037640728845]}, "datetime": {"datetime": "2025-08-13 14:29:45", "elapsed": 16913.867448091507, "delta": 22.265108823776245}, "costs": {"total_cost": 469.0809097368951, "time_cost": 84.23100000000001, "final_distance_cost": 1.7657516548432752, "oscillation_cost": 287.66985058192154, "completition_cost": 0.0, "overshoot_cost": 54.71950967192116, "power_cost": 20.38960830078125, "noise_cost": 20.305189527427853, "n_waypoints_completed": 9, "tot_waypoints": 9}}
