{"target": -1416.132508128326, "params": {"k_pid_pos": [0.6000794466314938, 0.7570059161173461, 0.9073593406220237], "k_pid_alt": [0.2903080683947086, 0.8339822701669707, 0.7598333083362544], "k_pid_att": [10.267343085835135, 7.812261138570937, 0.6770835840605742], "k_pid_yaw": [0.5, 1e-06, 0.1], "k_pid_hsp": [4.4042149981779595, 0.6042514760332687, 0.6367001615705791], "k_pid_vsp": [263.23955341362455, 265.1201724054467, 57.05283270997704]}, "datetime": {"datetime": "2025-08-13 15:52:59", "elapsed": 21907.9485309124, "delta": 32.094034910202026}, "costs": {"total_cost": 1416.132508128326, "time_cost": 150, "final_distance_cost": 90.34600915879966, "oscillation_cost": 296.86481465484957, "completition_cost": 777.7777777777778, "overshoot_cost": 36.69264805994522, "power_cost": 34.84356170654297, "noise_cost": 29.607696770410634, "n_waypoints_completed": 2, "tot_waypoints": 9}}
{"target": -276.05103466201933, "params": {"k_pid_pos": [1.0613065364743592, 0.4833543251986855, 0.08389876599305301], "k_pid_alt": [1.2614504628702472, 0.33174882635505887, 0.03599066131599027], "k_pid_att": [63.811291611399476, 5.633398660874925, 0.5169148169877344], "k_pid_yaw": [0.5, 1e-06, 0.1], "k_pid_hsp": [5.030662863479074, 0.9245347243066713, 0.021563010613828815], "k_pid_vsp": [76.88070115219574, 362.08001338467426, 43.985155995190304]}, "datetime": {"datetime": "2025-08-13 15:53:27", "elapsed": 21935.43701839447, "delta": 27.488487482070923}, "costs": {"total_cost": 276.05103466201933, "time_cost": 95.235, "final_distance_cost": 1.7800074386586535, "oscillation_cost": 84.30022533346653, "completition_cost": 0.0, "overshoot_cost": 51.08762773906788, "power_cost": 21.73664002685547, "noise_cost": 21.91153412397082, "n_waypoints_completed": 9, "tot_waypoints": 9}}
{"target": -1175.2527692725278, "params": {"k_pid_pos": [1.511901566780335, 0.687992184692763, 0.08485672748985185], "k_pid_alt": [0.08257989546246947, 0.4500912853673926, 0.1381614006973696], "k_pid_att": [47.31317003721723, 2.0620336364388456, 0.0923493849664635], "k_pid_yaw": [0.5, 1e-06, 0.1], "k_pid_hsp": [9.94771762050741, 0.1370391535027069, 0.7309190622247377], "k_pid_vsp": [96.6299187890319, 356.0798596118132, 38.4038802332856]}, "datetime": {"datetime": "2025-08-13 15:54:01", "elapsed": 21969.220913410187, "delta": 33.78389501571655}, "costs": {"total_cost": 1175.2527692725278, "time_cost": 150, "final_distance_cost": 39.821913337359035, "oscillation_cost": 297.05931816283646, "completition_cost": 555.5555555555555, "overshoot_cost": 61.769690877822704, "power_cost": 37.54741232910156, "noise_cost": 33.4988790098526, "n_waypoints_completed": 4, "tot_waypoints": 9}}
{"target": -1028.7427490483303, "params": {"k_pid_pos": [1.6573368423029358, 0.9964699990731704, 0.7350801769354098], "k_pid_alt": [1.6987652920325076, 0.09950496336177084, 0.22612447144583692], "k_pid_att": [2.5536361342212377, 8.415549901924306, 0.8858674448283733], "k_pid_yaw": [0.5, 1e-06, 0.1], "k_pid_hsp": [7.953128312684234, 0.774193529538152, 0.3423615879518205], "k_pid_vsp": [318.9392912419417, 323.7202443755676, 102.77511961209235]}, "datetime": {"datetime": "2025-08-13 15:54:32", "elapsed": 22000.669326782227, "delta": 31.448413372039795}, "costs": {"total_cost": 1028.7427490483303, "time_cost": 150, "final_distance_cost": 65.45754246358825, "oscillation_cost": 356.8156804050735, "completition_cost": 333.33333333333337, "overshoot_cost": 65.52608070397447, "power_cost": 31.515712365722656, "noise_cost": 26.094399776638106, "n_waypoints_completed": 6, "tot_waypoints": 9}}
{"target": -409.6979583714695, "params": {"k_pid_pos": [1.2683424888981176, 0.3379726086042206, 0.10481503854529439], "k_pid_alt": [1.311149682445386, 0.797523036230719, 0.20016697046370402], "k_pid_att": [15.309674415135122, 2.6815825360109424, 0.4550381395394548], "k_pid_yaw": [0.5, 1e-06, 0.1], "k_pid_hsp": [3.075260844092742, 0.09620764991862107, 0.8729234395330043], "k_pid_vsp": [306.8473466909521, 344.6260173215266, 114.35658499204575]}, "datetime": {"datetime": "2025-08-13 15:54:59", "elapsed": 22027.496570825577, "delta": 26.82724404335022}, "costs": {"total_cost": 409.6979583714695, "time_cost": 96.411, "final_distance_cost": 1.7759584346336537, "oscillation_cost": 207.41924506167382, "completition_cost": 0.0, "overshoot_cost": 55.6866070220745, "power_cost": 24.384484509277346, "noise_cost": 24.020663343810206, "n_waypoints_completed": 9, "tot_waypoints": 9}}
{"target": -448.9839216878149, "params": {"k_pid_pos": [1.375377346001652, 0.7077626653839665, 0.5647102705785524], "k_pid_alt": [0.6221289246817687, 0.7953463337322962, 0.09673384851851408], "k_pid_att": [13.869927248698799, 6.969620145857589, 0.8289449142617011], "k_pid_yaw": [0.5, 1e-06, 0.1], "k_pid_hsp": [5.203787875962323, 0.7497330145869936, 0.6677373051674718], "k_pid_vsp": [191.39671450593406, 294.94528765566065, 22.914542838961754]}, "datetime": {"datetime": "2025-08-13 15:55:27", "elapsed": 22055.926546812057, "delta": 28.429975986480713}, "costs": {"total_cost": 448.9839216878149, "time_cost": 106.925, "final_distance_cost": 1.7315194589350174, "oscillation_cost": 221.73083313986314, "completition_cost": 0.0, "overshoot_cost": 62.97802624553911, "power_cost": 28.05854111328125, "noise_cost": 27.560001730196422, "n_waypoints_completed": 9, "tot_waypoints": 9}}
{"target": -290.0766278107859, "params": {"k_pid_pos": [1.6020991262176572, 0.0464327752640733, 0.12847859098241998], "k_pid_alt": [1.4354900751555553, 0.5268543083263282, 0.3308820852104033], "k_pid_att": [6.639282382915679, 6.19039256218147, 0.9390027246927761], "k_pid_yaw": [0.5, 1e-06, 0.1], "k_pid_hsp": [9.53747921546973, 0.3064850889512972, 0.5168099140406267], "k_pid_vsp": [255.95666123459964, 284.5764767344414, 46.277987864956714]}, "datetime": {"datetime": "2025-08-13 15:55:49", "elapsed": 22077.290749788284, "delta": 21.364202976226807}, "costs": {"total_cost": 290.0766278107859, "time_cost": 76.727, "final_distance_cost": 1.7957013943662339, "oscillation_cost": 115.18084248018283, "completition_cost": 0.0, "overshoot_cost": 53.06308914538424, "power_cost": 23.167428564453125, "noise_cost": 20.142566226399488, "n_waypoints_completed": 9, "tot_waypoints": 9}}
{"target": -399.7780818272361, "params": {"k_pid_pos": [1.3560181139396386, 0.06715376359592884, 0.3343686299807188], "k_pid_alt": [1.90224404599484, 0.23610863697494933, 0.06653067529633783], "k_pid_att": [18.008955517590653, 3.454880469342972, 0.5736027046960591], "k_pid_yaw": [0.5, 1e-06, 0.1], "k_pid_hsp": [8.984606021026435, 0.9448765710772552, 0.19063506265518937], "k_pid_vsp": [262.5949189143062, 273.33403798275816, 53.058012979773906]}, "datetime": {"datetime": "2025-08-13 15:56:12", "elapsed": 22100.568647623062, "delta": 23.277897834777832}, "costs": {"total_cost": 399.7780818272361, "time_cost": 83.174, "final_distance_cost": 1.7583160845567842, "oscillation_cost": 214.37635208977537, "completition_cost": 0.0, "overshoot_cost": 52.192759932898454, "power_cost": 26.144081579589844, "noise_cost": 22.132572140415597, "n_waypoints_completed": 9, "tot_waypoints": 9}}
{"target": -850.3108585493252, "params": {"k_pid_pos": [1.4260518046174275, 0.062485442919473, 0.6799467323102176], "k_pid_alt": [0.5135552536680803, 0.517155193521989, 0.666666820547966], "k_pid_att": [2.512132577574444, 5.180532583815179, 0.6375352567833656], "k_pid_yaw": [0.5, 1e-06, 0.1], "k_pid_hsp": [8.210397260286905, 0.7878251451556575, 0.87455450543119], "k_pid_vsp": [278.0957979680133, 279.99366555990923, 59.270947232691526]}, "datetime": {"datetime": "2025-08-13 15:56:46", "elapsed": 22134.13884615898, "delta": 33.57019853591919}, "costs": {"total_cost": 850.3108585493252, "time_cost": 150, "final_distance_cost": 66.36217801828124, "oscillation_cost": 279.4841637884119, "completition_cost": 222.2222222222222, "overshoot_cost": 71.7040682103713, "power_cost": 32.70316392822266, "noise_cost": 27.83506238181583, "n_waypoints_completed": 7, "tot_waypoints": 9}}
{"target": -872.6371854072005, "params": {"k_pid_pos": [0.5060956945176462, 0.67110611618055, 0.09518012600398829], "k_pid_alt": [1.219425180698639, 0.9167587295669838, 0.8537883663709381], "k_pid_att": [19.165487988113117, 7.219428813597743, 0.10942646887355845], "k_pid_yaw": [0.5, 1e-06, 0.1], "k_pid_hsp": [4.598225679442127, 0.03454560666153861, 0.7963878257589326], "k_pid_vsp": [172.6642528678885, 31.05653381180832, 18.406362139476514]}, "datetime": {"datetime": "2025-08-13 15:57:18", "elapsed": 22166.77993798256, "delta": 32.64109182357788}, "costs": {"total_cost": 872.6371854072005, "time_cost": 150, "final_distance_cost": 75.01782416641532, "oscillation_cost": 283.08390010185406, "completition_cost": 222.2222222222222, "overshoot_cost": 69.21066232310062, "power_cost": 38.366762719726566, "noise_cost": 34.73581387388161, "n_waypoints_completed": 7, "tot_waypoints": 9}}
{"target": -996.6757229827532, "params": {"k_pid_pos": [1.301825245962955, 0.533000279706033, 0.44605769483925206], "k_pid_alt": [0.5109812379014613, 0.6156276140026855, 0.5488379445854437], "k_pid_att": [12.2816671477897, 4.999046998440312, 0.35355245671838675], "k_pid_yaw": [0.5, 1e-06, 0.1], "k_pid_hsp": [1.4424938857983134, 0.3552257738104292, 0.4693131426506614], "k_pid_vsp": [300.05849110204497, 351.34113743753426, 121.99710563761224]}, "datetime": {"datetime": "2025-08-13 15:57:55", "elapsed": 22203.54602766037, "delta": 36.76608967781067}, "costs": {"total_cost": 996.6757229827532, "time_cost": 150, "final_distance_cost": 68.57225959727793, "oscillation_cost": 313.99270373489856, "completition_cost": 333.33333333333337, "overshoot_cost": 56.25713696186049, "power_cost": 40.66366768798828, "noise_cost": 33.856621667394556, "n_waypoints_completed": 6, "tot_waypoints": 9}}
{"target": -904.3627747959956, "params": {"k_pid_pos": [0.5924580594101587, 0.11092807754602052, 0.4713090125106686], "k_pid_alt": [0.40491487068275966, 0.9368845183847866, 0.7817919188013879], "k_pid_att": [24.569478339780392, 0.3754483390510032, 0.6516591095990594], "k_pid_yaw": [0.5, 1e-06, 0.1], "k_pid_hsp": [8.196106879986425, 0.30645621514868493, 0.29092600643463595], "k_pid_vsp": [169.27886381788286, 21.063420292126537, 1.4429349059028673]}, "datetime": {"datetime": "2025-08-13 15:58:29", "elapsed": 22237.05669593811, "delta": 33.51066827774048}, "costs": {"total_cost": 904.3627747959956, "time_cost": 150, "final_distance_cost": 64.43941027358922, "oscillation_cost": 443.5617734996639, "completition_cost": 111.11111111111116, "overshoot_cost": 60.78914840096815, "power_cost": 38.55297180175781, "noise_cost": 35.9083597089052, "n_waypoints_completed": 8, "tot_waypoints": 9}}
{"target": -387.91269325269116, "params": {"k_pid_pos": [0.9791251385679635, 0.7651648387799801, 0.02690268022712139], "k_pid_alt": [0.426116428681808, 0.9424672763835394, 0.7420028041253909], "k_pid_att": [8.718907560923128, 6.800186822719545, 0.6490610699927286], "k_pid_yaw": [0.5, 1e-06, 0.1], "k_pid_hsp": [8.91369146505061, 0.28628285435554757, 0.29627666885346005], "k_pid_vsp": [181.72267585709565, 19.54946160685253, 11.990690823014218]}, "datetime": {"datetime": "2025-08-13 15:59:04", "elapsed": 22272.002989768982, "delta": 34.94629383087158}, "costs": {"total_cost": 387.91269325269116, "time_cost": 116.431, "final_distance_cost": 1.7782967876451534, "oscillation_cost": 149.23470917419118, "completition_cost": 0.0, "overshoot_cost": 67.07286439776587, "power_cost": 23.41500213623047, "noise_cost": 29.9808207568585, "n_waypoints_completed": 9, "tot_waypoints": 9}}
{"target": -1069.1892894588507, "params": {"k_pid_pos": [0.09130040504228659, 0.5801713630321115, 0.8299415036925797], "k_pid_alt": [0.16490718972231821, 0.26405379881339197, 0.6555546344213345], "k_pid_att": [21.340641145534878, 5.738201905278857, 0.848538716278908], "k_pid_yaw": [0.5, 1e-06, 0.1], "k_pid_hsp": [6.080228530102781, 0.4297149390908189, 0.05957160348728463], "k_pid_vsp": [177.7443982318314, 5.263434755526182, 0.3946176186139103]}, "datetime": {"datetime": "2025-08-13 15:59:39", "elapsed": 22307.519962787628, "delta": 35.51697301864624}, "costs": {"total_cost": 1069.1892894588507, "time_cost": 150, "final_distance_cost": 53.08805666833336, "oscillation_cost": 67.88280198190154, "completition_cost": 666.6666666666667, "overshoot_cost": 54.16742985512308, "power_cost": 40.36957291259766, "noise_cost": 37.01476137422826, "n_waypoints_completed": 3, "tot_waypoints": 9}}
{"target": -838.5038637319801, "params": {"k_pid_pos": [1.3724712573027238, 0.856907955928425, 0.019625771517275292], "k_pid_alt": [0.9949963581539472, 0.9949358603291836, 0.8362552484075314], "k_pid_att": [31.17523575188127, 3.6820267025359827, 0.7687653328472817], "k_pid_yaw": [0.5, 1e-06, 0.1], "k_pid_hsp": [8.961900623026077, 0.9629871355628201, 0.5863229913743466], "k_pid_vsp": [243.5395363731282, 265.7017427853148, 44.98281972265994]}, "datetime": {"datetime": "2025-08-13 16:00:14", "elapsed": 22342.812024593353, "delta": 35.2920618057251}, "costs": {"total_cost": 838.5038637319801, "time_cost": 150, "final_distance_cost": 70.99033625264366, "oscillation_cost": 154.21703102566306, "completition_cost": 333.33333333333337, "overshoot_cost": 69.65326628397409, "power_cost": 31.3348478515625, "noise_cost": 28.975048984803465, "n_waypoints_completed": 6, "tot_waypoints": 9}}
{"target": -630.45792842106, "params": {"k_pid_pos": [0.59130636508768, 0.31758163317944144, 0.8292724365665516], "k_pid_alt": [1.522394629767722, 0.03084842512943009, 0.7948949110479607], "k_pid_att": [4.756410172240855, 4.601175361499568, 0.23549744004033657], "k_pid_yaw": [0.5, 1e-06, 0.1], "k_pid_hsp": [1.297670322621864, 0.15006156884854993, 0.9957217749548077], "k_pid_vsp": [264.0068331436119, 263.35159603070383, 45.45498147245977]}, "datetime": {"datetime": "2025-08-13 16:00:50", "elapsed": 22378.42986679077, "delta": 35.61784219741821}, "costs": {"total_cost": 630.45792842106, "time_cost": 150, "final_distance_cost": 4.619087148239672, "oscillation_cost": 243.16035976169186, "completition_cost": 111.11111111111116, "overshoot_cost": 65.90616040779865, "power_cost": 27.58798365478516, "noise_cost": 28.07322633743364, "n_waypoints_completed": 8, "tot_waypoints": 9}}
{"target": -376.00452286608845, "params": {"k_pid_pos": [1.1919094628360065, 0.30744734244665917, 0.020135381787856343], "k_pid_alt": [0.6038897513767145, 0.5955463940917585, 0.11717987371579475], "k_pid_att": [6.001876812100127, 6.874469034739833, 0.7298855261611015], "k_pid_yaw": [0.5, 1e-06, 0.1], "k_pid_hsp": [6.2691625648004905, 0.7792738982605341, 0.18584287831976776], "k_pid_vsp": [258.74211327669434, 279.9841976544033, 53.31670294399731]}, "datetime": {"datetime": "2025-08-13 16:01:21", "elapsed": 22408.99991416931, "delta": 30.57004737854004}, "costs": {"total_cost": 376.00452286608845, "time_cost": 103.936, "final_distance_cost": 1.7463045413118434, "oscillation_cost": 147.4842406824392, "completition_cost": 0.0, "overshoot_cost": 58.10479347758571, "power_cost": 34.64420782470703, "noise_cost": 30.088976340044585, "n_waypoints_completed": 9, "tot_waypoints": 9}}
{"target": -926.3914716862876, "params": {"k_pid_pos": [0.2352059110891524, 0.8490632569454323, 0.7920773195435268], "k_pid_alt": [0.4354519796185232, 0.809357381780894, 0.950640073038174], "k_pid_att": [18.957166649938273, 5.294939884920229, 0.6767507506000049], "k_pid_yaw": [0.5, 1e-06, 0.1], "k_pid_hsp": [2.2475724693676224, 0.06941811944146081, 0.02120499003289278], "k_pid_vsp": [305.05165082790785, 334.566620634125, 90.3053785211855]}, "datetime": {"datetime": "2025-08-13 16:01:56", "elapsed": 22444.466764688492, "delta": 35.4668505191803}, "costs": {"total_cost": 926.3914716862876, "time_cost": 150, "final_distance_cost": 44.10210744115445, "oscillation_cost": 62.443675332685906, "completition_cost": 555.5555555555555, "overshoot_cost": 48.71299755497661, "power_cost": 33.36231137695313, "noise_cost": 32.21482442496191, "n_waypoints_completed": 4, "tot_waypoints": 9}}
{"target": -357.22849591445157, "params": {"k_pid_pos": [1.2715199323233355, 0.6319934586730972, 0.7013592617117337], "k_pid_alt": [1.66256427172087, 0.9119430748464442, 0.08742757606423224], "k_pid_att": [8.097598914940473, 4.38538765747311, 0.2797563312705793], "k_pid_yaw": [0.5, 1e-06, 0.1], "k_pid_hsp": [3.2884792318220644, 0.6857219343765069, 0.4070879427697486], "k_pid_vsp": [313.65028408210964, 346.61898732584723, 101.84294623966403]}, "datetime": {"datetime": "2025-08-13 16:02:21", "elapsed": 22469.60124540329, "delta": 25.134480714797974}, "costs": {"total_cost": 357.22849591445157, "time_cost": 83.531, "final_distance_cost": 1.7519029905609997, "oscillation_cost": 180.5778830421352, "completition_cost": 0.0, "overshoot_cost": 53.22247763751349, "power_cost": 19.61454957275391, "noise_cost": 18.53068267148798, "n_waypoints_completed": 9, "tot_waypoints": 9}}
{"target": -590.9350891765348, "params": {"k_pid_pos": [0.7396388287507142, 0.6442834869918084, 0.4515472367920119], "k_pid_alt": [0.9028983027032655, 0.11984057464162146, 0.5240444864261656], "k_pid_att": [6.540339242685988, 1.0889244575671622, 0.36442452646608525], "k_pid_yaw": [0.5, 1e-06, 0.1], "k_pid_hsp": [8.206401105974507, 0.19774252494838118, 0.6613755146656023], "k_pid_vsp": [167.4871091732864, 20.488716581274204, 12.491813462326489]}, "datetime": {"datetime": "2025-08-13 16:02:59", "elapsed": 22507.212646722794, "delta": 37.611401319503784}, "costs": {"total_cost": 590.9350891765348, "time_cost": 150, "final_distance_cost": 3.8282302991833332, "oscillation_cost": 216.41829440628024, "completition_cost": 111.11111111111116, "overshoot_cost": 55.79940758797892, "power_cost": 25.83661462402344, "noise_cost": 27.941431147957683, "n_waypoints_completed": 8, "tot_waypoints": 9}}
{"target": -581.7876094398079, "params": {"k_pid_pos": [0.1493656040768267, 0.5847627497027553, 0.5818193917405972], "k_pid_alt": [1.1005360353918323, 0.6235604896909269, 0.4952593951819583], "k_pid_att": [3.5508681084306937, 1.231928136099217, 0.9106981800663781], "k_pid_yaw": [0.5, 1e-06, 0.1], "k_pid_hsp": [4.070094238648873, 0.8511969477581511, 0.004169689213991079], "k_pid_vsp": [261.4942414356405, 272.78537278751617, 36.92435128570257]}, "datetime": {"datetime": "2025-08-13 16:03:32", "elapsed": 22540.273900270462, "delta": 33.06125354766846}, "costs": {"total_cost": 581.7876094398079, "time_cost": 150, "final_distance_cost": 59.676819197217554, "oscillation_cost": 44.8619091598168, "completition_cost": 222.2222222222222, "overshoot_cost": 52.49363003868788, "power_cost": 25.742972021484377, "noise_cost": 26.790056800378913, "n_waypoints_completed": 7, "tot_waypoints": 9}}
{"target": -790.3261730017964, "params": {"k_pid_pos": [0.3865175522747619, 0.8096043936655254, 0.22031274117245792], "k_pid_alt": [1.3477718383864146, 0.2520433235586015, 0.2802601100500868], "k_pid_att": [19.46519181544949, 9.982606119363998, 0.35300501367613923], "k_pid_yaw": [0.5, 1e-06, 0.1], "k_pid_hsp": [1.2805784224376746, 0.025266556581697963, 0.736622475459848], "k_pid_vsp": [171.5660668564282, 4.396196758201235, 22.30915657525842]}, "datetime": {"datetime": "2025-08-13 16:04:04", "elapsed": 22572.953290224075, "delta": 32.67938995361328}, "costs": {"total_cost": 790.3261730017964, "time_cost": 150, "final_distance_cost": 64.47313258466869, "oscillation_cost": 327.6372221526983, "completition_cost": 111.11111111111116, "overshoot_cost": 70.13040558895484, "power_cost": 36.05337443847657, "noise_cost": 30.920927125886664, "n_waypoints_completed": 8, "tot_waypoints": 9}}
{"target": -807.4280349697864, "params": {"k_pid_pos": [0.25086324004959615, 0.8221046111165884, 0.005536652774152939], "k_pid_alt": [0.5332591571701393, 0.45960554264537223, 0.30422171604085346], "k_pid_att": [17.661723518775652, 2.4517917533897533, 0.3972865081658026], "k_pid_yaw": [0.5, 1e-06, 0.1], "k_pid_hsp": [2.4705302330485166, 0.19259175038098286, 0.1467425606332855], "k_pid_vsp": [159.96208739989265, 4.4514112588596175, 29.31327658658753]}, "datetime": {"datetime": "2025-08-13 16:04:36", "elapsed": 22604.733090400696, "delta": 31.779800176620483}, "costs": {"total_cost": 807.4280349697864, "time_cost": 150, "final_distance_cost": 66.45452685241395, "oscillation_cost": 129.02178913545342, "completition_cost": 333.33333333333337, "overshoot_cost": 63.71085737315014, "power_cost": 32.68392003173828, "noise_cost": 32.22360824369729, "n_waypoints_completed": 6, "tot_waypoints": 9}}
{"target": -801.2861073175156, "params": {"k_pid_pos": [0.457571348489754, 0.8170050914407653, 0.3865350186825536], "k_pid_alt": [1.5540216855348357, 0.7748706797314383, 0.7841503322354072], "k_pid_att": [11.869084908108562, 0.03618645178913898, 0.3519727218360932], "k_pid_yaw": [0.5, 1e-06, 0.1], "k_pid_hsp": [8.776662830616026, 0.5899336213937044, 0.9439755747551292], "k_pid_vsp": [275.6467687317362, 283.97913823273535, 52.16889845109126]}, "datetime": {"datetime": "2025-08-13 16:05:11", "elapsed": 22639.08336877823, "delta": 34.35027837753296}, "costs": {"total_cost": 801.2861073175156, "time_cost": 150, "final_distance_cost": 62.09501470581698, "oscillation_cost": 245.6342840531267, "completition_cost": 222.2222222222222, "overshoot_cost": 55.35332144933711, "power_cost": 35.32988911132813, "noise_cost": 30.651375775684446, "n_waypoints_completed": 7, "tot_waypoints": 9}}
