{"target": -326.8630646773661, "params": {"k_pid_pos": [0.5761336909302698, 0.07934137907838645, 0.01750651388434421], "k_pid_alt": [1.7470431008434781, 0.030014395318342046, 0.5921714950991205], "k_pid_att": [10.635801735869277, 6.289036317343433, 0.9058360548940089], "k_pid_yaw": [0.5, 1e-06, 0.1], "k_pid_hsp": [2.059842105355006, 0.9130638509110282, 0.8822511030327939], "k_pid_vsp": [307.8997418117748, 346.29923062457647, 113.53288224447628]}, "datetime": {"datetime": "2025-08-13 22:01:39", "elapsed": 44027.48719382286, "delta": 25.007537603378296}, "costs": {"total_cost": 326.8630646773661, "time_cost": 76.895, "final_distance_cost": 1.8115889045983629, "oscillation_cost": 154.09449598906764, "completition_cost": 0.0, "overshoot_cost": 53.289698534776115, "power_cost": 21.79623543701172, "noise_cost": 18.97604581191224, "n_waypoints_completed": 9, "tot_waypoints": 9}}
{"target": -333.542609196683, "params": {"k_pid_pos": [1.4992877215479268, 0.9509935037755803, 0.7153225095067123], "k_pid_alt": [1.6995499335412658, 0.09569132850085682, 0.8995382281886863], "k_pid_att": [8.446878786437328, 5.605522210695114, 0.7444355813086312], "k_pid_yaw": [0.5, 1e-06, 0.1], "k_pid_hsp": [8.131514705486872, 0.6519462677080851, 0.9518083967550078], "k_pid_vsp": [317.00127222202485, 316.73450440050595, 101.13597293926762]}, "datetime": {"datetime": "2025-08-13 22:02:11", "elapsed": 44059.400225400925, "delta": 31.913031578063965}, "costs": {"total_cost": 333.542609196683, "time_cost": 91.105, "final_distance_cost": 1.7824910951295505, "oscillation_cost": 143.8629938905503, "completition_cost": 0.0, "overshoot_cost": 54.24915733639867, "power_cost": 22.33946796875, "noise_cost": 20.20349890585443, "n_waypoints_completed": 9, "tot_waypoints": 9}}
{"target": -446.81963584921505, "params": {"k_pid_pos": [0.964698088456352, 0.5742797179988443, 0.06600844324080157], "k_pid_alt": [0.5535066477960648, 0.7549961528519218, 0.11136351757156615], "k_pid_att": [16.975690092674377, 4.928151818443923, 0.7498544019124255], "k_pid_yaw": [0.5, 1e-06, 0.1], "k_pid_hsp": [6.46596292288229, 0.428744714893014, 0.5477742454598039], "k_pid_vsp": [275.3370838183762, 344.13936116989584, 104.43281535023551]}, "datetime": {"datetime": "2025-08-13 22:02:46", "elapsed": 44094.59416055679, "delta": 35.19393515586853}, "costs": {"total_cost": 446.81963584921505, "time_cost": 111.685, "final_distance_cost": 1.7711196803309879, "oscillation_cost": 215.43267332895957, "completition_cost": 0.0, "overshoot_cost": 65.02707087765945, "power_cost": 26.527562121582033, "noise_cost": 26.376209840682975, "n_waypoints_completed": 9, "tot_waypoints": 9}}
{"target": -493.51764053202726, "params": {"k_pid_pos": [1.6112080582081434, 0.37310856848441853, 0.7178574894519859], "k_pid_alt": [1.850749808959098, 0.9921391295765414, 0.14724740699617656], "k_pid_att": [18.16214643275822, 7.665418774007633, 0.17055463517782865], "k_pid_yaw": [0.5, 1e-06, 0.1], "k_pid_hsp": [4.864773096231108, 0.3459933814829603, 0.17960651116795223], "k_pid_vsp": [161.47180105502824, 6.043438582003661, 16.644779662054596]}, "datetime": {"datetime": "2025-08-13 22:03:15", "elapsed": 44123.35674071312, "delta": 28.762580156326294}, "costs": {"total_cost": 493.51764053202726, "time_cost": 85.708, "final_distance_cost": 1.7929522186892402, "oscillation_cost": 304.82780616660193, "completition_cost": 0.0, "overshoot_cost": 54.292892067793346, "power_cost": 24.293882653808595, "noise_cost": 22.602107425134133, "n_waypoints_completed": 9, "tot_waypoints": 9}}
{"target": -484.93164468582154, "params": {"k_pid_pos": [1.013659843199917, 0.22945234789292823, 0.9870810399348899], "k_pid_alt": [0.7168141154233232, 0.19880180954567128, 0.5207306450281791], "k_pid_att": [18.94151993131048, 9.223306986783637, 0.2937960722746763], "k_pid_yaw": [0.5, 1e-06, 0.1], "k_pid_hsp": [8.358383834593687, 0.23108047582052726, 0.025092684541388244], "k_pid_vsp": [310.1798973361843, 325.11187397788905, 101.53542169732668]}, "datetime": {"datetime": "2025-08-13 22:03:46", "elapsed": 44154.33018255234, "delta": 30.97344183921814}, "costs": {"total_cost": 484.93164468582154, "time_cost": 105.96600000000001, "final_distance_cost": 1.7810053370959071, "oscillation_cost": 268.71223322930217, "completition_cost": 0.0, "overshoot_cost": 53.99936375331511, "power_cost": 28.33902761230469, "noise_cost": 26.134014753803665, "n_waypoints_completed": 9, "tot_waypoints": 9}}
{"target": -482.6173770858009, "params": {"k_pid_pos": [1.1812327035779104, 0.1743790623415854, 0.9966215878169749], "k_pid_alt": [0.8623894124992917, 0.98236403049699, 0.08034027159191226], "k_pid_att": [12.034182669846427, 9.735892308412627, 0.4572182819212074], "k_pid_yaw": [0.5, 1e-06, 0.1], "k_pid_hsp": [8.962103214059697, 0.43039971965170465, 0.9567275645117264], "k_pid_vsp": [313.57981161767117, 326.53618678582677, 106.57450377993993]}, "datetime": {"datetime": "2025-08-13 22:04:18", "elapsed": 44186.732697725296, "delta": 32.402515172958374}, "costs": {"total_cost": 482.6173770858009, "time_cost": 94.311, "final_distance_cost": 1.7938376179431506, "oscillation_cost": 279.5386835948742, "completition_cost": 0.0, "overshoot_cost": 60.99750211000046, "power_cost": 24.067438427734377, "noise_cost": 21.908915335248636, "n_waypoints_completed": 9, "tot_waypoints": 9}}
{"target": -440.3907393014975, "params": {"k_pid_pos": [1.768105128915086, 0.5032970239722157, 0.9143575131609251], "k_pid_alt": [0.8836736961292908, 0.2512664010646286, 0.5221518045094018], "k_pid_att": [36.236062456847165, 5.264756816096133, 0.24520149582735729], "k_pid_yaw": [0.5, 1e-06, 0.1], "k_pid_hsp": [0.7645857800764204, 0.39960866618155866, 0.10862771164198748], "k_pid_vsp": [109.89380676969031, 347.0281084714338, 49.60211263937044]}, "datetime": {"datetime": "2025-08-13 22:04:46", "elapsed": 44214.58150076866, "delta": 27.84880304336548}, "costs": {"total_cost": 440.3907393014975, "time_cost": 83.496, "final_distance_cost": 1.7595359200504321, "oscillation_cost": 262.2632894676156, "completition_cost": 0.0, "overshoot_cost": 51.28096406227617, "power_cost": 21.662585949707033, "noise_cost": 19.92836390184831, "n_waypoints_completed": 9, "tot_waypoints": 9}}
{"target": -523.615222588615, "params": {"k_pid_pos": [1.425920916274499, 0.4921408045670891, 0.4326816977295682], "k_pid_alt": [1.96243485281693, 0.4749911375228164, 0.1427078571812227], "k_pid_att": [28.341782507306302, 4.899290965513063, 0.7028086836780314], "k_pid_yaw": [0.5, 1e-06, 0.1], "k_pid_hsp": [7.562391656912666, 0.322132774861389, 0.4080745379273468], "k_pid_vsp": [315.1232344426346, 338.94782643156, 104.12856113325347]}, "datetime": {"datetime": "2025-08-13 22:05:17", "elapsed": 44245.47281432152, "delta": 30.891313552856445}, "costs": {"total_cost": 523.615222588615, "time_cost": 95.774, "final_distance_cost": 1.7621040982724108, "oscillation_cost": 319.3137757883119, "completition_cost": 0.0, "overshoot_cost": 53.53660563948372, "power_cost": 28.857668786621094, "noise_cost": 24.371068275925886, "n_waypoints_completed": 9, "tot_waypoints": 9}}
{"target": -506.1197296920449, "params": {"k_pid_pos": [0.6423639783442997, 0.4957703810872266, 0.5603217947850891], "k_pid_alt": [0.5985062940198818, 0.22188853126028107, 0.16717873549896844], "k_pid_att": [15.995674250960246, 4.333104167955504, 0.6774484735243146], "k_pid_yaw": [0.5, 1e-06, 0.1], "k_pid_hsp": [5.828630152126332, 0.3071175706373662, 0.29576852462894343], "k_pid_vsp": [157.47752441802524, 39.811239409521384, 9.215412701482009]}, "datetime": {"datetime": "2025-08-13 22:05:49", "elapsed": 44277.95263028145, "delta": 32.47981595993042}, "costs": {"total_cost": 506.1197296920449, "time_cost": 106.281, "final_distance_cost": 1.789726253716567, "oscillation_cost": 281.82763772394946, "completition_cost": 0.0, "overshoot_cost": 57.12644175493997, "power_cost": 29.496394580078125, "noise_cost": 29.59852937936086, "n_waypoints_completed": 9, "tot_waypoints": 9}}
{"target": -663.475004571683, "params": {"k_pid_pos": [1.6348404373385492, 0.6133268411986293, 0.24205602601208864], "k_pid_alt": [0.0842605427650891, 0.28266857841451776, 0.7617819346097352], "k_pid_att": [15.22455275801059, 4.673406994873488, 0.61019397690617], "k_pid_yaw": [0.5, 1e-06, 0.1], "k_pid_hsp": [6.538012749380299, 0.39757743945343826, 0.5232760291869651], "k_pid_vsp": [163.4861613898912, 15.748822607224179, 23.96992510732498]}, "datetime": {"datetime": "2025-08-13 22:06:23", "elapsed": 44311.42614984512, "delta": 33.47351956367493}, "costs": {"total_cost": 663.475004571683, "time_cost": 150, "final_distance_cost": 13.781036721676086, "oscillation_cost": 267.3681864214047, "completition_cost": 111.11111111111116, "overshoot_cost": 68.4667694048982, "power_cost": 24.95551434326172, "noise_cost": 27.792386569331143, "n_waypoints_completed": 8, "tot_waypoints": 9}}
{"target": -514.5946071432988, "params": {"k_pid_pos": [1.3099075736614405, 0.01932098465618004, 0.8768063334312921], "k_pid_alt": [0.49460603584658025, 0.9638094417555886, 0.11745988838948807], "k_pid_att": [20.653133838609406, 0.19393361012141355, 0.9176231433827653], "k_pid_yaw": [0.5, 1e-06, 0.1], "k_pid_hsp": [9.270740948785116, 0.6030197742408292, 0.4770172338118135], "k_pid_vsp": [299.55993242065756, 347.668007180073, 101.60558719300279]}, "datetime": {"datetime": "2025-08-13 22:06:52", "elapsed": 44340.56298184395, "delta": 29.136831998825073}, "costs": {"total_cost": 514.5946071432988, "time_cost": 99.428, "final_distance_cost": 1.822659555584271, "oscillation_cost": 296.33835911333733, "completition_cost": 0.0, "overshoot_cost": 61.942338363232366, "power_cost": 29.510251147460938, "noise_cost": 25.552998963683923, "n_waypoints_completed": 9, "tot_waypoints": 9}}
{"target": -1020.8091715061657, "params": {"k_pid_pos": [0.4327530143424924, 0.6894130195995226, 0.8597862615644087], "k_pid_alt": [0.7014852295901775, 0.7527697783780727, 0.5244220971534784], "k_pid_att": [17.645325431605265, 3.739516159709931, 0.5397165491610969], "k_pid_yaw": [0.5, 1e-06, 0.1], "k_pid_hsp": [4.165765789634022, 0.2442869778443333, 0.45652236735695684], "k_pid_vsp": [303.01489911308283, 319.7268765217644, 79.4575693007001]}, "datetime": {"datetime": "2025-08-13 22:07:34", "elapsed": 44382.00901722908, "delta": 41.446035385131836}, "costs": {"total_cost": 1020.8091715061657, "time_cost": 150, "final_distance_cost": 75.5318097222088, "oscillation_cost": 347.84696417626856, "completition_cost": 333.33333333333337, "overshoot_cost": 50.677435096181966, "power_cost": 33.156992736816406, "noise_cost": 30.262636441356662, "n_waypoints_completed": 6, "tot_waypoints": 9}}
{"target": -1468.7295273821562, "params": {"k_pid_pos": [1.6252778195792086, 0.0029394301452347893, 0.5842228720879822], "k_pid_alt": [1.7543573241525672, 0.058931400197988926, 0.8075330210970909], "k_pid_att": [1.3466225952467492, 4.299248002595303, 0.5761740338144098], "k_pid_yaw": [0.5, 1e-06, 0.1], "k_pid_hsp": [9.779736620359238, 0.6996467432337371, 0.5259015510855071], "k_pid_vsp": [239.51687962461676, 282.8503656109668, 50.860136779660344]}, "datetime": {"datetime": "2025-08-13 22:08:09", "elapsed": 44417.959392786026, "delta": 35.9503755569458}, "costs": {"total_cost": 1468.7295273821562, "time_cost": 150, "final_distance_cost": 52.24426155112269, "oscillation_cost": 391.4968964835551, "completition_cost": 666.6666666666667, "overshoot_cost": 102.03567776545364, "power_cost": 48.45884754638672, "noise_cost": 57.82717736897145, "n_waypoints_completed": 3, "tot_waypoints": 9}}
{"target": -418.9082528952408, "params": {"k_pid_pos": [1.8331138041724808, 0.7272621375807654, 0.16919320472311272], "k_pid_alt": [1.3625645084900238, 0.19309297723484797, 0.13762789381443308], "k_pid_att": [12.210681612504981, 7.191491768241312, 0.9920928942270282], "k_pid_yaw": [0.5, 1e-06, 0.1], "k_pid_hsp": [4.832000170265093, 0.39147944383307687, 0.4504345862411754], "k_pid_vsp": [175.26167893575294, 13.962840195402533, 23.651375635815704]}, "datetime": {"datetime": "2025-08-13 22:08:43", "elapsed": 44451.23614406586, "delta": 33.27675127983093}, "costs": {"total_cost": 418.9082528952408, "time_cost": 113.953, "final_distance_cost": 1.7796700476962184, "oscillation_cost": 181.8120224475454, "completition_cost": 0.0, "overshoot_cost": 60.773165025962356, "power_cost": 31.75917607421875, "noise_cost": 28.83121929981802, "n_waypoints_completed": 9, "tot_waypoints": 9}}
{"target": -1251.1585597769795, "params": {"k_pid_pos": [0.15453796385824137, 0.24815921034345656, 0.7198071402082615], "k_pid_alt": [0.7982933839262509, 0.4088376913377828, 0.27350633125687385], "k_pid_att": [3.982785199035721, 8.292728807569855, 0.08092935859154227], "k_pid_yaw": [0.5, 1e-06, 0.1], "k_pid_hsp": [6.4394118246843455, 0.09369603601687548, 0.7304537008355076], "k_pid_vsp": [275.8251109464205, 280.9752809397223, 33.7663429858583]}, "datetime": {"datetime": "2025-08-13 22:09:17", "elapsed": 44485.493368148804, "delta": 34.25722408294678}, "costs": {"total_cost": 1251.1585597769795, "time_cost": 150, "final_distance_cost": 48.905601193918294, "oscillation_cost": 387.578017932723, "completition_cost": 555.5555555555555, "overshoot_cost": 54.08017686982215, "power_cost": 28.059329467773438, "noise_cost": 26.97987875718678, "n_waypoints_completed": 4, "tot_waypoints": 9}}
{"target": -492.70079821260896, "params": {"k_pid_pos": [1.1743585597323243, 0.13363057457300564, 0.5671329038211324], "k_pid_alt": [1.4793917271999077, 0.2920861198741179, 0.7745569689540703], "k_pid_att": [27.935621357620555, 2.5240035863953247, 0.20966078546781797], "k_pid_yaw": [0.5, 1e-06, 0.1], "k_pid_hsp": [6.208880509568424, 0.06255012934542659, 0.6868523014526215], "k_pid_vsp": [114.77112761641162, 349.7453091010337, 59.13528513490658]}, "datetime": {"datetime": "2025-08-13 22:09:43", "elapsed": 44511.0741379261, "delta": 25.580769777297974}, "costs": {"total_cost": 492.70079821260896, "time_cost": 81.816, "final_distance_cost": 1.7934396826119432, "oscillation_cost": 316.84680519861837, "completition_cost": 0.0, "overshoot_cost": 51.87151001211705, "power_cost": 20.664794409179688, "noise_cost": 19.708248910081902, "n_waypoints_completed": 9, "tot_waypoints": 9}}
{"target": -485.2606739764736, "params": {"k_pid_pos": [0.8796787974651378, 0.13576581137527055, 0.711230372654797], "k_pid_alt": [0.9373956966892769, 0.8230576422720901, 0.2670103843612548], "k_pid_att": [7.061196375909729, 4.166604757591332, 0.30967678809405874], "k_pid_yaw": [0.5, 1e-06, 0.1], "k_pid_hsp": [2.1005261899465526, 0.4020248317258437, 0.9201523438949568], "k_pid_vsp": [263.37171385492286, 288.7610204382628, 37.108052520480214]}, "datetime": {"datetime": "2025-08-13 22:10:15", "elapsed": 44543.45489382744, "delta": 32.38075590133667}, "costs": {"total_cost": 485.2606739764736, "time_cost": 112.82600000000001, "final_distance_cost": 1.7884073157264333, "oscillation_cost": 255.6248052437182, "completition_cost": 0.0, "overshoot_cost": 63.01868055576142, "power_cost": 26.576739514160156, "noise_cost": 25.42604134710733, "n_waypoints_completed": 9, "tot_waypoints": 9}}
{"target": -1202.5707533626396, "params": {"k_pid_pos": [0.2205180063203474, 0.7066242031685757, 0.7182540589052244], "k_pid_alt": [0.8775734463741547, 0.06010206318621292, 0.07648535291669878], "k_pid_att": [19.21964052217181, 2.1331665026271254, 0.5690935863391099], "k_pid_yaw": [0.5, 1e-06, 0.1], "k_pid_hsp": [6.453992138606995, 0.8192503690619691, 0.5936812818462347], "k_pid_vsp": [203.30890138998748, 293.1552329425659, 20.77289206948613]}, "datetime": {"datetime": "2025-08-13 22:10:51", "elapsed": 44579.29944944382, "delta": 35.844555616378784}, "costs": {"total_cost": 1202.5707533626396, "time_cost": 150, "final_distance_cost": 52.00380097395268, "oscillation_cost": 353.68276716823846, "completition_cost": 555.5555555555555, "overshoot_cost": 40.50519420892764, "power_cost": 24.278978125000002, "noise_cost": 26.544457330965372, "n_waypoints_completed": 4, "tot_waypoints": 9}}
{"target": -650.2237643098898, "params": {"k_pid_pos": [0.6596686610555853, 0.6700153279668494, 0.6858090981409805], "k_pid_alt": [0.2265577737874933, 0.5285320984241225, 0.9772311675343521], "k_pid_att": [7.889181585562676, 7.155397276393162, 0.5652317034540283], "k_pid_yaw": [0.5, 1e-06, 0.1], "k_pid_hsp": [9.699133051877023, 0.4773993523247655, 0.032215775976563], "k_pid_vsp": [188.6096016385317, 316.2649022620136, 23.844853316472626]}, "datetime": {"datetime": "2025-08-13 22:11:25", "elapsed": 44613.22250556946, "delta": 33.92305612564087}, "costs": {"total_cost": 650.2237643098898, "time_cost": 150, "final_distance_cost": 67.84436950926299, "oscillation_cost": 90.04889889065646, "completition_cost": 222.2222222222222, "overshoot_cost": 56.12253477544067, "power_cost": 32.52445678710938, "noise_cost": 31.46128212519822, "n_waypoints_completed": 7, "tot_waypoints": 9}}
{"target": -492.34333954831277, "params": {"k_pid_pos": [1.8546905010902281, 0.6607094426760193, 0.5683072559859417], "k_pid_alt": [0.538723964344987, 0.24206459514098144, 0.6883039342823889], "k_pid_att": [22.461942213100993, 8.526023293958868, 0.5612025479793139], "k_pid_yaw": [0.5, 1e-06, 0.1], "k_pid_hsp": [9.002279620144515, 0.8943837577440468, 0.19019866722665169], "k_pid_vsp": [107.51212228559082, 360.5703189964662, 58.11917093181587]}, "datetime": {"datetime": "2025-08-13 22:12:00", "elapsed": 44648.31699061394, "delta": 35.09448504447937}, "costs": {"total_cost": 492.34333954831277, "time_cost": 99.883, "final_distance_cost": 1.7909914937630709, "oscillation_cost": 289.13922545925004, "completition_cost": 0.0, "overshoot_cost": 54.76061106558992, "power_cost": 23.686039111328125, "noise_cost": 23.083472418381618, "n_waypoints_completed": 9, "tot_waypoints": 9}}
{"target": -815.5302141016265, "params": {"k_pid_pos": [0.9827867999946893, 0.3682193612636805, 0.4094416938925527], "k_pid_alt": [0.19105423773263808, 0.4630374184768431, 0.2354838212883943], "k_pid_att": [6.874979491087463, 6.331081467821383, 0.4618653326947251], "k_pid_yaw": [0.5, 1e-06, 0.1], "k_pid_hsp": [2.848048354449629, 0.27285928907563195, 0.6017486373351509], "k_pid_vsp": [308.83602750306545, 324.375691220101, 112.43560854809509]}, "datetime": {"datetime": "2025-08-13 22:12:36", "elapsed": 44684.151283979416, "delta": 35.834293365478516}, "costs": {"total_cost": 815.5302141016265, "time_cost": 150, "final_distance_cost": 70.72704322960732, "oscillation_cost": 257.81784709531615, "completition_cost": 222.2222222222222, "overshoot_cost": 58.71280361996883, "power_cost": 28.412074841308595, "noise_cost": 27.638223093203507, "n_waypoints_completed": 7, "tot_waypoints": 9}}
{"target": -892.5029081931546, "params": {"k_pid_pos": [0.6174467045640526, 0.8499537090446366, 0.3688173514159595], "k_pid_alt": [0.5144918624969599, 0.2102183090893064, 0.6132261046223764], "k_pid_att": [19.864060747200107, 4.831943576599301, 0.6622026758240421], "k_pid_yaw": [0.5, 1e-06, 0.1], "k_pid_hsp": [6.786494566072087, 0.5810133261846495, 0.37918901400075766], "k_pid_vsp": [312.4448879322954, 328.48946911504663, 104.3648106327759]}, "datetime": {"datetime": "2025-08-13 22:13:09", "elapsed": 44717.4387178421, "delta": 33.28743386268616}, "costs": {"total_cost": 892.5029081931546, "time_cost": 150, "final_distance_cost": 65.01725537237053, "oscillation_cost": 332.14967570086463, "completition_cost": 222.2222222222222, "overshoot_cost": 50.07063924918083, "power_cost": 40.81655657958984, "noise_cost": 32.22655906892644, "n_waypoints_completed": 7, "tot_waypoints": 9}}
{"target": -364.7734940736715, "params": {"k_pid_pos": [1.1220228672140649, 0.44448389916335396, 0.4925612898231856], "k_pid_alt": [1.2307127251319623, 0.2841372146921849, 0.2042928009792423], "k_pid_att": [2.2258195666088665, 0.1741941116977087, 0.2672361607486178], "k_pid_yaw": [0.5, 1e-06, 0.1], "k_pid_hsp": [3.6749300129370646, 0.6019186869051559, 0.2080889332350251], "k_pid_vsp": [316.1040590062323, 343.1333570251367, 117.50888227602871]}, "datetime": {"datetime": "2025-08-13 22:13:46", "elapsed": 44754.256428956985, "delta": 36.81771111488342}, "costs": {"total_cost": 364.7734940736715, "time_cost": 108.941, "final_distance_cost": 1.7663383200109268, "oscillation_cost": 142.43598863808563, "completition_cost": 0.0, "overshoot_cost": 57.417563757284206, "power_cost": 28.310457031250003, "noise_cost": 25.902146327040718, "n_waypoints_completed": 9, "tot_waypoints": 9}}
{"target": -438.00517680974787, "params": {"k_pid_pos": [1.5545739884981165, 0.9847966068293963, 0.9995472517344315], "k_pid_alt": [1.1271060292742825, 0.20751810973483886, 0.07299667813654853], "k_pid_att": [13.672908916254823, 3.3880378623183858, 0.8543208665852399], "k_pid_yaw": [0.5, 1e-06, 0.1], "k_pid_hsp": [6.617351420107769, 0.7764325985947668, 0.6597059951768576], "k_pid_vsp": [304.32561857719196, 333.69176952634257, 98.34613325631128]}, "datetime": {"datetime": "2025-08-13 22:14:17", "elapsed": 44785.130670547485, "delta": 30.874241590499878}, "costs": {"total_cost": 438.00517680974787, "time_cost": 98.82600000000001, "final_distance_cost": 1.7599077120706268, "oscillation_cost": 231.51290857944232, "completition_cost": 0.0, "overshoot_cost": 53.94921376268416, "power_cost": 27.904807421875002, "noise_cost": 24.052339333675796, "n_waypoints_completed": 9, "tot_waypoints": 9}}
