{"target": -351.432533634954, "params": {"k_pid_pos": [1.4528788777822383, 0.7955257359530569, 0.6935419261076937], "k_pid_alt": [0.5026249643057998, 0.14199848323213193, 0.06567059275266962], "k_pid_att": [4.206505779423308, 3.030632103248556, 0.6293778858683701], "k_pid_yaw": [0.5, 1e-06, 0.1], "k_pid_hsp": [4.085415495221173, 0.41239655881279247, 0.9009011642310566], "k_pid_vsp": [263.95915497724263, 269.75889885460197, 45.96643635839123]}, "datetime": {"datetime": "2025-08-13 11:31:46", "elapsed": 6234.048949480057, "delta": 41.931960105895996}, "costs": {"total_cost": 351.432533634954, "time_cost": 98.175, "final_distance_cost": 1.731771393624101, "oscillation_cost": 143.6792220035046, "completition_cost": 0.0, "overshoot_cost": 59.48044306186833, "power_cost": 25.268287890625, "noise_cost": 23.097809285331937, "n_waypoints_completed": 9, "tot_waypoints": 9}}
{"target": -916.1440175145442, "params": {"k_pid_pos": [1.8392704864516156, 0.5510621401011422, 0.45091694278039174], "k_pid_alt": [0.3322950415239294, 0.8573988320124021, 0.17984495316980542], "k_pid_att": [51.09065120131725, 1.8087942376696204, 0.03573901445182259], "k_pid_yaw": [0.5, 1e-06, 0.1], "k_pid_hsp": [9.114424558494095, 0.9763082588433973, 0.7329504451880389], "k_pid_vsp": [85.3318364709312, 370.5911791602985, 33.89649633378249]}, "datetime": {"datetime": "2025-08-13 11:32:37", "elapsed": 6285.22118473053, "delta": 51.17223525047302}, "costs": {"total_cost": 916.1440175145442, "time_cost": 150, "final_distance_cost": 78.88810263541171, "oscillation_cost": 344.92639190621867, "completition_cost": 222.2222222222222, "overshoot_cost": 59.30617466596065, "power_cost": 30.67399030761719, "noise_cost": 30.127135777113878, "n_waypoints_completed": 7, "tot_waypoints": 9}}
{"target": -878.8375985902138, "params": {"k_pid_pos": [0.5541904093193154, 0.4496560855203041, 0.24331944550969298], "k_pid_alt": [1.997774174580414, 0.3988657963620722, 0.16169689816646826], "k_pid_att": [5.6602884693787825, 4.297298873513107, 0.054527043878182524], "k_pid_yaw": [0.5, 1e-06, 0.1], "k_pid_hsp": [4.01829836485321, 0.7078235551437415, 0.5957019389197928], "k_pid_vsp": [259.6170170094917, 276.9954363309212, 46.61431237674496]}, "datetime": {"datetime": "2025-08-13 11:33:28", "elapsed": 6336.36497759819, "delta": 51.14379286766052}, "costs": {"total_cost": 878.8375985902138, "time_cost": 150, "final_distance_cost": 71.83669176045412, "oscillation_cost": 323.46863628806557, "completition_cost": 222.2222222222222, "overshoot_cost": 44.8017152263968, "power_cost": 35.3905101928711, "noise_cost": 31.11782290020399, "n_waypoints_completed": 7, "tot_waypoints": 9}}
{"target": -552.3336758993277, "params": {"k_pid_pos": [1.9555576494106397, 0.7867470365358167, 0.9392167765939312], "k_pid_alt": [1.5844760810219778, 0.18801084117271571, 0.5133957493359786], "k_pid_att": [27.076529489486447, 7.095271943635698, 0.9495201246983678], "k_pid_yaw": [0.5, 1e-06, 0.1], "k_pid_hsp": [2.7458948717810228, 0.9120443897390613, 0.6336514974368708], "k_pid_vsp": [151.44177923453643, 11.402901799772097, 16.907275882707182]}, "datetime": {"datetime": "2025-08-13 11:34:20", "elapsed": 6388.346998214722, "delta": 51.98202061653137}, "costs": {"total_cost": 552.3336758993277, "time_cost": 119.553, "final_distance_cost": 1.7691071703496588, "oscillation_cost": 315.56339619828043, "completition_cost": 0.0, "overshoot_cost": 56.327999733232, "power_cost": 30.545318322753907, "noise_cost": 28.574854474711636, "n_waypoints_completed": 9, "tot_waypoints": 9}}
{"target": -1467.319296445555, "params": {"k_pid_pos": [2.0, 1.0, 1.0], "k_pid_alt": [0.0, 0.0, 0.0], "k_pid_att": [47.862515362435936, 4.6332773441054265, 1.0], "k_pid_yaw": [0.5, 1e-06, 0.1], "k_pid_hsp": [5.429484094376755, 0.0, 0.0], "k_pid_vsp": [89.07844113700544, 356.37183076354563, 40.05780839660245]}, "datetime": {"datetime": "2025-08-13 11:35:13", "elapsed": 6441.048016786575, "delta": 52.70101857185364}, "costs": {"total_cost": 1467.319296445555, "time_cost": 150, "final_distance_cost": 1.0, "oscillation_cost": 10.22241842613729, "completition_cost": 1000.0, "overshoot_cost": 163.087425442015, "power_cost": 11.198833215332032, "noise_cost": 131.81061936207053, "n_waypoints_completed": 0, "tot_waypoints": 9}}
{"target": -324.9117886574659, "params": {"k_pid_pos": [0.3873300192090869, 0.03350746947053407, 0.17695571053426495], "k_pid_alt": [1.8546462536368746, 0.12306494534674228, 0.5945148113208071], "k_pid_att": [8.955670727771336, 3.9737246924237284, 0.4508839033498865], "k_pid_yaw": [0.5, 1e-06, 0.1], "k_pid_hsp": [5.2513818041308085, 0.5138955599373075, 0.34014054460814713], "k_pid_vsp": [310.1470800887566, 330.36996221509906, 100.87669124477056]}, "datetime": {"datetime": "2025-08-13 11:35:52", "elapsed": 6480.697008371353, "delta": 39.64899158477783}, "costs": {"total_cost": 324.9117886574659, "time_cost": 92.008, "final_distance_cost": 1.8320409098874513, "oscillation_cost": 135.29036304644936, "completition_cost": 0.0, "overshoot_cost": 54.14810640669208, "power_cost": 20.992924548339843, "noise_cost": 20.640353746097162, "n_waypoints_completed": 9, "tot_waypoints": 9}}
{"target": -381.67325531384233, "params": {"k_pid_pos": [1.9483939808044057, 0.4349338781292733, 0.16065190732644496], "k_pid_alt": [0.3822106183431615, 0.22643970023537952, 0.7063510277615209], "k_pid_att": [7.62811194003945, 5.663967078023773, 0.9136660259312221], "k_pid_yaw": [0.5, 1e-06, 0.1], "k_pid_hsp": [1.2677512015460963, 0.2979203425122273, 0.49826060247951764], "k_pid_vsp": [277.3797159442652, 277.90560787238786, 55.169430227422126]}, "datetime": {"datetime": "2025-08-13 11:36:38", "elapsed": 6526.78959107399, "delta": 46.09258270263672}, "costs": {"total_cost": 381.67325531384233, "time_cost": 108.605, "final_distance_cost": 1.764884702529674, "oscillation_cost": 153.9822564586681, "completition_cost": 0.0, "overshoot_cost": 60.023610292662426, "power_cost": 30.648378283691407, "noise_cost": 26.64912557629075, "n_waypoints_completed": 9, "tot_waypoints": 9}}
{"target": -889.2573612627267, "params": {"k_pid_pos": [1.0121716788104895, 0.23444451889048945, 0.32285833280718723], "k_pid_alt": [0.5883687296836957, 0.835609878197934, 0.6841625300188121], "k_pid_att": [65.0849363687356, 9.335719361414501, 0.07715064954669348], "k_pid_yaw": [0.5, 1e-06, 0.1], "k_pid_hsp": [3.4522036305504513, 0.8377754072481381, 0.3989502239494135], "k_pid_vsp": [89.85758141391975, 358.6503352934296, 45.27998938764887]}, "datetime": {"datetime": "2025-08-13 11:37:29", "elapsed": 6577.6502430438995, "delta": 50.86065196990967}, "costs": {"total_cost": 889.2573612627267, "time_cost": 150, "final_distance_cost": 21.404145682300772, "oscillation_cost": 478.21804551715917, "completition_cost": 111.11111111111116, "overshoot_cost": 64.22976080748398, "power_cost": 36.136242675781254, "noise_cost": 28.158055468890275, "n_waypoints_completed": 8, "tot_waypoints": 9}}
{"target": -457.8560641535739, "params": {"k_pid_pos": [0.9728935529730443, 0.5650820562437419, 0.2190414745618905], "k_pid_alt": [1.9942200089621676, 0.8469951623403845, 0.08378994936121276], "k_pid_att": [13.901396209591166, 3.862686282991441, 0.2747419629772543], "k_pid_yaw": [0.5, 1e-06, 0.1], "k_pid_hsp": [6.54309555255035, 0.10282547090955585, 0.897091387263156], "k_pid_vsp": [295.50874503808035, 332.14742397478346, 95.29621138158271]}, "datetime": {"datetime": "2025-08-13 11:38:12", "elapsed": 6620.172563076019, "delta": 42.52232003211975}, "costs": {"total_cost": 457.8560641535739, "time_cost": 99.75, "final_distance_cost": 1.793579445815949, "oscillation_cost": 257.89274377188246, "completition_cost": 0.0, "overshoot_cost": 54.45011497577538, "power_cost": 21.721906396484375, "noise_cost": 22.24771956361574, "n_waypoints_completed": 9, "tot_waypoints": 9}}
{"target": -741.3569214980445, "params": {"k_pid_pos": [0.39398794614128424, 0.5587796120695919, 0.6405319086807484], "k_pid_alt": [0.6500205872634237, 0.7074213995072284, 0.5972566658314661], "k_pid_att": [2.13391698357569, 5.502888378475759, 0.36845284321112737], "k_pid_yaw": [0.5, 1e-06, 0.1], "k_pid_hsp": [0.2069861903349903, 0.2141731140759624, 0.2684486017155372], "k_pid_vsp": [310.62153533139536, 325.1858618716511, 102.96901200148474]}, "datetime": {"datetime": "2025-08-13 11:39:04", "elapsed": 6672.757435083389, "delta": 52.584872007369995}, "costs": {"total_cost": 741.3569214980445, "time_cost": 150, "final_distance_cost": 72.73504818502201, "oscillation_cost": 180.0632017526792, "completition_cost": 222.2222222222222, "overshoot_cost": 64.19435264831853, "power_cost": 25.807539746093752, "noise_cost": 26.33455694370876, "n_waypoints_completed": 7, "tot_waypoints": 9}}
{"target": -377.1803203429368, "params": {"k_pid_pos": [1.5606345584105752, 0.11387822267510195, 0.025615158421841477], "k_pid_alt": [1.7344232031130489, 0.5211147054863826, 0.3607737044582163], "k_pid_att": [25.22530715042447, 1.6784051793330004, 0.9152261725305586], "k_pid_yaw": [0.5, 1e-06, 0.1], "k_pid_hsp": [4.08083839645899, 0.2562015298996858, 0.945485167073667], "k_pid_vsp": [183.19282913317357, 3.342672988105308, 7.570367530847895]}, "datetime": {"datetime": "2025-08-13 11:39:41", "elapsed": 6709.044326066971, "delta": 36.28689098358154}, "costs": {"total_cost": 377.1803203429368, "time_cost": 82.285, "final_distance_cost": 1.7717546050226645, "oscillation_cost": 197.24164403187567, "completition_cost": 0.0, "overshoot_cost": 55.35596172481513, "power_cost": 18.131180627441406, "noise_cost": 22.394779353781924, "n_waypoints_completed": 9, "tot_waypoints": 9}}
{"target": -237.792373267023, "params": {"k_pid_pos": [1.712648159348793, 0.46076128014296447, 0.6626010375962118], "k_pid_alt": [1.5973060374138488, 0.3239676322226209, 0.36372177081598867], "k_pid_att": [45.761210156378, 1.3851391772866632, 0.9623480756794562], "k_pid_yaw": [0.5, 1e-06, 0.1], "k_pid_hsp": [4.242008874429452, 0.6705339982568334, 0.013472341666584176], "k_pid_vsp": [98.4794009213843, 361.31422086089435, 42.77851293643615]}, "datetime": {"datetime": "2025-08-13 11:40:18", "elapsed": 6746.007678031921, "delta": 36.96335196495056}, "costs": {"total_cost": 237.792373267023, "time_cost": 81.753, "final_distance_cost": 1.743290016311931, "oscillation_cost": 63.773611080114144, "completition_cost": 0.0, "overshoot_cost": 50.476024714941424, "power_cost": 20.39441180419922, "noise_cost": 19.652035651456295, "n_waypoints_completed": 9, "tot_waypoints": 9}}
{"target": -527.9069641496762, "params": {"k_pid_pos": [1.3130990232766953, 0.2450067635051809, 0.1247312008918029], "k_pid_alt": [1.91895890619142, 0.1517862028734156, 0.3031189894677735], "k_pid_att": [10.744580761561961, 4.9770872577736, 0.9527999464591278], "k_pid_yaw": [0.5, 1e-06, 0.1], "k_pid_hsp": [0.18106813524405593, 0.6438178792767635, 0.19182310344505538], "k_pid_vsp": [271.2705387449122, 285.4125113254526, 51.26866641651565]}, "datetime": {"datetime": "2025-08-13 11:41:12", "elapsed": 6800.833924293518, "delta": 54.82624626159668}, "costs": {"total_cost": 527.9069641496762, "time_cost": 150, "final_distance_cost": 2.3253781515004466, "oscillation_cost": 124.54674407160589, "completition_cost": 111.11111111111116, "overshoot_cost": 73.63332168602987, "power_cost": 34.82951770019531, "noise_cost": 31.46089142923354, "n_waypoints_completed": 8, "tot_waypoints": 9}}
{"target": -1165.910439412551, "params": {"k_pid_pos": [0.4615014932617912, 0.5117796124215817, 0.3271361990500109], "k_pid_alt": [0.2698597305154524, 0.0246314112851721, 0.6753788615513998], "k_pid_att": [5.463294622052073, 2.4226028660473164, 0.2229125398015187], "k_pid_yaw": [0.5, 1e-06, 0.1], "k_pid_hsp": [3.2474579138910142, 0.6108405873584682, 0.38205955704385686], "k_pid_vsp": [276.165373693949, 276.4703939086624, 36.21481674408634]}, "datetime": {"datetime": "2025-08-13 11:42:06", "elapsed": 6854.075576305389, "delta": 53.24165201187134}, "costs": {"total_cost": 1165.910439412551, "time_cost": 150, "final_distance_cost": 44.24893449337774, "oscillation_cost": 277.48933939339736, "completition_cost": 555.5555555555555, "overshoot_cost": 45.53747688562403, "power_cost": 45.10621477050781, "noise_cost": 47.97291831408843, "n_waypoints_completed": 4, "tot_waypoints": 9}}
{"target": -569.5349886692699, "params": {"k_pid_pos": [1.740855106853044, 0.024023425326037406, 0.5258217475493765], "k_pid_alt": [1.5634515717305044, 0.638632651491232, 0.8923785622558493], "k_pid_att": [50.838117240983905, 8.416917866105965, 0.9435242802083178], "k_pid_yaw": [0.5, 1e-06, 0.1], "k_pid_hsp": [6.833468733109545, 0.09022257854094451, 0.751524294343747], "k_pid_vsp": [194.61331336600313, 18.50370812982969, 2.806961929671616]}, "datetime": {"datetime": "2025-08-13 11:42:44", "elapsed": 6892.788718700409, "delta": 38.71314239501953}, "costs": {"total_cost": 569.5349886692699, "time_cost": 87.178, "final_distance_cost": 1.7663931098742414, "oscillation_cost": 374.65819278291934, "completition_cost": 0.0, "overshoot_cost": 56.12666228453985, "power_cost": 25.965159729003908, "noise_cost": 23.840580762932643, "n_waypoints_completed": 9, "tot_waypoints": 9}}
{"target": -460.166906716365, "params": {"k_pid_pos": [1.765124680657673, 0.5701927048765085, 0.01744015947451505], "k_pid_alt": [0.8922523015183659, 0.34423821531509935, 0.6785925836480254], "k_pid_att": [32.46380904006359, 4.570048656662673, 0.28811503916478987], "k_pid_yaw": [0.5, 1e-06, 0.1], "k_pid_hsp": [8.671703238507689, 0.9295434297388375, 0.7800056843978497], "k_pid_vsp": [240.44812490629278, 268.9823690462887, 50.51545216342967]}, "datetime": {"datetime": "2025-08-13 11:43:27", "elapsed": 6935.1131455898285, "delta": 42.324426889419556}, "costs": {"total_cost": 460.166906716365, "time_cost": 95.305, "final_distance_cost": 1.7854150864139604, "oscillation_cost": 260.6822586492121, "completition_cost": 0.0, "overshoot_cost": 59.16549168407829, "power_cost": 21.730068774414065, "noise_cost": 21.49867252224658, "n_waypoints_completed": 9, "tot_waypoints": 9}}
{"target": -1097.3824090189987, "params": {"k_pid_pos": [0.3419411617616161, 0.3415666053725509, 0.5506556775661389], "k_pid_alt": [1.44897269326845, 0.2759905609965053, 0.40656419182532977], "k_pid_att": [43.48429377019968, 4.663070753861664, 0.6219960664907852], "k_pid_yaw": [0.5, 1e-06, 0.1], "k_pid_hsp": [8.40840245431171, 0.9964472694742077, 0.42595419811486623], "k_pid_vsp": [83.71883055726745, 343.40093601981073, 50.66846396350929]}, "datetime": {"datetime": "2025-08-13 11:44:19", "elapsed": 6987.808500766754, "delta": 52.69535517692566}, "costs": {"total_cost": 1097.3824090189987, "time_cost": 150, "final_distance_cost": 63.994536228446144, "oscillation_cost": 547.915304905889, "completition_cost": 222.2222222222222, "overshoot_cost": 47.719288971357074, "power_cost": 36.447775146484375, "noise_cost": 29.083281544599995, "n_waypoints_completed": 7, "tot_waypoints": 9}}
{"target": -1157.763186130984, "params": {"k_pid_pos": [0.10930525314547437, 0.6767801551228663, 0.12276742256111028], "k_pid_alt": [1.3492571684065096, 0.8043769826473735, 0.571258892666344], "k_pid_att": [60.951013374210184, 9.858871274368536, 0.7907563866057383], "k_pid_yaw": [0.5, 1e-06, 0.1], "k_pid_hsp": [4.822167038763415, 0.40369183437770706, 0.22427298609871482], "k_pid_vsp": [74.59883890009395, 361.93071265580056, 42.144830237861626]}, "datetime": {"datetime": "2025-08-13 11:45:12", "elapsed": 7040.637405157089, "delta": 52.82890439033508}, "costs": {"total_cost": 1157.763186130984, "time_cost": 150, "final_distance_cost": 38.89553035997951, "oscillation_cost": 289.0019262111141, "completition_cost": 555.5555555555555, "overshoot_cost": 53.47517631567799, "power_cost": 39.43342733154297, "noise_cost": 31.401570357113826, "n_waypoints_completed": 4, "tot_waypoints": 9}}
{"target": -1392.6712688794332, "params": {"k_pid_pos": [0.07211320635145299, 0.20401537389956104, 0.8620803624787093], "k_pid_alt": [0.928782676307581, 0.4394315664443815, 0.8669797310275779], "k_pid_att": [14.493216297693046, 4.913587349525324, 0.829030190290336], "k_pid_yaw": [0.5, 1e-06, 0.1], "k_pid_hsp": [2.4447337182778153, 0.6004380576336004, 0.9250271530957581], "k_pid_vsp": [161.39579380285366, 15.090382108626796, 10.434990092529636]}, "datetime": {"datetime": "2025-08-13 11:46:04", "elapsed": 7092.767468214035, "delta": 52.1300630569458}, "costs": {"total_cost": 1392.6712688794332, "time_cost": 150, "final_distance_cost": 73.43664260359247, "oscillation_cost": 377.0088360815292, "completition_cost": 666.6666666666667, "overshoot_cost": 61.96397871401504, "power_cost": 32.91020791015625, "noise_cost": 30.684936903473517, "n_waypoints_completed": 3, "tot_waypoints": 9}}
{"target": -671.0616820257925, "params": {"k_pid_pos": [0.5194540943838869, 0.6347632757499131, 0.27552962730231323], "k_pid_alt": [0.5864750945463346, 0.4481904488194508, 0.312555971118902], "k_pid_att": [10.976733131986627, 7.258175516211737, 0.7164885045168135], "k_pid_yaw": [0.5, 1e-06, 0.1], "k_pid_hsp": [9.788146133820764, 0.17256730712280455, 0.5828863539154989], "k_pid_vsp": [270.4248993980758, 280.4406403618213, 46.41089970482762]}, "datetime": {"datetime": "2025-08-13 11:46:56", "elapsed": 7144.768189430237, "delta": 52.00072121620178}, "costs": {"total_cost": 671.0616820257925, "time_cost": 150, "final_distance_cost": 64.65489341113704, "oscillation_cost": 235.890936834324, "completition_cost": 111.11111111111116, "overshoot_cost": 53.71225097047694, "power_cost": 27.887540368652346, "noise_cost": 27.804949330090935, "n_waypoints_completed": 8, "tot_waypoints": 9}}
{"target": -693.6552941546332, "params": {"k_pid_pos": [1.1138114661322673, 0.3979851608299755, 0.8115208743173027], "k_pid_alt": [1.1054253269880543, 0.3489032046043614, 0.9177882436870238], "k_pid_att": [20.688274976976384, 4.077465192215896, 0.030820945815909218], "k_pid_yaw": [0.5, 1e-06, 0.1], "k_pid_hsp": [6.2445885958737835, 0.12014750477148117, 0.4232828221221129], "k_pid_vsp": [306.91330022328714, 324.7771789645002, 103.18764995471739]}, "datetime": {"datetime": "2025-08-13 11:47:42", "elapsed": 7190.803664445877, "delta": 46.03547501564026}, "costs": {"total_cost": 693.6552941546332, "time_cost": 105.833, "final_distance_cost": 1.7571278060697315, "oscillation_cost": 465.27870506714453, "completition_cost": 0.0, "overshoot_cost": 57.3467229280888, "power_cost": 34.28681419677734, "noise_cost": 29.1529241565529, "n_waypoints_completed": 9, "tot_waypoints": 9}}
{"target": -488.0342725802571, "params": {"k_pid_pos": [1.7611005536612785, 0.609478062187117, 0.9361160766685634], "k_pid_alt": [1.8361273246225311, 0.1501710623944017, 0.9800203733008614], "k_pid_att": [15.782391180065058, 3.230850592423912, 0.45383676154640185], "k_pid_yaw": [0.5, 1e-06, 0.1], "k_pid_hsp": [8.854489424154371, 0.14278545938090292, 0.10760703076324252], "k_pid_vsp": [162.4233930130733, 21.771829566555887, 8.541932146958738]}, "datetime": {"datetime": "2025-08-13 11:48:28", "elapsed": 7236.710086345673, "delta": 45.90642189979553}, "costs": {"total_cost": 488.0342725802571, "time_cost": 103.775, "final_distance_cost": 1.7656013776568196, "oscillation_cost": 275.013633714957, "completition_cost": 0.0, "overshoot_cost": 54.12093242613867, "power_cost": 25.005281188964844, "noise_cost": 28.353823872539802, "n_waypoints_completed": 9, "tot_waypoints": 9}}
{"target": -476.66326716739894, "params": {"k_pid_pos": [0.8519417688021109, 0.07048590060574733, 0.6324789009575231], "k_pid_alt": [1.019342383240486, 0.5957276328761267, 0.37776958241940994], "k_pid_att": [17.279324072657953, 4.443785254720854, 0.49504008836490443], "k_pid_yaw": [0.5, 1e-06, 0.1], "k_pid_hsp": [7.435658141942267, 0.8756746782848193, 0.5006315731599854], "k_pid_vsp": [303.80325376487826, 313.7508757873363, 106.61022281141808]}, "datetime": {"datetime": "2025-08-13 11:49:06", "elapsed": 7274.010601043701, "delta": 37.300514698028564}, "costs": {"total_cost": 476.66326716739894, "time_cost": 84.658, "final_distance_cost": 1.788795177891753, "oscillation_cost": 290.0939993123024, "completition_cost": 0.0, "overshoot_cost": 54.49989711504488, "power_cost": 24.073389697265625, "noise_cost": 21.549185864894277, "n_waypoints_completed": 9, "tot_waypoints": 9}}
{"target": -1200.5891994453573, "params": {"k_pid_pos": [0.16105316585431365, 0.6162018280074104, 0.09091068896831778], "k_pid_alt": [0.3523901570911403, 0.27782719913851894, 0.018858701054929927], "k_pid_att": [27.68146667211411, 6.26918377018712, 0.738009763339862], "k_pid_yaw": [0.5, 1e-06, 0.1], "k_pid_hsp": [7.93910873672353, 0.08918875520986413, 0.534802796298972], "k_pid_vsp": [172.89331532427585, 24.12238746166897, 8.601662855678764]}, "datetime": {"datetime": "2025-08-13 11:49:58", "elapsed": 7326.462858438492, "delta": 52.45225739479065}, "costs": {"total_cost": 1200.5891994453573, "time_cost": 150, "final_distance_cost": 50.283930671539586, "oscillation_cost": 329.6381834050417, "completition_cost": 555.5555555555555, "overshoot_cost": 46.02271735013173, "power_cost": 34.489789562988285, "noise_cost": 34.59902290010045, "n_waypoints_completed": 4, "tot_waypoints": 9}}
{"target": -1098.0397671138157, "params": {"k_pid_pos": [0.09559831029890732, 0.9242195185956937, 0.48906558753328566], "k_pid_alt": [1.9223902418498144, 0.06385119704913, 0.6089091790763584], "k_pid_att": [6.464381316415546, 1.2540818570548256, 0.6281588482234832], "k_pid_yaw": [0.5, 1e-06, 0.1], "k_pid_hsp": [1.7437788829781742, 0.19415700212783493, 0.09433732862344757], "k_pid_vsp": [294.8757058533031, 340.57347479622786, 109.94178095510195]}, "datetime": {"datetime": "2025-08-13 11:50:52", "elapsed": 7380.897303581238, "delta": 54.43444514274597}, "costs": {"total_cost": 1098.0397671138157, "time_cost": 150, "final_distance_cost": 52.77479475111749, "oscillation_cost": 107.79724722305741, "completition_cost": 666.6666666666667, "overshoot_cost": 47.302382433288976, "power_cost": 41.76203513183594, "noise_cost": 31.73664090784912, "n_waypoints_completed": 3, "tot_waypoints": 9}}
