{"target": -1071.8213050705542, "params": {"k_pid_pos": [0.861539799904978, 0.04866851715352849, 0.249399270918938], "k_pid_alt": [1.9134820009873315, 0.39101344990985376, 0.30083000526271464], "k_pid_att": [46.50722756336103, 5.460896175501028, 0.29986727120458456], "k_pid_yaw": [0.5, 1e-06, 0.1], "k_pid_hsp": [0.3005185216094718, 0.9922498966041169, 0.7498638971049628], "k_pid_vsp": [90.90836506285495, 363.93200548951967, 45.920442126632736]}, "datetime": {"datetime": "2025-08-13 10:34:44", "elapsed": 2812.1274950504303, "delta": 37.11190938949585}, "costs": {"total_cost": 1071.8213050705542, "time_cost": 150, "final_distance_cost": 53.76267568408905, "oscillation_cost": 382.4257232247201, "completition_cost": 333.33333333333337, "overshoot_cost": 85.9857461540186, "power_cost": 36.64338016357422, "noise_cost": 29.670446510818927, "n_waypoints_completed": 6, "tot_waypoints": 9}}
{"target": -658.7268507101979, "params": {"k_pid_pos": [1.0279088417528122, 0.6548477916719289, 0.47905530539636176], "k_pid_alt": [1.7166817679590272, 0.8970882580034809, 0.9898467572927097], "k_pid_att": [16.503885627689762, 5.386800663058976, 0.31429985053101117], "k_pid_yaw": [0.5, 1e-06, 0.1], "k_pid_hsp": [3.9431518119062314, 0.43343618493090097, 0.535234543308932], "k_pid_vsp": [298.0270605745248, 332.84315713882035, 101.15349217404246]}, "datetime": {"datetime": "2025-08-13 10:35:23", "elapsed": 2851.222661972046, "delta": 39.0951669216156}, "costs": {"total_cost": 658.7268507101979, "time_cost": 119.77, "final_distance_cost": 1.7644816913877122, "oscillation_cost": 401.26210013588155, "completition_cost": 0.0, "overshoot_cost": 60.71498452222149, "power_cost": 41.72117044677734, "noise_cost": 33.49411391392986, "n_waypoints_completed": 9, "tot_waypoints": 9}}
{"target": -1001.8177210681563, "params": {"k_pid_pos": [1.552972605005683, 0.9152911930147101, 0.7977422589968917], "k_pid_alt": [0.6089309707486446, 0.25986820607748207, 0.2553874694265481], "k_pid_att": [50.19296543230536, 9.152404041900326, 0.1624514349957703], "k_pid_yaw": [0.5, 1e-06, 0.1], "k_pid_hsp": [1.8618367455486755, 0.2659793216140557, 0.9181955543791276], "k_pid_vsp": [95.12697484725798, 356.157190604978, 26.951264239931568]}, "datetime": {"datetime": "2025-08-13 10:36:15", "elapsed": 2903.248895406723, "delta": 52.026233434677124}, "costs": {"total_cost": 1001.8177210681563, "time_cost": 150, "final_distance_cost": 58.84819057742013, "oscillation_cost": 451.23368336585145, "completition_cost": 222.2222222222222, "overshoot_cost": 64.14790861109509, "power_cost": 27.998407238769534, "noise_cost": 27.367309052797896, "n_waypoints_completed": 7, "tot_waypoints": 9}}
{"target": -883.2716216374745, "params": {"k_pid_pos": [0.32300141606580346, 0.24130527038508676, 0.8588707488863194], "k_pid_alt": [1.4267506100536749, 0.40530477736452586, 0.13028136828131642], "k_pid_att": [8.608362547589143, 4.45928596489613, 0.43562215213682876], "k_pid_yaw": [0.5, 1e-06, 0.1], "k_pid_hsp": [8.89992101321345, 0.1021115511238978, 0.6901296386016444], "k_pid_vsp": [286.06923355289473, 343.48433895718944, 107.83943398774153]}, "datetime": {"datetime": "2025-08-13 10:37:08", "elapsed": 2956.2214303016663, "delta": 52.97253489494324}, "costs": {"total_cost": 883.2716216374745, "time_cost": 150, "final_distance_cost": 69.97663473611799, "oscillation_cost": 330.7163901236357, "completition_cost": 222.2222222222222, "overshoot_cost": 51.98247566700254, "power_cost": 30.979775927734376, "noise_cost": 27.39412296076174, "n_waypoints_completed": 7, "tot_waypoints": 9}}
{"target": -486.0225039757203, "params": {"k_pid_pos": [1.9262211134835936, 0.4679791805829996, 0.19419151320152606], "k_pid_alt": [1.2900660969971842, 0.2529048731611926, 0.6165387930064814], "k_pid_att": [51.745277556397085, 7.569628831433249, 0.8542314909485315], "k_pid_yaw": [0.5, 1e-06, 0.1], "k_pid_hsp": [1.022054328756223, 0.26158116069283355, 0.04642757926381025], "k_pid_vsp": [85.9784177350198, 358.96210107564787, 38.245667250438515]}, "datetime": {"datetime": "2025-08-13 10:38:01", "elapsed": 3009.0165877342224, "delta": 52.79515743255615}, "costs": {"total_cost": 486.0225039757203, "time_cost": 150, "final_distance_cost": 6.375146556557342, "oscillation_cost": 100.26407441885745, "completition_cost": 111.11111111111116, "overshoot_cost": 59.76168334903366, "power_cost": 29.878102160644534, "noise_cost": 28.63238637951624, "n_waypoints_completed": 8, "tot_waypoints": 9}}
{"target": -1922.3751342364583, "params": {"k_pid_pos": [0.09531739736997372, 0.052986376333783336, 0.9931207458862013], "k_pid_alt": [1.4672534921288314, 0.7090036650416506, 0.36309637893804436], "k_pid_att": [59.840476272335174, 3.625863563957939, 0.6438420101707878], "k_pid_yaw": [0.5, 1e-06, 0.1], "k_pid_hsp": [3.78420060956222, 0.21995254960916566, 0.9464571012177384], "k_pid_vsp": [87.6332457792146, 351.56236391388876, 39.11495692964339]}, "datetime": {"datetime": "2025-08-13 10:38:52", "elapsed": 3060.5120763778687, "delta": 51.49548864364624}, "costs": {"total_cost": 1922.3751342364583, "time_cost": 150, "final_distance_cost": 87.0316439922617, "oscillation_cost": 784.2421599476498, "completition_cost": 777.7777777777778, "overshoot_cost": 65.07779574992169, "power_cost": 31.65102371826172, "noise_cost": 26.59473305058563, "n_waypoints_completed": 2, "tot_waypoints": 9}}
{"target": -264.362019546801, "params": {"k_pid_pos": [0.7596013727682331, 0.027970443646550658, 0.03522091200360722], "k_pid_alt": [0.4196537380753915, 0.5546546657654223, 0.8412157568536346], "k_pid_att": [17.72239249830132, 1.7881152471650341, 0.9967029456894477], "k_pid_yaw": [0.5, 1e-06, 0.1], "k_pid_hsp": [4.28665439921976, 0.9456384847478297, 0.09443517524396872], "k_pid_vsp": [166.81177857382963, 15.097824424080574, 10.856009143759069]}, "datetime": {"datetime": "2025-08-13 10:39:31", "elapsed": 3099.583981990814, "delta": 39.07190561294556}, "costs": {"total_cost": 264.362019546801, "time_cost": 88.375, "final_distance_cost": 1.8001349357237044, "oscillation_cost": 69.51620987975835, "completition_cost": 0.0, "overshoot_cost": 57.91469982201164, "power_cost": 22.897843579101565, "noise_cost": 23.858131330205687, "n_waypoints_completed": 9, "tot_waypoints": 9}}
{"target": -1483.044360423998, "params": {"k_pid_pos": [1.3347439635185454, 0.17453129181879468, 0.14751109419890784], "k_pid_alt": [0.8603662658270168, 0.2566749197475766, 0.5953788748191696], "k_pid_att": [48.89930134741643, 0.8441652195113801, 0.8757099850823402], "k_pid_yaw": [0.5, 1e-06, 0.1], "k_pid_hsp": [0.788712669798255, 0.2482274084305367, 0.5438412337269382], "k_pid_vsp": [201.86737262937973, 22.034407513675195, 5.56117083259911]}, "datetime": {"datetime": "2025-08-13 10:40:23", "elapsed": 3151.250697851181, "delta": 51.66671586036682}, "costs": {"total_cost": 1483.044360423998, "time_cost": 150, "final_distance_cost": 42.82571268569663, "oscillation_cost": 727.9695983382413, "completition_cost": 444.4444444444444, "overshoot_cost": 66.69909512463698, "power_cost": 23.316763415527344, "noise_cost": 27.78874641545138, "n_waypoints_completed": 5, "tot_waypoints": 9}}
{"target": -322.04171763923415, "params": {"k_pid_pos": [1.5445935250109082, 0.4430700448085848, 0.7589777998209893], "k_pid_alt": [0.8512570401380761, 0.41620108931864674, 0.6558632155288351], "k_pid_att": [5.53604781243785, 7.755361656567024, 0.47594180492927063], "k_pid_yaw": [0.5, 1e-06, 0.1], "k_pid_hsp": [2.836047356080154, 0.9311443818772618, 0.12361015659701213], "k_pid_vsp": [264.7954470010248, 279.0685213086535, 44.42642477560729]}, "datetime": {"datetime": "2025-08-13 10:41:03", "elapsed": 3191.224153280258, "delta": 39.97345542907715}, "costs": {"total_cost": 322.04171763923415, "time_cost": 91.672, "final_distance_cost": 1.7863782134634099, "oscillation_cost": 130.81283462596232, "completition_cost": 0.0, "overshoot_cost": 53.51001838850694, "power_cost": 22.210012145996096, "noise_cost": 22.05047426530539, "n_waypoints_completed": 9, "tot_waypoints": 9}}
{"target": -1598.9372029985525, "params": {"k_pid_pos": [0.2222728677056381, 0.3617383378634328, 0.2496586449775572], "k_pid_alt": [0.2843080225873258, 0.9641427270385239, 0.6150844704185103], "k_pid_att": [16.054461599812562, 1.5248756583182668, 0.05802376575548218], "k_pid_yaw": [0.5, 1e-06, 0.1], "k_pid_hsp": [1.6369357933070918, 0.8225307487066179, 0.801350946281309], "k_pid_vsp": [192.51696588012908, 10.496393219556921, 0.6806150884352644]}, "datetime": {"datetime": "2025-08-13 10:41:55", "elapsed": 3243.5123903751373, "delta": 52.28823709487915}, "costs": {"total_cost": 1598.9372029985525, "time_cost": 150, "final_distance_cost": 84.88893019161134, "oscillation_cost": 479.3726398165007, "completition_cost": 777.7777777777778, "overshoot_cost": 49.843775329749526, "power_cost": 26.34858868408203, "noise_cost": 30.705491198831247, "n_waypoints_completed": 2, "tot_waypoints": 9}}
{"target": -1626.1516630754918, "params": {"k_pid_pos": [1.173448598583262, 0.33376406622502686, 0.05020672831361617], "k_pid_alt": [0.9856753831420295, 0.10342788761517863, 0.932003655139924], "k_pid_att": [1.4944069618476385, 4.447790938276512, 0.8932666550943467], "k_pid_yaw": [0.5, 1e-06, 0.1], "k_pid_hsp": [8.656488074533701, 0.8758148982522654, 0.24257670779327034], "k_pid_vsp": [165.06352794002973, 11.496769622645324, 8.879239040078676]}, "datetime": {"datetime": "2025-08-13 10:42:49", "elapsed": 3297.386291742325, "delta": 53.8739013671875}, "costs": {"total_cost": 1626.1516630754918, "time_cost": 150, "final_distance_cost": 63.187466218845515, "oscillation_cost": 353.6411428343368, "completition_cost": 888.8888888888888, "overshoot_cost": 73.85157884011433, "power_cost": 50.33216066894531, "noise_cost": 46.250425624361, "n_waypoints_completed": 1, "tot_waypoints": 9}}
{"target": -3453.4714092182303, "params": {"k_pid_pos": [0.34062340545190517, 0.9225880313578643, 0.08342744649073153], "k_pid_alt": [1.5319410330510643, 0.13891639484407003, 0.04027477827003134], "k_pid_att": [0.28558540095561247, 2.6212264673741568, 0.7134329572970368], "k_pid_yaw": [0.5, 1e-06, 0.1], "k_pid_hsp": [3.2341882684976935, 0.2702315148977511, 0.24121674373572732], "k_pid_vsp": [269.91716568019865, 271.92139754414956, 53.192698292414704]}, "datetime": {"datetime": "2025-08-13 10:43:42", "elapsed": 3350.6146206855774, "delta": 53.22832894325256}, "costs": {"total_cost": 3453.4714092182303, "time_cost": 150, "final_distance_cost": 415.4695445276692, "oscillation_cost": 1077.0575136190696, "completition_cost": 1000.0, "overshoot_cost": 606.7425085851038, "power_cost": 56.53367462158204, "noise_cost": 147.6681678648054, "n_waypoints_completed": 0, "tot_waypoints": 9}}
{"target": -512.8066681166782, "params": {"k_pid_pos": [0.8846894990785726, 0.6211629576991728, 0.24335236368823654], "k_pid_alt": [1.5049322299828924, 0.14501045194184958, 0.20352778954593287], "k_pid_att": [23.178708382682668, 5.053953529336861, 0.8669421100918576], "k_pid_yaw": [0.5, 1e-06, 0.1], "k_pid_hsp": [6.904033731121178, 0.5374326750874387, 0.4887470427783994], "k_pid_vsp": [173.73182374062463, 27.052399788458036, 3.5457559081467807]}, "datetime": {"datetime": "2025-08-13 10:44:30", "elapsed": 3398.8316643238068, "delta": 48.21704363822937}, "costs": {"total_cost": 512.8066681166782, "time_cost": 108.535, "final_distance_cost": 1.7337427238014689, "oscillation_cost": 286.5767039694361, "completition_cost": 0.0, "overshoot_cost": 54.55124617020507, "power_cost": 30.490874926757815, "noise_cost": 30.9191003264778, "n_waypoints_completed": 9, "tot_waypoints": 9}}
{"target": -1747.554194139504, "params": {"k_pid_pos": [1.4026702066874233, 0.5206919560950238, 0.9659019880722493], "k_pid_alt": [0.15552888613316962, 0.8335748608930651, 0.18656696582852828], "k_pid_att": [7.661990441374078, 0.8344345984671275, 0.012202683566127193], "k_pid_yaw": [0.5, 1e-06, 0.1], "k_pid_hsp": [0.20352020119435837, 0.28494670831371105, 0.28098542193842824], "k_pid_vsp": [261.0923507119286, 287.4654216565763, 47.78607846079126]}, "datetime": {"datetime": "2025-08-13 10:45:22", "elapsed": 3450.9328560829163, "delta": 52.1011917591095}, "costs": {"total_cost": 1747.554194139504, "time_cost": 150, "final_distance_cost": 79.670374370167, "oscillation_cost": 507.8899541000297, "completition_cost": 888.8888888888888, "overshoot_cost": 50.00934189639387, "power_cost": 39.338943444824224, "noise_cost": 31.756691439200242, "n_waypoints_completed": 1, "tot_waypoints": 9}}
{"target": -674.4445189247916, "params": {"k_pid_pos": [1.5642002801434236, 0.2746966623345032, 0.823654318902844], "k_pid_alt": [0.7180828805045396, 0.530239354771506, 0.03408373240165552], "k_pid_att": [50.39922097078985, 3.556620421429118, 0.5082043020117084], "k_pid_yaw": [0.5, 1e-06, 0.1], "k_pid_hsp": [9.106348063356766, 0.34287566945627235, 0.1323980373740402], "k_pid_vsp": [187.60929637470468, 12.767876882798994, 6.637209889215723]}, "datetime": {"datetime": "2025-08-13 10:46:05", "elapsed": 3493.7937517166138, "delta": 42.86089563369751}, "costs": {"total_cost": 674.4445189247916, "time_cost": 100.191, "final_distance_cost": 1.7820509375861453, "oscillation_cost": 468.43733514206656, "completition_cost": 0.0, "overshoot_cost": 56.21536160454582, "power_cost": 22.827832141113284, "noise_cost": 24.990939099479906, "n_waypoints_completed": 9, "tot_waypoints": 9}}
{"target": -243.09579756770717, "params": {"k_pid_pos": [1.4523604985621936, 0.2184764200868229, 0.11849943008372055], "k_pid_alt": [0.7579738902219351, 0.33125974802410063, 0.14587193994336178], "k_pid_att": [14.153874089895869, 5.714644402907064, 0.4837831691612404], "k_pid_yaw": [0.5, 1e-06, 0.1], "k_pid_hsp": [3.7306016422376587, 0.3983172729558948, 0.013086474559255934], "k_pid_vsp": [164.83756476329097, 25.251739169662088, 6.067640070506926]}, "datetime": {"datetime": "2025-08-13 10:46:43", "elapsed": 3531.221624135971, "delta": 37.4278724193573}, "costs": {"total_cost": 243.09579756770717, "time_cost": 84.063, "final_distance_cost": 1.7373844388117203, "oscillation_cost": 59.55050761009938, "completition_cost": 0.0, "overshoot_cost": 52.831608414960414, "power_cost": 20.149379895019532, "noise_cost": 24.7639172088161, "n_waypoints_completed": 9, "tot_waypoints": 9}}
{"target": -982.1030548350284, "params": {"k_pid_pos": [1.2694681456004258, 0.7351985550674063, 0.8488709704670643], "k_pid_alt": [0.9817662500069704, 0.1093916075234258, 0.7915819648424985], "k_pid_att": [69.94060793539477, 1.6837201739167253, 0.8525977788952915], "k_pid_yaw": [0.5, 1e-06, 0.1], "k_pid_hsp": [1.92807007076917, 0.5878940450852107, 0.8532067661199463], "k_pid_vsp": [73.86787220707505, 355.1258108735731, 47.57300554643478]}, "datetime": {"datetime": "2025-08-13 10:47:38", "elapsed": 3586.2680830955505, "delta": 55.04645895957947}, "costs": {"total_cost": 982.1030548350284, "time_cost": 150, "final_distance_cost": 77.5964664234261, "oscillation_cost": 308.14480257972605, "completition_cost": 333.33333333333337, "overshoot_cost": 53.74879613323603, "power_cost": 31.78422890625, "noise_cost": 27.495427459056792, "n_waypoints_completed": 6, "tot_waypoints": 9}}
{"target": -315.4343955708679, "params": {"k_pid_pos": [1.50083423926905, 0.8962914100729386, 0.6742849146626384], "k_pid_alt": [1.1357096638406403, 0.5818070378322533, 0.9034024686458939], "k_pid_att": [12.179482567036438, 4.390638590332361, 0.687831905274687], "k_pid_yaw": [0.5, 1e-06, 0.1], "k_pid_hsp": [8.677418024708736, 0.37317809656970824, 0.242560020279597], "k_pid_vsp": [255.0814236985929, 280.1560184962333, 48.419526287878874]}, "datetime": {"datetime": "2025-08-13 10:48:15", "elapsed": 3623.7552490234375, "delta": 37.48716592788696}, "costs": {"total_cost": 315.4343955708679, "time_cost": 83.636, "final_distance_cost": 1.760248817934651, "oscillation_cost": 138.83680773793694, "completition_cost": 0.0, "overshoot_cost": 50.85930346802893, "power_cost": 20.651232165527343, "noise_cost": 19.690803381439995, "n_waypoints_completed": 9, "tot_waypoints": 9}}
{"target": -460.76570950795815, "params": {"k_pid_pos": [1.8301888377567752, 0.07330548555053185, 0.5899818850505096], "k_pid_alt": [1.6206557572255627, 0.25040877942806206, 0.2550440680886623], "k_pid_att": [9.312578208918998, 0.2318482003615836, 0.13849117745806216], "k_pid_yaw": [0.5, 1e-06, 0.1], "k_pid_hsp": [4.082753465298212, 0.5398922738488495, 0.35360147242882], "k_pid_vsp": [303.81391758347024, 328.6685239624634, 105.01643413934333]}, "datetime": {"datetime": "2025-08-13 10:48:56", "elapsed": 3664.8530864715576, "delta": 41.09783744812012}, "costs": {"total_cost": 460.76570950795815, "time_cost": 92.72200000000001, "final_distance_cost": 1.785981803564626, "oscillation_cost": 257.46467060911954, "completition_cost": 0.0, "overshoot_cost": 53.808713823592065, "power_cost": 30.08866667480469, "noise_cost": 24.895676596877216, "n_waypoints_completed": 9, "tot_waypoints": 9}}
{"target": -919.2132244250344, "params": {"k_pid_pos": [1.0001933846812687, 0.9334545102352624, 0.6055566859853964], "k_pid_alt": [1.2403429892711435, 0.5284467374392683, 0.49839305839338344], "k_pid_att": [16.74888693945754, 2.4158673893966833, 0.7082382987081401], "k_pid_yaw": [0.5, 1e-06, 0.1], "k_pid_hsp": [0.8867131427727479, 0.3042949968082358, 0.9687576400071907], "k_pid_vsp": [259.0488112787699, 273.6430571045543, 51.35921367167706]}, "datetime": {"datetime": "2025-08-13 10:49:50", "elapsed": 3718.227886915207, "delta": 53.37480044364929}, "costs": {"total_cost": 919.2132244250344, "time_cost": 150, "final_distance_cost": 76.39337400040658, "oscillation_cost": 347.6254975922559, "completition_cost": 222.2222222222222, "overshoot_cost": 59.73825633559942, "power_cost": 33.7795544921875, "noise_cost": 29.454319782362838, "n_waypoints_completed": 7, "tot_waypoints": 9}}
{"target": -482.05968120707894, "params": {"k_pid_pos": [1.4854355129521952, 0.3026912642462586, 0.4699194783877545], "k_pid_alt": [1.1328650025677371, 0.3009320107857265, 0.07148183011547993], "k_pid_att": [51.9702684340945, 7.695199733880438, 0.8257503127751611], "k_pid_yaw": [0.5, 1e-06, 0.1], "k_pid_hsp": [7.4690400680702345, 0.4183275767577692, 0.12466250666583978], "k_pid_vsp": [186.3279351026565, 16.029305993887476, 1.3067121565624544]}, "datetime": {"datetime": "2025-08-13 10:50:29", "elapsed": 3756.97003364563, "delta": 38.742146730422974}, "costs": {"total_cost": 482.05968120707894, "time_cost": 86.59, "final_distance_cost": 1.7877285667835425, "oscillation_cost": 292.838925817878, "completition_cost": 0.0, "overshoot_cost": 52.93887415553726, "power_cost": 24.572543615722658, "noise_cost": 23.33160905115746, "n_waypoints_completed": 9, "tot_waypoints": 9}}
{"target": -484.3424184360713, "params": {"k_pid_pos": [1.7897310857842872, 0.2069335979146244, 0.25769602881737286], "k_pid_alt": [0.665056080730303, 0.06019566778052343, 0.8571657433814343], "k_pid_att": [15.713559843776236, 5.9027237574138685, 0.37552230006208054], "k_pid_yaw": [0.5, 1e-06, 0.1], "k_pid_hsp": [4.224406651211897, 0.850908580564581, 0.5811695331888487], "k_pid_vsp": [158.26781743432238, 24.66934261445156, 2.9489639719822005]}, "datetime": {"datetime": "2025-08-13 10:51:12", "elapsed": 3799.980118751526, "delta": 43.010085105895996}, "costs": {"total_cost": 484.3424184360713, "time_cost": 97.769, "final_distance_cost": 1.7667874530541336, "oscillation_cost": 280.83014547932163, "completition_cost": 0.0, "overshoot_cost": 52.86556592140598, "power_cost": 23.44914168701172, "noise_cost": 27.66177789527788, "n_waypoints_completed": 9, "tot_waypoints": 9}}
{"target": -794.520804860396, "params": {"k_pid_pos": [0.7246772912882192, 0.10734565972997479, 0.9708195031618579], "k_pid_alt": [1.769244879658672, 0.4917142642411587, 0.7454295258794551], "k_pid_att": [45.64938832729191, 8.283958574837099, 0.49355152082852216], "k_pid_yaw": [0.5, 1e-06, 0.1], "k_pid_hsp": [4.3823456420639335, 0.1740338386309127, 0.9523726994853429], "k_pid_vsp": [91.27157906378338, 348.58869736894803, 50.490124346055055]}, "datetime": {"datetime": "2025-08-13 10:52:00", "elapsed": 3848.1651253700256, "delta": 48.185006618499756}, "costs": {"total_cost": 794.520804860396, "time_cost": 109.221, "final_distance_cost": 1.7790341805042467, "oscillation_cost": 570.606538692001, "completition_cost": 0.0, "overshoot_cost": 57.19987018978301, "power_cost": 29.893130859375002, "noise_cost": 25.82123093873273, "n_waypoints_completed": 9, "tot_waypoints": 9}}
{"target": -430.86559132099075, "params": {"k_pid_pos": [0.7978290566242489, 0.6936820484338065, 0.7992046485154942], "k_pid_alt": [1.3653475991645987, 0.04430272745328123, 0.11308472273744852], "k_pid_att": [8.528785388145932, 1.2746362787606624, 0.245716684935264], "k_pid_yaw": [0.5, 1e-06, 0.1], "k_pid_hsp": [7.92004486174577, 0.5416786509996062, 0.7503914215927092], "k_pid_vsp": [311.17515426395266, 321.1195712576969, 104.67975918737869]}, "datetime": {"datetime": "2025-08-13 10:52:46", "elapsed": 3894.6963608264923, "delta": 46.531235456466675}, "costs": {"total_cost": 430.86559132099075, "time_cost": 105.042, "final_distance_cost": 1.794118488548921, "oscillation_cost": 226.09382319054018, "completition_cost": 0.0, "overshoot_cost": 53.79930674534011, "power_cost": 21.833935620117188, "noise_cost": 22.302407276444367, "n_waypoints_completed": 9, "tot_waypoints": 9}}
