{"target": -546.524512956922, "params": {"k_pid_pos": [1.3855755724224328, 0.5291580819661229, 0.25489828527468983], "k_pid_alt": [0.9502111155000594, 0.7643045243032903, 0.3196420023966957], "k_pid_att": [37.95463188968886, 7.0710665918966225, 0.3767615500775289], "k_pid_yaw": [0.5, 1e-06, 0.1], "k_pid_hsp": [8.651287804664637, 0.26690730931610485, 0.5776103158955926], "k_pid_vsp": [230.57323750974294, 283.7120964331108, 48.37443806421031]}, "datetime": {"datetime": "2025-08-13 17:18:55", "elapsed": 27063.749037504196, "delta": 26.22184109687805}, "costs": {"total_cost": 546.524512956922, "time_cost": 101.017, "final_distance_cost": 1.7432328997689108, "oscillation_cost": 333.6918196582347, "completition_cost": 0.0, "overshoot_cost": 56.28592220418334, "power_cost": 27.784406396484375, "noise_cost": 26.002131798250602, "n_waypoints_completed": 9, "tot_waypoints": 9}}
{"target": -588.8236125660751, "params": {"k_pid_pos": [0.921497662820882, 0.854784057627404, 0.06621302158562103], "k_pid_alt": [1.3086875467932468, 0.6361616407919195, 0.4054745885504838], "k_pid_att": [19.35931280549529, 0.8757075049033717, 0.6394060755587821], "k_pid_yaw": [0.5, 1e-06, 0.1], "k_pid_hsp": [0.4349702545733075, 0.2689855181290196, 0.3199477782087655], "k_pid_vsp": [294.7670756044162, 345.7892779164556, 123.51919908649333]}, "datetime": {"datetime": "2025-08-13 17:19:26", "elapsed": 27094.338355779648, "delta": 30.58931827545166}, "costs": {"total_cost": 588.8236125660751, "time_cost": 150, "final_distance_cost": 57.58298376743831, "oscillation_cost": 139.90729854756816, "completition_cost": 111.11111111111116, "overshoot_cost": 69.07039718251026, "power_cost": 32.430069689941405, "noise_cost": 28.721752267505863, "n_waypoints_completed": 8, "tot_waypoints": 9}}
{"target": -1420.8872218169781, "params": {"k_pid_pos": [0.4305765318763715, 0.3875251580565977, 0.3236614687365289], "k_pid_alt": [0.34528848027047454, 0.4726148055476638, 0.9049766697220546], "k_pid_att": [20.482748428957652, 8.858034217485514, 0.025536743761755076], "k_pid_yaw": [0.5, 1e-06, 0.1], "k_pid_hsp": [5.189841909208516, 0.3806637911113685, 0.8134451295760297], "k_pid_vsp": [167.04813593002535, 46.28015668892176, 1.601828580638121]}, "datetime": {"datetime": "2025-08-13 17:19:58", "elapsed": 27126.09928393364, "delta": 31.7609281539917}, "costs": {"total_cost": 1420.8872218169781, "time_cost": 150, "final_distance_cost": 56.27290619003427, "oscillation_cost": 670.3949643806118, "completition_cost": 444.4444444444444, "overshoot_cost": 46.217396772471375, "power_cost": 23.013642712402344, "noise_cost": 30.543867317014104, "n_waypoints_completed": 5, "tot_waypoints": 9}}
{"target": -1230.7671902067118, "params": {"k_pid_pos": [0.3215310764386437, 0.42264291793681374, 0.4157544314699808], "k_pid_alt": [0.15533954637534597, 0.8835820290510149, 0.06153198128195392], "k_pid_att": [5.083129711988754, 0.22690995018527416, 0.4669011868156996], "k_pid_yaw": [0.5, 1e-06, 0.1], "k_pid_hsp": [5.548643346884181, 0.7915056674178862, 0.7818798445871016], "k_pid_vsp": [269.2548218158708, 281.7685240642922, 41.07450168718169]}, "datetime": {"datetime": "2025-08-13 17:20:31", "elapsed": 27159.2925863266, "delta": 33.193302392959595}, "costs": {"total_cost": 1230.7671902067118, "time_cost": 150, "final_distance_cost": 52.38813676362277, "oscillation_cost": 240.65962436833703, "completition_cost": 666.6666666666667, "overshoot_cost": 56.52950812436984, "power_cost": 32.524350109863285, "noise_cost": 31.99890417385221, "n_waypoints_completed": 3, "tot_waypoints": 9}}
{"target": -407.5669593595289, "params": {"k_pid_pos": [2.0, 0.0, 0.3710987730333895], "k_pid_alt": [0.06825925818175957, 0.40224519806229275, 1.0], "k_pid_att": [10.69718132227906, 5.270671366772712, 0.9140161790622816], "k_pid_yaw": [0.5, 1e-06, 0.1], "k_pid_hsp": [10.0, 1.0, 1.0], "k_pid_vsp": [186.60843861377003, 321.9817962514524, 15.805180959083522]}, "datetime": {"datetime": "2025-08-13 17:20:57", "elapsed": 27185.336282730103, "delta": 26.043696403503418}, "costs": {"total_cost": 407.5669593595289, "time_cost": 99.988, "final_distance_cost": 1.7717413483725462, "oscillation_cost": 194.75302567706967, "completition_cost": 0.0, "overshoot_cost": 62.86407928982658, "power_cost": 23.825935864257815, "noise_cost": 24.364177180002276, "n_waypoints_completed": 9, "tot_waypoints": 9}}
{"target": -1050.998056147368, "params": {"k_pid_pos": [0.47753164690116495, 0.14227056624576262, 0.10687281293982909], "k_pid_alt": [0.1602035616157267, 0.026019833222122535, 0.5672563378681037], "k_pid_att": [7.121799090585523, 5.449563314098007, 0.1851392994006582], "k_pid_yaw": [0.5, 1e-06, 0.1], "k_pid_hsp": [9.903498450453256, 0.1478537772747076, 0.6486145903432836], "k_pid_vsp": [310.22014057544595, 323.7435004111019, 94.63507182724659]}, "datetime": {"datetime": "2025-08-13 17:21:29", "elapsed": 27216.963279247284, "delta": 31.626996517181396}, "costs": {"total_cost": 1050.998056147368, "time_cost": 150, "final_distance_cost": 53.88975814395263, "oscillation_cost": 307.24186068583305, "completition_cost": 444.4444444444444, "overshoot_cost": 43.72815784508487, "power_cost": 26.327515393066406, "noise_cost": 25.36631963498656, "n_waypoints_completed": 5, "tot_waypoints": 9}}
{"target": -419.31959920630834, "params": {"k_pid_pos": [1.9053355941346675, 0.4062956186243948, 0.37778682160983823], "k_pid_alt": [1.429233596601732, 0.8748369149745505, 0.2940560702796873], "k_pid_att": [33.78701425185031, 0.10296453681125062, 0.6242834481405031], "k_pid_yaw": [0.5, 1e-06, 0.1], "k_pid_hsp": [7.307161288945301, 0.799982381988053, 0.8574730912439709], "k_pid_vsp": [106.15715337521677, 359.47454752025493, 48.875165688626815]}, "datetime": {"datetime": "2025-08-13 17:21:53", "elapsed": 27241.791753292084, "delta": 24.828474044799805}, "costs": {"total_cost": 419.31959920630834, "time_cost": 92.008, "final_distance_cost": 1.768469291623852, "oscillation_cost": 219.1749619841054, "completition_cost": 0.0, "overshoot_cost": 54.7887604800673, "power_cost": 28.240068420410157, "noise_cost": 23.33933903010161, "n_waypoints_completed": 9, "tot_waypoints": 9}}
{"target": -329.3643430129105, "params": {"k_pid_pos": [1.5241263661826072, 0.27117108124778266, 0.07561137516211225], "k_pid_alt": [1.7171931311904944, 0.36057686435474157, 0.17339900783811668], "k_pid_att": [11.416414025118627, 5.604753278692796, 0.5967215932065563], "k_pid_yaw": [0.5, 1e-06, 0.1], "k_pid_hsp": [8.639422023538764, 0.7170395330962096, 0.2704553526708724], "k_pid_vsp": [155.76767980253868, 24.121501725843526, 6.852777326323617]}, "datetime": {"datetime": "2025-08-13 17:22:17", "elapsed": 27265.56070446968, "delta": 23.768951177597046}, "costs": {"total_cost": 329.3643430129105, "time_cost": 90.69200000000001, "final_distance_cost": 1.7655863079144496, "oscillation_cost": 128.85217645498292, "completition_cost": 0.0, "overshoot_cost": 55.404719630476855, "power_cost": 26.74861102294922, "noise_cost": 25.90124959658708, "n_waypoints_completed": 9, "tot_waypoints": 9}}
{"target": -323.01838319627007, "params": {"k_pid_pos": [1.0258577678424632, 0.6670316141485741, 0.314162448871633], "k_pid_alt": [1.7382114892703708, 0.9506567393623196, 0.3816343371421207], "k_pid_att": [15.185706109645658, 3.6839283904047337, 0.3975226377280354], "k_pid_yaw": [0.5, 1e-06, 0.1], "k_pid_hsp": [7.153866121461898, 0.06802884646608454, 0.08533641423926452], "k_pid_vsp": [193.06114589545865, 304.81396698352654, 15.543560586164219]}, "datetime": {"datetime": "2025-08-13 17:22:40", "elapsed": 27288.219086408615, "delta": 22.658381938934326}, "costs": {"total_cost": 323.01838319627007, "time_cost": 87.45100000000001, "final_distance_cost": 1.79655728452032, "oscillation_cost": 134.4693005010177, "completition_cost": 0.0, "overshoot_cost": 52.36128543668727, "power_cost": 23.461846899414063, "noise_cost": 23.47839307463068, "n_waypoints_completed": 9, "tot_waypoints": 9}}
{"target": -366.992035562433, "params": {"k_pid_pos": [0.9805253556959626, 0.6545446739284343, 0.581439922395076], "k_pid_alt": [0.8113471414047415, 0.28640885999023835, 0.13382465921630637], "k_pid_att": [9.57055328160321, 2.5433495671312145, 0.7666606914091401], "k_pid_yaw": [0.5, 1e-06, 0.1], "k_pid_hsp": [5.2196363719760015, 0.16321188618527915, 0.26935488710784083], "k_pid_vsp": [303.7380771500899, 326.2747234068383, 98.37780677206278]}, "datetime": {"datetime": "2025-08-13 17:23:04", "elapsed": 27312.267258405685, "delta": 24.048171997070312}, "costs": {"total_cost": 366.992035562433, "time_cost": 94.374, "final_distance_cost": 1.7467465477632713, "oscillation_cost": 166.2928616839769, "completition_cost": 0.0, "overshoot_cost": 53.96151725534754, "power_cost": 27.156184082031253, "noise_cost": 23.460725993314053, "n_waypoints_completed": 9, "tot_waypoints": 9}}
{"target": -426.26564471781165, "params": {"k_pid_pos": [0.9017007530239495, 0.7484773026626903, 0.2700847838865712], "k_pid_alt": [0.1016423914323421, 0.4095751582213535, 0.277764573693171], "k_pid_att": [4.64582275397567, 5.447638023598475, 0.19354361784965257], "k_pid_yaw": [0.5, 1e-06, 0.1], "k_pid_hsp": [1.5034858955018289, 0.4579478882598731, 0.17900822935645133], "k_pid_vsp": [298.4829093746147, 353.41950726660207, 110.22644355940669]}, "datetime": {"datetime": "2025-08-13 17:23:34", "elapsed": 27342.568697452545, "delta": 30.30143904685974}, "costs": {"total_cost": 426.26564471781165, "time_cost": 115.262, "final_distance_cost": 1.7339561183281624, "oscillation_cost": 185.08106163971746, "completition_cost": 0.0, "overshoot_cost": 69.40718043588096, "power_cost": 28.47534500732422, "noise_cost": 26.30610151656089, "n_waypoints_completed": 9, "tot_waypoints": 9}}
{"target": -246.83493437806018, "params": {"k_pid_pos": [1.4236320066329025, 0.6318205145776683, 0.7433522792534288], "k_pid_alt": [1.838453215313276, 0.28760680429401797, 0.11024084601775541], "k_pid_att": [16.624229817096502, 2.9826377125347427, 0.2803755804735083], "k_pid_yaw": [0.5, 1e-06, 0.1], "k_pid_hsp": [1.6420720270999971, 0.5562644514667795, 0.017494848518027628], "k_pid_vsp": [202.2430815256615, 301.85771609067973, 19.415705935731836]}, "datetime": {"datetime": "2025-08-13 17:23:59", "elapsed": 27367.27455163002, "delta": 24.705854177474976}, "costs": {"total_cost": 246.83493437806018, "time_cost": 85.533, "final_distance_cost": 1.7897824942665368, "oscillation_cost": 62.41573368300119, "completition_cost": 0.0, "overshoot_cost": 51.37425812306897, "power_cost": 23.557686767578126, "noise_cost": 22.164473310145354, "n_waypoints_completed": 9, "tot_waypoints": 9}}
{"target": -331.1602282126243, "params": {"k_pid_pos": [1.1315351602566919, 0.17641026341395616, 0.43574530208876006], "k_pid_alt": [1.902705689033283, 0.7943663015562039, 0.8429073266486012], "k_pid_att": [5.1368272643414485, 8.388958546573082, 0.6365320632479385], "k_pid_yaw": [0.5, 1e-06, 0.1], "k_pid_hsp": [2.9514853828524132, 0.2559388026206627, 0.24499472179403925], "k_pid_vsp": [289.7209025565143, 335.5777466183777, 102.09664887379061]}, "datetime": {"datetime": "2025-08-13 17:24:22", "elapsed": 27390.220863103867, "delta": 22.946311473846436}, "costs": {"total_cost": 331.1602282126243, "time_cost": 85.617, "final_distance_cost": 1.7694509189190895, "oscillation_cost": 134.21382074989612, "completition_cost": 0.0, "overshoot_cost": 56.46311431298509, "power_cost": 29.380025109863283, "noise_cost": 23.716817120960705, "n_waypoints_completed": 9, "tot_waypoints": 9}}
{"target": -610.1518340617102, "params": {"k_pid_pos": [0.7080540195392524, 0.006077974432765032, 0.7194081123840724], "k_pid_alt": [1.5456766479342174, 0.8598174607650899, 0.30083603025230066], "k_pid_att": [19.292444056864877, 8.694462305878657, 0.22793854676331438], "k_pid_yaw": [0.5, 1e-06, 0.1], "k_pid_hsp": [3.4953533621294626, 0.3197068489263447, 0.7367814689475692], "k_pid_vsp": [292.84989896496467, 329.79424392724934, 108.83174723532353]}, "datetime": {"datetime": "2025-08-13 17:24:50", "elapsed": 27418.377117156982, "delta": 28.156254053115845}, "costs": {"total_cost": 610.1518340617102, "time_cost": 103.95, "final_distance_cost": 1.8064433094189396, "oscillation_cost": 396.4294438333126, "completition_cost": 0.0, "overshoot_cost": 57.43490790178248, "power_cost": 25.387362512207034, "noise_cost": 25.143676504989237, "n_waypoints_completed": 9, "tot_waypoints": 9}}
{"target": -699.7287919851599, "params": {"k_pid_pos": [0.6017103277208713, 0.9254135410808858, 0.1577832111858467], "k_pid_alt": [0.4189631373106586, 0.16590441604138995, 0.9872641473783729], "k_pid_att": [5.991384232848396, 7.68570493712865, 0.5510223330910973], "k_pid_yaw": [0.5, 1e-06, 0.1], "k_pid_hsp": [8.334806349074494, 0.8730062895590828, 0.2691732666363187], "k_pid_vsp": [247.45113741650377, 287.8373024347318, 50.492010428059984]}, "datetime": {"datetime": "2025-08-13 17:25:20", "elapsed": 27448.705601215363, "delta": 30.328484058380127}, "costs": {"total_cost": 699.7287919851599, "time_cost": 150, "final_distance_cost": 69.24551516188896, "oscillation_cost": 147.4392114050651, "completition_cost": 222.2222222222222, "overshoot_cost": 49.5393229304368, "power_cost": 32.7602330444336, "noise_cost": 28.522287221113253, "n_waypoints_completed": 7, "tot_waypoints": 9}}
{"target": -1175.1750240461788, "params": {"k_pid_pos": [0.024249109256928605, 0.8626909377019412, 0.2865434688313754], "k_pid_alt": [0.6990319314486755, 0.698238816613256, 0.699073268477571], "k_pid_att": [26.347566326740157, 3.443113860524911, 0.8245856867555053], "k_pid_yaw": [0.5, 1e-06, 0.1], "k_pid_hsp": [8.4752533916159, 0.2743481977587129, 0.3259038628153458], "k_pid_vsp": [245.8474830698726, 280.16621525665386, 53.00375704180209]}, "datetime": {"datetime": "2025-08-13 17:25:51", "elapsed": 27479.58986735344, "delta": 30.884266138076782}, "costs": {"total_cost": 1175.1750240461788, "time_cost": 150, "final_distance_cost": 49.131262045943096, "oscillation_cost": 192.79593234996696, "completition_cost": 666.6666666666667, "overshoot_cost": 57.06060595146642, "power_cost": 30.319914941406253, "noise_cost": 29.200642090729488, "n_waypoints_completed": 3, "tot_waypoints": 9}}
{"target": -1402.2574920726295, "params": {"k_pid_pos": [0.10578663176920626, 0.5013583473566549, 0.6167475327316011], "k_pid_alt": [0.5865343144638242, 0.11140518537265487, 0.7044483141347623], "k_pid_att": [26.563848106464715, 2.6270903823361924, 0.3425214762732077], "k_pid_yaw": [0.5, 1e-06, 0.1], "k_pid_hsp": [6.332919268629361, 0.03236403067347515, 0.9622535436657428], "k_pid_vsp": [104.22928317352414, 354.0210381953986, 42.892429446696134]}, "datetime": {"datetime": "2025-08-13 17:26:22", "elapsed": 27510.63628554344, "delta": 31.04641819000244}, "costs": {"total_cost": 1402.2574920726295, "time_cost": 150, "final_distance_cost": 45.24429965080347, "oscillation_cost": 538.3358352562342, "completition_cost": 555.5555555555555, "overshoot_cost": 54.745693988711274, "power_cost": 30.927865625000003, "noise_cost": 27.44824199632494, "n_waypoints_completed": 4, "tot_waypoints": 9}}
{"target": -1563.536189593361, "params": {"k_pid_pos": [0.6762303998792002, 0.48748668318132626, 0.7889463104386338], "k_pid_alt": [0.29093157492050037, 0.89606528048396, 0.005688361846409307], "k_pid_att": [58.30464712812816, 7.455757030449385, 0.6855022933855305], "k_pid_yaw": [0.5, 1e-06, 0.1], "k_pid_hsp": [1.2602419409234673, 0.8069539388850346, 0.6390202168133285], "k_pid_vsp": [81.63317522508473, 356.61683257099156, 41.81290264231308]}, "datetime": {"datetime": "2025-08-13 17:26:53", "elapsed": 27541.484154701233, "delta": 30.847869157791138}, "costs": {"total_cost": 1563.536189593361, "time_cost": 150, "final_distance_cost": 67.90214050552743, "oscillation_cost": 339.07194970233246, "completition_cost": 888.8888888888888, "overshoot_cost": 49.6627288513489, "power_cost": 38.413535900878905, "noise_cost": 29.59694574438434, "n_waypoints_completed": 1, "tot_waypoints": 9}}
{"target": -312.5727276780476, "params": {"k_pid_pos": [1.66491966065376, 0.36314965831862295, 0.35856239840089776], "k_pid_alt": [1.150730848681579, 0.4850608845863521, 0.5767695482100595], "k_pid_att": [18.5687613477486, 4.069231636032998, 0.7215120345439269], "k_pid_yaw": [0.5, 1e-06, 0.1], "k_pid_hsp": [6.304148925161563, 0.6964049441600401, 0.17167260264267295], "k_pid_vsp": [292.3046728885493, 334.23724805852476, 98.22876097197886]}, "datetime": {"datetime": "2025-08-13 17:27:15", "elapsed": 27563.363106012344, "delta": 21.87895131111145}, "costs": {"total_cost": 312.5727276780476, "time_cost": 78.267, "final_distance_cost": 1.7801957395797898, "oscillation_cost": 139.6779635462531, "completition_cost": 0.0, "overshoot_cost": 51.34709319440808, "power_cost": 22.001432128906252, "noise_cost": 19.499043068900406, "n_waypoints_completed": 9, "tot_waypoints": 9}}
{"target": -345.9712067063564, "params": {"k_pid_pos": [1.8308778815642055, 0.24866524114698096, 0.41480437465503084], "k_pid_alt": [0.5870726990242903, 0.9797082742569004, 0.2504936187393719], "k_pid_att": [7.567020886253218, 2.9768502209349097, 0.883852027544151], "k_pid_yaw": [0.5, 1e-06, 0.1], "k_pid_hsp": [4.345974521119668, 0.4541889823753952, 0.15144459593609438], "k_pid_vsp": [183.0974064272751, 19.997848640542035, 8.939399783025191]}, "datetime": {"datetime": "2025-08-13 17:27:42", "elapsed": 27590.42420220375, "delta": 27.06109619140625}, "costs": {"total_cost": 345.9712067063564, "time_cost": 106.96000000000001, "final_distance_cost": 1.7390154092638574, "oscillation_cost": 114.31221248931845, "completition_cost": 0.0, "overshoot_cost": 65.7386826179072, "power_cost": 28.640032043457033, "noise_cost": 28.581264146409836, "n_waypoints_completed": 9, "tot_waypoints": 9}}
{"target": -632.564727033027, "params": {"k_pid_pos": [1.2927410394170842, 0.6983400972961441, 0.8104853141969588], "k_pid_alt": [0.2200010263423693, 0.3707544067897016, 0.47052400028409014], "k_pid_att": [18.788168933211768, 3.1968401516966116, 0.21729149444930584], "k_pid_yaw": [0.5, 1e-06, 0.1], "k_pid_hsp": [8.845177820728676, 0.6741646040604725, 0.19895428797552517], "k_pid_vsp": [290.72685228414156, 331.9463133286531, 112.57563531982609]}, "datetime": {"datetime": "2025-08-13 17:28:11", "elapsed": 27619.910097837448, "delta": 29.48589563369751}, "costs": {"total_cost": 632.564727033027, "time_cost": 111.755, "final_distance_cost": 1.7799731055686583, "oscillation_cost": 397.1289490132428, "completition_cost": 0.0, "overshoot_cost": 62.46318548587755, "power_cost": 30.356115991210938, "noise_cost": 29.081503437127004, "n_waypoints_completed": 9, "tot_waypoints": 9}}
{"target": -403.4605617681321, "params": {"k_pid_pos": [1.4151695503366415, 0.3958955099746151, 0.7152354988301809], "k_pid_alt": [1.4794556125035723, 0.5038468541050852, 0.696486688507634], "k_pid_att": [15.831557261278034, 5.8997350059714595, 0.6564547201843011], "k_pid_yaw": [0.5, 1e-06, 0.1], "k_pid_hsp": [7.091864254019983, 0.578483650975494, 0.3752846901423046], "k_pid_vsp": [291.36869740076264, 328.83972378837814, 104.28610980682745]}, "datetime": {"datetime": "2025-08-13 17:28:36", "elapsed": 27644.548823833466, "delta": 24.638725996017456}, "costs": {"total_cost": 403.4605617681321, "time_cost": 85.764, "final_distance_cost": 1.7933696090236548, "oscillation_cost": 220.0013833259211, "completition_cost": 0.0, "overshoot_cost": 52.25100059203072, "power_cost": 22.85914616699219, "noise_cost": 20.79166207416444, "n_waypoints_completed": 9, "tot_waypoints": 9}}
{"target": -477.47183006734434, "params": {"k_pid_pos": [1.3618377356337719, 0.6920927698213707, 0.3195186007274933], "k_pid_alt": [1.1234947071490988, 0.6030069338009427, 0.8190537065810299], "k_pid_att": [19.014833755894767, 3.0500337495199266, 0.26191878038002037], "k_pid_yaw": [0.5, 1e-06, 0.1], "k_pid_hsp": [5.680050778568787, 0.7700332749097097, 0.1904495884383003], "k_pid_vsp": [165.20877451914413, 14.091330771938704, 19.69193309097594]}, "datetime": {"datetime": "2025-08-13 17:29:02", "elapsed": 27670.921051740646, "delta": 26.372227907180786}, "costs": {"total_cost": 477.47183006734434, "time_cost": 96.054, "final_distance_cost": 1.771884731655397, "oscillation_cost": 270.4669671600077, "completition_cost": 0.0, "overshoot_cost": 54.43818323616899, "power_cost": 28.113852294921877, "noise_cost": 26.626942644590418, "n_waypoints_completed": 9, "tot_waypoints": 9}}
{"target": -305.3848172684517, "params": {"k_pid_pos": [1.7587961898412643, 0.13645230752118898, 0.529438831163752], "k_pid_alt": [0.5711678078227624, 0.7376966826306854, 0.29502023992603055], "k_pid_att": [5.31479066029783, 2.88232686844725, 0.6054703037170587], "k_pid_yaw": [0.5, 1e-06, 0.1], "k_pid_hsp": [9.601090610123995, 0.645044884011531, 0.12334130364878249], "k_pid_vsp": [278.44393517412334, 276.59339350258887, 42.887579119606215]}, "datetime": {"datetime": "2025-08-13 17:29:27", "elapsed": 27694.975014209747, "delta": 24.053962469100952}, "costs": {"total_cost": 305.3848172684517, "time_cost": 90.307, "final_distance_cost": 1.7829334205259821, "oscillation_cost": 112.69333934922747, "completition_cost": 0.0, "overshoot_cost": 57.482302233287605, "power_cost": 21.86586197509766, "noise_cost": 21.253380290312986, "n_waypoints_completed": 9, "tot_waypoints": 9}}
