{"target": -535.280790959567, "params": {"k_pid_pos": [1.521970973507846, 0.3087352973980605, 0.027647122960372972], "k_pid_alt": [1.6973865128397747, 0.5753889418853071, 0.8106533542741746], "k_pid_att": [4.680362560883977, 6.93362487659946, 0.36027513504763087], "k_pid_yaw": [0.5, 1e-06, 0.1], "k_pid_hsp": [6.802141213155263, 0.3164754295471739, 0.9507210453825751], "k_pid_vsp": [174.73108990637684, 26.190099552480316, 10.476988341904077]}, "datetime": {"datetime": "2025-08-13 12:58:10", "elapsed": 11418.60903930664, "delta": 26.220381498336792}, "costs": {"total_cost": 535.280790959567, "time_cost": 109.186, "final_distance_cost": 1.7874553262918542, "oscillation_cost": 292.66664736366425, "completition_cost": 0.0, "overshoot_cost": 60.64721509972822, "power_cost": 37.99210809326172, "noise_cost": 33.00136507662095, "n_waypoints_completed": 9, "tot_waypoints": 9}}
{"target": -1186.3091077301872, "params": {"k_pid_pos": [0.3690151235080846, 0.10080965173007317, 0.2674115137679952], "k_pid_alt": [0.4476994130891223, 0.23155058003551732, 0.8770520387661914], "k_pid_att": [69.61390487399235, 9.260655511405535, 0.406042011340518], "k_pid_yaw": [0.5, 1e-06, 0.1], "k_pid_hsp": [0.7790279365807521, 0.9208869339599612, 0.3887573805189666], "k_pid_vsp": [375.0515191190003, 374.12013541118256, 368.17674010189]}, "datetime": {"datetime": "2025-08-13 12:58:39", "elapsed": 11447.528350353241, "delta": 28.919311046600342}, "costs": {"total_cost": 1186.3091077301872, "time_cost": 150, "final_distance_cost": 63.97711638667149, "oscillation_cost": 528.7872246444614, "completition_cost": 333.33333333333337, "overshoot_cost": 55.32434046886777, "power_cost": 28.490252392578128, "noise_cost": 26.39684050427481, "n_waypoints_completed": 6, "tot_waypoints": 9}}
{"target": -897.3990937737879, "params": {"k_pid_pos": [0.4901872174412694, 0.08170816018762328, 0.8474272423061774], "k_pid_alt": [1.3664702528510924, 0.23277265949634507, 0.0179761272956106], "k_pid_att": [15.456289461768257, 3.8632979857517458, 0.3258515332584826], "k_pid_yaw": [0.5, 1e-06, 0.1], "k_pid_hsp": [3.2952149717378725, 0.7788955484020641, 0.8893748100639997], "k_pid_vsp": [269.7250769283006, 273.278411316106, 49.87943395313941]}, "datetime": {"datetime": "2025-08-13 12:59:08", "elapsed": 11476.453689336777, "delta": 28.925338983535767}, "costs": {"total_cost": 897.3990937737879, "time_cost": 150, "final_distance_cost": 47.711353241420824, "oscillation_cost": 473.089752382068, "completition_cost": 111.11111111111116, "overshoot_cost": 54.071231426891174, "power_cost": 32.83975975341797, "noise_cost": 28.57588585887869, "n_waypoints_completed": 8, "tot_waypoints": 9}}
{"target": -483.0536826053656, "params": {"k_pid_pos": [2.0, 0.3180943803682687, 0.0], "k_pid_alt": [1.0625854800671126, 0.07585680375047502, 0.9082200841042338], "k_pid_att": [16.061072968762975, 2.033056511332811, 1.0], "k_pid_yaw": [0.5, 1e-06, 0.1], "k_pid_hsp": [4.076508440759649, 0.7444961377559854, 0.0], "k_pid_vsp": [167.7914148982411, 13.461718094339789, 16.010373924984236]}, "datetime": {"datetime": "2025-08-13 12:59:37", "elapsed": 11505.4252409935, "delta": 28.971551656723022}, "costs": {"total_cost": 483.0536826053656, "time_cost": 150, "final_distance_cost": 28.922366490944807, "oscillation_cost": 68.3221616683395, "completition_cost": 111.11111111111116, "overshoot_cost": 56.49062948693699, "power_cost": 35.835044519042974, "noise_cost": 32.37236932899019, "n_waypoints_completed": 8, "tot_waypoints": 9}}
{"target": -657.8301435144593, "params": {"k_pid_pos": [1.250749580904743, 0.33689152818565815, 0.9725567301991774], "k_pid_alt": [1.5113515649033935, 0.4372494763216863, 0.32441265858477664], "k_pid_att": [52.22871344607765, 8.522535492934876, 0.9596561976754322], "k_pid_yaw": [0.5, 1e-06, 0.1], "k_pid_hsp": [6.948987872096313, 0.45227852883663255, 0.17909357819901228], "k_pid_vsp": [204.9506246486091, 10.845789449066402, 6.021971172285772]}, "datetime": {"datetime": "2025-08-13 13:00:00", "elapsed": 11528.841933012009, "delta": 23.41669201850891}, "costs": {"total_cost": 657.8301435144593, "time_cost": 97.538, "final_distance_cost": 1.7960323296980376, "oscillation_cost": 455.749576592738, "completition_cost": 0.0, "overshoot_cost": 54.47998540258261, "power_cost": 23.37980733642578, "noise_cost": 24.886741853014936, "n_waypoints_completed": 9, "tot_waypoints": 9}}
{"target": -513.4603080484, "params": {"k_pid_pos": [1.447473171221147, 0.7865073174131698, 0.2292791016550756], "k_pid_alt": [1.1803810052634143, 0.17699186995232152, 0.16310605839988135], "k_pid_att": [21.423320321157657, 5.0089418171465505, 0.5627290774427217], "k_pid_yaw": [0.5, 1e-06, 0.1], "k_pid_hsp": [7.148348619755781, 0.7568159329295779, 0.9750578974738643], "k_pid_vsp": [174.3055056571705, 3.3186537965134644, 3.3028002386012143]}, "datetime": {"datetime": "2025-08-13 13:00:28", "elapsed": 11556.955551147461, "delta": 28.11361813545227}, "costs": {"total_cost": 513.4603080484, "time_cost": 117.047, "final_distance_cost": 1.7764180279353696, "oscillation_cost": 268.2652353811029, "completition_cost": 0.0, "overshoot_cost": 56.858966407459036, "power_cost": 35.552710412597655, "noise_cost": 33.959977819304946, "n_waypoints_completed": 9, "tot_waypoints": 9}}
{"target": -473.85798013333266, "params": {"k_pid_pos": [1.814954786847198, 0.7814475015736349, 0.8401572979704978], "k_pid_alt": [1.9706317795045065, 0.8459808662833892, 0.6504562893847542], "k_pid_att": [49.17921713727503, 1.7528119758946177, 0.9968657681703702], "k_pid_yaw": [0.5, 1e-06, 0.1], "k_pid_hsp": [0.2968640635787242, 0.4022163668381131, 0.3237131338061455], "k_pid_vsp": [79.22012164226916, 358.483728815243, 38.10541835086542]}, "datetime": {"datetime": "2025-08-13 13:00:57", "elapsed": 11585.264951467514, "delta": 28.3094003200531}, "costs": {"total_cost": 473.85798013333266, "time_cost": 118.21600000000001, "final_distance_cost": 1.814338500553456, "oscillation_cost": 203.10535027331787, "completition_cost": 0.0, "overshoot_cost": 83.03637164817634, "power_cost": 36.68691199951172, "noise_cost": 30.99900771177331, "n_waypoints_completed": 9, "tot_waypoints": 9}}
{"target": -352.2495623356776, "params": {"k_pid_pos": [0.9921282186859564, 0.08347354809684049, 0.5140720540249012], "k_pid_alt": [0.4716819183424825, 0.07345833891471465, 0.44694606988466], "k_pid_att": [8.035761045913215, 3.5005801961482654, 0.3911913665917426], "k_pid_yaw": [0.5, 1e-06, 0.1], "k_pid_hsp": [2.0949204515784747, 0.3875012605678616, 0.2186978195230863], "k_pid_vsp": [304.53254896581836, 335.51452470005154, 96.82538983770918]}, "datetime": {"datetime": "2025-08-13 13:01:19", "elapsed": 11607.06367301941, "delta": 21.79872155189514}, "costs": {"total_cost": 352.2495623356776, "time_cost": 89.845, "final_distance_cost": 1.8043638303297205, "oscillation_cost": 167.2885835464948, "completition_cost": 0.0, "overshoot_cost": 51.73118900403786, "power_cost": 21.29149051513672, "noise_cost": 20.288935439678493, "n_waypoints_completed": 9, "tot_waypoints": 9}}
{"target": -1119.9646795356923, "params": {"k_pid_pos": [1.0071599956374595, 0.7789925426747096, 0.9368265148125855], "k_pid_alt": [0.2175558393509185, 0.13806090527994253, 0.46838910459295424], "k_pid_att": [9.285553178510053, 8.547914799568611, 0.4219255945116138], "k_pid_yaw": [0.5, 1e-06, 0.1], "k_pid_hsp": [3.709123348348943, 0.2450431840810694, 0.47787008113897433], "k_pid_vsp": [161.7948720223596, 31.481060234683426, 1.4336237177933575]}, "datetime": {"datetime": "2025-08-13 13:01:47", "elapsed": 11635.79694199562, "delta": 28.733268976211548}, "costs": {"total_cost": 1119.9646795356923, "time_cost": 150, "final_distance_cost": 45.52767174096596, "oscillation_cost": 374.18973267817097, "completition_cost": 444.4444444444444, "overshoot_cost": 44.183592756828624, "power_cost": 27.944221447753907, "noise_cost": 33.67501646752845, "n_waypoints_completed": 5, "tot_waypoints": 9}}
{"target": -620.1051908223608, "params": {"k_pid_pos": [0.6594265182321217, 0.5097353132548701, 0.15728548113027518], "k_pid_alt": [0.6294314247716455, 0.7629189462553725, 0.25994291335481623], "k_pid_att": [43.30583728329339, 4.413886278163515, 0.8626490261699981], "k_pid_yaw": [0.5, 1e-06, 0.1], "k_pid_hsp": [7.041445046369143, 0.5887383619119924, 0.44099137830332213], "k_pid_vsp": [91.32550244093292, 348.86392131862243, 43.83504441777786]}, "datetime": {"datetime": "2025-08-13 13:02:16", "elapsed": 11664.446419477463, "delta": 28.64947748184204}, "costs": {"total_cost": 620.1051908223608, "time_cost": 118.286, "final_distance_cost": 1.777201686876336, "oscillation_cost": 372.7273924919216, "completition_cost": 0.0, "overshoot_cost": 63.50036481747668, "power_cost": 33.90952030029297, "noise_cost": 29.904711525793164, "n_waypoints_completed": 9, "tot_waypoints": 9}}
{"target": -633.5943818773529, "params": {"k_pid_pos": [0.942456725640911, 0.5568025391702547, 0.9378885242678862], "k_pid_alt": [1.5457645312026875, 0.6859943795266722, 0.6145635010708896], "k_pid_att": [32.65774022780177, 4.339874441152105, 0.9863990923528624], "k_pid_yaw": [0.5, 1e-06, 0.1], "k_pid_hsp": [3.6903314684725155, 0.6848213225469967, 0.7883315671660742], "k_pid_vsp": [238.20644241285729, 270.76785847801284, 43.80062936389381]}, "datetime": {"datetime": "2025-08-13 13:02:41", "elapsed": 11689.692063331604, "delta": 25.245643854141235}, "costs": {"total_cost": 633.5943818773529, "time_cost": 104.111, "final_distance_cost": 1.7697708031041266, "oscillation_cost": 409.4043721264109, "completition_cost": 0.0, "overshoot_cost": 55.564084208391435, "power_cost": 34.136561853027345, "noise_cost": 28.60859288641901, "n_waypoints_completed": 9, "tot_waypoints": 9}}
{"target": -699.2960796836486, "params": {"k_pid_pos": [0.6752893990658819, 0.11881743971771763, 0.7154140793915262], "k_pid_alt": [1.493718164687678, 0.7858485880146987, 0.9896059807840025], "k_pid_att": [17.965733259493987, 2.9109236053519587, 0.07942511510614791], "k_pid_yaw": [0.5, 1e-06, 0.1], "k_pid_hsp": [8.228299979043104, 0.4460212614275155, 0.493435036311207], "k_pid_vsp": [158.99762872684738, 18.081946940260845, 4.327669025303752]}, "datetime": {"datetime": "2025-08-13 13:03:06", "elapsed": 11714.232170343399, "delta": 24.540107011795044}, "costs": {"total_cost": 699.2960796836486, "time_cost": 102.70400000000001, "final_distance_cost": 1.7938323055944085, "oscillation_cost": 486.7172413976261, "completition_cost": 0.0, "overshoot_cost": 57.21896477128832, "power_cost": 23.495160607910158, "noise_cost": 27.366880601229628, "n_waypoints_completed": 9, "tot_waypoints": 9}}
{"target": -667.7681914738566, "params": {"k_pid_pos": [1.113799038104172, 0.40961029801626014, 0.9910320429989712], "k_pid_alt": [0.7679940482611638, 0.5600745042320385, 0.9448872148591836], "k_pid_att": [25.245489457438154, 9.246822272475354, 0.7748416007308297], "k_pid_yaw": [0.5, 1e-06, 0.1], "k_pid_hsp": [8.524867187374088, 0.03937566416967242, 0.8837659511125657], "k_pid_vsp": [163.33375660285913, 7.577141143366232, 17.93755476847994]}, "datetime": {"datetime": "2025-08-13 13:03:35", "elapsed": 11743.189331293106, "delta": 28.95716094970703}, "costs": {"total_cost": 667.7681914738566, "time_cost": 116.928, "final_distance_cost": 1.7730531585081324, "oscillation_cost": 404.8470384246706, "completition_cost": 0.0, "overshoot_cost": 63.10303115413934, "power_cost": 44.104484790039066, "noise_cost": 37.012583946499504, "n_waypoints_completed": 9, "tot_waypoints": 9}}
{"target": -413.3995378860007, "params": {"k_pid_pos": [1.633989554734817, 0.5007539341564705, 0.818253407253583], "k_pid_alt": [0.962353296276887, 0.3756101551280536, 0.027057714462742077], "k_pid_att": [36.53576210996915, 5.252456227259416, 0.42652354093147193], "k_pid_yaw": [0.5, 1e-06, 0.1], "k_pid_hsp": [4.717871526607051, 0.7873575533730313, 0.06322537754023638], "k_pid_vsp": [105.88773074338253, 352.515256083336, 48.56135995072111]}, "datetime": {"datetime": "2025-08-13 13:03:54", "elapsed": 11762.28205704689, "delta": 19.09272575378418}, "costs": {"total_cost": 413.3995378860007, "time_cost": 78.72200000000001, "final_distance_cost": 1.737387144813871, "oscillation_cost": 246.86485519582743, "completition_cost": 0.0, "overshoot_cost": 49.86591576079884, "power_cost": 17.990458300781253, "noise_cost": 18.218921483779287, "n_waypoints_completed": 9, "tot_waypoints": 9}}
{"target": -618.717433856413, "params": {"k_pid_pos": [0.9131657286967082, 0.3436491763455609, 0.29201320172499245], "k_pid_alt": [0.06979840681949012, 0.76472437919532, 0.4132717231375057], "k_pid_att": [8.482950521271848, 8.830299817480379, 0.11058964509988511], "k_pid_yaw": [0.5, 1e-06, 0.1], "k_pid_hsp": [7.6351623397309965, 0.846365702046981, 0.8366069820337715], "k_pid_vsp": [259.6003628773702, 272.39880710562056, 54.984287982520634]}, "datetime": {"datetime": "2025-08-13 13:04:22", "elapsed": 11790.077101707458, "delta": 27.795044660568237}, "costs": {"total_cost": 618.717433856413, "time_cost": 115.381, "final_distance_cost": 1.7943122504814593, "oscillation_cost": 375.1595003640006, "completition_cost": 0.0, "overshoot_cost": 64.98642364908767, "power_cost": 30.944895544433596, "noise_cost": 30.45130204840963, "n_waypoints_completed": 9, "tot_waypoints": 9}}
{"target": -866.0336151663305, "params": {"k_pid_pos": [0.37707186273652404, 0.9673652067495491, 0.37918376118582653], "k_pid_alt": [0.8786525724264589, 0.2649421392542377, 0.7712928526387743], "k_pid_att": [45.87683611362593, 2.061586538348162, 0.4703453768932023], "k_pid_yaw": [0.5, 1e-06, 0.1], "k_pid_hsp": [7.372312499322211, 0.7984386300127195, 0.3981124715677591], "k_pid_vsp": [180.422639166185, 23.06311372752098, 12.623638020383355]}, "datetime": {"datetime": "2025-08-13 13:04:50", "elapsed": 11818.865949869156, "delta": 28.788848161697388}, "costs": {"total_cost": 866.0336151663305, "time_cost": 150, "final_distance_cost": 66.12494324497987, "oscillation_cost": 309.43995298696206, "completition_cost": 222.2222222222222, "overshoot_cost": 56.882803165946015, "power_cost": 30.95172048339844, "noise_cost": 30.411973062821996, "n_waypoints_completed": 7, "tot_waypoints": 9}}
{"target": -1723.5434286156717, "params": {"k_pid_pos": [0.11426832764834981, 0.3444860751079728, 0.985499492188558], "k_pid_alt": [0.169486085234404, 0.7872696673957795, 0.6402114820928714], "k_pid_att": [17.08049790293835, 9.514498209162138, 0.30201610360871955], "k_pid_yaw": [0.5, 1e-06, 0.1], "k_pid_hsp": [8.143343392161027, 0.8373504484689767, 0.5253733894357097], "k_pid_vsp": [160.3730765912896, 30.176842397953063, 10.802465508897916]}, "datetime": {"datetime": "2025-08-13 13:05:20", "elapsed": 11848.429328918457, "delta": 29.563379049301147}, "costs": {"total_cost": 1723.5434286156717, "time_cost": 150, "final_distance_cost": 87.33219410897036, "oscillation_cost": 611.6024351277281, "completition_cost": 777.7777777777778, "overshoot_cost": 49.93400352057525, "power_cost": 19.411384680175782, "noise_cost": 27.48563340044425, "n_waypoints_completed": 2, "tot_waypoints": 9}}
{"target": -1441.660738937443, "params": {"k_pid_pos": [0.5318848239800169, 0.7630078412404563, 0.9498377297921745], "k_pid_alt": [0.46880317723070997, 0.5995120690297946, 0.20140187172883117], "k_pid_att": [36.17090460121093, 7.79475583579741, 0.5902328444659317], "k_pid_yaw": [0.5, 1e-06, 0.1], "k_pid_hsp": [2.6608491054921926, 0.7710865217039647, 0.9147267092618167], "k_pid_vsp": [193.8693191215079, 19.18068758952638, 10.62118980503836]}, "datetime": {"datetime": "2025-08-13 13:05:49", "elapsed": 11877.546883106232, "delta": 29.117554187774658}, "costs": {"total_cost": 1441.660738937443, "time_cost": 150, "final_distance_cost": 47.42736554873579, "oscillation_cost": 447.2469549279633, "completition_cost": 666.6666666666667, "overshoot_cost": 55.68528578626909, "power_cost": 40.06916422119141, "noise_cost": 34.56530178661655, "n_waypoints_completed": 3, "tot_waypoints": 9}}
{"target": -1865.21092830884, "params": {"k_pid_pos": [0.09559980170511638, 0.04169380516613064, 0.8448520175370267], "k_pid_alt": [1.5742256715905334, 0.9564607823484342, 0.836503540613077], "k_pid_att": [47.42755910101765, 7.27815911717929, 0.006503233184962043], "k_pid_yaw": [0.5, 1e-06, 0.1], "k_pid_hsp": [2.0256486937870237, 0.7037523985975427, 0.2078566270503568], "k_pid_vsp": [195.72585762605746, 7.138096822252751, 10.397076421856024]}, "datetime": {"datetime": "2025-08-13 13:06:21", "elapsed": 11908.966963529587, "delta": 31.420080423355103}, "costs": {"total_cost": 1865.21092830884, "time_cost": 150, "final_distance_cost": 76.98419154203894, "oscillation_cost": 839.9754024707181, "completition_cost": 666.6666666666667, "overshoot_cost": 65.70471120551979, "power_cost": 35.68782785644532, "noise_cost": 30.19212856745137, "n_waypoints_completed": 3, "tot_waypoints": 9}}
{"target": -1032.2018651752687, "params": {"k_pid_pos": [1.2312123537103106, 0.9401079498030502, 0.6982764794927228], "k_pid_alt": [0.2919733967584399, 0.36679828909251855, 0.6629226774804357], "k_pid_att": [36.940235377651035, 3.830811132887988, 0.9602171306610429], "k_pid_yaw": [0.5, 1e-06, 0.1], "k_pid_hsp": [4.906656653970104, 0.7003473788239316, 0.61424618020324], "k_pid_vsp": [105.73570136158095, 349.4624292578874, 43.189049806227146]}, "datetime": {"datetime": "2025-08-13 13:06:54", "elapsed": 11942.613180398941, "delta": 33.64621686935425}, "costs": {"total_cost": 1032.2018651752687, "time_cost": 150, "final_distance_cost": 80.77737647425324, "oscillation_cost": 342.0948607173009, "completition_cost": 333.33333333333337, "overshoot_cost": 52.46136292525078, "power_cost": 39.649785986328126, "noise_cost": 33.8851457388023, "n_waypoints_completed": 6, "tot_waypoints": 9}}
{"target": -726.7027690827036, "params": {"k_pid_pos": [1.5451739956206634, 0.5908026620511192, 0.5980722870962643], "k_pid_alt": [1.5666152416631305, 0.26505800562496806, 0.49425029637169915], "k_pid_att": [59.695747004974855, 7.938344427719001, 0.2453965173886533], "k_pid_yaw": [0.5, 1e-06, 0.1], "k_pid_hsp": [6.6704729546662405, 0.31549384349725507, 0.7046001631628954], "k_pid_vsp": [202.82929182832262, 8.815674380535603, 11.321841259028671]}, "datetime": {"datetime": "2025-08-13 13:07:22", "elapsed": 11970.825399160385, "delta": 28.212218761444092}, "costs": {"total_cost": 726.7027690827036, "time_cost": 116.676, "final_distance_cost": 1.766041670389298, "oscillation_cost": 489.41329177441435, "completition_cost": 0.0, "overshoot_cost": 57.73992211176402, "power_cost": 30.822010498046875, "noise_cost": 30.285503028089124, "n_waypoints_completed": 9, "tot_waypoints": 9}}
{"target": -812.0607771307668, "params": {"k_pid_pos": [0.950923667943328, 0.241080542267318, 0.715109515402695], "k_pid_alt": [0.6056253286853701, 0.9182856397735619, 0.29493734780658554], "k_pid_att": [22.81361514238579, 2.6946832200837854, 0.9010744152428125], "k_pid_yaw": [0.5, 1e-06, 0.1], "k_pid_hsp": [9.1490265691826, 0.1422972354609745, 0.8193956239826456], "k_pid_vsp": [166.48056443548538, 39.62097300546342, 4.649993921037191]}, "datetime": {"datetime": "2025-08-13 13:07:51", "elapsed": 11999.48942232132, "delta": 28.66402316093445}, "costs": {"total_cost": 812.0607771307668, "time_cost": 150, "final_distance_cost": 45.36120968190475, "oscillation_cost": 372.0844625850193, "completition_cost": 111.11111111111116, "overshoot_cost": 62.35457255158984, "power_cost": 35.266851464843754, "noise_cost": 35.882569736297974, "n_waypoints_completed": 8, "tot_waypoints": 9}}
{"target": -723.3313015409515, "params": {"k_pid_pos": [0.9357205017673837, 0.4227180003034636, 0.03294562732741424], "k_pid_alt": [0.9201237756609475, 0.17119409678176722, 0.7177012765398256], "k_pid_att": [25.762930958908193, 8.914512264621544, 0.3062546262574658], "k_pid_yaw": [0.5, 1e-06, 0.1], "k_pid_hsp": [6.205194351031508, 0.11592648529578276, 0.6433011654940608], "k_pid_vsp": [156.5158034807495, 9.17056465983689, 13.403808146561229]}, "datetime": {"datetime": "2025-08-13 13:08:19", "elapsed": 12027.261450052261, "delta": 27.772027730941772}, "costs": {"total_cost": 723.3313015409515, "time_cost": 116.137, "final_distance_cost": 1.7952298778894882, "oscillation_cost": 480.0178403337552, "completition_cost": 0.0, "overshoot_cost": 57.713057499711596, "power_cost": 36.67317419433594, "noise_cost": 30.99499963525915, "n_waypoints_completed": 9, "tot_waypoints": 9}}
{"target": -549.1202644831238, "params": {"k_pid_pos": [0.5728792574626843, 0.008261427466384585, 0.6569677806266758], "k_pid_alt": [1.8695382720797322, 0.4577459476970639, 0.955293542262674], "k_pid_att": [11.678528141135725, 4.386101833599014, 0.6422665939643513], "k_pid_yaw": [0.5, 1e-06, 0.1], "k_pid_hsp": [1.6583075390944297, 0.5155100391894357, 0.5149981576480772], "k_pid_vsp": [294.8677171663412, 322.8056571323727, 104.8356458267849]}, "datetime": {"datetime": "2025-08-13 13:08:46", "elapsed": 12054.84001159668, "delta": 27.578561544418335}, "costs": {"total_cost": 549.1202644831238, "time_cost": 113.08500000000001, "final_distance_cost": 1.829525531025878, "oscillation_cost": 316.90633626720546, "completition_cost": 0.0, "overshoot_cost": 58.55276866849545, "power_cost": 31.027864501953125, "noise_cost": 27.718769514443903, "n_waypoints_completed": 9, "tot_waypoints": 9}}
