{"target": -536.219668916525, "params": {"k_pid_pos": [1.7092314549099994, 0.4352371778145103, 0.4054833120807605], "k_pid_alt": [1.8225480296378016, 0.11736191922981709, 0.20759589760895825], "k_pid_att": [20.29337386138034, 1.6605866476628552, 0.16449732450990728], "k_pid_yaw": [0.5, 1e-06, 0.1], "k_pid_hsp": [7.494682152519737, 0.834365643121388, 0.4331415104306404], "k_pid_vsp": [286.24873540520736, 322.81079820240546, 106.99877898185932]}, "datetime": {"datetime": "2025-08-14 03:29:25", "elapsed": 63693.628741025925, "delta": 40.9417245388031}, "costs": {"total_cost": 536.219668916525, "time_cost": 99.302, "final_distance_cost": 1.7361701578969349, "oscillation_cost": 335.1416325003332, "completition_cost": 0.0, "overshoot_cost": 52.618095400359536, "power_cost": 24.347396618652343, "noise_cost": 23.074374239282935, "n_waypoints_completed": 9, "tot_waypoints": 9}}
{"target": -400.05969983233814, "params": {"k_pid_pos": [1.9727293001964084, 0.36539438760686505, 0.042313503550537646], "k_pid_alt": [1.0199679761832676, 0.7464343967569245, 0.08406424770143872], "k_pid_att": [9.218616649563828, 7.668725325018979, 0.14350253219805664], "k_pid_yaw": [0.5, 1e-06, 0.1], "k_pid_hsp": [5.624545859335837, 0.9456223437879091, 0.17289275656133718], "k_pid_vsp": [306.55525936219783, 342.8399029904079, 112.12123342335104]}, "datetime": {"datetime": "2025-08-14 03:30:06", "elapsed": 63734.3444442749, "delta": 40.71570324897766}, "costs": {"total_cost": 400.05969983233814, "time_cost": 99.554, "final_distance_cost": 1.7778145120650553, "oscillation_cost": 192.7257151690236, "completition_cost": 0.0, "overshoot_cost": 56.91359020642071, "power_cost": 25.095170812988282, "noise_cost": 23.993409131840462, "n_waypoints_completed": 9, "tot_waypoints": 9}}
{"target": -404.42422532592167, "params": {"k_pid_pos": [1.7256183489047756, 0.8128932088335963, 0.10977611768642992], "k_pid_alt": [1.3783947886275791, 0.08459894270360291, 0.48256905540560047], "k_pid_att": [13.74002988468992, 8.082769562425195, 0.20243798611227581], "k_pid_yaw": [0.5, 1e-06, 0.1], "k_pid_hsp": [4.509392878516201, 0.4642558839925045, 0.5337836259654146], "k_pid_vsp": [165.95393072982688, 14.933430012603557, 23.416746558723727]}, "datetime": {"datetime": "2025-08-14 03:30:41", "elapsed": 63769.24258542061, "delta": 34.89814114570618}, "costs": {"total_cost": 404.42422532592167, "time_cost": 101.703, "final_distance_cost": 1.739747251469031, "oscillation_cost": 193.84809145888445, "completition_cost": 0.0, "overshoot_cost": 56.59339067600558, "power_cost": 25.550028869628907, "noise_cost": 24.989967069933687, "n_waypoints_completed": 9, "tot_waypoints": 9}}
{"target": -754.9685072763143, "params": {"k_pid_pos": [0.4827064568409052, 0.124583764452187, 0.5934173482247711], "k_pid_alt": [0.6177697839488376, 0.07853919695045453, 0.022119583522229425], "k_pid_att": [5.268983842269515, 1.110354300244217, 0.7528989687820267], "k_pid_yaw": [0.5, 1e-06, 0.1], "k_pid_hsp": [6.8479618832794245, 0.5718375166387144, 0.5625748846033226], "k_pid_vsp": [171.5435344469207, 15.737537190035837, 2.935733887548556]}, "datetime": {"datetime": "2025-08-14 03:31:26", "elapsed": 63814.354048252106, "delta": 45.11146283149719}, "costs": {"total_cost": 754.9685072763143, "time_cost": 150, "final_distance_cost": 66.38159235681414, "oscillation_cost": 206.92498422343778, "completition_cost": 222.2222222222222, "overshoot_cost": 48.71636939657042, "power_cost": 27.940113098144533, "noise_cost": 32.78322597912546, "n_waypoints_completed": 7, "tot_waypoints": 9}}
{"target": -1011.6194214889291, "params": {"k_pid_pos": [0.7062327879250626, 0.19106623876469053, 0.16312414029806177], "k_pid_alt": [0.3637249892276424, 0.8477678324343783, 0.5836345180437374], "k_pid_att": [18.47315363641089, 9.90697482811399, 0.011427122571355697], "k_pid_yaw": [0.5, 1e-06, 0.1], "k_pid_hsp": [9.93625076219329, 0.996361899074893, 0.05632584786940309], "k_pid_vsp": [289.42518146397254, 333.2983696694138, 97.34240608999349]}, "datetime": {"datetime": "2025-08-14 03:32:06", "elapsed": 63854.48343229294, "delta": 40.12938404083252}, "costs": {"total_cost": 1011.6194214889291, "time_cost": 150, "final_distance_cost": 41.342550524713786, "oscillation_cost": 578.327167243755, "completition_cost": 111.11111111111116, "overshoot_cost": 63.553882551737125, "power_cost": 36.681377490234375, "noise_cost": 30.603332567377684, "n_waypoints_completed": 8, "tot_waypoints": 9}}
{"target": -462.1396242569045, "params": {"k_pid_pos": [0.7254772170163516, 0.6930159016746843, 0.7154920722414148], "k_pid_alt": [1.1490927602108556, 0.6335953229555299, 0.022619289398034592], "k_pid_att": [9.369097624117352, 1.180381675059825, 0.2672490196953101], "k_pid_yaw": [0.5, 1e-06, 0.1], "k_pid_hsp": [3.8115159418384277, 0.36975348497897165, 0.2819730840560908], "k_pid_vsp": [169.60021564975028, 24.28450100402723, 11.670516643232641]}, "datetime": {"datetime": "2025-08-14 03:32:43", "elapsed": 63891.514771938324, "delta": 37.03133964538574}, "costs": {"total_cost": 462.1396242569045, "time_cost": 108.003, "final_distance_cost": 1.7589446598658491, "oscillation_cost": 241.22495547446238, "completition_cost": 0.0, "overshoot_cost": 59.11296140560546, "power_cost": 24.64992305908203, "noise_cost": 27.389839657888803, "n_waypoints_completed": 9, "tot_waypoints": 9}}
{"target": -335.4119546487652, "params": {"k_pid_pos": [1.4074959754638119, 0.05023500650038826, 0.7328638264151333], "k_pid_alt": [1.2529776747289196, 0.4458343562460503, 0.6740667945602696], "k_pid_att": [18.75603752773507, 2.372764322912704, 0.8684935613633017], "k_pid_yaw": [0.5, 1e-06, 0.1], "k_pid_hsp": [7.422917156277109, 0.06396734897920864, 0.6276979892575797], "k_pid_vsp": [247.9171864929496, 265.31096408363896, 57.94019060699648]}, "datetime": {"datetime": "2025-08-14 03:33:14", "elapsed": 63922.00835800171, "delta": 30.49358606338501}, "costs": {"total_cost": 335.4119546487652, "time_cost": 74.96300000000001, "final_distance_cost": 1.7985145579174528, "oscillation_cost": 176.94119388804629, "completition_cost": 0.0, "overshoot_cost": 50.590637193181294, "power_cost": 14.669319067382814, "noise_cost": 16.449289942237353, "n_waypoints_completed": 9, "tot_waypoints": 9}}
{"target": -434.7896946529911, "params": {"k_pid_pos": [1.8693141258518093, 0.203813986256851, 0.548521635945251], "k_pid_alt": [0.45601729986244943, 0.6232586512261142, 0.1114972185889943], "k_pid_att": [11.109261662346636, 6.330978587897137, 0.3922118380686065], "k_pid_yaw": [0.5, 1e-06, 0.1], "k_pid_hsp": [8.15321594843529, 0.4702376665536254, 0.39325071873600426], "k_pid_vsp": [244.68491314156876, 279.348874548066, 57.41287664953016]}, "datetime": {"datetime": "2025-08-14 03:33:54", "elapsed": 63962.65945768356, "delta": 40.65109968185425}, "costs": {"total_cost": 434.7896946529911, "time_cost": 96.97800000000001, "final_distance_cost": 1.7930291591013379, "oscillation_cost": 233.70858048277697, "completition_cost": 0.0, "overshoot_cost": 58.54757312223248, "power_cost": 22.12956348876953, "noise_cost": 21.632948400110813, "n_waypoints_completed": 9, "tot_waypoints": 9}}
{"target": -635.1255845561388, "params": {"k_pid_pos": [1.0085998399875877, 0.5684718121463014, 0.42134396114259776], "k_pid_alt": [1.5043785887432715, 0.7266037289091034, 0.9575757692488543], "k_pid_att": [21.652135189897447, 8.875004082610252, 0.11682604027936849], "k_pid_yaw": [0.5, 1e-06, 0.1], "k_pid_hsp": [8.650269779445763, 0.6265846713208525, 0.44826730150228755], "k_pid_vsp": [299.1080213102868, 335.09357260347844, 64.29036993426634]}, "datetime": {"datetime": "2025-08-14 03:34:32", "elapsed": 64000.31714439392, "delta": 37.657686710357666}, "costs": {"total_cost": 635.1255845561388, "time_cost": 102.305, "final_distance_cost": 1.7680054029908534, "oscillation_cost": 405.3612280982942, "completition_cost": 0.0, "overshoot_cost": 60.80191628962146, "power_cost": 35.955460192871094, "noise_cost": 28.933974572361162, "n_waypoints_completed": 9, "tot_waypoints": 9}}
{"target": -597.5291159921022, "params": {"k_pid_pos": [1.818820612136267, 0.1561415801418068, 0.5997425506913262], "k_pid_alt": [1.485173945047065, 0.12895573280535355, 0.1300914297604875], "k_pid_att": [15.75854789526695, 3.744015134605289, 0.2716936661389886], "k_pid_yaw": [0.5, 1e-06, 0.1], "k_pid_hsp": [3.8714156406414046, 0.2669337342383963, 0.6370899821183584], "k_pid_vsp": [316.3142775601845, 335.55329350101766, 109.45121081141312]}, "datetime": {"datetime": "2025-08-14 03:35:09", "elapsed": 64037.72239971161, "delta": 37.40525531768799}, "costs": {"total_cost": 597.5291159921022, "time_cost": 103.11, "final_distance_cost": 1.7865157674077898, "oscillation_cost": 373.8631105209454, "completition_cost": 0.0, "overshoot_cost": 53.36938987539348, "power_cost": 36.730339208984375, "noise_cost": 28.66976061937122, "n_waypoints_completed": 9, "tot_waypoints": 9}}
{"target": -377.3161974008172, "params": {"k_pid_pos": [1.6587447015060792, 0.33378738546698206, 0.291248549812804], "k_pid_alt": [1.7106868342842922, 0.4771100047893516, 0.8277441601229681], "k_pid_att": [9.006157993066777, 2.3108996449177095, 0.09778975846872195], "k_pid_yaw": [0.5, 1e-06, 0.1], "k_pid_hsp": [3.582782675248478, 0.07158789338592697, 0.3997160956976502], "k_pid_vsp": [182.9390507245948, 18.117708787687054, 12.649570145571229]}, "datetime": {"datetime": "2025-08-14 03:35:42", "elapsed": 64070.6437253952, "delta": 32.92132568359375}, "costs": {"total_cost": 377.3161974008172, "time_cost": 80.717, "final_distance_cost": 1.7927983581387956, "oscillation_cost": 198.66584635019805, "completition_cost": 0.0, "overshoot_cost": 53.96175918791142, "power_cost": 20.912441772460937, "noise_cost": 21.26635173210803, "n_waypoints_completed": 9, "tot_waypoints": 9}}
{"target": -813.7933088497666, "params": {"k_pid_pos": [0.32029958182080903, 0.651100207493543, 0.06283999494973636], "k_pid_alt": [1.7222651461066498, 0.5264772016039097, 0.5312486715350677], "k_pid_att": [32.10359859037985, 6.750610045538315, 0.4846208087162146], "k_pid_yaw": [0.5, 1e-06, 0.1], "k_pid_hsp": [4.659692456053098, 0.5527483752842421, 0.5426137128400094], "k_pid_vsp": [315.2000892906268, 343.725643207504, 98.37741292825602]}, "datetime": {"datetime": "2025-08-14 03:36:39", "elapsed": 64127.036825180054, "delta": 56.393099784851074}, "costs": {"total_cost": 813.7933088497666, "time_cost": 150, "final_distance_cost": 64.20654288982439, "oscillation_cost": 259.2695580443447, "completition_cost": 222.2222222222222, "overshoot_cost": 55.152957856889216, "power_cost": 34.149756848144534, "noise_cost": 28.792270988341574, "n_waypoints_completed": 7, "tot_waypoints": 9}}
{"target": -464.3099608050421, "params": {"k_pid_pos": [0.9320910485966823, 0.848160016543627, 0.16321303976978674], "k_pid_alt": [1.8191250167210833, 0.018364692975611496, 0.08724921269267483], "k_pid_att": [22.262765265498384, 2.700435914977248, 0.4583707414235564], "k_pid_yaw": [0.5, 1e-06, 0.1], "k_pid_hsp": [2.0066025244067984, 0.3610671937936669, 0.6989330508067567], "k_pid_vsp": [319.8599961746005, 339.3696446831658, 101.17371468295275]}, "datetime": {"datetime": "2025-08-14 03:37:15", "elapsed": 64163.85925078392, "delta": 36.82242560386658}, "costs": {"total_cost": 464.3099608050421, "time_cost": 105.784, "final_distance_cost": 1.777597237254514, "oscillation_cost": 222.6604910327053, "completition_cost": 0.0, "overshoot_cost": 70.85359955791992, "power_cost": 34.566028442382816, "noise_cost": 28.668244534779518, "n_waypoints_completed": 9, "tot_waypoints": 9}}
{"target": -1415.7038141348805, "params": {"k_pid_pos": [0.07756163901338911, 0.9300630453215369, 0.13063085185679624], "k_pid_alt": [1.4004838918911158, 0.6420960880026085, 0.3751902267525348], "k_pid_att": [14.284244181517892, 3.0238695148268953, 0.5304994579650708], "k_pid_yaw": [0.5, 1e-06, 0.1], "k_pid_hsp": [3.2344718563821084, 0.6157317848369994, 0.3631359038736208], "k_pid_vsp": [282.6156312580702, 341.2928352447511, 104.35731658733293]}, "datetime": {"datetime": "2025-08-14 03:38:06", "elapsed": 64214.51075863838, "delta": 50.65150785446167}, "costs": {"total_cost": 1415.7038141348805, "time_cost": 150, "final_distance_cost": 59.942263465929415, "oscillation_cost": 109.70384881178182, "completition_cost": 777.7777777777778, "overshoot_cost": 156.99697886270866, "power_cost": 53.03882219238282, "noise_cost": 108.24412302429975, "n_waypoints_completed": 2, "tot_waypoints": 9}}
{"target": -1312.1533810253588, "params": {"k_pid_pos": [0.14270059409214775, 0.24508192344697788, 0.08704429148268522], "k_pid_alt": [0.7173400928036282, 0.3718860580529093, 0.7716186364724624], "k_pid_att": [4.634195156922106, 8.407445392994372, 0.46775978821002495], "k_pid_yaw": [0.5, 1e-06, 0.1], "k_pid_hsp": [7.519773207776479, 0.012153396292509555, 0.9175179247176288], "k_pid_vsp": [273.21024483891006, 272.7826483456798, 46.03910147190625]}, "datetime": {"datetime": "2025-08-14 03:38:46", "elapsed": 64254.510770082474, "delta": 40.0000114440918}, "costs": {"total_cost": 1312.1533810253588, "time_cost": 150, "final_distance_cost": 54.00871733398662, "oscillation_cost": 325.0861309252308, "completition_cost": 666.6666666666667, "overshoot_cost": 48.068072699972674, "power_cost": 36.18994743652344, "noise_cost": 32.13384596297873, "n_waypoints_completed": 3, "tot_waypoints": 9}}
{"target": -508.2785589869827, "params": {"k_pid_pos": [1.9788053008408413, 0.6183060884385964, 0.9066903652294777], "k_pid_alt": [1.6338165821526642, 0.5366200526406997, 0.3783461413843112], "k_pid_att": [22.904772817712406, 4.319141221374617, 0.6250043651609826], "k_pid_yaw": [0.5, 1e-06, 0.1], "k_pid_hsp": [5.847900915375453, 0.3358394989918351, 0.9281597976896199], "k_pid_vsp": [257.8325164984027, 261.12422688762746, 50.049883722509854]}, "datetime": {"datetime": "2025-08-14 03:39:23", "elapsed": 64291.343219041824, "delta": 36.832448959350586}, "costs": {"total_cost": 508.2785589869827, "time_cost": 98.147, "final_distance_cost": 1.7464037173594864, "oscillation_cost": 302.46668242806385, "completition_cost": 0.0, "overshoot_cost": 54.626207287456396, "power_cost": 26.801035961914064, "noise_cost": 24.491229592188915, "n_waypoints_completed": 9, "tot_waypoints": 9}}
{"target": -255.05487397985996, "params": {"k_pid_pos": [1.5909074859841144, 0.19099779178337087, 0.6167305450532693], "k_pid_alt": [1.2259114786911494, 1.0, 0.3804797762637432], "k_pid_att": [22.009025869948417, 4.396803410993578, 0.6257201028629565], "k_pid_yaw": [0.5, 1e-06, 0.1], "k_pid_hsp": [4.752267600284706, 0.32629781934514407, 0.0], "k_pid_vsp": [322.2595357548717, 329.53021142487717, 95.2974114128322]}, "datetime": {"datetime": "2025-08-14 03:40:00", "elapsed": 64328.88665795326, "delta": 37.54343891143799}, "costs": {"total_cost": 255.05487397985996, "time_cost": 91.651, "final_distance_cost": 1.8021803779927128, "oscillation_cost": 54.60134417597658, "completition_cost": 0.0, "overshoot_cost": 58.41915608040419, "power_cost": 25.927213037109375, "noise_cost": 22.653980308377136, "n_waypoints_completed": 9, "tot_waypoints": 9}}
{"target": -329.4657494878775, "params": {"k_pid_pos": [1.8829881141972733, 0.10997037621630457, 0.5800243920208749], "k_pid_alt": [1.5846249424291954, 0.13141490516506327, 0.9961254579230507], "k_pid_att": [6.969471507126124, 0.7512875295823842, 0.7778726796993124], "k_pid_yaw": [0.5, 1e-06, 0.1], "k_pid_hsp": [6.395725088331631, 0.9579116176915774, 0.7581010584638592], "k_pid_vsp": [300.76195919002595, 337.219560073602, 91.54801154498557]}, "datetime": {"datetime": "2025-08-14 03:40:34", "elapsed": 64362.46567392349, "delta": 33.5790159702301}, "costs": {"total_cost": 329.4657494878775, "time_cost": 89.474, "final_distance_cost": 1.817917697502922, "oscillation_cost": 134.26189144614384, "completition_cost": 0.0, "overshoot_cost": 54.49708949575239, "power_cost": 27.109741748046876, "noise_cost": 22.305109100431434, "n_waypoints_completed": 9, "tot_waypoints": 9}}
{"target": -490.42886291154497, "params": {"k_pid_pos": [1.7716267736898854, 0.9374264098914622, 0.6003309901391396], "k_pid_alt": [1.2865851867349871, 0.9820510174204847, 0.9036421266363186], "k_pid_att": [21.635709024894833, 1.5906994465779132, 0.28872298213010417], "k_pid_yaw": [0.5, 1e-06, 0.1], "k_pid_hsp": [9.587316669616094, 0.7762396446584469, 0.5141902714533112], "k_pid_vsp": [275.198581267552, 335.8944358230788, 107.23676383847409]}, "datetime": {"datetime": "2025-08-14 03:41:12", "elapsed": 64400.60373926163, "delta": 38.138065338134766}, "costs": {"total_cost": 490.42886291154497, "time_cost": 101.143, "final_distance_cost": 1.7194972277358718, "oscillation_cost": 271.42233280581894, "completition_cost": 0.0, "overshoot_cost": 60.02172105565078, "power_cost": 29.723673498535156, "noise_cost": 26.398638323804175, "n_waypoints_completed": 9, "tot_waypoints": 9}}
{"target": -486.4957854542745, "params": {"k_pid_pos": [0.6858821161394902, 0.5038666072764534, 0.7989326469005735], "k_pid_alt": [1.2367254790755389, 0.3339034907290308, 0.2780985043392], "k_pid_att": [1.8348203121078321, 0.33963729123659825, 0.6958918806372227], "k_pid_yaw": [0.5, 1e-06, 0.1], "k_pid_hsp": [4.4321777291439, 0.5066353015952646, 0.44169793618737807], "k_pid_vsp": [172.86047187889088, 22.90596546377137, 6.72441807292628]}, "datetime": {"datetime": "2025-08-14 03:41:54", "elapsed": 64442.318919181824, "delta": 41.71517992019653}, "costs": {"total_cost": 486.4957854542745, "time_cost": 150, "final_distance_cost": 2.684488882830467, "oscillation_cost": 109.28508746935968, "completition_cost": 111.11111111111116, "overshoot_cost": 63.41630034982131, "power_cost": 21.309322424316406, "noise_cost": 28.689475216835504, "n_waypoints_completed": 8, "tot_waypoints": 9}}
{"target": -386.78021941786653, "params": {"k_pid_pos": [0.9678877442914066, 0.8100621192098266, 0.7252038998121106], "k_pid_alt": [1.395133924953015, 0.32921380356464824, 0.5083464130461887], "k_pid_att": [14.582648290517197, 6.061501102329162, 0.11108813626438252], "k_pid_yaw": [0.5, 1e-06, 0.1], "k_pid_hsp": [5.971960709500986, 0.7657309800885852, 0.03522531182753996], "k_pid_vsp": [153.87890959398223, 26.848062369301335, 5.295656318119779]}, "datetime": {"datetime": "2025-08-14 03:42:27", "elapsed": 64474.97121691704, "delta": 32.65229773521423}, "costs": {"total_cost": 386.78021941786653, "time_cost": 81.536, "final_distance_cost": 1.7877541225535079, "oscillation_cost": 218.8629335646284, "completition_cost": 0.0, "overshoot_cost": 50.827449955894565, "power_cost": 12.944251489257812, "noise_cost": 20.82183028553225, "n_waypoints_completed": 9, "tot_waypoints": 9}}
{"target": -497.1040983821984, "params": {"k_pid_pos": [1.2220480571049144, 0.7072147489226164, 0.7789111996870063], "k_pid_alt": [1.254468097103032, 0.7626209242750276, 0.5616635550947745], "k_pid_att": [19.638360260390243, 5.2862091017945545, 0.6649903296091827], "k_pid_yaw": [0.5, 1e-06, 0.1], "k_pid_hsp": [9.779062882533616, 0.27626557005465935, 0.7260166003552407], "k_pid_vsp": [251.68275932816707, 270.9181172092349, 52.38558754285009]}, "datetime": {"datetime": "2025-08-14 03:43:07", "elapsed": 64514.963673591614, "delta": 39.992456674575806}, "costs": {"total_cost": 497.1040983821984, "time_cost": 98.777, "final_distance_cost": 1.764133386570901, "oscillation_cost": 285.8941510431384, "completition_cost": 0.0, "overshoot_cost": 57.863522295787064, "power_cost": 27.890903051757814, "noise_cost": 24.91438860494429, "n_waypoints_completed": 9, "tot_waypoints": 9}}
{"target": -959.5616319416024, "params": {"k_pid_pos": [1.0918943517620763, 0.9805133107930453, 0.1584607531460419], "k_pid_alt": [0.581262119940362, 0.43640827863940546, 0.37005871639366417], "k_pid_att": [10.021869805863115, 4.266041083000086, 0.0016621390932524127], "k_pid_yaw": [0.5, 1e-06, 0.1], "k_pid_hsp": [5.158143578554566, 0.1976372304344549, 0.6533558237972635], "k_pid_vsp": [308.7239790539146, 341.375109520165, 116.777232214807]}, "datetime": {"datetime": "2025-08-14 03:44:09", "elapsed": 64577.40200281143, "delta": 62.438329219818115}, "costs": {"total_cost": 959.5616319416024, "time_cost": 150, "final_distance_cost": 63.41521562417576, "oscillation_cost": 288.8725224295203, "completition_cost": 333.33333333333337, "overshoot_cost": 66.62233453730678, "power_cost": 29.414294848632814, "noise_cost": 27.90393116863349, "n_waypoints_completed": 6, "tot_waypoints": 9}}
{"target": -445.4148593045518, "params": {"k_pid_pos": [1.8639521381967445, 0.7024316606210628, 0.4462115687873456], "k_pid_alt": [0.8410038682624514, 0.28986422368530573, 0.08640129386003981], "k_pid_att": [22.10877930678058, 5.542680431716074, 0.281022700536701], "k_pid_yaw": [0.5, 1e-06, 0.1], "k_pid_hsp": [1.539008909171809, 0.9662713079077309, 0.5744891410873334], "k_pid_vsp": [285.08851578829234, 344.07482097069254, 122.32554870085947]}, "datetime": {"datetime": "2025-08-14 03:44:56", "elapsed": 64624.69633293152, "delta": 47.29433012008667}, "costs": {"total_cost": 445.4148593045518, "time_cost": 117.74000000000001, "final_distance_cost": 1.7635369233338416, "oscillation_cost": 191.37537735780677, "completition_cost": 0.0, "overshoot_cost": 69.15918426819385, "power_cost": 34.81043366699219, "noise_cost": 30.56632708822513, "n_waypoints_completed": 9, "tot_waypoints": 9}}
