{"target": -562.349868882594, "params": {"k_pid_pos": [1.7012498046610909, 0.3960019554353741, 0.7849135032699509], "k_pid_alt": [1.6228390484317774, 0.6988983820206641, 0.8304700008379247], "k_pid_att": [27.41575857628834, 5.362062985031702, 0.32525570683469285], "k_pid_yaw": [0.5, 1e-06, 0.1], "k_pid_hsp": [4.940882660516173, 0.3990103728673513, 0.6122549642702615], "k_pid_vsp": [243.69910803907806, 288.5537603252382, 47.41417080082807]}, "datetime": {"datetime": "2025-08-13 16:55:57", "elapsed": 25685.85413789749, "delta": 27.04013419151306}, "costs": {"total_cost": 562.349868882594, "time_cost": 89.523, "final_distance_cost": 1.7824091258589299, "oscillation_cost": 364.08132450019696, "completition_cost": 0.0, "overshoot_cost": 54.73195446482724, "power_cost": 28.3938017578125, "noise_cost": 23.837379033898383, "n_waypoints_completed": 9, "tot_waypoints": 9}}
{"target": -902.7818083795855, "params": {"k_pid_pos": [1.1749421630466763, 0.7276850065146946, 0.017883386248594868], "k_pid_alt": [0.5142143703199162, 0.9600129779612259, 0.18210284504655183], "k_pid_att": [10.981457591911415, 3.332790977730575, 0.4201408195681543], "k_pid_yaw": [0.5, 1e-06, 0.1], "k_pid_hsp": [7.1515296527130845, 0.20916655767858372, 0.5307158908222119], "k_pid_vsp": [313.37926822449884, 321.9542271722631, 110.26726350491481]}, "datetime": {"datetime": "2025-08-13 16:56:31", "elapsed": 25719.078376054764, "delta": 33.22423815727234}, "costs": {"total_cost": 902.7818083795855, "time_cost": 150, "final_distance_cost": 79.80156923342275, "oscillation_cost": 212.4447594758257, "completition_cost": 333.33333333333337, "overshoot_cost": 62.28212678958669, "power_cost": 34.108131054687505, "noise_cost": 30.811888492729473, "n_waypoints_completed": 6, "tot_waypoints": 9}}
{"target": -497.66967758338336, "params": {"k_pid_pos": [0.6230013221125958, 0.5201240553938351, 0.48647065816710666], "k_pid_alt": [1.165252533308256, 0.5037980805829482, 0.03025332795693747], "k_pid_att": [40.35046114220576, 5.317543849429597, 0.9674514811925674], "k_pid_yaw": [0.5, 1e-06, 0.1], "k_pid_hsp": [6.464669781286909, 0.6866546539281768, 0.6587882557573853], "k_pid_vsp": [221.96188350780895, 282.52770167838815, 42.579500879090766]}, "datetime": {"datetime": "2025-08-13 16:56:57", "elapsed": 25745.596443414688, "delta": 26.518067359924316}, "costs": {"total_cost": 497.66967758338336, "time_cost": 102.137, "final_distance_cost": 1.7800706494125151, "oscillation_cost": 288.59800834757345, "completition_cost": 0.0, "overshoot_cost": 56.19569527773695, "power_cost": 24.829811157226565, "noise_cost": 24.12909215143392, "n_waypoints_completed": 9, "tot_waypoints": 9}}
{"target": -951.1773079180191, "params": {"k_pid_pos": [0.8990128134639667, 0.7578664737421267, 0.41101915910283326], "k_pid_alt": [0.9326421526677537, 0.7516877863150639, 0.5023288612365607], "k_pid_att": [5.8589604361589664, 5.100097402382535, 0.46553140414276617], "k_pid_yaw": [0.5, 1e-06, 0.1], "k_pid_hsp": [1.1016752208715284, 0.6098582332642499, 0.6612197840993836], "k_pid_vsp": [300.41694642787013, 333.99584303547203, 90.2608627305746]}, "datetime": {"datetime": "2025-08-13 16:57:29", "elapsed": 25777.638862848282, "delta": 32.04241943359375}, "costs": {"total_cost": 951.1773079180191, "time_cost": 150, "final_distance_cost": 77.2240677229501, "oscillation_cost": 258.2508081228536, "completition_cost": 333.33333333333337, "overshoot_cost": 63.7442221985629, "power_cost": 36.82271108398438, "noise_cost": 31.802165456334833, "n_waypoints_completed": 6, "tot_waypoints": 9}}
{"target": -1193.1822811287943, "params": {"k_pid_pos": [0.23751931634766071, 0.7881502671820253, 0.7329924770900726], "k_pid_alt": [1.8262026065053591, 0.4714966711955566, 0.35182777800712806], "k_pid_att": [26.176626658981363, 2.3666901375246874, 0.8327957491918598], "k_pid_yaw": [0.5, 1e-06, 0.1], "k_pid_hsp": [3.4748453315754815, 0.8231537868893118, 0.6814652625079526], "k_pid_vsp": [164.1506904879736, 11.844665859665582, 19.943627755702565]}, "datetime": {"datetime": "2025-08-13 16:58:03", "elapsed": 25811.38437151909, "delta": 33.745508670806885}, "costs": {"total_cost": 1193.1822811287943, "time_cost": 150, "final_distance_cost": 49.82698511295816, "oscillation_cost": 319.8899058611515, "completition_cost": 555.5555555555555, "overshoot_cost": 53.05252953123775, "power_cost": 34.8540176147461, "noise_cost": 30.003287453145454, "n_waypoints_completed": 4, "tot_waypoints": 9}}
{"target": -863.2028502998502, "params": {"k_pid_pos": [0.29396834739119576, 0.6236084336796531, 0.5523294226525547], "k_pid_alt": [0.7166466111787255, 0.32025875142962856, 0.4331080639788757], "k_pid_att": [10.186626512162588, 2.932359476259957, 0.5568870571609593], "k_pid_yaw": [0.5, 1e-06, 0.1], "k_pid_hsp": [7.4338208878136935, 0.7438131045084054, 0.579853484791946], "k_pid_vsp": [317.26933996803837, 325.466316579872, 106.00531969568424]}, "datetime": {"datetime": "2025-08-13 16:58:34", "elapsed": 25842.814130306244, "delta": 31.42975878715515}, "costs": {"total_cost": 863.2028502998502, "time_cost": 150, "final_distance_cost": 67.50029368332912, "oscillation_cost": 304.8544442941955, "completition_cost": 222.2222222222222, "overshoot_cost": 48.89561957415642, "power_cost": 38.56104783935547, "noise_cost": 31.1692226865915, "n_waypoints_completed": 7, "tot_waypoints": 9}}
{"target": -578.8764476380613, "params": {"k_pid_pos": [0.4868357085401963, 0.08215363236295636, 0.4861744535049404], "k_pid_alt": [0.165887906764852, 0.0713512597346374, 0.6315799559179751], "k_pid_att": [18.070263401595497, 0.22937790941299427, 0.6709590685827933], "k_pid_yaw": [0.5, 1e-06, 0.1], "k_pid_hsp": [5.007722286800854, 0.4583391026905127, 0.0020915346141126], "k_pid_vsp": [278.6074301594089, 338.54999172661064, 107.30151457493093]}, "datetime": {"datetime": "2025-08-13 16:59:09", "elapsed": 25877.07772731781, "delta": 34.26359701156616}, "costs": {"total_cost": 578.8764476380613, "time_cost": 150, "final_distance_cost": 65.45024982875964, "oscillation_cost": 35.218671618947106, "completition_cost": 222.2222222222222, "overshoot_cost": 51.752956386300184, "power_cost": 28.439167236328128, "noise_cost": 25.7931803455041, "n_waypoints_completed": 7, "tot_waypoints": 9}}
{"target": -802.2506842719073, "params": {"k_pid_pos": [0.754475448937323, 0.009625102681534048, 0.47221103549333077], "k_pid_alt": [0.7455863504352704, 0.23234274652247733, 0.009284863705774637], "k_pid_att": [51.696340746775014, 1.5334321254174048, 0.2282308144787909], "k_pid_yaw": [0.5, 1e-06, 0.1], "k_pid_hsp": [5.324063706422744, 0.4791528129265623, 0.7711479724210437], "k_pid_vsp": [186.22604934944377, 18.42318923714296, 3.25850115407293]}, "datetime": {"datetime": "2025-08-13 16:59:37", "elapsed": 25905.88098502159, "delta": 28.803257703781128}, "costs": {"total_cost": 802.2506842719073, "time_cost": 105.672, "final_distance_cost": 1.7525915812058044, "oscillation_cost": 575.9575534715951, "completition_cost": 0.0, "overshoot_cost": 57.83113827290455, "power_cost": 32.47639930419922, "noise_cost": 28.56100164200248, "n_waypoints_completed": 9, "tot_waypoints": 9}}
{"target": -1062.1789804663003, "params": {"k_pid_pos": [1.6520061010473368, 0.9677477389233923, 0.9392446410575228], "k_pid_alt": [1.3232827148423678, 0.1592025202681283, 0.8004966060494607], "k_pid_att": [34.045868744669875, 0.3734140087619103, 0.8468601144477733], "k_pid_yaw": [0.5, 1e-06, 0.1], "k_pid_hsp": [2.153600781782745, 0.12620946458585314, 0.45807784773920446], "k_pid_vsp": [234.72304675057308, 269.06385102376055, 50.25715284097418]}, "datetime": {"datetime": "2025-08-13 17:00:10", "elapsed": 25938.511274576187, "delta": 32.63028955459595}, "costs": {"total_cost": 1062.1789804663003, "time_cost": 150, "final_distance_cost": 73.70504068296042, "oscillation_cost": 365.95071151304114, "completition_cost": 333.33333333333337, "overshoot_cost": 55.61637740575698, "power_cost": 45.73928944091797, "noise_cost": 37.83422809029057, "n_waypoints_completed": 6, "tot_waypoints": 9}}
{"target": -854.9124900903992, "params": {"k_pid_pos": [0.4977610053991125, 0.3655666330014463, 0.14157135420452227], "k_pid_alt": [1.3308613513005314, 0.3546989390537102, 0.18993655281602795], "k_pid_att": [7.3676775669613725, 5.2573437984020925, 0.36072539353069166], "k_pid_yaw": [0.5, 1e-06, 0.1], "k_pid_hsp": [5.7234970353897285, 0.9577182198131136, 0.7324111233129668], "k_pid_vsp": [162.69780130093795, 12.24941637938081, 25.33468152772846]}, "datetime": {"datetime": "2025-08-13 17:00:41", "elapsed": 25969.570217847824, "delta": 31.058943271636963}, "costs": {"total_cost": 854.9124900903992, "time_cost": 150, "final_distance_cost": 67.13201403436628, "oscillation_cost": 303.11585041368994, "completition_cost": 222.2222222222222, "overshoot_cost": 48.966886768773705, "power_cost": 33.80831101074219, "noise_cost": 29.667205640604845, "n_waypoints_completed": 7, "tot_waypoints": 9}}
{"target": -386.8546647372554, "params": {"k_pid_pos": [1.7095877300648437, 0.30569359837566706, 0.5825180315355905], "k_pid_alt": [1.3821933129850115, 0.998773437995501, 0.39858064075838906], "k_pid_att": [8.933799249437559, 4.970110821173858, 0.4412078740675695], "k_pid_yaw": [0.5, 1e-06, 0.1], "k_pid_hsp": [5.812110974481145, 0.6783635462579357, 0.3435718437153653], "k_pid_vsp": [314.2447218737448, 344.0746961385383, 102.87268003472757]}, "datetime": {"datetime": "2025-08-13 17:01:07", "elapsed": 25995.333931207657, "delta": 25.763713359832764}, "costs": {"total_cost": 386.8546647372554, "time_cost": 95.58500000000001, "final_distance_cost": 1.785198522585687, "oscillation_cost": 189.71156488209698, "completition_cost": 0.0, "overshoot_cost": 55.83325401580678, "power_cost": 22.5563291015625, "noise_cost": 21.383318215203495, "n_waypoints_completed": 9, "tot_waypoints": 9}}
{"target": -635.9922494361309, "params": {"k_pid_pos": [1.4848461777914042, 0.6609253294090647, 0.5010888791052066], "k_pid_alt": [0.6361800243623579, 0.49077790609813954, 0.40293754483345257], "k_pid_att": [22.803236717817477, 3.9104710961874454, 0.06470640696593477], "k_pid_yaw": [0.5, 1e-06, 0.1], "k_pid_hsp": [6.572727412220957, 0.11372593246203822, 0.6379040655169799], "k_pid_vsp": [190.20738272053387, 14.452572340254685, 18.671668096644055]}, "datetime": {"datetime": "2025-08-13 17:01:33", "elapsed": 26021.346755981445, "delta": 26.012824773788452}, "costs": {"total_cost": 635.9922494361309, "time_cost": 97.986, "final_distance_cost": 1.7382851199934082, "oscillation_cost": 429.04757113039574, "completition_cost": 0.0, "overshoot_cost": 55.651700958723644, "power_cost": 25.752718566894533, "noise_cost": 25.81597366012362, "n_waypoints_completed": 9, "tot_waypoints": 9}}
{"target": -1398.8007618051483, "params": {"k_pid_pos": [1.6405267509036285, 0.9623116903380899, 0.9005737494468181], "k_pid_alt": [0.2552015152915361, 0.9402727580755998, 0.005040045536299331], "k_pid_att": [37.49349898290433, 4.886646016302638, 0.5062231930628641], "k_pid_yaw": [0.5, 1e-06, 0.1], "k_pid_hsp": [1.7458029705172171, 0.6572521388628721, 0.9406746526495265], "k_pid_vsp": [223.34495990729897, 281.8257244631463, 41.15513686897904]}, "datetime": {"datetime": "2025-08-13 17:02:06", "elapsed": 26054.156620502472, "delta": 32.80986452102661}, "costs": {"total_cost": 1398.8007618051483, "time_cost": 150, "final_distance_cost": 82.77168000121574, "oscillation_cost": 255.42694937514847, "completition_cost": 777.7777777777778, "overshoot_cost": 58.15226249340045, "power_cost": 42.193462036132814, "noise_cost": 32.47863012147282, "n_waypoints_completed": 2, "tot_waypoints": 9}}
{"target": -688.3053665676513, "params": {"k_pid_pos": [1.7646612354700364, 0.33131408829233755, 0.14209350921714936], "k_pid_alt": [0.019250040933530776, 0.8979663130978034, 0.8700993103308069], "k_pid_att": [27.214557615941683, 7.883895301150026, 0.2535041239336545], "k_pid_yaw": [0.5, 1e-06, 0.1], "k_pid_hsp": [6.628560895049343, 0.8810613748360064, 0.582366017176518], "k_pid_vsp": [160.1628940102271, 13.449929949504622, 9.2675263762024]}, "datetime": {"datetime": "2025-08-13 17:02:38", "elapsed": 26085.98031258583, "delta": 31.823692083358765}, "costs": {"total_cost": 688.3053665676513, "time_cost": 118.671, "final_distance_cost": 1.7697377132069376, "oscillation_cost": 421.03618201279437, "completition_cost": 0.0, "overshoot_cost": 67.1480588842524, "power_cost": 41.071106396484375, "noise_cost": 38.609281560913146, "n_waypoints_completed": 9, "tot_waypoints": 9}}
{"target": -486.0669139582386, "params": {"k_pid_pos": [0.9905817920759178, 0.22469600938007184, 0.10930617174284096], "k_pid_alt": [1.520640684993567, 0.030139342768849997, 0.14451493903700652], "k_pid_att": [46.572763940145, 3.517930607967649, 0.3007907631249137], "k_pid_yaw": [0.5, 1e-06, 0.1], "k_pid_hsp": [1.9180290292356452, 0.44574252550018756, 0.2203056436448957], "k_pid_vsp": [95.00869427863626, 358.94865097887896, 47.07370300461539]}, "datetime": {"datetime": "2025-08-13 17:02:59", "elapsed": 26107.440109968185, "delta": 21.459797382354736}, "costs": {"total_cost": 486.0669139582386, "time_cost": 81.991, "final_distance_cost": 1.7370775810541481, "oscillation_cost": 301.68292459062394, "completition_cost": 0.0, "overshoot_cost": 52.25490977452437, "power_cost": 26.21731951904297, "noise_cost": 22.183682492993153, "n_waypoints_completed": 9, "tot_waypoints": 9}}
{"target": -766.1506491309096, "params": {"k_pid_pos": [0.7293434829560413, 0.34000670813887246, 0.5565758955962959], "k_pid_alt": [0.34999271787334774, 0.2131312826285373, 0.06313458415300899], "k_pid_att": [4.907318180184794, 1.0188581388905467, 0.2571300859607698], "k_pid_yaw": [0.5, 1e-06, 0.1], "k_pid_hsp": [9.841828417346745, 0.12864498782282052, 0.7466016614859423], "k_pid_vsp": [314.36642600248246, 349.1103155352562, 103.68173899420131]}, "datetime": {"datetime": "2025-08-13 17:03:31", "elapsed": 26139.728037834167, "delta": 32.287927865982056}, "costs": {"total_cost": 766.1506491309096, "time_cost": 150, "final_distance_cost": 45.57218863798885, "oscillation_cost": 319.08474753501787, "completition_cost": 111.11111111111116, "overshoot_cost": 59.77954007870774, "power_cost": 45.07266463623047, "noise_cost": 35.530397131853526, "n_waypoints_completed": 8, "tot_waypoints": 9}}
{"target": -889.4644645963155, "params": {"k_pid_pos": [1.0479475158155738, 0.3085707426522559, 0.5527739597230901], "k_pid_alt": [0.13453897940614357, 0.12623282806249336, 0.9551105375234792], "k_pid_att": [55.2668916011328, 8.97403922247899, 0.014816595119062748], "k_pid_yaw": [0.5, 1e-06, 0.1], "k_pid_hsp": [8.156170468705291, 0.34614517136328693, 0.2569214035832036], "k_pid_vsp": [107.19933130012151, 354.2348209561597, 47.32189799654188]}, "datetime": {"datetime": "2025-08-13 17:04:02", "elapsed": 26170.912266492844, "delta": 31.184228658676147}, "costs": {"total_cost": 889.4644645963155, "time_cost": 115.822, "final_distance_cost": 1.7584607701934254, "oscillation_cost": 658.789153358995, "completition_cost": 0.0, "overshoot_cost": 58.743580662731475, "power_cost": 28.15200924072266, "noise_cost": 26.199260563672865, "n_waypoints_completed": 9, "tot_waypoints": 9}}
{"target": -373.68408982582787, "params": {"k_pid_pos": [1.8352175265915263, 0.11902639310068153, 0.48342139904853165], "k_pid_alt": [1.1840194625226494, 0.6672590247209154, 0.16487075918037963], "k_pid_att": [14.622664751115444, 3.6906184234771495, 0.24683428941186125], "k_pid_yaw": [0.5, 1e-06, 0.1], "k_pid_hsp": [5.204622680302627, 0.7800723698736, 0.39230900189788975], "k_pid_vsp": [261.7328887671511, 273.36984116015543, 38.643203654432334]}, "datetime": {"datetime": "2025-08-13 17:04:26", "elapsed": 26194.64533853531, "delta": 23.73307204246521}, "costs": {"total_cost": 373.68408982582787, "time_cost": 79.849, "final_distance_cost": 1.7651105318286047, "oscillation_cost": 197.5260250755362, "completition_cost": 0.0, "overshoot_cost": 52.1123110959877, "power_cost": 22.03151492919922, "noise_cost": 20.400128193276124, "n_waypoints_completed": 9, "tot_waypoints": 9}}
{"target": -910.1746566050059, "params": {"k_pid_pos": [1.3693146698607426, 0.9856554981085264, 0.3617281848682491], "k_pid_alt": [1.80832152131462, 0.1333307543271922, 0.6186982351209103], "k_pid_att": [19.77372656560924, 3.2415904045619506, 0.37904001168324464], "k_pid_yaw": [0.5, 1e-06, 0.1], "k_pid_hsp": [6.2262580524586815, 0.006962915249584922, 0.38294288139004007], "k_pid_vsp": [174.92455290979137, 23.109206053720335, 15.27728873693769]}, "datetime": {"datetime": "2025-08-13 17:04:57", "elapsed": 26225.43410372734, "delta": 30.78876519203186}, "costs": {"total_cost": 910.1746566050059, "time_cost": 150, "final_distance_cost": 66.15550586230205, "oscillation_cost": 354.87308307508334, "completition_cost": 222.2222222222222, "overshoot_cost": 48.11343767401185, "power_cost": 37.177956689453126, "noise_cost": 31.632451081933365, "n_waypoints_completed": 7, "tot_waypoints": 9}}
{"target": -596.6437646769976, "params": {"k_pid_pos": [0.5906466246012955, 0.9018169432611977, 0.1614036110865017], "k_pid_alt": [1.9797413937327315, 0.6978836516999487, 0.9741675954691381], "k_pid_att": [18.71850354445065, 0.62753340257879, 0.6768896224164594], "k_pid_yaw": [0.5, 1e-06, 0.1], "k_pid_hsp": [0.7730625650902903, 0.8730830084463074, 0.4816303178406207], "k_pid_vsp": [172.6599464068931, 14.107049111539013, 17.95817654674029]}, "datetime": {"datetime": "2025-08-13 17:05:28", "elapsed": 26256.157027244568, "delta": 30.722923517227173}, "costs": {"total_cost": 596.6437646769976, "time_cost": 150, "final_distance_cost": 70.52327226655399, "oscillation_cost": 125.0550100609668, "completition_cost": 111.11111111111116, "overshoot_cost": 71.34104659653471, "power_cost": 36.14354523925781, "noise_cost": 32.46977940257321, "n_waypoints_completed": 8, "tot_waypoints": 9}}
{"target": -1408.4104660747942, "params": {"k_pid_pos": [0.0591911603937778, 0.013825875158335665, 0.6679847334123331], "k_pid_alt": [0.5280927575728946, 0.2101334434610237, 0.9867645044256786], "k_pid_att": [3.8878181059422534, 9.30124028920875, 0.5451391160559067], "k_pid_yaw": [0.5, 1e-06, 0.1], "k_pid_hsp": [7.393276345177066, 0.37059374855555394, 0.7162714414453241], "k_pid_vsp": [178.01894832030052, 31.83405115689466, 11.085056826906479]}, "datetime": {"datetime": "2025-08-13 17:05:59", "elapsed": 26287.61712884903, "delta": 31.46010160446167}, "costs": {"total_cost": 1408.4104660747942, "time_cost": 150, "final_distance_cost": 75.70672618349958, "oscillation_cost": 285.52614683429385, "completition_cost": 777.7777777777778, "overshoot_cost": 57.431224068929, "power_cost": 32.53219674072266, "noise_cost": 29.4363944695713, "n_waypoints_completed": 2, "tot_waypoints": 9}}
{"target": -477.4944587700809, "params": {"k_pid_pos": [1.019739463294336, 0.688746626684045, 0.07582766591642354], "k_pid_alt": [1.0364255550747181, 0.5793815707045447, 0.45332077725970366], "k_pid_att": [6.403685257925362, 4.872816039367874, 0.2874926233094556], "k_pid_yaw": [0.5, 1e-06, 0.1], "k_pid_hsp": [9.754393503990698, 0.2963741723451031, 0.5451339842099583], "k_pid_vsp": [305.30539084672426, 336.713879623396, 93.83922142054948]}, "datetime": {"datetime": "2025-08-13 17:06:28", "elapsed": 26316.017657756805, "delta": 28.40052890777588}, "costs": {"total_cost": 477.4944587700809, "time_cost": 112.294, "final_distance_cost": 1.7943695482045776, "oscillation_cost": 237.35182565639536, "completition_cost": 0.0, "overshoot_cost": 59.237593399657165, "power_cost": 35.21094818115235, "noise_cost": 31.605721984671433, "n_waypoints_completed": 9, "tot_waypoints": 9}}
{"target": -280.48896165708965, "params": {"k_pid_pos": [1.9766774880425124, 0.10211903181409088, 0.3352740749778246], "k_pid_alt": [1.1471317814600903, 0.7069167376117828, 0.815239757021378], "k_pid_att": [20.712129090495512, 4.183636814291465, 0.9261746040302439], "k_pid_yaw": [0.5, 1e-06, 0.1], "k_pid_hsp": [3.4488338453088705, 0.8583257056993789, 0.07497358509868346], "k_pid_vsp": [289.3591490031307, 333.3130731495409, 97.1522167378618]}, "datetime": {"datetime": "2025-08-13 17:06:51", "elapsed": 26339.05966901779, "delta": 23.042011260986328}, "costs": {"total_cost": 280.48896165708965, "time_cost": 85.638, "final_distance_cost": 1.7993960557903699, "oscillation_cost": 90.32008997729059, "completition_cost": 0.0, "overshoot_cost": 51.946141521289945, "power_cost": 27.582299938964844, "noise_cost": 23.20303416375392, "n_waypoints_completed": 9, "tot_waypoints": 9}}
{"target": -411.6023358465916, "params": {"k_pid_pos": [1.465137329578281, 0.19143286199492848, 0.21084863056279135], "k_pid_alt": [0.9343649140291836, 0.23356381203684062, 0.9104585816019072], "k_pid_att": [12.57289040860895, 4.741672197809634, 0.6790506219007976], "k_pid_yaw": [0.5, 1e-06, 0.1], "k_pid_hsp": [3.118784979161366, 0.7278328429411024, 0.8725820611119943], "k_pid_vsp": [175.8026537068019, 28.803598450506474, 14.260378362287007]}, "datetime": {"datetime": "2025-08-13 17:07:18", "elapsed": 26366.15060520172, "delta": 27.090936183929443}, "costs": {"total_cost": 411.6023358465916, "time_cost": 96.985, "final_distance_cost": 1.7675343258852787, "oscillation_cost": 202.25685744129402, "completition_cost": 0.0, "overshoot_cost": 54.629097830189565, "power_cost": 29.126502014160156, "noise_cost": 26.83734423506256, "n_waypoints_completed": 9, "tot_waypoints": 9}}
