{"target": -596.3315816610734, "params": {"k_pid_pos": [0.8729341188389492, 0.4355455103700345, 0.9911792547690265], "k_pid_alt": [0.88613566574846, 0.30015907252119134, 0.5968854143792689], "k_pid_att": [3.8787374394736562, 6.657115020347066, 0.34199313224597405], "k_pid_yaw": [0.5, 1e-06, 0.1], "k_pid_hsp": [9.129665323438337, 0.6426628308216933, 0.05819451302912515], "k_pid_vsp": [304.2436086499283, 339.0647736093395, 112.34300656180811]}, "datetime": {"datetime": "2025-08-13 20:30:23", "elapsed": 38551.01059937477, "delta": 37.184263944625854}, "costs": {"total_cost": 596.3315816610734, "time_cost": 150, "final_distance_cost": 16.905579454713397, "oscillation_cost": 180.8622090598985, "completition_cost": 111.11111111111116, "overshoot_cost": 61.717213527821116, "power_cost": 42.43206529541016, "noise_cost": 33.3034032121191, "n_waypoints_completed": 8, "tot_waypoints": 9}}
{"target": -1258.3987350631025, "params": {"k_pid_pos": [1.9830314199576506, 0.4718692900385367, 0.27587259437168754], "k_pid_alt": [0.3619159167217758, 0.6932428896926834, 0.42830603905521425], "k_pid_att": [13.182323350990755, 9.155766023587715, 0.4169591797926451], "k_pid_yaw": [0.5, 1e-06, 0.1], "k_pid_hsp": [0.33628822956216187, 0.922506115439492, 0.7363368532461416], "k_pid_vsp": [278.4266625513315, 326.71662691487285, 107.88989448105757]}, "datetime": {"datetime": "2025-08-13 20:30:56", "elapsed": 38584.1864528656, "delta": 33.17585349082947}, "costs": {"total_cost": 1258.3987350631025, "time_cost": 150, "final_distance_cost": 67.51799886109619, "oscillation_cost": 231.78700812343163, "completition_cost": 666.6666666666667, "overshoot_cost": 70.79588481288606, "power_cost": 38.368596899414065, "noise_cost": 33.262579699607755, "n_waypoints_completed": 3, "tot_waypoints": 9}}
{"target": -876.0765436903872, "params": {"k_pid_pos": [0.3886851729047514, 0.6568087075382243, 0.3275272559154089], "k_pid_alt": [0.22877860056798482, 0.241432081442572, 0.3174030073383861], "k_pid_att": [14.407374326976619, 8.680216484627348, 0.3435797510533135], "k_pid_yaw": [0.5, 1e-06, 0.1], "k_pid_hsp": [6.360511670509255, 0.6500778382486337, 0.636496924004787], "k_pid_vsp": [196.18966027057988, 295.2214269221869, 31.867876996434862]}, "datetime": {"datetime": "2025-08-13 20:31:32", "elapsed": 38620.13296794891, "delta": 35.94651508331299}, "costs": {"total_cost": 876.0765436903872, "time_cost": 150, "final_distance_cost": 71.52797947706395, "oscillation_cost": 317.15807236710015, "completition_cost": 222.2222222222222, "overshoot_cost": 51.40203578346905, "power_cost": 32.50383081054688, "noise_cost": 31.262403029985006, "n_waypoints_completed": 7, "tot_waypoints": 9}}
{"target": -739.8720755436807, "params": {"k_pid_pos": [1.2163938382631132, 0.6159484722771351, 0.11078972128845643], "k_pid_alt": [1.9086315006282357, 0.08431748685777407, 0.9613550772837463], "k_pid_att": [11.213551985063342, 4.815788329550277, 0.9083581168904066], "k_pid_yaw": [0.5, 1e-06, 0.1], "k_pid_hsp": [0.6925154570532375, 0.9438361472242529, 0.9724142581478097], "k_pid_vsp": [305.28734646719835, 326.2707789040827, 97.58744268608368]}, "datetime": {"datetime": "2025-08-13 20:32:07", "elapsed": 38654.96318650246, "delta": 34.83021855354309}, "costs": {"total_cost": 739.8720755436807, "time_cost": 150, "final_distance_cost": 61.81690557531679, "oscillation_cost": 173.58468930912727, "completition_cost": 222.2222222222222, "overshoot_cost": 67.82035561353766, "power_cost": 35.255558715820314, "noise_cost": 29.172344107656553, "n_waypoints_completed": 7, "tot_waypoints": 9}}
{"target": -1272.1335722688348, "params": {"k_pid_pos": [0.04886802829732241, 0.6429488620645116, 0.2648724154896702], "k_pid_alt": [0.4451150832648183, 0.8766790262796244, 0.988455584305256], "k_pid_att": [4.012029739865697, 7.52359383873294, 0.60644656850672], "k_pid_yaw": [0.5, 1e-06, 0.1], "k_pid_hsp": [5.927373795419283, 0.6256339738946004, 0.5129360895437738], "k_pid_vsp": [291.8467950069643, 273.68815220316407, 60.03048331197604]}, "datetime": {"datetime": "2025-08-13 20:32:42", "elapsed": 38690.50889134407, "delta": 35.54570484161377}, "costs": {"total_cost": 1272.1335722688348, "time_cost": 150, "final_distance_cost": 91.15340558140961, "oscillation_cost": 150.30573160244109, "completition_cost": 777.7777777777778, "overshoot_cost": 45.14516268398344, "power_cost": 31.15860479736328, "noise_cost": 26.592889825859437, "n_waypoints_completed": 2, "tot_waypoints": 9}}
{"target": -455.9705097723575, "params": {"k_pid_pos": [1.971142818776794, 0.8577415077225741, 0.22914143429216494], "k_pid_alt": [0.6494541207775559, 0.018482168722277592, 0.6768309703771157], "k_pid_att": [50.185529979225464, 1.264332029662829, 0.6159591081940858], "k_pid_yaw": [0.5, 1e-06, 0.1], "k_pid_hsp": [5.79637204689797, 0.05006029830038983, 0.9965997975295308], "k_pid_vsp": [94.06912044949816, 363.9600841966086, 48.5459969373945]}, "datetime": {"datetime": "2025-08-13 20:33:15", "elapsed": 38723.299260139465, "delta": 32.7903687953949}, "costs": {"total_cost": 455.9705097723575, "time_cost": 109.291, "final_distance_cost": 1.746398338573968, "oscillation_cost": 207.39714808065042, "completition_cost": 0.0, "overshoot_cost": 73.95241514005616, "power_cost": 34.03646854248047, "noise_cost": 29.547079670596514, "n_waypoints_completed": 9, "tot_waypoints": 9}}
{"target": -911.1916781255627, "params": {"k_pid_pos": [0.32309503298413955, 0.6381360875720342, 0.9454082547555224], "k_pid_alt": [1.4341036636879143, 0.6777331128849171, 0.8756421245462779], "k_pid_att": [53.32593197959582, 1.812801102118672, 0.8568584056646429], "k_pid_yaw": [0.5, 1e-06, 0.1], "k_pid_hsp": [8.342181080507501, 0.9747569293332712, 0.058626699047085395], "k_pid_vsp": [88.27609696686238, 344.4435522726111, 47.161762093847855]}, "datetime": {"datetime": "2025-08-13 20:33:47", "elapsed": 38755.66794919968, "delta": 32.36868906021118}, "costs": {"total_cost": 911.1916781255627, "time_cost": 150, "final_distance_cost": 60.89995226808882, "oscillation_cost": 360.9140809435075, "completition_cost": 222.2222222222222, "overshoot_cost": 50.39072699725185, "power_cost": 37.149538769531254, "noise_cost": 29.61515692496124, "n_waypoints_completed": 7, "tot_waypoints": 9}}
{"target": -529.9030184635895, "params": {"k_pid_pos": [1.2835418416294861, 0.4814936775921965, 0.6844882804156618], "k_pid_alt": [1.4847096900857066, 0.6588264078906468, 0.18991080938851068], "k_pid_att": [11.728593330400416, 8.789660975245738, 0.10498798793021591], "k_pid_yaw": [0.5, 1e-06, 0.1], "k_pid_hsp": [6.815474566825623, 0.9249697508738427, 0.42604792095225397], "k_pid_vsp": [177.62071120817512, 25.75625266450819, 8.130926153882344]}, "datetime": {"datetime": "2025-08-13 20:34:13", "elapsed": 38781.69674539566, "delta": 26.028796195983887}, "costs": {"total_cost": 529.9030184635895, "time_cost": 95.55, "final_distance_cost": 1.7774313301595006, "oscillation_cost": 321.7171738404, "completition_cost": 0.0, "overshoot_cost": 56.43453640700821, "power_cost": 26.334964990234376, "noise_cost": 28.088911895787426, "n_waypoints_completed": 9, "tot_waypoints": 9}}
{"target": -926.3317278165964, "params": {"k_pid_pos": [0.5768194049746986, 0.38410995216104094, 0.6433674873462358], "k_pid_alt": [0.3607499424308185, 0.008832588353895332, 0.4032232914394158], "k_pid_att": [15.451248712634126, 4.375541951957703, 0.443748157801765], "k_pid_yaw": [0.5, 1e-06, 0.1], "k_pid_hsp": [3.086794263721216, 0.07648848718123724, 0.795777469411888], "k_pid_vsp": [299.63395226272615, 347.82438837762965, 108.27658265610577]}, "datetime": {"datetime": "2025-08-13 20:34:45", "elapsed": 38813.86145687103, "delta": 32.164711475372314}, "costs": {"total_cost": 926.3317278165964, "time_cost": 150, "final_distance_cost": 65.96723892060109, "oscillation_cost": 381.96896571712114, "completition_cost": 222.2222222222222, "overshoot_cost": 49.078021839100714, "power_cost": 29.76360665283203, "noise_cost": 27.331672464719265, "n_waypoints_completed": 7, "tot_waypoints": 9}}
{"target": -499.776016444176, "params": {"k_pid_pos": [1.2938661665485334, 0.40651263441059415, 0.2657869590397607], "k_pid_alt": [1.3410734515809182, 0.4119593889813149, 0.3336280463837533], "k_pid_att": [18.97532398505094, 9.30561500557895, 0.44981489154007037], "k_pid_yaw": [0.5, 1e-06, 0.1], "k_pid_hsp": [3.557237221932576, 0.9060791137218548, 0.4389900241151906], "k_pid_vsp": [277.34573765796813, 276.11435751706483, 54.12499245068258]}, "datetime": {"datetime": "2025-08-13 20:35:13", "elapsed": 38841.4495549202, "delta": 27.58809804916382}, "costs": {"total_cost": 499.776016444176, "time_cost": 95.102, "final_distance_cost": 1.762333281497955, "oscillation_cost": 292.230107413373, "completition_cost": 0.0, "overshoot_cost": 54.53873446507614, "power_cost": 30.160871606445316, "noise_cost": 25.98196967778357, "n_waypoints_completed": 9, "tot_waypoints": 9}}
{"target": -1072.0164309161312, "params": {"k_pid_pos": [0.8696227867497247, 0.7404804256482669, 0.7752376768169923], "k_pid_alt": [1.2341004961427724, 0.28321386721748243, 0.5389121091836456], "k_pid_att": [34.528884312111316, 3.6620988542650346, 0.20947194618716125], "k_pid_yaw": [0.5, 1e-06, 0.1], "k_pid_hsp": [4.52224066980413, 0.8649274748990831, 0.6670860330342036], "k_pid_vsp": [155.39583315727407, 18.074531574272815, 15.548030117451622]}, "datetime": {"datetime": "2025-08-13 20:35:47", "elapsed": 38875.52727103233, "delta": 34.07771611213684}, "costs": {"total_cost": 1072.0164309161312, "time_cost": 150, "final_distance_cost": 65.73216688889467, "oscillation_cost": 530.5855221684528, "completition_cost": 222.2222222222222, "overshoot_cost": 49.783855820145064, "power_cost": 25.698986889648438, "noise_cost": 27.99367692676806, "n_waypoints_completed": 7, "tot_waypoints": 9}}
{"target": -588.9862044451354, "params": {"k_pid_pos": [1.5334470483359217, 0.5543166186951414, 0.6399694019931271], "k_pid_alt": [0.2830077492495269, 0.8558837588416094, 0.45927874791060364], "k_pid_att": [3.4598258819133365, 4.5559013403946444, 0.5875501401109605], "k_pid_yaw": [0.5, 1e-06, 0.1], "k_pid_hsp": [6.407343768268403, 0.5194819234048088, 0.7866516776074054], "k_pid_vsp": [188.54447202703005, 26.088459739994207, 12.105751864801514]}, "datetime": {"datetime": "2025-08-13 20:36:19", "elapsed": 38907.1959168911, "delta": 31.66864585876465}, "costs": {"total_cost": 588.9862044451354, "time_cost": 150, "final_distance_cost": 10.458041782322576, "oscillation_cost": 186.32143083666767, "completition_cost": 111.11111111111116, "overshoot_cost": 72.41081957766197, "power_cost": 28.78269753417969, "noise_cost": 29.9021036031925, "n_waypoints_completed": 8, "tot_waypoints": 9}}
{"target": -473.7392906660877, "params": {"k_pid_pos": [1.5789254060656261, 0.017777966624293984, 0.716928420860363], "k_pid_alt": [1.0770982720751745, 0.3933500714233932, 0.7598815968651818], "k_pid_att": [15.9763453394816, 4.2378767967820785, 0.11688346047639075], "k_pid_yaw": [0.5, 1e-06, 0.1], "k_pid_hsp": [9.174774754567633, 0.3319429930263259, 0.09124399691885088], "k_pid_vsp": [164.87675271426022, 29.23318440864776, 2.388056369162309]}, "datetime": {"datetime": "2025-08-13 20:36:42", "elapsed": 38930.49841237068, "delta": 23.30249547958374}, "costs": {"total_cost": 473.7392906660877, "time_cost": 83.279, "final_distance_cost": 1.7521945882590262, "oscillation_cost": 285.7946509394412, "completition_cost": 0.0, "overshoot_cost": 53.225844114746394, "power_cost": 24.917615270996095, "noise_cost": 24.76998575264493, "n_waypoints_completed": 9, "tot_waypoints": 9}}
{"target": -403.8154341421977, "params": {"k_pid_pos": [1.791965642457877, 0.6029042218049808, 0.36531905491471495], "k_pid_alt": [1.6820336316851718, 0.8154739212482895, 0.42549067667627716], "k_pid_att": [19.287692328781002, 2.549887198669193, 0.5574232132355729], "k_pid_yaw": [0.5, 1e-06, 0.1], "k_pid_hsp": [5.441715926278696, 0.5586413201053627, 0.4924547576216435], "k_pid_vsp": [200.43342754425368, 299.85482693786685, 18.1103574711002]}, "datetime": {"datetime": "2025-08-13 20:37:07", "elapsed": 38955.39673495293, "delta": 24.898322582244873}, "costs": {"total_cost": 403.8154341421977, "time_cost": 89.908, "final_distance_cost": 1.733813863463576, "oscillation_cost": 206.7167551162302, "completition_cost": 0.0, "overshoot_cost": 54.97054080494789, "power_cost": 26.105722778320313, "noise_cost": 24.3806015792357, "n_waypoints_completed": 9, "tot_waypoints": 9}}
{"target": -477.05399815573276, "params": {"k_pid_pos": [0.467647999819226, 0.12211795391414493, 0.46330928917794867], "k_pid_alt": [1.0698084268200843, 0.01185331608628648, 0.5404010344666297], "k_pid_att": [6.652622648582729, 6.25948432925161, 0.10179085317192904], "k_pid_yaw": [0.5, 1e-06, 0.1], "k_pid_hsp": [7.414722103755347, 0.3866003381821642, 0.3510662407097953], "k_pid_vsp": [247.90910629347866, 282.76291656818347, 51.762666515271505]}, "datetime": {"datetime": "2025-08-13 20:37:36", "elapsed": 38984.697942495346, "delta": 29.301207542419434}, "costs": {"total_cost": 477.05399815573276, "time_cost": 98.973, "final_distance_cost": 1.8513005418963235, "oscillation_cost": 272.57200495054025, "completition_cost": 0.0, "overshoot_cost": 53.65259655622163, "power_cost": 24.41250368652344, "noise_cost": 25.592592420551103, "n_waypoints_completed": 9, "tot_waypoints": 9}}
{"target": -348.6991467459512, "params": {"k_pid_pos": [0.8341246666545442, 0.9946570400651567, 0.8110646122254392], "k_pid_alt": [0.33271107364883457, 0.2287205693281147, 0.5681378135636025], "k_pid_att": [7.078500048365055, 5.031145313412662, 0.41245857819765164], "k_pid_yaw": [0.5, 1e-06, 0.1], "k_pid_hsp": [7.118914471039489, 0.08471302305021233, 0.1113309273999058], "k_pid_vsp": [167.53563239016836, 23.627225875183274, 2.3849652369887937]}, "datetime": {"datetime": "2025-08-13 20:38:07", "elapsed": 39015.74535655975, "delta": 31.04741406440735}, "costs": {"total_cost": 348.6991467459512, "time_cost": 107.87, "final_distance_cost": 1.7289527381365497, "oscillation_cost": 134.47283426097414, "completition_cost": 0.0, "overshoot_cost": 54.983392326514604, "power_cost": 21.475567590332034, "noise_cost": 28.168399829993838, "n_waypoints_completed": 9, "tot_waypoints": 9}}
{"target": -1238.1064697974139, "params": {"k_pid_pos": [0.042645941756447175, 0.4983076315769944, 0.4926042684514087], "k_pid_alt": [0.6928668103826623, 0.03893888097242115, 0.2980160908271279], "k_pid_att": [8.962118854130917, 1.4857550935392958, 0.9449585503252598], "k_pid_yaw": [0.5, 1e-06, 0.1], "k_pid_hsp": [9.023030789261302, 0.2785513482456248, 0.9794175337522129], "k_pid_vsp": [170.1093139434505, 28.53944401539052, 3.5300702343933525]}, "datetime": {"datetime": "2025-08-13 20:38:43", "elapsed": 39051.60273885727, "delta": 35.85738229751587}, "costs": {"total_cost": 1238.1064697974139, "time_cost": 150, "final_distance_cost": 90.08553343481951, "oscillation_cost": 132.67503418010884, "completition_cost": 777.7777777777778, "overshoot_cost": 42.05632379982993, "power_cost": 16.74664498291016, "noise_cost": 28.76515562196778, "n_waypoints_completed": 2, "tot_waypoints": 9}}
{"target": -386.7328611594349, "params": {"k_pid_pos": [1.799583132182467, 0.5930965266332484, 0.9543256712998981], "k_pid_alt": [0.6561898319745298, 0.24358622844674704, 0.2997622058048577], "k_pid_att": [5.689820969928472, 8.68182259257399, 0.999042006392348], "k_pid_yaw": [0.5, 1e-06, 0.1], "k_pid_hsp": [8.03213590959276, 0.28703561203792016, 0.6716470998756623], "k_pid_vsp": [272.0248233753169, 288.38987663532544, 38.167073440863135]}, "datetime": {"datetime": "2025-08-13 20:39:10", "elapsed": 39078.461879491806, "delta": 26.859140634536743}, "costs": {"total_cost": 386.7328611594349, "time_cost": 94.15, "final_distance_cost": 1.750262238693826, "oscillation_cost": 185.77472505894335, "completition_cost": 0.0, "overshoot_cost": 56.849449753831514, "power_cost": 24.92144259033203, "noise_cost": 23.28698151763418, "n_waypoints_completed": 9, "tot_waypoints": 9}}
{"target": -683.2240254597947, "params": {"k_pid_pos": [0.36304806774844656, 0.19491414058248602, 0.43945133265269076], "k_pid_alt": [1.250362775392914, 0.09845884698683038, 0.5472166698750612], "k_pid_att": [3.2213582474617253, 6.806516601886646, 0.402826811371517], "k_pid_yaw": [0.5, 1e-06, 0.1], "k_pid_hsp": [4.192654384498704, 0.05480327467578783, 0.27156782245863686], "k_pid_vsp": [270.74556045502584, 287.784187060923, 34.36394791783783]}, "datetime": {"datetime": "2025-08-13 20:39:48", "elapsed": 39116.04431319237, "delta": 37.58243370056152}, "costs": {"total_cost": 683.2240254597947, "time_cost": 150, "final_distance_cost": 72.61310832465175, "oscillation_cost": 131.66115964165002, "completition_cost": 222.2222222222222, "overshoot_cost": 46.0600821890349, "power_cost": 32.43853330078125, "noise_cost": 28.228919781454564, "n_waypoints_completed": 7, "tot_waypoints": 9}}
{"target": -418.18742421455636, "params": {"k_pid_pos": [0.9414999916439918, 0.9647931138867835, 0.3262342845367002], "k_pid_alt": [1.6087200800922885, 0.47662996893968224, 0.6498863309684771], "k_pid_att": [3.8464222737798925, 9.352024053868389, 0.8058250117823875], "k_pid_yaw": [0.5, 1e-06, 0.1], "k_pid_hsp": [7.657610123760052, 0.672328739538178, 0.5581691799137127], "k_pid_vsp": [244.8654406884135, 283.7224225008733, 59.47788161412877]}, "datetime": {"datetime": "2025-08-13 20:40:23", "elapsed": 39151.18137836456, "delta": 35.137065172195435}, "costs": {"total_cost": 418.18742421455636, "time_cost": 118.104, "final_distance_cost": 1.7432733716398967, "oscillation_cost": 179.77066018472686, "completition_cost": 0.0, "overshoot_cost": 64.02099219683855, "power_cost": 28.24195928955078, "noise_cost": 26.306539171800264, "n_waypoints_completed": 9, "tot_waypoints": 9}}
{"target": -640.4893106995463, "params": {"k_pid_pos": [0.4889715714352733, 0.24370889673287122, 0.18823177204554342], "k_pid_alt": [1.118315597099832, 0.2781764617499456, 0.8806297157923769], "k_pid_att": [54.36239367051885, 1.3768188266017471, 0.8008367249909922], "k_pid_yaw": [0.5, 1e-06, 0.1], "k_pid_hsp": [2.8284441229070505, 0.4334594055399421, 0.416704470233177], "k_pid_vsp": [89.45245816609848, 364.75436607948103, 40.64017045235975]}, "datetime": {"datetime": "2025-08-13 20:40:54", "elapsed": 39182.84753084183, "delta": 31.666152477264404}, "costs": {"total_cost": 640.4893106995463, "time_cost": 113.925, "final_distance_cost": 1.7790352387229256, "oscillation_cost": 397.6750478648907, "completition_cost": 0.0, "overshoot_cost": 57.967142141196746, "power_cost": 38.4639217163086, "noise_cost": 30.679163738427253, "n_waypoints_completed": 9, "tot_waypoints": 9}}
{"target": -1221.0118209126758, "params": {"k_pid_pos": [0.6419813207308463, 0.7576470880892223, 0.731180796077433], "k_pid_alt": [0.7024051971024914, 0.7513371922029183, 0.12067240372696164], "k_pid_att": [20.639521524255155, 6.857306041914863, 0.5705955552961116], "k_pid_yaw": [0.5, 1e-06, 0.1], "k_pid_hsp": [3.7030150668467465, 0.6791519621045397, 0.7272750604358558], "k_pid_vsp": [303.76056925971244, 345.1246709693161, 117.76034490631835]}, "datetime": {"datetime": "2025-08-13 20:41:28", "elapsed": 39216.205651283264, "delta": 33.35812044143677}, "costs": {"total_cost": 1221.0118209126758, "time_cost": 150, "final_distance_cost": 43.07143926180952, "oscillation_cost": 351.6211068809659, "completition_cost": 555.5555555555555, "overshoot_cost": 50.68294695408865, "power_cost": 37.62122657470703, "noise_cost": 32.45954568554906, "n_waypoints_completed": 4, "tot_waypoints": 9}}
{"target": -562.2088101585783, "params": {"k_pid_pos": [0.32776030978094955, 0.5309392550762866, 0.7331153947685533], "k_pid_alt": [1.2732092739874057, 0.9450611642521747, 0.39883356753319343], "k_pid_att": [3.624951848138136, 0.2026410489238162, 0.9487540877904884], "k_pid_yaw": [0.5, 1e-06, 0.1], "k_pid_hsp": [5.78011869043962, 0.581303218771911, 0.5884718974549872], "k_pid_vsp": [307.5913777442957, 348.339911282075, 114.85498785786224]}, "datetime": {"datetime": "2025-08-13 20:42:02", "elapsed": 39250.351306676865, "delta": 34.145655393600464}, "costs": {"total_cost": 562.2088101585783, "time_cost": 150, "final_distance_cost": 66.83160041980683, "oscillation_cost": 117.52357536824293, "completition_cost": 111.11111111111116, "overshoot_cost": 56.501381675061666, "power_cost": 32.19996403808594, "noise_cost": 28.04117754626983, "n_waypoints_completed": 8, "tot_waypoints": 9}}
{"target": -647.309548978439, "params": {"k_pid_pos": [1.310492273344614, 0.3997691676037941, 0.8285947568380544], "k_pid_alt": [1.9263520069957554, 0.5080159455826788, 0.6912516547906519], "k_pid_att": [9.781262836673942, 5.829130136747471, 0.11274138797417699], "k_pid_yaw": [0.5, 1e-06, 0.1], "k_pid_hsp": [2.557601477264239, 0.8662138058392966, 0.7932789665732466], "k_pid_vsp": [251.97160307888092, 279.51323330526475, 53.11666496703088]}, "datetime": {"datetime": "2025-08-13 20:42:36", "elapsed": 39284.44307637215, "delta": 34.09176969528198}, "costs": {"total_cost": 647.309548978439, "time_cost": 119.35000000000001, "final_distance_cost": 1.7952547384129451, "oscillation_cost": 401.5525916493796, "completition_cost": 0.0, "overshoot_cost": 59.144861407843145, "power_cost": 34.33778527832031, "noise_cost": 31.129055904483028, "n_waypoints_completed": 9, "tot_waypoints": 9}}
