{"target": -545.1194036940481, "params": {"k_pid_pos": [0.7861542238941887, 0.4733163121915205, 0.6521185735278734], "k_pid_alt": [1.1484923923449533, 0.7495686689444507, 0.6592230385523237], "k_pid_att": [10.61885397658292, 4.055841429605016, 0.22293874287292925], "k_pid_yaw": [0.5, 1e-06, 0.1], "k_pid_hsp": [2.70751759227365, 0.4022736667339454, 0.7003090770881241], "k_pid_vsp": [304.52224358876674, 329.5169199832513, 96.50982478517074]}, "datetime": {"datetime": "2025-08-14 01:40:18", "elapsed": 57146.63874435425, "delta": 43.928672790527344}, "costs": {"total_cost": 545.1194036940481, "time_cost": 111.209, "final_distance_cost": 1.796895719353132, "oscillation_cost": 318.8299848325376, "completition_cost": 0.0, "overshoot_cost": 59.167406393305654, "power_cost": 27.392432031250003, "noise_cost": 26.72368471760155, "n_waypoints_completed": 9, "tot_waypoints": 9}}
{"target": -388.62617376560297, "params": {"k_pid_pos": [1.5879730939708645, 0.4532015062427328, 0.3048392918530384], "k_pid_alt": [1.1946738698192558, 0.8487060242714934, 0.4538724671894907], "k_pid_att": [12.059082149900469, 2.171444692641388, 0.506782771261783], "k_pid_yaw": [0.5, 1e-06, 0.1], "k_pid_hsp": [2.8699085106927966, 0.5758546685610063, 0.2769222894701444], "k_pid_vsp": [315.48790528000114, 338.4610653767532, 102.15933731536613]}, "datetime": {"datetime": "2025-08-14 01:40:54", "elapsed": 57182.40920543671, "delta": 35.770461082458496}, "costs": {"total_cost": 388.62617376560297, "time_cost": 96.159, "final_distance_cost": 1.7685615395782541, "oscillation_cost": 190.24497625482815, "completition_cost": 0.0, "overshoot_cost": 55.16741326865368, "power_cost": 22.792311206054688, "noise_cost": 22.49391149648819, "n_waypoints_completed": 9, "tot_waypoints": 9}}
{"target": -878.0740304005387, "params": {"k_pid_pos": [0.7894932127450414, 0.8138915257511729, 0.8503302318863375], "k_pid_alt": [0.49288431144946676, 0.32867342949177647, 0.09549589438590844], "k_pid_att": [17.47941619081019, 9.576015443895615, 0.5168729822872241], "k_pid_yaw": [0.5, 1e-06, 0.1], "k_pid_hsp": [6.837595933885765, 0.3789968045177158, 0.742513075215748], "k_pid_vsp": [195.00553802367807, 304.61234552589156, 34.27620447035668]}, "datetime": {"datetime": "2025-08-14 01:41:37", "elapsed": 57224.99779462814, "delta": 42.58858919143677}, "costs": {"total_cost": 878.0740304005387, "time_cost": 150, "final_distance_cost": 65.51990252380001, "oscillation_cost": 335.7623783626154, "completition_cost": 222.2222222222222, "overshoot_cost": 48.84921717223639, "power_cost": 27.587169470214846, "noise_cost": 28.13314064944994, "n_waypoints_completed": 7, "tot_waypoints": 9}}
{"target": -680.1865219531805, "params": {"k_pid_pos": [0.3837099853219543, 0.6634341970756356, 0.06278558738240181], "k_pid_alt": [1.4540511295075433, 0.6605869503205173, 0.18612700137048854], "k_pid_att": [20.060428126678996, 4.614469904893735, 0.8225025264314906], "k_pid_yaw": [0.5, 1e-06, 0.1], "k_pid_hsp": [9.306291749762222, 0.22284561470836117, 0.5740981979170747], "k_pid_vsp": [183.24486950489228, 309.71556372342405, 2.842801894364685]}, "datetime": {"datetime": "2025-08-14 01:42:15", "elapsed": 57263.61723256111, "delta": 38.61943793296814}, "costs": {"total_cost": 680.1865219531805, "time_cost": 150, "final_distance_cost": 64.64988066028755, "oscillation_cost": 237.44651882371474, "completition_cost": 111.11111111111116, "overshoot_cost": 51.67136331322793, "power_cost": 32.2038492553711, "noise_cost": 33.103798789468016, "n_waypoints_completed": 8, "tot_waypoints": 9}}
{"target": -1402.720245462015, "params": {"k_pid_pos": [0.4156771898847206, 0.301657736615628, 0.04571784028883308], "k_pid_alt": [0.05021731819766484, 0.9645133232464989, 0.20626495386802868], "k_pid_att": [19.89313676701977, 8.106463929429506, 0.3289515171742632], "k_pid_yaw": [0.5, 1e-06, 0.1], "k_pid_hsp": [6.779322831371271, 0.45824478302596516, 0.6394581080103651], "k_pid_vsp": [293.25427456500546, 328.1489139750588, 80.64376889374738]}, "datetime": {"datetime": "2025-08-14 01:43:03", "elapsed": 57311.00584936142, "delta": 47.38861680030823}, "costs": {"total_cost": 1402.720245462015, "time_cost": 150, "final_distance_cost": 53.12922075117799, "oscillation_cost": 517.9027072944573, "completition_cost": 555.5555555555555, "overshoot_cost": 56.231651995259995, "power_cost": 36.17877552490234, "noise_cost": 33.72233434066169, "n_waypoints_completed": 4, "tot_waypoints": 9}}
{"target": -360.317038955841, "params": {"k_pid_pos": [1.7144549052887006, 0.780429015259456, 0.4133109786691468], "k_pid_alt": [1.61127420244996, 0.25632706386734094, 0.7142598494994797], "k_pid_att": [43.02679249013334, 3.796379985830907, 0.7722885596299119], "k_pid_yaw": [0.5, 1e-06, 0.1], "k_pid_hsp": [7.969260358076401, 0.17571239773278535, 0.06886520548866482], "k_pid_vsp": [233.37354025467704, 274.7445541798392, 28.8415707686339]}, "datetime": {"datetime": "2025-08-14 01:43:37", "elapsed": 57345.44741153717, "delta": 34.44156217575073}, "costs": {"total_cost": 360.317038955841, "time_cost": 103.278, "final_distance_cost": 1.7543844110083093, "oscillation_cost": 148.04945328352355, "completition_cost": 0.0, "overshoot_cost": 53.287339638111916, "power_cost": 28.172632043457032, "noise_cost": 25.7752295797402, "n_waypoints_completed": 9, "tot_waypoints": 9}}
{"target": -311.95844560585925, "params": {"k_pid_pos": [1.617091950795907, 0.3700902008681175, 0.4955323257850426], "k_pid_alt": [1.590918295399708, 0.7564333415439751, 0.5963109101509881], "k_pid_att": [4.33616834455961, 3.218243213688318, 0.6533778605850419], "k_pid_yaw": [0.5, 1e-06, 0.1], "k_pid_hsp": [4.173788937512671, 0.2108892016382169, 0.35438099545072477], "k_pid_vsp": [283.78926935750667, 272.2281729169194, 47.294907028214865]}, "datetime": {"datetime": "2025-08-14 01:44:13", "elapsed": 57381.733812093735, "delta": 36.28640055656433}, "costs": {"total_cost": 311.95844560585925, "time_cost": 88.83, "final_distance_cost": 1.7534241636035977, "oscillation_cost": 123.69084077249079, "completition_cost": 0.0, "overshoot_cost": 56.02377074605688, "power_cost": 21.03398663330078, "noise_cost": 20.626423290407196, "n_waypoints_completed": 9, "tot_waypoints": 9}}
{"target": -467.73076894594664, "params": {"k_pid_pos": [0.6954119479774183, 0.6114735277664832, 0.6052818581665022], "k_pid_alt": [1.2904184775552072, 0.8653648394278484, 0.6437992742091713], "k_pid_att": [12.0924108965643, 0.46880070850578975, 0.4569351632258847], "k_pid_yaw": [0.5, 1e-06, 0.1], "k_pid_hsp": [9.15929078309272, 0.571620914907535, 0.7347967965606017], "k_pid_vsp": [164.93046838229165, 37.07115279912298, 18.80692150451527]}, "datetime": {"datetime": "2025-08-14 01:44:54", "elapsed": 57422.54291892052, "delta": 40.80910682678223}, "costs": {"total_cost": 467.73076894594664, "time_cost": 109.914, "final_distance_cost": 1.7959669284970365, "oscillation_cost": 242.7738078547676, "completition_cost": 0.0, "overshoot_cost": 60.544181585308856, "power_cost": 25.992450390625002, "noise_cost": 26.71036218674815, "n_waypoints_completed": 9, "tot_waypoints": 9}}
{"target": -952.7171401739963, "params": {"k_pid_pos": [0.5022895926631978, 0.2528551804031207, 0.3969392487756668], "k_pid_alt": [1.7610395669008574, 0.2526323112051033, 0.18273426301307794], "k_pid_att": [23.35887424579336, 4.252572019528418, 0.7098295325169154], "k_pid_yaw": [0.5, 1e-06, 0.1], "k_pid_hsp": [5.893325771835929, 0.6303105896718999, 0.7595509636182047], "k_pid_vsp": [268.87088846721286, 334.2276550895443, 94.71833482150318]}, "datetime": {"datetime": "2025-08-14 01:45:34", "elapsed": 57462.544840574265, "delta": 40.00192165374756}, "costs": {"total_cost": 952.7171401739963, "time_cost": 150, "final_distance_cost": 66.1271259979331, "oscillation_cost": 418.76515015778864, "completition_cost": 222.2222222222222, "overshoot_cost": 45.26138817498373, "power_cost": 24.842734216308596, "noise_cost": 25.498519404760163, "n_waypoints_completed": 7, "tot_waypoints": 9}}
{"target": -281.7093415181007, "params": {"k_pid_pos": [1.1165868691758485, 0.9788870778319891, 0.9664030357766151], "k_pid_alt": [0.9217677723268103, 0.9620827956914347, 0.5662084317866765], "k_pid_att": [10.71166605345688, 2.546295819210114, 0.6935087788067995], "k_pid_yaw": [0.5, 1e-06, 0.1], "k_pid_hsp": [8.507824830647944, 0.20692351116543473, 0.009888586614078876], "k_pid_vsp": [179.88052523654946, 25.774873555870663, 11.5321133263198]}, "datetime": {"datetime": "2025-08-14 01:46:09", "elapsed": 57497.256032943726, "delta": 34.71119236946106}, "costs": {"total_cost": 281.7093415181007, "time_cost": 103.71900000000001, "final_distance_cost": 1.743744864251583, "oscillation_cost": 61.536400626099876, "completition_cost": 0.0, "overshoot_cost": 59.60690151873161, "power_cost": 28.365759545898438, "noise_cost": 26.73753496311923, "n_waypoints_completed": 9, "tot_waypoints": 9}}
{"target": -1319.0694525294123, "params": {"k_pid_pos": [0.727700029258274, 0.5843926301076353, 0.4446914439569599], "k_pid_alt": [0.09221828116179553, 0.983829349344846, 0.7906164499747819], "k_pid_att": [7.80931187967343, 5.873920265318918, 0.30460049384168686], "k_pid_yaw": [0.5, 1e-06, 0.1], "k_pid_hsp": [6.289625283507777, 0.933230101306302, 0.9267135043374399], "k_pid_vsp": [308.91001870745856, 308.11219671624235, 107.67684027456451]}, "datetime": {"datetime": "2025-08-14 01:46:47", "elapsed": 57535.85664606094, "delta": 38.60061311721802}, "costs": {"total_cost": 1319.0694525294123, "time_cost": 150, "final_distance_cost": 53.71240193408438, "oscillation_cost": 328.155313650605, "completition_cost": 666.6666666666667, "overshoot_cost": 56.10784680422148, "power_cost": 35.28016884765625, "noise_cost": 29.147054626178175, "n_waypoints_completed": 3, "tot_waypoints": 9}}
{"target": -882.1737669323305, "params": {"k_pid_pos": [0.22873326671289826, 0.2230809381461336, 0.042437443717409096], "k_pid_alt": [1.7221407689978365, 0.3749990962251565, 0.978249064122919], "k_pid_att": [23.600640995872002, 6.3015366948174005, 0.9931932244585596], "k_pid_yaw": [0.5, 1e-06, 0.1], "k_pid_hsp": [8.725048129415686, 0.2046252919694702, 0.4842524613574707], "k_pid_vsp": [290.6748062325783, 317.0251890795355, 73.4134894883538]}, "datetime": {"datetime": "2025-08-14 01:47:25", "elapsed": 57573.332124233246, "delta": 37.475478172302246}, "costs": {"total_cost": 882.1737669323305, "time_cost": 150, "final_distance_cost": 65.9978305750914, "oscillation_cost": 330.27411769643413, "completition_cost": 222.2222222222222, "overshoot_cost": 48.675505542290914, "power_cost": 35.28087854003906, "noise_cost": 29.723212356252784, "n_waypoints_completed": 7, "tot_waypoints": 9}}
{"target": -1102.2554004514946, "params": {"k_pid_pos": [0.04564902586997759, 0.31484904190742435, 0.13585909105159455], "k_pid_alt": [0.5674206254400038, 0.9268495394849338, 0.9900185578611063], "k_pid_att": [5.823392119781268, 1.862203550367463, 0.9044531696302422], "k_pid_yaw": [0.5, 1e-06, 0.1], "k_pid_hsp": [6.823757652501955, 0.5539815926441127, 0.36587693067350413], "k_pid_vsp": [203.106394514706, 295.65944816511524, 16.802559336193443]}, "datetime": {"datetime": "2025-08-14 01:48:14", "elapsed": 57622.798969984055, "delta": 49.466845750808716}, "costs": {"total_cost": 1102.2554004514946, "time_cost": 150, "final_distance_cost": 70.59503254647778, "oscillation_cost": 103.14232926464163, "completition_cost": 666.6666666666667, "overshoot_cost": 49.951754991674086, "power_cost": 33.64828533935547, "noise_cost": 28.2513316426788, "n_waypoints_completed": 3, "tot_waypoints": 9}}
{"target": -1046.096008053858, "params": {"k_pid_pos": [0.7259503468235611, 0.41819321197886183, 0.9594412323422103], "k_pid_alt": [1.6145280861667606, 0.9792233396768639, 0.7112067430043102], "k_pid_att": [16.241505717994364, 9.30595369771594, 0.12721180170943636], "k_pid_yaw": [0.5, 1e-06, 0.1], "k_pid_hsp": [1.6402876745484243, 0.32828417725550196, 0.4274650583079833], "k_pid_vsp": [269.3695475777037, 345.55472586188785, 101.17737586162168]}, "datetime": {"datetime": "2025-08-14 01:48:57", "elapsed": 57665.93001794815, "delta": 43.13104796409607}, "costs": {"total_cost": 1046.096008053858, "time_cost": 150, "final_distance_cost": 66.01551278733955, "oscillation_cost": 482.6341570986936, "completition_cost": 222.2222222222222, "overshoot_cost": 52.77318224768246, "power_cost": 39.16224080810547, "noise_cost": 33.28869288981464, "n_waypoints_completed": 7, "tot_waypoints": 9}}
{"target": -479.79318665480685, "params": {"k_pid_pos": [1.6349596779097677, 0.43649010837434665, 0.6416936578313641], "k_pid_alt": [1.4360438290322821, 0.2108841990297442, 0.33556806527352245], "k_pid_att": [14.520011061011129, 1.2268184876788217, 0.7753614690921917], "k_pid_yaw": [0.5, 1e-06, 0.1], "k_pid_hsp": [1.9825256940887195, 0.3169502654495002, 0.45749317610839657], "k_pid_vsp": [301.0133383637987, 342.77218680244465, 117.82297371959156]}, "datetime": {"datetime": "2025-08-14 01:49:32", "elapsed": 57700.07495689392, "delta": 34.144938945770264}, "costs": {"total_cost": 479.79318665480685, "time_cost": 103.71900000000001, "final_distance_cost": 1.8004253974937743, "oscillation_cost": 256.33955507322094, "completition_cost": 0.0, "overshoot_cost": 55.826263050724975, "power_cost": 34.18508063964844, "noise_cost": 27.922862493718707, "n_waypoints_completed": 9, "tot_waypoints": 9}}
{"target": -917.9326831378095, "params": {"k_pid_pos": [0.3352769361666859, 0.8216759911309854, 0.16952028407255326], "k_pid_alt": [0.05817976710039252, 0.7153631664055626, 0.7924251615290213], "k_pid_att": [33.12779589238768, 9.282511527457702, 0.5483916298222571], "k_pid_yaw": [0.5, 1e-06, 0.1], "k_pid_hsp": [5.182897312025545, 0.029903378280031312, 0.14394587157041627], "k_pid_vsp": [249.30857078344192, 285.7549900613683, 42.63530351475539]}, "datetime": {"datetime": "2025-08-14 01:50:10", "elapsed": 57738.41857814789, "delta": 38.343621253967285}, "costs": {"total_cost": 917.9326831378095, "time_cost": 150, "final_distance_cost": 69.55672673881432, "oscillation_cost": 243.84715362333097, "completition_cost": 333.33333333333337, "overshoot_cost": 58.3740969470343, "power_cost": 32.614220703125, "noise_cost": 30.20715179217142, "n_waypoints_completed": 6, "tot_waypoints": 9}}
{"target": -430.1939223269106, "params": {"k_pid_pos": [0.6782640196656986, 0.025101822680838937, 0.22446683403892542], "k_pid_alt": [0.1833669100784605, 0.9816099900965964, 0.17312962024713452], "k_pid_att": [9.004225947797961, 6.4143026391651325, 0.7469847438099133], "k_pid_yaw": [0.5, 1e-06, 0.1], "k_pid_hsp": [6.922191995951409, 0.6988223436326458, 0.43050805680593396], "k_pid_vsp": [299.7425239834055, 304.8421979899619, 117.70704301948544]}, "datetime": {"datetime": "2025-08-14 01:50:45", "elapsed": 57772.98035764694, "delta": 34.561779499053955}, "costs": {"total_cost": 430.1939223269106, "time_cost": 102.2, "final_distance_cost": 1.831538695013813, "oscillation_cost": 208.66869824323817, "completition_cost": 0.0, "overshoot_cost": 65.75473475308638, "power_cost": 27.49785261230469, "noise_cost": 24.241098023267526, "n_waypoints_completed": 9, "tot_waypoints": 9}}
{"target": -469.24460366236684, "params": {"k_pid_pos": [1.6872540331426586, 0.07066484898158865, 0.6927567841800191], "k_pid_alt": [0.5521132321493047, 0.28680196609538067, 0.9354723205040283], "k_pid_att": [19.33854429083246, 7.4109270360922475, 0.4215161314451492], "k_pid_yaw": [0.5, 1e-06, 0.1], "k_pid_hsp": [9.535552115082313, 0.23135365067689906, 0.5574909116748613], "k_pid_vsp": [187.0424722431994, 32.06727852337007, 9.96628621133416]}, "datetime": {"datetime": "2025-08-14 01:51:23", "elapsed": 57811.19687962532, "delta": 38.216521978378296}, "costs": {"total_cost": 469.24460366236684, "time_cost": 83.776, "final_distance_cost": 1.7913347494491871, "oscillation_cost": 287.0189665767371, "completition_cost": 0.0, "overshoot_cost": 52.51011199411836, "power_cost": 21.335992236328124, "noise_cost": 22.81219810573408, "n_waypoints_completed": 9, "tot_waypoints": 9}}
{"target": -298.1517291327662, "params": {"k_pid_pos": [0.7483397890523528, 0.7406683418372867, 0.48383837566863996], "k_pid_alt": [1.1988871103741283, 0.8095262113463227, 0.19284716379704747], "k_pid_att": [3.30708509926525, 1.0169666010016039, 0.6703908083615007], "k_pid_yaw": [0.5, 1e-06, 0.1], "k_pid_hsp": [7.496372467715471, 0.5399666284508157, 0.13071379740206313], "k_pid_vsp": [181.97080244263728, 15.528262296633276, 10.493043003859775]}, "datetime": {"datetime": "2025-08-14 01:51:56", "elapsed": 57844.25985836983, "delta": 33.062978744506836}, "costs": {"total_cost": 298.1517291327662, "time_cost": 97.069, "final_distance_cost": 1.7728815635688113, "oscillation_cost": 97.5707914476784, "completition_cost": 0.0, "overshoot_cost": 56.92283659942571, "power_cost": 20.666078442382812, "noise_cost": 24.150141079710483, "n_waypoints_completed": 9, "tot_waypoints": 9}}
{"target": -819.8295582653252, "params": {"k_pid_pos": [1.4305727767127394, 0.8288651856162281, 0.412342488773372], "k_pid_alt": [0.9291706564970872, 0.9396496928549718, 0.6401917588676008], "k_pid_att": [4.810100527186667, 1.2201856462693716, 0.8365419514288944], "k_pid_yaw": [0.5, 1e-06, 0.1], "k_pid_hsp": [0.4792982219898197, 0.820169545740965, 0.6306444309224616], "k_pid_vsp": [194.94038079774404, 305.9268680995473, 17.01963972155494]}, "datetime": {"datetime": "2025-08-14 01:52:34", "elapsed": 57882.41111278534, "delta": 38.151254415512085}, "costs": {"total_cost": 819.8295582653252, "time_cost": 150, "final_distance_cost": 73.85044149679032, "oscillation_cost": 121.06891754363221, "completition_cost": 333.33333333333337, "overshoot_cost": 79.49295431055089, "power_cost": 31.44274188232422, "noise_cost": 30.64116969869412, "n_waypoints_completed": 6, "tot_waypoints": 9}}
{"target": -393.4089627239767, "params": {"k_pid_pos": [1.5157759206439367, 0.08559789023037123, 0.6822490199498313], "k_pid_alt": [0.6652464479433435, 0.40560907955278935, 0.6456078738532612], "k_pid_att": [13.121741447458623, 0.0810369543013453, 0.6993801927673483], "k_pid_yaw": [0.5, 1e-06, 0.1], "k_pid_hsp": [0.3179535832597015, 0.9512050631699478, 0.5698251666825125], "k_pid_vsp": [163.36521873494192, 17.1799027949432, 18.558873807999166]}, "datetime": {"datetime": "2025-08-14 01:53:11", "elapsed": 57919.25002241135, "delta": 36.83890962600708}, "costs": {"total_cost": 393.4089627239767, "time_cost": 111.132, "final_distance_cost": 1.735785360974077, "oscillation_cost": 164.08731510647473, "completition_cost": 0.0, "overshoot_cost": 62.44186476288525, "power_cost": 27.123538098144532, "noise_cost": 26.888459395498124, "n_waypoints_completed": 9, "tot_waypoints": 9}}
{"target": -515.7300066122646, "params": {"k_pid_pos": [0.9839397703793643, 0.7071119284102355, 0.7012750647816235], "k_pid_alt": [1.8783525393694582, 0.40425916242983795, 0.8057870415642823], "k_pid_att": [17.34165136873874, 1.1889992290998403, 0.9211831689424205], "k_pid_yaw": [0.5, 1e-06, 0.1], "k_pid_hsp": [3.5756671159638618, 0.5999330300892511, 0.27159467030525375], "k_pid_vsp": [293.95399901931654, 340.8549543814437, 127.31587465583247]}, "datetime": {"datetime": "2025-08-14 01:54:03", "elapsed": 57971.680372953415, "delta": 52.43035054206848}, "costs": {"total_cost": 515.7300066122646, "time_cost": 112.168, "final_distance_cost": 1.7712123658569754, "oscillation_cost": 281.7259998833773, "completition_cost": 0.0, "overshoot_cost": 56.4493814857938, "power_cost": 35.219825268554686, "noise_cost": 28.39558760868178, "n_waypoints_completed": 9, "tot_waypoints": 9}}
{"target": -735.6001221143081, "params": {"k_pid_pos": [1.1127665962143978, 0.9910698614692148, 0.2075335196993464], "k_pid_alt": [0.9324265828242406, 0.2277026604619944, 0.3778950478648889], "k_pid_att": [17.40158001632983, 2.6759842932590394, 0.48849077794873064], "k_pid_yaw": [0.5, 1e-06, 0.1], "k_pid_hsp": [0.761520235358853, 0.5182414486473639, 0.2645079342100114], "k_pid_vsp": [314.37751479575513, 352.182623299488, 90.15693733620401]}, "datetime": {"datetime": "2025-08-14 01:54:42", "elapsed": 58010.764346838, "delta": 39.08397388458252}, "costs": {"total_cost": 735.6001221143081, "time_cost": 150, "final_distance_cost": 81.71057072588818, "oscillation_cost": 131.62805156642352, "completition_cost": 222.2222222222222, "overshoot_cost": 76.4465336868454, "power_cost": 40.79426129150391, "noise_cost": 32.79848262142489, "n_waypoints_completed": 7, "tot_waypoints": 9}}
{"target": -771.4098943984518, "params": {"k_pid_pos": [1.3839866285255003, 0.6095742698739698, 0.7431115371514488], "k_pid_alt": [0.06441877306431443, 0.28090949501524853, 0.6957751800683223], "k_pid_att": [26.375189395147892, 0.9469654849666864, 0.04397870498717571], "k_pid_yaw": [0.5, 1e-06, 0.1], "k_pid_hsp": [8.467151747080637, 0.38654652684266433, 0.2743313578283413], "k_pid_vsp": [262.8082818546799, 338.70659751237304, 100.41034383971949]}, "datetime": {"datetime": "2025-08-14 01:55:33", "elapsed": 58061.48334670067, "delta": 50.7189998626709}, "costs": {"total_cost": 771.4098943984518, "time_cost": 115.465, "final_distance_cost": 1.7530442426824633, "oscillation_cost": 521.2562767705391, "completition_cost": 0.0, "overshoot_cost": 66.35934091207619, "power_cost": 36.701439624023436, "noise_cost": 29.874792849130532, "n_waypoints_completed": 9, "tot_waypoints": 9}}
