{"target": -718.2042830211504, "params": {"k_pid_pos": [1.011592472971894, 0.45820180279307865, 0.06388349602281473], "k_pid_alt": [1.005826649843862, 0.9894116456887754, 0.5652101193495379], "k_pid_att": [6.439039541690928, 6.847923535062754, 0.8648988561674822], "k_pid_yaw": [0.5, 1e-06, 0.1], "k_pid_hsp": [6.346545670848119, 0.439359259393709, 0.32734358553597187], "k_pid_vsp": [191.7082345948451, 27.82869084846525, 4.824577558216197]}, "datetime": {"datetime": "2025-08-13 22:14:51", "elapsed": 44819.272934913635, "delta": 34.1422643661499}, "costs": {"total_cost": 718.2042830211504, "time_cost": 150, "final_distance_cost": 65.16794122337076, "oscillation_cost": 134.312616848069, "completition_cost": 222.2222222222222, "overshoot_cost": 61.96993188431248, "power_cost": 45.51885975341797, "noise_cost": 39.01271108975808, "n_waypoints_completed": 7, "tot_waypoints": 9}}
{"target": -1246.1196833475638, "params": {"k_pid_pos": [1.6482514977114442, 0.15788207298659962, 0.9235390418816873], "k_pid_alt": [0.5845990424192353, 0.43368423813057333, 0.5999864758791562], "k_pid_att": [28.85561166192655, 7.1552785693036425, 0.5319335792773376], "k_pid_yaw": [0.5, 1e-06, 0.1], "k_pid_hsp": [1.403448704276961, 0.23428432755248052, 0.8245924223211114], "k_pid_vsp": [304.2824699641408, 330.7524565116311, 78.58097558568045]}, "datetime": {"datetime": "2025-08-13 22:15:27", "elapsed": 44855.34242391586, "delta": 36.06948900222778}, "costs": {"total_cost": 1246.1196833475638, "time_cost": 150, "final_distance_cost": 69.30762227194462, "oscillation_cost": 554.0729547237312, "completition_cost": 333.33333333333337, "overshoot_cost": 58.47188095855807, "power_cost": 45.404083618164066, "noise_cost": 35.52980844183238, "n_waypoints_completed": 6, "tot_waypoints": 9}}
{"target": -397.96562439578975, "params": {"k_pid_pos": [1.1485979354588176, 0.10511350062820168, 0.9333334917923407], "k_pid_alt": [1.3089401959355464, 0.311770774674613, 0.18433384798432106], "k_pid_att": [13.57175369651843, 3.68268958732554, 0.8986507677248287], "k_pid_yaw": [0.5, 1e-06, 0.1], "k_pid_hsp": [4.09354188999969, 0.9123223212288708, 0.7849706068545815], "k_pid_vsp": [307.17088734746255, 348.8146467392538, 116.9615277480225]}, "datetime": {"datetime": "2025-08-13 22:15:58", "elapsed": 44886.339406490326, "delta": 30.99698257446289}, "costs": {"total_cost": 397.96562439578975, "time_cost": 86.681, "final_distance_cost": 1.8137060588243545, "oscillation_cost": 208.82143393508508, "completition_cost": 0.0, "overshoot_cost": 53.313969185713766, "power_cost": 25.51680643310547, "noise_cost": 21.818708783061126, "n_waypoints_completed": 9, "tot_waypoints": 9}}
{"target": -640.2763722797249, "params": {"k_pid_pos": [1.4750360108936862, 0.578292962856594, 0.8676494851884519], "k_pid_alt": [0.28420766765870287, 0.03084427982186566, 0.07751405026917269], "k_pid_att": [59.96122469778987, 1.914779282245645, 0.7902480388483459], "k_pid_yaw": [0.5, 1e-06, 0.1], "k_pid_hsp": [6.097154077276202, 0.4207217574272344, 0.186970130670988], "k_pid_vsp": [101.1492973018465, 363.1774025782378, 54.95554814544285]}, "datetime": {"datetime": "2025-08-13 22:16:30", "elapsed": 44918.47006082535, "delta": 32.13065433502197}, "costs": {"total_cost": 640.2763722797249, "time_cost": 102.921, "final_distance_cost": 1.7726954992160653, "oscillation_cost": 425.68616218479985, "completition_cost": 0.0, "overshoot_cost": 51.83590016970452, "power_cost": 32.47168714599609, "noise_cost": 25.588927280008402, "n_waypoints_completed": 9, "tot_waypoints": 9}}
{"target": -451.52898383877533, "params": {"k_pid_pos": [1.954888137816592, 0.8394320759016494, 0.7870453079606672], "k_pid_alt": [1.7618267110737056, 0.8532683168768289, 0.17054885877440318], "k_pid_att": [6.628979183470108, 6.00491484483878, 0.4858915095456027], "k_pid_yaw": [0.5, 1e-06, 0.1], "k_pid_hsp": [9.581506997981851, 0.03523893878148887, 0.5477421358912934], "k_pid_vsp": [280.1637118249272, 287.17489302172885, 51.270476979315035]}, "datetime": {"datetime": "2025-08-13 22:17:00", "elapsed": 44947.96933436394, "delta": 29.499273538589478}, "costs": {"total_cost": 451.52898383877533, "time_cost": 98.46900000000001, "final_distance_cost": 1.7570946486145569, "oscillation_cost": 226.63367277059913, "completition_cost": 0.0, "overshoot_cost": 57.08855573789807, "power_cost": 36.920833605957036, "noise_cost": 30.65982707570651, "n_waypoints_completed": 9, "tot_waypoints": 9}}
{"target": -1267.3385793569505, "params": {"k_pid_pos": [0.05937006211807697, 0.7519146266873744, 0.4665166616507115], "k_pid_alt": [1.7059381694538396, 0.7202808121105418, 0.7010695335755173], "k_pid_att": [2.38228465144672, 8.472599190957563, 0.6735451557989297], "k_pid_yaw": [0.5, 1e-06, 0.1], "k_pid_hsp": [2.644222899813416, 0.7696950041762803, 0.2808440662579612], "k_pid_vsp": [171.94901481826298, 22.144909940071127, 8.419954278316716]}, "datetime": {"datetime": "2025-08-13 22:17:33", "elapsed": 44981.76993227005, "delta": 33.80059790611267}, "costs": {"total_cost": 1267.3385793569505, "time_cost": 150, "final_distance_cost": 56.60005693040861, "oscillation_cost": 279.58887852527863, "completition_cost": 666.6666666666667, "overshoot_cost": 59.29586641099331, "power_cost": 23.197078149414065, "noise_cost": 31.99003267418936, "n_waypoints_completed": 3, "tot_waypoints": 9}}
{"target": -878.1309205244918, "params": {"k_pid_pos": [1.8472455919119966, 0.6312751905224826, 0.1263387059843818], "k_pid_alt": [1.0241759980039988, 0.8796206078154541, 0.22617593064874142], "k_pid_att": [8.348603985872971, 3.134478637736754, 0.1713588382704888], "k_pid_yaw": [0.5, 1e-06, 0.1], "k_pid_hsp": [1.8993936868261452, 0.6530129628783912, 0.46775741347118827], "k_pid_vsp": [160.88749071166708, 30.383628301330745, 10.392812245076792]}, "datetime": {"datetime": "2025-08-13 22:18:08", "elapsed": 45016.458996772766, "delta": 34.689064502716064}, "costs": {"total_cost": 878.1309205244918, "time_cost": 150, "final_distance_cost": 62.127959462174935, "oscillation_cost": 180.36515495911243, "completition_cost": 333.33333333333337, "overshoot_cost": 68.1214573601112, "power_cost": 44.80167800292969, "noise_cost": 39.381337406830184, "n_waypoints_completed": 6, "tot_waypoints": 9}}
{"target": -372.88708574376983, "params": {"k_pid_pos": [1.71680798026324, 0.8541742157510158, 0.2578824987623437], "k_pid_alt": [0.2843936835528975, 0.3616234893275617, 0.5710961472896328], "k_pid_att": [17.88151624800428, 9.2158768901079, 0.7941757025325771], "k_pid_yaw": [0.5, 1e-06, 0.1], "k_pid_hsp": [5.229682637760211, 0.5717272950664853, 0.1261526679837448], "k_pid_vsp": [311.5963647200606, 350.6427835367867, 115.95232214433312]}, "datetime": {"datetime": "2025-08-13 22:18:41", "elapsed": 45049.70386195183, "delta": 33.24486517906189}, "costs": {"total_cost": 372.88708574376983, "time_cost": 115.92, "final_distance_cost": 1.785199761335521, "oscillation_cost": 123.41999146042515, "completition_cost": 0.0, "overshoot_cost": 61.27285060226393, "power_cost": 37.19082432861328, "noise_cost": 33.298219591131904, "n_waypoints_completed": 9, "tot_waypoints": 9}}
{"target": -606.353505249177, "params": {"k_pid_pos": [1.7520481210344938, 0.7566282662237684, 0.14370730234139195], "k_pid_alt": [1.0906367056402433, 0.39197595075762526, 0.007191578762698048], "k_pid_att": [12.896646138337264, 4.888339678313269, 0.43053064147721765], "k_pid_yaw": [0.5, 1e-06, 0.1], "k_pid_hsp": [3.6178180835836096, 0.8042299313790933, 0.9116770714919149], "k_pid_vsp": [290.0224772063971, 353.498507778994, 130.44315317197183]}, "datetime": {"datetime": "2025-08-13 22:19:18", "elapsed": 45086.428629398346, "delta": 36.724767446517944}, "costs": {"total_cost": 606.353505249177, "time_cost": 150, "final_distance_cost": 62.9804351794887, "oscillation_cost": 156.1565405114592, "completition_cost": 111.11111111111116, "overshoot_cost": 66.77305788957416, "power_cost": 31.705264489746096, "noise_cost": 27.627096067797613, "n_waypoints_completed": 8, "tot_waypoints": 9}}
{"target": -1297.0029560560047, "params": {"k_pid_pos": [0.006220074423392465, 0.9643604920984107, 0.7662415707463828], "k_pid_alt": [0.727906802590685, 0.6368583672328177, 0.8926484240365926], "k_pid_att": [11.432085149093963, 7.723958973141451, 0.4259469732965214], "k_pid_yaw": [0.5, 1e-06, 0.1], "k_pid_hsp": [7.345433158291808, 0.9164118764552197, 0.3848709742939106], "k_pid_vsp": [170.18189721685445, 26.067591100863176, 25.086651535886443]}, "datetime": {"datetime": "2025-08-13 22:19:52", "elapsed": 45120.53654694557, "delta": 34.10791754722595}, "costs": {"total_cost": 1297.0029560560047, "time_cost": 150, "final_distance_cost": 77.57504617896005, "oscillation_cost": 202.2037696148469, "completition_cost": 777.7777777777778, "overshoot_cost": 36.72441121676933, "power_cost": 26.278655468750003, "noise_cost": 26.443295798900504, "n_waypoints_completed": 2, "tot_waypoints": 9}}
{"target": -249.738444992408, "params": {"k_pid_pos": [1.0819131730514744, 0.10947222992870898, 0.43780111644667485], "k_pid_alt": [1.1198248164640947, 0.37067743246675633, 0.2871540893684864], "k_pid_att": [8.735214413473146, 6.357940947368594, 0.36262371983279473], "k_pid_yaw": [0.5, 1e-06, 0.1], "k_pid_hsp": [6.896627580191156, 0.9684867222390354, 0.045908397202904405], "k_pid_vsp": [280.4974734570095, 275.1600879684719, 49.1585203184772]}, "datetime": {"datetime": "2025-08-13 22:20:17", "elapsed": 45145.65090608597, "delta": 25.114359140396118}, "costs": {"total_cost": 249.738444992408, "time_cost": 79.534, "final_distance_cost": 1.784517776932321, "oscillation_cost": 73.30655460649493, "completition_cost": 0.0, "overshoot_cost": 51.72260214888982, "power_cost": 22.51664315185547, "noise_cost": 20.874127308235458, "n_waypoints_completed": 9, "tot_waypoints": 9}}
{"target": -360.6015195998582, "params": {"k_pid_pos": [1.203564477422982, 0.15144611185140266, 0.5136235879073355], "k_pid_alt": [1.2150833246055788, 0.7666170367931223, 0.729892417982452], "k_pid_att": [11.13951805116703, 4.57844425863952, 0.7518742778972082], "k_pid_yaw": [0.5, 1e-06, 0.1], "k_pid_hsp": [6.947430042610212, 0.5362322306834294, 0.989043796815116], "k_pid_vsp": [315.1756351878019, 334.5694557337163, 100.51974615517649]}, "datetime": {"datetime": "2025-08-13 22:20:44", "elapsed": 45172.2722222805, "delta": 26.6213161945343}, "costs": {"total_cost": 360.6015195998582, "time_cost": 86.52, "final_distance_cost": 1.7830366294336948, "oscillation_cost": 172.0261657468384, "completition_cost": 0.0, "overshoot_cost": 55.573193021946466, "power_cost": 23.603076391601565, "noise_cost": 21.096047810038097, "n_waypoints_completed": 9, "tot_waypoints": 9}}
{"target": -652.937840410764, "params": {"k_pid_pos": [1.5383565708499938, 0.8697441754524589, 0.15452125203808498], "k_pid_alt": [0.7973254825634042, 0.44122650165857924, 0.9320074015382178], "k_pid_att": [19.84079989861989, 0.0329996522167554, 0.9261259802032752], "k_pid_yaw": [0.5, 1e-06, 0.1], "k_pid_hsp": [8.471339935627471, 0.03025752899015144, 0.04107047544774356], "k_pid_vsp": [267.411242600428, 266.4625846487473, 57.76039251361547]}, "datetime": {"datetime": "2025-08-13 22:21:21", "elapsed": 45209.284215927124, "delta": 37.011993646621704}, "costs": {"total_cost": 652.937840410764, "time_cost": 150, "final_distance_cost": 65.05302436609793, "oscillation_cost": 95.25441850078067, "completition_cost": 222.2222222222222, "overshoot_cost": 52.50084628805787, "power_cost": 36.305587707519535, "noise_cost": 31.601741326085794, "n_waypoints_completed": 7, "tot_waypoints": 9}}
{"target": -1180.7226878050267, "params": {"k_pid_pos": [0.021661232873910346, 0.5837678765182831, 0.6688540658422203], "k_pid_alt": [0.6174115197912236, 0.13445120158771884, 0.8312075179533575], "k_pid_att": [7.936791214869654, 2.3275454013756693, 0.5763483835026327], "k_pid_yaw": [0.5, 1e-06, 0.1], "k_pid_hsp": [8.061453710369657, 0.15657867185903274, 0.7761766100005584], "k_pid_vsp": [201.52076520205623, 326.246103739191, 17.908038570090856]}, "datetime": {"datetime": "2025-08-13 22:21:56", "elapsed": 45244.91139173508, "delta": 35.62717580795288}, "costs": {"total_cost": 1180.7226878050267, "time_cost": 150, "final_distance_cost": 39.738265960372026, "oscillation_cost": 303.2367810506306, "completition_cost": 555.5555555555555, "overshoot_cost": 64.50590586452601, "power_cost": 36.059213647460936, "noise_cost": 31.62696572648151, "n_waypoints_completed": 4, "tot_waypoints": 9}}
{"target": -666.710600195446, "params": {"k_pid_pos": [1.7559445901132136, 0.06387045751202247, 0.8730706684694262], "k_pid_alt": [0.3500027720525425, 0.1274136314240144, 0.4382382798607125], "k_pid_att": [49.012023658806, 9.608116820397484, 0.7191108446039537], "k_pid_yaw": [0.5, 1e-06, 0.1], "k_pid_hsp": [3.779465174428601, 0.8911370634660094, 0.67884774809692], "k_pid_vsp": [78.84253306053499, 348.9993354867845, 46.89242560916266]}, "datetime": {"datetime": "2025-08-13 22:22:29", "elapsed": 45277.764541864395, "delta": 32.85315012931824}, "costs": {"total_cost": 666.710600195446, "time_cost": 113.176, "final_distance_cost": 1.7811180063372203, "oscillation_cost": 426.9459192772661, "completition_cost": 0.0, "overshoot_cost": 57.92545887364166, "power_cost": 37.69278979492188, "noise_cost": 29.18931424327908, "n_waypoints_completed": 9, "tot_waypoints": 9}}
{"target": -237.5590520703116, "params": {"k_pid_pos": [1.384421336873844, 0.043619981349651726, 0.22822739016711857], "k_pid_alt": [1.2995397993098496, 0.6474166368581049, 0.8594987402419303], "k_pid_att": [41.112205442910884, 3.117335355506404, 0.9940249175420597], "k_pid_yaw": [0.5, 1e-06, 0.1], "k_pid_hsp": [7.604824653006651, 0.8756803835304456, 0.0061405993375782866], "k_pid_vsp": [227.21129819720977, 279.6644764708856, 40.47477048453281]}, "datetime": {"datetime": "2025-08-13 22:22:58", "elapsed": 45306.750010252, "delta": 28.98546838760376}, "costs": {"total_cost": 237.5590520703116, "time_cost": 78.617, "final_distance_cost": 1.7648039477200699, "oscillation_cost": 63.34656072523391, "completition_cost": 0.0, "overshoot_cost": 51.74139803289182, "power_cost": 21.92849899902344, "noise_cost": 20.160790365442363, "n_waypoints_completed": 9, "tot_waypoints": 9}}
{"target": -386.63277689235986, "params": {"k_pid_pos": [1.9863004466673793, 0.6065358197934508, 0.0029847217867039477], "k_pid_alt": [1.5110739147488277, 0.4379246259990077, 0.23711874692091706], "k_pid_att": [16.706701985117245, 5.028594931039923, 0.7108581849465241], "k_pid_yaw": [0.5, 1e-06, 0.1], "k_pid_hsp": [7.321330607362609, 0.16159222469349965, 0.18551497403525052], "k_pid_vsp": [277.9798075463546, 336.2960309805413, 105.92574867398453]}, "datetime": {"datetime": "2025-08-13 22:23:30", "elapsed": 45338.296612262726, "delta": 31.54660201072693}, "costs": {"total_cost": 386.63277689235986, "time_cost": 104.174, "final_distance_cost": 1.7618261559049122, "oscillation_cost": 173.51763747870805, "completition_cost": 0.0, "overshoot_cost": 59.18510044974414, "power_cost": 24.34509948730469, "noise_cost": 23.64911332069809, "n_waypoints_completed": 9, "tot_waypoints": 9}}
{"target": -399.872139684931, "params": {"k_pid_pos": [1.905962893784524, 0.9998121850239503, 0.43686740692211234], "k_pid_alt": [1.7117841979529915, 0.8557150832671461, 0.8953100099066911], "k_pid_att": [16.090974472089492, 4.756761580683515, 0.5152651451209987], "k_pid_yaw": [0.5, 1e-06, 0.1], "k_pid_hsp": [4.991143303021389, 0.28450081879597344, 0.37561431691948277], "k_pid_vsp": [191.1295296924725, 297.73652392765604, 22.679903448236654]}, "datetime": {"datetime": "2025-08-13 22:24:01", "elapsed": 45369.090606451035, "delta": 30.793994188308716}, "costs": {"total_cost": 399.872139684931, "time_cost": 101.395, "final_distance_cost": 1.7524294900932595, "oscillation_cost": 186.78803844743575, "completition_cost": 0.0, "overshoot_cost": 61.86977261104807, "power_cost": 23.615948754882815, "noise_cost": 24.450950381471138, "n_waypoints_completed": 9, "tot_waypoints": 9}}
{"target": -1230.210025471694, "params": {"k_pid_pos": [0.5675864297225973, 0.602406985276457, 0.3142512806446015], "k_pid_alt": [0.16304467425178615, 0.26262620863456543, 0.8798172453057398], "k_pid_att": [14.863659694547504, 7.133988458117542, 0.5477286659770416], "k_pid_yaw": [0.5, 1e-06, 0.1], "k_pid_hsp": [4.8776935398164625, 0.17099682155667806, 0.957421349399882], "k_pid_vsp": [169.47314440664675, 27.50694453444455, 14.970462284753786]}, "datetime": {"datetime": "2025-08-13 22:24:36", "elapsed": 45404.527540683746, "delta": 35.43693423271179}, "costs": {"total_cost": 1230.210025471694, "time_cost": 150, "final_distance_cost": 47.75507340068299, "oscillation_cost": 359.42149197800296, "completition_cost": 555.5555555555555, "overshoot_cost": 47.127058537008274, "power_cost": 35.884448046875, "noise_cost": 34.46639795356938, "n_waypoints_completed": 4, "tot_waypoints": 9}}
{"target": -310.28407379185217, "params": {"k_pid_pos": [1.0122073302591386, 0.0561706582263074, 0.7835081904577464], "k_pid_alt": [1.69916982962754, 0.9185901119070222, 0.5806585647930634], "k_pid_att": [5.968019400457436, 0.7371729480981662, 0.7086065556471554], "k_pid_yaw": [0.5, 1e-06, 0.1], "k_pid_hsp": [7.282379309072044, 0.15327556712272916, 0.6084120943946666], "k_pid_vsp": [276.6224967337166, 271.52792747704876, 37.35469776544334]}, "datetime": {"datetime": "2025-08-13 22:25:02", "elapsed": 45430.94429278374, "delta": 26.416752099990845}, "costs": {"total_cost": 310.28407379185217, "time_cost": 83.741, "final_distance_cost": 1.8046855771821377, "oscillation_cost": 129.45218825163533, "completition_cost": 0.0, "overshoot_cost": 52.79738679795577, "power_cost": 22.14272351074219, "noise_cost": 20.346089654336716, "n_waypoints_completed": 9, "tot_waypoints": 9}}
{"target": -1012.8049488051932, "params": {"k_pid_pos": [1.5618707117685724, 0.8737305737737958, 0.3593510746372335], "k_pid_alt": [0.11483391440306256, 0.3443510671080632, 0.8620784453666208], "k_pid_att": [44.91362016781573, 7.542773083425687, 0.7214402504543628], "k_pid_yaw": [0.5, 1e-06, 0.1], "k_pid_hsp": [8.980875382059745, 0.13705972162448443, 0.26752562517500633], "k_pid_vsp": [231.366094873373, 282.65190468774927, 35.4569874212083]}, "datetime": {"datetime": "2025-08-13 22:25:45", "elapsed": 45473.50962495804, "delta": 42.56533217430115}, "costs": {"total_cost": 1012.8049488051932, "time_cost": 150, "final_distance_cost": 70.68722140287221, "oscillation_cost": 323.23918852826273, "completition_cost": 333.33333333333337, "overshoot_cost": 59.23671319111379, "power_cost": 41.724113684082035, "noise_cost": 34.584378665529115, "n_waypoints_completed": 6, "tot_waypoints": 9}}
{"target": -782.5792252226704, "params": {"k_pid_pos": [1.2832892462419152, 0.9497634706498636, 0.02144838568743135], "k_pid_alt": [1.5743522937163, 0.37717139230235075, 0.21178638778967607], "k_pid_att": [37.40313481597302, 6.71784134735877, 0.6907981683058547], "k_pid_yaw": [0.5, 1e-06, 0.1], "k_pid_hsp": [0.6274701252083549, 0.08055019768626415, 0.3157269160110513], "k_pid_vsp": [107.23719630715807, 349.1786805872869, 51.86098804047958]}, "datetime": {"datetime": "2025-08-13 22:26:19", "elapsed": 45507.8423037529, "delta": 34.33267879486084}, "costs": {"total_cost": 782.5792252226704, "time_cost": 150, "final_distance_cost": 80.29782102386403, "oscillation_cost": 196.98854784883633, "completition_cost": 222.2222222222222, "overshoot_cost": 71.87055469219952, "power_cost": 32.618692199707034, "noise_cost": 28.581387235841305, "n_waypoints_completed": 7, "tot_waypoints": 9}}
{"target": -395.6136113480211, "params": {"k_pid_pos": [0.8844577247135634, 0.3355458233217852, 0.125083387939537], "k_pid_alt": [1.6007703688738664, 0.05900834674217503, 0.11145892824333781], "k_pid_att": [42.812485333676285, 7.563733953007108, 0.9954234082906225], "k_pid_yaw": [0.5, 1e-06, 0.1], "k_pid_hsp": [1.3393920596983195, 0.8062755960662528, 0.7480107381007669], "k_pid_vsp": [97.95768820626391, 354.76927576039503, 44.61165561229437]}, "datetime": {"datetime": "2025-08-13 22:26:51", "elapsed": 45539.03385710716, "delta": 31.191553354263306}, "costs": {"total_cost": 395.6136113480211, "time_cost": 106.757, "final_distance_cost": 1.7596440594618492, "oscillation_cost": 171.81775946698647, "completition_cost": 0.0, "overshoot_cost": 58.85329801618227, "power_cost": 30.274357299804688, "noise_cost": 26.151552505585755, "n_waypoints_completed": 9, "tot_waypoints": 9}}
{"target": -1708.6255862865557, "params": {"k_pid_pos": [0.04086681403124106, 0.7072911879309575, 0.39334645329675044], "k_pid_alt": [0.8888993233648717, 0.652507295956339, 0.5047107704387575], "k_pid_att": [18.621324412433204, 1.319938979924166, 0.20475865027583273], "k_pid_yaw": [0.5, 1e-06, 0.1], "k_pid_hsp": [0.524988383234105, 0.3314697642040425, 0.7633638443821719], "k_pid_vsp": [292.61525875359655, 339.81671046482217, 79.00519933686012]}, "datetime": {"datetime": "2025-08-13 22:27:26", "elapsed": 45573.98617005348, "delta": 34.95231294631958}, "costs": {"total_cost": 1708.6255862865557, "time_cost": 150, "final_distance_cost": 96.25528426112947, "oscillation_cost": 568.779099225806, "completition_cost": 777.7777777777778, "overshoot_cost": 49.25827986941714, "power_cost": 36.06921505126953, "noise_cost": 30.485930101155972, "n_waypoints_completed": 2, "tot_waypoints": 9}}
