{"target": -459.4920387437455, "params": {"k_pid_pos": [0.9996948963960379, 0.29200225000792596, 0.33540698205014924], "k_pid_alt": [1.4554365862197844, 0.43946170096617915, 0.5071339991268511], "k_pid_att": [23.62686836729915, 0.3051097982257551, 0.9843307484104545], "k_pid_yaw": [0.5, 1e-06, 0.1], "k_pid_hsp": [5.578982520512182, 0.5127634536511297, 0.33183023157608776], "k_pid_vsp": [250.39811420216162, 272.76551118663514, 51.85991930427378]}, "datetime": {"datetime": "2025-08-14 07:14:08", "elapsed": 77176.9447646141, "delta": 44.573431730270386}, "costs": {"total_cost": 459.4920387437455, "time_cost": 96.383, "final_distance_cost": 1.7646380611153993, "oscillation_cost": 255.3394060602206, "completition_cost": 0.0, "overshoot_cost": 54.20530383045988, "power_cost": 27.34451452636719, "noise_cost": 24.455176265582452, "n_waypoints_completed": 9, "tot_waypoints": 9}}
{"target": -324.31276747199104, "params": {"k_pid_pos": [1.1389513508982843, 0.000985628695524432, 0.41549561323615025], "k_pid_alt": [1.0043774583132057, 0.03792845578634774, 0.05801071124696511], "k_pid_att": [10.909418081714083, 9.783345699240995, 0.25022696827629876], "k_pid_yaw": [0.5, 1e-06, 0.1], "k_pid_hsp": [5.5846521733917855, 0.8804416400391155, 0.114556002462334], "k_pid_vsp": [188.79451218539663, 323.8571484653703, 17.92631694841186]}, "datetime": {"datetime": "2025-08-14 07:14:52", "elapsed": 77220.73454070091, "delta": 43.78977608680725}, "costs": {"total_cost": 324.31276747199104, "time_cost": 78.239, "final_distance_cost": 1.8369804169553885, "oscillation_cost": 153.34770952396494, "completition_cost": 0.0, "overshoot_cost": 49.92669906597459, "power_cost": 20.532441564941408, "noise_cost": 20.4299369001547, "n_waypoints_completed": 9, "tot_waypoints": 9}}
{"target": -424.95887998486916, "params": {"k_pid_pos": [1.0236276674303404, 0.4365223660862434, 0.4903716451785355], "k_pid_alt": [1.7747629643425546, 0.29123969993447285, 0.8040004818516235], "k_pid_att": [11.865196371948528, 9.421545438310703, 0.7004923136543924], "k_pid_yaw": [0.5, 1e-06, 0.1], "k_pid_hsp": [7.3408082202589435, 0.9350229982150191, 0.9558442018406987], "k_pid_vsp": [293.6246820031184, 288.09823889613546, 62.57070317516485]}, "datetime": {"datetime": "2025-08-14 07:15:33", "elapsed": 77261.78787064552, "delta": 41.053329944610596}, "costs": {"total_cost": 424.95887998486916, "time_cost": 97.559, "final_distance_cost": 1.7425203872224686, "oscillation_cost": 226.09054010076815, "completition_cost": 0.0, "overshoot_cost": 54.02850758255705, "power_cost": 23.360408862304688, "noise_cost": 22.17790305201681, "n_waypoints_completed": 9, "tot_waypoints": 9}}
{"target": -1368.8673334793532, "params": {"k_pid_pos": [0.01957844639654618, 0.8383595866133999, 0.8305767428224321], "k_pid_alt": [0.31932937800281613, 0.02662290103507159, 0.37756355273090025], "k_pid_att": [5.877875243287445, 5.702562760458444, 0.02998034732946142], "k_pid_yaw": [0.5, 1e-06, 0.1], "k_pid_hsp": [7.2381615832439605, 0.139967030801194, 0.6035371383988467], "k_pid_vsp": [249.76406644835052, 286.9322612488742, 60.418760878458734]}, "datetime": {"datetime": "2025-08-14 07:16:22", "elapsed": 77310.22099852562, "delta": 48.433127880096436}, "costs": {"total_cost": 1368.8673334793532, "time_cost": 150, "final_distance_cost": 55.07291674997701, "oscillation_cost": 374.2747346157144, "completition_cost": 666.6666666666667, "overshoot_cost": 62.40788727016437, "power_cost": 31.66545368652344, "noise_cost": 28.779674490307194, "n_waypoints_completed": 3, "tot_waypoints": 9}}
{"target": -926.9716947018115, "params": {"k_pid_pos": [0.3330550982958679, 0.7731820072898704, 0.1996685614550442], "k_pid_alt": [0.4274034044263051, 0.6707107161855438, 0.3495384479842374], "k_pid_att": [27.83592987902339, 9.321435503278286, 0.748033386525728], "k_pid_yaw": [0.5, 1e-06, 0.1], "k_pid_hsp": [6.518136756199856, 0.598741424647224, 0.2482954118388644], "k_pid_vsp": [104.20616838077281, 341.33611208164194, 43.037274557683645]}, "datetime": {"datetime": "2025-08-14 07:17:17", "elapsed": 77365.48952651024, "delta": 55.26852798461914}, "costs": {"total_cost": 926.9716947018115, "time_cost": 150, "final_distance_cost": 70.0653607571013, "oscillation_cost": 265.5941136160909, "completition_cost": 333.33333333333337, "overshoot_cost": 50.61245783960592, "power_cost": 28.58232606201172, "noise_cost": 28.78410309366837, "n_waypoints_completed": 6, "tot_waypoints": 9}}
{"target": -1410.7012893788367, "params": {"k_pid_pos": [0.48187986347590883, 0.5991715051903889, 0.6698068940588434], "k_pid_alt": [0.32842904452456456, 0.3992137737908016, 0.2875934534505089], "k_pid_att": [15.71143390973332, 3.1099581980538336, 0.18050598222657643], "k_pid_yaw": [0.5, 1e-06, 0.1], "k_pid_hsp": [0.7880230789348236, 0.7703330071230645, 0.6580003651853461], "k_pid_vsp": [292.60867747293054, 348.47055329061567, 122.1385165919283]}, "datetime": {"datetime": "2025-08-14 07:18:23", "elapsed": 77431.35256934166, "delta": 65.8630428314209}, "costs": {"total_cost": 1410.7012893788367, "time_cost": 150, "final_distance_cost": 53.207332754343504, "oscillation_cost": 437.1245560895304, "completition_cost": 666.6666666666667, "overshoot_cost": 49.74586256035028, "power_cost": 25.902101220703127, "noise_cost": 28.05477008724245, "n_waypoints_completed": 3, "tot_waypoints": 9}}
{"target": -406.294947464072, "params": {"k_pid_pos": [0.8847876992513529, 0.01783888037212389, 0.5352827333738999], "k_pid_alt": [0.9172587073570213, 0.01567429822933175, 0.1750997352311512], "k_pid_att": [13.210501631125037, 7.692697631747051, 0.7337922928132689], "k_pid_yaw": [0.5, 1e-06, 0.1], "k_pid_hsp": [3.867179028388301, 0.04700695065051308, 0.6058457897720299], "k_pid_vsp": [185.48757367001792, 327.47844568556377, 24.562374774682127]}, "datetime": {"datetime": "2025-08-14 07:19:00", "elapsed": 77468.82122898102, "delta": 37.46865963935852}, "costs": {"total_cost": 406.294947464072, "time_cost": 82.362, "final_distance_cost": 1.8554090589430694, "oscillation_cost": 218.02661844294008, "completition_cost": 0.0, "overshoot_cost": 53.20343040381306, "power_cost": 26.157905053710937, "noise_cost": 24.689584504664893, "n_waypoints_completed": 9, "tot_waypoints": 9}}
{"target": -727.3080342086097, "params": {"k_pid_pos": [0.44639629909904693, 0.5871847355434543, 0.19319085827071836], "k_pid_alt": [1.5582702140711984, 0.9597312145433798, 0.6779274706523073], "k_pid_att": [9.350934758527185, 4.258598483516539, 0.16107652659238358], "k_pid_yaw": [0.5, 1e-06, 0.1], "k_pid_hsp": [2.301491540590589, 0.43753470097713854, 0.3300502075415359], "k_pid_vsp": [253.5823616698531, 279.64839148831976, 44.86344659458335]}, "datetime": {"datetime": "2025-08-14 07:19:47", "elapsed": 77515.72577738762, "delta": 46.90454840660095}, "costs": {"total_cost": 727.3080342086097, "time_cost": 150, "final_distance_cost": 63.61242237648399, "oscillation_cost": 281.5052464300267, "completition_cost": 111.11111111111116, "overshoot_cost": 51.73716570358429, "power_cost": 36.419058508300786, "noise_cost": 32.92303007910272, "n_waypoints_completed": 8, "tot_waypoints": 9}}
{"target": -824.4385477472595, "params": {"k_pid_pos": [1.0373130018077013, 0.16254524582279228, 0.042091875549115754], "k_pid_alt": [1.7317070605824498, 0.5903282976708177, 0.6590309062257053], "k_pid_att": [6.174836035926601, 9.504905514028064, 0.7446331798314192], "k_pid_yaw": [0.5, 1e-06, 0.1], "k_pid_hsp": [4.359399231993317, 0.25678408047824186, 0.658913468152475], "k_pid_vsp": [263.780225524934, 287.4469017495286, 52.89073086437107]}, "datetime": {"datetime": "2025-08-14 07:20:35", "elapsed": 77563.09922742844, "delta": 47.37345004081726}, "costs": {"total_cost": 824.4385477472595, "time_cost": 150, "final_distance_cost": 62.564061197047934, "oscillation_cost": 218.41616142376358, "completition_cost": 222.2222222222222, "overshoot_cost": 71.74412019190768, "power_cost": 48.162044421386724, "noise_cost": 51.32993829093126, "n_waypoints_completed": 7, "tot_waypoints": 9}}
{"target": -414.8383096901879, "params": {"k_pid_pos": [1.2456672509034459, 0.765967423788895, 0.21754420709904299], "k_pid_alt": [1.6656040405790167, 0.7552731532310993, 0.37753871160599894], "k_pid_att": [14.616468503943237, 3.922737940486931, 0.8989128180599291], "k_pid_yaw": [0.5, 1e-06, 0.1], "k_pid_hsp": [5.264585970151229, 0.5466173660461813, 0.7850917132745936], "k_pid_vsp": [275.4548923904416, 342.056098064577, 108.62098916762832]}, "datetime": {"datetime": "2025-08-14 07:21:17", "elapsed": 77605.46960544586, "delta": 42.37037801742554}, "costs": {"total_cost": 414.8383096901879, "time_cost": 96.936, "final_distance_cost": 1.7767076709008143, "oscillation_cost": 196.13937462291295, "completition_cost": 0.0, "overshoot_cost": 61.308528725457485, "power_cost": 32.31362877197266, "noise_cost": 26.3640698989439, "n_waypoints_completed": 9, "tot_waypoints": 9}}
{"target": -496.8108772976782, "params": {"k_pid_pos": [1.3679355318846607, 0.5784505033928901, 0.6678853889930488], "k_pid_alt": [0.1622590005434683, 0.21366732182066162, 0.10871254094642357], "k_pid_att": [3.122568512354973, 7.970914915277954, 0.49226559967394323], "k_pid_yaw": [0.5, 1e-06, 0.1], "k_pid_hsp": [7.717249582452028, 0.9226392361639948, 0.14030152920493966], "k_pid_vsp": [193.84989050742217, 322.683683862559, 21.695217934395306]}, "datetime": {"datetime": "2025-08-14 07:22:02", "elapsed": 77650.10810375214, "delta": 44.638498306274414}, "costs": {"total_cost": 496.8108772976782, "time_cost": 111.601, "final_distance_cost": 1.7942636713231044, "oscillation_cost": 255.87331636251713, "completition_cost": 0.0, "overshoot_cost": 60.19012330740364, "power_cost": 34.21486988525391, "noise_cost": 33.13730407118036, "n_waypoints_completed": 9, "tot_waypoints": 9}}
{"target": -630.624241292081, "params": {"k_pid_pos": [1.6113342010333873, 0.8673477967401574, 0.8689483191323021], "k_pid_alt": [0.31719098092296516, 0.2838917470390061, 0.47419137942118117], "k_pid_att": [13.490984780433202, 5.726563709215244, 0.01367933014633882], "k_pid_yaw": [0.5, 1e-06, 0.1], "k_pid_hsp": [2.797581164204447, 0.5925109497078317, 0.4830882800345615], "k_pid_vsp": [182.91228073034497, 26.795884524477966, 1.8288401810593164]}, "datetime": {"datetime": "2025-08-14 07:22:47", "elapsed": 77695.3627319336, "delta": 45.25462818145752}, "costs": {"total_cost": 630.624241292081, "time_cost": 114.653, "final_distance_cost": 1.7431439270829385, "oscillation_cost": 396.35326577343767, "completition_cost": 0.0, "overshoot_cost": 60.171654594947604, "power_cost": 25.913689709472656, "noise_cost": 31.789487287140137, "n_waypoints_completed": 9, "tot_waypoints": 9}}
{"target": -349.8164355338501, "params": {"k_pid_pos": [0.7886800635018514, 0.8727008708106897, 0.9911224651730368], "k_pid_alt": [1.644302422070358, 0.9243308086285486, 0.492901400595407], "k_pid_att": [4.057903094449344, 8.615227576032316, 0.6791220240096355], "k_pid_yaw": [0.5, 1e-06, 0.1], "k_pid_hsp": [8.092296000174258, 0.8685612918267637, 0.20255590874151952], "k_pid_vsp": [186.2558295366012, 26.939101967990567, 6.043019611659359]}, "datetime": {"datetime": "2025-08-14 07:23:32", "elapsed": 77740.7596335411, "delta": 45.39690160751343}, "costs": {"total_cost": 349.8164355338501, "time_cost": 106.687, "final_distance_cost": 1.7310197246497245, "oscillation_cost": 134.02729096107967, "completition_cost": 0.0, "overshoot_cost": 59.02230307263633, "power_cost": 21.020912426757814, "noise_cost": 27.327909348726582, "n_waypoints_completed": 9, "tot_waypoints": 9}}
{"target": -486.26044054188094, "params": {"k_pid_pos": [1.917890906557942, 0.7100453336836513, 0.564424586162348], "k_pid_alt": [0.7384767886562966, 0.32294144603248376, 0.14251705217708133], "k_pid_att": [4.812584088950656, 5.676121346497301, 0.18418668200469457], "k_pid_yaw": [0.5, 1e-06, 0.1], "k_pid_hsp": [2.9868335704209894, 0.28230958503393566, 0.9018484459927341], "k_pid_vsp": [315.4714326583034, 355.51623470755663, 89.3406562970613]}, "datetime": {"datetime": "2025-08-14 07:24:30", "elapsed": 77798.0037457943, "delta": 57.24411225318909}, "costs": {"total_cost": 486.26044054188094, "time_cost": 113.113, "final_distance_cost": 1.7488601898887315, "oscillation_cost": 244.93504844370463, "completition_cost": 0.0, "overshoot_cost": 66.54843000431704, "power_cost": 31.36985194091797, "noise_cost": 28.5452499630526, "n_waypoints_completed": 9, "tot_waypoints": 9}}
{"target": -306.95888778120604, "params": {"k_pid_pos": [2.0, 0.6936361037334862, 0.4945828082842269], "k_pid_alt": [2.0, 0.3789489546928977, 0.3400158766205803], "k_pid_att": [54.86504004827537, 9.190700802508829, 0.8976737636286953], "k_pid_yaw": [0.5, 1e-06, 0.1], "k_pid_hsp": [7.249576878914982, 0.8076164110170917, 0.0], "k_pid_vsp": [88.33476420353918, 356.8048574632475, 42.5696071968186]}, "datetime": {"datetime": "2025-08-14 07:25:24", "elapsed": 77852.45491528511, "delta": 54.45116949081421}, "costs": {"total_cost": 306.95888778120604, "time_cost": 110.033, "final_distance_cost": 1.766110150236234, "oscillation_cost": 83.51349137200924, "completition_cost": 0.0, "overshoot_cost": 55.68137663233517, "power_cost": 29.158544934082034, "noise_cost": 26.806364692543344, "n_waypoints_completed": 9, "tot_waypoints": 9}}
{"target": -371.77479399211063, "params": {"k_pid_pos": [0.9773191460449753, 0.1529974153101602, 0.04728313968393383], "k_pid_alt": [1.8465101239166892, 0.010544033564496291, 0.923427423947067], "k_pid_att": [11.905605361163962, 6.20333447204082, 0.19066339826936118], "k_pid_yaw": [0.5, 1e-06, 0.1], "k_pid_hsp": [6.578681414287064, 0.825394158446259, 0.839586853185476], "k_pid_vsp": [284.1046149332632, 278.9577550382128, 72.21576326040235]}, "datetime": {"datetime": "2025-08-14 07:25:59", "elapsed": 77887.74583125114, "delta": 35.290915966033936}, "costs": {"total_cost": 371.77479399211063, "time_cost": 75.11, "final_distance_cost": 1.7594926327212945, "oscillation_cost": 198.681461916807, "completition_cost": 0.0, "overshoot_cost": 51.64610521288715, "power_cost": 23.924449072265627, "noise_cost": 20.653285157429565, "n_waypoints_completed": 9, "tot_waypoints": 9}}
{"target": -357.31797400747627, "params": {"k_pid_pos": [1.0190352363471502, 0.06028503100123572, 0.8004859520774211], "k_pid_alt": [1.9858611570475513, 0.30242141945843737, 0.9674397816127307], "k_pid_att": [4.907827021913191, 1.9986485659749347, 0.5822664233712177], "k_pid_yaw": [0.5, 1e-06, 0.1], "k_pid_hsp": [8.596825542057491, 0.6646989737335132, 0.5593235922639263], "k_pid_vsp": [202.49394538106858, 304.7921000872708, 23.699123551521158]}, "datetime": {"datetime": "2025-08-14 07:26:37", "elapsed": 77925.52856254578, "delta": 37.78273129463196}, "costs": {"total_cost": 357.31797400747627, "time_cost": 88.284, "final_distance_cost": 1.8143513210350242, "oscillation_cost": 165.29517567713972, "completition_cost": 0.0, "overshoot_cost": 53.196841757413885, "power_cost": 25.27197254638672, "noise_cost": 23.455632705500893, "n_waypoints_completed": 9, "tot_waypoints": 9}}
{"target": -514.4426818654352, "params": {"k_pid_pos": [0.7172921958092362, 0.16570919798836037, 0.9711382413725727], "k_pid_alt": [1.446527940316213, 0.6439150807350239, 0.9058727464921932], "k_pid_att": [13.167295815072633, 5.158909719259961, 0.05883673997888739], "k_pid_yaw": [0.5, 1e-06, 0.1], "k_pid_hsp": [7.559077011468037, 0.9791903052076544, 0.003954484564410832], "k_pid_vsp": [162.1505887404544, 23.834178735816423, 13.83696688897512]}, "datetime": {"datetime": "2025-08-14 07:27:19", "elapsed": 77967.45616316795, "delta": 41.927600622177124}, "costs": {"total_cost": 514.4426818654352, "time_cost": 96.355, "final_distance_cost": 1.8049232719533315, "oscillation_cost": 320.53310882664806, "completition_cost": 0.0, "overshoot_cost": 55.461447183093554, "power_cost": 17.338170971679688, "noise_cost": 22.950031612060588, "n_waypoints_completed": 9, "tot_waypoints": 9}}
{"target": -497.53972745130335, "params": {"k_pid_pos": [1.3734097683593733, 0.5937548245891099, 0.5436757961457888], "k_pid_alt": [1.0982161445608252, 0.9058561673855998, 0.3501197083308759], "k_pid_att": [17.772879784920214, 4.1705363814151, 0.39195340118886857], "k_pid_yaw": [0.5, 1e-06, 0.1], "k_pid_hsp": [8.953872173402965, 0.5333481043349556, 0.7604102546675297], "k_pid_vsp": [297.50135029859547, 338.10118203191126, 81.13412296710005]}, "datetime": {"datetime": "2025-08-14 07:28:06", "elapsed": 78014.06882286072, "delta": 46.61265969276428}, "costs": {"total_cost": 497.53972745130335, "time_cost": 103.537, "final_distance_cost": 1.7921699491526157, "oscillation_cost": 282.4097420343723, "completition_cost": 0.0, "overshoot_cost": 57.30624333384805, "power_cost": 26.57211099853516, "noise_cost": 25.922461135395217, "n_waypoints_completed": 9, "tot_waypoints": 9}}
{"target": -654.2187258128304, "params": {"k_pid_pos": [0.9196957164785138, 0.7130253850332293, 0.37623288710289626], "k_pid_alt": [0.9820588130121894, 0.9899943131811677, 0.14612582685842945], "k_pid_att": [6.197678389816829, 4.020925312911534, 0.4402308774925706], "k_pid_yaw": [0.5, 1e-06, 0.1], "k_pid_hsp": [0.949967368174373, 0.22824478280398408, 0.47201987356103325], "k_pid_vsp": [207.45763856559566, 321.6240815058117, 14.335514459395446]}, "datetime": {"datetime": "2025-08-14 07:29:03", "elapsed": 78071.90142321587, "delta": 57.832600355148315}, "costs": {"total_cost": 654.2187258128304, "time_cost": 150, "final_distance_cost": 50.0023819130923, "oscillation_cost": 209.95486004269497, "completition_cost": 111.11111111111116, "overshoot_cost": 68.3399335287244, "power_cost": 33.596549621582035, "noise_cost": 31.213889595625457, "n_waypoints_completed": 8, "tot_waypoints": 9}}
{"target": -423.26197184046225, "params": {"k_pid_pos": [1.964226888993161, 0.3650082897473669, 0.7555034251370073], "k_pid_alt": [1.1499694594113854, 0.9205701480102888, 0.8601758256328838], "k_pid_att": [19.84075387598918, 0.32953870810977975, 0.9821264262999351], "k_pid_yaw": [0.5, 1e-06, 0.1], "k_pid_hsp": [1.5638285576484954, 0.8496668715915129, 0.3891493060880722], "k_pid_vsp": [170.0667844847099, 27.387334493956864, 24.72634097026689]}, "datetime": {"datetime": "2025-08-14 07:29:56", "elapsed": 78124.02693009377, "delta": 52.12550687789917}, "costs": {"total_cost": 423.26197184046225, "time_cost": 106.771, "final_distance_cost": 1.7370471608581866, "oscillation_cost": 200.1843965149932, "completition_cost": 0.0, "overshoot_cost": 62.690729206405216, "power_cost": 26.717355798339845, "noise_cost": 25.16144315986581, "n_waypoints_completed": 9, "tot_waypoints": 9}}
{"target": -516.239761860805, "params": {"k_pid_pos": [1.7379956534987253, 0.41532958869532943, 0.3568301793081452], "k_pid_alt": [0.49732158859533016, 0.5943320001049325, 0.6606889633578092], "k_pid_att": [8.26653904251663, 9.543816584377886, 0.9879663200417017], "k_pid_yaw": [0.5, 1e-06, 0.1], "k_pid_hsp": [6.20740733777225, 0.2787841752308561, 0.7259873998165334], "k_pid_vsp": [293.0526552238383, 276.92138050905095, 51.07300132637186]}, "datetime": {"datetime": "2025-08-14 07:30:41", "elapsed": 78169.33561015129, "delta": 45.308680057525635}, "costs": {"total_cost": 516.239761860805, "time_cost": 116.83, "final_distance_cost": 1.7935594418016874, "oscillation_cost": 261.5861562701023, "completition_cost": 0.0, "overshoot_cost": 64.39845208749854, "power_cost": 37.79408565673828, "noise_cost": 33.83750840466412, "n_waypoints_completed": 9, "tot_waypoints": 9}}
