{"target": -1338.3780403413566, "params": {"k_pid_pos": [0.0897573893071649, 0.9936438668841505, 0.5099357655210449], "k_pid_alt": [0.23959643485073356, 0.15161874623993654, 0.12456537659474032], "k_pid_att": [21.548191824795737, 2.7879974678547192, 0.9661785640434544], "k_pid_yaw": [0.5, 1e-06, 0.1], "k_pid_hsp": [9.549257845917502, 0.3744994946026837, 0.12368833499385146], "k_pid_vsp": [286.8209540745542, 338.28638275312557, 99.78797104063085]}, "datetime": {"datetime": "2025-08-13 12:47:48", "elapsed": 10795.984553575516, "delta": 28.185770273208618}, "costs": {"total_cost": 1338.3780403413566, "time_cost": 150, "final_distance_cost": 89.68478372741477, "oscillation_cost": 220.76974983666167, "completition_cost": 777.7777777777778, "overshoot_cost": 35.0730579864229, "power_cost": 35.456322375488284, "noise_cost": 29.61634863759109, "n_waypoints_completed": 2, "tot_waypoints": 9}}
{"target": -1464.647656772535, "params": {"k_pid_pos": [1.0727315237403174, 0.5470435086170894, 0.45556575182392256], "k_pid_alt": [1.8601738160498968, 0.21031471687007297, 0.7207940506067028], "k_pid_att": [1.1627354828098957, 4.205282275717558, 0.2695232865429895], "k_pid_yaw": [0.5, 1e-06, 0.1], "k_pid_hsp": [5.63152842362433, 0.6140951848605913, 0.12141762469990147], "k_pid_vsp": [310.4433698342451, 335.38259010582016, 99.64073906916015]}, "datetime": {"datetime": "2025-08-13 12:48:16", "elapsed": 10824.595365285873, "delta": 28.610811710357666}, "costs": {"total_cost": 1464.647656772535, "time_cost": 150, "final_distance_cost": 46.10320425196873, "oscillation_cost": 441.81539749159214, "completition_cost": 666.6666666666667, "overshoot_cost": 56.061383623322364, "power_cost": 51.25411108398438, "noise_cost": 52.74689365500062, "n_waypoints_completed": 3, "tot_waypoints": 9}}
{"target": -526.1685451528635, "params": {"k_pid_pos": [1.5252466483348903, 0.12912764912546182, 0.09145501336714523], "k_pid_alt": [1.562360885320285, 0.4024261509120385, 0.0043981553633778425], "k_pid_att": [58.73453043205148, 8.12076016636633, 0.888713039387893], "k_pid_yaw": [0.5, 1e-06, 0.1], "k_pid_hsp": [2.9079208953527185, 0.8481886456011477, 0.7874174829854869], "k_pid_vsp": [195.43641273919104, 10.221461924634491, 6.93542840103555]}, "datetime": {"datetime": "2025-08-13 12:48:42", "elapsed": 10850.440624713898, "delta": 25.845259428024292}, "costs": {"total_cost": 526.1685451528635, "time_cost": 105.259, "final_distance_cost": 1.7496197638630502, "oscillation_cost": 300.20120001352876, "completition_cost": 0.0, "overshoot_cost": 64.76940524733418, "power_cost": 26.482517236328125, "noise_cost": 27.706802891809435, "n_waypoints_completed": 9, "tot_waypoints": 9}}
{"target": -348.13606295047185, "params": {"k_pid_pos": [1.5022140937563677, 0.07836453850998759, 0.7145648445124164], "k_pid_alt": [1.9718422612183584, 0.1512048386429976, 0.50361327760345], "k_pid_att": [8.993436606866624, 2.505873159495425, 0.4948474532740055], "k_pid_yaw": [0.5, 1e-06, 0.1], "k_pid_hsp": [1.4264965917572554, 0.5548964806500253, 0.30004023614867437], "k_pid_vsp": [311.477772602054, 330.14932949974536, 93.91684482904718]}, "datetime": {"datetime": "2025-08-13 12:49:02", "elapsed": 10870.952486753464, "delta": 20.51186203956604}, "costs": {"total_cost": 348.13606295047185, "time_cost": 85.70100000000001, "final_distance_cost": 1.791392993971468, "oscillation_cost": 171.7403941359653, "completition_cost": 0.0, "overshoot_cost": 51.6379858264911, "power_cost": 18.80422921142578, "noise_cost": 18.461060782618226, "n_waypoints_completed": 9, "tot_waypoints": 9}}
{"target": -494.22880966498025, "params": {"k_pid_pos": [1.2776517606275477, 0.08155687443284743, 0.43995133558480837], "k_pid_alt": [1.0804212945689577, 0.39507358424478645, 0.7850838110004152], "k_pid_att": [35.242813961073296, 4.482001382860919, 0.7059582771989932], "k_pid_yaw": [0.5, 1e-06, 0.1], "k_pid_hsp": [6.662238968006687, 0.823769357022023, 0.7987418803114711], "k_pid_vsp": [97.49002231159301, 353.27099428773397, 44.90543754396409]}, "datetime": {"datetime": "2025-08-13 12:49:25", "elapsed": 10893.060726881027, "delta": 22.108240127563477}, "costs": {"total_cost": 494.22880966498025, "time_cost": 91.182, "final_distance_cost": 1.7460331876818822, "oscillation_cost": 296.3294161895422, "completition_cost": 0.0, "overshoot_cost": 53.459160059398805, "power_cost": 28.135395434570313, "noise_cost": 23.376804793787027, "n_waypoints_completed": 9, "tot_waypoints": 9}}
{"target": -1499.0695649026468, "params": {"k_pid_pos": [0.04846923312164642, 0.7874534808052984, 0.5882335600415889], "k_pid_alt": [1.8932543992205517, 0.42942387368985846, 0.3119186769381148], "k_pid_att": [55.30992937627237, 6.142824547283933, 0.5376294439828357], "k_pid_yaw": [0.5, 1e-06, 0.1], "k_pid_hsp": [5.162205589912298, 0.5263053853598566, 0.29921192022031173], "k_pid_vsp": [96.4965681205178, 363.0765150934177, 41.02187363564069]}, "datetime": {"datetime": "2025-08-13 12:49:53", "elapsed": 10921.854470014572, "delta": 28.793743133544922}, "costs": {"total_cost": 1499.0695649026468, "time_cost": 150, "final_distance_cost": 90.60213930181456, "oscillation_cost": 378.02085932501063, "completition_cost": 777.7777777777778, "overshoot_cost": 42.839888908422346, "power_cost": 31.789894372558596, "noise_cost": 28.0390052170629, "n_waypoints_completed": 2, "tot_waypoints": 9}}
{"target": -922.7777919115551, "params": {"k_pid_pos": [0.9630770972867583, 0.7495331467095887, 0.38991011808011566], "k_pid_alt": [0.4915685791791593, 0.8374509839840697, 0.6357688399558522], "k_pid_att": [22.833751324235806, 5.651104734415761, 0.14144789275313507], "k_pid_yaw": [0.5, 1e-06, 0.1], "k_pid_hsp": [5.995699549773702, 0.3676062301493006, 0.5769258066744001], "k_pid_vsp": [300.3009091816071, 318.5862879653522, 111.7349701091823]}, "datetime": {"datetime": "2025-08-13 12:50:22", "elapsed": 10950.542796373367, "delta": 28.688326358795166}, "costs": {"total_cost": 922.7777919115551, "time_cost": 150, "final_distance_cost": 57.54932240543613, "oscillation_cost": 446.36494756133055, "completition_cost": 111.11111111111116, "overshoot_cost": 68.49515373876947, "power_cost": 47.20846950683594, "noise_cost": 42.04878758807188, "n_waypoints_completed": 8, "tot_waypoints": 9}}
{"target": -350.87689740722954, "params": {"k_pid_pos": [1.5365576575543847, 0.051542703418528624, 0.006533371019290635], "k_pid_alt": [1.9887697272136007, 0.18507360764433245, 0.7952580726026477], "k_pid_att": [13.349375648233508, 0.28679401661835935, 0.9895934738174401], "k_pid_yaw": [0.5, 1e-06, 0.1], "k_pid_hsp": [9.18014304513142, 0.6640783154999519, 0.32426459258086504], "k_pid_vsp": [171.02832417235172, 10.703161865166898, 13.195272668140772]}, "datetime": {"datetime": "2025-08-13 12:50:47", "elapsed": 10975.526180267334, "delta": 24.983383893966675}, "costs": {"total_cost": 350.87689740722954, "time_cost": 104.104, "final_distance_cost": 1.7536030551790538, "oscillation_cost": 136.87740978220734, "completition_cost": 0.0, "overshoot_cost": 54.047141534551955, "power_cost": 28.038114855957033, "noise_cost": 26.05662817933414, "n_waypoints_completed": 9, "tot_waypoints": 9}}
{"target": -250.2866088560694, "params": {"k_pid_pos": [1.8542379599551422, 0.7201152724150504, 0.4300074612338174], "k_pid_alt": [1.3124123305116244, 0.034266215122569554, 0.8745621880384125], "k_pid_att": [14.499411055360467, 8.920038831046972, 0.5298136334151566], "k_pid_yaw": [0.5, 1e-06, 0.1], "k_pid_hsp": [4.225349414877211, 0.7296130610985682, 0.03306255673452019], "k_pid_vsp": [166.6902581796514, 16.457116446761376, 21.924541408622755]}, "datetime": {"datetime": "2025-08-13 12:51:08", "elapsed": 10996.379546403885, "delta": 20.853366136550903}, "costs": {"total_cost": 250.2866088560694, "time_cost": 81.382, "final_distance_cost": 1.7829110560205548, "oscillation_cost": 71.5442920700448, "completition_cost": 0.0, "overshoot_cost": 52.889976691894084, "power_cost": 21.613410839843752, "noise_cost": 21.074018198266234, "n_waypoints_completed": 9, "tot_waypoints": 9}}
{"target": -404.38515122964014, "params": {"k_pid_pos": [0.7757260467390323, 0.7630263596026529, 0.970203905337378], "k_pid_alt": [0.735521668235176, 0.021085920733745822, 0.39773123211023065], "k_pid_att": [13.399136382829857, 4.011910566291581, 0.5465779172631239], "k_pid_yaw": [0.5, 1e-06, 0.1], "k_pid_hsp": [3.9312070715136023, 0.9497586750768923, 0.18714802487550442], "k_pid_vsp": [166.22224971497977, 19.667178319120172, 5.4308105908427935]}, "datetime": {"datetime": "2025-08-13 12:51:31", "elapsed": 11019.662737369537, "delta": 23.283190965652466}, "costs": {"total_cost": 404.38515122964014, "time_cost": 90.503, "final_distance_cost": 1.7991312433757396, "oscillation_cost": 216.8765924494014, "completition_cost": 0.0, "overshoot_cost": 51.39656938421466, "power_cost": 19.361639172363283, "noise_cost": 24.44821898028507, "n_waypoints_completed": 9, "tot_waypoints": 9}}
{"target": -808.2957999962994, "params": {"k_pid_pos": [1.8142298311795193, 0.7846821545366861, 0.35154280247930647], "k_pid_alt": [1.0463394889031494, 0.7961218415363137, 0.7858760689246239], "k_pid_att": [17.32407111751376, 7.492848477267124, 0.2614369645693094], "k_pid_yaw": [0.5, 1e-06, 0.1], "k_pid_hsp": [2.490715539897397, 0.7664813844641705, 0.885227072353009], "k_pid_vsp": [175.7610763049453, 6.31040788089087, 15.099853342343073]}, "datetime": {"datetime": "2025-08-13 12:52:00", "elapsed": 11048.520562887192, "delta": 28.85782551765442}, "costs": {"total_cost": 808.2957999962994, "time_cost": 150, "final_distance_cost": 58.9836109012869, "oscillation_cost": 241.0035677568918, "completition_cost": 222.2222222222222, "overshoot_cost": 66.27158757855923, "power_cost": 35.929036535644535, "noise_cost": 33.8857750016947, "n_waypoints_completed": 7, "tot_waypoints": 9}}
{"target": -1293.6538523148595, "params": {"k_pid_pos": [0.05908426367550126, 0.7904954228422211, 0.5718065479090323], "k_pid_alt": [1.9178296419963752, 0.1034214416341408, 0.0728967175654166], "k_pid_att": [12.041331379401576, 1.7519235516396368, 0.8003116101319522], "k_pid_yaw": [0.5, 1e-06, 0.1], "k_pid_hsp": [5.809105565322903, 0.7349009493125181, 0.2843594733478243], "k_pid_vsp": [295.76475067424036, 274.41599603863193, 63.07936564526282]}, "datetime": {"datetime": "2025-08-13 12:52:28", "elapsed": 11076.497233390808, "delta": 27.976670503616333}, "costs": {"total_cost": 1293.6538523148595, "time_cost": 150, "final_distance_cost": 90.45720793220731, "oscillation_cost": 174.55032957779184, "completition_cost": 777.7777777777778, "overshoot_cost": 39.077282376339525, "power_cost": 33.056435571289065, "noise_cost": 28.734819079453846, "n_waypoints_completed": 2, "tot_waypoints": 9}}
{"target": -753.845994340077, "params": {"k_pid_pos": [1.254036164708693, 0.26367995373769715, 0.7339173771962448], "k_pid_alt": [1.7656777725750075, 0.3101654269311761, 0.5549587253802233], "k_pid_att": [52.54352167388991, 1.1901586089200755, 0.9486912920033375], "k_pid_yaw": [0.5, 1e-06, 0.1], "k_pid_hsp": [2.1709571831191314, 0.7558908896176232, 0.2510073549252877], "k_pid_vsp": [187.77020087284478, 8.736989512146183, 6.505738702054116]}, "datetime": {"datetime": "2025-08-13 12:52:55", "elapsed": 11103.157676458359, "delta": 26.66044306755066}, "costs": {"total_cost": 753.845994340077, "time_cost": 112.903, "final_distance_cost": 1.772670814096655, "oscillation_cost": 529.9538978436262, "completition_cost": 0.0, "overshoot_cost": 53.58454753470397, "power_cost": 26.934562414550783, "noise_cost": 28.697315733099312, "n_waypoints_completed": 9, "tot_waypoints": 9}}
{"target": -905.5373525057713, "params": {"k_pid_pos": [0.932098762957801, 0.23706418046127276, 0.8042844256042065], "k_pid_alt": [0.24313467591428273, 0.8947033407250485, 0.36822857805710585], "k_pid_att": [7.457592962678405, 6.104404974119384, 0.34316042887533116], "k_pid_yaw": [0.5, 1e-06, 0.1], "k_pid_hsp": [1.564402477338406, 0.4951007978848907, 0.3079093469222116], "k_pid_vsp": [280.11098436741787, 282.5000618046366, 57.26327930766813]}, "datetime": {"datetime": "2025-08-13 12:53:24", "elapsed": 11132.224722862244, "delta": 29.067046403884888}, "costs": {"total_cost": 905.5373525057713, "time_cost": 150, "final_distance_cost": 66.52712461110514, "oscillation_cost": 338.76629276327037, "completition_cost": 222.2222222222222, "overshoot_cost": 61.83835755804973, "power_cost": 36.110345458984376, "noise_cost": 30.073009892139417, "n_waypoints_completed": 7, "tot_waypoints": 9}}
{"target": -411.3464405527232, "params": {"k_pid_pos": [1.9308722330388148, 0.5339056013086466, 0.47995306753828004], "k_pid_alt": [0.9238978004365561, 0.2507816032103519, 0.43333197945220525], "k_pid_att": [13.14698698997262, 0.03605825661565127, 0.5076209009016381], "k_pid_yaw": [0.5, 1e-06, 0.1], "k_pid_hsp": [4.919773257519972, 0.09886836190979331, 0.8374590502260869], "k_pid_vsp": [155.16092391797355, 32.05111807388723, 9.03715040141008]}, "datetime": {"datetime": "2025-08-13 12:53:47", "elapsed": 11155.665035009384, "delta": 23.440312147140503}, "costs": {"total_cost": 411.3464405527232, "time_cost": 95.053, "final_distance_cost": 1.750751888345522, "oscillation_cost": 207.50309394782207, "completition_cost": 0.0, "overshoot_cost": 57.76071264551702, "power_cost": 22.911145507812503, "noise_cost": 26.367736563226178, "n_waypoints_completed": 9, "tot_waypoints": 9}}
{"target": -833.031886147879, "params": {"k_pid_pos": [1.164634220402029, 0.9711701944583334, 0.7689635150070389], "k_pid_alt": [1.4408709605730081, 0.3035511884608302, 0.8462748217389494], "k_pid_att": [29.642010096663572, 2.137067417181825, 0.018903019863069415], "k_pid_yaw": [0.5, 1e-06, 0.1], "k_pid_hsp": [3.316157621167298, 0.6498234848616827, 0.7568038851617267], "k_pid_vsp": [177.78486241758245, 5.383725796849487, 5.889484659296137]}, "datetime": {"datetime": "2025-08-13 12:54:16", "elapsed": 11184.414106369019, "delta": 28.7490713596344}, "costs": {"total_cost": 833.031886147879, "time_cost": 150, "final_distance_cost": 61.27550489815273, "oscillation_cost": 269.0665603706609, "completition_cost": 222.2222222222222, "overshoot_cost": 53.252786223582966, "power_cost": 42.41821661376953, "noise_cost": 34.79659581949066, "n_waypoints_completed": 7, "tot_waypoints": 9}}
{"target": -682.6081537329811, "params": {"k_pid_pos": [1.9364260898106767, 0.28091107358840417, 0.32513000109548473], "k_pid_alt": [0.01114801195521542, 0.7274846044259647, 0.5596296425180763], "k_pid_att": [13.236281224399349, 0.062170573833211416, 0.5638335047920331], "k_pid_yaw": [0.5, 1e-06, 0.1], "k_pid_hsp": [6.309130102051379, 0.2897818046584797, 0.5421713542584127], "k_pid_vsp": [257.3311285265822, 280.70408356730303, 49.51730902739]}, "datetime": {"datetime": "2025-08-13 12:54:45", "elapsed": 11213.582201480865, "delta": 29.168095111846924}, "costs": {"total_cost": 682.6081537329811, "time_cost": 150, "final_distance_cost": 57.85946007424368, "oscillation_cost": 238.43139998037384, "completition_cost": 111.11111111111116, "overshoot_cost": 65.65144512332193, "power_cost": 30.322953247070313, "noise_cost": 29.231784196860154, "n_waypoints_completed": 8, "tot_waypoints": 9}}
{"target": -738.8202385275513, "params": {"k_pid_pos": [1.2533818272412143, 0.6503351928489565, 0.3646676406006638], "k_pid_alt": [1.4894703372912403, 0.6589117108899251, 0.4062176424334627], "k_pid_att": [19.93298857681085, 7.519118329726493, 0.0018497070703267227], "k_pid_yaw": [0.5, 1e-06, 0.1], "k_pid_hsp": [2.6224954288912494, 0.8956439985301363, 0.8503673030828861], "k_pid_vsp": [159.86276917902748, 10.388570473388354, 16.085185445943697]}, "datetime": {"datetime": "2025-08-13 12:55:14", "elapsed": 11242.11679983139, "delta": 28.534598350524902}, "costs": {"total_cost": 738.8202385275513, "time_cost": 150, "final_distance_cost": 49.39948969263021, "oscillation_cost": 281.0131497853617, "completition_cost": 111.11111111111116, "overshoot_cost": 69.35763214042407, "power_cost": 41.666636645507815, "noise_cost": 36.27221915251637, "n_waypoints_completed": 8, "tot_waypoints": 9}}
{"target": -937.8223526405972, "params": {"k_pid_pos": [0.9126239911308492, 0.713214000163519, 0.23342715699435546], "k_pid_alt": [0.18857177093838073, 0.6873873739923183, 0.29949771437358574], "k_pid_att": [11.510706413558147, 0.13411819696230087, 0.9081668283781004], "k_pid_yaw": [0.5, 1e-06, 0.1], "k_pid_hsp": [3.311164948025357, 0.5567665849183218, 0.9290116223223155], "k_pid_vsp": [263.98580493684227, 279.7113859858398, 43.909378497672684]}, "datetime": {"datetime": "2025-08-13 12:55:42", "elapsed": 11270.89859032631, "delta": 28.781790494918823}, "costs": {"total_cost": 937.8223526405972, "time_cost": 150, "final_distance_cost": 44.84059262235629, "oscillation_cost": 179.7599974113481, "completition_cost": 444.4444444444444, "overshoot_cost": 62.93339973609447, "power_cost": 27.568913085937503, "noise_cost": 28.275005340416307, "n_waypoints_completed": 5, "tot_waypoints": 9}}
{"target": -1197.3053979979616, "params": {"k_pid_pos": [0.2546046091832058, 0.2564666508535619, 0.9950723337237815], "k_pid_alt": [0.4193170666749617, 0.41345597729517336, 0.24529530860244197], "k_pid_att": [16.407361388330642, 1.2920386505470098, 0.05170311691219831], "k_pid_yaw": [0.5, 1e-06, 0.1], "k_pid_hsp": [9.886139316302552, 0.7001518568938888, 0.8454883015228525], "k_pid_vsp": [172.56793633295771, 26.62691628194956, 5.5593993073168075]}, "datetime": {"datetime": "2025-08-13 12:56:11", "elapsed": 11299.77261209488, "delta": 28.874021768569946}, "costs": {"total_cost": 1197.3053979979616, "time_cost": 150, "final_distance_cost": 70.00530352388762, "oscillation_cost": 634.5224306076343, "completition_cost": 222.2222222222222, "overshoot_cost": 57.47584950928552, "power_cost": 29.35929080810547, "noise_cost": 33.720301326826196, "n_waypoints_completed": 7, "tot_waypoints": 9}}
{"target": -249.8330876708234, "params": {"k_pid_pos": [1.9009079694612165, 0.14250628788961237, 0.37452101337265226], "k_pid_alt": [1.5981331198742434, 0.6501371994284343, 0.570424139371159], "k_pid_att": [8.377535771377193, 1.8621467663320546, 0.5196249823240787], "k_pid_yaw": [0.5, 1e-06, 0.1], "k_pid_hsp": [5.367036043308985, 0.27923493117521075, 0.046293542950568846], "k_pid_vsp": [297.3706790872991, 336.09786881239876, 101.90382234009657]}, "datetime": {"datetime": "2025-08-13 12:56:30", "elapsed": 11318.183261871338, "delta": 18.41064977645874}, "costs": {"total_cost": 249.8330876708234, "time_cost": 77.553, "final_distance_cost": 1.7681986139321273, "oscillation_cost": 80.18092500036035, "completition_cost": 0.0, "overshoot_cost": 51.52140755604245, "power_cost": 20.03273975830078, "noise_cost": 18.776816742187695, "n_waypoints_completed": 9, "tot_waypoints": 9}}
{"target": -350.3602150617225, "params": {"k_pid_pos": [1.9183538298543972, 0.527525818095268, 0.5083853307883962], "k_pid_alt": [1.154043244947439, 0.433988759721308, 0.1357159900258318], "k_pid_att": [11.226836613343883, 6.591180551156492, 0.606352054467434], "k_pid_yaw": [0.5, 1e-06, 0.1], "k_pid_hsp": [9.05024385831727, 0.2075778416513011, 0.2311165186181856], "k_pid_vsp": [309.6547853989553, 327.8598059380385, 100.15017149658439]}, "datetime": {"datetime": "2025-08-13 12:56:51", "elapsed": 11339.129578113556, "delta": 20.946316242218018}, "costs": {"total_cost": 350.3602150617225, "time_cost": 88.004, "final_distance_cost": 1.7949491673415758, "oscillation_cost": 163.57053810366415, "completition_cost": 0.0, "overshoot_cost": 53.79904681899799, "power_cost": 22.274687548828126, "noise_cost": 20.91699342289071, "n_waypoints_completed": 9, "tot_waypoints": 9}}
{"target": -972.7919553676439, "params": {"k_pid_pos": [1.1715498151184383, 0.6182124319354703, 0.5364228725411923], "k_pid_alt": [1.1835884832143013, 0.5841732677189885, 0.18245010332290823], "k_pid_att": [10.707278259573572, 9.039401254198301, 0.6954522622547264], "k_pid_yaw": [0.5, 1e-06, 0.1], "k_pid_hsp": [0.3876640313616408, 0.7939606431532826, 0.49266299851551254], "k_pid_vsp": [265.30154629413823, 283.10081581517636, 56.75349243444885]}, "datetime": {"datetime": "2025-08-13 12:57:19", "elapsed": 11367.581930875778, "delta": 28.45235276222229}, "costs": {"total_cost": 972.7919553676439, "time_cost": 150, "final_distance_cost": 83.36255002906844, "oscillation_cost": 264.35024059604996, "completition_cost": 333.33333333333337, "overshoot_cost": 70.30996078209694, "power_cost": 38.48167237548828, "noise_cost": 32.95419825160696, "n_waypoints_completed": 6, "tot_waypoints": 9}}
{"target": -532.4613753558083, "params": {"k_pid_pos": [1.5231470289547353, 0.7859679145343348, 0.7467711464021657], "k_pid_alt": [1.4709496743246988, 0.17748956096664148, 0.253836081901757], "k_pid_att": [10.132712762640805, 1.0177913993714616, 0.08455891147025141], "k_pid_yaw": [0.5, 1e-06, 0.1], "k_pid_hsp": [5.039963249365888, 0.3262086234059397, 0.18164670730583787], "k_pid_vsp": [278.21713148967257, 274.1495863844529, 53.67122862719602]}, "datetime": {"datetime": "2025-08-13 12:57:44", "elapsed": 11392.388657808304, "delta": 24.806726932525635}, "costs": {"total_cost": 532.4613753558083, "time_cost": 103.474, "final_distance_cost": 1.77691940650135, "oscillation_cost": 315.3886287594715, "completition_cost": 0.0, "overshoot_cost": 53.65152339964024, "power_cost": 30.92878520507813, "noise_cost": 27.24151858511705, "n_waypoints_completed": 9, "tot_waypoints": 9}}
