{"target": -831.8393150674488, "params": {"k_pid_pos": [0.9891900071607119, 0.984585744684475, 0.8790222098214785], "k_pid_alt": [0.4412977701074956, 0.764704889673163, 0.8527971075508468], "k_pid_att": [18.775128293921583, 0.5719491337383521, 0.8442227918115073], "k_pid_yaw": [0.5, 1e-06, 0.1], "k_pid_hsp": [7.044097372383147, 0.6403140915249471, 0.7542655676593413], "k_pid_vsp": [299.93664271193074, 344.04296683185964, 119.49300830913691]}, "datetime": {"datetime": "2025-08-14 01:56:11", "elapsed": 58099.481171131134, "delta": 37.9978244304657}, "costs": {"total_cost": 831.8393150674488, "time_cost": 150, "final_distance_cost": 73.89214783308017, "oscillation_cost": 282.07033741706687, "completition_cost": 222.2222222222222, "overshoot_cost": 54.002079770644244, "power_cost": 23.80590760498047, "noise_cost": 25.846620219454735, "n_waypoints_completed": 7, "tot_waypoints": 9}}
{"target": -429.7204460688817, "params": {"k_pid_pos": [1.896276481498772, 0.9574891477143966, 0.15072322449334685], "k_pid_alt": [1.0160997890968257, 0.4958328732248496, 0.3064874481820845], "k_pid_att": [11.02176302058645, 2.7735190881384844, 0.42521594597136547], "k_pid_yaw": [0.5, 1e-06, 0.1], "k_pid_hsp": [1.5934977419948861, 0.40029807406608897, 0.7809625732408461], "k_pid_vsp": [163.59189421795395, 19.379379802072943, 15.00758000357092]}, "datetime": {"datetime": "2025-08-14 01:56:49", "elapsed": 58137.01881790161, "delta": 37.537646770477295}, "costs": {"total_cost": 429.7204460688817, "time_cost": 114.849, "final_distance_cost": 1.8016110856537995, "oscillation_cost": 158.21811274150986, "completition_cost": 0.0, "overshoot_cost": 87.36305356316372, "power_cost": 35.241598095703125, "noise_cost": 32.24707058285122, "n_waypoints_completed": 9, "tot_waypoints": 9}}
{"target": -865.3380257160953, "params": {"k_pid_pos": [1.5011057651466009, 0.6796275522285422, 0.1673284468012256], "k_pid_alt": [0.22145366937812883, 0.27174137966818024, 0.9555762452164331], "k_pid_att": [13.219380732891251, 9.69856153586443, 0.23809877024645976], "k_pid_yaw": [0.5, 1e-06, 0.1], "k_pid_hsp": [1.5877704855262258, 0.7162876744444258, 0.8524580584245799], "k_pid_vsp": [161.11947923508984, 2.7553395474367357, 21.947539577460276]}, "datetime": {"datetime": "2025-08-14 01:57:26", "elapsed": 58174.737153053284, "delta": 37.71833515167236}, "costs": {"total_cost": 865.3380257160953, "time_cost": 150, "final_distance_cost": 63.35931316812561, "oscillation_cost": 181.8281285555206, "completition_cost": 333.33333333333337, "overshoot_cost": 61.79160275838568, "power_cost": 38.85752644042969, "noise_cost": 36.168121460300405, "n_waypoints_completed": 6, "tot_waypoints": 9}}
{"target": -342.02063093753844, "params": {"k_pid_pos": [1.7731500046975714, 0.6098514227752396, 0.6672495166399899], "k_pid_alt": [1.7517321634335379, 0.02593529008715101, 0.8783970904560627], "k_pid_att": [11.698658267533302, 0.19991792357776916, 0.738752015532763], "k_pid_yaw": [0.5, 1e-06, 0.1], "k_pid_hsp": [7.299435365469438, 0.6257563612726065, 0.4428685494172121], "k_pid_vsp": [256.6130849061981, 268.58074730729436, 52.88023627225191]}, "datetime": {"datetime": "2025-08-14 01:57:58", "elapsed": 58206.278446912766, "delta": 31.54129385948181}, "costs": {"total_cost": 342.02063093753844, "time_cost": 80.717, "final_distance_cost": 1.7373357376348884, "oscillation_cost": 158.11107143407173, "completition_cost": 0.0, "overshoot_cost": 54.731113093831965, "power_cost": 25.351003723144533, "noise_cost": 21.37310694885539, "n_waypoints_completed": 9, "tot_waypoints": 9}}
{"target": -328.37710905120286, "params": {"k_pid_pos": [1.1837960894022896, 0.02397217451479494, 0.7909427446840503], "k_pid_alt": [0.3057877207127082, 0.36311800802605676, 0.7183276039213962], "k_pid_att": [6.259554867265848, 4.816330388113883, 0.8440701619021933], "k_pid_yaw": [0.5, 1e-06, 0.1], "k_pid_hsp": [9.596834647767214, 0.8411510739405272, 0.8100770129392353], "k_pid_vsp": [167.94467573577552, 33.33876652037599, 10.466785655334633]}, "datetime": {"datetime": "2025-08-14 01:58:28", "elapsed": 58236.347140073776, "delta": 30.068693161010742}, "costs": {"total_cost": 328.37710905120286, "time_cost": 84.357, "final_distance_cost": 1.8148070264623628, "oscillation_cost": 145.87302215862564, "completition_cost": 0.0, "overshoot_cost": 55.9485400057145, "power_cost": 18.839193823242187, "noise_cost": 21.544546037158167, "n_waypoints_completed": 9, "tot_waypoints": 9}}
{"target": -326.93992798070036, "params": {"k_pid_pos": [1.2705098656970866, 0.5697898938998011, 0.29819124529882257], "k_pid_alt": [1.402757794481831, 0.9190364174954689, 0.03601502914453947], "k_pid_att": [16.3301717116101, 6.856006450763757, 0.6795743750219103], "k_pid_yaw": [0.5, 1e-06, 0.1], "k_pid_hsp": [8.880365388514715, 0.5182915423998802, 0.11548836931605855], "k_pid_vsp": [291.7715570968724, 322.3540281310341, 103.09413680405882]}, "datetime": {"datetime": "2025-08-14 01:59:01", "elapsed": 58269.70266032219, "delta": 33.355520248413086}, "costs": {"total_cost": 326.93992798070036, "time_cost": 98.217, "final_distance_cost": 1.78520287395773, "oscillation_cost": 118.88777354701267, "completition_cost": 0.0, "overshoot_cost": 55.7691654959797, "power_cost": 27.989728649902347, "noise_cost": 24.291057413847902, "n_waypoints_completed": 9, "tot_waypoints": 9}}
{"target": -394.02886554661194, "params": {"k_pid_pos": [1.6510717478385595, 0.7071044293407994, 0.38422891555966254], "k_pid_alt": [1.3474298314549724, 0.37375632342671694, 0.15954778127054092], "k_pid_att": [16.293887696270946, 0.17704406485565088, 0.7282034686425006], "k_pid_yaw": [0.5, 1e-06, 0.1], "k_pid_hsp": [6.124785217799057, 0.6599518372977011, 0.3317756066138291], "k_pid_vsp": [311.73606083881384, 347.83768721126194, 122.4316445179032]}, "datetime": {"datetime": "2025-08-14 01:59:33", "elapsed": 58301.50996232033, "delta": 31.807301998138428}, "costs": {"total_cost": 394.02886554661194, "time_cost": 90.839, "final_distance_cost": 1.7889487660807817, "oscillation_cost": 195.53756589815444, "completition_cost": 0.0, "overshoot_cost": 54.81722936352401, "power_cost": 27.490217614746093, "noise_cost": 23.555903904106646, "n_waypoints_completed": 9, "tot_waypoints": 9}}
{"target": -1501.257127538944, "params": {"k_pid_pos": [0.018533789504847496, 0.7459374948319768, 0.625996152654577], "k_pid_alt": [0.32668352188165084, 0.6280196618121691, 0.5174024277043984], "k_pid_att": [14.73536596296764, 2.0073696816811673, 0.5100681823064354], "k_pid_yaw": [0.5, 1e-06, 0.1], "k_pid_hsp": [7.457995087417864, 0.8067846155953866, 0.9945961118696074], "k_pid_vsp": [294.5456489238491, 346.2172722191624, 124.18495703145346]}, "datetime": {"datetime": "2025-08-14 02:00:11", "elapsed": 58339.70915913582, "delta": 38.19919681549072}, "costs": {"total_cost": 1501.257127538944, "time_cost": 150, "final_distance_cost": 63.56519916710809, "oscillation_cost": 299.21837105693976, "completition_cost": 888.8888888888888, "overshoot_cost": 36.8547375092098, "power_cost": 33.9452654296875, "noise_cost": 28.78466548711011, "n_waypoints_completed": 1, "tot_waypoints": 9}}
{"target": -1072.4547259454544, "params": {"k_pid_pos": [0.11454522739776048, 0.0012372795327278974, 0.04458583974506258], "k_pid_alt": [0.23601776231619054, 0.046586347763279856, 0.46432038996760827], "k_pid_att": [14.072809511242335, 6.4958094244075175, 0.20870709883222238], "k_pid_yaw": [0.5, 1e-06, 0.1], "k_pid_hsp": [8.829278985188354, 0.7462867177215198, 0.04062884696820068], "k_pid_vsp": [193.4058744756483, 298.4143093279976, 21.018004019579262]}, "datetime": {"datetime": "2025-08-14 02:00:51", "elapsed": 58379.56069469452, "delta": 39.85153555870056}, "costs": {"total_cost": 1072.4547259454544, "time_cost": 150, "final_distance_cost": 52.144926382503925, "oscillation_cost": 101.84098130299274, "completition_cost": 666.6666666666667, "overshoot_cost": 53.36943345817418, "power_cost": 22.516706469726564, "noise_cost": 25.916011665390158, "n_waypoints_completed": 3, "tot_waypoints": 9}}
{"target": -455.76670720737695, "params": {"k_pid_pos": [1.19834859307074, 0.6033595786005467, 0.8081131958269032], "k_pid_alt": [0.4563292952954252, 0.6484053008933751, 0.22339697271314995], "k_pid_att": [6.323541217763529, 7.2193733048997855, 0.17908833933953894], "k_pid_yaw": [0.5, 1e-06, 0.1], "k_pid_hsp": [9.018176550465213, 0.7937282525907482, 0.3586347931176356], "k_pid_vsp": [269.94335419436675, 288.83163770069655, 40.55266078176386]}, "datetime": {"datetime": "2025-08-14 02:01:25", "elapsed": 58413.460797309875, "delta": 33.900102615356445}, "costs": {"total_cost": 455.76670720737695, "time_cost": 96.824, "final_distance_cost": 1.7931293430107766, "oscillation_cost": 250.95163025439916, "completition_cost": 0.0, "overshoot_cost": 57.45191240619913, "power_cost": 25.3448044921875, "noise_cost": 23.401230711580332, "n_waypoints_completed": 9, "tot_waypoints": 9}}
{"target": -396.2011923335144, "params": {"k_pid_pos": [1.4193342998498162, 0.03879524162447179, 0.9001154855092731], "k_pid_alt": [0.8565395421518609, 0.5823216003398911, 0.7131287622345239], "k_pid_att": [16.96112261418602, 1.9465765435295628, 0.9087537243346521], "k_pid_yaw": [0.5, 1e-06, 0.1], "k_pid_hsp": [8.52761716191303, 0.1780147823454522, 0.964073665093841], "k_pid_vsp": [182.63062879267576, 315.5624672761621, 1.7622786626830909]}, "datetime": {"datetime": "2025-08-14 02:01:56", "elapsed": 58444.13584947586, "delta": 30.675052165985107}, "costs": {"total_cost": 396.2011923335144, "time_cost": 83.615, "final_distance_cost": 1.7817440397899895, "oscillation_cost": 213.3844066175435, "completition_cost": 0.0, "overshoot_cost": 53.49124199833977, "power_cost": 20.276413415527344, "noise_cost": 23.652386262313804, "n_waypoints_completed": 9, "tot_waypoints": 9}}
{"target": -882.2613400814788, "params": {"k_pid_pos": [1.4188542274287999, 0.5496381261633081, 0.08459102591582313], "k_pid_alt": [1.804925245065777, 0.3108456486153255, 0.7197746232834604], "k_pid_att": [7.618012367786653, 5.602333292828866, 0.15153147123898902], "k_pid_yaw": [0.5, 1e-06, 0.1], "k_pid_hsp": [0.3807628073400953, 0.3800857865144698, 0.5367490634549503], "k_pid_vsp": [314.86963608785885, 357.84333333322826, 105.65512664128464]}, "datetime": {"datetime": "2025-08-14 02:02:38", "elapsed": 58486.07686829567, "delta": 41.94101881980896}, "costs": {"total_cost": 882.2613400814788, "time_cost": 150, "final_distance_cost": 81.33568856695119, "oscillation_cost": 286.74593490896245, "completition_cost": 222.2222222222222, "overshoot_cost": 75.42915312304191, "power_cost": 36.39874747314453, "noise_cost": 30.12959378715651, "n_waypoints_completed": 7, "tot_waypoints": 9}}
{"target": -1083.4843685064238, "params": {"k_pid_pos": [0.10966108455434832, 0.14871125218548598, 0.3218332902718646], "k_pid_alt": [1.8016486359621944, 0.7783828358834102, 0.8515810984504251], "k_pid_att": [4.938195271239243, 1.9142833091018998, 0.03298735737440506], "k_pid_yaw": [0.5, 1e-06, 0.1], "k_pid_hsp": [6.809907838190683, 0.05458209620765875, 0.17813425762384105], "k_pid_vsp": [290.78122324059905, 280.0433078941379, 74.50307771522733]}, "datetime": {"datetime": "2025-08-14 02:03:23", "elapsed": 58531.09937500954, "delta": 45.02250671386719}, "costs": {"total_cost": 1083.4843685064238, "time_cost": 150, "final_distance_cost": 60.9404230626698, "oscillation_cost": 420.3707177358276, "completition_cost": 333.33333333333337, "overshoot_cost": 61.94883830436587, "power_cost": 29.729794873046878, "noise_cost": 27.16126119718053, "n_waypoints_completed": 6, "tot_waypoints": 9}}
{"target": -1608.5765205025014, "params": {"k_pid_pos": [0.012217253198202476, 0.14750832316739348, 0.2172509843507111], "k_pid_alt": [0.789681945976594, 0.7194715107244436, 0.6628379842745248], "k_pid_att": [13.209736065437061, 1.5153526372799886, 0.4978796487391707], "k_pid_yaw": [0.5, 1e-06, 0.1], "k_pid_hsp": [9.011255646962875, 0.8915236039583841, 0.9219912930584044], "k_pid_vsp": [318.7592994420843, 353.0651464622126, 93.85125858029548]}, "datetime": {"datetime": "2025-08-14 02:04:04", "elapsed": 58572.776671886444, "delta": 41.67729687690735}, "costs": {"total_cost": 1608.5765205025014, "time_cost": 150, "final_distance_cost": 65.82489307105554, "oscillation_cost": 391.04548673156523, "completition_cost": 888.8888888888888, "overshoot_cost": 44.120718751659446, "power_cost": 37.246311560058594, "noise_cost": 31.450221499273823, "n_waypoints_completed": 1, "tot_waypoints": 9}}
{"target": -931.3952039333033, "params": {"k_pid_pos": [0.5760692769054492, 0.9211571157041225, 0.8206276960934968], "k_pid_alt": [0.5943957496242678, 0.31719724140772454, 0.312079664163634], "k_pid_att": [15.854510054144233, 6.091483780974059, 0.4296196219622873], "k_pid_yaw": [0.5, 1e-06, 0.1], "k_pid_hsp": [6.153926801860417, 0.852502470225407, 0.5115937850441052], "k_pid_vsp": [319.90358148243547, 331.15506152670264, 97.74851097008656]}, "datetime": {"datetime": "2025-08-14 02:04:53", "elapsed": 58621.68122601509, "delta": 48.90455412864685}, "costs": {"total_cost": 931.3952039333033, "time_cost": 150, "final_distance_cost": 74.66598428749984, "oscillation_cost": 370.5018455986269, "completition_cost": 222.2222222222222, "overshoot_cost": 49.12948650624734, "power_cost": 34.61697800292969, "noise_cost": 30.258687315777237, "n_waypoints_completed": 7, "tot_waypoints": 9}}
{"target": -610.7399079821507, "params": {"k_pid_pos": [1.119174056156428, 0.5250044726045427, 0.6401605713066232], "k_pid_alt": [1.1724291678890686, 0.519804510230388, 0.2342677677329421], "k_pid_att": [29.304087079430495, 9.057172912403486, 0.46488381679833335], "k_pid_yaw": [0.5, 1e-06, 0.1], "k_pid_hsp": [5.192612235215793, 0.7154380875366578, 0.8184146721567519], "k_pid_vsp": [104.18396582486635, 351.260084022072, 47.32776272747143]}, "datetime": {"datetime": "2025-08-14 02:05:30", "elapsed": 58658.48457837105, "delta": 36.80335235595703}, "costs": {"total_cost": 610.7399079821507, "time_cost": 103.642, "final_distance_cost": 1.785585712780835, "oscillation_cost": 387.38796623170686, "completition_cost": 0.0, "overshoot_cost": 57.21757081323049, "power_cost": 33.42315970458984, "noise_cost": 27.283625519842758, "n_waypoints_completed": 9, "tot_waypoints": 9}}
{"target": -1160.2851887044333, "params": {"k_pid_pos": [0.2176010396192135, 0.6222873811792078, 0.5417521468228416], "k_pid_alt": [1.214504061373564, 0.11824645159783975, 0.27049614207257444], "k_pid_att": [13.907212996493223, 4.466586816167849, 0.1919754268005308], "k_pid_yaw": [0.5, 1e-06, 0.1], "k_pid_hsp": [7.6890162134718905, 0.3295035272747001, 0.4231661358212445], "k_pid_vsp": [288.641406729309, 321.84327436313305, 101.0600264259654]}, "datetime": {"datetime": "2025-08-14 02:06:08", "elapsed": 58696.74621129036, "delta": 38.26163291931152}, "costs": {"total_cost": 1160.2851887044333, "time_cost": 150, "final_distance_cost": 50.91920492358478, "oscillation_cost": 407.4496496333619, "completition_cost": 444.4444444444444, "overshoot_cost": 46.59842660821061, "power_cost": 32.41280031738281, "noise_cost": 28.46066277744894, "n_waypoints_completed": 5, "tot_waypoints": 9}}
{"target": -253.17134709080744, "params": {"k_pid_pos": [1.1601982145793297, 0.9379300301071626, 0.32665463112584314], "k_pid_alt": [1.7254305857883576, 0.8066371185211536, 0.9369875195260382], "k_pid_att": [13.187880974925037, 1.9429566562415619, 0.3661746649477816], "k_pid_yaw": [0.5, 1e-06, 0.1], "k_pid_hsp": [7.813471780383419, 0.5516190868683432, 0.02019701607053359], "k_pid_vsp": [293.18503862558714, 325.91372344668457, 106.075277878488]}, "datetime": {"datetime": "2025-08-14 02:06:45", "elapsed": 58733.38398241997, "delta": 36.637771129608154}, "costs": {"total_cost": 253.17134709080744, "time_cost": 85.60300000000001, "final_distance_cost": 1.7724182314581962, "oscillation_cost": 62.3836346047442, "completition_cost": 0.0, "overshoot_cost": 55.040613913814894, "power_cost": 25.607313024902346, "noise_cost": 22.764367315887824, "n_waypoints_completed": 9, "tot_waypoints": 9}}
{"target": -349.0377994952974, "params": {"k_pid_pos": [1.2448268890214815, 0.5155276745850773, 0.4604468519267393], "k_pid_alt": [0.6051697841836263, 0.1751372339591345, 0.7633125120699648], "k_pid_att": [16.94486212146826, 9.250848717112738, 0.8735447134844487], "k_pid_yaw": [0.5, 1e-06, 0.1], "k_pid_hsp": [8.36379838765651, 0.29330193023746853, 0.21235122137206974], "k_pid_vsp": [297.5550351184639, 322.99721987411533, 84.27584853651145]}, "datetime": {"datetime": "2025-08-14 02:07:23", "elapsed": 58771.49436712265, "delta": 38.110384702682495}, "costs": {"total_cost": 349.0377994952974, "time_cost": 88.928, "final_distance_cost": 1.7759317563096986, "oscillation_cost": 163.69937802884084, "completition_cost": 0.0, "overshoot_cost": 51.77158640925682, "power_cost": 21.988997863769534, "noise_cost": 20.873905437120456, "n_waypoints_completed": 9, "tot_waypoints": 9}}
{"target": -905.1654670369344, "params": {"k_pid_pos": [1.7385549719630744, 0.5878286229660558, 0.49043842217319944], "k_pid_alt": [1.254867270366165, 0.3588785676052554, 0.5379957713171113], "k_pid_att": [13.996159378342576, 7.683888683908055, 0.18842258235638132], "k_pid_yaw": [0.5, 1e-06, 0.1], "k_pid_hsp": [1.694334369408647, 0.49752608181018076, 0.851142439427389], "k_pid_vsp": [201.23084654685388, 305.197961275842, 18.073468812848077]}, "datetime": {"datetime": "2025-08-14 02:08:03", "elapsed": 58811.91321229935, "delta": 40.41884517669678}, "costs": {"total_cost": 905.1654670369344, "time_cost": 150, "final_distance_cost": 62.31544432501863, "oscillation_cost": 354.817458287672, "completition_cost": 222.2222222222222, "overshoot_cost": 51.555138424419575, "power_cost": 33.76940396728516, "noise_cost": 30.48579981031676, "n_waypoints_completed": 7, "tot_waypoints": 9}}
{"target": -807.471915138417, "params": {"k_pid_pos": [1.910558731612939, 0.6315799372561157, 0.39515198002094964], "k_pid_alt": [0.45551936244768765, 0.40858111572690126, 0.03937873186320906], "k_pid_att": [3.4148348665977046, 0.35919657001715255, 0.6896415483926125], "k_pid_yaw": [0.5, 1e-06, 0.1], "k_pid_hsp": [4.4664610314105735, 0.7792469165522941, 0.8631390911647276], "k_pid_vsp": [309.93061868949144, 342.92070786072424, 120.97759554789688]}, "datetime": {"datetime": "2025-08-14 02:08:47", "elapsed": 58855.40693593025, "delta": 43.49372363090515}, "costs": {"total_cost": 807.471915138417, "time_cost": 150, "final_distance_cost": 73.0136816305516, "oscillation_cost": 117.21352620700057, "completition_cost": 333.33333333333337, "overshoot_cost": 66.32239362075903, "power_cost": 36.18346688232422, "noise_cost": 31.40551346444821, "n_waypoints_completed": 6, "tot_waypoints": 9}}
{"target": -2234.416567705404, "params": {"k_pid_pos": [0.8633826405428421, 0.6799869348005239, 0.6129321268437105], "k_pid_alt": [1.2650728416716903, 0.353128811931532, 5.938986337972185e-05], "k_pid_att": [0.7206413440157822, 5.756422727593395, 0.923218562125998], "k_pid_yaw": [0.5, 1e-06, 0.1], "k_pid_hsp": [1.4992575390147231, 0.09666105473994469, 0.3409686614449279], "k_pid_vsp": [307.08128128100356, 347.32109954388477, 115.3193843487732]}, "datetime": {"datetime": "2025-08-14 02:09:27", "elapsed": 58895.50323677063, "delta": 40.09630084037781}, "costs": {"total_cost": 2234.416567705404, "time_cost": 150, "final_distance_cost": 43.314318918930944, "oscillation_cost": 627.2470146152791, "completition_cost": 1000.0, "overshoot_cost": 200.3654320916683, "power_cost": 58.999484985351565, "noise_cost": 154.490317094174, "n_waypoints_completed": 0, "tot_waypoints": 9}}
{"target": -1141.914560071822, "params": {"k_pid_pos": [0.5592859167678854, 0.5418555250633144, 0.37159790156158656], "k_pid_alt": [0.04843651333520027, 0.41326202192843786, 0.7906482071272014], "k_pid_att": [17.574833357651187, 3.509172673913702, 0.34417871466380134], "k_pid_yaw": [0.5, 1e-06, 0.1], "k_pid_hsp": [7.607332564191281, 0.9448383467482646, 0.8719909200262358], "k_pid_vsp": [295.2926154151474, 346.01065376375703, 104.50000195313743]}, "datetime": {"datetime": "2025-08-14 02:10:05", "elapsed": 58933.90310359001, "delta": 38.399866819381714}, "costs": {"total_cost": 1141.914560071822, "time_cost": 150, "final_distance_cost": 50.788673532742415, "oscillation_cost": 381.41906908039596, "completition_cost": 444.4444444444444, "overshoot_cost": 56.942317508114684, "power_cost": 29.06123310546875, "noise_cost": 29.25882240065576, "n_waypoints_completed": 5, "tot_waypoints": 9}}
{"target": -1267.1063608647828, "params": {"k_pid_pos": [0.5513520579063801, 0.8567320581971466, 0.5125169155729541], "k_pid_alt": [0.4456192332048088, 0.9895454060406663, 0.6446069220456196], "k_pid_att": [17.862715068049173, 8.649909940277853, 0.6721151883684561], "k_pid_yaw": [0.5, 1e-06, 0.1], "k_pid_hsp": [5.091322614480052, 0.724604725500205, 0.7810438400211674], "k_pid_vsp": [182.0628244334108, 27.427226841830905, 6.741034135221412]}, "datetime": {"datetime": "2025-08-14 02:10:49", "elapsed": 58977.05126476288, "delta": 43.14816117286682}, "costs": {"total_cost": 1267.1063608647828, "time_cost": 150, "final_distance_cost": 53.723377854682084, "oscillation_cost": 284.27673783558424, "completition_cost": 666.6666666666667, "overshoot_cost": 47.73149374454519, "power_cost": 31.66814912109375, "noise_cost": 33.03993564221086, "n_waypoints_completed": 3, "tot_waypoints": 9}}
