{"target": -438.95595334738096, "params": {"k_pid_pos": [1.946622792852415, 0.26774401544945214, 0.47490429996169836], "k_pid_alt": [0.7481000844473928, 0.20717676773647054, 0.017390295597359606], "k_pid_att": [7.113838115608351, 8.042397842543801, 0.11208108955133456], "k_pid_yaw": [0.5, 1e-06, 0.1], "k_pid_hsp": [9.7183347679334, 0.4186516715599805, 0.799596667038344], "k_pid_vsp": [253.50450408693808, 277.9050578161982, 54.13480715518217]}, "datetime": {"datetime": "2025-08-13 17:07:40", "elapsed": 26388.290932178497, "delta": 22.140326976776123}, "costs": {"total_cost": 438.95595334738096, "time_cost": 86.149, "final_distance_cost": 1.7632393417149375, "oscillation_cost": 246.14361724923978, "completition_cost": 0.0, "overshoot_cost": 53.69865842721157, "power_cost": 27.64630603027344, "noise_cost": 23.555132298941288, "n_waypoints_completed": 9, "tot_waypoints": 9}}
{"target": -1437.619730177126, "params": {"k_pid_pos": [0.1722642782917868, 0.2888701039458983, 0.38744111409676707], "k_pid_alt": [0.45804028430057775, 0.5919274760078296, 0.2839432601782216], "k_pid_att": [13.804919982519747, 6.219695227498347, 0.15047275069020538], "k_pid_yaw": [0.5, 1e-06, 0.1], "k_pid_hsp": [3.8539191446360483, 0.9136364582079171, 0.718670164896877], "k_pid_vsp": [296.9799378474932, 324.3721414675797, 100.49150458467817]}, "datetime": {"datetime": "2025-08-13 17:08:10", "elapsed": 26418.758052825928, "delta": 30.46712064743042}, "costs": {"total_cost": 1437.619730177126, "time_cost": 150, "final_distance_cost": 77.78995431826198, "oscillation_cost": 445.9997603441522, "completition_cost": 666.6666666666667, "overshoot_cost": 39.53322295993236, "power_cost": 29.97238662109375, "noise_cost": 27.657739267018705, "n_waypoints_completed": 3, "tot_waypoints": 9}}
{"target": -487.1610957948573, "params": {"k_pid_pos": [1.9141638177315161, 0.28116291931518356, 0.4248624614462988], "k_pid_alt": [1.7501703147516923, 0.5302000176281735, 0.07153758880779904], "k_pid_att": [14.063283102802659, 1.2168947922884854, 0.0968013502501861], "k_pid_yaw": [0.5, 1e-06, 0.1], "k_pid_hsp": [7.960563583075416, 0.7169618289399113, 0.16414727070886048], "k_pid_vsp": [181.90952159460645, 19.680247397037522, 2.5366613447402147]}, "datetime": {"datetime": "2025-08-13 17:08:35", "elapsed": 26443.700885772705, "delta": 24.942832946777344}, "costs": {"total_cost": 487.1610957948573, "time_cost": 94.318, "final_distance_cost": 1.7355468919600372, "oscillation_cost": 282.0257669594652, "completition_cost": 0.0, "overshoot_cost": 55.62051145267224, "power_cost": 25.914796813964845, "noise_cost": 27.54647367679496, "n_waypoints_completed": 9, "tot_waypoints": 9}}
{"target": -275.64280209010064, "params": {"k_pid_pos": [2.0, 0.38420797775758186, 1.0], "k_pid_alt": [0.9337272720651207, 1.0, 0.698812865415865], "k_pid_att": [19.884111888575127, 6.964892544991647, 1.0], "k_pid_yaw": [0.5, 1e-06, 0.1], "k_pid_hsp": [6.8289605694782045, 0.6597990666060705, 0.0], "k_pid_vsp": [314.7229182172812, 328.26370471189836, 99.15040526703481]}, "datetime": {"datetime": "2025-08-13 17:09:01", "elapsed": 26469.478768348694, "delta": 25.77788257598877}, "costs": {"total_cost": 275.64280209010064, "time_cost": 99.764, "final_distance_cost": 1.7835246368005537, "oscillation_cost": 64.89713939191776, "completition_cost": 0.0, "overshoot_cost": 58.825551185835415, "power_cost": 26.089614514160157, "noise_cost": 24.28297236138673, "n_waypoints_completed": 9, "tot_waypoints": 9}}
{"target": -609.0382456035553, "params": {"k_pid_pos": [1.3082354394184275, 0.9691158135522886, 0.1087363643165753], "k_pid_alt": [1.3783992528770963, 0.47550657816752595, 0.5842313655999332], "k_pid_att": [12.267262474794116, 4.930632612191327, 0.3127159002635902], "k_pid_yaw": [0.5, 1e-06, 0.1], "k_pid_hsp": [3.3755575002946183, 0.9024920699803628, 0.9409514347925471], "k_pid_vsp": [267.73032214556906, 276.9047149512806, 46.88363485955503]}, "datetime": {"datetime": "2025-08-13 17:09:32", "elapsed": 26500.194858789444, "delta": 30.716090440750122}, "costs": {"total_cost": 609.0382456035553, "time_cost": 150, "final_distance_cost": 42.61912660489789, "oscillation_cost": 165.92403473362697, "completition_cost": 111.11111111111116, "overshoot_cost": 81.49817343837219, "power_cost": 30.171171105957033, "noise_cost": 27.714628609589983, "n_waypoints_completed": 8, "tot_waypoints": 9}}
{"target": -396.71913884518494, "params": {"k_pid_pos": [1.6412359917351527, 0.3067297901555407, 0.4047824314834694], "k_pid_alt": [1.2412864843060827, 0.21620804280740577, 0.8271112301110951], "k_pid_att": [10.160655071550076, 5.670794711416273, 0.2830806102986855], "k_pid_yaw": [0.5, 1e-06, 0.1], "k_pid_hsp": [7.19002581685549, 0.8052733185356677, 0.5757887227083711], "k_pid_vsp": [188.94221277864344, 321.495390084612, 15.292345518411013]}, "datetime": {"datetime": "2025-08-13 17:09:56", "elapsed": 26524.0134973526, "delta": 23.818638563156128}, "costs": {"total_cost": 396.71913884518494, "time_cost": 84.35000000000001, "final_distance_cost": 1.754782678876757, "oscillation_cost": 210.19278503885113, "completition_cost": 0.0, "overshoot_cost": 52.23069735907129, "power_cost": 25.22560847167969, "noise_cost": 22.96526529670611, "n_waypoints_completed": 9, "tot_waypoints": 9}}
{"target": -1400.1684354159306, "params": {"k_pid_pos": [0.07114487404631649, 0.565845448673515, 0.8412538489111091], "k_pid_alt": [0.20029798361029694, 0.5381595993802765, 0.6246149612603962], "k_pid_att": [11.866604710727335, 4.991024649876516, 0.9097546534027331], "k_pid_yaw": [0.5, 1e-06, 0.1], "k_pid_hsp": [2.181030173285125, 0.5514228349641151, 0.4385608875372913], "k_pid_vsp": [294.7686922666184, 358.00415485415846, 111.57568980500119]}, "datetime": {"datetime": "2025-08-13 17:10:26", "elapsed": 26554.578850507736, "delta": 30.56535315513611}, "costs": {"total_cost": 1400.1684354159306, "time_cost": 150, "final_distance_cost": 67.65623761535133, "oscillation_cost": 213.7123589807342, "completition_cost": 888.8888888888888, "overshoot_cost": 33.6183255033511, "power_cost": 22.819970288085937, "noise_cost": 23.47265413951947, "n_waypoints_completed": 1, "tot_waypoints": 9}}
{"target": -446.26971155331694, "params": {"k_pid_pos": [2.0, 0.07799637974199325, 0.004616748288166088], "k_pid_alt": [0.8289221214120911, 0.0, 0.9386905476606124], "k_pid_att": [26.839230304376287, 1.6675155664593355, 0.3645436450340653], "k_pid_yaw": [0.5, 1e-06, 0.1], "k_pid_hsp": [7.068797058255964, 0.03516345064128322, 0.22588344339881472], "k_pid_vsp": [243.36633837031835, 267.1279426913691, 51.43651798563193]}, "datetime": {"datetime": "2025-08-13 17:10:51", "elapsed": 26579.579347133636, "delta": 25.00049662590027}, "costs": {"total_cost": 446.26971155331694, "time_cost": 83.055, "final_distance_cost": 1.8305599725182042, "oscillation_cost": 263.2139669385238, "completition_cost": 0.0, "overshoot_cost": 50.846441752966086, "power_cost": 24.856715820312502, "noise_cost": 22.467027068996316, "n_waypoints_completed": 9, "tot_waypoints": 9}}
{"target": -399.2950327846762, "params": {"k_pid_pos": [0.6151358367358385, 0.2393638635241373, 0.04722671027834191], "k_pid_alt": [1.9258395216735156, 0.18464702005097444, 0.371386796708174], "k_pid_att": [19.24264268872249, 5.778976235682699, 0.22068862286899593], "k_pid_yaw": [0.5, 1e-06, 0.1], "k_pid_hsp": [7.092929599749172, 0.6781430690253917, 0.04639867209026027], "k_pid_vsp": [278.02077943006213, 281.3387835767407, 53.34698443323428]}, "datetime": {"datetime": "2025-08-13 17:11:20", "elapsed": 26608.536688566208, "delta": 28.95734143257141}, "costs": {"total_cost": 399.2950327846762, "time_cost": 112.168, "final_distance_cost": 1.7594030534079395, "oscillation_cost": 166.03520480275353, "completition_cost": 0.0, "overshoot_cost": 54.49571433510875, "power_cost": 33.89352520751953, "noise_cost": 30.94318538588649, "n_waypoints_completed": 9, "tot_waypoints": 9}}
{"target": -437.30157774547604, "params": {"k_pid_pos": [0.7255786171127154, 0.18719727125368812, 0.2745922583080628], "k_pid_alt": [0.7439896045274006, 0.31193095754039546, 0.5241133876528218], "k_pid_att": [4.438177697325784, 5.889326057143953, 0.6684575370903074], "k_pid_yaw": [0.5, 1e-06, 0.1], "k_pid_hsp": [7.1615984854596695, 0.12414208367694657, 0.602706714461389], "k_pid_vsp": [244.89926056562683, 280.5368119267341, 50.03142838845794]}, "datetime": {"datetime": "2025-08-13 17:11:50", "elapsed": 26638.66853404045, "delta": 30.131845474243164}, "costs": {"total_cost": 437.30157774547604, "time_cost": 114.541, "final_distance_cost": 1.783247039324913, "oscillation_cost": 197.28128224943308, "completition_cost": 0.0, "overshoot_cost": 59.657089351813184, "power_cost": 33.99179140625, "noise_cost": 30.04716769865486, "n_waypoints_completed": 9, "tot_waypoints": 9}}
{"target": -385.81913373629516, "params": {"k_pid_pos": [1.3599236793567016, 0.7344159552633669, 0.5611135722212386], "k_pid_alt": [0.2088546559041855, 0.5558661489589656, 0.904013895105988], "k_pid_att": [7.803062522896176, 4.618930894551598, 0.9184022148295566], "k_pid_yaw": [0.5, 1e-06, 0.1], "k_pid_hsp": [4.112274439683297, 0.521692559197251, 0.8997648999334665], "k_pid_vsp": [271.4538525983462, 285.0050491496203, 39.66225271322056]}, "datetime": {"datetime": "2025-08-13 17:12:18", "elapsed": 26666.776096105576, "delta": 28.10756206512451}, "costs": {"total_cost": 385.81913373629516, "time_cost": 107.85600000000001, "final_distance_cost": 1.7845370857608767, "oscillation_cost": 161.3551001217986, "completition_cost": 0.0, "overshoot_cost": 62.57636772567378, "power_cost": 26.015510180664062, "noise_cost": 26.2316186223978, "n_waypoints_completed": 9, "tot_waypoints": 9}}
{"target": -1250.8184420708264, "params": {"k_pid_pos": [0.14469072126007906, 0.0015791276032458557, 0.3155671448111038], "k_pid_alt": [0.8463243019551328, 0.2836263649874755, 0.2929491257111284], "k_pid_att": [11.085312637968947, 3.9682001583559736, 0.4840803774080913], "k_pid_yaw": [0.5, 1e-06, 0.1], "k_pid_hsp": [5.319234713227676, 0.8977007451802829, 0.4142425388786234], "k_pid_vsp": [315.4056813720993, 322.78500255666546, 96.82856151110312]}, "datetime": {"datetime": "2025-08-13 17:12:49", "elapsed": 26697.591669797897, "delta": 30.815573692321777}, "costs": {"total_cost": 1250.8184420708264, "time_cost": 150, "final_distance_cost": 52.97723997829795, "oscillation_cost": 270.7576341725274, "completition_cost": 666.6666666666667, "overshoot_cost": 55.298268533451875, "power_cost": 28.40419489746094, "noise_cost": 26.714437822421665, "n_waypoints_completed": 3, "tot_waypoints": 9}}
{"target": -414.3601570016811, "params": {"k_pid_pos": [0.8220239547185096, 0.17330600139305208, 0.9501743985397723], "k_pid_alt": [0.8245507917289396, 0.7715583367514561, 0.36418911584949265], "k_pid_att": [3.9558545724979965, 4.201754068629023, 0.26950235269202705], "k_pid_yaw": [0.5, 1e-06, 0.1], "k_pid_hsp": [1.7795876784026012, 0.43110852362910024, 0.44109059021998775], "k_pid_vsp": [305.9855068995267, 327.70229986152793, 106.72109673911365]}, "datetime": {"datetime": "2025-08-13 17:13:18", "elapsed": 26726.473919153214, "delta": 28.882249355316162}, "costs": {"total_cost": 414.3601570016811, "time_cost": 113.232, "final_distance_cost": 1.8196251054251014, "oscillation_cost": 182.22593817158358, "completition_cost": 0.0, "overshoot_cost": 64.91164559092664, "power_cost": 27.000588012695314, "noise_cost": 25.170360121050535, "n_waypoints_completed": 9, "tot_waypoints": 9}}
{"target": -1245.6888713295766, "params": {"k_pid_pos": [0.09574164874946633, 0.6799172401977482, 0.9368421392962026], "k_pid_alt": [0.9037875965922184, 0.7664091178292847, 0.31242747497790857], "k_pid_att": [43.5904700920569, 0.7749939018028348, 0.7373319072971286], "k_pid_yaw": [0.5, 1e-06, 0.1], "k_pid_hsp": [8.41753873939822, 0.007478429779593565, 0.031760393005473286], "k_pid_vsp": [84.63823208600564, 362.8670947415996, 20.103714682070382]}, "datetime": {"datetime": "2025-08-13 17:13:50", "elapsed": 26758.430215597153, "delta": 31.95629644393921}, "costs": {"total_cost": 1245.6888713295766, "time_cost": 150, "final_distance_cost": 51.336903832654336, "oscillation_cost": 267.9572512256943, "completition_cost": 666.6666666666667, "overshoot_cost": 49.64011087117007, "power_cost": 31.815096032714845, "noise_cost": 28.272842700676456, "n_waypoints_completed": 3, "tot_waypoints": 9}}
{"target": -363.4186018987489, "params": {"k_pid_pos": [1.8248719919942105, 0.35054466342881374, 0.35368950219039874], "k_pid_alt": [0.8840700727449726, 0.21384798638228852, 0.1175988874734819], "k_pid_att": [8.158633036370855, 1.1861473411647674, 0.5676629595795577], "k_pid_yaw": [0.5, 1e-06, 0.1], "k_pid_hsp": [8.424293662090173, 0.7794832100450778, 0.5772168768382763], "k_pid_vsp": [253.9833847541494, 280.6660070722732, 47.296354457357076]}, "datetime": {"datetime": "2025-08-13 17:14:15", "elapsed": 26783.219215631485, "delta": 24.789000034332275}, "costs": {"total_cost": 363.4186018987489, "time_cost": 95.08800000000001, "final_distance_cost": 1.7410437601801314, "oscillation_cost": 162.42991939834852, "completition_cost": 0.0, "overshoot_cost": 55.13898174436598, "power_cost": 25.56790487060547, "noise_cost": 23.45275212524878, "n_waypoints_completed": 9, "tot_waypoints": 9}}
{"target": -974.6833501037273, "params": {"k_pid_pos": [1.3412783957228815, 0.009122868160888697, 0.48830307210998003], "k_pid_alt": [1.6504687494062906, 0.6677294802283331, 0.41025917676034773], "k_pid_att": [23.850791076490086, 4.573824995874721, 0.10282379904373962], "k_pid_yaw": [0.5, 1e-06, 0.1], "k_pid_hsp": [1.3093807320050812, 0.48229790819647855, 0.5497785500734724], "k_pid_vsp": [152.59216459124283, 16.875082654399588, 12.165652606969237]}, "datetime": {"datetime": "2025-08-13 17:14:45", "elapsed": 26813.769310951233, "delta": 30.550095319747925}, "costs": {"total_cost": 974.6833501037273, "time_cost": 150, "final_distance_cost": 10.508778244694723, "oscillation_cost": 581.8908298882947, "completition_cost": 111.11111111111116, "overshoot_cost": 60.44662983012027, "power_cost": 29.761666894531253, "noise_cost": 30.964334134975186, "n_waypoints_completed": 8, "tot_waypoints": 9}}
{"target": -879.9423939184062, "params": {"k_pid_pos": [1.96964497266872, 0.627749011370283, 0.7881439336741259], "k_pid_alt": [1.5889526965650764, 0.2764702751464525, 0.8358553106819028], "k_pid_att": [22.10684787675178, 1.0079161880232654, 0.024350877914562363], "k_pid_yaw": [0.5, 1e-06, 0.1], "k_pid_hsp": [2.6628603062880183, 0.5454634915221237, 0.7484191659921867], "k_pid_vsp": [303.2599151598925, 339.83031088758344, 81.33016794749216]}, "datetime": {"datetime": "2025-08-13 17:15:17", "elapsed": 26845.88593864441, "delta": 32.11662769317627}, "costs": {"total_cost": 879.9423939184062, "time_cost": 150, "final_distance_cost": 74.58643501757366, "oscillation_cost": 307.5336731373216, "completition_cost": 222.2222222222222, "overshoot_cost": 57.58503778233184, "power_cost": 37.54539661865235, "noise_cost": 30.469629140304626, "n_waypoints_completed": 7, "tot_waypoints": 9}}
{"target": -557.164829985768, "params": {"k_pid_pos": [1.4876726762908123, 0.5518837380164282, 0.8566633649613702], "k_pid_alt": [0.9020155507379797, 0.2683499917803651, 0.8735216115207357], "k_pid_att": [20.92031933079793, 5.551580139118697, 0.31346908267009], "k_pid_yaw": [0.5, 1e-06, 0.1], "k_pid_hsp": [7.834000565863624, 0.9280609357379143, 0.48935438541792364], "k_pid_vsp": [163.62799871001573, 6.790763976585275, 15.941279624576229]}, "datetime": {"datetime": "2025-08-13 17:15:42", "elapsed": 26870.646558761597, "delta": 24.7606201171875}, "costs": {"total_cost": 557.164829985768, "time_cost": 96.243, "final_distance_cost": 1.767792755933393, "oscillation_cost": 352.247680644308, "completition_cost": 0.0, "overshoot_cost": 54.85049361431733, "power_cost": 26.85426590576172, "noise_cost": 25.2015970654477, "n_waypoints_completed": 9, "tot_waypoints": 9}}
{"target": -933.0955228367413, "params": {"k_pid_pos": [1.4779242188514325, 0.7073921692913674, 0.8502746097004924], "k_pid_alt": [0.3340616513573125, 0.4357710013892001, 0.439222607949581], "k_pid_att": [43.570949805203455, 1.2485485986797478, 0.19115391703638984], "k_pid_yaw": [0.5, 1e-06, 0.1], "k_pid_hsp": [1.6164795518789847, 0.7619984452479728, 0.4030975478348172], "k_pid_vsp": [99.40153725074539, 369.03357029941554, 45.21171594308612]}, "datetime": {"datetime": "2025-08-13 17:16:13", "elapsed": 26901.267273187637, "delta": 30.62071442604065}, "costs": {"total_cost": 933.0955228367413, "time_cost": 150, "final_distance_cost": 72.92144067138781, "oscillation_cost": 255.36953646747673, "completition_cost": 333.33333333333337, "overshoot_cost": 58.87111887718419, "power_cost": 32.28138913574219, "noise_cost": 30.31870435161695, "n_waypoints_completed": 6, "tot_waypoints": 9}}
{"target": -487.04771850122813, "params": {"k_pid_pos": [1.406758637043243, 0.472282770626986, 0.9929627090599698], "k_pid_alt": [1.3919536038998317, 0.3442161782783808, 0.4424861508208121], "k_pid_att": [29.438023505912103, 0.2162029844605371, 0.5215816818640783], "k_pid_yaw": [0.5, 1e-06, 0.1], "k_pid_hsp": [6.305099910773134, 0.3387279837844075, 0.7292033634891584], "k_pid_vsp": [243.39133560521637, 268.53775895466305, 49.170399556476404]}, "datetime": {"datetime": "2025-08-13 17:16:36", "elapsed": 26924.24777507782, "delta": 22.980501890182495}, "costs": {"total_cost": 487.04771850122813, "time_cost": 89.019, "final_distance_cost": 1.798330711111808, "oscillation_cost": 296.82072327110217, "completition_cost": 0.0, "overshoot_cost": 53.918673627736446, "power_cost": 23.679841162109376, "noise_cost": 21.811149729168356, "n_waypoints_completed": 9, "tot_waypoints": 9}}
{"target": -1113.675954932537, "params": {"k_pid_pos": [0.4526363238585918, 0.18751712251692465, 0.9973983758991184], "k_pid_alt": [1.2538539906435588, 0.3194441346946927, 0.1338591962849176], "k_pid_att": [15.02234231376841, 5.894252345905049, 0.37543844013660277], "k_pid_yaw": [0.5, 1e-06, 0.1], "k_pid_hsp": [3.6395589816839276, 0.19775339989165952, 0.7461382088951296], "k_pid_vsp": [178.98056196596897, 32.499619765648774, 15.038130767796861]}, "datetime": {"datetime": "2025-08-13 17:17:05", "elapsed": 26953.87521481514, "delta": 29.627439737319946}, "costs": {"total_cost": 1113.675954932537, "time_cost": 150, "final_distance_cost": 73.89096890388504, "oscillation_cost": 448.5999169844834, "completition_cost": 333.33333333333337, "overshoot_cost": 47.27633053468047, "power_cost": 31.70920905761719, "noise_cost": 28.86619611853756, "n_waypoints_completed": 6, "tot_waypoints": 9}}
{"target": -507.68814516016715, "params": {"k_pid_pos": [1.0107700738945837, 0.12045661218564267, 0.0], "k_pid_alt": [0.8927430082249874, 0.9139500895444758, 0.44515839765349735], "k_pid_att": [38.777799967934705, 7.545143223378472, 0.23279279999357946], "k_pid_yaw": [0.5, 1e-06, 0.1], "k_pid_hsp": [4.854194148246228, 1.0, 0.0437590903758721], "k_pid_vsp": [248.23371137967717, 284.3009463989837, 50.11967460928512]}, "datetime": {"datetime": "2025-08-13 17:17:29", "elapsed": 26977.2268307209, "delta": 23.35161590576172}, "costs": {"total_cost": 507.68814516016715, "time_cost": 89.796, "final_distance_cost": 1.7796342537203451, "oscillation_cost": 318.6092340019662, "completition_cost": 0.0, "overshoot_cost": 55.47230146582515, "power_cost": 21.328139477539064, "noise_cost": 20.702835961116428, "n_waypoints_completed": 9, "tot_waypoints": 9}}
{"target": -772.5134078522124, "params": {"k_pid_pos": [1.310335711688498, 0.22198895642789218, 0.929280326868362], "k_pid_alt": [0.7544934416735622, 0.9297771975982044, 0.7720415240772579], "k_pid_att": [4.136011045845489, 1.0360848824774247, 0.019524594004731943], "k_pid_yaw": [0.5, 1e-06, 0.1], "k_pid_hsp": [7.127783219009025, 0.0805713028848053, 0.13018597933130227], "k_pid_vsp": [297.06357523292036, 276.83287159237915, 61.25789806711617]}, "datetime": {"datetime": "2025-08-13 17:17:58", "elapsed": 27006.83322787285, "delta": 29.60639715194702}, "costs": {"total_cost": 772.5134078522124, "time_cost": 150, "final_distance_cost": 2.920885431082629, "oscillation_cost": 374.0758541790398, "completition_cost": 111.11111111111116, "overshoot_cost": 64.62672137683096, "power_cost": 38.16656796875, "noise_cost": 31.612267785397933, "n_waypoints_completed": 8, "tot_waypoints": 9}}
{"target": -662.4875025696501, "params": {"k_pid_pos": [0.9521492647542171, 0.18968659546963462, 0.7342409560143837], "k_pid_alt": [1.6883392607239416, 0.31238390665571036, 0.3586634453757017], "k_pid_att": [10.779654791221349, 2.0899751709742556, 0.7758190208599579], "k_pid_yaw": [0.5, 1e-06, 0.1], "k_pid_hsp": [6.859329818176948, 0.1707885133531678, 0.8671937842527407], "k_pid_vsp": [267.2740187583858, 269.014267666689, 31.463476155938608]}, "datetime": {"datetime": "2025-08-13 17:18:29", "elapsed": 27037.527196407318, "delta": 30.693968534469604}, "costs": {"total_cost": 662.4875025696501, "time_cost": 150, "final_distance_cost": 39.69162044458851, "oscillation_cost": 252.3680370923009, "completition_cost": 111.11111111111116, "overshoot_cost": 52.99992141242199, "power_cost": 29.541079528808595, "noise_cost": 26.775732980418987, "n_waypoints_completed": 8, "tot_waypoints": 9}}
