{"target": -1159.206936902611, "params": {"k_pid_pos": [0.07579357421564303, 0.10751985485959592, 0.27954272052546014], "k_pid_alt": [0.4060190821502325, 0.7406015132692686, 0.8151700338465424], "k_pid_att": [4.419126254572559, 5.545390186064255, 0.25261346340675483], "k_pid_yaw": [0.5, 1e-06, 0.1], "k_pid_hsp": [8.60547003543443, 0.8185304499740328, 0.30032249940233624], "k_pid_vsp": [290.1300007365346, 284.57099302733576, 69.57505748734712]}, "datetime": {"datetime": "2025-08-14 02:42:35", "elapsed": 60883.86744618416, "delta": 37.84686470031738}, "costs": {"total_cost": 1159.206936902611, "time_cost": 150, "final_distance_cost": 50.8219713376033, "oscillation_cost": 172.85770530943566, "completition_cost": 666.6666666666667, "overshoot_cost": 65.96578448227183, "power_cost": 25.95450418701172, "noise_cost": 26.940304919621678, "n_waypoints_completed": 3, "tot_waypoints": 9}}
{"target": -940.8668064119693, "params": {"k_pid_pos": [0.7893046728580775, 0.9133177958280062, 0.5410540838688115], "k_pid_alt": [0.5255880319206414, 0.6947650668553623, 0.20893515243131888], "k_pid_att": [11.804762526321689, 2.9788340674979072, 0.8846556732243954], "k_pid_yaw": [0.5, 1e-06, 0.1], "k_pid_hsp": [3.3587222690277043, 0.8338845842927861, 0.9580602782672484], "k_pid_vsp": [195.82655533047313, 302.59353522480365, 7.117007278195344]}, "datetime": {"datetime": "2025-08-14 02:43:19", "elapsed": 60927.87207579613, "delta": 44.004629611968994}, "costs": {"total_cost": 940.8668064119693, "time_cost": 150, "final_distance_cost": 41.756207206496235, "oscillation_cost": 169.1889165206454, "completition_cost": 444.4444444444444, "overshoot_cost": 65.31022331121407, "power_cost": 34.64573884277344, "noise_cost": 35.52127608639577, "n_waypoints_completed": 5, "tot_waypoints": 9}}
{"target": -462.8967409290128, "params": {"k_pid_pos": [1.9294736394193799, 0.13657218932888127, 0.3981901437920986], "k_pid_alt": [0.4027945844038743, 0.3201658254659018, 0.8716454084925648], "k_pid_att": [24.183290006327105, 2.618941658468949, 0.6108450459655324], "k_pid_yaw": [0.5, 1e-06, 0.1], "k_pid_hsp": [8.63238349598769, 0.6797980424789576, 0.7712313331945221], "k_pid_vsp": [301.6875147487591, 333.8065996049833, 101.43518722160265]}, "datetime": {"datetime": "2025-08-14 02:43:53", "elapsed": 60961.1094789505, "delta": 33.23740315437317}, "costs": {"total_cost": 462.8967409290128, "time_cost": 96.453, "final_distance_cost": 1.7922019732353125, "oscillation_cost": 262.8336547112352, "completition_cost": 0.0, "overshoot_cost": 55.728232173744466, "power_cost": 23.63619874267578, "noise_cost": 22.453453328122002, "n_waypoints_completed": 9, "tot_waypoints": 9}}
{"target": -1054.432670648826, "params": {"k_pid_pos": [0.2282941729464543, 0.7921171928365954, 0.5997878619343218], "k_pid_alt": [0.6365994109967408, 0.5670753066039329, 0.6507554703857573], "k_pid_att": [10.174248493684491, 7.603210631699906, 0.9787189009349362], "k_pid_yaw": [0.5, 1e-06, 0.1], "k_pid_hsp": [0.7136050165153961, 0.13530808641597702, 0.9259457689853985], "k_pid_vsp": [280.3574193959947, 267.79398236508956, 38.659268549520874]}, "datetime": {"datetime": "2025-08-14 02:44:36", "elapsed": 61004.47313761711, "delta": 43.36365866661072}, "costs": {"total_cost": 1054.432670648826, "time_cost": 150, "final_distance_cost": 44.294106750985, "oscillation_cost": 192.81320523844812, "completition_cost": 555.5555555555555, "overshoot_cost": 54.017459514553195, "power_cost": 29.441085571289065, "noise_cost": 28.31125801799496, "n_waypoints_completed": 4, "tot_waypoints": 9}}
{"target": -1353.9334630325222, "params": {"k_pid_pos": [0.1579307033260269, 0.6533623420166151, 0.7125813148228015], "k_pid_alt": [0.027151813316470097, 0.5279452738054972, 0.6405461080042879], "k_pid_att": [8.377184453152442, 7.019087996134138, 0.23931091029208318], "k_pid_yaw": [0.5, 1e-06, 0.1], "k_pid_hsp": [3.8122591169398508, 0.5885502240346636, 0.2381628302630202], "k_pid_vsp": [274.8019364365982, 265.8092070203118, 67.69924293565317]}, "datetime": {"datetime": "2025-08-14 02:45:14", "elapsed": 61042.60261750221, "delta": 38.12947988510132}, "costs": {"total_cost": 1353.9334630325222, "time_cost": 150, "final_distance_cost": 76.25353322840499, "oscillation_cost": 247.79151683865908, "completition_cost": 777.7777777777778, "overshoot_cost": 49.30685992703053, "power_cost": 26.982211657714846, "noise_cost": 25.821563602935214, "n_waypoints_completed": 2, "tot_waypoints": 9}}
{"target": -1009.9306412012871, "params": {"k_pid_pos": [1.628631546381247, 0.5574362800867135, 0.4390674156315737], "k_pid_alt": [0.9702969714842151, 0.07967089896706026, 0.6632521618344946], "k_pid_att": [28.01610561514253, 2.4411455294128475, 0.19086085936764619], "k_pid_yaw": [0.5, 1e-06, 0.1], "k_pid_hsp": [3.2741183473281503, 0.5489212486672005, 0.6754871651295723], "k_pid_vsp": [324.3553058949493, 339.57319111711905, 92.63071354581938]}, "datetime": {"datetime": "2025-08-14 02:46:06", "elapsed": 61094.3922855854, "delta": 51.78966808319092}, "costs": {"total_cost": 1009.9306412012871, "time_cost": 150, "final_distance_cost": 71.81572843388791, "oscillation_cost": 342.3421851585008, "completition_cost": 333.33333333333337, "overshoot_cost": 48.24447140786712, "power_cost": 35.027713659667974, "noise_cost": 29.16720920803005, "n_waypoints_completed": 6, "tot_waypoints": 9}}
{"target": -750.3014465960846, "params": {"k_pid_pos": [0.2174161522276167, 0.9051709742531164, 0.3045235913401806], "k_pid_alt": [1.3467339442280062, 0.8758920611634577, 0.9553271251015223], "k_pid_att": [11.321514124253284, 2.903008892826381, 0.3600396039371102], "k_pid_yaw": [0.5, 1e-06, 0.1], "k_pid_hsp": [5.174249336578567, 0.8787041588904982, 0.03208222677435513], "k_pid_vsp": [261.47874525588014, 276.89466275128245, 51.19312958395122]}, "datetime": {"datetime": "2025-08-14 02:46:51", "elapsed": 61139.5902762413, "delta": 45.19799065589905}, "costs": {"total_cost": 750.3014465960846, "time_cost": 150, "final_distance_cost": 73.17203745137999, "oscillation_cost": 90.66084000282805, "completition_cost": 333.33333333333337, "overshoot_cost": 47.444488850469845, "power_cost": 27.53554063720703, "noise_cost": 28.155206320866235, "n_waypoints_completed": 6, "tot_waypoints": 9}}
{"target": -1091.2941834687642, "params": {"k_pid_pos": [1.5064341208920757, 0.9568950835910268, 0.37041506675053193], "k_pid_alt": [0.18818104348299913, 0.7832548797995952, 0.45042455972608764], "k_pid_att": [17.3263961155551, 2.081404736872362, 0.11852654639345794], "k_pid_yaw": [0.5, 1e-06, 0.1], "k_pid_hsp": [5.902751184233267, 0.2048914327279434, 0.4421016080508384], "k_pid_vsp": [192.35992444067, 288.3142453266998, 25.872391135989584]}, "datetime": {"datetime": "2025-08-14 02:47:29", "elapsed": 61177.92845916748, "delta": 38.33818292617798}, "costs": {"total_cost": 1091.2941834687642, "time_cost": 150, "final_distance_cost": 60.795797680504776, "oscillation_cost": 274.76242210279423, "completition_cost": 444.4444444444444, "overshoot_cost": 62.90729328938035, "power_cost": 44.81958594970703, "noise_cost": 53.56464000193339, "n_waypoints_completed": 5, "tot_waypoints": 9}}
{"target": -487.88306995076647, "params": {"k_pid_pos": [1.0031740010798422, 0.3056752198771783, 0.12194563047483442], "k_pid_alt": [1.5346064495099798, 0.4223156308749345, 0.8044350438982323], "k_pid_att": [5.637051985930719, 5.607510037591366, 0.2890140749053468], "k_pid_yaw": [0.5, 1e-06, 0.1], "k_pid_hsp": [6.394271068821196, 0.9263787339115971, 0.6551626200254287], "k_pid_vsp": [271.15068211896755, 275.30808038821465, 43.98323980297105]}, "datetime": {"datetime": "2025-08-14 02:48:03", "elapsed": 61211.87721967697, "delta": 33.94876050949097}, "costs": {"total_cost": 487.88306995076647, "time_cost": 105.175, "final_distance_cost": 1.7402146230160305, "oscillation_cost": 260.6582190146843, "completition_cost": 0.0, "overshoot_cost": 56.82815414960396, "power_cost": 34.11455080566407, "noise_cost": 29.36693135779813, "n_waypoints_completed": 9, "tot_waypoints": 9}}
{"target": -786.6936431899517, "params": {"k_pid_pos": [1.4570883079307113, 0.9805350219369712, 0.16482117969340204], "k_pid_alt": [1.9748144058911703, 0.5240683953755054, 0.7477926424874409], "k_pid_att": [21.87535792969205, 2.4539788870340873, 0.6475103018531697], "k_pid_yaw": [0.5, 1e-06, 0.1], "k_pid_hsp": [8.575696016632374, 0.6188813461225994, 0.6023446455137609], "k_pid_vsp": [315.69632163017474, 328.2556543743436, 98.34666012593273]}, "datetime": {"datetime": "2025-08-14 02:48:42", "elapsed": 61250.21511721611, "delta": 38.337897539138794}, "costs": {"total_cost": 786.6936431899517, "time_cost": 150, "final_distance_cost": 67.1364155497721, "oscillation_cost": 200.93364643228193, "completition_cost": 222.2222222222222, "overshoot_cost": 65.85768363856933, "power_cost": 45.54624119873047, "noise_cost": 34.997434148375554, "n_waypoints_completed": 7, "tot_waypoints": 9}}
{"target": -467.20213271536323, "params": {"k_pid_pos": [1.4169913012416957, 0.6506637061172595, 0.7297008124986801], "k_pid_alt": [0.14761701039934105, 0.6513569022613038, 0.7178102451209198], "k_pid_att": [8.297799589401201, 1.1839403440415974, 0.8476328735505401], "k_pid_yaw": [0.5, 1e-06, 0.1], "k_pid_hsp": [7.417049477439518, 0.37537432474218, 0.9282446079825822], "k_pid_vsp": [201.32650117910478, 304.6071646500688, 25.03874954411116]}, "datetime": {"datetime": "2025-08-14 02:49:21", "elapsed": 61289.20636534691, "delta": 38.99124813079834}, "costs": {"total_cost": 467.20213271536323, "time_cost": 119.574, "final_distance_cost": 1.7574307493335821, "oscillation_cost": 217.6694602616276, "completition_cost": 0.0, "overshoot_cost": 68.203297607045, "power_cost": 30.291841210937502, "noise_cost": 29.706102886419625, "n_waypoints_completed": 9, "tot_waypoints": 9}}
{"target": -709.3861343149139, "params": {"k_pid_pos": [0.24280294334759467, 0.06694601160275526, 0.4120436883638037], "k_pid_alt": [0.29779304167352394, 0.18536860792680476, 0.6133568783612914], "k_pid_att": [15.684121238956816, 0.015511499048720961, 0.8280151320706336], "k_pid_yaw": [0.5, 1e-06, 0.1], "k_pid_hsp": [5.244838019647695, 0.7718774572639389, 0.27235176764808366], "k_pid_vsp": [300.79364810107523, 325.76527142122717, 90.45525722503868]}, "datetime": {"datetime": "2025-08-14 02:50:03", "elapsed": 61331.671001672745, "delta": 42.46463632583618}, "costs": {"total_cost": 709.3861343149139, "time_cost": 150, "final_distance_cost": 61.254988454553946, "oscillation_cost": 276.92138921823005, "completition_cost": 111.11111111111116, "overshoot_cost": 58.51882756271194, "power_cost": 26.051415429687502, "noise_cost": 25.52840253861931, "n_waypoints_completed": 8, "tot_waypoints": 9}}
{"target": -209.18814253070593, "params": {"k_pid_pos": [2.0, 0.0, 0.0], "k_pid_alt": [1.892654227224594, 0.0, 0.0], "k_pid_att": [60.828939328385, 4.990975382227225, 0.9298434389120017], "k_pid_yaw": [0.5, 1e-06, 0.1], "k_pid_hsp": [6.378968259418072, 1.0, 0.0], "k_pid_vsp": [76.13992266702272, 361.8220830195093, 44.69099636097412]}, "datetime": {"datetime": "2025-08-14 02:50:36", "elapsed": 61364.795182704926, "delta": 33.124181032180786}, "costs": {"total_cost": 209.18814253070593, "time_cost": 68.894, "final_distance_cost": 1.770063609899338, "oscillation_cost": 56.00192208938255, "completition_cost": 0.0, "overshoot_cost": 49.7234350051878, "power_cost": 16.48790064697266, "noise_cost": 16.31082117926356, "n_waypoints_completed": 9, "tot_waypoints": 9}}
{"target": -462.9904476671342, "params": {"k_pid_pos": [1.9611558799545608, 0.7363524213234051, 0.4317696490013533], "k_pid_alt": [1.4168064901126929, 0.9125675634862268, 0.5018344201677124], "k_pid_att": [17.08367679241689, 4.065420004881429, 0.045020790265271615], "k_pid_yaw": [0.5, 1e-06, 0.1], "k_pid_hsp": [6.750100866863942, 0.959808805991413, 0.9980336867910851], "k_pid_vsp": [304.6015869185261, 336.2917143014258, 117.22687193625521]}, "datetime": {"datetime": "2025-08-14 02:51:12", "elapsed": 61400.470232486725, "delta": 35.675049781799316}, "costs": {"total_cost": 462.9904476671342, "time_cost": 106.778, "final_distance_cost": 1.7669542593534924, "oscillation_cost": 242.57065100667108, "completition_cost": 0.0, "overshoot_cost": 57.57236201154231, "power_cost": 27.980455273437503, "noise_cost": 26.322025116129776, "n_waypoints_completed": 9, "tot_waypoints": 9}}
{"target": -1544.9617027191146, "params": {"k_pid_pos": [0.42631494763060895, 0.43503369709491924, 0.48787891717234455], "k_pid_alt": [0.013769387239594977, 0.8648112684744069, 0.5199026208578168], "k_pid_att": [16.56977596263647, 6.659549011226005, 0.10462709389974612], "k_pid_yaw": [0.5, 1e-06, 0.1], "k_pid_hsp": [7.133455596817209, 0.11024068842934898, 0.8185543895469601], "k_pid_vsp": [194.1029459634618, 25.48090332176169, 10.499457291066307]}, "datetime": {"datetime": "2025-08-14 02:51:52", "elapsed": 61440.80833649635, "delta": 40.338104009628296}, "costs": {"total_cost": 1544.9617027191146, "time_cost": 150, "final_distance_cost": 58.053316289853434, "oscillation_cost": 555.5688781348392, "completition_cost": 666.6666666666667, "overshoot_cost": 56.89597233838106, "power_cost": 25.394518701171876, "noise_cost": 32.38235058820217, "n_waypoints_completed": 3, "tot_waypoints": 9}}
{"target": -849.9355893003383, "params": {"k_pid_pos": [0.9305479712995272, 0.9094560259063548, 0.0074165251141677935], "k_pid_alt": [1.7134415292010745, 0.847450305575305, 0.8579348638423775], "k_pid_att": [59.19055041750955, 1.8561304089415256, 0.31684184250942915], "k_pid_yaw": [0.5, 1e-06, 0.1], "k_pid_hsp": [9.320887596988722, 0.3120087706963912, 0.7753687473830937], "k_pid_vsp": [214.00142062317178, 14.627092682184898, 6.71379018481872]}, "datetime": {"datetime": "2025-08-14 02:52:47", "elapsed": 61495.2224419117, "delta": 54.41410541534424}, "costs": {"total_cost": 849.9355893003383, "time_cost": 150, "final_distance_cost": 63.55440583287966, "oscillation_cost": 273.088490073601, "completition_cost": 222.2222222222222, "overshoot_cost": 70.57138278075877, "power_cost": 36.57518806152344, "noise_cost": 33.9239003293532, "n_waypoints_completed": 7, "tot_waypoints": 9}}
{"target": -368.2194041717569, "params": {"k_pid_pos": [1.417415887412777, 0.09087695200085877, 0.07137857334912867], "k_pid_alt": [1.2232116305299336, 0.3281554347965846, 0.012654250415949253], "k_pid_att": [12.58064287942464, 0.8332665664049806, 0.467954824637725], "k_pid_yaw": [0.5, 1e-06, 0.1], "k_pid_hsp": [6.340583220631076, 0.5984383708240693, 0.5166013082734442], "k_pid_vsp": [182.23914551412523, 27.871970159819515, 12.65069442378321]}, "datetime": {"datetime": "2025-08-14 02:53:18", "elapsed": 61526.10523247719, "delta": 30.882790565490723}, "costs": {"total_cost": 368.2194041717569, "time_cost": 84.28, "final_distance_cost": 1.761327661918243, "oscillation_cost": 179.31670527264427, "completition_cost": 0.0, "overshoot_cost": 54.213611432878274, "power_cost": 25.29573553466797, "noise_cost": 23.352024269648116, "n_waypoints_completed": 9, "tot_waypoints": 9}}
{"target": -532.5460948041631, "params": {"k_pid_pos": [1.6098334227534747, 0.2531442495812364, 0.9621664471876196], "k_pid_alt": [0.41604256089567815, 0.026886257523922152, 0.2931038616009348], "k_pid_att": [7.299583388657815, 6.4066608914452825, 0.13999024115109737], "k_pid_yaw": [0.5, 1e-06, 0.1], "k_pid_hsp": [8.241364084053297, 0.8708345234516405, 0.9617638460068493], "k_pid_vsp": [175.00396112840323, 19.40864055874551, 7.125033849116955]}, "datetime": {"datetime": "2025-08-14 02:53:53", "elapsed": 61561.54325938225, "delta": 35.438026905059814}, "costs": {"total_cost": 532.5460948041631, "time_cost": 104.923, "final_distance_cost": 1.7645865519196253, "oscillation_cost": 320.72856279448996, "completition_cost": 0.0, "overshoot_cost": 53.11955348604563, "power_cost": 22.499987072753907, "noise_cost": 29.51040489895392, "n_waypoints_completed": 9, "tot_waypoints": 9}}
{"target": -354.65579842465326, "params": {"k_pid_pos": [1.9244285189828971, 0.4076159270051736, 0.12101244951017043], "k_pid_alt": [1.3733915816994378, 0.3412826580062237, 0.8767227201248726], "k_pid_att": [17.199194032679976, 3.1678759667333813, 0.32555485438646614], "k_pid_yaw": [0.5, 1e-06, 0.1], "k_pid_hsp": [7.38479036931242, 0.16020614840281655, 0.11202165933359542], "k_pid_vsp": [256.713778375343, 261.2436223269898, 53.15467030831634]}, "datetime": {"datetime": "2025-08-14 02:54:27", "elapsed": 61595.527685403824, "delta": 33.98442602157593}, "costs": {"total_cost": 354.65579842465326, "time_cost": 96.796, "final_distance_cost": 1.7594536249717325, "oscillation_cost": 144.20851356724864, "completition_cost": 0.0, "overshoot_cost": 56.1962102942888, "power_cost": 29.495643505859377, "noise_cost": 26.199977432284697, "n_waypoints_completed": 9, "tot_waypoints": 9}}
{"target": -333.15048522423973, "params": {"k_pid_pos": [0.7790680836729212, 0.03353355106941325, 0.2237340963619533], "k_pid_alt": [0.5083762154812999, 0.04749670314081311, 0.44780977422310764], "k_pid_att": [14.356681839526686, 0.0003581152554095463, 0.7776366154402807], "k_pid_yaw": [0.5, 1e-06, 0.1], "k_pid_hsp": [0.4932558098058325, 0.8735156168481181, 0.49213289285603457], "k_pid_vsp": [198.16325770537784, 297.62501825722876, 17.71383216811602]}, "datetime": {"datetime": "2025-08-14 02:55:02", "elapsed": 61630.08604621887, "delta": 34.55836081504822}, "costs": {"total_cost": 333.15048522423973, "time_cost": 99.148, "final_distance_cost": 1.7649523024025406, "oscillation_cost": 132.0811862340889, "completition_cost": 0.0, "overshoot_cost": 58.64238074334878, "power_cost": 18.720573547363283, "noise_cost": 22.79339239703621, "n_waypoints_completed": 9, "tot_waypoints": 9}}
{"target": -835.5344458378078, "params": {"k_pid_pos": [1.1893627878483513, 0.5489049616196994, 0.08641552052037138], "k_pid_alt": [0.5522067301747333, 0.5676267527915189, 0.031161739222058893], "k_pid_att": [41.377182004514225, 8.15283181213915, 0.07048135003246392], "k_pid_yaw": [0.5, 1e-06, 0.1], "k_pid_hsp": [6.591181539677628, 0.0050053482346367195, 0.579272047725396], "k_pid_vsp": [248.67518106251606, 285.102971171696, 54.51174220345489]}, "datetime": {"datetime": "2025-08-14 02:55:41", "elapsed": 61669.547855854034, "delta": 39.46180963516235}, "costs": {"total_cost": 835.5344458378078, "time_cost": 150, "final_distance_cost": 7.629364932874067, "oscillation_cost": 438.22321227501885, "completition_cost": 111.11111111111116, "overshoot_cost": 66.00867123588272, "power_cost": 32.71945406494141, "noise_cost": 29.84263221797961, "n_waypoints_completed": 8, "tot_waypoints": 9}}
{"target": -451.5592803223195, "params": {"k_pid_pos": [0.6745032580867794, 0.07993242073484919, 0.234967861577703], "k_pid_alt": [0.43203582442226907, 0.618163092057732, 0.8929350987413577], "k_pid_att": [17.77592913549382, 4.679439368503262, 0.6923821456855708], "k_pid_yaw": [0.5, 1e-06, 0.1], "k_pid_hsp": [8.632642355428041, 0.10122322901663672, 0.6489701462285209], "k_pid_vsp": [178.08397617631297, 33.00741514152569, 1.3818052953104885]}, "datetime": {"datetime": "2025-08-14 02:56:24", "elapsed": 61712.59076976776, "delta": 43.04291391372681}, "costs": {"total_cost": 451.5592803223195, "time_cost": 88.074, "final_distance_cost": 1.7733190382146606, "oscillation_cost": 262.4641871422902, "completition_cost": 0.0, "overshoot_cost": 56.72339957318884, "power_cost": 18.550144458007814, "noise_cost": 23.974230110617984, "n_waypoints_completed": 9, "tot_waypoints": 9}}
{"target": -435.3872001154373, "params": {"k_pid_pos": [1.290097958922502, 0.5370648045145758, 0.2183226095576617], "k_pid_alt": [0.6150807397557985, 0.694784966854083, 0.5590323575168031], "k_pid_att": [10.519619691587835, 9.593505684577122, 0.3317625197306139], "k_pid_yaw": [0.5, 1e-06, 0.1], "k_pid_hsp": [9.686627482612446, 0.4445543982710898, 0.1565250039169226], "k_pid_vsp": [254.1822428316847, 290.6028001667469, 59.770086683585184]}, "datetime": {"datetime": "2025-08-14 02:57:00", "elapsed": 61748.70014500618, "delta": 36.10937523841858}, "costs": {"total_cost": 435.3872001154373, "time_cost": 110.033, "final_distance_cost": 1.7363831375568506, "oscillation_cost": 213.68098748134562, "completition_cost": 0.0, "overshoot_cost": 59.60688283965698, "power_cost": 24.315310083007812, "noise_cost": 26.014636573870035, "n_waypoints_completed": 9, "tot_waypoints": 9}}
{"target": -496.49090589102065, "params": {"k_pid_pos": [1.1659550995865016, 0.9527131096641179, 0.36617335874848833], "k_pid_alt": [1.093416981160605, 0.7048639039660547, 0.4827444733989068], "k_pid_att": [13.483761338923838, 1.1819537901416284, 0.5125073688642909], "k_pid_yaw": [0.5, 1e-06, 0.1], "k_pid_hsp": [7.999155751690164, 0.1072878959381407, 0.5060546948847597], "k_pid_vsp": [293.85529306018043, 338.08254859200514, 110.0044212717032]}, "datetime": {"datetime": "2025-08-14 02:57:39", "elapsed": 61787.08682632446, "delta": 38.38668131828308}, "costs": {"total_cost": 496.49090589102065, "time_cost": 115.255, "final_distance_cost": 1.7517644532197187, "oscillation_cost": 247.5056457307959, "completition_cost": 0.0, "overshoot_cost": 64.08051076285997, "power_cost": 37.303553625488284, "noise_cost": 30.594431318656785, "n_waypoints_completed": 9, "tot_waypoints": 9}}
