{"target": -370.7514731204299, "params": {"k_pid_pos": [1.8691585234403132, 0.6132314322249754, 0.024030579645239802], "k_pid_alt": [1.9994102616439882, 0.22905182813949443, 0.5564168308670409], "k_pid_att": [10.534388691442354, 3.7370666350763213, 0.6342665601041265], "k_pid_yaw": [0.5, 1e-06, 0.1], "k_pid_hsp": [2.052742714370405, 0.36141739599383693, 0.7893508544081124], "k_pid_vsp": [285.74461479449377, 287.61961763269306, 63.52279839364663]}, "datetime": {"datetime": "2025-08-14 06:17:25", "elapsed": 73773.57714247704, "delta": 39.2533757686615}, "costs": {"total_cost": 370.7514731204299, "time_cost": 104.47500000000001, "final_distance_cost": 1.7754029820908872, "oscillation_cost": 145.69637828920048, "completition_cost": 0.0, "overshoot_cost": 60.126326187550994, "power_cost": 31.527512915039065, "noise_cost": 27.15085274654856, "n_waypoints_completed": 9, "tot_waypoints": 9}}
{"target": -1418.3227948431893, "params": {"k_pid_pos": [0.03331650570943089, 0.25632463753073076, 0.3813421644560867], "k_pid_alt": [0.5642459760580636, 0.4543859801317707, 0.41546807466643476], "k_pid_att": [12.273721944147798, 3.781890198968003, 0.7295848202990003], "k_pid_yaw": [0.5, 1e-06, 0.1], "k_pid_hsp": [6.2062339572475524, 0.37148096928662067, 0.7513938680439299], "k_pid_vsp": [285.23297249158736, 277.03781081666216, 47.70172229134703]}, "datetime": {"datetime": "2025-08-14 06:18:24", "elapsed": 73832.50438690186, "delta": 58.927244424819946}, "costs": {"total_cost": 1418.3227948431893, "time_cost": 150, "final_distance_cost": 84.88502088047429, "oscillation_cost": 297.638925590993, "completition_cost": 777.7777777777778, "overshoot_cost": 49.25343589967604, "power_cost": 30.930212744140626, "noise_cost": 27.837421950127503, "n_waypoints_completed": 2, "tot_waypoints": 9}}
{"target": -571.8301090699335, "params": {"k_pid_pos": [1.8557093997105953, 0.8978972247193141, 0.5327480411585928], "k_pid_alt": [0.18418964661270176, 0.5751904716842553, 0.3093609927630946], "k_pid_att": [5.73054525615494, 6.064039528987941, 0.06209876558196481], "k_pid_yaw": [0.5, 1e-06, 0.1], "k_pid_hsp": [7.903356632211826, 0.7799926800937762, 0.5366534276081256], "k_pid_vsp": [173.7847161646613, 3.862497690849716, 32.915059763503464]}, "datetime": {"datetime": "2025-08-14 06:19:10", "elapsed": 73878.79885458946, "delta": 46.29446768760681}, "costs": {"total_cost": 571.8301090699335, "time_cost": 118.804, "final_distance_cost": 1.744293962212112, "oscillation_cost": 307.61826251380324, "completition_cost": 0.0, "overshoot_cost": 66.26536300940651, "power_cost": 39.65416767578125, "noise_cost": 37.74402190873051, "n_waypoints_completed": 9, "tot_waypoints": 9}}
{"target": -1209.9034940354213, "params": {"k_pid_pos": [0.12014054791709419, 0.9735314732529957, 0.514005021840326], "k_pid_alt": [1.6706879975689788, 0.8748880555744765, 0.048317712244607125], "k_pid_att": [24.88695583275827, 4.3335928099757055, 0.7560709395057496], "k_pid_yaw": [0.5, 1e-06, 0.1], "k_pid_hsp": [5.9774667437455955, 0.03251894317628279, 0.4781332457339853], "k_pid_vsp": [260.6758866740972, 332.3445885079249, 103.99872161897952]}, "datetime": {"datetime": "2025-08-14 06:19:54", "elapsed": 73922.22391462326, "delta": 43.42506003379822}, "costs": {"total_cost": 1209.9034940354213, "time_cost": 150, "final_distance_cost": 49.64880149600039, "oscillation_cost": 240.83766662560114, "completition_cost": 666.6666666666667, "overshoot_cost": 50.06174064045175, "power_cost": 26.413822082519534, "noise_cost": 26.274796524181635, "n_waypoints_completed": 3, "tot_waypoints": 9}}
{"target": -537.7204498118562, "params": {"k_pid_pos": [0.8005596994108031, 0.7821542299727082, 0.9462681992944704], "k_pid_alt": [0.5737052500772921, 0.2711557924637612, 0.3705079015156887], "k_pid_att": [20.652902384563067, 2.2906660591734314, 0.8307369770223757], "k_pid_yaw": [0.5, 1e-06, 0.1], "k_pid_hsp": [7.322892220317329, 0.7342397256979813, 0.7155490736319458], "k_pid_vsp": [300.6979686703326, 350.5773183101467, 115.56083885863086]}, "datetime": {"datetime": "2025-08-14 06:20:36", "elapsed": 73964.48855638504, "delta": 42.264641761779785}, "costs": {"total_cost": 537.7204498118562, "time_cost": 115.29, "final_distance_cost": 1.7940970593914578, "oscillation_cost": 308.1337391426384, "completition_cost": 0.0, "overshoot_cost": 58.400234880841936, "power_cost": 27.27746590576172, "noise_cost": 26.82491282322259, "n_waypoints_completed": 9, "tot_waypoints": 9}}
{"target": -955.2310409483705, "params": {"k_pid_pos": [0.17881583051989908, 0.942723183261093, 0.1085049228296312], "k_pid_alt": [1.8760062263575872, 0.2204585404750895, 0.9504777008760912], "k_pid_att": [8.485714774825615, 5.859245075792118, 0.2038281930174426], "k_pid_yaw": [0.5, 1e-06, 0.1], "k_pid_hsp": [2.11272546905944, 0.6895864538136076, 0.7212916614827296], "k_pid_vsp": [264.3585407030095, 258.84309788900697, 42.36051894609152]}, "datetime": {"datetime": "2025-08-14 06:21:24", "elapsed": 74012.41331839561, "delta": 47.92476201057434}, "costs": {"total_cost": 955.2310409483705, "time_cost": 150, "final_distance_cost": 47.200412767200405, "oscillation_cost": 169.4901248635941, "completition_cost": 444.4444444444444, "overshoot_cost": 75.33629159162588, "power_cost": 37.486158288574224, "noise_cost": 31.2736089929315, "n_waypoints_completed": 5, "tot_waypoints": 9}}
{"target": -451.5006103854095, "params": {"k_pid_pos": [1.8087688326895193, 0.502108646008455, 0.7272838238022473], "k_pid_alt": [1.2185945628366457, 0.03319421782673748, 0.05360336437273172], "k_pid_att": [22.646056965744133, 7.795838772836848, 0.8235412881744729], "k_pid_yaw": [0.5, 1e-06, 0.1], "k_pid_hsp": [5.0906253837386854, 0.6973825415109023, 0.5483965643307929], "k_pid_vsp": [164.29085524100336, 4.191764874345863, 18.41204256686206]}, "datetime": {"datetime": "2025-08-14 06:22:01", "elapsed": 74049.22461938858, "delta": 36.8113009929657}, "costs": {"total_cost": 451.5006103854095, "time_cost": 89.012, "final_distance_cost": 1.7572196717977282, "oscillation_cost": 253.43439435012652, "completition_cost": 0.0, "overshoot_cost": 53.873614705163604, "power_cost": 28.311081860351564, "noise_cost": 25.11229979797009, "n_waypoints_completed": 9, "tot_waypoints": 9}}
{"target": -381.9976423209815, "params": {"k_pid_pos": [1.7714383089536188, 0.2282498555357737, 0.015447921121284902], "k_pid_alt": [1.4449924195293296, 0.8105134347554346, 0.48404250327119136], "k_pid_att": [12.2087447279137, 3.741001454084743, 0.7163410673697406], "k_pid_yaw": [0.5, 1e-06, 0.1], "k_pid_hsp": [1.810339711088014, 0.3826778523029407, 0.5948840689855033], "k_pid_vsp": [316.10832081522744, 338.4357037985125, 116.98152337512332]}, "datetime": {"datetime": "2025-08-14 06:22:59", "elapsed": 74107.00707626343, "delta": 57.78245687484741}, "costs": {"total_cost": 381.9976423209815, "time_cost": 91.819, "final_distance_cost": 1.7894512067035497, "oscillation_cost": 179.02077164143333, "completition_cost": 0.0, "overshoot_cost": 59.023371333585246, "power_cost": 26.46705889892578, "noise_cost": 23.877989240333658, "n_waypoints_completed": 9, "tot_waypoints": 9}}
{"target": -1002.546279651736, "params": {"k_pid_pos": [0.2663677880357075, 0.20105521699583873, 0.7731418449758539], "k_pid_alt": [1.3832920557390196, 0.3300178227237057, 0.6966711974771946], "k_pid_att": [11.812840915477585, 7.7822603848259195, 0.8447308564446557], "k_pid_yaw": [0.5, 1e-06, 0.1], "k_pid_hsp": [5.278310705098823, 0.2211496234582635, 0.8654229917921721], "k_pid_vsp": [302.1876505542278, 339.5653024254549, 94.20298309183778]}, "datetime": {"datetime": "2025-08-14 06:23:41", "elapsed": 74149.61504983902, "delta": 42.60797357559204}, "costs": {"total_cost": 1002.546279651736, "time_cost": 150, "final_distance_cost": 74.78522806072475, "oscillation_cost": 330.9930626396944, "completition_cost": 333.33333333333337, "overshoot_cost": 52.70023853841497, "power_cost": 32.52775849609375, "noise_cost": 28.206658583474834, "n_waypoints_completed": 6, "tot_waypoints": 9}}
{"target": -1090.4925340058503, "params": {"k_pid_pos": [0.48399503894358015, 0.7192988250914936, 0.1850333959758621], "k_pid_alt": [0.20566575673937693, 0.2651855616619657, 0.2564620605693264], "k_pid_att": [20.908186770238956, 7.911945312789928, 0.9050786368981565], "k_pid_yaw": [0.5, 1e-06, 0.1], "k_pid_hsp": [1.6716672781118345, 0.9174515702664563, 0.9276476085717603], "k_pid_vsp": [291.87866337811437, 346.2791335072765, 126.15297449574321]}, "datetime": {"datetime": "2025-08-14 06:24:24", "elapsed": 74192.59659910202, "delta": 42.98154926300049}, "costs": {"total_cost": 1090.4925340058503, "time_cost": 150, "final_distance_cost": 33.66474235307352, "oscillation_cost": 222.6547333153191, "completition_cost": 555.5555555555555, "overshoot_cost": 59.47319285279351, "power_cost": 36.79791473388672, "noise_cost": 32.34639519522187, "n_waypoints_completed": 4, "tot_waypoints": 9}}
{"target": -453.13985852925305, "params": {"k_pid_pos": [1.767407169438646, 0.8100932898037341, 0.9421455140120439], "k_pid_alt": [0.766156417401491, 0.45834591737858343, 0.46046599194276305], "k_pid_att": [13.170452141495637, 9.948612778605462, 0.5803508735675512], "k_pid_yaw": [0.5, 1e-06, 0.1], "k_pid_hsp": [5.730108932769992, 0.04343453827332355, 0.23984711764511346], "k_pid_vsp": [295.2578685912995, 327.16909800969734, 108.15975130537774]}, "datetime": {"datetime": "2025-08-14 06:25:07", "elapsed": 74235.060141325, "delta": 42.463542222976685}, "costs": {"total_cost": 453.13985852925305, "time_cost": 95.186, "final_distance_cost": 1.7907658617436992, "oscillation_cost": 256.06619806164605, "completition_cost": 0.0, "overshoot_cost": 53.97331721808725, "power_cost": 23.084979125976563, "noise_cost": 23.03859826179953, "n_waypoints_completed": 9, "tot_waypoints": 9}}
{"target": -1283.2377773385792, "params": {"k_pid_pos": [0.04867043534182345, 0.9234877456949799, 0.9894550677976295], "k_pid_alt": [1.5300597886588652, 0.6245825246174, 0.004744202899965577], "k_pid_att": [31.73978968512945, 2.2902859733871677, 0.9199065514167729], "k_pid_yaw": [0.5, 1e-06, 0.1], "k_pid_hsp": [4.509888571783865, 0.8581234216301521, 0.7092798967600675], "k_pid_vsp": [108.23695810232414, 344.71341229554, 41.83719579438836]}, "datetime": {"datetime": "2025-08-14 06:25:50", "elapsed": 74277.98147439957, "delta": 42.9213330745697}, "costs": {"total_cost": 1283.2377773385792, "time_cost": 150, "final_distance_cost": 55.43908838332101, "oscillation_cost": 295.2102976681109, "completition_cost": 666.6666666666667, "overshoot_cost": 52.9607605030133, "power_cost": 34.074379138183595, "noise_cost": 28.886584979283615, "n_waypoints_completed": 3, "tot_waypoints": 9}}
{"target": -304.91510491839733, "params": {"k_pid_pos": [1.5428530201499522, 0.6534986591626536, 0.27984841381230185], "k_pid_alt": [1.9408622329960774, 0.18563957201273718, 0.2879167095738314], "k_pid_att": [7.6715483262684625, 2.373951245238395, 0.44786000731138165], "k_pid_yaw": [0.5, 1e-06, 0.1], "k_pid_hsp": [7.093229632566732, 0.04175673437295213, 0.14222883682168386], "k_pid_vsp": [160.78753686531067, 33.662610511123766, 8.903704894079885]}, "datetime": {"datetime": "2025-08-14 06:26:33", "elapsed": 74321.61305475235, "delta": 43.6315803527832}, "costs": {"total_cost": 304.91510491839733, "time_cost": 101.73100000000001, "final_distance_cost": 1.7894405820187882, "oscillation_cost": 102.09063620524918, "completition_cost": 0.0, "overshoot_cost": 54.26508367474366, "power_cost": 19.15716798095703, "noise_cost": 25.881776475428723, "n_waypoints_completed": 9, "tot_waypoints": 9}}
{"target": -878.7469697329369, "params": {"k_pid_pos": [0.16431394933816942, 0.9262651386717663, 0.3425191079123766], "k_pid_alt": [0.6356630127700624, 0.8792480585500813, 0.9559361144719289], "k_pid_att": [14.62572622076177, 0.40042296635111385, 0.4524157655768508], "k_pid_yaw": [0.5, 1e-06, 0.1], "k_pid_hsp": [6.331688578751644, 0.2308340358986256, 0.05721315540768923], "k_pid_vsp": [309.7555583105287, 346.70660442061023, 124.67904406036467]}, "datetime": {"datetime": "2025-08-14 06:27:16", "elapsed": 74364.87497401237, "delta": 43.261919260025024}, "costs": {"total_cost": 878.7469697329369, "time_cost": 150, "final_distance_cost": 58.0492988305284, "oscillation_cost": 110.53049994697476, "completition_cost": 444.4444444444444, "overshoot_cost": 53.017171285370694, "power_cost": 32.577757946777346, "noise_cost": 30.1277972788414, "n_waypoints_completed": 5, "tot_waypoints": 9}}
{"target": -994.3476439003499, "params": {"k_pid_pos": [0.27435305096709056, 0.4720494548864471, 0.7692738398035102], "k_pid_alt": [0.8254384330313773, 0.9598095586709084, 0.8992315497388987], "k_pid_att": [12.34871387233919, 4.43384850330102, 0.22011576318161474], "k_pid_yaw": [0.5, 1e-06, 0.1], "k_pid_hsp": [0.7717330381321255, 0.18324257305705982, 0.07927216865921594], "k_pid_vsp": [275.1995050268039, 336.0983816282592, 102.6280003568982]}, "datetime": {"datetime": "2025-08-14 06:27:59", "elapsed": 74407.28005766869, "delta": 42.405083656311035}, "costs": {"total_cost": 994.3476439003499, "time_cost": 150, "final_distance_cost": 59.887619108979884, "oscillation_cost": 347.7018887208806, "completition_cost": 333.33333333333337, "overshoot_cost": 49.88651106863776, "power_cost": 26.345042443847657, "noise_cost": 27.193249224670538, "n_waypoints_completed": 6, "tot_waypoints": 9}}
{"target": -491.74658635676826, "params": {"k_pid_pos": [0.8287702747035539, 0.49722426953532073, 0.026940811559784672], "k_pid_alt": [0.5108141484083042, 0.5216875428140668, 0.13449952686722355], "k_pid_att": [28.637203107272057, 4.240905236891913, 0.9746107970148924], "k_pid_yaw": [0.5, 1e-06, 0.1], "k_pid_hsp": [6.8013041395555485, 0.5363984603521758, 0.40553694016931974], "k_pid_vsp": [155.40123159710703, 19.278436932815023, 19.5029528815468]}, "datetime": {"datetime": "2025-08-14 06:29:01", "elapsed": 74469.61113667488, "delta": 62.33107900619507}, "costs": {"total_cost": 491.74658635676826, "time_cost": 105.973, "final_distance_cost": 1.7381972713417642, "oscillation_cost": 272.6270208765399, "completition_cost": 0.0, "overshoot_cost": 59.51538746504457, "power_cost": 26.910986389160158, "noise_cost": 24.981994354681895, "n_waypoints_completed": 9, "tot_waypoints": 9}}
{"target": -394.57186950336694, "params": {"k_pid_pos": [0.42806792475336347, 0.9511011613360139, 0.8314896356740845], "k_pid_alt": [1.8279230712625825, 0.48767602974426405, 0.3857986769632362], "k_pid_att": [12.328105142066924, 2.808334466443643, 0.4994009640771626], "k_pid_yaw": [0.5, 1e-06, 0.1], "k_pid_hsp": [8.882758908097554, 0.8300268753550433, 0.11017357585306586], "k_pid_vsp": [255.02711208533793, 276.87187186455037, 44.98430155432747]}, "datetime": {"datetime": "2025-08-14 06:29:52", "elapsed": 74520.73719358444, "delta": 51.12605690956116}, "costs": {"total_cost": 394.57186950336694, "time_cost": 110.824, "final_distance_cost": 1.7950096106505833, "oscillation_cost": 175.9283628212645, "completition_cost": 0.0, "overshoot_cost": 52.89645277692296, "power_cost": 27.559280541992187, "noise_cost": 25.568763752536743, "n_waypoints_completed": 9, "tot_waypoints": 9}}
{"target": -934.2386682052477, "params": {"k_pid_pos": [0.6576060585395658, 0.4094870452929936, 0.8299518816303487], "k_pid_alt": [1.3964835655185144, 0.28779523323683576, 0.7587675762679121], "k_pid_att": [34.82249081126477, 0.45561087387065496, 0.5920537626906497], "k_pid_yaw": [0.5, 1e-06, 0.1], "k_pid_hsp": [6.299968002135768, 0.6752758075163483, 0.36512700106887364], "k_pid_vsp": [116.30095232560085, 350.971030536084, 49.31278005123991]}, "datetime": {"datetime": "2025-08-14 06:30:36", "elapsed": 74564.60085558891, "delta": 43.863662004470825}, "costs": {"total_cost": 934.2386682052477, "time_cost": 150, "final_distance_cost": 45.81884422399049, "oscillation_cost": 510.19619548363227, "completition_cost": 111.11111111111116, "overshoot_cost": 52.786175349015664, "power_cost": 35.451466015625, "noise_cost": 28.874876021873057, "n_waypoints_completed": 8, "tot_waypoints": 9}}
{"target": -512.6733017866953, "params": {"k_pid_pos": [0.7200090889425712, 0.0010112018802845846, 0.9530280824853853], "k_pid_alt": [1.801352667818889, 0.5645621661268724, 0.36566039508371606], "k_pid_att": [12.924069904684421, 0.9390951042337607, 0.01764154794476458], "k_pid_yaw": [0.5, 1e-06, 0.1], "k_pid_hsp": [7.977941338097463, 0.9803048401161473, 0.1438644744339279], "k_pid_vsp": [274.59276504475093, 272.08883545398163, 47.4645534749184]}, "datetime": {"datetime": "2025-08-14 06:31:13", "elapsed": 74601.78968977928, "delta": 37.18883419036865}, "costs": {"total_cost": 512.6733017866953, "time_cost": 89.60000000000001, "final_distance_cost": 1.8312770975802315, "oscillation_cost": 319.06264146723777, "completition_cost": 0.0, "overshoot_cost": 53.259926930611364, "power_cost": 25.200252587890628, "noise_cost": 23.71920370337532, "n_waypoints_completed": 9, "tot_waypoints": 9}}
{"target": -834.5124285203752, "params": {"k_pid_pos": [0.567008709834588, 0.2515122240480715, 0.792421552271057], "k_pid_alt": [0.6996874125091641, 0.7049720697504726, 0.24279559799621242], "k_pid_att": [15.926157498191218, 0.9470502680147647, 0.2236821543391141], "k_pid_yaw": [0.5, 1e-06, 0.1], "k_pid_hsp": [3.4232431461976884, 0.7040838872670783, 0.3092652253851472], "k_pid_vsp": [320.8067729098227, 352.1477645134477, 105.30082425431398]}, "datetime": {"datetime": "2025-08-14 06:32:10", "elapsed": 74658.48937344551, "delta": 56.69968366622925}, "costs": {"total_cost": 834.5124285203752, "time_cost": 150, "final_distance_cost": 66.1014945815598, "oscillation_cost": 393.95926519223485, "completition_cost": 111.11111111111116, "overshoot_cost": 53.80469654543847, "power_cost": 30.34286036376953, "noise_cost": 29.193000726261396, "n_waypoints_completed": 8, "tot_waypoints": 9}}
{"target": -1501.4777564846102, "params": {"k_pid_pos": [0.02834451048064844, 0.5938248526025987, 0.4369811943274604], "k_pid_alt": [0.09215586565340983, 0.29255789167071655, 0.3585206732321743], "k_pid_att": [7.021961796817344, 3.379373484385023, 0.10551077434548717], "k_pid_yaw": [0.5, 1e-06, 0.1], "k_pid_hsp": [6.362089724875046, 0.3436600155958006, 0.6820257533954122], "k_pid_vsp": [311.9030839482488, 327.9519953640104, 111.33154717979329]}, "datetime": {"datetime": "2025-08-14 06:33:02", "elapsed": 74710.58929800987, "delta": 52.09992456436157}, "costs": {"total_cost": 1501.4777564846102, "time_cost": 150, "final_distance_cost": 73.4909856480837, "oscillation_cost": 292.3509153666184, "completition_cost": 888.8888888888888, "overshoot_cost": 40.22560260319386, "power_cost": 29.600863305664063, "noise_cost": 26.920500672161356, "n_waypoints_completed": 1, "tot_waypoints": 9}}
{"target": -333.47724656769327, "params": {"k_pid_pos": [1.2435818147464928, 0.8127406135581746, 0.8268177473532075], "k_pid_alt": [0.8726433267113225, 0.8229698524104714, 0.9374879547848511], "k_pid_att": [23.961619602096494, 3.101751399938769, 0.6150520609501053], "k_pid_yaw": [0.5, 1e-06, 0.1], "k_pid_hsp": [5.927792862234781, 0.33569138299859713, 0.03524455568054852], "k_pid_vsp": [271.2508915775448, 331.9114478188291, 105.13923357800834]}, "datetime": {"datetime": "2025-08-14 06:33:41", "elapsed": 74749.41455054283, "delta": 38.825252532958984}, "costs": {"total_cost": 333.47724656769327, "time_cost": 101.36, "final_distance_cost": 1.7911280665844083, "oscillation_cost": 121.12672210109318, "completition_cost": 0.0, "overshoot_cost": 57.55559005281883, "power_cost": 27.16861297607422, "noise_cost": 24.475193371122675, "n_waypoints_completed": 9, "tot_waypoints": 9}}
{"target": -1701.705509398139, "params": {"k_pid_pos": [0.7546453916712319, 0.25605705891905195, 0.7916285999291968], "k_pid_alt": [0.623930349059773, 0.5674649338950114, 0.8736592612163486], "k_pid_att": [6.592220407819749, 6.637781191147572, 0.030766545611231266], "k_pid_yaw": [0.5, 1e-06, 0.1], "k_pid_hsp": [4.324191625618135, 0.037076726488582956, 0.9934201299464641], "k_pid_vsp": [283.0121910008842, 327.9370774811883, 100.46279635145045]}, "datetime": {"datetime": "2025-08-14 06:34:26", "elapsed": 74794.53263521194, "delta": 45.11808466911316}, "costs": {"total_cost": 1701.705509398139, "time_cost": 150, "final_distance_cost": 78.68294618263012, "oscillation_cost": 473.6383399432881, "completition_cost": 777.7777777777778, "overshoot_cost": 109.89055710084835, "power_cost": 48.74892575683594, "noise_cost": 62.966962636758616, "n_waypoints_completed": 2, "tot_waypoints": 9}}
{"target": -774.4513681624194, "params": {"k_pid_pos": [1.072134459739708, 0.48899758526989323, 0.8411036019792513], "k_pid_alt": [0.2518774862425086, 0.008537604647665065, 0.6487296890545132], "k_pid_att": [13.157719453948058, 1.7621020446934765, 0.8501148110374507], "k_pid_yaw": [0.5, 1e-06, 0.1], "k_pid_hsp": [6.636022581899743, 0.48730956227519495, 0.7272399935435793], "k_pid_vsp": [288.7553108555326, 342.0845148595505, 107.68983843324374]}, "datetime": {"datetime": "2025-08-14 06:35:10", "elapsed": 74838.82981204987, "delta": 44.29717683792114}, "costs": {"total_cost": 774.4513681624194, "time_cost": 150, "final_distance_cost": 41.004492471170934, "oscillation_cost": 351.7422996287485, "completition_cost": 111.11111111111116, "overshoot_cost": 56.20393660967886, "power_cost": 34.89153846435547, "noise_cost": 29.497989877354406, "n_waypoints_completed": 8, "tot_waypoints": 9}}
