{"target": -381.6617455294346, "params": {"k_pid_pos": [1.7387207555089554, 0.7950296395370682, 0.011254830292305562], "k_pid_alt": [0.863464355761596, 0.4849012309546554, 0.031381501912888465], "k_pid_att": [9.119554229662086, 4.998896073876682, 0.9235585808579932], "k_pid_yaw": [0.5, 1e-06, 0.1], "k_pid_hsp": [9.163405545391646, 0.25785700136158496, 0.8138339831724511], "k_pid_vsp": [272.4308073722624, 278.7041947415875, 45.87815154655969]}, "datetime": {"datetime": "2025-08-13 18:40:26", "elapsed": 31954.356639385223, "delta": 30.188713550567627}, "costs": {"total_cost": 381.6617455294346, "time_cost": 113.526, "final_distance_cost": 1.7469247133424, "oscillation_cost": 133.9276136510006, "completition_cost": 0.0, "overshoot_cost": 71.48448473872062, "power_cost": 30.50938505859375, "noise_cost": 30.46733736777723, "n_waypoints_completed": 9, "tot_waypoints": 9}}
{"target": -581.4827527163523, "params": {"k_pid_pos": [1.9155614034788484, 0.8563273048263242, 0.7137442648193373], "k_pid_alt": [1.8087168568082237, 0.906444535889677, 0.975233624521005], "k_pid_att": [42.58302170566574, 9.739656959168705, 0.12571111999442974], "k_pid_yaw": [0.5, 1e-06, 0.1], "k_pid_hsp": [5.394640668186157, 0.01647272969541147, 0.8916376616959114], "k_pid_vsp": [92.34182037582448, 355.6003862890714, 40.31964461970858]}, "datetime": {"datetime": "2025-08-13 18:40:55", "elapsed": 31983.821900367737, "delta": 29.465260982513428}, "costs": {"total_cost": 581.4827527163523, "time_cost": 110.985, "final_distance_cost": 1.7683680572930423, "oscillation_cost": 337.07832465886315, "completition_cost": 0.0, "overshoot_cost": 60.61160288693658, "power_cost": 38.54290115966797, "noise_cost": 32.496555953591496, "n_waypoints_completed": 9, "tot_waypoints": 9}}
{"target": -980.6188522962005, "params": {"k_pid_pos": [1.7396060200639067, 0.2449662135785673, 0.2259173631238186], "k_pid_alt": [1.7057100420785136, 0.5749856647199407, 0.604179718762345], "k_pid_att": [11.290668663900993, 3.8226106434956715, 0.17368433217631007], "k_pid_yaw": [0.5, 1e-06, 0.1], "k_pid_hsp": [0.7815424449151622, 0.10965952114422828, 0.8789009380273507], "k_pid_vsp": [277.2230131310368, 339.3385821108594, 114.97820761339892]}, "datetime": {"datetime": "2025-08-13 18:41:27", "elapsed": 32015.412759542465, "delta": 31.590859174728394}, "costs": {"total_cost": 980.6188522962005, "time_cost": 150, "final_distance_cost": 63.804178996985804, "oscillation_cost": 430.02640461614226, "completition_cost": 222.2222222222222, "overshoot_cost": 57.30932343881224, "power_cost": 29.85290633544922, "noise_cost": 27.403816686588762, "n_waypoints_completed": 7, "tot_waypoints": 9}}
{"target": -1183.3782152606673, "params": {"k_pid_pos": [0.8401128404386193, 0.9242682677157081, 0.722224215059505], "k_pid_alt": [0.07027062956588104, 0.42872687412569876, 0.8131828263924518], "k_pid_att": [42.2363528857446, 6.959486279529516, 0.2424030914328461], "k_pid_yaw": [0.5, 1e-06, 0.1], "k_pid_hsp": [4.328682330538292, 0.17591380579480653, 0.10554577065035309], "k_pid_vsp": [77.31786897138089, 356.2277698862843, 32.33690903218913]}, "datetime": {"datetime": "2025-08-13 18:41:59", "elapsed": 32047.600395441055, "delta": 32.18763589859009}, "costs": {"total_cost": 1183.3782152606673, "time_cost": 150, "final_distance_cost": 81.38474362617272, "oscillation_cost": 501.68390471714, "completition_cost": 333.33333333333337, "overshoot_cost": 57.21362837642265, "power_cost": 30.61606667480469, "noise_cost": 29.146538532793674, "n_waypoints_completed": 6, "tot_waypoints": 9}}
{"target": -490.80008631070393, "params": {"k_pid_pos": [1.7080748341984728, 0.3955533327244941, 0.5789859053212965], "k_pid_alt": [1.2673283852836152, 0.6067321231201263, 0.3253058781522531], "k_pid_att": [33.955080484550855, 3.606057346236476, 0.5117826838618208], "k_pid_yaw": [0.5, 1e-06, 0.1], "k_pid_hsp": [5.872589274034477, 0.7724157484937572, 0.4707642670239368], "k_pid_vsp": [104.12295430087228, 355.0833352818351, 50.18901834498278]}, "datetime": {"datetime": "2025-08-13 18:42:23", "elapsed": 32071.75039792061, "delta": 24.150002479553223}, "costs": {"total_cost": 490.80008631070393, "time_cost": 88.032, "final_distance_cost": 1.759646507509087, "oscillation_cost": 305.4674039860872, "completition_cost": 0.0, "overshoot_cost": 52.46519954516501, "power_cost": 21.67796031494141, "noise_cost": 21.397875957001276, "n_waypoints_completed": 9, "tot_waypoints": 9}}
{"target": -465.5540167835279, "params": {"k_pid_pos": [1.561031502670286, 0.7590535323964446, 0.1998585996893537], "k_pid_alt": [1.5531859098984109, 0.09136558724731514, 0.5104643271976513], "k_pid_att": [9.956548060766723, 0.8422371990965201, 0.4952358604516802], "k_pid_yaw": [0.5, 1e-06, 0.1], "k_pid_hsp": [4.572517372279731, 0.9620635467289235, 0.00548673502696273], "k_pid_vsp": [197.57778146296835, 299.6807400473928, 6.409269105055301]}, "datetime": {"datetime": "2025-08-13 18:42:56", "elapsed": 32104.56769132614, "delta": 32.81729340553284}, "costs": {"total_cost": 465.5540167835279, "time_cost": 150, "final_distance_cost": 32.58573855736654, "oscillation_cost": 68.45033259476033, "completition_cost": 111.11111111111116, "overshoot_cost": 53.77220885961865, "power_cost": 18.214852587890626, "noise_cost": 31.419773072780632, "n_waypoints_completed": 8, "tot_waypoints": 9}}
{"target": -335.59275037180606, "params": {"k_pid_pos": [1.3544060869719425, 0.9649264548282034, 0.6508089437199454], "k_pid_alt": [0.6466017101636781, 0.1836314070873707, 0.7556056157725497], "k_pid_att": [3.93838694210471, 3.7075072919145704, 0.6763520288585552], "k_pid_yaw": [0.5, 1e-06, 0.1], "k_pid_hsp": [7.296288177676836, 0.22961677982436468, 0.9592724279447884], "k_pid_vsp": [255.77606540937387, 275.22113330053793, 47.98731600375807]}, "datetime": {"datetime": "2025-08-13 18:43:23", "elapsed": 32131.771960258484, "delta": 27.20426893234253}, "costs": {"total_cost": 335.59275037180606, "time_cost": 99.008, "final_distance_cost": 1.7772905838744109, "oscillation_cost": 124.31951526803907, "completition_cost": 0.0, "overshoot_cost": 60.13226039623618, "power_cost": 27.04006075439453, "noise_cost": 23.315623369261903, "n_waypoints_completed": 9, "tot_waypoints": 9}}
{"target": -1377.6319557373074, "params": {"k_pid_pos": [0.0348216298096329, 0.34346902170053406, 0.06898531044479062], "k_pid_alt": [0.6026128987598462, 0.8305263560327658, 0.7582725885665846], "k_pid_att": [13.83701734130387, 8.498839757665461, 0.4543538107976247], "k_pid_yaw": [0.5, 1e-06, 0.1], "k_pid_hsp": [9.6611336017034, 0.8497557098164054, 0.5649975779192394], "k_pid_vsp": [318.9062853948709, 320.2417416699738, 98.37693213769191]}, "datetime": {"datetime": "2025-08-13 18:43:55", "elapsed": 32163.72833442688, "delta": 31.956374168395996}, "costs": {"total_cost": 1377.6319557373074, "time_cost": 150, "final_distance_cost": 91.6665173492309, "oscillation_cost": 262.64652674856836, "completition_cost": 777.7777777777778, "overshoot_cost": 42.1863949909306, "power_cost": 27.22244732666016, "noise_cost": 26.132291544139346, "n_waypoints_completed": 2, "tot_waypoints": 9}}
{"target": -314.85456369597654, "params": {"k_pid_pos": [0.5827133341113613, 0.4842895067938894, 0.6275334311567409], "k_pid_alt": [1.6724686598368135, 0.029128708748358823, 0.919122955692711], "k_pid_att": [6.327843320521298, 1.1422183716591443, 0.7485851482761242], "k_pid_yaw": [0.5, 1e-06, 0.1], "k_pid_hsp": [2.2349955402777026, 0.3400992206172444, 0.4408867463408117], "k_pid_vsp": [168.05111443943775, 17.473033629536022, 11.987084363247794]}, "datetime": {"datetime": "2025-08-13 18:44:23", "elapsed": 32191.282472848892, "delta": 27.55413842201233}, "costs": {"total_cost": 314.85456369597654, "time_cost": 95.858, "final_distance_cost": 1.8177262886596655, "oscillation_cost": 114.70763623010626, "completition_cost": 0.0, "overshoot_cost": 54.6177468160089, "power_cost": 23.7204212890625, "noise_cost": 24.133033072139185, "n_waypoints_completed": 9, "tot_waypoints": 9}}
{"target": -401.1319895436207, "params": {"k_pid_pos": [1.5421441452460256, 0.2335360035306654, 0.6369023713422165], "k_pid_alt": [0.9900547719508828, 0.8829616735168876, 0.8348332964981777], "k_pid_att": [12.903424758808146, 4.859150797973213, 0.7096027690760625], "k_pid_yaw": [0.5, 1e-06, 0.1], "k_pid_hsp": [8.093368158731831, 0.1752191797477225, 0.7331723990230016], "k_pid_vsp": [300.8839392045097, 338.92477074808886, 113.82942293768151]}, "datetime": {"datetime": "2025-08-13 18:44:47", "elapsed": 32215.434425354004, "delta": 24.151952505111694}, "costs": {"total_cost": 401.1319895436207, "time_cost": 89.509, "final_distance_cost": 1.7744908970035018, "oscillation_cost": 207.4459475753392, "completition_cost": 0.0, "overshoot_cost": 56.863415988135024, "power_cost": 23.91654481201172, "noise_cost": 21.622590271131205, "n_waypoints_completed": 9, "tot_waypoints": 9}}
{"target": -727.02150060957, "params": {"k_pid_pos": [0.496215508198871, 0.08043976053302637, 0.12984137766252268], "k_pid_alt": [1.8821496531521347, 0.16097710886455685, 0.9859817842565067], "k_pid_att": [38.917973562832884, 0.0394354438957938, 0.7658869143011405], "k_pid_yaw": [0.5, 1e-06, 0.1], "k_pid_hsp": [5.551685965453119, 0.011461534599584877, 0.19411943156821976], "k_pid_vsp": [107.79431346102358, 352.1212063409966, 51.73591395188329]}, "datetime": {"datetime": "2025-08-13 18:45:19", "elapsed": 32247.16011238098, "delta": 31.72568702697754}, "costs": {"total_cost": 727.02150060957, "time_cost": 119.406, "final_distance_cost": 1.7863598562242888, "oscillation_cost": 480.07473016405925, "completition_cost": 0.0, "overshoot_cost": 54.894876011445035, "power_cost": 39.49077954101563, "noise_cost": 31.368755036825714, "n_waypoints_completed": 9, "tot_waypoints": 9}}
{"target": -1003.6321929440709, "params": {"k_pid_pos": [0.2724431368244181, 0.3000146010225039, 0.8453461139089345], "k_pid_alt": [1.198781419442444, 0.14421814651877374, 0.557812731455362], "k_pid_att": [13.225526411469401, 1.21473638909683, 0.14754681768468703], "k_pid_yaw": [0.5, 1e-06, 0.1], "k_pid_hsp": [1.9373072036959085, 0.23551141126259156, 0.4949880440581391], "k_pid_vsp": [158.55441587046127, 1.0474013910674145, 19.222779744148742]}, "datetime": {"datetime": "2025-08-13 18:45:52", "elapsed": 32279.97011780739, "delta": 32.81000542640686}, "costs": {"total_cost": 1003.6321929440709, "time_cost": 150, "final_distance_cost": 69.35750444261953, "oscillation_cost": 456.29324514139216, "completition_cost": 222.2222222222222, "overshoot_cost": 53.96321614669546, "power_cost": 25.145268774414063, "noise_cost": 26.650736216727474, "n_waypoints_completed": 7, "tot_waypoints": 9}}
{"target": -1286.7694543296884, "params": {"k_pid_pos": [0.008070877095740848, 0.6269662318033133, 0.5905745219721241], "k_pid_alt": [0.02206078442942827, 0.171418666388788, 0.055272446494940786], "k_pid_att": [13.272825820951406, 2.865931869090455, 0.6204656826811236], "k_pid_yaw": [0.5, 1e-06, 0.1], "k_pid_hsp": [7.206845238258248, 0.6958223637239305, 0.8106094913809186], "k_pid_vsp": [161.02876735747338, 28.188767050156237, 19.048247989015195]}, "datetime": {"datetime": "2025-08-13 18:46:25", "elapsed": 32313.178511619568, "delta": 33.208393812179565}, "costs": {"total_cost": 1286.7694543296884, "time_cost": 150, "final_distance_cost": 54.92114658768316, "oscillation_cost": 281.84138990227945, "completition_cost": 666.6666666666667, "overshoot_cost": 68.69068947271266, "power_cost": 31.113166760253907, "noise_cost": 33.53639494009265, "n_waypoints_completed": 3, "tot_waypoints": 9}}
{"target": -420.9587051453832, "params": {"k_pid_pos": [1.402053750759765, 0.8559808703207357, 0.22626057912740283], "k_pid_alt": [1.2852536789396054, 0.637790464772698, 0.012896839958185913], "k_pid_att": [12.494548373312364, 7.987116247059513, 0.49120417572647945], "k_pid_yaw": [0.5, 1e-06, 0.1], "k_pid_hsp": [8.911569607036522, 0.33903458182390855, 0.49374184475546634], "k_pid_vsp": [163.45010709488847, 12.077245362462717, 23.44551258348578]}, "datetime": {"datetime": "2025-08-13 18:46:54", "elapsed": 32342.04815363884, "delta": 28.86964201927185}, "costs": {"total_cost": 420.9587051453832, "time_cost": 101.955, "final_distance_cost": 1.7814756049965985, "oscillation_cost": 204.26270125372943, "completition_cost": 0.0, "overshoot_cost": 60.21443669008597, "power_cost": 26.439939916992188, "noise_cost": 26.305151679579, "n_waypoints_completed": 9, "tot_waypoints": 9}}
{"target": -432.89700905448206, "params": {"k_pid_pos": [0.9963546340475156, 0.4975730041667966, 0.07955643070744356], "k_pid_alt": [1.9086908146879125, 0.14981513919871792, 0.19596981877673947], "k_pid_att": [9.29267362342806, 1.310477151438566, 0.4421793358965548], "k_pid_yaw": [0.5, 1e-06, 0.1], "k_pid_hsp": [5.10331159357242, 0.8137392023995466, 0.6691984808522409], "k_pid_vsp": [172.70302789459407, 3.341478349233937, 13.432808376737894]}, "datetime": {"datetime": "2025-08-13 18:47:22", "elapsed": 32370.379102945328, "delta": 28.330949306488037}, "costs": {"total_cost": 432.89700905448206, "time_cost": 106.904, "final_distance_cost": 1.7608999208388922, "oscillation_cost": 210.16467151703296, "completition_cost": 0.0, "overshoot_cost": 55.10865340153794, "power_cost": 30.50635546875, "noise_cost": 28.452428746322333, "n_waypoints_completed": 9, "tot_waypoints": 9}}
{"target": -330.2908990654916, "params": {"k_pid_pos": [1.4420196117601223, 0.629093941034443, 0.5638214554222822], "k_pid_alt": [1.265574770524645, 0.5266323771318532, 0.45570558012305246], "k_pid_att": [10.97909533096152, 4.007765207966051, 0.726422205661276], "k_pid_yaw": [0.5, 1e-06, 0.1], "k_pid_hsp": [6.51478254934172, 0.481737075319028, 0.2939027389004934], "k_pid_vsp": [166.62906576337943, 29.755628485033213, 9.072765809971793]}, "datetime": {"datetime": "2025-08-13 18:47:44", "elapsed": 32392.908438682556, "delta": 22.529335737228394}, "costs": {"total_cost": 330.2908990654916, "time_cost": 79.751, "final_distance_cost": 1.7694638048676548, "oscillation_cost": 159.23561083623125, "completition_cost": 0.0, "overshoot_cost": 51.37933577588533, "power_cost": 16.782857446289064, "noise_cost": 21.372631202218283, "n_waypoints_completed": 9, "tot_waypoints": 9}}
{"target": -1105.471692002617, "params": {"k_pid_pos": [0.7918301665027854, 0.05061298187157137, 0.7251994647247224], "k_pid_alt": [1.737629755683636, 0.061503642045619755, 0.28921523852780107], "k_pid_att": [6.7988037236316075, 8.377252004534322, 0.1069688111831909], "k_pid_yaw": [0.5, 1e-06, 0.1], "k_pid_hsp": [2.045425144604862, 0.04407225550451033, 0.9128071045727739], "k_pid_vsp": [313.6810126485271, 344.7501652312738, 105.18585228476299]}, "datetime": {"datetime": "2025-08-13 18:48:17", "elapsed": 32425.006843090057, "delta": 32.09840440750122}, "costs": {"total_cost": 1105.471692002617, "time_cost": 150, "final_distance_cost": 73.49245449527483, "oscillation_cost": 447.77387573359124, "completition_cost": 333.33333333333337, "overshoot_cost": 52.32711438477116, "power_cost": 24.232280603027345, "noise_cost": 24.31263345261885, "n_waypoints_completed": 6, "tot_waypoints": 9}}
{"target": -392.46346059470085, "params": {"k_pid_pos": [1.9215708811114336, 0.1787966619572608, 0.7189946792186737], "k_pid_alt": [1.6204263816488502, 0.6384582640051045, 0.0186789077837402], "k_pid_att": [12.888197508571634, 9.452836457670758, 0.17911654506440297], "k_pid_yaw": [0.5, 1e-06, 0.1], "k_pid_hsp": [7.923823285655356, 0.47696832507399317, 0.04265564972448146], "k_pid_vsp": [167.58939555400377, 15.100197201528182, 23.3284744014394]}, "datetime": {"datetime": "2025-08-13 18:48:39", "elapsed": 32447.70596909523, "delta": 22.69912600517273}, "costs": {"total_cost": 392.46346059470085, "time_cost": 80.09400000000001, "final_distance_cost": 1.7803655689128932, "oscillation_cost": 215.53897279671963, "completition_cost": 0.0, "overshoot_cost": 53.21876145209232, "power_cost": 21.409845166015625, "noise_cost": 20.421515610960387, "n_waypoints_completed": 9, "tot_waypoints": 9}}
{"target": -1291.217835055611, "params": {"k_pid_pos": [0.013524078654370114, 0.7098642816010404, 0.5193154149781646], "k_pid_alt": [0.6554965368631276, 0.30334145584891004, 0.760776398743974], "k_pid_att": [6.145645951405809, 4.55541901713709, 0.39737876925215865], "k_pid_yaw": [0.5, 1e-06, 0.1], "k_pid_hsp": [5.516203856551244, 0.9013587162228739, 0.5208808927545366], "k_pid_vsp": [298.30197951598404, 336.8323004472379, 106.87323678970508]}, "datetime": {"datetime": "2025-08-13 18:49:11", "elapsed": 32479.36522078514, "delta": 31.65925168991089}, "costs": {"total_cost": 1291.217835055611, "time_cost": 150, "final_distance_cost": 54.30019312789507, "oscillation_cost": 277.1363334157745, "completition_cost": 666.6666666666667, "overshoot_cost": 65.52434194775724, "power_cost": 43.92721538085938, "noise_cost": 33.66308451665813, "n_waypoints_completed": 3, "tot_waypoints": 9}}
{"target": -1629.15027654628, "params": {"k_pid_pos": [0.6420626735555546, 0.11296057751333044, 0.9005131011390954], "k_pid_alt": [0.7355964866045952, 0.2792001056009512, 0.0794046126278738], "k_pid_att": [1.419453093790879, 5.731547944515207, 0.6981078693993511], "k_pid_yaw": [0.5, 1e-06, 0.1], "k_pid_hsp": [7.877722746603448, 0.7920495364160074, 0.9907448909635315], "k_pid_vsp": [287.82531555243736, 290.0666102531655, 71.45762854363024]}, "datetime": {"datetime": "2025-08-13 18:49:44", "elapsed": 32512.502098798752, "delta": 33.13687801361084}, "costs": {"total_cost": 1629.15027654628, "time_cost": 150, "final_distance_cost": 79.53035952159435, "oscillation_cost": 465.81578959690705, "completition_cost": 777.7777777777778, "overshoot_cost": 64.7267695397867, "power_cost": 53.9234256225586, "noise_cost": 37.37615448765533, "n_waypoints_completed": 2, "tot_waypoints": 9}}
{"target": -865.9806882611206, "params": {"k_pid_pos": [0.0699213915294188, 0.46982543392425535, 0.2524699836293073], "k_pid_alt": [1.9461038724377249, 0.9789475687520113, 0.8962797245384965], "k_pid_att": [4.881234186791838, 2.2458326915229425, 0.8323777346634584], "k_pid_yaw": [0.5, 1e-06, 0.1], "k_pid_hsp": [9.18121758997832, 0.460346558900505, 0.23155775204810647], "k_pid_vsp": [284.4524490127175, 275.7783890871807, 41.12915875986426]}, "datetime": {"datetime": "2025-08-13 18:50:21", "elapsed": 32549.734995365143, "delta": 37.23289656639099}, "costs": {"total_cost": 865.9806882611206, "time_cost": 150, "final_distance_cost": 54.06890001280139, "oscillation_cost": 108.10534955345501, "completition_cost": 444.4444444444444, "overshoot_cost": 51.919716731907094, "power_cost": 30.45246286621094, "noise_cost": 26.989814652301728, "n_waypoints_completed": 5, "tot_waypoints": 9}}
{"target": -1075.2772930447156, "params": {"k_pid_pos": [0.42691621087820786, 0.25942776699927883, 0.1952722412301603], "k_pid_alt": [1.7102686488650707, 0.39486176602394696, 0.21999242890184745], "k_pid_att": [25.09181294008127, 6.158944464111564, 0.3255136927950085], "k_pid_yaw": [0.5, 1e-06, 0.1], "k_pid_hsp": [3.1834794708721303, 0.11110556933904625, 0.16180384642632872], "k_pid_vsp": [165.08356334932876, 23.839481375043846, 0.5255971276112306]}, "datetime": {"datetime": "2025-08-13 18:50:53", "elapsed": 32581.356667280197, "delta": 31.62167191505432}, "costs": {"total_cost": 1075.2772930447156, "time_cost": 150, "final_distance_cost": 71.90915479160833, "oscillation_cost": 504.6723783604181, "completition_cost": 222.2222222222222, "overshoot_cost": 50.271805808206835, "power_cost": 41.84195734863282, "noise_cost": 34.359774513627336, "n_waypoints_completed": 7, "tot_waypoints": 9}}
{"target": -280.9715698374428, "params": {"k_pid_pos": [1.3411529563398696, 0.5525995885527294, 0.8423299247857133], "k_pid_alt": [0.5412324238277066, 0.2336986680681037, 0.023004441640945172], "k_pid_att": [6.919593083889941, 0.9159284796543007, 0.7723505002154529], "k_pid_yaw": [0.5, 1e-06, 0.1], "k_pid_hsp": [6.258735386302308, 0.9491808882757721, 0.16709158362699283], "k_pid_vsp": [169.40181015312555, 12.34336149568612, 20.189676457613025]}, "datetime": {"datetime": "2025-08-13 18:51:18", "elapsed": 32606.61961722374, "delta": 25.26294994354248}, "costs": {"total_cost": 280.9715698374428, "time_cost": 86.877, "final_distance_cost": 1.7462363995495307, "oscillation_cost": 94.82010774647283, "completition_cost": 0.0, "overshoot_cost": 53.01197634614063, "power_cost": 23.150844165039064, "noise_cost": 21.365405180240753, "n_waypoints_completed": 9, "tot_waypoints": 9}}
{"target": -611.8786711311276, "params": {"k_pid_pos": [0.685188300117407, 0.47456747278398936, 0.6307683594956123], "k_pid_alt": [1.764984509711031, 0.9817726683128607, 0.32237777642876797], "k_pid_att": [40.063224660609876, 9.651769601740753, 0.15682564841594415], "k_pid_yaw": [0.5, 1e-06, 0.1], "k_pid_hsp": [5.246284772519181, 0.38873327032494287, 0.5767670654777778], "k_pid_vsp": [244.23231777665274, 290.1676987700821, 51.59815123008402]}, "datetime": {"datetime": "2025-08-13 18:51:46", "elapsed": 32634.77464199066, "delta": 28.155024766921997}, "costs": {"total_cost": 611.8786711311276, "time_cost": 104.552, "final_distance_cost": 1.7802748428086894, "oscillation_cost": 388.0887575155427, "completition_cost": 0.0, "overshoot_cost": 59.94403994459588, "power_cost": 30.490215747070312, "noise_cost": 27.023383081109948, "n_waypoints_completed": 9, "tot_waypoints": 9}}
