{"target": -385.3087602648591, "params": {"k_pid_pos": [1.4370963386178608, 0.09728969119312092, 0.9540408506182958], "k_pid_alt": [1.6276271163173572, 0.6693093644833134, 0.944026984583551], "k_pid_att": [9.963331782187568, 4.638930025479103, 0.9830915919990175], "k_pid_yaw": [0.5, 1e-06, 0.1], "k_pid_hsp": [4.407921162167328, 0.15933728929648228, 0.7145193870420141], "k_pid_vsp": [286.64085464217425, 275.4482831052274, 72.59690277987522]}, "datetime": {"datetime": "2025-08-14 01:25:15", "elapsed": 56243.74978351593, "delta": 34.72072148323059}, "costs": {"total_cost": 385.3087602648591, "time_cost": 87.437, "final_distance_cost": 1.7621831293088688, "oscillation_cost": 195.17316905304455, "completition_cost": 0.0, "overshoot_cost": 55.46470112084324, "power_cost": 23.799245275878906, "noise_cost": 21.672461685783524, "n_waypoints_completed": 9, "tot_waypoints": 9}}
{"target": -819.2176218204124, "params": {"k_pid_pos": [0.552446885022401, 0.12875587148761813, 0.8972865989151841], "k_pid_alt": [1.4284552938038189, 0.624909465919941, 0.2395416711971523], "k_pid_att": [19.613506481729146, 0.7133740571386592, 0.8462166260095023], "k_pid_yaw": [0.5, 1e-06, 0.1], "k_pid_hsp": [3.6811790686267862, 0.12153191289265652, 0.3674472017980852], "k_pid_vsp": [314.2607501995487, 351.43291192834056, 116.73751788559655]}, "datetime": {"datetime": "2025-08-14 01:25:58", "elapsed": 56286.46989631653, "delta": 42.720112800598145}, "costs": {"total_cost": 819.2176218204124, "time_cost": 150, "final_distance_cost": 32.06880975172623, "oscillation_cost": 368.6464685961471, "completition_cost": 111.11111111111116, "overshoot_cost": 69.03680651761654, "power_cost": 43.51330264892578, "noise_cost": 44.841123194885526, "n_waypoints_completed": 8, "tot_waypoints": 9}}
{"target": -904.8292392013318, "params": {"k_pid_pos": [1.276221340893223, 0.8386523729427938, 0.6005449611106913], "k_pid_alt": [0.169199572525065, 0.9633607395129057, 0.25162867027807445], "k_pid_att": [27.3859780334635, 3.6990167266842575, 0.002170960386902454], "k_pid_yaw": [0.5, 1e-06, 0.1], "k_pid_hsp": [5.487424885821281, 0.5397547602549554, 0.4135906817188998], "k_pid_vsp": [316.59926929012494, 322.6414835218663, 86.30992847503873]}, "datetime": {"datetime": "2025-08-14 01:26:35", "elapsed": 56323.9446618557, "delta": 37.47476553916931}, "costs": {"total_cost": 904.8292392013318, "time_cost": 150, "final_distance_cost": 67.02976224317223, "oscillation_cost": 448.4002520217467, "completition_cost": 111.11111111111116, "overshoot_cost": 62.54432199400584, "power_cost": 35.12642862548828, "noise_cost": 30.617363205807496, "n_waypoints_completed": 8, "tot_waypoints": 9}}
{"target": -957.0239633593684, "params": {"k_pid_pos": [0.4346347339681698, 0.8365658499887094, 0.6946917332074456], "k_pid_alt": [1.558787196450174, 0.469556467782657, 0.5862581541073971], "k_pid_att": [16.11535526830088, 2.332212794640088, 0.9834315745407458], "k_pid_yaw": [0.5, 1e-06, 0.1], "k_pid_hsp": [6.531607175683381, 0.5752303227534615, 0.6760895903088293], "k_pid_vsp": [201.26627017463844, 299.24610439543886, 9.870705225011983]}, "datetime": {"datetime": "2025-08-14 01:27:17", "elapsed": 56365.23662018776, "delta": 41.29195833206177}, "costs": {"total_cost": 957.0239633593684, "time_cost": 150, "final_distance_cost": 78.10771759696728, "oscillation_cost": 283.4064403185784, "completition_cost": 333.33333333333337, "overshoot_cost": 46.03533438239085, "power_cost": 34.22694190673828, "noise_cost": 31.9141958213602, "n_waypoints_completed": 6, "tot_waypoints": 9}}
{"target": -854.5445141744351, "params": {"k_pid_pos": [0.8592517893424875, 0.906247930558653, 0.47005357420816807], "k_pid_alt": [1.9182091558562753, 0.12596692213753136, 0.45033731722813275], "k_pid_att": [8.184008570918289, 1.4020446027834252, 0.04677895091564832], "k_pid_yaw": [0.5, 1e-06, 0.1], "k_pid_hsp": [3.267407822354323, 0.9793564833659011, 0.16602512511786904], "k_pid_vsp": [157.71028935979393, 22.812264630815665, 6.275154502154896]}, "datetime": {"datetime": "2025-08-14 01:27:55", "elapsed": 56403.0072145462, "delta": 37.770594358444214}, "costs": {"total_cost": 854.5445141744351, "time_cost": 150, "final_distance_cost": 66.28253354571747, "oscillation_cost": 319.0283570980075, "completition_cost": 222.2222222222222, "overshoot_cost": 45.44946401063731, "power_cost": 20.056375231933593, "noise_cost": 31.50556206591712, "n_waypoints_completed": 7, "tot_waypoints": 9}}
{"target": -474.46177876751995, "params": {"k_pid_pos": [1.3295787597075994, 0.7542095310214413, 0.511894490554553], "k_pid_alt": [1.7327765801259656, 0.9365919749757821, 0.646202167385284], "k_pid_att": [20.089225553436265, 6.758824323669612, 0.8688422911381024], "k_pid_yaw": [0.5, 1e-06, 0.1], "k_pid_hsp": [4.5135735850901, 0.7175212816915593, 0.5889081485692763], "k_pid_vsp": [321.41688098981575, 329.2723417635923, 103.32217802105771]}, "datetime": {"datetime": "2025-08-14 01:28:30", "elapsed": 56438.09497356415, "delta": 35.087759017944336}, "costs": {"total_cost": 474.46177876751995, "time_cost": 101.47200000000001, "final_distance_cost": 1.7755273063060486, "oscillation_cost": 261.2916943441854, "completition_cost": 0.0, "overshoot_cost": 54.35329733995996, "power_cost": 30.17291190185547, "noise_cost": 25.39634787521311, "n_waypoints_completed": 9, "tot_waypoints": 9}}
{"target": -804.8897340232448, "params": {"k_pid_pos": [0.4798302041490234, 0.02822846606456697, 0.9737441221386853], "k_pid_alt": [0.8670218785601824, 0.7208231775284487, 0.612440339730191], "k_pid_att": [24.895242037409492, 6.644824766592081, 0.03833339186793716], "k_pid_yaw": [0.5, 1e-06, 0.1], "k_pid_hsp": [4.103335797193791, 0.5220457178568699, 0.3117959787523473], "k_pid_vsp": [311.7512922382682, 340.6460356938063, 98.20739439790898]}, "datetime": {"datetime": "2025-08-14 01:29:11", "elapsed": 56479.44779586792, "delta": 41.35282230377197}, "costs": {"total_cost": 804.8897340232448, "time_cost": 112.952, "final_distance_cost": 1.8290702316651675, "oscillation_cost": 561.7194757686618, "completition_cost": 0.0, "overshoot_cost": 61.00655972869202, "power_cost": 35.97142268066406, "noise_cost": 31.41120561356183, "n_waypoints_completed": 9, "tot_waypoints": 9}}
{"target": -241.69357636825495, "params": {"k_pid_pos": [1.9995106607088822, 0.0, 0.2214197704048334], "k_pid_alt": [1.0835741355744704, 0.27996961632592676, 1.0], "k_pid_att": [14.45520320346865, 2.232985103626043, 1.0], "k_pid_yaw": [0.5, 1e-06, 0.1], "k_pid_hsp": [6.220931440138176, 0.0, 0.0], "k_pid_vsp": [192.05071204240488, 295.323911785646, 21.85842714008173]}, "datetime": {"datetime": "2025-08-14 01:29:42", "elapsed": 56510.21285200119, "delta": 30.765056133270264}, "costs": {"total_cost": 241.69357636825495, "time_cost": 85.70100000000001, "final_distance_cost": 1.7614850152595043, "oscillation_cost": 51.103399371372674, "completition_cost": 0.0, "overshoot_cost": 52.1172222400643, "power_cost": 26.67202880859375, "noise_cost": 24.338440932964676, "n_waypoints_completed": 9, "tot_waypoints": 9}}
{"target": -287.39174912935835, "params": {"k_pid_pos": [1.6544770520572323, 0.20224561723552792, 0.272822308358747], "k_pid_alt": [1.961919827945088, 0.9837491223778143, 0.31896401139678976], "k_pid_att": [13.419543840330617, 7.37439339231795, 0.7357806382893406], "k_pid_yaw": [0.5, 1e-06, 0.1], "k_pid_hsp": [1.6398592205579645, 0.8017895791285501, 0.11294675215687444], "k_pid_vsp": [159.7137977764155, 10.880282845877819, 23.4261527751694]}, "datetime": {"datetime": "2025-08-14 01:30:12", "elapsed": 56540.22490668297, "delta": 30.012054681777954}, "costs": {"total_cost": 287.39174912935835, "time_cost": 82.488, "final_distance_cost": 1.7464384180439911, "oscillation_cost": 107.33564036023112, "completition_cost": 0.0, "overshoot_cost": 53.12046190954644, "power_cost": 21.816554699707034, "noise_cost": 20.88465374182979, "n_waypoints_completed": 9, "tot_waypoints": 9}}
{"target": -986.636503624193, "params": {"k_pid_pos": [0.2568141585459901, 0.3641221060611225, 0.5026199162900988], "k_pid_alt": [1.2785805552543117, 0.8897834319739235, 0.3944472749093715], "k_pid_att": [9.451431125459797, 4.639545912433117, 0.18284935393606172], "k_pid_yaw": [0.5, 1e-06, 0.1], "k_pid_hsp": [5.6674933844555495, 0.15121449157695277, 0.7080303439493943], "k_pid_vsp": [179.87915219040752, 4.204915425992239, 11.233911900710554]}, "datetime": {"datetime": "2025-08-14 01:30:50", "elapsed": 56578.78215408325, "delta": 38.55724740028381}, "costs": {"total_cost": 986.636503624193, "time_cost": 150, "final_distance_cost": 70.90795051619303, "oscillation_cost": 419.85228481047557, "completition_cost": 222.2222222222222, "overshoot_cost": 54.830928388589136, "power_cost": 35.528241406250004, "noise_cost": 33.294876280463086, "n_waypoints_completed": 7, "tot_waypoints": 9}}
{"target": -547.4918136746535, "params": {"k_pid_pos": [1.3221922772316472, 0.9733666288855495, 0.8673506525357932], "k_pid_alt": [0.13951782355843156, 0.10391851035830768, 0.03699638899352131], "k_pid_att": [6.046000868216195, 5.854753002435304, 0.9057148630031667], "k_pid_yaw": [0.5, 1e-06, 0.1], "k_pid_hsp": [4.551631355071039, 0.392783786998368, 0.35408004235036417], "k_pid_vsp": [295.2401467907501, 337.85559207716625, 101.04140797008851]}, "datetime": {"datetime": "2025-08-14 01:31:34", "elapsed": 56622.88423728943, "delta": 44.10208320617676}, "costs": {"total_cost": 547.4918136746535, "time_cost": 150, "final_distance_cost": 31.070181369666095, "oscillation_cost": 143.70737943592093, "completition_cost": 111.11111111111116, "overshoot_cost": 59.18479194140053, "power_cost": 27.001698950195316, "noise_cost": 25.416650866359383, "n_waypoints_completed": 8, "tot_waypoints": 9}}
{"target": -407.3249939812139, "params": {"k_pid_pos": [1.3014046459288495, 0.8636043653212349, 0.8637814896859781], "k_pid_alt": [0.8872681081203453, 0.18660770813401562, 0.6322253368464771], "k_pid_att": [22.774322886491337, 5.7629385246211, 0.09149713522885672], "k_pid_yaw": [0.5, 1e-06, 0.1], "k_pid_hsp": [1.0949059798767802, 0.9852319123083149, 0.10522154838106412], "k_pid_vsp": [325.36500549257363, 336.63885277186307, 94.57884691932323]}, "datetime": {"datetime": "2025-08-14 01:32:05", "elapsed": 56653.21280503273, "delta": 30.32856774330139}, "costs": {"total_cost": 407.3249939812139, "time_cost": 82.117, "final_distance_cost": 1.773610635584642, "oscillation_cost": 228.787375340036, "completition_cost": 0.0, "overshoot_cost": 51.09361584697025, "power_cost": 22.752830053710937, "noise_cost": 20.800562104912025, "n_waypoints_completed": 9, "tot_waypoints": 9}}
{"target": -1161.7194770060514, "params": {"k_pid_pos": [0.18622686842585492, 0.7927389989153717, 0.679301876337644], "k_pid_alt": [0.5664763634567995, 0.5572575646632407, 0.16799782603454982], "k_pid_att": [9.96750640495262, 4.1733555943394816, 0.6042598501647403], "k_pid_yaw": [0.5, 1e-06, 0.1], "k_pid_hsp": [4.681212859546204, 0.7761792344750509, 0.4452800550518322], "k_pid_vsp": [169.60037922214218, 11.707069792172474, 18.13622002713541]}, "datetime": {"datetime": "2025-08-14 01:32:47", "elapsed": 56695.46056675911, "delta": 42.247761726379395}, "costs": {"total_cost": 1161.7194770060514, "time_cost": 150, "final_distance_cost": 55.906719836075624, "oscillation_cost": 189.72853073087128, "completition_cost": 666.6666666666667, "overshoot_cost": 46.583174212864726, "power_cost": 25.155570458984375, "noise_cost": 27.678815100588583, "n_waypoints_completed": 3, "tot_waypoints": 9}}
{"target": -375.94904743191785, "params": {"k_pid_pos": [1.8498057969244357, 0.6546634831233569, 0.04020699546475304], "k_pid_alt": [1.8974473904615992, 0.8249136372726831, 0.9496596240844266], "k_pid_att": [9.28219384518848, 7.9808295568223695, 0.3229656631403911], "k_pid_yaw": [0.5, 1e-06, 0.1], "k_pid_hsp": [9.558033118257963, 0.5649869380419228, 0.3499816159740188], "k_pid_vsp": [264.3830622770987, 272.9471957753591, 34.0688587368295]}, "datetime": {"datetime": "2025-08-14 01:33:19", "elapsed": 56727.68505334854, "delta": 32.22448658943176}, "costs": {"total_cost": 375.94904743191785, "time_cost": 91.854, "final_distance_cost": 1.77541187162351, "oscillation_cost": 176.29672067856492, "completition_cost": 0.0, "overshoot_cost": 55.86886683125692, "power_cost": 25.894088903808594, "noise_cost": 24.259959146663906, "n_waypoints_completed": 9, "tot_waypoints": 9}}
{"target": -422.139829177134, "params": {"k_pid_pos": [1.779237299913031, 0.5914350388560419, 0.7010436650284887], "k_pid_alt": [1.2649732030061294, 0.4577061151896542, 0.9638765021461342], "k_pid_att": [13.461174406663401, 1.8600459008047179, 0.5599928534680325], "k_pid_yaw": [0.5, 1e-06, 0.1], "k_pid_hsp": [4.777221694226992, 0.4071473954064082, 0.6843639737012596], "k_pid_vsp": [164.6818455235095, 4.482309481050155, 19.560536969184955]}, "datetime": {"datetime": "2025-08-14 01:33:55", "elapsed": 56763.95255589485, "delta": 36.267502546310425}, "costs": {"total_cost": 422.139829177134, "time_cost": 89.10300000000001, "final_distance_cost": 1.7788516752851482, "oscillation_cost": 225.17538248017016, "completition_cost": 0.0, "overshoot_cost": 56.10251510799777, "power_cost": 25.995848950195313, "noise_cost": 23.984230963485636, "n_waypoints_completed": 9, "tot_waypoints": 9}}
{"target": -392.22163642764923, "params": {"k_pid_pos": [1.6747641863480551, 0.43053930154070696, 0.31316348960347584], "k_pid_alt": [0.8590903371891765, 0.5198692239862345, 0.5639787508323302], "k_pid_att": [14.94115047477379, 1.6332270173462486, 0.608688213103114], "k_pid_yaw": [0.5, 1e-06, 0.1], "k_pid_hsp": [8.287719560674526, 0.1182096252792415, 0.26848493066239754], "k_pid_vsp": [182.46037514884227, 314.0657724576927, 5.38149780330909]}, "datetime": {"datetime": "2025-08-14 01:34:30", "elapsed": 56798.45111012459, "delta": 34.49855422973633}, "costs": {"total_cost": 392.22163642764923, "time_cost": 94.927, "final_distance_cost": 1.7565919504899683, "oscillation_cost": 185.3087985692851, "completition_cost": 0.0, "overshoot_cost": 53.52286807583319, "power_cost": 28.023611450195315, "noise_cost": 28.682766381845706, "n_waypoints_completed": 9, "tot_waypoints": 9}}
{"target": -1532.02779377006, "params": {"k_pid_pos": [0.7479296179918087, 0.9193495028579526, 0.6917206640266557], "k_pid_alt": [0.016145799986119425, 0.9088429675649646, 0.8794527826784083], "k_pid_att": [53.64540673173599, 4.478820073079989, 0.8342433117752847], "k_pid_yaw": [0.5, 1e-06, 0.1], "k_pid_hsp": [0.9041308579400895, 0.047689013823692394, 0.5220407055645128], "k_pid_vsp": [78.284771469517, 362.41895132325936, 37.42273625466283]}, "datetime": {"datetime": "2025-08-14 01:35:16", "elapsed": 56844.641339063644, "delta": 46.1902289390564}, "costs": {"total_cost": 1532.02779377006, "time_cost": 150, "final_distance_cost": 55.9784307668487, "oscillation_cost": 300.09339983498666, "completition_cost": 888.8888888888888, "overshoot_cost": 62.08476031638783, "power_cost": 43.46285959472657, "noise_cost": 31.519454368221513, "n_waypoints_completed": 1, "tot_waypoints": 9}}
{"target": -343.70837224546807, "params": {"k_pid_pos": [1.8059131736609504, 0.3533113137633984, 0.8472874111950913], "k_pid_alt": [0.6499447438823929, 0.2665722828885273, 0.7964481826952189], "k_pid_att": [17.045599403541267, 4.557951611939993, 0.7432346274580544], "k_pid_yaw": [0.5, 1e-06, 0.1], "k_pid_hsp": [1.8053736383871022, 0.5640271357073412, 0.12095917003388601], "k_pid_vsp": [171.27532751685686, 29.55605528701689, 22.577410909285554]}, "datetime": {"datetime": "2025-08-14 01:35:47", "elapsed": 56875.25655603409, "delta": 30.615216970443726}, "costs": {"total_cost": 343.70837224546807, "time_cost": 84.98, "final_distance_cost": 1.7501113500372345, "oscillation_cost": 159.97398202535237, "completition_cost": 0.0, "overshoot_cost": 52.44869672677023, "power_cost": 23.036967431640626, "noise_cost": 21.5186147116676, "n_waypoints_completed": 9, "tot_waypoints": 9}}
{"target": -370.54093119764866, "params": {"k_pid_pos": [1.309248741773485, 0.7329267377316242, 0.019984475312455063], "k_pid_alt": [1.8985672421807698, 0.4508009127160275, 0.9339615866883347], "k_pid_att": [12.783681089483977, 4.278741012000827, 0.5110268339516874], "k_pid_yaw": [0.5, 1e-06, 0.1], "k_pid_hsp": [2.5159397257271787, 0.16389122269991963, 0.13910796310566942], "k_pid_vsp": [252.64661518815618, 285.92448634864746, 55.17566165136188]}, "datetime": {"datetime": "2025-08-14 01:36:25", "elapsed": 56913.737340688705, "delta": 38.48078465461731}, "costs": {"total_cost": 370.54093119764866, "time_cost": 115.955, "final_distance_cost": 1.7340009694616527, "oscillation_cost": 126.98231694121276, "completition_cost": 0.0, "overshoot_cost": 60.74200377294085, "power_cost": 34.51146966552734, "noise_cost": 30.616139848506055, "n_waypoints_completed": 9, "tot_waypoints": 9}}
{"target": -273.7892088490817, "params": {"k_pid_pos": [1.4527850766353014, 0.06892653559878292, 0.03038556915405788], "k_pid_alt": [1.4719107558063063, 0.7717824946006963, 0.07903576184525685], "k_pid_att": [17.40147908863715, 6.42846053453496, 0.5210638084288275], "k_pid_yaw": [0.5, 1e-06, 0.1], "k_pid_hsp": [3.2517126496173177, 0.5345493824669769, 0.08776588213578729], "k_pid_vsp": [168.35571296562088, 9.971840338504133, 18.721323105715832]}, "datetime": {"datetime": "2025-08-14 01:36:54", "elapsed": 56942.795181035995, "delta": 29.05784034729004}, "costs": {"total_cost": 273.7892088490817, "time_cost": 84.259, "final_distance_cost": 1.75357991867788, "oscillation_cost": 88.27811788928705, "completition_cost": 0.0, "overshoot_cost": 53.72492048141505, "power_cost": 23.30216540527344, "noise_cost": 22.471425154428307, "n_waypoints_completed": 9, "tot_waypoints": 9}}
{"target": -381.74234084649953, "params": {"k_pid_pos": [0.5148327846780271, 0.7173897279079174, 0.4531104957941311], "k_pid_alt": [0.7678828236485562, 0.872217465038763, 0.3824708403749535], "k_pid_att": [12.024476116267124, 9.280687206139763, 0.7295053856674593], "k_pid_yaw": [0.5, 1e-06, 0.1], "k_pid_hsp": [6.95043026930496, 0.6324689692467065, 0.18177435798729735], "k_pid_vsp": [280.1510163802952, 273.3039451070611, 43.261857440939934]}, "datetime": {"datetime": "2025-08-14 01:37:29", "elapsed": 56977.962190151215, "delta": 35.167009115219116}, "costs": {"total_cost": 381.74234084649953, "time_cost": 111.909, "final_distance_cost": 1.769705532801288, "oscillation_cost": 162.3946166934378, "completition_cost": 0.0, "overshoot_cost": 56.93855497015505, "power_cost": 24.714442028808595, "noise_cost": 24.01602162129675, "n_waypoints_completed": 9, "tot_waypoints": 9}}
{"target": -1102.1690471870222, "params": {"k_pid_pos": [0.4433109635760997, 0.8749868965991958, 0.9130023761738625], "k_pid_alt": [1.003562706657392, 0.6954468823301792, 0.5587418803967343], "k_pid_att": [24.48118134373488, 2.335332141764215, 0.14364901602941027], "k_pid_yaw": [0.5, 1e-06, 0.1], "k_pid_hsp": [3.958802254154474, 0.68762767484594, 0.3584556232012496], "k_pid_vsp": [270.7168218521503, 342.7490473436439, 103.56845622768708]}, "datetime": {"datetime": "2025-08-14 01:38:10", "elapsed": 57018.43614029884, "delta": 40.473950147628784}, "costs": {"total_cost": 1102.1690471870222, "time_cost": 150, "final_distance_cost": 76.23875588322349, "oscillation_cost": 433.88148226624924, "completition_cost": 333.33333333333337, "overshoot_cost": 46.36906943114802, "power_cost": 32.63115993652344, "noise_cost": 29.715246336544602, "n_waypoints_completed": 6, "tot_waypoints": 9}}
{"target": -1398.2130615673543, "params": {"k_pid_pos": [0.059381717520739855, 0.5468562071096537, 0.8460714456178288], "k_pid_alt": [0.020347985591546935, 0.12732426059320867, 0.9645274006028147], "k_pid_att": [6.8411433774761665, 8.048559123688372, 0.6224664485397169], "k_pid_yaw": [0.5, 1e-06, 0.1], "k_pid_hsp": [7.371610249667339, 0.8577891083347463, 0.7998885115473394], "k_pid_vsp": [253.070157164978, 286.05524502911766, 54.908399688336075]}, "datetime": {"datetime": "2025-08-14 01:38:51", "elapsed": 57059.69360280037, "delta": 41.25746250152588}, "costs": {"total_cost": 1398.2130615673543, "time_cost": 150, "final_distance_cost": 68.00770819312469, "oscillation_cost": 202.1321160950165, "completition_cost": 888.8888888888888, "overshoot_cost": 39.50660696530716, "power_cost": 25.027285888671877, "noise_cost": 24.650455536345234, "n_waypoints_completed": 1, "tot_waypoints": 9}}
{"target": -781.8962237217216, "params": {"k_pid_pos": [0.7491783921707267, 0.6539599676943171, 0.8455387929956492], "k_pid_alt": [0.6599676248496638, 0.5418900679697175, 0.10381350778801379], "k_pid_att": [65.8142077576135, 5.529788074628813, 0.2703163275198117], "k_pid_yaw": [0.5, 1e-06, 0.1], "k_pid_hsp": [6.373335625615581, 0.10983820529380017, 0.5586188888860484], "k_pid_vsp": [101.55924109979462, 362.5772342965261, 56.19478254085331]}, "datetime": {"datetime": "2025-08-14 01:39:34", "elapsed": 57102.71007156372, "delta": 43.01646876335144}, "costs": {"total_cost": 781.8962237217216, "time_cost": 119.287, "final_distance_cost": 1.8056444015227593, "oscillation_cost": 536.0298417357266, "completition_cost": 0.0, "overshoot_cost": 57.92767687721155, "power_cost": 36.63249499511719, "noise_cost": 30.213565712143534, "n_waypoints_completed": 9, "tot_waypoints": 9}}
