{"target": -500.7509326665857, "params": {"k_pid_pos": [0.8880829122845829, 0.3350625127110405, 0.6870407295360961], "k_pid_alt": [1.484974536625441, 0.8037097426798189, 0.8790136918835495], "k_pid_att": [5.807182418512746, 8.970579395457465, 0.5405027748615828], "k_pid_yaw": [0.5, 1e-06, 0.1], "k_pid_hsp": [9.860059270201681, 0.7939009273576028, 0.4342117093725465], "k_pid_vsp": [163.3084685145415, 32.19972791608619, 22.506702173686467]}, "datetime": {"datetime": "2025-08-13 22:28:01", "elapsed": 45609.75330519676, "delta": 35.76713514328003}, "costs": {"total_cost": 500.7509326665857, "time_cost": 105.777, "final_distance_cost": 1.7526917291997464, "oscillation_cost": 272.30966638656884, "completition_cost": 0.0, "overshoot_cost": 58.570100487593045, "power_cost": 32.072029724121094, "noise_cost": 30.26944433910295, "n_waypoints_completed": 9, "tot_waypoints": 9}}
{"target": -1037.3351474518836, "params": {"k_pid_pos": [1.0017832003622404, 0.8583736548168259, 0.4049903935488225], "k_pid_alt": [0.3740305432406894, 0.587412243628851, 0.5600764517360755], "k_pid_att": [26.78827686930285, 2.6424917447883547, 0.9079064483941208], "k_pid_yaw": [0.5, 1e-06, 0.1], "k_pid_hsp": [6.183357334777209, 0.4519640936069742, 0.6986481493144621], "k_pid_vsp": [307.492284522603, 339.44463480984473, 105.88486756653133]}, "datetime": {"datetime": "2025-08-13 22:28:37", "elapsed": 45645.09640240669, "delta": 35.34309720993042}, "costs": {"total_cost": 1037.3351474518836, "time_cost": 150, "final_distance_cost": 76.94916067501036, "oscillation_cost": 345.2339212320042, "completition_cost": 333.33333333333337, "overshoot_cost": 53.92087438794133, "power_cost": 42.52075753173828, "noise_cost": 35.37710029185605, "n_waypoints_completed": 6, "tot_waypoints": 9}}
{"target": -1617.3444383039034, "params": {"k_pid_pos": [0.4653330934554613, 0.6700565725062162, 0.3818697601354387], "k_pid_alt": [0.31572660872876, 0.5027650112844653, 0.20232051349381408], "k_pid_att": [46.958532027878206, 2.6134637062747457, 0.05999730812521209], "k_pid_yaw": [0.5, 1e-06, 0.1], "k_pid_hsp": [0.6593412770721198, 0.43028570037707947, 0.7731871884064715], "k_pid_vsp": [248.75201503760437, 281.0427279702281, 52.100375884317074]}, "datetime": {"datetime": "2025-08-13 22:29:17", "elapsed": 45685.87332320213, "delta": 40.776920795440674}, "costs": {"total_cost": 1617.3444383039034, "time_cost": 150, "final_distance_cost": 50.762408361801505, "oscillation_cost": 618.3083547128457, "completition_cost": 666.6666666666667, "overshoot_cost": 74.18795783558274, "power_cost": 29.154455773925783, "noise_cost": 28.264594953081197, "n_waypoints_completed": 3, "tot_waypoints": 9}}
{"target": -423.24910079213515, "params": {"k_pid_pos": [1.4694239204451347, 0.13990440754622924, 0.086459167215866], "k_pid_alt": [0.5812900507028924, 0.13670850999857564, 0.43247075342819574], "k_pid_att": [15.327505770415396, 6.244909742293333, 0.28360839014878736], "k_pid_yaw": [0.5, 1e-06, 0.1], "k_pid_hsp": [2.0091647028733117, 0.04912222835756952, 0.42979387366580846], "k_pid_vsp": [304.41337435806435, 327.85109278651896, 97.77440369140768]}, "datetime": {"datetime": "2025-08-13 22:29:48", "elapsed": 45716.38792991638, "delta": 30.514606714248657}, "costs": {"total_cost": 423.24910079213515, "time_cost": 87.941, "final_distance_cost": 1.7611615340788664, "oscillation_cost": 232.66518858930374, "completition_cost": 0.0, "overshoot_cost": 54.14596587701957, "power_cost": 24.506168823242188, "noise_cost": 22.229615968490737, "n_waypoints_completed": 9, "tot_waypoints": 9}}
{"target": -330.0599943738924, "params": {"k_pid_pos": [1.803250095053363, 0.05915198379639319, 0.8870914605176097], "k_pid_alt": [0.8894329923203579, 0.35749089071751683, 0.5863337436609668], "k_pid_att": [9.85155762804949, 8.291882248360322, 0.9910744805015609], "k_pid_yaw": [0.5, 1e-06, 0.1], "k_pid_hsp": [3.515394386084329, 0.8206533456539286, 0.5095196119046843], "k_pid_vsp": [266.15964327921085, 262.24538115710203, 41.14363112503233]}, "datetime": {"datetime": "2025-08-13 22:30:13", "elapsed": 45741.58041143417, "delta": 25.192481517791748}, "costs": {"total_cost": 330.0599943738924, "time_cost": 78.302, "final_distance_cost": 1.8154956409293934, "oscillation_cost": 156.18491796903496, "completition_cost": 0.0, "overshoot_cost": 52.374405785333174, "power_cost": 21.738719030761718, "noise_cost": 19.644455947833134, "n_waypoints_completed": 9, "tot_waypoints": 9}}
{"target": -1001.1026405036494, "params": {"k_pid_pos": [0.18994776987450693, 0.6896116088981478, 0.7249280043580166], "k_pid_alt": [0.6654750650780459, 0.2039558591350017, 0.7137362221397251], "k_pid_att": [15.384481472395562, 3.2909335799551043, 0.0885428575977083], "k_pid_yaw": [0.5, 1e-06, 0.1], "k_pid_hsp": [9.70314411348769, 0.38351408033566026, 0.9348040747355937], "k_pid_vsp": [180.91356701546553, 320.97500226935665, 17.48735508352873]}, "datetime": {"datetime": "2025-08-13 22:30:49", "elapsed": 45777.35659003258, "delta": 35.77617859840393}, "costs": {"total_cost": 1001.1026405036494, "time_cost": 150, "final_distance_cost": 63.60477882700564, "oscillation_cost": 455.4752784997535, "completition_cost": 222.2222222222222, "overshoot_cost": 49.43691944151637, "power_cost": 31.078728735351564, "noise_cost": 29.284712777800227, "n_waypoints_completed": 7, "tot_waypoints": 9}}
{"target": -497.53419653390324, "params": {"k_pid_pos": [0.3414786503877991, 0.6082242266417629, 0.26995651490961026], "k_pid_alt": [1.677517219381942, 0.006972386208363379, 0.8763205936551506], "k_pid_att": [24.23193237351776, 7.56006300119759, 0.8077087131651846], "k_pid_yaw": [0.5, 1e-06, 0.1], "k_pid_hsp": [3.1221045364859794, 0.6091839672438129, 0.594768411489957], "k_pid_vsp": [199.60444253700427, 300.3963001738488, 18.53264895036654]}, "datetime": {"datetime": "2025-08-13 22:31:22", "elapsed": 45810.21844506264, "delta": 32.861855030059814}, "costs": {"total_cost": 497.53419653390324, "time_cost": 110.887, "final_distance_cost": 1.748781952102568, "oscillation_cost": 275.1442956514191, "completition_cost": 0.0, "overshoot_cost": 57.1837747543363, "power_cost": 25.915415722656252, "noise_cost": 26.654928453389058, "n_waypoints_completed": 9, "tot_waypoints": 9}}
{"target": -423.2620684476644, "params": {"k_pid_pos": [1.043678831335644, 0.6746395469828732, 0.26148606059591784], "k_pid_alt": [1.2364025000097458, 0.5694643327849835, 0.37027671880266066], "k_pid_att": [10.333312528443905, 6.423356690332285, 0.08662243121838797], "k_pid_yaw": [0.5, 1e-06, 0.1], "k_pid_hsp": [7.697233793747486, 0.33473597118432896, 0.14440935034543367], "k_pid_vsp": [253.56392178497896, 287.97458542943474, 60.31904335121121]}, "datetime": {"datetime": "2025-08-13 22:31:49", "elapsed": 45837.85133290291, "delta": 27.632887840270996}, "costs": {"total_cost": 423.2620684476644, "time_cost": 88.116, "final_distance_cost": 1.7903787247198402, "oscillation_cost": 235.44219714937867, "completition_cost": 0.0, "overshoot_cost": 52.23509134729614, "power_cost": 23.31529129638672, "noise_cost": 22.363109929883038, "n_waypoints_completed": 9, "tot_waypoints": 9}}
{"target": -297.22775779835973, "params": {"k_pid_pos": [1.8040941977392317, 0.09302005934621993, 0.09900447720785654], "k_pid_alt": [1.420583680231494, 0.2906965122528934, 0.8547696527416182], "k_pid_att": [11.860407019129848, 6.67747767722355, 0.9314889130792728], "k_pid_yaw": [0.5, 1e-06, 0.1], "k_pid_hsp": [1.4177903576815285, 0.45587001329401167, 0.2545734453905104], "k_pid_vsp": [280.99803725213206, 276.81107290578746, 55.49813534243126]}, "datetime": {"datetime": "2025-08-13 22:32:16", "elapsed": 45864.08693933487, "delta": 26.23560643196106}, "costs": {"total_cost": 297.22775779835973, "time_cost": 84.105, "final_distance_cost": 1.7894253335028076, "oscillation_cost": 104.1677531846929, "completition_cost": 0.0, "overshoot_cost": 55.751702588923784, "power_cost": 28.172904821777344, "noise_cost": 23.240971869462886, "n_waypoints_completed": 9, "tot_waypoints": 9}}
{"target": -1062.9923949259457, "params": {"k_pid_pos": [1.3070245558697062, 0.13498961261272346, 0.7838600087124935], "k_pid_alt": [0.1389876970766024, 0.696718041796839, 0.4878741970051792], "k_pid_att": [7.00642590746543, 5.351378854827424, 0.34799853606316855], "k_pid_yaw": [0.5, 1e-06, 0.1], "k_pid_hsp": [3.978888093666883, 0.30012218613413655, 0.8025513260979352], "k_pid_vsp": [262.24706134747004, 265.1150640454083, 40.93547898084078]}, "datetime": {"datetime": "2025-08-13 22:32:55", "elapsed": 45903.319375276566, "delta": 39.23243594169617}, "costs": {"total_cost": 1062.9923949259457, "time_cost": 150, "final_distance_cost": 63.750915876056624, "oscillation_cost": 382.01364475450754, "completition_cost": 333.33333333333337, "overshoot_cost": 62.12627634586514, "power_cost": 39.85940949707032, "noise_cost": 31.908815119112965, "n_waypoints_completed": 6, "tot_waypoints": 9}}
{"target": -539.4409049866546, "params": {"k_pid_pos": [1.2401198901840238, 0.783683326580108, 0.34661991755730537], "k_pid_alt": [1.7692832522298412, 0.5477599050661652, 0.13003634346406245], "k_pid_att": [17.531795786574722, 4.79181127891039, 0.007856848314504172], "k_pid_yaw": [0.5, 1e-06, 0.1], "k_pid_hsp": [8.479775141196841, 0.9236321473374759, 0.2368422816204222], "k_pid_vsp": [263.00728942819285, 265.34751485881156, 44.825176712193574]}, "datetime": {"datetime": "2025-08-13 22:33:24", "elapsed": 45932.38535618782, "delta": 29.065980911254883}, "costs": {"total_cost": 539.4409049866546, "time_cost": 94.423, "final_distance_cost": 1.7533989719971639, "oscillation_cost": 325.60716115849834, "completition_cost": 0.0, "overshoot_cost": 56.891365200351785, "power_cost": 33.34197840576172, "noise_cost": 27.424001250045563, "n_waypoints_completed": 9, "tot_waypoints": 9}}
{"target": -866.9722807438445, "params": {"k_pid_pos": [0.5141107281509159, 0.4032162503706922, 0.8830092936584395], "k_pid_alt": [0.8926132518585064, 0.09244869847324888, 0.27886657907268986], "k_pid_att": [18.650508187284753, 9.142098651038534, 0.823739779228175], "k_pid_yaw": [0.5, 1e-06, 0.1], "k_pid_hsp": [4.252610939208179, 0.5481775479025661, 0.6060014456193225], "k_pid_vsp": [192.66962670761987, 294.13482166820324, 26.530499262612523]}, "datetime": {"datetime": "2025-08-13 22:33:59", "elapsed": 45967.508696079254, "delta": 35.123339891433716}, "costs": {"total_cost": 866.9722807438445, "time_cost": 150, "final_distance_cost": 69.92941281414868, "oscillation_cost": 325.45540308833563, "completition_cost": 222.2222222222222, "overshoot_cost": 44.03286485398335, "power_cost": 28.361688354492188, "noise_cost": 26.970689410662395, "n_waypoints_completed": 7, "tot_waypoints": 9}}
{"target": -580.5894459566058, "params": {"k_pid_pos": [1.348797656123599, 0.39292920388276065, 0.952153366870423], "k_pid_alt": [0.46406656541256686, 0.17456153838180932, 0.0539662516485091], "k_pid_att": [24.220003589029048, 7.7815002781581235, 0.4444331529629978], "k_pid_yaw": [0.5, 1e-06, 0.1], "k_pid_hsp": [8.90701739665667, 0.6999808011905266, 0.29729287370547897], "k_pid_vsp": [317.45913116515254, 329.1573167058206, 102.71581351748904]}, "datetime": {"datetime": "2025-08-13 22:34:29", "elapsed": 45997.18374156952, "delta": 29.675045490264893}, "costs": {"total_cost": 580.5894459566058, "time_cost": 96.159, "final_distance_cost": 1.7884929851406082, "oscillation_cost": 374.18995961466607, "completition_cost": 0.0, "overshoot_cost": 54.04810239393564, "power_cost": 29.308227392578125, "noise_cost": 25.095663570285293, "n_waypoints_completed": 9, "tot_waypoints": 9}}
{"target": -352.5998091261217, "params": {"k_pid_pos": [1.6248615540439266, 0.15007753553303482, 0.9250643132309445], "k_pid_alt": [1.940565517238661, 0.0800926761471995, 0.2728109405560114], "k_pid_att": [14.21468087210126, 9.661824014276153, 0.801401107780015], "k_pid_yaw": [0.5, 1e-06, 0.1], "k_pid_hsp": [7.17078534434741, 0.2320584971258084, 0.5059618285041256], "k_pid_vsp": [302.6588779180705, 334.7525503567212, 87.86848533672132]}, "datetime": {"datetime": "2025-08-13 22:34:56", "elapsed": 46024.89631795883, "delta": 27.712576389312744}, "costs": {"total_cost": 352.5998091261217, "time_cost": 80.871, "final_distance_cost": 1.7434382102693964, "oscillation_cost": 181.70978119431368, "completition_cost": 0.0, "overshoot_cost": 51.43897089910916, "power_cost": 18.57583455810547, "noise_cost": 18.260784264324002, "n_waypoints_completed": 9, "tot_waypoints": 9}}
{"target": -404.4995852120801, "params": {"k_pid_pos": [1.400644330282966, 0.20828018183564667, 0.858096358736895], "k_pid_alt": [0.6080820964430587, 0.347506479440541, 0.8960371169388329], "k_pid_att": [14.938594039960085, 8.400038302297812, 0.8326155379850252], "k_pid_yaw": [0.5, 1e-06, 0.1], "k_pid_hsp": [9.858615171800444, 0.915097122376248, 0.2524912396360085], "k_pid_vsp": [165.9873652548438, 24.768606409201848, 12.048748003514074]}, "datetime": {"datetime": "2025-08-13 22:35:27", "elapsed": 46055.530376434326, "delta": 30.634058475494385}, "costs": {"total_cost": 404.4995852120801, "time_cost": 88.858, "final_distance_cost": 1.749625919803705, "oscillation_cost": 215.65448389235192, "completition_cost": 0.0, "overshoot_cost": 53.52042049407194, "power_cost": 22.20850428466797, "noise_cost": 22.50855062118452, "n_waypoints_completed": 9, "tot_waypoints": 9}}
{"target": -751.9352375012251, "params": {"k_pid_pos": [0.4924909746747683, 0.3900967362061778, 0.4146700630539911], "k_pid_alt": [0.683021867971404, 0.100834435154604, 0.4220680764320546], "k_pid_att": [9.568625649085716, 3.7857307863267318, 0.23508738221149839], "k_pid_yaw": [0.5, 1e-06, 0.1], "k_pid_hsp": [7.545257878845441, 0.7251040236200955, 0.2765839676983656], "k_pid_vsp": [172.1918637251512, 18.91359438300999, 25.438873736409427]}, "datetime": {"datetime": "2025-08-13 22:36:01", "elapsed": 46089.854315280914, "delta": 34.323938846588135}, "costs": {"total_cost": 751.9352375012251, "time_cost": 150, "final_distance_cost": 36.06347632199423, "oscillation_cost": 333.7017194315038, "completition_cost": 111.11111111111116, "overshoot_cost": 55.02123965996841, "power_cost": 35.544020373535155, "noise_cost": 30.493670603112175, "n_waypoints_completed": 8, "tot_waypoints": 9}}
{"target": -417.91141259385097, "params": {"k_pid_pos": [1.9491688773772604, 0.20172858516162362, 0.26735413847841105], "k_pid_alt": [1.6033626728576624, 0.227468900179852, 0.28686966841889316], "k_pid_att": [11.301147409215739, 0.06986005725325509, 0.5726606767883676], "k_pid_yaw": [0.5, 1e-06, 0.1], "k_pid_hsp": [9.85967235007363, 0.667940831870075, 0.8370534886290517], "k_pid_vsp": [173.87547839373195, 23.518484373678618, 15.829938058943766]}, "datetime": {"datetime": "2025-08-13 22:36:38", "elapsed": 46126.27059364319, "delta": 36.41627836227417}, "costs": {"total_cost": 417.91141259385097, "time_cost": 103.705, "final_distance_cost": 1.7626752142893363, "oscillation_cost": 207.46576164825603, "completition_cost": 0.0, "overshoot_cost": 55.11647193262849, "power_cost": 25.32926287841797, "noise_cost": 24.532240920259124, "n_waypoints_completed": 9, "tot_waypoints": 9}}
{"target": -2118.576743879364, "params": {"k_pid_pos": [0.006011793520785065, 0.7748001367782277, 0.9636152431497316], "k_pid_alt": [1.70858159263164, 0.13678869153533946, 0.5787379432786373], "k_pid_att": [1.3768744088034301, 9.274714728857635, 0.6263491964782453], "k_pid_yaw": [0.5, 1e-06, 0.1], "k_pid_hsp": [3.1499654955076046, 0.36846368112517713, 0.3012587630240484], "k_pid_vsp": [290.4986533244933, 278.913353754196, 68.84497592608356]}, "datetime": {"datetime": "2025-08-13 22:37:15", "elapsed": 46163.1599342823, "delta": 36.88934063911438}, "costs": {"total_cost": 2118.576743879364, "time_cost": 150, "final_distance_cost": 49.47217299433193, "oscillation_cost": 663.4528656472461, "completition_cost": 1000.0, "overshoot_cost": 121.08844799507706, "power_cost": 57.081719323730475, "noise_cost": 77.48153791897857, "n_waypoints_completed": 0, "tot_waypoints": 9}}
{"target": -836.6493724497293, "params": {"k_pid_pos": [1.1179864039048393, 0.8735380294567137, 0.18169624987865618], "k_pid_alt": [0.8088321970879653, 0.9139369271637581, 0.18504678717878442], "k_pid_att": [18.159189609646987, 4.5806862382307925, 0.057788589707880034], "k_pid_yaw": [0.5, 1e-06, 0.1], "k_pid_hsp": [8.22950980208393, 0.38366951504919733, 0.36069492190625096], "k_pid_vsp": [201.3997566272631, 305.0011132460763, 29.620055362977]}, "datetime": {"datetime": "2025-08-13 22:37:50", "elapsed": 46198.07490444183, "delta": 34.91497015953064}, "costs": {"total_cost": 836.6493724497293, "time_cost": 150, "final_distance_cost": 64.74044214548212, "oscillation_cost": 277.5376696739796, "completition_cost": 222.2222222222222, "overshoot_cost": 54.529153113071914, "power_cost": 35.18768876953125, "noise_cost": 32.432196525442215, "n_waypoints_completed": 7, "tot_waypoints": 9}}
{"target": -356.2610711726602, "params": {"k_pid_pos": [1.6810433372465836, 0.025087289563274995, 0.3526177592777844], "k_pid_alt": [0.2570276131763658, 0.7161889980268338, 0.7246209125671749], "k_pid_att": [12.346476181337728, 7.117878677082152, 0.3504901643824442], "k_pid_yaw": [0.5, 1e-06, 0.1], "k_pid_hsp": [0.648845574470588, 0.6434115773592745, 0.13990221469689057], "k_pid_vsp": [285.7871413208943, 335.50798430155396, 110.972231935142]}, "datetime": {"datetime": "2025-08-13 22:38:22", "elapsed": 46230.6688709259, "delta": 32.593966484069824}, "costs": {"total_cost": 356.2610711726602, "time_cost": 92.953, "final_distance_cost": 1.7533646564737628, "oscillation_cost": 157.8241212209466, "completition_cost": 0.0, "overshoot_cost": 60.9086969908675, "power_cost": 21.991470361328126, "noise_cost": 20.830417943044232, "n_waypoints_completed": 9, "tot_waypoints": 9}}
{"target": -293.41675982937556, "params": {"k_pid_pos": [1.1808207098196686, 0.5071523765514955, 0.5967134562433916], "k_pid_alt": [1.7913017950151457, 0.4372682892512503, 0.41428314130125515], "k_pid_att": [18.271658493659793, 4.896117586149877, 0.2806041104435666], "k_pid_yaw": [0.5, 1e-06, 0.1], "k_pid_hsp": [2.753268095857747, 0.3628291567538511, 0.03308688451648552], "k_pid_vsp": [200.25748767359912, 302.1938411707409, 17.787440310688957]}, "datetime": {"datetime": "2025-08-13 22:38:52", "elapsed": 46260.58529424667, "delta": 29.916423320770264}, "costs": {"total_cost": 293.41675982937556, "time_cost": 91.504, "final_distance_cost": 1.7608295852914806, "oscillation_cost": 106.68080215530645, "completition_cost": 0.0, "overshoot_cost": 52.55031530112234, "power_cost": 19.503145471191406, "noise_cost": 21.417667316463824, "n_waypoints_completed": 9, "tot_waypoints": 9}}
{"target": -300.0333660316691, "params": {"k_pid_pos": [0.5024408598713367, 0.09701641117518023, 0.6191373472816134], "k_pid_alt": [0.21626980518173, 0.13406034473320516, 0.4513657364150173], "k_pid_att": [31.936226624072916, 8.852409359302051, 0.6302962168073598], "k_pid_yaw": [0.5, 1e-06, 0.1], "k_pid_hsp": [5.861283548106152, 0.9177693818931238, 0.009113754736286839], "k_pid_vsp": [104.35045010841817, 344.27750352551703, 46.472534191713954]}, "datetime": {"datetime": "2025-08-13 22:39:30", "elapsed": 46298.882013082504, "delta": 38.29671883583069}, "costs": {"total_cost": 300.0333660316691, "time_cost": 113.407, "final_distance_cost": 1.8248936912001021, "oscillation_cost": 72.64985933330273, "completition_cost": 0.0, "overshoot_cost": 56.327010022779234, "power_cost": 28.43863634033203, "noise_cost": 27.38596664405505, "n_waypoints_completed": 9, "tot_waypoints": 9}}
{"target": -884.4300805940967, "params": {"k_pid_pos": [1.4311280546360496, 0.9333985722124487, 0.5308378707154202], "k_pid_alt": [0.5918384661317022, 0.9321946264664536, 0.8649111876605704], "k_pid_att": [19.14219811700001, 4.979701223931526, 0.5768922274190703], "k_pid_yaw": [0.5, 1e-06, 0.1], "k_pid_hsp": [7.006370382447352, 0.9423303617476656, 0.5434861318158818], "k_pid_vsp": [199.1480982776434, 304.9033348767809, 14.21614760522357]}, "datetime": {"datetime": "2025-08-13 22:40:07", "elapsed": 46335.71459674835, "delta": 36.83258366584778}, "costs": {"total_cost": 884.4300805940967, "time_cost": 150, "final_distance_cost": 70.32143584022789, "oscillation_cost": 281.14414700776973, "completition_cost": 222.2222222222222, "overshoot_cost": 66.51381136133517, "power_cost": 46.41257573242188, "noise_cost": 47.81588843011977, "n_waypoints_completed": 7, "tot_waypoints": 9}}
{"target": -1877.2609859267461, "params": {"k_pid_pos": [1.6052103104762485, 0.08988026249530745, 0.17261249001136247], "k_pid_alt": [1.0756846390579788, 0.15071255858033938, 0.032892170547135224], "k_pid_att": [1.195106070323937, 3.743265481199321, 0.31658259436687175], "k_pid_yaw": [0.5, 1e-06, 0.1], "k_pid_hsp": [7.2173452149490505, 0.23459474278961645, 0.8001149856301625], "k_pid_vsp": [321.27001711934304, 342.96130345921426, 110.7691758772869]}, "datetime": {"datetime": "2025-08-13 22:40:42", "elapsed": 46370.758360147476, "delta": 35.043763399124146}, "costs": {"total_cost": 1877.2609859267461, "time_cost": 150, "final_distance_cost": 22.39272157242123, "oscillation_cost": 425.65446857394625, "completition_cost": 1000.0, "overshoot_cost": 131.30397566607166, "power_cost": 58.04387059326172, "noise_cost": 89.86594952104527, "n_waypoints_completed": 0, "tot_waypoints": 9}}
