{"target": -916.5970021168282, "params": {"k_pid_pos": [1.0371412293272595, 0.6246988396212827, 0.9316292429448749], "k_pid_alt": [0.17399565018872565, 0.5106590171575415, 0.7042878522808048], "k_pid_att": [10.65176617900926, 3.140691698591305, 0.7945679023808243], "k_pid_yaw": [0.5, 1e-06, 0.1], "k_pid_hsp": [5.520743543962502, 0.45031188042571, 0.5875721126578719], "k_pid_vsp": [311.46167106298657, 326.0981932025666, 102.3098588056532]}, "datetime": {"datetime": "2025-08-13 19:52:12", "elapsed": 36260.89354252815, "delta": 33.029534339904785}, "costs": {"total_cost": 916.5970021168282, "time_cost": 150, "final_distance_cost": 70.76393110244484, "oscillation_cost": 342.1807284591698, "completition_cost": 222.2222222222222, "overshoot_cost": 59.24699556338892, "power_cost": 38.88648572998047, "noise_cost": 33.29663903962192, "n_waypoints_completed": 7, "tot_waypoints": 9}}
{"target": -382.2891659243209, "params": {"k_pid_pos": [1.9394179217920073, 0.26869219607594097, 0.2952421129718784], "k_pid_alt": [0.8113931204895544, 0.26925394725348417, 0.08619718865510906], "k_pid_att": [13.215941009345888, 2.0878902287741505, 0.3217369149557743], "k_pid_yaw": [0.5, 1e-06, 0.1], "k_pid_hsp": [9.791365024990602, 0.737928601964193, 0.9021546673293421], "k_pid_vsp": [316.01067177479496, 342.41321240673796, 122.18719179536048]}, "datetime": {"datetime": "2025-08-13 19:52:41", "elapsed": 36289.423399209976, "delta": 28.52985668182373}, "costs": {"total_cost": 382.2891659243209, "time_cost": 84.539, "final_distance_cost": 1.730700519501454, "oscillation_cost": 196.5066954502865, "completition_cost": 0.0, "overshoot_cost": 53.81803302763283, "power_cost": 24.249846411132815, "noise_cost": 21.4448905157673, "n_waypoints_completed": 9, "tot_waypoints": 9}}
{"target": -572.5525809930045, "params": {"k_pid_pos": [0.9625209148435123, 0.5999618687111358, 0.6600805859844545], "k_pid_alt": [0.28161949548175014, 0.6960755577948432, 0.3501956056496185], "k_pid_att": [13.82286302784691, 3.738944166003579, 0.23637169335539887], "k_pid_yaw": [0.5, 1e-06, 0.1], "k_pid_hsp": [9.306061859557968, 0.969921053105492, 0.1878669194533903], "k_pid_vsp": [190.70367970618136, 298.98179475926645, 22.965818233748685]}, "datetime": {"datetime": "2025-08-13 19:53:09", "elapsed": 36317.64188694954, "delta": 28.21848773956299}, "costs": {"total_cost": 572.5525809930045, "time_cost": 104.503, "final_distance_cost": 1.814594602495327, "oscillation_cost": 345.70390309744744, "completition_cost": 0.0, "overshoot_cost": 60.50601058916612, "power_cost": 32.066884765625, "noise_cost": 27.958187938270683, "n_waypoints_completed": 9, "tot_waypoints": 9}}
{"target": -1339.9144889277334, "params": {"k_pid_pos": [0.3433277849511158, 0.8331598402872764, 0.6756783648501355], "k_pid_alt": [0.1557725514152717, 0.9285755779193869, 0.6714274051604981], "k_pid_att": [4.429422384627612, 2.89916683361531, 0.48224178256058936], "k_pid_yaw": [0.5, 1e-06, 0.1], "k_pid_hsp": [9.359045122310949, 0.24156184222155552, 0.9029563705529083], "k_pid_vsp": [170.331716518232, 33.33705171190706, 17.346084364336598]}, "datetime": {"datetime": "2025-08-13 19:53:43", "elapsed": 36351.0817193985, "delta": 33.43983244895935}, "costs": {"total_cost": 1339.9144889277334, "time_cost": 150, "final_distance_cost": 100.25596892845799, "oscillation_cost": 202.41036440101144, "completition_cost": 777.7777777777778, "overshoot_cost": 48.48122850829154, "power_cost": 32.49378931884766, "noise_cost": 28.495359993346856, "n_waypoints_completed": 2, "tot_waypoints": 9}}
{"target": -962.8320198810673, "params": {"k_pid_pos": [0.14217773023573402, 0.42608257127321714, 0.2843914322089105], "k_pid_alt": [0.37203305718427915, 0.3422733251170095, 0.8344221977562358], "k_pid_att": [5.319998963380512, 1.4679795169136904, 0.9288041080274089], "k_pid_yaw": [0.5, 1e-06, 0.1], "k_pid_hsp": [5.391343178275077, 0.3232415604751072, 0.9495326070208511], "k_pid_vsp": [192.20341008432098, 20.391974714606413, 11.089402118286143]}, "datetime": {"datetime": "2025-08-13 19:54:17", "elapsed": 36385.25311970711, "delta": 34.17140030860901}, "costs": {"total_cost": 962.8320198810673, "time_cost": 150, "final_distance_cost": 48.41987164615299, "oscillation_cost": 104.56382988849768, "completition_cost": 555.5555555555555, "overshoot_cost": 51.214827432820286, "power_cost": 24.319382958984377, "noise_cost": 28.75855239905643, "n_waypoints_completed": 4, "tot_waypoints": 9}}
{"target": -349.0280786605098, "params": {"k_pid_pos": [1.2033435558030745, 0.1654152185652339, 0.6625305776411425], "k_pid_alt": [0.6825777377275088, 0.9480255949238939, 0.8540956848711918], "k_pid_att": [41.62341931207799, 4.889881575050389, 0.8213730653260208], "k_pid_yaw": [0.5, 1e-06, 0.1], "k_pid_hsp": [6.868875257090691, 0.6665331290564701, 0.054834105289135904], "k_pid_vsp": [229.94638522769026, 280.3948760686699, 36.824178255177884]}, "datetime": {"datetime": "2025-08-13 19:54:41", "elapsed": 36409.787224531174, "delta": 24.534104824066162}, "costs": {"total_cost": 349.0280786605098, "time_cost": 87.78, "final_distance_cost": 1.7885831033881074, "oscillation_cost": 159.94777768280971, "completition_cost": 0.0, "overshoot_cost": 56.85800162388211, "power_cost": 21.80907408447266, "noise_cost": 20.844642165957183, "n_waypoints_completed": 9, "tot_waypoints": 9}}
{"target": -308.7231975689434, "params": {"k_pid_pos": [1.2941570854085769, 0.7020247903200943, 0.536244525354706], "k_pid_alt": [0.5565800063179842, 0.8306009185608907, 0.5924001207248787], "k_pid_att": [6.212362959130635, 4.287238355335806, 0.6227136314264352], "k_pid_yaw": [0.5, 1e-06, 0.1], "k_pid_hsp": [9.35071032709527, 0.5723233739210095, 0.046137776536861685], "k_pid_vsp": [171.4816276436379, 34.81978579742748, 9.908767973241966]}, "datetime": {"datetime": "2025-08-13 19:55:09", "elapsed": 36437.57734513283, "delta": 27.790120601654053}, "costs": {"total_cost": 308.7231975689434, "time_cost": 98.77, "final_distance_cost": 1.7511361793545561, "oscillation_cost": 101.06033064474246, "completition_cost": 0.0, "overshoot_cost": 58.007193760163666, "power_cost": 23.499866357421876, "noise_cost": 25.634670627260864, "n_waypoints_completed": 9, "tot_waypoints": 9}}
{"target": -462.4314826413124, "params": {"k_pid_pos": [1.0120798187889792, 0.4713411938013038, 0.6500545145008336], "k_pid_alt": [1.9540947515553018, 0.14085575025723152, 0.32976039702164317], "k_pid_att": [11.245934628274368, 7.342216682225318, 0.8558851590873359], "k_pid_yaw": [0.5, 1e-06, 0.1], "k_pid_hsp": [6.205613672895206, 0.9764469898766727, 0.8825301448869883], "k_pid_vsp": [289.5861367648084, 328.0350175276585, 109.89902969989637]}, "datetime": {"datetime": "2025-08-13 19:55:40", "elapsed": 36468.35409331322, "delta": 30.776748180389404}, "costs": {"total_cost": 462.4314826413124, "time_cost": 105.798, "final_distance_cost": 1.7604275201904735, "oscillation_cost": 257.0873544061126, "completition_cost": 0.0, "overshoot_cost": 54.825304882271475, "power_cost": 21.25692976074219, "noise_cost": 21.70346607199567, "n_waypoints_completed": 9, "tot_waypoints": 9}}
{"target": -572.7649160609079, "params": {"k_pid_pos": [0.7408146791070246, 0.6097457047177086, 0.5998707565450458], "k_pid_alt": [0.13831074849490532, 0.30450292370304255, 0.001882669129964043], "k_pid_att": [37.18391476183761, 0.5571583906855216, 0.5448133636852366], "k_pid_yaw": [0.5, 1e-06, 0.1], "k_pid_hsp": [5.260349146831585, 0.3428178408499424, 0.14273691336784855], "k_pid_vsp": [110.10022705681921, 350.86614404950376, 47.83146925590985]}, "datetime": {"datetime": "2025-08-13 19:56:09", "elapsed": 36496.981882572174, "delta": 28.62778925895691}, "costs": {"total_cost": 572.7649160609079, "time_cost": 102.396, "final_distance_cost": 1.7740149848884632, "oscillation_cost": 361.9203355488279, "completition_cost": 0.0, "overshoot_cost": 59.56042190569247, "power_cost": 24.06115720214844, "noise_cost": 23.05298641935065, "n_waypoints_completed": 9, "tot_waypoints": 9}}
{"target": -1257.4886477726814, "params": {"k_pid_pos": [0.1818117920761794, 0.16745682906055692, 0.49425866481169156], "k_pid_alt": [0.4425814666821739, 0.46731531568058826, 0.048631339583697475], "k_pid_att": [2.542585537754516, 6.363048390495114, 0.7880608037460053], "k_pid_yaw": [0.5, 1e-06, 0.1], "k_pid_hsp": [5.122143193587443, 0.7587647481748057, 0.5758298074957053], "k_pid_vsp": [296.3591402282097, 284.51530747411425, 68.06205404030182]}, "datetime": {"datetime": "2025-08-13 19:56:43", "elapsed": 36530.97059798241, "delta": 33.988715410232544}, "costs": {"total_cost": 1257.4886477726814, "time_cost": 150, "final_distance_cost": 48.87023570066255, "oscillation_cost": 248.99301404692775, "completition_cost": 666.6666666666667, "overshoot_cost": 66.8683840921811, "power_cost": 42.46214501953125, "noise_cost": 33.62820224671211, "n_waypoints_completed": 3, "tot_waypoints": 9}}
{"target": -346.0726197103275, "params": {"k_pid_pos": [0.639588282324693, 0.11693806007837093, 0.2911694728352192], "k_pid_alt": [1.868487638862404, 0.8803194543313203, 0.016306851753944307], "k_pid_att": [7.50279135723787, 7.280057752125476, 0.995726264011766], "k_pid_yaw": [0.5, 1e-06, 0.1], "k_pid_hsp": [4.314036520089779, 0.5871453033799208, 0.4186388572535643], "k_pid_vsp": [165.3616713269379, 12.715103460809395, 18.60796332527124]}, "datetime": {"datetime": "2025-08-13 19:57:09", "elapsed": 36557.78615951538, "delta": 26.815561532974243}, "costs": {"total_cost": 346.0726197103275, "time_cost": 99.624, "final_distance_cost": 1.7736050468783167, "oscillation_cost": 136.95136851566468, "completition_cost": 0.0, "overshoot_cost": 57.626893546013015, "power_cost": 26.236872778320315, "noise_cost": 23.859879823451138, "n_waypoints_completed": 9, "tot_waypoints": 9}}
{"target": -430.42502839592134, "params": {"k_pid_pos": [1.5916013647990652, 0.23479227327708152, 0.6396912429329569], "k_pid_alt": [1.6065349071534503, 0.8827766611070423, 0.6956493822991732], "k_pid_att": [46.91185611597737, 2.967433800596937, 0.8627428474107128], "k_pid_yaw": [0.5, 1e-06, 0.1], "k_pid_hsp": [9.103658624109995, 0.2786402817347027, 0.47604857812424517], "k_pid_vsp": [218.13209445746193, 271.5089951932784, 39.29738945524627]}, "datetime": {"datetime": "2025-08-13 19:57:35", "elapsed": 36583.42231154442, "delta": 25.636152029037476}, "costs": {"total_cost": 430.42502839592134, "time_cost": 81.578, "final_distance_cost": 1.7750582647634576, "oscillation_cost": 252.32176409562237, "completition_cost": 0.0, "overshoot_cost": 52.709711805374894, "power_cost": 22.130255810546878, "noise_cost": 19.910238419613655, "n_waypoints_completed": 9, "tot_waypoints": 9}}
{"target": -1867.7597004351608, "params": {"k_pid_pos": [0.04000649488633643, 0.04946000700075415, 0.9064466946344975], "k_pid_alt": [0.7763635666150894, 0.682821374685936, 0.2072301811136601], "k_pid_att": [55.79067873388431, 4.000563497037817, 0.47595738405369603], "k_pid_yaw": [0.5, 1e-06, 0.1], "k_pid_hsp": [5.685387019163159, 0.0807112751070379, 0.06088230366869851], "k_pid_vsp": [86.02925310932044, 374.7113993075213, 57.352912746314516]}, "datetime": {"datetime": "2025-08-13 19:58:07", "elapsed": 36615.91951727867, "delta": 32.49720573425293}, "costs": {"total_cost": 1867.7597004351608, "time_cost": 150, "final_distance_cost": 75.46092943295886, "oscillation_cost": 728.7574124506374, "completition_cost": 777.7777777777778, "overshoot_cost": 75.23107905112835, "power_cost": 33.2486216796875, "noise_cost": 27.283880042971063, "n_waypoints_completed": 2, "tot_waypoints": 9}}
{"target": -1522.4680488610134, "params": {"k_pid_pos": [1.7530725156272993, 0.3817872547648463, 0.29374656419803846], "k_pid_alt": [1.7520430416612653, 0.09986166405763253, 0.411039965024495], "k_pid_att": [8.9513241350208, 9.756592423695341, 0.8671705078123169], "k_pid_yaw": [0.5, 1e-06, 0.1], "k_pid_hsp": [0.38452388837750856, 0.7665412874147354, 0.36176708300454063], "k_pid_vsp": [200.97185694120466, 300.97460448238985, 30.70020384035234]}, "datetime": {"datetime": "2025-08-13 19:58:39", "elapsed": 36647.45086526871, "delta": 31.53134799003601}, "costs": {"total_cost": 1522.4680488610134, "time_cost": 150, "final_distance_cost": 54.954004251424855, "oscillation_cost": 177.59664804938075, "completition_cost": 888.8888888888888, "overshoot_cost": 108.74573977534581, "power_cost": 57.2644369140625, "noise_cost": 85.01833098191058, "n_waypoints_completed": 1, "tot_waypoints": 9}}
{"target": -1106.8597969427112, "params": {"k_pid_pos": [1.0933733863465276, 0.7364313562876991, 0.2555176947897013], "k_pid_alt": [0.09487672906085565, 0.9244315004647196, 0.6545981942140182], "k_pid_att": [3.298486111434118, 8.64315630848913, 0.9126731276346894], "k_pid_yaw": [0.5, 1e-06, 0.1], "k_pid_hsp": [3.4695091623152727, 0.3491774561537103, 0.3061879008513021], "k_pid_vsp": [189.89676089315623, 319.928464558531, 19.30674393228325]}, "datetime": {"datetime": "2025-08-13 19:59:11", "elapsed": 36679.8818731308, "delta": 32.431007862091064}, "costs": {"total_cost": 1106.8597969427112, "time_cost": 150, "final_distance_cost": 43.06290838717526, "oscillation_cost": 245.43734396696564, "completition_cost": 555.5555555555555, "overshoot_cost": 63.0376960285047, "power_cost": 23.89438153076172, "noise_cost": 25.871911473748504, "n_waypoints_completed": 4, "tot_waypoints": 9}}
{"target": -1099.2088426033274, "params": {"k_pid_pos": [0.0006441947379540074, 0.4887220176062499, 0.5958130620529759], "k_pid_alt": [1.485390385052207, 0.23893188903260754, 0.17064563281756273], "k_pid_att": [8.272641368703882, 5.663752728779916, 0.9215890072429138], "k_pid_yaw": [0.5, 1e-06, 0.1], "k_pid_hsp": [2.4117613698136715, 0.8837878947961152, 0.7180059130863384], "k_pid_vsp": [198.73807234687044, 323.4879794091595, 15.248061971497444]}, "datetime": {"datetime": "2025-08-13 19:59:44", "elapsed": 36712.50303387642, "delta": 32.62116074562073}, "costs": {"total_cost": 1099.2088426033274, "time_cost": 150, "final_distance_cost": 49.05535594725689, "oscillation_cost": 206.41633021428763, "completition_cost": 555.5555555555555, "overshoot_cost": 78.04510567196836, "power_cost": 31.924939697265625, "noise_cost": 28.211555516993215, "n_waypoints_completed": 4, "tot_waypoints": 9}}
{"target": -840.1635829936815, "params": {"k_pid_pos": [0.7790437601450493, 0.690900459379766, 0.44183343530665187], "k_pid_alt": [0.6022739637649894, 0.361269345231782, 0.11472555241746751], "k_pid_att": [6.067124174765159, 1.3219516809267275, 0.7280293577288773], "k_pid_yaw": [0.5, 1e-06, 0.1], "k_pid_hsp": [9.586245072766975, 0.19974952560616377, 0.5651803820781804], "k_pid_vsp": [164.4135816139932, 12.860182762482719, 21.540919955132864]}, "datetime": {"datetime": "2025-08-13 20:00:19", "elapsed": 36747.24388599396, "delta": 34.74085211753845}, "costs": {"total_cost": 840.1635829936815, "time_cost": 150, "final_distance_cost": 65.98895131908422, "oscillation_cost": 248.2326730174679, "completition_cost": 222.2222222222222, "overshoot_cost": 70.11950710280072, "power_cost": 45.4525418334961, "noise_cost": 38.14768749861041, "n_waypoints_completed": 7, "tot_waypoints": 9}}
{"target": -397.0431389142887, "params": {"k_pid_pos": [1.3243702536795194, 0.5430995836154752, 0.6692097497010213], "k_pid_alt": [1.625686968702968, 0.19798408973889492, 0.16057211420174933], "k_pid_att": [4.136636274216365, 6.581061633907283, 0.5183597089217654], "k_pid_yaw": [0.5, 1e-06, 0.1], "k_pid_hsp": [6.8917649338367735, 0.7143540845699413, 0.2196559819223889], "k_pid_vsp": [315.14143082212314, 324.73018691648144, 103.68729551951469]}, "datetime": {"datetime": "2025-08-13 20:00:48", "elapsed": 36776.308643341064, "delta": 29.064757347106934}, "costs": {"total_cost": 397.0431389142887, "time_cost": 107.03, "final_distance_cost": 1.7537962272057852, "oscillation_cost": 175.50022429356784, "completition_cost": 0.0, "overshoot_cost": 53.945157165285636, "power_cost": 32.112679626464846, "noise_cost": 26.701281601764553, "n_waypoints_completed": 9, "tot_waypoints": 9}}
{"target": -440.02854864733104, "params": {"k_pid_pos": [1.757523765833442, 0.6530850108655343, 0.1725987770971742], "k_pid_alt": [1.8974525906119153, 0.19196646711243504, 0.6772467194810011], "k_pid_att": [8.097762823070088, 2.3882296333943493, 0.6392633196079502], "k_pid_yaw": [0.5, 1e-06, 0.1], "k_pid_hsp": [9.22236941238852, 0.09136903158889031, 0.4447693246450646], "k_pid_vsp": [175.13975911291442, 25.487262714546194, 6.284391733932333]}, "datetime": {"datetime": "2025-08-13 20:01:20", "elapsed": 36808.43351650238, "delta": 32.12487316131592}, "costs": {"total_cost": 440.02854864733104, "time_cost": 118.664, "final_distance_cost": 1.7424353180046925, "oscillation_cost": 192.12699927309475, "completition_cost": 0.0, "overshoot_cost": 57.85146284600313, "power_cost": 35.3143412109375, "noise_cost": 34.32930999929103, "n_waypoints_completed": 9, "tot_waypoints": 9}}
{"target": -376.0353458606931, "params": {"k_pid_pos": [1.891726371262724, 0.976768179170262, 0.062187392670423725], "k_pid_alt": [0.9454422973496979, 0.4996482205084115, 0.8686842941485076], "k_pid_att": [8.393772739495608, 5.012322251017588, 0.4196470782167744], "k_pid_yaw": [0.5, 1e-06, 0.1], "k_pid_hsp": [8.718481820370592, 0.20174987306472403, 0.7746352862010735], "k_pid_vsp": [297.5770852917025, 337.6373528647366, 95.28673678805698]}, "datetime": {"datetime": "2025-08-13 20:01:51", "elapsed": 36839.16971921921, "delta": 30.736202716827393}, "costs": {"total_cost": 376.0353458606931, "time_cost": 113.36500000000001, "final_distance_cost": 1.7469804011958394, "oscillation_cost": 129.5235802574273, "completition_cost": 0.0, "overshoot_cost": 74.20072237464473, "power_cost": 29.770649621582034, "noise_cost": 27.428413205843192, "n_waypoints_completed": 9, "tot_waypoints": 9}}
{"target": -1311.057012305102, "params": {"k_pid_pos": [0.4030558826756594, 0.36402473651753486, 0.2797180374854602], "k_pid_alt": [0.10580399141771335, 0.6751450539925288, 0.24992835095773502], "k_pid_att": [9.028508114401912, 9.518672057823325, 0.35401155206963963], "k_pid_yaw": [0.5, 1e-06, 0.1], "k_pid_hsp": [8.321782556551284, 0.268251796736926, 0.9703164899981002], "k_pid_vsp": [288.4821735952088, 327.6255729606501, 108.97673233538801]}, "datetime": {"datetime": "2025-08-13 20:02:22", "elapsed": 36870.66197705269, "delta": 31.492257833480835}, "costs": {"total_cost": 1311.057012305102, "time_cost": 150, "final_distance_cost": 55.801023906360854, "oscillation_cost": 322.89344261954693, "completition_cost": 666.6666666666667, "overshoot_cost": 56.97464271910329, "power_cost": 30.144549731445313, "noise_cost": 28.576686661978943, "n_waypoints_completed": 3, "tot_waypoints": 9}}
{"target": -547.6921674694007, "params": {"k_pid_pos": [0.8665783824970492, 0.4583041094941057, 0.35061534749322654], "k_pid_alt": [1.1883349643840757, 0.06716478066091469, 0.26143676177472874], "k_pid_att": [11.390492555531983, 6.088058680376085, 0.2545284021548969], "k_pid_yaw": [0.5, 1e-06, 0.1], "k_pid_hsp": [1.9020247721510222, 0.9990152356135159, 0.19762805416494933], "k_pid_vsp": [293.4530233726321, 325.71018101108643, 106.47067392840711]}, "datetime": {"datetime": "2025-08-13 20:02:51", "elapsed": 36899.35560822487, "delta": 28.693631172180176}, "costs": {"total_cost": 547.6921674694007, "time_cost": 108.822, "final_distance_cost": 1.745082108683459, "oscillation_cost": 323.78621839013203, "completition_cost": 0.0, "overshoot_cost": 53.44530814768563, "power_cost": 31.73169412841797, "noise_cost": 28.16186469448165, "n_waypoints_completed": 9, "tot_waypoints": 9}}
{"target": -1150.5633128668055, "params": {"k_pid_pos": [0.26762522884002765, 0.5503878468529825, 0.6661209865995608], "k_pid_alt": [1.5950597028162936, 0.9273964874282334, 0.1057093625629868], "k_pid_att": [18.701040421490788, 1.9669274406342232, 0.4376891560306482], "k_pid_yaw": [0.5, 1e-06, 0.1], "k_pid_hsp": [9.485407369429412, 0.860477826537123, 0.7557772615663285], "k_pid_vsp": [265.67120632420875, 273.67315859775744, 59.93226874207999]}, "datetime": {"datetime": "2025-08-13 20:03:23", "elapsed": 36931.490925073624, "delta": 32.13531684875488}, "costs": {"total_cost": 1150.5633128668055, "time_cost": 150, "final_distance_cost": 53.21388686854671, "oscillation_cost": 398.2033472891977, "completition_cost": 444.4444444444444, "overshoot_cost": 44.45866345316752, "power_cost": 31.339949584960937, "noise_cost": 28.903021226488466, "n_waypoints_completed": 5, "tot_waypoints": 9}}
{"target": -504.58467877768504, "params": {"k_pid_pos": [0.5966994039279305, 0.3857050938408546, 0.6917705316855478], "k_pid_alt": [1.8990511945950574, 0.7877969093617438, 0.3170496667397258], "k_pid_att": [10.40047984504956, 8.498871147158598, 0.3029276082324114], "k_pid_yaw": [0.5, 1e-06, 0.1], "k_pid_hsp": [5.583314262207797, 0.5581973173583984, 0.156879950048187], "k_pid_vsp": [251.94878952448377, 283.01692896665776, 55.82486278377775]}, "datetime": {"datetime": "2025-08-13 20:03:54", "elapsed": 36962.96100139618, "delta": 31.470076322555542}, "costs": {"total_cost": 504.58467877768504, "time_cost": 113.596, "final_distance_cost": 1.7509653162147005, "oscillation_cost": 283.92621477568207, "completition_cost": 0.0, "overshoot_cost": 56.15812855715207, "power_cost": 24.01985270996094, "noise_cost": 25.133517418675222, "n_waypoints_completed": 9, "tot_waypoints": 9}}
