{"target": -1179.5907305066946, "params": {"k_pid_pos": [0.3402443428172647, 0.9871329161250951, 0.5199416285803202], "k_pid_alt": [0.11809620801135012, 0.817755479570707, 0.1829746238946044], "k_pid_att": [3.4553463806537676, 4.066207914620416, 0.19876687123130954], "k_pid_yaw": [0.5, 1e-06, 0.1], "k_pid_hsp": [6.555559513944768, 0.1356853586391532, 0.6919825989807795], "k_pid_vsp": [260.87777527154, 266.8898529413756, 50.59052144760532]}, "datetime": {"datetime": "2025-08-13 13:54:55", "elapsed": 14823.596209526062, "delta": 34.448490381240845}, "costs": {"total_cost": 1179.5907305066946, "time_cost": 150, "final_distance_cost": 79.10961903663959, "oscillation_cost": 175.49104695369232, "completition_cost": 666.6666666666667, "overshoot_cost": 52.016704792189884, "power_cost": 29.635280810546877, "noise_cost": 26.671412246959225, "n_waypoints_completed": 3, "tot_waypoints": 9}}
{"target": -1359.9091673991709, "params": {"k_pid_pos": [0.036789566805515136, 0.6677484784189108, 0.5802735271180657], "k_pid_alt": [0.06774122138772776, 0.8442164910857018, 0.8531346128387842], "k_pid_att": [10.554658963341367, 4.685469331008227, 0.6562015814992163], "k_pid_yaw": [0.5, 1e-06, 0.1], "k_pid_hsp": [2.9937890509545793, 0.7113707682865837, 0.3878096169831987], "k_pid_vsp": [292.33400411820736, 334.61439156597595, 97.41007595664561]}, "datetime": {"datetime": "2025-08-13 13:55:32", "elapsed": 14860.633994579315, "delta": 37.037785053253174}, "costs": {"total_cost": 1359.9091673991709, "time_cost": 150, "final_distance_cost": 79.85642952118846, "oscillation_cost": 235.10575285705028, "completition_cost": 777.7777777777778, "overshoot_cost": 58.8649732428404, "power_cost": 31.378578173828128, "noise_cost": 26.925655826485844, "n_waypoints_completed": 2, "tot_waypoints": 9}}
{"target": -966.4239788279075, "params": {"k_pid_pos": [1.4526874878620906, 0.4473758079499207, 0.2570303440169007], "k_pid_alt": [1.1922296670969004, 0.2882144661635302, 0.13012874236529193], "k_pid_att": [4.549826134486212, 0.39695547877372045, 0.7098025940963568], "k_pid_yaw": [0.5, 1e-06, 0.1], "k_pid_hsp": [1.7827450203038142, 0.06129275882288776, 0.7918229931359897], "k_pid_vsp": [298.2550904580878, 331.292967670744, 105.58208543795266]}, "datetime": {"datetime": "2025-08-13 13:56:13", "elapsed": 14901.617902517319, "delta": 40.98390793800354}, "costs": {"total_cost": 966.4239788279075, "time_cost": 150, "final_distance_cost": 62.4040765224762, "oscillation_cost": 229.04055034347945, "completition_cost": 333.33333333333337, "overshoot_cost": 95.36566984143867, "power_cost": 45.262214978027345, "noise_cost": 51.01813380915238, "n_waypoints_completed": 6, "tot_waypoints": 9}}
{"target": -356.35848262811714, "params": {"k_pid_pos": [1.8580563698053585, 0.2969237058871266, 0.1259555208733677], "k_pid_alt": [1.051079286909153, 0.521887209442318, 0.8772712988013631], "k_pid_att": [33.399629771460646, 7.232572069210502, 0.7543377708448887], "k_pid_yaw": [0.5, 1e-06, 0.1], "k_pid_hsp": [4.334497422780104, 0.7749282431504114, 0.18349273895930163], "k_pid_vsp": [105.0347700639736, 354.6776944951076, 49.302485119336616]}, "datetime": {"datetime": "2025-08-13 13:56:41", "elapsed": 14929.925837039948, "delta": 28.307934522628784}, "costs": {"total_cost": 356.35848262811714, "time_cost": 84.623, "final_distance_cost": 1.7936118940993075, "oscillation_cost": 178.1387540127819, "completition_cost": 0.0, "overshoot_cost": 50.97641409458684, "power_cost": 20.674205249023437, "noise_cost": 20.15249737762562, "n_waypoints_completed": 9, "tot_waypoints": 9}}
{"target": -645.5757271089996, "params": {"k_pid_pos": [1.0889402024691606, 0.08909983675542887, 0.43200906063092215], "k_pid_alt": [1.868884496282996, 0.5430594630172576, 0.39017230825107907], "k_pid_att": [49.306604655797415, 7.175702611173386, 0.19145568513104105], "k_pid_yaw": [0.5, 1e-06, 0.1], "k_pid_hsp": [2.4173793811484154, 0.011527086648964402, 0.2946900588612097], "k_pid_vsp": [183.27168867309794, 17.34844481694975, 12.060066558880314]}, "datetime": {"datetime": "2025-08-13 13:57:11", "elapsed": 14959.189027071, "delta": 29.263190031051636}, "costs": {"total_cost": 645.5757271089996, "time_cost": 89.81, "final_distance_cost": 1.7941448012497723, "oscillation_cost": 456.89442875215894, "completition_cost": 0.0, "overshoot_cost": 52.711027182447545, "power_cost": 21.602857751464846, "noise_cost": 22.763268621678467, "n_waypoints_completed": 9, "tot_waypoints": 9}}
{"target": -867.5894163708668, "params": {"k_pid_pos": [0.22925053429359454, 0.25665756554189345, 0.04810816828050812], "k_pid_alt": [1.0025586905813715, 0.8977770859340249, 0.7649836042705136], "k_pid_att": [7.820264043734159, 6.280629098765991, 0.8012054821633211], "k_pid_yaw": [0.5, 1e-06, 0.1], "k_pid_hsp": [1.102543368848041, 0.8222566189597194, 0.882869567754337], "k_pid_vsp": [175.52980637458293, 33.17693649196903, 1.2369037581530273]}, "datetime": {"datetime": "2025-08-13 13:57:44", "elapsed": 14992.229887008667, "delta": 33.04085993766785}, "costs": {"total_cost": 867.5894163708668, "time_cost": 150, "final_distance_cost": 69.92124731229656, "oscillation_cost": 201.66100573357386, "completition_cost": 333.33333333333337, "overshoot_cost": 51.88306352831351, "power_cost": 27.101097973632815, "noise_cost": 33.689668489716674, "n_waypoints_completed": 6, "tot_waypoints": 9}}
{"target": -527.3822575096101, "params": {"k_pid_pos": [0.912336883570217, 0.45636411571821844, 0.06966597676922748], "k_pid_alt": [1.7545312185558304, 0.2327124215209585, 0.7056481984594611], "k_pid_att": [11.108407046417678, 4.494056032963446, 0.03820447669031013], "k_pid_yaw": [0.5, 1e-06, 0.1], "k_pid_hsp": [3.877279069145867, 0.4546490114286894, 0.14489225387137394], "k_pid_vsp": [192.37475263479294, 317.6636705081171, 15.86504284758877]}, "datetime": {"datetime": "2025-08-13 13:58:13", "elapsed": 15021.1746032238, "delta": 28.944716215133667}, "costs": {"total_cost": 527.3822575096101, "time_cost": 101.346, "final_distance_cost": 1.789941323849125, "oscillation_cost": 318.2414334008398, "completition_cost": 0.0, "overshoot_cost": 51.931891632183934, "power_cost": 27.95124185791016, "noise_cost": 26.121749294827058, "n_waypoints_completed": 9, "tot_waypoints": 9}}
{"target": -442.477556436851, "params": {"k_pid_pos": [1.462146323178576, 0.3480495272212656, 0.5856585406099124], "k_pid_alt": [0.7913474873352409, 0.8505173611912357, 0.08767574860517846], "k_pid_att": [10.43992762368834, 5.206621549739709, 0.5645359282918122], "k_pid_yaw": [0.5, 1e-06, 0.1], "k_pid_hsp": [9.373803237636176, 0.6209313298976573, 0.6822263136725957], "k_pid_vsp": [154.69098928264003, 26.207063792934303, 4.590965718146025]}, "datetime": {"datetime": "2025-08-13 13:58:39", "elapsed": 15047.801170110703, "delta": 26.626566886901855}, "costs": {"total_cost": 442.477556436851, "time_cost": 98.735, "final_distance_cost": 1.7728208804645391, "oscillation_cost": 240.33973204848414, "completition_cost": 0.0, "overshoot_cost": 57.717823969746235, "power_cost": 17.934032653808593, "noise_cost": 25.97814688434748, "n_waypoints_completed": 9, "tot_waypoints": 9}}
{"target": -822.9183982140632, "params": {"k_pid_pos": [0.4673593381950013, 0.19713444679794734, 0.7236414969401509], "k_pid_alt": [0.7151468677115009, 0.06325965445787807, 0.8619716629427374], "k_pid_att": [4.54059025656286, 7.1901214892799095, 0.9191481769716991], "k_pid_yaw": [0.5, 1e-06, 0.1], "k_pid_hsp": [6.1328905136325025, 0.6399976952921427, 0.4352460562144338], "k_pid_vsp": [300.6522179294181, 342.590004522932, 96.7874600979117]}, "datetime": {"datetime": "2025-08-13 13:59:15", "elapsed": 15083.027601242065, "delta": 35.226431131362915}, "costs": {"total_cost": 822.9183982140632, "time_cost": 150, "final_distance_cost": 72.21294257697186, "oscillation_cost": 160.12652245070439, "completition_cost": 333.33333333333337, "overshoot_cost": 45.54875747666976, "power_cost": 33.67977303466797, "noise_cost": 28.017069341715857, "n_waypoints_completed": 6, "tot_waypoints": 9}}
{"target": -359.0577457123272, "params": {"k_pid_pos": [1.206858150910433, 0.7593548572289068, 0.5992305730863567], "k_pid_alt": [0.9616986919074572, 0.6529852379163217, 0.7556380957461515], "k_pid_att": [10.479022198589993, 5.441312953581905, 0.5473949929151058], "k_pid_yaw": [0.5, 1e-06, 0.1], "k_pid_hsp": [6.801049107392208, 0.4168463458169666, 0.18351577460964313], "k_pid_vsp": [255.93654749285744, 279.783000809581, 47.39807059879581]}, "datetime": {"datetime": "2025-08-13 13:59:42", "elapsed": 15110.36594080925, "delta": 27.33833956718445}, "costs": {"total_cost": 359.0577457123272, "time_cost": 90.608, "final_distance_cost": 1.7525995073403386, "oscillation_cost": 163.47584007354834, "completition_cost": 0.0, "overshoot_cost": 52.73275193062562, "power_cost": 27.05248151855469, "noise_cost": 23.436072682258143, "n_waypoints_completed": 9, "tot_waypoints": 9}}
{"target": -505.97446507355806, "params": {"k_pid_pos": [1.7502364459472217, 0.8158346867731087, 0.9857218912661578], "k_pid_alt": [0.2962515857717578, 0.5685091023986283, 0.6316289002221812], "k_pid_att": [9.245732707367981, 3.6686259045213094, 0.3466779399541202], "k_pid_yaw": [0.5, 1e-06, 0.1], "k_pid_hsp": [7.5994872072587905, 0.7097585573443376, 0.261751185779182], "k_pid_vsp": [166.79885517108127, 8.476582745042904, 22.464857235506315]}, "datetime": {"datetime": "2025-08-13 14:00:10", "elapsed": 15138.61828494072, "delta": 28.252344131469727}, "costs": {"total_cost": 505.97446507355806, "time_cost": 110.096, "final_distance_cost": 1.7910015325569033, "oscillation_cost": 275.77852459071306, "completition_cost": 0.0, "overshoot_cost": 61.80779095756764, "power_cost": 28.15424970703125, "noise_cost": 28.346898285689246, "n_waypoints_completed": 9, "tot_waypoints": 9}}
{"target": -1331.925711174874, "params": {"k_pid_pos": [0.1795866567498141, 0.5733534252140644, 0.7586229221217012], "k_pid_alt": [1.369953919554607, 0.8271364655352704, 0.6051903222205935], "k_pid_att": [11.909500665018147, 9.568440161056278, 0.016411802794190633], "k_pid_yaw": [0.5, 1e-06, 0.1], "k_pid_hsp": [8.004111588931389, 0.7018227638811275, 0.4067457850368936], "k_pid_vsp": [271.65406933129873, 276.32081718285366, 32.309340971801426]}, "datetime": {"datetime": "2025-08-13 14:00:50", "elapsed": 15178.774874210358, "delta": 40.15658926963806}, "costs": {"total_cost": 1331.925711174874, "time_cost": 150, "final_distance_cost": 39.59641436260245, "oscillation_cost": 473.04452862619837, "completition_cost": 555.5555555555555, "overshoot_cost": 47.013017333087156, "power_cost": 35.490627746582035, "noise_cost": 31.225567550848453, "n_waypoints_completed": 4, "tot_waypoints": 9}}
{"target": -302.87896330848235, "params": {"k_pid_pos": [1.5015268389709622, 0.25941895326688436, 0.6725138132977845], "k_pid_alt": [1.4714286523529492, 0.660204704599451, 0.6818200542880388], "k_pid_att": [9.524614973626322, 9.170540967095787, 0.7592337163684968], "k_pid_yaw": [0.5, 1e-06, 0.1], "k_pid_hsp": [9.065108757494002, 0.41950713874471646, 0.5278714770788673], "k_pid_vsp": [290.7333008662199, 275.48665023476656, 56.660219269895435]}, "datetime": {"datetime": "2025-08-13 14:01:15", "elapsed": 15203.490193843842, "delta": 24.715319633483887}, "costs": {"total_cost": 302.87896330848235, "time_cost": 76.132, "final_distance_cost": 1.747164793819106, "oscillation_cost": 135.50437979623615, "completition_cost": 0.0, "overshoot_cost": 51.73737406658291, "power_cost": 19.6455021484375, "noise_cost": 18.11254250340663, "n_waypoints_completed": 9, "tot_waypoints": 9}}
{"target": -889.3494230778612, "params": {"k_pid_pos": [0.14259888260573622, 0.08842180149628909, 0.14935131933412937], "k_pid_alt": [0.11914163487733864, 0.44221161762418904, 0.5967620827341309], "k_pid_att": [9.903315409146419, 0.6375504230246822, 0.7159146383375664], "k_pid_yaw": [0.5, 1e-06, 0.1], "k_pid_hsp": [7.946984385658695, 0.09652288911867957, 0.2265560624874654], "k_pid_vsp": [301.37629578883633, 336.8051002700583, 113.04710240699127]}, "datetime": {"datetime": "2025-08-13 14:01:46", "elapsed": 15234.418935775757, "delta": 30.928741931915283}, "costs": {"total_cost": 889.3494230778612, "time_cost": 150, "final_distance_cost": 43.66741915337239, "oscillation_cost": 123.0075617186286, "completition_cost": 444.4444444444444, "overshoot_cost": 66.07399499329685, "power_cost": 32.564630224609374, "noise_cost": 29.591372543509596, "n_waypoints_completed": 5, "tot_waypoints": 9}}
{"target": -789.2299025637161, "params": {"k_pid_pos": [1.6905873531680207, 0.8413856640545344, 0.3008749362328209], "k_pid_alt": [1.1015507099510717, 0.3045383147525974, 0.6006858875050404], "k_pid_att": [12.673009217849373, 8.827043751337673, 0.13986080640002674], "k_pid_yaw": [0.5, 1e-06, 0.1], "k_pid_hsp": [1.435397641901965, 0.2622640428380991, 0.5877973553265049], "k_pid_vsp": [172.29543232336334, 28.579945684063826, 2.6573439379269383]}, "datetime": {"datetime": "2025-08-13 14:02:17", "elapsed": 15265.466851472855, "delta": 31.04791569709778}, "costs": {"total_cost": 789.2299025637161, "time_cost": 150, "final_distance_cost": 71.30664171543363, "oscillation_cost": 208.68512938296462, "completition_cost": 222.2222222222222, "overshoot_cost": 65.97712251853005, "power_cost": 36.019635974121094, "noise_cost": 35.019150750444595, "n_waypoints_completed": 7, "tot_waypoints": 9}}
{"target": -1026.186820209758, "params": {"k_pid_pos": [0.2606109206119599, 0.07841657518491474, 0.8735886987226321], "k_pid_alt": [1.6305533068592528, 0.07501467946110252, 0.4342234193511987], "k_pid_att": [16.799163098016358, 2.508328571092129, 0.17721007472434114], "k_pid_yaw": [0.5, 1e-06, 0.1], "k_pid_hsp": [1.5783739341259333, 0.42663938281493974, 0.30338008511271175], "k_pid_vsp": [167.34426755515815, 25.489114148680944, 10.077200347399906]}, "datetime": {"datetime": "2025-08-13 14:02:49", "elapsed": 15297.70125079155, "delta": 32.23439931869507}, "costs": {"total_cost": 1026.186820209758, "time_cost": 150, "final_distance_cost": 49.35429289300445, "oscillation_cost": 595.337733511325, "completition_cost": 111.11111111111116, "overshoot_cost": 62.8149564756466, "power_cost": 27.473698193359375, "noise_cost": 30.09502802531146, "n_waypoints_completed": 8, "tot_waypoints": 9}}
{"target": -1561.6209602307629, "params": {"k_pid_pos": [0.6340952338854434, 0.26648233090599494, 0.13845412760473097], "k_pid_alt": [0.2653286709672422, 0.8853630260927638, 0.2460010502594988], "k_pid_att": [34.32250310051671, 2.806246325516175, 0.8552044739346509], "k_pid_yaw": [0.5, 1e-06, 0.1], "k_pid_hsp": [0.8829940044278349, 0.7814434522166741, 0.9959916738024217], "k_pid_vsp": [174.79039086092806, 20.93027723422251, 10.230975286373999]}, "datetime": {"datetime": "2025-08-13 14:03:21", "elapsed": 15329.08333992958, "delta": 31.382089138031006}, "costs": {"total_cost": 1561.6209602307629, "time_cost": 150, "final_distance_cost": 79.4589964941648, "oscillation_cost": 317.5716242811933, "completition_cost": 888.8888888888888, "overshoot_cost": 60.38472911849669, "power_cost": 34.38978347167969, "noise_cost": 30.92693797633952, "n_waypoints_completed": 1, "tot_waypoints": 9}}
{"target": -1655.9801405064181, "params": {"k_pid_pos": [1.492490936863644, 0.6088493962736348, 0.9991875112633284], "k_pid_alt": [0.8144063610247916, 0.9139262549105271, 0.7082182903074108], "k_pid_att": [10.477430111571028, 7.430082694232312, 0.2525994334948475], "k_pid_yaw": [0.5, 1e-06, 0.1], "k_pid_hsp": [0.8679530159238581, 0.4084892278434561, 0.5469751059414426], "k_pid_vsp": [163.39320012510476, 23.592282547823007, 0.5907127761506823]}, "datetime": {"datetime": "2025-08-13 14:03:53", "elapsed": 15361.05642914772, "delta": 31.97308921813965}, "costs": {"total_cost": 1655.9801405064181, "time_cost": 150, "final_distance_cost": 56.55636072692682, "oscillation_cost": 335.39828151976184, "completition_cost": 888.8888888888888, "overshoot_cost": 96.30757742873628, "power_cost": 51.41777525634766, "noise_cost": 77.41125668575688, "n_waypoints_completed": 1, "tot_waypoints": 9}}
{"target": -361.7771768571984, "params": {"k_pid_pos": [1.389957634078481, 0.15979489264827462, 0.4189037467880703], "k_pid_alt": [1.23778015003571, 0.13925691374559757, 0.19996070646468966], "k_pid_att": [5.807878723915339, 8.795280509435393, 0.4566042032841534], "k_pid_yaw": [0.5, 1e-06, 0.1], "k_pid_hsp": [6.721266102334486, 0.6355586982019598, 0.754882909075902], "k_pid_vsp": [302.9480271349582, 337.3356701691209, 98.78301830733724]}, "datetime": {"datetime": "2025-08-13 14:04:16", "elapsed": 15384.31786108017, "delta": 23.26143193244934}, "costs": {"total_cost": 361.7771768571984, "time_cost": 84.82600000000001, "final_distance_cost": 1.7855113566904912, "oscillation_cost": 178.35452091880296, "completition_cost": 0.0, "overshoot_cost": 52.76806744116645, "power_cost": 23.36052116699219, "noise_cost": 20.682555973546243, "n_waypoints_completed": 9, "tot_waypoints": 9}}
{"target": -1256.8795150633268, "params": {"k_pid_pos": [0.13977830657628232, 0.5966697701263846, 0.5319855235343436], "k_pid_alt": [0.5433339921997034, 0.2505397727883133, 0.11951683759203258], "k_pid_att": [10.144527795578473, 6.339592616382119, 0.917323219541023], "k_pid_yaw": [0.5, 1e-06, 0.1], "k_pid_hsp": [4.632569262160223, 0.9935549053991279, 0.2531835285148468], "k_pid_vsp": [290.2080682595654, 341.7296679085978, 92.07981571856833]}, "datetime": {"datetime": "2025-08-13 14:04:47", "elapsed": 15415.127237319946, "delta": 30.80937623977661}, "costs": {"total_cost": 1256.8795150633268, "time_cost": 150, "final_distance_cost": 55.043255583522544, "oscillation_cost": 112.53756996360826, "completition_cost": 666.6666666666667, "overshoot_cost": 137.21351296510372, "power_cost": 52.51675913085938, "noise_cost": 82.90175075356612, "n_waypoints_completed": 3, "tot_waypoints": 9}}
{"target": -447.91904333232225, "params": {"k_pid_pos": [1.7367700378117163, 0.5046273048775521, 0.07659543085534781], "k_pid_alt": [0.7178693173846715, 0.3144212976016506, 0.5514942735260491], "k_pid_att": [16.74904422518837, 8.000596680794366, 0.12262064950182894], "k_pid_yaw": [0.5, 1e-06, 0.1], "k_pid_hsp": [3.783509701780014, 0.9426132020750309, 0.42289860011096647], "k_pid_vsp": [168.78970435950498, 9.992113285812607, 21.180557844340555]}, "datetime": {"datetime": "2025-08-13 14:05:11", "elapsed": 15439.284337759018, "delta": 24.157100439071655}, "costs": {"total_cost": 447.91904333232225, "time_cost": 93.07900000000001, "final_distance_cost": 1.785157436302441, "oscillation_cost": 241.15618744158039, "completition_cost": 0.0, "overshoot_cost": 56.78115479730798, "power_cost": 28.98149068603516, "noise_cost": 26.136052971096248, "n_waypoints_completed": 9, "tot_waypoints": 9}}
{"target": -465.3259984725471, "params": {"k_pid_pos": [1.411423141582557, 0.6751517922046282, 0.9125182907432796], "k_pid_alt": [0.6669223179261188, 0.3407581278185293, 0.8586480656672171], "k_pid_att": [7.163981982146117, 7.234384314999958, 0.23982039682317624], "k_pid_yaw": [0.5, 1e-06, 0.1], "k_pid_hsp": [8.055954185448815, 0.2920317689539349, 0.9333902313910319], "k_pid_vsp": [251.07940181127705, 269.17018188424885, 52.928219009866964]}, "datetime": {"datetime": "2025-08-13 14:05:37", "elapsed": 15465.85016655922, "delta": 26.565828800201416}, "costs": {"total_cost": 465.3259984725471, "time_cost": 102.27, "final_distance_cost": 1.762621044272244, "oscillation_cost": 257.7167228606006, "completition_cost": 0.0, "overshoot_cost": 56.35109816479046, "power_cost": 23.906657971191407, "noise_cost": 23.318898431692414, "n_waypoints_completed": 9, "tot_waypoints": 9}}
{"target": -889.7708676325503, "params": {"k_pid_pos": [0.5814927279834349, 0.8655786026984668, 0.7206462947336616], "k_pid_alt": [1.9541125224510172, 0.0697343725861248, 0.8481641887576067], "k_pid_att": [9.510903609485787, 4.804393991584513, 0.08481120569923906], "k_pid_yaw": [0.5, 1e-06, 0.1], "k_pid_hsp": [4.680491861107477, 0.7191401209766506, 0.3185732467693356], "k_pid_vsp": [260.30525691090725, 271.1011644814632, 43.28818459001216]}, "datetime": {"datetime": "2025-08-13 14:06:09", "elapsed": 15497.141045093536, "delta": 31.290878534317017}, "costs": {"total_cost": 889.7708676325503, "time_cost": 150, "final_distance_cost": 63.014316755981696, "oscillation_cost": 347.70244667478875, "completition_cost": 222.2222222222222, "overshoot_cost": 44.10674727613032, "power_cost": 33.388774951171875, "noise_cost": 29.336359752255532, "n_waypoints_completed": 7, "tot_waypoints": 9}}
{"target": -514.4201425471455, "params": {"k_pid_pos": [0.6762709643937928, 0.171150425406138, 0.6828167204797295], "k_pid_alt": [1.5526026604815948, 0.92468828500513, 0.550295892436793], "k_pid_att": [7.915332974772249, 8.891562466233422, 0.6413421841154436], "k_pid_yaw": [0.5, 1e-06, 0.1], "k_pid_hsp": [8.207716555973885, 0.01589441629103272, 0.45909242874608513], "k_pid_vsp": [310.8865269532287, 335.32042213018906, 101.68689781333659]}, "datetime": {"datetime": "2025-08-13 14:06:41", "elapsed": 15529.012115716934, "delta": 31.871070623397827}, "costs": {"total_cost": 514.4201425471455, "time_cost": 116.94200000000001, "final_distance_cost": 1.8027853841449788, "oscillation_cost": 274.174836459592, "completition_cost": 0.0, "overshoot_cost": 59.69721317902398, "power_cost": 31.843089953613283, "noise_cost": 29.96021757077124, "n_waypoints_completed": 9, "tot_waypoints": 9}}
