{"target": -758.7788505564986, "params": {"k_pid_pos": [0.6445148439556952, 0.455260084894176, 0.6072752834546146], "k_pid_alt": [0.8447350220839187, 0.15993365087139022, 0.6894004304160434], "k_pid_att": [55.32777640374721, 9.742841044039913, 0.5447047232143927], "k_pid_yaw": [0.5, 1e-06, 0.1], "k_pid_hsp": [6.064308169950261, 0.7131438150926038, 0.5127107627056511], "k_pid_vsp": [104.074033664791, 353.5641703961042, 58.94319404002376]}, "datetime": {"datetime": "2025-08-13 19:28:28", "elapsed": 34836.46853733063, "delta": 31.95576500892639}, "costs": {"total_cost": 758.7788505564986, "time_cost": 118.07600000000001, "final_distance_cost": 1.7602958466677159, "oscillation_cost": 514.5380923663391, "completition_cost": 0.0, "overshoot_cost": 56.21673803496658, "power_cost": 38.707096484375, "noise_cost": 29.48062782415019, "n_waypoints_completed": 9, "tot_waypoints": 9}}
{"target": -722.4312538219933, "params": {"k_pid_pos": [1.273929451476653, 0.3518344701536845, 0.08517675841135297], "k_pid_alt": [1.1508836610373632, 0.25994472391258816, 0.09462042595883047], "k_pid_att": [49.368795473721406, 0.012214260646511184, 0.2747434432013147], "k_pid_yaw": [0.5, 1e-06, 0.1], "k_pid_hsp": [4.813704083584476, 0.9116177091496309, 0.9808457648581395], "k_pid_vsp": [86.31029818744112, 363.83558658908015, 46.623800532495466]}, "datetime": {"datetime": "2025-08-13 19:29:00", "elapsed": 34868.28011679649, "delta": 31.81157946586609}, "costs": {"total_cost": 722.4312538219933, "time_cost": 150, "final_distance_cost": 44.94115217255228, "oscillation_cost": 286.0185569958078, "completition_cost": 111.11111111111116, "overshoot_cost": 70.6108400593492, "power_cost": 29.820996484375, "noise_cost": 29.92859699879787, "n_waypoints_completed": 8, "tot_waypoints": 9}}
{"target": -492.77711601775394, "params": {"k_pid_pos": [1.7371451763201033, 0.2969400306205443, 0.7145769694077159], "k_pid_alt": [0.7648491160688484, 0.4340193712969139, 0.4671504864067161], "k_pid_att": [7.091025601823652, 5.7478248530386455, 0.4430816183742913], "k_pid_yaw": [0.5, 1e-06, 0.1], "k_pid_hsp": [7.743134167881231, 0.9944025865963271, 0.8336873313998572], "k_pid_vsp": [173.05252875356268, 22.62298781845363, 9.202958712797866]}, "datetime": {"datetime": "2025-08-13 19:29:30", "elapsed": 34898.53691506386, "delta": 30.256798267364502}, "costs": {"total_cost": 492.77711601775394, "time_cost": 100.57600000000001, "final_distance_cost": 1.7838500584699828, "oscillation_cost": 271.785273536917, "completition_cost": 0.0, "overshoot_cost": 55.88566025171904, "power_cost": 32.154461816406254, "noise_cost": 30.591870354241657, "n_waypoints_completed": 9, "tot_waypoints": 9}}
{"target": -415.5821013624825, "params": {"k_pid_pos": [1.9442706794394633, 0.8122508880768766, 0.801551594652213], "k_pid_alt": [1.305750684303206, 0.7291751442130319, 0.4293181048299878], "k_pid_att": [32.71852351476711, 3.505251897133289, 0.7214916112169806], "k_pid_yaw": [0.5, 1e-06, 0.1], "k_pid_hsp": [3.291949957462776, 0.5870241924267677, 0.5553184981190107], "k_pid_vsp": [245.28443134415076, 265.6649084889085, 50.7466808794812]}, "datetime": {"datetime": "2025-08-13 19:29:55", "elapsed": 34923.931500434875, "delta": 25.394585371017456}, "costs": {"total_cost": 415.5821013624825, "time_cost": 94.171, "final_distance_cost": 1.760234881259937, "oscillation_cost": 213.84347706715016, "completition_cost": 0.0, "overshoot_cost": 54.451521771247684, "power_cost": 27.54526052246094, "noise_cost": 23.810607120363766, "n_waypoints_completed": 9, "tot_waypoints": 9}}
{"target": -414.8047901768888, "params": {"k_pid_pos": [2.0, 1.0, 0.36603893312377744], "k_pid_alt": [1.4092927621910998, 0.0, 1.0], "k_pid_att": [40.3082854053758, 9.014816960474434, 0.3987536035695358], "k_pid_yaw": [0.5, 1e-06, 0.1], "k_pid_hsp": [3.1798235021773116, 0.0, 0.32530615195048046], "k_pid_vsp": [245.40896133790898, 283.82350474258703, 48.56642149494974]}, "datetime": {"datetime": "2025-08-13 19:30:22", "elapsed": 34950.953342199326, "delta": 27.021841764450073}, "costs": {"total_cost": 414.8047901768888, "time_cost": 94.129, "final_distance_cost": 1.7486714789231799, "oscillation_cost": 194.89818193580504, "completition_cost": 0.0, "overshoot_cost": 62.866147079075034, "power_cost": 33.53673837890625, "noise_cost": 27.62605130417926, "n_waypoints_completed": 9, "tot_waypoints": 9}}
{"target": -1332.5113258596014, "params": {"k_pid_pos": [0.2026712263772204, 0.08311903555741762, 0.19150921673349286], "k_pid_alt": [1.9109753058947099, 0.0804104732904567, 0.1745941963291091], "k_pid_att": [70.48670945956911, 8.714645976493498, 0.3278567700216224], "k_pid_yaw": [0.5, 1e-06, 0.1], "k_pid_hsp": [4.874103105950811, 0.6659087178441377, 0.9182959729935023], "k_pid_vsp": [76.12077200689961, 359.1341509796374, 51.90055201019387]}, "datetime": {"datetime": "2025-08-13 19:30:56", "elapsed": 34984.23120331764, "delta": 33.27786111831665}, "costs": {"total_cost": 1332.5113258596014, "time_cost": 150, "final_distance_cost": 73.9217837122539, "oscillation_cost": 659.9811531738181, "completition_cost": 333.33333333333337, "overshoot_cost": 49.85713681098116, "power_cost": 37.18722104492188, "noise_cost": 28.230697784292946, "n_waypoints_completed": 6, "tot_waypoints": 9}}
{"target": -292.0965879380435, "params": {"k_pid_pos": [1.8217468758650888, 0.6506348369954896, 0.1637960262892082], "k_pid_alt": [1.601820905747113, 0.4167342972033551, 0.6665555768660977], "k_pid_att": [16.736476405089707, 4.6208021638917645, 0.2614508335465944], "k_pid_yaw": [0.5, 1e-06, 0.1], "k_pid_hsp": [3.0870916436664886, 0.03811511138052759, 0.032035279698933605], "k_pid_vsp": [290.3477918697716, 347.191202307092, 124.77818217258343]}, "datetime": {"datetime": "2025-08-13 19:31:21", "elapsed": 35009.409948825836, "delta": 25.17874550819397}, "costs": {"total_cost": 292.0965879380435, "time_cost": 91.96600000000001, "final_distance_cost": 1.8554441034338462, "oscillation_cost": 94.38373946895646, "completition_cost": 0.0, "overshoot_cost": 55.09487612694618, "power_cost": 26.246587512207032, "noise_cost": 22.549940726500004, "n_waypoints_completed": 9, "tot_waypoints": 9}}
{"target": -802.5295318340437, "params": {"k_pid_pos": [0.03057846519009649, 0.8176476707325475, 0.11496754636839379], "k_pid_alt": [1.6354084253733292, 0.367108612802468, 0.9853132533457031], "k_pid_att": [4.24187986836555, 3.965330419989465, 0.38865571612274896], "k_pid_yaw": [0.5, 1e-06, 0.1], "k_pid_hsp": [4.994610176266797, 0.6851966571920279, 0.564311748118783], "k_pid_vsp": [154.3671385357906, 20.271593310943768, 5.570341208724588]}, "datetime": {"datetime": "2025-08-13 19:31:53", "elapsed": 35041.11564064026, "delta": 31.705691814422607}, "costs": {"total_cost": 802.5295318340437, "time_cost": 150, "final_distance_cost": 68.18297665164089, "oscillation_cost": 141.50609049060014, "completition_cost": 333.33333333333337, "overshoot_cost": 51.76769719069992, "power_cost": 25.52756015625, "noise_cost": 32.21187401151937, "n_waypoints_completed": 6, "tot_waypoints": 9}}
{"target": -375.85870552264015, "params": {"k_pid_pos": [1.2023472812664608, 0.505332268219773, 0.8000568045553974], "k_pid_alt": [1.8346280755580775, 0.1169550449818062, 0.07355886121998989], "k_pid_att": [8.429789954237831, 1.6174737744636103, 0.8564729854905162], "k_pid_yaw": [0.5, 1e-06, 0.1], "k_pid_hsp": [3.2651125310173206, 0.9646898190992222, 0.6411688342684576], "k_pid_vsp": [172.73146118841615, 23.543867111357535, 4.0054936748724375]}, "datetime": {"datetime": "2025-08-13 19:32:19", "elapsed": 35067.49206161499, "delta": 26.376420974731445}, "costs": {"total_cost": 375.85870552264015, "time_cost": 98.602, "final_distance_cost": 1.7393787199133495, "oscillation_cost": 177.64200293169444, "completition_cost": 0.0, "overshoot_cost": 53.56051927976405, "power_cost": 17.96443388671875, "noise_cost": 26.350370704549576, "n_waypoints_completed": 9, "tot_waypoints": 9}}
{"target": -738.4993765686414, "params": {"k_pid_pos": [0.5180382737661304, 0.917880449945097, 0.8385063164531255], "k_pid_alt": [1.4594067912553097, 0.6544550261683079, 0.7048993649194295], "k_pid_att": [14.143914408705527, 5.588352121460939, 0.41987879562084984], "k_pid_yaw": [0.5, 1e-06, 0.1], "k_pid_hsp": [6.042676624524492, 0.17484286555815687, 0.697276978749001], "k_pid_vsp": [293.90175497697123, 341.40713839947693, 117.67643565111311]}, "datetime": {"datetime": "2025-08-13 19:32:50", "elapsed": 35098.453926086426, "delta": 30.961864471435547}, "costs": {"total_cost": 738.4993765686414, "time_cost": 150, "final_distance_cost": 17.499265207350515, "oscillation_cost": 338.7851998321934, "completition_cost": 111.11111111111116, "overshoot_cost": 59.805707680707066, "power_cost": 33.07564063720703, "noise_cost": 28.222452100072275, "n_waypoints_completed": 8, "tot_waypoints": 9}}
{"target": -346.49631021175713, "params": {"k_pid_pos": [1.9301929715769168, 0.645819942599928, 0.1594441046255396], "k_pid_alt": [1.9260419933888902, 0.43164290669531835, 0.2886067008907258], "k_pid_att": [19.930920499245243, 9.622225002297185, 0.7076063006515921], "k_pid_yaw": [0.5, 1e-06, 0.1], "k_pid_hsp": [6.095121002280852, 0.032871569705174686, 0.11582667756744436], "k_pid_vsp": [300.61463628795894, 324.2363290763934, 78.2211886874834]}, "datetime": {"datetime": "2025-08-13 19:33:21", "elapsed": 35129.62935757637, "delta": 31.175431489944458}, "costs": {"total_cost": 346.49631021175713, "time_cost": 103.845, "final_distance_cost": 1.7667212173448354, "oscillation_cost": 123.07456058081144, "completition_cost": 0.0, "overshoot_cost": 58.1330976763026, "power_cost": 31.587548571777344, "noise_cost": 28.089382165520906, "n_waypoints_completed": 9, "tot_waypoints": 9}}
{"target": -749.2542751293719, "params": {"k_pid_pos": [0.3027696945896397, 0.6472093426505455, 0.5055513046614434], "k_pid_alt": [1.9566743980886458, 0.5472500670314681, 0.39234191084391523], "k_pid_att": [59.00014572414779, 6.600827665858181, 0.8094974157487652], "k_pid_yaw": [0.5, 1e-06, 0.1], "k_pid_hsp": [9.83194380694176, 0.08470021424863905, 0.3690421835017783], "k_pid_vsp": [97.49435539065843, 366.8176856017043, 63.04563208353178]}, "datetime": {"datetime": "2025-08-13 19:33:54", "elapsed": 35162.26014614105, "delta": 32.63078856468201}, "costs": {"total_cost": 749.2542751293719, "time_cost": 118.762, "final_distance_cost": 1.7877890722926042, "oscillation_cost": 510.6571340583957, "completition_cost": 0.0, "overshoot_cost": 55.80661579296782, "power_cost": 33.96714509277344, "noise_cost": 28.27359111294234, "n_waypoints_completed": 9, "tot_waypoints": 9}}
{"target": -958.8703333174185, "params": {"k_pid_pos": [0.5209881869302821, 0.2729852640644418, 0.9592216640455289], "k_pid_alt": [1.5139459882221487, 0.5410043738221664, 0.33508161556565264], "k_pid_att": [42.10195480496572, 9.558792324691831, 0.8137056591496216], "k_pid_yaw": [0.5, 1e-06, 0.1], "k_pid_hsp": [5.321464904623372, 0.3177312937787172, 0.48999865173146007], "k_pid_vsp": [237.32095270590946, 282.6310266604256, 48.04660346895634]}, "datetime": {"datetime": "2025-08-13 19:34:26", "elapsed": 35193.99841785431, "delta": 31.738271713256836}, "costs": {"total_cost": 958.8703333174185, "time_cost": 150, "final_distance_cost": 45.080706865910486, "oscillation_cost": 542.0006043015975, "completition_cost": 111.11111111111116, "overshoot_cost": 54.691195656564695, "power_cost": 29.31517353515625, "noise_cost": 26.67154184707837, "n_waypoints_completed": 8, "tot_waypoints": 9}}
{"target": -668.8604592299429, "params": {"k_pid_pos": [0.5606647813290081, 0.23519018749441134, 0.6751165561894586], "k_pid_alt": [0.6680621541520009, 0.05323468233948392, 0.3520706731385922], "k_pid_att": [5.347124123076929, 2.7754355457567454, 0.727214718716728], "k_pid_yaw": [0.5, 1e-06, 0.1], "k_pid_hsp": [1.6719304099953956, 0.28730794510138624, 0.26859095290728086], "k_pid_vsp": [271.73214873718183, 270.6970115946325, 42.74325491038708]}, "datetime": {"datetime": "2025-08-13 19:34:58", "elapsed": 35226.13656759262, "delta": 32.13814973831177}, "costs": {"total_cost": 668.8604592299429, "time_cost": 150, "final_distance_cost": 71.30850923279341, "oscillation_cost": 116.61535118741277, "completition_cost": 222.2222222222222, "overshoot_cost": 45.143239918647694, "power_cost": 34.812150024414066, "noise_cost": 28.7589866444527, "n_waypoints_completed": 7, "tot_waypoints": 9}}
{"target": -569.311630488623, "params": {"k_pid_pos": [0.38419411683255383, 0.2694880216654836, 0.9876917334402444], "k_pid_alt": [1.0733186549195857, 0.8973219790361007, 0.2999633273737037], "k_pid_att": [18.95917062318255, 6.8099704448074085, 0.5532651188518144], "k_pid_yaw": [0.5, 1e-06, 0.1], "k_pid_hsp": [4.661008290844731, 0.9410252610732676, 0.028733907287807448], "k_pid_vsp": [193.81864384820466, 301.865517276566, 31.816671000940204]}, "datetime": {"datetime": "2025-08-13 19:35:29", "elapsed": 35257.51337957382, "delta": 31.376811981201172}, "costs": {"total_cost": 569.311630488623, "time_cost": 150, "final_distance_cost": 8.739643985429964, "oscillation_cost": 190.0459577665329, "completition_cost": 111.11111111111116, "overshoot_cost": 63.80640546517338, "power_cost": 19.145193347167968, "noise_cost": 26.463318813207707, "n_waypoints_completed": 8, "tot_waypoints": 9}}
{"target": -1171.4277513958652, "params": {"k_pid_pos": [0.4551630357746486, 0.0868256229670924, 0.8392299874026006], "k_pid_alt": [1.4675422988753246, 0.7916843151371714, 0.08775647137465137], "k_pid_att": [2.3238589952599864, 8.419094616671774, 0.6284667472807584], "k_pid_yaw": [0.5, 1e-06, 0.1], "k_pid_hsp": [8.623864852582969, 0.500765481343358, 0.5923560750243697], "k_pid_vsp": [305.38302647961626, 353.23534704692497, 114.069569142716]}, "datetime": {"datetime": "2025-08-13 19:36:01", "elapsed": 35289.21144723892, "delta": 31.698067665100098}, "costs": {"total_cost": 1171.4277513958652, "time_cost": 150, "final_distance_cost": 45.29241264036499, "oscillation_cost": 396.3708152091333, "completition_cost": 444.4444444444444, "overshoot_cost": 60.96514538466274, "power_cost": 41.76567529296875, "noise_cost": 32.589258424291096, "n_waypoints_completed": 5, "tot_waypoints": 9}}
{"target": -478.0129231759649, "params": {"k_pid_pos": [0.9651292971677529, 0.6719327462548482, 0.7992565817252001], "k_pid_alt": [1.3964639382557653, 0.7281811325724279, 0.23795494605241618], "k_pid_att": [10.03729391468815, 5.112207686418644, 0.16347489463808784], "k_pid_yaw": [0.5, 1e-06, 0.1], "k_pid_hsp": [7.183667187193981, 0.4194101208119144, 0.10663724707099487], "k_pid_vsp": [311.17717912129444, 354.6844065241525, 118.24466529694973]}, "datetime": {"datetime": "2025-08-13 19:36:29", "elapsed": 35317.807959795, "delta": 28.59651255607605}, "costs": {"total_cost": 478.0129231759649, "time_cost": 95.431, "final_distance_cost": 1.7827757280856404, "oscillation_cost": 271.72084008044897, "completition_cost": 0.0, "overshoot_cost": 56.88068380334541, "power_cost": 27.99321130371094, "noise_cost": 24.204412260373953, "n_waypoints_completed": 9, "tot_waypoints": 9}}
{"target": -442.56301059326006, "params": {"k_pid_pos": [1.8483527471781824, 0.6353721820416292, 0.7067346098878801], "k_pid_alt": [1.9909321862073768, 0.9671234568612169, 0.888106151409655], "k_pid_att": [27.690512593184767, 2.73761264301283, 0.3360103768562088], "k_pid_yaw": [0.5, 1e-06, 0.1], "k_pid_hsp": [8.625009647758494, 0.7617840232137411, 0.21415797449033136], "k_pid_vsp": [106.88355031388923, 354.03379910386207, 52.49541340903319]}, "datetime": {"datetime": "2025-08-13 19:36:54", "elapsed": 35342.00439333916, "delta": 24.196433544158936}, "costs": {"total_cost": 442.56301059326006, "time_cost": 81.599, "final_distance_cost": 1.7485375945914179, "oscillation_cost": 262.88881669168643, "completition_cost": 0.0, "overshoot_cost": 52.41768748430396, "power_cost": 23.471363098144533, "noise_cost": 20.437605724533743, "n_waypoints_completed": 9, "tot_waypoints": 9}}
{"target": -593.9372080281748, "params": {"k_pid_pos": [1.9065348092370231, 0.9959340517933377, 0.3322446702315667], "k_pid_alt": [1.7776597928420426, 0.5982375835341042, 0.9058662954617507], "k_pid_att": [16.489861329550624, 4.7120679432904895, 0.7429567849041842], "k_pid_yaw": [0.5, 1e-06, 0.1], "k_pid_hsp": [5.7110665728006325, 0.7422358558184105, 0.9592263022406121], "k_pid_vsp": [165.88166227002438, 27.692924405850412, 6.540628414216412]}, "datetime": {"datetime": "2025-08-13 19:37:25", "elapsed": 35373.82323098183, "delta": 31.818837642669678}, "costs": {"total_cost": 593.9372080281748, "time_cost": 150, "final_distance_cost": 23.883105463154347, "oscillation_cost": 192.9687728415523, "completition_cost": 111.11111111111116, "overshoot_cost": 63.46475763909366, "power_cost": 21.538265576171877, "noise_cost": 30.971195397091524, "n_waypoints_completed": 8, "tot_waypoints": 9}}
{"target": -417.7343273195188, "params": {"k_pid_pos": [1.536658478390233, 0.11180245022160418, 0.7326103313570131], "k_pid_alt": [0.02909739375051501, 0.179311906804963, 0.13450630422625698], "k_pid_att": [4.69295066200085, 7.885331646104637, 0.6145870747024822], "k_pid_yaw": [0.5, 1e-06, 0.1], "k_pid_hsp": [9.882112603805382, 0.7222415134604089, 0.7236216372240003], "k_pid_vsp": [292.3048311750805, 279.12183170708926, 67.58438614785655]}, "datetime": {"datetime": "2025-08-13 19:37:54", "elapsed": 35402.80701446533, "delta": 28.98378348350525}, "costs": {"total_cost": 417.7343273195188, "time_cost": 103.054, "final_distance_cost": 1.7947082325770265, "oscillation_cost": 196.69813223482748, "completition_cost": 0.0, "overshoot_cost": 64.8695847563755, "power_cost": 27.107964013671875, "noise_cost": 24.20993808206686, "n_waypoints_completed": 9, "tot_waypoints": 9}}
{"target": -366.8645133977356, "params": {"k_pid_pos": [0.9078690170716267, 0.7880079287202563, 0.14297646406877884], "k_pid_alt": [1.6771237389357598, 0.7658322135984335, 0.1154702792696598], "k_pid_att": [6.414660442708953, 5.408316260031595, 0.5203746778682851], "k_pid_yaw": [0.5, 1e-06, 0.1], "k_pid_hsp": [3.0030576351156175, 0.3949986294632116, 0.4766527071741604], "k_pid_vsp": [311.7053077189749, 350.5947237053613, 104.29469584358804]}, "datetime": {"datetime": "2025-08-13 19:38:21", "elapsed": 35429.498762369156, "delta": 26.691747903823853}, "costs": {"total_cost": 366.8645133977356, "time_cost": 97.86, "final_distance_cost": 1.7748257136804941, "oscillation_cost": 150.7928519113994, "completition_cost": 0.0, "overshoot_cost": 59.78412195190647, "power_cost": 31.085806567382814, "noise_cost": 25.56690725336644, "n_waypoints_completed": 9, "tot_waypoints": 9}}
{"target": -1160.8189319290818, "params": {"k_pid_pos": [0.025131044592912127, 0.9939032279395502, 0.42549447546375285], "k_pid_alt": [0.42636106710527844, 0.46735787166499665, 0.03790853349049905], "k_pid_att": [10.2199306085358, 0.17227211268738749, 0.6055105301408649], "k_pid_yaw": [0.5, 1e-06, 0.1], "k_pid_hsp": [4.47274252776815, 0.317844112048273, 0.499327699986159], "k_pid_vsp": [291.378631096069, 346.9767367440478, 120.55779244001971]}, "datetime": {"datetime": "2025-08-13 19:38:55", "elapsed": 35463.26628804207, "delta": 33.7675256729126}, "costs": {"total_cost": 1160.8189319290818, "time_cost": 150, "final_distance_cost": 64.48665767948086, "oscillation_cost": 168.3894687524112, "completition_cost": 666.6666666666667, "overshoot_cost": 53.38188301577857, "power_cost": 29.843194372558596, "noise_cost": 28.05106144218577, "n_waypoints_completed": 3, "tot_waypoints": 9}}
{"target": -404.441846879154, "params": {"k_pid_pos": [1.395271165978745, 0.6873095665656318, 0.4351873111084559], "k_pid_alt": [1.1987587047791508, 0.4190522102355545, 0.6374551528949741], "k_pid_att": [19.35964150428492, 4.6426931753886205, 0.6226663250892199], "k_pid_yaw": [0.5, 1e-06, 0.1], "k_pid_hsp": [5.805136087024366, 0.3464801569554333, 0.14861660730188087], "k_pid_vsp": [299.53625904631195, 346.76714455395376, 118.35990935619296]}, "datetime": {"datetime": "2025-08-13 19:39:27", "elapsed": 35495.7784011364, "delta": 32.512113094329834}, "costs": {"total_cost": 404.441846879154, "time_cost": 93.415, "final_distance_cost": 1.7629223483339667, "oscillation_cost": 199.3251730416528, "completition_cost": 0.0, "overshoot_cost": 55.43022282300756, "power_cost": 29.60088739013672, "noise_cost": 24.907641276022968, "n_waypoints_completed": 9, "tot_waypoints": 9}}
{"target": -256.93071881978574, "params": {"k_pid_pos": [1.6814858766121705, 0.6215644791249453, 0.347953835735387], "k_pid_alt": [0.8473731583275292, 0.23000201972140613, 0.5887093753942896], "k_pid_att": [13.736393875678361, 6.170465239847463, 0.7099974196436932], "k_pid_yaw": [0.5, 1e-06, 0.1], "k_pid_hsp": [4.407724202454037, 0.5947461978251881, 0.0], "k_pid_vsp": [166.48627710956836, 13.098663804367852, 21.8247606963147]}, "datetime": {"datetime": "2025-08-13 19:39:57", "elapsed": 35525.12969970703, "delta": 29.351298570632935}, "costs": {"total_cost": 256.93071881978574, "time_cost": 97.083, "final_distance_cost": 1.7853359989640927, "oscillation_cost": 53.026704521871544, "completition_cost": 0.0, "overshoot_cost": 54.718676747829484, "power_cost": 25.83550574951172, "noise_cost": 24.481495801608908, "n_waypoints_completed": 9, "tot_waypoints": 9}}
