{"target": -520.7846903310384, "params": {"k_pid_pos": [1.8796003337152902, 0.07770584719841056, 0.14426717836334557], "k_pid_alt": [0.4767802076862797, 0.986134495954249, 0.09714541928144316], "k_pid_att": [21.47500228626672, 1.9652023355992945, 0.9620769232056953], "k_pid_yaw": [0.5, 1e-06, 0.1], "k_pid_hsp": [3.268384788500425, 0.3436738745279243, 0.7639636647920163], "k_pid_vsp": [271.3864151008221, 341.9408645106028, 100.89587209097932]}, "datetime": {"datetime": "2025-08-13 23:38:05", "elapsed": 49813.152594566345, "delta": 39.79704689979553}, "costs": {"total_cost": 520.7846903310384, "time_cost": 110.131, "final_distance_cost": 1.774312851839753, "oscillation_cost": 284.356964312324, "completition_cost": 0.0, "overshoot_cost": 64.65626905424455, "power_cost": 31.245485974121095, "noise_cost": 28.620658138508958, "n_waypoints_completed": 9, "tot_waypoints": 9}}
{"target": -1252.5013732457476, "params": {"k_pid_pos": [1.386073741455021, 0.6305435212659998, 0.9372836355579015], "k_pid_alt": [0.16324476348030825, 0.002388102133637937, 0.7407582846803168], "k_pid_att": [25.080441983260037, 5.907390419146138, 0.6293880383878443], "k_pid_yaw": [0.5, 1e-06, 0.1], "k_pid_hsp": [1.8966327628084894, 0.6388452471304351, 0.7327898174642757], "k_pid_vsp": [113.12645736152116, 348.1987957355497, 51.087470565357286]}, "datetime": {"datetime": "2025-08-13 23:38:43", "elapsed": 49851.76470041275, "delta": 38.61210584640503}, "costs": {"total_cost": 1252.5013732457476, "time_cost": 150, "final_distance_cost": 46.74414161858503, "oscillation_cost": 374.71429736202805, "completition_cost": 555.5555555555555, "overshoot_cost": 56.520610148041015, "power_cost": 37.944626489257814, "noise_cost": 31.022142072280026, "n_waypoints_completed": 4, "tot_waypoints": 9}}
{"target": -453.9184505489975, "params": {"k_pid_pos": [1.743793184034872, 0.20801690685715712, 0.6391181085239758], "k_pid_alt": [0.8146647895328796, 0.1281287731741234, 0.9886339770816982], "k_pid_att": [14.76361788965821, 3.1986085114197134, 0.769565109763661], "k_pid_yaw": [0.5, 1e-06, 0.1], "k_pid_hsp": [6.066989540024999, 0.8807839819043783, 0.7306673096634108], "k_pid_vsp": [174.10202680354715, 31.665563903187998, 2.0772536660125334]}, "datetime": {"datetime": "2025-08-13 23:39:23", "elapsed": 49891.239758491516, "delta": 39.47505807876587}, "costs": {"total_cost": 453.9184505489975, "time_cost": 95.84400000000001, "final_distance_cost": 1.7869672391803404, "oscillation_cost": 247.9204524392168, "completition_cost": 0.0, "overshoot_cost": 53.322401348386904, "power_cost": 26.837283007812502, "noise_cost": 28.207346514400918, "n_waypoints_completed": 9, "tot_waypoints": 9}}
{"target": -724.7597550144726, "params": {"k_pid_pos": [0.8877728263309881, 0.23799481769174624, 0.9387798464065276], "k_pid_alt": [0.5660537360209648, 0.2811475513640359, 0.3437160076936271], "k_pid_att": [6.714791554940858, 7.428406063842179, 0.6047355084983941], "k_pid_yaw": [0.5, 1e-06, 0.1], "k_pid_hsp": [9.326615482007282, 0.9582575638282842, 0.7077847572675051], "k_pid_vsp": [263.68342043183196, 272.2811723259784, 47.92148778466264]}, "datetime": {"datetime": "2025-08-13 23:40:01", "elapsed": 49929.127607584, "delta": 37.88784909248352}, "costs": {"total_cost": 724.7597550144726, "time_cost": 150, "final_distance_cost": 20.49575531108849, "oscillation_cost": 319.4790096844349, "completition_cost": 111.11111111111116, "overshoot_cost": 58.54422838127713, "power_cost": 34.27296793212891, "noise_cost": 30.85668259443194, "n_waypoints_completed": 8, "tot_waypoints": 9}}
{"target": -833.7566676452064, "params": {"k_pid_pos": [1.05581711477956, 0.7776069142710035, 0.5369522012267302], "k_pid_alt": [1.7251887904312562, 0.4256270227719262, 0.16050404103149163], "k_pid_att": [23.281657464907045, 6.603379222412622, 0.42562358551764323], "k_pid_yaw": [0.5, 1e-06, 0.1], "k_pid_hsp": [8.106337816270711, 0.6923479789236472, 0.9259706805681178], "k_pid_vsp": [163.1557749557912, 28.787283849853484, 1.5951916249927705]}, "datetime": {"datetime": "2025-08-13 23:40:42", "elapsed": 49970.50260472298, "delta": 41.37499713897705}, "costs": {"total_cost": 833.7566676452064, "time_cost": 150, "final_distance_cost": 4.272026082233158, "oscillation_cost": 443.1633339355336, "completition_cost": 111.11111111111116, "overshoot_cost": 58.94720471704389, "power_cost": 33.149371130371094, "noise_cost": 33.1136206689135, "n_waypoints_completed": 8, "tot_waypoints": 9}}
{"target": -299.72944446881456, "params": {"k_pid_pos": [1.0398410698880496, 0.020511112828338396, 0.4389748261687091], "k_pid_alt": [0.05716033947317789, 0.9430394269625264, 0.2940567816971861], "k_pid_att": [7.366629813405289, 3.59025861741964, 0.9844634723389446], "k_pid_yaw": [0.5, 1e-06, 0.1], "k_pid_hsp": [2.5631077995452967, 0.17431387822605104, 0.13173441843495515], "k_pid_vsp": [164.48959496905385, 25.923132862103085, 9.725543278148619]}, "datetime": {"datetime": "2025-08-13 23:41:17", "elapsed": 50005.918020009995, "delta": 35.41541528701782}, "costs": {"total_cost": 299.72944446881456, "time_cost": 93.366, "final_distance_cost": 1.8317768501617708, "oscillation_cost": 94.43346395861306, "completition_cost": 0.0, "overshoot_cost": 66.68966225357222, "power_cost": 20.150274829101562, "noise_cost": 23.2582665773659, "n_waypoints_completed": 9, "tot_waypoints": 9}}
{"target": -639.8642163101581, "params": {"k_pid_pos": [1.5768027469077963, 0.4321383119032426, 0.704255633249939], "k_pid_alt": [0.14157980576497198, 0.43420588443888164, 0.8821073077783553], "k_pid_att": [34.55496047062777, 1.94337829495923, 0.5531068996511178], "k_pid_yaw": [0.5, 1e-06, 0.1], "k_pid_hsp": [2.6926037054175382, 0.5302395915757806, 0.3016760630268457], "k_pid_vsp": [112.21012758570326, 351.6332980547742, 56.52256816727876]}, "datetime": {"datetime": "2025-08-13 23:41:53", "elapsed": 50041.47502326965, "delta": 35.55700325965881}, "costs": {"total_cost": 639.8642163101581, "time_cost": 112.11200000000001, "final_distance_cost": 1.794904443440577, "oscillation_cost": 400.5897856157242, "completition_cost": 0.0, "overshoot_cost": 66.14198153795574, "power_cost": 32.06837459716797, "noise_cost": 27.15717011586963, "n_waypoints_completed": 9, "tot_waypoints": 9}}
{"target": -619.9708811004506, "params": {"k_pid_pos": [1.5589842124054065, 0.8809309895897762, 0.41671466224564635], "k_pid_alt": [1.0422823077032721, 0.8551711025549237, 0.3715144597138833], "k_pid_att": [14.712827255812888, 0.6773076935430808, 0.4651636759231642], "k_pid_yaw": [0.5, 1e-06, 0.1], "k_pid_hsp": [5.358958460077419, 0.9288707952158937, 0.6356635562670729], "k_pid_vsp": [207.4050013411605, 304.50890584220355, 10.759766106760846]}, "datetime": {"datetime": "2025-08-13 23:42:30", "elapsed": 50078.83550739288, "delta": 37.36048412322998}, "costs": {"total_cost": 619.9708811004506, "time_cost": 150, "final_distance_cost": 25.7347126865314, "oscillation_cost": 204.4903764955585, "completition_cost": 111.11111111111116, "overshoot_cost": 63.94015076674437, "power_cost": 31.956095117187502, "noise_cost": 32.73843492331763, "n_waypoints_completed": 8, "tot_waypoints": 9}}
{"target": -411.37263590524435, "params": {"k_pid_pos": [1.2669319016883773, 0.5398287498644682, 0.9911161105966996], "k_pid_alt": [1.2085968514723477, 0.6804060014195475, 0.7866162655805601], "k_pid_att": [13.941057375782783, 0.5724729115290239, 0.7912759370187871], "k_pid_yaw": [0.5, 1e-06, 0.1], "k_pid_hsp": [6.0038173264332295, 0.7135107700403067, 0.7356799260326996], "k_pid_vsp": [276.72895304639803, 277.1076368925824, 54.707813675371185]}, "datetime": {"datetime": "2025-08-13 23:43:01", "elapsed": 50109.49168968201, "delta": 30.656182289123535}, "costs": {"total_cost": 411.37263590524435, "time_cost": 91.357, "final_distance_cost": 1.7456466498991343, "oscillation_cost": 223.10303382836986, "completition_cost": 0.0, "overshoot_cost": 55.05171628483173, "power_cost": 19.826371520996094, "noise_cost": 20.28886762114756, "n_waypoints_completed": 9, "tot_waypoints": 9}}
{"target": -238.59244594654905, "params": {"k_pid_pos": [0.9444426756622029, 0.30355457780067674, 0.44853611938044147], "k_pid_alt": [0.9602247222231794, 0.0027007298655452594, 0.24175224240928594], "k_pid_att": [22.849736372671934, 9.705654898399995, 0.38613152875395185], "k_pid_yaw": [0.5, 1e-06, 0.1], "k_pid_hsp": [7.54257332822764, 0.6929369413458036, 0.018886203712774607], "k_pid_vsp": [297.58993280776, 320.5839602908286, 78.96018410270477]}, "datetime": {"datetime": "2025-08-13 23:43:33", "elapsed": 50140.967301130295, "delta": 31.475611448287964}, "costs": {"total_cost": 238.59244594654905, "time_cost": 74.256, "final_distance_cost": 1.833562191537504, "oscillation_cost": 75.67152858020637, "completition_cost": 0.0, "overshoot_cost": 50.316075714979306, "power_cost": 18.295983740234377, "noise_cost": 18.219295719591507, "n_waypoints_completed": 9, "tot_waypoints": 9}}
{"target": -456.7399932436, "params": {"k_pid_pos": [1.2653962833308103, 0.12277156667188327, 0.477641257758185], "k_pid_alt": [1.797264923761112, 0.9629484590481076, 0.8664233077770569], "k_pid_att": [20.13553795270996, 0.22171870258046217, 0.6900368717632503], "k_pid_yaw": [0.5, 1e-06, 0.1], "k_pid_hsp": [5.962606279204166, 0.8902116653888406, 0.616761756839432], "k_pid_vsp": [303.02509847503666, 335.6098321035631, 104.25629730057351]}, "datetime": {"datetime": "2025-08-13 23:44:03", "elapsed": 50171.09301042557, "delta": 30.125709295272827}, "costs": {"total_cost": 456.7399932436, "time_cost": 84.777, "final_distance_cost": 1.7584367535598129, "oscillation_cost": 263.2120200202755, "completition_cost": 0.0, "overshoot_cost": 55.39783019759534, "power_cost": 28.387954040527344, "noise_cost": 23.206752231642035, "n_waypoints_completed": 9, "tot_waypoints": 9}}
{"target": -1447.6398388695998, "params": {"k_pid_pos": [0.7937846847786667, 0.8544617224523575, 0.6366359776094982], "k_pid_alt": [1.844726456627435, 0.3985590764754623, 0.21070469703696593], "k_pid_att": [2.969194091161198, 8.309833587764993, 0.9145697284996455], "k_pid_yaw": [0.5, 1e-06, 0.1], "k_pid_hsp": [0.05579180938641303, 0.6316718681092529, 0.7825018673204049], "k_pid_vsp": [299.1900395835331, 351.39244601727546, 109.95141039171656]}, "datetime": {"datetime": "2025-08-13 23:44:40", "elapsed": 50208.505405664444, "delta": 37.41239523887634}, "costs": {"total_cost": 1447.6398388695998, "time_cost": 150, "final_distance_cost": 62.201351036183844, "oscillation_cost": 301.6964385488521, "completition_cost": 777.7777777777778, "overshoot_cost": 81.39269173674907, "power_cost": 42.475932446289065, "noise_cost": 32.09564732374773, "n_waypoints_completed": 2, "tot_waypoints": 9}}
{"target": -414.11356924881335, "params": {"k_pid_pos": [0.9423363752411126, 0.3918561587323123, 0.7526989539066016], "k_pid_alt": [0.6881213264788892, 0.0362394273228307, 0.7665675993488017], "k_pid_att": [4.443249820053586, 7.265674670016299, 0.3196815948114061], "k_pid_yaw": [0.5, 1e-06, 0.1], "k_pid_hsp": [2.6780955505251023, 0.8258183700211129, 0.2007490873785811], "k_pid_vsp": [264.05678602877975, 269.11821680639457, 43.94828940626418]}, "datetime": {"datetime": "2025-08-13 23:45:24", "elapsed": 50252.28192996979, "delta": 43.77652430534363}, "costs": {"total_cost": 414.11356924881335, "time_cost": 102.074, "final_distance_cost": 1.8339576550308363, "oscillation_cost": 200.12318401240046, "completition_cost": 0.0, "overshoot_cost": 52.736226420326794, "power_cost": 30.14078026123047, "noise_cost": 27.205420899824823, "n_waypoints_completed": 9, "tot_waypoints": 9}}
{"target": -494.56499530682345, "params": {"k_pid_pos": [0.5022934162898517, 0.08370516660313831, 0.40848277831885627], "k_pid_alt": [1.30560776305547, 0.361866491289351, 0.9001775570649293], "k_pid_att": [27.151338134303316, 6.945610561451534, 0.6385833424972126], "k_pid_yaw": [0.5, 1e-06, 0.1], "k_pid_hsp": [4.008036605842401, 0.5799019690824582, 0.1770667780985523], "k_pid_vsp": [312.7134578953463, 347.9352581587988, 100.52914579547517]}, "datetime": {"datetime": "2025-08-13 23:45:55", "elapsed": 50283.20187020302, "delta": 30.91994023323059}, "costs": {"total_cost": 494.56499530682345, "time_cost": 91.441, "final_distance_cost": 1.776959980490479, "oscillation_cost": 299.62931963605496, "completition_cost": 0.0, "overshoot_cost": 54.25263516580052, "power_cost": 24.780303869628906, "noise_cost": 22.68477665484859, "n_waypoints_completed": 9, "tot_waypoints": 9}}
{"target": -297.0648697203327, "params": {"k_pid_pos": [1.6571716558904166, 0.9894952449699598, 0.31724424801475215], "k_pid_alt": [1.4382059934536753, 0.3350700570050157, 0.9347978648004637], "k_pid_att": [8.288857974208941, 6.55883340611943, 0.32381342980315353], "k_pid_yaw": [0.5, 1e-06, 0.1], "k_pid_hsp": [2.2540791648031586, 0.025934084781530364, 0.10476108898813541], "k_pid_vsp": [252.16635307947982, 283.2756181091203, 56.20798817267406]}, "datetime": {"datetime": "2025-08-13 23:46:28", "elapsed": 50316.898963451385, "delta": 33.69709324836731}, "costs": {"total_cost": 297.0648697203327, "time_cost": 83.503, "final_distance_cost": 1.7756211964924136, "oscillation_cost": 104.51214389147553, "completition_cost": 0.0, "overshoot_cost": 56.80891096279644, "power_cost": 27.04431318359375, "noise_cost": 23.420880485974607, "n_waypoints_completed": 9, "tot_waypoints": 9}}
{"target": -389.04251565829577, "params": {"k_pid_pos": [1.7836345415487107, 0.43002581730120326, 0.3664016032353322], "k_pid_alt": [1.3724560332292093, 0.49423613163266356, 0.9308544735326711], "k_pid_att": [24.728663191311938, 6.137502692348409, 0.6718281257164901], "k_pid_yaw": [0.5, 1e-06, 0.1], "k_pid_hsp": [9.187491565057993, 0.52307729596438, 0.10574888159460738], "k_pid_vsp": [255.57819284825212, 271.9963941502506, 44.200909228106696]}, "datetime": {"datetime": "2025-08-13 23:46:59", "elapsed": 50347.37386083603, "delta": 30.474897384643555}, "costs": {"total_cost": 389.04251565829577, "time_cost": 91.273, "final_distance_cost": 1.763767412277701, "oscillation_cost": 198.65853801980347, "completition_cost": 0.0, "overshoot_cost": 53.4752459542147, "power_cost": 22.13041295166016, "noise_cost": 21.74155132033974, "n_waypoints_completed": 9, "tot_waypoints": 9}}
{"target": -1102.9646903195144, "params": {"k_pid_pos": [0.4442976901015273, 0.648207822347483, 0.3536990337904773], "k_pid_alt": [0.65409594808582, 0.7805042916365033, 0.8872080888406668], "k_pid_att": [7.854752953354616, 7.38740815084054, 0.11717329075802585], "k_pid_yaw": [0.5, 1e-06, 0.1], "k_pid_hsp": [6.750619201299585, 0.5808840333564721, 0.5529814239724876], "k_pid_vsp": [165.38035603872174, 28.813351406612618, 18.13169691110465]}, "datetime": {"datetime": "2025-08-13 23:47:36", "elapsed": 50384.389728069305, "delta": 37.01586723327637}, "costs": {"total_cost": 1102.9646903195144, "time_cost": 150, "final_distance_cost": 47.38338463650765, "oscillation_cost": 347.6725052166103, "completition_cost": 444.4444444444444, "overshoot_cost": 46.537717419468464, "power_cost": 34.19087125244141, "noise_cost": 32.735767350042195, "n_waypoints_completed": 5, "tot_waypoints": 9}}
{"target": -360.26388551203695, "params": {"k_pid_pos": [1.3001446184262697, 0.8495970523157094, 0.970747502008938], "k_pid_alt": [1.1065292470207069, 0.19041921265412498, 0.4285802517626659], "k_pid_att": [23.78444114733117, 0.056530676738541036, 0.6420229857522338], "k_pid_yaw": [0.5, 1e-06, 0.1], "k_pid_hsp": [1.9733113784184446, 0.2864193854654705, 0.09873352066695384], "k_pid_vsp": [269.973028337971, 330.2603090944267, 104.43666721353482]}, "datetime": {"datetime": "2025-08-13 23:48:13", "elapsed": 50421.142359018326, "delta": 36.752630949020386}, "costs": {"total_cost": 360.26388551203695, "time_cost": 84.014, "final_distance_cost": 1.7343581092717664, "oscillation_cost": 182.29259577243582, "completition_cost": 0.0, "overshoot_cost": 51.169430035427865, "power_cost": 21.088232971191406, "noise_cost": 19.96526862371005, "n_waypoints_completed": 9, "tot_waypoints": 9}}
{"target": -888.232120240004, "params": {"k_pid_pos": [1.9882924447217225, 0.5833391963500766, 0.46197572361069206], "k_pid_alt": [0.11320637118905674, 0.21412467151629255, 0.9456382861529397], "k_pid_att": [20.464955007079144, 9.750954016738271, 0.265925178051742], "k_pid_yaw": [0.5, 1e-06, 0.1], "k_pid_hsp": [2.8929543841825542, 0.1139054935474082, 0.3099667281419134], "k_pid_vsp": [176.1166228831875, 5.843754291747997, 23.366528183227715]}, "datetime": {"datetime": "2025-08-13 23:48:56", "elapsed": 50464.77329802513, "delta": 43.63093900680542}, "costs": {"total_cost": 888.232120240004, "time_cost": 150, "final_distance_cost": 50.72893867486585, "oscillation_cost": 458.36660929759785, "completition_cost": 111.11111111111116, "overshoot_cost": 63.04831917027871, "power_cost": 26.618757531738282, "noise_cost": 28.358384454412114, "n_waypoints_completed": 8, "tot_waypoints": 9}}
{"target": -417.19005788740634, "params": {"k_pid_pos": [1.2500891204737847, 0.1621388978153786, 0.025180504820738192], "k_pid_alt": [0.8373386413644799, 0.6639945563584547, 0.6156654711283513], "k_pid_att": [10.604972939114887, 2.1333321969494676, 0.2357448364747513], "k_pid_yaw": [0.5, 1e-06, 0.1], "k_pid_hsp": [6.875648473639489, 0.648278412609385, 0.27092290479991343], "k_pid_vsp": [170.77852794749623, 14.373214094163485, 12.135931218461105]}, "datetime": {"datetime": "2025-08-13 23:49:28", "elapsed": 50496.063600063324, "delta": 31.29030203819275}, "costs": {"total_cost": 417.19005788740634, "time_cost": 94.486, "final_distance_cost": 1.784808304467083, "oscillation_cost": 208.8023707837409, "completition_cost": 0.0, "overshoot_cost": 58.27970837728425, "power_cost": 28.10207672119141, "noise_cost": 25.73509370072272, "n_waypoints_completed": 9, "tot_waypoints": 9}}
{"target": -471.59453772301, "params": {"k_pid_pos": [0.507266907627662, 0.5711078675071438, 0.2731752036536218], "k_pid_alt": [1.5197213489613486, 0.3090409955917971, 0.2888807150361684], "k_pid_att": [11.439565395940543, 2.906296939502257, 0.5353033997728678], "k_pid_yaw": [0.5, 1e-06, 0.1], "k_pid_hsp": [8.619345329694003, 0.43164622638693595, 0.550509013862829], "k_pid_vsp": [308.0055066779609, 339.769564381789, 93.06694371675528]}, "datetime": {"datetime": "2025-08-13 23:50:05", "elapsed": 50533.68954491615, "delta": 37.62594485282898}, "costs": {"total_cost": 471.59453772301, "time_cost": 115.759, "final_distance_cost": 1.7645392856174358, "oscillation_cost": 245.33504394098512, "completition_cost": 0.0, "overshoot_cost": 54.91611769781834, "power_cost": 27.769826953125, "noise_cost": 26.05000984546411, "n_waypoints_completed": 9, "tot_waypoints": 9}}
{"target": -1242.8737034966434, "params": {"k_pid_pos": [1.3227634344972479, 0.7167338993097445, 0.1946893741492376], "k_pid_alt": [0.04416608097462471, 0.5803114013083995, 0.15766407212179046], "k_pid_att": [7.648962902358736, 3.3589523550494094, 0.6043304226076781], "k_pid_yaw": [0.5, 1e-06, 0.1], "k_pid_hsp": [0.07737502839539318, 0.6122854403491057, 0.4357407585211145], "k_pid_vsp": [299.1312914962616, 324.46871022588675, 112.28482792962971]}, "datetime": {"datetime": "2025-08-13 23:50:43", "elapsed": 50571.354085445404, "delta": 37.6645405292511}, "costs": {"total_cost": 1242.8737034966434, "time_cost": 150, "final_distance_cost": 52.08841210281634, "oscillation_cost": 160.03193244957103, "completition_cost": 666.6666666666667, "overshoot_cost": 124.84582816474735, "power_cost": 50.45746795654297, "noise_cost": 38.78339615629902, "n_waypoints_completed": 3, "tot_waypoints": 9}}
{"target": -1555.6027612316582, "params": {"k_pid_pos": [0.03812595872024566, 0.06831391653293328, 0.682653059066286], "k_pid_alt": [0.7715745337704776, 0.8729862755160472, 0.44870181676646237], "k_pid_att": [8.805706453877738, 0.6966446372120276, 0.20914712809529212], "k_pid_yaw": [0.5, 1e-06, 0.1], "k_pid_hsp": [5.881756386835514, 0.13550401030308112, 0.10829989246770377], "k_pid_vsp": [190.72633779248315, 24.245329135772867, 1.4674038875247184]}, "datetime": {"datetime": "2025-08-13 23:51:20", "elapsed": 50608.86819577217, "delta": 37.51411032676697}, "costs": {"total_cost": 1555.6027612316582, "time_cost": 150, "final_distance_cost": 77.82899908467549, "oscillation_cost": 411.22327969119425, "completition_cost": 777.7777777777778, "overshoot_cost": 77.02722746072956, "power_cost": 28.466916137695314, "noise_cost": 33.278561079585664, "n_waypoints_completed": 2, "tot_waypoints": 9}}
{"target": -420.68266737249496, "params": {"k_pid_pos": [1.700395914660223, 0.9220751649620061, 0.5923962509727697], "k_pid_alt": [1.91774507994541, 0.686462583506601, 0.033806140479190616], "k_pid_att": [14.961732331513456, 2.046455193314101, 0.914451905694495], "k_pid_yaw": [0.5, 1e-06, 0.1], "k_pid_hsp": [6.444935462425531, 0.39071945237389805, 0.7029721680687835], "k_pid_vsp": [284.0505634290903, 276.419441478843, 38.88341109405212]}, "datetime": {"datetime": "2025-08-13 23:51:53", "elapsed": 50641.66846656799, "delta": 32.800270795822144}, "costs": {"total_cost": 420.68266737249496, "time_cost": 103.145, "final_distance_cost": 1.753266078822404, "oscillation_cost": 201.58746134593147, "completition_cost": 0.0, "overshoot_cost": 58.91688898140818, "power_cost": 29.016698681640626, "noise_cost": 26.263352284692292, "n_waypoints_completed": 9, "tot_waypoints": 9}}
