{"target": -415.0363119592564, "params": {"k_pid_pos": [1.99821856964532, 0.8145145542026297, 0.3208785300695989], "k_pid_alt": [1.3210475859389146, 0.40426746787831214, 0.20287882957169368], "k_pid_att": [15.15276134374508, 7.84789650492816, 0.77811225635342], "k_pid_yaw": [0.5, 1e-06, 0.1], "k_pid_hsp": [9.166497856785163, 0.40559453945798574, 0.3667329759570075], "k_pid_vsp": [166.30924667444367, 21.95899869260629, 8.490846359102468]}, "datetime": {"datetime": "2025-08-13 18:52:13", "elapsed": 32661.340711593628, "delta": 26.56606960296631}, "costs": {"total_cost": 415.0363119592564, "time_cost": 100.66, "final_distance_cost": 1.7344668849176836, "oscillation_cost": 201.6925318616253, "completition_cost": 0.0, "overshoot_cost": 59.26202972356957, "power_cost": 23.90059919433594, "noise_cost": 27.786684294807927, "n_waypoints_completed": 9, "tot_waypoints": 9}}
{"target": -297.06431018261577, "params": {"k_pid_pos": [0.8963773738762424, 0.31893648271969344, 0.10168476274061511], "k_pid_alt": [1.4712237099157406, 0.8133177297419787, 0.1003291952642732], "k_pid_att": [5.244687984010444, 1.1795867479384665, 0.9139559168040335], "k_pid_yaw": [0.5, 1e-06, 0.1], "k_pid_hsp": [4.8593054252892, 0.46946997803039614, 0.706457919625189], "k_pid_vsp": [166.28379332827149, 20.45155289257417, 11.13928487767116]}, "datetime": {"datetime": "2025-08-13 18:52:38", "elapsed": 32686.430281877518, "delta": 25.08957028388977}, "costs": {"total_cost": 297.06431018261577, "time_cost": 89.936, "final_distance_cost": 1.7264341468119921, "oscillation_cost": 105.29632631213569, "completition_cost": 0.0, "overshoot_cost": 56.30108189381887, "power_cost": 20.623130126953125, "noise_cost": 23.181337702896098, "n_waypoints_completed": 9, "tot_waypoints": 9}}
{"target": -457.3862290380078, "params": {"k_pid_pos": [0.8534701999302529, 0.7863791326605092, 0.5350737336947604], "k_pid_alt": [1.485226838913703, 0.8866393553693569, 0.9025514636550914], "k_pid_att": [17.261687792546965, 4.457760137556298, 0.8194140410735069], "k_pid_yaw": [0.5, 1e-06, 0.1], "k_pid_hsp": [6.030132946068632, 0.9385596318808622, 0.9856814444747775], "k_pid_vsp": [303.25440435524797, 343.39286152604853, 121.19815864797597]}, "datetime": {"datetime": "2025-08-13 18:53:06", "elapsed": 32714.21426486969, "delta": 27.78398299217224}, "costs": {"total_cost": 457.3862290380078, "time_cost": 105.056, "final_distance_cost": 1.7876663398624375, "oscillation_cost": 252.4594190525354, "completition_cost": 0.0, "overshoot_cost": 54.19514196688991, "power_cost": 21.43642813720703, "noise_cost": 22.451573541512968, "n_waypoints_completed": 9, "tot_waypoints": 9}}
{"target": -924.9821096561525, "params": {"k_pid_pos": [1.4279176391797377, 0.15635769985788417, 0.8942460311467002], "k_pid_alt": [1.1265252670004517, 0.9415597364560336, 0.4043875162209406], "k_pid_att": [19.596304935940523, 1.5545241548069302, 0.9754960669044592], "k_pid_yaw": [0.5, 1e-06, 0.1], "k_pid_hsp": [1.4764245612675326, 0.7896363706610806, 0.9051225464045071], "k_pid_vsp": [291.52225560781886, 321.4517971355475, 103.92548158303184]}, "datetime": {"datetime": "2025-08-13 18:53:38", "elapsed": 32746.79295539856, "delta": 32.57869052886963}, "costs": {"total_cost": 924.9821096561525, "time_cost": 150, "final_distance_cost": 60.86663502619237, "oscillation_cost": 368.0877311997366, "completition_cost": 222.2222222222222, "overshoot_cost": 57.55499983362032, "power_cost": 35.50634049072266, "noise_cost": 30.744180883658334, "n_waypoints_completed": 7, "tot_waypoints": 9}}
{"target": -1126.7411011742197, "params": {"k_pid_pos": [0.4826579166271021, 0.24979683638183925, 0.9034875854098651], "k_pid_alt": [1.3301522272588064, 0.9379370161517706, 0.383894686801467], "k_pid_att": [12.137336571750401, 5.807302049787665, 0.19646319519191635], "k_pid_yaw": [0.5, 1e-06, 0.1], "k_pid_hsp": [8.423027106101594, 0.09950529649530215, 0.9431802929559221], "k_pid_vsp": [162.21978977915396, 18.841900369364353, 18.45482429071712]}, "datetime": {"datetime": "2025-08-13 18:54:10", "elapsed": 32778.0547106266, "delta": 31.261755228042603}, "costs": {"total_cost": 1126.7411011742197, "time_cost": 150, "final_distance_cost": 79.25663252495379, "oscillation_cost": 451.1895253740976, "completition_cost": 333.33333333333337, "overshoot_cost": 48.576157036713276, "power_cost": 33.18631685791016, "noise_cost": 31.199136047211308, "n_waypoints_completed": 6, "tot_waypoints": 9}}
{"target": -456.7390127443726, "params": {"k_pid_pos": [0.6382712175621132, 0.9398314679258192, 0.8826607025761188], "k_pid_alt": [1.3086125424881312, 0.8930690455702899, 0.2913343570676049], "k_pid_att": [14.942375680261776, 6.019907870100825, 0.9419835748954202], "k_pid_yaw": [0.5, 1e-06, 0.1], "k_pid_hsp": [3.0889799025031532, 0.31703096177196355, 0.29207371281685723], "k_pid_vsp": [197.76325993039214, 300.0384861768115, 28.646986548212862]}, "datetime": {"datetime": "2025-08-13 18:54:41", "elapsed": 32809.90150475502, "delta": 31.84679412841797}, "costs": {"total_cost": 456.7390127443726, "time_cost": 118.412, "final_distance_cost": 1.8112531365162015, "oscillation_cost": 227.12688872978936, "completition_cost": 0.0, "overshoot_cost": 56.5478018702603, "power_cost": 27.002093615722657, "noise_cost": 25.83897539208414, "n_waypoints_completed": 9, "tot_waypoints": 9}}
{"target": -1419.2203690917613, "params": {"k_pid_pos": [0.135171062469374, 0.05711724505968152, 0.8105354861673116], "k_pid_alt": [0.46710080539992194, 0.9166774096694311, 0.3288285079171671], "k_pid_att": [15.576128327475292, 5.916791000071045, 0.6641224146868211], "k_pid_yaw": [0.5, 1e-06, 0.1], "k_pid_hsp": [5.6879711061837455, 0.2776048821786702, 0.7580890582123331], "k_pid_vsp": [294.75795398128287, 331.5398114079346, 101.31226633997515]}, "datetime": {"datetime": "2025-08-13 18:55:14", "elapsed": 32842.059482336044, "delta": 32.15797758102417}, "costs": {"total_cost": 1419.2203690917613, "time_cost": 150, "final_distance_cost": 52.50130140598614, "oscillation_cost": 418.4868298669373, "completition_cost": 666.6666666666667, "overshoot_cost": 72.37965918985579, "power_cost": 30.377127917480472, "noise_cost": 28.808784044835036, "n_waypoints_completed": 3, "tot_waypoints": 9}}
{"target": -351.509086348198, "params": {"k_pid_pos": [1.6664373453741914, 0.025637601009427802, 0.11835238425424854], "k_pid_alt": [0.6564722768762126, 0.3933519832498662, 0.19770259204397256], "k_pid_att": [8.211621927231572, 6.8273740723594125, 0.6900430692699422], "k_pid_yaw": [0.5, 1e-06, 0.1], "k_pid_hsp": [2.6737479382445146, 0.3945153978199415, 0.38467242864846507], "k_pid_vsp": [155.27922770708767, 23.710109612615447, 5.421934745332075]}, "datetime": {"datetime": "2025-08-13 18:55:39", "elapsed": 32867.83385872841, "delta": 25.774376392364502}, "costs": {"total_cost": 351.509086348198, "time_cost": 91.18900000000001, "final_distance_cost": 1.7868615481749484, "oscillation_cost": 149.9798815627633, "completition_cost": 0.0, "overshoot_cost": 56.0634187391311, "power_cost": 26.086613671875, "noise_cost": 26.40331082625362, "n_waypoints_completed": 9, "tot_waypoints": 9}}
{"target": -374.538131490985, "params": {"k_pid_pos": [1.6427808845238998, 0.10596774636290107, 0.9608075303110313], "k_pid_alt": [1.7869330070814236, 0.5550708659666563, 0.30663333678068017], "k_pid_att": [10.066338961894894, 3.021980428018176, 0.16915993807796315], "k_pid_yaw": [0.5, 1e-06, 0.1], "k_pid_hsp": [9.169760453686802, 0.6988633752765376, 0.23662104718076893], "k_pid_vsp": [253.029955370901, 277.7356381406019, 46.83297544832805]}, "datetime": {"datetime": "2025-08-13 18:56:00", "elapsed": 32888.46264386177, "delta": 20.628785133361816}, "costs": {"total_cost": 374.538131490985, "time_cost": 76.265, "final_distance_cost": 1.804100209716427, "oscillation_cost": 205.7402331804345, "completition_cost": 0.0, "overshoot_cost": 50.44226294539942, "power_cost": 20.9578197265625, "noise_cost": 19.328715428872147, "n_waypoints_completed": 9, "tot_waypoints": 9}}
{"target": -805.4528530918928, "params": {"k_pid_pos": [0.5780425626424504, 0.8368876816912578, 0.23202305096340725], "k_pid_alt": [1.3236996156995742, 0.23146205326950497, 0.3486212178768605], "k_pid_att": [25.812209135413646, 9.673715710130654, 0.5087914477042309], "k_pid_yaw": [0.5, 1e-06, 0.1], "k_pid_hsp": [7.524156010282924, 0.17745420748073615, 0.1801193902418594], "k_pid_vsp": [161.1500969598795, 13.577318361395912, 25.2954166260034]}, "datetime": {"datetime": "2025-08-13 18:56:32", "elapsed": 32920.853568553925, "delta": 32.39092469215393}, "costs": {"total_cost": 805.4528530918928, "time_cost": 150, "final_distance_cost": 54.0071967355627, "oscillation_cost": 381.1119345477734, "completition_cost": 111.11111111111116, "overshoot_cost": 52.514910718124284, "power_cost": 29.34754636230469, "noise_cost": 27.360153617016614, "n_waypoints_completed": 8, "tot_waypoints": 9}}
{"target": -281.89316098474904, "params": {"k_pid_pos": [1.2005491009453795, 0.1250199208640952, 0.8441646681703754], "k_pid_alt": [1.6080267096109535, 0.6246425959423861, 0.8283875536358577], "k_pid_att": [16.880549274910738, 7.752473465933019, 0.8298321893222051], "k_pid_yaw": [0.5, 1e-06, 0.1], "k_pid_hsp": [7.537735971273378, 0.06772095511840293, 0.08256749429013388], "k_pid_vsp": [299.9945321409471, 330.45022206578506, 78.00291610966116]}, "datetime": {"datetime": "2025-08-13 18:56:54", "elapsed": 32942.68817973137, "delta": 21.834611177444458}, "costs": {"total_cost": 281.89316098474904, "time_cost": 76.44, "final_distance_cost": 1.794969624974633, "oscillation_cost": 113.21194936588181, "completition_cost": 0.0, "overshoot_cost": 50.78567616084059, "power_cost": 20.594373071289063, "noise_cost": 19.066192761762956, "n_waypoints_completed": 9, "tot_waypoints": 9}}
{"target": -627.3809902672413, "params": {"k_pid_pos": [0.9960074781084444, 0.7589566842986583, 0.43208275890547043], "k_pid_alt": [0.47322221854874114, 0.0704986535726656, 0.29194960342459575], "k_pid_att": [51.86818190321909, 2.9784127992962866, 0.3946612478118623], "k_pid_yaw": [0.5, 1e-06, 0.1], "k_pid_hsp": [2.934482157747541, 0.01378819507669593, 0.1340069856165429], "k_pid_vsp": [81.9126684593587, 359.760240650156, 40.34844832001247]}, "datetime": {"datetime": "2025-08-13 18:57:23", "elapsed": 32971.53957915306, "delta": 28.851399421691895}, "costs": {"total_cost": 627.3809902672413, "time_cost": 113.029, "final_distance_cost": 1.7497969963068292, "oscillation_cost": 388.7425871857857, "completition_cost": 0.0, "overshoot_cost": 55.34154985870087, "power_cost": 38.846107141113286, "noise_cost": 29.67194908533458, "n_waypoints_completed": 9, "tot_waypoints": 9}}
{"target": -485.8254558278415, "params": {"k_pid_pos": [1.7534086533111608, 0.7327222850830296, 0.9313758458078568], "k_pid_alt": [1.1141888187877993, 0.7818417789036924, 0.8807231693871502], "k_pid_att": [13.888897224756736, 3.9629708334641007, 0.40188638677473487], "k_pid_yaw": [0.5, 1e-06, 0.1], "k_pid_hsp": [8.37493880814854, 0.855585142515071, 0.34432908114502037], "k_pid_vsp": [301.4604181517974, 331.26697366735857, 91.32329681625733]}, "datetime": {"datetime": "2025-08-13 18:57:49", "elapsed": 32997.644748449326, "delta": 26.10516929626465}, "costs": {"total_cost": 485.8254558278415, "time_cost": 101.822, "final_distance_cost": 1.737865501106188, "oscillation_cost": 275.60971483395804, "completition_cost": 0.0, "overshoot_cost": 55.50409747527366, "power_cost": 26.06219560546875, "noise_cost": 25.08958241203485, "n_waypoints_completed": 9, "tot_waypoints": 9}}
{"target": -959.3339612814115, "params": {"k_pid_pos": [0.8843392149921275, 0.491661140553877, 0.4601361274665856], "k_pid_alt": [1.8803257149994295, 0.2762931446406981, 0.21612184772261767], "k_pid_att": [19.681094546743203, 3.865463856061328, 0.9392006572078441], "k_pid_yaw": [0.5, 1e-06, 0.1], "k_pid_hsp": [1.260740150184005, 0.6335399540741856, 0.7907357235208857], "k_pid_vsp": [293.5424586351031, 330.18586883506487, 88.82425547436732]}, "datetime": {"datetime": "2025-08-13 18:58:25", "elapsed": 33032.99841713905, "delta": 35.35366868972778}, "costs": {"total_cost": 959.3339612814115, "time_cost": 150, "final_distance_cost": 78.60744125036382, "oscillation_cost": 278.87867097136933, "completition_cost": 333.33333333333337, "overshoot_cost": 51.929744660136656, "power_cost": 36.67378464355469, "noise_cost": 29.910986422653682, "n_waypoints_completed": 6, "tot_waypoints": 9}}
{"target": -270.2755634165737, "params": {"k_pid_pos": [1.7131241913293298, 0.08316902236023715, 0.7150116721212476], "k_pid_alt": [1.7666701944153278, 0.5433181933143671, 0.2617051021449063], "k_pid_att": [5.299032994628583, 2.489745525657668, 0.35259903469381637], "k_pid_yaw": [0.5, 1e-06, 0.1], "k_pid_hsp": [4.017890069720713, 0.81037368038231, 0.10061339206229025], "k_pid_vsp": [304.4239373758149, 343.32630681919477, 113.85978811101735]}, "datetime": {"datetime": "2025-08-13 18:58:47", "elapsed": 33055.52856826782, "delta": 22.53015112876892}, "costs": {"total_cost": 270.2755634165737, "time_cost": 77.63, "final_distance_cost": 1.7804805730299922, "oscillation_cost": 103.84176712871985, "completition_cost": 0.0, "overshoot_cost": 50.98926271614499, "power_cost": 18.20857000732422, "noise_cost": 17.825482991354637, "n_waypoints_completed": 9, "tot_waypoints": 9}}
{"target": -1498.9441316152618, "params": {"k_pid_pos": [0.08883856864814206, 0.4888149635491277, 0.35618928226071955], "k_pid_alt": [1.982178125675504, 0.5764311448226971, 0.20222820287713894], "k_pid_att": [56.30652347014162, 8.198387104766908, 0.16651658565774408], "k_pid_yaw": [0.5, 1e-06, 0.1], "k_pid_hsp": [6.152736615155669, 0.8141098578670073, 0.7504200126727587], "k_pid_vsp": [213.4434850066355, 10.708346784170912, 7.945764237567385]}, "datetime": {"datetime": "2025-08-13 18:59:24", "elapsed": 33092.66298413277, "delta": 37.13441586494446}, "costs": {"total_cost": 1498.9441316152618, "time_cost": 150, "final_distance_cost": 39.60467263051614, "oscillation_cost": 638.4059435499817, "completition_cost": 555.5555555555555, "overshoot_cost": 56.77580634308677, "power_cost": 29.47145662841797, "noise_cost": 29.130696907703637, "n_waypoints_completed": 4, "tot_waypoints": 9}}
{"target": -332.12439893815394, "params": {"k_pid_pos": [0.8347964527929996, 0.03511578804551774, 0.27107737425988543], "k_pid_alt": [0.8973737945621167, 0.16394880447443783, 0.7913663469178966], "k_pid_att": [6.17741053641735, 9.939588607686096, 0.6122421948059861], "k_pid_yaw": [0.5, 1e-06, 0.1], "k_pid_hsp": [0.8714956202084949, 0.8613003891333542, 0.20523020723847185], "k_pid_vsp": [191.28626406855474, 317.3697656044377, 16.72303470372003]}, "datetime": {"datetime": "2025-08-13 18:59:51", "elapsed": 33119.80042028427, "delta": 27.137436151504517}, "costs": {"total_cost": 332.12439893815394, "time_cost": 88.333, "final_distance_cost": 1.8275705795666952, "oscillation_cost": 137.9895820107593, "completition_cost": 0.0, "overshoot_cost": 53.844845420760684, "power_cost": 26.42753145751953, "noise_cost": 23.701869469547702, "n_waypoints_completed": 9, "tot_waypoints": 9}}
{"target": -253.03417976229395, "params": {"k_pid_pos": [0.9889826015446143, 0.29405123825665236, 0.5945549867390397], "k_pid_alt": [0.6752303360024587, 0.510250941837915, 0.8720462988217074], "k_pid_att": [5.644779231997021, 1.412570678603095, 0.23568747504173704], "k_pid_yaw": [0.5, 1e-06, 0.1], "k_pid_hsp": [2.464963004675989, 0.2605883250666089, 0.009508070564290039], "k_pid_vsp": [271.21712809076996, 270.9590958705685, 40.853278375383084]}, "datetime": {"datetime": "2025-08-13 19:00:18", "elapsed": 33146.74462676048, "delta": 26.944206476211548}, "costs": {"total_cost": 253.03417976229395, "time_cost": 100.639, "final_distance_cost": 1.7794228012333533, "oscillation_cost": 53.32751043098069, "completition_cost": 0.0, "overshoot_cost": 56.194073088352184, "power_cost": 20.89567666015625, "noise_cost": 20.198496781571478, "n_waypoints_completed": 9, "tot_waypoints": 9}}
{"target": -304.9213206326062, "params": {"k_pid_pos": [1.173176806507374, 0.8872989630801803, 0.9162473593473163], "k_pid_alt": [1.0690756784009026, 0.1232947180036531, 0.227471482892454], "k_pid_att": [57.739928913489145, 9.5197789576627, 0.7207191186125883], "k_pid_yaw": [0.5, 1e-06, 0.1], "k_pid_hsp": [7.731484730265216, 0.9440903026962388, 0.007624678546876096], "k_pid_vsp": [85.22145753823112, 357.23275316482056, 42.660794097277495]}, "datetime": {"datetime": "2025-08-13 19:00:45", "elapsed": 33173.60218024254, "delta": 26.857553482055664}, "costs": {"total_cost": 304.9213206326062, "time_cost": 98.756, "final_distance_cost": 1.7786035854296292, "oscillation_cost": 100.60404857083472, "completition_cost": 0.0, "overshoot_cost": 53.045741153319014, "power_cost": 26.295210998535158, "noise_cost": 24.44171632448767, "n_waypoints_completed": 9, "tot_waypoints": 9}}
{"target": -894.5250123779895, "params": {"k_pid_pos": [1.0634740182579996, 0.9204054736275201, 0.7794791628831462], "k_pid_alt": [1.0277740592674807, 0.7460231075693562, 0.8452805182883003], "k_pid_att": [1.494987323707031, 5.019183772918634, 0.014650971212915476], "k_pid_yaw": [0.5, 1e-06, 0.1], "k_pid_hsp": [1.8900634135813161, 0.9174590170382257, 0.0628580708360188], "k_pid_vsp": [253.5387381563891, 280.4496077092032, 46.4134573194248]}, "datetime": {"datetime": "2025-08-13 19:01:18", "elapsed": 33206.251026153564, "delta": 32.648845911026}, "costs": {"total_cost": 894.5250123779895, "time_cost": 150, "final_distance_cost": 70.08286918565285, "oscillation_cost": 333.36728477865665, "completition_cost": 222.2222222222222, "overshoot_cost": 57.14731740798317, "power_cost": 32.31757039794922, "noise_cost": 29.387748385525413, "n_waypoints_completed": 7, "tot_waypoints": 9}}
{"target": -1066.847127811198, "params": {"k_pid_pos": [0.09408686344694234, 0.11166282599004618, 0.23991510522611248], "k_pid_alt": [0.457968369603553, 0.47481707065051504, 0.6378294252170317], "k_pid_att": [16.800697573460553, 3.89342253709884, 0.42568602384066234], "k_pid_yaw": [0.5, 1e-06, 0.1], "k_pid_hsp": [9.411780611878651, 0.9461748530421872, 0.1046815487624978], "k_pid_vsp": [164.15534790523637, 34.25357672537626, 11.041391475864652]}, "datetime": {"datetime": "2025-08-13 19:01:50", "elapsed": 33238.08219766617, "delta": 31.83117151260376}, "costs": {"total_cost": 1066.847127811198, "time_cost": 150, "final_distance_cost": 48.09696787788674, "oscillation_cost": 302.6073197577524, "completition_cost": 444.4444444444444, "overshoot_cost": 65.8371581962085, "power_cost": 26.032674438476565, "noise_cost": 29.828563096429345, "n_waypoints_completed": 5, "tot_waypoints": 9}}
{"target": -294.6813425281456, "params": {"k_pid_pos": [1.7874256195489142, 0.6222364554750375, 0.8667654073524004], "k_pid_alt": [1.4095862912406638, 0.6626045158596316, 0.5012859816943058], "k_pid_att": [6.078277295400881, 9.651890615539083, 0.4771370852008592], "k_pid_yaw": [0.5, 1e-06, 0.1], "k_pid_hsp": [3.9010338744292525, 0.8115097169574874, 0.18244587315713245], "k_pid_vsp": [190.8792463669653, 321.78935568794446, 21.662024892092752]}, "datetime": {"datetime": "2025-08-13 19:02:13", "elapsed": 33261.41990733147, "delta": 23.337709665298462}, "costs": {"total_cost": 294.6813425281456, "time_cost": 78.904, "final_distance_cost": 1.7888049800838361, "oscillation_cost": 124.91324513188182, "completition_cost": 0.0, "overshoot_cost": 50.28462847404455, "power_cost": 19.56012701416016, "noise_cost": 19.230536927975198, "n_waypoints_completed": 9, "tot_waypoints": 9}}
{"target": -320.6185308055978, "params": {"k_pid_pos": [1.9107575763656888, 0.01158301554754948, 0.8645886926200845], "k_pid_alt": [1.7343478753192585, 0.2991472000607436, 0.6660021416397475], "k_pid_att": [3.6584465082216133, 1.2532235051564935, 0.05680904365019279], "k_pid_yaw": [0.5, 1e-06, 0.1], "k_pid_hsp": [0.5896350889709415, 0.8536014935242157, 0.13445738652762185], "k_pid_vsp": [304.36904582891407, 326.5297762386939, 112.94643234828042]}, "datetime": {"datetime": "2025-08-13 19:02:37", "elapsed": 33285.71208977699, "delta": 24.292182445526123}, "costs": {"total_cost": 320.6185308055978, "time_cost": 82.663, "final_distance_cost": 1.854910170990252, "oscillation_cost": 128.93728699834708, "completition_cost": 0.0, "overshoot_cost": 56.40519728650337, "power_cost": 28.12309012451172, "noise_cost": 22.635046225245375, "n_waypoints_completed": 9, "tot_waypoints": 9}}
{"target": -1236.274444839096, "params": {"k_pid_pos": [0.4136175806295689, 0.4267096742190226, 0.7394693929693902], "k_pid_alt": [0.5517046989455128, 0.9544521109032469, 0.7600825497041107], "k_pid_att": [6.9952992341427045, 8.515939507072506, 0.47978987988913113], "k_pid_yaw": [0.5, 1e-06, 0.1], "k_pid_hsp": [4.850208244495997, 0.5171728771160549, 0.8976867690207978], "k_pid_vsp": [310.27979588089806, 319.4452283483512, 101.47401480142548]}, "datetime": {"datetime": "2025-08-13 19:03:11", "elapsed": 33319.880402326584, "delta": 34.168312549591064}, "costs": {"total_cost": 1236.274444839096, "time_cost": 150, "final_distance_cost": 52.78069563195741, "oscillation_cost": 260.33130178463614, "completition_cost": 666.6666666666667, "overshoot_cost": 49.87920595304154, "power_cost": 29.30722794189453, "noise_cost": 27.309346860899627, "n_waypoints_completed": 3, "tot_waypoints": 9}}
