{"target": -1382.6063817356164, "params": {"k_pid_pos": [0.061131286067722196, 0.41730257363098844, 0.002468122707019904], "k_pid_alt": [1.9258629254365829, 0.11757151984273373, 0.9833260431291456], "k_pid_att": [22.77186900851136, 6.9005175003968295, 0.2652615256751084], "k_pid_yaw": [0.5, 1e-06, 0.1], "k_pid_hsp": [4.597778636049432, 0.6456365905791558, 0.13848499394967118], "k_pid_vsp": [292.60752053571736, 333.2632581262058, 100.37727106172568]}, "datetime": {"datetime": "2025-08-13 17:41:24", "elapsed": 28412.38973379135, "delta": 32.31172704696655}, "costs": {"total_cost": 1382.6063817356164, "time_cost": 150, "final_distance_cost": 85.75272402082649, "oscillation_cost": 381.3582389703546, "completition_cost": 666.6666666666667, "overshoot_cost": 34.0881962459414, "power_cost": 34.96315061035156, "noise_cost": 29.777405221475775, "n_waypoints_completed": 3, "tot_waypoints": 9}}
{"target": -457.80888579018733, "params": {"k_pid_pos": [0.6157906817678428, 0.018408434846144628, 0.451815095254845], "k_pid_alt": [1.0545181152780632, 0.6911343241914026, 0.9727415117750159], "k_pid_att": [7.540333431459045, 7.142017414536459, 0.8692871611432571], "k_pid_yaw": [0.5, 1e-06, 0.1], "k_pid_hsp": [6.239079657934007, 0.14561843690060816, 0.8820038018047249], "k_pid_vsp": [186.50245209434954, 317.2952588050237, 21.785823133598132]}, "datetime": {"datetime": "2025-08-13 17:41:51", "elapsed": 28439.376285791397, "delta": 26.986552000045776}, "costs": {"total_cost": 457.80888579018733, "time_cost": 104.349, "final_distance_cost": 1.7747908680258115, "oscillation_cost": 236.98241678693054, "completition_cost": 0.0, "overshoot_cost": 60.01819793266238, "power_cost": 28.17768983154297, "noise_cost": 26.50679037102561, "n_waypoints_completed": 9, "tot_waypoints": 9}}
{"target": -944.0339173049682, "params": {"k_pid_pos": [0.18047895120905355, 0.7874889388473226, 0.7038079338689216], "k_pid_alt": [0.27417297646228, 0.41883019458101245, 0.607030887048412], "k_pid_att": [4.878099873262953, 2.0092738850055847, 0.6992333482034438], "k_pid_yaw": [0.5, 1e-06, 0.1], "k_pid_hsp": [2.5361942086655067, 0.44216496297269225, 0.09615878210551199], "k_pid_vsp": [168.07147496112847, 19.524942222149587, 16.28365522587196]}, "datetime": {"datetime": "2025-08-13 17:42:23", "elapsed": 28471.030793190002, "delta": 31.654507398605347}, "costs": {"total_cost": 944.0339173049682, "time_cost": 150, "final_distance_cost": 41.18419588535688, "oscillation_cost": 89.46548299108714, "completition_cost": 555.5555555555555, "overshoot_cost": 48.11738108167414, "power_cost": 29.44070729980469, "noise_cost": 30.27059449148982, "n_waypoints_completed": 4, "tot_waypoints": 9}}
{"target": -1664.8185536782046, "params": {"k_pid_pos": [0.04362325551444966, 0.06997120429383052, 0.21167693629192696], "k_pid_alt": [1.0701112512612403, 0.7542865954376997, 0.3948914518367067], "k_pid_att": [18.624558910301825, 7.873936575636445, 0.11393970897355332], "k_pid_yaw": [0.5, 1e-06, 0.1], "k_pid_hsp": [4.6510256189281565, 0.2396874726863356, 0.39167727234402483], "k_pid_vsp": [169.38255773809908, 33.746095224134535, 4.709945361053373]}, "datetime": {"datetime": "2025-08-13 17:42:53", "elapsed": 28501.48055934906, "delta": 30.449766159057617}, "costs": {"total_cost": 1664.8185536782046, "time_cost": 150, "final_distance_cost": 55.08895987573704, "oscillation_cost": 638.707609139905, "completition_cost": 666.6666666666667, "overshoot_cost": 84.67317653597233, "power_cost": 34.83190889892578, "noise_cost": 34.850232560997725, "n_waypoints_completed": 3, "tot_waypoints": 9}}
{"target": -687.1583333161373, "params": {"k_pid_pos": [1.3301266092938244, 0.1954274560390662, 0.6953303213126104], "k_pid_alt": [0.353283313143236, 0.286454019681742, 0.9667298010838599], "k_pid_att": [28.223660142242778, 8.181928251579407, 0.3306639767055274], "k_pid_yaw": [0.5, 1e-06, 0.1], "k_pid_hsp": [8.45548243422512, 0.15642598726878099, 0.34570568673752267], "k_pid_vsp": [248.82489144987022, 274.79313834578994, 45.178451312962515]}, "datetime": {"datetime": "2025-08-13 17:43:21", "elapsed": 28529.780772209167, "delta": 28.300212860107422}, "costs": {"total_cost": 687.1583333161373, "time_cost": 108.304, "final_distance_cost": 1.7536611844299514, "oscillation_cost": 451.0962095095264, "completition_cost": 0.0, "overshoot_cost": 63.19239251535182, "power_cost": 34.084561791992186, "noise_cost": 28.72750831483684, "n_waypoints_completed": 9, "tot_waypoints": 9}}
{"target": -457.99965790194955, "params": {"k_pid_pos": [0.6494548785097467, 0.44789301362637823, 0.5541021064697846], "k_pid_alt": [1.4606951388611187, 0.43403395285812296, 0.5603987754105259], "k_pid_att": [11.597090991491454, 9.344640849926048, 0.5009962868140476], "k_pid_yaw": [0.5, 1e-06, 0.1], "k_pid_hsp": [9.041340504330627, 0.21632600380490608, 0.2060157657579319], "k_pid_vsp": [311.9287038846255, 352.42080703664953, 115.50973029141727]}, "datetime": {"datetime": "2025-08-13 17:43:52", "elapsed": 28559.99985933304, "delta": 30.21908712387085}, "costs": {"total_cost": 457.99965790194955, "time_cost": 105.56700000000001, "final_distance_cost": 1.7449598557264505, "oscillation_cost": 243.13226581436825, "completition_cost": 0.0, "overshoot_cost": 55.12185698682387, "power_cost": 27.36216520996094, "noise_cost": 25.07141003506997, "n_waypoints_completed": 9, "tot_waypoints": 9}}
{"target": -1303.0518871112993, "params": {"k_pid_pos": [0.14175795054224655, 0.6322025128647026, 0.8804146464925582], "k_pid_alt": [1.744751133801187, 0.26322778544299485, 0.4948026554856769], "k_pid_att": [27.296555211035155, 9.03280608791309, 0.15975715026341863], "k_pid_yaw": [0.5, 1e-06, 0.1], "k_pid_hsp": [5.548961805593433, 0.9653897326567101, 0.9233826472961376], "k_pid_vsp": [190.33354114442136, 9.80638411012155, 4.704191645129307]}, "datetime": {"datetime": "2025-08-13 17:44:23", "elapsed": 28590.993238925934, "delta": 30.993379592895508}, "costs": {"total_cost": 1303.0518871112993, "time_cost": 150, "final_distance_cost": 69.23623899843402, "oscillation_cost": 633.0703274923554, "completition_cost": 333.33333333333337, "overshoot_cost": 54.11780433988072, "power_cost": 32.460396545410156, "noise_cost": 30.833786401885618, "n_waypoints_completed": 6, "tot_waypoints": 9}}
{"target": -729.0557109616678, "params": {"k_pid_pos": [0.4251661848225821, 0.559083434891233, 0.8405853517821825], "k_pid_alt": [1.0830178659239702, 0.5754310174913544, 0.5203948048832292], "k_pid_att": [49.153007327187645, 4.2044701058598895, 0.12589979652542982], "k_pid_yaw": [0.5, 1e-06, 0.1], "k_pid_hsp": [5.44099493811548, 0.8592249881141444, 0.09118868549351788], "k_pid_vsp": [221.31609195505803, 272.16933391433633, 46.77665103653074]}, "datetime": {"datetime": "2025-08-13 17:44:51", "elapsed": 28619.221036672592, "delta": 28.227797746658325}, "costs": {"total_cost": 729.0557109616678, "time_cost": 109.949, "final_distance_cost": 1.7827491120744867, "oscillation_cost": 498.9492004779042, "completition_cost": 0.0, "overshoot_cost": 60.078796960150925, "power_cost": 30.79007995605469, "noise_cost": 27.505884455483557, "n_waypoints_completed": 9, "tot_waypoints": 9}}
{"target": -535.9373048132388, "params": {"k_pid_pos": [1.1465187520746363, 0.8370329867457946, 0.9881000578912654], "k_pid_alt": [1.2604143417826548, 0.6768564503547365, 0.7727573457146508], "k_pid_att": [14.92616599360349, 9.674296851530253, 0.3753179027927188], "k_pid_yaw": [0.5, 1e-06, 0.1], "k_pid_hsp": [9.467518024285358, 0.021202188700585656, 0.8865505981466523], "k_pid_vsp": [298.12655651628955, 329.99400585217234, 93.69467279718391]}, "datetime": {"datetime": "2025-08-13 17:45:17", "elapsed": 28645.931329250336, "delta": 26.71029257774353}, "costs": {"total_cost": 535.9373048132388, "time_cost": 97.85300000000001, "final_distance_cost": 1.7857010248335172, "oscillation_cost": 329.9074824892734, "completition_cost": 0.0, "overshoot_cost": 53.70696481157724, "power_cost": 27.453497229003908, "noise_cost": 25.230659258550723, "n_waypoints_completed": 9, "tot_waypoints": 9}}
{"target": -383.7210396059677, "params": {"k_pid_pos": [1.4406729395931275, 0.6870801370845868, 0.3699860720669136], "k_pid_alt": [1.4593560406178974, 0.09256868024770615, 0.06765242434326602], "k_pid_att": [13.053493029727925, 1.553018211992787, 0.46048342075094983], "k_pid_yaw": [0.5, 1e-06, 0.1], "k_pid_hsp": [4.767702004781509, 0.4417643555608516, 0.1569955997735366], "k_pid_vsp": [162.86162250206755, 4.064474583411598, 21.41999970950465]}, "datetime": {"datetime": "2025-08-13 17:45:44", "elapsed": 28672.641887664795, "delta": 26.71055841445923}, "costs": {"total_cost": 383.7210396059677, "time_cost": 100.702, "final_distance_cost": 1.7725998344752325, "oscillation_cost": 181.91724230310834, "completition_cost": 0.0, "overshoot_cost": 54.22061201116854, "power_cost": 22.135294335937502, "noise_cost": 22.97329112127809, "n_waypoints_completed": 9, "tot_waypoints": 9}}
{"target": -1419.2040426811889, "params": {"k_pid_pos": [0.007843812875874212, 0.5748394132376313, 0.10680838068792187], "k_pid_alt": [1.5008536267077408, 0.8963767071108557, 0.1488829292420235], "k_pid_att": [29.866856522322237, 8.90461461596253, 0.1594541903156722], "k_pid_yaw": [0.5, 1e-06, 0.1], "k_pid_hsp": [5.533601115959344, 0.7617267511915331, 0.3960989061262892], "k_pid_vsp": [183.49728935916337, 1.8695113831014545, 9.56264037523093]}, "datetime": {"datetime": "2025-08-13 17:46:17", "elapsed": 28705.186069965363, "delta": 32.54418230056763}, "costs": {"total_cost": 1419.2040426811889, "time_cost": 150, "final_distance_cost": 53.26004133800305, "oscillation_cost": 414.2944653480631, "completition_cost": 666.6666666666667, "overshoot_cost": 63.21774811805524, "power_cost": 37.404300927734376, "noise_cost": 34.36082028266658, "n_waypoints_completed": 3, "tot_waypoints": 9}}
{"target": -454.19330857511153, "params": {"k_pid_pos": [1.9095494613430117, 0.3499346318475717, 0.631493497821021], "k_pid_alt": [0.6345992357133015, 0.45189197992694063, 0.17356091065456025], "k_pid_att": [27.073385000272122, 5.249082711607345, 0.9573091278634569], "k_pid_yaw": [0.5, 1e-06, 0.1], "k_pid_hsp": [5.947274647859472, 0.8236068431215, 0.6932527629490708], "k_pid_vsp": [309.64969748548293, 338.839924859359, 100.66238466423258]}, "datetime": {"datetime": "2025-08-13 17:46:49", "elapsed": 28737.81623148918, "delta": 32.63016152381897}, "costs": {"total_cost": 454.19330857511153, "time_cost": 99.316, "final_distance_cost": 1.7583247468731897, "oscillation_cost": 247.24495398983404, "completition_cost": 0.0, "overshoot_cost": 56.59473561616208, "power_cost": 25.11704248046875, "noise_cost": 24.16225174177344, "n_waypoints_completed": 9, "tot_waypoints": 9}}
{"target": -771.1662698754545, "params": {"k_pid_pos": [0.22610238932652488, 0.5230660732554081, 0.8139606560576385], "k_pid_alt": [1.8014989466260902, 0.928912248667151, 0.4775674058649829], "k_pid_att": [9.396963873309105, 8.059085261173275, 0.2620915415881857], "k_pid_yaw": [0.5, 1e-06, 0.1], "k_pid_hsp": [3.2421586590856544, 0.24253670773938585, 0.07848929910296809], "k_pid_vsp": [266.86947708071045, 276.0048926147983, 42.051255223090365]}, "datetime": {"datetime": "2025-08-13 17:47:21", "elapsed": 28769.948026180267, "delta": 32.131794691085815}, "costs": {"total_cost": 771.1662698754545, "time_cost": 150, "final_distance_cost": 61.148216397707145, "oscillation_cost": 208.36520232485756, "completition_cost": 222.2222222222222, "overshoot_cost": 53.802024723431124, "power_cost": 41.08095366210938, "noise_cost": 34.547650545127134, "n_waypoints_completed": 7, "tot_waypoints": 9}}
{"target": -503.4203779731741, "params": {"k_pid_pos": [1.0752492213221592, 0.06915547835040681, 0.4182578195117689], "k_pid_alt": [0.605423543385045, 0.7615163281823178, 0.7203493178260684], "k_pid_att": [9.067068314824988, 5.528842869287817, 0.2646392704632964], "k_pid_yaw": [0.5, 1e-06, 0.1], "k_pid_hsp": [6.277911426571869, 0.2597226533228303, 0.3088510634341026], "k_pid_vsp": [174.54821422168902, 35.92180471319605, 9.752173371025458]}, "datetime": {"datetime": "2025-08-13 17:47:46", "elapsed": 28794.360704421997, "delta": 24.412678241729736}, "costs": {"total_cost": 503.4203779731741, "time_cost": 92.70100000000001, "final_distance_cost": 1.763091354921538, "oscillation_cost": 291.94961852376093, "completition_cost": 0.0, "overshoot_cost": 59.80898863257899, "power_cost": 29.900928112792972, "noise_cost": 27.29675134911962, "n_waypoints_completed": 9, "tot_waypoints": 9}}
{"target": -538.558856449429, "params": {"k_pid_pos": [0.5892388107925625, 0.23927183067720914, 0.9784253155966065], "k_pid_alt": [1.1820519253502213, 0.26308843971067486, 0.647001784981875], "k_pid_att": [17.107905087200535, 9.19504853691145, 0.4291391883124843], "k_pid_yaw": [0.5, 1e-06, 0.1], "k_pid_hsp": [8.723177226242374, 0.5926566788704136, 0.1446391334856093], "k_pid_vsp": [295.3973604058564, 333.6326124712739, 96.33522959512602]}, "datetime": {"datetime": "2025-08-13 17:48:14", "elapsed": 28822.660861968994, "delta": 28.30015754699707}, "costs": {"total_cost": 538.558856449429, "time_cost": 108.976, "final_distance_cost": 1.8132573760293176, "oscillation_cost": 321.71159702241033, "completition_cost": 0.0, "overshoot_cost": 55.00574289761217, "power_cost": 25.956640869140625, "noise_cost": 25.095618284236625, "n_waypoints_completed": 9, "tot_waypoints": 9}}
{"target": -475.5513841564859, "params": {"k_pid_pos": [1.6639418108346304, 0.8058888305226811, 0.48034094568491525], "k_pid_alt": [0.551411574089586, 0.17461595309706768, 0.03914960650466015], "k_pid_att": [4.670103892544031, 8.884093496985772, 0.4002187801226067], "k_pid_yaw": [0.5, 1e-06, 0.1], "k_pid_hsp": [5.788236548125767, 0.7698272710566575, 0.5514352279922327], "k_pid_vsp": [186.6934885623052, 22.25569939367914, 12.168582722724203]}, "datetime": {"datetime": "2025-08-13 17:48:45", "elapsed": 28853.735894203186, "delta": 31.075032234191895}, "costs": {"total_cost": 475.5513841564859, "time_cost": 104.188, "final_distance_cost": 1.7509849767453467, "oscillation_cost": 243.69840972923964, "completition_cost": 0.0, "overshoot_cost": 59.30032546056828, "power_cost": 35.86111755371094, "noise_cost": 30.75254643622168, "n_waypoints_completed": 9, "tot_waypoints": 9}}
{"target": -413.899245050826, "params": {"k_pid_pos": [0.8202469996726055, 0.9182941543677489, 0.8416033864524267], "k_pid_alt": [1.6436331853449693, 0.927381126105884, 0.117969507753375], "k_pid_att": [5.393236671146006, 7.1308438973188, 0.12045269563565808], "k_pid_yaw": [0.5, 1e-06, 0.1], "k_pid_hsp": [9.975586587722097, 0.0807794395961916, 0.9047942813855511], "k_pid_vsp": [277.92279129488486, 274.2738759661844, 48.42833777380245]}, "datetime": {"datetime": "2025-08-13 17:49:12", "elapsed": 28880.07637000084, "delta": 26.3404757976532}, "costs": {"total_cost": 413.899245050826, "time_cost": 95.956, "final_distance_cost": 1.761750840245394, "oscillation_cost": 224.6674059930984, "completition_cost": 0.0, "overshoot_cost": 53.151940866819906, "power_cost": 18.505833215332032, "noise_cost": 19.85631413533023, "n_waypoints_completed": 9, "tot_waypoints": 9}}
{"target": -859.5557310502872, "params": {"k_pid_pos": [0.4734453467935075, 0.9561952804889728, 0.2773415394634676], "k_pid_alt": [0.5632265104922494, 0.6828296055586661, 0.12721897988613262], "k_pid_att": [11.667559984505594, 7.326532503342496, 0.43432295888703176], "k_pid_yaw": [0.5, 1e-06, 0.1], "k_pid_hsp": [8.363381200939038, 0.9983444462567922, 0.28124675581266556], "k_pid_vsp": [272.0877305404517, 281.4111978757105, 54.46423278445571]}, "datetime": {"datetime": "2025-08-13 17:49:43", "elapsed": 28911.742092609406, "delta": 31.665722608566284}, "costs": {"total_cost": 859.5557310502872, "time_cost": 150, "final_distance_cost": 70.17858361609697, "oscillation_cost": 195.5976710227742, "completition_cost": 333.33333333333337, "overshoot_cost": 50.3826471773958, "power_cost": 30.89309735107422, "noise_cost": 29.17039854961273, "n_waypoints_completed": 6, "tot_waypoints": 9}}
{"target": -380.9186738270738, "params": {"k_pid_pos": [1.9504426521612825, 0.7938716905914102, 0.851473146213503], "k_pid_alt": [1.7110907160903583, 0.9656153566728549, 0.48944755341027935], "k_pid_att": [8.223989395618291, 4.001542100239781, 0.45659517132635097], "k_pid_yaw": [0.5, 1e-06, 0.1], "k_pid_hsp": [3.9838647904080173, 0.8392390918616232, 0.36884546462775814], "k_pid_vsp": [167.1337532548247, 34.23185246471686, 11.04426443093806]}, "datetime": {"datetime": "2025-08-13 17:50:10", "elapsed": 28938.54367017746, "delta": 26.8015775680542}, "costs": {"total_cost": 380.9186738270738, "time_cost": 90.993, "final_distance_cost": 1.7468017047403215, "oscillation_cost": 185.46376541250171, "completition_cost": 0.0, "overshoot_cost": 54.22909543191121, "power_cost": 23.510993908691407, "noise_cost": 24.975017369229125, "n_waypoints_completed": 9, "tot_waypoints": 9}}
{"target": -1112.7854282772364, "params": {"k_pid_pos": [0.18290682911379946, 0.5149574897937802, 0.07494165564015676], "k_pid_alt": [0.19775241770374197, 0.03783910690926029, 0.09599432920225293], "k_pid_att": [2.364764048100698, 7.584980886248415, 0.6499729511352579], "k_pid_yaw": [0.5, 1e-06, 0.1], "k_pid_hsp": [7.718172702117772, 0.5167454040913201, 0.8332480423011212], "k_pid_vsp": [278.3061266003069, 290.787876844405, 51.771081064982354]}, "datetime": {"datetime": "2025-08-13 17:50:43", "elapsed": 28971.223215818405, "delta": 32.679545640945435}, "costs": {"total_cost": 1112.7854282772364, "time_cost": 150, "final_distance_cost": 56.52394159085304, "oscillation_cost": 233.33804543815737, "completition_cost": 555.5555555555555, "overshoot_cost": 62.46734678437087, "power_cost": 29.02496668701172, "noise_cost": 25.87557222128788, "n_waypoints_completed": 4, "tot_waypoints": 9}}
{"target": -371.07848403320133, "params": {"k_pid_pos": [1.7182013137531251, 0.7443250704475904, 0.6804439749135727], "k_pid_alt": [1.6447616517727208, 0.910100273855623, 0.6735647372679382], "k_pid_att": [8.332149575187298, 0.7454733387683443, 0.4991055811576639], "k_pid_yaw": [0.5, 1e-06, 0.1], "k_pid_hsp": [3.298985925185923, 0.853910316394948, 0.825281146823261], "k_pid_vsp": [200.9032832215133, 323.1980721734441, 16.886133239923648]}, "datetime": {"datetime": "2025-08-13 17:51:08", "elapsed": 28996.657028198242, "delta": 25.433812379837036}, "costs": {"total_cost": 371.07848403320133, "time_cost": 95.893, "final_distance_cost": 1.737795419028724, "oscillation_cost": 165.60494003844, "completition_cost": 0.0, "overshoot_cost": 57.313916693154354, "power_cost": 25.455428369140627, "noise_cost": 25.07340351343766, "n_waypoints_completed": 9, "tot_waypoints": 9}}
{"target": -864.5391890872985, "params": {"k_pid_pos": [0.45346699947897046, 0.5682654501837366, 0.017513398530294877], "k_pid_alt": [0.7904855881938797, 0.23969689453705334, 0.4577339464022915], "k_pid_att": [22.73888159521111, 3.659338900209674, 0.3421398451916208], "k_pid_yaw": [0.5, 1e-06, 0.1], "k_pid_hsp": [2.4782997926226047, 0.12606933512782525, 0.8657195255301915], "k_pid_vsp": [174.47400086123915, 25.243055413309868, 21.79337098021563]}, "datetime": {"datetime": "2025-08-13 17:51:39", "elapsed": 29027.26718044281, "delta": 30.61015224456787}, "costs": {"total_cost": 864.5391890872985, "time_cost": 150, "final_distance_cost": 64.16037545343316, "oscillation_cost": 291.88470727199496, "completition_cost": 222.2222222222222, "overshoot_cost": 63.35076564973552, "power_cost": 40.123457250976564, "noise_cost": 32.79766123893604, "n_waypoints_completed": 7, "tot_waypoints": 9}}
{"target": -1314.5165548330267, "params": {"k_pid_pos": [0.01740741471962349, 0.5963854266781086, 0.2740698924141821], "k_pid_alt": [1.7233918082107949, 0.4378034388926333, 0.08965593091726864], "k_pid_att": [17.503594492390405, 7.819032072982973, 0.8336122879180243], "k_pid_yaw": [0.5, 1e-06, 0.1], "k_pid_hsp": [6.283074896949573, 0.5600670877312359, 0.15005415035064196], "k_pid_vsp": [290.64517452192916, 337.76572432566593, 112.2725641104396]}, "datetime": {"datetime": "2025-08-13 17:52:09", "elapsed": 29057.449372529984, "delta": 30.182192087173462}, "costs": {"total_cost": 1314.5165548330267, "time_cost": 150, "final_distance_cost": 84.93460388452142, "oscillation_cost": 201.78608882761358, "completition_cost": 777.7777777777778, "overshoot_cost": 38.94076825028958, "power_cost": 33.18593023681641, "noise_cost": 27.891385856007695, "n_waypoints_completed": 2, "tot_waypoints": 9}}
{"target": -384.1226235263569, "params": {"k_pid_pos": [0.8857854019046429, 0.33406652314540375, 0.4321746852616247], "k_pid_alt": [0.3073283381702656, 0.04101600086777657, 0.9800270628424073], "k_pid_att": [6.397317523889257, 3.9481601079654163, 0.2923573134152281], "k_pid_yaw": [0.5, 1e-06, 0.1], "k_pid_hsp": [0.4434162039654162, 0.4995844345991277, 0.1628686876698512], "k_pid_vsp": [168.77176506803755, 3.5281571948073953, 23.880260294065806]}, "datetime": {"datetime": "2025-08-13 17:52:37", "elapsed": 29085.692882061005, "delta": 28.243509531021118}, "costs": {"total_cost": 384.1226235263569, "time_cost": 109.522, "final_distance_cost": 1.8609378127897875, "oscillation_cost": 159.4052222389959, "completition_cost": 0.0, "overshoot_cost": 55.06603467607773, "power_cost": 29.218806323242188, "noise_cost": 29.049622475251333, "n_waypoints_completed": 9, "tot_waypoints": 9}}
