{"target": -1209.8300117446242, "params": {"k_pid_pos": [1.5384875135096263, 0.4640678564221479, 0.6070745236068272], "k_pid_alt": [0.9009817703106697, 0.5272528270150109, 0.1536884342995135], "k_pid_att": [50.30550512692902, 6.638747558829318, 0.5777740888580247], "k_pid_yaw": [0.5, 1e-06, 0.1], "k_pid_hsp": [2.103208618611935, 0.6321785786157716, 0.6077296413941026], "k_pid_vsp": [354.25098619872466, 92.82279043793598, 315.2855716925822]}, "datetime": {"datetime": "2025-08-13 13:30:45", "elapsed": 13373.767311096191, "delta": 29.05513048171997}, "costs": {"total_cost": 1209.8300117446242, "time_cost": 150, "final_distance_cost": 41.80963994185418, "oscillation_cost": 328.03835315273074, "completition_cost": 555.5555555555555, "overshoot_cost": 55.83979734693617, "power_cost": 44.82514588623047, "noise_cost": 33.76151986131713, "n_waypoints_completed": 4, "tot_waypoints": 9}}
{"target": -1259.6519772279125, "params": {"k_pid_pos": [0.3994429425141738, 0.5286341765618179, 0.04885304114776623], "k_pid_alt": [0.1161762578001504, 0.44724223340330294, 0.6323495140817648], "k_pid_att": [40.622745396511604, 2.4593504112309112, 0.2686700670172083], "k_pid_yaw": [0.5, 1e-06, 0.1], "k_pid_hsp": [2.7064075108868453, 0.550239513073828, 0.3925409509504332], "k_pid_vsp": [89.94128620069, 351.1751633049893, 49.49340513878342]}, "datetime": {"datetime": "2025-08-13 13:31:18", "elapsed": 13406.064211130142, "delta": 32.296900033950806}, "costs": {"total_cost": 1259.6519772279125, "time_cost": 150, "final_distance_cost": 50.31452198257266, "oscillation_cost": 378.79546096460984, "completition_cost": 555.5555555555555, "overshoot_cost": 58.42599918088847, "power_cost": 37.22050710449219, "noise_cost": 29.339932439793714, "n_waypoints_completed": 4, "tot_waypoints": 9}}
{"target": -796.2971641509548, "params": {"k_pid_pos": [1.6008651703476848, 0.43961627800251524, 0.512837150174583], "k_pid_alt": [1.8837230222336316, 0.16925760426070158, 0.4921723277177863], "k_pid_att": [17.865485679522497, 6.324903964920963, 0.5160060205755886], "k_pid_yaw": [0.5, 1e-06, 0.1], "k_pid_hsp": [1.5791527440775321, 0.01421118239265129, 0.5155698979547864], "k_pid_vsp": [164.3364187246378, 14.825352835455385, 21.2035916036673]}, "datetime": {"datetime": "2025-08-13 13:31:52", "elapsed": 13440.946861743927, "delta": 34.88265061378479}, "costs": {"total_cost": 796.2971641509548, "time_cost": 150, "final_distance_cost": 9.579031104549346, "oscillation_cost": 404.23457834534116, "completition_cost": 111.11111111111116, "overshoot_cost": 56.95778383117091, "power_cost": 34.08842315673828, "noise_cost": 30.326236602043977, "n_waypoints_completed": 8, "tot_waypoints": 9}}
{"target": -1015.4191696384229, "params": {"k_pid_pos": [0.7605817851320591, 0.665220933013412, 0.9501549658162473], "k_pid_alt": [0.4377778017929481, 0.7924645441320829, 0.5435786176943259], "k_pid_att": [52.32321529933225, 6.885467396012805, 0.8045985889240749], "k_pid_yaw": [0.5, 1e-06, 0.1], "k_pid_hsp": [2.1062270212251217, 0.7348172194082632, 0.25444687715011927], "k_pid_vsp": [82.51638113441567, 354.12343758334686, 34.3864570593161]}, "datetime": {"datetime": "2025-08-13 13:32:26", "elapsed": 13474.025410413742, "delta": 33.07854866981506}, "costs": {"total_cost": 1015.4191696384229, "time_cost": 150, "final_distance_cost": 67.36505005006849, "oscillation_cost": 460.89074259670684, "completition_cost": 222.2222222222222, "overshoot_cost": 52.03387957946069, "power_cost": 33.63080725097657, "noise_cost": 29.276467938988187, "n_waypoints_completed": 7, "tot_waypoints": 9}}
{"target": -393.208071528295, "params": {"k_pid_pos": [1.2073976273208176, 0.636385968248873, 0.6050316260989609], "k_pid_alt": [1.2350498162291932, 0.41864728797203066, 0.1939310579021786], "k_pid_att": [12.526163624634572, 2.5347486881445573, 0.7427115896942682], "k_pid_yaw": [0.5, 1e-06, 0.1], "k_pid_hsp": [6.5858103420491245, 0.5881365791713647, 0.28194561392311446], "k_pid_vsp": [168.67443070011248, 21.02628951451497, 1.4668113867157622]}, "datetime": {"datetime": "2025-08-13 13:33:01", "elapsed": 13509.125328063965, "delta": 35.09991765022278}, "costs": {"total_cost": 393.208071528295, "time_cost": 93.296, "final_distance_cost": 1.7822919698482689, "oscillation_cost": 198.3650088074747, "completition_cost": 0.0, "overshoot_cost": 53.97912348740451, "power_cost": 20.063940698242188, "noise_cost": 25.72170656532534, "n_waypoints_completed": 9, "tot_waypoints": 9}}
{"target": -832.7266573272503, "params": {"k_pid_pos": [0.28601277627725824, 0.8579678252976413, 0.38978100103631397], "k_pid_alt": [0.10739929117200475, 0.390816299575922, 0.3426314875588452], "k_pid_att": [14.618847454163685, 7.04550646536401, 0.47683293716849073], "k_pid_yaw": [0.5, 1e-06, 0.1], "k_pid_hsp": [4.559781789203114, 0.24207234024961066, 0.022151954870434976], "k_pid_vsp": [296.68969317655507, 317.4673719799389, 105.93353010178677]}, "datetime": {"datetime": "2025-08-13 13:33:36", "elapsed": 13544.867430210114, "delta": 35.74210214614868}, "costs": {"total_cost": 832.7266573272503, "time_cost": 150, "final_distance_cost": 47.644315195227236, "oscillation_cost": 74.86580531947222, "completition_cost": 444.4444444444444, "overshoot_cost": 54.011902470765875, "power_cost": 30.27048894042969, "noise_cost": 31.48970095691087, "n_waypoints_completed": 5, "tot_waypoints": 9}}
{"target": -1347.9093558179356, "params": {"k_pid_pos": [0.9192903349388395, 0.5479440933883158, 0.6628362431656346], "k_pid_alt": [1.2013762049747274, 0.45761646484656304, 0.6568134153788739], "k_pid_att": [45.42092281546653, 9.156185953373933, 0.38514401997295566], "k_pid_yaw": [0.5, 1e-06, 0.1], "k_pid_hsp": [0.39912064840836814, 0.6739705210085031, 0.8991100678358486], "k_pid_vsp": [104.76677294253562, 359.1773474324996, 44.5363151356567]}, "datetime": {"datetime": "2025-08-13 13:34:07", "elapsed": 13575.292318820953, "delta": 30.424888610839844}, "costs": {"total_cost": 1347.9093558179356, "time_cost": 150, "final_distance_cost": 44.65135489746606, "oscillation_cost": 558.1653236177151, "completition_cost": 444.4444444444444, "overshoot_cost": 94.73987101780999, "power_cost": 28.945621899414064, "noise_cost": 26.962739941085964, "n_waypoints_completed": 5, "tot_waypoints": 9}}
{"target": -406.05080601744174, "params": {"k_pid_pos": [1.3581359858109194, 0.13141113769634583, 0.16737589371891937], "k_pid_alt": [0.40007417568607284, 0.6841813821355053, 0.31419660650346737], "k_pid_att": [4.554032063295709, 5.173158997556618, 0.6542263074419303], "k_pid_yaw": [0.5, 1e-06, 0.1], "k_pid_hsp": [3.215942936077467, 0.8427328523894553, 0.46511492996941617], "k_pid_vsp": [264.57254940286225, 284.45166876786806, 39.969984180998175]}, "datetime": {"datetime": "2025-08-13 13:34:34", "elapsed": 13602.661010503769, "delta": 27.36869168281555}, "costs": {"total_cost": 406.05080601744174, "time_cost": 108.885, "final_distance_cost": 1.769691896637825, "oscillation_cost": 166.09718036447654, "completition_cost": 0.0, "overshoot_cost": 66.74770329656167, "power_cost": 34.0691427734375, "noise_cost": 28.482087686328196, "n_waypoints_completed": 9, "tot_waypoints": 9}}
{"target": -455.4250234882169, "params": {"k_pid_pos": [1.8447902583991618, 0.7874725731475205, 0.7063595050209214], "k_pid_alt": [1.0546168041612725, 0.5136870885496374, 0.6358864034354001], "k_pid_att": [11.94474142324875, 0.7491735825090219, 0.9705658858372197], "k_pid_yaw": [0.5, 1e-06, 0.1], "k_pid_hsp": [4.054871698423622, 0.9199119822404624, 0.9274547982333974], "k_pid_vsp": [161.82504461612854, 26.883020614797847, 8.669984100897453]}, "datetime": {"datetime": "2025-08-13 13:35:03", "elapsed": 13631.092873811722, "delta": 28.43186330795288}, "costs": {"total_cost": 455.4250234882169, "time_cost": 110.866, "final_distance_cost": 1.747059853526529, "oscillation_cost": 213.1546454067896, "completition_cost": 0.0, "overshoot_cost": 62.62661481482646, "power_cost": 33.06100301513672, "noise_cost": 33.96970039793757, "n_waypoints_completed": 9, "tot_waypoints": 9}}
{"target": -682.771765449098, "params": {"k_pid_pos": [1.2664915276352415, 0.2932179276477943, 0.03725082067673846], "k_pid_alt": [0.7772636163313753, 0.3933092546782694, 0.9939527180170257], "k_pid_att": [55.049629856555825, 9.068530475256217, 0.5124681097043273], "k_pid_yaw": [0.5, 1e-06, 0.1], "k_pid_hsp": [8.33382898836793, 0.950836464127997, 0.2921754458375343], "k_pid_vsp": [196.37656847901027, 19.1712207242243, 0.5644562099789201]}, "datetime": {"datetime": "2025-08-13 13:35:31", "elapsed": 13659.36971950531, "delta": 28.276845693588257}, "costs": {"total_cost": 682.771765449098, "time_cost": 107.023, "final_distance_cost": 1.7687544559096187, "oscillation_cost": 458.0782572400133, "completition_cost": 0.0, "overshoot_cost": 56.3577264301984, "power_cost": 30.278400683593752, "noise_cost": 29.265626639382923, "n_waypoints_completed": 9, "tot_waypoints": 9}}
{"target": -252.39413776590686, "params": {"k_pid_pos": [1.3233053707113211, 0.038542616143951935, 0.3934902297067989], "k_pid_alt": [1.4930204817936341, 0.7517115473302561, 0.9749617801705452], "k_pid_att": [9.695610015774337, 8.343093190726409, 0.6410404433866296], "k_pid_yaw": [0.5, 1e-06, 0.1], "k_pid_hsp": [4.016000882894626, 0.5381849363676636, 0.0855532171491804], "k_pid_vsp": [174.63451555245183, 27.478891440130944, 6.077345652789659]}, "datetime": {"datetime": "2025-08-13 13:35:52", "elapsed": 13680.201876878738, "delta": 20.832157373428345}, "costs": {"total_cost": 252.39413776590686, "time_cost": 76.69200000000001, "final_distance_cost": 1.7714604349255676, "oscillation_cost": 86.47516216959613, "completition_cost": 0.0, "overshoot_cost": 51.486645200861794, "power_cost": 15.316051281738282, "noise_cost": 20.652818678785085, "n_waypoints_completed": 9, "tot_waypoints": 9}}
{"target": -540.285597071524, "params": {"k_pid_pos": [1.5789586952774182, 0.9417872242235492, 0.5383735732501741], "k_pid_alt": [1.084468030435097, 0.9926456222928224, 0.04064302345318216], "k_pid_att": [15.178733557819823, 4.680475932708183, 0.07489634207572904], "k_pid_yaw": [0.5, 1e-06, 0.1], "k_pid_hsp": [5.693939086119505, 0.2895534957077487, 0.4589550350416175], "k_pid_vsp": [305.96968532798815, 346.9978138817926, 121.32090556804017]}, "datetime": {"datetime": "2025-08-13 13:36:22", "elapsed": 13710.682624340057, "delta": 30.48074746131897}, "costs": {"total_cost": 540.285597071524, "time_cost": 111.57300000000001, "final_distance_cost": 1.7907292281616203, "oscillation_cost": 307.29703330619077, "completition_cost": 0.0, "overshoot_cost": 63.40421926629889, "power_cost": 28.693794824218752, "noise_cost": 27.526820446653936, "n_waypoints_completed": 9, "tot_waypoints": 9}}
{"target": -978.7740376705591, "params": {"k_pid_pos": [0.6630370353714174, 0.45613036184876554, 0.36765952237856636], "k_pid_alt": [0.13034631484329706, 0.4709606391093749, 0.7370511335418197], "k_pid_att": [18.809289964227293, 5.827728990212868, 0.9720717048668805], "k_pid_yaw": [0.5, 1e-06, 0.1], "k_pid_hsp": [6.539674531201412, 0.21473637485536168, 0.8792432921684289], "k_pid_vsp": [154.3851328148617, 13.256912478295051, 22.808402471719017]}, "datetime": {"datetime": "2025-08-13 13:36:53", "elapsed": 13740.994619369507, "delta": 30.311995029449463}, "costs": {"total_cost": 978.7740376705591, "time_cost": 150, "final_distance_cost": 75.03745039497396, "oscillation_cost": 306.98039779059746, "completition_cost": 333.33333333333337, "overshoot_cost": 56.20224654870037, "power_cost": 28.265902099609377, "noise_cost": 28.954707503344547, "n_waypoints_completed": 6, "tot_waypoints": 9}}
{"target": -1003.9875096887499, "params": {"k_pid_pos": [1.7495845014044504, 0.2993988690247553, 0.08368194206229473], "k_pid_alt": [0.15944385862646437, 0.7647197566701874, 0.20137297557756229], "k_pid_att": [46.253025682010104, 8.591958615497854, 0.046865826852279135], "k_pid_yaw": [0.5, 1e-06, 0.1], "k_pid_hsp": [7.869652903632874, 0.6852724086758771, 0.1314679651986943], "k_pid_vsp": [187.8419824145789, 13.802972374603547, 17.780317858471953]}, "datetime": {"datetime": "2025-08-13 13:37:26", "elapsed": 13774.907282829285, "delta": 33.91266345977783}, "costs": {"total_cost": 1003.9875096887499, "time_cost": 150, "final_distance_cost": 74.95426777968852, "oscillation_cost": 418.86912466855887, "completition_cost": 222.2222222222222, "overshoot_cost": 63.83397870767453, "power_cost": 40.34652944335938, "noise_cost": 33.76138686724638, "n_waypoints_completed": 7, "tot_waypoints": 9}}
{"target": -332.85108719011845, "params": {"k_pid_pos": [1.96832637580849, 0.8543963652545524, 0.17566414376576944], "k_pid_alt": [1.7862637333032922, 0.4284201940247173, 0.021326318315330606], "k_pid_att": [8.22971418623819, 6.31068209849549, 0.8087765043893117], "k_pid_yaw": [0.5, 1e-06, 0.1], "k_pid_hsp": [7.720454891497506, 0.3288575290268714, 0.3748972973789525], "k_pid_vsp": [272.4042951844725, 279.72188220464085, 34.34306719518735]}, "datetime": {"datetime": "2025-08-13 13:37:53", "elapsed": 13801.438930749893, "delta": 26.53164792060852}, "costs": {"total_cost": 332.85108719011845, "time_cost": 96.656, "final_distance_cost": 1.7589270383051716, "oscillation_cost": 135.0923547184241, "completition_cost": 0.0, "overshoot_cost": 58.11360462768259, "power_cost": 19.987887670898438, "noise_cost": 21.24231313480812, "n_waypoints_completed": 9, "tot_waypoints": 9}}
{"target": -480.23573760749576, "params": {"k_pid_pos": [1.1750811123314904, 0.3137990405033575, 0.40223268174525484], "k_pid_alt": [1.6262959472196015, 0.045809068623462346, 0.3427555748556902], "k_pid_att": [19.110296354580434, 7.171172766951187, 0.43824868033884534], "k_pid_yaw": [0.5, 1e-06, 0.1], "k_pid_hsp": [7.613970343049712, 0.3389314134541088, 0.5692384163685439], "k_pid_vsp": [172.93701006227528, 34.36640436083718, 6.708136987802178]}, "datetime": {"datetime": "2025-08-13 13:38:20", "elapsed": 13828.284580945969, "delta": 26.84565019607544}, "costs": {"total_cost": 480.23573760749576, "time_cost": 87.22, "final_distance_cost": 1.7485710611978802, "oscillation_cost": 284.89867190107117, "completition_cost": 0.0, "overshoot_cost": 53.60311910088469, "power_cost": 26.317672729492188, "noise_cost": 26.447702814849833, "n_waypoints_completed": 9, "tot_waypoints": 9}}
{"target": -1057.8416478958936, "params": {"k_pid_pos": [0.2094964040406357, 0.08641151897903065, 0.9692675337557217], "k_pid_alt": [1.9411368160202112, 0.9400177947303562, 0.2480759421521792], "k_pid_att": [11.926478684968455, 4.180383941545979, 0.5781682687962115], "k_pid_yaw": [0.5, 1e-06, 0.1], "k_pid_hsp": [4.788677388050575, 0.7068688255963544, 0.7793456518664666], "k_pid_vsp": [168.57011502679816, 15.89859755638091, 2.8179142244227564]}, "datetime": {"datetime": "2025-08-13 13:38:51", "elapsed": 13858.97836112976, "delta": 30.693780183792114}, "costs": {"total_cost": 1057.8416478958936, "time_cost": 150, "final_distance_cost": 66.1225820504898, "oscillation_cost": 388.1160730426234, "completition_cost": 333.33333333333337, "overshoot_cost": 61.77666907128711, "power_cost": 25.203070739746096, "noise_cost": 33.289919658413886, "n_waypoints_completed": 6, "tot_waypoints": 9}}
{"target": -584.7150583673164, "params": {"k_pid_pos": [0.3000519528700231, 0.6080967559020581, 0.35239148246907803], "k_pid_alt": [1.2528578016108451, 0.2365184196036968, 0.5558731712464731], "k_pid_att": [10.941677553631024, 3.871426391068594, 0.4326860797968526], "k_pid_yaw": [0.5, 1e-06, 0.1], "k_pid_hsp": [9.06013980484388, 0.3504844431022546, 0.15347383060213493], "k_pid_vsp": [309.43627540649004, 331.0741207164137, 95.49421044776447]}, "datetime": {"datetime": "2025-08-13 13:39:22", "elapsed": 13890.31164765358, "delta": 31.33328652381897}, "costs": {"total_cost": 584.7150583673164, "time_cost": 150, "final_distance_cost": 26.657837602697086, "oscillation_cost": 184.02289899125432, "completition_cost": 111.11111111111116, "overshoot_cost": 55.000755328965205, "power_cost": 30.684902490234375, "noise_cost": 27.237552843054214, "n_waypoints_completed": 8, "tot_waypoints": 9}}
{"target": -606.1071269192422, "params": {"k_pid_pos": [0.7127180757639036, 0.6858021733911646, 0.24122167260268956], "k_pid_alt": [1.3525106201820454, 0.737259478869639, 0.9806950302008796], "k_pid_att": [29.593651438590896, 4.602460336228639, 0.17336434858485272], "k_pid_yaw": [0.5, 1e-06, 0.1], "k_pid_hsp": [8.444046895103222, 0.9916252064226442, 0.8044723337400433], "k_pid_vsp": [234.61940130620542, 275.5287961637357, 46.84833088505396]}, "datetime": {"datetime": "2025-08-13 13:39:48", "elapsed": 13916.930916309357, "delta": 26.619268655776978}, "costs": {"total_cost": 606.1071269192422, "time_cost": 101.43, "final_distance_cost": 1.7725873881328456, "oscillation_cost": 383.45446932516046, "completition_cost": 0.0, "overshoot_cost": 54.109688451286324, "power_cost": 35.603744152832036, "noise_cost": 29.736637601830544, "n_waypoints_completed": 9, "tot_waypoints": 9}}
{"target": -607.3319233093283, "params": {"k_pid_pos": [0.7593091270026354, 0.006366894359249642, 0.3255631457650716], "k_pid_alt": [1.4483755856486713, 0.0850624435452284, 0.6045513721317931], "k_pid_att": [54.990081482332755, 2.8019426781113226, 0.47221253908911764], "k_pid_yaw": [0.5, 1e-06, 0.1], "k_pid_hsp": [5.869423833569479, 0.46307898475104825, 0.4648615342735011], "k_pid_vsp": [87.99821363190561, 357.875996063614, 45.289584324156]}, "datetime": {"datetime": "2025-08-13 13:40:13", "elapsed": 13941.764751434326, "delta": 24.833835124969482}, "costs": {"total_cost": 607.3319233093283, "time_cost": 89.782, "final_distance_cost": 1.8164269402709137, "oscillation_cost": 413.6748327331116, "completition_cost": 0.0, "overshoot_cost": 52.21869506879562, "power_cost": 27.509086950683596, "noise_cost": 22.330881616466645, "n_waypoints_completed": 9, "tot_waypoints": 9}}
{"target": -311.17020807682565, "params": {"k_pid_pos": [0.8919731137208956, 0.7860108803097534, 0.47220856612885975], "k_pid_alt": [1.059095863078781, 0.2365766062908291, 0.4326517011758473], "k_pid_att": [21.35056084331035, 4.680810874459618, 0.8814815243545967], "k_pid_yaw": [0.5, 1e-06, 0.1], "k_pid_hsp": [9.518744098360903, 0.8024734430198311, 0.09641316991616677], "k_pid_vsp": [292.202252101983, 333.4443646687091, 99.41014751206835]}, "datetime": {"datetime": "2025-08-13 13:40:39", "elapsed": 13967.378192901611, "delta": 25.613441467285156}, "costs": {"total_cost": 311.17020807682565, "time_cost": 92.687, "final_distance_cost": 1.8045236865190057, "oscillation_cost": 108.1817997267962, "completition_cost": 0.0, "overshoot_cost": 53.29055898646639, "power_cost": 30.573381298828128, "noise_cost": 24.632944378215925, "n_waypoints_completed": 9, "tot_waypoints": 9}}
{"target": -645.1322066192748, "params": {"k_pid_pos": [0.7193124050291535, 0.5445405001538652, 0.6776981939020134], "k_pid_alt": [1.52572134380633, 0.42756123225130893, 0.8023403362399428], "k_pid_att": [19.05921862501617, 7.726657412734179, 0.23445866413788896], "k_pid_yaw": [0.5, 1e-06, 0.1], "k_pid_hsp": [6.944210997571703, 0.29488256309080585, 0.4739554343041137], "k_pid_vsp": [157.7882800846021, 6.4909327470152505, 13.711818966570206]}, "datetime": {"datetime": "2025-08-13 13:41:09", "elapsed": 13997.181613445282, "delta": 29.803420543670654}, "costs": {"total_cost": 645.1322066192748, "time_cost": 110.824, "final_distance_cost": 1.7843326263640837, "oscillation_cost": 425.916213243428, "completition_cost": 0.0, "overshoot_cost": 56.23089844734431, "power_cost": 23.986921350097656, "noise_cost": 26.389840952040775, "n_waypoints_completed": 9, "tot_waypoints": 9}}
{"target": -1138.4152584754252, "params": {"k_pid_pos": [1.6023920902993498, 0.9947883828008951, 0.8141342960263976], "k_pid_alt": [0.08027939261396155, 0.7980058001485602, 0.060699756077564615], "k_pid_att": [17.991080227204247, 8.618174818335321, 0.24884122331541092], "k_pid_yaw": [0.5, 1e-06, 0.1], "k_pid_hsp": [3.3937841555183814, 0.7289634313939495, 0.6067357071646824], "k_pid_vsp": [309.1544881143195, 311.81864801032276, 106.80245482621176]}, "datetime": {"datetime": "2025-08-13 13:41:40", "elapsed": 14028.455465316772, "delta": 31.27385187149048}, "costs": {"total_cost": 1138.4152584754252, "time_cost": 150, "final_distance_cost": 64.61859494734168, "oscillation_cost": 353.81932983825976, "completition_cost": 444.4444444444444, "overshoot_cost": 62.50482401702155, "power_cost": 34.26234725341797, "noise_cost": 28.765717974939722, "n_waypoints_completed": 5, "tot_waypoints": 9}}
{"target": -1422.0836376476054, "params": {"k_pid_pos": [1.6306414831750253, 0.4958918289459898, 0.29321079573555064], "k_pid_alt": [0.26128218216523, 0.08922360801664564, 0.5138445966574768], "k_pid_att": [3.8874908023601162, 9.664261485214707, 0.37291508390667927], "k_pid_yaw": [0.5, 1e-06, 0.1], "k_pid_hsp": [2.5930441199121703, 0.08476606053607738, 0.9797605811904975], "k_pid_vsp": [164.50540774414816, 32.380170464550446, 12.710214720570642]}, "datetime": {"datetime": "2025-08-13 13:42:13", "elapsed": 14061.282775878906, "delta": 32.82731056213379}, "costs": {"total_cost": 1422.0836376476054, "time_cost": 150, "final_distance_cost": 51.368446021703804, "oscillation_cost": 431.65251212895043, "completition_cost": 666.6666666666667, "overshoot_cost": 52.966727663395744, "power_cost": 36.518223547363284, "noise_cost": 32.91106161952553, "n_waypoints_completed": 3, "tot_waypoints": 9}}
