{"target": -391.5314710661361, "params": {"k_pid_pos": [1.8885207440809113, 0.02648389136518514, 0.9761379884817497], "k_pid_alt": [0.860254292300948, 0.2673187902156401, 0.12065445643435169], "k_pid_att": [10.908625921576565, 2.792610268784304, 0.23042582739754525], "k_pid_yaw": [0.5, 1e-06, 0.1], "k_pid_hsp": [8.6849475897629, 0.6676849559650042, 0.5099877378929968], "k_pid_vsp": [193.26764705937208, 312.1390282301648, 13.283383747581608]}, "datetime": {"datetime": "2025-08-13 14:41:42", "elapsed": 17630.65222287178, "delta": 20.998638153076172}, "costs": {"total_cost": 391.5314710661361, "time_cost": 78.043, "final_distance_cost": 1.8004390012455784, "oscillation_cost": 215.1321144816593, "completition_cost": 0.0, "overshoot_cost": 51.951820288067715, "power_cost": 23.393555712890628, "noise_cost": 21.2105415822728, "n_waypoints_completed": 9, "tot_waypoints": 9}}
{"target": -314.1331720051607, "params": {"k_pid_pos": [1.4231610420735514, 0.27685587042862575, 0.43213977419381044], "k_pid_alt": [0.2361066204397147, 0.12192930493971646, 0.4958272369830062], "k_pid_att": [5.4208974105304595, 4.775044338823535, 0.7018382679982282], "k_pid_yaw": [0.5, 1e-06, 0.1], "k_pid_hsp": [7.543203992139349, 0.8313584827261546, 0.1657398524405052], "k_pid_vsp": [270.52052100405734, 284.24104627570875, 38.11970384199294]}, "datetime": {"datetime": "2025-08-13 14:42:09", "elapsed": 17657.82872724533, "delta": 27.176504373550415}, "costs": {"total_cost": 314.1331720051607, "time_cost": 94.906, "final_distance_cost": 1.7391177115546725, "oscillation_cost": 116.41216238979159, "completition_cost": 0.0, "overshoot_cost": 54.15092147035715, "power_cost": 24.081704211425784, "noise_cost": 22.843266222031517, "n_waypoints_completed": 9, "tot_waypoints": 9}}
{"target": -569.5018886981, "params": {"k_pid_pos": [1.5759236929235112, 0.6136163275029272, 0.005920017915088671], "k_pid_alt": [1.6677545244151317, 0.1563865871934763, 0.722236696573655], "k_pid_att": [11.10947474473899, 1.968894825488577, 0.4859542983371383], "k_pid_yaw": [0.5, 1e-06, 0.1], "k_pid_hsp": [0.8010374547868224, 0.486504780450126, 0.4891888983480962], "k_pid_vsp": [173.0215819762406, 15.229198406123091, 16.189633984658773]}, "datetime": {"datetime": "2025-08-13 14:42:39", "elapsed": 17687.099402427673, "delta": 29.27067518234253}, "costs": {"total_cost": 569.5018886981, "time_cost": 150, "final_distance_cost": 48.967020542153826, "oscillation_cost": 144.25148347358984, "completition_cost": 111.11111111111116, "overshoot_cost": 57.01018152012078, "power_cost": 29.16450192871094, "noise_cost": 28.997590122413406, "n_waypoints_completed": 8, "tot_waypoints": 9}}
{"target": -391.01279767749674, "params": {"k_pid_pos": [1.71366642871259, 0.0, 0.6608006975562365], "k_pid_alt": [2.0, 0.250050051258925, 1.0], "k_pid_att": [50.22037873188272, 3.710086284898305, 0.878840179135917], "k_pid_yaw": [0.5, 1e-06, 0.1], "k_pid_hsp": [0.2454091982070964, 0.38054789610052264, 0.16889498672530012], "k_pid_vsp": [87.81511189331248, 359.2016563458899, 39.84815814192558]}, "datetime": {"datetime": "2025-08-13 14:43:05", "elapsed": 17713.605657100677, "delta": 26.50625467300415}, "costs": {"total_cost": 391.01279767749674, "time_cost": 104.85300000000001, "final_distance_cost": 1.7401856274441896, "oscillation_cost": 165.5352323008299, "completition_cost": 0.0, "overshoot_cost": 57.50397168951388, "power_cost": 33.82126584472656, "noise_cost": 27.559142214982224, "n_waypoints_completed": 9, "tot_waypoints": 9}}
{"target": -1654.3490176861305, "params": {"k_pid_pos": [0.04797920035681534, 0.0913627377663887, 0.6905675781388156], "k_pid_alt": [1.7180137354204157, 0.8970481884578801, 0.9784592379372437], "k_pid_att": [11.014625987135062, 4.139263474879098, 0.14319071568999853], "k_pid_yaw": [0.5, 1e-06, 0.1], "k_pid_hsp": [5.0978137928893625, 0.09382116121410011, 0.4220667138593448], "k_pid_vsp": [260.0629386878893, 280.31385931515837, 41.91245198102233]}, "datetime": {"datetime": "2025-08-13 14:43:35", "elapsed": 17743.862537145615, "delta": 30.256880044937134}, "costs": {"total_cost": 1654.3490176861305, "time_cost": 150, "final_distance_cost": 84.43089254862426, "oscillation_cost": 511.14166112990875, "completition_cost": 777.7777777777778, "overshoot_cost": 68.88407987484169, "power_cost": 32.77349428710938, "noise_cost": 29.34111206786872, "n_waypoints_completed": 2, "tot_waypoints": 9}}
{"target": -516.0459901510974, "params": {"k_pid_pos": [1.4526928159976342, 0.41923774074185327, 0.12688377387519378], "k_pid_alt": [0.7411133576960522, 0.33689178523239527, 0.5087062116768926], "k_pid_att": [9.599567637743156, 4.6254712721578874, 0.0114065178712216], "k_pid_yaw": [0.5, 1e-06, 0.1], "k_pid_hsp": [4.295404614282564, 0.00367419680820813, 0.34911646956610276], "k_pid_vsp": [291.7893714615688, 278.157285516468, 54.79491499451686]}, "datetime": {"datetime": "2025-08-13 14:44:00", "elapsed": 17768.941205501556, "delta": 25.078668355941772}, "costs": {"total_cost": 516.0459901510974, "time_cost": 97.048, "final_distance_cost": 1.7607819625335757, "oscillation_cost": 308.67656781358374, "completition_cost": 0.0, "overshoot_cost": 55.19477688814172, "power_cost": 27.590577343750002, "noise_cost": 25.77528614308835, "n_waypoints_completed": 9, "tot_waypoints": 9}}
{"target": -1372.181767319631, "params": {"k_pid_pos": [0.09767118715725755, 0.30116979223991225, 0.15151600695557066], "k_pid_alt": [1.7945750866844254, 0.7108567865754077, 0.803043090791301], "k_pid_att": [8.53035875128134, 2.4862585195340037, 0.0018801191104866888], "k_pid_yaw": [0.5, 1e-06, 0.1], "k_pid_hsp": [6.87290303339126, 0.3868770045258413, 0.13559231470893585], "k_pid_vsp": [150.9449267702411, 30.536864770086172, 8.661663909296273]}, "datetime": {"datetime": "2025-08-13 14:44:33", "elapsed": 17801.944824934006, "delta": 33.00361943244934}, "costs": {"total_cost": 1372.181767319631, "time_cost": 150, "final_distance_cost": 49.65112722627694, "oscillation_cost": 505.9605438487466, "completition_cost": 555.5555555555555, "overshoot_cost": 50.51766976952536, "power_cost": 28.586136145019534, "noise_cost": 31.91073477450708, "n_waypoints_completed": 4, "tot_waypoints": 9}}
{"target": -432.8611474848995, "params": {"k_pid_pos": [1.6583094104373524, 0.2780661645891014, 0.1862289966922318], "k_pid_alt": [1.6149478907502617, 0.26437722587710677, 0.7980863454086374], "k_pid_att": [16.104037277645876, 1.4794594861887764, 0.7072561075508583], "k_pid_yaw": [0.5, 1e-06, 0.1], "k_pid_hsp": [7.46857834605826, 0.7354927340482486, 0.6226482419283754], "k_pid_vsp": [161.84707533108386, 36.56840516412569, 9.375091101295329]}, "datetime": {"datetime": "2025-08-13 14:45:00", "elapsed": 17828.307645082474, "delta": 26.362820148468018}, "costs": {"total_cost": 432.8611474848995, "time_cost": 100.618, "final_distance_cost": 1.742558376080167, "oscillation_cost": 222.78797805586393, "completition_cost": 0.0, "overshoot_cost": 53.64544777243586, "power_cost": 26.28896746826172, "noise_cost": 27.778195812257838, "n_waypoints_completed": 9, "tot_waypoints": 9}}
{"target": -652.4750297696562, "params": {"k_pid_pos": [1.7260663907976883, 0.186065219232878, 0.501953944005432], "k_pid_alt": [0.2664563354063332, 0.755529237620736, 0.3772508898944781], "k_pid_att": [48.67039465375414, 9.644256640509305, 0.17540284762821345], "k_pid_yaw": [0.5, 1e-06, 0.1], "k_pid_hsp": [7.8953784212438185, 0.3789237164400555, 0.6243236801978406], "k_pid_vsp": [91.61770312044375, 364.22651211503637, 36.288726283813695]}, "datetime": {"datetime": "2025-08-13 14:45:26", "elapsed": 17854.797738313675, "delta": 26.490093231201172}, "costs": {"total_cost": 652.4750297696562, "time_cost": 104.839, "final_distance_cost": 1.7399041231895824, "oscillation_cost": 426.97648377926856, "completition_cost": 0.0, "overshoot_cost": 63.71750665665637, "power_cost": 30.008644567871094, "noise_cost": 25.193490642670596, "n_waypoints_completed": 9, "tot_waypoints": 9}}
{"target": -449.0726387264754, "params": {"k_pid_pos": [1.2041234166194699, 0.8515488076529752, 0.4123935209911882], "k_pid_alt": [0.5588649414933182, 0.1922030852853377, 0.3968905743581729], "k_pid_att": [17.44555600394645, 7.840266224973469, 0.8158335636474939], "k_pid_yaw": [0.5, 1e-06, 0.1], "k_pid_hsp": [9.52067719205845, 0.19095267679476102, 0.5146034354450679], "k_pid_vsp": [296.27855444952826, 335.7991262025511, 93.5461811573533]}, "datetime": {"datetime": "2025-08-13 14:45:52", "elapsed": 17880.47938966751, "delta": 25.68165135383606}, "costs": {"total_cost": 449.0726387264754, "time_cost": 99.61, "final_distance_cost": 1.7941101955256813, "oscillation_cost": 236.3235945750875, "completition_cost": 0.0, "overshoot_cost": 55.87010055702019, "power_cost": 29.942484020996094, "noise_cost": 25.532349377845925, "n_waypoints_completed": 9, "tot_waypoints": 9}}
{"target": -918.523677749746, "params": {"k_pid_pos": [0.6117385922443851, 0.3090577918872487, 0.5240451166580935], "k_pid_alt": [1.140941808134641, 0.2638677191689599, 0.23925922305893055], "k_pid_att": [42.27876101915473, 0.6385694439026538, 0.7305506022756195], "k_pid_yaw": [0.5, 1e-06, 0.1], "k_pid_hsp": [4.17536735594563, 0.5027745947432064, 0.8342667860286104], "k_pid_vsp": [202.58162189361514, 16.849272690364113, 17.271710266039147]}, "datetime": {"datetime": "2025-08-13 14:46:23", "elapsed": 17911.20573401451, "delta": 30.726344347000122}, "costs": {"total_cost": 918.523677749746, "time_cost": 150, "final_distance_cost": 10.169569747550522, "oscillation_cost": 530.8618366350614, "completition_cost": 111.11111111111116, "overshoot_cost": 56.602875522075266, "power_cost": 31.77725281982422, "noise_cost": 28.001031914123335, "n_waypoints_completed": 8, "tot_waypoints": 9}}
{"target": -319.675055605523, "params": {"k_pid_pos": [1.0934199150165256, 0.6569935318119674, 0.2892422874396686], "k_pid_alt": [0.9103233456005106, 0.03280346351884156, 0.02992861754419862], "k_pid_att": [7.024114041304919, 7.191434616741493, 0.5989906237607044], "k_pid_yaw": [0.5, 1e-06, 0.1], "k_pid_hsp": [9.942421453811715, 0.28955001983287987, 0.6971213051475015], "k_pid_vsp": [279.4121601039454, 270.87176406595904, 61.80212783493453]}, "datetime": {"datetime": "2025-08-13 14:46:46", "elapsed": 17934.368441820145, "delta": 23.162707805633545}, "costs": {"total_cost": 319.675055605523, "time_cost": 91.287, "final_distance_cost": 1.7958236614594385, "oscillation_cost": 131.03248415507394, "completition_cost": 0.0, "overshoot_cost": 52.799503605671205, "power_cost": 22.095559387207032, "noise_cost": 20.66468479611145, "n_waypoints_completed": 9, "tot_waypoints": 9}}
{"target": -1138.8109575523383, "params": {"k_pid_pos": [1.8415120231625244, 0.6329521078755806, 0.39889297374138755], "k_pid_alt": [1.050801917711557, 0.9347994983742636, 0.49877601412172956], "k_pid_att": [18.675299592372163, 4.372891798665399, 0.6483371528473787], "k_pid_yaw": [0.5, 1e-06, 0.1], "k_pid_hsp": [2.1759055560754583, 0.5698893689452764, 0.9491643132429373], "k_pid_vsp": [278.2555017813774, 279.5601877604962, 58.37054629183649]}, "datetime": {"datetime": "2025-08-13 14:47:16", "elapsed": 17964.145975589752, "delta": 29.777533769607544}, "costs": {"total_cost": 1138.8109575523383, "time_cost": 150, "final_distance_cost": 43.79838203702258, "oscillation_cost": 243.65648311122212, "completition_cost": 555.5555555555555, "overshoot_cost": 63.489705501207645, "power_cost": 44.830100903320314, "noise_cost": 37.48073044401018, "n_waypoints_completed": 4, "tot_waypoints": 9}}
{"target": -523.874828381865, "params": {"k_pid_pos": [1.6669673612896034, 0.5102962467862667, 0.4853891245633484], "k_pid_alt": [0.8261599490695157, 0.2000048502611973, 0.9874093353700233], "k_pid_att": [28.77277572444751, 4.353046444388776, 0.01163935029151797], "k_pid_yaw": [0.5, 1e-06, 0.1], "k_pid_hsp": [2.676252064669646, 0.12158045572409892, 0.21303025740536485], "k_pid_vsp": [238.65191002296933, 269.34577727710536, 53.553876658624716]}, "datetime": {"datetime": "2025-08-13 14:47:38", "elapsed": 17986.431226730347, "delta": 22.285251140594482}, "costs": {"total_cost": 523.874828381865, "time_cost": 88.263, "final_distance_cost": 1.7356529725185934, "oscillation_cost": 327.9805410021721, "completition_cost": 0.0, "overshoot_cost": 54.50538647601743, "power_cost": 28.121879931640628, "noise_cost": 23.26836799951624, "n_waypoints_completed": 9, "tot_waypoints": 9}}
{"target": -1237.216453388206, "params": {"k_pid_pos": [1.1303334955838957, 0.5802448120329534, 0.41140892784864624], "k_pid_alt": [0.15737239209753584, 0.14602576485390828, 0.6930246684595234], "k_pid_att": [35.995627613766914, 1.789403623392238, 0.1076864062599664], "k_pid_yaw": [0.5, 1e-06, 0.1], "k_pid_hsp": [0.7695958897026305, 0.03842044677708811, 0.5634089832976935], "k_pid_vsp": [230.17506805754041, 279.8711916725685, 39.58829283409073]}, "datetime": {"datetime": "2025-08-13 14:48:08", "elapsed": 18016.50196313858, "delta": 30.070736408233643}, "costs": {"total_cost": 1237.216453388206, "time_cost": 150, "final_distance_cost": 45.04139758597941, "oscillation_cost": 340.5505734342892, "completition_cost": 555.5555555555555, "overshoot_cost": 71.32811896834818, "power_cost": 41.99128492431641, "noise_cost": 32.749522919717194, "n_waypoints_completed": 4, "tot_waypoints": 9}}
{"target": -1026.1840179136784, "params": {"k_pid_pos": [1.2599915311094654, 0.4938421580672092, 0.42486692329275855], "k_pid_alt": [0.13495754582295394, 0.21497988389988, 0.21986509894172546], "k_pid_att": [9.74887104576937, 2.4775007312204047, 0.9318033180739531], "k_pid_yaw": [0.5, 1e-06, 0.1], "k_pid_hsp": [2.193371242637853, 0.4826640485567971, 0.8617541054876133], "k_pid_vsp": [312.04710550590005, 332.2120025532185, 90.87814731111662]}, "datetime": {"datetime": "2025-08-13 14:48:38", "elapsed": 18046.102680444717, "delta": 29.600717306137085}, "costs": {"total_cost": 1026.1840179136784, "time_cost": 150, "final_distance_cost": 44.480298411740804, "oscillation_cost": 258.7122388366419, "completition_cost": 444.4444444444444, "overshoot_cost": 56.66892171142189, "power_cost": 39.88223439941407, "noise_cost": 31.99588011001535, "n_waypoints_completed": 5, "tot_waypoints": 9}}
{"target": -443.8579840090395, "params": {"k_pid_pos": [1.7081264759715742, 0.7799261877427526, 0.7076588784009297], "k_pid_alt": [1.4463419847035073, 0.42382274126510144, 0.6716581294361325], "k_pid_att": [20.625037751947815, 7.566829220056238, 0.544855689201112], "k_pid_yaw": [0.5, 1e-06, 0.1], "k_pid_hsp": [5.348839167452417, 0.12596389879814984, 0.15245301896182784], "k_pid_vsp": [164.30349303219907, 9.979906502734321, 20.308109629932737]}, "datetime": {"datetime": "2025-08-13 14:49:01", "elapsed": 18069.803086280823, "delta": 23.700405836105347}, "costs": {"total_cost": 443.8579840090395, "time_cost": 94.738, "final_distance_cost": 1.745464239114823, "oscillation_cost": 223.69410953557667, "completition_cost": 0.0, "overshoot_cost": 58.02830439187112, "power_cost": 36.39088679199219, "noise_cost": 29.261219050484716, "n_waypoints_completed": 9, "tot_waypoints": 9}}
{"target": -1444.913884254587, "params": {"k_pid_pos": [0.25571857165623085, 0.7421779540888861, 0.6569545187172514], "k_pid_alt": [0.4214905946853351, 0.782382912322008, 0.4197385112047681], "k_pid_att": [23.193668315571124, 8.501973629845452, 0.0283968724681124], "k_pid_yaw": [0.5, 1e-06, 0.1], "k_pid_hsp": [2.3750937468120688, 0.12676383262993562, 0.6379197631252409], "k_pid_vsp": [160.84826032349406, 6.808500154151474, 23.057550595836606]}, "datetime": {"datetime": "2025-08-13 14:49:31", "elapsed": 18099.77566099167, "delta": 29.972574710845947}, "costs": {"total_cost": 1444.913884254587, "time_cost": 150, "final_distance_cost": 52.35821903071195, "oscillation_cost": 461.5756210095821, "completition_cost": 666.6666666666667, "overshoot_cost": 62.37874540120949, "power_cost": 25.668776757812502, "noise_cost": 26.26585538860405, "n_waypoints_completed": 3, "tot_waypoints": 9}}
{"target": -907.7718553337596, "params": {"k_pid_pos": [1.4668142520105947, 0.9993726159540484, 0.2381556226219993], "k_pid_alt": [1.7258317449871172, 0.09642853827321196, 0.7247991220585167], "k_pid_att": [10.398968350445381, 4.780134010962349, 0.36019653759839865], "k_pid_yaw": [0.5, 1e-06, 0.1], "k_pid_hsp": [5.738255502929282, 0.6811869249919918, 0.8413150978113765], "k_pid_vsp": [265.83694087204435, 285.3428001757006, 40.60867382573501]}, "datetime": {"datetime": "2025-08-13 14:50:01", "elapsed": 18129.737820863724, "delta": 29.962159872055054}, "costs": {"total_cost": 907.7718553337596, "time_cost": 150, "final_distance_cost": 71.30768903651308, "oscillation_cost": 174.21696383253524, "completition_cost": 333.33333333333337, "overshoot_cost": 93.09303336431806, "power_cost": 45.939595617675785, "noise_cost": 39.881240149384126, "n_waypoints_completed": 6, "tot_waypoints": 9}}
{"target": -444.04664105436115, "params": {"k_pid_pos": [1.0311993722997588, 0.7152220687438046, 0.5470859198561743], "k_pid_alt": [1.986946052248545, 0.8781194774694185, 0.6265836376934468], "k_pid_att": [15.506343665576905, 6.4624755087088745, 0.6350245761713789], "k_pid_yaw": [0.5, 1e-06, 0.1], "k_pid_hsp": [4.00891870962367, 0.42233116695339545, 0.6888582250338405], "k_pid_vsp": [170.36865527269, 25.87416111677367, 20.848899023711965]}, "datetime": {"datetime": "2025-08-13 14:50:26", "elapsed": 18154.047598600388, "delta": 24.30977773666382}, "costs": {"total_cost": 444.04664105436115, "time_cost": 95.893, "final_distance_cost": 1.746510673428099, "oscillation_cost": 244.20337711014324, "completition_cost": 0.0, "overshoot_cost": 53.22819269390151, "power_cost": 25.28317724609375, "noise_cost": 23.69238333079454, "n_waypoints_completed": 9, "tot_waypoints": 9}}
{"target": -456.513511478812, "params": {"k_pid_pos": [1.5071122837474336, 0.76383261293109, 0.39979375433453934], "k_pid_alt": [0.7144706295176331, 0.27440691736692474, 0.4860251803215165], "k_pid_att": [22.476735297925465, 1.8819629730519287, 1.0], "k_pid_yaw": [0.5, 1e-06, 0.1], "k_pid_hsp": [5.37378435326613, 0.7605662813310046, 0.5485191601050097], "k_pid_vsp": [294.88634380556874, 340.20704605864745, 100.06340001099899]}, "datetime": {"datetime": "2025-08-13 14:50:50", "elapsed": 18178.29607820511, "delta": 24.24847960472107}, "costs": {"total_cost": 456.513511478812, "time_cost": 96.131, "final_distance_cost": 1.7966789169631556, "oscillation_cost": 243.5294248618861, "completition_cost": 0.0, "overshoot_cost": 57.7314579434103, "power_cost": 31.501090283203126, "noise_cost": 25.82385947334932, "n_waypoints_completed": 9, "tot_waypoints": 9}}
{"target": -1229.864617551027, "params": {"k_pid_pos": [0.30959253089932925, 0.37055517691824025, 0.025217563263100984], "k_pid_alt": [0.9273656741446494, 0.10796270572389177, 0.31840393076545437], "k_pid_att": [56.79168724598726, 9.983413098013338, 0.8242768421130425], "k_pid_yaw": [0.5, 1e-06, 0.1], "k_pid_hsp": [7.117572059607632, 0.4703205010905055, 0.5034749874396496], "k_pid_vsp": [195.90521163291675, 7.406994172260961, 10.550366547304451]}, "datetime": {"datetime": "2025-08-13 14:51:20", "elapsed": 18208.020021677017, "delta": 29.72394347190857}, "costs": {"total_cost": 1229.864617551027, "time_cost": 150, "final_distance_cost": 70.10883330049344, "oscillation_cost": 565.8515986644861, "completition_cost": 333.33333333333337, "overshoot_cost": 44.25751989022874, "power_cost": 36.38250238037109, "noise_cost": 29.93082998211458, "n_waypoints_completed": 6, "tot_waypoints": 9}}
{"target": -248.4057734999987, "params": {"k_pid_pos": [1.3304043137277555, 0.9038061846345774, 0.9678815451644964], "k_pid_alt": [1.9421284876825955, 0.8628959288984825, 0.4582760719319463], "k_pid_att": [13.473684030803968, 5.916894075429708, 0.26478520509432535], "k_pid_yaw": [0.5, 1e-06, 0.1], "k_pid_hsp": [5.240783253400544, 0.20183985165334917, 0.013920938799356075], "k_pid_vsp": [168.56680590221492, 23.790675048657008, 11.552826263025645]}, "datetime": {"datetime": "2025-08-13 14:51:42", "elapsed": 18230.042323350906, "delta": 22.02230167388916}, "costs": {"total_cost": 248.4057734999987, "time_cost": 85.477, "final_distance_cost": 1.7712759963774933, "oscillation_cost": 69.04106251074268, "completition_cost": 0.0, "overshoot_cost": 52.41701279868517, "power_cost": 19.047288256835937, "noise_cost": 20.652133937357416, "n_waypoints_completed": 9, "tot_waypoints": 9}}
{"target": -1362.67517521823, "params": {"k_pid_pos": [0.15108784020316884, 0.7682173302912463, 0.8308475944806121], "k_pid_alt": [0.5392668496971553, 0.8658981121577605, 0.5683867700204652], "k_pid_att": [12.780451207328547, 9.673659218145353, 0.13410636347328875], "k_pid_yaw": [0.5, 1e-06, 0.1], "k_pid_hsp": [3.415850814617763, 0.24217112245333572, 0.13845725053355407], "k_pid_vsp": [292.88693550997016, 277.7124331207567, 57.93525022862103]}, "datetime": {"datetime": "2025-08-13 14:52:11", "elapsed": 18259.786704063416, "delta": 29.744380712509155}, "costs": {"total_cost": 1362.67517521823, "time_cost": 150, "final_distance_cost": 53.46515938864907, "oscillation_cost": 360.5567415285392, "completition_cost": 666.6666666666667, "overshoot_cost": 52.055019173120236, "power_cost": 42.02580584716797, "noise_cost": 37.90578261408671, "n_waypoints_completed": 3, "tot_waypoints": 9}}
