{"target": -1069.3443944421963, "params": {"k_pid_pos": [1.7028728046241537, 0.7713028095177576, 0.7056651562174648], "k_pid_alt": [0.14372301261057685, 0.4069522221131435, 0.7437440160300638], "k_pid_att": [37.67687726798646, 6.413706611264503, 0.5463755415681019], "k_pid_yaw": [0.5, 1e-06, 0.1], "k_pid_hsp": [3.436045950123609, 0.4966082778835901, 0.8460799146850251], "k_pid_vsp": [100.78409945580024, 350.04588768294445, 45.34031031015935]}, "datetime": {"datetime": "2025-08-13 14:52:41", "elapsed": 18289.814267635345, "delta": 30.02756357192993}, "costs": {"total_cost": 1069.3443944421963, "time_cost": 150, "final_distance_cost": 50.229060286051705, "oscillation_cost": 307.2119050170898, "completition_cost": 444.4444444444444, "overshoot_cost": 57.03868149269673, "power_cost": 32.47797528076172, "noise_cost": 27.942327921151897, "n_waypoints_completed": 5, "tot_waypoints": 9}}
{"target": -502.1296633148544, "params": {"k_pid_pos": [1.8788169669639816, 0.2905475909712134, 0.421708923041473], "k_pid_alt": [1.5442370362641527, 0.9593378642343036, 0.4244286905413922], "k_pid_att": [6.420276727004937, 7.1217380505012935, 0.06525830611549988], "k_pid_yaw": [0.5, 1e-06, 0.1], "k_pid_hsp": [6.867598876411976, 0.6026376629999151, 0.4970778685320181], "k_pid_vsp": [178.6169980196771, 22.009165170706986, 12.538202429822315]}, "datetime": {"datetime": "2025-08-13 14:53:06", "elapsed": 18314.56570792198, "delta": 24.751440286636353}, "costs": {"total_cost": 502.1296633148544, "time_cost": 96.404, "final_distance_cost": 1.744963270567679, "oscillation_cost": 290.67057435270675, "completition_cost": 0.0, "overshoot_cost": 56.25425474966809, "power_cost": 28.82749560546875, "noise_cost": 28.228375336443076, "n_waypoints_completed": 9, "tot_waypoints": 9}}
{"target": -379.06917689254385, "params": {"k_pid_pos": [1.7188547501918416, 0.03589112816297613, 0.30022165106371], "k_pid_alt": [1.1165422108928513, 0.3563379308037966, 0.12102880617034661], "k_pid_att": [13.22084030429691, 7.3181736824621115, 0.13914063060809467], "k_pid_yaw": [0.5, 1e-06, 0.1], "k_pid_hsp": [6.780549968487562, 0.31175082981513147, 0.5597511739679941], "k_pid_vsp": [194.584252394088, 306.4029761519316, 14.573935831757257]}, "datetime": {"datetime": "2025-08-13 14:53:26", "elapsed": 18334.042906284332, "delta": 19.477198362350464}, "costs": {"total_cost": 379.06917689254385, "time_cost": 76.237, "final_distance_cost": 1.7347577226365718, "oscillation_cost": 214.218267532812, "completition_cost": 0.0, "overshoot_cost": 50.99563691303649, "power_cost": 17.220189306640627, "noise_cost": 18.663325417418125, "n_waypoints_completed": 9, "tot_waypoints": 9}}
{"target": -578.0302495248699, "params": {"k_pid_pos": [0.39753731833060657, 0.43873287215282597, 0.6619962980590899], "k_pid_alt": [1.4368660213957931, 0.29089297748925647, 0.3124151959194632], "k_pid_att": [11.077528060210318, 3.442199390579296, 0.7991911373322358], "k_pid_yaw": [0.5, 1e-06, 0.1], "k_pid_hsp": [2.285397056586053, 0.8805896026679759, 0.34517031300116807], "k_pid_vsp": [317.9217509226048, 328.5013999321162, 106.48830579988753]}, "datetime": {"datetime": "2025-08-13 14:53:56", "elapsed": 18364.75547528267, "delta": 30.712568998336792}, "costs": {"total_cost": 578.0302495248699, "time_cost": 150, "final_distance_cost": 22.384854914731214, "oscillation_cost": 187.57326990844018, "completition_cost": 111.11111111111116, "overshoot_cost": 57.21515866869594, "power_cost": 25.199795532226563, "noise_cost": 24.546059389664926, "n_waypoints_completed": 8, "tot_waypoints": 9}}
{"target": -495.75998723407804, "params": {"k_pid_pos": [1.3840760742278477, 0.7089212814990633, 0.8421877052502127], "k_pid_alt": [0.4578813009154188, 0.4775340946194747, 0.36807157123822287], "k_pid_att": [17.66319509600882, 9.964318560242598, 0.9747575907305882], "k_pid_yaw": [0.5, 1e-06, 0.1], "k_pid_hsp": [7.396407166374935, 0.8673283000224707, 0.5266061483404295], "k_pid_vsp": [293.07168696574223, 330.5443455441656, 100.70525253266365]}, "datetime": {"datetime": "2025-08-13 14:54:24", "elapsed": 18392.51269364357, "delta": 27.75721836090088}, "costs": {"total_cost": 495.75998723407804, "time_cost": 108.36, "final_distance_cost": 1.7865910991358394, "oscillation_cost": 268.98526253881846, "completition_cost": 0.0, "overshoot_cost": 59.680555133459215, "power_cost": 29.621920251464847, "noise_cost": 27.325658211199674, "n_waypoints_completed": 9, "tot_waypoints": 9}}
{"target": -1074.7270624762295, "params": {"k_pid_pos": [0.30288330262259017, 0.02718567239990244, 0.8768143317709539], "k_pid_alt": [0.27959261458482554, 0.3322783994974654, 0.7012735679969078], "k_pid_att": [4.604118666717194, 2.4048094192950122, 0.15807565049831318], "k_pid_yaw": [0.5, 1e-06, 0.1], "k_pid_hsp": [1.35915789417648, 0.21289841348577976, 0.5512617213937583], "k_pid_vsp": [292.4611896797752, 283.2674875811063, 55.625097136035585]}, "datetime": {"datetime": "2025-08-13 14:54:55", "elapsed": 18423.103043317795, "delta": 30.590349674224854}, "costs": {"total_cost": 1074.7270624762295, "time_cost": 150, "final_distance_cost": 45.84728361722928, "oscillation_cost": 323.0938203500799, "completition_cost": 444.4444444444444, "overshoot_cost": 58.225248975585714, "power_cost": 26.313427209472657, "noise_cost": 26.80283787941772, "n_waypoints_completed": 5, "tot_waypoints": 9}}
{"target": -1340.7875069511701, "params": {"k_pid_pos": [0.0215293085986049, 0.7785338723693487, 0.5051176583116478], "k_pid_alt": [1.8768045318517108, 0.6711414770976033, 0.13054393741464354], "k_pid_att": [22.608791178310895, 2.3416222414481247, 0.2424461265662763], "k_pid_yaw": [0.5, 1e-06, 0.1], "k_pid_hsp": [3.2952945643420914, 0.6045056855289634, 0.9697009430326757], "k_pid_vsp": [183.27636990898722, 8.906094336510579, 7.272986583900674]}, "datetime": {"datetime": "2025-08-13 14:55:25", "elapsed": 18453.438794851303, "delta": 30.3357515335083}, "costs": {"total_cost": 1340.7875069511701, "time_cost": 150, "final_distance_cost": 43.471140324295696, "oscillation_cost": 467.35412149031674, "completition_cost": 555.5555555555555, "overshoot_cost": 65.09736658072713, "power_cost": 28.211205053710938, "noise_cost": 31.098117946564017, "n_waypoints_completed": 4, "tot_waypoints": 9}}
{"target": -724.7965775627933, "params": {"k_pid_pos": [1.4231825681621428, 0.749278928894488, 0.015975727407071316], "k_pid_alt": [1.2189654008222854, 0.2266271216792759, 0.9170613276052287], "k_pid_att": [22.571049047857052, 5.748105213517733, 0.6100281953359287], "k_pid_yaw": [0.5, 1e-06, 0.1], "k_pid_hsp": [2.8765173563304858, 0.5446288280437426, 0.8133832632313613], "k_pid_vsp": [302.530164172442, 336.3967000195452, 91.85882596064182]}, "datetime": {"datetime": "2025-08-13 14:55:55", "elapsed": 18483.341930627823, "delta": 29.903135776519775}, "costs": {"total_cost": 724.7965775627933, "time_cost": 150, "final_distance_cost": 64.0798838472622, "oscillation_cost": 167.38039685589033, "completition_cost": 222.2222222222222, "overshoot_cost": 56.81432449360705, "power_cost": 35.18551262207031, "noise_cost": 29.11423752174135, "n_waypoints_completed": 7, "tot_waypoints": 9}}
{"target": -718.0399469008902, "params": {"k_pid_pos": [0.7966166431074282, 0.7440707661422613, 0.7389734287925468], "k_pid_alt": [0.28905912393847055, 0.13924657820467123, 0.21207374045977134], "k_pid_att": [9.252312372721615, 6.479892742534189, 0.9168339485658209], "k_pid_yaw": [0.5, 1e-06, 0.1], "k_pid_hsp": [4.705271182490625, 0.427677851998015, 0.6599491874590327], "k_pid_vsp": [266.74171468972963, 278.12789415029334, 52.19557717675404]}, "datetime": {"datetime": "2025-08-13 14:56:25", "elapsed": 18513.203407526016, "delta": 29.86147689819336}, "costs": {"total_cost": 718.0399469008902, "time_cost": 150, "final_distance_cost": 62.447574116660334, "oscillation_cost": 185.94200465578794, "completition_cost": 222.2222222222222, "overshoot_cost": 48.33717831399563, "power_cost": 24.745467724609377, "noise_cost": 24.345499867614627, "n_waypoints_completed": 7, "tot_waypoints": 9}}
{"target": -1218.9111099757959, "params": {"k_pid_pos": [1.8024517065421046, 0.9718244276510831, 0.2916391418404811], "k_pid_alt": [0.11191513648633422, 0.972621641076367, 0.8329753842517187], "k_pid_att": [21.641098260028933, 4.507141963294162, 0.18622369362618552], "k_pid_yaw": [0.5, 1e-06, 0.1], "k_pid_hsp": [7.15461301041675, 0.5553348664523461, 0.06499042170476732], "k_pid_vsp": [285.70333676092895, 278.34184337227134, 60.318976083077466]}, "datetime": {"datetime": "2025-08-13 14:56:54", "elapsed": 18542.73646044731, "delta": 29.533052921295166}, "costs": {"total_cost": 1218.9111099757959, "time_cost": 150, "final_distance_cost": 55.19066618153778, "oscillation_cost": 231.8848190045562, "completition_cost": 666.6666666666667, "overshoot_cost": 56.83902839759352, "power_cost": 28.293330407714844, "noise_cost": 30.036599317726743, "n_waypoints_completed": 3, "tot_waypoints": 9}}
{"target": -433.7484604031355, "params": {"k_pid_pos": [1.343845584888789, 0.8576092914088171, 0.28101619097355013], "k_pid_alt": [1.1206598088919144, 0.4393189232185484, 0.94182716210055], "k_pid_att": [8.033929443735433, 5.192093709345815, 0.4372946518327596], "k_pid_yaw": [0.5, 1e-06, 0.1], "k_pid_hsp": [4.693975285755189, 0.25403505232118817, 0.6840137054678794], "k_pid_vsp": [305.5594284901821, 334.961741765616, 98.74131836131465]}, "datetime": {"datetime": "2025-08-13 14:57:22", "elapsed": 18570.356708288193, "delta": 27.620247840881348}, "costs": {"total_cost": 433.7484604031355, "time_cost": 112.357, "final_distance_cost": 1.740292142872354, "oscillation_cost": 197.11222086934887, "completition_cost": 0.0, "overshoot_cost": 62.77454828575913, "power_cost": 31.851472216796875, "noise_cost": 27.91292688835825, "n_waypoints_completed": 9, "tot_waypoints": 9}}
{"target": -1003.7298550171085, "params": {"k_pid_pos": [0.09952830962374765, 0.5324279390301176, 0.22233204364423476], "k_pid_alt": [1.6412458772205984, 0.562698679290304, 0.14134444837438198], "k_pid_att": [75.30704745969959, 6.074910557147409, 0.7855104201241085], "k_pid_yaw": [0.5, 1e-06, 0.1], "k_pid_hsp": [6.119810374720881, 0.10260498559194231, 0.8735754311907696], "k_pid_vsp": [35.36209346283279, 190.96164941504335, 74.81209238313403]}, "datetime": {"datetime": "2025-08-13 14:57:51", "elapsed": 18599.795401334763, "delta": 29.438693046569824}, "costs": {"total_cost": 1003.7298550171085, "time_cost": 150, "final_distance_cost": 74.26227129426383, "oscillation_cost": 426.6125723839747, "completition_cost": 222.2222222222222, "overshoot_cost": 59.25204707333643, "power_cost": 41.209146777343754, "noise_cost": 30.17159526596777, "n_waypoints_completed": 7, "tot_waypoints": 9}}
{"target": -438.39129829688704, "params": {"k_pid_pos": [1.2012936134724457, 0.34369720120668845, 0.6420670187771401], "k_pid_alt": [0.15968129793128694, 0.2695477913265949, 0.16974750582291298], "k_pid_att": [7.842365423798492, 3.4762382153685403, 0.5019931148489462], "k_pid_yaw": [0.5, 1e-06, 0.1], "k_pid_hsp": [6.82232357741625, 0.3840514496353996, 0.5835867830431156], "k_pid_vsp": [302.41633499214043, 337.80856411421667, 93.07654358374127]}, "datetime": {"datetime": "2025-08-13 14:58:19", "elapsed": 18627.615868091583, "delta": 27.82046675682068}, "costs": {"total_cost": 438.39129829688704, "time_cost": 107.268, "final_distance_cost": 1.7360677248700165, "oscillation_cost": 224.6873868492639, "completition_cost": 0.0, "overshoot_cost": 60.55099720141292, "power_cost": 21.91894196777344, "noise_cost": 22.22990455356677, "n_waypoints_completed": 9, "tot_waypoints": 9}}
{"target": -746.8946559156964, "params": {"k_pid_pos": [0.7265816785340439, 0.5618774839362395, 0.6937277016609276], "k_pid_alt": [1.452990921296717, 0.15886500112858548, 0.027114003070674908], "k_pid_att": [12.083333641619898, 9.885689033606422, 0.5264930477113249], "k_pid_yaw": [0.5, 1e-06, 0.1], "k_pid_hsp": [6.614693585734754, 0.6461198126122192, 0.4218421684223195], "k_pid_vsp": [158.01371717352373, 26.490691730644038, 3.2198729472439274]}, "datetime": {"datetime": "2025-08-13 14:58:49", "elapsed": 18657.83482670784, "delta": 30.218958616256714}, "costs": {"total_cost": 746.8946559156964, "time_cost": 150, "final_distance_cost": 30.442269192058895, "oscillation_cost": 342.01880522318754, "completition_cost": 111.11111111111116, "overshoot_cost": 53.22393482010083, "power_cost": 27.467681945800784, "noise_cost": 32.63085362343715, "n_waypoints_completed": 8, "tot_waypoints": 9}}
{"target": -423.0209048439197, "params": {"k_pid_pos": [1.2984198327761975, 0.6056976404551373, 0.4230492706841281], "k_pid_alt": [1.4132364006334595, 0.3924493329934242, 0.2748641735008719], "k_pid_att": [24.751709404761048, 8.053615462844425, 0.8040036661667163], "k_pid_yaw": [0.5, 1e-06, 0.1], "k_pid_hsp": [1.7562256084860541, 0.927127804926736, 0.1996529767246069], "k_pid_vsp": [166.04724033086092, 5.905302690290224, 16.860255471636798]}, "datetime": {"datetime": "2025-08-13 14:59:13", "elapsed": 18681.60085916519, "delta": 23.766032457351685}, "costs": {"total_cost": 423.0209048439197, "time_cost": 93.422, "final_distance_cost": 1.751018897449774, "oscillation_cost": 227.06964012096063, "completition_cost": 0.0, "overshoot_cost": 54.72988840624047, "power_cost": 23.37536473388672, "noise_cost": 22.672992685382084, "n_waypoints_completed": 9, "tot_waypoints": 9}}
{"target": -515.6708733922233, "params": {"k_pid_pos": [0.4395270552532957, 0.07775811424749313, 0.2635811462092644], "k_pid_alt": [0.679810852191483, 0.8088502696994189, 0.6140227550335152], "k_pid_att": [15.871177825930104, 6.8058651144675055, 0.6492177911116013], "k_pid_yaw": [0.5, 1e-06, 0.1], "k_pid_hsp": [7.660378143264354, 0.7046669936725769, 0.7339838501118796], "k_pid_vsp": [290.3381822153305, 331.403274449877, 108.89080006751817]}, "datetime": {"datetime": "2025-08-13 14:59:47", "elapsed": 18715.108402252197, "delta": 33.507543087005615}, "costs": {"total_cost": 515.6708733922233, "time_cost": 113.547, "final_distance_cost": 1.8264940487702859, "oscillation_cost": 281.1879955488386, "completition_cost": 0.0, "overshoot_cost": 64.86219082468709, "power_cost": 27.749896936035157, "noise_cost": 26.49729603389204, "n_waypoints_completed": 9, "tot_waypoints": 9}}
{"target": -296.22329577848353, "params": {"k_pid_pos": [1.654871929368907, 0.13681791761702122, 0.4743256523315619], "k_pid_alt": [1.237633079808536, 0.6171985692334823, 0.6783055459387756], "k_pid_att": [7.991484755076006, 1.9761675260534677, 0.9021388691144233], "k_pid_yaw": [0.5, 1e-06, 0.1], "k_pid_hsp": [6.099696732198195, 0.9494909309078127, 0.3532271587887261], "k_pid_vsp": [169.60474308082104, 20.422665706861725, 13.712374639193664]}, "datetime": {"datetime": "2025-08-13 15:00:18", "elapsed": 18746.348471164703, "delta": 31.240068912506104}, "costs": {"total_cost": 296.22329577848353, "time_cost": 80.668, "final_distance_cost": 1.7483109937587313, "oscillation_cost": 116.34597002640598, "completition_cost": 0.0, "overshoot_cost": 53.250098203932104, "power_cost": 23.01463035888672, "noise_cost": 21.196286195499958, "n_waypoints_completed": 9, "tot_waypoints": 9}}
{"target": -747.0380037316868, "params": {"k_pid_pos": [0.8793931401575821, 0.5771675536150986, 0.7968009801876983], "k_pid_alt": [1.4493552486499421, 0.9063047093861378, 0.43008297043828037], "k_pid_att": [51.592100461300085, 6.230065476770253, 0.4576840789468064], "k_pid_yaw": [0.5, 1e-06, 0.1], "k_pid_hsp": [5.666141717664671, 0.576515155509703, 0.4989074965451016], "k_pid_vsp": [191.3115877870401, 22.21816163322274, 0.037781884441712696]}, "datetime": {"datetime": "2025-08-13 15:00:49", "elapsed": 18777.3795337677, "delta": 31.031062602996826}, "costs": {"total_cost": 747.0380037316868, "time_cost": 113.54, "final_distance_cost": 1.7974339800046368, "oscillation_cost": 513.0758805877591, "completition_cost": 0.0, "overshoot_cost": 60.16075351147167, "power_cost": 28.550530700683595, "noise_cost": 29.91340495176775, "n_waypoints_completed": 9, "tot_waypoints": 9}}
{"target": -265.46444079037434, "params": {"k_pid_pos": [1.4001145841615605, 0.9349242950201007, 0.7028263770982737], "k_pid_alt": [0.6716524556956357, 0.5837041280637514, 0.7830650669899818], "k_pid_att": [9.748423732373892, 6.899336683196417, 0.8661112096611969], "k_pid_yaw": [0.5, 1e-06, 0.1], "k_pid_hsp": [3.8672375658221947, 0.30104336099194257, 0.0], "k_pid_vsp": [258.4302034767206, 278.8568268095704, 48.82950218329656]}, "datetime": {"datetime": "2025-08-13 15:01:18", "elapsed": 18806.20360970497, "delta": 28.824075937271118}, "costs": {"total_cost": 265.46444079037434, "time_cost": 101.647, "final_distance_cost": 1.7731565549272923, "oscillation_cost": 49.56794304675604, "completition_cost": 0.0, "overshoot_cost": 57.22336658224438, "power_cost": 27.781812060546876, "noise_cost": 27.4711625458997, "n_waypoints_completed": 9, "tot_waypoints": 9}}
{"target": -510.4716627594468, "params": {"k_pid_pos": [1.3121944785979096, 0.03291266720513175, 0.4623879744169863], "k_pid_alt": [1.0061546717240255, 0.40666629175175106, 0.9504957659886312], "k_pid_att": [52.51496528948627, 1.4931700994004244, 0.9826481124424029], "k_pid_yaw": [0.5, 1e-06, 0.1], "k_pid_hsp": [9.162979615153159, 0.09551598405698303, 0.2350468635055718], "k_pid_vsp": [94.41492959823692, 358.2617645287183, 43.34978885750198]}, "datetime": {"datetime": "2025-08-13 15:01:41", "elapsed": 18829.37121939659, "delta": 23.167609691619873}, "costs": {"total_cost": 510.4716627594468, "time_cost": 76.734, "final_distance_cost": 1.7874291830296274, "oscillation_cost": 347.3570497172182, "completition_cost": 0.0, "overshoot_cost": 50.50209441169762, "power_cost": 16.82840240478516, "noise_cost": 17.26268704271621, "n_waypoints_completed": 9, "tot_waypoints": 9}}
{"target": -1186.788030568848, "params": {"k_pid_pos": [1.244601724713337, 0.6665704164859281, 0.6184362405520264], "k_pid_alt": [0.951038925962427, 0.6164134140348831, 0.05681868022467673], "k_pid_att": [38.2639842133206, 9.103336789479656, 0.1043117668342316], "k_pid_yaw": [0.5, 1e-06, 0.1], "k_pid_hsp": [0.11462134990295986, 0.6194479062590167, 0.2876818806199596], "k_pid_vsp": [246.59087116046464, 273.8509510580949, 45.51702409526885]}, "datetime": {"datetime": "2025-08-13 15:02:13", "elapsed": 18861.389331817627, "delta": 32.01811242103577}, "costs": {"total_cost": 1186.788030568848, "time_cost": 150, "final_distance_cost": 52.57061307340627, "oscillation_cost": 249.95733063884714, "completition_cost": 555.5555555555555, "overshoot_cost": 88.2952071368328, "power_cost": 48.426303894042974, "noise_cost": 41.98302027016313, "n_waypoints_completed": 4, "tot_waypoints": 9}}
{"target": -846.9677665810749, "params": {"k_pid_pos": [1.116414375009731, 0.9522384117567464, 0.5529917392313908], "k_pid_alt": [0.5673354443207144, 0.4458622939424358, 0.9823672632943964], "k_pid_att": [38.12906823218347, 1.29232904329035, 0.5576977623892647], "k_pid_yaw": [0.5, 1e-06, 0.1], "k_pid_hsp": [3.0253880215097912, 0.6566509127470812, 0.7392671175861371], "k_pid_vsp": [81.04882326745253, 356.8967467190149, 29.4382929266978]}, "datetime": {"datetime": "2025-08-13 15:02:44", "elapsed": 18892.557507514954, "delta": 31.16817569732666}, "costs": {"total_cost": 846.9677665810749, "time_cost": 150, "final_distance_cost": 76.60163818275201, "oscillation_cost": 269.7171555181476, "completition_cost": 222.2222222222222, "overshoot_cost": 69.97519711656362, "power_cost": 29.387281872558596, "noise_cost": 29.06427166883091, "n_waypoints_completed": 7, "tot_waypoints": 9}}
{"target": -1202.3033399276183, "params": {"k_pid_pos": [0.3472518569852974, 0.21576328496180042, 0.3747951279591002], "k_pid_alt": [1.3863232839687913, 0.08549820203313307, 0.8508170758910623], "k_pid_att": [26.63110492676687, 5.047319587824313, 0.39316489506953267], "k_pid_yaw": [0.5, 1e-06, 0.1], "k_pid_hsp": [4.871795179820741, 0.6495977296962392, 0.8086158251808766], "k_pid_vsp": [235.3635024351687, 271.8725380511144, 57.26467084307719]}, "datetime": {"datetime": "2025-08-13 15:03:28", "elapsed": 18936.89986038208, "delta": 44.342352867126465}, "costs": {"total_cost": 1202.3033399276183, "time_cost": 150, "final_distance_cost": 59.40002104854904, "oscillation_cost": 552.7732580658293, "completition_cost": 333.33333333333337, "overshoot_cost": 42.10042594044982, "power_cost": 35.24344245605469, "noise_cost": 29.45285908340208, "n_waypoints_completed": 6, "tot_waypoints": 9}}
{"target": -327.71543360908953, "params": {"k_pid_pos": [0.7547012470538417, 0.71920130182939, 0.9199769603445398], "k_pid_alt": [1.0843847658240084, 0.6006322649948225, 0.06036864944565978], "k_pid_att": [14.455731071484468, 3.335241246143731, 0.5289871840293224], "k_pid_yaw": [0.5, 1e-06, 0.1], "k_pid_hsp": [5.674385681133749, 0.0978494537523048, 0.04651115905899206], "k_pid_vsp": [299.086825634385, 348.0981627879311, 120.63869039808976]}, "datetime": {"datetime": "2025-08-13 15:03:58", "elapsed": 18966.2695813179, "delta": 29.369720935821533}, "costs": {"total_cost": 327.71543360908953, "time_cost": 104.72, "final_distance_cost": 1.7353380864853125, "oscillation_cost": 114.8360389317506, "completition_cost": 0.0, "overshoot_cost": 58.27044632358889, "power_cost": 23.893991235351564, "noise_cost": 24.2596190319132, "n_waypoints_completed": 9, "tot_waypoints": 9}}
