{"target": -770.0236039350506, "params": {"k_pid_pos": [0.29913428722809293, 0.5333279066422065, 0.038027565211576686], "k_pid_alt": [1.1592707977457233, 0.30219594846359255, 0.6783129863154876], "k_pid_att": [12.404487856634105, 8.078548137723516, 0.8611372004426144], "k_pid_yaw": [0.5, 1e-06, 0.1], "k_pid_hsp": [7.357064286677795, 0.7112331154710787, 0.5962570643754669], "k_pid_vsp": [289.8103106681923, 334.9111026156845, 103.8517513893778]}, "datetime": {"datetime": "2025-08-13 15:29:09", "elapsed": 20477.781670570374, "delta": 34.203675270080566}, "costs": {"total_cost": 770.0236039350506, "time_cost": 150, "final_distance_cost": 65.05456726847642, "oscillation_cost": 221.12580695768395, "completition_cost": 222.2222222222222, "overshoot_cost": 48.16310322014766, "power_cost": 34.662679162597655, "noise_cost": 28.79522510392273, "n_waypoints_completed": 7, "tot_waypoints": 9}}
{"target": -1076.065815782048, "params": {"k_pid_pos": [0.3248051721911382, 0.30717280393994617, 0.40616544678969524], "k_pid_alt": [0.5992864756529912, 0.18083845028980505, 0.25374114265969683], "k_pid_att": [35.465739329447466, 5.767827312692087, 0.6265006218165018], "k_pid_yaw": [0.5, 1e-06, 0.1], "k_pid_hsp": [2.01372376707964, 0.4765339694180162, 0.9316008845667492], "k_pid_vsp": [92.38612585256286, 343.9844074138217, 37.93305538123883]}, "datetime": {"datetime": "2025-08-13 15:29:44", "elapsed": 20512.227482795715, "delta": 34.4458122253418}, "costs": {"total_cost": 1076.065815782048, "time_cost": 150, "final_distance_cost": 61.48442203805301, "oscillation_cost": 522.9578362528899, "completition_cost": 222.2222222222222, "overshoot_cost": 53.43415892928906, "power_cost": 36.62948737792969, "noise_cost": 29.337688961664128, "n_waypoints_completed": 7, "tot_waypoints": 9}}
{"target": -1075.4830369419121, "params": {"k_pid_pos": [0.08508725612873061, 0.8816107229160068, 0.3168862219201285], "k_pid_alt": [1.7871761096223033, 0.03669192724309478, 0.9087977661546676], "k_pid_att": [2.079307167959943, 2.648268881458218, 0.8296908031485791], "k_pid_yaw": [0.5, 1e-06, 0.1], "k_pid_hsp": [1.0814211969102114, 0.9122152220660131, 0.31126950415568266], "k_pid_vsp": [289.72892593254136, 330.57049405819134, 99.6128059555449]}, "datetime": {"datetime": "2025-08-13 15:30:17", "elapsed": 20545.35088658333, "delta": 33.123403787612915}, "costs": {"total_cost": 1075.4830369419121, "time_cost": 150, "final_distance_cost": 50.410060167116384, "oscillation_cost": 169.0304344874629, "completition_cost": 555.5555555555555, "overshoot_cost": 87.37116908352685, "power_cost": 35.06479340820313, "noise_cost": 28.051024240047393, "n_waypoints_completed": 4, "tot_waypoints": 9}}
{"target": -1148.7587709136417, "params": {"k_pid_pos": [0.07342432250356204, 0.2782175485822098, 0.06190334993240909], "k_pid_alt": [0.23402700783894081, 0.8169274692809947, 0.24987546241112113], "k_pid_att": [11.550230153302643, 1.1645548198419078, 0.304306198482319], "k_pid_yaw": [0.5, 1e-06, 0.1], "k_pid_hsp": [9.309348046115806, 0.07881500507217576, 0.15112031293023354], "k_pid_vsp": [192.3785373617934, 317.85966102989664, 10.359844590118017]}, "datetime": {"datetime": "2025-08-13 15:30:49", "elapsed": 20577.708170175552, "delta": 32.35728359222412}, "costs": {"total_cost": 1148.7587709136417, "time_cost": 150, "final_distance_cost": 54.25823938125759, "oscillation_cost": 164.54500997591117, "completition_cost": 666.6666666666667, "overshoot_cost": 54.83384871999321, "power_cost": 29.10024688720703, "noise_cost": 29.354759282605855, "n_waypoints_completed": 3, "tot_waypoints": 9}}
{"target": -946.756170355651, "params": {"k_pid_pos": [1.850831483944117, 0.5821654243152493, 0.9502228806912584], "k_pid_alt": [0.5776547090169784, 0.948911194706698, 0.3291606863594726], "k_pid_att": [56.10289428864491, 6.356817931273718, 0.7885145766041415], "k_pid_yaw": [0.5, 1e-06, 0.1], "k_pid_hsp": [6.7596891846657945, 0.17896969866451717, 0.19610646245644114], "k_pid_vsp": [189.96051166538425, 9.157547732210118, 0.3755016889851837]}, "datetime": {"datetime": "2025-08-13 15:31:22", "elapsed": 20610.90455389023, "delta": 33.1963837146759}, "costs": {"total_cost": 946.756170355651, "time_cost": 150, "final_distance_cost": 28.031672986927866, "oscillation_cost": 503.7853395687056, "completition_cost": 111.11111111111116, "overshoot_cost": 75.86231723113437, "power_cost": 42.60204559326172, "noise_cost": 35.363683864510264, "n_waypoints_completed": 8, "tot_waypoints": 9}}
{"target": -338.8329552803483, "params": {"k_pid_pos": [1.552984247975798, 0.3836154135304676, 0.3632144841741416], "k_pid_alt": [1.9766097031461343, 0.5762103306985514, 0.33531475537231936], "k_pid_att": [15.081577608013108, 0.12420444530639807, 0.7719735358599605], "k_pid_yaw": [0.5, 1e-06, 0.1], "k_pid_hsp": [4.947965768073904, 0.17288019393432064, 0.1481766910323321], "k_pid_vsp": [293.2079061437489, 344.5028384930002, 123.04745032111224]}, "datetime": {"datetime": "2025-08-13 15:31:53", "elapsed": 20641.841213941574, "delta": 30.936660051345825}, "costs": {"total_cost": 338.8329552803483, "time_cost": 104.363, "final_distance_cost": 1.7316669499492094, "oscillation_cost": 106.85431041296717, "completition_cost": 0.0, "overshoot_cost": 59.5665491170181, "power_cost": 36.3393869506836, "noise_cost": 29.978041849730257, "n_waypoints_completed": 9, "tot_waypoints": 9}}
{"target": -492.8874361264672, "params": {"k_pid_pos": [1.652320042301413, 0.5322370618223139, 0.9614276147107392], "k_pid_alt": [1.091007594884404, 0.7011233910983932, 0.010824539696751234], "k_pid_att": [10.191265112427716, 2.1227606541545145, 0.7651139768466203], "k_pid_yaw": [0.5, 1e-06, 0.1], "k_pid_hsp": [9.218245313380436, 0.20373307267517848, 0.7951529184847796], "k_pid_vsp": [310.99886775874984, 344.50013868019016, 118.79755986309682]}, "datetime": {"datetime": "2025-08-13 15:32:25", "elapsed": 20672.995961666107, "delta": 31.15474772453308}, "costs": {"total_cost": 492.8874361264672, "time_cost": 109.788, "final_distance_cost": 1.7999594949654567, "oscillation_cost": 258.8175652592492, "completition_cost": 0.0, "overshoot_cost": 61.310084953436075, "power_cost": 31.97418671875, "noise_cost": 29.197639700066496, "n_waypoints_completed": 9, "tot_waypoints": 9}}
{"target": -337.6681279383961, "params": {"k_pid_pos": [0.5796969654511944, 0.3934418443360139, 0.06630406640793785], "k_pid_alt": [0.5018736343378769, 0.3436314898195101, 0.2667553971315535], "k_pid_att": [17.558886238233264, 3.2236080655171913, 0.25647231418892014], "k_pid_yaw": [0.5, 1e-06, 0.1], "k_pid_hsp": [6.173106758816534, 0.40704474418876924, 0.03725270542643322], "k_pid_vsp": [293.31390079808085, 340.6978122822292, 96.32391474193435]}, "datetime": {"datetime": "2025-08-13 15:32:54", "elapsed": 20702.19454741478, "delta": 29.198585748672485}, "costs": {"total_cost": 337.6681279383961, "time_cost": 111.979, "final_distance_cost": 1.7611687032478367, "oscillation_cost": 102.88795181883827, "completition_cost": 0.0, "overshoot_cost": 58.53657798348697, "power_cost": 31.731403027343752, "noise_cost": 30.772026405479274, "n_waypoints_completed": 9, "tot_waypoints": 9}}
{"target": -768.8535354042342, "params": {"k_pid_pos": [1.21500893613614, 0.8853783220792594, 0.4440673740436123], "k_pid_alt": [1.6235348576586424, 0.5390555333769609, 0.1065664403384683], "k_pid_att": [38.91425915041978, 4.557824217008324, 0.1611524551210768], "k_pid_yaw": [0.5, 1e-06, 0.1], "k_pid_hsp": [2.463551848945869, 0.010415311707494879, 0.37141500838456], "k_pid_vsp": [246.31550326048836, 290.02772894052754, 45.07315135812401]}, "datetime": {"datetime": "2025-08-13 15:33:26", "elapsed": 20734.183159589767, "delta": 31.988612174987793}, "costs": {"total_cost": 768.8535354042342, "time_cost": 150, "final_distance_cost": 12.351475553012717, "oscillation_cost": 363.6519957617027, "completition_cost": 111.11111111111116, "overshoot_cost": 60.27642637898585, "power_cost": 40.233824426269535, "noise_cost": 31.22870217315222, "n_waypoints_completed": 8, "tot_waypoints": 9}}
{"target": -339.48970716922315, "params": {"k_pid_pos": [0.6176685107453243, 0.8024482258362305, 0.7858056868675312], "k_pid_alt": [0.818625480865816, 0.6018903002745026, 0.2865708259792674], "k_pid_att": [3.643440069499604, 3.20713624357609, 0.8449008670559636], "k_pid_yaw": [0.5, 1e-06, 0.1], "k_pid_hsp": [7.443275639522675, 0.6011488698456533, 0.18353417435957564], "k_pid_vsp": [309.63303944272354, 328.0103404948414, 99.51229495009741]}, "datetime": {"datetime": "2025-08-13 15:33:54", "elapsed": 20762.591061353683, "delta": 28.407901763916016}, "costs": {"total_cost": 339.48970716922315, "time_cost": 106.06400000000001, "final_distance_cost": 1.805760091498279, "oscillation_cost": 124.02307599066566, "completition_cost": 0.0, "overshoot_cost": 58.4943706684339, "power_cost": 24.768197021484376, "noise_cost": 24.334303397140907, "n_waypoints_completed": 9, "tot_waypoints": 9}}
{"target": -355.0572045550247, "params": {"k_pid_pos": [1.1540507874932389, 0.2225204106273032, 0.7333375674873918], "k_pid_alt": [1.6713710391632983, 0.9474071233798693, 0.6415462430655328], "k_pid_att": [7.004221661396137, 8.50207493369827, 0.4657363400601796], "k_pid_yaw": [0.5, 1e-06, 0.1], "k_pid_hsp": [2.487482544923667, 0.6717575352460357, 0.6653302783999607], "k_pid_vsp": [306.7235307724962, 353.48957057978134, 109.82902377967444]}, "datetime": {"datetime": "2025-08-13 15:34:17", "elapsed": 20785.2149374485, "delta": 22.623876094818115}, "costs": {"total_cost": 355.0572045550247, "time_cost": 82.453, "final_distance_cost": 1.7830552601099958, "oscillation_cost": 182.89530472095794, "completition_cost": 0.0, "overshoot_cost": 53.52032138969351, "power_cost": 17.30859468994141, "noise_cost": 17.096928494321908, "n_waypoints_completed": 9, "tot_waypoints": 9}}
{"target": -260.0914710582669, "params": {"k_pid_pos": [1.4486463411108614, 0.6260497588161326, 0.5024706710386445], "k_pid_alt": [1.1504579067181693, 0.4863674996520843, 0.43707376435728756], "k_pid_att": [12.30936555660849, 4.438310995267881, 0.5860204898039086], "k_pid_yaw": [0.5, 1e-06, 0.1], "k_pid_hsp": [5.481261163172405, 0.3955528313565084, 0.0882318677264322], "k_pid_vsp": [166.2603114943945, 25.17480615523572, 9.21969833324179]}, "datetime": {"datetime": "2025-08-13 15:34:39", "elapsed": 20807.212173461914, "delta": 21.997236013412476}, "costs": {"total_cost": 260.0914710582669, "time_cost": 80.808, "final_distance_cost": 1.7830117684439848, "oscillation_cost": 86.17663839349713, "completition_cost": 0.0, "overshoot_cost": 51.560950075048396, "power_cost": 17.9052150390625, "noise_cost": 21.857655782214866, "n_waypoints_completed": 9, "tot_waypoints": 9}}
{"target": -341.033561058153, "params": {"k_pid_pos": [1.731886884090674, 0.285706032635237, 0.6962061395719186], "k_pid_alt": [0.9370492348523427, 0.22410178362844835, 0.869988242081886], "k_pid_att": [3.0307872012214188, 5.323009823638904, 0.8733716413975083], "k_pid_yaw": [0.5, 1e-06, 0.1], "k_pid_hsp": [9.130716352817537, 0.5883825143587117, 0.09515101359330791], "k_pid_vsp": [167.77439616746946, 24.022126906049376, 2.181057966519553]}, "datetime": {"datetime": "2025-08-13 15:35:02", "elapsed": 20830.06330561638, "delta": 22.85113215446472}, "costs": {"total_cost": 341.033561058153, "time_cost": 85.302, "final_distance_cost": 1.7550152568690467, "oscillation_cost": 153.31850885006082, "completition_cost": 0.0, "overshoot_cost": 51.62574661738881, "power_cost": 23.821995764160157, "noise_cost": 25.210294569674122, "n_waypoints_completed": 9, "tot_waypoints": 9}}
{"target": -469.557100635421, "params": {"k_pid_pos": [1.7242916821420073, 0.1348173495083278, 0.515222338540776], "k_pid_alt": [1.6866275626776162, 0.9814179375893722, 0.63353799753924], "k_pid_att": [23.742876644010625, 8.95111631120052, 0.8963244995178352], "k_pid_yaw": [0.5, 1e-06, 0.1], "k_pid_hsp": [1.825459591411574, 0.14535731915753802, 0.6235390593198469], "k_pid_vsp": [164.42749621018723, 14.967840173403054, 20.2094196793996]}, "datetime": {"datetime": "2025-08-13 15:35:25", "elapsed": 20853.185295820236, "delta": 23.121990203857422}, "costs": {"total_cost": 469.557100635421, "time_cost": 88.389, "final_distance_cost": 1.7552513408161152, "oscillation_cost": 278.70778848622484, "completition_cost": 0.0, "overshoot_cost": 55.45627076726572, "power_cost": 23.16829519042969, "noise_cost": 22.080494850684726, "n_waypoints_completed": 9, "tot_waypoints": 9}}
{"target": -536.0354190537562, "params": {"k_pid_pos": [1.5780944974246667, 0.09496009526208671, 0.2170798138016864], "k_pid_alt": [1.2845482455779893, 0.889904696839259, 0.09396786886967878], "k_pid_att": [56.04160339139687, 6.654190523207669, 0.08215661161513022], "k_pid_yaw": [0.5, 1e-06, 0.1], "k_pid_hsp": [2.7473514222252358, 0.2475270108307468, 0.2379098163509955], "k_pid_vsp": [87.91191781699732, 359.7912689863934, 39.93594324287375]}, "datetime": {"datetime": "2025-08-13 15:35:49", "elapsed": 20877.212285280228, "delta": 24.026989459991455}, "costs": {"total_cost": 536.0354190537562, "time_cost": 91.539, "final_distance_cost": 1.755808670088545, "oscillation_cost": 336.64285049262935, "completition_cost": 0.0, "overshoot_cost": 56.78099192402457, "power_cost": 27.091665686035157, "noise_cost": 22.22510228097866, "n_waypoints_completed": 9, "tot_waypoints": 9}}
{"target": -1166.8064964505659, "params": {"k_pid_pos": [0.08699419930941786, 0.60194155139781, 0.5974366281154652], "k_pid_alt": [1.6450525652277999, 0.8943819472046616, 0.45854601969524644], "k_pid_att": [21.10331230274961, 3.9056958096032908, 0.9094267584544757], "k_pid_yaw": [0.5, 1e-06, 0.1], "k_pid_hsp": [4.053971249701405, 0.9481767064268293, 0.3966145098494488], "k_pid_vsp": [303.66712285683286, 335.50803473797737, 97.1738217660565]}, "datetime": {"datetime": "2025-08-13 15:36:21", "elapsed": 20909.38370490074, "delta": 32.171419620513916}, "costs": {"total_cost": 1166.8064964505659, "time_cost": 150, "final_distance_cost": 44.92440700704976, "oscillation_cost": 303.474942220677, "completition_cost": 555.5555555555555, "overshoot_cost": 55.034847529105555, "power_cost": 30.03207274169922, "noise_cost": 27.784671396478775, "n_waypoints_completed": 4, "tot_waypoints": 9}}
{"target": -403.61310294359004, "params": {"k_pid_pos": [1.5031222241330346, 0.33346861045551024, 0.1949544575984301], "k_pid_alt": [1.7967259839648255, 0.5293427862620321, 0.13064186220203], "k_pid_att": [13.97223901675303, 6.358377863530114, 0.5983185414245195], "k_pid_yaw": [0.5, 1e-06, 0.1], "k_pid_hsp": [6.211544220200891, 0.8227489231025324, 0.44747881717832294], "k_pid_vsp": [159.80746711274213, 40.09076868430841, 6.255588919458026]}, "datetime": {"datetime": "2025-08-13 15:36:46", "elapsed": 20934.16699361801, "delta": 24.783288717269897}, "costs": {"total_cost": 403.61310294359004, "time_cost": 90.86, "final_distance_cost": 1.7532784903623166, "oscillation_cost": 214.0464751994155, "completition_cost": 0.0, "overshoot_cost": 53.134754570764464, "power_cost": 18.978228393554687, "noise_cost": 24.840366289493016, "n_waypoints_completed": 9, "tot_waypoints": 9}}
{"target": -333.647908222054, "params": {"k_pid_pos": [1.961444936941672, 0.26465032101384856, 0.43634409709158306], "k_pid_alt": [1.5597121623210477, 0.22120681363582173, 0.2899940916450462], "k_pid_att": [5.481279408641049, 4.016338593583391, 0.279192412607696], "k_pid_yaw": [0.5, 1e-06, 0.1], "k_pid_hsp": [9.362675793511347, 0.9575989206883542, 0.08900885001094061], "k_pid_vsp": [293.1100240845782, 278.29837425353287, 60.50757100599234]}, "datetime": {"datetime": "2025-08-13 15:37:12", "elapsed": 20960.70630645752, "delta": 26.539312839508057}, "costs": {"total_cost": 333.647908222054, "time_cost": 99.071, "final_distance_cost": 1.7480698253577307, "oscillation_cost": 134.1488958903369, "completition_cost": 0.0, "overshoot_cost": 51.84135286911276, "power_cost": 23.681425512695313, "noise_cost": 23.157164124551365, "n_waypoints_completed": 9, "tot_waypoints": 9}}
{"target": -312.5609473681597, "params": {"k_pid_pos": [1.8206869289676584, 0.5186387893781592, 0.9267612470688484], "k_pid_alt": [1.9723412690721984, 0.4003398386843705, 0.4393618756128784], "k_pid_att": [7.829041674091486, 5.270487187492607, 0.291274388719336], "k_pid_yaw": [0.5, 1e-06, 0.1], "k_pid_hsp": [4.5034191580205425, 0.16758927341930896, 0.09732350052555294], "k_pid_vsp": [308.75972719813774, 338.48070244435405, 108.37480246092555]}, "datetime": {"datetime": "2025-08-13 15:37:35", "elapsed": 20983.56462931633, "delta": 22.858322858810425}, "costs": {"total_cost": 312.5609473681597, "time_cost": 85.12, "final_distance_cost": 1.7560832091810687, "oscillation_cost": 131.11049640840233, "completition_cost": 0.0, "overshoot_cost": 51.04955070864275, "power_cost": 22.769905004882812, "noise_cost": 20.754912037050747, "n_waypoints_completed": 9, "tot_waypoints": 9}}
{"target": -327.66151184554315, "params": {"k_pid_pos": [1.919721540950743, 0.44605906847792287, 0.15883461097796436], "k_pid_alt": [0.7845725634908656, 0.47998964407432676, 0.45836002648748553], "k_pid_att": [21.469785470923398, 8.310133592491287, 0.752651126391272], "k_pid_yaw": [0.5, 1e-06, 0.1], "k_pid_hsp": [9.32882560594052, 0.8347662461991916, 0.1559969247522317], "k_pid_vsp": [186.38733910339326, 14.92673265124939, 14.334854063857911]}, "datetime": {"datetime": "2025-08-13 15:37:59", "elapsed": 21007.854242563248, "delta": 24.289613246917725}, "costs": {"total_cost": 327.66151184554315, "time_cost": 89.691, "final_distance_cost": 1.7845600815766545, "oscillation_cost": 134.56658819334774, "completition_cost": 0.0, "overshoot_cost": 53.45251157498513, "power_cost": 24.600826953125, "noise_cost": 23.566025042508638, "n_waypoints_completed": 9, "tot_waypoints": 9}}
{"target": -1321.2626873818367, "params": {"k_pid_pos": [0.055544871965242264, 0.24150667006833382, 0.6662093508306417], "k_pid_alt": [0.5556641593969958, 0.6983567817207013, 0.3594363326238327], "k_pid_att": [2.1128170264485324, 7.235878453416738, 0.4162534527558903], "k_pid_yaw": [0.5, 1e-06, 0.1], "k_pid_hsp": [6.80025417694873, 0.05539333818060144, 0.8087527354765223], "k_pid_vsp": [176.6766836075626, 23.590353391730073, 1.820783636722653]}, "datetime": {"datetime": "2025-08-13 15:38:31", "elapsed": 21039.832624673843, "delta": 31.978382110595703}, "costs": {"total_cost": 1321.2626873818367, "time_cost": 150, "final_distance_cost": 84.82455440165036, "oscillation_cost": 299.1378133666596, "completition_cost": 666.6666666666667, "overshoot_cost": 68.95704018168108, "power_cost": 20.377427075195314, "noise_cost": 31.29918568998341, "n_waypoints_completed": 3, "tot_waypoints": 9}}
{"target": -602.8952794941496, "params": {"k_pid_pos": [1.0898456311795601, 0.9658927551910956, 0.4308067368779567], "k_pid_alt": [0.6660156213924171, 0.30686899283052715, 0.5037162305877775], "k_pid_att": [41.85423495732152, 4.914158943440695, 0.9100039670254035], "k_pid_yaw": [0.5, 1e-06, 0.1], "k_pid_hsp": [9.262197857187896, 0.016675743229815687, 0.7552367219503701], "k_pid_vsp": [217.15250470290815, 281.05020428132974, 44.24094279627047]}, "datetime": {"datetime": "2025-08-13 15:39:01", "elapsed": 21069.94108223915, "delta": 30.108457565307617}, "costs": {"total_cost": 602.8952794941496, "time_cost": 114.303, "final_distance_cost": 1.787222619709208, "oscillation_cost": 369.65590215016607, "completition_cost": 0.0, "overshoot_cost": 61.85964781627508, "power_cost": 28.1483390625, "noise_cost": 27.141167845499194, "n_waypoints_completed": 9, "tot_waypoints": 9}}
{"target": -617.5255842224312, "params": {"k_pid_pos": [1.4116698602959772, 0.8170670769873856, 0.6995353074763323], "k_pid_alt": [0.9107745105646075, 0.3402880237879581, 0.9404019334076141], "k_pid_att": [39.05250108916521, 5.619327558518377, 0.4741737710516749], "k_pid_yaw": [0.5, 1e-06, 0.1], "k_pid_hsp": [7.625834976287881, 0.7630318906300327, 0.382005983593227], "k_pid_vsp": [103.98724682330625, 356.7702735160055, 49.31865809985314]}, "datetime": {"datetime": "2025-08-13 15:39:30", "elapsed": 21098.441562891006, "delta": 28.50048065185547}, "costs": {"total_cost": 617.5255842224312, "time_cost": 106.246, "final_distance_cost": 1.8000863787665242, "oscillation_cost": 384.176079387654, "completition_cost": 0.0, "overshoot_cost": 60.81412426657347, "power_cost": 35.217439648437505, "noise_cost": 29.271854540999787, "n_waypoints_completed": 9, "tot_waypoints": 9}}
{"target": -468.675366051873, "params": {"k_pid_pos": [1.0706701705751918, 0.2833728180918691, 0.09151529074000408], "k_pid_alt": [0.8428649088442948, 0.7088403630589324, 0.6840308657301409], "k_pid_att": [29.896564186278717, 5.208803292657118, 0.9595096998860253], "k_pid_yaw": [0.5, 1e-06, 0.1], "k_pid_hsp": [4.888081929267636, 0.8699565477054548, 0.24183028813239538], "k_pid_vsp": [156.35538371622948, 16.664437784962107, 17.11448271436826]}, "datetime": {"datetime": "2025-08-13 15:39:58", "elapsed": 21126.03982925415, "delta": 27.59826636314392}, "costs": {"total_cost": 468.675366051873, "time_cost": 97.398, "final_distance_cost": 1.7625681903673025, "oscillation_cost": 267.76820745754407, "completition_cost": 0.0, "overshoot_cost": 56.00774757834545, "power_cost": 23.086301208496096, "noise_cost": 22.652541617120086, "n_waypoints_completed": 9, "tot_waypoints": 9}}
