{"target": -484.376740035546, "params": {"k_pid_pos": [0.7058457151370363, 0.00031772862682166725, 0.7625155003044763], "k_pid_alt": [1.2481535249160831, 0.12730142278604717, 0.6787319620852801], "k_pid_att": [19.339168326541735, 6.157784308889172, 0.6313385737865472], "k_pid_yaw": [0.5, 1e-06, 0.1], "k_pid_hsp": [9.857341557169182, 0.6269565788369613, 0.1542350490588431], "k_pid_vsp": [158.5823375182517, 16.694377144680153, 16.435181984443215]}, "datetime": {"datetime": "2025-08-14 04:02:58", "elapsed": 65706.24445748329, "delta": 50.390551805496216}, "costs": {"total_cost": 484.376740035546, "time_cost": 92.169, "final_distance_cost": 1.8194307914005656, "oscillation_cost": 297.63927831256575, "completition_cost": 0.0, "overshoot_cost": 53.456765865746036, "power_cost": 17.86117635498047, "noise_cost": 21.43108871085318, "n_waypoints_completed": 9, "tot_waypoints": 9}}
{"target": -1122.4777186911883, "params": {"k_pid_pos": [0.47679207994938777, 0.8170962897232948, 0.8929100062986748], "k_pid_alt": [0.5279866347494624, 0.2626395518713469, 0.9064860490422405], "k_pid_att": [31.503254685427308, 3.2520412046374494, 0.8637155210711341], "k_pid_yaw": [0.5, 1e-06, 0.1], "k_pid_hsp": [7.628708419519203, 0.5114280074944194, 0.5622903526068468], "k_pid_vsp": [97.1866419437692, 353.0303797732142, 42.205028848054184]}, "datetime": {"datetime": "2025-08-14 04:03:40", "elapsed": 65748.0907895565, "delta": 41.84633207321167}, "costs": {"total_cost": 1122.4777186911883, "time_cost": 150, "final_distance_cost": 69.1820414605499, "oscillation_cost": 446.23440963439833, "completition_cost": 333.33333333333337, "overshoot_cost": 47.6502245709811, "power_cost": 43.15496547851563, "noise_cost": 32.92274421340985, "n_waypoints_completed": 6, "tot_waypoints": 9}}
{"target": -538.3238373516942, "params": {"k_pid_pos": [1.014207400910521, 0.5152918614220787, 0.6309693001712148], "k_pid_alt": [0.585834802782984, 0.31660404568458, 0.2833983310579792], "k_pid_att": [11.162792739697148, 9.97538556058911, 0.48768997663216385], "k_pid_yaw": [0.5, 1e-06, 0.1], "k_pid_hsp": [2.153730034087744, 0.08475173695491367, 0.25859028875974577], "k_pid_vsp": [152.6321915797331, 24.657589340532365, 0.4508338783174582]}, "datetime": {"datetime": "2025-08-14 04:04:20", "elapsed": 65788.70402312279, "delta": 40.61323356628418}, "costs": {"total_cost": 538.3238373516942, "time_cost": 113.351, "final_distance_cost": 1.7816090995167801, "oscillation_cost": 311.6948906815615, "completition_cost": 0.0, "overshoot_cost": 58.96272499576268, "power_cost": 21.59380848388672, "noise_cost": 30.93980409096654, "n_waypoints_completed": 9, "tot_waypoints": 9}}
{"target": -438.72966358683357, "params": {"k_pid_pos": [0.6234894791250785, 0.11349416812849666, 0.5349222005211279], "k_pid_alt": [1.3803780134206536, 0.47752974698017525, 0.5993796042392043], "k_pid_att": [15.981483578137512, 3.3121442620279336, 0.5048872225504916], "k_pid_yaw": [0.5, 1e-06, 0.1], "k_pid_hsp": [3.0942278546921727, 0.6719606603804372, 0.8085513101511508], "k_pid_vsp": [286.5585084665166, 340.32091229756725, 122.43756254517925]}, "datetime": {"datetime": "2025-08-14 04:05:03", "elapsed": 65831.13492703438, "delta": 42.430903911590576}, "costs": {"total_cost": 438.72966358683357, "time_cost": 90.65, "final_distance_cost": 1.825169865983599, "oscillation_cost": 249.94264455397112, "completition_cost": 0.0, "overshoot_cost": 53.88416251520976, "power_cost": 21.48715665283203, "noise_cost": 20.94052999883704, "n_waypoints_completed": 9, "tot_waypoints": 9}}
{"target": -392.55839695460037, "params": {"k_pid_pos": [0.9341772154296727, 0.09044511256152155, 0.9946833951837173], "k_pid_alt": [1.2108766939328366, 0.6370282926116033, 0.06611733253316254], "k_pid_att": [5.720085297232769, 2.183467220156144, 0.9677338155078964], "k_pid_yaw": [0.5, 1e-06, 0.1], "k_pid_hsp": [0.6792531711735271, 0.1364676760218645, 0.7219315241448516], "k_pid_vsp": [308.3426350454613, 350.9761727822783, 100.36112919930757]}, "datetime": {"datetime": "2025-08-14 04:05:40", "elapsed": 65868.5324575901, "delta": 37.3975305557251}, "costs": {"total_cost": 392.55839695460037, "time_cost": 107.233, "final_distance_cost": 1.81768926806889, "oscillation_cost": 168.11650947952603, "completition_cost": 0.0, "overshoot_cost": 66.00637718700598, "power_cost": 25.897484216308595, "noise_cost": 23.48733680369089, "n_waypoints_completed": 9, "tot_waypoints": 9}}
{"target": -525.0576941032041, "params": {"k_pid_pos": [0.44327237092165817, 0.002639433790923129, 0.43538083680184003], "k_pid_alt": [0.5890996309950696, 0.5419745007029764, 0.34935477638804824], "k_pid_att": [12.608022070569081, 4.126074577199156, 0.5830278599142908], "k_pid_yaw": [0.5, 1e-06, 0.1], "k_pid_hsp": [2.577170786243629, 0.4624757290482556, 0.46313665275103644], "k_pid_vsp": [312.9703440878162, 351.69232300178084, 91.6777068020489]}, "datetime": {"datetime": "2025-08-14 04:06:24", "elapsed": 65912.07163643837, "delta": 43.5391788482666}, "costs": {"total_cost": 525.0576941032041, "time_cost": 103.068, "final_distance_cost": 1.8324617195772992, "oscillation_cost": 299.8846182100141, "completition_cost": 0.0, "overshoot_cost": 59.02477593135686, "power_cost": 32.05116756591797, "noise_cost": 29.19667067633783, "n_waypoints_completed": 9, "tot_waypoints": 9}}
{"target": -879.7049108717032, "params": {"k_pid_pos": [0.676116807492882, 0.7850773928086929, 0.9689369531718809], "k_pid_alt": [0.18105650859199107, 0.09141397647076954, 0.12516211589361448], "k_pid_att": [5.471643690114226, 3.656433732116572, 0.7146662141540763], "k_pid_yaw": [0.5, 1e-06, 0.1], "k_pid_hsp": [8.257698369446182, 0.040861411851348284, 0.9258073478072515], "k_pid_vsp": [315.9273085411181, 354.8564781952568, 119.47563254398834]}, "datetime": {"datetime": "2025-08-14 04:07:10", "elapsed": 65958.50601673126, "delta": 46.434380292892456}, "costs": {"total_cost": 879.7049108717032, "time_cost": 150, "final_distance_cost": 79.79648156663612, "oscillation_cost": 206.1560480703322, "completition_cost": 333.33333333333337, "overshoot_cost": 50.3915786794351, "power_cost": 32.54047998046875, "noise_cost": 27.48698924149782, "n_waypoints_completed": 6, "tot_waypoints": 9}}
{"target": -327.00452518991585, "params": {"k_pid_pos": [1.5590151333624156, 0.6901900980619594, 0.29535394723965736], "k_pid_alt": [1.7230876312979158, 0.7657544827122438, 0.843328052437198], "k_pid_att": [3.2676848137419556, 5.966414969375591, 0.6594694735430585], "k_pid_yaw": [0.5, 1e-06, 0.1], "k_pid_hsp": [1.965969427271454, 0.5086391138635746, 0.019357674510285583], "k_pid_vsp": [306.53471141042144, 331.30502462396623, 115.29730843188258]}, "datetime": {"datetime": "2025-08-14 04:07:46", "elapsed": 65994.53957414627, "delta": 36.033557415008545}, "costs": {"total_cost": 327.00452518991585, "time_cost": 94.61200000000001, "final_distance_cost": 1.7565677183384731, "oscillation_cost": 116.59114272910928, "completition_cost": 0.0, "overshoot_cost": 56.37437243194507, "power_cost": 30.931900830078128, "noise_cost": 26.738541480444894, "n_waypoints_completed": 9, "tot_waypoints": 9}}
{"target": -578.1009209665998, "params": {"k_pid_pos": [1.2560377191192356, 0.26347307632195793, 0.02936100114038598], "k_pid_alt": [1.4712341834829767, 0.7188485221427494, 0.35342972092077884], "k_pid_att": [26.956291956809096, 5.317858157714322, 0.27441851904406855], "k_pid_yaw": [0.5, 1e-06, 0.1], "k_pid_hsp": [8.386568670135398, 0.6402778339371501, 0.6087757672062685], "k_pid_vsp": [110.96276413364268, 351.6435131379416, 54.951948115785655]}, "datetime": {"datetime": "2025-08-14 04:08:35", "elapsed": 66043.93926024437, "delta": 49.399686098098755}, "costs": {"total_cost": 578.1009209665998, "time_cost": 96.159, "final_distance_cost": 1.7464368341483059, "oscillation_cost": 360.67753535954296, "completition_cost": 0.0, "overshoot_cost": 57.25747340012493, "power_cost": 34.09460114746094, "noise_cost": 28.16587422532267, "n_waypoints_completed": 9, "tot_waypoints": 9}}
{"target": -861.7874038834734, "params": {"k_pid_pos": [0.601127701652077, 0.35273118455487906, 0.07407104829584032], "k_pid_alt": [1.0106085899373698, 0.7770239622109404, 0.9613004986949291], "k_pid_att": [25.122737748207513, 9.451119356295424, 0.47886577574696554], "k_pid_yaw": [0.5, 1e-06, 0.1], "k_pid_hsp": [0.8760652970244556, 0.6142368578317716, 0.7799089057500783], "k_pid_vsp": [291.0965187049102, 325.4252553844685, 73.00277251982862]}, "datetime": {"datetime": "2025-08-14 04:09:21", "elapsed": 66089.21368741989, "delta": 45.27442717552185}, "costs": {"total_cost": 861.7874038834734, "time_cost": 150, "final_distance_cost": 69.51709287238637, "oscillation_cost": 306.1817561038829, "completition_cost": 222.2222222222222, "overshoot_cost": 60.813230457274095, "power_cost": 26.057688879394533, "noise_cost": 26.99541334831342, "n_waypoints_completed": 7, "tot_waypoints": 9}}
{"target": -1379.5248639095541, "params": {"k_pid_pos": [1.1777127864400092, 0.8165688223377431, 0.868599735835475], "k_pid_alt": [0.08402153326954886, 0.51816720203682, 0.21518006860883065], "k_pid_att": [42.25416944936396, 6.73057037641323, 0.48902444709319715], "k_pid_yaw": [0.5, 1e-06, 0.1], "k_pid_hsp": [0.9728786527667046, 0.8438839907216691, 0.5114257272724451], "k_pid_vsp": [94.92310709306815, 354.3895181061621, 38.892621191499686]}, "datetime": {"datetime": "2025-08-14 04:10:05", "elapsed": 66132.96653795242, "delta": 43.75285053253174}, "costs": {"total_cost": 1379.5248639095541, "time_cost": 150, "final_distance_cost": 74.8381458219637, "oscillation_cost": 260.23977907573476, "completition_cost": 777.7777777777778, "overshoot_cost": 60.374443287005505, "power_cost": 29.233260778808596, "noise_cost": 27.06145716826354, "n_waypoints_completed": 2, "tot_waypoints": 9}}
{"target": -461.9049206703088, "params": {"k_pid_pos": [1.3616830788923873, 0.33908370484545103, 0.31316450033262394], "k_pid_alt": [1.7718203309599274, 0.7472731059935493, 0.7504807635913765], "k_pid_att": [48.76483385015107, 3.4157440008719346, 0.9833044380132991], "k_pid_yaw": [0.5, 1e-06, 0.1], "k_pid_hsp": [7.232349006024117, 0.3300231577452785, 0.27357072903171264], "k_pid_vsp": [220.79434513796647, 274.22338108165667, 36.83686298926406]}, "datetime": {"datetime": "2025-08-14 04:10:45", "elapsed": 66173.01325964928, "delta": 40.04672169685364}, "costs": {"total_cost": 461.9049206703088, "time_cost": 80.304, "final_distance_cost": 1.7364387286941227, "oscillation_cost": 284.0695796170157, "completition_cost": 0.0, "overshoot_cost": 51.79488625096484, "power_cost": 23.712043310546875, "noise_cost": 20.287972763087282, "n_waypoints_completed": 9, "tot_waypoints": 9}}
{"target": -445.1220466756585, "params": {"k_pid_pos": [1.461897344783566, 0.5835366863113619, 0.1666945791547697], "k_pid_alt": [0.7827238101992251, 0.4976717758510515, 0.11228866611194188], "k_pid_att": [7.025742663390167, 7.093874297679448, 0.35627777712947883], "k_pid_yaw": [0.5, 1e-06, 0.1], "k_pid_hsp": [8.971565774205988, 0.18918326234217253, 0.7147463190644479], "k_pid_vsp": [277.7519691999138, 288.80541438441503, 40.160941599966065]}, "datetime": {"datetime": "2025-08-14 04:11:22", "elapsed": 66210.30837488174, "delta": 37.29511523246765}, "costs": {"total_cost": 445.1220466756585, "time_cost": 101.136, "final_distance_cost": 1.7536227109446678, "oscillation_cost": 228.94734688104822, "completition_cost": 0.0, "overshoot_cost": 55.323069964810145, "power_cost": 30.475289648437503, "noise_cost": 27.48671747041793, "n_waypoints_completed": 9, "tot_waypoints": 9}}
{"target": -431.0339555198511, "params": {"k_pid_pos": [1.608411777698563, 0.4334128021174508, 0.7091963442712638], "k_pid_alt": [1.3525826867494841, 0.5023067789408863, 0.44729146195464187], "k_pid_att": [6.021771380525276, 5.495068254521511, 0.1294924683030272], "k_pid_yaw": [0.5, 1e-06, 0.1], "k_pid_hsp": [4.1589728832876975, 0.7939039218952142, 0.8118962753959249], "k_pid_vsp": [185.55626337492166, 16.01468095709934, 10.724418626935698]}, "datetime": {"datetime": "2025-08-14 04:11:59", "elapsed": 66247.47585368156, "delta": 37.167478799819946}, "costs": {"total_cost": 431.0339555198511, "time_cost": 91.07000000000001, "final_distance_cost": 1.742722227569572, "oscillation_cost": 236.16503726689734, "completition_cost": 0.0, "overshoot_cost": 55.21469360184623, "power_cost": 22.34815064697266, "noise_cost": 24.493351776565248, "n_waypoints_completed": 9, "tot_waypoints": 9}}
{"target": -1083.429096971162, "params": {"k_pid_pos": [0.7945657485002363, 0.23917114712554677, 0.6261731698496434], "k_pid_alt": [0.9265992064930204, 0.7005126188853268, 0.38198608812105883], "k_pid_att": [14.893956399142061, 5.254723418111935, 0.011275750028210796], "k_pid_yaw": [0.5, 1e-06, 0.1], "k_pid_hsp": [3.887928039630488, 0.2064179254465922, 0.8338610490724554], "k_pid_vsp": [186.68863763605734, 30.98937053614045, 5.085000772029162]}, "datetime": {"datetime": "2025-08-14 04:12:45", "elapsed": 66293.92521262169, "delta": 46.44935894012451}, "costs": {"total_cost": 1083.429096971162, "time_cost": 150, "final_distance_cost": 68.79364876629784, "oscillation_cost": 530.1927364729356, "completition_cost": 222.2222222222222, "overshoot_cost": 50.26179815692877, "power_cost": 28.315612145996095, "noise_cost": 33.64307920678149, "n_waypoints_completed": 7, "tot_waypoints": 9}}
{"target": -325.13582522480306, "params": {"k_pid_pos": [0.7426733088353512, 0.5200855224771055, 0.5153040254263377], "k_pid_alt": [0.9019755882569483, 0.6800034088452294, 0.19343691933607499], "k_pid_att": [21.039337639710695, 2.0465150838138255, 0.060071281656638165], "k_pid_yaw": [0.5, 1e-06, 0.1], "k_pid_hsp": [3.209686626627491, 0.45677702070619547, 0.0], "k_pid_vsp": [321.858981730238, 331.40728988806114, 94.93094225509783]}, "datetime": {"datetime": "2025-08-14 04:13:26", "elapsed": 66334.29749131203, "delta": 40.372278690338135}, "costs": {"total_cost": 325.13582522480306, "time_cost": 109.018, "final_distance_cost": 1.7901094598452192, "oscillation_cost": 96.94869370456749, "completition_cost": 0.0, "overshoot_cost": 59.68684117495334, "power_cost": 29.36955106201172, "noise_cost": 28.32262982342531, "n_waypoints_completed": 9, "tot_waypoints": 9}}
{"target": -510.6208593071054, "params": {"k_pid_pos": [1.555227467053848, 0.3400305359717576, 0.9156959420115162], "k_pid_alt": [1.3092051965659213, 0.1622816536542706, 0.0062249058785481814], "k_pid_att": [21.820229188356286, 2.162158893484722, 0.23773453713484805], "k_pid_yaw": [0.5, 1e-06, 0.1], "k_pid_hsp": [8.065528119851345, 0.3852991020878892, 0.048082992264077196], "k_pid_vsp": [158.7407065487572, 10.324960790216434, 18.74326657097583]}, "datetime": {"datetime": "2025-08-14 04:14:06", "elapsed": 66374.0534312725, "delta": 39.755939960479736}, "costs": {"total_cost": 510.6208593071054, "time_cost": 95.998, "final_distance_cost": 1.7634510681744462, "oscillation_cost": 312.0118278686792, "completition_cost": 0.0, "overshoot_cost": 53.045562456910766, "power_cost": 23.466607727050782, "noise_cost": 24.33541018629021, "n_waypoints_completed": 9, "tot_waypoints": 9}}
{"target": -524.6470424454614, "params": {"k_pid_pos": [0.6279398793090577, 0.12234115044745575, 0.17184267004526566], "k_pid_alt": [0.8779659948881386, 0.3033668963379974, 0.10704284668393593], "k_pid_att": [12.087290326307743, 3.596232260497368, 0.4407066294807379], "k_pid_yaw": [0.5, 1e-06, 0.1], "k_pid_hsp": [4.947981393454153, 0.1678405103166588, 0.86876454723898], "k_pid_vsp": [278.31754774200385, 270.5058667371026, 46.06775018543125]}, "datetime": {"datetime": "2025-08-14 04:14:45", "elapsed": 66413.45604991913, "delta": 39.402618646621704}, "costs": {"total_cost": 524.6470424454614, "time_cost": 112.924, "final_distance_cost": 1.7727041518116473, "oscillation_cost": 297.64783662088263, "completition_cost": 0.0, "overshoot_cost": 56.905973782850786, "power_cost": 28.396283056640627, "noise_cost": 27.000244833275616, "n_waypoints_completed": 9, "tot_waypoints": 9}}
{"target": -692.8436616894342, "params": {"k_pid_pos": [1.891617915909497, 0.8941218268957111, 0.4168189107516107], "k_pid_alt": [1.606425430341924, 0.9962111082960129, 0.35242014546588074], "k_pid_att": [48.574476509348564, 0.7766955755712431, 0.5243210537475836], "k_pid_yaw": [0.5, 1e-06, 0.1], "k_pid_hsp": [4.621141746577567, 0.5463897770803949, 0.6400914495443667], "k_pid_vsp": [221.9780760440019, 274.49988528228295, 33.3503946740349]}, "datetime": {"datetime": "2025-08-14 04:15:24", "elapsed": 66452.60246372223, "delta": 39.146413803100586}, "costs": {"total_cost": 692.8436616894342, "time_cost": 150, "final_distance_cost": 48.30070696866244, "oscillation_cost": 234.51826329167415, "completition_cost": 111.11111111111116, "overshoot_cost": 66.90022427087591, "power_cost": 43.6100432006836, "noise_cost": 38.403312846426985, "n_waypoints_completed": 8, "tot_waypoints": 9}}
{"target": -769.0273024685711, "params": {"k_pid_pos": [1.076468365674806, 0.8868427043225613, 0.0649851351632984], "k_pid_alt": [1.7216838774030778, 0.10920675800148227, 0.1976677615783614], "k_pid_att": [7.016971646492365, 0.15994589656929922, 0.5305847081050351], "k_pid_yaw": [0.5, 1e-06, 0.1], "k_pid_hsp": [4.972728829184985, 0.45647044490552635, 0.07822472003939551], "k_pid_vsp": [311.16488318627535, 349.9464799907131, 110.92602474443268]}, "datetime": {"datetime": "2025-08-14 04:16:02", "elapsed": 66490.61665558815, "delta": 38.01419186592102}, "costs": {"total_cost": 769.0273024685711, "time_cost": 150, "final_distance_cost": 79.96214456008182, "oscillation_cost": 88.24607752335508, "completition_cost": 333.33333333333337, "overshoot_cost": 61.73665712445587, "power_cost": 29.204713208007814, "noise_cost": 26.544376719337198, "n_waypoints_completed": 6, "tot_waypoints": 9}}
{"target": -1155.2324415365822, "params": {"k_pid_pos": [0.817977119057089, 0.20800136740879605, 0.663375539287513], "k_pid_alt": [0.6902945665262039, 0.7388782110387108, 0.3481813698417514], "k_pid_att": [12.851553059595055, 8.916513885268483, 0.9105155804642501], "k_pid_yaw": [0.5, 1e-06, 0.1], "k_pid_hsp": [0.37673522949419097, 0.8965832678014423, 0.8905032312582676], "k_pid_vsp": [313.92420020563685, 343.6790470427278, 114.92163147043873]}, "datetime": {"datetime": "2025-08-14 04:16:44", "elapsed": 66532.83459591866, "delta": 42.21794033050537}, "costs": {"total_cost": 1155.2324415365822, "time_cost": 150, "final_distance_cost": 44.88556839264829, "oscillation_cost": 359.395558738637, "completition_cost": 444.4444444444444, "overshoot_cost": 89.07237913385218, "power_cost": 37.42949510498047, "noise_cost": 30.004995722019913, "n_waypoints_completed": 5, "tot_waypoints": 9}}
{"target": -464.32275427101854, "params": {"k_pid_pos": [1.7069482627543873, 0.6062335552001671, 0.34421958807535713], "k_pid_alt": [1.95761283882201, 0.15959920046514553, 0.4016766576912695], "k_pid_att": [16.260216638809133, 4.638141504344172, 0.45961250322037883], "k_pid_yaw": [0.5, 1e-06, 0.1], "k_pid_hsp": [8.890912871337962, 0.7025434302396594, 0.555839884081886], "k_pid_vsp": [283.3607556574001, 340.759178768397, 116.39993065412456]}, "datetime": {"datetime": "2025-08-14 04:17:18", "elapsed": 66566.10876226425, "delta": 33.27416634559631}, "costs": {"total_cost": 464.32275427101854, "time_cost": 101.444, "final_distance_cost": 1.7405467052968413, "oscillation_cost": 258.9090876697603, "completition_cost": 0.0, "overshoot_cost": 53.60810071957776, "power_cost": 25.617621411132813, "noise_cost": 23.003397765250813, "n_waypoints_completed": 9, "tot_waypoints": 9}}
{"target": -438.6617772788888, "params": {"k_pid_pos": [1.7655595999488913, 0.755739387695257, 0.33483964084535034], "k_pid_alt": [1.5521946725108118, 0.1485147906053923, 0.813832256184116], "k_pid_att": [20.199244122801595, 7.819559194734385, 0.9373172767234533], "k_pid_yaw": [0.5, 1e-06, 0.1], "k_pid_hsp": [3.0824037345199717, 0.928624741246554, 0.39710002718685544], "k_pid_vsp": [319.821347402883, 342.5844153705786, 100.26731045144494]}, "datetime": {"datetime": "2025-08-14 04:17:52", "elapsed": 66600.95859122276, "delta": 34.84982895851135}, "costs": {"total_cost": 438.6617772788888, "time_cost": 106.652, "final_distance_cost": 1.7802039774750915, "oscillation_cost": 216.8947069669102, "completition_cost": 0.0, "overshoot_cost": 53.96745087874176, "power_cost": 32.50173493652344, "noise_cost": 26.86568051923824, "n_waypoints_completed": 9, "tot_waypoints": 9}}
{"target": -1147.4047693079415, "params": {"k_pid_pos": [0.7105961819924415, 0.7291864734191802, 0.9805910948217668], "k_pid_alt": [0.033573186796070464, 0.588790691652166, 0.6106625267997613], "k_pid_att": [29.894148850680715, 8.763081785646088, 0.9028509877759372], "k_pid_yaw": [0.5, 1e-06, 0.1], "k_pid_hsp": [9.76977095616054, 0.779758622535558, 0.1755993972328741], "k_pid_vsp": [102.84517137851151, 357.90045828511285, 60.24898774816794]}, "datetime": {"datetime": "2025-08-14 04:18:39", "elapsed": 66647.36352992058, "delta": 46.40493869781494}, "costs": {"total_cost": 1147.4047693079415, "time_cost": 150, "final_distance_cost": 82.68827547073886, "oscillation_cost": 449.0983118741, "completition_cost": 333.33333333333337, "overshoot_cost": 60.31750876559191, "power_cost": 40.56884879150391, "noise_cost": 31.39849107267363, "n_waypoints_completed": 6, "tot_waypoints": 9}}
