{"target": -492.836764924266, "params": {"k_pid_pos": [1.6141643832727104, 0.28344686820557174, 0.9262296449844724], "k_pid_alt": [0.5746515106393049, 0.8693546990529636, 0.7134950924526039], "k_pid_att": [5.337299879740676, 3.4349461927022196, 0.038112069301891704], "k_pid_yaw": [0.5, 1e-06, 0.1], "k_pid_hsp": [8.786010897644697, 0.8969938380014931, 0.5699441631925953], "k_pid_vsp": [290.38747738619304, 288.5934985750999, 66.07772089526298]}, "datetime": {"datetime": "2025-08-13 22:54:33", "elapsed": 47201.008746147156, "delta": 30.173808097839355}, "costs": {"total_cost": 492.836764924266, "time_cost": 91.455, "final_distance_cost": 1.789410237072174, "oscillation_cost": 301.25754308028763, "completition_cost": 0.0, "overshoot_cost": 58.28262797245959, "power_cost": 19.987458935546876, "noise_cost": 20.06472469889966, "n_waypoints_completed": 9, "tot_waypoints": 9}}
{"target": -669.8947092741345, "params": {"k_pid_pos": [0.6877691682731799, 0.2736630871225857, 0.7808327532288318], "k_pid_alt": [1.991430341166943, 0.2425813102721629, 0.9317559058943953], "k_pid_att": [4.901298043364943, 5.507490278614126, 0.7941213587312461], "k_pid_yaw": [0.5, 1e-06, 0.1], "k_pid_hsp": [5.582230407146579, 0.896114019137307, 0.865134769666569], "k_pid_vsp": [190.97448654699716, 318.5545030114327, 13.108694043751315]}, "datetime": {"datetime": "2025-08-13 22:55:09", "elapsed": 47237.418426036835, "delta": 36.409679889678955}, "costs": {"total_cost": 669.8947092741345, "time_cost": 150, "final_distance_cost": 65.46209491133735, "oscillation_cost": 134.7393225223582, "completition_cost": 222.2222222222222, "overshoot_cost": 47.387263169281226, "power_cost": 24.006581665039064, "noise_cost": 26.07722478389632, "n_waypoints_completed": 7, "tot_waypoints": 9}}
{"target": -1112.2065981386665, "params": {"k_pid_pos": [1.2593622568996794, 0.38906655840548965, 0.94450469205229], "k_pid_alt": [0.0634841770561072, 0.5848747645459416, 0.9509830492872003], "k_pid_att": [29.253469096466432, 5.069809307494382, 0.15541308506618845], "k_pid_yaw": [0.5, 1e-06, 0.1], "k_pid_hsp": [9.898685627154382, 0.4739008614706586, 0.03852834869015431], "k_pid_vsp": [171.921722511808, 2.020940242324104, 5.95384313893777]}, "datetime": {"datetime": "2025-08-13 22:55:45", "elapsed": 47273.92853498459, "delta": 36.510108947753906}, "costs": {"total_cost": 1112.2065981386665, "time_cost": 150, "final_distance_cost": 66.29172551763739, "oscillation_cost": 664.4841847659636, "completition_cost": 111.11111111111116, "overshoot_cost": 58.14691092702599, "power_cost": 31.349224340820314, "noise_cost": 30.823441476108272, "n_waypoints_completed": 8, "tot_waypoints": 9}}
{"target": -273.5494710838625, "params": {"k_pid_pos": [0.5794871494344301, 0.10028737671628374, 0.21462529800200592], "k_pid_alt": [1.3150837214001958, 0.6838801658035984, 0.619782285245196], "k_pid_att": [21.57089009574196, 0.45645100935494254, 0.7524637568441327], "k_pid_yaw": [0.5, 1e-06, 0.1], "k_pid_hsp": [6.927048275128849, 0.10949803543886105, 0.051311740210937096], "k_pid_vsp": [253.3064413466148, 272.73271479358965, 53.51646817421076]}, "datetime": {"datetime": "2025-08-13 22:56:23", "elapsed": 47311.45921707153, "delta": 37.53068208694458}, "costs": {"total_cost": 273.5494710838625, "time_cost": 95.921, "final_distance_cost": 1.7393625639815786, "oscillation_cost": 70.96758433956904, "completition_cost": 0.0, "overshoot_cost": 56.12977761049438, "power_cost": 25.29821053466797, "noise_cost": 23.493536035149557, "n_waypoints_completed": 9, "tot_waypoints": 9}}
{"target": -552.6367821872187, "params": {"k_pid_pos": [1.8469132121383307, 0.934547441109445, 0.9789685361856757], "k_pid_alt": [1.8973114967411924, 0.29499345780348685, 0.8756486146658603], "k_pid_att": [18.596287798746538, 2.7154144081046443, 0.16588229245265673], "k_pid_yaw": [0.5, 1e-06, 0.1], "k_pid_hsp": [5.0685042305523575, 0.9338939478895318, 0.33597782534173937], "k_pid_vsp": [163.61590065198547, 28.39908357937952, 3.945896774150091]}, "datetime": {"datetime": "2025-08-13 22:56:55", "elapsed": 47343.04430580139, "delta": 31.5850887298584}, "costs": {"total_cost": 552.6367821872187, "time_cost": 102.291, "final_distance_cost": 1.785232754041892, "oscillation_cost": 329.1524113703977, "completition_cost": 0.0, "overshoot_cost": 55.07329772943251, "power_cost": 33.622257873535155, "noise_cost": 30.712582459811397, "n_waypoints_completed": 9, "tot_waypoints": 9}}
{"target": -367.4327875185867, "params": {"k_pid_pos": [1.1559768267667714, 0.8523950105307238, 0.3473617125363936], "k_pid_alt": [1.135282212739543, 0.15991934071692693, 0.14417159582050332], "k_pid_att": [18.7651263323808, 6.3655481201679285, 0.50585531911183], "k_pid_yaw": [0.5, 1e-06, 0.1], "k_pid_hsp": [7.203711864246007, 0.2556694126411848, 0.1430210047359315], "k_pid_vsp": [160.28615365644802, 11.275554045624455, 15.873379492443023]}, "datetime": {"datetime": "2025-08-13 22:57:35", "elapsed": 47383.5588157177, "delta": 40.51450991630554}, "costs": {"total_cost": 367.4327875185867, "time_cost": 102.781, "final_distance_cost": 1.7408835318267348, "oscillation_cost": 152.65696065437655, "completition_cost": 0.0, "overshoot_cost": 53.64398163242009, "power_cost": 29.79837733154297, "noise_cost": 26.81158436842036, "n_waypoints_completed": 9, "tot_waypoints": 9}}
{"target": -540.8068550634154, "params": {"k_pid_pos": [1.4748549304478118, 0.9802124854116004, 0.5463049014804703], "k_pid_alt": [0.7662661131724253, 0.18518075208353435, 0.752989970429756], "k_pid_att": [11.915388672198123, 5.806960152894191, 0.19610532048910156], "k_pid_yaw": [0.5, 1e-06, 0.1], "k_pid_hsp": [5.404256232133904, 0.9376623259032835, 0.4279672672297705], "k_pid_vsp": [188.18604030631607, 18.993531491107007, 7.867620591424697]}, "datetime": {"datetime": "2025-08-13 22:58:14", "elapsed": 47421.98947763443, "delta": 38.43066191673279}, "costs": {"total_cost": 540.8068550634154, "time_cost": 112.553, "final_distance_cost": 1.753445132928627, "oscillation_cost": 301.4054779427873, "completition_cost": 0.0, "overshoot_cost": 61.603774265654984, "power_cost": 30.430614978027346, "noise_cost": 33.060542744017155, "n_waypoints_completed": 9, "tot_waypoints": 9}}
{"target": -792.6752521276866, "params": {"k_pid_pos": [0.4124225011917364, 0.9371164872986468, 0.26211555283102916], "k_pid_alt": [0.8614897378821971, 0.4872266467337434, 0.34436095549028833], "k_pid_att": [8.257268117467964, 0.6955480676694876, 0.8378007747223927], "k_pid_yaw": [0.5, 1e-06, 0.1], "k_pid_hsp": [6.65705000461446, 0.5439017391169012, 0.8950893113543262], "k_pid_vsp": [181.4229470209653, 21.831178767010776, 7.110173608388992]}, "datetime": {"datetime": "2025-08-13 22:58:53", "elapsed": 47461.39549565315, "delta": 39.406018018722534}, "costs": {"total_cost": 792.6752521276866, "time_cost": 150, "final_distance_cost": 68.52973260730886, "oscillation_cost": 126.25959653963065, "completition_cost": 333.33333333333337, "overshoot_cost": 58.89193446659343, "power_cost": 23.37356134033203, "noise_cost": 32.28709384048829, "n_waypoints_completed": 6, "tot_waypoints": 9}}
{"target": -432.5902985121924, "params": {"k_pid_pos": [1.8947427632824267, 0.2955685648165285, 0.924357582374805], "k_pid_alt": [1.8281684962453526, 0.5686894063185229, 0.33482192088312257], "k_pid_att": [18.40217660662168, 9.710584496298965, 0.39114521725911855], "k_pid_yaw": [0.5, 1e-06, 0.1], "k_pid_hsp": [6.825340198949094, 0.9731891030139164, 0.26584672461070613], "k_pid_vsp": [304.9620985428214, 326.2393895798585, 84.95779189093653]}, "datetime": {"datetime": "2025-08-13 22:59:28", "elapsed": 47496.2494468689, "delta": 34.85395121574402}, "costs": {"total_cost": 432.5902985121924, "time_cost": 82.628, "final_distance_cost": 1.7880987868061773, "oscillation_cost": 249.0217916874514, "completition_cost": 0.0, "overshoot_cost": 52.191477015735565, "power_cost": 25.137699658203125, "noise_cost": 21.823231363996097, "n_waypoints_completed": 9, "tot_waypoints": 9}}
{"target": -481.73142109876494, "params": {"k_pid_pos": [1.8223908928204116, 0.23762764536003378, 0.5561177971656864], "k_pid_alt": [1.2891596487833525, 0.2251707283885679, 0.24357597656921715], "k_pid_att": [40.79314734176733, 4.0424051482576395, 0.23158725668870694], "k_pid_yaw": [0.5, 1e-06, 0.1], "k_pid_hsp": [9.320289839050902, 0.21969872430310844, 0.8674040706990833], "k_pid_vsp": [227.17987374449584, 279.4579339781072, 45.96432632841421]}, "datetime": {"datetime": "2025-08-13 23:00:05", "elapsed": 47533.03300738335, "delta": 36.78356051445007}, "costs": {"total_cost": 481.73142109876494, "time_cost": 80.64, "final_distance_cost": 1.784034388704187, "oscillation_cost": 308.17215471452425, "completition_cost": 0.0, "overshoot_cost": 51.91910990254303, "power_cost": 20.232940270996096, "noise_cost": 18.9831818219974, "n_waypoints_completed": 9, "tot_waypoints": 9}}
{"target": -531.5248839398798, "params": {"k_pid_pos": [1.3415338111978259, 0.7340790605801717, 0.6627791049446771], "k_pid_alt": [0.8675450047629907, 0.0920574422956143, 0.7813875601786767], "k_pid_att": [13.073560970452014, 0.4252921329572246, 0.413817743068268], "k_pid_yaw": [0.5, 1e-06, 0.1], "k_pid_hsp": [6.347693969574535, 0.2859256275905764, 0.833648376504872], "k_pid_vsp": [300.8932621839883, 309.10566367712465, 107.96396908055783]}, "datetime": {"datetime": "2025-08-13 23:00:45", "elapsed": 47573.279322862625, "delta": 40.246315479278564}, "costs": {"total_cost": 531.5248839398798, "time_cost": 112.63, "final_distance_cost": 1.7343134940508973, "oscillation_cost": 304.33939482840856, "completition_cost": 0.0, "overshoot_cost": 53.95087924466315, "power_cost": 31.474917541503906, "noise_cost": 27.39537883125338, "n_waypoints_completed": 9, "tot_waypoints": 9}}
{"target": -614.3154291529743, "params": {"k_pid_pos": [1.4423580845127946, 0.39052082183837555, 0.13999167483272756], "k_pid_alt": [0.643026425027518, 0.6271892546834901, 0.2494394789559673], "k_pid_att": [27.92411545280612, 1.5407118558072048, 0.15041860349412228], "k_pid_yaw": [0.5, 1e-06, 0.1], "k_pid_hsp": [6.194142898398317, 0.4272546012761269, 0.462543658904327], "k_pid_vsp": [153.68519511771245, 16.378958516756494, 16.805667135740133]}, "datetime": {"datetime": "2025-08-13 23:01:19", "elapsed": 47607.41279506683, "delta": 34.133472204208374}, "costs": {"total_cost": 614.3154291529743, "time_cost": 109.20700000000001, "final_distance_cost": 1.7711262923528888, "oscillation_cost": 382.51314416084324, "completition_cost": 0.0, "overshoot_cost": 62.300132545933955, "power_cost": 29.940187036132812, "noise_cost": 28.583839117711374, "n_waypoints_completed": 9, "tot_waypoints": 9}}
{"target": -973.4140965233357, "params": {"k_pid_pos": [1.30654543173045, 0.342070790245523, 0.7095452546595835], "k_pid_alt": [0.09060310938926097, 0.21550669767281794, 0.7372918595821877], "k_pid_att": [37.38020078329215, 7.97852192717861, 0.6738558957354633], "k_pid_yaw": [0.5, 1e-06, 0.1], "k_pid_hsp": [7.370539684618252, 0.26200902796057635, 0.8966439308625482], "k_pid_vsp": [101.99424859841564, 345.03245213783856, 54.450661946726136]}, "datetime": {"datetime": "2025-08-13 23:01:55", "elapsed": 47643.6207921505, "delta": 36.20799708366394}, "costs": {"total_cost": 973.4140965233357, "time_cost": 150, "final_distance_cost": 50.83581022844621, "oscillation_cost": 540.0874206848213, "completition_cost": 111.11111111111116, "overshoot_cost": 62.68101343505209, "power_cost": 31.35826773681641, "noise_cost": 27.340473327088528, "n_waypoints_completed": 8, "tot_waypoints": 9}}
{"target": -352.227139489754, "params": {"k_pid_pos": [1.088194334476097, 0.07872686499274195, 0.06044054404891741], "k_pid_alt": [1.4908773170478908, 0.6304721291675235, 0.11673734950825765], "k_pid_att": [10.635640973168115, 0.7020854957870116, 0.28027508738648044], "k_pid_yaw": [0.5, 1e-06, 0.1], "k_pid_hsp": [2.3191441951798963, 0.7174311312034262, 0.24911974579332252], "k_pid_vsp": [279.2399501580672, 279.2712489729885, 50.33507661918374]}, "datetime": {"datetime": "2025-08-13 23:02:25", "elapsed": 47673.231328487396, "delta": 29.610536336898804}, "costs": {"total_cost": 352.227139489754, "time_cost": 85.757, "final_distance_cost": 1.7632033086259034, "oscillation_cost": 157.1346486057783, "completition_cost": 0.0, "overshoot_cost": 54.695724673347854, "power_cost": 28.597196899414065, "noise_cost": 24.279366002587825, "n_waypoints_completed": 9, "tot_waypoints": 9}}
{"target": -422.1988161578725, "params": {"k_pid_pos": [1.8967334139913141, 0.209077192465429, 0.27237799227467707], "k_pid_alt": [0.453680118681403, 0.41412642973836333, 0.9382906433141522], "k_pid_att": [16.09039914679309, 9.625988023906226, 0.7314674355082884], "k_pid_yaw": [0.5, 1e-06, 0.1], "k_pid_hsp": [4.552422871937498, 0.5200522822316871, 0.19128146327819517], "k_pid_vsp": [253.20977785220742, 284.5800166986972, 61.034721606377516]}, "datetime": {"datetime": "2025-08-13 23:03:02", "elapsed": 47710.64074540138, "delta": 37.409416913986206}, "costs": {"total_cost": 422.1988161578725, "time_cost": 105.693, "final_distance_cost": 1.7512581221994488, "oscillation_cost": 165.20540590023833, "completition_cost": 0.0, "overshoot_cost": 74.79602560385152, "power_cost": 40.90963132324219, "noise_cost": 33.843495208341, "n_waypoints_completed": 9, "tot_waypoints": 9}}
{"target": -508.3416966642079, "params": {"k_pid_pos": [0.9524398702798267, 0.23761499961508548, 0.6009043676598692], "k_pid_alt": [1.9719920600929641, 0.31168093164835753, 0.8697589960141907], "k_pid_att": [10.896276215832767, 3.75397719873832, 0.45181958346037765], "k_pid_yaw": [0.5, 1e-06, 0.1], "k_pid_hsp": [4.833106305341736, 0.5371215594938124, 0.8574375740154326], "k_pid_vsp": [304.04739282919695, 332.33720789881176, 103.27111057640022]}, "datetime": {"datetime": "2025-08-13 23:03:34", "elapsed": 47742.35569405556, "delta": 31.714948654174805}, "costs": {"total_cost": 508.3416966642079, "time_cost": 97.419, "final_distance_cost": 1.7546681704112916, "oscillation_cost": 305.3913692490151, "completition_cost": 0.0, "overshoot_cost": 55.22230415421472, "power_cost": 25.20698143310547, "noise_cost": 23.34737365746131, "n_waypoints_completed": 9, "tot_waypoints": 9}}
{"target": -586.4482021440016, "params": {"k_pid_pos": [1.5906200062982245, 0.2869803288705024, 0.6751709957854319], "k_pid_alt": [1.5808240608014035, 0.7075201351402698, 0.34980204146981553], "k_pid_att": [21.87577374192443, 0.05656851372338557, 0.06435912779929909], "k_pid_yaw": [0.5, 1e-06, 0.1], "k_pid_hsp": [8.933522327229168, 0.056742745939472705, 0.7094989575399189], "k_pid_vsp": [274.5725543043081, 340.5493961736674, 105.41720236191928]}, "datetime": {"datetime": "2025-08-13 23:04:05", "elapsed": 47773.21303033829, "delta": 30.857336282730103}, "costs": {"total_cost": 586.4482021440016, "time_cost": 93.093, "final_distance_cost": 1.7630508618302603, "oscillation_cost": 378.68450494754, "completition_cost": 0.0, "overshoot_cost": 56.910173423445414, "power_cost": 30.839838098144533, "noise_cost": 25.157634813041362, "n_waypoints_completed": 9, "tot_waypoints": 9}}
{"target": -503.9967045879984, "params": {"k_pid_pos": [0.3350852820988805, 0.5381262780392094, 0.25688498272968663], "k_pid_alt": [1.4939721742969836, 0.5653784898947266, 0.5443082609340678], "k_pid_att": [14.996923097745796, 8.014530574133007, 0.07280187203454092], "k_pid_yaw": [0.5, 1e-06, 0.1], "k_pid_hsp": [4.718607080038494, 0.35602105386443716, 0.0735534699434347], "k_pid_vsp": [292.02656463602267, 287.74890318695356, 67.03670049451024]}, "datetime": {"datetime": "2025-08-13 23:04:39", "elapsed": 47807.84719824791, "delta": 34.63416790962219}, "costs": {"total_cost": 503.9967045879984, "time_cost": 103.852, "final_distance_cost": 1.7468970897527711, "oscillation_cost": 295.19679375764997, "completition_cost": 0.0, "overshoot_cost": 55.87773776120857, "power_cost": 23.17015770263672, "noise_cost": 24.15311827675038, "n_waypoints_completed": 9, "tot_waypoints": 9}}
{"target": -860.7160530877909, "params": {"k_pid_pos": [1.9184380573239201, 0.40268145908302666, 0.6474785756814047], "k_pid_alt": [0.43342802362316424, 0.5690498407682901, 0.7415816886100034], "k_pid_att": [59.611298769009025, 7.51923222022025, 0.7950083997149381], "k_pid_yaw": [0.5, 1e-06, 0.1], "k_pid_hsp": [5.945059746697656, 0.8331465965496799, 0.9092887156504037], "k_pid_vsp": [89.856942338833, 361.5986943329815, 54.278975821584275]}, "datetime": {"datetime": "2025-08-13 23:05:17", "elapsed": 47845.37989592552, "delta": 37.532697677612305}, "costs": {"total_cost": 860.7160530877909, "time_cost": 150, "final_distance_cost": 66.68966146692853, "oscillation_cost": 410.37652001632483, "completition_cost": 111.11111111111116, "overshoot_cost": 56.59536828193427, "power_cost": 35.68441208496094, "noise_cost": 30.258980126531092, "n_waypoints_completed": 8, "tot_waypoints": 9}}
{"target": -738.6545149777962, "params": {"k_pid_pos": [0.6021006048202132, 0.38976948038753556, 0.29503313125081354], "k_pid_alt": [1.0403043684538453, 0.6184220698702808, 0.4672935760798609], "k_pid_att": [10.346546865210982, 7.3544926736981955, 0.4275965658394848], "k_pid_yaw": [0.5, 1e-06, 0.1], "k_pid_hsp": [1.304350741965352, 0.2961723967511447, 0.36611757340409035], "k_pid_vsp": [174.40168066965958, 21.16985452124253, 16.84593764678933]}, "datetime": {"datetime": "2025-08-13 23:05:53", "elapsed": 47881.77774143219, "delta": 36.39784550666809}, "costs": {"total_cost": 738.6545149777962, "time_cost": 150, "final_distance_cost": 38.0497921099386, "oscillation_cost": 312.3164383334677, "completition_cost": 111.11111111111116, "overshoot_cost": 58.04299488338808, "power_cost": 35.95640434570313, "noise_cost": 33.17777419418752, "n_waypoints_completed": 8, "tot_waypoints": 9}}
{"target": -444.7021532795932, "params": {"k_pid_pos": [1.168481867871117, 0.4862494322216657, 0.29240497434726753], "k_pid_alt": [1.2598401729403614, 0.3834730673534904, 0.7182870942941417], "k_pid_att": [62.87113701981324, 0.49660540543007053, 0.983062195907129], "k_pid_yaw": [0.5, 1e-06, 0.1], "k_pid_hsp": [8.791978151945274, 0.23427216897441916, 0.9345355593790071], "k_pid_vsp": [97.72546256916814, 362.61446208254324, 59.585469159026665]}, "datetime": {"datetime": "2025-08-13 23:06:21", "elapsed": 47909.104843854904, "delta": 27.327102422714233}, "costs": {"total_cost": 444.7021532795932, "time_cost": 80.122, "final_distance_cost": 1.7792088747746702, "oscillation_cost": 269.5170326154702, "completition_cost": 0.0, "overshoot_cost": 51.82949623676077, "power_cost": 22.06089931640625, "noise_cost": 19.3935162361813, "n_waypoints_completed": 9, "tot_waypoints": 9}}
{"target": -271.49929169136163, "params": {"k_pid_pos": [1.1192035870992143, 0.7951354678336076, 0.7188560707810304], "k_pid_alt": [1.0728211702300519, 0.9082010645259305, 0.09045344853591408], "k_pid_att": [21.084186376548974, 3.697054368528571, 0.24192488962892356], "k_pid_yaw": [0.5, 1e-06, 0.1], "k_pid_hsp": [2.59716817296246, 0.46953353816653276, 0.007724605739746093], "k_pid_vsp": [319.7913030821003, 328.78362249277114, 94.404158194739]}, "datetime": {"datetime": "2025-08-13 23:06:54", "elapsed": 47941.974074840546, "delta": 32.86923098564148}, "costs": {"total_cost": 271.49929169136163, "time_cost": 95.249, "final_distance_cost": 1.8042781608386202, "oscillation_cost": 79.39936233421504, "completition_cost": 0.0, "overshoot_cost": 55.600225760991755, "power_cost": 19.98217734375, "noise_cost": 19.46424809156624, "n_waypoints_completed": 9, "tot_waypoints": 9}}
{"target": -811.5302353317157, "params": {"k_pid_pos": [1.779617847971373, 0.7016278088105165, 0.5091027323646152], "k_pid_alt": [0.5718860335770064, 0.17473627148438842, 0.5922697177177033], "k_pid_att": [19.171082620244807, 8.785036004914987, 0.6378667721678377], "k_pid_yaw": [0.5, 1e-06, 0.1], "k_pid_hsp": [2.2959745921912176, 0.9963198797955449, 0.9140086340837196], "k_pid_vsp": [283.5536133857013, 277.83399764768166, 56.14037385159887]}, "datetime": {"datetime": "2025-08-13 23:07:30", "elapsed": 47978.614485263824, "delta": 36.64041042327881}, "costs": {"total_cost": 811.5302353317157, "time_cost": 150, "final_distance_cost": 67.80502677635313, "oscillation_cost": 248.81963241046637, "completition_cost": 222.2222222222222, "overshoot_cost": 55.56593211647262, "power_cost": 36.53615290527344, "noise_cost": 30.581268900928105, "n_waypoints_completed": 7, "tot_waypoints": 9}}
{"target": -234.64051621381608, "params": {"k_pid_pos": [0.8473748599257418, 0.7263618077747054, 0.3027312875151753], "k_pid_alt": [1.5525383141506712, 0.6270579550964339, 0.5054817152600707], "k_pid_att": [12.127408205817769, 2.897826317977187, 0.5873412755927594], "k_pid_yaw": [0.5, 1e-06, 0.1], "k_pid_hsp": [5.136284356781294, 0.8353058392875133, 0.02503124803247736], "k_pid_vsp": [307.4429348658026, 309.76073425356816, 111.93064014675961]}, "datetime": {"datetime": "2025-08-13 23:07:57", "elapsed": 48005.933811903, "delta": 27.319326639175415}, "costs": {"total_cost": 234.64051621381608, "time_cost": 81.998, "final_distance_cost": 1.7790765727619187, "oscillation_cost": 64.27070569643972, "completition_cost": 0.0, "overshoot_cost": 50.8094448853462, "power_cost": 17.819677685546875, "noise_cost": 17.963611373721346, "n_waypoints_completed": 9, "tot_waypoints": 9}}
