{"target": -482.8283454185546, "params": {"k_pid_pos": [0.6958563824513307, 0.0612841755287038, 0.8051528172650894], "k_pid_alt": [0.7583768269904902, 0.3177330156327278, 0.8959743802665814], "k_pid_att": [44.01033286314154, 6.69656914274864, 0.9849534863430932], "k_pid_yaw": [0.5, 1e-06, 0.1], "k_pid_hsp": [6.653955964128961, 0.6529520279252311, 0.9764641275873522], "k_pid_vsp": [101.44739354278838, 355.27003351463253, 41.83504912860562]}, "datetime": {"datetime": "2025-08-13 10:53:29", "elapsed": 3937.6948256492615, "delta": 42.998464822769165}, "costs": {"total_cost": 482.8283454185546, "time_cost": 92.68, "final_distance_cost": 1.8182489389295629, "oscillation_cost": 291.0978109090093, "completition_cost": 0.0, "overshoot_cost": 53.192688158186996, "power_cost": 22.314431201171875, "noise_cost": 21.725166211256862, "n_waypoints_completed": 9, "tot_waypoints": 9}}
{"target": -858.6726802009815, "params": {"k_pid_pos": [0.4356426423042728, 0.797947937706221, 0.2565346119365619], "k_pid_alt": [0.9402272425810492, 0.8978734070688738, 0.6776286530358179], "k_pid_att": [19.578199970617614, 1.3881116153408324, 0.3251015415670432], "k_pid_yaw": [0.5, 1e-06, 0.1], "k_pid_hsp": [4.197013908849701, 0.9814903537786728, 0.3469109022884139], "k_pid_vsp": [184.49842891434884, 19.161388025643333, 12.680636405800874]}, "datetime": {"datetime": "2025-08-13 10:54:24", "elapsed": 3992.774369955063, "delta": 55.07954430580139}, "costs": {"total_cost": 858.6726802009815, "time_cost": 150, "final_distance_cost": 67.4431158675597, "oscillation_cost": 293.22741524300005, "completition_cost": 222.2222222222222, "overshoot_cost": 58.12440706443337, "power_cost": 35.12574151611328, "noise_cost": 32.529778287652945, "n_waypoints_completed": 7, "tot_waypoints": 9}}
{"target": -904.4549433173734, "params": {"k_pid_pos": [0.8066251741319971, 0.5214658651243292, 0.9935101972751101], "k_pid_alt": [0.5138596310271237, 0.019909404542497344, 0.20234745008517074], "k_pid_att": [5.9582183260306625, 7.733649035553932, 0.5048554484975626], "k_pid_yaw": [0.5, 1e-06, 0.1], "k_pid_hsp": [8.216570231233973, 0.3567162494433659, 0.40771472488265315], "k_pid_vsp": [305.0945110939236, 348.47181065330227, 101.38792614812303]}, "datetime": {"datetime": "2025-08-13 10:55:19", "elapsed": 4047.0460975170135, "delta": 54.271727561950684}, "costs": {"total_cost": 904.4549433173734, "time_cost": 150, "final_distance_cost": 71.5486106110206, "oscillation_cost": 339.0088143212297, "completition_cost": 222.2222222222222, "overshoot_cost": 46.31106897708348, "power_cost": 43.046680480957036, "noise_cost": 32.31754670486039, "n_waypoints_completed": 7, "tot_waypoints": 9}}
{"target": -630.431883266723, "params": {"k_pid_pos": [1.6861914408103742, 0.45750437129016186, 0.04849800894860634], "k_pid_alt": [0.5166886617783384, 0.7316456453400259, 0.026933961484631563], "k_pid_att": [12.817142642123514, 0.039105252754129745, 0.36348230256092906], "k_pid_yaw": [0.5, 1e-06, 0.1], "k_pid_hsp": [7.260249774967253, 0.6987895031057172, 0.9476126999421922], "k_pid_vsp": [303.6051740157306, 320.7079210926436, 103.34800619408797]}, "datetime": {"datetime": "2025-08-13 10:56:14", "elapsed": 4102.555404186249, "delta": 55.50930666923523}, "costs": {"total_cost": 630.431883266723, "time_cost": 150, "final_distance_cost": 21.904343650355326, "oscillation_cost": 212.46335158930953, "completition_cost": 111.11111111111116, "overshoot_cost": 68.71803720874213, "power_cost": 34.81864962158203, "noise_cost": 31.416390085622925, "n_waypoints_completed": 8, "tot_waypoints": 9}}
{"target": -503.4893260000222, "params": {"k_pid_pos": [0.5669252024866637, 0.24953947067844973, 0.0680825003915424], "k_pid_alt": [0.41320142711945707, 0.549510969485521, 0.9681700599173118], "k_pid_att": [10.82090264546408, 3.2195129791366135, 0.4365081935613728], "k_pid_yaw": [0.5, 1e-06, 0.1], "k_pid_hsp": [1.7949984719981964, 0.9915689626588663, 0.3767464226033366], "k_pid_vsp": [165.51916311181074, 22.913069937883183, 8.64257323052138]}, "datetime": {"datetime": "2025-08-13 10:57:05", "elapsed": 4153.895976066589, "delta": 51.340571880340576}, "costs": {"total_cost": 503.4893260000222, "time_cost": 116.96300000000001, "final_distance_cost": 1.786056276943082, "oscillation_cost": 242.80201851995162, "completition_cost": 0.0, "overshoot_cost": 64.79385685456951, "power_cost": 40.603385974121096, "noise_cost": 36.541008374436856, "n_waypoints_completed": 9, "tot_waypoints": 9}}
{"target": -465.9131844595757, "params": {"k_pid_pos": [1.1496921933234618, 0.14069960033536677, 0.1159746425898266], "k_pid_alt": [0.7444573185844598, 0.04983723690406183, 0.6323527912715654], "k_pid_att": [26.767023176933602, 1.2773555759032862, 0.8100770058662758], "k_pid_yaw": [0.5, 1e-06, 0.1], "k_pid_hsp": [7.102463185550246, 0.026087707223493073, 0.19310907896555463], "k_pid_vsp": [244.52552366411143, 267.2251473133154, 47.06442202009534]}, "datetime": {"datetime": "2025-08-13 10:57:47", "elapsed": 4195.304433822632, "delta": 41.40845775604248}, "costs": {"total_cost": 465.9131844595757, "time_cost": 94.458, "final_distance_cost": 1.8136563430162589, "oscillation_cost": 265.7353986694578, "completition_cost": 0.0, "overshoot_cost": 51.966384182086344, "power_cost": 27.47869716796875, "noise_cost": 24.461048097046497, "n_waypoints_completed": 9, "tot_waypoints": 9}}
{"target": -512.4264141824121, "params": {"k_pid_pos": [1.5042444996034647, 0.7814481581994295, 0.31287190573858736], "k_pid_alt": [1.4883320149609265, 0.7847066890348414, 0.13730412802236613], "k_pid_att": [58.21492020744048, 9.622308933943023, 0.4774072010944911], "k_pid_yaw": [0.5, 1e-06, 0.1], "k_pid_hsp": [8.489425207722357, 0.28396359678700156, 0.095271113553972], "k_pid_vsp": [87.94226293724643, 361.26534686706015, 46.96842985677468]}, "datetime": {"datetime": "2025-08-13 10:58:32", "elapsed": 4240.290423154831, "delta": 44.9859893321991}, "costs": {"total_cost": 512.4264141824121, "time_cost": 100.303, "final_distance_cost": 1.7856997850567842, "oscillation_cost": 300.7097444585934, "completition_cost": 0.0, "overshoot_cost": 56.67830188822563, "power_cost": 27.432424243164064, "noise_cost": 25.517243807372378, "n_waypoints_completed": 9, "tot_waypoints": 9}}
{"target": -379.43957986877746, "params": {"k_pid_pos": [1.1342023637136736, 0.5440502770808804, 0.37002117083741803], "k_pid_alt": [1.1768354680593414, 0.5316106158634547, 0.3783713887695044], "k_pid_att": [13.958211279889065, 2.311480675677358, 0.2624625706688277], "k_pid_yaw": [0.5, 1e-06, 0.1], "k_pid_hsp": [3.9562569922817765, 0.15953726364254628, 0.49213491377853724], "k_pid_vsp": [278.17146417204304, 275.3106267270621, 54.1051916280855]}, "datetime": {"datetime": "2025-08-13 10:59:08", "elapsed": 4276.570906639099, "delta": 36.28048348426819}, "costs": {"total_cost": 379.43957986877746, "time_cost": 80.801, "final_distance_cost": 1.7704815928852689, "oscillation_cost": 206.32448101958767, "completition_cost": 0.0, "overshoot_cost": 51.87135900926114, "power_cost": 19.505796838378906, "noise_cost": 19.16646140866448, "n_waypoints_completed": 9, "tot_waypoints": 9}}
{"target": -1179.548229409496, "params": {"k_pid_pos": [0.024903917314838205, 0.9809146731989751, 0.6799257453062509], "k_pid_alt": [1.4308959899210931, 0.882416096892741, 0.278503867416384], "k_pid_att": [27.627710128328296, 8.366896024251911, 0.46038656355438035], "k_pid_yaw": [0.5, 1e-06, 0.1], "k_pid_hsp": [2.0686920625717855, 0.7103356211517639, 0.8127339238710899], "k_pid_vsp": [172.56690968541352, 12.779837001574426, 9.821595637685453]}, "datetime": {"datetime": "2025-08-13 11:00:02", "elapsed": 4330.022852420807, "delta": 53.451945781707764}, "costs": {"total_cost": 1179.548229409496, "time_cost": 150, "final_distance_cost": 39.14336716644724, "oscillation_cost": 401.51117666322955, "completition_cost": 444.4444444444444, "overshoot_cost": 69.53481315839161, "power_cost": 39.161063012695315, "noise_cost": 35.75336496428762, "n_waypoints_completed": 5, "tot_waypoints": 9}}
{"target": -330.6324833175127, "params": {"k_pid_pos": [1.1798300333700324, 0.7412302943063537, 0.42844663997632315], "k_pid_alt": [0.9106596491616643, 0.8907239405403594, 0.5450336702215892], "k_pid_att": [11.795648323918096, 3.0034397003405418, 0.6052081502941609], "k_pid_yaw": [0.5, 1e-06, 0.1], "k_pid_hsp": [3.885639994387734, 0.5822292440616237, 0.11313345947380793], "k_pid_vsp": [282.84652940758383, 278.7410511685947, 52.27536362152775]}, "datetime": {"datetime": "2025-08-13 11:00:47", "elapsed": 4375.732341527939, "delta": 45.70948910713196}, "costs": {"total_cost": 330.6324833175127, "time_cost": 104.85300000000001, "final_distance_cost": 1.7623948810364176, "oscillation_cost": 112.6124702356493, "completition_cost": 0.0, "overshoot_cost": 58.2759240876187, "power_cost": 26.337766638183595, "noise_cost": 26.790927475024656, "n_waypoints_completed": 9, "tot_waypoints": 9}}
{"target": -385.3608326914551, "params": {"k_pid_pos": [1.4109049251657448, 0.6139218456361905, 0.3801901597917221], "k_pid_alt": [1.839149239643188, 0.7798611867997072, 0.8498923846620557], "k_pid_att": [10.129673514875625, 3.0067764843081357, 0.3111020458917435], "k_pid_yaw": [0.5, 1e-06, 0.1], "k_pid_hsp": [3.784612095961459, 0.29949050144653844, 0.23214832518321882], "k_pid_vsp": [295.6391261988209, 339.94359969738196, 108.08676599274604]}, "datetime": {"datetime": "2025-08-13 11:01:26", "elapsed": 4414.471339702606, "delta": 38.73899817466736}, "costs": {"total_cost": 385.3608326914551, "time_cost": 87.437, "final_distance_cost": 1.763306744494419, "oscillation_cost": 199.5747869137883, "completition_cost": 0.0, "overshoot_cost": 53.268194753940335, "power_cost": 22.42197886962891, "noise_cost": 20.895565409603112, "n_waypoints_completed": 9, "tot_waypoints": 9}}
{"target": -276.0365997715119, "params": {"k_pid_pos": [1.3539183260741983, 0.3656440396113759, 0.0927442233126855], "k_pid_alt": [0.9598775200339715, 0.00017728480656808987, 0.9715137719205783], "k_pid_att": [17.1951637737929, 3.3380671891034455, 0.9560268699211573], "k_pid_yaw": [0.5, 1e-06, 0.1], "k_pid_hsp": [0.7077507007445815, 0.5535638324512785, 0.04155045278802061], "k_pid_vsp": [163.70356717896848, 12.627018327748074, 15.291135126114055]}, "datetime": {"datetime": "2025-08-13 11:02:06", "elapsed": 4454.340121507645, "delta": 39.86878180503845}, "costs": {"total_cost": 276.0365997715119, "time_cost": 89.97800000000001, "final_distance_cost": 1.8412380525449854, "oscillation_cost": 84.86832812668325, "completition_cost": 0.0, "overshoot_cost": 54.94944638598686, "power_cost": 21.497326708984374, "noise_cost": 22.902260497312422, "n_waypoints_completed": 9, "tot_waypoints": 9}}
{"target": -318.5252837427133, "params": {"k_pid_pos": [1.9762855868338596, 0.4589250734054665, 0.15075898256478493], "k_pid_alt": [1.5386696874048051, 0.42492537067817227, 0.6661151761345553], "k_pid_att": [5.765060541734989, 3.864402107333202, 0.5987354169301703], "k_pid_yaw": [0.5, 1e-06, 0.1], "k_pid_hsp": [1.5000223704683209, 0.7283072189409909, 0.7349255391750383], "k_pid_vsp": [272.9189078489284, 278.365193219594, 39.6234992131206]}, "datetime": {"datetime": "2025-08-13 11:02:45", "elapsed": 4493.164941072464, "delta": 38.824819564819336}, "costs": {"total_cost": 318.5252837427133, "time_cost": 89.649, "final_distance_cost": 1.7548160535365165, "oscillation_cost": 114.92297604072365, "completition_cost": 0.0, "overshoot_cost": 65.08113033690765, "power_cost": 24.81103067626953, "noise_cost": 22.30633063527604, "n_waypoints_completed": 9, "tot_waypoints": 9}}
{"target": -303.48782658806067, "params": {"k_pid_pos": [2.0, 0.0, 0.03453492047261805], "k_pid_alt": [1.6389789157911914, 0.6808032869851628, 0.0], "k_pid_att": [9.645846221937434, 3.615245717772042, 0.09681478243876611], "k_pid_yaw": [0.5, 1e-06, 0.1], "k_pid_hsp": [4.295283888515841, 0.0, 0.0], "k_pid_vsp": [302.7567777746599, 336.28344374609725, 102.8564776148946]}, "datetime": {"datetime": "2025-08-13 11:03:26", "elapsed": 4534.676651239395, "delta": 41.51171016693115}, "costs": {"total_cost": 303.48782658806067, "time_cost": 92.491, "final_distance_cost": 1.7358236241856193, "oscillation_cost": 86.44986714756268, "completition_cost": 0.0, "overshoot_cost": 59.927774148352796, "power_cost": 35.6110127319336, "noise_cost": 27.27234893602602, "n_waypoints_completed": 9, "tot_waypoints": 9}}
{"target": -1259.7912409999171, "params": {"k_pid_pos": [0.17033421560302087, 0.5041238284026052, 0.44089558700844744], "k_pid_alt": [0.8131133434487039, 0.25730046260801487, 0.9668829622036336], "k_pid_att": [46.082353458032934, 9.454675524099102, 0.7555850977492363], "k_pid_yaw": [0.5, 1e-06, 0.1], "k_pid_hsp": [4.301687709148476, 0.9550094305868266, 0.20029019168497553], "k_pid_vsp": [179.46693775010627, 7.696025348320367, 3.636200180957397]}, "datetime": {"datetime": "2025-08-13 11:04:19", "elapsed": 4587.883376836777, "delta": 53.20672559738159}, "costs": {"total_cost": 1259.7912409999171, "time_cost": 150, "final_distance_cost": 55.28419603627122, "oscillation_cost": 617.561192370305, "completition_cost": 333.33333333333337, "overshoot_cost": 47.18129696535593, "power_cost": 27.485760485839844, "noise_cost": 28.94546180881188, "n_waypoints_completed": 6, "tot_waypoints": 9}}
{"target": -987.9458998027824, "params": {"k_pid_pos": [1.8388124586388255, 0.5222310989918556, 0.1518366070448246], "k_pid_alt": [0.006008115156883376, 0.10472399087907425, 0.6970310807215386], "k_pid_att": [32.74326817225941, 5.302350625743665, 0.033531147040459675], "k_pid_yaw": [0.5, 1e-06, 0.1], "k_pid_hsp": [1.1591434987370086, 0.040225825950685246, 0.0649310785097128], "k_pid_vsp": [238.02546512153074, 263.79556682097507, 56.07200552952842]}, "datetime": {"datetime": "2025-08-13 11:05:13", "elapsed": 4640.999175786972, "delta": 53.11579895019531}, "costs": {"total_cost": 987.9458998027824, "time_cost": 150, "final_distance_cost": 68.90371533310578, "oscillation_cost": 418.4444547055891, "completition_cost": 222.2222222222222, "overshoot_cost": 63.246501922098965, "power_cost": 35.1998099609375, "noise_cost": 29.929195658828817, "n_waypoints_completed": 7, "tot_waypoints": 9}}
{"target": -551.0613444574567, "params": {"k_pid_pos": [0.4797621427475412, 0.10703071704082845, 0.6663119161141234], "k_pid_alt": [1.2199125505850097, 0.5587969882468129, 0.6944475086341093], "k_pid_att": [4.762911120274782, 9.69224139675684, 0.12071085484496502], "k_pid_yaw": [0.5, 1e-06, 0.1], "k_pid_hsp": [9.382949156673046, 0.6507787656652616, 0.5651958399234193], "k_pid_vsp": [261.2360672545271, 278.5947814087805, 52.187976850332085]}, "datetime": {"datetime": "2025-08-13 11:06:01", "elapsed": 4689.265920162201, "delta": 48.26674437522888}, "costs": {"total_cost": 551.0613444574567, "time_cost": 109.732, "final_distance_cost": 1.8102466234240548, "oscillation_cost": 318.8990254224425, "completition_cost": 0.0, "overshoot_cost": 59.33959315005963, "power_cost": 31.826692541503906, "noise_cost": 29.453786720026674, "n_waypoints_completed": 9, "tot_waypoints": 9}}
{"target": -619.4050233240627, "params": {"k_pid_pos": [0.8189251777285806, 0.10148125616472292, 0.6272053753709045], "k_pid_alt": [1.476245770770696, 0.4599114562267481, 0.8180326612530018], "k_pid_att": [50.800948383991106, 6.042988231206534, 0.07294840211026088], "k_pid_yaw": [0.5, 1e-06, 0.1], "k_pid_hsp": [7.458872937431732, 0.7598159012790383, 0.3401690923501798], "k_pid_vsp": [100.93778006704217, 357.22214922264004, 46.53912639434364]}, "datetime": {"datetime": "2025-08-13 11:06:38", "elapsed": 4726.7595365047455, "delta": 37.493616342544556}, "costs": {"total_cost": 619.4050233240627, "time_cost": 86.8, "final_distance_cost": 1.785760403859221, "oscillation_cost": 434.71842818885267, "completition_cost": 0.0, "overshoot_cost": 52.58754329483401, "power_cost": 22.618184399414062, "noise_cost": 20.895107037102672, "n_waypoints_completed": 9, "tot_waypoints": 9}}
{"target": -1529.8365357258485, "params": {"k_pid_pos": [0.10139269686911254, 0.5210541250480603, 0.8395218140451477], "k_pid_alt": [0.19549517552954954, 0.4105892097558126, 0.9455399698290556], "k_pid_att": [17.71824716308008, 9.820427641141471, 0.5143040593914057], "k_pid_yaw": [0.5, 1e-06, 0.1], "k_pid_hsp": [7.3329829208863835, 0.6273862044670601, 0.4057454922274091], "k_pid_vsp": [172.41188082135014, 24.335780244285292, 8.639420289510992]}, "datetime": {"datetime": "2025-08-13 11:07:30", "elapsed": 4778.065243244171, "delta": 51.30570673942566}, "costs": {"total_cost": 1529.8365357258485, "time_cost": 150, "final_distance_cost": 89.56207190702996, "oscillation_cost": 410.0270802206831, "completition_cost": 777.7777777777778, "overshoot_cost": 40.99515386114851, "power_cost": 29.686461047363284, "noise_cost": 31.787990911845824, "n_waypoints_completed": 2, "tot_waypoints": 9}}
{"target": -448.51392068633993, "params": {"k_pid_pos": [1.698832046509615, 0.14261387935745296, 0.7129960915666232], "k_pid_alt": [1.284369195172112, 0.4640056153429791, 0.28817643090391354], "k_pid_att": [5.690157273446362, 9.98287415674312, 0.35635388491777753], "k_pid_yaw": [0.5, 1e-06, 0.1], "k_pid_hsp": [7.289539612009624, 0.31247924492379053, 0.3384928113416169], "k_pid_vsp": [169.74583071836585, 27.645811671522374, 2.3066409788484443]}, "datetime": {"datetime": "2025-08-13 11:08:10", "elapsed": 4818.16966509819, "delta": 40.104421854019165}, "costs": {"total_cost": 448.51392068633993, "time_cost": 93.177, "final_distance_cost": 1.778961131388155, "oscillation_cost": 232.56083120210704, "completition_cost": 0.0, "overshoot_cost": 58.835258232793805, "power_cost": 33.18424067382813, "noise_cost": 28.977629446222732, "n_waypoints_completed": 9, "tot_waypoints": 9}}
{"target": -551.7884347529202, "params": {"k_pid_pos": [1.932654989542618, 0.1586212164176125, 0.17539348246451103], "k_pid_alt": [0.3123704768138513, 0.16980976160293393, 0.2913507115750271], "k_pid_att": [49.40230987574221, 7.077733430221732, 0.45068496935092506], "k_pid_yaw": [0.5, 1e-06, 0.1], "k_pid_hsp": [4.457972081677339, 0.647361052387777, 0.862432166910533], "k_pid_vsp": [104.60569072571487, 360.41369119252556, 41.84347536061712]}, "datetime": {"datetime": "2025-08-13 11:08:58", "elapsed": 4866.185617685318, "delta": 48.015952587127686}, "costs": {"total_cost": 551.7884347529202, "time_cost": 105.875, "final_distance_cost": 1.738461859200759, "oscillation_cost": 318.61850895934543, "completition_cost": 0.0, "overshoot_cost": 59.1354648074624, "power_cost": 37.61857280273438, "noise_cost": 28.80242632417733, "n_waypoints_completed": 9, "tot_waypoints": 9}}
{"target": -500.537852919895, "params": {"k_pid_pos": [1.4632499480783316, 0.006104161801742225, 0.20907262093007895], "k_pid_alt": [0.32151454994846285, 0.8545868984334043, 0.8074900965105546], "k_pid_att": [11.486359309425353, 6.529708810037905, 0.467896923381971], "k_pid_yaw": [0.5, 1e-06, 0.1], "k_pid_hsp": [7.771618525511502, 0.38396317208234565, 0.9153114946967449], "k_pid_vsp": [313.27768174050317, 337.0820808463429, 103.55563604231541]}, "datetime": {"datetime": "2025-08-13 11:09:44", "elapsed": 4912.033239126205, "delta": 45.84762144088745}, "costs": {"total_cost": 500.537852919895, "time_cost": 103.768, "final_distance_cost": 1.7984717945449666, "oscillation_cost": 284.2846522317642, "completition_cost": 0.0, "overshoot_cost": 61.81644995427972, "power_cost": 25.71982332763672, "noise_cost": 23.15045561166937, "n_waypoints_completed": 9, "tot_waypoints": 9}}
{"target": -339.4840167779053, "params": {"k_pid_pos": [0.7922272722238624, 0.5921944875141156, 0.044647145445316005], "k_pid_alt": [1.4417053673456413, 0.07605370033430059, 0.6932119373392586], "k_pid_att": [12.576446276566921, 0.3379932723149657, 0.480950350811972], "k_pid_yaw": [0.5, 1e-06, 0.1], "k_pid_hsp": [0.275698661689652, 0.16910813776169042, 0.20176770253467813], "k_pid_vsp": [166.82750539638005, 10.28743314143968, 16.665937549420843]}, "datetime": {"datetime": "2025-08-13 11:10:30", "elapsed": 4958.677947998047, "delta": 46.64470887184143}, "costs": {"total_cost": 339.4840167779053, "time_cost": 107.282, "final_distance_cost": 1.7857709669499398, "oscillation_cost": 111.97812085091316, "completition_cost": 0.0, "overshoot_cost": 57.27031354785002, "power_cost": 32.33417410888672, "noise_cost": 28.833637303305487, "n_waypoints_completed": 9, "tot_waypoints": 9}}
{"target": -1322.886320426089, "params": {"k_pid_pos": [0.008531845905333244, 0.6992763734418417, 0.7996683307637147], "k_pid_alt": [0.2539674240966969, 0.8117859305437792, 0.7857171444953548], "k_pid_att": [7.8511002388855555, 0.8819387428150067, 0.8167298037341987], "k_pid_yaw": [0.5, 1e-06, 0.1], "k_pid_hsp": [4.177169676829607, 0.08416841499818495, 0.3031411396397441], "k_pid_vsp": [284.77927050499704, 283.0746870977322, 49.21835066502821]}, "datetime": {"datetime": "2025-08-13 11:11:23", "elapsed": 5011.011172533035, "delta": 52.3332245349884}, "costs": {"total_cost": 1322.886320426089, "time_cost": 150, "final_distance_cost": 64.14142684171513, "oscillation_cost": 131.8604201386204, "completition_cost": 888.8888888888888, "overshoot_cost": 34.59832286729377, "power_cost": 27.882905078125003, "noise_cost": 25.514356611445606, "n_waypoints_completed": 1, "tot_waypoints": 9}}
