{"target": -688.55165619972, "params": {"k_pid_pos": [0.5516429895199803, 0.15375531624425265, 0.06968381943877777], "k_pid_alt": [0.5863328777900698, 0.14435786776678283, 0.17696831538784408], "k_pid_att": [10.776496579414275, 1.526209116607445, 0.4153373797749683], "k_pid_yaw": [0.5, 1e-06, 0.1], "k_pid_hsp": [7.87420287265152, 0.7564741382165631, 0.265467062394807], "k_pid_vsp": [305.5183430404044, 345.43588155281344, 119.98149984426645]}, "datetime": {"datetime": "2025-08-14 00:53:46", "elapsed": 54354.54680395126, "delta": 42.40821051597595}, "costs": {"total_cost": 688.55165619972, "time_cost": 150, "final_distance_cost": 35.051142275283055, "oscillation_cost": 268.50173241472066, "completition_cost": 111.11111111111116, "overshoot_cost": 55.47591255083203, "power_cost": 38.01263658447266, "noise_cost": 30.39912126330036, "n_waypoints_completed": 8, "tot_waypoints": 9}}
{"target": -488.06104407612486, "params": {"k_pid_pos": [0.778322373453497, 0.5297429954235172, 0.8643032611817502], "k_pid_alt": [1.2988490088694498, 0.549516899931632, 0.4834767311803906], "k_pid_att": [11.872066719543827, 9.07042101533316, 0.28660016814630296], "k_pid_yaw": [0.5, 1e-06, 0.1], "k_pid_hsp": [5.405020435271527, 0.8927082181672541, 0.5008045575705803], "k_pid_vsp": [308.9189968766867, 351.3507635233182, 122.84276747141183]}, "datetime": {"datetime": "2025-08-14 00:54:21", "elapsed": 54389.34260845184, "delta": 34.795804500579834}, "costs": {"total_cost": 488.06104407612486, "time_cost": 105.532, "final_distance_cost": 1.7900096271875061, "oscillation_cost": 272.5616085861035, "completition_cost": 0.0, "overshoot_cost": 57.94606704186413, "power_cost": 25.375068395996095, "noise_cost": 24.856290424973615, "n_waypoints_completed": 9, "tot_waypoints": 9}}
{"target": -324.83159869617083, "params": {"k_pid_pos": [0.9283599445833277, 0.9321705330038915, 0.039292636275864545], "k_pid_alt": [1.5463799180177091, 0.03262926867291749, 0.5633457112117123], "k_pid_att": [12.099556750223517, 3.3946159370392364, 0.6134596567241052], "k_pid_yaw": [0.5, 1e-06, 0.1], "k_pid_hsp": [5.367064072482238, 0.22932260582667674, 0.05738808998631917], "k_pid_vsp": [279.4035993613126, 269.702029668826, 47.68957754622075]}, "datetime": {"datetime": "2025-08-14 00:54:56", "elapsed": 54424.45271348953, "delta": 35.11010503768921}, "costs": {"total_cost": 324.83159869617083, "time_cost": 110.747, "final_distance_cost": 1.735929920075585, "oscillation_cost": 82.75924102211145, "completition_cost": 0.0, "overshoot_cost": 68.556180157929, "power_cost": 32.25592414550781, "noise_cost": 28.777323450546945, "n_waypoints_completed": 9, "tot_waypoints": 9}}
{"target": -417.56395274852946, "params": {"k_pid_pos": [0.6268893004675408, 0.757155963923781, 0.0732306998719282], "k_pid_alt": [1.3280134616268537, 0.0666647132757775, 0.410540460664501], "k_pid_att": [17.967172112585605, 2.916353060860173, 0.850512001101553], "k_pid_yaw": [0.5, 1e-06, 0.1], "k_pid_hsp": [9.096881787223912, 0.10885448638857342, 0.5414195967740716], "k_pid_vsp": [300.10563005679273, 344.5082669503788, 118.80319523014181]}, "datetime": {"datetime": "2025-08-14 00:55:34", "elapsed": 54462.4849627018, "delta": 38.032249212265015}, "costs": {"total_cost": 417.56395274852946, "time_cost": 108.143, "final_distance_cost": 1.7420268570922395, "oscillation_cost": 194.0815467676917, "completition_cost": 0.0, "overshoot_cost": 55.60201375309503, "power_cost": 31.125535278320314, "noise_cost": 26.869830092330147, "n_waypoints_completed": 9, "tot_waypoints": 9}}
{"target": -525.8892180348598, "params": {"k_pid_pos": [0.352264755219859, 0.2580430671408426, 0.7285784959345734], "k_pid_alt": [1.9700766739573403, 0.006562652356784882, 0.4225610106662645], "k_pid_att": [7.252122877696543, 1.0571163472037328, 0.04109144225654615], "k_pid_yaw": [0.5, 1e-06, 0.1], "k_pid_hsp": [7.488854463285377, 0.02240557706352564, 0.22959182965825453], "k_pid_vsp": [191.22419457819905, 315.35328797594707, 16.074086555196203]}, "datetime": {"datetime": "2025-08-14 00:56:09", "elapsed": 54497.95237660408, "delta": 35.467413902282715}, "costs": {"total_cost": 525.8892180348598, "time_cost": 95.13, "final_distance_cost": 1.833550224030435, "oscillation_cost": 311.1680479980534, "completition_cost": 0.0, "overshoot_cost": 57.05731279746482, "power_cost": 29.74400936279297, "noise_cost": 30.956297652518206, "n_waypoints_completed": 9, "tot_waypoints": 9}}
{"target": -1386.4538151025818, "params": {"k_pid_pos": [0.47028000582763196, 0.7046813163751995, 0.18039183753767052], "k_pid_alt": [0.05516565008863994, 0.6169472907514602, 0.31817343733704984], "k_pid_att": [5.469884158505122, 0.6583320639264144, 0.6992914010466967], "k_pid_yaw": [0.5, 1e-06, 0.1], "k_pid_hsp": [5.970344585254187, 0.2207336085880809, 0.9460721822478884], "k_pid_vsp": [268.60220992882995, 266.19552384611865, 40.5770995659178]}, "datetime": {"datetime": "2025-08-14 00:56:52", "elapsed": 54540.873405218124, "delta": 42.92102861404419}, "costs": {"total_cost": 1386.4538151025818, "time_cost": 150, "final_distance_cost": 62.95529620505806, "oscillation_cost": 176.89936274414407, "completition_cost": 888.8888888888888, "overshoot_cost": 42.118231460270664, "power_cost": 35.68606872558594, "noise_cost": 29.905967078634074, "n_waypoints_completed": 1, "tot_waypoints": 9}}
{"target": -341.38078298476887, "params": {"k_pid_pos": [0.9131763716978192, 0.391828284342263, 0.24899417581128835], "k_pid_alt": [1.7173653590714757, 0.47095773801773166, 0.6975978594988499], "k_pid_att": [15.184876209344477, 3.1066419396758587, 0.969065649527074], "k_pid_yaw": [0.5, 1e-06, 0.1], "k_pid_hsp": [8.494366431317282, 0.7052595089108523, 0.25122358305531856], "k_pid_vsp": [292.11852388612226, 344.0409544597088, 107.49086531173361]}, "datetime": {"datetime": "2025-08-14 00:57:23", "elapsed": 54571.252177000046, "delta": 30.378771781921387}, "costs": {"total_cost": 341.38078298476887, "time_cost": 87.68900000000001, "final_distance_cost": 1.7694054875194958, "oscillation_cost": 153.10454831616877, "completition_cost": 0.0, "overshoot_cost": 52.437626771092546, "power_cost": 24.60210797119141, "noise_cost": 21.77809443879666, "n_waypoints_completed": 9, "tot_waypoints": 9}}
{"target": -1158.3171943269308, "params": {"k_pid_pos": [0.4066091139711903, 0.8747041146866092, 0.6310550371426321], "k_pid_alt": [0.9119268047320312, 0.9794938670837627, 0.8708835914004953], "k_pid_att": [44.06439742693519, 3.3054465396985018, 0.24866851367784493], "k_pid_yaw": [0.5, 1e-06, 0.1], "k_pid_hsp": [8.785389416714931, 0.9216878331509892, 0.35274827749688786], "k_pid_vsp": [221.4329851951339, 280.3087466083144, 42.381369174682256]}, "datetime": {"datetime": "2025-08-14 00:58:05", "elapsed": 54613.24818754196, "delta": 41.996010541915894}, "costs": {"total_cost": 1158.3171943269308, "time_cost": 150, "final_distance_cost": 73.26322456077851, "oscillation_cost": 489.7288568002189, "completition_cost": 333.33333333333337, "overshoot_cost": 49.269049182741455, "power_cost": 33.151424951171876, "noise_cost": 29.571305498686534, "n_waypoints_completed": 6, "tot_waypoints": 9}}
{"target": -486.6830242012552, "params": {"k_pid_pos": [1.4337016483139338, 0.9493273037598977, 0.9466831721547955], "k_pid_alt": [1.3870280784204905, 0.19727964652560137, 0.22538295042734358], "k_pid_att": [14.843743359655415, 0.500437033072674, 0.3415755379602968], "k_pid_yaw": [0.5, 1e-06, 0.1], "k_pid_hsp": [9.90155875813475, 0.6460657390795197, 0.3100829889033394], "k_pid_vsp": [260.0597622101577, 278.44130014050035, 47.33089015300331]}, "datetime": {"datetime": "2025-08-14 00:58:42", "elapsed": 54650.06778359413, "delta": 36.8195960521698}, "costs": {"total_cost": 486.6830242012552, "time_cost": 100.947, "final_distance_cost": 1.7321641497476952, "oscillation_cost": 279.3017916382862, "completition_cost": 0.0, "overshoot_cost": 52.0676603106799, "power_cost": 27.511923083496097, "noise_cost": 25.122485019045286, "n_waypoints_completed": 9, "tot_waypoints": 9}}
{"target": -1039.2298343027292, "params": {"k_pid_pos": [1.654427098208638, 0.9991209726959056, 0.898428648366005], "k_pid_alt": [0.2442233861793961, 0.8854318194473814, 0.03740416843872907], "k_pid_att": [8.581331333783504, 4.398490722116348, 0.3978705742655023], "k_pid_yaw": [0.5, 1e-06, 0.1], "k_pid_hsp": [3.0093674248253723, 0.9765237519121867, 0.6890763825827125], "k_pid_vsp": [309.3798326555395, 341.682228744729, 110.26618623799823]}, "datetime": {"datetime": "2025-08-14 00:59:20", "elapsed": 54688.479273080826, "delta": 38.411489486694336}, "costs": {"total_cost": 1039.2298343027292, "time_cost": 150, "final_distance_cost": 61.14932856183051, "oscillation_cost": 257.24188181817675, "completition_cost": 444.4444444444444, "overshoot_cost": 62.88779853550336, "power_cost": 33.665369787597655, "noise_cost": 29.84101115517635, "n_waypoints_completed": 5, "tot_waypoints": 9}}
{"target": -590.7303182808993, "params": {"k_pid_pos": [0.8351398581539435, 0.7584804093683203, 0.6935962420281913], "k_pid_alt": [1.733621814685762, 0.8418632101012515, 0.010876171543703461], "k_pid_att": [47.736922702228135, 1.4528030181954437, 0.6789304355969911], "k_pid_yaw": [0.5, 1e-06, 0.1], "k_pid_hsp": [6.883913932340312, 0.3920853371406817, 0.10022294071876059], "k_pid_vsp": [92.84715807207004, 368.47969415944806, 52.09710683660224]}, "datetime": {"datetime": "2025-08-14 01:00:00", "elapsed": 54728.46018099785, "delta": 39.980907917022705}, "costs": {"total_cost": 590.7303182808993, "time_cost": 106.554, "final_distance_cost": 1.7506843221860346, "oscillation_cost": 370.4730372268145, "completition_cost": 0.0, "overshoot_cost": 58.22082829399004, "power_cost": 27.521350683593752, "noise_cost": 26.210417754315, "n_waypoints_completed": 9, "tot_waypoints": 9}}
{"target": -566.0631258018161, "params": {"k_pid_pos": [1.005765970933338, 0.5042704806075761, 0.522956144113329], "k_pid_alt": [0.9191238760892722, 0.5740803856136252, 0.9887931290553907], "k_pid_att": [21.46684937764335, 7.400525512165111, 0.8233512629034233], "k_pid_yaw": [0.5, 1e-06, 0.1], "k_pid_hsp": [2.2316179006793107, 0.7189845148653309, 0.30657854527677775], "k_pid_vsp": [300.41512982101347, 324.992160237999, 92.16180598711378]}, "datetime": {"datetime": "2025-08-14 01:00:46", "elapsed": 54774.060984134674, "delta": 45.60080313682556}, "costs": {"total_cost": 566.0631258018161, "time_cost": 105.063, "final_distance_cost": 1.7747110741095147, "oscillation_cost": 339.46764673159026, "completition_cost": 0.0, "overshoot_cost": 57.07378110233139, "power_cost": 33.71168996582031, "noise_cost": 28.97229692796461, "n_waypoints_completed": 9, "tot_waypoints": 9}}
{"target": -721.3132843984338, "params": {"k_pid_pos": [0.5741257983193294, 0.2012151761050056, 0.30144279614316405], "k_pid_alt": [0.6626493220118272, 0.9013819844263259, 0.3365522158087947], "k_pid_att": [8.557208147899598, 0.6279719161457742, 0.7035607798778423], "k_pid_yaw": [0.5, 1e-06, 0.1], "k_pid_hsp": [9.629803273554499, 0.4157171891992508, 0.47369580386859667], "k_pid_vsp": [249.63112181512125, 290.16402147576355, 54.004308402366114]}, "datetime": {"datetime": "2025-08-14 01:01:29", "elapsed": 54817.787860155106, "delta": 43.72687602043152}, "costs": {"total_cost": 721.3132843984338, "time_cost": 150, "final_distance_cost": 66.7211215116303, "oscillation_cost": 174.7629487736411, "completition_cost": 222.2222222222222, "overshoot_cost": 55.42096454551642, "power_cost": 26.06017858886719, "noise_cost": 26.12584875655661, "n_waypoints_completed": 7, "tot_waypoints": 9}}
{"target": -631.1669731306375, "params": {"k_pid_pos": [1.1936843238421335, 0.7172253673263629, 0.32358161803121044], "k_pid_alt": [1.583574073412921, 0.48403018259676556, 0.41069927983311694], "k_pid_att": [11.138064209427057, 0.033087512440953155, 0.3936889098562417], "k_pid_yaw": [0.5, 1e-06, 0.1], "k_pid_hsp": [1.3339194699075887, 0.28833465796661595, 0.6701338694302826], "k_pid_vsp": [200.8734238356499, 320.60263713794785, 21.439543626224744]}, "datetime": {"datetime": "2025-08-14 01:02:15", "elapsed": 54863.55119562149, "delta": 45.76333546638489}, "costs": {"total_cost": 631.1669731306375, "time_cost": 150, "final_distance_cost": 68.32574433589711, "oscillation_cost": 175.40324139459227, "completition_cost": 111.11111111111116, "overshoot_cost": 62.22635842784946, "power_cost": 33.804631225585936, "noise_cost": 30.29588663560159, "n_waypoints_completed": 8, "tot_waypoints": 9}}
{"target": -1178.716198723268, "params": {"k_pid_pos": [0.6922080265659737, 0.3391068329613196, 0.33805669696164375], "k_pid_alt": [0.49523588813523034, 0.5168014779039924, 0.7121581742711505], "k_pid_att": [24.58028276279456, 8.781894544262967, 0.02982702718043795], "k_pid_yaw": [0.5, 1e-06, 0.1], "k_pid_hsp": [4.7042584151138085, 0.014147074486061006, 0.11645779127169376], "k_pid_vsp": [299.6388785291687, 321.8073780836768, 74.10456563549181]}, "datetime": {"datetime": "2025-08-14 01:02:57", "elapsed": 54905.01967334747, "delta": 41.468477725982666}, "costs": {"total_cost": 1178.716198723268, "time_cost": 150, "final_distance_cost": 65.53805747261403, "oscillation_cost": 602.6884953208282, "completition_cost": 222.2222222222222, "overshoot_cost": 57.24593225724116, "power_cost": 45.4829027709961, "noise_cost": 35.53858867936622, "n_waypoints_completed": 7, "tot_waypoints": 9}}
{"target": -479.1278481012189, "params": {"k_pid_pos": [1.8230448761745537, 0.8616460252073517, 0.869488857843913], "k_pid_alt": [0.2917193280519945, 0.38925177187066173, 0.3675946978474194], "k_pid_att": [13.656538094869852, 0.8415005338416944, 0.2737369471561797], "k_pid_yaw": [0.5, 1e-06, 0.1], "k_pid_hsp": [6.925833482907514, 0.9747225322914002, 0.15443754109683283], "k_pid_vsp": [296.4175290618553, 347.628391283289, 120.20331270123285]}, "datetime": {"datetime": "2025-08-14 01:03:40", "elapsed": 54948.90910458565, "delta": 43.88943123817444}, "costs": {"total_cost": 479.1278481012189, "time_cost": 103.495, "final_distance_cost": 1.7630272945672474, "oscillation_cost": 261.26241731524556, "completition_cost": 0.0, "overshoot_cost": 58.97557466072827, "power_cost": 26.946109765625, "noise_cost": 26.685719065052794, "n_waypoints_completed": 9, "tot_waypoints": 9}}
{"target": -838.2343387986999, "params": {"k_pid_pos": [0.7558150828496091, 0.63020813412228, 0.2734288466581162], "k_pid_alt": [1.3716913161335502, 0.29370149046453164, 0.9830483829084854], "k_pid_att": [15.883092329853444, 1.1295588519795075, 0.05615627062066575], "k_pid_yaw": [0.5, 1e-06, 0.1], "k_pid_hsp": [7.610513357490337, 0.6476749518030911, 0.7443629780576678], "k_pid_vsp": [204.0638625545103, 303.18623596019313, 22.894573048613836]}, "datetime": {"datetime": "2025-08-14 01:04:26", "elapsed": 54994.64905714989, "delta": 45.7399525642395}, "costs": {"total_cost": 838.2343387986999, "time_cost": 150, "final_distance_cost": 13.362621531544356, "oscillation_cost": 441.19750628114167, "completition_cost": 111.11111111111116, "overshoot_cost": 57.546218168413155, "power_cost": 34.07627475585938, "noise_cost": 30.940606950630198, "n_waypoints_completed": 8, "tot_waypoints": 9}}
{"target": -3216.172960986216, "params": {"k_pid_pos": [0.001684631685753128, 0.6492756331619012, 0.467722175720265], "k_pid_alt": [0.18434887452592585, 0.20788195040401847, 0.5164405402620244], "k_pid_att": [0.5660256329427904, 9.206206722999221, 0.1522437988242875], "k_pid_yaw": [0.5, 1e-06, 0.1], "k_pid_hsp": [7.496787636020011, 0.24821560514848307, 0.028471560906161875], "k_pid_vsp": [238.3298230765893, 286.6685519832718, 62.74979039630995]}, "datetime": {"datetime": "2025-08-14 01:05:10", "elapsed": 55038.473784446716, "delta": 43.824727296829224}, "costs": {"total_cost": 3216.172960986216, "time_cost": 150, "final_distance_cost": 199.93089596546076, "oscillation_cost": 1007.7044017227937, "completition_cost": 1000.0, "overshoot_cost": 645.3028777695365, "power_cost": 55.15793933105469, "noise_cost": 158.07684619737026, "n_waypoints_completed": 0, "tot_waypoints": 9}}
{"target": -352.02620325089947, "params": {"k_pid_pos": [0.5187088852320234, 0.4086080282253407, 0.44642271910827824], "k_pid_alt": [1.2224809356504733, 0.7800138403850007, 0.2005520864966014], "k_pid_att": [27.026527477868733, 3.434444408574676, 0.9551719145695361], "k_pid_yaw": [0.5, 1e-06, 0.1], "k_pid_hsp": [5.172461509301906, 0.511640715421389, 0.06558777904721835], "k_pid_vsp": [265.37839006827573, 336.01378799458837, 99.50508886097505]}, "datetime": {"datetime": "2025-08-14 01:05:50", "elapsed": 55078.53671836853, "delta": 40.062933921813965}, "costs": {"total_cost": 352.02620325089947, "time_cost": 109.382, "final_distance_cost": 1.7784566281950989, "oscillation_cost": 130.43701724195145, "completition_cost": 0.0, "overshoot_cost": 58.45921018800017, "power_cost": 26.001323315429687, "noise_cost": 25.968195877323055, "n_waypoints_completed": 9, "tot_waypoints": 9}}
{"target": -554.7429730522637, "params": {"k_pid_pos": [0.999576144100912, 0.921057443234139, 0.5738306068586233], "k_pid_alt": [1.7220386481415315, 0.36611757190731964, 0.26636865012493094], "k_pid_att": [71.33910969311181, 8.975628820875999, 0.8319910935793745], "k_pid_yaw": [0.5, 1e-06, 0.1], "k_pid_hsp": [3.48291979790699, 0.9568248535589083, 0.36081001166763127], "k_pid_vsp": [72.01017808394158, 345.9218261512624, 56.10929704550005]}, "datetime": {"datetime": "2025-08-14 01:06:28", "elapsed": 55116.39149570465, "delta": 37.854777336120605}, "costs": {"total_cost": 554.7429730522637, "time_cost": 118.342, "final_distance_cost": 1.7774264240803963, "oscillation_cost": 302.4124186535046, "completition_cost": 0.0, "overshoot_cost": 64.41736048097997, "power_cost": 37.93657742919922, "noise_cost": 29.85719006449944, "n_waypoints_completed": 9, "tot_waypoints": 9}}
{"target": -679.7664586152104, "params": {"k_pid_pos": [0.4340821704011057, 0.8977127032507434, 0.4525985644778865], "k_pid_alt": [0.8627924382462684, 0.20203459289094716, 0.1552954136103022], "k_pid_att": [6.47790836499661, 7.369908348883796, 0.8511296734129682], "k_pid_yaw": [0.5, 1e-06, 0.1], "k_pid_hsp": [2.6969831360783916, 0.3128460652314341, 0.27465582376683095], "k_pid_vsp": [169.18857848046392, 3.3196710831994083, 33.510643602383745]}, "datetime": {"datetime": "2025-08-14 01:07:10", "elapsed": 55158.51845526695, "delta": 42.126959562301636}, "costs": {"total_cost": 679.7664586152104, "time_cost": 150, "final_distance_cost": 59.659632688929314, "oscillation_cost": 137.00802768530036, "completition_cost": 222.2222222222222, "overshoot_cost": 49.740585027128795, "power_cost": 32.88300339355469, "noise_cost": 28.252987598075066, "n_waypoints_completed": 7, "tot_waypoints": 9}}
{"target": -772.076932399675, "params": {"k_pid_pos": [1.7716385940015487, 0.6698972282341807, 0.31417404638461144], "k_pid_alt": [1.501947387614098, 0.5471430287968494, 0.5709286786259798], "k_pid_att": [9.754605936525696, 4.413664903367553, 0.2103217207764696], "k_pid_yaw": [0.5, 1e-06, 0.1], "k_pid_hsp": [1.727833124956497, 0.1837297514045929, 0.9353283293590897], "k_pid_vsp": [172.74338961194005, 14.711680241589562, 25.56555089445543]}, "datetime": {"datetime": "2025-08-14 01:07:49", "elapsed": 55197.86982655525, "delta": 39.35137128829956}, "costs": {"total_cost": 772.076932399675, "time_cost": 150, "final_distance_cost": 61.38673571185438, "oscillation_cost": 311.7244277391363, "completition_cost": 111.11111111111116, "overshoot_cost": 63.122862916804614, "power_cost": 40.94990155029297, "noise_cost": 33.781893370475515, "n_waypoints_completed": 8, "tot_waypoints": 9}}
{"target": -411.31958623528925, "params": {"k_pid_pos": [1.7146458057270184, 0.06652163529946353, 0.15650100123104338], "k_pid_alt": [0.9760725282573581, 0.8884826003922763, 0.14374996221005532], "k_pid_att": [10.642378743185699, 2.3870753231596633, 0.8230859906639558], "k_pid_yaw": [0.5, 1e-06, 0.1], "k_pid_hsp": [5.4439555957164565, 0.45153798777591836, 0.8403600221101756], "k_pid_vsp": [160.157489240345, 21.889786104085243, 8.123209907459744]}, "datetime": {"datetime": "2025-08-14 01:08:25", "elapsed": 55233.5813536644, "delta": 35.71152710914612}, "costs": {"total_cost": 411.31958623528925, "time_cost": 104.748, "final_distance_cost": 1.7636882326388255, "oscillation_cost": 192.02551643938358, "completition_cost": 0.0, "overshoot_cost": 62.42101070129066, "power_cost": 21.14275349121094, "noise_cost": 29.218617370765212, "n_waypoints_completed": 9, "tot_waypoints": 9}}
{"target": -1260.5901894365961, "params": {"k_pid_pos": [0.10041272485788637, 0.049799351112483126, 0.4852137969737964], "k_pid_alt": [1.8234919656606687, 0.46732450163133565, 0.25884452382963885], "k_pid_att": [7.6701827621437735, 5.5622332482775, 0.12426764969525572], "k_pid_yaw": [0.5, 1e-06, 0.1], "k_pid_hsp": [6.9768733501076525, 0.5859566212140138, 0.25172696177572274], "k_pid_vsp": [277.6812478614843, 334.92473895907557, 112.19391440032909]}, "datetime": {"datetime": "2025-08-14 01:09:05", "elapsed": 55273.844598293304, "delta": 40.26324462890625}, "costs": {"total_cost": 1260.5901894365961, "time_cost": 150, "final_distance_cost": 51.825835959727115, "oscillation_cost": 389.3614274162823, "completition_cost": 555.5555555555555, "overshoot_cost": 66.98830029132664, "power_cost": 22.51233201904297, "noise_cost": 24.34673819466134, "n_waypoints_completed": 4, "tot_waypoints": 9}}
