{"target": -388.28071880982253, "params": {"k_pid_pos": [0.9615128329169995, 0.3316619816056722, 0.2842287857947184], "k_pid_alt": [1.6604256921083556, 0.3168701831334515, 0.6059883992264185], "k_pid_att": [9.536659608400894, 4.588795621806383, 0.5206497602179162], "k_pid_yaw": [0.5, 1e-06, 0.1], "k_pid_hsp": [6.721650174960764, 0.4708100308595485, 0.4137727081180884], "k_pid_vsp": [308.27599327451395, 344.76598337603735, 111.47066505951024]}, "datetime": {"datetime": "2025-08-13 14:30:10", "elapsed": 16938.78316760063, "delta": 24.915719509124756}, "costs": {"total_cost": 388.28071880982253, "time_cost": 94.815, "final_distance_cost": 1.762131839624653, "oscillation_cost": 195.85377938574254, "completition_cost": 0.0, "overshoot_cost": 52.833337094303154, "power_cost": 21.918996166992187, "noise_cost": 21.097474323159997, "n_waypoints_completed": 9, "tot_waypoints": 9}}
{"target": -766.1742036440811, "params": {"k_pid_pos": [1.9100080192708575, 0.8160883216494162, 0.14655590337485558], "k_pid_alt": [0.6766956119145899, 0.9449265660038666, 0.017685373652586822], "k_pid_att": [14.357890948511665, 4.12417535521331, 0.6692233619134219], "k_pid_yaw": [0.5, 1e-06, 0.1], "k_pid_hsp": [8.47876957053676, 0.8988066180051085, 0.5654024409128717], "k_pid_vsp": [182.44108956764165, 14.913541117174953, 14.538218797226463]}, "datetime": {"datetime": "2025-08-13 14:30:42", "elapsed": 16970.32888031006, "delta": 31.54571270942688}, "costs": {"total_cost": 766.1742036440811, "time_cost": 150, "final_distance_cost": 77.40527023608, "oscillation_cost": 181.14485433102254, "completition_cost": 222.2222222222222, "overshoot_cost": 61.73196558071435, "power_cost": 38.85186790771485, "noise_cost": 34.81802336632709, "n_waypoints_completed": 7, "tot_waypoints": 9}}
{"target": -446.51358520322503, "params": {"k_pid_pos": [1.4717267956971989, 0.8057520296155762, 0.7011870503234674], "k_pid_alt": [0.9841882204761272, 0.7585241718594905, 0.994809849903575], "k_pid_att": [19.930234597518748, 6.610515827628235, 0.8302911263220825], "k_pid_yaw": [0.5, 1e-06, 0.1], "k_pid_hsp": [5.518676443886922, 0.8529490566939244, 0.939439928870083], "k_pid_vsp": [162.16118316125085, 3.4284704629816907, 26.466867514518057]}, "datetime": {"datetime": "2025-08-13 14:31:13", "elapsed": 17000.970628023148, "delta": 30.64174771308899}, "costs": {"total_cost": 446.51358520322503, "time_cost": 101.437, "final_distance_cost": 1.730322065824266, "oscillation_cost": 231.10494570765255, "completition_cost": 0.0, "overshoot_cost": 60.6456817916995, "power_cost": 25.73203427734375, "noise_cost": 25.86360136070497, "n_waypoints_completed": 9, "tot_waypoints": 9}}
{"target": -801.2899392591244, "params": {"k_pid_pos": [1.4140360919147386, 0.2832694480382685, 0.7269064347602178], "k_pid_alt": [1.1175520730425346, 0.8357672208209547, 0.11541897656534494], "k_pid_att": [53.59484414219619, 1.4276097967291803, 0.13628888352172497], "k_pid_yaw": [0.5, 1e-06, 0.1], "k_pid_hsp": [3.0967651435418375, 0.8865419590009063, 0.7036564043125244], "k_pid_vsp": [89.06798354622171, 354.21437488885607, 44.49913007635184]}, "datetime": {"datetime": "2025-08-13 14:31:49", "elapsed": 17037.0868973732, "delta": 36.11626935005188}, "costs": {"total_cost": 801.2899392591244, "time_cost": 150, "final_distance_cost": 58.16192733618372, "oscillation_cost": 349.74063926708675, "completition_cost": 111.11111111111116, "overshoot_cost": 68.20047285306008, "power_cost": 34.753586926269534, "noise_cost": 29.32220176541299, "n_waypoints_completed": 8, "tot_waypoints": 9}}
{"target": -927.08233799103, "params": {"k_pid_pos": [1.8651685426507472, 0.11307083358411951, 0.8199247046510593], "k_pid_alt": [0.03739312933496697, 0.09731814266911798, 0.5573358051448037], "k_pid_att": [25.300098508145897, 4.517450488816169, 0.6611487095494916], "k_pid_yaw": [0.5, 1e-06, 0.1], "k_pid_hsp": [2.32876596294436, 0.44410896818139967, 0.6059043969570123], "k_pid_vsp": [169.97901574451052, 48.279165684543855, 1.3303866317505388]}, "datetime": {"datetime": "2025-08-13 14:32:20", "elapsed": 17068.674857139587, "delta": 31.58795976638794}, "costs": {"total_cost": 927.08233799103, "time_cost": 150, "final_distance_cost": 56.56745346874343, "oscillation_cost": 494.0942825232864, "completition_cost": 111.11111111111116, "overshoot_cost": 61.468112518530695, "power_cost": 23.794242089843753, "noise_cost": 30.047136279514604, "n_waypoints_completed": 8, "tot_waypoints": 9}}
{"target": -1435.1964382294977, "params": {"k_pid_pos": [1.8775953482042964, 0.23858403709763176, 0.19146907471681762], "k_pid_alt": [0.3554766086171919, 0.5510677286110042, 0.9319145525676428], "k_pid_att": [77.27790841056044, 2.9160555189270045, 0.44855250912511124], "k_pid_yaw": [0.5, 1e-06, 0.1], "k_pid_hsp": [0.9622403219353526, 0.36660239553124263, 0.4567270214772069], "k_pid_vsp": [368.7024991908598, 374.37699995620505, 365.8848116388145]}, "datetime": {"datetime": "2025-08-13 14:32:52", "elapsed": 17100.4296066761, "delta": 31.754749536514282}, "costs": {"total_cost": 1435.1964382294977, "time_cost": 150, "final_distance_cost": 45.942107057743364, "oscillation_cost": 241.02398775571416, "completition_cost": 888.8888888888888, "overshoot_cost": 39.32037693651428, "power_cost": 40.048727551269536, "noise_cost": 29.972350039367566, "n_waypoints_completed": 1, "tot_waypoints": 9}}
{"target": -718.7913279146092, "params": {"k_pid_pos": [0.31731372445079614, 0.7267037848638199, 0.5421368433842947], "k_pid_alt": [1.321537910188946, 0.4401325922355195, 0.8148151560786014], "k_pid_att": [9.896836087146399, 5.561487167203064, 0.8676533651650972], "k_pid_yaw": [0.5, 1e-06, 0.1], "k_pid_hsp": [6.00557165040463, 0.900178564682955, 0.667250913017279], "k_pid_vsp": [298.8991881305638, 330.6213685809613, 93.46109659004212]}, "datetime": {"datetime": "2025-08-13 14:33:23", "elapsed": 17131.593072652817, "delta": 31.163465976715088}, "costs": {"total_cost": 718.7913279146092, "time_cost": 150, "final_distance_cost": 63.38031285294298, "oscillation_cost": 181.83961157723596, "completition_cost": 222.2222222222222, "overshoot_cost": 49.7891095955963, "power_cost": 26.543556884765625, "noise_cost": 25.01651478184612, "n_waypoints_completed": 7, "tot_waypoints": 9}}
{"target": -1530.8328800412232, "params": {"k_pid_pos": [0.12267326348379931, 0.16718508786842046, 0.9857267418654334], "k_pid_alt": [0.41035529306308516, 0.8955174297441537, 0.3290092504408618], "k_pid_att": [23.15554233264192, 4.578078202935133, 0.5079044571995607], "k_pid_yaw": [0.5, 1e-06, 0.1], "k_pid_hsp": [9.005486231903117, 0.8006740629206385, 0.5455875328317846], "k_pid_vsp": [171.07408737456802, 12.095052880010082, 14.87395504933575]}, "datetime": {"datetime": "2025-08-13 14:33:55", "elapsed": 17163.705134630203, "delta": 32.112061977386475}, "costs": {"total_cost": 1530.8328800412232, "time_cost": 150, "final_distance_cost": 58.06236401732554, "oscillation_cost": 529.2823640023183, "completition_cost": 666.6666666666667, "overshoot_cost": 65.14006856500215, "power_cost": 32.87810211181641, "noise_cost": 28.803314678094083, "n_waypoints_completed": 3, "tot_waypoints": 9}}
{"target": -494.92842144456046, "params": {"k_pid_pos": [0.6822122688231091, 0.6578271647576857, 0.04846021936255285], "k_pid_alt": [1.1650604482784714, 0.9603965392417909, 0.9588552423551973], "k_pid_att": [20.30417757121361, 7.675651599496845, 0.41701389445942594], "k_pid_yaw": [0.5, 1e-06, 0.1], "k_pid_hsp": [5.804266183862851, 0.3908662019393756, 0.42108623060861894], "k_pid_vsp": [269.70712440390076, 272.6363185371144, 60.66011712284745]}, "datetime": {"datetime": "2025-08-13 14:34:24", "elapsed": 17192.259380817413, "delta": 28.554246187210083}, "costs": {"total_cost": 494.92842144456046, "time_cost": 109.802, "final_distance_cost": 1.7698902016340377, "oscillation_cost": 262.13586769228584, "completition_cost": 0.0, "overshoot_cost": 64.37182107551254, "power_cost": 29.17145993652344, "noise_cost": 27.677382538604604, "n_waypoints_completed": 9, "tot_waypoints": 9}}
{"target": -540.1552283426611, "params": {"k_pid_pos": [1.2241860826575177, 0.46110520933710775, 0.4489810029845053], "k_pid_alt": [0.29650672935350264, 0.8220699765980639, 0.39032700764925754], "k_pid_att": [11.777876561366362, 9.66279278800388, 0.5870563537377589], "k_pid_yaw": [0.5, 1e-06, 0.1], "k_pid_hsp": [7.558869188808994, 0.8523271788730419, 0.7923377103648392], "k_pid_vsp": [293.44601677596677, 272.0449998324789, 61.56194106441135]}, "datetime": {"datetime": "2025-08-13 14:34:55", "elapsed": 17222.973221302032, "delta": 30.71384048461914}, "costs": {"total_cost": 540.1552283426611, "time_cost": 118.33500000000001, "final_distance_cost": 1.7419894556528819, "oscillation_cost": 299.18211715807416, "completition_cost": 0.0, "overshoot_cost": 66.53357683197446, "power_cost": 26.65563328857422, "noise_cost": 27.70691160838535, "n_waypoints_completed": 9, "tot_waypoints": 9}}
{"target": -455.5739963622709, "params": {"k_pid_pos": [1.7796577526545632, 0.19846004187020105, 0.05293474675614418], "k_pid_alt": [0.8448660284654941, 0.442850892009248, 0.7399185212125121], "k_pid_att": [58.44929246525915, 2.128274918224317, 0.2821164111187143], "k_pid_yaw": [0.5, 1e-06, 0.1], "k_pid_hsp": [7.433262861065239, 0.4415608275252759, 0.06754410058775673], "k_pid_vsp": [78.9701382901002, 361.6559841631466, 45.60712994629483]}, "datetime": {"datetime": "2025-08-13 14:35:17", "elapsed": 17245.802612304688, "delta": 22.82939100265503}, "costs": {"total_cost": 455.5739963622709, "time_cost": 84.364, "final_distance_cost": 1.7783271225989197, "oscillation_cost": 275.0880835580381, "completition_cost": 0.0, "overshoot_cost": 51.862649572810426, "power_cost": 22.31015037841797, "noise_cost": 20.170785730405512, "n_waypoints_completed": 9, "tot_waypoints": 9}}
{"target": -478.59383745024826, "params": {"k_pid_pos": [1.5105484057547098, 0.9352354314500521, 0.16513013253660913], "k_pid_alt": [0.5502183441418087, 0.5770951636362324, 0.4048849265937168], "k_pid_att": [7.45305194825635, 6.328164644776146, 0.12273498283770423], "k_pid_yaw": [0.5, 1e-06, 0.1], "k_pid_hsp": [6.337655355659358, 0.3116205921046976, 0.5262816784129785], "k_pid_vsp": [181.11703086391984, 24.73225122277719, 11.503225410507463]}, "datetime": {"datetime": "2025-08-13 14:35:47", "elapsed": 17275.83579325676, "delta": 30.033180952072144}, "costs": {"total_cost": 478.59383745024826, "time_cost": 114.653, "final_distance_cost": 1.792900495207412, "oscillation_cost": 218.19835386749247, "completition_cost": 0.0, "overshoot_cost": 65.42507455255611, "power_cost": 40.74006568603516, "noise_cost": 37.78444284895712, "n_waypoints_completed": 9, "tot_waypoints": 9}}
{"target": -725.0793540339826, "params": {"k_pid_pos": [1.3287217613310045, 0.3833336545628524, 0.2441151537922892], "k_pid_alt": [0.9930452397603278, 0.8748043137406207, 0.5709089095252448], "k_pid_att": [2.9057202891234146, 8.738015326042163, 0.25722635818752715], "k_pid_yaw": [0.5, 1e-06, 0.1], "k_pid_hsp": [4.729907484399884, 0.6291477579757688, 0.477745183384528], "k_pid_vsp": [259.3338837211542, 285.16529458345406, 50.69736607797389]}, "datetime": {"datetime": "2025-08-13 14:36:18", "elapsed": 17306.895026922226, "delta": 31.05923366546631}, "costs": {"total_cost": 725.0793540339826, "time_cost": 150, "final_distance_cost": 2.7776265447249697, "oscillation_cost": 333.30400654890906, "completition_cost": 111.11111111111116, "overshoot_cost": 66.88344683398584, "power_cost": 31.65742781982422, "noise_cost": 29.345735175427293, "n_waypoints_completed": 8, "tot_waypoints": 9}}
{"target": -498.98510814531335, "params": {"k_pid_pos": [1.7606504814465302, 0.7084946209195073, 0.8371150325189165], "k_pid_alt": [0.9260103414024039, 0.4801435919099679, 0.7454497059545614], "k_pid_att": [39.2991495417055, 5.949097391856301, 0.8950222770074153], "k_pid_yaw": [0.5, 1e-06, 0.1], "k_pid_hsp": [6.073958780450697, 0.74654774065283, 0.43145819832969445], "k_pid_vsp": [225.8930389047475, 278.2718308352852, 37.59661204873925]}, "datetime": {"datetime": "2025-08-13 14:36:44", "elapsed": 17332.34330201149, "delta": 25.448275089263916}, "costs": {"total_cost": 498.98510814531335, "time_cost": 97.496, "final_distance_cost": 1.7500407724258253, "oscillation_cost": 298.4301168929606, "completition_cost": 0.0, "overshoot_cost": 53.75116104307472, "power_cost": 23.95360078125, "noise_cost": 23.604188655602243, "n_waypoints_completed": 9, "tot_waypoints": 9}}
{"target": -709.7823292064409, "params": {"k_pid_pos": [1.5382018271832762, 0.679804160411643, 0.9583781524546087], "k_pid_alt": [1.4218738784282041, 0.15394570017481501, 0.78933120162222], "k_pid_att": [53.683563801052905, 4.47662155018883, 0.5165957284874397], "k_pid_yaw": [0.5, 1e-06, 0.1], "k_pid_hsp": [6.334112494596471, 0.8042648352949833, 0.2725287925014407], "k_pid_vsp": [184.94184612528102, 23.987224057207502, 0.8589375815720638]}, "datetime": {"datetime": "2025-08-13 14:37:11", "elapsed": 17359.25270175934, "delta": 26.90939974784851}, "costs": {"total_cost": 709.7823292064409, "time_cost": 102.291, "final_distance_cost": 1.7544447138207104, "oscillation_cost": 487.7288924727565, "completition_cost": 0.0, "overshoot_cost": 56.47563893987947, "power_cost": 32.973430114746094, "noise_cost": 28.558922965238125, "n_waypoints_completed": 9, "tot_waypoints": 9}}
{"target": -551.1498575912585, "params": {"k_pid_pos": [0.7950218215906415, 0.2214257741334953, 0.005333779826333873], "k_pid_alt": [1.8703042630167563, 0.150368645413414, 0.7837427854179392], "k_pid_att": [45.20044124558833, 0.6264971464568206, 0.6705651444729054], "k_pid_yaw": [0.5, 1e-06, 0.1], "k_pid_hsp": [9.846227225056214, 0.43569372560313213, 0.41526714101404927], "k_pid_vsp": [221.89267529205728, 273.8138604968915, 42.326711751400396]}, "datetime": {"datetime": "2025-08-13 14:37:37", "elapsed": 17385.81244301796, "delta": 26.559741258621216}, "costs": {"total_cost": 551.1498575912585, "time_cost": 103.145, "final_distance_cost": 1.7974797386781105, "oscillation_cost": 342.01917977709627, "completition_cost": 0.0, "overshoot_cost": 53.410553262816705, "power_cost": 26.213949072265628, "noise_cost": 24.563695740401766, "n_waypoints_completed": 9, "tot_waypoints": 9}}
{"target": -487.7303769608245, "params": {"k_pid_pos": [1.7736513213214733, 0.412457919725713, 0.7015716487221663], "k_pid_alt": [1.130274606483075, 0.27770400845404175, 0.3138250363613847], "k_pid_att": [18.184427345489162, 4.166482846165667, 0.614929747358279], "k_pid_yaw": [0.5, 1e-06, 0.1], "k_pid_hsp": [3.4227262450490628, 0.3831079823336263, 0.9262459759221187], "k_pid_vsp": [171.91602136143592, 23.442662547223076, 20.33173268995687]}, "datetime": {"datetime": "2025-08-13 14:38:02", "elapsed": 17410.6925842762, "delta": 24.880141258239746}, "costs": {"total_cost": 487.7303769608245, "time_cost": 96.53, "final_distance_cost": 1.7762052921115203, "oscillation_cost": 273.39430597247747, "completition_cost": 0.0, "overshoot_cost": 58.292014589579516, "power_cost": 30.35467684326172, "noise_cost": 27.383174263394256, "n_waypoints_completed": 9, "tot_waypoints": 9}}
{"target": -396.0413011075916, "params": {"k_pid_pos": [0.8663831094595619, 0.9755423725655796, 0.7722918398825419], "k_pid_alt": [1.6775116637151717, 0.9119703964352406, 0.15564909942554284], "k_pid_att": [11.683182716812023, 3.6262480261099226, 0.5198882231109758], "k_pid_yaw": [0.5, 1e-06, 0.1], "k_pid_hsp": [9.298655939830642, 0.9141951756624404, 0.249282931509609], "k_pid_vsp": [304.51553633011656, 312.46003115445995, 108.91366225510018]}, "datetime": {"datetime": "2025-08-13 14:38:28", "elapsed": 17436.508887529373, "delta": 25.816303253173828}, "costs": {"total_cost": 396.0413011075916, "time_cost": 96.999, "final_distance_cost": 1.7690723536186066, "oscillation_cost": 195.70659322832356, "completition_cost": 0.0, "overshoot_cost": 55.69501256150533, "power_cost": 23.314345153808596, "noise_cost": 22.557277810335528, "n_waypoints_completed": 9, "tot_waypoints": 9}}
{"target": -350.58181516705, "params": {"k_pid_pos": [1.5742791699359941, 0.5089250394050742, 0.900954405946023], "k_pid_alt": [0.937862233328844, 0.933746393674523, 0.9076404129880894], "k_pid_att": [3.4590215976089356, 9.663758574763225, 0.29808541067893546], "k_pid_yaw": [0.5, 1e-06, 0.1], "k_pid_hsp": [9.732074938281691, 0.006540126398026702, 0.013968962237519311], "k_pid_vsp": [316.0622804064202, 320.9849832790339, 99.60812777660388]}, "datetime": {"datetime": "2025-08-13 14:38:54", "elapsed": 17462.548989534378, "delta": 26.040102005004883}, "costs": {"total_cost": 350.58181516705, "time_cost": 101.605, "final_distance_cost": 1.783215663226482, "oscillation_cost": 142.51334860227814, "completition_cost": 0.0, "overshoot_cost": 57.28475310131683, "power_cost": 24.659847802734376, "noise_cost": 22.7356499974942, "n_waypoints_completed": 9, "tot_waypoints": 9}}
{"target": -372.9969547703363, "params": {"k_pid_pos": [1.8162406892761316, 0.805495114229184, 0.3253863998321018], "k_pid_alt": [0.6531166938475381, 0.009162711750023367, 0.1666049021111755], "k_pid_att": [13.401497562045051, 9.502213656301219, 0.4300502769201744], "k_pid_yaw": [0.5, 1e-06, 0.1], "k_pid_hsp": [4.864867411333102, 0.8661820545816858, 0.6023386601317999], "k_pid_vsp": [292.4372320477211, 334.16181720000674, 77.52388031090669]}, "datetime": {"datetime": "2025-08-13 14:39:19", "elapsed": 17487.57471704483, "delta": 25.02572751045227}, "costs": {"total_cost": 372.9969547703363, "time_cost": 87.423, "final_distance_cost": 1.785402373325985, "oscillation_cost": 174.22091956668734, "completition_cost": 0.0, "overshoot_cost": 58.84035359933022, "power_cost": 27.205069482421877, "noise_cost": 23.522209748570845, "n_waypoints_completed": 9, "tot_waypoints": 9}}
{"target": -1083.2381351277602, "params": {"k_pid_pos": [1.1142656187247122, 0.1496000474453778, 0.6369400070551569], "k_pid_alt": [1.9695408529612852, 0.8697587516791999, 0.24022533942421243], "k_pid_att": [4.748826526347038, 9.54068029002649, 0.4296214947511584], "k_pid_yaw": [0.5, 1e-06, 0.1], "k_pid_hsp": [7.504344340474375, 0.3925021695456865, 0.6603782082651478], "k_pid_vsp": [258.2659627363682, 283.6478871035828, 51.381922684780434]}, "datetime": {"datetime": "2025-08-13 14:39:52", "elapsed": 17520.7630712986, "delta": 33.18835425376892}, "costs": {"total_cost": 1083.2381351277602, "time_cost": 150, "final_distance_cost": 76.03862458184356, "oscillation_cost": 382.3823843353031, "completition_cost": 333.33333333333337, "overshoot_cost": 54.39884958155011, "power_cost": 47.72332897949219, "noise_cost": 39.3616143162378, "n_waypoints_completed": 6, "tot_waypoints": 9}}
{"target": -1650.2376577494394, "params": {"k_pid_pos": [0.03508036687764397, 0.3063239548702573, 0.5729368137806206], "k_pid_alt": [1.148690809341018, 0.37210443453682107, 0.2723160542131312], "k_pid_att": [8.547671445847094, 8.491941000338851, 0.05247204430824004], "k_pid_yaw": [0.5, 1e-06, 0.1], "k_pid_hsp": [1.6703222915787028, 0.3014119315810371, 0.3442102790452347], "k_pid_vsp": [277.8501422405405, 281.0985744495036, 48.39068828330817]}, "datetime": {"datetime": "2025-08-13 14:40:23", "elapsed": 17551.397793769836, "delta": 30.634722471237183}, "costs": {"total_cost": 1650.2376577494394, "time_cost": 150, "final_distance_cost": 90.85939626919526, "oscillation_cost": 513.1725401122369, "completition_cost": 777.7777777777778, "overshoot_cost": 53.702753757588575, "power_cost": 34.447568286132814, "noise_cost": 30.27762154650814, "n_waypoints_completed": 2, "tot_waypoints": 9}}
{"target": -901.6358329166803, "params": {"k_pid_pos": [0.2785263434672744, 0.02424269427930592, 0.31836021351997723], "k_pid_alt": [1.8129053409702163, 0.27100161924821353, 0.957893155272897], "k_pid_att": [30.13041552745628, 5.246424454719172, 0.7697603146188179], "k_pid_yaw": [0.5, 1e-06, 0.1], "k_pid_hsp": [7.112602933668323, 0.6315336461120085, 0.6362713088582883], "k_pid_vsp": [187.6572580100905, 12.48060883741428, 8.957194563573399]}, "datetime": {"datetime": "2025-08-13 14:40:54", "elapsed": 17582.332352638245, "delta": 30.934558868408203}, "costs": {"total_cost": 901.6358329166803, "time_cost": 150, "final_distance_cost": 7.919554238819914, "oscillation_cost": 500.21891452046657, "completition_cost": 111.11111111111116, "overshoot_cost": 60.66238633945027, "power_cost": 36.29243653564453, "noise_cost": 35.431430171187785, "n_waypoints_completed": 8, "tot_waypoints": 9}}
{"target": -384.055424251002, "params": {"k_pid_pos": [1.6606508792731929, 0.8125091452440427, 0.03679799261358885], "k_pid_alt": [0.9727874963767316, 0.036756466511917885, 0.9544224953927123], "k_pid_att": [38.4341749869592, 8.363618971289279, 0.3231966929819473], "k_pid_yaw": [0.5, 1e-06, 0.1], "k_pid_hsp": [3.8715229585962128, 0.28017345840732, 0.03659582206731782], "k_pid_vsp": [248.44629520410336, 284.00787446528443, 46.635285518879144]}, "datetime": {"datetime": "2025-08-13 14:41:21", "elapsed": 17609.653584718704, "delta": 27.321232080459595}, "costs": {"total_cost": 384.055424251002, "time_cost": 105.273, "final_distance_cost": 1.7302574794144159, "oscillation_cost": 169.73843584907598, "completition_cost": 0.0, "overshoot_cost": 59.760988513128815, "power_cost": 23.943978942871095, "noise_cost": 23.60876346651173, "n_waypoints_completed": 9, "tot_waypoints": 9}}
