{"target": -1513.2212186234715, "params": {"k_pid_pos": [1.629512487322338, 0.8760063972115184, 0.5293949171715974], "k_pid_alt": [0.0644491286713309, 0.009513461795751632, 0.682439689734695], "k_pid_att": [59.55308773251622, 6.084380273101305, 0.8514628665298919], "k_pid_yaw": [0.5, 1e-06, 0.1], "k_pid_hsp": [9.215584778207958, 0.3873550467594329, 0.7738525095527361], "k_pid_vsp": [100.58949512085422, 354.6635613371402, 47.905974546140165]}, "datetime": {"datetime": "2025-08-13 20:43:09", "elapsed": 39317.76034498215, "delta": 33.31726861000061}, "costs": {"total_cost": 1513.2212186234715, "time_cost": 150, "final_distance_cost": 54.125585495256246, "oscillation_cost": 520.1227719642889, "completition_cost": 666.6666666666667, "overshoot_cost": 68.10334699179317, "power_cost": 27.89433690185547, "noise_cost": 26.30851060361111, "n_waypoints_completed": 3, "tot_waypoints": 9}}
{"target": -594.312913269698, "params": {"k_pid_pos": [1.6642545697838729, 0.6554031484199003, 0.6131972607492725], "k_pid_alt": [0.7136578004199168, 0.5959788130695596, 0.2283051088684509], "k_pid_att": [23.80888941737016, 4.414046123484911, 0.5442840002871725], "k_pid_yaw": [0.5, 1e-06, 0.1], "k_pid_hsp": [9.348416759352322, 0.31939352153144185, 0.9029550182965779], "k_pid_vsp": [111.87702928084443, 356.05252663469906, 56.24716197538777]}, "datetime": {"datetime": "2025-08-13 20:43:40", "elapsed": 39348.10697865486, "delta": 30.346633672714233}, "costs": {"total_cost": 594.312913269698, "time_cost": 106.792, "final_distance_cost": 1.748890743288352, "oscillation_cost": 356.6724629417737, "completition_cost": 0.0, "overshoot_cost": 59.17630924218545, "power_cost": 38.40811140136719, "noise_cost": 31.515138941083325, "n_waypoints_completed": 9, "tot_waypoints": 9}}
{"target": -1255.1616735861744, "params": {"k_pid_pos": [0.11424455701017255, 0.7104434821609541, 0.6006583189777694], "k_pid_alt": [0.8581453662711507, 0.7082449460306842, 0.9860554823712406], "k_pid_att": [33.703551332019266, 4.944189839644452, 0.6409372679044988], "k_pid_yaw": [0.5, 1e-06, 0.1], "k_pid_hsp": [3.602052833348527, 0.34654431565444765, 0.0701545662231069], "k_pid_vsp": [249.13196206891888, 267.02258810017713, 48.51715587625792]}, "datetime": {"datetime": "2025-08-13 20:44:16", "elapsed": 39384.58803462982, "delta": 36.48105597496033}, "costs": {"total_cost": 1255.1616735861744, "time_cost": 150, "final_distance_cost": 51.77656311114804, "oscillation_cost": 281.5226645959176, "completition_cost": 666.6666666666667, "overshoot_cost": 43.891631691141406, "power_cost": 32.636398669433596, "noise_cost": 28.66774885186695, "n_waypoints_completed": 3, "tot_waypoints": 9}}
{"target": -421.05140630149555, "params": {"k_pid_pos": [1.8626866241815865, 0.9761049126589249, 0.611050700096529], "k_pid_alt": [0.48057661544977703, 0.34579325355906254, 0.10078847006534253], "k_pid_att": [10.994643006112327, 5.023800759617095, 0.31838825919576563], "k_pid_yaw": [0.5, 1e-06, 0.1], "k_pid_hsp": [5.889191015532035, 0.5703798570203533, 0.3999107937282611], "k_pid_vsp": [305.1494578762147, 337.7684659164601, 121.07606665207709]}, "datetime": {"datetime": "2025-08-13 20:44:43", "elapsed": 39411.73391342163, "delta": 27.145878791809082}, "costs": {"total_cost": 421.05140630149555, "time_cost": 97.433, "final_distance_cost": 1.7550419697551662, "oscillation_cost": 208.41340804864768, "completition_cost": 0.0, "overshoot_cost": 58.619761796046994, "power_cost": 30.040425256347657, "noise_cost": 24.78976923069809, "n_waypoints_completed": 9, "tot_waypoints": 9}}
{"target": -352.90260612624473, "params": {"k_pid_pos": [0.9905464302394715, 0.44481839653476085, 0.0689338397251531], "k_pid_alt": [1.8600503883639097, 0.25540172179449194, 0.09988204622022434], "k_pid_att": [5.458872885989008, 3.6602620886614945, 0.9064580306931386], "k_pid_yaw": [0.5, 1e-06, 0.1], "k_pid_hsp": [1.8852975699051218, 0.9412450231182973, 0.6156173892209865], "k_pid_vsp": [287.20479709704347, 333.5381357067429, 104.54661664510797]}, "datetime": {"datetime": "2025-08-13 20:45:13", "elapsed": 39441.89214706421, "delta": 30.158233642578125}, "costs": {"total_cost": 352.90260612624473, "time_cost": 104.664, "final_distance_cost": 1.7396888453020367, "oscillation_cost": 130.46236339701846, "completition_cost": 0.0, "overshoot_cost": 65.19443046174672, "power_cost": 27.037914587402344, "noise_cost": 23.80420883477519, "n_waypoints_completed": 9, "tot_waypoints": 9}}
{"target": -732.6313678164724, "params": {"k_pid_pos": [1.552563281238126, 0.7953046154894052, 0.09484231000335208], "k_pid_alt": [1.119577864232977, 0.837939005604272, 0.8138666516867288], "k_pid_att": [9.686455031559316, 2.044492204115728, 0.8014397132122247], "k_pid_yaw": [0.5, 1e-06, 0.1], "k_pid_hsp": [4.543570151026081, 0.04718031612946283, 0.001402406457529648], "k_pid_vsp": [187.3142790726907, 16.03825436690921, 18.498110502064122]}, "datetime": {"datetime": "2025-08-13 20:45:48", "elapsed": 39476.68295788765, "delta": 34.79081082344055}, "costs": {"total_cost": 732.6313678164724, "time_cost": 150, "final_distance_cost": 73.00822979374125, "oscillation_cost": 52.394820531896855, "completition_cost": 333.33333333333337, "overshoot_cost": 58.17093067798796, "power_cost": 33.35071961669922, "noise_cost": 32.37333386281376, "n_waypoints_completed": 6, "tot_waypoints": 9}}
{"target": -861.2962965958889, "params": {"k_pid_pos": [1.1948483226386892, 0.9057987179922277, 0.46410397339402953], "k_pid_alt": [1.9316463234525374, 0.6581293511373933, 0.20907160546945291], "k_pid_att": [18.16282774667498, 2.314598797914545, 0.2659223444269053], "k_pid_yaw": [0.5, 1e-06, 0.1], "k_pid_hsp": [0.5701994608516192, 0.5647544024202338, 0.2974221776659064], "k_pid_vsp": [187.6264117906424, 302.7388810899582, 27.17388932853596]}, "datetime": {"datetime": "2025-08-13 20:46:21", "elapsed": 39509.63287067413, "delta": 32.949912786483765}, "costs": {"total_cost": 861.2962965958889, "time_cost": 150, "final_distance_cost": 73.6001292229802, "oscillation_cost": 154.1738444198384, "completition_cost": 333.33333333333337, "overshoot_cost": 74.34119138519834, "power_cost": 40.82990026855469, "noise_cost": 35.01789796598394, "n_waypoints_completed": 6, "tot_waypoints": 9}}
{"target": -1386.6945327298454, "params": {"k_pid_pos": [0.3150525805746021, 0.5713255494440673, 0.7766206615036401], "k_pid_alt": [0.9495420138064714, 0.0340864912836103, 0.5526965585278396], "k_pid_att": [30.16929399724404, 2.465610873842849, 0.26238786642917766], "k_pid_yaw": [0.5, 1e-06, 0.1], "k_pid_hsp": [7.30138377382737, 0.6247968007986239, 0.6194009649934787], "k_pid_vsp": [294.7226822455969, 348.48019065252913, 96.56607348456771]}, "datetime": {"datetime": "2025-08-13 20:46:55", "elapsed": 39543.74490571022, "delta": 34.112035036087036}, "costs": {"total_cost": 1386.6945327298454, "time_cost": 150, "final_distance_cost": 47.656755753248405, "oscillation_cost": 574.4125946456923, "completition_cost": 444.4444444444444, "overshoot_cost": 82.7964336998317, "power_cost": 45.48980812988282, "noise_cost": 41.894496056746, "n_waypoints_completed": 5, "tot_waypoints": 9}}
{"target": -861.310240088286, "params": {"k_pid_pos": [0.24155574321655343, 0.24424572090511898, 0.7163386166762363], "k_pid_alt": [1.7904951736776817, 0.03661630869086929, 0.19627557410780394], "k_pid_att": [10.915495810090759, 4.4328453197872655, 0.9846834651693469], "k_pid_yaw": [0.5, 1e-06, 0.1], "k_pid_hsp": [6.089272658770064, 0.31427180441274605, 0.39599352007842215], "k_pid_vsp": [186.17043449191465, 12.771513331512402, 5.905246214539889]}, "datetime": {"datetime": "2025-08-13 20:47:33", "elapsed": 39581.36142659187, "delta": 37.61652088165283}, "costs": {"total_cost": 861.310240088286, "time_cost": 150, "final_distance_cost": 67.69961070373482, "oscillation_cost": 302.1801812591215, "completition_cost": 222.2222222222222, "overshoot_cost": 53.86592685533102, "power_cost": 31.367285595703127, "noise_cost": 33.97501345217319, "n_waypoints_completed": 7, "tot_waypoints": 9}}
{"target": -695.7751436546939, "params": {"k_pid_pos": [0.923547499488101, 0.7436321011266948, 0.7298727650713536], "k_pid_alt": [0.2651097648588463, 0.39921043176904447, 0.9276971570963334], "k_pid_att": [17.928465203025347, 9.513039783810061, 0.12611274269113004], "k_pid_yaw": [0.5, 1e-06, 0.1], "k_pid_hsp": [7.9580876515504375, 0.6412793286202394, 0.5879123627441245], "k_pid_vsp": [284.70775542648124, 327.7791795046065, 116.41640689790877]}, "datetime": {"datetime": "2025-08-13 20:48:14", "elapsed": 39622.617398262024, "delta": 41.25597167015076}, "costs": {"total_cost": 695.7751436546939, "time_cost": 112.182, "final_distance_cost": 1.7390019402379635, "oscillation_cost": 453.75897345242856, "completition_cost": 0.0, "overshoot_cost": 60.45083418373737, "power_cost": 35.48811765136719, "noise_cost": 32.15621642692278, "n_waypoints_completed": 9, "tot_waypoints": 9}}
{"target": -1006.3721762387165, "params": {"k_pid_pos": [0.9218210853780406, 0.945839219533695, 0.7842996376712602], "k_pid_alt": [0.6373206120531372, 0.13451958188257207, 0.11552876219203745], "k_pid_att": [21.474297835659538, 5.080082122794712, 0.5292553307805583], "k_pid_yaw": [0.5, 1e-06, 0.1], "k_pid_hsp": [9.657469361525905, 0.07635479481307961, 0.8593022138399496], "k_pid_vsp": [300.9255223669653, 321.79331970144466, 91.2275763046142]}, "datetime": {"datetime": "2025-08-13 20:48:47", "elapsed": 39655.74738907814, "delta": 33.12999081611633}, "costs": {"total_cost": 1006.3721762387165, "time_cost": 150, "final_distance_cost": 66.02987167073131, "oscillation_cost": 443.750797079391, "completition_cost": 222.2222222222222, "overshoot_cost": 49.335923693534305, "power_cost": 42.561785644531255, "noise_cost": 32.471575928306486, "n_waypoints_completed": 7, "tot_waypoints": 9}}
{"target": -601.4971198424811, "params": {"k_pid_pos": [1.409923810558159, 0.2685227263299727, 0.40946191013301547], "k_pid_alt": [1.9025767799147064, 0.942577564462501, 0.4305179538352467], "k_pid_att": [57.18678802497869, 4.614426807894506, 0.021469352876340577], "k_pid_yaw": [0.5, 1e-06, 0.1], "k_pid_hsp": [7.840181749642301, 0.18842514718222247, 0.23882753709942428], "k_pid_vsp": [99.534131962258, 361.6022323392662, 55.96311802812821]}, "datetime": {"datetime": "2025-08-13 20:49:15", "elapsed": 39683.83628678322, "delta": 28.088897705078125}, "costs": {"total_cost": 601.4971198424811, "time_cost": 95.718, "final_distance_cost": 1.7924061278650096, "oscillation_cost": 393.0109751272848, "completition_cost": 0.0, "overshoot_cost": 58.193889147630365, "power_cost": 28.989762133789064, "noise_cost": 23.79208730591191, "n_waypoints_completed": 9, "tot_waypoints": 9}}
{"target": -908.5776204607288, "params": {"k_pid_pos": [0.5341333837622826, 0.006386157165581219, 0.016273700581140083], "k_pid_alt": [0.03680945438171945, 0.4303901773762291, 0.7177179445072858], "k_pid_att": [2.071372048352327, 3.8308987424312133, 0.7662895464467101], "k_pid_yaw": [0.5, 1e-06, 0.1], "k_pid_hsp": [7.246096249008932, 0.38756122601236664, 0.8546644266328528], "k_pid_vsp": [297.0379135248141, 347.2973010422898, 115.98298352671945]}, "datetime": {"datetime": "2025-08-13 20:49:48", "elapsed": 39716.854578495026, "delta": 33.01829171180725}, "costs": {"total_cost": 908.5776204607288, "time_cost": 150, "final_distance_cost": 85.3886788844108, "oscillation_cost": 208.59875055197608, "completition_cost": 333.33333333333337, "overshoot_cost": 69.54685424314172, "power_cost": 34.07720402832032, "noise_cost": 27.632799419546448, "n_waypoints_completed": 6, "tot_waypoints": 9}}
{"target": -539.1267798264719, "params": {"k_pid_pos": [1.0901470109404126, 0.5497893864252804, 0.12420971663434277], "k_pid_alt": [0.984424287436694, 0.16394838978041104, 0.13828462183084578], "k_pid_att": [10.441876453958043, 8.240716557178507, 0.1482335920857326], "k_pid_yaw": [0.5, 1e-06, 0.1], "k_pid_hsp": [5.929314518100952, 0.48809201123400925, 0.8294136376695088], "k_pid_vsp": [281.29584252859814, 334.55262629533985, 103.69330897697532]}, "datetime": {"datetime": "2025-08-13 20:50:23", "elapsed": 39751.376955509186, "delta": 34.522377014160156}, "costs": {"total_cost": 539.1267798264719, "time_cost": 113.54, "final_distance_cost": 1.7761591772309766, "oscillation_cost": 311.41450270321013, "completition_cost": 0.0, "overshoot_cost": 54.952097592449284, "power_cost": 30.21634862060547, "noise_cost": 27.227671732975992, "n_waypoints_completed": 9, "tot_waypoints": 9}}
{"target": -961.9244229115576, "params": {"k_pid_pos": [1.398766043885506, 0.8829016140643644, 0.8835480630739876], "k_pid_alt": [0.39015570724861015, 0.5519346946581576, 0.01080378717895436], "k_pid_att": [40.57571901713472, 7.343005880896937, 0.4977876231895336], "k_pid_yaw": [0.5, 1e-06, 0.1], "k_pid_hsp": [0.6072615985765388, 0.4246238024062794, 0.15667239893779306], "k_pid_vsp": [202.1288342005719, 20.410370959311372, 7.485086949851428]}, "datetime": {"datetime": "2025-08-13 20:50:56", "elapsed": 39784.31601166725, "delta": 32.939056158065796}, "costs": {"total_cost": 961.9244229115576, "time_cost": 150, "final_distance_cost": 72.31474442905449, "oscillation_cost": 281.58852071784656, "completition_cost": 333.33333333333337, "overshoot_cost": 67.40222075436061, "power_cost": 25.39572950439453, "noise_cost": 31.889874172567993, "n_waypoints_completed": 6, "tot_waypoints": 9}}
{"target": -875.6109515678, "params": {"k_pid_pos": [0.5518667649518044, 0.24609991503490958, 0.9744596543336426], "k_pid_alt": [0.7520523826338139, 0.44363177398299103, 0.5028771534307142], "k_pid_att": [8.206592263679035, 4.934625530783473, 0.900061956500724], "k_pid_yaw": [0.5, 1e-06, 0.1], "k_pid_hsp": [7.631390916271198, 0.6048461232066642, 0.5722259644810896], "k_pid_vsp": [314.9180925629525, 342.5510980493924, 120.53182646310282]}, "datetime": {"datetime": "2025-08-13 20:51:32", "elapsed": 39820.41944980621, "delta": 36.10343813896179}, "costs": {"total_cost": 875.6109515678, "time_cost": 150, "final_distance_cost": 65.0162423903257, "oscillation_cost": 320.69970043422103, "completition_cost": 222.2222222222222, "overshoot_cost": 51.969366017236865, "power_cost": 35.57174219970703, "noise_cost": 30.131678304087142, "n_waypoints_completed": 7, "tot_waypoints": 9}}
{"target": -529.1948862836516, "params": {"k_pid_pos": [0.7912302802453117, 0.5483005909185571, 0.649282459498537], "k_pid_alt": [1.4353583142627147, 0.7634925531905525, 0.9702341655776238], "k_pid_att": [17.120873516310375, 0.9339172433990106, 0.3912707864936661], "k_pid_yaw": [0.5, 1e-06, 0.1], "k_pid_hsp": [9.232401062538973, 0.05762221571195558, 0.5405667246315922], "k_pid_vsp": [298.8847555676034, 322.8330676837213, 76.16584126199244]}, "datetime": {"datetime": "2025-08-13 20:52:01", "elapsed": 39849.59092068672, "delta": 29.171470880508423}, "costs": {"total_cost": 529.1948862836516, "time_cost": 103.467, "final_distance_cost": 1.7503105254582654, "oscillation_cost": 310.4756441787421, "completition_cost": 0.0, "overshoot_cost": 58.626737986545194, "power_cost": 28.399182531738283, "noise_cost": 26.476011061167757, "n_waypoints_completed": 9, "tot_waypoints": 9}}
{"target": -683.8652521706261, "params": {"k_pid_pos": [0.38084439966966177, 0.36855652358542257, 0.02176418143144243], "k_pid_alt": [0.6476624561636595, 0.5382722171663521, 0.5464009697520319], "k_pid_att": [17.170793363886027, 7.17035354513258, 0.7728118539743198], "k_pid_yaw": [0.5, 1e-06, 0.1], "k_pid_hsp": [3.8375736105053946, 0.6762490124327961, 0.9779182546521981], "k_pid_vsp": [255.43275350598958, 272.2176188491545, 51.92216847439645]}, "datetime": {"datetime": "2025-08-13 20:52:37", "elapsed": 39885.690148591995, "delta": 36.09922790527344}, "costs": {"total_cost": 683.8652521706261, "time_cost": 150, "final_distance_cost": 39.293192571623266, "oscillation_cost": 277.9077387232815, "completition_cost": 111.11111111111116, "overshoot_cost": 57.25001984057024, "power_cost": 22.550621411132813, "noise_cost": 25.752568512907164, "n_waypoints_completed": 8, "tot_waypoints": 9}}
{"target": -596.9545081760409, "params": {"k_pid_pos": [1.3227121144307399, 0.26321046867533704, 0.9894980835437045], "k_pid_alt": [0.4341081505455062, 0.5242320600379669, 0.6320939627074704], "k_pid_att": [21.42578127505579, 8.908347348237248, 0.8217959523592031], "k_pid_yaw": [0.5, 1e-06, 0.1], "k_pid_hsp": [6.6069815423000415, 0.4298733320969108, 0.34026243869097483], "k_pid_vsp": [161.02309266509272, 4.115874647313691, 19.09218211972474]}, "datetime": {"datetime": "2025-08-13 20:53:08", "elapsed": 39916.849204301834, "delta": 31.159055709838867}, "costs": {"total_cost": 596.9545081760409, "time_cost": 109.879, "final_distance_cost": 1.793200500059112, "oscillation_cost": 363.2159334239592, "completition_cost": 0.0, "overshoot_cost": 59.03155790585298, "power_cost": 32.30440532226562, "noise_cost": 30.73041102390395, "n_waypoints_completed": 9, "tot_waypoints": 9}}
{"target": -499.7943861323629, "params": {"k_pid_pos": [2.0, 0.0, 1.0], "k_pid_alt": [2.0, 0.0, 1.0], "k_pid_att": [38.188050480705016, 10.0, 0.0], "k_pid_yaw": [0.5, 1e-06, 0.1], "k_pid_hsp": [6.1673266137158285, 0.0, 1.0], "k_pid_vsp": [246.4407223649601, 284.6786467208706, 47.6901346128291]}, "datetime": {"datetime": "2025-08-13 20:53:33", "elapsed": 39941.21452522278, "delta": 24.365320920944214}, "costs": {"total_cost": 499.7943861323629, "time_cost": 76.517, "final_distance_cost": 1.8046337568432451, "oscillation_cost": 314.89462710604835, "completition_cost": 0.0, "overshoot_cost": 53.95279025366003, "power_cost": 29.83473963623047, "noise_cost": 22.790595379580765, "n_waypoints_completed": 9, "tot_waypoints": 9}}
{"target": -934.9134328234647, "params": {"k_pid_pos": [0.7914301254175321, 0.881791291760146, 0.7498962313206359], "k_pid_alt": [0.9808229570769234, 0.4169452246939609, 0.6253373982615288], "k_pid_att": [15.33651654324708, 6.23902403569916, 0.5735610359791368], "k_pid_yaw": [0.5, 1e-06, 0.1], "k_pid_hsp": [9.842068379461788, 0.7562397132414017, 0.47978238629811665], "k_pid_vsp": [195.2567646334335, 304.070502561828, 21.057385019425237]}, "datetime": {"datetime": "2025-08-13 20:54:09", "elapsed": 39977.169553518295, "delta": 35.95502829551697}, "costs": {"total_cost": 934.9134328234647, "time_cost": 150, "final_distance_cost": 62.26904255277048, "oscillation_cost": 367.4721622198173, "completition_cost": 222.2222222222222, "overshoot_cost": 53.416495709147114, "power_cost": 41.02950076904297, "noise_cost": 38.50400935046477, "n_waypoints_completed": 7, "tot_waypoints": 9}}
{"target": -1197.1275794027615, "params": {"k_pid_pos": [1.2289110125570744, 0.7533412136751991, 0.9925264791464605], "k_pid_alt": [1.0750795427785678, 0.9362916378657313, 0.550242821344457], "k_pid_att": [36.85220631231413, 1.327118523200602, 0.10060351954456459], "k_pid_yaw": [0.5, 1e-06, 0.1], "k_pid_hsp": [0.7473670111895521, 0.5567317665770177, 0.5381415085406688], "k_pid_vsp": [245.01111539337228, 273.7377243230572, 52.693789137074745]}, "datetime": {"datetime": "2025-08-13 20:54:43", "elapsed": 40011.26680111885, "delta": 34.09724760055542}, "costs": {"total_cost": 1197.1275794027615, "time_cost": 150, "final_distance_cost": 33.341704250495745, "oscillation_cost": 299.18294820968146, "completition_cost": 555.5555555555555, "overshoot_cost": 83.63797926533026, "power_cost": 41.841606372070316, "noise_cost": 33.56778574962817, "n_waypoints_completed": 4, "tot_waypoints": 9}}
{"target": -501.1150162577611, "params": {"k_pid_pos": [1.7860165727202457, 0.5048027037421374, 0.1466176985486618], "k_pid_alt": [1.8958431662646735, 0.4033479058364319, 0.9459315510089927], "k_pid_att": [28.17390351330279, 2.0603656357102906, 0.4963022017010167], "k_pid_yaw": [0.5, 1e-06, 0.1], "k_pid_hsp": [9.744750810130949, 0.3651382538709046, 0.773529435486096], "k_pid_vsp": [176.15657658681303, 9.229918788676626, 7.341918086625785]}, "datetime": {"datetime": "2025-08-13 20:55:10", "elapsed": 40038.733520269394, "delta": 27.466719150543213}, "costs": {"total_cost": 501.1150162577611, "time_cost": 97.447, "final_distance_cost": 1.7294157289353285, "oscillation_cost": 287.11075752295824, "completition_cost": 0.0, "overshoot_cost": 58.65580030893433, "power_cost": 28.846816845703128, "noise_cost": 27.325225851230073, "n_waypoints_completed": 9, "tot_waypoints": 9}}
{"target": -717.4842499259087, "params": {"k_pid_pos": [0.8400448157169434, 0.4591704345524197, 0.7864346778573716], "k_pid_alt": [0.6498881011170454, 0.948475144772264, 0.602887649127888], "k_pid_att": [9.035726670314148, 8.193164776620492, 0.16917745043189958], "k_pid_yaw": [0.5, 1e-06, 0.1], "k_pid_hsp": [8.453653697273147, 0.05227361756572657, 0.6188260404257854], "k_pid_vsp": [270.362971238798, 279.23694042444924, 42.045424613250276]}, "datetime": {"datetime": "2025-08-13 20:55:44", "elapsed": 40072.607891082764, "delta": 33.87437081336975}, "costs": {"total_cost": 717.4842499259087, "time_cost": 150, "final_distance_cost": 2.620681491248171, "oscillation_cost": 340.02623732519635, "completition_cost": 111.11111111111116, "overshoot_cost": 64.0146103033755, "power_cost": 22.980706115722658, "noise_cost": 26.73090357925472, "n_waypoints_completed": 8, "tot_waypoints": 9}}
