{"target": -943.175026686674, "params": {"k_pid_pos": [0.37594952655228486, 0.12495665753287, 0.5385428639720649], "k_pid_alt": [0.4213989999011174, 0.9344191462179474, 0.21249703860757507], "k_pid_att": [19.874373106146493, 5.95695217589159, 0.8682224649425471], "k_pid_yaw": [0.5, 1e-06, 0.1], "k_pid_hsp": [5.152207910551728, 0.8485340730073696, 0.22571273663848557], "k_pid_vsp": [175.75707269112132, 27.346493667639194, 1.1993255290801381]}, "datetime": {"datetime": "2025-08-13 11:12:15", "elapsed": 5063.760215044022, "delta": 52.74904251098633}, "costs": {"total_cost": 943.175026686674, "time_cost": 150, "final_distance_cost": 69.24630470895146, "oscillation_cost": 392.16835779988685, "completition_cost": 222.2222222222222, "overshoot_cost": 58.65184099047364, "power_cost": 21.334463366699218, "noise_cost": 29.55183759844067, "n_waypoints_completed": 7, "tot_waypoints": 9}}
{"target": -291.41345138437936, "params": {"k_pid_pos": [1.5847511999146255, 0.0, 0.0], "k_pid_alt": [1.1148459625693097, 1.0, 0.5256509348992834], "k_pid_att": [6.823170089529373, 3.459606555813654, 1.0], "k_pid_yaw": [0.5, 1e-06, 0.1], "k_pid_hsp": [5.678877261852784, 0.0, 0.0], "k_pid_vsp": [300.9428529206589, 339.58168924532197, 98.93419877986344]}, "datetime": {"datetime": "2025-08-13 11:12:58", "elapsed": 5105.974925279617, "delta": 42.2147102355957}, "costs": {"total_cost": 291.41345138437936, "time_cost": 97.083, "final_distance_cost": 1.728794810353344, "oscillation_cost": 73.09533643059378, "completition_cost": 0.0, "overshoot_cost": 61.40264845826417, "power_cost": 32.07516706542969, "noise_cost": 26.02850461973838, "n_waypoints_completed": 9, "tot_waypoints": 9}}
{"target": -1052.1845738985328, "params": {"k_pid_pos": [0.06806010161343744, 0.7405348488873885, 0.8581362142367598], "k_pid_alt": [0.8293890676504199, 0.415172906641035, 0.3611087306882842], "k_pid_att": [9.313766308100968, 0.1514448978723848, 0.4132718213161549], "k_pid_yaw": [0.5, 1e-06, 0.1], "k_pid_hsp": [1.5414020935864805, 0.5083716556447125, 0.07136333064404843], "k_pid_vsp": [172.2686590548706, 28.550689620034408, 0.8755212212495302]}, "datetime": {"datetime": "2025-08-13 11:13:51", "elapsed": 5159.350105762482, "delta": 53.37518048286438}, "costs": {"total_cost": 1052.1845738985328, "time_cost": 150, "final_distance_cost": 50.650154160967816, "oscillation_cost": 86.84044427231566, "completition_cost": 666.6666666666667, "overshoot_cost": 47.022093347879, "power_cost": 21.40948719482422, "noise_cost": 29.59572825587921, "n_waypoints_completed": 3, "tot_waypoints": 9}}
{"target": -519.065907751317, "params": {"k_pid_pos": [0.9437248080478633, 0.33558816195631247, 0.7791542691390115], "k_pid_alt": [0.8813200224818984, 0.3185086325062424, 0.5677719677937291], "k_pid_att": [12.274865234368848, 3.321410982375365, 0.3571228127346371], "k_pid_yaw": [0.5, 1e-06, 0.1], "k_pid_hsp": [6.859092447522402, 0.6170844378137976, 0.2579411475292771], "k_pid_vsp": [256.51501617933087, 273.09273348847387, 43.867771181448894]}, "datetime": {"datetime": "2025-08-13 11:14:37", "elapsed": 5205.613625764847, "delta": 46.26352000236511}, "costs": {"total_cost": 519.065907751317, "time_cost": 105.161, "final_distance_cost": 1.773427870483767, "oscillation_cost": 306.0895521375235, "completition_cost": 0.0, "overshoot_cost": 55.07943094901968, "power_cost": 26.063754724121097, "noise_cost": 24.898742070168957, "n_waypoints_completed": 9, "tot_waypoints": 9}}
{"target": -445.7023404568107, "params": {"k_pid_pos": [1.8402143202329977, 0.06537707160438633, 0.7119662503707875], "k_pid_alt": [0.1799442138911609, 0.29429492414202374, 0.13514518967564382], "k_pid_att": [13.235929413461466, 0.5711883248461146, 0.5717855313990129], "k_pid_yaw": [0.5, 1e-06, 0.1], "k_pid_hsp": [6.50652831306253, 0.977927056157235, 0.9304432191329134], "k_pid_vsp": [263.59980044988083, 270.16331569660457, 51.811734327055696]}, "datetime": {"datetime": "2025-08-13 11:15:20", "elapsed": 5248.581804275513, "delta": 42.968178510665894}, "costs": {"total_cost": 445.7023404568107, "time_cost": 99.309, "final_distance_cost": 1.7991026166786395, "oscillation_cost": 238.78249005591888, "completition_cost": 0.0, "overshoot_cost": 59.509944205448235, "power_cost": 23.32553552246094, "noise_cost": 22.97626805630403, "n_waypoints_completed": 9, "tot_waypoints": 9}}
{"target": -570.717190399407, "params": {"k_pid_pos": [0.271898725915169, 0.34914258383987207, 0.40103192246543573], "k_pid_alt": [1.6836340148172608, 0.025144263732750582, 0.5060779849444617], "k_pid_att": [16.10085946598029, 2.074008819765427, 0.2502462660300331], "k_pid_yaw": [0.5, 1e-06, 0.1], "k_pid_hsp": [7.028154053608963, 0.09557904419843499, 0.44349079410608494], "k_pid_vsp": [173.47346371299275, 10.8118575845057, 17.351811635209206]}, "datetime": {"datetime": "2025-08-13 11:16:06", "elapsed": 5294.930465698242, "delta": 46.34866142272949}, "costs": {"total_cost": 570.717190399407, "time_cost": 102.767, "final_distance_cost": 1.8287865573402577, "oscillation_cost": 353.53237306004064, "completition_cost": 0.0, "overshoot_cost": 56.984884252663306, "power_cost": 28.009365478515626, "noise_cost": 27.5947810508471, "n_waypoints_completed": 9, "tot_waypoints": 9}}
{"target": -983.1489764670755, "params": {"k_pid_pos": [0.16731144127745012, 0.30845344651345397, 0.9940793662197533], "k_pid_alt": [0.963255836728325, 0.3692748791887476, 0.6945029059912805], "k_pid_att": [14.68982822585515, 0.9180046490464137, 0.9198041139544829], "k_pid_yaw": [0.5, 1e-06, 0.1], "k_pid_hsp": [9.391197215287583, 0.31465215498207233, 0.4656381367870238], "k_pid_vsp": [311.88472821865776, 331.18973592169215, 106.75868814297178]}, "datetime": {"datetime": "2025-08-13 11:17:00", "elapsed": 5348.16908121109, "delta": 53.2386155128479}, "costs": {"total_cost": 983.1489764670755, "time_cost": 150, "final_distance_cost": 56.0406830169852, "oscillation_cost": 329.52089391039635, "completition_cost": 333.33333333333337, "overshoot_cost": 57.94932151429523, "power_cost": 29.501921948242188, "noise_cost": 26.802822743823242, "n_waypoints_completed": 6, "tot_waypoints": 9}}
{"target": -947.3293601098716, "params": {"k_pid_pos": [0.29133051990283493, 0.5714505676803157, 0.22118328736078496], "k_pid_alt": [0.6499596154174809, 0.8162181725956437, 0.010521089255615013], "k_pid_att": [15.01644062329487, 4.914354208907671, 0.12494260706802851], "k_pid_yaw": [0.5, 1e-06, 0.1], "k_pid_hsp": [0.32920807572315225, 0.8416167693419153, 0.17184498858863406], "k_pid_vsp": [170.57782992805545, 2.3049271532070184, 21.06657806913287]}, "datetime": {"datetime": "2025-08-13 11:17:52", "elapsed": 5400.676246881485, "delta": 52.5071656703949}, "costs": {"total_cost": 947.3293601098716, "time_cost": 150, "final_distance_cost": 50.827113235597444, "oscillation_cost": 170.17620174292742, "completition_cost": 444.4444444444444, "overshoot_cost": 62.418795456508185, "power_cost": 37.15949844970703, "noise_cost": 32.30330678068709, "n_waypoints_completed": 5, "tot_waypoints": 9}}
{"target": -575.5535796994933, "params": {"k_pid_pos": [1.670872811687531, 0.10232863808584025, 0.7902844416916711], "k_pid_alt": [0.745748150235974, 0.4151781151092907, 0.3886621763815321], "k_pid_att": [42.377645701844344, 6.0578384394021585, 0.009263042891415219], "k_pid_yaw": [0.5, 1e-06, 0.1], "k_pid_hsp": [8.75877068579933, 0.009625754766737438, 0.688888477807631], "k_pid_vsp": [82.5505588544197, 357.11796293174064, 27.988054528809496]}, "datetime": {"datetime": "2025-08-13 11:18:32", "elapsed": 5440.211363554001, "delta": 39.53511667251587}, "costs": {"total_cost": 575.5535796994933, "time_cost": 88.319, "final_distance_cost": 1.758362577362281, "oscillation_cost": 380.73674572362614, "completition_cost": 0.0, "overshoot_cost": 54.94619543942338, "power_cost": 27.197738232421877, "noise_cost": 22.595537726659636, "n_waypoints_completed": 9, "tot_waypoints": 9}}
{"target": -295.60209746527875, "params": {"k_pid_pos": [1.4392006675907592, 0.8526677723368464, 0.661751528013024], "k_pid_alt": [0.8201481648130058, 0.6462242611175858, 0.22018025797474683], "k_pid_att": [11.210566752570571, 4.81303152362424, 0.8592059320433043], "k_pid_yaw": [0.5, 1e-06, 0.1], "k_pid_hsp": [1.7155744812684608, 0.48767197336092083, 0.03566021808118536], "k_pid_vsp": [296.52253924855427, 337.2092794609996, 100.91511733497862]}, "datetime": {"datetime": "2025-08-13 11:19:16", "elapsed": 5484.23744225502, "delta": 44.02607870101929}, "costs": {"total_cost": 295.60209746527875, "time_cost": 100.94, "final_distance_cost": 1.7659355925633107, "oscillation_cost": 85.5027460993101, "completition_cost": 0.0, "overshoot_cost": 56.04005881165642, "power_cost": 25.992266931152344, "noise_cost": 25.361090030596575, "n_waypoints_completed": 9, "tot_waypoints": 9}}
{"target": -751.9652601154985, "params": {"k_pid_pos": [0.3821625473343701, 0.8800362104113111, 0.6116737490388124], "k_pid_alt": [0.5220258781742655, 0.01996337169850959, 0.712949866649706], "k_pid_att": [6.837815237656153, 9.683945095670945, 0.9211095449686543], "k_pid_yaw": [0.5, 1e-06, 0.1], "k_pid_hsp": [6.941476098065974, 0.4108692769323047, 0.9127332402839494], "k_pid_vsp": [259.3265417046029, 273.82271938731094, 44.87492930151641]}, "datetime": {"datetime": "2025-08-13 11:20:08", "elapsed": 5536.866523504257, "delta": 52.62908124923706}, "costs": {"total_cost": 751.9652601154985, "time_cost": 150, "final_distance_cost": 64.79375043244804, "oscillation_cost": 196.0165474701313, "completition_cost": 222.2222222222222, "overshoot_cost": 52.56172365741304, "power_cost": 36.152694458007815, "noise_cost": 30.21832187527618, "n_waypoints_completed": 7, "tot_waypoints": 9}}
{"target": -532.6850481146724, "params": {"k_pid_pos": [1.1142381111018236, 0.7625888665279241, 0.6746807838223725], "k_pid_alt": [1.5902688883761449, 0.5423116147764427, 0.046786776310622], "k_pid_att": [12.408589135481396, 8.331620190588687, 0.28403275922027205], "k_pid_yaw": [0.5, 1e-06, 0.1], "k_pid_hsp": [8.12970054306021, 0.9521235407657289, 0.32781354617376035], "k_pid_vsp": [303.36030662398434, 340.72046252912264, 109.485626994316]}, "datetime": {"datetime": "2025-08-13 11:20:53", "elapsed": 5581.945600509644, "delta": 45.07907700538635}, "costs": {"total_cost": 532.6850481146724, "time_cost": 103.166, "final_distance_cost": 1.7943244509682774, "oscillation_cost": 310.46848276161796, "completition_cost": 0.0, "overshoot_cost": 56.91828133882255, "power_cost": 32.41265490722657, "noise_cost": 27.925304656037095, "n_waypoints_completed": 9, "tot_waypoints": 9}}
{"target": -1068.6088658244682, "params": {"k_pid_pos": [0.26993583063194426, 0.6930227820191074, 0.26834082360313494], "k_pid_alt": [0.6519486649738782, 0.5950380342965812, 0.11967144167437038], "k_pid_att": [11.486250283772447, 3.1794560089895887, 0.5040663160035364], "k_pid_yaw": [0.5, 1e-06, 0.1], "k_pid_hsp": [1.3664469961681769, 0.9530934998656787, 0.525241060979236], "k_pid_vsp": [157.46794894989918, 10.91309476145226, 17.23148840308005]}, "datetime": {"datetime": "2025-08-13 11:21:45", "elapsed": 5633.18354344368, "delta": 51.237942934036255}, "costs": {"total_cost": 1068.6088658244682, "time_cost": 150, "final_distance_cost": 51.42461165551489, "oscillation_cost": 171.9994174313076, "completition_cost": 555.5555555555555, "overshoot_cost": 64.81217791374709, "power_cost": 39.92583507080078, "noise_cost": 34.89126819754231, "n_waypoints_completed": 4, "tot_waypoints": 9}}
{"target": -514.5748491852389, "params": {"k_pid_pos": [1.1040485858568716, 0.7469346609013137, 0.31848940354298605], "k_pid_alt": [0.28763728691575974, 0.09875290557070482, 0.05195323984288214], "k_pid_att": [21.81055252383214, 4.971836177455677, 0.6581026757547854], "k_pid_yaw": [0.5, 1e-06, 0.1], "k_pid_hsp": [7.809174670496515, 0.36134213428933804, 0.7314925695831581], "k_pid_vsp": [157.49957181339263, 13.331542737571935, 16.545994794703468]}, "datetime": {"datetime": "2025-08-13 11:22:31", "elapsed": 5679.766943216324, "delta": 46.58339977264404}, "costs": {"total_cost": 514.5748491852389, "time_cost": 109.508, "final_distance_cost": 1.7834918247097022, "oscillation_cost": 288.626536728432, "completition_cost": 0.0, "overshoot_cost": 59.12170471781919, "power_cost": 28.555182946777347, "noise_cost": 26.979932967500773, "n_waypoints_completed": 9, "tot_waypoints": 9}}
{"target": -1035.1051004113492, "params": {"k_pid_pos": [0.8980937291907353, 0.5792806534860395, 0.09746178528787619], "k_pid_alt": [0.12903531297818804, 0.5677501805929509, 0.668576917356442], "k_pid_att": [13.866372614268663, 0.00024456229864462404, 0.5369141050070273], "k_pid_yaw": [0.5, 1e-06, 0.1], "k_pid_hsp": [6.393917685013547, 0.5361615147224935, 0.7422664920894237], "k_pid_vsp": [296.5422634599862, 331.5922198106428, 114.87726696576436]}, "datetime": {"datetime": "2025-08-13 11:23:25", "elapsed": 5733.171143531799, "delta": 53.404200315475464}, "costs": {"total_cost": 1035.1051004113492, "time_cost": 150, "final_distance_cost": 62.90421355422345, "oscillation_cost": 355.7877350126274, "completition_cost": 333.33333333333337, "overshoot_cost": 59.1741394630973, "power_cost": 38.585693029785155, "noise_cost": 35.319986018282506, "n_waypoints_completed": 6, "tot_waypoints": 9}}
{"target": -645.7958631487768, "params": {"k_pid_pos": [0.48723895688107094, 0.3795353417777323, 0.30145356638055754], "k_pid_alt": [0.6920314722240299, 0.8115866598816216, 0.6418332629734984], "k_pid_att": [19.37211293736634, 5.169801314146908, 0.04239682350938245], "k_pid_yaw": [0.5, 1e-06, 0.1], "k_pid_hsp": [1.493072982765901, 0.7017201448117724, 0.1658587973842739], "k_pid_vsp": [163.50338889887328, 30.246973552219103, 11.369113449001844]}, "datetime": {"datetime": "2025-08-13 11:24:14", "elapsed": 5782.646190404892, "delta": 49.47504687309265}, "costs": {"total_cost": 645.7958631487768, "time_cost": 105.70700000000001, "final_distance_cost": 1.7956509796149909, "oscillation_cost": 418.47946584685496, "completition_cost": 0.0, "overshoot_cost": 59.768887409918335, "power_cost": 29.977155407714847, "noise_cost": 30.067703504673688, "n_waypoints_completed": 9, "tot_waypoints": 9}}
{"target": -1167.6900689502472, "params": {"k_pid_pos": [0.14312668415982463, 0.8018002106416251, 0.34548387683805737], "k_pid_alt": [0.637170690012463, 0.08749979051007506, 0.13530064030114064], "k_pid_att": [10.516297676810737, 4.706125158001871, 0.07780712432919679], "k_pid_yaw": [0.5, 1e-06, 0.1], "k_pid_hsp": [3.8462312972978974, 0.30201240898679227, 0.7534370287538212], "k_pid_vsp": [310.3257732621312, 337.1709747623009, 102.15548605394657]}, "datetime": {"datetime": "2025-08-13 11:25:07", "elapsed": 5835.892352104187, "delta": 53.246161699295044}, "costs": {"total_cost": 1167.6900689502472, "time_cost": 150, "final_distance_cost": 53.76437494286168, "oscillation_cost": 285.5376414558508, "completition_cost": 555.5555555555555, "overshoot_cost": 56.26749470128051, "power_cost": 36.09723762207032, "noise_cost": 30.467764672628363, "n_waypoints_completed": 4, "tot_waypoints": 9}}
{"target": -664.9270648424559, "params": {"k_pid_pos": [0.5472383125318175, 0.3262329142101482, 0.8579770271520075], "k_pid_alt": [0.4073772123722321, 0.4040912566240623, 0.2777227200668442], "k_pid_att": [3.7081884059725345, 3.7201804366191014, 0.9705117318119778], "k_pid_yaw": [0.5, 1e-06, 0.1], "k_pid_hsp": [0.9200625752311405, 0.005751812749755669, 0.6340031405856544], "k_pid_vsp": [301.22304271789955, 332.6739506272925, 94.67484755406707]}, "datetime": {"datetime": "2025-08-13 11:25:59", "elapsed": 5887.145959615707, "delta": 51.253607511520386}, "costs": {"total_cost": 664.9270648424559, "time_cost": 150, "final_distance_cost": 71.41505798398954, "oscillation_cost": 107.00898222575131, "completition_cost": 222.2222222222222, "overshoot_cost": 59.63846462827027, "power_cost": 27.644935864257814, "noise_cost": 26.997401917964826, "n_waypoints_completed": 7, "tot_waypoints": 9}}
{"target": -882.94513669483, "params": {"k_pid_pos": [1.1541910943131162, 0.720874384815456, 0.6618343317826855], "k_pid_alt": [1.1112244215670564, 0.7357854030753233, 0.526507414642472], "k_pid_att": [54.170335783390456, 7.915185254944874, 0.6904973540551228], "k_pid_yaw": [0.5, 1e-06, 0.1], "k_pid_hsp": [4.8793053630428025, 0.2337940392164224, 0.896424133120369], "k_pid_vsp": [101.686044593525, 355.8344831077736, 38.486768877978626]}, "datetime": {"datetime": "2025-08-13 11:26:51", "elapsed": 5939.437864542007, "delta": 52.29190492630005}, "costs": {"total_cost": 882.94513669483, "time_cost": 150, "final_distance_cost": 70.67700368810988, "oscillation_cost": 311.3306680452842, "completition_cost": 222.2222222222222, "overshoot_cost": 57.30635581765756, "power_cost": 39.54851530761719, "noise_cost": 31.860371613939076, "n_waypoints_completed": 7, "tot_waypoints": 9}}
{"target": -572.3657005963694, "params": {"k_pid_pos": [1.3312834539574, 0.2424251224352043, 0.20531100957183146], "k_pid_alt": [0.6899252572143018, 0.7141689133899658, 0.688080341861507], "k_pid_att": [14.97735851261478, 6.0922943515513355, 0.14458016275983177], "k_pid_yaw": [0.5, 1e-06, 0.1], "k_pid_hsp": [3.8867962409371204, 0.6181235333756252, 0.7384722469540458], "k_pid_vsp": [263.12472497585213, 267.38405683398685, 58.211736900277465]}, "datetime": {"datetime": "2025-08-13 11:27:39", "elapsed": 5987.056326150894, "delta": 47.61846160888672}, "costs": {"total_cost": 572.3657005963694, "time_cost": 110.57900000000001, "final_distance_cost": 1.7695484222875912, "oscillation_cost": 346.37645381226514, "completition_cost": 0.0, "overshoot_cost": 59.34900749154037, "power_cost": 26.71789744873047, "noise_cost": 27.573793421545787, "n_waypoints_completed": 9, "tot_waypoints": 9}}
{"target": -1216.215198178807, "params": {"k_pid_pos": [0.4763283009283725, 0.43909202087405075, 0.47332098996991867], "k_pid_alt": [1.8444390683107406, 0.19504452376118087, 0.01687473878303891], "k_pid_att": [41.56649307841811, 1.979823123102541, 0.9558160512168986], "k_pid_yaw": [0.5, 1e-06, 0.1], "k_pid_hsp": [0.18626360436893316, 0.4032263825283543, 0.9077118025212522], "k_pid_vsp": [81.69320612038788, 352.11020051966375, 44.133213536751995]}, "datetime": {"datetime": "2025-08-13 11:28:31", "elapsed": 6039.369992256165, "delta": 52.313666105270386}, "costs": {"total_cost": 1216.215198178807, "time_cost": 150, "final_distance_cost": 45.15702407822363, "oscillation_cost": 426.91047481058155, "completition_cost": 444.4444444444444, "overshoot_cost": 89.68943873521309, "power_cost": 32.490390454101565, "noise_cost": 27.523425656242708, "n_waypoints_completed": 5, "tot_waypoints": 9}}
{"target": -977.6526360678868, "params": {"k_pid_pos": [0.6388394501807638, 0.9393620749222786, 0.7387301151951065], "k_pid_alt": [0.8126864344889408, 0.7666608013793745, 0.929037203846453], "k_pid_att": [19.17782776926681, 1.7243800530685445, 0.8694005687793285], "k_pid_yaw": [0.5, 1e-06, 0.1], "k_pid_hsp": [1.4926875730278937, 0.32608950165070916, 0.5011578984640903], "k_pid_vsp": [245.71789792767845, 266.2541696515659, 49.82974069232205]}, "datetime": {"datetime": "2025-08-13 11:29:25", "elapsed": 6093.405331850052, "delta": 54.03533959388733}, "costs": {"total_cost": 977.6526360678868, "time_cost": 150, "final_distance_cost": 51.27073837872887, "oscillation_cost": 218.37562635956863, "completition_cost": 444.4444444444444, "overshoot_cost": 58.11702807531398, "power_cost": 27.721062438964847, "noise_cost": 27.723736370866025, "n_waypoints_completed": 5, "tot_waypoints": 9}}
{"target": -1231.6929513674106, "params": {"k_pid_pos": [0.024532740987394722, 0.31621583073887527, 0.005127409076170153], "k_pid_alt": [0.860724538510065, 0.06562368905227323, 0.21138446203320826], "k_pid_att": [7.913187438002856, 0.3865407440070025, 0.6977867600141656], "k_pid_yaw": [0.5, 1e-06, 0.1], "k_pid_hsp": [1.2229507076365822, 0.9555788246771565, 0.871343067073248], "k_pid_vsp": [276.23131504697034, 284.25827299952084, 36.71451757293147]}, "datetime": {"datetime": "2025-08-13 11:30:21", "elapsed": 6149.206258773804, "delta": 55.80092692375183}, "costs": {"total_cost": 1231.6929513674106, "time_cost": 150, "final_distance_cost": 86.89517229167348, "oscillation_cost": 122.17673509961034, "completition_cost": 777.7777777777778, "overshoot_cost": 47.0945735516446, "power_cost": 23.373635583496096, "noise_cost": 24.37505706320844, "n_waypoints_completed": 2, "tot_waypoints": 9}}
{"target": -628.6545893461981, "params": {"k_pid_pos": [1.4786787504191858, 0.7925116380488819, 0.6290630844061202], "k_pid_alt": [1.177207660444533, 0.2880371536727432, 0.8289753588179606], "k_pid_att": [52.05966144214127, 9.929735616444551, 0.026034619540394544], "k_pid_yaw": [0.5, 1e-06, 0.1], "k_pid_hsp": [8.458441147836181, 0.6431177841658462, 0.35599892675561984], "k_pid_vsp": [99.1137298268272, 360.81892173704097, 51.266395619155766]}, "datetime": {"datetime": "2025-08-13 11:31:04", "elapsed": 6192.116989374161, "delta": 42.910730600357056}, "costs": {"total_cost": 628.6545893461981, "time_cost": 97.293, "final_distance_cost": 1.731392228470864, "oscillation_cost": 425.04722555133566, "completition_cost": 0.0, "overshoot_cost": 53.34817787625135, "power_cost": 27.656606213378907, "noise_cost": 23.57818747676134, "n_waypoints_completed": 9, "tot_waypoints": 9}}
