{"target": -726.5015761738429, "params": {"k_pid_pos": [0.3314735296862802, 0.570370649374001, 0.4981052735375382], "k_pid_alt": [1.0704422319463403, 0.4994770822176092, 0.3031160568359582], "k_pid_att": [45.44329602068085, 7.840438175846933, 0.23971689171830568], "k_pid_yaw": [0.5, 1e-06, 0.1], "k_pid_hsp": [5.997794416305929, 0.9512577643408255, 0.16757888926146092], "k_pid_vsp": [227.81336054342353, 285.6545579597889, 46.19160139509511]}, "datetime": {"datetime": "2025-08-14 00:38:36", "elapsed": 53444.35654592514, "delta": 42.18753910064697}, "costs": {"total_cost": 726.5015761738429, "time_cost": 114.47800000000001, "final_distance_cost": 1.7853636061232208, "oscillation_cost": 495.8819967432484, "completition_cost": 0.0, "overshoot_cost": 58.05661655378986, "power_cost": 28.63314324951172, "noise_cost": 27.666456021169708, "n_waypoints_completed": 9, "tot_waypoints": 9}}
{"target": -734.2408219078603, "params": {"k_pid_pos": [0.5967584887437822, 0.13338788045953986, 0.4071945100726455], "k_pid_alt": [0.5240416331675644, 0.9851231897212059, 0.8262973915774097], "k_pid_att": [56.05960087831995, 2.212026669646111, 0.3718326036295093], "k_pid_yaw": [0.5, 1e-06, 0.1], "k_pid_hsp": [6.297312771433339, 0.1086124178384803, 0.030216641488955087], "k_pid_vsp": [83.03629315585104, 360.25203792494534, 45.6197728620214]}, "datetime": {"datetime": "2025-08-14 00:39:12", "elapsed": 53480.907733917236, "delta": 36.55118799209595}, "costs": {"total_cost": 734.2408219078603, "time_cost": 150, "final_distance_cost": 13.217806266976371, "oscillation_cost": 330.8502995650938, "completition_cost": 111.11111111111116, "overshoot_cost": 64.95333595130656, "power_cost": 35.60494323730469, "noise_cost": 28.503325776067634, "n_waypoints_completed": 8, "tot_waypoints": 9}}
{"target": -647.9164624076918, "params": {"k_pid_pos": [0.3214917314724821, 0.001723451893076211, 0.02341941038244666], "k_pid_alt": [0.26554423042385156, 0.4755700201699057, 0.7911488751618506], "k_pid_att": [21.980981713549564, 3.0773762447509725, 0.9199571526796918], "k_pid_yaw": [0.5, 1e-06, 0.1], "k_pid_hsp": [6.33685364905184, 0.25935196367026325, 0.6650008657724227], "k_pid_vsp": [266.6832801465599, 340.6858546318105, 97.5846917458931]}, "datetime": {"datetime": "2025-08-14 00:39:58", "elapsed": 53526.369723558426, "delta": 45.461989641189575}, "costs": {"total_cost": 647.9164624076918, "time_cost": 114.57600000000001, "final_distance_cost": 1.8055339357557745, "oscillation_cost": 402.2474506760331, "completition_cost": 0.0, "overshoot_cost": 64.78624723249428, "power_cost": 32.92934665527344, "noise_cost": 31.57188390813529, "n_waypoints_completed": 9, "tot_waypoints": 9}}
{"target": -648.9986107146303, "params": {"k_pid_pos": [0.474916404275322, 0.5429821359093168, 0.13667991819831604], "k_pid_alt": [1.7586481068623965, 0.8659660456658635, 0.7066577880200257], "k_pid_att": [22.949258711009236, 9.339202662902736, 0.3342838991260323], "k_pid_yaw": [0.5, 1e-06, 0.1], "k_pid_hsp": [8.992557729172514, 0.28655375026620866, 0.5574851750973793], "k_pid_vsp": [159.778940781788, 17.785402199864336, 15.408678269267893]}, "datetime": {"datetime": "2025-08-14 00:40:35", "elapsed": 53563.340846538544, "delta": 36.9711229801178}, "costs": {"total_cost": 648.9986107146303, "time_cost": 115.892, "final_distance_cost": 1.7479352947244255, "oscillation_cost": 413.8177755507138, "completition_cost": 0.0, "overshoot_cost": 56.99020310768276, "power_cost": 30.886665856933597, "noise_cost": 29.664030904575707, "n_waypoints_completed": 9, "tot_waypoints": 9}}
{"target": -445.89662219051723, "params": {"k_pid_pos": [1.7870337222272676, 0.24575079133198063, 0.27076786852618273], "k_pid_alt": [1.1262171314041667, 0.8426519681772665, 0.12235619706694567], "k_pid_att": [22.50434065945538, 5.700922743159533, 0.4723006594418818], "k_pid_yaw": [0.5, 1e-06, 0.1], "k_pid_hsp": [7.177378587013028, 0.30243190049880797, 0.5084018876183242], "k_pid_vsp": [298.50882730989554, 330.5353575690665, 69.1842900961114]}, "datetime": {"datetime": "2025-08-14 00:41:07", "elapsed": 53595.31920623779, "delta": 31.978359699249268}, "costs": {"total_cost": 445.89662219051723, "time_cost": 92.253, "final_distance_cost": 1.7668322641116774, "oscillation_cost": 248.22256738064897, "completition_cost": 0.0, "overshoot_cost": 56.18017641182964, "power_cost": 24.805697607421877, "noise_cost": 22.668348526505078, "n_waypoints_completed": 9, "tot_waypoints": 9}}
{"target": -854.4178908932174, "params": {"k_pid_pos": [0.3799686555367827, 0.17434697834653823, 0.8470126181970964], "k_pid_alt": [1.9709916101917804, 0.1198184268742919, 0.03945054493102629], "k_pid_att": [7.353513048626493, 9.997994104567, 0.23592700959902002], "k_pid_yaw": [0.5, 1e-06, 0.1], "k_pid_hsp": [5.4329163170900445, 0.7832231451729005, 0.2693358119878039], "k_pid_vsp": [250.2621798158755, 283.7779512500543, 46.87500899897484]}, "datetime": {"datetime": "2025-08-14 00:41:48", "elapsed": 53636.611657619476, "delta": 41.29245138168335}, "costs": {"total_cost": 854.4178908932174, "time_cost": 150, "final_distance_cost": 67.84311307354521, "oscillation_cost": 311.2406925481633, "completition_cost": 222.2222222222222, "overshoot_cost": 47.43673336114512, "power_cost": 29.182853063964846, "noise_cost": 26.4922766241767, "n_waypoints_completed": 7, "tot_waypoints": 9}}
{"target": -516.6294816082095, "params": {"k_pid_pos": [0.42933209223417645, 0.9937892215112567, 0.8242103521353238], "k_pid_alt": [0.8227644263678378, 0.0253285356883719, 0.8820148777978075], "k_pid_att": [19.072686927653326, 1.4003799921901339, 0.6684605139128208], "k_pid_yaw": [0.5, 1e-06, 0.1], "k_pid_hsp": [5.737744587965532, 0.2867167634904175, 0.26498035892336247], "k_pid_vsp": [165.63107032531522, 12.120654088896865, 13.687974405683777]}, "datetime": {"datetime": "2025-08-14 00:42:24", "elapsed": 53672.73051285744, "delta": 36.118855237960815}, "costs": {"total_cost": 516.6294816082095, "time_cost": 118.811, "final_distance_cost": 1.7944504022658911, "oscillation_cost": 280.88391824999724, "completition_cost": 0.0, "overshoot_cost": 57.553739255667246, "power_cost": 28.647212927246095, "noise_cost": 28.93916077303305, "n_waypoints_completed": 9, "tot_waypoints": 9}}
{"target": -682.8605976863661, "params": {"k_pid_pos": [0.5737230915351332, 0.2867591831028682, 0.2670232859991445], "k_pid_alt": [0.3691809639762529, 0.7775276831441184, 0.8289522297179297], "k_pid_att": [9.92961764963387, 0.7982131360514686, 0.9526013497048805], "k_pid_yaw": [0.5, 1e-06, 0.1], "k_pid_hsp": [2.6355120576657085, 0.7206711066512506, 0.9301032718211619], "k_pid_vsp": [199.03682369965043, 306.57742346760546, 8.325513207579435]}, "datetime": {"datetime": "2025-08-14 00:43:04", "elapsed": 53712.80368566513, "delta": 40.07317280769348}, "costs": {"total_cost": 682.8605976863661, "time_cost": 150, "final_distance_cost": 65.88044162509827, "oscillation_cost": 233.7065385637958, "completition_cost": 111.11111111111116, "overshoot_cost": 56.74635017950874, "power_cost": 31.62177996826172, "noise_cost": 33.79437623859038, "n_waypoints_completed": 8, "tot_waypoints": 9}}
{"target": -737.4982189676582, "params": {"k_pid_pos": [1.1281552888354063, 0.5825393046133138, 0.1912545316004709], "k_pid_alt": [0.40633550153326636, 0.24452639731558656, 0.9897431315341633], "k_pid_att": [10.990498372928803, 8.267706658584984, 0.7060089473337297], "k_pid_yaw": [0.5, 1e-06, 0.1], "k_pid_hsp": [6.879485672403276, 0.8883174329378757, 0.6496653287772878], "k_pid_vsp": [308.48764141320686, 338.97239089628226, 128.71675578921287]}, "datetime": {"datetime": "2025-08-14 00:43:46", "elapsed": 53754.452963113785, "delta": 41.649277448654175}, "costs": {"total_cost": 737.4982189676582, "time_cost": 150, "final_distance_cost": 65.88646682837157, "oscillation_cost": 291.67098903584423, "completition_cost": 111.11111111111116, "overshoot_cost": 51.49448112249947, "power_cost": 36.95363785400391, "noise_cost": 30.381533015827966, "n_waypoints_completed": 8, "tot_waypoints": 9}}
{"target": -495.57674989612366, "params": {"k_pid_pos": [1.5190426542607556, 0.2814362701408436, 0.9201300441139332], "k_pid_alt": [0.5573072960787433, 0.8766587926437205, 0.18171560263710396], "k_pid_att": [11.123065956650835, 8.015222046435841, 0.2803471624354864], "k_pid_yaw": [0.5, 1e-06, 0.1], "k_pid_hsp": [6.648425828002984, 0.6899388776549842, 0.29906737589908317], "k_pid_vsp": [260.42340634673906, 271.4185465536301, 37.76417783565593]}, "datetime": {"datetime": "2025-08-14 00:44:22", "elapsed": 53790.409843444824, "delta": 35.95688033103943}, "costs": {"total_cost": 495.57674989612366, "time_cost": 101.528, "final_distance_cost": 1.750228346904584, "oscillation_cost": 287.78194864793335, "completition_cost": 0.0, "overshoot_cost": 59.54459879541206, "power_cost": 22.454031408691407, "noise_cost": 22.517942697182274, "n_waypoints_completed": 9, "tot_waypoints": 9}}
{"target": -507.6659758050321, "params": {"k_pid_pos": [0.9469700364059008, 0.18351385987266466, 0.908929100303021], "k_pid_alt": [0.808921565403679, 0.8190866316734524, 0.11524935385617974], "k_pid_att": [11.288341654897094, 2.2679110470720367, 0.10586964557742684], "k_pid_yaw": [0.5, 1e-06, 0.1], "k_pid_hsp": [9.804970187792929, 0.6373612315728089, 0.04639923139168389], "k_pid_vsp": [205.64796208087483, 304.95971085887544, 21.861131306127742]}, "datetime": {"datetime": "2025-08-14 00:44:58", "elapsed": 53826.35988879204, "delta": 35.950045347213745}, "costs": {"total_cost": 507.6659758050321, "time_cost": 102.179, "final_distance_cost": 1.782784532724092, "oscillation_cost": 292.22930302286267, "completition_cost": 0.0, "overshoot_cost": 60.22142502764153, "power_cost": 26.42814375, "noise_cost": 24.82531947180375, "n_waypoints_completed": 9, "tot_waypoints": 9}}
{"target": -351.37133266917573, "params": {"k_pid_pos": [1.0286685172603829, 0.6906544163288736, 0.9200039246716312], "k_pid_alt": [1.066748421049978, 0.5724745908520492, 0.06943717826989837], "k_pid_att": [5.509097040860844, 1.7089789233449892, 0.4261243517761506], "k_pid_yaw": [0.5, 1e-06, 0.1], "k_pid_hsp": [6.141085505245514, 0.3539123936421581, 0.8444181950240656], "k_pid_vsp": [176.94335093777232, 5.293523827200111, 14.620553180803606]}, "datetime": {"datetime": "2025-08-14 00:45:37", "elapsed": 53865.24503016472, "delta": 38.885141372680664}, "costs": {"total_cost": 351.37133266917573, "time_cost": 93.961, "final_distance_cost": 1.7310953507712663, "oscillation_cost": 158.67874615822382, "completition_cost": 0.0, "overshoot_cost": 56.26211555394216, "power_cost": 19.482928967285158, "noise_cost": 21.25544663895332, "n_waypoints_completed": 9, "tot_waypoints": 9}}
{"target": -340.4184901844081, "params": {"k_pid_pos": [0.5078548159793483, 0.7589805365716287, 0.4442026682290031], "k_pid_alt": [1.3508993357305796, 0.7864575156053603, 0.8718814327494454], "k_pid_att": [11.759328642537014, 5.587687728818647, 0.8891243554589509], "k_pid_yaw": [0.5, 1e-06, 0.1], "k_pid_hsp": [8.444856544894797, 0.7397185553563094, 0.19773614095722292], "k_pid_vsp": [308.8577916665759, 356.9114968410679, 113.624868396928]}, "datetime": {"datetime": "2025-08-14 00:46:13", "elapsed": 53901.93236374855, "delta": 36.68733358383179}, "costs": {"total_cost": 340.4184901844081, "time_cost": 95.424, "final_distance_cost": 1.7767737139243909, "oscillation_cost": 143.95842420875024, "completition_cost": 0.0, "overshoot_cost": 56.17156474049255, "power_cost": 22.149546606445313, "noise_cost": 20.938180914795545, "n_waypoints_completed": 9, "tot_waypoints": 9}}
{"target": -503.4163507014662, "params": {"k_pid_pos": [1.892742629515457, 0.46414761647426883, 0.0058840353319737915], "k_pid_alt": [1.0886007219907876, 0.2015045705608025, 0.20480263268655174], "k_pid_att": [27.970127141467238, 1.4959984692604822, 0.9076623469526628], "k_pid_yaw": [0.5, 1e-06, 0.1], "k_pid_hsp": [9.501554034043279, 0.11923937826107467, 0.8945383641534398], "k_pid_vsp": [294.30425640296744, 339.0126998312006, 100.1514824919393]}, "datetime": {"datetime": "2025-08-14 00:46:49", "elapsed": 53937.27799296379, "delta": 35.34562921524048}, "costs": {"total_cost": 503.4163507014662, "time_cost": 110.24300000000001, "final_distance_cost": 1.731858015400847, "oscillation_cost": 271.3701806320795, "completition_cost": 0.0, "overshoot_cost": 58.88495721868258, "power_cost": 33.00341337890625, "noise_cost": 28.182941456397003, "n_waypoints_completed": 9, "tot_waypoints": 9}}
{"target": -562.2366604332649, "params": {"k_pid_pos": [1.0352171470010632, 0.391851861568869, 0.39178724445146274], "k_pid_alt": [0.5653084572420957, 0.4532352466179157, 0.5129645006617141], "k_pid_att": [54.40320470730238, 5.349968803039441, 0.7886822780153879], "k_pid_yaw": [0.5, 1e-06, 0.1], "k_pid_hsp": [6.425614396921266, 0.6674586225109277, 0.6445983695017719], "k_pid_vsp": [79.07040197021864, 354.0924906614836, 47.203304988123456]}, "datetime": {"datetime": "2025-08-14 00:47:21", "elapsed": 53969.18359255791, "delta": 31.90559959411621}, "costs": {"total_cost": 562.2366604332649, "time_cost": 94.178, "final_distance_cost": 1.7541905319398412, "oscillation_cost": 359.4184857937701, "completition_cost": 0.0, "overshoot_cost": 54.97783719833258, "power_cost": 28.57620322265625, "noise_cost": 23.331943686566103, "n_waypoints_completed": 9, "tot_waypoints": 9}}
{"target": -1159.3937494942766, "params": {"k_pid_pos": [0.2619696309731219, 0.39674439324558786, 0.27406972345388114], "k_pid_alt": [1.807773114974052, 0.7307998074900025, 0.7211360208184131], "k_pid_att": [39.376788066087585, 6.396552983195888, 0.06525744510778064], "k_pid_yaw": [0.5, 1e-06, 0.1], "k_pid_hsp": [5.222028952916493, 0.9129509326397468, 0.6370482580143181], "k_pid_vsp": [108.81473579004863, 347.3590907943052, 50.15798095553378]}, "datetime": {"datetime": "2025-08-14 00:47:58", "elapsed": 54005.9838681221, "delta": 36.800275564193726}, "costs": {"total_cost": 1159.3937494942766, "time_cost": 150, "final_distance_cost": 63.512708613594775, "oscillation_cost": 621.1808946312291, "completition_cost": 222.2222222222222, "overshoot_cost": 50.91744039163268, "power_cost": 25.689982104492188, "noise_cost": 25.870501531105727, "n_waypoints_completed": 7, "tot_waypoints": 9}}
{"target": -381.2489853536562, "params": {"k_pid_pos": [1.4192531131635029, 0.7518925531071683, 0.5885759093148292], "k_pid_alt": [1.3002684396244415, 0.301096206433103, 0.5641009471732115], "k_pid_att": [9.167659605369117, 0.33768315577360064, 0.6682292405337843], "k_pid_yaw": [0.5, 1e-06, 0.1], "k_pid_hsp": [6.928277640045393, 0.12795312335398745, 0.6170475185050174], "k_pid_vsp": [171.21472698836828, 12.857210334990814, 8.29607977222528]}, "datetime": {"datetime": "2025-08-14 00:48:33", "elapsed": 54041.77300643921, "delta": 35.789138317108154}, "costs": {"total_cost": 381.2489853536562, "time_cost": 96.061, "final_distance_cost": 1.7386295143290675, "oscillation_cost": 175.0723957104186, "completition_cost": 0.0, "overshoot_cost": 57.51741355493181, "power_cost": 24.038078063964846, "noise_cost": 26.821468510011922, "n_waypoints_completed": 9, "tot_waypoints": 9}}
{"target": -472.5684972797181, "params": {"k_pid_pos": [1.0209550072344094, 0.8783096955081646, 0.9923803719053269], "k_pid_alt": [1.317860614302253, 0.3949901457287528, 0.3876511315206329], "k_pid_att": [13.286143859759836, 5.705956106702049, 0.2665924941501757], "k_pid_yaw": [0.5, 1e-06, 0.1], "k_pid_hsp": [3.2742322299130566, 0.937146102840844, 0.16718318446852776], "k_pid_vsp": [285.69312708207815, 321.9286270467998, 106.07100448207996]}, "datetime": {"datetime": "2025-08-14 00:49:12", "elapsed": 54080.71150422096, "delta": 38.93849778175354}, "costs": {"total_cost": 472.5684972797181, "time_cost": 95.928, "final_distance_cost": 1.7660817345350737, "oscillation_cost": 271.6964103015118, "completition_cost": 0.0, "overshoot_cost": 52.47153827152646, "power_cost": 27.00452998046875, "noise_cost": 23.701936991676018, "n_waypoints_completed": 9, "tot_waypoints": 9}}
{"target": -885.8078644365114, "params": {"k_pid_pos": [0.3773117503597554, 0.5826298635235234, 0.5423348860937482], "k_pid_alt": [1.4049082118854557, 0.453321968656616, 0.05867474417660923], "k_pid_att": [19.812624049829274, 8.094528701502266, 0.7976121004060004], "k_pid_yaw": [0.5, 1e-06, 0.1], "k_pid_hsp": [0.6541778826274356, 0.7073450564585896, 0.5494803866105477], "k_pid_vsp": [300.3468279047404, 322.60010607441654, 77.17122121375206]}, "datetime": {"datetime": "2025-08-14 00:49:50", "elapsed": 54118.06488418579, "delta": 37.35337996482849}, "costs": {"total_cost": 885.8078644365114, "time_cost": 150, "final_distance_cost": 63.92383990326736, "oscillation_cost": 331.43398855846226, "completition_cost": 222.2222222222222, "overshoot_cost": 55.260611636966196, "power_cost": 34.0960126953125, "noise_cost": 28.87118942028091, "n_waypoints_completed": 7, "tot_waypoints": 9}}
{"target": -1597.6000734608417, "params": {"k_pid_pos": [0.04139956112541462, 0.33982778539243996, 0.3080509468054732], "k_pid_alt": [0.5192675997998701, 0.7298323608955183, 0.5411872518284803], "k_pid_att": [42.68139655561251, 3.487225282137649, 0.703559223171085], "k_pid_yaw": [0.5, 1e-06, 0.1], "k_pid_hsp": [3.887053565176948, 0.5178183998168994, 0.23084611243836728], "k_pid_vsp": [234.35755669287067, 274.4078989720775, 41.09704743756524]}, "datetime": {"datetime": "2025-08-14 00:50:33", "elapsed": 54161.34821677208, "delta": 43.28333258628845}, "costs": {"total_cost": 1597.6000734608417, "time_cost": 150, "final_distance_cost": 86.09326316679439, "oscillation_cost": 482.19176797461273, "completition_cost": 777.7777777777778, "overshoot_cost": 42.919086829085245, "power_cost": 31.196842736816407, "noise_cost": 27.42133497575482, "n_waypoints_completed": 2, "tot_waypoints": 9}}
{"target": -772.2429807078656, "params": {"k_pid_pos": [1.5972205954912218, 0.5792085670231878, 0.5736788422570156], "k_pid_alt": [0.03845866073489357, 0.4461057659069756, 0.14552756166395153], "k_pid_att": [13.981779146544614, 2.3011041991401404, 0.9140168277615882], "k_pid_yaw": [0.5, 1e-06, 0.1], "k_pid_hsp": [7.426030901736162, 0.7317773654005694, 0.8681449208383192], "k_pid_vsp": [310.5708256222127, 307.4931872683976, 114.29518508757647]}, "datetime": {"datetime": "2025-08-14 00:51:14", "elapsed": 54202.035880088806, "delta": 40.687663316726685}, "costs": {"total_cost": 772.2429807078656, "time_cost": 150, "final_distance_cost": 59.95727907695978, "oscillation_cost": 305.55848204002456, "completition_cost": 111.11111111111116, "overshoot_cost": 64.96900529382557, "power_cost": 44.90310891113281, "noise_cost": 35.74399427481172, "n_waypoints_completed": 8, "tot_waypoints": 9}}
{"target": -351.48866055357587, "params": {"k_pid_pos": [1.409469323389714, 0.29585176110709144, 0.978471413245154], "k_pid_alt": [0.27128784787530447, 0.2605513099600033, 0.7577135884025669], "k_pid_att": [10.716117655825864, 3.4838267462353465, 0.963451345989108], "k_pid_yaw": [0.5, 1e-06, 0.1], "k_pid_hsp": [7.425107090292581, 0.9959249826695258, 0.5325552461851623], "k_pid_vsp": [321.85841414341974, 332.12454344786283, 108.51423407704037]}, "datetime": {"datetime": "2025-08-14 00:51:45", "elapsed": 54233.910737752914, "delta": 31.874857664108276}, "costs": {"total_cost": 351.48866055357587, "time_cost": 92.995, "final_distance_cost": 1.7485696936957107, "oscillation_cost": 164.35571651129993, "completition_cost": 0.0, "overshoot_cost": 55.69205594224538, "power_cost": 17.940014489746094, "noise_cost": 18.757303916588768, "n_waypoints_completed": 9, "tot_waypoints": 9}}
{"target": -860.6720924677292, "params": {"k_pid_pos": [1.3467461793287456, 0.6185180141553014, 0.006010137959824191], "k_pid_alt": [0.7965540522682648, 0.7418956553348748, 0.3393114741776515], "k_pid_att": [2.376855935719091, 5.6846636278928635, 0.3263270000215638], "k_pid_yaw": [0.5, 1e-06, 0.1], "k_pid_hsp": [9.765899658256535, 0.9896702965683185, 0.41923572518708696], "k_pid_vsp": [291.9267325493169, 274.3243898498537, 64.60800368037813]}, "datetime": {"datetime": "2025-08-14 00:52:23", "elapsed": 54271.35366678238, "delta": 37.44292902946472}, "costs": {"total_cost": 860.6720924677292, "time_cost": 150, "final_distance_cost": 76.50624167879259, "oscillation_cost": 282.41769318734714, "completition_cost": 222.2222222222222, "overshoot_cost": 59.179934034957306, "power_cost": 38.05765422363282, "noise_cost": 32.28834712077703, "n_waypoints_completed": 7, "tot_waypoints": 9}}
{"target": -1087.9839040760849, "params": {"k_pid_pos": [0.09403438845203904, 0.4388890707816584, 0.6881238602971769], "k_pid_alt": [1.7115005035737647, 0.7102998772319185, 0.8528831844852645], "k_pid_att": [11.917770348808753, 5.04433597779043, 0.5463182961614104], "k_pid_yaw": [0.5, 1e-06, 0.1], "k_pid_hsp": [8.387560543379154, 0.17824641023864085, 0.5701615975164286], "k_pid_vsp": [261.45672437061523, 266.688599056157, 49.479774340621425]}, "datetime": {"datetime": "2025-08-14 00:53:04", "elapsed": 54312.13859343529, "delta": 40.784926652908325}, "costs": {"total_cost": 1087.9839040760849, "time_cost": 150, "final_distance_cost": 52.7330970849257, "oscillation_cost": 332.2841237255866, "completition_cost": 444.4444444444444, "overshoot_cost": 58.743933172819716, "power_cost": 24.47488094482422, "noise_cost": 25.30342470348438, "n_waypoints_completed": 5, "tot_waypoints": 9}}
