{"target": -429.6587448027856, "params": {"k_pid_pos": [0.8958107641392775, 0.4619314812121701, 0.4492656493134358], "k_pid_alt": [1.8656933436188308, 0.7246559026756634, 0.758480119236578], "k_pid_att": [9.92713236524927, 1.7562735914939425, 0.5582361899565086], "k_pid_yaw": [0.5, 1e-06, 0.1], "k_pid_hsp": [4.401213633267842, 0.3753619934616774, 0.46624849415274894], "k_pid_vsp": [286.124713902779, 291.2734784833338, 67.87530329322942]}, "datetime": {"datetime": "2025-08-14 04:33:37", "elapsed": 67545.7882065773, "delta": 34.24522399902344}, "costs": {"total_cost": 429.6587448027856, "time_cost": 98.77, "final_distance_cost": 1.7503422321131208, "oscillation_cost": 218.30492651361794, "completition_cost": 0.0, "overshoot_cost": 56.88696263788982, "power_cost": 28.80848350830078, "noise_cost": 25.138029910863917, "n_waypoints_completed": 9, "tot_waypoints": 9}}
{"target": -865.8604395498727, "params": {"k_pid_pos": [0.8711557882433875, 0.7625728283877551, 0.35543739590494283], "k_pid_alt": [0.6116433669509267, 0.04566926634359325, 0.09026083662832785], "k_pid_att": [46.308340396936366, 5.135225041135265, 0.9087074620172574], "k_pid_yaw": [0.5, 1e-06, 0.1], "k_pid_hsp": [3.886011388821619, 0.016504299045531412, 0.8074432475431111], "k_pid_vsp": [96.91242785120902, 352.95539190255596, 43.49610648319548]}, "datetime": {"datetime": "2025-08-14 04:34:18", "elapsed": 67586.474162817, "delta": 40.68595623970032}, "costs": {"total_cost": 865.8604395498727, "time_cost": 150, "final_distance_cost": 75.31249279807422, "oscillation_cost": 289.82061867531405, "completition_cost": 222.2222222222222, "overshoot_cost": 53.59990296509941, "power_cost": 43.090935083007814, "noise_cost": 31.814267806155033, "n_waypoints_completed": 7, "tot_waypoints": 9}}
{"target": -387.54334219312125, "params": {"k_pid_pos": [0.8157581344283948, 0.06238204815154913, 0.8761024464822186], "k_pid_alt": [1.1108247035591063, 0.5753632228696718, 0.1507815099234986], "k_pid_att": [18.747611786093742, 4.368990519420856, 0.4475485559085832], "k_pid_yaw": [0.5, 1e-06, 0.1], "k_pid_hsp": [3.9583526963815623, 0.18153964145974966, 0.17098216490089313], "k_pid_vsp": [274.4979242040378, 260.57660575271103, 36.889136435182806]}, "datetime": {"datetime": "2025-08-14 04:34:49", "elapsed": 67617.21719908714, "delta": 30.7430362701416}, "costs": {"total_cost": 387.54334219312125, "time_cost": 80.815, "final_distance_cost": 1.8170915318163532, "oscillation_cost": 216.00113142885837, "completition_cost": 0.0, "overshoot_cost": 52.28878166425702, "power_cost": 17.769790270996094, "noise_cost": 18.85154729719333, "n_waypoints_completed": 9, "tot_waypoints": 9}}
{"target": -1074.1978337161343, "params": {"k_pid_pos": [0.3636762397924996, 0.48782638499113806, 0.990203416984315], "k_pid_alt": [1.5501948001081733, 0.41972322079668023, 0.6597074828265677], "k_pid_att": [49.327814045806115, 5.187425520320517, 0.6101366344017984], "k_pid_yaw": [0.5, 1e-06, 0.1], "k_pid_hsp": [7.514110548037379, 0.4887710519348524, 0.9323588633416849], "k_pid_vsp": [222.72928752902868, 273.9370808716675, 41.02920076035754]}, "datetime": {"datetime": "2025-08-14 04:35:34", "elapsed": 67662.5316259861, "delta": 45.3144268989563}, "costs": {"total_cost": 1074.1978337161343, "time_cost": 150, "final_distance_cost": 71.0253355868037, "oscillation_cost": 519.7588300819336, "completition_cost": 222.2222222222222, "overshoot_cost": 50.235957138156984, "power_cost": 33.02650753173828, "noise_cost": 27.92898115527934, "n_waypoints_completed": 7, "tot_waypoints": 9}}
{"target": -378.5632511787178, "params": {"k_pid_pos": [1.445916626513604, 0.21076258578764362, 0.7858337965662928], "k_pid_alt": [1.5511057797649537, 0.15102311765320153, 0.7399369842054189], "k_pid_att": [6.024347386188977, 3.461763025584885, 0.31041847872003525], "k_pid_yaw": [0.5, 1e-06, 0.1], "k_pid_hsp": [8.887108232900708, 0.026762299407824708, 0.5163862014806236], "k_pid_vsp": [306.21067091569444, 343.6051453537297, 110.54891074951233]}, "datetime": {"datetime": "2025-08-14 04:36:09", "elapsed": 67697.79639339447, "delta": 35.26476740837097}, "costs": {"total_cost": 378.5632511787178, "time_cost": 89.642, "final_distance_cost": 1.7405732584812788, "oscillation_cost": 200.46241678770346, "completition_cost": 0.0, "overshoot_cost": 51.93478446980278, "power_cost": 16.949675244140625, "noise_cost": 17.83380141858966, "n_waypoints_completed": 9, "tot_waypoints": 9}}
{"target": -252.82818485549325, "params": {"k_pid_pos": [2.0, 0.4079188579688956, 0.7938669394086322], "k_pid_alt": [1.646755837171745, 0.5946645353558658, 0.46393243356732333], "k_pid_att": [8.349189845907814, 6.485227234074746, 0.7958319935453242], "k_pid_yaw": [0.5, 1e-06, 0.1], "k_pid_hsp": [6.01822401823064, 0.44944612652602633, 0.0], "k_pid_vsp": [172.2034062583392, 26.863000297015287, 6.944463088074826]}, "datetime": {"datetime": "2025-08-14 04:37:06", "elapsed": 67754.19998550415, "delta": 56.403592109680176}, "costs": {"total_cost": 252.82818485549325, "time_cost": 89.075, "final_distance_cost": 1.7879645870361032, "oscillation_cost": 55.226502485503936, "completition_cost": 0.0, "overshoot_cost": 54.09356639981505, "power_cost": 26.028907360839845, "noise_cost": 26.616244022298343, "n_waypoints_completed": 9, "tot_waypoints": 9}}
{"target": -810.2541488634762, "params": {"k_pid_pos": [0.2071724180767322, 0.3972219335612056, 0.24565498605336045], "k_pid_alt": [1.1205731363713534, 0.10797952932647192, 0.5273362420716996], "k_pid_att": [8.63416825811708, 4.739276186940422, 0.3782971524669758], "k_pid_yaw": [0.5, 1e-06, 0.1], "k_pid_hsp": [6.201145939280969, 0.21490535872685368, 0.22021784519669418], "k_pid_vsp": [303.0272911369531, 329.5332120603957, 97.1857640793786]}, "datetime": {"datetime": "2025-08-14 04:37:42", "elapsed": 67790.85730242729, "delta": 36.65731692314148}, "costs": {"total_cost": 810.2541488634762, "time_cost": 150, "final_distance_cost": 73.8747500662444, "oscillation_cost": 152.33077148770192, "completition_cost": 333.33333333333337, "overshoot_cost": 44.43753677955511, "power_cost": 29.524219958496094, "noise_cost": 26.75353723814526, "n_waypoints_completed": 6, "tot_waypoints": 9}}
{"target": -261.4128228839545, "params": {"k_pid_pos": [1.7690834613901838, 0.5720101188413101, 0.481736134090934], "k_pid_alt": [1.5765334668023434, 0.2918641136165381, 0.5342150089692131], "k_pid_att": [18.34446063083307, 6.976654265520589, 0.774910184887809], "k_pid_yaw": [0.5, 1e-06, 0.1], "k_pid_hsp": [4.898211859647602, 0.6706873549413107, 0.0], "k_pid_vsp": [301.7241532728372, 331.04146053076227, 81.96250032194752]}, "datetime": {"datetime": "2025-08-14 04:38:22", "elapsed": 67830.06414532661, "delta": 39.20684289932251}, "costs": {"total_cost": 261.4128228839545, "time_cost": 99.932, "final_distance_cost": 1.734173870442579, "oscillation_cost": 58.19300887527945, "completition_cost": 0.0, "overshoot_cost": 52.998378334850784, "power_cost": 25.479909790039063, "noise_cost": 23.075352013342652, "n_waypoints_completed": 9, "tot_waypoints": 9}}
{"target": -371.25207594735497, "params": {"k_pid_pos": [1.1921366923743038, 0.1586076362622003, 0.40198651839448163], "k_pid_alt": [0.8039776700135992, 0.4961040054985708, 0.7993281153282863], "k_pid_att": [4.830281782180068, 3.918224138383179, 0.3691090843710404], "k_pid_yaw": [0.5, 1e-06, 0.1], "k_pid_hsp": [4.736804119746368, 0.8140357793237886, 0.6014096194650046], "k_pid_vsp": [176.22554394930336, 19.153957374744223, 5.246902984099925]}, "datetime": {"datetime": "2025-08-14 04:38:59", "elapsed": 67867.37019634247, "delta": 37.30605101585388}, "costs": {"total_cost": 371.25207594735497, "time_cost": 88.543, "final_distance_cost": 1.7359202849796103, "oscillation_cost": 176.60774369249017, "completition_cost": 0.0, "overshoot_cost": 56.24856274435829, "power_cost": 22.47540153808594, "noise_cost": 25.641447687440998, "n_waypoints_completed": 9, "tot_waypoints": 9}}
{"target": -1288.6501964581569, "params": {"k_pid_pos": [0.360087922093095, 0.5492211488104509, 0.9954292487200368], "k_pid_alt": [0.3009754342537516, 0.34524879999312197, 0.07864983575131845], "k_pid_att": [18.935474630515394, 5.218134871732417, 0.4366777722027184], "k_pid_yaw": [0.5, 1e-06, 0.1], "k_pid_hsp": [2.5643976744328665, 0.30803927085810645, 0.4692064171095838], "k_pid_vsp": [316.0068046276945, 335.1697835247821, 102.34724028962194]}, "datetime": {"datetime": "2025-08-14 04:39:37", "elapsed": 67905.66660809517, "delta": 38.296411752700806}, "costs": {"total_cost": 1288.6501964581569, "time_cost": 150, "final_distance_cost": 44.95231618496291, "oscillation_cost": 426.7191716436718, "completition_cost": 555.5555555555555, "overshoot_cost": 48.5577729206658, "power_cost": 32.43523894042969, "noise_cost": 30.430141212871227, "n_waypoints_completed": 4, "tot_waypoints": 9}}
{"target": -815.9331880736638, "params": {"k_pid_pos": [0.31588459313405026, 0.7407515570850058, 0.40222332266523864], "k_pid_alt": [1.8779779688177456, 0.6320992373639155, 0.4241415331070424], "k_pid_att": [2.7159744720133827, 1.3099132811703749, 0.7286192335329], "k_pid_yaw": [0.5, 1e-06, 0.1], "k_pid_hsp": [2.6431157837578345, 0.7961936789960027, 0.9223310509500658], "k_pid_vsp": [263.30824846954357, 267.98362398917294, 46.3002132608063]}, "datetime": {"datetime": "2025-08-14 04:40:28", "elapsed": 67956.1362566948, "delta": 50.469648599624634}, "costs": {"total_cost": 815.9331880736638, "time_cost": 150, "final_distance_cost": 77.48487679806252, "oscillation_cost": 136.53378125787648, "completition_cost": 333.33333333333337, "overshoot_cost": 54.843785036418886, "power_cost": 34.59872139892578, "noise_cost": 29.138690249046743, "n_waypoints_completed": 6, "tot_waypoints": 9}}
{"target": -382.94958501783185, "params": {"k_pid_pos": [0.9468675461831361, 0.8138499866124362, 0.6310817743932194], "k_pid_alt": [1.8044450754225714, 0.1843939277006943, 0.14657517470408488], "k_pid_att": [7.0576428719868245, 4.1477647956628365, 0.5097480729055717], "k_pid_yaw": [0.5, 1e-06, 0.1], "k_pid_hsp": [8.80499433024057, 0.3590930229820113, 0.6144570079141164], "k_pid_vsp": [298.0862327449977, 335.1393885035434, 114.03185672978286]}, "datetime": {"datetime": "2025-08-14 04:41:03", "elapsed": 67991.77986931801, "delta": 35.64361262321472}, "costs": {"total_cost": 382.94958501783185, "time_cost": 103.705, "final_distance_cost": 1.7851749961423724, "oscillation_cost": 176.41747412402722, "completition_cost": 0.0, "overshoot_cost": 52.40810437721109, "power_cost": 25.629511682128907, "noise_cost": 23.00431983832226, "n_waypoints_completed": 9, "tot_waypoints": 9}}
{"target": -452.33548078971063, "params": {"k_pid_pos": [1.8115621636727985, 0.3006485958765617, 0.6037764631960105], "k_pid_alt": [1.2293126288700675, 0.9830206925092885, 0.2990884758693356], "k_pid_att": [8.838547345023496, 5.975322157620836, 0.3314641944154506], "k_pid_yaw": [0.5, 1e-06, 0.1], "k_pid_hsp": [6.845029929776565, 0.39805979325177976, 0.3830154292184025], "k_pid_vsp": [301.0161088426854, 325.4916567199732, 78.80845833683773]}, "datetime": {"datetime": "2025-08-14 04:41:37", "elapsed": 68025.5951499939, "delta": 33.81528067588806}, "costs": {"total_cost": 452.33548078971063, "time_cost": 99.715, "final_distance_cost": 1.764438290334907, "oscillation_cost": 243.87326660701328, "completition_cost": 0.0, "overshoot_cost": 56.702712729660675, "power_cost": 25.42176280517578, "noise_cost": 24.858300357526005, "n_waypoints_completed": 9, "tot_waypoints": 9}}
{"target": -814.2326055421962, "params": {"k_pid_pos": [0.7456475935129112, 0.2721872791597387, 0.5395201417953345], "k_pid_alt": [0.00028247158633964986, 0.7143804548663731, 0.004227440204268462], "k_pid_att": [4.767052103624502, 2.5974969670157813, 0.20492071194361017], "k_pid_yaw": [0.5, 1e-06, 0.1], "k_pid_hsp": [8.586272243864672, 0.34364267492926737, 0.7774233295399251], "k_pid_vsp": [278.5867172196668, 269.7107368170734, 60.135633663202846]}, "datetime": {"datetime": "2025-08-14 04:42:25", "elapsed": 68073.39023041725, "delta": 47.7950804233551}, "costs": {"total_cost": 814.2326055421962, "time_cost": 150, "final_distance_cost": 63.595732492749256, "oscillation_cost": 261.29246707879724, "completition_cost": 222.2222222222222, "overshoot_cost": 58.51342855089182, "power_cost": 30.180553649902347, "noise_cost": 28.428201547633424, "n_waypoints_completed": 7, "tot_waypoints": 9}}
{"target": -342.50389325870105, "params": {"k_pid_pos": [0.831054137331424, 0.9960333922749491, 0.23484480245854256], "k_pid_alt": [1.0040973924543966, 0.4526323985938622, 0.22468940145439886], "k_pid_att": [9.065483284723719, 5.8691700613871385, 0.16424010042036818], "k_pid_yaw": [0.5, 1e-06, 0.1], "k_pid_hsp": [4.086654467861041, 0.8747684006362885, 0.1119447742096139], "k_pid_vsp": [179.52759282767724, 20.324316820578577, 7.44587866850861]}, "datetime": {"datetime": "2025-08-14 04:43:01", "elapsed": 68109.90155267715, "delta": 36.511322259902954}, "costs": {"total_cost": 342.50389325870105, "time_cost": 117.754, "final_distance_cost": 1.7545792250255332, "oscillation_cost": 102.47435910092959, "completition_cost": 0.0, "overshoot_cost": 65.17744503749235, "power_cost": 22.663007690429687, "noise_cost": 32.68050220482387, "n_waypoints_completed": 9, "tot_waypoints": 9}}
{"target": -565.1312893858095, "params": {"k_pid_pos": [0.9555769726829886, 0.9675535127965254, 0.08609523057264579], "k_pid_alt": [1.74069961012248, 0.8339762165087972, 0.698125013768419], "k_pid_att": [11.435193123794928, 0.11501602888883225, 0.7457068675120532], "k_pid_yaw": [0.5, 1e-06, 0.1], "k_pid_hsp": [2.9342541861337392, 0.012777523715268302, 0.10825642203980868], "k_pid_vsp": [199.38615379367462, 321.91925234563695, 12.904622709722414]}, "datetime": {"datetime": "2025-08-14 04:43:40", "elapsed": 68148.64945983887, "delta": 38.74790716171265}, "costs": {"total_cost": 565.1312893858095, "time_cost": 150, "final_distance_cost": 54.33423855732525, "oscillation_cost": 102.86992342638186, "completition_cost": 111.11111111111116, "overshoot_cost": 69.95006044275085, "power_cost": 42.320861083984376, "noise_cost": 34.54509476425608, "n_waypoints_completed": 8, "tot_waypoints": 9}}
{"target": -1310.3241087733793, "params": {"k_pid_pos": [0.11621248143061784, 0.3886502820083708, 0.3573020503486499], "k_pid_alt": [1.5568357818450347, 0.8799010836816771, 0.8630346027211432], "k_pid_att": [22.94046535180251, 8.762762337249605, 0.17851044706893038], "k_pid_yaw": [0.5, 1e-06, 0.1], "k_pid_hsp": [1.7546990355516225, 0.16965033922011452, 0.9292880464456732], "k_pid_vsp": [197.25098500398252, 300.7697486083446, 21.227565019864894]}, "datetime": {"datetime": "2025-08-14 04:44:18", "elapsed": 68185.9784758091, "delta": 37.3290159702301}, "costs": {"total_cost": 1310.3241087733793, "time_cost": 150, "final_distance_cost": 68.59064402969537, "oscillation_cost": 629.1556879445714, "completition_cost": 333.33333333333337, "overshoot_cost": 63.36252463007641, "power_cost": 35.33089541015625, "noise_cost": 30.55102342554662, "n_waypoints_completed": 6, "tot_waypoints": 9}}
{"target": -394.1795385698946, "params": {"k_pid_pos": [1.253171686405538, 0.10067661460549826, 0.8767008700681569], "k_pid_alt": [1.8746388911517247, 0.8311650515633378, 0.04745487417546412], "k_pid_att": [3.914335320186846, 6.154213901301952, 0.19363007445832825], "k_pid_yaw": [0.5, 1e-06, 0.1], "k_pid_hsp": [4.7644550431572865, 0.7477746386099702, 0.7648441545171046], "k_pid_vsp": [282.80958697254664, 330.63929885512243, 101.04979216453269]}, "datetime": {"datetime": "2025-08-14 04:44:48", "elapsed": 68216.72486519814, "delta": 30.746389389038086}, "costs": {"total_cost": 394.1795385698946, "time_cost": 89.789, "final_distance_cost": 1.766308732727698, "oscillation_cost": 203.09996681585062, "completition_cost": 0.0, "overshoot_cost": 55.10150499200996, "power_cost": 23.55840225830078, "noise_cost": 20.864355771005616, "n_waypoints_completed": 9, "tot_waypoints": 9}}
{"target": -308.82151594454183, "params": {"k_pid_pos": [2.0, 0.16112171725746366, 0.5406992842678883], "k_pid_alt": [1.314881098022046, 0.24691843645612968, 0.2556601182322642], "k_pid_att": [13.453478581739699, 2.243636769971305, 0.426918099951113], "k_pid_yaw": [0.5, 1e-06, 0.1], "k_pid_hsp": [8.240800999320959, 0.7924720234083583, 0.10011751765087482], "k_pid_vsp": [258.51528651907284, 271.4116935600181, 52.661266219863116]}, "datetime": {"datetime": "2025-08-14 04:45:24", "elapsed": 68252.65634441376, "delta": 35.93147921562195}, "costs": {"total_cost": 308.82151594454183, "time_cost": 80.171, "final_distance_cost": 1.743818824638902, "oscillation_cost": 135.0623862992401, "completition_cost": 0.0, "overshoot_cost": 51.28397172620984, "power_cost": 20.683541052246095, "noise_cost": 19.87679804220686, "n_waypoints_completed": 9, "tot_waypoints": 9}}
{"target": -558.2489013691048, "params": {"k_pid_pos": [1.072007068731915, 0.3022336802671428, 0.37054489051453166], "k_pid_alt": [0.999642258697931, 0.07661966189213731, 0.3261826020580877], "k_pid_att": [20.39579950552649, 1.430147633622626, 0.9070196777743955], "k_pid_yaw": [0.5, 1e-06, 0.1], "k_pid_hsp": [6.728979626473551, 0.8656219515083116, 0.6081864917084485], "k_pid_vsp": [279.4042349359786, 347.6051009734275, 114.35116425822831]}, "datetime": {"datetime": "2025-08-14 04:46:07", "elapsed": 68295.2604110241, "delta": 42.604066610336304}, "costs": {"total_cost": 558.2489013691048, "time_cost": 109.837, "final_distance_cost": 1.7664269045504049, "oscillation_cost": 332.0431494802911, "completition_cost": 0.0, "overshoot_cost": 53.87060533047649, "power_cost": 32.53015367431641, "noise_cost": 28.201565979470363, "n_waypoints_completed": 9, "tot_waypoints": 9}}
{"target": -1613.205960372042, "params": {"k_pid_pos": [0.18137891998923153, 0.7107777601562434, 0.09717175961382007], "k_pid_alt": [0.39095227825148116, 0.0959960706384283, 0.8419834733237893], "k_pid_att": [0.7848839453745371, 1.6877222710257673, 0.5043230589230406], "k_pid_yaw": [0.5, 1e-06, 0.1], "k_pid_hsp": [0.47834919096184836, 0.02100661952324767, 0.8831234189600936], "k_pid_vsp": [273.51312506251054, 270.3835823597603, 38.35170181262752]}, "datetime": {"datetime": "2025-08-14 04:46:56", "elapsed": 68344.84803080559, "delta": 49.58761978149414}, "costs": {"total_cost": 1613.205960372042, "time_cost": 150, "final_distance_cost": 68.40891254523665, "oscillation_cost": 218.51945355247756, "completition_cost": 888.8888888888888, "overshoot_cost": 224.62608095729132, "power_cost": 34.69479006347657, "noise_cost": 28.067834364670997, "n_waypoints_completed": 1, "tot_waypoints": 9}}
{"target": -445.4440814579576, "params": {"k_pid_pos": [1.2106567002080344, 0.6969977143342765, 0.7334674316286486], "k_pid_alt": [1.9508774795001205, 0.8676344386213976, 0.8817185395243896], "k_pid_att": [20.04805033739554, 6.560603948111498, 0.47465260419003985], "k_pid_yaw": [0.5, 1e-06, 0.1], "k_pid_hsp": [4.0703611317377035, 0.8981399577288561, 0.5672591613562998], "k_pid_vsp": [255.26730148260808, 262.0418865178648, 53.18977507343825]}, "datetime": {"datetime": "2025-08-14 04:47:36", "elapsed": 68384.86499404907, "delta": 40.0169632434845}, "costs": {"total_cost": 445.4440814579576, "time_cost": 82.565, "final_distance_cost": 1.7649486711050872, "oscillation_cost": 267.69676908189325, "completition_cost": 0.0, "overshoot_cost": 51.87342121776349, "power_cost": 21.573986926269534, "noise_cost": 19.969955560926234, "n_waypoints_completed": 9, "tot_waypoints": 9}}
{"target": -560.124214368707, "params": {"k_pid_pos": [2.0, 0.0, 0.0], "k_pid_alt": [2.0, 0.6992788733266393, 0.0], "k_pid_att": [62.36140197215747, 9.838356399229097, 1.0], "k_pid_yaw": [0.5, 1e-06, 0.1], "k_pid_hsp": [2.53004959616337, 1.0, 1.0], "k_pid_vsp": [193.70972759394903, 11.337510194419899, 6.881361074665748]}, "datetime": {"datetime": "2025-08-14 04:48:16", "elapsed": 68424.04170370102, "delta": 39.17670965194702}, "costs": {"total_cost": 560.124214368707, "time_cost": 112.483, "final_distance_cost": 1.7918017390259553, "oscillation_cost": 327.36732041933845, "completition_cost": 0.0, "overshoot_cost": 61.87222304520836, "power_cost": 26.658042834472656, "noise_cost": 29.951826330661543, "n_waypoints_completed": 9, "tot_waypoints": 9}}
{"target": -1463.72520958486, "params": {"k_pid_pos": [0.5638958023142479, 0.8062085735612934, 0.399444678280685], "k_pid_alt": [1.703429754187637, 0.9985950884283535, 0.8669400945050055], "k_pid_att": [1.696139144781339, 8.18038938681552, 0.4087950957679851], "k_pid_yaw": [0.5, 1e-06, 0.1], "k_pid_hsp": [9.734032844473814, 0.5808776484145588, 0.817131088785958], "k_pid_vsp": [171.4722831179566, 2.6800896885841556, 16.042093984576926]}, "datetime": {"datetime": "2025-08-14 04:48:56", "elapsed": 68464.21113038063, "delta": 40.169426679611206}, "costs": {"total_cost": 1463.72520958486, "time_cost": 150, "final_distance_cost": 39.364852371401135, "oscillation_cost": 545.7020873802157, "completition_cost": 555.5555555555555, "overshoot_cost": 87.92357597743104, "power_cost": 47.0100603515625, "noise_cost": 38.16907794869427, "n_waypoints_completed": 4, "tot_waypoints": 9}}
{"target": -320.4884600030518, "params": {"k_pid_pos": [1.3161686798628984, 0.1517688908037157, 0.3179226929345684], "k_pid_alt": [1.2548023106731234, 0.447424464312753, 0.49648016599142575], "k_pid_att": [21.8264392926884, 1.3324239814388419, 0.8520051201658091], "k_pid_yaw": [0.5, 1e-06, 0.1], "k_pid_hsp": [7.173319155154988, 0.3857579090819745, 0.2723243086816174], "k_pid_vsp": [250.66325596668747, 269.78976778089253, 52.73619139030404]}, "datetime": {"datetime": "2025-08-14 04:49:29", "elapsed": 68497.70929932594, "delta": 33.4981689453125}, "costs": {"total_cost": 320.4884600030518, "time_cost": 76.587, "final_distance_cost": 1.7342686855782972, "oscillation_cost": 154.8309360243739, "completition_cost": 0.0, "overshoot_cost": 51.1996449414088, "power_cost": 18.299499560546877, "noise_cost": 17.837110791143875, "n_waypoints_completed": 9, "tot_waypoints": 9}}
