{"target": -451.9249722999327, "params": {"k_pid_pos": [1.784132228882788, 0.7286787753519964, 0.8463949883665718], "k_pid_alt": [1.3685877974021998, 0.7757952343051255, 0.3784862016141949], "k_pid_att": [52.89829745429277, 8.16753397823717, 0.9243794462705224], "k_pid_yaw": [0.5, 1e-06, 0.1], "k_pid_hsp": [3.779571097534928, 0.7103087479837212, 0.06900950437652364], "k_pid_vsp": [85.4174125727897, 354.0034857819413, 45.623928786656634]}, "datetime": {"datetime": "2025-08-13 10:00:21", "elapsed": 749.5526373386383, "delta": 22.25470280647278}, "costs": {"total_cost": 451.9249722999327, "time_cost": 94.479, "final_distance_cost": 1.7385667119008847, "oscillation_cost": 255.13742437311691, "completition_cost": 0.0, "overshoot_cost": 52.53372814231799, "power_cost": 24.66333552246094, "noise_cost": 23.372917550135906, "n_waypoints_completed": 9, "tot_waypoints": 9}}
{"target": -1112.1974065706981, "params": {"k_pid_pos": [0.09604746371185238, 0.9000098716299714, 0.0924136690368581], "k_pid_alt": [1.219728445638358, 0.8474179422843168, 0.3983893712115032], "k_pid_att": [40.82309318687688, 5.409097255910274, 0.9235959602711515], "k_pid_yaw": [0.5, 1e-06, 0.1], "k_pid_hsp": [4.83003398339682, 0.008891113828618069, 0.916421600224327], "k_pid_vsp": [201.31518791331214, 11.594177445413445, 12.503275417171283]}, "datetime": {"datetime": "2025-08-13 10:00:49", "elapsed": 777.7720794677734, "delta": 28.219442129135132}, "costs": {"total_cost": 1112.1974065706981, "time_cost": 150, "final_distance_cost": 51.1930207416676, "oscillation_cost": 226.448384998916, "completition_cost": 555.5555555555555, "overshoot_cost": 68.05769492088577, "power_cost": 29.56942126464844, "noise_cost": 31.373329089025027, "n_waypoints_completed": 4, "tot_waypoints": 9}}
{"target": -758.3823509426203, "params": {"k_pid_pos": [1.8369628936245408, 0.2606413815489479, 0.5555475960451914], "k_pid_alt": [0.907035737321711, 0.5941130966496841, 0.6401020082771682], "k_pid_att": [12.162467654241894, 0.06274839569010263, 0.32212049813662724], "k_pid_yaw": [0.5, 1e-06, 0.1], "k_pid_hsp": [3.3026022643183537, 0.4882310728864745, 0.9378268654890608], "k_pid_vsp": [257.1984824170283, 267.80215088813674, 39.094422150088796]}, "datetime": {"datetime": "2025-08-13 10:01:17", "elapsed": 805.6862652301788, "delta": 27.914185762405396}, "costs": {"total_cost": 758.3823509426203, "time_cost": 150, "final_distance_cost": 43.646501545137205, "oscillation_cost": 320.7431754817139, "completition_cost": 111.11111111111116, "overshoot_cost": 62.64597977411933, "power_cost": 38.36603328857422, "noise_cost": 31.869549741964352, "n_waypoints_completed": 8, "tot_waypoints": 9}}
{"target": -848.2528565917893, "params": {"k_pid_pos": [1.6646599201535668, 0.7704893367301091, 0.9497190779774112], "k_pid_alt": [0.08965804210572492, 0.9493605717639184, 0.91125428960924], "k_pid_att": [44.24883755656515, 4.805719985666991, 0.9428488463972569], "k_pid_yaw": [0.5, 1e-06, 0.1], "k_pid_hsp": [4.036778047926173, 0.40278544431048824, 0.45668518479584974], "k_pid_vsp": [196.46331626271424, 24.602521410755624, 19.367634445212072]}, "datetime": {"datetime": "2025-08-13 10:01:45", "elapsed": 833.8176856040955, "delta": 28.131420373916626}, "costs": {"total_cost": 848.2528565917893, "time_cost": 150, "final_distance_cost": 63.772653200692794, "oscillation_cost": 388.4748895483206, "completition_cost": 111.11111111111116, "overshoot_cost": 66.40270559420445, "power_cost": 38.266084313964846, "noise_cost": 30.225412823495336, "n_waypoints_completed": 8, "tot_waypoints": 9}}
{"target": -1259.3333005050279, "params": {"k_pid_pos": [1.2357585298037235, 0.1452446269050489, 0.6268103163067836], "k_pid_alt": [0.8332582329845339, 0.08009839797762253, 0.39980374295145316], "k_pid_att": [72.7036134270184, 3.5261804297032073, 0.8055157431935261], "k_pid_yaw": [0.5, 1e-06, 0.1], "k_pid_hsp": [5.348699379474005, 0.8286905403029927, 0.8831059235054162], "k_pid_vsp": [73.88204384348676, 347.67898684879344, 40.371470819962525]}, "datetime": {"datetime": "2025-08-13 10:02:14", "elapsed": 862.2124168872833, "delta": 28.394731283187866}, "costs": {"total_cost": 1259.3333005050279, "time_cost": 150, "final_distance_cost": 54.73271218162501, "oscillation_cost": 557.9251678195899, "completition_cost": 333.33333333333337, "overshoot_cost": 67.65736874917764, "power_cost": 52.07317645263672, "noise_cost": 43.61154196866496, "n_waypoints_completed": 6, "tot_waypoints": 9}}
{"target": -390.74872855561864, "params": {"k_pid_pos": [1.2458168412861308, 0.46143906852775185, 0.6049831134209913], "k_pid_alt": [0.223982918014501, 0.34230174287787907, 0.428804180994134], "k_pid_att": [3.6904206813860974, 6.036085008796527, 0.9653838796294758], "k_pid_yaw": [0.5, 1e-06, 0.1], "k_pid_hsp": [8.213673213977687, 0.5628763631532772, 0.29255317180860485], "k_pid_vsp": [270.289295374635, 283.36016938897853, 39.79939166523214]}, "datetime": {"datetime": "2025-08-13 10:02:38", "elapsed": 886.1417016983032, "delta": 23.929284811019897}, "costs": {"total_cost": 390.74872855561864, "time_cost": 103.054, "final_distance_cost": 1.7349707827340675, "oscillation_cost": 161.28193740232578, "completition_cost": 0.0, "overshoot_cost": 65.33373677355722, "power_cost": 32.47879499511719, "noise_cost": 26.865288601884373, "n_waypoints_completed": 9, "tot_waypoints": 9}}
{"target": -1340.333127422678, "params": {"k_pid_pos": [0.7482349307291382, 0.6262695874165033, 0.341275047407658], "k_pid_alt": [0.2572308841820252, 0.23004990964715988, 0.761950390100772], "k_pid_att": [48.272282234010255, 8.060930972879015, 0.5006957533231216], "k_pid_yaw": [0.5, 1e-06, 0.1], "k_pid_hsp": [0.8308471622008233, 0.36168878009141414, 0.7474644932974385], "k_pid_vsp": [200.95816768468367, 17.741181316253684, 20.590805892927516]}, "datetime": {"datetime": "2025-08-13 10:03:06", "elapsed": 914.3677141666412, "delta": 28.226012468338013}, "costs": {"total_cost": 1340.333127422678, "time_cost": 150, "final_distance_cost": 47.52649438784019, "oscillation_cost": 352.4826545625272, "completition_cost": 666.6666666666667, "overshoot_cost": 57.1853873975286, "power_cost": 35.63957448730469, "noise_cost": 30.832349920810767, "n_waypoints_completed": 3, "tot_waypoints": 9}}
{"target": -430.61658343715237, "params": {"k_pid_pos": [1.6759502504350272, 0.8543909339322928, 0.7511854226395637], "k_pid_alt": [1.59736856680699, 0.7471538504636532, 0.5623250938336255], "k_pid_att": [59.29037966747821, 8.908519665679888, 0.830571616560638], "k_pid_yaw": [0.5, 1e-06, 0.1], "k_pid_hsp": [3.052294003792191, 0.7393647985813492, 0.10338377637332512], "k_pid_vsp": [81.88948745643548, 351.5172882262448, 47.33069917980557]}, "datetime": {"datetime": "2025-08-13 10:03:29", "elapsed": 937.2179787158966, "delta": 22.85026454925537}, "costs": {"total_cost": 430.61658343715237, "time_cost": 93.275, "final_distance_cost": 1.7425964929742535, "oscillation_cost": 224.96702969745593, "completition_cost": 0.0, "overshoot_cost": 56.99264952590409, "power_cost": 29.615843823242187, "noise_cost": 24.023463897575912, "n_waypoints_completed": 9, "tot_waypoints": 9}}
{"target": -1024.5802793691048, "params": {"k_pid_pos": [0.693739993584597, 0.8361496475930972, 0.792326550422278], "k_pid_alt": [1.156070793736717, 0.379696642380011, 0.7812062227849385], "k_pid_att": [40.951081972003955, 5.180572247702753, 0.44479299456808585], "k_pid_yaw": [0.5, 1e-06, 0.1], "k_pid_hsp": [6.157885439052516, 0.2100501632354369, 0.9452907886665186], "k_pid_vsp": [208.04514089204454, 25.499963255737818, 7.724542804053596]}, "datetime": {"datetime": "2025-08-13 10:03:59", "elapsed": 967.4665920734406, "delta": 30.248613357543945}, "costs": {"total_cost": 1024.5802793691048, "time_cost": 150, "final_distance_cost": 79.48304151582414, "oscillation_cost": 456.0399314057616, "completition_cost": 222.2222222222222, "overshoot_cost": 57.218287404397465, "power_cost": 28.667473657226562, "noise_cost": 30.94932316367299, "n_waypoints_completed": 7, "tot_waypoints": 9}}
{"target": -600.8971577535415, "params": {"k_pid_pos": [0.4733758536051303, 0.12610053298926194, 0.03823583839516376], "k_pid_alt": [0.6809985870473354, 0.36903784716994115, 0.9581797563335815], "k_pid_att": [10.696061586338502, 2.4223963965737134, 0.44458002972304433], "k_pid_yaw": [0.5, 1e-06, 0.1], "k_pid_hsp": [5.295910520541142, 0.2632425965962426, 0.21362530942796942], "k_pid_vsp": [272.1252844748161, 282.98986679023, 53.84883353386593]}, "datetime": {"datetime": "2025-08-13 10:04:28", "elapsed": 996.2291073799133, "delta": 28.76251530647278}, "costs": {"total_cost": 600.8971577535415, "time_cost": 150, "final_distance_cost": 58.1718094151285, "oscillation_cost": 175.11673866633376, "completition_cost": 111.11111111111116, "overshoot_cost": 53.31062316996821, "power_cost": 26.644244287109377, "noise_cost": 26.54263110389053, "n_waypoints_completed": 8, "tot_waypoints": 9}}
{"target": -1966.9308179182633, "params": {"k_pid_pos": [0.8748602021417811, 0.6459538263511531, 0.851109062718683], "k_pid_alt": [0.4679500526087428, 0.6605454833029737, 0.39131129141607013], "k_pid_att": [42.80944752545197, 7.951870520873726, 0.018262930139614775], "k_pid_yaw": [0.5, 1e-06, 0.1], "k_pid_hsp": [0.13717824494884193, 0.10905537535860022, 0.5896749957419362], "k_pid_vsp": [25.888830061576094, 394.7615810438728, 50.3265898957451]}, "datetime": {"datetime": "2025-08-13 10:04:57", "elapsed": 1025.255170583725, "delta": 29.026063203811646}, "costs": {"total_cost": 1966.9308179182633, "time_cost": 150, "final_distance_cost": 75.7045035426488, "oscillation_cost": 788.6599832027913, "completition_cost": 777.7777777777778, "overshoot_cost": 117.814803926252, "power_cost": 30.254196435546877, "noise_cost": 26.719553033246715, "n_waypoints_completed": 2, "tot_waypoints": 9}}
{"target": -837.2515039037169, "params": {"k_pid_pos": [0.6077263882520886, 0.9622566664675075, 0.05262423689595774], "k_pid_alt": [1.6375294598510644, 0.07713130840421267, 0.578459947503033], "k_pid_att": [33.4122472163349, 5.967590478757682, 0.9738776435171581], "k_pid_yaw": [0.5, 1e-06, 0.1], "k_pid_hsp": [6.18760646580685, 0.6267114538104661, 0.9059597015096105], "k_pid_vsp": [181.51595985947293, 13.216651781103865, 2.9097532091330103]}, "datetime": {"datetime": "2025-08-13 10:05:26", "elapsed": 1054.1769716739655, "delta": 28.92180109024048}, "costs": {"total_cost": 837.2515039037169, "time_cost": 150, "final_distance_cost": 82.94449042075881, "oscillation_cost": 238.64857401439642, "completition_cost": 222.2222222222222, "overshoot_cost": 76.46599416691828, "power_cost": 33.83543038330078, "noise_cost": 33.13479269612037, "n_waypoints_completed": 7, "tot_waypoints": 9}}
{"target": -476.4747015723922, "params": {"k_pid_pos": [1.8333777934622508, 0.06576096340809734, 0.9173497951859588], "k_pid_alt": [1.6269830149149764, 0.9979513640696657, 0.23085899385215114], "k_pid_att": [48.70325280506446, 0.9632514576032819, 0.9425953474091385], "k_pid_yaw": [0.5, 1e-06, 0.1], "k_pid_hsp": [4.813958014064395, 0.020387126353170193, 0.39055294742115354], "k_pid_vsp": [86.64804559338393, 349.36566456042624, 42.4770848291478]}, "datetime": {"datetime": "2025-08-13 10:05:47", "elapsed": 1075.539229631424, "delta": 21.362257957458496}, "costs": {"total_cost": 476.4747015723922, "time_cost": 88.473, "final_distance_cost": 1.7461477575472455, "oscillation_cost": 285.1794930994268, "completition_cost": 0.0, "overshoot_cost": 55.503841780487186, "power_cost": 24.330481481933596, "noise_cost": 21.2417374529974, "n_waypoints_completed": 9, "tot_waypoints": 9}}
{"target": -1411.5088569411823, "params": {"k_pid_pos": [0.14644526949010778, 0.18254866563582317, 0.12516603695251338], "k_pid_alt": [0.46576250402439023, 0.7083172016165913, 0.9153383927068384], "k_pid_att": [44.140640313229376, 5.709771039069667, 0.42850628327947515], "k_pid_yaw": [0.5, 1e-06, 0.1], "k_pid_hsp": [3.2430674490555322, 0.7128016360640894, 0.864190930381161], "k_pid_vsp": [35.65153248464061, 392.6898152894918, 64.31742443023825]}, "datetime": {"datetime": "2025-08-13 10:06:15", "elapsed": 1103.842425584793, "delta": 28.30319595336914}, "costs": {"total_cost": 1411.5088569411823, "time_cost": 150, "final_distance_cost": 50.61029601819258, "oscillation_cost": 540.5578690771176, "completition_cost": 555.5555555555555, "overshoot_cost": 55.18759060889566, "power_cost": 30.377981994628907, "noise_cost": 29.21956368679206, "n_waypoints_completed": 4, "tot_waypoints": 9}}
{"target": -936.83395110719, "params": {"k_pid_pos": [1.2456280606866705, 0.8938271563479123, 0.6345171274860933], "k_pid_alt": [0.3124154372703718, 0.29832562519502115, 0.5428039110668912], "k_pid_att": [51.7945062724841, 6.0362287242140775, 0.7701893771656918], "k_pid_yaw": [0.5, 1e-06, 0.1], "k_pid_hsp": [4.634651895814635, 0.4343500101700436, 0.6854142693154086], "k_pid_vsp": [82.2412323476088, 349.57426616161786, 28.266408488344915]}, "datetime": {"datetime": "2025-08-13 10:06:44", "elapsed": 1131.9923334121704, "delta": 28.14990782737732}, "costs": {"total_cost": 936.83395110719, "time_cost": 150, "final_distance_cost": 67.84029004577677, "oscillation_cost": 353.3697174773011, "completition_cost": 222.2222222222222, "overshoot_cost": 56.83847333933487, "power_cost": 50.51536431884766, "noise_cost": 36.04788370370751, "n_waypoints_completed": 7, "tot_waypoints": 9}}
{"target": -270.557674486771, "params": {"k_pid_pos": [0.9081745944433881, 0.7243677815888305, 0.5678100464404613], "k_pid_alt": [1.0160779539123992, 0.7790981422657836, 0.7218272298031434], "k_pid_att": [8.813447404108842, 6.628465393525599, 0.41561643621977973], "k_pid_yaw": [0.5, 1e-06, 0.1], "k_pid_hsp": [5.402061257088757, 0.4119853880090636, 0.025659995142367165], "k_pid_vsp": [256.4288055834616, 279.73083656367123, 45.951276256443364]}, "datetime": {"datetime": "2025-08-13 10:07:06", "elapsed": 1154.6826362609863, "delta": 22.690302848815918}, "costs": {"total_cost": 270.557674486771, "time_cost": 95.018, "final_distance_cost": 1.7611038890672825, "oscillation_cost": 74.04302751857223, "completition_cost": 0.0, "overshoot_cost": 54.97834221250992, "power_cost": 22.673359326171877, "noise_cost": 22.083841540449708, "n_waypoints_completed": 9, "tot_waypoints": 9}}
{"target": -2254.1068341539403, "params": {"k_pid_pos": [1.0210027948584164, 0.7275106022367689, 0.19290005810527538], "k_pid_alt": [2.0, 1.0, 0.9217125996694681], "k_pid_att": [61.316582500148165, 6.066861072881918, 0.29704672684039357], "k_pid_yaw": [0.5, 1e-06, 0.1], "k_pid_hsp": [0.0001, 0.0, 0.36879694118114537], "k_pid_vsp": [77.79844005467002, 347.0709654136236, 51.82326125914326]}, "datetime": {"datetime": "2025-08-13 10:07:35", "elapsed": 1183.265124797821, "delta": 28.582488536834717}, "costs": {"total_cost": 2254.1068341539403, "time_cost": 150, "final_distance_cost": 84.58807347514438, "oscillation_cost": 714.5605225397007, "completition_cost": 1000.0, "overshoot_cost": 233.35438299151585, "power_cost": 41.70284458007813, "noise_cost": 29.901010567501736, "n_waypoints_completed": 0, "tot_waypoints": 9}}
{"target": -1474.8975030951797, "params": {"k_pid_pos": [0.01587777413581521, 0.12361302130254681, 0.2793490739472524], "k_pid_alt": [0.14623084842830436, 0.10322352803918988, 0.543036010970613], "k_pid_att": [20.91514114396468, 0.535919638453523, 0.45616188666728874], "k_pid_yaw": [0.5, 1e-06, 0.1], "k_pid_hsp": [0.39472467454167215, 0.8558393447824262, 0.35082077315206617], "k_pid_vsp": [267.1478927021868, 282.25809087751674, 55.173506076413574]}, "datetime": {"datetime": "2025-08-13 10:08:03", "elapsed": 1211.856154203415, "delta": 28.591029405593872}, "costs": {"total_cost": 1474.8975030951797, "time_cost": 150, "final_distance_cost": 85.67515475777684, "oscillation_cost": 327.121940277298, "completition_cost": 777.7777777777778, "overshoot_cost": 75.72592216553423, "power_cost": 30.855761633300784, "noise_cost": 27.740946483492127, "n_waypoints_completed": 2, "tot_waypoints": 9}}
{"target": -972.4087470662852, "params": {"k_pid_pos": [0.8533542981458901, 0.7994357859436477, 0.35596377640546584], "k_pid_alt": [0.5145061766932857, 0.9051609536035894, 0.6833294123274808], "k_pid_att": [48.38958741897525, 2.2900458954424248, 0.4507164452784185], "k_pid_yaw": [0.5, 1e-06, 0.1], "k_pid_hsp": [9.814157013633352, 0.6844621008322188, 0.7451649786076565], "k_pid_vsp": [83.68636217584307, 360.8396956952056, 46.04963415232249]}, "datetime": {"datetime": "2025-08-13 10:08:32", "elapsed": 1240.518721818924, "delta": 28.662567615509033}, "costs": {"total_cost": 972.4087470662852, "time_cost": 150, "final_distance_cost": 77.84244261093141, "oscillation_cost": 380.1307075933582, "completition_cost": 222.2222222222222, "overshoot_cost": 64.04154145535554, "power_cost": 42.39334489746094, "noise_cost": 35.778488286957035, "n_waypoints_completed": 7, "tot_waypoints": 9}}
{"target": -730.6205308779009, "params": {"k_pid_pos": [0.4070258591962383, 0.8079042901991845, 0.06749951454972136], "k_pid_alt": [0.8380667333581395, 0.15203740829979284, 0.9182361936953088], "k_pid_att": [12.692525806074384, 3.9852806879950187, 0.770068024726275], "k_pid_yaw": [0.5, 1e-06, 0.1], "k_pid_hsp": [8.614084629092416, 0.2064284489114201, 0.5722999855316648], "k_pid_vsp": [277.7702331174661, 281.2479150266225, 44.18775173199307]}, "datetime": {"datetime": "2025-08-13 10:09:02", "elapsed": 1270.5215232372284, "delta": 30.002801418304443}, "costs": {"total_cost": 730.6205308779009, "time_cost": 150, "final_distance_cost": 62.24113805167592, "oscillation_cost": 181.09686605566623, "completition_cost": 222.2222222222222, "overshoot_cost": 51.02653715003411, "power_cost": 34.670168237304686, "noise_cost": 29.36359916099784, "n_waypoints_completed": 7, "tot_waypoints": 9}}
{"target": -1686.026103246715, "params": {"k_pid_pos": [1.6048746871980628, 0.23195406160934318, 0.3062766281808176], "k_pid_alt": [0.8498346383838573, 0.6386686959080263, 0.9739882524823577], "k_pid_att": [38.811853337150424, 4.794952192474399, 0.15045556085667688], "k_pid_yaw": [0.5, 1e-06, 0.1], "k_pid_hsp": [1.0574725232000235, 0.7061220514640254, 0.6161129830862148], "k_pid_vsp": [203.66000596693695, 11.060060106848375, 7.1324979822380845]}, "datetime": {"datetime": "2025-08-13 10:09:30", "elapsed": 1298.865272283554, "delta": 28.343749046325684}, "costs": {"total_cost": 1686.026103246715, "time_cost": 150, "final_distance_cost": 60.471074431804546, "oscillation_cost": 316.7891261812883, "completition_cost": 888.8888888888888, "overshoot_cost": 121.18011906508583, "power_cost": 54.846782946777346, "noise_cost": 93.85011173287029, "n_waypoints_completed": 1, "tot_waypoints": 9}}
{"target": -1319.6521644311908, "params": {"k_pid_pos": [0.22470405388567116, 0.2831084493130275, 0.22884794750674642], "k_pid_alt": [0.8580589677962689, 0.12320581378196471, 0.33331039325255785], "k_pid_att": [37.49503486232098, 6.22143308658964, 0.8026233888988681], "k_pid_yaw": [0.5, 1e-06, 0.1], "k_pid_hsp": [6.01035538258501, 0.588115918166306, 0.32017378333815993], "k_pid_vsp": [195.4980915033592, 24.03684274978858, 3.0143194504493254]}, "datetime": {"datetime": "2025-08-13 10:09:59", "elapsed": 1327.9227366447449, "delta": 29.057464361190796}, "costs": {"total_cost": 1319.6521644311908, "time_cost": 150, "final_distance_cost": 71.79626671837336, "oscillation_cost": 656.408974781217, "completition_cost": 333.33333333333337, "overshoot_cost": 44.625294283422, "power_cost": 32.47004968261719, "noise_cost": 31.01824563222827, "n_waypoints_completed": 6, "tot_waypoints": 9}}
{"target": -721.5315637534043, "params": {"k_pid_pos": [0.8250914647005367, 0.9361109329201394, 0.2887493804479896], "k_pid_alt": [1.872528514935239, 0.5201289556174715, 0.36745285812644246], "k_pid_att": [12.765485161808709, 1.894328218827411, 0.801521218908251], "k_pid_yaw": [0.5, 1e-06, 0.1], "k_pid_hsp": [1.7979795111925545, 0.5778615050188022, 0.5625694467600592], "k_pid_vsp": [298.8759016402865, 341.76840617258483, 101.49857442433812]}, "datetime": {"datetime": "2025-08-13 10:10:28", "elapsed": 1356.9576358795166, "delta": 29.03489923477173}, "costs": {"total_cost": 721.5315637534043, "time_cost": 150, "final_distance_cost": 69.66310903214236, "oscillation_cost": 132.15576492959494, "completition_cost": 222.2222222222222, "overshoot_cost": 73.62302688298992, "power_cost": 40.967296704101564, "noise_cost": 32.900143982353306, "n_waypoints_completed": 7, "tot_waypoints": 9}}
{"target": -702.8404940987982, "params": {"k_pid_pos": [1.6105293037282706, 0.7594121688223072, 0.05850676543689459], "k_pid_alt": [1.9642937370912084, 0.4085681726471406, 0.3176114037743638], "k_pid_att": [35.10164182485158, 4.853132850735193, 0.7546094854901384], "k_pid_yaw": [0.5, 1e-06, 0.1], "k_pid_hsp": [4.5313457409768265, 0.37818251280279536, 0.17869863568220867], "k_pid_vsp": [174.01855265106568, 19.173551310608172, 6.757990632179129]}, "datetime": {"datetime": "2025-08-13 10:11:01", "elapsed": 1389.6252012252808, "delta": 32.66756534576416}, "costs": {"total_cost": 702.8404940987982, "time_cost": 150, "final_distance_cost": 61.98823213534531, "oscillation_cost": 107.28635174462768, "completition_cost": 222.2222222222222, "overshoot_cost": 77.41619203022242, "power_cost": 45.31559653320313, "noise_cost": 38.61189943317751, "n_waypoints_completed": 7, "tot_waypoints": 9}}
