{"target": -868.6829856729393, "params": {"k_pid_pos": [0.49511410353075597, 0.21094785944531402, 0.33745844619760945], "k_pid_alt": [0.038701186895089945, 0.1911251481480345, 0.2225210817795612], "k_pid_att": [3.7843678405108605, 2.942422101368783, 0.9769682126432254], "k_pid_yaw": [0.5, 1e-06, 0.1], "k_pid_hsp": [6.299656950764764, 0.9530072902140396, 0.9005867566119422], "k_pid_vsp": [294.3715769379361, 341.54851261038596, 97.35564843063302]}, "datetime": {"datetime": "2025-08-13 18:28:03", "elapsed": 31211.490325689316, "delta": 30.83954095840454}, "costs": {"total_cost": 868.6829856729393, "time_cost": 150, "final_distance_cost": 72.6971632872284, "oscillation_cost": 177.5932255493724, "completition_cost": 333.33333333333337, "overshoot_cost": 62.99273748504804, "power_cost": 39.00443576660157, "noise_cost": 33.062090251355606, "n_waypoints_completed": 6, "tot_waypoints": 9}}
{"target": -468.0235608307331, "params": {"k_pid_pos": [1.8379880001683904, 0.25902527767802075, 0.36622588358658026], "k_pid_alt": [1.7016736917402988, 0.8386353208090092, 0.33082037616281956], "k_pid_att": [16.920545638614016, 8.447213857494383, 0.35985004566961043], "k_pid_yaw": [0.5, 1e-06, 0.1], "k_pid_hsp": [9.329688320576384, 0.1524046654351503, 0.7961804954619445], "k_pid_vsp": [293.3982009962493, 333.15489791099765, 92.97229296882647]}, "datetime": {"datetime": "2025-08-13 18:28:28", "elapsed": 31236.025048017502, "delta": 24.534722328186035}, "costs": {"total_cost": 468.0235608307331, "time_cost": 87.444, "final_distance_cost": 1.7499894850285715, "oscillation_cost": 277.25280539574715, "completition_cost": 0.0, "overshoot_cost": 53.387009918990984, "power_cost": 25.31964295654297, "noise_cost": 22.870113074423458, "n_waypoints_completed": 9, "tot_waypoints": 9}}
{"target": -344.84469025492257, "params": {"k_pid_pos": [0.8624824133695254, 0.47069367088488945, 0.4793654101085927], "k_pid_alt": [1.567749905655733, 0.44527512561235394, 0.2233273550295577], "k_pid_att": [4.791160341280154, 0.17689368472323141, 0.45995771293823895], "k_pid_yaw": [0.5, 1e-06, 0.1], "k_pid_hsp": [2.54283118501182, 0.10724250061415774, 0.37193264936033676], "k_pid_vsp": [173.94742708877655, 4.962850416596634, 15.7583929925061]}, "datetime": {"datetime": "2025-08-13 18:29:01", "elapsed": 31269.076421260834, "delta": 33.05137324333191}, "costs": {"total_cost": 344.84469025492257, "time_cost": 106.197, "final_distance_cost": 1.7603031885310665, "oscillation_cost": 126.07691289589378, "completition_cost": 0.0, "overshoot_cost": 58.149121917398716, "power_cost": 26.385089074707032, "noise_cost": 26.276263178391975, "n_waypoints_completed": 9, "tot_waypoints": 9}}
{"target": -766.2295882299624, "params": {"k_pid_pos": [0.29321874593415065, 0.987655551357766, 0.35509406784593944], "k_pid_alt": [1.3962037333263022, 0.5228881424684663, 0.19254670704824062], "k_pid_att": [35.287236499370714, 6.512047740780587, 0.09502411937163868], "k_pid_yaw": [0.5, 1e-06, 0.1], "k_pid_hsp": [0.4158104192836525, 0.4807706534046592, 0.00821227521527279], "k_pid_vsp": [248.81633959105466, 279.71909551008184, 42.596811207329296]}, "datetime": {"datetime": "2025-08-13 18:29:32", "elapsed": 31300.21815419197, "delta": 31.141732931137085}, "costs": {"total_cost": 766.2295882299624, "time_cost": 150, "final_distance_cost": 67.35795891271837, "oscillation_cost": 92.87117180720269, "completition_cost": 333.33333333333337, "overshoot_cost": 54.998809484116556, "power_cost": 35.24671112060547, "noise_cost": 32.421603571985926, "n_waypoints_completed": 6, "tot_waypoints": 9}}
{"target": -1228.792376677495, "params": {"k_pid_pos": [1.2129160439612443, 0.8223166474725128, 0.499226070888665], "k_pid_alt": [0.9449201273569605, 0.795289027096547, 0.5046285029627019], "k_pid_att": [11.331772707359866, 8.335377252037373, 0.7784228176084368], "k_pid_yaw": [0.5, 1e-06, 0.1], "k_pid_hsp": [0.3447892169616752, 0.6490705594693537, 0.7495938712918493], "k_pid_vsp": [176.1449649222238, 29.55295563739243, 10.309535071599905]}, "datetime": {"datetime": "2025-08-13 18:30:04", "elapsed": 31332.700476169586, "delta": 32.482321977615356}, "costs": {"total_cost": 1228.792376677495, "time_cost": 150, "final_distance_cost": 50.685244384674334, "oscillation_cost": 323.7438584553524, "completition_cost": 555.5555555555555, "overshoot_cost": 70.8665192499716, "power_cost": 41.687342797851564, "noise_cost": 36.2538562340894, "n_waypoints_completed": 4, "tot_waypoints": 9}}
{"target": -1238.3914846412906, "params": {"k_pid_pos": [0.027410565869265033, 0.9538231854517363, 0.6815645887558387], "k_pid_alt": [1.313752212599166, 0.4103421972606992, 0.40483501806379785], "k_pid_att": [10.86147828541355, 9.55677618990892, 0.3095765075359972], "k_pid_yaw": [0.5, 1e-06, 0.1], "k_pid_hsp": [0.26964753732117064, 0.8334714018210412, 0.05572227109793093], "k_pid_vsp": [167.03589336065056, 22.514986990732673, 11.829643788434716]}, "datetime": {"datetime": "2025-08-13 18:30:35", "elapsed": 31363.903079032898, "delta": 31.202602863311768}, "costs": {"total_cost": 1238.3914846412906, "time_cost": 150, "final_distance_cost": 86.2422231987882, "oscillation_cost": 118.11201321189887, "completition_cost": 777.7777777777778, "overshoot_cost": 40.048268057269546, "power_cost": 34.204182470703124, "noise_cost": 32.00701992485314, "n_waypoints_completed": 2, "tot_waypoints": 9}}
{"target": -432.5722904402217, "params": {"k_pid_pos": [1.9430475565852239, 0.614828248194026, 0.011530798221689675], "k_pid_alt": [0.9582266600890186, 0.24320664143172122, 0.5330970158038697], "k_pid_att": [10.20230628233979, 6.727882891841577, 0.3819388158136737], "k_pid_yaw": [0.5, 1e-06, 0.1], "k_pid_hsp": [8.390475028631947, 0.3212921666272007, 0.8384571406392654], "k_pid_vsp": [289.4776146531205, 287.9391611859408, 67.0186790380658]}, "datetime": {"datetime": "2025-08-13 18:31:05", "elapsed": 31393.301243543625, "delta": 29.39816451072693}, "costs": {"total_cost": 432.5722904402217, "time_cost": 103.999, "final_distance_cost": 1.7921812379237911, "oscillation_cost": 206.11526411583793, "completition_cost": 0.0, "overshoot_cost": 60.06784670780281, "power_cost": 32.27898887939453, "noise_cost": 28.319009499262684, "n_waypoints_completed": 9, "tot_waypoints": 9}}
{"target": -876.921708656086, "params": {"k_pid_pos": [1.4557054010754538, 0.004001118248627478, 0.5453179875068577], "k_pid_alt": [1.8133476837082598, 0.4214644454481633, 0.8513591309705344], "k_pid_att": [31.033497994178884, 3.2449297956733227, 0.9219325284071405], "k_pid_yaw": [0.5, 1e-06, 0.1], "k_pid_hsp": [4.939841905162601, 0.1944324716420327, 0.897037977114194], "k_pid_vsp": [244.01345915308076, 271.46092492533114, 55.83726129649954]}, "datetime": {"datetime": "2025-08-13 18:31:38", "elapsed": 31426.87967967987, "delta": 33.57843613624573}, "costs": {"total_cost": 876.921708656086, "time_cost": 150, "final_distance_cost": 91.56079949934687, "oscillation_cost": 358.0594931600873, "completition_cost": 111.11111111111116, "overshoot_cost": 83.99247862759272, "power_cost": 40.09205521240234, "noise_cost": 42.105771045545595, "n_waypoints_completed": 8, "tot_waypoints": 9}}
{"target": -507.94443753732696, "params": {"k_pid_pos": [0.6664792102793771, 0.8177434452802118, 0.966183672544377], "k_pid_alt": [0.2632563699210071, 0.467172569816258, 0.5534938878251976], "k_pid_att": [5.874372467807987, 9.020323973782418, 0.7994746675449437], "k_pid_yaw": [0.5, 1e-06, 0.1], "k_pid_hsp": [3.412146310096812, 0.8703494482864028, 0.07417900825401047], "k_pid_vsp": [180.6648792039575, 21.76750503268792, 6.9120538275503645]}, "datetime": {"datetime": "2025-08-13 18:32:10", "elapsed": 31458.221638441086, "delta": 31.34195876121521}, "costs": {"total_cost": 507.94443753732696, "time_cost": 150, "final_distance_cost": 13.642136800725918, "oscillation_cost": 116.87590775794067, "completition_cost": 111.11111111111116, "overshoot_cost": 60.88501538695481, "power_cost": 25.32298302001953, "noise_cost": 30.107283460574862, "n_waypoints_completed": 8, "tot_waypoints": 9}}
{"target": -431.90926352993745, "params": {"k_pid_pos": [0.7581404749645553, 0.9338892142538943, 0.5097574949567449], "k_pid_alt": [1.2088958874109175, 0.3297671624017634, 0.7247183569292472], "k_pid_att": [7.796715090500328, 0.6841029655441475, 0.7027818003457424], "k_pid_yaw": [0.5, 1e-06, 0.1], "k_pid_hsp": [9.08116165381445, 0.9496506957177623, 0.5963360892080045], "k_pid_vsp": [174.9918600230301, 29.342515892922336, 6.931690895951878]}, "datetime": {"datetime": "2025-08-13 18:32:42", "elapsed": 31490.528909683228, "delta": 32.307271242141724}, "costs": {"total_cost": 431.90926352993745, "time_cost": 117.796, "final_distance_cost": 1.731709925476439, "oscillation_cost": 191.85467888836587, "completition_cost": 0.0, "overshoot_cost": 59.53484363363659, "power_cost": 27.84734891357422, "noise_cost": 33.144682168884344, "n_waypoints_completed": 9, "tot_waypoints": 9}}
{"target": -1380.9251682142124, "params": {"k_pid_pos": [0.11061812775101176, 0.18074129646090298, 0.4054345118340398], "k_pid_alt": [1.6513548994766152, 0.15671460524418035, 0.06967403873798217], "k_pid_att": [15.960815264227667, 9.280632376114118, 0.07267656597158934], "k_pid_yaw": [0.5, 1e-06, 0.1], "k_pid_hsp": [6.852971165925093, 0.04755181969900024, 0.30794658274299624], "k_pid_vsp": [275.5470757330906, 285.3860616507245, 54.41816528764213]}, "datetime": {"datetime": "2025-08-13 18:33:15", "elapsed": 31523.706226825714, "delta": 33.17731714248657}, "costs": {"total_cost": 1380.9251682142124, "time_cost": 150, "final_distance_cost": 47.45924018689415, "oscillation_cost": 515.2389847496909, "completition_cost": 555.5555555555555, "overshoot_cost": 57.13504494339446, "power_cost": 28.104570556640628, "noise_cost": 27.431772222036606, "n_waypoints_completed": 4, "tot_waypoints": 9}}
{"target": -816.6070895742505, "params": {"k_pid_pos": [1.7426515103284757, 0.8496973767925206, 0.3542979027291111], "k_pid_alt": [0.23221317613995796, 0.5469154508412059, 0.30146808559283467], "k_pid_att": [10.012475520492226, 1.3276020245604327, 0.8304904158690359], "k_pid_yaw": [0.5, 1e-06, 0.1], "k_pid_hsp": [3.359563375485668, 0.3011187561830273, 0.6844448673369481], "k_pid_vsp": [312.58635905814, 346.590822489476, 97.85937041036361]}, "datetime": {"datetime": "2025-08-13 18:33:49", "elapsed": 31557.3660531044, "delta": 33.65982627868652}, "costs": {"total_cost": 816.6070895742505, "time_cost": 150, "final_distance_cost": 67.15759860386156, "oscillation_cost": 146.55152603592333, "completition_cost": 333.33333333333337, "overshoot_cost": 61.891383436600975, "power_cost": 29.573680786132815, "noise_cost": 28.099567378398305, "n_waypoints_completed": 6, "tot_waypoints": 9}}
{"target": -596.8281401207438, "params": {"k_pid_pos": [1.2086507863450298, 0.2868298539240435, 0.9651352785892249], "k_pid_alt": [1.9631368848724577, 0.49364727576752865, 0.43864645917181266], "k_pid_att": [11.970607468880779, 5.987761501414349, 0.3228495611492047], "k_pid_yaw": [0.5, 1e-06, 0.1], "k_pid_hsp": [0.534033754108703, 0.2444297791510639, 0.23257267896723743], "k_pid_vsp": [159.93417361774726, 31.148667269290048, 6.681259805853466]}, "datetime": {"datetime": "2025-08-13 18:34:19", "elapsed": 31587.684727191925, "delta": 30.318674087524414}, "costs": {"total_cost": 596.8281401207438, "time_cost": 115.563, "final_distance_cost": 1.7627066179166613, "oscillation_cost": 365.3565431219868, "completition_cost": 0.0, "overshoot_cost": 57.38375483532344, "power_cost": 24.98823708496094, "noise_cost": 31.773898460556012, "n_waypoints_completed": 9, "tot_waypoints": 9}}
{"target": -606.2300080046192, "params": {"k_pid_pos": [1.9378775460914783, 0.5225837062218289, 0.9589651778403973], "k_pid_alt": [1.4792203486397055, 0.10369608362403648, 0.33149624654888954], "k_pid_att": [57.75976613361118, 5.3022315240169045, 0.36848785577055454], "k_pid_yaw": [0.5, 1e-06, 0.1], "k_pid_hsp": [6.084159674232677, 0.6595410862609731, 0.14091163508065296], "k_pid_vsp": [213.82424048057672, 16.690365072763587, 2.281815700806939]}, "datetime": {"datetime": "2025-08-13 18:34:45", "elapsed": 31613.4927380085, "delta": 25.808010816574097}, "costs": {"total_cost": 606.2300080046192, "time_cost": 90.342, "final_distance_cost": 1.7834752191703693, "oscillation_cost": 412.87011288494176, "completition_cost": 0.0, "overshoot_cost": 52.85278416339653, "power_cost": 24.33646014404297, "noise_cost": 24.04517559306757, "n_waypoints_completed": 9, "tot_waypoints": 9}}
{"target": -447.05696968790903, "params": {"k_pid_pos": [1.3238628255651899, 0.4754122526510923, 0.15651760276628668], "k_pid_alt": [0.43030418686366567, 0.7790028712485331, 0.37919841582053526], "k_pid_att": [13.676527947140505, 2.400601677466402, 0.6494807875914405], "k_pid_yaw": [0.5, 1e-06, 0.1], "k_pid_hsp": [9.418799563733566, 0.17788346278957567, 0.33137046452083463], "k_pid_vsp": [303.8866678893337, 327.60390253899374, 92.52856413897388]}, "datetime": {"datetime": "2025-08-13 18:35:15", "elapsed": 31643.099389076233, "delta": 29.606651067733765}, "costs": {"total_cost": 447.05696968790903, "time_cost": 112.056, "final_distance_cost": 1.7603488659031905, "oscillation_cost": 211.8153154071764, "completition_cost": 0.0, "overshoot_cost": 65.43192758808102, "power_cost": 28.467705737304687, "noise_cost": 27.525672089443738, "n_waypoints_completed": 9, "tot_waypoints": 9}}
{"target": -495.37111064908436, "params": {"k_pid_pos": [1.695488216288031, 0.4446791264506945, 0.27170267145998994], "k_pid_alt": [0.2160329436440802, 0.5298150926566505, 0.021894572926432154], "k_pid_att": [21.150858804043416, 4.962555984965683, 0.45683152659680426], "k_pid_yaw": [0.5, 1e-06, 0.1], "k_pid_hsp": [8.190080981118664, 0.7206019053421703, 0.6500293836343645], "k_pid_vsp": [295.49394764983623, 336.5634417052376, 96.86337519959025]}, "datetime": {"datetime": "2025-08-13 18:35:43", "elapsed": 31671.541035413742, "delta": 28.441646337509155}, "costs": {"total_cost": 495.37111064908436, "time_cost": 108.99000000000001, "final_distance_cost": 1.7302191043618524, "oscillation_cost": 267.5093754689187, "completition_cost": 0.0, "overshoot_cost": 63.34568496420675, "power_cost": 26.904479125976565, "noise_cost": 26.891351985620545, "n_waypoints_completed": 9, "tot_waypoints": 9}}
{"target": -1080.1997421918716, "params": {"k_pid_pos": [1.9746364826985392, 0.7094239920423658, 0.08251722970792508], "k_pid_alt": [0.15089555655103015, 0.7653532539523296, 0.17379831767864418], "k_pid_att": [14.43179711985405, 1.7072250668988413, 0.574274080447739], "k_pid_yaw": [0.5, 1e-06, 0.1], "k_pid_hsp": [8.461377631536724, 0.9050798843384665, 0.9701392601157431], "k_pid_vsp": [287.5731906779774, 273.03939550114217, 50.021102732324316]}, "datetime": {"datetime": "2025-08-13 18:36:15", "elapsed": 31703.06535410881, "delta": 31.52431869506836}, "costs": {"total_cost": 1080.1997421918716, "time_cost": 150, "final_distance_cost": 43.334098206674206, "oscillation_cost": 202.82218257787656, "completition_cost": 555.5555555555555, "overshoot_cost": 58.14591621601687, "power_cost": 36.316482556152344, "noise_cost": 34.025507079596004, "n_waypoints_completed": 4, "tot_waypoints": 9}}
{"target": -350.7068377162851, "params": {"k_pid_pos": [1.5285670521836927, 0.3554932499206317, 0.5969112375507705], "k_pid_alt": [0.45305352061217863, 0.1423649504215131, 0.8422302183343727], "k_pid_att": [13.293670387011613, 4.9028805330313325, 0.1253968989544979], "k_pid_yaw": [0.5, 1e-06, 0.1], "k_pid_hsp": [1.161770244160104, 0.9785842270167938, 0.02976187215343873], "k_pid_vsp": [163.2597590501688, 6.35836738166313, 17.40412982505667]}, "datetime": {"datetime": "2025-08-13 18:36:41", "elapsed": 31729.809859514236, "delta": 26.744505405426025}, "costs": {"total_cost": 350.7068377162851, "time_cost": 95.98400000000001, "final_distance_cost": 1.7375699310840396, "oscillation_cost": 142.4235634913766, "completition_cost": 0.0, "overshoot_cost": 53.394359520066885, "power_cost": 29.649594787597657, "noise_cost": 27.517749986159902, "n_waypoints_completed": 9, "tot_waypoints": 9}}
{"target": -1480.674581636213, "params": {"k_pid_pos": [0.13283453168986323, 0.33590727413772237, 0.6583082312968526], "k_pid_alt": [1.5248735141132974, 0.12827406401773223, 0.15648757533585744], "k_pid_att": [7.496522913275383, 7.320422060417824, 0.006363057104134429], "k_pid_yaw": [0.5, 1e-06, 0.1], "k_pid_hsp": [8.878307126000358, 0.8339699637761573, 0.46715290971812873], "k_pid_vsp": [293.1362111341442, 337.5738581186508, 106.19216728570862]}, "datetime": {"datetime": "2025-08-13 18:37:14", "elapsed": 31762.032712697983, "delta": 32.22285318374634}, "costs": {"total_cost": 1480.674581636213, "time_cost": 150, "final_distance_cost": 51.68723233238927, "oscillation_cost": 509.55270989092446, "completition_cost": 666.6666666666667, "overshoot_cost": 49.32199457306982, "power_cost": 26.883137756347658, "noise_cost": 26.56284041681503, "n_waypoints_completed": 3, "tot_waypoints": 9}}
{"target": -351.509688183392, "params": {"k_pid_pos": [1.8209192651833406, 0.9926335170387769, 0.6684326314022679], "k_pid_alt": [1.8139734181047225, 0.39285415878027985, 0.3322035517100186], "k_pid_att": [10.438484849593754, 7.4464173160093425, 0.40270195211216897], "k_pid_yaw": [0.5, 1e-06, 0.1], "k_pid_hsp": [6.8924134582323, 0.6393260368734279, 0.9665161425292623], "k_pid_vsp": [164.75264513450995, 31.35283498054491, 4.779214767647236]}, "datetime": {"datetime": "2025-08-13 18:37:40", "elapsed": 31787.965676784515, "delta": 25.932964086532593}, "costs": {"total_cost": 351.509688183392, "time_cost": 83.804, "final_distance_cost": 1.7823823511215708, "oscillation_cost": 169.286146584609, "completition_cost": 0.0, "overshoot_cost": 55.937489591860334, "power_cost": 17.221582971191406, "noise_cost": 23.478086684609618, "n_waypoints_completed": 9, "tot_waypoints": 9}}
{"target": -730.1909718900614, "params": {"k_pid_pos": [0.8335096455371962, 0.16788287115088563, 0.7121145424573538], "k_pid_alt": [0.694502365837903, 0.789528037446403, 0.517022212231005], "k_pid_att": [4.069590906345799, 8.031712947335082, 0.5346188167467879], "k_pid_yaw": [0.5, 1e-06, 0.1], "k_pid_hsp": [9.804418644189132, 0.7555563816113461, 0.527885150057996], "k_pid_vsp": [171.77023313954106, 11.321815179128098, 18.98474894826662]}, "datetime": {"datetime": "2025-08-13 18:38:11", "elapsed": 31819.354341745377, "delta": 31.388664960861206}, "costs": {"total_cost": 730.1909718900614, "time_cost": 150, "final_distance_cost": 29.95908064007338, "oscillation_cost": 307.4474892208093, "completition_cost": 111.11111111111116, "overshoot_cost": 65.25229158894483, "power_cost": 34.042698461914064, "noise_cost": 32.37830086720869, "n_waypoints_completed": 8, "tot_waypoints": 9}}
{"target": -1251.0448538319808, "params": {"k_pid_pos": [0.07197562125002957, 0.5839572436744397, 0.6051571292013777], "k_pid_alt": [0.7997175684582618, 0.07776754852697942, 0.48001503147270497], "k_pid_att": [17.71636618761351, 9.843161371586229, 0.6973805806248894], "k_pid_yaw": [0.5, 1e-06, 0.1], "k_pid_hsp": [6.425773475713172, 0.6942986997815167, 0.5774952980875689], "k_pid_vsp": [293.3978670406959, 328.01657311785755, 113.48846950510656]}, "datetime": {"datetime": "2025-08-13 18:38:49", "elapsed": 31857.519993305206, "delta": 38.16565155982971}, "costs": {"total_cost": 1251.0448538319808, "time_cost": 150, "final_distance_cost": 46.98336988824715, "oscillation_cost": 375.48309619029675, "completition_cost": 555.5555555555555, "overshoot_cost": 57.77209944358186, "power_cost": 35.843999658203124, "noise_cost": 29.406733096096225, "n_waypoints_completed": 4, "tot_waypoints": 9}}
{"target": -617.9439608806422, "params": {"k_pid_pos": [1.3726987411579898, 0.922641087045248, 0.1542265869707109], "k_pid_alt": [1.1974560321794097, 0.6623452121341752, 0.6378268420861525], "k_pid_att": [5.769245098488929, 2.0624759798665244, 0.02884472299563512], "k_pid_yaw": [0.5, 1e-06, 0.1], "k_pid_hsp": [3.41230739940421, 0.8159102943891573, 0.4523992370161486], "k_pid_vsp": [270.1739490862507, 285.3503806586586, 38.71400979345841]}, "datetime": {"datetime": "2025-08-13 18:39:24", "elapsed": 31892.706396579742, "delta": 35.18640327453613}, "costs": {"total_cost": 617.9439608806422, "time_cost": 150, "final_distance_cost": 3.350582403946266, "oscillation_cost": 211.9249989179502, "completition_cost": 111.11111111111116, "overshoot_cost": 74.38147627589359, "power_cost": 34.57673961181641, "noise_cost": 32.59905255992465, "n_waypoints_completed": 8, "tot_waypoints": 9}}
{"target": -938.5689987186722, "params": {"k_pid_pos": [0.81157549360741, 0.8854314009120955, 0.8758457861577027], "k_pid_alt": [0.22639327543132826, 0.375758350944133, 0.8807747565257055], "k_pid_att": [11.238909047508693, 0.35107041822945434, 0.7232388709068651], "k_pid_yaw": [0.5, 1e-06, 0.1], "k_pid_hsp": [6.642601318330882, 0.9971454198625609, 0.7442381444292349], "k_pid_vsp": [261.688642998923, 264.15416598213324, 52.07552630991826]}, "datetime": {"datetime": "2025-08-13 18:39:56", "elapsed": 31924.167925834656, "delta": 31.46152925491333}, "costs": {"total_cost": 938.5689987186722, "time_cost": 150, "final_distance_cost": 77.21333901401361, "oscillation_cost": 264.70963250472045, "completition_cost": 333.33333333333337, "overshoot_cost": 52.311635930111336, "power_cost": 32.63287902832032, "noise_cost": 28.368178908173196, "n_waypoints_completed": 6, "tot_waypoints": 9}}
