{"target": -342.77054042633506, "params": {"k_pid_pos": [1.6807553478171424, 0.14694776304575818, 0.32993617963833666], "k_pid_alt": [1.8262860081170917, 0.7962327873541428, 0.6166059928399228], "k_pid_att": [8.560898435478537, 6.356984614085271, 0.9866808450239313], "k_pid_yaw": [0.5, 1e-06, 0.1], "k_pid_hsp": [1.2019681106743507, 0.3301030475734007, 0.896137097400437], "k_pid_vsp": [167.17509332965062, 9.806363435916943, 20.8740393986509]}, "datetime": {"datetime": "2025-08-13 13:42:39", "elapsed": 14087.514209747314, "delta": 26.231433868408203}, "costs": {"total_cost": 342.77054042633506, "time_cost": 90.867, "final_distance_cost": 1.777671210493311, "oscillation_cost": 148.5638068556329, "completition_cost": 0.0, "overshoot_cost": 56.733391516772, "power_cost": 23.01031716308594, "noise_cost": 21.81835368035092, "n_waypoints_completed": 9, "tot_waypoints": 9}}
{"target": -303.90182022556934, "params": {"k_pid_pos": [1.573933699711933, 0.07371755289604665, 0.03860779077910703], "k_pid_alt": [0.3976698524170861, 0.5731440782989428, 0.9073765852594416], "k_pid_att": [7.142839410451307, 4.023101630434122, 0.6202753487159532], "k_pid_yaw": [0.5, 1e-06, 0.1], "k_pid_hsp": [7.109175819612688, 0.12405305603728578, 0.07909603484236616], "k_pid_vsp": [314.7950434445704, 324.21796694159195, 105.17031500556476]}, "datetime": {"datetime": "2025-08-13 13:43:06", "elapsed": 14114.13570523262, "delta": 26.621495485305786}, "costs": {"total_cost": 303.90182022556934, "time_cost": 95.151, "final_distance_cost": 1.7618425196394343, "oscillation_cost": 102.64122660917407, "completition_cost": 0.0, "overshoot_cost": 58.57775246921255, "power_cost": 23.503884606933596, "noise_cost": 22.26611402060975, "n_waypoints_completed": 9, "tot_waypoints": 9}}
{"target": -780.9910685637515, "params": {"k_pid_pos": [0.3469344523280981, 0.10448982236670279, 0.19458464660323582], "k_pid_alt": [1.125262450068333, 0.7509141866499459, 0.10371308101736865], "k_pid_att": [26.39149575876294, 1.5006197853988863, 0.18301915558949156], "k_pid_yaw": [0.5, 1e-06, 0.1], "k_pid_hsp": [1.3409366363581294, 0.441032506994152, 0.2651880681997969], "k_pid_vsp": [175.891787121642, 4.344049505566303, 11.541233116702966]}, "datetime": {"datetime": "2025-08-13 13:43:38", "elapsed": 14146.431836605072, "delta": 32.29613137245178}, "costs": {"total_cost": 780.9910685637515, "time_cost": 119.98700000000001, "final_distance_cost": 1.838554208251269, "oscillation_cost": 530.5472600800174, "completition_cost": 0.0, "overshoot_cost": 58.635707416694885, "power_cost": 36.47947238769532, "noise_cost": 33.50307447109254, "n_waypoints_completed": 9, "tot_waypoints": 9}}
{"target": -673.2849863763861, "params": {"k_pid_pos": [0.9040724910835276, 0.8899189770328021, 0.4864207512610179], "k_pid_alt": [0.4374055040093654, 0.6042035867872464, 0.3787258366567908], "k_pid_att": [21.178672786986972, 1.1460907525129458, 0.8432291736465896], "k_pid_yaw": [0.5, 1e-06, 0.1], "k_pid_hsp": [6.744560998294831, 0.0790329824724425, 0.20766238498712175], "k_pid_vsp": [304.02144118724215, 315.06897705331824, 110.2717547464078]}, "datetime": {"datetime": "2025-08-13 13:44:09", "elapsed": 14177.887556314468, "delta": 31.455719709396362}, "costs": {"total_cost": 673.2849863763861, "time_cost": 150, "final_distance_cost": 12.052799196394767, "oscillation_cost": 275.60539117455556, "completition_cost": 111.11111111111116, "overshoot_cost": 64.08074517945732, "power_cost": 30.917985681152345, "noise_cost": 29.516954033714782, "n_waypoints_completed": 8, "tot_waypoints": 9}}
{"target": -665.6819893490892, "params": {"k_pid_pos": [1.7912882945565913, 0.8528052085543213, 0.10178173887202246], "k_pid_alt": [1.5150679739819555, 0.32190913968754953, 0.48653747912382284], "k_pid_att": [27.65534169616466, 4.194155654324309, 0.4129318335021076], "k_pid_yaw": [0.5, 1e-06, 0.1], "k_pid_hsp": [2.7849716128576643, 0.07441578344756794, 0.2721998044759395], "k_pid_vsp": [308.3835128611756, 330.6450432432052, 99.28040413774687]}, "datetime": {"datetime": "2025-08-13 13:44:42", "elapsed": 14210.088558912277, "delta": 32.20100259780884}, "costs": {"total_cost": 665.6819893490892, "time_cost": 150, "final_distance_cost": 21.32878725747158, "oscillation_cost": 239.02228458388257, "completition_cost": 111.11111111111116, "overshoot_cost": 69.2555110657516, "power_cost": 41.967367089843755, "noise_cost": 32.99692824102846, "n_waypoints_completed": 8, "tot_waypoints": 9}}
{"target": -347.33946775613595, "params": {"k_pid_pos": [1.1575342427823525, 0.24109828466976857, 0.588835575625608], "k_pid_alt": [0.4419591558238336, 0.10584745370327109, 0.3468301958517649], "k_pid_att": [4.3357036677440615, 7.486323246101728, 0.5479208578634953], "k_pid_yaw": [0.5, 1e-06, 0.1], "k_pid_hsp": [2.9138508377923844, 0.043937592327713215, 0.2003445648800588], "k_pid_vsp": [174.3530820329128, 33.17334599023959, 3.0286573657274802]}, "datetime": {"datetime": "2025-08-13 13:45:09", "elapsed": 14237.567927360535, "delta": 27.479368448257446}, "costs": {"total_cost": 347.33946775613595, "time_cost": 105.217, "final_distance_cost": 1.7963817593140838, "oscillation_cost": 131.02368565569594, "completition_cost": 0.0, "overshoot_cost": 56.03396279407085, "power_cost": 25.412341528320315, "noise_cost": 27.856096018734714, "n_waypoints_completed": 9, "tot_waypoints": 9}}
{"target": -870.5051247812082, "params": {"k_pid_pos": [1.5242720657037325, 0.5388322062743519, 0.15782115190064205], "k_pid_alt": [0.40372574367447833, 0.1151634628405287, 0.19354086156353345], "k_pid_att": [23.557827466765936, 3.388420279371801, 0.40151006202748585], "k_pid_yaw": [0.5, 1e-06, 0.1], "k_pid_hsp": [0.892596311588011, 0.32105512614248166, 0.800064211314824], "k_pid_vsp": [174.97098312129756, 9.396249286544183, 23.35876205141915]}, "datetime": {"datetime": "2025-08-13 13:45:41", "elapsed": 14269.395156383514, "delta": 31.827229022979736}, "costs": {"total_cost": 870.5051247812082, "time_cost": 150, "final_distance_cost": 66.56796263472128, "oscillation_cost": 302.4270862189664, "completition_cost": 222.2222222222222, "overshoot_cost": 63.632418001469105, "power_cost": 35.39640407714844, "noise_cost": 30.259031626680876, "n_waypoints_completed": 7, "tot_waypoints": 9}}
{"target": -588.9778298129521, "params": {"k_pid_pos": [1.0718585303394674, 0.06256298323981524, 0.599022372288017], "k_pid_alt": [1.2208493498033592, 0.6960724864386623, 0.9138208144811202], "k_pid_att": [28.639517708657348, 9.701119076913118, 0.41736785062841475], "k_pid_yaw": [0.5, 1e-06, 0.1], "k_pid_hsp": [7.648146226079651, 0.19034938352819764, 0.7682122132989087], "k_pid_vsp": [160.8481073287365, 47.1962978033177, 4.516027944227848]}, "datetime": {"datetime": "2025-08-13 13:46:03", "elapsed": 14291.449103832245, "delta": 22.05394744873047}, "costs": {"total_cost": 588.9778298129521, "time_cost": 86.387, "final_distance_cost": 1.7971303800493328, "oscillation_cost": 403.3491442991984, "completition_cost": 0.0, "overshoot_cost": 53.10560148374977, "power_cost": 20.8532939453125, "noise_cost": 23.48565970464208, "n_waypoints_completed": 9, "tot_waypoints": 9}}
{"target": -441.3954844636918, "params": {"k_pid_pos": [0.5658723656381072, 0.15818327768298568, 0.010216193193221534], "k_pid_alt": [1.4071274565594902, 0.6002363054123466, 0.39261860144315486], "k_pid_att": [12.359331126453588, 6.260171794525815, 0.6244486301863191], "k_pid_yaw": [0.5, 1e-06, 0.1], "k_pid_hsp": [8.48065787017233, 0.6030741603403115, 0.5658228469581718], "k_pid_vsp": [177.91493503687784, 31.53619238038294, 9.203728422911054]}, "datetime": {"datetime": "2025-08-13 13:46:29", "elapsed": 14317.849113702774, "delta": 26.400009870529175}, "costs": {"total_cost": 441.3954844636918, "time_cost": 101.017, "final_distance_cost": 1.7803617530965326, "oscillation_cost": 238.8119086855923, "completition_cost": 0.0, "overshoot_cost": 55.34912796007038, "power_cost": 18.636272119140624, "noise_cost": 25.800813945791884, "n_waypoints_completed": 9, "tot_waypoints": 9}}
{"target": -657.314485950793, "params": {"k_pid_pos": [1.2188787407555124, 0.8048250543129781, 0.25473814948527285], "k_pid_alt": [0.5888251869382348, 0.6463441957190476, 0.2170577478107012], "k_pid_att": [36.41575214402945, 3.8382246925300127, 0.5326365008117465], "k_pid_yaw": [0.5, 1e-06, 0.1], "k_pid_hsp": [7.7096693197880235, 0.23445341400900144, 0.0727645723529714], "k_pid_vsp": [232.64396367427392, 278.94458450233157, 48.131521126389316]}, "datetime": {"datetime": "2025-08-13 13:47:00", "elapsed": 14348.657940387726, "delta": 30.808826684951782}, "costs": {"total_cost": 657.314485950793, "time_cost": 150, "final_distance_cost": 25.303080544874906, "oscillation_cost": 246.00834845499475, "completition_cost": 111.11111111111116, "overshoot_cost": 64.60549801075, "power_cost": 30.62304276123047, "noise_cost": 29.663405067831594, "n_waypoints_completed": 8, "tot_waypoints": 9}}
{"target": -965.0864006178505, "params": {"k_pid_pos": [1.0470710849885518, 0.27524919174894924, 0.08555638511006747], "k_pid_alt": [0.2572722934377427, 0.3504931254327295, 0.32512915787830443], "k_pid_att": [45.253007311316615, 7.062467272160683, 0.2517839316183388], "k_pid_yaw": [0.5, 1e-06, 0.1], "k_pid_hsp": [7.996827104213277, 0.7580404123715451, 0.9795080743565349], "k_pid_vsp": [78.40961706934073, 366.53386373804625, 35.39237380526135]}, "datetime": {"datetime": "2025-08-13 13:47:34", "elapsed": 14382.635405540466, "delta": 33.97746515274048}, "costs": {"total_cost": 965.0864006178505, "time_cost": 150, "final_distance_cost": 66.09592939326316, "oscillation_cost": 510.0849384275122, "completition_cost": 111.11111111111116, "overshoot_cost": 57.895631238402224, "power_cost": 38.410142883300786, "noise_cost": 31.488647564260965, "n_waypoints_completed": 8, "tot_waypoints": 9}}
{"target": -858.413465420417, "params": {"k_pid_pos": [0.5853833132243424, 0.1915879740805828, 0.5106186358507926], "k_pid_alt": [1.779220706069603, 0.6511722884948435, 0.5520309848090231], "k_pid_att": [46.220583094806145, 1.9823345984640537, 0.3100937719584792], "k_pid_yaw": [0.5, 1e-06, 0.1], "k_pid_hsp": [5.200255947702289, 0.07316864593849726, 0.3385158770012988], "k_pid_vsp": [83.82519145306726, 359.76181863403565, 37.25621357655545]}, "datetime": {"datetime": "2025-08-13 13:48:12", "elapsed": 14420.056287527084, "delta": 37.42088198661804}, "costs": {"total_cost": 858.413465420417, "time_cost": 118.678, "final_distance_cost": 1.782884266455891, "oscillation_cost": 624.2904861606626, "completition_cost": 0.0, "overshoot_cost": 56.82324011987651, "power_cost": 29.620736718750003, "noise_cost": 27.218118154672105, "n_waypoints_completed": 9, "tot_waypoints": 9}}
{"target": -872.6864425742806, "params": {"k_pid_pos": [1.0679528532987175, 0.8653720904145226, 0.7345309131849117], "k_pid_alt": [0.7440586334978427, 0.8739340463024096, 0.2645060744681659], "k_pid_att": [10.503544445186874, 7.957314992536453, 0.8682839193687146], "k_pid_yaw": [0.5, 1e-06, 0.1], "k_pid_hsp": [0.5514531186293328, 0.5631019456163705, 0.8854218853569613], "k_pid_vsp": [271.1333275952191, 289.12187416573954, 51.18787672725608]}, "datetime": {"datetime": "2025-08-13 13:48:44", "elapsed": 14452.309028625488, "delta": 32.25274109840393}, "costs": {"total_cost": 872.6864425742806, "time_cost": 150, "final_distance_cost": 65.82701555899585, "oscillation_cost": 205.62976271862757, "completition_cost": 333.33333333333337, "overshoot_cost": 60.73317863557703, "power_cost": 29.299318469238283, "noise_cost": 27.863833858508468, "n_waypoints_completed": 6, "tot_waypoints": 9}}
{"target": -1814.951974651929, "params": {"k_pid_pos": [1.38693143623817, 0.25017240420427267, 0.6559755416514427], "k_pid_alt": [1.384541797775448, 0.11011486576268781, 0.4619499135212669], "k_pid_att": [54.7754299004798, 6.49062671134782, 0.6928437798217392], "k_pid_yaw": [0.5, 1e-06, 0.1], "k_pid_hsp": [0.28179711743411373, 0.0810175264556604, 0.43332938211282623], "k_pid_vsp": [196.64399704569422, 9.480103240385054, 5.211336410682456]}, "datetime": {"datetime": "2025-08-13 13:49:16", "elapsed": 14484.512746572495, "delta": 32.203717947006226}, "costs": {"total_cost": 1814.951974651929, "time_cost": 150, "final_distance_cost": 45.245003482437404, "oscillation_cost": 815.2355394279739, "completition_cost": 666.6666666666667, "overshoot_cost": 80.87389177535755, "power_cost": 27.988852001953127, "noise_cost": 28.942021297540457, "n_waypoints_completed": 3, "tot_waypoints": 9}}
{"target": -701.8615599964982, "params": {"k_pid_pos": [0.5470658503387579, 0.5389622291317895, 0.0017424805985134517], "k_pid_alt": [0.6610831447484009, 0.08434746933351167, 0.2667927974435378], "k_pid_att": [7.570928959441026, 4.688526897582266, 0.6661437011822016], "k_pid_yaw": [0.5, 1e-06, 0.1], "k_pid_hsp": [1.209010234501259, 0.5634428515679253, 0.7197938487783416], "k_pid_vsp": [311.7548492393416, 335.49520461098723, 96.70499821665477]}, "datetime": {"datetime": "2025-08-13 13:49:47", "elapsed": 14515.53117108345, "delta": 31.01842451095581}, "costs": {"total_cost": 701.8615599964982, "time_cost": 150, "final_distance_cost": 67.67354849871434, "oscillation_cost": 150.2314345660662, "completition_cost": 222.2222222222222, "overshoot_cost": 53.33804939324772, "power_cost": 31.408174487304688, "noise_cost": 26.988130828942992, "n_waypoints_completed": 7, "tot_waypoints": 9}}
{"target": -1509.7449359495154, "params": {"k_pid_pos": [1.7046677884017898, 0.42295928881664624, 0.6868097445267973], "k_pid_alt": [0.35728824958570926, 0.7730061891424289, 0.498484508882437], "k_pid_att": [16.903393880438866, 0.3122903873447217, 0.028842577274617365], "k_pid_yaw": [0.5, 1e-06, 0.1], "k_pid_hsp": [1.5952810763089245, 0.4582436673429956, 0.9160113666453616], "k_pid_vsp": [151.09094169275033, 36.39617653499434, 14.82520715375709]}, "datetime": {"datetime": "2025-08-13 13:50:19", "elapsed": 14547.54490351677, "delta": 32.01373243331909}, "costs": {"total_cost": 1509.7449359495154, "time_cost": 150, "final_distance_cost": 97.07177837097268, "oscillation_cost": 366.89953865971006, "completition_cost": 777.7777777777778, "overshoot_cost": 47.08061341636494, "power_cost": 38.20973133544922, "noise_cost": 32.70549638924049, "n_waypoints_completed": 2, "tot_waypoints": 9}}
{"target": -2333.839894859833, "params": {"k_pid_pos": [0.671077927743427, 0.95203536655261, 0.043055985204352165], "k_pid_alt": [1.120826550466009, 0.014500328277055718, 0.40691067175218276], "k_pid_att": [0.5445976328608437, 5.391602466682442, 0.7574882395043187], "k_pid_yaw": [0.5, 1e-06, 0.1], "k_pid_hsp": [5.883568785264151, 0.3168086497683802, 0.530055470849535], "k_pid_vsp": [260.4170821809052, 277.6648709876062, 36.46681530306237]}, "datetime": {"datetime": "2025-08-13 13:50:51", "elapsed": 14579.06400680542, "delta": 31.519103288650513}, "costs": {"total_cost": 2333.839894859833, "time_cost": 150, "final_distance_cost": 44.996293648185876, "oscillation_cost": 628.7021380873422, "completition_cost": 1000.0, "overshoot_cost": 301.3693757708205, "power_cost": 58.899525891113285, "noise_cost": 149.872561462371, "n_waypoints_completed": 0, "tot_waypoints": 9}}
{"target": -522.5525913012654, "params": {"k_pid_pos": [1.7204428342084976, 0.2570085186409412, 0.6750179505668162], "k_pid_alt": [0.13936999407118966, 0.1937319091235069, 0.5598799492193901], "k_pid_att": [15.485317102463803, 3.302426987102727, 0.5759667169791148], "k_pid_yaw": [0.5, 1e-06, 0.1], "k_pid_hsp": [8.757459201783144, 0.7392309440241182, 0.8484186729551632], "k_pid_vsp": [282.6865274281897, 274.4837269784499, 57.354671817495856]}, "datetime": {"datetime": "2025-08-13 13:51:20", "elapsed": 14608.630152225494, "delta": 29.566145420074463}, "costs": {"total_cost": 522.5525913012654, "time_cost": 104.125, "final_distance_cost": 1.733194664596124, "oscillation_cost": 304.44972568330667, "completition_cost": 0.0, "overshoot_cost": 58.98960633867026, "power_cost": 27.624969531250002, "noise_cost": 25.630095083442257, "n_waypoints_completed": 9, "tot_waypoints": 9}}
{"target": -342.3898528765981, "params": {"k_pid_pos": [1.4114961957113255, 0.6544188426812526, 0.338388235928203], "k_pid_alt": [1.9293680711703816, 0.5722453776432206, 0.6626068702770243], "k_pid_att": [5.670646941519442, 2.6080535856686353, 0.8857945285558759], "k_pid_yaw": [0.5, 1e-06, 0.1], "k_pid_hsp": [6.258733371760176, 0.2509817886320491, 0.8581377764701031], "k_pid_vsp": [168.60686806287103, 11.339717145524679, 21.01748075300166]}, "datetime": {"datetime": "2025-08-13 13:51:45", "elapsed": 14633.848833084106, "delta": 25.21868085861206}, "costs": {"total_cost": 342.3898528765981, "time_cost": 93.352, "final_distance_cost": 1.7475806887881844, "oscillation_cost": 137.45222400437598, "completition_cost": 0.0, "overshoot_cost": 58.75494441553755, "power_cost": 26.69006414794922, "noise_cost": 24.393039619947153, "n_waypoints_completed": 9, "tot_waypoints": 9}}
{"target": -463.6582803235725, "params": {"k_pid_pos": [1.8451356556018703, 0.5751847695797915, 0.4757811890637299], "k_pid_alt": [1.7259649156428685, 0.42931861638898383, 0.10798082575881662], "k_pid_att": [19.68711197257498, 4.500822459160386, 0.2800213158046333], "k_pid_yaw": [0.5, 1e-06, 0.1], "k_pid_hsp": [7.882422565404581, 0.9261206882346101, 0.5729649368472148], "k_pid_vsp": [303.32499988014604, 333.25423494322126, 93.63801996922928]}, "datetime": {"datetime": "2025-08-13 13:52:12", "elapsed": 14660.831013202667, "delta": 26.98218011856079}, "costs": {"total_cost": 463.6582803235725, "time_cost": 94.745, "final_distance_cost": 1.7421425270868924, "oscillation_cost": 263.6972289560843, "completition_cost": 0.0, "overshoot_cost": 54.172027706945336, "power_cost": 26.018075402832032, "noise_cost": 23.283805730623925, "n_waypoints_completed": 9, "tot_waypoints": 9}}
{"target": -531.0605863319902, "params": {"k_pid_pos": [1.7063426466482032, 0.40636729806517513, 0.9678739540984811], "k_pid_alt": [1.0125722613248462, 0.11014820520998636, 0.7153259821026676], "k_pid_att": [20.746428517229898, 6.699725287200828, 0.27476672172591743], "k_pid_yaw": [0.5, 1e-06, 0.1], "k_pid_hsp": [4.921816479594109, 0.6206565268944633, 0.8478584255811058], "k_pid_vsp": [301.1327940929745, 338.5825412777574, 90.4004131361953]}, "datetime": {"datetime": "2025-08-13 13:52:41", "elapsed": 14689.067609548569, "delta": 28.23659634590149}, "costs": {"total_cost": 531.0605863319902, "time_cost": 90.671, "final_distance_cost": 1.7700748168864662, "oscillation_cost": 339.0020390868129, "completition_cost": 0.0, "overshoot_cost": 52.05387925452726, "power_cost": 24.94486544189453, "noise_cost": 22.618727731869104, "n_waypoints_completed": 9, "tot_waypoints": 9}}
{"target": -1061.221658379565, "params": {"k_pid_pos": [0.14848601073105966, 0.2611767055049854, 0.7369205947033356], "k_pid_alt": [0.5978657159469052, 0.2513662113783771, 0.6734207988109009], "k_pid_att": [19.746474444558928, 9.213618613778932, 0.4917926897023497], "k_pid_yaw": [0.5, 1e-06, 0.1], "k_pid_hsp": [0.777510372162461, 0.18572946031897752, 0.11678911756106791], "k_pid_vsp": [299.54859287685804, 335.72695631057206, 95.11601713581729]}, "datetime": {"datetime": "2025-08-13 13:53:14", "elapsed": 14722.74291062355, "delta": 33.67530107498169}, "costs": {"total_cost": 1061.221658379565, "time_cost": 150, "final_distance_cost": 53.05093491824017, "oscillation_cost": 410.8258940722876, "completition_cost": 333.33333333333337, "overshoot_cost": 56.186316378016066, "power_cost": 30.114987268066407, "noise_cost": 27.71019240962132, "n_waypoints_completed": 6, "tot_waypoints": 9}}
{"target": -1515.42579974288, "params": {"k_pid_pos": [0.10265042508686602, 0.9203721354602662, 0.34011874591058167], "k_pid_alt": [0.017576245757844555, 0.3085634658782591, 0.7610623126179836], "k_pid_att": [45.72590901658554, 0.18839294737146525, 0.47731761402541795], "k_pid_yaw": [0.5, 1e-06, 0.1], "k_pid_hsp": [7.0524270817230414, 0.8753217033714473, 0.7268752020213414], "k_pid_vsp": [89.94730644109774, 353.41471271840237, 43.9300582988701]}, "datetime": {"datetime": "2025-08-13 13:53:51", "elapsed": 14758.987342357635, "delta": 36.24443173408508}, "costs": {"total_cost": 1515.42579974288, "time_cost": 150, "final_distance_cost": 52.010100829111536, "oscillation_cost": 206.3358171545315, "completition_cost": 1000.0, "overshoot_cost": 43.304680305000446, "power_cost": 34.57849033203125, "noise_cost": 29.19671112220524, "n_waypoints_completed": 0, "tot_waypoints": 9}}
{"target": -458.3828166658175, "params": {"k_pid_pos": [1.372302743227432, 0.28507041033014935, 0.23964141634848002], "k_pid_alt": [0.2321320186037974, 0.7194471415068402, 0.5346605216680541], "k_pid_att": [10.562010466644233, 5.429189733502354, 0.4539437346872707], "k_pid_yaw": [0.5, 1e-06, 0.1], "k_pid_hsp": [8.437066147750816, 0.8084460465177499, 0.27804616924905357], "k_pid_vsp": [316.2988869382218, 338.4834552644332, 99.14933038165641]}, "datetime": {"datetime": "2025-08-13 13:54:21", "elapsed": 14789.147719144821, "delta": 30.16037678718567}, "costs": {"total_cost": 458.3828166658175, "time_cost": 102.56400000000001, "final_distance_cost": 1.7757065190510701, "oscillation_cost": 233.29318128969823, "completition_cost": 0.0, "overshoot_cost": 64.07629172468545, "power_cost": 30.64834068603516, "noise_cost": 26.02529644634756, "n_waypoints_completed": 9, "tot_waypoints": 9}}
