{"target": -541.777236314799, "params": {"k_pid_pos": [1.4094791179484003, 0.3023460492239298, 0.5280409446595384], "k_pid_alt": [1.7177066779232988, 0.5793369873514866, 0.8223876798470341], "k_pid_att": [29.460888824041255, 4.267494512352664, 0.11253554631672047], "k_pid_yaw": [0.5, 1e-06, 0.1], "k_pid_hsp": [6.34430275281673, 0.8691117663424557, 0.9118205807603005], "k_pid_vsp": [192.3290292274866, 19.455990029951945, 9.190072366372796]}, "datetime": {"datetime": "2025-08-13 12:37:34", "elapsed": 10182.142842531204, "delta": 22.073551177978516}, "costs": {"total_cost": 541.777236314799, "time_cost": 91.154, "final_distance_cost": 1.753374280751234, "oscillation_cost": 349.77044737161924, "completition_cost": 0.0, "overshoot_cost": 56.204951256714075, "power_cost": 19.34655534667969, "noise_cost": 23.547908059034736, "n_waypoints_completed": 9, "tot_waypoints": 9}}
{"target": -359.3900352153021, "params": {"k_pid_pos": [1.5562163874455701, 0.6589585024105208, 0.4456235288240807], "k_pid_alt": [1.2980665900702968, 0.39663998322911065, 0.5364719793670402], "k_pid_att": [11.862001912052701, 5.87166000724527, 0.5870216313537912], "k_pid_yaw": [0.5, 1e-06, 0.1], "k_pid_hsp": [4.308159296109684, 0.4258403041484536, 0.303420361891299], "k_pid_vsp": [277.9447919354458, 280.0644105501068, 52.96265780164256]}, "datetime": {"datetime": "2025-08-13 12:37:55", "elapsed": 10203.873898744583, "delta": 21.731056213378906}, "costs": {"total_cost": 359.3900352153021, "time_cost": 90.671, "final_distance_cost": 1.7785005174269393, "oscillation_cost": 170.0799883103134, "completition_cost": 0.0, "overshoot_cost": 53.82418458292262, "power_cost": 22.13915887451172, "noise_cost": 20.89720293012739, "n_waypoints_completed": 9, "tot_waypoints": 9}}
{"target": -679.3120187752727, "params": {"k_pid_pos": [0.691668363014955, 0.6711289377972396, 0.7998074786206467], "k_pid_alt": [1.873579670675042, 0.8077392202395931, 0.3605549671544518], "k_pid_att": [23.380334290912565, 2.301988444716129, 0.37965230305138586], "k_pid_yaw": [0.5, 1e-06, 0.1], "k_pid_hsp": [6.776976283345258, 0.603903350104531, 0.9297977136395916], "k_pid_vsp": [293.2322041481252, 332.69915885822195, 98.62400436091657]}, "datetime": {"datetime": "2025-08-13 12:38:25", "elapsed": 10233.657700538635, "delta": 29.783801794052124}, "costs": {"total_cost": 679.3120187752727, "time_cost": 119.427, "final_distance_cost": 1.8021946507164452, "oscillation_cost": 435.6964065770002, "completition_cost": 0.0, "overshoot_cost": 57.98486358003443, "power_cost": 34.54019617919922, "noise_cost": 29.861357788322433, "n_waypoints_completed": 9, "tot_waypoints": 9}}
{"target": -884.8313478151506, "params": {"k_pid_pos": [0.6181793040004816, 0.8392429718904444, 0.8137848515120844], "k_pid_alt": [1.4710395639070946, 0.9114659881495834, 0.2722157032282687], "k_pid_att": [11.464487150416636, 8.017909108239012, 0.5186948339765187], "k_pid_yaw": [0.5, 1e-06, 0.1], "k_pid_hsp": [4.677225901121541, 0.8567552935199388, 0.49770912614044205], "k_pid_vsp": [262.09350638583373, 287.70401259482304, 53.5016104758134]}, "datetime": {"datetime": "2025-08-13 12:38:54", "elapsed": 10262.550377130508, "delta": 28.89267659187317}, "costs": {"total_cost": 884.8313478151506, "time_cost": 150, "final_distance_cost": 69.9974232118322, "oscillation_cost": 328.79191978100295, "completition_cost": 222.2222222222222, "overshoot_cost": 50.00371865640994, "power_cost": 33.51217082519531, "noise_cost": 30.30389311848806, "n_waypoints_completed": 7, "tot_waypoints": 9}}
{"target": -878.9751702199941, "params": {"k_pid_pos": [0.9794136912824287, 0.5264410186393267, 0.8973764375028005], "k_pid_alt": [0.2505088745560169, 0.27423377833786966, 0.03980294723892652], "k_pid_att": [24.82469154324588, 9.621778776706998, 0.8297467131838621], "k_pid_yaw": [0.5, 1e-06, 0.1], "k_pid_hsp": [8.98425752888663, 0.3137099973243751, 0.3839952333926988], "k_pid_vsp": [183.26146766280496, 13.997358095144861, 0.3745232961231262]}, "datetime": {"datetime": "2025-08-13 12:39:23", "elapsed": 10291.901600122452, "delta": 29.35122299194336}, "costs": {"total_cost": 878.9751702199941, "time_cost": 150, "final_distance_cost": 41.2333038441465, "oscillation_cost": 453.60397062390575, "completition_cost": 111.11111111111116, "overshoot_cost": 62.161391860266534, "power_cost": 27.77714921875, "noise_cost": 33.0882435618141, "n_waypoints_completed": 8, "tot_waypoints": 9}}
{"target": -336.2047177535763, "params": {"k_pid_pos": [1.8947709510314732, 0.056575700188249756, 0.7031623575816343], "k_pid_alt": [1.4964926152279772, 0.6271474806899912, 0.8097563222652401], "k_pid_att": [13.260373648208223, 3.6893128564020006, 0.4783459717146379], "k_pid_yaw": [0.5, 1e-06, 0.1], "k_pid_hsp": [6.300995394212051, 0.5067451296663213, 0.6239292226417866], "k_pid_vsp": [290.46396383614785, 330.45453807347576, 100.5737255836827]}, "datetime": {"datetime": "2025-08-13 12:39:42", "elapsed": 10310.634066581726, "delta": 18.732466459274292}, "costs": {"total_cost": 336.2047177535763, "time_cost": 74.501, "final_distance_cost": 1.7816890673172632, "oscillation_cost": 167.75260395100216, "completition_cost": 0.0, "overshoot_cost": 52.02948814138415, "power_cost": 21.478576416015628, "noise_cost": 18.66136017785711, "n_waypoints_completed": 9, "tot_waypoints": 9}}
{"target": -487.2619879539498, "params": {"k_pid_pos": [1.730334414683231, 0.2324685525262643, 0.7875598824829987], "k_pid_alt": [0.25962057979609, 0.9514763086183456, 0.73251324878346], "k_pid_att": [15.246397589067184, 6.566260923976846, 0.4050139026021403], "k_pid_yaw": [0.5, 1e-06, 0.1], "k_pid_hsp": [5.579663824544639, 0.5814037172630221, 0.20732625292092033], "k_pid_vsp": [180.86957763150275, 15.511641316857467, 13.290643001234525]}, "datetime": {"datetime": "2025-08-13 12:40:06", "elapsed": 10334.428051948547, "delta": 23.79398536682129}, "costs": {"total_cost": 487.2619879539498, "time_cost": 97.797, "final_distance_cost": 1.769654323370283, "oscillation_cost": 278.26276191852304, "completition_cost": 0.0, "overshoot_cost": 62.62562732026184, "power_cost": 23.148414001464843, "noise_cost": 23.658530390329776, "n_waypoints_completed": 9, "tot_waypoints": 9}}
{"target": -1010.7626566197769, "params": {"k_pid_pos": [0.2400326266229844, 0.889057217603371, 0.4701991955860506], "k_pid_alt": [1.0386375743346585, 0.7460526943624803, 0.34923095651538605], "k_pid_att": [20.340086217325883, 1.8294920407707478, 0.013399707438430108], "k_pid_yaw": [0.5, 1e-06, 0.1], "k_pid_hsp": [0.7497317406676896, 0.8498351178514498, 0.4871101792136491], "k_pid_vsp": [169.75617043786121, 21.008272825960432, 6.5160900969358755]}, "datetime": {"datetime": "2025-08-13 12:40:35", "elapsed": 10363.756231307983, "delta": 29.328179359436035}, "costs": {"total_cost": 1010.7626566197769, "time_cost": 150, "final_distance_cost": 63.301150813560646, "oscillation_cost": 316.43904477513405, "completition_cost": 333.33333333333337, "overshoot_cost": 73.89630502412615, "power_cost": 38.181228662109376, "noise_cost": 35.61159401151338, "n_waypoints_completed": 6, "tot_waypoints": 9}}
{"target": -1199.025381601654, "params": {"k_pid_pos": [0.6595808917239075, 0.41650875708473156, 0.12752764506364778], "k_pid_alt": [0.08273828966145436, 0.3344347020190309, 0.20793084263097794], "k_pid_att": [33.22423213069047, 8.024667060532309, 0.7889718219802263], "k_pid_yaw": [0.5, 1e-06, 0.1], "k_pid_hsp": [0.6508975997130929, 0.8903277999786864, 0.46463895047356873], "k_pid_vsp": [161.76806550519066, 11.533333075778584, 22.136390793907708]}, "datetime": {"datetime": "2025-08-13 12:41:05", "elapsed": 10393.170755624771, "delta": 29.41452431678772}, "costs": {"total_cost": 1199.025381601654, "time_cost": 150, "final_distance_cost": 62.56455079703965, "oscillation_cost": 196.8890778239179, "completition_cost": 666.6666666666667, "overshoot_cost": 55.988319499495894, "power_cost": 36.45571773681641, "noise_cost": 30.46104907771753, "n_waypoints_completed": 3, "tot_waypoints": 9}}
{"target": -434.4677583964456, "params": {"k_pid_pos": [1.4588117583977704, 0.717046781613825, 0.7277999003584905], "k_pid_alt": [1.177176476838153, 0.01733715771687183, 0.8388841181955611], "k_pid_att": [33.44307490457271, 4.175671335915868, 0.7886779050852711], "k_pid_yaw": [0.5, 1e-06, 0.1], "k_pid_hsp": [4.25981604773396, 0.11896484411705122, 0.5848291804540219], "k_pid_vsp": [243.66171312014626, 277.1889340696443, 49.07908531376363]}, "datetime": {"datetime": "2025-08-13 12:41:26", "elapsed": 10414.02295422554, "delta": 20.852198600769043}, "costs": {"total_cost": 434.4677583964456, "time_cost": 86.205, "final_distance_cost": 1.7643103347651847, "oscillation_cost": 246.95153802870774, "completition_cost": 0.0, "overshoot_cost": 52.722958284351684, "power_cost": 25.139882482910156, "noise_cost": 21.684069265710846, "n_waypoints_completed": 9, "tot_waypoints": 9}}
{"target": -426.8633305540093, "params": {"k_pid_pos": [1.2982242009791476, 0.8457879947956313, 0.49038924466348277], "k_pid_alt": [0.7228149803136774, 0.6551083346248547, 0.47916336147116456], "k_pid_att": [45.10406315420769, 8.903387327641711, 0.9661397185948118], "k_pid_yaw": [0.5, 1e-06, 0.1], "k_pid_hsp": [3.3164215658226657, 0.544869259862997, 0.1589789993938847], "k_pid_vsp": [94.04540295860696, 359.26054804411706, 42.210045902497164]}, "datetime": {"datetime": "2025-08-13 12:41:50", "elapsed": 10438.583332777023, "delta": 24.560378551483154}, "costs": {"total_cost": 426.8633305540093, "time_cost": 101.388, "final_distance_cost": 1.7415338051174307, "oscillation_cost": 204.59580230309518, "completition_cost": 0.0, "overshoot_cost": 57.49173011215706, "power_cost": 33.599964172363286, "noise_cost": 28.046300161276267, "n_waypoints_completed": 9, "tot_waypoints": 9}}
{"target": -580.4969800038324, "params": {"k_pid_pos": [0.796229209878308, 0.591915202053352, 0.6530361241908721], "k_pid_alt": [1.4818680197018042, 0.9407403551292481, 0.56104451435055], "k_pid_att": [39.07760575301237, 4.774880566995728, 0.8163090286479016], "k_pid_yaw": [0.5, 1e-06, 0.1], "k_pid_hsp": [1.4492043489988615, 0.1198140353700502, 0.5366842375741641], "k_pid_vsp": [93.88343822266178, 354.2058694714302, 48.12722311658277]}, "datetime": {"datetime": "2025-08-13 12:42:18", "elapsed": 10466.826586723328, "delta": 28.24325394630432}, "costs": {"total_cost": 580.4969800038324, "time_cost": 115.654, "final_distance_cost": 1.7458313432633181, "oscillation_cost": 344.6112332135521, "completition_cost": 0.0, "overshoot_cost": 64.2228578131893, "power_cost": 27.81218679199219, "noise_cost": 26.450870841835425, "n_waypoints_completed": 9, "tot_waypoints": 9}}
{"target": -396.3981892601335, "params": {"k_pid_pos": [0.8395707883316735, 0.7707958777082761, 0.6829026057032965], "k_pid_alt": [1.5487761431746883, 0.8636227194350384, 0.13409547410013278], "k_pid_att": [6.53329322549242, 2.9503649545065738, 0.748493662033586], "k_pid_yaw": [0.5, 1e-06, 0.1], "k_pid_hsp": [7.5195263990491075, 0.8235830103197018, 0.3664372264744833], "k_pid_vsp": [311.6268592235228, 323.238638526875, 102.85347219737663]}, "datetime": {"datetime": "2025-08-13 12:42:43", "elapsed": 10491.85446190834, "delta": 25.027875185012817}, "costs": {"total_cost": 396.3981892601335, "time_cost": 106.449, "final_distance_cost": 1.7640082911105928, "oscillation_cost": 169.14864260031268, "completition_cost": 0.0, "overshoot_cost": 59.58676496459424, "power_cost": 31.771949548339844, "noise_cost": 27.6778238557762, "n_waypoints_completed": 9, "tot_waypoints": 9}}
{"target": -1034.5929732305256, "params": {"k_pid_pos": [0.5068320548358536, 0.8571143176086558, 0.05457691923642449], "k_pid_alt": [0.3400955419026521, 0.5776861068560948, 0.5194261356617224], "k_pid_att": [13.930443701926565, 6.915190621928675, 0.3645162288585513], "k_pid_yaw": [0.5, 1e-06, 0.1], "k_pid_hsp": [4.816608653734187, 0.9900421191021506, 0.47595833644224195], "k_pid_vsp": [303.4897931752077, 338.4946293433286, 101.26501790204496]}, "datetime": {"datetime": "2025-08-13 12:43:12", "elapsed": 10520.72285413742, "delta": 28.8683922290802}, "costs": {"total_cost": 1034.5929732305256, "time_cost": 150, "final_distance_cost": 43.618258022257436, "oscillation_cost": 171.26441637181622, "completition_cost": 555.5555555555555, "overshoot_cost": 55.945004302507336, "power_cost": 29.662176782226563, "noise_cost": 28.547562196162616, "n_waypoints_completed": 4, "tot_waypoints": 9}}
{"target": -524.6905666890096, "params": {"k_pid_pos": [0.6408302652490134, 0.016982282385618164, 0.7203665238747765], "k_pid_alt": [0.5812845891938689, 0.0967126173093209, 0.5567754402018351], "k_pid_att": [17.612994695398697, 6.064329189518462, 0.580666566471304], "k_pid_yaw": [0.5, 1e-06, 0.1], "k_pid_hsp": [7.2273158630388386, 0.28645957398919963, 0.467218692801426], "k_pid_vsp": [169.1561783603976, 9.73555061349371, 19.619801342327506]}, "datetime": {"datetime": "2025-08-13 12:43:35", "elapsed": 10543.951478242874, "delta": 23.22862410545349}, "costs": {"total_cost": 524.6905666890096, "time_cost": 95.515, "final_distance_cost": 1.8137978146159526, "oscillation_cost": 318.19218158760873, "completition_cost": 0.0, "overshoot_cost": 55.64766279221564, "power_cost": 27.421994396972657, "noise_cost": 26.099930097596705, "n_waypoints_completed": 9, "tot_waypoints": 9}}
{"target": -518.9749251637945, "params": {"k_pid_pos": [1.58080422492665, 0.4876040743263954, 0.8619508678778548], "k_pid_alt": [1.2555158863581166, 0.05827594813307779, 0.42644663502940106], "k_pid_att": [11.798904875417938, 8.84291172756848, 0.22516882415114203], "k_pid_yaw": [0.5, 1e-06, 0.1], "k_pid_hsp": [7.9733057829868, 0.7993814066428571, 0.5177990750998024], "k_pid_vsp": [186.073343060858, 323.35701011869224, 15.705282518202972]}, "datetime": {"datetime": "2025-08-13 12:44:00", "elapsed": 10568.53613781929, "delta": 24.584659576416016}, "costs": {"total_cost": 518.9749251637945, "time_cost": 99.12, "final_distance_cost": 1.7644868062589918, "oscillation_cost": 313.09054581364234, "completition_cost": 0.0, "overshoot_cost": 51.75559047282853, "power_cost": 27.127392614746096, "noise_cost": 26.11690945631856, "n_waypoints_completed": 9, "tot_waypoints": 9}}
{"target": -628.2036578380184, "params": {"k_pid_pos": [0.39865065771904573, 0.313828889427911, 0.768838089019778], "k_pid_alt": [1.9559058783726755, 0.6622636243968841, 0.885909047888964], "k_pid_att": [9.794572537460377, 0.057472973033705035, 0.5765467000980972], "k_pid_yaw": [0.5, 1e-06, 0.1], "k_pid_hsp": [6.953677591431337, 0.8392845029092977, 0.7418774790012551], "k_pid_vsp": [302.51158643819616, 335.41168693677037, 90.68544007489233]}, "datetime": {"datetime": "2025-08-13 12:44:29", "elapsed": 10597.494800329208, "delta": 28.958662509918213}, "costs": {"total_cost": 628.2036578380184, "time_cost": 150, "final_distance_cost": 17.825166541853942, "oscillation_cost": 237.699729319274, "completition_cost": 111.11111111111116, "overshoot_cost": 59.35857695359504, "power_cost": 26.624878967285156, "noise_cost": 25.584194944899107, "n_waypoints_completed": 8, "tot_waypoints": 9}}
{"target": -347.0209830316319, "params": {"k_pid_pos": [1.53815282473578, 0.617825844117819, 0.9051509506436473], "k_pid_alt": [0.7134991046104844, 0.04199940129617108, 0.5491686824909312], "k_pid_att": [4.332149668355201, 8.777405240980231, 0.8485995521345321], "k_pid_yaw": [0.5, 1e-06, 0.1], "k_pid_hsp": [8.85013934366779, 0.5131111452497678, 0.440805223242297], "k_pid_vsp": [269.2665373022129, 278.6486230457732, 45.89887429281344]}, "datetime": {"datetime": "2025-08-13 12:44:52", "elapsed": 10620.773405313492, "delta": 23.278604984283447}, "costs": {"total_cost": 347.0209830316319, "time_cost": 96.992, "final_distance_cost": 1.7718735647447703, "oscillation_cost": 152.17720577056963, "completition_cost": 0.0, "overshoot_cost": 54.190576849157196, "power_cost": 21.050635449218753, "noise_cost": 20.838691397941556, "n_waypoints_completed": 9, "tot_waypoints": 9}}
{"target": -808.5708312799818, "params": {"k_pid_pos": [0.6452726506874973, 0.9238651239097848, 0.40654055128504807], "k_pid_alt": [0.6552344816078348, 0.4844277668375788, 0.32257566877895005], "k_pid_att": [11.464481396059401, 6.739669683478594, 0.1154662564215958], "k_pid_yaw": [0.5, 1e-06, 0.1], "k_pid_hsp": [5.7971409080237954, 0.09547024927519254, 0.7331207247175816], "k_pid_vsp": [296.0767888941471, 336.55390657945844, 111.8397236474942]}, "datetime": {"datetime": "2025-08-13 12:45:21", "elapsed": 10649.379153490067, "delta": 28.605748176574707}, "costs": {"total_cost": 808.5708312799818, "time_cost": 150, "final_distance_cost": 65.04481707121367, "oscillation_cost": 249.28489917495722, "completition_cost": 222.2222222222222, "overshoot_cost": 58.959843806419386, "power_cost": 33.11685344238281, "noise_cost": 29.942195562786516, "n_waypoints_completed": 7, "tot_waypoints": 9}}
{"target": -419.0204922648979, "params": {"k_pid_pos": [1.9967065897732936, 0.13598160367715617, 0.1716637202355339], "k_pid_alt": [1.518237397900443, 0.9030296327194003, 0.8510465284816863], "k_pid_att": [12.272278139037596, 5.116197630233785, 0.1481491253999807], "k_pid_yaw": [0.5, 1e-06, 0.1], "k_pid_hsp": [5.410881185503969, 0.3747158096521249, 0.4125085031209631], "k_pid_vsp": [289.3915706426344, 273.56464684354745, 56.90649469679069]}, "datetime": {"datetime": "2025-08-13 12:45:43", "elapsed": 10671.001766681671, "delta": 21.622613191604614}, "costs": {"total_cost": 419.0204922648979, "time_cost": 89.138, "final_distance_cost": 1.759352767350143, "oscillation_cost": 226.35146307039332, "completition_cost": 0.0, "overshoot_cost": 53.70023928988107, "power_cost": 25.005695654296876, "noise_cost": 23.06574148297649, "n_waypoints_completed": 9, "tot_waypoints": 9}}
{"target": -579.0050834943659, "params": {"k_pid_pos": [1.6928426656040931, 0.9378611419853206, 0.1050465891245943], "k_pid_alt": [1.828755635508834, 0.6057687631025387, 0.88863457615118], "k_pid_att": [12.92852432479048, 1.7036291662407388, 0.5850442615947137], "k_pid_yaw": [0.5, 1e-06, 0.1], "k_pid_hsp": [7.3562054326598005, 0.2611269508935057, 0.3662894764394652], "k_pid_vsp": [159.25452819286537, 26.685107470685143, 3.7761300317244992]}, "datetime": {"datetime": "2025-08-13 12:46:11", "elapsed": 10699.525612354279, "delta": 28.523845672607422}, "costs": {"total_cost": 579.0050834943659, "time_cost": 150, "final_distance_cost": 56.2606191974847, "oscillation_cost": 128.30525027552733, "completition_cost": 111.11111111111116, "overshoot_cost": 66.52949005571466, "power_cost": 32.60959840087891, "noise_cost": 34.18901445364922, "n_waypoints_completed": 8, "tot_waypoints": 9}}
{"target": -288.3906300228682, "params": {"k_pid_pos": [0.694471880574228, 0.5721355109562112, 0.20255829783947543], "k_pid_alt": [0.9822525215098206, 0.033186527639461394, 0.37752097965520715], "k_pid_att": [13.439237470617204, 1.9598482270004687, 0.8380927928463104], "k_pid_yaw": [0.5, 1e-06, 0.1], "k_pid_hsp": [9.434235570471415, 0.4608201683886204, 0.19554480061392343], "k_pid_vsp": [168.11763528989374, 27.062847213786306, 11.265685371099487]}, "datetime": {"datetime": "2025-08-13 12:46:32", "elapsed": 10720.461712360382, "delta": 20.936100006103516}, "costs": {"total_cost": 288.3906300228682, "time_cost": 87.059, "final_distance_cost": 1.8128897336475216, "oscillation_cost": 102.3745283300721, "completition_cost": 0.0, "overshoot_cost": 51.97145886377036, "power_cost": 22.53887294921875, "noise_cost": 22.633880146159527, "n_waypoints_completed": 9, "tot_waypoints": 9}}
{"target": -446.9860333054788, "params": {"k_pid_pos": [1.7799524728283496, 0.7013120009518077, 0.30888043134979026], "k_pid_alt": [1.8399159152808828, 0.6282918325731451, 0.058540129195921664], "k_pid_att": [21.29178449184559, 0.34262946491217827, 0.12731998362221075], "k_pid_yaw": [0.5, 1e-06, 0.1], "k_pid_hsp": [6.562705270805668, 0.7698740743928297, 0.19323289356379747], "k_pid_vsp": [293.813175006642, 339.7556522394205, 97.32345753987228]}, "datetime": {"datetime": "2025-08-13 12:46:54", "elapsed": 10742.670889854431, "delta": 22.209177494049072}, "costs": {"total_cost": 446.9860333054788, "time_cost": 92.61, "final_distance_cost": 1.777506194386821, "oscillation_cost": 238.17297957019647, "completition_cost": 0.0, "overshoot_cost": 57.31813080488256, "power_cost": 31.047142443847658, "noise_cost": 26.060274292165342, "n_waypoints_completed": 9, "tot_waypoints": 9}}
{"target": -681.1699319859491, "params": {"k_pid_pos": [0.861236560908761, 0.02270001372849717, 0.9284735031846906], "k_pid_alt": [0.2954582517368962, 0.5204123250638722, 0.9048409486780141], "k_pid_att": [46.94994825941444, 7.366632619480478, 0.7781608462539088], "k_pid_yaw": [0.5, 1e-06, 0.1], "k_pid_hsp": [8.068128136568482, 0.8551490247166041, 0.7237974743715859], "k_pid_vsp": [89.48318018237424, 345.96419069203466, 44.56099519999444]}, "datetime": {"datetime": "2025-08-13 12:47:19", "elapsed": 10767.798783302307, "delta": 25.127893447875977}, "costs": {"total_cost": 681.1699319859491, "time_cost": 106.624, "final_distance_cost": 1.8064355126628995, "oscillation_cost": 456.4844240921935, "completition_cost": 0.0, "overshoot_cost": 60.181006019169565, "power_cost": 30.58307254638672, "noise_cost": 25.490993815536484, "n_waypoints_completed": 9, "tot_waypoints": 9}}
