{"target": -492.5674655043401, "params": {"k_pid_pos": [1.2412289372883702, 0.2758680407070754, 0.94911225645798], "k_pid_alt": [0.8384326554316723, 0.807038937718685, 0.18514046675562212], "k_pid_att": [13.118596374121228, 3.6313420295505683, 0.5947446765323258], "k_pid_yaw": [0.5, 1e-06, 0.1], "k_pid_hsp": [4.88217913980773, 0.5887600373181398, 0.48479846853057795], "k_pid_vsp": [291.7919685322319, 338.01551798488, 104.0793258000035]}, "datetime": {"datetime": "2025-08-13 15:16:49", "elapsed": 19737.79177260399, "delta": 29.404757738113403}, "costs": {"total_cost": 492.5674655043401, "time_cost": 104.405, "final_distance_cost": 1.7849250121127989, "oscillation_cost": 271.71518098441186, "completition_cost": 0.0, "overshoot_cost": 63.526118194441295, "power_cost": 26.654549047851564, "noise_cost": 24.481692265522554, "n_waypoints_completed": 9, "tot_waypoints": 9}}
{"target": -833.3802386644264, "params": {"k_pid_pos": [1.168140674178468, 0.7228481411275907, 0.23986578024648264], "k_pid_alt": [1.2120954507386403, 0.5168603753078413, 0.07153523471877787], "k_pid_att": [2.2395183303301147, 5.604361327207629, 0.6599652775467468], "k_pid_yaw": [0.5, 1e-06, 0.1], "k_pid_hsp": [2.849754717449243, 0.30838120213650677, 0.7606283677843414], "k_pid_vsp": [299.47686834691666, 344.9196989815568, 100.65651431425394]}, "datetime": {"datetime": "2025-08-13 15:17:23", "elapsed": 19771.8470826149, "delta": 34.055310010910034}, "costs": {"total_cost": 833.3802386644264, "time_cost": 150, "final_distance_cost": 85.55815635635611, "oscillation_cost": 217.88496364311473, "completition_cost": 222.2222222222222, "overshoot_cost": 103.91253597560586, "power_cost": 28.388275634765627, "noise_cost": 25.414084832362015, "n_waypoints_completed": 7, "tot_waypoints": 9}}
{"target": -344.42434953661115, "params": {"k_pid_pos": [1.911613046813687, 0.5339687050558113, 0.9638673224024044], "k_pid_alt": [0.9196293595053839, 0.022692555721094743, 0.02073645927750223], "k_pid_att": [2.8107469799719675, 1.8999204070068387, 0.7995365035353378], "k_pid_yaw": [0.5, 1e-06, 0.1], "k_pid_hsp": [7.828392345861421, 0.8978324948563663, 0.8334582649895202], "k_pid_vsp": [302.2986849475986, 345.4809007243621, 101.15622993018196]}, "datetime": {"datetime": "2025-08-13 15:17:51", "elapsed": 19799.204333543777, "delta": 27.357250928878784}, "costs": {"total_cost": 344.42434953661115, "time_cost": 94.402, "final_distance_cost": 1.7799231150291213, "oscillation_cost": 131.05353644511626, "completition_cost": 0.0, "overshoot_cost": 61.18432334488271, "power_cost": 30.912078540039065, "noise_cost": 25.09248809154392, "n_waypoints_completed": 9, "tot_waypoints": 9}}
{"target": -418.34913044822474, "params": {"k_pid_pos": [1.4723889440977251, 0.6823566448469813, 0.5145903674787989], "k_pid_alt": [1.4484313668194413, 0.7312080519509062, 0.2586451722183696], "k_pid_att": [20.339269365824443, 9.354761886992636, 0.6255567058226791], "k_pid_yaw": [0.5, 1e-06, 0.1], "k_pid_hsp": [6.338962913226669, 0.03160374352463291, 0.1920186354878468], "k_pid_vsp": [173.81538744347336, 5.267668998723121, 23.11137401115604]}, "datetime": {"datetime": "2025-08-13 15:18:16", "elapsed": 19824.431483507156, "delta": 25.227149963378906}, "costs": {"total_cost": 418.34913044822474, "time_cost": 89.656, "final_distance_cost": 1.7642322007018918, "oscillation_cost": 227.2790875209525, "completition_cost": 0.0, "overshoot_cost": 54.862581923898915, "power_cost": 22.474156005859378, "noise_cost": 22.31307279681207, "n_waypoints_completed": 9, "tot_waypoints": 9}}
{"target": -440.25191090907106, "params": {"k_pid_pos": [1.1361670861169724, 0.34825319761998363, 0.2877231885822532], "k_pid_alt": [0.6314096609882527, 0.8489754526039551, 0.737631456556884], "k_pid_att": [18.663608261158025, 8.623054750343242, 0.8263881133287052], "k_pid_yaw": [0.5, 1e-06, 0.1], "k_pid_hsp": [5.125383896164091, 0.10926294658332758, 0.42818514936136765], "k_pid_vsp": [300.1291662520318, 327.7567591348838, 92.37104858882132]}, "datetime": {"datetime": "2025-08-13 15:18:44", "elapsed": 19852.242597818375, "delta": 27.81111431121826}, "costs": {"total_cost": 440.25191090907106, "time_cost": 99.869, "final_distance_cost": 1.7530242243702123, "oscillation_cost": 237.0421129155638, "completition_cost": 0.0, "overshoot_cost": 58.39231092957084, "power_cost": 21.532682946777346, "noise_cost": 21.662779892788897, "n_waypoints_completed": 9, "tot_waypoints": 9}}
{"target": -430.7640624980008, "params": {"k_pid_pos": [1.9040704335775456, 0.3868136473284868, 0.6325470949518943], "k_pid_alt": [0.6983327840477598, 0.713608419223516, 0.7615642572027236], "k_pid_att": [9.619346907561555, 2.9358022829162587, 0.8418956671980126], "k_pid_yaw": [0.5, 1e-06, 0.1], "k_pid_hsp": [5.250340734837766, 0.12133627723100981, 0.5676384040758162], "k_pid_vsp": [171.26093261796308, 19.43818852697785, 12.578543388388713]}, "datetime": {"datetime": "2025-08-13 15:19:14", "elapsed": 19882.942828655243, "delta": 30.700230836868286}, "costs": {"total_cost": 430.7640624980008, "time_cost": 104.916, "final_distance_cost": 1.7771498457873367, "oscillation_cost": 209.50589706435076, "completition_cost": 0.0, "overshoot_cost": 60.955750888340354, "power_cost": 27.05067431640625, "noise_cost": 26.558590383116123, "n_waypoints_completed": 9, "tot_waypoints": 9}}
{"target": -527.9663409138142, "params": {"k_pid_pos": [0.606713046191785, 0.0042525160652197025, 0.3345941028020317], "k_pid_alt": [0.2544895321125984, 0.18348719680408732, 0.45026402689212963], "k_pid_att": [24.39617945227417, 3.0830568144543595, 0.6495052838285464], "k_pid_yaw": [0.5, 1e-06, 0.1], "k_pid_hsp": [2.1679715619978994, 0.3524277445153242, 0.37067961676409766], "k_pid_vsp": [299.1418742356938, 335.99940554980645, 103.60384888508975]}, "datetime": {"datetime": "2025-08-13 15:19:44", "elapsed": 19912.681223392487, "delta": 29.738394737243652}, "costs": {"total_cost": 527.9663409138142, "time_cost": 102.515, "final_distance_cost": 1.8295674658206496, "oscillation_cost": 317.0410851208941, "completition_cost": 0.0, "overshoot_cost": 56.50831532413861, "power_cost": 25.569772009277344, "noise_cost": 24.50260099368352, "n_waypoints_completed": 9, "tot_waypoints": 9}}
{"target": -715.0057084227483, "params": {"k_pid_pos": [0.8460082534955451, 0.978340733261532, 0.014807033516433976], "k_pid_alt": [1.0989144297181324, 0.7282219391168527, 0.698663682909836], "k_pid_att": [16.20986222763018, 9.584171509700653, 0.6023701763996157], "k_pid_yaw": [0.5, 1e-06, 0.1], "k_pid_hsp": [7.8216216036549, 0.9562614342255035, 0.382204075415441], "k_pid_vsp": [166.59898658392063, 37.823820972701995, 9.471297975703564]}, "datetime": {"datetime": "2025-08-13 15:20:18", "elapsed": 19946.741335630417, "delta": 34.0601122379303}, "costs": {"total_cost": 715.0057084227483, "time_cost": 150, "final_distance_cost": 57.91873517506623, "oscillation_cost": 152.18904680040882, "completition_cost": 222.2222222222222, "overshoot_cost": 72.60674177192749, "power_cost": 26.46329538574219, "noise_cost": 33.60566706738126, "n_waypoints_completed": 7, "tot_waypoints": 9}}
{"target": -897.2642657840688, "params": {"k_pid_pos": [0.7534175416989475, 0.14819214284561844, 0.47207745164834836], "k_pid_alt": [0.43079614823217516, 0.53114351679242, 0.6003232486782789], "k_pid_att": [32.3511769280178, 5.624315985416819, 0.4197312920119749], "k_pid_yaw": [0.5, 1e-06, 0.1], "k_pid_hsp": [7.935061962053713, 0.18400533951195153, 0.12993656375183016], "k_pid_vsp": [240.0516078591351, 269.1757599582226, 45.610098415190855]}, "datetime": {"datetime": "2025-08-13 15:20:50", "elapsed": 19978.55516576767, "delta": 31.813830137252808}, "costs": {"total_cost": 897.2642657840688, "time_cost": 150, "final_distance_cost": 26.3671633648316, "oscillation_cost": 486.70016914507283, "completition_cost": 111.11111111111116, "overshoot_cost": 61.32928738491386, "power_cost": 31.98889255371094, "noise_cost": 29.767642224428364, "n_waypoints_completed": 8, "tot_waypoints": 9}}
{"target": -445.8938739767186, "params": {"k_pid_pos": [1.917959370315691, 0.32058148651817253, 0.95803913518545], "k_pid_alt": [0.18118123912519124, 0.1510732384258242, 0.6481126171853415], "k_pid_att": [5.365556913860258, 9.569428253699794, 0.8107485162532734], "k_pid_yaw": [0.5, 1e-06, 0.1], "k_pid_hsp": [9.059017258655118, 0.2178127057997422, 0.4310392511737626], "k_pid_vsp": [174.68668447068595, 26.61996491936358, 5.772678228582486]}, "datetime": {"datetime": "2025-08-13 15:21:18", "elapsed": 20006.371073961258, "delta": 27.815908193588257}, "costs": {"total_cost": 445.8938739767186, "time_cost": 103.229, "final_distance_cost": 1.7501396520149473, "oscillation_cost": 228.77929319047828, "completition_cost": 0.0, "overshoot_cost": 57.77452872650204, "power_cost": 25.337279541015626, "noise_cost": 29.02363286670775, "n_waypoints_completed": 9, "tot_waypoints": 9}}
{"target": -1107.3821161961675, "params": {"k_pid_pos": [0.36373385656915275, 0.5140692466460339, 0.4433441827774397], "k_pid_alt": [0.3498057761103275, 0.42810752578912414, 0.8816981488914934], "k_pid_att": [43.78232765949227, 4.867967314482131, 0.44600476983276927], "k_pid_yaw": [0.5, 1e-06, 0.1], "k_pid_hsp": [6.197060072654854, 0.5710363146028974, 0.05775512278485029], "k_pid_vsp": [100.32612071147784, 359.5560317515796, 49.43969093596237]}, "datetime": {"datetime": "2025-08-13 15:21:51", "elapsed": 20039.904203414917, "delta": 33.53312945365906}, "costs": {"total_cost": 1107.3821161961675, "time_cost": 150, "final_distance_cost": 74.3960533329851, "oscillation_cost": 439.65953961937606, "completition_cost": 333.33333333333337, "overshoot_cost": 48.99976508561924, "power_cost": 31.22722839355469, "noise_cost": 29.766196431299047, "n_waypoints_completed": 6, "tot_waypoints": 9}}
{"target": -421.5091755075516, "params": {"k_pid_pos": [1.1627370072413645, 0.935744475318173, 0.005754404867292839], "k_pid_alt": [1.3772719106135203, 0.5588878976157872, 0.39436885265184884], "k_pid_att": [23.664401874517594, 0.5314949898278496, 0.4826194937797693], "k_pid_yaw": [0.5, 1e-06, 0.1], "k_pid_hsp": [1.93068296737425, 0.6888341944229224, 0.6744583461613849], "k_pid_vsp": [176.3230666543524, 24.965944330145074, 21.440940506062027]}, "datetime": {"datetime": "2025-08-13 15:22:24", "elapsed": 20072.586138486862, "delta": 32.68193507194519}, "costs": {"total_cost": 421.5091755075516, "time_cost": 115.836, "final_distance_cost": 1.7542907929037437, "oscillation_cost": 169.00735426192787, "completition_cost": 0.0, "overshoot_cost": 82.75375741568757, "power_cost": 24.8659849609375, "noise_cost": 27.291788076094914, "n_waypoints_completed": 9, "tot_waypoints": 9}}
{"target": -328.81410374163363, "params": {"k_pid_pos": [1.272199410637432, 0.4913352929177953, 0.3057724849348308], "k_pid_alt": [0.8171331436077267, 0.9894617778199828, 0.7190863248480522], "k_pid_att": [10.203266173025971, 6.651986158906882, 0.5987416205558418], "k_pid_yaw": [0.5, 1e-06, 0.1], "k_pid_hsp": [4.603053094474068, 0.17547181082392904, 0.12320235821853431], "k_pid_vsp": [300.3045961688771, 353.2455327377209, 106.91968963955112]}, "datetime": {"datetime": "2025-08-13 15:22:54", "elapsed": 20102.563408136368, "delta": 29.977269649505615}, "costs": {"total_cost": 328.81410374163363, "time_cost": 101.864, "final_distance_cost": 1.757596517596277, "oscillation_cost": 113.4448587959304, "completition_cost": 0.0, "overshoot_cost": 59.253243443096544, "power_cost": 27.55615604248047, "noise_cost": 24.938248942529917, "n_waypoints_completed": 9, "tot_waypoints": 9}}
{"target": -426.773839047328, "params": {"k_pid_pos": [0.9941124779969347, 0.7351018665377715, 0.4336413643019179], "k_pid_alt": [1.7704254166254747, 0.8771424990553465, 0.4108015952966988], "k_pid_att": [18.332941841912344, 4.181700191523308, 0.8632986068474565], "k_pid_yaw": [0.5, 1e-06, 0.1], "k_pid_hsp": [8.667703639531068, 0.20238105059767475, 0.4744208336847182], "k_pid_vsp": [315.2440731192631, 327.62716572140687, 100.54727504502434]}, "datetime": {"datetime": "2025-08-13 15:23:24", "elapsed": 20132.605054616928, "delta": 30.041646480560303}, "costs": {"total_cost": 426.773839047328, "time_cost": 98.028, "final_distance_cost": 1.7921455426969235, "oscillation_cost": 216.40071132031474, "completition_cost": 0.0, "overshoot_cost": 57.879933372572154, "power_cost": 27.326398083496095, "noise_cost": 25.346650728248036, "n_waypoints_completed": 9, "tot_waypoints": 9}}
{"target": -740.550328674796, "params": {"k_pid_pos": [0.7056871635453127, 0.24333472331386796, 0.4214374908179751], "k_pid_alt": [0.0689312634800705, 0.6157440680702758, 0.4691938545977594], "k_pid_att": [3.8072852440401816, 6.573862465017997, 0.6714407909142025], "k_pid_yaw": [0.5, 1e-06, 0.1], "k_pid_hsp": [4.4530301373215675, 0.960916136533028, 0.8678893998738597], "k_pid_vsp": [290.4190873843666, 328.595115853613, 104.42341765169992]}, "datetime": {"datetime": "2025-08-13 15:23:57", "elapsed": 20164.981692790985, "delta": 32.37663817405701}, "costs": {"total_cost": 740.550328674796, "time_cost": 150, "final_distance_cost": 73.46377283825404, "oscillation_cost": 174.8446241080681, "completition_cost": 222.2222222222222, "overshoot_cost": 64.77761676680625, "power_cost": 28.489570092773437, "noise_cost": 26.752522646671952, "n_waypoints_completed": 7, "tot_waypoints": 9}}
{"target": -352.73066936297175, "params": {"k_pid_pos": [1.6684796506365118, 0.14955391938315044, 0.45429954154548646], "k_pid_alt": [0.45060531216998423, 0.5841395064010052, 0.5566884497850249], "k_pid_att": [3.9553267564627625, 0.48472095290994865, 0.16018795236916916], "k_pid_yaw": [0.5, 1e-06, 0.1], "k_pid_hsp": [5.55848817056327, 0.38794194133538706, 0.34508688815085686], "k_pid_vsp": [167.508022179007, 19.744877236027158, 14.210320394209141]}, "datetime": {"datetime": "2025-08-13 15:24:23", "elapsed": 20191.482757806778, "delta": 26.501065015792847}, "costs": {"total_cost": 352.73066936297175, "time_cost": 92.666, "final_distance_cost": 1.7603366695907723, "oscillation_cost": 153.1823770648459, "completition_cost": 0.0, "overshoot_cost": 58.452121531708556, "power_cost": 23.403789526367188, "noise_cost": 23.26604457045938, "n_waypoints_completed": 9, "tot_waypoints": 9}}
{"target": -463.17205106311485, "params": {"k_pid_pos": [1.8953669332020546, 0.5047608112218556, 0.582874551286256], "k_pid_alt": [1.4034098651606774, 0.9716313493512787, 0.4053016929691069], "k_pid_att": [31.26872206691327, 0.9325639675748164, 0.6403134770450843], "k_pid_yaw": [0.5, 1e-06, 0.1], "k_pid_hsp": [5.741597959587105, 0.6026579092153095, 0.658377170647085], "k_pid_vsp": [101.63421380763506, 349.15547793229194, 51.20286255481653]}, "datetime": {"datetime": "2025-08-13 15:24:49", "elapsed": 20217.362919807434, "delta": 25.880162000656128}, "costs": {"total_cost": 463.17205106311485, "time_cost": 96.845, "final_distance_cost": 1.7462635672209086, "oscillation_cost": 256.654683801231, "completition_cost": 0.0, "overshoot_cost": 54.3856827091746, "power_cost": 28.172446520996097, "noise_cost": 25.367974464492253, "n_waypoints_completed": 9, "tot_waypoints": 9}}
{"target": -1755.5536657145633, "params": {"k_pid_pos": [1.9048151322536486, 0.3558675719317649, 0.6498635786062792], "k_pid_alt": [1.826481877497544, 0.03330211770856306, 0.44766658408253734], "k_pid_att": [0.26961264954517006, 0.7038658672298519, 0.43638638745481384], "k_pid_yaw": [0.5, 1e-06, 0.1], "k_pid_hsp": [5.159919564272848, 0.18891585745574357, 0.5896539790661761], "k_pid_vsp": [301.4911512108541, 345.3362844982731, 102.35257381585778]}, "datetime": {"datetime": "2025-08-13 15:25:20", "elapsed": 20248.73930835724, "delta": 31.376388549804688}, "costs": {"total_cost": 1755.5536657145633, "time_cost": 150, "final_distance_cost": 19.308478121830593, "oscillation_cost": 257.8690821761445, "completition_cost": 1000.0, "overshoot_cost": 155.45646019999043, "power_cost": 57.4169029296875, "noise_cost": 115.50274228691028, "n_waypoints_completed": 0, "tot_waypoints": 9}}
{"target": -639.0104939291286, "params": {"k_pid_pos": [0.6375896564854443, 0.6161538401597176, 0.07028658339253613], "k_pid_alt": [0.8581048774256164, 0.7395789515776441, 0.06652458267240124], "k_pid_att": [24.10395453429587, 1.2782323664026387, 0.3794418164192267], "k_pid_yaw": [0.5, 1e-06, 0.1], "k_pid_hsp": [2.332160245223312, 0.3257701730269348, 0.08537375910491352], "k_pid_vsp": [311.150895480728, 338.3661924087859, 96.93111372791058]}, "datetime": {"datetime": "2025-08-13 15:25:53", "elapsed": 20281.776718616486, "delta": 33.037410259246826}, "costs": {"total_cost": 639.0104939291286, "time_cost": 150, "final_distance_cost": 27.62872263785929, "oscillation_cost": 234.34117533317985, "completition_cost": 111.11111111111116, "overshoot_cost": 62.93319425796249, "power_cost": 25.94692625732422, "noise_cost": 27.049364331691663, "n_waypoints_completed": 8, "tot_waypoints": 9}}
{"target": -1665.9089656298536, "params": {"k_pid_pos": [0.14841664423179463, 0.44989446940372524, 0.8117279239363484], "k_pid_alt": [0.03736178821689973, 0.013282515853555998, 0.3672341697602388], "k_pid_att": [12.225314533843235, 2.5904698977821314, 0.015782392082961283], "k_pid_yaw": [0.5, 1e-06, 0.1], "k_pid_hsp": [6.040729186232131, 0.9736917141437023, 0.41144168311709284], "k_pid_vsp": [280.34746243335735, 273.13104933359824, 55.942821993120624]}, "datetime": {"datetime": "2025-08-13 15:26:27", "elapsed": 20315.131343603134, "delta": 33.35462498664856}, "costs": {"total_cost": 1665.9089656298536, "time_cost": 150, "final_distance_cost": 87.10281954075062, "oscillation_cost": 530.3960105168123, "completition_cost": 777.7777777777778, "overshoot_cost": 52.252428563867326, "power_cost": 36.54090224609375, "noise_cost": 31.83902698455176, "n_waypoints_completed": 2, "tot_waypoints": 9}}
{"target": -516.501400019363, "params": {"k_pid_pos": [1.0678750073605505, 0.6655434285172063, 0.37351551786342674], "k_pid_alt": [0.3021285481774201, 0.15522622075677261, 0.2442368662409834], "k_pid_att": [18.002945650429925, 6.761295860537018, 0.7298072844525627], "k_pid_yaw": [0.5, 1e-06, 0.1], "k_pid_hsp": [8.218690604176732, 0.9683097617480887, 0.5952909729777175], "k_pid_vsp": [303.26294042740926, 324.72987641938386, 91.04538299884894]}, "datetime": {"datetime": "2025-08-13 15:27:00", "elapsed": 20348.186808347702, "delta": 33.05546474456787}, "costs": {"total_cost": 516.501400019363, "time_cost": 116.053, "final_distance_cost": 1.7571090653221524, "oscillation_cost": 297.73863094309934, "completition_cost": 0.0, "overshoot_cost": 55.875852336615715, "power_cost": 21.446501513671876, "noise_cost": 23.630306160653944, "n_waypoints_completed": 9, "tot_waypoints": 9}}
{"target": -661.0670187112147, "params": {"k_pid_pos": [1.0121423610815485, 0.5480720755228652, 0.7747810657975229], "k_pid_alt": [1.2822312408461696, 0.6468959807092246, 0.9096218962107268], "k_pid_att": [29.983705038916398, 8.841069115192026, 0.3266508395614528], "k_pid_yaw": [0.5, 1e-06, 0.1], "k_pid_hsp": [4.462096487076529, 0.21237707129902428, 0.391174514291337], "k_pid_vsp": [104.74250442173076, 355.0953380155847, 47.462985701326836]}, "datetime": {"datetime": "2025-08-13 15:27:29", "elapsed": 20377.324296951294, "delta": 29.13748860359192}, "costs": {"total_cost": 661.0670187112147, "time_cost": 110.08200000000001, "final_distance_cost": 1.7655324029140866, "oscillation_cost": 438.4617077445775, "completition_cost": 0.0, "overshoot_cost": 57.858654211367615, "power_cost": 26.674633117675782, "noise_cost": 26.22449123467979, "n_waypoints_completed": 9, "tot_waypoints": 9}}
{"target": -1052.785098249149, "params": {"k_pid_pos": [0.25003006962321067, 0.5704901315353323, 0.7446891890818902], "k_pid_alt": [0.9860968696921848, 0.5366689877140177, 0.5175000306679672], "k_pid_att": [29.347744531870358, 4.47370689328768, 0.4374060876044704], "k_pid_yaw": [0.5, 1e-06, 0.1], "k_pid_hsp": [6.165163465917915, 0.6987668600396303, 0.39748492154341186], "k_pid_vsp": [241.50364941149937, 274.26166521872244, 50.39760591937759]}, "datetime": {"datetime": "2025-08-13 15:28:07", "elapsed": 20415.405255794525, "delta": 38.0809588432312}, "costs": {"total_cost": 1052.785098249149, "time_cost": 150, "final_distance_cost": 71.02177798122764, "oscillation_cost": 502.211749172019, "completition_cost": 222.2222222222222, "overshoot_cost": 49.44307040976167, "power_cost": 29.671938537597658, "noise_cost": 28.214339926320875, "n_waypoints_completed": 7, "tot_waypoints": 9}}
{"target": -633.2318325966867, "params": {"k_pid_pos": [1.1845371908252038, 0.5706297993690773, 0.4150367754891926], "k_pid_alt": [0.8182906289069798, 0.5671107500879725, 0.17650029170640213], "k_pid_att": [51.72301489495723, 4.153340004613645, 0.6358893245550772], "k_pid_yaw": [0.5, 1e-06, 0.1], "k_pid_hsp": [9.798059540401992, 0.37469612832194943, 0.4043459681513617], "k_pid_vsp": [213.95875898020037, 7.231532689627778, 11.507688302476456]}, "datetime": {"datetime": "2025-08-13 15:28:35", "elapsed": 20443.577995300293, "delta": 28.172739505767822}, "costs": {"total_cost": 633.2318325966867, "time_cost": 102.424, "final_distance_cost": 1.7808299475289917, "oscillation_cost": 418.4912644577329, "completition_cost": 0.0, "overshoot_cost": 57.334135472509516, "power_cost": 26.210511486816408, "noise_cost": 26.991091232098952, "n_waypoints_completed": 9, "tot_waypoints": 9}}
