{"target": -389.2182244312895, "params": {"k_pid_pos": [0.468970955546965, 0.3403300142652137, 0.5952873112741384], "k_pid_alt": [1.621017448803514, 0.7809784698215354, 0.2910212403105462], "k_pid_att": [2.212029929644632, 2.6242682977912137, 0.4658070515404368], "k_pid_yaw": [0.5, 1e-06, 0.1], "k_pid_hsp": [5.305927482118206, 0.928230063453428, 0.46001290799924766], "k_pid_vsp": [174.78841814006446, 16.261347628061117, 12.80301351266691]}, "datetime": {"datetime": "2025-08-14 06:54:23", "elapsed": 75991.01451587677, "delta": 46.21067142486572}, "costs": {"total_cost": 389.2182244312895, "time_cost": 117.187, "final_distance_cost": 1.792345575373386, "oscillation_cost": 149.42086677871885, "completition_cost": 0.0, "overshoot_cost": 62.565041397314, "power_cost": 29.128193005371095, "noise_cost": 29.12477767451217, "n_waypoints_completed": 9, "tot_waypoints": 9}}
{"target": -1066.926184915881, "params": {"k_pid_pos": [0.6431719199530692, 0.4306357770521253, 0.6731664258564205], "k_pid_alt": [0.0225171462271625, 0.2664064164611817, 0.8698455424212512], "k_pid_att": [21.966770126738478, 4.966755032119504, 0.5533306927673145], "k_pid_yaw": [0.5, 1e-06, 0.1], "k_pid_hsp": [5.445235402913001, 0.9266447029300009, 0.8600651926302991], "k_pid_vsp": [303.4746452192278, 327.41233988862126, 69.69344380581113]}, "datetime": {"datetime": "2025-08-14 06:55:16", "elapsed": 76044.68547797203, "delta": 53.67096209526062}, "costs": {"total_cost": 1066.926184915881, "time_cost": 150, "final_distance_cost": 71.7145135038423, "oscillation_cost": 395.91285079295994, "completition_cost": 333.33333333333337, "overshoot_cost": 58.887288648996666, "power_cost": 28.207713293457033, "noise_cost": 28.87048534329182, "n_waypoints_completed": 6, "tot_waypoints": 9}}
{"target": -828.84609544859, "params": {"k_pid_pos": [1.881080849154332, 0.9770284489732897, 0.5974231797772052], "k_pid_alt": [0.026827087780145753, 0.1947133755874606, 0.050111653420726876], "k_pid_att": [14.009355004894752, 0.05748652949888323, 0.39030247594928613], "k_pid_yaw": [0.5, 1e-06, 0.1], "k_pid_hsp": [3.594544825317093, 0.02661815632049014, 0.7022168652882442], "k_pid_vsp": [162.65565858403863, 35.28489660689633, 12.688710799500015]}, "datetime": {"datetime": "2025-08-14 06:56:12", "elapsed": 76099.98107004166, "delta": 55.295592069625854}, "costs": {"total_cost": 828.84609544859, "time_cost": 150, "final_distance_cost": 72.43965285405147, "oscillation_cost": 260.23991792851115, "completition_cost": 222.2222222222222, "overshoot_cost": 59.931265557854786, "power_cost": 31.324628613281252, "noise_cost": 32.68840827266912, "n_waypoints_completed": 7, "tot_waypoints": 9}}
{"target": -473.3646556642649, "params": {"k_pid_pos": [0.7021787476956901, 0.16288893131024273, 0.7679315673521242], "k_pid_alt": [1.9813209930481752, 0.22995138249771274, 0.06913099566659797], "k_pid_att": [15.922797812480482, 2.602561453580831, 0.8339997868210888], "k_pid_yaw": [0.5, 1e-06, 0.1], "k_pid_hsp": [6.3711208614608426, 0.691171968259615, 0.24363510436089897], "k_pid_vsp": [300.24649752043064, 338.8623040708085, 79.34513804065534]}, "datetime": {"datetime": "2025-08-14 06:56:55", "elapsed": 76143.92831254005, "delta": 43.94724249839783}, "costs": {"total_cost": 473.3646556642649, "time_cost": 114.562, "final_distance_cost": 1.793733373855303, "oscillation_cost": 248.19714780219454, "completition_cost": 0.0, "overshoot_cost": 53.370927859918574, "power_cost": 28.870304650878907, "noise_cost": 26.570541977417594, "n_waypoints_completed": 9, "tot_waypoints": 9}}
{"target": -1023.0960671350248, "params": {"k_pid_pos": [0.5241874932140418, 0.47682183631812913, 0.8783539630153652], "k_pid_alt": [0.20365540788515157, 0.5940527703596205, 0.6185954451834995], "k_pid_att": [14.56225032377253, 9.262924329012703, 0.2171863044729624], "k_pid_yaw": [0.5, 1e-06, 0.1], "k_pid_hsp": [9.027871517855372, 0.34308452592808203, 0.10848322921535458], "k_pid_vsp": [165.64776059190277, 23.505260882691676, 3.429921365956625]}, "datetime": {"datetime": "2025-08-14 06:57:54", "elapsed": 76202.93201518059, "delta": 59.00370264053345}, "costs": {"total_cost": 1023.0960671350248, "time_cost": 150, "final_distance_cost": 72.52758440446813, "oscillation_cost": 465.5774159918546, "completition_cost": 222.2222222222222, "overshoot_cost": 55.08021014868992, "power_cost": 25.020621215820313, "noise_cost": 32.66801315196964, "n_waypoints_completed": 7, "tot_waypoints": 9}}
{"target": -1724.387309323715, "params": {"k_pid_pos": [0.4099209802629427, 0.029785004235648893, 0.8367458772074056], "k_pid_alt": [1.4345916458977885, 0.4072719994856461, 0.07184538272945573], "k_pid_att": [1.0580692749808662, 2.717905558828415, 0.8523184280416357], "k_pid_yaw": [0.5, 1e-06, 0.1], "k_pid_hsp": [8.374532865873435, 0.3230213218142758, 0.4985005540775821], "k_pid_vsp": [167.0496211098675, 21.115126921883366, 14.04641713677762]}, "datetime": {"datetime": "2025-08-14 06:58:40", "elapsed": 76248.27736234665, "delta": 45.3453471660614}, "costs": {"total_cost": 1724.387309323715, "time_cost": 150, "final_distance_cost": 51.78829808943734, "oscillation_cost": 293.5026416219327, "completition_cost": 888.8888888888888, "overshoot_cost": 152.69897790409433, "power_cost": 56.920145849609376, "noise_cost": 130.58835696975265, "n_waypoints_completed": 1, "tot_waypoints": 9}}
{"target": -612.131198409112, "params": {"k_pid_pos": [0.920529048416913, 0.5444839120767255, 0.35720672345291793], "k_pid_alt": [1.8960977719814367, 0.1871715842960492, 0.5768224640620174], "k_pid_att": [16.923555162555402, 1.4245293170860958, 0.10305500094949516], "k_pid_yaw": [0.5, 1e-06, 0.1], "k_pid_hsp": [6.602240434281107, 0.9623942248028458, 0.39916250850111856], "k_pid_vsp": [285.4694198331603, 278.25372730702253, 74.05518344658866]}, "datetime": {"datetime": "2025-08-14 06:59:32", "elapsed": 76300.06307458878, "delta": 51.785712242126465}, "costs": {"total_cost": 612.131198409112, "time_cost": 112.28, "final_distance_cost": 1.7606117850756395, "oscillation_cost": 377.72370263165794, "completition_cost": 0.0, "overshoot_cost": 54.1941065357611, "power_cost": 35.722147680664065, "noise_cost": 30.450629775953285, "n_waypoints_completed": 9, "tot_waypoints": 9}}
{"target": -835.3690098347146, "params": {"k_pid_pos": [0.5307991222641978, 0.5691525045056108, 0.32520840713930177], "k_pid_alt": [0.8072986818654786, 0.732882711238271, 0.6637517328537006], "k_pid_att": [22.995720619339043, 6.46492090278939, 0.6358120565615379], "k_pid_yaw": [0.5, 1e-06, 0.1], "k_pid_hsp": [7.271378167165587, 0.1298628360058467, 0.5153439198248084], "k_pid_vsp": [293.84919511648957, 334.0257505681444, 70.71254768186542]}, "datetime": {"datetime": "2025-08-14 07:00:17", "elapsed": 76345.31674718857, "delta": 45.25367259979248}, "costs": {"total_cost": 835.3690098347146, "time_cost": 150, "final_distance_cost": 63.514953097967066, "oscillation_cost": 390.3885981249959, "completition_cost": 111.11111111111116, "overshoot_cost": 52.788074155923844, "power_cost": 35.80063201904297, "noise_cost": 31.765641325673613, "n_waypoints_completed": 8, "tot_waypoints": 9}}
{"target": -956.1555135508867, "params": {"k_pid_pos": [0.4202397365563612, 0.9215293217377339, 0.6298665503203822], "k_pid_alt": [1.3453873182266616, 0.7455427696584048, 0.6311607772254297], "k_pid_att": [25.151948686763536, 0.9150194906431272, 0.035863573699216555], "k_pid_yaw": [0.5, 1e-06, 0.1], "k_pid_hsp": [5.298113584454062, 0.5901319198362377, 0.3083231050925809], "k_pid_vsp": [267.72802059667424, 328.7042547791107, 104.51610277422135]}, "datetime": {"datetime": "2025-08-14 07:01:03", "elapsed": 76391.08178782463, "delta": 45.76504063606262}, "costs": {"total_cost": 956.1555135508867, "time_cost": 150, "final_distance_cost": 64.89887567309334, "oscillation_cost": 399.68124487987745, "completition_cost": 222.2222222222222, "overshoot_cost": 52.489546115613855, "power_cost": 36.4482365600586, "noise_cost": 30.415388100021193, "n_waypoints_completed": 7, "tot_waypoints": 9}}
{"target": -601.8449862979542, "params": {"k_pid_pos": [0.4247317807269636, 0.3505538484157059, 0.6384981300492922], "k_pid_alt": [1.5106139426434275, 0.757550480748655, 0.8113607423899863], "k_pid_att": [23.25083898756929, 5.9079487899226155, 0.6374545820281001], "k_pid_yaw": [0.5, 1e-06, 0.1], "k_pid_hsp": [8.31270049045904, 0.3943753350671554, 0.12358167512299079], "k_pid_vsp": [243.02913032077754, 266.0407374753659, 52.86317366300448]}, "datetime": {"datetime": "2025-08-14 07:01:48", "elapsed": 76436.2800655365, "delta": 45.198277711868286}, "costs": {"total_cost": 601.8449862979542, "time_cost": 119.924, "final_distance_cost": 1.8075620039757063, "oscillation_cost": 358.3688747399401, "completition_cost": 0.0, "overshoot_cost": 59.70957062769194, "power_cost": 32.04033736572266, "noise_cost": 29.99464156062374, "n_waypoints_completed": 9, "tot_waypoints": 9}}
{"target": -839.7307327898922, "params": {"k_pid_pos": [1.0134431794312442, 0.9033477978603794, 0.9544153036637577], "k_pid_alt": [0.13638898803877186, 0.0913483186491344, 0.022171106040771882], "k_pid_att": [9.22533118970108, 5.88222752414971, 0.5504414426701775], "k_pid_yaw": [0.5, 1e-06, 0.1], "k_pid_hsp": [5.367937441630003, 0.5619600348805205, 0.4855469806549708], "k_pid_vsp": [312.93675823030634, 350.5997327176955, 107.71022692796268]}, "datetime": {"datetime": "2025-08-14 07:02:35", "elapsed": 76483.08354139328, "delta": 46.803475856781006}, "costs": {"total_cost": 839.7307327898922, "time_cost": 150, "final_distance_cost": 67.09563259670712, "oscillation_cost": 287.28084693548965, "completition_cost": 222.2222222222222, "overshoot_cost": 51.36425548435584, "power_cost": 32.89853087158203, "noise_cost": 28.8692446795354, "n_waypoints_completed": 7, "tot_waypoints": 9}}
{"target": -385.23410134352974, "params": {"k_pid_pos": [1.7966872303121781, 0.7640773991244932, 0.7949825174581114], "k_pid_alt": [1.6314850868039512, 0.5989000912466704, 0.45240065608906277], "k_pid_att": [11.29213285836126, 5.564630203138864, 0.6063307279859057], "k_pid_yaw": [0.5, 1e-06, 0.1], "k_pid_hsp": [7.340646468549087, 0.7519087067488893, 0.5602674912778016], "k_pid_vsp": [159.58874225788327, 5.815759383053411, 21.089251773141577]}, "datetime": {"datetime": "2025-08-14 07:03:14", "elapsed": 76522.11659407616, "delta": 39.03305268287659}, "costs": {"total_cost": 385.23410134352974, "time_cost": 93.177, "final_distance_cost": 1.7334702101651474, "oscillation_cost": 187.77337522702328, "completition_cost": 0.0, "overshoot_cost": 55.92785722236181, "power_cost": 23.839036779785157, "noise_cost": 22.783361904194376, "n_waypoints_completed": 9, "tot_waypoints": 9}}
{"target": -577.2733840151978, "params": {"k_pid_pos": [1.8190512429947303, 0.2583651512750006, 0.42965591903942113], "k_pid_alt": [1.0049539086519, 0.8963936268046843, 0.39444195539374294], "k_pid_att": [6.710979888769886, 4.473030064880637, 0.09289486215388942], "k_pid_yaw": [0.5, 1e-06, 0.1], "k_pid_hsp": [7.972585002448287, 0.24306823177270076, 0.9335640407875335], "k_pid_vsp": [281.4339522082517, 337.55072952415117, 106.37003791219556]}, "datetime": {"datetime": "2025-08-14 07:04:19", "elapsed": 76587.63148188591, "delta": 65.51488780975342}, "costs": {"total_cost": 577.2733840151978, "time_cost": 116.508, "final_distance_cost": 1.803092973635812, "oscillation_cost": 334.3819347522975, "completition_cost": 0.0, "overshoot_cost": 63.67662810839111, "power_cost": 32.42763902587891, "noise_cost": 28.47608915499455, "n_waypoints_completed": 9, "tot_waypoints": 9}}
{"target": -707.0286167886072, "params": {"k_pid_pos": [1.192909019201864, 0.9740123965204545, 0.6129204731963404], "k_pid_alt": [0.7127653190542593, 0.5389666057673514, 0.21119839234130322], "k_pid_att": [19.761051729948953, 5.2602850200547, 0.43772631291423136], "k_pid_yaw": [0.5, 1e-06, 0.1], "k_pid_hsp": [3.3541612663196423, 0.5502380335478876, 0.42350582067958087], "k_pid_vsp": [285.4982246870798, 335.557303345675, 96.22849624839988]}, "datetime": {"datetime": "2025-08-14 07:05:17", "elapsed": 76645.12530183792, "delta": 57.49381995201111}, "costs": {"total_cost": 707.0286167886072, "time_cost": 150, "final_distance_cost": 24.923199287780395, "oscillation_cost": 303.4214080527938, "completition_cost": 111.11111111111116, "overshoot_cost": 61.34498804506619, "power_cost": 28.485302807617188, "noise_cost": 27.742607484238476, "n_waypoints_completed": 8, "tot_waypoints": 9}}
{"target": -1631.331513520637, "params": {"k_pid_pos": [0.14602297773802594, 0.3060640839137324, 0.9402204349327007], "k_pid_alt": [0.035946247922274965, 0.3207795153377857, 0.8416966134752436], "k_pid_att": [22.15540467948218, 4.177139177424291, 0.11322114634940272], "k_pid_yaw": [0.5, 1e-06, 0.1], "k_pid_hsp": [5.863879190316464, 0.9717647626346677, 0.7851990079444436], "k_pid_vsp": [292.39704517698743, 336.0145188961379, 125.0926774326268]}, "datetime": {"datetime": "2025-08-14 07:06:01", "elapsed": 76689.90008997917, "delta": 44.77478814125061}, "costs": {"total_cost": 1631.331513520637, "time_cost": 150, "final_distance_cost": 58.62283064793123, "oscillation_cost": 625.4571365611763, "completition_cost": 666.6666666666667, "overshoot_cost": 66.07259333020414, "power_cost": 33.239758825683595, "noise_cost": 31.272527488974927, "n_waypoints_completed": 3, "tot_waypoints": 9}}
{"target": -994.0459842205395, "params": {"k_pid_pos": [0.8150487987340533, 0.26723128720313194, 0.6392430890799706], "k_pid_alt": [0.5247525998296465, 0.21453498005174665, 0.2422961686445857], "k_pid_att": [11.56568788711565, 8.39875231238187, 0.23172813453770658], "k_pid_yaw": [0.5, 1e-06, 0.1], "k_pid_hsp": [5.098904303711296, 0.014954126324378869, 0.9652699000275717], "k_pid_vsp": [148.25929025703832, 28.15640732173847, 1.3181874598848713]}, "datetime": {"datetime": "2025-08-14 07:06:47", "elapsed": 76735.27300739288, "delta": 45.37291741371155}, "costs": {"total_cost": 994.0459842205395, "time_cost": 150, "final_distance_cost": 63.40098211438933, "oscillation_cost": 450.1320072974923, "completition_cost": 222.2222222222222, "overshoot_cost": 49.460426013298566, "power_cost": 26.175467529296878, "noise_cost": 32.654879043840175, "n_waypoints_completed": 7, "tot_waypoints": 9}}
{"target": -482.5088450528845, "params": {"k_pid_pos": [0.5502534020252832, 0.793558304334272, 0.9932073216310654], "k_pid_alt": [0.9186310884958262, 0.3697843157057339, 0.12100100649650647], "k_pid_att": [7.94217217779245, 7.663182178678075, 0.2624620678936034], "k_pid_yaw": [0.5, 1e-06, 0.1], "k_pid_hsp": [6.726393343322516, 0.7607570027486653, 0.7670864968328964], "k_pid_vsp": [290.74401568480977, 278.29441813912035, 56.113176811604106]}, "datetime": {"datetime": "2025-08-14 07:07:40", "elapsed": 76788.55955982208, "delta": 53.28655242919922}, "costs": {"total_cost": 482.5088450528845, "time_cost": 110.012, "final_distance_cost": 1.756330978466349, "oscillation_cost": 262.80102175236584, "completition_cost": 0.0, "overshoot_cost": 57.49144384330407, "power_cost": 25.50547712402344, "noise_cost": 24.94257135472481, "n_waypoints_completed": 9, "tot_waypoints": 9}}
{"target": -1214.4160963384886, "params": {"k_pid_pos": [0.7464276967216513, 0.605621303731582, 0.2106614272644799], "k_pid_alt": [0.10739125122568804, 0.6600879309491613, 0.636303667564133], "k_pid_att": [31.306835790061438, 3.8566351132623224, 0.4915669005139556], "k_pid_yaw": [0.5, 1e-06, 0.1], "k_pid_hsp": [2.0905285548434756, 0.8703466388873239, 0.8395727626637646], "k_pid_vsp": [244.72006721967747, 260.9368394352903, 49.003183551854605]}, "datetime": {"datetime": "2025-08-14 07:08:26", "elapsed": 76834.23767542839, "delta": 45.67811560630798}, "costs": {"total_cost": 1214.4160963384886, "time_cost": 150, "final_distance_cost": 57.887430980506934, "oscillation_cost": 199.88952070611225, "completition_cost": 666.6666666666667, "overshoot_cost": 73.45595529702359, "power_cost": 35.15056770019532, "noise_cost": 31.36595498798369, "n_waypoints_completed": 3, "tot_waypoints": 9}}
{"target": -858.9178446446566, "params": {"k_pid_pos": [1.7155210726814065, 0.8201762354885569, 0.9857028773282865], "k_pid_alt": [1.8006966314318373, 0.2433485481200106, 0.9553841983976111], "k_pid_att": [2.141080367570425, 3.394202272511702, 0.6641924117527742], "k_pid_yaw": [0.5, 1e-06, 0.1], "k_pid_hsp": [0.33154918904267394, 0.7245324422443565, 0.34916425947077834], "k_pid_vsp": [165.95509938176883, 2.1521400900073253, 23.166179330019933]}, "datetime": {"datetime": "2025-08-14 07:09:18", "elapsed": 76886.70345497131, "delta": 52.465779542922974}, "costs": {"total_cost": 858.9178446446566, "time_cost": 150, "final_distance_cost": 74.61738019612967, "oscillation_cost": 192.48461418210974, "completition_cost": 222.2222222222222, "overshoot_cost": 145.401385037489, "power_cost": 41.29347421875, "noise_cost": 32.89876878795602, "n_waypoints_completed": 7, "tot_waypoints": 9}}
{"target": -1145.7982688280733, "params": {"k_pid_pos": [0.22623460047871743, 0.3014664256442021, 0.9275045401990135], "k_pid_alt": [1.984402627604362, 0.5334988424500327, 0.6623251389991535], "k_pid_att": [8.611363211644218, 7.442265028854001, 0.1954832314433591], "k_pid_yaw": [0.5, 1e-06, 0.1], "k_pid_hsp": [6.559514793540324, 0.7214411218624804, 0.7478417459960285], "k_pid_vsp": [170.9616822841214, 6.336930442109377, 38.89694854799928]}, "datetime": {"datetime": "2025-08-14 07:10:05", "elapsed": 76932.9666211605, "delta": 46.263166189193726}, "costs": {"total_cost": 1145.7982688280733, "time_cost": 150, "final_distance_cost": 48.55393003169759, "oscillation_cost": 399.9199811931362, "completition_cost": 444.4444444444444, "overshoot_cost": 52.34104676004852, "power_cost": 25.188500451660158, "noise_cost": 25.350365947086676, "n_waypoints_completed": 5, "tot_waypoints": 9}}
{"target": -405.42984297179555, "params": {"k_pid_pos": [0.4531683531315438, 0.38011046020844896, 0.2998388723508646], "k_pid_alt": [1.7374170213890183, 0.47892479250143105, 0.06675699969625759], "k_pid_att": [10.344159276069187, 1.4220437497507552, 0.8333073528040694], "k_pid_yaw": [0.5, 1e-06, 0.1], "k_pid_hsp": [9.106308242762012, 0.32066906589529454, 0.6101811789273678], "k_pid_vsp": [273.90541397736564, 258.2182250295883, 36.50308064778904]}, "datetime": {"datetime": "2025-08-14 07:11:00", "elapsed": 76988.23386263847, "delta": 55.26724147796631}, "costs": {"total_cost": 405.42984297179555, "time_cost": 118.769, "final_distance_cost": 1.7523812157384093, "oscillation_cost": 174.9518254981894, "completition_cost": 0.0, "overshoot_cost": 56.9071698459967, "power_cost": 26.790097998046875, "noise_cost": 26.259368413824173, "n_waypoints_completed": 9, "tot_waypoints": 9}}
{"target": -950.7143556803636, "params": {"k_pid_pos": [0.4616303587329575, 0.3362631996825588, 0.9410874859985654], "k_pid_alt": [1.3265845197431387, 0.8715457639465815, 0.06137950690225158], "k_pid_att": [11.022017369890303, 7.787640811942251, 0.8041750757307898], "k_pid_yaw": [0.5, 1e-06, 0.1], "k_pid_hsp": [4.760463654414046, 0.05445933861349472, 0.6825672309685918], "k_pid_vsp": [260.69351478401563, 277.9983741718039, 50.991097221985385]}, "datetime": {"datetime": "2025-08-14 07:11:56", "elapsed": 77044.60246992111, "delta": 56.36860728263855}, "costs": {"total_cost": 950.7143556803636, "time_cost": 150, "final_distance_cost": 71.14226877390969, "oscillation_cost": 291.62487754838037, "completition_cost": 333.33333333333337, "overshoot_cost": 47.83588750675615, "power_cost": 29.185106689453125, "noise_cost": 27.592881828530867, "n_waypoints_completed": 6, "tot_waypoints": 9}}
{"target": -1272.6549110326741, "params": {"k_pid_pos": [2.0, 1.0, 0.27191258160731935], "k_pid_alt": [1.936655226982381, 1.0, 0.0], "k_pid_att": [68.19502940880913, 10.0, 1.0], "k_pid_yaw": [0.5, 1e-06, 0.1], "k_pid_hsp": [0.0001, 1.0, 0.0], "k_pid_vsp": [75.24049108580674, 350.0746070422339, 45.580664073860774]}, "datetime": {"datetime": "2025-08-14 07:12:45", "elapsed": 77093.61072230339, "delta": 49.00825238227844}, "costs": {"total_cost": 1272.6549110326741, "time_cost": 150, "final_distance_cost": 90.53463255566713, "oscillation_cost": 99.4376016035879, "completition_cost": 777.7777777777778, "overshoot_cost": 91.91639710085038, "power_cost": 33.053060083007814, "noise_cost": 29.935441911783133, "n_waypoints_completed": 2, "tot_waypoints": 9}}
{"target": -361.3848655330475, "params": {"k_pid_pos": [1.8143180890165167, 0.6276301155490607, 0.6836095404774036], "k_pid_alt": [1.6761013381388803, 0.5893420370129077, 0.7021471713219303], "k_pid_att": [7.440348896033067, 3.913962262422874, 0.5160394220764297], "k_pid_yaw": [0.5, 1e-06, 0.1], "k_pid_hsp": [6.40878511760887, 0.435935121948817, 0.7688555609127563], "k_pid_vsp": [259.4935767911229, 287.6218753974598, 67.64715290335342]}, "datetime": {"datetime": "2025-08-14 07:13:24", "elapsed": 77132.37133288383, "delta": 38.760610580444336}, "costs": {"total_cost": 361.3848655330475, "time_cost": 89.803, "final_distance_cost": 1.7560868680029977, "oscillation_cost": 175.53271627655946, "completition_cost": 0.0, "overshoot_cost": 54.86664360949796, "power_cost": 19.859063537597656, "noise_cost": 19.56735524138947, "n_waypoints_completed": 9, "tot_waypoints": 9}}
