{"target": -528.4795150579563, "params": {"k_pid_pos": [1.5651345876568443, 0.33830986057696677, 0.702949240909479], "k_pid_alt": [1.580631604690217, 0.5007619074634451, 0.6076171292508887], "k_pid_att": [19.31815070670666, 4.787061704032634, 0.5616887959661719], "k_pid_yaw": [0.5, 1e-06, 0.1], "k_pid_hsp": [3.9839220209879844, 0.08512278318195876, 0.2166603155670055], "k_pid_vsp": [197.88065880975384, 307.239157187528, 20.504938008179067]}, "datetime": {"datetime": "2025-08-14 05:05:58", "elapsed": 69486.5725338459, "delta": 36.61708188056946}, "costs": {"total_cost": 528.4795150579563, "time_cost": 101.45100000000001, "final_distance_cost": 1.7566044326512376, "oscillation_cost": 300.1475328654582, "completition_cost": 0.0, "overshoot_cost": 58.77440564544713, "power_cost": 36.57750412597657, "noise_cost": 29.772467988423145, "n_waypoints_completed": 9, "tot_waypoints": 9}}
{"target": -570.5406432719165, "params": {"k_pid_pos": [1.1904155168066617, 0.3206544755283518, 0.13814866062098008], "k_pid_alt": [0.023022053841232237, 0.08127461699628613, 0.1821287466747773], "k_pid_att": [16.730466108649654, 8.579291294146872, 0.35026622857448797], "k_pid_yaw": [0.5, 1e-06, 0.1], "k_pid_hsp": [0.5011434659019879, 0.645099533674072, 0.05065049322642834], "k_pid_vsp": [270.53020668658473, 261.9284636471533, 41.3430604785851]}, "datetime": {"datetime": "2025-08-14 05:06:40", "elapsed": 69528.96099495888, "delta": 42.388461112976074}, "costs": {"total_cost": 570.5406432719165, "time_cost": 150, "final_distance_cost": 55.605678982821225, "oscillation_cost": 128.94711075940336, "completition_cost": 111.11111111111116, "overshoot_cost": 58.179404049237476, "power_cost": 34.895195166015625, "noise_cost": 31.8021432033277, "n_waypoints_completed": 8, "tot_waypoints": 9}}
{"target": -1170.3173430498814, "params": {"k_pid_pos": [1.4793699632938015, 0.45024352904617093, 0.8119941339693527], "k_pid_alt": [0.5189452034948328, 0.6951607101979222, 0.9649792239841134], "k_pid_att": [15.128682427877127, 2.8681404966798327, 0.014684152206912326], "k_pid_yaw": [0.5, 1e-06, 0.1], "k_pid_hsp": [1.5912100711100994, 0.46600739988375117, 0.5582534416712502], "k_pid_vsp": [197.4450992959137, 294.1982971474573, 29.79273947528727]}, "datetime": {"datetime": "2025-08-14 05:07:23", "elapsed": 69571.8394548893, "delta": 42.87845993041992}, "costs": {"total_cost": 1170.3173430498814, "time_cost": 150, "final_distance_cost": 70.80749016206096, "oscillation_cost": 508.58663119676004, "completition_cost": 333.33333333333337, "overshoot_cost": 50.567033390337855, "power_cost": 27.92260966796875, "noise_cost": 29.10024529942027, "n_waypoints_completed": 6, "tot_waypoints": 9}}
{"target": -1275.665465274342, "params": {"k_pid_pos": [0.4193422676912484, 0.49825551141602953, 0.8470579893198398], "k_pid_alt": [0.21324622406690175, 0.14791639868219641, 0.6741672469004696], "k_pid_att": [11.131872122963927, 3.957614938958668, 0.3793399051651998], "k_pid_yaw": [0.5, 1e-06, 0.1], "k_pid_hsp": [4.138532526860668, 0.5616151288846669, 0.9505121032945778], "k_pid_vsp": [167.2637734736368, 27.05167121486751, 3.3850889523866114]}, "datetime": {"datetime": "2025-08-14 05:08:04", "elapsed": 69612.40676569939, "delta": 40.56731081008911}, "costs": {"total_cost": 1275.665465274342, "time_cost": 150, "final_distance_cost": 42.62024692425198, "oscillation_cost": 408.30187444355084, "completition_cost": 555.5555555555555, "overshoot_cost": 48.859108010187924, "power_cost": 35.191420227050784, "noise_cost": 35.137260113744986, "n_waypoints_completed": 4, "tot_waypoints": 9}}
{"target": -658.6611632606313, "params": {"k_pid_pos": [0.4830897512008108, 0.9087141896695615, 0.305935406094186], "k_pid_alt": [0.9298686534529743, 0.9410134982821754, 0.4638639574632937], "k_pid_att": [6.865765923996737, 0.7023328833783942, 0.5479631156962753], "k_pid_yaw": [0.5, 1e-06, 0.1], "k_pid_hsp": [9.44672411535241, 0.3825365459871154, 0.06909018933196376], "k_pid_vsp": [264.47554276030985, 275.0684228677571, 40.074260064609206]}, "datetime": {"datetime": "2025-08-14 05:08:51", "elapsed": 69659.60280561447, "delta": 47.19603991508484}, "costs": {"total_cost": 658.6611632606313, "time_cost": 150, "final_distance_cost": 65.18045250111906, "oscillation_cost": 97.46226601751479, "completition_cost": 222.2222222222222, "overshoot_cost": 56.9144846905311, "power_cost": 35.036647241210936, "noise_cost": 31.845090588033145, "n_waypoints_completed": 7, "tot_waypoints": 9}}
{"target": -1119.7470491044246, "params": {"k_pid_pos": [0.3386448417521895, 0.2190650029123702, 0.15098668911618052], "k_pid_alt": [0.05745198168485355, 0.8054711937910242, 0.5098502087665702], "k_pid_att": [16.68050319699863, 8.295371237109055, 0.2797679898816475], "k_pid_yaw": [0.5, 1e-06, 0.1], "k_pid_hsp": [5.835846184323338, 0.8512605182701747, 0.8032954752150016], "k_pid_vsp": [260.1237871676443, 263.639196739189, 43.376644366098525]}, "datetime": {"datetime": "2025-08-14 05:09:42", "elapsed": 69710.4768781662, "delta": 50.874072551727295}, "costs": {"total_cost": 1119.7470491044246, "time_cost": 150, "final_distance_cost": 77.66428217761137, "oscillation_cost": 432.8383366819854, "completition_cost": 333.33333333333337, "overshoot_cost": 58.55160044618882, "power_cost": 35.116882421875005, "noise_cost": 32.242614043430386, "n_waypoints_completed": 6, "tot_waypoints": 9}}
{"target": -965.0230041871826, "params": {"k_pid_pos": [1.1470276302078946, 0.9403484007211136, 0.8747460863239617], "k_pid_alt": [0.33360357223202075, 0.5309472519725251, 0.45737100067423064], "k_pid_att": [17.856913840473442, 4.5755928442642295, 0.7488272964975277], "k_pid_yaw": [0.5, 1e-06, 0.1], "k_pid_hsp": [4.400972617622853, 0.35719824967521785, 0.6565582352973457], "k_pid_vsp": [298.0436915785015, 326.34643572315076, 80.54128414889674]}, "datetime": {"datetime": "2025-08-14 05:10:25", "elapsed": 69753.22778129578, "delta": 42.75090312957764}, "costs": {"total_cost": 965.0230041871826, "time_cost": 150, "final_distance_cost": 67.09326188165478, "oscillation_cost": 298.1672680716635, "completition_cost": 333.33333333333337, "overshoot_cost": 55.77059707005148, "power_cost": 31.173175280761722, "noise_cost": 29.485368549717684, "n_waypoints_completed": 6, "tot_waypoints": 9}}
{"target": -405.16087504213124, "params": {"k_pid_pos": [2.0, 0.059662977400415484, 0.7527140971396592], "k_pid_alt": [0.6130484893269919, 0.4525026468093875, 1.0], "k_pid_att": [16.916728396584883, 8.333807843221676, 1.0], "k_pid_yaw": [0.5, 1e-06, 0.1], "k_pid_hsp": [6.2301757089892105, 0.9314390273025608, 0.2549396086653836], "k_pid_vsp": [157.73691909538493, 40.87743588863759, 6.051378449766111]}, "datetime": {"datetime": "2025-08-14 05:11:22", "elapsed": 69810.17140865326, "delta": 56.94362735748291}, "costs": {"total_cost": 405.16087504213124, "time_cost": 92.778, "final_distance_cost": 1.804279381168861, "oscillation_cost": 196.5668015488507, "completition_cost": 0.0, "overshoot_cost": 57.862501203726, "power_cost": 28.958683129882814, "noise_cost": 27.190609778502925, "n_waypoints_completed": 9, "tot_waypoints": 9}}
{"target": -691.6467763829024, "params": {"k_pid_pos": [0.8313944851929161, 0.15261402872717245, 0.5689116358624595], "k_pid_alt": [1.9042972667648896, 0.9836185188587029, 0.9736023334593947], "k_pid_att": [28.801179403936594, 4.526467608391426, 0.3014213026527882], "k_pid_yaw": [0.5, 1e-06, 0.1], "k_pid_hsp": [7.135641373383957, 0.02428614774473059, 0.5587623678917547], "k_pid_vsp": [317.73182490922164, 335.3360806881946, 106.49938494417589]}, "datetime": {"datetime": "2025-08-14 05:12:13", "elapsed": 69861.50441026688, "delta": 51.33300161361694}, "costs": {"total_cost": 691.6467763829024, "time_cost": 108.325, "final_distance_cost": 1.769904673850917, "oscillation_cost": 464.39440734436323, "completition_cost": 0.0, "overshoot_cost": 58.131164575643446, "power_cost": 30.782841162109378, "noise_cost": 28.243458626935375, "n_waypoints_completed": 9, "tot_waypoints": 9}}
{"target": -468.91116323881033, "params": {"k_pid_pos": [0.49522547134021855, 0.018338681543307644, 0.6161765873400237], "k_pid_alt": [0.23735168081894975, 0.801680987528973, 0.7985763550219716], "k_pid_att": [7.116059735430147, 9.520301852476702, 0.6750332221558185], "k_pid_yaw": [0.5, 1e-06, 0.1], "k_pid_hsp": [8.083544475026304, 0.5777898656890531, 0.73835380232762], "k_pid_vsp": [297.252317052279, 348.91748475106505, 106.15201753821165]}, "datetime": {"datetime": "2025-08-14 05:12:57", "elapsed": 69905.37306427956, "delta": 43.868654012680054}, "costs": {"total_cost": 468.91116323881033, "time_cost": 113.386, "final_distance_cost": 1.8146469240332466, "oscillation_cost": 231.8913108654609, "completition_cost": 0.0, "overshoot_cost": 66.14986166372255, "power_cost": 28.145957165527346, "noise_cost": 27.523386620066297, "n_waypoints_completed": 9, "tot_waypoints": 9}}
{"target": -482.70043405707395, "params": {"k_pid_pos": [0.520717585061252, 0.6190288272092126, 0.2719309817482015], "k_pid_alt": [1.6576536067426288, 0.7870515651634774, 0.4297356380150126], "k_pid_att": [8.798095893392798, 5.310421210522535, 0.7227148821813857], "k_pid_yaw": [0.5, 1e-06, 0.1], "k_pid_hsp": [6.096441786390238, 0.11958409854689556, 0.7933347103533825], "k_pid_vsp": [171.73566640482437, 5.148115454552163, 35.40460303335507]}, "datetime": {"datetime": "2025-08-14 05:13:39", "elapsed": 69947.14071154594, "delta": 41.76764726638794}, "costs": {"total_cost": 482.70043405707395, "time_cost": 118.49600000000001, "final_distance_cost": 1.7644784204033033, "oscillation_cost": 238.06836177971965, "completition_cost": 0.0, "overshoot_cost": 57.95355270909841, "power_cost": 34.24227092285157, "noise_cost": 32.17577022500104, "n_waypoints_completed": 9, "tot_waypoints": 9}}
{"target": -564.7806636164657, "params": {"k_pid_pos": [1.7683215866090398, 0.38514248818716823, 0.660347641166646], "k_pid_alt": [0.3777760249206228, 0.7774067165067818, 0.8770250419855016], "k_pid_att": [15.377106514717976, 5.845932051868161, 0.12886076443276362], "k_pid_yaw": [0.5, 1e-06, 0.1], "k_pid_hsp": [7.202748642877583, 0.4304372850414916, 0.35623329840330387], "k_pid_vsp": [303.6709055799851, 327.307711992781, 83.77838218898222]}, "datetime": {"datetime": "2025-08-14 05:14:18", "elapsed": 69986.84127879143, "delta": 39.7005672454834}, "costs": {"total_cost": 564.7806636164657, "time_cost": 107.681, "final_distance_cost": 1.7669103558847188, "oscillation_cost": 336.4689974132476, "completition_cost": 0.0, "overshoot_cost": 63.007639631906585, "power_cost": 29.507452575683594, "noise_cost": 26.348663639743208, "n_waypoints_completed": 9, "tot_waypoints": 9}}
{"target": -269.6609649521543, "params": {"k_pid_pos": [1.770802054568393, 0.24513414839702252, 0.0007809652626962205], "k_pid_alt": [1.3962044392075275, 0.0517227340833345, 0.09634845987041052], "k_pid_att": [11.86347334819773, 2.394574497288907, 0.8865221126492661], "k_pid_yaw": [0.5, 1e-06, 0.1], "k_pid_hsp": [9.64146405927091, 0.2391274058555456, 0.2929231539870577], "k_pid_vsp": [257.22068811705503, 284.44111699896837, 60.99454678065783]}, "datetime": {"datetime": "2025-08-14 05:15:00", "elapsed": 70028.59834814072, "delta": 41.75706934928894}, "costs": {"total_cost": 269.6609649521543, "time_cost": 78.309, "final_distance_cost": 1.786477624343337, "oscillation_cost": 93.27630212576172, "completition_cost": 0.0, "overshoot_cost": 54.09973602996651, "power_cost": 22.08203845214844, "noise_cost": 20.1074107199343, "n_waypoints_completed": 9, "tot_waypoints": 9}}
{"target": -470.4311012905992, "params": {"k_pid_pos": [1.1118867914601627, 0.3242624463087467, 0.534889027229128], "k_pid_alt": [0.09952220713289606, 0.8729834366993896, 0.7756250303888149], "k_pid_att": [6.10518151502445, 5.680405031679566, 0.9728790201623098], "k_pid_yaw": [0.5, 1e-06, 0.1], "k_pid_hsp": [5.354963071043911, 0.1888520798212584, 0.36952045917742427], "k_pid_vsp": [177.72596457304113, 7.739642215417012, 41.270225777039116]}, "datetime": {"datetime": "2025-08-14 05:15:43", "elapsed": 70071.01119971275, "delta": 42.41285157203674}, "costs": {"total_cost": 470.4311012905992, "time_cost": 119.14, "final_distance_cost": 1.765386147315995, "oscillation_cost": 204.34462007713714, "completition_cost": 0.0, "overshoot_cost": 71.49672299193206, "power_cost": 38.679314526367186, "noise_cost": 35.005057547846775, "n_waypoints_completed": 9, "tot_waypoints": 9}}
{"target": -404.6107159629417, "params": {"k_pid_pos": [0.45940750215772097, 0.5471328217553257, 0.845955941913094], "k_pid_alt": [0.9359086178657052, 0.589382009397594, 0.3521450167693083], "k_pid_att": [4.1248327808007135, 3.265313198448828, 0.4261942426098625], "k_pid_yaw": [0.5, 1e-06, 0.1], "k_pid_hsp": [8.719629873363132, 0.728564815779874, 0.5803806856895479], "k_pid_vsp": [303.1912648588909, 331.43788247319253, 91.51812743385757]}, "datetime": {"datetime": "2025-08-14 05:16:36", "elapsed": 70124.75194478035, "delta": 53.740745067596436}, "costs": {"total_cost": 404.6107159629417, "time_cost": 117.313, "final_distance_cost": 1.7790674382310874, "oscillation_cost": 166.55852563215603, "completition_cost": 0.0, "overshoot_cost": 62.868646362256875, "power_cost": 28.642073352050783, "noise_cost": 27.449403178246957, "n_waypoints_completed": 9, "tot_waypoints": 9}}
{"target": -566.7158209753853, "params": {"k_pid_pos": [0.5983823696405066, 0.4233179313689728, 0.31677159001734734], "k_pid_alt": [0.7159073036242343, 0.17684370587399412, 0.39328635186533956], "k_pid_att": [11.889641295462205, 3.7188729131164617, 0.18395824057442534], "k_pid_yaw": [0.5, 1e-06, 0.1], "k_pid_hsp": [6.865204737710521, 0.1833880829332255, 0.2108735582049659], "k_pid_vsp": [165.68212597045152, 2.757491442612602, 19.619853060184486]}, "datetime": {"datetime": "2025-08-14 05:17:18", "elapsed": 70166.77445363998, "delta": 42.0225088596344}, "costs": {"total_cost": 566.7158209753853, "time_cost": 112.819, "final_distance_cost": 1.747267697264996, "oscillation_cost": 335.09822241864725, "completition_cost": 0.0, "overshoot_cost": 57.54607418423917, "power_cost": 31.151687255859375, "noise_cost": 28.353569419374455, "n_waypoints_completed": 9, "tot_waypoints": 9}}
{"target": -324.7316975120985, "params": {"k_pid_pos": [0.8540071217814026, 0.10194064902598365, 0.6592362580107196], "k_pid_alt": [0.12723206026731249, 0.21435466906030087, 0.8516371371066653], "k_pid_att": [13.536715947596079, 6.90654833860125, 0.9861660775370937], "k_pid_yaw": [0.5, 1e-06, 0.1], "k_pid_hsp": [5.569103481817778, 0.6864052128317392, 0.14579480751580975], "k_pid_vsp": [281.38756996131673, 270.6613416251471, 46.3618999804369]}, "datetime": {"datetime": "2025-08-14 05:17:55", "elapsed": 70203.7282397747, "delta": 36.95378613471985}, "costs": {"total_cost": 324.7316975120985, "time_cost": 95.949, "final_distance_cost": 1.797470575727962, "oscillation_cost": 112.82447434415019, "completition_cost": 0.0, "overshoot_cost": 60.335441379063866, "power_cost": 29.005976013183595, "noise_cost": 24.819335199972844, "n_waypoints_completed": 9, "tot_waypoints": 9}}
{"target": -818.476431872673, "params": {"k_pid_pos": [1.493360878009055, 0.7147518141979458, 0.21531632709414628], "k_pid_alt": [1.7461352066263096, 0.1540128757846907, 0.1546494497303712], "k_pid_att": [35.38326523296147, 3.6586534588187485, 0.5782265155539699], "k_pid_yaw": [0.5, 1e-06, 0.1], "k_pid_hsp": [9.626550686173948, 0.3867085541669051, 0.9103134883064828], "k_pid_vsp": [111.06096670304235, 349.4202007326204, 45.291183417188925]}, "datetime": {"datetime": "2025-08-14 05:18:39", "elapsed": 70247.28914737701, "delta": 43.56090760231018}, "costs": {"total_cost": 818.476431872673, "time_cost": 150, "final_distance_cost": 66.38687481039123, "oscillation_cost": 275.1612166880778, "completition_cost": 222.2222222222222, "overshoot_cost": 46.18633355465248, "power_cost": 30.85608702392578, "noise_cost": 27.663697573403553, "n_waypoints_completed": 7, "tot_waypoints": 9}}
{"target": -1268.4287038794016, "params": {"k_pid_pos": [0.3830323855087116, 0.5776843870842276, 0.6047065341996608], "k_pid_alt": [0.03902201119546267, 0.6416034193038833, 0.8692746494711653], "k_pid_att": [44.69707092562698, 3.2484001137238563, 0.44828712410434757], "k_pid_yaw": [0.5, 1e-06, 0.1], "k_pid_hsp": [9.612450391044865, 0.5445887028627021, 0.5307445832463121], "k_pid_vsp": [210.67398449433398, 281.8426569157314, 46.025982162652824]}, "datetime": {"datetime": "2025-08-14 05:19:20", "elapsed": 70288.63477110863, "delta": 41.34562373161316}, "costs": {"total_cost": 1268.4287038794016, "time_cost": 150, "final_distance_cost": 52.29427353860281, "oscillation_cost": 508.6276580885404, "completition_cost": 444.4444444444444, "overshoot_cost": 55.52762537817027, "power_cost": 29.20866403808594, "noise_cost": 28.326038391557553, "n_waypoints_completed": 5, "tot_waypoints": 9}}
{"target": -456.71515521363995, "params": {"k_pid_pos": [1.8803000182730578, 0.48471318371389316, 0.09691608500474647], "k_pid_alt": [1.2953153638163393, 0.49681053064968395, 0.06481221736157328], "k_pid_att": [16.1856778820603, 4.439297964579426, 0.5097770494630568], "k_pid_yaw": [0.5, 1e-06, 0.1], "k_pid_hsp": [0.5385868733724506, 0.2242615964053537, 0.34921823631073245], "k_pid_vsp": [303.995514190106, 340.34976670633625, 122.54196807662473]}, "datetime": {"datetime": "2025-08-14 05:20:02", "elapsed": 70330.71607112885, "delta": 42.081300020217896}, "costs": {"total_cost": 456.71515521363995, "time_cost": 117.46000000000001, "final_distance_cost": 1.7484479095871983, "oscillation_cost": 207.10813591639155, "completition_cost": 0.0, "overshoot_cost": 67.62110638353688, "power_cost": 32.604914868164066, "noise_cost": 30.17255013596028, "n_waypoints_completed": 9, "tot_waypoints": 9}}
{"target": -434.0147412951028, "params": {"k_pid_pos": [1.8119590158565178, 0.30441110573586194, 0.695942795073946], "k_pid_alt": [1.6128175382077292, 0.45345628890437384, 0.40483203964760417], "k_pid_att": [25.970426470409002, 1.2928166893529622, 0.8479315992354086], "k_pid_yaw": [0.5, 1e-06, 0.1], "k_pid_hsp": [2.228636734318642, 0.08832465843114612, 0.7150129692571995], "k_pid_vsp": [106.2054962383422, 343.39377433307453, 48.877690604630246]}, "datetime": {"datetime": "2025-08-14 05:20:40", "elapsed": 70368.1133825779, "delta": 37.3973114490509}, "costs": {"total_cost": 434.0147412951028, "time_cost": 92.631, "final_distance_cost": 1.7762146982824807, "oscillation_cost": 236.32003895957394, "completition_cost": 0.0, "overshoot_cost": 57.137604330549166, "power_cost": 23.94573748779297, "noise_cost": 22.204145818904223, "n_waypoints_completed": 9, "tot_waypoints": 9}}
{"target": -398.76155513385595, "params": {"k_pid_pos": [1.2722314966525308, 0.8378510937894563, 0.949481622234349], "k_pid_alt": [1.7200450715737856, 0.23019039810723652, 0.6308988447165883], "k_pid_att": [15.051303717139163, 4.1387307851253246, 0.8128007648829636], "k_pid_yaw": [0.5, 1e-06, 0.1], "k_pid_hsp": [3.638319561844746, 0.19519034890067355, 0.11243952133247082], "k_pid_vsp": [273.43281688516134, 278.0430500426625, 44.01378426347404]}, "datetime": {"datetime": "2025-08-14 05:21:23", "elapsed": 70411.16154718399, "delta": 43.04816460609436}, "costs": {"total_cost": 398.76155513385595, "time_cost": 99.113, "final_distance_cost": 1.782675995221314, "oscillation_cost": 188.95310467672329, "completition_cost": 0.0, "overshoot_cost": 53.72756461564397, "power_cost": 29.159085388183595, "noise_cost": 26.026124458083768, "n_waypoints_completed": 9, "tot_waypoints": 9}}
{"target": -710.2615204847367, "params": {"k_pid_pos": [1.3265714979121468, 0.8507552680719912, 0.45387797745308966], "k_pid_alt": [0.019275315851790875, 0.20737516791609045, 0.6991297592525048], "k_pid_att": [14.028616877711952, 5.703424802784108, 0.25660603298467866], "k_pid_yaw": [0.5, 1e-06, 0.1], "k_pid_hsp": [8.235631792514868, 0.1459472133907589, 0.08447712756713233], "k_pid_vsp": [255.75654230641769, 268.84398368127, 49.95452466214398]}, "datetime": {"datetime": "2025-08-14 05:22:15", "elapsed": 70463.26987409592, "delta": 52.10832691192627}, "costs": {"total_cost": 710.2615204847367, "time_cost": 150, "final_distance_cost": 56.6782280795696, "oscillation_cost": 265.2894815148324, "completition_cost": 111.11111111111116, "overshoot_cost": 64.28196190925377, "power_cost": 31.775052697753907, "noise_cost": 31.125685172215753, "n_waypoints_completed": 8, "tot_waypoints": 9}}
{"target": -1217.6322568858134, "params": {"k_pid_pos": [0.22792196533429235, 0.0821372186764443, 0.3625875676363568], "k_pid_alt": [1.1012931457396395, 0.8448206950774816, 0.3030186353845493], "k_pid_att": [24.511382712605467, 8.660140463087219, 0.15985436056333824], "k_pid_yaw": [0.5, 1e-06, 0.1], "k_pid_hsp": [9.177764824438185, 0.3418171628237937, 0.6382796007941043], "k_pid_vsp": [171.9904447681583, 18.31187408924199, 24.410052316188064]}, "datetime": {"datetime": "2025-08-14 05:22:56", "elapsed": 70504.71533727646, "delta": 41.44546318054199}, "costs": {"total_cost": 1217.6322568858134, "time_cost": 150, "final_distance_cost": 65.28397603700576, "oscillation_cost": 656.7662074317325, "completition_cost": 222.2222222222222, "overshoot_cost": 57.61775730007444, "power_cost": 34.86728895263672, "noise_cost": 30.874804942142035, "n_waypoints_completed": 7, "tot_waypoints": 9}}
