{"target": -390.08520324504684, "params": {"k_pid_pos": [1.3279606793004044, 0.9892119638787165, 0.2023920297146471], "k_pid_alt": [1.5733001628604688, 0.8427864768578535, 0.7985540675512446], "k_pid_att": [12.016711468432495, 3.5774108629741272, 0.8381661736322952], "k_pid_yaw": [0.5, 1e-06, 0.1], "k_pid_hsp": [8.685573509350851, 0.09087432286633357, 0.43130085665786877], "k_pid_vsp": [281.12733697118114, 281.2688366118288, 47.281322570394316]}, "datetime": {"datetime": "2025-08-13 15:40:29", "elapsed": 21157.465004444122, "delta": 31.425175189971924}, "costs": {"total_cost": 390.08520324504684, "time_cost": 115.759, "final_distance_cost": 1.734326312264073, "oscillation_cost": 133.68651839758846, "completition_cost": 0.0, "overshoot_cost": 73.17090369602863, "power_cost": 34.368511633300784, "noise_cost": 31.36594320586486, "n_waypoints_completed": 9, "tot_waypoints": 9}}
{"target": -1185.7728367119867, "params": {"k_pid_pos": [0.24256682909532612, 0.11902252000381319, 0.8091025970515189], "k_pid_alt": [0.988913237544927, 0.7649318361848717, 0.6924889231439111], "k_pid_att": [6.698973950005572, 9.635269275304271, 0.0798711060666043], "k_pid_yaw": [0.5, 1e-06, 0.1], "k_pid_hsp": [5.567809941225351, 0.6610389671485075, 0.930306562793758], "k_pid_vsp": [178.32874407649157, 24.66136902252887, 15.887106890127159]}, "datetime": {"datetime": "2025-08-13 15:41:01", "elapsed": 21189.383755922318, "delta": 31.91875147819519}, "costs": {"total_cost": 1185.7728367119867, "time_cost": 150, "final_distance_cost": 81.0328437936337, "oscillation_cost": 494.19163031279146, "completition_cost": 333.33333333333337, "overshoot_cost": 58.44858841793792, "power_cost": 35.29474912109375, "noise_cost": 33.4716917331964, "n_waypoints_completed": 6, "tot_waypoints": 9}}
{"target": -526.2426170661242, "params": {"k_pid_pos": [1.485703161362472, 0.6192027557014581, 0.2823115188115652], "k_pid_alt": [1.040339930699965, 0.22325522311402796, 0.9028895494659306], "k_pid_att": [35.73006575252826, 6.559210440244084, 0.5728756573526648], "k_pid_yaw": [0.5, 1e-06, 0.1], "k_pid_hsp": [4.313604144758275, 0.37100660620753056, 0.19937153801862864], "k_pid_vsp": [246.87935590793234, 281.95128456165423, 47.57142615056128]}, "datetime": {"datetime": "2025-08-13 15:41:30", "elapsed": 21218.36533141136, "delta": 28.98157548904419}, "costs": {"total_cost": 526.2426170661242, "time_cost": 109.70400000000001, "final_distance_cost": 1.7506123132326912, "oscillation_cost": 304.7904394383691, "completition_cost": 0.0, "overshoot_cost": 54.65441967119486, "power_cost": 29.02738785400391, "noise_cost": 26.315757789323726, "n_waypoints_completed": 9, "tot_waypoints": 9}}
{"target": -686.876612449787, "params": {"k_pid_pos": [0.14483612053687686, 0.06630801178951107, 0.07505588842549482], "k_pid_alt": [1.1688335459850103, 0.27777551299185, 0.41296567284020824], "k_pid_att": [14.456343785925297, 7.82107238993677, 0.8498319856847998], "k_pid_yaw": [0.5, 1e-06, 0.1], "k_pid_hsp": [9.340564796202074, 0.025774946269666366, 0.3969107688877669], "k_pid_vsp": [298.1659270847884, 333.3189029412067, 89.81154846247266]}, "datetime": {"datetime": "2025-08-13 15:42:01", "elapsed": 21249.7508957386, "delta": 31.38556432723999}, "costs": {"total_cost": 686.876612449787, "time_cost": 150, "final_distance_cost": 55.85863771240389, "oscillation_cost": 261.5903764963979, "completition_cost": 111.11111111111116, "overshoot_cost": 62.01248435233386, "power_cost": 22.78092215576172, "noise_cost": 23.523080621778544, "n_waypoints_completed": 8, "tot_waypoints": 9}}
{"target": -1219.4177004690537, "params": {"k_pid_pos": [1.2594620336347533, 0.363294810320282, 0.31409509247569467], "k_pid_alt": [0.40317246890306335, 0.74934293460429, 0.9619414764321604], "k_pid_att": [2.885859202600749, 9.185178665249971, 0.13965406812220027], "k_pid_yaw": [0.5, 1e-06, 0.1], "k_pid_hsp": [3.1586686953145655, 0.3514450483167918, 0.6954972472936182], "k_pid_vsp": [299.0330920736859, 349.778211427764, 102.80917601632775]}, "datetime": {"datetime": "2025-08-13 15:42:33", "elapsed": 21281.690898895264, "delta": 31.940003156661987}, "costs": {"total_cost": 1219.4177004690537, "time_cost": 150, "final_distance_cost": 52.56291316268907, "oscillation_cost": 337.1562300582075, "completition_cost": 555.5555555555555, "overshoot_cost": 61.091222865396695, "power_cost": 33.183721118164065, "noise_cost": 29.868057709040595, "n_waypoints_completed": 4, "tot_waypoints": 9}}
{"target": -1489.1995230902014, "params": {"k_pid_pos": [1.4870437920736368, 0.8675703125714816, 0.3455756624591232], "k_pid_alt": [1.9184924109155521, 0.1538434717753121, 0.3969880850107965], "k_pid_att": [0.726664635763552, 0.708122424607785, 0.8958555153234217], "k_pid_yaw": [0.5, 1e-06, 0.1], "k_pid_hsp": [4.843486524494301, 0.4673134296858208, 0.7468709759069132], "k_pid_vsp": [299.9795064515543, 336.7595428932144, 101.46622974834064]}, "datetime": {"datetime": "2025-08-13 15:43:04", "elapsed": 21312.85811161995, "delta": 31.16721272468567}, "costs": {"total_cost": 1489.1995230902014, "time_cost": 150, "final_distance_cost": 15.660084850110202, "oscillation_cost": 124.54620132677111, "completition_cost": 1000.0, "overshoot_cost": 106.41939800521436, "power_cost": 49.1664465209961, "noise_cost": 43.4073923871097, "n_waypoints_completed": 0, "tot_waypoints": 9}}
{"target": -880.8516978013927, "params": {"k_pid_pos": [1.6058873818474895, 0.9227958032834214, 0.49957914861440367], "k_pid_alt": [1.1702537192041202, 0.16972619065535133, 0.34084432132440856], "k_pid_att": [45.648642545478936, 8.508770402700263, 0.07957148249022927], "k_pid_yaw": [0.5, 1e-06, 0.1], "k_pid_hsp": [7.1271113189010125, 0.631732470813645, 0.8803199204646204], "k_pid_vsp": [86.98634272197631, 357.913657068428, 36.238152400250435]}, "datetime": {"datetime": "2025-08-13 15:43:37", "elapsed": 21345.121544599533, "delta": 32.26343297958374}, "costs": {"total_cost": 880.8516978013927, "time_cost": 150, "final_distance_cost": 65.8866498479906, "oscillation_cost": 330.8227765079642, "completition_cost": 222.2222222222222, "overshoot_cost": 48.626655642416345, "power_cost": 34.550363208007816, "noise_cost": 28.743030372791537, "n_waypoints_completed": 7, "tot_waypoints": 9}}
{"target": -866.4453105846002, "params": {"k_pid_pos": [0.23087568746729073, 0.6544820491310082, 0.31045301121322666], "k_pid_alt": [1.9653706188161746, 0.11436791457327455, 0.41603675229285686], "k_pid_att": [11.61412131144014, 4.837071605924933, 0.28551880752538017], "k_pid_yaw": [0.5, 1e-06, 0.1], "k_pid_hsp": [8.397027513415114, 0.20670550941848254, 0.46941059930199014], "k_pid_vsp": [299.9890626708398, 350.616735408041, 120.3343695546575]}, "datetime": {"datetime": "2025-08-13 15:44:09", "elapsed": 21377.058725357056, "delta": 31.937180757522583}, "costs": {"total_cost": 866.4453105846002, "time_cost": 150, "final_distance_cost": 69.38250201865179, "oscillation_cost": 313.8013498789597, "completition_cost": 222.2222222222222, "overshoot_cost": 48.637881801463095, "power_cost": 33.78520660400391, "noise_cost": 28.61614805929958, "n_waypoints_completed": 7, "tot_waypoints": 9}}
{"target": -852.2479962037996, "params": {"k_pid_pos": [0.35479069077267866, 0.6246389666229659, 0.4872335574327691], "k_pid_alt": [0.22213100710751088, 0.3114006412091994, 0.046622630990142855], "k_pid_att": [7.930587803080124, 5.389268750906745, 0.2311663630639169], "k_pid_yaw": [0.5, 1e-06, 0.1], "k_pid_hsp": [5.4636071972115525, 0.29484590867909866, 0.3667638652306243], "k_pid_vsp": [169.44176969251595, 21.360214113276, 8.880666523156448]}, "datetime": {"datetime": "2025-08-13 15:44:41", "elapsed": 21409.33352279663, "delta": 32.274797439575195}, "costs": {"total_cost": 852.2479962037996, "time_cost": 150, "final_distance_cost": 72.80914188885264, "oscillation_cost": 297.3855369677429, "completition_cost": 222.2222222222222, "overshoot_cost": 52.94047540427075, "power_cost": 24.07908865966797, "noise_cost": 32.81153106104314, "n_waypoints_completed": 7, "tot_waypoints": 9}}
{"target": -960.514712558097, "params": {"k_pid_pos": [0.2922159255169033, 0.1722865451771528, 0.8115780608656709], "k_pid_alt": [1.5713124209696046, 0.6053791539270689, 0.6651970379864487], "k_pid_att": [12.549830790810157, 7.809593059881644, 0.2975765497221088], "k_pid_yaw": [0.5, 1e-06, 0.1], "k_pid_hsp": [3.6324391041623687, 0.4164589643344334, 0.20088202517174691], "k_pid_vsp": [171.23767142364716, 12.60686588445704, 18.08926918030402]}, "datetime": {"datetime": "2025-08-13 15:45:13", "elapsed": 21441.437761306763, "delta": 32.104238510131836}, "costs": {"total_cost": 960.514712558097, "time_cost": 150, "final_distance_cost": 66.77687500272758, "oscillation_cost": 419.0353654053054, "completition_cost": 222.2222222222222, "overshoot_cost": 54.22356809414516, "power_cost": 22.46214393310547, "noise_cost": 25.794537900591177, "n_waypoints_completed": 7, "tot_waypoints": 9}}
{"target": -1338.3620029188937, "params": {"k_pid_pos": [0.0735057499875824, 0.5586265464774489, 0.21485086509026385], "k_pid_alt": [0.3744753835773429, 0.4278541801643262, 0.7571381236387312], "k_pid_att": [19.966958616195228, 5.213938821143942, 0.03897469116837626], "k_pid_yaw": [0.5, 1e-06, 0.1], "k_pid_hsp": [9.312937580376092, 0.2585324759540848, 0.731080418433884], "k_pid_vsp": [312.5759507676946, 333.6438624305504, 99.3258617474155]}, "datetime": {"datetime": "2025-08-13 15:45:49", "elapsed": 21477.801749944687, "delta": 36.363988637924194}, "costs": {"total_cost": 1338.3620029188937, "time_cost": 150, "final_distance_cost": 42.318300045312895, "oscillation_cost": 469.45123929960704, "completition_cost": 555.5555555555555, "overshoot_cost": 52.51628748972654, "power_cost": 35.992251403808595, "noise_cost": 32.52836912488327, "n_waypoints_completed": 4, "tot_waypoints": 9}}
{"target": -598.8740533893271, "params": {"k_pid_pos": [0.8119049094344735, 0.4752677690335184, 0.20468191981271444], "k_pid_alt": [1.6367130039970457, 0.29026546802427666, 0.01273689137200329], "k_pid_att": [16.686224656650605, 1.4516328951084707, 0.029186743438857854], "k_pid_yaw": [0.5, 1e-06, 0.1], "k_pid_hsp": [9.80543543006947, 0.23293983067762158, 0.30211993347948285], "k_pid_vsp": [294.2235666527597, 341.05445718870885, 100.0570082088896]}, "datetime": {"datetime": "2025-08-13 15:46:17", "elapsed": 21505.532573223114, "delta": 27.730823278427124}, "costs": {"total_cost": 598.8740533893271, "time_cost": 100.016, "final_distance_cost": 1.7369589302611954, "oscillation_cost": 391.6677957659134, "completition_cost": 0.0, "overshoot_cost": 52.6654377511591, "power_cost": 27.647922082519532, "noise_cost": 25.139938859473766, "n_waypoints_completed": 9, "tot_waypoints": 9}}
{"target": -866.8335901988993, "params": {"k_pid_pos": [0.43620127562885574, 0.223341607687779, 0.3712565742300237], "k_pid_alt": [0.23605490958285058, 0.4260924914679455, 0.21066116529075396], "k_pid_att": [9.542863194033668, 3.3265459499894514, 0.28851358131226945], "k_pid_yaw": [0.5, 1e-06, 0.1], "k_pid_hsp": [8.630473978016207, 0.38713077312822974, 0.345397514689907], "k_pid_vsp": [197.03790261080744, 296.9283238117198, 21.36207859245776]}, "datetime": {"datetime": "2025-08-13 15:46:50", "elapsed": 21538.2906563282, "delta": 32.75808310508728}, "costs": {"total_cost": 866.8335901988993, "time_cost": 150, "final_distance_cost": 71.49035403485082, "oscillation_cost": 312.6796005674324, "completition_cost": 222.2222222222222, "overshoot_cost": 55.37125805838244, "power_cost": 26.73129226074219, "noise_cost": 28.338863055269293, "n_waypoints_completed": 7, "tot_waypoints": 9}}
{"target": -433.7285314076464, "params": {"k_pid_pos": [1.8121238106361925, 0.3372657094018847, 0.6520647478666838], "k_pid_alt": [1.8426200681838647, 0.11894404773699252, 0.7255675121742662], "k_pid_att": [8.11613424533737, 7.365926153090971, 0.21759472139971525], "k_pid_yaw": [0.5, 1e-06, 0.1], "k_pid_hsp": [4.9257413941827854, 0.9051600612447745, 0.5905117207045503], "k_pid_vsp": [301.62601087384536, 339.0389079327919, 92.96635550791972]}, "datetime": {"datetime": "2025-08-13 15:47:16", "elapsed": 21564.926114320755, "delta": 26.63545799255371}, "costs": {"total_cost": 433.7285314076464, "time_cost": 90.118, "final_distance_cost": 1.751108004316725, "oscillation_cost": 240.21225168614617, "completition_cost": 0.0, "overshoot_cost": 53.42724171070336, "power_cost": 25.748402368164065, "noise_cost": 22.471527638316083, "n_waypoints_completed": 9, "tot_waypoints": 9}}
{"target": -430.2463720477934, "params": {"k_pid_pos": [0.40277558090100263, 0.6092958396492302, 0.6190886300466584], "k_pid_alt": [1.1434895654249007, 0.21167290055859134, 0.6227389081233435], "k_pid_att": [14.465958802519484, 2.7317537354976595, 0.6610861462911948], "k_pid_yaw": [0.5, 1e-06, 0.1], "k_pid_hsp": [8.280551889813818, 0.9636067874024098, 0.14472763409949108], "k_pid_vsp": [195.39213944099166, 296.7166179750205, 21.06998845577507]}, "datetime": {"datetime": "2025-08-13 15:47:52", "elapsed": 21600.574991941452, "delta": 35.64887762069702}, "costs": {"total_cost": 430.2463720477934, "time_cost": 113.897, "final_distance_cost": 1.7687580490455022, "oscillation_cost": 205.3982397504539, "completition_cost": 0.0, "overshoot_cost": 54.52716577822674, "power_cost": 27.89150456542969, "noise_cost": 26.763703904637552, "n_waypoints_completed": 9, "tot_waypoints": 9}}
{"target": -302.9023224339273, "params": {"k_pid_pos": [1.9640666473163932, 0.6308715384288139, 0.4861287249830155], "k_pid_alt": [1.8601375548489705, 0.05088687276656634, 0.6023795421933998], "k_pid_att": [10.139212479605753, 5.006396841556007, 0.8224182235115506], "k_pid_yaw": [0.5, 1e-06, 0.1], "k_pid_hsp": [5.826819711290581, 0.3917126749515403, 0.4933230994086658], "k_pid_vsp": [271.0155075674774, 276.514289151469, 45.550910306041054]}, "datetime": {"datetime": "2025-08-13 15:48:15", "elapsed": 21623.415405273438, "delta": 22.840413331985474}, "costs": {"total_cost": 302.9023224339273, "time_cost": 79.87, "final_distance_cost": 1.785928730181273, "oscillation_cost": 123.40830168685002, "completition_cost": 0.0, "overshoot_cost": 55.08188541204213, "power_cost": 22.626696508789063, "noise_cost": 20.129510096064788, "n_waypoints_completed": 9, "tot_waypoints": 9}}
{"target": -1685.7760485068914, "params": {"k_pid_pos": [1.1995035952904436, 0.4348674590613826, 0.22690395151171072], "k_pid_alt": [0.7693874534398968, 0.2008458416650971, 0.8360744442959849], "k_pid_att": [18.57687499844951, 8.1335383401087, 0.0028128723868260375], "k_pid_yaw": [0.5, 1e-06, 0.1], "k_pid_hsp": [0.03678482136531707, 0.6285725877716789, 0.978026156095047], "k_pid_vsp": [167.12385294550592, 9.190942638820637, 11.721635227072891]}, "datetime": {"datetime": "2025-08-13 15:48:49", "elapsed": 21657.284325122833, "delta": 33.86891984939575}, "costs": {"total_cost": 1685.7760485068914, "time_cost": 150, "final_distance_cost": 49.218842531751754, "oscillation_cost": 677.1277305827159, "completition_cost": 666.6666666666667, "overshoot_cost": 79.11765475490049, "power_cost": 33.29736135253906, "noise_cost": 30.34779261831729, "n_waypoints_completed": 3, "tot_waypoints": 9}}
{"target": -918.2302496822939, "params": {"k_pid_pos": [0.3566584233888372, 0.3064447775613798, 0.7731380453816787], "k_pid_alt": [1.2464353683022, 0.7321111416256489, 0.35570350341023516], "k_pid_att": [31.244075603482646, 4.917675971231448, 0.6232382060593192], "k_pid_yaw": [0.5, 1e-06, 0.1], "k_pid_hsp": [3.8525748759549256, 0.6185199272417451, 0.9147097014743238], "k_pid_vsp": [309.01693898214546, 335.8185374612575, 93.49800662582044]}, "datetime": {"datetime": "2025-08-13 15:49:22", "elapsed": 21690.094211101532, "delta": 32.80988597869873}, "costs": {"total_cost": 918.2302496822939, "time_cost": 150, "final_distance_cost": 64.8993435423788, "oscillation_cost": 470.8842367626297, "completition_cost": 111.11111111111116, "overshoot_cost": 55.658742514933394, "power_cost": 35.12321467285157, "noise_cost": 30.553601078389296, "n_waypoints_completed": 8, "tot_waypoints": 9}}
{"target": -342.93915637171534, "params": {"k_pid_pos": [1.9076085380570271, 0.5589652652021231, 0.1677707962333317], "k_pid_alt": [0.9285217726907349, 0.7147295463795378, 0.6027507926561881], "k_pid_att": [16.713634464167704, 9.001484267207228, 0.9246315684344697], "k_pid_yaw": [0.5, 1e-06, 0.1], "k_pid_hsp": [4.635782620317515, 0.33383746887357546, 0.20730538652587271], "k_pid_vsp": [180.62815844009884, 22.038559450433876, 10.583896556205985]}, "datetime": {"datetime": "2025-08-13 15:49:50", "elapsed": 21718.711283922195, "delta": 28.617072820663452}, "costs": {"total_cost": 342.93915637171534, "time_cost": 98.406, "final_distance_cost": 1.7313933910418684, "oscillation_cost": 126.33366734492759, "completition_cost": 0.0, "overshoot_cost": 59.958552231949454, "power_cost": 29.33909324951172, "noise_cost": 27.17045015428473, "n_waypoints_completed": 9, "tot_waypoints": 9}}
{"target": -1314.6296263160625, "params": {"k_pid_pos": [1.3727228221078374, 1.0, 1.0], "k_pid_alt": [2.0, 0.040212289504276875, 1.0], "k_pid_att": [43.31464934520766, 10.0, 0.021977358266272767], "k_pid_yaw": [0.5, 1e-06, 0.1], "k_pid_hsp": [0.0001, 1.0, 0.0], "k_pid_vsp": [202.63878171951825, 21.457030965046407, 2.334336225076376]}, "datetime": {"datetime": "2025-08-13 15:50:25", "elapsed": 21753.164129257202, "delta": 34.452845335006714}, "costs": {"total_cost": 1314.6296263160625, "time_cost": 150, "final_distance_cost": 85.23279283024993, "oscillation_cost": 129.5206510718697, "completition_cost": 777.7777777777778, "overshoot_cost": 94.74573508331054, "power_cost": 40.8188945678711, "noise_cost": 36.53377498498323, "n_waypoints_completed": 2, "tot_waypoints": 9}}
{"target": -577.4376234185803, "params": {"k_pid_pos": [0.9235694301559807, 0.5830599516280884, 0.4896656359493281], "k_pid_alt": [1.521686196908876, 0.9402300078892588, 0.15493218491192817], "k_pid_att": [29.374978187743906, 3.2079461565402347, 0.8050101184261527], "k_pid_yaw": [0.5, 1e-06, 0.1], "k_pid_hsp": [6.198759084425745, 0.7477640704375633, 0.7628783410490604], "k_pid_vsp": [158.66486792934595, 18.197953679335765, 10.219765792688152]}, "datetime": {"datetime": "2025-08-13 15:50:54", "elapsed": 21782.567962884903, "delta": 29.403833627700806}, "costs": {"total_cost": 577.4376234185803, "time_cost": 108.794, "final_distance_cost": 1.7883151790962486, "oscillation_cost": 347.13875511306895, "completition_cost": 0.0, "overshoot_cost": 60.298265952724535, "power_cost": 29.645242822265626, "noise_cost": 29.77304435142501, "n_waypoints_completed": 9, "tot_waypoints": 9}}
{"target": -869.1288724002828, "params": {"k_pid_pos": [0.31979295288060805, 0.305394309718086, 0.6471191681380737], "k_pid_alt": [1.277956581585789, 0.34705235941269164, 0.5179642950394328], "k_pid_att": [33.722691062411705, 1.5184635750161177, 0.4483428785267132], "k_pid_yaw": [0.5, 1e-06, 0.1], "k_pid_hsp": [6.902828749094519, 0.31224970347291237, 0.8920614002082585], "k_pid_vsp": [246.32851310623968, 277.92987848932984, 51.52597915992844]}, "datetime": {"datetime": "2025-08-13 15:51:29", "elapsed": 21817.048887252808, "delta": 34.48092436790466}, "costs": {"total_cost": 869.1288724002828, "time_cost": 150, "final_distance_cost": 9.157197499719587, "oscillation_cost": 478.7162544653772, "completition_cost": 111.11111111111116, "overshoot_cost": 60.84216848838654, "power_cost": 30.805218884277345, "noise_cost": 28.496921951410965, "n_waypoints_completed": 8, "tot_waypoints": 9}}
{"target": -528.1044322068298, "params": {"k_pid_pos": [1.551819466323487, 0.17503653691857224, 0.6126428326175887], "k_pid_alt": [1.8175233126714483, 0.5196205029616429, 0.8204807867919595], "k_pid_att": [30.229523869808517, 3.6603103175985687, 0.29720513935042203], "k_pid_yaw": [0.5, 1e-06, 0.1], "k_pid_hsp": [9.265483815581746, 0.7751646468380878, 0.8056409832529214], "k_pid_vsp": [99.7351407306684, 355.48717616320965, 54.532253800484085]}, "datetime": {"datetime": "2025-08-13 15:51:54", "elapsed": 21842.743400335312, "delta": 25.694513082504272}, "costs": {"total_cost": 528.1044322068298, "time_cost": 89.789, "final_distance_cost": 1.7505619679043862, "oscillation_cost": 333.63298518581036, "completition_cost": 0.0, "overshoot_cost": 53.02916695776742, "power_cost": 26.836976135253906, "noise_cost": 23.065741960093682, "n_waypoints_completed": 9, "tot_waypoints": 9}}
{"target": -738.347919265651, "params": {"k_pid_pos": [1.3302616686161854, 0.8443578261215083, 0.14026160222341666], "k_pid_alt": [1.9279986387465737, 0.5799347885921396, 0.2119100556992245], "k_pid_att": [26.194154498666677, 3.3440450957188683, 0.9856877422455026], "k_pid_yaw": [0.5, 1e-06, 0.1], "k_pid_hsp": [3.1979459568423163, 0.01442816614921616, 0.8487256377876983], "k_pid_vsp": [243.7714521927134, 262.76284952173245, 48.47515661415176]}, "datetime": {"datetime": "2025-08-13 15:52:27", "elapsed": 21875.854496002197, "delta": 33.111095666885376}, "costs": {"total_cost": 738.347919265651, "time_cost": 150, "final_distance_cost": 59.53323815934521, "oscillation_cost": 170.28106735877873, "completition_cost": 222.2222222222222, "overshoot_cost": 66.63127108925991, "power_cost": 37.992522607421876, "noise_cost": 31.687597828622973, "n_waypoints_completed": 7, "tot_waypoints": 9}}
