{"target": -479.56333827615987, "params": {"k_pid_pos": [0.8362333948223543, 0.4747514386161199, 0.5962208368824271], "k_pid_alt": [1.1314156903047783, 0.7979311342311683, 0.15804330941124112], "k_pid_att": [21.97127017020796, 4.284403704894181, 0.46221609190115465], "k_pid_yaw": [0.5, 1e-06, 0.1], "k_pid_hsp": [7.8523733818098504, 0.06617225662803417, 0.061347751892053104], "k_pid_vsp": [320.0183142341923, 331.74680264263503, 98.69487613654367]}, "datetime": {"datetime": "2025-08-13 23:23:18", "elapsed": 48926.63668966293, "delta": 39.07856798171997}, "costs": {"total_cost": 479.56333827615987, "time_cost": 110.593, "final_distance_cost": 1.757644870730938, "oscillation_cost": 258.2320258630338, "completition_cost": 0.0, "overshoot_cost": 59.543909620582, "power_cost": 23.91372020263672, "noise_cost": 25.52303771917638, "n_waypoints_completed": 9, "tot_waypoints": 9}}
{"target": -531.6632042523735, "params": {"k_pid_pos": [0.8156160127342001, 0.8587782371791819, 0.707403014263866], "k_pid_alt": [1.3489035058827723, 0.6112067858786292, 0.1234959790432798], "k_pid_att": [11.62351427072863, 5.674222995298476, 0.1869982836730124], "k_pid_yaw": [0.5, 1e-06, 0.1], "k_pid_hsp": [8.023845593306925, 0.26380222491825, 0.45031612894543005], "k_pid_vsp": [284.72206658441826, 273.8107843410545, 46.31656159284911]}, "datetime": {"datetime": "2025-08-13 23:23:55", "elapsed": 48963.00789642334, "delta": 36.371206760406494}, "costs": {"total_cost": 531.6632042523735, "time_cost": 113.06400000000001, "final_distance_cost": 1.7624057057237035, "oscillation_cost": 306.42990526761594, "completition_cost": 0.0, "overshoot_cost": 57.522564039342036, "power_cost": 26.272656799316408, "noise_cost": 26.611672440375404, "n_waypoints_completed": 9, "tot_waypoints": 9}}
{"target": -469.70178215023475, "params": {"k_pid_pos": [2.0, 0.2298190469929457, 0.11106292414719106], "k_pid_alt": [0.9725014558375096, 0.8196568848757593, 0.6671043713203517], "k_pid_att": [30.278323349543914, 5.63781158738202, 0.7868035305437037], "k_pid_yaw": [0.5, 1e-06, 0.1], "k_pid_hsp": [7.452673788262599, 0.8666392953549757, 0.5611671777435269], "k_pid_vsp": [104.9968821061495, 356.0358695549809, 52.266353047703305]}, "datetime": {"datetime": "2025-08-13 23:24:31", "elapsed": 48999.28966975212, "delta": 36.28177332878113}, "costs": {"total_cost": 469.70178215023475, "time_cost": 99.967, "final_distance_cost": 1.740600739518658, "oscillation_cost": 249.05193164713614, "completition_cost": 0.0, "overshoot_cost": 60.65151324093173, "power_cost": 30.732662707519534, "noise_cost": 27.558073815128726, "n_waypoints_completed": 9, "tot_waypoints": 9}}
{"target": -432.2393937558358, "params": {"k_pid_pos": [1.0396867270781243, 0.841956272110169, 0.5861393952155813], "k_pid_alt": [1.9709766031093852, 0.33259649437035466, 0.30335806595619574], "k_pid_att": [6.944838285128297, 7.242943499458113, 0.9734593662469724], "k_pid_yaw": [0.5, 1e-06, 0.1], "k_pid_hsp": [3.7296735398735508, 0.3194941479265885, 0.9147856681246516], "k_pid_vsp": [287.2021446134703, 333.44203825351815, 99.6934004454311]}, "datetime": {"datetime": "2025-08-13 23:25:07", "elapsed": 49035.52066230774, "delta": 36.230992555618286}, "costs": {"total_cost": 432.2393937558358, "time_cost": 117.08200000000001, "final_distance_cost": 1.7444422935812118, "oscillation_cost": 188.79171742369832, "completition_cost": 0.0, "overshoot_cost": 61.1593952013954, "power_cost": 34.556458020019534, "noise_cost": 28.905380817141342, "n_waypoints_completed": 9, "tot_waypoints": 9}}
{"target": -336.5332939601923, "params": {"k_pid_pos": [0.5219264931571493, 0.3436617920829007, 0.13810894759667558], "k_pid_alt": [1.1693992281627137, 0.21757996102839283, 0.24000117788305053], "k_pid_att": [6.516919829520074, 4.038585828858398, 0.8154473500857193], "k_pid_yaw": [0.5, 1e-06, 0.1], "k_pid_hsp": [0.8983950911591074, 0.033005879551620376, 0.17515546229240275], "k_pid_vsp": [174.9222812697974, 23.554073184984716, 11.72647279978076]}, "datetime": {"datetime": "2025-08-13 23:25:46", "elapsed": 49074.83267092705, "delta": 39.31200861930847}, "costs": {"total_cost": 336.5332939601923, "time_cost": 115.248, "final_distance_cost": 1.7929260417423494, "oscillation_cost": 94.13051921595402, "completition_cost": 0.0, "overshoot_cost": 59.83437485644439, "power_cost": 34.47824974365235, "noise_cost": 31.049224102399172, "n_waypoints_completed": 9, "tot_waypoints": 9}}
{"target": -685.7095387503159, "params": {"k_pid_pos": [1.844752668867445, 0.9053516936505671, 0.1954748171973053], "k_pid_alt": [1.4709368211807452, 0.29828443140006244, 0.2730528494965325], "k_pid_att": [17.636926885831294, 0.5856944998711249, 0.6181118668928096], "k_pid_yaw": [0.5, 1e-06, 0.1], "k_pid_hsp": [8.532762926476597, 0.6227873966362909, 0.7535022130216995], "k_pid_vsp": [195.262804129678, 295.0258705843737, 23.65027421604334]}, "datetime": {"datetime": "2025-08-13 23:26:29", "elapsed": 49117.89626073837, "delta": 43.06358981132507}, "costs": {"total_cost": 685.7095387503159, "time_cost": 150, "final_distance_cost": 59.34936837381111, "oscillation_cost": 125.8781727942077, "completition_cost": 222.2222222222222, "overshoot_cost": 58.61657815814035, "power_cost": 37.61214245605469, "noise_cost": 32.0310547458799, "n_waypoints_completed": 7, "tot_waypoints": 9}}
{"target": -426.72030048198013, "params": {"k_pid_pos": [1.7635503533710253, 0.9929463791122959, 0.8633559544444012], "k_pid_alt": [1.7115549838327748, 0.700744787758854, 0.15695920640320926], "k_pid_att": [14.407694286205352, 2.4841899445030386, 0.4412120754562515], "k_pid_yaw": [0.5, 1e-06, 0.1], "k_pid_hsp": [6.6298792178608865, 0.9754802711503855, 0.907517253895028], "k_pid_vsp": [317.97351362566275, 343.18862624738534, 122.32111245315556]}, "datetime": {"datetime": "2025-08-13 23:27:00", "elapsed": 49148.54056739807, "delta": 30.644306659698486}, "costs": {"total_cost": 426.72030048198013, "time_cost": 92.974, "final_distance_cost": 1.7484021840214858, "oscillation_cost": 222.98440796263284, "completition_cost": 0.0, "overshoot_cost": 57.46880928832081, "power_cost": 27.44201872558594, "noise_cost": 24.102662321419036, "n_waypoints_completed": 9, "tot_waypoints": 9}}
{"target": -1426.6271831820716, "params": {"k_pid_pos": [1.6196662090155254, 0.5222613833127968, 0.37193178313341846], "k_pid_alt": [0.28159880168345586, 0.4252518551759916, 0.9518840634525844], "k_pid_att": [17.499765592653826, 4.770600322586879, 0.18608214606148132], "k_pid_yaw": [0.5, 1e-06, 0.1], "k_pid_hsp": [0.3223799820328285, 0.7853422480750957, 0.6879966871440278], "k_pid_vsp": [261.92963023554137, 269.5511597433323, 34.60668966792862]}, "datetime": {"datetime": "2025-08-13 23:27:38", "elapsed": 49186.89114046097, "delta": 38.35057306289673}, "costs": {"total_cost": 1426.6271831820716, "time_cost": 150, "final_distance_cost": 44.23419033600069, "oscillation_cost": 428.8733528572594, "completition_cost": 666.6666666666667, "overshoot_cost": 82.29234856991465, "power_cost": 27.235537426757812, "noise_cost": 27.325087325472197, "n_waypoints_completed": 3, "tot_waypoints": 9}}
{"target": -313.40200526648107, "params": {"k_pid_pos": [1.1376480683275165, 0.6861885129094512, 0.1773910743766841], "k_pid_alt": [1.6586085013835243, 0.7924820601588725, 0.6577793758385969], "k_pid_att": [9.952129738320304, 2.7834598051951356, 0.7891593678456587], "k_pid_yaw": [0.5, 1e-06, 0.1], "k_pid_hsp": [7.954948636271064, 0.24686174851257126, 0.33295801427869254], "k_pid_vsp": [201.34388320828842, 298.5285737402858, 13.502592759252064]}, "datetime": {"datetime": "2025-08-13 23:28:16", "elapsed": 49224.379792928696, "delta": 37.48865246772766}, "costs": {"total_cost": 313.40200526648107, "time_cost": 89.712, "final_distance_cost": 1.7614046977231488, "oscillation_cost": 124.37365082195949, "completition_cost": 0.0, "overshoot_cost": 53.056729491813165, "power_cost": 21.967953393554687, "noise_cost": 22.530266861430572, "n_waypoints_completed": 9, "tot_waypoints": 9}}
{"target": -483.72359896966765, "params": {"k_pid_pos": [1.8594794102883927, 0.8057470871835665, 0.5873274231154354], "k_pid_alt": [0.8048602551832844, 0.7394120520709087, 0.88476687965963], "k_pid_att": [8.263244632289247, 9.69765316702661, 0.30417843621497365], "k_pid_yaw": [0.5, 1e-06, 0.1], "k_pid_hsp": [5.017458369736955, 0.40779341652790146, 0.878378096868233], "k_pid_vsp": [188.3752548539201, 17.07820456735999, 8.569022435908783]}, "datetime": {"datetime": "2025-08-13 23:28:54", "elapsed": 49261.96885180473, "delta": 37.5890588760376}, "costs": {"total_cost": 483.72359896966765, "time_cost": 105.161, "final_distance_cost": 1.7720522752851038, "oscillation_cost": 253.87664294054932, "completition_cost": 0.0, "overshoot_cost": 63.205080571168374, "power_cost": 28.237482226562502, "noise_cost": 31.471340956102317, "n_waypoints_completed": 9, "tot_waypoints": 9}}
{"target": -437.9338459800062, "params": {"k_pid_pos": [1.0324143189937163, 0.023113283753513736, 0.6850094888032773], "k_pid_alt": [1.6161650274796708, 0.4569487051745361, 0.2917892460769127], "k_pid_att": [22.71711433879332, 0.39350035995112637, 0.4461918324825974], "k_pid_yaw": [0.5, 1e-06, 0.1], "k_pid_hsp": [4.560647326484635, 0.30856199696066844, 0.788122236456704], "k_pid_vsp": [269.4533930240853, 336.796556693759, 103.10072390684468]}, "datetime": {"datetime": "2025-08-13 23:29:21", "elapsed": 49289.29847192764, "delta": 27.329620122909546}, "costs": {"total_cost": 437.9338459800062, "time_cost": 78.505, "final_distance_cost": 1.8112719915344297, "oscillation_cost": 265.21600994783313, "completition_cost": 0.0, "overshoot_cost": 51.14337661090086, "power_cost": 21.92733140869141, "noise_cost": 19.330856021046372, "n_waypoints_completed": 9, "tot_waypoints": 9}}
{"target": -993.6370454088667, "params": {"k_pid_pos": [0.2013843968755841, 0.25978424766673425, 0.11278370868095033], "k_pid_alt": [1.8132657244195927, 0.3327553731216413, 0.7096027710000634], "k_pid_att": [11.958745996050546, 4.642754122706689, 0.8502654535350791], "k_pid_yaw": [0.5, 1e-06, 0.1], "k_pid_hsp": [6.145109899705506, 0.3719557070105687, 0.8282768092569437], "k_pid_vsp": [177.94506376797236, 20.915174927279192, 14.699375143693324]}, "datetime": {"datetime": "2025-08-13 23:29:59", "elapsed": 49327.00634407997, "delta": 37.70787215232849}, "costs": {"total_cost": 993.6370454088667, "time_cost": 150, "final_distance_cost": 72.6093339298689, "oscillation_cost": 314.9267441175438, "completition_cost": 333.33333333333337, "overshoot_cost": 48.38129945972465, "power_cost": 40.26740152587891, "noise_cost": 34.118933042517, "n_waypoints_completed": 6, "tot_waypoints": 9}}
{"target": -943.4054108135776, "params": {"k_pid_pos": [0.9426294830154218, 0.8186578152232972, 0.4976632101313656], "k_pid_alt": [0.032534613345331476, 0.8847520780027532, 0.6842948174880131], "k_pid_att": [22.625657118431718, 1.3485797271699955, 0.47579420586826215], "k_pid_yaw": [0.5, 1e-06, 0.1], "k_pid_hsp": [8.127885429824229, 0.7231802530377559, 0.6115610179046631], "k_pid_vsp": [162.5508647384147, 14.195715585982802, 16.09931280184653]}, "datetime": {"datetime": "2025-08-13 23:30:39", "elapsed": 49367.21777153015, "delta": 40.211427450180054}, "costs": {"total_cost": 943.4054108135776, "time_cost": 150, "final_distance_cost": 74.78110575087001, "oscillation_cost": 375.4947127335058, "completition_cost": 222.2222222222222, "overshoot_cost": 63.38113833526826, "power_cost": 29.687318664550784, "noise_cost": 27.838913107160653, "n_waypoints_completed": 7, "tot_waypoints": 9}}
{"target": -1202.1558469035413, "params": {"k_pid_pos": [0.5427931617875054, 0.710014854186918, 0.42483346361067476], "k_pid_alt": [1.583210536534713, 0.4388722163095863, 0.8553096141201564], "k_pid_att": [12.148453357800648, 9.703568600846882, 0.6786526396482527], "k_pid_yaw": [0.5, 1e-06, 0.1], "k_pid_hsp": [0.10980727862688386, 0.39396181704672684, 0.8287722854388284], "k_pid_vsp": [193.3262164304828, 314.16970985210787, 14.025355484692296]}, "datetime": {"datetime": "2025-08-13 23:31:18", "elapsed": 49406.582975149155, "delta": 39.365203619003296}, "costs": {"total_cost": 1202.1558469035413, "time_cost": 150, "final_distance_cost": 52.49587087822784, "oscillation_cost": 307.4777495847089, "completition_cost": 555.5555555555555, "overshoot_cost": 78.67102255018949, "power_cost": 30.055962121582034, "noise_cost": 27.89968621327743, "n_waypoints_completed": 4, "tot_waypoints": 9}}
{"target": -1189.5565848955537, "params": {"k_pid_pos": [0.457413137327678, 0.16941755256280466, 0.623636305029355], "k_pid_alt": [1.3165562485677678, 0.15851530609590203, 0.7389541302331194], "k_pid_att": [20.061507019239833, 0.811657435006187, 0.4319129126716529], "k_pid_yaw": [0.5, 1e-06, 0.1], "k_pid_hsp": [2.1830830985338587, 0.04494209437704255, 0.8562052384497537], "k_pid_vsp": [307.5764379977789, 327.3385732059049, 80.11122054679396]}, "datetime": {"datetime": "2025-08-13 23:32:01", "elapsed": 49449.10428094864, "delta": 42.52130579948425}, "costs": {"total_cost": 1189.5565848955537, "time_cost": 150, "final_distance_cost": 71.00293665989685, "oscillation_cost": 512.7837038095763, "completition_cost": 333.33333333333337, "overshoot_cost": 50.478919925536424, "power_cost": 40.302530200195314, "noise_cost": 31.655160967015213, "n_waypoints_completed": 6, "tot_waypoints": 9}}
{"target": -867.5963721021016, "params": {"k_pid_pos": [1.1985471849741078, 0.9234657035647279, 0.8547320697417529], "k_pid_alt": [0.3497573345626779, 0.7201357484592051, 0.15969659959778948], "k_pid_att": [14.453029325520184, 5.317041844017089, 0.9908508949814799], "k_pid_yaw": [0.5, 1e-06, 0.1], "k_pid_hsp": [5.040049437349156, 0.43760670779216426, 0.3640332364957991], "k_pid_vsp": [167.9181477985429, 16.44617364757623, 22.110975538687725]}, "datetime": {"datetime": "2025-08-13 23:32:47", "elapsed": 49495.72755980492, "delta": 46.623278856277466}, "costs": {"total_cost": 867.5963721021016, "time_cost": 150, "final_distance_cost": 71.82550075380149, "oscillation_cost": 296.0812964315288, "completition_cost": 222.2222222222222, "overshoot_cost": 60.35138158295928, "power_cost": 34.75784725341797, "noise_cost": 32.35812385817194, "n_waypoints_completed": 7, "tot_waypoints": 9}}
{"target": -1117.2911799290798, "params": {"k_pid_pos": [1.5799660517343619, 0.3829108710586574, 0.567744685691771], "k_pid_alt": [0.3565863372728857, 0.18085783916561393, 0.9817949839421155], "k_pid_att": [0.6942031482695565, 0.5720385475311232, 0.7450695181223542], "k_pid_yaw": [0.5, 1e-06, 0.1], "k_pid_hsp": [1.721746743522223, 0.9961645586563701, 0.0447639021955627], "k_pid_vsp": [303.8353535470495, 324.66829828650475, 115.52035035132617]}, "datetime": {"datetime": "2025-08-13 23:33:28", "elapsed": 49536.34848475456, "delta": 40.620924949645996}, "costs": {"total_cost": 1117.2911799290798, "time_cost": 150, "final_distance_cost": 59.26445521749552, "oscillation_cost": 105.26972898263902, "completition_cost": 666.6666666666667, "overshoot_cost": 72.67116549659269, "power_cost": 35.52052933349609, "noise_cost": 27.898634232189863, "n_waypoints_completed": 3, "tot_waypoints": 9}}
{"target": -1172.153634375727, "params": {"k_pid_pos": [0.03906757395974725, 0.37759341703997706, 0.32532405195277236], "k_pid_alt": [1.5958851304681394, 0.19524171607572527, 0.33027955584874946], "k_pid_att": [16.89595286808485, 5.484875596064536, 0.2298530250836086], "k_pid_yaw": [0.5, 1e-06, 0.1], "k_pid_hsp": [4.25412156224246, 0.24982125231751406, 0.23749192155436183], "k_pid_vsp": [294.4084007848787, 349.168605143866, 132.89088033917972]}, "datetime": {"datetime": "2025-08-13 23:34:06", "elapsed": 49574.84246611595, "delta": 38.49398136138916}, "costs": {"total_cost": 1172.153634375727, "time_cost": 150, "final_distance_cost": 48.932421866932806, "oscillation_cost": 414.7676206382761, "completition_cost": 444.4444444444444, "overshoot_cost": 60.19962966040618, "power_cost": 27.352370922851563, "noise_cost": 26.457146842815987, "n_waypoints_completed": 5, "tot_waypoints": 9}}
{"target": -264.42679097187926, "params": {"k_pid_pos": [1.4522047954628334, 0.5372718345337913, 0.5963020464813337], "k_pid_alt": [2.0, 0.583703789325473, 0.33141643493401796], "k_pid_att": [15.11842249295257, 3.0276889716129363, 0.47842179771415944], "k_pid_yaw": [0.5, 1e-06, 0.1], "k_pid_hsp": [4.380768937729533, 0.3928182691081156, 0.06183261343158039], "k_pid_vsp": [201.8041351887992, 301.3395104404572, 16.81559252142491]}, "datetime": {"datetime": "2025-08-13 23:34:42", "elapsed": 49610.73876595497, "delta": 35.896299839019775}, "costs": {"total_cost": 264.42679097187926, "time_cost": 80.339, "final_distance_cost": 1.7345561317980756, "oscillation_cost": 92.52873306683624, "completition_cost": 0.0, "overshoot_cost": 50.59917260215155, "power_cost": 19.451908605957033, "noise_cost": 19.773420565136345, "n_waypoints_completed": 9, "tot_waypoints": 9}}
{"target": -399.0847670447318, "params": {"k_pid_pos": [1.3789270624027854, 0.8011857846508864, 0.7796768130473745], "k_pid_alt": [0.8677761414187484, 0.39700774159061203, 0.2358936089008965], "k_pid_att": [3.07221053371578, 3.1751419210399807, 0.03754978591572844], "k_pid_yaw": [0.5, 1e-06, 0.1], "k_pid_hsp": [7.745647091453609, 0.4068312103424233, 0.3545525081159975], "k_pid_vsp": [170.34861658014876, 24.847384329342407, 1.6000163906089282]}, "datetime": {"datetime": "2025-08-13 23:35:13", "elapsed": 49641.44868373871, "delta": 30.709917783737183}, "costs": {"total_cost": 399.0847670447318, "time_cost": 86.863, "final_distance_cost": 1.7477614102399268, "oscillation_cost": 219.54266226080807, "completition_cost": 0.0, "overshoot_cost": 52.46546002918984, "power_cost": 14.553616674804688, "noise_cost": 23.91226666968925, "n_waypoints_completed": 9, "tot_waypoints": 9}}
{"target": -455.35615464356897, "params": {"k_pid_pos": [1.1619616140818265, 0.5685066330188374, 0.41277678386664485], "k_pid_alt": [0.3117620420471552, 0.0837327365584094, 0.6775115135879216], "k_pid_att": [19.990960709276962, 3.4464139353865515, 0.5235897226141574], "k_pid_yaw": [0.5, 1e-06, 0.1], "k_pid_hsp": [8.715883373497071, 0.485396740765764, 0.6805588971304162], "k_pid_vsp": [301.43296467578904, 329.04157810792765, 78.49870459553836]}, "datetime": {"datetime": "2025-08-13 23:35:51", "elapsed": 49679.73048496246, "delta": 38.28180122375488}, "costs": {"total_cost": 455.35615464356897, "time_cost": 92.589, "final_distance_cost": 1.7635091082791015, "oscillation_cost": 260.648218680817, "completition_cost": 0.0, "overshoot_cost": 52.6705591145315, "power_cost": 24.91737364501953, "noise_cost": 22.767494094921787, "n_waypoints_completed": 9, "tot_waypoints": 9}}
{"target": -326.8202136361813, "params": {"k_pid_pos": [1.2821317368591054, 0.06923008407142806, 0.9753487622493514], "k_pid_alt": [1.963936947765725, 0.9839690336939256, 0.6168307368791273], "k_pid_att": [13.746734245073998, 0.4508326682895477, 0.6780583382923804], "k_pid_yaw": [0.5, 1e-06, 0.1], "k_pid_hsp": [3.247805720948991, 0.11975046020176872, 0.1080644864730671], "k_pid_vsp": [319.9013113152218, 339.3738190380015, 100.16129023836936]}, "datetime": {"datetime": "2025-08-13 23:36:19", "elapsed": 49707.398465394974, "delta": 27.667980432510376}, "costs": {"total_cost": 326.8202136361813, "time_cost": 81.438, "final_distance_cost": 1.816310823852481, "oscillation_cost": 153.34494127802722, "completition_cost": 0.0, "overshoot_cost": 52.20991414507957, "power_cost": 19.307779223632814, "noise_cost": 18.703268165589225, "n_waypoints_completed": 9, "tot_waypoints": 9}}
{"target": -481.73539239948616, "params": {"k_pid_pos": [1.479718491423, 0.2985539218241876, 0.22466363130001232], "k_pid_alt": [0.16845755343096402, 0.707793037127001, 0.695812470147729], "k_pid_att": [8.38294998628223, 4.197886907758239, 0.2291287228716956], "k_pid_yaw": [0.5, 1e-06, 0.1], "k_pid_hsp": [8.448427742480739, 0.8049811178492113, 0.1646157093295968], "k_pid_vsp": [311.58169588074173, 334.070937788364, 106.99582844118976]}, "datetime": {"datetime": "2025-08-13 23:36:56", "elapsed": 49744.79581642151, "delta": 37.397351026535034}, "costs": {"total_cost": 481.73539239948616, "time_cost": 112.56, "final_distance_cost": 1.7937535451639106, "oscillation_cost": 234.05799087507637, "completition_cost": 0.0, "overshoot_cost": 63.405278865691855, "power_cost": 37.34374333496094, "noise_cost": 32.57462577859311, "n_waypoints_completed": 9, "tot_waypoints": 9}}
{"target": -346.35636909715214, "params": {"k_pid_pos": [1.095067606812139, 0.48957963860500786, 0.6963387429515357], "k_pid_alt": [1.644635199266357, 0.8235503456457295, 0.5319665229547424], "k_pid_att": [12.467271325709122, 2.732091124769078, 0.680507678891674], "k_pid_yaw": [0.5, 1e-06, 0.1], "k_pid_hsp": [7.910489801167324, 0.8530697081043274, 0.3521202854894298], "k_pid_vsp": [305.1707494492645, 308.8290733679888, 111.28840683789345]}, "datetime": {"datetime": "2025-08-13 23:37:25", "elapsed": 49773.35554766655, "delta": 28.559731245040894}, "costs": {"total_cost": 346.35636909715214, "time_cost": 83.867, "final_distance_cost": 1.734906029967057, "oscillation_cost": 166.73184518690437, "completition_cost": 0.0, "overshoot_cost": 52.46390781114747, "power_cost": 21.805951196289065, "noise_cost": 19.752758872844144, "n_waypoints_completed": 9, "tot_waypoints": 9}}
