{"target": -202.79065746888938, "params": {"k_pid_pos": [0.49275800590297264, 0.18848155022322047, 0.17888737446852812], "k_pid_alt": [1.515427128667956, 0.0, 0.949345597264735], "k_pid_att": [39.447728079683905, 3.8677381495188174, 0.1845336041603497], "k_pid_yaw": [0.5, 1e-06, 0.1], "k_pid_hsp": [0.09847755819799779, 0.011264223901387349, 0.0], "k_pid_vsp": [194.7624155113164, 20.0, 10.0]}, "datetime": {"datetime": "2025-08-13 09:48:14", "elapsed": 22.13941478729248, "delta": 22.13941478729248}, "costs": {"total_cost": 202.79065746888938, "time_cost": 82.313, "final_distance_cost": 1.8083021649804414, "oscillation_cost": 22.17823667825956, "completition_cost": 0.0, "overshoot_cost": 52.30376473391661, "power_cost": 22.35305476074219, "noise_cost": 21.83429913099057, "n_waypoints_completed": 9, "tot_waypoints": 9}}
{"target": -1835.1514721734668, "params": {"k_pid_pos": [0.9592078511211617, 0.30947606938052086, 0.022010012653043254], "k_pid_alt": [0.011903017108408687, 0.6543344691895749, 0.0037200501776830652], "k_pid_att": [36.775820816653024, 4.4545654502190715, 0.2607068752846412], "k_pid_yaw": [0.5, 1e-06, 0.1], "k_pid_hsp": [9.023965393735624, 0.14135625151309694, 0.7623107354766075], "k_pid_vsp": [240.24551479244187, 79.63106242365723, 288.41790454790697]}, "datetime": {"datetime": "2025-08-13 09:48:43", "elapsed": 51.79228973388672, "delta": 29.65287494659424}, "costs": {"total_cost": 1835.1514721734668, "time_cost": 150, "final_distance_cost": 83.81082929536565, "oscillation_cost": 691.8756628570096, "completition_cost": 777.7777777777778, "overshoot_cost": 55.516848760836446, "power_cost": 43.64017312011719, "noise_cost": 32.530180362360085, "n_waypoints_completed": 2, "tot_waypoints": 9}}
{"target": -2019.6423055254052, "params": {"k_pid_pos": [1.5293288824030087, 0.23420231141849068, 0.8402966326963981], "k_pid_alt": [1.7994674832841033, 0.9361116305533098, 0.8559273951996682], "k_pid_att": [21.117719718282203, 7.001649714987557, 0.2461568169481132], "k_pid_yaw": [0.5, 1e-06, 0.1], "k_pid_hsp": [7.40046948075352, 0.4353471680098302, 0.7453145986603888], "k_pid_vsp": [153.36509435340835, 41.785948914049044, 349.0906483372124]}, "datetime": {"datetime": "2025-08-13 09:49:12", "elapsed": 80.84768986701965, "delta": 29.055400133132935}, "costs": {"total_cost": 2019.6423055254052, "time_cost": 150, "final_distance_cost": 51.60137000474259, "oscillation_cost": 669.2042357271109, "completition_cost": 888.8888888888888, "overshoot_cost": 134.08254643085752, "power_cost": 33.54422222900391, "noise_cost": 92.3210422448015, "n_waypoints_completed": 1, "tot_waypoints": 9}}
{"target": -1297.9060981036832, "params": {"k_pid_pos": [0.0001, 0.0, 0.0], "k_pid_alt": [2.0, 0.0, 1.0], "k_pid_att": [100.0, 0.0001, 0.0], "k_pid_yaw": [0.5, 1e-06, 0.1], "k_pid_hsp": [0.0001, 0.0, 0.0], "k_pid_vsp": [15.258963927285397, 1e-06, 1e-06]}, "datetime": {"datetime": "2025-08-13 09:49:45", "elapsed": 113.0698549747467, "delta": 32.22216510772705}, "costs": {"total_cost": 1297.9060981036832, "time_cost": 150, "final_distance_cost": 45.339589345063885, "oscillation_cost": 7.205683498216721, "completition_cost": 1000.0, "overshoot_cost": 40.84055266975212, "power_cost": 20.934834814453126, "noise_cost": 33.585437776197544, "n_waypoints_completed": 0, "tot_waypoints": 9}}
{"target": -1292.4722251575752, "params": {"k_pid_pos": [0.0001, 0.0, 0.0], "k_pid_alt": [2.0, 0.0, 1.0], "k_pid_att": [14.868233625394653, 0.0001, 0.000927079158732337], "k_pid_yaw": [0.5, 1e-06, 0.1], "k_pid_hsp": [0.0001, 0.0, 0.0], "k_pid_vsp": [312.6890871065918, 1e-06, 1e-06]}, "datetime": {"datetime": "2025-08-13 09:50:27", "elapsed": 155.50666642189026, "delta": 42.436811447143555}, "costs": {"total_cost": 1292.4722251575752, "time_cost": 150, "final_distance_cost": 46.0084389865186, "oscillation_cost": 11.060259751137156, "completition_cost": 1000.0, "overshoot_cost": 35.77641065593862, "power_cost": 17.632072973632813, "noise_cost": 31.995042790347902, "n_waypoints_completed": 0, "tot_waypoints": 9}}
{"target": -1465.6929155605142, "params": {"k_pid_pos": [2.0, 0.8511290913740661, 0.8031447439036581], "k_pid_alt": [0.0, 0.0, 0.9453029744450141], "k_pid_att": [16.440894053091817, 10.0, 0.8551033710844773], "k_pid_yaw": [0.5, 1e-06, 0.1], "k_pid_hsp": [0.0001, 0.0, 0.0], "k_pid_vsp": [159.24994634111093, 81.02743404212043, 1e-06]}, "datetime": {"datetime": "2025-08-13 09:51:00", "elapsed": 188.49014806747437, "delta": 32.983481645584106}, "costs": {"total_cost": 1465.6929155605142, "time_cost": 150, "final_distance_cost": 6.534611639181696, "oscillation_cost": 0.004964869259062984, "completition_cost": 1000.0, "overshoot_cost": 164.26029538146602, "power_cost": 9.914532495117188, "noise_cost": 134.97851117549024, "n_waypoints_completed": 0, "tot_waypoints": 9}}
{"target": -1840.4738225526432, "params": {"k_pid_pos": [1.4565556158872246, 0.5534361659360082, 0.5248409479149984], "k_pid_alt": [0.6416033860259611, 0.7023384308547999, 0.5027453965774651], "k_pid_att": [46.11244348172271, 6.607830799210028, 0.26154383341828236], "k_pid_yaw": [0.5, 1e-06, 0.1], "k_pid_hsp": [0.6505815699064355, 0.9283029623856078, 0.9284101248435258], "k_pid_vsp": [193.4768253609605, 37.316956562099, 6.330515847797839]}, "datetime": {"datetime": "2025-08-13 09:51:31", "elapsed": 219.18627882003784, "delta": 30.696130752563477}, "costs": {"total_cost": 1840.4738225526432, "time_cost": 150, "final_distance_cost": 56.54314758486106, "oscillation_cost": 765.1027864515643, "completition_cost": 666.6666666666667, "overshoot_cost": 132.19639941431439, "power_cost": 37.92710632324219, "noise_cost": 32.03771611199449, "n_waypoints_completed": 3, "tot_waypoints": 9}}
{"target": -1193.3238189775984, "params": {"k_pid_pos": [0.1376790915634995, 0.8883651111539059, 0.16829140522092745], "k_pid_alt": [1.5852300217198165, 0.5059599244082891, 0.7182712617379386], "k_pid_att": [26.157630104782537, 2.6191015900081958, 0.09142545581878425], "k_pid_yaw": [0.5, 1e-06, 0.1], "k_pid_hsp": [3.7896678557408783, 0.017096470231435346, 0.10693119591062217], "k_pid_vsp": [349.53182345731426, 96.43806732220479, 164.11597204985796]}, "datetime": {"datetime": "2025-08-13 09:52:00", "elapsed": 248.82890129089355, "delta": 29.642622470855713}, "costs": {"total_cost": 1193.3238189775984, "time_cost": 150, "final_distance_cost": 47.58989744320552, "oscillation_cost": 204.87863905890737, "completition_cost": 666.6666666666667, "overshoot_cost": 60.81854980874051, "power_cost": 34.29067088623047, "noise_cost": 29.079395113847742, "n_waypoints_completed": 3, "tot_waypoints": 9}}
{"target": -1528.698782866816, "params": {"k_pid_pos": [0.0903276794038272, 0.053304705259934915, 0.734736049438097], "k_pid_alt": [1.46402757935437, 0.9715018467128733, 0.8607684591215954], "k_pid_att": [32.490704590519684, 3.268637245365134, 0.9668101473077482], "k_pid_yaw": [0.5, 1e-06, 0.1], "k_pid_hsp": [8.535995192672141, 0.020437149272407362, 0.1045508897007974], "k_pid_vsp": [349.1830380586167, 98.08658032017969, 163.9071081021066]}, "datetime": {"datetime": "2025-08-13 09:52:33", "elapsed": 281.6862051486969, "delta": 32.857303857803345}, "costs": {"total_cost": 1528.698782866816, "time_cost": 150, "final_distance_cost": 54.681879752150735, "oscillation_cost": 527.2223380842638, "completition_cost": 666.6666666666667, "overshoot_cost": 78.58721640517594, "power_cost": 25.75113446044922, "noise_cost": 25.78954749810944, "n_waypoints_completed": 3, "tot_waypoints": 9}}
{"target": -410.1994076778281, "params": {"k_pid_pos": [1.2613387295758745, 0.8233513268041952, 0.48361489262304813], "k_pid_alt": [1.7452003364951232, 0.7313876634946792, 0.653323327657199], "k_pid_att": [66.03849137556253, 9.219847704523474, 0.639400191046904], "k_pid_yaw": [0.5, 1e-06, 0.1], "k_pid_hsp": [1.6512271416974127, 0.7200562735575905, 0.3384095974802087], "k_pid_vsp": [77.40934305632017, 351.4276889520915, 47.54572590934595]}, "datetime": {"datetime": "2025-08-13 09:53:03", "elapsed": 311.72044134140015, "delta": 30.034236192703247}, "costs": {"total_cost": 410.1994076778281, "time_cost": 96.019, "final_distance_cost": 1.7518205554063364, "oscillation_cost": 198.85790853448353, "completition_cost": 0.0, "overshoot_cost": 54.47209724247327, "power_cost": 33.39332237548828, "noise_cost": 25.70525896997668, "n_waypoints_completed": 9, "tot_waypoints": 9}}
{"target": -2126.2587573344695, "params": {"k_pid_pos": [0.009160254537273016, 0.22510502084077022, 0.2596746162931758], "k_pid_alt": [0.055180782298061226, 0.7121532245376846, 0.9177907399420355], "k_pid_att": [40.75585153265004, 2.9474791945608705, 0.622283987500532], "k_pid_yaw": [0.5, 1e-06, 0.1], "k_pid_hsp": [9.847643461427124, 0.5627970318368876, 0.47617639982447035], "k_pid_vsp": [19.306287316669078, 212.4417528632926, 209.55410671048355]}, "datetime": {"datetime": "2025-08-13 09:53:35", "elapsed": 343.3557891845703, "delta": 31.635347843170166}, "costs": {"total_cost": 2126.2587573344695, "time_cost": 150, "final_distance_cost": 208.74191057867506, "oscillation_cost": 614.8985418833886, "completition_cost": 888.8888888888888, "overshoot_cost": 188.59840474138895, "power_cost": 33.554514941406254, "noise_cost": 41.57649630072184, "n_waypoints_completed": 1, "tot_waypoints": 9}}
{"target": -1446.496829359628, "params": {"k_pid_pos": [0.28063329309393054, 0.8133371064423325, 0.9552483703743988], "k_pid_alt": [0.5424747967365002, 0.6923130448537861, 0.8302577095328468], "k_pid_att": [34.95168720680811, 7.223970344291264, 0.13204237176970413], "k_pid_yaw": [0.5, 1e-06, 0.1], "k_pid_hsp": [4.40526911364868, 0.873246751608026, 0.5282258225853143], "k_pid_vsp": [369.35130073509384, 84.41332213250087, 100.73367933812794]}, "datetime": {"datetime": "2025-08-13 09:54:13", "elapsed": 381.6657259464264, "delta": 38.30993676185608}, "costs": {"total_cost": 1446.496829359628, "time_cost": 150, "final_distance_cost": 55.163278095315505, "oscillation_cost": 463.0303888639577, "completition_cost": 666.6666666666667, "overshoot_cost": 48.31459053198788, "power_cost": 33.37394527587891, "noise_cost": 29.947959925821422, "n_waypoints_completed": 3, "tot_waypoints": 9}}
{"target": -1082.4346654737606, "params": {"k_pid_pos": [1.8400505979577526, 0.5567856898582751, 0.4901521701548319], "k_pid_alt": [0.9478956415658082, 0.5911580094631637, 0.49308084525713924], "k_pid_att": [90.0233097786383, 8.612636589400955, 0.9964846763814961], "k_pid_yaw": [0.5, 1e-06, 0.1], "k_pid_hsp": [4.464579464363195, 0.10893618085794077, 0.4220459942995859], "k_pid_vsp": [291.03290651902046, 290.5149559718154, 367.77321856370935]}, "datetime": {"datetime": "2025-08-13 09:54:44", "elapsed": 412.7291214466095, "delta": 31.063395500183105}, "costs": {"total_cost": 1082.4346654737606, "time_cost": 150, "final_distance_cost": 73.16553369284786, "oscillation_cost": 498.40032800619315, "completition_cost": 222.2222222222222, "overshoot_cost": 76.65187715642753, "power_cost": 33.699074035644536, "noise_cost": 28.295630360425285, "n_waypoints_completed": 7, "tot_waypoints": 9}}
{"target": -957.7928246657934, "params": {"k_pid_pos": [0.1853567600110307, 0.7916466959563734, 0.01904900129859599], "k_pid_alt": [1.797433506847196, 0.3164822062291561, 0.8829954157102703], "k_pid_att": [7.533123878688941, 7.518301109055417, 0.6833437284789708], "k_pid_yaw": [0.5, 1e-06, 0.1], "k_pid_hsp": [2.2711364753304504, 0.6281738765545961, 0.4235097339517514], "k_pid_vsp": [294.49180106225833, 351.02931719757595, 97.54055734495267]}, "datetime": {"datetime": "2025-08-13 09:55:16", "elapsed": 444.06217908859253, "delta": 31.333057641983032}, "costs": {"total_cost": 957.7928246657934, "time_cost": 150, "final_distance_cost": 55.20605807548971, "oscillation_cost": 161.08993902479529, "completition_cost": 444.4444444444444, "overshoot_cost": 68.60411234624964, "power_cost": 45.02422108154297, "noise_cost": 33.424049693271456, "n_waypoints_completed": 5, "tot_waypoints": 9}}
{"target": -280.23023744745484, "params": {"k_pid_pos": [0.9187694895270274, 0.12506086580863252, 0.25465833760796097], "k_pid_alt": [0.25651609830927735, 0.18014521546991014, 0.5999944396284104], "k_pid_att": [3.7365213403351527, 2.051564100539974, 0.33716349957288916], "k_pid_yaw": [0.5, 1e-06, 0.1], "k_pid_hsp": [8.241696567112411, 0.405875459838398, 0.07947547794480125], "k_pid_vsp": [261.62800795162934, 271.94065802648515, 39.42295921510891]}, "datetime": {"datetime": "2025-08-13 09:55:38", "elapsed": 466.8363287448883, "delta": 22.774149656295776}, "costs": {"total_cost": 280.23023744745484, "time_cost": 88.69, "final_distance_cost": 1.7689351628680565, "oscillation_cost": 91.2750634509952, "completition_cost": 0.0, "overshoot_cost": 54.68603357179029, "power_cost": 22.2750404296875, "noise_cost": 21.535164832113786, "n_waypoints_completed": 9, "tot_waypoints": 9}}
{"target": -918.5311849611438, "params": {"k_pid_pos": [0.6197266692744366, 0.02193440914944067, 0.44563442782357787], "k_pid_alt": [0.05842350304153898, 0.34271899273842077, 0.9911851979851526], "k_pid_att": [1.2706548423407016, 0.5129212895357296, 0.49207202535592776], "k_pid_yaw": [0.5, 1e-06, 0.1], "k_pid_hsp": [1.5469984801982237, 0.983358410323474, 0.3082034604425795], "k_pid_vsp": [100.45102739656926, 349.6188876510427, 165.64232407944826]}, "datetime": {"datetime": "2025-08-13 09:56:09", "elapsed": 497.46060585975647, "delta": 30.624277114868164}, "costs": {"total_cost": 918.5311849611438, "time_cost": 150, "final_distance_cost": 45.82702465010963, "oscillation_cost": 133.89567943044148, "completition_cost": 444.4444444444444, "overshoot_cost": 72.46768204078245, "power_cost": 35.326333203125, "noise_cost": 36.57002119224082, "n_waypoints_completed": 5, "tot_waypoints": 9}}
{"target": -880.3786945406122, "params": {"k_pid_pos": [0.8701325164051292, 0.811431853254621, 0.21660606242292724], "k_pid_alt": [1.2910475119271547, 0.5582427816465426, 0.6079980304256681], "k_pid_att": [44.52820208261754, 3.6284501688365878, 0.7166470052988253], "k_pid_yaw": [0.5, 1e-06, 0.1], "k_pid_hsp": [3.7740445451021083, 0.7109937819401078, 0.9795185652707281], "k_pid_vsp": [50.80153488691788, 121.31651321518737, 101.71794157212592]}, "datetime": {"datetime": "2025-08-13 09:56:38", "elapsed": 526.0398581027985, "delta": 28.579252243041992}, "costs": {"total_cost": 880.3786945406122, "time_cost": 150, "final_distance_cost": 52.37359108588198, "oscillation_cost": 199.58005167873588, "completition_cost": 333.33333333333337, "overshoot_cost": 66.82569813109501, "power_cost": 42.904217797851565, "noise_cost": 35.36180251371441, "n_waypoints_completed": 6, "tot_waypoints": 9}}
{"target": -1099.5649075191618, "params": {"k_pid_pos": [0.5683616532567024, 0.9852278021892706, 0.351257162819126], "k_pid_alt": [0.6196276523260813, 0.22644493487646455, 0.7528194021266114], "k_pid_att": [54.86128205657004, 5.617548416988487, 0.3594242343957035], "k_pid_yaw": [0.5, 1e-06, 0.1], "k_pid_hsp": [8.871129217022473, 0.433065711469207, 0.12748618870063755], "k_pid_vsp": [350.0214279941717, 243.20786920494928, 332.3066740225852]}, "datetime": {"datetime": "2025-08-13 09:57:06", "elapsed": 554.7681751251221, "delta": 28.72831702232361}, "costs": {"total_cost": 1099.5649075191618, "time_cost": 150, "final_distance_cost": 75.63764504145077, "oscillation_cost": 419.80559123750345, "completition_cost": 333.33333333333337, "overshoot_cost": 51.806017536972035, "power_cost": 39.06098355712891, "noise_cost": 29.921336812773575, "n_waypoints_completed": 6, "tot_waypoints": 9}}
{"target": -591.5385320149983, "params": {"k_pid_pos": [1.9292125655122736, 0.3413470391411828, 0.18257140535374383], "k_pid_alt": [1.1394677453475266, 0.1774545238632078, 0.9681861786138667], "k_pid_att": [40.39146371917639, 8.2375468082968, 0.043171127248311736], "k_pid_yaw": [0.5, 1e-06, 0.1], "k_pid_hsp": [3.8769501833334012, 0.5554920838748287, 0.08403783706274537], "k_pid_vsp": [28.202258669583724, 391.11646772604036, 57.77511220000091]}, "datetime": {"datetime": "2025-08-13 09:57:31", "elapsed": 579.5902297496796, "delta": 24.822054624557495}, "costs": {"total_cost": 591.5385320149983, "time_cost": 104.93, "final_distance_cost": 1.7619063930521437, "oscillation_cost": 364.4832901965781, "completition_cost": 0.0, "overshoot_cost": 55.452438954326446, "power_cost": 37.06951970214844, "noise_cost": 27.84137676889311, "n_waypoints_completed": 9, "tot_waypoints": 9}}
{"target": -508.5639146098608, "params": {"k_pid_pos": [1.4555402262922847, 1.0, 0.5789132159561944], "k_pid_alt": [1.9073306433809476, 0.6907789112798716, 0.8176329015684378], "k_pid_att": [69.18883062775686, 9.817099934174333, 0.67467368148258], "k_pid_yaw": [0.5, 1e-06, 0.1], "k_pid_hsp": [1.9154377500170183, 0.7770548983549763, 0.20500571230661085], "k_pid_vsp": [76.29170324356711, 348.1036636240307, 49.4720137634373]}, "datetime": {"datetime": "2025-08-13 09:57:56", "elapsed": 604.469268321991, "delta": 24.8790385723114}, "costs": {"total_cost": 508.5639146098608, "time_cost": 104.706, "final_distance_cost": 1.7346844198317684, "oscillation_cost": 285.737213252286, "completition_cost": 0.0, "overshoot_cost": 60.3181757068692, "power_cost": 30.381971252441407, "noise_cost": 25.685869978432446, "n_waypoints_completed": 9, "tot_waypoints": 9}}
{"target": -516.1262144858146, "params": {"k_pid_pos": [1.6691739363768894, 0.11278518930319548, 0.3388970795311753], "k_pid_alt": [1.6007041612309134, 0.43346191358839037, 0.05336492250835234], "k_pid_att": [37.94805369644947, 9.77587944713337, 0.321815243077455], "k_pid_yaw": [0.5, 1e-06, 0.1], "k_pid_hsp": [6.084266758703041, 0.02143727009945018, 0.16983086964692373], "k_pid_vsp": [188.02093126363917, 13.18970432082333, 10.36518412048971]}, "datetime": {"datetime": "2025-08-13 09:58:15", "elapsed": 623.8784880638123, "delta": 19.40921974182129}, "costs": {"total_cost": 516.1262144858146, "time_cost": 78.82000000000001, "final_distance_cost": 1.774138487315428, "oscillation_cost": 340.08752297997734, "completition_cost": 0.0, "overshoot_cost": 52.84089459479994, "power_cost": 21.00337850341797, "noise_cost": 21.600279920303866, "n_waypoints_completed": 9, "tot_waypoints": 9}}
{"target": -1142.4779586556106, "params": {"k_pid_pos": [0.7586957780787551, 0.863967387548725, 0.9341704372667771], "k_pid_alt": [1.006288960737915, 0.7230656159580992, 0.4019551024942263], "k_pid_att": [34.825187622925625, 6.995111134826099, 0.037312149927766436], "k_pid_yaw": [0.5, 1e-06, 0.1], "k_pid_hsp": [7.885972532389907, 0.9158783897607115, 0.962404725037568], "k_pid_vsp": [202.8129880738384, 20.27028950850524, 6.4470653154993975]}, "datetime": {"datetime": "2025-08-13 09:58:44", "elapsed": 652.3243627548218, "delta": 28.44587469100952}, "costs": {"total_cost": 1142.4779586556106, "time_cost": 150, "final_distance_cost": 77.26521397440733, "oscillation_cost": 451.9467855534736, "completition_cost": 333.33333333333337, "overshoot_cost": 54.37394791042565, "power_cost": 41.222045458984375, "noise_cost": 34.336632424986234, "n_waypoints_completed": 6, "tot_waypoints": 9}}
{"target": -5152.988471275687, "params": {"k_pid_pos": [0.7017003905300618, 0.6394559245719394, 0.5916666396596846], "k_pid_alt": [1.3692035415296953, 0.6089845186006196, 0.12020435279382469], "k_pid_att": [0.004525760311191451, 8.386144507463193, 0.681512231417418], "k_pid_yaw": [0.5, 1e-06, 0.1], "k_pid_hsp": [8.247020465313598, 0.48439234246007623, 0.4965797448701422], "k_pid_vsp": [257.898084143214, 263.302295477593, 38.22959136987325]}, "datetime": {"datetime": "2025-08-13 09:59:12", "elapsed": 680.8420341014862, "delta": 28.51767134666443}, "costs": {"total_cost": 5152.988471275687, "time_cost": 150, "final_distance_cost": 815.5853354756861, "oscillation_cost": 1405.4932006440702, "completition_cost": 1000.0, "overshoot_cost": 1569.3977829392397, "power_cost": 53.783388684082034, "noise_cost": 158.72876353260864, "n_waypoints_completed": 0, "tot_waypoints": 9}}
{"target": -392.0855205524652, "params": {"k_pid_pos": [1.5056928259416913, 0.21042963788513835, 0.34358407195144725], "k_pid_alt": [1.8051838221362138, 0.5830662106151089, 0.38489765586477265], "k_pid_att": [41.156628518481895, 1.0026298096417112, 0.8535585733126452], "k_pid_yaw": [0.5, 1e-06, 0.1], "k_pid_hsp": [0.8350085273823828, 0.8889265632956183, 0.22818035983655416], "k_pid_vsp": [203.82350160610753, 16.832966004398184, 15.32819341202452]}, "datetime": {"datetime": "2025-08-13 09:59:36", "elapsed": 704.0646224021912, "delta": 23.222588300704956}, "costs": {"total_cost": 392.0855205524652, "time_cost": 100.408, "final_distance_cost": 1.7603862438857767, "oscillation_cost": 179.03044930535, "completition_cost": 0.0, "overshoot_cost": 57.76636394061106, "power_cost": 27.222368994140627, "noise_cost": 25.897952068477654, "n_waypoints_completed": 9, "tot_waypoints": 9}}
{"target": -266.57114235045003, "params": {"k_pid_pos": [1.0124756252001492, 0.9728766104092251, 0.835569827224019], "k_pid_alt": [1.3547992386074998, 0.2676408477515666, 0.9926994770699061], "k_pid_att": [43.370682843782916, 9.930049252773772, 0.5344111288068568], "k_pid_yaw": [0.5, 1e-06, 0.1], "k_pid_hsp": [1.616006378472932, 0.88861988855244, 0.019979585823230894], "k_pid_vsp": [202.59629447426448, 21.085676517731684, 4.9590114525221844]}, "datetime": {"datetime": "2025-08-13 09:59:59", "elapsed": 727.2979345321655, "delta": 23.233312129974365}, "costs": {"total_cost": 266.57114235045003, "time_cost": 93.97500000000001, "final_distance_cost": 1.8113471967139962, "oscillation_cost": 73.8031048988135, "completition_cost": 0.0, "overshoot_cost": 51.17486696523577, "power_cost": 19.21213927001953, "noise_cost": 26.594684019667213, "n_waypoints_completed": 9, "tot_waypoints": 9}}
