{"target": -1237.685457930306, "params": {"k_pid_pos": [0.4251809242223302, 0.9304711013804738, 0.35672633648827146], "k_pid_alt": [0.7340891974539732, 0.34585318146953814, 0.9301721154853236], "k_pid_att": [30.73483847310835, 2.1614491163917884, 0.8979180860249854], "k_pid_yaw": [0.5, 1e-06, 0.1], "k_pid_hsp": [0.12539386117060722, 0.9434550886238332, 0.8978721329774576], "k_pid_vsp": [191.99869964389507, 15.154765115805835, 11.748774023346131]}, "datetime": {"datetime": "2025-08-14 06:36:00", "elapsed": 74888.80446243286, "delta": 49.974650382995605}, "costs": {"total_cost": 1237.685457930306, "time_cost": 150, "final_distance_cost": 43.82214541237077, "oscillation_cost": 299.392482506174, "completition_cost": 555.5555555555555, "overshoot_cost": 124.5995158188815, "power_cost": 33.60611047363282, "noise_cost": 30.70964816369166, "n_waypoints_completed": 4, "tot_waypoints": 9}}
{"target": -1217.4518184646838, "params": {"k_pid_pos": [0.15605956776085472, 0.9618690992984948, 0.1244284598924632], "k_pid_alt": [0.4449269163328615, 0.9363043125846141, 0.7610392252718904], "k_pid_att": [29.31655755665341, 7.324731387006167, 0.9006218911404127], "k_pid_yaw": [0.5, 1e-06, 0.1], "k_pid_hsp": [8.503687383383468, 0.9337659636218506, 0.8969968949495742], "k_pid_vsp": [156.21568167609996, 18.045326147206648, 12.205148160443242]}, "datetime": {"datetime": "2025-08-14 06:36:43", "elapsed": 74931.86966109276, "delta": 43.06519865989685}, "costs": {"total_cost": 1217.4518184646838, "time_cost": 150, "final_distance_cost": 49.125970163529765, "oscillation_cost": 224.65553214394376, "completition_cost": 666.6666666666667, "overshoot_cost": 71.41734852493009, "power_cost": 24.09735535888672, "noise_cost": 31.488945606726958, "n_waypoints_completed": 3, "tot_waypoints": 9}}
{"target": -1654.2228155566436, "params": {"k_pid_pos": [0.05940503541022126, 0.05189853584978754, 0.14396676747779447], "k_pid_alt": [1.4079493011706987, 0.4727300155379328, 0.6226534751299533], "k_pid_att": [21.46809191213204, 6.573966019781335, 0.11370396347526157], "k_pid_yaw": [0.5, 1e-06, 0.1], "k_pid_hsp": [3.182955610064414, 0.891817153839089, 0.3818155811252054], "k_pid_vsp": [166.70605184427333, 27.929337755835583, 26.51999834096639]}, "datetime": {"datetime": "2025-08-14 06:37:31", "elapsed": 74979.63302588463, "delta": 47.76336479187012}, "costs": {"total_cost": 1654.2228155566436, "time_cost": 150, "final_distance_cost": 53.061613708532434, "oscillation_cost": 653.5503273075416, "completition_cost": 666.6666666666667, "overshoot_cost": 74.69294087899311, "power_cost": 28.588327551269533, "noise_cost": 27.662939443640237, "n_waypoints_completed": 3, "tot_waypoints": 9}}
{"target": -752.86493173004, "params": {"k_pid_pos": [0.5141520993747732, 0.9122613905007251, 0.653825174112275], "k_pid_alt": [1.5221092315766813, 0.7778003438468938, 0.6529082682331173], "k_pid_att": [24.67288450092765, 4.603436432267721, 0.11203282993996744], "k_pid_yaw": [0.5, 1e-06, 0.1], "k_pid_hsp": [4.5587221190942735, 0.6324427623260993, 0.8757063020185248], "k_pid_vsp": [309.53175580664026, 340.6282232952584, 128.55994216958265]}, "datetime": {"datetime": "2025-08-14 06:38:15", "elapsed": 75022.98186707497, "delta": 43.348841190338135}, "costs": {"total_cost": 752.86493173004, "time_cost": 150, "final_distance_cost": 41.81190025448275, "oscillation_cost": 311.6785761888706, "completition_cost": 111.11111111111116, "overshoot_cost": 69.8642062879615, "power_cost": 37.190681372070316, "noise_cost": 31.20845651554371, "n_waypoints_completed": 8, "tot_waypoints": 9}}
{"target": -1384.9410102763136, "params": {"k_pid_pos": [0.08075500283363206, 0.2765281135123312, 0.7839140296279831], "k_pid_alt": [0.3967279399129331, 0.3221662106155232, 0.7949749166433216], "k_pid_att": [16.895704227309693, 1.395171304017812, 0.1596550063275527], "k_pid_yaw": [0.5, 1e-06, 0.1], "k_pid_hsp": [8.946667665275553, 0.29059570932908096, 0.20604102955488368], "k_pid_vsp": [247.15124200457956, 261.1850049657636, 56.18369486768461]}, "datetime": {"datetime": "2025-08-14 06:39:02", "elapsed": 75070.82922029495, "delta": 47.84735321998596}, "costs": {"total_cost": 1384.9410102763136, "time_cost": 150, "final_distance_cost": 45.08927441931758, "oscillation_cost": 500.26612624748844, "completition_cost": 555.5555555555555, "overshoot_cost": 68.99860626642307, "power_cost": 33.90822420654297, "noise_cost": 31.123223580985666, "n_waypoints_completed": 4, "tot_waypoints": 9}}
{"target": -816.5691539582771, "params": {"k_pid_pos": [0.49839296493479474, 0.9667106411473237, 0.06666058390842966], "k_pid_alt": [0.5527232232785366, 0.16093314271768966, 0.33619794316329643], "k_pid_att": [18.08504413031551, 0.8045521166585949, 0.4234217345562923], "k_pid_yaw": [0.5, 1e-06, 0.1], "k_pid_hsp": [0.5426847877294267, 0.09161441845637341, 0.1169221166642338], "k_pid_vsp": [271.04096687528755, 264.6748361120802, 30.181000701739656]}, "datetime": {"datetime": "2025-08-14 06:39:56", "elapsed": 75124.01392269135, "delta": 53.18470239639282}, "costs": {"total_cost": 816.5691539582771, "time_cost": 150, "final_distance_cost": 83.2574527227954, "oscillation_cost": 112.55846686704562, "completition_cost": 333.33333333333337, "overshoot_cost": 71.28325643508548, "power_cost": 34.65863024902344, "noise_cost": 31.478014350993767, "n_waypoints_completed": 6, "tot_waypoints": 9}}
{"target": -353.15856979661453, "params": {"k_pid_pos": [1.5892015474465453, 0.803049277091036, 0.9385670027282172], "k_pid_alt": [1.1767294573695706, 0.9652329615700959, 0.07616608405542591], "k_pid_att": [11.338059090785457, 4.510087931130296, 0.8870443198730278], "k_pid_yaw": [0.5, 1e-06, 0.1], "k_pid_hsp": [7.342567746450139, 0.19346689852333887, 0.5225840835711895], "k_pid_vsp": [200.89471772824504, 294.35958490160994, 13.370699089186987]}, "datetime": {"datetime": "2025-08-14 06:40:38", "elapsed": 75166.44253468513, "delta": 42.42861199378967}, "costs": {"total_cost": 353.15856979661453, "time_cost": 91.875, "final_distance_cost": 1.7711054344382262, "oscillation_cost": 159.93242653418721, "completition_cost": 0.0, "overshoot_cost": 54.50457714009827, "power_cost": 22.939653344726565, "noise_cost": 22.135807343164306, "n_waypoints_completed": 9, "tot_waypoints": 9}}
{"target": -937.3506760579505, "params": {"k_pid_pos": [0.5119429576713185, 0.814303230251882, 0.3852795859881283], "k_pid_alt": [0.02402508190032071, 0.34382927285865394, 0.13610059200311997], "k_pid_att": [6.1128493642285004, 0.8718256084399977, 0.9012380510855704], "k_pid_yaw": [0.5, 1e-06, 0.1], "k_pid_hsp": [5.1022345949475145, 0.5125161838591692, 0.30449778097319524], "k_pid_vsp": [300.6197314866486, 332.1012692748006, 102.24772254607788]}, "datetime": {"datetime": "2025-08-14 06:41:21", "elapsed": 75209.1781334877, "delta": 42.73559880256653}, "costs": {"total_cost": 937.3506760579505, "time_cost": 150, "final_distance_cost": 53.46939170184192, "oscillation_cost": 154.68302017107195, "completition_cost": 444.4444444444444, "overshoot_cost": 60.143954970666265, "power_cost": 41.038619213867186, "noise_cost": 33.57124555605882, "n_waypoints_completed": 5, "tot_waypoints": 9}}
{"target": -561.2029223648252, "params": {"k_pid_pos": [0.5945125204668674, 0.010436280372289386, 0.7687826268600383], "k_pid_alt": [0.31160548074140326, 0.8832800608169844, 0.6923008724630361], "k_pid_att": [14.08081352765066, 0.6763998669920326, 0.4331330979529876], "k_pid_yaw": [0.5, 1e-06, 0.1], "k_pid_hsp": [9.850805303391262, 0.6832831845156039, 0.5249001913218544], "k_pid_vsp": [194.0110872209201, 33.817930531739776, 3.5189301593878692]}, "datetime": {"datetime": "2025-08-14 06:42:02", "elapsed": 75250.37243914604, "delta": 41.194305658340454}, "costs": {"total_cost": 561.2029223648252, "time_cost": 107.87, "final_distance_cost": 1.8338255163753627, "oscillation_cost": 344.5052968995877, "completition_cost": 0.0, "overshoot_cost": 63.61915132812364, "power_cost": 16.493547338867188, "noise_cost": 26.881101281871338, "n_waypoints_completed": 9, "tot_waypoints": 9}}
{"target": -579.62217117504, "params": {"k_pid_pos": [0.9696902489778413, 0.924952445416185, 0.021374158774762675], "k_pid_alt": [1.0262498761581154, 0.3577070851504469, 0.2867012759597981], "k_pid_att": [5.445441649776528, 0.10130008898012964, 0.592086133983326], "k_pid_yaw": [0.5, 1e-06, 0.1], "k_pid_hsp": [9.239786712362301, 0.980069936561939, 0.9913127854953963], "k_pid_vsp": [319.679426094384, 346.34931596395904, 120.69285186263453]}, "datetime": {"datetime": "2025-08-14 06:42:50", "elapsed": 75298.60579323769, "delta": 48.23335409164429}, "costs": {"total_cost": 579.62217117504, "time_cost": 150, "final_distance_cost": 66.05829083366447, "oscillation_cost": 107.70775081416744, "completition_cost": 111.11111111111116, "overshoot_cost": 73.0869274723365, "power_cost": 39.462457861328126, "noise_cost": 32.19563308243219, "n_waypoints_completed": 8, "tot_waypoints": 9}}
{"target": -672.2434186091991, "params": {"k_pid_pos": [0.7956973837900285, 0.478395228170337, 0.6835966626558336], "k_pid_alt": [0.4304785006183178, 0.7248437792282227, 0.7512820782914545], "k_pid_att": [19.073245531481533, 4.724747659326234, 0.2383572751848395], "k_pid_yaw": [0.5, 1e-06, 0.1], "k_pid_hsp": [8.089205376997098, 0.038825375936220485, 0.13992237045394018], "k_pid_vsp": [323.761786635128, 329.6440107589562, 96.06854874575886]}, "datetime": {"datetime": "2025-08-14 06:43:33", "elapsed": 75341.14758777618, "delta": 42.541794538497925}, "costs": {"total_cost": 672.2434186091991, "time_cost": 113.785, "final_distance_cost": 1.8074253782546341, "oscillation_cost": 436.1574732768702, "completition_cost": 0.0, "overshoot_cost": 62.41149286062559, "power_cost": 29.53114450683594, "noise_cost": 28.550882586612794, "n_waypoints_completed": 9, "tot_waypoints": 9}}
{"target": -717.9897743058071, "params": {"k_pid_pos": [0.7830748212250764, 0.8962520280819876, 0.08362751857712836], "k_pid_alt": [1.287758883945602, 0.8363792337183105, 0.5067788868461476], "k_pid_att": [13.71297456064876, 7.038966430670099, 0.4784090321393486], "k_pid_yaw": [0.5, 1e-06, 0.1], "k_pid_hsp": [8.303265151855308, 0.3450006250711489, 0.9516463217315788], "k_pid_vsp": [254.56616580467778, 258.11725463113964, 65.4213485487296]}, "datetime": {"datetime": "2025-08-14 06:44:21", "elapsed": 75389.49836730957, "delta": 48.35077953338623}, "costs": {"total_cost": 717.9897743058071, "time_cost": 150, "final_distance_cost": 57.60476507783521, "oscillation_cost": 162.1333579650913, "completition_cost": 222.2222222222222, "overshoot_cost": 62.148703982487746, "power_cost": 33.59409766845703, "noise_cost": 30.286627389713605, "n_waypoints_completed": 7, "tot_waypoints": 9}}
{"target": -398.29539070204106, "params": {"k_pid_pos": [2.0, 0.0, 0.45768317485206983], "k_pid_alt": [1.5535554048864622, 0.44630040294578777, 0.783039057789959], "k_pid_att": [11.9505064784481, 7.313437169679713, 0.6652783133587715], "k_pid_yaw": [0.5, 1e-06, 0.1], "k_pid_hsp": [8.967183957424343, 0.6387961774745444, 0.526394359219159], "k_pid_vsp": [291.2864735324443, 273.07723189853004, 55.79791884968766]}, "datetime": {"datetime": "2025-08-14 06:45:05", "elapsed": 75433.4766638279, "delta": 43.978296518325806}, "costs": {"total_cost": 398.29539070204106, "time_cost": 85.58200000000001, "final_distance_cost": 1.7969903421135016, "oscillation_cost": 202.23263857753452, "completition_cost": 0.0, "overshoot_cost": 54.91805722416182, "power_cost": 29.77023708496094, "noise_cost": 23.995467473270264, "n_waypoints_completed": 9, "tot_waypoints": 9}}
{"target": -1220.82291723018, "params": {"k_pid_pos": [1.3079795397269227, 0.5509973905040887, 0.3922626765881032], "k_pid_alt": [0.5515294819946353, 0.4480797163798651, 0.272551718675749], "k_pid_att": [9.96247363612297, 5.3084005661340665, 0.36776023611949493], "k_pid_yaw": [0.5, 1e-06, 0.1], "k_pid_hsp": [0.48532129685325465, 0.9488409561789397, 0.9142032781228185], "k_pid_vsp": [173.65854004799323, 5.872374366805784, 23.565162086581438]}, "datetime": {"datetime": "2025-08-14 06:45:50", "elapsed": 75478.53133511543, "delta": 45.05467128753662}, "costs": {"total_cost": 1220.82291723018, "time_cost": 150, "final_distance_cost": 51.38386390076241, "oscillation_cost": 315.01962785422666, "completition_cost": 555.5555555555555, "overshoot_cost": 81.56815929347215, "power_cost": 34.98607071533203, "noise_cost": 32.309639910831535, "n_waypoints_completed": 4, "tot_waypoints": 9}}
{"target": -1319.5683562072886, "params": {"k_pid_pos": [0.17056947847273696, 0.4595738765925266, 0.17836064269171303], "k_pid_alt": [1.175547875250034, 0.27009569492522634, 0.04659096620289338], "k_pid_att": [45.82790501969713, 1.2406614489684262, 0.5008207392712378], "k_pid_yaw": [0.5, 1e-06, 0.1], "k_pid_hsp": [5.448435730603218, 0.029785921816508076, 0.9377130630262468], "k_pid_vsp": [99.091363832088, 364.27642758437804, 40.507824144909385]}, "datetime": {"datetime": "2025-08-14 06:46:35", "elapsed": 75523.45245885849, "delta": 44.92112374305725}, "costs": {"total_cost": 1319.5683562072886, "time_cost": 150, "final_distance_cost": 43.47764212893728, "oscillation_cost": 441.43518447200927, "completition_cost": 555.5555555555555, "overshoot_cost": 54.06450640783138, "power_cost": 43.36538121337891, "noise_cost": 31.670086429575928, "n_waypoints_completed": 4, "tot_waypoints": 9}}
{"target": -383.17657691331164, "params": {"k_pid_pos": [2.0, 0.7417818963554462, 0.3368958546795831], "k_pid_alt": [1.434749189867844, 0.4913746005362047, 0.4808755737183191], "k_pid_att": [8.929707640475119, 5.1004200860575875, 0.7371442522756808], "k_pid_yaw": [0.5, 1e-06, 0.1], "k_pid_hsp": [7.374367220581903, 0.6030888611708292, 0.4976452986632324], "k_pid_vsp": [286.4327655829308, 284.7580231339639, 66.86046416441243]}, "datetime": {"datetime": "2025-08-14 06:47:18", "elapsed": 75566.04076695442, "delta": 42.58830809593201}, "costs": {"total_cost": 383.17657691331164, "time_cost": 99.84100000000001, "final_distance_cost": 1.750004355854188, "oscillation_cost": 163.54577936044237, "completition_cost": 0.0, "overshoot_cost": 58.94548562627593, "power_cost": 31.86770388183594, "noise_cost": 27.226603688903193, "n_waypoints_completed": 9, "tot_waypoints": 9}}
{"target": -823.7508704684617, "params": {"k_pid_pos": [1.0301382815504343, 0.9714374818231237, 0.1132070937785361], "k_pid_alt": [0.5138852508302738, 0.6953462487522029, 0.6139875796934334], "k_pid_att": [6.801165486661487, 8.66477755102336, 0.5627601130496999], "k_pid_yaw": [0.5, 1e-06, 0.1], "k_pid_hsp": [3.055170253512888, 0.7725141218201599, 0.29020070726622227], "k_pid_vsp": [153.8081754011348, 55.53578972553366, 3.282659760843293]}, "datetime": {"datetime": "2025-08-14 06:48:12", "elapsed": 75620.02202033997, "delta": 53.98125338554382}, "costs": {"total_cost": 823.7508704684617, "time_cost": 150, "final_distance_cost": 79.8912839454242, "oscillation_cost": 124.74334557829798, "completition_cost": 333.33333333333337, "overshoot_cost": 61.96154981055047, "power_cost": 37.2171451171875, "noise_cost": 36.604212683668266, "n_waypoints_completed": 6, "tot_waypoints": 9}}
{"target": -16038.139701700871, "params": {"k_pid_pos": [1.8312244467339849, 0.21378968588873049, 0.050164586360095687], "k_pid_alt": [0.9788627162419161, 0.1900719181592938, 0.10833142343159485], "k_pid_att": [0.07057230073619358, 4.977667111127244, 0.5889099225102057], "k_pid_yaw": [0.5, 1e-06, 0.1], "k_pid_hsp": [0.9839502483945651, 0.8697343158240628, 0.14938458618571493], "k_pid_vsp": [261.9265025315146, 279.4318703595085, 53.04384738741259]}, "datetime": {"datetime": "2025-08-14 06:48:56", "elapsed": 75664.90988135338, "delta": 44.887861013412476}, "costs": {"total_cost": 16038.139701700871, "time_cost": 150, "final_distance_cost": 4781.536113127871, "oscillation_cost": 2014.7272332933076, "completition_cost": 1000.0, "overshoot_cost": 7888.673501385615, "power_cost": 58.520208337402345, "noise_cost": 144.68264555667284, "n_waypoints_completed": 0, "tot_waypoints": 9}}
{"target": -1214.2421110605019, "params": {"k_pid_pos": [0.05710270496568058, 0.16368536269034828, 0.45160943297364053], "k_pid_alt": [1.5466490064827212, 0.7220408045581542, 0.11496939313330012], "k_pid_att": [11.069378606806834, 1.792876973692024, 0.8482175962089163], "k_pid_yaw": [0.5, 1e-06, 0.1], "k_pid_hsp": [6.130939339553692, 0.30401939697660163, 0.9644690000989518], "k_pid_vsp": [270.622923427324, 269.2727503932003, 36.00878088725907]}, "datetime": {"datetime": "2025-08-14 06:49:47", "elapsed": 75715.02786946297, "delta": 50.11798810958862}, "costs": {"total_cost": 1214.2421110605019, "time_cost": 150, "final_distance_cost": 51.57125779312169, "oscillation_cost": 226.30402841048172, "completition_cost": 666.6666666666667, "overshoot_cost": 72.4301887210915, "power_cost": 22.80748601074219, "noise_cost": 24.462483458398157, "n_waypoints_completed": 3, "tot_waypoints": 9}}
{"target": -753.8356312117614, "params": {"k_pid_pos": [1.556787650356973, 0.35218087699288525, 0.39203886263972587], "k_pid_alt": [1.0008662061226081, 0.9582575506701073, 0.6074381393893727], "k_pid_att": [18.903302577623016, 7.792113734762342, 0.03345287289147625], "k_pid_yaw": [0.5, 1e-06, 0.1], "k_pid_hsp": [6.177850439621994, 0.32175602881510024, 0.7948173607170712], "k_pid_vsp": [194.67388981361844, 300.995971028321, 27.885887379298083]}, "datetime": {"datetime": "2025-08-14 06:50:36", "elapsed": 75764.80037021637, "delta": 49.77250075340271}, "costs": {"total_cost": 753.8356312117614, "time_cost": 119.504, "final_distance_cost": 1.7733787668255205, "oscillation_cost": 491.7526269044342, "completition_cost": 0.0, "overshoot_cost": 69.00424812157421, "power_cost": 39.20336774902344, "noise_cost": 32.59800966990422, "n_waypoints_completed": 9, "tot_waypoints": 9}}
{"target": -969.1869587690612, "params": {"k_pid_pos": [0.9483680614500692, 0.7813196581508317, 0.7413004157024171], "k_pid_alt": [0.07900679722926429, 0.7086189765061326, 0.4175037164604205], "k_pid_att": [10.535212021722383, 7.112032579746987, 0.042664475917085776], "k_pid_yaw": [0.5, 1e-06, 0.1], "k_pid_hsp": [9.689933304723331, 0.41724777351380593, 0.2854100159719931], "k_pid_vsp": [191.4804893719625, 319.9310051706861, 18.094814916188128]}, "datetime": {"datetime": "2025-08-14 06:51:21", "elapsed": 75809.27807664871, "delta": 44.47770643234253}, "costs": {"total_cost": 969.1869587690612, "time_cost": 150, "final_distance_cost": 64.5185691739063, "oscillation_cost": 408.35698814636675, "completition_cost": 222.2222222222222, "overshoot_cost": 61.727194818810304, "power_cost": 32.69471560058594, "noise_cost": 29.667268807169798, "n_waypoints_completed": 7, "tot_waypoints": 9}}
{"target": -1047.8685248965453, "params": {"k_pid_pos": [0.2740498704924399, 0.9475901459475405, 0.4999112565528405], "k_pid_alt": [0.07014455336663694, 0.15404305532903484, 0.5535644844086881], "k_pid_att": [19.2593776023828, 7.428813664044589, 0.16069971299001407], "k_pid_yaw": [0.5, 1e-06, 0.1], "k_pid_hsp": [4.906634849436708, 0.5761398325149564, 0.10646003525546544], "k_pid_vsp": [275.9394123120582, 344.7121336758013, 102.3886470596198]}, "datetime": {"datetime": "2025-08-14 06:52:05", "elapsed": 75853.7782394886, "delta": 44.500162839889526}, "costs": {"total_cost": 1047.8685248965453, "time_cost": 150, "final_distance_cost": 79.73983485042305, "oscillation_cost": 357.34980879067723, "completition_cost": 333.33333333333337, "overshoot_cost": 56.378331348260936, "power_cost": 39.20635301513672, "noise_cost": 31.860863558713763, "n_waypoints_completed": 6, "tot_waypoints": 9}}
{"target": -533.2557405346519, "params": {"k_pid_pos": [1.059932060361849, 0.07994173445484598, 0.43005902199283597], "k_pid_alt": [0.9446382415031158, 0.05943676472394266, 0.2402097365282272], "k_pid_att": [23.29354649687051, 8.452616626083595, 0.4290013400902001], "k_pid_yaw": [0.5, 1e-06, 0.1], "k_pid_hsp": [8.214602536856084, 0.9797898272487551, 0.5301173745978568], "k_pid_vsp": [317.2499176525115, 325.31305302033144, 103.56099170142555]}, "datetime": {"datetime": "2025-08-14 06:52:44", "elapsed": 75892.6595556736, "delta": 38.88131618499756}, "costs": {"total_cost": 533.2557405346519, "time_cost": 88.291, "final_distance_cost": 1.7798613024103425, "oscillation_cost": 345.1305865143113, "completition_cost": 0.0, "overshoot_cost": 51.33046355153907, "power_cost": 24.784119567871095, "noise_cost": 21.939709598520082, "n_waypoints_completed": 9, "tot_waypoints": 9}}
{"target": -818.2290525429265, "params": {"k_pid_pos": [0.1081158940887963, 0.7339434880818555, 0.19344326209875784], "k_pid_alt": [1.0030561534864733, 0.4977234244545987, 0.021970989912612926], "k_pid_att": [5.073509615451998, 6.179434551972461, 0.3648892043123775], "k_pid_yaw": [0.5, 1e-06, 0.1], "k_pid_hsp": [0.8666788270113671, 0.9747020232706392, 0.14088582229049462], "k_pid_vsp": [149.1438029040653, 52.34396778609461, 11.30399294755384]}, "datetime": {"datetime": "2025-08-14 06:53:36", "elapsed": 75944.8038444519, "delta": 52.144288778305054}, "costs": {"total_cost": 818.2290525429265, "time_cost": 150, "final_distance_cost": 67.96516876816771, "oscillation_cost": 142.60462852705797, "completition_cost": 333.33333333333337, "overshoot_cost": 56.44935290996555, "power_cost": 34.759020703125, "noise_cost": 33.11754830127704, "n_waypoints_completed": 6, "tot_waypoints": 9}}
