{"target": -381.55744342458894, "params": {"k_pid_pos": [0.6916225550226984, 0.6023913866975731, 0.0020343099168956824], "k_pid_alt": [1.2841543522827907, 0.4268079391934436, 0.3229576709629879], "k_pid_att": [10.98431827849854, 1.1406489726836346, 0.20650814450779276], "k_pid_yaw": [0.5, 1e-06, 0.1], "k_pid_hsp": [8.34407793578371, 0.7401009194890553, 0.5743493042045279], "k_pid_vsp": [294.54608389892553, 340.2231513692856, 107.9445489144316]}, "datetime": {"datetime": "2025-08-13 13:19:43", "elapsed": 12711.179453611374, "delta": 23.026693105697632}, "costs": {"total_cost": 381.55744342458894, "time_cost": 93.415, "final_distance_cost": 1.7488569518399637, "oscillation_cost": 183.38390666745877, "completition_cost": 0.0, "overshoot_cost": 55.66023563774408, "power_cost": 24.659152355957033, "noise_cost": 22.6902918115891, "n_waypoints_completed": 9, "tot_waypoints": 9}}
{"target": -548.8300457370156, "params": {"k_pid_pos": [1.1646601845170794, 0.48793133621350293, 0.5039874819369322], "k_pid_alt": [1.5949659511399397, 0.17054996540307343, 0.892252012598623], "k_pid_att": [7.653827398469327, 8.213783046287901, 0.21897592223767737], "k_pid_yaw": [0.5, 1e-06, 0.1], "k_pid_hsp": [5.4113225413689605, 0.5034451283057553, 0.4370064983045635], "k_pid_vsp": [250.60372611297024, 272.2175754670841, 50.32568718007163]}, "datetime": {"datetime": "2025-08-13 13:20:11", "elapsed": 12739.845081329346, "delta": 28.6656277179718}, "costs": {"total_cost": 548.8300457370156, "time_cost": 118.433, "final_distance_cost": 1.758321159350793, "oscillation_cost": 312.16691106896684, "completition_cost": 0.0, "overshoot_cost": 55.064706510396455, "power_cost": 32.382038696289065, "noise_cost": 29.025068302012443, "n_waypoints_completed": 9, "tot_waypoints": 9}}
{"target": -5348.094845004292, "params": {"k_pid_pos": [1.5621197774760371, 0.8740716821120538, 0.9509456194738731], "k_pid_alt": [1.6929386560711597, 0.7925720205041858, 0.1722074186800392], "k_pid_att": [0.34764903048811746, 6.271563499750137, 0.870879384182571], "k_pid_yaw": [0.5, 1e-06, 0.1], "k_pid_hsp": [8.977122114820586, 0.21467245960131165, 0.9116432328488611], "k_pid_vsp": [269.85894401198027, 280.8432936926433, 41.90024992161122]}, "datetime": {"datetime": "2025-08-13 13:20:41", "elapsed": 12769.075050115585, "delta": 29.229968786239624}, "costs": {"total_cost": 5348.094845004292, "time_cost": 150, "final_distance_cost": 793.6223098436773, "oscillation_cost": 925.2133037149204, "completition_cost": 1000.0, "overshoot_cost": 2270.3634727659105, "power_cost": 54.726975610351566, "noise_cost": 154.16878306943238, "n_waypoints_completed": 0, "tot_waypoints": 9}}
{"target": -349.7912216173047, "params": {"k_pid_pos": [1.473922166618486, 0.8411444113249039, 0.9075561840505534], "k_pid_alt": [0.45690131375236986, 0.7324370957814131, 0.3399311559445346], "k_pid_att": [39.44572318704128, 4.346641784958955, 0.9575311190616709], "k_pid_yaw": [0.5, 1e-06, 0.1], "k_pid_hsp": [6.526262058536732, 0.3483893649034554, 0.04541526831997145], "k_pid_vsp": [80.47862206791257, 356.27324709034394, 30.827186521822586]}, "datetime": {"datetime": "2025-08-13 13:21:08", "elapsed": 12796.040081501007, "delta": 26.965031385421753}, "costs": {"total_cost": 349.7912216173047, "time_cost": 106.848, "final_distance_cost": 1.7512641324062608, "oscillation_cost": 119.88276594762289, "completition_cost": 0.0, "overshoot_cost": 61.201987790091934, "power_cost": 32.62061215820313, "noise_cost": 27.486591588980517, "n_waypoints_completed": 9, "tot_waypoints": 9}}
{"target": -1192.4532260675192, "params": {"k_pid_pos": [1.1161972720961248, 0.38802755529993704, 0.9869660773762561], "k_pid_alt": [0.3950791771395643, 0.3656605479910783, 0.6200415470467259], "k_pid_att": [45.52757722750539, 5.310721228797463, 0.09810936653681179], "k_pid_yaw": [0.5, 1e-06, 0.1], "k_pid_hsp": [5.292564282413085, 0.10773455486280037, 0.4467992775010431], "k_pid_vsp": [106.87011945942926, 355.9572242980148, 46.244690271999]}, "datetime": {"datetime": "2025-08-13 13:21:36", "elapsed": 12824.935610055923, "delta": 28.895528554916382}, "costs": {"total_cost": 1192.4532260675192, "time_cost": 150, "final_distance_cost": 68.32073969978742, "oscillation_cost": 640.5242058761224, "completition_cost": 222.2222222222222, "overshoot_cost": 47.767316664598106, "power_cost": 33.58004481201172, "noise_cost": 30.038696792777337, "n_waypoints_completed": 7, "tot_waypoints": 9}}
{"target": -1697.443160788667, "params": {"k_pid_pos": [0.2194047619531047, 0.3231599578507901, 0.874724983269137], "k_pid_alt": [0.11497959602534746, 0.43522133733835844, 0.42066260567559344], "k_pid_att": [47.16372356570482, 8.56191516112931, 0.6239026136857262], "k_pid_yaw": [0.5, 1e-06, 0.1], "k_pid_hsp": [5.172927045724365, 0.3665108048340785, 0.6972455515773858], "k_pid_vsp": [87.74915911494449, 349.42972836687784, 41.04627514243898]}, "datetime": {"datetime": "2025-08-13 13:22:06", "elapsed": 12854.185923337936, "delta": 29.25031328201294}, "costs": {"total_cost": 1697.443160788667, "time_cost": 150, "final_distance_cost": 82.58173940250865, "oscillation_cost": 697.838618465243, "completition_cost": 666.6666666666667, "overshoot_cost": 43.79470473996164, "power_cost": 29.77880263671875, "noise_cost": 26.782628877567905, "n_waypoints_completed": 3, "tot_waypoints": 9}}
{"target": -1041.183732343338, "params": {"k_pid_pos": [0.3631263847036468, 0.76167668755886, 0.613628324467748], "k_pid_alt": [0.546945624703425, 0.5267483790359936, 0.488779566868884], "k_pid_att": [42.21775837719874, 3.506284104572943, 0.7167094889749668], "k_pid_yaw": [0.5, 1e-06, 0.1], "k_pid_hsp": [0.4329981675353667, 0.06303114880728755, 0.24279504827568976], "k_pid_vsp": [89.69637241440421, 353.3280569471033, 38.088557904909145]}, "datetime": {"datetime": "2025-08-13 13:22:36", "elapsed": 12884.114298582077, "delta": 29.928375244140625}, "costs": {"total_cost": 1041.183732343338, "time_cost": 150, "final_distance_cost": 72.37094854694396, "oscillation_cost": 365.7027380082034, "completition_cost": 333.33333333333337, "overshoot_cost": 58.22460152006163, "power_cost": 32.07055180664063, "noise_cost": 29.481559128155197, "n_waypoints_completed": 6, "tot_waypoints": 9}}
{"target": -648.2499228068506, "params": {"k_pid_pos": [1.293362170097019, 0.5846753864608399, 0.21629259058567873], "k_pid_alt": [0.9784114342714509, 0.9333093898953938, 0.14317210969661653], "k_pid_att": [19.70841633161029, 3.9287805621206293, 0.02620041566572895], "k_pid_yaw": [0.5, 1e-06, 0.1], "k_pid_hsp": [4.767380642049342, 0.09160035422774959, 0.7294530740119786], "k_pid_vsp": [159.0771072830048, 35.02477837940818, 8.083509801454715]}, "datetime": {"datetime": "2025-08-13 13:23:03", "elapsed": 12911.499611854553, "delta": 27.385313272476196}, "costs": {"total_cost": 648.2499228068506, "time_cost": 115.101, "final_distance_cost": 1.7634358745724572, "oscillation_cost": 395.87440849280523, "completition_cost": 0.0, "overshoot_cost": 63.70091222962687, "power_cost": 36.731825915527345, "noise_cost": 35.07834029431873, "n_waypoints_completed": 9, "tot_waypoints": 9}}
{"target": -1412.2017139905788, "params": {"k_pid_pos": [1.0523753341585502, 0.8396014210407093, 0.21029796720544947], "k_pid_alt": [0.01822326013054587, 0.13813302311987052, 0.8194631362023487], "k_pid_att": [8.412507883072296, 9.290747210999356, 0.040592114166858706], "k_pid_yaw": [0.5, 1e-06, 0.1], "k_pid_hsp": [2.131639604688976, 0.16951217707002697, 0.8144558233276973], "k_pid_vsp": [305.70123226122195, 335.78567030635355, 102.77154421652027]}, "datetime": {"datetime": "2025-08-13 13:23:32", "elapsed": 12940.727005958557, "delta": 29.227394104003906}, "costs": {"total_cost": 1412.2017139905788, "time_cost": 150, "final_distance_cost": 88.36511938483082, "oscillation_cost": 285.99753415132557, "completition_cost": 777.7777777777778, "overshoot_cost": 54.77027955834157, "power_cost": 28.77100828857422, "noise_cost": 26.519994829728798, "n_waypoints_completed": 2, "tot_waypoints": 9}}
{"target": -742.8723537597878, "params": {"k_pid_pos": [0.5586453212635171, 0.2909443848643878, 0.1710396429461023], "k_pid_alt": [0.31063065957996105, 0.04257490748701809, 0.5464214886169259], "k_pid_att": [41.797225033543775, 8.362034595874333, 0.054666423962625554], "k_pid_yaw": [0.5, 1e-06, 0.1], "k_pid_hsp": [5.090554024106926, 0.2858840100628627, 0.09781153228104966], "k_pid_vsp": [25.09049271449402, 383.89389097242514, 58.293116198187555]}, "datetime": {"datetime": "2025-08-13 13:23:59", "elapsed": 12967.386363983154, "delta": 26.659358024597168}, "costs": {"total_cost": 742.8723537597878, "time_cost": 109.249, "final_distance_cost": 1.8103679949721974, "oscillation_cost": 526.563387875165, "completition_cost": 0.0, "overshoot_cost": 54.10428420035033, "power_cost": 26.31281120605469, "noise_cost": 24.832502483245634, "n_waypoints_completed": 9, "tot_waypoints": 9}}
{"target": -450.39235792597844, "params": {"k_pid_pos": [1.0920158095645418, 0.5943547749705134, 0.20393849192348712], "k_pid_alt": [0.7066868060395841, 0.3949887126932632, 0.44570739275665494], "k_pid_att": [3.7954405995360485, 8.989281797403356, 0.603785690985352], "k_pid_yaw": [0.5, 1e-06, 0.1], "k_pid_hsp": [8.549112497832564, 0.5354834405828706, 0.7498430144069808], "k_pid_vsp": [248.65193587618134, 276.1684653612598, 51.17868932649734]}, "datetime": {"datetime": "2025-08-13 13:24:28", "elapsed": 12995.972299098969, "delta": 28.58593511581421}, "costs": {"total_cost": 450.39235792597844, "time_cost": 115.444, "final_distance_cost": 1.733377783453664, "oscillation_cost": 212.30810951782448, "completition_cost": 0.0, "overshoot_cost": 64.13435629180616, "power_cost": 29.668886633300783, "noise_cost": 27.103627699593417, "n_waypoints_completed": 9, "tot_waypoints": 9}}
{"target": -997.328127758972, "params": {"k_pid_pos": [0.6583499881304177, 0.26402094100592444, 0.15574847324996088], "k_pid_alt": [1.3621170032175103, 0.26505986797424363, 0.4266555817157567], "k_pid_att": [30.9813445142775, 7.580295100585887, 0.45274044731574414], "k_pid_yaw": [0.5, 1e-06, 0.1], "k_pid_hsp": [9.358172343659902, 0.5451137878735854, 0.29741113132157637], "k_pid_vsp": [188.97717467951938, 14.398864607223112, 1.5463994742655647]}, "datetime": {"datetime": "2025-08-13 13:24:56", "elapsed": 13024.920445203781, "delta": 28.948146104812622}, "costs": {"total_cost": 997.328127758972, "time_cost": 150, "final_distance_cost": 9.923423700744603, "oscillation_cost": 615.0621870540731, "completition_cost": 111.11111111111116, "overshoot_cost": 55.570050208501456, "power_cost": 25.774629992675784, "noise_cost": 29.88672569186589, "n_waypoints_completed": 8, "tot_waypoints": 9}}
{"target": -608.9686488071079, "params": {"k_pid_pos": [1.1801246258726636, 0.887072364680906, 0.45240013214840835], "k_pid_alt": [0.30571690985910993, 0.6160541514947133, 0.194126455085317], "k_pid_att": [6.794503939304509, 7.8297347682261655, 0.9297803813567502], "k_pid_yaw": [0.5, 1e-06, 0.1], "k_pid_hsp": [5.2820732830476835, 0.29490963581293694, 0.5892665734547223], "k_pid_vsp": [261.1560233320606, 281.99665717939985, 49.36088520629022]}, "datetime": {"datetime": "2025-08-13 13:25:25", "elapsed": 13053.822059869766, "delta": 28.901614665985107}, "costs": {"total_cost": 608.9686488071079, "time_cost": 150, "final_distance_cost": 38.087623997423556, "oscillation_cost": 184.38255928201005, "completition_cost": 111.11111111111116, "overshoot_cost": 64.96182502809424, "power_cost": 31.175532373046877, "noise_cost": 29.249997015422103, "n_waypoints_completed": 8, "tot_waypoints": 9}}
{"target": -514.7816034443468, "params": {"k_pid_pos": [1.4501906077414581, 0.6201384573059128, 0.6492165206657999], "k_pid_alt": [1.945336615071258, 0.663954816866897, 0.3612270285641608], "k_pid_att": [20.577816970841067, 4.11630402993421, 0.9138143206846129], "k_pid_yaw": [0.5, 1e-06, 0.1], "k_pid_hsp": [3.908957154190052, 0.3481349220848532, 0.3695557342312623], "k_pid_vsp": [169.20784086971156, 9.082126536877363, 19.36250084935153]}, "datetime": {"datetime": "2025-08-13 13:25:51", "elapsed": 13079.213165283203, "delta": 25.39110541343689}, "costs": {"total_cost": 514.7816034443468, "time_cost": 102.305, "final_distance_cost": 1.7447902295417093, "oscillation_cost": 284.4201876367682, "completition_cost": 0.0, "overshoot_cost": 60.65220110751887, "power_cost": 35.606658715820316, "noise_cost": 30.052765754697692, "n_waypoints_completed": 9, "tot_waypoints": 9}}
{"target": -674.3268699865096, "params": {"k_pid_pos": [1.0102723327587255, 0.5175972953651141, 0.36283276295488753], "k_pid_alt": [1.4920963250527388, 0.38909865864975735, 0.1839730139237692], "k_pid_att": [42.85497769396043, 6.146084929054706, 0.27744696208565234], "k_pid_yaw": [0.5, 1e-06, 0.1], "k_pid_hsp": [9.775625349934923, 0.5355752401359026, 0.6940768994545902], "k_pid_vsp": [90.35943671337927, 356.9047038400423, 27.249336595270442]}, "datetime": {"datetime": "2025-08-13 13:26:16", "elapsed": 13104.811261177063, "delta": 25.598095893859863}, "costs": {"total_cost": 674.3268699865096, "time_cost": 104.426, "final_distance_cost": 1.7742487271393372, "oscillation_cost": 444.107641174883, "completition_cost": 0.0, "overshoot_cost": 57.291198729569345, "power_cost": 37.54874233398438, "noise_cost": 29.179039020933438, "n_waypoints_completed": 9, "tot_waypoints": 9}}
{"target": -741.97684309325, "params": {"k_pid_pos": [1.7883292672013729, 0.9780388986873633, 0.6007182419338852], "k_pid_alt": [1.1914254199548895, 0.5250420957147276, 0.8200575424877998], "k_pid_att": [24.47400592050434, 0.4929897774742387, 0.17442180167142673], "k_pid_yaw": [0.5, 1e-06, 0.1], "k_pid_hsp": [0.6976330143998323, 0.6036569134257082, 0.1819802282178521], "k_pid_vsp": [181.65125479875908, 1.0367389422173179, 2.21017695168523]}, "datetime": {"datetime": "2025-08-13 13:26:45", "elapsed": 13133.458670854568, "delta": 28.647409677505493}, "costs": {"total_cost": 741.97684309325, "time_cost": 150, "final_distance_cost": 63.111160036412834, "oscillation_cost": 155.79989906660933, "completition_cost": 222.2222222222222, "overshoot_cost": 70.14838116115727, "power_cost": 42.10137293701172, "noise_cost": 38.593807669836664, "n_waypoints_completed": 7, "tot_waypoints": 9}}
{"target": -1105.3682843798952, "params": {"k_pid_pos": [0.6023734008947192, 0.1821483739330395, 0.18181695993927394], "k_pid_alt": [0.0018426374996372008, 0.02504022705168274, 0.6181748499092806], "k_pid_att": [16.926353430418505, 5.515883506467283, 0.43845815941905397], "k_pid_yaw": [0.5, 1e-06, 0.1], "k_pid_hsp": [5.059322876940878, 0.12465439420265478, 0.10288709325998457], "k_pid_vsp": [156.9780414512379, 15.176741321471603, 0.675666067245676]}, "datetime": {"datetime": "2025-08-13 13:27:14", "elapsed": 13162.60164475441, "delta": 29.14297389984131}, "costs": {"total_cost": 1105.3682843798952, "time_cost": 150, "final_distance_cost": 73.23765999404426, "oscillation_cost": 83.80265833468339, "completition_cost": 666.6666666666667, "overshoot_cost": 72.76066940654773, "power_cost": 25.39767010498047, "noise_cost": 33.5029598729725, "n_waypoints_completed": 3, "tot_waypoints": 9}}
{"target": -1502.949508339188, "params": {"k_pid_pos": [0.24932282941604225, 0.3799005235872006, 0.8751834531176025], "k_pid_alt": [0.039065453853137866, 0.04793222820360454, 0.8382912439433057], "k_pid_att": [22.179865126399555, 4.98857437096618, 0.5304113445440577], "k_pid_yaw": [0.5, 1e-06, 0.1], "k_pid_hsp": [0.8722465662301763, 0.8578291412942551, 0.2274374681922473], "k_pid_vsp": [162.74867573655126, 31.645484310530485, 12.464506471649132]}, "datetime": {"datetime": "2025-08-13 13:27:43", "elapsed": 13191.535622119904, "delta": 28.933977365493774}, "costs": {"total_cost": 1502.949508339188, "time_cost": 150, "final_distance_cost": 51.49647796182346, "oscillation_cost": 503.2438017025439, "completition_cost": 666.6666666666667, "overshoot_cost": 61.230237967971846, "power_cost": 37.787409570312505, "noise_cost": 32.524914469869714, "n_waypoints_completed": 3, "tot_waypoints": 9}}
{"target": -975.1162165942781, "params": {"k_pid_pos": [0.42471721864726125, 0.6720162514497715, 0.8916902660077313], "k_pid_alt": [0.2990219395440974, 0.07236435081386938, 0.024359034744280028], "k_pid_att": [42.329679905788865, 8.922057867726721, 0.5538238802285892], "k_pid_yaw": [0.5, 1e-06, 0.1], "k_pid_hsp": [7.69321477114397, 0.053611525838307306, 0.06725189558795319], "k_pid_vsp": [71.22283643628636, 347.9844165075985, 32.40444806740003]}, "datetime": {"datetime": "2025-08-13 13:28:12", "elapsed": 13220.636140108109, "delta": 29.100517988204956}, "costs": {"total_cost": 975.1162165942781, "time_cost": 150, "final_distance_cost": 65.3413808302461, "oscillation_cost": 408.14594291346936, "completition_cost": 222.2222222222222, "overshoot_cost": 55.980669035844286, "power_cost": 42.48308559570313, "noise_cost": 30.942915996793108, "n_waypoints_completed": 7, "tot_waypoints": 9}}
{"target": -565.591704757214, "params": {"k_pid_pos": [1.099422812826398, 0.0750046493111226, 0.26730091874803696], "k_pid_alt": [1.0913150291500953, 0.3446789126798767, 0.768889884798059], "k_pid_att": [54.47523140112707, 8.099410708845168, 0.3441600241659942], "k_pid_yaw": [0.5, 1e-06, 0.1], "k_pid_hsp": [8.531572982720911, 0.2454500364135187, 0.18965223000881892], "k_pid_vsp": [209.33205173069123, 13.098161638742589, 9.296188356268566]}, "datetime": {"datetime": "2025-08-13 13:28:33", "elapsed": 13241.362340688705, "delta": 20.726200580596924}, "costs": {"total_cost": 565.591704757214, "time_cost": 82.999, "final_distance_cost": 1.7556071427078506, "oscillation_cost": 379.06277731176306, "completition_cost": 0.0, "overshoot_cost": 52.872687113974735, "power_cost": 25.95265240478516, "noise_cost": 22.94898078398314, "n_waypoints_completed": 9, "tot_waypoints": 9}}
{"target": -509.80544748259695, "params": {"k_pid_pos": [0.9426870007729846, 0.1793988290959767, 0.09155269007347422], "k_pid_alt": [0.1307115682482669, 0.3763532674285781, 0.7106977995960951], "k_pid_att": [18.032848692432214, 6.311931709697469, 0.6847015450500894], "k_pid_yaw": [0.5, 1e-06, 0.1], "k_pid_hsp": [3.893072818869751, 0.8232886068334001, 0.691458043182246], "k_pid_vsp": [255.9976126317117, 280.1069831635379, 46.81096188949555]}, "datetime": {"datetime": "2025-08-13 13:28:59", "elapsed": 13267.772099018097, "delta": 26.40975832939148}, "costs": {"total_cost": 509.80544748259695, "time_cost": 104.986, "final_distance_cost": 1.7802773437848216, "oscillation_cost": 283.44957141220914, "completition_cost": 0.0, "overshoot_cost": 61.29209915911293, "power_cost": 31.196834423828125, "noise_cost": 27.100665143661914, "n_waypoints_completed": 9, "tot_waypoints": 9}}
{"target": -445.2126678268515, "params": {"k_pid_pos": [1.6375675227447715, 0.1769786083518169, 0.801494008961425], "k_pid_alt": [1.4868349444624571, 0.2905849547092445, 0.8099932719212203], "k_pid_att": [44.00713882594197, 8.678248678249703, 0.5935466028884469], "k_pid_yaw": [0.5, 1e-06, 0.1], "k_pid_hsp": [8.286354018449904, 0.19527676834346464, 0.1817164375993281], "k_pid_vsp": [78.03200402287578, 366.21724864119875, 32.46356332072424]}, "datetime": {"datetime": "2025-08-13 13:29:19", "elapsed": 13287.94986820221, "delta": 20.17776918411255}, "costs": {"total_cost": 445.2126678268515, "time_cost": 80.045, "final_distance_cost": 1.7442596736061347, "oscillation_cost": 270.63338327853927, "completition_cost": 0.0, "overshoot_cost": 51.5735964865329, "power_cost": 21.74261716308594, "noise_cost": 19.47381122508727, "n_waypoints_completed": 9, "tot_waypoints": 9}}
{"target": -1196.093731108385, "params": {"k_pid_pos": [0.9094060581500886, 0.6615046278249447, 0.06775249624183466], "k_pid_alt": [1.4987357116825109, 0.9965610551902353, 0.5195706321262774], "k_pid_att": [3.4883212897669935, 3.00855725563295, 0.4030814529103459], "k_pid_yaw": [0.5, 1e-06, 0.1], "k_pid_hsp": [0.2755616594793573, 0.11934450994589774, 0.8796388879540732], "k_pid_vsp": [293.0090000709142, 334.84140948901506, 94.9484101219181]}, "datetime": {"datetime": "2025-08-13 13:29:49", "elapsed": 13317.407578229904, "delta": 29.457710027694702}, "costs": {"total_cost": 1196.093731108385, "time_cost": 150, "final_distance_cost": 57.16081197804808, "oscillation_cost": 271.6945176610992, "completition_cost": 555.5555555555555, "overshoot_cost": 90.1667414202351, "power_cost": 39.12364559326172, "noise_cost": 32.39245890018551, "n_waypoints_completed": 4, "tot_waypoints": 9}}
{"target": -686.0942723175929, "params": {"k_pid_pos": [1.5442664434451927, 0.6040097909150733, 0.7867977712287405], "k_pid_alt": [0.16365846432015685, 0.24510469933681844, 0.8072334622144558], "k_pid_att": [35.03433107850679, 1.0661623370823359, 0.3602680934565551], "k_pid_yaw": [0.5, 1e-06, 0.1], "k_pid_hsp": [9.465182236315353, 0.8694838377607635, 0.5737752215517785], "k_pid_vsp": [239.47729754488986, 268.6058267894103, 49.95517726823747]}, "datetime": {"datetime": "2025-08-13 13:30:16", "elapsed": 13344.712180614471, "delta": 27.30460238456726}, "costs": {"total_cost": 686.0942723175929, "time_cost": 111.804, "final_distance_cost": 1.741286687050015, "oscillation_cost": 458.0007565999839, "completition_cost": 0.0, "overshoot_cost": 60.87588341131156, "power_cost": 27.838042297363284, "noise_cost": 25.834303321884143, "n_waypoints_completed": 9, "tot_waypoints": 9}}
