{"target": -399.11633030159123, "params": {"k_pid_pos": [0.7916257938486281, 0.6604156469924891, 0.5338295028514216], "k_pid_alt": [1.3587347876268112, 0.49190122685874527, 0.6788434021041183], "k_pid_att": [9.677305724673735, 5.4372604913726885, 0.9316536932097872], "k_pid_yaw": [0.5, 1e-06, 0.1], "k_pid_hsp": [1.9968619172373918, 0.2113417320001677, 0.7185917382095306], "k_pid_vsp": [251.17971030272895, 289.6394242918945, 56.28714161071681]}, "datetime": {"datetime": "2025-08-14 04:19:17", "elapsed": 66685.02106356621, "delta": 37.65753364562988}, "costs": {"total_cost": 399.11633030159123, "time_cost": 116.599, "final_distance_cost": 1.7703488543675414, "oscillation_cost": 166.672875946363, "completition_cost": 0.0, "overshoot_cost": 59.39444919543374, "power_cost": 28.393011340332034, "noise_cost": 26.28664496509497, "n_waypoints_completed": 9, "tot_waypoints": 9}}
{"target": -1000.4309253186935, "params": {"k_pid_pos": [0.6057115949623922, 0.8198373641478459, 0.7522799019212245], "k_pid_alt": [1.6048032498276281, 0.06974389008094761, 0.9642902868602582], "k_pid_att": [17.758878957333167, 1.550878583942744, 0.8081385335877115], "k_pid_yaw": [0.5, 1e-06, 0.1], "k_pid_hsp": [0.8714331984355631, 0.5753086172151296, 0.8547195430704861], "k_pid_vsp": [201.9665381974993, 296.1695673615441, 12.78392022224197]}, "datetime": {"datetime": "2025-08-14 04:19:55", "elapsed": 66723.45357871056, "delta": 38.432515144348145}, "costs": {"total_cost": 1000.4309253186935, "time_cost": 150, "final_distance_cost": 71.96279981078526, "oscillation_cost": 323.89851630235603, "completition_cost": 333.33333333333337, "overshoot_cost": 54.67891302741232, "power_cost": 35.08316665039062, "noise_cost": 31.474196194415857, "n_waypoints_completed": 6, "tot_waypoints": 9}}
{"target": -524.793945692689, "params": {"k_pid_pos": [1.6565749227420292, 0.5773920812303466, 0.2899003472801487], "k_pid_alt": [1.3045349983683152, 0.13884818439542368, 0.8983654178898197], "k_pid_att": [11.064996340802146, 1.4387519100529254, 0.222631184473835], "k_pid_yaw": [0.5, 1e-06, 0.1], "k_pid_hsp": [7.597860210537045, 0.6943776807702657, 0.4404296843351806], "k_pid_vsp": [292.7818423396711, 329.9255160215162, 111.78812333836349]}, "datetime": {"datetime": "2025-08-14 04:20:30", "elapsed": 66758.36123919487, "delta": 34.907660484313965}, "costs": {"total_cost": 524.793945692689, "time_cost": 107.058, "final_distance_cost": 1.7829048010750745, "oscillation_cost": 297.2423395451032, "completition_cost": 0.0, "overshoot_cost": 54.61480282327809, "power_cost": 35.31211455078125, "noise_cost": 28.783783972451413, "n_waypoints_completed": 9, "tot_waypoints": 9}}
{"target": -459.4738973076506, "params": {"k_pid_pos": [0.9072551592258159, 0.39316967098865174, 0.3044807070483665], "k_pid_alt": [1.3677483738740592, 0.3680111590095988, 0.23759962040775262], "k_pid_att": [17.142960464415424, 7.75332276028366, 0.011386223853474542], "k_pid_yaw": [0.5, 1e-06, 0.1], "k_pid_hsp": [2.01357266886644, 0.4006439176293576, 0.23545040584018984], "k_pid_vsp": [254.34506183159144, 287.3335573047692, 55.50355549099012]}, "datetime": {"datetime": "2025-08-14 04:20:58", "elapsed": 66786.01381516457, "delta": 27.652575969696045}, "costs": {"total_cost": 459.4738973076506, "time_cost": 82.019, "final_distance_cost": 1.7727270772731691, "oscillation_cost": 285.1718646864205, "completition_cost": 0.0, "overshoot_cost": 51.40468673807919, "power_cost": 19.39956385498047, "noise_cost": 19.70605495089725, "n_waypoints_completed": 9, "tot_waypoints": 9}}
{"target": -359.72097022428517, "params": {"k_pid_pos": [1.2487992660120002, 0.18337149474387826, 0.46879870437705073], "k_pid_alt": [0.23531564622337675, 0.6745498241534513, 0.46830512943763236], "k_pid_att": [6.896248707594688, 7.086304736905248, 0.9761139573539005], "k_pid_yaw": [0.5, 1e-06, 0.1], "k_pid_hsp": [6.2683777084208945, 0.6041887353404891, 0.46635996759316145], "k_pid_vsp": [247.03778855960798, 290.63826446767195, 58.81778171732861]}, "datetime": {"datetime": "2025-08-14 04:21:31", "elapsed": 66819.16281414032, "delta": 33.148998975753784}, "costs": {"total_cost": 359.72097022428517, "time_cost": 99.533, "final_distance_cost": 1.7763370012844906, "oscillation_cost": 149.81123989292982, "completition_cost": 0.0, "overshoot_cost": 62.78539075219819, "power_cost": 23.622978930664065, "noise_cost": 22.192023647208615, "n_waypoints_completed": 9, "tot_waypoints": 9}}
{"target": -419.5636130852234, "params": {"k_pid_pos": [1.266422614195625, 0.3053884386474105, 0.7275011549947165], "k_pid_alt": [1.0160289174148076, 0.16344245852608574, 0.39716781684659674], "k_pid_att": [6.636527197843833, 6.407934394666715, 0.07841943080126623], "k_pid_yaw": [0.5, 1e-06, 0.1], "k_pid_hsp": [5.4259350005638485, 0.9252689726038199, 0.10677180341728798], "k_pid_vsp": [318.8132473948361, 319.38232932251884, 104.6626152996262]}, "datetime": {"datetime": "2025-08-14 04:22:01", "elapsed": 66849.1074821949, "delta": 29.94466805458069}, "costs": {"total_cost": 419.5636130852234, "time_cost": 84.637, "final_distance_cost": 1.771224488928555, "oscillation_cost": 239.7989306752062, "completition_cost": 0.0, "overshoot_cost": 51.50284230135297, "power_cost": 21.701915966796875, "noise_cost": 20.15169965293875, "n_waypoints_completed": 9, "tot_waypoints": 9}}
{"target": -850.6461549118582, "params": {"k_pid_pos": [1.955111614423165, 0.98533231389236, 0.21695198277003236], "k_pid_alt": [0.6954123572627577, 0.9023944341111788, 0.8627672234696155], "k_pid_att": [20.498478257163576, 3.5892965720418384, 0.4030608705270332], "k_pid_yaw": [0.5, 1e-06, 0.1], "k_pid_hsp": [9.731168122116168, 0.4823750389502748, 0.37880423092871773], "k_pid_vsp": [293.9410783581943, 328.18245568419013, 105.41158480296937]}, "datetime": {"datetime": "2025-08-14 04:22:49", "elapsed": 66897.81177544594, "delta": 48.7042932510376}, "costs": {"total_cost": 850.6461549118582, "time_cost": 150, "final_distance_cost": 69.9399455565956, "oscillation_cost": 170.42798066948183, "completition_cost": 333.33333333333337, "overshoot_cost": 61.68761160246234, "power_cost": 34.34776872558594, "noise_cost": 30.90951502439909, "n_waypoints_completed": 6, "tot_waypoints": 9}}
{"target": -926.5211788697844, "params": {"k_pid_pos": [0.6578683849919624, 0.4173434044527653, 0.8624726498853766], "k_pid_alt": [1.4084067755474374, 0.3965260785756769, 0.5449838289082359], "k_pid_att": [15.590423105740637, 4.738908912657321, 0.04022410209479543], "k_pid_yaw": [0.5, 1e-06, 0.1], "k_pid_hsp": [8.191136805098468, 0.37651745318026686, 0.6481176420225027], "k_pid_vsp": [169.31290514342305, 25.32842281230007, 12.256918314489784]}, "datetime": {"datetime": "2025-08-14 04:23:27", "elapsed": 66935.3631901741, "delta": 37.55141472816467}, "costs": {"total_cost": 926.5211788697844, "time_cost": 150, "final_distance_cost": 40.136475462309356, "oscillation_cost": 504.09609345448655, "completition_cost": 111.11111111111116, "overshoot_cost": 55.04999371509337, "power_cost": 34.89554553222656, "noise_cost": 31.23195959455731, "n_waypoints_completed": 8, "tot_waypoints": 9}}
{"target": -428.89457969152255, "params": {"k_pid_pos": [0.7424373811894338, 0.6178267002409648, 0.22897845804053707], "k_pid_alt": [0.46679942513611894, 0.42914667474765256, 0.627102936904042], "k_pid_att": [15.514622065321038, 1.1873857644798194, 0.47113350892704564], "k_pid_yaw": [0.5, 1e-06, 0.1], "k_pid_hsp": [8.95105312475844, 0.6917335664889127, 0.19865753105526185], "k_pid_vsp": [263.7810202298183, 268.4873620132647, 40.338130948478415]}, "datetime": {"datetime": "2025-08-14 04:24:02", "elapsed": 66970.08985447884, "delta": 34.726664304733276}, "costs": {"total_cost": 428.89457969152255, "time_cost": 105.105, "final_distance_cost": 1.7736264875178014, "oscillation_cost": 215.41907197129274, "completition_cost": 0.0, "overshoot_cost": 57.20248495004327, "power_cost": 23.658262500000003, "noise_cost": 25.73613378266881, "n_waypoints_completed": 9, "tot_waypoints": 9}}
{"target": -407.6920932586181, "params": {"k_pid_pos": [1.814430380141975, 0.47262143944380686, 0.01754879099090023], "k_pid_alt": [1.1586394569810776, 0.7864483451621549, 0.8282268738415874], "k_pid_att": [17.231394108699238, 7.060177862543809, 0.8052305811129805], "k_pid_yaw": [0.5, 1e-06, 0.1], "k_pid_hsp": [7.830637555630952, 0.5915945285455241, 0.5934226850648967], "k_pid_vsp": [308.12662729129994, 307.3677262016719, 113.43914184011537]}, "datetime": {"datetime": "2025-08-14 04:24:34", "elapsed": 67002.19468402863, "delta": 32.10482954978943}, "costs": {"total_cost": 407.6920932586181, "time_cost": 102.116, "final_distance_cost": 1.7850458791363857, "oscillation_cost": 197.08441024524498, "completition_cost": 0.0, "overshoot_cost": 56.48465437981065, "power_cost": 26.039850610351564, "noise_cost": 24.182132144074536, "n_waypoints_completed": 9, "tot_waypoints": 9}}
{"target": -523.3372758273052, "params": {"k_pid_pos": [1.4320388838389466, 0.5467082799518127, 0.8642256619927032], "k_pid_alt": [0.2088931053338543, 0.674756384144903, 0.6127249374124972], "k_pid_att": [17.781268384719652, 5.117519895556183, 0.7880131469945345], "k_pid_yaw": [0.5, 1e-06, 0.1], "k_pid_hsp": [9.693999000895207, 0.8222567427842623, 0.6534568930803213], "k_pid_vsp": [305.10314383729485, 349.67278818429037, 117.95604765865791]}, "datetime": {"datetime": "2025-08-14 04:25:09", "elapsed": 67037.55407190323, "delta": 35.35938787460327}, "costs": {"total_cost": 523.3372758273052, "time_cost": 111.083, "final_distance_cost": 1.7799491231521183, "oscillation_cost": 290.30716096362016, "completition_cost": 0.0, "overshoot_cost": 63.29803415562387, "power_cost": 29.02259305419922, "noise_cost": 27.846538530709807, "n_waypoints_completed": 9, "tot_waypoints": 9}}
{"target": -281.6562974361445, "params": {"k_pid_pos": [1.6360358206908931, 0.12232856922522384, 0.24954533723238492], "k_pid_alt": [1.098692876050659, 0.475774332310407, 0.7440185771855615], "k_pid_att": [6.972693268621399, 1.9682520661077698, 0.9276022923352325], "k_pid_yaw": [0.5, 1e-06, 0.1], "k_pid_hsp": [5.915568659250984, 0.42082759008775483, 0.15787487745516737], "k_pid_vsp": [286.2706169247645, 285.4820810299853, 66.85461274833008]}, "datetime": {"datetime": "2025-08-14 04:25:39", "elapsed": 67066.99415159225, "delta": 29.44007968902588}, "costs": {"total_cost": 281.6562974361445, "time_cost": 80.47200000000001, "final_distance_cost": 1.7333852505900615, "oscillation_cost": 107.36999825680448, "completition_cost": 0.0, "overshoot_cost": 51.66521596040123, "power_cost": 21.210719433593752, "noise_cost": 19.204978534754936, "n_waypoints_completed": 9, "tot_waypoints": 9}}
{"target": -485.38751048663477, "params": {"k_pid_pos": [1.2928162055270764, 0.04203128976135395, 0.6492823084858534], "k_pid_alt": [0.23035993015088696, 0.37975870623685404, 0.2525683124644379], "k_pid_att": [19.07436221770392, 1.058507028676425, 0.8631131420729967], "k_pid_yaw": [0.5, 1e-06, 0.1], "k_pid_hsp": [3.843875127785267, 0.17312941468558107, 0.5353185081057118], "k_pid_vsp": [194.34134499839598, 297.1357505326031, 29.894373886367358]}, "datetime": {"datetime": "2025-08-14 04:26:12", "elapsed": 67100.01188969612, "delta": 33.01773810386658}, "costs": {"total_cost": 485.38751048663477, "time_cost": 96.34100000000001, "final_distance_cost": 1.7517468371612106, "oscillation_cost": 270.10672712200403, "completition_cost": 0.0, "overshoot_cost": 60.8458783854756, "power_cost": 30.07162694091797, "noise_cost": 26.270531201075976, "n_waypoints_completed": 9, "tot_waypoints": 9}}
{"target": -491.1284278232263, "params": {"k_pid_pos": [1.844978175308423, 0.3485271882721358, 0.29063428380790923], "k_pid_alt": [1.2936906979836118, 0.3132957008090034, 0.936273379676591], "k_pid_att": [10.046645822318146, 8.311619055421644, 0.03463637223864424], "k_pid_yaw": [0.5, 1e-06, 0.1], "k_pid_hsp": [9.03039755044577, 0.5033498750835431, 0.35258714080945464], "k_pid_vsp": [168.54563253235932, 38.78253872266618, 6.976052120121129]}, "datetime": {"datetime": "2025-08-14 04:26:50", "elapsed": 67138.00888609886, "delta": 37.99699640274048}, "costs": {"total_cost": 491.1284278232263, "time_cost": 96.46000000000001, "final_distance_cost": 1.7840928881644178, "oscillation_cost": 287.9197530496691, "completition_cost": 0.0, "overshoot_cost": 54.26176250542025, "power_cost": 22.812117639160157, "noise_cost": 27.89070174081231, "n_waypoints_completed": 9, "tot_waypoints": 9}}
{"target": -605.0973657242803, "params": {"k_pid_pos": [0.2871254658336169, 0.600860345988278, 0.6746657630159216], "k_pid_alt": [1.0255521854764758, 0.024623278194097487, 0.5869058945463208], "k_pid_att": [7.150260980278922, 2.2820102003932963, 0.053003218963008636], "k_pid_yaw": [0.5, 1e-06, 0.1], "k_pid_hsp": [0.9416829731339209, 0.644504348431969, 0.46446348696166107], "k_pid_vsp": [299.6358724059252, 336.41751488439576, 94.75534579270614]}, "datetime": {"datetime": "2025-08-14 04:27:27", "elapsed": 67175.37337398529, "delta": 37.36448788642883}, "costs": {"total_cost": 605.0973657242803, "time_cost": 119.973, "final_distance_cost": 1.7945843700498476, "oscillation_cost": 357.11857492801437, "completition_cost": 0.0, "overshoot_cost": 59.392611343098196, "power_cost": 35.58767586669922, "noise_cost": 31.230919216418616, "n_waypoints_completed": 9, "tot_waypoints": 9}}
{"target": -267.99962967445987, "params": {"k_pid_pos": [1.9583905423082075, 0.24801989004046088, 0.620545382644724], "k_pid_alt": [1.402124253531731, 0.7583319752839557, 0.3333428766042552], "k_pid_att": [13.686237324653916, 6.528857343364318, 0.9320963092868761], "k_pid_yaw": [0.5, 1e-06, 0.1], "k_pid_hsp": [5.640079281689396, 0.7035252886767949, 0.04868841980719396], "k_pid_vsp": [275.69425198709945, 274.2319406749284, 43.04777209325423]}, "datetime": {"datetime": "2025-08-14 04:28:10", "elapsed": 67218.92742991447, "delta": 43.55405592918396}, "costs": {"total_cost": 267.99962967445987, "time_cost": 80.304, "final_distance_cost": 1.7933886619075168, "oscillation_cost": 90.81296532212465, "completition_cost": 0.0, "overshoot_cost": 52.52651432514039, "power_cost": 22.12807039794922, "noise_cost": 20.43469096733809, "n_waypoints_completed": 9, "tot_waypoints": 9}}
{"target": -944.2355651616673, "params": {"k_pid_pos": [0.42332179911764317, 0.7109140401427558, 0.2133151413575014], "k_pid_alt": [0.023109491416953398, 0.1976310041796392, 0.8300275093488034], "k_pid_att": [11.407773256237274, 5.843594413021864, 0.3568962493349388], "k_pid_yaw": [0.5, 1e-06, 0.1], "k_pid_hsp": [3.769993373319447, 0.6599243790824076, 0.5154552566589066], "k_pid_vsp": [304.18693418600867, 345.7957343269245, 125.60252678531897]}, "datetime": {"datetime": "2025-08-14 04:28:51", "elapsed": 67259.00428915024, "delta": 40.07685923576355}, "costs": {"total_cost": 944.2355651616673, "time_cost": 150, "final_distance_cost": 69.97525811002734, "oscillation_cost": 260.2737978933129, "completition_cost": 333.33333333333337, "overshoot_cost": 62.326726469213106, "power_cost": 35.914623669433595, "noise_cost": 32.41182568634698, "n_waypoints_completed": 6, "tot_waypoints": 9}}
{"target": -303.6640411932955, "params": {"k_pid_pos": [1.3219478980641228, 0.28869602799074245, 0.5659566027534297], "k_pid_alt": [1.509627224989031, 0.27403303165540127, 0.9864101157349147], "k_pid_att": [12.0472389519784, 9.24286685215424, 0.9728230131569432], "k_pid_yaw": [0.5, 1e-06, 0.1], "k_pid_hsp": [7.344502934011276, 0.9682032856463323, 0.17875933242761322], "k_pid_vsp": [164.11148841294317, 5.011049592572866, 17.75023778059917]}, "datetime": {"datetime": "2025-08-14 04:29:22", "elapsed": 67290.95143008232, "delta": 31.94714093208313}, "costs": {"total_cost": 303.6640411932955, "time_cost": 85.869, "final_distance_cost": 1.744205634126334, "oscillation_cost": 122.78485137579221, "completition_cost": 0.0, "overshoot_cost": 52.016084125542775, "power_cost": 20.699194372558594, "noise_cost": 20.550705685275588, "n_waypoints_completed": 9, "tot_waypoints": 9}}
{"target": -1183.8202197355777, "params": {"k_pid_pos": [0.18891450255962236, 0.00665344935924117, 0.4290276590218395], "k_pid_alt": [0.11698947895041267, 0.4685886291047435, 0.7934059441099819], "k_pid_att": [12.963742285472824, 4.470559170262182, 0.9056376595650371], "k_pid_yaw": [0.5, 1e-06, 0.1], "k_pid_hsp": [9.940491174884444, 0.21398841524097845, 0.5766292286317706], "k_pid_vsp": [272.8702428859352, 268.6750207945936, 44.8834463664196]}, "datetime": {"datetime": "2025-08-14 04:30:01", "elapsed": 67329.51197123528, "delta": 38.5605411529541}, "costs": {"total_cost": 1183.8202197355777, "time_cost": 150, "final_distance_cost": 53.849685499699895, "oscillation_cost": 300.00101799595177, "completition_cost": 555.5555555555555, "overshoot_cost": 63.81522086829321, "power_cost": 31.197091711425784, "noise_cost": 29.401648104651443, "n_waypoints_completed": 4, "tot_waypoints": 9}}
{"target": -443.367029492688, "params": {"k_pid_pos": [1.4111405854798125, 0.6118485443257483, 0.38533381289821456], "k_pid_alt": [1.5336735199572982, 0.44025148390278845, 0.6108928202108301], "k_pid_att": [15.68505426234844, 4.233506379641508, 0.47492738063742335], "k_pid_yaw": [0.5, 1e-06, 0.1], "k_pid_hsp": [9.311701773482705, 0.015209877628074131, 0.20172235353787304], "k_pid_vsp": [186.37573840203686, 37.48293083350281, 9.448424095355987]}, "datetime": {"datetime": "2025-08-14 04:30:40", "elapsed": 67368.46775913239, "delta": 38.955787897109985}, "costs": {"total_cost": 443.367029492688, "time_cost": 94.171, "final_distance_cost": 1.7469666317365664, "oscillation_cost": 248.87373719947595, "completition_cost": 0.0, "overshoot_cost": 53.93336442500473, "power_cost": 19.611566027832033, "noise_cost": 25.030395208638677, "n_waypoints_completed": 9, "tot_waypoints": 9}}
{"target": -353.56289811789514, "params": {"k_pid_pos": [1.917677673678107, 0.6020848775513004, 0.21115221309456356], "k_pid_alt": [1.144503596575649, 0.5206835905589929, 0.2987748878865957], "k_pid_att": [11.349075223136795, 8.003781984873143, 0.7454223435007635], "k_pid_yaw": [0.5, 1e-06, 0.1], "k_pid_hsp": [9.94468602386491, 0.8505549370897735, 0.6071005235524052], "k_pid_vsp": [286.17144109532575, 283.36638781445026, 67.66092730644553]}, "datetime": {"datetime": "2025-08-14 04:31:14", "elapsed": 67402.1218111515, "delta": 33.65405201911926}, "costs": {"total_cost": 353.56289811789514, "time_cost": 91.714, "final_distance_cost": 1.7490662738020883, "oscillation_cost": 159.92026209701672, "completition_cost": 0.0, "overshoot_cost": 56.48894612367355, "power_cost": 22.461637109375, "noise_cost": 21.22898651402782, "n_waypoints_completed": 9, "tot_waypoints": 9}}
{"target": -345.1890426051694, "params": {"k_pid_pos": [1.3339462440865508, 0.3588241890536442, 0.24450768395949696], "k_pid_alt": [0.5314484982055787, 0.331639869161914, 0.21564918277981115], "k_pid_att": [4.717023544941745, 4.361113387550316, 0.2817679427302583], "k_pid_yaw": [0.5, 1e-06, 0.1], "k_pid_hsp": [8.776861951179423, 0.5662443801362046, 0.2733468448420896], "k_pid_vsp": [248.53937595529817, 276.8575340763826, 49.834109835809855]}, "datetime": {"datetime": "2025-08-14 04:31:47", "elapsed": 67435.51937317848, "delta": 33.39756202697754}, "costs": {"total_cost": 345.1890426051694, "time_cost": 94.787, "final_distance_cost": 1.7537787239768292, "oscillation_cost": 145.3646019004461, "completition_cost": 0.0, "overshoot_cost": 53.30279133255986, "power_cost": 25.94890252685547, "noise_cost": 24.03196812133111, "n_waypoints_completed": 9, "tot_waypoints": 9}}
{"target": -476.56597073928873, "params": {"k_pid_pos": [1.911159151857573, 0.7787527198615071, 0.32657872732370274], "k_pid_alt": [1.7340576779254417, 0.1486619655557524, 0.3381619795549048], "k_pid_att": [10.510676215577707, 2.4275608674766165, 0.6828577338511831], "k_pid_yaw": [0.5, 1e-06, 0.1], "k_pid_hsp": [4.432520542994723, 0.02131404201137066, 0.5496604013918243], "k_pid_vsp": [184.9348410849393, 22.76518715810232, 11.336146525849683]}, "datetime": {"datetime": "2025-08-14 04:32:26", "elapsed": 67474.04262757301, "delta": 38.52325439453125}, "costs": {"total_cost": 476.56597073928873, "time_cost": 119.63, "final_distance_cost": 1.7722012554652549, "oscillation_cost": 231.11087903273827, "completition_cost": 0.0, "overshoot_cost": 58.38801027315434, "power_cost": 33.68254217529297, "noise_cost": 31.9823380026379, "n_waypoints_completed": 9, "tot_waypoints": 9}}
{"target": -373.75286179273945, "params": {"k_pid_pos": [1.6161858975324614, 0.9269893689302153, 0.5293673622865025], "k_pid_alt": [0.722299454841522, 0.49056922567337313, 0.12545266308457348], "k_pid_att": [2.29178694757447, 0.541359409241935, 0.3414488624420824], "k_pid_yaw": [0.5, 1e-06, 0.1], "k_pid_hsp": [8.732307894973601, 0.49965812209658644, 0.6302122124807016], "k_pid_vsp": [180.95089800341415, 19.739173568120385, 13.809170917008283]}, "datetime": {"datetime": "2025-08-14 04:33:03", "elapsed": 67511.54298257828, "delta": 37.50035500526428}, "costs": {"total_cost": 373.75286179273945, "time_cost": 113.127, "final_distance_cost": 1.742005588727591, "oscillation_cost": 120.86661274554336, "completition_cost": 0.0, "overshoot_cost": 77.33394545211046, "power_cost": 30.20020729980469, "noise_cost": 30.48309070655338, "n_waypoints_completed": 9, "tot_waypoints": 9}}
