{"target": -434.06509678875074, "params": {"k_pid_pos": [1.3731769273186578, 0.19265430327821187, 0.6133454026384004], "k_pid_alt": [1.8645886937568992, 0.9676850273237451, 0.5162076066637117], "k_pid_att": [16.6329923905447, 1.1114772903914247, 0.7086874181086239], "k_pid_yaw": [0.5, 1e-06, 0.1], "k_pid_hsp": [4.90107339091752, 0.7295539734232357, 0.9134899480129562], "k_pid_vsp": [187.32686889815452, 294.19081039700853, 24.0321751511277]}, "datetime": {"datetime": "2025-08-14 05:23:30", "elapsed": 70538.6317794323, "delta": 33.91644215583801}, "costs": {"total_cost": 434.06509678875074, "time_cost": 84.889, "final_distance_cost": 1.77104822277789, "oscillation_cost": 243.71105123420358, "completition_cost": 0.0, "overshoot_cost": 53.64346670933771, "power_cost": 26.54650720214844, "noise_cost": 23.504023420283115, "n_waypoints_completed": 9, "tot_waypoints": 9}}
{"target": -974.5203755162798, "params": {"k_pid_pos": [0.9715784666384716, 0.2780382985897851, 0.9607703638664025], "k_pid_alt": [0.46702903328012546, 0.19044305562509578, 0.9913450019274905], "k_pid_att": [3.247718145399048, 9.467620254590958, 0.5136284480030978], "k_pid_yaw": [0.5, 1e-06, 0.1], "k_pid_hsp": [7.737008573197669, 0.8397200528656664, 0.46894033213455244], "k_pid_vsp": [288.47827092205904, 289.6209326018905, 55.230198818218064]}, "datetime": {"datetime": "2025-08-14 05:24:12", "elapsed": 70580.85888838768, "delta": 42.2271089553833}, "costs": {"total_cost": 974.5203755162798, "time_cost": 150, "final_distance_cost": 69.82458405932097, "oscillation_cost": 309.5968427162544, "completition_cost": 333.33333333333337, "overshoot_cost": 49.54643821826257, "power_cost": 33.744715234375, "noise_cost": 28.474461954733577, "n_waypoints_completed": 6, "tot_waypoints": 9}}
{"target": -1148.2685522140423, "params": {"k_pid_pos": [0.4104297975298298, 0.4721991047016829, 0.5584152833600434], "k_pid_alt": [0.9797908572349221, 0.9460077087933595, 0.818738343700614], "k_pid_att": [25.518834293177328, 9.392227685607686, 0.16460975638524467], "k_pid_yaw": [0.5, 1e-06, 0.1], "k_pid_hsp": [8.459206537828814, 0.30423141375167906, 0.1662751407234665], "k_pid_vsp": [192.66742854391495, 16.72535494807705, 10.241784186109237]}, "datetime": {"datetime": "2025-08-14 05:24:55", "elapsed": 70623.836425066, "delta": 42.97753667831421}, "costs": {"total_cost": 1148.2685522140423, "time_cost": 150, "final_distance_cost": 64.42175823834538, "oscillation_cost": 595.8083041385516, "completition_cost": 222.2222222222222, "overshoot_cost": 52.717302018238556, "power_cost": 31.437140637207033, "noise_cost": 31.661824959477674, "n_waypoints_completed": 7, "tot_waypoints": 9}}
{"target": -400.46576294897966, "params": {"k_pid_pos": [1.6047786657124534, 0.8064108524145449, 0.035980937829002246], "k_pid_alt": [1.1983000108186823, 0.7577439166796147, 0.046171421661848844], "k_pid_att": [11.576206852696835, 8.986846521472113, 0.7421447768559809], "k_pid_yaw": [0.5, 1e-06, 0.1], "k_pid_hsp": [8.790522903440605, 0.20013168360353273, 0.8762179328433101], "k_pid_vsp": [301.6652067431798, 340.3680148555652, 86.44122542503374]}, "datetime": {"datetime": "2025-08-14 05:25:35", "elapsed": 70663.32609057426, "delta": 39.489665508270264}, "costs": {"total_cost": 400.46576294897966, "time_cost": 110.705, "final_distance_cost": 1.7353717130538087, "oscillation_cost": 168.12701337645427, "completition_cost": 0.0, "overshoot_cost": 63.21218064350681, "power_cost": 29.94232458496094, "noise_cost": 26.743872631003825, "n_waypoints_completed": 9, "tot_waypoints": 9}}
{"target": -1391.459967580718, "params": {"k_pid_pos": [0.6343866063763685, 0.7004728261405542, 0.30209258222148305], "k_pid_alt": [0.4442178126553509, 0.32258385183001226, 0.4830796202834041], "k_pid_att": [9.77937301431544, 6.5093896900016635, 0.013561626819174943], "k_pid_yaw": [0.5, 1e-06, 0.1], "k_pid_hsp": [0.6443211996108605, 0.4913737203755454, 0.680370735060984], "k_pid_vsp": [168.00785410862437, 3.650607997426391, 11.2502606574051]}, "datetime": {"datetime": "2025-08-14 05:26:23", "elapsed": 70711.3772675991, "delta": 48.05117702484131}, "costs": {"total_cost": 1391.459967580718, "time_cost": 150, "final_distance_cost": 48.01888577334708, "oscillation_cost": 512.320735904029, "completition_cost": 555.5555555555555, "overshoot_cost": 67.28591404577112, "power_cost": 27.312029931640627, "noise_cost": 30.966846370375027, "n_waypoints_completed": 4, "tot_waypoints": 9}}
{"target": -361.4087313402689, "params": {"k_pid_pos": [1.2169255734945559, 0.947128512051048, 0.6258089208480768], "k_pid_alt": [0.8541780824271192, 0.6734222408571613, 0.5954820599794325], "k_pid_att": [5.487417890527368, 4.463161586034531, 0.27113229132367045], "k_pid_yaw": [0.5, 1e-06, 0.1], "k_pid_hsp": [1.8429816664710064, 0.38923558493665655, 0.22864218234049105], "k_pid_vsp": [159.30459330503047, 21.458046269075066, 12.652007076866733]}, "datetime": {"datetime": "2025-08-14 05:27:10", "elapsed": 70758.3130042553, "delta": 46.935736656188965}, "costs": {"total_cost": 361.4087313402689, "time_cost": 102.46600000000001, "final_distance_cost": 1.781726646367711, "oscillation_cost": 148.4553627061493, "completition_cost": 0.0, "overshoot_cost": 57.99858078367697, "power_cost": 23.792765563964846, "noise_cost": 26.914295640110097, "n_waypoints_completed": 9, "tot_waypoints": 9}}
{"target": -329.0837223582831, "params": {"k_pid_pos": [1.702482758139888, 0.1024749453031979, 0.8186271626991293], "k_pid_alt": [0.9046904457304437, 0.5113322536781003, 0.5031129011533871], "k_pid_att": [18.63496334406375, 3.3416176459948708, 0.8931003361521337], "k_pid_yaw": [0.5, 1e-06, 0.1], "k_pid_hsp": [0.5640472773030849, 0.7744400509228587, 0.22359234867831335], "k_pid_vsp": [194.67726230129077, 300.78262295726904, 28.786566511194316]}, "datetime": {"datetime": "2025-08-14 05:27:43", "elapsed": 70791.82830452919, "delta": 33.515300273895264}, "costs": {"total_cost": 329.0837223582831, "time_cost": 83.664, "final_distance_cost": 1.7987919897057072, "oscillation_cost": 144.32357488790814, "completition_cost": 0.0, "overshoot_cost": 51.808246403254905, "power_cost": 25.277975451660158, "noise_cost": 22.21113362575424, "n_waypoints_completed": 9, "tot_waypoints": 9}}
{"target": -447.52021855012094, "params": {"k_pid_pos": [1.9705982012426764, 0.21895274070385295, 0.48962441428900283], "k_pid_alt": [1.8555034479513233, 0.7975734879495929, 0.58781235810606], "k_pid_att": [50.03948108175603, 9.281200615595386, 0.4930180897342554], "k_pid_yaw": [0.5, 1e-06, 0.1], "k_pid_hsp": [4.090259460607863, 0.2782031744675476, 0.7364153463115709], "k_pid_vsp": [87.74884026689125, 359.3699922499523, 39.26435782744152]}, "datetime": {"datetime": "2025-08-14 05:28:25", "elapsed": 70833.34419059753, "delta": 41.515886068344116}, "costs": {"total_cost": 447.52021855012094, "time_cost": 81.27, "final_distance_cost": 1.7533569928872812, "oscillation_cost": 261.5412729539803, "completition_cost": 0.0, "overshoot_cost": 54.68938977248947, "power_cost": 26.888293798828126, "noise_cost": 21.377905031935825, "n_waypoints_completed": 9, "tot_waypoints": 9}}
{"target": -834.4122060692532, "params": {"k_pid_pos": [0.2799229434380384, 0.9441897291601, 0.42909271877834443], "k_pid_alt": [1.6513352517543718, 0.44830474483543625, 0.8314930746986074], "k_pid_att": [8.799435418632696, 5.076889201177473, 0.1061510879864167], "k_pid_yaw": [0.5, 1e-06, 0.1], "k_pid_hsp": [1.3854445506472415, 0.19396288873430856, 0.5492540500485231], "k_pid_vsp": [319.87154701710773, 351.43300526048193, 94.05043539909872]}, "datetime": {"datetime": "2025-08-14 05:29:21", "elapsed": 70889.55172657967, "delta": 56.20753598213196}, "costs": {"total_cost": 834.4122060692532, "time_cost": 150, "final_distance_cost": 73.45089921523127, "oscillation_cost": 260.791565507279, "completition_cost": 222.2222222222222, "overshoot_cost": 61.4865016690975, "power_cost": 36.32088856201172, "noise_cost": 30.140128893411415, "n_waypoints_completed": 7, "tot_waypoints": 9}}
{"target": -632.4114342455075, "params": {"k_pid_pos": [0.4747473218168891, 0.17288949504604734, 0.604544680221974], "k_pid_alt": [1.425638631347874, 0.7822306622460192, 0.14287208219356318], "k_pid_att": [34.73476374421877, 6.246462782595458, 0.8572097030681362], "k_pid_yaw": [0.5, 1e-06, 0.1], "k_pid_hsp": [5.768193458155513, 0.13383800569405746, 0.7055742926303283], "k_pid_vsp": [104.69500441139576, 347.3571431681153, 46.843443648075564]}, "datetime": {"datetime": "2025-08-14 05:30:12", "elapsed": 70940.27501678467, "delta": 50.72329020500183}, "costs": {"total_cost": 632.4114342455075, "time_cost": 107.254, "final_distance_cost": 1.7953101924924588, "oscillation_cost": 402.102609034785, "completition_cost": 0.0, "overshoot_cost": 56.26322374329626, "power_cost": 34.433214758300785, "noise_cost": 30.563076516632954, "n_waypoints_completed": 9, "tot_waypoints": 9}}
{"target": -925.8863629117789, "params": {"k_pid_pos": [1.9717267572277932, 0.9809121043199972, 0.9235355794319985], "k_pid_alt": [0.5472957421597617, 0.6538772078558618, 0.9551628133697518], "k_pid_att": [22.112749966146904, 3.9049998938259782, 0.8012624583914097], "k_pid_yaw": [0.5, 1e-06, 0.1], "k_pid_hsp": [5.59759572796741, 0.9630836190056964, 0.8443297466700983], "k_pid_vsp": [272.61571489914155, 262.6140258871991, 35.469345373578484]}, "datetime": {"datetime": "2025-08-14 05:30:54", "elapsed": 70982.63365769386, "delta": 42.358640909194946}, "costs": {"total_cost": 925.8863629117789, "time_cost": 150, "final_distance_cost": 62.7289641928028, "oscillation_cost": 322.54450213289084, "completition_cost": 222.2222222222222, "overshoot_cost": 67.55050923305348, "power_cost": 43.578292895507815, "noise_cost": 57.26187223530162, "n_waypoints_completed": 7, "tot_waypoints": 9}}
{"target": -326.00733554897755, "params": {"k_pid_pos": [1.3134899234348267, 0.5067625047379558, 0.45053427827177817], "k_pid_alt": [1.3121677027642094, 0.11722473464033578, 0.10704208514867641], "k_pid_att": [3.6984912713845963, 6.70205665713361, 0.7882631566150122], "k_pid_yaw": [0.5, 1e-06, 0.1], "k_pid_hsp": [5.49598003972486, 0.3846986301629993, 0.4813228100440723], "k_pid_vsp": [252.52104242742524, 274.65091197892826, 44.1018532385655]}, "datetime": {"datetime": "2025-08-14 05:31:30", "elapsed": 71018.24324321747, "delta": 35.60958552360535}, "costs": {"total_cost": 326.00733554897755, "time_cost": 91.784, "final_distance_cost": 1.7686367951727853, "oscillation_cost": 136.8340821531372, "completition_cost": 0.0, "overshoot_cost": 56.76373189449652, "power_cost": 19.486655224609375, "noise_cost": 19.370229481561715, "n_waypoints_completed": 9, "tot_waypoints": 9}}
{"target": -1173.0999172512115, "params": {"k_pid_pos": [0.2952631026657943, 0.36569608886507, 0.7040814704275474], "k_pid_alt": [0.4154967375862224, 0.13136660693759905, 0.8005960617859897], "k_pid_att": [34.566152507980185, 0.18145786488233237, 0.6822703702233531], "k_pid_yaw": [0.5, 1e-06, 0.1], "k_pid_hsp": [4.155097655138976, 0.7187266204320903, 0.3863784032545713], "k_pid_vsp": [111.54542654646562, 341.51644294169495, 41.4903327221492]}, "datetime": {"datetime": "2025-08-14 05:32:11", "elapsed": 71059.68096351624, "delta": 41.43772029876709}, "costs": {"total_cost": 1173.0999172512115, "time_cost": 150, "final_distance_cost": 74.25028132245929, "oscillation_cost": 509.4482899633729, "completition_cost": 333.33333333333337, "overshoot_cost": 47.82178472485991, "power_cost": 30.678423168945315, "noise_cost": 27.56780473824066, "n_waypoints_completed": 6, "tot_waypoints": 9}}
{"target": -607.9775603171248, "params": {"k_pid_pos": [0.4560856981445954, 0.5977961588310999, 0.6074545617812194], "k_pid_alt": [0.8869689932199134, 0.14516260073782417, 0.7447150094136751], "k_pid_att": [7.148839039075206, 8.287036636324869, 0.19968051762475703], "k_pid_yaw": [0.5, 1e-06, 0.1], "k_pid_hsp": [1.3115904492143382, 0.3669597184857536, 0.12695598074870296], "k_pid_vsp": [153.69811817796068, 48.79682650458626, 10.327449871444225]}, "datetime": {"datetime": "2025-08-14 05:32:53", "elapsed": 71101.26012539864, "delta": 41.57916188240051}, "costs": {"total_cost": 607.9775603171248, "time_cost": 150, "final_distance_cost": 32.135211793206985, "oscillation_cost": 204.49953751103467, "completition_cost": 111.11111111111116, "overshoot_cost": 54.28562914914397, "power_cost": 26.820393981933595, "noise_cost": 29.125676770694472, "n_waypoints_completed": 8, "tot_waypoints": 9}}
{"target": -1136.4679896122675, "params": {"k_pid_pos": [0.16013041564588718, 0.9361708239517201, 0.028510604982987076], "k_pid_alt": [1.8286390513768038, 0.8597006231901783, 0.37537308765104027], "k_pid_att": [13.068643807285685, 0.15163215870606372, 0.5592954521206486], "k_pid_yaw": [0.5, 1e-06, 0.1], "k_pid_hsp": [0.6825712361467892, 0.48599429514770465, 0.8993797373227804], "k_pid_vsp": [288.611634184196, 342.32298575353906, 125.63634888309105]}, "datetime": {"datetime": "2025-08-14 05:33:34", "elapsed": 71142.72475171089, "delta": 41.46462631225586}, "costs": {"total_cost": 1136.4679896122675, "time_cost": 150, "final_distance_cost": 51.9445616763468, "oscillation_cost": 226.26379785458337, "completition_cost": 555.5555555555555, "overshoot_cost": 87.01756733476968, "power_cost": 35.311609204101565, "noise_cost": 30.374897986910597, "n_waypoints_completed": 4, "tot_waypoints": 9}}
{"target": -336.97923745705435, "params": {"k_pid_pos": [1.6847835094554566, 0.9083340389019767, 0.8267744793690105], "k_pid_alt": [0.4487439845995078, 0.3336120974784237, 0.3313513622386205], "k_pid_att": [3.3887194527329245, 0.708093797067837, 0.7859933978455623], "k_pid_yaw": [0.5, 1e-06, 0.1], "k_pid_hsp": [3.856927897799159, 0.599774203071524, 0.046185946061326755], "k_pid_vsp": [283.74807560881203, 330.74749102206204, 104.3553243082599]}, "datetime": {"datetime": "2025-08-14 05:34:15", "elapsed": 71183.86806797981, "delta": 41.1433162689209}, "costs": {"total_cost": 336.97923745705435, "time_cost": 114.268, "final_distance_cost": 1.7731168677932103, "oscillation_cost": 97.37978205161221, "completition_cost": 0.0, "overshoot_cost": 57.28797112067883, "power_cost": 35.53854499511719, "noise_cost": 30.731822421852893, "n_waypoints_completed": 9, "tot_waypoints": 9}}
{"target": -433.73905965659816, "params": {"k_pid_pos": [1.9991196268744125, 0.9394511095520581, 0.4714834815158435], "k_pid_alt": [0.9049230360127096, 0.22241132595132906, 0.43840040138231406], "k_pid_att": [13.773526339429376, 2.722116331565862, 0.8104335814562562], "k_pid_yaw": [0.5, 1e-06, 0.1], "k_pid_hsp": [9.467987340716506, 0.8087284207431212, 0.6206013656480796], "k_pid_vsp": [317.27247271880697, 342.75135731320205, 114.08845232027228]}, "datetime": {"datetime": "2025-08-14 05:34:58", "elapsed": 71226.46471452713, "delta": 42.596646547317505}, "costs": {"total_cost": 433.73905965659816, "time_cost": 105.441, "final_distance_cost": 1.7442546232060225, "oscillation_cost": 206.7991163222803, "completition_cost": 0.0, "overshoot_cost": 60.86275922983231, "power_cost": 31.551328186035157, "noise_cost": 27.340601295244355, "n_waypoints_completed": 9, "tot_waypoints": 9}}
{"target": -1286.043471809865, "params": {"k_pid_pos": [0.21125445133772597, 0.71546491737298, 0.44826568001201705], "k_pid_alt": [0.05620606224171021, 0.5379356176291181, 0.020346907857518026], "k_pid_att": [3.445138402647263, 4.223748503542627, 0.2469571165599994], "k_pid_yaw": [0.5, 1e-06, 0.1], "k_pid_hsp": [5.76817623297623, 0.8499668028427804, 0.13225893973193648], "k_pid_vsp": [266.7602148309769, 292.85160609701387, 41.588049976082345]}, "datetime": {"datetime": "2025-08-14 05:35:47", "elapsed": 71275.63049030304, "delta": 49.165775775909424}, "costs": {"total_cost": 1286.043471809865, "time_cost": 150, "final_distance_cost": 88.82214822117547, "oscillation_cost": 147.4663779652747, "completition_cost": 777.7777777777778, "overshoot_cost": 50.330402922053636, "power_cost": 39.25052781982422, "noise_cost": 32.396237103759105, "n_waypoints_completed": 2, "tot_waypoints": 9}}
{"target": -595.3407491832379, "params": {"k_pid_pos": [0.1771308575883181, 0.21591668053051027, 0.39931551537916066], "k_pid_alt": [1.2260061288284454, 0.6557266135554385, 0.9656282285031551], "k_pid_att": [8.595809186410486, 7.173724164600688, 0.15994751141212016], "k_pid_yaw": [0.5, 1e-06, 0.1], "k_pid_hsp": [0.9518223056916592, 0.823264187185399, 0.05783211317689585], "k_pid_vsp": [284.66185638623483, 269.71524222723417, 45.62381960151957]}, "datetime": {"datetime": "2025-08-14 05:36:36", "elapsed": 71324.90207743645, "delta": 49.27158713340759}, "costs": {"total_cost": 595.3407491832379, "time_cost": 150, "final_distance_cost": 65.59847327265844, "oscillation_cost": 154.39913126260842, "completition_cost": 111.11111111111116, "overshoot_cost": 57.32905843588801, "power_cost": 28.8286056640625, "noise_cost": 28.07436943690936, "n_waypoints_completed": 8, "tot_waypoints": 9}}
{"target": -1127.9139912162757, "params": {"k_pid_pos": [0.084569967625479, 0.891639239556779, 0.3964343257667612], "k_pid_alt": [0.9879458922375999, 0.39573247683859436, 0.3182376497984418], "k_pid_att": [16.627596981277705, 7.897672928790549, 0.20336209596792088], "k_pid_yaw": [0.5, 1e-06, 0.1], "k_pid_hsp": [9.382927872026466, 0.40191475731751347, 0.5726383737196772], "k_pid_vsp": [177.5296411465033, 39.05662445957805, 8.550158181661963]}, "datetime": {"datetime": "2025-08-14 05:37:19", "elapsed": 71367.37139129639, "delta": 42.469313859939575}, "costs": {"total_cost": 1127.9139912162757, "time_cost": 150, "final_distance_cost": 46.86182545914452, "oscillation_cost": 259.7833920150336, "completition_cost": 555.5555555555555, "overshoot_cost": 53.893004439136234, "power_cost": 28.98358697509766, "noise_cost": 32.83662677230788, "n_waypoints_completed": 4, "tot_waypoints": 9}}
{"target": -456.8920696896009, "params": {"k_pid_pos": [0.5953905910803475, 0.008082736097555498, 0.8197943272880108], "k_pid_alt": [0.9858597578377601, 0.2046407775044936, 0.14365055775548596], "k_pid_att": [5.999265542238231, 2.850495747078194, 0.28674867680674165], "k_pid_yaw": [0.5, 1e-06, 0.1], "k_pid_hsp": [9.674061820807593, 0.7729925582317878, 0.9755188818124189], "k_pid_vsp": [305.8785028732967, 352.02562497573354, 113.771312595628]}, "datetime": {"datetime": "2025-08-14 05:37:57", "elapsed": 71405.80336785316, "delta": 38.431976556777954}, "costs": {"total_cost": 456.8920696896009, "time_cost": 103.663, "final_distance_cost": 1.8356927032664714, "oscillation_cost": 244.94576219210475, "completition_cost": 0.0, "overshoot_cost": 57.23643306125551, "power_cost": 25.41806456298828, "noise_cost": 23.79311716998585, "n_waypoints_completed": 9, "tot_waypoints": 9}}
{"target": -623.9594826503096, "params": {"k_pid_pos": [0.9777392446988118, 0.26469541963169674, 0.4436019443199103], "k_pid_alt": [0.4430111630443183, 0.9379006534992518, 0.5759589741364053], "k_pid_att": [8.515764657255687, 1.2460153838639667, 0.05204371907832628], "k_pid_yaw": [0.5, 1e-06, 0.1], "k_pid_hsp": [5.874491600586568, 0.9821286380893344, 0.7759808074089419], "k_pid_vsp": [169.493240189414, 8.299105991329949, 36.459699650666025]}, "datetime": {"datetime": "2025-08-14 05:38:43", "elapsed": 71451.62771320343, "delta": 45.8243453502655}, "costs": {"total_cost": 623.9594826503096, "time_cost": 114.394, "final_distance_cost": 1.7836557956310937, "oscillation_cost": 385.038155014972, "completition_cost": 0.0, "overshoot_cost": 65.03647655930149, "power_cost": 29.897483544921876, "noise_cost": 27.809711735483138, "n_waypoints_completed": 9, "tot_waypoints": 9}}
{"target": -312.3121807043811, "params": {"k_pid_pos": [1.6831469363787128, 0.19772055173276132, 0.5140873836600064], "k_pid_alt": [1.4024327748368812, 0.6851428342105059, 0.34608806941810727], "k_pid_att": [4.891686790652334, 6.463448897052682, 0.8541424617280001], "k_pid_yaw": [0.5, 1e-06, 0.1], "k_pid_hsp": [6.606666138704384, 0.4770236071015146, 0.14137713502434543], "k_pid_vsp": [298.7414414261433, 306.3680397207541, 117.49683003506507]}, "datetime": {"datetime": "2025-08-14 05:39:18", "elapsed": 71486.63834881783, "delta": 35.01063561439514}, "costs": {"total_cost": 312.3121807043811, "time_cost": 82.789, "final_distance_cost": 1.780166676809199, "oscillation_cost": 130.57497598008712, "completition_cost": 0.0, "overshoot_cost": 53.893305884441055, "power_cost": 23.121183654785156, "noise_cost": 20.153548508258563, "n_waypoints_completed": 9, "tot_waypoints": 9}}
{"target": -1364.0631031670564, "params": {"k_pid_pos": [0.479127583142317, 0.7601560610851054, 0.7589734114930156], "k_pid_alt": [1.755097952157621, 0.18453000013315513, 0.23702918222173652], "k_pid_att": [16.591572496002836, 7.753990957658371, 0.2018289920405142], "k_pid_yaw": [0.5, 1e-06, 0.1], "k_pid_hsp": [0.855414678299171, 0.10977428859239668, 0.9280658586839797], "k_pid_vsp": [286.10009846993086, 351.17729198141825, 120.46596400564341]}, "datetime": {"datetime": "2025-08-14 05:40:12", "elapsed": 71540.78846406937, "delta": 54.15011525154114}, "costs": {"total_cost": 1364.0631031670564, "time_cost": 150, "final_distance_cost": 41.85149530398124, "oscillation_cost": 497.1175881754646, "completition_cost": 555.5555555555555, "overshoot_cost": 61.84772960246535, "power_cost": 30.155374609375002, "noise_cost": 27.535359920214724, "n_waypoints_completed": 4, "tot_waypoints": 9}}
