{"target": -309.961859233997, "params": {"k_pid_pos": [0.5086327085065455, 0.026956925185344205, 0.11026873599708098], "k_pid_alt": [1.2495288342093105, 0.42934405321489355, 0.4150365457174934], "k_pid_att": [10.637970051889056, 3.724265012190512, 0.5526127098446098], "k_pid_yaw": [0.5, 1e-06, 0.1], "k_pid_hsp": [3.124925601783183, 0.15772954116515348, 0.950956958719728], "k_pid_vsp": [199.36294090723555, 320.2023388136705, 14.183631217417934]}, "datetime": {"datetime": "2025-08-13 19:03:34", "elapsed": 33342.10836267471, "delta": 22.227960348129272}, "costs": {"total_cost": 309.961859233997, "time_cost": 80.15, "final_distance_cost": 1.7898887925605325, "oscillation_cost": 138.42591710311754, "completition_cost": 0.0, "overshoot_cost": 53.53946901449457, "power_cost": 17.506733032226563, "noise_cost": 18.549851291597793, "n_waypoints_completed": 9, "tot_waypoints": 9}}
{"target": -521.666960119095, "params": {"k_pid_pos": [0.34383958436425677, 0.4777219600322823, 0.12372136851921955], "k_pid_alt": [0.955694273379402, 0.7449273929647509, 0.7988769620180642], "k_pid_att": [21.66628251448346, 0.9988936470776717, 0.8587178137715096], "k_pid_yaw": [0.5, 1e-06, 0.1], "k_pid_hsp": [4.622094030686146, 0.4961898621799684, 0.37356872086219817], "k_pid_vsp": [189.42988529468482, 299.08791275859306, 22.28735022088828]}, "datetime": {"datetime": "2025-08-13 19:04:05", "elapsed": 33373.48719859123, "delta": 31.378835916519165}, "costs": {"total_cost": 521.666960119095, "time_cost": 115.395, "final_distance_cost": 1.7879186323747702, "oscillation_cost": 281.62094930911155, "completition_cost": 0.0, "overshoot_cost": 57.4035055501061, "power_cost": 34.33019896240234, "noise_cost": 31.129387665100314, "n_waypoints_completed": 9, "tot_waypoints": 9}}
{"target": -508.26587895057935, "params": {"k_pid_pos": [0.6052055407934451, 0.28725713103268624, 0.3839891442541885], "k_pid_alt": [1.679314828804872, 0.5903370298863733, 0.9776167370484994], "k_pid_att": [9.57905544182368, 8.940106821635506, 0.5060368934994555], "k_pid_yaw": [0.5, 1e-06, 0.1], "k_pid_hsp": [8.53878702586311, 0.7591519744755608, 0.7857043138582326], "k_pid_vsp": [182.9668988553505, 12.222036410234413, 12.516476720448296]}, "datetime": {"datetime": "2025-08-13 19:04:34", "elapsed": 33402.44286465645, "delta": 28.955666065216064}, "costs": {"total_cost": 508.26587895057935, "time_cost": 109.389, "final_distance_cost": 1.7928230501898117, "oscillation_cost": 283.08393467032425, "completition_cost": 0.0, "overshoot_cost": 57.78178599367253, "power_cost": 28.27767127685547, "noise_cost": 27.94066395953726, "n_waypoints_completed": 9, "tot_waypoints": 9}}
{"target": -448.35988033811054, "params": {"k_pid_pos": [0.7881829197726589, 0.6357297186112362, 0.9545680824264565], "k_pid_alt": [0.8837366240830871, 0.22591813051867804, 0.867005249617739], "k_pid_att": [7.123044423832525, 7.623910634123165, 0.5324543338043066], "k_pid_yaw": [0.5, 1e-06, 0.1], "k_pid_hsp": [8.07163469990862, 0.06782876275552807, 0.5656236619204401], "k_pid_vsp": [318.59213107257773, 322.6059596078984, 101.06581061836758]}, "datetime": {"datetime": "2025-08-13 19:05:08", "elapsed": 33435.993772506714, "delta": 33.5509078502655}, "costs": {"total_cost": 448.35988033811054, "time_cost": 115.64, "final_distance_cost": 1.7622802691506552, "oscillation_cost": 224.16215978843545, "completition_cost": 0.0, "overshoot_cost": 57.248918037409425, "power_cost": 25.024312573242188, "noise_cost": 24.52220966987277, "n_waypoints_completed": 9, "tot_waypoints": 9}}
{"target": -841.1722092951636, "params": {"k_pid_pos": [0.22626926051730373, 0.16146895679089956, 0.4488448191679215], "k_pid_alt": [1.9302977982275509, 0.5916217899190288, 0.8015084250203496], "k_pid_att": [5.487611513585289, 3.4661052652422124, 0.4399045135931914], "k_pid_yaw": [0.5, 1e-06, 0.1], "k_pid_hsp": [6.874962383108994, 0.3792754807347197, 0.9773185815381046], "k_pid_vsp": [298.45000709826513, 351.3480090647024, 97.57028119938437]}, "datetime": {"datetime": "2025-08-13 19:05:39", "elapsed": 33467.45815849304, "delta": 31.464385986328125}, "costs": {"total_cost": 841.1722092951636, "time_cost": 150, "final_distance_cost": 67.56808574985814, "oscillation_cost": 285.35959472548615, "completition_cost": 222.2222222222222, "overshoot_cost": 55.26317079439219, "power_cost": 32.92004725341797, "noise_cost": 27.839088549786954, "n_waypoints_completed": 7, "tot_waypoints": 9}}
{"target": -952.3421149573555, "params": {"k_pid_pos": [0.12135524787892701, 0.2669741880247605, 0.024015215518445432], "k_pid_alt": [1.6285821697763845, 0.38609157937632665, 0.3058038113736322], "k_pid_att": [7.366699423225254, 2.8753502536038935, 0.9007603353792906], "k_pid_yaw": [0.5, 1e-06, 0.1], "k_pid_hsp": [4.394898696362748, 0.49525585514717985, 0.10903162048903092], "k_pid_vsp": [174.38700620827956, 38.6078791685803, 4.773419476378063]}, "datetime": {"datetime": "2025-08-13 19:06:11", "elapsed": 33499.93121576309, "delta": 32.47305727005005}, "costs": {"total_cost": 952.3421149573555, "time_cost": 150, "final_distance_cost": 45.628716719628315, "oscillation_cost": 74.3137120202568, "completition_cost": 555.5555555555555, "overshoot_cost": 49.083004841249675, "power_cost": 41.86369409179688, "noise_cost": 35.89743172886837, "n_waypoints_completed": 4, "tot_waypoints": 9}}
{"target": -753.4978289095529, "params": {"k_pid_pos": [1.5668932107294669, 0.9859496501929829, 0.823692780077889], "k_pid_alt": [0.17538418785187782, 0.233290106733829, 0.4363998263845875], "k_pid_att": [52.67720299749064, 7.119774282140011, 0.28823855791967457], "k_pid_yaw": [0.5, 1e-06, 0.1], "k_pid_hsp": [8.39871151533685, 0.44456530656085425, 0.152922118577959], "k_pid_vsp": [187.23456611798463, 11.551412415957584, 12.004849046595567]}, "datetime": {"datetime": "2025-08-13 19:06:41", "elapsed": 33529.86884188652, "delta": 29.937626123428345}, "costs": {"total_cost": 753.4978289095529, "time_cost": 115.49300000000001, "final_distance_cost": 1.7661219879858239, "oscillation_cost": 511.3422565230759, "completition_cost": 0.0, "overshoot_cost": 63.25542586092091, "power_cost": 29.78849747314453, "noise_cost": 31.852527064425725, "n_waypoints_completed": 9, "tot_waypoints": 9}}
{"target": -419.0339548076203, "params": {"k_pid_pos": [0.7383551489257123, 0.26517765854119957, 0.9288736809899736], "k_pid_alt": [0.8259872889309006, 0.49028096226504736, 0.2797283766028743], "k_pid_att": [5.266592676881643, 8.200968855339202, 0.5997089330459976], "k_pid_yaw": [0.5, 1e-06, 0.1], "k_pid_hsp": [6.887779647139378, 0.4419179785875025, 0.371638918555104], "k_pid_vsp": [171.28395696192024, 31.22486265672587, 5.76772327675018]}, "datetime": {"datetime": "2025-08-13 19:07:12", "elapsed": 33560.69057703018, "delta": 30.8217351436615}, "costs": {"total_cost": 419.0339548076203, "time_cost": 113.407, "final_distance_cost": 1.7765507194468728, "oscillation_cost": 195.7143221074908, "completition_cost": 0.0, "overshoot_cost": 59.0648977705647, "power_cost": 18.83858701171875, "noise_cost": 30.23259719839924, "n_waypoints_completed": 9, "tot_waypoints": 9}}
{"target": -530.9917435992678, "params": {"k_pid_pos": [1.3869262860729716, 0.8300471792068705, 0.8324080413211833], "k_pid_alt": [0.8375595386593153, 0.7059407123617492, 0.6593048663124821], "k_pid_att": [14.316267988567144, 0.738748514421242, 0.3547099618303935], "k_pid_yaw": [0.5, 1e-06, 0.1], "k_pid_hsp": [9.206131743876169, 0.752074592967279, 0.4579924103446671], "k_pid_vsp": [172.4117265354066, 7.344113949556223, 15.764592506012299]}, "datetime": {"datetime": "2025-08-13 19:07:41", "elapsed": 33589.42375802994, "delta": 28.73318099975586}, "costs": {"total_cost": 530.9917435992678, "time_cost": 109.10900000000001, "final_distance_cost": 1.7885684415345735, "oscillation_cost": 303.3688459807806, "completition_cost": 0.0, "overshoot_cost": 58.20173133469859, "power_cost": 29.176828283691407, "noise_cost": 29.34676955856261, "n_waypoints_completed": 9, "tot_waypoints": 9}}
{"target": -718.8544994605594, "params": {"k_pid_pos": [1.8179306774465005, 0.9254862302843097, 0.2460361045993198], "k_pid_alt": [0.3518061524568943, 0.5684052538083938, 0.6425251739773721], "k_pid_att": [8.010421306711402, 1.8001510864394914, 0.4381984207041112], "k_pid_yaw": [0.5, 1e-06, 0.1], "k_pid_hsp": [8.857305631408321, 0.09981745000178865, 0.8197048061723673], "k_pid_vsp": [177.07638978639898, 11.266765031746914, 5.363356888036732]}, "datetime": {"datetime": "2025-08-13 19:08:12", "elapsed": 33620.58908700943, "delta": 31.165328979492188}, "costs": {"total_cost": 718.8544994605594, "time_cost": 150, "final_distance_cost": 66.37191310913958, "oscillation_cost": 158.78934987955293, "completition_cost": 222.2222222222222, "overshoot_cost": 61.21021500156006, "power_cost": 27.61479752197266, "noise_cost": 32.64600172611201, "n_waypoints_completed": 7, "tot_waypoints": 9}}
{"target": -792.4800040340987, "params": {"k_pid_pos": [0.39084310958597107, 0.2547243280703717, 0.9305586265151201], "k_pid_alt": [1.039304527054224, 0.7454387140005825, 0.1665858877140345], "k_pid_att": [12.638645028809803, 6.710066915911103, 0.37306699534212473], "k_pid_yaw": [0.5, 1e-06, 0.1], "k_pid_hsp": [7.478402437923701, 0.2616765258776118, 0.5642829291819774], "k_pid_vsp": [256.20761655104343, 289.1689392880072, 55.739800839735146]}, "datetime": {"datetime": "2025-08-13 19:08:46", "elapsed": 33654.8347260952, "delta": 34.24563908576965}, "costs": {"total_cost": 792.4800040340987, "time_cost": 150, "final_distance_cost": 8.885702384633943, "oscillation_cost": 396.85020448429754, "completition_cost": 111.11111111111116, "overshoot_cost": 62.77367830688809, "power_cost": 33.06912979736328, "noise_cost": 29.790177949804576, "n_waypoints_completed": 8, "tot_waypoints": 9}}
{"target": -1249.745128042702, "params": {"k_pid_pos": [0.2713520581011724, 0.5206132595572434, 0.917604526259343], "k_pid_alt": [0.9538068129994124, 0.6001049146488724, 0.7865359356379973], "k_pid_att": [19.49781775198536, 2.0317390034883918, 0.32979505685961263], "k_pid_yaw": [0.5, 1e-06, 0.1], "k_pid_hsp": [7.453815374419473, 0.024134853529032108, 0.27900722006063516], "k_pid_vsp": [156.90460184318903, 2.182879289662055, 26.929317065103817]}, "datetime": {"datetime": "2025-08-13 19:09:18", "elapsed": 33686.43879985809, "delta": 31.604073762893677}, "costs": {"total_cost": 1249.745128042702, "time_cost": 150, "final_distance_cost": 71.72066859509444, "oscillation_cost": 575.2486560955186, "completition_cost": 333.33333333333337, "overshoot_cost": 49.39070862159864, "power_cost": 37.08846772460938, "noise_cost": 32.96329367254716, "n_waypoints_completed": 6, "tot_waypoints": 9}}
{"target": -631.8062881080374, "params": {"k_pid_pos": [1.257510128579151, 0.3603180316986927, 0.7104814433128618], "k_pid_alt": [0.9016197171381721, 0.6636280695019259, 0.5808189864551265], "k_pid_att": [15.959461493876304, 7.722210177298775, 0.06396740125049027], "k_pid_yaw": [0.5, 1e-06, 0.1], "k_pid_hsp": [8.60037243996386, 0.08900852067013842, 0.8806079069530075], "k_pid_vsp": [265.3758897271224, 269.01967956725554, 56.16339060647798]}, "datetime": {"datetime": "2025-08-13 19:09:51", "elapsed": 33719.61434841156, "delta": 33.1755485534668}, "costs": {"total_cost": 631.8062881080374, "time_cost": 103.194, "final_distance_cost": 1.7502620219973644, "oscillation_cost": 409.4440219336325, "completition_cost": 0.0, "overshoot_cost": 58.64977744818117, "power_cost": 31.566470764160158, "noise_cost": 27.201755940066196, "n_waypoints_completed": 9, "tot_waypoints": 9}}
{"target": -509.2974271799431, "params": {"k_pid_pos": [0.28258895852721344, 0.6386563802811973, 0.32675137889423933], "k_pid_alt": [1.8591740556584542, 0.8979646838133583, 0.020486466229954425], "k_pid_att": [2.3249470907305003, 3.155786431246157, 0.6354444613813066], "k_pid_yaw": [0.5, 1e-06, 0.1], "k_pid_hsp": [5.258788239947186, 0.41516975649760124, 0.3376497109912937], "k_pid_vsp": [174.21799462817881, 3.96485796247872, 10.951291357358363]}, "datetime": {"datetime": "2025-08-13 19:10:25", "elapsed": 33753.7831223011, "delta": 34.168773889541626}, "costs": {"total_cost": 509.2974271799431, "time_cost": 150, "final_distance_cost": 4.856810515950022, "oscillation_cost": 130.45636472788536, "completition_cost": 111.11111111111116, "overshoot_cost": 59.979957446571035, "power_cost": 24.107064587402345, "noise_cost": 28.786118791023135, "n_waypoints_completed": 8, "tot_waypoints": 9}}
{"target": -298.17159728659857, "params": {"k_pid_pos": [0.5442763998028269, 0.24437568934317289, 0.414685900973353], "k_pid_alt": [1.0807128013280758, 0.9623397364783087, 0.7930606806451396], "k_pid_att": [9.737074299437387, 2.1513872743213556, 0.34821926535882686], "k_pid_yaw": [0.5, 1e-06, 0.1], "k_pid_hsp": [5.417218487672735, 0.1643219825809763, 0.021014261525934885], "k_pid_vsp": [299.8925032327627, 330.6864935658431, 99.53262520378654]}, "datetime": {"datetime": "2025-08-13 19:10:59", "elapsed": 33787.14532518387, "delta": 33.362202882766724}, "costs": {"total_cost": 298.17159728659857, "time_cost": 117.411, "final_distance_cost": 1.7718741666249027, "oscillation_cost": 68.54378722362341, "completition_cost": 0.0, "overshoot_cost": 60.42095048475425, "power_cost": 23.96748737792969, "noise_cost": 26.056498033666323, "n_waypoints_completed": 9, "tot_waypoints": 9}}
{"target": -565.9087241807404, "params": {"k_pid_pos": [1.394328476685364, 0.38596903881807265, 0.000534984967686114], "k_pid_alt": [0.04926781984683837, 0.8951984688311287, 0.3547528422397618], "k_pid_att": [17.464595496984636, 0.21605031853520248, 0.5953864019765829], "k_pid_yaw": [0.5, 1e-06, 0.1], "k_pid_hsp": [6.859793224333154, 0.7318234235018555, 0.09926078653477344], "k_pid_vsp": [270.9240966544201, 337.7364483761851, 108.78042753016707]}, "datetime": {"datetime": "2025-08-13 19:11:31", "elapsed": 33819.02327847481, "delta": 31.87795329093933}, "costs": {"total_cost": 565.9087241807404, "time_cost": 150, "final_distance_cost": 60.08128294827144, "oscillation_cost": 124.6463953759765, "completition_cost": 111.11111111111116, "overshoot_cost": 65.74936839344053, "power_cost": 27.041534143066407, "noise_cost": 27.27903220887433, "n_waypoints_completed": 8, "tot_waypoints": 9}}
{"target": -311.5099055183037, "params": {"k_pid_pos": [1.4032113326411604, 0.333408722786935, 0.5756675199495936], "k_pid_alt": [1.8394436422529743, 0.702713866703946, 0.219807150021609], "k_pid_att": [4.836885642953259, 8.23785238245656, 0.7683568896280806], "k_pid_yaw": [0.5, 1e-06, 0.1], "k_pid_hsp": [2.8741921851084773, 0.5950275003585653, 0.21907549999094977], "k_pid_vsp": [170.53212290026897, 24.380751731785594, 11.042849023572334]}, "datetime": {"datetime": "2025-08-13 19:11:55", "elapsed": 33843.04705810547, "delta": 24.02377963066101}, "costs": {"total_cost": 311.5099055183037, "time_cost": 83.762, "final_distance_cost": 1.7853648282739212, "oscillation_cost": 127.64737674531611, "completition_cost": 0.0, "overshoot_cost": 54.56423275839026, "power_cost": 21.825543481445315, "noise_cost": 21.925387704878062, "n_waypoints_completed": 9, "tot_waypoints": 9}}
{"target": -1223.156666034959, "params": {"k_pid_pos": [1.797866291180446, 0.10604692840172625, 0.3038935790517381], "k_pid_alt": [0.2042516260829006, 0.9641099934561851, 0.4543369198453422], "k_pid_att": [6.2022516822638485, 6.611001089556245, 0.16467777184183385], "k_pid_yaw": [0.5, 1e-06, 0.1], "k_pid_hsp": [2.040098341086451, 0.9980170165653685, 0.9150509342896905], "k_pid_vsp": [184.5410294906472, 320.34110722246487, 17.31820613594412]}, "datetime": {"datetime": "2025-08-13 19:12:27", "elapsed": 33874.98018836975, "delta": 31.933130264282227}, "costs": {"total_cost": 1223.156666034959, "time_cost": 150, "final_distance_cost": 39.581432941386254, "oscillation_cost": 352.47924784134, "completition_cost": 555.5555555555555, "overshoot_cost": 59.473771160252234, "power_cost": 34.24459031982422, "noise_cost": 31.822068216600755, "n_waypoints_completed": 4, "tot_waypoints": 9}}
{"target": -1565.8558556551127, "params": {"k_pid_pos": [0.15062188338812513, 0.061163403209025025, 0.9662436546994602], "k_pid_alt": [0.6158718625993587, 0.4325469213690466, 0.6337016722916501], "k_pid_att": [35.74360993069712, 3.337673191494423, 0.3281683540148098], "k_pid_yaw": [0.5, 1e-06, 0.1], "k_pid_hsp": [5.769256450185346, 0.43204097382267626, 0.6819036767977474], "k_pid_vsp": [107.0903743954013, 360.74594023114923, 48.430866467203636]}, "datetime": {"datetime": "2025-08-13 19:12:59", "elapsed": 33907.80011796951, "delta": 32.81992959976196}, "costs": {"total_cost": 1565.8558556551127, "time_cost": 150, "final_distance_cost": 46.864179960306274, "oscillation_cost": 664.2981111297256, "completition_cost": 555.5555555555555, "overshoot_cost": 68.84423960840056, "power_cost": 44.44806700439453, "noise_cost": 35.84570239673002, "n_waypoints_completed": 4, "tot_waypoints": 9}}
{"target": -506.28910603089366, "params": {"k_pid_pos": [1.9249154876718377, 0.5604098761908378, 0.21170673499310166], "k_pid_alt": [1.8409759226886644, 0.26019120349985914, 0.30382647550645836], "k_pid_att": [37.58489853732074, 4.891228404799943, 0.37750814348264217], "k_pid_yaw": [0.5, 1e-06, 0.1], "k_pid_hsp": [5.296411927189186, 0.8919942949930678, 0.32683729294574937], "k_pid_vsp": [112.59115345744428, 349.2064679638562, 49.7652348781241]}, "datetime": {"datetime": "2025-08-13 19:13:31", "elapsed": 33939.325102329254, "delta": 31.52498435974121}, "costs": {"total_cost": 506.28910603089366, "time_cost": 107.366, "final_distance_cost": 1.7747965331145157, "oscillation_cost": 284.6606101393111, "completition_cost": 0.0, "overshoot_cost": 60.886928588112106, "power_cost": 26.603290246582034, "noise_cost": 24.997480523773962, "n_waypoints_completed": 9, "tot_waypoints": 9}}
{"target": -538.4590428302924, "params": {"k_pid_pos": [0.8904543942627672, 0.8463504024825108, 0.5385536381678337], "k_pid_alt": [1.1322256867821863, 0.8211099422370058, 0.06838596669689723], "k_pid_att": [10.48164147210009, 8.844753038137974, 0.34417524382456677], "k_pid_yaw": [0.5, 1e-06, 0.1], "k_pid_hsp": [7.9027382052413255, 0.25072453871851175, 0.3664968408730507], "k_pid_vsp": [173.4867148176604, 21.511790998561555, 19.568792366735416]}, "datetime": {"datetime": "2025-08-13 19:14:01", "elapsed": 33969.27058553696, "delta": 29.945483207702637}, "costs": {"total_cost": 538.4590428302924, "time_cost": 109.76, "final_distance_cost": 1.7675854207244863, "oscillation_cost": 299.05969488076386, "completition_cost": 0.0, "overshoot_cost": 58.21802650159979, "power_cost": 36.334136779785155, "noise_cost": 33.31959924741904, "n_waypoints_completed": 9, "tot_waypoints": 9}}
{"target": -744.7343707744993, "params": {"k_pid_pos": [0.6319225693020498, 0.18910211248841957, 0.3496651856226839], "k_pid_alt": [0.8820489436018735, 0.4850269419914779, 0.539256078346012], "k_pid_att": [16.810078378733117, 6.6914276559403385, 0.05308513008186544], "k_pid_yaw": [0.5, 1e-06, 0.1], "k_pid_hsp": [8.304061542898117, 0.8460769768531426, 0.9544242611851274], "k_pid_vsp": [298.72726541566874, 326.0035460312751, 75.33032835981167]}, "datetime": {"datetime": "2025-08-13 19:14:33", "elapsed": 34000.969953775406, "delta": 31.699368238449097}, "costs": {"total_cost": 744.7343707744993, "time_cost": 118.23700000000001, "final_distance_cost": 1.7705764366493566, "oscillation_cost": 505.19897337690287, "completition_cost": 0.0, "overshoot_cost": 59.08279208865395, "power_cost": 30.681618969726564, "noise_cost": 29.763409902566664, "n_waypoints_completed": 9, "tot_waypoints": 9}}
{"target": -1153.449958797231, "params": {"k_pid_pos": [0.32164774074325597, 0.1930115662446943, 0.9850054449015964], "k_pid_alt": [0.6899291992406826, 0.9904410037866794, 0.6036753369816761], "k_pid_att": [3.0581507829817944, 3.733552230861658, 0.28748450010469695], "k_pid_yaw": [0.5, 1e-06, 0.1], "k_pid_hsp": [5.0958329245738225, 0.5889697653005369, 0.25432627182363954], "k_pid_vsp": [304.66362660544866, 327.66030689599944, 105.96226296288478]}, "datetime": {"datetime": "2025-08-13 19:15:04", "elapsed": 34032.678748846054, "delta": 31.708795070648193}, "costs": {"total_cost": 1153.449958797231, "time_cost": 150, "final_distance_cost": 45.753263444965164, "oscillation_cost": 273.29912147453496, "completition_cost": 555.5555555555555, "overshoot_cost": 58.135364632549845, "power_cost": 38.86194033203125, "noise_cost": 31.84471335759397, "n_waypoints_completed": 4, "tot_waypoints": 9}}
{"target": -543.3188175846465, "params": {"k_pid_pos": [0.5094300580516462, 0.4724939084285721, 0.2076645741500518], "k_pid_alt": [0.7160455496097713, 0.7375132902194058, 0.3811445184973784], "k_pid_att": [8.293492679200764, 6.449402376307473, 0.5277197222616455], "k_pid_yaw": [0.5, 1e-06, 0.1], "k_pid_hsp": [1.2489526488361988, 0.36038786592265604, 0.08892405457893637], "k_pid_vsp": [169.2023844425129, 5.927731724345778, 21.16441310230724]}, "datetime": {"datetime": "2025-08-13 19:15:38", "elapsed": 34066.81615614891, "delta": 34.137407302856445}, "costs": {"total_cost": 543.3188175846465, "time_cost": 150, "final_distance_cost": 3.865590938176035, "oscillation_cost": 149.69382078792904, "completition_cost": 111.11111111111116, "overshoot_cost": 61.133116318294896, "power_cost": 34.54693571777344, "noise_cost": 32.96824271136197, "n_waypoints_completed": 8, "tot_waypoints": 9}}
