{"target": -328.9774450157821, "params": {"k_pid_pos": [1.7074307244928768, 0.8712380351691855, 0.6519017383478374], "k_pid_alt": [0.9520567917175085, 0.22000759934275194, 0.6316427685029878], "k_pid_att": [19.22612306166117, 1.423306368638976, 0.9209489347135428], "k_pid_yaw": [0.5, 1e-06, 0.1], "k_pid_hsp": [6.0036317750113675, 0.8736441198626429, 0.11244830021802998], "k_pid_vsp": [294.85152923354434, 337.8365770271588, 99.05287631090616]}, "datetime": {"datetime": "2025-08-13 12:26:22", "elapsed": 9510.857440948486, "delta": 25.363293409347534}, "costs": {"total_cost": 328.9774450157821, "time_cost": 100.184, "final_distance_cost": 1.7694704902179543, "oscillation_cost": 119.29568211136812, "completition_cost": 0.0, "overshoot_cost": 54.341845955101334, "power_cost": 28.821347338867188, "noise_cost": 24.565099120227494, "n_waypoints_completed": 9, "tot_waypoints": 9}}
{"target": -465.61280075795605, "params": {"k_pid_pos": [1.4635048004974642, 0.2877872199099306, 0.005136112567809326], "k_pid_alt": [0.5121934256201206, 0.6701706587695296, 0.40333788734163245], "k_pid_att": [8.410174277384108, 5.111027536801582, 0.5761779874327184], "k_pid_yaw": [0.5, 1e-06, 0.1], "k_pid_hsp": [4.943610093279237, 0.49716963792589663, 0.843628656074692], "k_pid_vsp": [289.6320897681372, 334.2828101603675, 103.19091065024139]}, "datetime": {"datetime": "2025-08-13 12:26:53", "elapsed": 9541.033472537994, "delta": 30.176031589508057}, "costs": {"total_cost": 465.61280075795605, "time_cost": 118.601, "final_distance_cost": 1.775763743971793, "oscillation_cost": 227.24955606807782, "completition_cost": 0.0, "overshoot_cost": 64.34490929888919, "power_cost": 27.07568317871094, "noise_cost": 26.565888468306326, "n_waypoints_completed": 9, "tot_waypoints": 9}}
{"target": -1733.9630006191512, "params": {"k_pid_pos": [0.9985914627558506, 0.6946565037751704, 0.9826156958562445], "k_pid_alt": [1.5838184214719877, 0.7053382367980494, 0.26800757892168203], "k_pid_att": [40.74366354668181, 1.299207122019401, 0.37825392657418455], "k_pid_yaw": [0.5, 1e-06, 0.1], "k_pid_hsp": [0.21253037055659488, 0.10255151816490138, 0.33352667221976084], "k_pid_vsp": [196.30445922760694, 19.718268517087417, 14.43689753687805]}, "datetime": {"datetime": "2025-08-13 12:27:23", "elapsed": 9571.272062063217, "delta": 30.23858952522278}, "costs": {"total_cost": 1733.9630006191512, "time_cost": 150, "final_distance_cost": 42.464466004466054, "oscillation_cost": 715.9111147698709, "completition_cost": 666.6666666666667, "overshoot_cost": 95.32811449805844, "power_cost": 34.46730877685547, "noise_cost": 29.125329903233453, "n_waypoints_completed": 3, "tot_waypoints": 9}}
{"target": -812.6253260542127, "params": {"k_pid_pos": [0.4438954641671566, 0.28053324817822445, 0.25545339682181545], "k_pid_alt": [0.5676540752003469, 0.5075882791637091, 0.7058155331405545], "k_pid_att": [22.805769562963352, 6.263248195948084, 0.7036511808468233], "k_pid_yaw": [0.5, 1e-06, 0.1], "k_pid_hsp": [5.0550602531604465, 0.596228703575939, 0.3210976149255288], "k_pid_vsp": [149.3197458370374, 8.251410176040922, 18.766749747356798]}, "datetime": {"datetime": "2025-08-13 12:27:53", "elapsed": 9601.615691423416, "delta": 30.343629360198975}, "costs": {"total_cost": 812.6253260542127, "time_cost": 150, "final_distance_cost": 37.28487014842381, "oscillation_cost": 389.8681409344905, "completition_cost": 111.11111111111116, "overshoot_cost": 60.3990537778113, "power_cost": 32.95787681884766, "noise_cost": 31.004273263528138, "n_waypoints_completed": 8, "tot_waypoints": 9}}
{"target": -310.22168195652813, "params": {"k_pid_pos": [1.2664637747903122, 0.8767156348623081, 0.7270757410011188], "k_pid_alt": [1.1977456117006795, 0.46102025491776855, 0.6106385112778836], "k_pid_att": [9.213113184738697, 5.325037041898869, 0.9845715256953117], "k_pid_yaw": [0.5, 1e-06, 0.1], "k_pid_hsp": [1.439906877779014, 0.08494846965846592, 0.07741283795523246], "k_pid_vsp": [261.88266522344446, 278.0111780086201, 49.18357169490851]}, "datetime": {"datetime": "2025-08-13 12:28:21", "elapsed": 9629.651844263077, "delta": 28.036152839660645}, "costs": {"total_cost": 310.22168195652813, "time_cost": 94.64, "final_distance_cost": 1.753159753633852, "oscillation_cost": 106.49156147598453, "completition_cost": 0.0, "overshoot_cost": 53.982693140367786, "power_cost": 28.5254634765625, "noise_cost": 24.8288041099795, "n_waypoints_completed": 9, "tot_waypoints": 9}}
{"target": -1231.0589293178223, "params": {"k_pid_pos": [1.737164964098626, 0.9501560254912417, 0.11180768617572434], "k_pid_alt": [0.3028549917516552, 0.8789909636282779, 0.14242439099161608], "k_pid_att": [49.361257570824876, 3.2851242051840437, 0.34363990066338523], "k_pid_yaw": [0.5, 1e-06, 0.1], "k_pid_hsp": [8.395270313020664, 0.8883773792572287, 0.6098911748344544], "k_pid_vsp": [182.05522668018875, 12.722512683532345, 0.25394817266365083]}, "datetime": {"datetime": "2025-08-13 12:28:52", "elapsed": 9660.542570352554, "delta": 30.89072608947754}, "costs": {"total_cost": 1231.0589293178223, "time_cost": 150, "final_distance_cost": 64.63612033215946, "oscillation_cost": 194.76799170497108, "completition_cost": 666.6666666666667, "overshoot_cost": 73.55299254653053, "power_cost": 43.30464880371094, "noise_cost": 38.130509263783445, "n_waypoints_completed": 3, "tot_waypoints": 9}}
{"target": -902.7835001718022, "params": {"k_pid_pos": [1.6583359609292345, 0.566915589568877, 0.17015457303754666], "k_pid_alt": [0.7356619727723668, 0.5746850668389369, 0.35699393858093054], "k_pid_att": [27.756410730713633, 7.805637601854376, 0.6983533089396378], "k_pid_yaw": [0.5, 1e-06, 0.1], "k_pid_hsp": [1.199952663567028, 0.505830657663034, 0.8262634683336632], "k_pid_vsp": [186.55941734157545, 13.297669949391807, 11.071695563203715]}, "datetime": {"datetime": "2025-08-13 12:29:25", "elapsed": 9693.331021308899, "delta": 32.788450956344604}, "costs": {"total_cost": 902.7835001718022, "time_cost": 150, "final_distance_cost": 71.8619832609332, "oscillation_cost": 221.66267411048815, "completition_cost": 333.33333333333337, "overshoot_cost": 64.14304011415219, "power_cost": 29.43582127685547, "noise_cost": 32.34664807603984, "n_waypoints_completed": 6, "tot_waypoints": 9}}
{"target": -930.0743660018267, "params": {"k_pid_pos": [0.5159120672665182, 0.5075740807646344, 0.576608695114779], "k_pid_alt": [0.7007661315738616, 0.20140281077162947, 0.11216666035681444], "k_pid_att": [47.51519513156089, 9.741644933908201, 0.07766362988341302], "k_pid_yaw": [0.5, 1e-06, 0.1], "k_pid_hsp": [3.5947001983272964, 0.8211387051750896, 0.493947063907595], "k_pid_vsp": [99.9917546252968, 359.2174242021461, 54.56315909852851]}, "datetime": {"datetime": "2025-08-13 12:29:55", "elapsed": 9723.75539779663, "delta": 30.424376487731934}, "costs": {"total_cost": 930.0743660018267, "time_cost": 150, "final_distance_cost": 30.50702568647643, "oscillation_cost": 516.074425430056, "completition_cost": 111.11111111111116, "overshoot_cost": 55.24783909382124, "power_cost": 37.814585156250004, "noise_cost": 29.319379524111824, "n_waypoints_completed": 8, "tot_waypoints": 9}}
{"target": -278.0994443575479, "params": {"k_pid_pos": [0.5277704609593867, 0.5603334971050394, 0.5253589789662153], "k_pid_alt": [0.960205272915327, 0.8903719714510863, 0.24659422823815236], "k_pid_att": [16.27788753516687, 4.475640373976022, 0.7224100898945045], "k_pid_yaw": [0.5, 1e-06, 0.1], "k_pid_hsp": [2.5888689062965935, 0.789288295246749, 0.005852427697075946], "k_pid_vsp": [303.1669370150305, 331.2430883229989, 96.57483489919959]}, "datetime": {"datetime": "2025-08-13 12:30:23", "elapsed": 9751.867293834686, "delta": 28.11189603805542}, "costs": {"total_cost": 278.0994443575479, "time_cost": 110.08200000000001, "final_distance_cost": 1.7933927590610166, "oscillation_cost": 51.0970760634941, "completition_cost": 0.0, "overshoot_cost": 58.62693437182965, "power_cost": 28.605871545410157, "noise_cost": 27.89416961775295, "n_waypoints_completed": 9, "tot_waypoints": 9}}
{"target": -778.1139240791887, "params": {"k_pid_pos": [0.1373742818006417, 0.9998339761835703, 0.5823283708205622], "k_pid_alt": [1.1219233740158263, 0.3870889224673507, 0.24059806549020013], "k_pid_att": [2.7971272784078405, 3.7889288212031196, 0.6805528072079399], "k_pid_yaw": [0.5, 1e-06, 0.1], "k_pid_hsp": [7.604105224014752, 0.06417501894006561, 0.8547373066463784], "k_pid_vsp": [270.63734912200226, 270.3777545659234, 45.12511429658783]}, "datetime": {"datetime": "2025-08-13 12:30:54", "elapsed": 9782.271020650864, "delta": 30.403726816177368}, "costs": {"total_cost": 778.1139240791887, "time_cost": 150, "final_distance_cost": 49.96133614401079, "oscillation_cost": 130.8487697825773, "completition_cost": 333.33333333333337, "overshoot_cost": 56.029457513894144, "power_cost": 30.57440184326172, "noise_cost": 27.36662546211127, "n_waypoints_completed": 6, "tot_waypoints": 9}}
{"target": -636.8524597436456, "params": {"k_pid_pos": [0.5583970132071556, 0.6477675607245216, 0.41446540161832646], "k_pid_alt": [1.1452446267621443, 0.7676937745089988, 0.38842060440944004], "k_pid_att": [50.88471522188194, 8.987894662421539, 0.199444904742888], "k_pid_yaw": [0.5, 1e-06, 0.1], "k_pid_hsp": [6.914208974545307, 0.3616275113678804, 0.8494291372986205], "k_pid_vsp": [92.24708883290123, 363.52851243848136, 41.79507873185028]}, "datetime": {"datetime": "2025-08-13 12:31:23", "elapsed": 9811.771114587784, "delta": 29.500093936920166}, "costs": {"total_cost": 636.8524597436456, "time_cost": 118.349, "final_distance_cost": 1.7962610953782454, "oscillation_cost": 395.8878380451474, "completition_cost": 0.0, "overshoot_cost": 60.02012736169181, "power_cost": 31.843372412109378, "noise_cost": 28.955860829318667, "n_waypoints_completed": 9, "tot_waypoints": 9}}
{"target": -267.0249939433448, "params": {"k_pid_pos": [1.5117005374691372, 0.8012690360313317, 0.7420872656358675], "k_pid_alt": [1.6482977930444813, 0.2558338153690375, 0.7108808518024535], "k_pid_att": [9.554506897481996, 8.540832936298644, 0.3825985334867483], "k_pid_yaw": [0.5, 1e-06, 0.1], "k_pid_hsp": [7.144151294628353, 0.444513734293547, 0.0006725499773877486], "k_pid_vsp": [276.03854978468394, 285.6699075107235, 50.71213128145797]}, "datetime": {"datetime": "2025-08-13 12:31:48", "elapsed": 9836.516190290451, "delta": 24.745075702667236}, "costs": {"total_cost": 267.0249939433448, "time_cost": 101.94800000000001, "final_distance_cost": 1.7381275936223513, "oscillation_cost": 58.670400110213855, "completition_cost": 0.0, "overshoot_cost": 52.507355501978665, "power_cost": 27.09623153076172, "noise_cost": 25.064879206768193, "n_waypoints_completed": 9, "tot_waypoints": 9}}
{"target": -366.1889177355816, "params": {"k_pid_pos": [1.394453610296412, 0.12892951936398223, 0.2874379777461369], "k_pid_alt": [0.7011039773804317, 0.301342457545519, 0.24944830478761293], "k_pid_att": [6.086746563631773, 1.9320592882391385, 0.21095477273855723], "k_pid_yaw": [0.5, 1e-06, 0.1], "k_pid_hsp": [5.531164332228174, 0.9465055571538655, 0.8544889986615389], "k_pid_vsp": [267.5238780743349, 276.03383311547253, 39.5323363335214]}, "datetime": {"datetime": "2025-08-13 12:32:09", "elapsed": 9857.02746963501, "delta": 20.511279344558716}, "costs": {"total_cost": 366.1889177355816, "time_cost": 81.263, "final_distance_cost": 1.7617882474104474, "oscillation_cost": 184.15756121896368, "completition_cost": 0.0, "overshoot_cost": 52.85812387712614, "power_cost": 24.387456091308596, "noise_cost": 21.760988300772695, "n_waypoints_completed": 9, "tot_waypoints": 9}}
{"target": -480.6853388668839, "params": {"k_pid_pos": [0.9164776159285448, 0.800205356239275, 0.6270010223146394], "k_pid_alt": [1.7953128662719278, 0.02330294605385319, 0.2943667089339499], "k_pid_att": [18.474185475891534, 6.24097708404005, 0.7968301792387418], "k_pid_yaw": [0.5, 1e-06, 0.1], "k_pid_hsp": [4.249288961695641, 0.01670767537566764, 0.9496305569362461], "k_pid_vsp": [280.06554869213016, 278.9050052725032, 56.109544516236404]}, "datetime": {"datetime": "2025-08-13 12:32:34", "elapsed": 9882.117497444153, "delta": 25.090027809143066}, "costs": {"total_cost": 480.6853388668839, "time_cost": 102.165, "final_distance_cost": 1.7263609219535812, "oscillation_cost": 240.0572569327198, "completition_cost": 0.0, "overshoot_cost": 63.548123712929105, "power_cost": 40.53887290039063, "noise_cost": 32.64972439889079, "n_waypoints_completed": 9, "tot_waypoints": 9}}
{"target": -382.0678943320974, "params": {"k_pid_pos": [0.9441631510838114, 0.35482940368996996, 0.2230848029474365], "k_pid_alt": [0.9740121466339271, 0.9670165098435799, 0.867516200220026], "k_pid_att": [8.750598280022459, 3.5228993514682814, 0.7030678875192214], "k_pid_yaw": [0.5, 1e-06, 0.1], "k_pid_hsp": [6.431171617319804, 0.5147622181920881, 0.5082282762782904], "k_pid_vsp": [304.3865368604028, 344.38403924458856, 110.01128859606429]}, "datetime": {"datetime": "2025-08-13 12:33:00", "elapsed": 9908.385313987732, "delta": 26.2678165435791}, "costs": {"total_cost": 382.0678943320974, "time_cost": 108.465, "final_distance_cost": 1.7513249813199134, "oscillation_cost": 161.26205710786337, "completition_cost": 0.0, "overshoot_cost": 59.024422245555826, "power_cost": 26.370480505371095, "noise_cost": 25.19460949198713, "n_waypoints_completed": 9, "tot_waypoints": 9}}
{"target": -744.6910408444564, "params": {"k_pid_pos": [1.8005995076116605, 0.659474932641408, 0.0910897398640439], "k_pid_alt": [1.704591863772996, 0.27855986425440793, 0.23375234352137853], "k_pid_att": [41.649490516958046, 6.603142566929629, 0.515185028672854], "k_pid_yaw": [0.5, 1e-06, 0.1], "k_pid_hsp": [9.791136726563007, 0.42178242369387076, 0.8112238567373886], "k_pid_vsp": [76.61372934296038, 351.95910338463483, 28.915544742836406]}, "datetime": {"datetime": "2025-08-13 12:33:30", "elapsed": 9938.69779253006, "delta": 30.31247854232788}, "costs": {"total_cost": 744.6910408444564, "time_cost": 150, "final_distance_cost": 56.24467642244643, "oscillation_cost": 311.8740832424706, "completition_cost": 111.11111111111116, "overshoot_cost": 56.938491152851796, "power_cost": 30.81255563964844, "noise_cost": 27.710123275927987, "n_waypoints_completed": 8, "tot_waypoints": 9}}
{"target": -1218.6073738282016, "params": {"k_pid_pos": [0.25969765444641524, 0.3586352968263169, 0.20727008908179978], "k_pid_alt": [0.816428680650465, 0.04035302481495995, 0.9875227442916417], "k_pid_att": [17.967241590878636, 3.0747412826832297, 0.5405088292360637], "k_pid_yaw": [0.5, 1e-06, 0.1], "k_pid_hsp": [2.1435630343566348, 0.15288948622252319, 0.4502330339563889], "k_pid_vsp": [259.4790101246554, 272.6518875660894, 63.4043182620491]}, "datetime": {"datetime": "2025-08-13 12:34:00", "elapsed": 9968.273616313934, "delta": 29.57582378387451}, "costs": {"total_cost": 1218.6073738282016, "time_cost": 150, "final_distance_cost": 47.978513137709335, "oscillation_cost": 362.9079473410798, "completition_cost": 555.5555555555555, "overshoot_cost": 42.17385950014792, "power_cost": 31.72955386962891, "noise_cost": 28.261944424080042, "n_waypoints_completed": 4, "tot_waypoints": 9}}
{"target": -549.7646100481329, "params": {"k_pid_pos": [0.9765534883065558, 0.5020767088176572, 0.6065523936006827], "k_pid_alt": [0.5500554138145284, 0.8079023916930619, 0.8766608324701085], "k_pid_att": [24.3494228021792, 7.045543928931179, 0.753054773431803], "k_pid_yaw": [0.5, 1e-06, 0.1], "k_pid_hsp": [6.733549062264322, 0.3249344931923731, 0.9704247607769709], "k_pid_vsp": [165.8090645798233, 42.662881489843734, 3.4165756485375938]}, "datetime": {"datetime": "2025-08-13 12:34:25", "elapsed": 9993.21979045868, "delta": 24.946174144744873}, "costs": {"total_cost": 549.7646100481329, "time_cost": 100.35900000000001, "final_distance_cost": 1.7655753150840945, "oscillation_cost": 324.1882430534764, "completition_cost": 0.0, "overshoot_cost": 59.616336754216995, "power_cost": 33.836573168945314, "noise_cost": 29.998881756410146, "n_waypoints_completed": 9, "tot_waypoints": 9}}
{"target": -544.3698691418921, "params": {"k_pid_pos": [1.896243155839925, 0.6418135420385093, 0.7798124182937094], "k_pid_alt": [1.869847122953069, 0.672838488997577, 0.43481061576291213], "k_pid_att": [26.154303520534583, 9.99044445241109, 0.6934168816602905], "k_pid_yaw": [0.5, 1e-06, 0.1], "k_pid_hsp": [1.8624654866039867, 0.29653013668922845, 0.8163408474011206], "k_pid_vsp": [160.27288227733135, 3.6991353239602627, 20.268808375220704]}, "datetime": {"datetime": "2025-08-13 12:34:52", "elapsed": 10020.919726610184, "delta": 27.699936151504517}, "costs": {"total_cost": 544.3698691418921, "time_cost": 111.223, "final_distance_cost": 1.781836312365727, "oscillation_cost": 317.2561234354306, "completition_cost": 0.0, "overshoot_cost": 59.03103161837885, "power_cost": 28.13001667480469, "noise_cost": 26.947861100912128, "n_waypoints_completed": 9, "tot_waypoints": 9}}
{"target": -894.2321536006319, "params": {"k_pid_pos": [0.4963281711117837, 0.41256035567469873, 0.5666117848768822], "k_pid_alt": [0.3984452442841804, 0.6001978453638933, 0.07380100210604879], "k_pid_att": [20.87200829403195, 1.0458860935041896, 0.745838137447823], "k_pid_yaw": [0.5, 1e-06, 0.1], "k_pid_hsp": [1.8168037470550626, 0.7129892704403058, 0.28657019688782737], "k_pid_vsp": [305.3987958886921, 309.80120179491024, 104.58728020550224]}, "datetime": {"datetime": "2025-08-13 12:35:22", "elapsed": 10050.478807926178, "delta": 29.559081315994263}, "costs": {"total_cost": 894.2321536006319, "time_cost": 150, "final_distance_cost": 71.88575311460414, "oscillation_cost": 332.2243656296129, "completition_cost": 222.2222222222222, "overshoot_cost": 57.85625739566509, "power_cost": 30.95862020263672, "noise_cost": 29.08493503589087, "n_waypoints_completed": 7, "tot_waypoints": 9}}
{"target": -778.6630989435406, "params": {"k_pid_pos": [0.7338081408972513, 0.16098022040681137, 0.5100407590015298], "k_pid_alt": [1.0147737407056043, 0.3202179718655712, 0.780692182117615], "k_pid_att": [69.21681152137407, 3.3467005222603126, 0.6161634796472417], "k_pid_yaw": [0.5, 1e-06, 0.1], "k_pid_hsp": [5.801492074513782, 0.8982232347683635, 0.15552545949905305], "k_pid_vsp": [375.78120794150755, 379.25158816467336, 364.2468896869051]}, "datetime": {"datetime": "2025-08-13 12:35:50", "elapsed": 10078.076292037964, "delta": 27.59748411178589}, "costs": {"total_cost": 778.6630989435406, "time_cost": 111.58, "final_distance_cost": 1.8189355519672656, "oscillation_cost": 552.374061233554, "completition_cost": 0.0, "overshoot_cost": 59.58945978676855, "power_cost": 28.217699035644532, "noise_cost": 25.082943335606288, "n_waypoints_completed": 9, "tot_waypoints": 9}}
{"target": -1943.212608863841, "params": {"k_pid_pos": [0.15049986835472304, 0.6147777370251083, 0.2817035844206285], "k_pid_alt": [1.8610269230346344, 0.8283884213574747, 0.3015405350287069], "k_pid_att": [42.87567511666238, 6.002461998447904, 0.7140286527431975], "k_pid_yaw": [0.5, 1e-06, 0.1], "k_pid_hsp": [0.04298499753491036, 0.8020923176340502, 0.5671992195724461], "k_pid_vsp": [190.3547061815475, 12.785854275299904, 4.7145012029784885]}, "datetime": {"datetime": "2025-08-13 12:36:20", "elapsed": 10108.586437225342, "delta": 30.51014518737793}, "costs": {"total_cost": 1943.212608863841, "time_cost": 150, "final_distance_cost": 111.34314466844133, "oscillation_cost": 740.1413040410852, "completition_cost": 777.7777777777778, "overshoot_cost": 97.09806336143363, "power_cost": 36.06272795410156, "noise_cost": 30.789591061001495, "n_waypoints_completed": 2, "tot_waypoints": 9}}
{"target": -529.7899941637785, "params": {"k_pid_pos": [1.0695175697436798, 0.2796101475656967, 0.19477874976233644], "k_pid_alt": [0.48209017837368306, 0.3540255172481366, 0.6917323126034719], "k_pid_att": [11.224554689748834, 6.083702232476944, 0.02506551625343234], "k_pid_yaw": [0.5, 1e-06, 0.1], "k_pid_hsp": [4.268836218426167, 0.521100079582065, 0.7870321795930727], "k_pid_vsp": [173.98179042106668, 24.74537768738655, 2.5094842531321233]}, "datetime": {"datetime": "2025-08-13 12:36:47", "elapsed": 10135.692238092422, "delta": 27.10580086708069}, "costs": {"total_cost": 529.7899941637785, "time_cost": 99.414, "final_distance_cost": 1.7684059709836728, "oscillation_cost": 323.6600626467567, "completition_cost": 0.0, "overshoot_cost": 55.58313857843821, "power_cost": 21.490122460937503, "noise_cost": 27.874264506662364, "n_waypoints_completed": 9, "tot_waypoints": 9}}
{"target": -401.1982670078324, "params": {"k_pid_pos": [1.4145244535677604, 0.9107164105632473, 0.556798277483046], "k_pid_alt": [0.8536427287481616, 0.40266281137605653, 0.06060146638552133], "k_pid_att": [5.154345539796723, 5.152432462353646, 0.3332470866290541], "k_pid_yaw": [0.5, 1e-06, 0.1], "k_pid_hsp": [8.137777936614373, 0.5501843009239045, 0.29378686963116085], "k_pid_vsp": [250.16543542443307, 280.9128963554555, 43.94898141856027]}, "datetime": {"datetime": "2025-08-13 12:37:12", "elapsed": 10160.069291353226, "delta": 24.377053260803223}, "costs": {"total_cost": 401.1982670078324, "time_cost": 102.2, "final_distance_cost": 1.7343462800867548, "oscillation_cost": 174.40580440050954, "completition_cost": 0.0, "overshoot_cost": 59.29735881867473, "power_cost": 34.111704602050786, "noise_cost": 29.44905290651054, "n_waypoints_completed": 9, "tot_waypoints": 9}}
