{"target": -772.4601660989174, "params": {"k_pid_pos": [0.8490218917705494, 0.9093517496039252, 0.36521590905611945], "k_pid_alt": [1.9811049725104846, 0.41748686946590374, 0.638230566849055], "k_pid_att": [9.150630488153189, 2.5011633673937026, 0.19810096996289406], "k_pid_yaw": [0.5, 1e-06, 0.1], "k_pid_hsp": [2.372101853895441, 0.1832632244493516, 0.8431458820683174], "k_pid_vsp": [297.0030526973611, 329.47167020465116, 100.327635753554]}, "datetime": {"datetime": "2025-08-13 19:16:10", "elapsed": 34098.37165093422, "delta": 31.555494785308838}, "costs": {"total_cost": 772.4601660989174, "time_cost": 150, "final_distance_cost": 69.08779244377506, "oscillation_cost": 214.69354344663046, "completition_cost": 222.2222222222222, "overshoot_cost": 65.79841511185114, "power_cost": 25.819047143554688, "noise_cost": 24.83914573088379, "n_waypoints_completed": 7, "tot_waypoints": 9}}
{"target": -1093.5790068092804, "params": {"k_pid_pos": [0.08928047180943188, 0.5267837595487379, 0.34674711799057345], "k_pid_alt": [1.5278375230954382, 0.2821775235582513, 0.7445223167401015], "k_pid_att": [28.757825513883883, 9.533063586478724, 0.4707474033538951], "k_pid_yaw": [0.5, 1e-06, 0.1], "k_pid_hsp": [1.6381087704517014, 0.1328905575347431, 0.5015862289681214], "k_pid_vsp": [155.38108133682567, 9.110734592911047, 17.148265420726837]}, "datetime": {"datetime": "2025-08-13 19:16:42", "elapsed": 34130.509340286255, "delta": 32.13768935203552}, "costs": {"total_cost": 1093.5790068092804, "time_cost": 150, "final_distance_cost": 74.61727386317644, "oscillation_cost": 517.731685262476, "completition_cost": 222.2222222222222, "overshoot_cost": 59.9169407037692, "power_cost": 38.32938824462891, "noise_cost": 30.761496513007618, "n_waypoints_completed": 7, "tot_waypoints": 9}}
{"target": -1435.117449939512, "params": {"k_pid_pos": [0.2743189083284088, 0.9623700640368353, 0.10493138315258177], "k_pid_alt": [0.7229669037336854, 0.6725889681731829, 0.7900462374108629], "k_pid_att": [41.73713792442146, 1.3500457789520746, 0.1768559792047113], "k_pid_yaw": [0.5, 1e-06, 0.1], "k_pid_hsp": [7.125084770721515, 0.5797819946862934, 0.16791419367846017], "k_pid_vsp": [248.63566116682657, 283.7487410279593, 43.467411265718354]}, "datetime": {"datetime": "2025-08-13 19:17:14", "elapsed": 34162.07775640488, "delta": 31.568416118621826}, "costs": {"total_cost": 1435.117449939512, "time_cost": 150, "final_distance_cost": 45.572987192715985, "oscillation_cost": 133.70154225800422, "completition_cost": 1000.0, "overshoot_cost": 29.972542175453693, "power_cost": 42.533632055664064, "noise_cost": 33.33674625767395, "n_waypoints_completed": 0, "tot_waypoints": 9}}
{"target": -459.2210822540393, "params": {"k_pid_pos": [0.4032695866467063, 0.07213288585793132, 0.7662282640533634], "k_pid_alt": [0.5073600928594393, 0.19916077975001412, 0.27620219662550194], "k_pid_att": [12.068541291742552, 0.8948930452004332, 0.9179735623707179], "k_pid_yaw": [0.5, 1e-06, 0.1], "k_pid_hsp": [5.940674387790433, 0.4287977010748837, 0.6547335260401089], "k_pid_vsp": [185.61102720960022, 17.531235301163203, 7.336340818424954]}, "datetime": {"datetime": "2025-08-13 19:17:43", "elapsed": 34191.285362005234, "delta": 29.207605600357056}, "costs": {"total_cost": 459.2210822540393, "time_cost": 108.35300000000001, "final_distance_cost": 1.8276773908362653, "oscillation_cost": 238.59507350770258, "completition_cost": 0.0, "overshoot_cost": 60.67771796039083, "power_cost": 20.108188342285157, "noise_cost": 29.659425052824478, "n_waypoints_completed": 9, "tot_waypoints": 9}}
{"target": -370.71455394249693, "params": {"k_pid_pos": [1.948162213914117, 0.1376034053777767, 0.07002597199918403], "k_pid_alt": [0.8904991812867007, 0.25873526359135934, 0.17506784187788715], "k_pid_att": [12.352247361997382, 3.452709676279375, 0.5164932698890197], "k_pid_yaw": [0.5, 1e-06, 0.1], "k_pid_hsp": [6.631753512211711, 0.31823174734113613, 0.8863265779398571], "k_pid_vsp": [303.0017124732001, 332.44275886414084, 101.05602134808396]}, "datetime": {"datetime": "2025-08-13 19:18:11", "elapsed": 34219.61703181267, "delta": 28.331669807434082}, "costs": {"total_cost": 370.71455394249693, "time_cost": 92.20400000000001, "final_distance_cost": 1.794094413054642, "oscillation_cost": 179.0753820157073, "completition_cost": 0.0, "overshoot_cost": 55.990049577237514, "power_cost": 21.23676304931641, "noise_cost": 20.414264887180995, "n_waypoints_completed": 9, "tot_waypoints": 9}}
{"target": -790.0205000410817, "params": {"k_pid_pos": [0.5126166795079674, 0.8567297109333168, 0.6832159014459017], "k_pid_alt": [0.8074675442529342, 0.49812174650456154, 0.8380056661284252], "k_pid_att": [7.257655950286357, 5.718564753069552, 0.4613827951057572], "k_pid_yaw": [0.5, 1e-06, 0.1], "k_pid_hsp": [9.771590554590759, 0.29193866148608694, 0.7888095074583301], "k_pid_vsp": [260.90173035471605, 280.1400379963915, 50.882077112892915]}, "datetime": {"datetime": "2025-08-13 19:18:47", "elapsed": 34255.11939907074, "delta": 35.5023672580719}, "costs": {"total_cost": 790.0205000410817, "time_cost": 150, "final_distance_cost": 68.34719348691968, "oscillation_cost": 251.81982695489378, "completition_cost": 222.2222222222222, "overshoot_cost": 49.06831750465623, "power_cost": 23.741216809082033, "noise_cost": 24.821723063307793, "n_waypoints_completed": 7, "tot_waypoints": 9}}
{"target": -1344.7766980853048, "params": {"k_pid_pos": [0.043809509128278856, 0.7233590241589671, 0.5658584954470436], "k_pid_alt": [1.9550805977695016, 0.7700959064763622, 0.13662342571876007], "k_pid_att": [50.28631024743986, 3.2125823726512817, 0.5457213429585205], "k_pid_yaw": [0.5, 1e-06, 0.1], "k_pid_hsp": [8.217157973389476, 0.4703030391766877, 0.6021075209050981], "k_pid_vsp": [228.74932324370394, 277.7893217250934, 48.381722732656364]}, "datetime": {"datetime": "2025-08-13 19:19:23", "elapsed": 34291.08157706261, "delta": 35.962177991867065}, "costs": {"total_cost": 1344.7766980853048, "time_cost": 150, "final_distance_cost": 57.62120704455758, "oscillation_cost": 346.3911377856768, "completition_cost": 666.6666666666667, "overshoot_cost": 61.07596835946638, "power_cost": 34.569847827148436, "noise_cost": 28.451870401788938, "n_waypoints_completed": 3, "tot_waypoints": 9}}
{"target": -461.68581720907173, "params": {"k_pid_pos": [1.2967366592078842, 0.11321151235955706, 0.4701371184513292], "k_pid_alt": [0.4411251614400813, 0.5871531571182056, 0.567573247580935], "k_pid_att": [6.519961696381527, 7.611930161107525, 0.960163134229962], "k_pid_yaw": [0.5, 1e-06, 0.1], "k_pid_hsp": [6.951255970463672, 0.08246119202620161, 0.9687476101055802], "k_pid_vsp": [191.81000721589436, 322.22537083932014, 14.101999260679907]}, "datetime": {"datetime": "2025-08-13 19:19:54", "elapsed": 34322.93332695961, "delta": 31.851749897003174}, "costs": {"total_cost": 461.68581720907173, "time_cost": 108.49300000000001, "final_distance_cost": 1.7523617567253489, "oscillation_cost": 230.93783050196393, "completition_cost": 0.0, "overshoot_cost": 63.21018419564311, "power_cost": 29.63601696777344, "noise_cost": 27.65642378696588, "n_waypoints_completed": 9, "tot_waypoints": 9}}
{"target": -1285.4963793720085, "params": {"k_pid_pos": [0.5639423649402464, 0.8408542207452537, 0.9609382411140498], "k_pid_alt": [0.31667402370814357, 0.9010430179272549, 0.5774576434008947], "k_pid_att": [29.4128599498398, 6.964679812846805, 0.828708401050046], "k_pid_yaw": [0.5, 1e-06, 0.1], "k_pid_hsp": [3.1135903563739875, 0.8579476957372181, 0.6734478734149187], "k_pid_vsp": [240.4003347967173, 282.70003856007315, 45.31777158591798]}, "datetime": {"datetime": "2025-08-13 19:20:27", "elapsed": 34355.07292056084, "delta": 32.13959360122681}, "costs": {"total_cost": 1285.4963793720085, "time_cost": 150, "final_distance_cost": 50.545316665151496, "oscillation_cost": 413.14289498700833, "completition_cost": 555.5555555555555, "overshoot_cost": 49.25303594114286, "power_cost": 36.96330299072266, "noise_cost": 30.03627323242759, "n_waypoints_completed": 4, "tot_waypoints": 9}}
{"target": -785.3314413493681, "params": {"k_pid_pos": [0.625477492119369, 0.7956902527777413, 0.5943959256607704], "k_pid_alt": [1.7674884207254338, 0.6785276930672296, 0.21336845374950664], "k_pid_att": [27.58110810537365, 3.631814934081361, 0.7404549107241702], "k_pid_yaw": [0.5, 1e-06, 0.1], "k_pid_hsp": [5.183396866408685, 0.7689304509190309, 0.540648341485665], "k_pid_vsp": [160.66595106002515, 23.050348839506803, 13.117755161378017]}, "datetime": {"datetime": "2025-08-13 19:20:58", "elapsed": 34386.85299420357, "delta": 31.780073642730713}, "costs": {"total_cost": 785.3314413493681, "time_cost": 150, "final_distance_cost": 26.886544431215256, "oscillation_cost": 385.02780091261747, "completition_cost": 111.11111111111116, "overshoot_cost": 58.39092774455052, "power_cost": 26.257061730957034, "noise_cost": 27.657995418916556, "n_waypoints_completed": 8, "tot_waypoints": 9}}
{"target": -1428.5067772189877, "params": {"k_pid_pos": [0.3504149707516222, 0.7595739180511332, 0.7767567652795833], "k_pid_alt": [0.2952077779988955, 0.5322743428019003, 0.11162320517749758], "k_pid_att": [27.788556590819724, 1.2732987683096992, 0.5568927968421797], "k_pid_yaw": [0.5, 1e-06, 0.1], "k_pid_hsp": [4.794591847005058, 0.4353872107227361, 0.5935820865319635], "k_pid_vsp": [159.8511817415673, 43.53755859445278, 1.2043061070738397]}, "datetime": {"datetime": "2025-08-13 19:21:31", "elapsed": 34419.47144341469, "delta": 32.618449211120605}, "costs": {"total_cost": 1428.5067772189877, "time_cost": 150, "final_distance_cost": 49.576222819405515, "oscillation_cost": 448.98136709602124, "completition_cost": 666.6666666666667, "overshoot_cost": 53.40422572351833, "power_cost": 27.62646490478516, "noise_cost": 32.25183000859102, "n_waypoints_completed": 3, "tot_waypoints": 9}}
{"target": -514.5863216513828, "params": {"k_pid_pos": [1.558754441898389, 0.7130608754610116, 0.3443724391808406], "k_pid_alt": [0.21887476087989732, 0.9019372987818594, 0.719902402501001], "k_pid_att": [20.061335420155302, 1.3082228123914965, 0.7736897959723114], "k_pid_yaw": [0.5, 1e-06, 0.1], "k_pid_hsp": [9.229536542276271, 0.6658644257321545, 0.7154727535732806], "k_pid_vsp": [300.55452748972516, 340.8588109392963, 108.03434283162133]}, "datetime": {"datetime": "2025-08-13 19:22:03", "elapsed": 34451.7659239769, "delta": 32.29448056221008}, "costs": {"total_cost": 514.5863216513828, "time_cost": 111.251, "final_distance_cost": 1.7429303836761194, "oscillation_cost": 266.06227786243664, "completition_cost": 0.0, "overshoot_cost": 66.22882130111736, "power_cost": 38.61752158203125, "noise_cost": 30.68377052212141, "n_waypoints_completed": 9, "tot_waypoints": 9}}
{"target": -581.4579033286618, "params": {"k_pid_pos": [0.355041666329957, 0.6500573848043384, 0.7019387358354722], "k_pid_alt": [0.7366835917835961, 0.186412735693385, 0.5692019386315209], "k_pid_att": [8.228270007635285, 6.804602016753709, 0.848908176616061], "k_pid_yaw": [0.5, 1e-06, 0.1], "k_pid_hsp": [4.808652828215177, 0.8161342976341656, 0.46957332315439637], "k_pid_vsp": [164.75761727240194, 43.14223827314332, 16.30961496554859]}, "datetime": {"datetime": "2025-08-13 19:22:35", "elapsed": 34483.330776929855, "delta": 31.564852952957153}, "costs": {"total_cost": 581.4579033286618, "time_cost": 150, "final_distance_cost": 58.36355461875822, "oscillation_cost": 166.52087850991148, "completition_cost": 111.11111111111116, "overshoot_cost": 51.755912282878064, "power_cost": 19.49111123046875, "noise_cost": 24.215335575534187, "n_waypoints_completed": 8, "tot_waypoints": 9}}
{"target": -560.4060508243851, "params": {"k_pid_pos": [1.03813251599339, 0.1638514393550482, 0.5240743211606269], "k_pid_alt": [1.8272389117381527, 0.27013797766609504, 0.7487340032631574], "k_pid_att": [14.158777983252547, 6.405914427724753, 0.4864571234327556], "k_pid_yaw": [0.5, 1e-06, 0.1], "k_pid_hsp": [6.169469422065741, 0.2306003844623178, 0.6151805813013378], "k_pid_vsp": [155.43623873684817, 26.825403828935688, 1.780295169454748]}, "datetime": {"datetime": "2025-08-13 19:23:03", "elapsed": 34511.313121795654, "delta": 27.98234486579895}, "costs": {"total_cost": 560.4060508243851, "time_cost": 107.324, "final_distance_cost": 1.7860989691795435, "oscillation_cost": 351.16118251279966, "completition_cost": 0.0, "overshoot_cost": 54.09954109090016, "power_cost": 18.277490869140625, "noise_cost": 27.75773738236528, "n_waypoints_completed": 9, "tot_waypoints": 9}}
{"target": -334.63142490696623, "params": {"k_pid_pos": [1.7189667346606783, 0.9443030176701808, 0.11324169022455621], "k_pid_alt": [1.799574310210988, 0.5879078849550542, 0.44592401808462323], "k_pid_att": [3.110826330157912, 3.3050785526818274, 0.21942439638086164], "k_pid_yaw": [0.5, 1e-06, 0.1], "k_pid_hsp": [9.138848835530744, 0.4904366416223529, 0.9592198076657416], "k_pid_vsp": [181.81699351238038, 13.359772804659402, 11.272317661652004]}, "datetime": {"datetime": "2025-08-13 19:23:31", "elapsed": 34539.04103064537, "delta": 27.727908849716187}, "costs": {"total_cost": 334.63142490696623, "time_cost": 98.294, "final_distance_cost": 1.7350272758506045, "oscillation_cost": 126.44298271277864, "completition_cost": 0.0, "overshoot_cost": 61.6023091206867, "power_cost": 20.983613122558594, "noise_cost": 25.57349267509169, "n_waypoints_completed": 9, "tot_waypoints": 9}}
{"target": -410.4951250610463, "params": {"k_pid_pos": [0.8185779277299592, 0.7442401133260839, 0.6812175540578614], "k_pid_alt": [1.8117575609357517, 0.9399153143418744, 0.604566375483916], "k_pid_att": [5.362423168505426, 1.084811979840313, 0.4396959794544245], "k_pid_yaw": [0.5, 1e-06, 0.1], "k_pid_hsp": [9.903523127033802, 0.132052490827534, 0.8400433719507241], "k_pid_vsp": [193.43071502206405, 314.7578766254854, 20.224943759949415]}, "datetime": {"datetime": "2025-08-13 19:24:01", "elapsed": 34569.90941286087, "delta": 30.868382215499878}, "costs": {"total_cost": 410.4951250610463, "time_cost": 112.126, "final_distance_cost": 1.7443494529120773, "oscillation_cost": 181.57581304689268, "completition_cost": 0.0, "overshoot_cost": 59.58667853560896, "power_cost": 28.2840615234375, "noise_cost": 27.178222502195087, "n_waypoints_completed": 9, "tot_waypoints": 9}}
{"target": -1040.4070373399898, "params": {"k_pid_pos": [0.002235754873712129, 0.5992583444298965, 0.37949645215250627], "k_pid_alt": [1.7408170813686226, 0.7329414278987988, 0.995036528351764], "k_pid_att": [13.476198527122495, 5.653319292255557, 0.7463065452082229], "k_pid_yaw": [0.5, 1e-06, 0.1], "k_pid_hsp": [0.027462387433471295, 0.7742880729199895, 0.12347669294249053], "k_pid_vsp": [161.46502888233215, 35.49967118389682, 12.517934196099795]}, "datetime": {"datetime": "2025-08-13 19:24:34", "elapsed": 34602.017503499985, "delta": 32.10809063911438}, "costs": {"total_cost": 1040.4070373399898, "time_cost": 150, "final_distance_cost": 51.931755623079994, "oscillation_cost": 142.3175382235078, "completition_cost": 555.5555555555555, "overshoot_cost": 69.88372538808291, "power_cost": 37.13406551513672, "noise_cost": 33.58439703462675, "n_waypoints_completed": 4, "tot_waypoints": 9}}
{"target": -436.5763082410454, "params": {"k_pid_pos": [1.422558655835698, 0.22220434438564007, 0.030217846999133546], "k_pid_alt": [0.0369106925465279, 0.09915378628917437, 0.29556731793463387], "k_pid_att": [18.019944996313274, 9.635642714750945, 0.6098721505898055], "k_pid_yaw": [0.5, 1e-06, 0.1], "k_pid_hsp": [3.7813925501991537, 0.3693044881699099, 0.5499768773221719], "k_pid_vsp": [297.98792326121276, 331.0048284666985, 92.56601845562528]}, "datetime": {"datetime": "2025-08-13 19:24:58", "elapsed": 34626.90208077431, "delta": 24.88457727432251}, "costs": {"total_cost": 436.5763082410454, "time_cost": 91.483, "final_distance_cost": 1.7788116201939062, "oscillation_cost": 228.15945774006053, "completition_cost": 0.0, "overshoot_cost": 66.58676762476856, "power_cost": 25.418114660644534, "noise_cost": 23.150156595377933, "n_waypoints_completed": 9, "tot_waypoints": 9}}
{"target": -1160.4144859226908, "params": {"k_pid_pos": [0.4851182157933326, 0.4036963719011306, 0.3028067175353768], "k_pid_alt": [0.18280251564754724, 0.3354184355045452, 0.7219796841937639], "k_pid_att": [1.5112320178696237, 2.482165127629538, 0.9475015144214051], "k_pid_yaw": [0.5, 1e-06, 0.1], "k_pid_hsp": [8.819120223416112, 0.40308573392851255, 0.10132390585655005], "k_pid_vsp": [247.85976843384282, 281.8155473046516, 44.43817641263227]}, "datetime": {"datetime": "2025-08-13 19:25:33", "elapsed": 34661.16506814957, "delta": 34.2629873752594}, "costs": {"total_cost": 1160.4144859226908, "time_cost": 150, "final_distance_cost": 51.89833520280279, "oscillation_cost": 170.73014715272384, "completition_cost": 666.6666666666667, "overshoot_cost": 48.52711381626843, "power_cost": 39.26900598144532, "noise_cost": 33.32321710278349, "n_waypoints_completed": 3, "tot_waypoints": 9}}
{"target": -276.18796586750244, "params": {"k_pid_pos": [1.9366324955839676, 0.5925054113070822, 0.3661544732719275], "k_pid_alt": [1.087548622302244, 0.37946748055500323, 0.9319713676500426], "k_pid_att": [16.75903474284739, 1.6684282248725086, 0.9836756870727363], "k_pid_yaw": [0.5, 1e-06, 0.1], "k_pid_hsp": [4.146221322020687, 0.5877272918189287, 0.16661761790902663], "k_pid_vsp": [164.7737047772753, 9.523623268887997, 16.630310197011156]}, "datetime": {"datetime": "2025-08-13 19:25:57", "elapsed": 34685.75175213814, "delta": 24.586683988571167}, "costs": {"total_cost": 276.18796586750244, "time_cost": 83.45400000000001, "final_distance_cost": 1.774796447265982, "oscillation_cost": 96.6628462543153, "completition_cost": 0.0, "overshoot_cost": 55.35769652560309, "power_cost": 19.245249536132814, "noise_cost": 19.69337710418521, "n_waypoints_completed": 9, "tot_waypoints": 9}}
{"target": -488.6452652828312, "params": {"k_pid_pos": [1.1438970633434287, 0.8812142827849236, 0.4178036591599049], "k_pid_alt": [0.8302820605561567, 0.1316390647091733, 0.16725586840876172], "k_pid_att": [15.719856677285172, 8.382516665543648, 0.25753651712700476], "k_pid_yaw": [0.5, 1e-06, 0.1], "k_pid_hsp": [7.220033269299371, 0.8757810815262055, 0.5408223211960622], "k_pid_vsp": [161.76752044035072, 4.2620690057284545, 19.507529411231413]}, "datetime": {"datetime": "2025-08-13 19:26:27", "elapsed": 34715.10424661636, "delta": 29.352494478225708}, "costs": {"total_cost": 488.6452652828312, "time_cost": 103.67, "final_distance_cost": 1.7441267783636476, "oscillation_cost": 274.939926105855, "completition_cost": 0.0, "overshoot_cost": 54.36873711045777, "power_cost": 27.788577990722658, "noise_cost": 26.133897297432085, "n_waypoints_completed": 9, "tot_waypoints": 9}}
{"target": -451.99274886045583, "params": {"k_pid_pos": [1.6725819158627766, 0.36234976429921306, 0.5458148383339084], "k_pid_alt": [0.2004334729169921, 0.8038574436283724, 0.2013375747711319], "k_pid_att": [15.517949351232351, 8.365251357083551, 0.7034761141390234], "k_pid_yaw": [0.5, 1e-06, 0.1], "k_pid_hsp": [4.5484063523416705, 0.2378366904614373, 0.197708992538692], "k_pid_vsp": [199.94458440324814, 301.8549265924868, 29.188387877415202]}, "datetime": {"datetime": "2025-08-13 19:26:53", "elapsed": 34741.139907598495, "delta": 26.035660982131958}, "costs": {"total_cost": 451.99274886045583, "time_cost": 98.455, "final_distance_cost": 1.7879002267629185, "oscillation_cost": 233.52843742755627, "completition_cost": 0.0, "overshoot_cost": 63.680435508035245, "power_cost": 29.059538586425784, "noise_cost": 25.481437111675643, "n_waypoints_completed": 9, "tot_waypoints": 9}}
{"target": -770.9567484435341, "params": {"k_pid_pos": [1.8457022638965301, 0.6556204459246748, 0.5598575493696771], "k_pid_alt": [1.5629576981305051, 0.8661224730644264, 0.9699262688556143], "k_pid_att": [9.108576887600584, 0.2560963844079791, 0.2994309709788989], "k_pid_yaw": [0.5, 1e-06, 0.1], "k_pid_hsp": [1.6580357673230879, 0.4972743960165923, 0.9424181091120621], "k_pid_vsp": [300.8045040490836, 340.6587514127715, 98.98636901259778]}, "datetime": {"datetime": "2025-08-13 19:27:29", "elapsed": 34777.45368432999, "delta": 36.31377673149109}, "costs": {"total_cost": 770.9567484435341, "time_cost": 150, "final_distance_cost": 68.72258606846083, "oscillation_cost": 202.62185588611155, "completition_cost": 222.2222222222222, "overshoot_cost": 63.86930479334849, "power_cost": 34.128310998535156, "noise_cost": 29.39246847485579, "n_waypoints_completed": 7, "tot_waypoints": 9}}
{"target": -367.7141715053707, "params": {"k_pid_pos": [0.8237527736345281, 0.7085793169502551, 0.26173169014493136], "k_pid_alt": [1.4639308107021367, 0.059378098370648114, 0.02388818559801409], "k_pid_att": [16.71366884919092, 0.8996654336265548, 0.8170031118331065], "k_pid_yaw": [0.5, 1e-06, 0.1], "k_pid_hsp": [7.331963779961318, 0.010509092999597791, 0.3924640483188191], "k_pid_vsp": [164.93021851482658, 13.537807063880942, 23.069377814349444]}, "datetime": {"datetime": "2025-08-13 19:27:56", "elapsed": 34804.5127723217, "delta": 27.059087991714478}, "costs": {"total_cost": 367.7141715053707, "time_cost": 97.02, "final_distance_cost": 1.7444513631788503, "oscillation_cost": 168.37220310381537, "completition_cost": 0.0, "overshoot_cost": 53.6207360986186, "power_cost": 23.72899625244141, "noise_cost": 23.22778468731652, "n_waypoints_completed": 9, "tot_waypoints": 9}}
