{"target": -340.3585836064903, "params": {"k_pid_pos": [1.565566163481956, 0.4156143774914379, 0.11833156277334633], "k_pid_alt": [1.5117581380387002, 0.05872780176322823, 0.9161265094118267], "k_pid_att": [13.166633524302384, 2.88171560523177, 0.43632196768777265], "k_pid_yaw": [0.5, 1e-06, 0.1], "k_pid_hsp": [7.798403908593598, 0.018189513926953893, 0.1717827235553574], "k_pid_vsp": [194.48786638191433, 296.84896766554255, 17.497819640927517]}, "datetime": {"datetime": "2025-08-13 15:04:22", "elapsed": 18990.45327949524, "delta": 24.183698177337646}, "costs": {"total_cost": 340.3585836064903, "time_cost": 90.601, "final_distance_cost": 1.7297383303703715, "oscillation_cost": 147.0470564122898, "completition_cost": 0.0, "overshoot_cost": 53.65539860310231, "power_cost": 24.041034912109374, "noise_cost": 23.284355348618462, "n_waypoints_completed": 9, "tot_waypoints": 9}}
{"target": -418.3910798965543, "params": {"k_pid_pos": [1.6690032634597871, 0.7067336530807661, 0.5284314923956334], "k_pid_alt": [1.3732372228335903, 0.7658390219528867, 0.0665309445055472], "k_pid_att": [42.86071493031989, 2.3570956454918766, 0.8416190605620091], "k_pid_yaw": [0.5, 1e-06, 0.1], "k_pid_hsp": [6.969806208609048, 0.1357983450921424, 0.8873786138467689], "k_pid_vsp": [80.72546725838899, 360.66146281944555, 22.672596759799625]}, "datetime": {"datetime": "2025-08-13 15:04:48", "elapsed": 19016.75936436653, "delta": 26.306084871292114}, "costs": {"total_cost": 418.3910798965543, "time_cost": 94.99, "final_distance_cost": 1.7765387622224464, "oscillation_cost": 217.33119939087263, "completition_cost": 0.0, "overshoot_cost": 54.00037277393451, "power_cost": 27.141247277832033, "noise_cost": 23.15172169169272, "n_waypoints_completed": 9, "tot_waypoints": 9}}
{"target": -451.48628023856196, "params": {"k_pid_pos": [1.5794320460034743, 0.6611979385326285, 0.30548867304050975], "k_pid_alt": [1.8581931526627435, 0.7218917388915794, 0.9235135914544749], "k_pid_att": [9.777305005033766, 4.690827026818201, 0.33738794255435867], "k_pid_yaw": [0.5, 1e-06, 0.1], "k_pid_hsp": [3.7499126113940866, 0.04366451376602909, 0.9456922449468339], "k_pid_vsp": [308.2977207713691, 349.36215967116306, 114.04592842160493]}, "datetime": {"datetime": "2025-08-13 15:05:16", "elapsed": 19044.44008755684, "delta": 27.680723190307617}, "costs": {"total_cost": 451.48628023856196, "time_cost": 100.842, "final_distance_cost": 1.7523878687066008, "oscillation_cost": 233.40909884100535, "completition_cost": 0.0, "overshoot_cost": 59.48147125357373, "power_cost": 30.120061962890627, "noise_cost": 25.88126031238564, "n_waypoints_completed": 9, "tot_waypoints": 9}}
{"target": -811.8865221755286, "params": {"k_pid_pos": [1.9117995603103923, 0.5550832325305833, 0.22187132514488772], "k_pid_alt": [0.27060108561118423, 0.9544535272118285, 0.5956768967032545], "k_pid_att": [35.954094612905905, 1.1552202075972955, 0.9305398953592511], "k_pid_yaw": [0.5, 1e-06, 0.1], "k_pid_hsp": [7.544760026842444, 0.7684372697785466, 0.7174360110735726], "k_pid_vsp": [236.34255605956028, 268.60691445945093, 45.71896703431597]}, "datetime": {"datetime": "2025-08-13 15:05:49", "elapsed": 19077.68961596489, "delta": 33.24952840805054}, "costs": {"total_cost": 811.8865221755286, "time_cost": 150, "final_distance_cost": 79.2788844438594, "oscillation_cost": 230.7999351925304, "completition_cost": 222.2222222222222, "overshoot_cost": 63.40924080758883, "power_cost": 35.06979254150391, "noise_cost": 31.10644696782386, "n_waypoints_completed": 7, "tot_waypoints": 9}}
{"target": -309.43927847317184, "params": {"k_pid_pos": [0.9237885404033608, 0.7103646745836487, 0.4915303518988373], "k_pid_alt": [0.35429527972107655, 0.7674844458643418, 0.0667014631538978], "k_pid_att": [5.962166461937501, 5.24417276994744, 0.4252870610340729], "k_pid_yaw": [0.5, 1e-06, 0.1], "k_pid_hsp": [5.599549134762403, 0.17175687835533016, 0.029950753227879323], "k_pid_vsp": [174.61205774860767, 24.536706099573923, 5.698807576173864]}, "datetime": {"datetime": "2025-08-13 15:06:21", "elapsed": 19109.8238799572, "delta": 32.13426399230957}, "costs": {"total_cost": 309.43927847317184, "time_cost": 114.513, "final_distance_cost": 1.7755975512947209, "oscillation_cost": 75.00352421816093, "completition_cost": 0.0, "overshoot_cost": 65.17183023310352, "power_cost": 21.838663061523437, "noise_cost": 31.136663409089245, "n_waypoints_completed": 9, "tot_waypoints": 9}}
{"target": -685.174137373757, "params": {"k_pid_pos": [0.7082800439729114, 0.323204657252679, 0.8057760705579117], "k_pid_alt": [1.9158981505690464, 0.8057797209229983, 0.2961840666294038], "k_pid_att": [40.13774623988034, 2.6428583676671638, 0.48410205113298777], "k_pid_yaw": [0.5, 1e-06, 0.1], "k_pid_hsp": [7.875072684667874, 0.6956411001247482, 0.06414384142574103], "k_pid_vsp": [100.7940835419352, 357.8063896403469, 46.1171867995725]}, "datetime": {"datetime": "2025-08-13 15:06:52", "elapsed": 19140.29315185547, "delta": 30.469271898269653}, "costs": {"total_cost": 685.174137373757, "time_cost": 113.267, "final_distance_cost": 1.758308827471993, "oscillation_cost": 444.9404581870466, "completition_cost": 0.0, "overshoot_cost": 59.0884673058063, "power_cost": 36.372133203125, "noise_cost": 29.747769850307137, "n_waypoints_completed": 9, "tot_waypoints": 9}}
{"target": -1242.0145490398888, "params": {"k_pid_pos": [0.94718864071744, 0.9912853456483086, 0.33749809247310036], "k_pid_alt": [0.057642134371427955, 0.6851769337163433, 0.9450823605367701], "k_pid_att": [3.901784986467405, 7.499144999944997, 0.6407958753993713], "k_pid_yaw": [0.5, 1e-06, 0.1], "k_pid_hsp": [3.5207641910783716, 0.4125050529700577, 0.8256562082660334], "k_pid_vsp": [174.72475963848106, 30.230865525743713, 1.9769301756594932]}, "datetime": {"datetime": "2025-08-13 15:07:22", "elapsed": 19170.522626638412, "delta": 30.229474782943726}, "costs": {"total_cost": 1242.0145490398888, "time_cost": 150, "final_distance_cost": 82.51638551920337, "oscillation_cost": 210.97894678035038, "completition_cost": 666.6666666666667, "overshoot_cost": 66.85837367750167, "power_cost": 31.177928930664063, "noise_cost": 33.816247465502464, "n_waypoints_completed": 3, "tot_waypoints": 9}}
{"target": -3329.934879967322, "params": {"k_pid_pos": [1.7068384158512984, 0.5527818144307086, 0.10666764312630284], "k_pid_alt": [1.5383409452798045, 0.5626670149833474, 0.6373562036313938], "k_pid_att": [0.44033555686487924, 7.666519687468302, 0.3640354188897065], "k_pid_yaw": [0.5, 1e-06, 0.1], "k_pid_hsp": [6.306683042464854, 0.0596536132085963, 0.10444629005577177], "k_pid_vsp": [249.56126534944292, 270.86247290552905, 51.85165121258789]}, "datetime": {"datetime": "2025-08-13 15:08:01", "elapsed": 19209.93353819847, "delta": 39.410911560058594}, "costs": {"total_cost": 3329.934879967322, "time_cost": 150, "final_distance_cost": 242.22728889656608, "oscillation_cost": 1134.425213587369, "completition_cost": 1000.0, "overshoot_cost": 593.5083458614192, "power_cost": 53.82723330078125, "noise_cost": 155.94679832118706, "n_waypoints_completed": 0, "tot_waypoints": 9}}
{"target": -313.8270376837162, "params": {"k_pid_pos": [1.3520609097068257, 0.594836720253827, 0.6097215191644667], "k_pid_alt": [1.1415004127603974, 0.18411400220849772, 0.9493222381678111], "k_pid_att": [8.998273327839657, 7.353986214069891, 0.6925161665330345], "k_pid_yaw": [0.5, 1e-06, 0.1], "k_pid_hsp": [6.101027829666588, 0.5526210242354519, 0.30332750361698557], "k_pid_vsp": [293.53831968743947, 339.66482704528875, 103.85658891992415]}, "datetime": {"datetime": "2025-08-13 15:08:27", "elapsed": 19235.388125181198, "delta": 25.45458698272705}, "costs": {"total_cost": 313.8270376837162, "time_cost": 85.211, "final_distance_cost": 1.7940006358760152, "oscillation_cost": 138.82809855769827, "completition_cost": 0.0, "overshoot_cost": 51.752089279040035, "power_cost": 18.205908923339845, "noise_cost": 18.03594028776199, "n_waypoints_completed": 9, "tot_waypoints": 9}}
{"target": -532.8659573807406, "params": {"k_pid_pos": [1.4578404776235547, 0.5247695206683947, 0.744219480124306], "k_pid_alt": [0.828244630021743, 0.33580888452499724, 0.3833210655700918], "k_pid_att": [56.141120657160116, 0.7566570742332678, 0.9950306276820389], "k_pid_yaw": [0.5, 1e-06, 0.1], "k_pid_hsp": [5.884242217010527, 0.7699195305290376, 0.2398060010577302], "k_pid_vsp": [72.46889917942742, 362.7985976035607, 54.69580769490729]}, "datetime": {"datetime": "2025-08-13 15:08:57", "elapsed": 19265.43269467354, "delta": 30.044569492340088}, "costs": {"total_cost": 532.8659573807406, "time_cost": 94.955, "final_distance_cost": 1.7688941742592015, "oscillation_cost": 323.20385734727677, "completition_cost": 0.0, "overshoot_cost": 56.492544677424306, "power_cost": 31.30035714111328, "noise_cost": 25.14530404066706, "n_waypoints_completed": 9, "tot_waypoints": 9}}
{"target": -400.29734012399, "params": {"k_pid_pos": [1.6685486504975113, 0.4416971195717265, 0.5231499882486497], "k_pid_alt": [1.0327509153396814, 0.9784074703330394, 0.9602987668905442], "k_pid_att": [7.22539679155817, 1.9780379085835107, 0.5643987824946998], "k_pid_yaw": [0.5, 1e-06, 0.1], "k_pid_hsp": [2.646739348326538, 0.6406384790779788, 0.25566627385656926], "k_pid_vsp": [164.5426172761358, 26.06074837451422, 8.075926637560556]}, "datetime": {"datetime": "2025-08-13 15:09:29", "elapsed": 19297.592168331146, "delta": 32.15947365760803}, "costs": {"total_cost": 400.29734012399, "time_cost": 108.57000000000001, "final_distance_cost": 1.7542959604410961, "oscillation_cost": 177.66238352737244, "completition_cost": 0.0, "overshoot_cost": 60.11970194937095, "power_cost": 22.262557446289062, "noise_cost": 29.92840124051647, "n_waypoints_completed": 9, "tot_waypoints": 9}}
{"target": -260.009480120183, "params": {"k_pid_pos": [1.8863371420833186, 0.0, 0.10544902796774401], "k_pid_alt": [2.0, 1.0, 1.0], "k_pid_att": [53.109665610009465, 6.72989983930471, 1.0], "k_pid_yaw": [0.5, 1e-06, 0.1], "k_pid_hsp": [5.391914179361689, 0.8881646453303401, 0.0], "k_pid_vsp": [89.10727895998275, 355.4145796507666, 43.16051952768143]}, "datetime": {"datetime": "2025-08-13 15:09:59", "elapsed": 19327.78577876091, "delta": 30.193610429763794}, "costs": {"total_cost": 260.009480120183, "time_cost": 88.123, "final_distance_cost": 1.8034640595483264, "oscillation_cost": 66.46438151393637, "completition_cost": 0.0, "overshoot_cost": 53.392168462212716, "power_cost": 26.433163537597657, "noise_cost": 23.79330254688792, "n_waypoints_completed": 9, "tot_waypoints": 9}}
{"target": -1421.1915442285156, "params": {"k_pid_pos": [0.014765654656577282, 0.8867989077727971, 0.5461570458876304], "k_pid_alt": [1.141820841055622, 0.13181616727656098, 0.311414965056787], "k_pid_att": [21.049753943301997, 2.4568251604231843, 0.5215831967824622], "k_pid_yaw": [0.5, 1e-06, 0.1], "k_pid_hsp": [6.798979289117374, 0.4552767377824751, 0.14122992376897192], "k_pid_vsp": [299.10700995422474, 340.12839003062976, 94.69564394958067]}, "datetime": {"datetime": "2025-08-13 15:10:34", "elapsed": 19362.42596745491, "delta": 34.640188694000244}, "costs": {"total_cost": 1421.1915442285156, "time_cost": 150, "final_distance_cost": 66.17267103510953, "oscillation_cost": 220.74158817150797, "completition_cost": 888.8888888888888, "overshoot_cost": 31.04825686475514, "power_cost": 34.97270045166016, "noise_cost": 29.367438816594, "n_waypoints_completed": 1, "tot_waypoints": 9}}
{"target": -567.3603149195618, "params": {"k_pid_pos": [1.5200582527937496, 0.8345948271573661, 0.36538820795310323], "k_pid_alt": [0.8260812893151488, 0.49938518993149206, 0.6310679888115357], "k_pid_att": [45.46540324914838, 7.094955740483084, 0.839839346158896], "k_pid_yaw": [0.5, 1e-06, 0.1], "k_pid_hsp": [9.362632357623216, 0.661885138411763, 0.2598112797142933], "k_pid_vsp": [99.69147512650723, 355.8830010522552, 51.587438763865315]}, "datetime": {"datetime": "2025-08-13 15:11:07", "elapsed": 19395.53062391281, "delta": 33.104656457901}, "costs": {"total_cost": 567.3603149195618, "time_cost": 112.644, "final_distance_cost": 1.7693791299629102, "oscillation_cost": 327.9847371026961, "completition_cost": 0.0, "overshoot_cost": 58.383076323104824, "power_cost": 36.14762419433594, "noise_cost": 30.431498169461992, "n_waypoints_completed": 9, "tot_waypoints": 9}}
{"target": -321.660122397059, "params": {"k_pid_pos": [1.2051672287719042, 0.6048525900635756, 0.06121437628762705], "k_pid_alt": [1.7057689680600936, 0.4177684848174483, 0.4332001432578019], "k_pid_att": [7.730231675482624, 9.273792252748386, 0.8026381620890424], "k_pid_yaw": [0.5, 1e-06, 0.1], "k_pid_hsp": [5.899239133494496, 0.5843108847952432, 0.10886496267252777], "k_pid_vsp": [312.32657599904064, 323.4128623163367, 105.09459525602055]}, "datetime": {"datetime": "2025-08-13 15:11:35", "elapsed": 19423.008264780045, "delta": 27.477640867233276}, "costs": {"total_cost": 321.660122397059, "time_cost": 99.561, "final_distance_cost": 1.759211125614301, "oscillation_cost": 115.19476476570928, "completition_cost": 0.0, "overshoot_cost": 54.0314967823998, "power_cost": 26.934902563476562, "noise_cost": 24.178747159859107, "n_waypoints_completed": 9, "tot_waypoints": 9}}
{"target": -539.540063630151, "params": {"k_pid_pos": [0.7644275974030387, 0.11680861600052217, 0.8582928246649508], "k_pid_alt": [1.3106150965877714, 0.07444591152816837, 0.7412450308120212], "k_pid_att": [6.396752172119847, 1.9899778403394883, 0.4763569894884091], "k_pid_yaw": [0.5, 1e-06, 0.1], "k_pid_hsp": [7.941384966660354, 0.6673692342985964, 0.6692528216132919], "k_pid_vsp": [305.2273702242655, 339.11470692028746, 88.20898650369575]}, "datetime": {"datetime": "2025-08-13 15:12:08", "elapsed": 19456.710263490677, "delta": 33.701998710632324}, "costs": {"total_cost": 539.540063630151, "time_cost": 118.71300000000001, "final_distance_cost": 1.8045690973646522, "oscillation_cost": 302.1617257770426, "completition_cost": 0.0, "overshoot_cost": 55.1515634362493, "power_cost": 32.35560441894531, "noise_cost": 29.353600900549225, "n_waypoints_completed": 9, "tot_waypoints": 9}}
{"target": -661.5044732205729, "params": {"k_pid_pos": [1.4044936875913485, 0.8963830061218543, 0.0018114786842207131], "k_pid_alt": [1.9283601728488797, 0.5471783132863062, 0.47837505064245345], "k_pid_att": [24.377822135575787, 9.814933007909056, 0.5949949716124402], "k_pid_yaw": [0.5, 1e-06, 0.1], "k_pid_hsp": [5.674840479828504, 0.979606752501599, 0.6872891178560462], "k_pid_vsp": [168.0560005175789, 25.96169681929957, 0.5318623041604024]}, "datetime": {"datetime": "2025-08-13 15:12:41", "elapsed": 19489.908368825912, "delta": 33.198105335235596}, "costs": {"total_cost": 661.5044732205729, "time_cost": 150, "final_distance_cost": 76.43140374753222, "oscillation_cost": 191.90950273783935, "completition_cost": 111.11111111111116, "overshoot_cost": 73.63230797925188, "power_cost": 26.74938223876953, "noise_cost": 31.670765406068742, "n_waypoints_completed": 8, "tot_waypoints": 9}}
{"target": -819.0464818445599, "params": {"k_pid_pos": [0.9017446974997899, 0.8727578682828477, 0.03759368241704941], "k_pid_alt": [0.7322916242768245, 0.08408346649253351, 0.48993672804368193], "k_pid_att": [13.546935277239347, 4.050246049825377, 0.020102095574847878], "k_pid_yaw": [0.5, 1e-06, 0.1], "k_pid_hsp": [9.700152316345957, 0.009412372877227404, 0.1624273807619766], "k_pid_vsp": [302.42195033185055, 311.50897310876246, 105.1718455125999]}, "datetime": {"datetime": "2025-08-13 15:13:15", "elapsed": 19523.35794734955, "delta": 33.449578523635864}, "costs": {"total_cost": 819.0464818445599, "time_cost": 150, "final_distance_cost": 68.20438711343833, "oscillation_cost": 260.587911081983, "completition_cost": 222.2222222222222, "overshoot_cost": 57.87446952312555, "power_cost": 31.97737447509766, "noise_cost": 28.180117428693148, "n_waypoints_completed": 7, "tot_waypoints": 9}}
{"target": -344.9571511562859, "params": {"k_pid_pos": [1.7613981080768557, 0.5230747342944713, 0.24766295384741233], "k_pid_alt": [1.730927828124483, 0.3790612111923741, 0.9216706169461113], "k_pid_att": [6.022369843604414, 9.76133784960611, 0.5785027503244488], "k_pid_yaw": [0.5, 1e-06, 0.1], "k_pid_hsp": [7.060203908914143, 0.12146628672728388, 0.4976249961997793], "k_pid_vsp": [268.3187847851849, 271.77278785262246, 48.259760202530096]}, "datetime": {"datetime": "2025-08-13 15:13:43", "elapsed": 19551.709847211838, "delta": 28.35189986228943}, "costs": {"total_cost": 344.9571511562859, "time_cost": 96.019, "final_distance_cost": 1.775647309478206, "oscillation_cost": 145.17684021618055, "completition_cost": 0.0, "overshoot_cost": 55.210113875330144, "power_cost": 24.32082342529297, "noise_cost": 22.454726330004018, "n_waypoints_completed": 9, "tot_waypoints": 9}}
{"target": -359.1994544590066, "params": {"k_pid_pos": [1.1721042894045963, 0.745223972552353, 0.6777390231409584], "k_pid_alt": [0.8481149686917022, 0.5940626981103949, 0.28576230671601854], "k_pid_att": [7.90866590643412, 7.2576446882130625, 0.6600810203622494], "k_pid_yaw": [0.5, 1e-06, 0.1], "k_pid_hsp": [3.5157596681791903, 0.29548264750032094, 0.49990890743093797], "k_pid_vsp": [311.8134563523097, 316.2445007058009, 97.07351725530472]}, "datetime": {"datetime": "2025-08-13 15:14:12", "elapsed": 19580.023559570312, "delta": 28.31371235847473}, "costs": {"total_cost": 359.1994544590066, "time_cost": 98.756, "final_distance_cost": 1.7749182507278622, "oscillation_cost": 158.2656805396075, "completition_cost": 0.0, "overshoot_cost": 57.28343539053243, "power_cost": 21.263503332519534, "noise_cost": 21.855916945619278, "n_waypoints_completed": 9, "tot_waypoints": 9}}
{"target": -1636.8989138766442, "params": {"k_pid_pos": [0.22120089309949978, 0.06942940032929368, 0.8869677423343462], "k_pid_alt": [1.7372504001786795, 0.0710899163035813, 0.123032948226096], "k_pid_att": [52.39845883638354, 2.851264207161778, 0.013167807286576294], "k_pid_yaw": [0.5, 1e-06, 0.1], "k_pid_hsp": [4.248005459598362, 0.0372891364575203, 0.4976860277519277], "k_pid_vsp": [91.04590115250897, 354.2351860046591, 41.3151943692984]}, "datetime": {"datetime": "2025-08-13 15:14:45", "elapsed": 19613.674523591995, "delta": 33.65096402168274}, "costs": {"total_cost": 1636.8989138766442, "time_cost": 150, "final_distance_cost": 45.60563754485971, "oscillation_cost": 769.5879118204812, "completition_cost": 555.5555555555555, "overshoot_cost": 52.00297597857925, "power_cost": 35.82463405761719, "noise_cost": 28.322198919551138, "n_waypoints_completed": 4, "tot_waypoints": 9}}
{"target": -444.8085543232963, "params": {"k_pid_pos": [1.8777916352039914, 0.8448310438759561, 0.514322333523086], "k_pid_alt": [0.8041819094572886, 0.7497857995090877, 0.7252061836587804], "k_pid_att": [7.734371937130957, 6.941816197999621, 0.08219454189049458], "k_pid_yaw": [0.5, 1e-06, 0.1], "k_pid_hsp": [7.259175949081473, 0.8589651309578227, 0.44741290345112195], "k_pid_vsp": [299.6591909061238, 346.69167795920043, 103.91612341071526]}, "datetime": {"datetime": "2025-08-13 15:15:15", "elapsed": 19643.344630479813, "delta": 29.670106887817383}, "costs": {"total_cost": 444.8085543232963, "time_cost": 102.72500000000001, "final_distance_cost": 1.781893513750591, "oscillation_cost": 228.58926912379548, "completition_cost": 0.0, "overshoot_cost": 60.258951556421316, "power_cost": 27.101832629394533, "noise_cost": 24.351607499934346, "n_waypoints_completed": 9, "tot_waypoints": 9}}
{"target": -866.8709041334477, "params": {"k_pid_pos": [1.9398944629106356, 0.28466875819579596, 0.11130727178652877], "k_pid_alt": [1.4265371495560535, 0.18853425967205428, 0.1243406017754628], "k_pid_att": [14.703052503047797, 6.672247833199838, 0.06567120035527607], "k_pid_yaw": [0.5, 1e-06, 0.1], "k_pid_hsp": [3.039120161937096, 0.527224554360467, 0.9151731266671493], "k_pid_vsp": [293.4483667665436, 339.20748392711005, 105.34609342794786]}, "datetime": {"datetime": "2025-08-13 15:15:48", "elapsed": 19676.660646677017, "delta": 33.31601619720459}, "costs": {"total_cost": 866.8709041334477, "time_cost": 150, "final_distance_cost": 66.3468282091445, "oscillation_cost": 321.90823025179503, "completition_cost": 222.2222222222222, "overshoot_cost": 48.47083749379283, "power_cost": 30.335663037109377, "noise_cost": 27.587122919383713, "n_waypoints_completed": 7, "tot_waypoints": 9}}
{"target": -591.9138802401654, "params": {"k_pid_pos": [1.9856877382270308, 0.0657795677342482, 0.22833184840491427], "k_pid_alt": [0.42898428899215, 0.9142748802429377, 0.7091678759732332], "k_pid_att": [58.18385857836146, 6.964240575351527, 0.6710139163692553], "k_pid_yaw": [0.5, 1e-06, 0.1], "k_pid_hsp": [5.879125110939338, 0.26036014020790743, 0.513810720235514], "k_pid_vsp": [81.376955557392, 365.99927683770983, 42.91842422649393]}, "datetime": {"datetime": "2025-08-13 15:16:20", "elapsed": 19708.387014865875, "delta": 31.726368188858032}, "costs": {"total_cost": 591.9138802401654, "time_cost": 110.495, "final_distance_cost": 1.7731583500885606, "oscillation_cost": 358.86283476886143, "completition_cost": 0.0, "overshoot_cost": 64.70005174413903, "power_cost": 30.225190295410158, "noise_cost": 25.857645081666355, "n_waypoints_completed": 9, "tot_waypoints": 9}}
