{"target": -1417.603874859311, "params": {"k_pid_pos": [1.5146217897042513, 0.9901301879417705, 0.8615904998880765], "k_pid_alt": [0.10622784852346312, 0.5779659701447513, 0.3821109767724624], "k_pid_att": [18.177824062518667, 6.470455906488747, 0.9687063626112684], "k_pid_yaw": [0.5, 1e-06, 0.1], "k_pid_hsp": [2.084327633192309, 0.11882476095468886, 0.5652551723436302], "k_pid_vsp": [170.75501856358213, 13.483800200902106, 26.48140981187332]}, "datetime": {"datetime": "2025-08-13 21:09:21", "elapsed": 40889.94451189041, "delta": 36.60719561576843}, "costs": {"total_cost": 1417.603874859311, "time_cost": 150, "final_distance_cost": 87.22690051425353, "oscillation_cost": 288.61996698342716, "completition_cost": 777.7777777777778, "overshoot_cost": 48.465693969609, "power_cost": 35.1257919921875, "noise_cost": 30.38774362205585, "n_waypoints_completed": 2, "tot_waypoints": 9}}
{"target": -496.89659671622303, "params": {"k_pid_pos": [0.716918940693289, 0.34558454318495413, 0.5770304058714657], "k_pid_alt": [1.1956737463874882, 0.3491964912081188, 0.5754432316313253], "k_pid_att": [13.29204270910136, 5.26386899036308, 0.7241201719882022], "k_pid_yaw": [0.5, 1e-06, 0.1], "k_pid_hsp": [3.4998900158212822, 0.7552489006712829, 0.6341089605033614], "k_pid_vsp": [175.61181357308743, 24.898114864184603, 7.871241417073036]}, "datetime": {"datetime": "2025-08-13 21:09:55", "elapsed": 40923.25821661949, "delta": 33.3137047290802}, "costs": {"total_cost": 496.89659671622303, "time_cost": 108.997, "final_distance_cost": 1.7753704012848925, "oscillation_cost": 269.3084721570821, "completition_cost": 0.0, "overshoot_cost": 57.018300026064146, "power_cost": 28.92296492919922, "noise_cost": 30.87448920259263, "n_waypoints_completed": 9, "tot_waypoints": 9}}
{"target": -505.9790328275955, "params": {"k_pid_pos": [1.2557186904470516, 0.5745747180155368, 0.4249622148928619], "k_pid_alt": [0.48654590225458594, 0.9511535189811741, 0.9845237577064736], "k_pid_att": [10.462454659179244, 8.335976027116859, 0.3690484307895644], "k_pid_yaw": [0.5, 1e-06, 0.1], "k_pid_hsp": [8.092023367004776, 0.1143643769947037, 0.21965874002792396], "k_pid_vsp": [318.6165088885357, 356.22649604125314, 121.62027034432586]}, "datetime": {"datetime": "2025-08-13 21:10:28", "elapsed": 40956.70334482193, "delta": 33.445128202438354}, "costs": {"total_cost": 505.9790328275955, "time_cost": 112.70700000000001, "final_distance_cost": 1.7276270994677712, "oscillation_cost": 268.7680884221856, "completition_cost": 0.0, "overshoot_cost": 62.94820486520852, "power_cost": 31.205439965820315, "noise_cost": 28.62267247491329, "n_waypoints_completed": 9, "tot_waypoints": 9}}
{"target": -424.7727067299486, "params": {"k_pid_pos": [1.3187471067718042, 0.2576021084686234, 0.9281271564395177], "k_pid_alt": [1.7296473063188813, 0.4314254534023846, 0.5524029861590812], "k_pid_att": [10.754171280640657, 2.3796527293215677, 0.6336930504379525], "k_pid_yaw": [0.5, 1e-06, 0.1], "k_pid_hsp": [9.04402857761716, 0.9748642059445047, 0.35889987254635725], "k_pid_vsp": [301.1072937825544, 307.23329657824087, 112.64468530919123]}, "datetime": {"datetime": "2025-08-13 21:10:58", "elapsed": 40986.84162068367, "delta": 30.138275861740112}, "costs": {"total_cost": 424.7727067299486, "time_cost": 101.864, "final_distance_cost": 1.7840512319350517, "oscillation_cost": 221.39871642735048, "completition_cost": 0.0, "overshoot_cost": 52.99032167735228, "power_cost": 24.00996285400391, "noise_cost": 22.72565453930693, "n_waypoints_completed": 9, "tot_waypoints": 9}}
{"target": -1372.8987503453448, "params": {"k_pid_pos": [0.2138586017720939, 0.3766696377453639, 0.744697893883352], "k_pid_alt": [1.6528775454623466, 0.9392886239042935, 0.5098888788623384], "k_pid_att": [10.191805668337695, 7.0003658554269235, 0.4722905051590047], "k_pid_yaw": [0.5, 1e-06, 0.1], "k_pid_hsp": [0.45216047054268477, 0.09725120066328696, 0.5603064872744123], "k_pid_vsp": [193.1696565208453, 318.2152975523777, 22.130629138942727]}, "datetime": {"datetime": "2025-08-13 21:11:36", "elapsed": 41024.5957698822, "delta": 37.754149198532104}, "costs": {"total_cost": 1372.8987503453448, "time_cost": 150, "final_distance_cost": 49.95059514056828, "oscillation_cost": 383.69128270047275, "completition_cost": 666.6666666666667, "overshoot_cost": 64.20602318498743, "power_cost": 29.759223962402345, "noise_cost": 28.624958690247407, "n_waypoints_completed": 3, "tot_waypoints": 9}}
{"target": -454.2025534569309, "params": {"k_pid_pos": [0.6246937047257793, 0.09505870047094955, 0.6452758499333381], "k_pid_alt": [0.8545183506356362, 0.9787374358892932, 0.6303513111855726], "k_pid_att": [12.764565008506167, 4.6487883788504325, 0.6900524291424155], "k_pid_yaw": [0.5, 1e-06, 0.1], "k_pid_hsp": [8.92727984609655, 0.8092158992660781, 0.8351216560262053], "k_pid_vsp": [308.95382948659164, 342.5806575280423, 119.05150365585172]}, "datetime": {"datetime": "2025-08-13 21:12:05", "elapsed": 41053.45360302925, "delta": 28.85783314704895}, "costs": {"total_cost": 454.2025534569309, "time_cost": 95.186, "final_distance_cost": 1.8088898369988833, "oscillation_cost": 249.43565194608624, "completition_cost": 0.0, "overshoot_cost": 60.46539590699184, "power_cost": 24.43472352294922, "noise_cost": 22.87189224390472, "n_waypoints_completed": 9, "tot_waypoints": 9}}
{"target": -820.2549464966057, "params": {"k_pid_pos": [1.1995165936868704, 0.5924165349953938, 0.16898931678158047], "k_pid_alt": [1.371619291529894, 0.0968917766240508, 0.6187907392251514], "k_pid_att": [15.663087661540354, 5.94839821606777, 0.16392680803446913], "k_pid_yaw": [0.5, 1e-06, 0.1], "k_pid_hsp": [4.898468097008711, 0.0948045680310512, 0.6360322822766531], "k_pid_vsp": [261.2550710409877, 273.2542172870205, 53.488159622278594]}, "datetime": {"datetime": "2025-08-13 21:12:38", "elapsed": 41086.320657253265, "delta": 32.86705422401428}, "costs": {"total_cost": 820.2549464966057, "time_cost": 150, "final_distance_cost": 25.886775109860746, "oscillation_cost": 413.0976391687794, "completition_cost": 111.11111111111116, "overshoot_cost": 53.954508921782676, "power_cost": 35.643224145507816, "noise_cost": 30.56168803956388, "n_waypoints_completed": 8, "tot_waypoints": 9}}
{"target": -425.0833147820429, "params": {"k_pid_pos": [0.8639807686443493, 0.5438442138463403, 0.16565773497577407], "k_pid_alt": [1.615498740945832, 0.8038811431197699, 0.7126740869604411], "k_pid_att": [49.442328222589474, 5.032426863304162, 0.7941033088266051], "k_pid_yaw": [0.5, 1e-06, 0.1], "k_pid_hsp": [5.473400961846534, 0.5963293530133039, 0.14701010440074636], "k_pid_vsp": [221.20284232508314, 277.3857173263083, 33.29886317488672]}, "datetime": {"datetime": "2025-08-13 21:13:02", "elapsed": 41110.31743478775, "delta": 23.996777534484863}, "costs": {"total_cost": 425.0833147820429, "time_cost": 82.292, "final_distance_cost": 1.75754753307211, "oscillation_cost": 244.93521496292007, "completition_cost": 0.0, "overshoot_cost": 51.51133395290738, "power_cost": 23.912970654296878, "noise_cost": 20.674247678846502, "n_waypoints_completed": 9, "tot_waypoints": 9}}
{"target": -944.4202044473903, "params": {"k_pid_pos": [0.37426909962595417, 0.955264463863724, 0.46237063032234593], "k_pid_alt": [1.5689699439312306, 0.981284424433773, 0.7674798371766673], "k_pid_att": [41.995522037567525, 3.2149284870861026, 0.4265078328419243], "k_pid_yaw": [0.5, 1e-06, 0.1], "k_pid_hsp": [6.075556807567047, 0.36527626767013766, 0.8679471090494245], "k_pid_vsp": [80.53260326252523, 357.2225328406424, 28.146957743300423]}, "datetime": {"datetime": "2025-08-13 21:13:38", "elapsed": 41146.04211783409, "delta": 35.72468304634094}, "costs": {"total_cost": 944.4202044473903, "time_cost": 150, "final_distance_cost": 84.65429962426273, "oscillation_cost": 248.76369027790514, "completition_cost": 333.33333333333337, "overshoot_cost": 59.46304114062848, "power_cost": 36.59862305908203, "noise_cost": 31.607217012178747, "n_waypoints_completed": 6, "tot_waypoints": 9}}
{"target": -1643.1046881930004, "params": {"k_pid_pos": [0.06719837976249686, 0.8507622701558317, 0.8446215318506796], "k_pid_alt": [0.015248084673452622, 0.15448609798003266, 0.6274080354898125], "k_pid_att": [20.377271525167238, 8.579219102803691, 0.764810496961177], "k_pid_yaw": [0.5, 1e-06, 0.1], "k_pid_hsp": [2.763168826490326, 0.9340211794336629, 0.7974717631959142], "k_pid_vsp": [295.69395493241063, 347.60019387138607, 118.5896624677419]}, "datetime": {"datetime": "2025-08-13 21:14:15", "elapsed": 41183.26479101181, "delta": 37.222673177719116}, "costs": {"total_cost": 1643.1046881930004, "time_cost": 150, "final_distance_cost": 55.91118670641404, "oscillation_cost": 327.50756405175963, "completition_cost": 1000.0, "overshoot_cost": 40.59913784968547, "power_cost": 38.23021541748047, "noise_cost": 30.856584167660774, "n_waypoints_completed": 0, "tot_waypoints": 9}}
{"target": -810.5109515855179, "params": {"k_pid_pos": [0.3905410255906734, 0.4947987298302342, 0.6087137033486483], "k_pid_alt": [1.9229542774382973, 0.08049477526726523, 0.699184680215614], "k_pid_att": [19.526641438812177, 6.778054000640647, 0.5910147466011839], "k_pid_yaw": [0.5, 1e-06, 0.1], "k_pid_hsp": [6.972029955905757, 0.9448378589106711, 0.8417128076829223], "k_pid_vsp": [304.96688738524733, 338.4567976296366, 85.96452964994846]}, "datetime": {"datetime": "2025-08-13 21:14:54", "elapsed": 41222.13136386871, "delta": 38.866572856903076}, "costs": {"total_cost": 810.5109515855179, "time_cost": 150, "final_distance_cost": 36.2028012596319, "oscillation_cost": 391.09575911092554, "completition_cost": 111.11111111111116, "overshoot_cost": 54.28800194614197, "power_cost": 37.065017834472656, "noise_cost": 30.7482603232346, "n_waypoints_completed": 8, "tot_waypoints": 9}}
{"target": -504.0681286069044, "params": {"k_pid_pos": [0.8214996617761571, 0.7379200599288671, 0.3699841079948675], "k_pid_alt": [1.446726452098126, 0.963755865445265, 0.9045597578652934], "k_pid_att": [12.645327514727478, 3.9012021733267797, 0.3316985402723127], "k_pid_yaw": [0.5, 1e-06, 0.1], "k_pid_hsp": [6.151411826139528, 0.5554068966006926, 0.40566656574869153], "k_pid_vsp": [162.1974231928208, 8.570477181226153, 25.481340957802757]}, "datetime": {"datetime": "2025-08-13 21:15:28", "elapsed": 41256.01798725128, "delta": 33.88662338256836}, "costs": {"total_cost": 504.0681286069044, "time_cost": 108.311, "final_distance_cost": 1.7323654245843092, "oscillation_cost": 276.2771385450602, "completition_cost": 0.0, "overshoot_cost": 58.07996610753646, "power_cost": 30.710083264160158, "noise_cost": 28.957575265563253, "n_waypoints_completed": 9, "tot_waypoints": 9}}
{"target": -584.5388891852896, "params": {"k_pid_pos": [0.7869718615302829, 0.10673143114424655, 0.49888328726526276], "k_pid_alt": [0.5526940207718969, 0.8732903753413597, 0.594304586773939], "k_pid_att": [7.3259197236719364, 1.566412996347308, 0.0769841535332132], "k_pid_yaw": [0.5, 1e-06, 0.1], "k_pid_hsp": [3.4666767472072113, 0.48902668876377675, 0.7088121789131754], "k_pid_vsp": [171.4044425815305, 3.441657807389746, 28.495997907187494]}, "datetime": {"datetime": "2025-08-13 21:15:57", "elapsed": 41285.55833697319, "delta": 29.54034972190857}, "costs": {"total_cost": 584.5388891852896, "time_cost": 106.036, "final_distance_cost": 1.7536078998751752, "oscillation_cost": 357.7246977996561, "completition_cost": 0.0, "overshoot_cost": 62.502987102241406, "power_cost": 29.340578869628906, "noise_cost": 27.181017513888047, "n_waypoints_completed": 9, "tot_waypoints": 9}}
{"target": -431.79495555108605, "params": {"k_pid_pos": [1.9557254341173271, 0.14414958546964385, 0.08203970690791018], "k_pid_alt": [0.48872944355093884, 0.4886708299568612, 0.06805186122313633], "k_pid_att": [8.37698674328159, 1.2449051025923716, 0.20189577907900202], "k_pid_yaw": [0.5, 1e-06, 0.1], "k_pid_hsp": [6.837574775228037, 0.33897567941863616, 0.7804002164588976], "k_pid_vsp": [271.9544062927892, 268.55746213244714, 66.95685318106302]}, "datetime": {"datetime": "2025-08-13 21:16:34", "elapsed": 41322.42038464546, "delta": 36.86204767227173}, "costs": {"total_cost": 431.79495555108605, "time_cost": 108.738, "final_distance_cost": 1.7928237880298679, "oscillation_cost": 208.55926769316994, "completition_cost": 0.0, "overshoot_cost": 61.0635818148922, "power_cost": 25.606367919921876, "noise_cost": 26.034914335072166, "n_waypoints_completed": 9, "tot_waypoints": 9}}
{"target": -630.1949886968549, "params": {"k_pid_pos": [0.2834232120994462, 0.6773493223820869, 0.11979514232636213], "k_pid_alt": [0.40416740930387385, 0.9524266406067616, 0.9212021146847451], "k_pid_att": [12.992039021347058, 1.0454946898815065, 0.3535157316758202], "k_pid_yaw": [0.5, 1e-06, 0.1], "k_pid_hsp": [8.310052920856116, 0.3928221408241436, 0.03026795020145967], "k_pid_vsp": [269.0537680287044, 273.07562953172834, 43.76918214742377]}, "datetime": {"datetime": "2025-08-13 21:17:12", "elapsed": 41360.67710042, "delta": 38.25671577453613}, "costs": {"total_cost": 630.1949886968549, "time_cost": 150, "final_distance_cost": 70.48906460504904, "oscillation_cost": 85.36743741813484, "completition_cost": 222.2222222222222, "overshoot_cost": 53.268157628158015, "power_cost": 22.867932653808595, "noise_cost": 25.980174169482233, "n_waypoints_completed": 7, "tot_waypoints": 9}}
{"target": -418.47947452787474, "params": {"k_pid_pos": [1.924575330118278, 0.7617082925966664, 0.317661050668969], "k_pid_alt": [1.1504802889969907, 0.5535295823894736, 0.7679195675048449], "k_pid_att": [45.21010079873913, 2.8829807611955256, 0.9681568604373735], "k_pid_yaw": [0.5, 1e-06, 0.1], "k_pid_hsp": [9.608427616188235, 0.7817433207635996, 0.13584271525593583], "k_pid_vsp": [233.62114356727952, 279.91818519410754, 33.396641381269426]}, "datetime": {"datetime": "2025-08-13 21:17:43", "elapsed": 41391.559349775314, "delta": 30.882249355316162}, "costs": {"total_cost": 418.47947452787474, "time_cost": 102.165, "final_distance_cost": 1.7595888204236532, "oscillation_cost": 188.9963361001018, "completition_cost": 0.0, "overshoot_cost": 60.568525898007685, "power_cost": 34.740185485839845, "noise_cost": 30.249838223501726, "n_waypoints_completed": 9, "tot_waypoints": 9}}
{"target": -298.1668445450197, "params": {"k_pid_pos": [1.3708085608825638, 0.5646699893900519, 0.5664353886180619], "k_pid_alt": [1.7326388603548568, 0.33926857018685685, 0.29952177382586065], "k_pid_att": [15.974387342968713, 3.10457341029866, 0.38415730938272546], "k_pid_yaw": [0.5, 1e-06, 0.1], "k_pid_hsp": [3.528449872740665, 0.44579556427664, 0.06653253967411452], "k_pid_vsp": [199.1359912512737, 300.7007590914692, 19.451175856857006]}, "datetime": {"datetime": "2025-08-13 21:18:12", "elapsed": 41420.49362325668, "delta": 28.93427348136902}, "costs": {"total_cost": 298.1668445450197, "time_cost": 97.02, "final_distance_cost": 1.7942274058477445, "oscillation_cost": 95.99289358412744, "completition_cost": 0.0, "overshoot_cost": 51.736519202517854, "power_cost": 26.647568005371095, "noise_cost": 24.975636347155582, "n_waypoints_completed": 9, "tot_waypoints": 9}}
{"target": -473.8030476303019, "params": {"k_pid_pos": [0.8248751353155356, 0.14588752056107668, 0.26686087535599445], "k_pid_alt": [1.546108527561775, 0.7948639425067977, 0.9734136162614876], "k_pid_att": [8.739588452529112, 2.932410795047621, 0.04472117756869254], "k_pid_yaw": [0.5, 1e-06, 0.1], "k_pid_hsp": [3.370608235521756, 0.9860585068079187, 0.7442246654344601], "k_pid_vsp": [317.7265459239007, 351.4673431345591, 98.65162479934388]}, "datetime": {"datetime": "2025-08-13 21:18:42", "elapsed": 41450.882298231125, "delta": 30.38867497444153}, "costs": {"total_cost": 473.8030476303019, "time_cost": 87.605, "final_distance_cost": 1.7720667240941053, "oscillation_cost": 280.0452144002025, "completition_cost": 0.0, "overshoot_cost": 53.78161173100722, "power_cost": 27.667126098632814, "noise_cost": 22.93202867636524, "n_waypoints_completed": 9, "tot_waypoints": 9}}
{"target": -288.315857163696, "params": {"k_pid_pos": [1.9052711268987592, 0.1509584734732058, 0.2233400376511261], "k_pid_alt": [1.5451399795295566, 0.642833238771872, 0.9815248563118609], "k_pid_att": [7.512089975459213, 1.8376321932127353, 0.4480012875705732], "k_pid_yaw": [0.5, 1e-06, 0.1], "k_pid_hsp": [9.87830973563472, 0.8581197911678988, 0.11392152677489154], "k_pid_vsp": [181.93616741448025, 21.98731589094273, 12.176850893096898]}, "datetime": {"datetime": "2025-08-13 21:19:14", "elapsed": 41482.24806833267, "delta": 31.36577010154724}, "costs": {"total_cost": 288.315857163696, "time_cost": 89.495, "final_distance_cost": 1.7418990705169022, "oscillation_cost": 92.09359322352927, "completition_cost": 0.0, "overshoot_cost": 55.07187221591081, "power_cost": 25.18851413574219, "noise_cost": 24.72497851799686, "n_waypoints_completed": 9, "tot_waypoints": 9}}
{"target": -950.026822091542, "params": {"k_pid_pos": [0.8156661506934001, 0.40344879540602596, 0.9673704202246087], "k_pid_alt": [0.4043406197784334, 0.8325885646855041, 0.7310137356667492], "k_pid_att": [15.71996885994633, 4.553790887335668, 0.3765444509643845], "k_pid_yaw": [0.5, 1e-06, 0.1], "k_pid_hsp": [5.616241282916284, 0.7385170775971679, 0.48228654668776083], "k_pid_vsp": [306.9637836898754, 327.7833123743951, 91.58946401455154]}, "datetime": {"datetime": "2025-08-13 21:19:50", "elapsed": 41518.01397061348, "delta": 35.765902280807495}, "costs": {"total_cost": 950.026822091542, "time_cost": 150, "final_distance_cost": 68.23882438272884, "oscillation_cost": 392.4928601893227, "completition_cost": 222.2222222222222, "overshoot_cost": 57.73665529461036, "power_cost": 30.30465556640625, "noise_cost": 29.031604436251698, "n_waypoints_completed": 7, "tot_waypoints": 9}}
{"target": -374.1413477865102, "params": {"k_pid_pos": [1.2345693489340541, 0.5549161844253988, 0.3720957825156129], "k_pid_alt": [1.2945672148917924, 0.02970612456087529, 0.2659919870550649], "k_pid_att": [9.47187225045102, 6.091372163451594, 0.6723914732015277], "k_pid_yaw": [0.5, 1e-06, 0.1], "k_pid_hsp": [7.7410259870162905, 0.6511290349485481, 0.8244212615197404], "k_pid_vsp": [302.98430724320104, 342.60886151245364, 88.60494913408496]}, "datetime": {"datetime": "2025-08-13 21:20:15", "elapsed": 41543.33176493645, "delta": 25.31779432296753}, "costs": {"total_cost": 374.1413477865102, "time_cost": 84.861, "final_distance_cost": 1.7957356311609547, "oscillation_cost": 181.99854102919087, "completition_cost": 0.0, "overshoot_cost": 55.01985125034338, "power_cost": 27.332758654785156, "noise_cost": 23.133461221029833, "n_waypoints_completed": 9, "tot_waypoints": 9}}
{"target": -323.6074100171976, "params": {"k_pid_pos": [1.9781713988554763, 0.748408672892961, 0.7041347093580398], "k_pid_alt": [0.9640921072215347, 0.1802461002440663, 0.03726590547692743], "k_pid_att": [21.055640669159814, 6.284283370963868, 0.8333873459656741], "k_pid_yaw": [0.5, 1e-06, 0.1], "k_pid_hsp": [1.1762968106087923, 0.8075762104053069, 0.021502102618953245], "k_pid_vsp": [303.5902481721284, 330.73872991414333, 82.07157309853073]}, "datetime": {"datetime": "2025-08-13 21:20:47", "elapsed": 41575.103865623474, "delta": 31.772100687026978}, "costs": {"total_cost": 323.6074100171976, "time_cost": 110.824, "final_distance_cost": 1.7920690234026468, "oscillation_cost": 92.11509615657211, "completition_cost": 0.0, "overshoot_cost": 55.681175287418235, "power_cost": 33.87198348388672, "noise_cost": 29.323086065917874, "n_waypoints_completed": 9, "tot_waypoints": 9}}
{"target": -470.2607609043623, "params": {"k_pid_pos": [2.0, 0.38993684945356566, 0.2743444132929036], "k_pid_alt": [1.2366462574865282, 0.7139301125913836, 0.4970746827020967], "k_pid_att": [32.96715430909418, 5.193130398329657, 0.7088722486961667], "k_pid_yaw": [0.5, 1e-06, 0.1], "k_pid_hsp": [6.325070878824599, 0.8436000362114352, 0.20780866269803172], "k_pid_vsp": [107.04012830531983, 352.2629855295367, 50.370411954186224]}, "datetime": {"datetime": "2025-08-13 21:21:17", "elapsed": 41605.15378832817, "delta": 30.049922704696655}, "costs": {"total_cost": 470.2607609043623, "time_cost": 93.45, "final_distance_cost": 1.7881409590228847, "oscillation_cost": 261.92022739507905, "completition_cost": 0.0, "overshoot_cost": 55.92005045909349, "power_cost": 30.41652586669922, "noise_cost": 26.76581622446769, "n_waypoints_completed": 9, "tot_waypoints": 9}}
{"target": -763.0459719010659, "params": {"k_pid_pos": [0.8754989234179055, 0.22289993025621935, 0.6416316484261354], "k_pid_alt": [1.177511853095041, 0.19478258361381817, 0.8163175870019206], "k_pid_att": [12.260926414748797, 7.897110673085049, 0.568253633049642], "k_pid_yaw": [0.5, 1e-06, 0.1], "k_pid_hsp": [5.989981821464448, 0.5196149505965765, 0.6051667745526114], "k_pid_vsp": [257.238425339957, 276.7582607757968, 47.31134149456776]}, "datetime": {"datetime": "2025-08-13 21:21:50", "elapsed": 41638.731698036194, "delta": 33.57790970802307}, "costs": {"total_cost": 763.0459719010659, "time_cost": 150, "final_distance_cost": 62.79806932204484, "oscillation_cost": 333.8018967090064, "completition_cost": 111.11111111111116, "overshoot_cost": 48.556865904171275, "power_cost": 29.705240258789065, "noise_cost": 27.072788595942985, "n_waypoints_completed": 8, "tot_waypoints": 9}}
