{"target": -1631.2161947632458, "params": {"k_pid_pos": [0.12977317069958166, 0.19750131251400427, 0.28090955643175186], "k_pid_alt": [1.0595384975285935, 0.34616162476968904, 0.2853587082707181], "k_pid_att": [81.13744856197647, 4.300839214383454, 0.46463831353010443], "k_pid_yaw": [0.5, 1e-06, 0.1], "k_pid_hsp": [6.910687161964472, 0.7057717644672136, 0.8690690245430653], "k_pid_vsp": [20.41062185771736, 213.1269087440104, 174.3920064102137]}, "datetime": {"datetime": "2025-08-13 11:51:45", "elapsed": 7433.254051685333, "delta": 52.35674810409546}, "costs": {"total_cost": 1631.2161947632458, "time_cost": 150, "final_distance_cost": 54.57729824782197, "oscillation_cost": 625.7216733820812, "completition_cost": 666.6666666666667, "overshoot_cost": 67.54564328884028, "power_cost": 37.497617053222655, "noise_cost": 29.207296124612924, "n_waypoints_completed": 3, "tot_waypoints": 9}}
{"target": -1714.792113441053, "params": {"k_pid_pos": [0.3701007101637357, 0.1252084094247533, 0.9234104917456092], "k_pid_alt": [0.18124111746114924, 0.019000189243649546, 0.5085036732590761], "k_pid_att": [93.54671183037976, 4.40602119723128, 0.17671393609659836], "k_pid_yaw": [0.5, 1e-06, 0.1], "k_pid_hsp": [9.412538607454929, 0.23012874848450715, 0.017286627174220914], "k_pid_vsp": [373.8967535288742, 100.90396361752738, 351.4857945482375]}, "datetime": {"datetime": "2025-08-13 11:52:37", "elapsed": 7485.726184606552, "delta": 52.47213292121887}, "costs": {"total_cost": 1714.792113441053, "time_cost": 150, "final_distance_cost": 61.38976915527638, "oscillation_cost": 610.9865824297732, "completition_cost": 666.6666666666667, "overshoot_cost": 121.64175729880894, "power_cost": 50.27250798339844, "noise_cost": 53.83482990712955, "n_waypoints_completed": 3, "tot_waypoints": 9}}
{"target": -543.6968707937808, "params": {"k_pid_pos": [0.9216162828960126, 0.42032180971619937, 0.5396783623349571], "k_pid_alt": [1.9484567687065595, 0.5434190423831567, 0.47531729892564223], "k_pid_att": [74.44116170185586, 1.0979825451731853, 0.26488701862821185], "k_pid_yaw": [0.5, 1e-06, 0.1], "k_pid_hsp": [5.986010202945398, 0.3614753799197006, 0.45304690330797504], "k_pid_vsp": [370.64161035684214, 374.29690651393923, 367.30632311515734]}, "datetime": {"datetime": "2025-08-13 11:53:19", "elapsed": 7527.360754728317, "delta": 41.63457012176514}, "costs": {"total_cost": 543.6968707937808, "time_cost": 92.295, "final_distance_cost": 1.782274121405172, "oscillation_cost": 343.06089529200887, "completition_cost": 0.0, "overshoot_cost": 57.84027197451893, "power_cost": 26.273297119140626, "noise_cost": 22.44513228670724, "n_waypoints_completed": 9, "tot_waypoints": 9}}
{"target": -922.7134797710899, "params": {"k_pid_pos": [0.8805922607835336, 0.5917019121216565, 0.33408295431485113], "k_pid_alt": [0.7093035960150469, 0.8274103419918611, 0.23144109695271764], "k_pid_att": [86.77910746280759, 0.9258834542094658, 0.5724096647819279], "k_pid_yaw": [0.5, 1e-06, 0.1], "k_pid_hsp": [8.742446427727796, 0.7724266269497196, 0.6942597190128524], "k_pid_vsp": [153.8015977284299, 111.89731880217795, 3.491776764360017]}, "datetime": {"datetime": "2025-08-13 11:54:14", "elapsed": 7582.167003631592, "delta": 54.806248903274536}, "costs": {"total_cost": 922.7134797710899, "time_cost": 150, "final_distance_cost": 61.91947349382416, "oscillation_cost": 477.6525420039845, "completition_cost": 111.11111111111116, "overshoot_cost": 61.62157191286861, "power_cost": 29.56023817138672, "noise_cost": 30.84854307791467, "n_waypoints_completed": 8, "tot_waypoints": 9}}
{"target": -1322.9392006806356, "params": {"k_pid_pos": [0.41766144778629216, 0.6643384304946875, 0.8790597454796565], "k_pid_alt": [1.5558360594919556, 0.874337016129158, 0.8877574967012168], "k_pid_att": [36.94953408789298, 7.285439574642268, 0.45358068379902716], "k_pid_yaw": [0.5, 1e-06, 0.1], "k_pid_hsp": [2.0910174880896206, 0.145128965971823, 0.7306112521673099], "k_pid_vsp": [86.08768150422836, 365.7994206832926, 30.982062365252013]}, "datetime": {"datetime": "2025-08-13 11:55:09", "elapsed": 7637.527868270874, "delta": 55.36086463928223}, "costs": {"total_cost": 1322.9392006806356, "time_cost": 150, "final_distance_cost": 83.01601940237005, "oscillation_cost": 648.029750791953, "completition_cost": 333.33333333333337, "overshoot_cost": 56.39402827208528, "power_cost": 25.32894069824219, "noise_cost": 26.83712818265181, "n_waypoints_completed": 6, "tot_waypoints": 9}}
{"target": -953.7014717576565, "params": {"k_pid_pos": [1.4433728754760782, 0.5135846848349274, 0.6545197018850681], "k_pid_alt": [1.1000406075496993, 0.8225793355251304, 0.7852034981882365], "k_pid_att": [32.21608515555589, 6.498024743064572, 0.6691597690884709], "k_pid_yaw": [0.5, 1e-06, 0.1], "k_pid_hsp": [3.385394406129048, 0.7659644493594118, 0.3562010868028781], "k_pid_vsp": [370.48654412855575, 248.22191142340583, 221.4159864552741]}, "datetime": {"datetime": "2025-08-13 11:56:04", "elapsed": 7692.454346418381, "delta": 54.926478147506714}, "costs": {"total_cost": 953.7014717576565, "time_cost": 150, "final_distance_cost": 65.9962939449664, "oscillation_cost": 482.0413305210699, "completition_cost": 111.11111111111116, "overshoot_cost": 67.29003130393806, "power_cost": 44.81423435058594, "noise_cost": 32.448470525985044, "n_waypoints_completed": 8, "tot_waypoints": 9}}
{"target": -2271.959463510555, "params": {"k_pid_pos": [1.0637235489586285, 0.3604910377551229, 0.9865379727535755], "k_pid_alt": [1.635427825552751, 0.7939408599921244, 0.026246697546556952], "k_pid_att": [1.0522354607614415, 6.908442032563531, 0.3551732151690228], "k_pid_yaw": [0.5, 1e-06, 0.1], "k_pid_hsp": [0.8659006465425478, 0.19811491604861553, 0.09643821793637564], "k_pid_vsp": [271.98376060966075, 290.98953622123645, 58.9069729289249]}, "datetime": {"datetime": "2025-08-13 11:56:58", "elapsed": 7746.21791434288, "delta": 53.76356792449951}, "costs": {"total_cost": 2271.959463510555, "time_cost": 150, "final_distance_cost": 1.138711885552405, "oscillation_cost": 760.5357640819834, "completition_cost": 1000.0, "overshoot_cost": 152.92790874179923, "power_cost": 57.988076782226564, "noise_cost": 149.36900201899402, "n_waypoints_completed": 0, "tot_waypoints": 9}}
{"target": -1497.7869450170026, "params": {"k_pid_pos": [1.6637267659011576, 0.7250687907690229, 0.06528448842644852], "k_pid_alt": [1.6015786493754354, 0.015315742273560806, 0.16251630396565697], "k_pid_att": [18.32024224539707, 7.162123432160043, 0.5544167744519433], "k_pid_yaw": [0.5, 1e-06, 0.1], "k_pid_hsp": [3.3809475395767654, 0.381575956380625, 0.036072780291071194], "k_pid_vsp": [237.34308730010142, 42.28446680645123, 216.6404054357669]}, "datetime": {"datetime": "2025-08-13 11:57:51", "elapsed": 7799.1960480213165, "delta": 52.97813367843628}, "costs": {"total_cost": 1497.7869450170026, "time_cost": 150, "final_distance_cost": 32.37264480331443, "oscillation_cost": 41.163184363963786, "completition_cost": 1000.0, "overshoot_cost": 154.4545522547823, "power_cost": 30.20687556152344, "noise_cost": 89.58968803341848, "n_waypoints_completed": 0, "tot_waypoints": 9}}
{"target": -1484.3075375823134, "params": {"k_pid_pos": [1.3886076646965744, 0.7811495278737028, 0.6251272190854732], "k_pid_alt": [0.5562019497415942, 0.4211437636550345, 0.08802943411468389], "k_pid_att": [2.4388970495311635, 8.226264687857624, 0.354165747068536], "k_pid_yaw": [0.5, 1e-06, 0.1], "k_pid_hsp": [1.8978117196391933, 0.7200320429724056, 0.5760061121224156], "k_pid_vsp": [345.2598151077209, 65.5731608596507, 274.14287135772685]}, "datetime": {"datetime": "2025-08-13 11:58:45", "elapsed": 7853.348865032196, "delta": 54.15281701087952}, "costs": {"total_cost": 1484.3075375823134, "time_cost": 150, "final_distance_cost": 90.87120912623809, "oscillation_cost": 331.217060470626, "completition_cost": 777.7777777777778, "overshoot_cost": 73.73873518096984, "power_cost": 33.042636779785155, "noise_cost": 27.660118246916756, "n_waypoints_completed": 2, "tot_waypoints": 9}}
{"target": -458.48446634850103, "params": {"k_pid_pos": [1.5734775251868949, 0.19745262636885463, 0.17037313779005647], "k_pid_alt": [0.2233395275570016, 0.5029151992830012, 0.9055851836581011], "k_pid_att": [8.565649124596408, 3.7467372412697006, 0.5311502722364126], "k_pid_yaw": [0.5, 1e-06, 0.1], "k_pid_hsp": [9.800850605992824, 0.808742972219043, 0.9059423974262494], "k_pid_vsp": [188.5794084916629, 322.0994546834272, 12.964144067332251]}, "datetime": {"datetime": "2025-08-13 11:59:37", "elapsed": 7905.239208459854, "delta": 51.89034342765808}, "costs": {"total_cost": 458.48446634850103, "time_cost": 110.033, "final_distance_cost": 1.7578502400532534, "oscillation_cost": 227.5433820510742, "completition_cost": 0.0, "overshoot_cost": 63.44644571497012, "power_cost": 28.268121826171875, "noise_cost": 27.435666516231567, "n_waypoints_completed": 9, "tot_waypoints": 9}}
{"target": -834.9146797407639, "params": {"k_pid_pos": [0.2724351531384512, 0.306063441760104, 0.053686902999653396], "k_pid_alt": [0.3715069830544304, 0.43539438914045325, 0.4899786691488801], "k_pid_att": [57.6842615879834, 3.9531185875866144, 0.19505109029385725], "k_pid_yaw": [0.5, 1e-06, 0.1], "k_pid_hsp": [6.660953920295176, 0.9455629398872847, 0.0028005117365000887], "k_pid_vsp": [148.69417888467794, 265.0405193075053, 188.58573921562285]}, "datetime": {"datetime": "2025-08-13 12:00:39", "elapsed": 7967.088542461395, "delta": 61.84933400154114}, "costs": {"total_cost": 834.9146797407639, "time_cost": 150, "final_distance_cost": 50.15215477719289, "oscillation_cost": 77.23544596109897, "completition_cost": 444.4444444444444, "overshoot_cost": 57.41348352706349, "power_cost": 28.727489306640628, "noise_cost": 26.941661724323524, "n_waypoints_completed": 5, "tot_waypoints": 9}}
{"target": -1732.9448667038052, "params": {"k_pid_pos": [0.3214474745667998, 0.6490356752693706, 0.6690853562760082], "k_pid_alt": [0.07899962209749045, 0.7721256105202109, 0.395941290995667], "k_pid_att": [97.17146116831812, 1.673731143131691, 0.624622984599346], "k_pid_yaw": [0.5, 1e-06, 0.1], "k_pid_hsp": [4.3962001812407605, 0.6177894122530254, 0.5657659784419737], "k_pid_vsp": [185.09994106951538, 345.27546199186156, 296.08146259579604]}, "datetime": {"datetime": "2025-08-13 12:01:36", "elapsed": 8024.0689742565155, "delta": 56.98043179512024}, "costs": {"total_cost": 1732.9448667038052, "time_cost": 150, "final_distance_cost": 78.90761817861775, "oscillation_cost": 496.62180383763774, "completition_cost": 888.8888888888888, "overshoot_cost": 50.13267346941026, "power_cost": 39.40732987060547, "noise_cost": 28.986552458645388, "n_waypoints_completed": 1, "tot_waypoints": 9}}
{"target": -1237.1899181948188, "params": {"k_pid_pos": [1.3094299804144418, 0.7440674789474843, 0.29864615122504357], "k_pid_alt": [1.2206058326635896, 0.5201789010197808, 0.9504084782494854], "k_pid_att": [61.77567233569397, 6.088557240336609, 0.6977922584513138], "k_pid_yaw": [0.5, 1e-06, 0.1], "k_pid_hsp": [0.4441714200992169, 0.2590151678060113, 0.8888501313925314], "k_pid_vsp": [97.58867036981096, 371.5575927506283, 46.238141317369994]}, "datetime": {"datetime": "2025-08-13 12:02:30", "elapsed": 8078.325277328491, "delta": 54.25630307197571}, "costs": {"total_cost": 1237.1899181948188, "time_cost": 150, "final_distance_cost": 74.80398656403685, "oscillation_cost": 544.4674993133835, "completition_cost": 333.33333333333337, "overshoot_cost": 71.90863364439356, "power_cost": 34.46787767333984, "noise_cost": 28.208587666331628, "n_waypoints_completed": 6, "tot_waypoints": 9}}
{"target": -688.135587777368, "params": {"k_pid_pos": [1.838506159454952, 0.34264513631978954, 0.24753587101346142], "k_pid_alt": [0.10621670553733042, 0.18266221906812463, 0.007624051989454261], "k_pid_att": [57.54625324501333, 0.3550869801282584, 0.6370793460585665], "k_pid_yaw": [0.5, 1e-06, 0.1], "k_pid_hsp": [7.410597768261309, 0.06141981371602956, 0.6989231148715424], "k_pid_vsp": [74.64052134191373, 359.42242782058946, 50.8469140011966]}, "datetime": {"datetime": "2025-08-13 12:03:27", "elapsed": 8135.224707603455, "delta": 56.89943027496338}, "costs": {"total_cost": 688.135587777368, "time_cost": 117.586, "final_distance_cost": 1.7929048294071435, "oscillation_cost": 433.81117867045225, "completition_cost": 0.0, "overshoot_cost": 64.55399547026889, "power_cost": 39.86281134033203, "noise_cost": 30.528697466907595, "n_waypoints_completed": 9, "tot_waypoints": 9}}
{"target": -2551.538574086276, "params": {"k_pid_pos": [0.726319899884624, 0.2436951795062361, 0.7158106486438021], "k_pid_alt": [1.583802102555064, 0.4295130391595363, 0.9694726859873583], "k_pid_att": [0.12349090066134938, 0.26512334965748724, 0.6020114368603433], "k_pid_yaw": [0.5, 1e-06, 0.1], "k_pid_hsp": [2.239524247164255, 0.5183058141773774, 0.5699911224579052], "k_pid_vsp": [111.06220101680351, 334.0019830435411, 349.62308753198323]}, "datetime": {"datetime": "2025-08-13 12:04:21", "elapsed": 8189.542249441147, "delta": 54.31754183769226}, "costs": {"total_cost": 2551.538574086276, "time_cost": 150, "final_distance_cost": 204.15332205735905, "oscillation_cost": 178.1600870969209, "completition_cost": 1000.0, "overshoot_cost": 827.6176792181492, "power_cost": 50.89437392578125, "noise_cost": 140.71311178806562, "n_waypoints_completed": 0, "tot_waypoints": 9}}
{"target": -795.0035828093577, "params": {"k_pid_pos": [0.7031846545999064, 0.8526442992879697, 0.09734623078290383], "k_pid_alt": [1.2824744510524964, 0.35860538175605927, 0.6338824143193078], "k_pid_att": [55.01398429397187, 5.842871132454318, 0.7288105009274548], "k_pid_yaw": [0.5, 1e-06, 0.1], "k_pid_hsp": [7.913740800579529, 0.2792740723443754, 0.7794446454298235], "k_pid_vsp": [353.9367433677252, 94.8756400212179, 319.4003220693677]}, "datetime": {"datetime": "2025-08-13 12:05:14", "elapsed": 8242.848808050156, "delta": 53.30655860900879}, "costs": {"total_cost": 795.0035828093577, "time_cost": 150, "final_distance_cost": 61.42654853543679, "oscillation_cost": 219.16047841443716, "completition_cost": 222.2222222222222, "overshoot_cost": 72.46701891665826, "power_cost": 39.28683834228516, "noise_cost": 30.440476378318138, "n_waypoints_completed": 7, "tot_waypoints": 9}}
{"target": -684.3241859432119, "params": {"k_pid_pos": [1.151379579074437, 0.43518128961412983, 0.81116208501283], "k_pid_alt": [1.7161916269338133, 0.3217694752053716, 0.6082013964904672], "k_pid_att": [75.39194746157611, 7.411228675592643, 0.03492800608820201], "k_pid_yaw": [0.5, 1e-06, 0.1], "k_pid_hsp": [7.182987115991314, 0.7570199127751939, 0.8258359572192103], "k_pid_vsp": [39.10314832575281, 190.7654867687546, 69.74051287666452]}, "datetime": {"datetime": "2025-08-13 12:06:00", "elapsed": 8288.577900648117, "delta": 45.729092597961426}, "costs": {"total_cost": 684.3241859432119, "time_cost": 99.48400000000001, "final_distance_cost": 1.7649642583486562, "oscillation_cost": 481.0237340107576, "completition_cost": 0.0, "overshoot_cost": 54.657242581254515, "power_cost": 24.598670825195313, "noise_cost": 22.795574267655777, "n_waypoints_completed": 9, "tot_waypoints": 9}}
{"target": -751.9030789474406, "params": {"k_pid_pos": [1.5854870323566375, 0.8959413008889585, 0.7444433715054476], "k_pid_alt": [0.4951948308733938, 0.9453118804799909, 0.3600449312006342], "k_pid_att": [11.242349319026124, 5.683678756699847, 0.25095577059900276], "k_pid_yaw": [0.5, 1e-06, 0.1], "k_pid_hsp": [6.953481384291833, 0.7516826593791769, 0.8113230582025337], "k_pid_vsp": [301.3129874363775, 344.0326812394089, 94.26412079555297]}, "datetime": {"datetime": "2025-08-13 12:06:53", "elapsed": 8341.956912279129, "delta": 53.37901163101196}, "costs": {"total_cost": 751.9030789474406, "time_cost": 150, "final_distance_cost": 35.57651793999529, "oscillation_cost": 324.8249117759486, "completition_cost": 111.11111111111116, "overshoot_cost": 66.10469703001729, "power_cost": 33.8463502319336, "noise_cost": 30.439490858434645, "n_waypoints_completed": 8, "tot_waypoints": 9}}
{"target": -1471.169176963289, "params": {"k_pid_pos": [1.8077692523623423, 0.9136513497292595, 0.3533937963065791], "k_pid_alt": [1.9020529001662758, 0.8806905328285043, 0.1515473917103497], "k_pid_att": [70.2624344519247, 1.1658868852762099, 0.28167354072637385], "k_pid_yaw": [0.5, 1e-06, 0.1], "k_pid_hsp": [9.54848478876378, 0.03752823296911101, 0.3701775173480465], "k_pid_vsp": [61.35189950528357, 214.711469082221, 374.9917071040655]}, "datetime": {"datetime": "2025-08-13 12:07:47", "elapsed": 8394.99657702446, "delta": 53.03966474533081}, "costs": {"total_cost": 1471.169176963289, "time_cost": 150, "final_distance_cost": 90.86836674522931, "oscillation_cost": 337.75159967802057, "completition_cost": 666.6666666666667, "overshoot_cost": 119.61295667584787, "power_cost": 36.65894819335938, "noise_cost": 69.61063900416505, "n_waypoints_completed": 3, "tot_waypoints": 9}}
{"target": -858.3161717707989, "params": {"k_pid_pos": [1.6804661676135118, 0.64468244211914, 0.025343692024165088], "k_pid_alt": [0.2768255838885245, 0.028595068215436226, 0.3758870006689695], "k_pid_att": [51.971353285318635, 7.5486327567246665, 0.10839437657519169], "k_pid_yaw": [0.5, 1e-06, 0.1], "k_pid_hsp": [5.502771781892073, 0.44224057009734696, 0.8480655490624945], "k_pid_vsp": [212.79087749764258, 146.34603666657438, 282.69037003715135]}, "datetime": {"datetime": "2025-08-13 12:08:39", "elapsed": 8447.224667787552, "delta": 52.22809076309204}, "costs": {"total_cost": 858.3161717707989, "time_cost": 150, "final_distance_cost": 83.13917954723016, "oscillation_cost": 268.8726250584122, "completition_cost": 222.2222222222222, "overshoot_cost": 71.54428436827384, "power_cost": 33.216472949218755, "noise_cost": 29.32138762544168, "n_waypoints_completed": 7, "tot_waypoints": 9}}
{"target": -931.808788457501, "params": {"k_pid_pos": [0.27293141669705473, 0.9316986117694741, 0.9585780595406649], "k_pid_alt": [0.3200862432413225, 0.5066844265739292, 0.8067795797144608], "k_pid_att": [15.560129953470959, 7.50831112481316, 0.13864683202734074], "k_pid_yaw": [0.5, 1e-06, 0.1], "k_pid_hsp": [7.868983228101531, 0.42269178758720716, 0.01442707623141759], "k_pid_vsp": [255.72153603341422, 277.9813837518747, 41.388229061291646]}, "datetime": {"datetime": "2025-08-13 12:09:32", "elapsed": 8500.44852232933, "delta": 53.223854541778564}, "costs": {"total_cost": 931.808788457501, "time_cost": 150, "final_distance_cost": 71.50894584479664, "oscillation_cost": 264.34316844970084, "completition_cost": 333.33333333333337, "overshoot_cost": 51.74470543285383, "power_cost": 30.769263085937503, "noise_cost": 30.109372310878825, "n_waypoints_completed": 6, "tot_waypoints": 9}}
{"target": -1096.8091309274648, "params": {"k_pid_pos": [0.6304195403758455, 0.5788978393757229, 0.1050555851839472], "k_pid_alt": [1.2029215472577912, 0.7795622046396354, 0.31954398749040624], "k_pid_att": [56.92644291235304, 6.561921788460534, 0.6126946486848597], "k_pid_yaw": [0.5, 1e-06, 0.1], "k_pid_hsp": [8.058003883008347, 0.576553512206858, 0.830582565336426], "k_pid_vsp": [300.3778784488139, 352.92373948761264, 49.956939761958026]}, "datetime": {"datetime": "2025-08-13 12:10:25", "elapsed": 8553.28013753891, "delta": 52.83161520957947}, "costs": {"total_cost": 1096.8091309274648, "time_cost": 150, "final_distance_cost": 66.7724836475118, "oscillation_cost": 399.98363273483943, "completition_cost": 333.33333333333337, "overshoot_cost": 60.575193499782706, "power_cost": 47.5645095703125, "noise_cost": 38.57997814168488, "n_waypoints_completed": 6, "tot_waypoints": 9}}
{"target": -714.7696895735606, "params": {"k_pid_pos": [1.8647723928783742, 0.4269429652227793, 0.10696076798651633], "k_pid_alt": [1.4148213396097684, 0.4492557472439218, 0.5309348624195508], "k_pid_att": [47.4325038280179, 0.9098216217590489, 0.0799993575626986], "k_pid_yaw": [0.5, 1e-06, 0.1], "k_pid_hsp": [6.674517195221275, 0.9858195633074766, 0.9657149369634994], "k_pid_vsp": [101.61360095747396, 361.0356842055993, 49.12079880608453]}, "datetime": {"datetime": "2025-08-13 12:11:16", "elapsed": 8604.91853761673, "delta": 51.638400077819824}, "costs": {"total_cost": 714.7696895735606, "time_cost": 150, "final_distance_cost": 29.138917324221886, "oscillation_cost": 303.63047200502905, "completition_cost": 111.11111111111116, "overshoot_cost": 61.33815586194369, "power_cost": 31.87340640869141, "noise_cost": 27.67762686256343, "n_waypoints_completed": 8, "tot_waypoints": 9}}
{"target": -2151.199805524108, "params": {"k_pid_pos": [1.7311446543915958, 0.44362709480935836, 0.4894105565088376], "k_pid_alt": [0.7815420039786398, 0.06877263398121469, 0.35419295513899063], "k_pid_att": [1.2334635273298478, 5.856860821904804, 0.19398157040984343], "k_pid_yaw": [0.5, 1e-06, 0.1], "k_pid_hsp": [7.642542691230681, 0.44266398242167093, 0.6235003733400745], "k_pid_vsp": [185.53295686925125, 329.1091984574476, 12.239545455823732]}, "datetime": {"datetime": "2025-08-13 12:12:09", "elapsed": 8657.431096553802, "delta": 52.512558937072754}, "costs": {"total_cost": 2151.199805524108, "time_cost": 150, "final_distance_cost": 8.679934937414, "oscillation_cost": 636.9987815223766, "completition_cost": 1000.0, "overshoot_cost": 149.03940883530706, "power_cost": 58.37260327148438, "noise_cost": 148.10907695752564, "n_waypoints_completed": 0, "tot_waypoints": 9}}
