{"target": -618.917357284895, "params": {"k_pid_pos": [1.0973459138360078, 0.8774234871069074, 0.3857784669055784], "k_pid_alt": [0.3422940308097715, 0.377734756604279, 0.4838628048880771], "k_pid_att": [31.63369562034738, 4.442338703759135, 0.5135590975473201], "k_pid_yaw": [0.5, 1e-06, 0.1], "k_pid_hsp": [6.2219098506101895, 0.615029798469891, 0.6241751556432855], "k_pid_vsp": [111.02922779097702, 344.4368915105682, 48.62456058284227]}, "datetime": {"datetime": "2025-08-14 01:09:44", "elapsed": 55311.997775793076, "delta": 38.15317749977112}, "costs": {"total_cost": 618.917357284895, "time_cost": 119.756, "final_distance_cost": 1.728716848123588, "oscillation_cost": 367.85575472414655, "completition_cost": 0.0, "overshoot_cost": 63.176102132639, "power_cost": 35.81426979980469, "noise_cost": 30.586513780181253, "n_waypoints_completed": 9, "tot_waypoints": 9}}
{"target": -823.749977510595, "params": {"k_pid_pos": [0.54109476561254, 0.9776279903835199, 0.0706300687842848], "k_pid_alt": [1.0167160625096199, 0.5943539045839741, 0.878394211527169], "k_pid_att": [9.487750360338365, 1.8762039642868427, 0.9927523896375613], "k_pid_yaw": [0.5, 1e-06, 0.1], "k_pid_hsp": [7.313622641390132, 0.4646650831294179, 0.3664665721115594], "k_pid_vsp": [258.74342427563283, 274.2899470877357, 48.59808842228159]}, "datetime": {"datetime": "2025-08-14 01:10:24", "elapsed": 55352.669186115265, "delta": 40.67141032218933}, "costs": {"total_cost": 823.749977510595, "time_cost": 150, "final_distance_cost": 87.32436792532248, "oscillation_cost": 126.65821712692065, "completition_cost": 333.33333333333337, "overshoot_cost": 65.05465421624575, "power_cost": 32.44043471679688, "noise_cost": 28.938970191976, "n_waypoints_completed": 6, "tot_waypoints": 9}}
{"target": -1037.2166790313427, "params": {"k_pid_pos": [0.5247263982444631, 0.28527733833564906, 0.7675765796848838], "k_pid_alt": [1.2392580513666152, 0.2994581013561677, 0.8757494661154043], "k_pid_att": [1.5702083376646914, 6.629695408384834, 0.42932204674316854], "k_pid_yaw": [0.5, 1e-06, 0.1], "k_pid_hsp": [7.602621846727228, 0.7711349174937697, 0.05960577487025831], "k_pid_vsp": [293.8582281576905, 279.698786728552, 61.198338154611285]}, "datetime": {"datetime": "2025-08-14 01:11:04", "elapsed": 55392.2938542366, "delta": 39.62466812133789}, "costs": {"total_cost": 1037.2166790313427, "time_cost": 150, "final_distance_cost": 70.2823050059636, "oscillation_cost": 461.3448665601692, "completition_cost": 222.2222222222222, "overshoot_cost": 51.63677014590112, "power_cost": 47.122995739746095, "noise_cost": 34.60751935734055, "n_waypoints_completed": 7, "tot_waypoints": 9}}
{"target": -514.7775533185537, "params": {"k_pid_pos": [1.411283566546113, 0.7516310890676304, 0.6232684068224078], "k_pid_alt": [0.8566076082244316, 0.5703125906415528, 0.555099293192453], "k_pid_att": [12.286480993136317, 9.859773448576108, 0.3483526895110144], "k_pid_yaw": [0.5, 1e-06, 0.1], "k_pid_hsp": [8.926894813801077, 0.42689886108742015, 0.5718931083094175], "k_pid_vsp": [286.9512740650106, 284.2401999246635, 72.42577658135444]}, "datetime": {"datetime": "2025-08-14 01:11:39", "elapsed": 55427.35941076279, "delta": 35.06555652618408}, "costs": {"total_cost": 514.7775533185537, "time_cost": 105.77, "final_distance_cost": 1.772795857083819, "oscillation_cost": 290.10299728235145, "completition_cost": 0.0, "overshoot_cost": 58.18528446681232, "power_cost": 30.44520615234375, "noise_cost": 28.50126955996238, "n_waypoints_completed": 9, "tot_waypoints": 9}}
{"target": -424.6690380193488, "params": {"k_pid_pos": [1.8676508076777083, 0.004001949874764543, 0.7175945080198619], "k_pid_alt": [0.9624043934546687, 0.24134132102962302, 0.30061356011606744], "k_pid_att": [16.93843285009171, 6.153451347072672, 0.9619478590638706], "k_pid_yaw": [0.5, 1e-06, 0.1], "k_pid_hsp": [2.072229842477673, 0.22803373415949035, 0.7115237502894857], "k_pid_vsp": [270.2319231984078, 260.21160484206166, 32.663662330636775]}, "datetime": {"datetime": "2025-08-14 01:12:11", "elapsed": 55459.432643175125, "delta": 32.07323241233826}, "costs": {"total_cost": 424.6690380193488, "time_cost": 96.152, "final_distance_cost": 1.7553439492600438, "oscillation_cost": 223.87504811288002, "completition_cost": 0.0, "overshoot_cost": 54.468674036322625, "power_cost": 25.007026147460937, "noise_cost": 23.410945773425247, "n_waypoints_completed": 9, "tot_waypoints": 9}}
{"target": -407.6106148473898, "params": {"k_pid_pos": [1.3029183733246368, 0.7641330393862198, 0.27668828047932514], "k_pid_alt": [1.7870739636082462, 0.5392871163774322, 0.7361509229866839], "k_pid_att": [7.190703541733923, 0.5237085151817797, 0.192050133993385], "k_pid_yaw": [0.5, 1e-06, 0.1], "k_pid_hsp": [6.497689133934919, 0.465120281356583, 0.6439654968017662], "k_pid_vsp": [298.4447147238037, 327.1640432725398, 96.03628835127384]}, "datetime": {"datetime": "2025-08-14 01:12:52", "elapsed": 55500.23847603798, "delta": 40.805832862854004}, "costs": {"total_cost": 407.6106148473898, "time_cost": 103.747, "final_distance_cost": 1.7903404062487926, "oscillation_cost": 194.60445198675598, "completition_cost": 0.0, "overshoot_cost": 58.334854955575466, "power_cost": 25.517304235839845, "noise_cost": 23.61666326296971, "n_waypoints_completed": 9, "tot_waypoints": 9}}
{"target": -520.6174040221548, "params": {"k_pid_pos": [0.5650316664840843, 0.015179412072069742, 0.7911603625681674], "k_pid_alt": [1.798796727636554, 0.12252719488734776, 0.9687772307161852], "k_pid_att": [13.306583431032792, 2.904806101348271, 0.37538624134359755], "k_pid_yaw": [0.5, 1e-06, 0.1], "k_pid_hsp": [3.3384185500606205, 0.7544282922163678, 0.7366209104904864], "k_pid_vsp": [203.87539397431203, 302.61213450016044, 11.576136689151433]}, "datetime": {"datetime": "2025-08-14 01:13:24", "elapsed": 55532.73492383957, "delta": 32.496447801589966}, "costs": {"total_cost": 520.6174040221548, "time_cost": 95.41, "final_distance_cost": 1.8018444177113513, "oscillation_cost": 315.61535099378654, "completition_cost": 0.0, "overshoot_cost": 55.04336897609413, "power_cost": 26.725165185546878, "noise_cost": 26.021674449015947, "n_waypoints_completed": 9, "tot_waypoints": 9}}
{"target": -484.900076211102, "params": {"k_pid_pos": [0.7338771190188592, 0.44955108945446287, 0.7789015449388229], "k_pid_alt": [1.7304250738480098, 0.5708354223760584, 0.16945528150819422], "k_pid_att": [8.913993288510335, 5.940226888233378, 0.35918928689621643], "k_pid_yaw": [0.5, 1e-06, 0.1], "k_pid_hsp": [6.685551351780611, 0.929403157795752, 0.5375938539942641], "k_pid_vsp": [257.4208521672268, 275.0903981060002, 53.75873941801528]}, "datetime": {"datetime": "2025-08-14 01:14:10", "elapsed": 55578.36873984337, "delta": 45.63381600379944}, "costs": {"total_cost": 484.900076211102, "time_cost": 108.752, "final_distance_cost": 1.7674633013007504, "oscillation_cost": 267.21104750333126, "completition_cost": 0.0, "overshoot_cost": 54.62302017138312, "power_cost": 27.143544604492188, "noise_cost": 25.403000630594622, "n_waypoints_completed": 9, "tot_waypoints": 9}}
{"target": -803.4608218936546, "params": {"k_pid_pos": [0.8285400764016736, 0.9016918955259894, 0.891144321282196], "k_pid_alt": [1.4396818629320496, 0.27749458349103173, 0.7140101404031186], "k_pid_att": [6.753648698116965, 7.00452056202954, 0.6361762794994849], "k_pid_yaw": [0.5, 1e-06, 0.1], "k_pid_hsp": [6.301404985097496, 0.7830538510418568, 0.6420883509312229], "k_pid_vsp": [300.3209095691517, 354.7899072817298, 108.17508669050443]}, "datetime": {"datetime": "2025-08-14 01:14:58", "elapsed": 55626.294560432434, "delta": 47.92582058906555}, "costs": {"total_cost": 803.4608218936546, "time_cost": 150, "final_distance_cost": 75.43095611851396, "oscillation_cost": 246.97587940989786, "completition_cost": 222.2222222222222, "overshoot_cost": 47.29410963810634, "power_cost": 33.49610308837891, "noise_cost": 28.041551416535317, "n_waypoints_completed": 7, "tot_waypoints": 9}}
{"target": -604.1522328091409, "params": {"k_pid_pos": [1.0651941848436404, 0.7468739097205901, 0.24768970543325108], "k_pid_alt": [0.9503736436054457, 0.7387685798236795, 0.16977799071192268], "k_pid_att": [9.534002467557933, 1.2824278962659639, 0.6761294238504939], "k_pid_yaw": [0.5, 1e-06, 0.1], "k_pid_hsp": [4.816147154302867, 0.17269483369754024, 0.9459779060784713], "k_pid_vsp": [323.91848766886824, 348.14350576312034, 109.02822974192728]}, "datetime": {"datetime": "2025-08-14 01:15:36", "elapsed": 55664.19733428955, "delta": 37.9027738571167}, "costs": {"total_cost": 604.1522328091409, "time_cost": 150, "final_distance_cost": 24.598962376992766, "oscillation_cost": 191.00862926308514, "completition_cost": 111.11111111111116, "overshoot_cost": 69.37187990235171, "power_cost": 30.20572301025391, "noise_cost": 27.85592714534617, "n_waypoints_completed": 8, "tot_waypoints": 9}}
{"target": -302.27216320105356, "params": {"k_pid_pos": [0.8603551985454391, 0.6411811377197106, 0.8914367799426685], "k_pid_alt": [1.9271530601136333, 0.9608845238960277, 0.11746309755944007], "k_pid_att": [4.818788228144355, 0.650661086557312, 0.5124286492085571], "k_pid_yaw": [0.5, 1e-06, 0.1], "k_pid_hsp": [1.2618358841984227, 0.6367668495731247, 0.16649467113302485], "k_pid_vsp": [162.8237458143857, 42.775337567640946, 16.364346738954676]}, "datetime": {"datetime": "2025-08-14 01:16:08", "elapsed": 55696.29041481018, "delta": 32.09308052062988}, "costs": {"total_cost": 302.27216320105356, "time_cost": 92.134, "final_distance_cost": 1.7569063436523105, "oscillation_cost": 111.53559537005461, "completition_cost": 0.0, "overshoot_cost": 55.95486741615667, "power_cost": 19.892533679199218, "noise_cost": 20.998260391990755, "n_waypoints_completed": 9, "tot_waypoints": 9}}
{"target": -985.1480518995941, "params": {"k_pid_pos": [0.25313849348320755, 0.7225015996329434, 0.4882440406761459], "k_pid_alt": [1.0200799219014693, 0.843411564958649, 0.3423168740597041], "k_pid_att": [23.505695745597155, 8.81162453712141, 0.9696434367230589], "k_pid_yaw": [0.5, 1e-06, 0.1], "k_pid_hsp": [0.37095967569203914, 0.46724031765828444, 0.617745782673398], "k_pid_vsp": [300.9426117161763, 332.23159852333623, 81.51749175536682]}, "datetime": {"datetime": "2025-08-14 01:16:48", "elapsed": 55736.07915234566, "delta": 39.788737535476685}, "costs": {"total_cost": 985.1480518995941, "time_cost": 150, "final_distance_cost": 74.83843189047326, "oscillation_cost": 307.18374189776654, "completition_cost": 333.33333333333337, "overshoot_cost": 63.040518127894394, "power_cost": 28.933461352539062, "noise_cost": 27.81856529758741, "n_waypoints_completed": 6, "tot_waypoints": 9}}
{"target": -714.5739389519737, "params": {"k_pid_pos": [0.8386046668626657, 0.91003152184334, 0.41399912449812304], "k_pid_alt": [0.1567500688968393, 0.6161088868435441, 0.5132965849231051], "k_pid_att": [5.089575054172646, 4.281455589455201, 0.7013270231705874], "k_pid_yaw": [0.5, 1e-06, 0.1], "k_pid_hsp": [9.844083771360715, 0.5578639044237069, 0.7680828562829042], "k_pid_vsp": [294.44543398898844, 283.6331906604493, 66.62225949111671]}, "datetime": {"datetime": "2025-08-14 01:17:28", "elapsed": 55776.79993343353, "delta": 40.720781087875366}, "costs": {"total_cost": 714.5739389519737, "time_cost": 150, "final_distance_cost": 72.67222087598746, "oscillation_cost": 156.03606935619467, "completition_cost": 222.2222222222222, "overshoot_cost": 58.795667391213286, "power_cost": 27.993865429687503, "noise_cost": 26.853893676668413, "n_waypoints_completed": 7, "tot_waypoints": 9}}
{"target": -404.30365881577495, "params": {"k_pid_pos": [1.6230981612552933, 0.014214870269577684, 0.38677201973530684], "k_pid_alt": [1.066086643349858, 0.3118546473579228, 0.5254317456908427], "k_pid_att": [16.70395574888991, 6.921919760911312, 0.40592448602744113], "k_pid_yaw": [0.5, 1e-06, 0.1], "k_pid_hsp": [6.3500284845423485, 0.402201529558585, 0.4806056501402276], "k_pid_vsp": [188.09212675277504, 26.508385374878376, 7.32053450668898]}, "datetime": {"datetime": "2025-08-14 01:18:12", "elapsed": 55820.86828112602, "delta": 44.068347692489624}, "costs": {"total_cost": 404.30365881577495, "time_cost": 78.596, "final_distance_cost": 1.793726726714987, "oscillation_cost": 229.3563438193009, "completition_cost": 0.0, "overshoot_cost": 51.78217852886222, "power_cost": 20.149716442871096, "noise_cost": 22.62569329802579, "n_waypoints_completed": 9, "tot_waypoints": 9}}
{"target": -500.5372639015092, "params": {"k_pid_pos": [0.6152351657331062, 0.7439247073727426, 0.7607039654520521], "k_pid_alt": [1.1785114145191093, 0.5844909977854468, 0.08475491081248387], "k_pid_att": [13.704568329247069, 1.928557948811222, 0.12674599376632745], "k_pid_yaw": [0.5, 1e-06, 0.1], "k_pid_hsp": [3.5897624639290733, 0.7522224482682417, 0.07215974621602761], "k_pid_vsp": [303.44950254057, 333.5329231593908, 93.57633990653495]}, "datetime": {"datetime": "2025-08-14 01:18:54", "elapsed": 55862.28163290024, "delta": 41.4133517742157}, "costs": {"total_cost": 500.5372639015092, "time_cost": 97.95100000000001, "final_distance_cost": 1.7944875043899362, "oscillation_cost": 285.8036818764656, "completition_cost": 0.0, "overshoot_cost": 55.594159589321826, "power_cost": 32.15819674072266, "noise_cost": 27.235738190609272, "n_waypoints_completed": 9, "tot_waypoints": 9}}
{"target": -627.5109230938479, "params": {"k_pid_pos": [1.5679188191410744, 0.624902335072426, 0.5986304335741569], "k_pid_alt": [0.4874349259888968, 0.9329565716570705, 0.24302772871309852], "k_pid_att": [10.58675264213872, 3.9285615035502306, 0.007234534120232894], "k_pid_yaw": [0.5, 1e-06, 0.1], "k_pid_hsp": [7.393527736422383, 0.20872532851907988, 0.5429976409227891], "k_pid_vsp": [282.51768395876957, 335.439333765305, 112.5430871860995]}, "datetime": {"datetime": "2025-08-14 01:19:33", "elapsed": 55901.05572462082, "delta": 38.774091720581055}, "costs": {"total_cost": 627.5109230938479, "time_cost": 115.962, "final_distance_cost": 1.749696791494971, "oscillation_cost": 390.6603073309085, "completition_cost": 0.0, "overshoot_cost": 66.35247964416838, "power_cost": 26.03436339111328, "noise_cost": 26.752075936162637, "n_waypoints_completed": 9, "tot_waypoints": 9}}
{"target": -1168.0649979945777, "params": {"k_pid_pos": [0.12312275428158974, 0.16058640843382455, 0.913433522068474], "k_pid_alt": [0.19062835688773982, 0.44054167093894503, 0.9961262690348627], "k_pid_att": [6.1875810883535, 7.930543852991367, 0.825129953817333], "k_pid_yaw": [0.5, 1e-06, 0.1], "k_pid_hsp": [8.085167448253463, 0.08342129607024096, 0.24239736246978283], "k_pid_vsp": [252.93629947966946, 278.72497537093693, 51.771185019291565]}, "datetime": {"datetime": "2025-08-14 01:20:17", "elapsed": 55945.94252038002, "delta": 44.88679575920105}, "costs": {"total_cost": 1168.0649979945777, "time_cost": 150, "final_distance_cost": 54.432278084279076, "oscillation_cost": 169.46450977316525, "completition_cost": 666.6666666666667, "overshoot_cost": 63.73880357679831, "power_cost": 34.84930583496094, "noise_cost": 28.913434058707395, "n_waypoints_completed": 3, "tot_waypoints": 9}}
{"target": -597.7567478547384, "params": {"k_pid_pos": [1.4803377509451625, 0.6205612125037332, 0.6007369766297495], "k_pid_alt": [0.029588840892446955, 0.862143004357108, 0.1396281506755932], "k_pid_att": [13.00754185112365, 9.374456158243795, 0.0982996151158323], "k_pid_yaw": [0.5, 1e-06, 0.1], "k_pid_hsp": [5.976452009552125, 0.4915835456642996, 0.30648495682442267], "k_pid_vsp": [309.54741879162316, 352.9787892062323, 115.07797348949289]}, "datetime": {"datetime": "2025-08-14 01:20:54", "elapsed": 55982.80407190323, "delta": 36.86155152320862}, "costs": {"total_cost": 597.7567478547384, "time_cost": 112.84, "final_distance_cost": 1.7678090474116983, "oscillation_cost": 362.5398261056107, "completition_cost": 0.0, "overshoot_cost": 67.45949459388977, "power_cost": 26.05349169921875, "noise_cost": 27.09612640860749, "n_waypoints_completed": 9, "tot_waypoints": 9}}
{"target": -324.3069066138374, "params": {"k_pid_pos": [1.4202458973327208, 0.5643122368853295, 0.2404916377082974], "k_pid_alt": [0.7658817957186534, 0.26372565932137604, 0.15203134166636234], "k_pid_att": [3.055412493703269, 6.606995107954012, 0.46727376880113947], "k_pid_yaw": [0.5, 1e-06, 0.1], "k_pid_hsp": [9.992371249529633, 0.6832310731194797, 0.12628556226996424], "k_pid_vsp": [181.47234405757743, 18.77431751010748, 9.719229813160364]}, "datetime": {"datetime": "2025-08-14 01:21:27", "elapsed": 56015.84082055092, "delta": 33.03674864768982}, "costs": {"total_cost": 324.3069066138374, "time_cost": 92.932, "final_distance_cost": 1.7772179614060464, "oscillation_cost": 134.67025228955714, "completition_cost": 0.0, "overshoot_cost": 53.93947479708748, "power_cost": 16.84805008544922, "noise_cost": 24.13991148033746, "n_waypoints_completed": 9, "tot_waypoints": 9}}
{"target": -986.0994281810173, "params": {"k_pid_pos": [0.7512961238865106, 0.6358051904092967, 0.8927417285178119], "k_pid_alt": [0.7852894961944437, 0.31502545613194155, 0.5829128179840078], "k_pid_att": [28.27478823960936, 1.1250444962820536, 0.5519474613824011], "k_pid_yaw": [0.5, 1e-06, 0.1], "k_pid_hsp": [2.9284784605984973, 0.3574416464425373, 0.7753342433518507], "k_pid_vsp": [269.3544326100936, 335.0682967010322, 101.18596540219336]}, "datetime": {"datetime": "2025-08-14 01:22:06", "elapsed": 56054.671721458435, "delta": 38.83090090751648}, "costs": {"total_cost": 986.0994281810173, "time_cost": 150, "final_distance_cost": 74.401481391439, "oscillation_cost": 417.86796482043457, "completition_cost": 222.2222222222222, "overshoot_cost": 52.811444026884985, "power_cost": 38.09522512207032, "noise_cost": 30.70109059796614, "n_waypoints_completed": 7, "tot_waypoints": 9}}
{"target": -735.0985393145795, "params": {"k_pid_pos": [1.6478208964381411, 0.8935034556416175, 0.020852894967140045], "k_pid_alt": [1.0715403057238349, 0.11049600922436065, 0.028841436701589673], "k_pid_att": [19.12955833295816, 5.34464527373679, 0.2046376055379343], "k_pid_yaw": [0.5, 1e-06, 0.1], "k_pid_hsp": [4.7254752290737825, 0.7547737637326082, 0.15343094460228535], "k_pid_vsp": [175.51818738290638, 19.758967191561016, 2.178205606738098]}, "datetime": {"datetime": "2025-08-14 01:22:45", "elapsed": 56093.10232710838, "delta": 38.43060564994812}, "costs": {"total_cost": 735.0985393145795, "time_cost": 150, "final_distance_cost": 59.67885887205314, "oscillation_cost": 157.5485307958379, "completition_cost": 222.2222222222222, "overshoot_cost": 70.7843785867876, "power_cost": 39.235489196777344, "noise_cost": 35.62905964090118, "n_waypoints_completed": 7, "tot_waypoints": 9}}
{"target": -445.9951135485858, "params": {"k_pid_pos": [1.779044064907948, 0.6270973185768265, 0.4521280327689676], "k_pid_alt": [0.5447574193814324, 0.4852350955928678, 0.9247882315561764], "k_pid_att": [14.9698729854572, 4.1944048131500296, 0.4768821481402372], "k_pid_yaw": [0.5, 1e-06, 0.1], "k_pid_hsp": [9.15635822257929, 0.7588421512215211, 0.2095806293226411], "k_pid_vsp": [303.0413560418334, 344.41545238438675, 120.10119525642118]}, "datetime": {"datetime": "2025-08-14 01:23:18", "elapsed": 56126.40815901756, "delta": 33.30583190917969}, "costs": {"total_cost": 445.9951135485858, "time_cost": 103.152, "final_distance_cost": 1.7784099969921128, "oscillation_cost": 226.2944738824927, "completition_cost": 0.0, "overshoot_cost": 58.28927154449762, "power_cost": 29.618641699218752, "noise_cost": 26.86231642538454, "n_waypoints_completed": 9, "tot_waypoints": 9}}
{"target": -718.3916453426141, "params": {"k_pid_pos": [1.9220081957639168, 0.9167084684579889, 0.25519266564607646], "k_pid_alt": [0.946231736020209, 0.7460359245640821, 0.9300338951867163], "k_pid_att": [5.522238502200949, 8.74102974340327, 0.1535407801219265], "k_pid_yaw": [0.5, 1e-06, 0.1], "k_pid_hsp": [4.073110089551928, 0.23473642526505012, 0.8839461276513907], "k_pid_vsp": [265.212662599165, 284.9375338508547, 39.82341669580172]}, "datetime": {"datetime": "2025-08-14 01:23:57", "elapsed": 56165.70041060448, "delta": 39.29225158691406}, "costs": {"total_cost": 718.3916453426141, "time_cost": 150, "final_distance_cost": 65.09879744012026, "oscillation_cost": 268.07199473438527, "completition_cost": 111.11111111111116, "overshoot_cost": 57.46838181851029, "power_cost": 34.60932142333984, "noise_cost": 32.03203881514732, "n_waypoints_completed": 8, "tot_waypoints": 9}}
{"target": -364.87283119350184, "params": {"k_pid_pos": [1.8463904467161019, 0.8116854728772988, 0.23810127613015086], "k_pid_alt": [1.9761444464673128, 0.911095481927187, 0.1069223402654057], "k_pid_att": [4.3469758967979555, 4.519108485446096, 0.6424182652250415], "k_pid_yaw": [0.5, 1e-06, 0.1], "k_pid_hsp": [3.982966761817475, 0.8084165087160791, 0.344858488084253], "k_pid_vsp": [308.5423445518386, 327.5325123316402, 99.59442163384418]}, "datetime": {"datetime": "2025-08-14 01:24:41", "elapsed": 56209.0290620327, "delta": 43.328651428222656}, "costs": {"total_cost": 364.87283119350184, "time_cost": 101.255, "final_distance_cost": 1.7733055140777523, "oscillation_cost": 144.0278085032017, "completition_cost": 0.0, "overshoot_cost": 63.104919791992906, "power_cost": 28.091499816894533, "noise_cost": 26.620297567334916, "n_waypoints_completed": 9, "tot_waypoints": 9}}
