{"target": -1058.885583076761, "params": {"k_pid_pos": [1.0626220814192535, 0.39920450559516096, 0.6811347946183589], "k_pid_alt": [0.7744440317689099, 0.040059783598219934, 0.37998755471065293], "k_pid_att": [51.39371997981178, 4.047274538568097, 0.3679525876722737], "k_pid_yaw": [0.5, 1e-06, 0.1], "k_pid_hsp": [3.0614963929320393, 0.3667935456646164, 0.9267090287487394], "k_pid_vsp": [88.70667789984856, 366.8225327474991, 51.21919536624801]}, "datetime": {"datetime": "2025-08-14 02:27:08", "elapsed": 59956.75085616112, "delta": 37.572335720062256}, "costs": {"total_cost": 1058.885583076761, "time_cost": 150, "final_distance_cost": 77.19863530050449, "oscillation_cost": 503.4384028232837, "completition_cost": 222.2222222222222, "overshoot_cost": 49.2311459782559, "power_cost": 29.91538709716797, "noise_cost": 26.879789655326764, "n_waypoints_completed": 7, "tot_waypoints": 9}}
{"target": -435.1942462199044, "params": {"k_pid_pos": [0.6463757565957648, 0.36134730126259584, 0.3252534804557432], "k_pid_alt": [1.543896698446947, 0.8551085926052672, 0.07841195837637405], "k_pid_att": [8.588997312195657, 5.031655995083032, 0.3246042132175808], "k_pid_yaw": [0.5, 1e-06, 0.1], "k_pid_hsp": [4.045820904677, 0.4548914837513428, 0.9780749477660297], "k_pid_vsp": [283.0721389479987, 264.78526740558317, 45.07575148670946]}, "datetime": {"datetime": "2025-08-14 02:27:42", "elapsed": 59990.31137394905, "delta": 33.56051778793335}, "costs": {"total_cost": 435.1942462199044, "time_cost": 103.85900000000001, "final_distance_cost": 1.7724447041592388, "oscillation_cost": 224.08017877514254, "completition_cost": 0.0, "overshoot_cost": 58.374643453587396, "power_cost": 23.103866540527346, "noise_cost": 24.004112746487888, "n_waypoints_completed": 9, "tot_waypoints": 9}}
{"target": -434.57479476813734, "params": {"k_pid_pos": [1.901650651732698, 0.8968858660145631, 0.4628882105390286], "k_pid_alt": [0.6051186820898831, 0.3333699839847083, 0.23938263467677856], "k_pid_att": [13.222946329969698, 9.61909236934604, 0.16752578448026778], "k_pid_yaw": [0.5, 1e-06, 0.1], "k_pid_hsp": [7.725164547866249, 0.41388474185648383, 0.0426104463018121], "k_pid_vsp": [190.50243784850537, 324.78589803340134, 26.177323096003445]}, "datetime": {"datetime": "2025-08-14 02:28:17", "elapsed": 60025.0249812603, "delta": 34.71360731124878}, "costs": {"total_cost": 434.57479476813734, "time_cost": 108.122, "final_distance_cost": 1.7783866323176816, "oscillation_cost": 211.95851920274072, "completition_cost": 0.0, "overshoot_cost": 59.23953853214883, "power_cost": 26.010163427734376, "noise_cost": 27.466186973195754, "n_waypoints_completed": 9, "tot_waypoints": 9}}
{"target": -1299.029977085334, "params": {"k_pid_pos": [0.2527094539797091, 0.5401645254669212, 0.010845449381172378], "k_pid_alt": [0.2892093197566008, 0.0534014924042977, 0.7577895387083944], "k_pid_att": [55.69725481756247, 3.7290345832542555, 0.015451018039398301], "k_pid_yaw": [0.5, 1e-06, 0.1], "k_pid_hsp": [8.079068902164696, 0.42138441866116905, 0.4591005914156917], "k_pid_vsp": [104.06493744952189, 358.26794921238144, 54.946906423368624]}, "datetime": {"datetime": "2025-08-14 02:28:55", "elapsed": 60063.20661377907, "delta": 38.18163251876831}, "costs": {"total_cost": 1299.029977085334, "time_cost": 150, "final_distance_cost": 45.79687965383735, "oscillation_cost": 542.8289593506449, "completition_cost": 444.4444444444444, "overshoot_cost": 42.69923431864698, "power_cost": 42.65759107666016, "noise_cost": 30.602868241100257, "n_waypoints_completed": 5, "tot_waypoints": 9}}
{"target": -1141.8116403673487, "params": {"k_pid_pos": [1.0435055513387002, 0.1967125178109459, 0.15676173313868713], "k_pid_alt": [1.2590437129174281, 0.08625482432076614, 0.993398688741552], "k_pid_att": [19.595668419078095, 2.59115127949681, 0.8336946123794784], "k_pid_yaw": [0.5, 1e-06, 0.1], "k_pid_hsp": [0.3824786969125522, 0.11467302713353111, 0.6628968986754349], "k_pid_vsp": [165.22015668818946, 17.286722265906874, 18.09754082962104]}, "datetime": {"datetime": "2025-08-14 02:29:32", "elapsed": 60100.85591888428, "delta": 37.64930510520935}, "costs": {"total_cost": 1141.8116403673487, "time_cost": 150, "final_distance_cost": 48.24706394929479, "oscillation_cost": 387.1029419595728, "completition_cost": 444.4444444444444, "overshoot_cost": 52.237305467357686, "power_cost": 31.316401794433595, "noise_cost": 28.463482752245383, "n_waypoints_completed": 5, "tot_waypoints": 9}}
{"target": -936.1452541639247, "params": {"k_pid_pos": [0.0562706361850122, 0.5819184498315961, 0.9307798208215782], "k_pid_alt": [0.4726508611712439, 0.21602396821726644, 0.7667279901769073], "k_pid_att": [7.204315911895076, 0.9160533432921889, 0.6460665659408805], "k_pid_yaw": [0.5, 1e-06, 0.1], "k_pid_hsp": [8.353587738762865, 0.6287446785010833, 0.03521827357010965], "k_pid_vsp": [276.82229949446435, 341.1724716341689, 102.74414506516756]}, "datetime": {"datetime": "2025-08-14 02:30:18", "elapsed": 60146.381044864655, "delta": 45.5251259803772}, "costs": {"total_cost": 936.1452541639247, "time_cost": 150, "final_distance_cost": 45.18272803485811, "oscillation_cost": 68.20131030294647, "completition_cost": 555.5555555555555, "overshoot_cost": 60.98209408325118, "power_cost": 28.77442021484375, "noise_cost": 27.449145972469715, "n_waypoints_completed": 4, "tot_waypoints": 9}}
{"target": -6662.544145334266, "params": {"k_pid_pos": [0.9458055096665204, 0.9239780918449151, 0.36496813289865604], "k_pid_alt": [1.3549680367073946, 0.9934932762329716, 0.8666946422724483], "k_pid_att": [0.44498167911766195, 4.0696672694872245, 0.5035443940754442], "k_pid_yaw": [0.5, 1e-06, 0.1], "k_pid_hsp": [8.869593313533803, 0.08246232204138437, 0.13514656828884397], "k_pid_vsp": [191.78010721022864, 311.4696024081668, 12.621811270512511]}, "datetime": {"datetime": "2025-08-14 02:30:56", "elapsed": 60183.98429274559, "delta": 37.60324788093567}, "costs": {"total_cost": 6662.544145334266, "time_cost": 150, "final_distance_cost": 1145.0277347159822, "oscillation_cost": 1304.8034081872968, "completition_cost": 1000.0, "overshoot_cost": 2850.0489091509667, "power_cost": 54.12228380126953, "noise_cost": 158.54180947875074, "n_waypoints_completed": 0, "tot_waypoints": 9}}
{"target": -713.2941402734963, "params": {"k_pid_pos": [0.3113231329102228, 0.24905089066188058, 0.21465169265829742], "k_pid_alt": [0.24612056009559113, 0.9168548572934042, 0.2910813683349872], "k_pid_att": [8.42725624232975, 4.063710368253628, 0.8188989500782358], "k_pid_yaw": [0.5, 1e-06, 0.1], "k_pid_hsp": [3.3175306400769777, 0.8154974186323052, 0.28877778796855547], "k_pid_vsp": [307.7603521011073, 354.67634171164957, 111.21892355574526]}, "datetime": {"datetime": "2025-08-14 02:31:34", "elapsed": 60222.00784826279, "delta": 38.023555517196655}, "costs": {"total_cost": 713.2941402734963, "time_cost": 150, "final_distance_cost": 72.05282388852244, "oscillation_cost": 150.23002605540267, "completition_cost": 222.2222222222222, "overshoot_cost": 58.669382061092456, "power_cost": 31.23629501953125, "noise_cost": 28.883391026725242, "n_waypoints_completed": 7, "tot_waypoints": 9}}
{"target": -414.18192152423086, "params": {"k_pid_pos": [1.528890574853456, 0.061646132861070346, 0.3424660182442746], "k_pid_alt": [1.4073050159664242, 0.5037439956550447, 0.38783499366030494], "k_pid_att": [1.9906899069334072, 3.5533240845033207, 0.29287327477925873], "k_pid_yaw": [0.5, 1e-06, 0.1], "k_pid_hsp": [7.579159184677531, 0.9699554904659248, 0.052317868605601614], "k_pid_vsp": [178.2893773611734, 4.074137415345842, 13.648995206197513]}, "datetime": {"datetime": "2025-08-14 02:32:15", "elapsed": 60263.61532855034, "delta": 41.60748028755188}, "costs": {"total_cost": 414.18192152423086, "time_cost": 93.52, "final_distance_cost": 1.734603775337452, "oscillation_cost": 192.68810123911797, "completition_cost": 0.0, "overshoot_cost": 61.10241305258774, "power_cost": 35.8546055053711, "noise_cost": 29.282197951816624, "n_waypoints_completed": 9, "tot_waypoints": 9}}
{"target": -339.05355458745913, "params": {"k_pid_pos": [1.9593447059100193, 0.09959479277713668, 0.032418728564970745], "k_pid_alt": [1.7183745459317898, 0.8750758461138827, 0.08182373285873723], "k_pid_att": [7.837371602407462, 8.94519706111584, 0.6910600569184565], "k_pid_yaw": [0.5, 1e-06, 0.1], "k_pid_hsp": [9.064724021084551, 0.38601845480761443, 0.4569943831945188], "k_pid_vsp": [262.55831276589447, 289.55853223077526, 58.713054257611844]}, "datetime": {"datetime": "2025-08-14 02:32:53", "elapsed": 60301.04908108711, "delta": 37.43375253677368}, "costs": {"total_cost": 339.05355458745913, "time_cost": 91.196, "final_distance_cost": 1.762033657284119, "oscillation_cost": 144.0419983733511, "completition_cost": 0.0, "overshoot_cost": 54.393954325811364, "power_cost": 24.641550231933596, "noise_cost": 23.018017999078943, "n_waypoints_completed": 9, "tot_waypoints": 9}}
{"target": -568.2235352677965, "params": {"k_pid_pos": [1.4439045475540633, 0.7383416401156367, 0.009625009994645106], "k_pid_alt": [1.3621876233682986, 0.28468146068060285, 0.03075225598230591], "k_pid_att": [14.253057712595874, 1.524069104909668, 0.8229528512233795], "k_pid_yaw": [0.5, 1e-06, 0.1], "k_pid_hsp": [8.018534722685688, 0.7819071776352481, 0.40923970388867514], "k_pid_vsp": [182.36751983565634, 312.40221466419285, 11.133380984051103]}, "datetime": {"datetime": "2025-08-14 02:33:31", "elapsed": 60339.872594594955, "delta": 38.82351350784302}, "costs": {"total_cost": 568.2235352677965, "time_cost": 150, "final_distance_cost": 35.97831693847343, "oscillation_cost": 131.22301058871162, "completition_cost": 111.11111111111116, "overshoot_cost": 71.59900298039221, "power_cost": 35.4997062866211, "noise_cost": 32.81238736248701, "n_waypoints_completed": 8, "tot_waypoints": 9}}
{"target": -1362.8340378678586, "params": {"k_pid_pos": [0.00440412903000801, 0.3202729714291205, 0.5367895987847405], "k_pid_alt": [0.5796382613939519, 0.5253136704171832, 0.9595353116537505], "k_pid_att": [9.570865302464481, 5.994278965613774, 0.7749476308780187], "k_pid_yaw": [0.5, 1e-06, 0.1], "k_pid_hsp": [4.305249345105311, 0.3374686213353556, 0.7991829145892422], "k_pid_vsp": [303.07068015362626, 352.06020080625467, 109.24364105152286]}, "datetime": {"datetime": "2025-08-14 02:34:13", "elapsed": 60381.2754714489, "delta": 41.40287685394287}, "costs": {"total_cost": 1362.8340378678586, "time_cost": 150, "final_distance_cost": 58.0519400087658, "oscillation_cost": 331.70189338902685, "completition_cost": 666.6666666666667, "overshoot_cost": 93.09631158636081, "power_cost": 33.367977734375, "noise_cost": 29.949248482663528, "n_waypoints_completed": 3, "tot_waypoints": 9}}
{"target": -927.8364715581786, "params": {"k_pid_pos": [0.4526768366147372, 0.2002705723699587, 0.9107618762266193], "k_pid_alt": [0.9878892899660656, 0.5091601933789198, 0.07302534944923889], "k_pid_att": [23.820318780481742, 8.59320842499444, 0.21866386198499277], "k_pid_yaw": [0.5, 1e-06, 0.1], "k_pid_hsp": [3.9132445714768465, 0.25792120982515476, 0.8756996850368227], "k_pid_vsp": [307.26398403555567, 326.51309097440753, 79.5143735634586]}, "datetime": {"datetime": "2025-08-14 02:34:56", "elapsed": 60424.283160209656, "delta": 43.007688760757446}, "costs": {"total_cost": 927.8364715581786, "time_cost": 150, "final_distance_cost": 46.279333787878535, "oscillation_cost": 509.77087159767433, "completition_cost": 111.11111111111116, "overshoot_cost": 57.70957083769878, "power_cost": 26.092460083007815, "noise_cost": 26.873124140807935, "n_waypoints_completed": 8, "tot_waypoints": 9}}
{"target": -506.9319648054564, "params": {"k_pid_pos": [0.5239019080532937, 0.6748343714239347, 0.8881825817766923], "k_pid_alt": [1.2381454596407504, 0.7948109849856602, 0.10053257615625122], "k_pid_att": [18.656657356127006, 2.31813926018057, 0.6439919701650975], "k_pid_yaw": [0.5, 1e-06, 0.1], "k_pid_hsp": [2.818409920167488, 0.0938566340274194, 0.2560742092162617], "k_pid_vsp": [298.9099165281236, 329.8810734477795, 83.28284215424806]}, "datetime": {"datetime": "2025-08-14 02:35:41", "elapsed": 60469.85191130638, "delta": 45.568751096725464}, "costs": {"total_cost": 506.9319648054564, "time_cost": 114.21900000000001, "final_distance_cost": 1.7978894080841308, "oscillation_cost": 275.8831665392022, "completition_cost": 0.0, "overshoot_cost": 62.847230251854455, "power_cost": 25.35005369873047, "noise_cost": 26.8346249075852, "n_waypoints_completed": 9, "tot_waypoints": 9}}
{"target": -335.6573071511894, "params": {"k_pid_pos": [2.0, 0.4920898338760175, 0.4276906005452035], "k_pid_alt": [1.0064832772898058, 0.5123883424715873, 0.4977736911233631], "k_pid_att": [6.472982595856451, 6.13922357459628, 0.5074308120376936], "k_pid_yaw": [0.5, 1e-06, 0.1], "k_pid_hsp": [9.01251131354344, 0.5054753510310402, 0.3389338538887642], "k_pid_vsp": [289.4321495523158, 283.1845089530066, 66.2723452177099]}, "datetime": {"datetime": "2025-08-14 02:36:16", "elapsed": 60504.27058339119, "delta": 34.41867208480835}, "costs": {"total_cost": 335.6573071511894, "time_cost": 81.697, "final_distance_cost": 1.7827084352343796, "oscillation_cost": 154.00715885100757, "completition_cost": 0.0, "overshoot_cost": 52.020701492399034, "power_cost": 24.977126879882814, "noise_cost": 21.172611492665624, "n_waypoints_completed": 9, "tot_waypoints": 9}}
{"target": -1030.8396156567205, "params": {"k_pid_pos": [0.16263956312791314, 0.04063021402697731, 0.07456875828719933], "k_pid_alt": [0.6788454488846525, 0.7784429187107941, 0.12327806739746228], "k_pid_att": [7.929220140021142, 2.6434381060975447, 0.16032998194741588], "k_pid_yaw": [0.5, 1e-06, 0.1], "k_pid_hsp": [3.421039973116016, 0.42777111117395283, 0.2599592040937674], "k_pid_vsp": [178.08547176634067, 28.747337218147575, 8.08314399589632]}, "datetime": {"datetime": "2025-08-14 02:36:55", "elapsed": 60543.27100920677, "delta": 39.000425815582275}, "costs": {"total_cost": 1030.8396156567205, "time_cost": 150, "final_distance_cost": 66.4856830823772, "oscillation_cost": 342.0673793352128, "completition_cost": 333.33333333333337, "overshoot_cost": 61.92442368366313, "power_cost": 40.097695642089846, "noise_cost": 36.931100580044074, "n_waypoints_completed": 6, "tot_waypoints": 9}}
{"target": -333.8029508315526, "params": {"k_pid_pos": [1.6495583757077648, 0.32170259897089126, 0.6677250369149742], "k_pid_alt": [1.7801032537587993, 0.6208249029671046, 0.8500840499685425], "k_pid_att": [22.492179306314164, 1.8972093423366696, 0.2338609938941827], "k_pid_yaw": [0.5, 1e-06, 0.1], "k_pid_hsp": [7.911728051002158, 0.9000554419603216, 0.028339762647721756], "k_pid_vsp": [308.40979976908216, 316.1147556583074, 76.47022005962667]}, "datetime": {"datetime": "2025-08-14 02:37:24", "elapsed": 60572.671447992325, "delta": 29.40043878555298}, "costs": {"total_cost": 333.8029508315526, "time_cost": 77.896, "final_distance_cost": 1.7779288617244597, "oscillation_cost": 164.5591280744522, "completition_cost": 0.0, "overshoot_cost": 51.061776645929186, "power_cost": 19.53407264404297, "noise_cost": 18.97404460540384, "n_waypoints_completed": 9, "tot_waypoints": 9}}
{"target": -672.804024376218, "params": {"k_pid_pos": [0.9717836210841004, 0.9541931854952111, 0.4014952642996258], "k_pid_alt": [1.9239890759685083, 0.7294781671831919, 0.3500896793775746], "k_pid_att": [4.620539281911251, 5.364628351607228, 0.32525972175807905], "k_pid_yaw": [0.5, 1e-06, 0.1], "k_pid_hsp": [6.075733327470586, 0.029702810896626852, 0.5395185841621527], "k_pid_vsp": [264.23104890831104, 281.94780067531246, 52.632397548975646]}, "datetime": {"datetime": "2025-08-14 02:38:02", "elapsed": 60610.03396844864, "delta": 37.36252045631409}, "costs": {"total_cost": 672.804024376218, "time_cost": 150, "final_distance_cost": 32.669501273256145, "oscillation_cost": 249.97125056523234, "completition_cost": 111.11111111111116, "overshoot_cost": 61.78272992260049, "power_cost": 36.3793033203125, "noise_cost": 30.890128183705347, "n_waypoints_completed": 8, "tot_waypoints": 9}}
{"target": -1835.451045656868, "params": {"k_pid_pos": [0.1497800457240774, 0.14271136284565678, 0.9432452849677737], "k_pid_alt": [0.5580018763736931, 0.45375913016340574, 0.43999860276436564], "k_pid_att": [77.3307013082295, 1.9671843741831045, 0.5124472820014998], "k_pid_yaw": [0.5, 1e-06, 0.1], "k_pid_hsp": [5.918035403072458, 0.6377233642978433, 0.5345812968325987], "k_pid_vsp": [367.8981826163425, 373.31661652179935, 372.0189111240259]}, "datetime": {"datetime": "2025-08-14 02:38:41", "elapsed": 60649.90129470825, "delta": 39.86732625961304}, "costs": {"total_cost": 1835.451045656868, "time_cost": 150, "final_distance_cost": 82.46985560127453, "oscillation_cost": 711.9699848341572, "completition_cost": 777.7777777777778, "overshoot_cost": 48.36171731383578, "power_cost": 36.7428670288086, "noise_cost": 28.12884310101414, "n_waypoints_completed": 2, "tot_waypoints": 9}}
{"target": -883.2801481630904, "params": {"k_pid_pos": [0.5369978948020379, 0.3906555594057598, 0.3109359735614651], "k_pid_alt": [0.6316704957999602, 0.45771835033544495, 0.7409341974612687], "k_pid_att": [4.537611593416568, 8.808583272129955, 0.23289684968033753], "k_pid_yaw": [0.5, 1e-06, 0.1], "k_pid_hsp": [8.180152922604417, 0.22892094714487488, 0.9758907816599774], "k_pid_vsp": [314.10985778850846, 314.3250317473088, 97.97543071369577]}, "datetime": {"datetime": "2025-08-14 02:39:23", "elapsed": 60691.764124155045, "delta": 41.8628294467926}, "costs": {"total_cost": 883.2801481630904, "time_cost": 150, "final_distance_cost": 75.66489377281802, "oscillation_cost": 317.8077257774321, "completition_cost": 222.2222222222222, "overshoot_cost": 52.15802969446093, "power_cost": 35.05152821044922, "noise_cost": 30.37574848570807, "n_waypoints_completed": 7, "tot_waypoints": 9}}
{"target": -256.95655532742745, "params": {"k_pid_pos": [0.8796721929105163, 0.01289487919525234, 0.4567017149656649], "k_pid_alt": [0.6958767045881142, 0.6739770285324864, 0.4802180088465404], "k_pid_att": [20.653199214654805, 1.535699956435878, 0.2797260808793943], "k_pid_yaw": [0.5, 1e-06, 0.1], "k_pid_hsp": [4.691021455112698, 0.5166664097363162, 0.021772234075795427], "k_pid_vsp": [320.89406530786306, 328.1909831420179, 96.02521321856244]}, "datetime": {"datetime": "2025-08-14 02:39:54", "elapsed": 60722.48201465607, "delta": 30.71789050102234}, "costs": {"total_cost": 256.95655532742745, "time_cost": 82.642, "final_distance_cost": 1.8078286546406916, "oscillation_cost": 80.35999882065157, "completition_cost": 0.0, "overshoot_cost": 54.79654304207114, "power_cost": 18.660499145507814, "noise_cost": 18.68968566455621, "n_waypoints_completed": 9, "tot_waypoints": 9}}
{"target": -446.40196166792566, "params": {"k_pid_pos": [0.5689481143246837, 0.1737722988643049, 0.6794159573131757], "k_pid_alt": [1.3578126259757648, 0.4937148526455146, 0.21455097206645612], "k_pid_att": [7.713059194775762, 3.8530256964670193, 0.19233085879393552], "k_pid_yaw": [0.5, 1e-06, 0.1], "k_pid_hsp": [4.222626179542004, 0.4529941782656548, 0.290739244063434], "k_pid_vsp": [290.5636604947923, 331.64386441043496, 111.45741099713668]}, "datetime": {"datetime": "2025-08-14 02:40:35", "elapsed": 60763.21721172333, "delta": 40.73519706726074}, "costs": {"total_cost": 446.40196166792566, "time_cost": 95.998, "final_distance_cost": 1.7746888227061668, "oscillation_cost": 245.40433624300408, "completition_cost": 0.0, "overshoot_cost": 56.25631553271363, "power_cost": 24.45968134765625, "noise_cost": 22.50893972184546, "n_waypoints_completed": 9, "tot_waypoints": 9}}
{"target": -1062.1464896453588, "params": {"k_pid_pos": [0.5759005787594552, 0.3553321856646394, 0.7529980502490191], "k_pid_alt": [1.2500533582276394, 0.9254339064368963, 0.10736346809997543], "k_pid_att": [26.883924049681006, 2.001350107504552, 0.4015611858738991], "k_pid_yaw": [0.5, 1e-06, 0.1], "k_pid_hsp": [3.215162046671425, 0.24794150317718555, 0.5847584204715387], "k_pid_vsp": [251.39443156661994, 278.54462306651146, 43.20199564459557]}, "datetime": {"datetime": "2025-08-14 02:41:14", "elapsed": 60802.05416846275, "delta": 38.83695673942566}, "costs": {"total_cost": 1062.1464896453588, "time_cost": 150, "final_distance_cost": 63.12494901578234, "oscillation_cost": 512.441948900603, "completition_cost": 222.2222222222222, "overshoot_cost": 51.76023028097877, "power_cost": 32.737020227050785, "noise_cost": 29.860118998721674, "n_waypoints_completed": 7, "tot_waypoints": 9}}
{"target": -292.3619921713303, "params": {"k_pid_pos": [1.905389801944861, 0.15311539233350388, 0.2925104465501953], "k_pid_alt": [1.50909954408054, 0.23737024922680383, 0.2834415654593494], "k_pid_att": [7.961483270257014, 2.1137331325517983, 0.6190113399445009], "k_pid_yaw": [0.5, 1e-06, 0.1], "k_pid_hsp": [4.328045289733685, 0.20448423302643287, 0.043426836199860715], "k_pid_vsp": [303.2868430275677, 331.339828635524, 100.08108448659642]}, "datetime": {"datetime": "2025-08-14 02:41:58", "elapsed": 60846.02058148384, "delta": 43.96641302108765}, "costs": {"total_cost": 292.3619921713303, "time_cost": 100.233, "final_distance_cost": 1.7488804163690448, "oscillation_cost": 89.99983179157333, "completition_cost": 0.0, "overshoot_cost": 53.10345231051146, "power_cost": 24.56001824951172, "noise_cost": 22.716809403364785, "n_waypoints_completed": 9, "tot_waypoints": 9}}
