{"target": -1110.118513430069, "params": {"k_pid_pos": [0.38114359638694073, 0.8267038598024468, 0.7707891122419911], "k_pid_alt": [1.717640574276096, 0.28347808998801194, 0.5904055305048121], "k_pid_att": [10.462001146178569, 1.9854806818618158, 0.9510501793636876], "k_pid_yaw": [0.5, 1e-06, 0.1], "k_pid_hsp": [3.883965662522661, 0.06724747866826719, 0.7095541553669357], "k_pid_vsp": [304.23068119335903, 354.935786385784, 105.47335603876303]}, "datetime": {"datetime": "2025-08-13 18:04:21", "elapsed": 29788.974905014038, "delta": 32.59720754623413}, "costs": {"total_cost": 1110.118513430069, "time_cost": 150, "final_distance_cost": 46.682787177631944, "oscillation_cost": 242.41747721422186, "completition_cost": 555.5555555555555, "overshoot_cost": 48.69764054169883, "power_cost": 36.56561966552734, "noise_cost": 30.19943327543361, "n_waypoints_completed": 4, "tot_waypoints": 9}}
{"target": -678.8153097034291, "params": {"k_pid_pos": [1.8148169842365889, 0.893566314632087, 0.17810517784491042], "k_pid_alt": [1.306156288462734, 0.2559637157154112, 0.6145875009708035], "k_pid_att": [6.596277998006316, 5.681141091979676, 0.29347141830667267], "k_pid_yaw": [0.5, 1e-06, 0.1], "k_pid_hsp": [2.6416565845543243, 0.9128069382844309, 0.16954128388057532], "k_pid_vsp": [169.91353173331706, 9.212639741483017, 26.572806162657525]}, "datetime": {"datetime": "2025-08-13 18:04:53", "elapsed": 29820.97395658493, "delta": 31.999051570892334}, "costs": {"total_cost": 678.8153097034291, "time_cost": 150, "final_distance_cost": 64.26443045651169, "oscillation_cost": 110.90924833099787, "completition_cost": 222.2222222222222, "overshoot_cost": 67.26715294584854, "power_cost": 33.36743562011719, "noise_cost": 30.784820127731432, "n_waypoints_completed": 7, "tot_waypoints": 9}}
{"target": -396.7443710284549, "params": {"k_pid_pos": [1.6651116765004412, 0.7453465146438514, 0.2209144029791138], "k_pid_alt": [1.431841072280249, 0.3332435782465786, 0.7574416026428673], "k_pid_att": [5.61140872082142, 9.227977608089851, 0.12505950974763846], "k_pid_yaw": [0.5, 1e-06, 0.1], "k_pid_hsp": [3.86316673867739, 0.03911068884714519, 0.1214406005412787], "k_pid_vsp": [313.69711952026654, 328.4053587943589, 105.52240502034675]}, "datetime": {"datetime": "2025-08-13 18:05:18", "elapsed": 29846.63529229164, "delta": 25.661335706710815}, "costs": {"total_cost": 396.7443710284549, "time_cost": 95.424, "final_distance_cost": 1.727248874460505, "oscillation_cost": 190.88126412359176, "completition_cost": 0.0, "overshoot_cost": 56.61244115583833, "power_cost": 27.912741943359375, "noise_cost": 24.18667493120493, "n_waypoints_completed": 9, "tot_waypoints": 9}}
{"target": -268.40610657538826, "params": {"k_pid_pos": [2.0, 0.07681256637135254, 0.0], "k_pid_alt": [2.0, 1.0, 1.0], "k_pid_att": [52.773484030627046, 6.430034860133904, 1.0], "k_pid_yaw": [0.5, 1e-06, 0.1], "k_pid_hsp": [8.42510803325153, 1.0, 0.0], "k_pid_vsp": [90.14616598415601, 353.6367989544588, 42.41209636577715]}, "datetime": {"datetime": "2025-08-13 18:05:42", "elapsed": 29870.691638231277, "delta": 24.05634593963623}, "costs": {"total_cost": 268.40610657538826, "time_cost": 87.21300000000001, "final_distance_cost": 1.7844806366318324, "oscillation_cost": 86.8102273066378, "completition_cost": 0.0, "overshoot_cost": 52.899320122187994, "power_cost": 19.320862512207032, "noise_cost": 20.37821599772359, "n_waypoints_completed": 9, "tot_waypoints": 9}}
{"target": -347.83695957947504, "params": {"k_pid_pos": [0.2949996013426803, 0.4000445941539692, 0.2055316186444579], "k_pid_alt": [0.4397510786225951, 0.5768902666305805, 0.8067879376961156], "k_pid_att": [7.663271929453275, 2.297362567987891, 0.3673390617362359], "k_pid_yaw": [0.5, 1e-06, 0.1], "k_pid_hsp": [6.4101972714459645, 0.5122363374102559, 0.17114516031236604], "k_pid_vsp": [301.6531724140674, 340.7448066977047, 101.29923237654126]}, "datetime": {"datetime": "2025-08-13 18:06:12", "elapsed": 29900.676112651825, "delta": 29.984474420547485}, "costs": {"total_cost": 347.83695957947504, "time_cost": 110.74000000000001, "final_distance_cost": 1.7910398253200448, "oscillation_cost": 119.46965408676012, "completition_cost": 0.0, "overshoot_cost": 60.578246681223156, "power_cost": 27.482413586425782, "noise_cost": 27.775605399745906, "n_waypoints_completed": 9, "tot_waypoints": 9}}
{"target": -390.24629088701624, "params": {"k_pid_pos": [0.9491261452402022, 0.5783987233579199, 0.22952679408218868], "k_pid_alt": [1.5930542209595815, 0.05734340522670944, 0.3136688595105299], "k_pid_att": [7.037819367299091, 9.913623490491142, 0.09965009787845314], "k_pid_yaw": [0.5, 1e-06, 0.1], "k_pid_hsp": [7.571076361709759, 0.9441653510886546, 0.7280231004768066], "k_pid_vsp": [301.77729306873186, 352.064973831565, 107.83059331570033]}, "datetime": {"datetime": "2025-08-13 18:06:37", "elapsed": 29925.449939727783, "delta": 24.773827075958252}, "costs": {"total_cost": 390.24629088701624, "time_cost": 87.283, "final_distance_cost": 1.738697897714756, "oscillation_cost": 204.85638011476092, "completition_cost": 0.0, "overshoot_cost": 52.65730649585462, "power_cost": 22.653107800292968, "noise_cost": 21.057798578392987, "n_waypoints_completed": 9, "tot_waypoints": 9}}
{"target": -700.9578062493168, "params": {"k_pid_pos": [1.3608268902799263, 0.10486385446519386, 0.7638155859584198], "k_pid_alt": [0.18202721687222567, 0.15019812922820786, 0.25498564818389036], "k_pid_att": [7.2817836502444555, 6.173938624065308, 0.5398169257089179], "k_pid_yaw": [0.5, 1e-06, 0.1], "k_pid_hsp": [0.055405600620516346, 0.07994748434753873, 0.1593235285193405], "k_pid_vsp": [189.78128413574055, 16.5922310275253, 12.298016983978382]}, "datetime": {"datetime": "2025-08-13 18:07:08", "elapsed": 29956.667328119278, "delta": 31.21738839149475}, "costs": {"total_cost": 700.9578062493168, "time_cost": 150, "final_distance_cost": 68.57784893472046, "oscillation_cost": 144.46881269592004, "completition_cost": 222.2222222222222, "overshoot_cost": 55.28165660486008, "power_cost": 30.33512889404297, "noise_cost": 30.072136897550987, "n_waypoints_completed": 7, "tot_waypoints": 9}}
{"target": -464.6546411443534, "params": {"k_pid_pos": [1.7316868726680053, 0.7183124670662778, 0.899469628388047], "k_pid_alt": [1.691477368785047, 0.18936851655056564, 0.09806510978296279], "k_pid_att": [7.657849265754946, 3.369776796327924, 0.7023553548942213], "k_pid_yaw": [0.5, 1e-06, 0.1], "k_pid_hsp": [6.918908165923112, 0.38656526773712585, 0.5433429246262035], "k_pid_vsp": [254.2197872945896, 282.8214438848902, 48.15655003480927]}, "datetime": {"datetime": "2025-08-13 18:07:39", "elapsed": 29987.125988960266, "delta": 30.45866084098816}, "costs": {"total_cost": 464.6546411443534, "time_cost": 116.22800000000001, "final_distance_cost": 1.743282710946594, "oscillation_cost": 230.8646492608349, "completition_cost": 0.0, "overshoot_cost": 54.34985829996509, "power_cost": 32.590938098144534, "noise_cost": 28.877912774462253, "n_waypoints_completed": 9, "tot_waypoints": 9}}
{"target": -465.5427604832592, "params": {"k_pid_pos": [1.2626096211071203, 0.11480117753274122, 0.49087857470105833], "k_pid_alt": [0.14705247506024088, 0.0941829255429747, 0.5015479454663333], "k_pid_att": [12.738945872810682, 9.67057173769758, 0.8479472568561736], "k_pid_yaw": [0.5, 1e-06, 0.1], "k_pid_hsp": [7.871121564392807, 0.7309592746431998, 0.35785643933775824], "k_pid_vsp": [158.5501085038788, 41.951847772141186, 7.478954254623216]}, "datetime": {"datetime": "2025-08-13 18:08:07", "elapsed": 30015.2995595932, "delta": 28.17357063293457}, "costs": {"total_cost": 465.5427604832592, "time_cost": 102.137, "final_distance_cost": 1.7872767166273251, "oscillation_cost": 247.18288235217906, "completition_cost": 0.0, "overshoot_cost": 55.94067057812178, "power_cost": 28.60174844970703, "noise_cost": 29.893182386623987, "n_waypoints_completed": 9, "tot_waypoints": 9}}
{"target": -341.36929667927353, "params": {"k_pid_pos": [0.5788311317945205, 0.09233655082065173, 0.3975897157812075], "k_pid_alt": [1.3468592964431265, 0.7191924116557378, 0.773349246983795], "k_pid_att": [8.396057323847039, 2.6973401982833694, 0.9199444799884566], "k_pid_yaw": [0.5, 1e-06, 0.1], "k_pid_hsp": [9.206943015724084, 0.15492099767460787, 0.5798030806122892], "k_pid_vsp": [295.9912830355056, 337.92698201319644, 111.43193088422301]}, "datetime": {"datetime": "2025-08-13 18:08:32", "elapsed": 30040.56606912613, "delta": 25.266509532928467}, "costs": {"total_cost": 341.36929667927353, "time_cost": 92.645, "final_distance_cost": 1.8224385935358358, "oscillation_cost": 148.09550569327604, "completition_cost": 0.0, "overshoot_cost": 55.49601519059622, "power_cost": 22.691139379882813, "noise_cost": 20.619197821982613, "n_waypoints_completed": 9, "tot_waypoints": 9}}
{"target": -651.8922982207431, "params": {"k_pid_pos": [1.0633039459890474, 0.47845724211612495, 0.7610078637123687], "k_pid_alt": [0.29624975059615033, 0.3959910828871178, 0.7017466442614246], "k_pid_att": [22.03419100826093, 8.760651494608734, 0.7556469369924426], "k_pid_yaw": [0.5, 1e-06, 0.1], "k_pid_hsp": [6.815088419214517, 0.19136896173050166, 0.9586813505662459], "k_pid_vsp": [270.56873732286857, 267.1922220347522, 60.09804203078098]}, "datetime": {"datetime": "2025-08-13 18:09:03", "elapsed": 30071.517605543137, "delta": 30.951536417007446}, "costs": {"total_cost": 651.8922982207431, "time_cost": 111.02, "final_distance_cost": 1.7664764726566893, "oscillation_cost": 408.61949311045606, "completition_cost": 0.0, "overshoot_cost": 60.56948262339182, "power_cost": 38.83569631347657, "noise_cost": 31.081149700762005, "n_waypoints_completed": 9, "tot_waypoints": 9}}
{"target": -640.9608689230889, "params": {"k_pid_pos": [0.8134736209627926, 0.5411812146291153, 0.6001267071172215], "k_pid_alt": [1.3774268548122686, 0.4226915625283202, 0.5382059754627843], "k_pid_att": [20.996890492089705, 7.2268019622034, 0.13028523484211563], "k_pid_yaw": [0.5, 1e-06, 0.1], "k_pid_hsp": [5.594906108454797, 0.6009257963156598, 0.43618984036744257], "k_pid_vsp": [193.46363789159753, 300.9694332614888, 22.68863291077573]}, "datetime": {"datetime": "2025-08-13 18:09:31", "elapsed": 30099.148501873016, "delta": 27.63089632987976}, "costs": {"total_cost": 640.9608689230889, "time_cost": 105.44800000000001, "final_distance_cost": 1.783081294726976, "oscillation_cost": 422.6906596050296, "completition_cost": 0.0, "overshoot_cost": 54.727945866449446, "power_cost": 29.53738659667969, "noise_cost": 26.77379556020326, "n_waypoints_completed": 9, "tot_waypoints": 9}}
{"target": -497.5645095376429, "params": {"k_pid_pos": [0.552018042105856, 0.35167676968973194, 0.4246941602617891], "k_pid_alt": [1.2053948535749326, 0.798093061320271, 0.714048982299011], "k_pid_att": [11.775019372243777, 3.816921455637454, 0.6023392978019491], "k_pid_yaw": [0.5, 1e-06, 0.1], "k_pid_hsp": [6.360919131227856, 0.6551018730040038, 0.26782435207389177], "k_pid_vsp": [190.74429184151148, 305.05982790011177, 15.58936936767402]}, "datetime": {"datetime": "2025-08-13 18:10:02", "elapsed": 30130.952396392822, "delta": 31.803894519805908}, "costs": {"total_cost": 497.5645095376429, "time_cost": 113.848, "final_distance_cost": 1.767969771732046, "oscillation_cost": 262.8980436010011, "completition_cost": 0.0, "overshoot_cost": 58.76919861819257, "power_cost": 30.057584216308594, "noise_cost": 30.22371333040855, "n_waypoints_completed": 9, "tot_waypoints": 9}}
{"target": -728.3184408504925, "params": {"k_pid_pos": [1.0880662547417432, 0.04329082467890921, 0.5081418794443778], "k_pid_alt": [0.1692451553034433, 0.11828878857822911, 0.8404208291003252], "k_pid_att": [43.924086035029916, 4.773126166641696, 0.47501876979346414], "k_pid_yaw": [0.5, 1e-06, 0.1], "k_pid_hsp": [5.693030690274032, 0.499879933072211, 0.8666733674199579], "k_pid_vsp": [252.84917307779546, 279.79095188407643, 48.31367653402316]}, "datetime": {"datetime": "2025-08-13 18:10:33", "elapsed": 30161.68590259552, "delta": 30.733506202697754}, "costs": {"total_cost": 728.3184408504925, "time_cost": 114.569, "final_distance_cost": 1.7826614673435202, "oscillation_cost": 487.18755212790404, "completition_cost": 0.0, "overshoot_cost": 60.257625374949725, "power_cost": 35.67548150634766, "noise_cost": 28.84612037394758, "n_waypoints_completed": 9, "tot_waypoints": 9}}
{"target": -903.4045246855263, "params": {"k_pid_pos": [0.6335267962741175, 0.8910777787584542, 0.24284478336434623], "k_pid_alt": [0.8618432806264695, 0.5864793440088288, 0.08340482550757033], "k_pid_att": [20.528218131287257, 4.40466288380447, 0.5189898709742117], "k_pid_yaw": [0.5, 1e-06, 0.1], "k_pid_hsp": [7.391363891503306, 0.22725197192550584, 0.528687594834995], "k_pid_vsp": [164.7126888673094, 22.019981814043962, 22.9396411312751]}, "datetime": {"datetime": "2025-08-13 18:11:04", "elapsed": 30192.65052819252, "delta": 30.964625597000122}, "costs": {"total_cost": 903.4045246855263, "time_cost": 150, "final_distance_cost": 77.48729587315714, "oscillation_cost": 321.86681157639663, "completition_cost": 222.2222222222222, "overshoot_cost": 51.815781249512554, "power_cost": 43.965368225097656, "noise_cost": 36.04704553914009, "n_waypoints_completed": 7, "tot_waypoints": 9}}
{"target": -506.36460181460524, "params": {"k_pid_pos": [1.4691842295131683, 0.3308942295593177, 0.14332301437477046], "k_pid_alt": [0.524672275452345, 0.6682019062424035, 0.8070799404850182], "k_pid_att": [32.34234053351326, 9.511694496978949, 0.6184578149413943], "k_pid_yaw": [0.5, 1e-06, 0.1], "k_pid_hsp": [5.555932412598799, 0.4718867093516699, 0.931629134008279], "k_pid_vsp": [97.34861451776422, 359.58960887734503, 49.73546920274417]}, "datetime": {"datetime": "2025-08-13 18:11:33", "elapsed": 30221.881247758865, "delta": 29.230719566345215}, "costs": {"total_cost": 506.36460181460524, "time_cost": 108.619, "final_distance_cost": 1.7770236154476844, "oscillation_cost": 275.45735588210954, "completition_cost": 0.0, "overshoot_cost": 63.19970792183818, "power_cost": 30.909091992187502, "noise_cost": 26.402422403022317, "n_waypoints_completed": 9, "tot_waypoints": 9}}
{"target": -614.9858337712163, "params": {"k_pid_pos": [0.7364226523309018, 0.29932143186613547, 0.1421694423978328], "k_pid_alt": [1.8536558795087692, 0.2940590808866035, 0.6113842493119827], "k_pid_att": [54.95547224884434, 6.243015121991144, 0.8057753314935795], "k_pid_yaw": [0.5, 1e-06, 0.1], "k_pid_hsp": [4.39463053618453, 0.5881612881040437, 0.5673742761939325], "k_pid_vsp": [87.63495428342347, 367.503987684003, 53.11214596007359]}, "datetime": {"datetime": "2025-08-13 18:12:00", "elapsed": 30248.804924488068, "delta": 26.92367672920227}, "costs": {"total_cost": 614.9858337712163, "time_cost": 97.174, "final_distance_cost": 1.7468825283663318, "oscillation_cost": 416.3224802005495, "completition_cost": 0.0, "overshoot_cost": 53.618614869086024, "power_cost": 23.803094299316406, "noise_cost": 22.320761873897997, "n_waypoints_completed": 9, "tot_waypoints": 9}}
{"target": -386.9837303747178, "params": {"k_pid_pos": [1.1239661748665633, 0.9360118967408197, 0.6552140820446183], "k_pid_alt": [0.3228716321137941, 0.7985382857428293, 0.6621838266031737], "k_pid_att": [12.376351341648395, 0.2754025599682565, 0.9692908438671622], "k_pid_yaw": [0.5, 1e-06, 0.1], "k_pid_hsp": [9.594550357357736, 0.3328937408650181, 0.26784159583205003], "k_pid_vsp": [260.81257953656984, 273.67389444564975, 37.9642847151147]}, "datetime": {"datetime": "2025-08-13 18:12:30", "elapsed": 30278.41621851921, "delta": 29.61129403114319}, "costs": {"total_cost": 386.9837303747178, "time_cost": 115.479, "final_distance_cost": 1.7932827796263235, "oscillation_cost": 153.57950321667585, "completition_cost": 0.0, "overshoot_cost": 65.1694125641678, "power_cost": 25.06459464111328, "noise_cost": 25.89793717313457, "n_waypoints_completed": 9, "tot_waypoints": 9}}
{"target": -809.7100138051859, "params": {"k_pid_pos": [0.42685082507285727, 0.7211570078889324, 0.8003045173077883], "k_pid_alt": [0.055033088794800955, 0.0413015868165475, 0.15446347631215418], "k_pid_att": [2.324327476955945, 6.167452733499435, 0.14906493166627088], "k_pid_yaw": [0.5, 1e-06, 0.1], "k_pid_hsp": [9.660788478438306, 0.844132099730378, 0.16712968788662907], "k_pid_vsp": [278.6605874166746, 275.00982359974614, 48.899674516588085]}, "datetime": {"datetime": "2025-08-13 18:13:01", "elapsed": 30309.667882680893, "delta": 31.25166416168213}, "costs": {"total_cost": 809.7100138051859, "time_cost": 150, "final_distance_cost": 72.6023567857457, "oscillation_cost": 132.76692693649977, "completition_cost": 333.33333333333337, "overshoot_cost": 53.27569095399695, "power_cost": 36.02328115234375, "noise_cost": 31.70842464326629, "n_waypoints_completed": 6, "tot_waypoints": 9}}
{"target": -817.3809348175888, "params": {"k_pid_pos": [1.603243459963824, 0.8189178996632134, 0.06670622908716684], "k_pid_alt": [1.3865795582785938, 0.9473811228382534, 0.39917906322514285], "k_pid_att": [19.56577458935701, 1.4198624186620012, 0.578259237651096], "k_pid_yaw": [0.5, 1e-06, 0.1], "k_pid_hsp": [1.1603817418540896, 0.590886878085391, 0.3143932346677817], "k_pid_vsp": [301.01615753504285, 333.9021729336486, 107.94982045718238]}, "datetime": {"datetime": "2025-08-13 18:13:33", "elapsed": 30341.332648038864, "delta": 31.66476535797119}, "costs": {"total_cost": 817.3809348175888, "time_cost": 150, "final_distance_cost": 64.13873833089403, "oscillation_cost": 133.158376075053, "completition_cost": 333.33333333333337, "overshoot_cost": 70.85707886963925, "power_cost": 35.25461402587891, "noise_cost": 30.63879418279026, "n_waypoints_completed": 6, "tot_waypoints": 9}}
{"target": -823.8507377641217, "params": {"k_pid_pos": [1.242798490410196, 0.579108154562984, 0.7695614658111598], "k_pid_alt": [0.05935506999073037, 0.5241670337463463, 0.013869584610151642], "k_pid_att": [57.27254601542283, 7.305334786465221, 0.6518153921809184], "k_pid_yaw": [0.5, 1e-06, 0.1], "k_pid_hsp": [9.085673535653779, 0.4032996451968164, 0.27856014415006813], "k_pid_vsp": [207.89824626481362, 13.76561525598294, 6.624162371083964]}, "datetime": {"datetime": "2025-08-13 18:14:05", "elapsed": 30373.603497743607, "delta": 32.27084970474243}, "costs": {"total_cost": 823.8507377641217, "time_cost": 116.48700000000001, "final_distance_cost": 1.774549267357894, "oscillation_cost": 565.3885257564868, "completition_cost": 0.0, "overshoot_cost": 67.93473978126603, "power_cost": 40.260447802734376, "noise_cost": 32.00547515627665, "n_waypoints_completed": 9, "tot_waypoints": 9}}
{"target": -541.8018410639921, "params": {"k_pid_pos": [1.860894128365164, 0.13767982647958554, 0.07919158618524913], "k_pid_alt": [0.36682125960585643, 0.565170219317286, 0.18839777851323747], "k_pid_att": [18.139913903105807, 5.7541613966517025, 0.2877288606035737], "k_pid_yaw": [0.5, 1e-06, 0.1], "k_pid_hsp": [7.382444040347868, 0.7092209059656077, 0.2642042379653293], "k_pid_vsp": [305.27710944418953, 338.540239646155, 91.92131933153979]}, "datetime": {"datetime": "2025-08-13 18:14:35", "elapsed": 30403.63582086563, "delta": 30.032323122024536}, "costs": {"total_cost": 541.8018410639921, "time_cost": 110.24300000000001, "final_distance_cost": 1.7547203090899814, "oscillation_cost": 307.1834837704228, "completition_cost": 0.0, "overshoot_cost": 62.60262950947379, "power_cost": 30.820608020019534, "noise_cost": 29.197399454985952, "n_waypoints_completed": 9, "tot_waypoints": 9}}
{"target": -1268.0211963579723, "params": {"k_pid_pos": [0.049816725269243564, 0.40350430571763884, 0.6146576666580611], "k_pid_alt": [0.3075099457127062, 0.40840363424399073, 0.8629298698421108], "k_pid_att": [5.9771605454431604, 3.5375541842252045, 0.8092978698911448], "k_pid_yaw": [0.5, 1e-06, 0.1], "k_pid_hsp": [4.98544320031665, 0.05035618015690957, 0.626537637336827], "k_pid_vsp": [246.52150502778105, 277.6119810474029, 40.43888353670606]}, "datetime": {"datetime": "2025-08-13 18:15:06", "elapsed": 30434.599946022034, "delta": 30.964125156402588}, "costs": {"total_cost": 1268.0211963579723, "time_cost": 150, "final_distance_cost": 87.83214811354667, "oscillation_cost": 146.4938217576612, "completition_cost": 777.7777777777778, "overshoot_cost": 48.93240423824847, "power_cost": 30.10154323730469, "noise_cost": 26.883501233433353, "n_waypoints_completed": 2, "tot_waypoints": 9}}
{"target": -920.0759397564073, "params": {"k_pid_pos": [1.7952815753819367, 0.39873208723796216, 0.765092117155592], "k_pid_alt": [1.2855276676262446, 0.11704330001211438, 0.45144959051142386], "k_pid_att": [54.44158447227908, 5.88920889161044, 0.9827154777494558], "k_pid_yaw": [0.5, 1e-06, 0.1], "k_pid_hsp": [3.1416176105338685, 0.7405096122641959, 0.7217998529510625], "k_pid_vsp": [97.9262750374748, 355.2707128329524, 50.559543681175604]}, "datetime": {"datetime": "2025-08-13 18:15:40", "elapsed": 30467.98769378662, "delta": 33.3877477645874}, "costs": {"total_cost": 920.0759397564073, "time_cost": 150, "final_distance_cost": 65.85018358354488, "oscillation_cost": 362.3739111363286, "completition_cost": 222.2222222222222, "overshoot_cost": 46.788852904279324, "power_cost": 41.94541580810547, "noise_cost": 30.89535410192678, "n_waypoints_completed": 7, "tot_waypoints": 9}}
