{"target": -550.1483389060268, "params": {"k_pid_pos": [0.9426128516634107, 0.07650326565762133, 0.5166720138092094], "k_pid_alt": [1.877944038714316, 0.25349037455643275, 0.046301353118818556], "k_pid_att": [27.188361094107606, 0.10407764956622119, 0.2691755549338697], "k_pid_yaw": [0.5, 1e-06, 0.1], "k_pid_hsp": [5.513283461042075, 0.20025886362293255, 0.27370736355763614], "k_pid_vsp": [163.41539716104538, 7.885539817246324, 18.398319013163132]}, "datetime": {"datetime": "2025-08-13 13:09:07", "elapsed": 12075.288806438446, "delta": 20.448794841766357}, "costs": {"total_cost": 550.1483389060268, "time_cost": 85.764, "final_distance_cost": 1.7980418726673706, "oscillation_cost": 364.1410684620262, "completition_cost": 0.0, "overshoot_cost": 52.87855417301733, "power_cost": 23.83857821044922, "noise_cost": 21.72809618786666, "n_waypoints_completed": 9, "tot_waypoints": 9}}
{"target": -300.16682076702597, "params": {"k_pid_pos": [1.9112432926097092, 0.5614889857167643, 0.6734557351052298], "k_pid_alt": [1.172250520974263, 0.07277842439776794, 0.28960057444706677], "k_pid_att": [10.83579128325962, 9.159435227438323, 0.6843406186024653], "k_pid_yaw": [0.5, 1e-06, 0.1], "k_pid_hsp": [9.440198910072105, 0.15903950587518323, 0.062114519187564166], "k_pid_vsp": [314.0696198999051, 321.8021327522474, 100.78536631961514]}, "datetime": {"datetime": "2025-08-13 13:09:31", "elapsed": 12099.078649044037, "delta": 23.78984260559082}, "costs": {"total_cost": 300.16682076702597, "time_cost": 97.818, "final_distance_cost": 1.7470342891300046, "oscillation_cost": 106.03224565224805, "completition_cost": 0.0, "overshoot_cost": 51.480346962752975, "power_cost": 21.375129235839843, "noise_cost": 21.714064627055112, "n_waypoints_completed": 9, "tot_waypoints": 9}}
{"target": -1315.2508300014608, "params": {"k_pid_pos": [0.3637649116756036, 0.5011716941399937, 0.5986097424172864], "k_pid_alt": [0.1705825787255697, 0.3095650566377629, 0.5657211911708778], "k_pid_att": [9.637407437135082, 1.4077844877647574, 0.23414827250724612], "k_pid_yaw": [0.5, 1e-06, 0.1], "k_pid_hsp": [2.379714856909482, 0.5992703773360931, 0.8482574810185389], "k_pid_vsp": [285.7106453321311, 271.76214274101125, 60.26678078038059]}, "datetime": {"datetime": "2025-08-13 13:10:00", "elapsed": 12128.690798282623, "delta": 29.612149238586426}, "costs": {"total_cost": 1315.2508300014608, "time_cost": 150, "final_distance_cost": 50.796707000351105, "oscillation_cost": 340.831987561565, "completition_cost": 666.6666666666667, "overshoot_cost": 47.70301205602449, "power_cost": 29.852098779296877, "noise_cost": 29.40035793755645, "n_waypoints_completed": 3, "tot_waypoints": 9}}
{"target": -639.6561713785876, "params": {"k_pid_pos": [1.03895997691117, 0.4288642765207791, 0.7986247570244365], "k_pid_alt": [0.24875170858763762, 0.7290448337721007, 0.8631043274076505], "k_pid_att": [26.982910124004288, 1.30970467431055, 0.795269994610924], "k_pid_yaw": [0.5, 1e-06, 0.1], "k_pid_hsp": [9.721465374468943, 0.11481437954564744, 0.3251481716881026], "k_pid_vsp": [184.59182382019296, 5.269455147121082, 3.0654287417280335]}, "datetime": {"datetime": "2025-08-13 13:10:27", "elapsed": 12155.21180653572, "delta": 26.521008253097534}, "costs": {"total_cost": 639.6561713785876, "time_cost": 110.215, "final_distance_cost": 1.7735688124264133, "oscillation_cost": 407.11017353016933, "completition_cost": 0.0, "overshoot_cost": 62.13370814632821, "power_cost": 27.11946590576172, "noise_cost": 31.304254983901938, "n_waypoints_completed": 9, "tot_waypoints": 9}}
{"target": -453.92534670208437, "params": {"k_pid_pos": [1.4111860999422574, 0.7368152996123106, 0.12143006821199287], "k_pid_alt": [1.765841245666149, 0.4916840315272799, 0.7352689869526702], "k_pid_att": [22.530194570046504, 0.5723982533371873, 0.7164106903233052], "k_pid_yaw": [0.5, 1e-06, 0.1], "k_pid_hsp": [3.2535408254003406, 0.25765638522819834, 0.8145060266873054], "k_pid_vsp": [302.97705788226085, 336.06614241093416, 100.85523722079147]}, "datetime": {"datetime": "2025-08-13 13:10:53", "elapsed": 12181.613842248917, "delta": 26.4020357131958}, "costs": {"total_cost": 453.92534670208437, "time_cost": 110.614, "final_distance_cost": 1.7752533717777148, "oscillation_cost": 205.381473149837, "completition_cost": 0.0, "overshoot_cost": 71.54527224345674, "power_cost": 35.71501268310547, "noise_cost": 28.894335253907382, "n_waypoints_completed": 9, "tot_waypoints": 9}}
{"target": -633.4935170729867, "params": {"k_pid_pos": [0.7982488708955672, 0.6624151965883212, 0.16527457462352868], "k_pid_alt": [0.4870201729013006, 0.34733244300121646, 0.32305765470972336], "k_pid_att": [41.510771334516086, 5.914927983390814, 0.025161320885747407], "k_pid_yaw": [0.5, 1e-06, 0.1], "k_pid_hsp": [5.057223912323963, 0.6111598433166319, 0.37086562041983284], "k_pid_vsp": [92.22674773743518, 346.63342309080826, 36.99866083309032]}, "datetime": {"datetime": "2025-08-13 13:11:20", "elapsed": 12208.071016073227, "delta": 26.457173824310303}, "costs": {"total_cost": 633.4935170729867, "time_cost": 108.122, "final_distance_cost": 1.7601018996558238, "oscillation_cost": 411.05303841078006, "completition_cost": 0.0, "overshoot_cost": 58.11414463829995, "power_cost": 28.43015419921875, "noise_cost": 26.01407792503211, "n_waypoints_completed": 9, "tot_waypoints": 9}}
{"target": -910.6406634727618, "params": {"k_pid_pos": [1.651758983465244, 0.3748774395407348, 0.6717286314885484], "k_pid_alt": [1.2000791703931384, 0.15625171468552046, 0.9866848743870842], "k_pid_att": [51.03041850148232, 7.340761961859974, 0.006174717107313432], "k_pid_yaw": [0.5, 1e-06, 0.1], "k_pid_hsp": [2.1188413986354067, 0.33706568614301846, 0.8145729313288299], "k_pid_vsp": [74.32611947026425, 359.66896200248266, 42.759231088998035]}, "datetime": {"datetime": "2025-08-13 13:11:49", "elapsed": 12237.045203924179, "delta": 28.97418785095215}, "costs": {"total_cost": 910.6406634727618, "time_cost": 150, "final_distance_cost": 66.75448438051205, "oscillation_cost": 344.703319152385, "completition_cost": 222.2222222222222, "overshoot_cost": 61.34895207244994, "power_cost": 36.249513891601566, "noise_cost": 29.362171753591138, "n_waypoints_completed": 7, "tot_waypoints": 9}}
{"target": -513.1533836394583, "params": {"k_pid_pos": [1.4699508091888531, 0.0033332676355138924, 0.17618266635452617], "k_pid_alt": [0.9209344638646322, 0.8568016253081773, 0.32434818071850813], "k_pid_att": [20.814307972441238, 9.238295016398599, 0.7712751181735453], "k_pid_yaw": [0.5, 1e-06, 0.1], "k_pid_hsp": [7.841886674943204, 0.02860633123359735, 0.5700960946112307], "k_pid_vsp": [158.6745420185093, 16.203943157142454, 23.573592765613235]}, "datetime": {"datetime": "2025-08-13 13:12:13", "elapsed": 12261.342742681503, "delta": 24.29753875732422}, "costs": {"total_cost": 513.1533836394583, "time_cost": 98.574, "final_distance_cost": 1.7937563987659535, "oscillation_cost": 293.3973243728249, "completition_cost": 0.0, "overshoot_cost": 63.336050211596785, "power_cost": 29.449954797363283, "noise_cost": 26.60229785890735, "n_waypoints_completed": 9, "tot_waypoints": 9}}
{"target": -376.85775889833224, "params": {"k_pid_pos": [1.4838193838922704, 0.17233232552807554, 0.42084204429009553], "k_pid_alt": [0.4459388621312623, 0.33843759419017905, 0.3446387091874409], "k_pid_att": [10.768407539002434, 0.19683858225145306, 0.9219941239245537], "k_pid_yaw": [0.5, 1e-06, 0.1], "k_pid_hsp": [4.323481511974245, 0.12726754216779312, 0.901967528530636], "k_pid_vsp": [300.7329731579033, 342.6051990384438, 114.99688891060805]}, "datetime": {"datetime": "2025-08-13 13:12:36", "elapsed": 12284.650279283524, "delta": 23.307536602020264}, "costs": {"total_cost": 376.85775889833224, "time_cost": 96.782, "final_distance_cost": 1.7520159912257902, "oscillation_cost": 177.75158594943406, "completition_cost": 0.0, "overshoot_cost": 55.85671368203263, "power_cost": 23.45795115966797, "noise_cost": 21.257492115971786, "n_waypoints_completed": 9, "tot_waypoints": 9}}
{"target": -786.8349112417533, "params": {"k_pid_pos": [0.8948555188443377, 0.8310261510110217, 0.11436896395899043], "k_pid_alt": [0.2615902336024649, 0.22567136439757796, 0.376069886711624], "k_pid_att": [12.520042627618565, 8.067212699456636, 0.27888443089760084], "k_pid_yaw": [0.5, 1e-06, 0.1], "k_pid_hsp": [5.657944566812845, 0.6899572670149513, 0.887161437873294], "k_pid_vsp": [188.97564534581068, 315.30272969082824, 16.366540556471683]}, "datetime": {"datetime": "2025-08-13 13:13:05", "elapsed": 12313.539191246033, "delta": 28.888911962509155}, "costs": {"total_cost": 786.8349112417533, "time_cost": 150, "final_distance_cost": 63.893804396076405, "oscillation_cost": 239.55990204909725, "completition_cost": 222.2222222222222, "overshoot_cost": 51.801700799646696, "power_cost": 30.121036047363283, "noise_cost": 29.23624572734744, "n_waypoints_completed": 7, "tot_waypoints": 9}}
{"target": -646.9044798650168, "params": {"k_pid_pos": [0.15448935626715316, 0.554838286246893, 0.7469611998876654], "k_pid_alt": [0.9127694590327489, 0.11516890929675805, 0.45472315102965977], "k_pid_att": [4.15330118961883, 9.639343339999899, 0.1622152046624239], "k_pid_yaw": [0.5, 1e-06, 0.1], "k_pid_hsp": [5.329044089731043, 0.6817675320313458, 0.051701152079720925], "k_pid_vsp": [255.42442355786918, 283.8666906687571, 46.626315500016965]}, "datetime": {"datetime": "2025-08-13 13:13:34", "elapsed": 12342.56099319458, "delta": 29.021801948547363}, "costs": {"total_cost": 646.9044798650168, "time_cost": 150, "final_distance_cost": 73.38902172337023, "oscillation_cost": 91.40029901539896, "completition_cost": 222.2222222222222, "overshoot_cost": 51.51583768724549, "power_cost": 30.362069482421877, "noise_cost": 28.015029734358002, "n_waypoints_completed": 7, "tot_waypoints": 9}}
{"target": -1068.4958778744067, "params": {"k_pid_pos": [0.9102552888151318, 0.4429950544728577, 0.07081401243075713], "k_pid_alt": [0.7235950950293464, 0.7041509465263908, 0.3009935841703365], "k_pid_att": [46.214150086054154, 9.200102625900392, 0.128566095739455], "k_pid_yaw": [0.5, 1e-06, 0.1], "k_pid_hsp": [8.859811994872286, 0.7889448239679713, 0.17584177437415882], "k_pid_vsp": [89.68968499841954, 353.71015039488174, 35.550257037826]}, "datetime": {"datetime": "2025-08-13 13:14:03", "elapsed": 12371.315834283829, "delta": 28.754841089248657}, "costs": {"total_cost": 1068.4958778744067, "time_cost": 150, "final_distance_cost": 62.745703682620054, "oscillation_cost": 479.10715104398844, "completition_cost": 222.2222222222222, "overshoot_cost": 61.541660791282965, "power_cost": 48.253981567382816, "noise_cost": 44.62515856691024, "n_waypoints_completed": 7, "tot_waypoints": 9}}
{"target": -1271.9245945147047, "params": {"k_pid_pos": [0.04785325400025837, 0.5534613253060321, 0.015187039430008209], "k_pid_alt": [1.2308366305485823, 0.4791205822987341, 0.2526732115634891], "k_pid_att": [9.186289711238372, 6.369923184760737, 0.9992333539428863], "k_pid_yaw": [0.5, 1e-06, 0.1], "k_pid_hsp": [4.308643694481733, 0.7742462053842433, 0.9730177498496545], "k_pid_vsp": [164.99602332563416, 19.010241063307056, 27.591574332316544]}, "datetime": {"datetime": "2025-08-13 13:14:32", "elapsed": 12400.239698886871, "delta": 28.923864603042603}, "costs": {"total_cost": 1271.9245945147047, "time_cost": 150, "final_distance_cost": 88.82993169829183, "oscillation_cost": 147.11881990022147, "completition_cost": 777.7777777777778, "overshoot_cost": 47.68390758544727, "power_cost": 31.841427636718752, "noise_cost": 28.67272991624768, "n_waypoints_completed": 2, "tot_waypoints": 9}}
{"target": -1110.3065997980698, "params": {"k_pid_pos": [0.12608258213362372, 0.1354996906122231, 0.18371115145146366], "k_pid_alt": [1.2362984407826294, 0.9686128925119828, 0.32726905661930517], "k_pid_att": [6.12550535569344, 3.634384365172944, 0.2915979466652041], "k_pid_yaw": [0.5, 1e-06, 0.1], "k_pid_hsp": [9.969476750257023, 0.746640900892573, 0.7295063672862813], "k_pid_vsp": [291.57153521478006, 330.1168212082838, 98.29396278452069]}, "datetime": {"datetime": "2025-08-13 13:15:01", "elapsed": 12429.030097484589, "delta": 28.790398597717285}, "costs": {"total_cost": 1110.3065997980698, "time_cost": 150, "final_distance_cost": 46.015008051451034, "oscillation_cost": 246.61467454415697, "completition_cost": 555.5555555555555, "overshoot_cost": 55.04926509786844, "power_cost": 29.36000653076172, "noise_cost": 27.712090018276097, "n_waypoints_completed": 4, "tot_waypoints": 9}}
{"target": -346.6704138663294, "params": {"k_pid_pos": [1.9462680617241985, 0.7010446435872525, 0.3921383303595346], "k_pid_alt": [0.30044154835973447, 0.5761501188308923, 0.7855627010768793], "k_pid_att": [5.4618375152000525, 6.408252785503966, 0.45670798830301507], "k_pid_yaw": [0.5, 1e-06, 0.1], "k_pid_hsp": [4.090249169757097, 0.1429104956250945, 0.028555805967225956], "k_pid_vsp": [291.573736734898, 339.29261649507396, 94.2632044804134]}, "datetime": {"datetime": "2025-08-13 13:15:28", "elapsed": 12456.386546611786, "delta": 27.356449127197266}, "costs": {"total_cost": 346.6704138663294, "time_cost": 113.274, "final_distance_cost": 1.7300915328547788, "oscillation_cost": 113.57078501568189, "completition_cost": 0.0, "overshoot_cost": 65.66462841910558, "power_cost": 26.491176013183594, "noise_cost": 25.939732885503595, "n_waypoints_completed": 9, "tot_waypoints": 9}}
{"target": -772.2992183823915, "params": {"k_pid_pos": [1.5629267337919237, 0.639924445481801, 0.05748758141052701], "k_pid_alt": [1.5684596001363733, 0.19150279316434948, 0.37985654978248584], "k_pid_att": [3.276701646928737, 3.1457781939340483, 0.07572265557478852], "k_pid_yaw": [0.5, 1e-06, 0.1], "k_pid_hsp": [9.192657390318914, 0.6933501133982092, 0.3047699731737826], "k_pid_vsp": [175.06076929564608, 27.890843385863842, 12.305840391936583]}, "datetime": {"datetime": "2025-08-13 13:15:56", "elapsed": 12484.922789812088, "delta": 28.536243200302124}, "costs": {"total_cost": 772.2992183823915, "time_cost": 150, "final_distance_cost": 66.29036357680788, "oscillation_cost": 226.3095679962683, "completition_cost": 222.2222222222222, "overshoot_cost": 46.96564865865512, "power_cost": 30.387406579589847, "noise_cost": 30.124009348848073, "n_waypoints_completed": 7, "tot_waypoints": 9}}
{"target": -884.4551651585118, "params": {"k_pid_pos": [1.1676549192988723, 0.1884753867304806, 0.6819406871861537], "k_pid_alt": [0.4015801594340185, 0.9681375078989689, 0.6331503290948047], "k_pid_att": [40.56916320845876, 3.6274470856288983, 0.7738692163365188], "k_pid_yaw": [0.5, 1e-06, 0.1], "k_pid_hsp": [6.604429288853286, 0.07261446681264949, 0.7880554621454079], "k_pid_vsp": [104.44838098202518, 357.9998225610991, 35.11645703308692]}, "datetime": {"datetime": "2025-08-13 13:16:26", "elapsed": 12513.992829084396, "delta": 29.07003927230835}, "costs": {"total_cost": 884.4551651585118, "time_cost": 150, "final_distance_cost": 30.45694199253453, "oscillation_cost": 451.31109997185376, "completition_cost": 111.11111111111116, "overshoot_cost": 71.05767949227443, "power_cost": 40.247362109375004, "noise_cost": 30.27097048136283, "n_waypoints_completed": 8, "tot_waypoints": 9}}
{"target": -241.5926081871747, "params": {"k_pid_pos": [1.3006497354557065, 0.5691818824939636, 0.22654190483034514], "k_pid_alt": [1.138449037201769, 0.0, 0.9253840756356125], "k_pid_att": [16.672435106104146, 6.318446758416555, 0.5797220266235642], "k_pid_yaw": [0.5, 1e-06, 0.1], "k_pid_hsp": [1.9032883311943156, 0.2547537458584368, 0.0], "k_pid_vsp": [165.8108478330805, 13.669949277403154, 19.781949677465814]}, "datetime": {"datetime": "2025-08-13 13:16:47", "elapsed": 12535.058686733246, "delta": 21.065857648849487}, "costs": {"total_cost": 241.5926081871747, "time_cost": 86.59, "final_distance_cost": 1.8004893936218358, "oscillation_cost": 41.66419139218561, "completition_cost": 0.0, "overshoot_cost": 55.442407108952196, "power_cost": 30.4749287109375, "noise_cost": 25.620591581477566, "n_waypoints_completed": 9, "tot_waypoints": 9}}
{"target": -565.2994654628463, "params": {"k_pid_pos": [1.9757103927778528, 0.3598546864899729, 0.7060802334401272], "k_pid_alt": [0.1789598844032867, 0.7029466049128907, 0.860367481309093], "k_pid_att": [21.052024644503387, 6.8600083365486295, 0.6166798887602791], "k_pid_yaw": [0.5, 1e-06, 0.1], "k_pid_hsp": [7.772293879861235, 0.5747354033519925, 0.29812585264557234], "k_pid_vsp": [313.13698823477415, 332.4276313216881, 98.74323812463084]}, "datetime": {"datetime": "2025-08-13 13:17:13", "elapsed": 12561.351006031036, "delta": 26.292319297790527}, "costs": {"total_cost": 565.2994654628463, "time_cost": 109.214, "final_distance_cost": 1.781605136216201, "oscillation_cost": 332.0427067802235, "completition_cost": 0.0, "overshoot_cost": 66.42241258329744, "power_cost": 29.39338642578125, "noise_cost": 26.44535453732798, "n_waypoints_completed": 9, "tot_waypoints": 9}}
{"target": -1446.4487767802486, "params": {"k_pid_pos": [0.24960880761853393, 0.4361160735641648, 0.7537030867765694], "k_pid_alt": [1.1440019898485028, 0.5686614154801448, 0.7464448078892915], "k_pid_att": [58.483199818050316, 3.3338021235407806, 0.3667990749214105], "k_pid_yaw": [0.5, 1e-06, 0.1], "k_pid_hsp": [7.257167987023192, 0.010002300674026188, 0.8443823066207904], "k_pid_vsp": [198.77807440465526, 12.625671495950465, 8.491738087893046]}, "datetime": {"datetime": "2025-08-13 13:17:41", "elapsed": 12589.892922878265, "delta": 28.541916847229004}, "costs": {"total_cost": 1446.4487767802486, "time_cost": 150, "final_distance_cost": 46.83940217846133, "oscillation_cost": 677.3436778921975, "completition_cost": 444.4444444444444, "overshoot_cost": 51.548925402501965, "power_cost": 42.21129459228516, "noise_cost": 34.06103227035819, "n_waypoints_completed": 5, "tot_waypoints": 9}}
{"target": -864.2766571552525, "params": {"k_pid_pos": [0.2960342994522783, 0.7277841587021964, 0.1780159388172583], "k_pid_alt": [0.3416217293729953, 0.445879272267399, 0.2903422884130292], "k_pid_att": [12.394250320833422, 9.792027424580404, 0.4926182615234913], "k_pid_yaw": [0.5, 1e-06, 0.1], "k_pid_hsp": [7.237243010954069, 0.29918029482277153, 0.25359308489452526], "k_pid_vsp": [315.1088885840326, 337.0045458703589, 98.76509654334436]}, "datetime": {"datetime": "2025-08-13 13:18:10", "elapsed": 12618.852621555328, "delta": 28.95969867706299}, "costs": {"total_cost": 864.2766571552525, "time_cost": 150, "final_distance_cost": 52.67574399499769, "oscillation_cost": 227.17488001536776, "completition_cost": 333.33333333333337, "overshoot_cost": 45.96458475383032, "power_cost": 27.55139274902344, "noise_cost": 27.576722308699956, "n_waypoints_completed": 6, "tot_waypoints": 9}}
{"target": -283.87054415164533, "params": {"k_pid_pos": [1.0899531002588656, 0.9461372052076038, 0.8600936554681121], "k_pid_alt": [0.6931942767278867, 0.2535149833594774, 0.8789732831204715], "k_pid_att": [8.785770576276974, 4.135392568571211, 0.923480346460376], "k_pid_yaw": [0.5, 1e-06, 0.1], "k_pid_hsp": [4.43754319061853, 0.05735919879133333, 0.16288291020384915], "k_pid_vsp": [165.0708745242694, 29.43578630829821, 13.191484176971075]}, "datetime": {"datetime": "2025-08-13 13:18:33", "elapsed": 12641.164710760117, "delta": 22.312089204788208}, "costs": {"total_cost": 283.87054415164533, "time_cost": 91.077, "final_distance_cost": 1.7302775250063303, "oscillation_cost": 96.935408520759, "completition_cost": 0.0, "overshoot_cost": 52.59879959690208, "power_cost": 20.105576586914065, "noise_cost": 21.423481922063864, "n_waypoints_completed": 9, "tot_waypoints": 9}}
{"target": -371.36598754395374, "params": {"k_pid_pos": [1.7815021859930487, 0.14170073361923896, 0.9583148117581304], "k_pid_alt": [1.5262675604736895, 0.45407382731845825, 0.877370964469243], "k_pid_att": [5.1116236126644505, 4.963201109223669, 0.2859867046863006], "k_pid_yaw": [0.5, 1e-06, 0.1], "k_pid_hsp": [2.141892157254239, 0.3803325580450255, 0.8930507621934209], "k_pid_vsp": [290.51198686812, 332.82791878790425, 100.93496781878162]}, "datetime": {"datetime": "2025-08-13 13:18:54", "elapsed": 12662.711727380753, "delta": 21.547016620635986}, "costs": {"total_cost": 371.36598754395374, "time_cost": 89.348, "final_distance_cost": 1.733088556054798, "oscillation_cost": 178.8163171894044, "completition_cost": 0.0, "overshoot_cost": 58.098217615696434, "power_cost": 22.697774841308593, "noise_cost": 20.67258934148948, "n_waypoints_completed": 9, "tot_waypoints": 9}}
{"target": -426.30410462759363, "params": {"k_pid_pos": [0.8699744493720598, 0.1653855008916496, 0.1748973914858607], "k_pid_alt": [1.6770318716765578, 0.9498195531076641, 0.09241025688417415], "k_pid_att": [27.678308826523747, 2.5719527599437684, 0.6534123590676022], "k_pid_yaw": [0.5, 1e-06, 0.1], "k_pid_hsp": [2.5733812399443114, 0.7961697115146249, 0.15485702945362423], "k_pid_vsp": [311.2833752624959, 336.56793714162234, 100.02904585076784]}, "datetime": {"datetime": "2025-08-13 13:19:20", "elapsed": 12688.152760505676, "delta": 25.441033124923706}, "costs": {"total_cost": 426.30410462759363, "time_cost": 102.70400000000001, "final_distance_cost": 1.770152999931873, "oscillation_cost": 200.55737007802, "completition_cost": 0.0, "overshoot_cost": 59.02365197778408, "power_cost": 34.44922996826172, "noise_cost": 27.799699603595982, "n_waypoints_completed": 9, "tot_waypoints": 9}}
