{"target": -1289.217764287448, "params": {"k_pid_pos": [0.05544102984932906, 0.20651073929985186, 0.6753856509353875], "k_pid_alt": [0.9613285205317201, 0.13919912150162295, 0.30986551128867246], "k_pid_att": [9.177498785554095, 2.1581686093471455, 0.7326785043779149], "k_pid_yaw": [0.5, 1e-06, 0.1], "k_pid_hsp": [1.5335155284017328, 0.34095573309547444, 0.8362055490404721], "k_pid_vsp": [307.252790314524, 337.8874338068333, 110.84210473062008]}, "datetime": {"datetime": "2025-08-13 16:30:48", "elapsed": 24176.250465631485, "delta": 34.092360734939575}, "costs": {"total_cost": 1289.217764287448, "time_cost": 150, "final_distance_cost": 75.02259554986074, "oscillation_cost": 275.93193299470755, "completition_cost": 666.6666666666667, "overshoot_cost": 63.562103230814955, "power_cost": 30.992665161132813, "noise_cost": 27.041800684265183, "n_waypoints_completed": 3, "tot_waypoints": 9}}
{"target": -781.3047397883706, "params": {"k_pid_pos": [0.2902610268725314, 0.4533915204177299, 0.6478403528233024], "k_pid_alt": [0.6858401727209877, 0.9328733872459182, 0.8521058883549508], "k_pid_att": [9.862780233681834, 0.0760622494161311, 0.570421656344864], "k_pid_yaw": [0.5, 1e-06, 0.1], "k_pid_hsp": [4.076212648870434, 0.2747865052284232, 0.17416365460290473], "k_pid_vsp": [256.46194309085234, 273.7204055117127, 50.63701172652356]}, "datetime": {"datetime": "2025-08-13 16:31:21", "elapsed": 24209.125644922256, "delta": 32.875179290771484}, "costs": {"total_cost": 781.3047397883706, "time_cost": 150, "final_distance_cost": 64.37108761255037, "oscillation_cost": 220.5070023133667, "completition_cost": 222.2222222222222, "overshoot_cost": 54.81536846990126, "power_cost": 37.16056217041016, "noise_cost": 32.22849699992003, "n_waypoints_completed": 7, "tot_waypoints": 9}}
{"target": -633.6261682779575, "params": {"k_pid_pos": [0.8505253016192612, 0.45764128483820954, 0.8932440869334791], "k_pid_alt": [1.8119911175099044, 0.5436942888530897, 0.26965438920876916], "k_pid_att": [11.025109548501877, 0.5080041897380768, 0.9842203801268623], "k_pid_yaw": [0.5, 1e-06, 0.1], "k_pid_hsp": [4.971819210471748, 0.4606199016596467, 0.7372903252256905], "k_pid_vsp": [296.1906434324229, 339.23654536226803, 102.73024271355092]}, "datetime": {"datetime": "2025-08-13 16:31:57", "elapsed": 24245.83498954773, "delta": 36.70934462547302}, "costs": {"total_cost": 633.6261682779575, "time_cost": 150, "final_distance_cost": 23.753118375612328, "oscillation_cost": 235.43395441457943, "completition_cost": 111.11111111111116, "overshoot_cost": 57.555224869955666, "power_cost": 29.43666217041016, "noise_cost": 26.33609733628874, "n_waypoints_completed": 8, "tot_waypoints": 9}}
{"target": -241.23142581470893, "params": {"k_pid_pos": [0.512735418267498, 0.07248515394536414, 0.1983263605066513], "k_pid_alt": [1.3460039206237504, 0.741247775053227, 0.3917211211116176], "k_pid_att": [8.859178848699244, 3.103161224039436, 0.7109160699341689], "k_pid_yaw": [0.5, 1e-06, 0.1], "k_pid_hsp": [7.546639138070363, 0.29605534774890196, 0.0037751458929968784], "k_pid_vsp": [262.56244994245804, 273.4042117647863, 37.22949944696981]}, "datetime": {"datetime": "2025-08-13 16:32:23", "elapsed": 24271.56197333336, "delta": 25.726983785629272}, "costs": {"total_cost": 241.23142581470893, "time_cost": 85.134, "final_distance_cost": 1.8250744933145995, "oscillation_cost": 48.06863688121038, "completition_cost": 0.0, "overshoot_cost": 54.43322662050559, "power_cost": 27.049454626464843, "noise_cost": 24.721033193213525, "n_waypoints_completed": 9, "tot_waypoints": 9}}
{"target": -410.75007154046364, "params": {"k_pid_pos": [1.0861757627100084, 0.23359209697444505, 0.6572707915924114], "k_pid_alt": [1.2007609404938935, 0.6285172322814242, 0.7119235369623017], "k_pid_att": [17.044783694228528, 0.002834999702556493, 0.2749974388130755], "k_pid_yaw": [0.5, 1e-06, 0.1], "k_pid_hsp": [4.185073388080214, 0.35532613158171356, 0.5988799054431752], "k_pid_vsp": [295.3179417954862, 337.35470291863624, 99.72666482074217]}, "datetime": {"datetime": "2025-08-13 16:32:52", "elapsed": 24300.411911010742, "delta": 28.849937677383423}, "costs": {"total_cost": 410.75007154046364, "time_cost": 80.164, "final_distance_cost": 1.7676126696972787, "oscillation_cost": 235.15695908660354, "completition_cost": 0.0, "overshoot_cost": 51.850936585487496, "power_cost": 21.792198657226564, "noise_cost": 20.01836454144881, "n_waypoints_completed": 9, "tot_waypoints": 9}}
{"target": -1164.7722260337077, "params": {"k_pid_pos": [0.643266933168859, 0.1074356242682366, 0.9683437244266129], "k_pid_alt": [1.9434843281630487, 0.10392750817225649, 0.35128678923709344], "k_pid_att": [29.32568027849899, 4.18666141307603, 0.2933640395054148], "k_pid_yaw": [0.5, 1e-06, 0.1], "k_pid_hsp": [1.774684642609371, 0.1328541779496466, 0.9496950199362318], "k_pid_vsp": [314.3717732051963, 334.99680767464287, 98.55090812778752]}, "datetime": {"datetime": "2025-08-13 16:33:31", "elapsed": 24338.990603208542, "delta": 38.57869219779968}, "costs": {"total_cost": 1164.7722260337077, "time_cost": 150, "final_distance_cost": 69.73674743650842, "oscillation_cost": 612.4559980720508, "completition_cost": 222.2222222222222, "overshoot_cost": 51.85566187604796, "power_cost": 31.08972525634766, "noise_cost": 27.41187117053074, "n_waypoints_completed": 7, "tot_waypoints": 9}}
{"target": -1346.4266739643451, "params": {"k_pid_pos": [0.475401342134772, 0.812535910066802, 0.6160301001202598], "k_pid_alt": [1.9937470459702051, 0.7316984605143633, 0.2105168357351933], "k_pid_att": [13.44269291416138, 6.43593557918325, 0.277341544104172], "k_pid_yaw": [0.5, 1e-06, 0.1], "k_pid_hsp": [1.130420275829214, 0.09316064903773735, 0.8090563135741893], "k_pid_vsp": [259.4773717882013, 280.3484453462987, 55.64162800962298]}, "datetime": {"datetime": "2025-08-13 16:34:09", "elapsed": 24377.214074373245, "delta": 38.22347116470337}, "costs": {"total_cost": 1346.4266739643451, "time_cost": 150, "final_distance_cost": 46.0995031799977, "oscillation_cost": 461.39876726456055, "completition_cost": 555.5555555555555, "overshoot_cost": 62.069892304942286, "power_cost": 38.60927608642578, "noise_cost": 32.693679572863466, "n_waypoints_completed": 4, "tot_waypoints": 9}}
{"target": -404.4384974532659, "params": {"k_pid_pos": [0.520075003259932, 0.8340853425724247, 0.865481890957121], "k_pid_alt": [0.4685198725812747, 0.1785517488326679, 0.02807397370255904], "k_pid_att": [6.5236633673292355, 4.258141285172742, 0.9266761241075349], "k_pid_yaw": [0.5, 1e-06, 0.1], "k_pid_hsp": [9.654463880925219, 0.04628326270753125, 0.7472207148028652], "k_pid_vsp": [167.610205862074, 32.80951087466039, 17.06715370511724]}, "datetime": {"datetime": "2025-08-13 16:34:40", "elapsed": 24408.93826198578, "delta": 31.72418761253357}, "costs": {"total_cost": 404.4384974532659, "time_cost": 118.349, "final_distance_cost": 1.749287601262257, "oscillation_cost": 167.8457603072305, "completition_cost": 0.0, "overshoot_cost": 59.75330253474527, "power_cost": 29.02131297607422, "noise_cost": 27.71983403395365, "n_waypoints_completed": 9, "tot_waypoints": 9}}
{"target": -1124.81569127357, "params": {"k_pid_pos": [0.8515834194171844, 0.28644142269039474, 0.5316662390275005], "k_pid_alt": [0.5146443358583741, 0.054969536812892184, 0.43957107025757614], "k_pid_att": [15.697749326973277, 7.969502145438207, 0.8184837070644957], "k_pid_yaw": [0.5, 1e-06, 0.1], "k_pid_hsp": [1.4272499878991434, 0.6086341742421775, 0.9883796927330845], "k_pid_vsp": [304.5880896295229, 349.5694517640583, 115.01937657791424]}, "datetime": {"datetime": "2025-08-13 16:35:14", "elapsed": 24442.07920217514, "delta": 33.14094018936157}, "costs": {"total_cost": 1124.81569127357, "time_cost": 150, "final_distance_cost": 50.3496121421313, "oscillation_cost": 363.67195499059756, "completition_cost": 444.4444444444444, "overshoot_cost": 49.18560000343514, "power_cost": 37.06806773681641, "noise_cost": 30.096011956145283, "n_waypoints_completed": 5, "tot_waypoints": 9}}
{"target": -921.6427563896976, "params": {"k_pid_pos": [0.5334455775070762, 0.24122901489046056, 0.8141645948101186], "k_pid_alt": [0.036126675095676575, 0.4157937298802675, 0.9043803730481843], "k_pid_att": [10.400986900536413, 6.111428992183811, 0.9688053862447029], "k_pid_yaw": [0.5, 1e-06, 0.1], "k_pid_hsp": [7.138378118423068, 0.6172003793444922, 0.4403910223226949], "k_pid_vsp": [249.68892477719064, 271.5184593851137, 50.727503528119016]}, "datetime": {"datetime": "2025-08-13 16:35:47", "elapsed": 24475.87488269806, "delta": 33.7956805229187}, "costs": {"total_cost": 921.6427563896976, "time_cost": 150, "final_distance_cost": 58.864529320177304, "oscillation_cost": 258.0521349292893, "completition_cost": 333.33333333333337, "overshoot_cost": 59.336896794263666, "power_cost": 31.875757104492187, "noise_cost": 30.1801049081417, "n_waypoints_completed": 6, "tot_waypoints": 9}}
{"target": -547.4682122572207, "params": {"k_pid_pos": [1.0179854079055446, 0.45952822244583913, 0.051054156901101044], "k_pid_alt": [0.8822488240124218, 0.1407535662828746, 0.6540489086584236], "k_pid_att": [42.53103371975722, 5.404919738570871, 0.1471987770578005], "k_pid_yaw": [0.5, 1e-06, 0.1], "k_pid_hsp": [4.074681241306414, 0.6234278464983378, 0.24144279744988018], "k_pid_vsp": [247.2228539225143, 281.873386692553, 50.630193053963595]}, "datetime": {"datetime": "2025-08-13 16:36:16", "elapsed": 24504.904198646545, "delta": 29.029315948486328}, "costs": {"total_cost": 547.4682122572207, "time_cost": 102.10900000000001, "final_distance_cost": 1.7438668512432378, "oscillation_cost": 330.9041953901137, "completition_cost": 0.0, "overshoot_cost": 53.44071953569232, "power_cost": 32.87139633789063, "noise_cost": 26.39903414228077, "n_waypoints_completed": 9, "tot_waypoints": 9}}
{"target": -284.6399913084625, "params": {"k_pid_pos": [1.4648367065044257, 0.4562225258870687, 0.39204526033928766], "k_pid_alt": [1.1414350558881268, 0.36343885466215403, 0.46064293655058836], "k_pid_att": [8.691697096324603, 6.573231812834676, 0.6415851201282581], "k_pid_yaw": [0.5, 1e-06, 0.1], "k_pid_hsp": [7.686231549518726, 0.2969037401306128, 0.17499933944608745], "k_pid_vsp": [312.869083997417, 323.95966161572466, 102.92497422933889]}, "datetime": {"datetime": "2025-08-13 16:36:39", "elapsed": 24527.149850845337, "delta": 22.245652198791504}, "costs": {"total_cost": 284.6399913084625, "time_cost": 79.177, "final_distance_cost": 1.7775828122009463, "oscillation_cost": 113.21159834590968, "completition_cost": 0.0, "overshoot_cost": 50.94855217871206, "power_cost": 20.673430798339844, "noise_cost": 18.85182717329996, "n_waypoints_completed": 9, "tot_waypoints": 9}}
{"target": -897.3954682537122, "params": {"k_pid_pos": [0.05478185872958061, 0.977099042754724, 0.2063184353079731], "k_pid_alt": [0.587284787175782, 0.2515438582535606, 0.061290808448685175], "k_pid_att": [15.332111079188804, 4.413990873227373, 0.18432668393551077], "k_pid_yaw": [0.5, 1e-06, 0.1], "k_pid_hsp": [8.319361153338171, 0.7814185318330286, 0.3238460610883658], "k_pid_vsp": [171.6710607726897, 7.450728964106299, 19.824579528135306]}, "datetime": {"datetime": "2025-08-13 16:37:14", "elapsed": 24562.557334899902, "delta": 35.40748405456543}, "costs": {"total_cost": 897.3954682537122, "time_cost": 150, "final_distance_cost": 59.1379989468284, "oscillation_cost": 188.5602387191496, "completition_cost": 333.33333333333337, "overshoot_cost": 78.73680711342975, "power_cost": 48.567910668945316, "noise_cost": 39.05917947202574, "n_waypoints_completed": 6, "tot_waypoints": 9}}
{"target": -345.33744375200274, "params": {"k_pid_pos": [1.292263193248351, 0.148170167777243, 0.18917813008775208], "k_pid_alt": [1.2594817968656915, 0.542608291741665, 0.4094769564314482], "k_pid_att": [37.27445799062474, 9.055724547197805, 0.8296579021954644], "k_pid_yaw": [0.5, 1e-06, 0.1], "k_pid_hsp": [7.019697259653952, 0.7091501904733459, 0.6071204453128097], "k_pid_vsp": [222.697174284761, 280.7633808367901, 40.639145488064116]}, "datetime": {"datetime": "2025-08-13 16:37:36", "elapsed": 24584.677047729492, "delta": 22.119712829589844}, "costs": {"total_cost": 345.33744375200274, "time_cost": 74.802, "final_distance_cost": 1.7505429099035543, "oscillation_cost": 180.57200117672897, "completition_cost": 0.0, "overshoot_cost": 51.099938199694805, "power_cost": 19.073652990722657, "noise_cost": 18.039308474952673, "n_waypoints_completed": 9, "tot_waypoints": 9}}
{"target": -446.34269822146894, "params": {"k_pid_pos": [1.2634604355342687, 0.8350198030701625, 0.5223591473455134], "k_pid_alt": [1.8689420167420971, 0.345462723684015, 0.42752974734907323], "k_pid_att": [15.615990854363837, 3.4104812264138293, 0.715885694759593], "k_pid_yaw": [0.5, 1e-06, 0.1], "k_pid_hsp": [6.097693681386431, 0.7070446340623453, 0.9051831883936885], "k_pid_vsp": [289.40570775692305, 324.62674716775643, 103.30705900869098]}, "datetime": {"datetime": "2025-08-13 16:38:04", "elapsed": 24612.808065891266, "delta": 28.13101816177368}, "costs": {"total_cost": 446.34269822146894, "time_cost": 99.771, "final_distance_cost": 1.7908896464998574, "oscillation_cost": 232.98043270340324, "completition_cost": 0.0, "overshoot_cost": 55.740584558484365, "power_cost": 30.436237646484376, "noise_cost": 25.623553666597083, "n_waypoints_completed": 9, "tot_waypoints": 9}}
{"target": -447.24076164515645, "params": {"k_pid_pos": [1.594239245003632, 0.9116285051815671, 0.5287525595151283], "k_pid_alt": [1.917202851974562, 0.6005016306852573, 0.7440653561148465], "k_pid_att": [17.289562806712578, 9.036480660153677, 0.28496969650480375], "k_pid_yaw": [0.5, 1e-06, 0.1], "k_pid_hsp": [7.639896893757862, 0.29716818915334864, 0.357916516657954], "k_pid_vsp": [286.7354308454885, 334.9047725709475, 113.59820495417824]}, "datetime": {"datetime": "2025-08-13 16:38:32", "elapsed": 24640.084245681763, "delta": 27.276179790496826}, "costs": {"total_cost": 447.24076164515645, "time_cost": 93.59, "final_distance_cost": 1.7393452399234421, "oscillation_cost": 246.24326822744797, "completition_cost": 0.0, "overshoot_cost": 56.23023631316528, "power_cost": 26.018070080566407, "noise_cost": 23.419841784053343, "n_waypoints_completed": 9, "tot_waypoints": 9}}
{"target": -831.3678319400697, "params": {"k_pid_pos": [0.5295752272998463, 0.768590608737854, 0.7765031489441123], "k_pid_alt": [1.2745689284144224, 0.9843537300147029, 0.6892738964007127], "k_pid_att": [5.236698667658313, 1.9021399238256929, 0.9690480968096857], "k_pid_yaw": [0.5, 1e-06, 0.1], "k_pid_hsp": [4.051654696600163, 0.9351263013107127, 0.9811511180544776], "k_pid_vsp": [307.7745511619428, 320.9334863087421, 100.75519421601449]}, "datetime": {"datetime": "2025-08-13 16:39:08", "elapsed": 24676.018614768982, "delta": 35.93436908721924}, "costs": {"total_cost": 831.3678319400697, "time_cost": 150, "final_distance_cost": 69.96990539979669, "oscillation_cost": 158.88657350844954, "completition_cost": 333.33333333333337, "overshoot_cost": 58.66344205788173, "power_cost": 32.165117504882815, "noise_cost": 28.34946013572556, "n_waypoints_completed": 6, "tot_waypoints": 9}}
{"target": -470.48233032689666, "params": {"k_pid_pos": [1.9114939200129124, 0.046763589039089615, 0.9000257854263901], "k_pid_alt": [0.6750957597971776, 0.4205863630785609, 0.22314418316015316], "k_pid_att": [14.633783138202915, 7.3792011923890914, 0.21110898638801656], "k_pid_yaw": [0.5, 1e-06, 0.1], "k_pid_hsp": [8.77538178537536, 0.0025158567780805274, 0.7354656433681303], "k_pid_vsp": [191.6139241216569, 304.405145872525, 17.11997129179432]}, "datetime": {"datetime": "2025-08-13 16:39:38", "elapsed": 24706.731615304947, "delta": 30.713000535964966}, "costs": {"total_cost": 470.48233032689666, "time_cost": 84.35000000000001, "final_distance_cost": 1.7418681548006811, "oscillation_cost": 297.67999165310704, "completition_cost": 0.0, "overshoot_cost": 52.20819369832587, "power_cost": 15.256948571777345, "noise_cost": 19.245328248885713, "n_waypoints_completed": 9, "tot_waypoints": 9}}
{"target": -598.4758638277717, "params": {"k_pid_pos": [0.7554522870544372, 0.7855813489396902, 0.5777513420467109], "k_pid_alt": [0.844086445369536, 0.5093590108117739, 0.29788385207516166], "k_pid_att": [22.133527775827012, 4.457041385324116, 0.14086623374444585], "k_pid_yaw": [0.5, 1e-06, 0.1], "k_pid_hsp": [9.637517739967883, 0.8059074057083072, 0.038247485726223496], "k_pid_vsp": [290.1943168538618, 346.2746323121488, 106.60247165449739]}, "datetime": {"datetime": "2025-08-13 16:40:16", "elapsed": 24744.43657565117, "delta": 37.704960346221924}, "costs": {"total_cost": 598.4758638277717, "time_cost": 105.11200000000001, "final_distance_cost": 1.8017705775995014, "oscillation_cost": 378.87951865971667, "completition_cost": 0.0, "overshoot_cost": 55.428303915855544, "power_cost": 29.43665224609375, "noise_cost": 27.817618428506197, "n_waypoints_completed": 9, "tot_waypoints": 9}}
{"target": -637.3361540523837, "params": {"k_pid_pos": [1.599807611997773, 0.5992391020800446, 0.9316464315393009], "k_pid_alt": [1.255501629840735, 0.4234790576690769, 0.08060264389821092], "k_pid_att": [36.619124223870344, 4.977449288515875, 0.1361772656906527], "k_pid_yaw": [0.5, 1e-06, 0.1], "k_pid_hsp": [5.184153290336277, 0.23226379829263744, 0.3978309778054824], "k_pid_vsp": [240.28827518431095, 281.72663438724754, 50.96941412196855]}, "datetime": {"datetime": "2025-08-13 16:40:44", "elapsed": 24772.758831501007, "delta": 28.322255849838257}, "costs": {"total_cost": 637.3361540523837, "time_cost": 97.209, "final_distance_cost": 1.7936803995830046, "oscillation_cost": 421.4930269493145, "completition_cost": 0.0, "overshoot_cost": 57.64137804310933, "power_cost": 32.95670928955078, "noise_cost": 26.242359370826044, "n_waypoints_completed": 9, "tot_waypoints": 9}}
{"target": -443.91003327744545, "params": {"k_pid_pos": [1.754720945745642, 0.1929379086206786, 0.09518252124818438], "k_pid_alt": [1.6011229487278287, 0.5351413246194004, 0.5452527765933874], "k_pid_att": [23.61137832699661, 3.77220328050705, 0.7547142385192377], "k_pid_yaw": [0.5, 1e-06, 0.1], "k_pid_hsp": [5.250562556471515, 0.49622034327521936, 0.9164832169822356], "k_pid_vsp": [164.11210145031262, 32.49288583885767, 0.7933306119907457]}, "datetime": {"datetime": "2025-08-13 16:41:12", "elapsed": 24800.226881980896, "delta": 27.468050479888916}, "costs": {"total_cost": 443.91003327744545, "time_cost": 90.741, "final_distance_cost": 1.766324361334114, "oscillation_cost": 242.2585413935948, "completition_cost": 0.0, "overshoot_cost": 55.65973831229131, "power_cost": 26.592372290039062, "noise_cost": 26.892056920186103, "n_waypoints_completed": 9, "tot_waypoints": 9}}
{"target": -1473.7641690886742, "params": {"k_pid_pos": [0.490675750333589, 0.5445523188061246, 0.45858527528972937], "k_pid_alt": [0.1706824359148036, 0.6269706582745455, 0.3665325967012151], "k_pid_att": [10.635638642080036, 8.59087923209018, 0.2616065091313493], "k_pid_yaw": [0.5, 1e-06, 0.1], "k_pid_hsp": [1.692804477099088, 0.7979007725242184, 0.4551653942831595], "k_pid_vsp": [308.787866319326, 320.9790142031459, 95.38287273113872]}, "datetime": {"datetime": "2025-08-13 16:41:45", "elapsed": 24833.129081726074, "delta": 32.90219974517822}, "costs": {"total_cost": 1473.7641690886742, "time_cost": 150, "final_distance_cost": 84.36161415640453, "oscillation_cost": 345.86543191765196, "completition_cost": 777.7777777777778, "overshoot_cost": 45.43396111814829, "power_cost": 39.30465065917969, "noise_cost": 31.020733459511906, "n_waypoints_completed": 2, "tot_waypoints": 9}}
{"target": -709.7358338637295, "params": {"k_pid_pos": [1.3871169684292033, 0.9943648418568483, 0.2566276731460764], "k_pid_alt": [0.13964394901944788, 0.5768246153570517, 0.32296914292660883], "k_pid_att": [14.42215365041486, 4.417329023277563, 0.7690799758406458], "k_pid_yaw": [0.5, 1e-06, 0.1], "k_pid_hsp": [6.546142307793393, 0.8419554781886013, 0.26203450384877036], "k_pid_vsp": [311.2996605355791, 332.32861033309064, 94.97075206898678]}, "datetime": {"datetime": "2025-08-13 16:42:21", "elapsed": 24869.673909425735, "delta": 36.544827699661255}, "costs": {"total_cost": 709.7358338637295, "time_cost": 150, "final_distance_cost": 75.09813800188498, "oscillation_cost": 138.2415608731504, "completition_cost": 222.2222222222222, "overshoot_cost": 66.46510167374993, "power_cost": 29.216852954101565, "noise_cost": 28.49195813862034, "n_waypoints_completed": 7, "tot_waypoints": 9}}
{"target": -826.9077309266262, "params": {"k_pid_pos": [0.33418322371928844, 0.8379233721653487, 0.01391881108137516], "k_pid_alt": [0.8850797619469448, 0.68224312792731, 0.6237848329001897], "k_pid_att": [11.61967421772544, 9.839681981017552, 0.35093488969251196], "k_pid_yaw": [0.5, 1e-06, 0.1], "k_pid_hsp": [4.966465382234124, 0.21305675584864703, 0.22552910870766985], "k_pid_vsp": [305.2600152664101, 345.1041102917359, 106.71302311115278]}, "datetime": {"datetime": "2025-08-13 16:42:57", "elapsed": 24905.437781572342, "delta": 35.763872146606445}, "costs": {"total_cost": 826.9077309266262, "time_cost": 150, "final_distance_cost": 77.12199794135715, "oscillation_cost": 151.3398769563309, "completition_cost": 333.33333333333337, "overshoot_cost": 55.58510320343433, "power_cost": 31.02714920654297, "noise_cost": 28.500270285627533, "n_waypoints_completed": 6, "tot_waypoints": 9}}
