{"target": -595.8160314296972, "params": {"k_pid_pos": [1.7740190181493274, 0.5394520133697288, 0.8970974047924979], "k_pid_alt": [0.15176776867281738, 0.5543128806029706, 0.9453351182562685], "k_pid_att": [15.321913566162959, 8.163639607523272, 0.3885988493178655], "k_pid_yaw": [0.5, 1e-06, 0.1], "k_pid_hsp": [2.099121274176488, 0.9857363831553507, 0.12631292207041267], "k_pid_vsp": [276.91104831670896, 341.89652936408123, 102.16810658797982]}, "datetime": {"datetime": "2025-08-13 20:56:17", "elapsed": 40105.607919454575, "delta": 33.00002837181091}, "costs": {"total_cost": 595.8160314296972, "time_cost": 118.167, "final_distance_cost": 1.7783314116089415, "oscillation_cost": 343.2276258710621, "completition_cost": 0.0, "overshoot_cost": 65.23740800228256, "power_cost": 35.39929661865234, "noise_cost": 32.006369526091206, "n_waypoints_completed": 9, "tot_waypoints": 9}}
{"target": -343.9245622641528, "params": {"k_pid_pos": [1.9677868298940622, 0.5891023473586419, 0.9293655903606421], "k_pid_alt": [1.313547102986341, 0.5331133730742984, 0.5413181610311174], "k_pid_att": [3.3877765183631614, 5.037887549072623, 0.9516718142517926], "k_pid_yaw": [0.5, 1e-06, 0.1], "k_pid_hsp": [1.4357773774678977, 0.672085151315865, 0.7793343476853877], "k_pid_vsp": [307.7612981465704, 352.1820669966409, 112.01594909426635]}, "datetime": {"datetime": "2025-08-13 20:56:46", "elapsed": 40134.623519182205, "delta": 29.015599727630615}, "costs": {"total_cost": 343.9245622641528, "time_cost": 95.97, "final_distance_cost": 1.733776310750833, "oscillation_cost": 129.8256518629219, "completition_cost": 0.0, "overshoot_cost": 70.2629145093212, "power_cost": 24.75692049560547, "noise_cost": 21.375299085553415, "n_waypoints_completed": 9, "tot_waypoints": 9}}
{"target": -343.40292772955615, "params": {"k_pid_pos": [0.2546722193046727, 0.3571705952746812, 0.08944551611893004], "k_pid_alt": [1.2288719541789408, 0.5637388579363981, 0.8266771549367616], "k_pid_att": [9.071766186137943, 9.536460903141178, 0.956013809964036], "k_pid_yaw": [0.5, 1e-06, 0.1], "k_pid_hsp": [8.059679394894713, 0.9112294452363644, 0.3720005074472448], "k_pid_vsp": [300.2350426996513, 334.20249637683014, 97.30751356575179]}, "datetime": {"datetime": "2025-08-13 20:57:16", "elapsed": 40163.96588039398, "delta": 29.342361211776733}, "costs": {"total_cost": 343.40292772955615, "time_cost": 105.175, "final_distance_cost": 1.7973536952063875, "oscillation_cost": 127.01425532896238, "completition_cost": 0.0, "overshoot_cost": 57.52963375879419, "power_cost": 26.888648278808596, "noise_cost": 24.998036667784636, "n_waypoints_completed": 9, "tot_waypoints": 9}}
{"target": -852.5455997146369, "params": {"k_pid_pos": [0.472041931256773, 0.9176113698733094, 0.25807724257482734], "k_pid_alt": [1.9064543184266654, 0.9827887676307272, 0.2991219651500254], "k_pid_att": [14.042861043041821, 4.564418976770871, 0.9476401195060148], "k_pid_yaw": [0.5, 1e-06, 0.1], "k_pid_hsp": [2.3344376007338337, 0.355441452507095, 0.6268920235981067], "k_pid_vsp": [281.6764607171935, 333.28810109443896, 111.07996263775264]}, "datetime": {"datetime": "2025-08-13 20:57:50", "elapsed": 40198.77655982971, "delta": 34.81067943572998}, "costs": {"total_cost": 852.5455997146369, "time_cost": 150, "final_distance_cost": 66.28203759383157, "oscillation_cost": 172.16803527232832, "completition_cost": 333.33333333333337, "overshoot_cost": 53.43724411218366, "power_cost": 43.100405102539064, "noise_cost": 34.22454430042096, "n_waypoints_completed": 6, "tot_waypoints": 9}}
{"target": -892.4071046055317, "params": {"k_pid_pos": [0.09977470433942004, 0.8500352961869091, 0.3371291753123449], "k_pid_alt": [0.9938974426788507, 0.8268825540643394, 0.7118355244741095], "k_pid_att": [14.695374723035993, 8.501428426624011, 0.7787759845181284], "k_pid_yaw": [0.5, 1e-06, 0.1], "k_pid_hsp": [2.177114897187239, 0.48142703887282057, 0.5114684356531162], "k_pid_vsp": [161.02445212713044, 26.695418595716525, 5.094030392074601]}, "datetime": {"datetime": "2025-08-13 20:58:29", "elapsed": 40237.605679273605, "delta": 38.82911944389343}, "costs": {"total_cost": 892.4071046055317, "time_cost": 150, "final_distance_cost": 54.966808491587436, "oscillation_cost": 211.26329704672017, "completition_cost": 333.33333333333337, "overshoot_cost": 71.10613176675707, "power_cost": 35.79767585449219, "noise_cost": 35.93985811264145, "n_waypoints_completed": 6, "tot_waypoints": 9}}
{"target": -442.72773301189216, "params": {"k_pid_pos": [1.8019612854780427, 0.42297644635218956, 0.7067002560092663], "k_pid_alt": [0.4553020092622786, 0.8678136871224569, 0.46576558204778806], "k_pid_att": [21.28454207903617, 4.705126589645467, 0.9953585617996986], "k_pid_yaw": [0.5, 1e-06, 0.1], "k_pid_hsp": [4.98160707280965, 0.9477800708791495, 0.17916389576247593], "k_pid_vsp": [288.054860913397, 333.6162923005543, 94.07450456473818]}, "datetime": {"datetime": "2025-08-13 20:59:00", "elapsed": 40268.82329916954, "delta": 31.21761989593506}, "costs": {"total_cost": 442.72773301189216, "time_cost": 107.044, "final_distance_cost": 1.7320266497679897, "oscillation_cost": 217.9758589335983, "completition_cost": 0.0, "overshoot_cost": 60.980111565282336, "power_cost": 28.01338122558594, "noise_cost": 26.982354637657583, "n_waypoints_completed": 9, "tot_waypoints": 9}}
{"target": -347.3248256841409, "params": {"k_pid_pos": [1.2623066020044076, 0.41288883710540136, 0.2642635746483284], "k_pid_alt": [1.5686567546668662, 0.028162925191729693, 0.38659312458040107], "k_pid_att": [22.713733225254284, 2.1226883477509504, 0.9671983619034147], "k_pid_yaw": [0.5, 1e-06, 0.1], "k_pid_hsp": [5.65055067792688, 0.8966492102773737, 0.8058752527919848], "k_pid_vsp": [247.44459336983016, 271.5908982693411, 54.48266443527902]}, "datetime": {"datetime": "2025-08-13 20:59:26", "elapsed": 40294.94012928009, "delta": 26.116830110549927}, "costs": {"total_cost": 347.3248256841409, "time_cost": 77.343, "final_distance_cost": 1.733069682396888, "oscillation_cost": 173.39038055546536, "completition_cost": 0.0, "overshoot_cost": 52.11271877147574, "power_cost": 22.644210302734376, "noise_cost": 20.101446372068512, "n_waypoints_completed": 9, "tot_waypoints": 9}}
{"target": -501.40657857508324, "params": {"k_pid_pos": [1.2434299560948932, 0.014931309299333617, 0.09264083459779415], "k_pid_alt": [1.265692163065753, 0.1485169215845068, 0.18336150198246304], "k_pid_att": [49.641348332991264, 4.7326545682028485, 0.5499899594470714], "k_pid_yaw": [0.5, 1e-06, 0.1], "k_pid_hsp": [9.973998153221698, 0.8318906443387948, 0.9415401743369051], "k_pid_vsp": [250.03824875873804, 279.4373715345056, 52.0416013557621]}, "datetime": {"datetime": "2025-08-13 20:59:51", "elapsed": 40319.67277312279, "delta": 24.732643842697144}, "costs": {"total_cost": 501.40657857508324, "time_cost": 83.71300000000001, "final_distance_cost": 1.7866099550391692, "oscillation_cost": 314.82152090788514, "completition_cost": 0.0, "overshoot_cost": 52.393889110402895, "power_cost": 27.109363891601564, "noise_cost": 21.5821947101545, "n_waypoints_completed": 9, "tot_waypoints": 9}}
{"target": -815.1462906771254, "params": {"k_pid_pos": [1.8134874461415078, 0.9128679874114944, 0.11905785335643082], "k_pid_alt": [0.7278296184267703, 0.668411030116685, 0.31102519878836654], "k_pid_att": [11.243869289989107, 4.680232095129062, 0.11441603906506548], "k_pid_yaw": [0.5, 1e-06, 0.1], "k_pid_hsp": [3.867280343437443, 0.9469472174296263, 0.3087894765591801], "k_pid_vsp": [314.53137862440957, 346.4182128822638, 101.42536708000239]}, "datetime": {"datetime": "2025-08-13 21:00:24", "elapsed": 40352.95166969299, "delta": 33.27889657020569}, "costs": {"total_cost": 815.1462906771254, "time_cost": 150, "final_distance_cost": 67.58976527187886, "oscillation_cost": 139.0060516694782, "completition_cost": 333.33333333333337, "overshoot_cost": 65.87614675514598, "power_cost": 30.763108740234376, "noise_cost": 28.577884907054617, "n_waypoints_completed": 6, "tot_waypoints": 9}}
{"target": -1036.931192376436, "params": {"k_pid_pos": [1.7225982135567133, 0.39449189166293364, 0.2893990770714844], "k_pid_alt": [0.22644726760640999, 0.07811873642685685, 0.9466539250769385], "k_pid_att": [0.9169068705173977, 0.08220068205635049, 0.17417033083889766], "k_pid_yaw": [0.5, 1e-06, 0.1], "k_pid_hsp": [9.835438411921166, 0.6828138656681672, 0.7592584476202056], "k_pid_vsp": [270.42305305017726, 281.3907503040226, 35.70035284791615]}, "datetime": {"datetime": "2025-08-13 21:01:03", "elapsed": 40391.70424437523, "delta": 38.75257468223572}, "costs": {"total_cost": 1036.931192376436, "time_cost": 150, "final_distance_cost": 68.12483136460806, "oscillation_cost": 124.94577669462842, "completition_cost": 555.5555555555555, "overshoot_cost": 58.53885443653405, "power_cost": 44.640396618652346, "noise_cost": 35.125777706457725, "n_waypoints_completed": 4, "tot_waypoints": 9}}
{"target": -390.8911834766787, "params": {"k_pid_pos": [1.6555605727971259, 0.7791111965196086, 0.7873247327237263], "k_pid_alt": [0.4483976702120849, 0.8612885781036862, 0.42942899787911903], "k_pid_att": [5.3528454167859, 6.55172914626832, 0.4428591812149577], "k_pid_yaw": [0.5, 1e-06, 0.1], "k_pid_hsp": [9.349380562924349, 0.4849860500043556, 0.111572467319074], "k_pid_vsp": [300.6008988542958, 341.45534676610396, 89.23396698391268]}, "datetime": {"datetime": "2025-08-13 21:01:36", "elapsed": 40424.19520401955, "delta": 32.49095964431763}, "costs": {"total_cost": 390.8911834766787, "time_cost": 108.143, "final_distance_cost": 1.772898179803004, "oscillation_cost": 157.92267641666228, "completition_cost": 0.0, "overshoot_cost": 61.33439646366922, "power_cost": 32.54667292480469, "noise_cost": 29.171539491739484, "n_waypoints_completed": 9, "tot_waypoints": 9}}
{"target": -866.6270860864752, "params": {"k_pid_pos": [0.3130055701899203, 0.052377340024748587, 0.8882773836802959], "k_pid_alt": [0.22220888807107442, 0.30541415567952046, 0.953519515162267], "k_pid_att": [6.031364539137574, 0.1975838951560351, 0.5676332772489238], "k_pid_yaw": [0.5, 1e-06, 0.1], "k_pid_hsp": [5.509079832626998, 0.5418286511499636, 0.7138467824661308], "k_pid_vsp": [303.93208098209965, 339.1362993312969, 123.20665519081015]}, "datetime": {"datetime": "2025-08-13 21:02:11", "elapsed": 40459.320728302, "delta": 35.125524282455444}, "costs": {"total_cost": 866.6270860864752, "time_cost": 150, "final_distance_cost": 80.27182057182108, "oscillation_cost": 191.77967542114183, "completition_cost": 333.33333333333337, "overshoot_cost": 61.00563820950072, "power_cost": 24.792003149414064, "noise_cost": 25.44461540126409, "n_waypoints_completed": 6, "tot_waypoints": 9}}
{"target": -623.5201271241048, "params": {"k_pid_pos": [0.6887844791956642, 0.48951193827163875, 0.7218700319038415], "k_pid_alt": [1.56956489555974, 0.9721037276344471, 0.9229015760593514], "k_pid_att": [8.56934901485059, 2.1027999279565925, 0.012897388719204095], "k_pid_yaw": [0.5, 1e-06, 0.1], "k_pid_hsp": [7.167146499196741, 0.3814948001989611, 0.5499831418125883], "k_pid_vsp": [274.64961159096055, 332.86213560616363, 105.91606452082945]}, "datetime": {"datetime": "2025-08-13 21:02:42", "elapsed": 40490.66013431549, "delta": 31.33940601348877}, "costs": {"total_cost": 623.5201271241048, "time_cost": 113.48400000000001, "final_distance_cost": 1.7904118812819652, "oscillation_cost": 393.2426668792935, "completition_cost": 0.0, "overshoot_cost": 59.99173099758488, "power_cost": 27.569034326171877, "noise_cost": 27.44228303977255, "n_waypoints_completed": 9, "tot_waypoints": 9}}
{"target": -442.2309936400281, "params": {"k_pid_pos": [0.8255526998610987, 0.7475364817929467, 0.6667424692115612], "k_pid_alt": [1.1519124932335085, 0.007352026791764499, 0.3238571052073581], "k_pid_att": [9.348682500105499, 3.861877102321121, 0.15400745191847687], "k_pid_yaw": [0.5, 1e-06, 0.1], "k_pid_hsp": [7.118036591618484, 0.2721673009587, 0.2687151473084006], "k_pid_vsp": [304.40039901941753, 338.38393097496, 96.68052109360089]}, "datetime": {"datetime": "2025-08-13 21:03:13", "elapsed": 40521.558183431625, "delta": 30.898049116134644}, "costs": {"total_cost": 442.2309936400281, "time_cost": 88.102, "final_distance_cost": 1.770252077071978, "oscillation_cost": 251.80498495106238, "completition_cost": 0.0, "overshoot_cost": 51.55794199208236, "power_cost": 26.406161889648438, "noise_cost": 22.58965273016292, "n_waypoints_completed": 9, "tot_waypoints": 9}}
{"target": -261.1355446149659, "params": {"k_pid_pos": [2.0, 0.14387513107469685, 1.0], "k_pid_alt": [1.1438289325371942, 1.0, 0.9003914214756984], "k_pid_att": [22.236288723483316, 5.409887177881317, 1.0], "k_pid_yaw": [0.5, 1e-06, 0.1], "k_pid_hsp": [7.934659392657183, 0.7749011263735129, 0.0], "k_pid_vsp": [316.20652349718813, 328.2955381512838, 99.93666591478775]}, "datetime": {"datetime": "2025-08-13 21:03:41", "elapsed": 40549.5486934185, "delta": 27.99050998687744}, "costs": {"total_cost": 261.1355446149659, "time_cost": 90.405, "final_distance_cost": 1.7991360543636947, "oscillation_cost": 67.26494349576134, "completition_cost": 0.0, "overshoot_cost": 56.20375213748355, "power_cost": 23.58960202636719, "noise_cost": 21.873110900990106, "n_waypoints_completed": 9, "tot_waypoints": 9}}
{"target": -1092.7425158014491, "params": {"k_pid_pos": [0.3506033754036929, 0.6085729200830259, 0.6077839379461283], "k_pid_alt": [0.1652291857971433, 0.07988492118045454, 0.2425332006279337], "k_pid_att": [33.67501555848522, 9.542480578168462, 0.4182617756667638], "k_pid_yaw": [0.5, 1e-06, 0.1], "k_pid_hsp": [9.138831520456577, 0.7612488971179613, 0.9819367063161634], "k_pid_vsp": [223.55801300001934, 281.6528089081484, 43.129926637924505]}, "datetime": {"datetime": "2025-08-13 21:04:17", "elapsed": 40585.002631664276, "delta": 35.453938245773315}, "costs": {"total_cost": 1092.7425158014491, "time_cost": 150, "final_distance_cost": 63.004441732174755, "oscillation_cost": 555.5074268007139, "completition_cost": 222.2222222222222, "overshoot_cost": 49.65812626097893, "power_cost": 26.01990767822266, "noise_cost": 26.33039110713679, "n_waypoints_completed": 7, "tot_waypoints": 9}}
{"target": -349.9522921772746, "params": {"k_pid_pos": [1.3565493645130147, 0.12442231421111505, 0.37847180913699696], "k_pid_alt": [0.504931121112252, 0.4964150664629493, 0.9827392176196453], "k_pid_att": [18.061581623764987, 0.9237545111908899, 0.9787222726806218], "k_pid_yaw": [0.5, 1e-06, 0.1], "k_pid_hsp": [6.183174389945542, 0.20201603830178694, 0.1767722868520728], "k_pid_vsp": [191.3384309084118, 293.0565137407545, 23.772222539859424]}, "datetime": {"datetime": "2025-08-13 21:04:44", "elapsed": 40612.108999967575, "delta": 27.10636830329895}, "costs": {"total_cost": 349.9522921772746, "time_cost": 87.542, "final_distance_cost": 1.778447733994602, "oscillation_cost": 165.0201098528898, "completition_cost": 0.0, "overshoot_cost": 54.83833986729786, "power_cost": 20.27403718261719, "noise_cost": 20.4993575404752, "n_waypoints_completed": 9, "tot_waypoints": 9}}
{"target": -545.6814754604782, "params": {"k_pid_pos": [1.1716685240466163, 0.2864071123461752, 0.8656741734048339], "k_pid_alt": [1.505156784048789, 0.4948427600486557, 0.48992386793375586], "k_pid_att": [5.098391431541327, 7.527938102994667, 0.07377610830786474], "k_pid_yaw": [0.5, 1e-06, 0.1], "k_pid_hsp": [4.247801996753205, 0.9228056603841538, 0.943059287508006], "k_pid_vsp": [180.73037433883218, 1.9521855734293287, 14.352159450779098]}, "datetime": {"datetime": "2025-08-13 21:05:17", "elapsed": 40645.53622031212, "delta": 33.42722034454346}, "costs": {"total_cost": 545.6814754604782, "time_cost": 104.629, "final_distance_cost": 1.7897478009180636, "oscillation_cost": 319.00469560035236, "completition_cost": 0.0, "overshoot_cost": 59.83698871458585, "power_cost": 31.209768786621094, "noise_cost": 29.211274558000774, "n_waypoints_completed": 9, "tot_waypoints": 9}}
{"target": -1068.4116278702209, "params": {"k_pid_pos": [1.906208336676382, 0.461660426582867, 0.07768732355344765], "k_pid_alt": [1.7266671407754894, 0.4600909672011576, 0.8023157861868524], "k_pid_att": [6.875185468766853, 2.002053183033029, 0.2653150069537704], "k_pid_yaw": [0.5, 1e-06, 0.1], "k_pid_hsp": [7.938756106030351, 0.7602151913528843, 0.9006083873692768], "k_pid_vsp": [301.4014362315812, 341.9101856829649, 118.0502368276999]}, "datetime": {"datetime": "2025-08-13 21:05:53", "elapsed": 40681.453189373016, "delta": 35.91696906089783}, "costs": {"total_cost": 1068.4116278702209, "time_cost": 150, "final_distance_cost": 45.97549752828348, "oscillation_cost": 252.3674734632403, "completition_cost": 444.4444444444444, "overshoot_cost": 68.23030930362663, "power_cost": 52.554771972656255, "noise_cost": 54.83913115796986, "n_waypoints_completed": 5, "tot_waypoints": 9}}
{"target": -505.3165577603939, "params": {"k_pid_pos": [0.6393811829897962, 0.4706721581927986, 0.4894183912435247], "k_pid_alt": [1.0963240528920637, 0.7554168850178127, 0.5532623148544692], "k_pid_att": [12.878338368241671, 8.052744490544455, 0.5930604279290063], "k_pid_yaw": [0.5, 1e-06, 0.1], "k_pid_hsp": [4.262193866265562, 0.3619444239416095, 0.513937516816298], "k_pid_vsp": [184.15996826216053, 26.331889850912063, 8.88878405073284]}, "datetime": {"datetime": "2025-08-13 21:06:25", "elapsed": 40713.899012088776, "delta": 32.44582271575928}, "costs": {"total_cost": 505.3165577603939, "time_cost": 113.477, "final_distance_cost": 1.7702275097704137, "oscillation_cost": 275.90012422416083, "completition_cost": 0.0, "overshoot_cost": 61.198705794586495, "power_cost": 22.030812719726562, "noise_cost": 30.939687512149607, "n_waypoints_completed": 9, "tot_waypoints": 9}}
{"target": -369.9328445563192, "params": {"k_pid_pos": [1.12531805267589, 0.9846230116416453, 0.676041467516274], "k_pid_alt": [1.9222331508712387, 0.9455527518593569, 0.5324095950207905], "k_pid_att": [3.186202502712221, 2.051568730005738, 0.82873127615176], "k_pid_yaw": [0.5, 1e-06, 0.1], "k_pid_hsp": [2.931456849110984, 0.42295942988779145, 0.3806946066663235], "k_pid_vsp": [305.7070502135045, 342.07341004750873, 109.77756767790592]}, "datetime": {"datetime": "2025-08-13 21:07:00", "elapsed": 40748.88977742195, "delta": 34.99076533317566}, "costs": {"total_cost": 369.9328445563192, "time_cost": 111.027, "final_distance_cost": 1.7962621574788975, "oscillation_cost": 130.66280973982742, "completition_cost": 0.0, "overshoot_cost": 64.10590043544867, "power_cost": 33.51161654052734, "noise_cost": 28.829255683036862, "n_waypoints_completed": 9, "tot_waypoints": 9}}
{"target": -593.7714672871326, "params": {"k_pid_pos": [1.9035066902559201, 0.05519611205159558, 0.20388623779690374], "k_pid_alt": [0.6330609897938462, 0.8937990621621925, 0.14096353285641883], "k_pid_att": [14.014275628908713, 6.186245283613289, 0.3460138374227083], "k_pid_yaw": [0.5, 1e-06, 0.1], "k_pid_hsp": [5.556001809928171, 0.17960617966324488, 0.6030178904650162], "k_pid_vsp": [180.10098104849916, 34.38516255751217, 4.30888234255978]}, "datetime": {"datetime": "2025-08-13 21:07:33", "elapsed": 40781.51851654053, "delta": 32.62873911857605}, "costs": {"total_cost": 593.7714672871326, "time_cost": 112.581, "final_distance_cost": 1.7959226643964084, "oscillation_cost": 339.85802303153895, "completition_cost": 0.0, "overshoot_cost": 68.74574485022528, "power_cost": 37.01682469482422, "noise_cost": 33.77395204614776, "n_waypoints_completed": 9, "tot_waypoints": 9}}
{"target": -775.9301292854362, "params": {"k_pid_pos": [1.3860626975188635, 0.9765626797565421, 0.40120646644089075], "k_pid_alt": [1.0945435229271747, 0.1653046634177574, 0.441859376088956], "k_pid_att": [29.03724019311046, 7.113971312286264, 0.9608914613226999], "k_pid_yaw": [0.5, 1e-06, 0.1], "k_pid_hsp": [3.750529075098818, 0.4857593493333454, 0.23915542550375546], "k_pid_vsp": [295.36036416832775, 326.43468156690454, 79.62330250887345]}, "datetime": {"datetime": "2025-08-13 21:08:09", "elapsed": 40817.06368160248, "delta": 35.545165061950684}, "costs": {"total_cost": 775.9301292854362, "time_cost": 150, "final_distance_cost": 66.25014463421924, "oscillation_cost": 235.25042021989418, "completition_cost": 222.2222222222222, "overshoot_cost": 46.955992165078385, "power_cost": 28.791899719238284, "noise_cost": 26.45945032478395, "n_waypoints_completed": 7, "tot_waypoints": 9}}
{"target": -856.96661187728, "params": {"k_pid_pos": [0.9397943397527379, 0.6113004953169566, 0.3199466370709647], "k_pid_alt": [1.2212852963993304, 0.15319004791528046, 0.9827166456776125], "k_pid_att": [11.670332368241098, 4.485653840889785, 0.14630794159698235], "k_pid_yaw": [0.5, 1e-06, 0.1], "k_pid_hsp": [5.554372550028059, 0.3037614242211958, 0.8766932403610578], "k_pid_vsp": [298.96103509554655, 340.6550344176728, 95.81639805983053]}, "datetime": {"datetime": "2025-08-13 21:08:45", "elapsed": 40853.33731627464, "delta": 36.27363467216492}, "costs": {"total_cost": 856.96661187728, "time_cost": 150, "final_distance_cost": 64.42898026448013, "oscillation_cost": 415.27201638334566, "completition_cost": 111.11111111111116, "overshoot_cost": 48.191560592312875, "power_cost": 37.324706884765625, "noise_cost": 30.638236641264516, "n_waypoints_completed": 8, "tot_waypoints": 9}}
