{"target": -689.1453149286352, "params": {"k_pid_pos": [0.8732682807559563, 0.6412089169859813, 0.8331994885858867], "k_pid_alt": [0.8120044476545358, 0.23525922787451536, 0.2241964322778659], "k_pid_att": [12.380803489174442, 8.21515318612237, 0.025433874287777325], "k_pid_yaw": [0.5, 1e-06, 0.1], "k_pid_hsp": [7.356171898738985, 0.4272621277443782, 0.5899610210863454], "k_pid_vsp": [306.0941400651881, 348.28038498653615, 114.2293280015595]}, "datetime": {"datetime": "2025-08-14 04:50:07", "elapsed": 68535.67507362366, "delta": 37.96577429771423}, "costs": {"total_cost": 689.1453149286352, "time_cost": 114.135, "final_distance_cost": 1.7889425096156495, "oscillation_cost": 450.5465473195335, "completition_cost": 0.0, "overshoot_cost": 55.63663710054786, "power_cost": 36.26316705322266, "noise_cost": 30.77502094571552, "n_waypoints_completed": 9, "tot_waypoints": 9}}
{"target": -512.8490800635807, "params": {"k_pid_pos": [1.490403170747742, 0.7317901110322484, 0.6007732243961303], "k_pid_alt": [0.9546828596206305, 0.7793288976202813, 0.38359574346006164], "k_pid_att": [6.178778815579166, 8.909508197202088, 0.29957570307955317], "k_pid_yaw": [0.5, 1e-06, 0.1], "k_pid_hsp": [6.463422645904307, 0.2752883237092355, 0.30663937817508036], "k_pid_vsp": [313.6946203514795, 350.0968969838032, 105.9627210442061]}, "datetime": {"datetime": "2025-08-14 04:50:45", "elapsed": 68573.95625948906, "delta": 38.28118586540222}, "costs": {"total_cost": 512.8490800635807, "time_cost": 114.73, "final_distance_cost": 1.780331262258776, "oscillation_cost": 264.12959306927695, "completition_cost": 0.0, "overshoot_cost": 62.418974778589856, "power_cost": 37.33850659179688, "noise_cost": 32.45167436165818, "n_waypoints_completed": 9, "tot_waypoints": 9}}
{"target": -330.8231039927814, "params": {"k_pid_pos": [1.0491770229189161, 0.878837580616588, 0.9563117706633073], "k_pid_alt": [1.71720068219437, 0.9092604487979639, 0.1676006396012455], "k_pid_att": [18.82864315128918, 9.470792999964933, 0.9301778405808161], "k_pid_yaw": [0.5, 1e-06, 0.1], "k_pid_hsp": [2.182509808164167, 0.7370381657729624, 0.1266107214302229], "k_pid_vsp": [296.9362347730677, 334.92232779070144, 89.10281072703734]}, "datetime": {"datetime": "2025-08-14 04:51:18", "elapsed": 68606.15760707855, "delta": 32.2013475894928}, "costs": {"total_cost": 330.8231039927814, "time_cost": 82.866, "final_distance_cost": 1.7514711131174334, "oscillation_cost": 153.67751517188543, "completition_cost": 0.0, "overshoot_cost": 51.80806261986368, "power_cost": 21.275338293457033, "noise_cost": 19.44471679445782, "n_waypoints_completed": 9, "tot_waypoints": 9}}
{"target": -504.01971589971276, "params": {"k_pid_pos": [1.1606219230815378, 0.539928672383228, 0.20519318587704416], "k_pid_alt": [1.3133381173414018, 0.22127282815683214, 0.9213933557158339], "k_pid_att": [12.396651516906388, 0.2087160163602538, 0.4428248375633843], "k_pid_yaw": [0.5, 1e-06, 0.1], "k_pid_hsp": [2.5716433917417234, 0.8365991793106522, 0.34822900149576796], "k_pid_vsp": [165.65925321767517, 36.47907453899548, 12.610018551671065]}, "datetime": {"datetime": "2025-08-14 04:52:07", "elapsed": 68655.09892368317, "delta": 48.94131660461426}, "costs": {"total_cost": 504.01971589971276, "time_cost": 114.961, "final_distance_cost": 1.7628905442010372, "oscillation_cost": 252.601668662501, "completition_cost": 0.0, "overshoot_cost": 58.93869532788768, "power_cost": 41.79111115722657, "noise_cost": 33.964350207896445, "n_waypoints_completed": 9, "tot_waypoints": 9}}
{"target": -475.9635285965144, "params": {"k_pid_pos": [1.6323136542524965, 0.037268100274404414, 0.9587097392906099], "k_pid_alt": [0.37454574449186273, 0.7332706236983703, 0.668770284953021], "k_pid_att": [23.337992813517726, 7.367601177854662, 0.8362155954432424], "k_pid_yaw": [0.5, 1e-06, 0.1], "k_pid_hsp": [4.114548099377742, 0.15237060833247873, 0.49525878297293613], "k_pid_vsp": [319.56308562461277, 336.5635665507681, 94.50101299146235]}, "datetime": {"datetime": "2025-08-14 04:52:43", "elapsed": 68691.6299443245, "delta": 36.531020641326904}, "costs": {"total_cost": 475.9635285965144, "time_cost": 92.22500000000001, "final_distance_cost": 1.7980786836501703, "oscillation_cost": 275.9793122385657, "completition_cost": 0.0, "overshoot_cost": 59.93289636147382, "power_cost": 23.92728944091797, "noise_cost": 22.100951871906794, "n_waypoints_completed": 9, "tot_waypoints": 9}}
{"target": -1103.6210982003333, "params": {"k_pid_pos": [0.24363441748818648, 0.8773175889802285, 0.29154762118149324], "k_pid_alt": [0.0907413143450646, 0.5325154750023204, 0.17662330230210577], "k_pid_att": [6.98329914063981, 1.793192065287375, 0.8978753367779608], "k_pid_yaw": [0.5, 1e-06, 0.1], "k_pid_hsp": [3.809939513522553, 0.440814082635238, 0.4341101541975847], "k_pid_vsp": [242.7871815806624, 280.7444799905878, 60.527432523790274]}, "datetime": {"datetime": "2025-08-14 04:53:23", "elapsed": 68731.30598831177, "delta": 39.67604398727417}, "costs": {"total_cost": 1103.6210982003333, "time_cost": 150, "final_distance_cost": 49.362958785516184, "oscillation_cost": 129.53937114356089, "completition_cost": 666.6666666666667, "overshoot_cost": 55.21564031553874, "power_cost": 27.50818193359375, "noise_cost": 25.32827935545694, "n_waypoints_completed": 3, "tot_waypoints": 9}}
{"target": -841.1396515474946, "params": {"k_pid_pos": [0.3287496839860928, 0.07278742288471396, 0.5042815182747666], "k_pid_alt": [1.4964476045721034, 0.9203702640178634, 0.3918967220103494], "k_pid_att": [7.021306858899424, 8.915135604194893, 0.4165691894191986], "k_pid_yaw": [0.5, 1e-06, 0.1], "k_pid_hsp": [6.548434750342751, 0.08307861917489523, 0.668033922680307], "k_pid_vsp": [283.64333908823545, 263.7237188807294, 41.978415437656096]}, "datetime": {"datetime": "2025-08-14 04:54:03", "elapsed": 68771.33741950989, "delta": 40.03143119812012}, "costs": {"total_cost": 841.1396515474946, "time_cost": 150, "final_distance_cost": 68.56551369059594, "oscillation_cost": 288.1859308840883, "completition_cost": 222.2222222222222, "overshoot_cost": 53.401600203464334, "power_cost": 30.451400842285157, "noise_cost": 28.31298370483874, "n_waypoints_completed": 7, "tot_waypoints": 9}}
{"target": -418.88692920328504, "params": {"k_pid_pos": [0.8323302769263181, 0.6505266462124936, 0.9358150001537937], "k_pid_alt": [1.4434058113126653, 0.40483249197355575, 0.5040248823658655], "k_pid_att": [3.4799185367313967, 7.562401456232719, 0.6555463365755368], "k_pid_yaw": [0.5, 1e-06, 0.1], "k_pid_hsp": [5.668900037476774, 0.21175175490921094, 0.7954944688079146], "k_pid_vsp": [299.38560450138294, 338.35407490329777, 93.84576156018929]}, "datetime": {"datetime": "2025-08-14 04:54:41", "elapsed": 68809.15365076065, "delta": 37.81623125076294}, "costs": {"total_cost": 418.88692920328504, "time_cost": 112.455, "final_distance_cost": 1.8126644639155562, "oscillation_cost": 187.90529773942254, "completition_cost": 0.0, "overshoot_cost": 63.124137767577196, "power_cost": 28.380666040039063, "noise_cost": 25.209163192330713, "n_waypoints_completed": 9, "tot_waypoints": 9}}
{"target": -870.1085085790081, "params": {"k_pid_pos": [1.9433385352161403, 0.9983481488448552, 0.12244501238992112], "k_pid_alt": [0.6831539149883705, 0.5917078917258759, 0.6700378487378623], "k_pid_att": [13.533431085719416, 0.8830332191794402, 0.1454273450284087], "k_pid_yaw": [0.5, 1e-06, 0.1], "k_pid_hsp": [2.8700779000888983, 0.35211356102975777, 0.717009601208083], "k_pid_vsp": [253.4854157884474, 258.03239975854376, 50.346609749878944]}, "datetime": {"datetime": "2025-08-14 04:55:19", "elapsed": 68847.68400192261, "delta": 38.53035116195679}, "costs": {"total_cost": 870.1085085790081, "time_cost": 150, "final_distance_cost": 89.87616730625543, "oscillation_cost": 166.77531674658866, "completition_cost": 333.33333333333337, "overshoot_cost": 66.91468924950985, "power_cost": 32.49800706787109, "noise_cost": 30.71099487544989, "n_waypoints_completed": 6, "tot_waypoints": 9}}
{"target": -1303.339942853518, "params": {"k_pid_pos": [0.28794769774419393, 0.5128710427695615, 0.9478519004007778], "k_pid_alt": [0.5617176328781808, 0.4664473962313397, 0.07439327756931258], "k_pid_att": [12.754878926643231, 5.045209458917192, 0.11380184257493176], "k_pid_yaw": [0.5, 1e-06, 0.1], "k_pid_hsp": [7.137842053105399, 0.7890070340490306, 0.6879782438567515], "k_pid_vsp": [308.7006730799524, 307.5518343954154, 119.16201098316371]}, "datetime": {"datetime": "2025-08-14 04:55:59", "elapsed": 68887.88051366806, "delta": 40.19651174545288}, "costs": {"total_cost": 1303.339942853518, "time_cost": 150, "final_distance_cost": 49.32014741375467, "oscillation_cost": 444.7801199316818, "completition_cost": 555.5555555555555, "overshoot_cost": 47.98145957507619, "power_cost": 27.51687604980469, "noise_cost": 28.185784327645223, "n_waypoints_completed": 4, "tot_waypoints": 9}}
{"target": -379.1312108083241, "params": {"k_pid_pos": [1.8262913809222412, 0.26280609440172836, 0.8486619478728225], "k_pid_alt": [1.3759462753063831, 0.2964170649045734, 0.6552911168500876], "k_pid_att": [8.627715574496928, 8.579107176994691, 0.543483229067497], "k_pid_yaw": [0.5, 1e-06, 0.1], "k_pid_hsp": [7.0232555504573275, 0.698108830255923, 0.36976273999670384], "k_pid_vsp": [189.40625591513958, 322.06367178232193, 20.655162016852902]}, "datetime": {"datetime": "2025-08-14 04:56:34", "elapsed": 68922.1539516449, "delta": 34.27343797683716}, "costs": {"total_cost": 379.1312108083241, "time_cost": 83.461, "final_distance_cost": 1.7745854483315828, "oscillation_cost": 193.92520513940707, "completition_cost": 0.0, "overshoot_cost": 52.26257267331885, "power_cost": 25.17139884033203, "noise_cost": 22.536448706934635, "n_waypoints_completed": 9, "tot_waypoints": 9}}
{"target": -315.41477342470245, "params": {"k_pid_pos": [0.9643558445372964, 0.0855250955433613, 0.7869335324133693], "k_pid_alt": [1.7010707891046848, 0.4118989075960203, 0.7306238236211677], "k_pid_att": [5.2861337300386, 2.1934088759957655, 0.4433469555992082], "k_pid_yaw": [0.5, 1e-06, 0.1], "k_pid_hsp": [5.854684669856978, 0.5144302673409654, 0.49148404925390443], "k_pid_vsp": [182.86553053403787, 16.281189065995548, 16.111446041823793]}, "datetime": {"datetime": "2025-08-14 04:57:18", "elapsed": 68965.96449494362, "delta": 43.81054329872131}, "costs": {"total_cost": 315.41477342470245, "time_cost": 82.712, "final_distance_cost": 1.8101775611498043, "oscillation_cost": 138.45641904911122, "completition_cost": 0.0, "overshoot_cost": 53.70814280818471, "power_cost": 19.079234973144533, "noise_cost": 19.648799033112134, "n_waypoints_completed": 9, "tot_waypoints": 9}}
{"target": -491.393523721089, "params": {"k_pid_pos": [1.6047620415475583, 0.39297098221923055, 0.30792475449394263], "k_pid_alt": [1.3547485872603942, 0.30519058197673776, 0.7594517183971266], "k_pid_att": [25.285627766593965, 0.029801006408608905, 0.11755952053850172], "k_pid_yaw": [0.5, 1e-06, 0.1], "k_pid_hsp": [8.709026646766358, 0.4972394639763136, 0.016610210797316727], "k_pid_vsp": [111.85247793510217, 351.38264926908136, 54.951127826013334]}, "datetime": {"datetime": "2025-08-14 04:58:00", "elapsed": 69008.21561074257, "delta": 42.251115798950195}, "costs": {"total_cost": 491.393523721089, "time_cost": 96.264, "final_distance_cost": 1.7282398104325776, "oscillation_cost": 285.9606862970862, "completition_cost": 0.0, "overshoot_cost": 52.30876870020544, "power_cost": 29.32215173339844, "noise_cost": 25.809677179966325, "n_waypoints_completed": 9, "tot_waypoints": 9}}
{"target": -279.7756940026133, "params": {"k_pid_pos": [1.6423533537225181, 0.8700798297618795, 0.6178203250846771], "k_pid_alt": [0.9949346423083183, 0.2400576278267481, 0.5088945697976821], "k_pid_att": [25.55731439208736, 5.312006885362927, 0.41795789206263034], "k_pid_yaw": [0.5, 1e-06, 0.1], "k_pid_hsp": [2.45840489472026, 0.6643907742800534, 0.023913972732962474], "k_pid_vsp": [320.8534053699079, 330.0133551963163, 95.14347333158447]}, "datetime": {"datetime": "2025-08-14 04:58:35", "elapsed": 69043.20258450508, "delta": 34.98697376251221}, "costs": {"total_cost": 279.7756940026133, "time_cost": 96.649, "final_distance_cost": 1.7179805095363494, "oscillation_cost": 78.92297043053703, "completition_cost": 0.0, "overshoot_cost": 54.70786265357023, "power_cost": 24.973030969238284, "noise_cost": 22.804849439731395, "n_waypoints_completed": 9, "tot_waypoints": 9}}
{"target": -363.86550509703187, "params": {"k_pid_pos": [1.5958917679071332, 0.16439138819728483, 0.1897785188279424], "k_pid_alt": [1.7506501560654248, 0.3041993079084072, 0.620425212365048], "k_pid_att": [9.718660836403936, 1.1192144938055282, 0.14022727507638588], "k_pid_yaw": [0.5, 1e-06, 0.1], "k_pid_hsp": [4.391342164551896, 0.9297272309121394, 0.4030687461644119], "k_pid_vsp": [303.4880677483961, 343.00436840892144, 108.65096397235726]}, "datetime": {"datetime": "2025-08-14 04:59:11", "elapsed": 69079.8236773014, "delta": 36.621092796325684}, "costs": {"total_cost": 363.86550509703187, "time_cost": 83.531, "final_distance_cost": 1.7502443951403772, "oscillation_cost": 181.3168907723382, "completition_cost": 0.0, "overshoot_cost": 53.08968361710925, "power_cost": 23.446942114257812, "noise_cost": 20.730744198186247, "n_waypoints_completed": 9, "tot_waypoints": 9}}
{"target": -646.4227367234106, "params": {"k_pid_pos": [0.8365913252771173, 0.3038394166810655, 0.45545326839515066], "k_pid_alt": [1.8555001109670932, 0.9256692368761583, 0.9853657323449561], "k_pid_att": [49.43096921069805, 7.59775073783638, 0.8781755508055802], "k_pid_yaw": [0.5, 1e-06, 0.1], "k_pid_hsp": [8.176314780484446, 0.03406975169874871, 0.2344157968875804], "k_pid_vsp": [221.98036299046734, 278.442396121168, 35.61901440593615]}, "datetime": {"datetime": "2025-08-14 04:59:55", "elapsed": 69123.76159000397, "delta": 43.937912702560425}, "costs": {"total_cost": 646.4227367234106, "time_cost": 108.535, "final_distance_cost": 1.7601352601855165, "oscillation_cost": 414.0753407027706, "completition_cost": 0.0, "overshoot_cost": 59.09412113596153, "power_cost": 33.9301957397461, "noise_cost": 29.02794388474685, "n_waypoints_completed": 9, "tot_waypoints": 9}}
{"target": -266.77661588968664, "params": {"k_pid_pos": [1.501505116532053, 0.3603802880246251, 0.506316095515577], "k_pid_alt": [0.8448672112315903, 0.9531189414549612, 0.9017214776701605], "k_pid_att": [30.464824439637294, 1.6615078060275816, 0.9828695701413342], "k_pid_yaw": [0.5, 1e-06, 0.1], "k_pid_hsp": [4.947942462337912, 0.5991118133431503, 0.0010237878492798114], "k_pid_vsp": [108.73310442765414, 342.96738385847306, 44.759490593007584]}, "datetime": {"datetime": "2025-08-14 05:00:30", "elapsed": 69158.3259396553, "delta": 34.56434965133667}, "costs": {"total_cost": 266.77661588968664, "time_cost": 100.45700000000001, "final_distance_cost": 1.7828309010308363, "oscillation_cost": 57.690387677755645, "completition_cost": 0.0, "overshoot_cost": 58.17812203285826, "power_cost": 25.532999084472657, "noise_cost": 23.135276193569236, "n_waypoints_completed": 9, "tot_waypoints": 9}}
{"target": -1393.4307901050909, "params": {"k_pid_pos": [0.5188169356826557, 0.20271427350101134, 0.05344216779810251], "k_pid_alt": [0.9350133473569733, 0.9437899858568115, 0.19356915800654717], "k_pid_att": [14.770112133293978, 5.459734268754041, 0.1279280459197727], "k_pid_yaw": [0.5, 1e-06, 0.1], "k_pid_hsp": [0.22800151937120952, 0.9928818092672534, 0.9596718511439153], "k_pid_vsp": [289.05718498179647, 325.2577147190422, 110.59117968388406]}, "datetime": {"datetime": "2025-08-14 05:01:13", "elapsed": 69201.01910996437, "delta": 42.69317030906677}, "costs": {"total_cost": 1393.4307901050909, "time_cost": 150, "final_distance_cost": 59.23589147760834, "oscillation_cost": 477.7523663683405, "completition_cost": 555.5555555555555, "overshoot_cost": 88.38781595204853, "power_cost": 32.500817297363284, "noise_cost": 29.998343454174638, "n_waypoints_completed": 4, "tot_waypoints": 9}}
{"target": -513.424657177566, "params": {"k_pid_pos": [1.8029336237658538, 0.6695490895445529, 0.23088662090529222], "k_pid_alt": [1.0582369590787435, 0.08615487508025832, 0.4281111112902547], "k_pid_att": [20.767878251263415, 7.576938158684469, 0.6616581070965906], "k_pid_yaw": [0.5, 1e-06, 0.1], "k_pid_hsp": [8.632609492479643, 0.4321315995119408, 0.7342682688487183], "k_pid_vsp": [303.3801483770139, 331.13644228040516, 79.64742069477637]}, "datetime": {"datetime": "2025-08-14 05:01:54", "elapsed": 69242.945510149, "delta": 41.92640018463135}, "costs": {"total_cost": 513.424657177566, "time_cost": 106.54, "final_distance_cost": 1.7234680330275898, "oscillation_cost": 288.8330652887446, "completition_cost": 0.0, "overshoot_cost": 54.944648541045254, "power_cost": 33.51027546386719, "noise_cost": 27.873199850881395, "n_waypoints_completed": 9, "tot_waypoints": 9}}
{"target": -1012.038062858478, "params": {"k_pid_pos": [0.45656648979222025, 0.2196849453292995, 0.9377903305494653], "k_pid_alt": [0.31425180729848257, 0.9876504991670538, 0.5451012516821857], "k_pid_att": [21.217720629536874, 1.2641814137957792, 0.8614484873591347], "k_pid_yaw": [0.5, 1e-06, 0.1], "k_pid_hsp": [8.117086216217443, 0.7933919911678287, 0.690407829198194], "k_pid_vsp": [307.34926939643816, 315.949428730715, 74.21998982933094]}, "datetime": {"datetime": "2025-08-14 05:02:39", "elapsed": 69287.0743944645, "delta": 44.12888431549072}, "costs": {"total_cost": 1012.038062858478, "time_cost": 150, "final_distance_cost": 68.3776916704419, "oscillation_cost": 449.72377858790935, "completition_cost": 222.2222222222222, "overshoot_cost": 60.889248978379996, "power_cost": 32.48674389648438, "noise_cost": 28.33837750304024, "n_waypoints_completed": 7, "tot_waypoints": 9}}
{"target": -340.75818057755674, "params": {"k_pid_pos": [2.0, 0.32372637561734924, 0.4774622842406185], "k_pid_alt": [1.9116854257882596, 0.2462817204262791, 0.19242768715138175], "k_pid_att": [8.580974131389771, 2.4911189824319537, 0.5680085901612207], "k_pid_yaw": [0.5, 1e-06, 0.1], "k_pid_hsp": [3.9373248486954204, 0.6336762182064654, 0.20013496489469756], "k_pid_vsp": [303.9868084344044, 345.8812239284309, 113.02039570562683]}, "datetime": {"datetime": "2025-08-14 05:03:20", "elapsed": 69328.5740981102, "delta": 41.49970364570618}, "costs": {"total_cost": 340.75818057755674, "time_cost": 102.97, "final_distance_cost": 1.7888889730521045, "oscillation_cost": 129.3245326214766, "completition_cost": 0.0, "overshoot_cost": 52.63341796799286, "power_cost": 28.69208502197266, "noise_cost": 25.349255993062535, "n_waypoints_completed": 9, "tot_waypoints": 9}}
{"target": -711.9011894702215, "params": {"k_pid_pos": [1.401844216117594, 0.6017486640555284, 0.8410751810520295], "k_pid_alt": [0.021816616533966826, 0.4184514232325248, 0.2045168171703594], "k_pid_att": [27.417321241747516, 1.2616101068968375, 0.02218388828921858], "k_pid_yaw": [0.5, 1e-06, 0.1], "k_pid_hsp": [8.043307430258562, 0.735612572062874, 0.0946351816195462], "k_pid_vsp": [109.74098089432336, 360.50152197980054, 56.1625936172757]}, "datetime": {"datetime": "2025-08-14 05:03:59", "elapsed": 69367.44662642479, "delta": 38.872528314590454}, "costs": {"total_cost": 711.9011894702215, "time_cost": 109.9, "final_distance_cost": 1.7629224483702386, "oscillation_cost": 478.7288376070896, "completition_cost": 0.0, "overshoot_cost": 64.00084999079033, "power_cost": 30.641996716308594, "noise_cost": 26.86658270766283, "n_waypoints_completed": 9, "tot_waypoints": 9}}
{"target": -217.46680556616252, "params": {"k_pid_pos": [2.0, 0.11543940540045292, 0.502465844467783], "k_pid_alt": [2.0, 0.37922540192752147, 0.26214419581078824], "k_pid_att": [16.661787424847443, 1.3155281572034008, 0.4541544707080242], "k_pid_yaw": [0.5, 1e-06, 0.1], "k_pid_hsp": [2.1758166687574705, 0.4906828520121022, 0.0], "k_pid_vsp": [199.83555408425983, 302.30883887673065, 17.114415957673973]}, "datetime": {"datetime": "2025-08-14 05:04:41", "elapsed": 69409.42884802818, "delta": 41.982221603393555}, "costs": {"total_cost": 217.46680556616252, "time_cost": 79.212, "final_distance_cost": 1.8082425756263931, "oscillation_cost": 50.83928264906247, "completition_cost": 0.0, "overshoot_cost": 50.48508487160247, "power_cost": 17.764226086425783, "noise_cost": 17.357969383445404, "n_waypoints_completed": 9, "tot_waypoints": 9}}
{"target": -759.2869706649992, "params": {"k_pid_pos": [0.8032333093865903, 0.13920313266392048, 0.6627503354374622], "k_pid_alt": [0.9751492438003042, 0.5452122261683772, 0.492843011050457], "k_pid_att": [28.052374193536345, 7.404892362119897, 0.3374861683398712], "k_pid_yaw": [0.5, 1e-06, 0.1], "k_pid_hsp": [7.61043045091064, 0.912991555298474, 0.9301971277574841], "k_pid_vsp": [263.54475506919556, 261.58359892866844, 50.273725564174974]}, "datetime": {"datetime": "2025-08-14 05:05:21", "elapsed": 69449.95545196533, "delta": 40.52660393714905}, "costs": {"total_cost": 759.2869706649992, "time_cost": 112.49000000000001, "final_distance_cost": 1.7508196637622468, "oscillation_cost": 518.0539171958828, "completition_cost": 0.0, "overshoot_cost": 58.505503016288515, "power_cost": 36.45526176757813, "noise_cost": 32.03146902148757, "n_waypoints_completed": 9, "tot_waypoints": 9}}
