{"target": -1571.3910908607852, "params": {"k_pid_pos": [0.612573761230909, 0.002244120846690123, 0.24513408639038592], "k_pid_alt": [0.06412284226471443, 0.23922781597742804, 0.1876616853171682], "k_pid_att": [21.6596596894264, 2.2122516420010845, 0.8097658546705994], "k_pid_yaw": [0.5, 1e-06, 0.1], "k_pid_hsp": [0.2195518293940841, 0.16811820065038052, 0.9608325649727153], "k_pid_vsp": [164.41230539835558, 2.8786900266999527, 12.234773189279021]}, "datetime": {"datetime": "2025-08-13 21:22:26", "elapsed": 41674.15986299515, "delta": 35.42816495895386}, "costs": {"total_cost": 1571.3910908607852, "time_cost": 150, "final_distance_cost": 80.46352755647342, "oscillation_cost": 454.9980460067885, "completition_cost": 777.7777777777778, "overshoot_cost": 49.207435011678655, "power_cost": 29.77044140625, "noise_cost": 29.17386310181682, "n_waypoints_completed": 2, "tot_waypoints": 9}}
{"target": -846.2713258003067, "params": {"k_pid_pos": [0.4499761362685348, 0.9569115555425921, 0.7004986500093614], "k_pid_alt": [1.2897810342236948, 0.1524124803279392, 0.6528509085671701], "k_pid_att": [29.11157235030578, 8.621697629417039, 0.7277167077304335], "k_pid_yaw": [0.5, 1e-06, 0.1], "k_pid_hsp": [0.7515440116764712, 0.2530430189569073, 0.13595206734019127], "k_pid_vsp": [94.20705239276815, 365.1651562923705, 55.33893427661725]}, "datetime": {"datetime": "2025-08-13 21:23:02", "elapsed": 41710.310489177704, "delta": 36.15062618255615}, "costs": {"total_cost": 846.2713258003067, "time_cost": 150, "final_distance_cost": 65.4546923553123, "oscillation_cost": 299.6552014291987, "completition_cost": 222.2222222222222, "overshoot_cost": 46.43575899310232, "power_cost": 33.67067125244141, "noise_cost": 28.83277954802976, "n_waypoints_completed": 7, "tot_waypoints": 9}}
{"target": -1601.0535809557919, "params": {"k_pid_pos": [0.032242026143089325, 0.11597496168750965, 0.04152160630399915], "k_pid_alt": [0.4099732188186016, 0.5967340911091853, 0.34169127113925957], "k_pid_att": [11.504794547600405, 0.3835346898105452, 0.01617097101654008], "k_pid_yaw": [0.5, 1e-06, 0.1], "k_pid_hsp": [5.347603803111461, 0.6314049268775375, 0.38874699560497394], "k_pid_vsp": [268.6233248322132, 277.4296507715415, 41.98649714217122]}, "datetime": {"datetime": "2025-08-13 21:23:40", "elapsed": 41748.94362235069, "delta": 38.63313317298889}, "costs": {"total_cost": 1601.0535809557919, "time_cost": 150, "final_distance_cost": 82.52805546679177, "oscillation_cost": 471.79774292596113, "completition_cost": 777.7777777777778, "overshoot_cost": 54.910082258084515, "power_cost": 33.76352401123047, "noise_cost": 30.276398515946322, "n_waypoints_completed": 2, "tot_waypoints": 9}}
{"target": -524.5567601422159, "params": {"k_pid_pos": [0.36104036876363726, 0.25079253388618694, 0.7937394292429567], "k_pid_alt": [1.6087746339691513, 0.5047219868847428, 0.43424992810308405], "k_pid_att": [8.780851910330012, 2.6314812915348136, 0.42729285992293975], "k_pid_yaw": [0.5, 1e-06, 0.1], "k_pid_hsp": [2.9510189331729553, 0.4001066559956117, 0.4359291030251129], "k_pid_vsp": [262.07279526753626, 266.1273475934633, 45.36739315094764]}, "datetime": {"datetime": "2025-08-13 21:24:12", "elapsed": 41780.11440753937, "delta": 31.170785188674927}, "costs": {"total_cost": 524.5567601422159, "time_cost": 108.857, "final_distance_cost": 1.7833943563697154, "oscillation_cost": 298.1832053676566, "completition_cost": 0.0, "overshoot_cost": 59.91528578041859, "power_cost": 28.611133203125, "noise_cost": 27.206741434645977, "n_waypoints_completed": 9, "tot_waypoints": 9}}
{"target": -524.0983945712145, "params": {"k_pid_pos": [1.567971386142459, 0.3297128814373561, 0.9184578915174451], "k_pid_alt": [0.9067635909320659, 0.16669946067505403, 0.0803081648966758], "k_pid_att": [21.166703186125414, 4.489376603642778, 0.2857565177138135], "k_pid_yaw": [0.5, 1e-06, 0.1], "k_pid_hsp": [7.87547772383338, 0.5493227642294208, 0.5669253200240203], "k_pid_vsp": [308.3014837496979, 321.84515326552537, 77.21464567293528]}, "datetime": {"datetime": "2025-08-13 21:24:40", "elapsed": 41808.27017951012, "delta": 28.1557719707489}, "costs": {"total_cost": 524.0983945712145, "time_cost": 90.888, "final_distance_cost": 1.7499153497040296, "oscillation_cost": 330.76452800565403, "completition_cost": 0.0, "overshoot_cost": 52.46567443502045, "power_cost": 25.323835009765627, "noise_cost": 22.90644177107042, "n_waypoints_completed": 9, "tot_waypoints": 9}}
{"target": -1124.6471990839898, "params": {"k_pid_pos": [0.24806817558999886, 0.9149428727005242, 0.3813607275409705], "k_pid_alt": [1.1662795151289125, 0.14428427408834343, 0.2075316604626687], "k_pid_att": [19.38777503054474, 0.5467555790549253, 0.572981539116441], "k_pid_yaw": [0.5, 1e-06, 0.1], "k_pid_hsp": [4.683985915314804, 0.2235885603462041, 0.4598705875393322], "k_pid_vsp": [173.3510573111718, 13.128324581738458, 13.175978177947226]}, "datetime": {"datetime": "2025-08-13 21:25:15", "elapsed": 41843.75676894188, "delta": 35.486589431762695}, "costs": {"total_cost": 1124.6471990839898, "time_cost": 150, "final_distance_cost": 45.08386096756401, "oscillation_cost": 247.6871478601728, "completition_cost": 555.5555555555555, "overshoot_cost": 59.535929599180385, "power_cost": 35.35903051757813, "noise_cost": 31.42567458393887, "n_waypoints_completed": 4, "tot_waypoints": 9}}
{"target": -598.96673164294, "params": {"k_pid_pos": [0.6902757612320656, 0.04918717403719475, 0.9660576523559653], "k_pid_alt": [0.4692417694338413, 0.8400509765390389, 0.823650795133194], "k_pid_att": [11.891241901790938, 5.906671741953567, 0.4085413959072314], "k_pid_yaw": [0.5, 1e-06, 0.1], "k_pid_hsp": [2.5759370192425464, 0.8610264663171351, 0.4826918267457224], "k_pid_vsp": [192.34026699979557, 303.4399062907232, 15.82291348521975]}, "datetime": {"datetime": "2025-08-13 21:25:56", "elapsed": 41884.61976027489, "delta": 40.86299133300781}, "costs": {"total_cost": 598.96673164294, "time_cost": 110.999, "final_distance_cost": 1.8312080692077277, "oscillation_cost": 357.6151467817996, "completition_cost": 0.0, "overshoot_cost": 63.83761257734445, "power_cost": 34.18584750976563, "noise_cost": 30.497916704822583, "n_waypoints_completed": 9, "tot_waypoints": 9}}
{"target": -2153.5877315212065, "params": {"k_pid_pos": [0.5787595964100976, 0.11998049345737449, 0.9612732662847678], "k_pid_alt": [1.1927764182651703, 0.2921070111628207, 0.4861406769815917], "k_pid_att": [0.6005750498843332, 3.1653754401415264, 0.23395935989480565], "k_pid_yaw": [0.5, 1e-06, 0.1], "k_pid_hsp": [9.007978854196551, 0.9771525951112704, 0.3392764519807765], "k_pid_vsp": [307.5204265287826, 339.80989390629315, 113.50751519432173]}, "datetime": {"datetime": "2025-08-13 21:26:30", "elapsed": 41918.02029967308, "delta": 33.40053939819336}, "costs": {"total_cost": 2153.5877315212065, "time_cost": 150, "final_distance_cost": 5.289746533398537, "oscillation_cost": 615.9649313849353, "completition_cost": 1000.0, "overshoot_cost": 159.941008435494, "power_cost": 58.86542302246094, "noise_cost": 163.52662214491775, "n_waypoints_completed": 0, "tot_waypoints": 9}}
{"target": -446.27731084903854, "params": {"k_pid_pos": [0.9941929136347091, 0.15156239106126712, 0.5486137235429868], "k_pid_alt": [1.7864170762181757, 0.69088756618829, 0.009159819151721926], "k_pid_att": [3.5067408107943954, 6.981386866417469, 0.32263795563768893], "k_pid_yaw": [0.5, 1e-06, 0.1], "k_pid_hsp": [2.8397631074145036, 0.9286744081260904, 0.7593082308670454], "k_pid_vsp": [310.1773218006007, 350.6440846071217, 110.2021254308327]}, "datetime": {"datetime": "2025-08-13 21:27:02", "elapsed": 41950.447778224945, "delta": 32.427478551864624}, "costs": {"total_cost": 446.27731084903854, "time_cost": 101.745, "final_distance_cost": 1.8000246190242022, "oscillation_cost": 228.00171095323262, "completition_cost": 0.0, "overshoot_cost": 61.36630766973479, "power_cost": 28.620487622070314, "noise_cost": 24.743779984976616, "n_waypoints_completed": 9, "tot_waypoints": 9}}
{"target": -502.03127532971195, "params": {"k_pid_pos": [0.6068154276216615, 0.00019622175933375896, 0.45784720024980274], "k_pid_alt": [1.1604056176730788, 0.05908038463722487, 0.03005106171872407], "k_pid_att": [9.899935873011433, 2.0664029080583903, 0.025965541913162804], "k_pid_yaw": [0.5, 1e-06, 0.1], "k_pid_hsp": [5.119347797763764, 0.9720064637575802, 0.5839762713693379], "k_pid_vsp": [156.59110265948078, 22.013833415812627, 3.0014112048516126]}, "datetime": {"datetime": "2025-08-13 21:27:29", "elapsed": 41977.47516155243, "delta": 27.02738332748413}, "costs": {"total_cost": 502.03127532971195, "time_cost": 92.72200000000001, "final_distance_cost": 1.8241003973703391, "oscillation_cost": 307.1233007479012, "completition_cost": 0.0, "overshoot_cost": 52.99992630674994, "power_cost": 20.25008679199219, "noise_cost": 27.111861085698187, "n_waypoints_completed": 9, "tot_waypoints": 9}}
{"target": -276.1787377096498, "params": {"k_pid_pos": [2.0, 0.0, 0.230135874276449], "k_pid_alt": [1.3851356058724875, 0.9010502605053353, 0.07754037803636875], "k_pid_att": [9.080757991692492, 3.157378779761357, 0.5561448148098694], "k_pid_yaw": [0.5, 1e-06, 0.1], "k_pid_hsp": [5.903888694833106, 0.07470193959688291, 0.0], "k_pid_vsp": [301.43378002675496, 334.76653956694696, 99.50736187481374]}, "datetime": {"datetime": "2025-08-13 21:28:01", "elapsed": 42009.93368721008, "delta": 32.45852565765381}, "costs": {"total_cost": 276.1787377096498, "time_cost": 97.699, "final_distance_cost": 1.7599772069680668, "oscillation_cost": 66.66866697819395, "completition_cost": 0.0, "overshoot_cost": 57.2098301568603, "power_cost": 27.39315524902344, "noise_cost": 25.448108118604015, "n_waypoints_completed": 9, "tot_waypoints": 9}}
{"target": -887.120198045668, "params": {"k_pid_pos": [0.6001295841457503, 0.18404541272483244, 0.965588726575838], "k_pid_alt": [0.4572304866573096, 0.8472999340326154, 0.10292601831766923], "k_pid_att": [12.977542741860681, 2.991096741964287, 0.7029267483081119], "k_pid_yaw": [0.5, 1e-06, 0.1], "k_pid_hsp": [6.143730043283136, 0.9322028775418056, 0.8017973371153705], "k_pid_vsp": [266.6985754988547, 271.8780946775367, 49.87243350555101]}, "datetime": {"datetime": "2025-08-13 21:28:35", "elapsed": 42043.432247400284, "delta": 33.498560190200806}, "costs": {"total_cost": 887.120198045668, "time_cost": 150, "final_distance_cost": 71.90264367066494, "oscillation_cost": 328.80541313659995, "completition_cost": 222.2222222222222, "overshoot_cost": 53.72813637331883, "power_cost": 31.26492711181641, "noise_cost": 29.196855531045554, "n_waypoints_completed": 7, "tot_waypoints": 9}}
{"target": -379.53759374370827, "params": {"k_pid_pos": [1.998034155955246, 0.46650787789081105, 0.9487082620350313], "k_pid_alt": [1.3053226139231233, 0.042298309361777586, 0.8812699457830356], "k_pid_att": [6.837766141957657, 2.067899008480206, 0.3042409911595094], "k_pid_yaw": [0.5, 1e-06, 0.1], "k_pid_hsp": [8.000627059124152, 0.11099651829756563, 0.7451613570850368], "k_pid_vsp": [299.94739964160726, 345.61011828189106, 103.33432839123454]}, "datetime": {"datetime": "2025-08-13 21:29:02", "elapsed": 42070.37907218933, "delta": 26.94682478904724}, "costs": {"total_cost": 379.53759374370827, "time_cost": 84.595, "final_distance_cost": 1.7663616681483925, "oscillation_cost": 195.98279071392244, "completition_cost": 0.0, "overshoot_cost": 52.71960317908876, "power_cost": 23.354589221191407, "noise_cost": 21.119248961357226, "n_waypoints_completed": 9, "tot_waypoints": 9}}
{"target": -887.157020090042, "params": {"k_pid_pos": [0.26417511066343885, 0.20928990767354105, 0.2924304672775895], "k_pid_alt": [0.9246990949966583, 0.3950065799273482, 0.571989799858944], "k_pid_att": [5.019449081139992, 2.8869544020933082, 0.12098603055972645], "k_pid_yaw": [0.5, 1e-06, 0.1], "k_pid_hsp": [6.190628855984369, 0.8316873818717349, 0.8274818675856831], "k_pid_vsp": [166.03548556645381, 9.821963778295862, 15.010722296016016]}, "datetime": {"datetime": "2025-08-13 21:29:39", "elapsed": 42107.85245847702, "delta": 37.47338628768921}, "costs": {"total_cost": 887.157020090042, "time_cost": 150, "final_distance_cost": 66.34844567547067, "oscillation_cost": 320.98567352739565, "completition_cost": 222.2222222222222, "overshoot_cost": 53.40319221018093, "power_cost": 39.3021715209961, "noise_cost": 34.89531493377649, "n_waypoints_completed": 7, "tot_waypoints": 9}}
{"target": -1307.0712136369655, "params": {"k_pid_pos": [0.15993840807878543, 0.18342775127429245, 0.9776250749161569], "k_pid_alt": [0.517609916005237, 0.7266002737290421, 0.439394779880074], "k_pid_att": [12.72006782580668, 3.6115710828996668, 0.5005983558854575], "k_pid_yaw": [0.5, 1e-06, 0.1], "k_pid_hsp": [4.872006087448087, 0.8890194225767577, 0.24912824110229514], "k_pid_vsp": [148.88854070712324, 19.75197495129181, 3.7976051117292644]}, "datetime": {"datetime": "2025-08-13 21:30:13", "elapsed": 42141.11504435539, "delta": 33.26258587837219}, "costs": {"total_cost": 1307.0712136369655, "time_cost": 150, "final_distance_cost": 44.079216585671816, "oscillation_cost": 429.04887131577357, "completition_cost": 555.5555555555555, "overshoot_cost": 64.15692034594366, "power_cost": 29.731395141601563, "noise_cost": 34.49925469241931, "n_waypoints_completed": 4, "tot_waypoints": 9}}
{"target": -1551.0186490082185, "params": {"k_pid_pos": [0.03920354550843901, 0.14973303686972994, 0.7959255793927655], "k_pid_alt": [0.8964225535132366, 0.10550182101503103, 0.17215473490257527], "k_pid_att": [23.684628733033254, 2.2093422440488983, 0.5630142768388103], "k_pid_yaw": [0.5, 1e-06, 0.1], "k_pid_hsp": [5.1365896177062735, 0.9163986582591686, 0.2511318937302458], "k_pid_vsp": [291.61829641971633, 342.5266546094447, 103.05018131535462]}, "datetime": {"datetime": "2025-08-13 21:30:45", "elapsed": 42173.83664703369, "delta": 32.72160267829895}, "costs": {"total_cost": 1551.0186490082185, "time_cost": 150, "final_distance_cost": 85.68011952980136, "oscillation_cost": 516.8860503835479, "completition_cost": 666.6666666666667, "overshoot_cost": 70.51623595732167, "power_cost": 32.61433078613281, "noise_cost": 28.655245684748348, "n_waypoints_completed": 3, "tot_waypoints": 9}}
{"target": -528.8126787009697, "params": {"k_pid_pos": [0.9700777074319112, 0.9134599414016676, 0.8855052794952906], "k_pid_alt": [1.395421512673261, 0.6319732390142665, 0.04399404650314365], "k_pid_att": [23.23736724899639, 6.804273426516121, 0.2823937879337147], "k_pid_yaw": [0.5, 1e-06, 0.1], "k_pid_hsp": [1.820738356324153, 0.60739842416828, 0.5288861186361502], "k_pid_vsp": [304.79239746508233, 329.3764805500244, 74.66097146284878]}, "datetime": {"datetime": "2025-08-13 21:31:19", "elapsed": 42207.28924202919, "delta": 33.45259499549866}, "costs": {"total_cost": 528.8126787009697, "time_cost": 117.026, "final_distance_cost": 1.7961571393779758, "oscillation_cost": 297.26763052220446, "completition_cost": 0.0, "overshoot_cost": 59.97308302603392, "power_cost": 26.245605993652344, "noise_cost": 26.504202019701022, "n_waypoints_completed": 9, "tot_waypoints": 9}}
{"target": -348.180564954409, "params": {"k_pid_pos": [1.7098467967733357, 0.9529321751404963, 0.7015229110508802], "k_pid_alt": [1.7084046411717093, 0.7565421235962494, 0.7459375407480631], "k_pid_att": [5.138217878654339, 4.116536086475177, 0.42345642938919204], "k_pid_yaw": [0.5, 1e-06, 0.1], "k_pid_hsp": [6.6443976980189845, 0.42595193786314245, 0.5259309572078265], "k_pid_vsp": [291.9881154802304, 281.03259216738735, 68.27240585227169]}, "datetime": {"datetime": "2025-08-13 21:31:49", "elapsed": 42237.81747031212, "delta": 30.528228282928467}, "costs": {"total_cost": 348.180564954409, "time_cost": 90.286, "final_distance_cost": 1.7664407073087947, "oscillation_cost": 152.31272054987284, "completition_cost": 0.0, "overshoot_cost": 56.36836403894845, "power_cost": 24.793172766113283, "noise_cost": 22.65386689216564, "n_waypoints_completed": 9, "tot_waypoints": 9}}
{"target": -426.03297834340026, "params": {"k_pid_pos": [1.033762224146002, 0.22773679496658727, 0.46759162013570765], "k_pid_alt": [1.6809043271391058, 0.2253753761248498, 0.4121327790912839], "k_pid_att": [9.59773228922236, 8.925318680761164, 0.5631317049904261], "k_pid_yaw": [0.5, 1e-06, 0.1], "k_pid_hsp": [8.42264436145636, 0.5763618073224458, 0.43030936789423124], "k_pid_vsp": [163.0941173589716, 35.36602566807678, 4.667469622600296]}, "datetime": {"datetime": "2025-08-13 21:32:17", "elapsed": 42265.375906944275, "delta": 27.558436632156372}, "costs": {"total_cost": 426.03297834340026, "time_cost": 96.53, "final_distance_cost": 1.7596456971408454, "oscillation_cost": 227.99487367272238, "completition_cost": 0.0, "overshoot_cost": 53.23714691709545, "power_cost": 19.76498465576172, "noise_cost": 26.74632740067984, "n_waypoints_completed": 9, "tot_waypoints": 9}}
{"target": -1233.180663364816, "params": {"k_pid_pos": [0.20138985316121236, 0.00288558869935418, 0.5300256438897604], "k_pid_alt": [0.43707200304571914, 0.8627712840034885, 0.2005705653400902], "k_pid_att": [11.358822800608092, 3.2523642979813014, 0.9265831498678779], "k_pid_yaw": [0.5, 1e-06, 0.1], "k_pid_hsp": [6.228254120468252, 0.27194283983303025, 0.7383961631509113], "k_pid_vsp": [310.5961721543998, 346.9645043510736, 107.38649436193923]}, "datetime": {"datetime": "2025-08-13 21:32:55", "elapsed": 42303.3942296505, "delta": 38.018322706222534}, "costs": {"total_cost": 1233.180663364816, "time_cost": 150, "final_distance_cost": 52.41419502476441, "oscillation_cost": 346.61763793074965, "completition_cost": 555.5555555555555, "overshoot_cost": 65.32313490209754, "power_cost": 33.65283580322266, "noise_cost": 29.617304148426268, "n_waypoints_completed": 4, "tot_waypoints": 9}}
{"target": -350.97387972132094, "params": {"k_pid_pos": [1.88912808895167, 0.26555387392296426, 0.5118354243730967], "k_pid_alt": [1.3870114936676254, 0.7761452629398142, 0.9605631045256788], "k_pid_att": [5.181223864794903, 4.602439069620738, 0.9467263805899739], "k_pid_yaw": [0.5, 1e-06, 0.1], "k_pid_hsp": [5.056212012637914, 0.06504945427352837, 0.7149046948864742], "k_pid_vsp": [308.3424802164148, 325.8598957949126, 109.531873946952]}, "datetime": {"datetime": "2025-08-13 21:33:22", "elapsed": 42330.07384133339, "delta": 26.679611682891846}, "costs": {"total_cost": 350.97387972132094, "time_cost": 92.876, "final_distance_cost": 1.7527278128179233, "oscillation_cost": 150.09761181097383, "completition_cost": 0.0, "overshoot_cost": 59.379741708976965, "power_cost": 24.852472497558594, "noise_cost": 22.01532589099363, "n_waypoints_completed": 9, "tot_waypoints": 9}}
{"target": -767.6624623615927, "params": {"k_pid_pos": [0.8593718328168211, 0.5176190756958058, 0.9524639612420628], "k_pid_alt": [1.7284417764022098, 0.48186157450472356, 0.43598960400791764], "k_pid_att": [58.54130333584821, 8.369269362901528, 0.8463945788421648], "k_pid_yaw": [0.5, 1e-06, 0.1], "k_pid_hsp": [8.309932505684255, 0.09394388502217943, 0.2763058449381488], "k_pid_vsp": [83.89938821448264, 360.17372532335605, 39.86988241908139]}, "datetime": {"datetime": "2025-08-13 21:33:55", "elapsed": 42363.35232400894, "delta": 33.27848267555237}, "costs": {"total_cost": 767.6624623615927, "time_cost": 116.116, "final_distance_cost": 1.79273469071098, "oscillation_cost": 533.9042773074317, "completition_cost": 0.0, "overshoot_cost": 56.00411408239784, "power_cost": 32.28643732910157, "noise_cost": 27.558898951950713, "n_waypoints_completed": 9, "tot_waypoints": 9}}
{"target": -462.33286364185716, "params": {"k_pid_pos": [0.8803100488461564, 0.24000261651986587, 0.9375914921939161], "k_pid_alt": [1.7833116409956529, 0.9996677822653003, 0.7722575094201056], "k_pid_att": [14.63490822130209, 5.439315068187813, 0.9523358017832186], "k_pid_yaw": [0.5, 1e-06, 0.1], "k_pid_hsp": [8.75141834821089, 0.2962764237324177, 0.7882143114013425], "k_pid_vsp": [305.8517086825586, 304.54159517495145, 111.45885229208153]}, "datetime": {"datetime": "2025-08-13 21:34:26", "elapsed": 42394.656868457794, "delta": 31.30454444885254}, "costs": {"total_cost": 462.33286364185716, "time_cost": 112.917, "final_distance_cost": 1.8188239565691686, "oscillation_cost": 237.7814233896768, "completition_cost": 0.0, "overshoot_cost": 59.62355423874364, "power_cost": 25.14068790283203, "noise_cost": 25.051374154035525, "n_waypoints_completed": 9, "tot_waypoints": 9}}
{"target": -554.5170356279956, "params": {"k_pid_pos": [0.9303835478781111, 0.2471975491188566, 0.7007880764563638], "k_pid_alt": [0.985816094650374, 0.5742044036127555, 0.7600326676842687], "k_pid_att": [9.093993649497234, 6.6966695028499075, 0.8976095904186949], "k_pid_yaw": [0.5, 1e-06, 0.1], "k_pid_hsp": [7.205454100853054, 0.4794381486329369, 0.3965923114737163], "k_pid_vsp": [166.76435997876112, 19.28220004434688, 20.806346560594637]}, "datetime": {"datetime": "2025-08-13 21:34:58", "elapsed": 42426.60157704353, "delta": 31.944708585739136}, "costs": {"total_cost": 554.5170356279956, "time_cost": 115.444, "final_distance_cost": 1.7757136066159191, "oscillation_cost": 305.00323620863406, "completition_cost": 0.0, "overshoot_cost": 59.984563048376195, "power_cost": 37.49104125976562, "noise_cost": 34.81848150460384, "n_waypoints_completed": 9, "tot_waypoints": 9}}
