{"target": -686.7237869616526, "params": {"k_pid_pos": [1.7724999477893042, 0.8325711458148114, 0.2568556139623607], "k_pid_alt": [1.81941540322879, 0.19060826633101147, 0.18140394945595006], "k_pid_att": [17.870651787892776, 1.455803705177366, 0.9149721244938805], "k_pid_yaw": [0.5, 1e-06, 0.1], "k_pid_hsp": [3.8196029839347574, 0.931091563491902, 0.7840248642241632], "k_pid_vsp": [199.65974741013733, 299.71077705806954, 21.8982576536038]}, "datetime": {"datetime": "2025-08-13 21:35:34", "elapsed": 42462.739862918854, "delta": 36.138285875320435}, "costs": {"total_cost": 686.7237869616526, "time_cost": 150, "final_distance_cost": 68.77380726368543, "oscillation_cost": 131.46475094141238, "completition_cost": 222.2222222222222, "overshoot_cost": 56.57059417893066, "power_cost": 30.05807391357422, "noise_cost": 27.63433844182778, "n_waypoints_completed": 7, "tot_waypoints": 9}}
{"target": -1237.782172166415, "params": {"k_pid_pos": [0.2874336291302195, 0.5562766169681774, 0.2536029242201945], "k_pid_alt": [0.34949211828397275, 0.8468127179789916, 0.8341089498314438], "k_pid_att": [10.996543137307313, 4.081722007995995, 0.8510538144302171], "k_pid_yaw": [0.5, 1e-06, 0.1], "k_pid_hsp": [4.921766540549927, 0.9261937225534367, 0.5376637562990468], "k_pid_vsp": [326.24337786934433, 345.7065215483567, 113.65798073838306]}, "datetime": {"datetime": "2025-08-13 21:36:07", "elapsed": 42495.557233572006, "delta": 32.817370653152466}, "costs": {"total_cost": 1237.782172166415, "time_cost": 150, "final_distance_cost": 52.49156250184045, "oscillation_cost": 250.17704168654438, "completition_cost": 666.6666666666667, "overshoot_cost": 50.24302205948268, "power_cost": 36.80299508056641, "noise_cost": 31.400884171314274, "n_waypoints_completed": 3, "tot_waypoints": 9}}
{"target": -972.3265128804505, "params": {"k_pid_pos": [0.34018405511453986, 0.3050638205628772, 0.30187126086886473], "k_pid_alt": [1.7572999674197634, 0.7937924093303343, 0.6985308843385284], "k_pid_att": [21.64914672433591, 8.441935856873867, 0.025537656593568436], "k_pid_yaw": [0.5, 1e-06, 0.1], "k_pid_hsp": [8.31700429754243, 0.037873134396466, 0.3618734718131923], "k_pid_vsp": [255.90530164736035, 284.3450584189278, 50.27835136247643]}, "datetime": {"datetime": "2025-08-13 21:36:43", "elapsed": 42531.65845012665, "delta": 36.101216554641724}, "costs": {"total_cost": 972.3265128804505, "time_cost": 150, "final_distance_cost": 50.06471754232742, "oscillation_cost": 544.7964892616998, "completition_cost": 111.11111111111116, "overshoot_cost": 54.06516225556002, "power_cost": 32.73312670898438, "noise_cost": 29.55590600076768, "n_waypoints_completed": 8, "tot_waypoints": 9}}
{"target": -373.93518215822314, "params": {"k_pid_pos": [0.45741395786133837, 0.5813958569641419, 0.33273382150346564], "k_pid_alt": [1.0467334528887717, 0.11600558464711741, 0.38213872157245554], "k_pid_att": [10.219661879520936, 6.164120740412635, 0.8850855073729472], "k_pid_yaw": [0.5, 1e-06, 0.1], "k_pid_hsp": [2.3426341634579124, 0.8122685052626031, 0.252075991774638], "k_pid_vsp": [161.2622471272487, 46.600056276294495, 13.461848503605255]}, "datetime": {"datetime": "2025-08-13 21:37:14", "elapsed": 42562.184764146805, "delta": 30.52631402015686}, "costs": {"total_cost": 373.93518215822314, "time_cost": 109.263, "final_distance_cost": 1.7995645693271682, "oscillation_cost": 148.97174548808255, "completition_cost": 0.0, "overshoot_cost": 53.15396175276319, "power_cost": 32.17521942138672, "noise_cost": 28.57169092666358, "n_waypoints_completed": 9, "tot_waypoints": 9}}
{"target": -1372.1554049520207, "params": {"k_pid_pos": [0.10474341144119546, 0.7275837807869975, 0.1968488396113901], "k_pid_alt": [0.09554684617141485, 0.36783830860716915, 0.5815960474169699], "k_pid_att": [14.401505106206724, 4.391894311991655, 0.25777509753251593], "k_pid_yaw": [0.5, 1e-06, 0.1], "k_pid_hsp": [6.2834335406783595, 0.9166433678561232, 0.9767636771284988], "k_pid_vsp": [308.6192449952785, 299.80848734909046, 107.53359885230073]}, "datetime": {"datetime": "2025-08-13 21:37:51", "elapsed": 42599.35750031471, "delta": 37.172736167907715}, "costs": {"total_cost": 1372.1554049520207, "time_cost": 150, "final_distance_cost": 87.51813335128033, "oscillation_cost": 241.39588941518926, "completition_cost": 777.7777777777778, "overshoot_cost": 47.3027858878532, "power_cost": 37.45651632080078, "noise_cost": 30.70430219911938, "n_waypoints_completed": 2, "tot_waypoints": 9}}
{"target": -639.8405721160489, "params": {"k_pid_pos": [1.6040720441437408, 0.8703073930313543, 0.8184579862291884], "k_pid_alt": [0.05158085645546806, 0.22759146145585052, 0.9728692583585166], "k_pid_att": [7.443476727157893, 3.115107905693411, 0.8464851259708842], "k_pid_yaw": [0.5, 1e-06, 0.1], "k_pid_hsp": [8.131144335501087, 0.5028284350047862, 0.806595814219999], "k_pid_vsp": [176.22296006922946, 17.278548795974274, 22.94047556696045]}, "datetime": {"datetime": "2025-08-13 21:38:32", "elapsed": 42639.99530315399, "delta": 40.637802839279175}, "costs": {"total_cost": 639.8405721160489, "time_cost": 150, "final_distance_cost": 61.140519530711806, "oscillation_cost": 195.50781659512464, "completition_cost": 111.11111111111116, "overshoot_cost": 64.61720124090058, "power_cost": 28.77842019042969, "noise_cost": 28.685503447770994, "n_waypoints_completed": 8, "tot_waypoints": 9}}
{"target": -380.6803894791289, "params": {"k_pid_pos": [1.7520318830276425, 0.2237242175808586, 0.5752720297795006], "k_pid_alt": [1.8273673907306516, 0.3446111874763368, 0.31572953463140496], "k_pid_att": [19.715015173488915, 9.452482900169363, 0.865387734094204], "k_pid_yaw": [0.5, 1e-06, 0.1], "k_pid_hsp": [9.899328619923688, 0.19872620135972607, 0.45821676601625894], "k_pid_vsp": [302.9027223155751, 333.8733274879632, 96.12566574694911]}, "datetime": {"datetime": "2025-08-13 21:38:58", "elapsed": 42666.64227938652, "delta": 26.646976232528687}, "costs": {"total_cost": 380.6803894791289, "time_cost": 82.075, "final_distance_cost": 1.7727098614594714, "oscillation_cost": 206.27319222797715, "completition_cost": 0.0, "overshoot_cost": 51.3221713969505, "power_cost": 20.10783620605469, "noise_cost": 19.12947978668705, "n_waypoints_completed": 9, "tot_waypoints": 9}}
{"target": -486.0128886077652, "params": {"k_pid_pos": [1.1758478919346502, 0.6738894899937995, 0.45199079525700725], "k_pid_alt": [1.1134658546716076, 0.7286491203447891, 0.43626352774350374], "k_pid_att": [10.568368934390849, 2.4795693974859105, 0.03633740810599795], "k_pid_yaw": [0.5, 1e-06, 0.1], "k_pid_hsp": [5.9670974010591324, 0.27172123798314973, 0.44531531148481873], "k_pid_vsp": [299.8997485516969, 337.12036448792554, 95.49874746487957]}, "datetime": {"datetime": "2025-08-13 21:39:29", "elapsed": 42697.06596493721, "delta": 30.423685550689697}, "costs": {"total_cost": 486.0128886077652, "time_cost": 100.681, "final_distance_cost": 1.7848529034319602, "oscillation_cost": 273.3326500421793, "completition_cost": 0.0, "overshoot_cost": 57.113677703883894, "power_cost": 27.374327746582033, "noise_cost": 25.726380211688085, "n_waypoints_completed": 9, "tot_waypoints": 9}}
{"target": -824.1124828575175, "params": {"k_pid_pos": [1.5106516803236962, 0.9608004819089059, 0.09407358456650372], "k_pid_alt": [1.477777951762119, 0.9220795067098764, 0.12568179022432313], "k_pid_att": [9.287938817231145, 1.6004616216796377, 0.5420286851003626], "k_pid_yaw": [0.5, 1e-06, 0.1], "k_pid_hsp": [7.813918953457858, 0.7623484019129695, 0.48661232739303906], "k_pid_vsp": [197.69678346755134, 300.62891479358944, 3.1286897438730863]}, "datetime": {"datetime": "2025-08-13 21:40:05", "elapsed": 42733.24107956886, "delta": 36.17511463165283}, "costs": {"total_cost": 824.1124828575175, "time_cost": 150, "final_distance_cost": 77.43034992659565, "oscillation_cost": 119.1749907135016, "completition_cost": 333.33333333333337, "overshoot_cost": 68.60672979829137, "power_cost": 39.69836569824219, "noise_cost": 35.86871338755324, "n_waypoints_completed": 6, "tot_waypoints": 9}}
{"target": -1203.5400955165499, "params": {"k_pid_pos": [0.07381120402683766, 0.49283411878174066, 0.7257028832937867], "k_pid_alt": [0.9864206582192043, 0.6888189820902364, 0.46369781243884145], "k_pid_att": [10.453872584051805, 3.8033910263766924, 0.3449971745070125], "k_pid_yaw": [0.5, 1e-06, 0.1], "k_pid_hsp": [8.458328875686984, 0.5741151123055933, 0.8766962631008628], "k_pid_vsp": [293.28876984672576, 336.6286033358095, 102.66014385685347]}, "datetime": {"datetime": "2025-08-13 21:40:40", "elapsed": 42768.22303843498, "delta": 34.981958866119385}, "costs": {"total_cost": 1203.5400955165499, "time_cost": 150, "final_distance_cost": 51.84969629831929, "oscillation_cost": 330.2237955176916, "completition_cost": 555.5555555555555, "overshoot_cost": 62.09948286738919, "power_cost": 26.487015661621093, "noise_cost": 27.324549615973, "n_waypoints_completed": 4, "tot_waypoints": 9}}
{"target": -486.27258848241524, "params": {"k_pid_pos": [1.7148449878157772, 0.3854483438474641, 0.1395577774667376], "k_pid_alt": [0.6190105565189736, 0.6620456151961833, 0.4381507897629084], "k_pid_att": [26.406241072372122, 5.529980384074116, 1.0], "k_pid_yaw": [0.5, 1e-06, 0.1], "k_pid_hsp": [7.296319176952189, 0.7533887325395604, 0.3172635245379535], "k_pid_vsp": [157.21028373076027, 15.596017015096994, 16.126224316321597]}, "datetime": {"datetime": "2025-08-13 21:41:13", "elapsed": 42801.10243654251, "delta": 32.87939810752869}, "costs": {"total_cost": 486.27258848241524, "time_cost": 108.255, "final_distance_cost": 1.7873585086268284, "oscillation_cost": 259.301950096104, "completition_cost": 0.0, "overshoot_cost": 61.85222953886254, "power_cost": 27.234033813476564, "noise_cost": 27.842016525345297, "n_waypoints_completed": 9, "tot_waypoints": 9}}
{"target": -1015.6268428123174, "params": {"k_pid_pos": [0.5484826645446871, 0.29886641333352404, 0.2977109194762414], "k_pid_alt": [1.7781596545203826, 0.9857987336647777, 0.23303705386520956], "k_pid_att": [1.5801648479389363, 7.140695172422525, 0.08627280687155847], "k_pid_yaw": [0.5, 1e-06, 0.1], "k_pid_hsp": [6.4139658955299295, 0.8042676364650173, 0.3630279809144178], "k_pid_vsp": [284.47348797220377, 280.4372914651416, 66.17855366879691]}, "datetime": {"datetime": "2025-08-13 21:41:45", "elapsed": 42833.91403079033, "delta": 32.81159424781799}, "costs": {"total_cost": 1015.6268428123174, "time_cost": 150, "final_distance_cost": 69.05889002740902, "oscillation_cost": 468.0848773353103, "completition_cost": 222.2222222222222, "overshoot_cost": 56.842426446549396, "power_cost": 25.02023631591797, "noise_cost": 24.39819046490854, "n_waypoints_completed": 7, "tot_waypoints": 9}}
{"target": -355.06989225317784, "params": {"k_pid_pos": [1.7940748531797712, 0.5903224913757158, 0.6664127028623451], "k_pid_alt": [1.1097097871625052, 0.001136626004455299, 0.7481900144127999], "k_pid_att": [11.918361333221162, 4.512962956791257, 0.617475803034296], "k_pid_yaw": [0.5, 1e-06, 0.1], "k_pid_hsp": [6.014656852690141, 0.40126608088698257, 0.7354429413925961], "k_pid_vsp": [277.5423940253508, 274.21026666224355, 47.50440176333495]}, "datetime": {"datetime": "2025-08-13 21:42:13", "elapsed": 42861.63800358772, "delta": 27.7239727973938}, "costs": {"total_cost": 355.06989225317784, "time_cost": 80.64, "final_distance_cost": 1.8048702261770433, "oscillation_cost": 177.86718058833898, "completition_cost": 0.0, "overshoot_cost": 53.12085824835906, "power_cost": 21.735283349609375, "noise_cost": 19.90169984069336, "n_waypoints_completed": 9, "tot_waypoints": 9}}
{"target": -808.0832380437039, "params": {"k_pid_pos": [0.24279784038624214, 0.14934221032117734, 0.06727254532961569], "k_pid_alt": [0.17229773232030743, 0.7830196453762157, 0.5914200070948284], "k_pid_att": [11.569805606345994, 2.328522635869136, 0.6322559646784556], "k_pid_yaw": [0.5, 1e-06, 0.1], "k_pid_hsp": [1.9328919223567138, 0.5409901168477668, 0.3923874514104895], "k_pid_vsp": [175.67931619063702, 14.625593505731757, 6.843395364275086]}, "datetime": {"datetime": "2025-08-13 21:42:46", "elapsed": 42894.443826437, "delta": 32.80582284927368}, "costs": {"total_cost": 808.0832380437039, "time_cost": 150, "final_distance_cost": 74.50135179339904, "oscillation_cost": 236.73783130689543, "completition_cost": 222.2222222222222, "overshoot_cost": 65.49391993592447, "power_cost": 27.324714782714846, "noise_cost": 31.803198002547873, "n_waypoints_completed": 7, "tot_waypoints": 9}}
{"target": -334.1171583232085, "params": {"k_pid_pos": [0.5461220739649176, 0.5093829321730865, 0.23692644413625186], "k_pid_alt": [0.9293143206560381, 0.062085685303780225, 0.40179761682286297], "k_pid_att": [3.5511575748063184, 2.763997869611975, 0.8689112859835493], "k_pid_yaw": [0.5, 1e-06, 0.1], "k_pid_hsp": [9.25793223056757, 0.7191981781860646, 0.3357317335098011], "k_pid_vsp": [249.57390303887377, 286.461593279894, 51.49476472778123]}, "datetime": {"datetime": "2025-08-13 21:43:21", "elapsed": 42929.08817243576, "delta": 34.64434599876404}, "costs": {"total_cost": 334.1171583232085, "time_cost": 109.186, "final_distance_cost": 1.8086467162373698, "oscillation_cost": 120.23218537524008, "completition_cost": 0.0, "overshoot_cost": 53.95124887829845, "power_cost": 24.88346597900391, "noise_cost": 24.055611374428704, "n_waypoints_completed": 9, "tot_waypoints": 9}}
{"target": -1083.2444697587046, "params": {"k_pid_pos": [0.9905353406772105, 0.7764256569515928, 0.054794876393217784], "k_pid_alt": [1.3003956247467887, 0.5910228539713677, 0.2786526421793529], "k_pid_att": [20.345331654397825, 0.5344975511017899, 0.5091425375314992], "k_pid_yaw": [0.5, 1e-06, 0.1], "k_pid_hsp": [1.4331574214574263, 0.4729849936128284, 0.894342237734671], "k_pid_vsp": [187.20084823544005, 306.57198125511076, 10.050565431103815]}, "datetime": {"datetime": "2025-08-13 21:43:57", "elapsed": 42965.57803106308, "delta": 36.489858627319336}, "costs": {"total_cost": 1083.2444697587046, "time_cost": 150, "final_distance_cost": 37.6309781632635, "oscillation_cost": 162.35243809687998, "completition_cost": 555.5555555555555, "overshoot_cost": 65.6659984191014, "power_cost": 49.03310793457032, "noise_cost": 63.00639158933392, "n_waypoints_completed": 4, "tot_waypoints": 9}}
{"target": -253.78935281736565, "params": {"k_pid_pos": [0.9334287315346849, 0.08602916913408709, 0.4463849842826252], "k_pid_alt": [0.9840131825020633, 0.26852185831197695, 0.7221062763754315], "k_pid_att": [13.1531347030991, 1.4481566988587469, 0.8465164890351153], "k_pid_yaw": [0.5, 1e-06, 0.1], "k_pid_hsp": [1.8165739869763293, 0.664439686952092, 0.09897030752651204], "k_pid_vsp": [317.19111397970903, 354.40485534728396, 91.78913765402662]}, "datetime": {"datetime": "2025-08-13 21:44:23", "elapsed": 42991.34470295906, "delta": 25.766671895980835}, "costs": {"total_cost": 253.78935281736565, "time_cost": 78.995, "final_distance_cost": 1.8031377108930382, "oscillation_cost": 81.00576445198963, "completition_cost": 0.0, "overshoot_cost": 51.03395940473489, "power_cost": 21.6593666015625, "noise_cost": 19.2921246481856, "n_waypoints_completed": 9, "tot_waypoints": 9}}
{"target": -442.63143240386984, "params": {"k_pid_pos": [1.691569100360454, 0.877563996578304, 0.6264332311014913], "k_pid_alt": [1.398559148163002, 0.7904691857683831, 0.374270423081591], "k_pid_att": [22.313377496027165, 8.326805341474351, 0.7284432498933152], "k_pid_yaw": [0.5, 1e-06, 0.1], "k_pid_hsp": [2.8234944801004884, 0.23898388319018338, 0.4555862002159141], "k_pid_vsp": [323.31499927513767, 327.6023420817319, 93.170189939095]}, "datetime": {"datetime": "2025-08-13 21:44:55", "elapsed": 43023.868580818176, "delta": 32.5238778591156}, "costs": {"total_cost": 442.63143240386984, "time_cost": 97.622, "final_distance_cost": 1.77501628260657, "oscillation_cost": 240.79130623907483, "completition_cost": 0.0, "overshoot_cost": 54.72530949415597, "power_cost": 24.026005615234375, "noise_cost": 23.69179477279804, "n_waypoints_completed": 9, "tot_waypoints": 9}}
{"target": -750.4017239861327, "params": {"k_pid_pos": [0.41468923749270836, 0.5466869238174623, 0.07472569454511546], "k_pid_alt": [1.0988947465994505, 0.7143563575809452, 0.5067462494263144], "k_pid_att": [43.03198131597149, 9.966162549286718, 0.47753592730519556], "k_pid_yaw": [0.5, 1e-06, 0.1], "k_pid_hsp": [0.8435827038519905, 0.7899068961651055, 0.3177636876788723], "k_pid_vsp": [220.49471968485386, 277.7597815481509, 26.63295836100663]}, "datetime": {"datetime": "2025-08-13 21:45:29", "elapsed": 43057.3660261631, "delta": 33.49744534492493}, "costs": {"total_cost": 750.4017239861327, "time_cost": 150, "final_distance_cost": 51.87218558317439, "oscillation_cost": 208.19991583868764, "completition_cost": 222.2222222222222, "overshoot_cost": 54.02273762389571, "power_cost": 33.677827587890626, "noise_cost": 30.406835130261992, "n_waypoints_completed": 7, "tot_waypoints": 9}}
{"target": -1142.68325492824, "params": {"k_pid_pos": [0.09818919558032412, 0.2773377759307173, 0.1966199943342546], "k_pid_alt": [1.0637163763066806, 0.3107667516481827, 0.8131757925799151], "k_pid_att": [12.078650478977815, 4.522254664765376, 0.09558726508971693], "k_pid_yaw": [0.5, 1e-06, 0.1], "k_pid_hsp": [6.265334155366776, 0.233490986975588, 0.11089023681126076], "k_pid_vsp": [172.16524352469992, 33.86883407439757, 10.560057157958616]}, "datetime": {"datetime": "2025-08-13 21:46:02", "elapsed": 43090.2138876915, "delta": 32.847861528396606}, "costs": {"total_cost": 1142.68325492824, "time_cost": 150, "final_distance_cost": 48.819255634987606, "oscillation_cost": 380.1463419784672, "completition_cost": 444.4444444444444, "overshoot_cost": 52.70560138062274, "power_cost": 35.22053221435547, "noise_cost": 31.347079275362837, "n_waypoints_completed": 5, "tot_waypoints": 9}}
{"target": -1053.4820947937035, "params": {"k_pid_pos": [1.0510774265260616, 0.7545056505089581, 0.1703446510987543], "k_pid_alt": [0.033586158765050556, 0.7807976940415701, 0.9700523499011148], "k_pid_att": [50.70674904858221, 7.244780379171663, 0.4075986207090363], "k_pid_yaw": [0.5, 1e-06, 0.1], "k_pid_hsp": [9.913503689804989, 0.41772173642155397, 0.8397958847522774], "k_pid_vsp": [89.40636238043882, 369.070928854582, 43.84288572223288]}, "datetime": {"datetime": "2025-08-13 21:46:38", "elapsed": 43126.69502496719, "delta": 36.4811372756958}, "costs": {"total_cost": 1053.4820947937035, "time_cost": 150, "final_distance_cost": 65.45981365752569, "oscillation_cost": 385.81170748153113, "completition_cost": 333.33333333333337, "overshoot_cost": 60.57485847096585, "power_cost": 29.430240185546875, "noise_cost": 28.87214166480039, "n_waypoints_completed": 6, "tot_waypoints": 9}}
{"target": -1291.2523099017872, "params": {"k_pid_pos": [0.043914293836491265, 0.6924177663211759, 0.12990838656370474], "k_pid_alt": [1.8128715266265965, 0.4877685741076475, 0.21466133955875089], "k_pid_att": [7.383682453352769, 3.522574223232562, 0.1493074914338095], "k_pid_yaw": [0.5, 1e-06, 0.1], "k_pid_hsp": [8.877091611925374, 0.5722173797072913, 0.6848302985599304], "k_pid_vsp": [156.59385119320152, 42.39992922230262, 7.732917396279088]}, "datetime": {"datetime": "2025-08-13 21:47:16", "elapsed": 43164.64074969292, "delta": 37.94572472572327}, "costs": {"total_cost": 1291.2523099017872, "time_cost": 150, "final_distance_cost": 86.77484388755002, "oscillation_cost": 167.33812150557793, "completition_cost": 777.7777777777778, "overshoot_cost": 48.85773786648977, "power_cost": 26.98026103515625, "noise_cost": 33.52356782923546, "n_waypoints_completed": 2, "tot_waypoints": 9}}
{"target": -1462.9606032245267, "params": {"k_pid_pos": [1.1563908817921156, 0.07753954494663062, 0.1211796296426525], "k_pid_alt": [0.41646241496150727, 0.16358411441259868, 0.5943141286488439], "k_pid_att": [32.85562706349513, 5.795691166292687, 0.45962504984239705], "k_pid_yaw": [0.5, 1e-06, 0.1], "k_pid_hsp": [6.671483301707461, 0.041438384248649096, 0.5751001473403095], "k_pid_vsp": [231.30401657527412, 284.8958303804467, 50.20334215966719]}, "datetime": {"datetime": "2025-08-13 21:47:51", "elapsed": 43199.864203214645, "delta": 35.223453521728516}, "costs": {"total_cost": 1462.9606032245267, "time_cost": 150, "final_distance_cost": 37.91618989540137, "oscillation_cost": 502.52358619010096, "completition_cost": 555.5555555555555, "overshoot_cost": 65.952599856251, "power_cost": 54.08389475097656, "noise_cost": 96.9287769762414, "n_waypoints_completed": 4, "tot_waypoints": 9}}
{"target": -686.2886715415898, "params": {"k_pid_pos": [0.5749478933115186, 0.7459447593890682, 0.22513330441710067], "k_pid_alt": [0.5120170142047655, 0.10410722057581201, 0.30526206999668437], "k_pid_att": [7.919793686238197, 5.95897594451047, 0.5807864207347789], "k_pid_yaw": [0.5, 1e-06, 0.1], "k_pid_hsp": [1.7709489232118276, 0.8155925925194032, 0.2828057038298729], "k_pid_vsp": [312.8730710048226, 326.9717813054311, 105.92720215494181]}, "datetime": {"datetime": "2025-08-13 21:48:30", "elapsed": 43238.37297272682, "delta": 38.508769512176514}, "costs": {"total_cost": 686.2886715415898, "time_cost": 150, "final_distance_cost": 65.32605982219374, "oscillation_cost": 142.99508510133836, "completition_cost": 222.2222222222222, "overshoot_cost": 47.72298151413712, "power_cost": 30.96084822998047, "noise_cost": 27.06147465171797, "n_waypoints_completed": 7, "tot_waypoints": 9}}
