{"target": -1108.1866622978653, "params": {"k_pid_pos": [0.1837533709108704, 0.06740470987716762, 0.43438814090977096], "k_pid_alt": [1.0222110652899221, 0.21276236319388908, 0.500660812710959], "k_pid_att": [12.277958384777266, 9.38299136864442, 0.5089584849203826], "k_pid_yaw": [0.5, 1e-06, 0.1], "k_pid_hsp": [2.9738645832007244, 0.5483020397713679, 0.8569708191924795], "k_pid_vsp": [310.02663911794866, 338.99374399277553, 90.27248847432578]}, "datetime": {"datetime": "2025-08-14 02:58:17", "elapsed": 61825.62710642815, "delta": 38.54028010368347}, "costs": {"total_cost": 1108.1866622978653, "time_cost": 150, "final_distance_cost": 49.856270846996345, "oscillation_cost": 350.936201300082, "completition_cost": 444.4444444444444, "overshoot_cost": 55.202701753391494, "power_cost": 30.574965100097657, "noise_cost": 27.172078852853414, "n_waypoints_completed": 5, "tot_waypoints": 9}}
{"target": -551.3540142034756, "params": {"k_pid_pos": [0.7543061460498574, 0.8138497072212406, 0.5087415898206478], "k_pid_alt": [1.1726917299149962, 0.37539218853720213, 0.8564430132783766], "k_pid_att": [18.999083530889248, 2.9689690478248676, 0.6917123275528428], "k_pid_yaw": [0.5, 1e-06, 0.1], "k_pid_hsp": [6.711408039865037, 0.476703569751609, 0.42911755623005055], "k_pid_vsp": [311.419040024924, 344.9304053469503, 122.349802697334]}, "datetime": {"datetime": "2025-08-14 02:58:55", "elapsed": 61863.847371816635, "delta": 38.22026538848877}, "costs": {"total_cost": 551.3540142034756, "time_cost": 114.779, "final_distance_cost": 1.7888841204493353, "oscillation_cost": 330.83020719190836, "completition_cost": 0.0, "overshoot_cost": 56.8281459574902, "power_cost": 22.761677404785157, "noise_cost": 24.36609952884246, "n_waypoints_completed": 9, "tot_waypoints": 9}}
{"target": -647.6640546831852, "params": {"k_pid_pos": [1.7542487152460835, 0.8449233999734329, 0.1364827570835958], "k_pid_alt": [1.0330715907168775, 0.3844589385335696, 0.27384274034710965], "k_pid_att": [25.519982186436074, 4.159666153991051, 0.6907666303154536], "k_pid_yaw": [0.5, 1e-06, 0.1], "k_pid_hsp": [3.4490117263046987, 0.06800261576775501, 0.9860085076244252], "k_pid_vsp": [266.1589563770144, 335.3109464926654, 98.57889294672079]}, "datetime": {"datetime": "2025-08-14 02:59:38", "elapsed": 61906.03179335594, "delta": 42.18442153930664}, "costs": {"total_cost": 647.6640546831852, "time_cost": 150, "final_distance_cost": 68.92553214625958, "oscillation_cost": 181.39837721848653, "completition_cost": 111.11111111111116, "overshoot_cost": 71.9579069715866, "power_cost": 34.95807769775391, "noise_cost": 29.313049537987457, "n_waypoints_completed": 8, "tot_waypoints": 9}}
{"target": -482.56029649590573, "params": {"k_pid_pos": [1.5591572873520718, 0.7845989600730525, 0.08298497655246884], "k_pid_alt": [0.7159731009500063, 0.310816529022091, 0.48387084770762945], "k_pid_att": [16.5243505156363, 5.119218503497611, 0.2695618132484945], "k_pid_yaw": [0.5, 1e-06, 0.1], "k_pid_hsp": [4.520908928636747, 0.0517122014883552, 0.7767950187101159], "k_pid_vsp": [287.0428376393429, 321.5034421558974, 108.9313585558389]}, "datetime": {"datetime": "2025-08-14 03:00:20", "elapsed": 61948.70599389076, "delta": 42.67420053482056}, "costs": {"total_cost": 482.56029649590573, "time_cost": 110.11, "final_distance_cost": 1.7791621945471972, "oscillation_cost": 237.28381458751977, "completition_cost": 0.0, "overshoot_cost": 58.60193305395728, "power_cost": 41.09941701660156, "noise_cost": 33.68596964327992, "n_waypoints_completed": 9, "tot_waypoints": 9}}
{"target": -471.71946385330773, "params": {"k_pid_pos": [1.446372041153702, 0.7866224444498758, 0.8926770970269592], "k_pid_alt": [0.917619646170547, 0.429730564293323, 0.9454960572801995], "k_pid_att": [9.447866851713005, 1.5380531759617058, 0.5214645949462702], "k_pid_yaw": [0.5, 1e-06, 0.1], "k_pid_hsp": [8.547110131012323, 0.5071501396688002, 0.50512346628864], "k_pid_vsp": [173.24070963320267, 28.15646153880082, 11.397502920231064]}, "datetime": {"datetime": "2025-08-14 03:00:55", "elapsed": 61983.80689287186, "delta": 35.10089898109436}, "costs": {"total_cost": 471.71946385330773, "time_cost": 100.534, "final_distance_cost": 1.7493854238610553, "oscillation_cost": 249.57214428107827, "completition_cost": 0.0, "overshoot_cost": 56.103920051112546, "power_cost": 33.576505102539066, "noise_cost": 30.183508994716792, "n_waypoints_completed": 9, "tot_waypoints": 9}}
{"target": -393.6186497491732, "params": {"k_pid_pos": [1.6621176822669286, 0.6082297076936409, 0.451071803311034], "k_pid_alt": [0.44960382862242576, 0.7721974714670132, 0.6045205873117164], "k_pid_att": [4.631991398162604, 5.785848389623948, 0.9725152901802583], "k_pid_yaw": [0.5, 1e-06, 0.1], "k_pid_hsp": [6.867289137198689, 0.3433930041624944, 0.5474780307009794], "k_pid_vsp": [298.0666433465653, 302.3510886196594, 115.99736491395802]}, "datetime": {"datetime": "2025-08-14 03:01:33", "elapsed": 62021.53142285347, "delta": 37.72452998161316}, "costs": {"total_cost": 393.6186497491732, "time_cost": 112.539, "final_distance_cost": 1.7807012680285133, "oscillation_cost": 162.49460938138634, "completition_cost": 0.0, "overshoot_cost": 66.201068493031, "power_cost": 26.39405661621094, "noise_cost": 24.20921399051639, "n_waypoints_completed": 9, "tot_waypoints": 9}}
{"target": -1189.7570566974882, "params": {"k_pid_pos": [0.4802304485058585, 0.8465872826664641, 0.43200263858446286], "k_pid_alt": [0.4112477813541613, 0.05310865115744834, 0.7312735828021694], "k_pid_att": [21.153854664938965, 6.02516225946518, 0.9074137764558897], "k_pid_yaw": [0.5, 1e-06, 0.1], "k_pid_hsp": [3.327469682059098, 0.9201051508696788, 0.23728834171056723], "k_pid_vsp": [313.4164276288098, 319.26129607283667, 82.04949291051877]}, "datetime": {"datetime": "2025-08-14 03:02:16", "elapsed": 62064.48073029518, "delta": 42.949307441711426}, "costs": {"total_cost": 1189.7570566974882, "time_cost": 150, "final_distance_cost": 46.21431349933189, "oscillation_cost": 342.71505657586, "completition_cost": 555.5555555555555, "overshoot_cost": 40.120223004271345, "power_cost": 28.630800610351564, "noise_cost": 26.52110745211789, "n_waypoints_completed": 4, "tot_waypoints": 9}}
{"target": -1058.11143250205, "params": {"k_pid_pos": [0.12157770450244815, 0.6304800953302014, 0.7400760918100743], "k_pid_alt": [1.3050173935331215, 0.8636254575626565, 0.4098776967586666], "k_pid_att": [7.977773098083896, 2.7282981476610173, 0.7139166082263724], "k_pid_yaw": [0.5, 1e-06, 0.1], "k_pid_hsp": [9.771182529431568, 0.31359456112104567, 0.9181468815629542], "k_pid_vsp": [299.61968643526006, 337.6973211844936, 84.56610939480946]}, "datetime": {"datetime": "2025-08-14 03:02:55", "elapsed": 62103.11741948128, "delta": 38.63668918609619}, "costs": {"total_cost": 1058.11143250205, "time_cost": 150, "final_distance_cost": 47.26557670253764, "oscillation_cost": 199.47787126758834, "completition_cost": 555.5555555555555, "overshoot_cost": 49.76241017848361, "power_cost": 29.07732227783203, "noise_cost": 26.972696520052935, "n_waypoints_completed": 4, "tot_waypoints": 9}}
{"target": -1652.8928703811807, "params": {"k_pid_pos": [0.24540568034341884, 0.5107580224813103, 0.2699870501964672], "k_pid_alt": [0.053302099240194245, 0.5523721700912633, 0.42181552697457136], "k_pid_att": [17.149034855487287, 0.1871853922652048, 0.5038992052052916], "k_pid_yaw": [0.5, 1e-06, 0.1], "k_pid_hsp": [9.916390242466816, 0.9265553979105025, 0.7476758884237917], "k_pid_vsp": [196.46778190584456, 300.63646878324334, 14.532705568362374]}, "datetime": {"datetime": "2025-08-14 03:03:35", "elapsed": 62143.130824804306, "delta": 40.013405323028564}, "costs": {"total_cost": 1652.8928703811807, "time_cost": 150, "final_distance_cost": 31.45963306556939, "oscillation_cost": 368.0351899061904, "completition_cost": 1000.0, "overshoot_cost": 35.25164654660653, "power_cost": 36.68744636230469, "noise_cost": 31.458954500509865, "n_waypoints_completed": 0, "tot_waypoints": 9}}
{"target": -1017.0106949282064, "params": {"k_pid_pos": [1.1596001331936951, 0.926899231002874, 0.644507807907632], "k_pid_alt": [0.20640331360294972, 0.4923187664220686, 0.5453261501095543], "k_pid_att": [24.697580076330063, 0.05881018465191043, 0.3881180543828925], "k_pid_yaw": [0.5, 1e-06, 0.1], "k_pid_hsp": [8.9783814499132, 0.4023557897428731, 0.5817948901062974], "k_pid_vsp": [316.8322394429758, 344.9275620782735, 123.65796835136906]}, "datetime": {"datetime": "2025-08-14 03:04:21", "elapsed": 62189.88127732277, "delta": 46.750452518463135}, "costs": {"total_cost": 1017.0106949282064, "time_cost": 150, "final_distance_cost": 72.25308206029304, "oscillation_cost": 443.62389264435706, "completition_cost": 222.2222222222222, "overshoot_cost": 55.90184847440917, "power_cost": 39.35258911132813, "noise_cost": 33.657060415596824, "n_waypoints_completed": 7, "tot_waypoints": 9}}
{"target": -553.9223123438262, "params": {"k_pid_pos": [1.8508360374906332, 0.05476645575421024, 0.04277469859964855], "k_pid_alt": [1.5612096845314265, 0.9962450738998498, 0.08459548899353164], "k_pid_att": [60.05958229242108, 1.2964039012077486, 0.16155245590585254], "k_pid_yaw": [0.5, 1e-06, 0.1], "k_pid_hsp": [9.781823142765363, 0.5307971382948051, 0.6012526369173087], "k_pid_vsp": [71.14214620150547, 366.19505507268525, 53.35047328883273]}, "datetime": {"datetime": "2025-08-14 03:05:02", "elapsed": 62230.38741159439, "delta": 40.506134271621704}, "costs": {"total_cost": 553.9223123438262, "time_cost": 103.607, "final_distance_cost": 1.735661013438853, "oscillation_cost": 330.3721457858949, "completition_cost": 0.0, "overshoot_cost": 60.58732892862593, "power_cost": 30.837124353027345, "noise_cost": 26.783052262839227, "n_waypoints_completed": 9, "tot_waypoints": 9}}
{"target": -374.3295312625735, "params": {"k_pid_pos": [1.9108432418093189, 0.8949324813590551, 0.8670737463014101], "k_pid_alt": [1.2948333549048765, 0.5517586719086721, 0.09079659017391295], "k_pid_att": [7.896471246926962, 3.5868310734378737, 0.31545460500312705], "k_pid_yaw": [0.5, 1e-06, 0.1], "k_pid_hsp": [8.312110870831313, 0.6735739258440288, 0.7327174214623727], "k_pid_vsp": [265.2558341515997, 275.8911518435944, 37.08954572064355]}, "datetime": {"datetime": "2025-08-14 03:05:34", "elapsed": 62262.43255639076, "delta": 32.04514479637146}, "costs": {"total_cost": 374.3295312625735, "time_cost": 88.802, "final_distance_cost": 1.747220419133215, "oscillation_cost": 183.43779304918002, "completition_cost": 0.0, "overshoot_cost": 53.96779110223211, "power_cost": 23.64047858886719, "noise_cost": 22.734248103160898, "n_waypoints_completed": 9, "tot_waypoints": 9}}
{"target": -850.3581963822662, "params": {"k_pid_pos": [0.528507370947794, 0.3598199700782604, 0.97429398539578], "k_pid_alt": [0.6763465199436356, 0.958695968519252, 0.7448625323815584], "k_pid_att": [9.459120103604956, 5.26733841394554, 0.6263312282564701], "k_pid_yaw": [0.5, 1e-06, 0.1], "k_pid_hsp": [6.839014925615653, 0.7646549525570105, 0.18403621253721725], "k_pid_vsp": [306.28848078554796, 339.73466799932663, 125.95808918223814]}, "datetime": {"datetime": "2025-08-14 03:06:13", "elapsed": 62300.97262477875, "delta": 38.54006838798523}, "costs": {"total_cost": 850.3581963822662, "time_cost": 150, "final_distance_cost": 75.96603540390367, "oscillation_cost": 284.26194181170234, "completition_cost": 222.2222222222222, "overshoot_cost": 57.509147529048406, "power_cost": 31.969249536132814, "noise_cost": 28.42959987925681, "n_waypoints_completed": 7, "tot_waypoints": 9}}
{"target": -694.7049971646692, "params": {"k_pid_pos": [0.9305093954216067, 0.3613300309690409, 0.6572177552163833], "k_pid_alt": [0.10271489205927531, 0.7486010301616508, 0.650515822098279], "k_pid_att": [12.786538824869542, 3.64970877666656, 0.5846058478181195], "k_pid_yaw": [0.5, 1e-06, 0.1], "k_pid_hsp": [8.050710763939472, 0.6266432786301596, 0.12630186405141042], "k_pid_vsp": [284.8927831038918, 292.53443822613417, 67.23879447767207]}, "datetime": {"datetime": "2025-08-14 03:06:52", "elapsed": 62340.41263079643, "delta": 39.44000601768494}, "costs": {"total_cost": 694.7049971646692, "time_cost": 150, "final_distance_cost": 62.09450043933302, "oscillation_cost": 259.9127726611055, "completition_cost": 111.11111111111116, "overshoot_cost": 60.58542559909996, "power_cost": 25.63223848876953, "noise_cost": 25.368948865249994, "n_waypoints_completed": 8, "tot_waypoints": 9}}
{"target": -1191.126861296673, "params": {"k_pid_pos": [0.1812337121331183, 0.7220952801061423, 0.04277902680472667], "k_pid_alt": [0.0006880513325813187, 0.1597948674456472, 0.8601425657229502], "k_pid_att": [16.46015070476161, 2.581312828643332, 0.42209221298395694], "k_pid_yaw": [0.5, 1e-06, 0.1], "k_pid_hsp": [4.332087912677995, 0.024977142372293315, 0.6359160238705195], "k_pid_vsp": [247.3326948868739, 288.92216422276346, 61.68934479779787]}, "datetime": {"datetime": "2025-08-14 03:07:32", "elapsed": 62380.44334745407, "delta": 40.03071665763855}, "costs": {"total_cost": 1191.126861296673, "time_cost": 150, "final_distance_cost": 55.344332140497464, "oscillation_cost": 184.19897393177837, "completition_cost": 666.6666666666667, "overshoot_cost": 70.01942247852882, "power_cost": 35.22681129150391, "noise_cost": 29.67065478769743, "n_waypoints_completed": 3, "tot_waypoints": 9}}
{"target": -399.2165752104465, "params": {"k_pid_pos": [1.9524740924305002, 0.49180161425122737, 0.9888019632745696], "k_pid_alt": [1.6865055859170455, 0.5620765288640689, 0.9166618088861058], "k_pid_att": [11.446114403166208, 7.122514912887775, 0.29166300488946073], "k_pid_yaw": [0.5, 1e-06, 0.1], "k_pid_hsp": [5.443176536334387, 0.9505206489343705, 0.5296805544714696], "k_pid_vsp": [286.67664945117804, 282.0672001966818, 70.96898250714497]}, "datetime": {"datetime": "2025-08-14 03:08:02", "elapsed": 62410.31126856804, "delta": 29.867921113967896}, "costs": {"total_cost": 399.2165752104465, "time_cost": 80.906, "final_distance_cost": 1.7572715381865827, "oscillation_cost": 219.3341806972145, "completition_cost": 0.0, "overshoot_cost": 52.81655175335017, "power_cost": 23.635210937500002, "noise_cost": 20.767360284195266, "n_waypoints_completed": 9, "tot_waypoints": 9}}
{"target": -874.6130799462776, "params": {"k_pid_pos": [0.6704603646825259, 0.6028407647386771, 0.011520514823337047], "k_pid_alt": [0.5367160354954328, 0.04688283576479524, 0.08623380829811633], "k_pid_att": [10.600702931842864, 2.97208767633898, 0.3188537136522984], "k_pid_yaw": [0.5, 1e-06, 0.1], "k_pid_hsp": [7.330294124651288, 0.6988819064161923, 0.5747751125091071], "k_pid_vsp": [280.89398847046783, 272.56080165645153, 47.42439184701227]}, "datetime": {"datetime": "2025-08-14 03:08:45", "elapsed": 62453.02706170082, "delta": 42.71579313278198}, "costs": {"total_cost": 874.6130799462776, "time_cost": 150, "final_distance_cost": 72.95164328989065, "oscillation_cost": 316.1686005309164, "completition_cost": 222.2222222222222, "overshoot_cost": 44.398188108338616, "power_cost": 37.54515378417969, "noise_cost": 31.327272010730123, "n_waypoints_completed": 7, "tot_waypoints": 9}}
{"target": -741.1330036658509, "params": {"k_pid_pos": [0.6546930697173057, 0.8232736836237439, 0.5996666213053381], "k_pid_alt": [1.3325144043651378, 0.5030454509255151, 0.23897662541912823], "k_pid_att": [14.479264418526594, 8.10658893139382, 0.5308123102867395], "k_pid_yaw": [0.5, 1e-06, 0.1], "k_pid_hsp": [7.235265495191997, 0.2346359983682872, 0.9661055122837572], "k_pid_vsp": [187.46384825292245, 17.289898964517977, 6.963567480570418]}, "datetime": {"datetime": "2025-08-14 03:09:27", "elapsed": 62494.986603975296, "delta": 41.9595422744751}, "costs": {"total_cost": 741.1330036658509, "time_cost": 150, "final_distance_cost": 40.68039621758634, "oscillation_cost": 309.51178691196156, "completition_cost": 111.11111111111116, "overshoot_cost": 59.48234323436429, "power_cost": 35.766632141113284, "noise_cost": 34.58073404971429, "n_waypoints_completed": 8, "tot_waypoints": 9}}
{"target": -754.0254362028928, "params": {"k_pid_pos": [0.6206473206360119, 0.2064549059298182, 0.818133897136907], "k_pid_alt": [1.2955464937875623, 0.5309937647109667, 0.1967302147846114], "k_pid_att": [8.783907219537523, 6.2683187848421325, 0.5219206343598287], "k_pid_yaw": [0.5, 1e-06, 0.1], "k_pid_hsp": [3.228337757936987, 0.023618528576996423, 0.8259225098396115], "k_pid_vsp": [284.3317443893185, 336.8349320581593, 115.48964951119984]}, "datetime": {"datetime": "2025-08-14 03:10:18", "elapsed": 62546.33061361313, "delta": 51.34400963783264}, "costs": {"total_cost": 754.0254362028928, "time_cost": 150, "final_distance_cost": 66.16371929326391, "oscillation_cost": 316.8640042304483, "completition_cost": 111.11111111111116, "overshoot_cost": 52.40881389883524, "power_cost": 29.723237048339847, "noise_cost": 27.75455062089441, "n_waypoints_completed": 8, "tot_waypoints": 9}}
{"target": -1088.7003954095312, "params": {"k_pid_pos": [0.1444983619917663, 0.8693073283072459, 0.29972341047198037], "k_pid_alt": [1.9471088437260953, 0.7780861782003317, 0.9708921392856998], "k_pid_att": [10.883137583088176, 0.3057493340458138, 0.15833998221534185], "k_pid_yaw": [0.5, 1e-06, 0.1], "k_pid_hsp": [9.139739355634694, 0.6047960146396679, 0.3563083519171255], "k_pid_vsp": [181.8189642766523, 313.1009236992475, 7.678881034267865]}, "datetime": {"datetime": "2025-08-14 03:10:56", "elapsed": 62584.33627128601, "delta": 38.00565767288208}, "costs": {"total_cost": 1088.7003954095312, "time_cost": 150, "final_distance_cost": 43.872531046279235, "oscillation_cost": 223.11685998061742, "completition_cost": 555.5555555555555, "overshoot_cost": 50.208571352027164, "power_cost": 31.704716857910157, "noise_cost": 34.242160617141735, "n_waypoints_completed": 4, "tot_waypoints": 9}}
{"target": -1110.6457454120246, "params": {"k_pid_pos": [0.3267368221355295, 0.23138869360336423, 0.7916334303137154], "k_pid_alt": [0.5076953617064992, 0.7274677141419519, 0.25429954524021403], "k_pid_att": [7.7037914647842936, 0.2320629251848527, 0.564758166506149], "k_pid_yaw": [0.5, 1e-06, 0.1], "k_pid_hsp": [7.841307345602208, 0.6034322744363328, 0.6157402049800441], "k_pid_vsp": [200.8724599807851, 300.25165894987913, 12.142504443137224]}, "datetime": {"datetime": "2025-08-14 03:11:34", "elapsed": 62622.711985588074, "delta": 38.37571430206299}, "costs": {"total_cost": 1110.6457454120246, "time_cost": 150, "final_distance_cost": 51.042363550884396, "oscillation_cost": 338.12932358297036, "completition_cost": 444.4444444444444, "overshoot_cost": 54.91334983406135, "power_cost": 37.94302641601563, "noise_cost": 34.17323758364851, "n_waypoints_completed": 5, "tot_waypoints": 9}}
{"target": -440.3960660609239, "params": {"k_pid_pos": [1.737156400851551, 0.08224273497613399, 0.17385536206138996], "k_pid_alt": [1.6119497998789611, 0.08298946916933492, 0.617424950753863], "k_pid_att": [52.80508781568858, 8.564229654351047, 0.716651273746592], "k_pid_yaw": [0.5, 1e-06, 0.1], "k_pid_hsp": [6.137677432586791, 0.31491098335339995, 0.2133485416196539], "k_pid_vsp": [92.84929850008798, 358.18364518915354, 42.41361845106882]}, "datetime": {"datetime": "2025-08-14 03:12:06", "elapsed": 62654.16252684593, "delta": 31.450541257858276}, "costs": {"total_cost": 440.3960660609239, "time_cost": 85.44200000000001, "final_distance_cost": 1.7987761834266447, "oscillation_cost": 250.945107327668, "completition_cost": 0.0, "overshoot_cost": 51.92639188656301, "power_cost": 27.5335431640625, "noise_cost": 22.75024749920375, "n_waypoints_completed": 9, "tot_waypoints": 9}}
{"target": -1055.664812952611, "params": {"k_pid_pos": [0.14044458063742957, 0.5573288806737524, 0.0479069423372136], "k_pid_alt": [0.9283415867729463, 0.27927372537897, 0.269024018926597], "k_pid_att": [18.097657094471987, 9.474179462791579, 0.01413747625590367], "k_pid_yaw": [0.5, 1e-06, 0.1], "k_pid_hsp": [2.395122073633177, 0.24454299281694547, 0.500940689988614], "k_pid_vsp": [311.4533156723718, 355.9319554710784, 118.32239566339722]}, "datetime": {"datetime": "2025-08-14 03:12:45", "elapsed": 62693.6265976429, "delta": 39.46407079696655}, "costs": {"total_cost": 1055.664812952611, "time_cost": 150, "final_distance_cost": 74.71661209639728, "oscillation_cost": 380.8204108066153, "completition_cost": 333.33333333333337, "overshoot_cost": 55.019958413735395, "power_cost": 32.83799084472656, "noise_cost": 28.936507457803216, "n_waypoints_completed": 6, "tot_waypoints": 9}}
{"target": -1356.181038180511, "params": {"k_pid_pos": [0.13986011364892054, 0.5902382340212662, 0.22067285224675126], "k_pid_alt": [0.8147778735735647, 0.10887207582545155, 0.8505484171093107], "k_pid_att": [43.232781022640395, 8.702044600999532, 0.03469829521095846], "k_pid_yaw": [0.5, 1e-06, 0.1], "k_pid_hsp": [7.75055106408448, 0.6018066220016166, 0.864381472645434], "k_pid_vsp": [213.32845606895643, 272.13366615572545, 37.227927210918835]}, "datetime": {"datetime": "2025-08-14 03:13:31", "elapsed": 62739.659417152405, "delta": 46.032819509506226}, "costs": {"total_cost": 1356.181038180511, "time_cost": 150, "final_distance_cost": 48.1511545275374, "oscillation_cost": 488.8011926783092, "completition_cost": 555.5555555555555, "overshoot_cost": 47.978693710562105, "power_cost": 36.52816574707031, "noise_cost": 29.166275961476764, "n_waypoints_completed": 4, "tot_waypoints": 9}}
