{"target": -448.23572928311404, "params": {"k_pid_pos": [1.2401903034223478, 0.19485876848129047, 0.9900547234522936], "k_pid_alt": [1.7086020911980255, 0.38046171920016547, 0.9599228907656158], "k_pid_att": [22.764938259045408, 4.878693775607105, 0.15459725416172043], "k_pid_yaw": [0.5, 1e-06, 0.1], "k_pid_hsp": [4.717401877746094, 0.9748867360326328, 0.21743911669374916], "k_pid_vsp": [306.5060250683636, 324.6801754298642, 79.98903830366436]}, "datetime": {"datetime": "2025-08-13 21:48:58", "elapsed": 43266.53165960312, "delta": 28.158686876296997}, "costs": {"total_cost": 448.23572928311404, "time_cost": 80.304, "final_distance_cost": 1.7957458061379872, "oscillation_cost": 274.5674950070393, "completition_cost": 0.0, "overshoot_cost": 51.26030171395513, "power_cost": 20.779406762695313, "noise_cost": 19.52877999328627, "n_waypoints_completed": 9, "tot_waypoints": 9}}
{"target": -432.77017105159797, "params": {"k_pid_pos": [1.9554359692636836, 0.7425322823080807, 0.4056849782977605], "k_pid_alt": [0.28039037722074833, 0.2243756520650405, 0.3181900704615892], "k_pid_att": [35.775847790810424, 6.456706773446598, 0.8589424000089096], "k_pid_yaw": [0.5, 1e-06, 0.1], "k_pid_hsp": [3.0139969518720515, 0.7044274699196714, 0.18336300200511768], "k_pid_vsp": [110.80468219709888, 347.4238383580478, 54.307603271606546]}, "datetime": {"datetime": "2025-08-13 21:49:28", "elapsed": 43296.00376057625, "delta": 29.472100973129272}, "costs": {"total_cost": 432.77017105159797, "time_cost": 104.47500000000001, "final_distance_cost": 1.7389591528764536, "oscillation_cost": 219.466476694504, "completition_cost": 0.0, "overshoot_cost": 56.91167090759095, "power_cost": 25.74053953857422, "noise_cost": 24.437524758052273, "n_waypoints_completed": 9, "tot_waypoints": 9}}
{"target": -353.7198377825233, "params": {"k_pid_pos": [1.7212649259500439, 0.02072288276024281, 0.10148028854027347], "k_pid_alt": [0.7477117753228013, 0.14655411774015437, 0.954560602524472], "k_pid_att": [7.136951635839727, 3.227660569890375, 0.11339848833251354], "k_pid_yaw": [0.5, 1e-06, 0.1], "k_pid_hsp": [7.475536848271843, 0.4888195107862262, 0.2498298278369221], "k_pid_vsp": [302.06944521603265, 330.23048626682044, 95.86561296749258]}, "datetime": {"datetime": "2025-08-13 21:49:54", "elapsed": 43321.965784072876, "delta": 25.962023496627808}, "costs": {"total_cost": 353.7198377825233, "time_cost": 83.461, "final_distance_cost": 1.79151937899252, "oscillation_cost": 173.0400302236306, "completition_cost": 0.0, "overshoot_cost": 52.04298518745365, "power_cost": 22.957266137695314, "noise_cost": 20.42703685475126, "n_waypoints_completed": 9, "tot_waypoints": 9}}
{"target": -697.7058161137431, "params": {"k_pid_pos": [0.8404594742803988, 0.7703915930740781, 0.6127787015947823], "k_pid_alt": [1.6982284378961514, 0.36644929140784155, 0.6182086950363852], "k_pid_att": [8.17623625150219, 5.401236323270761, 0.3555170383321562], "k_pid_yaw": [0.5, 1e-06, 0.1], "k_pid_hsp": [7.363268110364805, 0.2378798561419726, 0.5823300365072411], "k_pid_vsp": [299.5526659811239, 310.8022626123761, 111.59094819691552]}, "datetime": {"datetime": "2025-08-13 21:50:26", "elapsed": 43354.74995493889, "delta": 32.78417086601257}, "costs": {"total_cost": 697.7058161137431, "time_cost": 150, "final_distance_cost": 23.552827833748957, "oscillation_cost": 295.1885240815823, "completition_cost": 111.11111111111116, "overshoot_cost": 55.12562501927293, "power_cost": 33.90597421875, "noise_cost": 28.821753849277897, "n_waypoints_completed": 8, "tot_waypoints": 9}}
{"target": -351.0597044429143, "params": {"k_pid_pos": [1.3008090191136783, 0.0, 0.8442261732929801], "k_pid_alt": [0.01712173370959595, 0.47845751803454134, 0.7946562307431112], "k_pid_att": [7.905620562813646, 5.795555136538713, 1.0], "k_pid_yaw": [0.5, 1e-06, 0.1], "k_pid_hsp": [9.245383967785406, 0.3125253383370208, 0.8853416392384816], "k_pid_vsp": [188.88585784882795, 319.8756888546233, 16.64420336681748]}, "datetime": {"datetime": "2025-08-13 21:50:55", "elapsed": 43383.07775950432, "delta": 28.327804565429688}, "costs": {"total_cost": 351.0597044429143, "time_cost": 97.517, "final_distance_cost": 1.8135561690025879, "oscillation_cost": 145.8774574842686, "completition_cost": 0.0, "overshoot_cost": 62.55803733418926, "power_cost": 21.59260576171875, "noise_cost": 21.701047693735166, "n_waypoints_completed": 9, "tot_waypoints": 9}}
{"target": -572.7433904374327, "params": {"k_pid_pos": [1.3095480716068748, 0.5564906069667608, 0.6968000379354726], "k_pid_alt": [1.4299137997647928, 0.772333121114776, 0.13539658797904341], "k_pid_att": [60.13147854271094, 4.1658238889960435, 0.2972328187336709], "k_pid_yaw": [0.5, 1e-06, 0.1], "k_pid_hsp": [6.982907370274998, 0.465265637740475, 0.3021187751289992], "k_pid_vsp": [87.72967355776156, 366.58446958459916, 41.84857216620772]}, "datetime": {"datetime": "2025-08-13 21:51:22", "elapsed": 43410.51991558075, "delta": 27.442156076431274}, "costs": {"total_cost": 572.7433904374327, "time_cost": 92.358, "final_distance_cost": 1.7463226895741082, "oscillation_cost": 373.1047099942513, "completition_cost": 0.0, "overshoot_cost": 56.47002777792156, "power_cost": 26.674871435546876, "noise_cost": 22.389458540138868, "n_waypoints_completed": 9, "tot_waypoints": 9}}
{"target": -440.585445025181, "params": {"k_pid_pos": [0.6370443332138427, 0.4383122889988067, 0.03293099277691269], "k_pid_alt": [0.38716027220205196, 0.6181064700609368, 0.4004487307627871], "k_pid_att": [15.229637365060611, 5.256088673544969, 0.9028803975368641], "k_pid_yaw": [0.5, 1e-06, 0.1], "k_pid_hsp": [1.9357949887256531, 0.8006483452167441, 0.281825886412018], "k_pid_vsp": [164.30733559792384, 30.7993117720256, 11.720054798940794]}, "datetime": {"datetime": "2025-08-13 21:51:58", "elapsed": 43446.12754678726, "delta": 35.60763120651245}, "costs": {"total_cost": 440.585445025181, "time_cost": 116.949, "final_distance_cost": 1.7779284240460806, "oscillation_cost": 206.71154675160815, "completition_cost": 0.0, "overshoot_cost": 66.3484164648008, "power_cost": 21.13588631591797, "noise_cost": 27.662667068808034, "n_waypoints_completed": 9, "tot_waypoints": 9}}
{"target": -369.55531247999056, "params": {"k_pid_pos": [1.45355880239501, 0.7260018846139674, 0.8137939659794152], "k_pid_alt": [0.3605082115580964, 0.7259661488092272, 0.6376321731454266], "k_pid_att": [8.614705329994543, 0.7314690687343517, 0.8056942784745942], "k_pid_yaw": [0.5, 1e-06, 0.1], "k_pid_hsp": [5.495466686585004, 0.889922055305342, 0.1343206029723214], "k_pid_vsp": [302.64131616369485, 349.9334699108775, 112.1082059900795]}, "datetime": {"datetime": "2025-08-13 21:52:32", "elapsed": 43480.778371572495, "delta": 34.650824785232544}, "costs": {"total_cost": 369.55531247999056, "time_cost": 113.568, "final_distance_cost": 1.7601731138626844, "oscillation_cost": 132.93636529648563, "completition_cost": 0.0, "overshoot_cost": 64.46031983879786, "power_cost": 29.33564970703125, "noise_cost": 27.49480452381318, "n_waypoints_completed": 9, "tot_waypoints": 9}}
{"target": -659.297415220059, "params": {"k_pid_pos": [1.8031536984487295, 0.8128479841015451, 0.5578999566445048], "k_pid_alt": [0.21951305228918327, 0.6669264637468694, 0.9534213983189151], "k_pid_att": [58.36227102908893, 9.247992305893487, 0.5211586308777606], "k_pid_yaw": [0.5, 1e-06, 0.1], "k_pid_hsp": [8.67807313395362, 0.4846578061077419, 0.36513377835798266], "k_pid_vsp": [84.22720986380429, 353.8887675748421, 40.23531651736337]}, "datetime": {"datetime": "2025-08-13 21:53:05", "elapsed": 43513.00600242615, "delta": 32.227630853652954}, "costs": {"total_cost": 659.297415220059, "time_cost": 117.782, "final_distance_cost": 1.7549453580849301, "oscillation_cost": 407.3490285851495, "completition_cost": 0.0, "overshoot_cost": 66.19591909821625, "power_cost": 35.02435812988281, "noise_cost": 31.19116404872552, "n_waypoints_completed": 9, "tot_waypoints": 9}}
{"target": -252.27376714530612, "params": {"k_pid_pos": [1.8147437588999742, 0.0005717236495716982, 0.3879330167568835], "k_pid_alt": [1.8704850983393557, 0.4653554763732939, 0.665603228335195], "k_pid_att": [10.574881455202178, 1.9317222182142104, 0.4580849435914216], "k_pid_yaw": [0.5, 1e-06, 0.1], "k_pid_hsp": [9.257358494883016, 0.17908601851252348, 0.05525528496441745], "k_pid_vsp": [260.582436935404, 274.04534269384675, 36.49523699221451]}, "datetime": {"datetime": "2025-08-13 21:53:29", "elapsed": 43537.254007577896, "delta": 24.248005151748657}, "costs": {"total_cost": 252.27376714530612, "time_cost": 76.258, "final_distance_cost": 1.7842622812126057, "oscillation_cost": 85.55103368779324, "completition_cost": 0.0, "overshoot_cost": 50.62122557368125, "power_cost": 19.235727416992187, "noise_cost": 18.82351818562684, "n_waypoints_completed": 9, "tot_waypoints": 9}}
{"target": -523.1107630572369, "params": {"k_pid_pos": [0.938225673246563, 0.694752311222363, 0.803739407750857], "k_pid_alt": [1.7650510873559435, 0.08718530261841906, 0.39411298722805976], "k_pid_att": [10.398120233316844, 9.940247287448221, 0.4902117719350517], "k_pid_yaw": [0.5, 1e-06, 0.1], "k_pid_hsp": [8.608771444328625, 0.6029384288981154, 0.3252471767250896], "k_pid_vsp": [298.4326766156345, 274.8704477850469, 59.51021338684783]}, "datetime": {"datetime": "2025-08-13 21:54:04", "elapsed": 43572.79721736908, "delta": 35.54320979118347}, "costs": {"total_cost": 523.1107630572369, "time_cost": 104.72, "final_distance_cost": 1.799848883095877, "oscillation_cost": 298.9094256334816, "completition_cost": 0.0, "overshoot_cost": 52.62995097690977, "power_cost": 35.604410168457036, "noise_cost": 29.447127395292583, "n_waypoints_completed": 9, "tot_waypoints": 9}}
{"target": -981.7518735382918, "params": {"k_pid_pos": [0.14245310805231445, 0.7263055847176931, 0.9731143380036071], "k_pid_alt": [0.7009876568142626, 0.2777762411089725, 0.6127239032322246], "k_pid_att": [13.902506568478046, 1.7960298231678873, 0.8407093018144041], "k_pid_yaw": [0.5, 1e-06, 0.1], "k_pid_hsp": [2.5685200997783597, 0.5072916924727984, 0.4038592878560373], "k_pid_vsp": [281.501388805261, 327.7143927349393, 111.91447890504378]}, "datetime": {"datetime": "2025-08-13 21:54:38", "elapsed": 43606.76162338257, "delta": 33.96440601348877}, "costs": {"total_cost": 981.7518735382918, "time_cost": 150, "final_distance_cost": 45.19886821382206, "oscillation_cost": 238.46563238315136, "completition_cost": 444.4444444444444, "overshoot_cost": 50.02879301591022, "power_cost": 27.77249860839844, "noise_cost": 25.841636872565278, "n_waypoints_completed": 5, "tot_waypoints": 9}}
{"target": -518.6680048000785, "params": {"k_pid_pos": [1.8068748239390573, 0.6882720190684795, 0.48147167018928305], "k_pid_alt": [1.8745373494419932, 0.13463956242089337, 0.667269937307898], "k_pid_att": [14.82109251690228, 0.8586254966320918, 0.3055768845089172], "k_pid_yaw": [0.5, 1e-06, 0.1], "k_pid_hsp": [8.57583523939381, 0.058947485379740594, 0.9057983908681954], "k_pid_vsp": [305.5188620385911, 342.12578303583535, 93.3498178132852]}, "datetime": {"datetime": "2025-08-13 21:55:11", "elapsed": 43639.189989089966, "delta": 32.42836570739746}, "costs": {"total_cost": 518.6680048000785, "time_cost": 105.749, "final_distance_cost": 1.7319392197021022, "oscillation_cost": 295.9150176984222, "completition_cost": 0.0, "overshoot_cost": 54.85994683944753, "power_cost": 32.600031860351564, "noise_cost": 27.81206918215518, "n_waypoints_completed": 9, "tot_waypoints": 9}}
{"target": -594.7699819134757, "params": {"k_pid_pos": [0.7883549520756786, 0.3262760073683645, 0.2914324677977034], "k_pid_alt": [0.8427286081675078, 0.6702491504886633, 0.9838968405885039], "k_pid_att": [40.020876427898166, 6.657196360708332, 0.33879614402995883], "k_pid_yaw": [0.5, 1e-06, 0.1], "k_pid_hsp": [5.962999247857551, 0.8473372601547342, 0.1250527863448716], "k_pid_vsp": [241.3997753068128, 286.7805456387299, 51.39977156147931]}, "datetime": {"datetime": "2025-08-13 21:55:45", "elapsed": 43673.31379508972, "delta": 34.12380599975586}, "costs": {"total_cost": 594.7699819134757, "time_cost": 106.155, "final_distance_cost": 1.7530931050896923, "oscillation_cost": 366.57798024826593, "completition_cost": 0.0, "overshoot_cost": 59.03514578254611, "power_cost": 33.93250230712891, "noise_cost": 27.31626047044514, "n_waypoints_completed": 9, "tot_waypoints": 9}}
{"target": -784.7085661109766, "params": {"k_pid_pos": [1.1493369765678287, 0.9219545915652995, 0.5859133979834512], "k_pid_alt": [1.3405498564035023, 0.08865377223695081, 0.6694944467632744], "k_pid_att": [11.968093456380124, 2.215181845290691, 0.6570677972264318], "k_pid_yaw": [0.5, 1e-06, 0.1], "k_pid_hsp": [5.076158449176933, 0.5959572332618116, 0.8682592631264502], "k_pid_vsp": [196.18700623848068, 314.25884965326964, 15.62191518494196]}, "datetime": {"datetime": "2025-08-13 21:56:19", "elapsed": 43707.84274530411, "delta": 34.528950214385986}, "costs": {"total_cost": 784.7085661109766, "time_cost": 150, "final_distance_cost": 66.52483304310587, "oscillation_cost": 228.59432800302056, "completition_cost": 222.2222222222222, "overshoot_cost": 47.98070446834445, "power_cost": 37.01477009277344, "noise_cost": 32.371708281510024, "n_waypoints_completed": 7, "tot_waypoints": 9}}
{"target": -1182.2821535319858, "params": {"k_pid_pos": [0.05889594156811954, 0.8117275639441502, 0.25400241817142555], "k_pid_alt": [1.0832438807735554, 0.07347530232691857, 0.8706611165715625], "k_pid_att": [11.296612403492324, 7.237172802474541, 0.42394826954749854], "k_pid_yaw": [0.5, 1e-06, 0.1], "k_pid_hsp": [7.66514494773324, 0.8861007165070134, 0.7831386325323061], "k_pid_vsp": [166.0386312344985, 50.13516129009023, 13.894325002213312]}, "datetime": {"datetime": "2025-08-13 21:56:53", "elapsed": 43741.52018260956, "delta": 33.67743730545044}, "costs": {"total_cost": 1182.2821535319858, "time_cost": 150, "final_distance_cost": 50.87114317909192, "oscillation_cost": 182.6594423938999, "completition_cost": 666.6666666666667, "overshoot_cost": 66.54334095636085, "power_cost": 34.088958996582036, "noise_cost": 31.452601339384348, "n_waypoints_completed": 3, "tot_waypoints": 9}}
{"target": -1578.4702804279905, "params": {"k_pid_pos": [0.2992734178039747, 0.31318435085521357, 0.5135271963969141], "k_pid_alt": [0.03864411400210077, 0.42491604286732265, 0.5761208507506133], "k_pid_att": [12.745072473014007, 1.3500100356468825, 0.813457460440037], "k_pid_yaw": [0.5, 1e-06, 0.1], "k_pid_hsp": [2.0342385356767405, 0.6517221495854617, 0.8305620620113278], "k_pid_vsp": [174.6396968929138, 18.90898163963742, 5.76075944101483]}, "datetime": {"datetime": "2025-08-13 21:57:32", "elapsed": 43780.09856081009, "delta": 38.578378200531006}, "costs": {"total_cost": 1578.4702804279905, "time_cost": 150, "final_distance_cost": 66.01981682839377, "oscillation_cost": 355.5060615636737, "completition_cost": 888.8888888888888, "overshoot_cost": 44.14606633995909, "power_cost": 38.53199782714844, "noise_cost": 35.377448979926626, "n_waypoints_completed": 1, "tot_waypoints": 9}}
{"target": -594.5364450243472, "params": {"k_pid_pos": [0.8365770519879638, 0.1752020721999038, 0.07661001482174656], "k_pid_alt": [1.194528808218694, 0.9086304489651674, 0.08900419502360724], "k_pid_att": [22.079730447162007, 9.334037399908116, 0.19638398276795255], "k_pid_yaw": [0.5, 1e-06, 0.1], "k_pid_hsp": [7.916043118952509, 0.30027072196784443, 0.8039095136870215], "k_pid_vsp": [266.6285728431208, 268.65403560781806, 58.167073853122496]}, "datetime": {"datetime": "2025-08-13 21:58:02", "elapsed": 43810.86896109581, "delta": 30.770400285720825}, "costs": {"total_cost": 594.5364450243472, "time_cost": 103.88, "final_distance_cost": 1.7820058405591428, "oscillation_cost": 375.48588686117205, "completition_cost": 0.0, "overshoot_cost": 59.562398556592825, "power_cost": 28.297567407226563, "noise_cost": 25.52858635879673, "n_waypoints_completed": 9, "tot_waypoints": 9}}
{"target": -452.753511644776, "params": {"k_pid_pos": [1.9516739837154924, 0.0013320599771936559, 0.11043588474323929], "k_pid_alt": [0.7051847806401002, 0.01603920156078631, 0.18501556774635497], "k_pid_att": [13.673401810884245, 9.645693563878526, 0.19486083530552023], "k_pid_yaw": [0.5, 1e-06, 0.1], "k_pid_hsp": [4.492597374686491, 0.054785122814921206, 0.8041989111613783], "k_pid_vsp": [308.71906104209796, 337.98735541584256, 125.02153600892056]}, "datetime": {"datetime": "2025-08-13 21:58:28", "elapsed": 43836.491939783096, "delta": 25.622978687286377}, "costs": {"total_cost": 452.753511644776, "time_cost": 78.862, "final_distance_cost": 1.7593463610643043, "oscillation_cost": 267.803921709658, "completition_cost": 0.0, "overshoot_cost": 55.82273551587865, "power_cost": 26.228289965820313, "noise_cost": 22.2772180923547, "n_waypoints_completed": 9, "tot_waypoints": 9}}
{"target": -608.1507152990715, "params": {"k_pid_pos": [1.8274131088787162, 0.3785807850910512, 0.9837526406440259], "k_pid_alt": [0.375202518604302, 0.4331894524280222, 0.14149708200705724], "k_pid_att": [13.861232945547696, 3.9939585250829244, 0.6634827475164946], "k_pid_yaw": [0.5, 1e-06, 0.1], "k_pid_hsp": [5.787335366183375, 0.007476938490015184, 0.9774982187389148], "k_pid_vsp": [159.62350761290276, 7.429354109233921, 23.805925450111943]}, "datetime": {"datetime": "2025-08-13 21:59:01", "elapsed": 43869.6783452034, "delta": 33.186405420303345}, "costs": {"total_cost": 608.1507152990715, "time_cost": 113.421, "final_distance_cost": 1.7820652228199743, "oscillation_cost": 348.8969765672509, "completition_cost": 0.0, "overshoot_cost": 67.55373158536864, "power_cost": 39.50228922119141, "noise_cost": 36.994652702440554, "n_waypoints_completed": 9, "tot_waypoints": 9}}
{"target": -828.6810437349218, "params": {"k_pid_pos": [0.739994663757071, 0.15675436305226398, 0.4341135646484783], "k_pid_alt": [1.6851820287283195, 0.4167943638787046, 0.21703397602693508], "k_pid_att": [4.486085105226934, 5.1750030712890025, 0.30590936583140715], "k_pid_yaw": [0.5, 1e-06, 0.1], "k_pid_hsp": [1.7979027076945011, 0.18737901740449303, 0.5536650222763442], "k_pid_vsp": [315.08852216672136, 327.56060934507605, 107.35331610234884]}, "datetime": {"datetime": "2025-08-13 21:59:37", "elapsed": 43905.00722742081, "delta": 35.32888221740723}, "costs": {"total_cost": 828.6810437349218, "time_cost": 150, "final_distance_cost": 64.51309154455684, "oscillation_cost": 278.1565404674308, "completition_cost": 222.2222222222222, "overshoot_cost": 51.59815483865233, "power_cost": 33.79401638183594, "noise_cost": 28.397018280223662, "n_waypoints_completed": 7, "tot_waypoints": 9}}
{"target": -283.9813164470677, "params": {"k_pid_pos": [1.1256950330637978, 0.5046741426264911, 0.5354155388237625], "k_pid_alt": [0.9094822346421196, 0.6144622229323315, 0.5310176410562707], "k_pid_att": [8.394171999163902, 2.311481409161934, 0.6304740228559276], "k_pid_yaw": [0.5, 1e-06, 0.1], "k_pid_hsp": [8.596159830527277, 0.7139657907497616, 0.04143812307061279], "k_pid_vsp": [308.43262574203874, 323.53420866535373, 101.90868328982347]}, "datetime": {"datetime": "2025-08-13 22:00:05", "elapsed": 43933.464302778244, "delta": 28.457075357437134}, "costs": {"total_cost": 283.9813164470677, "time_cost": 95.94200000000001, "final_distance_cost": 1.7800125771568107, "oscillation_cost": 81.50128272291788, "completition_cost": 0.0, "overshoot_cost": 55.13975589468627, "power_cost": 25.679409606933596, "noise_cost": 23.938855645373085, "n_waypoints_completed": 9, "tot_waypoints": 9}}
{"target": -425.5126426715496, "params": {"k_pid_pos": [1.2034305853035796, 0.07022705566467158, 0.2892371536145034], "k_pid_alt": [1.9568829305978919, 0.8370580694889921, 0.8679271721758606], "k_pid_att": [10.182289509599274, 9.171103721048175, 0.7516840222281657], "k_pid_yaw": [0.5, 1e-06, 0.1], "k_pid_hsp": [1.9307585954565645, 0.7877198489945074, 0.9483786006686354], "k_pid_vsp": [172.1238835542781, 5.591599531935559, 14.530588159020787]}, "datetime": {"datetime": "2025-08-13 22:00:39", "elapsed": 43967.0692088604, "delta": 33.60490608215332}, "costs": {"total_cost": 425.5126426715496, "time_cost": 96.509, "final_distance_cost": 1.7801560663157603, "oscillation_cost": 219.81066189170008, "completition_cost": 0.0, "overshoot_cost": 57.33135452579055, "power_cost": 25.6599146484375, "noise_cost": 24.421555539305686, "n_waypoints_completed": 9, "tot_waypoints": 9}}
{"target": -716.0577329924974, "params": {"k_pid_pos": [1.5737161116007, 0.6689690109935664, 0.005501596929519681], "k_pid_alt": [0.7512339733592075, 0.6469429069291409, 0.6524925202616085], "k_pid_att": [34.844379887915, 3.8689659709661264, 0.48019365636915257], "k_pid_yaw": [0.5, 1e-06, 0.1], "k_pid_hsp": [9.865898042040483, 0.9097203893778754, 0.41167923739648393], "k_pid_vsp": [85.65417222989673, 353.1666475648516, 31.238853395930782]}, "datetime": {"datetime": "2025-08-13 22:01:14", "elapsed": 44002.47965621948, "delta": 35.41044735908508}, "costs": {"total_cost": 716.0577329924974, "time_cost": 150, "final_distance_cost": 66.62236076533193, "oscillation_cost": 253.04536572099516, "completition_cost": 111.11111111111116, "overshoot_cost": 63.22095884920936, "power_cost": 39.00461033935547, "noise_cost": 33.0533262064943, "n_waypoints_completed": 8, "tot_waypoints": 9}}
