{"target": -561.0940576035014, "params": {"k_pid_pos": [1.4057519180309381, 0.8305709998093187, 0.5020007576950387], "k_pid_alt": [1.5127891109875853, 0.316843231322934, 0.4567218949168763], "k_pid_att": [43.69732468584409, 3.523877242107419, 0.5282783140176335], "k_pid_yaw": [0.5, 1e-06, 0.1], "k_pid_hsp": [4.977349870579203, 0.16514745508996453, 0.49341095814163105], "k_pid_vsp": [81.32223882665306, 354.25513243576046, 35.091639349222724]}, "datetime": {"datetime": "2025-08-13 10:22:51", "elapsed": 2099.3249967098236, "delta": 26.6240713596344}, "costs": {"total_cost": 561.0940576035014, "time_cost": 111.013, "final_distance_cost": 1.7635677564473498, "oscillation_cost": 328.3964336734588, "completition_cost": 0.0, "overshoot_cost": 59.85618812279591, "power_cost": 32.5620322265625, "noise_cost": 27.502835824236808, "n_waypoints_completed": 9, "tot_waypoints": 9}}
{"target": -294.6386796252027, "params": {"k_pid_pos": [1.8533310103178477, 0.4727700558517608, 0.05180765019245248], "k_pid_alt": [1.1769915164506966, 0.9556641529870756, 0.14792090757872234], "k_pid_att": [7.006346073748304, 7.170345778601866, 0.6685430352153653], "k_pid_yaw": [0.5, 1e-06, 0.1], "k_pid_hsp": [4.755622569533117, 0.34701095955679007, 0.02576961195859717], "k_pid_vsp": [303.70972718477617, 333.81811570750176, 99.33786551129036]}, "datetime": {"datetime": "2025-08-13 10:23:15", "elapsed": 2123.683257818222, "delta": 24.358261108398438}, "costs": {"total_cost": 294.6386796252027, "time_cost": 95.683, "final_distance_cost": 1.7648993616683668, "oscillation_cost": 97.37321935865805, "completition_cost": 0.0, "overshoot_cost": 58.00067636449301, "power_cost": 21.56669373779297, "noise_cost": 20.250190802590335, "n_waypoints_completed": 9, "tot_waypoints": 9}}
{"target": -189.28003690945883, "params": {"k_pid_pos": [2.0, 0.0, 1.0], "k_pid_alt": [2.0, 0.0, 1.0], "k_pid_att": [48.26485754122365, 3.1102905746171032, 1.0], "k_pid_yaw": [0.5, 1e-06, 0.1], "k_pid_hsp": [0.8222423229109934, 0.0, 0.0], "k_pid_vsp": [88.9744264282987, 357.3575161160399, 38.775558874847334]}, "datetime": {"datetime": "2025-08-13 10:23:32", "elapsed": 2140.5783762931824, "delta": 16.895118474960327}, "costs": {"total_cost": 189.28003690945883, "time_cost": 69.405, "final_distance_cost": 1.8472865003978953, "oscillation_cost": 33.578877381922325, "completition_cost": 0.0, "overshoot_cost": 49.70679894039089, "power_cost": 18.13215205078125, "noise_cost": 16.609922035966463, "n_waypoints_completed": 9, "tot_waypoints": 9}}
{"target": -368.9250292558302, "params": {"k_pid_pos": [1.904275190340874, 0.03536399088560682, 0.996298736962069], "k_pid_alt": [0.6273149548713759, 0.006441713241971514, 0.4728543625457907], "k_pid_att": [15.477278824685737, 5.601495173834973, 0.9066806321834189], "k_pid_yaw": [0.5, 1e-06, 0.1], "k_pid_hsp": [6.288565880589391, 0.6279202705453308, 0.9507625210789263], "k_pid_vsp": [173.85932421904772, 28.03748282833457, 2.6067753503994058]}, "datetime": {"datetime": "2025-08-13 10:23:54", "elapsed": 2162.2976965904236, "delta": 21.71932029724121}, "costs": {"total_cost": 368.9250292558302, "time_cost": 81.816, "final_distance_cost": 1.8517211910240585, "oscillation_cost": 200.50619496753555, "completition_cost": 0.0, "overshoot_cost": 51.37309918652648, "power_cost": 12.251261181640626, "noise_cost": 21.12675272910349, "n_waypoints_completed": 9, "tot_waypoints": 9}}
{"target": -1095.8715457421486, "params": {"k_pid_pos": [1.1017856806703303, 0.7763271618886759, 0.5008204853578206], "k_pid_alt": [0.08645234006866898, 0.7541127915534844, 0.5172482061687436], "k_pid_att": [75.77177440638513, 6.075263023837763, 0.46201167494525786], "k_pid_yaw": [0.5, 1e-06, 0.1], "k_pid_hsp": [6.94422508645391, 0.23272201469891118, 0.7048977252044645], "k_pid_vsp": [85.20769750951357, 352.89400896694775, 51.284755140435]}, "datetime": {"datetime": "2025-08-13 10:24:26", "elapsed": 2194.920412540436, "delta": 32.62271595001221}, "costs": {"total_cost": 1095.8715457421486, "time_cost": 150, "final_distance_cost": 77.43366436929001, "oscillation_cost": 494.10667957916587, "completition_cost": 222.2222222222222, "overshoot_cost": 75.18822415151084, "power_cost": 42.676201684570316, "noise_cost": 34.244553735389474, "n_waypoints_completed": 7, "tot_waypoints": 9}}
{"target": -1240.942519355976, "params": {"k_pid_pos": [0.5247196247713874, 0.3615007782449642, 0.6366868230331314], "k_pid_alt": [0.3220388170604269, 0.09701941526063751, 0.8692945719324775], "k_pid_att": [8.51623963655863, 4.708987899210798, 0.6031608790489598], "k_pid_yaw": [0.5, 1e-06, 0.1], "k_pid_hsp": [0.19582369812711675, 0.24321664879914173, 0.5411013899562069], "k_pid_vsp": [269.92927983109314, 294.0299132297635, 37.75483095665729]}, "datetime": {"datetime": "2025-08-13 10:24:57", "elapsed": 2225.8486647605896, "delta": 30.92825222015381}, "costs": {"total_cost": 1240.942519355976, "time_cost": 150, "final_distance_cost": 46.665350507352045, "oscillation_cost": 264.7589575144606, "completition_cost": 666.6666666666667, "overshoot_cost": 55.02514137642099, "power_cost": 30.330700585937503, "noise_cost": 27.495702705138026, "n_waypoints_completed": 3, "tot_waypoints": 9}}
{"target": -1085.513821294892, "params": {"k_pid_pos": [0.48395762833432027, 0.9089632302182951, 0.11486737576633566], "k_pid_alt": [0.04554066754237751, 0.11590715608204316, 0.8612178644048389], "k_pid_att": [35.885205211330295, 9.440164576712437, 0.03819406308811013], "k_pid_yaw": [0.5, 1e-06, 0.1], "k_pid_hsp": [2.700834121872092, 0.16436937470914803, 0.07368590815171727], "k_pid_vsp": [84.96590353320505, 357.35421518084877, 43.84127997302445]}, "datetime": {"datetime": "2025-08-13 10:25:29", "elapsed": 2256.9808599948883, "delta": 31.132195234298706}, "costs": {"total_cost": 1085.513821294892, "time_cost": 150, "final_distance_cost": 52.581656525309675, "oscillation_cost": 272.3285680006109, "completition_cost": 444.4444444444444, "overshoot_cost": 65.12344139945594, "power_cost": 47.48129387207032, "noise_cost": 53.55441705300063, "n_waypoints_completed": 5, "tot_waypoints": 9}}
{"target": -235.74650142165152, "params": {"k_pid_pos": [2.0, 0.0, 1.0], "k_pid_alt": [2.0, 1.0, 0.0], "k_pid_att": [48.444502428428095, 9.338018441506337, 1.0], "k_pid_yaw": [0.5, 1e-06, 0.1], "k_pid_hsp": [5.035307971230366, 0.0, 0.0], "k_pid_vsp": [89.37461257323893, 356.84230695470865, 36.58224164673453]}, "datetime": {"datetime": "2025-08-13 10:25:49", "elapsed": 2277.731267929077, "delta": 20.750407934188843}, "costs": {"total_cost": 235.74650142165152, "time_cost": 80.738, "final_distance_cost": 1.7971244217089475, "oscillation_cost": 56.57938064647732, "completition_cost": 0.0, "overshoot_cost": 54.271507517824055, "power_cost": 22.230605541992187, "noise_cost": 20.129883293649005, "n_waypoints_completed": 9, "tot_waypoints": 9}}
{"target": -487.64175194953276, "params": {"k_pid_pos": [0.7943051959814932, 0.877500110516415, 0.6060308002113703], "k_pid_alt": [1.9458137543413154, 0.9560496773775965, 0.8476935260834537], "k_pid_att": [21.982835111435683, 0.7115017977200058, 0.28925520635991653], "k_pid_yaw": [0.5, 1e-06, 0.1], "k_pid_hsp": [3.240818899607321, 0.40114475440515485, 0.08246145187888754], "k_pid_vsp": [177.21660172481828, 6.8388290690189075, 1.5077373269379246]}, "datetime": {"datetime": "2025-08-13 10:26:14", "elapsed": 2302.189436674118, "delta": 24.458168745040894}, "costs": {"total_cost": 487.64175194953276, "time_cost": 101.19200000000001, "final_distance_cost": 1.7948456898811516, "oscillation_cost": 260.17919364638453, "completition_cost": 0.0, "overshoot_cost": 58.57245901326862, "power_cost": 34.31127312011719, "noise_cost": 31.591980479881197, "n_waypoints_completed": 9, "tot_waypoints": 9}}
{"target": -1981.0221480392254, "params": {"k_pid_pos": [1.9094486191850466, 0.6079663487401765, 0.23237152152875862], "k_pid_alt": [0.6667786277774514, 0.902688347067927, 0.745798702718822], "k_pid_att": [1.8818571963827857, 7.249622404831252, 0.7545680678386459], "k_pid_yaw": [0.5, 1e-06, 0.1], "k_pid_hsp": [7.626047439526465, 0.9845959488104348, 0.9548753435222633], "k_pid_vsp": [301.5001039386341, 331.71216110220854, 101.10454537187825]}, "datetime": {"datetime": "2025-08-13 10:26:43", "elapsed": 2331.0341460704803, "delta": 28.844709396362305}, "costs": {"total_cost": 1981.0221480392254, "time_cost": 150, "final_distance_cost": 9.530623978902831, "oscillation_cost": 473.0914276283945, "completition_cost": 1000.0, "overshoot_cost": 155.67668806220198, "power_cost": 57.67316374511719, "noise_cost": 135.0502446246089, "n_waypoints_completed": 0, "tot_waypoints": 9}}
{"target": -577.405572192715, "params": {"k_pid_pos": [0.516392136049027, 0.6637347971268623, 0.2866475446478284], "k_pid_alt": [1.339049910721136, 0.4636009106621013, 0.5119935193747233], "k_pid_att": [23.49831740328352, 0.742635735619704, 0.942740390354923], "k_pid_yaw": [0.5, 1e-06, 0.1], "k_pid_hsp": [0.3039062810906124, 0.25843898992759873, 0.1953936586907985], "k_pid_vsp": [180.04884452786206, 2.786214789467556, 9.26993229342254]}, "datetime": {"datetime": "2025-08-13 10:27:13", "elapsed": 2361.2182128429413, "delta": 30.184066772460938}, "costs": {"total_cost": 577.405572192715, "time_cost": 150, "final_distance_cost": 14.757816921548436, "oscillation_cost": 158.95944554511684, "completition_cost": 111.11111111111116, "overshoot_cost": 65.28866481179108, "power_cost": 40.725399804687505, "noise_cost": 36.56313399845994, "n_waypoints_completed": 8, "tot_waypoints": 9}}
{"target": -873.8597924580728, "params": {"k_pid_pos": [0.7344739685379207, 0.6003953002831478, 0.7270075394180411], "k_pid_alt": [0.2659611197643279, 0.41702597341167436, 0.19159525862219873], "k_pid_att": [58.39886496332504, 9.703302933987871, 0.8088488332868534], "k_pid_yaw": [0.5, 1e-06, 0.1], "k_pid_hsp": [9.409788945270163, 0.4893129826064804, 0.4641067255946827], "k_pid_vsp": [79.82517187909738, 353.40871781650634, 35.04944883914838]}, "datetime": {"datetime": "2025-08-13 10:27:45", "elapsed": 2393.68555021286, "delta": 32.46733736991882}, "costs": {"total_cost": 873.8597924580728, "time_cost": 150, "final_distance_cost": 11.325760001918066, "oscillation_cost": 474.7484696620813, "completition_cost": 111.11111111111116, "overshoot_cost": 61.91498592851244, "power_cost": 34.82957470703125, "noise_cost": 29.92989104741848, "n_waypoints_completed": 8, "tot_waypoints": 9}}
{"target": -1335.8367788085561, "params": {"k_pid_pos": [0.848980360499548, 0.042580996745594124, 0.41327735717981806], "k_pid_alt": [1.6633430430367826, 0.40042074509161507, 0.8741904162326399], "k_pid_att": [40.23975176570911, 3.681591588612931, 0.2600784817524425], "k_pid_yaw": [0.5, 1e-06, 0.1], "k_pid_hsp": [2.4984875099992427, 0.36471642363769596, 0.7237379394243185], "k_pid_vsp": [168.4793532017403, 19.502511853146462, 2.2587853323702896]}, "datetime": {"datetime": "2025-08-13 10:28:18", "elapsed": 2426.3078639507294, "delta": 32.62231373786926}, "costs": {"total_cost": 1335.8367788085561, "time_cost": 150, "final_distance_cost": 79.13530172568827, "oscillation_cost": 662.8039848795325, "completition_cost": 333.33333333333337, "overshoot_cost": 54.09278665571855, "power_cost": 27.16456403808594, "noise_cost": 29.306808176197393, "n_waypoints_completed": 6, "tot_waypoints": 9}}
{"target": -765.311128386119, "params": {"k_pid_pos": [0.9703586141337751, 0.46133970540062785, 0.9055129364318761], "k_pid_alt": [1.4368912756231296, 0.18178848683559123, 0.609831333330131], "k_pid_att": [5.837481758312391, 0.19785367277265337, 0.9761919400900008], "k_pid_yaw": [0.5, 1e-06, 0.1], "k_pid_hsp": [8.140770369043425, 0.12745402124211125, 0.8110344109293396], "k_pid_vsp": [252.6986248814451, 281.4582880352226, 53.962533738242136]}, "datetime": {"datetime": "2025-08-13 10:28:51", "elapsed": 2459.522000312805, "delta": 33.214136362075806}, "costs": {"total_cost": 765.311128386119, "time_cost": 150, "final_distance_cost": 66.39229017492082, "oscillation_cost": 215.3517253932441, "completition_cost": 222.2222222222222, "overshoot_cost": 47.202226785172556, "power_cost": 35.03455457763672, "noise_cost": 29.108109232922565, "n_waypoints_completed": 7, "tot_waypoints": 9}}
{"target": -1088.681680896469, "params": {"k_pid_pos": [0.9092535184321531, 0.7838281770721578, 0.5723330635332337], "k_pid_alt": [0.1519549717811799, 0.08599593386060911, 0.27217613981913347], "k_pid_att": [29.36759862912266, 6.408559779562816, 0.1157412193633689], "k_pid_yaw": [0.5, 1e-06, 0.1], "k_pid_hsp": [9.500707236242052, 0.8057373599875388, 0.558808989870234], "k_pid_vsp": [175.60347534403581, 13.501032619313795, 17.85946759973316]}, "datetime": {"datetime": "2025-08-13 10:29:23", "elapsed": 2491.834319114685, "delta": 32.31231880187988}, "costs": {"total_cost": 1088.681680896469, "time_cost": 150, "final_distance_cost": 71.21518280339816, "oscillation_cost": 535.3003646798437, "completition_cost": 222.2222222222222, "overshoot_cost": 49.72735993434624, "power_cost": 31.623537744140627, "noise_cost": 28.593013512518215, "n_waypoints_completed": 7, "tot_waypoints": 9}}
{"target": -877.6879270915193, "params": {"k_pid_pos": [0.5232468442621477, 0.9028771363303845, 0.688637622012154], "k_pid_alt": [0.2745923842858058, 0.21504688557777774, 0.7095405867653246], "k_pid_att": [10.067720417747427, 7.779024382322658, 0.709155060788456], "k_pid_yaw": [0.5, 1e-06, 0.1], "k_pid_hsp": [7.8698718505195355, 0.5002675219956749, 0.7091241286174175], "k_pid_vsp": [250.82383700310083, 277.44150880147606, 60.500244169724624]}, "datetime": {"datetime": "2025-08-13 10:29:55", "elapsed": 2523.522559404373, "delta": 31.68824028968811}, "costs": {"total_cost": 877.6879270915193, "time_cost": 150, "final_distance_cost": 54.884235360544075, "oscillation_cost": 235.95346544192387, "completition_cost": 333.33333333333337, "overshoot_cost": 46.71631476941124, "power_cost": 29.434280712890626, "noise_cost": 27.36629747341616, "n_waypoints_completed": 6, "tot_waypoints": 9}}
{"target": -296.39991692395273, "params": {"k_pid_pos": [1.8377038023707912, 0.5245984385071446, 0.5042696545025566], "k_pid_alt": [0.7212816421711032, 0.3093960174361321, 0.9296852027183791], "k_pid_att": [3.333979450958635, 0.48584529913248975, 0.6840597329368846], "k_pid_yaw": [0.5, 1e-06, 0.1], "k_pid_hsp": [6.079981412929336, 0.42463965183875085, 0.8128997202642296], "k_pid_vsp": [269.0565045991616, 271.51027194683843, 49.21659129255673]}, "datetime": {"datetime": "2025-08-13 10:30:21", "elapsed": 2549.183619737625, "delta": 25.661060333251953}, "costs": {"total_cost": 296.39991692395273, "time_cost": 90.545, "final_distance_cost": 1.7425631615851365, "oscillation_cost": 99.37509384819484, "completition_cost": 0.0, "overshoot_cost": 58.07416573387878, "power_cost": 24.71946696777344, "noise_cost": 21.943627212520553, "n_waypoints_completed": 9, "tot_waypoints": 9}}
{"target": -492.06904759787085, "params": {"k_pid_pos": [1.7098058057960246, 0.23313230771570548, 0.13094637410335097], "k_pid_alt": [1.6098455108794831, 0.521691146287547, 0.6377809719470767], "k_pid_att": [60.67247088811696, 8.026341883634393, 0.41811364501648995], "k_pid_yaw": [0.5, 1e-06, 0.1], "k_pid_hsp": [3.2234161359491296, 0.6561646577348375, 0.10951679433638184], "k_pid_vsp": [76.86073116007167, 360.6277326715917, 45.53075309506801]}, "datetime": {"datetime": "2025-08-13 10:30:44", "elapsed": 2572.421503305435, "delta": 23.23788356781006}, "costs": {"total_cost": 492.06904759787085, "time_cost": 91.182, "final_distance_cost": 1.7507656922041746, "oscillation_cost": 285.28512317903187, "completition_cost": 0.0, "overshoot_cost": 56.2439895040942, "power_cost": 32.123611572265624, "noise_cost": 25.483557650274975, "n_waypoints_completed": 9, "tot_waypoints": 9}}
{"target": -670.0529120808837, "params": {"k_pid_pos": [0.28788044377458427, 0.560958459552986, 0.5224298034635906], "k_pid_alt": [1.3964126017888157, 0.6864503843302379, 0.701254666166854], "k_pid_att": [51.68810401521344, 8.410430937039122, 0.8107436376684964], "k_pid_yaw": [0.5, 1e-06, 0.1], "k_pid_hsp": [6.780080675848089, 0.8648423970428851, 0.2939262251386995], "k_pid_vsp": [83.51343118147759, 358.018964136318, 41.76548449347745]}, "datetime": {"datetime": "2025-08-13 10:31:14", "elapsed": 2602.0725886821747, "delta": 29.651085376739502}, "costs": {"total_cost": 670.0529120808837, "time_cost": 116.515, "final_distance_cost": 1.7963967701842423, "oscillation_cost": 425.9748010028193, "completition_cost": 0.0, "overshoot_cost": 62.02612900797064, "power_cost": 33.95568757324219, "noise_cost": 29.78489772666745, "n_waypoints_completed": 9, "tot_waypoints": 9}}
{"target": -384.7133962619033, "params": {"k_pid_pos": [1.285377023256747, 0.6431167837198688, 0.23266914216735102], "k_pid_alt": [1.386657801322544, 0.040262515668701204, 0.5906594986740991], "k_pid_att": [48.788113165826616, 1.3513578867799592, 0.36335482818904674], "k_pid_yaw": [0.5, 1e-06, 0.1], "k_pid_hsp": [3.9441587819545494, 0.8906475988364053, 0.9305316888549849], "k_pid_vsp": [89.52270626784107, 359.490147170895, 45.39667805014351]}, "datetime": {"datetime": "2025-08-13 10:31:34", "elapsed": 2622.6012573242188, "delta": 20.528668642044067}, "costs": {"total_cost": 384.7133962619033, "time_cost": 83.3, "final_distance_cost": 1.7892660062993027, "oscillation_cost": 194.18431864894703, "completition_cost": 0.0, "overshoot_cost": 59.56000242898821, "power_cost": 24.844843994140625, "noise_cost": 21.034965183528158, "n_waypoints_completed": 9, "tot_waypoints": 9}}
{"target": -469.7775124833249, "params": {"k_pid_pos": [1.5192402434376717, 0.4402288119493789, 0.8273907699347216], "k_pid_alt": [1.3999892074226514, 0.3352393391127295, 0.5248243501411979], "k_pid_att": [15.663584571494354, 3.0979671924749623, 0.7707464992543801], "k_pid_yaw": [0.5, 1e-06, 0.1], "k_pid_hsp": [4.5290091997479935, 0.48968217981632167, 0.4057427448516833], "k_pid_vsp": [173.53293037498034, 19.7747641029833, 2.9180420008716568]}, "datetime": {"datetime": "2025-08-13 10:32:01", "elapsed": 2649.052652359009, "delta": 26.45139503479004}, "costs": {"total_cost": 469.7775124833249, "time_cost": 98.56700000000001, "final_distance_cost": 1.7603185882036743, "oscillation_cost": 254.59920758600578, "completition_cost": 0.0, "overshoot_cost": 55.74069991990311, "power_cost": 29.441610083007813, "noise_cost": 29.668676306204507, "n_waypoints_completed": 9, "tot_waypoints": 9}}
{"target": -1014.4996201379003, "params": {"k_pid_pos": [0.8401372178336157, 0.10734588933851152, 0.5585570121484189], "k_pid_alt": [1.8048636350019476, 0.22687130654472476, 0.6574340270909531], "k_pid_att": [23.25423530953018, 4.614901552209849, 0.25191290747757344], "k_pid_yaw": [0.5, 1e-06, 0.1], "k_pid_hsp": [1.3033003095224467, 0.132147496636424, 0.5413131148698722], "k_pid_vsp": [166.80059397454107, 7.510854465542257, 2.8936813453572983]}, "datetime": {"datetime": "2025-08-13 10:32:31", "elapsed": 2679.8695826530457, "delta": 30.816930294036865}, "costs": {"total_cost": 1014.4996201379003, "time_cost": 150, "final_distance_cost": 52.793853283827325, "oscillation_cost": 584.8557666986467, "completition_cost": 111.11111111111116, "overshoot_cost": 54.5203737473815, "power_cost": 30.08063172607422, "noise_cost": 31.13788357085932, "n_waypoints_completed": 8, "tot_waypoints": 9}}
{"target": -623.1706851314611, "params": {"k_pid_pos": [0.8067241074933456, 0.3879233963026373, 0.6628963786715811], "k_pid_alt": [0.554957134266242, 0.5055473179255057, 0.1351240617997045], "k_pid_att": [9.06604631021265, 5.316387608667188, 0.7812594828906959], "k_pid_yaw": [0.5, 1e-06, 0.1], "k_pid_hsp": [6.538940723810971, 0.34891525267544443, 0.6997727750002485], "k_pid_vsp": [270.8783415475825, 272.6993728725584, 49.95303057973348]}, "datetime": {"datetime": "2025-08-13 10:33:02", "elapsed": 2710.643883228302, "delta": 30.774300575256348}, "costs": {"total_cost": 623.1706851314611, "time_cost": 150, "final_distance_cost": 24.80602157586245, "oscillation_cost": 219.71936420058253, "completition_cost": 111.11111111111116, "overshoot_cost": 62.6184647892507, "power_cost": 27.71524742431641, "noise_cost": 27.200476030337846, "n_waypoints_completed": 8, "tot_waypoints": 9}}
{"target": -686.384309113931, "params": {"k_pid_pos": [0.47077549740099695, 0.4826241955499706, 0.7390936019080779], "k_pid_alt": [1.8263492650886335, 0.4592939758564627, 0.09782588281568261], "k_pid_att": [3.2563186671265343, 1.025717767383324, 0.08874862790145543], "k_pid_yaw": [0.5, 1e-06, 0.1], "k_pid_hsp": [6.737462084546843, 0.6569588308163821, 0.4290550297011342], "k_pid_vsp": [257.75476244021434, 290.49946048509946, 37.47375022384227]}, "datetime": {"datetime": "2025-08-13 10:33:34", "elapsed": 2742.913628101349, "delta": 32.269744873046875}, "costs": {"total_cost": 686.384309113931, "time_cost": 150, "final_distance_cost": 67.13781028370276, "oscillation_cost": 250.84596081443237, "completition_cost": 111.11111111111116, "overshoot_cost": 48.366240890472874, "power_cost": 30.940714306640626, "noise_cost": 27.98247170757107, "n_waypoints_completed": 8, "tot_waypoints": 9}}
{"target": -514.5742059328353, "params": {"k_pid_pos": [0.836046229669884, 0.36518293351032416, 0.775025607962457], "k_pid_alt": [1.2430176886420594, 0.04188535846851105, 0.7854299402172296], "k_pid_att": [52.060117607456135, 3.0859864048237178, 0.8331452595202202], "k_pid_yaw": [0.5, 1e-06, 0.1], "k_pid_hsp": [2.6815711111602445, 0.7308927353006255, 0.21929683866576033], "k_pid_vsp": [85.77953919123726, 363.23446078667695, 41.935635557091445]}, "datetime": {"datetime": "2025-08-13 10:34:07", "elapsed": 2775.0155856609344, "delta": 32.10195755958557}, "costs": {"total_cost": 514.5742059328353, "time_cost": 91.72800000000001, "final_distance_cost": 1.831764441419716, "oscillation_cost": 322.795756495741, "completition_cost": 0.0, "overshoot_cost": 52.066461291840135, "power_cost": 23.887884301757815, "noise_cost": 22.26433940207666, "n_waypoints_completed": 9, "tot_waypoints": 9}}
