{"target": -1081.1673621435937, "params": {"k_pid_pos": [0.07926823943853378, 0.0839986801147461, 0.0075164735317230225], "k_pid_alt": [0.0, 0.5534406900405884, 0.9890974760055542], "k_pid_att": [100.0, 9.999999747378752e-05, 0.9904847741127014], "k_pid_yaw": [0.5, 1e-06, 0.1], "k_pid_hsp": [9.70728588104248, 0.9947097301483154, 0.03895917534828186], "k_pid_vsp": [376.07257080078125, 373.70904541015625, 14.995682716369629]}, "datetime": {"datetime": "2025-08-13 18:38:20", "elapsed": 31828.86909556389, "delta": 29.808542728424072}, "costs": {"total_cost": 1081.1673621435937, "time_cost": 150, "final_distance_cost": 70.27596033802332, "oscillation_cost": 70.91857150414585, "completition_cost": 666.6666666666667, "overshoot_cost": 63.694336895646174, "power_cost": 30.45521960449219, "noise_cost": 29.15660713461924, "n_waypoints_completed": 3, "tot_waypoints": 9}}
{"target": -336.8194383385169, "params": {"k_pid_pos": [0.3200659155845642, 0.0021809935569763184, 0.007722973823547363], "k_pid_alt": [5.960464477539063e-08, 1.0, 0.9728872179985046], "k_pid_att": [100.0, 9.999999747378752e-05, 0.9724855422973633], "k_pid_yaw": [0.5, 1e-06, 0.1], "k_pid_hsp": [9.370829582214355, 0.9332430958747864, 0.014272153377532959], "k_pid_vsp": [400.0, 396.55145263671875, 4.250837326049805]}, "datetime": {"datetime": "2025-08-13 18:38:56", "elapsed": 31864.245635986328, "delta": 35.376540422439575}, "costs": {"total_cost": 336.8194383385169, "time_cost": 119.938, "final_distance_cost": 1.8325523465054678, "oscillation_cost": 89.67310910019027, "completition_cost": 0.0, "overshoot_cost": 67.9901280581805, "power_cost": 23.952944360351562, "noise_cost": 33.432704473289036, "n_waypoints_completed": 9, "tot_waypoints": 9}}
{"target": -1399.944211386784, "params": {"k_pid_pos": [0.6871352791786194, 0.013902157545089722, 0.0770462155342102], "k_pid_alt": [1.3828277587890625e-05, 0.013594567775726318, 0.9880996942520142], "k_pid_att": [100.0, 9.999999747378752e-05, 0.9153317213058472], "k_pid_yaw": [0.5, 1e-06, 0.1], "k_pid_hsp": [9.669377326965332, 0.9574049711227417, 0.013477534055709839], "k_pid_vsp": [400.0, 369.7010498046875, 117.06726837158203]}, "datetime": {"datetime": "2025-08-13 18:39:28", "elapsed": 31896.248111248016, "delta": 32.00247526168823}, "costs": {"total_cost": 1399.944211386784, "time_cost": 150, "final_distance_cost": 33.83386216279217, "oscillation_cost": 54.193360882198746, "completition_cost": 1000.0, "overshoot_cost": 98.15204721001133, "power_cost": 31.466421044921876, "noise_cost": 32.29852008686002, "n_waypoints_completed": 0, "tot_waypoints": 9}}
{"target": -972.8112175696624, "params": {"k_pid_pos": [0.10461664199829102, 0.03957059979438782, 0.0532151460647583], "k_pid_alt": [0.0, 1.0, 0.9858967065811157], "k_pid_att": [98.24227142333984, 9.999999747378752e-05, 0.9767671227455139], "k_pid_yaw": [0.5, 1e-06, 0.1], "k_pid_hsp": [9.825783729553223, 0.9893243312835693, 0.009393692016601562], "k_pid_vsp": [400.0, 372.83050537109375, 1.5499482154846191]}, "datetime": {"datetime": "2025-08-13 18:39:57", "elapsed": 31925.159531116486, "delta": 28.91141986846924}, "costs": {"total_cost": 972.8112175696624, "time_cost": 150, "final_distance_cost": 43.37355456573488, "oscillation_cost": 90.35305023402127, "completition_cost": 555.5555555555555, "overshoot_cost": 73.8298766317718, "power_cost": 26.517277050781253, "noise_cost": 33.18190353179771, "n_waypoints_completed": 4, "tot_waypoints": 9}}
{"target": -1534.845082534161, "params": {"k_pid_pos": [0.4366312623023987, 0.01675182580947876, 0.005965769290924072], "k_pid_alt": [0.0, 5.960464477539063e-08, 0.9849201440811157], "k_pid_att": [100.0, 9.999999747378752e-05, 0.9794046878814697], "k_pid_yaw": [0.5, 1e-06, 0.1], "k_pid_hsp": [9.971834182739258, 0.8463733196258545, 0.07953611016273499], "k_pid_vsp": [400.0, 394.863525390625, 4.462862968444824]}, "datetime": {"datetime": "2025-08-13 18:40:26", "elapsed": 31954.666370153427, "delta": 29.50683903694153}, "costs": {"total_cost": 1534.845082534161, "time_cost": 150, "final_distance_cost": 1.0000108741604836, "oscillation_cost": 66.74629991793722, "completition_cost": 1000.0, "overshoot_cost": 163.06424183500903, "power_cost": 22.794830310058593, "noise_cost": 131.2396995969958, "n_waypoints_completed": 0, "tot_waypoints": 9}}
{"target": -1425.4475477453607, "params": {"k_pid_pos": [0.006462775636464357, 0.06024107336997986, 0.1368415355682373], "k_pid_alt": [0.0002300739288330078, 1.0, 0.9412716627120972], "k_pid_att": [100.0, 0.00010298020060872659, 0.9517146348953247], "k_pid_yaw": [0.5, 1e-06, 0.1], "k_pid_hsp": [9.585220336914062, 0.9735954999923706, 0.03641384840011597], "k_pid_vsp": [399.97381591796875, 394.2433776855469, 4.473138809204102]}, "datetime": {"datetime": "2025-08-13 18:40:55", "elapsed": 31983.93777322769, "delta": 29.271403074264526}, "costs": {"total_cost": 1425.4475477453607, "time_cost": 150, "final_distance_cost": 72.82174622557433, "oscillation_cost": 162.55409857795496, "completition_cost": 888.8888888888888, "overshoot_cost": 86.31911764814835, "power_cost": 33.24489088134766, "noise_cost": 31.618805523446554, "n_waypoints_completed": 1, "tot_waypoints": 9}}
{"target": -1472.5062681432962, "params": {"k_pid_pos": [0.12443991750478745, 0.06154155731201172, 0.03074336051940918], "k_pid_alt": [1.4901161193847656e-06, 1.0, 0.9870508909225464], "k_pid_att": [100.0, 0.0009028665372170508, 0.8273214101791382], "k_pid_yaw": [0.5, 1e-06, 0.1], "k_pid_hsp": [9.8189697265625, 0.9233530759811401, 0.10420992970466614], "k_pid_vsp": [399.8302001953125, 377.0237121582031, 46.38825607299805]}, "datetime": {"datetime": "2025-08-13 18:41:25", "elapsed": 32013.55858373642, "delta": 29.620810508728027}, "costs": {"total_cost": 1472.5062681432962, "time_cost": 150, "final_distance_cost": 37.87285937347144, "oscillation_cost": 585.5391628927596, "completition_cost": 555.5555555555555, "overshoot_cost": 71.57017587643814, "power_cost": 40.481036889648436, "noise_cost": 31.48747755542304, "n_waypoints_completed": 4, "tot_waypoints": 9}}
{"target": -494.77584712953666, "params": {"k_pid_pos": [0.1788957566022873, 0.0292627215385437, 0.015420198440551758], "k_pid_alt": [1.999998688697815, 0.9999955892562866, 0.985763430595398], "k_pid_att": [100.0, 9.999999747378752e-05, 0.9569739103317261], "k_pid_yaw": [0.5, 1e-06, 0.1], "k_pid_hsp": [9.614054679870605, 0.9668231010437012, 0.004484981298446655], "k_pid_vsp": [229.80845642089844, 382.4272766113281, 90.73414611816406]}, "datetime": {"datetime": "2025-08-13 18:41:55", "elapsed": 32043.488541841507, "delta": 29.92995810508728}, "costs": {"total_cost": 494.77584712953666, "time_cost": 150, "final_distance_cost": 15.779708269257965, "oscillation_cost": 98.80420008359324, "completition_cost": 111.11111111111116, "overshoot_cost": 63.88988955207265, "power_cost": 26.9661111328125, "noise_cost": 28.224826980689176, "n_waypoints_completed": 8, "tot_waypoints": 9}}
{"target": -336.8200231044609, "params": {"k_pid_pos": [0.28149059414863586, 0.04434013366699219, 0.02842804789543152], "k_pid_alt": [0.9571642875671387, 0.9998887777328491, 0.9546598196029663], "k_pid_att": [100.0, 9.999999747378752e-05, 0.9828142523765564], "k_pid_yaw": [0.5, 1e-06, 0.1], "k_pid_hsp": [9.256176948547363, 0.9931247234344482, 0.019089877605438232], "k_pid_vsp": [400.0, 382.74725341796875, 33.96342849731445]}, "datetime": {"datetime": "2025-08-13 18:42:20", "elapsed": 32068.75376558304, "delta": 25.265223741531372}, "costs": {"total_cost": 336.8200231044609, "time_cost": 104.244, "final_distance_cost": 1.8247739302654897, "oscillation_cost": 118.31733763007598, "completition_cost": 0.0, "overshoot_cost": 60.46377621496703, "power_cost": 24.984738598632813, "noise_cost": 26.98539673051959, "n_waypoints_completed": 9, "tot_waypoints": 9}}
{"target": -1205.426772249453, "params": {"k_pid_pos": [0.05610440671443939, 0.021098464727401733, 0.024721413850784302], "k_pid_alt": [0.0, 0.9999361634254456, 0.9170083403587341], "k_pid_att": [100.0, 0.0003375221276655793, 0.994909405708313], "k_pid_yaw": [0.5, 1e-06, 0.1], "k_pid_hsp": [9.603456497192383, 0.993988037109375, 0.015304476022720337], "k_pid_vsp": [395.5142822265625, 388.6593322753906, 7.3892364501953125]}, "datetime": {"datetime": "2025-08-13 18:42:49", "elapsed": 32097.855117321014, "delta": 29.101351737976074}, "costs": {"total_cost": 1205.426772249453, "time_cost": 150, "final_distance_cost": 78.09127877359133, "oscillation_cost": 50.3806009332951, "completition_cost": 777.7777777777778, "overshoot_cost": 71.10407958915499, "power_cost": 43.12260590820313, "noise_cost": 34.95042926743086, "n_waypoints_completed": 2, "tot_waypoints": 9}}
{"target": -1110.0460277368522, "params": {"k_pid_pos": [0.1868082880973816, 0.09123879671096802, 0.01999250054359436], "k_pid_alt": [0.0, 1.0, 0.9774326682090759], "k_pid_att": [100.0, 0.00019924073421861976, 0.953587532043457], "k_pid_yaw": [0.5, 1e-06, 0.1], "k_pid_hsp": [8.567706108093262, 0.9923166036605835, 0.04509750008583069], "k_pid_vsp": [400.0, 399.1259460449219, 64.90943145751953]}, "datetime": {"datetime": "2025-08-13 18:43:18", "elapsed": 32127.01555967331, "delta": 29.160442352294922}, "costs": {"total_cost": 1110.0460277368522, "time_cost": 150, "final_distance_cost": 39.55405144007977, "oscillation_cost": 246.30618590065288, "completition_cost": 555.5555555555555, "overshoot_cost": 59.51605343626066, "power_cost": 30.280825427246096, "noise_cost": 28.833355977057494, "n_waypoints_completed": 4, "tot_waypoints": 9}}
{"target": -1546.0020541296803, "params": {"k_pid_pos": [0.07108105719089508, 0.11402031779289246, 0.015608936548233032], "k_pid_alt": [0.0, 1.1861324310302734e-05, 0.979820728302002], "k_pid_att": [99.88113403320312, 9.999999747378752e-05, 0.972266674041748], "k_pid_yaw": [0.5, 1e-06, 0.1], "k_pid_hsp": [9.760136604309082, 0.9330921769142151, 0.033539146184921265], "k_pid_vsp": [400.0, 384.05548095703125, 33.092750549316406]}, "datetime": {"datetime": "2025-08-13 18:43:48", "elapsed": 32156.93395590782, "delta": 29.91839623451233}, "costs": {"total_cost": 1546.0020541296803, "time_cost": 150, "final_distance_cost": 0.5872864536022592, "oscillation_cost": 104.47317855396844, "completition_cost": 1000.0, "overshoot_cost": 162.2465155835806, "power_cost": 22.8396994140625, "noise_cost": 105.85537412446655, "n_waypoints_completed": 0, "tot_waypoints": 9}}
{"target": -304.7009163904157, "params": {"k_pid_pos": [0.4479841887950897, 0.03772619366645813, 0.04530957341194153], "k_pid_alt": [0.0, 1.0, 0.9962897300720215], "k_pid_att": [99.99998474121094, 9.999999747378752e-05, 0.9899702072143555], "k_pid_yaw": [0.5, 1e-06, 0.1], "k_pid_hsp": [9.683375358581543, 0.9904345870018005, 0.018904387950897217], "k_pid_vsp": [391.49053955078125, 381.58966064453125, 15.790093421936035]}, "datetime": {"datetime": "2025-08-13 18:44:14", "elapsed": 32182.26435136795, "delta": 25.330395460128784}, "costs": {"total_cost": 304.7009163904157, "time_cost": 102.32600000000001, "final_distance_cost": 1.8208995503235657, "oscillation_cost": 84.59797133860332, "completition_cost": 0.0, "overshoot_cost": 65.27717093185792, "power_cost": 25.112571691894534, "noise_cost": 25.566302877736405, "n_waypoints_completed": 9, "tot_waypoints": 9}}
{"target": -400.1163291136642, "params": {"k_pid_pos": [0.4670598804950714, 0.06893235445022583, 0.18007221817970276], "k_pid_alt": [9.244680404663086e-05, 0.9999987483024597, 0.8961991667747498], "k_pid_att": [100.0, 0.04794059321284294, 0.9669438004493713], "k_pid_yaw": [0.5, 1e-06, 0.1], "k_pid_hsp": [9.814518928527832, 0.9363247156143188, 0.034896016120910645], "k_pid_vsp": [400.0, 389.5589294433594, 4.298962116241455]}, "datetime": {"datetime": "2025-08-13 18:44:39", "elapsed": 32207.93435239792, "delta": 25.67000102996826}, "costs": {"total_cost": 400.1163291136642, "time_cost": 105.511, "final_distance_cost": 1.8163569713267027, "oscillation_cost": 168.6685620719271, "completition_cost": 0.0, "overshoot_cost": 67.53244954259999, "power_cost": 27.97124705810547, "noise_cost": 28.616713469704962, "n_waypoints_completed": 9, "tot_waypoints": 9}}
{"target": -1511.3659556106388, "params": {"k_pid_pos": [0.04624319449067116, 0.008910655975341797, 0.03237849473953247], "k_pid_alt": [0.0, 0.9999912977218628, 0.9789726138114929], "k_pid_att": [100.0, 0.04665761813521385, 0.7808856964111328], "k_pid_yaw": [0.5, 1e-06, 0.1], "k_pid_hsp": [9.957104682922363, 0.9652665853500366, 0.045406192541122437], "k_pid_vsp": [368.87451171875, 390.9110107421875, 70.72162628173828]}, "datetime": {"datetime": "2025-08-13 18:45:08", "elapsed": 32237.047807455063, "delta": 29.113455057144165}, "costs": {"total_cost": 1511.3659556106388, "time_cost": 150, "final_distance_cost": 85.62235176212616, "oscillation_cost": 362.7122248113542, "completition_cost": 777.7777777777778, "overshoot_cost": 72.5451073246603, "power_cost": 35.211420031738285, "noise_cost": 27.497073902982272, "n_waypoints_completed": 2, "tot_waypoints": 9}}
{"target": -646.287399323209, "params": {"k_pid_pos": [0.16882576048374176, 0.05435502529144287, 0.004300355911254883], "k_pid_alt": [1.9994865655899048, 0.9977281093597412, 0.9928547143936157], "k_pid_att": [100.0, 9.999999747378752e-05, 0.98466956615448], "k_pid_yaw": [0.5, 1e-06, 0.1], "k_pid_hsp": [8.989473342895508, 0.9902794361114502, 0.0789194405078888], "k_pid_vsp": [400.0, 397.04547119140625, 12.81298542022705]}, "datetime": {"datetime": "2025-08-13 18:45:38", "elapsed": 32266.727452278137, "delta": 29.67964482307434}, "costs": {"total_cost": 646.287399323209, "time_cost": 150, "final_distance_cost": 38.58107511701086, "oscillation_cost": 218.19336566385994, "completition_cost": 111.11111111111116, "overshoot_cost": 61.63294005344054, "power_cost": 36.36637241210938, "noise_cost": 30.402534965677095, "n_waypoints_completed": 8, "tot_waypoints": 9}}
{"target": -730.8900195083402, "params": {"k_pid_pos": [0.18649591505527496, 0.044671088457107544, 0.013266026973724365], "k_pid_alt": [0.0, 0.7707736492156982, 0.9846999645233154], "k_pid_att": [100.0, 0.0017745756777003407, 0.9883936047554016], "k_pid_yaw": [0.5, 1e-06, 0.1], "k_pid_hsp": [9.641079902648926, 0.8919433951377869, 0.04724058508872986], "k_pid_vsp": [400.0, 393.5225830078125, 7.286740303039551]}, "datetime": {"datetime": "2025-08-13 18:46:07", "elapsed": 32295.771223545074, "delta": 29.043771266937256}, "costs": {"total_cost": 730.8900195083402, "time_cost": 150, "final_distance_cost": 70.23785646286504, "oscillation_cost": 168.2185689461621, "completition_cost": 222.2222222222222, "overshoot_cost": 65.85997132175454, "power_cost": 24.31242507324219, "noise_cost": 30.038975482094187, "n_waypoints_completed": 7, "tot_waypoints": 9}}
{"target": -1198.0787130875262, "params": {"k_pid_pos": [0.0516757071018219, 0.01311415433883667, 0.13494333624839783], "k_pid_alt": [0.0009675025939941406, 0.9999442100524902, 0.9647399187088013], "k_pid_att": [100.0, 9.999999747378752e-05, 0.9274299144744873], "k_pid_yaw": [0.5, 1e-06, 0.1], "k_pid_hsp": [9.704388618469238, 0.9831691980361938, 0.006826847791671753], "k_pid_vsp": [0.1186370849609375, 319.93621826171875, 33.73046112060547]}, "datetime": {"datetime": "2025-08-13 18:46:37", "elapsed": 32325.26267361641, "delta": 29.49145007133484}, "costs": {"total_cost": 1198.0787130875262, "time_cost": 150, "final_distance_cost": 81.26503545964648, "oscillation_cost": 48.981313042572125, "completition_cost": 777.7777777777778, "overshoot_cost": 75.07397396932704, "power_cost": 35.977212829589845, "noise_cost": 29.003400008612886, "n_waypoints_completed": 2, "tot_waypoints": 9}}
{"target": -1155.3695233324822, "params": {"k_pid_pos": [0.07137680053710938, 0.08038535714149475, 0.005524694919586182], "k_pid_alt": [0.0, 1.0, 0.9542303085327148], "k_pid_att": [100.0, 9.999999747378752e-05, 0.917046308517456], "k_pid_yaw": [0.5, 1e-06, 0.1], "k_pid_hsp": [9.867890357971191, 0.9565815925598145, 0.03745576739311218], "k_pid_vsp": [0.033545494079589844, 397.8158874511719, 2.090264320373535]}, "datetime": {"datetime": "2025-08-13 18:47:05", "elapsed": 32354.034099817276, "delta": 28.7714262008667}, "costs": {"total_cost": 1155.3695233324822, "time_cost": 150, "final_distance_cost": 87.18311494782094, "oscillation_cost": 138.38668141158496, "completition_cost": 666.6666666666667, "overshoot_cost": 58.14602461972776, "power_cost": 30.291253271484376, "noise_cost": 24.69578241519752, "n_waypoints_completed": 3, "tot_waypoints": 9}}
{"target": -1317.3129770989535, "params": {"k_pid_pos": [0.05905010178685188, 0.03314685821533203, 0.07527434825897217], "k_pid_alt": [0.0, 0.033650994300842285, 0.9869288206100464], "k_pid_att": [100.0, 9.999999747378752e-05, 0.9168974161148071], "k_pid_yaw": [0.5, 1e-06, 0.1], "k_pid_hsp": [9.825910568237305, 0.9826222062110901, 0.05407792329788208], "k_pid_vsp": [399.99993896484375, 387.94512939453125, 9.698654174804688]}, "datetime": {"datetime": "2025-08-13 18:47:34", "elapsed": 32382.832591295242, "delta": 28.79849147796631}, "costs": {"total_cost": 1317.3129770989535, "time_cost": 150, "final_distance_cost": 74.39007339875984, "oscillation_cost": 176.26369355773696, "completition_cost": 777.7777777777778, "overshoot_cost": 77.07723136381405, "power_cost": 31.664572863769532, "noise_cost": 30.139628137095414, "n_waypoints_completed": 2, "tot_waypoints": 9}}
{"target": -1276.2706228248987, "params": {"k_pid_pos": [0.03132328763604164, 0.09523820877075195, 0.05115830898284912], "k_pid_alt": [0.0, 0.9999799728393555, 0.9581766128540039], "k_pid_att": [96.03125, 0.004958922043442726, 0.9954822063446045], "k_pid_yaw": [0.5, 1e-06, 0.1], "k_pid_hsp": [9.654569625854492, 0.9617843627929688, 0.01084408164024353], "k_pid_vsp": [399.9949951171875, 360.261474609375, 12.883866310119629]}, "datetime": {"datetime": "2025-08-13 18:48:04", "elapsed": 32412.82480764389, "delta": 29.99221634864807}, "costs": {"total_cost": 1276.2706228248987, "time_cost": 150, "final_distance_cost": 70.69704874268568, "oscillation_cost": 43.11698692649172, "completition_cost": 888.8888888888888, "overshoot_cost": 54.47682811851435, "power_cost": 37.23891766357422, "noise_cost": 31.851952484744167, "n_waypoints_completed": 1, "tot_waypoints": 9}}
{"target": -10016.43049445762, "params": {"k_pid_pos": [0.07816590368747711, 0.20626488327980042, 0.012051880359649658], "k_pid_alt": [1.9999772310256958, 1.0, 0.9805924296379089], "k_pid_att": [0.00016689300537109375, 9.999999747378752e-05, 0.8422644734382629], "k_pid_yaw": [0.5, 1e-06, 0.1], "k_pid_hsp": [8.945247650146484, 0.9203739166259766, 0.02886059880256653], "k_pid_vsp": [400.0, 395.33587646484375, 45.065818786621094]}, "datetime": {"datetime": "2025-08-13 18:48:34", "elapsed": 32442.776387691498, "delta": 29.951580047607422}, "costs": {"total_cost": 10016.43049445762, "time_cost": 150, "final_distance_cost": 3207.736654246305, "oscillation_cost": 2.9685894937623347, "completition_cost": 1000.0, "overshoot_cost": 5606.057368569892, "power_cost": 26.094493005371096, "noise_cost": 23.573389142290356, "n_waypoints_completed": 0, "tot_waypoints": 9}}
{"target": -1268.3153645826283, "params": {"k_pid_pos": [0.015270947478711605, 0.009030044078826904, 0.084320068359375], "k_pid_alt": [6.586313247680664e-05, 1.0, 0.931624174118042], "k_pid_att": [100.0, 9.999999747378752e-05, 0.9831786751747131], "k_pid_yaw": [0.5, 1e-06, 0.1], "k_pid_hsp": [9.920492172241211, 0.9728788137435913, 0.006528675556182861], "k_pid_vsp": [400.0, 363.767578125, 16.165807723999023]}, "datetime": {"datetime": "2025-08-13 18:49:03", "elapsed": 32471.540424585342, "delta": 28.764036893844604}, "costs": {"total_cost": 1268.3153645826283, "time_cost": 150, "final_distance_cost": 54.69796385220218, "oscillation_cost": 34.796282359447815, "completition_cost": 888.8888888888888, "overshoot_cost": 88.16755444318461, "power_cost": 24.32808289794922, "noise_cost": 27.43659214095576, "n_waypoints_completed": 1, "tot_waypoints": 9}}
{"target": -549.8096279602066, "params": {"k_pid_pos": [0.2552013099193573, 0.02640676498413086, 0.05623471736907959], "k_pid_alt": [0.0015431642532348633, 0.8282366394996643, 0.9628928899765015], "k_pid_att": [100.0, 0.0006543176714330912, 0.916481614112854], "k_pid_yaw": [0.5, 1e-06, 0.1], "k_pid_hsp": [8.541929244995117, 0.9971287846565247, 0.022658944129943848], "k_pid_vsp": [400.0, 333.8424377441406, 37.87579345703125]}, "datetime": {"datetime": "2025-08-13 18:49:32", "elapsed": 32500.83993291855, "delta": 29.299508333206177}, "costs": {"total_cost": 549.8096279602066, "time_cost": 150, "final_distance_cost": 64.8205155497425, "oscillation_cost": 96.20623718176392, "completition_cost": 111.11111111111116, "overshoot_cost": 65.76196096847438, "power_cost": 31.12371201171875, "noise_cost": 30.786091137395964, "n_waypoints_completed": 8, "tot_waypoints": 9}}
{"target": -1048.6222031272048, "params": {"k_pid_pos": [0.05274597182869911, 0.15758287906646729, 0.21554327011108398], "k_pid_alt": [1.4651380777359009, 0.0, 0.9157187938690186], "k_pid_att": [100.0, 9.999999747378752e-05, 0.6763167381286621], "k_pid_yaw": [0.5, 1e-06, 0.1], "k_pid_hsp": [9.743581771850586, 0.9932140111923218, 0.0034373104572296143], "k_pid_vsp": [399.4455871582031, 376.9615783691406, 7.564271450042725]}, "datetime": {"datetime": "2025-08-13 18:50:06", "elapsed": 32534.519215345383, "delta": 33.679282426834106}, "costs": {"total_cost": 1048.6222031272048, "time_cost": 150, "final_distance_cost": 46.507609104859924, "oscillation_cost": 278.04819878774583, "completition_cost": 444.4444444444444, "overshoot_cost": 78.62141898633547, "power_cost": 22.36847556152344, "noise_cost": 28.632056242295644, "n_waypoints_completed": 5, "tot_waypoints": 9}}
