{"target": -1318.3707066603179, "params": {"k_pid_pos": [0.006652785465121269, 0.013573169708251953, 0.0064969658851623535], "k_pid_alt": [0.0, 1.0, 0.9978545904159546], "k_pid_att": [99.99984741210938, 9.999999747378752e-05, 0.9822062253952026], "k_pid_yaw": [0.5, 1e-06, 0.1], "k_pid_hsp": [9.93716049194336, 0.9946378469467163, 0.04258227348327637], "k_pid_vsp": [400.0, 398.7071228027344, 26.129343032836914]}, "datetime": {"datetime": "2025-08-14 05:21:22", "elapsed": 70411.00310754776, "delta": 27.54407262802124}, "costs": {"total_cost": 1318.3707066603179, "time_cost": 150, "final_distance_cost": 58.688384256696345, "oscillation_cost": 55.46916443852056, "completition_cost": 888.8888888888888, "overshoot_cost": 100.83625119537768, "power_cost": 34.77876883544922, "noise_cost": 29.709249045385338, "n_waypoints_completed": 1, "tot_waypoints": 9}}
{"target": -1172.0575285303632, "params": {"k_pid_pos": [0.04187653586268425, 0.02007603645324707, 0.01343625783920288], "k_pid_alt": [0.0, 1.0, 0.9963898062705994], "k_pid_att": [100.0, 9.999999747378752e-05, 0.9888210296630859], "k_pid_yaw": [0.5, 1e-06, 0.1], "k_pid_hsp": [9.705704689025879, 0.9973176121711731, 0.004010140895843506], "k_pid_vsp": [400.0, 395.3320617675781, 28.74753761291504]}, "datetime": {"datetime": "2025-08-14 05:21:54", "elapsed": 70442.52408480644, "delta": 31.52097725868225}, "costs": {"total_cost": 1172.0575285303632, "time_cost": 150, "final_distance_cost": 80.38516756149474, "oscillation_cost": 29.190659173180457, "completition_cost": 777.7777777777778, "overshoot_cost": 77.4084970314198, "power_cost": 29.286579602050782, "noise_cost": 28.008847384439655, "n_waypoints_completed": 2, "tot_waypoints": 9}}
{"target": -1268.457047051316, "params": {"k_pid_pos": [0.008877716027200222, 0.004109799861907959, 0.02962556481361389], "k_pid_alt": [0.0, 1.0, 0.9568387269973755], "k_pid_att": [100.0, 0.00011370892752893269, 0.9911582469940186], "k_pid_yaw": [0.5, 1e-06, 0.1], "k_pid_hsp": [9.363303184509277, 0.9767112731933594, 0.011968553066253662], "k_pid_vsp": [400.0, 388.6214294433594, 8.283961296081543]}, "datetime": {"datetime": "2025-08-14 05:22:22", "elapsed": 70470.38250756264, "delta": 27.85842275619507}, "costs": {"total_cost": 1268.457047051316, "time_cost": 150, "final_distance_cost": 61.153974362855266, "oscillation_cost": 26.859075665376213, "completition_cost": 888.8888888888888, "overshoot_cost": 70.80750943829979, "power_cost": 37.960293359375, "noise_cost": 32.78730533652083, "n_waypoints_completed": 1, "tot_waypoints": 9}}
{"target": -1063.7128511748515, "params": {"k_pid_pos": [0.06875813752412796, 0.021405190229415894, 0.0038542449474334717], "k_pid_alt": [1.9669532775878906e-06, 1.0, 0.9886381030082703], "k_pid_att": [100.0, 9.999999747378752e-05, 0.9962137937545776], "k_pid_yaw": [0.5, 1e-06, 0.1], "k_pid_hsp": [9.850189208984375, 0.9751043915748596, 0.004034757614135742], "k_pid_vsp": [400.0, 395.5723571777344, 8.010281562805176]}, "datetime": {"datetime": "2025-08-14 05:22:49", "elapsed": 70497.82522082329, "delta": 27.442713260650635}, "costs": {"total_cost": 1063.7128511748515, "time_cost": 150, "final_distance_cost": 54.32117610536021, "oscillation_cost": 46.127894794054555, "completition_cost": 666.6666666666667, "overshoot_cost": 77.77373056599599, "power_cost": 36.20573818359375, "noise_cost": 32.61764485918027, "n_waypoints_completed": 3, "tot_waypoints": 9}}
{"target": -1310.0592351312976, "params": {"k_pid_pos": [0.00658072717487812, 0.02537211775779724, 0.0037764906883239746], "k_pid_alt": [0.0, 1.0, 0.9724463224411011], "k_pid_att": [100.0, 9.999999747378752e-05, 0.9703447818756104], "k_pid_yaw": [0.5, 1e-06, 0.1], "k_pid_hsp": [9.937670707702637, 0.9841490983963013, 0.010708451271057129], "k_pid_vsp": [399.9999694824219, 397.420654296875, 1.9422898292541504]}, "datetime": {"datetime": "2025-08-14 05:23:18", "elapsed": 70527.07587313652, "delta": 29.250652313232422}, "costs": {"total_cost": 1310.0592351312976, "time_cost": 150, "final_distance_cost": 66.16675884422739, "oscillation_cost": 36.23966815370479, "completition_cost": 888.8888888888888, "overshoot_cost": 102.49468790998615, "power_cost": 32.527121154785156, "noise_cost": 33.742110179705044, "n_waypoints_completed": 1, "tot_waypoints": 9}}
{"target": -1317.169122637, "params": {"k_pid_pos": [0.05211115628480911, 0.005298912525177002, 0.011104583740234375], "k_pid_alt": [0.0, 1.0, 0.9816098809242249], "k_pid_att": [100.0, 9.999999747378752e-05, 0.9962807893753052], "k_pid_yaw": [0.5, 1e-06, 0.1], "k_pid_hsp": [9.924142837524414, 0.987095296382904, 0.06466695666313171], "k_pid_vsp": [400.0, 398.1966857910156, 8.791888236999512]}, "datetime": {"datetime": "2025-08-14 05:23:48", "elapsed": 70556.88583803177, "delta": 29.809964895248413}, "costs": {"total_cost": 1317.169122637, "time_cost": 150, "final_distance_cost": 82.8852223914464, "oscillation_cost": 186.27281513085816, "completition_cost": 777.7777777777778, "overshoot_cost": 69.97158122334419, "power_cost": 24.412506323242187, "noise_cost": 25.849219790331258, "n_waypoints_completed": 2, "tot_waypoints": 9}}
{"target": -1258.4437559385517, "params": {"k_pid_pos": [0.012215766124427319, 0.009692013263702393, 0.02790972590446472], "k_pid_alt": [0.0, 1.0, 0.9691727161407471], "k_pid_att": [100.0, 9.999999747378752e-05, 0.9910237789154053], "k_pid_yaw": [0.5, 1e-06, 0.1], "k_pid_hsp": [9.837502479553223, 0.99626624584198, 0.004313111305236816], "k_pid_vsp": [400.0, 395.3627624511719, 16.835250854492188]}, "datetime": {"datetime": "2025-08-14 05:24:16", "elapsed": 70584.58316516876, "delta": 27.697327136993408}, "costs": {"total_cost": 1258.4437559385517, "time_cost": 150, "final_distance_cost": 53.50042274174087, "oscillation_cost": 18.196373232593572, "completition_cost": 888.8888888888888, "overshoot_cost": 92.07964040633436, "power_cost": 28.04067420654297, "noise_cost": 27.737756462451202, "n_waypoints_completed": 1, "tot_waypoints": 9}}
{"target": -1189.8898832806728, "params": {"k_pid_pos": [0.03617247939109802, 0.010886728763580322, 0.027718722820281982], "k_pid_alt": [0.0, 1.0, 0.9886496067047119], "k_pid_att": [100.0, 9.999999747378752e-05, 0.9827008843421936], "k_pid_yaw": [0.5, 1e-06, 0.1], "k_pid_hsp": [9.870096206665039, 0.9640092849731445, 0.011423945426940918], "k_pid_vsp": [400.0, 387.26788330078125, 1.4700660705566406]}, "datetime": {"datetime": "2025-08-14 05:24:45", "elapsed": 70613.3815228939, "delta": 28.798357725143433}, "costs": {"total_cost": 1189.8898832806728, "time_cost": 150, "final_distance_cost": 84.04827944992523, "oscillation_cost": 46.60223207557445, "completition_cost": 777.7777777777778, "overshoot_cost": 71.11044384599919, "power_cost": 28.185516235351564, "noise_cost": 32.165633896044504, "n_waypoints_completed": 2, "tot_waypoints": 9}}
{"target": -1279.8713328180268, "params": {"k_pid_pos": [0.006455265451222658, 0.01663234829902649, 0.04166576266288757], "k_pid_alt": [0.0, 1.0, 0.9908642768859863], "k_pid_att": [100.0, 9.999999747378752e-05, 0.9853054285049438], "k_pid_yaw": [0.5, 1e-06, 0.1], "k_pid_hsp": [9.949739456176758, 0.9967279434204102, 0.002381950616836548], "k_pid_vsp": [400.0, 383.62139892578125, 10.32776927947998]}, "datetime": {"datetime": "2025-08-14 05:25:14", "elapsed": 70642.72577428818, "delta": 29.34425139427185}, "costs": {"total_cost": 1279.8713328180268, "time_cost": 150, "final_distance_cost": 51.719036918954856, "oscillation_cost": 27.36167249310869, "completition_cost": 888.8888888888888, "overshoot_cost": 107.39210515363575, "power_cost": 26.573145776367188, "noise_cost": 27.936483587071336, "n_waypoints_completed": 1, "tot_waypoints": 9}}
{"target": -1046.0479509632335, "params": {"k_pid_pos": [0.09794978052377701, 0.003142714500427246, 0.07124841213226318], "k_pid_alt": [0.0, 1.0, 0.9981573820114136], "k_pid_att": [100.0, 9.999999747378752e-05, 0.9964184761047363], "k_pid_yaw": [0.5, 1e-06, 0.1], "k_pid_hsp": [9.727566719055176, 0.9837665557861328, 0.0037774741649627686], "k_pid_vsp": [400.0, 398.6495361328125, 7.794250011444092]}, "datetime": {"datetime": "2025-08-14 05:25:42", "elapsed": 70671.04650950432, "delta": 28.320735216140747}, "costs": {"total_cost": 1046.0479509632335, "time_cost": 150, "final_distance_cost": 57.83925011105866, "oscillation_cost": 43.25425605458441, "completition_cost": 666.6666666666667, "overshoot_cost": 71.49512575788228, "power_cost": 26.975634716796876, "noise_cost": 29.817017656244392, "n_waypoints_completed": 3, "tot_waypoints": 9}}
{"target": -1162.0509002309188, "params": {"k_pid_pos": [0.052061088383197784, 0.006669521331787109, 0.007867157459259033], "k_pid_alt": [0.0, 1.0, 0.9939131736755371], "k_pid_att": [100.0, 9.999999747378752e-05, 0.9880847334861755], "k_pid_yaw": [0.5, 1e-06, 0.1], "k_pid_hsp": [8.779291152954102, 0.9743043184280396, 0.01402011513710022], "k_pid_vsp": [399.9997253417969, 383.3695068359375, 3.917659282684326]}, "datetime": {"datetime": "2025-08-14 05:26:11", "elapsed": 70699.92683887482, "delta": 28.880329370498657}, "costs": {"total_cost": 1162.0509002309188, "time_cost": 150, "final_distance_cost": 75.77475980488352, "oscillation_cost": 37.32334657942743, "completition_cost": 777.7777777777778, "overshoot_cost": 69.86891432699674, "power_cost": 21.376838037109376, "noise_cost": 29.929263704724047, "n_waypoints_completed": 2, "tot_waypoints": 9}}
{"target": -1305.460710361256, "params": {"k_pid_pos": [0.030015744268894196, 0.0033324360847473145, 0.01782923936843872], "k_pid_alt": [0.0, 1.0, 0.9991625547409058], "k_pid_att": [100.0, 9.999999747378752e-05, 0.9630524516105652], "k_pid_yaw": [0.5, 1e-06, 0.1], "k_pid_hsp": [9.980040550231934, 0.9185842275619507, 0.10331377387046814], "k_pid_vsp": [400.0, 392.6404113769531, 3.9707908630371094]}, "datetime": {"datetime": "2025-08-14 05:26:42", "elapsed": 70730.22155380249, "delta": 30.29471492767334}, "costs": {"total_cost": 1305.460710361256, "time_cost": 150, "final_distance_cost": 63.6480780967592, "oscillation_cost": 77.3663754187321, "completition_cost": 888.8888888888888, "overshoot_cost": 69.28207574729535, "power_cost": 29.43312369384766, "noise_cost": 26.84216851573294, "n_waypoints_completed": 1, "tot_waypoints": 9}}
{"target": -1190.4866877140664, "params": {"k_pid_pos": [0.04009426757693291, 0.023240596055984497, 0.018802523612976074], "k_pid_alt": [0.0, 0.9999988079071045, 0.9946417808532715], "k_pid_att": [100.0, 9.999999747378752e-05, 0.8899679183959961], "k_pid_yaw": [0.5, 1e-06, 0.1], "k_pid_hsp": [9.956663131713867, 0.9799489974975586, 0.001869797706604004], "k_pid_vsp": [400.0, 395.3140869140625, 2.081216335296631]}, "datetime": {"datetime": "2025-08-14 05:27:09", "elapsed": 70757.39589214325, "delta": 27.174338340759277}, "costs": {"total_cost": 1190.4866877140664, "time_cost": 150, "final_distance_cost": 81.2363571878092, "oscillation_cost": 54.553664145423774, "completition_cost": 777.7777777777778, "overshoot_cost": 78.52404593776052, "power_cost": 19.205306762695315, "noise_cost": 29.1895359025999, "n_waypoints_completed": 2, "tot_waypoints": 9}}
{"target": -1268.7972785362274, "params": {"k_pid_pos": [0.020228436216711998, 0.0011014044284820557, 0.024886667728424072], "k_pid_alt": [0.0, 1.0, 0.9899866580963135], "k_pid_att": [100.0, 9.999999747378752e-05, 0.973505973815918], "k_pid_yaw": [0.5, 1e-06, 0.1], "k_pid_hsp": [9.957136154174805, 0.9936438798904419, 0.0015959739685058594], "k_pid_vsp": [398.4975280761719, 395.6009826660156, 7.387126445770264]}, "datetime": {"datetime": "2025-08-14 05:27:38", "elapsed": 70786.78000688553, "delta": 29.384114742279053}, "costs": {"total_cost": 1268.7972785362274, "time_cost": 150, "final_distance_cost": 46.61341535273206, "oscillation_cost": 35.42109123782588, "completition_cost": 888.8888888888888, "overshoot_cost": 72.13701783673758, "power_cost": 41.37049387207031, "noise_cost": 34.3663713479728, "n_waypoints_completed": 1, "tot_waypoints": 9}}
{"target": -1305.0284143073284, "params": {"k_pid_pos": [0.009286285378038883, 0.01741984486579895, 0.03959602117538452], "k_pid_alt": [0.0, 1.0, 0.9922870397567749], "k_pid_att": [100.0, 9.999999747378752e-05, 0.9810938835144043], "k_pid_yaw": [0.5, 1e-06, 0.1], "k_pid_hsp": [9.962797164916992, 0.9807044267654419, 0.008862793445587158], "k_pid_vsp": [400.0, 392.40533447265625, 0.4631529450416565]}, "datetime": {"datetime": "2025-08-14 05:28:09", "elapsed": 70817.38891625404, "delta": 30.608909368515015}, "costs": {"total_cost": 1305.0284143073284, "time_cost": 150, "final_distance_cost": 57.57757880418332, "oscillation_cost": 67.73766255385291, "completition_cost": 888.8888888888888, "overshoot_cost": 97.63089542702055, "power_cost": 16.254395288085938, "noise_cost": 26.93899334529666, "n_waypoints_completed": 1, "tot_waypoints": 9}}
{"target": -1198.0033897632516, "params": {"k_pid_pos": [0.03078138642013073, 0.04712146520614624, 0.04921555519104004], "k_pid_alt": [0.0, 1.0, 0.9569884538650513], "k_pid_att": [100.0, 9.999999747378752e-05, 0.9914870262145996], "k_pid_yaw": [0.5, 1e-06, 0.1], "k_pid_hsp": [9.98102855682373, 0.9867469072341919, 0.001771479845046997], "k_pid_vsp": [400.0, 398.77813720703125, 18.357744216918945]}, "datetime": {"datetime": "2025-08-14 05:28:38", "elapsed": 70846.86676478386, "delta": 29.477848529815674}, "costs": {"total_cost": 1198.0033897632516, "time_cost": 150, "final_distance_cost": 95.14889822936539, "oscillation_cost": 30.90536602534862, "completition_cost": 777.7777777777778, "overshoot_cost": 83.38053002687367, "power_cost": 31.864195471191408, "noise_cost": 28.926622232694847, "n_waypoints_completed": 2, "tot_waypoints": 9}}
{"target": -1340.71833544208, "params": {"k_pid_pos": [0.007935293950140476, 0.0011000335216522217, 0.010590285062789917], "k_pid_alt": [8.940696716308594e-07, 1.0, 0.9809012413024902], "k_pid_att": [100.0, 9.999999747378752e-05, 0.9158855080604553], "k_pid_yaw": [0.5, 1e-06, 0.1], "k_pid_hsp": [9.73453426361084, 0.9947975873947144, 0.020296037197113037], "k_pid_vsp": [400.0, 397.3414306640625, 2.5265822410583496]}, "datetime": {"datetime": "2025-08-14 05:29:09", "elapsed": 70877.34220862389, "delta": 30.475443840026855}, "costs": {"total_cost": 1340.71833544208, "time_cost": 150, "final_distance_cost": 49.998436711963784, "oscillation_cost": 41.28649140838069, "completition_cost": 1000.0, "overshoot_cost": 41.31818545936016, "power_cost": 26.692513378906252, "noise_cost": 31.422708483469137, "n_waypoints_completed": 0, "tot_waypoints": 9}}
{"target": -1270.582904529575, "params": {"k_pid_pos": [0.1175854280591011, 0.004572242498397827, 0.005800962448120117], "k_pid_alt": [0.0, 1.0, 0.9695450663566589], "k_pid_att": [100.0, 9.999999747378752e-05, 0.9788536429405212], "k_pid_yaw": [0.5, 1e-06, 0.1], "k_pid_hsp": [9.944016456604004, 0.9899930953979492, 0.023907005786895752], "k_pid_vsp": [400.0, 397.275390625, 1.897228717803955]}, "datetime": {"datetime": "2025-08-14 05:29:39", "elapsed": 70907.5655298233, "delta": 30.223321199417114}, "costs": {"total_cost": 1270.582904529575, "time_cost": 150, "final_distance_cost": 70.5712295733585, "oscillation_cost": 57.63535490226907, "completition_cost": 777.7777777777778, "overshoot_cost": 107.01987853916627, "power_cost": 48.87158715820313, "noise_cost": 58.70707657880024, "n_waypoints_completed": 2, "tot_waypoints": 9}}
{"target": -1223.1235630714643, "params": {"k_pid_pos": [0.057288333773612976, 0.016797959804534912, 0.011509329080581665], "k_pid_alt": [0.0, 1.0, 0.9139105677604675], "k_pid_att": [100.0, 9.999999747378752e-05, 0.9846802353858948], "k_pid_yaw": [0.5, 1e-06, 0.1], "k_pid_hsp": [9.738250732421875, 0.9947895407676697, 0.04185241460800171], "k_pid_vsp": [400.0, 396.2756042480469, 13.745463371276855]}, "datetime": {"datetime": "2025-08-14 05:30:07", "elapsed": 70935.61155867577, "delta": 28.04602885246277}, "costs": {"total_cost": 1223.1235630714643, "time_cost": 150, "final_distance_cost": 95.40553659051928, "oscillation_cost": 77.08362108037298, "completition_cost": 777.7777777777778, "overshoot_cost": 68.2625892712501, "power_cost": 26.70838648681641, "noise_cost": 27.885651864727627, "n_waypoints_completed": 2, "tot_waypoints": 9}}
{"target": -1091.7271423071713, "params": {"k_pid_pos": [0.06932053714990616, 0.02256867289543152, 0.004484832286834717], "k_pid_alt": [0.0, 1.0, 0.9928258657455444], "k_pid_att": [100.0, 0.0002850705641321838, 0.9871396422386169], "k_pid_yaw": [0.5, 1e-06, 0.1], "k_pid_hsp": [9.922057151794434, 0.986541211605072, 0.05302029848098755], "k_pid_vsp": [400.0, 392.78253173828125, 3.669239044189453]}, "datetime": {"datetime": "2025-08-14 05:30:36", "elapsed": 70965.02734375, "delta": 29.41578507423401}, "costs": {"total_cost": 1091.7271423071713, "time_cost": 150, "final_distance_cost": 62.32716500447077, "oscillation_cost": 87.33408088471192, "completition_cost": 666.6666666666667, "overshoot_cost": 76.30050197206704, "power_cost": 22.29178955078125, "noise_cost": 26.806938228473584, "n_waypoints_completed": 3, "tot_waypoints": 9}}
{"target": -1302.3166566745456, "params": {"k_pid_pos": [0.0180957093834877, 0.01338532567024231, 0.1003408432006836], "k_pid_alt": [0.0, 1.0, 0.982772946357727], "k_pid_att": [100.0, 9.999999747378752e-05, 0.9786394834518433], "k_pid_yaw": [0.5, 1e-06, 0.1], "k_pid_hsp": [9.842979431152344, 0.963008463382721, 0.03457227349281311], "k_pid_vsp": [400.0, 382.9820251464844, 4.647446632385254]}, "datetime": {"datetime": "2025-08-14 05:31:05", "elapsed": 70994.10053157806, "delta": 29.073187828063965}, "costs": {"total_cost": 1302.3166566745456, "time_cost": 150, "final_distance_cost": 59.562918624427255, "oscillation_cost": 65.52470723843489, "completition_cost": 888.8888888888888, "overshoot_cost": 83.7800828285523, "power_cost": 25.31389899902344, "noise_cost": 29.24616009521872, "n_waypoints_completed": 1, "tot_waypoints": 9}}
{"target": -1284.128472055604, "params": {"k_pid_pos": [0.005364376585930586, 0.013523697853088379, 0.06111595034599304], "k_pid_alt": [0.0, 1.0, 0.9954320192337036], "k_pid_att": [100.0, 9.999999747378752e-05, 0.9800584316253662], "k_pid_yaw": [0.5, 1e-06, 0.1], "k_pid_hsp": [9.877847671508789, 0.9959458112716675, 0.011020302772521973], "k_pid_vsp": [400.0, 399.0491027832031, 13.518811225891113]}, "datetime": {"datetime": "2025-08-14 05:31:34", "elapsed": 71022.14276623726, "delta": 28.042234659194946}, "costs": {"total_cost": 1284.128472055604, "time_cost": 150, "final_distance_cost": 50.39814713599499, "oscillation_cost": 29.503672319427622, "completition_cost": 888.8888888888888, "overshoot_cost": 107.05644229544784, "power_cost": 29.860467578125, "noise_cost": 28.420853837719687, "n_waypoints_completed": 1, "tot_waypoints": 9}}
{"target": -1266.3760556561228, "params": {"k_pid_pos": [0.02632926218211651, 0.00661584734916687, 0.10655012726783752], "k_pid_alt": [0.0, 1.0, 0.9502184391021729], "k_pid_att": [100.0, 9.999999747378752e-05, 0.98406982421875], "k_pid_yaw": [0.5, 1e-06, 0.1], "k_pid_hsp": [9.924459457397461, 0.9832481145858765, 0.003877609968185425], "k_pid_vsp": [400.0, 398.6021728515625, 7.424140930175781]}, "datetime": {"datetime": "2025-08-14 05:32:02", "elapsed": 71050.39138388634, "delta": 28.24861764907837}, "costs": {"total_cost": 1266.3760556561228, "time_cost": 150, "final_distance_cost": 62.76506523456564, "oscillation_cost": 31.126651928995347, "completition_cost": 888.8888888888888, "overshoot_cost": 74.60103657191004, "power_cost": 28.920671826171876, "noise_cost": 30.073741205591013, "n_waypoints_completed": 1, "tot_waypoints": 9}}
{"target": -1216.2041616463264, "params": {"k_pid_pos": [0.025307510048151016, 0.052460819482803345, 0.009617775678634644], "k_pid_alt": [0.0, 1.0, 0.9927035570144653], "k_pid_att": [100.0, 0.00010894060687860474, 0.9967765808105469], "k_pid_yaw": [0.5, 1e-06, 0.1], "k_pid_hsp": [9.914590835571289, 0.9848498106002808, 0.005490094423294067], "k_pid_vsp": [400.0, 343.44305419921875, 2.9166946411132812]}, "datetime": {"datetime": "2025-08-14 05:32:31", "elapsed": 71079.37027454376, "delta": 28.978890657424927}, "costs": {"total_cost": 1216.2041616463264, "time_cost": 150, "final_distance_cost": 94.82976195858295, "oscillation_cost": 48.0991358658653, "completition_cost": 777.7777777777778, "overshoot_cost": 85.82192261473932, "power_cost": 27.40496942138672, "noise_cost": 32.270594007974026, "n_waypoints_completed": 2, "tot_waypoints": 9}}
{"target": -1271.9009335351159, "params": {"k_pid_pos": [0.008850239217281342, 0.023096680641174316, 0.006380438804626465], "k_pid_alt": [0.0, 0.9999999403953552, 0.9764627814292908], "k_pid_att": [100.0, 9.999999747378752e-05, 0.9789420366287231], "k_pid_yaw": [0.5, 1e-06, 0.1], "k_pid_hsp": [9.94974422454834, 0.99071204662323, 0.0025956928730010986], "k_pid_vsp": [400.0, 398.8168640136719, 3.243030071258545]}, "datetime": {"datetime": "2025-08-14 05:32:58", "elapsed": 71106.88468241692, "delta": 27.514407873153687}, "costs": {"total_cost": 1271.9009335351159, "time_cost": 150, "final_distance_cost": 60.37816295908491, "oscillation_cost": 30.20330187205059, "completition_cost": 888.8888888888888, "overshoot_cost": 96.98333067798646, "power_cost": 17.178300036621096, "noise_cost": 28.26894910048399, "n_waypoints_completed": 1, "tot_waypoints": 9}}
