{"target": -1803.380220700254, "params": {"k_pid_pos": [0.04550037905573845, 0.33713385462760925, 0.16404253244400024], "k_pid_alt": [2.2709369659423828e-05, 1.0, 0.4871101975440979], "k_pid_att": [100.0, 0.00013784857583232224, 0.9085131883621216], "k_pid_yaw": [0.5, 1e-06, 0.1], "k_pid_hsp": [9.852378845214844, 0.8738207221031189, 0.1114475429058075], "k_pid_vsp": [399.9963684082031, 397.21826171875, 29.64502716064453]}, "datetime": {"datetime": "2025-08-13 16:08:16", "elapsed": 22824.84578204155, "delta": 30.118366479873657}, "costs": {"total_cost": 1803.380220700254, "time_cost": 150, "final_distance_cost": 55.54766432166964, "oscillation_cost": 594.3359999708132, "completition_cost": 888.8888888888888, "overshoot_cost": 49.990879467689126, "power_cost": 37.10468745117188, "noise_cost": 27.512100600021352, "n_waypoints_completed": 1, "tot_waypoints": 9}}
{"target": -1053.4545260184614, "params": {"k_pid_pos": [0.0646848976612091, 0.08353680372238159, 0.1610904037952423], "k_pid_alt": [4.4286251068115234e-05, 0.9999998807907104, 0.987903356552124], "k_pid_att": [100.0, 9.999999747378752e-05, 0.9703354239463806], "k_pid_yaw": [0.5, 1e-06, 0.1], "k_pid_hsp": [8.975382804870605, 0.9759200811386108, 0.006198465824127197], "k_pid_vsp": [400.0, 382.0813293457031, 37.04873275756836]}, "datetime": {"datetime": "2025-08-13 16:08:47", "elapsed": 22855.27221441269, "delta": 30.426432371139526}, "costs": {"total_cost": 1053.4545260184614, "time_cost": 150, "final_distance_cost": 52.66727194280424, "oscillation_cost": 56.25035815532639, "completition_cost": 666.6666666666667, "overshoot_cost": 75.94038917279957, "power_cost": 24.710737951660157, "noise_cost": 27.219102129204185, "n_waypoints_completed": 3, "tot_waypoints": 9}}
{"target": -848.604415734721, "params": {"k_pid_pos": [0.19771349430084229, 0.2984248995780945, 0.11877381801605225], "k_pid_alt": [0.0, 1.0, 0.9579601883888245], "k_pid_att": [100.0, 9.999999747378752e-05, 0.9913431406021118], "k_pid_yaw": [0.5, 1e-06, 0.1], "k_pid_hsp": [9.912503242492676, 0.9651694297790527, 0.015538930892944336], "k_pid_vsp": [126.21578979492188, 397.54437255859375, 44.297813415527344]}, "datetime": {"datetime": "2025-08-13 16:09:18", "elapsed": 22886.510679244995, "delta": 31.238464832305908}, "costs": {"total_cost": 848.604415734721, "time_cost": 150, "final_distance_cost": 49.21580975150817, "oscillation_cost": 79.71750258590268, "completition_cost": 444.4444444444444, "overshoot_cost": 60.766940434244525, "power_cost": 33.07443428955078, "noise_cost": 31.385284229070468, "n_waypoints_completed": 5, "tot_waypoints": 9}}
{"target": -1062.299071649968, "params": {"k_pid_pos": [0.1302337944507599, 0.5223999619483948, 0.027370601892471313], "k_pid_alt": [0.0, 0.7355337142944336, 0.9125040769577026], "k_pid_att": [100.0, 9.999999747378752e-05, 0.9364883899688721], "k_pid_yaw": [0.5, 1e-06, 0.1], "k_pid_hsp": [9.495369911193848, 0.8145113587379456, 0.012049466371536255], "k_pid_vsp": [400.0, 289.6553039550781, 24.08526039123535]}, "datetime": {"datetime": "2025-08-13 16:09:50", "elapsed": 22918.300628185272, "delta": 31.7899489402771}, "costs": {"total_cost": 1062.299071649968, "time_cost": 150, "final_distance_cost": 54.35745148725723, "oscillation_cost": 78.41278867818858, "completition_cost": 666.6666666666667, "overshoot_cost": 57.070266624543656, "power_cost": 26.596561755371095, "noise_cost": 29.195336437940835, "n_waypoints_completed": 3, "tot_waypoints": 9}}
{"target": -310.0672800456173, "params": {"k_pid_pos": [0.24662357568740845, 0.166950523853302, 0.06768059730529785], "k_pid_alt": [1.7571606636047363, 1.0, 0.9809752702713013], "k_pid_att": [100.0, 0.00013278222468215972, 0.9810804128646851], "k_pid_yaw": [0.5, 1e-06, 0.1], "k_pid_hsp": [7.094877243041992, 0.9351862072944641, 0.006599396467208862], "k_pid_vsp": [400.0, 300.7662048339844, 31.8713321685791]}, "datetime": {"datetime": "2025-08-13 16:10:20", "elapsed": 22948.123934984207, "delta": 29.823306798934937}, "costs": {"total_cost": 310.0672800456173, "time_cost": 115.507, "final_distance_cost": 1.7953554483225667, "oscillation_cost": 54.482044238805564, "completition_cost": 0.0, "overshoot_cost": 65.79777442948415, "power_cost": 39.35021657714844, "noise_cost": 33.13488935185657, "n_waypoints_completed": 9, "tot_waypoints": 9}}
{"target": -517.9842214538778, "params": {"k_pid_pos": [0.8408305048942566, 0.24541932344436646, 0.015676379203796387], "k_pid_alt": [0.0, 1.0, 0.936775803565979], "k_pid_att": [99.9928207397461, 0.057309456169605255, 0.9771724939346313], "k_pid_yaw": [0.5, 1e-06, 0.1], "k_pid_hsp": [9.944296836853027, 0.95319664478302, 0.06213226914405823], "k_pid_vsp": [392.9646301269531, 393.8509826660156, 15.401995658874512]}, "datetime": {"datetime": "2025-08-13 16:10:48", "elapsed": 22976.395928144455, "delta": 28.271993160247803}, "costs": {"total_cost": 517.9842214538778, "time_cost": 109.879, "final_distance_cost": 1.8215716626563634, "oscillation_cost": 292.5498682413002, "completition_cost": 0.0, "overshoot_cost": 66.44615676148277, "power_cost": 22.762692797851564, "noise_cost": 24.524931990586847, "n_waypoints_completed": 9, "tot_waypoints": 9}}
{"target": -1364.0616321490058, "params": {"k_pid_pos": [0.006931125186383724, 0.2675725817680359, 0.18075761198997498], "k_pid_alt": [0.0, 0.9999997615814209, 0.9585198760032654], "k_pid_att": [100.0, 9.999999747378752e-05, 0.9440451264381409], "k_pid_yaw": [0.5, 1e-06, 0.1], "k_pid_hsp": [9.078977584838867, 0.8947429060935974, 0.008460551500320435], "k_pid_vsp": [333.4511413574219, 375.94598388671875, 11.230612754821777]}, "datetime": {"datetime": "2025-08-13 16:11:19", "elapsed": 23008.068909406662, "delta": 31.67298126220703}, "costs": {"total_cost": 1364.0616321490058, "time_cost": 150, "final_distance_cost": 46.53199585664517, "oscillation_cost": 73.67799506248741, "completition_cost": 1000.0, "overshoot_cost": 36.97106364398661, "power_cost": 28.06850513916016, "noise_cost": 28.812072446726674, "n_waypoints_completed": 0, "tot_waypoints": 9}}
{"target": -650.1390222098545, "params": {"k_pid_pos": [0.30064234137535095, 0.05918106436729431, 0.27884888648986816], "k_pid_alt": [3.5762786865234375e-06, 1.0, 0.9810977578163147], "k_pid_att": [99.99896240234375, 0.0009529339149594307, 0.9666421413421631], "k_pid_yaw": [0.5, 1e-06, 0.1], "k_pid_hsp": [9.827288627624512, 0.9463179111480713, 0.02963966131210327], "k_pid_vsp": [400.0, 390.268310546875, 7.2277913093566895]}, "datetime": {"datetime": "2025-08-13 16:11:51", "elapsed": 23039.739548683167, "delta": 31.670639276504517}, "costs": {"total_cost": 650.1390222098545, "time_cost": 150, "final_distance_cost": 6.3781660834347695, "oscillation_cost": 240.16202307974376, "completition_cost": 111.11111111111116, "overshoot_cost": 69.74245956980967, "power_cost": 36.52952531738281, "noise_cost": 36.21573704837235, "n_waypoints_completed": 8, "tot_waypoints": 9}}
{"target": -1359.9819679372333, "params": {"k_pid_pos": [0.04300938546657562, 0.6245147585868835, 0.2743757963180542], "k_pid_alt": [4.202127456665039e-05, 1.0, 0.9542915225028992], "k_pid_att": [100.0, 9.999999747378752e-05, 0.9603740572929382], "k_pid_yaw": [0.5, 1e-06, 0.1], "k_pid_hsp": [9.925127029418945, 0.9818722009658813, 0.00789538025856018], "k_pid_vsp": [400.0, 372.6050109863281, 2.4493942260742188]}, "datetime": {"datetime": "2025-08-13 16:12:22", "elapsed": 23070.174890995026, "delta": 30.43534231185913}, "costs": {"total_cost": 1359.9819679372333, "time_cost": 150, "final_distance_cost": 67.79125322023431, "oscillation_cost": 151.66273401050728, "completition_cost": 888.8888888888888, "overshoot_cost": 47.17672842040473, "power_cost": 25.236470227050784, "noise_cost": 29.225893170147405, "n_waypoints_completed": 1, "tot_waypoints": 9}}
{"target": -1328.5482854195316, "params": {"k_pid_pos": [0.034590113908052444, 0.5892849564552307, 0.04583615064620972], "k_pid_alt": [5.960464477539063e-08, 1.0, 0.9464154243469238], "k_pid_att": [9.972029685974121, 9.999999747378752e-05, 0.9562784433364868], "k_pid_yaw": [0.5, 1e-06, 0.1], "k_pid_hsp": [9.677886962890625, 0.7773734927177429, 0.16625076532363892], "k_pid_vsp": [397.95184326171875, 318.49298095703125, 58.328392028808594]}, "datetime": {"datetime": "2025-08-13 16:12:52", "elapsed": 23100.54575061798, "delta": 30.370859622955322}, "costs": {"total_cost": 1328.5482854195316, "time_cost": 150, "final_distance_cost": 69.8894163945606, "oscillation_cost": 111.254537353983, "completition_cost": 888.8888888888888, "overshoot_cost": 49.84871816748995, "power_cost": 31.595380444335937, "noise_cost": 27.071344170273193, "n_waypoints_completed": 1, "tot_waypoints": 9}}
{"target": -323.97340971017036, "params": {"k_pid_pos": [0.6676402688026428, 0.047679394483566284, 0.042391836643218994], "k_pid_alt": [0.0, 1.0, 0.9682454466819763], "k_pid_att": [99.99842071533203, 0.04128669574856758, 0.980250895023346], "k_pid_yaw": [0.5, 1e-06, 0.1], "k_pid_hsp": [7.711518287658691, 0.9444642663002014, 0.03971600532531738], "k_pid_vsp": [399.6397399902344, 378.1181335449219, 2.6736507415771484]}, "datetime": {"datetime": "2025-08-13 16:13:21", "elapsed": 23129.632700681686, "delta": 29.086950063705444}, "costs": {"total_cost": 323.97340971017036, "time_cost": 110.551, "final_distance_cost": 1.829334896387014, "oscillation_cost": 72.31125071214109, "completition_cost": 0.0, "overshoot_cost": 68.61966937866238, "power_cost": 36.98114097900391, "noise_cost": 33.681013743976, "n_waypoints_completed": 9, "tot_waypoints": 9}}
{"target": -1256.2070351255734, "params": {"k_pid_pos": [0.1568274050951004, 0.5629814267158508, 0.053035467863082886], "k_pid_alt": [0.0, 1.0, 0.9509647488594055], "k_pid_att": [99.99998474121094, 9.999999747378752e-05, 0.9701220989227295], "k_pid_yaw": [0.5, 1e-06, 0.1], "k_pid_hsp": [9.715270042419434, 0.985474169254303, 0.03798621892929077], "k_pid_vsp": [400.0, 376.25640869140625, 1.6110191345214844]}, "datetime": {"datetime": "2025-08-13 16:13:52", "elapsed": 23161.081798553467, "delta": 31.449097871780396}, "costs": {"total_cost": 1256.2070351255734, "time_cost": 150, "final_distance_cost": 50.709689127396544, "oscillation_cost": 274.38090087220655, "completition_cost": 666.6666666666667, "overshoot_cost": 58.45704253655051, "power_cost": 25.82998160400391, "noise_cost": 30.1627543187491, "n_waypoints_completed": 3, "tot_waypoints": 9}}
{"target": -1496.920338188917, "params": {"k_pid_pos": [0.1820204257965088, 0.2002856731414795, 0.12976837158203125], "k_pid_alt": [2.980232238769531e-07, 1.0, 0.7969009876251221], "k_pid_att": [100.0, 0.0666482225060463, 0.9091062545776367], "k_pid_yaw": [0.5, 1e-06, 0.1], "k_pid_hsp": [9.939658164978027, 0.9604580998420715, 0.11400029063224792], "k_pid_vsp": [399.9998474121094, 380.51568603515625, 23.562837600708008]}, "datetime": {"datetime": "2025-08-13 16:14:26", "elapsed": 23195.018530368805, "delta": 33.936731815338135}, "costs": {"total_cost": 1496.920338188917, "time_cost": 150, "final_distance_cost": 49.49655554991029, "oscillation_cost": 622.8383111926994, "completition_cost": 555.5555555555555, "overshoot_cost": 57.3374572973631, "power_cost": 33.10773151855469, "noise_cost": 28.58472707483438, "n_waypoints_completed": 4, "tot_waypoints": 9}}
{"target": -717.8488729266803, "params": {"k_pid_pos": [0.2685020864009857, 0.20184892416000366, 0.03493431210517883], "k_pid_alt": [0.0, 0.9999993443489075, 0.9555834531784058], "k_pid_att": [100.0, 9.999999747378752e-05, 0.9155904650688171], "k_pid_yaw": [0.5, 1e-06, 0.1], "k_pid_hsp": [9.759236335754395, 0.9538658857345581, 0.03478443622589111], "k_pid_vsp": [399.9996643066406, 393.3012390136719, 6.724644660949707]}, "datetime": {"datetime": "2025-08-13 16:15:02", "elapsed": 23230.729167461395, "delta": 35.71063709259033}, "costs": {"total_cost": 717.8488729266803, "time_cost": 150, "final_distance_cost": 65.40639315841432, "oscillation_cost": 156.95845757339433, "completition_cost": 222.2222222222222, "overshoot_cost": 59.598126054032626, "power_cost": 30.59514937744141, "noise_cost": 33.06852454117539, "n_waypoints_completed": 7, "tot_waypoints": 9}}
{"target": -1451.068923929027, "params": {"k_pid_pos": [0.18091154098510742, 0.13232213258743286, 0.033952951431274414], "k_pid_alt": [0.0012272000312805176, 0.0, 0.8221436738967896], "k_pid_att": [100.0, 7.305336952209473, 0.981674313545227], "k_pid_yaw": [0.5, 1e-06, 0.1], "k_pid_hsp": [9.632795333862305, 0.9928349256515503, 0.017050445079803467], "k_pid_vsp": [399.9964599609375, 389.84906005859375, 5.491209983825684]}, "datetime": {"datetime": "2025-08-13 16:15:38", "elapsed": 23266.324203014374, "delta": 35.595035552978516}, "costs": {"total_cost": 1451.068923929027, "time_cost": 150, "final_distance_cost": 3.8091210451435114, "oscillation_cost": 35.52280991084248, "completition_cost": 1000.0, "overshoot_cost": 156.53850321454303, "power_cost": 22.118086791992187, "noise_cost": 83.08040296650573, "n_waypoints_completed": 0, "tot_waypoints": 9}}
{"target": -1295.7246754467315, "params": {"k_pid_pos": [0.01968182809650898, 0.09319180250167847, 0.04257094860076904], "k_pid_alt": [0.0, 0.999991774559021, 0.7528524398803711], "k_pid_att": [100.0, 0.00011519902909640223, 0.9408164024353027], "k_pid_yaw": [0.5, 1e-06, 0.1], "k_pid_hsp": [8.824676513671875, 0.9332438111305237, 0.018613815307617188], "k_pid_vsp": [393.9425964355469, 389.1778564453125, 29.619325637817383]}, "datetime": {"datetime": "2025-08-13 16:16:13", "elapsed": 23301.407257556915, "delta": 35.083054542541504}, "costs": {"total_cost": 1295.7246754467315, "time_cost": 150, "final_distance_cost": 72.53398627464169, "oscillation_cost": 65.37264969704246, "completition_cost": 888.8888888888888, "overshoot_cost": 59.81442958766764, "power_cost": 30.24878972167969, "noise_cost": 28.865931276811132, "n_waypoints_completed": 1, "tot_waypoints": 9}}
{"target": -1369.0703514252612, "params": {"k_pid_pos": [0.45595771074295044, 0.2585192620754242, 0.05335831642150879], "k_pid_alt": [2.384185791015625e-07, 1.0, 0.893328845500946], "k_pid_att": [3.2782554626464844e-05, 0.00010894060687860474, 0.9873104691505432], "k_pid_yaw": [0.5, 1e-06, 0.1], "k_pid_hsp": [9.829066276550293, 0.9057749509811401, 0.02555987238883972], "k_pid_vsp": [399.1047058105469, 389.9797058105469, 5.24422025680542]}, "datetime": {"datetime": "2025-08-13 16:16:48", "elapsed": 23336.26421236992, "delta": 34.85695481300354}, "costs": {"total_cost": 1369.0703514252612, "time_cost": 150, "final_distance_cost": 178.12811252849573, "oscillation_cost": 14.200993995644247, "completition_cost": 777.7777777777778, "overshoot_cost": 203.7392294331883, "power_cost": 15.678820056152345, "noise_cost": 29.545417634002767, "n_waypoints_completed": 2, "tot_waypoints": 9}}
{"target": -1320.6008346064611, "params": {"k_pid_pos": [0.0017598466947674751, 0.7203124761581421, 0.15529564023017883], "k_pid_alt": [1.2516975402832031e-06, 1.0, 0.9666979312896729], "k_pid_att": [100.0, 9.999999747378752e-05, 0.9462592005729675], "k_pid_yaw": [0.5, 1e-06, 0.1], "k_pid_hsp": [9.778337478637695, 0.9718847870826721, 0.015172690153121948], "k_pid_vsp": [399.7825622558594, 391.7436218261719, 22.796489715576172]}, "datetime": {"datetime": "2025-08-13 16:17:23", "elapsed": 23371.578625679016, "delta": 35.31441330909729}, "costs": {"total_cost": 1320.6008346064611, "time_cost": 150, "final_distance_cost": 66.39584419067269, "oscillation_cost": 99.87271621485864, "completition_cost": 888.8888888888888, "overshoot_cost": 52.169788219811615, "power_cost": 34.01677474365235, "noise_cost": 29.256822348577153, "n_waypoints_completed": 1, "tot_waypoints": 9}}
{"target": -1409.0814302400486, "params": {"k_pid_pos": [0.10865811258554459, 0.028648823499679565, 0.01454228162765503], "k_pid_alt": [1.999999761581421, 0.9999994039535522, 0.929955780506134], "k_pid_att": [100.0, 0.0023142904974520206, 0.9875637292861938], "k_pid_yaw": [0.5, 1e-06, 0.1], "k_pid_hsp": [9.565472602844238, 0.7949989438056946, 0.10006478428840637], "k_pid_vsp": [400.0, 389.86627197265625, 13.622380256652832]}, "datetime": {"datetime": "2025-08-13 16:17:57", "elapsed": 23405.479619026184, "delta": 33.90099334716797}, "costs": {"total_cost": 1409.0814302400486, "time_cost": 150, "final_distance_cost": 49.91245737947638, "oscillation_cost": 646.1624262645037, "completition_cost": 444.4444444444444, "overshoot_cost": 59.790297322816095, "power_cost": 31.181731250000002, "noise_cost": 27.59007357880822, "n_waypoints_completed": 5, "tot_waypoints": 9}}
{"target": -1448.869778398018, "params": {"k_pid_pos": [0.11928145587444305, 0.7747541666030884, 0.009343624114990234], "k_pid_alt": [5.960464477539063e-08, 1.0, 0.9705753922462463], "k_pid_att": [99.99971008300781, 3.081796646118164, 0.9728622436523438], "k_pid_yaw": [0.5, 1e-06, 0.1], "k_pid_hsp": [9.81309986114502, 0.9066087007522583, 0.043886005878448486], "k_pid_vsp": [237.9040069580078, 383.13250732421875, 7.353640556335449]}, "datetime": {"datetime": "2025-08-13 16:18:29", "elapsed": 23437.157843589783, "delta": 31.678224563598633}, "costs": {"total_cost": 1448.869778398018, "time_cost": 150, "final_distance_cost": 61.01060678653378, "oscillation_cost": 123.39517766105057, "completition_cost": 1000.0, "overshoot_cost": 44.27547891655584, "power_cost": 36.62455029296875, "noise_cost": 33.563964740909334, "n_waypoints_completed": 0, "tot_waypoints": 9}}
{"target": -1298.806133629972, "params": {"k_pid_pos": [0.022101059556007385, 0.009438872337341309, 0.06575798988342285], "k_pid_alt": [8.344650268554688e-07, 0.9999985694885254, 0.9906752705574036], "k_pid_att": [99.99993896484375, 9.999999747378752e-05, 0.9778785109519958], "k_pid_yaw": [0.5, 1e-06, 0.1], "k_pid_hsp": [9.513056755065918, 0.9160469770431519, 0.00717511773109436], "k_pid_vsp": [399.994384765625, 380.2420959472656, 5.914665222167969]}, "datetime": {"datetime": "2025-08-13 16:19:02", "elapsed": 23470.80643749237, "delta": 33.64859390258789}, "costs": {"total_cost": 1298.806133629972, "time_cost": 150, "final_distance_cost": 72.57246985839137, "oscillation_cost": 38.24930137231597, "completition_cost": 888.8888888888888, "overshoot_cost": 79.26088727875764, "power_cost": 35.26976645507813, "noise_cost": 34.56481977654035, "n_waypoints_completed": 1, "tot_waypoints": 9}}
{"target": -320.28007245953785, "params": {"k_pid_pos": [0.9387125968933105, 0.18750989437103271, 0.051948726177215576], "k_pid_alt": [0.0, 1.0, 0.7039217948913574], "k_pid_att": [100.0, 0.0001634783111512661, 0.6372345089912415], "k_pid_yaw": [0.5, 1e-06, 0.1], "k_pid_hsp": [8.562644004821777, 0.9296149611473083, 0.0019648373126983643], "k_pid_vsp": [399.99993896484375, 362.1772155761719, 4.560924530029297]}, "datetime": {"datetime": "2025-08-13 16:19:32", "elapsed": 23500.420968532562, "delta": 29.61453104019165}, "costs": {"total_cost": 320.28007245953785, "time_cost": 112.098, "final_distance_cost": 1.7751085771508581, "oscillation_cost": 85.43008207263361, "completition_cost": 0.0, "overshoot_cost": 65.20508358160053, "power_cost": 24.96973865966797, "noise_cost": 30.80205956848484, "n_waypoints_completed": 9, "tot_waypoints": 9}}
{"target": -1221.2972782081185, "params": {"k_pid_pos": [0.0703456848859787, 0.6796184182167053, 0.07671281695365906], "k_pid_alt": [0.0, 1.0, 0.9018716812133789], "k_pid_att": [100.0, 0.005576121620833874, 0.7996155023574829], "k_pid_yaw": [0.5, 1e-06, 0.1], "k_pid_hsp": [8.905306816101074, 0.9570480585098267, 0.02732887864112854], "k_pid_vsp": [400.0, 394.8927307128906, 30.698801040649414]}, "datetime": {"datetime": "2025-08-13 16:20:03", "elapsed": 23531.91147685051, "delta": 31.490508317947388}, "costs": {"total_cost": 1221.2972782081185, "time_cost": 150, "final_distance_cost": 80.74338436187661, "oscillation_cost": 82.85891722047131, "completition_cost": 777.7777777777778, "overshoot_cost": 53.79395536145452, "power_cost": 43.09996525878906, "noise_cost": 33.02327822774911, "n_waypoints_completed": 2, "tot_waypoints": 9}}
{"target": -291.53282445985633, "params": {"k_pid_pos": [0.35707807540893555, 0.08898544311523438, 0.0011610984802246094], "k_pid_alt": [1.97267746925354, 6.854534149169922e-07, 0.6487703323364258], "k_pid_att": [99.99822235107422, 0.0018556371796876192, 0.9954968690872192], "k_pid_yaw": [0.5, 1e-06, 0.1], "k_pid_hsp": [8.985231399536133, 0.9890636205673218, 0.025415629148483276], "k_pid_vsp": [400.0, 393.7829284667969, 8.17005729675293]}, "datetime": {"datetime": "2025-08-13 16:20:26", "elapsed": 23554.714198827744, "delta": 22.802721977233887}, "costs": {"total_cost": 291.53282445985633, "time_cost": 88.746, "final_distance_cost": 1.8416236584546533, "oscillation_cost": 106.31356434268072, "completition_cost": 0.0, "overshoot_cost": 51.97176571457306, "power_cost": 17.475111730957032, "noise_cost": 25.18475901319085, "n_waypoints_completed": 9, "tot_waypoints": 9}}
{"target": -942.1229636821552, "params": {"k_pid_pos": [0.15374092757701874, 0.3340566158294678, 0.002860546112060547], "k_pid_alt": [0.0, 0.9999995231628418, 0.9281646013259888], "k_pid_att": [100.0, 9.999999747378752e-05, 0.9917814135551453], "k_pid_yaw": [0.5, 1e-06, 0.1], "k_pid_hsp": [9.74050235748291, 0.9441356658935547, 0.007718533277511597], "k_pid_vsp": [72.49238586425781, 295.0514221191406, 45.7646369934082]}, "datetime": {"datetime": "2025-08-13 16:20:56", "elapsed": 23584.90575528145, "delta": 30.191556453704834}, "costs": {"total_cost": 942.1229636821552, "time_cost": 150, "final_distance_cost": 47.165402062250536, "oscillation_cost": 68.62813289780277, "completition_cost": 555.5555555555555, "overshoot_cost": 60.32149423589075, "power_cost": 30.50039371337891, "noise_cost": 29.95198521727667, "n_waypoints_completed": 4, "tot_waypoints": 9}}
