{"target": -1207.8463716528736, "params": {"k_pid_pos": [0.028781095519661903, 0.034073829650878906, 0.05339205265045166], "k_pid_alt": [4.76837158203125e-07, 1.0, 0.8246970772743225], "k_pid_att": [99.99809265136719, 9.999999747378752e-05, 0.9898123741149902], "k_pid_yaw": [0.5, 1e-06, 0.1], "k_pid_hsp": [9.967517852783203, 0.9918797612190247, 0.01821821928024292], "k_pid_vsp": [76.78494262695312, 397.2314453125, 23.634138107299805]}, "datetime": {"datetime": "2025-08-14 02:19:38", "elapsed": 59506.13565278053, "delta": 27.782381296157837}, "costs": {"total_cost": 1207.8463716528736, "time_cost": 150, "final_distance_cost": 81.17795897093069, "oscillation_cost": 46.56375262472136, "completition_cost": 777.7777777777778, "overshoot_cost": 83.87946350227078, "power_cost": 37.26626228027344, "noise_cost": 31.181156496899526, "n_waypoints_completed": 2, "tot_waypoints": 9}}
{"target": -1222.7945575995284, "params": {"k_pid_pos": [0.03205662593245506, 0.027019083499908447, 0.0035879313945770264], "k_pid_alt": [0.02386188507080078, 1.0, 0.9905015230178833], "k_pid_att": [100.0, 0.00010685446613933891, 0.872850775718689], "k_pid_yaw": [0.5, 1e-06, 0.1], "k_pid_hsp": [9.384771347045898, 0.9415558576583862, 0.010764509439468384], "k_pid_vsp": [400.0, 389.9279479980469, 1.911712646484375]}, "datetime": {"datetime": "2025-08-14 02:20:07", "elapsed": 59535.75318622589, "delta": 29.617533445358276}, "costs": {"total_cost": 1222.7945575995284, "time_cost": 150, "final_distance_cost": 85.86018097457938, "oscillation_cost": 69.81612511814042, "completition_cost": 777.7777777777778, "overshoot_cost": 82.50804881796174, "power_cost": 25.516487072753907, "noise_cost": 31.315937838314927, "n_waypoints_completed": 2, "tot_waypoints": 9}}
{"target": -1221.0084790782375, "params": {"k_pid_pos": [0.035738103091716766, 0.011807054281234741, 0.006242215633392334], "k_pid_alt": [6.514787673950195e-05, 1.0, 0.9937677383422852], "k_pid_att": [100.0, 9.999999747378752e-05, 0.9846299886703491], "k_pid_yaw": [0.5, 1e-06, 0.1], "k_pid_hsp": [8.928948402404785, 0.9818323850631714, 0.08094918727874756], "k_pid_vsp": [400.0, 396.435546875, 9.70763111114502]}, "datetime": {"datetime": "2025-08-14 02:20:37", "elapsed": 59565.686814546585, "delta": 29.93362832069397}, "costs": {"total_cost": 1221.0084790782375, "time_cost": 150, "final_distance_cost": 86.78954614760374, "oscillation_cost": 75.71368631242434, "completition_cost": 777.7777777777778, "overshoot_cost": 71.41968976182339, "power_cost": 31.137265747070312, "noise_cost": 28.170513331537798, "n_waypoints_completed": 2, "tot_waypoints": 9}}
{"target": -524.5468424560858, "params": {"k_pid_pos": [0.31179749965667725, 0.00880393385887146, 0.021829187870025635], "k_pid_alt": [0.0, 1.0, 0.9913821816444397], "k_pid_att": [99.99983978271484, 9.999999747378752e-05, 0.9928332567214966], "k_pid_yaw": [0.5, 1e-06, 0.1], "k_pid_hsp": [9.957504272460938, 0.9954643249511719, 0.011804848909378052], "k_pid_vsp": [400.0, 393.9872131347656, 4.2141804695129395]}, "datetime": {"datetime": "2025-08-14 02:21:06", "elapsed": 59595.016298770905, "delta": 29.329484224319458}, "costs": {"total_cost": 524.5468424560858, "time_cost": 150, "final_distance_cost": 3.5346462516763424, "oscillation_cost": 134.2215101393608, "completition_cost": 111.11111111111116, "overshoot_cost": 68.37308623075317, "power_cost": 23.721665234375003, "noise_cost": 33.584823488809285, "n_waypoints_completed": 8, "tot_waypoints": 9}}
{"target": -1439.9846930391022, "params": {"k_pid_pos": [0.0031761014834046364, 0.10684102773666382, 0.08232259750366211], "k_pid_alt": [0.0, 1.0, 0.9868987798690796], "k_pid_att": [100.0, 9.281959533691406, 0.9265815019607544], "k_pid_yaw": [0.5, 1e-06, 0.1], "k_pid_hsp": [9.868950843811035, 0.9310951232910156, 0.014932215213775635], "k_pid_vsp": [400.0, 384.1894226074219, 2.423478126525879]}, "datetime": {"datetime": "2025-08-14 02:21:35", "elapsed": 59623.911106824875, "delta": 28.894808053970337}, "costs": {"total_cost": 1439.9846930391022, "time_cost": 150, "final_distance_cost": 47.59243590182987, "oscillation_cost": 149.9880192294624, "completition_cost": 1000.0, "overshoot_cost": 36.19014756634014, "power_cost": 25.751194360351565, "noise_cost": 30.462895981118425, "n_waypoints_completed": 0, "tot_waypoints": 9}}
{"target": -1134.371378684103, "params": {"k_pid_pos": [0.02632872574031353, 0.01841852068901062, 0.016046851873397827], "k_pid_alt": [5.960464477539062e-07, 1.0, 0.9342867136001587], "k_pid_att": [100.0, 0.00010774852125905454, 0.9829654693603516], "k_pid_yaw": [0.5, 1e-06, 0.1], "k_pid_hsp": [9.81676197052002, 0.9880727529525757, 0.008314311504364014], "k_pid_vsp": [396.37298583984375, 398.33782958984375, 2.958489418029785]}, "datetime": {"datetime": "2025-08-14 02:22:05", "elapsed": 59653.42007088661, "delta": 29.50896406173706}, "costs": {"total_cost": 1134.371378684103, "time_cost": 150, "final_distance_cost": 65.26505094065601, "oscillation_cost": 21.76353962876635, "completition_cost": 777.7777777777778, "overshoot_cost": 67.84475469738442, "power_cost": 21.611048364257815, "noise_cost": 30.10920727526049, "n_waypoints_completed": 2, "tot_waypoints": 9}}
{"target": -1213.6891163724188, "params": {"k_pid_pos": [0.03991314023733139, 0.021090209484100342, 0.014982372522354126], "k_pid_alt": [4.76837158203125e-07, 1.0, 0.9932964444160461], "k_pid_att": [100.0, 9.999999747378752e-05, 0.9837477207183838], "k_pid_yaw": [0.5, 1e-06, 0.1], "k_pid_hsp": [9.894413948059082, 0.9708614349365234, 0.0004483163356781006], "k_pid_vsp": [400.0, 390.9834289550781, 8.370233535766602]}, "datetime": {"datetime": "2025-08-14 02:22:34", "elapsed": 59682.37298536301, "delta": 28.952914476394653}, "costs": {"total_cost": 1213.6891163724188, "time_cost": 150, "final_distance_cost": 93.28434782997692, "oscillation_cost": 40.87133193456277, "completition_cost": 777.7777777777778, "overshoot_cost": 80.03908012973473, "power_cost": 38.67009997558594, "noise_cost": 33.04647872478062, "n_waypoints_completed": 2, "tot_waypoints": 9}}
{"target": -1293.6727452798782, "params": {"k_pid_pos": [0.01104399748146534, 0.017634332180023193, 0.021925806999206543], "k_pid_alt": [0.0015785694122314453, 1.0, 0.9915680289268494], "k_pid_att": [100.0, 9.999999747378752e-05, 0.9533610939979553], "k_pid_yaw": [0.5, 1e-06, 0.1], "k_pid_hsp": [9.650277137756348, 0.9887654781341553, 0.00849267840385437], "k_pid_vsp": [400.0, 377.9847717285156, 5.329121112823486]}, "datetime": {"datetime": "2025-08-14 02:23:02", "elapsed": 59710.64540338516, "delta": 28.27241802215576}, "costs": {"total_cost": 1293.6727452798782, "time_cost": 150, "final_distance_cost": 64.91830644662954, "oscillation_cost": 27.890651640544878, "completition_cost": 888.8888888888888, "overshoot_cost": 96.77628204942832, "power_cost": 31.72668093261719, "noise_cost": 33.47193532176958, "n_waypoints_completed": 1, "tot_waypoints": 9}}
{"target": -1274.5657277173254, "params": {"k_pid_pos": [0.016186071559786797, 0.023456037044525146, 0.0234433114528656], "k_pid_alt": [0.0, 0.09716945886611938, 0.9936128854751587], "k_pid_att": [100.0, 9.999999747378752e-05, 0.9919395446777344], "k_pid_yaw": [0.5, 1e-06, 0.1], "k_pid_hsp": [9.310036659240723, 0.9873846769332886, 0.010490268468856812], "k_pid_vsp": [400.0, 382.478759765625, 11.655797004699707]}, "datetime": {"datetime": "2025-08-14 02:23:31", "elapsed": 59739.15571331978, "delta": 28.51030993461609}, "costs": {"total_cost": 1274.5657277173254, "time_cost": 150, "final_distance_cost": 62.358532379720685, "oscillation_cost": 47.27648633672084, "completition_cost": 888.8888888888888, "overshoot_cost": 77.09961536783936, "power_cost": 21.74189305419922, "noise_cost": 27.200311689956585, "n_waypoints_completed": 1, "tot_waypoints": 9}}
{"target": -1191.1200605763365, "params": {"k_pid_pos": [0.05780734494328499, 0.01915237307548523, 0.004967749118804932], "k_pid_alt": [0.0, 1.0, 0.9658327698707581], "k_pid_att": [100.0, 9.999999747378752e-05, 0.9717856645584106], "k_pid_yaw": [0.5, 1e-06, 0.1], "k_pid_hsp": [9.593907356262207, 0.9953067898750305, 0.010540574789047241], "k_pid_vsp": [400.0, 398.3902893066406, 7.597566604614258]}, "datetime": {"datetime": "2025-08-14 02:24:00", "elapsed": 59768.53550839424, "delta": 29.37979507446289}, "costs": {"total_cost": 1191.1200605763365, "time_cost": 150, "final_distance_cost": 96.31272206737937, "oscillation_cost": 42.352711979205196, "completition_cost": 777.7777777777778, "overshoot_cost": 67.57046822001517, "power_cost": 27.506696057128906, "noise_cost": 29.599684474830045, "n_waypoints_completed": 2, "tot_waypoints": 9}}
{"target": -454.09141292646603, "params": {"k_pid_pos": [0.2991444766521454, 0.008757829666137695, 0.004648029804229736], "k_pid_alt": [0.0, 1.0, 0.9910253286361694], "k_pid_att": [100.0, 9.999999747378752e-05, 0.9931899309158325], "k_pid_yaw": [0.5, 1e-06, 0.1], "k_pid_hsp": [9.147950172424316, 0.9432963132858276, 0.0028336942195892334], "k_pid_vsp": [400.0, 393.0037841796875, 6.8036208152771]}, "datetime": {"datetime": "2025-08-14 02:24:29", "elapsed": 59797.986788511276, "delta": 29.451280117034912}, "costs": {"total_cost": 454.09141292646603, "time_cost": 150, "final_distance_cost": 2.0111648349806046, "oscillation_cost": 70.69901116786025, "completition_cost": 111.11111111111116, "overshoot_cost": 67.24798130119336, "power_cost": 19.663788049316405, "noise_cost": 33.358356462004274, "n_waypoints_completed": 8, "tot_waypoints": 9}}
{"target": -1206.061666701403, "params": {"k_pid_pos": [0.06194841116666794, 0.011868506669998169, 0.0432763397693634], "k_pid_alt": [0.0, 1.0, 0.975380539894104], "k_pid_att": [100.0, 9.999999747378752e-05, 0.9899601936340332], "k_pid_yaw": [0.5, 1e-06, 0.1], "k_pid_hsp": [9.886707305908203, 0.9903253316879272, 0.022294163703918457], "k_pid_vsp": [399.9989013671875, 397.88671875, 3.210104465484619]}, "datetime": {"datetime": "2025-08-14 02:25:00", "elapsed": 59828.12277054787, "delta": 30.135982036590576}, "costs": {"total_cost": 1206.061666701403, "time_cost": 150, "final_distance_cost": 86.55072966722189, "oscillation_cost": 78.42265229781998, "completition_cost": 777.7777777777778, "overshoot_cost": 68.53538083311915, "power_cost": 18.22025632324219, "noise_cost": 26.55486980222179, "n_waypoints_completed": 2, "tot_waypoints": 9}}
{"target": -1082.4564038830868, "params": {"k_pid_pos": [0.1089959368109703, 0.00580906867980957, 0.004119217395782471], "k_pid_alt": [0.0, 1.0, 0.9269213080406189], "k_pid_att": [100.0, 9.999999747378752e-05, 0.9940279126167297], "k_pid_yaw": [0.5, 1e-06, 0.1], "k_pid_hsp": [9.784841537475586, 0.9737563133239746, 0.05193889141082764], "k_pid_vsp": [399.7563781738281, 395.4483642578125, 19.38054847717285]}, "datetime": {"datetime": "2025-08-14 02:25:29", "elapsed": 59857.34387636185, "delta": 29.221105813980103}, "costs": {"total_cost": 1082.4564038830868, "time_cost": 150, "final_distance_cost": 52.402554436395604, "oscillation_cost": 86.47664417823157, "completition_cost": 666.6666666666667, "overshoot_cost": 67.26995677097497, "power_cost": 29.73881190185547, "noise_cost": 29.901769928962292, "n_waypoints_completed": 3, "tot_waypoints": 9}}
{"target": -1263.3948737476098, "params": {"k_pid_pos": [0.02589273825287819, 0.006865054368972778, 0.0021474063396453857], "k_pid_alt": [8.940696716308594e-07, 0.999999463558197, 0.9792035818099976], "k_pid_att": [100.0, 9.999999747378752e-05, 0.9953765869140625], "k_pid_yaw": [0.5, 1e-06, 0.1], "k_pid_hsp": [9.781150817871094, 0.9800087213516235, 0.012471705675125122], "k_pid_vsp": [400.0, 395.36444091796875, 36.52289962768555]}, "datetime": {"datetime": "2025-08-14 02:25:58", "elapsed": 59886.77266120911, "delta": 29.42878484725952}, "costs": {"total_cost": 1263.3948737476098, "time_cost": 150, "final_distance_cost": 64.05892369265774, "oscillation_cost": 30.41643009182101, "completition_cost": 888.8888888888888, "overshoot_cost": 72.56325231459898, "power_cost": 29.488794274902347, "noise_cost": 27.97858448474116, "n_waypoints_completed": 1, "tot_waypoints": 9}}
{"target": -1102.7322829883851, "params": {"k_pid_pos": [0.06423121690750122, 0.022216856479644775, 0.006562024354934692], "k_pid_alt": [0.0, 1.0, 0.9979904890060425], "k_pid_att": [100.0, 9.999999747378752e-05, 0.9979099035263062], "k_pid_yaw": [0.5, 1e-06, 0.1], "k_pid_hsp": [9.952865600585938, 0.9868142604827881, 0.012769192457199097], "k_pid_vsp": [400.0, 387.4082946777344, 1.3668665885925293]}, "datetime": {"datetime": "2025-08-14 02:26:27", "elapsed": 59915.616985321045, "delta": 28.844324111938477}, "costs": {"total_cost": 1102.7322829883851, "time_cost": 150, "final_distance_cost": 74.64078651598108, "oscillation_cost": 83.16572285090082, "completition_cost": 666.6666666666667, "overshoot_cost": 73.54288970809122, "power_cost": 24.404185864257812, "noise_cost": 30.31203138248747, "n_waypoints_completed": 3, "tot_waypoints": 9}}
{"target": -1209.5503819935964, "params": {"k_pid_pos": [0.014094590209424496, 0.061494380235672, 0.03595411777496338], "k_pid_alt": [0.0009053945541381836, 1.0, 0.9481439590454102], "k_pid_att": [100.0, 9.999999747378752e-05, 0.9726989269256592], "k_pid_yaw": [0.5, 1e-06, 0.1], "k_pid_hsp": [9.732112884521484, 0.9190096855163574, 0.00421375036239624], "k_pid_vsp": [399.996337890625, 394.6327819824219, 3.0166635513305664]}, "datetime": {"datetime": "2025-08-14 02:26:56", "elapsed": 59944.76850318909, "delta": 29.151517868041992}, "costs": {"total_cost": 1209.5503819935964, "time_cost": 150, "final_distance_cost": 82.83083178353338, "oscillation_cost": 37.80846563891786, "completition_cost": 777.7777777777778, "overshoot_cost": 93.37291382975185, "power_cost": 33.565281469726564, "noise_cost": 34.195111493888646, "n_waypoints_completed": 2, "tot_waypoints": 9}}
{"target": -1255.450037471181, "params": {"k_pid_pos": [0.02209623157978058, 0.008475542068481445, 0.004807710647583008], "k_pid_alt": [0.0, 1.0, 0.966995358467102], "k_pid_att": [100.0, 9.999999747378752e-05, 0.9966316223144531], "k_pid_yaw": [0.5, 1e-06, 0.1], "k_pid_hsp": [9.930447578430176, 0.9855214357376099, 0.011847645044326782], "k_pid_vsp": [400.0, 381.2023620605469, 2.207256317138672]}, "datetime": {"datetime": "2025-08-14 02:27:25", "elapsed": 59973.18199920654, "delta": 28.413496017456055}, "costs": {"total_cost": 1255.450037471181, "time_cost": 150, "final_distance_cost": 61.65335693399642, "oscillation_cost": 21.8246626611477, "completition_cost": 888.8888888888888, "overshoot_cost": 76.72548044336479, "power_cost": 25.248781469726563, "noise_cost": 31.10886707405698, "n_waypoints_completed": 1, "tot_waypoints": 9}}
{"target": -1828.236890685581, "params": {"k_pid_pos": [0.0028392330277711153, 0.04684853553771973, 0.0025340914726257324], "k_pid_alt": [0.0, 1.0, 0.9888523817062378], "k_pid_att": [100.0, 9.999999747378752e-05, 0.9893085360527039], "k_pid_yaw": [0.5, 1e-06, 0.1], "k_pid_hsp": [9.954851150512695, 0.9963777661323547, 0.04191353917121887], "k_pid_vsp": [400.0, 384.556640625, 7.568384170532227]}, "datetime": {"datetime": "2025-08-14 02:27:53", "elapsed": 60001.970354795456, "delta": 28.788355588912964}, "costs": {"total_cost": 1828.236890685581, "time_cost": 150, "final_distance_cost": 71.31398068772906, "oscillation_cost": 563.3100678467456, "completition_cost": 888.8888888888888, "overshoot_cost": 99.77118572114611, "power_cost": 27.588564196777345, "noise_cost": 27.364203344294317, "n_waypoints_completed": 1, "tot_waypoints": 9}}
{"target": -1066.9270619433503, "params": {"k_pid_pos": [0.13484816253185272, 0.14117085933685303, 0.005272030830383301], "k_pid_alt": [0.0, 0.9999757409095764, 0.995025634765625], "k_pid_att": [100.0, 9.999999747378752e-05, 0.9915757179260254], "k_pid_yaw": [0.5, 1e-06, 0.1], "k_pid_hsp": [9.667496681213379, 0.9959390759468079, 0.018564581871032715], "k_pid_vsp": [400.0, 373.0879211425781, 32.878578186035156]}, "datetime": {"datetime": "2025-08-14 02:28:22", "elapsed": 60030.583099365234, "delta": 28.612744569778442}, "costs": {"total_cost": 1066.9270619433503, "time_cost": 150, "final_distance_cost": 43.88677907880406, "oscillation_cost": 194.71951024844384, "completition_cost": 555.5555555555555, "overshoot_cost": 68.50448972688186, "power_cost": 25.68722440185547, "noise_cost": 28.57350293180954, "n_waypoints_completed": 4, "tot_waypoints": 9}}
{"target": -980.4392824977537, "params": {"k_pid_pos": [0.12813539803028107, 0.04780063033103943, 0.02307310700416565], "k_pid_alt": [0.0, 1.0, 0.9725561738014221], "k_pid_att": [100.0, 9.999999747378752e-05, 0.9336111545562744], "k_pid_yaw": [0.5, 1e-06, 0.1], "k_pid_hsp": [9.8836030960083, 0.9262412786483765, 0.013292104005813599], "k_pid_vsp": [400.0, 396.1026306152344, 4.511977195739746]}, "datetime": {"datetime": "2025-08-14 02:28:50", "elapsed": 60058.70966100693, "delta": 28.126561641693115}, "costs": {"total_cost": 980.4392824977537, "time_cost": 150, "final_distance_cost": 51.29706531865418, "oscillation_cost": 102.22315999591878, "completition_cost": 555.5555555555555, "overshoot_cost": 67.9637206601314, "power_cost": 22.001884191894533, "noise_cost": 31.397896775599218, "n_waypoints_completed": 4, "tot_waypoints": 9}}
{"target": -1289.5474800502857, "params": {"k_pid_pos": [0.012240143492817879, 0.035974860191345215, 0.015893161296844482], "k_pid_alt": [0.0, 1.0, 0.9713427424430847], "k_pid_att": [100.0, 8.70166015625, 0.9221060276031494], "k_pid_yaw": [0.5, 1e-06, 0.1], "k_pid_hsp": [9.709785461425781, 0.9905236959457397, 0.016170740127563477], "k_pid_vsp": [400.0, 384.439697265625, 2.911747455596924]}, "datetime": {"datetime": "2025-08-14 02:29:19", "elapsed": 60087.84597826004, "delta": 29.136317253112793}, "costs": {"total_cost": 1289.5474800502857, "time_cost": 150, "final_distance_cost": 67.64515935190602, "oscillation_cost": 40.85954505077552, "completition_cost": 888.8888888888888, "overshoot_cost": 80.7232136691445, "power_cost": 29.057388024902345, "noise_cost": 32.373285064668416, "n_waypoints_completed": 1, "tot_waypoints": 9}}
{"target": -1176.241260721904, "params": {"k_pid_pos": [0.030479205772280693, 0.0259857177734375, 0.010962963104248047], "k_pid_alt": [0.0, 1.0, 0.9880350828170776], "k_pid_att": [100.0, 9.999999747378752e-05, 0.9669843912124634], "k_pid_yaw": [0.5, 1e-06, 0.1], "k_pid_hsp": [9.90377426147461, 0.9453235864639282, 0.007042974233627319], "k_pid_vsp": [399.9997863769531, 345.42034912109375, 5.597294330596924]}, "datetime": {"datetime": "2025-08-14 02:29:50", "elapsed": 60119.106004953384, "delta": 31.260026693344116}, "costs": {"total_cost": 1176.241260721904, "time_cost": 150, "final_distance_cost": 86.57567650595223, "oscillation_cost": 23.40478613057871, "completition_cost": 777.7777777777778, "overshoot_cost": 84.86123740328927, "power_cost": 22.758262268066407, "noise_cost": 30.863520636239354, "n_waypoints_completed": 2, "tot_waypoints": 9}}
{"target": -1352.7254712369597, "params": {"k_pid_pos": [0.00841115415096283, 0.14103925228118896, 0.023815393447875977], "k_pid_alt": [0.0, 1.0, 0.9961526393890381], "k_pid_att": [100.0, 0.011395861394703388, 0.9662043452262878], "k_pid_yaw": [0.5, 1e-06, 0.1], "k_pid_hsp": [9.714927673339844, 0.9791046380996704, 0.01583811640739441], "k_pid_vsp": [400.0, 393.17230224609375, 0.7253180146217346]}, "datetime": {"datetime": "2025-08-14 02:30:18", "elapsed": 60146.16249489784, "delta": 27.056489944458008}, "costs": {"total_cost": 1352.7254712369597, "time_cost": 150, "final_distance_cost": 70.52642874691558, "oscillation_cost": 128.2062384129919, "completition_cost": 888.8888888888888, "overshoot_cost": 59.59776882676797, "power_cost": 25.164358728027345, "noise_cost": 30.341787633368167, "n_waypoints_completed": 1, "tot_waypoints": 9}}
{"target": -304.32323182235353, "params": {"k_pid_pos": [0.5434627532958984, 0.006080180406570435, 0.029486358165740967], "k_pid_alt": [1.188737392425537, 1.0, 0.9894120693206787], "k_pid_att": [100.0, 9.999999747378752e-05, 0.9600238800048828], "k_pid_yaw": [0.5, 1e-06, 0.1], "k_pid_hsp": [9.548259735107422, 0.9951013326644897, 0.03023439645767212], "k_pid_vsp": [400.0, 397.6159973144531, 4.973805904388428]}, "datetime": {"datetime": "2025-08-14 02:30:40", "elapsed": 60168.35826969147, "delta": 22.195774793624878}, "costs": {"total_cost": 304.32323182235353, "time_cost": 89.572, "final_distance_cost": 1.8125576516643886, "oscillation_cost": 107.20971939452387, "completition_cost": 0.0, "overshoot_cost": 55.44411738313199, "power_cost": 25.232592321777346, "noise_cost": 25.0522450712559, "n_waypoints_completed": 9, "tot_waypoints": 9}}
{"target": -1317.5916119826268, "params": {"k_pid_pos": [0.02918918803334236, 0.00541841983795166, 0.05129200220108032], "k_pid_alt": [0.0, 0.999680757522583, 0.9973222017288208], "k_pid_att": [100.0, 0.00010208613821305335, 0.9837088584899902], "k_pid_yaw": [0.5, 1e-06, 0.1], "k_pid_hsp": [9.761902809143066, 0.9878249168395996, 0.008504629135131836], "k_pid_vsp": [399.9998474121094, 395.16015625, 2.5133261680603027]}, "datetime": {"datetime": "2025-08-14 02:31:09", "elapsed": 60197.483894109726, "delta": 29.125624418258667}, "costs": {"total_cost": 1317.5916119826268, "time_cost": 150, "final_distance_cost": 66.14647153463004, "oscillation_cost": 90.90011267735878, "completition_cost": 888.8888888888888, "overshoot_cost": 70.23483887062382, "power_cost": 21.518939221191406, "noise_cost": 29.902360789933997, "n_waypoints_completed": 1, "tot_waypoints": 9}}
