{"target": -252.29510538420237, "params": {"k_pid_pos": [0.6012694239616394, 0.03901448845863342, 0.17120349407196045], "k_pid_alt": [1.999921441078186, 6.258487701416016e-07, 0.9856730699539185], "k_pid_att": [99.34677124023438, 9.999999747378752e-05, 0.8740645051002502], "k_pid_yaw": [0.5, 1e-06, 0.1], "k_pid_hsp": [9.053750991821289, 0.915625810623169, 0.04089242219924927], "k_pid_vsp": [400.0, 385.2350158691406, 14.582706451416016]}, "datetime": {"datetime": "2025-08-13 15:02:43", "elapsed": 18891.415279388428, "delta": 20.419784784317017}, "costs": {"total_cost": 252.29510538420237, "time_cost": 79.681, "final_distance_cost": 1.8546251697450227, "oscillation_cost": 74.75346396020849, "completition_cost": 0.0, "overshoot_cost": 51.031162996400965, "power_cost": 22.599460278320315, "noise_cost": 22.375392979527575, "n_waypoints_completed": 9, "tot_waypoints": 9}}
{"target": -1280.9276090281217, "params": {"k_pid_pos": [0.30891039967536926, 0.35029906034469604, 0.32774224877357483], "k_pid_alt": [0.024137496948242188, 0.08041760325431824, 0.7064005732536316], "k_pid_att": [100.0, 9.999999747378752e-05, 0.9657968282699585], "k_pid_yaw": [0.5, 1e-06, 0.1], "k_pid_hsp": [9.199101448059082, 0.9380115270614624, 0.05546557903289795], "k_pid_vsp": [399.6615295410156, 334.15008544921875, 10.102665901184082]}, "datetime": {"datetime": "2025-08-13 15:03:25", "elapsed": 18934.057755231857, "delta": 42.642475843429565}, "costs": {"total_cost": 1280.9276090281217, "time_cost": 150, "final_distance_cost": 66.94799242176116, "oscillation_cost": 616.395494068215, "completition_cost": 333.33333333333337, "overshoot_cost": 57.888767277216, "power_cost": 28.422177209472657, "noise_cost": 27.939844718123677, "n_waypoints_completed": 6, "tot_waypoints": 9}}
{"target": -1311.938505733044, "params": {"k_pid_pos": [0.3129822611808777, 0.9176279306411743, 0.13221508264541626], "k_pid_alt": [0.0, 1.0, 0.9799692034721375], "k_pid_att": [100.0, 0.00010029802069766447, 0.765065610408783], "k_pid_yaw": [0.5, 1e-06, 0.1], "k_pid_hsp": [9.915756225585938, 0.5743399858474731, 0.019984960556030273], "k_pid_vsp": [77.04586791992188, 374.53009033203125, 22.141029357910156]}, "datetime": {"datetime": "2025-08-13 15:03:59", "elapsed": 18968.017769098282, "delta": 33.96001386642456}, "costs": {"total_cost": 1311.938505733044, "time_cost": 150, "final_distance_cost": 64.40526051145473, "oscillation_cost": 107.33827580667753, "completition_cost": 888.8888888888888, "overshoot_cost": 43.88470953380183, "power_cost": 29.64641571044922, "noise_cost": 27.77495528177186, "n_waypoints_completed": 1, "tot_waypoints": 9}}
{"target": -1136.246879236438, "params": {"k_pid_pos": [0.41708216071128845, 0.810718834400177, 0.16183173656463623], "k_pid_alt": [0.0, 0.9974321126937866, 0.9692654609680176], "k_pid_att": [100.0, 0.00019953875744249672, 0.9567318558692932], "k_pid_yaw": [0.5, 1e-06, 0.1], "k_pid_hsp": [9.22383975982666, 0.7915515899658203, 0.0585046112537384], "k_pid_vsp": [400.0, 393.0318298339844, 3.457571029663086]}, "datetime": {"datetime": "2025-08-13 15:04:30", "elapsed": 18998.628489255905, "delta": 30.61072015762329}, "costs": {"total_cost": 1136.246879236438, "time_cost": 150, "final_distance_cost": 46.37101823845663, "oscillation_cost": 379.3289119052047, "completition_cost": 444.4444444444444, "overshoot_cost": 59.574348754161136, "power_cost": 26.59561529541016, "noise_cost": 29.932540598761037, "n_waypoints_completed": 5, "tot_waypoints": 9}}
{"target": -335.5222718557266, "params": {"k_pid_pos": [0.41402798891067505, 0.799878716468811, 0.02630820870399475], "k_pid_alt": [1.9831888675689697, 0.7260862588882446, 0.5443984866142273], "k_pid_att": [99.99998474121094, 9.999999747378752e-05, 0.7609040141105652], "k_pid_yaw": [0.5, 1e-06, 0.1], "k_pid_hsp": [9.798398971557617, 0.854675829410553, 0.0028618574142456055], "k_pid_vsp": [399.7972106933594, 381.69390869140625, 34.22214889526367]}, "datetime": {"datetime": "2025-08-13 15:05:02", "elapsed": 19030.783228635788, "delta": 32.15473937988281}, "costs": {"total_cost": 335.5222718557266, "time_cost": 119.09100000000001, "final_distance_cost": 1.7808757616950135, "oscillation_cost": 95.38593614624251, "completition_cost": 0.0, "overshoot_cost": 58.76700607621649, "power_cost": 30.76896472167969, "noise_cost": 29.72848914989286, "n_waypoints_completed": 9, "tot_waypoints": 9}}
{"target": -1082.0052594673605, "params": {"k_pid_pos": [0.4362184703350067, 0.8938842415809631, 0.058368027210235596], "k_pid_alt": [2.9802322387695312e-06, 1.0, 0.906728982925415], "k_pid_att": [100.0, 0.00010059603664558381, 0.8912723064422607], "k_pid_yaw": [0.5, 1e-06, 0.1], "k_pid_hsp": [8.987292289733887, 0.9427104592323303, 0.017186850309371948], "k_pid_vsp": [400.0, 393.16522216796875, 21.41080093383789]}, "datetime": {"datetime": "2025-08-13 15:05:34", "elapsed": 19062.917620420456, "delta": 32.13439178466797}, "costs": {"total_cost": 1082.0052594673605, "time_cost": 150, "final_distance_cost": 55.16828560351943, "oscillation_cost": 87.43061795131918, "completition_cost": 666.6666666666667, "overshoot_cost": 56.13154430697256, "power_cost": 32.897752966308595, "noise_cost": 33.71039197257389, "n_waypoints_completed": 3, "tot_waypoints": 9}}
{"target": -1139.1629210095089, "params": {"k_pid_pos": [0.04850209504365921, 0.8001008033752441, 0.2615202069282532], "k_pid_alt": [0.02145940065383911, 0.9996311664581299, 0.8372483253479004], "k_pid_att": [99.99999237060547, 9.999999747378752e-05, 0.9775017499923706], "k_pid_yaw": [0.5, 1e-06, 0.1], "k_pid_hsp": [9.10981273651123, 0.9626043438911438, 0.03174620866775513], "k_pid_vsp": [399.9997253417969, 309.174072265625, 45.29668045043945]}, "datetime": {"datetime": "2025-08-13 15:06:05", "elapsed": 19093.995079755783, "delta": 31.07745933532715}, "costs": {"total_cost": 1139.1629210095089, "time_cost": 150, "final_distance_cost": 85.68732412468242, "oscillation_cost": 117.92209434634582, "completition_cost": 666.6666666666667, "overshoot_cost": 53.60142364247634, "power_cost": 36.07858616943359, "noise_cost": 29.206826059903893, "n_waypoints_completed": 3, "tot_waypoints": 9}}
{"target": -691.5775313531853, "params": {"k_pid_pos": [0.5306378602981567, 0.09305062890052795, 0.02828046679496765], "k_pid_alt": [1.999847650527954, 0.3930409550666809, 0.9303280711174011], "k_pid_att": [100.0, 0.02417765185236931, 0.6576474905014038], "k_pid_yaw": [0.5, 1e-06, 0.1], "k_pid_hsp": [9.869083404541016, 0.911501944065094, 0.08303654193878174], "k_pid_vsp": [400.0, 372.7400207519531, 21.56290054321289]}, "datetime": {"datetime": "2025-08-13 15:06:36", "elapsed": 19124.48792386055, "delta": 30.492844104766846}, "costs": {"total_cost": 691.5775313531853, "time_cost": 110.096, "final_distance_cost": 1.7910809685748756, "oscillation_cost": 463.7038020237814, "completition_cost": 0.0, "overshoot_cost": 53.92364770144198, "power_cost": 34.34061539306641, "noise_cost": 27.722385266320714, "n_waypoints_completed": 9, "tot_waypoints": 9}}
{"target": -1241.123519032943, "params": {"k_pid_pos": [0.1824171394109726, 0.038278281688690186, 0.12187930941581726], "k_pid_alt": [0.00019812583923339844, 0.9694732427597046, 0.4739058017730713], "k_pid_att": [100.0, 9.999993324279785, 0.9603843688964844], "k_pid_yaw": [0.5, 1e-06, 0.1], "k_pid_hsp": [9.075867652893066, 0.9628190994262695, 0.08958688378334045], "k_pid_vsp": [399.9998474121094, 388.158203125, 2.961636543273926]}, "datetime": {"datetime": "2025-08-13 15:07:06", "elapsed": 19154.18640089035, "delta": 29.698477029800415}, "costs": {"total_cost": 1241.123519032943, "time_cost": 150, "final_distance_cost": 53.22257289278221, "oscillation_cost": 574.6187257527896, "completition_cost": 333.33333333333337, "overshoot_cost": 67.65810239802569, "power_cost": 32.0557236694336, "noise_cost": 30.235060986578574, "n_waypoints_completed": 6, "tot_waypoints": 9}}
{"target": -1231.0569061551712, "params": {"k_pid_pos": [0.22054748237133026, 0.9363536238670349, 0.04532906413078308], "k_pid_alt": [0.0, 1.0, 0.76118004322052], "k_pid_att": [99.99977111816406, 9.999999747378752e-05, 0.9852127432823181], "k_pid_yaw": [0.5, 1e-06, 0.1], "k_pid_hsp": [9.771105766296387, 0.7886645793914795, 0.007208406925201416], "k_pid_vsp": [399.9998474121094, 387.7365417480469, 31.442094802856445]}, "datetime": {"datetime": "2025-08-13 15:07:41", "elapsed": 19189.499800682068, "delta": 35.31339979171753}, "costs": {"total_cost": 1231.0569061551712, "time_cost": 150, "final_distance_cost": 94.48218071791224, "oscillation_cost": 88.25608809592195, "completition_cost": 777.7777777777778, "overshoot_cost": 52.6020356051787, "power_cost": 36.3452234375, "noise_cost": 31.59360052088056, "n_waypoints_completed": 2, "tot_waypoints": 9}}
{"target": -999.5102237295242, "params": {"k_pid_pos": [0.13920599222183228, 0.03489735722541809, 0.059505313634872437], "k_pid_alt": [1.9669532775878906e-06, 1.0, 0.8795545101165771], "k_pid_att": [99.91748046875, 9.999984741210938, 0.9774810075759888], "k_pid_yaw": [0.5, 1e-06, 0.1], "k_pid_hsp": [8.307226181030273, 0.980362594127655, 0.05783820152282715], "k_pid_vsp": [399.99993896484375, 381.5994873046875, 7.96483850479126]}, "datetime": {"datetime": "2025-08-13 15:08:15", "elapsed": 19223.450563669205, "delta": 33.95076298713684}, "costs": {"total_cost": 999.5102237295242, "time_cost": 150, "final_distance_cost": 49.819623235294145, "oscillation_cost": 230.76999809932568, "completition_cost": 444.4444444444444, "overshoot_cost": 68.20143435087736, "power_cost": 26.570472900390627, "noise_cost": 29.704250699192034, "n_waypoints_completed": 5, "tot_waypoints": 9}}
{"target": -1000.4526102666567, "params": {"k_pid_pos": [0.17317160964012146, 0.2771729826927185, 0.11374920606613159], "k_pid_alt": [0.020192265510559082, 1.0, 0.8297157883644104], "k_pid_att": [99.99968719482422, 9.999999747378752e-05, 0.9876779317855835], "k_pid_yaw": [0.5, 1e-06, 0.1], "k_pid_hsp": [7.344232082366943, 0.9605802297592163, 0.03929215669631958], "k_pid_vsp": [111.73945617675781, 380.59521484375, 2.806199550628662]}, "datetime": {"datetime": "2025-08-13 15:08:49", "elapsed": 19257.632517576218, "delta": 34.18195390701294}, "costs": {"total_cost": 1000.4526102666567, "time_cost": 150, "final_distance_cost": 45.79724046408858, "oscillation_cost": 249.49014225249272, "completition_cost": 444.4444444444444, "overshoot_cost": 63.04400204814202, "power_cost": 20.62054647216797, "noise_cost": 27.056234585321164, "n_waypoints_completed": 5, "tot_waypoints": 9}}
{"target": -325.42024286743316, "params": {"k_pid_pos": [1.1061919927597046, 0.5361939072608948, 0.12651702761650085], "k_pid_alt": [1.915043830871582, 0.9999935626983643, 0.7059441804885864], "k_pid_att": [100.0, 9.666061401367188, 0.9533346891403198], "k_pid_yaw": [0.5, 1e-06, 0.1], "k_pid_hsp": [9.112360954284668, 0.9360828399658203, 0.019580602645874023], "k_pid_vsp": [177.23126220703125, 390.531494140625, 5.08177375793457]}, "datetime": {"datetime": "2025-08-13 15:09:17", "elapsed": 19285.47046327591, "delta": 27.837945699691772}, "costs": {"total_cost": 325.42024286743316, "time_cost": 91.18900000000001, "final_distance_cost": 1.756022174864485, "oscillation_cost": 123.6643990894099, "completition_cost": 0.0, "overshoot_cost": 54.88213521483082, "power_cost": 26.643776403808594, "noise_cost": 27.284909984519363, "n_waypoints_completed": 9, "tot_waypoints": 9}}
{"target": -1338.2144130300107, "params": {"k_pid_pos": [0.217692032456398, 0.046778082847595215, 0.26542627811431885], "k_pid_alt": [0.0, 0.9964703321456909, 0.9337210655212402], "k_pid_att": [99.99987030029297, 2.5662741661071777, 0.7428491115570068], "k_pid_yaw": [0.5, 1e-06, 0.1], "k_pid_hsp": [9.816910743713379, 0.76740562915802, 0.05863732099533081], "k_pid_vsp": [399.9996643066406, 382.1764831542969, 8.214676856994629]}, "datetime": {"datetime": "2025-08-13 15:09:54", "elapsed": 19322.561247348785, "delta": 37.09078407287598}, "costs": {"total_cost": 1338.2144130300107, "time_cost": 150, "final_distance_cost": 61.211682156851026, "oscillation_cost": 660.9481716502644, "completition_cost": 333.33333333333337, "overshoot_cost": 67.45143988525554, "power_cost": 34.83075135498047, "noise_cost": 30.4390346493259, "n_waypoints_completed": 6, "tot_waypoints": 9}}
{"target": -1856.0287241110905, "params": {"k_pid_pos": [0.028726916760206223, 0.03440997004508972, 0.13183355331420898], "k_pid_alt": [0.0, 0.9999962449073792, 0.9764007329940796], "k_pid_att": [99.9789810180664, 0.0010900232009589672, 0.9931179881095886], "k_pid_yaw": [0.5, 1e-06, 0.1], "k_pid_hsp": [9.810698509216309, 0.9908804297447205, 0.10321617126464844], "k_pid_vsp": [397.79156494140625, 389.8105163574219, 10.142541885375977]}, "datetime": {"datetime": "2025-08-13 15:10:27", "elapsed": 19356.028872728348, "delta": 33.46762537956238}, "costs": {"total_cost": 1856.0287241110905, "time_cost": 150, "final_distance_cost": 77.60763018768405, "oscillation_cost": 697.0329871388117, "completition_cost": 777.7777777777778, "overshoot_cost": 86.50124316457878, "power_cost": 38.5149046875, "noise_cost": 28.59418115473834, "n_waypoints_completed": 2, "tot_waypoints": 9}}
{"target": -935.700320966832, "params": {"k_pid_pos": [0.17982250452041626, 0.16964691877365112, 0.15660381317138672], "k_pid_alt": [0.0012314319610595703, 1.0, 0.5061439275741577], "k_pid_att": [100.0, 9.999999747378752e-05, 0.9940319061279297], "k_pid_yaw": [0.5, 1e-06, 0.1], "k_pid_hsp": [9.767380714416504, 0.9496705532073975, 0.02197018265724182], "k_pid_vsp": [8.101463317871094, 390.688720703125, 5.0088653564453125]}, "datetime": {"datetime": "2025-08-13 15:11:02", "elapsed": 19390.69977402687, "delta": 34.67090129852295}, "costs": {"total_cost": 935.700320966832, "time_cost": 150, "final_distance_cost": 69.70357697366826, "oscillation_cost": 258.5074616627254, "completition_cost": 333.33333333333337, "overshoot_cost": 67.52200084496317, "power_cost": 29.13850670166016, "noise_cost": 27.495441450481657, "n_waypoints_completed": 6, "tot_waypoints": 9}}
{"target": -656.440912876637, "params": {"k_pid_pos": [0.2892199754714966, 0.03591322898864746, 0.05947735905647278], "k_pid_alt": [0.0, 0.9999668598175049, 0.8889099359512329], "k_pid_att": [100.0, 9.999999747378752e-05, 0.9875130653381348], "k_pid_yaw": [0.5, 1e-06, 0.1], "k_pid_hsp": [9.946758270263672, 0.9655342102050781, 0.06596487760543823], "k_pid_vsp": [215.1143341064453, 376.7532653808594, 84.47712707519531]}, "datetime": {"datetime": "2025-08-13 15:11:34", "elapsed": 19422.776066064835, "delta": 32.07629203796387}, "costs": {"total_cost": 656.440912876637, "time_cost": 150, "final_distance_cost": 8.941993101614495, "oscillation_cost": 246.29643612608496, "completition_cost": 111.11111111111116, "overshoot_cost": 71.30524109644647, "power_cost": 37.83594094238281, "noise_cost": 30.950190498997145, "n_waypoints_completed": 8, "tot_waypoints": 9}}
{"target": -539.4990627456517, "params": {"k_pid_pos": [0.22345282137393951, 0.5881859660148621, 0.18749666213989258], "k_pid_alt": [1.9971805810928345, 0.9999999403953552, 0.868065595626831], "k_pid_att": [100.0, 9.999999747378752e-05, 0.7040961384773254], "k_pid_yaw": [0.5, 1e-06, 0.1], "k_pid_hsp": [9.501755714416504, 0.9943907260894775, 0.0199601948261261], "k_pid_vsp": [399.9986877441406, 348.5904541015625, 26.321090698242188]}, "datetime": {"datetime": "2025-08-13 15:12:07", "elapsed": 19455.523394584656, "delta": 32.74732851982117}, "costs": {"total_cost": 539.4990627456517, "time_cost": 150, "final_distance_cost": 33.699522195038156, "oscillation_cost": 130.8135202301652, "completition_cost": 111.11111111111116, "overshoot_cost": 53.748376092649266, "power_cost": 31.27535611572266, "noise_cost": 28.851177000965283, "n_waypoints_completed": 8, "tot_waypoints": 9}}
{"target": -1034.2175274946862, "params": {"k_pid_pos": [0.29522430896759033, 0.8169969916343689, 0.5821295976638794], "k_pid_alt": [0.0, 0.9985446929931641, 0.9500256776809692], "k_pid_att": [100.0, 9.999999747378752e-05, 0.9166615009307861], "k_pid_yaw": [0.5, 1e-06, 0.1], "k_pid_hsp": [9.782289505004883, 0.9167503118515015, 0.004305541515350342], "k_pid_vsp": [399.99993896484375, 363.2140808105469, 62.2940788269043]}, "datetime": {"datetime": "2025-08-13 15:12:39", "elapsed": 19487.95390510559, "delta": 32.43051052093506}, "costs": {"total_cost": 1034.2175274946862, "time_cost": 150, "final_distance_cost": 46.14802826470427, "oscillation_cost": 169.16732094993515, "completition_cost": 555.5555555555555, "overshoot_cost": 59.148070239633164, "power_cost": 27.468815625, "noise_cost": 26.72973685985791, "n_waypoints_completed": 4, "tot_waypoints": 9}}
{"target": -1439.8559196592926, "params": {"k_pid_pos": [0.09019852429628372, 0.4663049578666687, 0.20494568347930908], "k_pid_alt": [0.0, 1.0, 0.9657474756240845], "k_pid_att": [100.0, 0.0003756687219720334, 0.971153199672699], "k_pid_yaw": [0.5, 1e-06, 0.1], "k_pid_hsp": [9.859912872314453, 0.9121183753013611, 0.08932799100875854], "k_pid_vsp": [375.2027893066406, 204.34512329101562, 15.840078353881836]}, "datetime": {"datetime": "2025-08-13 15:13:12", "elapsed": 19520.395204782486, "delta": 32.44129967689514}, "costs": {"total_cost": 1439.8559196592926, "time_cost": 150, "final_distance_cost": 54.082830337061424, "oscillation_cost": 441.5241913709019, "completition_cost": 666.6666666666667, "overshoot_cost": 60.6568146354405, "power_cost": 34.61728072509766, "noise_cost": 32.30813592412434, "n_waypoints_completed": 3, "tot_waypoints": 9}}
{"target": -1179.162190205185, "params": {"k_pid_pos": [0.08560067415237427, 0.2683177888393402, 0.11182805895805359], "k_pid_alt": [0.023380935192108154, 0.9999986290931702, 0.9524378180503845], "k_pid_att": [100.0, 0.0013814870035275817, 0.9184458255767822], "k_pid_yaw": [0.5, 1e-06, 0.1], "k_pid_hsp": [9.238542556762695, 0.7361370921134949, 0.013091087341308594], "k_pid_vsp": [384.82049560546875, 384.0218811035156, 4.116214275360107]}, "datetime": {"datetime": "2025-08-13 15:13:45", "elapsed": 19554.088451862335, "delta": 33.69324707984924}, "costs": {"total_cost": 1179.162190205185, "time_cost": 150, "final_distance_cost": 52.626474934209796, "oscillation_cost": 185.05198630850438, "completition_cost": 666.6666666666667, "overshoot_cost": 60.82518979030851, "power_cost": 28.903383374023438, "noise_cost": 35.08848913147209, "n_waypoints_completed": 3, "tot_waypoints": 9}}
{"target": -1053.7769460881157, "params": {"k_pid_pos": [0.23446720838546753, 0.6629602313041687, 0.06158831715583801], "k_pid_alt": [1.8477439880371094e-05, 1.0, 0.7855258584022522], "k_pid_att": [100.0, 9.999999747378752e-05, 0.671629011631012], "k_pid_yaw": [0.5, 1e-06, 0.1], "k_pid_hsp": [9.802508354187012, 0.9491641521453857, 0.08772599697113037], "k_pid_vsp": [0.0015377998352050781, 267.2198181152344, 5.946446418762207]}, "datetime": {"datetime": "2025-08-13 15:14:18", "elapsed": 19586.13651418686, "delta": 32.048062324523926}, "costs": {"total_cost": 1053.7769460881157, "time_cost": 150, "final_distance_cost": 46.33797317053223, "oscillation_cost": 165.52062261380638, "completition_cost": 555.5555555555555, "overshoot_cost": 69.89916137707233, "power_cost": 32.838110339355474, "noise_cost": 33.62552303179361, "n_waypoints_completed": 4, "tot_waypoints": 9}}
{"target": -1412.8817514378782, "params": {"k_pid_pos": [0.18325787782669067, 0.44863006472587585, 0.0503007173538208], "k_pid_alt": [0.0, 1.0, 0.9321778416633606], "k_pid_att": [99.75916290283203, 9.999999747378752e-05, 0.9096489548683167], "k_pid_yaw": [0.5, 1e-06, 0.1], "k_pid_hsp": [9.98753833770752, 0.9341719150543213, 0.08185470104217529], "k_pid_vsp": [400.0, 398.70947265625, 86.7850341796875]}, "datetime": {"datetime": "2025-08-13 15:14:50", "elapsed": 19618.89849615097, "delta": 32.76198196411133}, "costs": {"total_cost": 1412.8817514378782, "time_cost": 150, "final_distance_cost": 42.10979181828444, "oscillation_cost": 551.3895689901008, "completition_cost": 555.5555555555555, "overshoot_cost": 58.302565119239844, "power_cost": 27.930013781738282, "noise_cost": 27.594256172959142, "n_waypoints_completed": 4, "tot_waypoints": 9}}
{"target": -652.584709951063, "params": {"k_pid_pos": [0.14737649261951447, 0.530316948890686, 0.0023658573627471924], "k_pid_alt": [1.2485262155532837, 0.18463698029518127, 0.7553974390029907], "k_pid_att": [99.99998474121094, 9.999999747378752e-05, 0.9270220398902893], "k_pid_yaw": [0.5, 1e-06, 0.1], "k_pid_hsp": [9.110795974731445, 0.9700160622596741, 0.03479623794555664], "k_pid_vsp": [400.0, 394.49029541015625, 6.7561516761779785]}, "datetime": {"datetime": "2025-08-13 15:15:24", "elapsed": 19652.466558933258, "delta": 33.5680627822876}, "costs": {"total_cost": 652.584709951063, "time_cost": 150, "final_distance_cost": 72.32775739274133, "oscillation_cost": 101.20455128363437, "completition_cost": 222.2222222222222, "overshoot_cost": 44.02491940995213, "power_cost": 30.5882345703125, "noise_cost": 32.21702507220056, "n_waypoints_completed": 7, "tot_waypoints": 9}}
{"target": -1332.2337225388687, "params": {"k_pid_pos": [0.01821395941078663, 0.6988884210586548, 0.10059663653373718], "k_pid_alt": [0.6521388292312622, 1.0, 0.484537810087204], "k_pid_att": [100.0, 9.999999747378752e-05, 0.6670261025428772], "k_pid_yaw": [0.5, 1e-06, 0.1], "k_pid_hsp": [9.790761947631836, 0.8296393156051636, 0.048906177282333374], "k_pid_vsp": [400.0, 398.1780090332031, 7.298935413360596]}, "datetime": {"datetime": "2025-08-13 15:15:57", "elapsed": 19685.185970783234, "delta": 32.719411849975586}, "costs": {"total_cost": 1332.2337225388687, "time_cost": 150, "final_distance_cost": 64.0496268922255, "oscillation_cost": 122.31148338798317, "completition_cost": 888.8888888888888, "overshoot_cost": 33.38564301879434, "power_cost": 40.06737359619141, "noise_cost": 33.530706754785605, "n_waypoints_completed": 1, "tot_waypoints": 9}}
