{"target": -1177.097232448969, "params": {"k_pid_pos": [0.04592450335621834, 0.009523749351501465, 0.06181994080543518], "k_pid_alt": [0.0, 1.0, 0.9954879283905029], "k_pid_att": [100.0, 9.999999747378752e-05, 0.9839872717857361], "k_pid_yaw": [0.5, 1e-06, 0.1], "k_pid_hsp": [9.933451652526855, 0.9792129397392273, 0.010120302438735962], "k_pid_vsp": [400.0, 396.7457275390625, 3.4416565895080566]}, "datetime": {"datetime": "2025-08-14 04:57:20", "elapsed": 68968.26694440842, "delta": 28.1154465675354}, "costs": {"total_cost": 1177.097232448969, "time_cost": 150, "final_distance_cost": 78.04714550995703, "oscillation_cost": 40.56587829113498, "completition_cost": 777.7777777777778, "overshoot_cost": 74.13078726119106, "power_cost": 25.324070617675783, "noise_cost": 31.251572991232432, "n_waypoints_completed": 2, "tot_waypoints": 9}}
{"target": -1281.9564718762495, "params": {"k_pid_pos": [0.015930619090795517, 0.017483294010162354, 0.013439834117889404], "k_pid_alt": [0.0, 1.0, 0.9955042004585266], "k_pid_att": [100.0, 9.999999747378752e-05, 0.8888041973114014], "k_pid_yaw": [0.5, 1e-06, 0.1], "k_pid_hsp": [9.915311813354492, 0.9967794418334961, 0.01872578263282776], "k_pid_vsp": [400.0, 396.8428955078125, 13.541901588439941]}, "datetime": {"datetime": "2025-08-14 04:57:49", "elapsed": 68997.56657624245, "delta": 29.29963183403015}, "costs": {"total_cost": 1281.9564718762495, "time_cost": 150, "final_distance_cost": 60.0758303624733, "oscillation_cost": 45.24305755572192, "completition_cost": 888.8888888888888, "overshoot_cost": 83.62657896218575, "power_cost": 26.080694470214844, "noise_cost": 28.04142163676482, "n_waypoints_completed": 1, "tot_waypoints": 9}}
{"target": -1191.2139970871024, "params": {"k_pid_pos": [0.04643558710813522, 0.01769062876701355, 0.01845794916152954], "k_pid_alt": [0.0, 1.0, 0.9892369508743286], "k_pid_att": [100.0, 9.999999747378752e-05, 0.9971047639846802], "k_pid_yaw": [0.5, 1e-06, 0.1], "k_pid_hsp": [9.938026428222656, 0.9876894950866699, 0.01300707459449768], "k_pid_vsp": [400.0, 397.1259460449219, 14.249564170837402]}, "datetime": {"datetime": "2025-08-14 04:58:18", "elapsed": 69026.42387270927, "delta": 28.857296466827393}, "costs": {"total_cost": 1191.2139970871024, "time_cost": 150, "final_distance_cost": 83.08322940900833, "oscillation_cost": 48.38005756519038, "completition_cost": 777.7777777777778, "overshoot_cost": 75.07744657369557, "power_cost": 28.3178509765625, "noise_cost": 28.577634784867666, "n_waypoints_completed": 2, "tot_waypoints": 9}}
{"target": -1174.6040959104662, "params": {"k_pid_pos": [0.03469894826412201, 0.030121594667434692, 0.0012978017330169678], "k_pid_alt": [0.0, 1.0, 0.9649996757507324], "k_pid_att": [100.0, 9.999999747378752e-05, 0.9751322269439697], "k_pid_yaw": [0.5, 1e-06, 0.1], "k_pid_hsp": [9.735877990722656, 0.8703628778457642, 0.01195409893989563], "k_pid_vsp": [400.0, 391.1159362792969, 4.158462047576904]}, "datetime": {"datetime": "2025-08-14 04:58:47", "elapsed": 69055.28100824356, "delta": 28.8571355342865}, "costs": {"total_cost": 1174.6040959104662, "time_cost": 150, "final_distance_cost": 81.04267748493625, "oscillation_cost": 31.158085098176976, "completition_cost": 777.7777777777778, "overshoot_cost": 80.58317777712966, "power_cost": 23.46171169433594, "noise_cost": 30.580666078109523, "n_waypoints_completed": 2, "tot_waypoints": 9}}
{"target": -1059.7738434997316, "params": {"k_pid_pos": [0.08191121369600296, 0.007947593927383423, 0.04920127987861633], "k_pid_alt": [0.0, 1.0, 0.9910001754760742], "k_pid_att": [100.0, 9.999999747378752e-05, 0.9754693508148193], "k_pid_yaw": [0.5, 1e-06, 0.1], "k_pid_hsp": [9.948066711425781, 0.9615126848220825, 0.0022642016410827637], "k_pid_vsp": [400.0, 395.7202453613281, 3.6975631713867188]}, "datetime": {"datetime": "2025-08-14 04:59:15", "elapsed": 69084.05771517754, "delta": 28.77670693397522}, "costs": {"total_cost": 1059.7738434997316, "time_cost": 150, "final_distance_cost": 70.4424347632117, "oscillation_cost": 47.9707902643798, "completition_cost": 666.6666666666667, "overshoot_cost": 70.98433414101366, "power_cost": 22.832368908691407, "noise_cost": 30.877248755768303, "n_waypoints_completed": 3, "tot_waypoints": 9}}
{"target": -1202.8485434225622, "params": {"k_pid_pos": [0.05645796284079552, 0.010705947875976562, 0.16224032640457153], "k_pid_alt": [0.0, 1.0, 0.9949067234992981], "k_pid_att": [100.0, 9.999999747378752e-05, 0.9319340586662292], "k_pid_yaw": [0.5, 1e-06, 0.1], "k_pid_hsp": [9.91118049621582, 0.9856747984886169, 0.013950496912002563], "k_pid_vsp": [400.0, 393.511474609375, 11.792290687561035]}, "datetime": {"datetime": "2025-08-14 04:59:45", "elapsed": 69113.30507159233, "delta": 29.247356414794922}, "costs": {"total_cost": 1202.8485434225622, "time_cost": 150, "final_distance_cost": 79.75932656276105, "oscillation_cost": 63.56777273912733, "completition_cost": 777.7777777777778, "overshoot_cost": 70.7040245223897, "power_cost": 31.35402208251953, "noise_cost": 29.68561973798661, "n_waypoints_completed": 2, "tot_waypoints": 9}}
{"target": -1069.9119461362636, "params": {"k_pid_pos": [0.07073315978050232, 0.02682998776435852, 0.024406254291534424], "k_pid_alt": [0.0, 1.0, 0.9573541283607483], "k_pid_att": [100.0, 9.999999747378752e-05, 0.8701490759849548], "k_pid_yaw": [0.5, 1e-06, 0.1], "k_pid_hsp": [9.581674575805664, 0.9713805913925171, 0.020135492086410522], "k_pid_vsp": [400.0, 386.4799499511719, 5.2725324630737305]}, "datetime": {"datetime": "2025-08-14 05:00:13", "elapsed": 69142.09306693077, "delta": 28.78799533843994}, "costs": {"total_cost": 1069.9119461362636, "time_cost": 150, "final_distance_cost": 53.89446810071266, "oscillation_cost": 53.8146067743722, "completition_cost": 666.6666666666667, "overshoot_cost": 76.56582592243197, "power_cost": 34.65433747558594, "noise_cost": 34.3160411964941, "n_waypoints_completed": 3, "tot_waypoints": 9}}
{"target": -1243.8687729025878, "params": {"k_pid_pos": [0.021241186186671257, 0.028990507125854492, 0.05452775955200195], "k_pid_alt": [0.0, 1.0, 0.9852067232131958], "k_pid_att": [100.0, 9.999999747378752e-05, 0.9809194803237915], "k_pid_yaw": [0.5, 1e-06, 0.1], "k_pid_hsp": [9.830888748168945, 0.9873688220977783, 0.027529895305633545], "k_pid_vsp": [400.0, 398.0718078613281, 12.809825897216797]}, "datetime": {"datetime": "2025-08-14 05:00:42", "elapsed": 69170.84319400787, "delta": 28.75012707710266}, "costs": {"total_cost": 1243.8687729025878, "time_cost": 150, "final_distance_cost": 93.44887526865263, "oscillation_cost": 91.76356595968505, "completition_cost": 777.7777777777778, "overshoot_cost": 83.18506755803972, "power_cost": 21.130492919921878, "noise_cost": 26.562993418510874, "n_waypoints_completed": 2, "tot_waypoints": 9}}
{"target": -1062.3513737612623, "params": {"k_pid_pos": [0.08290804922580719, 0.060904353857040405, 0.009078532457351685], "k_pid_alt": [0.0, 1.0, 0.8920950889587402], "k_pid_att": [100.0, 9.999999747378752e-05, 0.9985464811325073], "k_pid_yaw": [0.5, 1e-06, 0.1], "k_pid_hsp": [9.832962036132812, 0.9957722425460815, 0.0070608556270599365], "k_pid_vsp": [400.0, 397.5500793457031, 2.5595316886901855]}, "datetime": {"datetime": "2025-08-14 05:01:09", "elapsed": 69198.10796189308, "delta": 27.26476788520813}, "costs": {"total_cost": 1062.3513737612623, "time_cost": 150, "final_distance_cost": 53.42361922123433, "oscillation_cost": 56.4053194385963, "completition_cost": 666.6666666666667, "overshoot_cost": 70.21880345245242, "power_cost": 30.036144079589846, "noise_cost": 35.60082090272273, "n_waypoints_completed": 3, "tot_waypoints": 9}}
{"target": -1179.5027759698114, "params": {"k_pid_pos": [0.030306778848171234, 0.03959652781486511, 0.018005967140197754], "k_pid_alt": [0.0, 1.0, 0.9806702136993408], "k_pid_att": [100.0, 9.999999747378752e-05, 0.9908731579780579], "k_pid_yaw": [0.5, 1e-06, 0.1], "k_pid_hsp": [9.642132759094238, 0.9858832359313965, 0.003716886043548584], "k_pid_vsp": [400.0, 380.588134765625, 5.825615882873535]}, "datetime": {"datetime": "2025-08-14 05:01:39", "elapsed": 69227.99329161644, "delta": 29.885329723358154}, "costs": {"total_cost": 1179.5027759698114, "time_cost": 150, "final_distance_cost": 88.17405341515133, "oscillation_cost": 32.0353051147014, "completition_cost": 777.7777777777778, "overshoot_cost": 80.89325977984623, "power_cost": 20.526709252929688, "noise_cost": 30.095670629405042, "n_waypoints_completed": 2, "tot_waypoints": 9}}
{"target": -1268.066053753761, "params": {"k_pid_pos": [0.04680100455880165, 0.003691047430038452, 0.02483457326889038], "k_pid_alt": [0.0, 1.0, 0.9910799264907837], "k_pid_att": [100.0, 9.999999747378752e-05, 0.9947764873504639], "k_pid_yaw": [0.5, 1e-06, 0.1], "k_pid_hsp": [9.911517143249512, 0.9899511337280273, 0.003525078296661377], "k_pid_vsp": [400.0, 397.4317626953125, 1.5851387977600098]}, "datetime": {"datetime": "2025-08-14 05:02:08", "elapsed": 69257.01263141632, "delta": 29.01933979988098}, "costs": {"total_cost": 1268.066053753761, "time_cost": 150, "final_distance_cost": 51.91077110069434, "oscillation_cost": 39.132106473930584, "completition_cost": 888.8888888888888, "overshoot_cost": 63.661393724168086, "power_cost": 39.31266022949219, "noise_cost": 35.16023333658704, "n_waypoints_completed": 1, "tot_waypoints": 9}}
{"target": -841.0219743897525, "params": {"k_pid_pos": [0.18317313492298126, 0.005527287721633911, 0.08055838942527771], "k_pid_alt": [0.0, 1.0, 0.9836112260818481], "k_pid_att": [100.0, 0.002074086107313633, 0.9890065789222717], "k_pid_yaw": [0.5, 1e-06, 0.1], "k_pid_hsp": [9.785228729248047, 0.9902128577232361, 0.008017092943191528], "k_pid_vsp": [400.0, 387.9659118652344, 31.737531661987305]}, "datetime": {"datetime": "2025-08-14 05:02:35", "elapsed": 69284.02593326569, "delta": 27.013301849365234}, "costs": {"total_cost": 841.0219743897525, "time_cost": 150, "final_distance_cost": 56.133058837581345, "oscillation_cost": 73.41883706499488, "completition_cost": 444.4444444444444, "overshoot_cost": 65.63079403455755, "power_cost": 23.101604833984375, "noise_cost": 28.293235174189963, "n_waypoints_completed": 5, "tot_waypoints": 9}}
{"target": -1154.4982645656364, "params": {"k_pid_pos": [0.06338343769311905, 0.07878699898719788, 0.003913938999176025], "k_pid_alt": [8.940696716308594e-07, 1.0, 0.9819201231002808], "k_pid_att": [100.0, 9.999999747378752e-05, 0.995891809463501], "k_pid_yaw": [0.5, 1e-06, 0.1], "k_pid_hsp": [9.524611473083496, 0.9808608293533325, 0.05064794421195984], "k_pid_vsp": [400.0, 343.72222900390625, 5.137241840362549]}, "datetime": {"datetime": "2025-08-14 05:03:04", "elapsed": 69312.70183563232, "delta": 28.675902366638184}, "costs": {"total_cost": 1154.4982645656364, "time_cost": 150, "final_distance_cost": 55.76715460928518, "oscillation_cost": 137.27393620249296, "completition_cost": 666.6666666666667, "overshoot_cost": 73.85673145420317, "power_cost": 37.974347485351565, "noise_cost": 32.95942814763714, "n_waypoints_completed": 3, "tot_waypoints": 9}}
{"target": -1087.3376694509698, "params": {"k_pid_pos": [0.04413943365216255, 0.0675438642501831, 0.011522293090820312], "k_pid_alt": [0.0, 1.0, 0.9510853886604309], "k_pid_att": [100.0, 9.999999747378752e-05, 0.9375931024551392], "k_pid_yaw": [0.5, 1e-06, 0.1], "k_pid_hsp": [9.89681339263916, 0.9821304678916931, 0.020400643348693848], "k_pid_vsp": [400.0, 395.62542724609375, 3.8142809867858887]}, "datetime": {"datetime": "2025-08-14 05:03:33", "elapsed": 69341.80106472969, "delta": 29.099229097366333}, "costs": {"total_cost": 1087.3376694509698, "time_cost": 150, "final_distance_cost": 52.915091798776764, "oscillation_cost": 64.05647300342731, "completition_cost": 666.6666666666667, "overshoot_cost": 83.66499317753407, "power_cost": 34.45766206054687, "noise_cost": 35.57678274401812, "n_waypoints_completed": 3, "tot_waypoints": 9}}
{"target": -1276.73779981772, "params": {"k_pid_pos": [0.012158310040831566, 0.01172548532485962, 0.05180478096008301], "k_pid_alt": [0.0, 1.0, 0.9596531391143799], "k_pid_att": [100.0, 9.999999747378752e-05, 0.9879236221313477], "k_pid_yaw": [0.5, 1e-06, 0.1], "k_pid_hsp": [9.44692611694336, 0.9984402060508728, 0.019834071397781372], "k_pid_vsp": [400.0, 392.995849609375, 10.672320365905762]}, "datetime": {"datetime": "2025-08-14 05:04:01", "elapsed": 69369.98804926872, "delta": 28.186984539031982}, "costs": {"total_cost": 1276.73779981772, "time_cost": 150, "final_distance_cost": 54.77949986035318, "oscillation_cost": 34.292560762668494, "completition_cost": 888.8888888888888, "overshoot_cost": 91.13729043900342, "power_cost": 28.830326281738284, "noise_cost": 28.809233585067837, "n_waypoints_completed": 1, "tot_waypoints": 9}}
{"target": -2890.3080143626034, "params": {"k_pid_pos": [0.22889624536037445, 0.008984565734863281, 0.0636758804321289], "k_pid_alt": [0.0, 0.9999963641166687, 0.988271951675415], "k_pid_att": [2.9802322387695312e-06, 9.999999747378752e-05, 0.9963099956512451], "k_pid_yaw": [0.5, 1e-06, 0.1], "k_pid_hsp": [9.656944274902344, 0.9581458568572998, 0.015574336051940918], "k_pid_vsp": [400.0, 395.39996337890625, 32.81467056274414]}, "datetime": {"datetime": "2025-08-14 05:04:31", "elapsed": 69400.02234077454, "delta": 30.0342915058136}, "costs": {"total_cost": 2890.3080143626034, "time_cost": 150, "final_distance_cost": 476.01090246545743, "oscillation_cost": 1.2158045906154273, "completition_cost": 1000.0, "overshoot_cost": 1208.4331639729141, "power_cost": 29.206266357421878, "noise_cost": 25.441876976194177, "n_waypoints_completed": 0, "tot_waypoints": 9}}
{"target": -1058.8532989821774, "params": {"k_pid_pos": [0.09302274882793427, 0.022333383560180664, 0.03254774212837219], "k_pid_alt": [5.960464477539062e-07, 1.0, 0.9293261170387268], "k_pid_att": [100.0, 9.999999747378752e-05, 0.9957526326179504], "k_pid_yaw": [0.5, 1e-06, 0.1], "k_pid_hsp": [9.93482494354248, 0.9971885681152344, 0.016338318586349487], "k_pid_vsp": [400.0, 392.8893127441406, 3.777576446533203]}, "datetime": {"datetime": "2025-08-14 05:05:01", "elapsed": 69429.61210012436, "delta": 29.589759349822998}, "costs": {"total_cost": 1058.8532989821774, "time_cost": 150, "final_distance_cost": 51.58600815728156, "oscillation_cost": 53.72197098762315, "completition_cost": 666.6666666666667, "overshoot_cost": 69.22749329810676, "power_cost": 31.43561267089844, "noise_cost": 36.2155472016007, "n_waypoints_completed": 3, "tot_waypoints": 9}}
{"target": -1030.0039434300459, "params": {"k_pid_pos": [0.0992787778377533, 0.01799112558364868, 0.006481736898422241], "k_pid_alt": [0.0, 1.0, 0.9911948442459106], "k_pid_att": [100.0, 9.999999747378752e-05, 0.993667721748352], "k_pid_yaw": [0.5, 1e-06, 0.1], "k_pid_hsp": [9.918852806091309, 0.9515869617462158, 0.0028439760208129883], "k_pid_vsp": [400.0, 388.8891296386719, 3.28804349899292]}, "datetime": {"datetime": "2025-08-14 05:05:29", "elapsed": 69457.91494846344, "delta": 28.30284833908081}, "costs": {"total_cost": 1030.0039434300459, "time_cost": 150, "final_distance_cost": 51.85984577462882, "oscillation_cost": 38.78560476529962, "completition_cost": 666.6666666666667, "overshoot_cost": 67.12043073600735, "power_cost": 21.70406356201172, "noise_cost": 33.8673319254316, "n_waypoints_completed": 3, "tot_waypoints": 9}}
{"target": -1215.7491488328537, "params": {"k_pid_pos": [0.053810399025678635, 0.006601780652999878, 0.008626997470855713], "k_pid_alt": [1.9999871253967285, 1.0, 0.983384370803833], "k_pid_att": [100.0, 9.999999747378752e-05, 0.9939210414886475], "k_pid_yaw": [0.5, 1e-06, 0.1], "k_pid_hsp": [9.969379425048828, 0.9792550802230835, 0.04978802800178528], "k_pid_vsp": [400.0, 386.2056884765625, 2.3176441192626953]}, "datetime": {"datetime": "2025-08-14 05:05:57", "elapsed": 69485.60459470749, "delta": 27.689646244049072}, "costs": {"total_cost": 1215.7491488328537, "time_cost": 150, "final_distance_cost": 84.44624760788194, "oscillation_cost": 80.4238679257735, "completition_cost": 777.7777777777778, "overshoot_cost": 59.69687158244894, "power_cost": 30.823375549316406, "noise_cost": 32.581008389655196, "n_waypoints_completed": 2, "tot_waypoints": 9}}
{"target": -1231.1716434042933, "params": {"k_pid_pos": [0.0768786296248436, 0.11491665244102478, 0.02565133571624756], "k_pid_alt": [0.0, 1.0, 0.9513594508171082], "k_pid_att": [100.0, 0.00010149009904125705, 0.968569278717041], "k_pid_yaw": [0.5, 1e-06, 0.1], "k_pid_hsp": [9.87155818939209, 0.9875015020370483, 0.0412713885307312], "k_pid_vsp": [1.2710094451904297, 386.70001220703125, 3.6701927185058594]}, "datetime": {"datetime": "2025-08-14 05:06:27", "elapsed": 69515.26608204842, "delta": 29.661487340927124}, "costs": {"total_cost": 1231.1716434042933, "time_cost": 150, "final_distance_cost": 52.915097485871556, "oscillation_cost": 229.02402984835857, "completition_cost": 666.6666666666667, "overshoot_cost": 72.15820247259198, "power_cost": 33.19469921875, "noise_cost": 27.212947712054483, "n_waypoints_completed": 3, "tot_waypoints": 9}}
{"target": -1103.353837460224, "params": {"k_pid_pos": [0.046231333166360855, 0.037678062915802, 0.003915131092071533], "k_pid_alt": [3.0100345611572266e-05, 1.0, 0.9589471817016602], "k_pid_att": [100.0, 0.29038360714912415, 0.9940322637557983], "k_pid_yaw": [0.5, 1e-06, 0.1], "k_pid_hsp": [9.510946273803711, 0.9872846603393555, 0.02745857834815979], "k_pid_vsp": [400.0, 372.3473205566406, 2.143527030944824]}, "datetime": {"datetime": "2025-08-14 05:06:56", "elapsed": 69544.6826968193, "delta": 29.416614770889282}, "costs": {"total_cost": 1103.353837460224, "time_cost": 150, "final_distance_cost": 66.02773901178126, "oscillation_cost": 90.12961769868302, "completition_cost": 666.6666666666667, "overshoot_cost": 85.27385462947335, "power_cost": 18.73978446044922, "noise_cost": 26.51617499317036, "n_waypoints_completed": 3, "tot_waypoints": 9}}
{"target": -1269.3355925052124, "params": {"k_pid_pos": [0.009582028724253178, 0.03118392825126648, 0.007630795240402222], "k_pid_alt": [1.998098373413086, 1.0, 0.9673030972480774], "k_pid_att": [100.0, 9.999999747378752e-05, 0.9963113069534302], "k_pid_yaw": [0.5, 1e-06, 0.1], "k_pid_hsp": [9.690730094909668, 0.9964369535446167, 0.01224169135093689], "k_pid_vsp": [400.0, 397.35577392578125, 42.057373046875]}, "datetime": {"datetime": "2025-08-14 05:07:23", "elapsed": 69571.36753320694, "delta": 26.684836387634277}, "costs": {"total_cost": 1269.3355925052124, "time_cost": 150, "final_distance_cost": 63.04541480898593, "oscillation_cost": 31.74491017832844, "completition_cost": 888.8888888888888, "overshoot_cost": 83.2154255852971, "power_cost": 25.488027587890628, "noise_cost": 26.952925455821433, "n_waypoints_completed": 1, "tot_waypoints": 9}}
{"target": -1180.4361455283206, "params": {"k_pid_pos": [0.048800043761730194, 0.005875945091247559, 0.08532825112342834], "k_pid_alt": [0.0, 1.0, 0.9964008927345276], "k_pid_att": [100.0, 9.999999747378752e-05, 0.9967453479766846], "k_pid_yaw": [0.5, 1e-06, 0.1], "k_pid_hsp": [9.844427108764648, 0.9936058521270752, 0.007386147975921631], "k_pid_vsp": [400.0, 396.94232177734375, 41.340782165527344]}, "datetime": {"datetime": "2025-08-14 05:07:51", "elapsed": 69600.08701872826, "delta": 28.71948552131653}, "costs": {"total_cost": 1180.4361455283206, "time_cost": 150, "final_distance_cost": 82.91477407925913, "oscillation_cost": 43.33551592353811, "completition_cost": 777.7777777777778, "overshoot_cost": 68.8277740631613, "power_cost": 29.620104504394533, "noise_cost": 27.960199180189864, "n_waypoints_completed": 2, "tot_waypoints": 9}}
{"target": -1244.2537019133724, "params": {"k_pid_pos": [0.008271447382867336, 0.004541754722595215, 0.004786252975463867], "k_pid_alt": [0.0, 1.0, 0.990308940410614], "k_pid_att": [100.0, 0.00018821399135049433, 0.9936575293540955], "k_pid_yaw": [0.5, 1e-06, 0.1], "k_pid_hsp": [9.819982528686523, 0.9592709541320801, 0.018143683671951294], "k_pid_vsp": [400.0, 392.73944091796875, 1.8026123046875]}, "datetime": {"datetime": "2025-08-14 05:08:21", "elapsed": 69629.68734788895, "delta": 29.600329160690308}, "costs": {"total_cost": 1244.2537019133724, "time_cost": 150, "final_distance_cost": 47.63442618346348, "oscillation_cost": 26.644500827534443, "completition_cost": 888.8888888888888, "overshoot_cost": 72.80555231509472, "power_cost": 26.781228173828126, "noise_cost": 31.499105524562832, "n_waypoints_completed": 1, "tot_waypoints": 9}}
{"target": -1240.9349693079032, "params": {"k_pid_pos": [0.010965085588395596, 0.0055780112743377686, 0.011512041091918945], "k_pid_alt": [0.0, 1.0, 0.9983487129211426], "k_pid_att": [100.0, 9.999999747378752e-05, 0.9983875751495361], "k_pid_yaw": [0.5, 1e-06, 0.1], "k_pid_hsp": [9.791874885559082, 0.9697166681289673, 0.00203627347946167], "k_pid_vsp": [400.0, 398.9546813964844, 6.503225326538086]}, "datetime": {"datetime": "2025-08-14 05:08:48", "elapsed": 69656.90951657295, "delta": 27.222168684005737}, "costs": {"total_cost": 1240.9349693079032, "time_cost": 150, "final_distance_cost": 48.425680644712244, "oscillation_cost": 18.459280394466305, "completition_cost": 888.8888888888888, "overshoot_cost": 85.46719620087508, "power_cost": 19.928717211914062, "noise_cost": 29.765205967046516, "n_waypoints_completed": 1, "tot_waypoints": 9}}
