{"target": -1278.3466216170964, "params": {"k_pid_pos": [0.017222484573721886, 0.1192222535610199, 0.15463072061538696], "k_pid_alt": [0.00017589330673217773, 0.9999999403953552, 0.9120405912399292], "k_pid_att": [100.0, 0.000101788122265134, 0.9615784883499146], "k_pid_yaw": [0.5, 1e-06, 0.1], "k_pid_hsp": [9.857024192810059, 0.9019831418991089, 0.011353999376296997], "k_pid_vsp": [399.9931945800781, 390.0794677734375, 4.026795387268066]}, "datetime": {"datetime": "2025-08-13 20:39:34", "elapsed": 39102.88582444191, "delta": 30.473074913024902}, "costs": {"total_cost": 1278.3466216170964, "time_cost": 150, "final_distance_cost": 76.69287104286097, "oscillation_cost": 37.83375911127876, "completition_cost": 888.8888888888888, "overshoot_cost": 59.48386812610807, "power_cost": 32.141722412109374, "noise_cost": 33.30551203585033, "n_waypoints_completed": 1, "tot_waypoints": 9}}
{"target": -1039.5126973534511, "params": {"k_pid_pos": [0.08543194085359573, 0.016729414463043213, 0.023771852254867554], "k_pid_alt": [0.0, 0.9999997615814209, 0.9324032068252563], "k_pid_att": [100.0, 0.22954966127872467, 0.9573076963424683], "k_pid_yaw": [0.5, 1e-06, 0.1], "k_pid_hsp": [9.471976280212402, 0.9811094403266907, 0.008245587348937988], "k_pid_vsp": [400.0, 398.9159240722656, 21.233060836791992]}, "datetime": {"datetime": "2025-08-13 20:40:04", "elapsed": 39132.984548807144, "delta": 30.098724365234375}, "costs": {"total_cost": 1039.5126973534511, "time_cost": 150, "final_distance_cost": 53.17398415077847, "oscillation_cost": 45.82575675490485, "completition_cost": 666.6666666666667, "overshoot_cost": 72.26397323035555, "power_cost": 23.09136463623047, "noise_cost": 28.490951914515, "n_waypoints_completed": 3, "tot_waypoints": 9}}
{"target": -1085.5815590584948, "params": {"k_pid_pos": [0.058325283229351044, 0.12291276454925537, 0.057199180126190186], "k_pid_alt": [0.000567018985748291, 1.0, 0.892512321472168], "k_pid_att": [100.0, 9.999999747378752e-05, 0.9845201969146729], "k_pid_yaw": [0.5, 1e-06, 0.1], "k_pid_hsp": [9.926383018493652, 0.9520692825317383, 0.0034151077270507812], "k_pid_vsp": [400.0, 396.5688781738281, 11.829877853393555]}, "datetime": {"datetime": "2025-08-13 20:40:34", "elapsed": 39162.357061862946, "delta": 29.37251305580139}, "costs": {"total_cost": 1085.5815590584948, "time_cost": 150, "final_distance_cost": 67.85605750767577, "oscillation_cost": 48.10069547290078, "completition_cost": 666.6666666666667, "overshoot_cost": 75.29404828694966, "power_cost": 43.206786181640624, "noise_cost": 34.45730494266134, "n_waypoints_completed": 3, "tot_waypoints": 9}}
{"target": -932.5632932600934, "params": {"k_pid_pos": [0.10756681114435196, 0.04667091369628906, 0.0674070417881012], "k_pid_alt": [0.0, 1.0, 0.9720158576965332], "k_pid_att": [100.0, 9.99901294708252, 0.9965163469314575], "k_pid_yaw": [0.5, 1e-06, 0.1], "k_pid_hsp": [9.77381706237793, 0.9529678821563721, 0.012825816869735718], "k_pid_vsp": [400.0, 382.8327331542969, 5.33964729309082]}, "datetime": {"datetime": "2025-08-13 20:41:04", "elapsed": 39192.165529727936, "delta": 29.808467864990234}, "costs": {"total_cost": 932.5632932600934, "time_cost": 150, "final_distance_cost": 42.81331374366495, "oscillation_cost": 55.88845507976549, "completition_cost": 555.5555555555555, "overshoot_cost": 72.39224141991139, "power_cost": 23.83871940917969, "noise_cost": 32.075008052016265, "n_waypoints_completed": 4, "tot_waypoints": 9}}
{"target": -1175.5205189114245, "params": {"k_pid_pos": [0.07017207145690918, 0.01274418830871582, 0.012452185153961182], "k_pid_alt": [0.0, 1.0, 0.9290099740028381], "k_pid_att": [99.99114227294922, 9.999999747378752e-05, 0.9801506996154785], "k_pid_yaw": [0.5, 1e-06, 0.1], "k_pid_hsp": [9.879077911376953, 0.7549115419387817, 0.00395539402961731], "k_pid_vsp": [400.0, 394.9879455566406, 20.876482009887695]}, "datetime": {"datetime": "2025-08-13 20:41:33", "elapsed": 39221.86467790604, "delta": 29.699148178100586}, "costs": {"total_cost": 1175.5205189114245, "time_cost": 150, "final_distance_cost": 94.88364133395353, "oscillation_cost": 41.59397354122187, "completition_cost": 777.7777777777778, "overshoot_cost": 63.28173871501489, "power_cost": 21.62918369140625, "noise_cost": 26.354203852050173, "n_waypoints_completed": 2, "tot_waypoints": 9}}
{"target": -973.6731683154275, "params": {"k_pid_pos": [0.08382102847099304, 0.05604743957519531, 0.1025436520576477], "k_pid_alt": [0.0, 1.0, 0.9730036854743958], "k_pid_att": [8.897322654724121, 0.034067753702402115, 0.9925304651260376], "k_pid_yaw": [0.5, 1e-06, 0.1], "k_pid_hsp": [9.55747127532959, 0.9888272285461426, 0.14499115943908691], "k_pid_vsp": [400.0, 397.3943176269531, 4.166007995605469]}, "datetime": {"datetime": "2025-08-13 20:42:01", "elapsed": 39249.94289112091, "delta": 28.078213214874268}, "costs": {"total_cost": 973.6731683154275, "time_cost": 150, "final_distance_cost": 44.45668453386502, "oscillation_cost": 80.92131872905486, "completition_cost": 555.5555555555555, "overshoot_cost": 79.73586218227524, "power_cost": 31.373817443847656, "noise_cost": 31.62992987082916, "n_waypoints_completed": 4, "tot_waypoints": 9}}
{"target": -1099.4253489681576, "params": {"k_pid_pos": [0.07677551358938217, 0.01009860634803772, 0.026145339012145996], "k_pid_alt": [0.08718788623809814, 1.0, 0.9604237079620361], "k_pid_att": [100.0, 9.969123840332031, 0.988601803779602], "k_pid_yaw": [0.5, 1e-06, 0.1], "k_pid_hsp": [9.278461456298828, 0.9973154664039612, 0.07431977987289429], "k_pid_vsp": [400.0, 395.7543640136719, 6.410349369049072]}, "datetime": {"datetime": "2025-08-13 20:42:31", "elapsed": 39279.40929913521, "delta": 29.466408014297485}, "costs": {"total_cost": 1099.4253489681576, "time_cost": 150, "final_distance_cost": 68.71260729341566, "oscillation_cost": 82.90349182328106, "completition_cost": 666.6666666666667, "overshoot_cost": 72.09632733363807, "power_cost": 30.02645437011719, "noise_cost": 29.019801481038904, "n_waypoints_completed": 3, "tot_waypoints": 9}}
{"target": -308.0819122344456, "params": {"k_pid_pos": [0.20430448651313782, 0.05340728163719177, 0.004869222640991211], "k_pid_alt": [1.999999761581421, 1.0, 0.8461362719535828], "k_pid_att": [100.0, 9.999999747378752e-05, 0.9957612156867981], "k_pid_yaw": [0.5, 1e-06, 0.1], "k_pid_hsp": [9.927180290222168, 0.9939581155776978, 0.008206099271774292], "k_pid_vsp": [400.0, 357.3681945800781, 15.1155366897583]}, "datetime": {"datetime": "2025-08-13 20:42:58", "elapsed": 39306.808250665665, "delta": 27.398951530456543}, "costs": {"total_cost": 308.0819122344456, "time_cost": 112.014, "final_distance_cost": 1.8271925474121278, "oscillation_cost": 83.25035162587605, "completition_cost": 0.0, "overshoot_cost": 60.70693451804576, "power_cost": 22.783775708007813, "noise_cost": 27.49965783510385, "n_waypoints_completed": 9, "tot_waypoints": 9}}
{"target": -951.3766270897627, "params": {"k_pid_pos": [0.10910703241825104, 0.035363465547561646, 0.006305038928985596], "k_pid_alt": [0.0, 0.9999999403953552, 0.9896432161331177], "k_pid_att": [99.8537368774414, 0.00011132476356578991, 0.9461615681648254], "k_pid_yaw": [0.5, 1e-06, 0.1], "k_pid_hsp": [9.936595916748047, 0.9888200163841248, 0.023063957691192627], "k_pid_vsp": [400.0, 386.87548828125, 3.5307297706604004]}, "datetime": {"datetime": "2025-08-13 20:43:28", "elapsed": 39336.74789476395, "delta": 29.93964409828186}, "costs": {"total_cost": 951.3766270897627, "time_cost": 150, "final_distance_cost": 45.41797315893558, "oscillation_cost": 61.77331416332632, "completition_cost": 555.5555555555555, "overshoot_cost": 72.32668785472376, "power_cost": 31.580947595214845, "noise_cost": 34.72214876200656, "n_waypoints_completed": 4, "tot_waypoints": 9}}
{"target": -1098.547838586237, "params": {"k_pid_pos": [0.08568668365478516, 0.027355849742889404, 0.012621462345123291], "k_pid_alt": [2.980232238769531e-07, 1.0, 0.9803421497344971], "k_pid_att": [100.0, 9.999999747378752e-05, 0.9964916706085205], "k_pid_yaw": [0.5, 1e-06, 0.1], "k_pid_hsp": [9.79322624206543, 0.9686038494110107, 0.07495677471160889], "k_pid_vsp": [399.9578552246094, 397.7690124511719, 11.207509994506836]}, "datetime": {"datetime": "2025-08-13 20:43:59", "elapsed": 39367.97947406769, "delta": 31.231579303741455}, "costs": {"total_cost": 1098.547838586237, "time_cost": 150, "final_distance_cost": 51.525175564673205, "oscillation_cost": 93.64344537245549, "completition_cost": 666.6666666666667, "overshoot_cost": 70.71824608313462, "power_cost": 34.19369744873047, "noise_cost": 31.800607450576486, "n_waypoints_completed": 3, "tot_waypoints": 9}}
{"target": -1276.6037030187786, "params": {"k_pid_pos": [0.014017227105796337, 0.0075765252113342285, 0.027807950973510742], "k_pid_alt": [0.0, 1.0, 0.9789336323738098], "k_pid_att": [100.0, 9.999999747378752e-05, 0.9783591628074646], "k_pid_yaw": [0.5, 1e-06, 0.1], "k_pid_hsp": [9.96799373626709, 0.9641944169998169, 0.024439245462417603], "k_pid_vsp": [400.0, 385.3680114746094, 2.4865756034851074]}, "datetime": {"datetime": "2025-08-13 20:44:29", "elapsed": 39397.64855885506, "delta": 29.669084787368774}, "costs": {"total_cost": 1276.6037030187786, "time_cost": 150, "final_distance_cost": 56.02412126432861, "oscillation_cost": 43.90564321340714, "completition_cost": 888.8888888888888, "overshoot_cost": 85.6330026554386, "power_cost": 23.011377673339844, "noise_cost": 29.140669323375572, "n_waypoints_completed": 1, "tot_waypoints": 9}}
{"target": -921.3529434479503, "params": {"k_pid_pos": [0.12739044427871704, 0.021455764770507812, 0.017794936895370483], "k_pid_alt": [0.0, 1.0, 0.9844850897789001], "k_pid_att": [100.0, 9.999999747378752e-05, 0.9736837148666382], "k_pid_yaw": [0.5, 1e-06, 0.1], "k_pid_hsp": [8.765745162963867, 0.7647925615310669, 0.0029053688049316406], "k_pid_vsp": [400.0, 391.156494140625, 209.2135467529297]}, "datetime": {"datetime": "2025-08-13 20:44:59", "elapsed": 39427.136947631836, "delta": 29.488388776779175}, "costs": {"total_cost": 921.3529434479503, "time_cost": 150, "final_distance_cost": 39.28466622065693, "oscillation_cost": 53.96342063153861, "completition_cost": 555.5555555555555, "overshoot_cost": 71.1625128534418, "power_cost": 24.56269295654297, "noise_cost": 26.82409523021455, "n_waypoints_completed": 4, "tot_waypoints": 9}}
{"target": -999.9644685276035, "params": {"k_pid_pos": [0.14166826009750366, 0.014654099941253662, 0.0986027717590332], "k_pid_alt": [0.0, 1.0, 0.9821529984474182], "k_pid_att": [100.0, 9.999999747378752e-05, 0.9811244010925293], "k_pid_yaw": [0.5, 1e-06, 0.1], "k_pid_hsp": [9.777875900268555, 0.9986188411712646, 0.027826368808746338], "k_pid_vsp": [400.0, 351.7085266113281, 38.762115478515625]}, "datetime": {"datetime": "2025-08-13 20:45:28", "elapsed": 39456.831239938736, "delta": 29.694292306900024}, "costs": {"total_cost": 999.9644685276035, "time_cost": 150, "final_distance_cost": 45.885156501105534, "oscillation_cost": 121.62977076852695, "completition_cost": 555.5555555555555, "overshoot_cost": 70.55097491590185, "power_cost": 27.716528942871093, "noise_cost": 28.626481843642484, "n_waypoints_completed": 4, "tot_waypoints": 9}}
{"target": -1237.351207613758, "params": {"k_pid_pos": [0.03848228231072426, 0.05072411894798279, 0.18181699514389038], "k_pid_alt": [0.0, 1.0, 0.9706964492797852], "k_pid_att": [100.0, 9.999999747378752e-05, 0.9586406946182251], "k_pid_yaw": [0.5, 1e-06, 0.1], "k_pid_hsp": [9.700382232666016, 0.9932225942611694, 0.02718442678451538], "k_pid_vsp": [399.995361328125, 398.0276184082031, 13.557363510131836]}, "datetime": {"datetime": "2025-08-13 20:45:57", "elapsed": 39486.02180314064, "delta": 29.190563201904297}, "costs": {"total_cost": 1237.351207613758, "time_cost": 150, "final_distance_cost": 91.25238457129291, "oscillation_cost": 83.2679907752632, "completition_cost": 777.7777777777778, "overshoot_cost": 78.15082935170355, "power_cost": 28.886664892578125, "noise_cost": 28.015560245142407, "n_waypoints_completed": 2, "tot_waypoints": 9}}
{"target": -1038.5346090072726, "params": {"k_pid_pos": [0.21438181400299072, 0.14831465482711792, 0.009534209966659546], "k_pid_alt": [0.0, 0.9999999403953552, 0.9815844893455505], "k_pid_att": [100.0, 9.981473922729492, 0.9864555597305298], "k_pid_yaw": [0.5, 1e-06, 0.1], "k_pid_hsp": [9.933706283569336, 0.9532881379127502, 0.05380964279174805], "k_pid_vsp": [399.9908447265625, 386.3336181640625, 1.6278634071350098]}, "datetime": {"datetime": "2025-08-13 20:46:27", "elapsed": 39515.21530294418, "delta": 29.19349980354309}, "costs": {"total_cost": 1038.5346090072726, "time_cost": 150, "final_distance_cost": 47.190661785985114, "oscillation_cost": 267.61967551572894, "completition_cost": 444.4444444444444, "overshoot_cost": 60.99500313545811, "power_cost": 34.78697716064453, "noise_cost": 33.4978469650115, "n_waypoints_completed": 5, "tot_waypoints": 9}}
{"target": -1071.139812225315, "params": {"k_pid_pos": [0.10722493380308151, 0.02353152632713318, 0.01296311616897583], "k_pid_alt": [0.0, 1.0, 0.9106773138046265], "k_pid_att": [100.0, 0.00010029802069766447, 0.9895658493041992], "k_pid_yaw": [0.5, 1e-06, 0.1], "k_pid_hsp": [9.903458595275879, 0.9908203482627869, 0.04343041777610779], "k_pid_vsp": [400.0, 396.02557373046875, 42.0609245300293]}, "datetime": {"datetime": "2025-08-13 20:46:57", "elapsed": 39545.23064136505, "delta": 30.01533842086792}, "costs": {"total_cost": 1071.139812225315, "time_cost": 150, "final_distance_cost": 44.553551867511054, "oscillation_cost": 188.89362837077417, "completition_cost": 555.5555555555555, "overshoot_cost": 73.92219772346138, "power_cost": 29.579926171875, "noise_cost": 28.63495253613774, "n_waypoints_completed": 4, "tot_waypoints": 9}}
{"target": -1190.7960497818706, "params": {"k_pid_pos": [0.0415421724319458, 0.03135722875595093, 0.03473857045173645], "k_pid_alt": [0.0, 0.9999982118606567, 0.955772876739502], "k_pid_att": [100.0, 7.753387451171875, 0.9479514956474304], "k_pid_yaw": [0.5, 1e-06, 0.1], "k_pid_hsp": [9.879350662231445, 0.9614129066467285, 0.003297775983810425], "k_pid_vsp": [16.547441482543945, 397.079833984375, 13.204062461853027]}, "datetime": {"datetime": "2025-08-13 20:47:28", "elapsed": 39576.434802770615, "delta": 31.204161405563354}, "costs": {"total_cost": 1190.7960497818706, "time_cost": 150, "final_distance_cost": 80.75797501338623, "oscillation_cost": 50.98430219375921, "completition_cost": 777.7777777777778, "overshoot_cost": 75.19783118290528, "power_cost": 29.718598559570314, "noise_cost": 26.359565054471677, "n_waypoints_completed": 2, "tot_waypoints": 9}}
{"target": -1828.8123518296015, "params": {"k_pid_pos": [0.041008736938238144, 0.027975142002105713, 0.14644092321395874], "k_pid_alt": [0.0, 0.9998148679733276, 0.9943806529045105], "k_pid_att": [99.99993896484375, 9.999999747378752e-05, 0.9873543977737427], "k_pid_yaw": [0.5, 1e-06, 0.1], "k_pid_hsp": [9.138331413269043, 0.9704387187957764, 0.06618869304656982], "k_pid_vsp": [400.0, 392.33807373046875, 24.7144718170166]}, "datetime": {"datetime": "2025-08-13 20:48:08", "elapsed": 39616.80247044563, "delta": 40.36766767501831}, "costs": {"total_cost": 1828.8123518296015, "time_cost": 150, "final_distance_cost": 87.45913750725488, "oscillation_cost": 675.8936084254839, "completition_cost": 777.7777777777778, "overshoot_cost": 81.4591710475816, "power_cost": 30.36369873046875, "noise_cost": 25.85895834103456, "n_waypoints_completed": 2, "tot_waypoints": 9}}
{"target": -541.638188238065, "params": {"k_pid_pos": [0.2830016613006592, 0.17201289534568787, 0.0540221631526947], "k_pid_alt": [0.0, 1.0, 0.8705005645751953], "k_pid_att": [100.0, 0.03773936256766319, 0.9773894548416138], "k_pid_yaw": [0.5, 1e-06, 0.1], "k_pid_hsp": [9.95769214630127, 0.9969011545181274, 0.004896938800811768], "k_pid_vsp": [399.8885192871094, 388.15911865234375, 9.492898941040039]}, "datetime": {"datetime": "2025-08-13 20:48:38", "elapsed": 39646.46224784851, "delta": 29.659777402877808}, "costs": {"total_cost": 541.638188238065, "time_cost": 150, "final_distance_cost": 51.18048269329403, "oscillation_cost": 101.26504940483929, "completition_cost": 111.11111111111116, "overshoot_cost": 67.30032201328855, "power_cost": 29.422658105468752, "noise_cost": 31.358564910063265, "n_waypoints_completed": 8, "tot_waypoints": 9}}
{"target": -751.708640176302, "params": {"k_pid_pos": [0.20007836818695068, 0.022930949926376343, 0.0021065473556518555], "k_pid_alt": [0.0, 1.0, 0.9903329014778137], "k_pid_att": [100.0, 9.999999747378752e-05, 0.9575161933898926], "k_pid_yaw": [0.5, 1e-06, 0.1], "k_pid_hsp": [9.948723793029785, 0.9852499961853027, 0.02399858832359314], "k_pid_vsp": [360.0946350097656, 395.58984375, 16.275550842285156]}, "datetime": {"datetime": "2025-08-13 20:49:07", "elapsed": 39675.35744547844, "delta": 28.89519762992859}, "costs": {"total_cost": 751.708640176302, "time_cost": 150, "final_distance_cost": 61.26017373626197, "oscillation_cost": 71.74852111776059, "completition_cost": 333.33333333333337, "overshoot_cost": 66.5146350992975, "power_cost": 35.39502331542969, "noise_cost": 33.4569535742188, "n_waypoints_completed": 6, "tot_waypoints": 9}}
{"target": -1524.8004845202731, "params": {"k_pid_pos": [0.011380210518836975, 0.0826302170753479, 0.0734405517578125], "k_pid_alt": [0.25083494186401367, 1.0, 0.9889638423919678], "k_pid_att": [100.0, 9.999999747378752e-05, 0.9788131713867188], "k_pid_yaw": [0.5, 1e-06, 0.1], "k_pid_hsp": [9.277904510498047, 0.9942103624343872, 0.06095755100250244], "k_pid_vsp": [400.0, 398.324951171875, 16.928842544555664]}, "datetime": {"datetime": "2025-08-13 20:49:36", "elapsed": 39705.00047945976, "delta": 29.643033981323242}, "costs": {"total_cost": 1524.8004845202731, "time_cost": 150, "final_distance_cost": 65.23922478784242, "oscillation_cost": 312.0967347613277, "completition_cost": 888.8888888888888, "overshoot_cost": 54.48819580056863, "power_cost": 27.7756046875, "noise_cost": 26.311835594145723, "n_waypoints_completed": 1, "tot_waypoints": 9}}
{"target": -1183.8373719211572, "params": {"k_pid_pos": [0.03849289193749428, 0.01736089587211609, 0.08807575702667236], "k_pid_alt": [0.0, 1.0, 0.9402467608451843], "k_pid_att": [100.0, 0.00021920810104347765, 0.9221397638320923], "k_pid_yaw": [0.5, 1e-06, 0.1], "k_pid_hsp": [9.471400260925293, 0.9866292476654053, 0.006852507591247559], "k_pid_vsp": [399.8971862792969, 389.0508728027344, 10.131956100463867]}, "datetime": {"datetime": "2025-08-13 20:50:06", "elapsed": 39735.0109205246, "delta": 30.010441064834595}, "costs": {"total_cost": 1183.8373719211572, "time_cost": 150, "final_distance_cost": 83.23475720129385, "oscillation_cost": 49.88829305184903, "completition_cost": 777.7777777777778, "overshoot_cost": 71.72304830787509, "power_cost": 23.50456798095703, "noise_cost": 27.708927601404103, "n_waypoints_completed": 2, "tot_waypoints": 9}}
{"target": -1298.2896961922318, "params": {"k_pid_pos": [0.024274256080389023, 0.010774999856948853, 0.019017904996871948], "k_pid_alt": [0.0, 0.9999998807907104, 0.9909490346908569], "k_pid_att": [100.0, 9.999999747378752e-05, 0.9152425527572632], "k_pid_yaw": [0.5, 1e-06, 0.1], "k_pid_hsp": [9.326669692993164, 0.9624652862548828, 0.039635419845581055], "k_pid_vsp": [400.0, 398.6026611328125, 0.8458743691444397]}, "datetime": {"datetime": "2025-08-13 20:50:36", "elapsed": 39764.247054338455, "delta": 29.236133813858032}, "costs": {"total_cost": 1298.2896961922318, "time_cost": 150, "final_distance_cost": 69.35433898321143, "oscillation_cost": 50.48915039442062, "completition_cost": 888.8888888888888, "overshoot_cost": 73.47044082520996, "power_cost": 33.27425301513672, "noise_cost": 32.812624085364256, "n_waypoints_completed": 1, "tot_waypoints": 9}}
{"target": -1136.8467087018419, "params": {"k_pid_pos": [0.07051501423120499, 0.02117779850959778, 0.008593738079071045], "k_pid_alt": [1.8755515813827515, 1.0, 0.9648786783218384], "k_pid_att": [100.0, 0.007644680328667164, 0.948584794998169], "k_pid_yaw": [0.5, 1e-06, 0.1], "k_pid_hsp": [9.170998573303223, 0.9842891693115234, 0.04504132270812988], "k_pid_vsp": [400.0, 365.27667236328125, 3.5041580200195312]}, "datetime": {"datetime": "2025-08-13 20:51:06", "elapsed": 39794.48560285568, "delta": 30.238548517227173}, "costs": {"total_cost": 1136.8467087018419, "time_cost": 150, "final_distance_cost": 54.33064975496611, "oscillation_cost": 148.21485099488072, "completition_cost": 666.6666666666667, "overshoot_cost": 66.75992294397274, "power_cost": 22.470492834472658, "noise_cost": 28.40412550688286, "n_waypoints_completed": 3, "tot_waypoints": 9}}
{"target": -330.1732261346056, "params": {"k_pid_pos": [0.28861114382743835, 0.038799405097961426, 0.02311381697654724], "k_pid_alt": [0.0, 1.0, 0.7980663180351257], "k_pid_att": [100.0, 9.999999747378752e-05, 0.9741959571838379], "k_pid_yaw": [0.5, 1e-06, 0.1], "k_pid_hsp": [9.276268005371094, 0.9720922708511353, 0.007919609546661377], "k_pid_vsp": [399.9999694824219, 384.5859375, 6.642092227935791]}, "datetime": {"datetime": "2025-08-13 20:51:33", "elapsed": 39821.64144206047, "delta": 27.155839204788208}, "costs": {"total_cost": 330.1732261346056, "time_cost": 114.59, "final_distance_cost": 1.8299570675886518, "oscillation_cost": 90.19149801212563, "completition_cost": 0.0, "overshoot_cost": 67.3277130647904, "power_cost": 24.812382556152343, "noise_cost": 31.42167543394858, "n_waypoints_completed": 9, "tot_waypoints": 9}}
