{"target": -1241.846456829229, "params": {"k_pid_pos": [0.008317996747791767, 0.004005998373031616, 0.03765130043029785], "k_pid_alt": [7.152557373046875e-07, 1.0, 0.9864094257354736], "k_pid_att": [100.0, 9.999999747378752e-05, 0.9571398496627808], "k_pid_yaw": [0.5, 1e-06, 0.1], "k_pid_hsp": [9.802755355834961, 0.9841498136520386, 0.009285956621170044], "k_pid_vsp": [399.7552185058594, 313.3872375488281, 39.71257019042969]}, "datetime": {"datetime": "2025-08-14 02:31:37", "elapsed": 60225.35947728157, "delta": 27.875583171844482}, "costs": {"total_cost": 1241.846456829229, "time_cost": 150, "final_distance_cost": 48.59756336075328, "oscillation_cost": 38.657727478403935, "completition_cost": 888.8888888888888, "overshoot_cost": 61.84165020103508, "power_cost": 26.681681909179687, "noise_cost": 27.178944990968457, "n_waypoints_completed": 1, "tot_waypoints": 9}}
{"target": -1299.9870858690992, "params": {"k_pid_pos": [0.034667596220970154, 0.009685903787612915, 0.08724591135978699], "k_pid_alt": [0.0, 1.0, 0.9538530111312866], "k_pid_att": [100.0, 9.999999747378752e-05, 0.9888263940811157], "k_pid_yaw": [0.5, 1e-06, 0.1], "k_pid_hsp": [9.923513412475586, 0.994417667388916, 0.04601067304611206], "k_pid_vsp": [400.0, 390.1939392089844, 1.6758809089660645]}, "datetime": {"datetime": "2025-08-14 02:32:07", "elapsed": 60255.11234140396, "delta": 29.752864122390747}, "costs": {"total_cost": 1299.9870858690992, "time_cost": 150, "final_distance_cost": 72.09186961448724, "oscillation_cost": 55.69166470148404, "completition_cost": 888.8888888888888, "overshoot_cost": 66.5774263559605, "power_cost": 33.99828112792969, "noise_cost": 32.73895518034906, "n_waypoints_completed": 1, "tot_waypoints": 9}}
{"target": -1181.988403939312, "params": {"k_pid_pos": [0.013327397406101227, 0.05741071701049805, 0.010527312755584717], "k_pid_alt": [0.0, 1.0, 0.9956489205360413], "k_pid_att": [100.0, 9.999999747378752e-05, 0.9892376661300659], "k_pid_yaw": [0.5, 1e-06, 0.1], "k_pid_hsp": [9.7969970703125, 0.9727317094802856, 0.013431787490844727], "k_pid_vsp": [399.9986877441406, 385.45843505859375, 3.266359329223633]}, "datetime": {"datetime": "2025-08-14 02:32:36", "elapsed": 60285.06450295448, "delta": 29.95216155052185}, "costs": {"total_cost": 1181.988403939312, "time_cost": 150, "final_distance_cost": 83.92846057782313, "oscillation_cost": 32.83543971285165, "completition_cost": 777.7777777777778, "overshoot_cost": 82.65400377958369, "power_cost": 23.995307739257814, "noise_cost": 30.797414352017665, "n_waypoints_completed": 2, "tot_waypoints": 9}}
{"target": -1279.5858827924494, "params": {"k_pid_pos": [0.019129738211631775, 0.010557055473327637, 0.00303688645362854], "k_pid_alt": [0.0, 1.0, 0.9613519906997681], "k_pid_att": [100.0, 9.999999747378752e-05, 0.9939230680465698], "k_pid_yaw": [0.5, 1e-06, 0.1], "k_pid_hsp": [9.953434944152832, 0.9539918899536133, 0.029254406690597534], "k_pid_vsp": [400.0, 397.3833923339844, 1.650012493133545]}, "datetime": {"datetime": "2025-08-14 02:33:05", "elapsed": 60313.76035499573, "delta": 28.695852041244507}, "costs": {"total_cost": 1279.5858827924494, "time_cost": 150, "final_distance_cost": 63.60987154353177, "oscillation_cost": 37.811567291306254, "completition_cost": 888.8888888888888, "overshoot_cost": 80.33381614303141, "power_cost": 27.59898555908203, "noise_cost": 31.342753366608946, "n_waypoints_completed": 1, "tot_waypoints": 9}}
{"target": -1285.0827602556801, "params": {"k_pid_pos": [0.012765413150191307, 0.01791977882385254, 0.027636170387268066], "k_pid_alt": [0.0, 1.0, 0.9934806823730469], "k_pid_att": [100.0, 9.999999747378752e-05, 0.9984882473945618], "k_pid_yaw": [0.5, 1e-06, 0.1], "k_pid_hsp": [9.851532936096191, 0.9136213660240173, 0.014012068510055542], "k_pid_vsp": [400.0, 396.0364990234375, 2.683354377746582]}, "datetime": {"datetime": "2025-08-14 02:33:33", "elapsed": 60341.938215494156, "delta": 28.177860498428345}, "costs": {"total_cost": 1285.0827602556801, "time_cost": 150, "final_distance_cost": 61.67137693756188, "oscillation_cost": 32.248197880269885, "completition_cost": 888.8888888888888, "overshoot_cost": 91.98610940080829, "power_cost": 28.223115625000002, "noise_cost": 32.06507152315115, "n_waypoints_completed": 1, "tot_waypoints": 9}}
{"target": -1218.8328413666727, "params": {"k_pid_pos": [0.0165668074041605, 0.05634996294975281, 0.011227041482925415], "k_pid_alt": [0.0, 1.0, 0.9928472638130188], "k_pid_att": [99.99996185302734, 9.999999747378752e-05, 0.9681590795516968], "k_pid_yaw": [0.5, 1e-06, 0.1], "k_pid_hsp": [9.549824714660645, 0.9892449378967285, 0.036033958196640015], "k_pid_vsp": [400.0, 397.1563415527344, 12.074889183044434]}, "datetime": {"datetime": "2025-08-14 02:34:03", "elapsed": 60371.97709608078, "delta": 30.038880586624146}, "costs": {"total_cost": 1218.8328413666727, "time_cost": 150, "final_distance_cost": 78.4334103531662, "oscillation_cost": 60.40760952031328, "completition_cost": 777.7777777777778, "overshoot_cost": 96.17534574813213, "power_cost": 27.509721704101565, "noise_cost": 28.52897626318164, "n_waypoints_completed": 2, "tot_waypoints": 9}}
{"target": -1276.826505909749, "params": {"k_pid_pos": [0.012223872356116772, 0.015570402145385742, 0.022942006587982178], "k_pid_alt": [0.0, 1.0, 0.9583913087844849], "k_pid_att": [100.0, 0.0017060310347005725, 0.9677677750587463], "k_pid_yaw": [0.5, 1e-06, 0.1], "k_pid_hsp": [9.973918914794922, 0.9895957708358765, 0.012087136507034302], "k_pid_vsp": [400.0, 395.0973205566406, 20.001436233520508]}, "datetime": {"datetime": "2025-08-14 02:34:33", "elapsed": 60401.97992062569, "delta": 30.002824544906616}, "costs": {"total_cost": 1276.826505909749, "time_cost": 150, "final_distance_cost": 58.30078802208381, "oscillation_cost": 36.97741364584942, "completition_cost": 888.8888888888888, "overshoot_cost": 91.15289210944607, "power_cost": 24.44439938964844, "noise_cost": 27.062123853832144, "n_waypoints_completed": 1, "tot_waypoints": 9}}
{"target": -384.5943612561842, "params": {"k_pid_pos": [0.6708983778953552, 0.011946946382522583, 0.014942705631256104], "k_pid_alt": [1.5676021575927734e-05, 0.9999974966049194, 0.9728599190711975], "k_pid_att": [99.99848175048828, 9.999999747378752e-05, 0.9658403992652893], "k_pid_yaw": [0.5, 1e-06, 0.1], "k_pid_hsp": [9.831847190856934, 0.9468591213226318, 0.025338798761367798], "k_pid_vsp": [400.0, 395.2520751953125, 1.2629995346069336]}, "datetime": {"datetime": "2025-08-14 02:34:58", "elapsed": 60426.904950618744, "delta": 24.92502999305725}, "costs": {"total_cost": 384.5943612561842, "time_cost": 105.86800000000001, "final_distance_cost": 1.8142146520818523, "oscillation_cost": 158.75393971618698, "completition_cost": 0.0, "overshoot_cost": 65.28689743343678, "power_cost": 24.656423107910157, "noise_cost": 28.214886346568434, "n_waypoints_completed": 9, "tot_waypoints": 9}}
{"target": -1309.3851778275555, "params": {"k_pid_pos": [0.05909861624240875, 0.017015665769577026, 0.008054465055465698], "k_pid_alt": [0.0, 1.0, 0.9889978766441345], "k_pid_att": [100.0, 9.999999747378752e-05, 0.9914835691452026], "k_pid_yaw": [0.5, 1e-06, 0.1], "k_pid_hsp": [9.620497703552246, 0.9954826831817627, 0.041393935680389404], "k_pid_vsp": [398.1164245605469, 390.3993225097656, 1.798952579498291]}, "datetime": {"datetime": "2025-08-14 02:35:29", "elapsed": 60457.20052552223, "delta": 30.29557490348816}, "costs": {"total_cost": 1309.3851778275555, "time_cost": 150, "final_distance_cost": 96.68633691599318, "oscillation_cost": 169.0504139468783, "completition_cost": 777.7777777777778, "overshoot_cost": 67.02600030585337, "power_cost": 21.65421746826172, "noise_cost": 27.19043141279095, "n_waypoints_completed": 2, "tot_waypoints": 9}}
{"target": -1283.5434283766913, "params": {"k_pid_pos": [0.008341002278029919, 0.027867883443832397, 0.033031463623046875], "k_pid_alt": [0.0, 1.0, 0.9441647529602051], "k_pid_att": [100.0, 9.999999747378752e-05, 0.9889365434646606], "k_pid_yaw": [0.5, 1e-06, 0.1], "k_pid_hsp": [9.892984390258789, 0.9489988088607788, 0.019923508167266846], "k_pid_vsp": [399.9996643066406, 351.6542053222656, 15.543938636779785]}, "datetime": {"datetime": "2025-08-14 02:35:59", "elapsed": 60487.78888773918, "delta": 30.588362216949463}, "costs": {"total_cost": 1283.5434283766913, "time_cost": 150, "final_distance_cost": 58.4046369834884, "oscillation_cost": 40.554705398041435, "completition_cost": 888.8888888888888, "overshoot_cost": 94.92580563336749, "power_cost": 23.190512268066406, "noise_cost": 27.578879204838902, "n_waypoints_completed": 1, "tot_waypoints": 9}}
{"target": -1191.0917101750347, "params": {"k_pid_pos": [0.04058627784252167, 0.023131608963012695, 0.02355104684829712], "k_pid_alt": [0.0, 1.0, 0.9934425950050354], "k_pid_att": [100.0, 9.999999747378752e-05, 0.9826164245605469], "k_pid_yaw": [0.5, 1e-06, 0.1], "k_pid_hsp": [9.890259742736816, 0.9005270004272461, 0.027083992958068848], "k_pid_vsp": [399.99957275390625, 399.27667236328125, 2.4725208282470703]}, "datetime": {"datetime": "2025-08-14 02:36:28", "elapsed": 60516.8519179821, "delta": 29.063030242919922}, "costs": {"total_cost": 1191.0917101750347, "time_cost": 150, "final_distance_cost": 84.6539448499141, "oscillation_cost": 36.64948378158104, "completition_cost": 777.7777777777778, "overshoot_cost": 78.64333949049144, "power_cost": 30.890858117675783, "noise_cost": 32.47630615759448, "n_waypoints_completed": 2, "tot_waypoints": 9}}
{"target": -1139.7527690129023, "params": {"k_pid_pos": [0.10832726955413818, 0.023130089044570923, 0.04143872857093811], "k_pid_alt": [0.0, 1.0, 0.9908972978591919], "k_pid_att": [100.0, 9.999999747378752e-05, 0.9797477722167969], "k_pid_yaw": [0.5, 1e-06, 0.1], "k_pid_hsp": [9.674752235412598, 0.9927376508712769, 0.05414015054702759], "k_pid_vsp": [400.0, 396.93359375, 1.5802512168884277]}, "datetime": {"datetime": "2025-08-14 02:36:56", "elapsed": 60545.10219788551, "delta": 28.250279903411865}, "costs": {"total_cost": 1139.7527690129023, "time_cost": 150, "final_distance_cost": 55.898372679756655, "oscillation_cost": 234.1472740598579, "completition_cost": 555.5555555555555, "overshoot_cost": 75.0316913847299, "power_cost": 34.85625626220703, "noise_cost": 34.26361907079518, "n_waypoints_completed": 4, "tot_waypoints": 9}}
{"target": -1201.6519968418058, "params": {"k_pid_pos": [0.035178977996110916, 0.01997104287147522, 0.018322885036468506], "k_pid_alt": [0.0, 1.0, 0.9910845756530762], "k_pid_att": [100.0, 9.999999747378752e-05, 0.9985643029212952], "k_pid_yaw": [0.5, 1e-06, 0.1], "k_pid_hsp": [9.31162166595459, 0.9908844232559204, 0.010375797748565674], "k_pid_vsp": [400.0, 395.9353332519531, 10.574067115783691]}, "datetime": {"datetime": "2025-08-14 02:37:26", "elapsed": 60574.27376627922, "delta": 29.171568393707275}, "costs": {"total_cost": 1201.6519968418058, "time_cost": 150, "final_distance_cost": 90.90621768218959, "oscillation_cost": 37.99447380678441, "completition_cost": 777.7777777777778, "overshoot_cost": 82.13284448520406, "power_cost": 33.046119738769534, "noise_cost": 29.794563351080647, "n_waypoints_completed": 2, "tot_waypoints": 9}}
{"target": -1063.4584141163502, "params": {"k_pid_pos": [0.09348519891500473, 0.017523497343063354, 0.007056862115859985], "k_pid_alt": [0.0, 1.0, 0.9295448064804077], "k_pid_att": [99.99990844726562, 9.999999747378752e-05, 0.9714033603668213], "k_pid_yaw": [0.5, 1e-06, 0.1], "k_pid_hsp": [9.456298828125, 0.9940681457519531, 0.026753365993499756], "k_pid_vsp": [400.0, 389.7557373046875, 6.033755302429199]}, "datetime": {"datetime": "2025-08-14 02:37:54", "elapsed": 60602.84766602516, "delta": 28.573899745941162}, "costs": {"total_cost": 1063.4584141163502, "time_cost": 150, "final_distance_cost": 53.29188273322841, "oscillation_cost": 71.48379386146041, "completition_cost": 666.6666666666667, "overshoot_cost": 69.24284309080636, "power_cost": 22.197188122558593, "noise_cost": 30.576039641629876, "n_waypoints_completed": 3, "tot_waypoints": 9}}
{"target": -1176.1089929361074, "params": {"k_pid_pos": [0.033082012087106705, 0.017518728971481323, 0.01090085506439209], "k_pid_alt": [0.0, 1.0, 0.9985496997833252], "k_pid_att": [100.0, 9.999999747378752e-05, 0.9931425452232361], "k_pid_yaw": [0.5, 1e-06, 0.1], "k_pid_hsp": [9.9286470413208, 0.9918491840362549, 0.004143118858337402], "k_pid_vsp": [399.9703369140625, 393.2220153808594, 5.138040542602539]}, "datetime": {"datetime": "2025-08-14 02:38:24", "elapsed": 60632.66349005699, "delta": 29.815824031829834}, "costs": {"total_cost": 1176.1089929361074, "time_cost": 150, "final_distance_cost": 86.37744788612542, "oscillation_cost": 30.660304054144504, "completition_cost": 777.7777777777778, "overshoot_cost": 72.31147131742146, "power_cost": 26.983402880859376, "noise_cost": 31.99858901977871, "n_waypoints_completed": 2, "tot_waypoints": 9}}
{"target": -1211.0256280444792, "params": {"k_pid_pos": [0.01350894384086132, 0.061067432165145874, 0.023356229066848755], "k_pid_alt": [0.0, 1.0, 0.9840182065963745], "k_pid_att": [100.0, 9.999999747378752e-05, 0.9895201921463013], "k_pid_yaw": [0.5, 1e-06, 0.1], "k_pid_hsp": [9.9743070602417, 0.9838511943817139, 0.015600740909576416], "k_pid_vsp": [400.0, 387.6554870605469, 26.745500564575195]}, "datetime": {"datetime": "2025-08-14 02:38:54", "elapsed": 60662.169253349304, "delta": 29.505763292312622}, "costs": {"total_cost": 1211.0256280444792, "time_cost": 150, "final_distance_cost": 77.01857807091916, "oscillation_cost": 52.27954698349613, "completition_cost": 777.7777777777778, "overshoot_cost": 100.7147971971032, "power_cost": 25.911371801757813, "noise_cost": 27.3235562134248, "n_waypoints_completed": 2, "tot_waypoints": 9}}
{"target": -963.2498550149838, "params": {"k_pid_pos": [0.10155657678842545, 0.02126172184944153, 0.006037682294845581], "k_pid_alt": [0.0, 1.0, 0.9743926525115967], "k_pid_att": [100.0, 9.999999747378752e-05, 0.9625892639160156], "k_pid_yaw": [0.5, 1e-06, 0.1], "k_pid_hsp": [9.834756851196289, 0.9884968400001526, 0.014179825782775879], "k_pid_vsp": [400.0, 397.6468200683594, 7.131863594055176]}, "datetime": {"datetime": "2025-08-14 02:39:22", "elapsed": 60690.28647041321, "delta": 28.11721706390381}, "costs": {"total_cost": 963.2498550149838, "time_cost": 150, "final_distance_cost": 51.62141581810562, "oscillation_cost": 59.76770671376387, "completition_cost": 555.5555555555555, "overshoot_cost": 76.0318435170304, "power_cost": 36.05605653076172, "noise_cost": 34.21727687976674, "n_waypoints_completed": 4, "tot_waypoints": 9}}
{"target": -1056.442071480749, "params": {"k_pid_pos": [0.10830694437026978, 0.006458908319473267, 0.026079535484313965], "k_pid_alt": [0.0, 0.9999969005584717, 0.8525458574295044], "k_pid_att": [100.0, 9.999999747378752e-05, 0.995383620262146], "k_pid_yaw": [0.5, 1e-06, 0.1], "k_pid_hsp": [9.640726089477539, 0.9948904514312744, 0.02695903182029724], "k_pid_vsp": [399.7181396484375, 389.62310791015625, 10.895241737365723]}, "datetime": {"datetime": "2025-08-14 02:39:51", "elapsed": 60719.82945108414, "delta": 29.542980670928955}, "costs": {"total_cost": 1056.442071480749, "time_cost": 150, "final_distance_cost": 52.11748733119786, "oscillation_cost": 60.22473370072709, "completition_cost": 666.6666666666667, "overshoot_cost": 67.79455551212516, "power_cost": 28.695415661621094, "noise_cost": 30.94321260841125, "n_waypoints_completed": 3, "tot_waypoints": 9}}
{"target": -1367.2706564013433, "params": {"k_pid_pos": [0.01898621767759323, 0.08164229989051819, 0.020622849464416504], "k_pid_alt": [0.0, 1.0, 0.9954975247383118], "k_pid_att": [100.0, 9.999999747378752e-05, 0.9885197877883911], "k_pid_yaw": [0.5, 1e-06, 0.1], "k_pid_hsp": [9.70840835571289, 0.9714733362197876, 0.032591402530670166], "k_pid_vsp": [400.0, 399.21075439453125, 1.4072189331054688]}, "datetime": {"datetime": "2025-08-14 02:40:22", "elapsed": 60750.99174451828, "delta": 31.162293434143066}, "costs": {"total_cost": 1367.2706564013433, "time_cost": 150, "final_distance_cost": 93.40860756970173, "oscillation_cost": 200.37258233459937, "completition_cost": 777.7777777777778, "overshoot_cost": 85.8968852882267, "power_cost": 29.23891121826172, "noise_cost": 30.57589221277591, "n_waypoints_completed": 2, "tot_waypoints": 9}}
{"target": -1270.9798288086797, "params": {"k_pid_pos": [0.047734905034303665, 0.000790327787399292, 0.007517516613006592], "k_pid_alt": [0.0, 1.0, 0.9855794310569763], "k_pid_att": [100.0, 0.000101788122265134, 0.9872315526008606], "k_pid_yaw": [0.5, 1e-06, 0.1], "k_pid_hsp": [9.738813400268555, 0.9879969358444214, 0.021286457777023315], "k_pid_vsp": [400.0, 398.49542236328125, 8.437705993652344]}, "datetime": {"datetime": "2025-08-14 02:40:52", "elapsed": 60780.55940246582, "delta": 29.567657947540283}, "costs": {"total_cost": 1270.9798288086797, "time_cost": 150, "final_distance_cost": 69.6191513954454, "oscillation_cost": 42.32751613964044, "completition_cost": 888.8888888888888, "overshoot_cost": 58.310065991725864, "power_cost": 31.847408374023438, "noise_cost": 29.986798018955724, "n_waypoints_completed": 1, "tot_waypoints": 9}}
{"target": -1207.1592342634333, "params": {"k_pid_pos": [0.029214994981884956, 0.05796140432357788, 0.013690739870071411], "k_pid_alt": [0.0, 1.0, 0.9963394403457642], "k_pid_att": [100.0, 9.999999747378752e-05, 0.8151423931121826], "k_pid_yaw": [0.5, 1e-06, 0.1], "k_pid_hsp": [9.82778263092041, 0.9981412887573242, 0.004190802574157715], "k_pid_vsp": [400.0, 397.88006591796875, 5.3029069900512695]}, "datetime": {"datetime": "2025-08-14 02:41:21", "elapsed": 60809.53490757942, "delta": 28.975505113601685}, "costs": {"total_cost": 1207.1592342634333, "time_cost": 150, "final_distance_cost": 85.06539111459392, "oscillation_cost": 64.4144912852925, "completition_cost": 777.7777777777778, "overshoot_cost": 79.77444874983411, "power_cost": 20.126267138671874, "noise_cost": 30.000858197262893, "n_waypoints_completed": 2, "tot_waypoints": 9}}
{"target": -1181.8736027210334, "params": {"k_pid_pos": [0.0451815091073513, 0.005656182765960693, 0.030537724494934082], "k_pid_alt": [0.0, 1.0, 0.976238489151001], "k_pid_att": [100.0, 9.999999747378752e-05, 0.9905656576156616], "k_pid_yaw": [0.5, 1e-06, 0.1], "k_pid_hsp": [9.981188774108887, 0.990330696105957, 0.005809903144836426], "k_pid_vsp": [400.0, 392.8950500488281, 3.869284152984619]}, "datetime": {"datetime": "2025-08-14 02:41:51", "elapsed": 60839.42096447945, "delta": 29.886056900024414}, "costs": {"total_cost": 1181.8736027210334, "time_cost": 150, "final_distance_cost": 86.7500353992671, "oscillation_cost": 41.93595476389709, "completition_cost": 777.7777777777778, "overshoot_cost": 67.75730287926056, "power_cost": 25.951676196289064, "noise_cost": 31.70085570454181, "n_waypoints_completed": 2, "tot_waypoints": 9}}
{"target": -1079.8635231002147, "params": {"k_pid_pos": [0.05815339460968971, 0.028825819492340088, 0.006099730730056763], "k_pid_alt": [0.0, 1.0, 0.9733715057373047], "k_pid_att": [100.0, 9.999999747378752e-05, 0.9975699186325073], "k_pid_yaw": [0.5, 1e-06, 0.1], "k_pid_hsp": [9.918902397155762, 0.9871821403503418, 0.005360633134841919], "k_pid_vsp": [400.0, 388.3681640625, 2.370668411254883]}, "datetime": {"datetime": "2025-08-14 02:42:20", "elapsed": 60868.58698821068, "delta": 29.16602373123169}, "costs": {"total_cost": 1079.8635231002147, "time_cost": 150, "final_distance_cost": 79.42954032944309, "oscillation_cost": 49.55614744587998, "completition_cost": 666.6666666666667, "overshoot_cost": 72.66425704637145, "power_cost": 28.961976977539063, "noise_cost": 32.58493463431433, "n_waypoints_completed": 3, "tot_waypoints": 9}}
{"target": -1216.6698243668852, "params": {"k_pid_pos": [0.04729486256837845, 0.00845375657081604, 0.024208933115005493], "k_pid_alt": [0.0, 1.0, 0.8101280927658081], "k_pid_att": [100.0, 9.999999747378752e-05, 0.9702812433242798], "k_pid_yaw": [0.5, 1e-06, 0.1], "k_pid_hsp": [9.563006401062012, 0.9985105991363525, 0.026891350746154785], "k_pid_vsp": [400.0, 395.7308044433594, 3.3386001586914062]}, "datetime": {"datetime": "2025-08-14 02:42:50", "elapsed": 60898.769100666046, "delta": 30.182112455368042}, "costs": {"total_cost": 1216.6698243668852, "time_cost": 150, "final_distance_cost": 88.60310772995695, "oscillation_cost": 60.04804305596932, "completition_cost": 777.7777777777778, "overshoot_cost": 71.85935536564969, "power_cost": 34.81738902587891, "noise_cost": 33.56415141165254, "n_waypoints_completed": 2, "tot_waypoints": 9}}
{"target": -1231.8917515398075, "params": {"k_pid_pos": [0.031209684908390045, 0.009678006172180176, 0.0424787700176239], "k_pid_alt": [0.039017677307128906, 1.0, 0.9762417078018188], "k_pid_att": [100.0, 9.999999747378752e-05, 0.9953798651695251], "k_pid_yaw": [0.5, 1e-06, 0.1], "k_pid_hsp": [9.621882438659668, 0.9873912930488586, 0.0015599429607391357], "k_pid_vsp": [400.0, 396.15386962890625, 14.72934627532959]}, "datetime": {"datetime": "2025-08-14 02:43:18", "elapsed": 60926.758695840836, "delta": 27.98959517478943}, "costs": {"total_cost": 1231.8917515398075, "time_cost": 150, "final_distance_cost": 59.24259236197074, "oscillation_cost": 15.474428841138074, "completition_cost": 888.8888888888888, "overshoot_cost": 65.50909325366126, "power_cost": 26.141604541015628, "noise_cost": 26.63514365313305, "n_waypoints_completed": 1, "tot_waypoints": 9}}
