{"target": -1718.0172727004358, "params": {"k_pid_pos": [0.039501409977674484, 0.17376211285591125, 0.030667006969451904], "k_pid_alt": [1.993837594985962, 1.0, 0.9863978028297424], "k_pid_att": [100.0, 9.999999747378752e-05, 0.9833626747131348], "k_pid_yaw": [0.5, 1e-06, 0.1], "k_pid_hsp": [9.748997688293457, 0.9884743690490723, 0.28532856702804565], "k_pid_vsp": [400.0, 394.1636962890625, 6.1519036293029785]}, "datetime": {"datetime": "2025-08-13 23:34:05", "elapsed": 49573.378950834274, "delta": 29.010777235031128}, "costs": {"total_cost": 1718.0172727004358, "time_cost": 150, "final_distance_cost": 51.75233728248582, "oscillation_cost": 713.0713814693054, "completition_cost": 666.6666666666667, "overshoot_cost": 65.21154511747635, "power_cost": 38.22326942138672, "noise_cost": 33.092072743114876, "n_waypoints_completed": 3, "tot_waypoints": 9}}
{"target": -1045.338221610541, "params": {"k_pid_pos": [0.11148311197757721, 0.010858356952667236, 0.06429558992385864], "k_pid_alt": [5.960464477539063e-08, 1.0, 0.9750610589981079], "k_pid_att": [100.0, 9.999999747378752e-05, 0.9873718619346619], "k_pid_yaw": [0.5, 1e-06, 0.1], "k_pid_hsp": [9.95867919921875, 0.9722853302955627, 0.004015475511550903], "k_pid_vsp": [400.0, 396.44464111328125, 7.195628643035889]}, "datetime": {"datetime": "2025-08-13 23:34:36", "elapsed": 49605.055770397186, "delta": 31.676819562911987}, "costs": {"total_cost": 1045.338221610541, "time_cost": 150, "final_distance_cost": 52.50733017078331, "oscillation_cost": 52.472165096590224, "completition_cost": 666.6666666666667, "overshoot_cost": 67.49266280168966, "power_cost": 24.557654492187503, "noise_cost": 31.641742382623555, "n_waypoints_completed": 3, "tot_waypoints": 9}}
{"target": -1258.4140264961673, "params": {"k_pid_pos": [0.01604362390935421, 0.005696415901184082, 0.002602130174636841], "k_pid_alt": [1.5901825428009033, 0.9999991655349731, 0.9968852400779724], "k_pid_att": [100.0, 0.00010059603664558381, 0.9887480735778809], "k_pid_yaw": [0.5, 1e-06, 0.1], "k_pid_hsp": [9.85661792755127, 0.9720197319984436, 0.015995711088180542], "k_pid_vsp": [400.0, 366.1897888183594, 72.70651245117188]}, "datetime": {"datetime": "2025-08-13 23:35:07", "elapsed": 49635.92003965378, "delta": 30.864269256591797}, "costs": {"total_cost": 1258.4140264961673, "time_cost": 150, "final_distance_cost": 55.469754984745954, "oscillation_cost": 25.787888438459284, "completition_cost": 888.8888888888888, "overshoot_cost": 72.74107375793281, "power_cost": 34.85778377685547, "noise_cost": 30.668636649284963, "n_waypoints_completed": 1, "tot_waypoints": 9}}
{"target": -927.915106000482, "params": {"k_pid_pos": [0.15748582780361176, 0.0158064067363739, 0.01116076111793518], "k_pid_alt": [0.0, 1.0, 0.9883624315261841], "k_pid_att": [100.0, 9.999999747378752e-05, 0.991720974445343], "k_pid_yaw": [0.5, 1e-06, 0.1], "k_pid_hsp": [9.824122428894043, 0.9951767921447754, 0.026767849922180176], "k_pid_vsp": [400.0, 387.498046875, 5.998838901519775]}, "datetime": {"datetime": "2025-08-13 23:35:39", "elapsed": 49667.59356236458, "delta": 31.67352271080017}, "costs": {"total_cost": 927.915106000482, "time_cost": 150, "final_distance_cost": 55.38819270811483, "oscillation_cost": 155.95440641013127, "completition_cost": 444.4444444444444, "overshoot_cost": 65.98648621316627, "power_cost": 25.06252977294922, "noise_cost": 31.07904645167588, "n_waypoints_completed": 5, "tot_waypoints": 9}}
{"target": -970.7923220483705, "params": {"k_pid_pos": [0.10955249518156052, 0.016540884971618652, 0.004289507865905762], "k_pid_alt": [4.76837158203125e-07, 1.0, 0.9935190677642822], "k_pid_att": [100.0, 9.999999747378752e-05, 0.9097142815589905], "k_pid_yaw": [0.5, 1e-06, 0.1], "k_pid_hsp": [9.974233627319336, 0.986903965473175, 0.017822235822677612], "k_pid_vsp": [400.0, 395.8754577636719, 5.000425338745117]}, "datetime": {"datetime": "2025-08-13 23:36:09", "elapsed": 49697.91456770897, "delta": 30.32100534439087}, "costs": {"total_cost": 970.7923220483705, "time_cost": 150, "final_distance_cost": 53.53525542195451, "oscillation_cost": 88.26549833789203, "completition_cost": 555.5555555555555, "overshoot_cost": 70.6745327317215, "power_cost": 21.851310900878907, "noise_cost": 30.910169100367927, "n_waypoints_completed": 4, "tot_waypoints": 9}}
{"target": -830.3529579761833, "params": {"k_pid_pos": [0.19413703680038452, 0.008849918842315674, 0.038238465785980225], "k_pid_alt": [0.0, 1.0, 0.9973662495613098], "k_pid_att": [100.0, 9.999999747378752e-05, 0.9858930110931396], "k_pid_yaw": [0.5, 1e-06, 0.1], "k_pid_hsp": [9.934319496154785, 0.9328750967979431, 0.029660791158676147], "k_pid_vsp": [400.0, 398.408447265625, 11.426104545593262]}, "datetime": {"datetime": "2025-08-13 23:36:40", "elapsed": 49728.43663191795, "delta": 30.522064208984375}, "costs": {"total_cost": 830.3529579761833, "time_cost": 150, "final_distance_cost": 65.66873366745585, "oscillation_cost": 156.59308789406083, "completition_cost": 333.33333333333337, "overshoot_cost": 67.03753037707472, "power_cost": 27.46294273681641, "noise_cost": 30.257329967442047, "n_waypoints_completed": 6, "tot_waypoints": 9}}
{"target": -1282.6757461690474, "params": {"k_pid_pos": [0.028331639245152473, 0.11340749263763428, 0.007739037275314331], "k_pid_alt": [0.0, 1.0, 0.9900129437446594], "k_pid_att": [100.0, 9.999999747378752e-05, 0.9316988587379456], "k_pid_yaw": [0.5, 1e-06, 0.1], "k_pid_hsp": [9.709485054016113, 0.9623265266418457, 0.019436568021774292], "k_pid_vsp": [399.99993896484375, 398.33966064453125, 23.44430923461914]}, "datetime": {"datetime": "2025-08-13 23:37:10", "elapsed": 49758.22691035271, "delta": 29.790278434753418}, "costs": {"total_cost": 1282.6757461690474, "time_cost": 150, "final_distance_cost": 67.06056570575655, "oscillation_cost": 72.71402406161495, "completition_cost": 888.8888888888888, "overshoot_cost": 52.61328829451563, "power_cost": 24.649702648925782, "noise_cost": 26.749276569345746, "n_waypoints_completed": 1, "tot_waypoints": 9}}
{"target": -1282.4592525756643, "params": {"k_pid_pos": [0.027887964621186256, 0.04052537679672241, 0.012239456176757812], "k_pid_alt": [0.0, 1.0, 0.982291042804718], "k_pid_att": [100.0, 0.10657607764005661, 0.8366883993148804], "k_pid_yaw": [0.5, 1e-06, 0.1], "k_pid_hsp": [9.934365272521973, 0.971480131149292, 0.03681761026382446], "k_pid_vsp": [400.0, 397.759033203125, 4.462111949920654]}, "datetime": {"datetime": "2025-08-13 23:37:41", "elapsed": 49789.140395879745, "delta": 30.913485527038574}, "costs": {"total_cost": 1282.4592525756643, "time_cost": 150, "final_distance_cost": 86.3958247055174, "oscillation_cost": 124.1425115407933, "completition_cost": 777.7777777777778, "overshoot_cost": 82.73828794419707, "power_cost": 30.617949438476565, "noise_cost": 30.78690116890201, "n_waypoints_completed": 2, "tot_waypoints": 9}}
{"target": -1335.5600016342532, "params": {"k_pid_pos": [0.04055880382657051, 0.006550014019012451, 0.05887219309806824], "k_pid_alt": [0.0, 1.0, 0.9696992039680481], "k_pid_att": [100.0, 0.0051204487681388855, 0.9388938546180725], "k_pid_yaw": [0.5, 1e-06, 0.1], "k_pid_hsp": [9.65002155303955, 0.9903230667114258, 0.01751205325126648], "k_pid_vsp": [400.0, 386.97442626953125, 2.8751025199890137]}, "datetime": {"datetime": "2025-08-13 23:38:10", "elapsed": 49818.28022933006, "delta": 29.139833450317383}, "costs": {"total_cost": 1335.5600016342532, "time_cost": 150, "final_distance_cost": 65.27480553431042, "oscillation_cost": 119.7833986857434, "completition_cost": 888.8888888888888, "overshoot_cost": 61.036059348365356, "power_cost": 21.885618603515628, "noise_cost": 28.691230573429582, "n_waypoints_completed": 1, "tot_waypoints": 9}}
{"target": -1195.4198314495995, "params": {"k_pid_pos": [0.07596809417009354, 0.004748791456222534, 0.020721465349197388], "k_pid_alt": [0.0, 1.0, 0.904199481010437], "k_pid_att": [100.0, 9.999999747378752e-05, 0.9691674113273621], "k_pid_yaw": [0.5, 1e-06, 0.1], "k_pid_hsp": [9.590642929077148, 0.9956344962120056, 0.010901570320129395], "k_pid_vsp": [400.0, 367.0740966796875, 10.205925941467285]}, "datetime": {"datetime": "2025-08-13 23:38:39", "elapsed": 49847.83330273628, "delta": 29.553073406219482}, "costs": {"total_cost": 1195.4198314495995, "time_cost": 150, "final_distance_cost": 94.58123061656117, "oscillation_cost": 60.41765976674473, "completition_cost": 777.7777777777778, "overshoot_cost": 63.00086137489121, "power_cost": 21.950752197265626, "noise_cost": 27.691549716358857, "n_waypoints_completed": 2, "tot_waypoints": 9}}
{"target": -1237.4939225916057, "params": {"k_pid_pos": [0.09358181804418564, 0.08012548089027405, 0.018742531538009644], "k_pid_alt": [0.44271326065063477, 1.0, 0.9820008277893066], "k_pid_att": [99.80928802490234, 9.999999747378752e-05, 0.9906289577484131], "k_pid_yaw": [0.5, 1e-06, 0.1], "k_pid_hsp": [9.827319145202637, 0.9755921959877014, 0.03721970319747925], "k_pid_vsp": [399.97650146484375, 389.848388671875, 20.223596572875977]}, "datetime": {"datetime": "2025-08-13 23:39:11", "elapsed": 49879.49840760231, "delta": 31.665104866027832}, "costs": {"total_cost": 1237.4939225916057, "time_cost": 150, "final_distance_cost": 201.38416267004735, "oscillation_cost": 185.01257595200002, "completition_cost": 555.5555555555555, "overshoot_cost": 96.81930520227743, "power_cost": 21.843722717285157, "noise_cost": 26.87860049444021, "n_waypoints_completed": 4, "tot_waypoints": 9}}
{"target": -1183.3890994970861, "params": {"k_pid_pos": [0.03575127199292183, 0.02063673734664917, 0.010338813066482544], "k_pid_alt": [0.003354310989379883, 1.0, 0.9919061064720154], "k_pid_att": [100.0, 9.999999747378752e-05, 0.9932188987731934], "k_pid_yaw": [0.5, 1e-06, 0.1], "k_pid_hsp": [9.713337898254395, 0.9514902234077454, 0.004630416631698608], "k_pid_vsp": [400.0, 366.3923645019531, 2.767098903656006]}, "datetime": {"datetime": "2025-08-13 23:39:41", "elapsed": 49909.87779021263, "delta": 30.379382610321045}, "costs": {"total_cost": 1183.3890994970861, "time_cost": 150, "final_distance_cost": 89.02963889469665, "oscillation_cost": 28.506929635369683, "completition_cost": 777.7777777777778, "overshoot_cost": 80.95106649590501, "power_cost": 25.286894409179688, "noise_cost": 31.836792284157294, "n_waypoints_completed": 2, "tot_waypoints": 9}}
{"target": -1307.7779880156422, "params": {"k_pid_pos": [0.04253334552049637, 0.004346221685409546, 0.0018009841442108154], "k_pid_alt": [1.7881393432617188e-07, 1.0, 0.9822549819946289], "k_pid_att": [100.0, 9.999999747378752e-05, 0.9440077543258667], "k_pid_yaw": [0.5, 1e-06, 0.1], "k_pid_hsp": [9.950265884399414, 0.9641920328140259, 0.055002182722091675], "k_pid_vsp": [400.0, 390.29864501953125, 23.06110954284668]}, "datetime": {"datetime": "2025-08-13 23:40:13", "elapsed": 49941.74179291725, "delta": 31.86400270462036}, "costs": {"total_cost": 1307.7779880156422, "time_cost": 150, "final_distance_cost": 66.79356210975308, "oscillation_cost": 89.54905700732866, "completition_cost": 888.8888888888888, "overshoot_cost": 59.24710122204584, "power_cost": 27.26174539794922, "noise_cost": 26.037633389676532, "n_waypoints_completed": 1, "tot_waypoints": 9}}
{"target": -1155.3138665852805, "params": {"k_pid_pos": [0.047297246754169464, 0.050143659114837646, 0.0197066068649292], "k_pid_alt": [0.0062958598136901855, 0.0752156674861908, 0.9807975888252258], "k_pid_att": [100.0, 0.00010298020060872659, 0.9734325408935547], "k_pid_yaw": [0.5, 1e-06, 0.1], "k_pid_hsp": [9.930160522460938, 0.9574993848800659, 0.012110859155654907], "k_pid_vsp": [13.077795028686523, 395.60638427734375, 1.4118561744689941]}, "datetime": {"datetime": "2025-08-13 23:40:42", "elapsed": 49970.27633857727, "delta": 28.53454566001892}, "costs": {"total_cost": 1155.3138665852805, "time_cost": 150, "final_distance_cost": 80.65548657152608, "oscillation_cost": 19.568780423165876, "completition_cost": 777.7777777777778, "overshoot_cost": 66.6110468122612, "power_cost": 27.076625109863283, "noise_cost": 33.62414989068601, "n_waypoints_completed": 2, "tot_waypoints": 9}}
{"target": -1204.5348988586775, "params": {"k_pid_pos": [0.08040108531713486, 0.003788769245147705, 0.006709188222885132], "k_pid_alt": [0.002356410026550293, 1.0, 0.969003438949585], "k_pid_att": [100.0, 9.999999747378752e-05, 0.9865405559539795], "k_pid_yaw": [0.5, 1e-06, 0.1], "k_pid_hsp": [9.892379760742188, 0.9957886934280396, 0.01998630166053772], "k_pid_vsp": [399.99658203125, 394.2750549316406, 8.853972434997559]}, "datetime": {"datetime": "2025-08-13 23:41:13", "elapsed": 50001.96429204941, "delta": 31.68795347213745}, "costs": {"total_cost": 1204.5348988586775, "time_cost": 150, "final_distance_cost": 92.75949136099466, "oscillation_cost": 70.80460677721943, "completition_cost": 777.7777777777778, "overshoot_cost": 60.84568942166484, "power_cost": 23.361007666015627, "noise_cost": 28.98632585500501, "n_waypoints_completed": 2, "tot_waypoints": 9}}
{"target": -1603.5956725285191, "params": {"k_pid_pos": [0.13394209742546082, 0.07505035400390625, 0.1386115550994873], "k_pid_alt": [5.125999450683594e-06, 1.0, 0.9796476364135742], "k_pid_att": [100.0, 0.0018398420652374625, 0.9943192601203918], "k_pid_yaw": [0.5, 1e-06, 0.1], "k_pid_hsp": [9.836591720581055, 0.976712167263031, 0.23142731189727783], "k_pid_vsp": [400.0, 389.35205078125, 6.276656150817871]}, "datetime": {"datetime": "2025-08-13 23:41:44", "elapsed": 50032.395701646805, "delta": 30.43140959739685}, "costs": {"total_cost": 1603.5956725285191, "time_cost": 150, "final_distance_cost": 48.65925229584084, "oscillation_cost": 686.4730042959627, "completition_cost": 555.5555555555555, "overshoot_cost": 69.37103321746038, "power_cost": 41.641760546875005, "noise_cost": 51.89506661682458, "n_waypoints_completed": 4, "tot_waypoints": 9}}
{"target": -1179.3969566819408, "params": {"k_pid_pos": [0.07408831268548965, 0.003260195255279541, 0.01714882254600525], "k_pid_alt": [0.0, 1.0, 0.9624468684196472], "k_pid_att": [100.0, 9.999999747378752e-05, 0.9142154455184937], "k_pid_yaw": [0.5, 1e-06, 0.1], "k_pid_hsp": [9.92841911315918, 0.9829326272010803, 0.009863674640655518], "k_pid_vsp": [399.99993896484375, 367.89501953125, 5.513418674468994]}, "datetime": {"datetime": "2025-08-13 23:42:14", "elapsed": 50062.49177265167, "delta": 30.096071004867554}, "costs": {"total_cost": 1179.3969566819408, "time_cost": 150, "final_distance_cost": 83.29093640582165, "oscillation_cost": 49.96222330215692, "completition_cost": 777.7777777777778, "overshoot_cost": 63.295071789687626, "power_cost": 24.031582092285156, "noise_cost": 31.039365314211675, "n_waypoints_completed": 2, "tot_waypoints": 9}}
{"target": -1296.541144478563, "params": {"k_pid_pos": [0.040961530059576035, 0.0055999755859375, 0.022051692008972168], "k_pid_alt": [0.0, 1.0, 0.9953134655952454], "k_pid_att": [100.0, 9.999999747378752e-05, 0.9982045888900757], "k_pid_yaw": [0.5, 1e-06, 0.1], "k_pid_hsp": [8.923285484313965, 0.9431254863739014, 0.01004675030708313], "k_pid_vsp": [400.0, 396.0893249511719, 7.063807010650635]}, "datetime": {"datetime": "2025-08-13 23:42:45", "elapsed": 50093.2587954998, "delta": 30.767022848129272}, "costs": {"total_cost": 1296.541144478563, "time_cost": 150, "final_distance_cost": 61.99946167099811, "oscillation_cost": 34.86518708904503, "completition_cost": 888.8888888888888, "overshoot_cost": 76.2573953800783, "power_cost": 45.06680947265625, "noise_cost": 39.4634019768962, "n_waypoints_completed": 1, "tot_waypoints": 9}}
{"target": -1453.3227517777973, "params": {"k_pid_pos": [0.004298817832022905, 0.09093013405799866, 0.045318782329559326], "k_pid_alt": [0.0, 1.0, 0.9729558825492859], "k_pid_att": [100.0, 9.999999747378752e-05, 0.9915772676467896], "k_pid_yaw": [0.5, 1e-06, 0.1], "k_pid_hsp": [9.474340438842773, 0.972396731376648, 0.027542561292648315], "k_pid_vsp": [399.9997253417969, 397.0208740234375, 4.615128993988037]}, "datetime": {"datetime": "2025-08-13 23:43:16", "elapsed": 50124.59275817871, "delta": 31.3339626789093}, "costs": {"total_cost": 1453.3227517777973, "time_cost": 150, "final_distance_cost": 74.99694381548542, "oscillation_cost": 203.07725845020107, "completition_cost": 888.8888888888888, "overshoot_cost": 72.96863873557473, "power_cost": 32.3325287109375, "noise_cost": 31.058493176709494, "n_waypoints_completed": 1, "tot_waypoints": 9}}
{"target": -992.2336412075836, "params": {"k_pid_pos": [0.12629126012325287, 0.013126611709594727, 0.012058496475219727], "k_pid_alt": [0.0, 0.9999995231628418, 0.9782770872116089], "k_pid_att": [100.0, 9.999999747378752e-05, 0.9600095748901367], "k_pid_yaw": [0.5, 1e-06, 0.1], "k_pid_hsp": [9.889671325683594, 0.9210423231124878, 0.006106555461883545], "k_pid_vsp": [400.0, 389.5465393066406, 1.6645679473876953]}, "datetime": {"datetime": "2025-08-13 23:43:47", "elapsed": 50155.55064034462, "delta": 30.957882165908813}, "costs": {"total_cost": 992.2336412075836, "time_cost": 150, "final_distance_cost": 47.23877887091936, "oscillation_cost": 101.25800740334385, "completition_cost": 555.5555555555555, "overshoot_cost": 71.50327843759332, "power_cost": 31.857997802734378, "noise_cost": 34.82002313743718, "n_waypoints_completed": 4, "tot_waypoints": 9}}
{"target": -1314.2766676811912, "params": {"k_pid_pos": [0.01581832952797413, 0.016028285026550293, 0.0030540823936462402], "k_pid_alt": [0.0, 1.0, 0.9891018867492676], "k_pid_att": [100.0, 9.999999747378752e-05, 0.9990021586418152], "k_pid_yaw": [0.5, 1e-06, 0.1], "k_pid_hsp": [9.932859420776367, 0.9957379698753357, 0.0424780547618866], "k_pid_vsp": [400.0, 396.76202392578125, 29.462244033813477]}, "datetime": {"datetime": "2025-08-13 23:44:17", "elapsed": 50185.98625779152, "delta": 30.435617446899414}, "costs": {"total_cost": 1314.2766676811912, "time_cost": 150, "final_distance_cost": 66.3772823162387, "oscillation_cost": 62.37855480968209, "completition_cost": 888.8888888888888, "overshoot_cost": 85.1560491188547, "power_cost": 32.87369385986328, "noise_cost": 28.602198687663478, "n_waypoints_completed": 1, "tot_waypoints": 9}}
{"target": -1285.7298009913764, "params": {"k_pid_pos": [0.008444113656878471, 0.010527640581130981, 0.005483537912368774], "k_pid_alt": [0.0, 1.0, 0.9816703796386719], "k_pid_att": [100.0, 9.999999747378752e-05, 0.9940245151519775], "k_pid_yaw": [0.5, 1e-06, 0.1], "k_pid_hsp": [9.984081268310547, 0.9643111228942871, 0.019620060920715332], "k_pid_vsp": [400.0, 364.6988830566406, 20.90675926208496]}, "datetime": {"datetime": "2025-08-13 23:44:48", "elapsed": 50216.93229222298, "delta": 30.94603443145752}, "costs": {"total_cost": 1285.7298009913764, "time_cost": 150, "final_distance_cost": 50.57474759114484, "oscillation_cost": 45.739086770826816, "completition_cost": 888.8888888888888, "overshoot_cost": 99.35368802903895, "power_cost": 24.080008239746096, "noise_cost": 27.093381471730908, "n_waypoints_completed": 1, "tot_waypoints": 9}}
{"target": -849.9424128364843, "params": {"k_pid_pos": [0.1501249521970749, 0.026994675397872925, 0.010336458683013916], "k_pid_alt": [0.0, 1.0, 0.972318708896637], "k_pid_att": [100.0, 9.999999747378752e-05, 0.920873761177063], "k_pid_yaw": [0.5, 1e-06, 0.1], "k_pid_hsp": [9.87249755859375, 0.9927594065666199, 0.00822409987449646], "k_pid_vsp": [399.999755859375, 399.25201416015625, 8.85726261138916]}, "datetime": {"datetime": "2025-08-13 23:45:20", "elapsed": 50248.77794146538, "delta": 31.845649242401123}, "costs": {"total_cost": 849.9424128364843, "time_cost": 150, "final_distance_cost": 53.94543833535219, "oscillation_cost": 85.72148620654275, "completition_cost": 444.4444444444444, "overshoot_cost": 66.59546872105142, "power_cost": 19.437299072265628, "noise_cost": 29.798276056827795, "n_waypoints_completed": 5, "tot_waypoints": 9}}
{"target": -1188.8598110008397, "params": {"k_pid_pos": [0.02824140153825283, 0.04222220182418823, 0.007921218872070312], "k_pid_alt": [0.0, 1.0, 0.9594712257385254], "k_pid_att": [100.0, 9.999999747378752e-05, 0.9608308672904968], "k_pid_yaw": [0.5, 1e-06, 0.1], "k_pid_hsp": [9.37937068939209, 0.9949321150779724, 0.001604318618774414], "k_pid_vsp": [400.0, 397.4154357910156, 16.927648544311523]}, "datetime": {"datetime": "2025-08-13 23:45:51", "elapsed": 50279.17981290817, "delta": 30.4018714427948}, "costs": {"total_cost": 1188.8598110008397, "time_cost": 150, "final_distance_cost": 90.95352541182623, "oscillation_cost": 28.706833381247854, "completition_cost": 777.7777777777778, "overshoot_cost": 82.17007041901331, "power_cost": 30.380419274902344, "noise_cost": 28.871184736072095, "n_waypoints_completed": 2, "tot_waypoints": 9}}
{"target": -1494.1796826695734, "params": {"k_pid_pos": [0.038223251700401306, 0.01918160915374756, 0.015875518321990967], "k_pid_alt": [0.0, 8.612871170043945e-06, 0.9922870397567749], "k_pid_att": [100.0, 9.999999747378752e-05, 0.9745556116104126], "k_pid_yaw": [0.5, 1e-06, 0.1], "k_pid_hsp": [9.974016189575195, 0.9677370190620422, 0.004605799913406372], "k_pid_vsp": [400.0, 396.2615966796875, 3.547156810760498]}, "datetime": {"datetime": "2025-08-13 23:46:22", "elapsed": 50310.45957016945, "delta": 31.279757261276245}, "costs": {"total_cost": 1494.1796826695734, "time_cost": 150, "final_distance_cost": 1.0034653624241674, "oscillation_cost": 13.053619111962542, "completition_cost": 1000.0, "overshoot_cost": 163.2311630052612, "power_cost": 20.000502575683594, "noise_cost": 146.89093261424182, "n_waypoints_completed": 0, "tot_waypoints": 9}}
