{"target": -336.7463061797681, "params": {"k_pid_pos": [0.41844919323921204, 0.026195108890533447, 0.03040391206741333], "k_pid_alt": [0.0, 1.0, 0.9947212934494019], "k_pid_att": [100.0, 9.999999747378752e-05, 0.9842349886894226], "k_pid_yaw": [0.5, 1e-06, 0.1], "k_pid_hsp": [9.837301254272461, 0.9946944713592529, 0.0077822208404541016], "k_pid_vsp": [398.7836608886719, 395.0324401855469, 3.3237228393554688]}, "datetime": {"datetime": "2025-08-14 02:56:04", "elapsed": 61692.5861055851, "delta": 28.141115188598633}, "costs": {"total_cost": 336.7463061797681, "time_cost": 101.605, "final_distance_cost": 1.8352863059129871, "oscillation_cost": 119.20479343108421, "completition_cost": 0.0, "overshoot_cost": 65.00692332055172, "power_cost": 21.716637145996096, "noise_cost": 27.377665976223064, "n_waypoints_completed": 9, "tot_waypoints": 9}}
{"target": -1304.7440160026347, "params": {"k_pid_pos": [0.02326466329395771, 0.004366546869277954, 0.010855138301849365], "k_pid_alt": [0.0, 1.0, 0.9895801544189453], "k_pid_att": [100.0, 9.999999747378752e-05, 0.9763649702072144], "k_pid_yaw": [0.5, 1e-06, 0.1], "k_pid_hsp": [9.184004783630371, 0.9769202470779419, 0.04682934284210205], "k_pid_vsp": [399.9999694824219, 392.8509826660156, 2.696169376373291]}, "datetime": {"datetime": "2025-08-14 02:56:33", "elapsed": 61721.44912433624, "delta": 28.86301875114441}, "costs": {"total_cost": 1304.7440160026347, "time_cost": 150, "final_distance_cost": 57.936637573460004, "oscillation_cost": 82.59101461370875, "completition_cost": 888.8888888888888, "overshoot_cost": 74.06444706955038, "power_cost": 23.407693518066406, "noise_cost": 27.85533433896038, "n_waypoints_completed": 1, "tot_waypoints": 9}}
{"target": -1292.0215703376678, "params": {"k_pid_pos": [0.017069486901164055, 0.022455424070358276, 0.008406519889831543], "k_pid_alt": [0.0, 1.0, 0.9258495569229126], "k_pid_att": [100.0, 9.999999747378752e-05, 0.9941384792327881], "k_pid_yaw": [0.5, 1e-06, 0.1], "k_pid_hsp": [9.939953804016113, 0.9641160368919373, 0.012602657079696655], "k_pid_vsp": [400.0, 399.8777770996094, 3.129340171813965]}, "datetime": {"datetime": "2025-08-14 02:57:01", "elapsed": 61749.6096265316, "delta": 28.160502195358276}, "costs": {"total_cost": 1292.0215703376678, "time_cost": 150, "final_distance_cost": 70.66032642529913, "oscillation_cost": 41.13874146025568, "completition_cost": 888.8888888888888, "overshoot_cost": 78.30443301957729, "power_cost": 30.284261083984376, "noise_cost": 32.744919459662434, "n_waypoints_completed": 1, "tot_waypoints": 9}}
{"target": -1180.2599642162972, "params": {"k_pid_pos": [0.03186488896608353, 0.015382826328277588, 0.13077718019485474], "k_pid_alt": [0.00222170352935791, 1.0, 0.9864866137504578], "k_pid_att": [100.0, 9.999999747378752e-05, 0.9742739200592041], "k_pid_yaw": [0.5, 1e-06, 0.1], "k_pid_hsp": [9.651599884033203, 0.9686330556869507, 0.02651238441467285], "k_pid_vsp": [400.0, 396.5659484863281, 36.558650970458984]}, "datetime": {"datetime": "2025-08-14 02:57:30", "elapsed": 61778.594121456146, "delta": 28.984494924545288}, "costs": {"total_cost": 1180.2599642162972, "time_cost": 150, "final_distance_cost": 65.744587991356, "oscillation_cost": 63.38230364703723, "completition_cost": 777.7777777777778, "overshoot_cost": 66.94149693107462, "power_cost": 29.053565661621096, "noise_cost": 27.36023220743033, "n_waypoints_completed": 2, "tot_waypoints": 9}}
{"target": -1216.8392282614927, "params": {"k_pid_pos": [0.05122923105955124, 0.013024002313613892, 0.054157555103302], "k_pid_alt": [0.0, 1.0, 0.9703037738800049], "k_pid_att": [100.0, 9.999999747378752e-05, 0.983504056930542], "k_pid_yaw": [0.5, 1e-06, 0.1], "k_pid_hsp": [9.735540390014648, 0.9901869297027588, 0.042543768882751465], "k_pid_vsp": [400.0, 396.15814208984375, 5.266178607940674]}, "datetime": {"datetime": "2025-08-14 02:57:59", "elapsed": 61807.739188194275, "delta": 29.145066738128662}, "costs": {"total_cost": 1216.8392282614927, "time_cost": 150, "final_distance_cost": 85.33392765830227, "oscillation_cost": 66.16509737087488, "completition_cost": 777.7777777777778, "overshoot_cost": 74.62638996164567, "power_cost": 31.220178125, "noise_cost": 31.715857367892188, "n_waypoints_completed": 2, "tot_waypoints": 9}}
{"target": -1167.3957926170867, "params": {"k_pid_pos": [0.04216959699988365, 0.006856560707092285, 0.0025825798511505127], "k_pid_alt": [0.0, 1.0, 0.9904835224151611], "k_pid_att": [100.0, 9.999999747378752e-05, 0.9921349883079529], "k_pid_yaw": [0.5, 1e-06, 0.1], "k_pid_hsp": [9.896866798400879, 0.9952868223190308, 0.008157074451446533], "k_pid_vsp": [400.0, 394.9542541503906, 6.19251823425293]}, "datetime": {"datetime": "2025-08-14 02:58:29", "elapsed": 61837.50358104706, "delta": 29.764392852783203}, "costs": {"total_cost": 1167.3957926170867, "time_cost": 150, "final_distance_cost": 83.91865912302998, "oscillation_cost": 29.69763414037689, "completition_cost": 777.7777777777778, "overshoot_cost": 69.77054471286985, "power_cost": 24.92608321533203, "noise_cost": 31.305093647700033, "n_waypoints_completed": 2, "tot_waypoints": 9}}
{"target": -942.7992229631933, "params": {"k_pid_pos": [0.18269076943397522, 0.03136226534843445, 0.021627157926559448], "k_pid_alt": [5.960464477539063e-08, 1.0, 0.9077082872390747], "k_pid_att": [100.0, 0.01800803653895855, 0.9386665225028992], "k_pid_yaw": [0.5, 1e-06, 0.1], "k_pid_hsp": [9.936291694641113, 0.9861001968383789, 0.03059270977973938], "k_pid_vsp": [400.0, 391.884765625, 2.678299903869629]}, "datetime": {"datetime": "2025-08-14 02:58:59", "elapsed": 61867.65312194824, "delta": 30.149540901184082}, "costs": {"total_cost": 942.7992229631933, "time_cost": 150, "final_distance_cost": 65.31406234367343, "oscillation_cost": 271.686792667424, "completition_cost": 333.33333333333337, "overshoot_cost": 66.87198048723648, "power_cost": 25.340201855468752, "noise_cost": 30.252852276057318, "n_waypoints_completed": 6, "tot_waypoints": 9}}
{"target": -1076.861648665865, "params": {"k_pid_pos": [0.10702037811279297, 0.004341572523117065, 0.01903364062309265], "k_pid_alt": [0.0, 1.0, 0.9989149570465088], "k_pid_att": [100.0, 9.999999747378752e-05, 0.9914166927337646], "k_pid_yaw": [0.5, 1e-06, 0.1], "k_pid_hsp": [9.627046585083008, 0.9737235307693481, 0.007630527019500732], "k_pid_vsp": [400.0, 397.59710693359375, 2.3658523559570312]}, "datetime": {"datetime": "2025-08-14 02:59:32", "elapsed": 61900.25519990921, "delta": 32.60207796096802}, "costs": {"total_cost": 1076.861648665865, "time_cost": 150, "final_distance_cost": 52.35825195356493, "oscillation_cost": 63.49579342636244, "completition_cost": 666.6666666666667, "overshoot_cost": 71.71972016717578, "power_cost": 35.472386450195316, "noise_cost": 37.14883000189979, "n_waypoints_completed": 3, "tot_waypoints": 9}}
{"target": -1045.210478038576, "params": {"k_pid_pos": [0.10503016412258148, 0.0032669007778167725, 0.012288123369216919], "k_pid_alt": [0.0, 1.0, 0.9498827457427979], "k_pid_att": [100.0, 9.999999747378752e-05, 0.9998325109481812], "k_pid_yaw": [0.5, 1e-06, 0.1], "k_pid_hsp": [9.806468963623047, 0.9776768684387207, 0.004037618637084961], "k_pid_vsp": [400.0, 396.39337158203125, 10.459721565246582]}, "datetime": {"datetime": "2025-08-14 03:00:02", "elapsed": 61930.43944787979, "delta": 30.184247970581055}, "costs": {"total_cost": 1045.210478038576, "time_cost": 150, "final_distance_cost": 51.72301531998614, "oscillation_cost": 42.02967387525947, "completition_cost": 666.6666666666667, "overshoot_cost": 68.75484560758551, "power_cost": 33.427463134765624, "noise_cost": 32.60881343431264, "n_waypoints_completed": 3, "tot_waypoints": 9}}
{"target": -1346.8415237550996, "params": {"k_pid_pos": [0.0358767956495285, 0.07492169737815857, 0.019723206758499146], "k_pid_alt": [0.1970577836036682, 1.0, 0.9948067665100098], "k_pid_att": [100.0, 9.999999747378752e-05, 0.9966676831245422], "k_pid_yaw": [0.5, 1e-06, 0.1], "k_pid_hsp": [9.939626693725586, 0.9953870177268982, 0.053626060485839844], "k_pid_vsp": [399.9997253417969, 398.0499267578125, 5.139578342437744]}, "datetime": {"datetime": "2025-08-14 03:00:32", "elapsed": 61960.576447963715, "delta": 30.13700008392334}, "costs": {"total_cost": 1346.8415237550996, "time_cost": 150, "final_distance_cost": 51.76735481032584, "oscillation_cost": 76.18844583043696, "completition_cost": 888.8888888888888, "overshoot_cost": 80.42173427128277, "power_cost": 43.127741357421876, "noise_cost": 56.44735859674356, "n_waypoints_completed": 1, "tot_waypoints": 9}}
{"target": -1338.1716157412568, "params": {"k_pid_pos": [0.04291044548153877, 0.002388983964920044, 0.01601862907409668], "k_pid_alt": [0.0, 1.0, 0.9628421068191528], "k_pid_att": [100.0, 9.999999747378752e-05, 0.9941437244415283], "k_pid_yaw": [0.5, 1e-06, 0.1], "k_pid_hsp": [9.880208015441895, 0.9613065719604492, 0.03587844967842102], "k_pid_vsp": [400.0, 393.7873229980469, 3.16447114944458]}, "datetime": {"datetime": "2025-08-14 03:01:02", "elapsed": 61990.24128842354, "delta": 29.66484045982361}, "costs": {"total_cost": 1338.1716157412568, "time_cost": 150, "final_distance_cost": 66.27798969881486, "oscillation_cost": 116.58085716767171, "completition_cost": 888.8888888888888, "overshoot_cost": 60.174620132349666, "power_cost": 26.20866159667969, "noise_cost": 30.040598256852146, "n_waypoints_completed": 1, "tot_waypoints": 9}}
{"target": -1178.8377032853411, "params": {"k_pid_pos": [0.021254179999232292, 0.02355852723121643, 0.0035337507724761963], "k_pid_alt": [0.0, 1.0, 0.9935946464538574], "k_pid_att": [100.0, 9.999999747378752e-05, 0.9891726970672607], "k_pid_yaw": [0.5, 1e-06, 0.1], "k_pid_hsp": [9.435173988342285, 0.979258120059967, 0.006777346134185791], "k_pid_vsp": [400.0, 398.8760681152344, 17.364253997802734]}, "datetime": {"datetime": "2025-08-14 03:01:30", "elapsed": 62018.6706597805, "delta": 28.42937135696411}, "costs": {"total_cost": 1178.8377032853411, "time_cost": 150, "final_distance_cost": 83.2923616712964, "oscillation_cost": 25.675496243011004, "completition_cost": 777.7777777777778, "overshoot_cost": 83.73705582401743, "power_cost": 29.819851770019532, "noise_cost": 28.535159999218948, "n_waypoints_completed": 2, "tot_waypoints": 9}}
{"target": -1264.1859115336165, "params": {"k_pid_pos": [0.0484926775097847, 0.003208339214324951, 0.024573534727096558], "k_pid_alt": [0.0, 1.0, 0.9790972471237183], "k_pid_att": [99.99989318847656, 9.999999747378752e-05, 0.9798564910888672], "k_pid_yaw": [0.5, 1e-06, 0.1], "k_pid_hsp": [9.9587984085083, 0.9884111881256104, 0.007663816213607788], "k_pid_vsp": [399.99993896484375, 363.76519775390625, 8.734012603759766]}, "datetime": {"datetime": "2025-08-14 03:02:01", "elapsed": 62049.5487473011, "delta": 30.878087520599365}, "costs": {"total_cost": 1264.1859115336165, "time_cost": 150, "final_distance_cost": 67.27923740634402, "oscillation_cost": 54.803885271537666, "completition_cost": 888.8888888888888, "overshoot_cost": 57.193173847109776, "power_cost": 18.283302111816408, "noise_cost": 27.737424007919547, "n_waypoints_completed": 1, "tot_waypoints": 9}}
{"target": -1875.7986657843962, "params": {"k_pid_pos": [0.017101017758250237, 0.03113001585006714, 0.01817631721496582], "k_pid_alt": [0.0004202723503112793, 0.9974402189254761, 0.9222924709320068], "k_pid_att": [100.0, 0.00023440713994204998, 0.982756495475769], "k_pid_yaw": [0.5, 1e-06, 0.1], "k_pid_hsp": [9.972017288208008, 0.9827426671981812, 0.11995753645896912], "k_pid_vsp": [400.0, 345.5542907714844, 12.388587951660156]}, "datetime": {"datetime": "2025-08-14 03:02:30", "elapsed": 62078.99966478348, "delta": 29.4509174823761}, "costs": {"total_cost": 1875.7986657843962, "time_cost": 150, "final_distance_cost": 71.57503045976955, "oscillation_cost": 731.404672325722, "completition_cost": 777.7777777777778, "overshoot_cost": 79.33496951661819, "power_cost": 37.45706446533203, "noise_cost": 28.24915123917672, "n_waypoints_completed": 2, "tot_waypoints": 9}}
{"target": -1300.5619263165959, "params": {"k_pid_pos": [0.008578873239457607, 0.02465781569480896, 0.006604105234146118], "k_pid_alt": [0.0, 1.0, 0.9350259304046631], "k_pid_att": [100.0, 9.999999747378752e-05, 0.9888101816177368], "k_pid_yaw": [0.5, 1e-06, 0.1], "k_pid_hsp": [9.926200866699219, 0.8932037353515625, 0.03497058153152466], "k_pid_vsp": [0.0, 397.2367858886719, 1.6258845329284668]}, "datetime": {"datetime": "2025-08-14 03:02:59", "elapsed": 62107.31807088852, "delta": 28.318406105041504}, "costs": {"total_cost": 1300.5619263165959, "time_cost": 150, "final_distance_cost": 70.1573730773307, "oscillation_cost": 41.81665324408196, "completition_cost": 888.8888888888888, "overshoot_cost": 96.37376433106894, "power_cost": 29.351001110839846, "noise_cost": 23.974245664385467, "n_waypoints_completed": 1, "tot_waypoints": 9}}
{"target": -1056.318804638196, "params": {"k_pid_pos": [0.044900666922330856, 0.0705430805683136, 0.027081400156021118], "k_pid_alt": [5.960464477539063e-08, 1.0, 0.9280915260314941], "k_pid_att": [100.0, 9.999999747378752e-05, 0.9676876664161682], "k_pid_yaw": [0.5, 1e-06, 0.1], "k_pid_hsp": [9.921839714050293, 0.9927981495857239, 0.008232861757278442], "k_pid_vsp": [400.0, 394.80987548828125, 52.33366394042969]}, "datetime": {"datetime": "2025-08-14 03:03:29", "elapsed": 62137.624025821686, "delta": 30.305954933166504}, "costs": {"total_cost": 1056.318804638196, "time_cost": 150, "final_distance_cost": 52.978944034493196, "oscillation_cost": 46.67907723892425, "completition_cost": 666.6666666666667, "overshoot_cost": 83.88323863028926, "power_cost": 26.877769470214844, "noise_cost": 29.23310859760765, "n_waypoints_completed": 3, "tot_waypoints": 9}}
{"target": -1274.9715779833741, "params": {"k_pid_pos": [0.064734548330307, 0.010070949792861938, 0.013878077268600464], "k_pid_alt": [0.0, 1.0, 0.989027738571167], "k_pid_att": [99.91132354736328, 9.999999747378752e-05, 0.9647597074508667], "k_pid_yaw": [0.5, 1e-06, 0.1], "k_pid_hsp": [9.781721115112305, 0.9645000100135803, 0.007656455039978027], "k_pid_vsp": [400.0, 395.39288330078125, 0.3359566330909729]}, "datetime": {"datetime": "2025-08-14 03:04:01", "elapsed": 62169.598163604736, "delta": 31.974137783050537}, "costs": {"total_cost": 1274.9715779833741, "time_cost": 150, "final_distance_cost": 94.22859910563398, "oscillation_cost": 129.73830156618087, "completition_cost": 777.7777777777778, "overshoot_cost": 66.44250449204577, "power_cost": 25.996814294433594, "noise_cost": 30.78758074730203, "n_waypoints_completed": 2, "tot_waypoints": 9}}
{"target": -1202.7131009083023, "params": {"k_pid_pos": [0.04286187142133713, 0.09035933017730713, 0.007553011178970337], "k_pid_alt": [0.0, 1.0, 0.9868335723876953], "k_pid_att": [100.0, 9.999999747378752e-05, 0.9772168397903442], "k_pid_yaw": [0.5, 1e-06, 0.1], "k_pid_hsp": [9.789739608764648, 0.9908222556114197, 0.008357733488082886], "k_pid_vsp": [400.0, 392.68011474609375, 1.17470121383667]}, "datetime": {"datetime": "2025-08-14 03:04:30", "elapsed": 62198.914919137955, "delta": 29.316755533218384}, "costs": {"total_cost": 1202.7131009083023, "time_cost": 150, "final_distance_cost": 87.969114116796, "oscillation_cost": 68.37735314586993, "completition_cost": 777.7777777777778, "overshoot_cost": 59.1866303721172, "power_cost": 27.28007390136719, "noise_cost": 32.12215159437411, "n_waypoints_completed": 2, "tot_waypoints": 9}}
{"target": -1055.8338557727734, "params": {"k_pid_pos": [0.06593021750450134, 0.2543811798095703, 0.013018906116485596], "k_pid_alt": [0.0, 1.0, 0.9501662254333496], "k_pid_att": [100.0, 0.00012741786486003548, 0.9676686525344849], "k_pid_yaw": [0.5, 1e-06, 0.1], "k_pid_hsp": [9.96239948272705, 0.987881600856781, 0.011802494525909424], "k_pid_vsp": [400.0, 397.5988464355469, 13.202906608581543]}, "datetime": {"datetime": "2025-08-14 03:04:59", "elapsed": 62228.01594400406, "delta": 29.101024866104126}, "costs": {"total_cost": 1055.8338557727734, "time_cost": 150, "final_distance_cost": 52.17590191384123, "oscillation_cost": 70.88370923166225, "completition_cost": 666.6666666666667, "overshoot_cost": 62.687338328517164, "power_cost": 25.522631762695315, "noise_cost": 27.897607869390626, "n_waypoints_completed": 3, "tot_waypoints": 9}}
{"target": -1247.102875055306, "params": {"k_pid_pos": [0.016287989914417267, 0.03300279378890991, 0.008017241954803467], "k_pid_alt": [0.0, 1.0, 0.9336066246032715], "k_pid_att": [100.0, 9.999999747378752e-05, 0.9743921756744385], "k_pid_yaw": [0.5, 1e-06, 0.1], "k_pid_hsp": [9.910867691040039, 0.9765955209732056, 0.026155740022659302], "k_pid_vsp": [400.0, 393.3735046386719, 4.061890602111816]}, "datetime": {"datetime": "2025-08-14 03:05:29", "elapsed": 62257.55170035362, "delta": 29.5357563495636}, "costs": {"total_cost": 1247.102875055306, "time_cost": 150, "final_distance_cost": 86.4089482907605, "oscillation_cost": 97.27079095807512, "completition_cost": 777.7777777777778, "overshoot_cost": 86.03222164727067, "power_cost": 21.388735485839845, "noise_cost": 28.224400895582004, "n_waypoints_completed": 2, "tot_waypoints": 9}}
{"target": -1281.111945236415, "params": {"k_pid_pos": [0.0207686647772789, 0.004133701324462891, 0.01841875910758972], "k_pid_alt": [4.172325134277344e-07, 1.0, 0.9803503751754761], "k_pid_att": [87.47775268554688, 0.00028089829720556736, 0.9738156199455261], "k_pid_yaw": [0.5, 1e-06, 0.1], "k_pid_hsp": [9.763819694519043, 0.9943758845329285, 0.028777986764907837], "k_pid_vsp": [400.0, 397.21044921875, 7.257057189941406]}, "datetime": {"datetime": "2025-08-14 03:05:59", "elapsed": 62287.43881368637, "delta": 29.887113332748413}, "costs": {"total_cost": 1281.111945236415, "time_cost": 150, "final_distance_cost": 57.9214597881378, "oscillation_cost": 48.93926158654165, "completition_cost": 888.8888888888888, "overshoot_cost": 77.7502538521555, "power_cost": 27.216768408203126, "noise_cost": 30.39531271248833, "n_waypoints_completed": 1, "tot_waypoints": 9}}
{"target": -950.9254256367946, "params": {"k_pid_pos": [0.11493303626775742, 0.015087693929672241, 0.02921244502067566], "k_pid_alt": [0.0, 1.0, 0.9936217069625854], "k_pid_att": [100.0, 0.0001074505053111352, 0.9731612205505371], "k_pid_yaw": [0.5, 1e-06, 0.1], "k_pid_hsp": [9.962176322937012, 0.9862065315246582, 0.005502581596374512], "k_pid_vsp": [400.0, 390.3193359375, 3.077364921569824]}, "datetime": {"datetime": "2025-08-14 03:06:29", "elapsed": 62317.23213362694, "delta": 29.793319940567017}, "costs": {"total_cost": 950.9254256367946, "time_cost": 150, "final_distance_cost": 52.426373998954375, "oscillation_cost": 67.24188403963642, "completition_cost": 555.5555555555555, "overshoot_cost": 70.5317352537436, "power_cost": 22.87745933837891, "noise_cost": 32.29241745052567, "n_waypoints_completed": 4, "tot_waypoints": 9}}
{"target": -980.2584477612055, "params": {"k_pid_pos": [0.17693719267845154, 0.006443917751312256, 0.02990281581878662], "k_pid_alt": [5.0067901611328125e-06, 1.0, 0.9832326173782349], "k_pid_att": [100.0, 9.999999747378752e-05, 0.9834274053573608], "k_pid_yaw": [0.5, 1e-06, 0.1], "k_pid_hsp": [9.962760925292969, 0.9902574419975281, 0.0054232776165008545], "k_pid_vsp": [400.0, 396.14111328125, 0.9727607369422913]}, "datetime": {"datetime": "2025-08-14 03:06:58", "elapsed": 62346.351452589035, "delta": 29.119318962097168}, "costs": {"total_cost": 980.2584477612055, "time_cost": 150, "final_distance_cost": 41.40074891333377, "oscillation_cost": 94.74689328939441, "completition_cost": 555.5555555555555, "overshoot_cost": 66.74148421481577, "power_cost": 35.3156484375, "noise_cost": 36.498117350605945, "n_waypoints_completed": 4, "tot_waypoints": 9}}
{"target": -1118.6804632973801, "params": {"k_pid_pos": [0.12813712656497955, 0.06732374429702759, 0.016923457384109497], "k_pid_alt": [0.0, 1.0, 0.957728922367096], "k_pid_att": [100.0, 9.999999747378752e-05, 0.9675440788269043], "k_pid_yaw": [0.5, 1e-06, 0.1], "k_pid_hsp": [9.804413795471191, 0.9943562746047974, 0.029998958110809326], "k_pid_vsp": [400.0, 397.6632385253906, 5.027283191680908]}, "datetime": {"datetime": "2025-08-14 03:07:26", "elapsed": 62374.961293935776, "delta": 28.609841346740723}, "costs": {"total_cost": 1118.6804632973801, "time_cost": 150, "final_distance_cost": 46.02903187816975, "oscillation_cost": 235.35093838199813, "completition_cost": 555.5555555555555, "overshoot_cost": 68.227482742051, "power_cost": 30.643998486328126, "noise_cost": 32.87345625327756, "n_waypoints_completed": 4, "tot_waypoints": 9}}
{"target": -1357.6983083285968, "params": {"k_pid_pos": [0.028746169060468674, 0.0062982141971588135, 0.006582915782928467], "k_pid_alt": [0.022021710872650146, 1.0, 0.9808279871940613], "k_pid_att": [100.0, 9.999999747378752e-05, 0.9887688755989075], "k_pid_yaw": [0.5, 1e-06, 0.1], "k_pid_hsp": [9.940165519714355, 0.9935082197189331, 0.07003059983253479], "k_pid_vsp": [400.0, 389.44586181640625, 28.57146453857422]}, "datetime": {"datetime": "2025-08-14 03:07:56", "elapsed": 62404.29196977615, "delta": 29.330675840377808}, "costs": {"total_cost": 1357.6983083285968, "time_cost": 150, "final_distance_cost": 63.22900664495826, "oscillation_cost": 132.91335274893967, "completition_cost": 888.8888888888888, "overshoot_cost": 69.50942529261452, "power_cost": 27.372353747558595, "noise_cost": 25.785281005636925, "n_waypoints_completed": 1, "tot_waypoints": 9}}
