{"target": -892.1963798129799, "params": {"k_pid_pos": [0.19679920375347137, 0.04668670892715454, 0.14989519119262695], "k_pid_alt": [0.0, 1.0, 0.921775221824646], "k_pid_att": [99.99996185302734, 9.999999747378752e-05, 0.8279641270637512], "k_pid_yaw": [0.5, 1e-06, 0.1], "k_pid_hsp": [9.910524368286133, 0.9896551370620728, 0.004879772663116455], "k_pid_vsp": [400.0, 398.9999694824219, 3.5769591331481934]}, "datetime": {"datetime": "2025-08-13 17:02:05", "elapsed": 26053.369302272797, "delta": 29.305766105651855}, "costs": {"total_cost": 892.1963798129799, "time_cost": 150, "final_distance_cost": 65.4444622779797, "oscillation_cost": 215.56542916214607, "completition_cost": 333.33333333333337, "overshoot_cost": 67.61494287109252, "power_cost": 27.8797873046875, "noise_cost": 32.35842486374078, "n_waypoints_completed": 6, "tot_waypoints": 9}}
{"target": -1446.869019601373, "params": {"k_pid_pos": [0.03415269777178764, 0.6580785512924194, 0.181475430727005], "k_pid_alt": [1.3887882232666016e-05, 0.9999999403953552, 0.975605845451355], "k_pid_att": [100.0, 0.003773397533223033, 0.9623956680297852], "k_pid_yaw": [0.5, 1e-06, 0.1], "k_pid_hsp": [7.0554986000061035, 0.8900123238563538, 0.015703022480010986], "k_pid_vsp": [0.0011920928955078125, 391.17327880859375, 1.8286356925964355]}, "datetime": {"datetime": "2025-08-13 17:02:34", "elapsed": 26082.833372592926, "delta": 29.464070320129395}, "costs": {"total_cost": 1446.869019601373, "time_cost": 150, "final_distance_cost": 42.16117414641227, "oscillation_cost": 148.59751887409507, "completition_cost": 1000.0, "overshoot_cost": 46.888127415769794, "power_cost": 32.960584423828124, "noise_cost": 26.261614741268072, "n_waypoints_completed": 0, "tot_waypoints": 9}}
{"target": -1273.1892152656785, "params": {"k_pid_pos": [0.05025414749979973, 0.26458150148391724, 0.26488596200942993], "k_pid_alt": [0.0, 1.0, 0.7201700806617737], "k_pid_att": [100.0, 9.999999747378752e-05, 0.9772709608078003], "k_pid_yaw": [0.5, 1e-06, 0.1], "k_pid_hsp": [7.380892753601074, 0.9875956177711487, 0.02361413836479187], "k_pid_vsp": [400.0, 371.2572937011719, 96.27163696289062]}, "datetime": {"datetime": "2025-08-13 17:03:04", "elapsed": 26112.66458272934, "delta": 29.831210136413574}, "costs": {"total_cost": 1273.1892152656785, "time_cost": 150, "final_distance_cost": 89.51958892467593, "oscillation_cost": 139.3833305534386, "completition_cost": 777.7777777777778, "overshoot_cost": 57.68116411521103, "power_cost": 30.913689404296875, "noise_cost": 27.91366449027801, "n_waypoints_completed": 2, "tot_waypoints": 9}}
{"target": -778.2948408115878, "params": {"k_pid_pos": [0.07245290279388428, 0.1636783480644226, 0.040548503398895264], "k_pid_alt": [1.9994503259658813, 0.999983549118042, 0.9670950174331665], "k_pid_att": [100.0, 0.0010658835526555777, 0.9431467652320862], "k_pid_yaw": [0.5, 1e-06, 0.1], "k_pid_hsp": [9.451452255249023, 0.9490175843238831, 0.026663213968276978], "k_pid_vsp": [376.41314697265625, 391.5657958984375, 25.53575325012207]}, "datetime": {"datetime": "2025-08-13 17:03:34", "elapsed": 26142.550983428955, "delta": 29.88640069961548}, "costs": {"total_cost": 778.2948408115878, "time_cost": 150, "final_distance_cost": 70.0196023253698, "oscillation_cost": 103.62122170749349, "completition_cost": 333.33333333333337, "overshoot_cost": 62.01331449843481, "power_cost": 30.156251171875002, "noise_cost": 29.15111777508133, "n_waypoints_completed": 6, "tot_waypoints": 9}}
{"target": -1806.6241905478819, "params": {"k_pid_pos": [0.13650371134281158, 0.3424511253833771, 0.08497142791748047], "k_pid_alt": [0.0, 0.9999997615814209, 0.9205573797225952], "k_pid_att": [100.0, 9.999999747378752e-05, 0.973773717880249], "k_pid_yaw": [0.5, 1e-06, 0.1], "k_pid_hsp": [9.858043670654297, 0.988568902015686, 0.04137760400772095], "k_pid_vsp": [400.0, 322.44671630859375, 3.8177261352539062]}, "datetime": {"datetime": "2025-08-13 17:04:05", "elapsed": 26173.369125127792, "delta": 30.81814169883728}, "costs": {"total_cost": 1806.6241905478819, "time_cost": 150, "final_distance_cost": 209.92792556337477, "oscillation_cost": 465.63971911781, "completition_cost": 777.7777777777778, "overshoot_cost": 151.38557366962306, "power_cost": 25.140782751464844, "noise_cost": 26.752411667831375, "n_waypoints_completed": 2, "tot_waypoints": 9}}
{"target": -1680.5254144520839, "params": {"k_pid_pos": [0.062475766986608505, 0.3908553719520569, 0.0783262848854065], "k_pid_alt": [0.0, 1.0, 0.9642341136932373], "k_pid_att": [100.0, 9.999999747378752e-05, 0.9822797775268555], "k_pid_yaw": [0.5, 1e-06, 0.1], "k_pid_hsp": [9.614958763122559, 0.9859189987182617, 0.11270767450332642], "k_pid_vsp": [399.99957275390625, 388.20904541015625, 11.006821632385254]}, "datetime": {"datetime": "2025-08-13 17:04:35", "elapsed": 26203.747332811356, "delta": 30.378207683563232}, "costs": {"total_cost": 1680.5254144520839, "time_cost": 150, "final_distance_cost": 90.79881258446467, "oscillation_cost": 552.4758178406522, "completition_cost": 777.7777777777778, "overshoot_cost": 52.93120090105273, "power_cost": 29.34718288574219, "noise_cost": 27.19462246239436, "n_waypoints_completed": 2, "tot_waypoints": 9}}
{"target": -1203.8060059895226, "params": {"k_pid_pos": [0.04382503405213356, 0.1124849021434784, 0.017083317041397095], "k_pid_alt": [0.0, 1.0, 0.923600435256958], "k_pid_att": [100.0, 0.09279889613389969, 0.9213669896125793], "k_pid_yaw": [0.5, 1e-06, 0.1], "k_pid_hsp": [9.580503463745117, 0.9772343039512634, 0.034609049558639526], "k_pid_vsp": [400.0, 378.8252258300781, 1.7085919380187988]}, "datetime": {"datetime": "2025-08-13 17:05:04", "elapsed": 26233.00443649292, "delta": 29.25710368156433}, "costs": {"total_cost": 1203.8060059895226, "time_cost": 150, "final_distance_cost": 77.09634696776318, "oscillation_cost": 75.88957213415641, "completition_cost": 777.7777777777778, "overshoot_cost": 55.17802714841433, "power_cost": 34.4255002319336, "noise_cost": 33.43878172947748, "n_waypoints_completed": 2, "tot_waypoints": 9}}
{"target": -904.7802174585673, "params": {"k_pid_pos": [0.12300214916467667, 0.1654588282108307, 0.024047374725341797], "k_pid_alt": [0.0, 0.7652351260185242, 0.9877752065658569], "k_pid_att": [27.038537979125977, 9.999999747378752e-05, 0.9682919383049011], "k_pid_yaw": [0.5, 1e-06, 0.1], "k_pid_hsp": [9.822067260742188, 0.9978699684143066, 0.0018084347248077393], "k_pid_vsp": [399.9983825683594, 351.1375732421875, 1.2875208854675293]}, "datetime": {"datetime": "2025-08-13 17:05:34", "elapsed": 26262.226963996887, "delta": 29.222527503967285}, "costs": {"total_cost": 904.7802174585673, "time_cost": 150, "final_distance_cost": 38.92777538550287, "oscillation_cost": 44.83403833165179, "completition_cost": 555.5555555555555, "overshoot_cost": 62.43330997094113, "power_cost": 20.00067906494141, "noise_cost": 33.028859149974714, "n_waypoints_completed": 4, "tot_waypoints": 9}}
{"target": -385.437795623342, "params": {"k_pid_pos": [1.3130345344543457, 0.21585306525230408, 0.056369632482528687], "k_pid_alt": [0.00012606382369995117, 1.0, 0.9865533113479614], "k_pid_att": [100.0, 9.999999747378752e-05, 0.9750651121139526], "k_pid_yaw": [0.5, 1e-06, 0.1], "k_pid_hsp": [8.759298324584961, 0.9780251979827881, 0.021329224109649658], "k_pid_vsp": [400.0, 394.7554016113281, 1.3686308860778809]}, "datetime": {"datetime": "2025-08-13 17:05:59", "elapsed": 26287.12341117859, "delta": 24.89644718170166}, "costs": {"total_cost": 385.437795623342, "time_cost": 105.46900000000001, "final_distance_cost": 1.7632983292572204, "oscillation_cost": 158.8543958999348, "completition_cost": 0.0, "overshoot_cost": 66.20227319613977, "power_cost": 24.74715173339844, "noise_cost": 28.40167646461187, "n_waypoints_completed": 9, "tot_waypoints": 9}}
{"target": -421.3210833578097, "params": {"k_pid_pos": [0.48593711853027344, 0.04231622815132141, 0.024621546268463135], "k_pid_alt": [0.0, 0.999999463558197, 0.9537624716758728], "k_pid_att": [99.99781799316406, 9.999999747378752e-05, 0.8724082708358765], "k_pid_yaw": [0.5, 1e-06, 0.1], "k_pid_hsp": [7.795536041259766, 0.9889374375343323, 0.054709434509277344], "k_pid_vsp": [0.1089930534362793, 399.496826171875, 26.221479415893555]}, "datetime": {"datetime": "2025-08-13 17:06:24", "elapsed": 26312.595527887344, "delta": 25.472116708755493}, "costs": {"total_cost": 421.3210833578097, "time_cost": 104.412, "final_distance_cost": 1.8269020073431708, "oscillation_cost": 196.1599934614418, "completition_cost": 0.0, "overshoot_cost": 65.93301420522273, "power_cost": 29.370790832519532, "noise_cost": 23.6183828512825, "n_waypoints_completed": 9, "tot_waypoints": 9}}
{"target": -1550.7783343807348, "params": {"k_pid_pos": [0.018258659169077873, 0.12859386205673218, 0.012003034353256226], "k_pid_alt": [0.0, 1.0, 0.952440619468689], "k_pid_att": [100.0, 9.999999747378752e-05, 0.8172812461853027], "k_pid_yaw": [0.5, 1e-06, 0.1], "k_pid_hsp": [9.981973648071289, 0.9873570203781128, 0.07725602388381958], "k_pid_vsp": [399.856201171875, 369.4075012207031, 3.4137020111083984]}, "datetime": {"datetime": "2025-08-13 17:06:53", "elapsed": 26341.651671409607, "delta": 29.056143522262573}, "costs": {"total_cost": 1550.7783343807348, "time_cost": 150, "final_distance_cost": 88.3779702991109, "oscillation_cost": 392.2067107166759, "completition_cost": 777.7777777777778, "overshoot_cost": 75.95184508377066, "power_cost": 36.86012540283203, "noise_cost": 29.603905100567594, "n_waypoints_completed": 2, "tot_waypoints": 9}}
{"target": -310.7623030847905, "params": {"k_pid_pos": [0.38018956780433655, 0.02433997392654419, 0.008049935102462769], "k_pid_alt": [1.1920928955078125e-07, 1.0, 0.9604192972183228], "k_pid_att": [100.0, 9.999999747378752e-05, 0.925566554069519], "k_pid_yaw": [0.5, 1e-06, 0.1], "k_pid_hsp": [9.593809127807617, 0.9807549118995667, 0.01974216103553772], "k_pid_vsp": [399.9975280761719, 385.1553649902344, 13.144804000854492]}, "datetime": {"datetime": "2025-08-13 17:07:17", "elapsed": 26365.426453351974, "delta": 23.774781942367554}, "costs": {"total_cost": 310.7623030847905, "time_cost": 99.393, "final_distance_cost": 1.8360707536523533, "oscillation_cost": 81.37742801694712, "completition_cost": 0.0, "overshoot_cost": 68.91689198443217, "power_cost": 30.88762410888672, "noise_cost": 28.351288220872142, "n_waypoints_completed": 9, "tot_waypoints": 9}}
{"target": -647.8933136039674, "params": {"k_pid_pos": [0.2921086847782135, 0.06103789806365967, 0.02100902795791626], "k_pid_alt": [1.9999936819076538, 1.0, 0.9934672117233276], "k_pid_att": [100.0, 9.999999747378752e-05, 0.9826481938362122], "k_pid_yaw": [0.5, 1e-06, 0.1], "k_pid_hsp": [9.868303298950195, 0.9664828181266785, 0.10608869791030884], "k_pid_vsp": [399.7979736328125, 381.5854187011719, 62.27001953125]}, "datetime": {"datetime": "2025-08-13 17:07:43", "elapsed": 26391.41298174858, "delta": 25.986528396606445}, "costs": {"total_cost": 647.8933136039674, "time_cost": 106.4, "final_distance_cost": 1.8516222520514367, "oscillation_cost": 418.9830693182667, "completition_cost": 0.0, "overshoot_cost": 59.829074669766264, "power_cost": 30.62994705810547, "noise_cost": 30.199600305777558, "n_waypoints_completed": 9, "tot_waypoints": 9}}
{"target": -788.6325944759897, "params": {"k_pid_pos": [0.3016500174999237, 0.023522377014160156, 0.06145283579826355], "k_pid_alt": [1.9996616840362549, 0.06816279888153076, 0.9203073978424072], "k_pid_att": [99.9998779296875, 9.999999747378752e-05, 0.9753580689430237], "k_pid_yaw": [0.5, 1e-06, 0.1], "k_pid_hsp": [9.886933326721191, 0.8529809713363647, 0.15910309553146362], "k_pid_vsp": [400.0, 397.5364074707031, 33.417964935302734]}, "datetime": {"datetime": "2025-08-13 17:08:08", "elapsed": 26416.610038280487, "delta": 25.197056531906128}, "costs": {"total_cost": 788.6325944759897, "time_cost": 103.915, "final_distance_cost": 1.8605690709003393, "oscillation_cost": 573.958717068638, "completition_cost": 0.0, "overshoot_cost": 55.15228437465291, "power_cost": 26.552885095214844, "noise_cost": 27.19313886658361, "n_waypoints_completed": 9, "tot_waypoints": 9}}
{"target": -1078.908472462965, "params": {"k_pid_pos": [0.09170287102460861, 0.019532710313796997, 0.029937803745269775], "k_pid_alt": [0.0, 1.0, 0.962878406047821], "k_pid_att": [100.0, 9.999999747378752e-05, 0.8735648393630981], "k_pid_yaw": [0.5, 1e-06, 0.1], "k_pid_hsp": [9.788925170898438, 0.9622310996055603, 0.01389092206954956], "k_pid_vsp": [400.0, 391.5788879394531, 39.65937042236328]}, "datetime": {"datetime": "2025-08-13 17:08:38", "elapsed": 26446.150575876236, "delta": 29.5405375957489}, "costs": {"total_cost": 1078.908472462965, "time_cost": 150, "final_distance_cost": 53.21275092034171, "oscillation_cost": 60.08390458253905, "completition_cost": 666.6666666666667, "overshoot_cost": 79.1362980248044, "power_cost": 37.88762546386719, "noise_cost": 31.921226804745803, "n_waypoints_completed": 3, "tot_waypoints": 9}}
{"target": -1201.183039946816, "params": {"k_pid_pos": [0.03799789771437645, 0.37267130613327026, 0.07213383913040161], "k_pid_alt": [0.2693674564361572, 1.0, 0.9765526652336121], "k_pid_att": [100.0, 0.00010715248208725825, 0.939581573009491], "k_pid_yaw": [0.5, 1e-06, 0.1], "k_pid_hsp": [9.676915168762207, 0.9540965557098389, 0.02006325125694275], "k_pid_vsp": [386.1177978515625, 389.1249084472656, 19.459583282470703]}, "datetime": {"datetime": "2025-08-13 17:09:07", "elapsed": 26475.14315700531, "delta": 28.992581129074097}, "costs": {"total_cost": 1201.183039946816, "time_cost": 150, "final_distance_cost": 86.88489855251271, "oscillation_cost": 85.86708109205777, "completition_cost": 777.7777777777778, "overshoot_cost": 43.49491039678024, "power_cost": 29.037625732421876, "noise_cost": 28.120746395265787, "n_waypoints_completed": 2, "tot_waypoints": 9}}
{"target": -1325.0879423408612, "params": {"k_pid_pos": [0.034371256828308105, 0.3455730080604553, 0.42512181401252747], "k_pid_alt": [0.0026955604553222656, 0.999927282333374, 0.9691320657730103], "k_pid_att": [100.0, 0.00010089405986946076, 0.952928900718689], "k_pid_yaw": [0.5, 1e-06, 0.1], "k_pid_hsp": [9.806334495544434, 0.6710909605026245, 0.017298400402069092], "k_pid_vsp": [400.0, 373.19915771484375, 25.010087966918945]}, "datetime": {"datetime": "2025-08-13 17:09:36", "elapsed": 26504.847234249115, "delta": 29.70407724380493}, "costs": {"total_cost": 1325.0879423408612, "time_cost": 150, "final_distance_cost": 69.47907854332384, "oscillation_cost": 112.26570756420605, "completition_cost": 888.8888888888888, "overshoot_cost": 48.464359296421044, "power_cost": 28.584741455078127, "noise_cost": 27.405166592943583, "n_waypoints_completed": 1, "tot_waypoints": 9}}
{"target": -1246.2954787973363, "params": {"k_pid_pos": [0.1949160248041153, 0.06911212205886841, 0.19131186604499817], "k_pid_alt": [8.344650268554688e-07, 1.0, 0.9428820610046387], "k_pid_att": [100.0, 1.9453866481781006, 0.9599652290344238], "k_pid_yaw": [0.5, 1e-06, 0.1], "k_pid_hsp": [9.959901809692383, 0.9323940277099609, 0.06732314825057983], "k_pid_vsp": [400.0, 379.9799499511719, 31.14225959777832]}, "datetime": {"datetime": "2025-08-13 17:10:05", "elapsed": 26533.663256406784, "delta": 28.816022157669067}, "costs": {"total_cost": 1246.2954787973363, "time_cost": 150, "final_distance_cost": 55.01349547221452, "oscillation_cost": 462.44235863928304, "completition_cost": 444.4444444444444, "overshoot_cost": 64.22819455782253, "power_cost": 39.85510418701172, "noise_cost": 30.31188149656038, "n_waypoints_completed": 5, "tot_waypoints": 9}}
{"target": -1318.842018492015, "params": {"k_pid_pos": [0.10542156547307968, 0.04276636242866516, 0.00761944055557251], "k_pid_alt": [1.7312363386154175, 1.0, 0.9849541783332825], "k_pid_att": [100.0, 0.0004367628716863692, 0.9735680818557739], "k_pid_yaw": [0.5, 1e-06, 0.1], "k_pid_hsp": [9.42797565460205, 0.9801428318023682, 0.10201621055603027], "k_pid_vsp": [399.9996643066406, 389.2966613769531, 25.400426864624023]}, "datetime": {"datetime": "2025-08-13 17:10:35", "elapsed": 26564.09235572815, "delta": 30.429099321365356}, "costs": {"total_cost": 1318.842018492015, "time_cost": 150, "final_distance_cost": 66.22504669064051, "oscillation_cost": 641.5098102188203, "completition_cost": 333.33333333333337, "overshoot_cost": 61.41128278622341, "power_cost": 36.748684606933594, "noise_cost": 29.613860856063933, "n_waypoints_completed": 6, "tot_waypoints": 9}}
{"target": -1456.6881647930281, "params": {"k_pid_pos": [0.24395425617694855, 0.7929690480232239, 0.38883069157600403], "k_pid_alt": [0.0, 0.9982664585113525, 0.9931605458259583], "k_pid_att": [100.0, 9.999999747378752e-05, 0.7644720077514648], "k_pid_yaw": [0.5, 1e-06, 0.1], "k_pid_hsp": [9.126538276672363, 0.9906907677650452, 0.03806489706039429], "k_pid_vsp": [318.0238342285156, 398.73956298828125, 3.460765838623047]}, "datetime": {"datetime": "2025-08-13 17:11:04", "elapsed": 26593.08467721939, "delta": 28.992321491241455}, "costs": {"total_cost": 1456.6881647930281, "time_cost": 150, "final_distance_cost": 52.11021287350314, "oscillation_cost": 472.6684524875891, "completition_cost": 666.6666666666667, "overshoot_cost": 54.41860569879032, "power_cost": 30.29420046386719, "noise_cost": 30.53002660261185, "n_waypoints_completed": 3, "tot_waypoints": 9}}
{"target": -1500.8771929682212, "params": {"k_pid_pos": [0.18585580587387085, 0.25031062960624695, 0.053482770919799805], "k_pid_alt": [0.0, 2.0205974578857422e-05, 0.9303996562957764], "k_pid_att": [100.0, 9.999999747378752e-05, 0.9815739393234253], "k_pid_yaw": [0.5, 1e-06, 0.1], "k_pid_hsp": [9.809272766113281, 0.862648069858551, 0.0056698620319366455], "k_pid_vsp": [400.0, 365.5806579589844, 8.716178894042969]}, "datetime": {"datetime": "2025-08-13 17:11:34", "elapsed": 26622.112211227417, "delta": 29.027534008026123}, "costs": {"total_cost": 1500.8771929682212, "time_cost": 150, "final_distance_cost": 0.99688696170523, "oscillation_cost": 26.865749478948057, "completition_cost": 1000.0, "overshoot_cost": 163.0345497508992, "power_cost": 21.02959104003906, "noise_cost": 138.95041573662968, "n_waypoints_completed": 0, "tot_waypoints": 9}}
{"target": -1146.854310204549, "params": {"k_pid_pos": [0.056931022554636, 0.05690735578536987, 0.11297804117202759], "k_pid_alt": [3.933906555175781e-06, 0.9999988079071045, 0.9569844007492065], "k_pid_att": [100.0, 9.999999747378752e-05, 0.9505240321159363], "k_pid_yaw": [0.5, 1e-06, 0.1], "k_pid_hsp": [9.81844425201416, 0.9849258661270142, 0.006536573171615601], "k_pid_vsp": [400.0, 373.2573547363281, 1.0480294227600098]}, "datetime": {"datetime": "2025-08-13 17:12:03", "elapsed": 26651.17720270157, "delta": 29.06499147415161}, "costs": {"total_cost": 1146.854310204549, "time_cost": 150, "final_distance_cost": 55.67951829241473, "oscillation_cost": 134.43374264557437, "completition_cost": 666.6666666666667, "overshoot_cost": 80.41990917499052, "power_cost": 28.04106815185547, "noise_cost": 31.613405273047153, "n_waypoints_completed": 3, "tot_waypoints": 9}}
{"target": -867.3166331492654, "params": {"k_pid_pos": [0.2437712699174881, 0.003969520330429077, 0.015874385833740234], "k_pid_alt": [5.364418029785156e-07, 0.9549022316932678, 0.9194785356521606], "k_pid_att": [100.0, 0.001190754002891481, 0.9958455562591553], "k_pid_yaw": [0.5, 1e-06, 0.1], "k_pid_hsp": [9.870317459106445, 0.9841291308403015, 0.06333351135253906], "k_pid_vsp": [399.8719787597656, 393.1482849121094, 17.351163864135742]}, "datetime": {"datetime": "2025-08-13 17:12:31", "elapsed": 26679.910447597504, "delta": 28.73324489593506}, "costs": {"total_cost": 867.3166331492654, "time_cost": 150, "final_distance_cost": 75.96690613270209, "oscillation_cost": 188.35060526341948, "completition_cost": 333.33333333333337, "overshoot_cost": 63.00267680268857, "power_cost": 28.043977368164065, "noise_cost": 28.61913424895769, "n_waypoints_completed": 6, "tot_waypoints": 9}}
{"target": -1519.6525178110946, "params": {"k_pid_pos": [0.05300208181142807, 0.17053872346878052, 0.02177715301513672], "k_pid_alt": [0.0, 0.00014963746070861816, 0.9623271226882935], "k_pid_att": [100.0, 9.999999747378752e-05, 0.9456051588058472], "k_pid_yaw": [0.5, 1e-06, 0.1], "k_pid_hsp": [9.195594787597656, 0.9179480075836182, 0.027124613523483276], "k_pid_vsp": [400.0, 395.54632568359375, 2.9321680068969727]}, "datetime": {"datetime": "2025-08-13 17:13:00", "elapsed": 26708.927872896194, "delta": 29.017425298690796}, "costs": {"total_cost": 1519.6525178110946, "time_cost": 150, "final_distance_cost": 0.43995933228775175, "oscillation_cost": 60.34379118477045, "completition_cost": 1000.0, "overshoot_cost": 162.44978358562133, "power_cost": 21.204568383789063, "noise_cost": 125.21441532462589, "n_waypoints_completed": 0, "tot_waypoints": 9}}
{"target": -1071.3040867620214, "params": {"k_pid_pos": [0.047314174473285675, 0.14486032724380493, 0.02288535237312317], "k_pid_alt": [1.3172626495361328e-05, 0.9908043146133423, 0.9553741216659546], "k_pid_att": [100.0, 9.999999747378752e-05, 0.6828939914703369], "k_pid_yaw": [0.5, 1e-06, 0.1], "k_pid_hsp": [9.870927810668945, 0.9233641028404236, 0.008064806461334229], "k_pid_vsp": [400.0, 386.7652282714844, 61.46834945678711]}, "datetime": {"datetime": "2025-08-13 17:13:30", "elapsed": 26738.610793352127, "delta": 29.682920455932617}, "costs": {"total_cost": 1071.3040867620214, "time_cost": 150, "final_distance_cost": 53.46629833896742, "oscillation_cost": 71.78768943082403, "completition_cost": 666.6666666666667, "overshoot_cost": 72.84290120369494, "power_cost": 28.46028464355469, "noise_cost": 28.080246478313445, "n_waypoints_completed": 3, "tot_waypoints": 9}}
