{"target": -1061.6869595659975, "params": {"k_pid_pos": [0.05823349952697754, 0.017057567834854126, 0.04167339205741882], "k_pid_alt": [1.8973896503448486, 1.0, 0.966537356376648], "k_pid_att": [100.0, 9.999999747378752e-05, 0.9480141401290894], "k_pid_yaw": [0.5, 1e-06, 0.1], "k_pid_hsp": [9.96688175201416, 0.9936243295669556, 0.004382312297821045], "k_pid_vsp": [400.0, 384.33026123046875, 8.261896133422852]}, "datetime": {"datetime": "2025-08-13 23:59:26", "elapsed": 51094.21588516235, "delta": 30.411880254745483}, "costs": {"total_cost": 1061.6869595659975, "time_cost": 150, "final_distance_cost": 80.90269509436172, "oscillation_cost": 40.91865152928725, "completition_cost": 666.6666666666667, "overshoot_cost": 60.168668667856295, "power_cost": 32.46868583984375, "noise_cost": 30.561591767981735, "n_waypoints_completed": 3, "tot_waypoints": 9}}
{"target": -854.0449066832679, "params": {"k_pid_pos": [0.1987208127975464, 0.02114132046699524, 0.02623763680458069], "k_pid_alt": [0.0, 1.0, 0.983795702457428], "k_pid_att": [100.0, 9.999999747378752e-05, 0.9922727346420288], "k_pid_yaw": [0.5, 1e-06, 0.1], "k_pid_hsp": [9.796268463134766, 0.9202244877815247, 0.019484668970108032], "k_pid_vsp": [400.0, 312.85772705078125, 3.552354335784912]}, "datetime": {"datetime": "2025-08-13 23:59:54", "elapsed": 51122.853380441666, "delta": 28.637495279312134}, "costs": {"total_cost": 854.0449066832679, "time_cost": 150, "final_distance_cost": 63.46316626883509, "oscillation_cost": 174.07056983333126, "completition_cost": 333.33333333333337, "overshoot_cost": 66.82549308892119, "power_cost": 32.416832092285155, "noise_cost": 33.93551206656168, "n_waypoints_completed": 6, "tot_waypoints": 9}}
{"target": -1144.2515482921567, "params": {"k_pid_pos": [0.010273944586515427, 0.0673992931842804, 0.001510709524154663], "k_pid_alt": [0.0, 0.9999998807907104, 0.9902536869049072], "k_pid_att": [100.0, 9.999999747378752e-05, 0.9561456441879272], "k_pid_yaw": [0.5, 1e-06, 0.1], "k_pid_hsp": [9.467877388000488, 0.9702838063240051, 0.000544130802154541], "k_pid_vsp": [400.0, 393.4028625488281, 4.229236602783203]}, "datetime": {"datetime": "2025-08-14 00:00:32", "elapsed": 51160.750051259995, "delta": 37.89667081832886}, "costs": {"total_cost": 1144.2515482921567, "time_cost": 150, "final_distance_cost": 64.79408507113088, "oscillation_cost": 24.981361761708172, "completition_cost": 777.7777777777778, "overshoot_cost": 70.65601013291825, "power_cost": 24.36043963623047, "noise_cost": 31.681873912391183, "n_waypoints_completed": 2, "tot_waypoints": 9}}
{"target": -1057.1216552428084, "params": {"k_pid_pos": [0.057542238384485245, 0.040609776973724365, 0.011942088603973389], "k_pid_alt": [0.0, 0.9999877214431763, 0.9935300350189209], "k_pid_att": [99.99996185302734, 9.999999747378752e-05, 0.9895408153533936], "k_pid_yaw": [0.5, 1e-06, 0.1], "k_pid_hsp": [9.550000190734863, 0.996172308921814, 0.013566642999649048], "k_pid_vsp": [400.0, 396.11907958984375, 11.370469093322754]}, "datetime": {"datetime": "2025-08-14 00:01:05", "elapsed": 51193.18797802925, "delta": 32.43792676925659}, "costs": {"total_cost": 1057.1216552428084, "time_cost": 150, "final_distance_cost": 55.63477588311638, "oscillation_cost": 46.04275951726113, "completition_cost": 666.6666666666667, "overshoot_cost": 82.12797581053098, "power_cost": 27.220614428710938, "noise_cost": 29.42886293652212, "n_waypoints_completed": 3, "tot_waypoints": 9}}
{"target": -1169.04065387098, "params": {"k_pid_pos": [0.11522585898637772, 0.012798845767974854, 0.13315188884735107], "k_pid_alt": [0.0, 1.0, 0.9394930601119995], "k_pid_att": [100.0, 9.999999747378752e-05, 0.9789692163467407], "k_pid_yaw": [0.5, 1e-06, 0.1], "k_pid_hsp": [9.944084167480469, 0.9414805173873901, 0.04175621271133423], "k_pid_vsp": [400.0, 399.2393493652344, 4.140890598297119]}, "datetime": {"datetime": "2025-08-14 00:01:37", "elapsed": 51225.49675822258, "delta": 32.30878019332886}, "costs": {"total_cost": 1169.04065387098, "time_cost": 150, "final_distance_cost": 52.42216224809804, "oscillation_cost": 174.29484525366777, "completition_cost": 666.6666666666667, "overshoot_cost": 68.42169423994162, "power_cost": 26.60052440185547, "noise_cost": 30.63476106075029, "n_waypoints_completed": 3, "tot_waypoints": 9}}
{"target": -1070.3615289025029, "params": {"k_pid_pos": [0.07815839350223541, 0.007276058197021484, 0.014498502016067505], "k_pid_alt": [0.0008682608604431152, 0.5553080439567566, 0.9864059090614319], "k_pid_att": [100.0, 9.999999747378752e-05, 0.996833086013794], "k_pid_yaw": [0.5, 1e-06, 0.1], "k_pid_hsp": [9.409236907958984, 0.9889181852340698, 0.0029403865337371826], "k_pid_vsp": [0.0020265579223632812, 399.57183837890625, 2.8787264823913574]}, "datetime": {"datetime": "2025-08-14 00:02:08", "elapsed": 51256.68646836281, "delta": 31.18971014022827}, "costs": {"total_cost": 1070.3615289025029, "time_cost": 150, "final_distance_cost": 71.7761437625218, "oscillation_cost": 61.58915481295638, "completition_cost": 666.6666666666667, "overshoot_cost": 70.16085546508039, "power_cost": 26.008754431152344, "noise_cost": 24.159953764125184, "n_waypoints_completed": 3, "tot_waypoints": 9}}
{"target": -929.7966629535581, "params": {"k_pid_pos": [0.11245205998420715, 0.0076982975006103516, 0.0032019317150115967], "k_pid_alt": [1.4983665943145752, 0.999870240688324, 0.9802253842353821], "k_pid_att": [99.99834442138672, 0.0012274105101823807, 0.9931632280349731], "k_pid_yaw": [0.5, 1e-06, 0.1], "k_pid_hsp": [9.266876220703125, 0.977929413318634, 0.00870293378829956], "k_pid_vsp": [400.0, 392.5069885253906, 13.956273078918457]}, "datetime": {"datetime": "2025-08-14 00:02:38", "elapsed": 51286.53164148331, "delta": 29.845173120498657}, "costs": {"total_cost": 929.7966629535581, "time_cost": 150, "final_distance_cost": 47.35791913018194, "oscillation_cost": 56.670266607826775, "completition_cost": 555.5555555555555, "overshoot_cost": 59.47520754746734, "power_cost": 30.12351285400391, "noise_cost": 30.61420125852263, "n_waypoints_completed": 4, "tot_waypoints": 9}}
{"target": -1243.3736211528562, "params": {"k_pid_pos": [0.013439865782856941, 0.001009821891784668, 0.004995673894882202], "k_pid_alt": [0.0, 0.9997055530548096, 0.9984813928604126], "k_pid_att": [100.0, 0.00010029802069766447, 0.8887755870819092], "k_pid_yaw": [0.5, 1e-06, 0.1], "k_pid_hsp": [9.76401424407959, 0.9806933403015137, 0.0744292140007019], "k_pid_vsp": [400.0, 346.11846923828125, 1.0670552253723145]}, "datetime": {"datetime": "2025-08-14 00:03:08", "elapsed": 51317.037358284, "delta": 30.505716800689697}, "costs": {"total_cost": 1243.3736211528562, "time_cost": 150, "final_distance_cost": 44.69612204566633, "oscillation_cost": 68.85104832061039, "completition_cost": 888.8888888888888, "overshoot_cost": 38.82125801534596, "power_cost": 25.420592102050783, "noise_cost": 26.695711780294044, "n_waypoints_completed": 1, "tot_waypoints": 9}}
{"target": -752.1229595598957, "params": {"k_pid_pos": [0.23857729136943817, 0.004737496376037598, 0.004833608865737915], "k_pid_alt": [0.0, 0.9999947547912598, 0.9923397302627563], "k_pid_att": [100.0, 9.999999747378752e-05, 0.9425094127655029], "k_pid_yaw": [0.5, 1e-06, 0.1], "k_pid_hsp": [9.861915588378906, 0.9853177666664124, 0.011436223983764648], "k_pid_vsp": [400.0, 397.0486755371094, 10.940695762634277]}, "datetime": {"datetime": "2025-08-14 00:03:41", "elapsed": 51349.20372080803, "delta": 32.16636252403259}, "costs": {"total_cost": 752.1229595598957, "time_cost": 150, "final_distance_cost": 66.3633254826815, "oscillation_cost": 79.60501623461109, "completition_cost": 333.33333333333337, "overshoot_cost": 64.28885140361741, "power_cost": 28.310922314453126, "noise_cost": 30.221510791199147, "n_waypoints_completed": 6, "tot_waypoints": 9}}
{"target": -2720.156703061953, "params": {"k_pid_pos": [0.03911525011062622, 0.062297284603118896, 0.361886590719223], "k_pid_alt": [0.0, 1.0, 0.9907100200653076], "k_pid_att": [100.0, 9.999999747378752e-05, 0.9415626525878906], "k_pid_yaw": [0.5, 1e-06, 0.1], "k_pid_hsp": [9.567716598510742, 0.9824706315994263, 0.004200279712677002], "k_pid_vsp": [256.2088623046875, 397.2725830078125, 46.671390533447266]}, "datetime": {"datetime": "2025-08-14 00:04:16", "elapsed": 51385.08499956131, "delta": 35.88127875328064}, "costs": {"total_cost": 2720.156703061953, "time_cost": 150, "final_distance_cost": 763.5415337759275, "oscillation_cost": 347.2718180589834, "completition_cost": 777.7777777777778, "overshoot_cost": 631.7810192036934, "power_cost": 23.790920812988283, "noise_cost": 25.993633432583167, "n_waypoints_completed": 2, "tot_waypoints": 9}}
{"target": -942.9536275784026, "params": {"k_pid_pos": [0.12403897941112518, 0.007166147232055664, 0.023241519927978516], "k_pid_alt": [0.008886635303497314, 1.0, 0.9900743961334229], "k_pid_att": [100.0, 9.999999747378752e-05, 0.9746003746986389], "k_pid_yaw": [0.5, 1e-06, 0.1], "k_pid_hsp": [9.909784317016602, 0.9747260808944702, 0.010134071111679077], "k_pid_vsp": [400.0, 372.19464111328125, 32.52583694458008]}, "datetime": {"datetime": "2025-08-14 00:04:51", "elapsed": 51419.76344323158, "delta": 34.67844367027283}, "costs": {"total_cost": 942.9536275784026, "time_cost": 150, "final_distance_cost": 44.54410451172464, "oscillation_cost": 54.92892103422833, "completition_cost": 555.5555555555555, "overshoot_cost": 67.6015666730436, "power_cost": 36.547758007812504, "noise_cost": 33.775721796037985, "n_waypoints_completed": 4, "tot_waypoints": 9}}
{"target": -654.4329363129391, "params": {"k_pid_pos": [0.2166176438331604, 0.11515039205551147, 0.016407400369644165], "k_pid_alt": [0.0, 1.0, 0.99330735206604], "k_pid_att": [100.0, 0.00014291491243056953, 0.9933780431747437], "k_pid_yaw": [0.5, 1e-06, 0.1], "k_pid_hsp": [9.98052978515625, 0.9929758906364441, 0.0428331196308136], "k_pid_vsp": [400.0, 396.0722961425781, 4.207898139953613]}, "datetime": {"datetime": "2025-08-14 00:05:21", "elapsed": 51449.827563524246, "delta": 30.064120292663574}, "costs": {"total_cost": 654.4329363129391, "time_cost": 150, "final_distance_cost": 63.051192599812325, "oscillation_cost": 92.32081745214644, "completition_cost": 222.2222222222222, "overshoot_cost": 61.907820254924154, "power_cost": 32.38309085693359, "noise_cost": 32.54779292690041, "n_waypoints_completed": 7, "tot_waypoints": 9}}
{"target": -1123.9188743605457, "params": {"k_pid_pos": [0.059791844338178635, 0.04213044047355652, 0.01974552869796753], "k_pid_alt": [0.0, 1.0, 0.9922138452529907], "k_pid_att": [100.0, 9.999999747378752e-05, 0.9486954212188721], "k_pid_yaw": [0.5, 1e-06, 0.1], "k_pid_hsp": [9.771162986755371, 0.9309922456741333, 0.08585202693939209], "k_pid_vsp": [400.0, 391.226806640625, 1.824904441833496]}, "datetime": {"datetime": "2025-08-14 00:05:53", "elapsed": 51481.59112119675, "delta": 31.76355767250061}, "costs": {"total_cost": 1123.9188743605457, "time_cost": 150, "final_distance_cost": 72.44504393271632, "oscillation_cost": 76.73812714985267, "completition_cost": 666.6666666666667, "overshoot_cost": 84.37417915129197, "power_cost": 41.04154178466797, "noise_cost": 32.653315675350115, "n_waypoints_completed": 3, "tot_waypoints": 9}}
{"target": -1186.9363551752822, "params": {"k_pid_pos": [0.056843049824237823, 0.005479693412780762, 0.2841876149177551], "k_pid_alt": [0.0, 1.0, 0.9893603920936584], "k_pid_att": [100.0, 9.93068790435791, 0.9801242351531982], "k_pid_yaw": [0.5, 1e-06, 0.1], "k_pid_hsp": [9.852743148803711, 0.9753788709640503, 0.02166655659675598], "k_pid_vsp": [400.0, 393.13616943359375, 14.88707160949707]}, "datetime": {"datetime": "2025-08-14 00:06:24", "elapsed": 51512.39934062958, "delta": 30.80821943283081}, "costs": {"total_cost": 1186.9363551752822, "time_cost": 150, "final_distance_cost": 65.14573913160415, "oscillation_cost": 82.79100223467903, "completition_cost": 777.7777777777778, "overshoot_cost": 58.4102408194214, "power_cost": 25.79378563232422, "noise_cost": 27.017809579475614, "n_waypoints_completed": 2, "tot_waypoints": 9}}
{"target": -1169.7027564180103, "params": {"k_pid_pos": [0.03873278573155403, 0.015465021133422852, 0.023630350828170776], "k_pid_alt": [0.0, 1.0, 0.9757285118103027], "k_pid_att": [100.0, 0.00011370892752893269, 0.996586799621582], "k_pid_yaw": [0.5, 1e-06, 0.1], "k_pid_hsp": [9.325664520263672, 0.9942754507064819, 0.010396242141723633], "k_pid_vsp": [395.4837951660156, 395.6426086425781, 5.05648946762085]}, "datetime": {"datetime": "2025-08-14 00:06:56", "elapsed": 51544.536809682846, "delta": 32.13746905326843}, "costs": {"total_cost": 1169.7027564180103, "time_cost": 150, "final_distance_cost": 75.65869520966577, "oscillation_cost": 41.42816016562301, "completition_cost": 777.7777777777778, "overshoot_cost": 76.14337829691746, "power_cost": 19.749669580078127, "noise_cost": 28.945075387947984, "n_waypoints_completed": 2, "tot_waypoints": 9}}
{"target": -1024.9671313533263, "params": {"k_pid_pos": [0.14756274223327637, 0.05542755126953125, 0.10892558097839355], "k_pid_alt": [0.0052568912506103516, 1.0, 0.996002733707428], "k_pid_att": [100.0, 9.999999747378752e-05, 0.9428905248641968], "k_pid_yaw": [0.5, 1e-06, 0.1], "k_pid_hsp": [9.734519004821777, 0.9565972089767456, 0.008821845054626465], "k_pid_vsp": [400.0, 377.9776916503906, 0.3464828133583069]}, "datetime": {"datetime": "2025-08-14 00:07:26", "elapsed": 51575.08622908592, "delta": 30.549419403076172}, "costs": {"total_cost": 1024.9671313533263, "time_cost": 150, "final_distance_cost": 46.462098022843975, "oscillation_cost": 138.12894495662331, "completition_cost": 555.5555555555555, "overshoot_cost": 67.75973623699207, "power_cost": 32.45337794189453, "noise_cost": 34.607418639417, "n_waypoints_completed": 4, "tot_waypoints": 9}}
{"target": -1226.5066574366508, "params": {"k_pid_pos": [0.042142242193222046, 0.011097431182861328, 0.007852137088775635], "k_pid_alt": [5.960464477539063e-08, 0.9845117330551147, 0.9660452604293823], "k_pid_att": [100.0, 9.999999747378752e-05, 0.9958255290985107], "k_pid_yaw": [0.5, 1e-06, 0.1], "k_pid_hsp": [9.988802909851074, 0.9829754829406738, 0.033282727003097534], "k_pid_vsp": [400.0, 394.6986083984375, 60.77845001220703]}, "datetime": {"datetime": "2025-08-14 00:07:56", "elapsed": 51604.5673699379, "delta": 29.481140851974487}, "costs": {"total_cost": 1226.5066574366508, "time_cost": 150, "final_distance_cost": 76.50069134463573, "oscillation_cost": 98.42521809271356, "completition_cost": 777.7777777777778, "overshoot_cost": 74.05172612983017, "power_cost": 24.278532714843752, "noise_cost": 25.47271137684988, "n_waypoints_completed": 2, "tot_waypoints": 9}}
{"target": -2015.297096835076, "params": {"k_pid_pos": [0.05026231333613396, 0.0025537312030792236, 0.13953769207000732], "k_pid_alt": [0.0, 1.0, 0.9373394846916199], "k_pid_att": [100.0, 9.999999747378752e-05, 0.9929653406143188], "k_pid_yaw": [0.5, 1e-06, 0.1], "k_pid_hsp": [9.21693229675293, 0.9822639226913452, 0.10544121265411377], "k_pid_vsp": [400.0, 391.9602966308594, 9.12035846710205]}, "datetime": {"datetime": "2025-08-14 00:08:27", "elapsed": 51635.896814107895, "delta": 31.32944416999817}, "costs": {"total_cost": 2015.297096835076, "time_cost": 150, "final_distance_cost": 72.547286247603, "oscillation_cost": 774.1039016792403, "completition_cost": 888.8888888888888, "overshoot_cost": 59.84432932972059, "power_cost": 39.903306518554686, "noise_cost": 30.009384171068973, "n_waypoints_completed": 1, "tot_waypoints": 9}}
{"target": -1709.5957086563403, "params": {"k_pid_pos": [0.08207434415817261, 0.07182091474533081, 0.011120498180389404], "k_pid_alt": [3.3974647521972656e-06, 1.0, 0.9123208522796631], "k_pid_att": [100.0, 0.009276638738811016, 0.9793200492858887], "k_pid_yaw": [0.5, 1e-06, 0.1], "k_pid_hsp": [9.818320274353027, 0.9841935634613037, 0.14627587795257568], "k_pid_vsp": [400.0, 396.6578369140625, 18.32803726196289]}, "datetime": {"datetime": "2025-08-14 00:08:56", "elapsed": 51664.871054410934, "delta": 28.97424030303955}, "costs": {"total_cost": 1709.5957086563403, "time_cost": 150, "final_distance_cost": 56.8522613936889, "oscillation_cost": 703.84950883778, "completition_cost": 666.6666666666667, "overshoot_cost": 70.85386313050498, "power_cost": 32.960162219238285, "noise_cost": 28.413246408461273, "n_waypoints_completed": 3, "tot_waypoints": 9}}
{"target": -971.699095838514, "params": {"k_pid_pos": [0.18561005592346191, 0.0033234357833862305, 0.005061835050582886], "k_pid_alt": [1.7881393432617188e-07, 1.0, 0.9941543340682983], "k_pid_att": [100.0, 9.999999747378752e-05, 0.8914128541946411], "k_pid_yaw": [0.5, 1e-06, 0.1], "k_pid_hsp": [9.963424682617188, 0.9576940536499023, 0.03468415141105652], "k_pid_vsp": [399.99798583984375, 396.39727783203125, 3.9195308685302734]}, "datetime": {"datetime": "2025-08-14 00:09:27", "elapsed": 51695.61302304268, "delta": 30.741968631744385}, "costs": {"total_cost": 971.699095838514, "time_cost": 150, "final_distance_cost": 60.25644262955563, "oscillation_cost": 294.58640906956293, "completition_cost": 333.33333333333337, "overshoot_cost": 67.85088858105345, "power_cost": 32.964436083984374, "noise_cost": 32.707586141024194, "n_waypoints_completed": 6, "tot_waypoints": 9}}
{"target": -1187.922907623739, "params": {"k_pid_pos": [0.04846979305148125, 0.025759011507034302, 0.005679279565811157], "k_pid_alt": [0.00012636184692382812, 0.9191180467605591, 0.9971846342086792], "k_pid_att": [4.881349086761475, 9.999999747378752e-05, 0.9909034967422485], "k_pid_yaw": [0.5, 1e-06, 0.1], "k_pid_hsp": [9.76233196258545, 0.9663761258125305, 0.02380967140197754], "k_pid_vsp": [400.0, 395.7555236816406, 17.062761306762695]}, "datetime": {"datetime": "2025-08-14 00:09:58", "elapsed": 51726.43388056755, "delta": 30.820857524871826}, "costs": {"total_cost": 1187.922907623739, "time_cost": 150, "final_distance_cost": 96.55576666744828, "oscillation_cost": 27.35446313464095, "completition_cost": 777.7777777777778, "overshoot_cost": 71.22370936220042, "power_cost": 34.00523920898438, "noise_cost": 31.00595147268695, "n_waypoints_completed": 2, "tot_waypoints": 9}}
{"target": -1193.996208190565, "params": {"k_pid_pos": [0.022368373349308968, 0.1914680004119873, 0.009814202785491943], "k_pid_alt": [0.0, 1.0, 0.9904793500900269], "k_pid_att": [100.0, 9.999999747378752e-05, 0.9214847683906555], "k_pid_yaw": [0.5, 1e-06, 0.1], "k_pid_hsp": [9.896583557128906, 0.9964824914932251, 0.00403943657875061], "k_pid_vsp": [400.0, 394.6092224121094, 4.896951675415039]}, "datetime": {"datetime": "2025-08-14 00:10:29", "elapsed": 51757.467542648315, "delta": 31.03366208076477}, "costs": {"total_cost": 1193.996208190565, "time_cost": 150, "final_distance_cost": 94.52226166005829, "oscillation_cost": 51.49711337332318, "completition_cost": 777.7777777777778, "overshoot_cost": 64.96753186886075, "power_cost": 24.034701684570315, "noise_cost": 31.196821825974645, "n_waypoints_completed": 2, "tot_waypoints": 9}}
{"target": -1304.456467751101, "params": {"k_pid_pos": [0.013552334159612656, 0.029230862855911255, 0.01559033989906311], "k_pid_alt": [0.0, 1.0, 0.9850229024887085], "k_pid_att": [100.0, 0.0002463279233779758, 0.9943515062332153], "k_pid_yaw": [0.5, 1e-06, 0.1], "k_pid_hsp": [9.740174293518066, 0.9921117424964905, 0.023989439010620117], "k_pid_vsp": [400.0, 332.399169921875, 1.3889679908752441]}, "datetime": {"datetime": "2025-08-14 00:11:00", "elapsed": 51788.420573711395, "delta": 30.953031063079834}, "costs": {"total_cost": 1304.456467751101, "time_cost": 150, "final_distance_cost": 65.77679834597792, "oscillation_cost": 67.07915992604684, "completition_cost": 888.8888888888888, "overshoot_cost": 82.86638066868461, "power_cost": 21.31618328857422, "noise_cost": 28.529056632928633, "n_waypoints_completed": 1, "tot_waypoints": 9}}
{"target": -1273.3122855452254, "params": {"k_pid_pos": [0.025489473715424538, 0.09712499380111694, 0.09219568967819214], "k_pid_alt": [0.012832880020141602, 1.0, 0.9674596190452576], "k_pid_att": [100.0, 0.00010059603664558381, 0.9975616931915283], "k_pid_yaw": [0.5, 1e-06, 0.1], "k_pid_hsp": [8.832653999328613, 0.9953258633613586, 0.023398786783218384], "k_pid_vsp": [400.0, 384.21429443359375, 10.27933406829834]}, "datetime": {"datetime": "2025-08-14 00:11:32", "elapsed": 51820.50042796135, "delta": 32.079854249954224}, "costs": {"total_cost": 1273.3122855452254, "time_cost": 150, "final_distance_cost": 65.69458275791604, "oscillation_cost": 54.18815553506132, "completition_cost": 888.8888888888888, "overshoot_cost": 56.5773773209202, "power_cost": 29.114712133789062, "noise_cost": 28.848568908649895, "n_waypoints_completed": 1, "tot_waypoints": 9}}
{"target": -1075.623945333901, "params": {"k_pid_pos": [0.06959763169288635, 0.03129070997238159, 0.01768597960472107], "k_pid_alt": [1.9999990463256836, 1.0, 0.9798175096511841], "k_pid_att": [100.0, 9.999999747378752e-05, 0.9782611131668091], "k_pid_yaw": [0.5, 1e-06, 0.1], "k_pid_hsp": [9.961325645446777, 0.9869276285171509, 0.02614876627922058], "k_pid_vsp": [162.4677734375, 392.3200988769531, 9.265387535095215]}, "datetime": {"datetime": "2025-08-14 00:12:02", "elapsed": 51850.80756902695, "delta": 30.307141065597534}, "costs": {"total_cost": 1075.623945333901, "time_cost": 150, "final_distance_cost": 52.536132987910854, "oscillation_cost": 65.2398038959277, "completition_cost": 666.6666666666667, "overshoot_cost": 67.47555973150082, "power_cost": 37.49100295410157, "noise_cost": 36.214779097793325, "n_waypoints_completed": 3, "tot_waypoints": 9}}
