{"target": -1840.4529814749874, "params": {"k_pid_pos": [0.26685604453086853, 0.014613240957260132, 0.006125122308731079], "k_pid_alt": [0.0, 1.0, 0.9715202450752258], "k_pid_att": [100.0, 9.999999747378752e-05, 0.9978119134902954], "k_pid_yaw": [0.5, 1e-06, 0.1], "k_pid_hsp": [9.9287109375, 0.9677877426147461, 0.05326303839683533], "k_pid_vsp": [390.68505859375, 386.5830993652344, 1.1618266105651855]}, "datetime": {"datetime": "2025-08-14 03:45:19", "elapsed": 64647.96293568611, "delta": 29.90777015686035}, "costs": {"total_cost": 1840.4529814749874, "time_cost": 150, "final_distance_cost": 254.52893498953918, "oscillation_cost": 595.8218363426361, "completition_cost": 555.5555555555555, "overshoot_cost": 237.3377130610637, "power_cost": 22.112139697265626, "noise_cost": 25.096801828927262, "n_waypoints_completed": 4, "tot_waypoints": 9}}
{"target": -1304.8143555549705, "params": {"k_pid_pos": [0.04292856529355049, 0.012221276760101318, 0.05761006474494934], "k_pid_alt": [0.0, 1.0, 0.9730669856071472], "k_pid_att": [100.0, 9.999999747378752e-05, 0.9731780290603638], "k_pid_yaw": [0.5, 1e-06, 0.1], "k_pid_hsp": [9.978302955627441, 0.9749540090560913, 0.028114616870880127], "k_pid_vsp": [400.0, 389.648193359375, 2.6770362854003906]}, "datetime": {"datetime": "2025-08-14 03:45:49", "elapsed": 64677.91333985329, "delta": 29.950404167175293}, "costs": {"total_cost": 1304.8143555549705, "time_cost": 150, "final_distance_cost": 77.58482748670875, "oscillation_cost": 169.15989696089613, "completition_cost": 777.7777777777778, "overshoot_cost": 74.95521141232638, "power_cost": 25.68931599121094, "noise_cost": 29.64732592605068, "n_waypoints_completed": 2, "tot_waypoints": 9}}
{"target": -1185.7146656756156, "params": {"k_pid_pos": [0.016569489613175392, 0.043722331523895264, 0.001522451639175415], "k_pid_alt": [0.0, 1.0, 0.9963761568069458], "k_pid_att": [100.0, 9.999999747378752e-05, 0.9896985292434692], "k_pid_yaw": [0.5, 1e-06, 0.1], "k_pid_hsp": [9.754117012023926, 0.8797222375869751, 0.013994216918945312], "k_pid_vsp": [400.0, 387.9344482421875, 23.884239196777344]}, "datetime": {"datetime": "2025-08-14 03:46:19", "elapsed": 64707.41060876846, "delta": 29.49726891517639}, "costs": {"total_cost": 1185.7146656756156, "time_cost": 150, "final_distance_cost": 82.73876990269316, "oscillation_cost": 39.37214416060591, "completition_cost": 777.7777777777778, "overshoot_cost": 81.89712895921453, "power_cost": 26.30577762451172, "noise_cost": 27.623067250812447, "n_waypoints_completed": 2, "tot_waypoints": 9}}
{"target": -1281.8916639379133, "params": {"k_pid_pos": [0.010134893469512463, 0.007761746644973755, 0.03605371713638306], "k_pid_alt": [0.0, 1.0, 0.9889034032821655], "k_pid_att": [100.0, 9.999999747378752e-05, 0.9686933755874634], "k_pid_yaw": [0.5, 1e-06, 0.1], "k_pid_hsp": [9.94353199005127, 0.9876805543899536, 0.003416895866394043], "k_pid_vsp": [400.0, 393.73675537109375, 21.386518478393555]}, "datetime": {"datetime": "2025-08-14 03:46:48", "elapsed": 64737.094240903854, "delta": 29.683632135391235}, "costs": {"total_cost": 1281.8916639379133, "time_cost": 150, "final_distance_cost": 61.11470655648201, "oscillation_cost": 28.041697438599453, "completition_cost": 888.8888888888888, "overshoot_cost": 93.20204275048023, "power_cost": 31.03159354248047, "noise_cost": 29.61273476098252, "n_waypoints_completed": 1, "tot_waypoints": 9}}
{"target": -1185.5664364826878, "params": {"k_pid_pos": [0.022715196013450623, 0.06477415561676025, 0.01979273557662964], "k_pid_alt": [0.0, 1.0, 0.9567954540252686], "k_pid_att": [100.0, 9.999999747378752e-05, 0.9760720729827881], "k_pid_yaw": [0.5, 1e-06, 0.1], "k_pid_hsp": [9.454919815063477, 0.9984021186828613, 0.01580291986465454], "k_pid_vsp": [400.0, 376.4061584472656, 7.09278678894043]}, "datetime": {"datetime": "2025-08-14 03:47:16", "elapsed": 64764.76273274422, "delta": 27.66849184036255}, "costs": {"total_cost": 1185.5664364826878, "time_cost": 150, "final_distance_cost": 81.39115144351867, "oscillation_cost": 34.85732696331594, "completition_cost": 777.7777777777778, "overshoot_cost": 85.12134192516876, "power_cost": 25.720384704589843, "noise_cost": 30.698453668316656, "n_waypoints_completed": 2, "tot_waypoints": 9}}
{"target": -1165.5779528753103, "params": {"k_pid_pos": [0.038463983684778214, 0.015466570854187012, 0.009170353412628174], "k_pid_alt": [0.0, 1.0, 0.9797864556312561], "k_pid_att": [100.0, 9.999999747378752e-05, 0.9914532899856567], "k_pid_yaw": [0.5, 1e-06, 0.1], "k_pid_hsp": [9.766274452209473, 0.9755408763885498, 0.006201446056365967], "k_pid_vsp": [400.0, 391.80120849609375, 2.5835165977478027]}, "datetime": {"datetime": "2025-08-14 03:47:44", "elapsed": 64792.72533631325, "delta": 27.96260356903076}, "costs": {"total_cost": 1165.5779528753103, "time_cost": 150, "final_distance_cost": 74.95599240797176, "oscillation_cost": 32.78799584095014, "completition_cost": 777.7777777777778, "overshoot_cost": 76.10823708942651, "power_cost": 23.11862891845703, "noise_cost": 30.829320840727252, "n_waypoints_completed": 2, "tot_waypoints": 9}}
{"target": -1316.4078319763041, "params": {"k_pid_pos": [0.007041507866233587, 0.0024382174015045166, 0.028274744749069214], "k_pid_alt": [5.960464477539063e-08, 1.0, 0.9646621346473694], "k_pid_att": [100.0, 0.000106258419691585, 0.9925532341003418], "k_pid_yaw": [0.5, 1e-06, 0.1], "k_pid_hsp": [9.960235595703125, 0.9886658191680908, 0.007840186357498169], "k_pid_vsp": [400.0, 398.5619201660156, 1.5760550498962402]}, "datetime": {"datetime": "2025-08-14 03:48:13", "elapsed": 64822.0517103672, "delta": 29.326374053955078}, "costs": {"total_cost": 1316.4078319763041, "time_cost": 150, "final_distance_cost": 49.06515103767278, "oscillation_cost": 16.778610578102008, "completition_cost": 1000.0, "overshoot_cost": 40.650284123884525, "power_cost": 27.617109082031252, "noise_cost": 32.29667715461348, "n_waypoints_completed": 0, "tot_waypoints": 9}}
{"target": -1289.064773998021, "params": {"k_pid_pos": [0.003953664563596249, 0.03711509704589844, 0.04653629660606384], "k_pid_alt": [0.0, 1.0, 0.8955099582672119], "k_pid_att": [100.0, 9.999999747378752e-05, 0.9965168237686157], "k_pid_yaw": [0.5, 1e-06, 0.1], "k_pid_hsp": [9.943134307861328, 0.9675326943397522, 0.011121392250061035], "k_pid_vsp": [400.0, 397.002685546875, 13.496102333068848]}, "datetime": {"datetime": "2025-08-14 03:48:44", "elapsed": 64852.381923913956, "delta": 30.33021354675293}, "costs": {"total_cost": 1289.064773998021, "time_cost": 150, "final_distance_cost": 56.96620263791904, "oscillation_cost": 33.567110852692835, "completition_cost": 888.8888888888888, "overshoot_cost": 108.10403749652578, "power_cost": 24.236771618652345, "noise_cost": 27.301762503342367, "n_waypoints_completed": 1, "tot_waypoints": 9}}
{"target": -1236.5639256245206, "params": {"k_pid_pos": [0.06476113200187683, 0.038233041763305664, 0.16121268272399902], "k_pid_alt": [0.0, 1.0, 0.9811105132102966], "k_pid_att": [100.0, 9.999999747378752e-05, 0.9995952844619751], "k_pid_yaw": [0.5, 1e-06, 0.1], "k_pid_hsp": [9.794710159301758, 0.9907475113868713, 0.04149729013442993], "k_pid_vsp": [400.0, 392.33349609375, 17.409934997558594]}, "datetime": {"datetime": "2025-08-14 03:49:14", "elapsed": 64883.037481069565, "delta": 30.65555715560913}, "costs": {"total_cost": 1236.5639256245206, "time_cost": 150, "final_distance_cost": 86.863623483691, "oscillation_cost": 77.19786208919935, "completition_cost": 777.7777777777778, "overshoot_cost": 72.52002944949024, "power_cost": 40.05491184082032, "noise_cost": 32.149720983541854, "n_waypoints_completed": 2, "tot_waypoints": 9}}
{"target": -1267.1553837198214, "params": {"k_pid_pos": [0.0059297578409314156, 0.0052735209465026855, 0.0370669960975647], "k_pid_alt": [0.0, 1.0, 0.9651733636856079], "k_pid_att": [100.0, 0.00010029802069766447, 0.9476333260536194], "k_pid_yaw": [0.5, 1e-06, 0.1], "k_pid_hsp": [9.246683120727539, 0.9947662353515625, 0.016632050275802612], "k_pid_vsp": [400.0, 398.4436340332031, 2.3330817222595215]}, "datetime": {"datetime": "2025-08-14 03:49:45", "elapsed": 64913.34290599823, "delta": 30.30542492866516}, "costs": {"total_cost": 1267.1553837198214, "time_cost": 150, "final_distance_cost": 46.146372206392456, "oscillation_cost": 71.38905585240192, "completition_cost": 888.8888888888888, "overshoot_cost": 62.90037185158779, "power_cost": 19.462733520507815, "noise_cost": 28.367961400042653, "n_waypoints_completed": 1, "tot_waypoints": 9}}
{"target": -1168.4913511462928, "params": {"k_pid_pos": [0.2673867344856262, 0.01940631866455078, 0.07288292050361633], "k_pid_alt": [0.0, 0.9999998807907104, 0.9871050119400024], "k_pid_att": [100.0, 9.999999747378752e-05, 0.9810199737548828], "k_pid_yaw": [0.5, 1e-06, 0.1], "k_pid_hsp": [9.832155227661133, 0.9824038743972778, 0.12460952997207642], "k_pid_vsp": [400.0, 391.0133972167969, 2.6408443450927734]}, "datetime": {"datetime": "2025-08-14 03:50:12", "elapsed": 64940.821485996246, "delta": 27.478579998016357}, "costs": {"total_cost": 1168.4913511462928, "time_cost": 150, "final_distance_cost": 69.91776915448666, "oscillation_cost": 468.5628985071946, "completition_cost": 333.33333333333337, "overshoot_cost": 63.70333625397533, "power_cost": 45.28902214355469, "noise_cost": 37.684991753748, "n_waypoints_completed": 6, "tot_waypoints": 9}}
{"target": -1017.8585535228941, "params": {"k_pid_pos": [0.13171835243701935, 0.0013377964496612549, 0.0009903311729431152], "k_pid_alt": [0.0, 0.08919703960418701, 0.9332454204559326], "k_pid_att": [100.0, 9.999999747378752e-05, 0.984027624130249], "k_pid_yaw": [0.5, 1e-06, 0.1], "k_pid_hsp": [9.825695037841797, 0.9726415872573853, 0.011846482753753662], "k_pid_vsp": [399.99993896484375, 381.4927673339844, 5.304563999176025]}, "datetime": {"datetime": "2025-08-14 03:50:41", "elapsed": 64969.97242760658, "delta": 29.150941610336304}, "costs": {"total_cost": 1017.8585535228941, "time_cost": 150, "final_distance_cost": 51.70416272450324, "oscillation_cost": 29.516090640271255, "completition_cost": 666.6666666666667, "overshoot_cost": 66.93699181413083, "power_cost": 21.302330505371096, "noise_cost": 31.73231117195095, "n_waypoints_completed": 3, "tot_waypoints": 9}}
{"target": -913.9237852319932, "params": {"k_pid_pos": [0.1758098155260086, 0.030245870351791382, 0.07386082410812378], "k_pid_alt": [0.0, 1.0, 0.977461576461792], "k_pid_att": [90.35079193115234, 9.999999747378752e-05, 0.9922634363174438], "k_pid_yaw": [0.5, 1e-06, 0.1], "k_pid_hsp": [9.772357940673828, 0.9811269044876099, 0.02088657021522522], "k_pid_vsp": [399.9993591308594, 396.99920654296875, 2.023399829864502]}, "datetime": {"datetime": "2025-08-14 03:51:11", "elapsed": 64999.626558065414, "delta": 29.654130458831787}, "costs": {"total_cost": 913.9237852319932, "time_cost": 150, "final_distance_cost": 64.04603470102624, "oscillation_cost": 236.60752773464637, "completition_cost": 333.33333333333337, "overshoot_cost": 68.83865126907351, "power_cost": 28.870557983398438, "noise_cost": 32.22768021051531, "n_waypoints_completed": 6, "tot_waypoints": 9}}
{"target": -1433.9603593398185, "params": {"k_pid_pos": [0.02639470435678959, 0.09805476665496826, 0.04177588224411011], "k_pid_alt": [0.0010736584663391113, 5.123019218444824e-05, 0.9913283586502075], "k_pid_att": [100.0, 9.999999747378752e-05, 0.9902346134185791], "k_pid_yaw": [0.5, 1e-06, 0.1], "k_pid_hsp": [9.725101470947266, 0.9666613936424255, 0.003196239471435547], "k_pid_vsp": [400.0, 394.4253845214844, 0.8106599450111389]}, "datetime": {"datetime": "2025-08-14 03:51:39", "elapsed": 65028.07210922241, "delta": 28.44555115699768}, "costs": {"total_cost": 1433.9603593398185, "time_cost": 150, "final_distance_cost": 3.151882310247145, "oscillation_cost": 9.64909723674742, "completition_cost": 1000.0, "overshoot_cost": 157.6920640891993, "power_cost": 21.68369626464844, "noise_cost": 91.78361943897622, "n_waypoints_completed": 0, "tot_waypoints": 9}}
{"target": -1312.0008277459851, "params": {"k_pid_pos": [0.013406130485236645, 0.0055151283740997314, 0.14738810062408447], "k_pid_alt": [0.0, 0.9999991059303284, 0.9815913438796997], "k_pid_att": [100.0, 9.999999747378752e-05, 0.9914746284484863], "k_pid_yaw": [0.5, 1e-06, 0.1], "k_pid_hsp": [9.863992691040039, 0.9975476264953613, 0.017122983932495117], "k_pid_vsp": [400.0, 388.7402648925781, 2.265251636505127]}, "datetime": {"datetime": "2025-08-14 03:52:08", "elapsed": 65056.60478067398, "delta": 28.532671451568604}, "costs": {"total_cost": 1312.0008277459851, "time_cost": 150, "final_distance_cost": 57.47051265186337, "oscillation_cost": 67.89628628285554, "completition_cost": 888.8888888888888, "overshoot_cost": 84.34187033399147, "power_cost": 30.93046719970703, "noise_cost": 32.472802388678964, "n_waypoints_completed": 1, "tot_waypoints": 9}}
{"target": -940.0876574782529, "params": {"k_pid_pos": [0.11395938694477081, 0.05647590756416321, 0.010998636484146118], "k_pid_alt": [0.0, 1.0, 0.8789651393890381], "k_pid_att": [100.0, 9.999999747378752e-05, 0.9872230291366577], "k_pid_yaw": [0.5, 1e-06, 0.1], "k_pid_hsp": [9.732048034667969, 0.9922925233840942, 0.009201377630233765], "k_pid_vsp": [400.0, 373.3500671386719, 13.545645713806152]}, "datetime": {"datetime": "2025-08-14 03:52:37", "elapsed": 65086.097542762756, "delta": 29.492762088775635}, "costs": {"total_cost": 940.0876574782529, "time_cost": 150, "final_distance_cost": 52.37276984268634, "oscillation_cost": 56.03205288972491, "completition_cost": 555.5555555555555, "overshoot_cost": 68.85346954809114, "power_cost": 27.52909539794922, "noise_cost": 29.74471424424572, "n_waypoints_completed": 4, "tot_waypoints": 9}}
{"target": -1328.79108538508, "params": {"k_pid_pos": [0.02193518914282322, 0.011366844177246094, 0.02276510000228882], "k_pid_alt": [0.0, 1.0, 0.9933476448059082], "k_pid_att": [100.0, 9.999999747378752e-05, 0.9952425956726074], "k_pid_yaw": [0.5, 1e-06, 0.1], "k_pid_hsp": [9.938737869262695, 0.9822137355804443, 0.0714586079120636], "k_pid_vsp": [400.0, 394.93817138671875, 17.08128547668457]}, "datetime": {"datetime": "2025-08-14 03:53:06", "elapsed": 65114.64406585693, "delta": 28.546523094177246}, "costs": {"total_cost": 1328.79108538508, "time_cost": 150, "final_distance_cost": 68.41495747082068, "oscillation_cost": 82.630763800219, "completition_cost": 888.8888888888888, "overshoot_cost": 76.62038476136671, "power_cost": 33.75939091796875, "noise_cost": 28.47669954581578, "n_waypoints_completed": 1, "tot_waypoints": 9}}
{"target": -1292.3911901339786, "params": {"k_pid_pos": [0.0033858397509902716, 0.0016128122806549072, 0.014550447463989258], "k_pid_alt": [0.0, 1.0, 0.991318941116333], "k_pid_att": [9.206345558166504, 9.999999747378752e-05, 0.9705644249916077], "k_pid_yaw": [0.5, 1e-06, 0.1], "k_pid_hsp": [9.323468208312988, 0.9762495756149292, 0.008072465658187866], "k_pid_vsp": [400.0, 398.8598937988281, 4.2624125480651855]}, "datetime": {"datetime": "2025-08-14 03:53:34", "elapsed": 65142.16269659996, "delta": 27.518630743026733}, "costs": {"total_cost": 1292.3911901339786, "time_cost": 150, "final_distance_cost": 39.57982878065745, "oscillation_cost": 8.76695703919503, "completition_cost": 1000.0, "overshoot_cost": 42.583558111629664, "power_cost": 20.384669555664065, "noise_cost": 31.076176646832515, "n_waypoints_completed": 0, "tot_waypoints": 9}}
{"target": -965.9058640609898, "params": {"k_pid_pos": [0.1556006222963333, 0.005608230829238892, 0.013543933629989624], "k_pid_alt": [0.0, 1.0, 0.8584023714065552], "k_pid_att": [100.0, 9.999999747378752e-05, 0.9951286315917969], "k_pid_yaw": [0.5, 1e-06, 0.1], "k_pid_hsp": [9.694573402404785, 0.9907931685447693, 0.009960323572158813], "k_pid_vsp": [400.0, 365.8443908691406, 2.8311142921447754]}, "datetime": {"datetime": "2025-08-14 03:54:04", "elapsed": 65172.677495241165, "delta": 30.514798641204834}, "costs": {"total_cost": 965.9058640609898, "time_cost": 150, "final_distance_cost": 48.938441160271026, "oscillation_cost": 201.1862276548421, "completition_cost": 444.4444444444444, "overshoot_cost": 67.22379215068652, "power_cost": 23.489192443847656, "noise_cost": 30.62376620689801, "n_waypoints_completed": 5, "tot_waypoints": 9}}
{"target": -1258.2151596118704, "params": {"k_pid_pos": [0.014368042349815369, 0.016923069953918457, 0.01605069637298584], "k_pid_alt": [0.0, 1.0, 0.9901620745658875], "k_pid_att": [100.0, 9.999999747378752e-05, 0.9518266320228577], "k_pid_yaw": [0.5, 1e-06, 0.1], "k_pid_hsp": [9.888084411621094, 0.9882752895355225, 0.0019264519214630127], "k_pid_vsp": [400.0, 397.28662109375, 4.816986083984375]}, "datetime": {"datetime": "2025-08-14 03:54:34", "elapsed": 65202.713690280914, "delta": 30.036195039749146}, "costs": {"total_cost": 1258.2151596118704, "time_cost": 150, "final_distance_cost": 60.389529544535904, "oscillation_cost": 22.755605344873697, "completition_cost": 888.8888888888888, "overshoot_cost": 87.81691801025279, "power_cost": 18.841703369140625, "noise_cost": 29.522514454178715, "n_waypoints_completed": 1, "tot_waypoints": 9}}
{"target": -1258.2697497874099, "params": {"k_pid_pos": [0.011755343526601791, 0.0695832371711731, 0.025132089853286743], "k_pid_alt": [0.0, 1.0, 0.981880784034729], "k_pid_att": [100.0, 9.999999747378752e-05, 0.9750120639801025], "k_pid_yaw": [0.5, 1e-06, 0.1], "k_pid_hsp": [9.849979400634766, 0.9943246841430664, 0.004924982786178589], "k_pid_vsp": [400.0, 399.240966796875, 12.756324768066406]}, "datetime": {"datetime": "2025-08-14 03:55:06", "elapsed": 65234.41672897339, "delta": 31.703038692474365}, "costs": {"total_cost": 1258.2697497874099, "time_cost": 150, "final_distance_cost": 64.08623000565699, "oscillation_cost": 29.09766272455979, "completition_cost": 888.8888888888888, "overshoot_cost": 68.05019897875611, "power_cost": 29.958948437500002, "noise_cost": 28.187820752048193, "n_waypoints_completed": 1, "tot_waypoints": 9}}
{"target": -1190.3061312441523, "params": {"k_pid_pos": [0.05489282310009003, 0.005753934383392334, 0.010787636041641235], "k_pid_alt": [1.8442823886871338, 0.9999624490737915, 0.9958770275115967], "k_pid_att": [100.0, 0.0001011920758173801, 0.9938284158706665], "k_pid_yaw": [0.5, 1e-06, 0.1], "k_pid_hsp": [9.949984550476074, 0.9916483759880066, 0.027432024478912354], "k_pid_vsp": [400.0, 398.3118896484375, 13.368011474609375]}, "datetime": {"datetime": "2025-08-14 03:55:35", "elapsed": 65263.23424458504, "delta": 28.81751561164856}, "costs": {"total_cost": 1190.3061312441523, "time_cost": 150, "final_distance_cost": 84.37286099352335, "oscillation_cost": 48.54852225342322, "completition_cost": 777.7777777777778, "overshoot_cost": 59.393935191072394, "power_cost": 37.75739035644531, "noise_cost": 32.455644671910335, "n_waypoints_completed": 2, "tot_waypoints": 9}}
{"target": -1066.253669368897, "params": {"k_pid_pos": [0.06349840760231018, 0.18157356977462769, 0.04115849733352661], "k_pid_alt": [0.0, 1.0, 0.955987811088562], "k_pid_att": [100.0, 9.999999747378752e-05, 0.9813581705093384], "k_pid_yaw": [0.5, 1e-06, 0.1], "k_pid_hsp": [9.895445823669434, 0.9880218505859375, 0.003904968500137329], "k_pid_vsp": [400.0, 391.1754150390625, 19.321992874145508]}, "datetime": {"datetime": "2025-08-14 03:56:05", "elapsed": 65293.460409879684, "delta": 30.226165294647217}, "costs": {"total_cost": 1066.253669368897, "time_cost": 150, "final_distance_cost": 57.13636939172177, "oscillation_cost": 67.18470660700824, "completition_cost": 666.6666666666667, "overshoot_cost": 67.5812688947727, "power_cost": 27.220378710937503, "noise_cost": 30.4642790977899, "n_waypoints_completed": 3, "tot_waypoints": 9}}
{"target": -1260.8815605703905, "params": {"k_pid_pos": [0.038245365023612976, 0.010619789361953735, 0.008328467607498169], "k_pid_alt": [0.0, 1.0, 0.9878021478652954], "k_pid_att": [100.0, 9.999999747378752e-05, 0.9833012223243713], "k_pid_yaw": [0.5, 1e-06, 0.1], "k_pid_hsp": [9.583727836608887, 0.9825072288513184, 0.07662749290466309], "k_pid_vsp": [400.0, 352.58392333984375, 2.372241973876953]}, "datetime": {"datetime": "2025-08-14 03:56:35", "elapsed": 65323.20927762985, "delta": 29.748867750167847}, "costs": {"total_cost": 1260.8815605703905, "time_cost": 150, "final_distance_cost": 87.04856339545726, "oscillation_cost": 116.6578470477854, "completition_cost": 777.7777777777778, "overshoot_cost": 70.406847764507, "power_cost": 29.70693408203125, "noise_cost": 29.283590502831647, "n_waypoints_completed": 2, "tot_waypoints": 9}}
{"target": -1179.728816432488, "params": {"k_pid_pos": [0.05454922094941139, 0.02888178825378418, 0.01894015073776245], "k_pid_alt": [0.0, 1.0, 0.9964934587478638], "k_pid_att": [100.0, 9.999999747378752e-05, 0.9812911152839661], "k_pid_yaw": [0.5, 1e-06, 0.1], "k_pid_hsp": [9.843419075012207, 0.9817299842834473, 0.013295263051986694], "k_pid_vsp": [400.0, 368.6891784667969, 4.296685218811035]}, "datetime": {"datetime": "2025-08-14 03:57:02", "elapsed": 65350.79319834709, "delta": 27.58392071723938}, "costs": {"total_cost": 1179.728816432488, "time_cost": 150, "final_distance_cost": 94.47842650220025, "oscillation_cost": 34.746907069845086, "completition_cost": 777.7777777777778, "overshoot_cost": 67.30520408406042, "power_cost": 24.53652618408203, "noise_cost": 30.88397481452234, "n_waypoints_completed": 2, "tot_waypoints": 9}}
