{"target": -1015.3339450259604, "params": {"k_pid_pos": [0.12435242533683777, 0.030510783195495605, 0.013818413019180298], "k_pid_alt": [5.960464477539063e-08, 1.0, 0.9872094392776489], "k_pid_att": [100.0, 0.0006012700614519417, 0.8690108060836792], "k_pid_yaw": [0.5, 1e-06, 0.1], "k_pid_hsp": [9.964595794677734, 0.9664257764816284, 0.03351724147796631], "k_pid_vsp": [32.305789947509766, 381.85430908203125, 7.42092227935791]}, "datetime": {"datetime": "2025-08-13 21:41:18", "elapsed": 42806.73166680336, "delta": 28.913989543914795}, "costs": {"total_cost": 1015.3339450259604, "time_cost": 150, "final_distance_cost": 39.561474662820345, "oscillation_cost": 144.0267847734377, "completition_cost": 555.5555555555555, "overshoot_cost": 68.73447921717991, "power_cost": 27.911783044433594, "noise_cost": 29.543867772533286, "n_waypoints_completed": 4, "tot_waypoints": 9}}
{"target": -1208.2323862191427, "params": {"k_pid_pos": [0.03288508951663971, 0.0395926833152771, 0.013263523578643799], "k_pid_alt": [0.2929481267929077, 1.0, 0.9846298694610596], "k_pid_att": [99.96073150634766, 9.999999747378752e-05, 0.9940397143363953], "k_pid_yaw": [0.5, 1e-06, 0.1], "k_pid_hsp": [9.204267501831055, 0.9471502900123596, 0.04313352704048157], "k_pid_vsp": [398.5939636230469, 386.15655517578125, 8.5247163772583]}, "datetime": {"datetime": "2025-08-13 21:41:47", "elapsed": 42835.50573563576, "delta": 28.77406883239746}, "costs": {"total_cost": 1208.2323862191427, "time_cost": 150, "final_distance_cost": 82.35410797155012, "oscillation_cost": 65.03572455026182, "completition_cost": 777.7777777777778, "overshoot_cost": 72.2738776697696, "power_cost": 30.403892993164064, "noise_cost": 30.387005256618878, "n_waypoints_completed": 2, "tot_waypoints": 9}}
{"target": -1248.2916719213588, "params": {"k_pid_pos": [0.023409971967339516, 0.10549184679985046, 0.07580810785293579], "k_pid_alt": [1.7881393432617188e-07, 1.0, 0.765058159828186], "k_pid_att": [100.0, 9.999999747378752e-05, 0.9889814853668213], "k_pid_yaw": [0.5, 1e-06, 0.1], "k_pid_hsp": [9.48678207397461, 0.975760817527771, 0.020084023475646973], "k_pid_vsp": [399.9854736328125, 398.0027160644531, 3.123439311981201]}, "datetime": {"datetime": "2025-08-13 21:42:17", "elapsed": 42865.46555662155, "delta": 29.959820985794067}, "costs": {"total_cost": 1248.2916719213588, "time_cost": 150, "final_distance_cost": 61.56718249857345, "oscillation_cost": 30.877529257022193, "completition_cost": 888.8888888888888, "overshoot_cost": 52.08794199743494, "power_cost": 31.68649786376953, "noise_cost": 33.18363141566982, "n_waypoints_completed": 1, "tot_waypoints": 9}}
{"target": -1167.367932891099, "params": {"k_pid_pos": [0.09313742816448212, 0.06139305233955383, 0.05053353309631348], "k_pid_alt": [0.0001093745231628418, 0.03954151272773743, 0.9846222400665283], "k_pid_att": [100.0, 9.999999747378752e-05, 0.9845643043518066], "k_pid_yaw": [0.5, 1e-06, 0.1], "k_pid_hsp": [9.182276725769043, 0.8950788974761963, 0.010727941989898682], "k_pid_vsp": [400.0, 327.45062255859375, 2.7043590545654297]}, "datetime": {"datetime": "2025-08-13 21:42:45", "elapsed": 42893.78859233856, "delta": 28.323035717010498}, "costs": {"total_cost": 1167.367932891099, "time_cost": 150, "final_distance_cost": 89.19709470146327, "oscillation_cost": 28.490933633760804, "completition_cost": 777.7777777777778, "overshoot_cost": 65.23395368933102, "power_cost": 23.09787994384766, "noise_cost": 33.57029314491849, "n_waypoints_completed": 2, "tot_waypoints": 9}}
{"target": -1224.6390591713716, "params": {"k_pid_pos": [0.017786018550395966, 0.18278634548187256, 0.02824091911315918], "k_pid_alt": [0.0, 1.0, 0.9329019784927368], "k_pid_att": [100.0, 1.760373830795288, 0.9850693941116333], "k_pid_yaw": [0.5, 1e-06, 0.1], "k_pid_hsp": [9.867754936218262, 0.9989739656448364, 0.008350461721420288], "k_pid_vsp": [400.0, 385.06658935546875, 1.0691771507263184]}, "datetime": {"datetime": "2025-08-13 21:43:15", "elapsed": 42924.01950311661, "delta": 30.230910778045654}, "costs": {"total_cost": 1224.6390591713716, "time_cost": 150, "final_distance_cost": 91.8410542084048, "oscillation_cost": 59.42220571791484, "completition_cost": 777.7777777777778, "overshoot_cost": 70.40710203534267, "power_cost": 39.85880047607422, "noise_cost": 35.332118955857204, "n_waypoints_completed": 2, "tot_waypoints": 9}}
{"target": -1190.2255018589908, "params": {"k_pid_pos": [0.020238865166902542, 0.03170675039291382, 0.1383988857269287], "k_pid_alt": [0.0, 1.0, 0.989371657371521], "k_pid_att": [100.0, 9.999999747378752e-05, 0.9655765295028687], "k_pid_yaw": [0.5, 1e-06, 0.1], "k_pid_hsp": [9.403008460998535, 0.9880408048629761, 0.007149428129196167], "k_pid_vsp": [399.9989013671875, 397.42608642578125, 6.372071266174316]}, "datetime": {"datetime": "2025-08-13 21:43:46", "elapsed": 42954.59983611107, "delta": 30.58033299446106}, "costs": {"total_cost": 1190.2255018589908, "time_cost": 150, "final_distance_cost": 82.95811048119522, "oscillation_cost": 29.774088994022012, "completition_cost": 777.7777777777778, "overshoot_cost": 83.77438451122067, "power_cost": 32.634778173828124, "noise_cost": 33.30636192094688, "n_waypoints_completed": 2, "tot_waypoints": 9}}
{"target": -982.8274869734661, "params": {"k_pid_pos": [0.11590615659952164, 0.04885011911392212, 0.054992467164993286], "k_pid_alt": [0.0, 1.0, 0.9860799908638], "k_pid_att": [99.99999237060547, 0.0001125168491853401, 0.9776700735092163], "k_pid_yaw": [0.5, 1e-06, 0.1], "k_pid_hsp": [9.034934997558594, 0.959017276763916, 0.04371744394302368], "k_pid_vsp": [399.99993896484375, 385.8995056152344, 7.770777702331543]}, "datetime": {"datetime": "2025-08-13 21:44:15", "elapsed": 42984.03857779503, "delta": 29.43874168395996}, "costs": {"total_cost": 982.8274869734661, "time_cost": 150, "final_distance_cost": 43.55232670248328, "oscillation_cost": 220.89037605748518, "completition_cost": 444.4444444444444, "overshoot_cost": 75.92470200431423, "power_cost": 20.917667248535157, "noise_cost": 27.09797051620375, "n_waypoints_completed": 5, "tot_waypoints": 9}}
{"target": -1142.8223069148842, "params": {"k_pid_pos": [0.04325423017144203, 0.07192397117614746, 0.014164060354232788], "k_pid_alt": [0.0, 1.0, 0.9623332023620605], "k_pid_att": [100.0, 9.999999747378752e-05, 0.932296633720398], "k_pid_yaw": [0.5, 1e-06, 0.1], "k_pid_hsp": [9.96071720123291, 0.9921837449073792, 0.03339532017707825], "k_pid_vsp": [398.8080139160156, 394.4288330078125, 4.157341480255127]}, "datetime": {"datetime": "2025-08-13 21:44:47", "elapsed": 43015.76520395279, "delta": 31.72662615776062}, "costs": {"total_cost": 1142.8223069148842, "time_cost": 150, "final_distance_cost": 53.193163015489404, "oscillation_cost": 137.17044945851106, "completition_cost": 666.6666666666667, "overshoot_cost": 84.00334853001145, "power_cost": 21.903033264160158, "noise_cost": 29.885645980045375, "n_waypoints_completed": 3, "tot_waypoints": 9}}
{"target": -1178.853801189947, "params": {"k_pid_pos": [0.03142973408102989, 0.012980610132217407, 0.0036128461360931396], "k_pid_alt": [1.8715858459472656e-05, 1.0, 0.9647612571716309], "k_pid_att": [100.0, 0.0010518765775486827, 0.9000809192657471], "k_pid_yaw": [0.5, 1e-06, 0.1], "k_pid_hsp": [9.724905014038086, 0.9689228534698486, 0.02900293469429016], "k_pid_vsp": [399.9770202636719, 370.7186584472656, 17.588510513305664]}, "datetime": {"datetime": "2025-08-13 21:45:16", "elapsed": 43044.58484315872, "delta": 28.819639205932617}, "costs": {"total_cost": 1178.853801189947, "time_cost": 150, "final_distance_cost": 65.20161920222783, "oscillation_cost": 67.79774594565158, "completition_cost": 777.7777777777778, "overshoot_cost": 65.0648123452968, "power_cost": 26.214761389160156, "noise_cost": 26.797084529832702, "n_waypoints_completed": 2, "tot_waypoints": 9}}
{"target": -1189.9496757191134, "params": {"k_pid_pos": [0.05311097204685211, 0.003117859363555908, 0.023578405380249023], "k_pid_alt": [0.0033915042877197266, 1.0, 0.9807480573654175], "k_pid_att": [100.0, 9.999999747378752e-05, 0.9741347432136536], "k_pid_yaw": [0.5, 1e-06, 0.1], "k_pid_hsp": [9.74347972869873, 0.8936446309089661, 0.014132022857666016], "k_pid_vsp": [399.9999694824219, 394.5738830566406, 46.36928939819336]}, "datetime": {"datetime": "2025-08-13 21:45:46", "elapsed": 43074.28594303131, "delta": 29.70109987258911}, "costs": {"total_cost": 1189.9496757191134, "time_cost": 150, "final_distance_cost": 77.17243502199439, "oscillation_cost": 68.00371755204137, "completition_cost": 777.7777777777778, "overshoot_cost": 70.36797508879496, "power_cost": 21.35870700683594, "noise_cost": 25.269063271668912, "n_waypoints_completed": 2, "tot_waypoints": 9}}
{"target": -1274.1723705896202, "params": {"k_pid_pos": [0.020595582202076912, 0.02237844467163086, 0.018817633390426636], "k_pid_alt": [0.0001576542854309082, 1.0, 0.9772714376449585], "k_pid_att": [100.0, 0.00010059603664558381, 0.9886124134063721], "k_pid_yaw": [0.5, 1e-06, 0.1], "k_pid_hsp": [9.698587417602539, 0.9182261228561401, 0.027376949787139893], "k_pid_vsp": [400.0, 383.988525390625, 4.574967384338379]}, "datetime": {"datetime": "2025-08-13 21:46:16", "elapsed": 43104.34706282616, "delta": 30.06111979484558}, "costs": {"total_cost": 1274.1723705896202, "time_cost": 150, "final_distance_cost": 66.05420079195932, "oscillation_cost": 37.60421509905834, "completition_cost": 888.8888888888888, "overshoot_cost": 72.51424168966493, "power_cost": 27.67729185791016, "noise_cost": 31.433532262138783, "n_waypoints_completed": 1, "tot_waypoints": 9}}
{"target": -1705.8650583400326, "params": {"k_pid_pos": [0.011571412906050682, 0.010956346988677979, 0.0799899697303772], "k_pid_alt": [0.0, 1.0, 0.9167690277099609], "k_pid_att": [100.0, 9.999999747378752e-05, 0.9990842938423157], "k_pid_yaw": [0.5, 1e-06, 0.1], "k_pid_hsp": [9.808440208435059, 0.9981245994567871, 0.07584947347640991], "k_pid_vsp": [399.5757141113281, 368.6916198730469, 1.0102758407592773]}, "datetime": {"datetime": "2025-08-13 21:46:46", "elapsed": 43134.301404953, "delta": 29.954342126846313}, "costs": {"total_cost": 1705.8650583400326, "time_cost": 150, "final_distance_cost": 66.34043824289377, "oscillation_cost": 439.14786736461855, "completition_cost": 888.8888888888888, "overshoot_cost": 94.34593571376244, "power_cost": 36.99223957519531, "noise_cost": 30.149688554673933, "n_waypoints_completed": 1, "tot_waypoints": 9}}
{"target": -1058.8501720023648, "params": {"k_pid_pos": [0.0614827424287796, 0.026172876358032227, 0.006560385227203369], "k_pid_alt": [0.0, 1.0, 0.9746133685112], "k_pid_att": [100.0, 9.999999747378752e-05, 0.9602622985839844], "k_pid_yaw": [0.5, 1e-06, 0.1], "k_pid_hsp": [9.905900955200195, 0.9929567575454712, 0.007507443428039551], "k_pid_vsp": [399.6077575683594, 371.7785339355469, 8.345807075500488]}, "datetime": {"datetime": "2025-08-13 21:47:15", "elapsed": 43163.28331041336, "delta": 28.981905460357666}, "costs": {"total_cost": 1058.8501720023648, "time_cost": 150, "final_distance_cost": 71.08157288784793, "oscillation_cost": 45.88769168816698, "completition_cost": 666.6666666666667, "overshoot_cost": 74.88036655166421, "power_cost": 21.294752587890628, "noise_cost": 29.03912162012829, "n_waypoints_completed": 3, "tot_waypoints": 9}}
{"target": -1266.046459263763, "params": {"k_pid_pos": [0.0035969489254057407, 0.010142236948013306, 0.04218471050262451], "k_pid_alt": [0.0, 0.9999005794525146, 0.9916301965713501], "k_pid_att": [100.0, 0.00011370892752893269, 0.9969363212585449], "k_pid_yaw": [0.5, 1e-06, 0.1], "k_pid_hsp": [8.363180160522461, 0.9910963773727417, 0.0071912407875061035], "k_pid_vsp": [400.0, 393.969482421875, 13.808728218078613]}, "datetime": {"datetime": "2025-08-13 21:47:44", "elapsed": 43192.52671265602, "delta": 29.243402242660522}, "costs": {"total_cost": 1266.046459263763, "time_cost": 150, "final_distance_cost": 48.99182223782221, "oscillation_cost": 21.29091627689379, "completition_cost": 888.8888888888888, "overshoot_cost": 94.92670877984821, "power_cost": 32.08905565185547, "noise_cost": 29.859067428454345, "n_waypoints_completed": 1, "tot_waypoints": 9}}
{"target": -737.6823247566927, "params": {"k_pid_pos": [0.1917870044708252, 0.007191747426986694, 0.030793339014053345], "k_pid_alt": [0.0, 1.0, 0.882941722869873], "k_pid_att": [100.0, 9.999999747378752e-05, 0.9917190670967102], "k_pid_yaw": [0.5, 1e-06, 0.1], "k_pid_hsp": [9.468138694763184, 0.9476773738861084, 0.004575788974761963], "k_pid_vsp": [400.0, 388.8177490234375, 6.134475231170654]}, "datetime": {"datetime": "2025-08-13 21:48:14", "elapsed": 43223.08708977699, "delta": 30.56037712097168}, "costs": {"total_cost": 737.6823247566927, "time_cost": 150, "final_distance_cost": 66.51999299805217, "oscillation_cost": 67.12560364438595, "completition_cost": 333.33333333333337, "overshoot_cost": 67.05790948030074, "power_cost": 21.646489147949218, "noise_cost": 31.998996152671282, "n_waypoints_completed": 6, "tot_waypoints": 9}}
{"target": -1046.6023525789765, "params": {"k_pid_pos": [0.07645723968744278, 0.04761844873428345, 0.020628154277801514], "k_pid_alt": [0.0, 1.0, 0.985918402671814], "k_pid_att": [100.0, 9.999999747378752e-05, 0.9631347060203552], "k_pid_yaw": [0.5, 1e-06, 0.1], "k_pid_hsp": [9.041205406188965, 0.9915094375610352, 0.005654692649841309], "k_pid_vsp": [400.0, 372.54876708984375, 14.581311225891113]}, "datetime": {"datetime": "2025-08-13 21:48:45", "elapsed": 43253.585686445236, "delta": 30.498596668243408}, "costs": {"total_cost": 1046.6023525789765, "time_cost": 150, "final_distance_cost": 53.21970308313849, "oscillation_cost": 47.1919858391837, "completition_cost": 666.6666666666667, "overshoot_cost": 71.88821244460829, "power_cost": 27.979277001953125, "noise_cost": 29.656507543426198, "n_waypoints_completed": 3, "tot_waypoints": 9}}
{"target": -340.16869123013726, "params": {"k_pid_pos": [0.2941402792930603, 0.025967806577682495, 0.02253904938697815], "k_pid_alt": [0.47223663330078125, 1.0, 0.954491913318634], "k_pid_att": [100.0, 9.999999747378752e-05, 0.9639586210250854], "k_pid_yaw": [0.5, 1e-06, 0.1], "k_pid_hsp": [9.9134521484375, 0.9689035415649414, 0.011821895837783813], "k_pid_vsp": [399.9993591308594, 397.64825439453125, 7.042659282684326]}, "datetime": {"datetime": "2025-08-13 21:49:13", "elapsed": 43281.82854056358, "delta": 28.242854118347168}, "costs": {"total_cost": 340.16869123013726, "time_cost": 115.22, "final_distance_cost": 1.8303242559252537, "oscillation_cost": 82.23980035876532, "completition_cost": 0.0, "overshoot_cost": 65.4421855975818, "power_cost": 38.26786274414063, "noise_cost": 37.16851827372424, "n_waypoints_completed": 9, "tot_waypoints": 9}}
{"target": -935.1049047873889, "params": {"k_pid_pos": [0.09441749006509781, 0.025797009468078613, 0.030188828706741333], "k_pid_alt": [0.0, 1.0, 0.9934070110321045], "k_pid_att": [99.99987030029297, 9.999999747378752e-05, 0.9583942294120789], "k_pid_yaw": [0.5, 1e-06, 0.1], "k_pid_hsp": [9.12147045135498, 0.9854099750518799, 0.0029436051845550537], "k_pid_vsp": [400.0, 395.78997802734375, 23.809375762939453]}, "datetime": {"datetime": "2025-08-13 21:49:44", "elapsed": 43312.61506652832, "delta": 30.78652596473694}, "costs": {"total_cost": 935.1049047873889, "time_cost": 150, "final_distance_cost": 46.05483798683528, "oscillation_cost": 48.10490677813846, "completition_cost": 555.5555555555555, "overshoot_cost": 72.11192710281526, "power_cost": 31.91047694091797, "noise_cost": 31.3672004231264, "n_waypoints_completed": 4, "tot_waypoints": 9}}
{"target": -1805.7189387957683, "params": {"k_pid_pos": [0.021786602213978767, 0.003227412700653076, 0.06134873628616333], "k_pid_alt": [0.0, 1.0, 0.9323265552520752], "k_pid_att": [100.0, 9.999999747378752e-05, 0.9801731109619141], "k_pid_yaw": [0.5, 1e-06, 0.1], "k_pid_hsp": [9.921728134155273, 0.8863100409507751, 0.095904141664505], "k_pid_vsp": [400.0, 383.026611328125, 26.7525691986084]}, "datetime": {"datetime": "2025-08-13 21:50:13", "elapsed": 43341.837485075, "delta": 29.222418546676636}, "costs": {"total_cost": 1805.7189387957683, "time_cost": 150, "final_distance_cost": 57.72623870077231, "oscillation_cost": 562.3519490821435, "completition_cost": 888.8888888888888, "overshoot_cost": 78.95299083285667, "power_cost": 39.836277343750005, "noise_cost": 27.962593947357092, "n_waypoints_completed": 1, "tot_waypoints": 9}}
{"target": -1457.4809889382539, "params": {"k_pid_pos": [0.1481509506702423, 0.09907528758049011, 0.06975480914115906], "k_pid_alt": [1.1920928955078125e-07, 1.0, 0.9520465135574341], "k_pid_att": [100.0, 9.999999747378752e-05, 0.9861736297607422], "k_pid_yaw": [0.5, 1e-06, 0.1], "k_pid_hsp": [9.577996253967285, 0.9706853032112122, 0.1030893325805664], "k_pid_vsp": [400.0, 390.3716735839844, 5.773163795471191]}, "datetime": {"datetime": "2025-08-13 21:50:42", "elapsed": 43370.93757081032, "delta": 29.100085735321045}, "costs": {"total_cost": 1457.4809889382539, "time_cost": 150, "final_distance_cost": 46.7361573831247, "oscillation_cost": 580.8713558938134, "completition_cost": 555.5555555555555, "overshoot_cost": 60.834167607366815, "power_cost": 33.1977181640625, "noise_cost": 30.286034334330825, "n_waypoints_completed": 4, "tot_waypoints": 9}}
{"target": -1628.8919604092737, "params": {"k_pid_pos": [0.1361551582813263, 0.011739671230316162, 0.07874071598052979], "k_pid_alt": [0.0, 1.0, 0.8942714929580688], "k_pid_att": [100.0, 9.999999747378752e-05, 0.9829191565513611], "k_pid_yaw": [0.5, 1e-06, 0.1], "k_pid_hsp": [9.936030387878418, 0.9309151768684387, 0.09933310747146606], "k_pid_vsp": [400.0, 395.62567138671875, 9.262503623962402]}, "datetime": {"datetime": "2025-08-13 21:51:12", "elapsed": 43400.753702163696, "delta": 29.816131353378296}, "costs": {"total_cost": 1628.8919604092737, "time_cost": 150, "final_distance_cost": 52.561243045126986, "oscillation_cost": 739.6595275329381, "completition_cost": 555.5555555555555, "overshoot_cost": 71.8251309710232, "power_cost": 29.64678397216797, "noise_cost": 29.643719332462055, "n_waypoints_completed": 4, "tot_waypoints": 9}}
{"target": -1164.0275944425134, "params": {"k_pid_pos": [0.03970018029212952, 0.10007768869400024, 0.024375855922698975], "k_pid_alt": [1.7881393432617188e-07, 1.0, 0.9455339312553406], "k_pid_att": [100.0, 9.999999747378752e-05, 0.9912599921226501], "k_pid_yaw": [0.5, 1e-06, 0.1], "k_pid_hsp": [9.919692039489746, 0.9289363026618958, 0.008645981550216675], "k_pid_vsp": [58.00895690917969, 397.9884033203125, 20.196916580200195]}, "datetime": {"datetime": "2025-08-13 21:51:42", "elapsed": 43430.63766002655, "delta": 29.883957862854004}, "costs": {"total_cost": 1164.0275944425134, "time_cost": 150, "final_distance_cost": 79.4893968590149, "oscillation_cost": 44.96766646061286, "completition_cost": 777.7777777777778, "overshoot_cost": 60.27400670492514, "power_cost": 24.83030661621094, "noise_cost": 26.688440023972007, "n_waypoints_completed": 2, "tot_waypoints": 9}}
{"target": -1164.3375361838575, "params": {"k_pid_pos": [0.0556875541806221, 0.04364997148513794, 0.021000564098358154], "k_pid_alt": [0.0, 1.0, 0.915911853313446], "k_pid_att": [100.0, 9.999999747378752e-05, 0.9795268774032593], "k_pid_yaw": [0.5, 1e-06, 0.1], "k_pid_hsp": [9.979291915893555, 0.9900782108306885, 0.022051841020584106], "k_pid_vsp": [400.0, 397.5909729003906, 1.09535551071167]}, "datetime": {"datetime": "2025-08-13 21:52:12", "elapsed": 43460.80937957764, "delta": 30.171719551086426}, "costs": {"total_cost": 1164.3375361838575, "time_cost": 150, "final_distance_cost": 54.53300534558506, "oscillation_cost": 150.64436851673275, "completition_cost": 666.6666666666667, "overshoot_cost": 83.080426054353, "power_cost": 27.048837854003907, "noise_cost": 32.36423174651602, "n_waypoints_completed": 3, "tot_waypoints": 9}}
{"target": -835.655383225889, "params": {"k_pid_pos": [0.2001749873161316, 0.01231810450553894, 0.037364661693573], "k_pid_alt": [0.0, 1.0, 0.9711368083953857], "k_pid_att": [100.0, 9.999999747378752e-05, 0.9867327213287354], "k_pid_yaw": [0.5, 1e-06, 0.1], "k_pid_hsp": [9.529595375061035, 0.9730442762374878, 0.009999722242355347], "k_pid_vsp": [0.03424882888793945, 397.5180969238281, 13.95813274383545]}, "datetime": {"datetime": "2025-08-13 21:52:42", "elapsed": 43490.15509057045, "delta": 29.34571099281311}, "costs": {"total_cost": 835.655383225889, "time_cost": 150, "final_distance_cost": 67.99091120503655, "oscillation_cost": 158.24146969568676, "completition_cost": 333.33333333333337, "overshoot_cost": 68.231248109101, "power_cost": 30.81405270996094, "noise_cost": 27.044368172770284, "n_waypoints_completed": 6, "tot_waypoints": 9}}
{"target": -1287.7542902637992, "params": {"k_pid_pos": [0.014315771870315075, 0.02277359366416931, 0.0073729753494262695], "k_pid_alt": [0.0, 1.0, 0.9723776578903198], "k_pid_att": [100.0, 0.00024155961000360548, 0.8955029845237732], "k_pid_yaw": [0.5, 1e-06, 0.1], "k_pid_hsp": [9.972771644592285, 0.9904109239578247, 0.00752529501914978], "k_pid_vsp": [0.0004887580871582031, 392.97149658203125, 4.039038181304932]}, "datetime": {"datetime": "2025-08-13 21:53:11", "elapsed": 43519.7941262722, "delta": 29.63903570175171}, "costs": {"total_cost": 1287.7542902637992, "time_cost": 150, "final_distance_cost": 71.5228777113579, "oscillation_cost": 37.89572481706094, "completition_cost": 888.8888888888888, "overshoot_cost": 83.22401087760747, "power_cost": 31.086172863769534, "noise_cost": 25.13661510511478, "n_waypoints_completed": 1, "tot_waypoints": 9}}
