{"target": -927.2050772593666, "params": {"k_pid_pos": [0.5968713164329529, 0.8535903096199036, 0.5898659825325012], "k_pid_alt": [1.61043381690979, 0.9585088491439819, 0.2296137511730194], "k_pid_att": [85.46844482421875, 1.7169159650802612, 0.5682867765426636], "k_pid_yaw": [0.5, 1e-06, 0.1], "k_pid_hsp": [7.3978471755981445, 0.8519441485404968, 0.7234249711036682], "k_pid_vsp": [233.5775909423828, 189.16522216796875, 53.117000579833984]}, "datetime": {"datetime": "2025-08-13 10:00:28", "elapsed": 756.3482553958893, "delta": 28.199941396713257}, "costs": {"total_cost": 927.2050772593666, "time_cost": 150, "final_distance_cost": 64.21272445057562, "oscillation_cost": 371.49311910298155, "completition_cost": 222.2222222222222, "overshoot_cost": 58.79221573734957, "power_cost": 32.04542358398437, "noise_cost": 28.439372162253225, "n_waypoints_completed": 7, "tot_waypoints": 9}}
{"target": -567.4515804348614, "params": {"k_pid_pos": [1.6393285989761353, 0.48808515071868896, 0.08987653255462646], "k_pid_alt": [1.6612187623977661, 0.06077265739440918, 0.5657937526702881], "k_pid_att": [32.75853729248047, 1.4484407901763916, 0.4343780279159546], "k_pid_yaw": [0.5, 1e-06, 0.1], "k_pid_hsp": [8.892046928405762, 0.7023066282272339, 0.44176167249679565], "k_pid_vsp": [235.71136474609375, 105.68086242675781, 262.6730041503906]}, "datetime": {"datetime": "2025-08-13 10:00:54", "elapsed": 782.8611752986908, "delta": 26.512919902801514}, "costs": {"total_cost": 567.4515804348614, "time_cost": 112.161, "final_distance_cost": 1.777655069031494, "oscillation_cost": 319.14685143098086, "completition_cost": 0.0, "overshoot_cost": 74.8801988114287, "power_cost": 31.578749450683596, "noise_cost": 27.907125672736736, "n_waypoints_completed": 9, "tot_waypoints": 9}}
{"target": -1158.5986792643841, "params": {"k_pid_pos": [0.8340128064155579, 0.1654207706451416, 0.42721831798553467], "k_pid_alt": [1.1144448518753052, 0.2970219552516937, 0.8665552735328674], "k_pid_att": [5.945187568664551, 0.738397479057312, 0.21342694759368896], "k_pid_yaw": [0.5, 1e-06, 0.1], "k_pid_hsp": [0.893911600112915, 0.540978729724884, 0.388287216424942], "k_pid_vsp": [4.293811321258545, 345.1355285644531, 135.3404998779297]}, "datetime": {"datetime": "2025-08-13 10:01:22", "elapsed": 811.084067106247, "delta": 28.222891807556152}, "costs": {"total_cost": 1158.5986792643841, "time_cost": 150, "final_distance_cost": 37.178824030320605, "oscillation_cost": 267.16418790778516, "completition_cost": 555.5555555555555, "overshoot_cost": 82.4872278421112, "power_cost": 30.804599072265628, "noise_cost": 35.408284856346164, "n_waypoints_completed": 4, "tot_waypoints": 9}}
{"target": -1513.0753528745056, "params": {"k_pid_pos": [0.9285671710968018, 0.6008732318878174, 0.47911253571510315], "k_pid_alt": [1.861133337020874, 0.24576744437217712, 0.6553815603256226], "k_pid_att": [81.70955657958984, 5.068583965301514, 0.7243458032608032], "k_pid_yaw": [0.5, 1e-06, 0.1], "k_pid_hsp": [9.135100364685059, 0.831023097038269, 0.6491698622703552], "k_pid_vsp": [364.4430847167969, 322.12188720703125, 344.9646911621094]}, "datetime": {"datetime": "2025-08-13 10:01:51", "elapsed": 839.6239535808563, "delta": 28.539886474609375}, "costs": {"total_cost": 1513.0753528745056, "time_cost": 150, "final_distance_cost": 46.54727541186558, "oscillation_cost": 578.1807672601952, "completition_cost": 555.5555555555555, "overshoot_cost": 53.606275773178666, "power_cost": 52.31901669921875, "noise_cost": 76.86646217449164, "n_waypoints_completed": 4, "tot_waypoints": 9}}
{"target": -799.785032271487, "params": {"k_pid_pos": [1.727445125579834, 0.804594874382019, 0.10936883091926575], "k_pid_alt": [0.884181797504425, 0.6641243100166321, 0.9785503149032593], "k_pid_att": [30.446130752563477, 7.835074424743652, 0.5790738463401794], "k_pid_yaw": [0.5, 1e-06, 0.1], "k_pid_hsp": [8.155420303344727, 0.5837327241897583, 0.23307430744171143], "k_pid_vsp": [240.20240783691406, 271.1462097167969, 240.09107971191406]}, "datetime": {"datetime": "2025-08-13 10:02:19", "elapsed": 867.2754082679749, "delta": 27.65145468711853}, "costs": {"total_cost": 799.785032271487, "time_cost": 150, "final_distance_cost": 68.35161681362828, "oscillation_cost": 221.09644904954425, "completition_cost": 222.2222222222222, "overshoot_cost": 63.11872547984735, "power_cost": 41.37859357910156, "noise_cost": 33.61742512714332, "n_waypoints_completed": 7, "tot_waypoints": 9}}
{"target": -1280.572905926875, "params": {"k_pid_pos": [0.8529812693595886, 0.032932937145233154, 0.9178785085678101], "k_pid_alt": [1.727156162261963, 0.6604417562484741, 0.9969969987869263], "k_pid_att": [88.59381103515625, 6.893463611602783, 0.5275449156761169], "k_pid_yaw": [0.5, 1e-06, 0.1], "k_pid_hsp": [5.011463642120361, 0.28078141808509827, 0.09386634826660156], "k_pid_vsp": [297.7562255859375, 71.9185562133789, 219.27626037597656]}, "datetime": {"datetime": "2025-08-13 10:02:46", "elapsed": 895.1010963916779, "delta": 27.825688123703003}, "costs": {"total_cost": 1280.572905926875, "time_cost": 150, "final_distance_cost": 73.08571907415248, "oscillation_cost": 711.582660540971, "completition_cost": 222.2222222222222, "overshoot_cost": 69.99523822098777, "power_cost": 27.94887956542969, "noise_cost": 25.73818630311163, "n_waypoints_completed": 7, "tot_waypoints": 9}}
{"target": -970.6883640929879, "params": {"k_pid_pos": [0.47719234228134155, 0.42492857575416565, 0.005880475044250488], "k_pid_alt": [1.431354284286499, 0.24497878551483154, 0.7573796510696411], "k_pid_att": [86.96790313720703, 8.648375511169434, 0.5381330251693726], "k_pid_yaw": [0.5, 1e-06, 0.1], "k_pid_hsp": [1.8066980838775635, 0.8863562345504761, 0.5654283761978149], "k_pid_vsp": [58.358787536621094, 276.40264892578125, 44.94028091430664]}, "datetime": {"datetime": "2025-08-13 10:03:16", "elapsed": 924.2274117469788, "delta": 29.126315355300903}, "costs": {"total_cost": 970.6883640929879, "time_cost": 150, "final_distance_cost": 80.10159531883161, "oscillation_cost": 286.53770895868706, "completition_cost": 333.33333333333337, "overshoot_cost": 59.73934438355657, "power_cost": 32.83062218017578, "noise_cost": 28.145759918403396, "n_waypoints_completed": 6, "tot_waypoints": 9}}
{"target": -737.5239150137811, "params": {"k_pid_pos": [1.6663569211959839, 0.7142698764801025, 0.21928590536117554], "k_pid_alt": [0.22865384817123413, 0.27630615234375, 0.9921725392341614], "k_pid_att": [39.55922317504883, 0.5002220869064331, 0.2516210973262787], "k_pid_yaw": [0.5, 1e-06, 0.1], "k_pid_hsp": [8.42836856842041, 0.06803423166275024, 0.9437870979309082], "k_pid_vsp": [271.7386474609375, 305.9656066894531, 122.28651428222656]}, "datetime": {"datetime": "2025-08-13 10:03:45", "elapsed": 953.67888879776, "delta": 29.45147705078125}, "costs": {"total_cost": 737.5239150137811, "time_cost": 150, "final_distance_cost": 53.15588568169227, "oscillation_cost": 291.63972085440747, "completition_cost": 111.11111111111116, "overshoot_cost": 60.0233757173023, "power_cost": 39.548466027832035, "noise_cost": 32.04535562143583, "n_waypoints_completed": 8, "tot_waypoints": 9}}
{"target": -1375.4954434515328, "params": {"k_pid_pos": [0.9314084053039551, 0.46783310174942017, 0.2112973928451538], "k_pid_alt": [0.35561275482177734, 0.5284271240234375, 0.7295457720756531], "k_pid_att": [41.796260833740234, 8.612918853759766, 0.7467931509017944], "k_pid_yaw": [0.5, 1e-06, 0.1], "k_pid_hsp": [2.5350005626678467, 0.3081832826137543, 0.6750505566596985], "k_pid_vsp": [230.4844207763672, 338.1346130371094, 242.0597381591797]}, "datetime": {"datetime": "2025-08-13 10:04:14", "elapsed": 983.0481085777283, "delta": 29.36921977996826}, "costs": {"total_cost": 1375.4954434515328, "time_cost": 150, "final_distance_cost": 53.5337457498511, "oscillation_cost": 384.13676928062574, "completition_cost": 666.6666666666667, "overshoot_cost": 56.54785109815706, "power_cost": 34.19403983154297, "noise_cost": 30.416370824689317, "n_waypoints_completed": 3, "tot_waypoints": 9}}
{"target": -1615.179638575078, "params": {"k_pid_pos": [0.02155791036784649, 0.8482493758201599, 0.9206163287162781], "k_pid_alt": [0.5267030000686646, 0.8259592056274414, 0.3345932960510254], "k_pid_att": [33.87354278564453, 5.277541637420654, 0.015793949365615845], "k_pid_yaw": [0.5, 1e-06, 0.1], "k_pid_hsp": [3.606940746307373, 0.1189354658126831, 0.2828172445297241], "k_pid_vsp": [95.30272674560547, 268.6579284667969, 242.0397491455078]}, "datetime": {"datetime": "2025-08-13 10:04:44", "elapsed": 1012.4127311706543, "delta": 29.364622592926025}, "costs": {"total_cost": 1615.179638575078, "time_cost": 150, "final_distance_cost": 74.63606018529707, "oscillation_cost": 501.83487818816474, "completition_cost": 777.7777777777778, "overshoot_cost": 51.294460704233074, "power_cost": 31.410256103515625, "noise_cost": 28.226205616089548, "n_waypoints_completed": 2, "tot_waypoints": 9}}
{"target": -1518.4460292691326, "params": {"k_pid_pos": [0.5781827569007874, 0.15192365646362305, 0.3286384046077728], "k_pid_alt": [0.9485843181610107, 0.38082432746887207, 0.03891938924789429], "k_pid_att": [15.387660026550293, 6.693508148193359, 0.014147311449050903], "k_pid_yaw": [0.5, 1e-06, 0.1], "k_pid_hsp": [6.234587669372559, 0.5577629804611206, 0.5673279166221619], "k_pid_vsp": [287.43328857421875, 113.74107360839844, 309.6668395996094]}, "datetime": {"datetime": "2025-08-13 10:05:13", "elapsed": 1041.4349911212921, "delta": 29.022259950637817}, "costs": {"total_cost": 1518.4460292691326, "time_cost": 150, "final_distance_cost": 40.62882000343831, "oscillation_cost": 628.6873015389076, "completition_cost": 555.5555555555555, "overshoot_cost": 73.47984546792561, "power_cost": 36.258904846191406, "noise_cost": 33.83560185711443, "n_waypoints_completed": 4, "tot_waypoints": 9}}
{"target": -730.4537025009466, "params": {"k_pid_pos": [1.4403958320617676, 0.5347477197647095, 0.34714165329933167], "k_pid_alt": [0.651220440864563, 0.480673223733902, 0.9571788907051086], "k_pid_att": [44.703739166259766, 5.1606669425964355, 0.21201735734939575], "k_pid_yaw": [0.5, 1e-06, 0.1], "k_pid_hsp": [0.6632469296455383, 0.8654860854148865, 0.34627166390419006], "k_pid_vsp": [212.37640380859375, 305.46478271484375, 150.73358154296875]}, "datetime": {"datetime": "2025-08-13 10:05:42", "elapsed": 1070.2946643829346, "delta": 28.859673261642456}, "costs": {"total_cost": 730.4537025009466, "time_cost": 150, "final_distance_cost": 58.95109714843221, "oscillation_cost": 149.61623017235186, "completition_cost": 222.2222222222222, "overshoot_cost": 83.03760476645323, "power_cost": 35.54746845703125, "noise_cost": 31.07907973445587, "n_waypoints_completed": 7, "tot_waypoints": 9}}
{"target": -1066.3287346357322, "params": {"k_pid_pos": [0.4749827980995178, 0.4859907925128937, 0.008631795644760132], "k_pid_alt": [0.4522671699523926, 0.27965787053108215, 0.7098110318183899], "k_pid_att": [54.87309265136719, 9.361425399780273, 0.5233556032180786], "k_pid_yaw": [0.5, 1e-06, 0.1], "k_pid_hsp": [2.3337228298187256, 0.6756705641746521, 0.5166231989860535], "k_pid_vsp": [295.82391357421875, 229.5491943359375, 114.72039031982422]}, "datetime": {"datetime": "2025-08-13 10:06:10", "elapsed": 1098.9798209667206, "delta": 28.68515658378601}, "costs": {"total_cost": 1066.3287346357322, "time_cost": 150, "final_distance_cost": 68.76805620798206, "oscillation_cost": 390.14492615963417, "completition_cost": 333.33333333333337, "overshoot_cost": 49.25414538978199, "power_cost": 43.21372846679688, "noise_cost": 31.61454507820374, "n_waypoints_completed": 6, "tot_waypoints": 9}}
{"target": -979.5357153664497, "params": {"k_pid_pos": [1.1753872632980347, 0.33695220947265625, 0.8695279359817505], "k_pid_alt": [1.9741641283035278, 0.5375128388404846, 0.42630988359451294], "k_pid_att": [97.95806121826172, 8.543523788452148, 0.8588396310806274], "k_pid_yaw": [0.5, 1e-06, 0.1], "k_pid_hsp": [1.8312263488769531, 0.3960339426994324, 0.7460470199584961], "k_pid_vsp": [249.26466369628906, 367.0694885253906, 370.58502197265625]}, "datetime": {"datetime": "2025-08-13 10:06:39", "elapsed": 1127.3973081111908, "delta": 28.417487144470215}, "costs": {"total_cost": 979.5357153664497, "time_cost": 150, "final_distance_cost": 61.78618453393051, "oscillation_cost": 416.59915175589185, "completition_cost": 222.2222222222222, "overshoot_cost": 61.84868232020845, "power_cost": 37.73047644042969, "noise_cost": 29.34899809376707, "n_waypoints_completed": 7, "tot_waypoints": 9}}
{"target": -1432.5073942180366, "params": {"k_pid_pos": [0.5312060713768005, 0.7661658525466919, 0.18529558181762695], "k_pid_alt": [0.02381795644760132, 0.3013191521167755, 0.8444503545761108], "k_pid_att": [85.14017486572266, 7.775752544403076, 0.7368090748786926], "k_pid_yaw": [0.5, 1e-06, 0.1], "k_pid_hsp": [7.506976127624512, 0.8047731518745422, 0.7781404852867126], "k_pid_vsp": [288.58074951171875, 167.04017639160156, 254.73468017578125]}, "datetime": {"datetime": "2025-08-13 10:07:07", "elapsed": 1155.7924625873566, "delta": 28.39515447616577}, "costs": {"total_cost": 1432.5073942180366, "time_cost": 150, "final_distance_cost": 55.864774686154426, "oscillation_cost": 430.67324681274334, "completition_cost": 666.6666666666667, "overshoot_cost": 60.08078608824413, "power_cost": 37.17857258300781, "noise_cost": 32.043347381220116, "n_waypoints_completed": 3, "tot_waypoints": 9}}
{"target": -480.7170307749465, "params": {"k_pid_pos": [1.9822756052017212, 0.12596938014030457, 0.6823571920394897], "k_pid_alt": [1.855886697769165, 0.8208497166633606, 0.43636801838874817], "k_pid_att": [25.338701248168945, 5.6945881843566895, 0.45091283321380615], "k_pid_yaw": [0.5, 1e-06, 0.1], "k_pid_hsp": [2.463378429412842, 0.051302582025527954, 0.5398505926132202], "k_pid_vsp": [80.74336242675781, 250.5605926513672, 118.40443420410156]}, "datetime": {"datetime": "2025-08-13 10:07:28", "elapsed": 1176.8176925182343, "delta": 21.025229930877686}, "costs": {"total_cost": 480.7170307749465, "time_cost": 89.446, "final_distance_cost": 1.746192900187539, "oscillation_cost": 284.7291234728352, "completition_cost": 0.0, "overshoot_cost": 58.996851417101595, "power_cost": 23.786600537109376, "noise_cost": 22.012262447712775, "n_waypoints_completed": 9, "tot_waypoints": 9}}
{"target": -890.214368117921, "params": {"k_pid_pos": [1.1810767650604248, 0.9265234470367432, 0.4000948965549469], "k_pid_alt": [0.19618403911590576, 0.46260786056518555, 0.748115062713623], "k_pid_att": [77.16584014892578, 9.218005180358887, 0.5493581295013428], "k_pid_yaw": [0.5, 1e-06, 0.1], "k_pid_hsp": [7.509224891662598, 0.5220908522605896, 0.8163508176803589], "k_pid_vsp": [395.0063781738281, 375.9544372558594, 59.79328155517578]}, "datetime": {"datetime": "2025-08-13 10:07:57", "elapsed": 1205.6785190105438, "delta": 28.86082649230957}, "costs": {"total_cost": 890.214368117921, "time_cost": 150, "final_distance_cost": 65.79110669824486, "oscillation_cost": 329.1046942435128, "completition_cost": 222.2222222222222, "overshoot_cost": 59.56004491178301, "power_cost": 33.76048966064453, "noise_cost": 29.77581038151362, "n_waypoints_completed": 7, "tot_waypoints": 9}}
{"target": -772.7447213216791, "params": {"k_pid_pos": [1.6102042198181152, 0.6508827209472656, 0.13945171236991882], "k_pid_alt": [1.8185944557189941, 0.8855704069137573, 0.2935192883014679], "k_pid_att": [8.303674697875977, 4.475332260131836, 0.5748435854911804], "k_pid_yaw": [0.5, 1e-06, 0.1], "k_pid_hsp": [8.729044914245605, 0.343867689371109, 0.7306593656539917], "k_pid_vsp": [133.6949462890625, 366.5317687988281, 230.6439666748047]}, "datetime": {"datetime": "2025-08-13 10:08:26", "elapsed": 1234.5321729183197, "delta": 28.85365390777588}, "costs": {"total_cost": 772.7447213216791, "time_cost": 150, "final_distance_cost": 66.64352794660131, "oscillation_cost": 214.69475420456442, "completition_cost": 222.2222222222222, "overshoot_cost": 63.70489377412058, "power_cost": 29.25530242919922, "noise_cost": 26.224020744971426, "n_waypoints_completed": 7, "tot_waypoints": 9}}
{"target": -776.7376202989062, "params": {"k_pid_pos": [0.4460638463497162, 0.7925117611885071, 0.5922173261642456], "k_pid_alt": [1.7665927410125732, 0.5404986143112183, 0.287602037191391], "k_pid_att": [98.6098861694336, 2.6119937896728516, 0.64656662940979], "k_pid_yaw": [0.5, 1e-06, 0.1], "k_pid_hsp": [1.936266541481018, 0.673713743686676, 0.27247267961502075], "k_pid_vsp": [291.9553527832031, 366.42791748046875, 139.7522430419922]}, "datetime": {"datetime": "2025-08-13 10:08:56", "elapsed": 1264.7037618160248, "delta": 30.171588897705078}, "costs": {"total_cost": 776.7376202989062, "time_cost": 150, "final_distance_cost": 57.39772220590574, "oscillation_cost": 335.1281096791026, "completition_cost": 111.11111111111116, "overshoot_cost": 56.01609570531675, "power_cost": 37.818469665527346, "noise_cost": 29.266111931942692, "n_waypoints_completed": 8, "tot_waypoints": 9}}
{"target": -1537.2986365535523, "params": {"k_pid_pos": [1.3868000507354736, 0.28114113211631775, 0.6656425595283508], "k_pid_alt": [0.3052830696105957, 0.4738050401210785, 0.6130725741386414], "k_pid_att": [0.8527576923370361, 1.3931958675384521, 0.457955926656723], "k_pid_yaw": [0.5, 1e-06, 0.1], "k_pid_hsp": [1.239231824874878, 0.13602861762046814, 0.5925958156585693], "k_pid_vsp": [318.4249572753906, 9.053112030029297, 293.48162841796875]}, "datetime": {"datetime": "2025-08-13 10:09:25", "elapsed": 1293.5925149917603, "delta": 28.888753175735474}, "costs": {"total_cost": 1537.2986365535523, "time_cost": 150, "final_distance_cost": 64.1861524520035, "oscillation_cost": 204.1744944077817, "completition_cost": 888.8888888888888, "overshoot_cost": 133.01108675005642, "power_cost": 45.24531489257813, "noise_cost": 51.79269916224363, "n_waypoints_completed": 1, "tot_waypoints": 9}}
{"target": -725.8609020812684, "params": {"k_pid_pos": [1.154791235923767, 0.7913306355476379, 0.7292588353157043], "k_pid_alt": [0.6767491102218628, 0.13553190231323242, 0.16738688945770264], "k_pid_att": [8.064132690429688, 4.4976301193237305, 0.10536488890647888], "k_pid_yaw": [0.5, 1e-06, 0.1], "k_pid_hsp": [2.7399141788482666, 0.8849543929100037, 0.8346558213233948], "k_pid_vsp": [279.1996765136719, 323.4754333496094, 3.0985841751098633]}, "datetime": {"datetime": "2025-08-13 10:09:54", "elapsed": 1322.4830009937286, "delta": 28.890486001968384}, "costs": {"total_cost": 725.8609020812684, "time_cost": 150, "final_distance_cost": 66.48844426822619, "oscillation_cost": 292.0882607557141, "completition_cost": 111.11111111111116, "overshoot_cost": 52.82972093429037, "power_cost": 21.770477404785158, "noise_cost": 31.572887607141404, "n_waypoints_completed": 8, "tot_waypoints": 9}}
{"target": -397.0499671267755, "params": {"k_pid_pos": [1.2028098106384277, 0.7904880046844482, 0.15832388401031494], "k_pid_alt": [0.9962399005889893, 0.015524476766586304, 0.6248084306716919], "k_pid_att": [42.90799331665039, 3.0528008937835693, 0.48875099420547485], "k_pid_yaw": [0.5, 1e-06, 0.1], "k_pid_hsp": [6.613661766052246, 0.6518381834030151, 0.1444234848022461], "k_pid_vsp": [170.90049743652344, 227.2286834716797, 8.414114952087402]}, "datetime": {"datetime": "2025-08-13 10:10:15", "elapsed": 1343.6638169288635, "delta": 21.180815935134888}, "costs": {"total_cost": 397.0499671267755, "time_cost": 86.52, "final_distance_cost": 1.7546977750523423, "oscillation_cost": 201.53753598704637, "completition_cost": 0.0, "overshoot_cost": 55.853202747895246, "power_cost": 26.399383618164062, "noise_cost": 24.985146998617566, "n_waypoints_completed": 9, "tot_waypoints": 9}}
{"target": -1563.2035183250819, "params": {"k_pid_pos": [0.04304538294672966, 0.6992705464363098, 0.7924469113349915], "k_pid_alt": [0.10384082794189453, 0.5588046908378601, 0.7892237305641174], "k_pid_att": [90.79950714111328, 6.060898780822754, 0.04357367753982544], "k_pid_yaw": [0.5, 1e-06, 0.1], "k_pid_hsp": [0.04809258505702019, 0.8705524802207947, 0.12556099891662598], "k_pid_vsp": [69.36211395263672, 286.9521179199219, 300.0767822265625]}, "datetime": {"datetime": "2025-08-13 10:10:43", "elapsed": 1371.9301872253418, "delta": 28.26637029647827}, "costs": {"total_cost": 1563.2035183250819, "time_cost": 150, "final_distance_cost": 36.60002691778121, "oscillation_cost": 174.44330368647198, "completition_cost": 1000.0, "overshoot_cost": 112.01398132208931, "power_cost": 36.05055260009766, "noise_cost": 54.09565379864159, "n_waypoints_completed": 0, "tot_waypoints": 9}}
{"target": -1945.1504203194227, "params": {"k_pid_pos": [0.027955135330557823, 0.23164623975753784, 0.1562466025352478], "k_pid_alt": [1.6713781356811523, 0.5364363789558411, 0.8686503767967224], "k_pid_att": [65.94229125976562, 8.911566734313965, 0.3308009207248688], "k_pid_yaw": [0.5, 1e-06, 0.1], "k_pid_hsp": [0.2449510395526886, 0.6139929890632629, 0.9662520885467529], "k_pid_vsp": [224.867919921875, 28.245725631713867, 221.624755859375]}, "datetime": {"datetime": "2025-08-13 10:11:19", "elapsed": 1407.4506227970123, "delta": 35.52043557167053}, "costs": {"total_cost": 1945.1504203194227, "time_cost": 150, "final_distance_cost": 63.639138944167854, "oscillation_cost": 712.3341732059312, "completition_cost": 888.8888888888888, "overshoot_cost": 53.4209711175154, "power_cost": 45.99650802001953, "noise_cost": 30.87074014290014, "n_waypoints_completed": 1, "tot_waypoints": 9}}
