{"target": -1408.1842255343502, "params": {"k_pid_pos": [0.45004069805145264, 0.9829814434051514, 0.04466438293457031], "k_pid_alt": [0.0, 0.9999995827674866, 0.6910327672958374], "k_pid_att": [84.91281127929688, 0.014115593396127224, 0.7883496880531311], "k_pid_yaw": [0.5, 1e-06, 0.1], "k_pid_hsp": [9.178947448730469, 0.929731547832489, 0.33998334407806396], "k_pid_vsp": [400.0, 315.4258117675781, 8.36287784576416]}, "datetime": {"datetime": "2025-08-13 14:00:35", "elapsed": 15163.95336484909, "delta": 37.034268856048584}, "costs": {"total_cost": 1408.1842255343502, "time_cost": 150, "final_distance_cost": 74.21509413943586, "oscillation_cost": 170.1166966170513, "completition_cost": 888.8888888888888, "overshoot_cost": 60.15411835158325, "power_cost": 33.08015944824219, "noise_cost": 31.72926808914841, "n_waypoints_completed": 1, "tot_waypoints": 9}}
{"target": -1554.8619369942367, "params": {"k_pid_pos": [0.004597481805831194, 0.7662986516952515, 0.15127348899841309], "k_pid_alt": [6.198883056640625e-06, 0.999941349029541, 0.9826819896697998], "k_pid_att": [100.0, 9.999999747378752e-05, 0.9229889512062073], "k_pid_yaw": [0.5, 1e-06, 0.1], "k_pid_hsp": [9.560309410095215, 0.9141260981559753, 0.1425240933895111], "k_pid_vsp": [400.0, 359.9606018066406, 5.8361897468566895]}, "datetime": {"datetime": "2025-08-13 14:01:13", "elapsed": 15201.755118846893, "delta": 37.801753997802734}, "costs": {"total_cost": 1554.8619369942367, "time_cost": 150, "final_distance_cost": 48.34413593210232, "oscillation_cost": 245.414329536586, "completition_cost": 1000.0, "overshoot_cost": 46.83781849934966, "power_cost": 33.19631549072266, "noise_cost": 31.06933753547595, "n_waypoints_completed": 0, "tot_waypoints": 9}}
{"target": -1292.4189733437677, "params": {"k_pid_pos": [0.3883044123649597, 0.204351544380188, 0.3925435245037079], "k_pid_alt": [0.0, 1.0, 0.6871088743209839], "k_pid_att": [100.0, 9.999999747378752e-05, 0.9521205425262451], "k_pid_yaw": [0.5, 1e-06, 0.1], "k_pid_hsp": [9.56246566772461, 0.5870806574821472, 0.06524765491485596], "k_pid_vsp": [400.0, 387.74456787109375, 28.662540435791016]}, "datetime": {"datetime": "2025-08-13 14:01:44", "elapsed": 15232.767180204391, "delta": 31.01206135749817}, "costs": {"total_cost": 1292.4189733437677, "time_cost": 150, "final_distance_cost": 77.10248990989562, "oscillation_cost": 610.532552444321, "completition_cost": 333.33333333333337, "overshoot_cost": 61.89329580495964, "power_cost": 31.039238623046877, "noise_cost": 28.518063228210828, "n_waypoints_completed": 6, "tot_waypoints": 9}}
{"target": -589.8370079574094, "params": {"k_pid_pos": [1.0381337404251099, 0.19827640056610107, 0.04175293445587158], "k_pid_alt": [0.011159121990203857, 0.930033802986145, 0.711698055267334], "k_pid_att": [100.0, 9.999999747378752e-05, 0.8569931983947754], "k_pid_yaw": [0.5, 1e-06, 0.1], "k_pid_hsp": [9.806599617004395, 0.7876817584037781, 0.10762530565261841], "k_pid_vsp": [400.0, 397.08209228515625, 44.80408477783203]}, "datetime": {"datetime": "2025-08-13 14:02:11", "elapsed": 15259.846276044846, "delta": 27.0790958404541}, "costs": {"total_cost": 589.8370079574094, "time_cost": 108.374, "final_distance_cost": 1.7643282634880852, "oscillation_cost": 355.64232437790747, "completition_cost": 0.0, "overshoot_cost": 65.30343640304235, "power_cost": 32.298327990722655, "noise_cost": 26.454590922248844, "n_waypoints_completed": 9, "tot_waypoints": 9}}
{"target": -684.9657710292116, "params": {"k_pid_pos": [0.30794721841812134, 0.7791460752487183, 0.7547222375869751], "k_pid_alt": [2.0, 4.76837158203125e-07, 0.8336870074272156], "k_pid_att": [100.0, 9.579246520996094, 0.8807047605514526], "k_pid_yaw": [0.5, 1e-06, 0.1], "k_pid_hsp": [8.858622550964355, 0.9451197385787964, 0.06905174255371094], "k_pid_vsp": [400.0, 346.7217102050781, 1.2193450927734375]}, "datetime": {"datetime": "2025-08-13 14:02:38", "elapsed": 15287.041786909103, "delta": 27.195510864257812}, "costs": {"total_cost": 684.9657710292116, "time_cost": 102.298, "final_distance_cost": 1.81125011023111, "oscillation_cost": 475.753886167174, "completition_cost": 0.0, "overshoot_cost": 54.535074039364936, "power_cost": 25.72682362060547, "noise_cost": 24.840737091836004, "n_waypoints_completed": 9, "tot_waypoints": 9}}
{"target": -950.0590581332917, "params": {"k_pid_pos": [1.508834958076477, 0.5874961614608765, 0.01316821575164795], "k_pid_alt": [0.0, 0.2187620997428894, 0.8612059950828552], "k_pid_att": [99.98981475830078, 0.012736951932311058, 0.7441851496696472], "k_pid_yaw": [0.5, 1e-06, 0.1], "k_pid_hsp": [9.971110343933105, 0.9407868385314941, 0.0521378219127655], "k_pid_vsp": [400.0, 389.5167236328125, 44.951377868652344]}, "datetime": {"datetime": "2025-08-13 14:03:09", "elapsed": 15318.107808589935, "delta": 31.06602168083191}, "costs": {"total_cost": 950.0590581332917, "time_cost": 150, "final_distance_cost": 80.9191701804901, "oscillation_cost": 268.65350380349275, "completition_cost": 333.33333333333337, "overshoot_cost": 58.411174196197116, "power_cost": 28.885908642578126, "noise_cost": 29.855967977200436, "n_waypoints_completed": 6, "tot_waypoints": 9}}
{"target": -381.896790279037, "params": {"k_pid_pos": [0.8602673411369324, 0.5292572379112244, 0.19865769147872925], "k_pid_alt": [1.2791603803634644, 0.7244232892990112, 0.973237156867981], "k_pid_att": [100.0, 0.0001011920758173801, 0.9525948166847229], "k_pid_yaw": [0.5, 1e-06, 0.1], "k_pid_hsp": [7.74931001663208, 0.9135936498641968, 0.07348304986953735], "k_pid_vsp": [399.999755859375, 396.7339782714844, 12.336504936218262]}, "datetime": {"datetime": "2025-08-13 14:03:34", "elapsed": 15342.447217226028, "delta": 24.33940863609314}, "costs": {"total_cost": 381.896790279037, "time_cost": 94.787, "final_distance_cost": 1.7482661462510287, "oscillation_cost": 175.33056392982155, "completition_cost": 0.0, "overshoot_cost": 54.60640757822577, "power_cost": 30.348273168945315, "noise_cost": 25.076279455793347, "n_waypoints_completed": 9, "tot_waypoints": 9}}
{"target": -1540.9691802441805, "params": {"k_pid_pos": [0.14856906235218048, 0.1417207419872284, 0.2277992069721222], "k_pid_alt": [0.0009199380874633789, 0.8495985269546509, 0.6397691369056702], "k_pid_att": [100.0, 9.999999747378752e-05, 0.9562231302261353], "k_pid_yaw": [0.5, 1e-06, 0.1], "k_pid_hsp": [8.928603172302246, 0.9427080154418945, 0.09320178627967834], "k_pid_vsp": [399.9930725097656, 230.4444580078125, 26.6227970123291]}, "datetime": {"datetime": "2025-08-13 14:04:06", "elapsed": 15374.24012041092, "delta": 31.792903184890747}, "costs": {"total_cost": 1540.9691802441805, "time_cost": 150, "final_distance_cost": 53.16426145335323, "oscillation_cost": 661.2674913032882, "completition_cost": 555.5555555555555, "overshoot_cost": 59.665848233329996, "power_cost": 31.579762158203128, "noise_cost": 29.73626154045031, "n_waypoints_completed": 4, "tot_waypoints": 9}}
{"target": -352.7180333725295, "params": {"k_pid_pos": [1.227738380432129, 0.3111053705215454, 0.10930889844894409], "k_pid_alt": [4.172325134277344e-07, 0.9999409914016724, 0.5639172196388245], "k_pid_att": [100.0, 9.999999747378752e-05, 0.9626224040985107], "k_pid_yaw": [0.5, 1e-06, 0.1], "k_pid_hsp": [7.898547172546387, 0.9509150981903076, 0.014878004789352417], "k_pid_vsp": [400.0, 294.53228759765625, 27.300859451293945]}, "datetime": {"datetime": "2025-08-13 14:04:37", "elapsed": 15405.53235411644, "delta": 31.29223370552063}, "costs": {"total_cost": 352.7180333725295, "time_cost": 118.762, "final_distance_cost": 1.7486840804969068, "oscillation_cost": 98.28730696111826, "completition_cost": 0.0, "overshoot_cost": 72.23191414935525, "power_cost": 31.645211962890627, "noise_cost": 30.042916218668445, "n_waypoints_completed": 9, "tot_waypoints": 9}}
{"target": -456.5603441025227, "params": {"k_pid_pos": [0.4887406527996063, 0.784122109413147, 0.021180272102355957], "k_pid_alt": [1.999998927116394, 0.9909972548484802, 0.9037526845932007], "k_pid_att": [100.0, 0.15427570044994354, 0.4409037232398987], "k_pid_yaw": [0.5, 1e-06, 0.1], "k_pid_hsp": [9.919759750366211, 0.9120063185691833, 0.020948797464370728], "k_pid_vsp": [400.0, 363.4253845214844, 2.6073107719421387]}, "datetime": {"datetime": "2025-08-13 14:05:06", "elapsed": 15434.34093618393, "delta": 28.808582067489624}, "costs": {"total_cost": 456.5603441025227, "time_cost": 113.967, "final_distance_cost": 1.7824203282202158, "oscillation_cost": 226.0964378401744, "completition_cost": 0.0, "overshoot_cost": 59.018592872809386, "power_cost": 25.70741339111328, "noise_cost": 29.988479670205418, "n_waypoints_completed": 9, "tot_waypoints": 9}}
{"target": -853.861043646741, "params": {"k_pid_pos": [0.7506577372550964, 0.22741711139678955, 0.1465132236480713], "k_pid_alt": [5.960464477539063e-08, 1.0, 0.897668719291687], "k_pid_att": [100.0, 9.9999418258667, 0.8623881340026855], "k_pid_yaw": [0.5, 1e-06, 0.1], "k_pid_hsp": [9.809884071350098, 0.9880441427230835, 0.11639398336410522], "k_pid_vsp": [9.5367431640625e-05, 364.4786376953125, 11.421419143676758]}, "datetime": {"datetime": "2025-08-13 14:05:37", "elapsed": 15465.253640651703, "delta": 30.912704467773438}, "costs": {"total_cost": 853.861043646741, "time_cost": 150, "final_distance_cost": 21.32964410868642, "oscillation_cost": 444.62428331980533, "completition_cost": 111.11111111111116, "overshoot_cost": 66.60570305466052, "power_cost": 34.27368034667969, "noise_cost": 25.916621705797773, "n_waypoints_completed": 8, "tot_waypoints": 9}}
{"target": -1095.6484363510697, "params": {"k_pid_pos": [0.09748387336730957, 0.2982363700866699, 0.060899317264556885], "k_pid_alt": [0.0008980631828308105, 0.7862151265144348, 0.7734169960021973], "k_pid_att": [100.0, 0.00010029802069766447, 0.9957247972488403], "k_pid_yaw": [0.5, 1e-06, 0.1], "k_pid_hsp": [5.137173175811768, 0.840684175491333, 0.04209050536155701], "k_pid_vsp": [400.0, 398.905029296875, 15.031648635864258]}, "datetime": {"datetime": "2025-08-13 14:06:08", "elapsed": 15496.375923871994, "delta": 31.122283220291138}, "costs": {"total_cost": 1095.6484363510697, "time_cost": 150, "final_distance_cost": 55.0273985373989, "oscillation_cost": 101.99201553751122, "completition_cost": 666.6666666666667, "overshoot_cost": 60.56950990286607, "power_cost": 30.643249707031252, "noise_cost": 30.749595999595535, "n_waypoints_completed": 3, "tot_waypoints": 9}}
{"target": -776.8877686500086, "params": {"k_pid_pos": [0.39507603645324707, 0.1238606870174408, 0.014637023210525513], "k_pid_alt": [0.0, 1.0, 0.950647234916687], "k_pid_att": [100.0, 0.16594111919403076, 0.9031534194946289], "k_pid_yaw": [0.5, 1e-06, 0.1], "k_pid_hsp": [9.274884223937988, 0.8074567914009094, 0.01989874243736267], "k_pid_vsp": [399.68780517578125, 310.0008850097656, 15.28539752960205]}, "datetime": {"datetime": "2025-08-13 14:06:40", "elapsed": 15528.112664461136, "delta": 31.736740589141846}, "costs": {"total_cost": 776.8877686500086, "time_cost": 150, "final_distance_cost": 64.07362225936335, "oscillation_cost": 68.52099018755243, "completition_cost": 333.33333333333337, "overshoot_cost": 73.29735200095236, "power_cost": 44.91835565185547, "noise_cost": 42.744115216951656, "n_waypoints_completed": 6, "tot_waypoints": 9}}
{"target": -605.4812741062162, "params": {"k_pid_pos": [0.7904376983642578, 0.15815317630767822, 0.11894845962524414], "k_pid_alt": [1.9999768733978271, 1.0, 0.7959274649620056], "k_pid_att": [99.04170989990234, 0.001983189955353737, 0.9935667514801025], "k_pid_yaw": [0.5, 1e-06, 0.1], "k_pid_hsp": [9.589755058288574, 0.9136892557144165, 0.23226389288902283], "k_pid_vsp": [400.0, 385.3002624511719, 64.61932373046875]}, "datetime": {"datetime": "2025-08-13 14:07:04", "elapsed": 15552.603925228119, "delta": 24.491260766983032}, "costs": {"total_cost": 605.4812741062162, "time_cost": 97.328, "final_distance_cost": 1.7960375224100282, "oscillation_cost": 389.1712527242145, "completition_cost": 0.0, "overshoot_cost": 59.07870853899899, "power_cost": 33.28947445068359, "noise_cost": 24.817800869909064, "n_waypoints_completed": 9, "tot_waypoints": 9}}
{"target": -1530.7239354301328, "params": {"k_pid_pos": [0.8898691534996033, 0.5518547892570496, 0.1176721453666687], "k_pid_alt": [0.00011050701141357422, 0.0, 0.9122829437255859], "k_pid_att": [100.0, 3.5725066661834717, 0.7972643971443176], "k_pid_yaw": [0.5, 1e-06, 0.1], "k_pid_hsp": [9.59597110748291, 0.9865652322769165, 0.02282056212425232], "k_pid_vsp": [400.0, 344.4716796875, 4.061425685882568]}, "datetime": {"datetime": "2025-08-13 14:07:35", "elapsed": 15583.533779621124, "delta": 30.92985439300537}, "costs": {"total_cost": 1530.7239354301328, "time_cost": 150, "final_distance_cost": 0.611130063873055, "oscillation_cost": 55.161079148470016, "completition_cost": 1000.0, "overshoot_cost": 162.57824791780422, "power_cost": 25.84733836669922, "noise_cost": 136.52613993328634, "n_waypoints_completed": 0, "tot_waypoints": 9}}
{"target": -1182.7646271468748, "params": {"k_pid_pos": [0.3897952139377594, 0.6606563329696655, 0.009185612201690674], "k_pid_alt": [0.0, 0.8268382549285889, 0.9452152252197266], "k_pid_att": [100.0, 9.999999747378752e-05, 0.9426295757293701], "k_pid_yaw": [0.5, 1e-06, 0.1], "k_pid_hsp": [8.894160270690918, 0.797045886516571, 0.13586759567260742], "k_pid_vsp": [400.0, 389.2099304199219, 3.654564380645752]}, "datetime": {"datetime": "2025-08-13 14:08:06", "elapsed": 15614.926820516586, "delta": 31.393040895462036}, "costs": {"total_cost": 1182.7646271468748, "time_cost": 150, "final_distance_cost": 46.777787707862515, "oscillation_cost": 406.80709968457523, "completition_cost": 444.4444444444444, "overshoot_cost": 60.86562771324078, "power_cost": 40.82978425292969, "noise_cost": 33.039883343822154, "n_waypoints_completed": 5, "tot_waypoints": 9}}
{"target": -2094.091311441677, "params": {"k_pid_pos": [0.15406587719917297, 0.5108309388160706, 0.09654739499092102], "k_pid_alt": [5.364418029785156e-07, 0.006636679172515869, 0.46168652176856995], "k_pid_att": [99.99728393554688, 0.33879342675209045, 0.5725051164627075], "k_pid_yaw": [0.5, 1e-06, 0.1], "k_pid_hsp": [9.715986251831055, 0.850688099861145, 0.057766884565353394], "k_pid_vsp": [219.0085906982422, 393.9259948730469, 15.51309871673584]}, "datetime": {"datetime": "2025-08-13 14:08:37", "elapsed": 15645.906885385513, "delta": 30.980064868927002}, "costs": {"total_cost": 2094.091311441677, "time_cost": 150, "final_distance_cost": 24.600962738983284, "oscillation_cost": 726.458121929066, "completition_cost": 1000.0, "overshoot_cost": 120.06353538902933, "power_cost": 37.61215803222657, "noise_cost": 35.356533352372004, "n_waypoints_completed": 0, "tot_waypoints": 9}}
{"target": -967.4712856339694, "params": {"k_pid_pos": [0.4307945966720581, 0.8755651712417603, 0.14817559719085693], "k_pid_alt": [0.0, 0.9999976754188538, 0.5991316437721252], "k_pid_att": [100.0, 8.485742568969727, 0.8020697236061096], "k_pid_yaw": [0.5, 1e-06, 0.1], "k_pid_hsp": [8.6315279006958, 0.9258546233177185, 0.05624911189079285], "k_pid_vsp": [31.77977752685547, 281.9929504394531, 7.072998046875]}, "datetime": {"datetime": "2025-08-13 14:09:07", "elapsed": 15675.870817661285, "delta": 29.963932275772095}, "costs": {"total_cost": 967.4712856339694, "time_cost": 150, "final_distance_cost": 47.581118007766825, "oscillation_cost": 190.47829208501705, "completition_cost": 444.4444444444444, "overshoot_cost": 63.112952565518825, "power_cost": 38.28518746337891, "noise_cost": 33.56929106784336, "n_waypoints_completed": 5, "tot_waypoints": 9}}
{"target": -592.7422035203629, "params": {"k_pid_pos": [1.190117359161377, 0.5497052073478699, 0.042089641094207764], "k_pid_alt": [0.0, 0.9427964091300964, 0.9256719350814819], "k_pid_att": [100.0, 9.999999747378752e-05, 0.8499107360839844], "k_pid_yaw": [0.5, 1e-06, 0.1], "k_pid_hsp": [9.418473243713379, 0.9648114442825317, 0.034960031509399414], "k_pid_vsp": [400.0, 378.8862609863281, 5.864501953125]}, "datetime": {"datetime": "2025-08-13 14:09:40", "elapsed": 15708.690005540848, "delta": 32.81918787956238}, "costs": {"total_cost": 592.7422035203629, "time_cost": 150, "final_distance_cost": 64.70879741134175, "oscillation_cost": 139.70563461005477, "completition_cost": 111.11111111111116, "overshoot_cost": 63.95711212580205, "power_cost": 29.73596170654297, "noise_cost": 33.52358655551014, "n_waypoints_completed": 8, "tot_waypoints": 9}}
{"target": -1281.3186437588909, "params": {"k_pid_pos": [0.04253590852022171, 0.5374465584754944, 0.03404846787452698], "k_pid_alt": [0.06680232286453247, 0.8462635278701782, 0.9088732600212097], "k_pid_att": [99.99998474121094, 9.999999747378752e-05, 0.9750257730484009], "k_pid_yaw": [0.5, 1e-06, 0.1], "k_pid_hsp": [8.803772926330566, 0.8980469107627869, 0.07433849573135376], "k_pid_vsp": [0.0001430511474609375, 122.04871368408203, 9.42905044555664]}, "datetime": {"datetime": "2025-08-13 14:10:11", "elapsed": 15739.423803329468, "delta": 30.733797788619995}, "costs": {"total_cost": 1281.3186437588909, "time_cost": 150, "final_distance_cost": 87.26322615737143, "oscillation_cost": 142.43448353669052, "completition_cost": 777.7777777777778, "overshoot_cost": 59.98204325315477, "power_cost": 35.00520034179688, "noise_cost": 28.855912692099487, "n_waypoints_completed": 2, "tot_waypoints": 9}}
{"target": -750.8796872055257, "params": {"k_pid_pos": [0.31340137124061584, 0.09903508424758911, 0.19695279002189636], "k_pid_alt": [0.2675844430923462, 0.9958435893058777, 0.9086869359016418], "k_pid_att": [100.0, 9.999999747378752e-05, 0.9738073945045471], "k_pid_yaw": [0.5, 1e-06, 0.1], "k_pid_hsp": [9.88360595703125, 0.8596816062927246, 0.024762898683547974], "k_pid_vsp": [400.0, 378.49005126953125, 4.207242488861084]}, "datetime": {"datetime": "2025-08-13 14:10:41", "elapsed": 15769.802830219269, "delta": 30.379026889801025}, "costs": {"total_cost": 750.8796872055257, "time_cost": 150, "final_distance_cost": 63.44055028549833, "oscillation_cost": 178.2568250833912, "completition_cost": 222.2222222222222, "overshoot_cost": 61.355933642505164, "power_cost": 41.15950217285157, "noise_cost": 34.44465379905716, "n_waypoints_completed": 7, "tot_waypoints": 9}}
{"target": -1279.1804985188578, "params": {"k_pid_pos": [0.2701426148414612, 0.537449836730957, 0.15348249673843384], "k_pid_alt": [0.5209648013114929, 1.0, 0.8677935004234314], "k_pid_att": [99.9999771118164, 0.00010029802069766447, 0.9061700105667114], "k_pid_yaw": [0.5, 1e-06, 0.1], "k_pid_hsp": [9.588961601257324, 0.9694486856460571, 0.102267324924469], "k_pid_vsp": [399.8183288574219, 356.7627868652344, 11.203909873962402]}, "datetime": {"datetime": "2025-08-13 14:11:11", "elapsed": 15799.84193778038, "delta": 30.03910756111145}, "costs": {"total_cost": 1279.1804985188578, "time_cost": 150, "final_distance_cost": 62.77876630571886, "oscillation_cost": 507.95290009719946, "completition_cost": 444.4444444444444, "overshoot_cost": 52.88427743384474, "power_cost": 32.805883654785156, "noise_cost": 28.314226582865096, "n_waypoints_completed": 5, "tot_waypoints": 9}}
{"target": -1317.6966147923615, "params": {"k_pid_pos": [0.10011767596006393, 0.5320330262184143, 0.09408819675445557], "k_pid_alt": [1.1324882507324219e-06, 1.0, 0.9498749375343323], "k_pid_att": [100.0, 9.999999747378752e-05, 0.9937735795974731], "k_pid_yaw": [0.5, 1e-06, 0.1], "k_pid_hsp": [7.590132236480713, 0.9572197198867798, 0.04876527190208435], "k_pid_vsp": [399.9942626953125, 392.9587707519531, 2.764249801635742]}, "datetime": {"datetime": "2025-08-13 14:11:42", "elapsed": 15830.695924043655, "delta": 30.853986263275146}, "costs": {"total_cost": 1317.6966147923615, "time_cost": 150, "final_distance_cost": 88.73359927074031, "oscillation_cost": 194.4393007302958, "completition_cost": 777.7777777777778, "overshoot_cost": 49.06763319190881, "power_cost": 28.26567076416016, "noise_cost": 29.412633057478622, "n_waypoints_completed": 2, "tot_waypoints": 9}}
{"target": -1245.524082683347, "params": {"k_pid_pos": [0.622787356376648, 0.9832084774971008, 0.1482999324798584], "k_pid_alt": [1.2516975402832031e-06, 1.0, 0.09610223770141602], "k_pid_att": [100.0, 9.999999747378752e-05, 0.7272717356681824], "k_pid_yaw": [0.5, 1e-06, 0.1], "k_pid_hsp": [8.045064926147461, 0.8524514436721802, 0.23066005110740662], "k_pid_vsp": [399.9580993652344, 388.0816345214844, 1.5454182624816895]}, "datetime": {"datetime": "2025-08-13 14:12:12", "elapsed": 15860.86157155037, "delta": 30.165647506713867}, "costs": {"total_cost": 1245.524082683347, "time_cost": 150, "final_distance_cost": 48.9673578202695, "oscillation_cost": 237.69258714080152, "completition_cost": 666.6666666666667, "overshoot_cost": 71.86027932274561, "power_cost": 34.79223768310547, "noise_cost": 35.54495404975812, "n_waypoints_completed": 3, "tot_waypoints": 9}}
{"target": -1013.6110048978074, "params": {"k_pid_pos": [0.43002426624298096, 0.5036448240280151, 0.13454359769821167], "k_pid_alt": [1.3709068298339844e-05, 1.0, 0.9229276776313782], "k_pid_att": [100.0, 9.999999747378752e-05, 0.9899446368217468], "k_pid_yaw": [0.5, 1e-06, 0.1], "k_pid_hsp": [9.769072532653809, 0.9803850650787354, 0.029593855142593384], "k_pid_vsp": [0.0, 265.63153076171875, 3.593052387237549]}, "datetime": {"datetime": "2025-08-13 14:12:42", "elapsed": 15891.097707748413, "delta": 30.236136198043823}, "costs": {"total_cost": 1013.6110048978074, "time_cost": 150, "final_distance_cost": 52.97625548391034, "oscillation_cost": 242.33195409359016, "completition_cost": 444.4444444444444, "overshoot_cost": 60.88397957716863, "power_cost": 34.0552035522461, "noise_cost": 28.919167746447886, "n_waypoints_completed": 5, "tot_waypoints": 9}}
