{"target": -1171.9860284634858, "params": {"k_pid_pos": [0.8478015661239624, 0.509861409664154, 0.17170220613479614], "k_pid_alt": [1.8528454303741455, 0.8879265785217285, 0.2921663522720337], "k_pid_att": [47.9580192565918, 0.7310020923614502, 0.9210606217384338], "k_pid_yaw": [0.5, 1e-06, 0.1], "k_pid_hsp": [6.948983669281006, 0.43165478110313416, 0.2993420362472534], "k_pid_vsp": [150.1693878173828, 396.761962890625, 333.6641845703125]}, "datetime": {"datetime": "2025-08-13 10:37:43", "elapsed": 2991.1862637996674, "delta": 53.40043926239014}, "costs": {"total_cost": 1171.9860284634858, "time_cost": 150, "final_distance_cost": 59.664898459985636, "oscillation_cost": 492.71069181670947, "completition_cost": 333.33333333333337, "overshoot_cost": 69.219908228956, "power_cost": 36.66829780273438, "noise_cost": 30.388898821767086, "n_waypoints_completed": 6, "tot_waypoints": 9}}
{"target": -505.49718758499233, "params": {"k_pid_pos": [0.7633116245269775, 0.49050357937812805, 0.2384275197982788], "k_pid_alt": [0.8654804229736328, 0.9239238500595093, 0.06057140231132507], "k_pid_att": [35.796932220458984, 3.8503401279449463, 0.5909667611122131], "k_pid_yaw": [0.5, 1e-06, 0.1], "k_pid_hsp": [3.8287625312805176, 0.9295006990432739, 0.20658540725708008], "k_pid_vsp": [121.33882141113281, 177.5679931640625, 43.585350036621094]}, "datetime": {"datetime": "2025-08-13 10:38:29", "elapsed": 3037.7800903320312, "delta": 46.59382653236389}, "costs": {"total_cost": 505.49718758499233, "time_cost": 107.541, "final_distance_cost": 1.7691909178715284, "oscillation_cost": 279.28323568757355, "completition_cost": 0.0, "overshoot_cost": 61.51181220114271, "power_cost": 28.495412719726563, "noise_cost": 26.89653605867795, "n_waypoints_completed": 9, "tot_waypoints": 9}}
{"target": -1596.0857412286362, "params": {"k_pid_pos": [0.054100897163152695, 0.4313439428806305, 0.10984906554222107], "k_pid_alt": [0.9059274196624756, 0.0738171935081482, 0.6782349944114685], "k_pid_att": [2.4892239570617676, 9.76414966583252, 0.4670664966106415], "k_pid_yaw": [0.5, 1e-06, 0.1], "k_pid_hsp": [9.703911781311035, 0.9595598578453064, 0.2380937933921814], "k_pid_vsp": [79.4158706665039, 136.9195098876953, 235.4808349609375]}, "datetime": {"datetime": "2025-08-13 10:39:22", "elapsed": 3090.2915880680084, "delta": 52.51149773597717}, "costs": {"total_cost": 1596.0857412286362, "time_cost": 150, "final_distance_cost": 96.32225788093214, "oscillation_cost": 278.51600618774694, "completition_cost": 888.8888888888888, "overshoot_cost": 100.76183716173439, "power_cost": 29.988699633789064, "noise_cost": 51.608051475544926, "n_waypoints_completed": 1, "tot_waypoints": 9}}
{"target": -682.6296257368394, "params": {"k_pid_pos": [0.8008100390434265, 0.16503077745437622, 0.689504861831665], "k_pid_alt": [1.5258347988128662, 0.8155457973480225, 0.5230411291122437], "k_pid_att": [38.80181884765625, 6.4133992195129395, 0.8967758417129517], "k_pid_yaw": [0.5, 1e-06, 0.1], "k_pid_hsp": [3.8320770263671875, 0.7929710745811462, 0.5994272232055664], "k_pid_vsp": [238.1275177001953, 383.1004333496094, 129.1662139892578]}, "datetime": {"datetime": "2025-08-13 10:40:13", "elapsed": 3141.435537338257, "delta": 51.14394927024841}, "costs": {"total_cost": 682.6296257368394, "time_cost": 117.446, "final_distance_cost": 1.7776367893100813, "oscillation_cost": 418.3821659656452, "completition_cost": 0.0, "overshoot_cost": 63.277273197450995, "power_cost": 45.598125415039064, "noise_cost": 36.14842436939421, "n_waypoints_completed": 9, "tot_waypoints": 9}}
{"target": -2672.2850968341154, "params": {"k_pid_pos": [0.00010017880413215607, 0.9999994039535522, 0.999259352684021], "k_pid_alt": [1.99849534034729, 0.9835213422775269, 0.9999995231628418], "k_pid_att": [99.01665496826172, 0.0001011920758173801, 0.015598148107528687], "k_pid_yaw": [0.5, 1e-06, 0.1], "k_pid_hsp": [9.985669136047363, 0.9999990463256836, 0.9993449449539185], "k_pid_vsp": [0.0030755996704101562, 397.0643615722656, 327.5572204589844]}, "datetime": {"datetime": "2025-08-13 10:41:06", "elapsed": 3194.5944759845734, "delta": 53.15893864631653}, "costs": {"total_cost": 2672.2850968341154, "time_cost": 150, "final_distance_cost": 361.90221277611295, "oscillation_cost": 453.8651526680494, "completition_cost": 888.8888888888888, "overshoot_cost": 752.8732050689586, "power_cost": 35.527894104003906, "noise_cost": 29.22774332810193, "n_waypoints_completed": 1, "tot_waypoints": 9}}
{"target": -2577.0268528237316, "params": {"k_pid_pos": [0.00010101322550326586, 0.999977171421051, 6.020069122314453e-05], "k_pid_alt": [0.0, 0.004751384258270264, 0.9999961853027344], "k_pid_att": [0.0, 0.00029997157980687916, 0.45993879437446594], "k_pid_yaw": [0.5, 1e-06, 0.1], "k_pid_hsp": [9.69285774230957, 0.9999121427536011, 0.9551608562469482], "k_pid_vsp": [399.9998474121094, 334.8310852050781, 154.9185791015625]}, "datetime": {"datetime": "2025-08-13 10:41:58", "elapsed": 3247.0323102474213, "delta": 52.4378342628479}, "costs": {"total_cost": 2577.0268528237316, "time_cost": 150, "final_distance_cost": 337.9007487552689, "oscillation_cost": 3.040415179893866, "completition_cost": 1000.0, "overshoot_cost": 1018.6038518680908, "power_cost": 26.164835021972657, "noise_cost": 41.31700199850538, "n_waypoints_completed": 0, "tot_waypoints": 9}}
{"target": -6260.840411443289, "params": {"k_pid_pos": [0.00011358917981851846, 0.9993132948875427, 0.49363136291503906], "k_pid_alt": [2.0, 0.0, 0.9999373555183411], "k_pid_att": [3.8743019104003906e-05, 9.999996185302734, 0.8946921825408936], "k_pid_yaw": [0.5, 1e-06, 0.1], "k_pid_hsp": [1.6783568859100342, 0.9929027557373047, 0.19177007675170898], "k_pid_vsp": [399.99981689453125, 87.85139465332031, 16.72971534729004]}, "datetime": {"datetime": "2025-08-13 10:42:53", "elapsed": 3301.665143728256, "delta": 54.63283348083496}, "costs": {"total_cost": 6260.840411443289, "time_cost": 150, "final_distance_cost": 1422.9462849626696, "oscillation_cost": 1995.4094895634478, "completition_cost": 1000.0, "overshoot_cost": 1488.9681100182486, "power_cost": 57.362814514160156, "noise_cost": 146.1537123847629, "n_waypoints_completed": 0, "tot_waypoints": 9}}
{"target": -3209.5609343870706, "params": {"k_pid_pos": [0.00013087366824038327, 0.9785348176956177, 0.02176538109779358], "k_pid_alt": [1.9999998807907104, 0.005984127521514893, 0.9984931945800781], "k_pid_att": [0.0, 8.606893539428711, 0.954434335231781], "k_pid_yaw": [0.5, 1e-06, 0.1], "k_pid_hsp": [7.030458927154541, 0.7281923294067383, 0.01816388964653015], "k_pid_vsp": [0.04132986068725586, 1.6536483764648438, 10.632552146911621]}, "datetime": {"datetime": "2025-08-13 10:43:46", "elapsed": 3354.450967311859, "delta": 52.785823583602905}, "costs": {"total_cost": 3209.5609343870706, "time_cost": 150, "final_distance_cost": 91.05026886749316, "oscillation_cost": 1481.6967241358525, "completition_cost": 1000.0, "overshoot_cost": 306.1804081482472, "power_cost": 32.98521851806641, "noise_cost": 147.6483147174107, "n_waypoints_completed": 0, "tot_waypoints": 9}}
{"target": -312.2247089943319, "params": {"k_pid_pos": [0.09018171578645706, 0.4659948945045471, 0.05511268973350525], "k_pid_alt": [1.9905669689178467, 0.06313639879226685, 0.9772020578384399], "k_pid_att": [98.81402587890625, 9.999999747378752e-05, 0.9661970138549805], "k_pid_yaw": [0.5, 1e-06, 0.1], "k_pid_hsp": [0.0018440143903717399, 0.11045533418655396, 0.011323332786560059], "k_pid_vsp": [399.83148193359375, 309.7088623046875, 0.07288555800914764]}, "datetime": {"datetime": "2025-08-13 10:44:31", "elapsed": 3399.998165369034, "delta": 45.54719805717468}, "costs": {"total_cost": 312.2247089943319, "time_cost": 104.223, "final_distance_cost": 1.8131162933042646, "oscillation_cost": 77.63579811340647, "completition_cost": 0.0, "overshoot_cost": 74.54386454410172, "power_cost": 23.38381201171875, "noise_cost": 30.625118031800632, "n_waypoints_completed": 9, "tot_waypoints": 9}}
{"target": -3062.2852646675196, "params": {"k_pid_pos": [0.04859030619263649, 0.06991517543792725, 2.9802322387695312e-08], "k_pid_alt": [0.4575808048248291, 0.18747034668922424, 0.45213258266448975], "k_pid_att": [0.0, 9.820046424865723, 0.8760508298873901], "k_pid_yaw": [0.5, 1e-06, 0.1], "k_pid_hsp": [6.6191864013671875, 0.042155325412750244, 0.02396303415298462], "k_pid_vsp": [399.99853515625, 1.03281831741333, 1.5781054496765137]}, "datetime": {"datetime": "2025-08-13 10:45:24", "elapsed": 3452.364672422409, "delta": 52.366507053375244}, "costs": {"total_cost": 3062.2852646675196, "time_cost": 150, "final_distance_cost": 203.122207930577, "oscillation_cost": 1286.3318247192608, "completition_cost": 888.8888888888888, "overshoot_cost": 352.4958970323849, "power_cost": 47.38029830322266, "noise_cost": 134.06614779318545, "n_waypoints_completed": 1, "tot_waypoints": 9}}
{"target": -4328.607730838285, "params": {"k_pid_pos": [1.9304543733596802, 0.0019787251949310303, 0.999449610710144], "k_pid_alt": [5.424022674560547e-06, 1.0, 0.011944085359573364], "k_pid_att": [5.9604644775390625e-06, 4.861754894256592, 0.9181421995162964], "k_pid_yaw": [0.5, 1e-06, 0.1], "k_pid_hsp": [4.350122928619385, 0.04690831899642944, 0.027631312608718872], "k_pid_vsp": [0.00015497207641601562, 67.87617492675781, 25.498737335205078]}, "datetime": {"datetime": "2025-08-13 10:46:16", "elapsed": 3504.327944993973, "delta": 51.96327257156372}, "costs": {"total_cost": 4328.607730838285, "time_cost": 150, "final_distance_cost": 540.1349273556646, "oscillation_cost": 1259.8758975010473, "completition_cost": 1000.0, "overshoot_cost": 1170.061729390013, "power_cost": 51.66016353759766, "noise_cost": 156.87501305396196, "n_waypoints_completed": 0, "tot_waypoints": 9}}
{"target": -424.6884077815522, "params": {"k_pid_pos": [1.9058668613433838, 4.32431697845459e-05, 0.0007772445678710938], "k_pid_alt": [2.0, 0.0020114481449127197, 0.023543715476989746], "k_pid_att": [99.99990844726562, 9.999999747378752e-05, 0.23569416999816895], "k_pid_yaw": [0.5, 1e-06, 0.1], "k_pid_hsp": [2.6496315002441406, 0.0874980092048645, 0.26558738946914673], "k_pid_vsp": [400.0, 0.7563005089759827, 109.63902282714844]}, "datetime": {"datetime": "2025-08-13 10:46:48", "elapsed": 3536.881988286972, "delta": 32.55404329299927}, "costs": {"total_cost": 424.6884077815522, "time_cost": 71.519, "final_distance_cost": 1.7843996011728405, "oscillation_cost": 254.88041291313485, "completition_cost": 0.0, "overshoot_cost": 52.978378722524155, "power_cost": 24.112329748535156, "noise_cost": 19.413886796185164, "n_waypoints_completed": 9, "tot_waypoints": 9}}
{"target": -13571.424376229443, "params": {"k_pid_pos": [1.8223844766616821, 0.0003644227981567383, 0.9886178970336914], "k_pid_alt": [0.0, 1.0, 0.9889394044876099], "k_pid_att": [0.0, 8.558503150939941, 0.014268308877944946], "k_pid_yaw": [0.5, 1e-06, 0.1], "k_pid_hsp": [0.9537692666053772, 0.2991302013397217, 0.12541377544403076], "k_pid_vsp": [399.994384765625, 27.282764434814453, 318.0568542480469]}, "datetime": {"datetime": "2025-08-13 10:47:44", "elapsed": 3592.7488327026367, "delta": 55.86684441566467}, "costs": {"total_cost": 13571.424376229443, "time_cost": 150, "final_distance_cost": 3950.2533620621034, "oscillation_cost": 2068.493994398566, "completition_cost": 1000.0, "overshoot_cost": 6195.210020568774, "power_cost": 58.1481166015625, "noise_cost": 149.31888259843615, "n_waypoints_completed": 0, "tot_waypoints": 9}}
{"target": -5107.684849425192, "params": {"k_pid_pos": [0.684211790561676, 0.00032591819763183594, 0.9999934434890747], "k_pid_alt": [1.9891700744628906, 0.837406575679779, 2.7805566787719727e-05], "k_pid_att": [0.0, 0.23874984681606293, 0.021227777004241943], "k_pid_yaw": [0.5, 1e-06, 0.1], "k_pid_hsp": [1.5720956325531006, 0.7073108553886414, 0.9728182554244995], "k_pid_vsp": [0.23158788681030273, 64.17295837402344, 325.14703369140625]}, "datetime": {"datetime": "2025-08-13 10:48:39", "elapsed": 3647.3602595329285, "delta": 54.61142683029175}, "costs": {"total_cost": 5107.684849425192, "time_cost": 150, "final_distance_cost": 811.2993102374251, "oscillation_cost": 1056.0220383801254, "completition_cost": 1000.0, "overshoot_cost": 1875.3963041771497, "power_cost": 51.554964062500005, "noise_cost": 163.41223256799083, "n_waypoints_completed": 0, "tot_waypoints": 9}}
{"target": -13838.886654155975, "params": {"k_pid_pos": [1.9739912748336792, 0.024131029844284058, 0.99998939037323], "k_pid_alt": [2.0, 0.9671496748924255, 0.0004667043685913086], "k_pid_att": [0.004377961158752441, 9.631704330444336, 0.003995269536972046], "k_pid_yaw": [0.5, 1e-06, 0.1], "k_pid_hsp": [7.396157741546631, 0.8148400187492371, 0.8507024645805359], "k_pid_vsp": [399.9999084472656, 311.1177062988281, 355.5057067871094]}, "datetime": {"datetime": "2025-08-13 10:49:32", "elapsed": 3701.0611765384674, "delta": 53.70091700553894}, "costs": {"total_cost": 13838.886654155975, "time_cost": 150, "final_distance_cost": 4242.838098883132, "oscillation_cost": 2062.0189717593234, "completition_cost": 1000.0, "overshoot_cost": 6181.61269754393, "power_cost": 58.343324438476564, "noise_cost": 144.07356153111155, "n_waypoints_completed": 0, "tot_waypoints": 9}}
{"target": -7447.5426086199395, "params": {"k_pid_pos": [0.13474862277507782, 0.0015117228031158447, 0.9921635389328003], "k_pid_alt": [2.0, 0.0047502219676971436, 1.1920928955078125e-07], "k_pid_att": [100.0, 0.0004612005432136357, 0.0018510818481445312], "k_pid_yaw": [0.5, 1e-06, 0.1], "k_pid_hsp": [8.81927490234375, 0.7795801162719727, 0.4168446362018585], "k_pid_vsp": [0.0, 325.6112976074219, 356.7233581542969]}, "datetime": {"datetime": "2025-08-13 10:50:27", "elapsed": 3755.6273667812347, "delta": 54.566190242767334}, "costs": {"total_cost": 7447.5426086199395, "time_cost": 150, "final_distance_cost": 1692.6232717366622, "oscillation_cost": 868.1838744309517, "completition_cost": 1000.0, "overshoot_cost": 3674.783358583012, "power_cost": 34.04899801025391, "noise_cost": 27.90310585906013, "n_waypoints_completed": 0, "tot_waypoints": 9}}
{"target": -5971.95811550345, "params": {"k_pid_pos": [0.856103777885437, 0.03347533941268921, 1.0], "k_pid_alt": [0.0, 0.3940216898918152, 0.6792490482330322], "k_pid_att": [0.06775557994842529, 7.252837657928467, 0.007349789142608643], "k_pid_yaw": [0.5, 1e-06, 0.1], "k_pid_hsp": [9.406229972839355, 0.00048723816871643066, 0.9997937679290771], "k_pid_vsp": [399.9823913574219, 347.6286315917969, 385.8988342285156]}, "datetime": {"datetime": "2025-08-13 10:51:20", "elapsed": 3808.7209165096283, "delta": 53.093549728393555}, "costs": {"total_cost": 5971.95811550345, "time_cost": 150, "final_distance_cost": 534.7622840865805, "oscillation_cost": 2363.8072368691705, "completition_cost": 1000.0, "overshoot_cost": 1709.6902709038986, "power_cost": 58.36745362548828, "noise_cost": 155.33087001831242, "n_waypoints_completed": 0, "tot_waypoints": 9}}
{"target": -8124.621998420326, "params": {"k_pid_pos": [0.273922324180603, 0.6913982629776001, 0.4077730178833008], "k_pid_alt": [0.00013464689254760742, 0.0, 0.00019288063049316406], "k_pid_att": [0.0004917383193969727, 0.00010476831812411547, 0.09459525346755981], "k_pid_yaw": [0.5, 1e-06, 0.1], "k_pid_hsp": [9.050199508666992, 0.6779997944831848, 0.9725695848464966], "k_pid_vsp": [399.99993896484375, 372.3739929199219, 338.7528991699219]}, "datetime": {"datetime": "2025-08-13 10:52:13", "elapsed": 3861.8695204257965, "delta": 53.14860391616821}, "costs": {"total_cost": 8124.621998420326, "time_cost": 150, "final_distance_cost": 1770.0080994082032, "oscillation_cost": 8.325052287176904, "completition_cost": 888.8888888888888, "overshoot_cost": 5251.096649481178, "power_cost": 26.216909765625, "noise_cost": 30.08639858925381, "n_waypoints_completed": 1, "tot_waypoints": 9}}
{"target": -1276.6674061361416, "params": {"k_pid_pos": [1.4232232570648193, 0.9627124667167664, 0.553633987903595], "k_pid_alt": [1.9999959468841553, 0.9999949336051941, 0.07406416535377502], "k_pid_att": [0.588071346282959, 0.03479104861617088, 0.8317813873291016], "k_pid_yaw": [0.5, 1e-06, 0.1], "k_pid_hsp": [6.597664833068848, 0.06678014993667603, 0.9927445650100708], "k_pid_vsp": [399.9544677734375, 269.44281005859375, 340.1412353515625]}, "datetime": {"datetime": "2025-08-13 10:53:08", "elapsed": 3916.4695947170258, "delta": 54.60007429122925}, "costs": {"total_cost": 1276.6674061361416, "time_cost": 150, "final_distance_cost": 104.51724759415546, "oscillation_cost": 52.01767345369325, "completition_cost": 777.7777777777778, "overshoot_cost": 131.68601047247097, "power_cost": 31.898415246582033, "noise_cost": 28.770281591461988, "n_waypoints_completed": 2, "tot_waypoints": 9}}
{"target": -8512.209797255196, "params": {"k_pid_pos": [0.1844242811203003, 0.44246822595596313, 0.9439603090286255], "k_pid_alt": [1.9999544620513916, 0.36090919375419617, 0.008934617042541504], "k_pid_att": [0.007608532905578613, 9.999990463256836, 0.2161256968975067], "k_pid_yaw": [0.5, 1e-06, 0.1], "k_pid_hsp": [1.4509060382843018, 0.8193058967590332, 0.2657290995121002], "k_pid_vsp": [0.09607076644897461, 94.70928955078125, 165.14308166503906]}, "datetime": {"datetime": "2025-08-13 10:54:03", "elapsed": 3971.9553837776184, "delta": 55.48578906059265}, "costs": {"total_cost": 8512.209797255196, "time_cost": 150, "final_distance_cost": 1154.5162403677537, "oscillation_cost": 2195.711148521256, "completition_cost": 1000.0, "overshoot_cost": 3818.4703922209574, "power_cost": 51.065987792968755, "noise_cost": 142.44602835225948, "n_waypoints_completed": 0, "tot_waypoints": 9}}
{"target": -2168.803150356223, "params": {"k_pid_pos": [0.37423965334892273, 0.36280357837677, 0.9999995231628418], "k_pid_alt": [0.0, 0.0021638870239257812, 0.1221621036529541], "k_pid_att": [99.99930572509766, 10.0, 0.9579748511314392], "k_pid_yaw": [0.5, 1e-06, 0.1], "k_pid_hsp": [3.6595420837402344, 0.3878031075000763, 0.7306500673294067], "k_pid_vsp": [399.0660705566406, 252.16114807128906, 41.53959655761719]}, "datetime": {"datetime": "2025-08-13 10:54:58", "elapsed": 4026.6455879211426, "delta": 54.69020414352417}, "costs": {"total_cost": 2168.803150356223, "time_cost": 150, "final_distance_cost": 12.122033724335727, "oscillation_cost": 788.1900499737421, "completition_cost": 1000.0, "overshoot_cost": 144.47759970538803, "power_cost": 32.13064158935547, "noise_cost": 41.882825363401295, "n_waypoints_completed": 0, "tot_waypoints": 9}}
{"target": -818.9076296631185, "params": {"k_pid_pos": [0.37392401695251465, 0.7883519530296326, 3.3795833587646484e-05], "k_pid_alt": [2.0, 1.0, 0.3260716199874878], "k_pid_att": [99.98967742919922, 9.999999046325684, 0.931373119354248], "k_pid_yaw": [0.5, 1e-06, 0.1], "k_pid_hsp": [9.865450859069824, 0.6035128235816956, 0.1826269030570984], "k_pid_vsp": [400.0, 243.19912719726562, 57.35042190551758]}, "datetime": {"datetime": "2025-08-13 10:55:55", "elapsed": 4083.615016222, "delta": 56.969428300857544}, "costs": {"total_cost": 818.9076296631185, "time_cost": 150, "final_distance_cost": 76.42153495155941, "oscillation_cost": 263.0696532868346, "completition_cost": 222.2222222222222, "overshoot_cost": 51.69554982842724, "power_cost": 27.800604895019532, "noise_cost": 27.698064479055553, "n_waypoints_completed": 7, "tot_waypoints": 9}}
{"target": -7104.892501436246, "params": {"k_pid_pos": [0.023686464875936508, 0.737898588180542, 0.5614680051803589], "k_pid_alt": [1.0132789611816406e-06, 8.13603401184082e-06, 0.8677335977554321], "k_pid_att": [100.0, 1.4422223567962646, 0.9411659240722656], "k_pid_yaw": [0.5, 1e-06, 0.1], "k_pid_hsp": [1.7531113624572754, 0.42226845026016235, 0.021545052528381348], "k_pid_vsp": [2.384185791015625e-05, 31.11161231994629, 250.2013702392578]}, "datetime": {"datetime": "2025-08-13 10:56:48", "elapsed": 4136.9375212192535, "delta": 53.32250499725342}, "costs": {"total_cost": 7104.892501436246, "time_cost": 150, "final_distance_cost": 1746.6137911470078, "oscillation_cost": 40.65745623329752, "completition_cost": 1000.0, "overshoot_cost": 4099.573698875607, "power_cost": 34.547103393554686, "noise_cost": 33.50045178677835, "n_waypoints_completed": 0, "tot_waypoints": 9}}
{"target": -9291.078117552996, "params": {"k_pid_pos": [0.7145484089851379, 0.9750834703445435, 0.7332585453987122], "k_pid_alt": [2.0, 0.9998605847358704, 0.9938571453094482], "k_pid_att": [0.0001251697540283203, 0.00538568664342165, 0.7995710372924805], "k_pid_yaw": [0.5, 1e-06, 0.1], "k_pid_hsp": [0.8711655139923096, 0.19284403324127197, 0.029058516025543213], "k_pid_vsp": [0.0, 35.97276306152344, 208.2061767578125]}, "datetime": {"datetime": "2025-08-13 10:57:41", "elapsed": 4189.216184139252, "delta": 52.27866291999817}, "costs": {"total_cost": 9291.078117552996, "time_cost": 150, "final_distance_cost": 1717.734475161507, "oscillation_cost": 11.335989579283032, "completition_cost": 1000.0, "overshoot_cost": 6241.274966960767, "power_cost": 36.51767254638672, "noise_cost": 134.2150133050524, "n_waypoints_completed": 0, "tot_waypoints": 9}}
{"target": -5645.916665629255, "params": {"k_pid_pos": [0.38408163189888, 0.5269947052001953, 0.9998030662536621], "k_pid_alt": [0.6533690690994263, 0.0017092227935791016, 0.7487930655479431], "k_pid_att": [99.99984741210938, 0.879378616809845, 0.18764150142669678], "k_pid_yaw": [0.5, 1e-06, 0.1], "k_pid_hsp": [8.830442428588867, 0.22249922156333923, 0.1489449441432953], "k_pid_vsp": [1.533496379852295, 240.10589599609375, 242.0419158935547]}, "datetime": {"datetime": "2025-08-13 10:58:34", "elapsed": 4242.824825048447, "delta": 53.608640909194946}, "costs": {"total_cost": 5645.916665629255, "time_cost": 150, "final_distance_cost": 1492.2750356219622, "oscillation_cost": 757.7681617075591, "completition_cost": 1000.0, "overshoot_cost": 2183.143492588084, "power_cost": 34.110361047363284, "noise_cost": 28.6196146642862, "n_waypoints_completed": 0, "tot_waypoints": 9}}
