{"target": -385.4524505442464, "params": {"k_pid_pos": [0.4315466582775116, 0.020718872547149658, 0.020828723907470703], "k_pid_alt": [0.0, 1.0, 0.9815448522567749], "k_pid_att": [99.99940490722656, 9.999999747378752e-05, 0.9942079782485962], "k_pid_yaw": [0.5, 1e-06, 0.1], "k_pid_hsp": [9.907060623168945, 0.926983654499054, 0.055534929037094116], "k_pid_vsp": [400.0, 389.34869384765625, 3.9889822006225586]}, "datetime": {"datetime": "2025-08-13 19:14:28", "elapsed": 33996.21690869331, "delta": 24.58626079559326}, "costs": {"total_cost": 385.4524505442464, "time_cost": 101.99000000000001, "final_distance_cost": 1.833535740656229, "oscillation_cost": 166.17979504929107, "completition_cost": 0.0, "overshoot_cost": 65.22606742860347, "power_cost": 24.08337237548828, "noise_cost": 26.13967995020735, "n_waypoints_completed": 9, "tot_waypoints": 9}}
{"target": -1418.1396200678607, "params": {"k_pid_pos": [0.07288769632577896, 0.12563574314117432, 0.031159192323684692], "k_pid_alt": [0.0, 0.9999477863311768, 0.946605920791626], "k_pid_att": [100.0, 9.999999747378752e-05, 0.9871600866317749], "k_pid_yaw": [0.5, 1e-06, 0.1], "k_pid_hsp": [8.105119705200195, 0.9345507025718689, 0.09509941935539246], "k_pid_vsp": [399.99993896484375, 393.43963623046875, 8.767617225646973]}, "datetime": {"datetime": "2025-08-13 19:14:57", "elapsed": 34025.58161354065, "delta": 29.364704847335815}, "costs": {"total_cost": 1418.1396200678607, "time_cost": 150, "final_distance_cost": 45.46120355758108, "oscillation_cost": 539.0377024975085, "completition_cost": 555.5555555555555, "overshoot_cost": 73.08672829048456, "power_cost": 26.48386423339844, "noise_cost": 28.514565933332843, "n_waypoints_completed": 4, "tot_waypoints": 9}}
{"target": -1261.8300531025566, "params": {"k_pid_pos": [0.013681729324162006, 0.26375043392181396, 0.08954212069511414], "k_pid_alt": [0.0, 1.0, 0.9716335535049438], "k_pid_att": [100.0, 9.999999747378752e-05, 0.9896873235702515], "k_pid_yaw": [0.5, 1e-06, 0.1], "k_pid_hsp": [9.793556213378906, 0.9692882299423218, 0.004703998565673828], "k_pid_vsp": [400.0, 349.8117370605469, 6.91435432434082]}, "datetime": {"datetime": "2025-08-13 19:15:27", "elapsed": 34055.50002503395, "delta": 29.91841149330139}, "costs": {"total_cost": 1261.8300531025566, "time_cost": 150, "final_distance_cost": 66.79573800295235, "oscillation_cost": 44.957445153699084, "completition_cost": 888.8888888888888, "overshoot_cost": 51.05215239319172, "power_cost": 28.81427507324219, "noise_cost": 31.32155359058215, "n_waypoints_completed": 1, "tot_waypoints": 9}}
{"target": -1230.685622980694, "params": {"k_pid_pos": [0.04498798027634621, 0.07777261734008789, 0.02625831961631775], "k_pid_alt": [0.0, 1.0, 0.9792442321777344], "k_pid_att": [100.0, 0.0001074505053111352, 0.9568268060684204], "k_pid_yaw": [0.5, 1e-06, 0.1], "k_pid_hsp": [9.743144989013672, 0.9839887619018555, 0.02722930908203125], "k_pid_vsp": [400.0, 398.8406677246094, 32.40573501586914]}, "datetime": {"datetime": "2025-08-13 19:15:56", "elapsed": 34084.37012934685, "delta": 28.87010431289673}, "costs": {"total_cost": 1230.685622980694, "time_cost": 150, "final_distance_cost": 96.20535135424404, "oscillation_cost": 77.44733953760175, "completition_cost": 777.7777777777778, "overshoot_cost": 66.55808068970461, "power_cost": 33.15045821533203, "noise_cost": 29.54661540603354, "n_waypoints_completed": 2, "tot_waypoints": 9}}
{"target": -1063.1690666176685, "params": {"k_pid_pos": [0.061072979122400284, 0.013938844203948975, 0.04497498273849487], "k_pid_alt": [1.9996533393859863, 0.9967430830001831, 0.972429633140564], "k_pid_att": [100.0, 9.999999747378752e-05, 0.990788459777832], "k_pid_yaw": [0.5, 1e-06, 0.1], "k_pid_hsp": [9.65859603881836, 0.9478398561477661, 0.010738939046859741], "k_pid_vsp": [400.0, 335.999267578125, 39.30747604370117]}, "datetime": {"datetime": "2025-08-13 19:16:25", "elapsed": 34114.038640499115, "delta": 29.668511152267456}, "costs": {"total_cost": 1063.1690666176685, "time_cost": 150, "final_distance_cost": 84.94882331155542, "oscillation_cost": 45.265633496517225, "completition_cost": 666.6666666666667, "overshoot_cost": 57.08270139692376, "power_cost": 30.26271032714844, "noise_cost": 28.9425314188568, "n_waypoints_completed": 3, "tot_waypoints": 9}}
{"target": -1042.3169976584572, "params": {"k_pid_pos": [0.09631609916687012, 0.0628805160522461, 0.04833301901817322], "k_pid_alt": [0.0, 1.0, 0.978972315788269], "k_pid_att": [100.0, 0.0008742565987631679, 0.9113869667053223], "k_pid_yaw": [0.5, 1e-06, 0.1], "k_pid_hsp": [9.698251724243164, 0.9581555128097534, 0.0036829113960266113], "k_pid_vsp": [400.0, 342.615234375, 7.40568733215332]}, "datetime": {"datetime": "2025-08-13 19:16:54", "elapsed": 34142.93233513832, "delta": 28.893694639205933}, "costs": {"total_cost": 1042.3169976584572, "time_cost": 150, "final_distance_cost": 55.13702629764548, "oscillation_cost": 49.55244331849255, "completition_cost": 666.6666666666667, "overshoot_cost": 67.42386291639824, "power_cost": 21.713928369140625, "noise_cost": 31.823070090113568, "n_waypoints_completed": 3, "tot_waypoints": 9}}
{"target": -1187.501804014079, "params": {"k_pid_pos": [0.03778380900621414, 0.029308050870895386, 0.08927133679389954], "k_pid_alt": [1.9462618827819824, 0.9999892115592957, 0.9235203266143799], "k_pid_att": [100.0, 0.0062430910766124725, 0.9959263205528259], "k_pid_yaw": [0.5, 1e-06, 0.1], "k_pid_hsp": [9.63213062286377, 0.7641549706459045, 0.009944409132003784], "k_pid_vsp": [399.9998779296875, 248.79214477539062, 56.23977279663086]}, "datetime": {"datetime": "2025-08-13 19:17:23", "elapsed": 34171.838391542435, "delta": 28.90605640411377}, "costs": {"total_cost": 1187.501804014079, "time_cost": 150, "final_distance_cost": 83.77133327079942, "oscillation_cost": 35.03192599175372, "completition_cost": 777.7777777777778, "overshoot_cost": 71.84996551935149, "power_cost": 37.04744428710938, "noise_cost": 32.02335716728726, "n_waypoints_completed": 2, "tot_waypoints": 9}}
{"target": -1512.5528127406417, "params": {"k_pid_pos": [0.06490703672170639, 0.07120782136917114, 0.013450801372528076], "k_pid_alt": [1.9669532775878906e-06, 1.6957521438598633e-05, 0.9743510484695435], "k_pid_att": [100.0, 0.00010059603664558381, 0.9601718187332153], "k_pid_yaw": [0.5, 1e-06, 0.1], "k_pid_hsp": [9.902960777282715, 0.9258156418800354, 0.02007579803466797], "k_pid_vsp": [400.0, 389.6726989746094, 1.494849681854248]}, "datetime": {"datetime": "2025-08-13 19:17:53", "elapsed": 34202.03961896896, "delta": 30.20122742652893}, "costs": {"total_cost": 1512.5528127406417, "time_cost": 150, "final_distance_cost": 0.9919828103249763, "oscillation_cost": 18.78830327404388, "completition_cost": 1000.0, "overshoot_cost": 163.12861308866334, "power_cost": 26.061835852050784, "noise_cost": 153.5820777155588, "n_waypoints_completed": 0, "tot_waypoints": 9}}
{"target": -934.8148677191409, "params": {"k_pid_pos": [0.06411099433898926, 0.07206138968467712, 0.046468764543533325], "k_pid_alt": [0.00019598007202148438, 0.9999316930770874, 0.9432443976402283], "k_pid_att": [100.0, 0.0037078331224620342, 0.96820068359375], "k_pid_yaw": [0.5, 1e-06, 0.1], "k_pid_hsp": [9.464590072631836, 0.9713392853736877, 0.0016564130783081055], "k_pid_vsp": [400.0, 396.1873474121094, 31.96019172668457]}, "datetime": {"datetime": "2025-08-13 19:18:23", "elapsed": 34232.00553512573, "delta": 29.9659161567688}, "costs": {"total_cost": 934.8148677191409, "time_cost": 150, "final_distance_cost": 47.56457721364086, "oscillation_cost": 44.25801866050239, "completition_cost": 555.5555555555555, "overshoot_cost": 79.28942465185544, "power_cost": 28.95476071777344, "noise_cost": 29.192530919813155, "n_waypoints_completed": 4, "tot_waypoints": 9}}
{"target": -1083.0181666545957, "params": {"k_pid_pos": [0.11699072271585464, 0.06688731908798218, 0.039386212825775146], "k_pid_alt": [0.0, 1.0, 0.9896630048751831], "k_pid_att": [99.99951934814453, 9.999999747378752e-05, 0.9444711208343506], "k_pid_yaw": [0.5, 1e-06, 0.1], "k_pid_hsp": [9.5940523147583, 0.9687372446060181, 0.027021706104278564], "k_pid_vsp": [400.0, 384.5845642089844, 2.369476318359375]}, "datetime": {"datetime": "2025-08-13 19:18:53", "elapsed": 34261.95181512833, "delta": 29.946280002593994}, "costs": {"total_cost": 1083.0181666545957, "time_cost": 150, "final_distance_cost": 38.76614755117091, "oscillation_cost": 209.292253573071, "completition_cost": 555.5555555555555, "overshoot_cost": 70.02442497213056, "power_cost": 27.60704608154297, "noise_cost": 31.77273892112466, "n_waypoints_completed": 4, "tot_waypoints": 9}}
{"target": -1099.0041724580367, "params": {"k_pid_pos": [0.05184515193104744, 0.04195830225944519, 0.06619447469711304], "k_pid_alt": [7.271766662597656e-06, 1.0, 0.9864879846572876], "k_pid_att": [100.0, 0.00010089405986946076, 0.9693642854690552], "k_pid_yaw": [0.5, 1e-06, 0.1], "k_pid_hsp": [9.512055397033691, 0.8363049030303955, 0.004998296499252319], "k_pid_vsp": [400.0, 395.6912536621094, 3.7471303939819336]}, "datetime": {"datetime": "2025-08-13 19:19:22", "elapsed": 34290.86901164055, "delta": 28.91719651222229}, "costs": {"total_cost": 1099.0041724580367, "time_cost": 150, "final_distance_cost": 69.86228559747474, "oscillation_cost": 87.95004371825276, "completition_cost": 666.6666666666667, "overshoot_cost": 83.26530304077825, "power_cost": 15.126233312988282, "noise_cost": 26.133640121875978, "n_waypoints_completed": 3, "tot_waypoints": 9}}
{"target": -280.7956572375505, "params": {"k_pid_pos": [0.2801077663898468, 0.05716034770011902, 0.027697652578353882], "k_pid_alt": [2.0, 0.9999951124191284, 0.9607527256011963], "k_pid_att": [100.0, 9.999999747378752e-05, 0.9748085737228394], "k_pid_yaw": [0.5, 1e-06, 0.1], "k_pid_hsp": [9.405106544494629, 0.9633618593215942, 0.012157201766967773], "k_pid_vsp": [399.9992370605469, 389.41741943359375, 12.939167976379395]}, "datetime": {"datetime": "2025-08-13 19:19:46", "elapsed": 34315.04759120941, "delta": 24.178579568862915}, "costs": {"total_cost": 280.7956572375505, "time_cost": 96.075, "final_distance_cost": 1.835749796183021, "oscillation_cost": 70.74672010712267, "completition_cost": 0.0, "overshoot_cost": 56.50120016634362, "power_cost": 28.137088610839847, "noise_cost": 27.49989855706134, "n_waypoints_completed": 9, "tot_waypoints": 9}}
{"target": -327.7066083208456, "params": {"k_pid_pos": [0.3994762599468231, 0.03177502751350403, 0.022283077239990234], "k_pid_alt": [0.0, 1.0, 0.9982370138168335], "k_pid_att": [100.0, 0.00010834456770680845, 0.9918895959854126], "k_pid_yaw": [0.5, 1e-06, 0.1], "k_pid_hsp": [9.843835830688477, 0.7631988525390625, 0.04577872157096863], "k_pid_vsp": [400.0, 384.30389404296875, 16.988924026489258]}, "datetime": {"datetime": "2025-08-13 19:20:12", "elapsed": 34340.403955221176, "delta": 25.356364011764526}, "costs": {"total_cost": 327.7066083208456, "time_cost": 104.58, "final_distance_cost": 1.8130771989639538, "oscillation_cost": 97.75236489296417, "completition_cost": 0.0, "overshoot_cost": 67.03448938191454, "power_cost": 29.49930330810547, "noise_cost": 27.02737353889743, "n_waypoints_completed": 9, "tot_waypoints": 9}}
{"target": -1468.808440762597, "params": {"k_pid_pos": [0.02328200824558735, 0.030270308256149292, 0.0039029717445373535], "k_pid_alt": [0.0, 0.0040318965911865234, 0.9245926737785339], "k_pid_att": [100.0, 0.00015900800644885749, 0.9652975797653198], "k_pid_yaw": [0.5, 1e-06, 0.1], "k_pid_hsp": [9.912968635559082, 0.9619193077087402, 0.04608869552612305], "k_pid_vsp": [400.0, 398.6004638671875, 14.874804496765137]}, "datetime": {"datetime": "2025-08-13 19:20:41", "elapsed": 34369.91321396828, "delta": 29.50925874710083}, "costs": {"total_cost": 1468.808440762597, "time_cost": 150, "final_distance_cost": 11.94704569763832, "oscillation_cost": 92.48121297794327, "completition_cost": 1000.0, "overshoot_cost": 143.2587000654772, "power_cost": 28.574192517089845, "noise_cost": 42.5472895044484, "n_waypoints_completed": 0, "tot_waypoints": 9}}
{"target": -1077.7475029411835, "params": {"k_pid_pos": [0.11319779604673386, 0.0479012131690979, 0.048488080501556396], "k_pid_alt": [0.0, 1.0, 0.9747599363327026], "k_pid_att": [99.97804260253906, 6.478264808654785, 0.916712760925293], "k_pid_yaw": [0.5, 1e-06, 0.1], "k_pid_hsp": [9.01211929321289, 0.8550095558166504, 0.024474680423736572], "k_pid_vsp": [400.0, 399.274169921875, 8.773470878601074]}, "datetime": {"datetime": "2025-08-13 19:21:10", "elapsed": 34398.99606132507, "delta": 29.082847356796265}, "costs": {"total_cost": 1077.7475029411835, "time_cost": 150, "final_distance_cost": 44.721504833625005, "oscillation_cost": 203.6971547044028, "completition_cost": 555.5555555555555, "overshoot_cost": 71.60717698680432, "power_cost": 22.73415711669922, "noise_cost": 29.4319537440968, "n_waypoints_completed": 4, "tot_waypoints": 9}}
{"target": -881.0878515999747, "params": {"k_pid_pos": [0.19303666055202484, 0.22096282243728638, 0.047584593296051025], "k_pid_alt": [4.7147274017333984e-05, 1.0, 0.8834424614906311], "k_pid_att": [100.0, 9.999999747378752e-05, 0.9671699404716492], "k_pid_yaw": [0.5, 1e-06, 0.1], "k_pid_hsp": [9.808320999145508, 0.9954543113708496, 0.031173259019851685], "k_pid_vsp": [397.2124938964844, 386.3189697265625, 16.321184158325195]}, "datetime": {"datetime": "2025-08-13 19:21:40", "elapsed": 34428.74655342102, "delta": 29.750492095947266}, "costs": {"total_cost": 881.0878515999747, "time_cost": 150, "final_distance_cost": 51.603075164581554, "oscillation_cost": 118.25892845058341, "completition_cost": 444.4444444444444, "overshoot_cost": 60.619737319480436, "power_cost": 26.92687274169922, "noise_cost": 29.23479347918571, "n_waypoints_completed": 5, "tot_waypoints": 9}}
{"target": -676.5441900793803, "params": {"k_pid_pos": [0.275386244058609, 0.002356618642807007, 0.03099799156188965], "k_pid_alt": [0.016667962074279785, 0.9997797012329102, 0.9786372780799866], "k_pid_att": [100.0, 9.999999747378752e-05, 0.9413934946060181], "k_pid_yaw": [0.5, 1e-06, 0.1], "k_pid_hsp": [8.935741424560547, 0.9736216068267822, 0.03377717733383179], "k_pid_vsp": [399.9110107421875, 398.8503112792969, 25.572837829589844]}, "datetime": {"datetime": "2025-08-13 19:22:09", "elapsed": 34457.49263906479, "delta": 28.74608564376831}, "costs": {"total_cost": 676.5441900793803, "time_cost": 150, "final_distance_cost": 68.73155856308757, "oscillation_cost": 101.34632388289981, "completition_cost": 222.2222222222222, "overshoot_cost": 65.19006387581081, "power_cost": 36.088307739257814, "noise_cost": 32.96571379610216, "n_waypoints_completed": 7, "tot_waypoints": 9}}
{"target": -760.9221662971556, "params": {"k_pid_pos": [0.1532878428697586, 0.033335983753204346, 0.01377078890800476], "k_pid_alt": [0.014166474342346191, 1.0, 0.7529113292694092], "k_pid_att": [100.0, 9.999999747378752e-05, 0.941912055015564], "k_pid_yaw": [0.5, 1e-06, 0.1], "k_pid_hsp": [9.948517799377441, 0.9049495458602905, 0.02519369125366211], "k_pid_vsp": [400.0, 382.8580322265625, 28.5531063079834]}, "datetime": {"datetime": "2025-08-13 19:22:37", "elapsed": 34485.78907632828, "delta": 28.29643726348877}, "costs": {"total_cost": 760.9221662971556, "time_cost": 150, "final_distance_cost": 63.3875546986858, "oscillation_cost": 81.89493468380334, "completition_cost": 333.33333333333337, "overshoot_cost": 69.40348008856141, "power_cost": 32.01007418212891, "noise_cost": 30.892789310642673, "n_waypoints_completed": 6, "tot_waypoints": 9}}
{"target": -1134.1754943735489, "params": {"k_pid_pos": [0.041477564722299576, 0.046609729528427124, 0.03003421425819397], "k_pid_alt": [0.0, 1.0, 0.9322012066841125], "k_pid_att": [100.0, 9.999999747378752e-05, 0.9979350566864014], "k_pid_yaw": [0.5, 1e-06, 0.1], "k_pid_hsp": [9.636445045471191, 0.9880595207214355, 0.06709933280944824], "k_pid_vsp": [400.0, 377.015625, 10.507668495178223]}, "datetime": {"datetime": "2025-08-13 19:23:06", "elapsed": 34514.121463775635, "delta": 28.332387447357178}, "costs": {"total_cost": 1134.1754943735489, "time_cost": 150, "final_distance_cost": 65.30851109109113, "oscillation_cost": 108.06740780823111, "completition_cost": 666.6666666666667, "overshoot_cost": 89.5929386454976, "power_cost": 27.726524047851562, "noise_cost": 26.813446114210777, "n_waypoints_completed": 3, "tot_waypoints": 9}}
{"target": -787.0063697874848, "params": {"k_pid_pos": [0.38989266753196716, 0.13818836212158203, 0.4945007860660553], "k_pid_alt": [0.0, 0.27266860008239746, 0.9835237264633179], "k_pid_att": [99.99998474121094, 0.00010149009904125705, 0.9950411319732666], "k_pid_yaw": [0.5, 1e-06, 0.1], "k_pid_hsp": [9.55048656463623, 0.9797927141189575, 0.01669752597808838], "k_pid_vsp": [400.0, 396.7484436035156, 10.685885429382324]}, "datetime": {"datetime": "2025-08-13 19:23:36", "elapsed": 34544.22193288803, "delta": 30.10046911239624}, "costs": {"total_cost": 787.0063697874848, "time_cost": 150, "final_distance_cost": 71.51201842505554, "oscillation_cost": 221.46221051874207, "completition_cost": 222.2222222222222, "overshoot_cost": 61.53568115984269, "power_cost": 30.84799979248047, "noise_cost": 29.426237669141862, "n_waypoints_completed": 7, "tot_waypoints": 9}}
{"target": -1170.7963620943265, "params": {"k_pid_pos": [0.04847080633044243, 0.02376905083656311, 0.049384623765945435], "k_pid_alt": [0.0, 0.9999046325683594, 0.9833986163139343], "k_pid_att": [100.0, 9.999999747378752e-05, 0.9922881126403809], "k_pid_yaw": [0.5, 1e-06, 0.1], "k_pid_hsp": [9.914196014404297, 0.9356573820114136, 0.008107185363769531], "k_pid_vsp": [399.99981689453125, 394.7497863769531, 6.405032634735107]}, "datetime": {"datetime": "2025-08-13 19:24:05", "elapsed": 34573.711373806, "delta": 29.48944091796875}, "costs": {"total_cost": 1170.7963620943265, "time_cost": 150, "final_distance_cost": 80.53491743285727, "oscillation_cost": 38.31978665883357, "completition_cost": 777.7777777777778, "overshoot_cost": 72.66896738377913, "power_cost": 21.61131903076172, "noise_cost": 29.883593810317045, "n_waypoints_completed": 2, "tot_waypoints": 9}}
{"target": -1076.7389779812677, "params": {"k_pid_pos": [0.08025476336479187, 0.07286074757575989, 0.0333344042301178], "k_pid_alt": [7.063150405883789e-05, 1.0, 0.9665032625198364], "k_pid_att": [99.99996185302734, 9.999999747378752e-05, 0.8136419057846069], "k_pid_yaw": [0.5, 1e-06, 0.1], "k_pid_hsp": [9.903383255004883, 0.9907358884811401, 0.006589949131011963], "k_pid_vsp": [400.0, 398.7144470214844, 60.32600402832031]}, "datetime": {"datetime": "2025-08-13 19:24:34", "elapsed": 34602.554438114166, "delta": 28.843064308166504}, "costs": {"total_cost": 1076.7389779812677, "time_cost": 150, "final_distance_cost": 54.357870049049815, "oscillation_cost": 76.30353266867083, "completition_cost": 666.6666666666667, "overshoot_cost": 70.46419119822453, "power_cost": 29.237210485839846, "noise_cost": 29.709506912815907, "n_waypoints_completed": 3, "tot_waypoints": 9}}
{"target": -1085.790760741577, "params": {"k_pid_pos": [0.12883512675762177, 0.023318767547607422, 0.008759677410125732], "k_pid_alt": [0.0, 1.0, 0.5497388243675232], "k_pid_att": [100.0, 9.999999747378752e-05, 0.9803043603897095], "k_pid_yaw": [0.5, 1e-06, 0.1], "k_pid_hsp": [9.421043395996094, 0.8286949396133423, 0.05392187833786011], "k_pid_vsp": [400.0, 385.57275390625, 39.840389251708984]}, "datetime": {"datetime": "2025-08-13 19:25:04", "elapsed": 34632.70176386833, "delta": 30.14732575416565}, "costs": {"total_cost": 1085.790760741577, "time_cost": 150, "final_distance_cost": 48.44220652527317, "oscillation_cost": 203.15464105072311, "completition_cost": 555.5555555555555, "overshoot_cost": 70.1172102202996, "power_cost": 29.866347827148438, "noise_cost": 28.654799562577228, "n_waypoints_completed": 4, "tot_waypoints": 9}}
{"target": -1164.2942500856955, "params": {"k_pid_pos": [0.16346685588359833, 0.1325974464416504, 0.05448541045188904], "k_pid_alt": [0.0, 1.0, 0.9949380159378052], "k_pid_att": [100.0, 9.999999747378752e-05, 0.9929091930389404], "k_pid_yaw": [0.5, 1e-06, 0.1], "k_pid_hsp": [9.840920448303223, 0.9766587018966675, 0.06730738282203674], "k_pid_vsp": [400.0, 394.87994384765625, 8.884931564331055]}, "datetime": {"datetime": "2025-08-13 19:25:33", "elapsed": 34661.37819361687, "delta": 28.676429748535156}, "costs": {"total_cost": 1164.2942500856955, "time_cost": 150, "final_distance_cost": 38.36271239637665, "oscillation_cost": 281.88067535182114, "completition_cost": 555.5555555555555, "overshoot_cost": 64.50723696016814, "power_cost": 39.744839282226565, "noise_cost": 34.24323053954748, "n_waypoints_completed": 4, "tot_waypoints": 9}}
{"target": -2004.090515102546, "params": {"k_pid_pos": [0.04404287785291672, 0.00629386305809021, 0.08188360929489136], "k_pid_alt": [0.007615983486175537, 1.0, 0.9839439988136292], "k_pid_att": [100.0, 0.9407985210418701, 0.981128454208374], "k_pid_yaw": [0.5, 1e-06, 0.1], "k_pid_hsp": [9.589975357055664, 0.997934877872467, 0.13112986087799072], "k_pid_vsp": [400.0, 388.06005859375, 3.5202155113220215]}, "datetime": {"datetime": "2025-08-13 19:26:03", "elapsed": 34691.37416768074, "delta": 29.99597406387329}, "costs": {"total_cost": 2004.090515102546, "time_cost": 150, "final_distance_cost": 71.4313882230033, "oscillation_cost": 765.4668139331515, "completition_cost": 888.8888888888888, "overshoot_cost": 60.79320372570036, "power_cost": 38.02213228759766, "noise_cost": 29.488088044204492, "n_waypoints_completed": 1, "tot_waypoints": 9}}
