{"target": -1544.7464919584093, "params": {"k_pid_pos": [0.08692913502454758, 0.7412636876106262, 0.43382126092910767], "k_pid_alt": [0.6779032349586487, 0.9999982118606567, 0.9426935911178589], "k_pid_att": [99.99995422363281, 0.00010029802069766447, 0.8366509675979614], "k_pid_yaw": [0.5, 1e-06, 0.1], "k_pid_hsp": [8.170538902282715, 0.9350575804710388, 0.15053501725196838], "k_pid_vsp": [399.993896484375, 283.6016540527344, 11.873400688171387]}, "datetime": {"datetime": "2025-08-13 13:33:52", "elapsed": 13560.535918951035, "delta": 31.832313060760498}, "costs": {"total_cost": 1544.7464919584093, "time_cost": 150, "final_distance_cost": 85.49570289400158, "oscillation_cost": 428.0402256750129, "completition_cost": 777.7777777777778, "overshoot_cost": 37.2766008109901, "power_cost": 36.517192797851564, "noise_cost": 29.63899200277533, "n_waypoints_completed": 2, "tot_waypoints": 9}}
{"target": -1673.8381127552548, "params": {"k_pid_pos": [0.13549984991550446, 0.1723378300666809, 0.78141188621521], "k_pid_alt": [1.7881393432617188e-07, 0.9989314079284668, 0.9806945323944092], "k_pid_att": [100.0, 0.4570302665233612, 0.864188551902771], "k_pid_yaw": [0.5, 1e-06, 0.1], "k_pid_hsp": [9.929722785949707, 0.9961726665496826, 0.11900991201400757], "k_pid_vsp": [7.1373820304870605, 348.6963806152344, 66.04669189453125]}, "datetime": {"datetime": "2025-08-13 13:34:22", "elapsed": 13590.149126291275, "delta": 29.61320734024048}, "costs": {"total_cost": 1673.8381127552548, "time_cost": 150, "final_distance_cost": 53.087575304237795, "oscillation_cost": 671.7006808454396, "completition_cost": 666.6666666666667, "overshoot_cost": 71.07820755619613, "power_cost": 33.28156932373047, "noise_cost": 28.023413058984044, "n_waypoints_completed": 3, "tot_waypoints": 9}}
{"target": -504.71450325051404, "params": {"k_pid_pos": [0.5403122305870056, 0.22120651602745056, 0.08692917227745056], "k_pid_alt": [1.979532241821289, 0.00011402368545532227, 0.967181921005249], "k_pid_att": [99.99929809570312, 0.00023291702382266521, 0.8195775747299194], "k_pid_yaw": [0.5, 1e-06, 0.1], "k_pid_hsp": [9.918044090270996, 0.9615922570228577, 0.2481425702571869], "k_pid_vsp": [27.68781280517578, 378.84613037109375, 8.804883003234863]}, "datetime": {"datetime": "2025-08-13 13:34:43", "elapsed": 13611.86657166481, "delta": 21.717445373535156}, "costs": {"total_cost": 504.71450325051404, "time_cost": 87.283, "final_distance_cost": 1.842381296516518, "oscillation_cost": 315.7928734233357, "completition_cost": 0.0, "overshoot_cost": 52.37757376557274, "power_cost": 25.98601953125, "noise_cost": 21.432655233839057, "n_waypoints_completed": 9, "tot_waypoints": 9}}
{"target": -1654.0235437169938, "params": {"k_pid_pos": [0.10993615537881851, 0.2982058525085449, 0.06478419899940491], "k_pid_alt": [0.009818732738494873, 1.0, 0.904739499092102], "k_pid_att": [90.13858795166016, 9.999984741210938, 0.3808141052722931], "k_pid_yaw": [0.5, 1e-06, 0.1], "k_pid_hsp": [8.355828285217285, 0.917063295841217, 0.09280899167060852], "k_pid_vsp": [1.571500301361084, 373.7378845214844, 18.974306106567383]}, "datetime": {"datetime": "2025-08-13 13:35:14", "elapsed": 13642.922358989716, "delta": 31.055787324905396}, "costs": {"total_cost": 1654.0235437169938, "time_cost": 150, "final_distance_cost": 89.34824435453082, "oscillation_cost": 504.23280974689203, "completition_cost": 777.7777777777778, "overshoot_cost": 59.28556487056296, "power_cost": 44.485584033203125, "noise_cost": 28.89356293402703, "n_waypoints_completed": 2, "tot_waypoints": 9}}
{"target": -738.4723926325283, "params": {"k_pid_pos": [0.5673924684524536, 0.24635916948318481, 0.2845514416694641], "k_pid_alt": [1.9887447357177734, 0.9999975562095642, 0.7971765995025635], "k_pid_att": [100.0, 10.0, 0.9363756775856018], "k_pid_yaw": [0.5, 1e-06, 0.1], "k_pid_hsp": [9.532116889953613, 0.7006800174713135, 0.11580550670623779], "k_pid_vsp": [400.0, 396.4455261230469, 27.883615493774414]}, "datetime": {"datetime": "2025-08-13 13:35:43", "elapsed": 13672.017798423767, "delta": 29.095439434051514}, "costs": {"total_cost": 738.4723926325283, "time_cost": 111.23, "final_distance_cost": 1.78107098240021, "oscillation_cost": 509.835598410949, "completition_cost": 0.0, "overshoot_cost": 58.17947141050838, "power_cost": 30.30161922607422, "noise_cost": 27.144632602596552, "n_waypoints_completed": 9, "tot_waypoints": 9}}
{"target": -300.5287123758297, "params": {"k_pid_pos": [1.2159456014633179, 0.22911065816879272, 0.030243396759033203], "k_pid_alt": [0.01275014877319336, 0.7295367121696472, 0.889706015586853], "k_pid_att": [100.0, 9.999999747378752e-05, 0.9656314849853516], "k_pid_yaw": [0.5, 1e-06, 0.1], "k_pid_hsp": [4.802610874176025, 0.8760247230529785, 0.02339881658554077], "k_pid_vsp": [399.99981689453125, 397.2930908203125, 15.149689674377441]}, "datetime": {"datetime": "2025-08-13 13:36:11", "elapsed": 13699.391896247864, "delta": 27.37409782409668}, "costs": {"total_cost": 300.5287123758297, "time_cost": 100.85600000000001, "final_distance_cost": 1.7713578421517362, "oscillation_cost": 76.5181155756534, "completition_cost": 0.0, "overshoot_cost": 64.92021664539055, "power_cost": 29.518523083496095, "noise_cost": 26.94449922913786, "n_waypoints_completed": 9, "tot_waypoints": 9}}
{"target": -1322.4118276352067, "params": {"k_pid_pos": [0.03461282327771187, 0.6261541247367859, 0.07864481210708618], "k_pid_alt": [1.8087663650512695, 0.8931219577789307, 0.6079522371292114], "k_pid_att": [100.0, 0.014367719180881977, 0.9445364475250244], "k_pid_yaw": [0.5, 1e-06, 0.1], "k_pid_hsp": [9.438104629516602, 0.7999557852745056, 0.027862191200256348], "k_pid_vsp": [0.03610849380493164, 376.4189453125, 4.808391094207764]}, "datetime": {"datetime": "2025-08-13 13:36:41", "elapsed": 13729.730429887772, "delta": 30.338533639907837}, "costs": {"total_cost": 1322.4118276352067, "time_cost": 150, "final_distance_cost": 60.842630181807024, "oscillation_cost": 107.2914811550775, "completition_cost": 888.8888888888888, "overshoot_cost": 43.411079829831145, "power_cost": 41.32120516357422, "noise_cost": 30.656542416028145, "n_waypoints_completed": 1, "tot_waypoints": 9}}
{"target": -8879.758215114074, "params": {"k_pid_pos": [1.4200249910354614, 0.4180973172187805, 0.8660156726837158], "k_pid_alt": [0.04794740676879883, 0.9999991655349731, 0.8246456384658813], "k_pid_att": [0.048100948333740234, 9.999999747378752e-05, 0.5066091418266296], "k_pid_yaw": [0.5, 1e-06, 0.1], "k_pid_hsp": [8.434558868408203, 0.8964128494262695, 0.22417709231376648], "k_pid_vsp": [397.52911376953125, 257.6093444824219, 6.73045015335083]}, "datetime": {"datetime": "2025-08-13 13:37:13", "elapsed": 13761.990483999252, "delta": 32.26005411148071}, "costs": {"total_cost": 8879.758215114074, "time_cost": 150, "final_distance_cost": 1968.1401080081346, "oscillation_cost": 22.112037311356005, "completition_cost": 1000.0, "overshoot_cost": 5645.103024733456, "power_cost": 46.483068115234374, "noise_cost": 47.9199769458932, "n_waypoints_completed": 0, "tot_waypoints": 9}}
{"target": -870.6379051666049, "params": {"k_pid_pos": [0.47759878635406494, 0.0952957272529602, 0.42994242906570435], "k_pid_alt": [2.980232238769531e-07, 0.999639093875885, 0.4877534806728363], "k_pid_att": [99.47772979736328, 9.999999747378752e-05, 0.944034218788147], "k_pid_yaw": [0.5, 1e-06, 0.1], "k_pid_hsp": [9.514144897460938, 0.933087944984436, 0.03293469548225403], "k_pid_vsp": [399.9999084472656, 381.8504333496094, 13.474024772644043]}, "datetime": {"datetime": "2025-08-13 13:37:47", "elapsed": 13795.75766158104, "delta": 33.76717758178711}, "costs": {"total_cost": 870.6379051666049, "time_cost": 150, "final_distance_cost": 54.480450262885256, "oscillation_cost": 144.3250869060489, "completition_cost": 333.33333333333337, "overshoot_cost": 81.71877814193923, "power_cost": 48.788123193359375, "noise_cost": 57.992133329038744, "n_waypoints_completed": 6, "tot_waypoints": 9}}
{"target": -531.924456176754, "params": {"k_pid_pos": [0.9552350044250488, 0.2075919508934021, 0.15297600626945496], "k_pid_alt": [1.9935258626937866, 0.9999921917915344, 0.7990657091140747], "k_pid_att": [99.99993133544922, 9.997246742248535, 0.9656941890716553], "k_pid_yaw": [0.5, 1e-06, 0.1], "k_pid_hsp": [9.932984352111816, 0.9864899516105652, 0.2286728024482727], "k_pid_vsp": [71.33326721191406, 391.2308349609375, 10.322630882263184]}, "datetime": {"datetime": "2025-08-13 13:38:12", "elapsed": 13821.0113863945, "delta": 25.253724813461304}, "costs": {"total_cost": 531.924456176754, "time_cost": 87.724, "final_distance_cost": 1.7858276479449118, "oscillation_cost": 342.25551112410227, "completition_cost": 0.0, "overshoot_cost": 55.52157701431646, "power_cost": 22.805950231933593, "noise_cost": 21.83159015845675, "n_waypoints_completed": 9, "tot_waypoints": 9}}
{"target": -1223.036236621945, "params": {"k_pid_pos": [0.11869002878665924, 0.005459845066070557, 0.2723393440246582], "k_pid_alt": [0.0, 1.0, 0.9089586734771729], "k_pid_att": [1.8538445234298706, 4.797607421875, 0.930510938167572], "k_pid_yaw": [0.5, 1e-06, 0.1], "k_pid_hsp": [9.25439739227295, 0.9319590330123901, 0.044248104095458984], "k_pid_vsp": [32.05718994140625, 333.5157470703125, 19.1053409576416]}, "datetime": {"datetime": "2025-08-13 13:38:44", "elapsed": 13852.145052194595, "delta": 31.133665800094604}, "costs": {"total_cost": 1223.036236621945, "time_cost": 150, "final_distance_cost": 77.09197030376427, "oscillation_cost": 197.3282640911591, "completition_cost": 666.6666666666667, "overshoot_cost": 68.07107759825332, "power_cost": 34.84630134277344, "noise_cost": 29.03195661932789, "n_waypoints_completed": 3, "tot_waypoints": 9}}
{"target": -1200.5252833226114, "params": {"k_pid_pos": [0.30584555864334106, 0.47099819779396057, 0.3982483148574829], "k_pid_alt": [6.556510925292969e-07, 1.0, 0.7485392689704895], "k_pid_att": [100.0, 0.1280946284532547, 0.9638651609420776], "k_pid_yaw": [0.5, 1e-06, 0.1], "k_pid_hsp": [8.991857528686523, 0.9320580959320068, 0.029476583003997803], "k_pid_vsp": [154.7109832763672, 323.574951171875, 2.677405834197998]}, "datetime": {"datetime": "2025-08-13 13:39:14", "elapsed": 13883.046051740646, "delta": 30.900999546051025}, "costs": {"total_cost": 1200.5252833226114, "time_cost": 150, "final_distance_cost": 53.79816033825109, "oscillation_cost": 434.1382690419841, "completition_cost": 444.4444444444444, "overshoot_cost": 59.36957051630029, "power_cost": 28.60812889404297, "noise_cost": 30.166710087588623, "n_waypoints_completed": 5, "tot_waypoints": 9}}
{"target": -1072.4276550647996, "params": {"k_pid_pos": [0.35308244824409485, 0.6956720352172852, 0.009585767984390259], "k_pid_alt": [0.0, 1.0, 0.597601592540741], "k_pid_att": [100.0, 0.0031612638849765062, 0.9301937818527222], "k_pid_yaw": [0.5, 1e-06, 0.1], "k_pid_hsp": [6.80747652053833, 0.971219539642334, 0.07209140062332153], "k_pid_vsp": [0.0, 329.3568115234375, 50.71077346801758]}, "datetime": {"datetime": "2025-08-13 13:39:45", "elapsed": 13913.640109539032, "delta": 30.59405779838562}, "costs": {"total_cost": 1072.4276550647996, "time_cost": 150, "final_distance_cost": 47.64956630088272, "oscillation_cost": 188.75985753247383, "completition_cost": 555.5555555555555, "overshoot_cost": 62.95114626939438, "power_cost": 36.853977111816405, "noise_cost": 30.65755229467682, "n_waypoints_completed": 4, "tot_waypoints": 9}}
{"target": -3535.5932456104288, "params": {"k_pid_pos": [1.718613624572754, 0.1936306357383728, 0.10098421573638916], "k_pid_alt": [1.948074460029602, 0.9999842643737793, 0.679340124130249], "k_pid_att": [0.0004202127456665039, 9.9423828125, 0.8267084956169128], "k_pid_yaw": [0.5, 1e-06, 0.1], "k_pid_hsp": [9.392271995544434, 0.614777147769928, 0.08930844068527222], "k_pid_vsp": [400.0, 322.1411437988281, 13.781453132629395]}, "datetime": {"datetime": "2025-08-13 13:40:17", "elapsed": 13946.09581208229, "delta": 32.45570254325867}, "costs": {"total_cost": 3535.5932456104288, "time_cost": 150, "final_distance_cost": 109.53501750391561, "oscillation_cost": 1223.8575290772237, "completition_cost": 1000.0, "overshoot_cost": 839.8911622306207, "power_cost": 53.74399880371094, "noise_cost": 158.5655379949577, "n_waypoints_completed": 0, "tot_waypoints": 9}}
{"target": -1277.7150128876522, "params": {"k_pid_pos": [0.5178808569908142, 0.4825008511543274, 0.20874038338661194], "k_pid_alt": [0.0, 0.9988293051719666, 0.22767901420593262], "k_pid_att": [100.0, 0.0005526927416212857, 0.9452767372131348], "k_pid_yaw": [0.5, 1e-06, 0.1], "k_pid_hsp": [9.402914047241211, 0.8376042246818542, 0.28423643112182617], "k_pid_vsp": [400.0, 389.7539978027344, 9.511530876159668]}, "datetime": {"datetime": "2025-08-13 13:40:50", "elapsed": 13978.729852676392, "delta": 32.63404059410095}, "costs": {"total_cost": 1277.7150128876522, "time_cost": 150, "final_distance_cost": 63.81802795408745, "oscillation_cost": 594.5181529029925, "completition_cost": 333.33333333333337, "overshoot_cost": 65.25442839858381, "power_cost": 37.73881809082032, "noise_cost": 33.05225220783476, "n_waypoints_completed": 6, "tot_waypoints": 9}}
{"target": -2281.5591719593835, "params": {"k_pid_pos": [1.8854544162750244, 0.10271847248077393, 0.40793806314468384], "k_pid_alt": [1.0728836059570312e-06, 0.0, 0.05544722080230713], "k_pid_att": [99.994384765625, 0.00011400695075280964, 0.5337879657745361], "k_pid_yaw": [0.5, 1e-06, 0.1], "k_pid_hsp": [9.127362251281738, 0.959036111831665, 0.279069721698761], "k_pid_vsp": [0.0, 338.727294921875, 25.357105255126953]}, "datetime": {"datetime": "2025-08-13 13:41:21", "elapsed": 14009.902920722961, "delta": 31.173068046569824}, "costs": {"total_cost": 2281.5591719593835, "time_cost": 150, "final_distance_cost": 0.9319794862071432, "oscillation_cost": 805.3036372714715, "completition_cost": 1000.0, "overshoot_cost": 162.85620899270543, "power_cost": 36.036926196289066, "noise_cost": 126.43042001271013, "n_waypoints_completed": 0, "tot_waypoints": 9}}
{"target": -1491.2940049988138, "params": {"k_pid_pos": [0.1294781118631363, 0.9543381929397583, 0.01643124222755432], "k_pid_alt": [0.16962367296218872, 0.9975149035453796, 0.4898049235343933], "k_pid_att": [99.9998779296875, 0.0001187752714031376, 0.6848105788230896], "k_pid_yaw": [0.5, 1e-06, 0.1], "k_pid_hsp": [8.571267127990723, 0.872943639755249, 0.18686717748641968], "k_pid_vsp": [399.99981689453125, 398.33465576171875, 5.198205471038818]}, "datetime": {"datetime": "2025-08-13 13:41:53", "elapsed": 14041.328402757645, "delta": 31.425482034683228}, "costs": {"total_cost": 1491.2940049988138, "time_cost": 150, "final_distance_cost": 8.986792112869018, "oscillation_cost": 163.64744077226965, "completition_cost": 1000.0, "overshoot_cost": 71.98222594040861, "power_cost": 49.4650611328125, "noise_cost": 47.212485040453835, "n_waypoints_completed": 0, "tot_waypoints": 9}}
{"target": -1491.348205465893, "params": {"k_pid_pos": [0.01755679026246071, 0.43408071994781494, 0.7941024303436279], "k_pid_alt": [0.3595634698867798, 0.35697758197784424, 0.2695751190185547], "k_pid_att": [88.75703430175781, 0.6313349008560181, 0.9899482727050781], "k_pid_yaw": [0.5, 1e-06, 0.1], "k_pid_hsp": [9.988142013549805, 0.8611873984336853, 0.01629561185836792], "k_pid_vsp": [0.01577138900756836, 374.8031005859375, 14.59403133392334]}, "datetime": {"datetime": "2025-08-13 13:42:26", "elapsed": 14074.570491313934, "delta": 33.24208855628967}, "costs": {"total_cost": 1491.348205465893, "time_cost": 150, "final_distance_cost": 87.29126314271168, "oscillation_cost": 361.5428948752644, "completition_cost": 777.7777777777778, "overshoot_cost": 60.60701707465468, "power_cost": 29.63437899169922, "noise_cost": 24.494873603785177, "n_waypoints_completed": 2, "tot_waypoints": 9}}
{"target": -333.1942666097401, "params": {"k_pid_pos": [1.4086511135101318, 0.7256041169166565, 0.09392225742340088], "k_pid_alt": [1.2347252368927002, 1.3053417205810547e-05, 0.9879445433616638], "k_pid_att": [99.99923706054688, 9.999969482421875, 0.9092231392860413], "k_pid_yaw": [0.5, 1e-06, 0.1], "k_pid_hsp": [7.733573913574219, 0.8935396671295166, 0.0981881320476532], "k_pid_vsp": [400.0, 226.5889892578125, 27.072717666625977]}, "datetime": {"datetime": "2025-08-13 13:42:51", "elapsed": 14099.56590795517, "delta": 24.99541664123535}, "costs": {"total_cost": 333.1942666097401, "time_cost": 90.678, "final_distance_cost": 1.7439978504055924, "oscillation_cost": 127.90981542417394, "completition_cost": 0.0, "overshoot_cost": 55.38355976081999, "power_cost": 31.934245935058595, "noise_cost": 25.544647639281976, "n_waypoints_completed": 9, "tot_waypoints": 9}}
{"target": -767.7769238922032, "params": {"k_pid_pos": [0.3323611319065094, 0.5913374423980713, 0.06328481435775757], "k_pid_alt": [0.000396728515625, 1.0, 0.8430232405662537], "k_pid_att": [100.0, 9.999999747378752e-05, 0.9030119776725769], "k_pid_yaw": [0.5, 1e-06, 0.1], "k_pid_hsp": [9.777865409851074, 0.9111656546592712, 0.019733667373657227], "k_pid_vsp": [399.9961242675781, 209.92343139648438, 3.4607419967651367]}, "datetime": {"datetime": "2025-08-13 13:43:22", "elapsed": 14131.02318739891, "delta": 31.457279443740845}, "costs": {"total_cost": 767.7769238922032, "time_cost": 150, "final_distance_cost": 59.966063595036275, "oscillation_cost": 78.09522419908257, "completition_cost": 333.33333333333337, "overshoot_cost": 61.50183417806514, "power_cost": 45.012790661621096, "noise_cost": 39.867677925064754, "n_waypoints_completed": 6, "tot_waypoints": 9}}
{"target": -1505.3913413057255, "params": {"k_pid_pos": [1.335418939590454, 0.24942812323570251, 0.010404795408248901], "k_pid_alt": [1.9311904907226562e-05, 0.0, 0.9901127815246582], "k_pid_att": [99.98792266845703, 0.0012330729514360428, 0.9410362243652344], "k_pid_yaw": [0.5, 1e-06, 0.1], "k_pid_hsp": [7.470263481140137, 0.9858801364898682, 0.005308091640472412], "k_pid_vsp": [399.9999694824219, 382.8212585449219, 11.88724136352539]}, "datetime": {"datetime": "2025-08-13 13:43:54", "elapsed": 14162.805436611176, "delta": 31.782249212265015}, "costs": {"total_cost": 1505.3913413057255, "time_cost": 150, "final_distance_cost": 0.9972426910699715, "oscillation_cost": 24.51207722921864, "completition_cost": 1000.0, "overshoot_cost": 163.02750610059087, "power_cost": 27.756245629882812, "noise_cost": 139.0982696549631, "n_waypoints_completed": 0, "tot_waypoints": 9}}
{"target": -1775.0742601130898, "params": {"k_pid_pos": [0.013373230583965778, 0.6803007125854492, 0.018449455499649048], "k_pid_alt": [0.0, 2.980232238769531e-07, 0.6576457023620605], "k_pid_att": [100.0, 9.985627174377441, 0.9119923114776611], "k_pid_yaw": [0.5, 1e-06, 0.1], "k_pid_hsp": [8.613605499267578, 0.8752005100250244, 0.25548869371414185], "k_pid_vsp": [399.9996643066406, 384.74688720703125, 5.069936275482178]}, "datetime": {"datetime": "2025-08-13 13:44:26", "elapsed": 14194.669558763504, "delta": 31.86412215232849}, "costs": {"total_cost": 1775.0742601130898, "time_cost": 150, "final_distance_cost": 11.157867109052509, "oscillation_cost": 282.7743037085291, "completition_cost": 1000.0, "overshoot_cost": 165.17666213114595, "power_cost": 26.29026668701172, "noise_cost": 139.67516047735026, "n_waypoints_completed": 0, "tot_waypoints": 9}}
{"target": -403.3740654509759, "params": {"k_pid_pos": [1.0989307165145874, 0.23209035396575928, 0.02700018882751465], "k_pid_alt": [0.0, 0.9999980926513672, 0.9447599649429321], "k_pid_att": [99.99982452392578, 9.999999747378752e-05, 0.7318103313446045], "k_pid_yaw": [0.5, 1e-06, 0.1], "k_pid_hsp": [9.60195541381836, 0.8869433403015137, 0.006461024284362793], "k_pid_vsp": [394.1197509765625, 380.3739929199219, 5.2549729347229]}, "datetime": {"datetime": "2025-08-13 13:44:56", "elapsed": 14224.411504745483, "delta": 29.74194598197937}, "costs": {"total_cost": 403.3740654509759, "time_cost": 117.558, "final_distance_cost": 1.778571795888695, "oscillation_cost": 149.65004340149807, "completition_cost": 0.0, "overshoot_cost": 71.66751845489188, "power_cost": 30.2705283203125, "noise_cost": 32.44940347838472, "n_waypoints_completed": 9, "tot_waypoints": 9}}
{"target": -901.9219640486422, "params": {"k_pid_pos": [0.21732202172279358, 0.9502463340759277, 0.22062548995018005], "k_pid_alt": [1.9999802112579346, 4.2557716369628906e-05, 0.9729748964309692], "k_pid_att": [100.0, 0.00010208613821305335, 0.8823660612106323], "k_pid_yaw": [0.5, 1e-06, 0.1], "k_pid_hsp": [9.666250228881836, 0.9153542518615723, 0.04508918523788452], "k_pid_vsp": [400.0, 390.5936279296875, 4.354144096374512]}, "datetime": {"datetime": "2025-08-13 13:45:28", "elapsed": 14256.43215417862, "delta": 32.020649433135986}, "costs": {"total_cost": 901.9219640486422, "time_cost": 150, "final_distance_cost": 76.86530209275175, "oscillation_cost": 235.49498442381528, "completition_cost": 333.33333333333337, "overshoot_cost": 45.20372821202608, "power_cost": 29.93584580078125, "noise_cost": 31.088770185934322, "n_waypoints_completed": 6, "tot_waypoints": 9}}
{"target": -1970.035001373192, "params": {"k_pid_pos": [0.09049933403730392, 0.6974087953567505, 0.646878719329834], "k_pid_alt": [0.0, 1.0, 0.8858792185783386], "k_pid_att": [100.0, 9.999999747378752e-05, 0.7734907865524292], "k_pid_yaw": [0.5, 1e-06, 0.1], "k_pid_hsp": [6.9016923904418945, 0.9746575951576233, 0.048450857400894165], "k_pid_vsp": [399.99774169921875, 394.7462463378906, 5.305267333984375]}, "datetime": {"datetime": "2025-08-13 13:45:58", "elapsed": 14286.522063016891, "delta": 30.089908838272095}, "costs": {"total_cost": 1970.035001373192, "time_cost": 150, "final_distance_cost": 36.88582290153524, "oscillation_cost": 684.6295362764013, "completition_cost": 1000.0, "overshoot_cost": 41.864524098349754, "power_cost": 29.173822619628908, "noise_cost": 27.481295477276877, "n_waypoints_completed": 0, "tot_waypoints": 9}}
