{"target": -1206.33432197696, "params": {"k_pid_pos": [0.043852273374795914, 0.014539182186126709, 0.027948051691055298], "k_pid_alt": [5.960464477539063e-08, 1.0, 0.905461311340332], "k_pid_att": [100.0, 9.999999747378752e-05, 0.9945619106292725], "k_pid_yaw": [0.5, 1e-06, 0.1], "k_pid_hsp": [9.88974666595459, 0.9877002239227295, 0.0049828290939331055], "k_pid_vsp": [399.9772033691406, 389.31817626953125, 3.9430508613586426]}, "datetime": {"datetime": "2025-08-13 22:18:28", "elapsed": 45036.49794912338, "delta": 30.192495822906494}, "costs": {"total_cost": 1206.33432197696, "time_cost": 150, "final_distance_cost": 91.11354747968674, "oscillation_cost": 42.388700726847546, "completition_cost": 777.7777777777778, "overshoot_cost": 78.79646459723841, "power_cost": 32.87180748291016, "noise_cost": 33.38602391249944, "n_waypoints_completed": 2, "tot_waypoints": 9}}
{"target": -1021.0045042956824, "params": {"k_pid_pos": [0.035668667405843735, 0.2452375590801239, 0.03817784786224365], "k_pid_alt": [0.0, 1.0, 0.9896059036254883], "k_pid_att": [0.2937734127044678, 9.999999747378752e-05, 0.9841673374176025], "k_pid_yaw": [0.5, 1e-06, 0.1], "k_pid_hsp": [9.925684928894043, 0.9614362716674805, 0.0074385106563568115], "k_pid_vsp": [400.0, 395.143798828125, 11.684776306152344]}, "datetime": {"datetime": "2025-08-13 22:18:57", "elapsed": 45066.0527408123, "delta": 29.554791688919067}, "costs": {"total_cost": 1021.0045042956824, "time_cost": 150, "final_distance_cost": 58.07656143280521, "oscillation_cost": 25.321982436701692, "completition_cost": 666.6666666666667, "overshoot_cost": 72.43038696796742, "power_cost": 24.267192578125, "noise_cost": 24.241714213416454, "n_waypoints_completed": 3, "tot_waypoints": 9}}
{"target": -1230.3266524599694, "params": {"k_pid_pos": [0.04284816235303879, 0.020502537488937378, 0.12316247820854187], "k_pid_alt": [0.0, 1.0, 0.9684211015701294], "k_pid_att": [99.99881744384766, 9.89111614227295, 0.981394350528717], "k_pid_yaw": [0.5, 1e-06, 0.1], "k_pid_hsp": [9.961872100830078, 0.9579157829284668, 0.019884854555130005], "k_pid_vsp": [400.0, 383.6492614746094, 7.965732574462891]}, "datetime": {"datetime": "2025-08-13 22:19:28", "elapsed": 45096.260395765305, "delta": 30.20765495300293}, "costs": {"total_cost": 1230.3266524599694, "time_cost": 150, "final_distance_cost": 89.80398388297687, "oscillation_cost": 79.41044379109921, "completition_cost": 777.7777777777778, "overshoot_cost": 79.20400704077286, "power_cost": 25.18967677001953, "noise_cost": 28.940763197323033, "n_waypoints_completed": 2, "tot_waypoints": 9}}
{"target": -1127.9965310545292, "params": {"k_pid_pos": [0.06032325327396393, 0.0265139639377594, 0.0010572373867034912], "k_pid_alt": [0.0, 1.0, 0.995873212814331], "k_pid_att": [100.0, 9.999999747378752e-05, 0.9866784811019897], "k_pid_yaw": [0.5, 1e-06, 0.1], "k_pid_hsp": [9.816499710083008, 0.976341962814331, 0.028371304273605347], "k_pid_vsp": [400.0, 389.5401611328125, 2.9149422645568848]}, "datetime": {"datetime": "2025-08-13 22:19:57", "elapsed": 45125.98557114601, "delta": 29.725175380706787}, "costs": {"total_cost": 1127.9965310545292, "time_cost": 150, "final_distance_cost": 71.04684282497834, "oscillation_cost": 111.04765888337894, "completition_cost": 666.6666666666667, "overshoot_cost": 74.92393103183909, "power_cost": 24.519765551757814, "noise_cost": 29.791666095908305, "n_waypoints_completed": 3, "tot_waypoints": 9}}
{"target": -1199.0037811865961, "params": {"k_pid_pos": [0.03233705088496208, 0.024080246686935425, 0.05880838632583618], "k_pid_alt": [0.0, 1.0, 0.9226842522621155], "k_pid_att": [100.0, 9.999999747378752e-05, 0.9951509237289429], "k_pid_yaw": [0.5, 1e-06, 0.1], "k_pid_hsp": [7.049905776977539, 0.9246827363967896, 0.0211927592754364], "k_pid_vsp": [400.0, 384.5962219238281, 1.0431180000305176]}, "datetime": {"datetime": "2025-08-13 22:20:27", "elapsed": 45156.10390710831, "delta": 30.118335962295532}, "costs": {"total_cost": 1199.0037811865961, "time_cost": 150, "final_distance_cost": 89.48924907439184, "oscillation_cost": 37.48923658061406, "completition_cost": 777.7777777777778, "overshoot_cost": 84.82385288183025, "power_cost": 27.298542346191407, "noise_cost": 32.12512252579085, "n_waypoints_completed": 2, "tot_waypoints": 9}}
{"target": -1857.3173213847006, "params": {"k_pid_pos": [0.0365908220410347, 0.018040865659713745, 0.012716740369796753], "k_pid_alt": [5.960464477539063e-08, 1.0, 0.9902740716934204], "k_pid_att": [100.0, 9.999999747378752e-05, 0.9400871992111206], "k_pid_yaw": [0.5, 1e-06, 0.1], "k_pid_hsp": [9.383153915405273, 0.9544759392738342, 0.12995308637619019], "k_pid_vsp": [400.0, 363.33599853515625, 31.746843338012695]}, "datetime": {"datetime": "2025-08-13 22:20:57", "elapsed": 45186.05080294609, "delta": 29.946895837783813}, "costs": {"total_cost": 1857.3173213847006, "time_cost": 150, "final_distance_cost": 72.81838082347372, "oscillation_cost": 709.651714232472, "completition_cost": 777.7777777777778, "overshoot_cost": 81.11379086106894, "power_cost": 38.21201650390625, "noise_cost": 27.743641186001764, "n_waypoints_completed": 2, "tot_waypoints": 9}}
{"target": -1238.9191712806276, "params": {"k_pid_pos": [0.1594562530517578, 0.02616637945175171, 0.008924633264541626], "k_pid_alt": [0.0, 0.9999990463256836, 0.9981991052627563], "k_pid_att": [99.9969253540039, 9.999999747378752e-05, 0.9719625115394592], "k_pid_yaw": [0.5, 1e-06, 0.1], "k_pid_hsp": [9.884270668029785, 0.9867225289344788, 0.01779767870903015], "k_pid_vsp": [400.0, 392.5162048339844, 4.451895713806152]}, "datetime": {"datetime": "2025-08-13 22:21:27", "elapsed": 45215.8809466362, "delta": 29.830143690109253}, "costs": {"total_cost": 1238.9191712806276, "time_cost": 150, "final_distance_cost": 59.95922513115182, "oscillation_cost": 311.86426402461393, "completition_cost": 555.5555555555555, "overshoot_cost": 105.41107592961606, "power_cost": 25.06932302246094, "noise_cost": 31.059727617229058, "n_waypoints_completed": 4, "tot_waypoints": 9}}
{"target": -1193.381763572602, "params": {"k_pid_pos": [0.04203960672020912, 0.06831631064414978, 0.02117881178855896], "k_pid_alt": [0.0, 0.9999525547027588, 0.9893682599067688], "k_pid_att": [100.0, 9.999999747378752e-05, 0.9696732759475708], "k_pid_yaw": [0.5, 1e-06, 0.1], "k_pid_hsp": [9.81203842163086, 0.9857895374298096, 0.0487421452999115], "k_pid_vsp": [400.0, 395.7585754394531, 17.893184661865234]}, "datetime": {"datetime": "2025-08-13 22:21:56", "elapsed": 45244.28373146057, "delta": 28.402784824371338}, "costs": {"total_cost": 1193.381763572602, "time_cost": 150, "final_distance_cost": 54.28190259061121, "oscillation_cost": 170.551609589097, "completition_cost": 666.6666666666667, "overshoot_cost": 83.94451417390822, "power_cost": 37.634125122070316, "noise_cost": 30.30294543024854, "n_waypoints_completed": 3, "tot_waypoints": 9}}
{"target": -647.0942936083679, "params": {"k_pid_pos": [0.23500840365886688, 0.11260354518890381, 0.005372107028961182], "k_pid_alt": [1.5497207641601562e-06, 1.0, 0.9859908819198608], "k_pid_att": [100.0, 9.999999747378752e-05, 0.9979554414749146], "k_pid_yaw": [0.5, 1e-06, 0.1], "k_pid_hsp": [9.385594367980957, 0.9953471422195435, 0.053793251514434814], "k_pid_vsp": [400.0, 392.1734619140625, 7.196033954620361]}, "datetime": {"datetime": "2025-08-13 22:22:25", "elapsed": 45273.68393945694, "delta": 29.400207996368408}, "costs": {"total_cost": 647.0942936083679, "time_cost": 150, "final_distance_cost": 63.47544760408755, "oscillation_cost": 80.8401632202458, "completition_cost": 222.2222222222222, "overshoot_cost": 61.58236608810937, "power_cost": 35.97327830810547, "noise_cost": 33.00081616559762, "n_waypoints_completed": 7, "tot_waypoints": 9}}
{"target": -1305.9633037905592, "params": {"k_pid_pos": [0.0033559794537723064, 0.004795938730239868, 0.04008370637893677], "k_pid_alt": [1.1920928955078125e-07, 1.0, 0.9158373475074768], "k_pid_att": [0.34182965755462646, 9.999999747378752e-05, 0.9840532541275024], "k_pid_yaw": [0.5, 1e-06, 0.1], "k_pid_hsp": [9.264525413513184, 0.9905703067779541, 0.0047875940799713135], "k_pid_vsp": [400.0, 394.87628173828125, 10.873557090759277]}, "datetime": {"datetime": "2025-08-13 22:22:55", "elapsed": 45303.86955451965, "delta": 30.185615062713623}, "costs": {"total_cost": 1305.9633037905592, "time_cost": 150, "final_distance_cost": 47.33643596159892, "oscillation_cost": 8.127290328502257, "completition_cost": 1000.0, "overshoot_cost": 40.31510609322813, "power_cost": 31.455112939453127, "noise_cost": 28.729358467776645, "n_waypoints_completed": 0, "tot_waypoints": 9}}
{"target": -829.850366764839, "params": {"k_pid_pos": [0.12170080840587616, 0.03971502184867859, 0.019533514976501465], "k_pid_alt": [2.0444393157958984e-05, 1.0, 0.9926034212112427], "k_pid_att": [99.99864959716797, 9.999999747378752e-05, 0.9964221715927124], "k_pid_yaw": [0.5, 1e-06, 0.1], "k_pid_hsp": [8.633443832397461, 0.9848847389221191, 0.01336890459060669], "k_pid_vsp": [400.0, 397.0361633300781, 5.189181327819824]}, "datetime": {"datetime": "2025-08-13 22:23:25", "elapsed": 45333.54610133171, "delta": 29.676546812057495}, "costs": {"total_cost": 829.850366764839, "time_cost": 150, "final_distance_cost": 54.13313175174565, "oscillation_cost": 53.512661790586584, "completition_cost": 444.4444444444444, "overshoot_cost": 69.16623428227646, "power_cost": 25.480004016113284, "noise_cost": 33.113890479672534, "n_waypoints_completed": 5, "tot_waypoints": 9}}
{"target": -1885.1373592963857, "params": {"k_pid_pos": [0.06993485242128372, 0.009373486042022705, 0.0286332368850708], "k_pid_alt": [7.748603820800781e-07, 0.999997615814209, 0.9179524183273315], "k_pid_att": [100.0, 0.005970700643956661, 0.9901842474937439], "k_pid_yaw": [0.5, 1e-06, 0.1], "k_pid_hsp": [9.358147621154785, 0.9943779706954956, 0.18345174193382263], "k_pid_vsp": [399.9732360839844, 385.9432373046875, 1.9768009185791016]}, "datetime": {"datetime": "2025-08-13 22:23:55", "elapsed": 45363.62564492226, "delta": 30.079543590545654}, "costs": {"total_cost": 1885.1373592963857, "time_cost": 150, "final_distance_cost": 87.79773727050932, "oscillation_cost": 739.0299819456471, "completition_cost": 777.7777777777778, "overshoot_cost": 65.72496601239615, "power_cost": 36.02050623779297, "noise_cost": 28.786390052262405, "n_waypoints_completed": 2, "tot_waypoints": 9}}
{"target": -946.7173906713026, "params": {"k_pid_pos": [0.11549108475446701, 0.016828536987304688, 0.03771352767944336], "k_pid_alt": [0.0, 1.0, 0.9906551837921143], "k_pid_att": [99.17176818847656, 9.999999747378752e-05, 0.9636918306350708], "k_pid_yaw": [0.5, 1e-06, 0.1], "k_pid_hsp": [9.562582969665527, 0.9006766080856323, 0.014298826456069946], "k_pid_vsp": [400.0, 395.187255859375, 10.051299095153809]}, "datetime": {"datetime": "2025-08-13 22:24:25", "elapsed": 45393.29184174538, "delta": 29.666196823120117}, "costs": {"total_cost": 946.7173906713026, "time_cost": 150, "final_distance_cost": 42.73988280926304, "oscillation_cost": 75.13361346060486, "completition_cost": 555.5555555555555, "overshoot_cost": 73.05016852484461, "power_cost": 20.728598486328124, "noise_cost": 29.50957183470645, "n_waypoints_completed": 4, "tot_waypoints": 9}}
{"target": -1266.3017980323662, "params": {"k_pid_pos": [0.018287448212504387, 0.012254774570465088, 0.014934062957763672], "k_pid_alt": [0.0, 1.0, 0.9781898260116577], "k_pid_att": [100.0, 9.999999747378752e-05, 0.9735094308853149], "k_pid_yaw": [0.5, 1e-06, 0.1], "k_pid_hsp": [9.303047180175781, 0.9738702774047852, 0.005607903003692627], "k_pid_vsp": [400.0, 393.5711975097656, 7.056404113769531]}, "datetime": {"datetime": "2025-08-13 22:24:55", "elapsed": 45423.195927619934, "delta": 29.904085874557495}, "costs": {"total_cost": 1266.3017980323662, "time_cost": 150, "final_distance_cost": 62.16935705282887, "oscillation_cost": 25.190233215813407, "completition_cost": 888.8888888888888, "overshoot_cost": 81.15240339564865, "power_cost": 28.629513781738282, "noise_cost": 30.271401697447978, "n_waypoints_completed": 1, "tot_waypoints": 9}}
{"target": -1169.2447825534732, "params": {"k_pid_pos": [0.03265800699591637, 0.018698394298553467, 0.012295544147491455], "k_pid_alt": [0.042680561542510986, 1.0, 0.9774812459945679], "k_pid_att": [100.0, 9.999999747378752e-05, 0.9648497700691223], "k_pid_yaw": [0.5, 1e-06, 0.1], "k_pid_hsp": [9.729631423950195, 0.9933531284332275, 0.00782659649848938], "k_pid_vsp": [400.0, 391.2107238769531, 7.462514400482178]}, "datetime": {"datetime": "2025-08-13 22:25:26", "elapsed": 45454.65037369728, "delta": 31.4544460773468}, "costs": {"total_cost": 1169.2447825534732, "time_cost": 150, "final_distance_cost": 69.70918222498159, "oscillation_cost": 42.53894443495788, "completition_cost": 777.7777777777778, "overshoot_cost": 78.36398520267066, "power_cost": 21.48045703125, "noise_cost": 29.37443588183533, "n_waypoints_completed": 2, "tot_waypoints": 9}}
{"target": -1212.4900541110715, "params": {"k_pid_pos": [0.020255375653505325, 0.037912338972091675, 0.1498335599899292], "k_pid_alt": [0.0, 1.0, 0.9862461686134338], "k_pid_att": [99.98255920410156, 9.999999747378752e-05, 0.8878017663955688], "k_pid_yaw": [0.5, 1e-06, 0.1], "k_pid_hsp": [9.963628768920898, 0.9838430881500244, 0.0139751136302948], "k_pid_vsp": [400.0, 392.08355712890625, 13.954915046691895]}, "datetime": {"datetime": "2025-08-13 22:25:55", "elapsed": 45484.079089164734, "delta": 29.428715467453003}, "costs": {"total_cost": 1212.4900541110715, "time_cost": 150, "final_distance_cost": 84.53814104287724, "oscillation_cost": 61.12340679888306, "completition_cost": 777.7777777777778, "overshoot_cost": 83.8183011350314, "power_cost": 27.31451221923828, "noise_cost": 27.91791513726375, "n_waypoints_completed": 2, "tot_waypoints": 9}}
{"target": -873.0805369078719, "params": {"k_pid_pos": [0.1295294314622879, 0.035761237144470215, 0.009744137525558472], "k_pid_alt": [0.0, 0.9999758005142212, 0.9901500940322876], "k_pid_att": [100.0, 9.999999747378752e-05, 0.9879448413848877], "k_pid_yaw": [0.5, 1e-06, 0.1], "k_pid_hsp": [9.971296310424805, 0.9804952144622803, 0.03235974907875061], "k_pid_vsp": [400.0, 381.2151794433594, 58.52414321899414]}, "datetime": {"datetime": "2025-08-13 22:26:25", "elapsed": 45513.629115343094, "delta": 29.550026178359985}, "costs": {"total_cost": 873.0805369078719, "time_cost": 150, "final_distance_cost": 48.81583612767618, "oscillation_cost": 98.11306729287621, "completition_cost": 444.4444444444444, "overshoot_cost": 68.45094309283877, "power_cost": 32.512194763183594, "noise_cost": 30.744051186852694, "n_waypoints_completed": 5, "tot_waypoints": 9}}
{"target": -1052.610442721639, "params": {"k_pid_pos": [0.1593116670846939, 0.007336080074310303, 0.015450865030288696], "k_pid_alt": [0.0, 0.9952073097229004, 0.9858670830726624], "k_pid_att": [100.0, 9.999999747378752e-05, 0.9946609139442444], "k_pid_yaw": [0.5, 1e-06, 0.1], "k_pid_hsp": [8.227426528930664, 0.96946120262146, 0.05530384182929993], "k_pid_vsp": [400.0, 395.8036804199219, 7.3764214515686035]}, "datetime": {"datetime": "2025-08-13 22:26:54", "elapsed": 45542.50208067894, "delta": 28.872965335845947}, "costs": {"total_cost": 1052.610442721639, "time_cost": 150, "final_distance_cost": 38.08968040053942, "oscillation_cost": 166.56164314747375, "completition_cost": 555.5555555555555, "overshoot_cost": 68.83819424483993, "power_cost": 38.74070338134766, "noise_cost": 34.82466599188281, "n_waypoints_completed": 4, "tot_waypoints": 9}}
{"target": -1170.886920564356, "params": {"k_pid_pos": [0.025051163509488106, 0.04517433047294617, 0.04325857758522034], "k_pid_alt": [0.0, 1.0, 0.9907538294792175], "k_pid_att": [100.0, 9.999999747378752e-05, 0.9780761003494263], "k_pid_yaw": [0.5, 1e-06, 0.1], "k_pid_hsp": [9.96981430053711, 0.9731180667877197, 0.00831255316734314], "k_pid_vsp": [400.0, 371.8944091796875, 18.911481857299805]}, "datetime": {"datetime": "2025-08-13 22:27:22", "elapsed": 45570.94986009598, "delta": 28.447779417037964}, "costs": {"total_cost": 1170.886920564356, "time_cost": 150, "final_distance_cost": 71.98231143202973, "oscillation_cost": 36.912307868448316, "completition_cost": 777.7777777777778, "overshoot_cost": 82.00249651302289, "power_cost": 25.07027370605469, "noise_cost": 27.141753267022608, "n_waypoints_completed": 2, "tot_waypoints": 9}}
{"target": -1227.0964495811322, "params": {"k_pid_pos": [0.022017141804099083, 0.03706204891204834, 0.07840028405189514], "k_pid_alt": [0.0, 1.0, 0.9466357231140137], "k_pid_att": [100.0, 9.999999747378752e-05, 0.9688470959663391], "k_pid_yaw": [0.5, 1e-06, 0.1], "k_pid_hsp": [9.646942138671875, 0.989891767501831, 0.05773645639419556], "k_pid_vsp": [400.0, 395.46966552734375, 2.4861464500427246]}, "datetime": {"datetime": "2025-08-13 22:27:53", "elapsed": 45601.71749162674, "delta": 30.76763153076172}, "costs": {"total_cost": 1227.0964495811322, "time_cost": 150, "final_distance_cost": 77.46668335719372, "oscillation_cost": 73.38641817085478, "completition_cost": 777.7777777777778, "overshoot_cost": 86.43002197155334, "power_cost": 31.09084327392578, "noise_cost": 30.94470502982678, "n_waypoints_completed": 2, "tot_waypoints": 9}}
{"target": -1333.575377644018, "params": {"k_pid_pos": [0.0277236420661211, 0.00823664665222168, 0.016061007976531982], "k_pid_alt": [0.0, 0.9999797344207764, 0.9644704461097717], "k_pid_att": [100.0, 9.999999747378752e-05, 0.632338285446167], "k_pid_yaw": [0.5, 1e-06, 0.1], "k_pid_hsp": [9.782451629638672, 0.9642898440361023, 0.03472521901130676], "k_pid_vsp": [399.95648193359375, 395.1614685058594, 2.9925475120544434]}, "datetime": {"datetime": "2025-08-13 22:28:23", "elapsed": 45631.59631538391, "delta": 29.87882375717163}, "costs": {"total_cost": 1333.575377644018, "time_cost": 150, "final_distance_cost": 63.468280411527324, "oscillation_cost": 108.29221758443458, "completition_cost": 888.8888888888888, "overshoot_cost": 69.93158374202675, "power_cost": 25.198968115234376, "noise_cost": 27.795438901906365, "n_waypoints_completed": 1, "tot_waypoints": 9}}
{"target": -1047.824238813946, "params": {"k_pid_pos": [0.14195959270000458, 0.010396301746368408, 0.04735773801803589], "k_pid_alt": [0.0, 0.16806048154830933, 0.9491407871246338], "k_pid_att": [100.0, 0.00012324558338150382, 0.9114078283309937], "k_pid_yaw": [0.5, 1e-06, 0.1], "k_pid_hsp": [9.901227951049805, 0.9863014221191406, 0.057177841663360596], "k_pid_vsp": [400.0, 397.80401611328125, 5.130232334136963]}, "datetime": {"datetime": "2025-08-13 22:28:54", "elapsed": 45662.69051814079, "delta": 31.094202756881714}, "costs": {"total_cost": 1047.824238813946, "time_cost": 150, "final_distance_cost": 48.30098548360375, "oscillation_cost": 170.04271252782638, "completition_cost": 555.5555555555555, "overshoot_cost": 66.86315708918904, "power_cost": 26.57669392089844, "noise_cost": 30.485134236872998, "n_waypoints_completed": 4, "tot_waypoints": 9}}
{"target": -1271.492462737143, "params": {"k_pid_pos": [0.01683632656931877, 0.3792308270931244, 0.06273758411407471], "k_pid_alt": [0.0, 0.9999977350234985, 0.9811428785324097], "k_pid_att": [100.0, 9.999999747378752e-05, 0.9889976978302002], "k_pid_yaw": [0.5, 1e-06, 0.1], "k_pid_hsp": [9.31605052947998, 0.988215446472168, 0.010632991790771484], "k_pid_vsp": [400.0, 390.254150390625, 7.169247627258301]}, "datetime": {"datetime": "2025-08-13 22:29:24", "elapsed": 45692.36557149887, "delta": 29.675053358078003}, "costs": {"total_cost": 1271.492462737143, "time_cost": 150, "final_distance_cost": 65.9108436528458, "oscillation_cost": 68.05846657625027, "completition_cost": 888.8888888888888, "overshoot_cost": 48.452767152731994, "power_cost": 20.989587646484377, "noise_cost": 29.191908819941744, "n_waypoints_completed": 1, "tot_waypoints": 9}}
{"target": -1929.7728875734854, "params": {"k_pid_pos": [0.01651155576109886, 0.029928475618362427, 0.0713367760181427], "k_pid_alt": [2.4318695068359375e-05, 1.0, 0.9170811176300049], "k_pid_att": [100.0, 9.999999747378752e-05, 0.9871407747268677], "k_pid_yaw": [0.5, 1e-06, 0.1], "k_pid_hsp": [9.633606910705566, 0.9897900819778442, 0.05209380388259888], "k_pid_vsp": [400.0, 383.9469299316406, 27.199138641357422]}, "datetime": {"datetime": "2025-08-13 22:29:54", "elapsed": 45722.6969332695, "delta": 30.331361770629883}, "costs": {"total_cost": 1929.7728875734854, "time_cost": 150, "final_distance_cost": 76.1528351672656, "oscillation_cost": 676.0004155862084, "completition_cost": 888.8888888888888, "overshoot_cost": 79.62016007937864, "power_cost": 32.57976655273438, "noise_cost": 26.53082129900972, "n_waypoints_completed": 1, "tot_waypoints": 9}}
{"target": -1688.8925686165799, "params": {"k_pid_pos": [0.033822741359472275, 0.029267489910125732, 0.02939707040786743], "k_pid_alt": [0.0, 1.0, 0.929661750793457], "k_pid_att": [100.0, 9.999999747378752e-05, 0.9862878322601318], "k_pid_yaw": [0.5, 1e-06, 0.1], "k_pid_hsp": [9.922497749328613, 0.9973790049552917, 0.11958372592926025], "k_pid_vsp": [400.0, 395.0760803222656, 1.453794002532959]}, "datetime": {"datetime": "2025-08-13 22:30:24", "elapsed": 45752.97436237335, "delta": 30.27742910385132}, "costs": {"total_cost": 1688.8925686165799, "time_cost": 150, "final_distance_cost": 95.67376862875655, "oscillation_cost": 526.6543891521798, "completition_cost": 777.7777777777778, "overshoot_cost": 83.71404385366921, "power_cost": 28.728145129394534, "noise_cost": 26.344444074802123, "n_waypoints_completed": 2, "tot_waypoints": 9}}
