{"target": -1081.6476828356197, "params": {"k_pid_pos": [0.4338230788707733, 0.3446086049079895, 0.2743789255619049], "k_pid_alt": [3.62396240234375e-05, 0.8293550610542297, 0.25255507230758667], "k_pid_att": [100.0, 9.999999747378752e-05, 0.238862544298172], "k_pid_yaw": [0.5, 1e-06, 0.1], "k_pid_hsp": [9.936266899108887, 0.659254789352417, 0.03557848930358887], "k_pid_vsp": [0.06841421127319336, 374.7792053222656, 107.66739654541016]}, "datetime": {"datetime": "2025-08-13 13:10:25", "elapsed": 12153.603602647781, "delta": 28.84405279159546}, "costs": {"total_cost": 1081.6476828356197, "time_cost": 150, "final_distance_cost": 72.60825659124214, "oscillation_cost": 499.7046289860393, "completition_cost": 222.2222222222222, "overshoot_cost": 61.586789225504255, "power_cost": 43.15651700439453, "noise_cost": 32.36926880621716, "n_waypoints_completed": 7, "tot_waypoints": 9}}
{"target": -3408.7305290948184, "params": {"k_pid_pos": [0.8635894656181335, 0.3335884213447571, 0.14328986406326294], "k_pid_alt": [0.0, 1.0, 0.6993550062179565], "k_pid_att": [0.005665421485900879, 1.589643955230713, 0.6110681891441345], "k_pid_yaw": [0.5, 1e-06, 0.1], "k_pid_hsp": [9.650025367736816, 0.9391400814056396, 0.025830715894699097], "k_pid_vsp": [399.9992370605469, 306.5376892089844, 36.39370346069336]}, "datetime": {"datetime": "2025-08-13 13:10:54", "elapsed": 12182.37610411644, "delta": 28.772501468658447}, "costs": {"total_cost": 3408.7305290948184, "time_cost": 150, "final_distance_cost": 113.35540714915399, "oscillation_cost": 1372.8778532768715, "completition_cost": 1000.0, "overshoot_cost": 545.1965551226463, "power_cost": 59.11123612060547, "noise_cost": 168.18947742554107, "n_waypoints_completed": 0, "tot_waypoints": 9}}
{"target": -2323.8270202153626, "params": {"k_pid_pos": [1.52506422996521, 0.03699404001235962, 0.5334939956665039], "k_pid_alt": [0.0, 8.642673492431641e-07, 0.6448200941085815], "k_pid_att": [99.49241638183594, 0.24125976860523224, 0.9383713006973267], "k_pid_yaw": [0.5, 1e-06, 0.1], "k_pid_hsp": [7.057713985443115, 0.89137864112854, 0.11434891819953918], "k_pid_vsp": [80.20753479003906, 367.8058776855469, 3.825284004211426]}, "datetime": {"datetime": "2025-08-13 13:11:23", "elapsed": 12211.674393415451, "delta": 29.29828929901123}, "costs": {"total_cost": 2323.8270202153626, "time_cost": 150, "final_distance_cost": 0.9481238561520634, "oscillation_cost": 846.3672528650574, "completition_cost": 1000.0, "overshoot_cost": 162.9336656656664, "power_cost": 30.014652539062503, "noise_cost": 133.56332528942443, "n_waypoints_completed": 0, "tot_waypoints": 9}}
{"target": -1023.877236127082, "params": {"k_pid_pos": [0.18933820724487305, 0.7045574188232422, 0.34393441677093506], "k_pid_alt": [0.0005404353141784668, 1.0, 0.9207180738449097], "k_pid_att": [100.0, 9.757736206054688, 0.9637517929077148], "k_pid_yaw": [0.5, 1e-06, 0.1], "k_pid_hsp": [7.2084431648254395, 0.950162410736084, 0.01526421308517456], "k_pid_vsp": [351.3917541503906, 385.59197998046875, 106.24430084228516]}, "datetime": {"datetime": "2025-08-13 13:11:53", "elapsed": 12241.137288808823, "delta": 29.462895393371582}, "costs": {"total_cost": 1023.877236127082, "time_cost": 150, "final_distance_cost": 54.34170474473243, "oscillation_cost": 149.9826457177011, "completition_cost": 555.5555555555555, "overshoot_cost": 58.41460822894258, "power_cost": 26.23510458984375, "noise_cost": 29.347617290306584, "n_waypoints_completed": 4, "tot_waypoints": 9}}
{"target": -992.0100051634848, "params": {"k_pid_pos": [0.10314352810382843, 0.2784174382686615, 0.03686094284057617], "k_pid_alt": [1.9999945163726807, 0.0, 0.7786135673522949], "k_pid_att": [100.0, 0.0010027033276855946, 0.6622219085693359], "k_pid_yaw": [0.5, 1e-06, 0.1], "k_pid_hsp": [9.573594093322754, 0.9407056570053101, 0.11504414677619934], "k_pid_vsp": [279.09759521484375, 363.7886962890625, 48.12132263183594]}, "datetime": {"datetime": "2025-08-13 13:12:21", "elapsed": 12269.639095067978, "delta": 28.501806259155273}, "costs": {"total_cost": 992.0100051634848, "time_cost": 150, "final_distance_cost": 23.322863804452446, "oscillation_cost": 578.1821737509958, "completition_cost": 111.11111111111116, "overshoot_cost": 60.527907014545484, "power_cost": 40.02762388916016, "noise_cost": 28.838325593219732, "n_waypoints_completed": 8, "tot_waypoints": 9}}
{"target": -1261.4551455845738, "params": {"k_pid_pos": [0.9358217120170593, 0.8526363372802734, 0.3970875144004822], "k_pid_alt": [0.0, 1.0, 0.5133137702941895], "k_pid_att": [100.0, 9.999999747378752e-05, 0.2821754217147827], "k_pid_yaw": [0.5, 1e-06, 0.1], "k_pid_hsp": [9.410490036010742, 0.9133504629135132, 0.031594812870025635], "k_pid_vsp": [384.1292419433594, 387.28570556640625, 34.91023635864258]}, "datetime": {"datetime": "2025-08-13 13:12:50", "elapsed": 12298.344196796417, "delta": 28.70510172843933}, "costs": {"total_cost": 1261.4551455845738, "time_cost": 150, "final_distance_cost": 148.66788061462543, "oscillation_cost": 483.71562587297, "completition_cost": 333.33333333333337, "overshoot_cost": 87.02148698874613, "power_cost": 29.873275622558594, "noise_cost": 28.843543152340303, "n_waypoints_completed": 6, "tot_waypoints": 9}}
{"target": -1458.7014908775107, "params": {"k_pid_pos": [0.76990807056427, 0.8041307926177979, 0.006728857755661011], "k_pid_alt": [2.9206275939941406e-05, 0.008247733116149902, 0.8131701946258545], "k_pid_att": [1.286056637763977, 0.00244035292416811, 0.08531132340431213], "k_pid_yaw": [0.5, 1e-06, 0.1], "k_pid_hsp": [5.543496131896973, 0.9062245488166809, 0.09989506006240845], "k_pid_vsp": [292.9559020996094, 393.96905517578125, 60.45353317260742]}, "datetime": {"datetime": "2025-08-13 13:13:19", "elapsed": 12327.125977993011, "delta": 28.78178119659424}, "costs": {"total_cost": 1458.7014908775107, "time_cost": 150, "final_distance_cost": 24.53927681381919, "oscillation_cost": 94.05278083518299, "completition_cost": 1000.0, "overshoot_cost": 125.19848991033145, "power_cost": 30.62092049560547, "noise_cost": 34.29002282257151, "n_waypoints_completed": 0, "tot_waypoints": 9}}
{"target": -421.09596619209384, "params": {"k_pid_pos": [1.4606542587280273, 0.07769602537155151, 0.10149329900741577], "k_pid_alt": [0.45737528800964355, 0.31254130601882935, 0.7996271252632141], "k_pid_att": [100.0, 0.00012175547453807667, 0.8214821815490723], "k_pid_yaw": [0.5, 1e-06, 0.1], "k_pid_hsp": [9.578975677490234, 0.9589458703994751, 0.06953328847885132], "k_pid_vsp": [400.0, 193.16006469726562, 107.6608657836914]}, "datetime": {"datetime": "2025-08-13 13:13:40", "elapsed": 12348.422873973846, "delta": 21.29689598083496}, "costs": {"total_cost": 421.09596619209384, "time_cost": 90.07600000000001, "final_distance_cost": 1.7540628094207618, "oscillation_cost": 223.6221051619339, "completition_cost": 0.0, "overshoot_cost": 55.887916616350125, "power_cost": 27.277010864257814, "noise_cost": 22.47887074013123, "n_waypoints_completed": 9, "tot_waypoints": 9}}
{"target": -491.2335478965453, "params": {"k_pid_pos": [1.7452446222305298, 0.4934485852718353, 0.11318746209144592], "k_pid_alt": [1.9040814638137817, 0.9999879002571106, 0.8600547909736633], "k_pid_att": [100.0, 9.512251853942871, 0.29050788283348083], "k_pid_yaw": [0.5, 1e-06, 0.1], "k_pid_hsp": [9.812649726867676, 0.960574746131897, 0.06850636005401611], "k_pid_vsp": [399.97344970703125, 367.2937316894531, 6.995297431945801]}, "datetime": {"datetime": "2025-08-13 13:14:02", "elapsed": 12370.257318019867, "delta": 21.834444046020508}, "costs": {"total_cost": 491.2335478965453, "time_cost": 91.168, "final_distance_cost": 1.7524371835194172, "oscillation_cost": 300.7240141896168, "completition_cost": 0.0, "overshoot_cost": 52.97275793947641, "power_cost": 20.44996252441406, "noise_cost": 24.166376059518594, "n_waypoints_completed": 9, "tot_waypoints": 9}}
{"target": -496.2726685828124, "params": {"k_pid_pos": [1.8430142402648926, 0.09827232360839844, 0.037590622901916504], "k_pid_alt": [2.0, 1.0, 0.3047294318675995], "k_pid_att": [99.99955749511719, 5.6214447021484375, 0.4455428123474121], "k_pid_yaw": [0.5, 1e-06, 0.1], "k_pid_hsp": [9.67353630065918, 0.9731804132461548, 0.09477072954177856], "k_pid_vsp": [323.7223205566406, 307.2119140625, 59.13474655151367]}, "datetime": {"datetime": "2025-08-13 13:14:24", "elapsed": 12392.346452474594, "delta": 22.089134454727173}, "costs": {"total_cost": 496.2726685828124, "time_cost": 90.958, "final_distance_cost": 1.7726648897082014, "oscillation_cost": 303.16126228209737, "completition_cost": 0.0, "overshoot_cost": 55.11305465041911, "power_cost": 23.42344971923828, "noise_cost": 21.844237041349466, "n_waypoints_completed": 9, "tot_waypoints": 9}}
{"target": -946.1960841240186, "params": {"k_pid_pos": [1.3278146982192993, 0.7142031192779541, 0.11565342545509338], "k_pid_alt": [1.1920928955078125e-05, 0.9999999403953552, 0.3491193950176239], "k_pid_att": [100.0, 0.00017867735004983842, 0.8334478139877319], "k_pid_yaw": [0.5, 1e-06, 0.1], "k_pid_hsp": [9.83585262298584, 0.8229910135269165, 0.05643129348754883], "k_pid_vsp": [363.02801513671875, 328.953857421875, 274.35919189453125]}, "datetime": {"datetime": "2025-08-13 13:14:52", "elapsed": 12420.817254066467, "delta": 28.47080159187317}, "costs": {"total_cost": 946.1960841240186, "time_cost": 150, "final_distance_cost": 54.810481932556876, "oscillation_cost": 155.79701560473325, "completition_cost": 444.4444444444444, "overshoot_cost": 69.6129571530149, "power_cost": 37.072389501953126, "noise_cost": 34.45879548731614, "n_waypoints_completed": 5, "tot_waypoints": 9}}
{"target": -1137.1810920839969, "params": {"k_pid_pos": [1.1021106243133545, 0.8036958575248718, 0.24311399459838867], "k_pid_alt": [0.00500863790512085, 0.9969443678855896, 0.561326801776886], "k_pid_att": [99.99425506591797, 0.00012920597509946674, 0.014805138111114502], "k_pid_yaw": [0.5, 1e-06, 0.1], "k_pid_hsp": [6.887421607971191, 0.5887753963470459, 0.07408437132835388], "k_pid_vsp": [399.7083740234375, 359.31805419921875, 10.227895736694336]}, "datetime": {"datetime": "2025-08-13 13:15:21", "elapsed": 12449.934651851654, "delta": 29.117397785186768}, "costs": {"total_cost": 1137.1810920839969, "time_cost": 150, "final_distance_cost": 76.68257302961639, "oscillation_cost": 442.41389083538854, "completition_cost": 333.33333333333337, "overshoot_cost": 62.68755724638798, "power_cost": 39.08281779785156, "noise_cost": 32.98091984141917, "n_waypoints_completed": 6, "tot_waypoints": 9}}
{"target": -1793.3922301001667, "params": {"k_pid_pos": [1.5840885639190674, 0.7938754558563232, 0.20999327301979065], "k_pid_alt": [0.000965118408203125, 0.001031726598739624, 0.25199753046035767], "k_pid_att": [99.99998474121094, 9.999603271484375, 0.6551547050476074], "k_pid_yaw": [0.5, 1e-06, 0.1], "k_pid_hsp": [9.831002235412598, 0.9583868980407715, 0.04616382718086243], "k_pid_vsp": [398.712890625, 395.4581604003906, 5.358482360839844]}, "datetime": {"datetime": "2025-08-13 13:15:50", "elapsed": 12478.450681686401, "delta": 28.516029834747314}, "costs": {"total_cost": 1793.3922301001667, "time_cost": 150, "final_distance_cost": 9.006927088685307, "oscillation_cost": 395.23788991472685, "completition_cost": 1000.0, "overshoot_cost": 148.0613521178308, "power_cost": 35.85563271484375, "noise_cost": 55.230428264079805, "n_waypoints_completed": 0, "tot_waypoints": 9}}
{"target": -1024.808840948416, "params": {"k_pid_pos": [1.6437560319900513, 0.42506009340286255, 0.12043774127960205], "k_pid_alt": [0.0, 0.9998804926872253, 0.9375588297843933], "k_pid_att": [99.7322769165039, 9.999999747378752e-05, 0.47610968351364136], "k_pid_yaw": [0.5, 1e-06, 0.1], "k_pid_hsp": [8.608720779418945, 0.7465818524360657, 0.08398795127868652], "k_pid_vsp": [0.0002741813659667969, 319.931396484375, 12.359917640686035]}, "datetime": {"datetime": "2025-08-13 13:16:18", "elapsed": 12507.058182954788, "delta": 28.60750126838684}, "costs": {"total_cost": 1024.808840948416, "time_cost": 150, "final_distance_cost": 59.37683379779883, "oscillation_cost": 240.90626059581675, "completition_cost": 444.4444444444444, "overshoot_cost": 65.39507829834733, "power_cost": 34.25230139160156, "noise_cost": 30.433922420407136, "n_waypoints_completed": 5, "tot_waypoints": 9}}
{"target": -947.1411425729399, "params": {"k_pid_pos": [0.07710457593202591, 0.6547354459762573, 0.08138066530227661], "k_pid_alt": [1.1920928955078125e-07, 0.9860342144966125, 0.8280301094055176], "k_pid_att": [37.84238815307617, 0.00028805076726712286, 0.9292782545089722], "k_pid_yaw": [0.5, 1e-06, 0.1], "k_pid_hsp": [9.564257621765137, 0.6924405097961426, 0.013500750064849854], "k_pid_vsp": [399.9130859375, 388.025390625, 7.026065349578857]}, "datetime": {"datetime": "2025-08-13 13:16:47", "elapsed": 12535.702147722244, "delta": 28.643964767456055}, "costs": {"total_cost": 947.1411425729399, "time_cost": 150, "final_distance_cost": 42.02648544714626, "oscillation_cost": 72.71996952029068, "completition_cost": 555.5555555555555, "overshoot_cost": 61.558022245700094, "power_cost": 31.97030400390625, "noise_cost": 33.310805800341086, "n_waypoints_completed": 4, "tot_waypoints": 9}}
{"target": -475.47369692057987, "params": {"k_pid_pos": [1.3362109661102295, 0.058087676763534546, 0.6373803615570068], "k_pid_alt": [1.9947755336761475, 1.0, 0.5145159363746643], "k_pid_att": [100.0, 9.999999747378752e-05, 0.9265238046646118], "k_pid_yaw": [0.5, 1e-06, 0.1], "k_pid_hsp": [9.158743858337402, 0.7207193970680237, 0.0802086889743805], "k_pid_vsp": [0.6340384483337402, 391.6063537597656, 10.106886863708496]}, "datetime": {"datetime": "2025-08-13 13:17:10", "elapsed": 12558.489229917526, "delta": 22.787082195281982}, "costs": {"total_cost": 475.47369692057987, "time_cost": 94.955, "final_distance_cost": 1.8194888492417887, "oscillation_cost": 252.22459511954858, "completition_cost": 0.0, "overshoot_cost": 62.41745942944115, "power_cost": 35.84640297851563, "noise_cost": 28.210750543832706, "n_waypoints_completed": 9, "tot_waypoints": 9}}
{"target": -385.281000783698, "params": {"k_pid_pos": [1.571650505065918, 0.281249463558197, 0.010999530553817749], "k_pid_alt": [2.0, 0.9999576807022095, 0.9724878072738647], "k_pid_att": [99.99701690673828, 10.0, 0.8614969253540039], "k_pid_yaw": [0.5, 1e-06, 0.1], "k_pid_hsp": [2.736804962158203, 0.9492402076721191, 0.09208106994628906], "k_pid_vsp": [400.0, 312.9732971191406, 22.421754837036133]}, "datetime": {"datetime": "2025-08-13 13:17:32", "elapsed": 12580.297267913818, "delta": 21.808037996292114}, "costs": {"total_cost": 385.281000783698, "time_cost": 90.818, "final_distance_cost": 1.7744770566755155, "oscillation_cost": 188.16829512877834, "completition_cost": 0.0, "overshoot_cost": 52.76963563568327, "power_cost": 27.349901953125002, "noise_cost": 24.400691009435825, "n_waypoints_completed": 9, "tot_waypoints": 9}}
{"target": -399.1922606743853, "params": {"k_pid_pos": [1.0868756771087646, 0.6857967972755432, 0.12752282619476318], "k_pid_alt": [1.999999761581421, 0.8610823154449463, 0.4325503706932068], "k_pid_att": [100.0, 9.999999747378752e-05, 0.7348358035087585], "k_pid_yaw": [0.5, 1e-06, 0.1], "k_pid_hsp": [9.617526054382324, 0.955786943435669, 0.03814584016799927], "k_pid_vsp": [2.3725032806396484, 382.2644348144531, 34.9232177734375]}, "datetime": {"datetime": "2025-08-13 13:17:57", "elapsed": 12605.99129319191, "delta": 25.69402527809143}, "costs": {"total_cost": 399.1922606743853, "time_cost": 108.087, "final_distance_cost": 1.7684445779941769, "oscillation_cost": 169.9087533567139, "completition_cost": 0.0, "overshoot_cost": 64.3666105907303, "power_cost": 30.335336267089843, "noise_cost": 24.726115881857066, "n_waypoints_completed": 9, "tot_waypoints": 9}}
{"target": -341.2643013906664, "params": {"k_pid_pos": [1.7922087907791138, 0.7408771514892578, 0.18779560923576355], "k_pid_alt": [1.9760148525238037, 1.0, 0.9669359922409058], "k_pid_att": [90.92221069335938, 0.01386197842657566, 0.9696851968765259], "k_pid_yaw": [0.5, 1e-06, 0.1], "k_pid_hsp": [8.730337142944336, 0.4097895324230194, 0.011081933975219727], "k_pid_vsp": [29.4189453125, 78.3584976196289, 34.517826080322266]}, "datetime": {"datetime": "2025-08-13 13:18:24", "elapsed": 12632.514016628265, "delta": 26.52272343635559}, "costs": {"total_cost": 341.2643013906664, "time_cost": 109.221, "final_distance_cost": 1.7358089679765965, "oscillation_cost": 114.64096256231382, "completition_cost": 0.0, "overshoot_cost": 61.86434852536113, "power_cost": 26.64402547607422, "noise_cost": 27.15815585894063, "n_waypoints_completed": 9, "tot_waypoints": 9}}
{"target": -425.96163613711536, "params": {"k_pid_pos": [0.6286692023277283, 0.0369187593460083, 0.03873330354690552], "k_pid_alt": [0.0, 0.43142300844192505, 0.34367042779922485], "k_pid_att": [4.967129230499268, 10.0, 0.6981250047683716], "k_pid_yaw": [0.5, 1e-06, 0.1], "k_pid_hsp": [7.868589878082275, 0.9509556293487549, 0.20309072732925415], "k_pid_vsp": [400.0, 368.06683349609375, 21.770872116088867]}, "datetime": {"datetime": "2025-08-13 13:18:51", "elapsed": 12660.05750465393, "delta": 27.543488025665283}, "costs": {"total_cost": 425.96163613711536, "time_cost": 116.263, "final_distance_cost": 1.8152640409855594, "oscillation_cost": 147.2564584331, "completition_cost": 0.0, "overshoot_cost": 84.64190925231925, "power_cost": 39.77674617919922, "noise_cost": 36.208258231511365, "n_waypoints_completed": 9, "tot_waypoints": 9}}
{"target": -1260.7530474452776, "params": {"k_pid_pos": [0.06745369732379913, 0.3496840298175812, 0.03551286458969116], "k_pid_alt": [0.0, 1.0, 0.4735804498195648], "k_pid_att": [96.44873046875, 0.00019536647596396506, 0.7995209693908691], "k_pid_yaw": [0.5, 1e-06, 0.1], "k_pid_hsp": [9.86314868927002, 0.6013202667236328, 0.023722290992736816], "k_pid_vsp": [399.9928894042969, 352.40594482421875, 14.894939422607422]}, "datetime": {"datetime": "2025-08-13 13:19:21", "elapsed": 12689.518514156342, "delta": 29.46100950241089}, "costs": {"total_cost": 1260.7530474452776, "time_cost": 150, "final_distance_cost": 69.18437618691848, "oscillation_cost": 56.99431708013986, "completition_cost": 777.7777777777778, "overshoot_cost": 95.20823914683434, "power_cost": 44.33525092773438, "noise_cost": 67.25308632587256, "n_waypoints_completed": 2, "tot_waypoints": 9}}
{"target": -1547.2276370192928, "params": {"k_pid_pos": [0.03974142670631409, 0.713083803653717, 0.5580909252166748], "k_pid_alt": [1.6689300537109375e-06, 0.9999596476554871, 0.9728561639785767], "k_pid_att": [100.0, 0.0003601716598495841, 0.763788104057312], "k_pid_yaw": [0.5, 1e-06, 0.1], "k_pid_hsp": [8.525964736938477, 0.8570574522018433, 0.36640703678131104], "k_pid_vsp": [5.970621109008789, 296.4700622558594, 35.245574951171875]}, "datetime": {"datetime": "2025-08-13 13:19:49", "elapsed": 12718.079643726349, "delta": 28.561129570007324}, "costs": {"total_cost": 1547.2276370192928, "time_cost": 150, "final_distance_cost": 75.27659991550095, "oscillation_cost": 323.0541110216903, "completition_cost": 888.8888888888888, "overshoot_cost": 50.23293596113802, "power_cost": 33.805568566894536, "noise_cost": 25.969532665180182, "n_waypoints_completed": 1, "tot_waypoints": 9}}
{"target": -1646.9434754681834, "params": {"k_pid_pos": [0.05392948165535927, 0.861132025718689, 0.7655109167098999], "k_pid_alt": [0.0, 1.0, 0.7322531342506409], "k_pid_att": [100.0, 9.999999747378752e-05, 0.8489746451377869], "k_pid_yaw": [0.5, 1e-06, 0.1], "k_pid_hsp": [9.949999809265137, 0.5902582406997681, 0.15409281849861145], "k_pid_vsp": [384.4548645019531, 211.0476531982422, 9.253872871398926]}, "datetime": {"datetime": "2025-08-13 13:20:18", "elapsed": 12746.966978549957, "delta": 28.8873348236084}, "costs": {"total_cost": 1646.9434754681834, "time_cost": 150, "final_distance_cost": 69.41305884020292, "oscillation_cost": 429.93121422883706, "completition_cost": 888.8888888888888, "overshoot_cost": 48.67574555886828, "power_cost": 31.29263580322266, "noise_cost": 28.74193214816332, "n_waypoints_completed": 1, "tot_waypoints": 9}}
{"target": -381.1408289079768, "params": {"k_pid_pos": [0.6658791303634644, 0.6481990814208984, 0.06800365447998047], "k_pid_alt": [1.0255900621414185, 0.9631890058517456, 0.9613467454910278], "k_pid_att": [100.0, 0.0004099410434719175, 0.44881176948547363], "k_pid_yaw": [0.5, 1e-06, 0.1], "k_pid_hsp": [9.356673240661621, 0.5024558901786804, 0.013057529926300049], "k_pid_vsp": [298.4747009277344, 389.75244140625, 22.14864730834961]}, "datetime": {"datetime": "2025-08-13 13:20:46", "elapsed": 12774.447190523148, "delta": 27.480211973190308}, "costs": {"total_cost": 381.1408289079768, "time_cost": 115.283, "final_distance_cost": 1.755482967992198, "oscillation_cost": 149.8224197266054, "completition_cost": 0.0, "overshoot_cost": 60.0190278279782, "power_cost": 25.94456983642578, "noise_cost": 28.316328548975203, "n_waypoints_completed": 9, "tot_waypoints": 9}}
{"target": -851.9799999833767, "params": {"k_pid_pos": [0.23339706659317017, 0.5880706310272217, 0.16906484961509705], "k_pid_alt": [0.7593977451324463, 0.9999998807907104, 0.5361431837081909], "k_pid_att": [2.170395851135254, 9.999999747378752e-05, 0.9105243682861328], "k_pid_yaw": [0.5, 1e-06, 0.1], "k_pid_hsp": [5.518230438232422, 0.4549880921840668, 0.11362946033477783], "k_pid_vsp": [400.0, 357.3119201660156, 68.57974243164062]}, "datetime": {"datetime": "2025-08-13 13:21:15", "elapsed": 12803.879476547241, "delta": 29.432286024093628}, "costs": {"total_cost": 851.9799999833767, "time_cost": 150, "final_distance_cost": 46.253509384494, "oscillation_cost": 101.45188816104975, "completition_cost": 444.4444444444444, "overshoot_cost": 49.315226932119515, "power_cost": 31.4051884765625, "noise_cost": 29.10974258470677, "n_waypoints_completed": 5, "tot_waypoints": 9}}
