{"target": -1277.8093728264569, "params": {"k_pid_pos": [0.038142431527376175, 0.0012815296649932861, 0.014806628227233887], "k_pid_alt": [5.370378494262695e-05, 1.0, 0.9877387881278992], "k_pid_att": [100.0, 9.999999747378752e-05, 0.8978097438812256], "k_pid_yaw": [0.5, 1e-06, 0.1], "k_pid_hsp": [9.833650588989258, 0.9892802238464355, 0.019230663776397705], "k_pid_vsp": [400.0, 394.414794921875, 6.633199214935303]}, "datetime": {"datetime": "2025-08-14 01:03:38", "elapsed": 54946.99685359001, "delta": 29.555166482925415}, "costs": {"total_cost": 1277.8093728264569, "time_cost": 150, "final_distance_cost": 61.93247335006921, "oscillation_cost": 60.34706916005445, "completition_cost": 888.8888888888888, "overshoot_cost": 62.75176815571539, "power_cost": 23.911706896972657, "noise_cost": 29.97746637475653, "n_waypoints_completed": 1, "tot_waypoints": 9}}
{"target": -753.4342498416706, "params": {"k_pid_pos": [0.2182556837797165, 0.01718360185623169, 0.021308422088623047], "k_pid_alt": [0.0, 1.0, 0.9952282309532166], "k_pid_att": [100.0, 9.999999747378752e-05, 0.9520297050476074], "k_pid_yaw": [0.5, 1e-06, 0.1], "k_pid_hsp": [9.75706672668457, 0.9534680843353271, 0.01095554232597351], "k_pid_vsp": [400.0, 374.05078125, 15.564167976379395]}, "datetime": {"datetime": "2025-08-14 01:04:11", "elapsed": 54979.706131219864, "delta": 32.709277629852295}, "costs": {"total_cost": 753.4342498416706, "time_cost": 150, "final_distance_cost": 65.1822554048544, "oscillation_cost": 77.13861776923338, "completition_cost": 333.33333333333337, "overshoot_cost": 65.86099558051527, "power_cost": 30.767541149902346, "noise_cost": 31.151506603831855, "n_waypoints_completed": 6, "tot_waypoints": 9}}
{"target": -1366.8864783729186, "params": {"k_pid_pos": [0.013764157891273499, 0.026588410139083862, 0.11178293824195862], "k_pid_alt": [0.0, 1.0, 0.9505715370178223], "k_pid_att": [100.0, 9.999999747378752e-05, 0.9249957799911499], "k_pid_yaw": [0.5, 1e-06, 0.1], "k_pid_hsp": [9.903082847595215, 0.9733844995498657, 0.028609663248062134], "k_pid_vsp": [400.0, 398.20819091796875, 24.480607986450195]}, "datetime": {"datetime": "2025-08-14 01:04:42", "elapsed": 55011.001145124435, "delta": 31.295013904571533}, "costs": {"total_cost": 1366.8864783729186, "time_cost": 150, "final_distance_cost": 44.49673788156645, "oscillation_cost": 34.17869549333033, "completition_cost": 888.8888888888888, "overshoot_cost": 125.34293632504598, "power_cost": 50.00425106201172, "noise_cost": 73.9749687220756, "n_waypoints_completed": 1, "tot_waypoints": 9}}
{"target": -1167.2209295470643, "params": {"k_pid_pos": [0.030167728662490845, 0.024712681770324707, 0.021920204162597656], "k_pid_alt": [0.0, 1.0, 0.995732307434082], "k_pid_att": [100.0, 9.999999747378752e-05, 0.9891785979270935], "k_pid_yaw": [0.5, 1e-06, 0.1], "k_pid_hsp": [9.78154468536377, 0.9568765163421631, 0.002232283353805542], "k_pid_vsp": [400.0, 359.0928649902344, 7.283020973205566]}, "datetime": {"datetime": "2025-08-14 01:05:11", "elapsed": 55039.72452425957, "delta": 28.723379135131836}, "costs": {"total_cost": 1167.2209295470643, "time_cost": 150, "final_distance_cost": 73.3163404631063, "oscillation_cost": 28.25061222322967, "completition_cost": 777.7777777777778, "overshoot_cost": 81.71017436846498, "power_cost": 25.94630408935547, "noise_cost": 30.219720625130133, "n_waypoints_completed": 2, "tot_waypoints": 9}}
{"target": -1206.1518699551868, "params": {"k_pid_pos": [0.03314352035522461, 0.08719655871391296, 0.03409275412559509], "k_pid_alt": [0.0, 1.0, 0.9895222783088684], "k_pid_att": [100.0, 9.999999747378752e-05, 0.9840736389160156], "k_pid_yaw": [0.5, 1e-06, 0.1], "k_pid_hsp": [9.743599891662598, 0.9953252077102661, 0.002635091543197632], "k_pid_vsp": [400.0, 388.5846252441406, 15.585041999816895]}, "datetime": {"datetime": "2025-08-14 01:05:42", "elapsed": 55070.97985768318, "delta": 31.255333423614502}, "costs": {"total_cost": 1206.1518699551868, "time_cost": 150, "final_distance_cost": 97.88953913436453, "oscillation_cost": 63.066927220470006, "completition_cost": 777.7777777777778, "overshoot_cost": 71.02931306045903, "power_cost": 19.622817211914064, "noise_cost": 26.76549555020153, "n_waypoints_completed": 2, "tot_waypoints": 9}}
{"target": -1790.9563961470953, "params": {"k_pid_pos": [0.06261594593524933, 0.02732330560684204, 0.011738002300262451], "k_pid_alt": [0.0, 1.0, 0.9329975247383118], "k_pid_att": [100.0, 9.999999747378752e-05, 0.9794341325759888], "k_pid_yaw": [0.5, 1e-06, 0.1], "k_pid_hsp": [9.247651100158691, 0.9726048111915588, 0.6035450100898743], "k_pid_vsp": [400.0, 372.977294921875, 1.9250998497009277]}, "datetime": {"datetime": "2025-08-14 01:06:13", "elapsed": 55101.77285408974, "delta": 30.792996406555176}, "costs": {"total_cost": 1790.9563961470953, "time_cost": 150, "final_distance_cost": 52.88835750630407, "oscillation_cost": 784.8095258010532, "completition_cost": 666.6666666666667, "overshoot_cost": 82.77955120080742, "power_cost": 25.808486975097658, "noise_cost": 28.003807997166337, "n_waypoints_completed": 3, "tot_waypoints": 9}}
{"target": -1255.8166269852256, "params": {"k_pid_pos": [0.01768338494002819, 0.006964772939682007, 0.011622518301010132], "k_pid_alt": [0.0, 1.0, 0.9864676594734192], "k_pid_att": [100.0, 9.999999747378752e-05, 0.88585364818573], "k_pid_yaw": [0.5, 1e-06, 0.1], "k_pid_hsp": [9.64604377746582, 0.9973818063735962, 0.0034862160682678223], "k_pid_vsp": [399.7280578613281, 390.4493408203125, 17.999698638916016]}, "datetime": {"datetime": "2025-08-14 01:06:44", "elapsed": 55133.099163770676, "delta": 31.32630968093872}, "costs": {"total_cost": 1255.8166269852256, "time_cost": 150, "final_distance_cost": 55.568208954936104, "oscillation_cost": 27.054814528388917, "completition_cost": 888.8888888888888, "overshoot_cost": 82.98936334741501, "power_cost": 24.6831220703125, "noise_cost": 26.632229195284218, "n_waypoints_completed": 1, "tot_waypoints": 9}}
{"target": -1206.8761252457282, "params": {"k_pid_pos": [0.02758256532251835, 0.020787537097930908, 0.013118267059326172], "k_pid_alt": [0.0, 1.0, 0.9601138830184937], "k_pid_att": [100.0, 9.999999747378752e-05, 0.9536280632019043], "k_pid_yaw": [0.5, 1e-06, 0.1], "k_pid_hsp": [9.718160629272461, 0.9702227115631104, 0.029184073209762573], "k_pid_vsp": [400.0, 397.1131591796875, 7.51932954788208]}, "datetime": {"datetime": "2025-08-14 01:07:14", "elapsed": 55162.29751825333, "delta": 29.198354482650757}, "costs": {"total_cost": 1206.8761252457282, "time_cost": 150, "final_distance_cost": 78.71597352438948, "oscillation_cost": 53.50364823939767, "completition_cost": 777.7777777777778, "overshoot_cost": 84.25118172224039, "power_cost": 31.90946755371094, "noise_cost": 30.71807642821201, "n_waypoints_completed": 2, "tot_waypoints": 9}}
{"target": -1138.273131786904, "params": {"k_pid_pos": [0.04971648007631302, 0.05092424154281616, 0.048784852027893066], "k_pid_alt": [0.0, 1.0, 0.9706480503082275], "k_pid_att": [100.0, 0.00016943871742114425, 0.9764252305030823], "k_pid_yaw": [0.5, 1e-06, 0.1], "k_pid_hsp": [9.840629577636719, 0.995777428150177, 0.005612075328826904], "k_pid_vsp": [400.0, 364.23095703125, 2.8460750579833984]}, "datetime": {"datetime": "2025-08-14 01:07:43", "elapsed": 55191.47203421593, "delta": 29.174515962600708}, "costs": {"total_cost": 1138.273131786904, "time_cost": 150, "final_distance_cost": 52.325317179358585, "oscillation_cost": 135.3650627480398, "completition_cost": 666.6666666666667, "overshoot_cost": 89.13898681363601, "power_cost": 16.601617114257813, "noise_cost": 28.175481264945123, "n_waypoints_completed": 3, "tot_waypoints": 9}}
{"target": -759.98257064381, "params": {"k_pid_pos": [0.2514144480228424, 0.0862278938293457, 0.035971254110336304], "k_pid_alt": [0.06851404905319214, 1.0, 0.9859200119972229], "k_pid_att": [100.0, 0.00010029802069766447, 0.9755265712738037], "k_pid_yaw": [0.5, 1e-06, 0.1], "k_pid_hsp": [9.742193222045898, 0.9608550071716309, 0.01050025224685669], "k_pid_vsp": [400.0, 389.4721374511719, 1.2864360809326172]}, "datetime": {"datetime": "2025-08-14 01:08:14", "elapsed": 55222.49143791199, "delta": 31.01940369606018}, "costs": {"total_cost": 759.98257064381, "time_cost": 150, "final_distance_cost": 65.59813821184784, "oscillation_cost": 93.87043190656854, "completition_cost": 333.33333333333337, "overshoot_cost": 60.878986672458026, "power_cost": 25.315001574707033, "noise_cost": 30.986678944895267, "n_waypoints_completed": 6, "tot_waypoints": 9}}
{"target": -1548.4349369176105, "params": {"k_pid_pos": [0.08584164083003998, 0.005835533142089844, 0.2406616508960724], "k_pid_alt": [0.0, 1.0, 0.9928190112113953], "k_pid_att": [100.0, 9.999999747378752e-05, 0.9935733675956726], "k_pid_yaw": [0.5, 1e-06, 0.1], "k_pid_hsp": [9.88512897491455, 0.9831211566925049, 0.020784109830856323], "k_pid_vsp": [400.0, 361.1393737792969, 4.459203243255615]}, "datetime": {"datetime": "2025-08-14 01:08:45", "elapsed": 55253.55933570862, "delta": 31.06789779663086}, "costs": {"total_cost": 1548.4349369176105, "time_cost": 150, "final_distance_cost": 91.1747283461008, "oscillation_cost": 412.74860278100647, "completition_cost": 777.7777777777778, "overshoot_cost": 65.12490569118441, "power_cost": 24.877473840332033, "noise_cost": 26.73144848120897, "n_waypoints_completed": 2, "tot_waypoints": 9}}
{"target": -1069.9806702610458, "params": {"k_pid_pos": [0.05790455639362335, 0.0339987576007843, 0.0065943896770477295], "k_pid_alt": [0.0, 1.0, 0.9755420088768005], "k_pid_att": [100.0, 9.999999747378752e-05, 0.9951337575912476], "k_pid_yaw": [0.5, 1e-06, 0.1], "k_pid_hsp": [9.915299415588379, 0.9591166973114014, 0.02491551637649536], "k_pid_vsp": [400.0, 399.2030029296875, 4.996491432189941]}, "datetime": {"datetime": "2025-08-14 01:09:16", "elapsed": 55284.21226286888, "delta": 30.65292716026306}, "costs": {"total_cost": 1069.9806702610458, "time_cost": 150, "final_distance_cost": 53.7387931064909, "oscillation_cost": 51.61663642226857, "completition_cost": 666.6666666666667, "overshoot_cost": 83.49369003902912, "power_cost": 30.251930871582033, "noise_cost": 34.212953155008286, "n_waypoints_completed": 3, "tot_waypoints": 9}}
{"target": -973.9053706404594, "params": {"k_pid_pos": [0.0915457010269165, 0.032560110092163086, 0.009637057781219482], "k_pid_alt": [5.960464477539063e-08, 1.0, 0.9504170417785645], "k_pid_att": [100.0, 9.999999747378752e-05, 0.8567227721214294], "k_pid_yaw": [0.5, 1e-06, 0.1], "k_pid_hsp": [9.40808391571045, 0.9629181027412415, 0.00985938310623169], "k_pid_vsp": [400.0, 394.95281982421875, 3.7794957160949707]}, "datetime": {"datetime": "2025-08-14 01:09:44", "elapsed": 55312.558500528336, "delta": 28.346237659454346}, "costs": {"total_cost": 973.9053706404594, "time_cost": 150, "final_distance_cost": 52.997521424093215, "oscillation_cost": 69.53975882491629, "completition_cost": 555.5555555555555, "overshoot_cost": 77.96002092809056, "power_cost": 32.05660808105469, "noise_cost": 35.79590582674907, "n_waypoints_completed": 4, "tot_waypoints": 9}}
{"target": -1193.3313158939166, "params": {"k_pid_pos": [0.06318985670804977, 0.008737146854400635, 0.0467759370803833], "k_pid_alt": [0.0, 1.0, 0.9771550893783569], "k_pid_att": [100.0, 9.999999747378752e-05, 0.990115761756897], "k_pid_yaw": [0.5, 1e-06, 0.1], "k_pid_hsp": [9.977391242980957, 0.9886980056762695, 0.013122230768203735], "k_pid_vsp": [400.0, 394.08868408203125, 3.591431140899658]}, "datetime": {"datetime": "2025-08-14 01:10:15", "elapsed": 55343.19660782814, "delta": 30.638107299804688}, "costs": {"total_cost": 1193.3313158939166, "time_cost": 150, "final_distance_cost": 83.76376300978613, "oscillation_cost": 55.99961701159243, "completition_cost": 777.7777777777778, "overshoot_cost": 68.23826350266057, "power_cost": 26.406594470214845, "noise_cost": 31.145300121884645, "n_waypoints_completed": 2, "tot_waypoints": 9}}
{"target": -1081.7536387699438, "params": {"k_pid_pos": [0.05816102400422096, 0.10217541456222534, 0.046507060527801514], "k_pid_alt": [0.0, 0.9998334646224976, 0.9925217628479004], "k_pid_att": [99.99998474121094, 9.999999747378752e-05, 0.9904532432556152], "k_pid_yaw": [0.5, 1e-06, 0.1], "k_pid_hsp": [9.909799575805664, 0.9861252307891846, 0.024879813194274902], "k_pid_vsp": [399.9583740234375, 387.68597412109375, 15.019107818603516]}, "datetime": {"datetime": "2025-08-14 01:10:45", "elapsed": 55373.85863184929, "delta": 30.66202402114868}, "costs": {"total_cost": 1081.7536387699438, "time_cost": 150, "final_distance_cost": 65.84171254507743, "oscillation_cost": 64.08597250564672, "completition_cost": 666.6666666666667, "overshoot_cost": 72.85018499962811, "power_cost": 32.39344844970703, "noise_cost": 29.915653603217528, "n_waypoints_completed": 3, "tot_waypoints": 9}}
{"target": -1150.3269949186717, "params": {"k_pid_pos": [0.09946223348379135, 0.006235659122467041, 0.004077613353729248], "k_pid_alt": [0.0, 1.0, 0.9823351502418518], "k_pid_att": [100.0, 9.999999747378752e-05, 0.9904851317405701], "k_pid_yaw": [0.5, 1e-06, 0.1], "k_pid_hsp": [9.033873558044434, 0.9669831991195679, 0.09855499863624573], "k_pid_vsp": [400.0, 392.41961669921875, 3.4811744689941406]}, "datetime": {"datetime": "2025-08-14 01:11:16", "elapsed": 55404.13094806671, "delta": 30.272316217422485}, "costs": {"total_cost": 1150.3269949186717, "time_cost": 150, "final_distance_cost": 54.34861269261001, "oscillation_cost": 155.3182438799688, "completition_cost": 666.6666666666667, "overshoot_cost": 70.68763808644843, "power_cost": 26.87530838623047, "noise_cost": 26.430525206747216, "n_waypoints_completed": 3, "tot_waypoints": 9}}
{"target": -1275.1076590682248, "params": {"k_pid_pos": [0.022399187088012695, 0.008641242980957031, 0.009070485830307007], "k_pid_alt": [0.0, 1.0, 0.9950662851333618], "k_pid_att": [100.0, 9.999999747378752e-05, 0.9903485178947449], "k_pid_yaw": [0.5, 1e-06, 0.1], "k_pid_hsp": [8.752540588378906, 0.9699558615684509, 0.02782920002937317], "k_pid_vsp": [400.0, 379.8356018066406, 16.059900283813477]}, "datetime": {"datetime": "2025-08-14 01:11:45", "elapsed": 55433.395196437836, "delta": 29.264248371124268}, "costs": {"total_cost": 1275.1076590682248, "time_cost": 150, "final_distance_cost": 60.57521104119305, "oscillation_cost": 46.07834192443086, "completition_cost": 888.8888888888888, "overshoot_cost": 76.25991612920069, "power_cost": 25.61496944580078, "noise_cost": 27.690331638710624, "n_waypoints_completed": 1, "tot_waypoints": 9}}
{"target": -682.6666338770436, "params": {"k_pid_pos": [0.23712140321731567, 0.014153480529785156, 0.05110466480255127], "k_pid_alt": [0.0, 1.0, 0.9799810647964478], "k_pid_att": [100.0, 9.999999747378752e-05, 0.9850505590438843], "k_pid_yaw": [0.5, 1e-06, 0.1], "k_pid_hsp": [9.884848594665527, 0.9727650284767151, 0.024955153465270996], "k_pid_vsp": [400.0, 383.2068176269531, 44.681941986083984]}, "datetime": {"datetime": "2025-08-14 01:12:14", "elapsed": 55462.78649306297, "delta": 29.39129662513733}, "costs": {"total_cost": 682.6666338770436, "time_cost": 150, "final_distance_cost": 67.90059885010616, "oscillation_cost": 120.53771017110557, "completition_cost": 222.2222222222222, "overshoot_cost": 66.21170290182542, "power_cost": 27.212697460937502, "noise_cost": 28.581702270846666, "n_waypoints_completed": 7, "tot_waypoints": 9}}
{"target": -1176.9593757522089, "params": {"k_pid_pos": [0.030078206211328506, 0.05877202749252319, 0.010224670171737671], "k_pid_alt": [0.0, 0.995479166507721, 0.9463738203048706], "k_pid_att": [99.98235321044922, 9.999999747378752e-05, 0.9896619319915771], "k_pid_yaw": [0.5, 1e-06, 0.1], "k_pid_hsp": [9.743330955505371, 0.9791785478591919, 0.004275411367416382], "k_pid_vsp": [399.9998474121094, 394.8001708984375, 17.615188598632812]}, "datetime": {"datetime": "2025-08-14 01:12:45", "elapsed": 55493.211183309555, "delta": 30.42469024658203}, "costs": {"total_cost": 1176.9593757522089, "time_cost": 150, "final_distance_cost": 81.23422952963102, "oscillation_cost": 30.579624363533412, "completition_cost": 777.7777777777778, "overshoot_cost": 78.22824991398505, "power_cost": 30.711778747558593, "noise_cost": 28.427715419723036, "n_waypoints_completed": 2, "tot_waypoints": 9}}
{"target": -1196.8083637915151, "params": {"k_pid_pos": [0.04332396388053894, 0.013835281133651733, 0.013020932674407959], "k_pid_alt": [0.0, 0.9209822416305542, 0.9735702276229858], "k_pid_att": [100.0, 9.999999747378752e-05, 0.9576336741447449], "k_pid_yaw": [0.5, 1e-06, 0.1], "k_pid_hsp": [9.761026382446289, 0.9959825873374939, 0.014004766941070557], "k_pid_vsp": [400.0, 380.04827880859375, 9.2662935256958]}, "datetime": {"datetime": "2025-08-14 01:13:15", "elapsed": 55523.69332575798, "delta": 30.482142448425293}, "costs": {"total_cost": 1196.8083637915151, "time_cost": 150, "final_distance_cost": 75.23106199279704, "oscillation_cost": 70.83186916267859, "completition_cost": 777.7777777777778, "overshoot_cost": 73.08742819417895, "power_cost": 22.227734411621096, "noise_cost": 27.652492252461837, "n_waypoints_completed": 2, "tot_waypoints": 9}}
{"target": -1241.2077452294197, "params": {"k_pid_pos": [0.04237355291843414, 0.0018680989742279053, 0.012723356485366821], "k_pid_alt": [0.0, 1.0, 0.9739464521408081], "k_pid_att": [100.0, 9.999999747378752e-05, 0.9642670154571533], "k_pid_yaw": [0.5, 1e-06, 0.1], "k_pid_hsp": [9.920409202575684, 0.9902855157852173, 0.007523536682128906], "k_pid_vsp": [400.0, 390.1241149902344, 4.971469402313232]}, "datetime": {"datetime": "2025-08-14 01:13:48", "elapsed": 55556.21883606911, "delta": 32.52551031112671}, "costs": {"total_cost": 1241.2077452294197, "time_cost": 150, "final_distance_cost": 64.76148885554186, "oscillation_cost": 20.916973626989588, "completition_cost": 888.8888888888888, "overshoot_cost": 60.4453596120003, "power_cost": 24.840757775878906, "noise_cost": 31.354276470120077, "n_waypoints_completed": 1, "tot_waypoints": 9}}
{"target": -1339.2859574754004, "params": {"k_pid_pos": [0.0035582673735916615, 0.0014241337776184082, 0.017057597637176514], "k_pid_alt": [0.0, 1.0, 0.9942753314971924], "k_pid_att": [100.0, 9.999999747378752e-05, 0.9441384673118591], "k_pid_yaw": [0.5, 1e-06, 0.1], "k_pid_hsp": [9.966547012329102, 0.9691580533981323, 0.01778462529182434], "k_pid_vsp": [400.0, 387.3455505371094, 6.221223831176758]}, "datetime": {"datetime": "2025-08-14 01:14:18", "elapsed": 55587.002990961075, "delta": 30.784154891967773}, "costs": {"total_cost": 1339.2859574754004, "time_cost": 150, "final_distance_cost": 43.05563824197966, "oscillation_cost": 52.273590886434626, "completition_cost": 1000.0, "overshoot_cost": 42.99315541569809, "power_cost": 21.497280224609376, "noise_cost": 29.466292706678818, "n_waypoints_completed": 0, "tot_waypoints": 9}}
{"target": -965.1388517017748, "params": {"k_pid_pos": [0.21910691261291504, 0.011601448059082031, 0.011781156063079834], "k_pid_alt": [0.0, 1.0, 0.985971212387085], "k_pid_att": [99.9975357055664, 9.999999747378752e-05, 0.9617830514907837], "k_pid_yaw": [0.5, 1e-06, 0.1], "k_pid_hsp": [9.93057632446289, 0.9834330081939697, 0.06323045492172241], "k_pid_vsp": [399.99993896484375, 396.7164001464844, 6.979824066162109]}, "datetime": {"datetime": "2025-08-14 01:14:49", "elapsed": 55618.1052339077, "delta": 31.102242946624756}, "costs": {"total_cost": 965.1388517017748, "time_cost": 150, "final_distance_cost": 58.58687485355186, "oscillation_cost": 298.6877878309928, "completition_cost": 333.33333333333337, "overshoot_cost": 65.56597858877466, "power_cost": 29.234964892578127, "noise_cost": 29.729912202543932, "n_waypoints_completed": 6, "tot_waypoints": 9}}
{"target": -1229.022397889536, "params": {"k_pid_pos": [0.029880864545702934, 0.0311201810836792, 0.051117390394210815], "k_pid_alt": [0.0, 0.9991389513015747, 0.9065275192260742], "k_pid_att": [100.0, 9.999999747378752e-05, 0.9824841022491455], "k_pid_yaw": [0.5, 1e-06, 0.1], "k_pid_hsp": [9.899069786071777, 0.9950809478759766, 0.031466901302337646], "k_pid_vsp": [400.0, 399.0296325683594, 15.327478408813477]}, "datetime": {"datetime": "2025-08-14 01:15:20", "elapsed": 55648.16807603836, "delta": 30.06284213066101}, "costs": {"total_cost": 1229.022397889536, "time_cost": 150, "final_distance_cost": 89.55301851965494, "oscillation_cost": 69.96550215107696, "completition_cost": 777.7777777777778, "overshoot_cost": 84.84506590114263, "power_cost": 28.70868013916016, "noise_cost": 28.172353400723555, "n_waypoints_completed": 2, "tot_waypoints": 9}}
{"target": -1293.7620699608622, "params": {"k_pid_pos": [0.016074616461992264, 0.012849658727645874, 0.021537601947784424], "k_pid_alt": [0.0, 0.9791922569274902, 0.9927100539207458], "k_pid_att": [100.0, 9.999999747378752e-05, 0.9908688068389893], "k_pid_yaw": [0.5, 1e-06, 0.1], "k_pid_hsp": [9.647174835205078, 0.9562387466430664, 0.011763572692871094], "k_pid_vsp": [400.0, 399.8342590332031, 1.7133245468139648]}, "datetime": {"datetime": "2025-08-14 01:15:50", "elapsed": 55678.828838825226, "delta": 30.660762786865234}, "costs": {"total_cost": 1293.7620699608622, "time_cost": 150, "final_distance_cost": 70.05001217622872, "oscillation_cost": 30.233662740833953, "completition_cost": 888.8888888888888, "overshoot_cost": 85.84276136112541, "power_cost": 34.68387719726562, "noise_cost": 34.062867596519396, "n_waypoints_completed": 1, "tot_waypoints": 9}}
