{"target": -1530.3313349505247, "params": {"k_pid_pos": [0.7510538101196289, 0.4620369076728821, 0.1553574800491333], "k_pid_alt": [0.0, 3.516674041748047e-06, 0.8618378639221191], "k_pid_att": [100.0, 0.025631394237279892, 0.8586852550506592], "k_pid_yaw": [0.5, 1e-06, 0.1], "k_pid_hsp": [9.247681617736816, 0.885879397392273, 0.024327754974365234], "k_pid_vsp": [390.1436462402344, 242.57237243652344, 30.576326370239258]}, "datetime": {"datetime": "2025-08-13 13:21:44", "elapsed": 12832.151210308075, "delta": 28.27173376083374}, "costs": {"total_cost": 1530.3313349505247, "time_cost": 150, "final_distance_cost": 1.000000000008722, "oscillation_cost": 57.37955864941363, "completition_cost": 1000.0, "overshoot_cost": 162.83143208318646, "power_cost": 24.587290563964846, "noise_cost": 134.53305365395116, "n_waypoints_completed": 0, "tot_waypoints": 9}}
{"target": -533.4843706472275, "params": {"k_pid_pos": [0.2721474766731262, 0.15738099813461304, 0.4365968108177185], "k_pid_alt": [1.9792619943618774, 5.960464477539063e-08, 0.7342274188995361], "k_pid_att": [100.0, 9.883421897888184, 0.9866870641708374], "k_pid_yaw": [0.5, 1e-06, 0.1], "k_pid_hsp": [7.8410210609436035, 0.9941616654396057, 0.040280282497406006], "k_pid_vsp": [400.0, 325.64898681640625, 42.496456146240234]}, "datetime": {"datetime": "2025-08-13 13:22:09", "elapsed": 12857.630753993988, "delta": 25.479543685913086}, "costs": {"total_cost": 533.4843706472275, "time_cost": 104.783, "final_distance_cost": 1.8433545725788494, "oscillation_cost": 308.2489883866613, "completition_cost": 0.0, "overshoot_cost": 57.72013062094975, "power_cost": 31.46369239501953, "noise_cost": 29.425204672018083, "n_waypoints_completed": 9, "tot_waypoints": 9}}
{"target": -1358.5243255438559, "params": {"k_pid_pos": [0.21599891781806946, 0.6649357080459595, 0.17979347705841064], "k_pid_alt": [0.004432380199432373, 0.08139774203300476, 0.5475884079933167], "k_pid_att": [99.99702453613281, 9.999999747378752e-05, 0.959592342376709], "k_pid_yaw": [0.5, 1e-06, 0.1], "k_pid_hsp": [9.792715072631836, 0.7782940864562988, 0.058134526014328], "k_pid_vsp": [399.99993896484375, 353.02142333984375, 38.922096252441406]}, "datetime": {"datetime": "2025-08-13 13:22:38", "elapsed": 12887.034735441208, "delta": 29.40398144721985}, "costs": {"total_cost": 1358.5243255438559, "time_cost": 150, "final_distance_cost": 49.815901666136355, "oscillation_cost": 485.5400591967377, "completition_cost": 555.5555555555555, "overshoot_cost": 57.01509076211249, "power_cost": 32.82663216552734, "noise_cost": 27.771086197786378, "n_waypoints_completed": 4, "tot_waypoints": 9}}
{"target": -1788.1708428235554, "params": {"k_pid_pos": [0.03918420895934105, 0.17841339111328125, 0.35253989696502686], "k_pid_alt": [1.9942538738250732, 7.510185241699219e-06, 0.11812782287597656], "k_pid_att": [100.0, 9.999999747378752e-05, 0.643848717212677], "k_pid_yaw": [0.5, 1e-06, 0.1], "k_pid_hsp": [9.486087799072266, 0.9942152500152588, 0.07945862412452698], "k_pid_vsp": [320.2619934082031, 357.1234130859375, 26.03998374938965]}, "datetime": {"datetime": "2025-08-13 13:23:07", "elapsed": 12915.434899806976, "delta": 28.400164365768433}, "costs": {"total_cost": 1788.1708428235554, "time_cost": 150, "final_distance_cost": 67.8596056662966, "oscillation_cost": 699.5064395940801, "completition_cost": 777.7777777777778, "overshoot_cost": 31.890916084864234, "power_cost": 33.77627916259766, "noise_cost": 27.359824537938945, "n_waypoints_completed": 2, "tot_waypoints": 9}}
{"target": -707.9681817975775, "params": {"k_pid_pos": [1.090295433998108, 0.5902292728424072, 0.7541236877441406], "k_pid_alt": [0.47114938497543335, 0.9999995231628418, 0.9733468294143677], "k_pid_att": [99.88800811767578, 10.0, 0.8996182084083557], "k_pid_yaw": [0.5, 1e-06, 0.1], "k_pid_hsp": [9.340346336364746, 0.8850077986717224, 0.1085556149482727], "k_pid_vsp": [400.0, 393.1239013671875, 12.638379096984863]}, "datetime": {"datetime": "2025-08-13 13:23:33", "elapsed": 12941.162872552872, "delta": 25.727972745895386}, "costs": {"total_cost": 707.9681817975775, "time_cost": 108.283, "final_distance_cost": 1.775175706697577, "oscillation_cost": 461.2549358662809, "completition_cost": 0.0, "overshoot_cost": 69.90911582522317, "power_cost": 38.02516037597656, "noise_cost": 28.720794023399183, "n_waypoints_completed": 9, "tot_waypoints": 9}}
{"target": -1378.4106515410551, "params": {"k_pid_pos": [0.5520386099815369, 0.7137540578842163, 0.4945538341999054], "k_pid_alt": [0.0, 0.9821925163269043, 0.969366192817688], "k_pid_att": [0.5326539278030396, 0.00010327821655664593, 0.7711875438690186], "k_pid_yaw": [0.5, 1e-06, 0.1], "k_pid_hsp": [6.951263904571533, 0.6117665767669678, 0.4318448305130005], "k_pid_vsp": [400.0, 216.2289581298828, 4.040027618408203]}, "datetime": {"datetime": "2025-08-13 13:24:02", "elapsed": 12970.14192867279, "delta": 28.979056119918823}, "costs": {"total_cost": 1378.4106515410551, "time_cost": 150, "final_distance_cost": 58.089525465255285, "oscillation_cost": 41.83090357924381, "completition_cost": 1000.0, "overshoot_cost": 69.76345961399136, "power_cost": 26.353663146972657, "noise_cost": 32.37309973559203, "n_waypoints_completed": 0, "tot_waypoints": 9}}
{"target": -978.5153267442126, "params": {"k_pid_pos": [0.9182574152946472, 0.6602070927619934, 0.6928727626800537], "k_pid_alt": [3.337860107421875e-06, 0.9949826002120972, 0.3171254098415375], "k_pid_att": [99.99982452392578, 0.000294011173537001, 0.7709473371505737], "k_pid_yaw": [0.5, 1e-06, 0.1], "k_pid_hsp": [9.343793869018555, 0.8777034878730774, 0.1028459370136261], "k_pid_vsp": [399.4795227050781, 281.12530517578125, 19.220937728881836]}, "datetime": {"datetime": "2025-08-13 13:24:30", "elapsed": 12998.958312034607, "delta": 28.816383361816406}, "costs": {"total_cost": 978.5153267442126, "time_cost": 150, "final_distance_cost": 56.665678332327495, "oscillation_cost": 518.6275998100222, "completition_cost": 111.11111111111116, "overshoot_cost": 72.40231744952507, "power_cost": 39.5784630859375, "noise_cost": 30.130156955289163, "n_waypoints_completed": 8, "tot_waypoints": 9}}
{"target": -1552.3646069480696, "params": {"k_pid_pos": [0.26335838437080383, 0.6831863522529602, 0.7554672956466675], "k_pid_alt": [0.0, 0.996832013130188, 0.9464337825775146], "k_pid_att": [99.99574279785156, 9.999999747378752e-05, 0.7179030179977417], "k_pid_yaw": [0.5, 1e-06, 0.1], "k_pid_hsp": [9.777898788452148, 0.9421272277832031, 0.07622295618057251], "k_pid_vsp": [400.0, 372.30224609375, 11.825467109680176]}, "datetime": {"datetime": "2025-08-13 13:24:59", "elapsed": 13027.573170661926, "delta": 28.614858627319336}, "costs": {"total_cost": 1552.3646069480696, "time_cost": 150, "final_distance_cost": 46.91986168756268, "oscillation_cost": 683.5401576873498, "completition_cost": 555.5555555555555, "overshoot_cost": 58.652388733726795, "power_cost": 27.02698962402344, "noise_cost": 30.66965365985139, "n_waypoints_completed": 4, "tot_waypoints": 9}}
{"target": -1806.001868319337, "params": {"k_pid_pos": [0.09811767935752869, 0.1825559139251709, 0.05376288294792175], "k_pid_alt": [0.0, 1.0, 0.8525130748748779], "k_pid_att": [100.0, 9.999999046325684, 0.8519631624221802], "k_pid_yaw": [0.5, 1e-06, 0.1], "k_pid_hsp": [8.315500259399414, 0.6605672836303711, 0.3115384578704834], "k_pid_vsp": [399.9842224121094, 377.3524169921875, 1.9685635566711426]}, "datetime": {"datetime": "2025-08-13 13:25:28", "elapsed": 13056.387555599213, "delta": 28.814384937286377}, "costs": {"total_cost": 1806.001868319337, "time_cost": 150, "final_distance_cost": 79.95957799277079, "oscillation_cost": 668.1895770114645, "completition_cost": 777.7777777777778, "overshoot_cost": 55.054054283839285, "power_cost": 44.626207849121094, "noise_cost": 30.3946734043633, "n_waypoints_completed": 2, "tot_waypoints": 9}}
{"target": -597.9843141614602, "params": {"k_pid_pos": [1.4584298133850098, 0.4636315107345581, 0.008596301078796387], "k_pid_alt": [0.0003370046615600586, 1.0, 0.5532811284065247], "k_pid_att": [64.46669006347656, 9.999999747378752e-05, 0.6277754902839661], "k_pid_yaw": [0.5, 1e-06, 0.1], "k_pid_hsp": [9.932317733764648, 0.3080242872238159, 0.05678153038024902], "k_pid_vsp": [44.63368606567383, 390.55517578125, 7.128716468811035]}, "datetime": {"datetime": "2025-08-13 13:25:57", "elapsed": 13085.47668004036, "delta": 29.08912444114685}, "costs": {"total_cost": 597.9843141614602, "time_cost": 150, "final_distance_cost": 34.9604244644433, "oscillation_cost": 176.68797038050587, "completition_cost": 111.11111111111116, "overshoot_cost": 69.09374971051818, "power_cost": 25.484287036132812, "noise_cost": 30.646771458748933, "n_waypoints_completed": 8, "tot_waypoints": 9}}
{"target": -1409.8418853355124, "params": {"k_pid_pos": [0.6061719059944153, 0.664463222026825, 0.26651883125305176], "k_pid_alt": [2.0265579223632812e-06, 0.05437195301055908, 0.9016002416610718], "k_pid_att": [99.9999771118164, 0.00020460510859265924, 0.8385517597198486], "k_pid_yaw": [0.5, 1e-06, 0.1], "k_pid_hsp": [8.17646312713623, 0.30843496322631836, 0.23192882537841797], "k_pid_vsp": [2.384185791015625e-05, 386.92803955078125, 26.487756729125977]}, "datetime": {"datetime": "2025-08-13 13:26:25", "elapsed": 13113.859671831131, "delta": 28.382991790771484}, "costs": {"total_cost": 1409.8418853355124, "time_cost": 150, "final_distance_cost": 42.49253254478565, "oscillation_cost": 523.4192960385334, "completition_cost": 555.5555555555555, "overshoot_cost": 77.13889940292083, "power_cost": 33.66012941894532, "noise_cost": 27.57547237477189, "n_waypoints_completed": 4, "tot_waypoints": 9}}
{"target": -1522.4785824085416, "params": {"k_pid_pos": [0.3864484131336212, 0.5366804003715515, 0.4115573465824127], "k_pid_alt": [2.9802322387695312e-06, 2.115964889526367e-06, 0.6692560315132141], "k_pid_att": [100.0, 0.00010476831812411547, 0.9567052125930786], "k_pid_yaw": [0.5, 1e-06, 0.1], "k_pid_hsp": [8.582076072692871, 0.7900046110153198, 0.005069315433502197], "k_pid_vsp": [400.0, 392.9510498046875, 7.615579128265381]}, "datetime": {"datetime": "2025-08-13 13:26:53", "elapsed": 13142.0542178154, "delta": 28.19454598426819}, "costs": {"total_cost": 1522.4785824085416, "time_cost": 150, "final_distance_cost": 0.9932689561434211, "oscillation_cost": 45.897873455059155, "completition_cost": 1000.0, "overshoot_cost": 163.09220090706665, "power_cost": 17.821138830566408, "noise_cost": 144.67410025970597, "n_waypoints_completed": 0, "tot_waypoints": 9}}
{"target": -695.7946189858635, "params": {"k_pid_pos": [0.2539643943309784, 0.4208468198776245, 0.035728275775909424], "k_pid_alt": [1.7033214569091797, 0.9959379434585571, 0.1728804111480713], "k_pid_att": [100.0, 8.978100776672363, 0.8826858997344971], "k_pid_yaw": [0.5, 1e-06, 0.1], "k_pid_hsp": [9.710897445678711, 0.9538590908050537, 0.16923850774765015], "k_pid_vsp": [399.9991760253906, 371.032470703125, 12.57844066619873]}, "datetime": {"datetime": "2025-08-13 13:27:21", "elapsed": 13169.625497579575, "delta": 27.571279764175415}, "costs": {"total_cost": 695.7946189858635, "time_cost": 113.764, "final_distance_cost": 1.8062352499045566, "oscillation_cost": 447.52992956542823, "completition_cost": 0.0, "overshoot_cost": 59.39204108764, "power_cost": 41.81145908203125, "noise_cost": 31.490954000859507, "n_waypoints_completed": 9, "tot_waypoints": 9}}
{"target": -391.44212077528937, "params": {"k_pid_pos": [0.7415479421615601, 0.6890794634819031, 0.8432285189628601], "k_pid_alt": [1.9999964237213135, 1.0, 0.06427672505378723], "k_pid_att": [98.6016845703125, 0.00038162912824191153, 0.9219380021095276], "k_pid_yaw": [0.5, 1e-06, 0.1], "k_pid_hsp": [7.058060646057129, 0.925230860710144, 0.031178295612335205], "k_pid_vsp": [400.0, 363.6343078613281, 18.325389862060547]}, "datetime": {"datetime": "2025-08-13 13:27:43", "elapsed": 13191.176704883575, "delta": 21.551207304000854}, "costs": {"total_cost": 391.44212077528937, "time_cost": 92.274, "final_distance_cost": 1.7634238364641415, "oscillation_cost": 190.49226798066135, "completition_cost": 0.0, "overshoot_cost": 57.664400815873805, "power_cost": 26.55830964355469, "noise_cost": 22.689718498735363, "n_waypoints_completed": 9, "tot_waypoints": 9}}
{"target": -572.1126559505841, "params": {"k_pid_pos": [0.5332351922988892, 0.03269660472869873, 0.7340719103813171], "k_pid_alt": [1.9999233484268188, 1.481175422668457e-05, 0.8183848857879639], "k_pid_att": [100.0, 0.0007624989957548678, 0.616368293762207], "k_pid_yaw": [0.5, 1e-06, 0.1], "k_pid_hsp": [9.574161529541016, 0.9838107824325562, 0.0849427580833435], "k_pid_vsp": [0.31354427337646484, 347.4956970214844, 7.012630462646484]}, "datetime": {"datetime": "2025-08-13 13:28:07", "elapsed": 13215.321783304214, "delta": 24.145078420639038}, "costs": {"total_cost": 572.1126559505841, "time_cost": 101.101, "final_distance_cost": 1.8509233774347522, "oscillation_cost": 349.8493599449663, "completition_cost": 0.0, "overshoot_cost": 56.975101856642404, "power_cost": 35.30810445556641, "noise_cost": 27.02816631597419, "n_waypoints_completed": 9, "tot_waypoints": 9}}
{"target": -1062.2067109449429, "params": {"k_pid_pos": [1.6954920291900635, 0.33222296833992004, 0.07465922832489014], "k_pid_alt": [0.0011848807334899902, 0.6737446784973145, 0.28544390201568604], "k_pid_att": [100.0, 8.769607543945312, 0.7009203433990479], "k_pid_yaw": [0.5, 1e-06, 0.1], "k_pid_hsp": [9.85799789428711, 0.6692030429840088, 0.4320840835571289], "k_pid_vsp": [399.9998474121094, 370.3714294433594, 8.895946502685547]}, "datetime": {"datetime": "2025-08-13 13:28:36", "elapsed": 13244.449608564377, "delta": 29.127825260162354}, "costs": {"total_cost": 1062.2067109449429, "time_cost": 150, "final_distance_cost": 83.54738700124015, "oscillation_cost": 462.1155806646791, "completition_cost": 222.2222222222222, "overshoot_cost": 64.092580560492, "power_cost": 44.281768457031255, "noise_cost": 35.94717203927821, "n_waypoints_completed": 7, "tot_waypoints": 9}}
{"target": -436.5083553862985, "params": {"k_pid_pos": [1.5848667621612549, 0.05732542276382446, 0.23128348588943481], "k_pid_alt": [0.0, 1.0, 0.5379127264022827], "k_pid_att": [100.0, 9.999999747378752e-05, 0.9588508605957031], "k_pid_yaw": [0.5, 1e-06, 0.1], "k_pid_hsp": [8.276434898376465, 0.9655575156211853, 0.04534804821014404], "k_pid_vsp": [399.9988098144531, 346.0784912109375, 77.61614227294922]}, "datetime": {"datetime": "2025-08-13 13:29:01", "elapsed": 13269.606273174286, "delta": 25.156664609909058}, "costs": {"total_cost": 436.5083553862985, "time_cost": 103.047, "final_distance_cost": 1.7410555547360884, "oscillation_cost": 213.8253232194408, "completition_cost": 0.0, "overshoot_cost": 66.79269078023296, "power_cost": 27.058528918457032, "noise_cost": 24.04375691343152, "n_waypoints_completed": 9, "tot_waypoints": 9}}
{"target": -1462.4812197793265, "params": {"k_pid_pos": [0.22347964346408844, 0.5208296775817871, 0.386569082736969], "k_pid_alt": [0.00040984153747558594, 0.27077704668045044, 0.9508613348007202], "k_pid_att": [99.99993133544922, 0.00010476831812411547, 0.992901623249054], "k_pid_yaw": [0.5, 1e-06, 0.1], "k_pid_hsp": [8.988178253173828, 0.8982551097869873, 0.05697321891784668], "k_pid_vsp": [400.0, 288.73590087890625, 60.934303283691406]}, "datetime": {"datetime": "2025-08-13 13:29:30", "elapsed": 13298.711179971695, "delta": 29.104906797409058}, "costs": {"total_cost": 1462.4812197793265, "time_cost": 150, "final_distance_cost": 49.28094078666296, "oscillation_cost": 588.5647663487251, "completition_cost": 555.5555555555555, "overshoot_cost": 57.700509865907456, "power_cost": 30.70752742919922, "noise_cost": 30.671919793276082, "n_waypoints_completed": 4, "tot_waypoints": 9}}
{"target": -807.0275757633988, "params": {"k_pid_pos": [1.271535038948059, 0.9409777522087097, 0.920617938041687], "k_pid_alt": [0.0, 0.6753597259521484, 0.3786298334598541], "k_pid_att": [98.78372955322266, 0.00010029802069766447, 0.7916456460952759], "k_pid_yaw": [0.5, 1e-06, 0.1], "k_pid_hsp": [9.422709465026855, 0.5787014961242676, 0.08030498027801514], "k_pid_vsp": [0.037097930908203125, 386.8128662109375, 24.10274887084961]}, "datetime": {"datetime": "2025-08-13 13:29:59", "elapsed": 13327.464887619019, "delta": 28.75370764732361}, "costs": {"total_cost": 807.0275757633988, "time_cost": 150, "final_distance_cost": 65.73286801411533, "oscillation_cost": 338.4506577577697, "completition_cost": 111.11111111111116, "overshoot_cost": 68.75959561139592, "power_cost": 43.23073908691406, "noise_cost": 29.74260418209261, "n_waypoints_completed": 8, "tot_waypoints": 9}}
{"target": -1422.200178359603, "params": {"k_pid_pos": [0.07681622356176376, 0.94367915391922, 0.13402116298675537], "k_pid_alt": [0.0, 0.999841570854187, 0.29245901107788086], "k_pid_att": [100.0, 9.999634742736816, 0.7246749401092529], "k_pid_yaw": [0.5, 1e-06, 0.1], "k_pid_hsp": [7.740983486175537, 0.844799816608429, 0.013968616724014282], "k_pid_vsp": [399.99993896484375, 376.8746032714844, 5.980003833770752]}, "datetime": {"datetime": "2025-08-13 13:30:28", "elapsed": 13356.247675418854, "delta": 28.782787799835205}, "costs": {"total_cost": 1422.200178359603, "time_cost": 150, "final_distance_cost": 50.7811525207383, "oscillation_cost": 104.35580857781969, "completition_cost": 1000.0, "overshoot_cost": 47.607580752651614, "power_cost": 35.55270399169922, "noise_cost": 33.90293251669413, "n_waypoints_completed": 0, "tot_waypoints": 9}}
{"target": -1056.319888782957, "params": {"k_pid_pos": [0.024183183908462524, 0.5296598672866821, 0.035511553287506104], "k_pid_alt": [1.2249218225479126, 0.769758403301239, 0.9658124446868896], "k_pid_att": [100.0, 0.00016109415446408093, 0.8376281261444092], "k_pid_yaw": [0.5, 1e-06, 0.1], "k_pid_hsp": [7.807766914367676, 0.9262952208518982, 0.026160776615142822], "k_pid_vsp": [0.9813547134399414, 332.1954650878906, 17.97442626953125]}, "datetime": {"datetime": "2025-08-13 13:30:57", "elapsed": 13385.381756305695, "delta": 29.13408088684082}, "costs": {"total_cost": 1056.319888782957, "time_cost": 150, "final_distance_cost": 53.264303143132835, "oscillation_cost": 178.76945646802193, "completition_cost": 555.5555555555555, "overshoot_cost": 60.54161792718859, "power_cost": 31.03102048339844, "noise_cost": 27.157935205659676, "n_waypoints_completed": 4, "tot_waypoints": 9}}
{"target": -929.8511842543999, "params": {"k_pid_pos": [1.072987675666809, 0.5750607252120972, 0.009220540523529053], "k_pid_alt": [0.0, 0.9999829530715942, 0.9297592043876648], "k_pid_att": [100.0, 0.00010089405986946076, 0.5470987558364868], "k_pid_yaw": [0.5, 1e-06, 0.1], "k_pid_hsp": [9.605259895324707, 0.8934117555618286, 0.2519778609275818], "k_pid_vsp": [398.9669494628906, 360.7624816894531, 25.58555793762207]}, "datetime": {"datetime": "2025-08-13 13:31:31", "elapsed": 13419.162769317627, "delta": 33.78101301193237}, "costs": {"total_cost": 929.8511842543999, "time_cost": 150, "final_distance_cost": 66.10721663049203, "oscillation_cost": 362.3777429819148, "completition_cost": 222.2222222222222, "overshoot_cost": 64.64520234895434, "power_cost": 34.072775683593754, "noise_cost": 30.42602438722284, "n_waypoints_completed": 7, "tot_waypoints": 9}}
{"target": -1093.161340254961, "params": {"k_pid_pos": [0.8614106774330139, 0.8679023385047913, 0.22382187843322754], "k_pid_alt": [0.0, 0.9999988079071045, 0.8751070499420166], "k_pid_att": [100.0, 9.963626861572266, 0.9551958441734314], "k_pid_yaw": [0.5, 1e-06, 0.1], "k_pid_hsp": [8.481194496154785, 0.9491482377052307, 0.16387367248535156], "k_pid_vsp": [399.9997253417969, 362.7749328613281, 9.208227157592773]}, "datetime": {"datetime": "2025-08-13 13:32:04", "elapsed": 13452.303545236588, "delta": 33.14077591896057}, "costs": {"total_cost": 1093.161340254961, "time_cost": 150, "final_distance_cost": 79.60784735711293, "oscillation_cost": 392.9449222905021, "completition_cost": 333.33333333333337, "overshoot_cost": 62.487109401708686, "power_cost": 40.28459100341797, "noise_cost": 34.503536868885995, "n_waypoints_completed": 6, "tot_waypoints": 9}}
{"target": -1289.0733647828113, "params": {"k_pid_pos": [0.1753554791212082, 0.33745771646499634, 0.19442874193191528], "k_pid_alt": [1.9864976406097412, 1.0, 0.9421404004096985], "k_pid_att": [100.0, 0.00010029802069766447, 0.5977175235748291], "k_pid_yaw": [0.5, 1e-06, 0.1], "k_pid_hsp": [7.790704250335693, 0.28610092401504517, 0.11127409338951111], "k_pid_vsp": [0.0, 361.8053894042969, 71.49918365478516]}, "datetime": {"datetime": "2025-08-13 13:32:46", "elapsed": 13494.186809539795, "delta": 41.8832643032074}, "costs": {"total_cost": 1289.0733647828113, "time_cost": 150, "final_distance_cost": 79.00521910092878, "oscillation_cost": 618.8922337273947, "completition_cost": 333.33333333333337, "overshoot_cost": 49.541050720098966, "power_cost": 31.257062927246096, "noise_cost": 27.044464973809273, "n_waypoints_completed": 6, "tot_waypoints": 9}}
{"target": -1233.0172048321883, "params": {"k_pid_pos": [0.3608606457710266, 0.4336329996585846, 0.7528073787689209], "k_pid_alt": [1.7821788787841797e-05, 1.0, 0.9043356776237488], "k_pid_att": [100.0, 0.6205024719238281, 0.8740423917770386], "k_pid_yaw": [0.5, 1e-06, 0.1], "k_pid_hsp": [8.490400314331055, 0.9641366004943848, 0.025534063577651978], "k_pid_vsp": [399.3330383300781, 388.61492919921875, 1.8573651313781738]}, "datetime": {"datetime": "2025-08-13 13:33:20", "elapsed": 13528.703605890274, "delta": 34.516796350479126}, "costs": {"total_cost": 1233.0172048321883, "time_cost": 150, "final_distance_cost": 64.75022554371215, "oscillation_cost": 558.5617876213885, "completition_cost": 333.33333333333337, "overshoot_cost": 64.36790116322503, "power_cost": 31.635695654296878, "noise_cost": 30.36826151623266, "n_waypoints_completed": 6, "tot_waypoints": 9}}
