{"target": -1415.9234096524258, "params": {"k_pid_pos": [1.6101185083389282, 0.007783025503158569, 0.7519232034683228], "k_pid_alt": [1.5424758195877075, 0.153554767370224, 0.2081911563873291], "k_pid_att": [78.78668212890625, 1.5683653354644775, 0.24193811416625977], "k_pid_yaw": [0.5, 1e-06, 0.1], "k_pid_hsp": [5.1913886070251465, 0.8467039465904236, 0.2681727409362793], "k_pid_vsp": [107.77554321289062, 393.51220703125, 280.1410827636719]}, "datetime": {"datetime": "2025-08-13 10:11:47", "elapsed": 1435.566965341568, "delta": 28.116342544555664}, "costs": {"total_cost": 1415.9234096524258, "time_cost": 150, "final_distance_cost": 79.6118950333892, "oscillation_cost": 597.0573814680134, "completition_cost": 444.4444444444444, "overshoot_cost": 83.26005923324503, "power_cost": 33.34789661865234, "noise_cost": 28.20173285468123, "n_waypoints_completed": 5, "tot_waypoints": 9}}
{"target": -1131.5030165967557, "params": {"k_pid_pos": [0.7192082405090332, 0.5331463813781738, 0.08041748404502869], "k_pid_alt": [1.2305306196212769, 0.3151775002479553, 0.686478316783905], "k_pid_att": [79.14437866210938, 9.042228698730469, 0.07571873068809509], "k_pid_yaw": [0.5, 1e-06, 0.1], "k_pid_hsp": [9.348150253295898, 0.26347577571868896, 0.11215585470199585], "k_pid_vsp": [166.4816436767578, 317.3026123046875, 361.9476623535156]}, "datetime": {"datetime": "2025-08-13 10:12:19", "elapsed": 1468.0976994037628, "delta": 32.530734062194824}, "costs": {"total_cost": 1131.5030165967557, "time_cost": 150, "final_distance_cost": 93.6098945933877, "oscillation_cost": 522.3301747533322, "completition_cost": 222.2222222222222, "overshoot_cost": 71.67748272223109, "power_cost": 38.00136716308594, "noise_cost": 33.66187514249674, "n_waypoints_completed": 7, "tot_waypoints": 9}}
{"target": -607.7968743215473, "params": {"k_pid_pos": [0.7337227463722229, 0.08767044544219971, 0.7933396697044373], "k_pid_alt": [0.9953148365020752, 0.720712423324585, 0.8571906685829163], "k_pid_att": [36.57396697998047, 8.460861206054688, 0.2316456139087677], "k_pid_yaw": [0.5, 1e-06, 0.1], "k_pid_hsp": [9.14203929901123, 0.6107127666473389, 0.14153292775154114], "k_pid_vsp": [53.33547592163086, 117.89307403564453, 46.53541946411133]}, "datetime": {"datetime": "2025-08-13 10:12:42", "elapsed": 1490.2406980991364, "delta": 22.142998695373535}, "costs": {"total_cost": 607.7968743215473, "time_cost": 90.566, "final_distance_cost": 1.8207578226649088, "oscillation_cost": 402.503188462904, "completition_cost": 0.0, "overshoot_cost": 57.71877828754644, "power_cost": 30.296301367187503, "noise_cost": 24.891848381244426, "n_waypoints_completed": 9, "tot_waypoints": 9}}
{"target": -1477.2012536194475, "params": {"k_pid_pos": [1.161379337310791, 0.6988046169281006, 0.45471397042274475], "k_pid_alt": [0.38392627239227295, 0.6608812212944031, 0.9651738405227661], "k_pid_att": [81.22559356689453, 2.9081358909606934, 0.3891255557537079], "k_pid_yaw": [0.5, 1e-06, 0.1], "k_pid_hsp": [6.985050678253174, 0.35297253727912903, 0.7093200087547302], "k_pid_vsp": [134.3753204345703, 396.4940185546875, 284.0195617675781]}, "datetime": {"datetime": "2025-08-13 10:13:11", "elapsed": 1519.461621761322, "delta": 29.22092366218567}, "costs": {"total_cost": 1477.2012536194475, "time_cost": 150, "final_distance_cost": 52.57748532447358, "oscillation_cost": 478.01571058137944, "completition_cost": 666.6666666666667, "overshoot_cost": 61.14318627768719, "power_cost": 37.477387011718754, "noise_cost": 31.320817757521773, "n_waypoints_completed": 3, "tot_waypoints": 9}}
{"target": -1156.3716914411468, "params": {"k_pid_pos": [0.5576640963554382, 0.9396745562553406, 0.7952343821525574], "k_pid_alt": [0.3712589740753174, 0.32575395703315735, 0.8915889263153076], "k_pid_att": [17.91131591796875, 1.2594542503356934, 0.31741103529930115], "k_pid_yaw": [0.5, 1e-06, 0.1], "k_pid_hsp": [1.425537347793579, 0.9377703666687012, 0.5380663275718689], "k_pid_vsp": [257.95556640625, 156.9783935546875, 218.8485565185547]}, "datetime": {"datetime": "2025-08-13 10:13:40", "elapsed": 1548.659684419632, "delta": 29.198062658309937}, "costs": {"total_cost": 1156.3716914411468, "time_cost": 150, "final_distance_cost": 54.90528575725221, "oscillation_cost": 254.938787646536, "completition_cost": 555.5555555555555, "overshoot_cost": 69.13197538456323, "power_cost": 38.42389665527344, "noise_cost": 33.416190441966265, "n_waypoints_completed": 4, "tot_waypoints": 9}}
{"target": -462.78524780323454, "params": {"k_pid_pos": [1.3069807291030884, 0.6549639105796814, 0.6492189168930054], "k_pid_alt": [1.852524995803833, 0.6680655479431152, 0.5161411762237549], "k_pid_att": [48.3324089050293, 4.59324312210083, 0.5334953665733337], "k_pid_yaw": [0.5, 1e-06, 0.1], "k_pid_hsp": [4.339011192321777, 0.8350083827972412, 0.30376455187797546], "k_pid_vsp": [44.69190979003906, 363.62933349609375, 68.32258605957031]}, "datetime": {"datetime": "2025-08-13 10:14:04", "elapsed": 1572.3468163013458, "delta": 23.687131881713867}, "costs": {"total_cost": 462.78524780323454, "time_cost": 88.081, "final_distance_cost": 1.7384316517858502, "oscillation_cost": 271.4992290225075, "completition_cost": 0.0, "overshoot_cost": 52.536318778547965, "power_cost": 26.888552099609377, "noise_cost": 22.041716250783786, "n_waypoints_completed": 9, "tot_waypoints": 9}}
{"target": -1070.773179112575, "params": {"k_pid_pos": [0.9366680383682251, 0.08589407801628113, 0.8989274501800537], "k_pid_alt": [0.24154126644134521, 0.048903435468673706, 0.06128281354904175], "k_pid_att": [30.469593048095703, 8.56053638458252, 0.35285183787345886], "k_pid_yaw": [0.5, 1e-06, 0.1], "k_pid_hsp": [3.555245876312256, 0.10085666179656982, 0.331112265586853], "k_pid_vsp": [99.36561584472656, 348.9391174316406, 156.7999267578125]}, "datetime": {"datetime": "2025-08-13 10:14:36", "elapsed": 1604.8648755550385, "delta": 32.51805925369263}, "costs": {"total_cost": 1070.773179112575, "time_cost": 150, "final_distance_cost": 65.66871166921365, "oscillation_cost": 527.27294561802, "completition_cost": 222.2222222222222, "overshoot_cost": 48.0288219724203, "power_cost": 29.7818587890625, "noise_cost": 27.798618841636426, "n_waypoints_completed": 7, "tot_waypoints": 9}}
{"target": -509.38751810396263, "params": {"k_pid_pos": [1.850489854812622, 0.4285199046134949, 0.26243263483047485], "k_pid_alt": [0.7238104343414307, 0.424587219953537, 0.3402542471885681], "k_pid_att": [89.49346923828125, 0.6946859359741211, 0.8085832595825195], "k_pid_yaw": [0.5, 1e-06, 0.1], "k_pid_hsp": [7.566352844238281, 0.9556131958961487, 0.3073711693286896], "k_pid_vsp": [333.15985107421875, 113.68753051757812, 13.147665023803711]}, "datetime": {"datetime": "2025-08-13 10:15:07", "elapsed": 1635.7390041351318, "delta": 30.874128580093384}, "costs": {"total_cost": 509.38751810396263, "time_cost": 94.507, "final_distance_cost": 1.734848970011009, "oscillation_cost": 304.6798859326957, "completition_cost": 0.0, "overshoot_cost": 57.02692178702298, "power_cost": 27.05758365478516, "noise_cost": 24.381277759447833, "n_waypoints_completed": 9, "tot_waypoints": 9}}
{"target": -914.047036424427, "params": {"k_pid_pos": [0.892562985420227, 0.76591557264328, 0.42119908332824707], "k_pid_alt": [0.31520092487335205, 0.17382186651229858, 0.7789211869239807], "k_pid_att": [9.943467140197754, 0.4502175450325012, 0.15012472867965698], "k_pid_yaw": [0.5, 1e-06, 0.1], "k_pid_hsp": [7.971371650695801, 0.0668179988861084, 0.8724357485771179], "k_pid_vsp": [128.64706420898438, 240.4397430419922, 183.84828186035156]}, "datetime": {"datetime": "2025-08-13 10:15:47", "elapsed": 1675.8524236679077, "delta": 40.11341953277588}, "costs": {"total_cost": 914.047036424427, "time_cost": 150, "final_distance_cost": 73.00899049360497, "oscillation_cost": 355.2579849469328, "completition_cost": 222.2222222222222, "overshoot_cost": 63.96209880826302, "power_cost": 24.545909020996096, "noise_cost": 25.049830932407822, "n_waypoints_completed": 7, "tot_waypoints": 9}}
{"target": -499.45928656099704, "params": {"k_pid_pos": [1.6467766761779785, 0.019620388746261597, 0.752593994140625], "k_pid_alt": [1.9880189895629883, 0.8049087524414062, 0.19839626550674438], "k_pid_att": [23.704082489013672, 4.972537517547607, 0.8041430711746216], "k_pid_yaw": [0.5, 1e-06, 0.1], "k_pid_hsp": [2.3290348052978516, 0.5970226526260376, 0.2273753583431244], "k_pid_vsp": [68.8041000366211, 290.6651306152344, 118.47615051269531]}, "datetime": {"datetime": "2025-08-13 10:16:12", "elapsed": 1700.923612833023, "delta": 25.071189165115356}, "costs": {"total_cost": 499.45928656099704, "time_cost": 93.47800000000001, "final_distance_cost": 1.8002129327176994, "oscillation_cost": 289.84254486297795, "completition_cost": 0.0, "overshoot_cost": 59.62777551403775, "power_cost": 29.89607205810547, "noise_cost": 24.814681193158158, "n_waypoints_completed": 9, "tot_waypoints": 9}}
{"target": -974.945309970914, "params": {"k_pid_pos": [1.8342550992965698, 0.68901526927948, 0.3746376931667328], "k_pid_alt": [1.6139740943908691, 0.5722023844718933, 0.1003027856349945], "k_pid_att": [50.421058654785156, 5.674639701843262, 0.25321656465530396], "k_pid_yaw": [0.5, 1e-06, 0.1], "k_pid_hsp": [4.049032688140869, 0.06520214676856995, 0.9772548675537109], "k_pid_vsp": [397.589111328125, 123.95166015625, 218.27574157714844]}, "datetime": {"datetime": "2025-08-13 10:16:51", "elapsed": 1739.785139799118, "delta": 38.86152696609497}, "costs": {"total_cost": 974.945309970914, "time_cost": 150, "final_distance_cost": 74.55000998910694, "oscillation_cost": 281.5753714068333, "completition_cost": 333.33333333333337, "overshoot_cost": 57.03067290109024, "power_cost": 44.36283634033203, "noise_cost": 34.09308600021798, "n_waypoints_completed": 6, "tot_waypoints": 9}}
{"target": -1353.9842783752358, "params": {"k_pid_pos": [1.285118579864502, 0.9858964681625366, 0.8806924819946289], "k_pid_alt": [1.447060227394104, 0.1582283079624176, 0.46682432293891907], "k_pid_att": [76.8563461303711, 4.631361961364746, 0.20055556297302246], "k_pid_yaw": [0.5, 1e-06, 0.1], "k_pid_hsp": [5.239095211029053, 0.41792839765548706, 0.06353142857551575], "k_pid_vsp": [124.6022720336914, 77.30350494384766, 259.9117431640625]}, "datetime": {"datetime": "2025-08-13 10:17:33", "elapsed": 1781.678679227829, "delta": 41.89353942871094}, "costs": {"total_cost": 1353.9842783752358, "time_cost": 150, "final_distance_cost": 55.999519303454186, "oscillation_cost": 573.6715662051606, "completition_cost": 444.4444444444444, "overshoot_cost": 60.948817040789876, "power_cost": 36.65550871582031, "noise_cost": 32.26442266556641, "n_waypoints_completed": 5, "tot_waypoints": 9}}
{"target": -1695.1311501380883, "params": {"k_pid_pos": [1.2016335725784302, 0.6080873012542725, 0.751422107219696], "k_pid_alt": [1.2631478309631348, 0.998455286026001, 0.2933070659637451], "k_pid_att": [6.852352619171143, 5.165098667144775, 0.42377716302871704], "k_pid_yaw": [0.5, 1e-06, 0.1], "k_pid_hsp": [5.184463977813721, 0.5917364358901978, 0.8729469180107117], "k_pid_vsp": [154.39584350585938, 325.27886962890625, 314.180419921875]}, "datetime": {"datetime": "2025-08-13 10:18:05", "elapsed": 1813.4064486026764, "delta": 31.727769374847412}, "costs": {"total_cost": 1695.1311501380883, "time_cost": 150, "final_distance_cost": 51.634487832951244, "oscillation_cost": 394.0754733302078, "completition_cost": 888.8888888888888, "overshoot_cost": 120.3012074943215, "power_cost": 31.938944653320313, "noise_cost": 58.29214793839865, "n_waypoints_completed": 1, "tot_waypoints": 9}}
{"target": -984.190675064575, "params": {"k_pid_pos": [1.5185884237289429, 0.5520251393318176, 0.7731001377105713], "k_pid_alt": [1.6019489765167236, 0.6268080472946167, 0.49399739503860474], "k_pid_att": [55.43113327026367, 0.020325440913438797, 0.1697344183921814], "k_pid_yaw": [0.5, 1e-06, 0.1], "k_pid_hsp": [1.221065640449524, 0.35232773423194885, 0.48220688104629517], "k_pid_vsp": [339.8502502441406, 190.38954162597656, 339.56024169921875]}, "datetime": {"datetime": "2025-08-13 10:18:36", "elapsed": 1844.1899240016937, "delta": 30.783475399017334}, "costs": {"total_cost": 984.190675064575, "time_cost": 150, "final_distance_cost": 60.76074647019832, "oscillation_cost": 306.06803313620503, "completition_cost": 333.33333333333337, "overshoot_cost": 61.02682184774134, "power_cost": 40.67634206542969, "noise_cost": 32.32539821166719, "n_waypoints_completed": 6, "tot_waypoints": 9}}
{"target": -1659.6867122344665, "params": {"k_pid_pos": [0.22742033004760742, 0.39089179039001465, 0.9074482321739197], "k_pid_alt": [1.6783567667007446, 0.6926097869873047, 0.8531116843223572], "k_pid_att": [80.43421173095703, 7.91778564453125, 0.7086532711982727], "k_pid_yaw": [0.5, 1e-06, 0.1], "k_pid_hsp": [0.5148611664772034, 0.24551737308502197, 0.5524594187736511], "k_pid_vsp": [104.36170959472656, 107.39801025390625, 153.05722045898438]}, "datetime": {"datetime": "2025-08-13 10:19:08", "elapsed": 1876.5676066875458, "delta": 32.37768268585205}, "costs": {"total_cost": 1659.6867122344665, "time_cost": 150, "final_distance_cost": 49.00794308553542, "oscillation_cost": 659.6526789929883, "completition_cost": 666.6666666666667, "overshoot_cost": 71.30021231269275, "power_cost": 35.11580710449219, "noise_cost": 27.943404072091212, "n_waypoints_completed": 3, "tot_waypoints": 9}}
{"target": -1039.6956612888896, "params": {"k_pid_pos": [0.9155340194702148, 0.27440476417541504, 0.19217443466186523], "k_pid_alt": [1.2799310684204102, 0.9117840528488159, 0.24032637476921082], "k_pid_att": [7.620316505432129, 9.106603622436523, 0.9147354364395142], "k_pid_yaw": [0.5, 1e-06, 0.1], "k_pid_hsp": [2.3167214393615723, 0.0785101056098938, 0.1276751458644867], "k_pid_vsp": [140.74427795410156, 360.8094787597656, 313.5590515136719]}, "datetime": {"datetime": "2025-08-13 10:19:45", "elapsed": 1913.775715827942, "delta": 37.20810914039612}, "costs": {"total_cost": 1039.6956612888896, "time_cost": 150, "final_distance_cost": 74.25411790235654, "oscillation_cost": 121.07132433918026, "completition_cost": 555.5555555555555, "overshoot_cost": 80.05756270011199, "power_cost": 29.67739919433594, "noise_cost": 29.079701597349477, "n_waypoints_completed": 4, "tot_waypoints": 9}}
{"target": -1051.425425831925, "params": {"k_pid_pos": [0.6284865736961365, 0.5609341859817505, 0.12953686714172363], "k_pid_alt": [0.860591471195221, 0.8576790690422058, 0.534515380859375], "k_pid_att": [23.75582504272461, 6.488473415374756, 0.2712319493293762], "k_pid_yaw": [0.5, 1e-06, 0.1], "k_pid_hsp": [9.225341796875, 0.7107052206993103, 0.47702494263648987], "k_pid_vsp": [382.8955383300781, 267.42828369140625, 323.88360595703125]}, "datetime": {"datetime": "2025-08-13 10:20:18", "elapsed": 1947.054291009903, "delta": 33.27857518196106}, "costs": {"total_cost": 1051.425425831925, "time_cost": 150, "final_distance_cost": 63.88885713616503, "oscillation_cost": 488.5595291167588, "completition_cost": 222.2222222222222, "overshoot_cost": 54.57558206427049, "power_cost": 38.63014884033203, "noise_cost": 33.549086452176255, "n_waypoints_completed": 7, "tot_waypoints": 9}}
{"target": -1813.991897906992, "params": {"k_pid_pos": [0.666348934173584, 0.10351008176803589, 0.5870331525802612], "k_pid_alt": [0.39036989212036133, 0.8975445032119751, 0.9084177017211914], "k_pid_att": [28.35386085510254, 2.7124273777008057, 0.8569984436035156], "k_pid_yaw": [0.5, 1e-06, 0.1], "k_pid_hsp": [0.47172150015830994, 0.7751545310020447, 0.5746598243713379], "k_pid_vsp": [47.461307525634766, 281.65496826171875, 337.95538330078125]}, "datetime": {"datetime": "2025-08-13 10:20:49", "elapsed": 1977.9467277526855, "delta": 30.892436742782593}, "costs": {"total_cost": 1813.991897906992, "time_cost": 150, "final_distance_cost": 78.98297165366132, "oscillation_cost": 480.32440307773555, "completition_cost": 888.8888888888888, "overshoot_cost": 148.62050144694797, "power_cost": 33.00678985595703, "noise_cost": 34.168342983801516, "n_waypoints_completed": 1, "tot_waypoints": 9}}
{"target": -1405.9711903450295, "params": {"k_pid_pos": [0.9124191403388977, 0.5272082090377808, 0.9756469130516052], "k_pid_alt": [0.6784205436706543, 0.6206429600715637, 0.8522438406944275], "k_pid_att": [42.30592727661133, 3.6191985607147217, 0.6200076937675476], "k_pid_yaw": [0.5, 1e-06, 0.1], "k_pid_hsp": [0.763886570930481, 0.7573636174201965, 0.7163664102554321], "k_pid_vsp": [346.9795837402344, 360.3501281738281, 137.3851318359375]}, "datetime": {"datetime": "2025-08-13 10:21:19", "elapsed": 2007.6697494983673, "delta": 29.723021745681763}, "costs": {"total_cost": 1405.9711903450295, "time_cost": 150, "final_distance_cost": 45.467510216324506, "oscillation_cost": 536.4835363785882, "completition_cost": 555.5555555555555, "overshoot_cost": 65.8661586097849, "power_cost": 26.01457550048828, "noise_cost": 26.583854084288394, "n_waypoints_completed": 4, "tot_waypoints": 9}}
{"target": -623.2720025834744, "params": {"k_pid_pos": [1.697708010673523, 0.5172039866447449, 0.9279691576957703], "k_pid_alt": [1.0126138925552368, 0.36518555879592896, 0.8477892279624939], "k_pid_att": [49.923500061035156, 4.494278430938721, 0.510551929473877], "k_pid_yaw": [0.5, 1e-06, 0.1], "k_pid_hsp": [4.990663051605225, 0.8355682492256165, 0.15748810768127441], "k_pid_vsp": [197.50648498535156, 254.65760803222656, 136.1301727294922]}, "datetime": {"datetime": "2025-08-13 10:21:46", "elapsed": 2034.4702298641205, "delta": 26.800480365753174}, "costs": {"total_cost": 623.2720025834744, "time_cost": 106.918, "final_distance_cost": 1.7596659929214278, "oscillation_cost": 377.28003632906575, "completition_cost": 0.0, "overshoot_cost": 66.1844832984419, "power_cost": 40.93525084228516, "noise_cost": 30.19456612076011, "n_waypoints_completed": 9, "tot_waypoints": 9}}
{"target": -591.2669867852162, "params": {"k_pid_pos": [1.7981350421905518, 0.1648617386817932, 0.4737910032272339], "k_pid_alt": [1.0023574829101562, 0.28153571486473083, 0.3713279664516449], "k_pid_att": [59.62445068359375, 4.084219932556152, 0.31378141045570374], "k_pid_yaw": [0.5, 1e-06, 0.1], "k_pid_hsp": [5.815035343170166, 0.8384172320365906, 0.5812011361122131], "k_pid_vsp": [187.0843963623047, 337.40985107421875, 219.25006103515625]}, "datetime": {"datetime": "2025-08-13 10:22:16", "elapsed": 2064.284464597702, "delta": 29.814234733581543}, "costs": {"total_cost": 591.2669867852162, "time_cost": 115.108, "final_distance_cost": 1.824510394285534, "oscillation_cost": 349.7158577205125, "completition_cost": 0.0, "overshoot_cost": 63.336661098660045, "power_cost": 29.527854418945314, "noise_cost": 31.754103152812736, "n_waypoints_completed": 9, "tot_waypoints": 9}}
{"target": -1006.8553179111781, "params": {"k_pid_pos": [0.5753685832023621, 0.2367381453514099, 0.7244856953620911], "k_pid_alt": [0.5759263634681702, 0.7814198136329651, 0.8409902453422546], "k_pid_att": [24.216567993164062, 5.924678325653076, 0.36256563663482666], "k_pid_yaw": [0.5, 1e-06, 0.1], "k_pid_hsp": [4.994300365447998, 0.21633484959602356, 0.3069939613342285], "k_pid_vsp": [265.6109619140625, 366.0715026855469, 93.7316665649414]}, "datetime": {"datetime": "2025-08-13 10:22:45", "elapsed": 2093.1232998371124, "delta": 28.8388352394104}, "costs": {"total_cost": 1006.8553179111781, "time_cost": 150, "final_distance_cost": 63.60759544667311, "oscillation_cost": 463.47906200918436, "completition_cost": 222.2222222222222, "overshoot_cost": 52.43604344225558, "power_cost": 27.103534912109378, "noise_cost": 28.006859878733508, "n_waypoints_completed": 7, "tot_waypoints": 9}}
{"target": -2532.4445864325653, "params": {"k_pid_pos": [1.2284153699874878, 0.15060442686080933, 0.662198543548584], "k_pid_alt": [0.485739529132843, 0.5740135908126831, 0.19613653421401978], "k_pid_att": [65.36474609375, 2.498444080352783, 0.11106032133102417], "k_pid_yaw": [0.5, 1e-06, 0.1], "k_pid_hsp": [0.1402943879365921, 0.07804864645004272, 0.482466459274292], "k_pid_vsp": [53.47925567626953, 27.88727378845215, 308.8246154785156]}, "datetime": {"datetime": "2025-08-13 10:23:15", "elapsed": 2123.734133005142, "delta": 30.610833168029785}, "costs": {"total_cost": 2532.4445864325653, "time_cost": 150, "final_distance_cost": 160.8739489099781, "oscillation_cost": 837.4446421198787, "completition_cost": 1000.0, "overshoot_cost": 319.99262402490905, "power_cost": 35.55366568603516, "noise_cost": 28.579705691763877, "n_waypoints_completed": 0, "tot_waypoints": 9}}
{"target": -2391.7199128758057, "params": {"k_pid_pos": [1.1525826454162598, 0.3943096995353699, 0.5962871313095093], "k_pid_alt": [0.934693455696106, 0.8724015951156616, 0.5367021560668945], "k_pid_att": [39.43321990966797, 0.9460806250572205, 0.7006279230117798], "k_pid_yaw": [0.5, 1e-06, 0.1], "k_pid_hsp": [3.766758441925049, 0.4668373465538025, 0.00877237319946289], "k_pid_vsp": [94.62773895263672, 36.92720031738281, 374.7869567871094]}, "datetime": {"datetime": "2025-08-13 10:23:45", "elapsed": 2153.686475753784, "delta": 29.952342748641968}, "costs": {"total_cost": 2391.7199128758057, "time_cost": 150, "final_distance_cost": 618.2069413205019, "oscillation_cost": 46.32520541207964, "completition_cost": 666.6666666666667, "overshoot_cost": 852.7630344329679, "power_cost": 29.067776953125, "noise_cost": 28.690288090464875, "n_waypoints_completed": 3, "tot_waypoints": 9}}
