{"target": -785.9035814640694, "params": {"k_pid_pos": [0.47816792130470276, 0.6587732434272766, 0.1686108112335205], "k_pid_alt": [0.001576542854309082, 0.9999998807907104, 0.9537636041641235], "k_pid_att": [100.0, 0.0025327391922473907, 0.958097517490387], "k_pid_yaw": [0.5, 1e-06, 0.1], "k_pid_hsp": [8.830166816711426, 0.9138481616973877, 0.0290316641330719], "k_pid_vsp": [399.99871826171875, 393.9972839355469, 11.80876636505127]}, "datetime": {"datetime": "2025-08-13 15:54:59", "elapsed": 22027.92857646942, "delta": 30.65215539932251}, "costs": {"total_cost": 785.9035814640694, "time_cost": 150, "final_distance_cost": 80.0636320254079, "oscillation_cost": 89.99201042194369, "completition_cost": 333.33333333333337, "overshoot_cost": 60.75507904316934, "power_cost": 37.36902353515625, "noise_cost": 34.390503105058905, "n_waypoints_completed": 6, "tot_waypoints": 9}}
{"target": -644.1337087383323, "params": {"k_pid_pos": [0.11349288374185562, 0.5705498456954956, 0.07529252767562866], "k_pid_alt": [2.0, 0.0, 0.8378600478172302], "k_pid_att": [100.0, 0.00020102885900996625, 0.9368005394935608], "k_pid_yaw": [0.5, 1e-06, 0.1], "k_pid_hsp": [9.915412902832031, 0.9117163419723511, 0.005188107490539551], "k_pid_vsp": [399.9825439453125, 392.494140625, 131.486328125]}, "datetime": {"datetime": "2025-08-13 15:55:30", "elapsed": 22059.000328540802, "delta": 31.071752071380615}, "costs": {"total_cost": 644.1337087383323, "time_cost": 150, "final_distance_cost": 62.78559345526861, "oscillation_cost": 99.40956241026413, "completition_cost": 222.2222222222222, "overshoot_cost": 48.55888197373968, "power_cost": 33.06378952636719, "noise_cost": 28.09365915047059, "n_waypoints_completed": 7, "tot_waypoints": 9}}
{"target": -1267.3148912265883, "params": {"k_pid_pos": [0.06079469993710518, 0.45766958594322205, 0.05618807673454285], "k_pid_alt": [2.384185791015625e-07, 1.0, 0.9044832587242126], "k_pid_att": [100.0, 9.999999747378752e-05, 0.9882884621620178], "k_pid_yaw": [0.5, 1e-06, 0.1], "k_pid_hsp": [8.518275260925293, 0.965008020401001, 0.015661537647247314], "k_pid_vsp": [399.9981384277344, 368.2721862792969, 2.647520065307617]}, "datetime": {"datetime": "2025-08-13 15:56:01", "elapsed": 22089.90159034729, "delta": 30.901261806488037}, "costs": {"total_cost": 1267.3148912265883, "time_cost": 150, "final_distance_cost": 70.33354199775941, "oscillation_cost": 51.904530498410665, "completition_cost": 888.8888888888888, "overshoot_cost": 44.40319807470593, "power_cost": 29.260878259277344, "noise_cost": 32.52385350754625, "n_waypoints_completed": 1, "tot_waypoints": 9}}
{"target": -964.2751058039449, "params": {"k_pid_pos": [0.08935748785734177, 0.08984383940696716, 0.07734990119934082], "k_pid_alt": [8.827447891235352e-05, 1.0, 0.9913020133972168], "k_pid_att": [100.0, 0.00014112678763922304, 0.9533277750015259], "k_pid_yaw": [0.5, 1e-06, 0.1], "k_pid_hsp": [9.510635375976562, 0.9874935150146484, 0.01966559886932373], "k_pid_vsp": [400.0, 332.2549133300781, 16.40788459777832]}, "datetime": {"datetime": "2025-08-13 15:56:34", "elapsed": 22122.423182964325, "delta": 32.52159261703491}, "costs": {"total_cost": 964.2751058039449, "time_cost": 150, "final_distance_cost": 51.30699917468467, "oscillation_cost": 78.11232577049569, "completition_cost": 555.5555555555555, "overshoot_cost": 70.07435908571594, "power_cost": 28.737551477050783, "noise_cost": 30.488314740442195, "n_waypoints_completed": 4, "tot_waypoints": 9}}
{"target": -1374.2021019027893, "params": {"k_pid_pos": [0.04919013753533363, 0.18570035696029663, 0.07223489880561829], "k_pid_alt": [1.2516975402832031e-06, 0.867584228515625, 0.9733575582504272], "k_pid_att": [100.0, 9.999999747378752e-05, 0.9840441942214966], "k_pid_yaw": [0.5, 1e-06, 0.1], "k_pid_hsp": [9.339762687683105, 0.9264717102050781, 0.11287111043930054], "k_pid_vsp": [14.680767059326172, 383.12481689453125, 21.220888137817383]}, "datetime": {"datetime": "2025-08-13 15:57:05", "elapsed": 22153.639460086823, "delta": 31.21627712249756}, "costs": {"total_cost": 1374.2021019027893, "time_cost": 150, "final_distance_cost": 77.25155982268062, "oscillation_cost": 346.31061537366037, "completition_cost": 666.6666666666667, "overshoot_cost": 64.42194909838902, "power_cost": 41.893552062988284, "noise_cost": 27.65775887840438, "n_waypoints_completed": 3, "tot_waypoints": 9}}
{"target": -1083.5576576845108, "params": {"k_pid_pos": [0.08930056542158127, 0.04023894667625427, 0.1753469705581665], "k_pid_alt": [0.0, 1.0, 0.9740595817565918], "k_pid_att": [99.96807098388672, 9.999999747378752e-05, 0.703416645526886], "k_pid_yaw": [0.5, 1e-06, 0.1], "k_pid_hsp": [9.831849098205566, 0.9750266075134277, 0.004570305347442627], "k_pid_vsp": [16.38921546936035, 372.098876953125, 8.709550857543945]}, "datetime": {"datetime": "2025-08-13 15:57:38", "elapsed": 22186.45694231987, "delta": 32.817482233047485}, "costs": {"total_cost": 1083.5576576845108, "time_cost": 150, "final_distance_cost": 52.20142990333229, "oscillation_cost": 84.09372326068441, "completition_cost": 666.6666666666667, "overshoot_cost": 71.98233418681367, "power_cost": 27.237673339843752, "noise_cost": 31.375830327170032, "n_waypoints_completed": 3, "tot_waypoints": 9}}
{"target": -664.6291016610348, "params": {"k_pid_pos": [0.2923790514469147, 0.2402241826057434, 0.01302298903465271], "k_pid_alt": [5.960464477539063e-08, 1.0, 0.7434711456298828], "k_pid_att": [100.0, 9.999999747378752e-05, 0.8396902084350586], "k_pid_yaw": [0.5, 1e-06, 0.1], "k_pid_hsp": [8.752275466918945, 0.9406073093414307, 0.02065292000770569], "k_pid_vsp": [400.0, 392.1463623046875, 18.42780303955078]}, "datetime": {"datetime": "2025-08-13 15:58:12", "elapsed": 22220.755981206894, "delta": 34.299038887023926}, "costs": {"total_cost": 664.6291016610348, "time_cost": 150, "final_distance_cost": 73.49255005581676, "oscillation_cost": 97.02875094701331, "completition_cost": 222.2222222222222, "overshoot_cost": 61.37330925211606, "power_cost": 30.31973634033203, "noise_cost": 30.192532843534433, "n_waypoints_completed": 7, "tot_waypoints": 9}}
{"target": -635.4059709378325, "params": {"k_pid_pos": [0.6921683549880981, 0.17039737105369568, 0.014148592948913574], "k_pid_alt": [0.0, 1.0, 0.9764105677604675], "k_pid_att": [100.0, 0.00010685446613933891, 0.9335268139839172], "k_pid_yaw": [0.5, 1e-06, 0.1], "k_pid_hsp": [9.630313873291016, 0.8270461559295654, 0.008975028991699219], "k_pid_vsp": [400.0, 345.1330261230469, 22.59592056274414]}, "datetime": {"datetime": "2025-08-13 15:58:45", "elapsed": 22253.541345119476, "delta": 32.7853639125824}, "costs": {"total_cost": 635.4059709378325, "time_cost": 150, "final_distance_cost": 66.0879261421342, "oscillation_cost": 81.19120978442584, "completition_cost": 222.2222222222222, "overshoot_cost": 58.40363576730328, "power_cost": 29.084387646484377, "noise_cost": 28.416589375262625, "n_waypoints_completed": 7, "tot_waypoints": 9}}
{"target": -1291.7517429030438, "params": {"k_pid_pos": [0.059706851840019226, 0.49353456497192383, 0.08205211162567139], "k_pid_alt": [0.156793475151062, 1.0, 0.9844789505004883], "k_pid_att": [100.0, 9.999999747378752e-05, 0.598726212978363], "k_pid_yaw": [0.5, 1e-06, 0.1], "k_pid_hsp": [9.723158836364746, 0.9293881058692932, 0.009300917387008667], "k_pid_vsp": [400.0, 381.92333984375, 87.30113220214844]}, "datetime": {"datetime": "2025-08-13 15:59:19", "elapsed": 22287.63080763817, "delta": 34.08946251869202}, "costs": {"total_cost": 1291.7517429030438, "time_cost": 150, "final_distance_cost": 69.33804806793853, "oscillation_cost": 80.97501773374908, "completition_cost": 888.8888888888888, "overshoot_cost": 38.35475905741018, "power_cost": 34.86592120361328, "noise_cost": 29.329107951444048, "n_waypoints_completed": 1, "tot_waypoints": 9}}
{"target": -1499.3853137379447, "params": {"k_pid_pos": [0.2027895301580429, 0.03445747494697571, 0.10055908560752869], "k_pid_alt": [0.0, 4.5806169509887695e-05, 0.8521493673324585], "k_pid_att": [0.004887580871582031, 9.999999747378752e-05, 0.9313651919364929], "k_pid_yaw": [0.5, 1e-06, 0.1], "k_pid_hsp": [9.7743501663208, 0.9936118721961975, 0.09341961145401001], "k_pid_vsp": [400.0, 395.4444274902344, 5.195749759674072]}, "datetime": {"datetime": "2025-08-13 15:59:53", "elapsed": 22321.858189344406, "delta": 34.22738170623779}, "costs": {"total_cost": 1499.3853137379447, "time_cost": 150, "final_distance_cost": 0.874433014738013, "oscillation_cost": 7.618835556120128, "completition_cost": 1000.0, "overshoot_cost": 163.02853043516888, "power_cost": 24.75632491455078, "noise_cost": 153.10718981736676, "n_waypoints_completed": 0, "tot_waypoints": 9}}
{"target": -1117.5429315311858, "params": {"k_pid_pos": [0.11137749999761581, 0.030149608850479126, 0.36998212337493896], "k_pid_alt": [1.9999487400054932, 1.0, 0.6694356799125671], "k_pid_att": [99.99658966064453, 9.999999747378752e-05, 0.9301590919494629], "k_pid_yaw": [0.5, 1e-06, 0.1], "k_pid_hsp": [8.074921607971191, 0.9328211545944214, 0.02174079418182373], "k_pid_vsp": [399.96923828125, 395.1859130859375, 3.9531002044677734]}, "datetime": {"datetime": "2025-08-13 16:00:28", "elapsed": 22356.759739875793, "delta": 34.90155053138733}, "costs": {"total_cost": 1117.5429315311858, "time_cost": 150, "final_distance_cost": 52.98446032554312, "oscillation_cost": 121.74814774742435, "completition_cost": 666.6666666666667, "overshoot_cost": 61.966837925780275, "power_cost": 30.735807812500003, "noise_cost": 33.441011053271296, "n_waypoints_completed": 3, "tot_waypoints": 9}}
{"target": -1153.6494792096307, "params": {"k_pid_pos": [0.3871001601219177, 0.19278988242149353, 0.21962016820907593], "k_pid_alt": [0.0, 1.0, 0.9162787199020386], "k_pid_att": [100.0, 9.999999747378752e-05, 0.8893570899963379], "k_pid_yaw": [0.5, 1e-06, 0.1], "k_pid_hsp": [9.91241455078125, 0.8574970364570618, 0.07421249151229858], "k_pid_vsp": [400.0, 395.4264221191406, 8.790994644165039]}, "datetime": {"datetime": "2025-08-13 16:01:02", "elapsed": 22390.353737831116, "delta": 33.593997955322266}, "costs": {"total_cost": 1153.6494792096307, "time_cost": 150, "final_distance_cost": 63.60253470085191, "oscillation_cost": 599.8035669721648, "completition_cost": 222.2222222222222, "overshoot_cost": 59.47276185598948, "power_cost": 29.032024645996096, "noise_cost": 29.516368812406206, "n_waypoints_completed": 7, "tot_waypoints": 9}}
{"target": -849.7652686698744, "params": {"k_pid_pos": [0.26149094104766846, 0.11275354027748108, 0.22850173711776733], "k_pid_alt": [0.00010466575622558594, 0.9999305009841919, 0.9674750566482544], "k_pid_att": [8.048087120056152, 0.00010089405986946076, 0.9952281713485718], "k_pid_yaw": [0.5, 1e-06, 0.1], "k_pid_hsp": [9.983668327331543, 0.9263976216316223, 0.058407366275787354], "k_pid_vsp": [368.3682861328125, 305.13092041015625, 26.065519332885742]}, "datetime": {"datetime": "2025-08-13 16:01:35", "elapsed": 22424.05582499504, "delta": 33.70208716392517}, "costs": {"total_cost": 849.7652686698744, "time_cost": 150, "final_distance_cost": 55.300542283820505, "oscillation_cost": 76.26496810580002, "completition_cost": 444.4444444444444, "overshoot_cost": 59.279836019901644, "power_cost": 33.010016711425784, "noise_cost": 31.465461104482085, "n_waypoints_completed": 5, "tot_waypoints": 9}}
{"target": -866.11672531532, "params": {"k_pid_pos": [0.5614489912986755, 0.7954462766647339, 0.0798373818397522], "k_pid_alt": [2.384185791015625e-07, 1.0, 0.9531376361846924], "k_pid_att": [99.89569091796875, 9.999999747378752e-05, 0.9774183034896851], "k_pid_yaw": [0.5, 1e-06, 0.1], "k_pid_hsp": [8.55783462524414, 0.9475836753845215, 0.024771034717559814], "k_pid_vsp": [398.8808288574219, 371.4517517089844, 23.472715377807617]}, "datetime": {"datetime": "2025-08-13 16:02:09", "elapsed": 22457.615700244904, "delta": 33.55987524986267}, "costs": {"total_cost": 866.11672531532, "time_cost": 150, "final_distance_cost": 48.389888626777214, "oscillation_cost": 110.547794250558, "completition_cost": 444.4444444444444, "overshoot_cost": 56.505486122340244, "power_cost": 26.99179403076172, "noise_cost": 29.237317840438468, "n_waypoints_completed": 5, "tot_waypoints": 9}}
{"target": -1138.105423142085, "params": {"k_pid_pos": [0.19473984837532043, 0.3129918575286865, 0.11315047740936279], "k_pid_alt": [0.0, 1.0, 0.8861609697341919], "k_pid_att": [53.880977630615234, 9.999999747378752e-05, 0.9337897300720215], "k_pid_yaw": [0.5, 1e-06, 0.1], "k_pid_hsp": [9.384517669677734, 0.9753966927528381, 0.046352893114089966], "k_pid_vsp": [0.2533435821533203, 385.9495849609375, 7.4041972160339355]}, "datetime": {"datetime": "2025-08-13 16:02:43", "elapsed": 22492.088547945023, "delta": 34.47284770011902}, "costs": {"total_cost": 1138.105423142085, "time_cost": 150, "final_distance_cost": 54.152452831859385, "oscillation_cost": 258.85429777681327, "completition_cost": 555.5555555555555, "overshoot_cost": 58.686884641430915, "power_cost": 33.501689514160155, "noise_cost": 27.354542822265714, "n_waypoints_completed": 4, "tot_waypoints": 9}}
{"target": -836.5650945604134, "params": {"k_pid_pos": [0.31911301612854004, 0.24589815735816956, 0.2130293846130371], "k_pid_alt": [0.0037884116172790527, 1.0, 0.9726403951644897], "k_pid_att": [100.0, 9.999999747378752e-05, 0.9922412633895874], "k_pid_yaw": [0.5, 1e-06, 0.1], "k_pid_hsp": [9.526477813720703, 0.9960862398147583, 0.02229812741279602], "k_pid_vsp": [399.99737548828125, 391.3985290527344, 5.445099830627441]}, "datetime": {"datetime": "2025-08-13 16:03:17", "elapsed": 22525.122838497162, "delta": 33.03429055213928}, "costs": {"total_cost": 836.5650945604134, "time_cost": 150, "final_distance_cost": 65.43750886660713, "oscillation_cost": 282.2181284879273, "completition_cost": 222.2222222222222, "overshoot_cost": 59.22761649324934, "power_cost": 26.589063500976565, "noise_cost": 30.870554989430914, "n_waypoints_completed": 7, "tot_waypoints": 9}}
{"target": -1092.188552582793, "params": {"k_pid_pos": [0.08638062328100204, 0.06453433632850647, 0.012193739414215088], "k_pid_alt": [0.009757757186889648, 1.0, 0.9815500378608704], "k_pid_att": [100.0, 9.999999747378752e-05, 0.9889190196990967], "k_pid_yaw": [0.5, 1e-06, 0.1], "k_pid_hsp": [9.803997993469238, 0.9586969017982483, 0.03149127960205078], "k_pid_vsp": [400.0, 377.2588806152344, 3.081596851348877]}, "datetime": {"datetime": "2025-08-13 16:03:48", "elapsed": 22557.01599597931, "delta": 31.893157482147217}, "costs": {"total_cost": 1092.188552582793, "time_cost": 150, "final_distance_cost": 55.30019880583233, "oscillation_cost": 93.20584462959651, "completition_cost": 666.6666666666667, "overshoot_cost": 68.99544755722718, "power_cost": 25.674494555664065, "noise_cost": 32.345900367806124, "n_waypoints_completed": 3, "tot_waypoints": 9}}
{"target": -944.6780370446866, "params": {"k_pid_pos": [0.2838819921016693, 0.6230340600013733, 0.14396506547927856], "k_pid_alt": [0.0005089640617370605, 1.0, 0.9506711959838867], "k_pid_att": [80.77969360351562, 9.999999747378752e-05, 0.8952751159667969], "k_pid_yaw": [0.5, 1e-06, 0.1], "k_pid_hsp": [9.172319412231445, 0.9937347173690796, 0.00793352723121643], "k_pid_vsp": [399.9972839355469, 378.07379150390625, 10.31994915008545]}, "datetime": {"datetime": "2025-08-13 16:04:19", "elapsed": 22587.52903032303, "delta": 30.513034343719482}, "costs": {"total_cost": 944.6780370446866, "time_cost": 150, "final_distance_cost": 41.28329046083314, "oscillation_cost": 81.02298025019928, "completition_cost": 555.5555555555555, "overshoot_cost": 55.81944609513961, "power_cost": 29.475789196777345, "noise_cost": 31.52097548618168, "n_waypoints_completed": 4, "tot_waypoints": 9}}
{"target": -418.5054662831993, "params": {"k_pid_pos": [0.5404917001724243, 0.06838375329971313, 0.05773705244064331], "k_pid_alt": [4.315376281738281e-05, 1.0, 0.7523454427719116], "k_pid_att": [100.0, 0.0015111258253455162, 0.9369113445281982], "k_pid_yaw": [0.5, 1e-06, 0.1], "k_pid_hsp": [9.904934883117676, 0.9820811152458191, 0.038951992988586426], "k_pid_vsp": [399.9986572265625, 396.4141845703125, 68.32211303710938]}, "datetime": {"datetime": "2025-08-13 16:04:47", "elapsed": 22615.186647892, "delta": 27.657617568969727}, "costs": {"total_cost": 418.5054662831993, "time_cost": 108.388, "final_distance_cost": 1.8520881467051646, "oscillation_cost": 188.46007001259096, "completition_cost": 0.0, "overshoot_cost": 66.20887000604091, "power_cost": 27.098771594238283, "noise_cost": 26.497666523623966, "n_waypoints_completed": 9, "tot_waypoints": 9}}
{"target": -1287.9027349296757, "params": {"k_pid_pos": [0.02546044811606407, 0.22136786580085754, 0.025774091482162476], "k_pid_alt": [0.0, 1.0, 0.9615144729614258], "k_pid_att": [100.0, 9.999999747378752e-05, 0.9132593870162964], "k_pid_yaw": [0.5, 1e-06, 0.1], "k_pid_hsp": [9.824942588806152, 0.9298774003982544, 0.017083972692489624], "k_pid_vsp": [68.79297637939453, 389.3808288574219, 6.377101898193359]}, "datetime": {"datetime": "2025-08-13 16:05:20", "elapsed": 22648.188467741013, "delta": 33.00181984901428}, "costs": {"total_cost": 1287.9027349296757, "time_cost": 150, "final_distance_cost": 68.38258994781445, "oscillation_cost": 62.879203601512465, "completition_cost": 888.8888888888888, "overshoot_cost": 47.90774450777841, "power_cost": 36.04643128662109, "noise_cost": 33.79787669706041, "n_waypoints_completed": 1, "tot_waypoints": 9}}
{"target": -2096.3084027998652, "params": {"k_pid_pos": [0.10234516859054565, 0.23374837636947632, 0.16710594296455383], "k_pid_alt": [0.0012454986572265625, 2.9802322387695312e-08, 0.9917563199996948], "k_pid_att": [99.6254653930664, 0.00010447030217619613, 0.9546864628791809], "k_pid_yaw": [0.5, 1e-06, 0.1], "k_pid_hsp": [9.431467056274414, 0.993423342704773, 0.06961053609848022], "k_pid_vsp": [399.053466796875, 349.2009582519531, 74.80843353271484]}, "datetime": {"datetime": "2025-08-13 16:05:50", "elapsed": 22679.01444554329, "delta": 30.82597780227661}, "costs": {"total_cost": 2096.3084027998652, "time_cost": 150, "final_distance_cost": 8.13836411954566, "oscillation_cost": 690.8768477931114, "completition_cost": 1000.0, "overshoot_cost": 151.99446127652797, "power_cost": 32.83928354492188, "noise_cost": 62.45944606575834, "n_waypoints_completed": 0, "tot_waypoints": 9}}
{"target": -1144.4978122851498, "params": {"k_pid_pos": [0.03827415406703949, 0.05776455998420715, 0.015586912631988525], "k_pid_alt": [0.0, 0.9999998807907104, 0.9471726417541504], "k_pid_att": [100.0, 9.999667167663574, 0.9710425138473511], "k_pid_yaw": [0.5, 1e-06, 0.1], "k_pid_hsp": [9.645772933959961, 0.9955934286117554, 0.03512200713157654], "k_pid_vsp": [3.5762786865234375e-05, 397.25543212890625, 25.08560562133789]}, "datetime": {"datetime": "2025-08-13 16:06:21", "elapsed": 22709.110901355743, "delta": 30.096455812454224}, "costs": {"total_cost": 1144.4978122851498, "time_cost": 150, "final_distance_cost": 92.62146021467976, "oscillation_cost": 100.00916443706429, "completition_cost": 666.6666666666667, "overshoot_cost": 78.28259339886266, "power_cost": 30.52866961669922, "noise_cost": 26.38925795117703, "n_waypoints_completed": 3, "tot_waypoints": 9}}
{"target": -946.472856454214, "params": {"k_pid_pos": [0.1279485523700714, 0.003138244152069092, 0.04243150353431702], "k_pid_alt": [0.0, 0.9998950362205505, 0.939065158367157], "k_pid_att": [100.0, 9.999999747378752e-05, 0.9971889853477478], "k_pid_yaw": [0.5, 1e-06, 0.1], "k_pid_hsp": [9.926717758178711, 0.9547770023345947, 0.01607149839401245], "k_pid_vsp": [398.7859191894531, 396.87628173828125, 8.426738739013672]}, "datetime": {"datetime": "2025-08-13 16:06:51", "elapsed": 22739.922868967056, "delta": 30.811967611312866}, "costs": {"total_cost": 946.472856454214, "time_cost": 150, "final_distance_cost": 45.840854559220695, "oscillation_cost": 79.15201179492404, "completition_cost": 555.5555555555555, "overshoot_cost": 67.2288968867424, "power_cost": 19.519840454101562, "noise_cost": 29.17569720366989, "n_waypoints_completed": 4, "tot_waypoints": 9}}
{"target": -612.9035564577708, "params": {"k_pid_pos": [0.9711837768554688, 0.008642613887786865, 0.023212164640426636], "k_pid_alt": [4.398822784423828e-05, 1.0, 0.9594850540161133], "k_pid_att": [100.0, 9.999999747378752e-05, 0.5635783672332764], "k_pid_yaw": [0.5, 1e-06, 0.1], "k_pid_hsp": [7.420063018798828, 0.9907382130622864, 0.16378194093704224], "k_pid_vsp": [400.0, 391.3641662597656, 18.394460678100586]}, "datetime": {"datetime": "2025-08-13 16:07:16", "elapsed": 22764.385457754135, "delta": 24.462588787078857}, "costs": {"total_cost": 612.9035564577708, "time_cost": 97.685, "final_distance_cost": 1.7776658980649673, "oscillation_cost": 382.6583317499972, "completition_cost": 0.0, "overshoot_cost": 68.84032733493203, "power_cost": 35.63243979492188, "noise_cost": 26.30979167985471, "n_waypoints_completed": 9, "tot_waypoints": 9}}
{"target": -1612.006390401484, "params": {"k_pid_pos": [0.10037604719400406, 0.5821349024772644, 0.6116605401039124], "k_pid_alt": [1.877253532409668, 0.9996334314346313, 0.4510260224342346], "k_pid_att": [100.0, 9.999999747378752e-05, 0.9914757013320923], "k_pid_yaw": [0.5, 1e-06, 0.1], "k_pid_hsp": [9.4857759475708, 0.7721338272094727, 0.10777443647384644], "k_pid_vsp": [400.0, 393.5906982421875, 1.2324581146240234]}, "datetime": {"datetime": "2025-08-13 16:07:46", "elapsed": 22794.727415561676, "delta": 30.341957807540894}, "costs": {"total_cost": 1612.006390401484, "time_cost": 150, "final_distance_cost": 60.7520789695176, "oscillation_cost": 634.8830756366907, "completition_cost": 666.6666666666667, "overshoot_cost": 46.82619679588253, "power_cost": 25.848310168457033, "noise_cost": 27.03006216426925, "n_waypoints_completed": 3, "tot_waypoints": 9}}
