{"target": -1149.5148195767483, "params": {"k_pid_pos": [0.16504479944705963, 0.7062244415283203, 0.7630822658538818], "k_pid_alt": [0.0, 1.0, 0.8205365538597107], "k_pid_att": [18.118852615356445, 0.04562140256166458, 0.9291616082191467], "k_pid_yaw": [0.5, 1e-06, 0.1], "k_pid_hsp": [9.581442832946777, 0.8824448585510254, 0.0284862220287323], "k_pid_vsp": [11.924230575561523, 343.0185852050781, 4.724849224090576]}, "datetime": {"datetime": "2025-08-13 13:46:28", "elapsed": 14316.884341955185, "delta": 30.362278938293457}, "costs": {"total_cost": 1149.5148195767483, "time_cost": 150, "final_distance_cost": 51.969858830964675, "oscillation_cost": 155.58655146768717, "completition_cost": 666.6666666666667, "overshoot_cost": 58.32336996711541, "power_cost": 34.007742456054686, "noise_cost": 32.960630188259444, "n_waypoints_completed": 3, "tot_waypoints": 9}}
{"target": -975.1355465082545, "params": {"k_pid_pos": [0.2840207517147064, 0.812109649181366, 0.058910369873046875], "k_pid_alt": [0.0005462169647216797, 1.0, 0.6618714928627014], "k_pid_att": [99.99998474121094, 9.999999747378752e-05, 0.984952986240387], "k_pid_yaw": [0.5, 1e-06, 0.1], "k_pid_hsp": [7.756155490875244, 0.6109997034072876, 0.018734395503997803], "k_pid_vsp": [119.07384490966797, 292.52459716796875, 24.37616729736328]}, "datetime": {"datetime": "2025-08-13 13:46:58", "elapsed": 14346.971241950989, "delta": 30.086899995803833}, "costs": {"total_cost": 975.1355465082545, "time_cost": 150, "final_distance_cost": 46.98996731069595, "oscillation_cost": 100.85581466076437, "completition_cost": 555.5555555555555, "overshoot_cost": 61.482862498100076, "power_cost": 30.18353045654297, "noise_cost": 30.06781602659566, "n_waypoints_completed": 4, "tot_waypoints": 9}}
{"target": -1454.0344331637725, "params": {"k_pid_pos": [0.01263816375285387, 0.7472279071807861, 0.1482488512992859], "k_pid_alt": [7.56978988647461e-05, 0.9999961853027344, 0.8723117709159851], "k_pid_att": [99.99616241455078, 6.4541707038879395, 0.8654611110687256], "k_pid_yaw": [0.5, 1e-06, 0.1], "k_pid_hsp": [9.775130271911621, 0.9624394178390503, 0.04809406399726868], "k_pid_vsp": [399.6650085449219, 187.00967407226562, 20.73617172241211]}, "datetime": {"datetime": "2025-08-13 13:47:32", "elapsed": 14380.598482847214, "delta": 33.627240896224976}, "costs": {"total_cost": 1454.0344331637725, "time_cost": 150, "final_distance_cost": 60.45775230019026, "oscillation_cost": 136.23456334549405, "completition_cost": 1000.0, "overshoot_cost": 44.59640912595562, "power_cost": 33.49226910400391, "noise_cost": 29.25343928812867, "n_waypoints_completed": 0, "tot_waypoints": 9}}
{"target": -781.152463156048, "params": {"k_pid_pos": [0.49450984597206116, 0.6691754460334778, 0.08023560047149658], "k_pid_alt": [0.0, 1.0, 0.6914023756980896], "k_pid_att": [100.0, 0.00010059603664558381, 0.8449405431747437], "k_pid_yaw": [0.5, 1e-06, 0.1], "k_pid_hsp": [9.508305549621582, 0.9095501899719238, 0.013277649879455566], "k_pid_vsp": [399.97100830078125, 311.7281799316406, 32.26240921020508]}, "datetime": {"datetime": "2025-08-13 13:48:09", "elapsed": 14418.039353609085, "delta": 37.44087076187134}, "costs": {"total_cost": 781.152463156048, "time_cost": 150, "final_distance_cost": 75.04313668637994, "oscillation_cost": 95.89004586035185, "completition_cost": 333.33333333333337, "overshoot_cost": 59.77429955466369, "power_cost": 35.13450102539063, "noise_cost": 31.977146695928592, "n_waypoints_completed": 6, "tot_waypoints": 9}}
{"target": -358.27836523787744, "params": {"k_pid_pos": [0.6764492392539978, 0.09829819202423096, 0.07683014869689941], "k_pid_alt": [0.0, 1.0, 0.9775334596633911], "k_pid_att": [99.99996948242188, 9.999999747378752e-05, 0.9270870685577393], "k_pid_yaw": [0.5, 1e-06, 0.1], "k_pid_hsp": [7.130120754241943, 0.9577136039733887, 0.006689190864562988], "k_pid_vsp": [0.7297754287719727, 341.7074890136719, 5.862606525421143]}, "datetime": {"datetime": "2025-08-13 13:48:38", "elapsed": 14446.504264593124, "delta": 28.464910984039307}, "costs": {"total_cost": 358.27836523787744, "time_cost": 106.834, "final_distance_cost": 1.800884752717126, "oscillation_cost": 132.05404464032918, "completition_cost": 0.0, "overshoot_cost": 65.75596399441059, "power_cost": 28.43849617919922, "noise_cost": 23.394975671221356, "n_waypoints_completed": 9, "tot_waypoints": 9}}
{"target": -516.452198547656, "params": {"k_pid_pos": [0.5120830535888672, 0.569100558757782, 0.33095425367355347], "k_pid_alt": [0.0, 0.9995145797729492, 0.645041286945343], "k_pid_att": [99.99993896484375, 9.999999046325684, 0.9720582962036133], "k_pid_yaw": [0.5, 1e-06, 0.1], "k_pid_hsp": [8.980171203613281, 0.9539852738380432, 0.013719707727432251], "k_pid_vsp": [400.0, 377.4383850097656, 2.4113664627075195]}, "datetime": {"datetime": "2025-08-13 13:49:09", "elapsed": 14477.830440044403, "delta": 31.326175451278687}, "costs": {"total_cost": 516.452198547656, "time_cost": 150, "final_distance_cost": 8.351458386807742, "oscillation_cost": 111.44866557621724, "completition_cost": 111.11111111111116, "overshoot_cost": 69.38958737651453, "power_cost": 33.04807266845703, "noise_cost": 33.10330342854836, "n_waypoints_completed": 8, "tot_waypoints": 9}}
{"target": -1936.3418298888762, "params": {"k_pid_pos": [0.07344235479831696, 0.040355831384658813, 0.5434385538101196], "k_pid_alt": [0.006250739097595215, 1.0, 0.5720807909965515], "k_pid_att": [100.0, 9.999924659729004, 0.8784911632537842], "k_pid_yaw": [0.5, 1e-06, 0.1], "k_pid_hsp": [9.363106727600098, 0.8935961723327637, 0.36143529415130615], "k_pid_vsp": [399.99981689453125, 370.60858154296875, 4.162193298339844]}, "datetime": {"datetime": "2025-08-13 13:49:41", "elapsed": 14509.57756948471, "delta": 31.747129440307617}, "costs": {"total_cost": 1936.3418298888762, "time_cost": 150, "final_distance_cost": 87.8446652493098, "oscillation_cost": 789.5037320378284, "completition_cost": 777.7777777777778, "overshoot_cost": 72.22806895066878, "power_cost": 31.222754028320313, "noise_cost": 27.76483184497091, "n_waypoints_completed": 2, "tot_waypoints": 9}}
{"target": -4520.241289891351, "params": {"k_pid_pos": [0.37683650851249695, 0.21683302521705627, 0.1271686553955078], "k_pid_alt": [0.03162926435470581, 7.987022399902344e-06, 0.28895241022109985], "k_pid_att": [0.018841028213500977, 10.0, 0.9551608562469482], "k_pid_yaw": [0.5, 1e-06, 0.1], "k_pid_hsp": [8.898365020751953, 0.9420034885406494, 0.19296559691429138], "k_pid_vsp": [400.0, 205.4738311767578, 15.18609619140625]}, "datetime": {"datetime": "2025-08-13 13:50:12", "elapsed": 14540.42895102501, "delta": 30.851381540298462}, "costs": {"total_cost": 4520.241289891351, "time_cost": 150, "final_distance_cost": 184.69079223693873, "oscillation_cost": 2077.3425756536094, "completition_cost": 1000.0, "overshoot_cost": 903.5802858516967, "power_cost": 58.49691697998047, "noise_cost": 146.1307191691261, "n_waypoints_completed": 0, "tot_waypoints": 9}}
{"target": -789.4869266182811, "params": {"k_pid_pos": [1.5394062995910645, 0.7283077239990234, 0.42830321192741394], "k_pid_alt": [0.4329259395599365, 0.9999997615814209, 0.9563562870025635], "k_pid_att": [100.0, 0.5115617513656616, 0.9938925504684448], "k_pid_yaw": [0.5, 1e-06, 0.1], "k_pid_hsp": [8.953375816345215, 0.9115948677062988, 0.01338726282119751], "k_pid_vsp": [0.0, 393.8174743652344, 38.88003921508789]}, "datetime": {"datetime": "2025-08-13 13:50:43", "elapsed": 14571.437141180038, "delta": 31.008190155029297}, "costs": {"total_cost": 789.4869266182811, "time_cost": 150, "final_distance_cost": 69.47314683530742, "oscillation_cost": 219.48031203169882, "completition_cost": 222.2222222222222, "overshoot_cost": 63.669189441784255, "power_cost": 35.21099498291016, "noise_cost": 29.43106110435831, "n_waypoints_completed": 7, "tot_waypoints": 9}}
{"target": -1422.184332103728, "params": {"k_pid_pos": [0.07245981693267822, 0.8352897763252258, 0.07557463645935059], "k_pid_alt": [0.0, 1.0, 0.9356467723846436], "k_pid_att": [100.0, 10.0, 0.9283216595649719], "k_pid_yaw": [0.5, 1e-06, 0.1], "k_pid_hsp": [9.533661842346191, 0.9354130625724792, 0.004826754331588745], "k_pid_vsp": [398.8961486816406, 324.8723449707031, 2.0128378868103027]}, "datetime": {"datetime": "2025-08-13 13:51:15", "elapsed": 14603.427989721298, "delta": 31.990848541259766}, "costs": {"total_cost": 1422.184332103728, "time_cost": 150, "final_distance_cost": 58.57911901513161, "oscillation_cost": 101.15155456439646, "completition_cost": 1000.0, "overshoot_cost": 44.965561684297235, "power_cost": 34.02364157714844, "noise_cost": 33.464455262754214, "n_waypoints_completed": 0, "tot_waypoints": 9}}
{"target": -1551.9568651101515, "params": {"k_pid_pos": [0.4172493517398834, 0.7947056293487549, 0.17178750038146973], "k_pid_alt": [1.0728836059570312e-06, 7.319450378417969e-05, 0.8436676263809204], "k_pid_att": [1.8680423498153687, 0.00010029802069766447, 0.8134701251983643], "k_pid_yaw": [0.5, 1e-06, 0.1], "k_pid_hsp": [9.122426986694336, 0.7328507304191589, 0.014351606369018555], "k_pid_vsp": [323.63873291015625, 377.8214111328125, 9.109188079833984]}, "datetime": {"datetime": "2025-08-13 13:51:46", "elapsed": 14634.992782115936, "delta": 31.56479239463806}, "costs": {"total_cost": 1551.9568651101515, "time_cost": 150, "final_distance_cost": 11.153184275142914, "oscillation_cost": 54.47211146055271, "completition_cost": 1000.0, "overshoot_cost": 164.71924154140171, "power_cost": 26.536782836914064, "noise_cost": 145.07554499614034, "n_waypoints_completed": 0, "tot_waypoints": 9}}
{"target": -517.775169322946, "params": {"k_pid_pos": [1.3486824035644531, 0.608679473400116, 0.04212522506713867], "k_pid_alt": [1.9999014139175415, 0.36526164412498474, 0.9631466865539551], "k_pid_att": [99.99574279785156, 9.989385604858398, 0.9490534663200378], "k_pid_yaw": [0.5, 1e-06, 0.1], "k_pid_hsp": [7.632888317108154, 0.9216204881668091, 0.0132007896900177], "k_pid_vsp": [41.19496154785156, 373.039306640625, 12.768746376037598]}, "datetime": {"datetime": "2025-08-13 13:52:20", "elapsed": 14669.099058151245, "delta": 34.10627603530884}, "costs": {"total_cost": 517.775169322946, "time_cost": 150, "final_distance_cost": 44.94822182999763, "oscillation_cost": 99.45812998348742, "completition_cost": 111.11111111111116, "overshoot_cost": 55.29879784437094, "power_cost": 27.105689587402345, "noise_cost": 29.853218966576488, "n_waypoints_completed": 8, "tot_waypoints": 9}}
{"target": -1086.704907172424, "params": {"k_pid_pos": [0.4769640266895294, 0.21107909083366394, 0.8814738392829895], "k_pid_alt": [3.5643577575683594e-05, 1.0, 0.9541454315185547], "k_pid_att": [100.0, 9.965631484985352, 0.8057894110679626], "k_pid_yaw": [0.5, 1e-06, 0.1], "k_pid_hsp": [9.853388786315918, 0.81297767162323, 0.0239427387714386], "k_pid_vsp": [399.9998474121094, 395.2628479003906, 133.23451232910156]}, "datetime": {"datetime": "2025-08-13 13:52:55", "elapsed": 14703.138952732086, "delta": 34.039894580841064}, "costs": {"total_cost": 1086.704907172424, "time_cost": 150, "final_distance_cost": 64.9106302437126, "oscillation_cost": 516.2626570790992, "completition_cost": 222.2222222222222, "overshoot_cost": 61.78820499224444, "power_cost": 42.04692406005859, "noise_cost": 29.474268575087194, "n_waypoints_completed": 7, "tot_waypoints": 9}}
{"target": -1048.5619449656463, "params": {"k_pid_pos": [0.28739693760871887, 0.28679293394088745, 0.19656109809875488], "k_pid_alt": [0.0, 0.9998108148574829, 0.9160969257354736], "k_pid_att": [99.96824645996094, 9.999999747378752e-05, 0.9242295026779175], "k_pid_yaw": [0.5, 1e-06, 0.1], "k_pid_hsp": [7.50014591217041, 0.8387247323989868, 0.05915394425392151], "k_pid_vsp": [399.9996337890625, 380.29486083984375, 1.5465030670166016]}, "datetime": {"datetime": "2025-08-13 13:53:30", "elapsed": 14738.374205350876, "delta": 35.23525261878967}, "costs": {"total_cost": 1048.5619449656463, "time_cost": 150, "final_distance_cost": 74.34564132574044, "oscillation_cost": 368.8089479141486, "completition_cost": 333.33333333333337, "overshoot_cost": 60.93052084646166, "power_cost": 30.27434024658203, "noise_cost": 30.8691612993801, "n_waypoints_completed": 6, "tot_waypoints": 9}}
{"target": -1316.0834124437806, "params": {"k_pid_pos": [1.366328239440918, 0.8447622060775757, 0.06950026750564575], "k_pid_alt": [0.0002906918525695801, 1.0, 0.8218358159065247], "k_pid_att": [99.9993896484375, 0.00010149009904125705, 0.8315545916557312], "k_pid_yaw": [0.5, 1e-06, 0.1], "k_pid_hsp": [3.7125415802001953, 0.8896068334579468, 0.022077351808547974], "k_pid_vsp": [400.0, 385.8985595703125, 16.61150550842285]}, "datetime": {"datetime": "2025-08-13 13:54:05", "elapsed": 14774.065901994705, "delta": 35.691696643829346}, "costs": {"total_cost": 1316.0834124437806, "time_cost": 150, "final_distance_cost": 82.04861062734759, "oscillation_cost": 82.35291510902593, "completition_cost": 888.8888888888888, "overshoot_cost": 48.31418638675873, "power_cost": 33.81319041748047, "noise_cost": 30.66562101427926, "n_waypoints_completed": 1, "tot_waypoints": 9}}
{"target": -2057.5688614355663, "params": {"k_pid_pos": [0.17770712077617645, 0.493336021900177, 0.41188785433769226], "k_pid_alt": [2.384185791015625e-07, 0.0018250346183776855, 0.849226176738739], "k_pid_att": [100.0, 9.999999747378752e-05, 0.8420480489730835], "k_pid_yaw": [0.5, 1e-06, 0.1], "k_pid_hsp": [9.784031867980957, 0.9561201333999634, 0.4400166869163513], "k_pid_vsp": [399.8619079589844, 395.53759765625, 5.751849174499512]}, "datetime": {"datetime": "2025-08-13 13:54:41", "elapsed": 14809.511048078537, "delta": 35.44514608383179}, "costs": {"total_cost": 2057.5688614355663, "time_cost": 150, "final_distance_cost": 8.279522988446972, "oscillation_cost": 637.34969708912, "completition_cost": 1000.0, "overshoot_cost": 154.30429250678566, "power_cost": 39.76462783203125, "noise_cost": 67.87072101918243, "n_waypoints_completed": 0, "tot_waypoints": 9}}
{"target": -1060.647605900115, "params": {"k_pid_pos": [0.10893639177083969, 0.23559975624084473, 0.0504700243473053], "k_pid_alt": [0.000670015811920166, 0.999985933303833, 0.9058289527893066], "k_pid_att": [12.701934814453125, 9.999999747378752e-05, 0.7919121980667114], "k_pid_yaw": [0.5, 1e-06, 0.1], "k_pid_hsp": [9.384000778198242, 0.9523497819900513, 0.08447742462158203], "k_pid_vsp": [399.8521423339844, 398.1274719238281, 5.8613786697387695]}, "datetime": {"datetime": "2025-08-13 13:55:16", "elapsed": 14844.20406627655, "delta": 34.693018198013306}, "costs": {"total_cost": 1060.647605900115, "time_cost": 150, "final_distance_cost": 54.10497615705015, "oscillation_cost": 74.66441676140755, "completition_cost": 666.6666666666667, "overshoot_cost": 61.25164960641283, "power_cost": 23.783352563476562, "noise_cost": 30.176544145101055, "n_waypoints_completed": 3, "tot_waypoints": 9}}
{"target": -1079.4298162325922, "params": {"k_pid_pos": [0.9039033055305481, 0.895845890045166, 0.022142529487609863], "k_pid_alt": [1.961159348487854, 0.9971188306808472, 0.7700115442276001], "k_pid_att": [100.0, 9.999999747378752e-05, 0.8635423183441162], "k_pid_yaw": [0.5, 1e-06, 0.1], "k_pid_hsp": [9.77704906463623, 0.9848660826683044, 0.22424548864364624], "k_pid_vsp": [24.293315887451172, 316.6894226074219, 26.19886589050293]}, "datetime": {"datetime": "2025-08-13 13:55:55", "elapsed": 14883.829242944717, "delta": 39.625176668167114}, "costs": {"total_cost": 1079.4298162325922, "time_cost": 150, "final_distance_cost": 49.425452038052136, "oscillation_cost": 171.2723536267812, "completition_cost": 555.5555555555555, "overshoot_cost": 72.667473109655, "power_cost": 45.9971605834961, "noise_cost": 34.511821319052046, "n_waypoints_completed": 4, "tot_waypoints": 9}}
{"target": -1629.5016331275274, "params": {"k_pid_pos": [0.9305295944213867, 0.9267305135726929, 0.17032331228256226], "k_pid_alt": [1.9669532775878906e-06, 3.0100345611572266e-06, 0.797386646270752], "k_pid_att": [0.0602036714553833, 9.999999747378752e-05, 0.9702099561691284], "k_pid_yaw": [0.5, 1e-06, 0.1], "k_pid_hsp": [9.622808456420898, 0.9208388328552246, 0.16138261556625366], "k_pid_vsp": [400.0, 392.054443359375, 11.627889633178711]}, "datetime": {"datetime": "2025-08-13 13:56:36", "elapsed": 14924.227296352386, "delta": 40.39805340766907}, "costs": {"total_cost": 1629.5016331275274, "time_cost": 150, "final_distance_cost": 16.895173239338973, "oscillation_cost": 14.498192675170298, "completition_cost": 1000.0, "overshoot_cost": 284.8700620007484, "power_cost": 16.793798828125002, "noise_cost": 146.44440638414443, "n_waypoints_completed": 0, "tot_waypoints": 9}}
{"target": -1422.7782181848952, "params": {"k_pid_pos": [0.38266631960868835, 0.5424246788024902, 0.1016126275062561], "k_pid_alt": [5.960464477539063e-08, 0.008675873279571533, 0.7313330173492432], "k_pid_att": [99.32278442382812, 0.0010381677420809865, 0.9350271224975586], "k_pid_yaw": [0.5, 1e-06, 0.1], "k_pid_hsp": [9.890399932861328, 0.7153406143188477, 0.05505025386810303], "k_pid_vsp": [399.723388671875, 395.77020263671875, 3.7936577796936035]}, "datetime": {"datetime": "2025-08-13 13:57:14", "elapsed": 14962.618322849274, "delta": 38.39102649688721}, "costs": {"total_cost": 1422.7782181848952, "time_cost": 150, "final_distance_cost": 26.879174422585116, "oscillation_cost": 58.69595673645588, "completition_cost": 1000.0, "overshoot_cost": 115.78961250587551, "power_cost": 31.968568688964844, "noise_cost": 39.44490583101369, "n_waypoints_completed": 0, "tot_waypoints": 9}}
{"target": -1576.422981226455, "params": {"k_pid_pos": [0.41467157006263733, 0.6162598729133606, 0.46547964215278625], "k_pid_alt": [0.0, 1.0, 0.8250647783279419], "k_pid_att": [100.0, 9.999999747378752e-05, 0.8134067058563232], "k_pid_yaw": [0.5, 1e-06, 0.1], "k_pid_hsp": [7.233965873718262, 0.8980291485786438, 0.3576798141002655], "k_pid_vsp": [399.9976501464844, 385.6712951660156, 5.298102855682373]}, "datetime": {"datetime": "2025-08-13 13:57:46", "elapsed": 14994.752936601639, "delta": 32.13461375236511}, "costs": {"total_cost": 1576.422981226455, "time_cost": 150, "final_distance_cost": 52.53485208571044, "oscillation_cost": 585.0643564621681, "completition_cost": 666.6666666666667, "overshoot_cost": 58.81362765613327, "power_cost": 32.40283895263672, "noise_cost": 30.940639403139688, "n_waypoints_completed": 3, "tot_waypoints": 9}}
{"target": -2482.9974293088203, "params": {"k_pid_pos": [0.20006978511810303, 0.08809429407119751, 0.5242434144020081], "k_pid_alt": [6.496906280517578e-06, 1.0, 0.8254655599594116], "k_pid_att": [100.0, 4.331884860992432, 0.850516676902771], "k_pid_yaw": [0.5, 1e-06, 0.1], "k_pid_hsp": [9.160202026367188, 0.8985440731048584, 0.009443402290344238], "k_pid_vsp": [400.0, 385.4147033691406, 1.5025625228881836]}, "datetime": {"datetime": "2025-08-13 13:58:20", "elapsed": 15028.715186834335, "delta": 33.96225023269653}, "costs": {"total_cost": 2482.9974293088203, "time_cost": 150, "final_distance_cost": 302.2764961750384, "oscillation_cost": 765.4422521131878, "completition_cost": 888.8888888888888, "overshoot_cost": 321.00166105925894, "power_cost": 27.863897875976562, "noise_cost": 27.524233196470192, "n_waypoints_completed": 1, "tot_waypoints": 9}}
{"target": -1143.8699119216458, "params": {"k_pid_pos": [0.2158404439687729, 0.367789626121521, 0.022040367126464844], "k_pid_alt": [1.9997762441635132, 1.0, 0.9715445041656494], "k_pid_att": [99.72442626953125, 9.999926567077637, 0.8849414587020874], "k_pid_yaw": [0.5, 1e-06, 0.1], "k_pid_hsp": [9.020109176635742, 0.9543985724449158, 0.06972533464431763], "k_pid_vsp": [21.4691162109375, 387.57476806640625, 7.587493419647217]}, "datetime": {"datetime": "2025-08-13 13:58:52", "elapsed": 15060.598753929138, "delta": 31.883567094802856}, "costs": {"total_cost": 1143.8699119216458, "time_cost": 150, "final_distance_cost": 73.93974037880558, "oscillation_cost": 348.0652018769712, "completition_cost": 444.4444444444444, "overshoot_cost": 74.01470261203164, "power_cost": 27.658198059082032, "noise_cost": 25.74762455031097, "n_waypoints_completed": 5, "tot_waypoints": 9}}
{"target": -2276.466605820877, "params": {"k_pid_pos": [1.5437337160110474, 0.24753296375274658, 0.48307856917381287], "k_pid_alt": [0.0, 6.67273998260498e-05, 0.8346306085586548], "k_pid_att": [100.0, 0.00010029802069766447, 0.8915935754776001], "k_pid_yaw": [0.5, 1e-06, 0.1], "k_pid_hsp": [9.54045295715332, 0.832497239112854, 0.094149649143219], "k_pid_vsp": [400.0, 373.7735595703125, 12.073554039001465]}, "datetime": {"datetime": "2025-08-13 13:59:28", "elapsed": 15097.078669548035, "delta": 36.479915618896484}, "costs": {"total_cost": 2276.466605820877, "time_cost": 150, "final_distance_cost": 0.6627292692242511, "oscillation_cost": 801.4664166619878, "completition_cost": 1000.0, "overshoot_cost": 162.5734870372537, "power_cost": 34.273884277343754, "noise_cost": 127.49008857506693, "n_waypoints_completed": 0, "tot_waypoints": 9}}
{"target": -687.7252304446806, "params": {"k_pid_pos": [0.7037653923034668, 0.45413923263549805, 0.10517102479934692], "k_pid_alt": [0.0002486109733581543, 0.9999286532402039, 0.8871603608131409], "k_pid_att": [100.0, 1.7201966047286987, 0.8791041374206543], "k_pid_yaw": [0.5, 1e-06, 0.1], "k_pid_hsp": [8.314523696899414, 0.9161684513092041, 0.09708806872367859], "k_pid_vsp": [399.9992980957031, 389.8759765625, 18.44291877746582]}, "datetime": {"datetime": "2025-08-13 13:59:58", "elapsed": 15126.919095993042, "delta": 29.840426445007324}, "costs": {"total_cost": 687.7252304446806, "time_cost": 114.793, "final_distance_cost": 1.7893365761096134, "oscillation_cost": 442.4214899595816, "completition_cost": 0.0, "overshoot_cost": 67.69050591043455, "power_cost": 33.180981799316406, "noise_cost": 27.849916199238315, "n_waypoints_completed": 9, "tot_waypoints": 9}}
