{"target": -1194.6080613737338, "params": {"k_pid_pos": [0.04805758595466614, 0.013236701488494873, 0.019342780113220215], "k_pid_alt": [0.0, 0.9999977946281433, 0.9523390531539917], "k_pid_att": [94.83739471435547, 0.00023112891358323395, 0.9543389081954956], "k_pid_yaw": [0.5, 1e-06, 0.1], "k_pid_hsp": [9.62750244140625, 0.968091607093811, 0.005900919437408447], "k_pid_vsp": [399.99993896484375, 393.3546142578125, 8.391691207885742]}, "datetime": {"datetime": "2025-08-13 18:50:36", "elapsed": 32564.55001974106, "delta": 30.03080439567566}, "costs": {"total_cost": 1194.6080613737338, "time_cost": 150, "final_distance_cost": 92.84510379515187, "oscillation_cost": 40.38569938302473, "completition_cost": 777.7777777777778, "overshoot_cost": 73.92267533715145, "power_cost": 30.367652697753908, "noise_cost": 29.3091523828737, "n_waypoints_completed": 2, "tot_waypoints": 9}}
{"target": -1075.2812746393734, "params": {"k_pid_pos": [0.1686851531267166, 0.00958302617073059, 0.01364123821258545], "k_pid_alt": [0.0, 0.9999998807907104, 0.9178597927093506], "k_pid_att": [100.0, 9.999999747378752e-05, 0.9487632513046265], "k_pid_yaw": [0.5, 1e-06, 0.1], "k_pid_hsp": [9.720498085021973, 0.9686670303344727, 0.062877357006073], "k_pid_vsp": [0.09366273880004883, 394.2386169433594, 4.040885925292969]}, "datetime": {"datetime": "2025-08-13 18:51:06", "elapsed": 32594.300985097885, "delta": 29.750965356826782}, "costs": {"total_cost": 1075.2812746393734, "time_cost": 150, "final_distance_cost": 45.16202692150369, "oscillation_cost": 312.6276398659358, "completition_cost": 444.4444444444444, "overshoot_cost": 67.07882907497614, "power_cost": 29.195256567382813, "noise_cost": 26.773077765130424, "n_waypoints_completed": 5, "tot_waypoints": 9}}
{"target": -322.2347854545453, "params": {"k_pid_pos": [0.23787929117679596, 0.029655277729034424, 0.014909803867340088], "k_pid_alt": [1.2990573644638062, 0.9949407577514648, 0.9848791360855103], "k_pid_att": [100.0, 0.00010029802069766447, 0.9694319367408752], "k_pid_yaw": [0.5, 1e-06, 0.1], "k_pid_hsp": [9.633382797241211, 0.994218647480011, 0.019519686698913574], "k_pid_vsp": [400.0, 393.5297546386719, 17.70404815673828]}, "datetime": {"datetime": "2025-08-13 18:51:32", "elapsed": 32620.62659549713, "delta": 26.325610399246216}, "costs": {"total_cost": 322.2347854545453, "time_cost": 108.122, "final_distance_cost": 1.8239143926330295, "oscillation_cost": 106.98740995855553, "completition_cost": 0.0, "overshoot_cost": 59.605622247582524, "power_cost": 20.02716794433594, "noise_cost": 25.6686709114383, "n_waypoints_completed": 9, "tot_waypoints": 9}}
{"target": -1226.4434730662385, "params": {"k_pid_pos": [0.033268626779317856, 0.03910711407661438, 0.012993931770324707], "k_pid_alt": [0.0007131695747375488, 1.0, 0.9271227121353149], "k_pid_att": [100.0, 9.999999747378752e-05, 0.8846690654754639], "k_pid_yaw": [0.5, 1e-06, 0.1], "k_pid_hsp": [9.191978454589844, 0.996218204498291, 0.03628510236740112], "k_pid_vsp": [399.99993896484375, 392.1002502441406, 6.3465962409973145]}, "datetime": {"datetime": "2025-08-13 18:52:01", "elapsed": 32649.17354130745, "delta": 28.546945810317993}, "costs": {"total_cost": 1226.4434730662385, "time_cost": 150, "final_distance_cost": 91.0040403435949, "oscillation_cost": 76.02410305029271, "completition_cost": 777.7777777777778, "overshoot_cost": 78.21927877864358, "power_cost": 24.47690565185547, "noise_cost": 28.941367464073867, "n_waypoints_completed": 2, "tot_waypoints": 9}}
{"target": -1921.5407644328916, "params": {"k_pid_pos": [0.17247432470321655, 0.1232692301273346, 0.009946376085281372], "k_pid_alt": [0.2047954797744751, 1.0, 0.9622765183448792], "k_pid_att": [100.0, 5.261929988861084, 0.9953648447990417], "k_pid_yaw": [0.5, 1e-06, 0.1], "k_pid_hsp": [9.964179992675781, 0.8388878107070923, 0.016594648361206055], "k_pid_vsp": [400.0, 387.8896179199219, 3.462756633758545]}, "datetime": {"datetime": "2025-08-13 18:52:30", "elapsed": 32678.301154136658, "delta": 29.127612829208374}, "costs": {"total_cost": 1921.5407644328916, "time_cost": 150, "final_distance_cost": 487.06496066640534, "oscillation_cost": 332.0204570921135, "completition_cost": 555.5555555555555, "overshoot_cost": 345.53364051912746, "power_cost": 21.964538598632814, "noise_cost": 29.40161200105699, "n_waypoints_completed": 4, "tot_waypoints": 9}}
{"target": -871.9674189955969, "params": {"k_pid_pos": [0.18047484755516052, 0.011271774768829346, 0.02575954794883728], "k_pid_alt": [0.8731849789619446, 0.9982832670211792, 0.9764130115509033], "k_pid_att": [100.0, 0.0009901864686980844, 0.9921594858169556], "k_pid_yaw": [0.5, 1e-06, 0.1], "k_pid_hsp": [9.365118980407715, 0.9546095132827759, 0.04271027445793152], "k_pid_vsp": [400.0, 357.4334716796875, 3.9750704765319824]}, "datetime": {"datetime": "2025-08-13 18:52:58", "elapsed": 32706.631191968918, "delta": 28.330037832260132}, "costs": {"total_cost": 871.9674189955969, "time_cost": 150, "final_distance_cost": 70.63892391680865, "oscillation_cost": 316.5695806774587, "completition_cost": 222.2222222222222, "overshoot_cost": 57.21963642117301, "power_cost": 25.399480932617188, "noise_cost": 29.917574825317022, "n_waypoints_completed": 7, "tot_waypoints": 9}}
{"target": -299.59677948967214, "params": {"k_pid_pos": [0.43414852023124695, 0.03993415832519531, 0.0150032639503479], "k_pid_alt": [1.1324882507324219e-06, 1.0, 0.9680417776107788], "k_pid_att": [100.0, 0.0001131128883571364, 0.9892522096633911], "k_pid_yaw": [0.5, 1e-06, 0.1], "k_pid_hsp": [9.62371826171875, 0.9914603233337402, 0.012114137411117554], "k_pid_vsp": [400.0, 341.6278381347656, 11.409581184387207]}, "datetime": {"datetime": "2025-08-13 18:53:23", "elapsed": 32731.97732424736, "delta": 25.346132278442383}, "costs": {"total_cost": 299.59677948967214, "time_cost": 102.781, "final_distance_cost": 1.830592861528382, "oscillation_cost": 75.94604204081278, "completition_cost": 0.0, "overshoot_cost": 65.64590047467482, "power_cost": 27.246389599609376, "noise_cost": 26.1468545130468, "n_waypoints_completed": 9, "tot_waypoints": 9}}
{"target": -1212.490803711265, "params": {"k_pid_pos": [0.0729307308793068, 0.005340099334716797, 0.025226712226867676], "k_pid_alt": [3.337860107421875e-06, 1.0, 0.9684545993804932], "k_pid_att": [100.0, 9.999999747378752e-05, 0.9818594455718994], "k_pid_yaw": [0.5, 1e-06, 0.1], "k_pid_hsp": [9.655599594116211, 0.9748849272727966, 0.03117239475250244], "k_pid_vsp": [399.9739074707031, 390.3991394042969, 14.18209171295166]}, "datetime": {"datetime": "2025-08-13 18:53:52", "elapsed": 32760.870049476624, "delta": 28.892725229263306}, "costs": {"total_cost": 1212.490803711265, "time_cost": 150, "final_distance_cost": 96.74297338523617, "oscillation_cost": 64.15880925571426, "completition_cost": 777.7777777777778, "overshoot_cost": 63.95310043993279, "power_cost": 30.891913696289063, "noise_cost": 28.966229156314885, "n_waypoints_completed": 2, "tot_waypoints": 9}}
{"target": -272.80977834747137, "params": {"k_pid_pos": [0.6968533396720886, 0.06681349873542786, 0.06998652219772339], "k_pid_alt": [1.9568870067596436, 0.9997910261154175, 0.990835428237915], "k_pid_att": [100.0, 4.163365840911865, 0.9585696458816528], "k_pid_yaw": [0.5, 1e-06, 0.1], "k_pid_hsp": [9.811083793640137, 0.9747222661972046, 0.012693554162979126], "k_pid_vsp": [399.85498046875, 397.6383056640625, 4.731667995452881]}, "datetime": {"datetime": "2025-08-13 18:54:13", "elapsed": 32781.80117750168, "delta": 20.93112802505493}, "costs": {"total_cost": 272.80977834747137, "time_cost": 86.345, "final_distance_cost": 1.8074423436293883, "oscillation_cost": 78.73517433966285, "completition_cost": 0.0, "overshoot_cost": 55.32756944926729, "power_cost": 25.169283410644532, "noise_cost": 25.425308804267292, "n_waypoints_completed": 9, "tot_waypoints": 9}}
{"target": -335.61208592088286, "params": {"k_pid_pos": [0.4933917820453644, 0.02324765920639038, 0.015983879566192627], "k_pid_alt": [1.9747314453125, 1.0, 0.9919451475143433], "k_pid_att": [99.99600982666016, 9.999999747378752e-05, 0.993519127368927], "k_pid_yaw": [0.5, 1e-06, 0.1], "k_pid_hsp": [9.907870292663574, 0.7939767837524414, 0.04780375957489014], "k_pid_vsp": [399.9998779296875, 368.5501708984375, 22.360029220581055]}, "datetime": {"datetime": "2025-08-13 18:54:34", "elapsed": 32802.185029268265, "delta": 20.383851766586304}, "costs": {"total_cost": 335.61208592088286, "time_cost": 86.996, "final_distance_cost": 1.83487201494174, "oscillation_cost": 146.26915213772324, "completition_cost": 0.0, "overshoot_cost": 53.94608370667047, "power_cost": 24.26914382324219, "noise_cost": 22.296834238305216, "n_waypoints_completed": 9, "tot_waypoints": 9}}
{"target": -519.0129040444879, "params": {"k_pid_pos": [0.2592350244522095, 0.031874120235443115, 0.06065261363983154], "k_pid_alt": [0.0, 1.0, 0.6940067410469055], "k_pid_att": [100.0, 9.999999747378752e-05, 0.9802985191345215], "k_pid_yaw": [0.5, 1e-06, 0.1], "k_pid_hsp": [8.275734901428223, 0.9713125228881836, 0.003010571002960205], "k_pid_vsp": [400.0, 362.81072998046875, 16.858366012573242]}, "datetime": {"datetime": "2025-08-13 18:55:02", "elapsed": 32830.79166722298, "delta": 28.606637954711914}, "costs": {"total_cost": 519.0129040444879, "time_cost": 150, "final_distance_cost": 66.9374103328722, "oscillation_cost": 68.55103115398606, "completition_cost": 111.11111111111116, "overshoot_cost": 65.05660899161978, "power_cost": 28.29044951171875, "noise_cost": 29.0662929431799, "n_waypoints_completed": 8, "tot_waypoints": 9}}
{"target": -1211.13065727475, "params": {"k_pid_pos": [0.014309155754745007, 0.03510645031929016, 0.006920665502548218], "k_pid_alt": [0.0, 1.0, 0.914995551109314], "k_pid_att": [100.0, 0.00018582982011139393, 0.9897935390472412], "k_pid_yaw": [0.5, 1e-06, 0.1], "k_pid_hsp": [9.8114013671875, 0.8149323463439941, 0.024670392274856567], "k_pid_vsp": [399.87005615234375, 377.21246337890625, 13.565994262695312]}, "datetime": {"datetime": "2025-08-13 18:55:31", "elapsed": 32859.43981719017, "delta": 28.648149967193604}, "costs": {"total_cost": 1211.13065727475, "time_cost": 150, "final_distance_cost": 83.13996428438305, "oscillation_cost": 50.3341486328986, "completition_cost": 777.7777777777778, "overshoot_cost": 85.91353204053503, "power_cost": 33.668576232910155, "noise_cost": 30.296658306245178, "n_waypoints_completed": 2, "tot_waypoints": 9}}
{"target": -854.0186479104348, "params": {"k_pid_pos": [0.05438603088259697, 0.10216891765594482, 0.013783305883407593], "k_pid_alt": [1.9895110130310059, 0.0013816654682159424, 0.941508412361145], "k_pid_att": [100.0, 0.021680837497115135, 0.9484872817993164], "k_pid_yaw": [0.5, 1e-06, 0.1], "k_pid_hsp": [9.366188049316406, 0.9744054079055786, 0.04435926675796509], "k_pid_vsp": [400.0, 396.0723571777344, 10.744119644165039]}, "datetime": {"datetime": "2025-08-13 18:55:59", "elapsed": 32887.67689228058, "delta": 28.237075090408325}, "costs": {"total_cost": 854.0186479104348, "time_cost": 150, "final_distance_cost": 48.85803410329351, "oscillation_cost": 85.91861856011998, "completition_cost": 444.4444444444444, "overshoot_cost": 70.43949719377987, "power_cost": 26.240878259277345, "noise_cost": 28.117175349519695, "n_waypoints_completed": 5, "tot_waypoints": 9}}
{"target": -1502.2276061306145, "params": {"k_pid_pos": [0.39210912585258484, 0.062272101640701294, 0.011464804410934448], "k_pid_alt": [2.5451183319091797e-05, 0.0, 0.9310376644134521], "k_pid_att": [100.0, 0.00010596040374366567, 0.9914137125015259], "k_pid_yaw": [0.5, 1e-06, 0.1], "k_pid_hsp": [9.698923110961914, 0.9530589580535889, 0.017530858516693115], "k_pid_vsp": [400.0, 397.2509765625, 6.860233306884766]}, "datetime": {"datetime": "2025-08-13 18:56:28", "elapsed": 32916.80737447739, "delta": 29.13048219680786}, "costs": {"total_cost": 1502.2276061306145, "time_cost": 150, "final_distance_cost": 0.930749349336084, "oscillation_cost": 22.143853181344536, "completition_cost": 1000.0, "overshoot_cost": 162.98343674071072, "power_cost": 22.285236853027346, "noise_cost": 143.88433000619594, "n_waypoints_completed": 0, "tot_waypoints": 9}}
{"target": -689.1408645968708, "params": {"k_pid_pos": [0.07540462166070938, 0.11193710565567017, 0.014673233032226562], "k_pid_alt": [1.996140480041504, 1.0, 0.9879381656646729], "k_pid_att": [100.0, 0.0003592776192817837, 0.7040451169013977], "k_pid_yaw": [0.5, 1e-06, 0.1], "k_pid_hsp": [9.667037010192871, 0.9965622425079346, 0.04928585886955261], "k_pid_vsp": [400.0, 392.4706115722656, 2.7539381980895996]}, "datetime": {"datetime": "2025-08-13 18:56:57", "elapsed": 32945.49233675003, "delta": 28.684962272644043}, "costs": {"total_cost": 689.1408645968708, "time_cost": 150, "final_distance_cost": 71.74807129160116, "oscillation_cost": 116.88638325721067, "completition_cost": 222.2222222222222, "overshoot_cost": 65.79661585317722, "power_cost": 31.32061259765625, "noise_cost": 31.166959375003277, "n_waypoints_completed": 7, "tot_waypoints": 9}}
{"target": -959.4114707258045, "params": {"k_pid_pos": [0.2386603057384491, 0.5184386372566223, 0.11561688780784607], "k_pid_alt": [0.0, 1.0, 0.9705730676651001], "k_pid_att": [100.0, 9.999999747378752e-05, 0.96797776222229], "k_pid_yaw": [0.5, 1e-06, 0.1], "k_pid_hsp": [9.58785629272461, 0.9742709398269653, 0.015566736459732056], "k_pid_vsp": [399.99371337890625, 379.2729797363281, 1.7518649101257324]}, "datetime": {"datetime": "2025-08-13 18:57:25", "elapsed": 32973.74251437187, "delta": 28.25017762184143}, "costs": {"total_cost": 959.4114707258045, "time_cost": 150, "final_distance_cost": 52.48722854415412, "oscillation_cost": 204.39836219079325, "completition_cost": 444.4444444444444, "overshoot_cost": 56.45145184558249, "power_cost": 22.929014672851565, "noise_cost": 28.700969027978793, "n_waypoints_completed": 5, "tot_waypoints": 9}}
{"target": -959.4214036832833, "params": {"k_pid_pos": [0.11642999202013016, 0.03475019335746765, 0.04153019189834595], "k_pid_alt": [0.00013148784637451172, 1.0, 0.6994032859802246], "k_pid_att": [99.99998474121094, 9.999999747378752e-05, 0.9956541061401367], "k_pid_yaw": [0.5, 1e-06, 0.1], "k_pid_hsp": [8.421972274780273, 0.8079409599304199, 0.003093898296356201], "k_pid_vsp": [400.0, 378.20306396484375, 32.11281204223633]}, "datetime": {"datetime": "2025-08-13 18:57:54", "elapsed": 33002.405092954636, "delta": 28.662578582763672}, "costs": {"total_cost": 959.4214036832833, "time_cost": 150, "final_distance_cost": 55.49129233926573, "oscillation_cost": 53.343414353570246, "completition_cost": 555.5555555555555, "overshoot_cost": 72.95859598448105, "power_cost": 37.31999467773438, "noise_cost": 34.75255077267634, "n_waypoints_completed": 4, "tot_waypoints": 9}}
{"target": -766.7315417682437, "params": {"k_pid_pos": [0.20502738654613495, 0.023171663284301758, 0.022997677326202393], "k_pid_alt": [0.0, 0.9999996423721313, 0.9734477996826172], "k_pid_att": [100.0, 0.00304235378280282, 0.9945135116577148], "k_pid_yaw": [0.5, 1e-06, 0.1], "k_pid_hsp": [9.7701997756958, 0.9730172157287598, 0.05218973755836487], "k_pid_vsp": [400.0, 383.2115783691406, 1.8516311645507812]}, "datetime": {"datetime": "2025-08-13 18:58:23", "elapsed": 33031.20426630974, "delta": 28.79917335510254}, "costs": {"total_cost": 766.7315417682437, "time_cost": 150, "final_distance_cost": 68.88299807931102, "oscillation_cost": 198.57706232026172, "completition_cost": 222.2222222222222, "overshoot_cost": 67.25858726548734, "power_cost": 28.276484191894532, "noise_cost": 31.51418768906698, "n_waypoints_completed": 7, "tot_waypoints": 9}}
{"target": -1063.3554041824916, "params": {"k_pid_pos": [0.08682721853256226, 0.05959638953208923, 0.009362220764160156], "k_pid_alt": [0.0, 0.9999653100967407, 0.861582338809967], "k_pid_att": [100.0, 9.999999747378752e-05, 0.9434976577758789], "k_pid_yaw": [0.5, 1e-06, 0.1], "k_pid_hsp": [9.64252758026123, 0.9422913193702698, 0.030101120471954346], "k_pid_vsp": [400.0, 396.83642578125, 9.51098346710205]}, "datetime": {"datetime": "2025-08-13 18:58:54", "elapsed": 33062.41382598877, "delta": 31.209559679031372}, "costs": {"total_cost": 1063.3554041824916, "time_cost": 150, "final_distance_cost": 54.82586625422996, "oscillation_cost": 71.11529129875753, "completition_cost": 666.6666666666667, "overshoot_cost": 68.73080454505511, "power_cost": 22.22719991455078, "noise_cost": 29.7895755032314, "n_waypoints_completed": 3, "tot_waypoints": 9}}
{"target": -975.7298748207854, "params": {"k_pid_pos": [0.16363707184791565, 0.09567892551422119, 0.4202998876571655], "k_pid_alt": [0.0, 1.0, 0.9029343128204346], "k_pid_att": [99.99824523925781, 0.00010029802069766447, 0.9869686365127563], "k_pid_yaw": [0.5, 1e-06, 0.1], "k_pid_hsp": [9.862137794494629, 0.955528736114502, 0.00908157229423523], "k_pid_vsp": [400.0, 290.99127197265625, 20.031572341918945]}, "datetime": {"datetime": "2025-08-13 18:59:24", "elapsed": 33092.17640686035, "delta": 29.76258087158203}, "costs": {"total_cost": 975.7298748207854, "time_cost": 150, "final_distance_cost": 38.60232276770323, "oscillation_cost": 95.35144517795769, "completition_cost": 555.5555555555555, "overshoot_cost": 69.59546580225484, "power_cost": 34.69273864746094, "noise_cost": 31.932346869853177, "n_waypoints_completed": 4, "tot_waypoints": 9}}
{"target": -1419.8898830620813, "params": {"k_pid_pos": [0.12585408985614777, 0.011965006589889526, 0.009861499071121216], "k_pid_alt": [5.960464477539063e-08, 0.3590046167373657, 0.9722891449928284], "k_pid_att": [100.0, 9.98021411895752, 0.9782342314720154], "k_pid_yaw": [0.5, 1e-06, 0.1], "k_pid_hsp": [9.942601203918457, 0.9969018697738647, 0.08714938163757324], "k_pid_vsp": [400.0, 379.6418762207031, 21.733964920043945]}, "datetime": {"datetime": "2025-08-13 18:59:53", "elapsed": 33121.79237103462, "delta": 29.61596417427063}, "costs": {"total_cost": 1419.8898830620813, "time_cost": 150, "final_distance_cost": 46.05621214010684, "oscillation_cost": 532.4778015023859, "completition_cost": 555.5555555555555, "overshoot_cost": 70.95229943641843, "power_cost": 35.35439200439453, "noise_cost": 29.493622423220142, "n_waypoints_completed": 4, "tot_waypoints": 9}}
{"target": -1378.026165530872, "params": {"k_pid_pos": [0.12508045136928558, 0.04252174496650696, 0.08759698271751404], "k_pid_alt": [1.0132789611816406e-06, 1.0, 0.9957010746002197], "k_pid_att": [100.0, 9.987749099731445, 0.9852178692817688], "k_pid_yaw": [0.5, 1e-06, 0.1], "k_pid_hsp": [9.844438552856445, 0.8950085639953613, 0.0966138243675232], "k_pid_vsp": [400.0, 399.5274658203125, 26.524938583374023]}, "datetime": {"datetime": "2025-08-13 19:00:23", "elapsed": 33151.43403291702, "delta": 29.641661882400513}, "costs": {"total_cost": 1378.026165530872, "time_cost": 150, "final_distance_cost": 49.1333453135965, "oscillation_cost": 602.8118200430403, "completition_cost": 444.4444444444444, "overshoot_cost": 70.69839783886246, "power_cost": 32.52718963623047, "noise_cost": 28.410968254697757, "n_waypoints_completed": 5, "tot_waypoints": 9}}
{"target": -1115.7782218406974, "params": {"k_pid_pos": [0.03295118734240532, 0.05327144265174866, 0.0352170467376709], "k_pid_alt": [0.007885277271270752, 0.9999998807907104, 0.7561521530151367], "k_pid_att": [100.0, 9.999999747378752e-05, 0.9365725517272949], "k_pid_yaw": [0.5, 1e-06, 0.1], "k_pid_hsp": [9.918286323547363, 0.8061591386795044, 0.023935317993164062], "k_pid_vsp": [400.0, 388.980712890625, 29.496707916259766]}, "datetime": {"datetime": "2025-08-13 19:00:52", "elapsed": 33180.99003648758, "delta": 29.55600357055664}, "costs": {"total_cost": 1115.7782218406974, "time_cost": 150, "final_distance_cost": 77.49886448753333, "oscillation_cost": 64.24981770435446, "completition_cost": 666.6666666666667, "overshoot_cost": 89.04018914151796, "power_cost": 36.99974140625, "noise_cost": 31.322942434374827, "n_waypoints_completed": 3, "tot_waypoints": 9}}
{"target": -673.482623337091, "params": {"k_pid_pos": [0.3927891254425049, 0.41762369871139526, 0.029885530471801758], "k_pid_alt": [0.004863262176513672, 0.9998171329498291, 0.8553903698921204], "k_pid_att": [99.91883087158203, 0.00010596040374366567, 0.9251688122749329], "k_pid_yaw": [0.5, 1e-06, 0.1], "k_pid_hsp": [9.6972074508667, 0.9886993169784546, 0.032395005226135254], "k_pid_vsp": [399.99993896484375, 395.38482666015625, 6.884766578674316]}, "datetime": {"datetime": "2025-08-13 19:01:22", "elapsed": 33210.11600399017, "delta": 29.125967502593994}, "costs": {"total_cost": 673.482623337091, "time_cost": 150, "final_distance_cost": 76.30002340510072, "oscillation_cost": 82.04507834697188, "completition_cost": 222.2222222222222, "overshoot_cost": 66.37545285455721, "power_cost": 41.74394333496094, "noise_cost": 34.79590317327805, "n_waypoints_completed": 7, "tot_waypoints": 9}}
{"target": -954.3636897329528, "params": {"k_pid_pos": [0.12422851473093033, 0.006963491439819336, 0.066112220287323], "k_pid_alt": [1.329183578491211e-05, 1.0, 0.9369597434997559], "k_pid_att": [100.0, 9.999999747378752e-05, 0.9724326729774475], "k_pid_yaw": [0.5, 1e-06, 0.1], "k_pid_hsp": [9.631474494934082, 0.976355254650116, 0.024327605962753296], "k_pid_vsp": [400.0, 396.2821350097656, 4.9693474769592285]}, "datetime": {"datetime": "2025-08-13 19:01:51", "elapsed": 33239.1446120739, "delta": 29.028608083724976}, "costs": {"total_cost": 954.3636897329528, "time_cost": 150, "final_distance_cost": 45.02065689453669, "oscillation_cost": 79.20966037825958, "completition_cost": 555.5555555555555, "overshoot_cost": 68.17227213207507, "power_cost": 24.755120922851564, "noise_cost": 31.65042384967442, "n_waypoints_completed": 4, "tot_waypoints": 9}}
