{"target": -1267.6832534442642, "params": {"k_pid_pos": [0.019589684903621674, 0.007967889308929443, 0.007783710956573486], "k_pid_alt": [0.003026127815246582, 1.0, 0.9709450602531433], "k_pid_att": [100.0, 9.999999747378752e-05, 0.9628115296363831], "k_pid_yaw": [0.5, 1e-06, 0.1], "k_pid_hsp": [9.950618743896484, 0.9756505489349365, 0.01982063055038452], "k_pid_vsp": [400.0, 398.1107482910156, 5.9446940422058105]}, "datetime": {"datetime": "2025-08-14 03:08:29", "elapsed": 62437.65407347679, "delta": 33.36210370063782}, "costs": {"total_cost": 1267.6832534442642, "time_cost": 150, "final_distance_cost": 60.893481129309, "oscillation_cost": 28.52973313253013, "completition_cost": 888.8888888888888, "overshoot_cost": 79.2441514740983, "power_cost": 28.207440234375003, "noise_cost": 31.91955858506277, "n_waypoints_completed": 1, "tot_waypoints": 9}}
{"target": -1026.1460801447327, "params": {"k_pid_pos": [0.12108547985553741, 0.004453480243682861, 0.019174903631210327], "k_pid_alt": [0.0, 1.0, 0.9956161975860596], "k_pid_att": [100.0, 9.999999747378752e-05, 0.9889696836471558], "k_pid_yaw": [0.5, 1e-06, 0.1], "k_pid_hsp": [9.918746948242188, 0.9928339719772339, 0.03935647010803223], "k_pid_vsp": [400.0, 396.8515319824219, 4.464305400848389]}, "datetime": {"datetime": "2025-08-14 03:09:02", "elapsed": 62470.57805109024, "delta": 32.9239776134491}, "costs": {"total_cost": 1026.1460801447327, "time_cost": 150, "final_distance_cost": 52.57743559725748, "oscillation_cost": 128.42343219426212, "completition_cost": 555.5555555555555, "overshoot_cost": 66.16433346884388, "power_cost": 37.0953849609375, "noise_cost": 36.329938367876174, "n_waypoints_completed": 4, "tot_waypoints": 9}}
{"target": -983.5317421892878, "params": {"k_pid_pos": [0.13600526750087738, 0.008274197578430176, 0.018490910530090332], "k_pid_alt": [0.005791664123535156, 1.0, 0.9864416718482971], "k_pid_att": [100.0, 9.999999747378752e-05, 0.946172297000885], "k_pid_yaw": [0.5, 1e-06, 0.1], "k_pid_hsp": [9.333311080932617, 0.9928550720214844, 0.029015421867370605], "k_pid_vsp": [399.99932861328125, 387.377685546875, 5.028964042663574]}, "datetime": {"datetime": "2025-08-14 03:09:30", "elapsed": 62499.05389690399, "delta": 28.47584581375122}, "costs": {"total_cost": 983.5317421892878, "time_cost": 150, "final_distance_cost": 43.32083184333279, "oscillation_cost": 108.16975002216857, "completition_cost": 555.5555555555555, "overshoot_cost": 69.30305314207156, "power_cost": 25.44928074951172, "noise_cost": 31.733270876647598, "n_waypoints_completed": 4, "tot_waypoints": 9}}
{"target": -1024.3202093851557, "params": {"k_pid_pos": [0.15092487633228302, 0.015648692846298218, 0.12298187613487244], "k_pid_alt": [0.0, 1.0, 0.9939752817153931], "k_pid_att": [100.0, 9.999999747378752e-05, 0.9587516784667969], "k_pid_yaw": [0.5, 1e-06, 0.1], "k_pid_hsp": [9.965055465698242, 0.9252815246582031, 0.029220551252365112], "k_pid_vsp": [400.0, 394.4560546875, 2.4117836952209473]}, "datetime": {"datetime": "2025-08-14 03:10:02", "elapsed": 62530.831339120865, "delta": 31.77744221687317}, "costs": {"total_cost": 1024.3202093851557, "time_cost": 150, "final_distance_cost": 50.15837847279382, "oscillation_cost": 129.402296772771, "completition_cost": 555.5555555555555, "overshoot_cost": 70.15402026174966, "power_cost": 33.995024462890626, "noise_cost": 35.054933859395106, "n_waypoints_completed": 4, "tot_waypoints": 9}}
{"target": -1301.526735374002, "params": {"k_pid_pos": [0.015212299302220345, 0.08810687065124512, 0.012625634670257568], "k_pid_alt": [5.960464477539063e-08, 1.0, 0.9756874442100525], "k_pid_att": [100.0, 9.999999747378752e-05, 0.9443577527999878], "k_pid_yaw": [0.5, 1e-06, 0.1], "k_pid_hsp": [9.955716133117676, 0.9891557693481445, 0.022387146949768066], "k_pid_vsp": [400.0, 392.3489074707031, 22.01766014099121]}, "datetime": {"datetime": "2025-08-14 03:10:32", "elapsed": 62560.28366231918, "delta": 29.45232319831848}, "costs": {"total_cost": 1301.526735374002, "time_cost": 150, "final_distance_cost": 69.72689872118882, "oscillation_cost": 71.41342185427987, "completition_cost": 888.8888888888888, "overshoot_cost": 62.118509003309846, "power_cost": 30.664845251464847, "noise_cost": 28.714171654869848, "n_waypoints_completed": 1, "tot_waypoints": 9}}
{"target": -1252.0819169964886, "params": {"k_pid_pos": [0.005141287576407194, 0.009007155895233154, 0.02225548028945923], "k_pid_alt": [5.960464477539063e-08, 0.4343544542789459, 0.9726811051368713], "k_pid_att": [100.0, 9.999999747378752e-05, 0.9913822412490845], "k_pid_yaw": [0.5, 1e-06, 0.1], "k_pid_hsp": [9.536372184753418, 0.9924424290657043, 0.0017569959163665771], "k_pid_vsp": [400.0, 386.07177734375, 5.153645038604736]}, "datetime": {"datetime": "2025-08-14 03:11:00", "elapsed": 62588.88919329643, "delta": 28.605530977249146}, "costs": {"total_cost": 1252.0819169964886, "time_cost": 150, "final_distance_cost": 45.948971647592515, "oscillation_cost": 30.090362639463834, "completition_cost": 888.8888888888888, "overshoot_cost": 91.89937366871119, "power_cost": 16.649284814453125, "noise_cost": 28.605035337379224, "n_waypoints_completed": 1, "tot_waypoints": 9}}
{"target": -1966.5551499766793, "params": {"k_pid_pos": [0.0020968345925211906, 0.009611040353775024, 0.03978937864303589], "k_pid_alt": [0.0, 1.0, 0.9911991357803345], "k_pid_att": [100.0, 9.999999747378752e-05, 0.9921724796295166], "k_pid_yaw": [0.5, 1e-06, 0.1], "k_pid_hsp": [9.981165885925293, 0.9927946329116821, 0.11818301677703857], "k_pid_vsp": [400.0, 381.4057312011719, 15.52432918548584]}, "datetime": {"datetime": "2025-08-14 03:11:29", "elapsed": 62617.46939945221, "delta": 28.580206155776978}, "costs": {"total_cost": 1966.5551499766793, "time_cost": 150, "final_distance_cost": 60.313601571842895, "oscillation_cost": 707.608267107336, "completition_cost": 888.8888888888888, "overshoot_cost": 95.05688936078543, "power_cost": 37.29827764892578, "noise_cost": 27.389225398900415, "n_waypoints_completed": 1, "tot_waypoints": 9}}
{"target": -1137.9531564184194, "params": {"k_pid_pos": [0.08817892521619797, 0.0024455785751342773, 0.06852227449417114], "k_pid_alt": [0.0, 1.0, 0.9894700050354004], "k_pid_att": [100.0, 9.999999747378752e-05, 0.9687350988388062], "k_pid_yaw": [0.5, 1e-06, 0.1], "k_pid_hsp": [9.908040046691895, 0.9602651000022888, 0.0010475218296051025], "k_pid_vsp": [400.0, 397.7110595703125, 1.231635570526123]}, "datetime": {"datetime": "2025-08-14 03:11:58", "elapsed": 62646.99299836159, "delta": 29.52359890937805}, "costs": {"total_cost": 1137.9531564184194, "time_cost": 150, "final_distance_cost": 73.66867866443185, "oscillation_cost": 120.29307738568443, "completition_cost": 666.6666666666667, "overshoot_cost": 69.59733971873071, "power_cost": 26.51892119140625, "noise_cost": 31.20847279149952, "n_waypoints_completed": 3, "tot_waypoints": 9}}
{"target": -1212.1729490582568, "params": {"k_pid_pos": [0.061786949634552, 0.010609596967697144, 0.021394073963165283], "k_pid_alt": [1.6450881958007812e-05, 1.0, 0.9794823527336121], "k_pid_att": [100.0, 9.999999747378752e-05, 0.9463084936141968], "k_pid_yaw": [0.5, 1e-06, 0.1], "k_pid_hsp": [9.32884693145752, 0.9892868995666504, 0.05600053071975708], "k_pid_vsp": [400.0, 374.55462646484375, 5.210567474365234]}, "datetime": {"datetime": "2025-08-14 03:12:28", "elapsed": 62676.38667297363, "delta": 29.393674612045288}, "costs": {"total_cost": 1212.1729490582568, "time_cost": 150, "final_distance_cost": 83.92092638127573, "oscillation_cost": 80.74640156081415, "completition_cost": 777.7777777777778, "overshoot_cost": 67.69411390540638, "power_cost": 24.470490441894533, "noise_cost": 27.563238991088337, "n_waypoints_completed": 2, "tot_waypoints": 9}}
{"target": -942.405871612702, "params": {"k_pid_pos": [0.1500108242034912, 0.005466252565383911, 0.006333202123641968], "k_pid_alt": [0.0, 1.0, 0.9210395812988281], "k_pid_att": [100.0, 9.999999747378752e-05, 0.9903280735015869], "k_pid_yaw": [0.5, 1e-06, 0.1], "k_pid_hsp": [9.880022048950195, 0.9893636107444763, 0.016791462898254395], "k_pid_vsp": [400.0, 396.6011657714844, 4.753471374511719]}, "datetime": {"datetime": "2025-08-14 03:13:00", "elapsed": 62708.6945168972, "delta": 32.307843923568726}, "costs": {"total_cost": 942.405871612702, "time_cost": 150, "final_distance_cost": 42.44546801349646, "oscillation_cost": 74.41439520589809, "completition_cost": 555.5555555555555, "overshoot_cost": 67.0272901865354, "power_cost": 21.757026293945312, "noise_cost": 31.206136357271227, "n_waypoints_completed": 4, "tot_waypoints": 9}}
{"target": -1067.546250787682, "params": {"k_pid_pos": [0.03608128800988197, 0.054545044898986816, 0.0016714632511138916], "k_pid_alt": [0.0, 1.0, 0.9897444248199463], "k_pid_att": [100.0, 9.999999747378752e-05, 0.9838497042655945], "k_pid_yaw": [0.5, 1e-06, 0.1], "k_pid_hsp": [9.767868041992188, 0.9824711084365845, 0.002478867769241333], "k_pid_vsp": [400.0, 341.7639465332031, 25.293733596801758]}, "datetime": {"datetime": "2025-08-14 03:13:29", "elapsed": 62737.38390779495, "delta": 28.689390897750854}, "costs": {"total_cost": 1067.546250787682, "time_cost": 150, "final_distance_cost": 65.60773985201257, "oscillation_cost": 36.56868608454311, "completition_cost": 666.6666666666667, "overshoot_cost": 88.71509791484517, "power_cost": 31.29150701904297, "noise_cost": 28.696553250571405, "n_waypoints_completed": 3, "tot_waypoints": 9}}
{"target": -1815.0148179309801, "params": {"k_pid_pos": [0.029781628400087357, 0.007315158843994141, 0.15454143285751343], "k_pid_alt": [0.7826056480407715, 1.0, 0.9804904460906982], "k_pid_att": [100.0, 9.999999747378752e-05, 0.934505820274353], "k_pid_yaw": [0.5, 1e-06, 0.1], "k_pid_hsp": [9.966763496398926, 0.9922537803649902, 0.013431072235107422], "k_pid_vsp": [400.0, 382.66107177734375, 1.3306031227111816]}, "datetime": {"datetime": "2025-08-14 03:14:00", "elapsed": 62768.207567453384, "delta": 30.823659658432007}, "costs": {"total_cost": 1815.0148179309801, "time_cost": 150, "final_distance_cost": 62.75951358518531, "oscillation_cost": 591.5424801628159, "completition_cost": 888.8888888888888, "overshoot_cost": 61.70472953182657, "power_cost": 30.19193681640625, "noise_cost": 29.92726894585726, "n_waypoints_completed": 1, "tot_waypoints": 9}}
{"target": -1127.675681374029, "params": {"k_pid_pos": [0.06905388087034225, 0.018256306648254395, 0.010906368494033813], "k_pid_alt": [5.364418029785156e-07, 1.0, 0.9946610927581787], "k_pid_att": [100.0, 9.999999747378752e-05, 0.9733290672302246], "k_pid_yaw": [0.5, 1e-06, 0.1], "k_pid_hsp": [9.926826477050781, 0.925142765045166, 0.01776394248008728], "k_pid_vsp": [400.0, 387.7710876464844, 1.1715421676635742]}, "datetime": {"datetime": "2025-08-14 03:14:30", "elapsed": 62798.99057340622, "delta": 30.783005952835083}, "costs": {"total_cost": 1127.675681374029, "time_cost": 150, "final_distance_cost": 73.17928611937062, "oscillation_cost": 108.3901388523727, "completition_cost": 666.6666666666667, "overshoot_cost": 72.46769852303514, "power_cost": 26.226592224121095, "noise_cost": 30.74529898846277, "n_waypoints_completed": 3, "tot_waypoints": 9}}
{"target": -1208.5470122845743, "params": {"k_pid_pos": [0.028562059625983238, 0.024337589740753174, 0.003108888864517212], "k_pid_alt": [0.0, 1.0, 0.9916988015174866], "k_pid_att": [26.711082458496094, 9.999999747378752e-05, 0.9152203798294067], "k_pid_yaw": [0.5, 1e-06, 0.1], "k_pid_hsp": [9.512496948242188, 0.9796328544616699, 0.028189539909362793], "k_pid_vsp": [400.0, 365.89501953125, 3.827906608581543]}, "datetime": {"datetime": "2025-08-14 03:15:00", "elapsed": 62828.370574474335, "delta": 29.380001068115234}, "costs": {"total_cost": 1208.5470122845743, "time_cost": 150, "final_distance_cost": 83.91619819418477, "oscillation_cost": 45.70437735548156, "completition_cost": 777.7777777777778, "overshoot_cost": 86.65012346989995, "power_cost": 30.93980465087891, "noise_cost": 33.558730836351465, "n_waypoints_completed": 2, "tot_waypoints": 9}}
{"target": -1053.6648711354067, "params": {"k_pid_pos": [0.05492036044597626, 0.036558449268341064, 0.01917073130607605], "k_pid_alt": [0.0, 1.0, 0.9811582565307617], "k_pid_att": [100.0, 9.999999747378752e-05, 0.9875980615615845], "k_pid_yaw": [0.5, 1e-06, 0.1], "k_pid_hsp": [9.988086700439453, 0.9717478156089783, 0.009558260440826416], "k_pid_vsp": [400.0, 383.56646728515625, 4.500068187713623]}, "datetime": {"datetime": "2025-08-14 03:15:30", "elapsed": 62858.871515750885, "delta": 30.500941276550293}, "costs": {"total_cost": 1053.6648711354067, "time_cost": 150, "final_distance_cost": 61.40734207529708, "oscillation_cost": 41.49774379565391, "completition_cost": 666.6666666666667, "overshoot_cost": 80.9886433720354, "power_cost": 22.82510955810547, "noise_cost": 30.279365667647923, "n_waypoints_completed": 3, "tot_waypoints": 9}}
{"target": -1210.2095244673892, "params": {"k_pid_pos": [0.06862862408161163, 0.005406379699707031, 0.008964002132415771], "k_pid_alt": [0.0, 1.0, 0.9868119359016418], "k_pid_att": [100.0, 0.00010268217738484964, 0.9949476718902588], "k_pid_yaw": [0.5, 1e-06, 0.1], "k_pid_hsp": [9.857383728027344, 0.9714206457138062, 0.0601767897605896], "k_pid_vsp": [400.0, 394.3362731933594, 2.716303825378418]}, "datetime": {"datetime": "2025-08-14 03:16:00", "elapsed": 62888.53996157646, "delta": 29.668445825576782}, "costs": {"total_cost": 1210.2095244673892, "time_cost": 150, "final_distance_cost": 84.34073458254927, "oscillation_cost": 75.58099076188111, "completition_cost": 777.7777777777778, "overshoot_cost": 65.05713202847433, "power_cost": 27.832793615722657, "noise_cost": 29.62009570098405, "n_waypoints_completed": 2, "tot_waypoints": 9}}
{"target": -1058.8443456201398, "params": {"k_pid_pos": [0.09522104263305664, 0.1033276617527008, 0.01893654465675354], "k_pid_alt": [0.0909389853477478, 1.0, 0.9726174473762512], "k_pid_att": [100.0, 9.999999747378752e-05, 0.9825628995895386], "k_pid_yaw": [0.5, 1e-06, 0.1], "k_pid_hsp": [9.8556547164917, 0.9863775372505188, 0.022969216108322144], "k_pid_vsp": [400.0, 391.63232421875, 6.682063102722168]}, "datetime": {"datetime": "2025-08-14 03:16:30", "elapsed": 62918.14104962349, "delta": 29.601088047027588}, "costs": {"total_cost": 1058.8443456201398, "time_cost": 150, "final_distance_cost": 52.32830921823992, "oscillation_cost": 59.62784882187031, "completition_cost": 666.6666666666667, "overshoot_cost": 63.13521473026883, "power_cost": 33.90106091308594, "noise_cost": 33.18524527000824, "n_waypoints_completed": 3, "tot_waypoints": 9}}
{"target": -1090.2204191572923, "params": {"k_pid_pos": [0.07719755172729492, 0.040772467851638794, 0.014719933271408081], "k_pid_alt": [1.3649463653564453e-05, 0.9982675313949585, 0.9736199378967285], "k_pid_att": [100.0, 0.00012652379518840462, 0.9794129133224487], "k_pid_yaw": [0.5, 1e-06, 0.1], "k_pid_hsp": [9.772526741027832, 0.9961826801300049, 0.006258219480514526], "k_pid_vsp": [400.0, 398.94921875, 3.646911144256592]}, "datetime": {"datetime": "2025-08-14 03:16:59", "elapsed": 62947.422444820404, "delta": 29.281395196914673}, "costs": {"total_cost": 1090.2204191572923, "time_cost": 150, "final_distance_cost": 54.14996347236135, "oscillation_cost": 101.91169452048032, "completition_cost": 666.6666666666667, "overshoot_cost": 73.42215295225171, "power_cost": 15.757549267578126, "noise_cost": 28.312392277954054, "n_waypoints_completed": 3, "tot_waypoints": 9}}
{"target": -1694.5278726071278, "params": {"k_pid_pos": [0.006874682381749153, 0.19616913795471191, 0.2665536403656006], "k_pid_alt": [0.0, 1.0, 0.9953639507293701], "k_pid_att": [100.0, 9.999999747378752e-05, 0.994873046875], "k_pid_yaw": [0.5, 1e-06, 0.1], "k_pid_hsp": [9.928289413452148, 0.9865496158599854, 0.025938957929611206], "k_pid_vsp": [400.0, 386.27325439453125, 1.014042854309082]}, "datetime": {"datetime": "2025-08-14 03:17:30", "elapsed": 62978.16719293594, "delta": 30.74474811553955}, "costs": {"total_cost": 1694.5278726071278, "time_cost": 150, "final_distance_cost": 73.38674047187854, "oscillation_cost": 460.5227729043608, "completition_cost": 888.8888888888888, "overshoot_cost": 59.91658700481312, "power_cost": 31.91856817626953, "noise_cost": 29.894315160917177, "n_waypoints_completed": 1, "tot_waypoints": 9}}
{"target": -1472.1171917156892, "params": {"k_pid_pos": [0.012349452823400497, 0.03418761491775513, 0.01307833194732666], "k_pid_alt": [1.1920928955078125e-07, 1.0, 0.9929114580154419], "k_pid_att": [100.0, 9.999999747378752e-05, 0.9941028952598572], "k_pid_yaw": [0.5, 1e-06, 0.1], "k_pid_hsp": [9.651198387145996, 0.9264664649963379, 0.04348039627075195], "k_pid_vsp": [399.99993896484375, 397.465576171875, 2.430821418762207]}, "datetime": {"datetime": "2025-08-14 03:17:59", "elapsed": 63007.82802319527, "delta": 29.66083025932312}, "costs": {"total_cost": 1472.1171917156892, "time_cost": 150, "final_distance_cost": 69.11185006408712, "oscillation_cost": 228.7275042882812, "completition_cost": 888.8888888888888, "overshoot_cost": 81.50593298782631, "power_cost": 25.991407824707032, "noise_cost": 27.891607661898682, "n_waypoints_completed": 1, "tot_waypoints": 9}}
{"target": -1083.1340206431962, "params": {"k_pid_pos": [0.06706717610359192, 0.03647807240486145, 0.015260756015777588], "k_pid_alt": [2.7418136596679688e-06, 1.0, 0.972542405128479], "k_pid_att": [100.0, 9.999999747378752e-05, 0.9945716857910156], "k_pid_yaw": [0.5, 1e-06, 0.1], "k_pid_hsp": [9.764446258544922, 0.948701024055481, 0.019270718097686768], "k_pid_vsp": [400.0, 398.5631408691406, 8.635855674743652]}, "datetime": {"datetime": "2025-08-14 03:18:29", "elapsed": 63037.775787591934, "delta": 29.94776439666748}, "costs": {"total_cost": 1083.1340206431962, "time_cost": 150, "final_distance_cost": 53.71562278108857, "oscillation_cost": 85.23878554564021, "completition_cost": 666.6666666666667, "overshoot_cost": 78.35631863074772, "power_cost": 20.265137158203125, "noise_cost": 28.891489860850076, "n_waypoints_completed": 3, "tot_waypoints": 9}}
{"target": -1320.8874172860442, "params": {"k_pid_pos": [0.022455571219325066, 0.11729109287261963, 0.004076451063156128], "k_pid_alt": [0.0, 1.0, 0.9946527481079102], "k_pid_att": [100.0, 9.999999747378752e-05, 0.9843088388442993], "k_pid_yaw": [0.5, 1e-06, 0.1], "k_pid_hsp": [9.944161415100098, 0.9973831176757812, 0.01055040955543518], "k_pid_vsp": [400.0, 397.9217529296875, 0.5646834969520569]}, "datetime": {"datetime": "2025-08-14 03:18:58", "elapsed": 63066.62294793129, "delta": 28.84716033935547}, "costs": {"total_cost": 1320.8874172860442, "time_cost": 150, "final_distance_cost": 67.16670960446355, "oscillation_cost": 105.75587849702158, "completition_cost": 888.8888888888888, "overshoot_cost": 53.94224163541867, "power_cost": 24.752003051757814, "noise_cost": 30.38169560849381, "n_waypoints_completed": 1, "tot_waypoints": 9}}
{"target": -1245.8224054193752, "params": {"k_pid_pos": [0.020315036177635193, 0.006372034549713135, 0.013188183307647705], "k_pid_alt": [0.0, 0.9999477863311768, 0.9588730335235596], "k_pid_att": [100.0, 9.999999747378752e-05, 0.9968444108963013], "k_pid_yaw": [0.5, 1e-06, 0.1], "k_pid_hsp": [9.162443161010742, 0.9890329837799072, 0.007529586553573608], "k_pid_vsp": [400.0, 389.37261962890625, 1.901639461517334]}, "datetime": {"datetime": "2025-08-14 03:19:28", "elapsed": 63096.46384859085, "delta": 29.840900659561157}, "costs": {"total_cost": 1245.8224054193752, "time_cost": 150, "final_distance_cost": 58.52001885128143, "oscillation_cost": 14.042646355054272, "completition_cost": 888.8888888888888, "overshoot_cost": 79.3564083364314, "power_cost": 23.78141999511719, "noise_cost": 31.233022992602024, "n_waypoints_completed": 1, "tot_waypoints": 9}}
{"target": -664.2067834909634, "params": {"k_pid_pos": [0.25183525681495667, 0.012558013200759888, 0.012199640274047852], "k_pid_alt": [0.0, 1.0, 0.9199185371398926], "k_pid_att": [100.0, 9.999999747378752e-05, 0.9779555797576904], "k_pid_yaw": [0.5, 1e-06, 0.1], "k_pid_hsp": [9.903878211975098, 0.9949586391448975, 0.013816088438034058], "k_pid_vsp": [400.0, 362.76971435546875, 1.9278416633605957]}, "datetime": {"datetime": "2025-08-14 03:19:59", "elapsed": 63127.4526014328, "delta": 30.988752841949463}, "costs": {"total_cost": 664.2067834909634, "time_cost": 150, "final_distance_cost": 66.17732779301953, "oscillation_cost": 216.43924820114438, "completition_cost": 111.11111111111116, "overshoot_cost": 65.29904577105579, "power_cost": 23.929780664062502, "noise_cost": 31.250269950570022, "n_waypoints_completed": 8, "tot_waypoints": 9}}
{"target": -1309.6527724355788, "params": {"k_pid_pos": [0.010900596156716347, 0.23689275979995728, 0.012563318014144897], "k_pid_alt": [5.960464477539063e-08, 1.0, 0.9870418906211853], "k_pid_att": [100.0, 0.0001011920758173801, 0.9834986329078674], "k_pid_yaw": [0.5, 1e-06, 0.1], "k_pid_hsp": [9.914508819580078, 0.9920094013214111, 0.023133158683776855], "k_pid_vsp": [400.0, 392.94671630859375, 5.044520854949951]}, "datetime": {"datetime": "2025-08-14 03:20:29", "elapsed": 63157.85502076149, "delta": 30.402419328689575}, "costs": {"total_cost": 1309.6527724355788, "time_cost": 150, "final_distance_cost": 68.90516599689191, "oscillation_cost": 104.33161237869481, "completition_cost": 888.8888888888888, "overshoot_cost": 51.09960543661019, "power_cost": 19.10865593261719, "noise_cost": 27.318843801876053, "n_waypoints_completed": 1, "tot_waypoints": 9}}
