{"target": -1105.7226830504956, "params": {"k_pid_pos": [0.03585527837276459, 0.19156253337860107, 0.019123345613479614], "k_pid_alt": [5.185604095458984e-06, 1.0, 0.9705005884170532], "k_pid_att": [100.0, 0.01709698885679245, 0.9084292650222778], "k_pid_yaw": [0.5, 1e-06, 0.1], "k_pid_hsp": [9.882411003112793, 0.854207456111908, 0.03884744644165039], "k_pid_vsp": [399.9994201660156, 381.88519287109375, 27.062631607055664]}, "datetime": {"datetime": "2025-08-13 15:29:33", "elapsed": 20501.422619104385, "delta": 33.83634662628174}, "costs": {"total_cost": 1105.7226830504956, "time_cost": 150, "final_distance_cost": 52.099298062639065, "oscillation_cost": 105.8237447435479, "completition_cost": 666.6666666666667, "overshoot_cost": 75.52022840092239, "power_cost": 26.97715604248047, "noise_cost": 28.635589134239122, "n_waypoints_completed": 3, "tot_waypoints": 9}}
{"target": -967.6327637368362, "params": {"k_pid_pos": [0.1560080647468567, 0.15896892547607422, 0.15664136409759521], "k_pid_alt": [0.0, 0.7718383073806763, 0.9281342029571533], "k_pid_att": [100.0, 9.999999747378752e-05, 0.9903690814971924], "k_pid_yaw": [0.5, 1e-06, 0.1], "k_pid_hsp": [9.545623779296875, 0.9865638017654419, 0.02430739998817444], "k_pid_vsp": [399.95111083984375, 392.4984130859375, 21.163728713989258]}, "datetime": {"datetime": "2025-08-13 15:30:06", "elapsed": 20534.7708902359, "delta": 33.3482711315155}, "costs": {"total_cost": 967.6327637368362, "time_cost": 150, "final_distance_cost": 43.61221745265086, "oscillation_cost": 82.1750349535872, "completition_cost": 555.5555555555555, "overshoot_cost": 64.84923977127181, "power_cost": 37.223519396972655, "noise_cost": 34.217196606798076, "n_waypoints_completed": 4, "tot_waypoints": 9}}
{"target": -471.9531645135087, "params": {"k_pid_pos": [0.3009169101715088, 0.26810142397880554, 0.09810149669647217], "k_pid_alt": [1.9996910095214844, 4.172325134277344e-07, 0.9278123378753662], "k_pid_att": [99.99971008300781, 9.995402336120605, 0.8536826968193054], "k_pid_yaw": [0.5, 1e-06, 0.1], "k_pid_hsp": [9.974883079528809, 0.981291651725769, 0.06052815914154053], "k_pid_vsp": [400.0, 384.61395263671875, 30.94847297668457]}, "datetime": {"datetime": "2025-08-13 15:30:29", "elapsed": 20557.714758634567, "delta": 22.943868398666382}, "costs": {"total_cost": 471.9531645135087, "time_cost": 89.355, "final_distance_cost": 1.8288693562321823, "oscillation_cost": 280.8492083033851, "completition_cost": 0.0, "overshoot_cost": 52.29599952706371, "power_cost": 24.987594287109378, "noise_cost": 22.63649303971823, "n_waypoints_completed": 9, "tot_waypoints": 9}}
{"target": -1213.8156191928529, "params": {"k_pid_pos": [0.118067666888237, 0.0004926025867462158, 0.2682075500488281], "k_pid_alt": [1.9965105056762695, 0.9999783635139465, 0.36043304204940796], "k_pid_att": [100.0, 9.999999747378752e-05, 0.9789863228797913], "k_pid_yaw": [0.5, 1e-06, 0.1], "k_pid_hsp": [9.869050979614258, 0.8812297582626343, 0.01480606198310852], "k_pid_vsp": [399.985107421875, 270.0713195800781, 5.066181182861328]}, "datetime": {"datetime": "2025-08-13 15:31:00", "elapsed": 20589.10184955597, "delta": 31.387090921401978}, "costs": {"total_cost": 1213.8156191928529, "time_cost": 150, "final_distance_cost": 52.71035869673359, "oscillation_cost": 219.05760759795595, "completition_cost": 666.6666666666667, "overshoot_cost": 59.69323277790589, "power_cost": 32.23151120605469, "noise_cost": 33.45624224753607, "n_waypoints_completed": 3, "tot_waypoints": 9}}
{"target": -661.0196019670749, "params": {"k_pid_pos": [0.41366174817085266, 0.3181253671646118, 0.09021598100662231], "k_pid_alt": [1.9269623756408691, 0.999984622001648, 0.9365062117576599], "k_pid_att": [99.99996185302734, 0.00010506634134799242, 0.7688634991645813], "k_pid_yaw": [0.5, 1e-06, 0.1], "k_pid_hsp": [7.786124229431152, 0.9889411926269531, 0.12295341491699219], "k_pid_vsp": [400.0, 307.1730041503906, 6.230712890625]}, "datetime": {"datetime": "2025-08-13 15:31:28", "elapsed": 20616.53519153595, "delta": 27.43334197998047}, "costs": {"total_cost": 661.0196019670749, "time_cost": 102.921, "final_distance_cost": 1.75494609566883, "oscillation_cost": 442.4871356587988, "completition_cost": 0.0, "overshoot_cost": 58.371999592160705, "power_cost": 28.276028881835938, "noise_cost": 27.208491738610633, "n_waypoints_completed": 9, "tot_waypoints": 9}}
{"target": -1547.4913143377366, "params": {"k_pid_pos": [0.08572828024625778, 0.4301072061061859, 0.0607721209526062], "k_pid_alt": [0.0, 1.0, 0.9256477355957031], "k_pid_att": [0.08832812309265137, 9.999999747378752e-05, 0.9899269342422485], "k_pid_yaw": [0.5, 1e-06, 0.1], "k_pid_hsp": [9.872410774230957, 0.986950159072876, 0.06916952133178711], "k_pid_vsp": [400.0, 377.75079345703125, 66.48966217041016]}, "datetime": {"datetime": "2025-08-13 15:32:02", "elapsed": 20650.75606393814, "delta": 34.22087240219116}, "costs": {"total_cost": 1547.4913143377366, "time_cost": 150, "final_distance_cost": 76.57086746991614, "oscillation_cost": 15.863291382964293, "completition_cost": 1000.0, "overshoot_cost": 251.41070332136871, "power_cost": 28.962871643066407, "noise_cost": 24.68358052042124, "n_waypoints_completed": 0, "tot_waypoints": 9}}
{"target": -297.8806756952515, "params": {"k_pid_pos": [0.6335253119468689, 0.03450655937194824, 0.059358417987823486], "k_pid_alt": [0.0, 0.9999972581863403, 0.9625658392906189], "k_pid_att": [99.99238586425781, 0.03316236659884453, 0.995782732963562], "k_pid_yaw": [0.5, 1e-06, 0.1], "k_pid_hsp": [8.95541763305664, 0.9617782235145569, 0.0034783780574798584], "k_pid_vsp": [400.0, 221.29083251953125, 70.96309661865234]}, "datetime": {"datetime": "2025-08-13 15:32:30", "elapsed": 20678.277827739716, "delta": 27.521763801574707}, "costs": {"total_cost": 297.8806756952515, "time_cost": 105.441, "final_distance_cost": 1.826000719109981, "oscillation_cost": 80.1819010758298, "completition_cost": 0.0, "overshoot_cost": 64.7967825648398, "power_cost": 21.891071215820315, "noise_cost": 23.743920119651563, "n_waypoints_completed": 9, "tot_waypoints": 9}}
{"target": -874.6653619147314, "params": {"k_pid_pos": [0.4859338402748108, 0.7078965902328491, 0.038524329662323], "k_pid_alt": [0.0, 1.0, 0.7650793790817261], "k_pid_att": [99.4391098022461, 0.00010029802069766447, 0.864851176738739], "k_pid_yaw": [0.5, 1e-06, 0.1], "k_pid_hsp": [9.076640129089355, 0.9880895614624023, 0.03501629829406738], "k_pid_vsp": [394.6203918457031, 384.81182861328125, 30.1379337310791]}, "datetime": {"datetime": "2025-08-13 15:33:00", "elapsed": 20708.568299293518, "delta": 30.29047155380249}, "costs": {"total_cost": 874.6653619147314, "time_cost": 150, "final_distance_cost": 48.832838932104444, "oscillation_cost": 111.04113017042526, "completition_cost": 444.4444444444444, "overshoot_cost": 58.986689653545135, "power_cost": 30.931512634277347, "noise_cost": 30.42874607993473, "n_waypoints_completed": 5, "tot_waypoints": 9}}
{"target": -1228.3426420184744, "params": {"k_pid_pos": [0.3460710644721985, 0.3199441134929657, 0.030314624309539795], "k_pid_alt": [0.0001232624053955078, 1.0, 0.6873273849487305], "k_pid_att": [100.0, 9.999999747378752e-05, 0.9677760601043701], "k_pid_yaw": [0.5, 1e-06, 0.1], "k_pid_hsp": [9.948037147521973, 0.9977012872695923, 0.1265506148338318], "k_pid_vsp": [399.66314697265625, 382.2886047363281, 5.891753196716309]}, "datetime": {"datetime": "2025-08-13 15:33:31", "elapsed": 20739.51383781433, "delta": 30.94553852081299}, "costs": {"total_cost": 1228.3426420184744, "time_cost": 150, "final_distance_cost": 71.80652513081422, "oscillation_cost": 551.4703142307164, "completition_cost": 333.33333333333337, "overshoot_cost": 58.03267448524355, "power_cost": 33.02164035644532, "noise_cost": 30.678154481921478, "n_waypoints_completed": 6, "tot_waypoints": 9}}
{"target": -1474.4424980816152, "params": {"k_pid_pos": [0.15710437297821045, 0.3335323631763458, 0.07838332653045654], "k_pid_alt": [0.0, 0.7999792098999023, 0.9789595603942871], "k_pid_att": [100.0, 0.00016467038949485868, 0.750582218170166], "k_pid_yaw": [0.5, 1e-06, 0.1], "k_pid_hsp": [9.589016914367676, 0.9622476100921631, 0.09711337089538574], "k_pid_vsp": [399.9970703125, 390.07672119140625, 41.62582015991211]}, "datetime": {"datetime": "2025-08-13 15:34:02", "elapsed": 20770.82066464424, "delta": 31.30682682991028}, "costs": {"total_cost": 1474.4424980816152, "time_cost": 150, "final_distance_cost": 54.7764830357233, "oscillation_cost": 471.57287757539376, "completition_cost": 666.6666666666667, "overshoot_cost": 57.41532849945446, "power_cost": 41.37177064208984, "noise_cost": 32.63937166228709, "n_waypoints_completed": 3, "tot_waypoints": 9}}
{"target": -1014.3033188941713, "params": {"k_pid_pos": [0.15839087963104248, 0.0784534215927124, 0.033281534910202026], "k_pid_alt": [0.0, 0.9098750948905945, 0.9810402393341064], "k_pid_att": [99.54852294921875, 9.999999747378752e-05, 0.7466582655906677], "k_pid_yaw": [0.5, 1e-06, 0.1], "k_pid_hsp": [9.618067741394043, 0.9867257475852966, 0.006792277097702026], "k_pid_vsp": [0.05764961242675781, 393.42474365234375, 15.169371604919434]}, "datetime": {"datetime": "2025-08-13 15:34:33", "elapsed": 20801.179126739502, "delta": 30.35846209526062}, "costs": {"total_cost": 1014.3033188941713, "time_cost": 150, "final_distance_cost": 42.56222662984686, "oscillation_cost": 144.33661585699386, "completition_cost": 555.5555555555555, "overshoot_cost": 62.2383009977942, "power_cost": 31.557720642089844, "noise_cost": 28.052899211890914, "n_waypoints_completed": 4, "tot_waypoints": 9}}
{"target": -449.12342035484807, "params": {"k_pid_pos": [0.8855922222137451, 0.16904717683792114, 0.05214738845825195], "k_pid_alt": [4.76837158203125e-06, 0.9999992847442627, 0.970578134059906], "k_pid_att": [100.0, 9.999999747378752e-05, 0.9898955225944519], "k_pid_yaw": [0.5, 1e-06, 0.1], "k_pid_hsp": [9.612524032592773, 0.8881984949111938, 0.08076667785644531], "k_pid_vsp": [232.7473602294922, 371.6807556152344, 18.42210578918457]}, "datetime": {"datetime": "2025-08-13 15:35:00", "elapsed": 20829.030309200287, "delta": 27.851182460784912}, "costs": {"total_cost": 449.12342035484807, "time_cost": 110.824, "final_distance_cost": 1.8150218115576562, "oscillation_cost": 206.90273862807808, "completition_cost": 0.0, "overshoot_cost": 67.05531506583036, "power_cost": 34.36541134033203, "noise_cost": 28.160933509049947, "n_waypoints_completed": 9, "tot_waypoints": 9}}
{"target": -2312.762566444979, "params": {"k_pid_pos": [1.3176965713500977, 0.8438519835472107, 0.261837363243103], "k_pid_alt": [0.0015760064125061035, 0.01056969165802002, 0.7945852875709534], "k_pid_att": [0.010520219802856445, 9.999999747378752e-05, 0.9925681352615356], "k_pid_yaw": [0.5, 1e-06, 0.1], "k_pid_hsp": [8.251517295837402, 0.6223924160003662, 0.019337475299835205], "k_pid_vsp": [400.0, 387.2223815917969, 104.65516662597656]}, "datetime": {"datetime": "2025-08-13 15:35:31", "elapsed": 20859.49079298973, "delta": 30.46048378944397}, "costs": {"total_cost": 2312.762566444979, "time_cost": 150, "final_distance_cost": 262.1642150435508, "oscillation_cost": 3.2579070577795015, "completition_cost": 1000.0, "overshoot_cost": 837.5787239263847, "power_cost": 30.310853942871095, "noise_cost": 29.45086647439253, "n_waypoints_completed": 0, "tot_waypoints": 9}}
{"target": -1122.0319995057093, "params": {"k_pid_pos": [0.14162307977676392, 0.5539326071739197, 0.07227471470832825], "k_pid_alt": [0.0004037618637084961, 0.9987705945968628, 0.9759936332702637], "k_pid_att": [10.356396675109863, 5.1382341384887695, 0.9675002098083496], "k_pid_yaw": [0.5, 1e-06, 0.1], "k_pid_hsp": [9.726977348327637, 0.9950309991836548, 0.25420722365379333], "k_pid_vsp": [399.9964599609375, 396.0455322265625, 1.9646892547607422]}, "datetime": {"datetime": "2025-08-13 15:36:01", "elapsed": 20889.63054537773, "delta": 30.13975238800049}, "costs": {"total_cost": 1122.0319995057093, "time_cost": 150, "final_distance_cost": 80.97246487955745, "oscillation_cost": 108.00042691301833, "completition_cost": 666.6666666666667, "overshoot_cost": 53.43663403401456, "power_cost": 33.2265224975586, "noise_cost": 29.729284514893582, "n_waypoints_completed": 3, "tot_waypoints": 9}}
{"target": -1549.3231580636602, "params": {"k_pid_pos": [0.09814772009849548, 0.10476988554000854, 0.08925855159759521], "k_pid_alt": [1.1920928955078125e-07, 0.0011545419692993164, 0.9580714702606201], "k_pid_att": [100.0, 0.1773838996887207, 0.9723671674728394], "k_pid_yaw": [0.5, 1e-06, 0.1], "k_pid_hsp": [9.362870216369629, 0.9799972176551819, 0.04323834180831909], "k_pid_vsp": [399.9959716796875, 398.7715148925781, 43.23838806152344]}, "datetime": {"datetime": "2025-08-13 15:36:32", "elapsed": 20920.92013478279, "delta": 31.289589405059814}, "costs": {"total_cost": 1549.3231580636602, "time_cost": 150, "final_distance_cost": 3.6304875369757013, "oscillation_cost": 140.0261377366074, "completition_cost": 1000.0, "overshoot_cost": 156.45636984424354, "power_cost": 28.83503659667969, "noise_cost": 70.37512634915404, "n_waypoints_completed": 0, "tot_waypoints": 9}}
{"target": -974.9698110480523, "params": {"k_pid_pos": [0.2985268831253052, 0.011724472045898438, 0.28740525245666504], "k_pid_alt": [0.0005304813385009766, 1.0, 0.9939620494842529], "k_pid_att": [100.0, 0.000761008879635483, 0.9737359285354614], "k_pid_yaw": [0.5, 1e-06, 0.1], "k_pid_hsp": [9.928547859191895, 0.7237815856933594, 0.049534767866134644], "k_pid_vsp": [400.0, 369.31298828125, 13.868309020996094]}, "datetime": {"datetime": "2025-08-13 15:37:03", "elapsed": 20951.80713558197, "delta": 30.887000799179077}, "costs": {"total_cost": 974.9698110480523, "time_cost": 150, "final_distance_cost": 68.89956230935047, "oscillation_cost": 407.3591996668446, "completition_cost": 222.2222222222222, "overshoot_cost": 66.1923688808285, "power_cost": 31.161154870605472, "noise_cost": 29.13530309820098, "n_waypoints_completed": 7, "tot_waypoints": 9}}
{"target": -1304.7818369755994, "params": {"k_pid_pos": [1.17529296875, 0.9120944142341614, 0.08121147751808167], "k_pid_alt": [5.960464477539063e-08, 1.0, 0.9119619727134705], "k_pid_att": [100.0, 9.999999747378752e-05, 0.9639542698860168], "k_pid_yaw": [0.5, 1e-06, 0.1], "k_pid_hsp": [9.811690330505371, 0.8721007704734802, 0.013916432857513428], "k_pid_vsp": [400.0, 376.9051513671875, 8.824599266052246]}, "datetime": {"datetime": "2025-08-13 15:37:34", "elapsed": 20982.459489107132, "delta": 30.652353525161743}, "costs": {"total_cost": 1304.7818369755994, "time_cost": 150, "final_distance_cost": 64.73665796307783, "oscillation_cost": 104.01436649926714, "completition_cost": 888.8888888888888, "overshoot_cost": 47.37458367836012, "power_cost": 20.061687182617188, "noise_cost": 29.70565276338859, "n_waypoints_completed": 1, "tot_waypoints": 9}}
{"target": -1282.7849491240459, "params": {"k_pid_pos": [0.35698676109313965, 0.24975547194480896, 0.09323891997337341], "k_pid_alt": [5.960464477539063e-08, 1.0, 0.9421155452728271], "k_pid_att": [100.0, 9.999999747378752e-05, 0.712553083896637], "k_pid_yaw": [0.5, 1e-06, 0.1], "k_pid_hsp": [7.62374210357666, 0.9021526575088501, 0.11867630481719971], "k_pid_vsp": [400.0, 353.50347900390625, 38.58139419555664]}, "datetime": {"datetime": "2025-08-13 15:38:04", "elapsed": 21012.669853448868, "delta": 30.21036434173584}, "costs": {"total_cost": 1282.7849491240459, "time_cost": 150, "final_distance_cost": 82.98207669124385, "oscillation_cost": 588.9735626723822, "completition_cost": 333.33333333333337, "overshoot_cost": 60.868482693324204, "power_cost": 36.679538708496096, "noise_cost": 29.94795502526639, "n_waypoints_completed": 6, "tot_waypoints": 9}}
{"target": -1913.3794976156978, "params": {"k_pid_pos": [0.13145342469215393, 0.12315517663955688, 0.016566991806030273], "k_pid_alt": [0.0, 0.9327030181884766, 0.9889779686927795], "k_pid_att": [100.0, 0.00011698715388774872, 0.9771787524223328], "k_pid_yaw": [0.5, 1e-06, 0.1], "k_pid_hsp": [9.865832328796387, 0.779227614402771, 0.10379147529602051], "k_pid_vsp": [0.00013113021850585938, 319.9551086425781, 99.39813232421875]}, "datetime": {"datetime": "2025-08-13 15:38:35", "elapsed": 21043.41755247116, "delta": 30.74769902229309}, "costs": {"total_cost": 1913.3794976156978, "time_cost": 150, "final_distance_cost": 60.35217076279559, "oscillation_cost": 580.6595297671624, "completition_cost": 888.8888888888888, "overshoot_cost": 108.29512710195277, "power_cost": 49.782465295410155, "noise_cost": 75.40131579948795, "n_waypoints_completed": 1, "tot_waypoints": 9}}
{"target": -5482.074145640103, "params": {"k_pid_pos": [0.4690660834312439, 0.17060548067092896, 0.02068382501602173], "k_pid_alt": [1.9834246635437012, 0.9998143911361694, 0.50905442237854], "k_pid_att": [0.0004887580871582031, 0.13222011923789978, 0.9702420830726624], "k_pid_yaw": [0.5, 1e-06, 0.1], "k_pid_hsp": [8.81787395477295, 0.7554959058761597, 0.029746413230895996], "k_pid_vsp": [2.256786823272705, 392.78717041015625, 15.575481414794922]}, "datetime": {"datetime": "2025-08-13 15:39:06", "elapsed": 21074.45024895668, "delta": 31.03269648551941}, "costs": {"total_cost": 5482.074145640103, "time_cost": 150, "final_distance_cost": 987.0967693578095, "oscillation_cost": 280.0398344179039, "completition_cost": 1000.0, "overshoot_cost": 2874.843830847396, "power_cost": 56.31308719482422, "noise_cost": 133.78062382216893, "n_waypoints_completed": 0, "tot_waypoints": 9}}
{"target": -882.6827963280108, "params": {"k_pid_pos": [0.24697169661521912, 0.729349672794342, 0.05847960710525513], "k_pid_alt": [5.7220458984375e-06, 1.0, 0.8770110607147217], "k_pid_att": [100.0, 9.999999747378752e-05, 0.9429465532302856], "k_pid_yaw": [0.5, 1e-06, 0.1], "k_pid_hsp": [9.595168113708496, 0.8858473300933838, 0.019326895475387573], "k_pid_vsp": [400.0, 371.83709716796875, 18.4888973236084]}, "datetime": {"datetime": "2025-08-13 15:39:37", "elapsed": 21105.736038208008, "delta": 31.285789251327515}, "costs": {"total_cost": 882.6827963280108, "time_cost": 150, "final_distance_cost": 48.257562158860075, "oscillation_cost": 121.02670022625392, "completition_cost": 444.4444444444444, "overshoot_cost": 60.450395155520305, "power_cost": 28.727766821289062, "noise_cost": 29.775927521643105, "n_waypoints_completed": 5, "tot_waypoints": 9}}
{"target": -1739.725877106434, "params": {"k_pid_pos": [0.0836709514260292, 0.08336186408996582, 0.5052858591079712], "k_pid_alt": [0.0, 0.9999991059303284, 0.8734980821609497], "k_pid_att": [100.0, 0.00019983678066637367, 0.8860632181167603], "k_pid_yaw": [0.5, 1e-06, 0.1], "k_pid_hsp": [9.711400032043457, 0.8499851226806641, 0.017945706844329834], "k_pid_vsp": [400.0, 387.81634521484375, 6.1009416580200195]}, "datetime": {"datetime": "2025-08-13 15:40:08", "elapsed": 21136.645711660385, "delta": 30.90967345237732}, "costs": {"total_cost": 1739.725877106434, "time_cost": 150, "final_distance_cost": 51.979869856072824, "oscillation_cost": 729.3932606304649, "completition_cost": 666.6666666666667, "overshoot_cost": 84.66835193356168, "power_cost": 27.18003973388672, "noise_cost": 29.83768828578098, "n_waypoints_completed": 3, "tot_waypoints": 9}}
{"target": -523.473712107212, "params": {"k_pid_pos": [0.6166537404060364, 0.5399576425552368, 0.04380038380622864], "k_pid_alt": [1.4901161193847656e-06, 1.0, 0.9701360464096069], "k_pid_att": [100.0, 8.781878471374512, 0.819149374961853], "k_pid_yaw": [0.5, 1e-06, 0.1], "k_pid_hsp": [9.872661590576172, 0.9765688180923462, 0.014011472463607788], "k_pid_vsp": [400.0, 393.88360595703125, 18.924917221069336]}, "datetime": {"datetime": "2025-08-13 15:40:40", "elapsed": 21168.37832593918, "delta": 31.732614278793335}, "costs": {"total_cost": 523.473712107212, "time_cost": 150, "final_distance_cost": 30.65886636850998, "oscillation_cost": 103.8904315955165, "completition_cost": 111.11111111111116, "overshoot_cost": 68.95875950744346, "power_cost": 30.205391564941408, "noise_cost": 28.649151959689522, "n_waypoints_completed": 8, "tot_waypoints": 9}}
{"target": -909.0498721307282, "params": {"k_pid_pos": [0.2540702521800995, 0.060201674699783325, 0.1839551329612732], "k_pid_alt": [0.00010192394256591797, 0.9999948740005493, 0.9737075567245483], "k_pid_att": [99.9977798461914, 6.096192836761475, 0.9574289321899414], "k_pid_yaw": [0.5, 1e-06, 0.1], "k_pid_hsp": [9.973715782165527, 0.9777208566665649, 0.044607967138290405], "k_pid_vsp": [400.0, 397.4805908203125, 7.35676383972168]}, "datetime": {"datetime": "2025-08-13 15:41:10", "elapsed": 21198.496698141098, "delta": 30.118372201919556}, "costs": {"total_cost": 909.0498721307282, "time_cost": 150, "final_distance_cost": 73.20394456534952, "oscillation_cost": 346.70147264691906, "completition_cost": 222.2222222222222, "overshoot_cost": 63.526618801548665, "power_cost": 24.913920361328127, "noise_cost": 28.481693533360772, "n_waypoints_completed": 7, "tot_waypoints": 9}}
{"target": -1228.3828386031505, "params": {"k_pid_pos": [0.029306424781680107, 0.05212780833244324, 0.16880792379379272], "k_pid_alt": [1.1801719665527344e-05, 1.0, 0.6820168495178223], "k_pid_att": [2.9727725982666016, 0.00040368264308199286, 0.9805200099945068], "k_pid_yaw": [0.5, 1e-06, 0.1], "k_pid_hsp": [9.962584495544434, 0.9732023477554321, 0.017567753791809082], "k_pid_vsp": [400.0, 345.0574035644531, 45.500244140625]}, "datetime": {"datetime": "2025-08-13 15:41:40", "elapsed": 21228.726056575775, "delta": 30.229358434677124}, "costs": {"total_cost": 1228.3828386031505, "time_cost": 150, "final_distance_cost": 88.87892133153372, "oscillation_cost": 43.02416364641696, "completition_cost": 777.7777777777778, "overshoot_cost": 89.12034266547016, "power_cost": 45.211899975585936, "noise_cost": 34.36973320636586, "n_waypoints_completed": 2, "tot_waypoints": 9}}
