{"target": -1294.3483287641122, "params": {"k_pid_pos": [0.015494990162551403, 0.016422361135482788, 0.06637224555015564], "k_pid_alt": [5.125999450683594e-06, 1.0, 0.9703030586242676], "k_pid_att": [100.0, 0.00010476831812411547, 0.9838711619377136], "k_pid_yaw": [0.5, 1e-06, 0.1], "k_pid_hsp": [8.965892791748047, 0.9566421508789062, 0.026221543550491333], "k_pid_vsp": [399.9990539550781, 391.86737060546875, 8.192826271057129]}, "datetime": {"datetime": "2025-08-13 21:04:18", "elapsed": 40586.33300757408, "delta": 28.59111189842224}, "costs": {"total_cost": 1294.3483287641122, "time_cost": 150, "final_distance_cost": 62.21066403661207, "oscillation_cost": 47.483253095349745, "completition_cost": 888.8888888888888, "overshoot_cost": 85.26056735119428, "power_cost": 30.31537722167969, "noise_cost": 30.18957817038773, "n_waypoints_completed": 1, "tot_waypoints": 9}}
{"target": -1335.9879415106843, "params": {"k_pid_pos": [0.004731347318738699, 0.15680396556854248, 0.0540962815284729], "k_pid_alt": [1.9999905824661255, 1.0, 0.9747951626777649], "k_pid_att": [100.0, 0.0006039522122591734, 0.9867972135543823], "k_pid_yaw": [0.5, 1e-06, 0.1], "k_pid_hsp": [8.342791557312012, 0.9845904111862183, 0.026386290788650513], "k_pid_vsp": [400.0, 395.94024658203125, 5.65695858001709]}, "datetime": {"datetime": "2025-08-13 21:04:48", "elapsed": 40616.636144161224, "delta": 30.303136587142944}, "costs": {"total_cost": 1335.9879415106843, "time_cost": 150, "final_distance_cost": 59.721807855776945, "oscillation_cost": 311.2128211942046, "completition_cost": 666.6666666666667, "overshoot_cost": 95.04919929291519, "power_cost": 24.236398449707032, "noise_cost": 29.101048051413855, "n_waypoints_completed": 3, "tot_waypoints": 9}}
{"target": -1434.4725482307938, "params": {"k_pid_pos": [0.007786171045154333, 0.009939253330230713, 0.026319146156311035], "k_pid_alt": [1.0132789611816406e-06, 1.0, 0.9313411116600037], "k_pid_att": [100.0, 9.999999747378752e-05, 0.9904645085334778], "k_pid_yaw": [0.5, 1e-06, 0.1], "k_pid_hsp": [9.832520484924316, 0.9896994829177856, 0.060994863510131836], "k_pid_vsp": [400.0, 394.0656433105469, 45.35990905761719]}, "datetime": {"datetime": "2025-08-13 21:05:17", "elapsed": 40645.900735616684, "delta": 29.264591455459595}, "costs": {"total_cost": 1434.4725482307938, "time_cost": 150, "final_distance_cost": 63.85307620382088, "oscillation_cost": 173.97734759660725, "completition_cost": 888.8888888888888, "overshoot_cost": 95.22589793217236, "power_cost": 34.900621618652345, "noise_cost": 27.626715990652116, "n_waypoints_completed": 1, "tot_waypoints": 9}}
{"target": -1034.0506629192685, "params": {"k_pid_pos": [0.07750855386257172, 0.05228123068809509, 0.01788240671157837], "k_pid_alt": [0.0, 1.0, 0.9495624899864197], "k_pid_att": [100.0, 0.0004957708879373968, 0.9736116528511047], "k_pid_yaw": [0.5, 1e-06, 0.1], "k_pid_hsp": [9.012258529663086, 0.9742330312728882, 0.028056800365447998], "k_pid_vsp": [400.0, 391.9976806640625, 2.051199436187744]}, "datetime": {"datetime": "2025-08-13 21:05:47", "elapsed": 40675.804788827896, "delta": 29.904053211212158}, "costs": {"total_cost": 1034.0506629192685, "time_cost": 150, "final_distance_cost": 45.64846603686729, "oscillation_cost": 146.83142360861527, "completition_cost": 555.5555555555555, "overshoot_cost": 79.02768794447185, "power_cost": 25.370960571289064, "noise_cost": 31.616569202469396, "n_waypoints_completed": 4, "tot_waypoints": 9}}
{"target": -1531.1637368031252, "params": {"k_pid_pos": [0.08647306263446808, 0.017097771167755127, 0.11096233129501343], "k_pid_alt": [3.039836883544922e-06, 0.0008171796798706055, 0.9461522102355957], "k_pid_att": [99.98685455322266, 9.999999747378752e-05, 0.9709458947181702], "k_pid_yaw": [0.5, 1e-06, 0.1], "k_pid_hsp": [9.839441299438477, 0.9741242527961731, 0.030272752046585083], "k_pid_vsp": [400.0, 343.9305114746094, 31.548728942871094]}, "datetime": {"datetime": "2025-08-13 21:06:16", "elapsed": 40705.08670043945, "delta": 29.281911611557007}, "costs": {"total_cost": 1531.1637368031252, "time_cost": 150, "final_distance_cost": 2.3591511163777397, "oscillation_cost": 102.02895730625357, "completition_cost": 1000.0, "overshoot_cost": 158.65235638025504, "power_cost": 29.895650439453128, "noise_cost": 88.22762156078565, "n_waypoints_completed": 0, "tot_waypoints": 9}}
{"target": -804.3581478710122, "params": {"k_pid_pos": [0.12094374746084213, 0.07943034172058105, 0.00486639142036438], "k_pid_alt": [0.0, 1.0, 0.9765075445175171], "k_pid_att": [100.0, 0.0019513017032295465, 0.9836378693580627], "k_pid_yaw": [0.5, 1e-06, 0.1], "k_pid_hsp": [8.65426254272461, 0.9440304040908813, 0.052918702363967896], "k_pid_vsp": [400.0, 386.7668762207031, 12.592400550842285]}, "datetime": {"datetime": "2025-08-13 21:06:47", "elapsed": 40735.33526301384, "delta": 30.248562574386597}, "costs": {"total_cost": 804.3581478710122, "time_cost": 150, "final_distance_cost": 51.61349885060775, "oscillation_cost": 139.48326861939114, "completition_cost": 333.33333333333337, "overshoot_cost": 67.80937936911991, "power_cost": 31.604606286621095, "noise_cost": 30.51406141193887, "n_waypoints_completed": 6, "tot_waypoints": 9}}
{"target": -1224.2454832859087, "params": {"k_pid_pos": [0.0868767499923706, 0.05275321006774902, 0.24703526496887207], "k_pid_alt": [1.8537044525146484e-05, 0.9999982714653015, 0.9435318112373352], "k_pid_att": [100.0, 9.999999747378752e-05, 0.9810411334037781], "k_pid_yaw": [0.5, 1e-06, 0.1], "k_pid_hsp": [9.889431953430176, 0.9697279334068298, 0.0296170711517334], "k_pid_vsp": [400.0, 397.42822265625, 0.587738573551178]}, "datetime": {"datetime": "2025-08-13 21:07:16", "elapsed": 40764.26475763321, "delta": 28.929494619369507}, "costs": {"total_cost": 1224.2454832859087, "time_cost": 150, "final_distance_cost": 51.504141113756546, "oscillation_cost": 217.99640640696032, "completition_cost": 666.6666666666667, "overshoot_cost": 74.35078257086302, "power_cost": 30.652963916015626, "noise_cost": 33.0745226116465, "n_waypoints_completed": 3, "tot_waypoints": 9}}
{"target": -1056.440762131672, "params": {"k_pid_pos": [0.04091241955757141, 0.07665583491325378, 0.006603240966796875], "k_pid_alt": [0.0, 0.9999988079071045, 0.9361187219619751], "k_pid_att": [1.8934547901153564, 9.999999747378752e-05, 0.9706178903579712], "k_pid_yaw": [0.5, 1e-06, 0.1], "k_pid_hsp": [9.770235061645508, 0.9943989515304565, 0.02630600333213806], "k_pid_vsp": [400.0, 385.75189208984375, 3.486121654510498]}, "datetime": {"datetime": "2025-08-13 21:07:45", "elapsed": 40794.07083964348, "delta": 29.806082010269165}, "costs": {"total_cost": 1056.440762131672, "time_cost": 150, "final_distance_cost": 53.379458734932236, "oscillation_cost": 43.48582283548817, "completition_cost": 666.6666666666667, "overshoot_cost": 85.02386448463528, "power_cost": 24.196150720214845, "noise_cost": 33.68879868973485, "n_waypoints_completed": 3, "tot_waypoints": 9}}
{"target": -1184.162287991181, "params": {"k_pid_pos": [0.026921464130282402, 0.020650357007980347, 0.012914955615997314], "k_pid_alt": [0.00044667720794677734, 0.9999999403953552, 0.9906463623046875], "k_pid_att": [100.0, 9.999999747378752e-05, 0.9879558086395264], "k_pid_yaw": [0.5, 1e-06, 0.1], "k_pid_hsp": [8.773049354553223, 0.9575293064117432, 0.013044953346252441], "k_pid_vsp": [400.0, 366.4976501464844, 15.431476593017578]}, "datetime": {"datetime": "2025-08-13 21:08:15", "elapsed": 40823.548582315445, "delta": 29.477742671966553}, "costs": {"total_cost": 1184.162287991181, "time_cost": 150, "final_distance_cost": 86.69195353938913, "oscillation_cost": 30.623772389872077, "completition_cost": 777.7777777777778, "overshoot_cost": 77.41377318592033, "power_cost": 31.933602966308595, "noise_cost": 29.72140813191316, "n_waypoints_completed": 2, "tot_waypoints": 9}}
{"target": -1179.0342194169739, "params": {"k_pid_pos": [0.017768139019608498, 0.034758150577545166, 0.006969034671783447], "k_pid_alt": [0.0, 1.0, 0.9796209931373596], "k_pid_att": [100.0, 9.999999747378752e-05, 0.9941433668136597], "k_pid_yaw": [0.5, 1e-06, 0.1], "k_pid_hsp": [9.66562271118164, 0.9463551640510559, 0.016484349966049194], "k_pid_vsp": [392.0500183105469, 396.10137939453125, 6.206155776977539]}, "datetime": {"datetime": "2025-08-13 21:08:44", "elapsed": 40852.1302819252, "delta": 28.58169960975647}, "costs": {"total_cost": 1179.0342194169739, "time_cost": 150, "final_distance_cost": 82.36412785395243, "oscillation_cost": 33.09308274059516, "completition_cost": 777.7777777777778, "overshoot_cost": 83.27703822617414, "power_cost": 22.462287524414062, "noise_cost": 30.059905294060115, "n_waypoints_completed": 2, "tot_waypoints": 9}}
{"target": -1096.22442479434, "params": {"k_pid_pos": [0.031388670206069946, 0.08763048052787781, 0.10446465015411377], "k_pid_alt": [0.09891372919082642, 1.0, 0.9364670515060425], "k_pid_att": [100.0, 9.999999747378752e-05, 0.9718133211135864], "k_pid_yaw": [0.5, 1e-06, 0.1], "k_pid_hsp": [9.644311904907227, 0.990199863910675, 0.01209518313407898], "k_pid_vsp": [386.21783447265625, 389.49285888671875, 7.0376763343811035]}, "datetime": {"datetime": "2025-08-13 21:09:14", "elapsed": 40882.892676115036, "delta": 30.762394189834595}, "costs": {"total_cost": 1096.22442479434, "time_cost": 150, "final_distance_cost": 64.38046699929495, "oscillation_cost": 66.75511869175527, "completition_cost": 666.6666666666667, "overshoot_cost": 89.37915102102492, "power_cost": 28.53299060058594, "noise_cost": 30.51003081501214, "n_waypoints_completed": 3, "tot_waypoints": 9}}
{"target": -1238.7404479669362, "params": {"k_pid_pos": [0.01804814673960209, 0.0022111833095550537, 0.10047504305839539], "k_pid_alt": [0.0, 1.0, 0.968767523765564], "k_pid_att": [100.0, 0.01405777782201767, 0.975853681564331], "k_pid_yaw": [0.5, 1e-06, 0.1], "k_pid_hsp": [9.507430076599121, 0.9769802093505859, 0.006969869136810303], "k_pid_vsp": [400.0, 386.43408203125, 13.84797191619873]}, "datetime": {"datetime": "2025-08-13 21:09:45", "elapsed": 40913.278826236725, "delta": 30.386150121688843}, "costs": {"total_cost": 1238.7404479669362, "time_cost": 150, "final_distance_cost": 47.80779753065925, "oscillation_cost": 29.373363149739397, "completition_cost": 888.8888888888888, "overshoot_cost": 67.87264354879282, "power_cost": 27.612007263183596, "noise_cost": 27.18574758567218, "n_waypoints_completed": 1, "tot_waypoints": 9}}
{"target": -921.0514812735173, "params": {"k_pid_pos": [0.11893612146377563, 0.008757531642913818, 0.08279076218605042], "k_pid_alt": [1.8747872114181519, 1.0, 0.9910157322883606], "k_pid_att": [100.0, 9.999999747378752e-05, 0.9909080266952515], "k_pid_yaw": [0.5, 1e-06, 0.1], "k_pid_hsp": [9.298075675964355, 0.9842464923858643, 0.00998222827911377], "k_pid_vsp": [399.6929626464844, 381.0193176269531, 2.5188217163085938]}, "datetime": {"datetime": "2025-08-13 21:10:14", "elapsed": 40943.06303071976, "delta": 29.784204483032227}, "costs": {"total_cost": 921.0514812735173, "time_cost": 150, "final_distance_cost": 50.49575697942231, "oscillation_cost": 46.61217543950463, "completition_cost": 555.5555555555555, "overshoot_cost": 59.30662091579885, "power_cost": 26.128906005859378, "noise_cost": 32.95246637737667, "n_waypoints_completed": 4, "tot_waypoints": 9}}
{"target": -610.8416293558365, "params": {"k_pid_pos": [0.10768041014671326, 0.0818677544593811, 0.013555735349655151], "k_pid_alt": [2.0, 1.0, 0.9648141860961914], "k_pid_att": [100.0, 0.000101788122265134, 0.9877642393112183], "k_pid_yaw": [0.5, 1e-06, 0.1], "k_pid_hsp": [9.967329025268555, 0.9067092537879944, 0.059873759746551514], "k_pid_vsp": [400.0, 393.73065185546875, 5.808974266052246]}, "datetime": {"datetime": "2025-08-13 21:10:44", "elapsed": 40972.517178058624, "delta": 29.454147338867188}, "costs": {"total_cost": 610.8416293558365, "time_cost": 150, "final_distance_cost": 47.019062307025074, "oscillation_cost": 166.70201041797065, "completition_cost": 111.11111111111116, "overshoot_cost": 67.87624071112047, "power_cost": 34.84292788085938, "noise_cost": 33.290276927749765, "n_waypoints_completed": 8, "tot_waypoints": 9}}
{"target": -1131.4694496805466, "params": {"k_pid_pos": [0.38293924927711487, 0.0038431286811828613, 0.018185526132583618], "k_pid_alt": [0.0, 0.9999626874923706, 0.9813677072525024], "k_pid_att": [100.0, 1.0983809232711792, 0.9249650239944458], "k_pid_yaw": [0.5, 1e-06, 0.1], "k_pid_hsp": [9.80114459991455, 0.9693834781646729, 0.2074018120765686], "k_pid_vsp": [400.0, 389.46429443359375, 8.842289924621582]}, "datetime": {"datetime": "2025-08-13 21:11:15", "elapsed": 41003.88118863106, "delta": 31.36401057243347}, "costs": {"total_cost": 1131.4694496805466, "time_cost": 150, "final_distance_cost": 65.35883390149519, "oscillation_cost": 677.6679228282617, "completition_cost": 111.11111111111116, "overshoot_cost": 75.5391638400795, "power_cost": 25.229026196289063, "noise_cost": 26.56339180330973, "n_waypoints_completed": 8, "tot_waypoints": 9}}
{"target": -1731.7983420043306, "params": {"k_pid_pos": [0.10536863654851913, 0.005634188652038574, 0.017003238201141357], "k_pid_alt": [0.0, 1.0, 0.9897435903549194], "k_pid_att": [100.0, 0.00010089405986946076, 0.9018375873565674], "k_pid_yaw": [0.5, 1e-06, 0.1], "k_pid_hsp": [9.834556579589844, 0.9433001279830933, 0.11409470438957214], "k_pid_vsp": [399.99871826171875, 364.74114990234375, 76.50753021240234]}, "datetime": {"datetime": "2025-08-13 21:11:45", "elapsed": 41033.70853853226, "delta": 29.82734990119934}, "costs": {"total_cost": 1731.7983420043306, "time_cost": 150, "final_distance_cost": 52.28097418883493, "oscillation_cost": 735.5839558939288, "completition_cost": 666.6666666666667, "overshoot_cost": 69.01773371887008, "power_cost": 31.336759570312502, "noise_cost": 26.912251965717687, "n_waypoints_completed": 3, "tot_waypoints": 9}}
{"target": -1228.2739505139643, "params": {"k_pid_pos": [0.025869792327284813, 0.04713064432144165, 0.006465137004852295], "k_pid_alt": [0.0, 0.9999999403953552, 0.8280200362205505], "k_pid_att": [99.99983215332031, 9.970800399780273, 0.9187769293785095], "k_pid_yaw": [0.5, 1e-06, 0.1], "k_pid_hsp": [9.89317512512207, 0.9901925325393677, 0.03063783049583435], "k_pid_vsp": [399.99993896484375, 323.4080810546875, 15.466094970703125]}, "datetime": {"datetime": "2025-08-13 21:12:14", "elapsed": 41062.28262472153, "delta": 28.57408618927002}, "costs": {"total_cost": 1228.2739505139643, "time_cost": 150, "final_distance_cost": 93.54481531203932, "oscillation_cost": 67.65640446781522, "completition_cost": 777.7777777777778, "overshoot_cost": 87.42960373535676, "power_cost": 24.87022762451172, "noise_cost": 26.99512159646359, "n_waypoints_completed": 2, "tot_waypoints": 9}}
{"target": -1323.7794119936177, "params": {"k_pid_pos": [0.008884629234671593, 0.015366524457931519, 0.028940200805664062], "k_pid_alt": [0.0, 1.0, 0.9883644580841064], "k_pid_att": [100.0, 0.00010029802069766447, 0.9721429944038391], "k_pid_yaw": [0.5, 1e-06, 0.1], "k_pid_hsp": [9.791313171386719, 0.9818555116653442, 0.02759978175163269], "k_pid_vsp": [400.0, 388.8572998046875, 2.1167526245117188]}, "datetime": {"datetime": "2025-08-13 21:12:42", "elapsed": 41091.10861492157, "delta": 28.825990200042725}, "costs": {"total_cost": 1323.7794119936177, "time_cost": 150, "final_distance_cost": 53.239277658988215, "oscillation_cost": 78.16700933134057, "completition_cost": 888.8888888888888, "overshoot_cost": 100.5920567824822, "power_cost": 23.44523846435547, "noise_cost": 29.44694086756245, "n_waypoints_completed": 1, "tot_waypoints": 9}}
{"target": -608.6756814866553, "params": {"k_pid_pos": [0.21993513405323029, 0.03249382972717285, 0.04096066951751709], "k_pid_alt": [1.1920928955078125e-07, 1.0, 0.990959882736206], "k_pid_att": [99.62438201904297, 9.999999747378752e-05, 0.9861428737640381], "k_pid_yaw": [0.5, 1e-06, 0.1], "k_pid_hsp": [9.755803108215332, 0.9719442129135132, 0.026276051998138428], "k_pid_vsp": [400.0, 349.85345458984375, 16.5106201171875]}, "datetime": {"datetime": "2025-08-13 21:13:12", "elapsed": 41120.91782283783, "delta": 29.809207916259766}, "costs": {"total_cost": 608.6756814866553, "time_cost": 150, "final_distance_cost": 67.0387193026306, "oscillation_cost": 152.9554551712597, "completition_cost": 111.11111111111116, "overshoot_cost": 65.65973005283614, "power_cost": 31.30134685058594, "noise_cost": 30.60931899823184, "n_waypoints_completed": 8, "tot_waypoints": 9}}
{"target": -497.9896005356743, "params": {"k_pid_pos": [0.28661149740219116, 0.05339163541793823, 0.008157879114151001], "k_pid_alt": [0.0, 1.0, 0.9348910450935364], "k_pid_att": [99.99995422363281, 6.133852005004883, 0.8669061660766602], "k_pid_yaw": [0.5, 1e-06, 0.1], "k_pid_hsp": [9.818365097045898, 0.9805879592895508, 0.03412148356437683], "k_pid_vsp": [332.8751525878906, 396.83099365234375, 9.383870124816895]}, "datetime": {"datetime": "2025-08-13 21:13:43", "elapsed": 41151.13592028618, "delta": 30.218097448349}, "costs": {"total_cost": 497.9896005356743, "time_cost": 150, "final_distance_cost": 5.716011870896442, "oscillation_cost": 93.2238592563489, "completition_cost": 111.11111111111116, "overshoot_cost": 73.06578491284145, "power_cost": 33.283093896484374, "noise_cost": 31.58973948799201, "n_waypoints_completed": 8, "tot_waypoints": 9}}
{"target": -951.2713239877065, "params": {"k_pid_pos": [0.09163522720336914, 0.048875391483306885, 0.030103743076324463], "k_pid_alt": [0.0030300021171569824, 0.47849979996681213, 0.989099383354187], "k_pid_att": [100.0, 9.999999747378752e-05, 0.9908329248428345], "k_pid_yaw": [0.5, 1e-06, 0.1], "k_pid_hsp": [9.857754707336426, 0.9550701379776001, 0.019269168376922607], "k_pid_vsp": [400.0, 390.9984130859375, 8.225811958312988]}, "datetime": {"datetime": "2025-08-13 21:14:12", "elapsed": 41180.35973215103, "delta": 29.223811864852905}, "costs": {"total_cost": 951.2713239877065, "time_cost": 150, "final_distance_cost": 43.12150925921586, "oscillation_cost": 71.55178195230621, "completition_cost": 555.5555555555555, "overshoot_cost": 74.75611139789407, "power_cost": 24.59540418701172, "noise_cost": 31.69096163572318, "n_waypoints_completed": 4, "tot_waypoints": 9}}
{"target": -1065.1507107075047, "params": {"k_pid_pos": [0.0789397731423378, 0.05919557809829712, 0.07189258933067322], "k_pid_alt": [5.960464477539063e-08, 1.0, 0.8911411762237549], "k_pid_att": [100.0, 9.999999747378752e-05, 0.9423816204071045], "k_pid_yaw": [0.5, 1e-06, 0.1], "k_pid_hsp": [9.831384658813477, 0.9886703491210938, 0.03438800573348999], "k_pid_vsp": [400.0, 395.2585754394531, 13.47502613067627]}, "datetime": {"datetime": "2025-08-13 21:14:43", "elapsed": 41211.789417505264, "delta": 31.429685354232788}, "costs": {"total_cost": 1065.1507107075047, "time_cost": 150, "final_distance_cost": 47.374651455799174, "oscillation_cost": 168.39400881179722, "completition_cost": 555.5555555555555, "overshoot_cost": 79.75893750243489, "power_cost": 33.54255599365234, "noise_cost": 30.525001388265576, "n_waypoints_completed": 4, "tot_waypoints": 9}}
{"target": -939.7810644597249, "params": {"k_pid_pos": [0.043187595903873444, 0.08530330657958984, 0.005959570407867432], "k_pid_alt": [1.9978795051574707, 1.0, 0.9809788465499878], "k_pid_att": [100.0, 9.999999747378752e-05, 0.9837308526039124], "k_pid_yaw": [0.5, 1e-06, 0.1], "k_pid_hsp": [9.565935134887695, 0.9912024140357971, 0.020865261554718018], "k_pid_vsp": [400.0, 389.3289489746094, 3.8322458267211914]}, "datetime": {"datetime": "2025-08-13 21:15:13", "elapsed": 41241.48277950287, "delta": 29.69336199760437}, "costs": {"total_cost": 939.7810644597249, "time_cost": 150, "final_distance_cost": 51.638246240671286, "oscillation_cost": 47.36422757633551, "completition_cost": 555.5555555555555, "overshoot_cost": 74.68285618901523, "power_cost": 27.2166853515625, "noise_cost": 33.32349354658479, "n_waypoints_completed": 4, "tot_waypoints": 9}}
{"target": -783.8796217720721, "params": {"k_pid_pos": [0.17855215072631836, 0.030674278736114502, 0.018158406019210815], "k_pid_alt": [0.0, 0.9999999403953552, 0.9970362186431885], "k_pid_att": [100.0, 0.00019328034250065684, 0.9124429225921631], "k_pid_yaw": [0.5, 1e-06, 0.1], "k_pid_hsp": [8.972125053405762, 0.7915686368942261, 0.021848976612091064], "k_pid_vsp": [399.970703125, 387.72113037109375, 15.1348237991333]}, "datetime": {"datetime": "2025-08-13 21:15:43", "elapsed": 41271.13537764549, "delta": 29.6525981426239}, "costs": {"total_cost": 783.8796217720721, "time_cost": 150, "final_distance_cost": 65.22830207282858, "oscillation_cost": 106.18605448195885, "completition_cost": 333.33333333333337, "overshoot_cost": 67.22558710559423, "power_cost": 30.92060411376953, "noise_cost": 30.98574066458765, "n_waypoints_completed": 6, "tot_waypoints": 9}}
{"target": -842.8477339373834, "params": {"k_pid_pos": [0.1905171275138855, 0.019862741231918335, 0.0056927502155303955], "k_pid_alt": [0.0004412531852722168, 1.0, 0.9965145587921143], "k_pid_att": [96.99022674560547, 0.0030122539028525352, 0.9490920305252075], "k_pid_yaw": [0.5, 1e-06, 0.1], "k_pid_hsp": [9.741878509521484, 0.9465097188949585, 0.027367115020751953], "k_pid_vsp": [400.0, 394.61688232421875, 4.861534595489502]}, "datetime": {"datetime": "2025-08-13 21:16:13", "elapsed": 41301.57260274887, "delta": 30.437225103378296}, "costs": {"total_cost": 842.8477339373834, "time_cost": 150, "final_distance_cost": 63.90044448473554, "oscillation_cost": 163.16470773494117, "completition_cost": 333.33333333333337, "overshoot_cost": 67.08586329316832, "power_cost": 31.972974060058597, "noise_cost": 33.39041103114627, "n_waypoints_completed": 6, "tot_waypoints": 9}}
