{"target": -1157.8341040329442, "params": {"k_pid_pos": [0.03874494507908821, 0.012328773736953735, 0.049174487590789795], "k_pid_alt": [0.0, 1.0, 0.9852842092514038], "k_pid_att": [100.0, 9.999999747378752e-05, 0.9939493536949158], "k_pid_yaw": [0.5, 1e-06, 0.1], "k_pid_hsp": [9.878525733947754, 0.9881787300109863, 0.0022544562816619873], "k_pid_vsp": [400.0, 395.3248596191406, 32.08259201049805]}, "datetime": {"datetime": "2025-08-14 02:43:48", "elapsed": 60956.85274100304, "delta": 30.094045162200928}, "costs": {"total_cost": 1157.8341040329442, "time_cost": 150, "final_distance_cost": 77.37272480220054, "oscillation_cost": 22.588341727172306, "completition_cost": 777.7777777777778, "overshoot_cost": 73.19969509135329, "power_cost": 29.396097973632813, "noise_cost": 27.499466660807457, "n_waypoints_completed": 2, "tot_waypoints": 9}}
{"target": -2015.9895641337623, "params": {"k_pid_pos": [0.012632560916244984, 0.03259739279747009, 0.07702058553695679], "k_pid_alt": [0.0, 1.0, 0.9338647723197937], "k_pid_att": [100.0, 9.999999747378752e-05, 0.8775239586830139], "k_pid_yaw": [0.5, 1e-06, 0.1], "k_pid_hsp": [8.27641487121582, 0.9866487979888916, 0.1396900713443756], "k_pid_vsp": [375.5904541015625, 335.8453063964844, 10.3496675491333]}, "datetime": {"datetime": "2025-08-14 02:44:18", "elapsed": 60987.07564544678, "delta": 30.222904443740845}, "costs": {"total_cost": 2015.9895641337623, "time_cost": 150, "final_distance_cost": 74.18412541860768, "oscillation_cost": 760.1929846542994, "completition_cost": 888.8888888888888, "overshoot_cost": 86.41942292396735, "power_cost": 29.394309204101564, "noise_cost": 26.909833043897276, "n_waypoints_completed": 1, "tot_waypoints": 9}}
{"target": -1091.8358879493596, "params": {"k_pid_pos": [0.07875625789165497, 0.06402552127838135, 0.016367673873901367], "k_pid_alt": [0.0, 1.0, 0.9954567551612854], "k_pid_att": [100.0, 0.0010113458847627044, 0.951967716217041], "k_pid_yaw": [0.5, 1e-06, 0.1], "k_pid_hsp": [9.968636512756348, 0.7771527767181396, 0.05498132109642029], "k_pid_vsp": [400.0, 382.11553955078125, 1.4928946495056152]}, "datetime": {"datetime": "2025-08-14 02:44:48", "elapsed": 61016.523268938065, "delta": 29.44762349128723}, "costs": {"total_cost": 1091.8358879493596, "time_cost": 150, "final_distance_cost": 53.56206700586555, "oscillation_cost": 84.91401070830005, "completition_cost": 666.6666666666667, "overshoot_cost": 71.6996056932002, "power_cost": 30.93300006103516, "noise_cost": 34.060537814291955, "n_waypoints_completed": 3, "tot_waypoints": 9}}
{"target": -1115.5771046033612, "params": {"k_pid_pos": [0.07600010186433792, 0.030673623085021973, 0.02091294527053833], "k_pid_alt": [0.005459845066070557, 1.0, 0.992546021938324], "k_pid_att": [100.0, 9.999999747378752e-05, 0.9693795442581177], "k_pid_yaw": [0.5, 1e-06, 0.1], "k_pid_hsp": [9.854307174682617, 0.9819931983947754, 0.011412739753723145], "k_pid_vsp": [400.0, 397.34765625, 0.38421255350112915]}, "datetime": {"datetime": "2025-08-14 02:45:16", "elapsed": 61044.81232833862, "delta": 28.28905940055847}, "costs": {"total_cost": 1115.5771046033612, "time_cost": 150, "final_distance_cost": 55.27430536068215, "oscillation_cost": 112.71170541254648, "completition_cost": 666.6666666666667, "overshoot_cost": 75.41054136583504, "power_cost": 23.688202636718753, "noise_cost": 31.825683160912074, "n_waypoints_completed": 3, "tot_waypoints": 9}}
{"target": -1205.3199224932591, "params": {"k_pid_pos": [0.0444127656519413, 0.03368574380874634, 0.017416685819625854], "k_pid_alt": [0.0, 1.0, 0.9241490960121155], "k_pid_att": [100.0, 9.999999747378752e-05, 0.9997451305389404], "k_pid_yaw": [0.5, 1e-06, 0.1], "k_pid_hsp": [9.969710350036621, 0.9963575601577759, 0.028949618339538574], "k_pid_vsp": [400.0, 392.59490966796875, 5.01613712310791]}, "datetime": {"datetime": "2025-08-14 02:45:48", "elapsed": 61076.284811258316, "delta": 31.472482919692993}, "costs": {"total_cost": 1205.3199224932591, "time_cost": 150, "final_distance_cost": 83.83885483969755, "oscillation_cost": 66.02604456834894, "completition_cost": 777.7777777777778, "overshoot_cost": 72.75195266196455, "power_cost": 24.834760754394534, "noise_cost": 30.090531891075766, "n_waypoints_completed": 2, "tot_waypoints": 9}}
{"target": -1219.5393491237007, "params": {"k_pid_pos": [0.04670081287622452, 0.010454624891281128, 0.005628794431686401], "k_pid_alt": [0.0, 1.0, 0.9690259695053101], "k_pid_att": [100.0, 0.0008787268889136612, 0.9717651009559631], "k_pid_yaw": [0.5, 1e-06, 0.1], "k_pid_hsp": [9.970162391662598, 0.9752515554428101, 0.029674381017684937], "k_pid_vsp": [400.0, 395.7169189453125, 2.91347599029541]}, "datetime": {"datetime": "2025-08-14 02:46:17", "elapsed": 61105.932111501694, "delta": 29.647300243377686}, "costs": {"total_cost": 1219.5393491237007, "time_cost": 150, "final_distance_cost": 77.66926477455203, "oscillation_cost": 93.41111537440548, "completition_cost": 777.7777777777778, "overshoot_cost": 71.66103867570963, "power_cost": 21.12576979980469, "noise_cost": 27.89438272145122, "n_waypoints_completed": 2, "tot_waypoints": 9}}
{"target": -1156.9383289817465, "params": {"k_pid_pos": [0.03582976758480072, 0.07652503252029419, 0.008321821689605713], "k_pid_alt": [0.0, 1.0, 0.9490032196044922], "k_pid_att": [100.0, 9.999999747378752e-05, 0.9847900867462158], "k_pid_yaw": [0.5, 1e-06, 0.1], "k_pid_hsp": [9.809017181396484, 0.9591641426086426, 0.049150675535202026], "k_pid_vsp": [400.0, 397.8960266113281, 3.0139098167419434]}, "datetime": {"datetime": "2025-08-14 02:46:46", "elapsed": 61134.56439566612, "delta": 28.63228416442871}, "costs": {"total_cost": 1156.9383289817465, "time_cost": 150, "final_distance_cost": 53.18771688599309, "oscillation_cost": 144.30397871339366, "completition_cost": 666.6666666666667, "overshoot_cost": 87.66097005444377, "power_cost": 24.894216735839844, "noise_cost": 30.224779925409493, "n_waypoints_completed": 3, "tot_waypoints": 9}}
{"target": -1145.994182143345, "params": {"k_pid_pos": [0.07841300964355469, 0.018394887447357178, 0.11241015791893005], "k_pid_alt": [0.0005671381950378418, 1.0, 0.9658070206642151], "k_pid_att": [100.0, 9.999999747378752e-05, 0.9297302961349487], "k_pid_yaw": [0.5, 1e-06, 0.1], "k_pid_hsp": [9.961127281188965, 0.9706089496612549, 0.006839632987976074], "k_pid_vsp": [400.0, 398.4909973144531, 2.366913318634033]}, "datetime": {"datetime": "2025-08-14 02:47:15", "elapsed": 61163.62596487999, "delta": 29.061569213867188}, "costs": {"total_cost": 1145.994182143345, "time_cost": 150, "final_distance_cost": 71.52278459067817, "oscillation_cost": 127.87438458408946, "completition_cost": 666.6666666666667, "overshoot_cost": 72.02121702900868, "power_cost": 26.85840964355469, "noise_cost": 31.050719629347096, "n_waypoints_completed": 3, "tot_waypoints": 9}}
{"target": -1200.5203209449512, "params": {"k_pid_pos": [0.05417247861623764, 0.00618433952331543, 0.03589987754821777], "k_pid_alt": [0.0, 1.0, 0.9766145944595337], "k_pid_att": [99.99998474121094, 9.999999747378752e-05, 0.9517880082130432], "k_pid_yaw": [0.5, 1e-06, 0.1], "k_pid_hsp": [9.833548545837402, 0.9828984141349792, 0.02785956859588623], "k_pid_vsp": [399.999267578125, 395.9048156738281, 8.356953620910645]}, "datetime": {"datetime": "2025-08-14 02:47:44", "elapsed": 61192.67499470711, "delta": 29.04902982711792}, "costs": {"total_cost": 1200.5203209449512, "time_cost": 150, "final_distance_cost": 76.59949863042439, "oscillation_cost": 76.49024246962551, "completition_cost": 777.7777777777778, "overshoot_cost": 69.52060859747428, "power_cost": 21.990966442871095, "noise_cost": 28.14122702677809, "n_waypoints_completed": 2, "tot_waypoints": 9}}
{"target": -1475.3961896352528, "params": {"k_pid_pos": [0.010732877068221569, 0.016125261783599854, 0.011519134044647217], "k_pid_alt": [0.0, 1.0, 0.9976892471313477], "k_pid_att": [100.0, 9.999999747378752e-05, 0.9984645843505859], "k_pid_yaw": [0.5, 1e-06, 0.1], "k_pid_hsp": [9.770790100097656, 0.9668930768966675, 0.06363824009895325], "k_pid_vsp": [400.0, 397.98077392578125, 6.654311180114746]}, "datetime": {"datetime": "2025-08-14 02:48:13", "elapsed": 61221.514025211334, "delta": 28.839030504226685}, "costs": {"total_cost": 1475.3961896352528, "time_cost": 150, "final_distance_cost": 61.44157939115326, "oscillation_cost": 222.33387056542875, "completition_cost": 888.8888888888888, "overshoot_cost": 94.30800856798008, "power_cost": 29.225837866210938, "noise_cost": 29.19800435559085, "n_waypoints_completed": 1, "tot_waypoints": 9}}
{"target": -1169.1737507984876, "params": {"k_pid_pos": [0.04435870796442032, 0.011687934398651123, 0.016854077577590942], "k_pid_alt": [0.0, 0.9999986290931702, 0.9737138748168945], "k_pid_att": [99.83975982666016, 0.00021443975856527686, 0.9933949708938599], "k_pid_yaw": [0.5, 1e-06, 0.1], "k_pid_hsp": [9.855117797851562, 0.9597666263580322, 0.015562683343887329], "k_pid_vsp": [400.0, 395.2391052246094, 3.6854395866394043]}, "datetime": {"datetime": "2025-08-14 02:48:41", "elapsed": 61249.22232174873, "delta": 27.708296537399292}, "costs": {"total_cost": 1169.1737507984876, "time_cost": 150, "final_distance_cost": 77.9932627696553, "oscillation_cost": 30.762328371290387, "completition_cost": 777.7777777777778, "overshoot_cost": 73.19056447998776, "power_cost": 27.437141357421876, "noise_cost": 32.01267604235436, "n_waypoints_completed": 2, "tot_waypoints": 9}}
{"target": -1285.8819273195875, "params": {"k_pid_pos": [0.009043706580996513, 0.02043759822845459, 0.012073248624801636], "k_pid_alt": [0.0, 1.0, 0.9889307618141174], "k_pid_att": [100.0, 9.999999747378752e-05, 0.9956245422363281], "k_pid_yaw": [0.5, 1e-06, 0.1], "k_pid_hsp": [9.894119262695312, 0.9941350817680359, 0.013398677110671997], "k_pid_vsp": [400.0, 396.1855163574219, 37.64991760253906]}, "datetime": {"datetime": "2025-08-14 02:49:10", "elapsed": 61279.098999261856, "delta": 29.87667751312256}, "costs": {"total_cost": 1285.8819273195875, "time_cost": 150, "final_distance_cost": 56.96781494034432, "oscillation_cost": 33.34150204068576, "completition_cost": 888.8888888888888, "overshoot_cost": 99.17170127911042, "power_cost": 29.32620936279297, "noise_cost": 28.185810807765193, "n_waypoints_completed": 1, "tot_waypoints": 9}}
{"target": -1118.345526765641, "params": {"k_pid_pos": [0.07169006019830704, 0.017897069454193115, 0.027363955974578857], "k_pid_alt": [0.0, 1.0, 0.9815338850021362], "k_pid_att": [100.0, 9.999999747378752e-05, 0.8454912304878235], "k_pid_yaw": [0.5, 1e-06, 0.1], "k_pid_hsp": [9.901586532592773, 0.9890248775482178, 0.0164434015750885], "k_pid_vsp": [361.98297119140625, 394.45654296875, 5.920864105224609]}, "datetime": {"datetime": "2025-08-14 02:49:41", "elapsed": 61309.79510498047, "delta": 30.69610571861267}, "costs": {"total_cost": 1118.345526765641, "time_cost": 150, "final_distance_cost": 71.18240491876062, "oscillation_cost": 107.02039324682389, "completition_cost": 666.6666666666667, "overshoot_cost": 71.7209533219512, "power_cost": 22.472297143554687, "noise_cost": 29.282811467883853, "n_waypoints_completed": 3, "tot_waypoints": 9}}
{"target": -1042.191717990316, "params": {"k_pid_pos": [0.09983379393815994, 0.007327407598495483, 0.004901379346847534], "k_pid_alt": [2.980232238769531e-07, 1.0, 0.9849923849105835], "k_pid_att": [100.0, 9.999999747378752e-05, 0.976577639579773], "k_pid_yaw": [0.5, 1e-06, 0.1], "k_pid_hsp": [9.93980884552002, 0.9792875647544861, 0.005603313446044922], "k_pid_vsp": [399.998291015625, 383.09588623046875, 11.210394859313965]}, "datetime": {"datetime": "2025-08-14 02:50:10", "elapsed": 61338.84941029549, "delta": 29.0543053150177}, "costs": {"total_cost": 1042.191717990316, "time_cost": 150, "final_distance_cost": 52.191998520209545, "oscillation_cost": 42.22237208753583, "completition_cost": 666.6666666666667, "overshoot_cost": 69.2490720915909, "power_cost": 30.962717004394534, "noise_cost": 30.898891619918427, "n_waypoints_completed": 3, "tot_waypoints": 9}}
{"target": -1287.4985385268144, "params": {"k_pid_pos": [0.00528284115716815, 0.03790867328643799, 0.06187334656715393], "k_pid_alt": [0.0, 1.0, 0.9916972517967224], "k_pid_att": [100.0, 9.999999747378752e-05, 0.9856290817260742], "k_pid_yaw": [0.5, 1e-06, 0.1], "k_pid_hsp": [9.878959655761719, 0.9901406764984131, 0.01227724552154541], "k_pid_vsp": [400.0, 390.27386474609375, 1.4490375518798828]}, "datetime": {"datetime": "2025-08-14 02:50:40", "elapsed": 61368.35942387581, "delta": 29.510013580322266}, "costs": {"total_cost": 1287.4985385268144, "time_cost": 150, "final_distance_cost": 58.70134060860863, "oscillation_cost": 35.78920379434261, "completition_cost": 888.8888888888888, "overshoot_cost": 102.35696108348674, "power_cost": 21.936086486816407, "noise_cost": 29.826057664670934, "n_waypoints_completed": 1, "tot_waypoints": 9}}
{"target": -1430.8819607493265, "params": {"k_pid_pos": [0.009649855084717274, 0.010042905807495117, 0.10737130045890808], "k_pid_alt": [1.9315012693405151, 1.0, 0.9977482557296753], "k_pid_att": [99.99996185302734, 9.999999747378752e-05, 0.9719851613044739], "k_pid_yaw": [0.5, 1e-06, 0.1], "k_pid_hsp": [9.067334175109863, 0.974838137626648, 0.00494992733001709], "k_pid_vsp": [400.0, 395.4339904785156, 0.8567700982093811]}, "datetime": {"datetime": "2025-08-14 02:51:09", "elapsed": 61397.91260790825, "delta": 29.553184032440186}, "costs": {"total_cost": 1430.8819607493265, "time_cost": 150, "final_distance_cost": 51.208760955191444, "oscillation_cost": 203.9242751291972, "completition_cost": 888.8888888888888, "overshoot_cost": 87.27818876125916, "power_cost": 20.27333923339844, "noise_cost": 29.30850778139141, "n_waypoints_completed": 1, "tot_waypoints": 9}}
{"target": -1310.979271257705, "params": {"k_pid_pos": [0.010023080743849277, 0.0025253593921661377, 0.012201547622680664], "k_pid_alt": [0.0, 1.0, 0.9735405445098877], "k_pid_att": [100.0, 9.999999747378752e-05, 0.9925987720489502], "k_pid_yaw": [0.5, 1e-06, 0.1], "k_pid_hsp": [9.977238655090332, 0.9994555711746216, 0.01725021004676819], "k_pid_vsp": [400.0, 398.8749084472656, 0.5505929589271545]}, "datetime": {"datetime": "2025-08-14 02:51:40", "elapsed": 61428.67869567871, "delta": 30.766087770462036}, "costs": {"total_cost": 1310.979271257705, "time_cost": 150, "final_distance_cost": 1.5706688798358903, "oscillation_cost": 29.411290063759722, "completition_cost": 1000.0, "overshoot_cost": 49.79753846634105, "power_cost": 38.995681640625, "noise_cost": 41.20409220714346, "n_waypoints_completed": 0, "tot_waypoints": 9}}
{"target": -1297.110466862852, "params": {"k_pid_pos": [0.0026592358481138945, 0.01250353455543518, 0.015456348657608032], "k_pid_alt": [0.0, 1.0, 0.9711817502975464], "k_pid_att": [100.0, 9.999999747378752e-05, 0.9892442226409912], "k_pid_yaw": [0.5, 1e-06, 0.1], "k_pid_hsp": [9.953149795532227, 0.9918727874755859, 0.026095986366271973], "k_pid_vsp": [400.0, 382.4613952636719, 19.53520965576172]}, "datetime": {"datetime": "2025-08-14 02:52:11", "elapsed": 61459.644399404526, "delta": 30.96570372581482}, "costs": {"total_cost": 1297.110466862852, "time_cost": 150, "final_distance_cost": 48.354273815149874, "oscillation_cost": 47.43138611828042, "completition_cost": 888.8888888888888, "overshoot_cost": 105.06459905317881, "power_cost": 28.97539627685547, "noise_cost": 28.39592271049847, "n_waypoints_completed": 1, "tot_waypoints": 9}}
{"target": -1258.4114560701344, "params": {"k_pid_pos": [0.012939569540321827, 0.008549600839614868, 0.010913282632827759], "k_pid_alt": [0.00011676549911499023, 1.0, 0.9934876561164856], "k_pid_att": [100.0, 9.999999747378752e-05, 0.9833435416221619], "k_pid_yaw": [0.5, 1e-06, 0.1], "k_pid_hsp": [9.961498260498047, 0.9293222427368164, 0.0025438666343688965], "k_pid_vsp": [399.9971008300781, 388.3040771484375, 14.267529487609863]}, "datetime": {"datetime": "2025-08-14 02:52:40", "elapsed": 61488.11481499672, "delta": 28.470415592193604}, "costs": {"total_cost": 1258.4114560701344, "time_cost": 150, "final_distance_cost": 52.25864910693954, "oscillation_cost": 24.943678712433947, "completition_cost": 888.8888888888888, "overshoot_cost": 90.88334901039083, "power_cost": 24.79033809814453, "noise_cost": 26.64655225333669, "n_waypoints_completed": 1, "tot_waypoints": 9}}
{"target": -1172.9707514748022, "params": {"k_pid_pos": [0.05788560211658478, 0.002276301383972168, 0.12141096591949463], "k_pid_alt": [0.0, 1.0, 0.9890909194946289], "k_pid_att": [100.0, 0.00010208613821305335, 0.9727487564086914], "k_pid_yaw": [0.5, 1e-06, 0.1], "k_pid_hsp": [9.925832748413086, 0.9719891548156738, 0.006658732891082764], "k_pid_vsp": [400.0, 393.7392578125, 24.682344436645508]}, "datetime": {"datetime": "2025-08-14 02:53:09", "elapsed": 61517.49482870102, "delta": 29.380013704299927}, "costs": {"total_cost": 1172.9707514748022, "time_cost": 150, "final_distance_cost": 85.25382018888665, "oscillation_cost": 46.90511634644936, "completition_cost": 777.7777777777778, "overshoot_cost": 65.4314192257978, "power_cost": 21.273878295898438, "noise_cost": 26.32873963999224, "n_waypoints_completed": 2, "tot_waypoints": 9}}
{"target": -1272.4846433590842, "params": {"k_pid_pos": [0.018950635567307472, 0.005638629198074341, 0.01397693157196045], "k_pid_alt": [0.0, 1.0, 0.9978572130203247], "k_pid_att": [100.0, 9.999999747378752e-05, 0.9965448379516602], "k_pid_yaw": [0.5, 1e-06, 0.1], "k_pid_hsp": [9.951359748840332, 0.9922114610671997, 0.0028839707374572754], "k_pid_vsp": [400.0, 392.8582763671875, 3.075076103210449]}, "datetime": {"datetime": "2025-08-14 02:53:39", "elapsed": 61547.31551408768, "delta": 29.820685386657715}, "costs": {"total_cost": 1272.4846433590842, "time_cost": 150, "final_distance_cost": 60.313953808424756, "oscillation_cost": 31.852694357988142, "completition_cost": 888.8888888888888, "overshoot_cost": 79.25538542726736, "power_cost": 29.231094396972658, "noise_cost": 32.94262647954265, "n_waypoints_completed": 1, "tot_waypoints": 9}}
{"target": -1258.4573563602069, "params": {"k_pid_pos": [0.07141905277967453, 0.03423529863357544, 0.09761959314346313], "k_pid_alt": [0.0, 1.0, 0.982028603553772], "k_pid_att": [100.0, 9.999999747378752e-05, 0.9858051538467407], "k_pid_yaw": [0.5, 1e-06, 0.1], "k_pid_hsp": [9.781149864196777, 0.9855730533599854, 0.0527338981628418], "k_pid_vsp": [400.0, 398.4036865234375, 1.5384087562561035]}, "datetime": {"datetime": "2025-08-14 02:54:09", "elapsed": 61577.47961854935, "delta": 30.164104461669922}, "costs": {"total_cost": 1258.4573563602069, "time_cost": 150, "final_distance_cost": 54.69761344390188, "oscillation_cost": 247.54442042290532, "completition_cost": 666.6666666666667, "overshoot_cost": 79.78712828473938, "power_cost": 29.032823303222656, "noise_cost": 30.72870423877092, "n_waypoints_completed": 3, "tot_waypoints": 9}}
{"target": -1284.2679152177739, "params": {"k_pid_pos": [0.01841547153890133, 0.04455915093421936, 0.03242895007133484], "k_pid_alt": [5.960464477539063e-08, 1.0, 0.9474900364875793], "k_pid_att": [79.94459533691406, 0.00010029802069766447, 0.998628556728363], "k_pid_yaw": [0.5, 1e-06, 0.1], "k_pid_hsp": [9.954513549804688, 0.9768684506416321, 0.028151601552963257], "k_pid_vsp": [399.997802734375, 391.0570983886719, 6.323731899261475]}, "datetime": {"datetime": "2025-08-14 02:54:39", "elapsed": 61607.25746631622, "delta": 29.77784776687622}, "costs": {"total_cost": 1284.2679152177739, "time_cost": 150, "final_distance_cost": 70.5108757257156, "oscillation_cost": 43.16751433435607, "completition_cost": 888.8888888888888, "overshoot_cost": 68.96260041823905, "power_cost": 30.88204285888672, "noise_cost": 31.855992991687664, "n_waypoints_completed": 1, "tot_waypoints": 9}}
{"target": -1287.1203872033395, "params": {"k_pid_pos": [0.03850403428077698, 0.0035527050495147705, 0.007657557725906372], "k_pid_alt": [0.0, 1.0, 0.9884676933288574], "k_pid_att": [100.0, 9.999999747378752e-05, 0.9569218158721924], "k_pid_yaw": [0.5, 1e-06, 0.1], "k_pid_hsp": [9.945026397705078, 0.9949380159378052, 0.025144845247268677], "k_pid_vsp": [400.0, 397.7840881347656, 1.2399206161499023]}, "datetime": {"datetime": "2025-08-14 02:55:08", "elapsed": 61636.14943408966, "delta": 28.8919677734375}, "costs": {"total_cost": 1287.1203872033395, "time_cost": 150, "final_distance_cost": 67.49554121239383, "oscillation_cost": 59.48699880713744, "completition_cost": 888.8888888888888, "overshoot_cost": 62.713919087809565, "power_cost": 27.21409862060547, "noise_cost": 31.32094058650452, "n_waypoints_completed": 1, "tot_waypoints": 9}}
{"target": -1279.3880893412656, "params": {"k_pid_pos": [0.027766317129135132, 0.009664356708526611, 0.01615166664123535], "k_pid_alt": [0.0, 1.0, 0.965401291847229], "k_pid_att": [99.89921569824219, 9.999999747378752e-05, 0.9815108776092529], "k_pid_yaw": [0.5, 1e-06, 0.1], "k_pid_hsp": [9.96034049987793, 0.9878435730934143, 0.007507205009460449], "k_pid_vsp": [400.0, 396.74822998046875, 3.6227712631225586]}, "datetime": {"datetime": "2025-08-14 02:55:36", "elapsed": 61664.4449903965, "delta": 28.29555630683899}, "costs": {"total_cost": 1279.3880893412656, "time_cost": 150, "final_distance_cost": 69.25267576897791, "oscillation_cost": 35.84266580466039, "completition_cost": 888.8888888888888, "overshoot_cost": 69.86221788365278, "power_cost": 31.959879321289066, "noise_cost": 33.581761673796464, "n_waypoints_completed": 1, "tot_waypoints": 9}}
