{"target": -1203.1035681715362, "params": {"k_pid_pos": [0.09547470510005951, 0.5859198570251465, 0.023838460445404053], "k_pid_alt": [5.960464477539063e-08, 0.9999376535415649, 0.9210063219070435], "k_pid_att": [100.0, 9.999999747378752e-05, 0.6817774176597595], "k_pid_yaw": [0.5, 1e-06, 0.1], "k_pid_hsp": [9.595234870910645, 0.9940512180328369, 0.0023138225078582764], "k_pid_vsp": [112.04581451416016, 371.4269714355469, 7.789731979370117]}, "datetime": {"datetime": "2025-08-13 18:26:11", "elapsed": 31099.92556643486, "delta": 29.062644243240356}, "costs": {"total_cost": 1203.1035681715362, "time_cost": 150, "final_distance_cost": 94.45082693469104, "oscillation_cost": 81.48082175535403, "completition_cost": 777.7777777777778, "overshoot_cost": 46.9474478895914, "power_cost": 22.118684606933595, "noise_cost": 30.328009207188416, "n_waypoints_completed": 2, "tot_waypoints": 9}}
{"target": -1298.337524133737, "params": {"k_pid_pos": [0.0204340610653162, 0.0010996460914611816, 0.1532580852508545], "k_pid_alt": [0.0, 1.0, 0.922063410282135], "k_pid_att": [99.99153900146484, 9.999999747378752e-05, 0.9002172946929932], "k_pid_yaw": [0.5, 1e-06, 0.1], "k_pid_hsp": [9.880716323852539, 0.829192042350769, 0.02949431538581848], "k_pid_vsp": [400.0, 389.5774230957031, 2.2191176414489746]}, "datetime": {"datetime": "2025-08-13 18:26:40", "elapsed": 31128.800904512405, "delta": 28.875338077545166}, "costs": {"total_cost": 1298.337524133737, "time_cost": 150, "final_distance_cost": 61.025134818925814, "oscillation_cost": 63.7384270214865, "completition_cost": 888.8888888888888, "overshoot_cost": 66.67466202842601, "power_cost": 34.608937512207035, "noise_cost": 33.40147386380268, "n_waypoints_completed": 1, "tot_waypoints": 9}}
{"target": -513.9749739061548, "params": {"k_pid_pos": [0.2650890350341797, 0.027765631675720215, 0.026082903146743774], "k_pid_alt": [0.0, 0.9852572679519653, 0.8533726930618286], "k_pid_att": [100.0, 9.989275932312012, 0.969502866268158], "k_pid_yaw": [0.5, 1e-06, 0.1], "k_pid_hsp": [9.510758399963379, 0.9758815765380859, 0.036131858825683594], "k_pid_vsp": [72.7442626953125, 389.8313903808594, 1.3696441650390625]}, "datetime": {"datetime": "2025-08-13 18:27:09", "elapsed": 31157.98764204979, "delta": 29.186737537384033}, "costs": {"total_cost": 513.9749739061548, "time_cost": 150, "final_distance_cost": 4.48889870582262, "oscillation_cost": 111.1792677373667, "completition_cost": 111.11111111111116, "overshoot_cost": 68.54461583070439, "power_cost": 32.388099670410156, "noise_cost": 36.26298085073973, "n_waypoints_completed": 8, "tot_waypoints": 9}}
{"target": -1197.6202365295453, "params": {"k_pid_pos": [0.05482499673962593, 0.034501224756240845, 0.16669487953186035], "k_pid_alt": [0.0, 1.0, 0.9810060262680054], "k_pid_att": [100.0, 9.999999747378752e-05, 0.9774941205978394], "k_pid_yaw": [0.5, 1e-06, 0.1], "k_pid_hsp": [9.723501205444336, 0.9903384447097778, 0.0031770169734954834], "k_pid_vsp": [0.0007152557373046875, 350.3940734863281, 1.4010796546936035]}, "datetime": {"datetime": "2025-08-13 18:27:38", "elapsed": 31186.513647079468, "delta": 28.526005029678345}, "costs": {"total_cost": 1197.6202365295453, "time_cost": 150, "final_distance_cost": 93.22326758536207, "oscillation_cost": 54.833495989611535, "completition_cost": 777.7777777777778, "overshoot_cost": 71.52290701823546, "power_cost": 26.405274462890628, "noise_cost": 23.857513695667937, "n_waypoints_completed": 2, "tot_waypoints": 9}}
{"target": -1339.6741284459556, "params": {"k_pid_pos": [0.026764413341879845, 0.40623801946640015, 0.057346343994140625], "k_pid_alt": [0.0, 1.0, 0.9915900230407715], "k_pid_att": [100.0, 9.999999747378752e-05, 0.9808675050735474], "k_pid_yaw": [0.5, 1e-06, 0.1], "k_pid_hsp": [9.909436225891113, 0.9772516489028931, 0.021034657955169678], "k_pid_vsp": [383.33172607421875, 386.24261474609375, 8.252776145935059]}, "datetime": {"datetime": "2025-08-13 18:28:07", "elapsed": 31215.5371863842, "delta": 29.023539304733276}, "costs": {"total_cost": 1339.6741284459556, "time_cost": 150, "final_distance_cost": 70.76336720523972, "oscillation_cost": 129.6686046639653, "completition_cost": 888.8888888888888, "overshoot_cost": 46.37569430044876, "power_cost": 25.231190234375003, "noise_cost": 28.746383153038092, "n_waypoints_completed": 1, "tot_waypoints": 9}}
{"target": -1120.6854902056896, "params": {"k_pid_pos": [0.07376587390899658, 0.1940302848815918, 0.009658724069595337], "k_pid_alt": [0.0, 0.9998309016227722, 0.8943238854408264], "k_pid_att": [100.0, 9.999999747378752e-05, 0.8429863452911377], "k_pid_yaw": [0.5, 1e-06, 0.1], "k_pid_hsp": [9.629587173461914, 0.9778851270675659, 0.044564783573150635], "k_pid_vsp": [400.0, 313.0542907714844, 1.3248214721679688]}, "datetime": {"datetime": "2025-08-13 18:28:37", "elapsed": 31245.606476068497, "delta": 30.069289684295654}, "costs": {"total_cost": 1120.6854902056896, "time_cost": 150, "final_distance_cost": 54.32987787958737, "oscillation_cost": 128.1096553181017, "completition_cost": 666.6666666666667, "overshoot_cost": 65.06172223123835, "power_cost": 25.333661694335937, "noise_cost": 31.18390641575947, "n_waypoints_completed": 3, "tot_waypoints": 9}}
{"target": -435.5637279719744, "params": {"k_pid_pos": [0.3092266321182251, 0.05579635500907898, 0.05563756823539734], "k_pid_alt": [0.0, 1.0, 0.9085803627967834], "k_pid_att": [100.0, 9.999999747378752e-05, 0.9440462589263916], "k_pid_yaw": [0.5, 1e-06, 0.1], "k_pid_hsp": [9.668237686157227, 0.9883993864059448, 0.06392496824264526], "k_pid_vsp": [400.0, 386.4101867675781, 13.892497062683105]}, "datetime": {"datetime": "2025-08-13 18:29:05", "elapsed": 31273.54340314865, "delta": 27.93692708015442}, "costs": {"total_cost": 435.5637279719744, "time_cost": 113.309, "final_distance_cost": 1.815207554090117, "oscillation_cost": 193.41776835300612, "completition_cost": 0.0, "overshoot_cost": 67.63712941878497, "power_cost": 31.28700069580078, "noise_cost": 28.097621950292424, "n_waypoints_completed": 9, "tot_waypoints": 9}}
{"target": -1174.0888252146017, "params": {"k_pid_pos": [0.03500505909323692, 0.0986592173576355, 0.09729275107383728], "k_pid_alt": [0.0, 0.029733270406723022, 0.8930618762969971], "k_pid_att": [100.0, 0.0015236426843330264, 0.9777976870536804], "k_pid_yaw": [0.5, 1e-06, 0.1], "k_pid_hsp": [9.844943046569824, 0.8783178925514221, 0.018679410219192505], "k_pid_vsp": [400.0, 392.58160400390625, 5.195809364318848]}, "datetime": {"datetime": "2025-08-13 18:29:34", "elapsed": 31302.280691862106, "delta": 28.7372887134552}, "costs": {"total_cost": 1174.0888252146017, "time_cost": 150, "final_distance_cost": 66.62542633677603, "oscillation_cost": 31.931104261141503, "completition_cost": 777.7777777777778, "overshoot_cost": 76.35262683055011, "power_cost": 34.60037556152344, "noise_cost": 36.80151444683277, "n_waypoints_completed": 2, "tot_waypoints": 9}}
{"target": -1222.2018660896963, "params": {"k_pid_pos": [0.06556092947721481, 0.016711115837097168, 0.058557599782943726], "k_pid_alt": [0.0, 0.9999015927314758, 0.9906861782073975], "k_pid_att": [100.0, 9.999999747378752e-05, 0.969312310218811], "k_pid_yaw": [0.5, 1e-06, 0.1], "k_pid_hsp": [9.94088077545166, 0.9930729866027832, 0.02966901659965515], "k_pid_vsp": [400.0, 370.1175842285156, 31.893041610717773]}, "datetime": {"datetime": "2025-08-13 18:30:03", "elapsed": 31331.89331483841, "delta": 29.6126229763031}, "costs": {"total_cost": 1222.2018660896963, "time_cost": 150, "final_distance_cost": 94.08778173787186, "oscillation_cost": 79.76578407838808, "completition_cost": 777.7777777777778, "overshoot_cost": 65.75868835510876, "power_cost": 27.903525231933596, "noise_cost": 26.908308908616128, "n_waypoints_completed": 2, "tot_waypoints": 9}}
{"target": -1559.5515667169789, "params": {"k_pid_pos": [0.17724138498306274, 0.07206714153289795, 0.00967550277709961], "k_pid_alt": [4.392862319946289e-05, 1.0, 0.9686422348022461], "k_pid_att": [100.0, 0.0001402327325195074, 0.9714067578315735], "k_pid_yaw": [0.5, 1e-06, 0.1], "k_pid_hsp": [9.53303050994873, 0.9727414846420288, 0.09786754846572876], "k_pid_vsp": [400.0, 387.3985595703125, 19.663240432739258]}, "datetime": {"datetime": "2025-08-13 18:30:32", "elapsed": 31360.91282939911, "delta": 29.019514560699463}, "costs": {"total_cost": 1559.5515667169789, "time_cost": 150, "final_distance_cost": 52.01189279304933, "oscillation_cost": 681.7793028210298, "completition_cost": 555.5555555555555, "overshoot_cost": 63.05164891218665, "power_cost": 29.468729223632813, "noise_cost": 27.684437411524595, "n_waypoints_completed": 4, "tot_waypoints": 9}}
{"target": -1916.3712065624688, "params": {"k_pid_pos": [0.0522121787071228, 0.0009471476078033447, 0.09378877282142639], "k_pid_alt": [0.0, 1.0, 0.949604868888855], "k_pid_att": [100.0, 9.999999747378752e-05, 0.9108184576034546], "k_pid_yaw": [0.5, 1e-06, 0.1], "k_pid_hsp": [9.922170639038086, 0.9850449562072754, 0.07459598779678345], "k_pid_vsp": [400.0, 398.13433837890625, 43.520591735839844]}, "datetime": {"datetime": "2025-08-13 18:31:02", "elapsed": 31390.19571661949, "delta": 29.28288722038269}, "costs": {"total_cost": 1916.3712065624688, "time_cost": 150, "final_distance_cost": 73.45699315020723, "oscillation_cost": 684.1366332971357, "completition_cost": 888.8888888888888, "overshoot_cost": 58.38587718964023, "power_cost": 34.66325634765625, "noise_cost": 26.839557688940577, "n_waypoints_completed": 1, "tot_waypoints": 9}}
{"target": -1085.81243269359, "params": {"k_pid_pos": [0.05600767210125923, 0.03868207335472107, 0.008192658424377441], "k_pid_alt": [4.589557647705078e-06, 0.884432315826416, 0.8464726209640503], "k_pid_att": [99.98565673828125, 0.01548589114099741, 0.8737043142318726], "k_pid_yaw": [0.5, 1e-06, 0.1], "k_pid_hsp": [9.65329647064209, 0.9756966829299927, 0.004804819822311401], "k_pid_vsp": [399.9959411621094, 394.38897705078125, 2.774740219116211]}, "datetime": {"datetime": "2025-08-13 18:31:31", "elapsed": 31419.792766332626, "delta": 29.597049713134766}, "costs": {"total_cost": 1085.81243269359, "time_cost": 150, "final_distance_cost": 52.383641648594086, "oscillation_cost": 57.38982746041987, "completition_cost": 666.6666666666667, "overshoot_cost": 84.14780193181846, "power_cost": 35.288736193847654, "noise_cost": 39.93575879224321, "n_waypoints_completed": 3, "tot_waypoints": 9}}
{"target": -722.8780781144083, "params": {"k_pid_pos": [0.17461533844470978, 0.04740217328071594, 0.00755956768989563], "k_pid_alt": [0.044551849365234375, 1.0, 0.9502242803573608], "k_pid_att": [99.99998474121094, 9.999999747378752e-05, 0.9434024691581726], "k_pid_yaw": [0.5, 1e-06, 0.1], "k_pid_hsp": [9.805779457092285, 0.989335298538208, 0.019425153732299805], "k_pid_vsp": [400.0, 396.41876220703125, 1.8184313774108887]}, "datetime": {"datetime": "2025-08-13 18:32:00", "elapsed": 31448.518975496292, "delta": 28.72620916366577}, "costs": {"total_cost": 722.8780781144083, "time_cost": 150, "final_distance_cost": 69.90273726593047, "oscillation_cost": 156.66998378566328, "completition_cost": 222.2222222222222, "overshoot_cost": 65.82730031281034, "power_cost": 26.034131311035157, "noise_cost": 32.221703216746974, "n_waypoints_completed": 7, "tot_waypoints": 9}}
{"target": -496.2155071726678, "params": {"k_pid_pos": [0.1898944079875946, 0.2770077586174011, 0.0813303291797638], "k_pid_alt": [1.9999918937683105, 1.0, 0.9831770658493042], "k_pid_att": [100.0, 0.0003500389866530895, 0.983626127243042], "k_pid_yaw": [0.5, 1e-06, 0.1], "k_pid_hsp": [9.979114532470703, 0.9307435154914856, 0.014355659484863281], "k_pid_vsp": [399.9971618652344, 385.4698486328125, 4.859114646911621]}, "datetime": {"datetime": "2025-08-13 18:32:29", "elapsed": 31477.460535287857, "delta": 28.94155979156494}, "costs": {"total_cost": 496.2155071726678, "time_cost": 150, "final_distance_cost": 37.859622159179224, "oscillation_cost": 75.45306695035471, "completition_cost": 111.11111111111116, "overshoot_cost": 59.547161028639884, "power_cost": 29.143439965820313, "noise_cost": 33.10110595756249, "n_waypoints_completed": 8, "tot_waypoints": 9}}
{"target": -942.9544136055666, "params": {"k_pid_pos": [0.20070931315422058, 0.12608665227890015, 0.01797705888748169], "k_pid_alt": [6.318092346191406e-06, 0.9999997615814209, 0.991075873374939], "k_pid_att": [100.0, 0.0021465050522238016, 0.9686702489852905], "k_pid_yaw": [0.5, 1e-06, 0.1], "k_pid_hsp": [9.909761428833008, 0.9315186738967896, 0.023020833730697632], "k_pid_vsp": [400.0, 383.2516784667969, 9.325028419494629]}, "datetime": {"datetime": "2025-08-13 18:32:58", "elapsed": 31506.468552589417, "delta": 29.00801730155945}, "costs": {"total_cost": 942.9544136055666, "time_cost": 150, "final_distance_cost": 56.765294193132206, "oscillation_cost": 172.89143096782192, "completition_cost": 444.4444444444444, "overshoot_cost": 62.26779197295732, "power_cost": 27.142483398437502, "noise_cost": 29.442968628773215, "n_waypoints_completed": 5, "tot_waypoints": 9}}
{"target": -1636.8235632132, "params": {"k_pid_pos": [0.10182454437017441, 0.04667943716049194, 0.06619662046432495], "k_pid_alt": [0.0, 0.9949250221252441, 0.9833335280418396], "k_pid_att": [99.99776458740234, 9.999999747378752e-05, 0.9719478487968445], "k_pid_yaw": [0.5, 1e-06, 0.1], "k_pid_hsp": [8.937246322631836, 0.9712801575660706, 0.1218063235282898], "k_pid_vsp": [400.0, 391.412353515625, 8.075643539428711]}, "datetime": {"datetime": "2025-08-13 18:33:28", "elapsed": 31536.18473792076, "delta": 29.716185331344604}, "costs": {"total_cost": 1636.8235632132, "time_cost": 150, "final_distance_cost": 46.52910476218384, "oscillation_cost": 749.7371882148849, "completition_cost": 555.5555555555555, "overshoot_cost": 74.52695642764526, "power_cost": 30.983249951171878, "noise_cost": 29.491508301758667, "n_waypoints_completed": 4, "tot_waypoints": 9}}
{"target": -952.7726869426084, "params": {"k_pid_pos": [0.09967006742954254, 0.027391701936721802, 0.026326417922973633], "k_pid_alt": [0.0, 0.9999998807907104, 0.8597197532653809], "k_pid_att": [100.0, 9.999999747378752e-05, 0.9369932413101196], "k_pid_yaw": [0.5, 1e-06, 0.1], "k_pid_hsp": [9.927812576293945, 0.9854814410209656, 0.007152825593948364], "k_pid_vsp": [333.2969970703125, 395.6217041015625, 13.205445289611816]}, "datetime": {"datetime": "2025-08-13 18:33:57", "elapsed": 31565.826244831085, "delta": 29.641506910324097}, "costs": {"total_cost": 952.7726869426084, "time_cost": 150, "final_distance_cost": 50.16893492105765, "oscillation_cost": 58.61266966417471, "completition_cost": 555.5555555555555, "overshoot_cost": 72.48729892213844, "power_cost": 33.71946013183594, "noise_cost": 32.22876774784623, "n_waypoints_completed": 4, "tot_waypoints": 9}}
{"target": -675.5371551639375, "params": {"k_pid_pos": [0.2346983551979065, 0.04467317461967468, 0.058113038539886475], "k_pid_alt": [0.0, 1.0, 0.9180481433868408], "k_pid_att": [100.0, 0.037127524614334106, 0.9894307851791382], "k_pid_yaw": [0.5, 1e-06, 0.1], "k_pid_hsp": [9.685368537902832, 0.9780170917510986, 0.024693578481674194], "k_pid_vsp": [400.0, 395.9024963378906, 4.822791576385498]}, "datetime": {"datetime": "2025-08-13 18:34:27", "elapsed": 31595.509711027145, "delta": 29.68346619606018}, "costs": {"total_cost": 675.5371551639375, "time_cost": 150, "final_distance_cost": 67.49457019939491, "oscillation_cost": 226.69301446346503, "completition_cost": 111.11111111111116, "overshoot_cost": 64.96867429235698, "power_cost": 24.350342919921875, "noise_cost": 30.91944217768749, "n_waypoints_completed": 8, "tot_waypoints": 9}}
{"target": -745.0596961212437, "params": {"k_pid_pos": [0.1793491393327713, 0.03125661611557007, 0.011432081460952759], "k_pid_alt": [3.701448440551758e-05, 1.0, 0.9768738746643066], "k_pid_att": [99.95659637451172, 9.999999747378752e-05, 0.9747945070266724], "k_pid_yaw": [0.5, 1e-06, 0.1], "k_pid_hsp": [9.821900367736816, 0.9639719724655151, 0.001638948917388916], "k_pid_vsp": [400.0, 381.3584899902344, 13.727069854736328]}, "datetime": {"datetime": "2025-08-13 18:34:56", "elapsed": 31624.576895952225, "delta": 29.067184925079346}, "costs": {"total_cost": 745.0596961212437, "time_cost": 150, "final_distance_cost": 68.85033635241798, "oscillation_cost": 72.73169167862329, "completition_cost": 333.33333333333337, "overshoot_cost": 66.61723236124199, "power_cost": 24.936016845703126, "noise_cost": 28.59108554992409, "n_waypoints_completed": 6, "tot_waypoints": 9}}
{"target": -1333.1198565065426, "params": {"k_pid_pos": [0.011729536578059196, 0.021027296781539917, 0.04958835244178772], "k_pid_alt": [7.092952728271484e-06, 1.0, 0.9971863031387329], "k_pid_att": [100.0, 9.999999747378752e-05, 0.957827627658844], "k_pid_yaw": [0.5, 1e-06, 0.1], "k_pid_hsp": [9.671841621398926, 0.9525800347328186, 0.02451646327972412], "k_pid_vsp": [400.0, 398.8560791015625, 7.172013282775879]}, "datetime": {"datetime": "2025-08-13 18:35:25", "elapsed": 31653.88641858101, "delta": 29.30952262878418}, "costs": {"total_cost": 1333.1198565065426, "time_cost": 150, "final_distance_cost": 41.68565119693668, "oscillation_cost": 43.68433535828831, "completition_cost": 888.8888888888888, "overshoot_cost": 112.73283133084368, "power_cost": 46.15121314697266, "noise_cost": 49.97693658461258, "n_waypoints_completed": 1, "tot_waypoints": 9}}
{"target": -1768.2012709299297, "params": {"k_pid_pos": [0.01728012040257454, 0.0029295384883880615, 0.08237960934638977], "k_pid_alt": [0.0, 1.0, 0.9296694993972778], "k_pid_att": [41.27862548828125, 0.00010089405986946076, 0.9609270095825195], "k_pid_yaw": [0.5, 1e-06, 0.1], "k_pid_hsp": [9.934494018554688, 0.9937053918838501, 0.15087294578552246], "k_pid_vsp": [400.0, 391.69000244140625, 60.491371154785156]}, "datetime": {"datetime": "2025-08-13 18:35:54", "elapsed": 31682.779876947403, "delta": 28.893458366394043}, "costs": {"total_cost": 1768.2012709299297, "time_cost": 150, "final_distance_cost": 46.59083926015765, "oscillation_cost": 534.3279511132378, "completition_cost": 888.8888888888888, "overshoot_cost": 72.44220820647287, "power_cost": 44.298355236816406, "noise_cost": 31.653028224356074, "n_waypoints_completed": 1, "tot_waypoints": 9}}
{"target": -1553.197220923773, "params": {"k_pid_pos": [0.08134881407022476, 0.009507149457931519, 0.3945256471633911], "k_pid_alt": [1.973116397857666, 1.0, 0.9886763095855713], "k_pid_att": [83.02336120605469, 9.999999747378752e-05, 0.9541221857070923], "k_pid_yaw": [0.5, 1e-06, 0.1], "k_pid_hsp": [9.974980354309082, 0.8935533761978149, 0.008283764123916626], "k_pid_vsp": [399.9996337890625, 390.9719543457031, 2.4435887336730957]}, "datetime": {"datetime": "2025-08-13 18:36:24", "elapsed": 31712.181260585785, "delta": 29.401383638381958}, "costs": {"total_cost": 1553.197220923773, "time_cost": 150, "final_distance_cost": 85.88167571586081, "oscillation_cost": 413.0775277615, "completition_cost": 777.7777777777778, "overshoot_cost": 56.85878384513275, "power_cost": 37.47403955078125, "noise_cost": 32.12741627272026, "n_waypoints_completed": 2, "tot_waypoints": 9}}
{"target": -1307.1916825763594, "params": {"k_pid_pos": [0.009287894703447819, 0.007046610116958618, 0.13934051990509033], "k_pid_alt": [0.046107709407806396, 0.999999463558197, 0.9875119924545288], "k_pid_att": [100.0, 0.006703532300889492, 0.9347103834152222], "k_pid_yaw": [0.5, 1e-06, 0.1], "k_pid_hsp": [9.869199752807617, 0.9869646430015564, 0.02968442440032959], "k_pid_vsp": [399.48828125, 343.2298278808594, 7.064248085021973]}, "datetime": {"datetime": "2025-08-13 18:36:53", "elapsed": 31741.158027648926, "delta": 28.97676706314087}, "costs": {"total_cost": 1307.1916825763594, "time_cost": 150, "final_distance_cost": 43.667511313289445, "oscillation_cost": 83.7285402385725, "completition_cost": 888.8888888888888, "overshoot_cost": 81.97501613703501, "power_cost": 28.74395388183594, "noise_cost": 30.187772116737797, "n_waypoints_completed": 1, "tot_waypoints": 9}}
{"target": -1293.1586148533263, "params": {"k_pid_pos": [0.2182488888502121, 0.009583771228790283, 0.021076858043670654], "k_pid_alt": [0.0, 1.0, 0.9730013608932495], "k_pid_att": [100.0, 9.999999747378752e-05, 0.9026229381561279], "k_pid_yaw": [0.5, 1e-06, 0.1], "k_pid_hsp": [9.914098739624023, 0.9943347573280334, 0.10900336503982544], "k_pid_vsp": [362.6885986328125, 393.0072326660156, 19.12607192993164]}, "datetime": {"datetime": "2025-08-13 18:37:22", "elapsed": 31770.58335494995, "delta": 29.42532730102539}, "costs": {"total_cost": 1293.1586148533263, "time_cost": 150, "final_distance_cost": 59.769625550444104, "oscillation_cost": 623.4035359112546, "completition_cost": 333.33333333333337, "overshoot_cost": 65.96791264177133, "power_cost": 32.21777863769531, "noise_cost": 28.466428778827215, "n_waypoints_completed": 6, "tot_waypoints": 9}}
{"target": -1314.7730953173216, "params": {"k_pid_pos": [0.01744372583925724, 0.007356494665145874, 0.019678384065628052], "k_pid_alt": [2.0, 0.9998794794082642, 0.9455676674842834], "k_pid_att": [99.99978637695312, 9.999999747378752e-05, 0.8901144862174988], "k_pid_yaw": [0.5, 1e-06, 0.1], "k_pid_hsp": [9.762165069580078, 0.9413006901741028, 0.05279135704040527], "k_pid_vsp": [400.0, 395.2404479980469, 3.249419689178467]}, "datetime": {"datetime": "2025-08-13 18:37:50", "elapsed": 31799.060552835464, "delta": 28.477197885513306}, "costs": {"total_cost": 1314.7730953173216, "time_cost": 150, "final_distance_cost": 57.94505243381354, "oscillation_cost": 89.77213473506816, "completition_cost": 888.8888888888888, "overshoot_cost": 73.15997647004248, "power_cost": 25.84689786376953, "noise_cost": 29.160144925739115, "n_waypoints_completed": 1, "tot_waypoints": 9}}
