{"target": -574.0498879060048, "params": {"k_pid_pos": [0.40507766604423523, 0.0644521713256836, 0.19457414746284485], "k_pid_alt": [0.0, 0.9998853802680969, 0.4541133642196655], "k_pid_att": [100.0, 9.999999747378752e-05, 0.9477521181106567], "k_pid_yaw": [0.5, 1e-06, 0.1], "k_pid_hsp": [9.675638198852539, 0.9794821739196777, 0.04451936483383179], "k_pid_vsp": [400.0, 392.3095703125, 34.19049835205078]}, "datetime": {"datetime": "2025-08-13 15:42:08", "elapsed": 21256.121564388275, "delta": 27.3955078125}, "costs": {"total_cost": 574.0498879060048, "time_cost": 107.037, "final_distance_cost": 1.8552904885691497, "oscillation_cost": 348.78637680655993, "completition_cost": 0.0, "overshoot_cost": 67.1987284983345, "power_cost": 22.944642248535157, "noise_cost": 26.227849864005943, "n_waypoints_completed": 9, "tot_waypoints": 9}}
{"target": -42704.52257969633, "params": {"k_pid_pos": [0.018184872344136238, 0.8412544131278992, 0.2120416760444641], "k_pid_alt": [7.009506225585938e-05, 1.0, 0.8162828683853149], "k_pid_att": [0.0003546476364135742, 0.00010029802069766447, 0.9715480804443359], "k_pid_yaw": [0.5, 1e-06, 0.1], "k_pid_hsp": [9.420453071594238, 0.990169107913971, 0.03963404893875122], "k_pid_vsp": [1.1920928955078125e-05, 395.7060241699219, 6.383336544036865]}, "datetime": {"datetime": "2025-08-13 15:42:37", "elapsed": 21286.057639360428, "delta": 29.93607497215271}, "costs": {"total_cost": 42704.52257969633, "time_cost": 150, "final_distance_cost": 13976.737724902334, "oscillation_cost": 5.532657238140177, "completition_cost": 1000.0, "overshoot_cost": 27396.85918069496, "power_cost": 53.28645063476563, "noise_cost": 122.10656622612602, "n_waypoints_completed": 0, "tot_waypoints": 9}}
{"target": -1543.8967651891685, "params": {"k_pid_pos": [0.023565949872136116, 0.7923166751861572, 0.055252254009246826], "k_pid_alt": [0.0, 0.0018632113933563232, 0.9514278769493103], "k_pid_att": [100.0, 0.00010506634134799242, 0.9986252784729004], "k_pid_yaw": [0.5, 1e-06, 0.1], "k_pid_hsp": [9.531993865966797, 0.9766957759857178, 0.03392937779426575], "k_pid_vsp": [399.9978942871094, 358.99957275390625, 13.317752838134766]}, "datetime": {"datetime": "2025-08-13 15:43:07", "elapsed": 21316.103791713715, "delta": 30.046152353286743}, "costs": {"total_cost": 1543.8967651891685, "time_cost": 150, "final_distance_cost": 10.28064049050451, "oscillation_cost": 122.17212187078445, "completition_cost": 1000.0, "overshoot_cost": 155.9562813230123, "power_cost": 34.083741333007815, "noise_cost": 71.40398017185947, "n_waypoints_completed": 0, "tot_waypoints": 9}}
{"target": -334.53057318946986, "params": {"k_pid_pos": [0.14868390560150146, 0.2717415690422058, 0.040764302015304565], "k_pid_alt": [2.0, 1.0, 0.9699252247810364], "k_pid_att": [100.0, 9.999999747378752e-05, 0.9941423535346985], "k_pid_yaw": [0.5, 1e-06, 0.1], "k_pid_hsp": [9.564764022827148, 0.9168269634246826, 0.020913273096084595], "k_pid_vsp": [400.0, 284.73504638671875, 15.541077613830566]}, "datetime": {"datetime": "2025-08-13 15:43:38", "elapsed": 21346.78249502182, "delta": 30.67870330810547}, "costs": {"total_cost": 334.53057318946986, "time_cost": 118.79, "final_distance_cost": 1.819695192045484, "oscillation_cost": 91.15705601228571, "completition_cost": 0.0, "overshoot_cost": 62.89580564010349, "power_cost": 28.513657922363283, "noise_cost": 31.35435842267193, "n_waypoints_completed": 9, "tot_waypoints": 9}}
{"target": -496.88608367811975, "params": {"k_pid_pos": [1.0981196165084839, 0.16348302364349365, 0.17459562420845032], "k_pid_alt": [1.7881393432617188e-07, 0.9999999403953552, 0.7373998761177063], "k_pid_att": [100.0, 9.42941665649414, 0.9684723615646362], "k_pid_yaw": [0.5, 1e-06, 0.1], "k_pid_hsp": [9.11492919921875, 0.9807943105697632, 0.06446710228919983], "k_pid_vsp": [400.0, 384.51995849609375, 40.31183624267578]}, "datetime": {"datetime": "2025-08-13 15:44:06", "elapsed": 21374.47106051445, "delta": 27.688565492630005}, "costs": {"total_cost": 496.88608367811975, "time_cost": 109.004, "final_distance_cost": 1.780600885771023, "oscillation_cost": 254.3758476523779, "completition_cost": 0.0, "overshoot_cost": 68.10005323515271, "power_cost": 35.251819628906254, "noise_cost": 28.373762275911897, "n_waypoints_completed": 9, "tot_waypoints": 9}}
{"target": -892.5658885305068, "params": {"k_pid_pos": [0.18277707695960999, 0.021669059991836548, 0.03370773792266846], "k_pid_alt": [0.011552691459655762, 1.0, 0.8300989866256714], "k_pid_att": [100.0, 9.999999747378752e-05, 0.9808377027511597], "k_pid_yaw": [0.5, 1e-06, 0.1], "k_pid_hsp": [9.86461353302002, 0.9177919626235962, 0.03502237796783447], "k_pid_vsp": [400.0, 338.6033630371094, 6.272352695465088]}, "datetime": {"datetime": "2025-08-13 15:44:37", "elapsed": 21405.165453195572, "delta": 30.694392681121826}, "costs": {"total_cost": 892.5658885305068, "time_cost": 150, "final_distance_cost": 62.93389832093317, "oscillation_cost": 214.5037526438625, "completition_cost": 333.33333333333337, "overshoot_cost": 67.70187840239181, "power_cost": 31.026384716796876, "noise_cost": 33.06664111318899, "n_waypoints_completed": 6, "tot_waypoints": 9}}
{"target": -634.2698902026447, "params": {"k_pid_pos": [0.29000917077064514, 0.16065114736557007, 0.17341944575309753], "k_pid_alt": [1.5671643018722534, 0.0, 0.9141764044761658], "k_pid_att": [100.0, 0.055811308324337006, 0.9876667857170105], "k_pid_yaw": [0.5, 1e-06, 0.1], "k_pid_hsp": [8.174562454223633, 0.9763712286949158, 0.07094565033912659], "k_pid_vsp": [399.7858581542969, 372.1749267578125, 19.802143096923828]}, "datetime": {"datetime": "2025-08-13 15:45:02", "elapsed": 21430.31446290016, "delta": 25.149009704589844}, "costs": {"total_cost": 634.2698902026447, "time_cost": 97.57300000000001, "final_distance_cost": 1.840639145984279, "oscillation_cost": 426.90397432640265, "completition_cost": 0.0, "overshoot_cost": 54.88911517308682, "power_cost": 27.907043298339843, "noise_cost": 25.15611825883107, "n_waypoints_completed": 9, "tot_waypoints": 9}}
{"target": -1211.577648767968, "params": {"k_pid_pos": [0.04068193957209587, 0.22460538148880005, 0.05715116858482361], "k_pid_alt": [1.819031834602356, 1.0, 0.9845860004425049], "k_pid_att": [0.44884979724884033, 0.0001011920758173801, 0.8269996643066406], "k_pid_yaw": [0.5, 1e-06, 0.1], "k_pid_hsp": [9.731500625610352, 0.9849429130554199, 0.014854460954666138], "k_pid_vsp": [0.0, 381.8353576660156, 2.5988826751708984]}, "datetime": {"datetime": "2025-08-13 15:45:37", "elapsed": 21465.156418323517, "delta": 34.8419554233551}, "costs": {"total_cost": 1211.577648767968, "time_cost": 150, "final_distance_cost": 83.65506137469006, "oscillation_cost": 70.36077857113071, "completition_cost": 777.7777777777778, "overshoot_cost": 68.59242304824788, "power_cost": 34.659770861816405, "noise_cost": 26.531837134305043, "n_waypoints_completed": 2, "tot_waypoints": 9}}
{"target": -1057.0025622364353, "params": {"k_pid_pos": [0.15104717016220093, 0.009294390678405762, 0.04803061485290527], "k_pid_alt": [0.0, 1.0, 0.9007074236869812], "k_pid_att": [100.0, 9.999999747378752e-05, 0.7422232627868652], "k_pid_yaw": [0.5, 1e-06, 0.1], "k_pid_hsp": [9.51506233215332, 0.9958516955375671, 0.021364182233810425], "k_pid_vsp": [400.0, 371.1644287109375, 10.903538703918457]}, "datetime": {"datetime": "2025-08-13 15:46:08", "elapsed": 21496.732002973557, "delta": 31.575584650039673}, "costs": {"total_cost": 1057.0025622364353, "time_cost": 150, "final_distance_cost": 49.782446734964246, "oscillation_cost": 181.37385608078324, "completition_cost": 555.5555555555555, "overshoot_cost": 69.08956666596954, "power_cost": 22.395461962890625, "noise_cost": 28.80567523627226, "n_waypoints_completed": 4, "tot_waypoints": 9}}
{"target": -1396.3929005607981, "params": {"k_pid_pos": [1.81493079662323, 0.04019078612327576, 0.23582446575164795], "k_pid_alt": [0.0, 0.9999999403953552, 0.932729959487915], "k_pid_att": [0.40136873722076416, 9.999999747378752e-05, 0.9982202649116516], "k_pid_yaw": [0.5, 1e-06, 0.1], "k_pid_hsp": [9.792774200439453, 0.952041745185852, 0.0058755576610565186], "k_pid_vsp": [400.0, 378.2652893066406, 48.495887756347656]}, "datetime": {"datetime": "2025-08-13 15:46:39", "elapsed": 21527.675169467926, "delta": 30.943166494369507}, "costs": {"total_cost": 1396.3929005607981, "time_cost": 150, "final_distance_cost": 75.56693157790272, "oscillation_cost": 30.073299612038, "completition_cost": 1000.0, "overshoot_cost": 90.05720881221453, "power_cost": 26.033728955078125, "noise_cost": 24.661731603564423, "n_waypoints_completed": 0, "tot_waypoints": 9}}
{"target": -1453.4184262693514, "params": {"k_pid_pos": [0.05733267962932587, 0.5639629364013672, 0.012956231832504272], "k_pid_alt": [0.0007134675979614258, 1.0, 0.7944769859313965], "k_pid_att": [100.0, 9.999999747378752e-05, 0.9752180576324463], "k_pid_yaw": [0.5, 1e-06, 0.1], "k_pid_hsp": [9.189995765686035, 0.3992805480957031, 0.042948752641677856], "k_pid_vsp": [399.7618103027344, 376.5517578125, 34.03060531616211]}, "datetime": {"datetime": "2025-08-13 15:47:11", "elapsed": 21559.218991041183, "delta": 31.543821573257446}, "costs": {"total_cost": 1453.4184262693514, "time_cost": 150, "final_distance_cost": 77.93888622389728, "oscillation_cost": 232.96281338688937, "completition_cost": 888.8888888888888, "overshoot_cost": 46.56197121727521, "power_cost": 29.978568676757813, "noise_cost": 27.08729787564307, "n_waypoints_completed": 1, "tot_waypoints": 9}}
{"target": -1216.4523916566732, "params": {"k_pid_pos": [0.1834142804145813, 0.126264750957489, 0.2710781395435333], "k_pid_alt": [0.0, 0.9913278222084045, 0.8774949312210083], "k_pid_att": [100.0, 9.999999747378752e-05, 0.9871037006378174], "k_pid_yaw": [0.5, 1e-06, 0.1], "k_pid_hsp": [9.54219913482666, 0.9808346033096313, 0.07891911268234253], "k_pid_vsp": [0.0, 387.32879638671875, 5.671335220336914]}, "datetime": {"datetime": "2025-08-13 15:47:47", "elapsed": 21595.546889066696, "delta": 36.327898025512695}, "costs": {"total_cost": 1216.4523916566732, "time_cost": 150, "final_distance_cost": 39.42543492876962, "oscillation_cost": 334.6941887930926, "completition_cost": 555.5555555555555, "overshoot_cost": 67.25359832640702, "power_cost": 39.10978338623047, "noise_cost": 30.413830666617912, "n_waypoints_completed": 4, "tot_waypoints": 9}}
{"target": -1443.200224467392, "params": {"k_pid_pos": [0.08421165496110916, 0.4839809238910675, 0.09085643291473389], "k_pid_alt": [1.7881393432617188e-07, 1.0, 0.7836248874664307], "k_pid_att": [99.99998474121094, 9.796338081359863, 0.9204752445220947], "k_pid_yaw": [0.5, 1e-06, 0.1], "k_pid_hsp": [9.71854019165039, 0.9325978755950928, 0.063203364610672], "k_pid_vsp": [400.0, 388.9652099609375, 21.091903686523438]}, "datetime": {"datetime": "2025-08-13 15:48:19", "elapsed": 21627.927659511566, "delta": 32.380770444869995}, "costs": {"total_cost": 1443.200224467392, "time_cost": 150, "final_distance_cost": 72.3013544958184, "oscillation_cost": 334.00251055426276, "completition_cost": 777.7777777777778, "overshoot_cost": 47.86788707511252, "power_cost": 33.49656979980469, "noise_cost": 27.75412476461571, "n_waypoints_completed": 2, "tot_waypoints": 9}}
{"target": -392.16056532030217, "params": {"k_pid_pos": [0.3526711165904999, 0.0633130669593811, 0.012979984283447266], "k_pid_alt": [1.189335584640503, 0.9999109506607056, 0.9056458473205566], "k_pid_att": [99.9999771118164, 9.999999747378752e-05, 0.972180962562561], "k_pid_yaw": [0.5, 1e-06, 0.1], "k_pid_hsp": [9.207870483398438, 0.8697788715362549, 0.029789775609970093], "k_pid_vsp": [2.571558952331543, 395.1597900390625, 26.168575286865234]}, "datetime": {"datetime": "2025-08-13 15:48:48", "elapsed": 21656.90784716606, "delta": 28.98018765449524}, "costs": {"total_cost": 392.16056532030217, "time_cost": 106.015, "final_distance_cost": 1.8096130033216724, "oscillation_cost": 169.27398241341, "completition_cost": 0.0, "overshoot_cost": 63.0547777896199, "power_cost": 27.68362917480469, "noise_cost": 24.323562939145933, "n_waypoints_completed": 9, "tot_waypoints": 9}}
{"target": -949.6131039004631, "params": {"k_pid_pos": [0.09553024917840958, 0.1031339168548584, 0.015922576189041138], "k_pid_alt": [0.10468411445617676, 0.9988340139389038, 0.9359276294708252], "k_pid_att": [100.0, 9.999999747378752e-05, 0.9876099824905396], "k_pid_yaw": [0.5, 1e-06, 0.1], "k_pid_hsp": [9.842333793640137, 0.9377787113189697, 0.01682761311531067], "k_pid_vsp": [400.0, 384.0512390136719, 14.76851749420166]}, "datetime": {"datetime": "2025-08-13 15:49:19", "elapsed": 21687.97785973549, "delta": 31.07001256942749}, "costs": {"total_cost": 949.6131039004631, "time_cost": 150, "final_distance_cost": 51.514214930288965, "oscillation_cost": 76.99806122873169, "completition_cost": 555.5555555555555, "overshoot_cost": 64.17796986407708, "power_cost": 22.157453259277347, "noise_cost": 29.209849062532538, "n_waypoints_completed": 4, "tot_waypoints": 9}}
{"target": -877.8922705096984, "params": {"k_pid_pos": [0.17700828611850739, 0.01286134123802185, 0.03452497720718384], "k_pid_alt": [0.0, 1.0, 0.9648247957229614], "k_pid_att": [100.0, 0.0003801390412263572, 0.9126648902893066], "k_pid_yaw": [0.5, 1e-06, 0.1], "k_pid_hsp": [9.898967742919922, 0.9909265041351318, 0.03863123059272766], "k_pid_vsp": [0.04363059997558594, 392.5602722167969, 18.887676239013672]}, "datetime": {"datetime": "2025-08-13 15:49:53", "elapsed": 21721.333860635757, "delta": 33.356000900268555}, "costs": {"total_cost": 877.8922705096984, "time_cost": 150, "final_distance_cost": 52.603328585839606, "oscillation_cost": 217.94849096936667, "completition_cost": 333.33333333333337, "overshoot_cost": 65.66133410524404, "power_cost": 31.115324914550783, "noise_cost": 27.23045860136394, "n_waypoints_completed": 6, "tot_waypoints": 9}}
{"target": -1527.6209091092087, "params": {"k_pid_pos": [0.08610991388559341, 0.021351099014282227, 0.01788538694381714], "k_pid_alt": [0.0, 0.00014674663543701172, 0.9751865267753601], "k_pid_att": [0.0001996755599975586, 9.999999747378752e-05, 0.9542492628097534], "k_pid_yaw": [0.5, 1e-06, 0.1], "k_pid_hsp": [9.912652969360352, 0.9810174703598022, 0.13846135139465332], "k_pid_vsp": [400.0, 368.2520751953125, 0.8736382126808167]}, "datetime": {"datetime": "2025-08-13 15:50:24", "elapsed": 21752.77961397171, "delta": 31.44575333595276}, "costs": {"total_cost": 1527.6209091092087, "time_cost": 150, "final_distance_cost": 15.277324414526886, "oscillation_cost": 11.00630657323388, "completition_cost": 1000.0, "overshoot_cost": 179.47242142643995, "power_cost": 27.11706668701172, "noise_cost": 144.74779000799631, "n_waypoints_completed": 0, "tot_waypoints": 9}}
{"target": -329.8000044567969, "params": {"k_pid_pos": [0.9732446074485779, 0.022754937410354614, 0.18532907962799072], "k_pid_alt": [0.00013148784637451172, 0.9999880790710449, 0.722276508808136], "k_pid_att": [100.0, 9.999999747378752e-05, 0.9409022331237793], "k_pid_yaw": [0.5, 1e-06, 0.1], "k_pid_hsp": [9.184523582458496, 0.9767524003982544, 0.008031100034713745], "k_pid_vsp": [400.0, 392.5481872558594, 53.171085357666016]}, "datetime": {"datetime": "2025-08-13 15:50:52", "elapsed": 21780.95466184616, "delta": 28.175047874450684}, "costs": {"total_cost": 329.8000044567969, "time_cost": 106.4, "final_distance_cost": 1.8188915987560406, "oscillation_cost": 101.96592981834044, "completition_cost": 0.0, "overshoot_cost": 65.75580459199037, "power_cost": 27.49096600341797, "noise_cost": 26.36841244429214, "n_waypoints_completed": 9, "tot_waypoints": 9}}
{"target": -767.6800955681537, "params": {"k_pid_pos": [0.3934344947338104, 0.6919600963592529, 0.019358009099960327], "k_pid_alt": [0.00693899393081665, 0.9425536394119263, 0.9623307585716248], "k_pid_att": [100.0, 9.999999747378752e-05, 0.961646318435669], "k_pid_yaw": [0.5, 1e-06, 0.1], "k_pid_hsp": [9.787006378173828, 0.8642313480377197, 0.02081066370010376], "k_pid_vsp": [399.997314453125, 395.8114013671875, 41.12396240234375]}, "datetime": {"datetime": "2025-08-13 15:51:25", "elapsed": 21813.4084982872, "delta": 32.45383644104004}, "costs": {"total_cost": 767.6800955681537, "time_cost": 150, "final_distance_cost": 61.371264245455315, "oscillation_cost": 96.47174815091424, "completition_cost": 333.33333333333337, "overshoot_cost": 62.68772137124987, "power_cost": 33.20155865478516, "noise_cost": 30.614469812415805, "n_waypoints_completed": 6, "tot_waypoints": 9}}
{"target": -941.6385632572086, "params": {"k_pid_pos": [0.14603061974048615, 0.422383189201355, 0.01957640051841736], "k_pid_alt": [0.0, 0.9999867677688599, 0.9707598686218262], "k_pid_att": [100.0, 9.999999747378752e-05, 0.9788748025894165], "k_pid_yaw": [0.5, 1e-06, 0.1], "k_pid_hsp": [9.917261123657227, 0.950344979763031, 0.004017502069473267], "k_pid_vsp": [400.0, 386.849365234375, 31.049562454223633]}, "datetime": {"datetime": "2025-08-13 15:51:57", "elapsed": 21845.553908586502, "delta": 32.14541029930115}, "costs": {"total_cost": 941.6385632572086, "time_cost": 150, "final_distance_cost": 48.46743082969069, "oscillation_cost": 73.38503024601698, "completition_cost": 555.5555555555555, "overshoot_cost": 60.127610494685904, "power_cost": 27.07258190917969, "noise_cost": 27.03035422207983, "n_waypoints_completed": 4, "tot_waypoints": 9}}
{"target": -322.0673351489114, "params": {"k_pid_pos": [0.44323769211769104, 0.04279932379722595, 0.0580422580242157], "k_pid_alt": [6.502866744995117e-05, 0.9999902248382568, 0.8631501197814941], "k_pid_att": [100.0, 0.004532156977802515, 0.9649167060852051], "k_pid_yaw": [0.5, 1e-06, 0.1], "k_pid_hsp": [9.846644401550293, 0.9563283324241638, 0.02104252576828003], "k_pid_vsp": [372.42254638671875, 394.9354553222656, 2.2314438819885254]}, "datetime": {"datetime": "2025-08-13 15:52:25", "elapsed": 21873.306174755096, "delta": 27.75226616859436}, "costs": {"total_cost": 322.0673351489114, "time_cost": 104.468, "final_distance_cost": 1.8151630742786466, "oscillation_cost": 89.64504722661162, "completition_cost": 0.0, "overshoot_cost": 67.25043857572084, "power_cost": 28.64351678466797, "noise_cost": 30.24516948763238, "n_waypoints_completed": 9, "tot_waypoints": 9}}
{"target": -879.7318088002637, "params": {"k_pid_pos": [0.2601575553417206, 0.49052026867866516, 0.04412841796875], "k_pid_alt": [0.02991938591003418, 1.0, 0.7548168897628784], "k_pid_att": [95.08122253417969, 9.947014808654785, 0.9543531537055969], "k_pid_yaw": [0.5, 1e-06, 0.1], "k_pid_hsp": [9.76675796508789, 0.891528308391571, 0.023116588592529297], "k_pid_vsp": [356.42169189453125, 355.1894226074219, 3.6225686073303223]}, "datetime": {"datetime": "2025-08-13 15:52:56", "elapsed": 21904.282670736313, "delta": 30.97649598121643}, "costs": {"total_cost": 879.7318088002637, "time_cost": 150, "final_distance_cost": 51.46169124253518, "oscillation_cost": 115.41671704667574, "completition_cost": 444.4444444444444, "overshoot_cost": 56.7912364351384, "power_cost": 29.56360250244141, "noise_cost": 32.054117129028576, "n_waypoints_completed": 5, "tot_waypoints": 9}}
{"target": -509.85877866390837, "params": {"k_pid_pos": [0.25325918197631836, 0.05153989791870117, 0.0059573352336883545], "k_pid_alt": [0.0, 1.0, 0.9681755900382996], "k_pid_att": [100.0, 9.999999747378752e-05, 0.9879399538040161], "k_pid_yaw": [0.5, 1e-06, 0.1], "k_pid_hsp": [9.665699005126953, 0.9021934866905212, 0.006855368614196777], "k_pid_vsp": [305.4517822265625, 395.8728332519531, 3.2551417350769043]}, "datetime": {"datetime": "2025-08-13 15:53:29", "elapsed": 21937.77864933014, "delta": 33.495978593826294}, "costs": {"total_cost": 509.85877866390837, "time_cost": 150, "final_distance_cost": 38.55214800726259, "oscillation_cost": 74.7605651147103, "completition_cost": 111.11111111111116, "overshoot_cost": 68.78254144066152, "power_cost": 32.86558930664063, "noise_cost": 33.786823683522194, "n_waypoints_completed": 8, "tot_waypoints": 9}}
{"target": -434.27483122860565, "params": {"k_pid_pos": [0.5654960870742798, 0.09627819061279297, 0.008918464183807373], "k_pid_alt": [0.0, 1.0, 0.9624849557876587], "k_pid_att": [100.0, 9.999999747378752e-05, 0.963278591632843], "k_pid_yaw": [0.5, 1e-06, 0.1], "k_pid_hsp": [8.819766998291016, 0.9752498865127563, 0.07238590717315674], "k_pid_vsp": [400.0, 385.4090270996094, 37.86745071411133]}, "datetime": {"datetime": "2025-08-13 15:53:58", "elapsed": 21966.617547512054, "delta": 28.838898181915283}, "costs": {"total_cost": 434.27483122860565, "time_cost": 108.654, "final_distance_cost": 1.8192381779144393, "oscillation_cost": 194.20858594356162, "completition_cost": 0.0, "overshoot_cost": 67.42564017942695, "power_cost": 34.404020703125, "noise_cost": 27.76334622457766, "n_waypoints_completed": 9, "tot_waypoints": 9}}
{"target": -1434.5295765811386, "params": {"k_pid_pos": [0.924923300743103, 0.0925753116607666, 0.12697696685791016], "k_pid_alt": [1.2934207916259766e-05, 0.003765314817428589, 0.920383095741272], "k_pid_att": [99.99993133544922, 9.999999747378752e-05, 0.9560497403144836], "k_pid_yaw": [0.5, 1e-06, 0.1], "k_pid_hsp": [9.895289421081543, 0.9666297435760498, 0.018764257431030273], "k_pid_vsp": [337.98736572265625, 350.5859375, 4.9719343185424805]}, "datetime": {"datetime": "2025-08-13 15:54:29", "elapsed": 21997.2764210701, "delta": 30.658873558044434}, "costs": {"total_cost": 1434.5295765811386, "time_cost": 150, "final_distance_cost": 11.167962289955565, "oscillation_cost": 38.776759525883676, "completition_cost": 1000.0, "overshoot_cost": 144.6083369950402, "power_cost": 33.60753199462891, "noise_cost": 56.36898577563014, "n_waypoints_completed": 0, "tot_waypoints": 9}}
