{"target": -1235.073920380712, "params": {"k_pid_pos": [0.8127957582473755, 0.8564250469207764, 1.0], "k_pid_alt": [0.05395478010177612, 0.9999095797538757, 0.5005152225494385], "k_pid_att": [83.5436019897461, 9.999557495117188, 0.14946454763412476], "k_pid_yaw": [0.5, 1e-06, 0.1], "k_pid_hsp": [6.909180641174316, 0.9693566560745239, 0.25087857246398926], "k_pid_vsp": [396.08001708984375, 116.99838256835938, 188.1823272705078]}, "datetime": {"datetime": "2025-08-13 12:22:51", "elapsed": 9299.717960596085, "delta": 28.878133058547974}, "costs": {"total_cost": 1235.073920380712, "time_cost": 150, "final_distance_cost": 74.4248967076007, "oscillation_cost": 556.468370856284, "completition_cost": 333.33333333333337, "overshoot_cost": 63.21037792894306, "power_cost": 30.189938818359376, "noise_cost": 27.44700273619169, "n_waypoints_completed": 6, "tot_waypoints": 9}}
{"target": -27839.972779575135, "params": {"k_pid_pos": [0.7332261800765991, 0.08474072813987732, 0.9350225329399109], "k_pid_alt": [0.0, 0.014170795679092407, 0.32287150621414185], "k_pid_att": [5.9604644775390625e-06, 1.4340181350708008, 0.18667644262313843], "k_pid_yaw": [0.5, 1e-06, 0.1], "k_pid_hsp": [9.683664321899414, 0.29625818133354187, 0.8784008622169495], "k_pid_vsp": [393.04705810546875, 43.91120529174805, 95.57613372802734]}, "datetime": {"datetime": "2025-08-13 12:23:21", "elapsed": 9329.457865953445, "delta": 29.73990535736084}, "costs": {"total_cost": 27839.972779575135, "time_cost": 150, "final_distance_cost": 7828.514573521294, "oscillation_cost": 2401.5754477059754, "completition_cost": 1000.0, "overshoot_cost": 16228.115588081759, "power_cost": 58.46677116699219, "noise_cost": 173.30039909911142, "n_waypoints_completed": 0, "tot_waypoints": 9}}
{"target": -4118.952646763923, "params": {"k_pid_pos": [1.8426759243011475, 0.8926083445549011, 2.384185791015625e-07], "k_pid_alt": [0.0, 5.513429641723633e-06, 0.7143535614013672], "k_pid_att": [0.00021755695343017578, 0.3708153963088989, 0.6288124322891235], "k_pid_yaw": [0.5, 1e-06, 0.1], "k_pid_hsp": [6.469829082489014, 0.9349684715270996, 0.9872839450836182], "k_pid_vsp": [400.0, 232.86135864257812, 118.89396667480469]}, "datetime": {"datetime": "2025-08-13 12:23:50", "elapsed": 9358.668533325195, "delta": 29.210667371749878}, "costs": {"total_cost": 4118.952646763923, "time_cost": 150, "final_distance_cost": 584.4269684106708, "oscillation_cost": 729.7352144539362, "completition_cost": 1000.0, "overshoot_cost": 1490.5048498469082, "power_cost": 17.355586328125, "noise_cost": 146.93002772428343, "n_waypoints_completed": 0, "tot_waypoints": 9}}
{"target": -893.3328648306649, "params": {"k_pid_pos": [1.0814543962478638, 0.6248913407325745, 3.8743019104003906e-07], "k_pid_alt": [1.9982106685638428, 0.9999998807907104, 0.9349991083145142], "k_pid_att": [98.98335266113281, 0.008575099520385265, 0.08670273423194885], "k_pid_yaw": [0.5, 1e-06, 0.1], "k_pid_hsp": [8.149797439575195, 0.9244155883789062, 0.4443613886833191], "k_pid_vsp": [60.8093147277832, 218.2787628173828, 135.53013610839844]}, "datetime": {"datetime": "2025-08-13 12:24:20", "elapsed": 9388.638669252396, "delta": 29.970135927200317}, "costs": {"total_cost": 893.3328648306649, "time_cost": 150, "final_distance_cost": 64.68369550001614, "oscillation_cost": 314.865269626346, "completition_cost": 222.2222222222222, "overshoot_cost": 69.91852993430575, "power_cost": 39.77061959228516, "noise_cost": 31.872527955489655, "n_waypoints_completed": 7, "tot_waypoints": 9}}
{"target": -1148.6820670591608, "params": {"k_pid_pos": [1.862350344657898, 0.5970561504364014, 0.0], "k_pid_alt": [0.0, 0.9796890020370483, 0.6072729229927063], "k_pid_att": [99.9985122680664, 9.991863250732422, 0.811022937297821], "k_pid_yaw": [0.5, 1e-06, 0.1], "k_pid_hsp": [8.554306983947754, 0.6783306002616882, 0.9903886318206787], "k_pid_vsp": [398.49609375, 312.4901428222656, 11.562407493591309]}, "datetime": {"datetime": "2025-08-13 12:24:49", "elapsed": 9417.793228149414, "delta": 29.154558897018433}, "costs": {"total_cost": 1148.6820670591608, "time_cost": 150, "final_distance_cost": 38.432016929273516, "oscillation_cost": 270.4794568515408, "completition_cost": 555.5555555555555, "overshoot_cost": 63.54127486616237, "power_cost": 35.81339468994141, "noise_cost": 34.86036816668708, "n_waypoints_completed": 4, "tot_waypoints": 9}}
{"target": -1576.3088822273658, "params": {"k_pid_pos": [1.2797452211380005, 0.7008569240570068, 0.016289710998535156], "k_pid_alt": [1.998609185218811, 4.231929779052734e-06, 0.771535336971283], "k_pid_att": [100.0, 9.999917984008789, 0.07053527235984802], "k_pid_yaw": [0.5, 1e-06, 0.1], "k_pid_hsp": [9.379133224487305, 0.9844346046447754, 0.5602034330368042], "k_pid_vsp": [5.9604644775390625e-05, 190.62301635742188, 211.7139892578125]}, "datetime": {"datetime": "2025-08-13 12:25:19", "elapsed": 9447.593411922455, "delta": 29.80018377304077}, "costs": {"total_cost": 1576.3088822273658, "time_cost": 150, "final_distance_cost": 59.999090918048005, "oscillation_cost": 217.54088672877452, "completition_cost": 888.8888888888888, "overshoot_cost": 134.83973181960647, "power_cost": 34.56574012451172, "noise_cost": 90.47454374753657, "n_waypoints_completed": 1, "tot_waypoints": 9}}
{"target": -2101.4130987189806, "params": {"k_pid_pos": [0.7401474118232727, 0.5048307180404663, 1.0311603546142578e-05], "k_pid_alt": [0.0, 0.0019691884517669678, 0.2817864418029785], "k_pid_att": [98.59235382080078, 9.960770606994629, 0.8867983818054199], "k_pid_yaw": [0.5, 1e-06, 0.1], "k_pid_hsp": [6.500320911407471, 0.9448068141937256, 0.24237820506095886], "k_pid_vsp": [8.549737930297852, 269.35931396484375, 93.28923034667969]}, "datetime": {"datetime": "2025-08-13 12:25:50", "elapsed": 9478.255278110504, "delta": 30.661866188049316}, "costs": {"total_cost": 2101.4130987189806, "time_cost": 150, "final_distance_cost": 7.964388674325782, "oscillation_cost": 702.701462046954, "completition_cost": 1000.0, "overshoot_cost": 148.11475319067569, "power_cost": 42.28160864257813, "noise_cost": 50.350886164446976, "n_waypoints_completed": 0, "tot_waypoints": 9}}
{"target": -1493.6853849197632, "params": {"k_pid_pos": [0.03968951478600502, 0.9441527128219604, 3.2782554626464844e-07], "k_pid_alt": [1.206890344619751, 0.0, 0.790166437625885], "k_pid_att": [100.0, 7.78754186630249, 0.11598506569862366], "k_pid_yaw": [0.5, 1e-06, 0.1], "k_pid_hsp": [9.02029037475586, 0.6382302045822144, 0.13264361023902893], "k_pid_vsp": [233.8163604736328, 41.29761505126953, 178.0769805908203]}, "datetime": {"datetime": "2025-08-13 12:26:20", "elapsed": 9508.156873941422, "delta": 29.90159583091736}, "costs": {"total_cost": 1493.6853849197632, "time_cost": 150, "final_distance_cost": 47.19332665702219, "oscillation_cost": 183.80902538149306, "completition_cost": 1000.0, "overshoot_cost": 50.12357961335456, "power_cost": 33.882252355957036, "noise_cost": 28.67720091193626, "n_waypoints_completed": 0, "tot_waypoints": 9}}
{"target": -393.97718867038446, "params": {"k_pid_pos": [1.865772008895874, 0.20425045490264893, 1.0], "k_pid_alt": [1.6844979524612427, 1.0, 0.4874745011329651], "k_pid_att": [5.041983604431152, 9.999971389770508, 0.7771058082580566], "k_pid_yaw": [0.5, 1e-06, 0.1], "k_pid_hsp": [4.317087650299072, 0.8715255856513977, 0.4372809827327728], "k_pid_vsp": [2.8703927993774414, 241.89352416992188, 48.16738510131836]}, "datetime": {"datetime": "2025-08-13 12:26:44", "elapsed": 9532.273736476898, "delta": 24.116862535476685}, "costs": {"total_cost": 393.97718867038446, "time_cost": 94.318, "final_distance_cost": 1.7753967980403749, "oscillation_cost": 193.33631944660402, "completition_cost": 0.0, "overshoot_cost": 59.46681294848324, "power_cost": 22.599514904785156, "noise_cost": 22.481144572471646, "n_waypoints_completed": 9, "tot_waypoints": 9}}
{"target": -1188.041053734814, "params": {"k_pid_pos": [0.8068127036094666, 0.934049665927887, 0.0], "k_pid_alt": [5.960464477539063e-08, 0.9935646057128906, 0.22373801469802856], "k_pid_att": [99.9984130859375, 7.759889125823975, 0.5385610461235046], "k_pid_yaw": [0.5, 1e-06, 0.1], "k_pid_hsp": [6.755520820617676, 0.8082457780838013, 0.31612521409988403], "k_pid_vsp": [362.7767333984375, 92.27271270751953, 13.527215003967285]}, "datetime": {"datetime": "2025-08-13 12:27:14", "elapsed": 9562.299652576447, "delta": 30.02591609954834}, "costs": {"total_cost": 1188.041053734814, "time_cost": 150, "final_distance_cost": 42.48221037751369, "oscillation_cost": 184.3938421430094, "completition_cost": 666.6666666666667, "overshoot_cost": 71.95953218965934, "power_cost": 39.53054399414063, "noise_cost": 33.00825836382425, "n_waypoints_completed": 3, "tot_waypoints": 9}}
{"target": -520.229908768499, "params": {"k_pid_pos": [1.419647216796875, 0.9358439445495605, 1.0], "k_pid_alt": [1.9883270263671875, 0.0, 0.9687066674232483], "k_pid_att": [100.0, 9.999999747378752e-05, 0.4043519198894501], "k_pid_yaw": [0.5, 1e-06, 0.1], "k_pid_hsp": [0.8407400250434875, 0.7424410581588745, 0.12830185890197754], "k_pid_vsp": [0.0, 297.06329345703125, 94.13055419921875]}, "datetime": {"datetime": "2025-08-13 12:27:41", "elapsed": 9589.305602312088, "delta": 27.00594973564148}, "costs": {"total_cost": 520.229908768499, "time_cost": 108.71000000000001, "final_distance_cost": 1.8406917935581413, "oscillation_cost": 269.8940131866039, "completition_cost": 0.0, "overshoot_cost": 61.47947460258697, "power_cost": 42.25462053222657, "noise_cost": 36.05110865352333, "n_waypoints_completed": 9, "tot_waypoints": 9}}
{"target": -1687.6003242060392, "params": {"k_pid_pos": [0.2861466109752655, 0.31818026304244995, 0.999991774559021], "k_pid_alt": [1.9999998807907104, 0.9999998211860657, 0.11358192563056946], "k_pid_att": [99.68644714355469, 0.19160065054893494, 0.18499332666397095], "k_pid_yaw": [0.5, 1e-06, 0.1], "k_pid_hsp": [0.4124246835708618, 0.06909573078155518, 0.14220112562179565], "k_pid_vsp": [399.9999694824219, 45.90867614746094, 77.62801361083984]}, "datetime": {"datetime": "2025-08-13 12:28:14", "elapsed": 9622.389970064163, "delta": 33.084367752075195}, "costs": {"total_cost": 1687.6003242060392, "time_cost": 150, "final_distance_cost": 50.71526771103508, "oscillation_cost": 704.9658637251077, "completition_cost": 666.6666666666667, "overshoot_cost": 62.449559867483444, "power_cost": 26.833950012207033, "noise_cost": 25.96901622353919, "n_waypoints_completed": 3, "tot_waypoints": 9}}
{"target": -3612.151715690136, "params": {"k_pid_pos": [1.9935837984085083, 0.05451127886772156, 0.9988800287246704], "k_pid_alt": [0.28858649730682373, 0.033287107944488525, 0.1279144585132599], "k_pid_att": [2.9802322387695312e-06, 10.0, 0.6812658309936523], "k_pid_yaw": [0.5, 1e-06, 0.1], "k_pid_hsp": [6.695756435394287, 0.9666823148727417, 0.05849134922027588], "k_pid_vsp": [0.0, 140.8246307373047, 222.65846252441406]}, "datetime": {"datetime": "2025-08-13 12:28:46", "elapsed": 9654.17814040184, "delta": 31.788170337677002}, "costs": {"total_cost": 3612.151715690136, "time_cost": 150, "final_distance_cost": 349.6431675243127, "oscillation_cost": 1193.0949552178224, "completition_cost": 1000.0, "overshoot_cost": 709.6050144076694, "power_cost": 50.935247644042974, "noise_cost": 158.8733308962883, "n_waypoints_completed": 0, "tot_waypoints": 9}}
{"target": -780.9473335055878, "params": {"k_pid_pos": [1.4848344326019287, 0.20980894565582275, 0.9999998807907104], "k_pid_alt": [0.0002898573875427246, 0.40248194336891174, 0.5821882486343384], "k_pid_att": [4.907858371734619, 0.00041828560642898083, 0.5386999845504761], "k_pid_yaw": [0.5, 1e-06, 0.1], "k_pid_hsp": [9.317911148071289, 0.8237794041633606, 0.8883479833602905], "k_pid_vsp": [0.02828836441040039, 230.8614959716797, 12.986052513122559]}, "datetime": {"datetime": "2025-08-13 12:29:19", "elapsed": 9687.576315641403, "delta": 33.39817523956299}, "costs": {"total_cost": 780.9473335055878, "time_cost": 150, "final_distance_cost": 70.09853881904706, "oscillation_cost": 221.38477408829272, "completition_cost": 222.2222222222222, "overshoot_cost": 64.69122030433323, "power_cost": 26.131475610351565, "noise_cost": 26.419102461341016, "n_waypoints_completed": 7, "tot_waypoints": 9}}
{"target": -1276.9056093670094, "params": {"k_pid_pos": [0.7911900877952576, 0.6729704737663269, 0.0001360476016998291], "k_pid_alt": [0.005000710487365723, 1.0, 0.4465584456920624], "k_pid_att": [100.0, 9.999910354614258, 0.5467648506164551], "k_pid_yaw": [0.5, 1e-06, 0.1], "k_pid_hsp": [3.88754940032959, 0.7051267623901367, 0.5887868404388428], "k_pid_vsp": [23.96940040588379, 79.75904846191406, 61.78703308105469]}, "datetime": {"datetime": "2025-08-13 12:29:50", "elapsed": 9718.294535160065, "delta": 30.7182195186615}, "costs": {"total_cost": 1276.9056093670094, "time_cost": 150, "final_distance_cost": 40.6753875663852, "oscillation_cost": 372.2360430238761, "completition_cost": 555.5555555555555, "overshoot_cost": 78.74181363043701, "power_cost": 42.00561748046875, "noise_cost": 37.69119211028678, "n_waypoints_completed": 4, "tot_waypoints": 9}}
{"target": -1668.7191001474243, "params": {"k_pid_pos": [0.1486724615097046, 0.7570744156837463, 0.8026933073997498], "k_pid_alt": [0.0, 0.9993346929550171, 0.8565992116928101], "k_pid_att": [99.62085723876953, 0.00615279097110033, 0.39868488907814026], "k_pid_yaw": [0.5, 1e-06, 0.1], "k_pid_hsp": [2.965188503265381, 0.7951427102088928, 0.8282758593559265], "k_pid_vsp": [26.24541473388672, 352.1918640136719, 207.50338745117188]}, "datetime": {"datetime": "2025-08-13 12:30:20", "elapsed": 9748.640503644943, "delta": 30.34596848487854}, "costs": {"total_cost": 1668.7191001474243, "time_cost": 150, "final_distance_cost": 65.622722444427, "oscillation_cost": 418.5110896371898, "completition_cost": 888.8888888888888, "overshoot_cost": 70.51638251545857, "power_cost": 44.38213231201172, "noise_cost": 30.797884349448648, "n_waypoints_completed": 1, "tot_waypoints": 9}}
{"target": -37170.4086151477, "params": {"k_pid_pos": [0.19018228352069855, 0.7099736332893372, 7.3015689849853516e-06], "k_pid_alt": [2.0, 0.003979355096817017, 0.5438281893730164], "k_pid_att": [5.9604644775390625e-06, 1.2341902256011963, 0.3443797528743744], "k_pid_yaw": [0.5, 1e-06, 0.1], "k_pid_hsp": [3.9919002056121826, 0.8226379156112671, 0.6470890045166016], "k_pid_vsp": [0.0, 392.37799072265625, 112.06391143798828]}, "datetime": {"datetime": "2025-08-13 12:30:51", "elapsed": 9779.300030946732, "delta": 30.65952730178833}, "costs": {"total_cost": 37170.4086151477, "time_cost": 150, "final_distance_cost": 10175.020133683394, "oscillation_cost": 2474.7793229108074, "completition_cost": 1000.0, "overshoot_cost": 23142.927123450943, "power_cost": 57.00568360595703, "noise_cost": 170.67635149659918, "n_waypoints_completed": 0, "tot_waypoints": 9}}
{"target": -1179.0239078169484, "params": {"k_pid_pos": [1.6910709142684937, 0.9079222679138184, 0.7644549012184143], "k_pid_alt": [0.032950758934020996, 0.9999764561653137, 0.03306552767753601], "k_pid_att": [100.0, 9.950212478637695, 0.7999495267868042], "k_pid_yaw": [0.5, 1e-06, 0.1], "k_pid_hsp": [1.861353874206543, 0.16764235496520996, 0.13148429989814758], "k_pid_vsp": [399.55328369140625, 374.11199951171875, 119.7501220703125]}, "datetime": {"datetime": "2025-08-13 12:31:20", "elapsed": 9808.841453552246, "delta": 29.541422605514526}, "costs": {"total_cost": 1179.0239078169484, "time_cost": 150, "final_distance_cost": 63.013354828268966, "oscillation_cost": 480.24117225624593, "completition_cost": 333.33333333333337, "overshoot_cost": 69.62091275126484, "power_cost": 46.42414318847656, "noise_cost": 36.3909914593588, "n_waypoints_completed": 6, "tot_waypoints": 9}}
{"target": -1893.5600416953223, "params": {"k_pid_pos": [0.6152595281600952, 0.6320679187774658, 0.9973829984664917], "k_pid_alt": [0.0002410411834716797, 0.9999997615814209, 0.25363820791244507], "k_pid_att": [100.0, 9.999999747378752e-05, 0.050929486751556396], "k_pid_yaw": [0.5, 1e-06, 0.1], "k_pid_hsp": [2.228606939315796, 0.8375338912010193, 0.4634494483470917], "k_pid_vsp": [0.0, 179.36656188964844, 195.30276489257812]}, "datetime": {"datetime": "2025-08-13 12:31:49", "elapsed": 9837.895367860794, "delta": 29.053914308547974}, "costs": {"total_cost": 1893.5600416953223, "time_cost": 150, "final_distance_cost": 75.53345974653983, "oscillation_cost": 502.77048140224383, "completition_cost": 1000.0, "overshoot_cost": 96.8282723688021, "power_cost": 38.03212722167969, "noise_cost": 30.395700956056867, "n_waypoints_completed": 0, "tot_waypoints": 9}}
{"target": -7860.338079023118, "params": {"k_pid_pos": [1.1831098794937134, 0.7226539850234985, 0.9878780245780945], "k_pid_alt": [1.9729948043823242, 0.9998718500137329, 0.7490476369857788], "k_pid_att": [20.12033462524414, 0.0001566238352097571, 0.3983885645866394], "k_pid_yaw": [0.5, 1e-06, 0.1], "k_pid_hsp": [9.78858470916748, 0.36217135190963745, 0.3697696924209595], "k_pid_vsp": [0.01913309097290039, 249.59530639648438, 275.09918212890625]}, "datetime": {"datetime": "2025-08-13 12:32:19", "elapsed": 9867.84686255455, "delta": 29.951494693756104}, "costs": {"total_cost": 7860.338079023118, "time_cost": 150, "final_distance_cost": 2404.4762510904957, "oscillation_cost": 602.499986059343, "completition_cost": 888.8888888888888, "overshoot_cost": 3754.455884180085, "power_cost": 29.21152321777344, "noise_cost": 30.805545586532716, "n_waypoints_completed": 1, "tot_waypoints": 9}}
{"target": -3519.9278325945306, "params": {"k_pid_pos": [0.7794401049613953, 0.8481212258338928, 0.0002593100070953369], "k_pid_alt": [0.04762101173400879, 0.0, 0.695736825466156], "k_pid_att": [99.99998474121094, 10.0, 0.6541106104850769], "k_pid_yaw": [0.5, 1e-06, 0.1], "k_pid_hsp": [8.574515342712402, 0.666622519493103, 0.100616455078125], "k_pid_vsp": [4.106760025024414, 229.71881103515625, 260.9151611328125]}, "datetime": {"datetime": "2025-08-13 12:32:48", "elapsed": 9896.721196651459, "delta": 28.87433409690857}, "costs": {"total_cost": 3519.9278325945306, "time_cost": 150, "final_distance_cost": 1004.5713937918154, "oscillation_cost": 315.72920822996355, "completition_cost": 1000.0, "overshoot_cost": 957.9460324861398, "power_cost": 32.71215064697266, "noise_cost": 58.9690474396394, "n_waypoints_completed": 0, "tot_waypoints": 9}}
{"target": -6098.277672406341, "params": {"k_pid_pos": [1.3386290073394775, 0.12493762373924255, 2.7418136596679688e-06], "k_pid_alt": [1.9557799100875854, 0.9122129678726196, 0.5928992033004761], "k_pid_att": [0.0, 0.031220465898513794, 0.9623364210128784], "k_pid_yaw": [0.5, 1e-06, 0.1], "k_pid_hsp": [7.946916103363037, 0.8843975067138672, 0.649976372718811], "k_pid_vsp": [0.27142763137817383, 267.043701171875, 240.51063537597656]}, "datetime": {"datetime": "2025-08-13 12:33:18", "elapsed": 9926.420586585999, "delta": 29.699389934539795}, "costs": {"total_cost": 6098.277672406341, "time_cost": 150, "final_distance_cost": 1806.463398348005, "oscillation_cost": 44.70802470846791, "completition_cost": 1000.0, "overshoot_cost": 2905.2398697346866, "power_cost": 47.619519396972656, "noise_cost": 144.2468602182092, "n_waypoints_completed": 0, "tot_waypoints": 9}}
{"target": -5188.2231404379045, "params": {"k_pid_pos": [0.2514343559741974, 0.7400952577590942, 0.06327429413795471], "k_pid_alt": [5.364418029785156e-07, 0.018996447324752808, 0.5529716610908508], "k_pid_att": [0.0, 9.999999747378752e-05, 0.5974860191345215], "k_pid_yaw": [0.5, 1e-06, 0.1], "k_pid_hsp": [8.053008079528809, 0.8412098288536072, 0.6036394834518433], "k_pid_vsp": [390.39508056640625, 106.00464630126953, 31.60982322692871]}, "datetime": {"datetime": "2025-08-13 12:33:48", "elapsed": 9956.463488578796, "delta": 30.04290199279785}, "costs": {"total_cost": 5188.2231404379045, "time_cost": 150, "final_distance_cost": 1285.6117949188515, "oscillation_cost": 1.0185868595875285, "completition_cost": 1000.0, "overshoot_cost": 2687.6068528328965, "power_cost": 31.999924816894534, "noise_cost": 31.98598100967479, "n_waypoints_completed": 0, "tot_waypoints": 9}}
{"target": -4497.656070174926, "params": {"k_pid_pos": [0.337754487991333, 0.4489503502845764, 0.004879087209701538], "k_pid_alt": [0.7544853687286377, 0.9851534366607666, 0.3068734407424927], "k_pid_att": [0.0, 0.868732750415802, 0.2929380536079407], "k_pid_yaw": [0.5, 1e-06, 0.1], "k_pid_hsp": [8.373370170593262, 0.8795375823974609, 0.08997160196304321], "k_pid_vsp": [0.11532306671142578, 198.5766143798828, 16.584280014038086]}, "datetime": {"datetime": "2025-08-13 12:34:18", "elapsed": 9986.281739473343, "delta": 29.81825089454651}, "costs": {"total_cost": 4497.656070174926, "time_cost": 150, "final_distance_cost": 485.25145950617605, "oscillation_cost": 1322.3891653092314, "completition_cost": 1000.0, "overshoot_cost": 1313.2659250509985, "power_cost": 58.23992634277344, "noise_cost": 168.50959396574626, "n_waypoints_completed": 0, "tot_waypoints": 9}}
{"target": -951.2558842137104, "params": {"k_pid_pos": [1.2786089181900024, 0.9585535526275635, 0.009869545698165894], "k_pid_alt": [1.9778594970703125, 0.9999990463256836, 0.021079599857330322], "k_pid_att": [97.36383819580078, 9.999723434448242, 0.18779528141021729], "k_pid_yaw": [0.5, 1e-06, 0.1], "k_pid_hsp": [8.246536254882812, 0.42941170930862427, 0.3671754002571106], "k_pid_vsp": [399.7983093261719, 189.48753356933594, 45.142005920410156]}, "datetime": {"datetime": "2025-08-13 12:34:47", "elapsed": 10015.551627159119, "delta": 29.269887685775757}, "costs": {"total_cost": 951.2558842137104, "time_cost": 150, "final_distance_cost": 75.74275330979708, "oscillation_cost": 249.02812717028175, "completition_cost": 333.33333333333337, "overshoot_cost": 70.9244017185779, "power_cost": 39.11582014160157, "noise_cost": 33.11144854011869, "n_waypoints_completed": 6, "tot_waypoints": 9}}
