{"target": -1257.2908729406086, "params": {"k_pid_pos": [0.020060358569025993, 0.28858670592308044, 0.014642894268035889], "k_pid_alt": [0.0, 1.0, 0.8957574367523193], "k_pid_att": [90.07064819335938, 9.999999747378752e-05, 0.9806030988693237], "k_pid_yaw": [0.5, 1e-06, 0.1], "k_pid_hsp": [9.951685905456543, 0.9869129657745361, 0.006961733102798462], "k_pid_vsp": [399.997314453125, 369.82421875, 6.42980432510376]}, "datetime": {"datetime": "2025-08-13 17:25:57", "elapsed": 27485.43180513382, "delta": 28.784409284591675}, "costs": {"total_cost": 1257.2908729406086, "time_cost": 150, "final_distance_cost": 66.81118151827006, "oscillation_cost": 43.72102134773379, "completition_cost": 888.8888888888888, "overshoot_cost": 48.78361534016997, "power_cost": 27.05148415527344, "noise_cost": 32.03468169027278, "n_waypoints_completed": 1, "tot_waypoints": 9}}
{"target": -1205.639540654161, "params": {"k_pid_pos": [0.06610479205846786, 0.25267794728279114, 0.0026513636112213135], "k_pid_alt": [0.0, 0.999990701675415, 0.9669507145881653], "k_pid_att": [100.0, 9.999999747378752e-05, 0.9654477834701538], "k_pid_yaw": [0.5, 1e-06, 0.1], "k_pid_hsp": [9.75390338897705, 0.9396477937698364, 0.020269721746444702], "k_pid_vsp": [399.884765625, 358.5813903808594, 11.823691368103027]}, "datetime": {"datetime": "2025-08-13 17:26:25", "elapsed": 27514.09499144554, "delta": 28.6631863117218}, "costs": {"total_cost": 1205.639540654161, "time_cost": 150, "final_distance_cost": 93.45827828545924, "oscillation_cost": 69.04073680182213, "completition_cost": 777.7777777777778, "overshoot_cost": 51.488446214793925, "power_cost": 33.35328863525391, "noise_cost": 30.521012939054117, "n_waypoints_completed": 2, "tot_waypoints": 9}}
{"target": -374.8510419071098, "params": {"k_pid_pos": [0.4547749161720276, 0.07520943880081177, 0.09843939542770386], "k_pid_alt": [9.524822235107422e-05, 1.0, 0.9861770868301392], "k_pid_att": [100.0, 9.999999747378752e-05, 0.9702358245849609], "k_pid_yaw": [0.5, 1e-06, 0.1], "k_pid_hsp": [9.66928768157959, 0.926750659942627, 0.011000990867614746], "k_pid_vsp": [400.0, 388.45672607421875, 8.00882625579834]}, "datetime": {"datetime": "2025-08-13 17:26:49", "elapsed": 27537.897760629654, "delta": 23.80276918411255}, "costs": {"total_cost": 374.8510419071098, "time_cost": 102.676, "final_distance_cost": 1.8364271650743305, "oscillation_cost": 160.4615100813548, "completition_cost": 0.0, "overshoot_cost": 65.02550115675096, "power_cost": 19.475731750488283, "noise_cost": 25.3758717534414, "n_waypoints_completed": 9, "tot_waypoints": 9}}
{"target": -1048.8214582767457, "params": {"k_pid_pos": [0.08569013327360153, 0.06640294194221497, 0.013801157474517822], "k_pid_alt": [0.02285635471343994, 0.9769964218139648, 0.8011775612831116], "k_pid_att": [100.0, 0.000101788122265134, 0.9610276818275452], "k_pid_yaw": [0.5, 1e-06, 0.1], "k_pid_hsp": [9.399977684020996, 0.9369988441467285, 0.019332975149154663], "k_pid_vsp": [399.9994812011719, 380.41033935546875, 2.5221238136291504]}, "datetime": {"datetime": "2025-08-13 17:27:18", "elapsed": 27567.013828992844, "delta": 29.116068363189697}, "costs": {"total_cost": 1048.8214582767457, "time_cost": 150, "final_distance_cost": 53.91903127909348, "oscillation_cost": 47.15488936606865, "completition_cost": 666.6666666666667, "overshoot_cost": 69.36653335325897, "power_cost": 27.96208289794922, "noise_cost": 33.752254713708496, "n_waypoints_completed": 3, "tot_waypoints": 9}}
{"target": -1236.6822819315278, "params": {"k_pid_pos": [0.06605251878499985, 0.10348504781723022, 0.06344303488731384], "k_pid_alt": [1.1920928955078125e-07, 1.0, 0.9429959654808044], "k_pid_att": [100.0, 9.999999747378752e-05, 0.9742183685302734], "k_pid_yaw": [0.5, 1e-06, 0.1], "k_pid_hsp": [9.813976287841797, 0.977979302406311, 0.012097984552383423], "k_pid_vsp": [393.0989074707031, 393.9252014160156, 5.021596908569336]}, "datetime": {"datetime": "2025-08-13 17:27:47", "elapsed": 27595.278267860413, "delta": 28.26443886756897}, "costs": {"total_cost": 1236.6822819315278, "time_cost": 150, "final_distance_cost": 92.70641149223708, "oscillation_cost": 92.38796370626872, "completition_cost": 777.7777777777778, "overshoot_cost": 58.427793328847, "power_cost": 32.37414426269532, "noise_cost": 33.00819136370185, "n_waypoints_completed": 2, "tot_waypoints": 9}}
{"target": -1091.9521292337793, "params": {"k_pid_pos": [0.09960784018039703, 0.0510922372341156, 0.046300530433654785], "k_pid_alt": [3.0159950256347656e-05, 1.0, 0.9793350100517273], "k_pid_att": [100.0, 0.13625532388687134, 0.8426654934883118], "k_pid_yaw": [0.5, 1e-06, 0.1], "k_pid_hsp": [9.692785263061523, 0.9715676307678223, 0.08641386032104492], "k_pid_vsp": [400.0, 356.9512023925781, 2.0627031326293945]}, "datetime": {"datetime": "2025-08-13 17:28:16", "elapsed": 27624.210793733597, "delta": 28.932525873184204}, "costs": {"total_cost": 1091.9521292337793, "time_cost": 150, "final_distance_cost": 50.39148363155427, "oscillation_cost": 193.03260098882186, "completition_cost": 555.5555555555555, "overshoot_cost": 70.77382432188377, "power_cost": 36.284172460937505, "noise_cost": 35.91449227502626, "n_waypoints_completed": 4, "tot_waypoints": 9}}
{"target": -737.2891433442421, "params": {"k_pid_pos": [0.597133457660675, 0.10930648446083069, 0.025999069213867188], "k_pid_alt": [0.0, 1.0, 0.9737581610679626], "k_pid_att": [88.74259948730469, 9.999999747378752e-05, 0.9879876971244812], "k_pid_yaw": [0.5, 1e-06, 0.1], "k_pid_hsp": [9.808810234069824, 0.9412515759468079, 0.05525526404380798], "k_pid_vsp": [0.004994869232177734, 395.241455078125, 4.2797932624816895]}, "datetime": {"datetime": "2025-08-13 17:28:45", "elapsed": 27653.908927440643, "delta": 29.69813370704651}, "costs": {"total_cost": 737.2891433442421, "time_cost": 150, "final_distance_cost": 63.23482942226899, "oscillation_cost": 177.6147773528537, "completition_cost": 222.2222222222222, "overshoot_cost": 60.83965681775658, "power_cost": 36.23897575683594, "noise_cost": 27.138681772304583, "n_waypoints_completed": 7, "tot_waypoints": 9}}
{"target": -1030.3746707156067, "params": {"k_pid_pos": [0.08041848987340927, 0.037270307540893555, 0.01214754581451416], "k_pid_alt": [0.00034111738204956055, 0.8282960653305054, 0.2834831178188324], "k_pid_att": [100.0, 0.0011025400599464774, 0.9742355942726135], "k_pid_yaw": [0.5, 1e-06, 0.1], "k_pid_hsp": [9.814971923828125, 0.9605590105056763, 0.0034388601779937744], "k_pid_vsp": [399.9998474121094, 390.2998352050781, 7.320452690124512]}, "datetime": {"datetime": "2025-08-13 17:29:14", "elapsed": 27682.754109621048, "delta": 28.845182180404663}, "costs": {"total_cost": 1030.3746707156067, "time_cost": 150, "final_distance_cost": 51.38456690678312, "oscillation_cost": 36.73450079924035, "completition_cost": 666.6666666666667, "overshoot_cost": 71.4223807247992, "power_cost": 21.636249475097657, "noise_cost": 32.530306143019835, "n_waypoints_completed": 3, "tot_waypoints": 9}}
{"target": -1283.545934079628, "params": {"k_pid_pos": [0.015047918073832989, 0.029908061027526855, 0.013429462909698486], "k_pid_alt": [0.0, 1.0, 0.9910975694656372], "k_pid_att": [100.0, 9.999999747378752e-05, 0.8821287751197815], "k_pid_yaw": [0.5, 1e-06, 0.1], "k_pid_hsp": [9.52734661102295, 0.9859102964401245, 0.014499187469482422], "k_pid_vsp": [400.0, 371.3304138183594, 5.4379353523254395]}, "datetime": {"datetime": "2025-08-13 17:29:44", "elapsed": 27712.112547397614, "delta": 29.35843777656555}, "costs": {"total_cost": 1283.545934079628, "time_cost": 150, "final_distance_cost": 51.33502584099969, "oscillation_cost": 29.005045352362185, "completition_cost": 888.8888888888888, "overshoot_cost": 87.52928813014225, "power_cost": 40.60426590576172, "noise_cost": 36.18341996147336, "n_waypoints_completed": 1, "tot_waypoints": 9}}
{"target": -840.2093539756092, "params": {"k_pid_pos": [0.2158232182264328, 0.47375279664993286, 0.008443832397460938], "k_pid_alt": [0.0, 1.0, 0.9624258279800415], "k_pid_att": [99.99993133544922, 9.999999747378752e-05, 0.9787620306015015], "k_pid_yaw": [0.5, 1e-06, 0.1], "k_pid_hsp": [9.928305625915527, 0.9775477647781372, 0.008502185344696045], "k_pid_vsp": [399.9942321777344, 392.15191650390625, 18.135465621948242]}, "datetime": {"datetime": "2025-08-13 17:30:13", "elapsed": 27741.293087482452, "delta": 29.180540084838867}, "costs": {"total_cost": 840.2093539756092, "time_cost": 150, "final_distance_cost": 50.092489680373845, "oscillation_cost": 75.10364779043752, "completition_cost": 444.4444444444444, "overshoot_cost": 57.30809983031123, "power_cost": 33.625439465332036, "noise_cost": 29.635232764710125, "n_waypoints_completed": 5, "tot_waypoints": 9}}
{"target": -1368.075238310663, "params": {"k_pid_pos": [0.08515825122594833, 0.3386051654815674, 0.03016790747642517], "k_pid_alt": [0.0, 1.0, 0.9656333923339844], "k_pid_att": [99.99995422363281, 9.999999747378752e-05, 0.6874749660491943], "k_pid_yaw": [0.5, 1e-06, 0.1], "k_pid_hsp": [9.79861831665039, 0.9672839045524597, 0.07902485132217407], "k_pid_vsp": [399.0865173339844, 397.0086669921875, 3.3348093032836914]}, "datetime": {"datetime": "2025-08-13 17:30:42", "elapsed": 27770.161522865295, "delta": 28.868435382843018}, "costs": {"total_cost": 1368.075238310663, "time_cost": 150, "final_distance_cost": 86.53755647923471, "oscillation_cost": 215.49132075084708, "completition_cost": 777.7777777777778, "overshoot_cost": 58.085547993760436, "power_cost": 45.7572906616211, "noise_cost": 34.42574464742183, "n_waypoints_completed": 2, "tot_waypoints": 9}}
{"target": -868.5202130664609, "params": {"k_pid_pos": [0.1760322004556656, 0.1261187195777893, 0.02697676420211792], "k_pid_alt": [3.0994415283203125e-06, 0.9921602010726929, 0.9742192625999451], "k_pid_att": [100.0, 9.999999747378752e-05, 0.910961389541626], "k_pid_yaw": [0.5, 1e-06, 0.1], "k_pid_hsp": [9.708691596984863, 0.9723145365715027, 0.03174576163291931], "k_pid_vsp": [400.0, 376.38262939453125, 24.328960418701172]}, "datetime": {"datetime": "2025-08-13 17:31:10", "elapsed": 27798.98719406128, "delta": 28.825671195983887}, "costs": {"total_cost": 868.5202130664609, "time_cost": 150, "final_distance_cost": 56.92671516049596, "oscillation_cost": 88.74449791523348, "completition_cost": 444.4444444444444, "overshoot_cost": 63.77646205774426, "power_cost": 34.55730289306641, "noise_cost": 30.070790595476268, "n_waypoints_completed": 5, "tot_waypoints": 9}}
{"target": -1772.1375399430142, "params": {"k_pid_pos": [0.09037882089614868, 0.11814454197883606, 0.12251251935958862], "k_pid_alt": [0.0, 2.7000904083251953e-05, 0.6851462721824646], "k_pid_att": [56.0030403137207, 9.999999747378752e-05, 0.964558482170105], "k_pid_yaw": [0.5, 1e-06, 0.1], "k_pid_hsp": [9.619133949279785, 0.9856951236724854, 0.02739053964614868], "k_pid_vsp": [0.008237361907958984, 358.8240051269531, 75.59194946289062]}, "datetime": {"datetime": "2025-08-13 17:31:40", "elapsed": 27828.27277946472, "delta": 29.285585403442383}, "costs": {"total_cost": 1772.1375399430142, "time_cost": 150, "final_distance_cost": 26.43749039265197, "oscillation_cost": 360.3326578526268, "completition_cost": 1000.0, "overshoot_cost": 134.82632661733885, "power_cost": 23.993497106933596, "noise_cost": 76.54756797346327, "n_waypoints_completed": 0, "tot_waypoints": 9}}
{"target": -1233.9929784455003, "params": {"k_pid_pos": [0.07833028584718704, 0.21476155519485474, 0.032200396060943604], "k_pid_alt": [0.0, 1.0, 0.9398002624511719], "k_pid_att": [100.0, 0.00010059603664558381, 0.9950546622276306], "k_pid_yaw": [0.5, 1e-06, 0.1], "k_pid_hsp": [9.401365280151367, 0.9771618843078613, 0.04300227761268616], "k_pid_vsp": [400.0, 391.587890625, 29.753995895385742]}, "datetime": {"datetime": "2025-08-13 17:32:08", "elapsed": 27856.88746023178, "delta": 28.614680767059326}, "costs": {"total_cost": 1233.9929784455003, "time_cost": 150, "final_distance_cost": 52.11804907304844, "oscillation_cost": 247.72604941407837, "completition_cost": 666.6666666666667, "overshoot_cost": 63.20961850636334, "power_cost": 27.28210933837891, "noise_cost": 26.990485446964605, "n_waypoints_completed": 3, "tot_waypoints": 9}}
{"target": -960.5659360446198, "params": {"k_pid_pos": [0.1200457289814949, 0.20838627219200134, 0.06418564915657043], "k_pid_alt": [0.0, 1.0, 0.9588401317596436], "k_pid_att": [100.0, 9.999999747378752e-05, 0.9763184785842896], "k_pid_yaw": [0.5, 1e-06, 0.1], "k_pid_hsp": [4.822271823883057, 0.982552170753479, 0.040754079818725586], "k_pid_vsp": [400.0, 375.98114013671875, 29.43396759033203]}, "datetime": {"datetime": "2025-08-13 17:32:37", "elapsed": 27885.740282058716, "delta": 28.852821826934814}, "costs": {"total_cost": 960.5659360446198, "time_cost": 150, "final_distance_cost": 48.5691659183276, "oscillation_cost": 81.28805519184245, "completition_cost": 555.5555555555555, "overshoot_cost": 61.50361394572448, "power_cost": 32.14040418701172, "noise_cost": 31.509141246157967, "n_waypoints_completed": 4, "tot_waypoints": 9}}
{"target": -1175.3511365339557, "params": {"k_pid_pos": [0.1408454030752182, 0.05390524864196777, 0.00410085916519165], "k_pid_alt": [0.0, 0.9997684955596924, 0.9809983968734741], "k_pid_att": [100.0, 9.999999747378752e-05, 0.9524712562561035], "k_pid_yaw": [0.5, 1e-06, 0.1], "k_pid_hsp": [9.932154655456543, 0.9973920583724976, 0.019273042678833008], "k_pid_vsp": [378.24322509765625, 382.0369873046875, 2.1502623558044434]}, "datetime": {"datetime": "2025-08-13 17:33:06", "elapsed": 27914.679381608963, "delta": 28.939099550247192}, "costs": {"total_cost": 1175.3511365339557, "time_cost": 150, "final_distance_cost": 109.46831203598364, "oscillation_cost": 229.9930352197377, "completition_cost": 555.5555555555555, "overshoot_cost": 79.84789032652081, "power_cost": 20.808697985839846, "noise_cost": 29.677645410318004, "n_waypoints_completed": 4, "tot_waypoints": 9}}
{"target": -826.7289199002985, "params": {"k_pid_pos": [0.19009478390216827, 0.2549726366996765, 0.07914340496063232], "k_pid_alt": [4.172325134277344e-07, 1.0, 0.9866824746131897], "k_pid_att": [59.40214920043945, 0.0011630381923168898, 0.9673457741737366], "k_pid_yaw": [0.5, 1e-06, 0.1], "k_pid_hsp": [9.840967178344727, 0.9481290578842163, 0.0043373703956604], "k_pid_vsp": [400.0, 369.3524475097656, 8.229435920715332]}, "datetime": {"datetime": "2025-08-13 17:33:36", "elapsed": 27944.387615203857, "delta": 29.70823359489441}, "costs": {"total_cost": 826.7289199002985, "time_cost": 150, "final_distance_cost": 51.988290506863706, "oscillation_cost": 64.90644041285975, "completition_cost": 444.4444444444444, "overshoot_cost": 60.73052670153284, "power_cost": 23.420875244140625, "noise_cost": 31.238342590457137, "n_waypoints_completed": 5, "tot_waypoints": 9}}
{"target": -1081.7181356902097, "params": {"k_pid_pos": [0.06837567687034607, 0.3148757219314575, 0.0625002384185791], "k_pid_alt": [5.364418029785156e-07, 1.0, 0.9872974157333374], "k_pid_att": [99.99958038330078, 0.00013784857583232224, 0.9937294721603394], "k_pid_yaw": [0.5, 1e-06, 0.1], "k_pid_hsp": [9.928764343261719, 0.9935059547424316, 0.0028765201568603516], "k_pid_vsp": [400.0, 368.9604187011719, 30.205801010131836]}, "datetime": {"datetime": "2025-08-13 17:34:05", "elapsed": 27973.857419490814, "delta": 29.469804286956787}, "costs": {"total_cost": 1081.7181356902097, "time_cost": 150, "final_distance_cost": 78.26866000956542, "oscillation_cost": 55.5970727289998, "completition_cost": 666.6666666666667, "overshoot_cost": 59.376587904171295, "power_cost": 39.231267395019536, "noise_cost": 32.57788098578693, "n_waypoints_completed": 3, "tot_waypoints": 9}}
{"target": -871.2874618387467, "params": {"k_pid_pos": [0.18195296823978424, 0.09890642762184143, 0.014414280652999878], "k_pid_alt": [0.0958595871925354, 1.0, 0.9479755163192749], "k_pid_att": [100.0, 9.999999747378752e-05, 0.8763746023178101], "k_pid_yaw": [0.5, 1e-06, 0.1], "k_pid_hsp": [9.9120512008667, 0.9460364580154419, 0.018106400966644287], "k_pid_vsp": [400.0, 373.2501525878906, 13.639033317565918]}, "datetime": {"datetime": "2025-08-13 17:34:34", "elapsed": 28002.722045898438, "delta": 28.86462640762329}, "costs": {"total_cost": 871.2874618387467, "time_cost": 150, "final_distance_cost": 52.47217861265603, "oscillation_cost": 105.28337902451321, "completition_cost": 444.4444444444444, "overshoot_cost": 60.40959998219776, "power_cost": 28.52798553466797, "noise_cost": 30.14987424026746, "n_waypoints_completed": 5, "tot_waypoints": 9}}
{"target": -1084.9777958526147, "params": {"k_pid_pos": [0.052957676351070404, 0.05596184730529785, 0.019362062215805054], "k_pid_alt": [2.676248550415039e-05, 1.0, 0.9644782543182373], "k_pid_att": [100.0, 9.999999747378752e-05, 0.9706389904022217], "k_pid_yaw": [0.5, 1e-06, 0.1], "k_pid_hsp": [8.70132064819336, 0.9493879675865173, 0.030787229537963867], "k_pid_vsp": [400.0, 390.3640441894531, 18.733205795288086]}, "datetime": {"datetime": "2025-08-13 17:35:03", "elapsed": 28031.814348459244, "delta": 29.092302560806274}, "costs": {"total_cost": 1084.9777958526147, "time_cost": 150, "final_distance_cost": 54.99134564334048, "oscillation_cost": 82.04488098793473, "completition_cost": 666.6666666666667, "overshoot_cost": 79.30163535415859, "power_cost": 24.862222485351563, "noise_cost": 27.111044715162507, "n_waypoints_completed": 3, "tot_waypoints": 9}}
{"target": -395.3310815927255, "params": {"k_pid_pos": [1.4929636716842651, 0.17778092622756958, 0.047186464071273804], "k_pid_alt": [1.4901161193847656e-06, 0.9999988079071045, 0.9358274936676025], "k_pid_att": [100.0, 0.00032887954148463905, 0.9874340295791626], "k_pid_yaw": [0.5, 1e-06, 0.1], "k_pid_hsp": [9.7911376953125, 0.9878057241439819, 0.010745227336883545], "k_pid_vsp": [399.99285888671875, 379.3100891113281, 1.1093029975891113]}, "datetime": {"datetime": "2025-08-13 17:35:28", "elapsed": 28057.087428331375, "delta": 25.273079872131348}, "costs": {"total_cost": 395.3310815927255, "time_cost": 100.961, "final_distance_cost": 1.764778355596215, "oscillation_cost": 181.79480548162138, "completition_cost": 0.0, "overshoot_cost": 65.18658084443048, "power_cost": 19.789742883300782, "noise_cost": 25.834174027776644, "n_waypoints_completed": 9, "tot_waypoints": 9}}
{"target": -1054.2919400286662, "params": {"k_pid_pos": [0.13053442537784576, 0.09205716848373413, 0.02476850152015686], "k_pid_alt": [0.218117356300354, 1.0, 0.9438164234161377], "k_pid_att": [100.0, 9.999999747378752e-05, 0.7506214380264282], "k_pid_yaw": [0.5, 1e-06, 0.1], "k_pid_hsp": [9.857172012329102, 0.9733977317810059, 0.04291188716888428], "k_pid_vsp": [400.0, 398.3768310546875, 8.56227970123291]}, "datetime": {"datetime": "2025-08-13 17:35:57", "elapsed": 28085.910264253616, "delta": 28.82283592224121}, "costs": {"total_cost": 1054.2919400286662, "time_cost": 150, "final_distance_cost": 43.62955978304146, "oscillation_cost": 188.31495578224806, "completition_cost": 555.5555555555555, "overshoot_cost": 60.57318830245048, "power_cost": 26.36626588134766, "noise_cost": 29.85241472402294, "n_waypoints_completed": 4, "tot_waypoints": 9}}
{"target": -1048.834592713115, "params": {"k_pid_pos": [0.08900929242372513, 0.030227690935134888, 0.04436999559402466], "k_pid_alt": [0.0, 0.9998284578323364, 0.94315505027771], "k_pid_att": [100.0, 9.999999747378752e-05, 0.9889787435531616], "k_pid_yaw": [0.5, 1e-06, 0.1], "k_pid_hsp": [9.59809398651123, 0.8679456114768982, 0.012318730354309082], "k_pid_vsp": [399.99896240234375, 395.18341064453125, 24.940980911254883]}, "datetime": {"datetime": "2025-08-13 17:36:26", "elapsed": 28114.631552934647, "delta": 28.721288681030273}, "costs": {"total_cost": 1048.834592713115, "time_cost": 150, "final_distance_cost": 51.47722900210957, "oscillation_cost": 56.72458901769038, "completition_cost": 666.6666666666667, "overshoot_cost": 69.77582986006117, "power_cost": 23.90260166015625, "noise_cost": 30.28767650643082, "n_waypoints_completed": 3, "tot_waypoints": 9}}
{"target": -913.326528932873, "params": {"k_pid_pos": [0.23088234663009644, 0.1190139651298523, 0.11120843887329102], "k_pid_alt": [0.0, 0.9828085899353027, 0.9922642707824707], "k_pid_att": [100.0, 0.4583958089351654, 0.9735482931137085], "k_pid_yaw": [0.5, 1e-06, 0.1], "k_pid_hsp": [9.967501640319824, 0.9909992218017578, 0.008024632930755615], "k_pid_vsp": [399.9998474121094, 380.7270812988281, 2.491522789001465]}, "datetime": {"datetime": "2025-08-13 17:36:54", "elapsed": 28142.588488817215, "delta": 27.95693588256836}, "costs": {"total_cost": 913.326528932873, "time_cost": 150, "final_distance_cost": 59.20340318322354, "oscillation_cost": 138.64446917840235, "completition_cost": 444.4444444444444, "overshoot_cost": 62.205804498816114, "power_cost": 27.77797136230469, "noise_cost": 31.05043626568189, "n_waypoints_completed": 5, "tot_waypoints": 9}}
{"target": -1282.8987771452248, "params": {"k_pid_pos": [0.1367638111114502, 0.1297180950641632, 0.021144002676010132], "k_pid_alt": [0.21829736232757568, 1.0, 0.8991484642028809], "k_pid_att": [98.78289794921875, 0.00014857729547657073, 0.9608789682388306], "k_pid_yaw": [0.5, 1e-06, 0.1], "k_pid_hsp": [9.578506469726562, 0.9789052605628967, 0.04123640060424805], "k_pid_vsp": [400.0, 380.11138916015625, 16.730178833007812]}, "datetime": {"datetime": "2025-08-13 17:37:23", "elapsed": 28172.029686689377, "delta": 29.441197872161865}, "costs": {"total_cost": 1282.8987771452248, "time_cost": 150, "final_distance_cost": 146.19534153235304, "oscillation_cost": 265.8595117943028, "completition_cost": 555.5555555555555, "overshoot_cost": 111.20695920960436, "power_cost": 25.69972470703125, "noise_cost": 28.381684346378005, "n_waypoints_completed": 4, "tot_waypoints": 9}}
