{"target": -741.8668058437839, "params": {"k_pid_pos": [0.1792111098766327, 0.013952046632766724, 0.01928246021270752], "k_pid_alt": [0.0, 1.0, 0.9973271489143372], "k_pid_att": [100.0, 9.999999747378752e-05, 0.9922588467597961], "k_pid_yaw": [0.5, 1e-06, 0.1], "k_pid_hsp": [9.807214736938477, 0.9737792611122131, 0.007740974426269531], "k_pid_vsp": [400.0, 393.4271240234375, 7.7718505859375]}, "datetime": {"datetime": "2025-08-14 01:54:20", "elapsed": 57988.51229047775, "delta": 30.818363666534424}, "costs": {"total_cost": 741.8668058437839, "time_cost": 150, "final_distance_cost": 66.0813486284842, "oscillation_cost": 75.18505469294116, "completition_cost": 333.33333333333337, "overshoot_cost": 67.46396958973075, "power_cost": 19.448323669433595, "noise_cost": 30.354775929860804, "n_waypoints_completed": 6, "tot_waypoints": 9}}
{"target": -1174.741471591556, "params": {"k_pid_pos": [0.03825424611568451, 0.015612810850143433, 0.013926327228546143], "k_pid_alt": [0.0, 1.0, 0.9991803169250488], "k_pid_att": [100.0, 9.999999747378752e-05, 0.9711447954177856], "k_pid_yaw": [0.5, 1e-06, 0.1], "k_pid_hsp": [9.476350784301758, 0.9818219542503357, 0.010159701108932495], "k_pid_vsp": [400.0, 378.66326904296875, 2.762819290161133]}, "datetime": {"datetime": "2025-08-14 01:54:50", "elapsed": 58018.53325676918, "delta": 30.020966291427612}, "costs": {"total_cost": 1174.741471591556, "time_cost": 150, "final_distance_cost": 77.26348410269931, "oscillation_cost": 31.120481426981126, "completition_cost": 777.7777777777778, "overshoot_cost": 76.1659349862846, "power_cost": 29.526787854003906, "noise_cost": 32.88700544380925, "n_waypoints_completed": 2, "tot_waypoints": 9}}
{"target": -1065.6442574074274, "params": {"k_pid_pos": [0.031721245497465134, 0.05222168564796448, 0.0015454888343811035], "k_pid_alt": [1.2932978868484497, 1.0, 0.9714927673339844], "k_pid_att": [100.0, 0.00011698715388774872, 0.9971358776092529], "k_pid_yaw": [0.5, 1e-06, 0.1], "k_pid_hsp": [9.737824440002441, 0.9532314538955688, 0.01227596402168274], "k_pid_vsp": [400.0, 392.8385314941406, 11.243868827819824]}, "datetime": {"datetime": "2025-08-14 01:55:22", "elapsed": 58050.38530802727, "delta": 31.852051258087158}, "costs": {"total_cost": 1065.6442574074274, "time_cost": 150, "final_distance_cost": 66.48258961940157, "oscillation_cost": 45.853699182219614, "completition_cost": 666.6666666666667, "overshoot_cost": 80.96250563098823, "power_cost": 27.260039990234375, "noise_cost": 28.41875631791682, "n_waypoints_completed": 3, "tot_waypoints": 9}}
{"target": -1811.082321847471, "params": {"k_pid_pos": [0.036721765995025635, 0.03663644194602966, 0.0031260550022125244], "k_pid_alt": [0.0, 0.9999998807907104, 0.9969902634620667], "k_pid_att": [100.0, 9.999999747378752e-05, 0.9795546531677246], "k_pid_yaw": [0.5, 1e-06, 0.1], "k_pid_hsp": [9.789729118347168, 0.9790741205215454, 0.13916167616844177], "k_pid_vsp": [400.0, 394.9200134277344, 10.02770709991455]}, "datetime": {"datetime": "2025-08-14 01:55:52", "elapsed": 58080.35386419296, "delta": 29.96855616569519}, "costs": {"total_cost": 1811.082321847471, "time_cost": 150, "final_distance_cost": 79.66467318418142, "oscillation_cost": 665.1034721476163, "completition_cost": 777.7777777777778, "overshoot_cost": 75.90338557177535, "power_cost": 34.757298840332034, "noise_cost": 27.875714325788, "n_waypoints_completed": 2, "tot_waypoints": 9}}
{"target": -1250.8483035138715, "params": {"k_pid_pos": [0.01902501843869686, 0.01709163188934326, 0.004589587450027466], "k_pid_alt": [1.7881393432617188e-07, 1.0, 0.9672463536262512], "k_pid_att": [100.0, 0.00010208613821305335, 0.9694671034812927], "k_pid_yaw": [0.5, 1e-06, 0.1], "k_pid_hsp": [9.876073837280273, 0.9947147369384766, 0.00953170657157898], "k_pid_vsp": [400.0, 395.806396484375, 2.0678648948669434]}, "datetime": {"datetime": "2025-08-14 01:56:22", "elapsed": 58110.23497962952, "delta": 29.881115436553955}, "costs": {"total_cost": 1250.8483035138715, "time_cost": 150, "final_distance_cost": 62.70387063407788, "oscillation_cost": 14.84640342804645, "completition_cost": 888.8888888888888, "overshoot_cost": 77.68724399997689, "power_cost": 25.0594119140625, "noise_cost": 31.662484648819245, "n_waypoints_completed": 1, "tot_waypoints": 9}}
{"target": -1285.148011377764, "params": {"k_pid_pos": [0.014672963880002499, 0.026773720979690552, 0.052129268646240234], "k_pid_alt": [7.748603820800781e-07, 1.0, 0.9776777029037476], "k_pid_att": [100.0, 9.999999747378752e-05, 0.9769871830940247], "k_pid_yaw": [0.5, 1e-06, 0.1], "k_pid_hsp": [9.717740058898926, 0.9819906949996948, 0.00599592924118042], "k_pid_vsp": [400.0, 398.04864501953125, 6.117654800415039]}, "datetime": {"datetime": "2025-08-14 01:56:51", "elapsed": 58139.15155649185, "delta": 28.916576862335205}, "costs": {"total_cost": 1285.148011377764, "time_cost": 150, "final_distance_cost": 68.25800865955283, "oscillation_cost": 32.02381627074471, "completition_cost": 888.8888888888888, "overshoot_cost": 81.50789980301707, "power_cost": 31.221389184570313, "noise_cost": 33.2480085709902, "n_waypoints_completed": 1, "tot_waypoints": 9}}
{"target": -1286.303310134524, "params": {"k_pid_pos": [0.021044204011559486, 0.019952505826950073, 0.07647562026977539], "k_pid_alt": [0.0, 1.0, 0.9883911609649658], "k_pid_att": [100.0, 9.999999747378752e-05, 0.9231441617012024], "k_pid_yaw": [0.5, 1e-06, 0.1], "k_pid_hsp": [9.921039581298828, 0.9774421453475952, 0.0027201175689697266], "k_pid_vsp": [391.8230895996094, 390.90777587890625, 10.687542915344238]}, "datetime": {"datetime": "2025-08-14 01:57:20", "elapsed": 58168.24436903, "delta": 29.092812538146973}, "costs": {"total_cost": 1286.303310134524, "time_cost": 150, "final_distance_cost": 75.06482252918698, "oscillation_cost": 30.076722750631973, "completition_cost": 888.8888888888888, "overshoot_cost": 76.64843198889699, "power_cost": 34.6600814453125, "noise_cost": 30.964362531606593, "n_waypoints_completed": 1, "tot_waypoints": 9}}
{"target": -1296.8160246873383, "params": {"k_pid_pos": [0.010706711560487747, 0.04325723648071289, 0.04216080904006958], "k_pid_alt": [0.0, 1.0, 0.9815040230751038], "k_pid_att": [100.0, 9.999999747378752e-05, 0.9911506175994873], "k_pid_yaw": [0.5, 1e-06, 0.1], "k_pid_hsp": [9.952485084533691, 0.9371285438537598, 0.004230707883834839], "k_pid_vsp": [400.0, 378.6081848144531, 15.409995079040527]}, "datetime": {"datetime": "2025-08-14 01:57:49", "elapsed": 58198.09905862808, "delta": 29.854689598083496}, "costs": {"total_cost": 1296.8160246873383, "time_cost": 150, "final_distance_cost": 74.27898387603017, "oscillation_cost": 34.361448478013386, "completition_cost": 888.8888888888888, "overshoot_cost": 81.56755122507268, "power_cost": 36.08056477050781, "noise_cost": 31.638587448825408, "n_waypoints_completed": 1, "tot_waypoints": 9}}
{"target": -1218.5431955346519, "params": {"k_pid_pos": [0.04593344405293465, 0.012023180723190308, 0.01927146315574646], "k_pid_alt": [0.0, 1.0, 0.9969301223754883], "k_pid_att": [100.0, 9.999999747378752e-05, 0.9814810752868652], "k_pid_yaw": [0.5, 1e-06, 0.1], "k_pid_hsp": [9.806386947631836, 0.9962011575698853, 0.08381092548370361], "k_pid_vsp": [399.99993896484375, 364.5543212890625, 3.828192710876465]}, "datetime": {"datetime": "2025-08-14 01:58:20", "elapsed": 58228.361107587814, "delta": 30.262048959732056}, "costs": {"total_cost": 1218.5431955346519, "time_cost": 150, "final_distance_cost": 84.27277492479155, "oscillation_cost": 69.7191065651944, "completition_cost": 777.7777777777778, "overshoot_cost": 72.23659319342909, "power_cost": 34.10070926513672, "noise_cost": 30.436233808322303, "n_waypoints_completed": 2, "tot_waypoints": 9}}
{"target": -1753.1160314612396, "params": {"k_pid_pos": [0.011119095608592033, 0.033475011587142944, 0.010567933320999146], "k_pid_alt": [0.0, 1.0, 0.9593930244445801], "k_pid_att": [100.0, 9.999999747378752e-05, 0.9977645874023438], "k_pid_yaw": [0.5, 1e-06, 0.1], "k_pid_hsp": [9.678235054016113, 0.9753410816192627, 0.10944736003875732], "k_pid_vsp": [7.808113098144531, 394.9329833984375, 1.10528564453125]}, "datetime": {"datetime": "2025-08-14 01:58:50", "elapsed": 58259.09949731827, "delta": 30.73838973045349}, "costs": {"total_cost": 1753.1160314612396, "time_cost": 150, "final_distance_cost": 70.67770577640796, "oscillation_cost": 503.58673506540566, "completition_cost": 888.8888888888888, "overshoot_cost": 85.64846407304361, "power_cost": 30.771715039062503, "noise_cost": 23.542522618431065, "n_waypoints_completed": 1, "tot_waypoints": 9}}
{"target": -1047.8389709845094, "params": {"k_pid_pos": [0.0923442468047142, 0.019667714834213257, 0.044680386781692505], "k_pid_alt": [0.0, 1.0, 0.8721623420715332], "k_pid_att": [99.99998474121094, 9.999999747378752e-05, 0.9867349863052368], "k_pid_yaw": [0.5, 1e-06, 0.1], "k_pid_hsp": [8.113066673278809, 0.9513792991638184, 0.014526188373565674], "k_pid_vsp": [399.9617004394531, 382.2767639160156, 16.77261734008789]}, "datetime": {"datetime": "2025-08-14 01:59:21", "elapsed": 58290.108218193054, "delta": 31.008720874786377}, "costs": {"total_cost": 1047.8389709845094, "time_cost": 150, "final_distance_cost": 53.20699895211235, "oscillation_cost": 58.02673136217862, "completition_cost": 666.6666666666667, "overshoot_cost": 70.26630326146726, "power_cost": 20.97567625732422, "noise_cost": 28.696594484760265, "n_waypoints_completed": 3, "tot_waypoints": 9}}
{"target": -1199.94317684274, "params": {"k_pid_pos": [0.07252305746078491, 0.0070434510707855225, 0.005750298500061035], "k_pid_alt": [0.2218819260597229, 0.9999998211860657, 0.9945206642150879], "k_pid_att": [100.0, 9.999999747378752e-05, 0.9962174296379089], "k_pid_yaw": [0.5, 1e-06, 0.1], "k_pid_hsp": [9.91563892364502, 0.9850841760635376, 0.0637136697769165], "k_pid_vsp": [400.0, 395.29681396484375, 35.41990661621094]}, "datetime": {"datetime": "2025-08-14 01:59:52", "elapsed": 58320.769480228424, "delta": 30.661262035369873}, "costs": {"total_cost": 1199.94317684274, "time_cost": 150, "final_distance_cost": 73.81415924907098, "oscillation_cost": 186.593816751384, "completition_cost": 666.6666666666667, "overshoot_cost": 65.91821598542296, "power_cost": 30.374537634277345, "noise_cost": 26.575780555918016, "n_waypoints_completed": 3, "tot_waypoints": 9}}
{"target": -739.1954655122672, "params": {"k_pid_pos": [0.2417982816696167, 0.001941084861755371, 0.029183626174926758], "k_pid_alt": [0.0, 1.0, 0.993687093257904], "k_pid_att": [100.0, 9.999999747378752e-05, 0.9925521612167358], "k_pid_yaw": [0.5, 1e-06, 0.1], "k_pid_hsp": [9.942864418029785, 0.9562368392944336, 0.009753525257110596], "k_pid_vsp": [400.0, 369.8704528808594, 12.329758644104004]}, "datetime": {"datetime": "2025-08-14 02:00:22", "elapsed": 58350.83852481842, "delta": 30.069044589996338}, "costs": {"total_cost": 739.1954655122672, "time_cost": 150, "final_distance_cost": 57.974763763151984, "oscillation_cost": 65.97436236015425, "completition_cost": 333.33333333333337, "overshoot_cost": 65.88977402071914, "power_cost": 34.16944451904297, "noise_cost": 31.85378751586553, "n_waypoints_completed": 6, "tot_waypoints": 9}}
{"target": -1075.9664181502421, "params": {"k_pid_pos": [0.06949415802955627, 0.016937047243118286, 0.0016032755374908447], "k_pid_alt": [7.569789886474609e-06, 1.0, 0.9691295623779297], "k_pid_att": [99.99999237060547, 9.999999747378752e-05, 0.949873149394989], "k_pid_yaw": [0.5, 1e-06, 0.1], "k_pid_hsp": [9.934452056884766, 0.9771387577056885, 0.009658724069595337], "k_pid_vsp": [400.0, 399.021240234375, 8.292998313903809]}, "datetime": {"datetime": "2025-08-14 02:00:51", "elapsed": 58379.80874991417, "delta": 28.9702250957489}, "costs": {"total_cost": 1075.9664181502421, "time_cost": 150, "final_distance_cost": 72.78244053795883, "oscillation_cost": 57.71878673218025, "completition_cost": 666.6666666666667, "overshoot_cost": 71.96305096766996, "power_cost": 28.0381703125, "noise_cost": 28.797302933266405, "n_waypoints_completed": 3, "tot_waypoints": 9}}
{"target": -1342.9499365356792, "params": {"k_pid_pos": [0.002275222446769476, 0.00397077202796936, 0.007266104221343994], "k_pid_alt": [3.3974647521972656e-06, 1.0, 0.9919726252555847], "k_pid_att": [100.0, 10.0, 0.9654906988143921], "k_pid_yaw": [0.5, 1e-06, 0.1], "k_pid_hsp": [9.373059272766113, 0.9993025064468384, 0.018876254558563232], "k_pid_vsp": [400.0, 394.3505859375, 14.693081855773926]}, "datetime": {"datetime": "2025-08-14 02:01:22", "elapsed": 58410.33407115936, "delta": 30.52532124519348}, "costs": {"total_cost": 1342.9499365356792, "time_cost": 150, "final_distance_cost": 54.13651008435531, "oscillation_cost": 34.432192811073065, "completition_cost": 1000.0, "overshoot_cost": 42.287971034582604, "power_cost": 31.95061375732422, "noise_cost": 30.14264884834392, "n_waypoints_completed": 0, "tot_waypoints": 9}}
{"target": -1222.9663165880747, "params": {"k_pid_pos": [0.055932216346263885, 0.024805814027786255, 0.07597485184669495], "k_pid_alt": [0.0, 1.0, 0.9814372062683105], "k_pid_att": [100.0, 9.999999747378752e-05, 0.9934482574462891], "k_pid_yaw": [0.5, 1e-06, 0.1], "k_pid_hsp": [9.541115760803223, 0.9809131622314453, 0.04800534248352051], "k_pid_vsp": [400.0, 388.3436584472656, 5.3790459632873535]}, "datetime": {"datetime": "2025-08-14 02:01:52", "elapsed": 58440.772502183914, "delta": 30.43843102455139}, "costs": {"total_cost": 1222.9663165880747, "time_cost": 150, "final_distance_cost": 96.59592799462585, "oscillation_cost": 70.036280115265, "completition_cost": 777.7777777777778, "overshoot_cost": 69.40132931449294, "power_cost": 28.785541503906252, "noise_cost": 30.369459882006975, "n_waypoints_completed": 2, "tot_waypoints": 9}}
{"target": -1135.039407202359, "params": {"k_pid_pos": [0.07203324884176254, 0.24938932061195374, 0.09568288922309875], "k_pid_alt": [1.1920928955078125e-07, 1.0, 0.9876428842544556], "k_pid_att": [100.0, 0.0002427517028991133, 0.986051619052887], "k_pid_yaw": [0.5, 1e-06, 0.1], "k_pid_hsp": [9.88398551940918, 0.9917011260986328, 0.00783073902130127], "k_pid_vsp": [400.0, 396.89385986328125, 5.012966156005859]}, "datetime": {"datetime": "2025-08-14 02:02:23", "elapsed": 58471.54952955246, "delta": 30.777027368545532}, "costs": {"total_cost": 1135.039407202359, "time_cost": 150, "final_distance_cost": 76.77807164166703, "oscillation_cost": 121.38054809081815, "completition_cost": 666.6666666666667, "overshoot_cost": 59.83717366320369, "power_cost": 28.695374450683595, "noise_cost": 31.68157268931957, "n_waypoints_completed": 3, "tot_waypoints": 9}}
{"target": -544.0920152090392, "params": {"k_pid_pos": [0.20622245967388153, 0.08755126595497131, 0.0015469491481781006], "k_pid_alt": [1.979407787322998, 1.0, 0.9872525930404663], "k_pid_att": [100.0, 9.999999747378752e-05, 0.9769377708435059], "k_pid_yaw": [0.5, 1e-06, 0.1], "k_pid_hsp": [9.671978950500488, 0.9712715148925781, 0.03454166650772095], "k_pid_vsp": [400.0, 393.9302062988281, 2.353466510772705]}, "datetime": {"datetime": "2025-08-14 02:02:54", "elapsed": 58503.06504893303, "delta": 31.515519380569458}, "costs": {"total_cost": 544.0920152090392, "time_cost": 150, "final_distance_cost": 12.655464057297566, "oscillation_cost": 151.37308744130038, "completition_cost": 111.11111111111116, "overshoot_cost": 61.45904024471981, "power_cost": 26.174267932128906, "noise_cost": 31.319044422481362, "n_waypoints_completed": 8, "tot_waypoints": 9}}
{"target": -1210.1417624826236, "params": {"k_pid_pos": [0.05772282928228378, 0.011380195617675781, 0.0350877046585083], "k_pid_alt": [0.045130908489227295, 1.0, 0.9782922863960266], "k_pid_att": [100.0, 9.999999747378752e-05, 0.9444960355758667], "k_pid_yaw": [0.5, 1e-06, 0.1], "k_pid_hsp": [9.830779075622559, 0.992760956287384, 0.05359366536140442], "k_pid_vsp": [400.0, 395.6372375488281, 6.367147922515869]}, "datetime": {"datetime": "2025-08-14 02:03:24", "elapsed": 58532.21640229225, "delta": 29.151353359222412}, "costs": {"total_cost": 1210.1417624826236, "time_cost": 150, "final_distance_cost": 81.98336624468566, "oscillation_cost": 69.34943559953247, "completition_cost": 777.7777777777778, "overshoot_cost": 69.78079919966547, "power_cost": 30.517675, "noise_cost": 30.73270866096199, "n_waypoints_completed": 2, "tot_waypoints": 9}}
{"target": -1307.1157876391262, "params": {"k_pid_pos": [0.013048640452325344, 0.021089226007461548, 0.07976633310317993], "k_pid_alt": [0.0, 1.0, 0.9036352634429932], "k_pid_att": [100.0, 9.999999747378752e-05, 0.9937922954559326], "k_pid_yaw": [0.5, 1e-06, 0.1], "k_pid_hsp": [9.946280479431152, 0.9858343601226807, 0.011459141969680786], "k_pid_vsp": [400.0, 382.12640380859375, 2.2668490409851074]}, "datetime": {"datetime": "2025-08-14 02:03:55", "elapsed": 58563.30308532715, "delta": 31.08668303489685}, "costs": {"total_cost": 1307.1157876391262, "time_cost": 150, "final_distance_cost": 69.98812695091985, "oscillation_cost": 42.528518432870364, "completition_cost": 888.8888888888888, "overshoot_cost": 91.75867204807192, "power_cost": 31.10034117431641, "noise_cost": 32.85124014405897, "n_waypoints_completed": 1, "tot_waypoints": 9}}
{"target": -4596.130542219815, "params": {"k_pid_pos": [0.023630796000361443, 0.020846575498580933, 0.12273907661437988], "k_pid_alt": [0.0, 0.9999990463256836, 0.9942836761474609], "k_pid_att": [100.0, 9.999999747378752e-05, 0.9977792501449585], "k_pid_yaw": [0.5, 1e-06, 0.1], "k_pid_hsp": [9.720258712768555, 0.9827291965484619, 0.022569090127944946], "k_pid_vsp": [198.43905639648438, 395.4455871582031, 5.136776924133301]}, "datetime": {"datetime": "2025-08-14 02:04:28", "elapsed": 58596.28807282448, "delta": 32.98498749732971}, "costs": {"total_cost": 4596.130542219815, "time_cost": 150, "final_distance_cost": 950.3131750163561, "oscillation_cost": 477.92174145659186, "completition_cost": 888.8888888888888, "overshoot_cost": 2073.8951530143995, "power_cost": 27.903846618652345, "noise_cost": 27.20773722492611, "n_waypoints_completed": 1, "tot_waypoints": 9}}
{"target": -1203.3293534693512, "params": {"k_pid_pos": [0.028583932667970657, 0.01800447702407837, 0.0011692643165588379], "k_pid_alt": [1.1920928955078125e-07, 1.0, 0.9869898557662964], "k_pid_att": [100.0, 9.999999747378752e-05, 0.9920382499694824], "k_pid_yaw": [0.5, 1e-06, 0.1], "k_pid_hsp": [9.677935600280762, 0.9431991577148438, 0.027954190969467163], "k_pid_vsp": [399.9986267089844, 395.1977233886719, 38.334774017333984]}, "datetime": {"datetime": "2025-08-14 02:04:57", "elapsed": 58625.37897109985, "delta": 29.090898275375366}, "costs": {"total_cost": 1203.3293534693512, "time_cost": 150, "final_distance_cost": 84.86028498911158, "oscillation_cost": 52.675370838429444, "completition_cost": 777.7777777777778, "overshoot_cost": 74.0506375891457, "power_cost": 33.93738331298828, "noise_cost": 30.02789896189837, "n_waypoints_completed": 2, "tot_waypoints": 9}}
{"target": -1286.2423764375965, "params": {"k_pid_pos": [0.002009577816352248, 0.03802967071533203, 0.005583316087722778], "k_pid_alt": [0.0, 1.0, 0.9786120653152466], "k_pid_att": [100.0, 9.999999747378752e-05, 0.9881911277770996], "k_pid_yaw": [0.5, 1e-06, 0.1], "k_pid_hsp": [9.54511547088623, 0.9849227070808411, 0.021918773651123047], "k_pid_vsp": [400.0, 395.155517578125, 5.0825605392456055]}, "datetime": {"datetime": "2025-08-14 02:05:27", "elapsed": 58655.341564655304, "delta": 29.96259355545044}, "costs": {"total_cost": 1286.2423764375965, "time_cost": 150, "final_distance_cost": 57.03859065966441, "oscillation_cost": 18.522079979238274, "completition_cost": 888.8888888888888, "overshoot_cost": 113.91182504766988, "power_cost": 26.35427078857422, "noise_cost": 31.5267210735607, "n_waypoints_completed": 1, "tot_waypoints": 9}}
{"target": -1260.6698612719304, "params": {"k_pid_pos": [0.042986854910850525, 0.0019917190074920654, 0.0049731433391571045], "k_pid_alt": [0.0, 1.0, 0.9887228608131409], "k_pid_att": [100.0, 9.999999747378752e-05, 0.9787660837173462], "k_pid_yaw": [0.5, 1e-06, 0.1], "k_pid_hsp": [9.917502403259277, 0.9584044218063354, 0.012348800897598267], "k_pid_vsp": [400.0, 398.1761779785156, 19.187118530273438]}, "datetime": {"datetime": "2025-08-14 02:05:58", "elapsed": 58686.239741802216, "delta": 30.89817714691162}, "costs": {"total_cost": 1260.6698612719304, "time_cost": 150, "final_distance_cost": 66.80008337154246, "oscillation_cost": 36.65931879437383, "completition_cost": 888.8888888888888, "overshoot_cost": 60.12707949711297, "power_cost": 29.376347631835937, "noise_cost": 28.818143088176413, "n_waypoints_completed": 1, "tot_waypoints": 9}}
{"target": -1010.1815023149583, "params": {"k_pid_pos": [0.18846039474010468, 0.009449630975723267, 0.006138354539871216], "k_pid_alt": [0.0, 1.0, 0.9250063896179199], "k_pid_att": [100.0, 9.999999747378752e-05, 0.9942750930786133], "k_pid_yaw": [0.5, 1e-06, 0.1], "k_pid_hsp": [9.94770622253418, 0.9948898553848267, 0.024807274341583252], "k_pid_vsp": [400.0, 396.1431884765625, 0.8773933053016663]}, "datetime": {"datetime": "2025-08-14 02:06:29", "elapsed": 58717.64592504501, "delta": 31.40618324279785}, "costs": {"total_cost": 1010.1815023149583, "time_cost": 150, "final_distance_cost": 61.70312841113552, "oscillation_cost": 343.3411392109593, "completition_cost": 333.33333333333337, "overshoot_cost": 67.3157484267854, "power_cost": 24.143934704589846, "noise_cost": 30.344218228154862, "n_waypoints_completed": 6, "tot_waypoints": 9}}
