{"target": -337.67209845258725, "params": {"k_pid_pos": [0.3566574156284332, 0.03749054670333862, 0.0562630295753479], "k_pid_alt": [0.0, 1.0, 0.9740802049636841], "k_pid_att": [100.0, 9.999999747378752e-05, 0.981765627861023], "k_pid_yaw": [0.5, 1e-06, 0.1], "k_pid_hsp": [9.911837577819824, 0.9970365762710571, 0.027993619441986084], "k_pid_vsp": [400.0, 396.4322204589844, 11.746943473815918]}, "datetime": {"datetime": "2025-08-14 04:21:45", "elapsed": 66833.28656220436, "delta": 26.959821939468384}, "costs": {"total_cost": 337.67209845258725, "time_cost": 113.869, "final_distance_cost": 1.8295371378786045, "oscillation_cost": 103.06960472320651, "completition_cost": 0.0, "overshoot_cost": 66.09466250793244, "power_cost": 24.27902957763672, "noise_cost": 28.53026450593295, "n_waypoints_completed": 9, "tot_waypoints": 9}}
{"target": -1183.966606682219, "params": {"k_pid_pos": [0.05127917602658272, 0.018532991409301758, 0.02340272068977356], "k_pid_alt": [0.0, 1.0, 0.8934096097946167], "k_pid_att": [100.0, 9.999999747378752e-05, 0.9851229786872864], "k_pid_yaw": [0.5, 1e-06, 0.1], "k_pid_hsp": [9.927180290222168, 0.9561209082603455, 0.008574098348617554], "k_pid_vsp": [400.0, 394.4696044921875, 7.245028972625732]}, "datetime": {"datetime": "2025-08-14 04:22:14", "elapsed": 66862.56614089012, "delta": 29.279578685760498}, "costs": {"total_cost": 1183.966606682219, "time_cost": 150, "final_distance_cost": 83.99171491575733, "oscillation_cost": 52.205794810182304, "completition_cost": 777.7777777777778, "overshoot_cost": 71.82118805733688, "power_cost": 19.83099461669922, "noise_cost": 28.33913650446538, "n_waypoints_completed": 2, "tot_waypoints": 9}}
{"target": -1230.6561007226107, "params": {"k_pid_pos": [0.03679579123854637, 0.03538846969604492, 0.06486454606056213], "k_pid_alt": [0.0, 1.0, 0.9930167198181152], "k_pid_att": [100.0, 9.999999747378752e-05, 0.9449364542961121], "k_pid_yaw": [0.5, 1e-06, 0.1], "k_pid_hsp": [9.907557487487793, 0.9106699824333191, 0.07662305235862732], "k_pid_vsp": [399.9997253417969, 398.470703125, 2.5769600868225098]}, "datetime": {"datetime": "2025-08-14 04:22:42", "elapsed": 66890.2630879879, "delta": 27.69694709777832}, "costs": {"total_cost": 1230.6561007226107, "time_cost": 150, "final_distance_cost": 87.54194989254466, "oscillation_cost": 71.4072042370066, "completition_cost": 777.7777777777778, "overshoot_cost": 80.27385275407218, "power_cost": 33.17158236083984, "noise_cost": 30.483733700369694, "n_waypoints_completed": 2, "tot_waypoints": 9}}
{"target": -1171.7046648874643, "params": {"k_pid_pos": [0.03722593933343887, 0.00861823558807373, 0.0007655620574951172], "k_pid_alt": [0.0, 1.0, 0.9153896570205688], "k_pid_att": [100.0, 9.999999747378752e-05, 0.9983476996421814], "k_pid_yaw": [0.5, 1e-06, 0.1], "k_pid_hsp": [8.560779571533203, 0.9948570132255554, 0.005401313304901123], "k_pid_vsp": [400.0, 397.2952880859375, 12.485099792480469]}, "datetime": {"datetime": "2025-08-14 04:23:10", "elapsed": 66918.13750648499, "delta": 27.87441849708557}, "costs": {"total_cost": 1171.7046648874643, "time_cost": 150, "final_distance_cost": 86.30267004139812, "oscillation_cost": 40.5006585196974, "completition_cost": 777.7777777777778, "overshoot_cost": 71.42375571911528, "power_cost": 19.217991259765626, "noise_cost": 26.481811569710427, "n_waypoints_completed": 2, "tot_waypoints": 9}}
{"target": -1030.147799157347, "params": {"k_pid_pos": [0.09680984169244766, 0.018815338611602783, 0.005728691816329956], "k_pid_alt": [0.0, 0.999985933303833, 0.9970248937606812], "k_pid_att": [100.0, 9.999999747378752e-05, 0.9834976196289062], "k_pid_yaw": [0.5, 1e-06, 0.1], "k_pid_hsp": [9.73511028289795, 0.9965354204177856, 0.0024306774139404297], "k_pid_vsp": [400.0, 387.2034912109375, 6.486106872558594]}, "datetime": {"datetime": "2025-08-14 04:23:38", "elapsed": 66946.74020195007, "delta": 28.60269546508789}, "costs": {"total_cost": 1030.147799157347, "time_cost": 150, "final_distance_cost": 51.8400857145276, "oscillation_cost": 40.15172083066881, "completition_cost": 666.6666666666667, "overshoot_cost": 67.7842610464187, "power_cost": 20.322519445800783, "noise_cost": 33.38254545326428, "n_waypoints_completed": 3, "tot_waypoints": 9}}
{"target": -493.2687248180622, "params": {"k_pid_pos": [0.29240095615386963, 0.0014514625072479248, 0.007559925317764282], "k_pid_alt": [0.0, 1.0, 0.996031641960144], "k_pid_att": [100.0, 9.999999747378752e-05, 0.9623182415962219], "k_pid_yaw": [0.5, 1e-06, 0.1], "k_pid_hsp": [9.892313003540039, 0.9873564839363098, 0.00273016095161438], "k_pid_vsp": [400.0, 377.2882995605469, 1.4798173904418945]}, "datetime": {"datetime": "2025-08-14 04:24:06", "elapsed": 66974.36789369583, "delta": 27.627691745758057}, "costs": {"total_cost": 493.2687248180622, "time_cost": 150, "final_distance_cost": 6.617601619603411, "oscillation_cost": 84.29280743238904, "completition_cost": 111.11111111111116, "overshoot_cost": 68.90946516155348, "power_cost": 34.99712468261719, "noise_cost": 37.34061481078787, "n_waypoints_completed": 8, "tot_waypoints": 9}}
{"target": -984.954647436554, "params": {"k_pid_pos": [0.13263407349586487, 0.03030267357826233, 0.0774405300617218], "k_pid_alt": [0.0, 1.0, 0.9623087048530579], "k_pid_att": [100.0, 9.999999747378752e-05, 0.9894837141036987], "k_pid_yaw": [0.5, 1e-06, 0.1], "k_pid_hsp": [9.737091064453125, 0.9944928884506226, 0.05011868476867676], "k_pid_vsp": [399.99993896484375, 399.438720703125, 4.7551045417785645]}, "datetime": {"datetime": "2025-08-14 04:24:33", "elapsed": 67001.54324603081, "delta": 27.175352334976196}, "costs": {"total_cost": 984.954647436554, "time_cost": 150, "final_distance_cost": 47.277761659571475, "oscillation_cost": 102.7774465514064, "completition_cost": 555.5555555555555, "overshoot_cost": 70.23598342472023, "power_cost": 27.56438251953125, "noise_cost": 31.54351772576906, "n_waypoints_completed": 4, "tot_waypoints": 9}}
{"target": -1217.3550236722444, "params": {"k_pid_pos": [0.03028716892004013, 0.019592195749282837, 0.03686237335205078], "k_pid_alt": [0.0, 1.0, 0.99669349193573], "k_pid_att": [100.0, 9.999999747378752e-05, 0.9950236082077026], "k_pid_yaw": [0.5, 1e-06, 0.1], "k_pid_hsp": [9.564652442932129, 0.9920684099197388, 0.016252845525741577], "k_pid_vsp": [400.0, 396.4571533203125, 1.7083415985107422]}, "datetime": {"datetime": "2025-08-14 04:25:01", "elapsed": 67029.45661258698, "delta": 27.913366556167603}, "costs": {"total_cost": 1217.3550236722444, "time_cost": 150, "final_distance_cost": 86.51248143041116, "oscillation_cost": 66.57966235844171, "completition_cost": 777.7777777777778, "overshoot_cost": 73.70119781647831, "power_cost": 30.166080883789064, "noise_cost": 32.617823405346385, "n_waypoints_completed": 2, "tot_waypoints": 9}}
{"target": -1167.6834532036917, "params": {"k_pid_pos": [0.030054127797484398, 0.020670324563980103, 0.018416106700897217], "k_pid_alt": [0.0, 1.0, 0.9890066981315613], "k_pid_att": [100.0, 9.999999747378752e-05, 0.9666913151741028], "k_pid_yaw": [0.5, 1e-06, 0.1], "k_pid_hsp": [9.825984001159668, 0.995076060295105, 0.008623957633972168], "k_pid_vsp": [400.0, 388.70697021484375, 2.2856245040893555]}, "datetime": {"datetime": "2025-08-14 04:25:29", "elapsed": 67057.45831465721, "delta": 28.001702070236206}, "costs": {"total_cost": 1167.6834532036917, "time_cost": 150, "final_distance_cost": 73.13909734599942, "oscillation_cost": 29.678579494431247, "completition_cost": 777.7777777777778, "overshoot_cost": 83.63651528813871, "power_cost": 22.82090341796875, "noise_cost": 30.630579879375745, "n_waypoints_completed": 2, "tot_waypoints": 9}}
{"target": -954.4338885905577, "params": {"k_pid_pos": [0.15070638060569763, 0.0058113038539886475, 0.005419313907623291], "k_pid_alt": [0.0, 1.0, 0.9592310190200806], "k_pid_att": [100.0, 9.999999747378752e-05, 0.9942680597305298], "k_pid_yaw": [0.5, 1e-06, 0.1], "k_pid_hsp": [9.348546028137207, 0.9563375115394592, 0.0055201053619384766], "k_pid_vsp": [400.0, 398.19952392578125, 14.184332847595215]}, "datetime": {"datetime": "2025-08-14 04:25:57", "elapsed": 67085.75286221504, "delta": 28.29454755783081}, "costs": {"total_cost": 954.4338885905577, "time_cost": 150, "final_distance_cost": 52.40680985915419, "oscillation_cost": 54.57523977654185, "completition_cost": 555.5555555555555, "overshoot_cost": 68.67817406585671, "power_cost": 37.93218438720703, "noise_cost": 35.28592494624224, "n_waypoints_completed": 4, "tot_waypoints": 9}}
{"target": -1294.2257067258436, "params": {"k_pid_pos": [0.012690016999840736, 0.01112675666809082, 0.02828308939933777], "k_pid_alt": [0.0, 1.0, 0.9832870960235596], "k_pid_att": [100.0, 9.999999747378752e-05, 0.9834601283073425], "k_pid_yaw": [0.5, 1e-06, 0.1], "k_pid_hsp": [9.476723670959473, 0.9920997619628906, 0.002820640802383423], "k_pid_vsp": [400.0, 382.6294860839844, 1.546407699584961]}, "datetime": {"datetime": "2025-08-14 04:26:26", "elapsed": 67114.18041300774, "delta": 28.427550792694092}, "costs": {"total_cost": 1294.2257067258436, "time_cost": 150, "final_distance_cost": 62.213907902451886, "oscillation_cost": 35.19400794986859, "completition_cost": 888.8888888888888, "overshoot_cost": 89.95322684129054, "power_cost": 33.66177584228516, "noise_cost": 34.31389930105851, "n_waypoints_completed": 1, "tot_waypoints": 9}}
{"target": -1320.6974462450135, "params": {"k_pid_pos": [0.03817944601178169, 0.014339625835418701, 0.22124195098876953], "k_pid_alt": [0.0, 1.0, 0.9692114591598511], "k_pid_att": [100.0, 9.999999747378752e-05, 0.9940088987350464], "k_pid_yaw": [0.5, 1e-06, 0.1], "k_pid_hsp": [9.80538558959961, 0.9712575674057007, 0.04129040241241455], "k_pid_vsp": [400.0, 395.51153564453125, 2.144576072692871]}, "datetime": {"datetime": "2025-08-14 04:26:53", "elapsed": 67141.28101062775, "delta": 27.100597620010376}, "costs": {"total_cost": 1320.6974462450135, "time_cost": 150, "final_distance_cost": 70.01510846183447, "oscillation_cost": 89.86105180618773, "completition_cost": 888.8888888888888, "overshoot_cost": 65.52013349620748, "power_cost": 27.23231403808594, "noise_cost": 29.179949553808846, "n_waypoints_completed": 1, "tot_waypoints": 9}}
{"target": -359.2573971174895, "params": {"k_pid_pos": [0.3323604166507721, 0.009046792984008789, 0.010380536317825317], "k_pid_alt": [0.001586616039276123, 1.0, 0.9754553437232971], "k_pid_att": [100.0, 9.999999747378752e-05, 0.9930926561355591], "k_pid_yaw": [0.5, 1e-06, 0.1], "k_pid_hsp": [9.87201976776123, 0.9887341260910034, 0.0031988918781280518], "k_pid_vsp": [400.0, 397.40216064453125, 4.366720676422119]}, "datetime": {"datetime": "2025-08-14 04:27:19", "elapsed": 67167.88627266884, "delta": 26.60526204109192}, "costs": {"total_cost": 359.2573971174895, "time_cost": 117.08200000000001, "final_distance_cost": 1.859925372150026, "oscillation_cost": 118.63142218896407, "completition_cost": 0.0, "overshoot_cost": 67.24595877281953, "power_cost": 21.630684777832034, "noise_cost": 32.80740600572385, "n_waypoints_completed": 9, "tot_waypoints": 9}}
{"target": -1256.3578485314697, "params": {"k_pid_pos": [0.020973755046725273, 0.014388084411621094, 0.009967952966690063], "k_pid_alt": [0.0, 1.0, 0.9872569441795349], "k_pid_att": [100.0, 9.999999747378752e-05, 0.9948960542678833], "k_pid_yaw": [0.5, 1e-06, 0.1], "k_pid_hsp": [9.858100891113281, 0.9872240424156189, 0.005649864673614502], "k_pid_vsp": [400.0, 380.65185546875, 24.80007553100586]}, "datetime": {"datetime": "2025-08-14 04:27:49", "elapsed": 67197.76407623291, "delta": 29.877803564071655}, "costs": {"total_cost": 1256.3578485314697, "time_cost": 150, "final_distance_cost": 63.30924442538864, "oscillation_cost": 29.01656723109902, "completition_cost": 888.8888888888888, "overshoot_cost": 76.37641554101701, "power_cost": 22.31502946777344, "noise_cost": 26.45170297730275, "n_waypoints_completed": 1, "tot_waypoints": 9}}
{"target": -1308.1267119998115, "params": {"k_pid_pos": [0.002269977470859885, 0.013915657997131348, 0.007338523864746094], "k_pid_alt": [0.0, 0.9999961853027344, 0.9786028861999512], "k_pid_att": [100.0, 9.999999747378752e-05, 0.9946391582489014], "k_pid_yaw": [0.5, 1e-06, 0.1], "k_pid_hsp": [9.983654022216797, 0.9499742984771729, 0.015819817781448364], "k_pid_vsp": [400.0, 378.07073974609375, 4.237462043762207]}, "datetime": {"datetime": "2025-08-14 04:28:17", "elapsed": 67225.95113658905, "delta": 28.187060356140137}, "costs": {"total_cost": 1308.1267119998115, "time_cost": 150, "final_distance_cost": 49.098326051317784, "oscillation_cost": 56.61796112022794, "completition_cost": 888.8888888888888, "overshoot_cost": 114.99291779483143, "power_cost": 19.868450842285156, "noise_cost": 28.66016730226027, "n_waypoints_completed": 1, "tot_waypoints": 9}}
{"target": -1350.1785697519456, "params": {"k_pid_pos": [0.008694857358932495, 0.0013041198253631592, 0.042314380407333374], "k_pid_alt": [0.0, 1.0, 0.9881198406219482], "k_pid_att": [100.0, 9.999999747378752e-05, 0.9968652725219727], "k_pid_yaw": [0.5, 1e-06, 0.1], "k_pid_hsp": [9.676337242126465, 0.9267734289169312, 0.054589301347732544], "k_pid_vsp": [400.0, 376.95068359375, 8.579314231872559]}, "datetime": {"datetime": "2025-08-14 04:28:45", "elapsed": 67253.70331835747, "delta": 27.75218176841736}, "costs": {"total_cost": 1350.1785697519456, "time_cost": 150, "final_distance_cost": 46.545318283448694, "oscillation_cost": 56.348104406692265, "completition_cost": 1000.0, "overshoot_cost": 40.54989960132604, "power_cost": 27.885473193359378, "noise_cost": 28.849774267119223, "n_waypoints_completed": 0, "tot_waypoints": 9}}
{"target": -832.806950538402, "params": {"k_pid_pos": [0.16943703591823578, 0.004464149475097656, 0.007077157497406006], "k_pid_alt": [0.0, 1.0, 0.992193877696991], "k_pid_att": [100.0, 9.999999747378752e-05, 0.9920996427536011], "k_pid_yaw": [0.5, 1e-06, 0.1], "k_pid_hsp": [9.475605010986328, 0.9855853319168091, 0.0036707818508148193], "k_pid_vsp": [400.0, 392.4360656738281, 3.0176172256469727]}, "datetime": {"datetime": "2025-08-14 04:29:14", "elapsed": 67282.70076560974, "delta": 28.99744725227356}, "costs": {"total_cost": 832.806950538402, "time_cost": 150, "final_distance_cost": 53.62856505806367, "oscillation_cost": 59.776527042810635, "completition_cost": 444.4444444444444, "overshoot_cost": 65.2929136364891, "power_cost": 26.148088220214845, "noise_cost": 33.51641213637952, "n_waypoints_completed": 5, "tot_waypoints": 9}}
{"target": -1056.8261904468784, "params": {"k_pid_pos": [0.11121198534965515, 0.0030665993690490723, 0.008231550455093384], "k_pid_alt": [0.0, 1.0, 0.9893687963485718], "k_pid_att": [100.0, 9.999999747378752e-05, 0.9880937337875366], "k_pid_yaw": [0.5, 1e-06, 0.1], "k_pid_hsp": [9.830252647399902, 0.9763981699943542, 0.014202535152435303], "k_pid_vsp": [382.2545471191406, 384.82098388671875, 1.1075983047485352]}, "datetime": {"datetime": "2025-08-14 04:29:43", "elapsed": 67311.44338750839, "delta": 28.742621898651123}, "costs": {"total_cost": 1056.8261904468784, "time_cost": 150, "final_distance_cost": 52.605748285637155, "oscillation_cost": 62.45327370474493, "completition_cost": 666.6666666666667, "overshoot_cost": 66.93262284187956, "power_cost": 25.33714122314453, "noise_cost": 32.83073772480542, "n_waypoints_completed": 3, "tot_waypoints": 9}}
{"target": -1193.981527667645, "params": {"k_pid_pos": [0.04306129738688469, 0.00609135627746582, 0.009307682514190674], "k_pid_alt": [0.0, 1.0, 0.9865671396255493], "k_pid_att": [100.0, 9.999999747378752e-05, 0.9953634142875671], "k_pid_yaw": [0.5, 1e-06, 0.1], "k_pid_hsp": [9.882330894470215, 0.9912734031677246, 0.01652434468269348], "k_pid_vsp": [400.0, 392.2783508300781, 2.3292312622070312]}, "datetime": {"datetime": "2025-08-14 04:30:12", "elapsed": 67340.76496958733, "delta": 29.321582078933716}, "costs": {"total_cost": 1193.981527667645, "time_cost": 150, "final_distance_cost": 83.31547781561636, "oscillation_cost": 57.95537161012556, "completition_cost": 777.7777777777778, "overshoot_cost": 69.66282600093565, "power_cost": 24.65066081542969, "noise_cost": 30.619413647759647, "n_waypoints_completed": 2, "tot_waypoints": 9}}
{"target": -1086.87453542656, "params": {"k_pid_pos": [0.06210242211818695, 0.022870570421218872, 0.0047355592250823975], "k_pid_alt": [0.0, 1.0, 0.9318873882293701], "k_pid_att": [100.0, 9.999999747378752e-05, 0.9313251376152039], "k_pid_yaw": [0.5, 1e-06, 0.1], "k_pid_hsp": [9.726884841918945, 0.9818354249000549, 0.0027644336223602295], "k_pid_vsp": [399.97821044921875, 399.11907958984375, 2.260685920715332]}, "datetime": {"datetime": "2025-08-14 04:30:42", "elapsed": 67370.35552597046, "delta": 29.590556383132935}, "costs": {"total_cost": 1086.87453542656, "time_cost": 150, "final_distance_cost": 72.0448132264344, "oscillation_cost": 70.80896310741879, "completition_cost": 666.6666666666667, "overshoot_cost": 74.54557821501032, "power_cost": 22.372496362304688, "noise_cost": 30.436017848725097, "n_waypoints_completed": 3, "tot_waypoints": 9}}
{"target": -1214.497290328673, "params": {"k_pid_pos": [0.025389045476913452, 0.026532083749771118, 0.0441928505897522], "k_pid_alt": [2.980232238769531e-07, 1.0, 0.9553937315940857], "k_pid_att": [100.0, 9.999999747378752e-05, 0.9971234798431396], "k_pid_yaw": [0.5, 1e-06, 0.1], "k_pid_hsp": [9.988678932189941, 0.9922729730606079, 0.008120983839035034], "k_pid_vsp": [370.5088806152344, 393.55999755859375, 1.1511812210083008]}, "datetime": {"datetime": "2025-08-14 04:31:11", "elapsed": 67399.17211556435, "delta": 28.81658959388733}, "costs": {"total_cost": 1214.497290328673, "time_cost": 150, "final_distance_cost": 75.74914363490822, "oscillation_cost": 75.00239209667544, "completition_cost": 777.7777777777778, "overshoot_cost": 86.04075649597918, "power_cost": 20.800391186523438, "noise_cost": 29.126829136808627, "n_waypoints_completed": 2, "tot_waypoints": 9}}
{"target": -1175.1991934881037, "params": {"k_pid_pos": [0.07037948071956635, 0.008398711681365967, 0.017962753772735596], "k_pid_alt": [0.0, 1.0, 0.9715580940246582], "k_pid_att": [100.0, 9.999999747378752e-05, 0.9745371341705322], "k_pid_yaw": [0.5, 1e-06, 0.1], "k_pid_hsp": [8.969281196594238, 0.9950879216194153, 0.011980503797531128], "k_pid_vsp": [400.0, 392.8484802246094, 3.4550318717956543]}, "datetime": {"datetime": "2025-08-14 04:31:39", "elapsed": 67427.82209134102, "delta": 28.649975776672363}, "costs": {"total_cost": 1175.1991934881037, "time_cost": 150, "final_distance_cost": 93.32881974132889, "oscillation_cost": 36.94427535729486, "completition_cost": 777.7777777777778, "overshoot_cost": 64.35794840753987, "power_cost": 22.344935876464845, "noise_cost": 30.445436327697365, "n_waypoints_completed": 2, "tot_waypoints": 9}}
{"target": -1269.6768697702898, "params": {"k_pid_pos": [0.020029842853546143, 0.015155702829360962, 0.009852379560470581], "k_pid_alt": [0.0, 1.0, 0.9919652938842773], "k_pid_att": [99.99974060058594, 9.999999747378752e-05, 0.9806962013244629], "k_pid_yaw": [0.5, 1e-06, 0.1], "k_pid_hsp": [9.95283031463623, 0.9950563907623291, 0.010454386472702026], "k_pid_vsp": [400.0, 393.0546875, 2.5892982482910156]}, "datetime": {"datetime": "2025-08-14 04:32:08", "elapsed": 67456.14306116104, "delta": 28.320969820022583}, "costs": {"total_cost": 1269.6768697702898, "time_cost": 150, "final_distance_cost": 63.533108456440594, "oscillation_cost": 40.60755750623215, "completition_cost": 888.8888888888888, "overshoot_cost": 77.50882288217741, "power_cost": 19.958784106445314, "noise_cost": 29.17970793010575, "n_waypoints_completed": 1, "tot_waypoints": 9}}
{"target": -1226.6985661613471, "params": {"k_pid_pos": [0.028945179656147957, 0.01939341425895691, 0.011786669492721558], "k_pid_alt": [0.0, 1.0, 0.9963371753692627], "k_pid_att": [100.0, 9.999999747378752e-05, 0.9831960201263428], "k_pid_yaw": [0.5, 1e-06, 0.1], "k_pid_hsp": [9.94891357421875, 0.9945632219314575, 0.030818551778793335], "k_pid_vsp": [400.0, 397.76324462890625, 1.9581565856933594]}, "datetime": {"datetime": "2025-08-14 04:32:36", "elapsed": 67484.24400877953, "delta": 28.100947618484497}, "costs": {"total_cost": 1226.6985661613471, "time_cost": 150, "final_distance_cost": 85.24878668849043, "oscillation_cost": 80.0844185323055, "completition_cost": 777.7777777777778, "overshoot_cost": 74.98206839957068, "power_cost": 27.625539453125, "noise_cost": 30.97997531007791, "n_waypoints_completed": 2, "tot_waypoints": 9}}
{"target": -1285.334512775357, "params": {"k_pid_pos": [0.0070326863788068295, 0.017375469207763672, 0.0072182416915893555], "k_pid_alt": [0.0, 1.0, 0.9949413537979126], "k_pid_att": [100.0, 9.999999747378752e-05, 0.9855551719665527], "k_pid_yaw": [0.5, 1e-06, 0.1], "k_pid_hsp": [9.838236808776855, 0.9857773780822754, 0.017801016569137573], "k_pid_vsp": [400.0, 395.9832763671875, 1.7671475410461426]}, "datetime": {"datetime": "2025-08-14 04:33:02", "elapsed": 67511.04115223885, "delta": 26.79714345932007}, "costs": {"total_cost": 1285.334512775357, "time_cost": 150, "final_distance_cost": 57.97090056542237, "oscillation_cost": 21.823582161898205, "completition_cost": 888.8888888888888, "overshoot_cost": 103.13595116407156, "power_cost": 30.630706176757815, "noise_cost": 32.88448381831866, "n_waypoints_completed": 1, "tot_waypoints": 9}}
