{"target": -1112.3909986916428, "params": {"k_pid_pos": [0.1644638627767563, 0.7493361830711365, 0.022910863161087036], "k_pid_alt": [0.0, 1.0, 0.9977561235427856], "k_pid_att": [100.0, 0.027410276234149933, 0.9562469720840454], "k_pid_yaw": [0.5, 1e-06, 0.1], "k_pid_hsp": [9.677634239196777, 0.9689289331436157, 0.015160351991653442], "k_pid_vsp": [400.0, 398.0898742675781, 42.548431396484375]}, "datetime": {"datetime": "2025-08-13 19:38:38", "elapsed": 35446.118858098984, "delta": 29.48459553718567}, "costs": {"total_cost": 1112.3909986916428, "time_cost": 150, "final_distance_cost": 52.838211502452914, "oscillation_cost": 126.88171429167821, "completition_cost": 666.6666666666667, "overshoot_cost": 56.76811677727473, "power_cost": 30.033390869140625, "noise_cost": 29.202898584429363, "n_waypoints_completed": 3, "tot_waypoints": 9}}
{"target": -1079.2277576310362, "params": {"k_pid_pos": [0.03156854957342148, 0.16459715366363525, 0.02407008409500122], "k_pid_alt": [0.0, 0.9999997615814209, 0.8898346424102783], "k_pid_att": [100.0, 0.11848586052656174, 0.9464110136032104], "k_pid_yaw": [0.5, 1e-06, 0.1], "k_pid_hsp": [9.966063499450684, 0.9714546799659729, 0.008491814136505127], "k_pid_vsp": [400.0, 380.22650146484375, 17.295278549194336]}, "datetime": {"datetime": "2025-08-13 19:39:11", "elapsed": 35479.50084781647, "delta": 33.38198971748352}, "costs": {"total_cost": 1079.2277576310362, "time_cost": 150, "final_distance_cost": 84.54207424607705, "oscillation_cost": 58.9391939123094, "completition_cost": 666.6666666666667, "overshoot_cost": 65.2484151745309, "power_cost": 26.63895447998047, "noise_cost": 27.192453151471646, "n_waypoints_completed": 3, "tot_waypoints": 9}}
{"target": -904.264794186729, "params": {"k_pid_pos": [0.6449534296989441, 0.26252177357673645, 0.024500757455825806], "k_pid_alt": [1.9327569007873535, 0.9993012547492981, 0.9336403608322144], "k_pid_att": [100.0, 9.999999747378752e-05, 0.9545636773109436], "k_pid_yaw": [0.5, 1e-06, 0.1], "k_pid_hsp": [9.132013320922852, 0.9573367834091187, 0.10838788747787476], "k_pid_vsp": [400.0, 391.9336853027344, 8.968222618103027]}, "datetime": {"datetime": "2025-08-13 19:39:42", "elapsed": 35511.03312373161, "delta": 31.532275915145874}, "costs": {"total_cost": 904.264794186729, "time_cost": 150, "final_distance_cost": 66.66775551337054, "oscillation_cost": 155.0051253965226, "completition_cost": 333.33333333333337, "overshoot_cost": 63.31813594609045, "power_cost": 51.25987618408203, "noise_cost": 84.68056781333001, "n_waypoints_completed": 6, "tot_waypoints": 9}}
{"target": -1087.9306339420468, "params": {"k_pid_pos": [0.08100920170545578, 0.044958531856536865, 0.09516620635986328], "k_pid_alt": [0.0, 1.0, 0.966873824596405], "k_pid_att": [99.66939544677734, 0.0001470871939091012, 0.993466854095459], "k_pid_yaw": [0.5, 1e-06, 0.1], "k_pid_hsp": [8.9510498046875, 0.9857372045516968, 0.03689020872116089], "k_pid_vsp": [400.0, 394.1453552246094, 5.872989654541016]}, "datetime": {"datetime": "2025-08-13 19:40:13", "elapsed": 35541.11552357674, "delta": 30.08239984512329}, "costs": {"total_cost": 1087.9306339420468, "time_cost": 150, "final_distance_cost": 51.65084708482991, "oscillation_cost": 91.55922087561804, "completition_cost": 666.6666666666667, "overshoot_cost": 72.55617349522466, "power_cost": 23.88621446533203, "noise_cost": 31.611511354375686, "n_waypoints_completed": 3, "tot_waypoints": 9}}
{"target": -1094.36221541465, "params": {"k_pid_pos": [0.1217232197523117, 0.04950878024101257, 0.08220663666725159], "k_pid_alt": [0.0, 0.9997010827064514, 0.9826316833496094], "k_pid_att": [100.0, 9.999999747378752e-05, 0.955452561378479], "k_pid_yaw": [0.5, 1e-06, 0.1], "k_pid_hsp": [9.013627052307129, 0.982978105545044, 0.0323677659034729], "k_pid_vsp": [400.0, 367.61553955078125, 11.4630708694458]}, "datetime": {"datetime": "2025-08-13 19:40:42", "elapsed": 35570.93881773949, "delta": 29.823294162750244}, "costs": {"total_cost": 1094.36221541465, "time_cost": 150, "final_distance_cost": 45.59137809035788, "oscillation_cost": 206.29357954044713, "completition_cost": 555.5555555555555, "overshoot_cost": 70.8055135962379, "power_cost": 34.72096690673828, "noise_cost": 31.39522172531332, "n_waypoints_completed": 4, "tot_waypoints": 9}}
{"target": -1050.721760962531, "params": {"k_pid_pos": [0.08148184418678284, 0.08795046806335449, 0.07459908723831177], "k_pid_alt": [0.030723273754119873, 0.9997984170913696, 0.9800900220870972], "k_pid_att": [100.0, 9.999999747378752e-05, 0.9946469068527222], "k_pid_yaw": [0.5, 1e-06, 0.1], "k_pid_hsp": [9.074376106262207, 0.952346920967102, 0.016477644443511963], "k_pid_vsp": [400.0, 395.44158935546875, 18.45059585571289]}, "datetime": {"datetime": "2025-08-13 19:41:12", "elapsed": 35600.16741013527, "delta": 29.22859239578247}, "costs": {"total_cost": 1050.721760962531, "time_cost": 150, "final_distance_cost": 67.41175592109359, "oscillation_cost": 51.70925498759622, "completition_cost": 666.6666666666667, "overshoot_cost": 65.8056853634401, "power_cost": 22.07129326171875, "noise_cost": 27.057104762015648, "n_waypoints_completed": 3, "tot_waypoints": 9}}
{"target": -885.4345936984636, "params": {"k_pid_pos": [0.1848098486661911, 0.13394123315811157, 0.06295141577720642], "k_pid_alt": [1.1026859283447266e-05, 1.0, 0.9803745746612549], "k_pid_att": [100.0, 0.00010029802069766447, 0.9899213314056396], "k_pid_yaw": [0.5, 1e-06, 0.1], "k_pid_hsp": [9.708229064941406, 0.9947496056556702, 0.054881751537323], "k_pid_vsp": [400.0, 398.3216857910156, 10.407639503479004]}, "datetime": {"datetime": "2025-08-13 19:41:41", "elapsed": 35629.7253639698, "delta": 29.55795383453369}, "costs": {"total_cost": 885.4345936984636, "time_cost": 150, "final_distance_cost": 65.09570313733747, "oscillation_cost": 202.41078009999848, "completition_cost": 333.33333333333337, "overshoot_cost": 62.356908464512564, "power_cost": 38.608939453125004, "noise_cost": 33.62892921015673, "n_waypoints_completed": 6, "tot_waypoints": 9}}
{"target": -644.6774352275985, "params": {"k_pid_pos": [0.25880441069602966, 0.020174860954284668, 0.11058056354522705], "k_pid_alt": [0.0, 0.9999997615814209, 0.9529778361320496], "k_pid_att": [100.0, 9.999999747378752e-05, 0.9640624523162842], "k_pid_yaw": [0.5, 1e-06, 0.1], "k_pid_hsp": [9.858530044555664, 0.9650508165359497, 0.0021172165870666504], "k_pid_vsp": [400.0, 369.0518493652344, 8.591330528259277]}, "datetime": {"datetime": "2025-08-13 19:42:10", "elapsed": 35658.75326657295, "delta": 29.027902603149414}, "costs": {"total_cost": 644.6774352275985, "time_cost": 150, "final_distance_cost": 67.59314783180005, "oscillation_cost": 72.60357141221658, "completition_cost": 222.2222222222222, "overshoot_cost": 65.35603708742003, "power_cost": 33.96290981445313, "noise_cost": 32.93954685948638, "n_waypoints_completed": 7, "tot_waypoints": 9}}
{"target": -714.5192923569548, "params": {"k_pid_pos": [0.2289740890264511, 0.025223135948181152, 0.02197045087814331], "k_pid_alt": [0.0, 1.0, 0.9444271326065063], "k_pid_att": [100.0, 9.999999747378752e-05, 0.9950854182243347], "k_pid_yaw": [0.5, 1e-06, 0.1], "k_pid_hsp": [9.970391273498535, 0.9766101837158203, 0.004908114671707153], "k_pid_vsp": [399.99993896484375, 333.6546936035156, 1.0441551208496094]}, "datetime": {"datetime": "2025-08-13 19:42:39", "elapsed": 35688.05429935455, "delta": 29.301032781600952}, "costs": {"total_cost": 714.5192923569548, "time_cost": 150, "final_distance_cost": 71.99391238719818, "oscillation_cost": 152.60316553205865, "completition_cost": 222.2222222222222, "overshoot_cost": 68.4710214033486, "power_cost": 19.393668115234377, "noise_cost": 29.83530269689271, "n_waypoints_completed": 7, "tot_waypoints": 9}}
{"target": -1023.8545352275114, "params": {"k_pid_pos": [0.11890948563814163, 0.011370211839675903, 0.06083345413208008], "k_pid_alt": [0.050949037075042725, 1.0, 0.9984441995620728], "k_pid_att": [13.564884185791016, 0.00013814658450428396, 0.9756216406822205], "k_pid_yaw": [0.5, 1e-06, 0.1], "k_pid_hsp": [9.908462524414062, 0.9824180603027344, 0.017606765031814575], "k_pid_vsp": [400.0, 390.67596435546875, 33.85146713256836]}, "datetime": {"datetime": "2025-08-13 19:43:10", "elapsed": 35718.47501683235, "delta": 30.420717477798462}, "costs": {"total_cost": 1023.8545352275114, "time_cost": 150, "final_distance_cost": 55.989619889242306, "oscillation_cost": 34.57836304103105, "completition_cost": 666.6666666666667, "overshoot_cost": 64.32193301179959, "power_cost": 25.014305798339844, "noise_cost": 27.28364682043183, "n_waypoints_completed": 3, "tot_waypoints": 9}}
{"target": -1289.5243058625176, "params": {"k_pid_pos": [0.010517715476453304, 0.01549258828163147, 0.01131466031074524], "k_pid_alt": [0.0003428459167480469, 1.0, 0.9802087545394897], "k_pid_att": [100.0, 9.999999747378752e-05, 0.9260847568511963], "k_pid_yaw": [0.5, 1e-06, 0.1], "k_pid_hsp": [9.97433853149414, 0.9987004995346069, 0.013178795576095581], "k_pid_vsp": [400.0, 392.3859558105469, 7.526708602905273]}, "datetime": {"datetime": "2025-08-13 19:43:38", "elapsed": 35746.89215397835, "delta": 28.417137145996094}, "costs": {"total_cost": 1289.5243058625176, "time_cost": 150, "final_distance_cost": 54.189445021695526, "oscillation_cost": 51.27178999213862, "completition_cost": 888.8888888888888, "overshoot_cost": 94.92719347506005, "power_cost": 21.033208447265626, "noise_cost": 29.21378003746903, "n_waypoints_completed": 1, "tot_waypoints": 9}}
{"target": -551.3049445789889, "params": {"k_pid_pos": [0.3507104814052582, 0.185136616230011, 0.04318428039550781], "k_pid_alt": [1.7881393432617188e-07, 1.0, 0.994065523147583], "k_pid_att": [100.0, 0.13146226108074188, 0.9910423755645752], "k_pid_yaw": [0.5, 1e-06, 0.1], "k_pid_hsp": [9.859681129455566, 0.9730569124221802, 0.04329177737236023], "k_pid_vsp": [400.0, 394.11004638671875, 13.414336204528809]}, "datetime": {"datetime": "2025-08-13 19:44:08", "elapsed": 35776.691410303116, "delta": 29.799256324768066}, "costs": {"total_cost": 551.3049445789889, "time_cost": 150, "final_distance_cost": 39.93523382455274, "oscillation_cost": 117.18026399717714, "completition_cost": 111.11111111111116, "overshoot_cost": 68.32839514935571, "power_cost": 33.032587609863285, "noise_cost": 31.717352886928825, "n_waypoints_completed": 8, "tot_waypoints": 9}}
{"target": -1485.2808101304936, "params": {"k_pid_pos": [0.16961368918418884, 0.08013680577278137, 0.04000893235206604], "k_pid_alt": [0.0, 0.9999978542327881, 0.898232638835907], "k_pid_att": [100.0, 9.999999747378752e-05, 0.9900170564651489], "k_pid_yaw": [0.5, 1e-06, 0.1], "k_pid_hsp": [9.461694717407227, 0.9899134635925293, 0.20176726579666138], "k_pid_vsp": [32.90532684326172, 375.46795654296875, 49.01776123046875]}, "datetime": {"datetime": "2025-08-13 19:44:37", "elapsed": 35805.59763479233, "delta": 28.906224489212036}, "costs": {"total_cost": 1485.2808101304936, "time_cost": 150, "final_distance_cost": 41.48228011354397, "oscillation_cost": 602.4885048485312, "completition_cost": 555.5555555555555, "overshoot_cost": 65.46506197075517, "power_cost": 39.03482478027344, "noise_cost": 31.25458286183429, "n_waypoints_completed": 4, "tot_waypoints": 9}}
{"target": -1206.916243040358, "params": {"k_pid_pos": [0.04174326732754707, 0.10893839597702026, 0.001651376485824585], "k_pid_alt": [0.0, 1.0, 0.9753758311271667], "k_pid_att": [100.0, 9.999999747378752e-05, 0.9951657056808472], "k_pid_yaw": [0.5, 1e-06, 0.1], "k_pid_hsp": [9.891606330871582, 0.8904945850372314, 0.01585608720779419], "k_pid_vsp": [399.9101867675781, 399.0686950683594, 3.9940366744995117]}, "datetime": {"datetime": "2025-08-13 19:45:05", "elapsed": 35833.69724178314, "delta": 28.09960699081421}, "costs": {"total_cost": 1206.916243040358, "time_cost": 150, "final_distance_cost": 85.64245897522456, "oscillation_cost": 72.52185510068765, "completition_cost": 777.7777777777778, "overshoot_cost": 63.23336686852068, "power_cost": 26.546907373046878, "noise_cost": 31.193876945100268, "n_waypoints_completed": 2, "tot_waypoints": 9}}
{"target": -927.2871460673889, "params": {"k_pid_pos": [0.20048722624778748, 0.07783284783363342, 0.02797141671180725], "k_pid_alt": [0.0, 1.0, 0.955148458480835], "k_pid_att": [100.0, 9.999999747378752e-05, 0.9976663589477539], "k_pid_yaw": [0.5, 1e-06, 0.1], "k_pid_hsp": [9.885146141052246, 0.9920976161956787, 0.02728182077407837], "k_pid_vsp": [400.0, 385.7571716308594, 3.001833915710449]}, "datetime": {"datetime": "2025-08-13 19:45:33", "elapsed": 35861.99928021431, "delta": 28.302038431167603}, "costs": {"total_cost": 927.2871460673889, "time_cost": 150, "final_distance_cost": 49.02527738101571, "oscillation_cost": 162.61558858244462, "completition_cost": 444.4444444444444, "overshoot_cost": 62.34480926839952, "power_cost": 26.673375585937503, "noise_cost": 32.18365080514714, "n_waypoints_completed": 5, "tot_waypoints": 9}}
{"target": -1166.983107944111, "params": {"k_pid_pos": [0.043480537831783295, 0.005440950393676758, 0.004455089569091797], "k_pid_alt": [1.1736072301864624, 0.9996209740638733, 0.9835469722747803], "k_pid_att": [99.9999771118164, 0.003316532587632537, 0.9885129928588867], "k_pid_yaw": [0.5, 1e-06, 0.1], "k_pid_hsp": [9.921375274658203, 0.9828175902366638, 0.011693328619003296], "k_pid_vsp": [379.5068054199219, 398.886474609375, 9.97517204284668]}, "datetime": {"datetime": "2025-08-13 19:46:02", "elapsed": 35890.86827707291, "delta": 28.8689968585968}, "costs": {"total_cost": 1166.983107944111, "time_cost": 150, "final_distance_cost": 77.0945678476529, "oscillation_cost": 37.336400961049385, "completition_cost": 777.7777777777778, "overshoot_cost": 59.63297970426842, "power_cost": 34.11687833251953, "noise_cost": 31.024503320842992, "n_waypoints_completed": 2, "tot_waypoints": 9}}
{"target": -1070.4062731208055, "params": {"k_pid_pos": [0.06678961217403412, 0.040889859199523926, 0.006633967161178589], "k_pid_alt": [0.0, 1.0, 0.9830290079116821], "k_pid_att": [100.0, 0.0001521535450592637, 0.9099284410476685], "k_pid_yaw": [0.5, 1e-06, 0.1], "k_pid_hsp": [9.840240478515625, 0.9973689317703247, 0.013684600591659546], "k_pid_vsp": [399.9992370605469, 392.4515686035156, 27.87535285949707]}, "datetime": {"datetime": "2025-08-13 19:46:31", "elapsed": 35919.317351579666, "delta": 28.449074506759644}, "costs": {"total_cost": 1070.4062731208055, "time_cost": 150, "final_distance_cost": 54.81354816392636, "oscillation_cost": 72.42269639808181, "completition_cost": 666.6666666666667, "overshoot_cost": 77.25649768178383, "power_cost": 21.473778955078124, "noise_cost": 27.773085255268715, "n_waypoints_completed": 3, "tot_waypoints": 9}}
{"target": -757.1091715972814, "params": {"k_pid_pos": [0.6242557764053345, 0.00471457839012146, 0.061972975730895996], "k_pid_alt": [0.0, 1.0, 0.9393619298934937], "k_pid_att": [100.0, 0.04476936161518097, 0.9852766990661621], "k_pid_yaw": [0.5, 1e-06, 0.1], "k_pid_hsp": [9.917698860168457, 0.9615205526351929, 0.2146550416946411], "k_pid_vsp": [400.0, 395.2906494140625, 9.056414604187012]}, "datetime": {"datetime": "2025-08-13 19:46:56", "elapsed": 35944.80663776398, "delta": 25.489286184310913}, "costs": {"total_cost": 757.1091715972814, "time_cost": 107.842, "final_distance_cost": 1.8284687618289874, "oscillation_cost": 521.7253398439963, "completition_cost": 0.0, "overshoot_cost": 67.12967101893173, "power_cost": 30.833060986328128, "noise_cost": 27.750630986196285, "n_waypoints_completed": 9, "tot_waypoints": 9}}
{"target": -1065.2770862281386, "params": {"k_pid_pos": [0.07117623835802078, 0.037449151277542114, 0.012823224067687988], "k_pid_alt": [0.00012230873107910156, 1.0, 0.9439483880996704], "k_pid_att": [100.0, 9.999999747378752e-05, 0.9440900087356567], "k_pid_yaw": [0.5, 1e-06, 0.1], "k_pid_hsp": [9.12114143371582, 0.9382293224334717, 0.007734179496765137], "k_pid_vsp": [400.0, 365.30975341796875, 7.251633167266846]}, "datetime": {"datetime": "2025-08-13 19:47:25", "elapsed": 35973.522040605545, "delta": 28.715402841567993}, "costs": {"total_cost": 1065.2770862281386, "time_cost": 150, "final_distance_cost": 51.2775631804876, "oscillation_cost": 51.031602130841115, "completition_cost": 666.6666666666667, "overshoot_cost": 75.26729867468174, "power_cost": 35.92109000244141, "noise_cost": 35.11286557302024, "n_waypoints_completed": 3, "tot_waypoints": 9}}
{"target": -870.4930878219159, "params": {"k_pid_pos": [0.16018709540367126, 0.0812673270702362, 0.023991525173187256], "k_pid_alt": [1.0788440704345703e-05, 1.0, 0.9760116338729858], "k_pid_att": [100.0, 9.999999747378752e-05, 0.9417481422424316], "k_pid_yaw": [0.5, 1e-06, 0.1], "k_pid_hsp": [9.927289009094238, 0.9957538843154907, 0.016235828399658203], "k_pid_vsp": [400.0, 370.4042053222656, 5.5342206954956055]}, "datetime": {"datetime": "2025-08-13 19:47:54", "elapsed": 36002.14358115196, "delta": 28.621540546417236}, "costs": {"total_cost": 870.4930878219159, "time_cost": 150, "final_distance_cost": 50.973878570828205, "oscillation_cost": 99.01702873371437, "completition_cost": 444.4444444444444, "overshoot_cost": 62.052503217400655, "power_cost": 29.74136202392578, "noise_cost": 34.26387083160253, "n_waypoints_completed": 5, "tot_waypoints": 9}}
{"target": -1067.9930891595789, "params": {"k_pid_pos": [0.03673708438873291, 0.058578550815582275, 0.059239089488983154], "k_pid_alt": [4.172325134277344e-07, 0.9998688697814941, 0.9652044773101807], "k_pid_att": [99.91949462890625, 9.999999747378752e-05, 0.9611524343490601], "k_pid_yaw": [0.5, 1e-06, 0.1], "k_pid_hsp": [9.898701667785645, 0.9576661586761475, 0.007404029369354248], "k_pid_vsp": [400.0, 398.2486572265625, 17.451025009155273]}, "datetime": {"datetime": "2025-08-13 19:48:23", "elapsed": 36031.174748420715, "delta": 29.03116726875305}, "costs": {"total_cost": 1067.9930891595789, "time_cost": 150, "final_distance_cost": 63.16725762904684, "oscillation_cost": 44.37810964868544, "completition_cost": 666.6666666666667, "overshoot_cost": 90.68753319432233, "power_cost": 25.963861206054688, "noise_cost": 27.129660814802698, "n_waypoints_completed": 3, "tot_waypoints": 9}}
{"target": -847.910836041577, "params": {"k_pid_pos": [0.14243640005588531, 0.04235050082206726, 0.08234912157058716], "k_pid_alt": [0.0, 1.0, 0.9967543482780457], "k_pid_att": [100.0, 9.999999747378752e-05, 0.9818653464317322], "k_pid_yaw": [0.5, 1e-06, 0.1], "k_pid_hsp": [9.801589965820312, 0.9753364324569702, 0.004099071025848389], "k_pid_vsp": [400.0, 398.0986022949219, 13.225937843322754]}, "datetime": {"datetime": "2025-08-13 19:48:52", "elapsed": 36060.51009654999, "delta": 29.33534812927246}, "costs": {"total_cost": 847.910836041577, "time_cost": 150, "final_distance_cost": 55.11649397303118, "oscillation_cost": 79.14361943444712, "completition_cost": 444.4444444444444, "overshoot_cost": 67.47601044837182, "power_cost": 22.979431262207033, "noise_cost": 28.750836479075286, "n_waypoints_completed": 5, "tot_waypoints": 9}}
{"target": -338.0801912557857, "params": {"k_pid_pos": [0.30751392245292664, 0.02071380615234375, 0.003344804048538208], "k_pid_alt": [0.0, 0.9968974590301514, 0.9519839286804199], "k_pid_att": [100.0, 9.999999747378752e-05, 0.9879852533340454], "k_pid_yaw": [0.5, 1e-06, 0.1], "k_pid_hsp": [9.508042335510254, 0.9953885078430176, 0.029331624507904053], "k_pid_vsp": [400.0, 392.1612243652344, 2.9168496131896973]}, "datetime": {"datetime": "2025-08-13 19:49:20", "elapsed": 36088.754425525665, "delta": 28.24432897567749}, "costs": {"total_cost": 338.0801912557857, "time_cost": 113.70100000000001, "final_distance_cost": 1.8363179644413878, "oscillation_cost": 99.09196129311937, "completition_cost": 0.0, "overshoot_cost": 66.84710673023795, "power_cost": 25.61646278076172, "noise_cost": 30.987342487225266, "n_waypoints_completed": 9, "tot_waypoints": 9}}
{"target": -1083.065245003951, "params": {"k_pid_pos": [0.08371619135141373, 0.019465148448944092, 0.011834204196929932], "k_pid_alt": [0.0, 1.0, 0.9436741471290588], "k_pid_att": [100.0, 0.0001357624278170988, 0.9618472456932068], "k_pid_yaw": [0.5, 1e-06, 0.1], "k_pid_hsp": [8.91325569152832, 0.9523767232894897, 0.026272624731063843], "k_pid_vsp": [400.0, 395.7205810546875, 1.162351131439209]}, "datetime": {"datetime": "2025-08-13 19:49:50", "elapsed": 36118.28659582138, "delta": 29.532170295715332}, "costs": {"total_cost": 1083.065245003951, "time_cost": 150, "final_distance_cost": 53.10078091085818, "oscillation_cost": 91.29163589545352, "completition_cost": 666.6666666666667, "overshoot_cost": 72.6229999447022, "power_cost": 19.915918786621095, "noise_cost": 29.467242799649316, "n_waypoints_completed": 3, "tot_waypoints": 9}}
{"target": -1186.9308882913094, "params": {"k_pid_pos": [0.05904235318303108, 0.11747103929519653, 0.013003379106521606], "k_pid_alt": [0.0, 0.9829897284507751, 0.7184827923774719], "k_pid_att": [100.0, 9.999999747378752e-05, 0.9976513385772705], "k_pid_yaw": [0.5, 1e-06, 0.1], "k_pid_hsp": [9.946921348571777, 0.989521861076355, 0.0033145546913146973], "k_pid_vsp": [400.0, 381.47589111328125, 8.32222843170166]}, "datetime": {"datetime": "2025-08-13 19:50:19", "elapsed": 36147.739252090454, "delta": 29.452656269073486}, "costs": {"total_cost": 1186.9308882913094, "time_cost": 150, "final_distance_cost": 89.7404709286781, "oscillation_cost": 48.975684632415145, "completition_cost": 777.7777777777778, "overshoot_cost": 58.68595699219889, "power_cost": 32.154466906738286, "noise_cost": 29.596531053501124, "n_waypoints_completed": 2, "tot_waypoints": 9}}
