{"target": -463.29432514842847, "params": {"k_pid_pos": [1.1866772174835205, 0.6484966278076172, 0.9999992847442627], "k_pid_alt": [1.5691584348678589, 1.0, 0.8696146011352539], "k_pid_att": [3.651660680770874, 9.97770881652832, 0.8879762291908264], "k_pid_yaw": [0.5, 1e-06, 0.1], "k_pid_hsp": [7.874267578125, 0.39196905493736267, 0.502860426902771], "k_pid_vsp": [400.0, 171.4401092529297, 46.68028259277344]}, "datetime": {"datetime": "2025-08-13 10:59:27", "elapsed": 4295.360427856445, "delta": 52.53560280799866}, "costs": {"total_cost": 463.29432514842847, "time_cost": 116.998, "final_distance_cost": 1.747212399260901, "oscillation_cost": 223.27443777161724, "completition_cost": 0.0, "overshoot_cost": 69.0570268019426, "power_cost": 26.36053719482422, "noise_cost": 25.857110980783517, "n_waypoints_completed": 9, "tot_waypoints": 9}}
{"target": -539.6575583623295, "params": {"k_pid_pos": [1.3182274103164673, 0.7233747839927673, 0.964913547039032], "k_pid_alt": [0.0, 0.9999995827674866, 0.07484015822410583], "k_pid_att": [47.70108413696289, 0.004952961578965187, 0.6878026723861694], "k_pid_yaw": [0.5, 1e-06, 0.1], "k_pid_hsp": [0.4024955630302429, 0.53241366147995, 0.05195486545562744], "k_pid_vsp": [399.9947509765625, 341.77703857421875, 38.32114791870117]}, "datetime": {"datetime": "2025-08-13 11:00:18", "elapsed": 4346.42206454277, "delta": 51.06163668632507}, "costs": {"total_cost": 539.6575583623295, "time_cost": 113.918, "final_distance_cost": 1.7810135164217478, "oscillation_cost": 301.47779191016593, "completition_cost": 0.0, "overshoot_cost": 68.70525405282923, "power_cost": 26.046564001464844, "noise_cost": 27.72893488144773, "n_waypoints_completed": 9, "tot_waypoints": 9}}
{"target": -449.3605759739967, "params": {"k_pid_pos": [1.6050771474838257, 0.7452870011329651, 0.008470147848129272], "k_pid_alt": [1.999999761581421, 2.9802322387695312e-08, 0.96791672706604], "k_pid_att": [99.94510650634766, 10.0, 0.23403719067573547], "k_pid_yaw": [0.5, 1e-06, 0.1], "k_pid_hsp": [1.1290221214294434, 0.6887491941452026, 0.12245357036590576], "k_pid_vsp": [399.48358154296875, 19.372692108154297, 51.726318359375]}, "datetime": {"datetime": "2025-08-13 11:01:04", "elapsed": 4392.374990940094, "delta": 45.95292639732361}, "costs": {"total_cost": 449.3605759739967, "time_cost": 104.398, "final_distance_cost": 1.7321175205638157, "oscillation_cost": 198.19442180205527, "completition_cost": 0.0, "overshoot_cost": 81.21238348288865, "power_cost": 33.44056042480469, "noise_cost": 30.383092743684273, "n_waypoints_completed": 9, "tot_waypoints": 9}}
{"target": -763.050521701408, "params": {"k_pid_pos": [1.5203648805618286, 0.2122582197189331, 0.004004836082458496], "k_pid_alt": [0.46225082874298096, 1.3947486877441406e-05, 0.9527871012687683], "k_pid_att": [99.9935531616211, 0.029431747272610664, 0.07610100507736206], "k_pid_yaw": [0.5, 1e-06, 0.1], "k_pid_hsp": [7.650664329528809, 0.23993811011314392, 0.23559674620628357], "k_pid_vsp": [391.39093017578125, 118.76837921142578, 34.913230895996094]}, "datetime": {"datetime": "2025-08-13 11:01:56", "elapsed": 4444.260224103928, "delta": 51.88523316383362}, "costs": {"total_cost": 763.050521701408, "time_cost": 115.64, "final_distance_cost": 1.8641727471934948, "oscillation_cost": 532.3386361573313, "completition_cost": 0.0, "overshoot_cost": 56.6701789741947, "power_cost": 29.24052579345703, "noise_cost": 27.297008029231545, "n_waypoints_completed": 9, "tot_waypoints": 9}}
{"target": -8460.737039365753, "params": {"k_pid_pos": [1.9377171993255615, 0.49787503480911255, 0.005895018577575684], "k_pid_alt": [1.9853476285934448, 0.0, 0.9997811317443848], "k_pid_att": [0.10833144187927246, 10.0, 0.7207595109939575], "k_pid_yaw": [0.5, 1e-06, 0.1], "k_pid_hsp": [5.883381366729736, 0.6924602389335632, 0.24750089645385742], "k_pid_vsp": [399.9063415527344, 277.697509765625, 378.1994934082031]}, "datetime": {"datetime": "2025-08-13 11:02:48", "elapsed": 4496.87047791481, "delta": 52.61025381088257}, "costs": {"total_cost": 8460.737039365753, "time_cost": 150, "final_distance_cost": 2021.2562821284691, "oscillation_cost": 1861.099955522076, "completition_cost": 1000.0, "overshoot_cost": 3225.985268030218, "power_cost": 57.47024493408203, "noise_cost": 144.92528875090795, "n_waypoints_completed": 0, "tot_waypoints": 9}}
{"target": -1430.6886380108804, "params": {"k_pid_pos": [0.9701617360115051, 0.9831103682518005, 5.841255187988281e-06], "k_pid_alt": [0.30445289611816406, 0.38225966691970825, 0.366709440946579], "k_pid_att": [100.0, 9.983633995056152, 0.0005234181880950928], "k_pid_yaw": [0.5, 1e-06, 0.1], "k_pid_hsp": [5.406045436859131, 0.3659067749977112, 0.903187096118927], "k_pid_vsp": [270.32867431640625, 197.54608154296875, 216.283203125]}, "datetime": {"datetime": "2025-08-13 11:03:42", "elapsed": 4550.621500015259, "delta": 53.75102210044861}, "costs": {"total_cost": 1430.6886380108804, "time_cost": 150, "final_distance_cost": 61.9066219813429, "oscillation_cost": 186.31718155902888, "completition_cost": 888.8888888888888, "overshoot_cost": 63.344636913810575, "power_cost": 47.19102521972656, "noise_cost": 33.040283448082555, "n_waypoints_completed": 1, "tot_waypoints": 9}}
{"target": -10461.682718125394, "params": {"k_pid_pos": [0.9088237285614014, 0.8959085941314697, 0.10605257749557495], "k_pid_alt": [0.26218855381011963, 1.0, 0.9763801693916321], "k_pid_att": [1.4901161193847656e-05, 9.826499938964844, 0.39553511142730713], "k_pid_yaw": [0.5, 1e-06, 0.1], "k_pid_hsp": [8.781821250915527, 0.15250223875045776, 0.7806036472320557], "k_pid_vsp": [0.029325485229492188, 185.68289184570312, 368.9369812011719]}, "datetime": {"datetime": "2025-08-13 11:04:36", "elapsed": 4604.539097070694, "delta": 53.91759705543518}, "costs": {"total_cost": 10461.682718125394, "time_cost": 150, "final_distance_cost": 3032.133287404006, "oscillation_cost": 2078.7017010358613, "completition_cost": 1000.0, "overshoot_cost": 3998.796027212557, "power_cost": 54.37424962158203, "noise_cost": 147.67745285138838, "n_waypoints_completed": 0, "tot_waypoints": 9}}
{"target": -6765.45754620699, "params": {"k_pid_pos": [0.4370917081832886, 0.05663597583770752, 0.9998759031295776], "k_pid_alt": [1.9986083507537842, 1.0, 0.1299251914024353], "k_pid_att": [0.3185957670211792, 9.570785522460938, 0.7762970924377441], "k_pid_yaw": [0.5, 1e-06, 0.1], "k_pid_hsp": [5.930304527282715, 0.2301042675971985, 0.16460677981376648], "k_pid_vsp": [259.0414733886719, 253.1605987548828, 344.73321533203125]}, "datetime": {"datetime": "2025-08-13 11:05:30", "elapsed": 4658.1369614601135, "delta": 53.597864389419556}, "costs": {"total_cost": 6765.45754620699, "time_cost": 150, "final_distance_cost": 937.5161516133581, "oscillation_cost": 2177.179870497058, "completition_cost": 1000.0, "overshoot_cost": 2328.016326209458, "power_cost": 51.87173425292969, "noise_cost": 120.87346363418568, "n_waypoints_completed": 0, "tot_waypoints": 9}}
{"target": -25021.875427619405, "params": {"k_pid_pos": [1.582547903060913, 0.01442861557006836, 0.0], "k_pid_alt": [0.05015140771865845, 0.9999986886978149, 0.160084068775177], "k_pid_att": [0.00037848949432373047, 9.999948501586914, 0.9774701595306396], "k_pid_yaw": [0.5, 1e-06, 0.1], "k_pid_hsp": [0.980998158454895, 0.035027652978897095, 0.09895789623260498], "k_pid_vsp": [222.47584533691406, 322.123779296875, 364.82989501953125]}, "datetime": {"datetime": "2025-08-13 11:06:23", "elapsed": 4711.547798156738, "delta": 53.410836696624756}, "costs": {"total_cost": 25021.875427619405, "time_cost": 150, "final_distance_cost": 6830.227293934341, "oscillation_cost": 2166.6079008101356, "completition_cost": 1000.0, "overshoot_cost": 14670.664549904108, "power_cost": 57.84193394775391, "noise_cost": 146.5337490230649, "n_waypoints_completed": 0, "tot_waypoints": 9}}
{"target": -6268.586540940626, "params": {"k_pid_pos": [0.9338659644126892, 0.16361546516418457, 0.9999998807907104], "k_pid_alt": [0.02153700590133667, 1.704692840576172e-05, 0.39513832330703735], "k_pid_att": [100.0, 9.970617294311523, 0.22355836629867554], "k_pid_yaw": [0.5, 1e-06, 0.1], "k_pid_hsp": [1.9156513214111328, 0.5113801956176758, 0.5072773098945618], "k_pid_vsp": [19.274044036865234, 249.18832397460938, 343.9754943847656]}, "datetime": {"datetime": "2025-08-13 11:07:15", "elapsed": 4763.471123456955, "delta": 51.923325300216675}, "costs": {"total_cost": 6268.586540940626, "time_cost": 150, "final_distance_cost": 1288.7240128463159, "oscillation_cost": 776.7204271319989, "completition_cost": 1000.0, "overshoot_cost": 2990.5066730244034, "power_cost": 33.57239620361328, "noise_cost": 29.06303173429375, "n_waypoints_completed": 0, "tot_waypoints": 9}}
{"target": -1590.8092215904232, "params": {"k_pid_pos": [0.9893848299980164, 0.786339282989502, 0.0], "k_pid_alt": [1.999813437461853, 0.0, 0.029603123664855957], "k_pid_att": [76.1710205078125, 10.0, 0.0632733404636383], "k_pid_yaw": [0.5, 1e-06, 0.1], "k_pid_hsp": [7.65173864364624, 0.07685965299606323, 0.9763410091400146], "k_pid_vsp": [0.0, 279.48101806640625, 302.5249938964844]}, "datetime": {"datetime": "2025-08-13 11:08:07", "elapsed": 4815.581630945206, "delta": 52.11050748825073}, "costs": {"total_cost": 1590.8092215904232, "time_cost": 150, "final_distance_cost": 10.586458939055248, "oscillation_cost": 96.99764803141328, "completition_cost": 1000.0, "overshoot_cost": 165.66810744157772, "power_cost": 36.987621350097655, "noise_cost": 130.56938582827937, "n_waypoints_completed": 0, "tot_waypoints": 9}}
{"target": -981.1029721054828, "params": {"k_pid_pos": [0.5795634984970093, 0.13475823402404785, 0.9868749380111694], "k_pid_alt": [1.9337074756622314, 0.6251233220100403, 0.25219354033470154], "k_pid_att": [99.99906158447266, 9.848291397094727, 0.9400982856750488], "k_pid_yaw": [0.5, 1e-06, 0.1], "k_pid_hsp": [1.6333659887313843, 0.10290420055389404, 0.1193353533744812], "k_pid_vsp": [400.0, 99.65550994873047, 190.97482299804688]}, "datetime": {"datetime": "2025-08-13 11:09:02", "elapsed": 4870.253299236298, "delta": 54.67166829109192}, "costs": {"total_cost": 981.1029721054828, "time_cost": 150, "final_distance_cost": 12.508582713335363, "oscillation_cost": 580.7947966725735, "completition_cost": 111.11111111111116, "overshoot_cost": 60.86046516576747, "power_cost": 37.761982250976565, "noise_cost": 28.066034191718686, "n_waypoints_completed": 8, "tot_waypoints": 9}}
{"target": -6221.0505483298275, "params": {"k_pid_pos": [0.6354984641075134, 0.03354829549789429, 0.4173566401004791], "k_pid_alt": [0.03644531965255737, 0.0014172792434692383, 0.2846073508262634], "k_pid_att": [0.0, 9.99959945678711, 0.832121729850769], "k_pid_yaw": [0.5, 1e-06, 0.1], "k_pid_hsp": [8.10844898223877, 0.10797372460365295, 0.4003842771053314], "k_pid_vsp": [265.695556640625, 248.549072265625, 351.8482666015625]}, "datetime": {"datetime": "2025-08-13 11:09:55", "elapsed": 4923.431353807449, "delta": 53.17805457115173}, "costs": {"total_cost": 6221.0505483298275, "time_cost": 150, "final_distance_cost": 1176.6490398358912, "oscillation_cost": 2227.669675770166, "completition_cost": 1000.0, "overshoot_cost": 1463.9512744642107, "power_cost": 53.69896292724609, "noise_cost": 149.08159533231327, "n_waypoints_completed": 0, "tot_waypoints": 9}}
{"target": -2697.556176583315, "params": {"k_pid_pos": [0.18349045515060425, 0.5654605627059937, 0.00011333823204040527], "k_pid_alt": [1.9854456186294556, 0.009522855281829834, 0.5570468306541443], "k_pid_att": [0.00014007091522216797, 0.00010327821655664593, 0.41465499997138977], "k_pid_yaw": [0.5, 1e-06, 0.1], "k_pid_hsp": [0.2035059630870819, 0.09147873520851135, 0.4685520827770233], "k_pid_vsp": [399.9855651855469, 309.4671630859375, 273.8045959472656]}, "datetime": {"datetime": "2025-08-13 11:10:47", "elapsed": 4975.980581045151, "delta": 52.549227237701416}, "costs": {"total_cost": 2697.556176583315, "time_cost": 150, "final_distance_cost": 754.0252121718382, "oscillation_cost": 3.078892368414992, "completition_cost": 1000.0, "overshoot_cost": 738.7007087797331, "power_cost": 27.486450830078127, "noise_cost": 24.264912433250814, "n_waypoints_completed": 0, "tot_waypoints": 9}}
{"target": -1376.0327538533747, "params": {"k_pid_pos": [0.17131280899047852, 0.9532888531684875, 0.9999284744262695], "k_pid_alt": [1.9997050762176514, 0.00011718273162841797, 0.36650317907333374], "k_pid_att": [0.22614002227783203, 9.999999747378752e-05, 0.770488977432251], "k_pid_yaw": [0.5, 1e-06, 0.1], "k_pid_hsp": [1.5388578176498413, 0.7936119437217712, 0.8055603504180908], "k_pid_vsp": [398.2455139160156, 177.2869415283203, 340.8858642578125]}, "datetime": {"datetime": "2025-08-13 11:11:40", "elapsed": 5028.661329507828, "delta": 52.680748462677}, "costs": {"total_cost": 1376.0327538533747, "time_cost": 150, "final_distance_cost": 58.06049125644545, "oscillation_cost": 30.926098846457343, "completition_cost": 888.8888888888888, "overshoot_cost": 181.91675802196565, "power_cost": 30.00885399169922, "noise_cost": 36.231662847918145, "n_waypoints_completed": 1, "tot_waypoints": 9}}
{"target": -441.7941654779126, "params": {"k_pid_pos": [1.5333542823791504, 0.45277634263038635, 0.9880422353744507], "k_pid_alt": [1.9999791383743286, 2.473592758178711e-06, 0.5238780975341797], "k_pid_att": [100.0, 0.00010357623978052288, 0.10171586275100708], "k_pid_yaw": [0.5, 1e-06, 0.1], "k_pid_hsp": [0.7358854413032532, 0.6929996013641357, 0.24242860078811646], "k_pid_vsp": [400.0, 187.62533569335938, 54.769561767578125]}, "datetime": {"datetime": "2025-08-13 11:12:19", "elapsed": 5067.453685760498, "delta": 38.79235625267029}, "costs": {"total_cost": 441.7941654779126, "time_cost": 88.56400000000001, "final_distance_cost": 1.7572048867247743, "oscillation_cost": 248.72695931277664, "completition_cost": 0.0, "overshoot_cost": 55.232240147390144, "power_cost": 24.19248345947266, "noise_cost": 23.321277671548312, "n_waypoints_completed": 9, "tot_waypoints": 9}}
{"target": -6468.285626789605, "params": {"k_pid_pos": [0.5117631554603577, 0.37589195370674133, 1.0], "k_pid_alt": [1.9997365474700928, 0.004662036895751953, 0.9673811197280884], "k_pid_att": [100.0, 0.023280609399080276, 0.4628099799156189], "k_pid_yaw": [0.5, 1e-06, 0.1], "k_pid_hsp": [8.927851676940918, 0.8911737203598022, 0.5572227239608765], "k_pid_vsp": [2.7051210403442383, 304.80780029296875, 267.5267639160156]}, "datetime": {"datetime": "2025-08-13 11:13:11", "elapsed": 5119.6125411987305, "delta": 52.15885543823242}, "costs": {"total_cost": 6468.285626789605, "time_cost": 150, "final_distance_cost": 1632.6492040635999, "oscillation_cost": 733.6196294956268, "completition_cost": 888.8888888888888, "overshoot_cost": 3001.8790827175494, "power_cost": 33.16411602783203, "noise_cost": 28.08470559610855, "n_waypoints_completed": 1, "tot_waypoints": 9}}
{"target": -25935.94788597665, "params": {"k_pid_pos": [1.0751643180847168, 0.008650898933410645, 1.2695789337158203e-05], "k_pid_alt": [2.0, 0.0, 0.1661747694015503], "k_pid_att": [0.0, 9.999999747378752e-05, 0.6168035864830017], "k_pid_yaw": [0.5, 1e-06, 0.1], "k_pid_hsp": [6.252526760101318, 0.6696457862854004, 0.5997496843338013], "k_pid_vsp": [3.1870007514953613, 211.9748077392578, 14.44105052947998]}, "datetime": {"datetime": "2025-08-13 11:14:04", "elapsed": 5172.560452461243, "delta": 52.94791126251221}, "costs": {"total_cost": 25935.94788597665, "time_cost": 150, "final_distance_cost": 9121.80505140367, "oscillation_cost": 5.395883959000792, "completition_cost": 1000.0, "overshoot_cost": 15552.42369539282, "power_cost": 44.58681380615234, "noise_cost": 61.73644141500575, "n_waypoints_completed": 0, "tot_waypoints": 9}}
{"target": -2339.0671950942797, "params": {"k_pid_pos": [1.918259859085083, 0.7792741060256958, 1.430511474609375e-06], "k_pid_alt": [2.0, 0.9974697828292847, 0.01498672366142273], "k_pid_att": [100.0, 9.999999747378752e-05, 0.6350190043449402], "k_pid_yaw": [0.5, 1e-06, 0.1], "k_pid_hsp": [1.8371278047561646, 0.7675762176513672, 0.8328744173049927], "k_pid_vsp": [3.9217591285705566, 93.89922332763672, 304.0986633300781]}, "datetime": {"datetime": "2025-08-13 11:14:56", "elapsed": 5224.903448104858, "delta": 52.34299564361572}, "costs": {"total_cost": 2339.0671950942797, "time_cost": 150, "final_distance_cost": 442.80640383404165, "oscillation_cost": 143.63220742053892, "completition_cost": 1000.0, "overshoot_cost": 517.8634289981596, "power_cost": 35.453369653320316, "noise_cost": 49.31178518821957, "n_waypoints_completed": 0, "tot_waypoints": 9}}
{"target": -8436.022833666344, "params": {"k_pid_pos": [0.4396529495716095, 0.6557152271270752, 0.000549614429473877], "k_pid_alt": [1.66990065574646, 0.001693814992904663, 0.9928365349769592], "k_pid_att": [0.16551613807678223, 10.0, 0.9293899536132812], "k_pid_yaw": [0.5, 1e-06, 0.1], "k_pid_hsp": [3.763829469680786, 0.6769176721572876, 0.596164345741272], "k_pid_vsp": [46.95603942871094, 126.89189910888672, 336.2265625]}, "datetime": {"datetime": "2025-08-13 11:15:49", "elapsed": 5277.883591413498, "delta": 52.980143308639526}, "costs": {"total_cost": 8436.022833666344, "time_cost": 150, "final_distance_cost": 1503.3654857106294, "oscillation_cost": 2014.7593813506967, "completition_cost": 1000.0, "overshoot_cost": 3560.558098057512, "power_cost": 55.140164001464846, "noise_cost": 152.19970454604112, "n_waypoints_completed": 0, "tot_waypoints": 9}}
{"target": -1715.2348030765775, "params": {"k_pid_pos": [1.7441054582595825, 0.49184632301330566, 0.018635600805282593], "k_pid_alt": [0.0, 0.00038242340087890625, 0.6959296464920044], "k_pid_att": [40.11566925048828, 0.00010029802069766447, 0.04268985986709595], "k_pid_yaw": [0.5, 1e-06, 0.1], "k_pid_hsp": [9.693438529968262, 0.3212752640247345, 0.05438840389251709], "k_pid_vsp": [1.3118386268615723, 83.89723205566406, 306.02191162109375]}, "datetime": {"datetime": "2025-08-13 11:16:43", "elapsed": 5331.52946972847, "delta": 53.645878314971924}, "costs": {"total_cost": 1715.2348030765775, "time_cost": 150, "final_distance_cost": 74.93852470880886, "oscillation_cost": 477.39952319484394, "completition_cost": 777.7777777777778, "overshoot_cost": 143.17680355904378, "power_cost": 34.09817561035156, "noise_cost": 57.843998225751534, "n_waypoints_completed": 2, "tot_waypoints": 9}}
{"target": -6134.633294618696, "params": {"k_pid_pos": [0.3274347186088562, 0.30485421419143677, 0.026480287313461304], "k_pid_alt": [0.4547700881958008, 0.007560640573501587, 0.8520470261573792], "k_pid_att": [2.9802322387695312e-06, 0.0001351663813693449, 0.7560548782348633], "k_pid_yaw": [0.5, 1e-06, 0.1], "k_pid_hsp": [9.47813892364502, 0.9107015132904053, 0.41866573691368103], "k_pid_vsp": [0.05658864974975586, 237.64186096191406, 56.13019561767578]}, "datetime": {"datetime": "2025-08-13 11:17:36", "elapsed": 5384.387782335281, "delta": 52.85831260681152}, "costs": {"total_cost": 6134.633294618696, "time_cost": 150, "final_distance_cost": 1564.5306944951046, "oscillation_cost": 1.755204715582663, "completition_cost": 1000.0, "overshoot_cost": 3365.4554798247027, "power_cost": 28.825561181640627, "noise_cost": 24.066354401664857, "n_waypoints_completed": 0, "tot_waypoints": 9}}
{"target": -360.0670963716222, "params": {"k_pid_pos": [1.4832719564437866, 0.441208153963089, 3.948807716369629e-05], "k_pid_alt": [1.0902187824249268, 0.0, 0.23644199967384338], "k_pid_att": [73.87972259521484, 9.996016502380371, 0.9052135944366455], "k_pid_yaw": [0.5, 1e-06, 0.1], "k_pid_hsp": [8.875131607055664, 0.6599512100219727, 0.11348211765289307], "k_pid_vsp": [0.0, 288.22900390625, 29.254831314086914]}, "datetime": {"datetime": "2025-08-13 11:18:20", "elapsed": 5429.064331293106, "delta": 44.67654895782471}, "costs": {"total_cost": 360.0670963716222, "time_cost": 99.61, "final_distance_cost": 1.7762709660035736, "oscillation_cost": 148.64669448096407, "completition_cost": 0.0, "overshoot_cost": 52.653929482501916, "power_cost": 32.330709375000005, "noise_cost": 25.04949206715262, "n_waypoints_completed": 9, "tot_waypoints": 9}}
{"target": -4601.42641000631, "params": {"k_pid_pos": [1.2630386352539062, 0.40273165702819824, 0.0], "k_pid_alt": [0.016700327396392822, 0.9927401542663574, 0.09471654891967773], "k_pid_att": [0.0007480382919311523, 0.00010029802069766447, 0.8311790227890015], "k_pid_yaw": [0.5, 1e-06, 0.1], "k_pid_hsp": [6.972429275512695, 0.8669716715812683, 0.3188543915748596], "k_pid_vsp": [394.3699951171875, 262.77044677734375, 8.727837562561035]}, "datetime": {"datetime": "2025-08-13 11:19:13", "elapsed": 5481.36398100853, "delta": 52.299649715423584}, "costs": {"total_cost": 4601.42641000631, "time_cost": 150, "final_distance_cost": 858.4173787195866, "oscillation_cost": 2.898257141008671, "completition_cost": 1000.0, "overshoot_cost": 2545.5828593392466, "power_cost": 16.45348017578125, "noise_cost": 28.07443463068721, "n_waypoints_completed": 0, "tot_waypoints": 9}}
{"target": -16844.708239685813, "params": {"k_pid_pos": [1.5323975086212158, 0.905868411064148, 0.9985154867172241], "k_pid_alt": [2.384185791015625e-06, 0.999985933303833, 0.9181132316589355], "k_pid_att": [0.0, 9.991362571716309, 0.09332719445228577], "k_pid_yaw": [0.5, 1e-06, 0.1], "k_pid_hsp": [9.401754379272461, 0.05935025215148926, 0.21560978889465332], "k_pid_vsp": [399.994384765625, 127.21749877929688, 281.53662109375]}, "datetime": {"datetime": "2025-08-13 11:20:06", "elapsed": 5534.430543899536, "delta": 53.06656289100647}, "costs": {"total_cost": 16844.708239685813, "time_cost": 150, "final_distance_cost": 4542.696610451557, "oscillation_cost": 2020.4882463462063, "completition_cost": 1000.0, "overshoot_cost": 8928.355724062987, "power_cost": 57.98513784179688, "noise_cost": 145.18252098326792, "n_waypoints_completed": 0, "tot_waypoints": 9}}
