{"target": -1137.5898905798886, "params": {"k_pid_pos": [0.06067126616835594, 0.032409995794296265, 0.001982659101486206], "k_pid_alt": [0.00046390295028686523, 1.0, 0.9944878816604614], "k_pid_att": [43.81493377685547, 9.994800567626953, 0.9607846736907959], "k_pid_yaw": [0.5, 1e-06, 0.1], "k_pid_hsp": [9.81702995300293, 0.9452767372131348, 0.034019798040390015], "k_pid_vsp": [326.7724914550781, 389.7113037109375, 36.86665344238281]}, "datetime": {"datetime": "2025-08-13 21:16:44", "elapsed": 41332.19977378845, "delta": 30.6271710395813}, "costs": {"total_cost": 1137.5898905798886, "time_cost": 150, "final_distance_cost": 53.73411751783376, "oscillation_cost": 115.80202977037929, "completition_cost": 666.6666666666667, "overshoot_cost": 81.7418985930992, "power_cost": 35.8290705444336, "noise_cost": 33.816107487476025, "n_waypoints_completed": 3, "tot_waypoints": 9}}
{"target": -1584.4795476174236, "params": {"k_pid_pos": [0.053694892674684525, 0.07938086986541748, 0.12515577673912048], "k_pid_alt": [1.430511474609375e-06, 0.9999978542327881, 0.9590693712234497], "k_pid_att": [99.0555191040039, 9.999999747378752e-05, 0.9797511100769043], "k_pid_yaw": [0.5, 1e-06, 0.1], "k_pid_hsp": [9.861254692077637, 0.9807242751121521, 0.08108788728713989], "k_pid_vsp": [400.0, 391.1800842285156, 2.034235954284668]}, "datetime": {"datetime": "2025-08-13 21:17:12", "elapsed": 41360.4437456131, "delta": 28.243971824645996}, "costs": {"total_cost": 1584.4795476174236, "time_cost": 150, "final_distance_cost": 56.51016838664226, "oscillation_cost": 576.8106195973369, "completition_cost": 666.6666666666667, "overshoot_cost": 79.11853442991061, "power_cost": 28.455012426757815, "noise_cost": 26.918546110109357, "n_waypoints_completed": 3, "tot_waypoints": 9}}
{"target": -1156.0844036457227, "params": {"k_pid_pos": [0.05784757807850838, 0.05732792615890503, 0.19552767276763916], "k_pid_alt": [0.0, 1.0, 0.9767895936965942], "k_pid_att": [100.0, 0.00010268217738484964, 0.9651023149490356], "k_pid_yaw": [0.5, 1e-06, 0.1], "k_pid_hsp": [9.946337699890137, 0.975706934928894, 0.013892024755477905], "k_pid_vsp": [400.0, 390.0071716308594, 6.034244060516357]}, "datetime": {"datetime": "2025-08-13 21:17:41", "elapsed": 41389.62717962265, "delta": 29.183434009552002}, "costs": {"total_cost": 1156.0844036457227, "time_cost": 150, "final_distance_cost": 72.4689704043135, "oscillation_cost": 135.00932052097275, "completition_cost": 666.6666666666667, "overshoot_cost": 78.10479451221077, "power_cost": 24.32831961669922, "noise_cost": 29.506331924859683, "n_waypoints_completed": 3, "tot_waypoints": 9}}
{"target": -1192.7835177717895, "params": {"k_pid_pos": [0.023601889610290527, 0.027888715267181396, 0.04263010621070862], "k_pid_alt": [7.277727127075195e-05, 1.0, 0.9694390296936035], "k_pid_att": [100.0, 9.999999747378752e-05, 0.9455636739730835], "k_pid_yaw": [0.5, 1e-06, 0.1], "k_pid_hsp": [9.178122520446777, 0.9398736953735352, 0.023152977228164673], "k_pid_vsp": [0.10428428649902344, 388.40838623046875, 3.6540279388427734]}, "datetime": {"datetime": "2025-08-13 21:18:10", "elapsed": 41418.36069512367, "delta": 28.73351550102234}, "costs": {"total_cost": 1192.7835177717895, "time_cost": 150, "final_distance_cost": 81.99910584726639, "oscillation_cost": 44.594748571233715, "completition_cost": 777.7777777777778, "overshoot_cost": 86.42184394495813, "power_cost": 28.01516247558594, "noise_cost": 23.974879154967745, "n_waypoints_completed": 2, "tot_waypoints": 9}}
{"target": -1270.0749269742112, "params": {"k_pid_pos": [0.017227908596396446, 0.16174030303955078, 0.006227642297744751], "k_pid_alt": [0.0, 0.9999178647994995, 0.9570566415786743], "k_pid_att": [100.0, 9.999999747378752e-05, 0.9873179197311401], "k_pid_yaw": [0.5, 1e-06, 0.1], "k_pid_hsp": [9.758899688720703, 0.9636983275413513, 0.0405651330947876], "k_pid_vsp": [9.552658081054688, 395.99725341796875, 24.625696182250977]}, "datetime": {"datetime": "2025-08-13 21:18:40", "elapsed": 41449.106024980545, "delta": 30.74532985687256}, "costs": {"total_cost": 1270.0749269742112, "time_cost": 150, "final_distance_cost": 80.82940496260078, "oscillation_cost": 134.62870211218225, "completition_cost": 777.7777777777778, "overshoot_cost": 68.72304954341413, "power_cost": 30.52683825683594, "noise_cost": 27.589154321400212, "n_waypoints_completed": 2, "tot_waypoints": 9}}
{"target": -691.2723079482917, "params": {"k_pid_pos": [0.7242531776428223, 0.02816978096961975, 0.06938344240188599], "k_pid_alt": [0.0, 1.0, 0.9961591958999634], "k_pid_att": [99.99993133544922, 9.999999747378752e-05, 0.9396226406097412], "k_pid_yaw": [0.5, 1e-06, 0.1], "k_pid_hsp": [9.444524765014648, 0.9808964729309082, 0.14092236757278442], "k_pid_vsp": [400.0, 378.51220703125, 2.9905686378479004]}, "datetime": {"datetime": "2025-08-13 21:19:09", "elapsed": 41477.17557001114, "delta": 28.069545030593872}, "costs": {"total_cost": 691.2723079482917, "time_cost": 110.187, "final_distance_cost": 1.8230390970728787, "oscillation_cost": 449.30753363846907, "completition_cost": 0.0, "overshoot_cost": 68.50522756661371, "power_cost": 33.15300767822266, "noise_cost": 28.296499967913235, "n_waypoints_completed": 9, "tot_waypoints": 9}}
{"target": -1777.2047368783008, "params": {"k_pid_pos": [0.11005732417106628, 0.005846261978149414, 0.2661428451538086], "k_pid_alt": [0.0003458857536315918, 1.0, 0.9973183870315552], "k_pid_att": [100.0, 9.999999747378752e-05, 0.986314058303833], "k_pid_yaw": [0.5, 1e-06, 0.1], "k_pid_hsp": [9.89337158203125, 0.9666165113449097, 0.34640830755233765], "k_pid_vsp": [400.0, 398.2242431640625, 1.3394603729248047]}, "datetime": {"datetime": "2025-08-13 21:19:39", "elapsed": 41508.106550216675, "delta": 30.93098020553589}, "costs": {"total_cost": 1777.2047368783008, "time_cost": 150, "final_distance_cost": 83.1886946137208, "oscillation_cost": 750.1454730436068, "completition_cost": 666.6666666666667, "overshoot_cost": 64.66929942251365, "power_cost": 33.91145938720703, "noise_cost": 28.62314374458584, "n_waypoints_completed": 3, "tot_waypoints": 9}}
{"target": -1091.840725377911, "params": {"k_pid_pos": [0.12190303206443787, 0.04663810133934021, 0.008225888013839722], "k_pid_alt": [0.0, 0.9999110698699951, 0.9789921045303345], "k_pid_att": [100.0, 0.00010059603664558381, 0.9944467544555664], "k_pid_yaw": [0.5, 1e-06, 0.1], "k_pid_hsp": [9.613489151000977, 0.9843403100967407, 0.029645919799804688], "k_pid_vsp": [400.0, 383.308349609375, 14.928794860839844]}, "datetime": {"datetime": "2025-08-13 21:20:09", "elapsed": 41537.32459259033, "delta": 29.218042373657227}, "costs": {"total_cost": 1091.840725377911, "time_cost": 150, "final_distance_cost": 48.27398882254407, "oscillation_cost": 211.54440965052595, "completition_cost": 555.5555555555555, "overshoot_cost": 68.81703740594855, "power_cost": 27.845780212402346, "noise_cost": 29.80395373093437, "n_waypoints_completed": 4, "tot_waypoints": 9}}
{"target": -1064.3317271056117, "params": {"k_pid_pos": [0.0838213860988617, 0.03669118881225586, 0.03363490104675293], "k_pid_alt": [0.0, 0.9975579977035522, 0.9769942760467529], "k_pid_att": [99.99951171875, 0.0001301000447710976, 0.977273166179657], "k_pid_yaw": [0.5, 1e-06, 0.1], "k_pid_hsp": [9.527050018310547, 0.9955019950866699, 0.011598408222198486], "k_pid_vsp": [400.0, 376.9432678222656, 7.290721893310547]}, "datetime": {"datetime": "2025-08-13 21:20:39", "elapsed": 41567.13660240173, "delta": 29.812009811401367}, "costs": {"total_cost": 1064.3317271056117, "time_cost": 150, "final_distance_cost": 51.414207247950664, "oscillation_cost": 76.78216262053198, "completition_cost": 666.6666666666667, "overshoot_cost": 70.47676945072577, "power_cost": 17.881184118652346, "noise_cost": 31.11073700108419, "n_waypoints_completed": 3, "tot_waypoints": 9}}
{"target": -1788.653078709691, "params": {"k_pid_pos": [0.0863160714507103, 0.01090770959854126, 0.008852779865264893], "k_pid_alt": [0.0, 0.06332457065582275, 0.9892137050628662], "k_pid_att": [89.24117279052734, 9.999999747378752e-05, 0.9253438115119934], "k_pid_yaw": [0.5, 1e-06, 0.1], "k_pid_hsp": [9.87283992767334, 0.9920990467071533, 0.06825846433639526], "k_pid_vsp": [400.0, 398.8600158691406, 52.48991394042969]}, "datetime": {"datetime": "2025-08-13 21:21:09", "elapsed": 41597.20240664482, "delta": 30.06580424308777}, "costs": {"total_cost": 1788.653078709691, "time_cost": 150, "final_distance_cost": 84.87044824948003, "oscillation_cost": 659.3757476560811, "completition_cost": 777.7777777777778, "overshoot_cost": 59.774407616690816, "power_cost": 29.942238488769533, "noise_cost": 26.912458920891872, "n_waypoints_completed": 2, "tot_waypoints": 9}}
{"target": -1306.5641241571218, "params": {"k_pid_pos": [0.006512125488370657, 0.009917348623275757, 0.027972787618637085], "k_pid_alt": [0.0, 0.998083233833313, 0.9910832643508911], "k_pid_att": [100.0, 0.012262205593287945, 0.7631794214248657], "k_pid_yaw": [0.5, 1e-06, 0.1], "k_pid_hsp": [9.915313720703125, 0.9518629908561707, 0.027777403593063354], "k_pid_vsp": [400.0, 379.44110107421875, 3.9402971267700195]}, "datetime": {"datetime": "2025-08-13 21:21:38", "elapsed": 41626.44376373291, "delta": 29.24135708808899}, "costs": {"total_cost": 1306.5641241571218, "time_cost": 150, "final_distance_cost": 50.42721526869162, "oscillation_cost": 58.99282020493628, "completition_cost": 888.8888888888888, "overshoot_cost": 98.77703292974314, "power_cost": 28.38695244140625, "noise_cost": 31.091214423455543, "n_waypoints_completed": 1, "tot_waypoints": 9}}
{"target": -1023.8952988318033, "params": {"k_pid_pos": [0.25612297654151917, 0.06273183226585388, 0.04172861576080322], "k_pid_alt": [0.0007722973823547363, 1.0, 0.9818575382232666], "k_pid_att": [100.0, 0.00017390900757163763, 0.9873371720314026], "k_pid_yaw": [0.5, 1e-06, 0.1], "k_pid_hsp": [9.046273231506348, 0.8488150835037231, 0.0733959972858429], "k_pid_vsp": [400.0, 367.5505676269531, 1.1669526100158691]}, "datetime": {"datetime": "2025-08-13 21:22:07", "elapsed": 41655.647904872894, "delta": 29.20414113998413}, "costs": {"total_cost": 1023.8952988318033, "time_cost": 150, "final_distance_cost": 56.122565721836175, "oscillation_cost": 359.04632637265905, "completition_cost": 333.33333333333337, "overshoot_cost": 60.1356711116501, "power_cost": 33.41369145507813, "noise_cost": 31.84371083724631, "n_waypoints_completed": 6, "tot_waypoints": 9}}
{"target": -1228.5760849175647, "params": {"k_pid_pos": [0.01808265596628189, 0.03549933433532715, 0.02365991473197937], "k_pid_alt": [0.0, 1.0, 0.9725778102874756], "k_pid_att": [99.9999771118164, 9.999999747378752e-05, 0.9635343551635742], "k_pid_yaw": [0.5, 1e-06, 0.1], "k_pid_hsp": [9.575965881347656, 0.9886564612388611, 0.05787479877471924], "k_pid_vsp": [400.0, 382.69879150390625, 13.15926456451416]}, "datetime": {"datetime": "2025-08-13 21:22:37", "elapsed": 41685.65893936157, "delta": 30.01103448867798}, "costs": {"total_cost": 1228.5760849175647, "time_cost": 150, "final_distance_cost": 76.80404033065834, "oscillation_cost": 73.71888999728606, "completition_cost": 777.7777777777778, "overshoot_cost": 90.50872078523406, "power_cost": 31.739827502441408, "noise_cost": 28.02682852416712, "n_waypoints_completed": 2, "tot_waypoints": 9}}
{"target": -1233.7847342256782, "params": {"k_pid_pos": [0.010874192230403423, 0.154441237449646, 0.04084688425064087], "k_pid_alt": [1.9390113353729248, 1.0, 0.9484535455703735], "k_pid_att": [100.0, 9.999999747378752e-05, 0.9918662905693054], "k_pid_yaw": [0.5, 1e-06, 0.1], "k_pid_hsp": [8.83887004852295, 0.960702657699585, 0.005161970853805542], "k_pid_vsp": [400.0, 339.20660400390625, 31.18007469177246]}, "datetime": {"datetime": "2025-08-13 21:23:06", "elapsed": 41714.23083806038, "delta": 28.571898698806763}, "costs": {"total_cost": 1233.7847342256782, "time_cost": 150, "final_distance_cost": 64.85450502049774, "oscillation_cost": 42.437567382070135, "completition_cost": 888.8888888888888, "overshoot_cost": 38.595551585648, "power_cost": 23.33040601806641, "noise_cost": 25.677815330506913, "n_waypoints_completed": 1, "tot_waypoints": 9}}
{"target": -1180.403161298968, "params": {"k_pid_pos": [0.06155944988131523, 0.013873964548110962, 0.060119807720184326], "k_pid_alt": [8.034706115722656e-05, 0.9990806579589844, 0.9926733374595642], "k_pid_att": [100.0, 9.999999747378752e-05, 0.9714992046356201], "k_pid_yaw": [0.5, 1e-06, 0.1], "k_pid_hsp": [9.20785903930664, 0.9675421714782715, 0.00860065221786499], "k_pid_vsp": [400.0, 398.2395935058594, 8.09639835357666]}, "datetime": {"datetime": "2025-08-13 21:23:35", "elapsed": 41743.92837071419, "delta": 29.697532653808594}, "costs": {"total_cost": 1180.403161298968, "time_cost": 150, "final_distance_cost": 83.74392820268878, "oscillation_cost": 41.56603534388728, "completition_cost": 777.7777777777778, "overshoot_cost": 68.42076040384666, "power_cost": 29.76279207763672, "noise_cost": 29.131867493130898, "n_waypoints_completed": 2, "tot_waypoints": 9}}
{"target": -1361.3875545735823, "params": {"k_pid_pos": [0.085665762424469, 0.40392011404037476, 0.2332284152507782], "k_pid_alt": [0.0039934515953063965, 0.9984796047210693, 0.9745427966117859], "k_pid_att": [100.0, 9.999999747378752e-05, 0.9866492748260498], "k_pid_yaw": [0.5, 1e-06, 0.1], "k_pid_hsp": [9.700854301452637, 0.931581974029541, 0.04676932096481323], "k_pid_vsp": [400.0, 365.6407470703125, 26.985742568969727]}, "datetime": {"datetime": "2025-08-13 21:24:06", "elapsed": 41774.70012760162, "delta": 30.771756887435913}, "costs": {"total_cost": 1361.3875545735823, "time_cost": 150, "final_distance_cost": 88.55790839658447, "oscillation_cost": 236.71699719206524, "completition_cost": 777.7777777777778, "overshoot_cost": 51.68607592803193, "power_cost": 29.978597583007815, "noise_cost": 26.67019769611515, "n_waypoints_completed": 2, "tot_waypoints": 9}}
{"target": -1200.7524854524524, "params": {"k_pid_pos": [0.033356957137584686, 0.034462034702301025, 0.043407142162323], "k_pid_alt": [0.11935937404632568, 0.9999994039535522, 0.9320590496063232], "k_pid_att": [100.0, 0.00010059603664558381, 0.9819481372833252], "k_pid_yaw": [0.5, 1e-06, 0.1], "k_pid_hsp": [9.43867301940918, 0.9007047414779663, 0.006140083074569702], "k_pid_vsp": [400.0, 394.5169677734375, 1.0438332557678223]}, "datetime": {"datetime": "2025-08-13 21:24:36", "elapsed": 41804.37036561966, "delta": 29.67023801803589}, "costs": {"total_cost": 1200.7524854524524, "time_cost": 150, "final_distance_cost": 77.59382229488536, "oscillation_cost": 66.18402121949701, "completition_cost": 777.7777777777778, "overshoot_cost": 80.61777606744795, "power_cost": 19.728176513671876, "noise_cost": 28.85091157917259, "n_waypoints_completed": 2, "tot_waypoints": 9}}
{"target": -1089.3110855875839, "params": {"k_pid_pos": [0.266414999961853, 0.15623515844345093, 0.04433131217956543], "k_pid_alt": [0.0, 1.0, 0.9712388515472412], "k_pid_att": [100.0, 9.999999747378752e-05, 0.9939732551574707], "k_pid_yaw": [0.5, 1e-06, 0.1], "k_pid_hsp": [8.874690055847168, 0.9940338134765625, 0.09144607186317444], "k_pid_vsp": [399.9995422363281, 396.9656677246094, 20.910730361938477]}, "datetime": {"datetime": "2025-08-13 21:25:06", "elapsed": 41834.804052591324, "delta": 30.43368697166443}, "costs": {"total_cost": 1089.3110855875839, "time_cost": 150, "final_distance_cost": 53.400511150388375, "oscillation_cost": 423.31698983197197, "completition_cost": 333.33333333333337, "overshoot_cost": 61.92977478890952, "power_cost": 36.880596350097655, "noise_cost": 30.44988013288309, "n_waypoints_completed": 6, "tot_waypoints": 9}}
{"target": -1093.4687930706968, "params": {"k_pid_pos": [0.07536593824625015, 0.07776564359664917, 0.04627320170402527], "k_pid_alt": [4.76837158203125e-07, 1.0, 0.9871273040771484], "k_pid_att": [100.0, 9.999999747378752e-05, 0.9541569352149963], "k_pid_yaw": [0.5, 1e-06, 0.1], "k_pid_hsp": [9.902228355407715, 0.984053373336792, 0.017995685338974], "k_pid_vsp": [400.0, 383.21636962890625, 5.875326156616211]}, "datetime": {"datetime": "2025-08-13 21:25:43", "elapsed": 41871.20322775841, "delta": 36.39917516708374}, "costs": {"total_cost": 1093.4687930706968, "time_cost": 150, "final_distance_cost": 54.16099362911241, "oscillation_cost": 94.86922102780976, "completition_cost": 666.6666666666667, "overshoot_cost": 71.8703663050089, "power_cost": 23.932366931152345, "noise_cost": 31.96917851094657, "n_waypoints_completed": 3, "tot_waypoints": 9}}
{"target": -1106.47614248418, "params": {"k_pid_pos": [0.04324755445122719, 0.039997637271881104, 0.010400205850601196], "k_pid_alt": [0.0, 1.0, 0.9610438942909241], "k_pid_att": [100.0, 9.999999747378752e-05, 0.9524222612380981], "k_pid_yaw": [0.5, 1e-06, 0.1], "k_pid_hsp": [9.950684547424316, 0.9888813495635986, 0.025444865226745605], "k_pid_vsp": [400.0, 394.7409973144531, 44.61674499511719]}, "datetime": {"datetime": "2025-08-13 21:26:14", "elapsed": 41902.11800909042, "delta": 30.91478133201599}, "costs": {"total_cost": 1106.47614248418, "time_cost": 150, "final_distance_cost": 69.67948080455672, "oscillation_cost": 65.50495660146669, "completition_cost": 666.6666666666667, "overshoot_cost": 85.28043877698421, "power_cost": 37.84644537353516, "noise_cost": 31.498154260970523, "n_waypoints_completed": 3, "tot_waypoints": 9}}
{"target": -1219.704037516249, "params": {"k_pid_pos": [0.07044701278209686, 0.03067922592163086, 0.2460263967514038], "k_pid_alt": [0.0, 1.0, 0.956300675868988], "k_pid_att": [100.0, 9.999999747378752e-05, 0.9845106601715088], "k_pid_yaw": [0.5, 1e-06, 0.1], "k_pid_hsp": [9.76959228515625, 0.9912030696868896, 0.007443457841873169], "k_pid_vsp": [399.97705078125, 392.32525634765625, 20.050491333007812]}, "datetime": {"datetime": "2025-08-13 21:26:43", "elapsed": 41932.08218717575, "delta": 29.96417808532715}, "costs": {"total_cost": 1219.704037516249, "time_cost": 150, "final_distance_cost": 94.67351503166995, "oscillation_cost": 75.2160890017329, "completition_cost": 777.7777777777778, "overshoot_cost": 66.5312382098878, "power_cost": 27.566024938964844, "noise_cost": 27.939392556215573, "n_waypoints_completed": 2, "tot_waypoints": 9}}
{"target": -1177.3318176229284, "params": {"k_pid_pos": [0.016416611149907112, 0.032418012619018555, 0.048807382583618164], "k_pid_alt": [0.0, 1.0, 0.9933674931526184], "k_pid_att": [100.0, 9.999999747378752e-05, 0.9680818915367126], "k_pid_yaw": [0.5, 1e-06, 0.1], "k_pid_hsp": [9.783267974853516, 0.9872992038726807, 0.027238011360168457], "k_pid_vsp": [365.5321960449219, 382.72406005859375, 14.710177421569824]}, "datetime": {"datetime": "2025-08-13 21:27:13", "elapsed": 41961.6337120533, "delta": 29.551524877548218}, "costs": {"total_cost": 1177.3318176229284, "time_cost": 150, "final_distance_cost": 64.51449572427202, "oscillation_cost": 53.92867122657607, "completition_cost": 777.7777777777778, "overshoot_cost": 77.75376877741034, "power_cost": 25.823792382812503, "noise_cost": 27.53331173407949, "n_waypoints_completed": 2, "tot_waypoints": 9}}
{"target": -1190.0873368757887, "params": {"k_pid_pos": [0.04307089373469353, 0.006175577640533447, 0.01799333095550537], "k_pid_alt": [0.0, 1.0, 0.926025927066803], "k_pid_att": [100.0, 9.999999747378752e-05, 0.9855400919914246], "k_pid_yaw": [0.5, 1e-06, 0.1], "k_pid_hsp": [9.859223365783691, 0.9926145672798157, 0.008001506328582764], "k_pid_vsp": [385.5110778808594, 396.5465087890625, 8.827615737915039]}, "datetime": {"datetime": "2025-08-13 21:27:43", "elapsed": 41991.56619000435, "delta": 29.932477951049805}, "costs": {"total_cost": 1190.0873368757887, "time_cost": 150, "final_distance_cost": 86.91631032053913, "oscillation_cost": 54.133895174121186, "completition_cost": 777.7777777777778, "overshoot_cost": 68.9947007125589, "power_cost": 23.807685070800783, "noise_cost": 28.45696781999102, "n_waypoints_completed": 2, "tot_waypoints": 9}}
{"target": -1638.4954677391468, "params": {"k_pid_pos": [0.022528821602463722, 0.03819742798805237, 0.15181571245193481], "k_pid_alt": [0.0, 1.0, 0.7701601982116699], "k_pid_att": [100.0, 9.999999747378752e-05, 0.870288610458374], "k_pid_yaw": [0.5, 1e-06, 0.1], "k_pid_hsp": [8.796368598937988, 0.9859064817428589, 0.061930328607559204], "k_pid_vsp": [18.70915985107422, 382.8915100097656, 24.378755569458008]}, "datetime": {"datetime": "2025-08-13 21:28:12", "elapsed": 42020.5192296505, "delta": 28.95303964614868}, "costs": {"total_cost": 1638.4954677391468, "time_cost": 150, "final_distance_cost": 85.39183721163741, "oscillation_cost": 475.55236803015976, "completition_cost": 777.7777777777778, "overshoot_cost": 86.40002162624512, "power_cost": 37.16859317626953, "noise_cost": 26.204869917057053, "n_waypoints_completed": 2, "tot_waypoints": 9}}
{"target": -1475.380160571435, "params": {"k_pid_pos": [0.356546550989151, 0.021602362394332886, 0.042562901973724365], "k_pid_alt": [0.0, 2.980232238769531e-07, 0.983249306678772], "k_pid_att": [100.0, 9.999999747378752e-05, 0.9831097722053528], "k_pid_yaw": [0.5, 1e-06, 0.1], "k_pid_hsp": [9.99821949005127, 0.9895870685577393, 0.004090845584869385], "k_pid_vsp": [324.436767578125, 392.4609680175781, 17.93239402770996]}, "datetime": {"datetime": "2025-08-13 21:28:42", "elapsed": 42050.45456314087, "delta": 29.935333490371704}, "costs": {"total_cost": 1475.380160571435, "time_cost": 150, "final_distance_cost": 1.0000000093060897, "oscillation_cost": 5.55453759685084, "completition_cost": 1000.0, "overshoot_cost": 163.07611562339596, "power_cost": 14.837663500976563, "noise_cost": 140.91184384090562, "n_waypoints_completed": 0, "tot_waypoints": 9}}
