{"target": -1217.8719188676773, "params": {"k_pid_pos": [0.05127899721264839, 0.018639951944351196, 0.02195519208908081], "k_pid_alt": [0.0, 1.0, 0.9724643230438232], "k_pid_att": [100.0, 9.999999747378752e-05, 0.7620364427566528], "k_pid_yaw": [0.5, 1e-06, 0.1], "k_pid_hsp": [9.77754020690918, 0.9302473068237305, 0.012432903051376343], "k_pid_vsp": [400.0, 391.36834716796875, 6.681085586547852]}, "datetime": {"datetime": "2025-08-13 20:03:01", "elapsed": 36909.178855895996, "delta": 28.43393898010254}, "costs": {"total_cost": 1217.8719188676773, "time_cost": 150, "final_distance_cost": 82.18760567259919, "oscillation_cost": 78.97333101642162, "completition_cost": 777.7777777777778, "overshoot_cost": 71.5644560066758, "power_cost": 26.173912927246096, "noise_cost": 31.194835466956622, "n_waypoints_completed": 2, "tot_waypoints": 9}}
{"target": -1094.0123283544278, "params": {"k_pid_pos": [0.1343713402748108, 0.024478375911712646, 0.01577836275100708], "k_pid_alt": [0.0, 0.9915424585342407, 0.9754670262336731], "k_pid_att": [100.0, 9.999999747378752e-05, 0.9684644937515259], "k_pid_yaw": [0.5, 1e-06, 0.1], "k_pid_hsp": [9.75577449798584, 0.9903068542480469, 0.049353837966918945], "k_pid_vsp": [400.0, 371.44146728515625, 9.316123008728027]}, "datetime": {"datetime": "2025-08-13 20:03:30", "elapsed": 36938.74226808548, "delta": 29.563412189483643}, "costs": {"total_cost": 1094.0123283544278, "time_cost": 150, "final_distance_cost": 46.34270453899203, "oscillation_cost": 222.18777045624526, "completition_cost": 555.5555555555555, "overshoot_cost": 69.52867141517771, "power_cost": 22.689995239257815, "noise_cost": 27.70763114919945, "n_waypoints_completed": 4, "tot_waypoints": 9}}
{"target": -1176.9816417437867, "params": {"k_pid_pos": [0.03624006733298302, 0.055476754903793335, 0.036815375089645386], "k_pid_alt": [0.00021564960479736328, 0.9999953508377075, 0.9899452924728394], "k_pid_att": [100.0, 9.999999747378752e-05, 0.9882974624633789], "k_pid_yaw": [0.5, 1e-06, 0.1], "k_pid_hsp": [9.966558456420898, 0.9874818325042725, 0.035789042711257935], "k_pid_vsp": [399.99993896484375, 378.5558166503906, 2.8488287925720215]}, "datetime": {"datetime": "2025-08-13 20:04:00", "elapsed": 36968.89753484726, "delta": 30.155266761779785}, "costs": {"total_cost": 1176.9816417437867, "time_cost": 150, "final_distance_cost": 66.08255854617036, "oscillation_cost": 150.98719189442932, "completition_cost": 666.6666666666667, "overshoot_cost": 90.90499715023206, "power_cost": 23.767771337890625, "noise_cost": 28.572456148397666, "n_waypoints_completed": 3, "tot_waypoints": 9}}
{"target": -1054.8816980179536, "params": {"k_pid_pos": [0.0787910670042038, 0.06133785843849182, 0.10963216423988342], "k_pid_alt": [0.0010431408882141113, 0.9971421957015991, 0.9671036005020142], "k_pid_att": [100.0, 9.999999747378752e-05, 0.947921633720398], "k_pid_yaw": [0.5, 1e-06, 0.1], "k_pid_hsp": [8.943571090698242, 0.9897818565368652, 0.004132062196731567], "k_pid_vsp": [400.0, 381.155029296875, 14.651871681213379]}, "datetime": {"datetime": "2025-08-13 20:04:29", "elapsed": 36998.06790971756, "delta": 29.170374870300293}, "costs": {"total_cost": 1054.8816980179536, "time_cost": 150, "final_distance_cost": 59.44695803828972, "oscillation_cost": 58.302142059928165, "completition_cost": 666.6666666666667, "overshoot_cost": 71.59149990892604, "power_cost": 21.898644396972657, "noise_cost": 26.97578694717019, "n_waypoints_completed": 3, "tot_waypoints": 9}}
{"target": -1756.3039882349253, "params": {"k_pid_pos": [0.28252723813056946, 0.016640961170196533, 0.24441766738891602], "k_pid_alt": [1.329183578491211e-05, 1.0, 0.9891825914382935], "k_pid_att": [100.0, 0.0005357055924832821, 0.9828420877456665], "k_pid_yaw": [0.5, 1e-06, 0.1], "k_pid_hsp": [9.692079544067383, 0.9997313618659973, 0.021053194999694824], "k_pid_vsp": [400.0, 368.8463134765625, 15.243412017822266]}, "datetime": {"datetime": "2025-08-13 20:05:00", "elapsed": 37028.163751125336, "delta": 30.09584140777588}, "costs": {"total_cost": 1756.3039882349253, "time_cost": 150, "final_distance_cost": 434.32519252625235, "oscillation_cost": 321.30853302083653, "completition_cost": 555.5555555555555, "overshoot_cost": 241.82214369634553, "power_cost": 24.61476502685547, "noise_cost": 28.677798409079863, "n_waypoints_completed": 4, "tot_waypoints": 9}}
{"target": -860.0770084738522, "params": {"k_pid_pos": [0.20610839128494263, 0.07454648613929749, 0.02900606393814087], "k_pid_alt": [0.0, 0.9992305040359497, 0.9722790718078613], "k_pid_att": [100.0, 9.999999747378752e-05, 0.8502745628356934], "k_pid_yaw": [0.5, 1e-06, 0.1], "k_pid_hsp": [9.884833335876465, 0.9806945323944092, 0.0015562474727630615], "k_pid_vsp": [400.0, 397.69677734375, 4.087854385375977]}, "datetime": {"datetime": "2025-08-13 20:05:29", "elapsed": 37057.588307619095, "delta": 29.424556493759155}, "costs": {"total_cost": 860.0770084738522, "time_cost": 150, "final_distance_cost": 49.241861044103416, "oscillation_cost": 101.86554846168463, "completition_cost": 444.4444444444444, "overshoot_cost": 61.71087845880388, "power_cost": 21.302883312988282, "noise_cost": 31.511392751827582, "n_waypoints_completed": 5, "tot_waypoints": 9}}
{"target": -1068.9261960706156, "params": {"k_pid_pos": [0.12078031897544861, 0.060761064291000366, 0.00883030891418457], "k_pid_alt": [2.6226043701171875e-05, 1.0, 0.9674113392829895], "k_pid_att": [97.11426544189453, 0.16480118036270142, 0.9790494441986084], "k_pid_yaw": [0.5, 1e-06, 0.1], "k_pid_hsp": [9.166919708251953, 0.9889958500862122, 0.07934468984603882], "k_pid_vsp": [400.0, 366.78045654296875, 9.619523048400879]}, "datetime": {"datetime": "2025-08-13 20:05:59", "elapsed": 37087.28096318245, "delta": 29.692655563354492}, "costs": {"total_cost": 1068.9261960706156, "time_cost": 150, "final_distance_cost": 39.44388787180201, "oscillation_cost": 182.33218011961083, "completition_cost": 555.5555555555555, "overshoot_cost": 70.81846390109348, "power_cost": 38.02898302001953, "noise_cost": 32.74712560253416, "n_waypoints_completed": 4, "tot_waypoints": 9}}
{"target": -371.22702854593797, "params": {"k_pid_pos": [0.31868797540664673, 0.04242023825645447, 0.09103971719741821], "k_pid_alt": [1.1920928955078125e-07, 0.9996082782745361, 0.9847316741943359], "k_pid_att": [99.99800872802734, 0.00010059603664558381, 0.9397487640380859], "k_pid_yaw": [0.5, 1e-06, 0.1], "k_pid_hsp": [9.1795654296875, 0.9568648934364319, 0.02429252862930298], "k_pid_vsp": [397.5947570800781, 395.6537170410156, 106.24925994873047]}, "datetime": {"datetime": "2025-08-13 20:06:27", "elapsed": 37115.15036153793, "delta": 27.86939835548401}, "costs": {"total_cost": 371.22702854593797, "time_cost": 115.71000000000001, "final_distance_cost": 1.836190427449879, "oscillation_cost": 130.7361147621644, "completition_cost": 0.0, "overshoot_cost": 68.09532594170379, "power_cost": 27.12589587402344, "noise_cost": 27.72350154059643, "n_waypoints_completed": 9, "tot_waypoints": 9}}
{"target": -1167.2257308850883, "params": {"k_pid_pos": [0.05926705151796341, 0.09732329845428467, 0.0980035662651062], "k_pid_alt": [0.0, 1.0, 0.971587598323822], "k_pid_att": [100.0, 9.98655891418457, 0.9685415029525757], "k_pid_yaw": [0.5, 1e-06, 0.1], "k_pid_hsp": [9.909990310668945, 0.9741982221603394, 0.005924522876739502], "k_pid_vsp": [400.0, 394.6041564941406, 217.52171325683594]}, "datetime": {"datetime": "2025-08-13 20:06:56", "elapsed": 37144.5499856472, "delta": 29.39962410926819}, "costs": {"total_cost": 1167.2257308850883, "time_cost": 150, "final_distance_cost": 78.93996437812127, "oscillation_cost": 40.93172492008279, "completition_cost": 777.7777777777778, "overshoot_cost": 60.31214895999901, "power_cost": 31.25932059326172, "noise_cost": 28.004794255845848, "n_waypoints_completed": 2, "tot_waypoints": 9}}
{"target": -1634.9027823448591, "params": {"k_pid_pos": [0.10119002312421799, 0.039914846420288086, 0.0511968731880188], "k_pid_alt": [0.06447070837020874, 1.0, 0.9560344815254211], "k_pid_att": [100.0, 9.999999747378752e-05, 0.9629831314086914], "k_pid_yaw": [0.5, 1e-06, 0.1], "k_pid_hsp": [9.060893058776855, 0.8987058997154236, 0.20619064569473267], "k_pid_vsp": [399.9999084472656, 336.212646484375, 2.2562990188598633]}, "datetime": {"datetime": "2025-08-13 20:07:25", "elapsed": 37173.29698228836, "delta": 28.746996641159058}, "costs": {"total_cost": 1634.9027823448591, "time_cost": 150, "final_distance_cost": 54.230259663662515, "oscillation_cost": 730.988871481003, "completition_cost": 555.5555555555555, "overshoot_cost": 75.79027528775993, "power_cost": 37.19619548339844, "noise_cost": 31.14162487347973, "n_waypoints_completed": 4, "tot_waypoints": 9}}
{"target": -1022.472384034556, "params": {"k_pid_pos": [0.08208256959915161, 0.02030608057975769, 0.023265212774276733], "k_pid_alt": [0.0, 0.14679652452468872, 0.9311150908470154], "k_pid_att": [100.0, 9.999999747378752e-05, 0.9863913655281067], "k_pid_yaw": [0.5, 1e-06, 0.1], "k_pid_hsp": [8.545012474060059, 0.9964585304260254, 0.008457660675048828], "k_pid_vsp": [400.0, 397.4112854003906, 4.770101070404053]}, "datetime": {"datetime": "2025-08-13 20:07:54", "elapsed": 37202.94266843796, "delta": 29.645686149597168}, "costs": {"total_cost": 1022.472384034556, "time_cost": 150, "final_distance_cost": 52.727758870014995, "oscillation_cost": 27.44789795891269, "completition_cost": 666.6666666666667, "overshoot_cost": 71.54402245888468, "power_cost": 20.76712169189453, "noise_cost": 33.31891638818233, "n_waypoints_completed": 3, "tot_waypoints": 9}}
{"target": -1213.277306904414, "params": {"k_pid_pos": [0.07090046256780624, 0.0033100247383117676, 0.03942707180976868], "k_pid_alt": [1.7881393432617188e-07, 1.0, 0.9877077341079712], "k_pid_att": [99.9364013671875, 9.999999747378752e-05, 0.9773908853530884], "k_pid_yaw": [0.5, 1e-06, 0.1], "k_pid_hsp": [9.841119766235352, 0.9691104888916016, 0.034236401319503784], "k_pid_vsp": [399.99951171875, 385.2442626953125, 3.977895736694336]}, "datetime": {"datetime": "2025-08-13 20:08:24", "elapsed": 37232.39778161049, "delta": 29.455113172531128}, "costs": {"total_cost": 1213.277306904414, "time_cost": 150, "final_distance_cost": 95.4565287099912, "oscillation_cost": 51.87747069494297, "completition_cost": 777.7777777777778, "overshoot_cost": 66.60252336374327, "power_cost": 37.366027087402344, "noise_cost": 34.19697927055634, "n_waypoints_completed": 2, "tot_waypoints": 9}}
{"target": -814.1356823702218, "params": {"k_pid_pos": [0.17835427820682526, 0.03746086359024048, 0.07078564167022705], "k_pid_alt": [5.4836273193359375e-06, 0.9985334873199463, 0.9859545230865479], "k_pid_att": [100.0, 0.2291744500398636, 0.9927338361740112], "k_pid_yaw": [0.5, 1e-06, 0.1], "k_pid_hsp": [9.992875099182129, 0.9802238345146179, 0.023271918296813965], "k_pid_vsp": [399.99761962890625, 386.89923095703125, 5.886579513549805]}, "datetime": {"datetime": "2025-08-13 20:08:53", "elapsed": 37262.00347542763, "delta": 29.605693817138672}, "costs": {"total_cost": 814.1356823702218, "time_cost": 150, "final_distance_cost": 65.02014506607468, "oscillation_cost": 132.47132476830353, "completition_cost": 333.33333333333337, "overshoot_cost": 68.18234910741516, "power_cost": 30.938008508300783, "noise_cost": 34.19052158679441, "n_waypoints_completed": 6, "tot_waypoints": 9}}
{"target": -1075.3408528987727, "params": {"k_pid_pos": [0.095572330057621, 0.007960408926010132, 0.04049292206764221], "k_pid_alt": [0.0, 1.0, 0.9906458854675293], "k_pid_att": [100.0, 9.999999747378752e-05, 0.8399633169174194], "k_pid_yaw": [0.5, 1e-06, 0.1], "k_pid_hsp": [9.699323654174805, 0.9777806401252747, 0.02362501621246338], "k_pid_vsp": [400.0, 382.75738525390625, 12.819422721862793]}, "datetime": {"datetime": "2025-08-13 20:09:22", "elapsed": 37290.7815322876, "delta": 28.778056859970093}, "costs": {"total_cost": 1075.3408528987727, "time_cost": 150, "final_distance_cost": 52.86439945312683, "oscillation_cost": 78.72396438196175, "completition_cost": 666.6666666666667, "overshoot_cost": 70.66446061272082, "power_cost": 26.78227862548828, "noise_cost": 29.6390831588083, "n_waypoints_completed": 3, "tot_waypoints": 9}}
{"target": -1173.8050099412053, "params": {"k_pid_pos": [0.13405902683734894, 0.07900100946426392, 0.014231115579605103], "k_pid_alt": [0.0001933574676513672, 0.999907910823822, 0.9733452200889587], "k_pid_att": [100.0, 9.999999747378752e-05, 0.9499009847640991], "k_pid_yaw": [0.5, 1e-06, 0.1], "k_pid_hsp": [9.86616039276123, 0.80966717004776, 0.06613925099372864], "k_pid_vsp": [400.0, 304.427978515625, 21.653881072998047]}, "datetime": {"datetime": "2025-08-13 20:09:52", "elapsed": 37320.52245211601, "delta": 29.740919828414917}, "costs": {"total_cost": 1173.8050099412053, "time_cost": 150, "final_distance_cost": 49.768052598876956, "oscillation_cost": 408.9657504133986, "completition_cost": 444.4444444444444, "overshoot_cost": 64.48691743966825, "power_cost": 28.34939608154297, "noise_cost": 27.79044896327428, "n_waypoints_completed": 5, "tot_waypoints": 9}}
{"target": -916.8134851777133, "params": {"k_pid_pos": [0.17030268907546997, 0.08250358700752258, 0.019151031970977783], "k_pid_alt": [0.0, 1.0, 0.8409767746925354], "k_pid_att": [100.0, 9.999999747378752e-05, 0.9461480379104614], "k_pid_yaw": [0.5, 1e-06, 0.1], "k_pid_hsp": [9.464497566223145, 0.6997033953666687, 0.0057756900787353516], "k_pid_vsp": [399.99993896484375, 384.73211669921875, 24.419023513793945]}, "datetime": {"datetime": "2025-08-13 20:10:22", "elapsed": 37350.848695755005, "delta": 30.32624363899231}, "costs": {"total_cost": 916.8134851777133, "time_cost": 150, "final_distance_cost": 43.26928354465327, "oscillation_cost": 53.61273282542154, "completition_cost": 555.5555555555555, "overshoot_cost": 60.30887963284528, "power_cost": 25.3697328125, "noise_cost": 28.69730080673762, "n_waypoints_completed": 4, "tot_waypoints": 9}}
{"target": -1012.3658964506894, "params": {"k_pid_pos": [0.10060855001211166, 0.13072359561920166, 0.019351094961166382], "k_pid_alt": [0.0, 1.0, 0.7247427701950073], "k_pid_att": [100.0, 0.00017867735004983842, 0.9495952129364014], "k_pid_yaw": [0.5, 1e-06, 0.1], "k_pid_hsp": [9.921213150024414, 0.9574207663536072, 0.01442950963973999], "k_pid_vsp": [400.0, 371.7058410644531, 0.44726234674453735]}, "datetime": {"datetime": "2025-08-13 20:10:51", "elapsed": 37379.6570687294, "delta": 28.808372974395752}, "costs": {"total_cost": 1012.3658964506894, "time_cost": 150, "final_distance_cost": 53.034444463880675, "oscillation_cost": 139.41606283577573, "completition_cost": 555.5555555555555, "overshoot_cost": 61.742841317350425, "power_cost": 20.51965615234375, "noise_cost": 32.09733612578344, "n_waypoints_completed": 4, "tot_waypoints": 9}}
{"target": -962.338562191265, "params": {"k_pid_pos": [0.14016903936862946, 0.04665723443031311, 0.08287596702575684], "k_pid_alt": [0.0, 1.0, 0.9394490718841553], "k_pid_att": [100.0, 9.999999747378752e-05, 0.9538165330886841], "k_pid_yaw": [0.5, 1e-06, 0.1], "k_pid_hsp": [9.612504005432129, 0.9945082664489746, 0.015028595924377441], "k_pid_vsp": [107.87322235107422, 392.8951416015625, 1.6121516227722168]}, "datetime": {"datetime": "2025-08-13 20:11:19", "elapsed": 37407.77267575264, "delta": 28.115607023239136}, "costs": {"total_cost": 962.338562191265, "time_cost": 150, "final_distance_cost": 51.09622048366269, "oscillation_cost": 80.42347154540964, "completition_cost": 555.5555555555555, "overshoot_cost": 67.33393080065842, "power_cost": 25.485273266601563, "noise_cost": 32.44411053937713, "n_waypoints_completed": 4, "tot_waypoints": 9}}
{"target": -1209.664026576554, "params": {"k_pid_pos": [0.02958005480468273, 0.04556158185005188, 0.004936665296554565], "k_pid_alt": [0.0, 1.0, 0.9893132448196411], "k_pid_att": [100.0, 9.999999747378752e-05, 0.97617506980896], "k_pid_yaw": [0.5, 1e-06, 0.1], "k_pid_hsp": [9.170605659484863, 0.9819161891937256, 0.01412200927734375], "k_pid_vsp": [399.992431640625, 392.5502014160156, 12.202311515808105]}, "datetime": {"datetime": "2025-08-13 20:11:48", "elapsed": 37436.30317616463, "delta": 28.530500411987305}, "costs": {"total_cost": 1209.664026576554, "time_cost": 150, "final_distance_cost": 93.81253680313837, "oscillation_cost": 57.183232692955215, "completition_cost": 777.7777777777778, "overshoot_cost": 83.17564860693732, "power_cost": 20.487658349609376, "noise_cost": 27.22717234613609, "n_waypoints_completed": 2, "tot_waypoints": 9}}
{"target": -1053.8901382711656, "params": {"k_pid_pos": [0.0530443973839283, 0.035998523235321045, 0.045344412326812744], "k_pid_alt": [2.0, 1.0, 0.979590892791748], "k_pid_att": [99.99958038330078, 0.00010029802069766447, 0.9566134214401245], "k_pid_yaw": [0.5, 1e-06, 0.1], "k_pid_hsp": [9.985489845275879, 0.940136730670929, 0.003207683563232422], "k_pid_vsp": [400.0, 398.3919982910156, 6.945849418640137]}, "datetime": {"datetime": "2025-08-13 20:12:16", "elapsed": 37464.816635370255, "delta": 28.51345920562744}, "costs": {"total_cost": 1053.8901382711656, "time_cost": 150, "final_distance_cost": 68.86577576650011, "oscillation_cost": 50.51144766857014, "completition_cost": 666.6666666666667, "overshoot_cost": 65.70456392829018, "power_cost": 21.786978906250003, "noise_cost": 30.354705334888333, "n_waypoints_completed": 3, "tot_waypoints": 9}}
{"target": -1205.8376556686321, "params": {"k_pid_pos": [0.03937434032559395, 0.010019302368164062, 0.006126105785369873], "k_pid_alt": [0.0, 1.0, 0.8516353368759155], "k_pid_att": [100.0, 9.999999747378752e-05, 0.9449542164802551], "k_pid_yaw": [0.5, 1e-06, 0.1], "k_pid_hsp": [9.096478462219238, 0.7616298198699951, 0.0257091224193573], "k_pid_vsp": [399.97900390625, 390.1312255859375, 22.15155601501465]}, "datetime": {"datetime": "2025-08-13 20:12:45", "elapsed": 37493.39611721039, "delta": 28.579481840133667}, "costs": {"total_cost": 1205.8376556686321, "time_cost": 150, "final_distance_cost": 87.11534882786067, "oscillation_cost": 61.964613322225915, "completition_cost": 777.7777777777778, "overshoot_cost": 69.53298777650797, "power_cost": 30.6127384765625, "noise_cost": 28.834189487697373, "n_waypoints_completed": 2, "tot_waypoints": 9}}
{"target": -701.3694516933153, "params": {"k_pid_pos": [0.27652493119239807, 0.008583635091781616, 0.06172117590904236], "k_pid_alt": [0.0, 1.0, 0.9206556081771851], "k_pid_att": [100.0, 9.999999747378752e-05, 0.9731824994087219], "k_pid_yaw": [0.5, 1e-06, 0.1], "k_pid_hsp": [9.935397148132324, 0.9884462356567383, 0.007583677768707275], "k_pid_vsp": [399.99993896484375, 391.70330810546875, 3.7974724769592285]}, "datetime": {"datetime": "2025-08-13 20:13:14", "elapsed": 37522.650482177734, "delta": 29.25436496734619}, "costs": {"total_cost": 701.3694516933153, "time_cost": 150, "final_distance_cost": 66.88055626739622, "oscillation_cost": 140.46510779481468, "completition_cost": 222.2222222222222, "overshoot_cost": 65.01664463538783, "power_cost": 24.779876501464845, "noise_cost": 32.005044272029544, "n_waypoints_completed": 7, "tot_waypoints": 9}}
{"target": -1069.6239376219278, "params": {"k_pid_pos": [0.14465823769569397, 0.004176497459411621, 0.014761954545974731], "k_pid_alt": [0.0, 1.0, 0.9417719841003418], "k_pid_att": [100.0, 9.999999747378752e-05, 0.9658803939819336], "k_pid_yaw": [0.5, 1e-06, 0.1], "k_pid_hsp": [9.430273056030273, 0.9745990633964539, 0.07397842407226562], "k_pid_vsp": [400.0, 398.7926025390625, 9.565390586853027]}, "datetime": {"datetime": "2025-08-13 20:13:45", "elapsed": 37553.601595401764, "delta": 30.95111322402954}, "costs": {"total_cost": 1069.6239376219278, "time_cost": 150, "final_distance_cost": 51.01906492711303, "oscillation_cost": 179.29176257724134, "completition_cost": 555.5555555555555, "overshoot_cost": 69.17976862603355, "power_cost": 32.90290684814453, "noise_cost": 31.6748790878398, "n_waypoints_completed": 4, "tot_waypoints": 9}}
{"target": -955.039078536846, "params": {"k_pid_pos": [0.060950081795454025, 0.07803034782409668, 0.02544271945953369], "k_pid_alt": [1.9994144439697266, 1.0, 0.9888912439346313], "k_pid_att": [100.0, 0.17827735841274261, 0.9218047857284546], "k_pid_yaw": [0.5, 1e-06, 0.1], "k_pid_hsp": [9.921636581420898, 0.9959821701049805, 0.009464085102081299], "k_pid_vsp": [400.0, 388.67852783203125, 0.4314194321632385]}, "datetime": {"datetime": "2025-08-13 20:14:16", "elapsed": 37584.994931936264, "delta": 31.393336534500122}, "costs": {"total_cost": 955.039078536846, "time_cost": 150, "final_distance_cost": 46.51346418439785, "oscillation_cost": 68.68650582695777, "completition_cost": 555.5555555555555, "overshoot_cost": 72.54237023910905, "power_cost": 27.846468469238282, "noise_cost": 33.894714261587566, "n_waypoints_completed": 4, "tot_waypoints": 9}}
{"target": -1348.7643487236057, "params": {"k_pid_pos": [0.03164739906787872, 0.12372303009033203, 0.039801597595214844], "k_pid_alt": [4.351139068603516e-06, 1.0, 0.9043090343475342], "k_pid_att": [98.86933135986328, 0.0004638827231246978, 0.9475699663162231], "k_pid_yaw": [0.5, 1e-06, 0.1], "k_pid_hsp": [9.617050170898438, 0.98387610912323, 0.012035638093948364], "k_pid_vsp": [400.0, 392.88543701171875, 2.9760608673095703]}, "datetime": {"datetime": "2025-08-13 20:14:51", "elapsed": 37619.84359502792, "delta": 34.848663091659546}, "costs": {"total_cost": 1348.7643487236057, "time_cost": 150, "final_distance_cost": 95.13647744775753, "oscillation_cost": 199.3594525166225, "completition_cost": 777.7777777777778, "overshoot_cost": 68.2942663384403, "power_cost": 27.374156469726564, "noise_cost": 30.82221817328087, "n_waypoints_completed": 2, "tot_waypoints": 9}}
