{"target": -1365.9049553951827, "params": {"k_pid_pos": [0.6511958241462708, 0.9343184232711792, 0.242793470621109], "k_pid_alt": [0.08837097883224487, 0.3604455292224884, 0.42485934495925903], "k_pid_att": [71.30780792236328, 7.9190263748168945, 0.5643927454948425], "k_pid_yaw": [0.5, 1e-06, 0.1], "k_pid_hsp": [6.595578670501709, 0.6460326313972473, 0.8474767804145813], "k_pid_vsp": [293.95037841796875, 268.3367614746094, 62.02220916748047]}, "datetime": {"datetime": "2025-08-13 09:48:24", "elapsed": 32.456578969955444, "delta": 32.456578969955444}, "costs": {"total_cost": 1365.9049553951827, "time_cost": 150, "final_distance_cost": 62.681837031571604, "oscillation_cost": 155.3808008925131, "completition_cost": 888.8888888888888, "overshoot_cost": 41.221780501404496, "power_cost": 37.48893342285157, "noise_cost": 30.242714657953137, "n_waypoints_completed": 1, "tot_waypoints": 9}}
{"target": -762.4078729088063, "params": {"k_pid_pos": [0.7464188933372498, 0.50015789270401, 0.4367486834526062], "k_pid_alt": [1.3168960809707642, 0.4793934226036072, 0.7037320733070374], "k_pid_att": [32.260066986083984, 0.37855321168899536, 0.6890367269515991], "k_pid_yaw": [0.5, 1e-06, 0.1], "k_pid_hsp": [1.5941286087036133, 0.468238890171051, 0.582119882106781], "k_pid_vsp": [318.4547119140625, 70.61617279052734, 95.1171646118164]}, "datetime": {"datetime": "2025-08-13 09:48:54", "elapsed": 62.58404612541199, "delta": 30.127467155456543}, "costs": {"total_cost": 762.4078729088063, "time_cost": 150, "final_distance_cost": 10.922019929085629, "oscillation_cost": 366.55046571291376, "completition_cost": 111.11111111111116, "overshoot_cost": 70.26359974013157, "power_cost": 27.296033056640628, "noise_cost": 26.264643358923575, "n_waypoints_completed": 8, "tot_waypoints": 9}}
{"target": -1340.0541561585892, "params": {"k_pid_pos": [1.3070073127746582, 0.6915984749794006, 0.325398325920105], "k_pid_alt": [0.09018248319625854, 0.9211565256118774, 0.8809083104133606], "k_pid_att": [9.851158142089844, 9.85899829864502, 0.38125893473625183], "k_pid_yaw": [0.5, 1e-06, 0.1], "k_pid_hsp": [8.590437889099121, 0.09935998916625977, 0.02361401915550232], "k_pid_vsp": [306.46337890625, 123.40301513671875, 321.6688232421875]}, "datetime": {"datetime": "2025-08-13 09:49:24", "elapsed": 92.38006830215454, "delta": 29.796022176742554}, "costs": {"total_cost": 1340.0541561585892, "time_cost": 150, "final_distance_cost": 83.86419265128882, "oscillation_cost": 54.719849754750705, "completition_cost": 888.8888888888888, "overshoot_cost": 100.51768450856206, "power_cost": 29.209851904296876, "noise_cost": 32.853688450801975, "n_waypoints_completed": 1, "tot_waypoints": 9}}
{"target": -326.391428057449, "params": {"k_pid_pos": [0.6882085204124451, 0.7084925770759583, 0.575596272945404], "k_pid_alt": [0.8758252263069153, 0.01514771580696106, 0.3104129135608673], "k_pid_att": [6.170925617218018, 4.005733966827393, 0.7426698207855225], "k_pid_yaw": [0.5, 1e-06, 0.1], "k_pid_hsp": [0.7020282745361328, 0.6022287607192993, 0.052685439586639404], "k_pid_vsp": [348.7579650878906, 349.8081359863281, 98.6747055053711]}, "datetime": {"datetime": "2025-08-13 09:49:47", "elapsed": 115.77801561355591, "delta": 23.397947311401367}, "costs": {"total_cost": 326.391428057449, "time_cost": 89.915, "final_distance_cost": 1.7957902683505444, "oscillation_cost": 131.55546858319414, "completition_cost": 0.0, "overshoot_cost": 51.826229774740185, "power_cost": 27.659267687988283, "noise_cost": 23.639671743175814, "n_waypoints_completed": 9, "tot_waypoints": 9}}
{"target": -971.1887663847217, "params": {"k_pid_pos": [0.45548877120018005, 0.8398197293281555, 0.9793546795845032], "k_pid_alt": [0.6642232537269592, 0.14260172843933105, 0.0755346417427063], "k_pid_att": [74.4767837524414, 4.256960868835449, 0.1787489950656891], "k_pid_yaw": [0.5, 1e-06, 0.1], "k_pid_hsp": [3.621410846710205, 0.572420597076416, 0.5894441604614258], "k_pid_vsp": [175.9197540283203, 157.8206024169922, 139.54177856445312]}, "datetime": {"datetime": "2025-08-13 09:50:29", "elapsed": 157.4117043018341, "delta": 41.6336886882782}, "costs": {"total_cost": 971.1887663847217, "time_cost": 150, "final_distance_cost": 70.52026003655726, "oscillation_cost": 407.00669183390505, "completition_cost": 222.2222222222222, "overshoot_cost": 56.78791319366346, "power_cost": 36.05783125, "noise_cost": 28.593847848373724, "n_waypoints_completed": 7, "tot_waypoints": 9}}
{"target": -1924.8120375268036, "params": {"k_pid_pos": [0.046803269535303116, 0.18457216024398804, 0.46371394395828247], "k_pid_alt": [1.0508651733398438, 0.8205323815345764, 0.7623982429504395], "k_pid_att": [56.47642517089844, 0.3399879038333893, 0.2586648166179657], "k_pid_yaw": [0.5, 1e-06, 0.1], "k_pid_hsp": [7.028900146484375, 0.014714986085891724, 0.8865885138511658], "k_pid_vsp": [83.65872192382812, 200.1695556640625, 153.2896270751953]}, "datetime": {"datetime": "2025-08-13 09:51:01", "elapsed": 189.14475893974304, "delta": 31.733054637908936}, "costs": {"total_cost": 1924.8120375268036, "time_cost": 150, "final_distance_cost": 90.5742628293547, "oscillation_cost": 787.3089276830211, "completition_cost": 777.7777777777778, "overshoot_cost": 60.96840432400589, "power_cost": 31.504707836914065, "noise_cost": 26.677957075729765, "n_waypoints_completed": 2, "tot_waypoints": 9}}
{"target": -1059.2147070474564, "params": {"k_pid_pos": [0.8379325270652771, 0.5018946528434753, 0.766185998916626], "k_pid_alt": [1.0023365020751953, 0.10310620069503784, 0.1093987226486206], "k_pid_att": [48.516292572021484, 7.257325172424316, 0.6238628625869751], "k_pid_yaw": [0.5, 1e-06, 0.1], "k_pid_hsp": [4.470219135284424, 0.2686099708080292, 0.21534013748168945], "k_pid_vsp": [104.20523834228516, 366.77728271484375, 1.6978154182434082]}, "datetime": {"datetime": "2025-08-13 09:51:32", "elapsed": 220.21994519233704, "delta": 31.075186252593994}, "costs": {"total_cost": 1059.2147070474564, "time_cost": 150, "final_distance_cost": 44.53819097005468, "oscillation_cost": 640.3676378473426, "completition_cost": 111.11111111111116, "overshoot_cost": 50.98050455349621, "power_cost": 32.38855582275391, "noise_cost": 29.828706742697833, "n_waypoints_completed": 8, "tot_waypoints": 9}}
{"target": -1099.609520361105, "params": {"k_pid_pos": [1.9848594665527344, 0.8736268281936646, 0.43900448083877563], "k_pid_alt": [0.11100375652313232, 0.09582695364952087, 0.6098180413246155], "k_pid_att": [25.48423957824707, 1.485651969909668, 0.4272534251213074], "k_pid_yaw": [0.5, 1e-06, 0.1], "k_pid_hsp": [0.32785966992378235, 0.576758086681366, 0.10105487704277039], "k_pid_vsp": [387.0404052734375, 102.530029296875, 280.146728515625]}, "datetime": {"datetime": "2025-08-13 09:52:01", "elapsed": 249.85892987251282, "delta": 29.63898468017578}, "costs": {"total_cost": 1099.609520361105, "time_cost": 150, "final_distance_cost": 49.08808123320763, "oscillation_cost": 99.91322107315607, "completition_cost": 666.6666666666667, "overshoot_cost": 64.31839603016239, "power_cost": 37.34288552246094, "noise_cost": 32.28026983545143, "n_waypoints_completed": 3, "tot_waypoints": 9}}
{"target": -1368.3971939465227, "params": {"k_pid_pos": [0.1808292269706726, 0.47694626450538635, 0.26734861731529236], "k_pid_alt": [0.48613667488098145, 0.8229533433914185, 0.7336459755897522], "k_pid_att": [32.699005126953125, 7.35558557510376, 0.47937384247779846], "k_pid_yaw": [0.5, 1e-06, 0.1], "k_pid_hsp": [4.108288764953613, 0.685933530330658, 0.18638384342193604], "k_pid_vsp": [327.4942626953125, 173.20164489746094, 176.6244659423828]}, "datetime": {"datetime": "2025-08-13 09:52:34", "elapsed": 283.0759596824646, "delta": 33.21702980995178}, "costs": {"total_cost": 1368.3971939465227, "time_cost": 150, "final_distance_cost": 40.81917186610217, "oscillation_cost": 492.9228071533307, "completition_cost": 555.5555555555555, "overshoot_cost": 54.02354708075929, "power_cost": 41.26752498779297, "noise_cost": 33.80858730298213, "n_waypoints_completed": 4, "tot_waypoints": 9}}
{"target": -582.6956114763243, "params": {"k_pid_pos": [0.8987888693809509, 0.9136277437210083, 0.24686980247497559], "k_pid_alt": [0.47584807872772217, 0.30959847569465637, 0.15440702438354492], "k_pid_att": [92.10151672363281, 4.260581970214844, 0.0008439123630523682], "k_pid_yaw": [0.5, 1e-06, 0.1], "k_pid_hsp": [9.915963172912598, 0.11813676357269287, 0.41277533769607544], "k_pid_vsp": [127.97164916992188, 264.5209045410156, 42.96453094482422]}, "datetime": {"datetime": "2025-08-13 09:53:09", "elapsed": 317.13732147216797, "delta": 34.06136178970337}, "costs": {"total_cost": 582.6956114763243, "time_cost": 111.321, "final_distance_cost": 1.7188315681027864, "oscillation_cost": 356.7895773036186, "completition_cost": 0.0, "overshoot_cost": 55.5953839829638, "power_cost": 29.889861853027345, "noise_cost": 27.380956768611796, "n_waypoints_completed": 9, "tot_waypoints": 9}}
{"target": -1051.6537516019916, "params": {"k_pid_pos": [0.33478572964668274, 0.13874682784080505, 0.023449063301086426], "k_pid_alt": [0.5734184384346008, 0.17726510763168335, 0.5807216763496399], "k_pid_att": [85.15267181396484, 0.8862524628639221, 0.5690664649009705], "k_pid_yaw": [0.5, 1e-06, 0.1], "k_pid_hsp": [4.4528703689575195, 0.8562110662460327, 0.3744778037071228], "k_pid_vsp": [272.6535339355469, 248.13861083984375, 313.3953857421875]}, "datetime": {"datetime": "2025-08-13 09:53:43", "elapsed": 351.58806800842285, "delta": 34.45074653625488}, "costs": {"total_cost": 1051.6537516019916, "time_cost": 150, "final_distance_cost": 36.71857625736645, "oscillation_cost": 630.1659199394808, "completition_cost": 111.11111111111116, "overshoot_cost": 60.59472131235348, "power_cost": 35.02420264892578, "noise_cost": 28.039220332753764, "n_waypoints_completed": 8, "tot_waypoints": 9}}
{"target": -1773.0292019653155, "params": {"k_pid_pos": [1.9179754257202148, 0.38044270873069763, 0.9791600108146667], "k_pid_alt": [0.3351472020149231, 0.7538106441497803, 0.10462939739227295], "k_pid_att": [29.87978172302246, 1.9579648971557617, 0.15151867270469666], "k_pid_yaw": [0.5, 1e-06, 0.1], "k_pid_hsp": [0.6997060775756836, 0.3645087778568268, 0.7880699634552002], "k_pid_vsp": [170.61468505859375, 75.9942626953125, 164.69822692871094]}, "datetime": {"datetime": "2025-08-13 09:54:18", "elapsed": 386.24377942085266, "delta": 34.65571141242981}, "costs": {"total_cost": 1773.0292019653155, "time_cost": 150, "final_distance_cost": 62.016032509266935, "oscillation_cost": 501.00536650749, "completition_cost": 888.8888888888888, "overshoot_cost": 101.34504271529201, "power_cost": 38.96037436523438, "noise_cost": 30.8134969791431, "n_waypoints_completed": 1, "tot_waypoints": 9}}
{"target": -532.787314199235, "params": {"k_pid_pos": [1.2392735481262207, 0.01343110203742981, 0.44186538457870483], "k_pid_alt": [1.5202425718307495, 0.9540129899978638, 0.027340739965438843], "k_pid_att": [14.707952499389648, 0.17239652574062347, 0.5282337665557861], "k_pid_yaw": [0.5, 1e-06, 0.1], "k_pid_hsp": [9.735485076904297, 0.4251596927642822, 0.5502802729606628], "k_pid_vsp": [6.790685653686523, 206.47677612304688, 67.258544921875]}, "datetime": {"datetime": "2025-08-13 09:54:46", "elapsed": 414.13944244384766, "delta": 27.895663022994995}, "costs": {"total_cost": 532.787314199235, "time_cost": 106.82000000000001, "final_distance_cost": 1.7933413710393808, "oscillation_cost": 289.77335483485444, "completition_cost": 0.0, "overshoot_cost": 67.90647743946626, "power_cost": 36.67829617919922, "noise_cost": 29.81584437467572, "n_waypoints_completed": 9, "tot_waypoints": 9}}
{"target": -620.0693114683726, "params": {"k_pid_pos": [1.723051905632019, 0.44716888666152954, 0.8590881824493408], "k_pid_alt": [0.10598230361938477, 0.5524596571922302, 0.23893579840660095], "k_pid_att": [52.82012939453125, 7.126712322235107, 0.7601314187049866], "k_pid_yaw": [0.5, 1e-06, 0.1], "k_pid_hsp": [3.4223036766052246, 0.30625131726264954, 0.49000608921051025], "k_pid_vsp": [291.57891845703125, 163.362548828125, 134.3226776123047]}, "datetime": {"datetime": "2025-08-13 09:55:14", "elapsed": 442.5629246234894, "delta": 28.423482179641724}, "costs": {"total_cost": 620.0693114683726, "time_cost": 108.92, "final_distance_cost": 1.7896315951272779, "oscillation_cost": 384.7346234367645, "completition_cost": 0.0, "overshoot_cost": 67.25707079747662, "power_cost": 31.328018383789065, "noise_cost": 26.039967255215046, "n_waypoints_completed": 9, "tot_waypoints": 9}}
{"target": -1846.1792242663332, "params": {"k_pid_pos": [1.6080621480941772, 0.24285298585891724, 0.736144483089447], "k_pid_alt": [1.5221245288848877, 0.7174717783927917, 0.4768502414226532], "k_pid_att": [71.34583282470703, 5.728999614715576, 0.409700483083725], "k_pid_yaw": [0.5, 1e-06, 0.1], "k_pid_hsp": [5.555270671844482, 0.09296327829360962, 0.2102745771408081], "k_pid_vsp": [94.59944915771484, 90.95556640625, 230.20484924316406]}, "datetime": {"datetime": "2025-08-13 09:55:46", "elapsed": 474.44779777526855, "delta": 31.884873151779175}, "costs": {"total_cost": 1846.1792242663332, "time_cost": 150, "final_distance_cost": 77.0374853311951, "oscillation_cost": 657.1622206080427, "completition_cost": 777.7777777777778, "overshoot_cost": 101.15123709409724, "power_cost": 40.25083552246094, "noise_cost": 42.79966793275928, "n_waypoints_completed": 2, "tot_waypoints": 9}}
{"target": -1791.558388168439, "params": {"k_pid_pos": [0.5881067514419556, 0.4356444180011749, 0.770580530166626], "k_pid_alt": [1.4554169178009033, 0.3690233528614044, 0.633108913898468], "k_pid_att": [72.29991912841797, 8.11815357208252, 0.40219688415527344], "k_pid_yaw": [0.5, 1e-06, 0.1], "k_pid_hsp": [5.8547892570495605, 0.062295347452163696, 0.8454368710517883], "k_pid_vsp": [120.15959930419922, 376.1880798339844, 340.45819091796875]}, "datetime": {"datetime": "2025-08-13 09:56:15", "elapsed": 503.82152128219604, "delta": 29.37372350692749}, "costs": {"total_cost": 1791.558388168439, "time_cost": 150, "final_distance_cost": 82.03084129101576, "oscillation_cost": 670.4451519964664, "completition_cost": 777.7777777777778, "overshoot_cost": 51.062011124689434, "power_cost": 31.981648107910157, "noise_cost": 28.26095787057937, "n_waypoints_completed": 2, "tot_waypoints": 9}}
{"target": -1629.2982735145993, "params": {"k_pid_pos": [0.6186879873275757, 0.36550217866897583, 0.7067930102348328], "k_pid_alt": [0.9614448547363281, 0.34046027064323425, 0.122722327709198], "k_pid_att": [9.298008918762207, 1.725527286529541, 0.24459350109100342], "k_pid_yaw": [0.5, 1e-06, 0.1], "k_pid_hsp": [8.851402282714844, 0.8008217811584473, 0.9082975387573242], "k_pid_vsp": [155.1292266845703, 215.82699584960938, 350.52191162109375]}, "datetime": {"datetime": "2025-08-13 09:56:44", "elapsed": 532.7067606449127, "delta": 28.885239362716675}, "costs": {"total_cost": 1629.2982735145993, "time_cost": 150, "final_distance_cost": 65.71420666286404, "oscillation_cost": 400.4597171120294, "completition_cost": 777.7777777777778, "overshoot_cost": 131.26398061868923, "power_cost": 30.253204785156253, "noise_cost": 73.82938655808275, "n_waypoints_completed": 2, "tot_waypoints": 9}}
{"target": -1341.9033717312254, "params": {"k_pid_pos": [1.8146135807037354, 0.6436158418655396, 0.45894044637680054], "k_pid_alt": [0.8172596096992493, 0.23217707872390747, 0.5855751037597656], "k_pid_att": [42.2153205871582, 3.7405428886413574, 0.7556472420692444], "k_pid_yaw": [0.5, 1e-06, 0.1], "k_pid_hsp": [9.312006950378418, 0.08125635981559753, 0.46668338775634766], "k_pid_vsp": [261.7850341796875, 256.6845703125, 390.0472412109375]}, "datetime": {"datetime": "2025-08-13 09:57:12", "elapsed": 560.9343886375427, "delta": 28.227627992630005}, "costs": {"total_cost": 1341.9033717312254, "time_cost": 150, "final_distance_cost": 42.899434039262935, "oscillation_cost": 446.175532928024, "completition_cost": 555.5555555555555, "overshoot_cost": 64.42938371420891, "power_cost": 41.67426206054688, "noise_cost": 41.169203433627224, "n_waypoints_completed": 4, "tot_waypoints": 9}}
{"target": -1191.9421645834066, "params": {"k_pid_pos": [0.32623982429504395, 0.37545496225357056, 0.3811558485031128], "k_pid_alt": [1.8751115798950195, 0.6258768439292908, 0.39516323804855347], "k_pid_att": [32.096832275390625, 2.7565696239471436, 0.9404582381248474], "k_pid_yaw": [0.5, 1e-06, 0.1], "k_pid_hsp": [9.88473129272461, 0.3760005831718445, 0.36658886075019836], "k_pid_vsp": [261.5089416503906, 241.56158447265625, 301.9408874511719]}, "datetime": {"datetime": "2025-08-13 09:57:41", "elapsed": 589.3933773040771, "delta": 28.458988666534424}, "costs": {"total_cost": 1191.9421645834066, "time_cost": 150, "final_distance_cost": 64.93940467997844, "oscillation_cost": 519.8643851257727, "completition_cost": 333.33333333333337, "overshoot_cost": 50.66142024070382, "power_cost": 39.780311328125, "noise_cost": 33.36330987549336, "n_waypoints_completed": 6, "tot_waypoints": 9}}
{"target": -858.2099750567281, "params": {"k_pid_pos": [1.3178001642227173, 0.5109695196151733, 0.4331102669239044], "k_pid_alt": [0.12156921625137329, 0.9323235750198364, 0.8420649766921997], "k_pid_att": [26.19919204711914, 8.382586479187012, 0.9150384664535522], "k_pid_yaw": [0.5, 1e-06, 0.1], "k_pid_hsp": [4.056473731994629, 0.5381191968917847, 0.5595151782035828], "k_pid_vsp": [340.9565124511719, 373.08599853515625, 146.27633666992188]}, "datetime": {"datetime": "2025-08-13 09:58:10", "elapsed": 618.2712168693542, "delta": 28.8778395652771}, "costs": {"total_cost": 858.2099750567281, "time_cost": 150, "final_distance_cost": 57.13853127650047, "oscillation_cost": 408.2589262038756, "completition_cost": 111.11111111111116, "overshoot_cost": 65.71495939781356, "power_cost": 34.90420106201172, "noise_cost": 31.08224600541562, "n_waypoints_completed": 8, "tot_waypoints": 9}}
{"target": -1271.0782748639779, "params": {"k_pid_pos": [0.16883935034275055, 0.6444761157035828, 0.38908493518829346], "k_pid_alt": [1.5998923778533936, 0.63931804895401, 0.3537162244319916], "k_pid_att": [37.5397834777832, 6.478684425354004, 0.5351648330688477], "k_pid_yaw": [0.5, 1e-06, 0.1], "k_pid_hsp": [8.698965072631836, 0.2381507158279419, 0.5243481397628784], "k_pid_vsp": [339.71490478515625, 180.05418395996094, 219.95606994628906]}, "datetime": {"datetime": "2025-08-13 09:58:38", "elapsed": 646.1822412014008, "delta": 27.91102433204651}, "costs": {"total_cost": 1271.0782748639779, "time_cost": 150, "final_distance_cost": 43.954433295926975, "oscillation_cost": 402.14568602886027, "completition_cost": 555.5555555555555, "overshoot_cost": 50.38482920014395, "power_cost": 37.66371831054688, "noise_cost": 31.374052472944214, "n_waypoints_completed": 4, "tot_waypoints": 9}}
{"target": -828.6948706032384, "params": {"k_pid_pos": [1.5203874111175537, 0.9170458912849426, 0.9983218312263489], "k_pid_alt": [0.6486124396324158, 0.8092079162597656, 0.8835428357124329], "k_pid_att": [19.538433074951172, 8.060057640075684, 0.5564573407173157], "k_pid_yaw": [0.5, 1e-06, 0.1], "k_pid_hsp": [5.761889934539795, 0.956984281539917, 0.6551963090896606], "k_pid_vsp": [392.89642333984375, 385.3283996582031, 258.0924377441406]}, "datetime": {"datetime": "2025-08-13 09:59:06", "elapsed": 674.3740360736847, "delta": 28.191794872283936}, "costs": {"total_cost": 828.6948706032384, "time_cost": 150, "final_distance_cost": 3.5625784462180974, "oscillation_cost": 427.8909136999996, "completition_cost": 111.11111111111116, "overshoot_cost": 64.80559516185983, "power_cost": 38.155899011230474, "noise_cost": 33.16877317281921, "n_waypoints_completed": 8, "tot_waypoints": 9}}
{"target": -1276.8721745008497, "params": {"k_pid_pos": [1.5486096143722534, 0.1145133376121521, 0.5170843601226807], "k_pid_alt": [0.08439397811889648, 0.8520318865776062, 0.190066397190094], "k_pid_att": [47.5728874206543, 7.268607139587402, 0.19077450037002563], "k_pid_yaw": [0.5, 1e-06, 0.1], "k_pid_hsp": [8.539229393005371, 0.5429012775421143, 0.9999815821647644], "k_pid_vsp": [92.96070098876953, 236.22979736328125, 175.32846069335938]}, "datetime": {"datetime": "2025-08-13 09:59:34", "elapsed": 702.5535197257996, "delta": 28.179483652114868}, "costs": {"total_cost": 1276.8721745008497, "time_cost": 150, "final_distance_cost": 64.93558757833266, "oscillation_cost": 572.96910635602, "completition_cost": 333.33333333333337, "overshoot_cost": 73.90010760801404, "power_cost": 46.545012426757815, "noise_cost": 35.18902719839185, "n_waypoints_completed": 6, "tot_waypoints": 9}}
{"target": -651.2213018204584, "params": {"k_pid_pos": [1.5304944515228271, 0.2612496018409729, 0.7934893369674683], "k_pid_alt": [1.7475353479385376, 0.507509708404541, 0.4443134069442749], "k_pid_att": [76.5667953491211, 1.7988067865371704, 0.7002229690551758], "k_pid_yaw": [0.5, 1e-06, 0.1], "k_pid_hsp": [7.953424453735352, 0.7804100513458252, 0.06380212306976318], "k_pid_vsp": [377.0437316894531, 8.651233673095703, 183.1423797607422]}, "datetime": {"datetime": "2025-08-13 10:00:00", "elapsed": 728.148313999176, "delta": 25.594794273376465}, "costs": {"total_cost": 651.2213018204584, "time_cost": 103.257, "final_distance_cost": 1.8473385277126677, "oscillation_cost": 435.1237675044947, "completition_cost": 0.0, "overshoot_cost": 62.966395222953274, "power_cost": 25.00351453857422, "noise_cost": 23.02328602672358, "n_waypoints_completed": 9, "tot_waypoints": 9}}
