{"target": -1228.937822045674, "params": {"k_pid_pos": [0.022450147196650505, 0.040759146213531494, 0.23700731992721558], "k_pid_alt": [0.0, 1.0, 0.9840136766433716], "k_pid_att": [100.0, 9.999999747378752e-05, 0.9959763884544373], "k_pid_yaw": [0.5, 1e-06, 0.1], "k_pid_hsp": [9.529830932617188, 0.9867714643478394, 0.009301066398620605], "k_pid_vsp": [400.0, 379.3631896972656, 8.146489143371582]}, "datetime": {"datetime": "2025-08-14 01:29:04", "elapsed": 56472.73389816284, "delta": 29.991957426071167}, "costs": {"total_cost": 1228.937822045674, "time_cost": 150, "final_distance_cost": 84.94067495509371, "oscillation_cost": 78.1951038659685, "completition_cost": 777.7777777777778, "overshoot_cost": 82.90618437504587, "power_cost": 25.69642313232422, "noise_cost": 29.421657939464094, "n_waypoints_completed": 2, "tot_waypoints": 9}}
{"target": -1212.1536185766174, "params": {"k_pid_pos": [0.01800129935145378, 0.05598023533821106, 0.010709404945373535], "k_pid_alt": [0.0, 1.0, 0.9427322149276733], "k_pid_att": [100.0, 0.00011132476356578991, 0.978029727935791], "k_pid_yaw": [0.5, 1e-06, 0.1], "k_pid_hsp": [7.869461536407471, 0.9857286810874939, 0.02449604868888855], "k_pid_vsp": [400.0, 347.9737243652344, 1.971531867980957]}, "datetime": {"datetime": "2025-08-14 01:29:35", "elapsed": 56503.213975429535, "delta": 30.480077266693115}, "costs": {"total_cost": 1212.1536185766174, "time_cost": 150, "final_distance_cost": 85.90695172137629, "oscillation_cost": 54.97205409093179, "completition_cost": 777.7777777777778, "overshoot_cost": 91.10520924422977, "power_cost": 22.41251072998047, "noise_cost": 29.97911501232099, "n_waypoints_completed": 2, "tot_waypoints": 9}}
{"target": -1797.3680408314888, "params": {"k_pid_pos": [0.047403041273355484, 0.03594660758972168, 0.00613558292388916], "k_pid_alt": [0.0, 1.0, 0.9874708652496338], "k_pid_att": [100.0, 9.999999747378752e-05, 0.9745575189590454], "k_pid_yaw": [0.5, 1e-06, 0.1], "k_pid_hsp": [9.96432113647461, 0.9701796770095825, 0.09288549423217773], "k_pid_vsp": [400.0, 391.7104797363281, 23.937883377075195]}, "datetime": {"datetime": "2025-08-14 01:30:05", "elapsed": 56533.93359518051, "delta": 30.719619750976562}, "costs": {"total_cost": 1797.3680408314888, "time_cost": 150, "final_distance_cost": 92.38237190047818, "oscillation_cost": 654.6483591527618, "completition_cost": 777.7777777777778, "overshoot_cost": 71.04865844067706, "power_cost": 26.49846726074219, "noise_cost": 25.012406299051687, "n_waypoints_completed": 2, "tot_waypoints": 9}}
{"target": -1089.9156617081467, "params": {"k_pid_pos": [0.07125842571258545, 0.008860558271408081, 0.027939945459365845], "k_pid_alt": [0.0, 1.0, 0.9870764017105103], "k_pid_att": [100.0, 9.999999747378752e-05, 0.9918356537818909], "k_pid_yaw": [0.5, 1e-06, 0.1], "k_pid_hsp": [9.845606803894043, 0.9843809604644775, 0.015138626098632812], "k_pid_vsp": [400.0, 393.635986328125, 9.228683471679688]}, "datetime": {"datetime": "2025-08-14 01:30:35", "elapsed": 56563.8144569397, "delta": 29.88086175918579}, "costs": {"total_cost": 1089.9156617081467, "time_cost": 150, "final_distance_cost": 84.12474102443166, "oscillation_cost": 55.38328636460417, "completition_cost": 666.6666666666667, "overshoot_cost": 69.31655387105116, "power_cost": 33.51776104736328, "noise_cost": 30.906652734029546, "n_waypoints_completed": 3, "tot_waypoints": 9}}
{"target": -1195.2801593817494, "params": {"k_pid_pos": [0.02988491766154766, 0.02170860767364502, 0.016870558261871338], "k_pid_alt": [0.0, 1.0, 0.9373059272766113], "k_pid_att": [100.0, 9.999999747378752e-05, 0.9914686679840088], "k_pid_yaw": [0.5, 1e-06, 0.1], "k_pid_hsp": [9.913968086242676, 0.982879638671875, 0.009237110614776611], "k_pid_vsp": [400.0, 397.2480163574219, 2.579117774963379]}, "datetime": {"datetime": "2025-08-14 01:31:07", "elapsed": 56595.643233299255, "delta": 31.828776359558105}, "costs": {"total_cost": 1195.2801593817494, "time_cost": 150, "final_distance_cost": 76.84248783897344, "oscillation_cost": 62.178303266463466, "completition_cost": 777.7777777777778, "overshoot_cost": 82.41117064433195, "power_cost": 18.1699603515625, "noise_cost": 27.90045950264007, "n_waypoints_completed": 2, "tot_waypoints": 9}}
{"target": -286.1970423317858, "params": {"k_pid_pos": [0.5053340196609497, 0.00853121280670166, 0.08210819959640503], "k_pid_alt": [0.0, 1.0, 0.979787290096283], "k_pid_att": [100.0, 0.0001533456234028563, 0.9827842116355896], "k_pid_yaw": [0.5, 1e-06, 0.1], "k_pid_hsp": [9.702139854431152, 0.9944533109664917, 0.001608043909072876], "k_pid_vsp": [400.0, 398.3383483886719, 4.310549259185791]}, "datetime": {"datetime": "2025-08-14 01:31:31", "elapsed": 56619.25836229324, "delta": 23.615128993988037}, "costs": {"total_cost": 286.1970423317858, "time_cost": 100.989, "final_distance_cost": 1.8250960364092677, "oscillation_cost": 70.89749558284142, "completition_cost": 0.0, "overshoot_cost": 64.2637481369301, "power_cost": 20.93687198486328, "noise_cost": 27.28483059074168, "n_waypoints_completed": 9, "tot_waypoints": 9}}
{"target": -838.1173494027299, "params": {"k_pid_pos": [0.13195431232452393, 0.033259063959121704, 0.010367363691329956], "k_pid_alt": [0.0, 1.0, 0.9802252054214478], "k_pid_att": [100.0, 0.000106258419691585, 0.9787208437919617], "k_pid_yaw": [0.5, 1e-06, 0.1], "k_pid_hsp": [9.679597854614258, 0.9923627972602844, 0.013312041759490967], "k_pid_vsp": [399.68194580078125, 380.9930419921875, 17.281522750854492]}, "datetime": {"datetime": "2025-08-14 01:32:01", "elapsed": 56649.474121809006, "delta": 30.21575951576233}, "costs": {"total_cost": 838.1173494027299, "time_cost": 150, "final_distance_cost": 54.198890692442646, "oscillation_cost": 68.44272577125963, "completition_cost": 444.4444444444444, "overshoot_cost": 68.29366887593912, "power_cost": 23.910610986328127, "noise_cost": 28.82700863231597, "n_waypoints_completed": 5, "tot_waypoints": 9}}
{"target": -1283.6424189977965, "params": {"k_pid_pos": [0.018573833629488945, 0.015569329261779785, 0.028229892253875732], "k_pid_alt": [2.3543834686279297e-05, 1.0, 0.9947505593299866], "k_pid_att": [100.0, 9.999999747378752e-05, 0.9524765610694885], "k_pid_yaw": [0.5, 1e-06, 0.1], "k_pid_hsp": [9.811481475830078, 0.9723447561264038, 0.010334581136703491], "k_pid_vsp": [400.0, 398.80712890625, 13.322998046875]}, "datetime": {"datetime": "2025-08-14 01:32:32", "elapsed": 56680.26069664955, "delta": 30.786574840545654}, "costs": {"total_cost": 1283.6424189977965, "time_cost": 150, "final_distance_cost": 66.3359725610124, "oscillation_cost": 36.48059483501981, "completition_cost": 888.8888888888888, "overshoot_cost": 81.33410517791411, "power_cost": 31.579030383300783, "noise_cost": 29.0238271516608, "n_waypoints_completed": 1, "tot_waypoints": 9}}
{"target": -1286.7154706978267, "params": {"k_pid_pos": [0.0710083395242691, 0.027167320251464844, 0.0035190582275390625], "k_pid_alt": [0.0, 1.0, 0.7199342250823975], "k_pid_att": [99.9681396484375, 9.999999747378752e-05, 0.9946622848510742], "k_pid_yaw": [0.5, 1e-06, 0.1], "k_pid_hsp": [9.806573867797852, 0.9758141040802002, 0.058202654123306274], "k_pid_vsp": [400.0, 369.99578857421875, 5.818475246429443]}, "datetime": {"datetime": "2025-08-14 01:33:02", "elapsed": 56710.31924581528, "delta": 30.058549165725708}, "costs": {"total_cost": 1286.7154706978267, "time_cost": 150, "final_distance_cost": 62.04071493991097, "oscillation_cost": 280.92106511676286, "completition_cost": 666.6666666666667, "overshoot_cost": 78.34388225966501, "power_cost": 21.765756970214845, "noise_cost": 26.977384744606322, "n_waypoints_completed": 3, "tot_waypoints": 9}}
{"target": -2064.2392042469664, "params": {"k_pid_pos": [0.018278149887919426, 0.02548271417617798, 0.007005900144577026], "k_pid_alt": [0.0, 1.0, 0.9716929197311401], "k_pid_att": [100.0, 9.999999747378752e-05, 0.9953663349151611], "k_pid_yaw": [0.5, 1e-06, 0.1], "k_pid_hsp": [9.951813697814941, 0.9724668264389038, 0.03645235300064087], "k_pid_vsp": [400.0, 389.723388671875, 5.941952228546143]}, "datetime": {"datetime": "2025-08-14 01:33:33", "elapsed": 56741.33175492287, "delta": 31.01250910758972}, "costs": {"total_cost": 2064.2392042469664, "time_cost": 150, "final_distance_cost": 240.03042583891107, "oscillation_cost": 372.5151503722478, "completition_cost": 888.8888888888888, "overshoot_cost": 364.29919677641533, "power_cost": 22.46270184326172, "noise_cost": 26.042840527241687, "n_waypoints_completed": 1, "tot_waypoints": 9}}
{"target": -1287.6396936599742, "params": {"k_pid_pos": [0.027679894119501114, 0.0803714394569397, 0.004811018705368042], "k_pid_alt": [0.0, 1.0, 0.9696027040481567], "k_pid_att": [100.0, 9.999999747378752e-05, 0.9967844486236572], "k_pid_yaw": [0.5, 1e-06, 0.1], "k_pid_hsp": [9.548660278320312, 0.9568715691566467, 0.04633587598800659], "k_pid_vsp": [399.9975280761719, 396.6541748046875, 5.623818397521973]}, "datetime": {"datetime": "2025-08-14 01:34:03", "elapsed": 56772.00546526909, "delta": 30.673710346221924}, "costs": {"total_cost": 1287.6396936599742, "time_cost": 150, "final_distance_cost": 81.21352827852402, "oscillation_cost": 146.39952277167396, "completition_cost": 777.7777777777778, "overshoot_cost": 71.86000477161514, "power_cost": 29.236737365722657, "noise_cost": 31.152122694660726, "n_waypoints_completed": 2, "tot_waypoints": 9}}
{"target": -1252.9291986945389, "params": {"k_pid_pos": [0.011825792491436005, 0.030462175607681274, 0.013841688632965088], "k_pid_alt": [0.0, 1.0, 0.9928679466247559], "k_pid_att": [100.0, 0.00016765059262979776, 0.9726998805999756], "k_pid_yaw": [0.5, 1e-06, 0.1], "k_pid_hsp": [9.474543571472168, 0.9930495619773865, 0.004957288503646851], "k_pid_vsp": [400.0, 393.6326599121094, 2.1498212814331055]}, "datetime": {"datetime": "2025-08-14 01:34:33", "elapsed": 56801.59374117851, "delta": 29.588275909423828}, "costs": {"total_cost": 1252.9291986945389, "time_cost": 150, "final_distance_cost": 62.03278585422148, "oscillation_cost": 13.586026562106374, "completition_cost": 888.8888888888888, "overshoot_cost": 85.56553404559536, "power_cost": 21.95578708496094, "noise_cost": 30.900176258765946, "n_waypoints_completed": 1, "tot_waypoints": 9}}
{"target": -1041.122510231409, "params": {"k_pid_pos": [0.0998043492436409, 0.004474252462387085, 0.011259317398071289], "k_pid_alt": [0.0, 1.0, 0.7727721333503723], "k_pid_att": [100.0, 9.999999747378752e-05, 0.9878307580947876], "k_pid_yaw": [0.5, 1e-06, 0.1], "k_pid_hsp": [9.93558406829834, 0.9973632097244263, 0.005815446376800537], "k_pid_vsp": [400.0, 397.8123474121094, 11.713028907775879]}, "datetime": {"datetime": "2025-08-14 01:35:04", "elapsed": 56832.682896614075, "delta": 31.089155435562134}, "costs": {"total_cost": 1041.122510231409, "time_cost": 150, "final_distance_cost": 52.39432454800369, "oscillation_cost": 48.44932915958966, "completition_cost": 666.6666666666667, "overshoot_cost": 69.54394176165427, "power_cost": 25.082510595703127, "noise_cost": 28.985737499791302, "n_waypoints_completed": 3, "tot_waypoints": 9}}
{"target": -1200.9536148076043, "params": {"k_pid_pos": [0.012419722974300385, 0.19207972288131714, 0.029889613389968872], "k_pid_alt": [0.0, 1.0, 0.9416533708572388], "k_pid_att": [100.0, 9.999999747378752e-05, 0.9943481683731079], "k_pid_yaw": [0.5, 1e-06, 0.1], "k_pid_hsp": [9.826796531677246, 0.9911552667617798, 0.0012950599193572998], "k_pid_vsp": [400.0, 397.88580322265625, 1.970447063446045]}, "datetime": {"datetime": "2025-08-14 01:35:34", "elapsed": 56862.52559661865, "delta": 29.842700004577637}, "costs": {"total_cost": 1200.9536148076043, "time_cost": 150, "final_distance_cost": 88.64304541606397, "oscillation_cost": 56.832197789662196, "completition_cost": 777.7777777777778, "overshoot_cost": 70.80472388525746, "power_cost": 25.295517114257812, "noise_cost": 31.600352824584984, "n_waypoints_completed": 2, "tot_waypoints": 9}}
{"target": -1198.734945890893, "params": {"k_pid_pos": [0.05527707561850548, 0.031345903873443604, 0.029174715280532837], "k_pid_alt": [0.0, 1.0, 0.9914204478263855], "k_pid_att": [100.0, 9.999999747378752e-05, 0.988193154335022], "k_pid_yaw": [0.5, 1e-06, 0.1], "k_pid_hsp": [9.790105819702148, 0.9745670557022095, 0.012718617916107178], "k_pid_vsp": [400.0, 392.7029724121094, 7.5734148025512695]}, "datetime": {"datetime": "2025-08-14 01:36:04", "elapsed": 56892.677906513214, "delta": 30.152309894561768}, "costs": {"total_cost": 1198.734945890893, "time_cost": 150, "final_distance_cost": 89.26911898836977, "oscillation_cost": 49.250833099090855, "completition_cost": 777.7777777777778, "overshoot_cost": 68.3088055508671, "power_cost": 33.57276643066407, "noise_cost": 30.55564404412298, "n_waypoints_completed": 2, "tot_waypoints": 9}}
{"target": -1733.5863892925688, "params": {"k_pid_pos": [0.041727591305971146, 0.024663716554641724, 0.2875474691390991], "k_pid_alt": [0.0, 0.9999990463256836, 0.9703712463378906], "k_pid_att": [100.0, 9.999999747378752e-05, 0.990752100944519], "k_pid_yaw": [0.5, 1e-06, 0.1], "k_pid_hsp": [9.845756530761719, 0.9777498841285706, 0.07563066482543945], "k_pid_vsp": [399.9693298339844, 398.9684753417969, 15.373576164245605]}, "datetime": {"datetime": "2025-08-14 01:36:34", "elapsed": 56922.25376152992, "delta": 29.575855016708374}, "costs": {"total_cost": 1733.5863892925688, "time_cost": 150, "final_distance_cost": 69.65960097689347, "oscillation_cost": 583.6349085481387, "completition_cost": 777.7777777777778, "overshoot_cost": 82.03752019339461, "power_cost": 41.59454483642578, "noise_cost": 28.882036959938738, "n_waypoints_completed": 2, "tot_waypoints": 9}}
{"target": -739.0525640037084, "params": {"k_pid_pos": [0.20412716269493103, 0.03652074933052063, 0.004516243934631348], "k_pid_alt": [0.0, 1.0, 0.9896562099456787], "k_pid_att": [100.0, 9.999999747378752e-05, 0.9886844754219055], "k_pid_yaw": [0.5, 1e-06, 0.1], "k_pid_hsp": [9.848116874694824, 0.9868428707122803, 0.04861536622047424], "k_pid_vsp": [400.0, 391.2388916015625, 10.094095230102539]}, "datetime": {"datetime": "2025-08-14 01:37:03", "elapsed": 56951.66166138649, "delta": 29.407899856567383}, "costs": {"total_cost": 739.0525640037084, "time_cost": 150, "final_distance_cost": 68.2448384673178, "oscillation_cost": 175.53966172801984, "completition_cost": 222.2222222222222, "overshoot_cost": 66.84057813757403, "power_cost": 26.21305302734375, "noise_cost": 29.992210421230798, "n_waypoints_completed": 7, "tot_waypoints": 9}}
{"target": -1243.0387881354686, "params": {"k_pid_pos": [0.06114212051033974, 0.012118101119995117, 0.005915910005569458], "k_pid_alt": [0.0, 1.0, 0.9536142349243164], "k_pid_att": [99.99999237060547, 9.999999747378752e-05, 0.9915052652359009], "k_pid_yaw": [0.5, 1e-06, 0.1], "k_pid_hsp": [9.794174194335938, 0.9800030589103699, 0.0826617181301117], "k_pid_vsp": [400.0, 381.8385009765625, 12.038565635681152]}, "datetime": {"datetime": "2025-08-14 01:37:32", "elapsed": 56980.304788827896, "delta": 28.64312744140625}, "costs": {"total_cost": 1243.0387881354686, "time_cost": 150, "final_distance_cost": 94.22573483285451, "oscillation_cost": 95.30386265588272, "completition_cost": 777.7777777777778, "overshoot_cost": 67.27997674678302, "power_cost": 30.740731677246096, "noise_cost": 27.710704444924765, "n_waypoints_completed": 2, "tot_waypoints": 9}}
{"target": -1320.964729710859, "params": {"k_pid_pos": [0.004406935069710016, 0.0030731260776519775, 0.010281801223754883], "k_pid_alt": [0.0007495880126953125, 1.0, 0.9799588918685913], "k_pid_att": [100.0, 9.999999747378752e-05, 0.9430081844329834], "k_pid_yaw": [0.5, 1e-06, 0.1], "k_pid_hsp": [9.745895385742188, 0.996006429195404, 0.0034741759300231934], "k_pid_vsp": [400.0, 394.9324951171875, 5.635524749755859]}, "datetime": {"datetime": "2025-08-14 01:38:01", "elapsed": 57009.73529267311, "delta": 29.430503845214844}, "costs": {"total_cost": 1320.964729710859, "time_cost": 150, "final_distance_cost": 47.51494436241606, "oscillation_cost": 20.66636627168541, "completition_cost": 1000.0, "overshoot_cost": 41.15910394865338, "power_cost": 28.84798114013672, "noise_cost": 32.776333987967604, "n_waypoints_completed": 0, "tot_waypoints": 9}}
{"target": -1495.8754012057004, "params": {"k_pid_pos": [0.06012757867574692, 0.08894458413124084, 0.0069921910762786865], "k_pid_alt": [0.0, 1.0, 0.9539022445678711], "k_pid_att": [100.0, 0.0039930385537445545, 0.9922724962234497], "k_pid_yaw": [0.5, 1e-06, 0.1], "k_pid_hsp": [9.76167106628418, 0.9863309264183044, 0.08854866027832031], "k_pid_vsp": [400.0, 398.9581604003906, 1.9452581405639648]}, "datetime": {"datetime": "2025-08-14 01:38:33", "elapsed": 57041.384643793106, "delta": 31.649351119995117}, "costs": {"total_cost": 1495.8754012057004, "time_cost": 150, "final_distance_cost": 93.42746609627667, "oscillation_cost": 353.1131008125102, "completition_cost": 777.7777777777778, "overshoot_cost": 59.53725173371997, "power_cost": 33.018278967285156, "noise_cost": 29.001525818130574, "n_waypoints_completed": 2, "tot_waypoints": 9}}
{"target": -1243.9730639316656, "params": {"k_pid_pos": [0.032609134912490845, 0.1013462245464325, 0.0022431612014770508], "k_pid_alt": [0.0, 1.0, 0.8955576419830322], "k_pid_att": [100.0, 9.999999747378752e-05, 0.9678412079811096], "k_pid_yaw": [0.5, 1e-06, 0.1], "k_pid_hsp": [9.7521333694458, 0.9756661653518677, 0.008813560009002686], "k_pid_vsp": [400.0, 389.9502868652344, 10.076952934265137]}, "datetime": {"datetime": "2025-08-14 01:39:04", "elapsed": 57072.84779405594, "delta": 31.46315026283264}, "costs": {"total_cost": 1243.9730639316656, "time_cost": 150, "final_distance_cost": 63.442959635112224, "oscillation_cost": 37.267989416964184, "completition_cost": 888.8888888888888, "overshoot_cost": 51.11878101452716, "power_cost": 25.87696394042969, "noise_cost": 27.377481035743408, "n_waypoints_completed": 1, "tot_waypoints": 9}}
{"target": -743.6291780408992, "params": {"k_pid_pos": [0.15570606291294098, 0.055787086486816406, 0.010340750217437744], "k_pid_alt": [0.0, 1.0, 0.9921215176582336], "k_pid_att": [100.0, 9.999999747378752e-05, 0.9874036312103271], "k_pid_yaw": [0.5, 1e-06, 0.1], "k_pid_hsp": [9.940947532653809, 0.9771323204040527, 0.01465180516242981], "k_pid_vsp": [400.0, 360.7496337890625, 1.9811758995056152]}, "datetime": {"datetime": "2025-08-14 01:39:33", "elapsed": 57101.5481197834, "delta": 28.70032572746277}, "costs": {"total_cost": 743.6291780408992, "time_cost": 150, "final_distance_cost": 71.39160094341132, "oscillation_cost": 172.5284861914758, "completition_cost": 222.2222222222222, "overshoot_cost": 67.27328142106602, "power_cost": 27.202401293945314, "noise_cost": 33.01118596877863, "n_waypoints_completed": 7, "tot_waypoints": 9}}
{"target": -1055.8593555364928, "params": {"k_pid_pos": [0.10580069571733475, 0.012759894132614136, 0.11699125170707703], "k_pid_alt": [0.0, 0.9999233484268188, 0.9829403162002563], "k_pid_att": [100.0, 9.999999747378752e-05, 0.9982489347457886], "k_pid_yaw": [0.5, 1e-06, 0.1], "k_pid_hsp": [9.857197761535645, 0.9832857847213745, 0.006936609745025635], "k_pid_vsp": [400.0, 391.4792175292969, 13.859404563903809]}, "datetime": {"datetime": "2025-08-14 01:40:05", "elapsed": 57133.765769958496, "delta": 32.217650175094604}, "costs": {"total_cost": 1055.8593555364928, "time_cost": 150, "final_distance_cost": 52.58204556892749, "oscillation_cost": 54.74938573560946, "completition_cost": 666.6666666666667, "overshoot_cost": 69.81124556531479, "power_cost": 31.39912626953125, "noise_cost": 30.65088573044301, "n_waypoints_completed": 3, "tot_waypoints": 9}}
{"target": -1187.4295966157022, "params": {"k_pid_pos": [0.03772998973727226, 0.026006102561950684, 0.02182886004447937], "k_pid_alt": [0.006878912448883057, 1.0, 0.9332931637763977], "k_pid_att": [100.0, 9.999999747378752e-05, 0.9976317882537842], "k_pid_yaw": [0.5, 1e-06, 0.1], "k_pid_hsp": [9.918037414550781, 0.9122744798660278, 0.011918872594833374], "k_pid_vsp": [378.336669921875, 394.3751220703125, 10.438311576843262]}, "datetime": {"datetime": "2025-08-14 01:40:36", "elapsed": 57164.69778370857, "delta": 30.932013750076294}, "costs": {"total_cost": 1187.4295966157022, "time_cost": 150, "final_distance_cost": 79.63764669031482, "oscillation_cost": 49.1618689094291, "completition_cost": 777.7777777777778, "overshoot_cost": 79.4016646198378, "power_cost": 23.80942136230469, "noise_cost": 27.641217256037912, "n_waypoints_completed": 2, "tot_waypoints": 9}}
{"target": -1092.4145020337787, "params": {"k_pid_pos": [0.07892004400491714, 0.01817476749420166, 0.05260106921195984], "k_pid_alt": [0.0, 0.9958646297454834, 0.9779725670814514], "k_pid_att": [100.0, 9.999999747378752e-05, 0.9344067573547363], "k_pid_yaw": [0.5, 1e-06, 0.1], "k_pid_hsp": [9.973074913024902, 0.9951951503753662, 0.0811699628829956], "k_pid_vsp": [400.0, 398.16925048828125, 5.478907585144043]}, "datetime": {"datetime": "2025-08-14 01:41:07", "elapsed": 57195.98581695557, "delta": 31.28803324699402}, "costs": {"total_cost": 1092.4145020337787, "time_cost": 150, "final_distance_cost": 60.93029629523756, "oscillation_cost": 82.82594681382058, "completition_cost": 666.6666666666667, "overshoot_cost": 74.01853204902297, "power_cost": 30.08927225341797, "noise_cost": 27.883787955612974, "n_waypoints_completed": 3, "tot_waypoints": 9}}
