{"target": -945.6030641781643, "params": {"k_pid_pos": [0.14793787896633148, 0.007080733776092529, 0.08076664805412292], "k_pid_alt": [0.0, 1.0, 0.9805518388748169], "k_pid_att": [100.0, 9.999999747378752e-05, 0.989249587059021], "k_pid_yaw": [0.5, 1e-06, 0.1], "k_pid_hsp": [9.199209213256836, 0.981628954410553, 0.01718837022781372], "k_pid_vsp": [400.0, 394.5453186035156, 3.773153781890869]}, "datetime": {"datetime": "2025-08-13 23:21:19", "elapsed": 48807.405724048615, "delta": 31.32015085220337}, "costs": {"total_cost": 945.6030641781643, "time_cost": 150, "final_distance_cost": 45.79991689735867, "oscillation_cost": 63.16965346991716, "completition_cost": 555.5555555555555, "overshoot_cost": 69.46582937466243, "power_cost": 28.267568103027344, "noise_cost": 33.344540777643154, "n_waypoints_completed": 4, "tot_waypoints": 9}}
{"target": -1345.267744893532, "params": {"k_pid_pos": [0.0688033178448677, 0.12271064519882202, 0.003959447145462036], "k_pid_alt": [1.3709068298339844e-06, 1.0, 0.9435575008392334], "k_pid_att": [99.50597381591797, 0.0010244587901979685, 0.9934755563735962], "k_pid_yaw": [0.5, 1e-06, 0.1], "k_pid_hsp": [8.326499938964844, 0.9531934857368469, 0.028584599494934082], "k_pid_vsp": [399.99322509765625, 398.5302734375, 2.7440319061279297]}, "datetime": {"datetime": "2025-08-13 23:21:49", "elapsed": 48837.70546913147, "delta": 30.299745082855225}, "costs": {"total_cost": 1345.267744893532, "time_cost": 150, "final_distance_cost": 70.65610238186272, "oscillation_cost": 93.32238618507184, "completition_cost": 777.7777777777778, "overshoot_cost": 123.38092061675896, "power_cost": 46.286187109375, "noise_cost": 83.84437082268539, "n_waypoints_completed": 2, "tot_waypoints": 9}}
{"target": -1227.4871593079886, "params": {"k_pid_pos": [0.12227924168109894, 0.017327815294265747, 0.043070703744888306], "k_pid_alt": [0.0, 0.9999998807907104, 0.9687509536743164], "k_pid_att": [100.0, 0.000106258419691585, 0.9963135719299316], "k_pid_yaw": [0.5, 1e-06, 0.1], "k_pid_hsp": [9.69611930847168, 0.9354285001754761, 0.0755966305732727], "k_pid_vsp": [400.0, 394.760498046875, 5.611217975616455]}, "datetime": {"datetime": "2025-08-13 23:22:20", "elapsed": 48869.00658798218, "delta": 31.301118850708008}, "costs": {"total_cost": 1227.4871593079886, "time_cost": 150, "final_distance_cost": 53.920160363054, "oscillation_cost": 335.4673510283447, "completition_cost": 555.5555555555555, "overshoot_cost": 72.79178423047303, "power_cost": 29.897729943847658, "noise_cost": 29.854578186713443, "n_waypoints_completed": 4, "tot_waypoints": 9}}
{"target": -1277.5400013668507, "params": {"k_pid_pos": [0.08028486371040344, 0.014425545930862427, 0.01608508825302124], "k_pid_alt": [1.937243103981018, 1.0, 0.9683945178985596], "k_pid_att": [100.0, 9.999999747378752e-05, 0.9901135563850403], "k_pid_yaw": [0.5, 1e-06, 0.1], "k_pid_hsp": [9.888261795043945, 0.9870945811271667, 0.07307857275009155], "k_pid_vsp": [400.0, 392.2466735839844, 15.230537414550781]}, "datetime": {"datetime": "2025-08-13 23:22:51", "elapsed": 48899.179528713226, "delta": 30.172940731048584}, "costs": {"total_cost": 1277.5400013668507, "time_cost": 150, "final_distance_cost": 53.9360822710736, "oscillation_cost": 279.44713886564136, "completition_cost": 666.6666666666667, "overshoot_cost": 63.96967514907983, "power_cost": 33.81039530029297, "noise_cost": 29.710043114095964, "n_waypoints_completed": 3, "tot_waypoints": 9}}
{"target": -1224.587563429174, "params": {"k_pid_pos": [0.03788537159562111, 0.035091668367385864, 0.004921555519104004], "k_pid_alt": [0.0, 1.0, 0.9830973148345947], "k_pid_att": [100.0, 9.999999747378752e-05, 0.97557133436203], "k_pid_yaw": [0.5, 1e-06, 0.1], "k_pid_hsp": [9.917781829833984, 0.9949456453323364, 0.03881224989891052], "k_pid_vsp": [397.32232666015625, 386.4921569824219, 24.541522979736328]}, "datetime": {"datetime": "2025-08-13 23:23:21", "elapsed": 48929.26328253746, "delta": 30.08375382423401}, "costs": {"total_cost": 1224.587563429174, "time_cost": 150, "final_distance_cost": 90.6020879457228, "oscillation_cost": 75.72486194752915, "completition_cost": 777.7777777777778, "overshoot_cost": 75.35229893181284, "power_cost": 28.114981701660156, "noise_cost": 27.015555124671547, "n_waypoints_completed": 2, "tot_waypoints": 9}}
{"target": -970.3492212660664, "params": {"k_pid_pos": [0.11330781877040863, 0.02188730239868164, 0.022236108779907227], "k_pid_alt": [0.0, 1.0, 0.9847354888916016], "k_pid_att": [100.0, 9.999999747378752e-05, 0.9854268431663513], "k_pid_yaw": [0.5, 1e-06, 0.1], "k_pid_hsp": [9.688475608825684, 0.9932869076728821, 0.02095925807952881], "k_pid_vsp": [400.0, 383.0082702636719, 48.472415924072266]}, "datetime": {"datetime": "2025-08-13 23:23:52", "elapsed": 48960.31597042084, "delta": 31.052687883377075}, "costs": {"total_cost": 970.3492212660664, "time_cost": 150, "final_distance_cost": 49.144916440707824, "oscillation_cost": 74.80976628486054, "completition_cost": 555.5555555555555, "overshoot_cost": 73.7311588628776, "power_cost": 34.70339708251953, "noise_cost": 32.40442703954532, "n_waypoints_completed": 4, "tot_waypoints": 9}}
{"target": -570.2051817208608, "params": {"k_pid_pos": [0.261915385723114, 0.02047613263130188, 0.09222924709320068], "k_pid_alt": [2.384185791015625e-07, 1.0, 0.9859870076179504], "k_pid_att": [100.0, 9.999999747378752e-05, 0.9524474143981934], "k_pid_yaw": [0.5, 1e-06, 0.1], "k_pid_hsp": [9.2881498336792, 0.9898970127105713, 0.0060540735721588135], "k_pid_vsp": [400.0, 392.86834716796875, 5.187643527984619]}, "datetime": {"datetime": "2025-08-13 23:24:23", "elapsed": 48991.209288835526, "delta": 30.89331841468811}, "costs": {"total_cost": 570.2051817208608, "time_cost": 150, "final_distance_cost": 64.76665637414487, "oscillation_cost": 121.6879675388828, "completition_cost": 111.11111111111116, "overshoot_cost": 66.19629761378563, "power_cost": 24.2631458984375, "noise_cost": 32.18000318449881, "n_waypoints_completed": 8, "tot_waypoints": 9}}
{"target": -1215.8991250838005, "params": {"k_pid_pos": [0.036585696041584015, 0.021893322467803955, 0.01061481237411499], "k_pid_alt": [0.0, 1.0, 0.986237645149231], "k_pid_att": [100.0, 9.999493598937988, 0.8317335844039917], "k_pid_yaw": [0.5, 1e-06, 0.1], "k_pid_hsp": [9.343694686889648, 0.9669449925422668, 0.006943225860595703], "k_pid_vsp": [400.0, 332.66656494140625, 4.065168857574463]}, "datetime": {"datetime": "2025-08-13 23:24:53", "elapsed": 49021.99923872948, "delta": 30.789949893951416}, "costs": {"total_cost": 1215.8991250838005, "time_cost": 150, "final_distance_cost": 76.21539975173118, "oscillation_cost": 29.132282378814885, "completition_cost": 777.7777777777778, "overshoot_cost": 97.76388378764794, "power_cost": 40.02989180908203, "noise_cost": 44.97988957874668, "n_waypoints_completed": 2, "tot_waypoints": 9}}
{"target": -325.0668961285402, "params": {"k_pid_pos": [0.28017082810401917, 0.023792684078216553, 0.0032997429370880127], "k_pid_alt": [1.0371208190917969e-05, 1.0, 0.9802906513214111], "k_pid_att": [100.0, 9.999999747378752e-05, 0.9750368595123291], "k_pid_yaw": [0.5, 1e-06, 0.1], "k_pid_hsp": [6.806005001068115, 0.9972392320632935, 0.019222795963287354], "k_pid_vsp": [399.9999694824219, 396.31439208984375, 12.336588859558105]}, "datetime": {"datetime": "2025-08-13 23:25:24", "elapsed": 49052.21056008339, "delta": 30.211321353912354}, "costs": {"total_cost": 325.0668961285402, "time_cost": 118.3, "final_distance_cost": 1.8205117133690978, "oscillation_cost": 82.35105259396752, "completition_cost": 0.0, "overshoot_cost": 67.55583226916616, "power_cost": 24.941065234375, "noise_cost": 30.09843431766239, "n_waypoints_completed": 9, "tot_waypoints": 9}}
{"target": -1176.1076421404152, "params": {"k_pid_pos": [0.07468623667955399, 0.011346697807312012, 0.010918259620666504], "k_pid_alt": [0.0, 1.0, 0.9437537789344788], "k_pid_att": [99.99998474121094, 9.999999747378752e-05, 0.952143132686615], "k_pid_yaw": [0.5, 1e-06, 0.1], "k_pid_hsp": [9.143709182739258, 0.9736388921737671, 0.0032352805137634277], "k_pid_vsp": [400.0, 393.64447021484375, 49.38299560546875]}, "datetime": {"datetime": "2025-08-13 23:25:55", "elapsed": 49083.40696835518, "delta": 31.19640827178955}, "costs": {"total_cost": 1176.1076421404152, "time_cost": 150, "final_distance_cost": 95.08870012974225, "oscillation_cost": 29.12652870980931, "completition_cost": 777.7777777777778, "overshoot_cost": 62.216642761340594, "power_cost": 32.50264724121094, "noise_cost": 29.395345520534192, "n_waypoints_completed": 2, "tot_waypoints": 9}}
{"target": -1228.4617261682024, "params": {"k_pid_pos": [0.03853181004524231, 0.018369346857070923, 0.08059042692184448], "k_pid_alt": [0.0, 1.0, 0.9888817667961121], "k_pid_att": [100.0, 9.999999747378752e-05, 0.9940758943557739], "k_pid_yaw": [0.5, 1e-06, 0.1], "k_pid_hsp": [9.914782524108887, 0.9897223114967346, 0.055824071168899536], "k_pid_vsp": [400.0, 399.2768249511719, 4.946554660797119]}, "datetime": {"datetime": "2025-08-13 23:26:25", "elapsed": 49113.32526254654, "delta": 29.918294191360474}, "costs": {"total_cost": 1228.4617261682024, "time_cost": 150, "final_distance_cost": 90.07665893949861, "oscillation_cost": 66.30758007286597, "completition_cost": 777.7777777777778, "overshoot_cost": 81.44487183966709, "power_cost": 31.529525598144534, "noise_cost": 31.325311940248348, "n_waypoints_completed": 2, "tot_waypoints": 9}}
{"target": -1098.328396854446, "params": {"k_pid_pos": [0.10617296397686005, 0.019674330949783325, 0.11157482862472534], "k_pid_alt": [0.00028258562088012695, 1.0, 0.9753553867340088], "k_pid_att": [100.0, 9.999999747378752e-05, 0.9990183115005493], "k_pid_yaw": [0.5, 1e-06, 0.1], "k_pid_hsp": [9.934356689453125, 0.99372798204422, 0.007769376039505005], "k_pid_vsp": [400.0, 395.6802062988281, 4.481137752532959]}, "datetime": {"datetime": "2025-08-13 23:26:55", "elapsed": 49143.61458492279, "delta": 30.28932237625122}, "costs": {"total_cost": 1098.328396854446, "time_cost": 150, "final_distance_cost": 51.77213667500098, "oscillation_cost": 101.72160829119196, "completition_cost": 666.6666666666667, "overshoot_cost": 68.18812631437874, "power_cost": 26.016664392089844, "noise_cost": 33.96319451511797, "n_waypoints_completed": 3, "tot_waypoints": 9}}
{"target": -1257.772600174774, "params": {"k_pid_pos": [0.016489682719111443, 0.001757800579071045, 0.03924044966697693], "k_pid_alt": [0.0, 1.0, 0.9911167025566101], "k_pid_att": [100.0, 9.999999747378752e-05, 0.9956202507019043], "k_pid_yaw": [0.5, 1e-06, 0.1], "k_pid_hsp": [9.706389427185059, 0.9899702072143555, 0.021152615547180176], "k_pid_vsp": [400.0, 396.1818542480469, 5.1687726974487305]}, "datetime": {"datetime": "2025-08-13 23:27:25", "elapsed": 49173.8526096344, "delta": 30.238024711608887}, "costs": {"total_cost": 1257.772600174774, "time_cost": 150, "final_distance_cost": 46.15439440202887, "oscillation_cost": 52.74542846514379, "completition_cost": 888.8888888888888, "overshoot_cost": 68.37704755153759, "power_cost": 22.106953955078126, "noise_cost": 29.499886912096716, "n_waypoints_completed": 1, "tot_waypoints": 9}}
{"target": -1293.439314514113, "params": {"k_pid_pos": [0.02721303515136242, 0.007821500301361084, 0.01507347822189331], "k_pid_alt": [0.0001024007797241211, 1.0, 0.9558649063110352], "k_pid_att": [100.0, 9.999999747378752e-05, 0.9733799695968628], "k_pid_yaw": [0.5, 1e-06, 0.1], "k_pid_hsp": [9.554102897644043, 0.9276867508888245, 0.030171215534210205], "k_pid_vsp": [400.0, 390.20318603515625, 27.66254234313965]}, "datetime": {"datetime": "2025-08-13 23:27:57", "elapsed": 49205.57570171356, "delta": 31.723092079162598}, "costs": {"total_cost": 1293.439314514113, "time_cost": 150, "final_distance_cost": 61.534679659169456, "oscillation_cost": 70.06294783868957, "completition_cost": 888.8888888888888, "overshoot_cost": 70.44665572552563, "power_cost": 25.8093962890625, "noise_cost": 26.696746112777063, "n_waypoints_completed": 1, "tot_waypoints": 9}}
{"target": -1069.3378380404827, "params": {"k_pid_pos": [0.05987433344125748, 0.01397782564163208, 0.007943600416183472], "k_pid_alt": [1.910447359085083, 1.0, 0.997238278388977], "k_pid_att": [99.99957275390625, 9.999999747378752e-05, 0.9886043071746826], "k_pid_yaw": [0.5, 1e-06, 0.1], "k_pid_hsp": [9.863970756530762, 0.978792667388916, 0.020040363073349], "k_pid_vsp": [400.0, 397.479736328125, 58.066463470458984]}, "datetime": {"datetime": "2025-08-13 23:28:29", "elapsed": 49237.528889894485, "delta": 31.953188180923462}, "costs": {"total_cost": 1069.3378380404827, "time_cost": 150, "final_distance_cost": 76.90483830587219, "oscillation_cost": 66.59645312290355, "completition_cost": 666.6666666666667, "overshoot_cost": 60.191961759537556, "power_cost": 23.21776865234375, "noise_cost": 25.760149533158945, "n_waypoints_completed": 3, "tot_waypoints": 9}}
{"target": -1321.1172151140254, "params": {"k_pid_pos": [0.053833287209272385, 0.03646448254585266, 0.020872384309768677], "k_pid_alt": [2.7418136596679688e-06, 1.0, 0.9531618356704712], "k_pid_att": [100.0, 9.999999747378752e-05, 0.9837586879730225], "k_pid_yaw": [0.5, 1e-06, 0.1], "k_pid_hsp": [9.882742881774902, 0.9934742450714111, 0.07753798365592957], "k_pid_vsp": [400.0, 395.8553771972656, 1.7877111434936523]}, "datetime": {"datetime": "2025-08-13 23:28:59", "elapsed": 49267.32328701019, "delta": 29.794397115707397}, "costs": {"total_cost": 1321.1172151140254, "time_cost": 150, "final_distance_cost": 71.68002540674406, "oscillation_cost": 293.8640489933323, "completition_cost": 666.6666666666667, "overshoot_cost": 78.39850283134275, "power_cost": 31.76882819824219, "noise_cost": 28.73914301769736, "n_waypoints_completed": 3, "tot_waypoints": 9}}
{"target": -1287.7535544036305, "params": {"k_pid_pos": [0.014236441813409328, 0.024092406034469604, 0.0015700459480285645], "k_pid_alt": [0.0, 0.9999998807907104, 0.9388129711151123], "k_pid_att": [100.0, 9.999999747378752e-05, 0.8956917524337769], "k_pid_yaw": [0.5, 1e-06, 0.1], "k_pid_hsp": [9.32592487335205, 0.9422882199287415, 0.016088873147964478], "k_pid_vsp": [400.0, 390.7289733886719, 3.7207016944885254]}, "datetime": {"datetime": "2025-08-13 23:29:30", "elapsed": 49298.51150083542, "delta": 31.18821382522583}, "costs": {"total_cost": 1287.7535544036305, "time_cost": 150, "final_distance_cost": 65.08597820276809, "oscillation_cost": 41.08327522604891, "completition_cost": 888.8888888888888, "overshoot_cost": 82.00615754637978, "power_cost": 28.329104931640625, "noise_cost": 32.36014960790398, "n_waypoints_completed": 1, "tot_waypoints": 9}}
{"target": -883.1482404984422, "params": {"k_pid_pos": [0.1499003767967224, 0.008370965719223022, 0.005087673664093018], "k_pid_alt": [0.0, 1.0, 0.975596010684967], "k_pid_att": [100.0, 9.999999747378752e-05, 0.9905820488929749], "k_pid_yaw": [0.5, 1e-06, 0.1], "k_pid_hsp": [9.928040504455566, 0.9964181184768677, 0.008072227239608765], "k_pid_vsp": [400.0, 398.6558532714844, 5.222583770751953]}, "datetime": {"datetime": "2025-08-13 23:29:59", "elapsed": 49327.593113422394, "delta": 29.081612586975098}, "costs": {"total_cost": 883.1482404984422, "time_cost": 150, "final_distance_cost": 54.72549767981334, "oscillation_cost": 112.82241727429408, "completition_cost": 444.4444444444444, "overshoot_cost": 67.13823386401673, "power_cost": 22.513112500000002, "noise_cost": 31.504534735873733, "n_waypoints_completed": 5, "tot_waypoints": 9}}
{"target": -832.6684828200955, "params": {"k_pid_pos": [0.16470913589000702, 0.008869320154190063, 0.032226383686065674], "k_pid_alt": [0.0, 1.0, 0.951784610748291], "k_pid_att": [100.0, 9.999999747378752e-05, 0.995030403137207], "k_pid_yaw": [0.5, 1e-06, 0.1], "k_pid_hsp": [9.794876098632812, 0.9342839121818542, 0.0013011693954467773], "k_pid_vsp": [400.0, 394.4267272949219, 4.030717372894287]}, "datetime": {"datetime": "2025-08-13 23:30:30", "elapsed": 49358.41277837753, "delta": 30.81966495513916}, "costs": {"total_cost": 832.6684828200955, "time_cost": 150, "final_distance_cost": 53.716445739865115, "oscillation_cost": 57.53420328074441, "completition_cost": 444.4444444444444, "overshoot_cost": 66.18119251567089, "power_cost": 27.034790502929688, "noise_cost": 33.757406336440965, "n_waypoints_completed": 5, "tot_waypoints": 9}}
{"target": -25808.245307514622, "params": {"k_pid_pos": [0.03390999883413315, 0.017161667346954346, 0.006588190793991089], "k_pid_alt": [0.0, 0.9995464086532593, 0.9851147532463074], "k_pid_att": [0.0023037195205688477, 9.999999747378752e-05, 0.9768549203872681], "k_pid_yaw": [0.5, 1e-06, 0.1], "k_pid_hsp": [9.874887466430664, 0.9553145170211792, 0.016405701637268066], "k_pid_vsp": [400.0, 398.93017578125, 4.383874893188477]}, "datetime": {"datetime": "2025-08-13 23:31:01", "elapsed": 49389.379338264465, "delta": 30.966559886932373}, "costs": {"total_cost": 25808.245307514622, "time_cost": 150, "final_distance_cost": 9905.591689436142, "oscillation_cost": 5.137006368241937, "completition_cost": 888.8888888888888, "overshoot_cost": 14712.33273428313, "power_cost": 45.52984187011719, "noise_cost": 100.76514666810053, "n_waypoints_completed": 1, "tot_waypoints": 9}}
{"target": -1330.2781921006097, "params": {"k_pid_pos": [0.0053404164500534534, 0.0376167893409729, 0.0753069818019867], "k_pid_alt": [0.0, 0.9378348588943481, 0.9273779392242432], "k_pid_att": [99.99996185302734, 0.06757833808660507, 0.9808560609817505], "k_pid_yaw": [0.5, 1e-06, 0.1], "k_pid_hsp": [9.938172340393066, 0.9968045949935913, 0.03333330154418945], "k_pid_vsp": [400.0, 392.70477294921875, 21.2535400390625]}, "datetime": {"datetime": "2025-08-13 23:31:32", "elapsed": 49420.88756990433, "delta": 31.50823163986206}, "costs": {"total_cost": 1330.2781921006097, "time_cost": 150, "final_distance_cost": 64.37561472179502, "oscillation_cost": 59.84547541292763, "completition_cost": 888.8888888888888, "overshoot_cost": 103.88230655058258, "power_cost": 33.794897216796876, "noise_cost": 29.491009309618743, "n_waypoints_completed": 1, "tot_waypoints": 9}}
{"target": -1779.9269250128386, "params": {"k_pid_pos": [0.02610533870756626, 0.019745439291000366, 0.06392154097557068], "k_pid_alt": [0.0, 1.0, 0.9747782945632935], "k_pid_att": [99.99990844726562, 9.999999747378752e-05, 0.9897623658180237], "k_pid_yaw": [0.5, 1e-06, 0.1], "k_pid_hsp": [9.925304412841797, 0.9910831451416016, 0.0725557804107666], "k_pid_vsp": [399.9989318847656, 393.9002380371094, 19.29574203491211]}, "datetime": {"datetime": "2025-08-13 23:32:01", "elapsed": 49449.39155459404, "delta": 28.503984689712524}, "costs": {"total_cost": 1779.9269250128386, "time_cost": 150, "final_distance_cost": 76.35898094553677, "oscillation_cost": 534.1711095419475, "completition_cost": 888.8888888888888, "overshoot_cost": 69.63146949996033, "power_cost": 33.96811920166016, "noise_cost": 26.90835693484529, "n_waypoints_completed": 1, "tot_waypoints": 9}}
{"target": -1152.0309258329155, "params": {"k_pid_pos": [0.02985428273677826, 0.08517986536026001, 0.23324733972549438], "k_pid_alt": [0.0005756616592407227, 1.0, 0.9645716547966003], "k_pid_att": [100.0, 9.999999747378752e-05, 0.987690806388855], "k_pid_yaw": [0.5, 1e-06, 0.1], "k_pid_hsp": [9.269576072692871, 0.9798070192337036, 0.015177339315414429], "k_pid_vsp": [400.0, 393.2774658203125, 0.8330116868019104]}, "datetime": {"datetime": "2025-08-13 23:32:33", "elapsed": 49482.10030865669, "delta": 32.70875406265259}, "costs": {"total_cost": 1152.0309258329155, "time_cost": 150, "final_distance_cost": 69.78947833790612, "oscillation_cost": 119.99066500507804, "completition_cost": 666.6666666666667, "overshoot_cost": 94.98433560134708, "power_cost": 22.26047205810547, "noise_cost": 28.339308163811904, "n_waypoints_completed": 3, "tot_waypoints": 9}}
{"target": -1066.4474518735292, "params": {"k_pid_pos": [0.07693381607532501, 0.017497152090072632, 0.014168202877044678], "k_pid_alt": [5.960464477539063e-08, 1.0, 0.9634068608283997], "k_pid_att": [100.0, 9.999999747378752e-05, 0.9952341914176941], "k_pid_yaw": [0.5, 1e-06, 0.1], "k_pid_hsp": [9.691746711730957, 0.9682332277297974, 0.0053498148918151855], "k_pid_vsp": [400.0, 395.53643798828125, 8.792078971862793]}, "datetime": {"datetime": "2025-08-13 23:33:04", "elapsed": 49512.904200553894, "delta": 30.803891897201538}, "costs": {"total_cost": 1066.4474518735292, "time_cost": 150, "final_distance_cost": 53.62746518140748, "oscillation_cost": 45.45300923687816, "completition_cost": 666.6666666666667, "overshoot_cost": 75.44794259313092, "power_cost": 40.60178662109375, "noise_cost": 34.65058157435206, "n_waypoints_completed": 3, "tot_waypoints": 9}}
{"target": -1109.9047497497202, "params": {"k_pid_pos": [0.13904441893100739, 0.051311761140823364, 0.058511704206466675], "k_pid_alt": [5.054473876953125e-05, 0.9999999403953552, 0.9881895780563354], "k_pid_att": [100.0, 9.999999747378752e-05, 0.9921878576278687], "k_pid_yaw": [0.5, 1e-06, 0.1], "k_pid_hsp": [9.929407119750977, 0.9053943157196045, 0.08286559581756592], "k_pid_vsp": [400.0, 395.27410888671875, 5.631173610687256]}, "datetime": {"datetime": "2025-08-13 23:33:36", "elapsed": 49544.36817359924, "delta": 31.46397304534912}, "costs": {"total_cost": 1109.9047497497202, "time_cost": 150, "final_distance_cost": 51.451811839596104, "oscillation_cost": 76.4329967461928, "completition_cost": 666.6666666666667, "overshoot_cost": 66.4103418311931, "power_cost": 43.14655693359375, "noise_cost": 55.796375732477685, "n_waypoints_completed": 3, "tot_waypoints": 9}}
