{"target": -301.1343510359103, "params": {"k_pid_pos": [0.4596055746078491, 0.7851871252059937, 0.5072188973426819], "k_pid_alt": [1.4315009117126465, 0.49416759610176086, 0.9227150678634644], "k_pid_att": [99.99991607666016, 0.00018195556185673922, 0.8984259366989136], "k_pid_yaw": [0.5, 1e-06, 0.1], "k_pid_hsp": [9.596047401428223, 0.15173709392547607, 0.0120144784450531], "k_pid_vsp": [399.96600341796875, 366.8719787597656, 17.698694229125977]}, "datetime": {"datetime": "2025-08-13 14:26:08", "elapsed": 16696.117365837097, "delta": 24.631276607513428}, "costs": {"total_cost": 301.1343510359103, "time_cost": 98.161, "final_distance_cost": 1.8042196467207963, "oscillation_cost": 96.2571703202556, "completition_cost": 0.0, "overshoot_cost": 53.4244254354586, "power_cost": 26.93724753417969, "noise_cost": 24.550288099295624, "n_waypoints_completed": 9, "tot_waypoints": 9}}
{"target": -1287.9364932501037, "params": {"k_pid_pos": [0.33154532313346863, 0.1289217472076416, 0.5088590979576111], "k_pid_alt": [0.0, 0.9999895095825195, 0.9450194239616394], "k_pid_att": [100.0, 0.0019778255373239517, 0.9524346590042114], "k_pid_yaw": [0.5, 1e-06, 0.1], "k_pid_hsp": [9.175564765930176, 0.9021214246749878, 0.07098737359046936], "k_pid_vsp": [398.6257019042969, 195.431884765625, 11.332775115966797]}, "datetime": {"datetime": "2025-08-13 14:26:38", "elapsed": 16726.93300652504, "delta": 30.815640687942505}, "costs": {"total_cost": 1287.9364932501037, "time_cost": 150, "final_distance_cost": 78.43826913972157, "oscillation_cost": 582.7402637651227, "completition_cost": 333.33333333333337, "overshoot_cost": 66.78206846943255, "power_cost": 45.13272850341797, "noise_cost": 31.509830039075705, "n_waypoints_completed": 6, "tot_waypoints": 9}}
{"target": -641.7851223922535, "params": {"k_pid_pos": [0.19010485708713531, 0.4702184796333313, 0.04227706789970398], "k_pid_alt": [1.9679088592529297, 0.1092555820941925, 0.9674923419952393], "k_pid_att": [99.10369110107422, 0.00016943871742114425, 0.8638938665390015], "k_pid_yaw": [0.5, 1e-06, 0.1], "k_pid_hsp": [7.649375915527344, 0.9540241956710815, 0.0356716513633728], "k_pid_vsp": [400.0, 256.7498474121094, 7.4453840255737305]}, "datetime": {"datetime": "2025-08-13 14:27:08", "elapsed": 16757.039490938187, "delta": 30.106484413146973}, "costs": {"total_cost": 641.7851223922535, "time_cost": 150, "final_distance_cost": 70.25267331735559, "oscillation_cost": 89.32599975078013, "completition_cost": 222.2222222222222, "overshoot_cost": 46.20804800907042, "power_cost": 31.359873986816407, "noise_cost": 32.41630510600879, "n_waypoints_completed": 7, "tot_waypoints": 9}}
{"target": -289.50053526631103, "params": {"k_pid_pos": [1.1196587085723877, 0.7093046307563782, 0.06438985466957092], "k_pid_alt": [1.9999589920043945, 0.00033232569694519043, 0.7820538282394409], "k_pid_att": [100.0, 0.021365830674767494, 0.9751676321029663], "k_pid_yaw": [0.5, 1e-06, 0.1], "k_pid_hsp": [3.677666187286377, 0.7175520658493042, 0.08189517259597778], "k_pid_vsp": [343.15899658203125, 354.2469177246094, 18.01252555847168]}, "datetime": {"datetime": "2025-08-13 14:27:31", "elapsed": 16779.970721006393, "delta": 22.931230068206787}, "costs": {"total_cost": 289.50053526631103, "time_cost": 90.83200000000001, "final_distance_cost": 1.7209682757469453, "oscillation_cost": 78.96516339215238, "completition_cost": 0.0, "overshoot_cost": 62.26398216694075, "power_cost": 29.52082108154297, "noise_cost": 26.197600349927978, "n_waypoints_completed": 9, "tot_waypoints": 9}}
{"target": -322.050369963008, "params": {"k_pid_pos": [0.7055331468582153, 0.08401757478713989, 0.03237900137901306], "k_pid_alt": [0.0, 0.9005225896835327, 0.6107385158538818], "k_pid_att": [100.0, 0.0829383060336113, 0.7870205640792847], "k_pid_yaw": [0.5, 1e-06, 0.1], "k_pid_hsp": [9.907639503479004, 0.8492305278778076, 0.01095592975616455], "k_pid_vsp": [399.9447021484375, 355.42132568359375, 12.451781272888184]}, "datetime": {"datetime": "2025-08-13 14:27:58", "elapsed": 16807.000948429108, "delta": 27.030227422714233}, "costs": {"total_cost": 322.050369963008, "time_cost": 106.96000000000001, "final_distance_cost": 1.8216353604103785, "oscillation_cost": 89.92552890769811, "completition_cost": 0.0, "overshoot_cost": 66.1403512819368, "power_cost": 29.343086755371097, "noise_cost": 27.859767657591664, "n_waypoints_completed": 9, "tot_waypoints": 9}}
{"target": -1749.3084522600088, "params": {"k_pid_pos": [0.15620003640651703, 0.4703797698020935, 0.6173179149627686], "k_pid_alt": [0.0, 0.9999890327453613, 0.8475212454795837], "k_pid_att": [100.0, 9.999999747378752e-05, 0.9618784189224243], "k_pid_yaw": [0.5, 1e-06, 0.1], "k_pid_hsp": [9.657426834106445, 0.7586149573326111, 0.08333912491798401], "k_pid_vsp": [399.9941101074219, 391.00146484375, 68.60360717773438]}, "datetime": {"datetime": "2025-08-13 14:28:29", "elapsed": 16837.881937503815, "delta": 30.88098907470703}, "costs": {"total_cost": 1749.3084522600088, "time_cost": 150, "final_distance_cost": 96.0477859733819, "oscillation_cost": 589.2541340031994, "completition_cost": 777.7777777777778, "overshoot_cost": 60.308084057688085, "power_cost": 45.924076672363285, "noise_cost": 29.996593775598182, "n_waypoints_completed": 2, "tot_waypoints": 9}}
{"target": -258.2452675603601, "params": {"k_pid_pos": [0.5096980333328247, 0.22305834293365479, 0.084178626537323], "k_pid_alt": [1.9829189777374268, 0.0, 0.8546761870384216], "k_pid_att": [3.4778356552124023, 9.999934196472168, 0.825881838798523], "k_pid_yaw": [0.5, 1e-06, 0.1], "k_pid_hsp": [9.931275367736816, 0.9906401634216309, 0.009234011173248291], "k_pid_vsp": [399.99285888671875, 395.90875244140625, 3.306485176086426]}, "datetime": {"datetime": "2025-08-13 14:28:50", "elapsed": 16858.61042714119, "delta": 20.728489637374878}, "costs": {"total_cost": 258.2452675603601, "time_cost": 82.187, "final_distance_cost": 1.8360247261891771, "oscillation_cost": 83.51307604255146, "completition_cost": 0.0, "overshoot_cost": 49.894539739998834, "power_cost": 16.77003601074219, "noise_cost": 24.04459104087841, "n_waypoints_completed": 9, "tot_waypoints": 9}}
{"target": -417.0385327313162, "params": {"k_pid_pos": [1.3312487602233887, 0.20143750309944153, 0.04404565691947937], "k_pid_alt": [0.0, 0.9999935030937195, 0.9610084295272827], "k_pid_att": [100.0, 9.999999747378752e-05, 0.37300434708595276], "k_pid_yaw": [0.5, 1e-06, 0.1], "k_pid_hsp": [9.637091636657715, 0.9037562608718872, 0.004252642393112183], "k_pid_vsp": [400.0, 340.3480529785156, 53.39293670654297]}, "datetime": {"datetime": "2025-08-13 14:29:20", "elapsed": 16888.858090639114, "delta": 30.247663497924805}, "costs": {"total_cost": 417.0385327313162, "time_cost": 119.32900000000001, "final_distance_cost": 1.7726599548005666, "oscillation_cost": 156.24172557955401, "completition_cost": 0.0, "overshoot_cost": 73.68740475965888, "power_cost": 35.162932470703126, "noise_cost": 30.84480996659961, "n_waypoints_completed": 9, "tot_waypoints": 9}}
{"target": -954.1291650004033, "params": {"k_pid_pos": [0.1641864776611328, 0.5495970249176025, 0.07935643196105957], "k_pid_alt": [0.0, 0.8525377511978149, 0.49481916427612305], "k_pid_att": [100.0, 9.99998950958252, 0.935314953327179], "k_pid_yaw": [0.5, 1e-06, 0.1], "k_pid_hsp": [9.392263412475586, 0.868682861328125, 0.003708779811859131], "k_pid_vsp": [400.0, 389.97723388671875, 35.121978759765625]}, "datetime": {"datetime": "2025-08-13 14:29:51", "elapsed": 16919.979387283325, "delta": 31.121296644210815}, "costs": {"total_cost": 954.1291650004033, "time_cost": 150, "final_distance_cost": 55.4566822432167, "oscillation_cost": 80.96409289681623, "completition_cost": 555.5555555555555, "overshoot_cost": 58.41230915453199, "power_cost": 24.40605037841797, "noise_cost": 29.33447477186495, "n_waypoints_completed": 4, "tot_waypoints": 9}}
{"target": -1531.1337556781864, "params": {"k_pid_pos": [0.015579327009618282, 0.8291282653808594, 0.08317810297012329], "k_pid_alt": [0.0, 0.9945003390312195, 0.9029454588890076], "k_pid_att": [100.0, 0.000294011173537001, 0.9361287355422974], "k_pid_yaw": [0.5, 1e-06, 0.1], "k_pid_hsp": [9.344372749328613, 0.951020359992981, 0.24537640810012817], "k_pid_vsp": [399.9408264160156, 306.2615661621094, 4.191184997558594]}, "datetime": {"datetime": "2025-08-13 14:30:22", "elapsed": 16950.661530017853, "delta": 30.682142734527588}, "costs": {"total_cost": 1531.1337556781864, "time_cost": 150, "final_distance_cost": 61.50774995313409, "oscillation_cost": 206.12474581398894, "completition_cost": 1000.0, "overshoot_cost": 49.58618617731534, "power_cost": 32.23121069335938, "noise_cost": 31.683863040388683, "n_waypoints_completed": 0, "tot_waypoints": 9}}
{"target": -1162.4580622019307, "params": {"k_pid_pos": [0.3271065354347229, 0.6202200651168823, 0.060045719146728516], "k_pid_alt": [0.0, 1.0, 0.9798808097839355], "k_pid_att": [100.0, 6.245949745178223, 0.9976457953453064], "k_pid_yaw": [0.5, 1e-06, 0.1], "k_pid_hsp": [8.745399475097656, 0.9487152099609375, 0.09110182523727417], "k_pid_vsp": [398.74456787109375, 388.61126708984375, 10.574127197265625]}, "datetime": {"datetime": "2025-08-13 14:30:54", "elapsed": 16982.267842292786, "delta": 31.60631227493286}, "costs": {"total_cost": 1162.4580622019307, "time_cost": 150, "final_distance_cost": 61.57206555482208, "oscillation_cost": 497.69417570846923, "completition_cost": 333.33333333333337, "overshoot_cost": 60.132301010813215, "power_cost": 29.61264029541016, "noise_cost": 30.113546299082593, "n_waypoints_completed": 6, "tot_waypoints": 9}}
{"target": -1658.1908732591044, "params": {"k_pid_pos": [0.15543386340141296, 0.8988773822784424, 0.7152290344238281], "k_pid_alt": [0.0027747750282287598, 1.0, 0.9953722357749939], "k_pid_att": [99.99998474121094, 9.999999747378752e-05, 0.9829566478729248], "k_pid_yaw": [0.5, 1e-06, 0.1], "k_pid_hsp": [8.784233093261719, 0.9177416563034058, 0.05815628170967102], "k_pid_vsp": [400.0, 380.6445617675781, 12.007237434387207]}, "datetime": {"datetime": "2025-08-13 14:31:30", "elapsed": 17018.635770320892, "delta": 36.36792802810669}, "costs": {"total_cost": 1658.1908732591044, "time_cost": 150, "final_distance_cost": 69.30186598258626, "oscillation_cost": 556.7963245869116, "completition_cost": 777.7777777777778, "overshoot_cost": 46.23533150342311, "power_cost": 30.268695898437503, "noise_cost": 27.810877509967987, "n_waypoints_completed": 2, "tot_waypoints": 9}}
{"target": -791.5692188432141, "params": {"k_pid_pos": [0.3427075147628784, 0.12587743997573853, 0.24319428205490112], "k_pid_alt": [1.0013580322265625e-05, 1.0, 0.9599140882492065], "k_pid_att": [100.0, 9.999999747378752e-05, 0.8848718404769897], "k_pid_yaw": [0.5, 1e-06, 0.1], "k_pid_hsp": [7.316679954528809, 0.8132988214492798, 0.027436405420303345], "k_pid_vsp": [0.05283355712890625, 381.4078369140625, 8.13803768157959]}, "datetime": {"datetime": "2025-08-13 14:32:02", "elapsed": 17050.854140281677, "delta": 32.21836996078491}, "costs": {"total_cost": 791.5692188432141, "time_cost": 150, "final_distance_cost": 71.82623227341972, "oscillation_cost": 221.09464965188124, "completition_cost": 222.2222222222222, "overshoot_cost": 64.14158932472061, "power_cost": 35.26762059326172, "noise_cost": 27.016904777708696, "n_waypoints_completed": 7, "tot_waypoints": 9}}
{"target": -354.3403740323401, "params": {"k_pid_pos": [0.6496198773384094, 0.11748999357223511, 0.02859044075012207], "k_pid_alt": [1.9927366971969604, 0.9999999403953552, 0.7319871783256531], "k_pid_att": [100.0, 0.03979868069291115, 0.9632428884506226], "k_pid_yaw": [0.5, 1e-06, 0.1], "k_pid_hsp": [9.776708602905273, 0.622136116027832, 0.038715094327926636], "k_pid_vsp": [399.9999694824219, 364.17047119140625, 3.5034427642822266]}, "datetime": {"datetime": "2025-08-13 14:32:27", "elapsed": 17075.86122941971, "delta": 25.007089138031006}, "costs": {"total_cost": 354.3403740323401, "time_cost": 96.74000000000001, "final_distance_cost": 1.7778671626473332, "oscillation_cost": 153.8859984894035, "completition_cost": 0.0, "overshoot_cost": 55.36729374190767, "power_cost": 21.357091857910156, "noise_cost": 25.212122780471354, "n_waypoints_completed": 9, "tot_waypoints": 9}}
{"target": -791.9186746017392, "params": {"k_pid_pos": [1.5209821462631226, 0.4073895215988159, 0.3247803747653961], "k_pid_alt": [1.7881393432617188e-07, 1.0, 0.9167492389678955], "k_pid_att": [100.0, 9.999999747378752e-05, 0.8879384398460388], "k_pid_yaw": [0.5, 1e-06, 0.1], "k_pid_hsp": [9.878211975097656, 0.6729962825775146, 0.0779409408569336], "k_pid_vsp": [0.5561113357543945, 360.4576721191406, 18.680824279785156]}, "datetime": {"datetime": "2025-08-13 14:32:57", "elapsed": 17105.96925020218, "delta": 30.108020782470703}, "costs": {"total_cost": 791.9186746017392, "time_cost": 150, "final_distance_cost": 65.70710556841277, "oscillation_cost": 336.79010311376953, "completition_cost": 111.11111111111116, "overshoot_cost": 64.959923224551, "power_cost": 34.765275122070314, "noise_cost": 28.585156461824482, "n_waypoints_completed": 8, "tot_waypoints": 9}}
{"target": -1228.8610702365152, "params": {"k_pid_pos": [0.268970251083374, 0.6494552493095398, 0.04214921593666077], "k_pid_alt": [4.076957702636719e-05, 1.0, 0.7266653776168823], "k_pid_att": [100.0, 9.999990463256836, 0.9064799547195435], "k_pid_yaw": [0.5, 1e-06, 0.1], "k_pid_hsp": [8.631938934326172, 0.9926907420158386, 0.13815581798553467], "k_pid_vsp": [0.0, 385.0085144042969, 31.444169998168945]}, "datetime": {"datetime": "2025-08-13 14:33:28", "elapsed": 17136.725438833237, "delta": 30.75618863105774}, "costs": {"total_cost": 1228.8610702365152, "time_cost": 150, "final_distance_cost": 51.435491979079025, "oscillation_cost": 233.08541807001825, "completition_cost": 666.6666666666667, "overshoot_cost": 65.87554782279524, "power_cost": 35.50363078613282, "noise_cost": 26.294314911823147, "n_waypoints_completed": 3, "tot_waypoints": 9}}
{"target": -830.0343711736998, "params": {"k_pid_pos": [0.17774151265621185, 0.04440528154373169, 0.1270245909690857], "k_pid_alt": [0.0, 0.9994121789932251, 0.8894673585891724], "k_pid_att": [99.9996566772461, 0.00013844460772816092, 0.971479058265686], "k_pid_yaw": [0.5, 1e-06, 0.1], "k_pid_hsp": [9.713837623596191, 0.9840440154075623, 0.0450587272644043], "k_pid_vsp": [398.1297912597656, 367.75311279296875, 27.823699951171875]}, "datetime": {"datetime": "2025-08-13 14:34:00", "elapsed": 17168.187331676483, "delta": 31.46189284324646}, "costs": {"total_cost": 830.0343711736998, "time_cost": 150, "final_distance_cost": 52.85897528338898, "oscillation_cost": 162.38247244058968, "completition_cost": 333.33333333333337, "overshoot_cost": 68.22385708550136, "power_cost": 33.17551553955078, "noise_cost": 30.060217491335646, "n_waypoints_completed": 6, "tot_waypoints": 9}}
{"target": -6777.415980829684, "params": {"k_pid_pos": [0.8061667680740356, 0.404873788356781, 0.8388415575027466], "k_pid_alt": [0.0, 1.0, 0.97630774974823], "k_pid_att": [2.9802322387695312e-06, 0.1435404270887375, 0.995252251625061], "k_pid_yaw": [0.5, 1e-06, 0.1], "k_pid_hsp": [9.508857727050781, 0.9723365902900696, 0.15285038948059082], "k_pid_vsp": [400.0, 325.6459045410156, 42.25149154663086]}, "datetime": {"datetime": "2025-08-13 14:34:30", "elapsed": 17198.719101428986, "delta": 30.53176975250244}, "costs": {"total_cost": 6777.415980829684, "time_cost": 150, "final_distance_cost": 1271.678890652216, "oscillation_cost": 275.07590464561076, "completition_cost": 1000.0, "overshoot_cost": 3864.800301950315, "power_cost": 57.64391864013672, "noise_cost": 158.21696494140534, "n_waypoints_completed": 0, "tot_waypoints": 9}}
{"target": -641.832186226964, "params": {"k_pid_pos": [0.0839974507689476, 0.2873666286468506, 0.06170329451560974], "k_pid_alt": [1.9999995231628418, 1.0, 0.9808765649795532], "k_pid_att": [100.0, 0.00037030436214990914, 0.9017142057418823], "k_pid_yaw": [0.5, 1e-06, 0.1], "k_pid_hsp": [8.912205696105957, 0.6124796271324158, 0.013320058584213257], "k_pid_vsp": [400.0, 388.5785827636719, 64.55506896972656]}, "datetime": {"datetime": "2025-08-13 14:35:01", "elapsed": 17229.40483903885, "delta": 30.68573760986328}, "costs": {"total_cost": 641.832186226964, "time_cost": 150, "final_distance_cost": 71.30287772432538, "oscillation_cost": 86.14166987958195, "completition_cost": 222.2222222222222, "overshoot_cost": 56.70241299506969, "power_cost": 27.621938439941406, "noise_cost": 27.841064965823303, "n_waypoints_completed": 7, "tot_waypoints": 9}}
{"target": -764.0409622388675, "params": {"k_pid_pos": [0.46234241127967834, 0.4832807183265686, 0.08072608709335327], "k_pid_alt": [0.0, 0.9999862313270569, 0.6615990400314331], "k_pid_att": [100.0, 6.052867889404297, 0.6281853318214417], "k_pid_yaw": [0.5, 1e-06, 0.1], "k_pid_hsp": [8.505470275878906, 0.7374616861343384, 0.05506378412246704], "k_pid_vsp": [280.25714111328125, 367.6981506347656, 5.6660661697387695]}, "datetime": {"datetime": "2025-08-13 14:35:31", "elapsed": 17259.668145418167, "delta": 30.263306379318237}, "costs": {"total_cost": 764.0409622388675, "time_cost": 150, "final_distance_cost": 60.77045832548491, "oscillation_cost": 316.4550629031989, "completition_cost": 111.11111111111116, "overshoot_cost": 66.37190083992814, "power_cost": 30.62890377197266, "noise_cost": 28.703525287171612, "n_waypoints_completed": 8, "tot_waypoints": 9}}
{"target": -317.5931847019076, "params": {"k_pid_pos": [0.7697767019271851, 0.09838184714317322, 0.09875619411468506], "k_pid_alt": [6.556510925292969e-07, 0.9999998807907104, 0.9532321691513062], "k_pid_att": [1.2826383113861084, 0.00021026749163866043, 0.9709255695343018], "k_pid_yaw": [0.5, 1e-06, 0.1], "k_pid_hsp": [9.562894821166992, 0.712700605392456, 0.02664703130722046], "k_pid_vsp": [399.8460998535156, 392.77459716796875, 8.017326354980469]}, "datetime": {"datetime": "2025-08-13 14:36:00", "elapsed": 17289.014211416245, "delta": 29.346065998077393}, "costs": {"total_cost": 317.5931847019076, "time_cost": 115.535, "final_distance_cost": 1.7726108340539708, "oscillation_cost": 73.87394601115473, "completition_cost": 0.0, "overshoot_cost": 69.47744218315277, "power_cost": 24.941284912109378, "noise_cost": 31.992900761436765, "n_waypoints_completed": 9, "tot_waypoints": 9}}
{"target": -683.4817056958515, "params": {"k_pid_pos": [0.4891502261161804, 0.8521708250045776, 0.026400774717330933], "k_pid_alt": [0.8451763391494751, 1.0, 0.9762163162231445], "k_pid_att": [100.0, 9.999998092651367, 0.8204987645149231], "k_pid_yaw": [0.5, 1e-06, 0.1], "k_pid_hsp": [8.957076072692871, 0.7324387431144714, 0.03434264659881592], "k_pid_vsp": [399.9723815917969, 382.1673278808594, 11.460103034973145]}, "datetime": {"datetime": "2025-08-13 14:36:31", "elapsed": 17319.588038921356, "delta": 30.573827505111694}, "costs": {"total_cost": 683.4817056958515, "time_cost": 150, "final_distance_cost": 68.5810003455042, "oscillation_cost": 122.77445173218887, "completition_cost": 222.2222222222222, "overshoot_cost": 59.707605293554444, "power_cost": 28.60732713623047, "noise_cost": 31.58909896615122, "n_waypoints_completed": 7, "tot_waypoints": 9}}
{"target": -1317.5082880446926, "params": {"k_pid_pos": [0.10954742878675461, 0.7784947156906128, 0.4179157018661499], "k_pid_alt": [1.9997528791427612, 0.45347195863723755, 0.96110999584198], "k_pid_att": [100.0, 5.877078533172607, 0.8642756938934326], "k_pid_yaw": [0.5, 1e-06, 0.1], "k_pid_hsp": [8.917251586914062, 0.9708008766174316, 0.09964343905448914], "k_pid_vsp": [399.2425842285156, 396.5502624511719, 23.33399200439453]}, "datetime": {"datetime": "2025-08-13 14:37:01", "elapsed": 17349.829805612564, "delta": 30.241766691207886}, "costs": {"total_cost": 1317.5082880446926, "time_cost": 150, "final_distance_cost": 45.49971512156174, "oscillation_cost": 457.4463241135624, "completition_cost": 555.5555555555555, "overshoot_cost": 45.121030061684216, "power_cost": 35.46058463134766, "noise_cost": 28.425078560981024, "n_waypoints_completed": 4, "tot_waypoints": 9}}
{"target": -1301.7987564608623, "params": {"k_pid_pos": [0.38333606719970703, 0.4709250330924988, 0.16493970155715942], "k_pid_alt": [1.800060272216797e-05, 0.7358118891716003, 0.8909261226654053], "k_pid_att": [100.0, 9.999999747378752e-05, 0.9876493811607361], "k_pid_yaw": [0.5, 1e-06, 0.1], "k_pid_hsp": [7.1110944747924805, 0.8917282223701477, 0.13642951846122742], "k_pid_vsp": [273.3354187011719, 376.8017883300781, 3.277517318725586]}, "datetime": {"datetime": "2025-08-13 14:37:31", "elapsed": 17379.707757234573, "delta": 29.877951622009277}, "costs": {"total_cost": 1301.7987564608623, "time_cost": 150, "final_distance_cost": 46.465809021113934, "oscillation_cost": 533.1779122645812, "completition_cost": 444.4444444444444, "overshoot_cost": 59.29955860744398, "power_cost": 37.32016259765625, "noise_cost": 31.09086952562247, "n_waypoints_completed": 5, "tot_waypoints": 9}}
{"target": -1448.9934540656543, "params": {"k_pid_pos": [0.7266470193862915, 0.5692625045776367, 0.234978586435318], "k_pid_alt": [0.2460324764251709, 0.009853929281234741, 0.7711527347564697], "k_pid_att": [0.004881620407104492, 0.0010378697188571095, 0.9861842393875122], "k_pid_yaw": [0.5, 1e-06, 0.1], "k_pid_hsp": [9.88177490234375, 0.9905573129653931, 0.03271716833114624], "k_pid_vsp": [400.0, 370.42303466796875, 2.520693302154541]}, "datetime": {"datetime": "2025-08-13 14:38:01", "elapsed": 17409.94294834137, "delta": 30.235191106796265}, "costs": {"total_cost": 1448.9934540656543, "time_cost": 150, "final_distance_cost": 46.317994437978484, "oscillation_cost": 19.169700055425526, "completition_cost": 1000.0, "overshoot_cost": 187.55218602266575, "power_cost": 15.234742419433594, "noise_cost": 30.718831130150843, "n_waypoints_completed": 0, "tot_waypoints": 9}}
