{"target": -694.6938281641849, "params": {"k_pid_pos": [0.3564947545528412, 0.10227108001708984, 0.040345847606658936], "k_pid_alt": [0.13955986499786377, 1.0, 0.9926396012306213], "k_pid_att": [100.0, 9.999999747378752e-05, 0.9949207305908203], "k_pid_yaw": [0.5, 1e-06, 0.1], "k_pid_hsp": [9.937463760375977, 0.9767706394195557, 0.021325886249542236], "k_pid_vsp": [400.0, 394.7680358886719, 2.0889530181884766]}, "datetime": {"datetime": "2025-08-13 18:14:12", "elapsed": 30380.445160388947, "delta": 28.87999653816223}, "costs": {"total_cost": 694.6938281641849, "time_cost": 150, "final_distance_cost": 42.956830411252014, "oscillation_cost": 259.8872464710218, "completition_cost": 111.11111111111116, "overshoot_cost": 65.31424940843344, "power_cost": 33.22715531005859, "noise_cost": 32.19723545230788, "n_waypoints_completed": 8, "tot_waypoints": 9}}
{"target": -822.8913633661002, "params": {"k_pid_pos": [0.35531535744667053, 0.046197324991226196, 0.17373546957969666], "k_pid_alt": [0.0, 1.0, 0.9617421627044678], "k_pid_att": [100.0, 9.999999747378752e-05, 0.986601710319519], "k_pid_yaw": [0.5, 1e-06, 0.1], "k_pid_hsp": [9.747920036315918, 0.9866882562637329, 0.15883219242095947], "k_pid_vsp": [400.0, 396.5460205078125, 2.5413999557495117]}, "datetime": {"datetime": "2025-08-13 18:14:38", "elapsed": 30407.06608080864, "delta": 26.620920419692993}, "costs": {"total_cost": 822.8913633661002, "time_cost": 111.083, "final_distance_cost": 1.8430452136835442, "oscillation_cost": 580.5143518632638, "completition_cost": 0.0, "overshoot_cost": 68.86984296622515, "power_cost": 31.629896057128907, "noise_cost": 28.951227265798792, "n_waypoints_completed": 9, "tot_waypoints": 9}}
{"target": -1182.9218499060398, "params": {"k_pid_pos": [0.02510194480419159, 0.21718597412109375, 0.029203563928604126], "k_pid_alt": [1.9999868869781494, 0.9999999403953552, 0.9793731570243835], "k_pid_att": [100.0, 9.999999747378752e-05, 0.992893397808075], "k_pid_yaw": [0.5, 1e-06, 0.1], "k_pid_hsp": [9.905254364013672, 0.9672694206237793, 0.013243913650512695], "k_pid_vsp": [400.0, 394.0747375488281, 6.052638053894043]}, "datetime": {"datetime": "2025-08-13 18:15:07", "elapsed": 30435.863667726517, "delta": 28.797586917877197}, "costs": {"total_cost": 1182.9218499060398, "time_cost": 150, "final_distance_cost": 88.67794842731702, "oscillation_cost": 47.674660039209115, "completition_cost": 777.7777777777778, "overshoot_cost": 45.47116132246546, "power_cost": 37.880659472656255, "noise_cost": 35.439642866614136, "n_waypoints_completed": 2, "tot_waypoints": 9}}
{"target": -934.1909592403463, "params": {"k_pid_pos": [0.22233577072620392, 0.006463080644607544, 0.09410083293914795], "k_pid_alt": [0.0010098814964294434, 1.0, 0.948395848274231], "k_pid_att": [100.0, 0.00014827927225269377, 0.8034908771514893], "k_pid_yaw": [0.5, 1e-06, 0.1], "k_pid_hsp": [9.667264938354492, 0.9963990449905396, 0.01702740788459778], "k_pid_vsp": [400.0, 384.0895080566406, 3.0166397094726562]}, "datetime": {"datetime": "2025-08-13 18:15:36", "elapsed": 30464.84472489357, "delta": 28.981057167053223}, "costs": {"total_cost": 934.1909592403463, "time_cost": 150, "final_distance_cost": 61.35048335124276, "oscillation_cost": 255.46973670426746, "completition_cost": 333.33333333333337, "overshoot_cost": 66.94067875018148, "power_cost": 33.35797662353516, "noise_cost": 33.73875047778602, "n_waypoints_completed": 6, "tot_waypoints": 9}}
{"target": -1217.1780513220822, "params": {"k_pid_pos": [0.04442945495247841, 0.055236607789993286, 0.015826106071472168], "k_pid_alt": [0.0, 0.9998329877853394, 0.9486721754074097], "k_pid_att": [100.0, 9.999999747378752e-05, 0.9898725748062134], "k_pid_yaw": [0.5, 1e-06, 0.1], "k_pid_hsp": [9.713397026062012, 0.9794484972953796, 0.05737069249153137], "k_pid_vsp": [398.3298034667969, 385.51202392578125, 5.273128509521484]}, "datetime": {"datetime": "2025-08-13 18:16:05", "elapsed": 30493.713573217392, "delta": 28.86884832382202}, "costs": {"total_cost": 1217.1780513220822, "time_cost": 150, "final_distance_cost": 77.38107745232254, "oscillation_cost": 188.14084416608912, "completition_cost": 666.6666666666667, "overshoot_cost": 77.70810600996239, "power_cost": 28.226690490722657, "noise_cost": 29.0546665363189, "n_waypoints_completed": 3, "tot_waypoints": 9}}
{"target": -1010.4027218089183, "params": {"k_pid_pos": [0.10524585843086243, 0.019291967153549194, 0.009344667196273804], "k_pid_alt": [0.0, 0.9999940395355225, 0.9003550410270691], "k_pid_att": [100.0, 9.999999747378752e-05, 0.9430114030838013], "k_pid_yaw": [0.5, 1e-06, 0.1], "k_pid_hsp": [9.805022239685059, 0.9866254925727844, 0.008632004261016846], "k_pid_vsp": [0.0359654426574707, 369.62579345703125, 13.552046775817871]}, "datetime": {"datetime": "2025-08-13 18:16:34", "elapsed": 30522.703157663345, "delta": 28.98958444595337}, "costs": {"total_cost": 1010.4027218089183, "time_cost": 150, "final_distance_cost": 50.654936539699946, "oscillation_cost": 119.18412384956453, "completition_cost": 555.5555555555555, "overshoot_cost": 74.72577999929482, "power_cost": 32.20786898193359, "noise_cost": 28.07445688286978, "n_waypoints_completed": 4, "tot_waypoints": 9}}
{"target": -1258.7780125224579, "params": {"k_pid_pos": [0.02958112768828869, 0.14293059706687927, 0.039616793394088745], "k_pid_alt": [0.0, 0.01689121127128601, 0.8220285773277283], "k_pid_att": [100.0, 9.999999747378752e-05, 0.9919075965881348], "k_pid_yaw": [0.5, 1e-06, 0.1], "k_pid_hsp": [9.06913948059082, 0.8799323439598083, 0.009959161281585693], "k_pid_vsp": [400.0, 398.59002685546875, 69.51519012451172]}, "datetime": {"datetime": "2025-08-13 18:17:03", "elapsed": 30551.548441171646, "delta": 28.84528350830078}, "costs": {"total_cost": 1258.7780125224579, "time_cost": 150, "final_distance_cost": 50.687950250182304, "oscillation_cost": 26.547766238452233, "completition_cost": 888.8888888888888, "overshoot_cost": 85.71920476461558, "power_cost": 26.961999670410158, "noise_cost": 29.972202709908657, "n_waypoints_completed": 1, "tot_waypoints": 9}}
{"target": -1486.0164521160436, "params": {"k_pid_pos": [0.0480026938021183, 0.3880052864551544, 0.0378262996673584], "k_pid_alt": [1.9777073860168457, 1.0, 0.9880794286727905], "k_pid_att": [100.0, 9.999999747378752e-05, 0.9818682670593262], "k_pid_yaw": [0.5, 1e-06, 0.1], "k_pid_hsp": [9.172382354736328, 0.8521896600723267, 0.04577559232711792], "k_pid_vsp": [109.33759307861328, 398.822509765625, 5.714643955230713]}, "datetime": {"datetime": "2025-08-13 18:17:31", "elapsed": 30579.675013780594, "delta": 28.126572608947754}, "costs": {"total_cost": 1486.0164521160436, "time_cost": 150, "final_distance_cost": 64.95926459648027, "oscillation_cost": 509.5003938285214, "completition_cost": 666.6666666666667, "overshoot_cost": 40.94299454077209, "power_cost": 26.409155126953127, "noise_cost": 27.53797735664984, "n_waypoints_completed": 3, "tot_waypoints": 9}}
{"target": -990.4378498660665, "params": {"k_pid_pos": [0.11421835422515869, 0.11615648865699768, 0.05588677525520325], "k_pid_alt": [0.0, 1.0, 0.8966867923736572], "k_pid_att": [100.0, 9.999999747378752e-05, 0.9767031669616699], "k_pid_yaw": [0.5, 1e-06, 0.1], "k_pid_hsp": [9.706734657287598, 0.9610999226570129, 0.02115023136138916], "k_pid_vsp": [400.0, 392.90484619140625, 6.787754058837891]}, "datetime": {"datetime": "2025-08-13 18:17:59", "elapsed": 30607.982310771942, "delta": 28.307296991348267}, "costs": {"total_cost": 990.4378498660665, "time_cost": 150, "final_distance_cost": 47.322367698452666, "oscillation_cost": 117.38982059682043, "completition_cost": 555.5555555555555, "overshoot_cost": 65.61464461392555, "power_cost": 23.524507348632813, "noise_cost": 31.030954052679494, "n_waypoints_completed": 4, "tot_waypoints": 9}}
{"target": -2295.1166938534498, "params": {"k_pid_pos": [0.2843816876411438, 0.06069961190223694, 0.01806202530860901], "k_pid_alt": [0.0, 2.9802322387695312e-08, 0.9471995234489441], "k_pid_att": [100.0, 9.999999747378752e-05, 0.9865139722824097], "k_pid_yaw": [0.5, 1e-06, 0.1], "k_pid_hsp": [9.82973861694336, 0.9801526069641113, 0.08861660957336426], "k_pid_vsp": [397.4019775390625, 375.6462707519531, 14.992583274841309]}, "datetime": {"datetime": "2025-08-13 18:18:30", "elapsed": 30638.17613363266, "delta": 30.193822860717773}, "costs": {"total_cost": 2295.1166938534498, "time_cost": 150, "final_distance_cost": 0.8630391785859711, "oscillation_cost": 810.7885073196741, "completition_cost": 1000.0, "overshoot_cost": 162.98994410786204, "power_cost": 37.014092419433595, "noise_cost": 133.46111082789466, "n_waypoints_completed": 0, "tot_waypoints": 9}}
{"target": -1075.628780135355, "params": {"k_pid_pos": [0.06605549901723862, 0.035069942474365234, 0.06883922219276428], "k_pid_alt": [0.0, 1.0, 0.850173830986023], "k_pid_att": [100.0, 9.999999747378752e-05, 0.9699082374572754], "k_pid_yaw": [0.5, 1e-06, 0.1], "k_pid_hsp": [9.856826782226562, 0.9910884499549866, 0.0064675211906433105], "k_pid_vsp": [400.0, 390.75299072265625, 6.028688907623291]}, "datetime": {"datetime": "2025-08-13 18:18:59", "elapsed": 30667.262431144714, "delta": 29.086297512054443}, "costs": {"total_cost": 1075.628780135355, "time_cost": 150, "final_distance_cost": 54.92176863328671, "oscillation_cost": 66.47802788305486, "completition_cost": 666.6666666666667, "overshoot_cost": 80.8444996979904, "power_cost": 24.075731445312503, "noise_cost": 32.64208580904396, "n_waypoints_completed": 3, "tot_waypoints": 9}}
{"target": -1161.969223301888, "params": {"k_pid_pos": [0.028309766203165054, 0.01334485411643982, 0.025688767433166504], "k_pid_alt": [1.999971866607666, 1.0, 0.9848634004592896], "k_pid_att": [100.0, 9.999999747378752e-05, 0.9536677598953247], "k_pid_yaw": [0.5, 1e-06, 0.1], "k_pid_hsp": [9.870589256286621, 0.9771936535835266, 0.024822533130645752], "k_pid_vsp": [400.0, 392.45111083984375, 9.585274696350098]}, "datetime": {"datetime": "2025-08-13 18:19:28", "elapsed": 30696.889775276184, "delta": 29.627344131469727}, "costs": {"total_cost": 1161.969223301888, "time_cost": 150, "final_distance_cost": 71.8171992743736, "oscillation_cost": 37.35170544013335, "completition_cost": 777.7777777777778, "overshoot_cost": 59.06824480096958, "power_cost": 34.30107586669922, "noise_cost": 31.65322014193445, "n_waypoints_completed": 2, "tot_waypoints": 9}}
{"target": -1181.2598518316795, "params": {"k_pid_pos": [0.18147358298301697, 0.14548373222351074, 0.17670011520385742], "k_pid_alt": [0.0, 0.9999721050262451, 0.988114595413208], "k_pid_att": [100.0, 0.00010029802069766447, 0.9659537672996521], "k_pid_yaw": [0.5, 1e-06, 0.1], "k_pid_hsp": [9.387507438659668, 0.9677839875221252, 0.04283168911933899], "k_pid_vsp": [400.0, 384.3371276855469, 4.214478492736816]}, "datetime": {"datetime": "2025-08-13 18:19:58", "elapsed": 30726.63797879219, "delta": 29.74820351600647}, "costs": {"total_cost": 1181.2598518316795, "time_cost": 150, "final_distance_cost": 45.07081798091485, "oscillation_cost": 403.5423695840159, "completition_cost": 444.4444444444444, "overshoot_cost": 63.81259018185003, "power_cost": 39.450580224609375, "noise_cost": 34.939049415844984, "n_waypoints_completed": 5, "tot_waypoints": 9}}
{"target": -542.2773750842766, "params": {"k_pid_pos": [0.5282850861549377, 0.11991193890571594, 0.21120423078536987], "k_pid_alt": [9.351968765258789e-05, 1.0, 0.9743239879608154], "k_pid_att": [100.0, 9.999999747378752e-05, 0.9374215602874756], "k_pid_yaw": [0.5, 1e-06, 0.1], "k_pid_hsp": [9.713729858398438, 0.8708067536354065, 0.04981100559234619], "k_pid_vsp": [400.0, 327.3308410644531, 31.146146774291992]}, "datetime": {"datetime": "2025-08-13 18:20:24", "elapsed": 30752.57567882538, "delta": 25.937700033187866}, "costs": {"total_cost": 542.2773750842766, "time_cost": 108.633, "final_distance_cost": 1.8404523372707857, "oscillation_cost": 309.2292835154979, "completition_cost": 0.0, "overshoot_cost": 66.15608606139351, "power_cost": 29.105014001464845, "noise_cost": 27.313539168649495, "n_waypoints_completed": 9, "tot_waypoints": 9}}
{"target": -1579.3913042498928, "params": {"k_pid_pos": [0.1565662920475006, 0.027785569429397583, 0.10259431600570679], "k_pid_alt": [5.960464477539063e-08, 1.0, 0.9775014519691467], "k_pid_att": [99.9984130859375, 9.999999747378752e-05, 0.9426785111427307], "k_pid_yaw": [0.5, 1e-06, 0.1], "k_pid_hsp": [9.606180191040039, 0.9310576319694519, 0.10408452153205872], "k_pid_vsp": [400.0, 389.854248046875, 32.98807144165039]}, "datetime": {"datetime": "2025-08-13 18:20:53", "elapsed": 30781.685874938965, "delta": 29.110196113586426}, "costs": {"total_cost": 1579.3913042498928, "time_cost": 150, "final_distance_cost": 39.2029952183368, "oscillation_cost": 706.4309570827904, "completition_cost": 555.5555555555555, "overshoot_cost": 69.80209278958513, "power_cost": 30.622929748535157, "noise_cost": 27.77677385508972, "n_waypoints_completed": 4, "tot_waypoints": 9}}
{"target": -1269.6927081776207, "params": {"k_pid_pos": [0.033314578235149384, 0.0833965539932251, 0.02435392141342163], "k_pid_alt": [0.0, 1.0, 0.9746047258377075], "k_pid_att": [99.99860382080078, 9.999999747378752e-05, 0.9827332496643066], "k_pid_yaw": [0.5, 1e-06, 0.1], "k_pid_hsp": [9.805879592895508, 0.9868260622024536, 0.011107176542282104], "k_pid_vsp": [0.0, 396.8356018066406, 4.255307674407959]}, "datetime": {"datetime": "2025-08-13 18:21:22", "elapsed": 30810.755175113678, "delta": 29.069300174713135}, "costs": {"total_cost": 1269.6927081776207, "time_cost": 150, "final_distance_cost": 96.36262219420298, "oscillation_cost": 116.32507003940799, "completition_cost": 777.7777777777778, "overshoot_cost": 73.27062656136694, "power_cost": 31.087695275878907, "noise_cost": 24.868916328986003, "n_waypoints_completed": 2, "tot_waypoints": 9}}
{"target": -978.5134844744734, "params": {"k_pid_pos": [0.1176956370472908, 0.06927037239074707, 0.011217653751373291], "k_pid_alt": [0.0, 1.0, 0.9476656913757324], "k_pid_att": [100.0, 9.999999747378752e-05, 0.9172319173812866], "k_pid_yaw": [0.5, 1e-06, 0.1], "k_pid_hsp": [9.911589622497559, 0.9910325407981873, 0.009483426809310913], "k_pid_vsp": [400.0, 388.5346984863281, 4.532958030700684]}, "datetime": {"datetime": "2025-08-13 18:21:51", "elapsed": 30839.652616262436, "delta": 28.897441148757935}, "costs": {"total_cost": 978.5134844744734, "time_cost": 150, "final_distance_cost": 39.967892318310525, "oscillation_cost": 103.44913819462145, "completition_cost": 555.5555555555555, "overshoot_cost": 66.53685295496388, "power_cost": 29.01102432861328, "noise_cost": 33.993021122408614, "n_waypoints_completed": 4, "tot_waypoints": 9}}
{"target": -1407.876180691703, "params": {"k_pid_pos": [1.2048708200454712, 0.156150221824646, 0.11253145337104797], "k_pid_alt": [0.010776877403259277, 0.0, 0.9899863004684448], "k_pid_att": [99.99996185302734, 9.999999747378752e-05, 0.9900610446929932], "k_pid_yaw": [0.5, 1e-06, 0.1], "k_pid_hsp": [9.61213493347168, 0.9758238792419434, 0.010240405797958374], "k_pid_vsp": [400.0, 396.4227294921875, 13.421417236328125]}, "datetime": {"datetime": "2025-08-13 18:22:20", "elapsed": 30868.42270708084, "delta": 28.77009081840515}, "costs": {"total_cost": 1407.876180691703, "time_cost": 150, "final_distance_cost": 22.867549339450385, "oscillation_cost": 32.94761943591197, "completition_cost": 1000.0, "overshoot_cost": 118.88745298030128, "power_cost": 42.93087829589844, "noise_cost": 40.24268064014085, "n_waypoints_completed": 0, "tot_waypoints": 9}}
{"target": -1533.6308815888485, "params": {"k_pid_pos": [0.11043591052293777, 0.06803596019744873, 0.020996451377868652], "k_pid_alt": [0.0, 4.404783248901367e-05, 0.9272123575210571], "k_pid_att": [3.583803653717041, 9.999999747378752e-05, 0.9871717691421509], "k_pid_yaw": [0.5, 1e-06, 0.1], "k_pid_hsp": [9.710275650024414, 0.9847925901412964, 0.04132819175720215], "k_pid_vsp": [399.95404052734375, 355.79937744140625, 3.8205394744873047]}, "datetime": {"datetime": "2025-08-13 18:22:50", "elapsed": 30899.08714532852, "delta": 30.664438247680664}, "costs": {"total_cost": 1533.6308815888485, "time_cost": 150, "final_distance_cost": 0.8890737193738888, "oscillation_cost": 44.05717252809862, "completition_cost": 1000.0, "overshoot_cost": 162.99394349496194, "power_cost": 24.477971459960937, "noise_cost": 151.21272038645324, "n_waypoints_completed": 0, "tot_waypoints": 9}}
{"target": -1444.2909290659047, "params": {"k_pid_pos": [0.04182933270931244, 0.16932016611099243, 0.021000921726226807], "k_pid_alt": [0.0, 0.003584057092666626, 0.9728566408157349], "k_pid_att": [99.99999237060547, 0.6008754372596741, 0.9681980609893799], "k_pid_yaw": [0.5, 1e-06, 0.1], "k_pid_hsp": [9.961318969726562, 0.9908185005187988, 0.02291548252105713], "k_pid_vsp": [400.0, 391.6051025390625, 80.39336395263672]}, "datetime": {"datetime": "2025-08-13 18:23:20", "elapsed": 30928.6472492218, "delta": 29.56010389328003}, "costs": {"total_cost": 1444.2909290659047, "time_cost": 150, "final_distance_cost": 11.064869948489633, "oscillation_cost": 73.27205781533948, "completition_cost": 1000.0, "overshoot_cost": 144.26601888151296, "power_cost": 24.380470361328126, "noise_cost": 41.307512059234426, "n_waypoints_completed": 0, "tot_waypoints": 9}}
{"target": -1235.225156079191, "params": {"k_pid_pos": [0.02755759283900261, 0.031550467014312744, 0.07735499739646912], "k_pid_alt": [0.0, 1.0, 0.9348236322402954], "k_pid_att": [99.99999237060547, 9.999999747378752e-05, 0.9314830303192139], "k_pid_yaw": [0.5, 1e-06, 0.1], "k_pid_hsp": [9.940088272094727, 0.8325639367103577, 0.014148056507110596], "k_pid_vsp": [400.0, 395.9974365234375, 3.844071388244629]}, "datetime": {"datetime": "2025-08-13 18:23:50", "elapsed": 30958.822830677032, "delta": 30.175581455230713}, "costs": {"total_cost": 1235.225156079191, "time_cost": 150, "final_distance_cost": 73.74494786655546, "oscillation_cost": 100.18185878542292, "completition_cost": 777.7777777777778, "overshoot_cost": 83.19801086056516, "power_cost": 21.376769445800782, "noise_cost": 28.945791343068752, "n_waypoints_completed": 2, "tot_waypoints": 9}}
{"target": -1268.1517286236387, "params": {"k_pid_pos": [0.04768841341137886, 0.0036579668521881104, 0.03128311038017273], "k_pid_alt": [2.4437904357910156e-06, 1.0, 0.9742802381515503], "k_pid_att": [100.0, 9.999999747378752e-05, 0.9705219268798828], "k_pid_yaw": [0.5, 1e-06, 0.1], "k_pid_hsp": [9.757280349731445, 0.9857128858566284, 0.02957528829574585], "k_pid_vsp": [399.9916076660156, 334.5645751953125, 3.5042176246643066]}, "datetime": {"datetime": "2025-08-13 18:24:19", "elapsed": 30987.52507996559, "delta": 28.70224928855896}, "costs": {"total_cost": 1268.1517286236387, "time_cost": 150, "final_distance_cost": 69.96473756324897, "oscillation_cost": 38.98122615062774, "completition_cost": 888.8888888888888, "overshoot_cost": 58.01676976018077, "power_cost": 30.099455993652345, "noise_cost": 32.2006502670402, "n_waypoints_completed": 1, "tot_waypoints": 9}}
{"target": -1102.3642374357778, "params": {"k_pid_pos": [0.059370338916778564, 0.037176430225372314, 0.03133857250213623], "k_pid_alt": [0.02998518943786621, 1.0, 0.9741337299346924], "k_pid_att": [100.0, 9.999999747378752e-05, 0.9583332538604736], "k_pid_yaw": [0.5, 1e-06, 0.1], "k_pid_hsp": [9.325592994689941, 0.9539386630058289, 0.04600381851196289], "k_pid_vsp": [399.9999084472656, 388.1332702636719, 13.610947608947754]}, "datetime": {"datetime": "2025-08-13 18:24:48", "elapsed": 31016.540392160416, "delta": 29.01531219482422}, "costs": {"total_cost": 1102.3642374357778, "time_cost": 150, "final_distance_cost": 55.91508513685374, "oscillation_cost": 91.63097226275802, "completition_cost": 666.6666666666667, "overshoot_cost": 82.08121164570404, "power_cost": 27.033104907226562, "noise_cost": 29.037196816568557, "n_waypoints_completed": 3, "tot_waypoints": 9}}
{"target": -1143.9743677031047, "params": {"k_pid_pos": [0.08988644927740097, 0.21078592538833618, 0.05954703688621521], "k_pid_alt": [1.8477439880371094e-06, 1.0, 0.8712126612663269], "k_pid_att": [100.0, 9.999999747378752e-05, 0.9202990531921387], "k_pid_yaw": [0.5, 1e-06, 0.1], "k_pid_hsp": [9.816447257995605, 0.9833264350891113, 0.008965373039245605], "k_pid_vsp": [0.0002741813659667969, 382.4832763671875, 17.183496475219727]}, "datetime": {"datetime": "2025-08-13 18:25:18", "elapsed": 31046.303983211517, "delta": 29.763591051101685}, "costs": {"total_cost": 1143.9743677031047, "time_cost": 150, "final_distance_cost": 88.82050312405406, "oscillation_cost": 112.3425932273996, "completition_cost": 666.6666666666667, "overshoot_cost": 55.132282664897815, "power_cost": 39.60740225830078, "noise_cost": 31.404919761785866, "n_waypoints_completed": 3, "tot_waypoints": 9}}
{"target": -349.1771405685871, "params": {"k_pid_pos": [0.5855935215950012, 0.18389898538589478, 0.03597560524940491], "k_pid_alt": [0.7521297931671143, 1.0, 0.8817650079727173], "k_pid_att": [99.95816802978516, 9.999999747378752e-05, 0.9838356375694275], "k_pid_yaw": [0.5, 1e-06, 0.1], "k_pid_hsp": [9.362863540649414, 0.9928346276283264, 0.02371641993522644], "k_pid_vsp": [399.99993896484375, 389.6252136230469, 12.235297203063965]}, "datetime": {"datetime": "2025-08-13 18:25:42", "elapsed": 31070.86292219162, "delta": 24.55893898010254}, "costs": {"total_cost": 349.1771405685871, "time_cost": 100.387, "final_distance_cost": 1.7950532682310503, "oscillation_cost": 134.57293287487525, "completition_cost": 0.0, "overshoot_cost": 58.79863849199468, "power_cost": 27.837033227539063, "noise_cost": 25.786482705947094, "n_waypoints_completed": 9, "tot_waypoints": 9}}
