{"target": -17986.224750540692, "params": {"k_pid_pos": [0.014525688253343105, 0.953276515007019, 0.009781628847122192], "k_pid_alt": [1.9959230422973633, 1.2606382369995117e-05, 0.016756653785705566], "k_pid_att": [0.13815760612487793, 1.939073920249939, 0.17617267370224], "k_pid_yaw": [0.5, 1e-06, 0.1], "k_pid_hsp": [6.867767810821533, 0.6516395807266235, 0.6544158458709717], "k_pid_vsp": [399.95770263671875, 369.4747009277344, 14.056087493896484]}, "datetime": {"datetime": "2025-08-13 12:35:17", "elapsed": 10045.593457698822, "delta": 30.04183053970337}, "costs": {"total_cost": 17986.224750540692, "time_cost": 150, "final_distance_cost": 5839.400258613719, "oscillation_cost": 1968.6784297536612, "completition_cost": 1000.0, "overshoot_cost": 8811.352564337138, "power_cost": 60.33803703613282, "noise_cost": 156.4554608000381, "n_waypoints_completed": 0, "tot_waypoints": 9}}
{"target": -1408.2012694705722, "params": {"k_pid_pos": [1.5392779111862183, 0.7765893936157227, 0.00026047229766845703], "k_pid_alt": [1.996582269668579, 0.9999390840530396, 0.3029659390449524], "k_pid_att": [99.99893951416016, 9.120744705200195, 0.0682641863822937], "k_pid_yaw": [0.5, 1e-06, 0.1], "k_pid_hsp": [1.872338891029358, 0.7909607887268066, 0.8696122169494629], "k_pid_vsp": [399.967529296875, 344.582763671875, 216.45083618164062]}, "datetime": {"datetime": "2025-08-13 12:35:47", "elapsed": 10075.326351881027, "delta": 29.7328941822052}, "costs": {"total_cost": 1408.2012694705722, "time_cost": 150, "final_distance_cost": 79.87251264419773, "oscillation_cost": 195.72125869485708, "completition_cost": 777.7777777777778, "overshoot_cost": 109.69209652707005, "power_cost": 48.264355810546874, "noise_cost": 46.873268016122424, "n_waypoints_completed": 2, "tot_waypoints": 9}}
{"target": -659.1470855796576, "params": {"k_pid_pos": [1.8481080532073975, 0.5114775896072388, 0.5742985606193542], "k_pid_alt": [0.0, 0.8303142189979553, 0.9273207783699036], "k_pid_att": [99.67706298828125, 9.999999747378752e-05, 0.6112297177314758], "k_pid_yaw": [0.5, 1e-06, 0.1], "k_pid_hsp": [8.556962966918945, 0.9057180881500244, 0.09214603900909424], "k_pid_vsp": [273.74530029296875, 89.81749725341797, 86.25021362304688]}, "datetime": {"datetime": "2025-08-13 12:36:17", "elapsed": 10105.27736377716, "delta": 29.951011896133423}, "costs": {"total_cost": 659.1470855796576, "time_cost": 117.43900000000001, "final_distance_cost": 1.7460592402432176, "oscillation_cost": 405.72592834150714, "completition_cost": 0.0, "overshoot_cost": 70.30574024913405, "power_cost": 34.323914086914066, "noise_cost": 29.60644366185921, "n_waypoints_completed": 9, "tot_waypoints": 9}}
{"target": -982.5850326319179, "params": {"k_pid_pos": [1.651702642440796, 0.982420802116394, 0.9984673261642456], "k_pid_alt": [6.777048110961914e-05, 0.9999415874481201, 0.8504486083984375], "k_pid_att": [20.62423324584961, 9.999979972839355, 0.25544828176498413], "k_pid_yaw": [0.5, 1e-06, 0.1], "k_pid_hsp": [8.487939834594727, 0.8368675708770752, 0.022234320640563965], "k_pid_vsp": [3.5762786865234375e-05, 375.53497314453125, 18.949106216430664]}, "datetime": {"datetime": "2025-08-13 12:36:49", "elapsed": 10137.358080625534, "delta": 32.08071684837341}, "costs": {"total_cost": 982.5850326319179, "time_cost": 150, "final_distance_cost": 73.45353863165323, "oscillation_cost": 301.6642909446785, "completition_cost": 333.33333333333337, "overshoot_cost": 60.857928626761044, "power_cost": 34.356026489257815, "noise_cost": 28.919914606233938, "n_waypoints_completed": 6, "tot_waypoints": 9}}
{"target": -10398.106862621997, "params": {"k_pid_pos": [1.7822777032852173, 0.6721653342247009, 1.659989356994629e-05], "k_pid_alt": [2.0, 9.28640365600586e-05, 0.9431486129760742], "k_pid_att": [0.0005781650543212891, 7.712570667266846, 0.2668547034263611], "k_pid_yaw": [0.5, 1e-06, 0.1], "k_pid_hsp": [7.0881171226501465, 0.9368208646774292, 0.616040825843811], "k_pid_vsp": [0.8299469947814941, 282.7192077636719, 12.187314987182617]}, "datetime": {"datetime": "2025-08-13 12:37:17", "elapsed": 10166.00253868103, "delta": 28.644458055496216}, "costs": {"total_cost": 10398.106862621997, "time_cost": 150, "final_distance_cost": 1344.7911490335239, "oscillation_cost": 2661.7759427155215, "completition_cost": 1000.0, "overshoot_cost": 5037.205439169453, "power_cost": 58.53767103271485, "noise_cost": 145.79666067078418, "n_waypoints_completed": 0, "tot_waypoints": 9}}
{"target": -2215.4709158529513, "params": {"k_pid_pos": [1.3429126739501953, 0.7733738422393799, 0.9999535083770752], "k_pid_alt": [4.8100948333740234e-05, 0.001966536045074463, 0.8491490483283997], "k_pid_att": [100.0, 5.489998817443848, 0.3110591769218445], "k_pid_yaw": [0.5, 1e-06, 0.1], "k_pid_hsp": [9.690244674682617, 0.24253800511360168, 0.0667264461517334], "k_pid_vsp": [391.3950500488281, 291.235595703125, 36.039268493652344]}, "datetime": {"datetime": "2025-08-13 12:37:46", "elapsed": 10194.841105222702, "delta": 28.838566541671753}, "costs": {"total_cost": 2215.4709158529513, "time_cost": 150, "final_distance_cost": 6.223710021921673, "oscillation_cost": 814.0572299865171, "completition_cost": 1000.0, "overshoot_cost": 152.22909565482846, "power_cost": 34.568765502929686, "noise_cost": 58.392114686754134, "n_waypoints_completed": 0, "tot_waypoints": 9}}
{"target": -474.6512722106861, "params": {"k_pid_pos": [0.9908571243286133, 0.577297031879425, 4.470348358154297e-07], "k_pid_alt": [1.9816875457763672, 0.0005252361297607422, 0.5036917924880981], "k_pid_att": [99.99999237060547, 0.002213261555880308, 0.6861429810523987], "k_pid_yaw": [0.5, 1e-06, 0.1], "k_pid_hsp": [7.372634410858154, 0.8922067880630493, 0.4814152121543884], "k_pid_vsp": [0.000667572021484375, 354.60400390625, 111.63442993164062]}, "datetime": {"datetime": "2025-08-13 12:38:10", "elapsed": 10218.418952226639, "delta": 23.577847003936768}, "costs": {"total_cost": 474.6512722106861, "time_cost": 95.935, "final_distance_cost": 1.7587502061447091, "oscillation_cost": 258.3711852075978, "completition_cost": 0.0, "overshoot_cost": 65.35390598499185, "power_cost": 28.432767114257814, "noise_cost": 24.799663697693887, "n_waypoints_completed": 9, "tot_waypoints": 9}}
{"target": -1982.5369104171975, "params": {"k_pid_pos": [0.30072399973869324, 0.7050409317016602, 0.043102264404296875], "k_pid_alt": [1.0728836059570312e-05, 0.0, 0.6749802231788635], "k_pid_att": [100.0, 0.0031874896958470345, 0.6532192230224609], "k_pid_yaw": [0.5, 1e-06, 0.1], "k_pid_hsp": [8.159622192382812, 0.8100894093513489, 0.21790364384651184], "k_pid_vsp": [0.00022649765014648438, 252.31454467773438, 56.15530014038086]}, "datetime": {"datetime": "2025-08-13 12:38:39", "elapsed": 10247.416050434113, "delta": 28.997098207473755}, "costs": {"total_cost": 1982.5369104171975, "time_cost": 150, "final_distance_cost": 144.56179428286868, "oscillation_cost": 574.4812733043217, "completition_cost": 888.8888888888888, "overshoot_cost": 138.81077779494228, "power_cost": 28.203361035156252, "noise_cost": 57.59081511102022, "n_waypoints_completed": 1, "tot_waypoints": 9}}
{"target": -1384.7657179931568, "params": {"k_pid_pos": [1.5218106508255005, 0.93828284740448, 6.219744682312012e-05], "k_pid_alt": [0.0001386404037475586, 0.9998867511749268, 0.14967799186706543], "k_pid_att": [0.38737058639526367, 9.999999747378752e-05, 0.5307232737541199], "k_pid_yaw": [0.5, 1e-06, 0.1], "k_pid_hsp": [7.733216285705566, 0.8965669870376587, 0.1510431170463562], "k_pid_vsp": [0.0, 255.6222381591797, 60.23844528198242]}, "datetime": {"datetime": "2025-08-13 12:39:08", "elapsed": 10276.442863464355, "delta": 29.02681303024292}, "costs": {"total_cost": 1384.7657179931568, "time_cost": 150, "final_distance_cost": 41.907191098007495, "oscillation_cost": 48.30280043073117, "completition_cost": 1000.0, "overshoot_cost": 77.78061651745375, "power_cost": 37.6733087890625, "noise_cost": 29.101801157902045, "n_waypoints_completed": 0, "tot_waypoints": 9}}
{"target": -1595.539236399643, "params": {"k_pid_pos": [1.3352185487747192, 0.9824215173721313, 3.1888484954833984e-06], "k_pid_alt": [1.9793051481246948, 0.5342164039611816, 0.020651042461395264], "k_pid_att": [100.0, 9.999999747378752e-05, 0.034885942935943604], "k_pid_yaw": [0.5, 1e-06, 0.1], "k_pid_hsp": [8.90181827545166, 0.8387353420257568, 0.009686648845672607], "k_pid_vsp": [0.0, 135.60350036621094, 100.07777404785156]}, "datetime": {"datetime": "2025-08-13 12:39:37", "elapsed": 10306.024121522903, "delta": 29.581258058547974}, "costs": {"total_cost": 1595.539236399643, "time_cost": 150, "final_distance_cost": 37.67123575512349, "oscillation_cost": 102.19045104895835, "completition_cost": 1000.0, "overshoot_cost": 158.24331948482552, "power_cost": 33.21152611083985, "noise_cost": 114.22270399989587, "n_waypoints_completed": 0, "tot_waypoints": 9}}
{"target": -1444.602756077899, "params": {"k_pid_pos": [0.2193782776594162, 0.7926172614097595, 0.0], "k_pid_alt": [2.0, 0.9999997615814209, 0.36399996280670166], "k_pid_att": [99.69969940185547, 0.00013635845971293747, 0.019048243761062622], "k_pid_yaw": [0.5, 1e-06, 0.1], "k_pid_hsp": [7.8382344245910645, 0.8432334065437317, 0.060608744621276855], "k_pid_vsp": [399.999755859375, 282.42486572265625, 162.45162963867188]}, "datetime": {"datetime": "2025-08-13 12:40:07", "elapsed": 10335.446902751923, "delta": 29.422781229019165}, "costs": {"total_cost": 1444.602756077899, "time_cost": 150, "final_distance_cost": 45.274696673865634, "oscillation_cost": 153.94327986206784, "completition_cost": 1000.0, "overshoot_cost": 29.7257916173762, "power_cost": 36.25034655761719, "noise_cost": 29.40864136697206, "n_waypoints_completed": 0, "tot_waypoints": 9}}
{"target": -1590.415746354049, "params": {"k_pid_pos": [1.7766635417938232, 0.8862104415893555, 5.27501106262207e-06], "k_pid_alt": [0.0, 3.2782554626464844e-07, 0.5611489415168762], "k_pid_att": [99.94981384277344, 0.00012980202154722065, 0.38070186972618103], "k_pid_yaw": [0.5, 1e-06, 0.1], "k_pid_hsp": [9.65291690826416, 0.7611003518104553, 0.17880475521087646], "k_pid_vsp": [400.0, 222.92483520507812, 9.943367004394531]}, "datetime": {"datetime": "2025-08-13 12:40:36", "elapsed": 10364.425349473953, "delta": 28.97844672203064}, "costs": {"total_cost": 1590.415746354049, "time_cost": 150, "final_distance_cost": 16.95639953242565, "oscillation_cost": 91.74151010613731, "completition_cost": 1000.0, "overshoot_cost": 167.04964728888953, "power_cost": 21.97060788574219, "noise_cost": 142.69758154085437, "n_waypoints_completed": 0, "tot_waypoints": 9}}
{"target": -1174.6066445561257, "params": {"k_pid_pos": [1.7517353296279907, 0.8574168086051941, 0.9999879598617554], "k_pid_alt": [0.0, 0.9999972581863403, 0.38672778010368347], "k_pid_att": [100.0, 2.121330738067627, 0.08059298992156982], "k_pid_yaw": [0.5, 1e-06, 0.1], "k_pid_hsp": [1.1686644554138184, 0.9804163575172424, 0.16766798496246338], "k_pid_vsp": [400.0, 118.48638916015625, 11.00063419342041]}, "datetime": {"datetime": "2025-08-13 12:41:05", "elapsed": 10393.702606201172, "delta": 29.277256727218628}, "costs": {"total_cost": 1174.6066445561257, "time_cost": 150, "final_distance_cost": 51.03815173627941, "oscillation_cost": 293.9478161336448, "completition_cost": 555.5555555555555, "overshoot_cost": 55.197840162361466, "power_cost": 35.58589943847657, "noise_cost": 33.28138152980797, "n_waypoints_completed": 4, "tot_waypoints": 9}}
{"target": -1363.3876407586165, "params": {"k_pid_pos": [1.1826046705245972, 0.848197340965271, 0.0], "k_pid_alt": [1.988803505897522, 0.9999629855155945, 0.8403910398483276], "k_pid_att": [99.9998779296875, 9.999999747378752e-05, 0.30026888847351074], "k_pid_yaw": [0.5, 1e-06, 0.1], "k_pid_hsp": [9.223565101623535, 0.7467622756958008, 0.06667110323905945], "k_pid_vsp": [399.54547119140625, 241.19577026367188, 153.831298828125]}, "datetime": {"datetime": "2025-08-13 12:41:34", "elapsed": 10422.546400547028, "delta": 28.843794345855713}, "costs": {"total_cost": 1363.3876407586165, "time_cost": 150, "final_distance_cost": 70.73784822231646, "oscillation_cost": 150.01925525555825, "completition_cost": 888.8888888888888, "overshoot_cost": 39.21455698175286, "power_cost": 35.399078027343755, "noise_cost": 29.12801338275654, "n_waypoints_completed": 1, "tot_waypoints": 9}}
{"target": -1216.820949921218, "params": {"k_pid_pos": [1.861672282218933, 0.8249973058700562, 0.05689498782157898], "k_pid_alt": [1.5035227537155151, 0.996137261390686, 0.3871959447860718], "k_pid_att": [100.0, 0.0011773430742323399, 0.6744064092636108], "k_pid_yaw": [0.5, 1e-06, 0.1], "k_pid_hsp": [1.0175435543060303, 0.9070227742195129, 0.3236294090747833], "k_pid_vsp": [0.0, 362.1462707519531, 118.27912139892578]}, "datetime": {"datetime": "2025-08-13 12:42:03", "elapsed": 10451.979217529297, "delta": 29.432816982269287}, "costs": {"total_cost": 1216.820949921218, "time_cost": 150, "final_distance_cost": 107.59222606680201, "oscillation_cost": 141.31381034785883, "completition_cost": 666.6666666666667, "overshoot_cost": 73.86932638761587, "power_cost": 44.72723131103516, "noise_cost": 32.65168914123901, "n_waypoints_completed": 3, "tot_waypoints": 9}}
{"target": -1268.4520912160747, "params": {"k_pid_pos": [1.7327011823654175, 0.6105166673660278, 0.004565417766571045], "k_pid_alt": [0.016168534755706787, 0.9999998807907104, 0.19108179211616516], "k_pid_att": [100.0, 0.00415396923199296, 0.7382975220680237], "k_pid_yaw": [0.5, 1e-06, 0.1], "k_pid_hsp": [2.6049606800079346, 0.9056375026702881, 0.08328232169151306], "k_pid_vsp": [0.0687718391418457, 231.97825622558594, 86.507568359375]}, "datetime": {"datetime": "2025-08-13 12:42:32", "elapsed": 10480.409524917603, "delta": 28.430307388305664}, "costs": {"total_cost": 1268.4520912160747, "time_cost": 150, "final_distance_cost": 90.33348565416085, "oscillation_cost": 114.65013448277271, "completition_cost": 777.7777777777778, "overshoot_cost": 62.85622035680652, "power_cost": 40.47351788330079, "noise_cost": 32.360955061256156, "n_waypoints_completed": 2, "tot_waypoints": 9}}
{"target": -632.2703343302456, "params": {"k_pid_pos": [1.9908671379089355, 0.06870004534721375, 0.0], "k_pid_alt": [0.2688677906990051, 6.22868537902832e-06, 0.013855665922164917], "k_pid_att": [100.0, 9.837006568908691, 0.6594358682632446], "k_pid_yaw": [0.5, 1e-06, 0.1], "k_pid_hsp": [7.618534564971924, 0.9883204698562622, 0.2751823663711548], "k_pid_vsp": [123.6012954711914, 399.21563720703125, 28.287508010864258]}, "datetime": {"datetime": "2025-08-13 12:42:57", "elapsed": 10505.14270234108, "delta": 24.733177423477173}, "costs": {"total_cost": 632.2703343302456, "time_cost": 105.546, "final_distance_cost": 1.8410756613274293, "oscillation_cost": 398.86957175380593, "completition_cost": 0.0, "overshoot_cost": 54.57462921754491, "power_cost": 41.98901126708984, "noise_cost": 29.450046430477567, "n_waypoints_completed": 9, "tot_waypoints": 9}}
{"target": -1516.4852310004453, "params": {"k_pid_pos": [0.0793919712305069, 0.2879323363304138, 0.8167040348052979], "k_pid_alt": [7.271766662597656e-06, 1.0, 0.22753912210464478], "k_pid_att": [100.0, 9.99986743927002, 0.6697127819061279], "k_pid_yaw": [0.5, 1e-06, 0.1], "k_pid_hsp": [8.930403709411621, 0.15756124258041382, 0.637431263923645], "k_pid_vsp": [0.03670454025268555, 358.14495849609375, 1.6175756454467773]}, "datetime": {"datetime": "2025-08-13 12:43:26", "elapsed": 10534.115599632263, "delta": 28.97289729118347}, "costs": {"total_cost": 1516.4852310004453, "time_cost": 150, "final_distance_cost": 53.40378231699655, "oscillation_cost": 506.9911039929898, "completition_cost": 666.6666666666667, "overshoot_cost": 78.44895675736124, "power_cost": 35.846253759765624, "noise_cost": 25.128467506665388, "n_waypoints_completed": 3, "tot_waypoints": 9}}
{"target": -1510.6422098519622, "params": {"k_pid_pos": [0.7397090196609497, 0.8425966501235962, 0.002470940351486206], "k_pid_alt": [0.0, 0.0, 0.7645593881607056], "k_pid_att": [100.0, 9.999999747378752e-05, 0.8695853352546692], "k_pid_yaw": [0.5, 1e-06, 0.1], "k_pid_hsp": [6.299107551574707, 0.8039529919624329, 0.010198920965194702], "k_pid_vsp": [0.017499923706054688, 67.0746078491211, 177.60366821289062]}, "datetime": {"datetime": "2025-08-13 12:43:55", "elapsed": 10563.694069385529, "delta": 29.57846975326538}, "costs": {"total_cost": 1510.6422098519622, "time_cost": 150, "final_distance_cost": 36.84331967861115, "oscillation_cost": 55.31731498672481, "completition_cost": 1000.0, "overshoot_cost": 147.9671318148122, "power_cost": 21.43054483642578, "noise_cost": 99.08389853538824, "n_waypoints_completed": 0, "tot_waypoints": 9}}
{"target": -611.3937645847246, "params": {"k_pid_pos": [1.216318964958191, 0.5299904942512512, 8.046627044677734e-07], "k_pid_alt": [2.384185791015625e-07, 0.8856298327445984, 0.5143429040908813], "k_pid_att": [100.0, 9.999999747378752e-05, 0.9421213269233704], "k_pid_yaw": [0.5, 1e-06, 0.1], "k_pid_hsp": [7.920594692230225, 0.5088010430335999, 0.04192620515823364], "k_pid_vsp": [0.12354850769042969, 330.3912048339844, 37.946998596191406]}, "datetime": {"datetime": "2025-08-13 12:44:24", "elapsed": 10592.530899047852, "delta": 28.836829662322998}, "costs": {"total_cost": 611.3937645847246, "time_cost": 150, "final_distance_cost": 66.83036642804784, "oscillation_cost": 156.18179239000582, "completition_cost": 111.11111111111116, "overshoot_cost": 68.97180238995978, "power_cost": 31.541548669433595, "noise_cost": 26.757143596166447, "n_waypoints_completed": 8, "tot_waypoints": 9}}
{"target": -817.7836844604453, "params": {"k_pid_pos": [0.6193856000900269, 0.3985576927661896, 0.028393179178237915], "k_pid_alt": [0.041870832443237305, 1.0, 0.432425856590271], "k_pid_att": [100.0, 9.999999747378752e-05, 0.637791097164154], "k_pid_yaw": [0.5, 1e-06, 0.1], "k_pid_hsp": [9.827582359313965, 0.7592955827713013, 0.2517279386520386], "k_pid_vsp": [0.06476640701293945, 305.6323547363281, 21.2716121673584]}, "datetime": {"datetime": "2025-08-13 12:44:53", "elapsed": 10621.440459251404, "delta": 28.909560203552246}, "costs": {"total_cost": 817.7836844604453, "time_cost": 150, "final_distance_cost": 52.80944131470629, "oscillation_cost": 373.27146400276166, "completition_cost": 111.11111111111116, "overshoot_cost": 70.59160023676073, "power_cost": 33.87712536621094, "noise_cost": 26.122942428894408, "n_waypoints_completed": 8, "tot_waypoints": 9}}
{"target": -1462.426321097773, "params": {"k_pid_pos": [0.0555688850581646, 0.643234372138977, 0.0], "k_pid_alt": [1.1216728687286377, 0.9873521327972412, 0.24392586946487427], "k_pid_att": [100.0, 9.870048522949219, 0.3806779682636261], "k_pid_yaw": [0.5, 1e-06, 0.1], "k_pid_hsp": [8.87512493133545, 0.19813883304595947, 0.425698459148407], "k_pid_vsp": [0.0, 169.92022705078125, 15.42006778717041]}, "datetime": {"datetime": "2025-08-13 12:45:22", "elapsed": 10650.360234260559, "delta": 28.919775009155273}, "costs": {"total_cost": 1462.426321097773, "time_cost": 150, "final_distance_cost": 58.04915230245432, "oscillation_cost": 253.27917298119002, "completition_cost": 888.8888888888888, "overshoot_cost": 45.75659039184205, "power_cost": 38.258320947265624, "noise_cost": 28.194195586132, "n_waypoints_completed": 1, "tot_waypoints": 9}}
{"target": -1455.1906728419146, "params": {"k_pid_pos": [1.2408037185668945, 0.8901949524879456, 0.047405242919921875], "k_pid_alt": [2.4437904357910156e-06, 0.9999994039535522, 0.1406148076057434], "k_pid_att": [0.263214111328125, 0.00010059603664558381, 0.6328898668289185], "k_pid_yaw": [0.5, 1e-06, 0.1], "k_pid_hsp": [6.163366317749023, 0.9637462496757507, 0.3640483617782593], "k_pid_vsp": [399.9999084472656, 250.4347381591797, 152.91455078125]}, "datetime": {"datetime": "2025-08-13 12:45:50", "elapsed": 10678.826704978943, "delta": 28.46647071838379}, "costs": {"total_cost": 1455.1906728419146, "time_cost": 150, "final_distance_cost": 89.53536370270203, "oscillation_cost": 37.1962448221204, "completition_cost": 1000.0, "overshoot_cost": 114.04892222283186, "power_cost": 35.742851367187505, "noise_cost": 28.667290727072796, "n_waypoints_completed": 0, "tot_waypoints": 9}}
{"target": -505.1808059999494, "params": {"k_pid_pos": [0.291993111371994, 0.3953363597393036, 0.0010093450546264648], "k_pid_alt": [2.0, 0.9951276779174805, 0.8523534536361694], "k_pid_att": [100.0, 10.0, 0.09821620583534241], "k_pid_yaw": [0.5, 1e-06, 0.1], "k_pid_hsp": [6.739035606384277, 0.7700051069259644, 0.03278374671936035], "k_pid_vsp": [0.0, 392.50677490234375, 49.420692443847656]}, "datetime": {"datetime": "2025-08-13 12:46:18", "elapsed": 10706.655315637589, "delta": 27.82861065864563}, "costs": {"total_cost": 505.1808059999494, "time_cost": 117.32000000000001, "final_distance_cost": 1.8203785914358468, "oscillation_cost": 255.82270410383694, "completition_cost": 0.0, "overshoot_cost": 60.47244071718297, "power_cost": 40.388165368652345, "noise_cost": 29.357117218841402, "n_waypoints_completed": 9, "tot_waypoints": 9}}
{"target": -1583.9513683979187, "params": {"k_pid_pos": [0.12106908857822418, 0.5909918546676636, 1.0], "k_pid_alt": [1.4558666944503784, 1.7583370208740234e-06, 0.7526314854621887], "k_pid_att": [99.27931213378906, 4.894111156463623, 0.8668367862701416], "k_pid_yaw": [0.5, 1e-06, 0.1], "k_pid_hsp": [8.741543769836426, 0.8768466711044312, 0.4884415864944458], "k_pid_vsp": [12.284636497497559, 173.3838348388672, 18.43572998046875]}, "datetime": {"datetime": "2025-08-13 12:46:47", "elapsed": 10735.445081949234, "delta": 28.789766311645508}, "costs": {"total_cost": 1583.9513683979187, "time_cost": 150, "final_distance_cost": 51.79310501490985, "oscillation_cost": 600.4889559190729, "completition_cost": 666.6666666666667, "overshoot_cost": 46.55206844784014, "power_cost": 39.420415148925784, "noise_cost": 29.030157200503552, "n_waypoints_completed": 3, "tot_waypoints": 9}}
