{"target": -1205.5215327621142, "params": {"k_pid_pos": [0.018200846388936043, 0.0658104419708252, 0.07598942518234253], "k_pid_alt": [0.0, 1.0, 0.9894925355911255], "k_pid_att": [100.0, 9.999999747378752e-05, 0.915174126625061], "k_pid_yaw": [0.5, 1e-06, 0.1], "k_pid_hsp": [9.831198692321777, 0.8448039293289185, 0.006213158369064331], "k_pid_vsp": [22.72564125061035, 394.0379638671875, 25.634815216064453]}, "datetime": {"datetime": "2025-08-13 22:55:49", "elapsed": 47277.53839635849, "delta": 30.029009580612183}, "costs": {"total_cost": 1205.5215327621142, "time_cost": 150, "final_distance_cost": 75.57645477876818, "oscillation_cost": 53.690396257058644, "completition_cost": 777.7777777777778, "overshoot_cost": 93.17956892184525, "power_cost": 28.389633422851563, "noise_cost": 26.907701603812786, "n_waypoints_completed": 2, "tot_waypoints": 9}}
{"target": -727.9576087524891, "params": {"k_pid_pos": [0.3683679401874542, 0.025962144136428833, 0.08523827791213989], "k_pid_alt": [0.0, 1.0, 0.9964893460273743], "k_pid_att": [100.0, 0.009689397178590298, 0.9920895099639893], "k_pid_yaw": [0.5, 1e-06, 0.1], "k_pid_hsp": [9.669377326965332, 0.9604248404502869, 0.03408810496330261], "k_pid_vsp": [399.9986267089844, 395.6602478027344, 5.694890975952148]}, "datetime": {"datetime": "2025-08-13 22:56:20", "elapsed": 47308.29089975357, "delta": 30.752503395080566}, "costs": {"total_cost": 727.9576087524891, "time_cost": 150, "final_distance_cost": 8.188400176895346, "oscillation_cost": 339.5002362561892, "completition_cost": 111.11111111111116, "overshoot_cost": 70.9350045732077, "power_cost": 21.089395898437502, "noise_cost": 27.133460736648182, "n_waypoints_completed": 8, "tot_waypoints": 9}}
{"target": -1031.1526804398409, "params": {"k_pid_pos": [0.08929943293333054, 0.011012166738510132, 0.007670670747756958], "k_pid_alt": [0.6530201435089111, 1.0, 0.9628958106040955], "k_pid_att": [100.0, 0.00010059603664558381, 0.9481866955757141], "k_pid_yaw": [0.5, 1e-06, 0.1], "k_pid_hsp": [9.927694320678711, 0.9928186535835266, 0.005940794944763184], "k_pid_vsp": [399.6123352050781, 395.9292907714844, 40.36897277832031]}, "datetime": {"datetime": "2025-08-13 22:56:50", "elapsed": 47338.43487024307, "delta": 30.143970489501953}, "costs": {"total_cost": 1031.1526804398409, "time_cost": 150, "final_distance_cost": 53.2572154589104, "oscillation_cost": 46.80925603067008, "completition_cost": 666.6666666666667, "overshoot_cost": 62.20633416107258, "power_cost": 24.443886523437502, "noise_cost": 27.769321599083593, "n_waypoints_completed": 3, "tot_waypoints": 9}}
{"target": -1297.6425064433345, "params": {"k_pid_pos": [0.02226460725069046, 0.013548552989959717, 0.013175606727600098], "k_pid_alt": [5.960464477539063e-08, 1.0, 0.9882367849349976], "k_pid_att": [100.0, 9.999999747378752e-05, 0.9710257053375244], "k_pid_yaw": [0.5, 1e-06, 0.1], "k_pid_hsp": [9.702303886413574, 0.9921107292175293, 0.06153520941734314], "k_pid_vsp": [400.0, 388.25885009765625, 6.301010608673096]}, "datetime": {"datetime": "2025-08-13 22:57:21", "elapsed": 47369.95242977142, "delta": 31.51755952835083}, "costs": {"total_cost": 1297.6425064433345, "time_cost": 150, "final_distance_cost": 64.92615281078862, "oscillation_cost": 61.78849979851694, "completition_cost": 888.8888888888888, "overshoot_cost": 75.27212486768636, "power_cost": 27.61508631591797, "noise_cost": 29.151753761535634, "n_waypoints_completed": 1, "tot_waypoints": 9}}
{"target": -1199.6984824224762, "params": {"k_pid_pos": [0.03910481929779053, 0.028728991746902466, 0.07864490151405334], "k_pid_alt": [0.0, 1.0, 0.9858738780021667], "k_pid_att": [100.0, 0.00017331297567579895, 0.9716243743896484], "k_pid_yaw": [0.5, 1e-06, 0.1], "k_pid_hsp": [9.570137023925781, 0.9935428500175476, 0.017503023147583008], "k_pid_vsp": [400.0, 394.59661865234375, 3.107357978820801]}, "datetime": {"datetime": "2025-08-13 22:57:52", "elapsed": 47400.84231519699, "delta": 30.889885425567627}, "costs": {"total_cost": 1199.6984824224762, "time_cost": 150, "final_distance_cost": 80.56343876693425, "oscillation_cost": 55.42363839471323, "completition_cost": 777.7777777777778, "overshoot_cost": 80.14172689768947, "power_cost": 25.041244091796877, "noise_cost": 30.75065649356449, "n_waypoints_completed": 2, "tot_waypoints": 9}}
{"target": -1099.7014998698505, "params": {"k_pid_pos": [0.12061015516519547, 0.021391332149505615, 0.013401955366134644], "k_pid_alt": [0.0, 1.0, 0.9725573062896729], "k_pid_att": [100.0, 0.00015483572497032583, 0.8811279535293579], "k_pid_yaw": [0.5, 1e-06, 0.1], "k_pid_hsp": [9.912576675415039, 0.9639153480529785, 0.03414714336395264], "k_pid_vsp": [398.9902038574219, 396.0671081542969, 0.9815822243690491]}, "datetime": {"datetime": "2025-08-13 22:58:23", "elapsed": 47431.53049659729, "delta": 30.688181400299072}, "costs": {"total_cost": 1099.7014998698505, "time_cost": 150, "final_distance_cost": 49.54166145963442, "oscillation_cost": 213.38512192432353, "completition_cost": 555.5555555555555, "overshoot_cost": 72.09498212296887, "power_cost": 27.58994158935547, "noise_cost": 31.53423721801253, "n_waypoints_completed": 4, "tot_waypoints": 9}}
{"target": -1190.3716394024102, "params": {"k_pid_pos": [0.049618255347013474, 0.02626308798789978, 0.022440969944000244], "k_pid_alt": [0.3856174945831299, 1.0, 0.990792989730835], "k_pid_att": [100.0, 9.951335906982422, 0.9981701374053955], "k_pid_yaw": [0.5, 1e-06, 0.1], "k_pid_hsp": [9.892791748046875, 0.9817426204681396, 0.019373714923858643], "k_pid_vsp": [0.4020810127258301, 339.7245178222656, 0.2674470543861389]}, "datetime": {"datetime": "2025-08-13 22:58:52", "elapsed": 47460.51255989075, "delta": 28.98206329345703}, "costs": {"total_cost": 1190.3716394024102, "time_cost": 150, "final_distance_cost": 87.42550005663054, "oscillation_cost": 56.333064367271064, "completition_cost": 777.7777777777778, "overshoot_cost": 67.84757960216254, "power_cost": 27.27344315185547, "noise_cost": 23.71427444671273, "n_waypoints_completed": 2, "tot_waypoints": 9}}
{"target": -842.9607019628121, "params": {"k_pid_pos": [0.2521410584449768, 0.08601397275924683, 0.06139540672302246], "k_pid_alt": [5.960464477539063e-08, 1.0, 0.9863848686218262], "k_pid_att": [100.0, 9.999999747378752e-05, 0.9027949571609497], "k_pid_yaw": [0.5, 1e-06, 0.1], "k_pid_hsp": [9.91908073425293, 0.9951207637786865, 0.013705939054489136], "k_pid_vsp": [400.0, 389.8289794921875, 12.943387985229492]}, "datetime": {"datetime": "2025-08-13 22:59:24", "elapsed": 47492.251792907715, "delta": 31.739233016967773}, "costs": {"total_cost": 842.9607019628121, "time_cost": 150, "final_distance_cost": 56.99701470243458, "oscillation_cost": 82.70092343294098, "completition_cost": 444.4444444444444, "overshoot_cost": 61.46796380893539, "power_cost": 20.30027344970703, "noise_cost": 27.05008212434984, "n_waypoints_completed": 5, "tot_waypoints": 9}}
{"target": -1269.5979554765177, "params": {"k_pid_pos": [0.012279123067855835, 0.013618230819702148, 0.007993429899215698], "k_pid_alt": [1.563048243522644, 1.0, 0.8910589218139648], "k_pid_att": [100.0, 9.999999747378752e-05, 0.9800991415977478], "k_pid_yaw": [0.5, 1e-06, 0.1], "k_pid_hsp": [9.69436264038086, 0.9786618947982788, 0.020504117012023926], "k_pid_vsp": [400.0, 362.25921630859375, 3.2811293601989746]}, "datetime": {"datetime": "2025-08-13 22:59:56", "elapsed": 47524.902604579926, "delta": 32.65081167221069}, "costs": {"total_cost": 1269.5979554765177, "time_cost": 150, "final_distance_cost": 57.65654841712136, "oscillation_cost": 34.039527541062064, "completition_cost": 888.8888888888888, "overshoot_cost": 84.58475993199451, "power_cost": 23.139712048339845, "noise_cost": 31.288518649111296, "n_waypoints_completed": 1, "tot_waypoints": 9}}
{"target": -1083.2066359782568, "params": {"k_pid_pos": [0.09499312192201614, 0.01700413227081299, 0.07848352193832397], "k_pid_alt": [0.00033169984817504883, 1.0, 0.9878289699554443], "k_pid_att": [100.0, 0.00010089405986946076, 0.9717098474502563], "k_pid_yaw": [0.5, 1e-06, 0.1], "k_pid_hsp": [9.826323509216309, 0.9972962141036987, 0.03487861156463623], "k_pid_vsp": [400.0, 386.4608154296875, 18.069793701171875]}, "datetime": {"datetime": "2025-08-13 23:00:28", "elapsed": 47556.75206255913, "delta": 31.84945797920227}, "costs": {"total_cost": 1083.2066359782568, "time_cost": 150, "final_distance_cost": 53.44253096686493, "oscillation_cost": 88.59057583599873, "completition_cost": 666.6666666666667, "overshoot_cost": 70.91335304428463, "power_cost": 25.22526932373047, "noise_cost": 28.36824014071141, "n_waypoints_completed": 3, "tot_waypoints": 9}}
{"target": -1068.9963164513758, "params": {"k_pid_pos": [0.14964105188846588, 0.0456106960773468, 0.11350038647651672], "k_pid_alt": [5.960464477539063e-08, 1.0, 0.9685424566268921], "k_pid_att": [100.0, 0.00012503369362093508, 0.9017409086227417], "k_pid_yaw": [0.5, 1e-06, 0.1], "k_pid_hsp": [9.825435638427734, 0.9919403791427612, 0.02893805503845215], "k_pid_vsp": [400.0, 394.3729248046875, 1.0640273094177246]}, "datetime": {"datetime": "2025-08-13 23:00:59", "elapsed": 47587.17615008354, "delta": 30.424087524414062}, "costs": {"total_cost": 1068.9963164513758, "time_cost": 150, "final_distance_cost": 50.031740064332595, "oscillation_cost": 302.61692852527744, "completition_cost": 444.4444444444444, "overshoot_cost": 68.9056960952769, "power_cost": 23.338850305175782, "noise_cost": 29.658657016868734, "n_waypoints_completed": 5, "tot_waypoints": 9}}
{"target": -1015.2158334760985, "params": {"k_pid_pos": [0.11244609951972961, 0.07978653907775879, 0.009166121482849121], "k_pid_alt": [0.0, 1.0, 0.989699125289917], "k_pid_att": [100.0, 9.999999747378752e-05, 0.9850591421127319], "k_pid_yaw": [0.5, 1e-06, 0.1], "k_pid_hsp": [9.92565631866455, 0.9776618480682373, 0.01620858907699585], "k_pid_vsp": [400.0, 394.9583435058594, 12.219263076782227]}, "datetime": {"datetime": "2025-08-13 23:01:29", "elapsed": 47617.43895196915, "delta": 30.26280188560486}, "costs": {"total_cost": 1015.2158334760985, "time_cost": 150, "final_distance_cost": 45.27086785495255, "oscillation_cost": 129.5125955103223, "completition_cost": 555.5555555555555, "overshoot_cost": 69.87708061317066, "power_cost": 33.082910949707035, "noise_cost": 31.916822992390397, "n_waypoints_completed": 4, "tot_waypoints": 9}}
{"target": -600.0105322275832, "params": {"k_pid_pos": [0.35726451873779297, 0.008780419826507568, 0.00807887315750122], "k_pid_alt": [0.0, 1.0, 0.9941055774688721], "k_pid_att": [100.0, 9.999999747378752e-05, 0.9289636015892029], "k_pid_yaw": [0.5, 1e-06, 0.1], "k_pid_hsp": [9.825148582458496, 0.9685409069061279, 0.03051188588142395], "k_pid_vsp": [400.0, 394.2688293457031, 3.1258950233459473]}, "datetime": {"datetime": "2025-08-13 23:01:58", "elapsed": 47646.912065029144, "delta": 29.47311305999756}, "costs": {"total_cost": 600.0105322275832, "time_cost": 119.378, "final_distance_cost": 1.860917058755766, "oscillation_cost": 354.9411237301801, "completition_cost": 0.0, "overshoot_cost": 69.90831024376836, "power_cost": 23.42209744873047, "noise_cost": 30.50008374614854, "n_waypoints_completed": 9, "tot_waypoints": 9}}
{"target": -936.9840377021595, "params": {"k_pid_pos": [0.13440603017807007, 0.0036438405513763428, 0.011161714792251587], "k_pid_alt": [0.0, 1.0, 0.9878508448600769], "k_pid_att": [100.0, 9.999999747378752e-05, 0.9833264350891113], "k_pid_yaw": [0.5, 1e-06, 0.1], "k_pid_hsp": [9.9439697265625, 0.9943914413452148, 0.027090132236480713], "k_pid_vsp": [400.0, 394.2657470703125, 12.06417179107666]}, "datetime": {"datetime": "2025-08-13 23:02:28", "elapsed": 47677.064437389374, "delta": 30.152372360229492}, "costs": {"total_cost": 936.9840377021595, "time_cost": 150, "final_distance_cost": 45.87439758776524, "oscillation_cost": 64.46739215624652, "completition_cost": 555.5555555555555, "overshoot_cost": 65.6923388632546, "power_cost": 25.404238452148437, "noise_cost": 29.99011508718922, "n_waypoints_completed": 4, "tot_waypoints": 9}}
{"target": -1478.2331805860033, "params": {"k_pid_pos": [0.055460769683122635, 0.01195862889289856, 0.007428467273712158], "k_pid_alt": [0.0, 0.0, 0.9697446227073669], "k_pid_att": [99.99883270263672, 9.999999747378752e-05, 0.9542679786682129], "k_pid_yaw": [0.5, 1e-06, 0.1], "k_pid_hsp": [9.811519622802734, 0.9849364757537842, 0.005787968635559082], "k_pid_vsp": [399.1535949707031, 398.68914794921875, 8.394946098327637]}, "datetime": {"datetime": "2025-08-13 23:02:58", "elapsed": 47706.49906849861, "delta": 29.43463110923767}, "costs": {"total_cost": 1478.2331805860033, "time_cost": 150, "final_distance_cost": 1.0004316877233632, "oscillation_cost": 8.134929123416, "completition_cost": 1000.0, "overshoot_cost": 163.21471795812886, "power_cost": 14.055281774902344, "noise_cost": 141.82782004183255, "n_waypoints_completed": 0, "tot_waypoints": 9}}
{"target": -1834.1353981945092, "params": {"k_pid_pos": [0.008468073792755604, 0.01817774772644043, 0.012536674737930298], "k_pid_alt": [0.0, 1.0, 0.9967663288116455], "k_pid_att": [100.0, 9.999999747378752e-05, 0.9757649898529053], "k_pid_yaw": [0.5, 1e-06, 0.1], "k_pid_hsp": [9.964984893798828, 0.9497219920158386, 0.07898727059364319], "k_pid_vsp": [400.0, 355.92755126953125, 8.875954627990723]}, "datetime": {"datetime": "2025-08-13 23:03:28", "elapsed": 47737.0114672184, "delta": 30.512398719787598}, "costs": {"total_cost": 1834.1353981945092, "time_cost": 150, "final_distance_cost": 68.42129693647833, "oscillation_cost": 573.0854368500405, "completition_cost": 888.8888888888888, "overshoot_cost": 98.54880188588685, "power_cost": 27.993222277832032, "noise_cost": 27.197751355382763, "n_waypoints_completed": 1, "tot_waypoints": 9}}
{"target": -1823.6872767360928, "params": {"k_pid_pos": [0.024326885119080544, 0.0656459629535675, 0.010298550128936768], "k_pid_alt": [0.0, 1.0, 0.9838252067565918], "k_pid_att": [100.0, 9.999999747378752e-05, 0.9594011306762695], "k_pid_yaw": [0.5, 1e-06, 0.1], "k_pid_hsp": [9.760392189025879, 0.9972821474075317, 0.04557079076766968], "k_pid_vsp": [400.0, 381.0655212402344, 2.001608371734619]}, "datetime": {"datetime": "2025-08-13 23:03:59", "elapsed": 47768.07860469818, "delta": 31.067137479782104}, "costs": {"total_cost": 1823.6872767360928, "time_cost": 150, "final_distance_cost": 320.7286942300934, "oscillation_cost": 316.79525020250196, "completition_cost": 777.7777777777778, "overshoot_cost": 208.2619678918602, "power_cost": 23.550598547363283, "noise_cost": 26.57298808649633, "n_waypoints_completed": 2, "tot_waypoints": 9}}
{"target": -1239.4256649474055, "params": {"k_pid_pos": [0.19399935007095337, 0.06017124652862549, 0.28062182664871216], "k_pid_alt": [0.004213869571685791, 1.0, 0.9985825419425964], "k_pid_att": [99.99998474121094, 9.999999747378752e-05, 0.7952169179916382], "k_pid_yaw": [0.5, 1e-06, 0.1], "k_pid_hsp": [9.915825843811035, 0.8757729530334473, 0.03457707166671753], "k_pid_vsp": [400.0, 396.2864685058594, 5.836905002593994]}, "datetime": {"datetime": "2025-08-13 23:04:31", "elapsed": 47799.14247560501, "delta": 31.063870906829834}, "costs": {"total_cost": 1239.4256649474055, "time_cost": 150, "final_distance_cost": 44.39553683380594, "oscillation_cost": 478.4987947346526, "completition_cost": 444.4444444444444, "overshoot_cost": 64.0389464823947, "power_cost": 28.45223319091797, "noise_cost": 29.595709261189818, "n_waypoints_completed": 5, "tot_waypoints": 9}}
{"target": -1153.5122788340848, "params": {"k_pid_pos": [0.09187690913677216, 0.053424715995788574, 0.011718541383743286], "k_pid_alt": [0.0, 0.9999762773513794, 0.9943060874938965], "k_pid_att": [100.0, 9.999999747378752e-05, 0.9901922941207886], "k_pid_yaw": [0.5, 1e-06, 0.1], "k_pid_hsp": [9.920096397399902, 0.9377149343490601, 0.07154300808906555], "k_pid_vsp": [400.0, 365.79107666015625, 1.6964683532714844]}, "datetime": {"datetime": "2025-08-13 23:05:01", "elapsed": 47829.86657476425, "delta": 30.724099159240723}, "costs": {"total_cost": 1153.5122788340848, "time_cost": 150, "final_distance_cost": 53.931960500769165, "oscillation_cost": 152.8570614714008, "completition_cost": 666.6666666666667, "overshoot_cost": 68.6596166074611, "power_cost": 29.37954986572266, "noise_cost": 32.01742372206416, "n_waypoints_completed": 3, "tot_waypoints": 9}}
{"target": -1908.8588164995085, "params": {"k_pid_pos": [0.048830918967723846, 0.12600964307785034, 0.07961195707321167], "k_pid_alt": [0.004498660564422607, 1.0, 0.9975659847259521], "k_pid_att": [100.0, 0.00026778539177030325, 0.9978632926940918], "k_pid_yaw": [0.5, 1e-06, 0.1], "k_pid_hsp": [9.371420860290527, 0.9885375499725342, 0.2477976679801941], "k_pid_vsp": [400.0, 395.47998046875, 7.737649440765381]}, "datetime": {"datetime": "2025-08-13 23:05:31", "elapsed": 47860.081681251526, "delta": 30.21510648727417}, "costs": {"total_cost": 1908.8588164995085, "time_cost": 150, "final_distance_cost": 91.30005434256114, "oscillation_cost": 771.051127452729, "completition_cost": 777.7777777777778, "overshoot_cost": 62.46264318308862, "power_cost": 28.997951293945313, "noise_cost": 27.26926244940669, "n_waypoints_completed": 2, "tot_waypoints": 9}}
{"target": -1291.1435462280322, "params": {"k_pid_pos": [0.015374952927231789, 0.01859074831008911, 0.011110186576843262], "k_pid_alt": [2.205371856689453e-06, 0.9999995827674866, 0.9931818246841431], "k_pid_att": [100.0, 9.999999747378752e-05, 0.9876865744590759], "k_pid_yaw": [0.5, 1e-06, 0.1], "k_pid_hsp": [9.772895812988281, 0.985983669757843, 0.03131544589996338], "k_pid_vsp": [400.0, 397.04345703125, 11.300207138061523]}, "datetime": {"datetime": "2025-08-13 23:06:02", "elapsed": 47890.45474600792, "delta": 30.373064756393433}, "costs": {"total_cost": 1291.1435462280322, "time_cost": 150, "final_distance_cost": 64.45830180228981, "oscillation_cost": 42.90384699344014, "completition_cost": 888.8888888888888, "overshoot_cost": 84.11438989859639, "power_cost": 31.41047938232422, "noise_cost": 29.36763926249295, "n_waypoints_completed": 1, "tot_waypoints": 9}}
{"target": -1218.5324464297141, "params": {"k_pid_pos": [0.03619012236595154, 0.04515188932418823, 0.05104506015777588], "k_pid_alt": [0.0, 0.2615213394165039, 0.9822399616241455], "k_pid_att": [100.0, 9.999999747378752e-05, 0.8165218830108643], "k_pid_yaw": [0.5, 1e-06, 0.1], "k_pid_hsp": [9.896041870117188, 0.9844710826873779, 0.031034201383590698], "k_pid_vsp": [400.0, 390.9529113769531, 18.181825637817383]}, "datetime": {"datetime": "2025-08-13 23:06:32", "elapsed": 47920.98289465904, "delta": 30.528148651123047}, "costs": {"total_cost": 1218.5324464297141, "time_cost": 150, "final_distance_cost": 85.6446306920633, "oscillation_cost": 74.02075658799318, "completition_cost": 777.7777777777778, "overshoot_cost": 76.93058515462214, "power_cost": 26.47385604248047, "noise_cost": 27.684840174777364, "n_waypoints_completed": 2, "tot_waypoints": 9}}
{"target": -1089.0113447975752, "params": {"k_pid_pos": [0.06970342248678207, 0.03156334161758423, 0.021759092807769775], "k_pid_alt": [0.0, 1.0, 0.9735130071640015], "k_pid_att": [100.0, 9.999999747378752e-05, 0.9189871549606323], "k_pid_yaw": [0.5, 1e-06, 0.1], "k_pid_hsp": [9.981822967529297, 0.9822840690612793, 0.02839168906211853], "k_pid_vsp": [400.0, 388.3023681640625, 28.013051986694336]}, "datetime": {"datetime": "2025-08-13 23:07:03", "elapsed": 47951.317008018494, "delta": 30.334113359451294}, "costs": {"total_cost": 1089.0113447975752, "time_cost": 150, "final_distance_cost": 55.16581574611365, "oscillation_cost": 80.90003488134778, "completition_cost": 666.6666666666667, "overshoot_cost": 78.17659798738941, "power_cost": 28.82948544921875, "noise_cost": 29.27274406683894, "n_waypoints_completed": 3, "tot_waypoints": 9}}
{"target": -346.159087916486, "params": {"k_pid_pos": [0.6627446413040161, 0.010334193706512451, 0.024812549352645874], "k_pid_alt": [0.0, 1.0, 0.9923735857009888], "k_pid_att": [100.0, 9.999999747378752e-05, 0.9907544851303101], "k_pid_yaw": [0.5, 1e-06, 0.1], "k_pid_hsp": [9.83414363861084, 0.959344744682312, 0.005546241998672485], "k_pid_vsp": [400.0, 381.42303466796875, 6.144596099853516]}, "datetime": {"datetime": "2025-08-13 23:07:27", "elapsed": 47976.03492307663, "delta": 24.717915058135986}, "costs": {"total_cost": 346.159087916486, "time_cost": 105.46900000000001, "final_distance_cost": 1.8102083326796101, "oscillation_cost": 117.65699461697645, "completition_cost": 0.0, "overshoot_cost": 64.9777415728707, "power_cost": 26.716151281738284, "noise_cost": 29.528992112220944, "n_waypoints_completed": 9, "tot_waypoints": 9}}
{"target": -608.7072704642849, "params": {"k_pid_pos": [0.31893056631088257, 0.0060891807079315186, 0.03699702024459839], "k_pid_alt": [2.1636486053466797e-05, 1.0, 0.9513304233551025], "k_pid_att": [1.3438552618026733, 9.999999747378752e-05, 0.9856587052345276], "k_pid_yaw": [0.5, 1e-06, 0.1], "k_pid_hsp": [9.742059707641602, 0.9443727731704712, 0.008308768272399902], "k_pid_vsp": [400.0, 391.02081298828125, 23.034658432006836]}, "datetime": {"datetime": "2025-08-13 23:07:58", "elapsed": 48006.39948606491, "delta": 30.36456298828125}, "costs": {"total_cost": 608.7072704642849, "time_cost": 150, "final_distance_cost": 66.98180593706428, "oscillation_cost": 39.74475889476067, "completition_cost": 222.2222222222222, "overshoot_cost": 65.81004960762033, "power_cost": 32.35428690185547, "noise_cost": 31.59414690076202, "n_waypoints_completed": 7, "tot_waypoints": 9}}
