{"target": -1489.9756425873115, "params": {"k_pid_pos": [0.04795054346323013, 0.17273488640785217, 0.1316695213317871], "k_pid_alt": [0.5290646553039551, 1.0, 0.9845997095108032], "k_pid_att": [100.0, 7.866976261138916, 0.9689737558364868], "k_pid_yaw": [0.5, 1e-06, 0.1], "k_pid_hsp": [9.920941352844238, 0.946448802947998, 0.229617178440094], "k_pid_vsp": [269.7745361328125, 295.5912170410156, 25.254941940307617]}, "datetime": {"datetime": "2025-08-13 16:21:27", "elapsed": 23615.260824918747, "delta": 30.355069637298584}, "costs": {"total_cost": 1489.9756425873115, "time_cost": 150, "final_distance_cost": 46.292438557245234, "oscillation_cost": 594.4754854636301, "completition_cost": 555.5555555555555, "overshoot_cost": 74.64331595163968, "power_cost": 39.70744403076172, "noise_cost": 29.301403028479214, "n_waypoints_completed": 4, "tot_waypoints": 9}}
{"target": -1519.2903901837972, "params": {"k_pid_pos": [0.2332182675600052, 0.22985807061195374, 0.1482265293598175], "k_pid_alt": [1.430511474609375e-06, 0.7256482839584351, 0.9600158929824829], "k_pid_att": [100.0, 9.999999747378752e-05, 0.6856391429901123], "k_pid_yaw": [0.5, 1e-06, 0.1], "k_pid_hsp": [9.896574020385742, 0.9654140472412109, 0.14396363496780396], "k_pid_vsp": [397.8739318847656, 377.4988708496094, 2.4380931854248047]}, "datetime": {"datetime": "2025-08-13 16:21:59", "elapsed": 23647.16975045204, "delta": 31.908925533294678}, "costs": {"total_cost": 1519.2903901837972, "time_cost": 150, "final_distance_cost": 51.94386920204081, "oscillation_cost": 737.075546316196, "completition_cost": 444.4444444444444, "overshoot_cost": 61.554112291775475, "power_cost": 41.38764614257813, "noise_cost": 32.88477178676216, "n_waypoints_completed": 5, "tot_waypoints": 9}}
{"target": -2210.5647159115542, "params": {"k_pid_pos": [0.2053622305393219, 0.10377955436706543, 0.3068455457687378], "k_pid_alt": [0.0, 0.0021509528160095215, 0.7037026882171631], "k_pid_att": [100.0, 9.999999747378752e-05, 0.985909640789032], "k_pid_yaw": [0.5, 1e-06, 0.1], "k_pid_hsp": [9.906269073486328, 0.9690144658088684, 0.007406830787658691], "k_pid_vsp": [399.33642578125, 355.0541076660156, 1.0319957733154297]}, "datetime": {"datetime": "2025-08-13 16:22:31", "elapsed": 23679.25312757492, "delta": 32.08337712287903}, "costs": {"total_cost": 2210.5647159115542, "time_cost": 150, "final_distance_cost": 7.218008254795702, "oscillation_cost": 812.7947031734158, "completition_cost": 1000.0, "overshoot_cost": 150.97414324962193, "power_cost": 35.038066174316405, "noise_cost": 54.53979505940414, "n_waypoints_completed": 0, "tot_waypoints": 9}}
{"target": -1481.2589507278933, "params": {"k_pid_pos": [0.01500935573130846, 0.19986647367477417, 0.3323681950569153], "k_pid_alt": [0.00041365623474121094, 0.9998354315757751, 0.990003228187561], "k_pid_att": [100.0, 9.999999747378752e-05, 0.9644070267677307], "k_pid_yaw": [0.5, 1e-06, 0.1], "k_pid_hsp": [8.500975608825684, 0.9839257597923279, 0.03517112135887146], "k_pid_vsp": [388.92218017578125, 393.73663330078125, 9.300495147705078]}, "datetime": {"datetime": "2025-08-13 16:23:03", "elapsed": 23711.621902942657, "delta": 32.368775367736816}, "costs": {"total_cost": 1481.2589507278933, "time_cost": 150, "final_distance_cost": 73.8882188142619, "oscillation_cost": 247.11922505111514, "completition_cost": 888.8888888888888, "overshoot_cost": 56.63899550706345, "power_cost": 34.97864205322266, "noise_cost": 29.744980413341207, "n_waypoints_completed": 1, "tot_waypoints": 9}}
{"target": -726.2942119774018, "params": {"k_pid_pos": [0.30475151538848877, 0.1072891354560852, 0.09951373934745789], "k_pid_alt": [0.0, 0.9675447344779968, 0.9714853763580322], "k_pid_att": [100.0, 0.00010357623978052288, 0.9241819977760315], "k_pid_yaw": [0.5, 1e-06, 0.1], "k_pid_hsp": [9.868302345275879, 0.9506325721740723, 0.016027867794036865], "k_pid_vsp": [400.0, 384.2138366699219, 3.7628183364868164]}, "datetime": {"datetime": "2025-08-13 16:23:38", "elapsed": 23747.06873345375, "delta": 35.44683051109314}, "costs": {"total_cost": 726.2942119774018, "time_cost": 150, "final_distance_cost": 64.63098338847585, "oscillation_cost": 160.55203366005102, "completition_cost": 222.2222222222222, "overshoot_cost": 60.58767910613674, "power_cost": 35.110029333496094, "noise_cost": 33.191264267019946, "n_waypoints_completed": 7, "tot_waypoints": 9}}
{"target": -1070.825922875817, "params": {"k_pid_pos": [0.14008904993534088, 0.10777562856674194, 0.10534369945526123], "k_pid_alt": [0.0, 0.9956966638565063, 0.9582535624504089], "k_pid_att": [100.0, 9.999999747378752e-05, 0.9064487218856812], "k_pid_yaw": [0.5, 1e-06, 0.1], "k_pid_hsp": [9.111144065856934, 0.9906960725784302, 0.06797155737876892], "k_pid_vsp": [23.823238372802734, 396.8010559082031, 3.3625969886779785]}, "datetime": {"datetime": "2025-08-13 16:24:12", "elapsed": 23780.65659880638, "delta": 33.587865352630615}, "costs": {"total_cost": 1070.825922875817, "time_cost": 150, "final_distance_cost": 47.32182910689075, "oscillation_cost": 189.68848308840248, "completition_cost": 555.5555555555555, "overshoot_cost": 61.59022874238372, "power_cost": 34.862794360351565, "noise_cost": 31.807032022233063, "n_waypoints_completed": 4, "tot_waypoints": 9}}
{"target": -1085.3349538327718, "params": {"k_pid_pos": [0.08934520930051804, 0.02362993359565735, 0.0629541277885437], "k_pid_alt": [0.0, 0.9680981040000916, 0.9562987089157104], "k_pid_att": [100.0, 0.174068421125412, 0.8432968258857727], "k_pid_yaw": [0.5, 1e-06, 0.1], "k_pid_hsp": [9.837360382080078, 0.9704205989837646, 0.019482851028442383], "k_pid_vsp": [400.0, 397.83782958984375, 12.866747856140137]}, "datetime": {"datetime": "2025-08-13 16:24:46", "elapsed": 23814.6728785038, "delta": 34.01627969741821}, "costs": {"total_cost": 1085.3349538327718, "time_cost": 150, "final_distance_cost": 54.98378776234429, "oscillation_cost": 77.10840569541924, "completition_cost": 666.6666666666667, "overshoot_cost": 73.24532331602747, "power_cost": 31.44581149902344, "noise_cost": 31.884958893290644, "n_waypoints_completed": 3, "tot_waypoints": 9}}
{"target": -1279.7342069755725, "params": {"k_pid_pos": [0.1014540046453476, 0.5823938846588135, 0.0065565407276153564], "k_pid_alt": [0.0, 1.0, 0.9822388887405396], "k_pid_att": [99.99829864501953, 9.999999747378752e-05, 0.9598135948181152], "k_pid_yaw": [0.5, 1e-06, 0.1], "k_pid_hsp": [9.647492408752441, 0.9801384806632996, 0.04495370388031006], "k_pid_vsp": [400.0, 399.0873107910156, 145.12371826171875]}, "datetime": {"datetime": "2025-08-13 16:25:20", "elapsed": 23848.552918195724, "delta": 33.88003969192505}, "costs": {"total_cost": 1279.7342069755725, "time_cost": 150, "final_distance_cost": 89.6814267833754, "oscillation_cost": 152.07605197025282, "completition_cost": 777.7777777777778, "overshoot_cost": 49.87734949926577, "power_cost": 32.78557506103516, "noise_cost": 27.536025883865392, "n_waypoints_completed": 2, "tot_waypoints": 9}}
{"target": -1676.5494540951152, "params": {"k_pid_pos": [0.17150980234146118, 0.37222743034362793, 0.011273294687271118], "k_pid_alt": [1.2636184692382812e-05, 0.9999978542327881, 0.8286451697349548], "k_pid_att": [100.0, 0.00010029802069766447, 0.9085860252380371], "k_pid_yaw": [0.5, 1e-06, 0.1], "k_pid_hsp": [8.837638854980469, 0.9944232106208801, 0.23484206199645996], "k_pid_vsp": [400.0, 394.86346435546875, 8.138895988464355]}, "datetime": {"datetime": "2025-08-13 16:25:53", "elapsed": 23881.295625925064, "delta": 32.7427077293396}, "costs": {"total_cost": 1676.5494540951152, "time_cost": 150, "final_distance_cost": 54.74002273813861, "oscillation_cost": 685.6748184180173, "completition_cost": 666.6666666666667, "overshoot_cost": 56.46537830481618, "power_cost": 30.985764892578125, "noise_cost": 32.01680307489847, "n_waypoints_completed": 3, "tot_waypoints": 9}}
{"target": -679.896024645591, "params": {"k_pid_pos": [0.28991594910621643, 0.08702623844146729, 0.05824267864227295], "k_pid_alt": [1.7881393432617188e-07, 0.9997555017471313, 0.9845459461212158], "k_pid_att": [100.0, 9.999998092651367, 0.9379886388778687], "k_pid_yaw": [0.5, 1e-06, 0.1], "k_pid_hsp": [9.350890159606934, 0.9699826240539551, 0.02184930443763733], "k_pid_vsp": [399.99853515625, 394.4692077636719, 5.476332664489746]}, "datetime": {"datetime": "2025-08-13 16:26:27", "elapsed": 23915.628864765167, "delta": 34.33323884010315}, "costs": {"total_cost": 679.896024645591, "time_cost": 150, "final_distance_cost": 70.51125614290095, "oscillation_cost": 118.11322302132514, "completition_cost": 222.2222222222222, "overshoot_cost": 61.68818532242258, "power_cost": 26.604523059082034, "noise_cost": 30.7566148776381, "n_waypoints_completed": 7, "tot_waypoints": 9}}
{"target": -5273.796381609164, "params": {"k_pid_pos": [0.4114517271518707, 0.041106730699539185, 0.018497496843338013], "k_pid_alt": [0.04363662004470825, 0.9999967813491821, 0.9852404594421387], "k_pid_att": [0.00711977481842041, 0.011972231790423393, 0.9804226756095886], "k_pid_yaw": [0.5, 1e-06, 0.1], "k_pid_hsp": [9.8492431640625, 0.9843517541885376, 0.15291470289230347], "k_pid_vsp": [399.9759216308594, 392.14288330078125, 7.195640563964844]}, "datetime": {"datetime": "2025-08-13 16:27:03", "elapsed": 23951.285430669785, "delta": 35.65656590461731}, "costs": {"total_cost": 5273.796381609164, "time_cost": 150, "final_distance_cost": 791.1494791651, "oscillation_cost": 24.184673872349233, "completition_cost": 888.8888888888888, "overshoot_cost": 3285.6105383529207, "power_cost": 49.27515294189453, "noise_cost": 84.68764838801043, "n_waypoints_completed": 1, "tot_waypoints": 9}}
{"target": -337.38038257041967, "params": {"k_pid_pos": [0.3721693456172943, 0.0072247982025146484, 0.01090201735496521], "k_pid_alt": [0.0, 1.0, 0.8283988237380981], "k_pid_att": [100.0, 9.999999747378752e-05, 0.9900927543640137], "k_pid_yaw": [0.5, 1e-06, 0.1], "k_pid_hsp": [9.792617797851562, 0.9538723826408386, 0.026012837886810303], "k_pid_vsp": [400.0, 389.1632080078125, 32.515621185302734]}, "datetime": {"datetime": "2025-08-13 16:27:35", "elapsed": 23983.742046117783, "delta": 32.45661544799805}, "costs": {"total_cost": 337.38038257041967, "time_cost": 113.62400000000001, "final_distance_cost": 1.8351082954415021, "oscillation_cost": 104.62256149319624, "completition_cost": 0.0, "overshoot_cost": 66.37192833003854, "power_cost": 24.206386914062502, "noise_cost": 26.720397537680913, "n_waypoints_completed": 9, "tot_waypoints": 9}}
{"target": -879.7983008978442, "params": {"k_pid_pos": [0.2639928460121155, 0.5428830981254578, 0.020677417516708374], "k_pid_alt": [1.3768672943115234e-05, 1.0, 0.7382915019989014], "k_pid_att": [100.0, 9.999999747378752e-05, 0.9584108591079712], "k_pid_yaw": [0.5, 1e-06, 0.1], "k_pid_hsp": [8.691176414489746, 0.9756076335906982, 0.019417881965637207], "k_pid_vsp": [0.003993511199951172, 382.06292724609375, 106.05134582519531]}, "datetime": {"datetime": "2025-08-13 16:28:10", "elapsed": 24018.675043344498, "delta": 34.93299722671509}, "costs": {"total_cost": 879.7983008978442, "time_cost": 150, "final_distance_cost": 63.099745753724, "oscillation_cost": 95.5655522735674, "completition_cost": 444.4444444444444, "overshoot_cost": 58.08714936550605, "power_cost": 35.88294184570313, "noise_cost": 32.71846721489924, "n_waypoints_completed": 5, "tot_waypoints": 9}}
{"target": -1059.7273858553842, "params": {"k_pid_pos": [0.14348158240318298, 0.11339676380157471, 0.0030178725719451904], "k_pid_alt": [0.0, 1.0, 0.9126519560813904], "k_pid_att": [99.99996185302734, 0.00016198820958379656, 0.884886622428894], "k_pid_yaw": [0.5, 1e-06, 0.1], "k_pid_hsp": [8.674606323242188, 0.9509309530258179, 0.0192812979221344], "k_pid_vsp": [399.9429931640625, 395.6009826660156, 4.5643815994262695]}, "datetime": {"datetime": "2025-08-13 16:28:42", "elapsed": 24050.523033857346, "delta": 31.8479905128479}, "costs": {"total_cost": 1059.7273858553842, "time_cost": 150, "final_distance_cost": 58.208378875976194, "oscillation_cost": 171.15043434571695, "completition_cost": 555.5555555555555, "overshoot_cost": 71.28002346676018, "power_cost": 22.45422907714844, "noise_cost": 31.078764534226906, "n_waypoints_completed": 4, "tot_waypoints": 9}}
{"target": -759.2306965268876, "params": {"k_pid_pos": [0.6260371804237366, 0.2066372036933899, 0.090182363986969], "k_pid_alt": [0.0, 1.0, 0.9483980536460876], "k_pid_att": [100.0, 9.999999747378752e-05, 0.9879506826400757], "k_pid_yaw": [0.5, 1e-06, 0.1], "k_pid_hsp": [9.739241600036621, 0.859063982963562, 0.04047611355781555], "k_pid_vsp": [400.0, 371.6168518066406, 0.6679068207740784]}, "datetime": {"datetime": "2025-08-13 16:29:14", "elapsed": 24082.63096356392, "delta": 32.107929706573486}, "costs": {"total_cost": 759.2306965268876, "time_cost": 150, "final_distance_cost": 64.52172563641984, "oscillation_cost": 199.2872993825695, "completition_cost": 222.2222222222222, "overshoot_cost": 59.212952452194656, "power_cost": 32.41004233398438, "noise_cost": 31.576454499496975, "n_waypoints_completed": 7, "tot_waypoints": 9}}
{"target": -373.3794944759671, "params": {"k_pid_pos": [0.37269127368927, 0.06763270497322083, 0.06726688146591187], "k_pid_alt": [0.0, 1.0, 0.9548174738883972], "k_pid_att": [100.0, 9.999999747378752e-05, 0.7838347554206848], "k_pid_yaw": [0.5, 1e-06, 0.1], "k_pid_hsp": [9.534274101257324, 0.9974642992019653, 0.009245336055755615], "k_pid_vsp": [399.98785400390625, 395.75653076171875, 4.560543060302734]}, "datetime": {"datetime": "2025-08-13 16:29:46", "elapsed": 24114.2143099308, "delta": 31.583346366882324}, "costs": {"total_cost": 373.3794944759671, "time_cost": 103.488, "final_distance_cost": 1.8110819799492257, "oscillation_cost": 151.94365236773797, "completition_cost": 0.0, "overshoot_cost": 66.49302283004552, "power_cost": 22.04392703857422, "noise_cost": 27.599810259660153, "n_waypoints_completed": 9, "tot_waypoints": 9}}
{"target": -572.235355774642, "params": {"k_pid_pos": [0.8900749087333679, 0.22351175546646118, 0.23173990845680237], "k_pid_alt": [0.027094364166259766, 1.0, 0.9212858080863953], "k_pid_att": [100.0, 0.00010029802069766447, 0.9751197099685669], "k_pid_yaw": [0.5, 1e-06, 0.1], "k_pid_hsp": [9.911748886108398, 0.8078190684318542, 0.004631698131561279], "k_pid_vsp": [400.0, 396.4989318847656, 7.567287445068359]}, "datetime": {"datetime": "2025-08-13 16:30:20", "elapsed": 24148.92538547516, "delta": 34.7110755443573}, "costs": {"total_cost": 572.235355774642, "time_cost": 150, "final_distance_cost": 66.19255334503835, "oscillation_cost": 131.2459951326013, "completition_cost": 111.11111111111116, "overshoot_cost": 59.17761400607154, "power_cost": 24.128067846679688, "noise_cost": 30.380014333140025, "n_waypoints_completed": 8, "tot_waypoints": 9}}
{"target": -1481.3167985701305, "params": {"k_pid_pos": [0.4089161455631256, 0.0637364387512207, 0.04457437992095947], "k_pid_alt": [0.0, 8.791685104370117e-05, 0.9526437520980835], "k_pid_att": [100.0, 9.999999747378752e-05, 0.9969121813774109], "k_pid_yaw": [0.5, 1e-06, 0.1], "k_pid_hsp": [9.826074600219727, 0.9887576103210449, 0.0029606521129608154], "k_pid_vsp": [399.99822998046875, 370.75823974609375, 89.3087387084961]}, "datetime": {"datetime": "2025-08-13 16:30:53", "elapsed": 24181.173916339874, "delta": 32.248530864715576}, "costs": {"total_cost": 1481.3167985701305, "time_cost": 150, "final_distance_cost": 0.9982167468699064, "oscillation_cost": 24.84610351564407, "completition_cost": 1000.0, "overshoot_cost": 162.27131215338855, "power_cost": 27.43550909423828, "noise_cost": 115.76565705998945, "n_waypoints_completed": 0, "tot_waypoints": 9}}
{"target": -1064.9824532952593, "params": {"k_pid_pos": [0.11080800741910934, 0.2314434051513672, 0.05066770315170288], "k_pid_alt": [0.0, 1.0, 0.9377894401550293], "k_pid_att": [1.1411786079406738, 0.006663597654551268, 0.9580496549606323], "k_pid_yaw": [0.5, 1e-06, 0.1], "k_pid_hsp": [9.948281288146973, 0.9841451644897461, 0.09838098287582397], "k_pid_vsp": [400.0, 377.7596130371094, 4.170287609100342]}, "datetime": {"datetime": "2025-08-13 16:31:25", "elapsed": 24213.253472328186, "delta": 32.07955598831177}, "costs": {"total_cost": 1064.9824532952593, "time_cost": 150, "final_distance_cost": 51.11408382473428, "oscillation_cost": 78.5406386061715, "completition_cost": 666.6666666666667, "overshoot_cost": 61.87747603384052, "power_cost": 23.26853924560547, "noise_cost": 33.51504891824076, "n_waypoints_completed": 3, "tot_waypoints": 9}}
{"target": -1317.8051252251448, "params": {"k_pid_pos": [0.21457503736019135, 0.9649742841720581, 0.07972973585128784], "k_pid_alt": [0.0004399418830871582, 1.0, 0.9858827590942383], "k_pid_att": [100.0, 0.00010059603664558381, 0.977303683757782], "k_pid_yaw": [0.5, 1e-06, 0.1], "k_pid_hsp": [9.859024047851562, 0.9861016273498535, 0.002950519323348999], "k_pid_vsp": [400.0, 389.62249755859375, 6.083119869232178]}, "datetime": {"datetime": "2025-08-13 16:31:58", "elapsed": 24246.887253522873, "delta": 33.63378119468689}, "costs": {"total_cost": 1317.8051252251448, "time_cost": 150, "final_distance_cost": 88.5471414856206, "oscillation_cost": 83.81651281120952, "completition_cost": 777.7777777777778, "overshoot_cost": 114.60941714694764, "power_cost": 49.18251658935547, "noise_cost": 53.87175941423383, "n_waypoints_completed": 2, "tot_waypoints": 9}}
{"target": -1035.536104157572, "params": {"k_pid_pos": [0.17221035063266754, 0.22811046242713928, 0.003936588764190674], "k_pid_alt": [0.0, 1.0, 0.8891482949256897], "k_pid_att": [98.2798843383789, 9.999999747378752e-05, 0.9598996639251709], "k_pid_yaw": [0.5, 1e-06, 0.1], "k_pid_hsp": [9.320829391479492, 0.985037088394165, 0.01659756898880005], "k_pid_vsp": [399.9966125488281, 386.8904724121094, 0.27613741159439087]}, "datetime": {"datetime": "2025-08-13 16:32:33", "elapsed": 24281.34104037285, "delta": 34.453786849975586}, "costs": {"total_cost": 1035.536104157572, "time_cost": 150, "final_distance_cost": 40.223488248449094, "oscillation_cost": 170.79509463352707, "completition_cost": 555.5555555555555, "overshoot_cost": 60.631952693414455, "power_cost": 26.001527185058595, "noise_cost": 32.32848584156728, "n_waypoints_completed": 4, "tot_waypoints": 9}}
{"target": -316.37356260334377, "params": {"k_pid_pos": [0.6667022109031677, 0.017128705978393555, 0.02145904302597046], "k_pid_alt": [2.181529998779297e-05, 0.9998093843460083, 0.9862313270568848], "k_pid_att": [99.99979400634766, 0.00010059603664558381, 0.9520900845527649], "k_pid_yaw": [0.5, 1e-06, 0.1], "k_pid_hsp": [9.013729095458984, 0.9955488443374634, 0.00972282886505127], "k_pid_vsp": [400.0, 390.7239074707031, 3.0729899406433105]}, "datetime": {"datetime": "2025-08-13 16:33:06", "elapsed": 24314.408129692078, "delta": 33.067089319229126}, "costs": {"total_cost": 316.37356260334377, "time_cost": 106.33, "final_distance_cost": 1.8112555412036242, "oscillation_cost": 86.29943432762431, "completition_cost": 0.0, "overshoot_cost": 65.76547620044852, "power_cost": 26.148281481933594, "noise_cost": 30.01911505213375, "n_waypoints_completed": 9, "tot_waypoints": 9}}
{"target": -957.9624626394211, "params": {"k_pid_pos": [0.1425960212945938, 0.03674858808517456, 0.04095876216888428], "k_pid_alt": [0.0, 1.0, 0.9740476608276367], "k_pid_att": [100.0, 9.999999747378752e-05, 0.9770280718803406], "k_pid_yaw": [0.5, 1e-06, 0.1], "k_pid_hsp": [9.31661319732666, 0.9939759969711304, 0.012368381023406982], "k_pid_vsp": [399.99249267578125, 397.1244201660156, 3.709949016571045]}, "datetime": {"datetime": "2025-08-13 16:33:41", "elapsed": 24349.424456834793, "delta": 35.016327142715454}, "costs": {"total_cost": 957.9624626394211, "time_cost": 150, "final_distance_cost": 38.25050965003412, "oscillation_cost": 67.92885863710028, "completition_cost": 555.5555555555555, "overshoot_cost": 69.77553184705006, "power_cost": 39.14322711181641, "noise_cost": 37.308779837864684, "n_waypoints_completed": 4, "tot_waypoints": 9}}
{"target": -598.441273721787, "params": {"k_pid_pos": [0.11880112439393997, 0.06875893473625183, 0.01612919569015503], "k_pid_alt": [2.0, 0.9999974966049194, 0.9127276539802551], "k_pid_att": [99.9999771118164, 0.00010029802069766447, 0.9330207109451294], "k_pid_yaw": [0.5, 1e-06, 0.1], "k_pid_hsp": [9.77595329284668, 0.8493185639381409, 0.06445896625518799], "k_pid_vsp": [400.0, 376.4821472167969, 3.906811237335205]}, "datetime": {"datetime": "2025-08-13 16:34:15", "elapsed": 24383.970188617706, "delta": 34.54573178291321}, "costs": {"total_cost": 598.441273721787, "time_cost": 150, "final_distance_cost": 44.56402486332844, "oscillation_cost": 167.42840115537106, "completition_cost": 111.11111111111116, "overshoot_cost": 65.98281213259281, "power_cost": 29.403068579101564, "noise_cost": 29.951855880281848, "n_waypoints_completed": 8, "tot_waypoints": 9}}
{"target": -745.1835716332947, "params": {"k_pid_pos": [0.15095432102680206, 0.24158397316932678, 0.05892211198806763], "k_pid_alt": [0.0, 1.0, 0.8782965540885925], "k_pid_att": [100.0, 0.10771093517541885, 0.9309978485107422], "k_pid_yaw": [0.5, 1e-06, 0.1], "k_pid_hsp": [9.581382751464844, 0.9199844598770142, 0.004387259483337402], "k_pid_vsp": [399.9999084472656, 388.7958984375, 59.7498893737793]}, "datetime": {"datetime": "2025-08-13 16:34:46", "elapsed": 24414.976165533066, "delta": 31.005976915359497}, "costs": {"total_cost": 745.1835716332947, "time_cost": 150, "final_distance_cost": 68.56823071051518, "oscillation_cost": 63.78543029666986, "completition_cost": 333.33333333333337, "overshoot_cost": 64.12198391824543, "power_cost": 35.11311668701172, "noise_cost": 30.26147668751926, "n_waypoints_completed": 6, "tot_waypoints": 9}}
