{"target": -1035.0892673840615, "params": {"k_pid_pos": [0.17113269865512848, 0.06212639808654785, 0.12876319885253906], "k_pid_alt": [0.0, 1.0, 0.979432225227356], "k_pid_att": [100.0, 9.999999747378752e-05, 0.991934061050415], "k_pid_yaw": [0.5, 1e-06, 0.1], "k_pid_hsp": [9.807263374328613, 0.9922139048576355, 0.049576759338378906], "k_pid_vsp": [400.0, 379.08013916015625, 15.59968090057373]}, "datetime": {"datetime": "2025-08-13 22:06:04", "elapsed": 44292.80652117729, "delta": 29.786296844482422}, "costs": {"total_cost": 1035.0892673840615, "time_cost": 150, "final_distance_cost": 44.63810530431129, "oscillation_cost": 77.48133062156646, "completition_cost": 555.5555555555555, "overshoot_cost": 101.41220548573496, "power_cost": 48.46311276855469, "noise_cost": 57.53895764833853, "n_waypoints_completed": 4, "tot_waypoints": 9}}
{"target": -1155.6769344004454, "params": {"k_pid_pos": [0.04939766973257065, 0.0355074405670166, 0.09079763293266296], "k_pid_alt": [0.0, 1.0, 0.9725104570388794], "k_pid_att": [99.99932861328125, 0.00011549705232027918, 0.9905616044998169], "k_pid_yaw": [0.5, 1e-06, 0.1], "k_pid_hsp": [9.590346336364746, 0.9714106917381287, 0.0006698071956634521], "k_pid_vsp": [400.0, 394.9476013183594, 6.411815643310547]}, "datetime": {"datetime": "2025-08-13 22:06:34", "elapsed": 44322.16235232353, "delta": 29.355831146240234}, "costs": {"total_cost": 1155.6769344004454, "time_cost": 150, "final_distance_cost": 82.39115468252253, "oscillation_cost": 25.06379356986161, "completition_cost": 777.7777777777778, "overshoot_cost": 71.5809124621037, "power_cost": 19.242063513183595, "noise_cost": 29.621232394996003, "n_waypoints_completed": 2, "tot_waypoints": 9}}
{"target": -1224.8002453190543, "params": {"k_pid_pos": [0.0626152902841568, 0.015602976083755493, 0.032648444175720215], "k_pid_alt": [0.0, 1.0, 0.9502687454223633], "k_pid_att": [100.0, 9.999999747378752e-05, 0.9533817172050476], "k_pid_yaw": [0.5, 1e-06, 0.1], "k_pid_hsp": [9.755949974060059, 0.9291300773620605, 0.04042688012123108], "k_pid_vsp": [400.0, 390.0406494140625, 10.860003471374512]}, "datetime": {"datetime": "2025-08-13 22:07:04", "elapsed": 44352.595647096634, "delta": 30.433294773101807}, "costs": {"total_cost": 1224.8002453190543, "time_cost": 150, "final_distance_cost": 96.5857017094851, "oscillation_cost": 72.51423139614919, "completition_cost": 777.7777777777778, "overshoot_cost": 66.5377186563459, "power_cost": 31.76143406982422, "noise_cost": 29.623381709472145, "n_waypoints_completed": 2, "tot_waypoints": 9}}
{"target": -1173.824088025741, "params": {"k_pid_pos": [0.03298027440905571, 0.027741849422454834, 0.047773122787475586], "k_pid_alt": [0.0035515427589416504, 1.0, 0.9885192513465881], "k_pid_att": [100.0, 9.999999747378752e-05, 0.9952845573425293], "k_pid_yaw": [0.5, 1e-06, 0.1], "k_pid_hsp": [8.482828140258789, 0.9316085577011108, 0.009739696979522705], "k_pid_vsp": [400.0, 397.78448486328125, 1.6120920181274414]}, "datetime": {"datetime": "2025-08-13 22:07:32", "elapsed": 44380.9683201313, "delta": 28.37267303466797}, "costs": {"total_cost": 1173.824088025741, "time_cost": 150, "final_distance_cost": 87.66803113232794, "oscillation_cost": 25.36027079395703, "completition_cost": 777.7777777777778, "overshoot_cost": 83.02249883023107, "power_cost": 20.232927368164063, "noise_cost": 29.762582123282964, "n_waypoints_completed": 2, "tot_waypoints": 9}}
{"target": -1190.4442860545607, "params": {"k_pid_pos": [0.058085985481739044, 0.02248874306678772, 0.009921997785568237], "k_pid_alt": [0.0, 1.0, 0.9726790189743042], "k_pid_att": [100.0, 9.999999747378752e-05, 0.9673842191696167], "k_pid_yaw": [0.5, 1e-06, 0.1], "k_pid_hsp": [9.857048988342285, 0.9869880676269531, 0.007295966148376465], "k_pid_vsp": [400.0, 377.22637939453125, 13.662458419799805]}, "datetime": {"datetime": "2025-08-13 22:08:02", "elapsed": 44410.26545596123, "delta": 29.297135829925537}, "costs": {"total_cost": 1190.4442860545607, "time_cost": 150, "final_distance_cost": 96.62775676495123, "oscillation_cost": 39.30536564410031, "completition_cost": 777.7777777777778, "overshoot_cost": 66.88844993723522, "power_cost": 30.9982125, "noise_cost": 28.846723430496272, "n_waypoints_completed": 2, "tot_waypoints": 9}}
{"target": -1760.047576484157, "params": {"k_pid_pos": [0.07553419470787048, 0.013215959072113037, 0.08451560139656067], "k_pid_alt": [8.469820022583008e-05, 1.0, 0.9856275320053101], "k_pid_att": [99.98739624023438, 9.999999747378752e-05, 0.9380316734313965], "k_pid_yaw": [0.5, 1e-06, 0.1], "k_pid_hsp": [9.472650527954102, 0.9812142848968506, 0.1849244236946106], "k_pid_vsp": [400.0, 393.52838134765625, 21.568836212158203]}, "datetime": {"datetime": "2025-08-13 22:08:31", "elapsed": 44439.81690907478, "delta": 29.551453113555908}, "costs": {"total_cost": 1760.047576484157, "time_cost": 150, "final_distance_cost": 82.20073144560871, "oscillation_cost": 730.737590936876, "completition_cost": 666.6666666666667, "overshoot_cost": 69.1266564276239, "power_cost": 34.58304110107422, "noise_cost": 26.732889906307342, "n_waypoints_completed": 3, "tot_waypoints": 9}}
{"target": -906.8966494673044, "params": {"k_pid_pos": [0.24702754616737366, 0.058446258306503296, 0.029091447591781616], "k_pid_alt": [0.0, 0.9999767541885376, 0.9792275428771973], "k_pid_att": [100.0, 9.999999747378752e-05, 0.9843631982803345], "k_pid_yaw": [0.5, 1e-06, 0.1], "k_pid_hsp": [9.937808990478516, 0.9828509092330933, 0.012270957231521606], "k_pid_vsp": [400.0, 391.0899963378906, 6.094420909881592]}, "datetime": {"datetime": "2025-08-13 22:09:01", "elapsed": 44469.89772772789, "delta": 30.08081865310669}, "costs": {"total_cost": 906.8966494673044, "time_cost": 150, "final_distance_cost": 61.43233843760751, "oscillation_cost": 128.38044722480072, "completition_cost": 444.4444444444444, "overshoot_cost": 62.85706615794321, "power_cost": 27.248993310546876, "noise_cost": 32.53335989196167, "n_waypoints_completed": 5, "tot_waypoints": 9}}
{"target": -1190.2548296909047, "params": {"k_pid_pos": [0.060521189123392105, 0.028419196605682373, 0.04810744524002075], "k_pid_alt": [0.0, 1.0, 0.9525611996650696], "k_pid_att": [100.0, 9.999999747378752e-05, 0.9809792637825012], "k_pid_yaw": [0.5, 1e-06, 0.1], "k_pid_hsp": [9.784425735473633, 0.9957872629165649, 0.03957033157348633], "k_pid_vsp": [400.0, 395.8948059082031, 4.2671332359313965]}, "datetime": {"datetime": "2025-08-13 22:09:31", "elapsed": 44499.52150797844, "delta": 29.623780250549316}, "costs": {"total_cost": 1190.2548296909047, "time_cost": 150, "final_distance_cost": 79.32529841153116, "oscillation_cost": 159.9905689178573, "completition_cost": 666.6666666666667, "overshoot_cost": 72.9734654820059, "power_cost": 29.964337255859377, "noise_cost": 31.33449295698406, "n_waypoints_completed": 3, "tot_waypoints": 9}}
{"target": -1168.8684464416867, "params": {"k_pid_pos": [0.15995869040489197, 0.11945664882659912, 0.046145349740982056], "k_pid_alt": [1.7285346984863281e-06, 0.9999861717224121, 0.9278348684310913], "k_pid_att": [99.99991607666016, 0.0001011920758173801, 0.9927200078964233], "k_pid_yaw": [0.5, 1e-06, 0.1], "k_pid_hsp": [9.859814643859863, 0.98117995262146, 0.030796349048614502], "k_pid_vsp": [400.0, 390.3557434082031, 9.692646026611328]}, "datetime": {"datetime": "2025-08-13 22:10:01", "elapsed": 44529.331778764725, "delta": 29.8102707862854}, "costs": {"total_cost": 1168.8684464416867, "time_cost": 150, "final_distance_cost": 38.62324452845629, "oscillation_cost": 305.411019656619, "completition_cost": 555.5555555555555, "overshoot_cost": 63.78038931278431, "power_cost": 25.016950317382815, "noise_cost": 30.481287070888538, "n_waypoints_completed": 4, "tot_waypoints": 9}}
{"target": -1182.171430367592, "params": {"k_pid_pos": [0.020705189555883408, 0.055366307497024536, 0.007985979318618774], "k_pid_alt": [0.0, 1.0, 0.9256744384765625], "k_pid_att": [100.0, 9.999999747378752e-05, 0.9058017730712891], "k_pid_yaw": [0.5, 1e-06, 0.1], "k_pid_hsp": [9.690571784973145, 0.9787578582763672, 0.02133357524871826], "k_pid_vsp": [399.9930419921875, 395.82989501953125, 14.109457969665527]}, "datetime": {"datetime": "2025-08-13 22:10:31", "elapsed": 44559.324790239334, "delta": 29.993011474609375}, "costs": {"total_cost": 1182.171430367592, "time_cost": 150, "final_distance_cost": 73.14450261419245, "oscillation_cost": 50.14934149616084, "completition_cost": 777.7777777777778, "overshoot_cost": 81.89649889778899, "power_cost": 21.74957969970703, "noise_cost": 27.453729881964883, "n_waypoints_completed": 2, "tot_waypoints": 9}}
{"target": -1249.0042350702254, "params": {"k_pid_pos": [0.034993261098861694, 0.03633508086204529, 0.12384152412414551], "k_pid_alt": [0.0, 1.0, 0.996895432472229], "k_pid_att": [100.0, 1.6040616035461426, 0.9849701523780823], "k_pid_yaw": [0.5, 1e-06, 0.1], "k_pid_hsp": [9.865994453430176, 0.9877275228500366, 0.05859261751174927], "k_pid_vsp": [400.0, 395.82208251953125, 11.189557075500488]}, "datetime": {"datetime": "2025-08-13 22:11:00", "elapsed": 44588.7420399189, "delta": 29.41724967956543}, "costs": {"total_cost": 1249.0042350702254, "time_cost": 150, "final_distance_cost": 90.65364372140736, "oscillation_cost": 96.18691382399408, "completition_cost": 777.7777777777778, "overshoot_cost": 80.7136546488368, "power_cost": 27.18317703857422, "noise_cost": 26.48906805963501, "n_waypoints_completed": 2, "tot_waypoints": 9}}
{"target": -1274.0624992206415, "params": {"k_pid_pos": [0.06526292115449905, 0.1091938316822052, 0.01558828353881836], "k_pid_alt": [9.113550186157227e-05, 1.0, 0.9913663864135742], "k_pid_att": [100.0, 9.999999747378752e-05, 0.9870028495788574], "k_pid_yaw": [0.5, 1e-06, 0.1], "k_pid_hsp": [9.85459041595459, 0.9833253026008606, 0.009413659572601318], "k_pid_vsp": [400.0, 385.1309509277344, 1.1949667930603027]}, "datetime": {"datetime": "2025-08-13 22:11:30", "elapsed": 44618.77210688591, "delta": 30.030066967010498}, "costs": {"total_cost": 1274.0624992206415, "time_cost": 150, "final_distance_cost": 95.55795325125997, "oscillation_cost": 143.62166574124365, "completition_cost": 777.7777777777778, "overshoot_cost": 56.88346154329542, "power_cost": 21.29279970703125, "noise_cost": 28.92884120003343, "n_waypoints_completed": 2, "tot_waypoints": 9}}
{"target": -1253.376668277848, "params": {"k_pid_pos": [0.05517176166176796, 0.020953446626663208, 0.02920907735824585], "k_pid_alt": [0.0, 1.0, 0.9978580474853516], "k_pid_att": [100.0, 9.999999747378752e-05, 0.9956995844841003], "k_pid_yaw": [0.5, 1e-06, 0.1], "k_pid_hsp": [9.735285758972168, 0.9212633371353149, 0.01948624849319458], "k_pid_vsp": [400.0, 391.1315002441406, 1.1849651336669922]}, "datetime": {"datetime": "2025-08-13 22:11:59", "elapsed": 44647.90515875816, "delta": 29.133051872253418}, "costs": {"total_cost": 1253.376668277848, "time_cost": 150, "final_distance_cost": 94.20337476428624, "oscillation_cost": 104.77769013833883, "completition_cost": 777.7777777777778, "overshoot_cost": 69.05790572361761, "power_cost": 26.64105128173828, "noise_cost": 30.918868592089137, "n_waypoints_completed": 2, "tot_waypoints": 9}}
{"target": -781.1342033948681, "params": {"k_pid_pos": [0.2626059055328369, 0.06102833151817322, 0.011996150016784668], "k_pid_alt": [0.0, 1.0, 0.9768366813659668], "k_pid_att": [98.3075942993164, 9.999999747378752e-05, 0.9676597118377686], "k_pid_yaw": [0.5, 1e-06, 0.1], "k_pid_hsp": [9.333198547363281, 0.9832983613014221, 0.02478983998298645], "k_pid_vsp": [400.0, 393.4534606933594, 7.0230255126953125]}, "datetime": {"datetime": "2025-08-13 22:12:29", "elapsed": 44677.48679947853, "delta": 29.58164072036743}, "costs": {"total_cost": 781.1342033948681, "time_cost": 150, "final_distance_cost": 67.87689440204433, "oscillation_cost": 109.14719130791411, "completition_cost": 333.33333333333337, "overshoot_cost": 61.4011589237289, "power_cost": 28.337888574218752, "noise_cost": 31.0377368536286, "n_waypoints_completed": 6, "tot_waypoints": 9}}
{"target": -664.7802891083954, "params": {"k_pid_pos": [0.24877655506134033, 0.01539352536201477, 0.0490032434463501], "k_pid_alt": [0.0, 1.0, 0.8203229904174805], "k_pid_att": [100.0, 9.999999747378752e-05, 0.9434105157852173], "k_pid_yaw": [0.5, 1e-06, 0.1], "k_pid_hsp": [9.782151222229004, 0.9669516086578369, 0.005735725164413452], "k_pid_vsp": [400.0, 392.8717956542969, 9.17927074432373]}, "datetime": {"datetime": "2025-08-13 22:12:58", "elapsed": 44706.591359853745, "delta": 29.104560375213623}, "costs": {"total_cost": 664.7802891083954, "time_cost": 150, "final_distance_cost": 66.98383043877874, "oscillation_cost": 99.3692102636483, "completition_cost": 222.2222222222222, "overshoot_cost": 65.3519772354526, "power_cost": 30.257241308593752, "noise_cost": 30.595807639699895, "n_waypoints_completed": 7, "tot_waypoints": 9}}
{"target": -1214.098097955722, "params": {"k_pid_pos": [0.04506850242614746, 0.024059593677520752, 0.13480603694915771], "k_pid_alt": [1.1920928955078125e-07, 1.0, 0.9954344034194946], "k_pid_att": [100.0, 9.999999747378752e-05, 0.9796133041381836], "k_pid_yaw": [0.5, 1e-06, 0.1], "k_pid_hsp": [9.958698272705078, 0.9658747911453247, 0.013344347476959229], "k_pid_vsp": [400.0, 392.613037109375, 10.029210090637207]}, "datetime": {"datetime": "2025-08-13 22:13:29", "elapsed": 44737.14781475067, "delta": 30.55645489692688}, "costs": {"total_cost": 1214.098097955722, "time_cost": 150, "final_distance_cost": 88.1783406700484, "oscillation_cost": 70.29530287289059, "completition_cost": 777.7777777777778, "overshoot_cost": 77.0903218941784, "power_cost": 22.406145727539062, "noise_cost": 28.350209013287635, "n_waypoints_completed": 2, "tot_waypoints": 9}}
{"target": -1052.3678219761118, "params": {"k_pid_pos": [0.050065506249666214, 0.10469350218772888, 0.03904241323471069], "k_pid_alt": [1.1872553825378418, 1.0, 0.9937639832496643], "k_pid_att": [100.0, 9.999999747378752e-05, 0.9803882837295532], "k_pid_yaw": [0.5, 1e-06, 0.1], "k_pid_hsp": [9.846160888671875, 0.9050767421722412, 0.023787647485733032], "k_pid_vsp": [400.0, 397.2131652832031, 5.916703701019287]}, "datetime": {"datetime": "2025-08-13 22:13:59", "elapsed": 44767.61074090004, "delta": 30.462926149368286}, "costs": {"total_cost": 1052.3678219761118, "time_cost": 150, "final_distance_cost": 52.36312077226143, "oscillation_cost": 42.51254300863649, "completition_cost": 666.6666666666667, "overshoot_cost": 68.51102262497169, "power_cost": 35.39749580078125, "noise_cost": 36.916973102794145, "n_waypoints_completed": 3, "tot_waypoints": 9}}
{"target": -1083.916879873889, "params": {"k_pid_pos": [0.0715329572558403, 0.044111669063568115, 0.07147005200386047], "k_pid_alt": [7.748603820800781e-07, 1.0, 0.9708461165428162], "k_pid_att": [100.0, 9.999999747378752e-05, 0.9790030717849731], "k_pid_yaw": [0.5, 1e-06, 0.1], "k_pid_hsp": [9.833151817321777, 0.9766671657562256, 0.003687947988510132], "k_pid_vsp": [396.41455078125, 377.2825927734375, 2.788485050201416]}, "datetime": {"datetime": "2025-08-13 22:14:29", "elapsed": 44797.62300777435, "delta": 30.012266874313354}, "costs": {"total_cost": 1083.916879873889, "time_cost": 150, "final_distance_cost": 54.72122329537583, "oscillation_cost": 83.57682624031507, "completition_cost": 666.6666666666667, "overshoot_cost": 77.0480707514445, "power_cost": 20.726869360351564, "noise_cost": 31.177223559735314, "n_waypoints_completed": 3, "tot_waypoints": 9}}
{"target": -1185.1183132313245, "params": {"k_pid_pos": [0.057828206568956375, 0.030151069164276123, 0.07410627603530884], "k_pid_alt": [0.0, 1.0, 0.9664371609687805], "k_pid_att": [100.0, 9.999999747378752e-05, 0.9967626333236694], "k_pid_yaw": [0.5, 1e-06, 0.1], "k_pid_hsp": [9.81248664855957, 0.9717252254486084, 0.0032745301723480225], "k_pid_vsp": [400.0, 397.64971923828125, 11.096657752990723]}, "datetime": {"datetime": "2025-08-13 22:14:59", "elapsed": 44827.252761125565, "delta": 29.629753351211548}, "costs": {"total_cost": 1185.1183132313245, "time_cost": 150, "final_distance_cost": 93.85444766947195, "oscillation_cost": 43.75268561278142, "completition_cost": 777.7777777777778, "overshoot_cost": 67.56847311913167, "power_cost": 24.96501336669922, "noise_cost": 27.199915685462482, "n_waypoints_completed": 2, "tot_waypoints": 9}}
{"target": -1170.7356770206725, "params": {"k_pid_pos": [0.055120799690485, 0.04452905058860779, 0.02325400710105896], "k_pid_alt": [0.0, 0.9999999403953552, 0.9812507629394531], "k_pid_att": [0.14993548393249512, 0.00010059603664558381, 0.9842029213905334], "k_pid_yaw": [0.5, 1e-06, 0.1], "k_pid_hsp": [9.975912094116211, 0.9838385581970215, 0.2029617726802826], "k_pid_vsp": [353.6267395019531, 393.3310241699219, 22.90843963623047]}, "datetime": {"datetime": "2025-08-13 22:15:29", "elapsed": 44857.68821287155, "delta": 30.43545174598694}, "costs": {"total_cost": 1170.7356770206725, "time_cost": 150, "final_distance_cost": 162.68955519125328, "oscillation_cost": 27.02193857996298, "completition_cost": 666.6666666666667, "overshoot_cost": 106.35747217730172, "power_cost": 30.237346411132815, "noise_cost": 27.762697994354774, "n_waypoints_completed": 3, "tot_waypoints": 9}}
{"target": -1210.5490040026514, "params": {"k_pid_pos": [0.06459984928369522, 0.009764879941940308, 0.0620858371257782], "k_pid_alt": [0.0, 1.0, 0.8869118094444275], "k_pid_att": [100.0, 9.999999747378752e-05, 0.9927899241447449], "k_pid_yaw": [0.5, 1e-06, 0.1], "k_pid_hsp": [9.40150260925293, 0.997261106967926, 0.05601269006729126], "k_pid_vsp": [400.0, 389.6013488769531, 1.3243088722229004]}, "datetime": {"datetime": "2025-08-13 22:16:00", "elapsed": 44888.472917318344, "delta": 30.784704446792603}, "costs": {"total_cost": 1210.5490040026514, "time_cost": 150, "final_distance_cost": 84.25288127154684, "oscillation_cost": 78.56352293706769, "completition_cost": 777.7777777777778, "overshoot_cost": 67.86341500486509, "power_cost": 24.539411926269533, "noise_cost": 27.551995085124155, "n_waypoints_completed": 2, "tot_waypoints": 9}}
{"target": -1057.5587658752488, "params": {"k_pid_pos": [0.06107113137841225, 0.03104090690612793, 0.004128128290176392], "k_pid_alt": [0.0, 0.9999990463256836, 0.9919648766517639], "k_pid_att": [100.0, 9.999999747378752e-05, 0.9891787767410278], "k_pid_yaw": [0.5, 1e-06, 0.1], "k_pid_hsp": [9.705626487731934, 0.9629991054534912, 0.0037660598754882812], "k_pid_vsp": [399.98187255859375, 375.60821533203125, 4.428459167480469]}, "datetime": {"datetime": "2025-08-13 22:16:30", "elapsed": 44918.12739253044, "delta": 29.654475212097168}, "costs": {"total_cost": 1057.5587658752488, "time_cost": 150, "final_distance_cost": 63.31232165462447, "oscillation_cost": 39.57225764006773, "completition_cost": 666.6666666666667, "overshoot_cost": 78.06792003917742, "power_cost": 27.782331396484377, "noise_cost": 32.15726847822797, "n_waypoints_completed": 3, "tot_waypoints": 9}}
{"target": -1196.072805839264, "params": {"k_pid_pos": [0.01999831385910511, 0.02528640627861023, 0.0028108060359954834], "k_pid_alt": [0.0, 1.0, 0.9673654437065125], "k_pid_att": [100.0, 9.999999747378752e-05, 0.9523909091949463], "k_pid_yaw": [0.5, 1e-06, 0.1], "k_pid_hsp": [9.563948631286621, 0.9792815446853638, 0.02611139416694641], "k_pid_vsp": [400.0, 391.5252685546875, 14.220154762268066]}, "datetime": {"datetime": "2025-08-13 22:16:59", "elapsed": 44947.62137055397, "delta": 29.493978023529053}, "costs": {"total_cost": 1196.072805839264, "time_cost": 150, "final_distance_cost": 83.0379451937464, "oscillation_cost": 47.06806944476853, "completition_cost": 777.7777777777778, "overshoot_cost": 84.4911838351306, "power_cost": 25.752802966308597, "noise_cost": 27.945026621532115, "n_waypoints_completed": 2, "tot_waypoints": 9}}
{"target": -1195.2081277765164, "params": {"k_pid_pos": [0.052553340792655945, 0.00809168815612793, 0.014352858066558838], "k_pid_alt": [0.0, 0.9999999403953552, 0.9506852626800537], "k_pid_att": [100.0, 9.999999747378752e-05, 0.9471020698547363], "k_pid_yaw": [0.5, 1e-06, 0.1], "k_pid_hsp": [9.869146347045898, 0.9900636672973633, 0.009174585342407227], "k_pid_vsp": [400.0, 398.840576171875, 8.658278465270996]}, "datetime": {"datetime": "2025-08-13 22:17:28", "elapsed": 44976.90423774719, "delta": 29.282867193222046}, "costs": {"total_cost": 1195.2081277765164, "time_cost": 150, "final_distance_cost": 92.95395572899757, "oscillation_cost": 40.48423288139022, "completition_cost": 777.7777777777778, "overshoot_cost": 71.80330131640804, "power_cost": 32.439729980468755, "noise_cost": 29.749130091474004, "n_waypoints_completed": 2, "tot_waypoints": 9}}
{"target": -1259.2148132525185, "params": {"k_pid_pos": [0.023583292961120605, 0.013454198837280273, 0.07097604870796204], "k_pid_alt": [0.0, 0.9999997615814209, 0.9462783932685852], "k_pid_att": [100.0, 9.999999747378752e-05, 0.9939103126525879], "k_pid_yaw": [0.5, 1e-06, 0.1], "k_pid_hsp": [9.897538185119629, 0.971737265586853, 0.006659835577011108], "k_pid_vsp": [400.0, 395.0605773925781, 13.230050086975098]}, "datetime": {"datetime": "2025-08-13 22:17:58", "elapsed": 45006.305453300476, "delta": 29.40121555328369}, "costs": {"total_cost": 1259.2148132525185, "time_cost": 150, "final_distance_cost": 62.56418605278174, "oscillation_cost": 29.266728164878753, "completition_cost": 888.8888888888888, "overshoot_cost": 74.16047540662558, "power_cost": 26.851169470214845, "noise_cost": 27.48336526912862, "n_waypoints_completed": 1, "tot_waypoints": 9}}
