{"target": -1103.1563885419325, "params": {"k_pid_pos": [0.08324718475341797, 0.01423943042755127, 0.012620031833648682], "k_pid_alt": [5.960464477539063e-08, 1.0, 0.9870078563690186], "k_pid_att": [100.0, 9.999999747378752e-05, 0.9301207065582275], "k_pid_yaw": [0.5, 1e-06, 0.1], "k_pid_hsp": [9.834182739257812, 0.9857689142227173, 0.005285024642944336], "k_pid_vsp": [399.99945068359375, 393.3348083496094, 1.2353310585021973]}, "datetime": {"datetime": "2025-08-14 00:38:18", "elapsed": 53426.409903526306, "delta": 32.612438440322876}, "costs": {"total_cost": 1103.1563885419325, "time_cost": 150, "final_distance_cost": 53.03500330872497, "oscillation_cost": 100.44865065926541, "completition_cost": 666.6666666666667, "overshoot_cost": 73.37661234543691, "power_cost": 26.39389656982422, "noise_cost": 33.23555899201438, "n_waypoints_completed": 3, "tot_waypoints": 9}}
{"target": -1117.2790368477542, "params": {"k_pid_pos": [0.06556861847639084, 0.05133393406867981, 0.03794655203819275], "k_pid_alt": [0.0, 1.0, 0.9847925901412964], "k_pid_att": [100.0, 9.999999747378752e-05, 0.994369387626648], "k_pid_yaw": [0.5, 1e-06, 0.1], "k_pid_hsp": [9.502291679382324, 0.9852286577224731, 0.05307433009147644], "k_pid_vsp": [399.99755859375, 384.629638671875, 2.3208866119384766]}, "datetime": {"datetime": "2025-08-14 00:38:48", "elapsed": 53456.815687417984, "delta": 30.405783891677856}, "costs": {"total_cost": 1117.2790368477542, "time_cost": 150, "final_distance_cost": 51.90359620106169, "oscillation_cost": 118.34026202787415, "completition_cost": 666.6666666666667, "overshoot_cost": 75.89362678411854, "power_cost": 23.50827117919922, "noise_cost": 30.96661398883375, "n_waypoints_completed": 3, "tot_waypoints": 9}}
{"target": -3434.2433062904493, "params": {"k_pid_pos": [0.005494963843375444, 0.016079843044281006, 0.03910413384437561], "k_pid_alt": [0.028372883796691895, 1.0, 0.9904285669326782], "k_pid_att": [0.0, 9.999999747378752e-05, 0.9608303308486938], "k_pid_yaw": [0.5, 1e-06, 0.1], "k_pid_hsp": [9.89200210571289, 0.98890221118927, 0.005611419677734375], "k_pid_vsp": [399.9997253417969, 370.0130920410156, 10.634173393249512]}, "datetime": {"datetime": "2025-08-14 00:39:18", "elapsed": 53486.609203100204, "delta": 29.79351568222046}, "costs": {"total_cost": 3434.2433062904493, "time_cost": 150, "final_distance_cost": 753.8656281554732, "oscillation_cost": 4.454709967961529, "completition_cost": 1000.0, "overshoot_cost": 1468.596226329016, "power_cost": 30.39556853027344, "noise_cost": 26.931173307724606, "n_waypoints_completed": 0, "tot_waypoints": 9}}
{"target": -1098.2468622453782, "params": {"k_pid_pos": [0.18137185275554657, 0.0038715898990631104, 0.03401660919189453], "k_pid_alt": [0.0, 0.9999999403953552, 0.9910875558853149], "k_pid_att": [100.0, 9.999999747378752e-05, 0.9860345721244812], "k_pid_yaw": [0.5, 1e-06, 0.1], "k_pid_hsp": [9.633386611938477, 0.9351680874824524, 0.06498181819915771], "k_pid_vsp": [399.9999084472656, 390.4176940917969, 1.6938815116882324]}, "datetime": {"datetime": "2025-08-14 00:39:50", "elapsed": 53518.802022218704, "delta": 32.192819118499756}, "costs": {"total_cost": 1098.2468622453782, "time_cost": 150, "final_distance_cost": 58.72202679917877, "oscillation_cost": 430.7909188619853, "completition_cost": 333.33333333333337, "overshoot_cost": 68.11875380505133, "power_cost": 27.721654797363282, "noise_cost": 29.560174648466383, "n_waypoints_completed": 6, "tot_waypoints": 9}}
{"target": -1338.1576423884371, "params": {"k_pid_pos": [0.009747542440891266, 0.0034908652305603027, 0.046873003244400024], "k_pid_alt": [9.953975677490234e-06, 1.0, 0.9940956830978394], "k_pid_att": [94.94929504394531, 0.000725842488463968, 0.991518497467041], "k_pid_yaw": [0.5, 1e-06, 0.1], "k_pid_hsp": [9.931544303894043, 0.9834076166152954, 0.05287507176399231], "k_pid_vsp": [400.0, 388.24871826171875, 2.3747572898864746]}, "datetime": {"datetime": "2025-08-14 00:40:20", "elapsed": 53548.945246219635, "delta": 30.143224000930786}, "costs": {"total_cost": 1338.1576423884371, "time_cost": 150, "final_distance_cost": 60.89676478704794, "oscillation_cost": 110.32871081998725, "completition_cost": 888.8888888888888, "overshoot_cost": 60.27375877559605, "power_cost": 35.60114093017578, "noise_cost": 32.16837818674143, "n_waypoints_completed": 1, "tot_waypoints": 9}}
{"target": -1172.5198378727061, "params": {"k_pid_pos": [0.11023601144552231, 0.008267432451248169, 0.007556229829788208], "k_pid_alt": [0.0, 0.9999688267707825, 0.9761924147605896], "k_pid_att": [99.99275207519531, 9.999999747378752e-05, 0.9826385378837585], "k_pid_yaw": [0.5, 1e-06, 0.1], "k_pid_hsp": [9.90380859375, 0.9860911965370178, 0.06422513723373413], "k_pid_vsp": [400.0, 394.2350158691406, 24.991872787475586]}, "datetime": {"datetime": "2025-08-14 00:40:51", "elapsed": 53579.4324028492, "delta": 30.487156629562378}, "costs": {"total_cost": 1172.5198378727061, "time_cost": 150, "final_distance_cost": 52.13002195265379, "oscillation_cost": 168.42020484274133, "completition_cost": 666.6666666666667, "overshoot_cost": 66.20701840773393, "power_cost": 37.294164489746095, "noise_cost": 31.801761513164568, "n_waypoints_completed": 3, "tot_waypoints": 9}}
{"target": -858.2341520857956, "params": {"k_pid_pos": [0.03567611426115036, 0.1552443504333496, 0.030863046646118164], "k_pid_alt": [2.0, 1.0, 0.9673770666122437], "k_pid_att": [100.0, 9.999999747378752e-05, 0.9417122602462769], "k_pid_yaw": [0.5, 1e-06, 0.1], "k_pid_hsp": [9.704695701599121, 0.9946311712265015, 0.026671946048736572], "k_pid_vsp": [400.0, 352.5448303222656, 30.47658348083496]}, "datetime": {"datetime": "2025-08-14 00:41:22", "elapsed": 53610.414415597916, "delta": 30.98201274871826}, "costs": {"total_cost": 858.2341520857956, "time_cost": 150, "final_distance_cost": 50.96533636826149, "oscillation_cost": 76.19869450734026, "completition_cost": 444.4444444444444, "overshoot_cost": 74.30150355909728, "power_cost": 32.04199119873047, "noise_cost": 30.28218200792176, "n_waypoints_completed": 5, "tot_waypoints": 9}}
{"target": -1312.3822927097578, "params": {"k_pid_pos": [0.004102668724954128, 0.0037712454795837402, 0.005481421947479248], "k_pid_alt": [0.0, 0.9999999403953552, 0.9927327632904053], "k_pid_att": [100.0, 0.00010089405986946076, 0.9741013050079346], "k_pid_yaw": [0.5, 1e-06, 0.1], "k_pid_hsp": [9.918913841247559, 0.9927980303764343, 0.004525989294052124], "k_pid_vsp": [400.0, 398.79644775390625, 65.19384765625]}, "datetime": {"datetime": "2025-08-14 00:41:51", "elapsed": 53639.82319164276, "delta": 29.40877604484558}, "costs": {"total_cost": 1312.3822927097578, "time_cost": 150, "final_distance_cost": 47.40378542627158, "oscillation_cost": 18.966885263012216, "completition_cost": 1000.0, "overshoot_cost": 40.6755101115641, "power_cost": 28.461387951660157, "noise_cost": 26.87472395724981, "n_waypoints_completed": 0, "tot_waypoints": 9}}
{"target": -1266.3178086227902, "params": {"k_pid_pos": [0.010302910581231117, 0.006111651659011841, 0.022072970867156982], "k_pid_alt": [0.0, 1.0, 0.9958337545394897], "k_pid_att": [100.0, 0.00020937342196702957, 0.9948797225952148], "k_pid_yaw": [0.5, 1e-06, 0.1], "k_pid_hsp": [9.66845417022705, 0.9060221910476685, 0.014343351125717163], "k_pid_vsp": [400.0, 396.4496765136719, 35.577083587646484]}, "datetime": {"datetime": "2025-08-14 00:42:21", "elapsed": 53669.11443376541, "delta": 29.291242122650146}, "costs": {"total_cost": 1266.3178086227902, "time_cost": 150, "final_distance_cost": 47.56688014825889, "oscillation_cost": 35.78435122391474, "completition_cost": 888.8888888888888, "overshoot_cost": 86.47471613139784, "power_cost": 29.61110593261719, "noise_cost": 27.991866297712765, "n_waypoints_completed": 1, "tot_waypoints": 9}}
{"target": -1183.421228412529, "params": {"k_pid_pos": [0.06231722608208656, 0.008931666612625122, 0.03285226225852966], "k_pid_alt": [0.0, 1.0, 0.9843907356262207], "k_pid_att": [99.99993133544922, 9.999999747378752e-05, 0.9984752535820007], "k_pid_yaw": [0.5, 1e-06, 0.1], "k_pid_hsp": [9.87241268157959, 0.8820898532867432, 0.02000012993812561], "k_pid_vsp": [400.0, 365.2575988769531, 3.044796943664551]}, "datetime": {"datetime": "2025-08-14 00:42:51", "elapsed": 53699.54927897453, "delta": 30.434845209121704}, "costs": {"total_cost": 1183.421228412529, "time_cost": 150, "final_distance_cost": 86.4750673160435, "oscillation_cost": 38.19441990455147, "completition_cost": 777.7777777777778, "overshoot_cost": 68.75027293900983, "power_cost": 29.82395222167969, "noise_cost": 32.399738253466666, "n_waypoints_completed": 2, "tot_waypoints": 9}}
{"target": -946.005188321457, "params": {"k_pid_pos": [0.09814777970314026, 0.033721089363098145, 0.003710329532623291], "k_pid_alt": [0.0, 1.0, 0.9703222513198853], "k_pid_att": [100.0, 9.999999747378752e-05, 0.9786494970321655], "k_pid_yaw": [0.5, 1e-06, 0.1], "k_pid_hsp": [9.009291648864746, 0.9967246651649475, 0.026100337505340576], "k_pid_vsp": [397.888671875, 394.4072265625, 2.8779993057250977]}, "datetime": {"datetime": "2025-08-14 00:43:21", "elapsed": 53729.960906505585, "delta": 30.411627531051636}, "costs": {"total_cost": 946.005188321457, "time_cost": 150, "final_distance_cost": 43.60069228921797, "oscillation_cost": 62.70255445545734, "completition_cost": 555.5555555555555, "overshoot_cost": 74.60933091652602, "power_cost": 26.80603963623047, "noise_cost": 32.731015468469785, "n_waypoints_completed": 4, "tot_waypoints": 9}}
{"target": -1208.2924089309106, "params": {"k_pid_pos": [0.045938391238451004, 0.010601401329040527, 0.05860665440559387], "k_pid_alt": [0.0, 1.0, 0.9226974844932556], "k_pid_att": [99.99967193603516, 9.999999747378752e-05, 0.9521641731262207], "k_pid_yaw": [0.5, 1e-06, 0.1], "k_pid_hsp": [9.14448070526123, 0.9972813129425049, 0.02090519666671753], "k_pid_vsp": [400.0, 390.2506408691406, 23.603464126586914]}, "datetime": {"datetime": "2025-08-14 00:43:52", "elapsed": 53760.69081711769, "delta": 30.729910612106323}, "costs": {"total_cost": 1208.2924089309106, "time_cost": 150, "final_distance_cost": 76.00505385107164, "oscillation_cost": 78.60415998171268, "completition_cost": 777.7777777777778, "overshoot_cost": 73.71085535808747, "power_cost": 25.220171752929687, "noise_cost": 26.974390209331304, "n_waypoints_completed": 2, "tot_waypoints": 9}}
{"target": -993.9958105320818, "params": {"k_pid_pos": [0.1441320776939392, 0.018821150064468384, 0.027919232845306396], "k_pid_alt": [0.0, 1.0, 0.9936465620994568], "k_pid_att": [100.0, 9.999999747378752e-05, 0.9835613965988159], "k_pid_yaw": [0.5, 1e-06, 0.1], "k_pid_hsp": [9.934879302978516, 0.9651213884353638, 0.04684552550315857], "k_pid_vsp": [400.0, 390.6449279785156, 0.7036457657814026]}, "datetime": {"datetime": "2025-08-14 00:44:21", "elapsed": 53789.875433683395, "delta": 29.184616565704346}, "costs": {"total_cost": 993.9958105320818, "time_cost": 150, "final_distance_cost": 49.91509319391102, "oscillation_cost": 224.31779447591958, "completition_cost": 444.4444444444444, "overshoot_cost": 67.76372029016797, "power_cost": 26.70625057373047, "noise_cost": 30.84850755390834, "n_waypoints_completed": 5, "tot_waypoints": 9}}
{"target": -963.9041207501726, "params": {"k_pid_pos": [0.10461783409118652, 0.02530193328857422, 0.028489917516708374], "k_pid_alt": [0.0, 1.0, 0.9972796440124512], "k_pid_att": [100.0, 9.999999747378752e-05, 0.9934275150299072], "k_pid_yaw": [0.5, 1e-06, 0.1], "k_pid_hsp": [9.942296981811523, 0.9972240328788757, 0.01885703206062317], "k_pid_vsp": [400.0, 385.4812927246094, 3.69625186920166]}, "datetime": {"datetime": "2025-08-14 00:44:52", "elapsed": 53820.923421144485, "delta": 31.047987461090088}, "costs": {"total_cost": 963.9041207501726, "time_cost": 150, "final_distance_cost": 43.82074542280036, "oscillation_cost": 79.53790499717694, "completition_cost": 555.5555555555555, "overshoot_cost": 74.64104519039107, "power_cost": 27.455558715820313, "noise_cost": 32.89331086842837, "n_waypoints_completed": 4, "tot_waypoints": 9}}
{"target": -1251.6854641778782, "params": {"k_pid_pos": [0.03074270486831665, 0.003683328628540039, 0.010784566402435303], "k_pid_alt": [0.0, 0.9999971985816956, 0.99836266040802], "k_pid_att": [100.0, 9.999999747378752e-05, 0.9938232898712158], "k_pid_yaw": [0.5, 1e-06, 0.1], "k_pid_hsp": [9.825512886047363, 0.9727914333343506, 0.007278263568878174], "k_pid_vsp": [400.0, 398.2586975097656, 14.862812995910645]}, "datetime": {"datetime": "2025-08-14 00:45:23", "elapsed": 53852.08204841614, "delta": 31.15862727165222}, "costs": {"total_cost": 1251.6854641778782, "time_cost": 150, "final_distance_cost": 61.483017294735376, "oscillation_cost": 25.103372873265783, "completition_cost": 888.8888888888888, "overshoot_cost": 67.84469994542991, "power_cost": 29.980305334472657, "noise_cost": 28.385179841085506, "n_waypoints_completed": 1, "tot_waypoints": 9}}
{"target": -845.3368811395834, "params": {"k_pid_pos": [0.17326036095619202, 0.008587300777435303, 0.035790830850601196], "k_pid_alt": [0.0, 1.0, 0.994486927986145], "k_pid_att": [100.0, 9.999999747378752e-05, 0.9924188852310181], "k_pid_yaw": [0.5, 1e-06, 0.1], "k_pid_hsp": [9.914358139038086, 0.987643837928772, 0.013062775135040283], "k_pid_vsp": [209.54531860351562, 382.93963623046875, 32.468772888183594]}, "datetime": {"datetime": "2025-08-14 00:45:55", "elapsed": 53883.57373023033, "delta": 31.491681814193726}, "costs": {"total_cost": 845.3368811395834, "time_cost": 150, "final_distance_cost": 54.25070792031316, "oscillation_cost": 68.97400678723625, "completition_cost": 444.4444444444444, "overshoot_cost": 65.23675255747709, "power_cost": 31.63156170654297, "noise_cost": 30.799407723569526, "n_waypoints_completed": 5, "tot_waypoints": 9}}
{"target": -1179.234696713257, "params": {"k_pid_pos": [0.022234031930565834, 0.03522104024887085, 0.06941080093383789], "k_pid_alt": [1.982130765914917, 0.9999946355819702, 0.9150940775871277], "k_pid_att": [100.0, 9.999999747378752e-05, 0.9903977513313293], "k_pid_yaw": [0.5, 1e-06, 0.1], "k_pid_hsp": [9.840633392333984, 0.946871817111969, 0.0059805214405059814], "k_pid_vsp": [399.8335876464844, 394.6953430175781, 15.601433753967285]}, "datetime": {"datetime": "2025-08-14 00:46:25", "elapsed": 53913.609189748764, "delta": 30.035459518432617}, "costs": {"total_cost": 1179.234696713257, "time_cost": 150, "final_distance_cost": 77.51424971077542, "oscillation_cost": 30.321589492048382, "completition_cost": 777.7777777777778, "overshoot_cost": 81.71190616912833, "power_cost": 31.864680102539065, "noise_cost": 30.044493460988257, "n_waypoints_completed": 2, "tot_waypoints": 9}}
{"target": -1226.1361549306007, "params": {"k_pid_pos": [0.17236120998859406, 0.006775885820388794, 0.031390368938446045], "k_pid_alt": [0.0, 1.0, 0.983931303024292], "k_pid_att": [100.0, 9.999999747378752e-05, 0.9913681745529175], "k_pid_yaw": [0.5, 1e-06, 0.1], "k_pid_hsp": [9.825050354003906, 0.9937899112701416, 0.01337471604347229], "k_pid_vsp": [400.0, 372.8692932128906, 2.0786890983581543]}, "datetime": {"datetime": "2025-08-14 00:46:55", "elapsed": 53943.81234741211, "delta": 30.203157663345337}, "costs": {"total_cost": 1226.1361549306007, "time_cost": 150, "final_distance_cost": 160.285002248864, "oscillation_cost": 206.35863301075221, "completition_cost": 555.5555555555555, "overshoot_cost": 95.14907386443716, "power_cost": 26.594853198242188, "noise_cost": 32.19303705274956, "n_waypoints_completed": 4, "tot_waypoints": 9}}
{"target": -1185.0187673891814, "params": {"k_pid_pos": [0.037714552134275436, 0.014482378959655762, 0.0046784281730651855], "k_pid_alt": [0.0022155046463012695, 1.0, 0.9713481068611145], "k_pid_att": [100.0, 9.999999747378752e-05, 0.9933551549911499], "k_pid_yaw": [0.5, 1e-06, 0.1], "k_pid_hsp": [9.843425750732422, 0.962161660194397, 0.013525933027267456], "k_pid_vsp": [400.0, 393.3699951171875, 9.120226860046387]}, "datetime": {"datetime": "2025-08-14 00:47:25", "elapsed": 53973.79693651199, "delta": 29.984589099884033}, "costs": {"total_cost": 1185.0187673891814, "time_cost": 150, "final_distance_cost": 76.41434648947622, "oscillation_cost": 46.7301289532668, "completition_cost": 777.7777777777778, "overshoot_cost": 76.71351910117097, "power_cost": 28.931849438476565, "noise_cost": 28.451145629013023, "n_waypoints_completed": 2, "tot_waypoints": 9}}
{"target": -938.9489318391226, "params": {"k_pid_pos": [0.11895716190338135, 0.010582953691482544, 0.009138286113739014], "k_pid_alt": [4.76837158203125e-07, 1.0, 0.9955580234527588], "k_pid_att": [100.0, 9.999999747378752e-05, 0.9858994483947754], "k_pid_yaw": [0.5, 1e-06, 0.1], "k_pid_hsp": [9.970660209655762, 0.9959155321121216, 0.013940960168838501], "k_pid_vsp": [400.0, 362.63226318359375, 6.28254508972168]}, "datetime": {"datetime": "2025-08-14 00:47:55", "elapsed": 54003.14727115631, "delta": 29.350334644317627}, "costs": {"total_cost": 938.9489318391226, "time_cost": 150, "final_distance_cost": 42.925819061994964, "oscillation_cost": 68.17098579632861, "completition_cost": 555.5555555555555, "overshoot_cost": 71.90757691679154, "power_cost": 20.017221704101562, "noise_cost": 30.37177280435039, "n_waypoints_completed": 4, "tot_waypoints": 9}}
{"target": -1281.159627283296, "params": {"k_pid_pos": [0.013827872462570667, 0.01918792724609375, 0.038030147552490234], "k_pid_alt": [0.0, 1.0, 0.9867935180664062], "k_pid_att": [100.0, 9.999999747378752e-05, 0.9827392101287842], "k_pid_yaw": [0.5, 1e-06, 0.1], "k_pid_hsp": [9.946057319641113, 0.9974157810211182, 0.010308414697647095], "k_pid_vsp": [400.0, 392.72869873046875, 0.6720195412635803]}, "datetime": {"datetime": "2025-08-14 00:48:25", "elapsed": 54033.92733025551, "delta": 30.780059099197388}, "costs": {"total_cost": 1281.159627283296, "time_cost": 150, "final_distance_cost": 61.13622896652884, "oscillation_cost": 42.012506870511196, "completition_cost": 888.8888888888888, "overshoot_cost": 88.59300956584302, "power_cost": 21.293171630859376, "noise_cost": 29.235821360664588, "n_waypoints_completed": 1, "tot_waypoints": 9}}
{"target": -1774.7919738113094, "params": {"k_pid_pos": [0.02531883493065834, 0.02233976125717163, 0.016257405281066895], "k_pid_alt": [0.0, 1.0, 0.9361485242843628], "k_pid_att": [100.0, 0.0016589438309893012, 0.9574101567268372], "k_pid_yaw": [0.5, 1e-06, 0.1], "k_pid_hsp": [9.935667037963867, 0.9880667328834534, 0.11507430672645569], "k_pid_vsp": [400.0, 396.038330078125, 2.3015270233154297]}, "datetime": {"datetime": "2025-08-14 00:48:57", "elapsed": 54066.01350617409, "delta": 32.0861759185791}, "costs": {"total_cost": 1774.7919738113094, "time_cost": 150, "final_distance_cost": 82.10771159175864, "oscillation_cost": 622.879289018322, "completition_cost": 777.7777777777778, "overshoot_cost": 85.90242626699273, "power_cost": 29.229137341308594, "noise_cost": 26.895631815149752, "n_waypoints_completed": 2, "tot_waypoints": 9}}
{"target": -1468.1997578681155, "params": {"k_pid_pos": [0.1670071929693222, 0.008487552404403687, 0.05055156350135803], "k_pid_alt": [0.0, 1.0, 0.8086680769920349], "k_pid_att": [100.0, 9.999999747378752e-05, 0.9631771445274353], "k_pid_yaw": [0.5, 1e-06, 0.1], "k_pid_hsp": [9.883305549621582, 0.9942958354949951, 0.2386859655380249], "k_pid_vsp": [400.0, 398.8805847167969, 17.415000915527344]}, "datetime": {"datetime": "2025-08-14 00:49:27", "elapsed": 54095.72977972031, "delta": 29.716273546218872}, "costs": {"total_cost": 1468.1997578681155, "time_cost": 150, "final_distance_cost": 45.40604844111197, "oscillation_cost": 705.473567354828, "completition_cost": 444.4444444444444, "overshoot_cost": 66.61683069210109, "power_cost": 28.255967712402345, "noise_cost": 28.002899223227853, "n_waypoints_completed": 5, "tot_waypoints": 9}}
{"target": -1299.2895955400686, "params": {"k_pid_pos": [0.022080199792981148, 0.06098106503486633, 0.09117552638053894], "k_pid_alt": [0.0, 1.0, 0.980019211769104], "k_pid_att": [99.99901580810547, 9.999999747378752e-05, 0.9946476817131042], "k_pid_yaw": [0.5, 1e-06, 0.1], "k_pid_hsp": [9.930207252502441, 0.9703449010848999, 0.005629807710647583], "k_pid_vsp": [400.0, 392.5069274902344, 0.17668108642101288]}, "datetime": {"datetime": "2025-08-14 00:49:57", "elapsed": 54126.0117828846, "delta": 30.282003164291382}, "costs": {"total_cost": 1299.2895955400686, "time_cost": 150, "final_distance_cost": 94.27974736958461, "oscillation_cost": 132.7095509186775, "completition_cost": 777.7777777777778, "overshoot_cost": 90.08482513031912, "power_cost": 24.58555008544922, "noise_cost": 29.852144258260267, "n_waypoints_completed": 2, "tot_waypoints": 9}}
{"target": -980.3324716298852, "params": {"k_pid_pos": [0.10994527488946915, 0.012802869081497192, 0.005713343620300293], "k_pid_alt": [4.76837158203125e-07, 1.0, 0.9692425727844238], "k_pid_att": [100.0, 0.00010357623978052288, 0.9446182250976562], "k_pid_yaw": [0.5, 1e-06, 0.1], "k_pid_hsp": [9.887740135192871, 0.9029582738876343, 0.02174416184425354], "k_pid_vsp": [400.0, 388.8639831542969, 1.0538229942321777]}, "datetime": {"datetime": "2025-08-14 00:50:27", "elapsed": 54155.31931233406, "delta": 29.30752944946289}, "costs": {"total_cost": 980.3324716298852, "time_cost": 150, "final_distance_cost": 45.32327907275605, "oscillation_cost": 97.47258776748605, "completition_cost": 555.5555555555555, "overshoot_cost": 68.87637791914334, "power_cost": 29.361527661132815, "noise_cost": 33.743143653811266, "n_waypoints_completed": 4, "tot_waypoints": 9}}
