{"target": -954.284811459048, "params": {"k_pid_pos": [0.13002602756023407, 0.05499336123466492, 0.04454755783081055], "k_pid_alt": [6.783008575439453e-05, 1.0, 0.9474990367889404], "k_pid_att": [100.0, 9.999999747378752e-05, 0.9830702543258667], "k_pid_yaw": [0.5, 1e-06, 0.1], "k_pid_hsp": [8.949715614318848, 0.9852246642112732, 0.006522148847579956], "k_pid_vsp": [400.0, 398.21893310546875, 0.9581337571144104]}, "datetime": {"datetime": "2025-08-13 23:46:53", "elapsed": 50341.72770357132, "delta": 31.268133401870728}, "costs": {"total_cost": 954.284811459048, "time_cost": 150, "final_distance_cost": 41.600749216719166, "oscillation_cost": 61.84749688141305, "completition_cost": 555.5555555555555, "overshoot_cost": 70.18247651312562, "power_cost": 37.31927873535157, "noise_cost": 37.7792545568831, "n_waypoints_completed": 4, "tot_waypoints": 9}}
{"target": -1552.9333647575454, "params": {"k_pid_pos": [0.05183299630880356, 0.07037821412086487, 0.04897746443748474], "k_pid_alt": [0.0, 1.0, 0.9397950172424316], "k_pid_att": [100.0, 9.861076354980469, 0.9890379905700684], "k_pid_yaw": [0.5, 1e-06, 0.1], "k_pid_hsp": [9.867457389831543, 0.9887990951538086, 0.09199896454811096], "k_pid_vsp": [400.0, 395.41107177734375, 30.057861328125]}, "datetime": {"datetime": "2025-08-13 23:47:24", "elapsed": 50372.1532292366, "delta": 30.425525665283203}, "costs": {"total_cost": 1552.9333647575454, "time_cost": 150, "final_distance_cost": 57.39224356089604, "oscillation_cost": 537.1381805970744, "completition_cost": 666.6666666666667, "overshoot_cost": 78.41085241876772, "power_cost": 35.97469049072266, "noise_cost": 27.350731023417925, "n_waypoints_completed": 3, "tot_waypoints": 9}}
{"target": -1303.7029167614642, "params": {"k_pid_pos": [0.006380346603691578, 0.05622941255569458, 0.02202436327934265], "k_pid_alt": [5.245208740234375e-06, 1.0, 0.9148099422454834], "k_pid_att": [100.0, 0.004631099756807089, 0.9959753751754761], "k_pid_yaw": [0.5, 1e-06, 0.1], "k_pid_hsp": [9.876770973205566, 0.9727579355239868, 0.025430351495742798], "k_pid_vsp": [400.0, 398.9272155761719, 19.125511169433594]}, "datetime": {"datetime": "2025-08-13 23:47:55", "elapsed": 50404.060201883316, "delta": 31.906972646713257}, "costs": {"total_cost": 1303.7029167614642, "time_cost": 150, "final_distance_cost": 63.74693810200286, "oscillation_cost": 63.82857976990492, "completition_cost": 888.8888888888888, "overshoot_cost": 83.12202262476829, "power_cost": 26.501425524902345, "noise_cost": 27.615061850997055, "n_waypoints_completed": 1, "tot_waypoints": 9}}
{"target": -1185.8977637892644, "params": {"k_pid_pos": [0.028848564252257347, 0.027618825435638428, 0.042387187480926514], "k_pid_alt": [1.3470649719238281e-05, 1.0, 0.9908910989761353], "k_pid_att": [100.0, 0.00048563818563707173, 0.9792208671569824], "k_pid_yaw": [0.5, 1e-06, 0.1], "k_pid_hsp": [9.349306106567383, 0.994594931602478, 0.0034010112285614014], "k_pid_vsp": [400.0, 366.0997314453125, 13.735735893249512]}, "datetime": {"datetime": "2025-08-13 23:48:27", "elapsed": 50435.634768247604, "delta": 31.57456636428833}, "costs": {"total_cost": 1185.8977637892644, "time_cost": 150, "final_distance_cost": 75.41385103624654, "oscillation_cost": 56.143447628649945, "completition_cost": 777.7777777777778, "overshoot_cost": 81.84660473763702, "power_cost": 18.169568652343752, "noise_cost": 26.54651395660926, "n_waypoints_completed": 2, "tot_waypoints": 9}}
{"target": -1299.3438525188678, "params": {"k_pid_pos": [0.01544814370572567, 0.017083972692489624, 0.021714508533477783], "k_pid_alt": [0.0, 0.9999988079071045, 0.9854921102523804], "k_pid_att": [100.0, 9.999999747378752e-05, 0.9500624537467957], "k_pid_yaw": [0.5, 1e-06, 0.1], "k_pid_hsp": [9.965901374816895, 0.9461801052093506, 0.011333048343658447], "k_pid_vsp": [400.0, 394.5111083984375, 6.9813737869262695]}, "datetime": {"datetime": "2025-08-13 23:48:56", "elapsed": 50464.36513924599, "delta": 28.73037099838257}, "costs": {"total_cost": 1299.3438525188678, "time_cost": 150, "final_distance_cost": 63.31681548433451, "oscillation_cost": 64.33804438701414, "completition_cost": 888.8888888888888, "overshoot_cost": 85.56884199851608, "power_cost": 18.990345288085937, "noise_cost": 28.240916472028143, "n_waypoints_completed": 1, "tot_waypoints": 9}}
{"target": -1984.7246456846106, "params": {"k_pid_pos": [0.03167678415775299, 0.01051899790763855, 0.09492349624633789], "k_pid_alt": [0.0, 1.0, 0.9119297862052917], "k_pid_att": [100.0, 9.999999747378752e-05, 0.9028637409210205], "k_pid_yaw": [0.5, 1e-06, 0.1], "k_pid_hsp": [9.772092819213867, 0.9870116114616394, 0.12184721231460571], "k_pid_vsp": [400.0, 379.7858581542969, 9.06586742401123]}, "datetime": {"datetime": "2025-08-13 23:49:26", "elapsed": 50494.74013566971, "delta": 30.374996423721313}, "costs": {"total_cost": 1984.7246456846106, "time_cost": 150, "final_distance_cost": 73.47923284420398, "oscillation_cost": 742.8971069857361, "completition_cost": 888.8888888888888, "overshoot_cost": 68.98622409467542, "power_cost": 32.677245178222655, "noise_cost": 27.795947692883576, "n_waypoints_completed": 1, "tot_waypoints": 9}}
{"target": -1264.7526599314565, "params": {"k_pid_pos": [0.03833727166056633, 0.10813531279563904, 0.04096406698226929], "k_pid_alt": [0.0, 1.0, 0.9842444062232971], "k_pid_att": [100.0, 9.999999747378752e-05, 0.9940076470375061], "k_pid_yaw": [0.5, 1e-06, 0.1], "k_pid_hsp": [9.849884033203125, 0.992577314376831, 0.021519958972930908], "k_pid_vsp": [400.0, 398.9648132324219, 6.87390661239624]}, "datetime": {"datetime": "2025-08-13 23:49:57", "elapsed": 50525.709124565125, "delta": 30.96898889541626}, "costs": {"total_cost": 1264.7526599314565, "time_cost": 150, "final_distance_cost": 64.14818311019967, "oscillation_cost": 61.47200766675257, "completition_cost": 888.8888888888888, "overshoot_cost": 49.7576340287225, "power_cost": 21.692326525878908, "noise_cost": 28.793619711014124, "n_waypoints_completed": 1, "tot_waypoints": 9}}
{"target": -1054.0598059193683, "params": {"k_pid_pos": [0.09258712083101273, 0.016894042491912842, 0.028026878833770752], "k_pid_alt": [0.0, 1.0, 0.9496630430221558], "k_pid_att": [100.0, 4.582769393920898, 0.9923170804977417], "k_pid_yaw": [0.5, 1e-06, 0.1], "k_pid_hsp": [9.975897789001465, 0.9615811705589294, 0.013491451740264893], "k_pid_vsp": [399.1368103027344, 372.1147155761719, 37.96266174316406]}, "datetime": {"datetime": "2025-08-13 23:50:28", "elapsed": 50556.33839559555, "delta": 30.629271030426025}, "costs": {"total_cost": 1054.0598059193683, "time_cost": 150, "final_distance_cost": 53.418761934006625, "oscillation_cost": 60.83301299930865, "completition_cost": 666.6666666666667, "overshoot_cost": 69.98422271755778, "power_cost": 24.69114677734375, "noise_cost": 28.465994824484554, "n_waypoints_completed": 3, "tot_waypoints": 9}}
{"target": -1291.7528529517567, "params": {"k_pid_pos": [0.0066195279359817505, 0.02527564764022827, 0.035454630851745605], "k_pid_alt": [1.1920928955078125e-07, 1.0, 0.9553924202919006], "k_pid_att": [100.0, 9.999999747378752e-05, 0.8567496538162231], "k_pid_yaw": [0.5, 1e-06, 0.1], "k_pid_hsp": [9.006425857543945, 0.9859516024589539, 0.0039975643157958984], "k_pid_vsp": [400.0, 391.1919250488281, 4.8108229637146]}, "datetime": {"datetime": "2025-08-13 23:50:58", "elapsed": 50586.79859042168, "delta": 30.4601948261261}, "costs": {"total_cost": 1291.7528529517567, "time_cost": 150, "final_distance_cost": 57.34321157358445, "oscillation_cost": 33.70722665259103, "completition_cost": 888.8888888888888, "overshoot_cost": 103.89182555026315, "power_cost": 25.793788623046876, "noise_cost": 32.127911663382605, "n_waypoints_completed": 1, "tot_waypoints": 9}}
{"target": -1212.1412670987513, "params": {"k_pid_pos": [0.028642045333981514, 0.02883094549179077, 0.018979251384735107], "k_pid_alt": [0.0, 1.0, 0.9893158078193665], "k_pid_att": [99.96907806396484, 9.999999747378752e-05, 0.9656289219856262], "k_pid_yaw": [0.5, 1e-06, 0.1], "k_pid_hsp": [9.84003734588623, 0.9786909818649292, 0.01930689811706543], "k_pid_vsp": [400.0, 385.740966796875, 13.001622200012207]}, "datetime": {"datetime": "2025-08-13 23:51:28", "elapsed": 50616.82829928398, "delta": 30.029708862304688}, "costs": {"total_cost": 1212.1412670987513, "time_cost": 150, "final_distance_cost": 86.38975539754897, "oscillation_cost": 60.73277101389316, "completition_cost": 777.7777777777778, "overshoot_cost": 85.77151945105386, "power_cost": 23.65918828125, "noise_cost": 27.810255177227646, "n_waypoints_completed": 2, "tot_waypoints": 9}}
{"target": -1200.930246260469, "params": {"k_pid_pos": [0.05266139656305313, 0.02385801076889038, 0.032898545265197754], "k_pid_alt": [0.0, 0.9999970197677612, 0.9636103510856628], "k_pid_att": [100.0, 9.999999747378752e-05, 0.963497519493103], "k_pid_yaw": [0.5, 1e-06, 0.1], "k_pid_hsp": [9.732479095458984, 0.9941900372505188, 0.01629042625427246], "k_pid_vsp": [400.0, 369.98040771484375, 10.22301959991455]}, "datetime": {"datetime": "2025-08-13 23:51:58", "elapsed": 50646.297674655914, "delta": 29.469375371932983}, "costs": {"total_cost": 1200.930246260469, "time_cost": 150, "final_distance_cost": 94.11033344280506, "oscillation_cost": 56.448877184530176, "completition_cost": 777.7777777777778, "overshoot_cost": 69.75174457379215, "power_cost": 24.81115625, "noise_cost": 28.030357031563614, "n_waypoints_completed": 2, "tot_waypoints": 9}}
{"target": -944.9181270190348, "params": {"k_pid_pos": [0.14805278182029724, 0.011782795190811157, 0.011297076940536499], "k_pid_alt": [0.0, 1.0, 0.9853624701499939], "k_pid_att": [99.87969207763672, 9.999999747378752e-05, 0.9772247672080994], "k_pid_yaw": [0.5, 1e-06, 0.1], "k_pid_hsp": [9.90676212310791, 0.9956814050674438, 0.012850284576416016], "k_pid_vsp": [399.99591064453125, 391.06634521484375, 5.520261287689209]}, "datetime": {"datetime": "2025-08-13 23:52:28", "elapsed": 50676.6166434288, "delta": 30.318968772888184}, "costs": {"total_cost": 944.9181270190348, "time_cost": 150, "final_distance_cost": 54.36423812458717, "oscillation_cost": 172.49280368689415, "completition_cost": 444.4444444444444, "overshoot_cost": 67.35902729857085, "power_cost": 24.526593688964844, "noise_cost": 31.73101977557351, "n_waypoints_completed": 5, "tot_waypoints": 9}}
{"target": -312.3538389903294, "params": {"k_pid_pos": [0.4813702404499054, 0.05546748638153076, 0.0350337028503418], "k_pid_alt": [1.9992661476135254, 1.0, 0.9931603670120239], "k_pid_att": [100.0, 9.999999747378752e-05, 0.9257810115814209], "k_pid_yaw": [0.5, 1e-06, 0.1], "k_pid_hsp": [9.859025955200195, 0.9866961240768433, 0.02725324034690857], "k_pid_vsp": [400.0, 393.2498779296875, 7.616389751434326]}, "datetime": {"datetime": "2025-08-13 23:52:48", "elapsed": 50696.50971484184, "delta": 19.89307141304016}, "costs": {"total_cost": 312.3538389903294, "time_cost": 82.166, "final_distance_cost": 1.836772470955177, "oscillation_cost": 136.00951199010237, "completition_cost": 0.0, "overshoot_cost": 52.958797728914135, "power_cost": 17.624129833984377, "noise_cost": 21.758626966373278, "n_waypoints_completed": 9, "tot_waypoints": 9}}
{"target": -1406.4215613855533, "params": {"k_pid_pos": [0.033961374312639236, 0.04162916541099548, 0.0029413700103759766], "k_pid_alt": [0.0, 0.778725266456604, 0.987645149230957], "k_pid_att": [100.0, 9.999999747378752e-05, 0.9908374547958374], "k_pid_yaw": [0.5, 1e-06, 0.1], "k_pid_hsp": [9.752965927124023, 0.977319598197937, 0.08846044540405273], "k_pid_vsp": [400.0, 395.85150146484375, 2.075732707977295]}, "datetime": {"datetime": "2025-08-13 23:53:19", "elapsed": 50727.611226558685, "delta": 31.10151171684265}, "costs": {"total_cost": 1406.4215613855533, "time_cost": 150, "final_distance_cost": 91.53610199888573, "oscillation_cost": 249.17529296264206, "completition_cost": 777.7777777777778, "overshoot_cost": 76.73752135390812, "power_cost": 31.959200854492188, "noise_cost": 29.23566643784754, "n_waypoints_completed": 2, "tot_waypoints": 9}}
{"target": -1399.730054715306, "params": {"k_pid_pos": [0.050567589700222015, 0.12216347455978394, 0.003918856382369995], "k_pid_alt": [0.00823521614074707, 0.0006316006183624268, 0.9840977191925049], "k_pid_att": [100.0, 9.999999747378752e-05, 0.9935048222541809], "k_pid_yaw": [0.5, 1e-06, 0.1], "k_pid_hsp": [9.147175788879395, 0.9853917360305786, 0.021383225917816162], "k_pid_vsp": [400.0, 391.2125244140625, 1.579380989074707]}, "datetime": {"datetime": "2025-08-13 23:53:50", "elapsed": 50758.51118540764, "delta": 30.899958848953247}, "costs": {"total_cost": 1399.730054715306, "time_cost": 150, "final_distance_cost": 20.36569628796111, "oscillation_cost": 54.22797699711046, "completition_cost": 1000.0, "overshoot_cost": 124.94626363484126, "power_cost": 16.46757001953125, "noise_cost": 33.72254777586202, "n_waypoints_completed": 0, "tot_waypoints": 9}}
{"target": -868.5294929707626, "params": {"k_pid_pos": [0.18599604070186615, 0.00041288137435913086, 0.011261790990829468], "k_pid_alt": [0.0, 0.9999823570251465, 0.9412558674812317], "k_pid_att": [100.0, 9.999999747378752e-05, 0.9841480255126953], "k_pid_yaw": [0.5, 1e-06, 0.1], "k_pid_hsp": [9.498834609985352, 0.9374716877937317, 0.04008224606513977], "k_pid_vsp": [400.0, 398.6241760253906, 20.34367561340332]}, "datetime": {"datetime": "2025-08-13 23:54:20", "elapsed": 50788.25296020508, "delta": 29.741774797439575}, "costs": {"total_cost": 868.5294929707626, "time_cost": 150, "final_distance_cost": 46.30071330001671, "oscillation_cost": 95.02071456427494, "completition_cost": 444.4444444444444, "overshoot_cost": 64.99501988878337, "power_cost": 35.44543580322266, "noise_cost": 32.32316497002044, "n_waypoints_completed": 5, "tot_waypoints": 9}}
{"target": -1214.6780407707963, "params": {"k_pid_pos": [0.05449128895998001, 0.002148151397705078, 0.025674253702163696], "k_pid_alt": [0.0, 1.0, 0.9956364631652832], "k_pid_att": [100.0, 9.999999747378752e-05, 0.968321681022644], "k_pid_yaw": [0.5, 1e-06, 0.1], "k_pid_hsp": [9.87873649597168, 0.9877477884292603, 0.024658888578414917], "k_pid_vsp": [400.0, 384.0306396484375, 1.1392841339111328]}, "datetime": {"datetime": "2025-08-13 23:54:51", "elapsed": 50819.70513510704, "delta": 31.45217490196228}, "costs": {"total_cost": 1214.6780407707963, "time_cost": 150, "final_distance_cost": 81.19882090276788, "oscillation_cost": 71.71243411637927, "completition_cost": 777.7777777777778, "overshoot_cost": 69.89014596873473, "power_cost": 31.540236987304688, "noise_cost": 32.55862501783188, "n_waypoints_completed": 2, "tot_waypoints": 9}}
{"target": -1288.5273112817322, "params": {"k_pid_pos": [0.010968958958983421, 0.025341510772705078, 0.016017824411392212], "k_pid_alt": [0.0, 1.0, 0.9921362400054932], "k_pid_att": [100.0, 9.999999747378752e-05, 0.9697486758232117], "k_pid_yaw": [0.5, 1e-06, 0.1], "k_pid_hsp": [9.742575645446777, 0.9844297170639038, 0.012243330478668213], "k_pid_vsp": [399.9999694824219, 398.3501892089844, 29.351308822631836]}, "datetime": {"datetime": "2025-08-13 23:55:21", "elapsed": 50849.97176671028, "delta": 30.266631603240967}, "costs": {"total_cost": 1288.5273112817322, "time_cost": 150, "final_distance_cost": 63.49582508789671, "oscillation_cost": 37.177455284873396, "completition_cost": 888.8888888888888, "overshoot_cost": 89.18015328437606, "power_cost": 30.80612498779297, "noise_cost": 28.978863747904136, "n_waypoints_completed": 1, "tot_waypoints": 9}}
{"target": -1598.9727729978447, "params": {"k_pid_pos": [0.031491126865148544, 0.11510786414146423, 0.0035089850425720215], "k_pid_alt": [2.0, 0.9999831914901733, 0.9567310810089111], "k_pid_att": [100.0, 0.14674413204193115, 0.995507001876831], "k_pid_yaw": [0.5, 1e-06, 0.1], "k_pid_hsp": [9.957951545715332, 0.995978057384491, 0.1112145185470581], "k_pid_vsp": [400.0, 379.5866394042969, 4.686487674713135]}, "datetime": {"datetime": "2025-08-13 23:55:53", "elapsed": 50881.161841630936, "delta": 31.190074920654297}, "costs": {"total_cost": 1598.9727729978447, "time_cost": 150, "final_distance_cost": 87.73492757147959, "oscillation_cost": 463.8306448462503, "completition_cost": 777.7777777777778, "overshoot_cost": 53.704577127391474, "power_cost": 35.80934970703125, "noise_cost": 30.115495967914153, "n_waypoints_completed": 2, "tot_waypoints": 9}}
{"target": -1030.5109849049659, "params": {"k_pid_pos": [0.24200312793254852, 0.05585363507270813, 0.01995059847831726], "k_pid_alt": [0.0, 1.0, 0.9927164316177368], "k_pid_att": [100.0, 0.0011284678475931287, 0.9864873886108398], "k_pid_yaw": [0.5, 1e-06, 0.1], "k_pid_hsp": [9.937804222106934, 0.9823099970817566, 0.10217416286468506], "k_pid_vsp": [400.0, 395.2757873535156, 3.3688912391662598]}, "datetime": {"datetime": "2025-08-13 23:56:23", "elapsed": 50911.11898136139, "delta": 29.95713973045349}, "costs": {"total_cost": 1030.5109849049659, "time_cost": 150, "final_distance_cost": 54.46970937468642, "oscillation_cost": 371.08475805381926, "completition_cost": 333.33333333333337, "overshoot_cost": 60.34436903766185, "power_cost": 31.032926220703125, "noise_cost": 30.245888884761882, "n_waypoints_completed": 6, "tot_waypoints": 9}}
{"target": -1487.125745207214, "params": {"k_pid_pos": [0.02242100238800049, 0.08834967017173767, 0.0012274980545043945], "k_pid_alt": [5.066394805908203e-06, 0.00018996000289916992, 0.9783470034599304], "k_pid_att": [100.0, 9.999999747378752e-05, 0.997403621673584], "k_pid_yaw": [0.5, 1e-06, 0.1], "k_pid_hsp": [9.86253547668457, 0.9885677695274353, 0.022935032844543457], "k_pid_vsp": [399.9947204589844, 389.9064025878906, 6.185973644256592]}, "datetime": {"datetime": "2025-08-13 23:56:53", "elapsed": 50941.57716846466, "delta": 30.458187103271484}, "costs": {"total_cost": 1487.125745207214, "time_cost": 150, "final_distance_cost": 1.4416714886156907, "oscillation_cost": 20.61649001468965, "completition_cost": 1000.0, "overshoot_cost": 162.31044419866424, "power_cost": 23.72478034667969, "noise_cost": 129.03235915856473, "n_waypoints_completed": 0, "tot_waypoints": 9}}
{"target": -1765.6913494894434, "params": {"k_pid_pos": [0.004544138442724943, 0.07936763763427734, 0.004260390996932983], "k_pid_alt": [0.0, 1.0, 0.9670470952987671], "k_pid_att": [100.0, 9.999999747378752e-05, 0.9686102867126465], "k_pid_yaw": [0.5, 1e-06, 0.1], "k_pid_hsp": [8.795305252075195, 0.99318528175354, 0.08310294151306152], "k_pid_vsp": [400.0, 396.9714050292969, 4.722405433654785]}, "datetime": {"datetime": "2025-08-13 23:57:21", "elapsed": 50969.403703927994, "delta": 27.82653546333313}, "costs": {"total_cost": 1765.6913494894434, "time_cost": 150, "final_distance_cost": 74.51061431112555, "oscillation_cost": 511.7626668919502, "completition_cost": 888.8888888888888, "overshoot_cost": 76.36890743641521, "power_cost": 35.25183488769532, "noise_cost": 28.908437073368287, "n_waypoints_completed": 1, "tot_waypoints": 9}}
{"target": -931.1013019555783, "params": {"k_pid_pos": [0.109488844871521, 0.026611626148223877, 0.015340566635131836], "k_pid_alt": [0.012455642223358154, 0.9998573064804077, 0.9523155093193054], "k_pid_att": [100.0, 9.999999747378752e-05, 0.9900205135345459], "k_pid_yaw": [0.5, 1e-06, 0.1], "k_pid_hsp": [9.778131484985352, 0.9475016593933105, 0.0055709779262542725], "k_pid_vsp": [400.0, 395.4790954589844, 5.5912981033325195]}, "datetime": {"datetime": "2025-08-13 23:57:52", "elapsed": 51000.127321481705, "delta": 30.723617553710938}, "costs": {"total_cost": 931.1013019555783, "time_cost": 150, "final_distance_cost": 44.69972445115618, "oscillation_cost": 46.8217002618745, "completition_cost": 555.5555555555555, "overshoot_cost": 73.15467084676403, "power_cost": 27.060518713378908, "noise_cost": 33.8091321268491, "n_waypoints_completed": 4, "tot_waypoints": 9}}
{"target": -944.1259792857094, "params": {"k_pid_pos": [0.15713047981262207, 0.039602130651474, 0.10814979672431946], "k_pid_alt": [0.0, 1.0, 0.9777287840843201], "k_pid_att": [100.0, 9.999999747378752e-05, 0.981285810470581], "k_pid_yaw": [0.5, 1e-06, 0.1], "k_pid_hsp": [9.917479515075684, 0.9820839762687683, 0.005298137664794922], "k_pid_vsp": [400.0, 391.249755859375, 1.5558013916015625]}, "datetime": {"datetime": "2025-08-13 23:58:25", "elapsed": 51033.35531210899, "delta": 33.22799062728882}, "costs": {"total_cost": 944.1259792857094, "time_cost": 150, "final_distance_cost": 53.521830248299985, "oscillation_cost": 168.44345404351432, "completition_cost": 444.4444444444444, "overshoot_cost": 66.69324148193263, "power_cost": 28.32113035888672, "noise_cost": 32.701878708631135, "n_waypoints_completed": 5, "tot_waypoints": 9}}
{"target": -1249.1865006481125, "params": {"k_pid_pos": [0.01576903834939003, 0.015245318412780762, 0.035651206970214844], "k_pid_alt": [0.0, 1.0, 0.8837139010429382], "k_pid_att": [100.0, 0.00012324558338150382, 0.9822243452072144], "k_pid_yaw": [0.5, 1e-06, 0.1], "k_pid_hsp": [9.952113151550293, 0.93245530128479, 0.00651434063911438], "k_pid_vsp": [399.99993896484375, 396.1661682128906, 4.391885757446289]}, "datetime": {"datetime": "2025-08-13 23:58:55", "elapsed": 51063.80400490761, "delta": 30.448692798614502}, "costs": {"total_cost": 1249.1865006481125, "time_cost": 150, "final_distance_cost": 59.280792336119944, "oscillation_cost": 13.30359730112054, "completition_cost": 888.8888888888888, "overshoot_cost": 84.23893300682118, "power_cost": 22.65885817871094, "noise_cost": 30.815430936451392, "n_waypoints_completed": 1, "tot_waypoints": 9}}
