{"target": -1370.9493424647544, "params": {"k_pid_pos": [1.7408170700073242, 0.9152129888534546, 0.13708987832069397], "k_pid_alt": [1.5020370483398438e-05, 0.9999998807907104, 0.8187567591667175], "k_pid_att": [99.9988784790039, 0.00021056551486253738, 0.9105545282363892], "k_pid_yaw": [0.5, 1e-06, 0.1], "k_pid_hsp": [9.862750053405762, 0.8324558138847351, 0.04624909162521362], "k_pid_vsp": [0.0010013580322265625, 397.8234558105469, 9.328390121459961]}, "datetime": {"datetime": "2025-08-13 14:13:14", "elapsed": 15922.273057937622, "delta": 31.175350189208984}, "costs": {"total_cost": 1370.9493424647544, "time_cost": 150, "final_distance_cost": 64.10282462228564, "oscillation_cost": 157.58360802825575, "completition_cost": 888.8888888888888, "overshoot_cost": 52.30031898417889, "power_cost": 31.02294927978516, "noise_cost": 27.050752661360395, "n_waypoints_completed": 1, "tot_waypoints": 9}}
{"target": -1299.794195463378, "params": {"k_pid_pos": [0.0929180309176445, 0.3978922665119171, 0.05502638220787048], "k_pid_alt": [3.0994415283203125e-06, 0.018846243619918823, 0.9087581634521484], "k_pid_att": [100.0, 9.999999747378752e-05, 0.735027551651001], "k_pid_yaw": [0.5, 1e-06, 0.1], "k_pid_hsp": [7.412851333618164, 0.9494757652282715, 0.017537713050842285], "k_pid_vsp": [399.9999694824219, 389.5257263183594, 4.038418292999268]}, "datetime": {"datetime": "2025-08-13 14:13:44", "elapsed": 15953.109369516373, "delta": 30.83631157875061}, "costs": {"total_cost": 1299.794195463378, "time_cost": 150, "final_distance_cost": 69.95035334542142, "oscillation_cost": 50.03099802591939, "completition_cost": 888.8888888888888, "overshoot_cost": 79.9318288735253, "power_cost": 25.284828649902344, "noise_cost": 35.7072976797207, "n_waypoints_completed": 1, "tot_waypoints": 9}}
{"target": -489.45803787028603, "params": {"k_pid_pos": [1.0525445938110352, 0.47357499599456787, 0.5206505060195923], "k_pid_alt": [1.9818694591522217, 1.0, 0.8814474940299988], "k_pid_att": [100.0, 0.00010566238051978871, 0.9785992503166199], "k_pid_yaw": [0.5, 1e-06, 0.1], "k_pid_hsp": [7.997160911560059, 0.9173282980918884, 0.26575034856796265], "k_pid_vsp": [0.0, 370.94732666015625, 8.674384117126465]}, "datetime": {"datetime": "2025-08-13 14:14:07", "elapsed": 15975.986177682877, "delta": 22.876808166503906}, "costs": {"total_cost": 489.45803787028603, "time_cost": 93.492, "final_distance_cost": 1.7463747570484718, "oscillation_cost": 288.13676634413025, "completition_cost": 0.0, "overshoot_cost": 57.77771636411853, "power_cost": 27.5193890625, "noise_cost": 20.78579134248877, "n_waypoints_completed": 9, "tot_waypoints": 9}}
{"target": -609.3773836355906, "params": {"k_pid_pos": [0.7011995315551758, 0.3673551678657532, 0.3643859922885895], "k_pid_alt": [3.516674041748047e-06, 1.0, 0.5889968872070312], "k_pid_att": [99.99962615966797, 9.999999747378752e-05, 0.5935172438621521], "k_pid_yaw": [0.5, 1e-06, 0.1], "k_pid_hsp": [9.502910614013672, 0.6624568700790405, 0.04968661069869995], "k_pid_vsp": [0.03955364227294922, 382.4149475097656, 35.49774932861328]}, "datetime": {"datetime": "2025-08-13 14:14:38", "elapsed": 16007.07813835144, "delta": 31.091960668563843}, "costs": {"total_cost": 609.3773836355906, "time_cost": 112.94500000000001, "final_distance_cost": 1.8092937294327927, "oscillation_cost": 354.811387521552, "completition_cost": 0.0, "overshoot_cost": 69.73461031899654, "power_cost": 39.315331359863286, "noise_cost": 30.761760705746088, "n_waypoints_completed": 9, "tot_waypoints": 9}}
{"target": -1496.696062658773, "params": {"k_pid_pos": [0.34415292739868164, 0.19848191738128662, 0.23896801471710205], "k_pid_alt": [0.0, 8.940696716308594e-08, 0.9429858922958374], "k_pid_att": [100.0, 9.999999747378752e-05, 0.9557833671569824], "k_pid_yaw": [0.5, 1e-06, 0.1], "k_pid_hsp": [9.940045356750488, 0.856046736240387, 0.00372159481048584], "k_pid_vsp": [400.0, 363.85406494140625, 11.676717758178711]}, "datetime": {"datetime": "2025-08-13 14:15:08", "elapsed": 16036.80670762062, "delta": 29.728569269180298}, "costs": {"total_cost": 1496.696062658773, "time_cost": 150, "final_distance_cost": 1.0000000002380505, "oscillation_cost": 27.383297978366603, "completition_cost": 1000.0, "overshoot_cost": 163.0788205944797, "power_cost": 15.569674658203125, "noise_cost": 139.66426942748524, "n_waypoints_completed": 0, "tot_waypoints": 9}}
{"target": -2512.78206576462, "params": {"k_pid_pos": [0.45739877223968506, 0.07392460107803345, 0.42973190546035767], "k_pid_alt": [0.0, 0.966312050819397, 0.8224837779998779], "k_pid_att": [100.0, 0.00010029802069766447, 0.950272798538208], "k_pid_yaw": [0.5, 1e-06, 0.1], "k_pid_hsp": [9.96279239654541, 0.6038026809692383, 0.004488736391067505], "k_pid_vsp": [399.9987487792969, 393.6307067871094, 27.359439849853516]}, "datetime": {"datetime": "2025-08-13 14:15:41", "elapsed": 16069.491522312164, "delta": 32.68481469154358}, "costs": {"total_cost": 2512.78206576462, "time_cost": 150, "final_distance_cost": 651.8717561675753, "oscillation_cost": 468.3837298558989, "completition_cost": 555.5555555555555, "overshoot_cost": 635.9236615194907, "power_cost": 24.712704492187502, "noise_cost": 26.33465817391198, "n_waypoints_completed": 4, "tot_waypoints": 9}}
{"target": -2206.882986137386, "params": {"k_pid_pos": [0.16390247642993927, 0.03687480092048645, 0.5628300905227661], "k_pid_alt": [0.0, 4.470348358154297e-07, 0.9780269265174866], "k_pid_att": [100.0, 9.999999747378752e-05, 0.7186954617500305], "k_pid_yaw": [0.5, 1e-06, 0.1], "k_pid_hsp": [8.737462043762207, 0.9905283451080322, 0.022827506065368652], "k_pid_vsp": [396.8687438964844, 280.62921142578125, 26.577356338500977]}, "datetime": {"datetime": "2025-08-13 14:16:11", "elapsed": 16099.240528583527, "delta": 29.749006271362305}, "costs": {"total_cost": 2206.882986137386, "time_cost": 150, "final_distance_cost": 0.9971101446866993, "oscillation_cost": 733.1313636935757, "completition_cost": 1000.0, "overshoot_cost": 162.90291117005123, "power_cost": 34.828476660156255, "noise_cost": 125.02312446891631, "n_waypoints_completed": 0, "tot_waypoints": 9}}
{"target": -1534.0088124416166, "params": {"k_pid_pos": [1.135919213294983, 0.6844024658203125, 0.02906772494316101], "k_pid_alt": [0.0, 7.167458534240723e-05, 0.7563742399215698], "k_pid_att": [100.0, 9.999999747378752e-05, 0.9650154113769531], "k_pid_yaw": [0.5, 1e-06, 0.1], "k_pid_hsp": [9.96252727508545, 0.9851274490356445, 0.023531019687652588], "k_pid_vsp": [400.0, 317.1843566894531, 9.51782512664795]}, "datetime": {"datetime": "2025-08-13 14:16:41", "elapsed": 16129.600711584091, "delta": 30.360183000564575}, "costs": {"total_cost": 1534.0088124416166, "time_cost": 150, "final_distance_cost": 0.7438291633293252, "oscillation_cost": 34.29425201158127, "completition_cost": 1000.0, "overshoot_cost": 163.085363967129, "power_cost": 35.15063045654297, "noise_cost": 150.73473684303406, "n_waypoints_completed": 0, "tot_waypoints": 9}}
{"target": -1537.526176605296, "params": {"k_pid_pos": [0.03222673013806343, 0.989127516746521, 0.3809378445148468], "k_pid_alt": [0.0, 1.0, 0.9483659863471985], "k_pid_att": [99.99919891357422, 9.999999747378752e-05, 0.9745303392410278], "k_pid_yaw": [0.5, 1e-06, 0.1], "k_pid_hsp": [9.023388862609863, 0.9121416211128235, 0.08896851539611816], "k_pid_vsp": [0.0006556510925292969, 359.4522705078125, 15.206600189208984]}, "datetime": {"datetime": "2025-08-13 14:17:11", "elapsed": 16159.659172534943, "delta": 30.05846095085144}, "costs": {"total_cost": 1537.526176605296, "time_cost": 150, "final_distance_cost": 12.80749600754421, "oscillation_cost": 132.06562640302224, "completition_cost": 1000.0, "overshoot_cost": 114.13663839635468, "power_cost": 52.84150345458985, "noise_cost": 75.67491234378518, "n_waypoints_completed": 0, "tot_waypoints": 9}}
{"target": -1408.3573199364978, "params": {"k_pid_pos": [0.03280939534306526, 0.6190594434738159, 0.03432852029800415], "k_pid_alt": [0.0, 0.9925435185432434, 0.2207469344139099], "k_pid_att": [100.0, 9.999999747378752e-05, 0.9637073278427124], "k_pid_yaw": [0.5, 1e-06, 0.1], "k_pid_hsp": [8.457836151123047, 0.9416873455047607, 0.008908301591873169], "k_pid_vsp": [0.13822317123413086, 373.525146484375, 11.491800308227539]}, "datetime": {"datetime": "2025-08-13 14:17:41", "elapsed": 16189.828163862228, "delta": 30.168991327285767}, "costs": {"total_cost": 1408.3573199364978, "time_cost": 150, "final_distance_cost": 27.920663839743547, "oscillation_cost": 110.2274604043135, "completition_cost": 1000.0, "overshoot_cost": 50.39763713565454, "power_cost": 39.72829910888672, "noise_cost": 30.08325944789955, "n_waypoints_completed": 0, "tot_waypoints": 9}}
{"target": -1061.2213677516265, "params": {"k_pid_pos": [0.12907037138938904, 0.5596993565559387, 0.024063587188720703], "k_pid_alt": [9.5367431640625e-07, 0.9993966221809387, 0.528764009475708], "k_pid_att": [99.99983978271484, 8.67605972290039, 0.974774181842804], "k_pid_yaw": [0.5, 1e-06, 0.1], "k_pid_hsp": [7.0425615310668945, 0.9670518636703491, 0.01643511652946472], "k_pid_vsp": [399.9992980957031, 386.9511413574219, 9.51801586151123]}, "datetime": {"datetime": "2025-08-13 14:18:12", "elapsed": 16220.756368875504, "delta": 30.928205013275146}, "costs": {"total_cost": 1061.2213677516265, "time_cost": 150, "final_distance_cost": 57.380956751458584, "oscillation_cost": 67.66708695261751, "completition_cost": 666.6666666666667, "overshoot_cost": 58.4120714420725, "power_cost": 27.88194891357422, "noise_cost": 33.21263702523697, "n_waypoints_completed": 3, "tot_waypoints": 9}}
{"target": -282.98730711684124, "params": {"k_pid_pos": [1.052566647529602, 0.3190315067768097, 0.4572090804576874], "k_pid_alt": [1.999819040298462, 1.0, 0.6980733275413513], "k_pid_att": [100.0, 9.999999747378752e-05, 0.9179725646972656], "k_pid_yaw": [0.5, 1e-06, 0.1], "k_pid_hsp": [8.429037094116211, 0.9584338068962097, 0.0061661601066589355], "k_pid_vsp": [399.8327331542969, 370.744140625, 57.99193572998047]}, "datetime": {"datetime": "2025-08-13 14:18:35", "elapsed": 16243.826360940933, "delta": 23.069992065429688}, "costs": {"total_cost": 282.98730711684124, "time_cost": 90.496, "final_distance_cost": 1.7324956146702348, "oscillation_cost": 86.88197707231353, "completition_cost": 0.0, "overshoot_cost": 56.71719094158363, "power_cost": 24.635621252441407, "noise_cost": 22.524022235832415, "n_waypoints_completed": 9, "tot_waypoints": 9}}
{"target": -292.63938152085035, "params": {"k_pid_pos": [1.1256858110427856, 0.6790347695350647, 0.08960506319999695], "k_pid_alt": [1.4858615398406982, 1.0, 0.7411346435546875], "k_pid_att": [99.99977111816406, 0.5549576878547668, 0.9462109208106995], "k_pid_yaw": [0.5, 1e-06, 0.1], "k_pid_hsp": [5.5977702140808105, 0.8228579163551331, 0.023967653512954712], "k_pid_vsp": [383.65802001953125, 397.2478942871094, 11.137188911437988]}, "datetime": {"datetime": "2025-08-13 14:19:02", "elapsed": 16270.374555587769, "delta": 26.548194646835327}, "costs": {"total_cost": 292.63938152085035, "time_cost": 97.818, "final_distance_cost": 1.7781989811046715, "oscillation_cost": 84.25950199864477, "completition_cost": 0.0, "overshoot_cost": 60.098490577358746, "power_cost": 23.544806970214847, "noise_cost": 25.140382993527325, "n_waypoints_completed": 9, "tot_waypoints": 9}}
{"target": -5602.323125618701, "params": {"k_pid_pos": [0.09058844298124313, 0.246163010597229, 0.07704189419746399], "k_pid_alt": [0.4264698028564453, 0.9999996423721313, 0.892338752746582], "k_pid_att": [0.0002682209014892578, 9.999999747378752e-05, 0.7625325918197632], "k_pid_yaw": [0.5, 1e-06, 0.1], "k_pid_hsp": [8.010577201843262, 0.97115558385849, 0.04320564866065979], "k_pid_vsp": [400.0, 364.1349792480469, 8.895625114440918]}, "datetime": {"datetime": "2025-08-13 14:19:39", "elapsed": 16307.353122472763, "delta": 36.97856688499451}, "costs": {"total_cost": 5602.323125618701, "time_cost": 150, "final_distance_cost": 1346.4077024631815, "oscillation_cost": 1.475865042462894, "completition_cost": 1000.0, "overshoot_cost": 3038.1765253760072, "power_cost": 34.119141943359374, "noise_cost": 32.143890793690694, "n_waypoints_completed": 0, "tot_waypoints": 9}}
{"target": -2071.8378183301384, "params": {"k_pid_pos": [0.12993596494197845, 0.1699337363243103, 0.18450826406478882], "k_pid_alt": [0.002209901809692383, 0.0019427835941314697, 0.7418864965438843], "k_pid_att": [76.9841537475586, 1.027986764907837, 0.854361355304718], "k_pid_yaw": [0.5, 1e-06, 0.1], "k_pid_hsp": [9.654943466186523, 0.9526503086090088, 0.05304253101348877], "k_pid_vsp": [395.530029296875, 387.7139892578125, 28.470911026000977]}, "datetime": {"datetime": "2025-08-13 14:20:13", "elapsed": 16341.96490764618, "delta": 34.61178517341614}, "costs": {"total_cost": 2071.8378183301384, "time_cost": 150, "final_distance_cost": 12.932818083249883, "oscillation_cost": 697.3187407281218, "completition_cost": 1000.0, "overshoot_cost": 140.44855874745303, "power_cost": 31.43895075683594, "noise_cost": 39.69875001447773, "n_waypoints_completed": 0, "tot_waypoints": 9}}
{"target": -1426.148484455943, "params": {"k_pid_pos": [0.08097957819700241, 0.9348264932632446, 0.012353003025054932], "k_pid_alt": [1.9997169971466064, 1.0, 0.934404730796814], "k_pid_att": [81.16545867919922, 9.996216773986816, 0.9711757302284241], "k_pid_yaw": [0.5, 1e-06, 0.1], "k_pid_hsp": [9.539043426513672, 0.8805067539215088, 0.009867727756500244], "k_pid_vsp": [0.31615495681762695, 388.6867980957031, 77.79891204833984]}, "datetime": {"datetime": "2025-08-13 14:20:45", "elapsed": 16373.710003852844, "delta": 31.74509620666504}, "costs": {"total_cost": 1426.148484455943, "time_cost": 150, "final_distance_cost": 45.860490807836385, "oscillation_cost": 123.4634519548801, "completition_cost": 1000.0, "overshoot_cost": 36.707906880928306, "power_cost": 39.27990690917969, "noise_cost": 30.83672790311856, "n_waypoints_completed": 0, "tot_waypoints": 9}}
{"target": -631.570536164143, "params": {"k_pid_pos": [0.7515921592712402, 0.8281641602516174, 0.4662383198738098], "k_pid_alt": [0.0, 1.0, 0.9716320037841797], "k_pid_att": [99.9999771118164, 9.999999747378752e-05, 0.8969002962112427], "k_pid_yaw": [0.5, 1e-06, 0.1], "k_pid_hsp": [9.876862525939941, 0.9683800339698792, 0.022137194871902466], "k_pid_vsp": [400.0, 232.6690216064453, 3.5957226753234863]}, "datetime": {"datetime": "2025-08-13 14:21:17", "elapsed": 16405.494984149933, "delta": 31.784980297088623}, "costs": {"total_cost": 631.570536164143, "time_cost": 118.125, "final_distance_cost": 1.7392324773487053, "oscillation_cost": 381.7688050510276, "completition_cost": 0.0, "overshoot_cost": 72.65285097227483, "power_cost": 27.9585763671875, "noise_cost": 29.326071296304505, "n_waypoints_completed": 9, "tot_waypoints": 9}}
{"target": -3010.118002110453, "params": {"k_pid_pos": [0.010600918903946877, 0.6778841614723206, 0.7845675945281982], "k_pid_alt": [0.0, 0.9998958110809326, 0.8687028884887695], "k_pid_att": [0.2976357936859131, 3.796778917312622, 0.9919426441192627], "k_pid_yaw": [0.5, 1e-06, 0.1], "k_pid_hsp": [7.231107234954834, 0.907630205154419, 0.29499727487564087], "k_pid_vsp": [400.0, 394.692626953125, 7.886851787567139]}, "datetime": {"datetime": "2025-08-13 14:21:50", "elapsed": 16438.676662921906, "delta": 33.181678771972656}, "costs": {"total_cost": 3010.118002110453, "time_cost": 150, "final_distance_cost": 120.36772908379707, "oscillation_cost": 1101.4749768538225, "completition_cost": 1000.0, "overshoot_cost": 432.5913821352666, "power_cost": 53.753302783203125, "noise_cost": 151.93061125436347, "n_waypoints_completed": 0, "tot_waypoints": 9}}
{"target": -322.0641378708323, "params": {"k_pid_pos": [1.2617285251617432, 0.8465632796287537, 0.3110221028327942], "k_pid_alt": [1.7420363426208496, 1.0, 0.7078378200531006], "k_pid_att": [100.0, 9.999999747378752e-05, 0.9314072132110596], "k_pid_yaw": [0.5, 1e-06, 0.1], "k_pid_hsp": [7.565612316131592, 0.9430074691772461, 0.027315765619277954], "k_pid_vsp": [400.0, 339.98919677734375, 35.06892776489258]}, "datetime": {"datetime": "2025-08-13 14:22:20", "elapsed": 16468.165014743805, "delta": 29.488351821899414}, "costs": {"total_cost": 322.0641378708323, "time_cost": 105.721, "final_distance_cost": 1.7602737689829666, "oscillation_cost": 91.62839987235422, "completition_cost": 0.0, "overshoot_cost": 61.188623726256736, "power_cost": 31.959458410644533, "noise_cost": 29.806382092593864, "n_waypoints_completed": 9, "tot_waypoints": 9}}
{"target": -376.56355908091354, "params": {"k_pid_pos": [1.7448238134384155, 0.3923286199569702, 0.12412166595458984], "k_pid_alt": [7.927417755126953e-06, 1.0, 0.9721030592918396], "k_pid_att": [100.0, 9.999999747378752e-05, 0.9674085974693298], "k_pid_yaw": [0.5, 1e-06, 0.1], "k_pid_hsp": [9.322684288024902, 0.6827510595321655, 0.014640986919403076], "k_pid_vsp": [400.0, 352.3066101074219, 50.66435241699219]}, "datetime": {"datetime": "2025-08-13 14:22:49", "elapsed": 16497.585021734238, "delta": 29.42000699043274}, "costs": {"total_cost": 376.56355908091354, "time_cost": 117.537, "final_distance_cost": 1.751129937894351, "oscillation_cost": 127.30420082745883, "completition_cost": 0.0, "overshoot_cost": 72.79406474828727, "power_cost": 29.024836437988284, "noise_cost": 28.15232712928484, "n_waypoints_completed": 9, "tot_waypoints": 9}}
{"target": -1548.5280877618152, "params": {"k_pid_pos": [0.22045378386974335, 0.8325932621955872, 0.08338966965675354], "k_pid_alt": [0.0, 0.0, 0.8781298398971558], "k_pid_att": [99.99992370605469, 0.00015483572497032583, 0.8735917806625366], "k_pid_yaw": [0.5, 1e-06, 0.1], "k_pid_hsp": [9.925176620483398, 0.7500448226928711, 0.014811128377914429], "k_pid_vsp": [399.9951477050781, 396.6516418457031, 3.1059393882751465]}, "datetime": {"datetime": "2025-08-13 14:23:24", "elapsed": 16532.39576816559, "delta": 34.81074643135071}, "costs": {"total_cost": 1548.5280877618152, "time_cost": 150, "final_distance_cost": 1.0190751446493262, "oscillation_cost": 73.52682706969183, "completition_cost": 1000.0, "overshoot_cost": 163.93842462316832, "power_cost": 18.88416151123047, "noise_cost": 141.15959941307537, "n_waypoints_completed": 0, "tot_waypoints": 9}}
{"target": -1131.9098731490576, "params": {"k_pid_pos": [0.12463231384754181, 0.8109971284866333, 0.09225228428840637], "k_pid_alt": [4.762411117553711e-05, 0.9999988675117493, 0.8752977848052979], "k_pid_att": [100.0, 9.999999747378752e-05, 0.9634059071540833], "k_pid_yaw": [0.5, 1e-06, 0.1], "k_pid_hsp": [9.008437156677246, 0.9912023544311523, 0.019667059183120728], "k_pid_vsp": [398.7806396484375, 370.9426574707031, 4.670620918273926]}, "datetime": {"datetime": "2025-08-13 14:24:06", "elapsed": 16574.25318479538, "delta": 41.85741662979126}, "costs": {"total_cost": 1131.9098731490576, "time_cost": 150, "final_distance_cost": 53.72006086292464, "oscillation_cost": 142.8365698600431, "completition_cost": 666.6666666666667, "overshoot_cost": 59.793322445153606, "power_cost": 23.797321142578127, "noise_cost": 35.09593217169138, "n_waypoints_completed": 3, "tot_waypoints": 9}}
{"target": -533.846721889186, "params": {"k_pid_pos": [0.3811018466949463, 0.158014178276062, 0.07255959510803223], "k_pid_alt": [0.0, 0.9999412298202515, 0.893440842628479], "k_pid_att": [100.0, 9.426874160766602, 0.9042587876319885], "k_pid_yaw": [0.5, 1e-06, 0.1], "k_pid_hsp": [9.526886940002441, 0.8503667116165161, 0.00315016508102417], "k_pid_vsp": [399.96026611328125, 321.56463623046875, 15.8364896774292]}, "datetime": {"datetime": "2025-08-13 14:24:39", "elapsed": 16607.22206902504, "delta": 32.968884229660034}, "costs": {"total_cost": 533.846721889186, "time_cost": 150, "final_distance_cost": 66.09992496450452, "oscillation_cost": 97.2323840515244, "completition_cost": 111.11111111111116, "overshoot_cost": 57.864128225825425, "power_cost": 22.922366406250003, "noise_cost": 28.616807129970482, "n_waypoints_completed": 8, "tot_waypoints": 9}}
{"target": -1054.5134814656544, "params": {"k_pid_pos": [0.13974878191947937, 0.17836982011795044, 0.020033419132232666], "k_pid_alt": [5.602836608886719e-06, 0.06070208549499512, 0.9646883010864258], "k_pid_att": [100.0, 9.999999747378752e-05, 0.8399577736854553], "k_pid_yaw": [0.5, 1e-06, 0.1], "k_pid_hsp": [9.819557189941406, 0.9261224269866943, 0.007078826427459717], "k_pid_vsp": [0.0, 298.7747802734375, 22.154666900634766]}, "datetime": {"datetime": "2025-08-13 14:25:11", "elapsed": 16640.011813402176, "delta": 32.78974437713623}, "costs": {"total_cost": 1054.5134814656544, "time_cost": 150, "final_distance_cost": 58.0573068465568, "oscillation_cost": 33.963607221939164, "completition_cost": 666.6666666666667, "overshoot_cost": 69.36380150447823, "power_cost": 41.65546749267578, "noise_cost": 34.80663173333777, "n_waypoints_completed": 3, "tot_waypoints": 9}}
{"target": -557.0101586712411, "params": {"k_pid_pos": [0.21542322635650635, 0.23411571979522705, 0.07564246654510498], "k_pid_alt": [1.9925568103790283, 1.0, 0.8731348514556885], "k_pid_att": [41.066349029541016, 0.00014112678763922304, 0.772162139415741], "k_pid_yaw": [0.5, 1e-06, 0.1], "k_pid_hsp": [9.709667205810547, 0.6490934491157532, 0.09756642580032349], "k_pid_vsp": [399.9674377441406, 379.9200439453125, 15.430618286132812]}, "datetime": {"datetime": "2025-08-13 14:25:43", "elapsed": 16671.486089229584, "delta": 31.474275827407837}, "costs": {"total_cost": 557.0101586712411, "time_cost": 150, "final_distance_cost": 38.345318211807765, "oscillation_cost": 130.20187810378445, "completition_cost": 111.11111111111116, "overshoot_cost": 58.312716737150886, "power_cost": 37.363847558593754, "noise_cost": 31.675286948793218, "n_waypoints_completed": 8, "tot_waypoints": 9}}
