{"target": -1780.389283658488, "params": {"k_pid_pos": [0.005119473207741976, 0.02397647500038147, 0.012782573699951172], "k_pid_alt": [0.0, 1.0, 0.9955978393554688], "k_pid_att": [100.0, 9.999999747378752e-05, 0.9846603274345398], "k_pid_yaw": [0.5, 1e-06, 0.1], "k_pid_hsp": [9.920103073120117, 0.9981665015220642, 0.08627641201019287], "k_pid_vsp": [400.0, 397.0802307128906, 0.8355031609535217]}, "datetime": {"datetime": "2025-08-14 05:09:20", "elapsed": 69688.30059146881, "delta": 31.391074895858765}, "costs": {"total_cost": 1780.389283658488, "time_cost": 150, "final_distance_cost": 62.26140234340883, "oscillation_cost": 499.5487173505597, "completition_cost": 888.8888888888888, "overshoot_cost": 109.33495582425374, "power_cost": 40.097059045410155, "noise_cost": 30.25826020596664, "n_waypoints_completed": 1, "tot_waypoints": 9}}
{"target": -1723.8563735071473, "params": {"k_pid_pos": [0.019849488511681557, 0.005917340517044067, 0.0010151863098144531], "k_pid_alt": [0.0, 1.0, 0.9757285714149475], "k_pid_att": [100.0, 9.999999747378752e-05, 0.9826422929763794], "k_pid_yaw": [0.5, 1e-06, 0.1], "k_pid_hsp": [9.746499061584473, 0.9959318041801453, 0.1105215847492218], "k_pid_vsp": [400.0, 392.023193359375, 5.585373401641846]}, "datetime": {"datetime": "2025-08-14 05:09:48", "elapsed": 69716.33089232445, "delta": 28.030300855636597}, "costs": {"total_cost": 1723.8563735071473, "time_cost": 150, "final_distance_cost": 66.12318269155642, "oscillation_cost": 480.22979315051776, "completition_cost": 888.8888888888888, "overshoot_cost": 80.21547856492968, "power_cost": 31.01536395263672, "noise_cost": 27.38366625861762, "n_waypoints_completed": 1, "tot_waypoints": 9}}
{"target": -1021.1788572311325, "params": {"k_pid_pos": [0.1017935499548912, 0.03098815679550171, 0.02807939052581787], "k_pid_alt": [0.0, 1.0, 0.9956513047218323], "k_pid_att": [100.0, 9.999999747378752e-05, 0.9951168298721313], "k_pid_yaw": [0.5, 1e-06, 0.1], "k_pid_hsp": [9.900924682617188, 0.9747798442840576, 0.008643507957458496], "k_pid_vsp": [400.0, 397.3567199707031, 3.5342345237731934]}, "datetime": {"datetime": "2025-08-14 05:10:16", "elapsed": 69744.63454413414, "delta": 28.303651809692383}, "costs": {"total_cost": 1021.1788572311325, "time_cost": 150, "final_distance_cost": 44.930779998087885, "oscillation_cost": 143.74766027085317, "completition_cost": 555.5555555555555, "overshoot_cost": 74.87779292750488, "power_cost": 21.41754235839844, "noise_cost": 30.6495261207326, "n_waypoints_completed": 4, "tot_waypoints": 9}}
{"target": -1665.0433336388146, "params": {"k_pid_pos": [0.008234553970396519, 0.009916841983795166, 0.09389370679855347], "k_pid_alt": [4.035234451293945e-05, 1.0, 0.9753783345222473], "k_pid_att": [100.0, 9.999999747378752e-05, 0.9954321384429932], "k_pid_yaw": [0.5, 1e-06, 0.1], "k_pid_hsp": [9.80709171295166, 0.9941517114639282, 0.031744182109832764], "k_pid_vsp": [400.0, 396.0516052246094, 1.124669075012207]}, "datetime": {"datetime": "2025-08-14 05:10:47", "elapsed": 69775.86760354042, "delta": 31.233059406280518}, "costs": {"total_cost": 1665.0433336388146, "time_cost": 150, "final_distance_cost": 62.46750310854768, "oscillation_cost": 410.77591906071035, "completition_cost": 888.8888888888888, "overshoot_cost": 96.83001404102815, "power_cost": 27.952480249023438, "noise_cost": 28.128528290616334, "n_waypoints_completed": 1, "tot_waypoints": 9}}
{"target": -1986.3512888661649, "params": {"k_pid_pos": [0.020412784069776535, 0.010129421949386597, 0.02114880084991455], "k_pid_alt": [0.0, 1.0, 0.9451698064804077], "k_pid_att": [100.0, 9.999999747378752e-05, 0.8517459034919739], "k_pid_yaw": [0.5, 1e-06, 0.1], "k_pid_hsp": [9.97953987121582, 0.9629080295562744, 0.15053051710128784], "k_pid_vsp": [400.0, 396.4804992675781, 1.2657890319824219]}, "datetime": {"datetime": "2025-08-14 05:11:16", "elapsed": 69804.3825750351, "delta": 28.514971494674683}, "costs": {"total_cost": 1986.3512888661649, "time_cost": 150, "final_distance_cost": 70.67002332539349, "oscillation_cost": 730.5665338175626, "completition_cost": 888.8888888888888, "overshoot_cost": 79.79348415301239, "power_cost": 37.54456838378906, "noise_cost": 28.887790297518688, "n_waypoints_completed": 1, "tot_waypoints": 9}}
{"target": -1228.8141496068956, "params": {"k_pid_pos": [0.005274318158626556, 0.005835831165313721, 0.004288673400878906], "k_pid_alt": [0.0, 1.0, 0.9949676990509033], "k_pid_att": [100.0, 9.999999747378752e-05, 0.9935992956161499], "k_pid_yaw": [0.5, 1e-06, 0.1], "k_pid_hsp": [9.823200225830078, 0.996225118637085, 0.0013468265533447266], "k_pid_vsp": [399.999755859375, 399.46417236328125, 6.083191394805908]}, "datetime": {"datetime": "2025-08-14 05:11:46", "elapsed": 69834.93479681015, "delta": 30.55222177505493}, "costs": {"total_cost": 1228.8141496068956, "time_cost": 150, "final_distance_cost": 43.90472544919394, "oscillation_cost": 16.90614412265747, "completition_cost": 888.8888888888888, "overshoot_cost": 74.95246783576724, "power_cost": 22.94954549560547, "noise_cost": 31.21237781478276, "n_waypoints_completed": 1, "tot_waypoints": 9}}
{"target": -1259.3944072606312, "params": {"k_pid_pos": [0.005051169544458389, 0.005963057279586792, 0.024797827005386353], "k_pid_alt": [2.9206275939941406e-06, 1.0, 0.994870662689209], "k_pid_att": [100.0, 9.999999747378752e-05, 0.9772361516952515], "k_pid_yaw": [0.5, 1e-06, 0.1], "k_pid_hsp": [9.43753433227539, 0.9928945302963257, 0.0065562427043914795], "k_pid_vsp": [400.0, 397.82940673828125, 16.51425552368164]}, "datetime": {"datetime": "2025-08-14 05:12:13", "elapsed": 69861.90644907951, "delta": 26.971652269363403}, "costs": {"total_cost": 1259.3944072606312, "time_cost": 150, "final_distance_cost": 55.66308054311195, "oscillation_cost": 27.022882287914836, "completition_cost": 888.8888888888888, "overshoot_cost": 72.46109330128752, "power_cost": 34.409155603027344, "noise_cost": 30.949306636400795, "n_waypoints_completed": 1, "tot_waypoints": 9}}
{"target": -1328.2674562098389, "params": {"k_pid_pos": [0.006132403388619423, 0.0009371340274810791, 0.038285791873931885], "k_pid_alt": [0.0, 1.0, 0.9993300437927246], "k_pid_att": [99.80543518066406, 9.999999747378752e-05, 0.9825608134269714], "k_pid_yaw": [0.5, 1e-06, 0.1], "k_pid_hsp": [9.960457801818848, 0.9909106492996216, 0.004166901111602783], "k_pid_vsp": [400.0, 386.8058776855469, 24.276782989501953]}, "datetime": {"datetime": "2025-08-14 05:12:43", "elapsed": 69891.40535497665, "delta": 29.498905897140503}, "costs": {"total_cost": 1328.2674562098389, "time_cost": 150, "final_distance_cost": 50.233860519642064, "oscillation_cost": 22.10207322329245, "completition_cost": 1000.0, "overshoot_cost": 42.658554670463694, "power_cost": 33.258888183593754, "noise_cost": 30.014079612846913, "n_waypoints_completed": 0, "tot_waypoints": 9}}
{"target": -1289.8300590875099, "params": {"k_pid_pos": [0.0265066958963871, 0.005163848400115967, 0.007533073425292969], "k_pid_alt": [0.0, 0.9999997019767761, 0.9866485595703125], "k_pid_att": [100.0, 9.999999747378752e-05, 0.9921156167984009], "k_pid_yaw": [0.5, 1e-06, 0.1], "k_pid_hsp": [9.993477821350098, 0.9889795780181885, 0.05216345191001892], "k_pid_vsp": [400.0, 377.0641784667969, 5.415035247802734]}, "datetime": {"datetime": "2025-08-14 05:13:12", "elapsed": 69920.13104963303, "delta": 28.72569465637207}, "costs": {"total_cost": 1289.8300590875099, "time_cost": 150, "final_distance_cost": 61.390488393277685, "oscillation_cost": 63.135247435609315, "completition_cost": 888.8888888888888, "overshoot_cost": 71.51824936403541, "power_cost": 25.95866188964844, "noise_cost": 28.938523116050263, "n_waypoints_completed": 1, "tot_waypoints": 9}}
{"target": -880.6222412994063, "params": {"k_pid_pos": [0.16203194856643677, 0.022967547178268433, 0.004399359226226807], "k_pid_alt": [3.5762786865234375e-07, 1.0, 0.9866936206817627], "k_pid_att": [99.99998474121094, 9.999999747378752e-05, 0.9868951439857483], "k_pid_yaw": [0.5, 1e-06, 0.1], "k_pid_hsp": [9.985784530639648, 0.9780429601669312, 0.020870357751846313], "k_pid_vsp": [400.0, 396.3840026855469, 13.366461753845215]}, "datetime": {"datetime": "2025-08-14 05:13:39", "elapsed": 69947.19367218018, "delta": 27.062622547149658}, "costs": {"total_cost": 880.6222412994063, "time_cost": 150, "final_distance_cost": 73.08341084838935, "oscillation_cost": 201.99104842049888, "completition_cost": 333.33333333333337, "overshoot_cost": 70.54455273950744, "power_cost": 22.632600146484375, "noise_cost": 29.037295811192696, "n_waypoints_completed": 6, "tot_waypoints": 9}}
{"target": -1220.678015493479, "params": {"k_pid_pos": [0.0244764257222414, 0.02370518445968628, 0.003917276859283447], "k_pid_alt": [0.0, 1.0, 0.9930344820022583], "k_pid_att": [100.0, 9.999999747378752e-05, 0.9938369989395142], "k_pid_yaw": [0.5, 1e-06, 0.1], "k_pid_hsp": [9.93446159362793, 0.9456509351730347, 0.01205676794052124], "k_pid_vsp": [400.0, 366.1099853515625, 1.9630799293518066]}, "datetime": {"datetime": "2025-08-14 05:14:09", "elapsed": 69977.28958368301, "delta": 30.095911502838135}, "costs": {"total_cost": 1220.678015493479, "time_cost": 150, "final_distance_cost": 84.49465464660669, "oscillation_cost": 75.32506062087978, "completition_cost": 777.7777777777778, "overshoot_cost": 79.60039142002258, "power_cost": 23.353290747070314, "noise_cost": 30.126840281121783, "n_waypoints_completed": 2, "tot_waypoints": 9}}
{"target": -1189.872706512505, "params": {"k_pid_pos": [0.049402378499507904, 0.0161876380443573, 0.04622843861579895], "k_pid_alt": [0.0, 1.0, 0.98368239402771], "k_pid_att": [100.0, 9.999999747378752e-05, 0.9950574636459351], "k_pid_yaw": [0.5, 1e-06, 0.1], "k_pid_hsp": [9.835925102233887, 0.9974585771560669, 0.007579982280731201], "k_pid_vsp": [400.0, 395.50799560546875, 20.945396423339844]}, "datetime": {"datetime": "2025-08-14 05:14:39", "elapsed": 70007.46607708931, "delta": 30.176493406295776}, "costs": {"total_cost": 1189.872706512505, "time_cost": 150, "final_distance_cost": 70.65677093287886, "oscillation_cost": 37.55105562960841, "completition_cost": 777.7777777777778, "overshoot_cost": 83.47776512529272, "power_cost": 38.39348142089844, "noise_cost": 32.01585562604846, "n_waypoints_completed": 2, "tot_waypoints": 9}}
{"target": -1277.3005955649703, "params": {"k_pid_pos": [0.012156403623521328, 0.010216861963272095, 0.0017223060131072998], "k_pid_alt": [0.0, 1.0, 0.9909893274307251], "k_pid_att": [100.0, 9.999999747378752e-05, 0.9805011749267578], "k_pid_yaw": [0.5, 1e-06, 0.1], "k_pid_hsp": [9.674856185913086, 0.9968804121017456, 0.010893464088439941], "k_pid_vsp": [400.0, 397.2360534667969, 2.665937900543213]}, "datetime": {"datetime": "2025-08-14 05:15:08", "elapsed": 70036.62412023544, "delta": 29.158043146133423}, "costs": {"total_cost": 1277.3005955649703, "time_cost": 150, "final_distance_cost": 55.74152941938772, "oscillation_cost": 43.308598701367174, "completition_cost": 888.8888888888888, "overshoot_cost": 90.92005887087896, "power_cost": 19.54602236328125, "noise_cost": 28.895497321166395, "n_waypoints_completed": 1, "tot_waypoints": 9}}
{"target": -1290.7691949524433, "params": {"k_pid_pos": [0.016618123278021812, 0.0041006505489349365, 0.1065339744091034], "k_pid_alt": [0.0, 1.0, 0.9983099699020386], "k_pid_att": [100.0, 0.00019626054563559592, 0.996131181716919], "k_pid_yaw": [0.5, 1e-06, 0.1], "k_pid_hsp": [9.970291137695312, 0.995790958404541, 0.03716695308685303], "k_pid_vsp": [400.0, 394.7746887207031, 5.070615768432617]}, "datetime": {"datetime": "2025-08-14 05:15:36", "elapsed": 70064.28490638733, "delta": 27.660786151885986}, "costs": {"total_cost": 1290.7691949524433, "time_cost": 150, "final_distance_cost": 49.36269990073151, "oscillation_cost": 77.30233048600365, "completition_cost": 888.8888888888888, "overshoot_cost": 75.27385960396474, "power_cost": 22.620851208496095, "noise_cost": 27.320564864358573, "n_waypoints_completed": 1, "tot_waypoints": 9}}
{"target": -776.3886556147648, "params": {"k_pid_pos": [0.1881868839263916, 0.010644614696502686, 0.02368950843811035], "k_pid_alt": [0.041194796562194824, 1.0, 0.9901105165481567], "k_pid_att": [100.0, 9.999999747378752e-05, 0.9975050687789917], "k_pid_yaw": [0.5, 1e-06, 0.1], "k_pid_hsp": [9.972702980041504, 0.9894729852676392, 0.013378649950027466], "k_pid_vsp": [400.0, 392.248779296875, 2.8967151641845703]}, "datetime": {"datetime": "2025-08-14 05:16:07", "elapsed": 70095.67929625511, "delta": 31.394389867782593}, "costs": {"total_cost": 776.3886556147648, "time_cost": 150, "final_distance_cost": 65.09159612118272, "oscillation_cost": 99.98026332595329, "completition_cost": 333.33333333333337, "overshoot_cost": 67.63280548788327, "power_cost": 27.240810620117188, "noise_cost": 33.109846726295025, "n_waypoints_completed": 6, "tot_waypoints": 9}}
{"target": -1132.6381619174522, "params": {"k_pid_pos": [0.03336690738797188, 0.010191261768341064, 0.009093761444091797], "k_pid_alt": [0.0, 1.0, 0.93528151512146], "k_pid_att": [100.0, 9.999999747378752e-05, 0.9582489132881165], "k_pid_yaw": [0.5, 1e-06, 0.1], "k_pid_hsp": [9.876760482788086, 0.9899786710739136, 0.005911022424697876], "k_pid_vsp": [400.0, 399.2983703613281, 2.658046245574951]}, "datetime": {"datetime": "2025-08-14 05:16:34", "elapsed": 70122.76619815826, "delta": 27.086901903152466}, "costs": {"total_cost": 1132.6381619174522, "time_cost": 150, "final_distance_cost": 64.92404111013951, "oscillation_cost": 20.763898492509103, "completition_cost": 777.7777777777778, "overshoot_cost": 64.7887795459273, "power_cost": 23.34494833984375, "noise_cost": 31.03871665125462, "n_waypoints_completed": 2, "tot_waypoints": 9}}
{"target": -1289.6136468487884, "params": {"k_pid_pos": [0.012700983323156834, 0.012770086526870728, 0.04577961564064026], "k_pid_alt": [0.0, 1.0, 0.9934794902801514], "k_pid_att": [100.0, 9.999999747378752e-05, 0.9850115180015564], "k_pid_yaw": [0.5, 1e-06, 0.1], "k_pid_hsp": [9.888946533203125, 0.9732133150100708, 0.025238752365112305], "k_pid_vsp": [400.0, 393.0773620605469, 9.535706520080566]}, "datetime": {"datetime": "2025-08-14 05:17:04", "elapsed": 70152.49306178093, "delta": 29.726863622665405}, "costs": {"total_cost": 1289.6136468487884, "time_cost": 150, "final_distance_cost": 56.10855799618161, "oscillation_cost": 44.995748888802666, "completition_cost": 888.8888888888888, "overshoot_cost": 93.57814730126287, "power_cost": 27.09739802246094, "noise_cost": 28.944905751191538, "n_waypoints_completed": 1, "tot_waypoints": 9}}
{"target": -1230.4225697022844, "params": {"k_pid_pos": [0.0233735553920269, 0.025953829288482666, 0.08677828311920166], "k_pid_alt": [0.0, 1.0, 0.9796797037124634], "k_pid_att": [100.0, 9.999999747378752e-05, 0.9797701835632324], "k_pid_yaw": [0.5, 1e-06, 0.1], "k_pid_hsp": [9.950875282287598, 0.8971796035766602, 0.01477736234664917], "k_pid_vsp": [400.0, 380.8818359375, 3.2813916206359863]}, "datetime": {"datetime": "2025-08-14 05:17:33", "elapsed": 70181.82603168488, "delta": 29.332969903945923}, "costs": {"total_cost": 1230.4225697022844, "time_cost": 150, "final_distance_cost": 84.9856997479876, "oscillation_cost": 80.26983550914558, "completition_cost": 777.7777777777778, "overshoot_cost": 82.56518079137501, "power_cost": 24.50270104980469, "noise_cost": 30.32137482619344, "n_waypoints_completed": 2, "tot_waypoints": 9}}
{"target": -1311.7425458417244, "params": {"k_pid_pos": [0.0063692606054246426, 0.026232659816741943, 0.006837993860244751], "k_pid_alt": [0.0, 1.0, 0.9989877939224243], "k_pid_att": [100.0, 9.999999747378752e-05, 0.9909298419952393], "k_pid_yaw": [0.5, 1e-06, 0.1], "k_pid_hsp": [9.292716026306152, 0.9962344169616699, 0.005610942840576172], "k_pid_vsp": [400.0, 391.8314514160156, 29.01618766784668]}, "datetime": {"datetime": "2025-08-14 05:18:01", "elapsed": 70209.50729489326, "delta": 27.681263208389282}, "costs": {"total_cost": 1311.7425458417244, "time_cost": 150, "final_distance_cost": 68.0854851798781, "oscillation_cost": 32.619443717477836, "completition_cost": 888.8888888888888, "overshoot_cost": 102.16810450645887, "power_cost": 37.545035412597656, "noise_cost": 32.4355881364234, "n_waypoints_completed": 1, "tot_waypoints": 9}}
{"target": -1915.043007391984, "params": {"k_pid_pos": [0.00879677664488554, 0.026489943265914917, 0.011304378509521484], "k_pid_alt": [0.0, 1.0, 0.9893934726715088], "k_pid_att": [100.0, 9.999999747378752e-05, 0.9943004846572876], "k_pid_yaw": [0.5, 1e-06, 0.1], "k_pid_hsp": [9.724811553955078, 0.9744811058044434, 0.09294319152832031], "k_pid_vsp": [400.0, 399.45086669921875, 11.26928424835205]}, "datetime": {"datetime": "2025-08-14 05:18:30", "elapsed": 70238.27357792854, "delta": 28.76628303527832}, "costs": {"total_cost": 1915.043007391984, "time_cost": 150, "final_distance_cost": 71.01297929094375, "oscillation_cost": 649.8557498125751, "completition_cost": 888.8888888888888, "overshoot_cost": 93.68170596018905, "power_cost": 33.92965614013672, "noise_cost": 27.674027299250696, "n_waypoints_completed": 1, "tot_waypoints": 9}}
{"target": -928.1759969067014, "params": {"k_pid_pos": [0.136993408203125, 0.008313089609146118, 0.006670325994491577], "k_pid_alt": [0.006792247295379639, 1.0, 0.9915828704833984], "k_pid_att": [100.0, 9.999999747378752e-05, 0.99295973777771], "k_pid_yaw": [0.5, 1e-06, 0.1], "k_pid_hsp": [9.964917182922363, 0.9942708015441895, 0.0032578706741333008], "k_pid_vsp": [400.0, 378.7020568847656, 2.5172481536865234]}, "datetime": {"datetime": "2025-08-14 05:18:59", "elapsed": 70267.645455122, "delta": 29.371877193450928}, "costs": {"total_cost": 928.1759969067014, "time_cost": 150, "final_distance_cost": 42.5634638393923, "oscillation_cost": 53.47273482046389, "completition_cost": 555.5555555555555, "overshoot_cost": 69.27078821394453, "power_cost": 24.539753234863284, "noise_cost": 32.773701242481785, "n_waypoints_completed": 4, "tot_waypoints": 9}}
{"target": -1154.699489941051, "params": {"k_pid_pos": [0.04410063102841377, 0.007161170244216919, 0.013935893774032593], "k_pid_alt": [0.0, 1.0, 0.9687265157699585], "k_pid_att": [100.0, 9.999999747378752e-05, 0.9627175331115723], "k_pid_yaw": [0.5, 1e-06, 0.1], "k_pid_hsp": [9.957710266113281, 0.9929271936416626, 0.003323107957839966], "k_pid_vsp": [400.0, 394.79217529296875, 3.7477025985717773]}, "datetime": {"datetime": "2025-08-14 05:19:28", "elapsed": 70296.2922976017, "delta": 28.64684247970581}, "costs": {"total_cost": 1154.699489941051, "time_cost": 150, "final_distance_cost": 83.94576940970289, "oscillation_cost": 21.36561485473975, "completition_cost": 777.7777777777778, "overshoot_cost": 69.07228286551505, "power_cost": 21.98578748779297, "noise_cost": 30.552257545522593, "n_waypoints_completed": 2, "tot_waypoints": 9}}
{"target": -1288.8979104237844, "params": {"k_pid_pos": [0.0036809276789426804, 0.018467187881469727, 0.005909532308578491], "k_pid_alt": [0.0, 1.0, 0.9461138248443604], "k_pid_att": [100.0, 9.999999747378752e-05, 0.9824578762054443], "k_pid_yaw": [0.5, 1e-06, 0.1], "k_pid_hsp": [9.863525390625, 0.9972871541976929, 0.011062085628509521], "k_pid_vsp": [400.0, 397.36187744140625, 10.179293632507324]}, "datetime": {"datetime": "2025-08-14 05:19:56", "elapsed": 70324.22941207886, "delta": 27.937114477157593}, "costs": {"total_cost": 1288.8979104237844, "time_cost": 150, "final_distance_cost": 52.070961231389255, "oscillation_cost": 25.71108219869565, "completition_cost": 888.8888888888888, "overshoot_cost": 113.67316866511533, "power_cost": 30.29204217529297, "noise_cost": 28.26176726440248, "n_waypoints_completed": 1, "tot_waypoints": 9}}
{"target": -1186.378642716719, "params": {"k_pid_pos": [0.05068512633442879, 0.012635856866836548, 0.040706366300582886], "k_pid_alt": [0.0, 1.0, 0.9974895715713501], "k_pid_att": [100.0, 9.999999747378752e-05, 0.9969291687011719], "k_pid_yaw": [0.5, 1e-06, 0.1], "k_pid_hsp": [9.91631031036377, 0.9867452383041382, 0.013936281204223633], "k_pid_vsp": [400.0, 399.0613098144531, 12.37644100189209]}, "datetime": {"datetime": "2025-08-14 05:20:25", "elapsed": 70353.85014152527, "delta": 29.620729446411133}, "costs": {"total_cost": 1186.378642716719, "time_cost": 150, "final_distance_cost": 82.395260815927, "oscillation_cost": 45.15638991653549, "completition_cost": 777.7777777777778, "overshoot_cost": 74.21452388073794, "power_cost": 28.340397070312502, "noise_cost": 28.49429325542838, "n_waypoints_completed": 2, "tot_waypoints": 9}}
{"target": -1207.2735258214466, "params": {"k_pid_pos": [0.030046259984374046, 0.02141857147216797, 0.023653894662857056], "k_pid_alt": [0.0, 1.0, 0.9883971810340881], "k_pid_att": [100.0, 9.999999747378752e-05, 0.9974863529205322], "k_pid_yaw": [0.5, 1e-06, 0.1], "k_pid_hsp": [9.682047843933105, 0.9816073179244995, 0.028362512588500977], "k_pid_vsp": [400.0, 399.63201904296875, 8.2854642868042]}, "datetime": {"datetime": "2025-08-14 05:20:55", "elapsed": 70383.45903491974, "delta": 29.608893394470215}, "costs": {"total_cost": 1207.2735258214466, "time_cost": 150, "final_distance_cost": 75.08486010443045, "oscillation_cost": 63.178403988753665, "completition_cost": 777.7777777777778, "overshoot_cost": 82.79124692256266, "power_cost": 28.558326782226565, "noise_cost": 29.8829102456954, "n_waypoints_completed": 2, "tot_waypoints": 9}}
