{"target": -1285.715832947679, "params": {"k_pid_pos": [0.00854043010622263, 0.013907790184020996, 0.027551889419555664], "k_pid_alt": [0.0, 1.0, 0.9721664190292358], "k_pid_att": [100.0, 9.999999747378752e-05, 0.9903526306152344], "k_pid_yaw": [0.5, 1e-06, 0.1], "k_pid_hsp": [9.905826568603516, 0.9967682361602783, 0.020483046770095825], "k_pid_vsp": [400.0, 399.1534729003906, 5.279839992523193]}, "datetime": {"datetime": "2025-08-14 05:33:26", "elapsed": 71135.02921915054, "delta": 28.14453673362732}, "costs": {"total_cost": 1285.715832947679, "time_cost": 150, "final_distance_cost": 52.4254722429389, "oscillation_cost": 37.488231052005005, "completition_cost": 888.8888888888888, "overshoot_cost": 102.83180266179022, "power_cost": 23.766079040527345, "noise_cost": 30.315359061528902, "n_waypoints_completed": 1, "tot_waypoints": 9}}
{"target": -1250.146378452729, "params": {"k_pid_pos": [0.03979023918509483, 0.017942577600479126, 0.06929323077201843], "k_pid_alt": [1.1920928955078125e-07, 1.0, 0.9854450225830078], "k_pid_att": [100.0, 9.999999747378752e-05, 0.9812739491462708], "k_pid_yaw": [0.5, 1e-06, 0.1], "k_pid_hsp": [9.947983741760254, 0.990494966506958, 0.033865928649902344], "k_pid_vsp": [400.0, 399.1640625, 12.062860488891602]}, "datetime": {"datetime": "2025-08-14 05:33:56", "elapsed": 71165.06414103508, "delta": 30.034921884536743}, "costs": {"total_cost": 1250.146378452729, "time_cost": 150, "final_distance_cost": 91.70570361052955, "oscillation_cost": 66.00995630560188, "completition_cost": 777.7777777777778, "overshoot_cost": 86.86714948444497, "power_cost": 43.55780212402344, "noise_cost": 34.2279891503513, "n_waypoints_completed": 2, "tot_waypoints": 9}}
{"target": -1239.21144510216, "params": {"k_pid_pos": [0.04876887425780296, 0.017679303884506226, 0.10857242345809937], "k_pid_alt": [0.0, 1.0, 0.9906321167945862], "k_pid_att": [100.0, 0.03663400560617447, 0.9485268592834473], "k_pid_yaw": [0.5, 1e-06, 0.1], "k_pid_hsp": [9.948359489440918, 0.9761714935302734, 0.024560660123825073], "k_pid_vsp": [400.0, 391.0244140625, 4.103482723236084]}, "datetime": {"datetime": "2025-08-14 05:34:25", "elapsed": 71193.89515304565, "delta": 28.83101201057434}, "costs": {"total_cost": 1239.21144510216, "time_cost": 150, "final_distance_cost": 92.09782422234646, "oscillation_cost": 83.54253912438966, "completition_cost": 777.7777777777778, "overshoot_cost": 75.0524844169225, "power_cost": 29.147986669921877, "noise_cost": 31.592832890801652, "n_waypoints_completed": 2, "tot_waypoints": 9}}
{"target": -1140.1368380742322, "params": {"k_pid_pos": [0.0847766250371933, 0.004780441522598267, 0.005599260330200195], "k_pid_alt": [0.0, 1.0, 0.9852895736694336], "k_pid_att": [100.0, 9.999999747378752e-05, 0.9978445172309875], "k_pid_yaw": [0.5, 1e-06, 0.1], "k_pid_hsp": [9.915008544921875, 0.9865182638168335, 0.03145921230316162], "k_pid_vsp": [400.0, 382.34930419921875, 2.1585235595703125]}, "datetime": {"datetime": "2025-08-14 05:34:53", "elapsed": 71222.01842045784, "delta": 28.12326741218567}, "costs": {"total_cost": 1140.1368380742322, "time_cost": 150, "final_distance_cost": 77.8868481345661, "oscillation_cost": 117.80659625605475, "completition_cost": 666.6666666666667, "overshoot_cost": 67.20610902697794, "power_cost": 29.274866833496095, "noise_cost": 31.29575115647044, "n_waypoints_completed": 3, "tot_waypoints": 9}}
{"target": -496.5084978464251, "params": {"k_pid_pos": [0.30369633436203003, 0.003244161605834961, 0.0014627277851104736], "k_pid_alt": [0.0, 1.0, 0.9960777163505554], "k_pid_att": [100.0, 0.00010029802069766447, 0.9859352111816406], "k_pid_yaw": [0.5, 1e-06, 0.1], "k_pid_hsp": [9.951345443725586, 0.9892325401306152, 0.007050514221191406], "k_pid_vsp": [400.0, 397.2284240722656, 9.71850299835205]}, "datetime": {"datetime": "2025-08-14 05:35:24", "elapsed": 71252.61850714684, "delta": 30.60008668899536}, "costs": {"total_cost": 496.5084978464251, "time_cost": 150, "final_distance_cost": 3.6843581478844194, "oscillation_cost": 109.19360719090761, "completition_cost": 111.11111111111116, "overshoot_cost": 67.74808803447543, "power_cost": 22.0836671875, "noise_cost": 32.6876661745465, "n_waypoints_completed": 8, "tot_waypoints": 9}}
{"target": -1201.3526664355377, "params": {"k_pid_pos": [0.047616951167583466, 0.011264234781265259, 0.003822535276412964], "k_pid_alt": [0.0, 1.0, 0.988654375076294], "k_pid_att": [100.0, 9.999999747378752e-05, 0.9840947985649109], "k_pid_yaw": [0.5, 1e-06, 0.1], "k_pid_hsp": [9.369362831115723, 0.9814240336418152, 0.008353590965270996], "k_pid_vsp": [400.0, 392.4985046386719, 2.9353866577148438]}, "datetime": {"datetime": "2025-08-14 05:35:52", "elapsed": 71280.11743617058, "delta": 27.498929023742676}, "costs": {"total_cost": 1201.3526664355377, "time_cost": 150, "final_distance_cost": 89.4069759878313, "oscillation_cost": 43.4243776840842, "completition_cost": 777.7777777777778, "overshoot_cost": 73.54225619096331, "power_cost": 33.057793701171875, "noise_cost": 34.14348509370891, "n_waypoints_completed": 2, "tot_waypoints": 9}}
{"target": -930.4987662854046, "params": {"k_pid_pos": [0.19225093722343445, 0.08704662322998047, 0.048561155796051025], "k_pid_alt": [0.0, 1.0, 0.9887881278991699], "k_pid_att": [100.0, 9.999999747378752e-05, 0.9925609827041626], "k_pid_yaw": [0.5, 1e-06, 0.1], "k_pid_hsp": [9.833540916442871, 0.9806790947914124, 0.02008107304573059], "k_pid_vsp": [400.0, 396.5520935058594, 1.6815552711486816]}, "datetime": {"datetime": "2025-08-14 05:36:21", "elapsed": 71309.62263703346, "delta": 29.50520086288452}, "costs": {"total_cost": 930.4987662854046, "time_cost": 150, "final_distance_cost": 49.755357573992484, "oscillation_cost": 165.44508551543584, "completition_cost": 444.4444444444444, "overshoot_cost": 62.72601298418762, "power_cost": 26.015107336425782, "noise_cost": 32.11275843091855, "n_waypoints_completed": 5, "tot_waypoints": 9}}
{"target": -1212.4342949801319, "params": {"k_pid_pos": [0.02228361926972866, 0.07452481985092163, 0.037329405546188354], "k_pid_alt": [0.0, 1.0, 0.9733846187591553], "k_pid_att": [100.0, 9.999999747378752e-05, 0.9980574250221252], "k_pid_yaw": [0.5, 1e-06, 0.1], "k_pid_hsp": [9.226699829101562, 0.974709153175354, 0.020522892475128174], "k_pid_vsp": [400.0, 389.43109130859375, 4.868603706359863]}, "datetime": {"datetime": "2025-08-14 05:36:50", "elapsed": 71338.56252241135, "delta": 28.93988537788391}, "costs": {"total_cost": 1212.4342949801319, "time_cost": 150, "final_distance_cost": 95.39623968183459, "oscillation_cost": 41.026527031890765, "completition_cost": 777.7777777777778, "overshoot_cost": 84.31685128224991, "power_cost": 30.938954833984376, "noise_cost": 32.9779443723946, "n_waypoints_completed": 2, "tot_waypoints": 9}}
{"target": -1518.209729452625, "params": {"k_pid_pos": [0.0047622802667319775, 0.021129906177520752, 0.0394473671913147], "k_pid_alt": [0.0, 1.0, 0.9906542897224426], "k_pid_att": [100.0, 9.999999747378752e-05, 0.9943084716796875], "k_pid_yaw": [0.5, 1e-06, 0.1], "k_pid_hsp": [9.938611030578613, 0.9661552906036377, 0.03582403063774109], "k_pid_vsp": [400.0, 379.21942138671875, 4.481876850128174]}, "datetime": {"datetime": "2025-08-14 05:37:17", "elapsed": 71365.35378170013, "delta": 26.791259288787842}, "costs": {"total_cost": 1518.209729452625, "time_cost": 150, "final_distance_cost": 55.75276798848194, "oscillation_cost": 250.16238532832546, "completition_cost": 888.8888888888888, "overshoot_cost": 115.6933323543095, "power_cost": 28.344470849609376, "noise_cost": 29.36788404300999, "n_waypoints_completed": 1, "tot_waypoints": 9}}
{"target": -1191.229792291863, "params": {"k_pid_pos": [0.034962743520736694, 0.04995518922805786, 0.011585384607315063], "k_pid_alt": [0.00038248300552368164, 1.0, 0.9901008605957031], "k_pid_att": [100.0, 9.999999747378752e-05, 0.976615309715271], "k_pid_yaw": [0.5, 1e-06, 0.1], "k_pid_hsp": [9.635265350341797, 0.9837735891342163, 0.01563987135887146], "k_pid_vsp": [400.0, 388.0088806152344, 4.584921360015869]}, "datetime": {"datetime": "2025-08-14 05:37:46", "elapsed": 71394.30074644089, "delta": 28.946964740753174}, "costs": {"total_cost": 1191.229792291863, "time_cost": 150, "final_distance_cost": 85.43972183319049, "oscillation_cost": 50.55549034433516, "completition_cost": 777.7777777777778, "overshoot_cost": 77.06573932851852, "power_cost": 21.198076647949218, "noise_cost": 29.192986360092025, "n_waypoints_completed": 2, "tot_waypoints": 9}}
{"target": -1090.938541793426, "params": {"k_pid_pos": [0.07210364192724228, 0.017432451248168945, 0.011238545179367065], "k_pid_alt": [0.0, 1.0, 0.989059567451477], "k_pid_att": [100.0, 9.999999747378752e-05, 0.9960977435112], "k_pid_yaw": [0.5, 1e-06, 0.1], "k_pid_hsp": [9.918328285217285, 0.9634443521499634, 0.028567463159561157], "k_pid_vsp": [400.0, 397.8372497558594, 7.895232200622559]}, "datetime": {"datetime": "2025-08-14 05:38:15", "elapsed": 71423.5688867569, "delta": 29.26814031600952}, "costs": {"total_cost": 1090.938541793426, "time_cost": 150, "final_distance_cost": 77.70489317448747, "oscillation_cost": 65.50410141174024, "completition_cost": 666.6666666666667, "overshoot_cost": 69.65008997789289, "power_cost": 30.45365887451172, "noise_cost": 30.95913168812686, "n_waypoints_completed": 3, "tot_waypoints": 9}}
{"target": -1041.3702330084875, "params": {"k_pid_pos": [0.08807634562253952, 0.07869073748588562, 0.020071297883987427], "k_pid_alt": [0.0, 1.0, 0.9944316148757935], "k_pid_att": [99.99971771240234, 9.999999747378752e-05, 0.9863070249557495], "k_pid_yaw": [0.5, 1e-06, 0.1], "k_pid_hsp": [8.666834831237793, 0.9455601572990417, 0.010272741317749023], "k_pid_vsp": [400.0, 399.72265625, 19.306482315063477]}, "datetime": {"datetime": "2025-08-14 05:38:43", "elapsed": 71451.1211194992, "delta": 27.55223274230957}, "costs": {"total_cost": 1041.3702330084875, "time_cost": 150, "final_distance_cost": 52.59737531954314, "oscillation_cost": 48.0725675418512, "completition_cost": 666.6666666666667, "overshoot_cost": 66.75726693462683, "power_cost": 27.647218676757813, "noise_cost": 29.629137869041717, "n_waypoints_completed": 3, "tot_waypoints": 9}}
{"target": -1262.2076775347036, "params": {"k_pid_pos": [0.06359288096427917, 0.017673790454864502, 0.06272879242897034], "k_pid_alt": [0.0, 1.0, 0.9886612296104431], "k_pid_att": [100.0, 0.00014172283408697695, 0.9964261054992676], "k_pid_yaw": [0.5, 1e-06, 0.1], "k_pid_hsp": [9.960701942443848, 0.9115052223205566, 0.017161011695861816], "k_pid_vsp": [400.0, 387.44287109375, 5.80649471282959]}, "datetime": {"datetime": "2025-08-14 05:39:12", "elapsed": 71480.38548326492, "delta": 29.264363765716553}, "costs": {"total_cost": 1262.2076775347036, "time_cost": 150, "final_distance_cost": 95.7975122757282, "oscillation_cost": 124.50337413490075, "completition_cost": 777.7777777777778, "overshoot_cost": 66.55327103606254, "power_cost": 20.020723547363282, "noise_cost": 27.555018762871033, "n_waypoints_completed": 2, "tot_waypoints": 9}}
{"target": -1069.3302618232715, "params": {"k_pid_pos": [0.06835976243019104, 0.026175737380981445, 0.014766395092010498], "k_pid_alt": [0.0, 1.0, 0.9840478301048279], "k_pid_att": [100.0, 9.999999747378752e-05, 0.9811617136001587], "k_pid_yaw": [0.5, 1e-06, 0.1], "k_pid_hsp": [9.754110336303711, 0.9798939824104309, 0.015508770942687988], "k_pid_vsp": [400.0, 397.975830078125, 8.078337669372559]}, "datetime": {"datetime": "2025-08-14 05:39:43", "elapsed": 71511.7984418869, "delta": 31.41295862197876}, "costs": {"total_cost": 1069.3302618232715, "time_cost": 150, "final_distance_cost": 53.62150091273617, "oscillation_cost": 59.015105966331944, "completition_cost": 666.6666666666667, "overshoot_cost": 77.09659883400316, "power_cost": 31.35846248779297, "noise_cost": 31.571926955740494, "n_waypoints_completed": 3, "tot_waypoints": 9}}
{"target": -440.7342488363074, "params": {"k_pid_pos": [0.5936150550842285, 0.0007098019123077393, 0.035145461559295654], "k_pid_alt": [0.0, 0.9999999403953552, 0.9866681098937988], "k_pid_att": [100.0, 9.999999747378752e-05, 0.9973211288452148], "k_pid_yaw": [0.5, 1e-06, 0.1], "k_pid_hsp": [9.70545482635498, 0.995877742767334, 0.028786391019821167], "k_pid_vsp": [400.0, 398.2618713378906, 0.9042511582374573]}, "datetime": {"datetime": "2025-08-14 05:40:07", "elapsed": 71535.88833427429, "delta": 24.089892387390137}, "costs": {"total_cost": 440.7342488363074, "time_cost": 106.057, "final_distance_cost": 1.821632636778554, "oscillation_cost": 216.32446146880977, "completition_cost": 0.0, "overshoot_cost": 65.5363107419358, "power_cost": 23.502226611328126, "noise_cost": 27.49261737745522, "n_waypoints_completed": 9, "tot_waypoints": 9}}
{"target": -1257.6925469276212, "params": {"k_pid_pos": [0.016317255795001984, 0.00428202748298645, 0.008444011211395264], "k_pid_alt": [0.0, 1.0, 0.9763076305389404], "k_pid_att": [100.0, 9.999999747378752e-05, 0.98450767993927], "k_pid_yaw": [0.5, 1e-06, 0.1], "k_pid_hsp": [9.789007186889648, 0.9875361919403076, 0.0020734667778015137], "k_pid_vsp": [400.0, 399.01312255859375, 9.150994300842285]}, "datetime": {"datetime": "2025-08-14 05:40:38", "elapsed": 71566.48018193245, "delta": 30.59184765815735}, "costs": {"total_cost": 1257.6925469276212, "time_cost": 150, "final_distance_cost": 55.380321502266256, "oscillation_cost": 23.57885045690167, "completition_cost": 888.8888888888888, "overshoot_cost": 78.78960434676875, "power_cost": 31.5911908203125, "noise_cost": 29.463690912483067, "n_waypoints_completed": 1, "tot_waypoints": 9}}
{"target": -1277.7634149779194, "params": {"k_pid_pos": [0.034212835133075714, 0.0049047768115997314, 0.009572446346282959], "k_pid_alt": [0.0, 1.0, 0.9909084439277649], "k_pid_att": [100.0, 9.999999747378752e-05, 0.9670065641403198], "k_pid_yaw": [0.5, 1e-06, 0.1], "k_pid_hsp": [9.621232986450195, 0.9910660982131958, 0.008493185043334961], "k_pid_vsp": [399.9999084472656, 399.5200500488281, 2.4018774032592773]}, "datetime": {"datetime": "2025-08-14 05:41:06", "elapsed": 71594.88461589813, "delta": 28.404433965682983}, "costs": {"total_cost": 1277.7634149779194, "time_cost": 150, "final_distance_cost": 61.01084349954627, "oscillation_cost": 34.55211687049631, "completition_cost": 888.8888888888888, "overshoot_cost": 69.72046401994888, "power_cost": 38.6396615234375, "noise_cost": 34.9514401756016, "n_waypoints_completed": 1, "tot_waypoints": 9}}
{"target": -1651.4827427737087, "params": {"k_pid_pos": [0.0841713696718216, 0.01023942232131958, 0.008830904960632324], "k_pid_alt": [0.0, 1.0, 0.987290620803833], "k_pid_att": [100.0, 9.999999747378752e-05, 0.7070288062095642], "k_pid_yaw": [0.5, 1e-06, 0.1], "k_pid_hsp": [9.972267150878906, 0.9674217700958252, 0.08965939283370972], "k_pid_vsp": [400.0, 395.7403259277344, 12.077737808227539]}, "datetime": {"datetime": "2025-08-14 05:41:34", "elapsed": 71622.64329600334, "delta": 27.75868010520935}, "costs": {"total_cost": 1651.4827427737087, "time_cost": 150, "final_distance_cost": 52.820810202221196, "oscillation_cost": 645.5348812998782, "completition_cost": 666.6666666666667, "overshoot_cost": 73.26222672449788, "power_cost": 34.83658997802735, "noise_cost": 28.36156790241743, "n_waypoints_completed": 3, "tot_waypoints": 9}}
{"target": -1025.3784482736487, "params": {"k_pid_pos": [0.0802445113658905, 0.023075908422470093, 0.02392241358757019], "k_pid_alt": [1.9382750988006592, 0.9999988675117493, 0.9965063333511353], "k_pid_att": [100.0, 0.000106258419691585, 0.9948374629020691], "k_pid_yaw": [0.5, 1e-06, 0.1], "k_pid_hsp": [9.849172592163086, 0.9786268472671509, 0.006897181272506714], "k_pid_vsp": [400.0, 395.8621826171875, 4.333163261413574]}, "datetime": {"datetime": "2025-08-14 05:42:03", "elapsed": 71651.57814407349, "delta": 28.934848070144653}, "costs": {"total_cost": 1025.3784482736487, "time_cost": 150, "final_distance_cost": 53.31164598472186, "oscillation_cost": 36.12655875792144, "completition_cost": 666.6666666666667, "overshoot_cost": 62.894037209215625, "power_cost": 23.82921452636719, "noise_cost": 32.55032512875591, "n_waypoints_completed": 3, "tot_waypoints": 9}}
{"target": -1088.598091894403, "params": {"k_pid_pos": [0.06834474205970764, 0.017536580562591553, 0.04806506633758545], "k_pid_alt": [0.0, 1.0, 0.9916636943817139], "k_pid_att": [100.0, 9.999999747378752e-05, 0.9977433085441589], "k_pid_yaw": [0.5, 1e-06, 0.1], "k_pid_hsp": [9.843732833862305, 0.9898718595504761, 0.016227811574935913], "k_pid_vsp": [400.0, 389.4093017578125, 7.286072731018066]}, "datetime": {"datetime": "2025-08-14 05:42:31", "elapsed": 71679.25125956535, "delta": 27.673115491867065}, "costs": {"total_cost": 1088.598091894403, "time_cost": 150, "final_distance_cost": 88.02021288469211, "oscillation_cost": 47.30747551931639, "completition_cost": 666.6666666666667, "overshoot_cost": 66.84713629924157, "power_cost": 37.185215026855474, "noise_cost": 32.571385497630594, "n_waypoints_completed": 3, "tot_waypoints": 9}}
{"target": -1271.1833463885557, "params": {"k_pid_pos": [0.013332582078874111, 0.006910800933837891, 0.021525651216506958], "k_pid_alt": [0.0, 1.0, 0.9934720993041992], "k_pid_att": [100.0, 9.999999747378752e-05, 0.9977585077285767], "k_pid_yaw": [0.5, 1e-06, 0.1], "k_pid_hsp": [9.940828323364258, 0.9746341705322266, 0.016768842935562134], "k_pid_vsp": [400.0, 383.6862487792969, 5.387223720550537]}, "datetime": {"datetime": "2025-08-14 05:42:59", "elapsed": 71707.96243309975, "delta": 28.71117353439331}, "costs": {"total_cost": 1271.1833463885557, "time_cost": 150, "final_distance_cost": 55.36987781435741, "oscillation_cost": 29.80982034975158, "completition_cost": 888.8888888888888, "overshoot_cost": 87.03208213370952, "power_cost": 28.126113928222658, "noise_cost": 31.956563273625786, "n_waypoints_completed": 1, "tot_waypoints": 9}}
{"target": -1161.4760741462603, "params": {"k_pid_pos": [0.018328454345464706, 0.027534067630767822, 0.030564814805984497], "k_pid_alt": [1.4007091522216797e-05, 1.0, 0.9927672743797302], "k_pid_att": [100.0, 9.999999747378752e-05, 0.9943558573722839], "k_pid_yaw": [0.5, 1e-06, 0.1], "k_pid_hsp": [9.329087257385254, 0.981540858745575, 0.008622586727142334], "k_pid_vsp": [400.0, 392.30560302734375, 12.441421508789062]}, "datetime": {"datetime": "2025-08-14 05:43:29", "elapsed": 71737.4451880455, "delta": 29.482754945755005}, "costs": {"total_cost": 1161.4760741462603, "time_cost": 150, "final_distance_cost": 66.0190751341802, "oscillation_cost": 37.515671545989, "completition_cost": 777.7777777777778, "overshoot_cost": 75.47595994290539, "power_cost": 26.81294449462891, "noise_cost": 27.874645250779203, "n_waypoints_completed": 2, "tot_waypoints": 9}}
{"target": -837.6279860147303, "params": {"k_pid_pos": [0.17691311240196228, 0.0016943514347076416, 0.04363906383514404], "k_pid_alt": [0.0, 1.0, 0.9856927394866943], "k_pid_att": [100.0, 9.999999747378752e-05, 0.9590517282485962], "k_pid_yaw": [0.5, 1e-06, 0.1], "k_pid_hsp": [9.964765548706055, 0.9904615879058838, 0.0025245845317840576], "k_pid_vsp": [400.0, 398.4731140136719, 14.593161582946777]}, "datetime": {"datetime": "2025-08-14 05:44:00", "elapsed": 71768.34642791748, "delta": 30.90123987197876}, "costs": {"total_cost": 837.6279860147303, "time_cost": 150, "final_distance_cost": 51.08199287229684, "oscillation_cost": 66.18266847950979, "completition_cost": 444.4444444444444, "overshoot_cost": 65.90871015867133, "power_cost": 29.636465661621095, "noise_cost": 30.37370439818686, "n_waypoints_completed": 5, "tot_waypoints": 9}}
