{"target": -1059.1875881209255, "params": {"k_pid_pos": [0.06993687897920609, 0.005098462104797363, 0.0026535987854003906], "k_pid_alt": [2.0, 0.9765572547912598, 0.9892181158065796], "k_pid_att": [100.0, 9.196592330932617, 0.9308958649635315], "k_pid_yaw": [0.5, 1e-06, 0.1], "k_pid_hsp": [9.868709564208984, 0.9342974424362183, 0.006972312927246094], "k_pid_vsp": [400.0, 390.7772216796875, 5.611372947692871]}, "datetime": {"datetime": "2025-08-14 00:12:38", "elapsed": 51886.14493012428, "delta": 35.337361097335815}, "costs": {"total_cost": 1059.1875881209255, "time_cost": 150, "final_distance_cost": 85.14538000556048, "oscillation_cost": 57.17606324621597, "completition_cost": 666.6666666666667, "overshoot_cost": 52.57569598676451, "power_cost": 18.291338671875, "noise_cost": 29.3324435438428, "n_waypoints_completed": 3, "tot_waypoints": 9}}
{"target": -1206.403510967184, "params": {"k_pid_pos": [0.04250575229525566, 0.03219643235206604, 0.03757685422897339], "k_pid_alt": [0.0, 1.0, 0.9923636317253113], "k_pid_att": [99.99932861328125, 9.999999747378752e-05, 0.9769176244735718], "k_pid_yaw": [0.5, 1e-06, 0.1], "k_pid_hsp": [9.87562084197998, 0.9820042252540588, 0.02391114830970764], "k_pid_vsp": [400.0, 395.39788818359375, 2.3733506202697754]}, "datetime": {"datetime": "2025-08-14 00:13:09", "elapsed": 51917.84106492996, "delta": 31.69613480567932}, "costs": {"total_cost": 1206.403510967184, "time_cost": 150, "final_distance_cost": 82.72286395817686, "oscillation_cost": 64.21459328642652, "completition_cost": 777.7777777777778, "overshoot_cost": 74.9603897133011, "power_cost": 25.980480615234377, "noise_cost": 30.747405616267283, "n_waypoints_completed": 2, "tot_waypoints": 9}}
{"target": -1061.169838596966, "params": {"k_pid_pos": [0.0898946151137352, 0.00324249267578125, 0.00573393702507019], "k_pid_alt": [1.0686736106872559, 1.0, 0.8179162740707397], "k_pid_att": [0.9893864393234253, 9.999999747378752e-05, 0.9724715948104858], "k_pid_yaw": [0.5, 1e-06, 0.1], "k_pid_hsp": [9.840459823608398, 0.9927417039871216, 0.07306021451950073], "k_pid_vsp": [400.0, 397.6209716796875, 2.548457145690918]}, "datetime": {"datetime": "2025-08-14 00:13:46", "elapsed": 51954.41462802887, "delta": 36.57356309890747}, "costs": {"total_cost": 1061.169838596966, "time_cost": 150, "final_distance_cost": 53.02070417239721, "oscillation_cost": 76.90175525410079, "completition_cost": 666.6666666666667, "overshoot_cost": 62.727192210409086, "power_cost": 20.922854138183595, "noise_cost": 30.93066615520857, "n_waypoints_completed": 3, "tot_waypoints": 9}}
{"target": -1398.199440055472, "params": {"k_pid_pos": [0.006949363276362419, 0.004937291145324707, 0.03631344437599182], "k_pid_alt": [0.0, 1.0, 0.9523933529853821], "k_pid_att": [100.0, 9.999999747378752e-05, 0.9461859464645386], "k_pid_yaw": [0.5, 1e-06, 0.1], "k_pid_hsp": [9.928197860717773, 0.9729092121124268, 0.034570127725601196], "k_pid_vsp": [400.0, 386.0843200683594, 11.903501510620117]}, "datetime": {"datetime": "2025-08-14 00:14:21", "elapsed": 51989.771654844284, "delta": 35.35702681541443}, "costs": {"total_cost": 1398.199440055472, "time_cost": 150, "final_distance_cost": 66.6174481004748, "oscillation_cost": 176.6941583149516, "completition_cost": 888.8888888888888, "overshoot_cost": 63.70164177330351, "power_cost": 24.770034301757814, "noise_cost": 27.527268676095577, "n_waypoints_completed": 1, "tot_waypoints": 9}}
{"target": -767.2867764467812, "params": {"k_pid_pos": [0.18615387380123138, 0.048553675413131714, 0.02775818109512329], "k_pid_alt": [0.0, 0.9995545744895935, 0.959703803062439], "k_pid_att": [100.0, 9.999999747378752e-05, 0.9968264698982239], "k_pid_yaw": [0.5, 1e-06, 0.1], "k_pid_hsp": [9.729792594909668, 0.9974607229232788, 0.014325439929962158], "k_pid_vsp": [400.0, 397.6435546875, 1.8353948593139648]}, "datetime": {"datetime": "2025-08-14 00:14:50", "elapsed": 52018.70532488823, "delta": 28.933670043945312}, "costs": {"total_cost": 767.2867764467812, "time_cost": 150, "final_distance_cost": 71.3076267413919, "oscillation_cost": 193.71777427535287, "completition_cost": 222.2222222222222, "overshoot_cost": 65.92909776099278, "power_cost": 30.113656286621094, "noise_cost": 33.996399160200305, "n_waypoints_completed": 7, "tot_waypoints": 9}}
{"target": -1288.9030452681352, "params": {"k_pid_pos": [0.010059378109872341, 0.009645342826843262, 0.00663188099861145], "k_pid_alt": [0.0, 1.0, 0.9949240684509277], "k_pid_att": [100.0, 9.997635841369629, 0.9050930142402649], "k_pid_yaw": [0.5, 1e-06, 0.1], "k_pid_hsp": [9.844446182250977, 0.9900315999984741, 0.009559869766235352], "k_pid_vsp": [399.9931335449219, 395.69708251953125, 3.1282315254211426]}, "datetime": {"datetime": "2025-08-14 00:15:22", "elapsed": 52050.95582032204, "delta": 32.25049543380737}, "costs": {"total_cost": 1288.9030452681352, "time_cost": 150, "final_distance_cost": 52.35429730558342, "oscillation_cost": 47.21708652163988, "completition_cost": 888.8888888888888, "overshoot_cost": 96.44486915546744, "power_cost": 23.225505590820312, "noise_cost": 30.772397805735487, "n_waypoints_completed": 1, "tot_waypoints": 9}}
{"target": -840.0878451006681, "params": {"k_pid_pos": [0.15481632947921753, 0.018852829933166504, 0.00689166784286499], "k_pid_alt": [0.0, 1.0, 0.9793703556060791], "k_pid_att": [99.99996185302734, 9.999999747378752e-05, 0.9929649233818054], "k_pid_yaw": [0.5, 1e-06, 0.1], "k_pid_hsp": [9.916282653808594, 0.9837914705276489, 0.015075206756591797], "k_pid_vsp": [399.99993896484375, 388.6072998046875, 16.912187576293945]}, "datetime": {"datetime": "2025-08-14 00:15:54", "elapsed": 52082.39371180534, "delta": 31.437891483306885}, "costs": {"total_cost": 840.0878451006681, "time_cost": 150, "final_distance_cost": 52.21389131740504, "oscillation_cost": 69.45622789623457, "completition_cost": 444.4444444444444, "overshoot_cost": 66.25517241145232, "power_cost": 27.938442517089847, "noise_cost": 29.779666514041907, "n_waypoints_completed": 5, "tot_waypoints": 9}}
{"target": -1075.9709002395055, "params": {"k_pid_pos": [0.03017064929008484, 0.06791624426841736, 0.04483717679977417], "k_pid_alt": [0.0, 1.0, 0.9801532626152039], "k_pid_att": [100.0, 9.999999747378752e-05, 0.9558225870132446], "k_pid_yaw": [0.5, 1e-06, 0.1], "k_pid_hsp": [9.847946166992188, 0.9937006235122681, 0.007762789726257324], "k_pid_vsp": [400.0, 365.3697509765625, 7.32932186126709]}, "datetime": {"datetime": "2025-08-14 00:16:23", "elapsed": 52111.908450603485, "delta": 29.51473879814148}, "costs": {"total_cost": 1075.9709002395055, "time_cost": 150, "final_distance_cost": 64.22443780874443, "oscillation_cost": 49.3875089187659, "completition_cost": 666.6666666666667, "overshoot_cost": 93.11070929630611, "power_cost": 23.106869665527345, "noise_cost": 29.474707883495075, "n_waypoints_completed": 3, "tot_waypoints": 9}}
{"target": -545.5640942895321, "params": {"k_pid_pos": [0.2045130878686905, 0.030176252126693726, 0.009321510791778564], "k_pid_alt": [1.233816146850586e-05, 1.0, 0.979206919670105], "k_pid_att": [100.0, 9.999999747378752e-05, 0.976046621799469], "k_pid_yaw": [0.5, 1e-06, 0.1], "k_pid_hsp": [9.592780113220215, 0.9674184322357178, 0.013068825006484985], "k_pid_vsp": [400.0, 394.44781494140625, 7.246304512023926]}, "datetime": {"datetime": "2025-08-14 00:16:53", "elapsed": 52141.94146037102, "delta": 30.03300976753235}, "costs": {"total_cost": 545.5640942895321, "time_cost": 150, "final_distance_cost": 66.53649391126122, "oscillation_cost": 94.07007888161861, "completition_cost": 111.11111111111116, "overshoot_cost": 66.49987951645079, "power_cost": 25.37135904541016, "noise_cost": 31.975171823680142, "n_waypoints_completed": 8, "tot_waypoints": 9}}
{"target": -1297.1441450202528, "params": {"k_pid_pos": [0.006064278539270163, 0.044807493686676025, 0.02824351191520691], "k_pid_alt": [0.01009446382522583, 1.0, 0.9762281179428101], "k_pid_att": [100.0, 9.999999747378752e-05, 0.9928925633430481], "k_pid_yaw": [0.5, 1e-06, 0.1], "k_pid_hsp": [9.898643493652344, 0.9768593311309814, 0.030417919158935547], "k_pid_vsp": [400.0, 398.39691162109375, 14.38158893585205]}, "datetime": {"datetime": "2025-08-14 00:17:24", "elapsed": 52173.028012275696, "delta": 31.086551904678345}, "costs": {"total_cost": 1297.1441450202528, "time_cost": 150, "final_distance_cost": 60.76615551878323, "oscillation_cost": 50.60740237364955, "completition_cost": 888.8888888888888, "overshoot_cost": 90.4182124847184, "power_cost": 27.99037908935547, "noise_cost": 28.4731066648573, "n_waypoints_completed": 1, "tot_waypoints": 9}}
{"target": -1194.360481737371, "params": {"k_pid_pos": [0.06584016233682632, 0.007767587900161743, 0.020178109407424927], "k_pid_alt": [0.0, 1.0, 0.9871134161949158], "k_pid_att": [100.0, 9.999999747378752e-05, 0.9461148977279663], "k_pid_yaw": [0.5, 1e-06, 0.1], "k_pid_hsp": [9.97184944152832, 0.9870066046714783, 0.008414506912231445], "k_pid_vsp": [399.9998474121094, 397.7309875488281, 9.238673210144043]}, "datetime": {"datetime": "2025-08-14 00:17:55", "elapsed": 52203.38466453552, "delta": 30.35665225982666}, "costs": {"total_cost": 1194.360481737371, "time_cost": 150, "final_distance_cost": 90.3369336397828, "oscillation_cost": 41.38821743898902, "completition_cost": 777.7777777777778, "overshoot_cost": 67.06265627191976, "power_cost": 36.02576776123047, "noise_cost": 31.769128847670775, "n_waypoints_completed": 2, "tot_waypoints": 9}}
{"target": -700.2939437367211, "params": {"k_pid_pos": [0.25770923495292664, 0.010027468204498291, 0.011055171489715576], "k_pid_alt": [1.1920928955078125e-07, 0.9999979734420776, 0.9734785556793213], "k_pid_att": [100.0, 9.999999747378752e-05, 0.9912358522415161], "k_pid_yaw": [0.5, 1e-06, 0.1], "k_pid_hsp": [9.833404541015625, 0.9941133260726929, 0.016671597957611084], "k_pid_vsp": [400.0, 398.2696228027344, 3.0197153091430664]}, "datetime": {"datetime": "2025-08-14 00:18:26", "elapsed": 52234.23526644707, "delta": 30.8506019115448}, "costs": {"total_cost": 700.2939437367211, "time_cost": 150, "final_distance_cost": 67.07927495465029, "oscillation_cost": 127.7211602020084, "completition_cost": 222.2222222222222, "overshoot_cost": 64.87450059781887, "power_cost": 33.22142143554688, "noise_cost": 35.17536432447449, "n_waypoints_completed": 7, "tot_waypoints": 9}}
{"target": -1289.9504174134506, "params": {"k_pid_pos": [0.04049920290708542, 0.0028009414672851562, 0.013836443424224854], "k_pid_alt": [0.0, 0.9745453000068665, 0.9969778060913086], "k_pid_att": [100.0, 9.999999747378752e-05, 0.9554221630096436], "k_pid_yaw": [0.5, 1e-06, 0.1], "k_pid_hsp": [9.860628128051758, 0.9641687870025635, 0.006502598524093628], "k_pid_vsp": [400.0, 397.0572509765625, 1.470125675201416]}, "datetime": {"datetime": "2025-08-14 00:18:56", "elapsed": 52264.81325888634, "delta": 30.57799243927002}, "costs": {"total_cost": 1289.9504174134506, "time_cost": 150, "final_distance_cost": 68.8664486550599, "oscillation_cost": 58.56184149744401, "completition_cost": 888.8888888888888, "overshoot_cost": 61.84104314628494, "power_cost": 29.343330297851566, "noise_cost": 32.44886492792163, "n_waypoints_completed": 1, "tot_waypoints": 9}}
{"target": -1136.0020152045154, "params": {"k_pid_pos": [0.07222433388233185, 0.039544522762298584, 0.04860842227935791], "k_pid_alt": [0.0, 1.0, 0.9432854652404785], "k_pid_att": [100.0, 9.999999747378752e-05, 0.993956446647644], "k_pid_yaw": [0.5, 1e-06, 0.1], "k_pid_hsp": [9.83619213104248, 0.9817980527877808, 0.010450631380081177], "k_pid_vsp": [399.9962463378906, 394.9876403808594, 2.7073512077331543]}, "datetime": {"datetime": "2025-08-14 00:19:25", "elapsed": 52293.8830974102, "delta": 29.069838523864746}, "costs": {"total_cost": 1136.0020152045154, "time_cost": 150, "final_distance_cost": 51.283343317133756, "oscillation_cost": 135.52936688888084, "completition_cost": 666.6666666666667, "overshoot_cost": 75.30698695122585, "power_cost": 24.17201042480469, "noise_cost": 33.04364095580351, "n_waypoints_completed": 3, "tot_waypoints": 9}}
{"target": -1197.6303380599272, "params": {"k_pid_pos": [0.05017887055873871, 0.02172437310218811, 0.03819224238395691], "k_pid_alt": [0.0, 0.9939093589782715, 0.9948194026947021], "k_pid_att": [100.0, 4.432991027832031, 0.9925676584243774], "k_pid_yaw": [0.5, 1e-06, 0.1], "k_pid_hsp": [9.766744613647461, 0.9054052829742432, 0.024297118186950684], "k_pid_vsp": [400.0, 382.7849426269531, 3.91520357131958]}, "datetime": {"datetime": "2025-08-14 00:19:57", "elapsed": 52325.1734149456, "delta": 31.29031753540039}, "costs": {"total_cost": 1197.6303380599272, "time_cost": 150, "final_distance_cost": 86.97205640401927, "oscillation_cost": 43.67065906215624, "completition_cost": 777.7777777777778, "overshoot_cost": 72.84662975267074, "power_cost": 32.902321801757815, "noise_cost": 33.460893261545344, "n_waypoints_completed": 2, "tot_waypoints": 9}}
{"target": -1176.047731730996, "params": {"k_pid_pos": [0.03399421647191048, 0.02417615056037903, 0.033308833837509155], "k_pid_alt": [0.0, 1.0, 0.972267746925354], "k_pid_att": [100.0, 9.999999747378752e-05, 0.9880235195159912], "k_pid_yaw": [0.5, 1e-06, 0.1], "k_pid_hsp": [9.781485557556152, 0.8784035444259644, 0.0013830065727233887], "k_pid_vsp": [400.0, 397.8066101074219, 49.7328987121582]}, "datetime": {"datetime": "2025-08-14 00:20:29", "elapsed": 52357.38813853264, "delta": 32.21472358703613}, "costs": {"total_cost": 1176.047731730996, "time_cost": 150, "final_distance_cost": 88.58742989511848, "oscillation_cost": 22.782634729786153, "completition_cost": 777.7777777777778, "overshoot_cost": 82.77399210937455, "power_cost": 27.10763854980469, "noise_cost": 27.018258669134116, "n_waypoints_completed": 2, "tot_waypoints": 9}}
{"target": -1870.9509726071585, "params": {"k_pid_pos": [0.046339746564626694, 0.0811382532119751, 0.0058536529541015625], "k_pid_alt": [0.0, 0.999971330165863, 0.9885995388031006], "k_pid_att": [99.99964141845703, 9.999999747378752e-05, 0.9823318719863892], "k_pid_yaw": [0.5, 1e-06, 0.1], "k_pid_hsp": [9.790755271911621, 0.9957876205444336, 0.1023416817188263], "k_pid_vsp": [400.0, 376.76812744140625, 73.3817367553711]}, "datetime": {"datetime": "2025-08-14 00:21:00", "elapsed": 52388.30533742905, "delta": 30.91719889640808}, "costs": {"total_cost": 1870.9509726071585, "time_cost": 150, "final_distance_cost": 84.93170190988393, "oscillation_cost": 740.00490863658, "completition_cost": 777.7777777777778, "overshoot_cost": 62.77708816241995, "power_cost": 29.915683154296875, "noise_cost": 25.54381296619993, "n_waypoints_completed": 2, "tot_waypoints": 9}}
{"target": -1253.2719203183105, "params": {"k_pid_pos": [0.010536907240748405, 0.005181670188903809, 0.03657311201095581], "k_pid_alt": [0.0, 1.0, 0.9130052924156189], "k_pid_att": [100.0, 9.999999747378752e-05, 0.9745060205459595], "k_pid_yaw": [0.5, 1e-06, 0.1], "k_pid_hsp": [9.707881927490234, 0.9983092546463013, 0.004900515079498291], "k_pid_vsp": [400.0, 396.54705810546875, 0.3408084511756897]}, "datetime": {"datetime": "2025-08-14 00:21:29", "elapsed": 52417.8852250576, "delta": 29.579887628555298}, "costs": {"total_cost": 1253.2719203183105, "time_cost": 150, "final_distance_cost": 49.73008502723087, "oscillation_cost": 37.78921215545348, "completition_cost": 888.8888888888888, "overshoot_cost": 79.56109711400082, "power_cost": 18.667554357910156, "noise_cost": 28.63508277482626, "n_waypoints_completed": 1, "tot_waypoints": 9}}
{"target": -1076.6926088244554, "params": {"k_pid_pos": [0.1078394278883934, 0.0017158687114715576, 0.002756088972091675], "k_pid_alt": [0.0, 1.0, 0.9791527986526489], "k_pid_att": [100.0, 9.999999747378752e-05, 0.9908014535903931], "k_pid_yaw": [0.5, 1e-06, 0.1], "k_pid_hsp": [9.264345169067383, 0.9939286708831787, 0.04492560029029846], "k_pid_vsp": [400.0, 393.6902160644531, 16.541017532348633]}, "datetime": {"datetime": "2025-08-14 00:21:58", "elapsed": 52446.83169913292, "delta": 28.946474075317383}, "costs": {"total_cost": 1076.6926088244554, "time_cost": 150, "final_distance_cost": 52.54300757329682, "oscillation_cost": 82.61004795907084, "completition_cost": 666.6666666666667, "overshoot_cost": 67.26560463841291, "power_cost": 27.749688549804688, "noise_cost": 29.857593437203406, "n_waypoints_completed": 3, "tot_waypoints": 9}}
{"target": -1022.580927633284, "params": {"k_pid_pos": [0.12151288241147995, 0.0030351579189300537, 0.010776638984680176], "k_pid_alt": [0.0, 1.0, 0.9004497528076172], "k_pid_att": [11.276716232299805, 9.999999747378752e-05, 0.9936522841453552], "k_pid_yaw": [0.5, 1e-06, 0.1], "k_pid_hsp": [9.931093215942383, 0.8874051570892334, 0.014908432960510254], "k_pid_vsp": [400.0, 386.641845703125, 17.194320678710938]}, "datetime": {"datetime": "2025-08-14 00:22:29", "elapsed": 52477.96450328827, "delta": 31.13280415534973}, "costs": {"total_cost": 1022.580927633284, "time_cost": 150, "final_distance_cost": 52.32678525698219, "oscillation_cost": 45.309257682200176, "completition_cost": 666.6666666666667, "overshoot_cost": 65.3677456263152, "power_cost": 16.334839416503907, "noise_cost": 26.57563298461571, "n_waypoints_completed": 3, "tot_waypoints": 9}}
{"target": -1317.328299502475, "params": {"k_pid_pos": [0.019072461873292923, 0.011697769165039062, 0.007622122764587402], "k_pid_alt": [0.015805840492248535, 1.0, 0.8635377883911133], "k_pid_att": [100.0, 9.999999747378752e-05, 0.948818027973175], "k_pid_yaw": [0.5, 1e-06, 0.1], "k_pid_hsp": [9.74799633026123, 0.948980450630188, 0.06747889518737793], "k_pid_vsp": [400.0, 398.4961242675781, 1.5131006240844727]}, "datetime": {"datetime": "2025-08-14 00:22:59", "elapsed": 52507.81460189819, "delta": 29.850098609924316}, "costs": {"total_cost": 1317.328299502475, "time_cost": 150, "final_distance_cost": 61.343663257925584, "oscillation_cost": 86.1627122414818, "completition_cost": 888.8888888888888, "overshoot_cost": 79.59166723520639, "power_cost": 24.566669958496096, "noise_cost": 26.77469792047616, "n_waypoints_completed": 1, "tot_waypoints": 9}}
{"target": -1113.518811178695, "params": {"k_pid_pos": [0.06776678562164307, 0.02898368239402771, 0.01375916600227356], "k_pid_alt": [0.0, 0.7270638942718506, 0.9507030248641968], "k_pid_att": [100.0, 9.999999747378752e-05, 0.9776108264923096], "k_pid_yaw": [0.5, 1e-06, 0.1], "k_pid_hsp": [9.827192306518555, 0.9702497720718384, 0.010318279266357422], "k_pid_vsp": [400.0, 380.9358825683594, 2.1505961418151855]}, "datetime": {"datetime": "2025-08-14 00:23:30", "elapsed": 52538.81727933884, "delta": 31.00267744064331}, "costs": {"total_cost": 1113.518811178695, "time_cost": 150, "final_distance_cost": 53.30738225224477, "oscillation_cost": 100.82479835584967, "completition_cost": 666.6666666666667, "overshoot_cost": 79.40859393115217, "power_cost": 29.14892829589844, "noise_cost": 34.162441676883155, "n_waypoints_completed": 3, "tot_waypoints": 9}}
{"target": -1313.9308534456577, "params": {"k_pid_pos": [0.014333056285977364, 0.033339112997055054, 0.09131437540054321], "k_pid_alt": [0.0, 1.0, 0.9903447031974792], "k_pid_att": [100.0, 9.999999747378752e-05, 0.9888977408409119], "k_pid_yaw": [0.5, 1e-06, 0.1], "k_pid_hsp": [9.597147941589355, 0.9820826053619385, 0.020713865756988525], "k_pid_vsp": [400.0, 391.4261474609375, 19.98391342163086]}, "datetime": {"datetime": "2025-08-14 00:24:00", "elapsed": 52568.2727022171, "delta": 29.45542287826538}, "costs": {"total_cost": 1313.9308534456577, "time_cost": 150, "final_distance_cost": 71.62549633740188, "oscillation_cost": 52.13603265155867, "completition_cost": 888.8888888888888, "overshoot_cost": 82.74530778816195, "power_cost": 36.631512890625004, "noise_cost": 31.903614889021433, "n_waypoints_completed": 1, "tot_waypoints": 9}}
{"target": -1196.2114803307688, "params": {"k_pid_pos": [0.15656009316444397, 0.15124163031578064, 0.004685699939727783], "k_pid_alt": [4.0531158447265625e-06, 0.9999959468841553, 0.9349498748779297], "k_pid_att": [0.3840118646621704, 9.999999747378752e-05, 0.9055287837982178], "k_pid_yaw": [0.5, 1e-06, 0.1], "k_pid_hsp": [9.879154205322266, 0.993939995765686, 0.017339348793029785], "k_pid_vsp": [400.0, 367.7914123535156, 31.02128791809082]}, "datetime": {"datetime": "2025-08-14 00:24:30", "elapsed": 52598.78063726425, "delta": 30.507935047149658}, "costs": {"total_cost": 1196.2114803307688, "time_cost": 150, "final_distance_cost": 95.77052235803794, "oscillation_cost": 39.54395242033064, "completition_cost": 777.7777777777778, "overshoot_cost": 65.15386548593578, "power_cost": 35.82173603515625, "noise_cost": 32.143626253530655, "n_waypoints_completed": 2, "tot_waypoints": 9}}
{"target": -1345.1602131262348, "params": {"k_pid_pos": [0.005534598603844643, 0.017680883407592773, 0.03701010346412659], "k_pid_alt": [0.0, 0.6113212704658508, 0.9401845335960388], "k_pid_att": [100.0, 0.00010029802069766447, 0.9580098390579224], "k_pid_yaw": [0.5, 1e-06, 0.1], "k_pid_hsp": [9.957836151123047, 0.9697120189666748, 0.02746713161468506], "k_pid_vsp": [400.0, 395.1695556640625, 16.783679962158203]}, "datetime": {"datetime": "2025-08-14 00:25:01", "elapsed": 52629.34308171272, "delta": 30.56244444847107}, "costs": {"total_cost": 1345.1602131262348, "time_cost": 150, "final_distance_cost": 54.3029400470214, "oscillation_cost": 96.00697542800691, "completition_cost": 888.8888888888888, "overshoot_cost": 108.97710782026739, "power_cost": 21.612972973632814, "noise_cost": 25.371327968417418, "n_waypoints_completed": 1, "tot_waypoints": 9}}
