{"target": -1595.0252994084847, "params": {"k_pid_pos": [0.1384553164243698, 0.5069674253463745, 0.02799123525619507], "k_pid_alt": [3.5762786865234375e-07, 1.0, 0.9938789010047913], "k_pid_att": [100.0, 0.14842407405376434, 0.9881267547607422], "k_pid_yaw": [0.5, 1e-06, 0.1], "k_pid_hsp": [6.363393306732178, 0.835032045841217, 0.21166005730628967], "k_pid_vsp": [400.0, 398.11968994140625, 9.940922737121582]}, "datetime": {"datetime": "2025-08-13 16:35:17", "elapsed": 24446.004952669144, "delta": 31.02878713607788}, "costs": {"total_cost": 1595.0252994084847, "time_cost": 150, "final_distance_cost": 94.92110949081811, "oscillation_cost": 458.2787420143776, "completition_cost": 777.7777777777778, "overshoot_cost": 48.33676507853852, "power_cost": 36.54462087402344, "noise_cost": 29.166284172949254, "n_waypoints_completed": 2, "tot_waypoints": 9}}
{"target": -552.0415485377639, "params": {"k_pid_pos": [0.26801779866218567, 0.03212115168571472, 0.11208915710449219], "k_pid_alt": [0.0, 0.997819185256958, 0.9564687013626099], "k_pid_att": [99.99967956542969, 9.999999747378752e-05, 0.9597224593162537], "k_pid_yaw": [0.5, 1e-06, 0.1], "k_pid_hsp": [9.721285820007324, 0.9761807322502136, 0.006265908479690552], "k_pid_vsp": [399.99951171875, 268.15728759765625, 13.400973320007324]}, "datetime": {"datetime": "2025-08-13 16:35:50", "elapsed": 24478.42326235771, "delta": 32.418309688568115}, "costs": {"total_cost": 552.0415485377639, "time_cost": 150, "final_distance_cost": 65.23382915965577, "oscillation_cost": 101.66102882422881, "completition_cost": 111.11111111111116, "overshoot_cost": 65.98028974400287, "power_cost": 28.58312312011719, "noise_cost": 29.47216657864802, "n_waypoints_completed": 8, "tot_waypoints": 9}}
{"target": -1457.0018068019137, "params": {"k_pid_pos": [0.17783722281455994, 0.01877957582473755, 0.03031778335571289], "k_pid_alt": [0.0004254579544067383, 0.0008057355880737305, 0.9542112350463867], "k_pid_att": [100.0, 9.999999747378752e-05, 0.6000230312347412], "k_pid_yaw": [0.5, 1e-06, 0.1], "k_pid_hsp": [9.830514907836914, 0.9423117637634277, 0.017533987760543823], "k_pid_vsp": [399.9913635253906, 380.8970031738281, 4.7590861320495605]}, "datetime": {"datetime": "2025-08-13 16:36:21", "elapsed": 24509.668230056763, "delta": 31.244967699050903}, "costs": {"total_cost": 1457.0018068019137, "time_cost": 150, "final_distance_cost": 3.4913311438337606, "oscillation_cost": 25.91908055664801, "completition_cost": 1000.0, "overshoot_cost": 157.1495971989573, "power_cost": 27.361530590820315, "noise_cost": 93.08026731165425, "n_waypoints_completed": 0, "tot_waypoints": 9}}
{"target": -1351.27741745795, "params": {"k_pid_pos": [0.2035035490989685, 0.29112178087234497, 0.035209715366363525], "k_pid_alt": [0.3118554353713989, 1.0, 0.882107138633728], "k_pid_att": [0.06508231163024902, 9.999999747378752e-05, 0.9198897480964661], "k_pid_yaw": [0.5, 1e-06, 0.1], "k_pid_hsp": [9.954285621643066, 0.6615449786186218, 0.019433706998825073], "k_pid_vsp": [400.0, 351.7123718261719, 21.500566482543945]}, "datetime": {"datetime": "2025-08-13 16:36:52", "elapsed": 24540.889350652695, "delta": 31.221120595932007}, "costs": {"total_cost": 1351.27741745795, "time_cost": 150, "final_distance_cost": 48.06961397381314, "oscillation_cost": 11.311690024736375, "completition_cost": 1000.0, "overshoot_cost": 84.75459416328653, "power_cost": 30.123106970214845, "noise_cost": 27.018412325898847, "n_waypoints_completed": 0, "tot_waypoints": 9}}
{"target": -1113.5671332086986, "params": {"k_pid_pos": [0.03061855584383011, 0.07239639759063721, 0.08960825204849243], "k_pid_alt": [0.0017572641372680664, 0.9833836555480957, 0.9022845029830933], "k_pid_att": [99.99951171875, 9.999999747378752e-05, 0.9781875610351562], "k_pid_yaw": [0.5, 1e-06, 0.1], "k_pid_hsp": [9.045193672180176, 0.9760525226593018, 0.02465692162513733], "k_pid_vsp": [400.0, 396.7919006347656, 27.673973083496094]}, "datetime": {"datetime": "2025-08-13 16:37:25", "elapsed": 24573.93464946747, "delta": 33.04529881477356}, "costs": {"total_cost": 1113.5671332086986, "time_cost": 150, "final_distance_cost": 68.2714550081954, "oscillation_cost": 76.80317418920207, "completition_cost": 666.6666666666667, "overshoot_cost": 92.74804372092643, "power_cost": 30.57764892578125, "noise_cost": 28.500144697926842, "n_waypoints_completed": 3, "tot_waypoints": 9}}
{"target": -1081.8764388979791, "params": {"k_pid_pos": [0.08059681951999664, 0.0327947735786438, 0.04602682590484619], "k_pid_alt": [0.0002211928367614746, 0.06814560294151306, 0.9721078276634216], "k_pid_att": [100.0, 0.00010357623978052288, 0.9929845333099365], "k_pid_yaw": [0.5, 1e-06, 0.1], "k_pid_hsp": [9.952777862548828, 0.9941431283950806, 0.02655494213104248], "k_pid_vsp": [400.0, 394.2381286621094, 18.52871322631836]}, "datetime": {"datetime": "2025-08-13 16:37:57", "elapsed": 24605.17422747612, "delta": 31.239578008651733}, "costs": {"total_cost": 1081.8764388979791, "time_cost": 150, "final_distance_cost": 65.2544604657228, "oscillation_cost": 60.075172741161175, "completition_cost": 666.6666666666667, "overshoot_cost": 76.97123349351348, "power_cost": 32.23124020996094, "noise_cost": 30.67766532095402, "n_waypoints_completed": 3, "tot_waypoints": 9}}
{"target": -286.08493434438685, "params": {"k_pid_pos": [0.3492954671382904, 0.05330765247344971, 0.05545148253440857], "k_pid_alt": [0.9159544706344604, 0.9999999403953552, 0.9708714485168457], "k_pid_att": [100.0, 9.999999747378752e-05, 0.9510138034820557], "k_pid_yaw": [0.5, 1e-06, 0.1], "k_pid_hsp": [9.50327205657959, 0.9881226420402527, 0.0011575818061828613], "k_pid_vsp": [395.8355712890625, 379.11981201171875, 23.835779190063477]}, "datetime": {"datetime": "2025-08-13 16:38:22", "elapsed": 24630.833972215652, "delta": 25.65974473953247}, "costs": {"total_cost": 286.08493434438685, "time_cost": 96.48100000000001, "final_distance_cost": 1.8284128427603281, "oscillation_cost": 82.97986495110182, "completition_cost": 0.0, "overshoot_cost": 58.03058702644856, "power_cost": 22.600345532226562, "noise_cost": 24.164723991849602, "n_waypoints_completed": 9, "tot_waypoints": 9}}
{"target": -1559.3019015062455, "params": {"k_pid_pos": [0.7429909110069275, 0.1904982328414917, 0.04144144058227539], "k_pid_alt": [0.0, 1.0, 0.8095695972442627], "k_pid_att": [100.0, 0.00010417227895231918, 0.9766207337379456], "k_pid_yaw": [0.5, 1e-06, 0.1], "k_pid_hsp": [9.768789291381836, 0.8662317991256714, 0.028103262186050415], "k_pid_vsp": [0.00013113021850585938, 381.27398681640625, 3.2811412811279297]}, "datetime": {"datetime": "2025-08-13 16:38:55", "elapsed": 24663.972048044205, "delta": 33.138075828552246}, "costs": {"total_cost": 1559.3019015062455, "time_cost": 150, "final_distance_cost": 212.270742676584, "oscillation_cost": 429.2221782921913, "completition_cost": 555.5555555555555, "overshoot_cost": 158.99849905175932, "power_cost": 27.732784350585938, "noise_cost": 25.522141579569222, "n_waypoints_completed": 4, "tot_waypoints": 9}}
{"target": -531.2716138704982, "params": {"k_pid_pos": [0.11685781180858612, 0.27709975838661194, 0.09633234143257141], "k_pid_alt": [1.9984551668167114, 1.0, 0.9783008098602295], "k_pid_att": [100.0, 0.0008867734577506781, 0.9637171030044556], "k_pid_yaw": [0.5, 1e-06, 0.1], "k_pid_hsp": [8.998019218444824, 0.991887092590332, 0.010761111974716187], "k_pid_vsp": [400.0, 392.07763671875, 45.72248458862305]}, "datetime": {"datetime": "2025-08-13 16:39:33", "elapsed": 24701.75923013687, "delta": 37.787182092666626}, "costs": {"total_cost": 531.2716138704982, "time_cost": 150, "final_distance_cost": 66.08693772478247, "oscillation_cost": 88.96405028857261, "completition_cost": 111.11111111111116, "overshoot_cost": 56.58789398467973, "power_cost": 29.93903210449219, "noise_cost": 28.582588656859986, "n_waypoints_completed": 8, "tot_waypoints": 9}}
{"target": -1571.7090053575682, "params": {"k_pid_pos": [1.1116951704025269, 0.24322432279586792, 0.033251047134399414], "k_pid_alt": [2.562999725341797e-06, 0.00012683868408203125, 0.9739055633544922], "k_pid_att": [100.0, 0.00010029802069766447, 0.9651607275009155], "k_pid_yaw": [0.5, 1e-06, 0.1], "k_pid_hsp": [9.658319473266602, 0.9672211408615112, 0.046774834394454956], "k_pid_vsp": [400.0, 368.2648620605469, 16.087438583374023]}, "datetime": {"datetime": "2025-08-13 16:40:13", "elapsed": 24741.81068301201, "delta": 40.05145287513733}, "costs": {"total_cost": 1571.7090053575682, "time_cost": 150, "final_distance_cost": 0.3890384942322007, "oscillation_cost": 115.52303874290973, "completition_cost": 1000.0, "overshoot_cost": 162.18842718253666, "power_cost": 28.227306933593752, "noise_cost": 115.38119400429575, "n_waypoints_completed": 0, "tot_waypoints": 9}}
{"target": -721.1421525719821, "params": {"k_pid_pos": [0.1092204600572586, 0.07543832063674927, 0.020105719566345215], "k_pid_alt": [1.988187313079834, 0.9999984502792358, 0.9217014908790588], "k_pid_att": [99.99990844726562, 9.999999747378752e-05, 0.9591851234436035], "k_pid_yaw": [0.5, 1e-06, 0.1], "k_pid_hsp": [9.742387771606445, 0.986095666885376, 0.07382580637931824], "k_pid_vsp": [399.9999694824219, 354.8047180175781, 0.7957349419593811]}, "datetime": {"datetime": "2025-08-13 16:40:46", "elapsed": 24774.898386240005, "delta": 33.087703227996826}, "costs": {"total_cost": 721.1421525719821, "time_cost": 150, "final_distance_cost": 67.52154651641638, "oscillation_cost": 153.902605312832, "completition_cost": 222.2222222222222, "overshoot_cost": 62.44481798238959, "power_cost": 33.234354931640624, "noise_cost": 31.816605606481303, "n_waypoints_completed": 7, "tot_waypoints": 9}}
{"target": -962.5041691858543, "params": {"k_pid_pos": [0.18702632188796997, 0.005832493305206299, 0.02509656548500061], "k_pid_alt": [0.0, 1.0, 0.946649432182312], "k_pid_att": [100.0, 0.00010029802069766447, 0.9473943114280701], "k_pid_yaw": [0.5, 1e-06, 0.1], "k_pid_hsp": [8.892311096191406, 0.9920692443847656, 0.023569077253341675], "k_pid_vsp": [399.9986877441406, 384.4397888183594, 3.2991180419921875]}, "datetime": {"datetime": "2025-08-13 16:41:19", "elapsed": 24807.120819568634, "delta": 32.22243332862854}, "costs": {"total_cost": 962.5041691858543, "time_cost": 150, "final_distance_cost": 52.79747264420233, "oscillation_cost": 198.37542009768413, "completition_cost": 444.4444444444444, "overshoot_cost": 64.27653292043495, "power_cost": 22.473199035644534, "noise_cost": 30.137100043444004, "n_waypoints_completed": 5, "tot_waypoints": 9}}
{"target": -989.2963297954541, "params": {"k_pid_pos": [0.20190706849098206, 0.5094115734100342, 0.03280004858970642], "k_pid_alt": [0.0, 0.9999094009399414, 0.9442105293273926], "k_pid_att": [100.0, 0.0002120556018780917, 0.9293134212493896], "k_pid_yaw": [0.5, 1e-06, 0.1], "k_pid_hsp": [9.617846488952637, 0.9207344055175781, 0.018117517232894897], "k_pid_vsp": [400.0, 395.71282958984375, 6.625474452972412]}, "datetime": {"datetime": "2025-08-13 16:41:50", "elapsed": 24838.82707476616, "delta": 31.706255197525024}, "costs": {"total_cost": 989.2963297954541, "time_cost": 150, "final_distance_cost": 45.58563120154819, "oscillation_cost": 128.90343619009826, "completition_cost": 555.5555555555555, "overshoot_cost": 55.91992464703406, "power_cost": 23.467492309570314, "noise_cost": 29.864289891647825, "n_waypoints_completed": 4, "tot_waypoints": 9}}
{"target": -1519.5633287287615, "params": {"k_pid_pos": [0.012121535837650299, 0.22568708658218384, 0.06149205565452576], "k_pid_alt": [0.0, 2.282857894897461e-05, 0.9143199920654297], "k_pid_att": [100.0, 9.999999747378752e-05, 0.8878836631774902], "k_pid_yaw": [0.5, 1e-06, 0.1], "k_pid_hsp": [9.6259765625, 0.984862208366394, 0.02200046181678772], "k_pid_vsp": [0.5962252616882324, 276.6462097167969, 27.042509078979492]}, "datetime": {"datetime": "2025-08-13 16:42:25", "elapsed": 24873.460368156433, "delta": 34.63329339027405}, "costs": {"total_cost": 1519.5633287287615, "time_cost": 150, "final_distance_cost": 0.9433704698711117, "oscillation_cost": 65.84537457762254, "completition_cost": 1000.0, "overshoot_cost": 162.8404130785693, "power_cost": 24.04136619873047, "noise_cost": 115.89280440396803, "n_waypoints_completed": 0, "tot_waypoints": 9}}
{"target": -1493.5342230494261, "params": {"k_pid_pos": [0.24699869751930237, 0.008611828088760376, 0.05707746744155884], "k_pid_alt": [0.0, 0.0003904104232788086, 0.8620402812957764], "k_pid_att": [64.88883972167969, 9.998531341552734, 0.9514992237091064], "k_pid_yaw": [0.5, 1e-06, 0.1], "k_pid_hsp": [9.659016609191895, 0.9214547872543335, 0.007866650819778442], "k_pid_vsp": [197.01637268066406, 397.46319580078125, 193.24375915527344]}, "datetime": {"datetime": "2025-08-13 16:42:58", "elapsed": 24906.99354839325, "delta": 33.533180236816406}, "costs": {"total_cost": 1493.5342230494261, "time_cost": 150, "final_distance_cost": 0.9999140182207036, "oscillation_cost": 25.875867426167407, "completition_cost": 1000.0, "overshoot_cost": 162.86288562898835, "power_cost": 30.921479296875003, "noise_cost": 122.87407667917454, "n_waypoints_completed": 0, "tot_waypoints": 9}}
{"target": -1186.7668579397987, "params": {"k_pid_pos": [0.006547529250383377, 0.33259260654449463, 0.1125066876411438], "k_pid_alt": [0.0, 0.9999741315841675, 0.9742748737335205], "k_pid_att": [2.62516450881958, 9.999999747378752e-05, 0.9820996522903442], "k_pid_yaw": [0.5, 1e-06, 0.1], "k_pid_hsp": [9.605023384094238, 0.9686036705970764, 0.010260343551635742], "k_pid_vsp": [400.0, 396.21978759765625, 12.34129810333252]}, "datetime": {"datetime": "2025-08-13 16:43:32", "elapsed": 24940.180083990097, "delta": 33.186535596847534}, "costs": {"total_cost": 1186.7668579397987, "time_cost": 150, "final_distance_cost": 83.422015121799, "oscillation_cost": 49.19228048465945, "completition_cost": 777.7777777777778, "overshoot_cost": 65.15907176416754, "power_cost": 32.03911979980469, "noise_cost": 29.176592991590237, "n_waypoints_completed": 2, "tot_waypoints": 9}}
{"target": -1573.6667671733392, "params": {"k_pid_pos": [0.0761876031756401, 0.02305176854133606, 0.06156948208808899], "k_pid_alt": [0.967377781867981, 1.0, 0.8755425214767456], "k_pid_att": [100.0, 9.999999747378752e-05, 0.9873400926589966], "k_pid_yaw": [0.5, 1e-06, 0.1], "k_pid_hsp": [9.26206111907959, 0.9940372109413147, 0.11776569485664368], "k_pid_vsp": [400.0, 387.3140869140625, 4.093373775482178]}, "datetime": {"datetime": "2025-08-13 16:44:07", "elapsed": 24975.661523342133, "delta": 35.48143935203552}, "costs": {"total_cost": 1573.6667671733392, "time_cost": 150, "final_distance_cost": 55.65474170903328, "oscillation_cost": 573.6689520358522, "completition_cost": 666.6666666666667, "overshoot_cost": 66.83053658473602, "power_cost": 31.535797766113284, "noise_cost": 29.31007241093782, "n_waypoints_completed": 3, "tot_waypoints": 9}}
{"target": -1364.5369671242822, "params": {"k_pid_pos": [0.2041478455066681, 0.04505172371864319, 0.10670274496078491], "k_pid_alt": [0.023238837718963623, 5.960464477539063e-08, 0.8955378532409668], "k_pid_att": [100.0, 0.00010327821655664593, 0.9907776117324829], "k_pid_yaw": [0.5, 1e-06, 0.1], "k_pid_hsp": [9.701493263244629, 0.9758139848709106, 0.025101006031036377], "k_pid_vsp": [400.0, 332.475341796875, 5.049181938171387]}, "datetime": {"datetime": "2025-08-13 16:44:48", "elapsed": 25017.019215106964, "delta": 41.35769176483154}, "costs": {"total_cost": 1364.5369671242822, "time_cost": 150, "final_distance_cost": 35.57817671733219, "oscillation_cost": 24.281464445621044, "completition_cost": 1000.0, "overshoot_cost": 83.28884971128915, "power_cost": 34.65966926269532, "noise_cost": 36.72880698734433, "n_waypoints_completed": 0, "tot_waypoints": 9}}
{"target": -1349.3035028811935, "params": {"k_pid_pos": [0.00960211455821991, 0.44122785329818726, 0.02934357523918152], "k_pid_alt": [0.0, 1.0, 0.9713711738586426], "k_pid_att": [1.757916808128357, 9.999999747378752e-05, 0.9477826356887817], "k_pid_yaw": [0.5, 1e-06, 0.1], "k_pid_hsp": [9.965304374694824, 0.9123317003250122, 0.016075879335403442], "k_pid_vsp": [399.9983215332031, 377.3583984375, 35.614871978759766]}, "datetime": {"datetime": "2025-08-13 16:45:22", "elapsed": 25050.350695610046, "delta": 33.331480503082275}, "costs": {"total_cost": 1349.3035028811935, "time_cost": 150, "final_distance_cost": 42.7201235317959, "oscillation_cost": 64.87369657922963, "completition_cost": 1000.0, "overshoot_cost": 39.14639262300193, "power_cost": 26.87794909667969, "noise_cost": 25.685341050486482, "n_waypoints_completed": 0, "tot_waypoints": 9}}
{"target": -1219.2532078300203, "params": {"k_pid_pos": [0.020906463265419006, 0.05466142296791077, 0.022230476140975952], "k_pid_alt": [0.0, 1.0, 0.9882321357727051], "k_pid_att": [99.94023132324219, 9.999999747378752e-05, 0.9963821172714233], "k_pid_yaw": [0.5, 1e-06, 0.1], "k_pid_hsp": [9.458052635192871, 0.9093017578125, 0.024510324001312256], "k_pid_vsp": [304.5517883300781, 353.41595458984375, 4.311419486999512]}, "datetime": {"datetime": "2025-08-13 16:45:56", "elapsed": 25084.23827600479, "delta": 33.88758039474487}, "costs": {"total_cost": 1219.2532078300203, "time_cost": 150, "final_distance_cost": 86.28772496225979, "oscillation_cost": 62.81544851950516, "completition_cost": 777.7777777777778, "overshoot_cost": 88.12339654129883, "power_cost": 24.3582662109375, "noise_cost": 29.890593818241157, "n_waypoints_completed": 2, "tot_waypoints": 9}}
{"target": -1645.583220991847, "params": {"k_pid_pos": [0.1105458214879036, 0.08631163835525513, 0.014303028583526611], "k_pid_alt": [0.005502581596374512, 1.0, 0.7908018231391907], "k_pid_att": [99.99999237060547, 9.999999747378752e-05, 0.763555645942688], "k_pid_yaw": [0.5, 1e-06, 0.1], "k_pid_hsp": [9.706372261047363, 0.980522632598877, 0.08742904663085938], "k_pid_vsp": [390.95880126953125, 369.3681945800781, 18.270626068115234]}, "datetime": {"datetime": "2025-08-13 16:46:28", "elapsed": 25116.75769495964, "delta": 32.51941895484924}, "costs": {"total_cost": 1645.583220991847, "time_cost": 150, "final_distance_cost": 55.80477498592399, "oscillation_cost": 758.7202927164321, "completition_cost": 555.5555555555555, "overshoot_cost": 66.86439787966157, "power_cost": 30.20411608886719, "noise_cost": 28.43408376540648, "n_waypoints_completed": 4, "tot_waypoints": 9}}
{"target": -887.009009515872, "params": {"k_pid_pos": [0.16546416282653809, 0.08308732509613037, 0.046876609325408936], "k_pid_alt": [0.0, 0.9999005794525146, 0.9807794094085693], "k_pid_att": [100.0, 9.999999747378752e-05, 0.96337890625], "k_pid_yaw": [0.5, 1e-06, 0.1], "k_pid_hsp": [7.504199028015137, 0.9685544967651367, 0.015884816646575928], "k_pid_vsp": [400.0, 394.3246154785156, 8.613741874694824]}, "datetime": {"datetime": "2025-08-13 16:47:03", "elapsed": 25151.55137681961, "delta": 34.79368185997009}, "costs": {"total_cost": 887.009009515872, "time_cost": 150, "final_distance_cost": 55.68805065834331, "oscillation_cost": 122.21916869007704, "completition_cost": 444.4444444444444, "overshoot_cost": 61.31259942627844, "power_cost": 22.739900317382812, "noise_cost": 30.604845979346035, "n_waypoints_completed": 5, "tot_waypoints": 9}}
{"target": -1272.4394798650496, "params": {"k_pid_pos": [0.019727423787117004, 0.015252441167831421, 0.028121590614318848], "k_pid_alt": [0.0, 0.9919172525405884, 0.8603763580322266], "k_pid_att": [100.0, 9.999999747378752e-05, 0.9792516231536865], "k_pid_yaw": [0.5, 1e-06, 0.1], "k_pid_hsp": [8.879471778869629, 0.8964449167251587, 0.018037229776382446], "k_pid_vsp": [399.9990539550781, 376.2599792480469, 3.653384208679199]}, "datetime": {"datetime": "2025-08-13 16:47:34", "elapsed": 25182.486166715622, "delta": 30.934789896011353}, "costs": {"total_cost": 1272.4394798650496, "time_cost": 150, "final_distance_cost": 63.246647794660596, "oscillation_cost": 35.55396498492002, "completition_cost": 888.8888888888888, "overshoot_cost": 78.75026193825896, "power_cost": 24.961523010253906, "noise_cost": 31.038193248067465, "n_waypoints_completed": 1, "tot_waypoints": 9}}
{"target": -1191.7859652645952, "params": {"k_pid_pos": [0.05465507507324219, 0.2232077717781067, 0.022585690021514893], "k_pid_alt": [3.516674041748047e-06, 1.0, 0.9693813323974609], "k_pid_att": [100.0, 9.999999747378752e-05, 0.8842524290084839], "k_pid_yaw": [0.5, 1e-06, 0.1], "k_pid_hsp": [9.826501846313477, 0.9756300449371338, 0.02387446165084839], "k_pid_vsp": [400.0, 376.0497741699219, 13.065852165222168]}, "datetime": {"datetime": "2025-08-13 16:48:05", "elapsed": 25213.55455517769, "delta": 31.06838846206665}, "costs": {"total_cost": 1191.7859652645952, "time_cost": 150, "final_distance_cost": 93.26680154588932, "oscillation_cost": 62.024219196801155, "completition_cost": 777.7777777777778, "overshoot_cost": 54.146622588768835, "power_cost": 26.538443188476563, "noise_cost": 28.03210096688133, "n_waypoints_completed": 2, "tot_waypoints": 9}}
{"target": -1410.1434720247735, "params": {"k_pid_pos": [0.07637159526348114, 0.17634114623069763, 0.09892445802688599], "k_pid_alt": [1.4901161193847656e-06, 1.0, 0.966011643409729], "k_pid_att": [100.0, 9.999999747378752e-05, 0.7880764007568359], "k_pid_yaw": [0.5, 1e-06, 0.1], "k_pid_hsp": [8.727551460266113, 0.984641432762146, 0.04860243201255798], "k_pid_vsp": [399.9999694824219, 396.89764404296875, 8.003378868103027]}, "datetime": {"datetime": "2025-08-13 16:48:36", "elapsed": 25245.07446050644, "delta": 31.51990532875061}, "costs": {"total_cost": 1410.1434720247735, "time_cost": 150, "final_distance_cost": 52.02319202520438, "oscillation_cost": 421.86668944180644, "completition_cost": 666.6666666666667, "overshoot_cost": 64.9609941999447, "power_cost": 26.18310831298828, "noise_cost": 28.442821378162925, "n_waypoints_completed": 3, "tot_waypoints": 9}}
