{"target": -1217.4030279211775, "params": {"k_pid_pos": [0.014408035203814507, 0.03331145644187927, 0.0025811195373535156], "k_pid_alt": [0.02834981679916382, 1.0, 0.9775861501693726], "k_pid_att": [100.0, 9.999999747378752e-05, 0.9875571727752686], "k_pid_yaw": [0.5, 1e-06, 0.1], "k_pid_hsp": [9.747709274291992, 0.9899758100509644, 0.04835397005081177], "k_pid_vsp": [400.0, 392.4129638671875, 6.041015148162842]}, "datetime": {"datetime": "2025-08-13 22:43:18", "elapsed": 46526.56537890434, "delta": 30.228225231170654}, "costs": {"total_cost": 1217.4030279211775, "time_cost": 150, "final_distance_cost": 74.33442338768091, "oscillation_cost": 59.53167727905643, "completition_cost": 777.7777777777778, "overshoot_cost": 83.22613623785317, "power_cost": 38.62146533203125, "noise_cost": 33.91154790677795, "n_waypoints_completed": 2, "tot_waypoints": 9}}
{"target": -1315.7442990106708, "params": {"k_pid_pos": [0.01771199330687523, 0.022783100605010986, 0.08367544412612915], "k_pid_alt": [0.0, 0.9999662041664124, 0.9912055730819702], "k_pid_att": [100.0, 0.004840309731662273, 0.9544970989227295], "k_pid_yaw": [0.5, 1e-06, 0.1], "k_pid_hsp": [9.513490676879883, 0.9944928884506226, 0.04123017191886902], "k_pid_vsp": [399.9973449707031, 392.5401306152344, 4.359878063201904]}, "datetime": {"datetime": "2025-08-13 22:43:50", "elapsed": 46558.26881504059, "delta": 31.703436136245728}, "costs": {"total_cost": 1315.7442990106708, "time_cost": 150, "final_distance_cost": 70.30730609262343, "oscillation_cost": 61.50050900995651, "completition_cost": 888.8888888888888, "overshoot_cost": 80.40141661131682, "power_cost": 32.52476013183594, "noise_cost": 32.12141827604923, "n_waypoints_completed": 1, "tot_waypoints": 9}}
{"target": -1071.0411371818607, "params": {"k_pid_pos": [0.138203963637352, 0.002089202404022217, 0.04607406258583069], "k_pid_alt": [0.002257704734802246, 1.0, 0.9688599109649658], "k_pid_att": [100.0, 9.999999747378752e-05, 0.9814624786376953], "k_pid_yaw": [0.5, 1e-06, 0.1], "k_pid_hsp": [9.860527992248535, 0.9756639003753662, 0.05880919098854065], "k_pid_vsp": [399.8349304199219, 394.5607604980469, 1.1018047332763672]}, "datetime": {"datetime": "2025-08-13 22:44:20", "elapsed": 46588.573303222656, "delta": 30.30448818206787}, "costs": {"total_cost": 1071.0411371818607, "time_cost": 150, "final_distance_cost": 48.55125636971793, "oscillation_cost": 201.18870125911448, "completition_cost": 555.5555555555555, "overshoot_cost": 64.75615290622504, "power_cost": 22.868692236328126, "noise_cost": 28.12077885491954, "n_waypoints_completed": 4, "tot_waypoints": 9}}
{"target": -1265.5563030380563, "params": {"k_pid_pos": [0.020439008250832558, 0.10741448402404785, 0.027140647172927856], "k_pid_alt": [0.0, 1.0, 0.9288110136985779], "k_pid_att": [99.99999237060547, 9.999999747378752e-05, 0.9846881628036499], "k_pid_yaw": [0.5, 1e-06, 0.1], "k_pid_hsp": [9.836777687072754, 0.9876939058303833, 0.035518139600753784], "k_pid_vsp": [400.0, 376.2959289550781, 2.1366963386535645]}, "datetime": {"datetime": "2025-08-13 22:44:50", "elapsed": 46618.649581193924, "delta": 30.0762779712677}, "costs": {"total_cost": 1265.5563030380563, "time_cost": 150, "final_distance_cost": 48.331590687396165, "oscillation_cost": 77.0203766205617, "completition_cost": 888.8888888888888, "overshoot_cost": 45.44167886328956, "power_cost": 25.796733984375003, "noise_cost": 30.077033993545147, "n_waypoints_completed": 1, "tot_waypoints": 9}}
{"target": -1270.291707881401, "params": {"k_pid_pos": [0.01833125576376915, 0.013806283473968506, 0.017440080642700195], "k_pid_alt": [0.6049342751502991, 1.0, 0.9112623929977417], "k_pid_att": [100.0, 0.000125629740068689, 0.9991908073425293], "k_pid_yaw": [0.5, 1e-06, 0.1], "k_pid_hsp": [9.842426300048828, 0.9758729934692383, 0.021467924118041992], "k_pid_vsp": [397.8490295410156, 399.2865905761719, 17.146303176879883]}, "datetime": {"datetime": "2025-08-13 22:45:19", "elapsed": 46647.78761410713, "delta": 29.138032913208008}, "costs": {"total_cost": 1270.291707881401, "time_cost": 150, "final_distance_cost": 61.756801869486964, "oscillation_cost": 39.424245723107944, "completition_cost": 888.8888888888888, "overshoot_cost": 72.08303454636649, "power_cost": 29.350627563476564, "noise_cost": 28.788109290074306, "n_waypoints_completed": 1, "tot_waypoints": 9}}
{"target": -1018.3873841759315, "params": {"k_pid_pos": [0.13734319806098938, 0.02123895287513733, 0.012343764305114746], "k_pid_alt": [0.0, 1.0, 0.982987105846405], "k_pid_att": [100.0, 9.999999747378752e-05, 0.9948222041130066], "k_pid_yaw": [0.5, 1e-06, 0.1], "k_pid_hsp": [9.514506340026855, 0.9908900260925293, 0.0789446234703064], "k_pid_vsp": [400.0, 386.94366455078125, 1.453019142150879]}, "datetime": {"datetime": "2025-08-13 22:45:49", "elapsed": 46678.108790397644, "delta": 30.321176290512085}, "costs": {"total_cost": 1018.3873841759315, "time_cost": 150, "final_distance_cost": 50.91472471893037, "oscillation_cost": 354.57509422293253, "completition_cost": 333.33333333333337, "overshoot_cost": 70.29313262970213, "power_cost": 29.43369841308594, "noise_cost": 29.83740085794714, "n_waypoints_completed": 6, "tot_waypoints": 9}}
{"target": -1192.2597464144405, "params": {"k_pid_pos": [0.07719487696886063, 0.005167871713638306, 0.011388242244720459], "k_pid_alt": [0.0, 1.0, 0.9834083914756775], "k_pid_att": [100.0, 9.999999747378752e-05, 0.993837833404541], "k_pid_yaw": [0.5, 1e-06, 0.1], "k_pid_hsp": [9.931560516357422, 0.9781250357627869, 0.01034960150718689], "k_pid_vsp": [399.9975280761719, 387.8483581542969, 1.5258917808532715]}, "datetime": {"datetime": "2025-08-13 22:46:20", "elapsed": 46708.37878203392, "delta": 30.269991636276245}, "costs": {"total_cost": 1192.2597464144405, "time_cost": 150, "final_distance_cost": 96.39604517477437, "oscillation_cost": 51.25196224153946, "completition_cost": 777.7777777777778, "overshoot_cost": 62.18157065406571, "power_cost": 23.96223590087891, "noise_cost": 30.690154665404346, "n_waypoints_completed": 2, "tot_waypoints": 9}}
{"target": -923.7385221833307, "params": {"k_pid_pos": [0.1499190330505371, 0.014785021543502808, 0.022398054599761963], "k_pid_alt": [0.0, 1.0, 0.9776014089584351], "k_pid_att": [100.0, 9.999999747378752e-05, 0.99062180519104], "k_pid_yaw": [0.5, 1e-06, 0.1], "k_pid_hsp": [9.964324951171875, 0.9811125993728638, 0.015976548194885254], "k_pid_vsp": [399.62310791015625, 366.8724670410156, 2.3047337532043457]}, "datetime": {"datetime": "2025-08-13 22:46:50", "elapsed": 46738.3668320179, "delta": 29.98804998397827}, "costs": {"total_cost": 923.7385221833307, "time_cost": 150, "final_distance_cost": 45.989812131345474, "oscillation_cost": 147.51406807328038, "completition_cost": 444.4444444444444, "overshoot_cost": 67.86008749634195, "power_cost": 32.9089543334961, "noise_cost": 35.02115570442244, "n_waypoints_completed": 5, "tot_waypoints": 9}}
{"target": -1146.4053078073864, "params": {"k_pid_pos": [0.06293898820877075, 0.042894959449768066, 0.005346626043319702], "k_pid_alt": [0.0, 1.0, 0.9531620740890503], "k_pid_att": [100.0, 9.999999747378752e-05, 0.9917197227478027], "k_pid_yaw": [0.5, 1e-06, 0.1], "k_pid_hsp": [9.94499683380127, 0.8805466890335083, 0.019008338451385498], "k_pid_vsp": [399.97564697265625, 398.75994873046875, 0.4604707360267639]}, "datetime": {"datetime": "2025-08-13 22:47:19", "elapsed": 46767.424575567245, "delta": 29.057743549346924}, "costs": {"total_cost": 1146.4053078073864, "time_cost": 150, "final_distance_cost": 53.409280901334654, "oscillation_cost": 147.84125336992116, "completition_cost": 666.6666666666667, "overshoot_cost": 78.88484246718781, "power_cost": 19.933161206054688, "noise_cost": 29.67010319622131, "n_waypoints_completed": 3, "tot_waypoints": 9}}
{"target": -1231.9906923475444, "params": {"k_pid_pos": [0.01754111610352993, 0.08271652460098267, 0.025470346212387085], "k_pid_alt": [0.0, 1.0, 0.9839237332344055], "k_pid_att": [99.98298645019531, 0.00010208613821305335, 0.9408745765686035], "k_pid_yaw": [0.5, 1e-06, 0.1], "k_pid_hsp": [9.902482986450195, 0.9879744052886963, 0.02847421169281006], "k_pid_vsp": [398.63677978515625, 387.0553283691406, 4.798627853393555]}, "datetime": {"datetime": "2025-08-13 22:47:50", "elapsed": 46798.591890096664, "delta": 31.167314529418945}, "costs": {"total_cost": 1231.9906923475444, "time_cost": 150, "final_distance_cost": 85.07606248666843, "oscillation_cost": 94.22948821589061, "completition_cost": 777.7777777777778, "overshoot_cost": 72.71034586115337, "power_cost": 23.346241357421878, "noise_cost": 28.85077664863235, "n_waypoints_completed": 2, "tot_waypoints": 9}}
{"target": -1290.3538280095204, "params": {"k_pid_pos": [0.026033518835902214, 0.03262600302696228, 0.0023503899574279785], "k_pid_alt": [0.0, 1.0, 0.9698368906974792], "k_pid_att": [100.0, 9.999999747378752e-05, 0.979097843170166], "k_pid_yaw": [0.5, 1e-06, 0.1], "k_pid_hsp": [9.742289543151855, 0.9906284809112549, 0.006633669137954712], "k_pid_vsp": [400.0, 398.1490478515625, 5.065155982971191]}, "datetime": {"datetime": "2025-08-13 22:48:20", "elapsed": 46828.978076696396, "delta": 30.386186599731445}, "costs": {"total_cost": 1290.3538280095204, "time_cost": 150, "final_distance_cost": 78.02753590820974, "oscillation_cost": 41.89576133836113, "completition_cost": 777.7777777777778, "overshoot_cost": 124.81027724188353, "power_cost": 44.856391333007814, "noise_cost": 72.98608441028034, "n_waypoints_completed": 2, "tot_waypoints": 9}}
{"target": -1181.219765867538, "params": {"k_pid_pos": [0.05519703030586243, 0.014534533023834229, 0.01354515552520752], "k_pid_alt": [1.948629379272461, 1.0, 0.9869620203971863], "k_pid_att": [100.0, 0.00015513374819420278, 0.9901866316795349], "k_pid_yaw": [0.5, 1e-06, 0.1], "k_pid_hsp": [9.829000473022461, 0.937251091003418, 0.01763579249382019], "k_pid_vsp": [399.5802001953125, 396.7581481933594, 2.9762039184570312]}, "datetime": {"datetime": "2025-08-13 22:48:51", "elapsed": 46859.865250349045, "delta": 30.887173652648926}, "costs": {"total_cost": 1181.219765867538, "time_cost": 150, "final_distance_cost": 86.57791922095312, "oscillation_cost": 39.109064757753245, "completition_cost": 777.7777777777778, "overshoot_cost": 57.84580723077575, "power_cost": 34.97716343994141, "noise_cost": 34.93203344033654, "n_waypoints_completed": 2, "tot_waypoints": 9}}
{"target": -1618.9829822708743, "params": {"k_pid_pos": [0.09728802740573883, 0.07398742437362671, 0.01581442356109619], "k_pid_alt": [0.0, 1.0, 0.9849575757980347], "k_pid_att": [100.0, 9.999999747378752e-05, 0.9906251430511475], "k_pid_yaw": [0.5, 1e-06, 0.1], "k_pid_hsp": [9.981792449951172, 0.9556079506874084, 0.11911982297897339], "k_pid_vsp": [400.0, 372.51348876953125, 2.3142943382263184]}, "datetime": {"datetime": "2025-08-13 22:49:21", "elapsed": 46889.14274096489, "delta": 29.277490615844727}, "costs": {"total_cost": 1618.9829822708743, "time_cost": 150, "final_distance_cost": 52.72171321342666, "oscillation_cost": 627.0009238680543, "completition_cost": 666.6666666666667, "overshoot_cost": 65.61177297687449, "power_cost": 28.78358465576172, "noise_cost": 28.198320890090454, "n_waypoints_completed": 3, "tot_waypoints": 9}}
{"target": -1170.4029890117758, "params": {"k_pid_pos": [0.02708936110138893, 0.08895039558410645, 0.018539875745773315], "k_pid_alt": [0.0, 1.0, 0.9888554215431213], "k_pid_att": [99.92720794677734, 0.001871432294137776, 0.9937934875488281], "k_pid_yaw": [0.5, 1e-06, 0.1], "k_pid_hsp": [9.966153144836426, 0.9069574475288391, 0.031029999256134033], "k_pid_vsp": [400.0, 390.59295654296875, 14.856959342956543]}, "datetime": {"datetime": "2025-08-13 22:49:49", "elapsed": 46918.02145123482, "delta": 28.87871026992798}, "costs": {"total_cost": 1170.4029890117758, "time_cost": 150, "final_distance_cost": 65.25552241462252, "oscillation_cost": 69.96725183223478, "completition_cost": 777.7777777777778, "overshoot_cost": 55.07975820192193, "power_cost": 24.657008374023437, "noise_cost": 27.66567041119534, "n_waypoints_completed": 2, "tot_waypoints": 9}}
{"target": -1243.2867993018122, "params": {"k_pid_pos": [0.015176001936197281, 0.05386084318161011, 0.014982819557189941], "k_pid_alt": [1.8477439880371094e-06, 1.0, 0.9889863729476929], "k_pid_att": [100.0, 0.00010059603664558381, 0.9957767724990845], "k_pid_yaw": [0.5, 1e-06, 0.1], "k_pid_hsp": [9.882765769958496, 0.9884793758392334, 0.031499624252319336], "k_pid_vsp": [400.0, 396.3656921386719, 7.702566146850586]}, "datetime": {"datetime": "2025-08-13 22:50:20", "elapsed": 46948.41176056862, "delta": 30.39030933380127}, "costs": {"total_cost": 1243.2867993018122, "time_cost": 150, "final_distance_cost": 78.91412499065754, "oscillation_cost": 84.41881277730432, "completition_cost": 777.7777777777778, "overshoot_cost": 99.614757452536, "power_cost": 23.737996691894534, "noise_cost": 28.82332961164178, "n_waypoints_completed": 2, "tot_waypoints": 9}}
{"target": -302.3410981112281, "params": {"k_pid_pos": [0.45553192496299744, 0.019477635622024536, 0.010275185108184814], "k_pid_alt": [0.0, 1.0, 0.9396504163742065], "k_pid_att": [100.0, 0.00010059603664558381, 0.9728281497955322], "k_pid_yaw": [0.5, 1e-06, 0.1], "k_pid_hsp": [9.959162712097168, 0.9781377911567688, 0.011861234903335571], "k_pid_vsp": [400.0, 385.1395263671875, 11.685563087463379]}, "datetime": {"datetime": "2025-08-13 22:50:46", "elapsed": 46974.5763862133, "delta": 26.164625644683838}, "costs": {"total_cost": 302.3410981112281, "time_cost": 102.151, "final_distance_cost": 1.8305085050833927, "oscillation_cost": 79.95247119447534, "completition_cost": 0.0, "overshoot_cost": 64.49782614539606, "power_cost": 27.343634521484375, "noise_cost": 26.565657744788947, "n_waypoints_completed": 9, "tot_waypoints": 9}}
{"target": -1193.8051471682002, "params": {"k_pid_pos": [0.05263231322169304, 0.01742488145828247, 0.06833577156066895], "k_pid_alt": [0.0, 1.0, 0.9775780439376831], "k_pid_att": [60.398887634277344, 9.999999747378752e-05, 0.9647360444068909], "k_pid_yaw": [0.5, 1e-06, 0.1], "k_pid_hsp": [9.483636856079102, 0.8179104924201965, 0.012606590986251831], "k_pid_vsp": [399.8697204589844, 391.88092041015625, 8.271218299865723]}, "datetime": {"datetime": "2025-08-13 22:51:16", "elapsed": 47004.43643760681, "delta": 29.86005139350891}, "costs": {"total_cost": 1193.8051471682002, "time_cost": 150, "final_distance_cost": 87.19243155629152, "oscillation_cost": 41.0398512072032, "completition_cost": 777.7777777777778, "overshoot_cost": 73.39193769152654, "power_cost": 33.260065979003905, "noise_cost": 31.14308295639725, "n_waypoints_completed": 2, "tot_waypoints": 9}}
{"target": -984.5850507685835, "params": {"k_pid_pos": [0.09165679663419724, 0.02943482995033264, 0.038386136293411255], "k_pid_alt": [1.8477439880371094e-06, 0.9999998807907104, 0.9896520972251892], "k_pid_att": [98.97541809082031, 9.999999747378752e-05, 0.9925193786621094], "k_pid_yaw": [0.5, 1e-06, 0.1], "k_pid_hsp": [9.87857723236084, 0.981082558631897, 0.032199472188949585], "k_pid_vsp": [400.0, 389.8913269042969, 4.00523042678833]}, "datetime": {"datetime": "2025-08-13 22:51:46", "elapsed": 47034.57926630974, "delta": 30.142828702926636}, "costs": {"total_cost": 984.5850507685835, "time_cost": 150, "final_distance_cost": 45.84698749820993, "oscillation_cost": 98.60831791192285, "completition_cost": 555.5555555555555, "overshoot_cost": 73.07206710893453, "power_cost": 28.44409489746094, "noise_cost": 33.058027796499694, "n_waypoints_completed": 4, "tot_waypoints": 9}}
{"target": -1300.180113290592, "params": {"k_pid_pos": [0.020889775827527046, 0.01730722188949585, 0.057508885860443115], "k_pid_alt": [0.0, 1.0, 0.9532225728034973], "k_pid_att": [100.0, 4.120406150817871, 0.9974521398544312], "k_pid_yaw": [0.5, 1e-06, 0.1], "k_pid_hsp": [9.870613098144531, 0.9939292669296265, 0.030180782079696655], "k_pid_vsp": [400.0, 391.7081298828125, 23.452547073364258]}, "datetime": {"datetime": "2025-08-13 22:52:16", "elapsed": 47064.18028616905, "delta": 29.601019859313965}, "costs": {"total_cost": 1300.180113290592, "time_cost": 150, "final_distance_cost": 67.23715585900644, "oscillation_cost": 56.86037999037215, "completition_cost": 888.8888888888888, "overshoot_cost": 77.37475930454455, "power_cost": 30.91910407714844, "noise_cost": 28.899825170631566, "n_waypoints_completed": 1, "tot_waypoints": 9}}
{"target": -1266.4746501518591, "params": {"k_pid_pos": [0.01911245472729206, 0.01051512360572815, 0.014822512865066528], "k_pid_alt": [0.0, 1.0, 0.9256123900413513], "k_pid_att": [100.0, 9.999999747378752e-05, 0.9939961433410645], "k_pid_yaw": [0.5, 1e-06, 0.1], "k_pid_hsp": [9.689337730407715, 0.9873392581939697, 0.01799282431602478], "k_pid_vsp": [400.0, 390.9590759277344, 3.9776811599731445]}, "datetime": {"datetime": "2025-08-13 22:52:46", "elapsed": 47094.72718381882, "delta": 30.546897649765015}, "costs": {"total_cost": 1266.4746501518591, "time_cost": 150, "final_distance_cost": 61.52806010287877, "oscillation_cost": 28.683153165837588, "completition_cost": 888.8888888888888, "overshoot_cost": 80.75300815364686, "power_cost": 25.605304516601564, "noise_cost": 31.01623532400566, "n_waypoints_completed": 1, "tot_waypoints": 9}}
{"target": -1273.8455719129888, "params": {"k_pid_pos": [0.007590319961309433, 0.0473484992980957, 0.03382042050361633], "k_pid_alt": [0.0, 1.0, 0.9730796217918396], "k_pid_att": [99.97277069091797, 0.0003115943691227585, 0.9954223036766052], "k_pid_yaw": [0.5, 1e-06, 0.1], "k_pid_hsp": [9.80324935913086, 0.889439046382904, 0.006819486618041992], "k_pid_vsp": [400.0, 384.2275085449219, 12.154651641845703]}, "datetime": {"datetime": "2025-08-13 22:53:16", "elapsed": 47125.02416038513, "delta": 30.296976566314697}, "costs": {"total_cost": 1273.8455719129888, "time_cost": 150, "final_distance_cost": 64.36908171270564, "oscillation_cost": 26.600579384284934, "completition_cost": 888.8888888888888, "overshoot_cost": 85.96304445834792, "power_cost": 29.74264168701172, "noise_cost": 28.281335781750027, "n_waypoints_completed": 1, "tot_waypoints": 9}}
{"target": -927.8666670664051, "params": {"k_pid_pos": [0.11446236073970795, 0.0086764395236969, 0.008962035179138184], "k_pid_alt": [0.0, 1.0, 0.9931401014328003], "k_pid_att": [99.99984741210938, 9.999999747378752e-05, 0.9494775533676147], "k_pid_yaw": [0.5, 1e-06, 0.1], "k_pid_hsp": [9.884987831115723, 0.9916869401931763, 0.0049710869789123535], "k_pid_vsp": [400.0, 347.26519775390625, 21.98526954650879]}, "datetime": {"datetime": "2025-08-13 22:53:48", "elapsed": 47156.58747148514, "delta": 31.563311100006104}, "costs": {"total_cost": 927.8666670664051, "time_cost": 150, "final_distance_cost": 46.81555030292191, "oscillation_cost": 56.116253887712745, "completition_cost": 555.5555555555555, "overshoot_cost": 68.42677878232209, "power_cost": 22.81731843261719, "noise_cost": 28.135210105275632, "n_waypoints_completed": 4, "tot_waypoints": 9}}
{"target": -1311.1908290325825, "params": {"k_pid_pos": [0.11916016787290573, 0.019984334707260132, 0.01910462975502014], "k_pid_alt": [1.823902130126953e-05, 1.0, 0.9729878902435303], "k_pid_att": [100.0, 0.00010208613821305335, 0.9226973652839661], "k_pid_yaw": [0.5, 1e-06, 0.1], "k_pid_hsp": [9.957921981811523, 0.982498824596405, 0.09789285063743591], "k_pid_vsp": [399.99957275390625, 398.617919921875, 11.046303749084473]}, "datetime": {"datetime": "2025-08-13 22:54:19", "elapsed": 47187.23237872124, "delta": 30.644907236099243}, "costs": {"total_cost": 1311.1908290325825, "time_cost": 150, "final_distance_cost": 53.475380354630715, "oscillation_cost": 413.41321381280113, "completition_cost": 555.5555555555555, "overshoot_cost": 72.82999162345986, "power_cost": 35.617939282226565, "noise_cost": 30.29874840390885, "n_waypoints_completed": 4, "tot_waypoints": 9}}
{"target": -1220.0234386033408, "params": {"k_pid_pos": [0.05320454761385918, 0.03092065453529358, 0.05633825063705444], "k_pid_alt": [0.0, 1.0, 0.9742019772529602], "k_pid_att": [100.0, 9.98383903503418, 0.9592322111129761], "k_pid_yaw": [0.5, 1e-06, 0.1], "k_pid_hsp": [9.765774726867676, 0.9947423934936523, 0.017082691192626953], "k_pid_vsp": [400.0, 366.36834716796875, 24.0766658782959]}, "datetime": {"datetime": "2025-08-13 22:54:49", "elapsed": 47217.45668268204, "delta": 30.22430396080017}, "costs": {"total_cost": 1220.0234386033408, "time_cost": 150, "final_distance_cost": 94.9231684471826, "oscillation_cost": 75.34812937906307, "completition_cost": 777.7777777777778, "overshoot_cost": 68.95953668471353, "power_cost": 25.664519604492188, "noise_cost": 27.35030671011143, "n_waypoints_completed": 2, "tot_waypoints": 9}}
{"target": -995.4177895557119, "params": {"k_pid_pos": [0.09149844199419022, 0.09773701429367065, 0.010302186012268066], "k_pid_alt": [0.0, 0.9963222146034241, 0.998659610748291], "k_pid_att": [100.0, 2.2978317737579346, 0.9613841772079468], "k_pid_yaw": [0.5, 1e-06, 0.1], "k_pid_hsp": [8.139762878417969, 0.9821923971176147, 0.0314677357673645], "k_pid_vsp": [399.9559020996094, 398.86676025390625, 88.83325958251953]}, "datetime": {"datetime": "2025-08-13 22:55:19", "elapsed": 47247.50938677788, "delta": 30.052704095840454}, "costs": {"total_cost": 995.4177895557119, "time_cost": 150, "final_distance_cost": 50.81870792971069, "oscillation_cost": 109.9748912730075, "completition_cost": 555.5555555555555, "overshoot_cost": 69.45401713970949, "power_cost": 29.5631126953125, "noise_cost": 30.0515049624162, "n_waypoints_completed": 4, "tot_waypoints": 9}}
