{"target": -921.0222883268482, "params": {"k_pid_pos": [0.12392740696668625, 0.11882328987121582, 0.014927953481674194], "k_pid_alt": [0.004601597785949707, 0.23060792684555054, 0.9850804805755615], "k_pid_att": [100.0, 9.999999747378752e-05, 0.9811962842941284], "k_pid_yaw": [0.5, 1e-06, 0.1], "k_pid_hsp": [9.827546119689941, 0.9874576330184937, 0.00876230001449585], "k_pid_vsp": [400.0, 394.6449890136719, 14.011574745178223]}, "datetime": {"datetime": "2025-08-13 20:15:21", "elapsed": 37649.89070105553, "delta": 30.04710602760315}, "costs": {"total_cost": 921.0222883268482, "time_cost": 150, "final_distance_cost": 51.18859075829767, "oscillation_cost": 48.11809384791799, "completition_cost": 555.5555555555555, "overshoot_cost": 58.55437288769664, "power_cost": 27.14162800292969, "noise_cost": 30.4640472744506, "n_waypoints_completed": 4, "tot_waypoints": 9}}
{"target": -345.65164067232706, "params": {"k_pid_pos": [0.7228396534919739, 0.03276243805885315, 0.03802824020385742], "k_pid_alt": [0.0, 1.0, 0.9963760375976562], "k_pid_att": [100.0, 9.999999747378752e-05, 0.9853702783584595], "k_pid_yaw": [0.5, 1e-06, 0.1], "k_pid_hsp": [8.828158378601074, 0.9691367149353027, 0.02241337299346924], "k_pid_vsp": [399.37939453125, 395.49969482421875, 4.536474704742432]}, "datetime": {"datetime": "2025-08-13 20:15:48", "elapsed": 37676.2711019516, "delta": 26.380400896072388}, "costs": {"total_cost": 345.65164067232706, "time_cost": 105.679, "final_distance_cost": 1.815878799985626, "oscillation_cost": 117.75474281758127, "completition_cost": 0.0, "overshoot_cost": 65.10746773049141, "power_cost": 26.00339558105469, "noise_cost": 29.291155743214055, "n_waypoints_completed": 9, "tot_waypoints": 9}}
{"target": -1139.6649893046717, "params": {"k_pid_pos": [0.32175812125205994, 0.0074495673179626465, 0.030097663402557373], "k_pid_alt": [0.0, 0.9999996423721313, 0.6435912847518921], "k_pid_att": [100.0, 9.999999747378752e-05, 0.9955124855041504], "k_pid_yaw": [0.5, 1e-06, 0.1], "k_pid_hsp": [9.972548484802246, 0.9837932586669922, 0.20974937081336975], "k_pid_vsp": [399.9971008300781, 375.7750244140625, 26.281728744506836]}, "datetime": {"datetime": "2025-08-13 20:16:17", "elapsed": 37705.672499895096, "delta": 29.401397943496704}, "costs": {"total_cost": 1139.6649893046717, "time_cost": 150, "final_distance_cost": 74.14234372316587, "oscillation_cost": 542.3923179681356, "completition_cost": 222.2222222222222, "overshoot_cost": 61.09863762464942, "power_cost": 51.17185147705079, "noise_cost": 38.637616289448054, "n_waypoints_completed": 7, "tot_waypoints": 9}}
{"target": -1254.4533332172773, "params": {"k_pid_pos": [0.0704345554113388, 0.04690822958946228, 0.07300740480422974], "k_pid_alt": [0.0, 1.0, 0.9893710613250732], "k_pid_att": [97.10277557373047, 0.0003840132849290967, 0.9881607294082642], "k_pid_yaw": [0.5, 1e-06, 0.1], "k_pid_hsp": [9.909354209899902, 0.8157380223274231, 0.039337605237960815], "k_pid_vsp": [400.0, 388.647705078125, 1.2772927284240723]}, "datetime": {"datetime": "2025-08-13 20:16:46", "elapsed": 37734.57444405556, "delta": 28.901944160461426}, "costs": {"total_cost": 1254.4533332172773, "time_cost": 150, "final_distance_cost": 52.46508054735886, "oscillation_cost": 249.97429283000162, "completition_cost": 666.6666666666667, "overshoot_cost": 76.08953930919965, "power_cost": 28.199408239746095, "noise_cost": 31.05834562430448, "n_waypoints_completed": 3, "tot_waypoints": 9}}
{"target": -1211.3505966241037, "params": {"k_pid_pos": [0.05318326875567436, 0.008650243282318115, 0.01832026243209839], "k_pid_alt": [1.5719900131225586, 1.0, 0.9962498545646667], "k_pid_att": [100.0, 9.999999747378752e-05, 0.977437436580658], "k_pid_yaw": [0.5, 1e-06, 0.1], "k_pid_hsp": [9.673548698425293, 0.979718804359436, 0.029243528842926025], "k_pid_vsp": [400.0, 349.6486511230469, 2.5370726585388184]}, "datetime": {"datetime": "2025-08-13 20:17:15", "elapsed": 37763.86558032036, "delta": 29.291136264801025}, "costs": {"total_cost": 1211.3505966241037, "time_cost": 150, "final_distance_cost": 84.78397524095584, "oscillation_cost": 82.21700574415016, "completition_cost": 777.7777777777778, "overshoot_cost": 60.63561702430639, "power_cost": 24.892092309570312, "noise_cost": 31.044128527343123, "n_waypoints_completed": 2, "tot_waypoints": 9}}
{"target": -1080.764396976042, "params": {"k_pid_pos": [0.06728240102529526, 0.07149958610534668, 0.014031708240509033], "k_pid_alt": [0.0, 0.9999761581420898, 0.9659650325775146], "k_pid_att": [100.0, 9.999999747378752e-05, 0.939341127872467], "k_pid_yaw": [0.5, 1e-06, 0.1], "k_pid_hsp": [9.306279182434082, 0.9959268569946289, 0.025760233402252197], "k_pid_vsp": [400.0, 392.48779296875, 19.216230392456055]}, "datetime": {"datetime": "2025-08-13 20:17:44", "elapsed": 37792.32386469841, "delta": 28.458284378051758}, "costs": {"total_cost": 1080.764396976042, "time_cost": 150, "final_distance_cost": 53.61697692797625, "oscillation_cost": 75.4914526038748, "completition_cost": 666.6666666666667, "overshoot_cost": 74.11803870551537, "power_cost": 29.94004548339844, "noise_cost": 30.931216588610287, "n_waypoints_completed": 3, "tot_waypoints": 9}}
{"target": -1082.2840434722043, "params": {"k_pid_pos": [0.06274165213108063, 0.05439940094947815, 0.07484570145606995], "k_pid_alt": [0.0008598566055297852, 1.0, 0.971264123916626], "k_pid_att": [100.0, 9.999999747378752e-05, 0.9546504020690918], "k_pid_yaw": [0.5, 1e-06, 0.1], "k_pid_hsp": [9.872925758361816, 0.997543454170227, 0.01802113652229309], "k_pid_vsp": [400.0, 387.03826904296875, 6.126559734344482]}, "datetime": {"datetime": "2025-08-13 20:18:13", "elapsed": 37821.85717988014, "delta": 29.533315181732178}, "costs": {"total_cost": 1082.2840434722043, "time_cost": 150, "final_distance_cost": 54.58536537454163, "oscillation_cost": 77.72234403411738, "completition_cost": 666.6666666666667, "overshoot_cost": 76.90107913823118, "power_cost": 25.773902575683596, "noise_cost": 30.634685682963624, "n_waypoints_completed": 3, "tot_waypoints": 9}}
{"target": -5976.449416197145, "params": {"k_pid_pos": [0.03420043736696243, 0.23877254128456116, 0.01604577898979187], "k_pid_alt": [0.0, 0.9196649789810181, 0.9866408705711365], "k_pid_att": [0.07119476795196533, 9.999999747378752e-05, 0.9927793741226196], "k_pid_yaw": [0.5, 1e-06, 0.1], "k_pid_hsp": [9.323375701904297, 0.9816399812698364, 0.013428032398223877], "k_pid_vsp": [399.9994812011719, 387.1686706542969, 1.2974152565002441]}, "datetime": {"datetime": "2025-08-13 20:18:44", "elapsed": 37852.89111709595, "delta": 31.033937215805054}, "costs": {"total_cost": 5976.449416197145, "time_cost": 150, "final_distance_cost": 2128.652691779288, "oscillation_cost": 21.074075368652522, "completition_cost": 1000.0, "overshoot_cost": 2597.5701554628577, "power_cost": 37.84904965820313, "noise_cost": 41.30344392814405, "n_waypoints_completed": 0, "tot_waypoints": 9}}
{"target": -1334.960433717233, "params": {"k_pid_pos": [0.01548020914196968, 0.08338314294815063, 0.006092697381973267], "k_pid_alt": [0.0013685226440429688, 1.0, 0.6679831743240356], "k_pid_att": [100.0, 9.999999747378752e-05, 0.9859445095062256], "k_pid_yaw": [0.5, 1e-06, 0.1], "k_pid_hsp": [9.410531044006348, 0.992843747138977, 0.028165489435195923], "k_pid_vsp": [400.0, 390.8940734863281, 11.868966102600098]}, "datetime": {"datetime": "2025-08-13 20:19:14", "elapsed": 37882.71513581276, "delta": 29.824018716812134}, "costs": {"total_cost": 1334.960433717233, "time_cost": 150, "final_distance_cost": 70.65011910487938, "oscillation_cost": 107.74185970601438, "completition_cost": 888.8888888888888, "overshoot_cost": 61.64621732089946, "power_cost": 27.58063582763672, "noise_cost": 28.452712868914258, "n_waypoints_completed": 1, "tot_waypoints": 9}}
{"target": -1280.598992092921, "params": {"k_pid_pos": [0.011324184946715832, 0.027818888425827026, 0.009867668151855469], "k_pid_alt": [0.0, 1.0, 0.9154486656188965], "k_pid_att": [100.0, 9.999999747378752e-05, 0.9966432452201843], "k_pid_yaw": [0.5, 1e-06, 0.1], "k_pid_hsp": [9.826253890991211, 0.996415913105011, 0.0274202823638916], "k_pid_vsp": [400.0, 392.2254943847656, 4.381597995758057]}, "datetime": {"datetime": "2025-08-13 20:19:44", "elapsed": 37912.264563560486, "delta": 29.54942774772644}, "costs": {"total_cost": 1280.598992092921, "time_cost": 150, "final_distance_cost": 62.74448322508528, "oscillation_cost": 32.66158607876175, "completition_cost": 888.8888888888888, "overshoot_cost": 89.10076821185358, "power_cost": 26.309207763671875, "noise_cost": 30.89405792465973, "n_waypoints_completed": 1, "tot_waypoints": 9}}
{"target": -1066.4470108604758, "params": {"k_pid_pos": [0.07497566193342209, 0.017319917678833008, 0.031732022762298584], "k_pid_alt": [0.0, 1.0, 0.9750913977622986], "k_pid_att": [99.9979019165039, 0.00010715248208725825, 0.9717708826065063], "k_pid_yaw": [0.5, 1e-06, 0.1], "k_pid_hsp": [7.383978843688965, 0.9929409027099609, 0.014550238847732544], "k_pid_vsp": [400.0, 394.8905334472656, 9.55090618133545]}, "datetime": {"datetime": "2025-08-13 20:20:13", "elapsed": 37941.97513151169, "delta": 29.710567951202393}, "costs": {"total_cost": 1066.4470108604758, "time_cost": 150, "final_distance_cost": 70.66884410027478, "oscillation_cost": 58.98738780258747, "completition_cost": 666.6666666666667, "overshoot_cost": 70.74292558269588, "power_cost": 21.462003552246095, "noise_cost": 27.9191831560047, "n_waypoints_completed": 3, "tot_waypoints": 9}}
{"target": -1259.3872224224176, "params": {"k_pid_pos": [0.03211318701505661, 0.007675975561141968, 0.08643493056297302], "k_pid_alt": [1.4107649326324463, 1.0, 0.9690326452255249], "k_pid_att": [100.0, 0.00010953664605040103, 0.9259030818939209], "k_pid_yaw": [0.5, 1e-06, 0.1], "k_pid_hsp": [8.773822784423828, 0.9662917256355286, 0.016856461763381958], "k_pid_vsp": [399.9421691894531, 373.17919921875, 5.739260673522949]}, "datetime": {"datetime": "2025-08-13 20:20:43", "elapsed": 37971.341725587845, "delta": 29.366594076156616}, "costs": {"total_cost": 1259.3872224224176, "time_cost": 150, "final_distance_cost": 64.41754006416423, "oscillation_cost": 38.34751788552313, "completition_cost": 888.8888888888888, "overshoot_cost": 55.43861108544537, "power_cost": 28.679481787109378, "noise_cost": 33.61518271128661, "n_waypoints_completed": 1, "tot_waypoints": 9}}
{"target": -1103.5258302523723, "params": {"k_pid_pos": [0.06679217517375946, 0.03393891453742981, 0.027192145586013794], "k_pid_alt": [0.0, 1.0, 0.9691219925880432], "k_pid_att": [99.99998474121094, 9.999999747378752e-05, 0.9909601211547852], "k_pid_yaw": [0.5, 1e-06, 0.1], "k_pid_hsp": [9.920980453491211, 0.9862568378448486, 0.07737389206886292], "k_pid_vsp": [269.2007751464844, 388.2284240722656, 11.203170776367188]}, "datetime": {"datetime": "2025-08-13 20:21:12", "elapsed": 38000.918781518936, "delta": 29.57705593109131}, "costs": {"total_cost": 1103.5258302523723, "time_cost": 150, "final_distance_cost": 53.715693300366425, "oscillation_cost": 95.63261980702453, "completition_cost": 666.6666666666667, "overshoot_cost": 79.37076425654637, "power_cost": 28.945021228027347, "noise_cost": 29.19506499374091, "n_waypoints_completed": 3, "tot_waypoints": 9}}
{"target": -1848.3791062652933, "params": {"k_pid_pos": [0.03483537584543228, 0.15480756759643555, 0.30062785744667053], "k_pid_alt": [0.0, 1.0, 0.9542574882507324], "k_pid_att": [100.0, 0.4966285228729248, 0.9772635698318481], "k_pid_yaw": [0.5, 1e-06, 0.1], "k_pid_hsp": [9.89932918548584, 0.9966568946838379, 0.07377547025680542], "k_pid_vsp": [399.99066162109375, 390.681396484375, 7.570160388946533]}, "datetime": {"datetime": "2025-08-13 20:21:42", "elapsed": 38030.41660904884, "delta": 29.497827529907227}, "costs": {"total_cost": 1848.3791062652933, "time_cost": 150, "final_distance_cost": 85.11481707382526, "oscillation_cost": 711.9407580367289, "completition_cost": 777.7777777777778, "overshoot_cost": 67.06548879741274, "power_cost": 29.246508251953127, "noise_cost": 27.233756327595568, "n_waypoints_completed": 2, "tot_waypoints": 9}}
{"target": -1044.497715642108, "params": {"k_pid_pos": [0.07980459183454514, 0.047713905572891235, 0.03597038984298706], "k_pid_alt": [0.0, 1.0, 0.9702945947647095], "k_pid_att": [99.90927124023438, 9.999999747378752e-05, 0.9953978061676025], "k_pid_yaw": [0.5, 1e-06, 0.1], "k_pid_hsp": [9.478216171264648, 0.9416297078132629, 0.006422758102416992], "k_pid_vsp": [400.0, 389.39141845703125, 11.048818588256836]}, "datetime": {"datetime": "2025-08-13 20:22:11", "elapsed": 38059.61264681816, "delta": 29.196037769317627}, "costs": {"total_cost": 1044.497715642108, "time_cost": 150, "final_distance_cost": 53.566541918396396, "oscillation_cost": 44.33937698896856, "completition_cost": 666.6666666666667, "overshoot_cost": 72.65823534333124, "power_cost": 28.529100427246096, "noise_cost": 28.73779429749886, "n_waypoints_completed": 3, "tot_waypoints": 9}}
{"target": -1204.1521750573545, "params": {"k_pid_pos": [0.06811390072107315, 0.005917638540267944, 0.004172563552856445], "k_pid_alt": [0.0, 1.0, 0.995744526386261], "k_pid_att": [100.0, 9.999999747378752e-05, 0.9976330995559692], "k_pid_yaw": [0.5, 1e-06, 0.1], "k_pid_hsp": [8.438068389892578, 0.7974372506141663, 0.03674495220184326], "k_pid_vsp": [400.0, 396.8936767578125, 7.303584575653076]}, "datetime": {"datetime": "2025-08-13 20:22:41", "elapsed": 38089.34006071091, "delta": 29.72741389274597}, "costs": {"total_cost": 1204.1521750573545, "time_cost": 150, "final_distance_cost": 95.12221110824251, "oscillation_cost": 57.45562538523363, "completition_cost": 777.7777777777778, "overshoot_cost": 65.24882094742806, "power_cost": 27.92942946777344, "noise_cost": 30.618310370898982, "n_waypoints_completed": 2, "tot_waypoints": 9}}
{"target": -1360.9355866785052, "params": {"k_pid_pos": [0.049575045704841614, 0.05935168266296387, 0.024087220430374146], "k_pid_alt": [1.9999804496765137, 1.0, 0.9815413951873779], "k_pid_att": [99.9996566772461, 9.999999747378752e-05, 0.7347303032875061], "k_pid_yaw": [0.5, 1e-06, 0.1], "k_pid_hsp": [8.49841022491455, 0.9489344358444214, 0.05379265546798706], "k_pid_vsp": [400.0, 393.0042724609375, 21.662832260131836]}, "datetime": {"datetime": "2025-08-13 20:23:10", "elapsed": 38118.77851200104, "delta": 29.438451290130615}, "costs": {"total_cost": 1360.9355866785052, "time_cost": 150, "final_distance_cost": 53.36021827093125, "oscillation_cost": 357.27232881739957, "completition_cost": 666.6666666666667, "overshoot_cost": 73.66984385039159, "power_cost": 32.078487707519535, "noise_cost": 27.888041365596408, "n_waypoints_completed": 3, "tot_waypoints": 9}}
{"target": -617.1420780413179, "params": {"k_pid_pos": [0.24846597015857697, 0.049925267696380615, 0.018796265125274658], "k_pid_alt": [0.0, 1.0, 0.9949561357498169], "k_pid_att": [99.99642944335938, 0.00010029802069766447, 0.9869816899299622], "k_pid_yaw": [0.5, 1e-06, 0.1], "k_pid_hsp": [9.965304374694824, 0.9945012331008911, 0.07192936539649963], "k_pid_vsp": [400.0, 385.3876037597656, 19.596017837524414]}, "datetime": {"datetime": "2025-08-13 20:23:39", "elapsed": 38147.781190633774, "delta": 29.002678632736206}, "costs": {"total_cost": 617.1420780413179, "time_cost": 150, "final_distance_cost": 27.27227349000096, "oscillation_cost": 185.04484617948594, "completition_cost": 111.11111111111116, "overshoot_cost": 69.84570622773839, "power_cost": 40.345511474609374, "noise_cost": 33.52262955837208, "n_waypoints_completed": 8, "tot_waypoints": 9}}
{"target": -852.3727913055548, "params": {"k_pid_pos": [0.06141592934727669, 0.19077789783477783, 0.08094725012779236], "k_pid_alt": [0.805126428604126, 1.0, 0.9290165901184082], "k_pid_att": [100.0, 0.13182106614112854, 0.9248191118240356], "k_pid_yaw": [0.5, 1e-06, 0.1], "k_pid_hsp": [9.03498649597168, 0.9815160632133484, 0.016090303659439087], "k_pid_vsp": [400.0, 393.51727294921875, 52.15239715576172]}, "datetime": {"datetime": "2025-08-13 20:24:11", "elapsed": 38179.49519896507, "delta": 31.714008331298828}, "costs": {"total_cost": 852.3727913055548, "time_cost": 150, "final_distance_cost": 51.069658835440706, "oscillation_cost": 78.5264485831766, "completition_cost": 444.4444444444444, "overshoot_cost": 64.72269398597636, "power_cost": 32.807481640625, "noise_cost": 30.802063815891728, "n_waypoints_completed": 5, "tot_waypoints": 9}}
{"target": -1049.8017734974974, "params": {"k_pid_pos": [0.09578558802604675, 0.013675719499588013, 0.06234288215637207], "k_pid_alt": [0.0, 0.9999282360076904, 0.8771112561225891], "k_pid_att": [100.0, 9.999999747378752e-05, 0.9872033596038818], "k_pid_yaw": [0.5, 1e-06, 0.1], "k_pid_hsp": [9.736474990844727, 0.9778192043304443, 0.007811129093170166], "k_pid_vsp": [400.0, 391.3130798339844, 10.966754913330078]}, "datetime": {"datetime": "2025-08-13 20:24:40", "elapsed": 38208.84288048744, "delta": 29.347681522369385}, "costs": {"total_cost": 1049.8017734974974, "time_cost": 150, "final_distance_cost": 53.10192500953177, "oscillation_cost": 55.83497294720462, "completition_cost": 666.6666666666667, "overshoot_cost": 70.75649418213916, "power_cost": 24.099358728027344, "noise_cost": 29.34235596392768, "n_waypoints_completed": 3, "tot_waypoints": 9}}
{"target": -1928.4536125113714, "params": {"k_pid_pos": [0.013201160356402397, 0.027187258005142212, 0.015023499727249146], "k_pid_alt": [4.172325134277344e-07, 1.0, 0.9912660121917725], "k_pid_att": [100.0, 9.999999747378752e-05, 0.9714432954788208], "k_pid_yaw": [0.5, 1e-06, 0.1], "k_pid_hsp": [9.926193237304688, 0.955689549446106, 0.1802220642566681], "k_pid_vsp": [400.0, 396.8907775878906, 3.390468120574951]}, "datetime": {"datetime": "2025-08-13 20:25:11", "elapsed": 38239.34633374214, "delta": 30.503453254699707}, "costs": {"total_cost": 1928.4536125113714, "time_cost": 150, "final_distance_cost": 67.4850451509084, "oscillation_cost": 666.5887459873279, "completition_cost": 888.8888888888888, "overshoot_cost": 85.98715994383114, "power_cost": 40.28973488769532, "noise_cost": 29.214037652719945, "n_waypoints_completed": 1, "tot_waypoints": 9}}
{"target": -1151.3678073753715, "params": {"k_pid_pos": [0.04998397082090378, 0.007580608129501343, 0.01883426308631897], "k_pid_alt": [3.618001937866211e-05, 0.9788726568222046, 0.9873913526535034], "k_pid_att": [100.0, 9.999999747378752e-05, 0.9733376502990723], "k_pid_yaw": [0.5, 1e-06, 0.1], "k_pid_hsp": [9.88207721710205, 0.9830560684204102, 0.006365358829498291], "k_pid_vsp": [400.0, 385.7752685546875, 6.248773097991943]}, "datetime": {"datetime": "2025-08-13 20:25:43", "elapsed": 38271.88659763336, "delta": 32.54026389122009}, "costs": {"total_cost": 1151.3678073753715, "time_cost": 150, "final_distance_cost": 75.81965339403214, "oscillation_cost": 25.63774707963045, "completition_cost": 777.7777777777778, "overshoot_cost": 71.01261478514412, "power_cost": 21.081444067382815, "noise_cost": 30.03857027140425, "n_waypoints_completed": 2, "tot_waypoints": 9}}
{"target": -1180.4795794582737, "params": {"k_pid_pos": [0.020203640684485435, 0.09486603736877441, 0.03842034935951233], "k_pid_alt": [0.0, 0.9794067144393921, 0.9793691635131836], "k_pid_att": [100.0, 0.0009138932800851762, 0.9981615543365479], "k_pid_yaw": [0.5, 1e-06, 0.1], "k_pid_hsp": [9.787007331848145, 0.9754220247268677, 0.01046597957611084], "k_pid_vsp": [399.7991027832031, 395.1683349609375, 12.324501037597656]}, "datetime": {"datetime": "2025-08-13 20:26:13", "elapsed": 38301.23697423935, "delta": 29.35037660598755}, "costs": {"total_cost": 1180.4795794582737, "time_cost": 150, "final_distance_cost": 73.89952619205614, "oscillation_cost": 48.30100328323541, "completition_cost": 777.7777777777778, "overshoot_cost": 76.11910938744188, "power_cost": 26.995884545898438, "noise_cost": 27.386278271864025, "n_waypoints_completed": 2, "tot_waypoints": 9}}
{"target": -1727.3371754516352, "params": {"k_pid_pos": [0.11316364258527756, 0.21420824527740479, 0.12345966696739197], "k_pid_alt": [1.9999995231628418, 1.0, 0.9643138647079468], "k_pid_att": [100.0, 9.999999747378752e-05, 0.974266529083252], "k_pid_yaw": [0.5, 1e-06, 0.1], "k_pid_hsp": [8.665304183959961, 0.9770026206970215, 0.17053329944610596], "k_pid_vsp": [400.0, 360.1832275390625, 0.6553540825843811]}, "datetime": {"datetime": "2025-08-13 20:26:42", "elapsed": 38330.55838012695, "delta": 29.32140588760376}, "costs": {"total_cost": 1727.3371754516352, "time_cost": 150, "final_distance_cost": 51.807744566480324, "oscillation_cost": 752.7635179979138, "completition_cost": 666.6666666666667, "overshoot_cost": 45.754471730957974, "power_cost": 31.428484570312502, "noise_cost": 28.916289919303722, "n_waypoints_completed": 3, "tot_waypoints": 9}}
{"target": -691.4912632158471, "params": {"k_pid_pos": [0.41756290197372437, 0.11771836876869202, 0.00999140739440918], "k_pid_alt": [9.137392044067383e-05, 1.0, 0.9971086978912354], "k_pid_att": [100.0, 9.999999747378752e-05, 0.9756306409835815], "k_pid_yaw": [0.5, 1e-06, 0.1], "k_pid_hsp": [9.92890739440918, 0.9028555750846863, 0.02582886815071106], "k_pid_vsp": [400.0, 375.4329528808594, 3.606368064880371]}, "datetime": {"datetime": "2025-08-13 20:27:11", "elapsed": 38359.56851482391, "delta": 29.01013469696045}, "costs": {"total_cost": 691.4912632158471, "time_cost": 150, "final_distance_cost": 63.332411728654534, "oscillation_cost": 136.45805427999593, "completition_cost": 222.2222222222222, "overshoot_cost": 57.00630131461983, "power_cost": 29.36467030029297, "noise_cost": 33.10760337006167, "n_waypoints_completed": 7, "tot_waypoints": 9}}
