{"target": -1053.0237834203017, "params": {"k_pid_pos": [0.05077536404132843, 0.045751869678497314, 0.007344096899032593], "k_pid_alt": [0.0, 1.0, 0.9748102426528931], "k_pid_att": [100.0, 9.999999747378752e-05, 0.9905785322189331], "k_pid_yaw": [0.5, 1e-06, 0.1], "k_pid_hsp": [9.262548446655273, 0.9196275472640991, 0.008082211017608643], "k_pid_vsp": [400.0, 290.8357238769531, 25.923349380493164]}, "datetime": {"datetime": "2025-08-13 21:29:12", "elapsed": 42080.25161576271, "delta": 29.79705262184143}, "costs": {"total_cost": 1053.0237834203017, "time_cost": 150, "final_distance_cost": 74.68789350780486, "oscillation_cost": 40.33306697480516, "completition_cost": 666.6666666666667, "overshoot_cost": 76.21352649837488, "power_cost": 19.369544018554688, "noise_cost": 25.753085754095405, "n_waypoints_completed": 3, "tot_waypoints": 9}}
{"target": -1265.729587391822, "params": {"k_pid_pos": [0.0639229565858841, 0.09390491247177124, 0.0271567702293396], "k_pid_alt": [0.0, 1.0, 0.9678381681442261], "k_pid_att": [100.0, 9.999999747378752e-05, 0.99268639087677], "k_pid_yaw": [0.5, 1e-06, 0.1], "k_pid_hsp": [9.797685623168945, 0.9004915952682495, 0.00852048397064209], "k_pid_vsp": [400.0, 395.1021423339844, 0.611091673374176]}, "datetime": {"datetime": "2025-08-13 21:29:41", "elapsed": 42109.332037210464, "delta": 29.080421447753906}, "costs": {"total_cost": 1265.729587391822, "time_cost": 150, "final_distance_cost": 95.52311682569989, "oscillation_cost": 129.36116647739996, "completition_cost": 777.7777777777778, "overshoot_cost": 58.38187812247384, "power_cost": 24.494901953125, "noise_cost": 30.19074623534535, "n_waypoints_completed": 2, "tot_waypoints": 9}}
{"target": -1645.94005675043, "params": {"k_pid_pos": [0.009873063303530216, 0.12863975763320923, 0.12383884191513062], "k_pid_alt": [0.0, 0.9947962760925293, 0.9581995606422424], "k_pid_att": [100.0, 0.00011460298992460594, 0.9624643325805664], "k_pid_yaw": [0.5, 1e-06, 0.1], "k_pid_hsp": [9.924393653869629, 0.9660220146179199, 0.03357076644897461], "k_pid_vsp": [400.0, 396.1015930175781, 37.70811462402344]}, "datetime": {"datetime": "2025-08-13 21:30:10", "elapsed": 42138.282855033875, "delta": 28.950817823410034}, "costs": {"total_cost": 1645.94005675043, "time_cost": 150, "final_distance_cost": 64.94794290506036, "oscillation_cost": 419.62553652000474, "completition_cost": 888.8888888888888, "overshoot_cost": 65.1188640313656, "power_cost": 30.312360961914063, "noise_cost": 27.046463443196508, "n_waypoints_completed": 1, "tot_waypoints": 9}}
{"target": -1946.1137253606364, "params": {"k_pid_pos": [0.005135923158377409, 0.004061311483383179, 0.05810832977294922], "k_pid_alt": [4.231929779052734e-06, 0.999998927116394, 0.9843747019767761], "k_pid_att": [100.0, 0.0001125168491853401, 0.9889249801635742], "k_pid_yaw": [0.5, 1e-06, 0.1], "k_pid_hsp": [9.564669609069824, 0.9906759262084961, 0.11706554889678955], "k_pid_vsp": [399.9971008300781, 354.3358154296875, 12.727261543273926]}, "datetime": {"datetime": "2025-08-13 21:30:39", "elapsed": 42167.45122861862, "delta": 29.168373584747314}, "costs": {"total_cost": 1946.1137253606364, "time_cost": 150, "final_distance_cost": 59.133084105181986, "oscillation_cost": 628.0772523162458, "completition_cost": 1000.0, "overshoot_cost": 41.104133901031275, "power_cost": 39.44278115234375, "noise_cost": 28.3564738858337, "n_waypoints_completed": 0, "tot_waypoints": 9}}
{"target": -1220.6403407648734, "params": {"k_pid_pos": [0.01396441925317049, 0.0028834640979766846, 0.02379748225212097], "k_pid_alt": [0.0, 1.0, 0.9915161728858948], "k_pid_att": [99.99909973144531, 0.00010208613821305335, 0.998157262802124], "k_pid_yaw": [0.5, 1e-06, 0.1], "k_pid_hsp": [9.766042709350586, 0.9086629748344421, 0.0032297372817993164], "k_pid_vsp": [400.0, 395.88604736328125, 16.201820373535156]}, "datetime": {"datetime": "2025-08-13 21:31:08", "elapsed": 42196.66027760506, "delta": 29.209048986434937}, "costs": {"total_cost": 1220.6403407648734, "time_cost": 150, "final_distance_cost": 44.87902623647676, "oscillation_cost": 13.6535170386902, "completition_cost": 888.8888888888888, "overshoot_cost": 69.67723630359635, "power_cost": 26.934084375, "noise_cost": 26.60758792222113, "n_waypoints_completed": 1, "tot_waypoints": 9}}
{"target": -1300.9393052964779, "params": {"k_pid_pos": [0.004506529774516821, 0.01854822039604187, 0.00389823317527771], "k_pid_alt": [0.0, 1.0, 0.9811240434646606], "k_pid_att": [100.0, 8.82025146484375, 0.9890453219413757], "k_pid_yaw": [0.5, 1e-06, 0.1], "k_pid_hsp": [9.93717098236084, 0.9203628897666931, 0.020777374505996704], "k_pid_vsp": [400.0, 392.90570068359375, 9.826065063476562]}, "datetime": {"datetime": "2025-08-13 21:31:39", "elapsed": 42227.84956860542, "delta": 31.18929100036621}, "costs": {"total_cost": 1300.9393052964779, "time_cost": 150, "final_distance_cost": 50.034605541572134, "oscillation_cost": 48.098610758609354, "completition_cost": 888.8888888888888, "overshoot_cost": 110.33457355176226, "power_cost": 25.176062158203127, "noise_cost": 28.40656439744209, "n_waypoints_completed": 1, "tot_waypoints": 9}}
{"target": -304.9322555917461, "params": {"k_pid_pos": [0.20890691876411438, 0.03653547167778015, 0.01568034291267395], "k_pid_alt": [1.9899933338165283, 0.9999964237213135, 0.9339191913604736], "k_pid_att": [100.0, 9.999999747378752e-05, 0.9692528247833252], "k_pid_yaw": [0.5, 1e-06, 0.1], "k_pid_hsp": [9.95740032196045, 0.9758822917938232, 0.004704177379608154], "k_pid_vsp": [400.0, 396.1697082519531, 11.668789863586426]}, "datetime": {"datetime": "2025-08-13 21:32:05", "elapsed": 42253.83525848389, "delta": 25.985689878463745}, "costs": {"total_cost": 304.9322555917461, "time_cost": 108.248, "final_distance_cost": 1.834592206246077, "oscillation_cost": 80.44748585497547, "completition_cost": 0.0, "overshoot_cost": 60.30010210858835, "power_cost": 26.1216109375, "noise_cost": 27.98046448443618, "n_waypoints_completed": 9, "tot_waypoints": 9}}
{"target": -1212.4289363617343, "params": {"k_pid_pos": [0.04107125848531723, 0.08749279379844666, 0.01741659641265869], "k_pid_alt": [0.0, 1.0, 0.9741735458374023], "k_pid_att": [100.0, 9.391494750976562, 0.8129361867904663], "k_pid_yaw": [0.5, 1e-06, 0.1], "k_pid_hsp": [9.84034252166748, 0.9872413277626038, 0.012445062398910522], "k_pid_vsp": [399.9976806640625, 391.5894470214844, 4.054547309875488]}, "datetime": {"datetime": "2025-08-13 21:32:35", "elapsed": 42283.937584638596, "delta": 30.102326154708862}, "costs": {"total_cost": 1212.4289363617343, "time_cost": 150, "final_distance_cost": 95.14015247731486, "oscillation_cost": 76.55022306885058, "completition_cost": 777.7777777777778, "overshoot_cost": 65.96420943762593, "power_cost": 18.96311511230469, "noise_cost": 28.033458487860663, "n_waypoints_completed": 2, "tot_waypoints": 9}}
{"target": -353.06026497598293, "params": {"k_pid_pos": [0.4598172903060913, 0.07842084765434265, 0.06420236825942993], "k_pid_alt": [0.0, 1.0, 0.921009361743927], "k_pid_att": [99.99893951416016, 0.00010059603664558381, 0.9804286956787109], "k_pid_yaw": [0.5, 1e-06, 0.1], "k_pid_hsp": [9.579306602478027, 0.9799492359161377, 0.008934736251831055], "k_pid_vsp": [400.0, 396.65411376953125, 6.964946746826172]}, "datetime": {"datetime": "2025-08-13 21:33:01", "elapsed": 42309.87211680412, "delta": 25.934532165527344}, "costs": {"total_cost": 353.06026497598293, "time_cost": 107.548, "final_distance_cost": 1.8203565420721648, "oscillation_cost": 124.3351252508543, "completition_cost": 0.0, "overshoot_cost": 65.94832109981145, "power_cost": 24.61956452636719, "noise_cost": 28.78889755687781, "n_waypoints_completed": 9, "tot_waypoints": 9}}
{"target": -545.9134814131945, "params": {"k_pid_pos": [0.292893648147583, 0.054224222898483276, 0.002562910318374634], "k_pid_alt": [0.0, 1.0, 0.7743837833404541], "k_pid_att": [100.0, 9.906184196472168, 0.9917136430740356], "k_pid_yaw": [0.5, 1e-06, 0.1], "k_pid_hsp": [9.005592346191406, 0.9932568073272705, 0.02879655361175537], "k_pid_vsp": [399.9999694824219, 390.194580078125, 7.744074821472168]}, "datetime": {"datetime": "2025-08-13 21:33:31", "elapsed": 42339.90039896965, "delta": 30.028282165527344}, "costs": {"total_cost": 545.9134814131945, "time_cost": 150, "final_distance_cost": 65.05137730244459, "oscillation_cost": 93.03660206652921, "completition_cost": 111.11111111111116, "overshoot_cost": 65.10021328489914, "power_cost": 30.50068024902344, "noise_cost": 31.113497399186944, "n_waypoints_completed": 8, "tot_waypoints": 9}}
{"target": -1289.6473834846242, "params": {"k_pid_pos": [0.018238812685012817, 0.10779255628585815, 0.09706413745880127], "k_pid_alt": [0.0, 1.0, 0.973453164100647], "k_pid_att": [100.0, 9.999999747378752e-05, 0.9427182674407959], "k_pid_yaw": [0.5, 1e-06, 0.1], "k_pid_hsp": [9.27115535736084, 0.9933724403381348, 0.052207767963409424], "k_pid_vsp": [400.0, 396.19354248046875, 4.13875675201416]}, "datetime": {"datetime": "2025-08-13 21:34:01", "elapsed": 42369.26682662964, "delta": 29.366427659988403}, "costs": {"total_cost": 1289.6473834846242, "time_cost": 150, "final_distance_cost": 62.55515621194835, "oscillation_cost": 75.47280704760111, "completition_cost": 888.8888888888888, "overshoot_cost": 59.01669254058456, "power_cost": 25.59363974609375, "noise_cost": 28.12019904950786, "n_waypoints_completed": 1, "tot_waypoints": 9}}
{"target": -1402.3983995900132, "params": {"k_pid_pos": [0.11911725252866745, 0.23345637321472168, 0.0034265220165252686], "k_pid_alt": [0.0, 1.0, 0.9882378578186035], "k_pid_att": [100.0, 9.999999747378752e-05, 0.950395941734314], "k_pid_yaw": [0.5, 1e-06, 0.1], "k_pid_hsp": [9.789234161376953, 0.9934248924255371, 0.08689260482788086], "k_pid_vsp": [400.0, 391.589599609375, 34.267913818359375]}, "datetime": {"datetime": "2025-08-13 21:34:30", "elapsed": 42398.67590761185, "delta": 29.409080982208252}, "costs": {"total_cost": 1402.3983995900132, "time_cost": 150, "final_distance_cost": 43.18397257269972, "oscillation_cost": 525.8532439491734, "completition_cost": 555.5555555555555, "overshoot_cost": 64.39178221509465, "power_cost": 34.07397465820313, "noise_cost": 29.339870639286694, "n_waypoints_completed": 4, "tot_waypoints": 9}}
{"target": -1294.3936621227178, "params": {"k_pid_pos": [0.014973773621022701, 0.06629392504692078, 0.026436656713485718], "k_pid_alt": [5.960464477539063e-08, 1.0, 0.9919123649597168], "k_pid_att": [100.0, 0.0035519686061888933, 0.9789606928825378], "k_pid_yaw": [0.5, 1e-06, 0.1], "k_pid_hsp": [9.741938591003418, 0.9827791452407837, 0.019767165184020996], "k_pid_vsp": [400.0, 379.2927551269531, 5.853320121765137]}, "datetime": {"datetime": "2025-08-13 21:34:59", "elapsed": 42427.545289993286, "delta": 28.86938238143921}, "costs": {"total_cost": 1294.3936621227178, "time_cost": 150, "final_distance_cost": 68.91806740940311, "oscillation_cost": 50.016770902142085, "completition_cost": 888.8888888888888, "overshoot_cost": 68.57078055350135, "power_cost": 34.40816295166016, "noise_cost": 33.59099141712231, "n_waypoints_completed": 1, "tot_waypoints": 9}}
{"target": -1225.5389244469682, "params": {"k_pid_pos": [0.04705103486776352, 0.013390868902206421, 0.021772116422653198], "k_pid_alt": [0.0, 1.0, 0.9937101006507874], "k_pid_att": [100.0, 0.00019745260942727327, 0.9734939336776733], "k_pid_yaw": [0.5, 1e-06, 0.1], "k_pid_hsp": [9.613444328308105, 0.9569317102432251, 0.058225393295288086], "k_pid_vsp": [400.0, 375.5184631347656, 11.708117485046387]}, "datetime": {"datetime": "2025-08-13 21:35:29", "elapsed": 42457.1822912693, "delta": 29.637001276016235}, "costs": {"total_cost": 1225.5389244469682, "time_cost": 150, "final_distance_cost": 89.22446938924028, "oscillation_cost": 71.09496548431649, "completition_cost": 777.7777777777778, "overshoot_cost": 74.28244824026258, "power_cost": 33.58227723388672, "noise_cost": 29.57698632148436, "n_waypoints_completed": 2, "tot_waypoints": 9}}
{"target": -658.8182417953125, "params": {"k_pid_pos": [0.16347186267375946, 0.059798240661621094, 0.030811697244644165], "k_pid_alt": [0.0, 0.9999960660934448, 0.9396433234214783], "k_pid_att": [100.0, 9.999999747378752e-05, 0.9851388335227966], "k_pid_yaw": [0.5, 1e-06, 0.1], "k_pid_hsp": [9.796011924743652, 0.9816285371780396, 0.0029292702674865723], "k_pid_vsp": [400.0, 397.26434326171875, 4.811585903167725]}, "datetime": {"datetime": "2025-08-13 21:35:58", "elapsed": 42486.74165511131, "delta": 29.559363842010498}, "costs": {"total_cost": 658.8182417953125, "time_cost": 150, "final_distance_cost": 70.98140437118425, "oscillation_cost": 84.1988746341556, "completition_cost": 222.2222222222222, "overshoot_cost": 66.97616730321964, "power_cost": 29.82408045654297, "noise_cost": 34.615492807987714, "n_waypoints_completed": 7, "tot_waypoints": 9}}
{"target": -321.64463973221353, "params": {"k_pid_pos": [0.6944660544395447, 0.09609559178352356, 0.030814528465270996], "k_pid_alt": [0.0, 1.0, 0.9601285457611084], "k_pid_att": [100.0, 9.999999747378752e-05, 0.9994269013404846], "k_pid_yaw": [0.5, 1e-06, 0.1], "k_pid_hsp": [9.87723159790039, 0.9568623304367065, 0.027159035205841064], "k_pid_vsp": [400.0, 386.36407470703125, 26.909019470214844]}, "datetime": {"datetime": "2025-08-13 21:36:24", "elapsed": 42512.90087842941, "delta": 26.159223318099976}, "costs": {"total_cost": 321.64463973221353, "time_cost": 105.126, "final_distance_cost": 1.8226089132300394, "oscillation_cost": 101.05655320745409, "completition_cost": 0.0, "overshoot_cost": 64.93517998216618, "power_cost": 23.903792822265626, "noise_cost": 24.800504807097568, "n_waypoints_completed": 9, "tot_waypoints": 9}}
{"target": -979.5196754286694, "params": {"k_pid_pos": [0.17866873741149902, 0.03347393870353699, 0.013876587152481079], "k_pid_alt": [0.0, 1.0, 0.7191876173019409], "k_pid_att": [100.0, 9.999999747378752e-05, 0.9055427312850952], "k_pid_yaw": [0.5, 1e-06, 0.1], "k_pid_hsp": [9.73033332824707, 0.9847898483276367, 0.05103972554206848], "k_pid_vsp": [399.999755859375, 392.0041809082031, 14.074315071105957]}, "datetime": {"datetime": "2025-08-13 21:36:54", "elapsed": 42542.19882583618, "delta": 29.2979474067688}, "costs": {"total_cost": 979.5196754286694, "time_cost": 150, "final_distance_cost": 58.69506911520179, "oscillation_cost": 308.01492543605576, "completition_cost": 333.33333333333337, "overshoot_cost": 66.92218633546244, "power_cost": 32.55981862792969, "noise_cost": 29.994342580686425, "n_waypoints_completed": 6, "tot_waypoints": 9}}
{"target": -1143.7388881836403, "params": {"k_pid_pos": [0.07671746611595154, 0.2720438241958618, 0.016413241624832153], "k_pid_alt": [0.0014793872833251953, 1.0, 0.9007660150527954], "k_pid_att": [100.0, 9.999999747378752e-05, 0.9354139566421509], "k_pid_yaw": [0.5, 1e-06, 0.1], "k_pid_hsp": [9.540491104125977, 0.940292477607727, 0.016046792268753052], "k_pid_vsp": [400.0, 392.2793884277344, 4.974151611328125]}, "datetime": {"datetime": "2025-08-13 21:37:24", "elapsed": 42572.21493244171, "delta": 30.016106605529785}, "costs": {"total_cost": 1143.7388881836403, "time_cost": 150, "final_distance_cost": 52.4182736514405, "oscillation_cost": 163.00075111604085, "completition_cost": 666.6666666666667, "overshoot_cost": 59.853044469579785, "power_cost": 21.06686668701172, "noise_cost": 30.733285592900852, "n_waypoints_completed": 3, "tot_waypoints": 9}}
{"target": -325.81392554960865, "params": {"k_pid_pos": [0.6435275673866272, 0.006274044513702393, 0.04911714792251587], "k_pid_alt": [0.0, 1.0, 0.9699779748916626], "k_pid_att": [100.0, 9.999999747378752e-05, 0.9634789228439331], "k_pid_yaw": [0.5, 1e-06, 0.1], "k_pid_hsp": [9.866726875305176, 0.9947910904884338, 0.03266400098800659], "k_pid_vsp": [400.0, 378.2885437011719, 7.262063980102539]}, "datetime": {"datetime": "2025-08-13 21:37:49", "elapsed": 42597.40604233742, "delta": 25.191109895706177}, "costs": {"total_cost": 325.81392554960865, "time_cost": 107.254, "final_distance_cost": 1.8185151183247874, "oscillation_cost": 89.28785380162962, "completition_cost": 0.0, "overshoot_cost": 66.25263726484265, "power_cost": 31.244042114257812, "noise_cost": 29.956877250553834, "n_waypoints_completed": 9, "tot_waypoints": 9}}
{"target": -1059.7653635179647, "params": {"k_pid_pos": [0.09204945713281631, 0.004852265119552612, 0.008800685405731201], "k_pid_alt": [0.0, 1.0, 0.9668371677398682], "k_pid_att": [100.0, 9.999999747378752e-05, 0.9795025587081909], "k_pid_yaw": [0.5, 1e-06, 0.1], "k_pid_hsp": [9.42594051361084, 0.9359534382820129, 0.004415929317474365], "k_pid_vsp": [19.625139236450195, 394.1589660644531, 16.534353256225586]}, "datetime": {"datetime": "2025-08-13 21:38:20", "elapsed": 42628.32498574257, "delta": 30.918943405151367}, "costs": {"total_cost": 1059.7653635179647, "time_cost": 150, "final_distance_cost": 53.72966613514616, "oscillation_cost": 59.71307484858041, "completition_cost": 666.6666666666667, "overshoot_cost": 70.7066875689439, "power_cost": 29.80995828857422, "noise_cost": 29.13931001005335, "n_waypoints_completed": 3, "tot_waypoints": 9}}
{"target": -1164.9706257133328, "params": {"k_pid_pos": [0.09047644585371017, 0.0382523238658905, 0.032015323638916016], "k_pid_alt": [0.0, 1.0, 0.9760143756866455], "k_pid_att": [100.0, 9.999999747378752e-05, 0.8187394142150879], "k_pid_yaw": [0.5, 1e-06, 0.1], "k_pid_hsp": [9.963939666748047, 0.9727050065994263, 0.0540652871131897], "k_pid_vsp": [400.0, 350.2707824707031, 2.3477563858032227]}, "datetime": {"datetime": "2025-08-13 21:38:50", "elapsed": 42658.41300010681, "delta": 30.088014364242554}, "costs": {"total_cost": 1164.9706257133328, "time_cost": 150, "final_distance_cost": 54.886005818936134, "oscillation_cost": 256.5785057946481, "completition_cost": 555.5555555555555, "overshoot_cost": 78.02711193844851, "power_cost": 35.86023189697266, "noise_cost": 34.063214708771845, "n_waypoints_completed": 4, "tot_waypoints": 9}}
{"target": -612.2882302500033, "params": {"k_pid_pos": [0.1928216814994812, 0.03368133306503296, 0.017194032669067383], "k_pid_alt": [0.004726409912109375, 1.0, 0.9892956614494324], "k_pid_att": [100.0, 9.999999747378752e-05, 0.957128643989563], "k_pid_yaw": [0.5, 1e-06, 0.1], "k_pid_hsp": [9.918137550354004, 0.9885079860687256, 0.037749797105789185], "k_pid_vsp": [400.0, 378.67645263671875, 5.287731647491455]}, "datetime": {"datetime": "2025-08-13 21:39:20", "elapsed": 42688.38863444328, "delta": 29.975634336471558}, "costs": {"total_cost": 612.2882302500033, "time_cost": 150, "final_distance_cost": 66.11434744646088, "oscillation_cost": 157.34602965368012, "completition_cost": 111.11111111111116, "overshoot_cost": 67.5944918441269, "power_cost": 28.130998754882814, "noise_cost": 31.991251439741337, "n_waypoints_completed": 8, "tot_waypoints": 9}}
{"target": -1177.1784486607155, "params": {"k_pid_pos": [0.040511418133974075, 0.01348578929901123, 0.01748153567314148], "k_pid_alt": [0.0, 1.0, 0.9689189195632935], "k_pid_att": [100.0, 0.00010298020060872659, 0.9752378463745117], "k_pid_yaw": [0.5, 1e-06, 0.1], "k_pid_hsp": [9.89871597290039, 0.9880470037460327, 0.018226265907287598], "k_pid_vsp": [400.0, 382.5390930175781, 5.669094085693359]}, "datetime": {"datetime": "2025-08-13 21:39:50", "elapsed": 42718.681275606155, "delta": 30.292641162872314}, "costs": {"total_cost": 1177.1784486607155, "time_cost": 150, "final_distance_cost": 78.96001990364876, "oscillation_cost": 33.73793170418207, "completition_cost": 777.7777777777778, "overshoot_cost": 75.35767024906356, "power_cost": 29.10681668701172, "noise_cost": 32.23823233903127, "n_waypoints_completed": 2, "tot_waypoints": 9}}
{"target": -844.59033828244, "params": {"k_pid_pos": [0.13249759376049042, 0.06688901782035828, 0.024730056524276733], "k_pid_alt": [0.0, 1.0, 0.9810678958892822], "k_pid_att": [100.0, 9.999999747378752e-05, 0.9709371328353882], "k_pid_yaw": [0.5, 1e-06, 0.1], "k_pid_hsp": [9.904541015625, 0.935510516166687, 0.025878995656967163], "k_pid_vsp": [400.0, 392.800048828125, 19.05864715576172]}, "datetime": {"datetime": "2025-08-13 21:40:20", "elapsed": 42748.256024837494, "delta": 29.5747492313385}, "costs": {"total_cost": 844.59033828244, "time_cost": 150, "final_distance_cost": 44.28606517613339, "oscillation_cost": 85.76884306867284, "completition_cost": 444.4444444444444, "overshoot_cost": 67.26466535956443, "power_cost": 24.379139855957032, "noise_cost": 28.447180377667884, "n_waypoints_completed": 5, "tot_waypoints": 9}}
{"target": -778.7600718952134, "params": {"k_pid_pos": [0.19129379093647003, 0.011168837547302246, 0.039926767349243164], "k_pid_alt": [0.0021382570266723633, 0.9612318277359009, 0.9410371780395508], "k_pid_att": [100.0, 4.726668834686279, 0.9812523126602173], "k_pid_yaw": [0.5, 1e-06, 0.1], "k_pid_hsp": [9.47755241394043, 0.9890267848968506, 0.008136361837387085], "k_pid_vsp": [400.0, 394.2113342285156, 2.640141010284424]}, "datetime": {"datetime": "2025-08-13 21:40:49", "elapsed": 42777.817677259445, "delta": 29.561652421951294}, "costs": {"total_cost": 778.7600718952134, "time_cost": 150, "final_distance_cost": 63.75325378083041, "oscillation_cost": 109.9883555051807, "completition_cost": 333.33333333333337, "overshoot_cost": 67.99046828939359, "power_cost": 22.2865833984375, "noise_cost": 31.408077588037816, "n_waypoints_completed": 6, "tot_waypoints": 9}}
