{"target": -1176.3877894890202, "params": {"k_pid_pos": [0.04913703352212906, 0.014292240142822266, 0.0033755600452423096], "k_pid_alt": [0.0, 1.0, 0.9330025911331177], "k_pid_att": [100.0, 9.999999747378752e-05, 0.9969953298568726], "k_pid_yaw": [0.5, 1e-06, 0.1], "k_pid_hsp": [9.942201614379883, 0.998665452003479, 0.0035519301891326904], "k_pid_vsp": [400.0, 394.8294677734375, 18.085063934326172]}, "datetime": {"datetime": "2025-08-14 03:57:32", "elapsed": 65380.4111559391, "delta": 29.617957592010498}, "costs": {"total_cost": 1176.3877894890202, "time_cost": 150, "final_distance_cost": 81.92935983041049, "oscillation_cost": 45.1473829275708, "completition_cost": 777.7777777777778, "overshoot_cost": 73.25577006770446, "power_cost": 21.90597294921875, "noise_cost": 26.371525936338102, "n_waypoints_completed": 2, "tot_waypoints": 9}}
{"target": -1275.6783173728018, "params": {"k_pid_pos": [0.010835452005267143, 0.013357222080230713, 0.0012776851654052734], "k_pid_alt": [0.004202604293823242, 1.0, 0.9962245225906372], "k_pid_att": [99.94539642333984, 0.00010029802069766447, 0.8902785778045654], "k_pid_yaw": [0.5, 1e-06, 0.1], "k_pid_hsp": [9.844545364379883, 0.9792889356613159, 0.006974935531616211], "k_pid_vsp": [400.0, 397.8857421875, 6.155396461486816]}, "datetime": {"datetime": "2025-08-14 03:58:01", "elapsed": 65409.32289505005, "delta": 28.911739110946655}, "costs": {"total_cost": 1275.6783173728018, "time_cost": 150, "final_distance_cost": 56.5411242484163, "oscillation_cost": 24.495309363467502, "completition_cost": 888.8888888888888, "overshoot_cost": 95.81639402226376, "power_cost": 27.48259854736328, "noise_cost": 32.45400230240217, "n_waypoints_completed": 1, "tot_waypoints": 9}}
{"target": -1189.5897782977759, "params": {"k_pid_pos": [0.0509491004049778, 0.009282857179641724, 0.03999701142311096], "k_pid_alt": [0.0, 1.0, 0.9966312646865845], "k_pid_att": [100.0, 9.999999747378752e-05, 0.9897544384002686], "k_pid_yaw": [0.5, 1e-06, 0.1], "k_pid_hsp": [9.90247917175293, 0.9987921714782715, 0.02848777174949646], "k_pid_vsp": [400.0, 378.7672424316406, 10.831940650939941]}, "datetime": {"datetime": "2025-08-14 03:58:29", "elapsed": 65438.0666911602, "delta": 28.7437961101532}, "costs": {"total_cost": 1189.5897782977759, "time_cost": 150, "final_distance_cost": 79.9375201115481, "oscillation_cost": 49.133222069434, "completition_cost": 777.7777777777778, "overshoot_cost": 70.42765956047161, "power_cost": 32.378977770996094, "noise_cost": 29.934621007548557, "n_waypoints_completed": 2, "tot_waypoints": 9}}
{"target": -1783.1860237613962, "params": {"k_pid_pos": [0.01166915986686945, 0.019708961248397827, 0.010747790336608887], "k_pid_alt": [0.0, 1.0, 0.9885059595108032], "k_pid_att": [100.0, 9.999999747378752e-05, 0.9963778257369995], "k_pid_yaw": [0.5, 1e-06, 0.1], "k_pid_hsp": [9.981236457824707, 0.9677317142486572, 0.05742540955543518], "k_pid_vsp": [400.0, 384.43182373046875, 1.810098648071289]}, "datetime": {"datetime": "2025-08-14 03:58:59", "elapsed": 65468.0350458622, "delta": 29.96835470199585}, "costs": {"total_cost": 1783.1860237613962, "time_cost": 150, "final_distance_cost": 70.99866987482811, "oscillation_cost": 516.6047686157561, "completition_cost": 888.8888888888888, "overshoot_cost": 92.64728158551772, "power_cost": 34.68170075683594, "noise_cost": 29.36471403956974, "n_waypoints_completed": 1, "tot_waypoints": 9}}
{"target": -1269.7472343979005, "params": {"k_pid_pos": [0.02279309555888176, 0.003170490264892578, 0.05330494046211243], "k_pid_alt": [0.0, 1.0, 0.9723172187805176], "k_pid_att": [100.0, 9.999999747378752e-05, 0.992272138595581], "k_pid_yaw": [0.5, 1e-06, 0.1], "k_pid_hsp": [9.813859939575195, 0.9839540719985962, 0.009341657161712646], "k_pid_vsp": [400.0, 397.4252624511719, 4.990530967712402]}, "datetime": {"datetime": "2025-08-14 03:59:30", "elapsed": 65498.418367147446, "delta": 30.383321285247803}, "costs": {"total_cost": 1269.7472343979005, "time_cost": 150, "final_distance_cost": 57.344720489776066, "oscillation_cost": 49.53540402625253, "completition_cost": 888.8888888888888, "overshoot_cost": 76.34043178832133, "power_cost": 19.068876196289064, "noise_cost": 28.568913008372764, "n_waypoints_completed": 1, "tot_waypoints": 9}}
{"target": -1319.0723192495993, "params": {"k_pid_pos": [0.008486669510602951, 0.02371463179588318, 0.1812722086906433], "k_pid_alt": [0.0, 1.0, 0.9857910871505737], "k_pid_att": [100.0, 0.000101788122265134, 0.9004822969436646], "k_pid_yaw": [0.5, 1e-06, 0.1], "k_pid_hsp": [9.978605270385742, 0.9889683127403259, 0.009822428226470947], "k_pid_vsp": [399.9964294433594, 393.0787048339844, 6.070328712463379]}, "datetime": {"datetime": "2025-08-14 03:59:58", "elapsed": 65526.39827084541, "delta": 27.97990369796753}, "costs": {"total_cost": 1319.0723192495993, "time_cost": 150, "final_distance_cost": 61.8420836091507, "oscillation_cost": 38.47840216177896, "completition_cost": 888.8888888888888, "overshoot_cost": 106.45909439880134, "power_cost": 38.711313671875004, "noise_cost": 34.69253651910461, "n_waypoints_completed": 1, "tot_waypoints": 9}}
{"target": -1254.6002095765186, "params": {"k_pid_pos": [0.017215868458151817, 0.0025786161422729492, 0.023787647485733032], "k_pid_alt": [0.0, 1.0, 0.9886218309402466], "k_pid_att": [100.0, 9.999999747378752e-05, 0.9919509291648865], "k_pid_yaw": [0.5, 1e-06, 0.1], "k_pid_hsp": [9.895597457885742, 0.9709963202476501, 0.013379931449890137], "k_pid_vsp": [400.0, 393.31622314453125, 9.741211891174316]}, "datetime": {"datetime": "2025-08-14 04:00:27", "elapsed": 65556.04591798782, "delta": 29.64764714241028}, "costs": {"total_cost": 1254.6002095765186, "time_cost": 150, "final_distance_cost": 48.45240218125515, "oscillation_cost": 38.97553980482476, "completition_cost": 888.8888888888888, "overshoot_cost": 74.04215697653808, "power_cost": 26.21689588623047, "noise_cost": 28.02432583878143, "n_waypoints_completed": 1, "tot_waypoints": 9}}
{"target": -945.0524215442622, "params": {"k_pid_pos": [0.17382287979125977, 0.0031264424324035645, 0.002156496047973633], "k_pid_alt": [0.0, 1.0, 0.9906233549118042], "k_pid_att": [100.0, 9.999999747378752e-05, 0.9806722402572632], "k_pid_yaw": [0.5, 1e-06, 0.1], "k_pid_hsp": [9.990251541137695, 0.9721522331237793, 0.006151735782623291], "k_pid_vsp": [400.0, 386.60107421875, 3.852785587310791]}, "datetime": {"datetime": "2025-08-14 04:00:57", "elapsed": 65585.90776133537, "delta": 29.86184334754944}, "costs": {"total_cost": 945.0524215442622, "time_cost": 150, "final_distance_cost": 37.977604158713916, "oscillation_cost": 60.204134098030224, "completition_cost": 555.5555555555555, "overshoot_cost": 68.26607664496075, "power_cost": 33.42057232666016, "noise_cost": 39.62847876034159, "n_waypoints_completed": 4, "tot_waypoints": 9}}
{"target": -1170.068225275738, "params": {"k_pid_pos": [0.010903576388955116, 0.04800489544868469, 0.036150217056274414], "k_pid_alt": [3.4689903259277344e-05, 1.0, 0.9222437143325806], "k_pid_att": [100.0, 9.999999747378752e-05, 0.9900815486907959], "k_pid_yaw": [0.5, 1e-06, 0.1], "k_pid_hsp": [9.380142211914062, 0.9700669050216675, 0.020585566759109497], "k_pid_vsp": [399.99993896484375, 398.41717529296875, 12.897683143615723]}, "datetime": {"datetime": "2025-08-14 04:01:26", "elapsed": 65614.6376490593, "delta": 28.72988772392273}, "costs": {"total_cost": 1170.068225275738, "time_cost": 150, "final_distance_cost": 66.82454804794656, "oscillation_cost": 41.219830526416544, "completition_cost": 777.7777777777778, "overshoot_cost": 78.4596899195979, "power_cost": 27.560028259277345, "noise_cost": 28.226350744721877, "n_waypoints_completed": 2, "tot_waypoints": 9}}
{"target": -1239.9859727216042, "params": {"k_pid_pos": [0.04235603287816048, 0.027180850505828857, 0.03944715857505798], "k_pid_alt": [0.0, 0.9581022262573242, 0.999427080154419], "k_pid_att": [100.0, 9.999999747378752e-05, 0.9863238334655762], "k_pid_yaw": [0.5, 1e-06, 0.1], "k_pid_hsp": [9.881954193115234, 0.8756675720214844, 0.08676749467849731], "k_pid_vsp": [400.0, 395.7405700683594, 8.725321769714355]}, "datetime": {"datetime": "2025-08-14 04:01:57", "elapsed": 65645.45969390869, "delta": 30.822044849395752}, "costs": {"total_cost": 1239.9859727216042, "time_cost": 150, "final_distance_cost": 94.07018139896579, "oscillation_cost": 72.76472346399832, "completition_cost": 777.7777777777778, "overshoot_cost": 77.34437345012873, "power_cost": 37.13842135009766, "noise_cost": 30.890495280636035, "n_waypoints_completed": 2, "tot_waypoints": 9}}
{"target": -1311.5792355194785, "params": {"k_pid_pos": [0.012101391330361366, 0.02951681613922119, 0.01926681399345398], "k_pid_alt": [0.0, 0.9999962449073792, 0.9917349219322205], "k_pid_att": [100.0, 9.999999747378752e-05, 0.9772335290908813], "k_pid_yaw": [0.5, 1e-06, 0.1], "k_pid_hsp": [9.879590034484863, 0.9818476438522339, 0.022730380296707153], "k_pid_vsp": [400.0, 374.3574523925781, 4.9488911628723145]}, "datetime": {"datetime": "2025-08-14 04:02:28", "elapsed": 65676.15856480598, "delta": 30.69887089729309}, "costs": {"total_cost": 1311.5792355194785, "time_cost": 150, "final_distance_cost": 69.60906297341006, "oscillation_cost": 48.52341148748532, "completition_cost": 888.8888888888888, "overshoot_cost": 87.46154517107374, "power_cost": 33.71894780273438, "noise_cost": 33.37737919588609, "n_waypoints_completed": 1, "tot_waypoints": 9}}
{"target": -841.7227355890263, "params": {"k_pid_pos": [0.16787093877792358, 0.06621754169464111, 0.003499060869216919], "k_pid_alt": [0.0, 0.3794322609901428, 0.9844068288803101], "k_pid_att": [100.0, 9.999999747378752e-05, 0.9874505996704102], "k_pid_yaw": [0.5, 1e-06, 0.1], "k_pid_hsp": [9.722426414489746, 0.9870115518569946, 0.038963377475738525], "k_pid_vsp": [399.9994201660156, 395.1632080078125, 5.752695560455322]}, "datetime": {"datetime": "2025-08-14 04:02:56", "elapsed": 65704.35946059227, "delta": 28.2008957862854}, "costs": {"total_cost": 841.7227355890263, "time_cost": 150, "final_distance_cost": 49.54730070847374, "oscillation_cost": 76.55673431063335, "completition_cost": 444.4444444444444, "overshoot_cost": 60.518762003074016, "power_cost": 27.236995251464844, "noise_cost": 33.418498870935935, "n_waypoints_completed": 5, "tot_waypoints": 9}}
{"target": -1200.5421611556455, "params": {"k_pid_pos": [0.058099810034036636, 0.005937457084655762, 0.013564348220825195], "k_pid_alt": [3.5762786865234375e-07, 1.0, 0.9806967377662659], "k_pid_att": [100.0, 9.999999747378752e-05, 0.9985861778259277], "k_pid_yaw": [0.5, 1e-06, 0.1], "k_pid_hsp": [9.749670028686523, 0.9639365077018738, 0.026081949472427368], "k_pid_vsp": [400.0, 391.0643310546875, 11.917353630065918]}, "datetime": {"datetime": "2025-08-14 04:03:26", "elapsed": 65734.25419449806, "delta": 29.894733905792236}, "costs": {"total_cost": 1200.5421611556455, "time_cost": 150, "final_distance_cost": 90.33824686291754, "oscillation_cost": 61.66375273231048, "completition_cost": 777.7777777777778, "overshoot_cost": 69.28766820823047, "power_cost": 23.501235668945313, "noise_cost": 27.97347990546375, "n_waypoints_completed": 2, "tot_waypoints": 9}}
{"target": -1272.4524842735377, "params": {"k_pid_pos": [0.02263878658413887, 0.00887182354927063, 0.020147502422332764], "k_pid_alt": [0.0, 1.0, 0.9674990177154541], "k_pid_att": [100.0, 9.999999747378752e-05, 0.9440419673919678], "k_pid_yaw": [0.5, 1e-06, 0.1], "k_pid_hsp": [9.896370887756348, 0.9633597135543823, 0.012749165296554565], "k_pid_vsp": [400.0, 385.2724914550781, 11.704731941223145]}, "datetime": {"datetime": "2025-08-14 04:03:56", "elapsed": 65764.90224790573, "delta": 30.648053407669067}, "costs": {"total_cost": 1272.4524842735377, "time_cost": 150, "final_distance_cost": 61.549408164444635, "oscillation_cost": 39.28016293325835, "completition_cost": 888.8888888888888, "overshoot_cost": 76.18215674452475, "power_cost": 28.29325797119141, "noise_cost": 28.25860957122969, "n_waypoints_completed": 1, "tot_waypoints": 9}}
{"target": -1646.167040021565, "params": {"k_pid_pos": [0.01937541551887989, 0.13374096155166626, 0.010511249303817749], "k_pid_alt": [0.0, 1.0, 0.9933749437332153], "k_pid_att": [100.0, 9.999999747378752e-05, 0.8325912952423096], "k_pid_yaw": [0.5, 1e-06, 0.1], "k_pid_hsp": [9.601890563964844, 0.9525958895683289, 0.0770433247089386], "k_pid_vsp": [400.0, 398.8983459472656, 2.8335580825805664]}, "datetime": {"datetime": "2025-08-14 04:04:24", "elapsed": 65792.96564483643, "delta": 28.06339693069458}, "costs": {"total_cost": 1646.167040021565, "time_cost": 150, "final_distance_cost": 92.56933144923254, "oscillation_cost": 496.6446256555877, "completition_cost": 777.7777777777778, "overshoot_cost": 74.30667809115697, "power_cost": 27.922143713378908, "noise_cost": 26.946483334431132, "n_waypoints_completed": 2, "tot_waypoints": 9}}
{"target": -1277.4854310087946, "params": {"k_pid_pos": [0.018391452729701996, 0.013955265283584595, 0.04689103364944458], "k_pid_alt": [0.0, 1.0, 0.995589017868042], "k_pid_att": [99.9997787475586, 0.00010447030217619613, 0.9859116077423096], "k_pid_yaw": [0.5, 1e-06, 0.1], "k_pid_hsp": [9.958731651306152, 0.9872480630874634, 0.0131625235080719], "k_pid_vsp": [400.0, 399.03839111328125, 8.453263282775879]}, "datetime": {"datetime": "2025-08-14 04:04:55", "elapsed": 65823.24855136871, "delta": 30.282906532287598}, "costs": {"total_cost": 1277.4854310087946, "time_cost": 150, "final_distance_cost": 63.499657814291844, "oscillation_cost": 31.970693537252966, "completition_cost": 888.8888888888888, "overshoot_cost": 81.06435481887917, "power_cost": 32.30115396728516, "noise_cost": 29.760681982196658, "n_waypoints_completed": 1, "tot_waypoints": 9}}
{"target": -1292.19488309659, "params": {"k_pid_pos": [0.029797542840242386, 0.014172762632369995, 0.029919356107711792], "k_pid_alt": [0.0, 1.0, 0.9709115624427795], "k_pid_att": [100.0, 9.999999747378752e-05, 0.992741048336029], "k_pid_yaw": [0.5, 1e-06, 0.1], "k_pid_hsp": [9.754152297973633, 0.9588688611984253, 0.026513785123825073], "k_pid_vsp": [399.9998474121094, 377.3501892089844, 3.001774311065674]}, "datetime": {"datetime": "2025-08-14 04:05:24", "elapsed": 65852.463057518, "delta": 29.214506149291992}, "costs": {"total_cost": 1292.19488309659, "time_cost": 150, "final_distance_cost": 76.28779606871895, "oscillation_cost": 40.76718067930453, "completition_cost": 888.8888888888888, "overshoot_cost": 66.99959860032766, "power_cost": 35.2535458984375, "noise_cost": 33.99787296091273, "n_waypoints_completed": 1, "tot_waypoints": 9}}
{"target": -1588.3045381447039, "params": {"k_pid_pos": [0.011364058591425419, 0.007277965545654297, 0.11465930938720703], "k_pid_alt": [0.0, 1.0, 0.899510383605957], "k_pid_att": [99.99999237060547, 9.999999747378752e-05, 0.9974226951599121], "k_pid_yaw": [0.5, 1e-06, 0.1], "k_pid_hsp": [9.648297309875488, 0.9256331920623779, 0.042473018169403076], "k_pid_vsp": [400.0, 388.7627868652344, 1.0182151794433594]}, "datetime": {"datetime": "2025-08-14 04:05:53", "elapsed": 65881.93906354904, "delta": 29.476006031036377}, "costs": {"total_cost": 1588.3045381447039, "time_cost": 150, "final_distance_cost": 57.899398767019264, "oscillation_cost": 349.53234554478195, "completition_cost": 888.8888888888888, "overshoot_cost": 86.19564469218778, "power_cost": 27.527866662597656, "noise_cost": 28.260393589228595, "n_waypoints_completed": 1, "tot_waypoints": 9}}
{"target": -1030.03369893586, "params": {"k_pid_pos": [0.0907929316163063, 0.006494104862213135, 0.0032636523246765137], "k_pid_alt": [0.0, 1.0, 0.9653739929199219], "k_pid_att": [100.0, 0.00010268217738484964, 0.988136887550354], "k_pid_yaw": [0.5, 1e-06, 0.1], "k_pid_hsp": [9.905147552490234, 0.989382266998291, 0.004995465278625488], "k_pid_vsp": [400.0, 392.39190673828125, 5.365205764770508]}, "datetime": {"datetime": "2025-08-14 04:06:22", "elapsed": 65910.74183702469, "delta": 28.802773475646973}, "costs": {"total_cost": 1030.03369893586, "time_cost": 150, "final_distance_cost": 52.71606806731652, "oscillation_cost": 37.26477913750765, "completition_cost": 666.6666666666667, "overshoot_cost": 71.32621078448001, "power_cost": 20.54754471435547, "noise_cost": 31.512429565533544, "n_waypoints_completed": 3, "tot_waypoints": 9}}
{"target": -1202.5484214396167, "params": {"k_pid_pos": [0.14090731739997864, 0.0051812827587127686, 0.05794745683670044], "k_pid_alt": [0.0, 1.0, 0.9916439056396484], "k_pid_att": [100.0, 9.999999747378752e-05, 0.831971287727356], "k_pid_yaw": [0.5, 1e-06, 0.1], "k_pid_hsp": [9.86109733581543, 0.9898377656936646, 0.02739351987838745], "k_pid_vsp": [400.0, 394.2526550292969, 1.3195405006408691]}, "datetime": {"datetime": "2025-08-14 04:06:54", "elapsed": 65942.51772093773, "delta": 31.77588391304016}, "costs": {"total_cost": 1202.5484214396167, "time_cost": 150, "final_distance_cost": 46.28073986426851, "oscillation_cost": 319.7338626620943, "completition_cost": 555.5555555555555, "overshoot_cost": 64.73727120161203, "power_cost": 33.26469248046875, "noise_cost": 32.976299675617796, "n_waypoints_completed": 4, "tot_waypoints": 9}}
{"target": -1286.763572300665, "params": {"k_pid_pos": [0.009293615818023682, 0.10904109477996826, 0.020848393440246582], "k_pid_alt": [0.0, 1.0, 0.9881988763809204], "k_pid_att": [99.99823760986328, 9.999999747378752e-05, 0.9858726263046265], "k_pid_yaw": [0.5, 1e-06, 0.1], "k_pid_hsp": [9.89340591430664, 0.9917060136795044, 0.020519345998764038], "k_pid_vsp": [400.0, 385.5970153808594, 6.504214763641357]}, "datetime": {"datetime": "2025-08-14 04:07:23", "elapsed": 65971.46874952316, "delta": 28.95102858543396}, "costs": {"total_cost": 1286.763572300665, "time_cost": 150, "final_distance_cost": 70.25580533503744, "oscillation_cost": 46.887227849215996, "completition_cost": 888.8888888888888, "overshoot_cost": 63.39205061845012, "power_cost": 34.72774633789063, "noise_cost": 32.611853271181914, "n_waypoints_completed": 1, "tot_waypoints": 9}}
{"target": -1208.591937569993, "params": {"k_pid_pos": [0.04391300678253174, 0.022929638624191284, 0.030117064714431763], "k_pid_alt": [0.0, 1.0, 0.9919423460960388], "k_pid_att": [100.0, 9.999999747378752e-05, 0.9864773750305176], "k_pid_yaw": [0.5, 1e-06, 0.1], "k_pid_hsp": [9.852538108825684, 0.9745588898658752, 0.05057433247566223], "k_pid_vsp": [400.0, 392.6314392089844, 7.512773036956787]}, "datetime": {"datetime": "2025-08-14 04:07:50", "elapsed": 65999.05779099464, "delta": 27.589041471481323}, "costs": {"total_cost": 1208.591937569993, "time_cost": 150, "final_distance_cost": 83.40209042494018, "oscillation_cost": 59.18860213838381, "completition_cost": 777.7777777777778, "overshoot_cost": 75.88812673112237, "power_cost": 31.170454443359375, "noise_cost": 31.164886054409404, "n_waypoints_completed": 2, "tot_waypoints": 9}}
{"target": -1078.460782441943, "params": {"k_pid_pos": [0.11017926782369614, 0.009404420852661133, 0.0067024827003479], "k_pid_alt": [0.0, 1.0, 0.9970954656600952], "k_pid_att": [100.0, 9.999999747378752e-05, 0.9757248163223267], "k_pid_yaw": [0.5, 1e-06, 0.1], "k_pid_hsp": [9.911219596862793, 0.991920530796051, 0.0474858283996582], "k_pid_vsp": [400.0, 329.096923828125, 5.03134822845459]}, "datetime": {"datetime": "2025-08-14 04:08:22", "elapsed": 66030.92827892303, "delta": 31.870487928390503}, "costs": {"total_cost": 1078.460782441943, "time_cost": 150, "final_distance_cost": 52.75707977924879, "oscillation_cost": 91.44000045061497, "completition_cost": 666.6666666666667, "overshoot_cost": 66.50489166648596, "power_cost": 22.196594201660158, "noise_cost": 28.895549677266317, "n_waypoints_completed": 3, "tot_waypoints": 9}}
{"target": -1273.4861641586253, "params": {"k_pid_pos": [0.037902895361185074, 0.006331354379653931, 0.007183164358139038], "k_pid_alt": [0.0, 1.0, 0.9968663454055786], "k_pid_att": [99.99998474121094, 9.999999747378752e-05, 0.9776560068130493], "k_pid_yaw": [0.5, 1e-06, 0.1], "k_pid_hsp": [9.65297794342041, 0.9261884689331055, 0.023668766021728516], "k_pid_vsp": [400.0, 393.4796447753906, 7.907987594604492]}, "datetime": {"datetime": "2025-08-14 04:08:53", "elapsed": 66061.50181531906, "delta": 30.57353639602661}, "costs": {"total_cost": 1273.4861641586253, "time_cost": 150, "final_distance_cost": 64.45131738360833, "oscillation_cost": 52.23238235866038, "completition_cost": 888.8888888888888, "overshoot_cost": 61.230360559475024, "power_cost": 26.971701208496096, "noise_cost": 29.71151375949679, "n_waypoints_completed": 1, "tot_waypoints": 9}}
{"target": -378.423608038952, "params": {"k_pid_pos": [0.6909548044204712, 0.005758792161941528, 0.0045888423919677734], "k_pid_alt": [0.0, 1.0, 0.9926292896270752], "k_pid_att": [100.0, 9.999999747378752e-05, 0.9916628003120422], "k_pid_yaw": [0.5, 1e-06, 0.1], "k_pid_hsp": [9.868513107299805, 0.9934709072113037, 0.016652971506118774], "k_pid_vsp": [400.0, 394.3016662597656, 1.5254626274108887]}, "datetime": {"datetime": "2025-08-14 04:09:17", "elapsed": 66085.4652004242, "delta": 23.963385105133057}, "costs": {"total_cost": 378.423608038952, "time_cost": 105.46900000000001, "final_distance_cost": 1.8257614089707292, "oscillation_cost": 153.4846268476366, "completition_cost": 0.0, "overshoot_cost": 65.21002422100447, "power_cost": 24.21126533203125, "noise_cost": 28.222930229308933, "n_waypoints_completed": 9, "tot_waypoints": 9}}
