{"target": -1333.150462179968, "params": {"k_pid_pos": [0.027604201808571815, 0.01274988055229187, 0.01876649260520935], "k_pid_alt": [2.980232238769531e-07, 0.9999993443489075, 0.9627609252929688], "k_pid_att": [100.0, 9.999999747378752e-05, 0.9903830289840698], "k_pid_yaw": [0.5, 1e-06, 0.1], "k_pid_hsp": [9.742470741271973, 0.9883549213409424, 0.01057407259941101], "k_pid_vsp": [400.0, 389.7466735839844, 2.3919591903686523]}, "datetime": {"datetime": "2025-08-14 04:33:31", "elapsed": 67540.056173563, "delta": 29.015021324157715}, "costs": {"total_cost": 1333.150462179968, "time_cost": 150, "final_distance_cost": 64.83646015998063, "oscillation_cost": 106.77225127250097, "completition_cost": 888.8888888888888, "overshoot_cost": 69.00696014659064, "power_cost": 23.246764074707034, "noise_cost": 30.39913763729984, "n_waypoints_completed": 1, "tot_waypoints": 9}}
{"target": -845.9143972362159, "params": {"k_pid_pos": [0.18753138184547424, 0.007303208112716675, 0.021770596504211426], "k_pid_alt": [0.0, 1.0, 0.9940165281295776], "k_pid_att": [100.0, 9.999999747378752e-05, 0.9963194131851196], "k_pid_yaw": [0.5, 1e-06, 0.1], "k_pid_hsp": [9.623799324035645, 0.9900960326194763, 0.025252610445022583], "k_pid_vsp": [400.0, 399.6903991699219, 6.163264274597168]}, "datetime": {"datetime": "2025-08-14 04:34:01", "elapsed": 67569.78182911873, "delta": 29.725655555725098}, "costs": {"total_cost": 845.9143972362159, "time_cost": 150, "final_distance_cost": 62.85740827653556, "oscillation_cost": 168.3376544815485, "completition_cost": 333.33333333333337, "overshoot_cost": 67.5322531941256, "power_cost": 30.344341735839844, "noise_cost": 33.509406214832985, "n_waypoints_completed": 6, "tot_waypoints": 9}}
{"target": -1101.989172965642, "params": {"k_pid_pos": [0.026161780580878258, 0.07193455100059509, 0.006583958864212036], "k_pid_alt": [0.0, 0.8697128295898438, 0.9936649799346924], "k_pid_att": [100.0, 9.999999747378752e-05, 0.9864646196365356], "k_pid_yaw": [0.5, 1e-06, 0.1], "k_pid_hsp": [9.634222984313965, 0.9107372760772705, 0.003095656633377075], "k_pid_vsp": [400.0, 395.4681396484375, 3.4910807609558105]}, "datetime": {"datetime": "2025-08-14 04:34:30", "elapsed": 67598.39812660217, "delta": 28.616297483444214}, "costs": {"total_cost": 1101.989172965642, "time_cost": 150, "final_distance_cost": 84.47061300775535, "oscillation_cost": 45.29617172233009, "completition_cost": 666.6666666666667, "overshoot_cost": 85.01143211662183, "power_cost": 36.17952431640625, "noise_cost": 34.364765135861695, "n_waypoints_completed": 3, "tot_waypoints": 9}}
{"target": -1096.543781075158, "params": {"k_pid_pos": [0.08358286321163177, 0.04767107963562012, 0.03566792607307434], "k_pid_alt": [0.0, 1.0, 0.971716046333313], "k_pid_att": [100.0, 9.999999747378752e-05, 0.9871301651000977], "k_pid_yaw": [0.5, 1e-06, 0.1], "k_pid_hsp": [9.720990180969238, 0.9910287857055664, 0.057570576667785645], "k_pid_vsp": [400.0, 395.4367980957031, 12.21227741241455]}, "datetime": {"datetime": "2025-08-14 04:34:58", "elapsed": 67627.08044266701, "delta": 28.682316064834595}, "costs": {"total_cost": 1096.543781075158, "time_cost": 150, "final_distance_cost": 54.31003620029917, "oscillation_cost": 101.02387688109401, "completition_cost": 666.6666666666667, "overshoot_cost": 71.59595487246926, "power_cost": 24.914844201660156, "noise_cost": 28.03240225296882, "n_waypoints_completed": 3, "tot_waypoints": 9}}
{"target": -1328.4400389244227, "params": {"k_pid_pos": [0.009574339725077152, 0.0020329058170318604, 0.005431562662124634], "k_pid_alt": [0.0, 1.0, 0.9815789461135864], "k_pid_att": [100.0, 9.999999747378752e-05, 0.9756267070770264], "k_pid_yaw": [0.5, 1e-06, 0.1], "k_pid_hsp": [9.938881874084473, 0.9884620308876038, 0.024576157331466675], "k_pid_vsp": [400.0, 393.70220947265625, 18.634845733642578]}, "datetime": {"datetime": "2025-08-14 04:35:26", "elapsed": 67654.91895341873, "delta": 27.838510751724243}, "costs": {"total_cost": 1328.4400389244227, "time_cost": 150, "final_distance_cost": 40.15485167306613, "oscillation_cost": 45.47701549084388, "completition_cost": 1000.0, "overshoot_cost": 38.495123398904184, "power_cost": 26.52696492919922, "noise_cost": 27.786083432409317, "n_waypoints_completed": 0, "tot_waypoints": 9}}
{"target": -1183.9431477959247, "params": {"k_pid_pos": [0.04589034989476204, 0.00613713264465332, 0.04894053936004639], "k_pid_alt": [5.841255187988281e-06, 1.0, 0.9585217237472534], "k_pid_att": [100.0, 0.00010059603664558381, 0.9859330654144287], "k_pid_yaw": [0.5, 1e-06, 0.1], "k_pid_hsp": [9.642266273498535, 0.9931648969650269, 0.00667041540145874], "k_pid_vsp": [400.0, 397.885986328125, 7.308090686798096]}, "datetime": {"datetime": "2025-08-14 04:35:55", "elapsed": 67684.05267238617, "delta": 29.133718967437744}, "costs": {"total_cost": 1183.9431477959247, "time_cost": 150, "final_distance_cost": 84.21402453568074, "oscillation_cost": 40.19121951056844, "completition_cost": 777.7777777777778, "overshoot_cost": 67.14923083530957, "power_cost": 33.2456376953125, "noise_cost": 31.36525744127564, "n_waypoints_completed": 2, "tot_waypoints": 9}}
{"target": -1069.7852478332625, "params": {"k_pid_pos": [0.10462838411331177, 0.014369189739227295, 0.003446727991104126], "k_pid_alt": [0.0, 1.0, 0.9635117650032043], "k_pid_att": [100.0, 9.999999747378752e-05, 0.984970211982727], "k_pid_yaw": [0.5, 1e-06, 0.1], "k_pid_hsp": [9.773959159851074, 0.9840850234031677, 0.034429460763931274], "k_pid_vsp": [400.0, 392.0561828613281, 16.197851181030273]}, "datetime": {"datetime": "2025-08-14 04:36:24", "elapsed": 67713.02922201157, "delta": 28.97654962539673}, "costs": {"total_cost": 1069.7852478332625, "time_cost": 150, "final_distance_cost": 53.03550376316856, "oscillation_cost": 78.19238145833994, "completition_cost": 666.6666666666667, "overshoot_cost": 66.83795130264815, "power_cost": 25.887568579101565, "noise_cost": 29.165176063337604, "n_waypoints_completed": 3, "tot_waypoints": 9}}
{"target": -1157.083827456792, "params": {"k_pid_pos": [0.026192951947450638, 0.02872699499130249, 0.0034225881099700928], "k_pid_alt": [0.0, 1.0, 0.9895118474960327], "k_pid_att": [100.0, 9.999999747378752e-05, 0.9526355266571045], "k_pid_yaw": [0.5, 1e-06, 0.1], "k_pid_hsp": [9.708074569702148, 0.9984428882598877, 0.0023379623889923096], "k_pid_vsp": [400.0, 397.33740234375, 1.3259897232055664]}, "datetime": {"datetime": "2025-08-14 04:36:54", "elapsed": 67742.82771730423, "delta": 29.798495292663574}, "costs": {"total_cost": 1157.083827456792, "time_cost": 150, "final_distance_cost": 72.6685772060093, "oscillation_cost": 22.841259288881414, "completition_cost": 777.7777777777778, "overshoot_cost": 83.11187672203512, "power_cost": 20.40870925292969, "noise_cost": 30.275627209158735, "n_waypoints_completed": 2, "tot_waypoints": 9}}
{"target": -1060.1861070314335, "params": {"k_pid_pos": [0.08920401334762573, 0.012067466974258423, 0.0019275844097137451], "k_pid_alt": [0.0, 0.9999991655349731, 0.9956932067871094], "k_pid_att": [100.0, 9.999999747378752e-05, 0.94279545545578], "k_pid_yaw": [0.5, 1e-06, 0.1], "k_pid_hsp": [9.723352432250977, 0.9750099182128906, 0.012551546096801758], "k_pid_vsp": [400.0, 379.6818542480469, 20.467998504638672]}, "datetime": {"datetime": "2025-08-14 04:37:22", "elapsed": 67770.78479099274, "delta": 27.95707368850708}, "costs": {"total_cost": 1060.1861070314335, "time_cost": 150, "final_distance_cost": 52.47603032019438, "oscillation_cost": 53.401457758719296, "completition_cost": 666.6666666666667, "overshoot_cost": 71.36253325991191, "power_cost": 34.045853149414064, "noise_cost": 32.23356587652703, "n_waypoints_completed": 3, "tot_waypoints": 9}}
{"target": -1249.814970912807, "params": {"k_pid_pos": [0.00958250556141138, 0.06072729825973511, 0.016279637813568115], "k_pid_alt": [9.98377799987793e-05, 1.0, 0.9756175875663757], "k_pid_att": [100.0, 9.999999747378752e-05, 0.9807960987091064], "k_pid_yaw": [0.5, 1e-06, 0.1], "k_pid_hsp": [9.879130363464355, 0.9964620471000671, 0.02065134048461914], "k_pid_vsp": [400.0, 397.6162109375, 6.596625804901123]}, "datetime": {"datetime": "2025-08-14 04:37:50", "elapsed": 67799.02326631546, "delta": 28.23847532272339}, "costs": {"total_cost": 1249.814970912807, "time_cost": 150, "final_distance_cost": 76.06692395153473, "oscillation_cost": 93.88047926198445, "completition_cost": 777.7777777777778, "overshoot_cost": 81.95824598271855, "power_cost": 37.29005164794922, "noise_cost": 32.84149229084205, "n_waypoints_completed": 2, "tot_waypoints": 9}}
{"target": -1014.4260446147756, "params": {"k_pid_pos": [0.171576127409935, 0.011242002248764038, 0.012059986591339111], "k_pid_alt": [0.0, 1.0, 0.8892621994018555], "k_pid_att": [100.0, 9.999999747378752e-05, 0.9960556030273438], "k_pid_yaw": [0.5, 1e-06, 0.1], "k_pid_hsp": [9.81313705444336, 0.9427717328071594, 0.03525063395500183], "k_pid_vsp": [400.0, 329.78546142578125, 3.3067474365234375]}, "datetime": {"datetime": "2025-08-14 04:38:18", "elapsed": 67826.91131925583, "delta": 27.888052940368652}, "costs": {"total_cost": 1014.4260446147756, "time_cost": 150, "final_distance_cost": 45.324069242165606, "oscillation_cost": 256.0608143920856, "completition_cost": 444.4444444444444, "overshoot_cost": 67.38204044169355, "power_cost": 22.040457543945312, "noise_cost": 29.174218550441054, "n_waypoints_completed": 5, "tot_waypoints": 9}}
{"target": -1244.8807952107397, "params": {"k_pid_pos": [0.008134960196912289, 0.005495190620422363, 0.06156128644943237], "k_pid_alt": [0.0, 1.0, 0.9677065014839172], "k_pid_att": [100.0, 9.999999747378752e-05, 0.9922392964363098], "k_pid_yaw": [0.5, 1e-06, 0.1], "k_pid_hsp": [9.895743370056152, 0.9904924035072327, 0.023373693227767944], "k_pid_vsp": [400.0, 392.90350341796875, 3.2644877433776855]}, "datetime": {"datetime": "2025-08-14 04:38:48", "elapsed": 67856.44867372513, "delta": 29.537354469299316}, "costs": {"total_cost": 1244.8807952107397, "time_cost": 150, "final_distance_cost": 49.74183013807705, "oscillation_cost": 23.67895262465889, "completition_cost": 888.8888888888888, "overshoot_cost": 72.03697296245291, "power_cost": 28.553516516113284, "noise_cost": 31.98063408054897, "n_waypoints_completed": 1, "tot_waypoints": 9}}
{"target": -1232.7732320415298, "params": {"k_pid_pos": [0.05945968255400658, 0.008601129055023193, 0.0021888315677642822], "k_pid_alt": [7.748603820800781e-07, 1.0, 0.9909051656723022], "k_pid_att": [99.99996185302734, 9.999999747378752e-05, 0.9849969744682312], "k_pid_yaw": [0.5, 1e-06, 0.1], "k_pid_hsp": [9.920771598815918, 0.9932490587234497, 0.04788845777511597], "k_pid_vsp": [400.0, 398.91546630859375, 2.566648483276367]}, "datetime": {"datetime": "2025-08-14 04:39:17", "elapsed": 67885.28700494766, "delta": 28.83833122253418}, "costs": {"total_cost": 1232.7732320415298, "time_cost": 150, "final_distance_cost": 88.25845879981648, "oscillation_cost": 84.56779081032343, "completition_cost": 777.7777777777778, "overshoot_cost": 69.50632285750206, "power_cost": 31.346852465820312, "noise_cost": 31.316029330289737, "n_waypoints_completed": 2, "tot_waypoints": 9}}
{"target": -1076.803006580936, "params": {"k_pid_pos": [0.08507457375526428, 0.03106868267059326, 0.08092379570007324], "k_pid_alt": [0.0, 1.0, 0.9670319557189941], "k_pid_att": [100.0, 9.999999747378752e-05, 0.9881881475448608], "k_pid_yaw": [0.5, 1e-06, 0.1], "k_pid_hsp": [9.851844787597656, 0.9886559844017029, 0.003990739583969116], "k_pid_vsp": [400.0, 393.520751953125, 4.092539310455322]}, "datetime": {"datetime": "2025-08-14 04:39:45", "elapsed": 67913.40729641914, "delta": 28.120291471481323}, "costs": {"total_cost": 1076.803006580936, "time_cost": 150, "final_distance_cost": 51.27356464821234, "oscillation_cost": 74.52713804131301, "completition_cost": 666.6666666666667, "overshoot_cost": 72.23068636837564, "power_cost": 26.54735213623047, "noise_cost": 35.55759872013783, "n_waypoints_completed": 3, "tot_waypoints": 9}}
{"target": -1158.5408562980851, "params": {"k_pid_pos": [0.037283215671777725, 0.041928231716156006, 0.004304349422454834], "k_pid_alt": [0.0, 1.0, 0.9774973392486572], "k_pid_att": [100.0, 9.999999747378752e-05, 0.9874874353408813], "k_pid_yaw": [0.5, 1e-06, 0.1], "k_pid_hsp": [9.954080581665039, 0.9946736097335815, 0.003885239362716675], "k_pid_vsp": [400.0, 396.8804626464844, 6.635166168212891]}, "datetime": {"datetime": "2025-08-14 04:40:14", "elapsed": 67942.95311045647, "delta": 29.545814037322998}, "costs": {"total_cost": 1158.5408562980851, "time_cost": 150, "final_distance_cost": 80.4555680297909, "oscillation_cost": 21.803299046670613, "completition_cost": 777.7777777777778, "overshoot_cost": 75.78477803766243, "power_cost": 22.07373063964844, "noise_cost": 30.645702766535138, "n_waypoints_completed": 2, "tot_waypoints": 9}}
{"target": -1214.2811999430844, "params": {"k_pid_pos": [0.034537725150585175, 0.037736207246780396, 0.005529195070266724], "k_pid_alt": [0.0, 1.0, 0.9954020977020264], "k_pid_att": [100.0, 9.999999747378752e-05, 0.9801156520843506], "k_pid_yaw": [0.5, 1e-06, 0.1], "k_pid_hsp": [9.906657218933105, 0.9914959669113159, 0.020379334688186646], "k_pid_vsp": [381.5748596191406, 383.360107421875, 31.507266998291016]}, "datetime": {"datetime": "2025-08-14 04:40:43", "elapsed": 67971.89257359505, "delta": 28.939463138580322}, "costs": {"total_cost": 1214.2811999430844, "time_cost": 150, "final_distance_cost": 88.34669697149604, "oscillation_cost": 67.06699274290719, "completition_cost": 777.7777777777778, "overshoot_cost": 77.16479896888944, "power_cost": 26.422425903320313, "noise_cost": 27.50250757869354, "n_waypoints_completed": 2, "tot_waypoints": 9}}
{"target": -1318.2223839468832, "params": {"k_pid_pos": [0.011307615786790848, 0.022434622049331665, 0.1223398745059967], "k_pid_alt": [0.0, 1.0, 0.9935607314109802], "k_pid_att": [99.99998474121094, 9.999999747378752e-05, 0.951350212097168], "k_pid_yaw": [0.5, 1e-06, 0.1], "k_pid_hsp": [9.795525550842285, 0.9706019163131714, 0.0020904242992401123], "k_pid_vsp": [400.0, 394.5790710449219, 2.6577839851379395]}, "datetime": {"datetime": "2025-08-14 04:41:12", "elapsed": 68000.16052246094, "delta": 28.267948865890503}, "costs": {"total_cost": 1318.2223839468832, "time_cost": 150, "final_distance_cost": 49.244442538530784, "oscillation_cost": 45.63066858122062, "completition_cost": 888.8888888888888, "overshoot_cost": 108.79236309916736, "power_cost": 40.53583161621094, "noise_cost": 35.13018922286446, "n_waypoints_completed": 1, "tot_waypoints": 9}}
{"target": -374.99589154662755, "params": {"k_pid_pos": [0.39645618200302124, 0.004808932542800903, 0.10976797342300415], "k_pid_alt": [0.0, 0.9995753765106201, 0.8957928419113159], "k_pid_att": [100.0, 9.999999747378752e-05, 0.9963511228561401], "k_pid_yaw": [0.5, 1e-06, 0.1], "k_pid_hsp": [9.913322448730469, 0.9549724459648132, 0.004677921533584595], "k_pid_vsp": [400.0, 391.80780029296875, 0.7266770005226135]}, "datetime": {"datetime": "2025-08-14 04:41:38", "elapsed": 68026.3548283577, "delta": 26.194305896759033}, "costs": {"total_cost": 374.99589154662755, "time_cost": 114.898, "final_distance_cost": 1.8321970470731654, "oscillation_cost": 131.72504804751978, "completition_cost": 0.0, "overshoot_cost": 67.00558783116578, "power_cost": 28.00649871826172, "noise_cost": 31.528559902607117, "n_waypoints_completed": 9, "tot_waypoints": 9}}
{"target": -1848.1962014370756, "params": {"k_pid_pos": [0.015244425274431705, 0.025121569633483887, 0.004681527614593506], "k_pid_alt": [1.6093254089355469e-06, 1.0, 0.9895063638687134], "k_pid_att": [100.0, 9.999999747378752e-05, 0.9991655945777893], "k_pid_yaw": [0.5, 1e-06, 0.1], "k_pid_hsp": [9.866860389709473, 0.9903686046600342, 0.14076974987983704], "k_pid_vsp": [400.0, 396.0983581542969, 2.9215941429138184]}, "datetime": {"datetime": "2025-08-14 04:42:08", "elapsed": 68056.1715259552, "delta": 29.816697597503662}, "costs": {"total_cost": 1848.1962014370756, "time_cost": 150, "final_distance_cost": 74.64337878869303, "oscillation_cost": 591.3151208178576, "completition_cost": 888.8888888888888, "overshoot_cost": 79.75949379260284, "power_cost": 35.310432641601565, "noise_cost": 28.278886507431373, "n_waypoints_completed": 1, "tot_waypoints": 9}}
{"target": -1219.8842947245187, "params": {"k_pid_pos": [0.08001087605953217, 0.002660095691680908, 0.02798345685005188], "k_pid_alt": [0.0, 1.0, 0.9901111125946045], "k_pid_att": [100.0, 9.999999747378752e-05, 0.9815936088562012], "k_pid_yaw": [0.5, 1e-06, 0.1], "k_pid_hsp": [9.931666374206543, 0.995288074016571, 0.03703737258911133], "k_pid_vsp": [400.0, 397.7217102050781, 4.722381591796875]}, "datetime": {"datetime": "2025-08-14 04:42:35", "elapsed": 68083.96667385101, "delta": 27.79514789581299}, "costs": {"total_cost": 1219.8842947245187, "time_cost": 150, "final_distance_cost": 94.11760184708291, "oscillation_cost": 79.04112100283729, "completition_cost": 777.7777777777778, "overshoot_cost": 62.15352930602847, "power_cost": 26.58398992919922, "noise_cost": 30.210274861592758, "n_waypoints_completed": 2, "tot_waypoints": 9}}
{"target": -1300.9674838950546, "params": {"k_pid_pos": [0.01667313650250435, 0.011101216077804565, 0.00895458459854126], "k_pid_alt": [0.00016868114471435547, 1.0, 0.9411377906799316], "k_pid_att": [100.0, 9.999999747378752e-05, 0.9971213340759277], "k_pid_yaw": [0.5, 1e-06, 0.1], "k_pid_hsp": [9.688883781433105, 0.9732280373573303, 0.011235356330871582], "k_pid_vsp": [400.0, 395.3788757324219, 4.839242458343506]}, "datetime": {"datetime": "2025-08-14 04:43:02", "elapsed": 68110.36685371399, "delta": 26.400179862976074}, "costs": {"total_cost": 1300.9674838950546, "time_cost": 150, "final_distance_cost": 71.31407801725626, "oscillation_cost": 38.491834695468, "completition_cost": 888.8888888888888, "overshoot_cost": 85.18805574680509, "power_cost": 33.283288781738285, "noise_cost": 33.80133776489817, "n_waypoints_completed": 1, "tot_waypoints": 9}}
{"target": -1282.8524482054406, "params": {"k_pid_pos": [0.012193952687084675, 0.029006540775299072, 0.011341214179992676], "k_pid_alt": [0.0, 1.0, 0.9985189437866211], "k_pid_att": [100.0, 0.00010208613821305335, 0.9973028898239136], "k_pid_yaw": [0.5, 1e-06, 0.1], "k_pid_hsp": [9.696975708007812, 0.9882646799087524, 0.010363757610321045], "k_pid_vsp": [400.0, 391.79510498046875, 5.957175254821777]}, "datetime": {"datetime": "2025-08-14 04:43:30", "elapsed": 68138.99625253677, "delta": 28.629398822784424}, "costs": {"total_cost": 1282.8524482054406, "time_cost": 150, "final_distance_cost": 64.16648731422787, "oscillation_cost": 39.613488935226336, "completition_cost": 888.8888888888888, "overshoot_cost": 85.96359453832468, "power_cost": 23.64863944091797, "noise_cost": 30.571349087854795, "n_waypoints_completed": 1, "tot_waypoints": 9}}
{"target": -1069.5936928948324, "params": {"k_pid_pos": [0.08328580856323242, 0.02851027250289917, 0.0034210383892059326], "k_pid_alt": [0.0, 1.0, 0.9916013479232788], "k_pid_att": [100.0, 9.999999747378752e-05, 0.9963194131851196], "k_pid_yaw": [0.5, 1e-06, 0.1], "k_pid_hsp": [9.863069534301758, 0.9797824025154114, 0.004873812198638916], "k_pid_vsp": [400.0, 398.6820983886719, 4.2805562019348145]}, "datetime": {"datetime": "2025-08-14 04:43:59", "elapsed": 68167.99044561386, "delta": 28.994193077087402}, "costs": {"total_cost": 1069.5936928948324, "time_cost": 150, "final_distance_cost": 51.400601244490886, "oscillation_cost": 76.80704564220423, "completition_cost": 666.6666666666667, "overshoot_cost": 70.58198073123773, "power_cost": 21.050440368652346, "noise_cost": 33.08695824158059, "n_waypoints_completed": 3, "tot_waypoints": 9}}
{"target": -1279.4133741241324, "params": {"k_pid_pos": [0.012869477272033691, 0.024686872959136963, 0.006634563207626343], "k_pid_alt": [0.0, 1.0, 0.9884191155433655], "k_pid_att": [100.0, 0.00015364363207481802, 0.9261481761932373], "k_pid_yaw": [0.5, 1e-06, 0.1], "k_pid_hsp": [9.916984558105469, 0.9827117919921875, 0.004115790128707886], "k_pid_vsp": [400.0, 388.6446228027344, 13.983489036560059]}, "datetime": {"datetime": "2025-08-14 04:44:28", "elapsed": 68196.39007997513, "delta": 28.39963436126709}, "costs": {"total_cost": 1279.4133741241324, "time_cost": 150, "final_distance_cost": 65.47832714046082, "oscillation_cost": 31.157193196319824, "completition_cost": 888.8888888888888, "overshoot_cost": 84.61530248210018, "power_cost": 30.02513073730469, "noise_cost": 29.24853167905837, "n_waypoints_completed": 1, "tot_waypoints": 9}}
{"target": -1259.8711736429768, "params": {"k_pid_pos": [0.04899047315120697, 0.0013637542724609375, 0.0284213125705719], "k_pid_alt": [0.0, 1.0, 0.9686387777328491], "k_pid_att": [100.0, 9.999999747378752e-05, 0.9794738292694092], "k_pid_yaw": [0.5, 1e-06, 0.1], "k_pid_hsp": [9.723810195922852, 0.9876563549041748, 0.011640280485153198], "k_pid_vsp": [400.0, 399.0718994140625, 5.2092204093933105]}, "datetime": {"datetime": "2025-08-14 04:44:56", "elapsed": 68224.4781897068, "delta": 28.088109731674194}, "costs": {"total_cost": 1259.8711736429768, "time_cost": 150, "final_distance_cost": 71.42710833963288, "oscillation_cost": 28.59378229631605, "completition_cost": 888.8888888888888, "overshoot_cost": 58.42013719845417, "power_cost": 29.885148657226566, "noise_cost": 32.656108262458424, "n_waypoints_completed": 1, "tot_waypoints": 9}}
