{"target": -1107.2716201589906, "params": {"k_pid_pos": [0.09737814217805862, 0.1867295801639557, 0.03549546003341675], "k_pid_alt": [0.0, 0.7810502052307129, 0.9707956314086914], "k_pid_att": [100.0, 9.999999747378752e-05, 0.9967678785324097], "k_pid_yaw": [0.5, 1e-06, 0.1], "k_pid_hsp": [9.953291893005371, 0.9937812089920044, 0.008188366889953613], "k_pid_vsp": [400.0, 397.5647888183594, 1.1154541969299316]}, "datetime": {"datetime": "2025-08-14 03:20:59", "elapsed": 63187.77017903328, "delta": 29.91515827178955}, "costs": {"total_cost": 1107.2716201589906, "time_cost": 150, "final_distance_cost": 41.422892396102654, "oscillation_cost": 228.90048167521527, "completition_cost": 555.5555555555555, "overshoot_cost": 66.8854833091081, "power_cost": 30.92128278808594, "noise_cost": 33.58592443492293, "n_waypoints_completed": 4, "tot_waypoints": 9}}
{"target": -1259.2379475788287, "params": {"k_pid_pos": [0.028196701779961586, 0.010933071374893188, 0.03107479214668274], "k_pid_alt": [0.0, 1.0, 0.9856972694396973], "k_pid_att": [99.97042083740234, 9.999999747378752e-05, 0.9820741415023804], "k_pid_yaw": [0.5, 1e-06, 0.1], "k_pid_hsp": [9.589387893676758, 0.9870042204856873, 0.01221245527267456], "k_pid_vsp": [400.0, 395.77923583984375, 5.4480204582214355]}, "datetime": {"datetime": "2025-08-14 03:21:28", "elapsed": 63216.844379901886, "delta": 29.074200868606567}, "costs": {"total_cost": 1259.2379475788287, "time_cost": 150, "final_distance_cost": 66.32022386495497, "oscillation_cost": 22.870206423376327, "completition_cost": 888.8888888888888, "overshoot_cost": 68.86652675394288, "power_cost": 29.59607918701172, "noise_cost": 32.69602246065395, "n_waypoints_completed": 1, "tot_waypoints": 9}}
{"target": -1266.355721689461, "params": {"k_pid_pos": [0.019752217456698418, 0.008901506662368774, 0.007070273160934448], "k_pid_alt": [0.0, 1.0, 0.9967530369758606], "k_pid_att": [100.0, 9.999999747378752e-05, 0.992257833480835], "k_pid_yaw": [0.5, 1e-06, 0.1], "k_pid_hsp": [9.743395805358887, 0.998066246509552, 0.0116957426071167], "k_pid_vsp": [400.0, 388.9227294921875, 2.4409661293029785]}, "datetime": {"datetime": "2025-08-14 03:21:57", "elapsed": 63245.809034347534, "delta": 28.964654445648193}, "costs": {"total_cost": 1266.355721689461, "time_cost": 150, "final_distance_cost": 59.621508216714865, "oscillation_cost": 37.58161932609957, "completition_cost": 888.8888888888888, "overshoot_cost": 80.10419145906951, "power_cost": 20.709270861816407, "noise_cost": 29.45024293687186, "n_waypoints_completed": 1, "tot_waypoints": 9}}
{"target": -752.2390305338537, "params": {"k_pid_pos": [0.1294667273759842, 0.02811133861541748, 0.03391486406326294], "k_pid_alt": [0.9729432463645935, 1.0, 0.9679431319236755], "k_pid_att": [100.0, 9.999999747378752e-05, 0.991087794303894], "k_pid_yaw": [0.5, 1e-06, 0.1], "k_pid_hsp": [9.961127281188965, 0.9944974780082703, 0.014819532632827759], "k_pid_vsp": [400.0, 390.35552978515625, 9.61400318145752]}, "datetime": {"datetime": "2025-08-14 03:22:29", "elapsed": 63277.99502301216, "delta": 32.185988664627075}, "costs": {"total_cost": 752.2390305338537, "time_cost": 150, "final_distance_cost": 68.80242691461359, "oscillation_cost": 92.06693779325913, "completition_cost": 333.33333333333337, "overshoot_cost": 58.64420767254, "power_cost": 20.24139851074219, "noise_cost": 29.150726309365385, "n_waypoints_completed": 6, "tot_waypoints": 9}}
{"target": -1158.9080465705379, "params": {"k_pid_pos": [0.026540549471974373, 0.036090731620788574, 0.004255801439285278], "k_pid_alt": [0.0, 0.807765007019043, 0.955706000328064], "k_pid_att": [100.0, 9.999999747378752e-05, 0.9866364598274231], "k_pid_yaw": [0.5, 1e-06, 0.1], "k_pid_hsp": [9.725521087646484, 0.9930899739265442, 0.0017536580562591553], "k_pid_vsp": [400.0, 396.9816589355469, 1.9222745895385742]}, "datetime": {"datetime": "2025-08-14 03:22:58", "elapsed": 63306.504212379456, "delta": 28.50918936729431}, "costs": {"total_cost": 1158.9080465705379, "time_cost": 150, "final_distance_cost": 70.42346453609979, "oscillation_cost": 27.876053532675584, "completition_cost": 777.7777777777778, "overshoot_cost": 80.5888977205079, "power_cost": 21.51965828857422, "noise_cost": 30.72219471490259, "n_waypoints_completed": 2, "tot_waypoints": 9}}
{"target": -1286.752502205114, "params": {"k_pid_pos": [0.015110976994037628, 0.012402266263961792, 0.02101394534111023], "k_pid_alt": [0.0, 0.9999886155128479, 0.9752842783927917], "k_pid_att": [99.99999237060547, 9.999999747378752e-05, 0.9675579071044922], "k_pid_yaw": [0.5, 1e-06, 0.1], "k_pid_hsp": [9.787442207336426, 0.971623420715332, 0.028504371643066406], "k_pid_vsp": [400.0, 355.15087890625, 11.37255573272705]}, "datetime": {"datetime": "2025-08-14 03:23:27", "elapsed": 63335.57715821266, "delta": 29.072945833206177}, "costs": {"total_cost": 1286.752502205114, "time_cost": 150, "final_distance_cost": 58.69517080866538, "oscillation_cost": 53.82928901134893, "completition_cost": 888.8888888888888, "overshoot_cost": 87.17449771948147, "power_cost": 20.94334649658203, "noise_cost": 27.221309280147317, "n_waypoints_completed": 1, "tot_waypoints": 9}}
{"target": -1270.911895442962, "params": {"k_pid_pos": [0.004367300309240818, 0.010536372661590576, 0.014628171920776367], "k_pid_alt": [0.0, 1.0, 0.9928276538848877], "k_pid_att": [100.0, 9.999999747378752e-05, 0.9811567068099976], "k_pid_yaw": [0.5, 1e-06, 0.1], "k_pid_hsp": [9.881959915161133, 0.9970178008079529, 0.008241206407546997], "k_pid_vsp": [400.0, 395.7577209472656, 1.1401662826538086]}, "datetime": {"datetime": "2025-08-14 03:23:56", "elapsed": 63365.02330827713, "delta": 29.446150064468384}, "costs": {"total_cost": 1270.911895442962, "time_cost": 150, "final_distance_cost": 49.98987997739034, "oscillation_cost": 18.921578773662276, "completition_cost": 888.8888888888888, "overshoot_cost": 102.62916075036931, "power_cost": 28.126234045410158, "noise_cost": 32.35615300724113, "n_waypoints_completed": 1, "tot_waypoints": 9}}
{"target": -1263.5844051538509, "params": {"k_pid_pos": [0.012086430564522743, 0.0293390154838562, 0.009164512157440186], "k_pid_alt": [0.0, 1.0, 0.9883542060852051], "k_pid_att": [100.0, 9.999999747378752e-05, 0.9869388341903687], "k_pid_yaw": [0.5, 1e-06, 0.1], "k_pid_hsp": [9.958169937133789, 0.9756066203117371, 0.009715825319290161], "k_pid_vsp": [400.0, 399.0672607421875, 6.776727199554443]}, "datetime": {"datetime": "2025-08-14 03:24:25", "elapsed": 63393.23214817047, "delta": 28.208839893341064}, "costs": {"total_cost": 1263.5844051538509, "time_cost": 150, "final_distance_cost": 63.31775818785444, "oscillation_cost": 22.780638238257577, "completition_cost": 888.8888888888888, "overshoot_cost": 85.59251983143025, "power_cost": 22.81945750732422, "noise_cost": 30.185142500095584, "n_waypoints_completed": 1, "tot_waypoints": 9}}
{"target": -1274.0102172092702, "params": {"k_pid_pos": [0.009547936730086803, 0.032843708992004395, 0.02298787236213684], "k_pid_alt": [5.960464477539063e-08, 1.0, 0.9784700274467468], "k_pid_att": [100.0, 9.999999747378752e-05, 0.9956240653991699], "k_pid_yaw": [0.5, 1e-06, 0.1], "k_pid_hsp": [9.924322128295898, 0.9712939262390137, 0.009822100400924683], "k_pid_vsp": [400.0, 390.2602844238281, 60.29423522949219]}, "datetime": {"datetime": "2025-08-14 03:24:53", "elapsed": 63421.78213429451, "delta": 28.549986124038696}, "costs": {"total_cost": 1274.0102172092702, "time_cost": 150, "final_distance_cost": 63.69976509636009, "oscillation_cost": 27.646254681249605, "completition_cost": 888.8888888888888, "overshoot_cost": 90.59422503117585, "power_cost": 26.37956773681641, "noise_cost": 26.801515774779418, "n_waypoints_completed": 1, "tot_waypoints": 9}}
{"target": -1264.913972650345, "params": {"k_pid_pos": [0.010412219911813736, 0.01253238320350647, 0.0016821026802062988], "k_pid_alt": [0.0, 1.0, 0.9119088053703308], "k_pid_att": [100.0, 9.999999747378752e-05, 0.9913263916969299], "k_pid_yaw": [0.5, 1e-06, 0.1], "k_pid_hsp": [9.976936340332031, 0.720073938369751, 0.008431494235992432], "k_pid_vsp": [400.0, 382.3023681640625, 2.8254518508911133]}, "datetime": {"datetime": "2025-08-14 03:25:23", "elapsed": 63451.17570877075, "delta": 29.393574476242065}, "costs": {"total_cost": 1264.913972650345, "time_cost": 150, "final_distance_cost": 54.302070018994705, "oscillation_cost": 28.620580739959085, "completition_cost": 888.8888888888888, "overshoot_cost": 92.67001817588071, "power_cost": 20.65346394042969, "noise_cost": 29.778950886191918, "n_waypoints_completed": 1, "tot_waypoints": 9}}
{"target": -1313.3237227655713, "params": {"k_pid_pos": [0.011848143301904202, 0.02709782123565674, 0.04194903373718262], "k_pid_alt": [0.0, 1.0, 0.9811636209487915], "k_pid_att": [100.0, 9.999999747378752e-05, 0.9873781204223633], "k_pid_yaw": [0.5, 1e-06, 0.1], "k_pid_hsp": [9.951630592346191, 0.9979543685913086, 0.030218541622161865], "k_pid_vsp": [400.0, 396.8457336425781, 12.130905151367188]}, "datetime": {"datetime": "2025-08-14 03:25:51", "elapsed": 63479.982330322266, "delta": 28.806621551513672}, "costs": {"total_cost": 1313.3237227655713, "time_cost": 150, "final_distance_cost": 71.27647920415433, "oscillation_cost": 48.23036319429346, "completition_cost": 888.8888888888888, "overshoot_cost": 87.05470704116262, "power_cost": 36.09151197509766, "noise_cost": 31.781772461974413, "n_waypoints_completed": 1, "tot_waypoints": 9}}
{"target": -816.0133458422081, "params": {"k_pid_pos": [0.22391438484191895, 0.0027868449687957764, 0.03189659118652344], "k_pid_alt": [0.0, 1.0, 0.9962297677993774], "k_pid_att": [100.0, 9.999999747378752e-05, 0.9914923906326294], "k_pid_yaw": [0.5, 1e-06, 0.1], "k_pid_hsp": [9.960858345031738, 0.992155909538269, 0.005216836929321289], "k_pid_vsp": [400.0, 394.1278076171875, 1.0981807708740234]}, "datetime": {"datetime": "2025-08-14 03:26:20", "elapsed": 63508.66206741333, "delta": 28.679737091064453}, "costs": {"total_cost": 816.0133458422081, "time_cost": 150, "final_distance_cost": 61.82815028993344, "oscillation_cost": 138.9643127398904, "completition_cost": 333.33333333333337, "overshoot_cost": 66.10717988821942, "power_cost": 31.507214038085937, "noise_cost": 34.27315555274549, "n_waypoints_completed": 6, "tot_waypoints": 9}}
{"target": -1254.716409875376, "params": {"k_pid_pos": [0.016994209960103035, 0.009022295475006104, 0.006278425455093384], "k_pid_alt": [0.0, 0.15577024221420288, 0.9599167108535767], "k_pid_att": [100.0, 9.999999747378752e-05, 0.9877314567565918], "k_pid_yaw": [0.5, 1e-06, 0.1], "k_pid_hsp": [9.499961853027344, 0.9856482148170471, 0.005771279335021973], "k_pid_vsp": [399.9975280761719, 398.6954650878906, 6.954945087432861]}, "datetime": {"datetime": "2025-08-14 03:26:49", "elapsed": 63537.16847372055, "delta": 28.50640630722046}, "costs": {"total_cost": 1254.716409875376, "time_cost": 150, "final_distance_cost": 51.2048155259076, "oscillation_cost": 25.12268373515879, "completition_cost": 888.8888888888888, "overshoot_cost": 81.78581104097499, "power_cost": 26.044770019531253, "noise_cost": 31.669440664914642, "n_waypoints_completed": 1, "tot_waypoints": 9}}
{"target": -1089.644487863178, "params": {"k_pid_pos": [0.06231329217553139, 0.030766606330871582, 0.01523628830909729], "k_pid_alt": [0.0, 1.0, 0.9939037561416626], "k_pid_att": [99.63631439208984, 9.999999747378752e-05, 0.9768970012664795], "k_pid_yaw": [0.5, 1e-06, 0.1], "k_pid_hsp": [9.694515228271484, 0.9963151812553406, 0.02194035053253174], "k_pid_vsp": [400.0, 396.31671142578125, 3.4635791778564453]}, "datetime": {"datetime": "2025-08-14 03:27:17", "elapsed": 63565.921932697296, "delta": 28.753458976745605}, "costs": {"total_cost": 1089.644487863178, "time_cost": 150, "final_distance_cost": 71.3975459721854, "oscillation_cost": 71.77165093739428, "completition_cost": 666.6666666666667, "overshoot_cost": 73.86993690099304, "power_cost": 25.311573107910156, "noise_cost": 30.62711427802838, "n_waypoints_completed": 3, "tot_waypoints": 9}}
{"target": -1274.3925215226232, "params": {"k_pid_pos": [0.016339486464858055, 0.0178225040435791, 0.006124019622802734], "k_pid_alt": [0.0, 0.9991816282272339, 0.9731895327568054], "k_pid_att": [100.0, 9.999999747378752e-05, 0.9962877631187439], "k_pid_yaw": [0.5, 1e-06, 0.1], "k_pid_hsp": [8.899216651916504, 0.9950392246246338, 0.006859272718429565], "k_pid_vsp": [400.0, 396.94805908203125, 14.768243789672852]}, "datetime": {"datetime": "2025-08-14 03:27:47", "elapsed": 63595.35851740837, "delta": 29.43658471107483}, "costs": {"total_cost": 1274.3925215226232, "time_cost": 150, "final_distance_cost": 65.85793772367734, "oscillation_cost": 25.143482937617822, "completition_cost": 888.8888888888888, "overshoot_cost": 82.99960872473306, "power_cost": 32.171077746582036, "noise_cost": 29.33152550112415, "n_waypoints_completed": 1, "tot_waypoints": 9}}
{"target": -1210.4188331009764, "params": {"k_pid_pos": [0.03596869856119156, 0.04338943958282471, 0.006720870733261108], "k_pid_alt": [0.0, 1.0, 0.9582022428512573], "k_pid_att": [100.0, 9.999999747378752e-05, 0.9792004823684692], "k_pid_yaw": [0.5, 1e-06, 0.1], "k_pid_hsp": [9.88216495513916, 0.9857297539710999, 0.014492928981781006], "k_pid_vsp": [400.0, 394.5174560546875, 3.445852756500244]}, "datetime": {"datetime": "2025-08-14 03:28:15", "elapsed": 63623.61384367943, "delta": 28.25532627105713}, "costs": {"total_cost": 1210.4188331009764, "time_cost": 150, "final_distance_cost": 86.79230534463424, "oscillation_cost": 71.06419583826852, "completition_cost": 777.7777777777778, "overshoot_cost": 77.63995894045243, "power_cost": 19.043442602539063, "noise_cost": 28.10115259730427, "n_waypoints_completed": 2, "tot_waypoints": 9}}
{"target": -1147.9691221799817, "params": {"k_pid_pos": [0.029139241203665733, 0.012032687664031982, 0.0057478249073028564], "k_pid_alt": [0.0, 1.0, 0.9812673330307007], "k_pid_att": [100.0, 9.999999747378752e-05, 0.9868353605270386], "k_pid_yaw": [0.5, 1e-06, 0.1], "k_pid_hsp": [9.975564002990723, 0.9961274862289429, 0.010187029838562012], "k_pid_vsp": [400.0, 396.63787841796875, 23.9853515625]}, "datetime": {"datetime": "2025-08-14 03:28:44", "elapsed": 63652.14740252495, "delta": 28.53355884552002}, "costs": {"total_cost": 1147.9691221799817, "time_cost": 150, "final_distance_cost": 63.915621198394426, "oscillation_cost": 32.2028759186687, "completition_cost": 777.7777777777778, "overshoot_cost": 67.71487551118204, "power_cost": 28.635636328125003, "noise_cost": 27.72233544583388, "n_waypoints_completed": 2, "tot_waypoints": 9}}
{"target": -1076.1507175025024, "params": {"k_pid_pos": [0.07506882399320602, 0.030709147453308105, 0.051886022090911865], "k_pid_alt": [0.0, 1.0, 0.9948371052742004], "k_pid_att": [100.0, 0.00012980202154722065, 0.9892823696136475], "k_pid_yaw": [0.5, 1e-06, 0.1], "k_pid_hsp": [9.964941024780273, 0.9875929951667786, 0.023947209119796753], "k_pid_vsp": [400.0, 399.0906677246094, 4.593325614929199]}, "datetime": {"datetime": "2025-08-14 03:29:14", "elapsed": 63682.74980354309, "delta": 30.6024010181427}, "costs": {"total_cost": 1076.1507175025024, "time_cost": 150, "final_distance_cost": 53.53351748291585, "oscillation_cost": 60.09907019629056, "completition_cost": 666.6666666666667, "overshoot_cost": 77.77134564689405, "power_cost": 32.382476110839846, "noise_cost": 35.697641398895534, "n_waypoints_completed": 3, "tot_waypoints": 9}}
{"target": -1323.3707692055848, "params": {"k_pid_pos": [0.0039238641038537025, 0.07392388582229614, 0.008904308080673218], "k_pid_alt": [0.0, 1.0, 0.9982116222381592], "k_pid_att": [100.0, 9.999999747378752e-05, 0.9907841682434082], "k_pid_yaw": [0.5, 1e-06, 0.1], "k_pid_hsp": [9.712716102600098, 0.9001761674880981, 0.02792668342590332], "k_pid_vsp": [400.0, 385.0539245605469, 0.85812908411026]}, "datetime": {"datetime": "2025-08-14 03:29:44", "elapsed": 63712.763202905655, "delta": 30.013399362564087}, "costs": {"total_cost": 1323.3707692055848, "time_cost": 150, "final_distance_cost": 77.34490077133957, "oscillation_cost": 164.81268148526866, "completition_cost": 777.7777777777778, "overshoot_cost": 84.82624512086436, "power_cost": 35.42141864013672, "noise_cost": 33.18774541019755, "n_waypoints_completed": 2, "tot_waypoints": 9}}
{"target": -1272.0949102837283, "params": {"k_pid_pos": [0.06335464864969254, 0.005154460668563843, 0.00704607367515564], "k_pid_alt": [0.0, 1.0, 0.9868878126144409], "k_pid_att": [99.99720001220703, 9.999999747378752e-05, 0.946755051612854], "k_pid_yaw": [0.5, 1e-06, 0.1], "k_pid_hsp": [9.790068626403809, 0.9936676025390625, 0.02780929207801819], "k_pid_vsp": [400.0, 393.8437805175781, 2.107943058013916]}, "datetime": {"datetime": "2025-08-14 03:30:12", "elapsed": 63740.85887026787, "delta": 28.095667362213135}, "costs": {"total_cost": 1272.0949102837283, "time_cost": 150, "final_distance_cost": 94.21490272071846, "oscillation_cost": 125.61434044218974, "completition_cost": 777.7777777777778, "overshoot_cost": 66.53630264678098, "power_cost": 27.276248571777344, "noise_cost": 30.675338124483854, "n_waypoints_completed": 2, "tot_waypoints": 9}}
{"target": -1186.3878960108434, "params": {"k_pid_pos": [0.06505842506885529, 0.0011597275733947754, 0.01339048147201538], "k_pid_alt": [0.0, 1.0, 0.9531633853912354], "k_pid_att": [100.0, 9.999999747378752e-05, 0.960760235786438], "k_pid_yaw": [0.5, 1e-06, 0.1], "k_pid_hsp": [9.753461837768555, 0.995729386806488, 0.0042375922203063965], "k_pid_vsp": [400.0, 393.6527099609375, 4.1212568283081055]}, "datetime": {"datetime": "2025-08-14 03:30:40", "elapsed": 63768.6943488121, "delta": 27.83547854423523}, "costs": {"total_cost": 1186.3878960108434, "time_cost": 150, "final_distance_cost": 91.95489257614781, "oscillation_cost": 36.2935572075487, "completition_cost": 777.7777777777778, "overshoot_cost": 66.83816089198478, "power_cost": 30.237066845703126, "noise_cost": 33.28644071168134, "n_waypoints_completed": 2, "tot_waypoints": 9}}
{"target": -1292.2500795318222, "params": {"k_pid_pos": [0.014148589223623276, 0.011603713035583496, 0.003971606492996216], "k_pid_alt": [0.0, 1.0, 0.9990489482879639], "k_pid_att": [100.0, 0.012585856020450592, 0.992253303527832], "k_pid_yaw": [0.5, 1e-06, 0.1], "k_pid_hsp": [9.987911224365234, 0.9903544187545776, 0.0408557653427124], "k_pid_vsp": [400.0, 397.2768859863281, 7.427192687988281]}, "datetime": {"datetime": "2025-08-14 03:31:11", "elapsed": 63799.3143787384, "delta": 30.62002992630005}, "costs": {"total_cost": 1292.2500795318222, "time_cost": 150, "final_distance_cost": 58.56985572563208, "oscillation_cost": 46.513963616066775, "completition_cost": 888.8888888888888, "overshoot_cost": 89.52138154514854, "power_cost": 28.063747509765626, "noise_cost": 30.692242246320255, "n_waypoints_completed": 1, "tot_waypoints": 9}}
{"target": -1518.6738877201324, "params": {"k_pid_pos": [0.056229688227176666, 0.02268451452255249, 0.006582200527191162], "k_pid_alt": [0.0009755492210388184, 1.0, 0.9946542382240295], "k_pid_att": [100.0, 9.999999747378752e-05, 0.9962431192398071], "k_pid_yaw": [0.5, 1e-06, 0.1], "k_pid_hsp": [9.926002502441406, 0.9944722652435303, 0.08063757419586182], "k_pid_vsp": [400.0, 395.0745544433594, 2.254415512084961]}, "datetime": {"datetime": "2025-08-14 03:31:40", "elapsed": 63828.85069346428, "delta": 29.536314725875854}, "costs": {"total_cost": 1518.6738877201324, "time_cost": 150, "final_distance_cost": 94.44171573633055, "oscillation_cost": 376.41637920257773, "completition_cost": 777.7777777777778, "overshoot_cost": 67.15030976015856, "power_cost": 26.407167321777344, "noise_cost": 26.480537921510333, "n_waypoints_completed": 2, "tot_waypoints": 9}}
{"target": -957.9605278861004, "params": {"k_pid_pos": [0.18451708555221558, 0.012134820222854614, 0.18318262696266174], "k_pid_alt": [0.0, 1.0, 0.9938968420028687], "k_pid_att": [100.0, 9.999999747378752e-05, 0.9954342842102051], "k_pid_yaw": [0.5, 1e-06, 0.1], "k_pid_hsp": [9.6561918258667, 0.9102071523666382, 0.012086987495422363], "k_pid_vsp": [400.0, 395.30877685546875, 11.62658977508545]}, "datetime": {"datetime": "2025-08-14 03:32:07", "elapsed": 63855.845304489136, "delta": 26.994611024856567}, "costs": {"total_cost": 957.9605278861004, "time_cost": 150, "final_distance_cost": 53.5610461405726, "oscillation_cost": 187.85877428703262, "completition_cost": 444.4444444444444, "overshoot_cost": 66.68980216557868, "power_cost": 25.709008471679688, "noise_cost": 29.69745237679226, "n_waypoints_completed": 5, "tot_waypoints": 9}}
{"target": -1282.8753847028995, "params": {"k_pid_pos": [0.005737065803259611, 0.05384361743927002, 0.016671478748321533], "k_pid_alt": [0.0, 1.0, 0.9922096729278564], "k_pid_att": [100.0, 9.999999747378752e-05, 0.9837989211082458], "k_pid_yaw": [0.5, 1e-06, 0.1], "k_pid_hsp": [9.837690353393555, 0.9436411261558533, 0.007721930742263794], "k_pid_vsp": [396.1804504394531, 397.4503173828125, 10.392356872558594]}, "datetime": {"datetime": "2025-08-14 03:32:36", "elapsed": 63884.79700112343, "delta": 28.951696634292603}, "costs": {"total_cost": 1282.8753847028995, "time_cost": 150, "final_distance_cost": 64.82016750896396, "oscillation_cost": 34.17084454529147, "completition_cost": 888.8888888888888, "overshoot_cost": 86.74286433165977, "power_cost": 29.14944637451172, "noise_cost": 29.103173053583877, "n_waypoints_completed": 1, "tot_waypoints": 9}}
