{"target": -2077.321953535228, "params": {"k_pid_pos": [1.7439945936203003, 0.9561184048652649, 0.9999997019767761], "k_pid_alt": [1.9970364570617676, 0.9945234060287476, 0.9825989007949829], "k_pid_att": [74.65030670166016, 0.05975620448589325, 0.2384720742702484], "k_pid_yaw": [0.5, 1e-06, 0.1], "k_pid_hsp": [8.126036643981934, 0.3358690142631531, 0.016084343194961548], "k_pid_vsp": [18.692874908447266, 10.585309028625488, 347.4896545410156]}, "datetime": {"datetime": "2025-08-13 12:04:15", "elapsed": 8183.645359039307, "delta": 54.81007432937622}, "costs": {"total_cost": 2077.321953535228, "time_cost": 150, "final_distance_cost": 70.05536577846142, "oscillation_cost": 693.5413386562291, "completition_cost": 888.8888888888888, "overshoot_cost": 204.8867147570975, "power_cost": 37.57209140625, "noise_cost": 32.37755404830118, "n_waypoints_completed": 1, "tot_waypoints": 9}}
{"target": -1904.272592063526, "params": {"k_pid_pos": [0.6710665225982666, 0.3854413628578186, 0.0], "k_pid_alt": [0.0, 0.9948935508728027, 0.3053767681121826], "k_pid_att": [3.2458722591400146, 9.9594087600708, 0.9063670635223389], "k_pid_yaw": [0.5, 1e-06, 0.1], "k_pid_hsp": [9.314099311828613, 0.9386880993843079, 0.7549660205841064], "k_pid_vsp": [14.240062713623047, 14.68262767791748, 371.39410400390625]}, "datetime": {"datetime": "2025-08-13 12:05:09", "elapsed": 8237.380011558533, "delta": 53.734652519226074}, "costs": {"total_cost": 1904.272592063526, "time_cost": 150, "final_distance_cost": 10.255246446529602, "oscillation_cost": 418.0673885059225, "completition_cost": 1000.0, "overshoot_cost": 165.31948167193238, "power_cost": 34.02775657958985, "noise_cost": 126.6027188595517, "n_waypoints_completed": 0, "tot_waypoints": 9}}
{"target": -1147.4161333426043, "params": {"k_pid_pos": [1.6741706132888794, 0.9573091268539429, 0.0], "k_pid_alt": [2.0, 0.9999806880950928, 0.834376335144043], "k_pid_att": [97.57213592529297, 9.996709823608398, 0.4618692398071289], "k_pid_yaw": [0.5, 1e-06, 0.1], "k_pid_hsp": [1.3436551094055176, 0.33363398909568787, 0.10069328546524048], "k_pid_vsp": [0.0008940696716308594, 356.0836181640625, 137.6605224609375]}, "datetime": {"datetime": "2025-08-13 12:06:04", "elapsed": 8292.600339651108, "delta": 55.22032809257507}, "costs": {"total_cost": 1147.4161333426043, "time_cost": 150, "final_distance_cost": 54.64646083013968, "oscillation_cost": 140.84095484430227, "completition_cost": 666.6666666666667, "overshoot_cost": 62.105974619074054, "power_cost": 40.63042769775391, "noise_cost": 32.52564868466756, "n_waypoints_completed": 3, "tot_waypoints": 9}}
{"target": -1843.4878401970523, "params": {"k_pid_pos": [1.751894235610962, 0.10875815153121948, 0.9999995231628418], "k_pid_alt": [0.0, 0.9999998807907104, 0.9804677367210388], "k_pid_att": [99.99805450439453, 9.999938011169434, 0.8921533823013306], "k_pid_yaw": [0.5, 1e-06, 0.1], "k_pid_hsp": [3.1363677978515625, 0.9275543689727783, 0.6416518688201904], "k_pid_vsp": [16.957521438598633, 27.452232360839844, 293.44940185546875]}, "datetime": {"datetime": "2025-08-13 12:06:57", "elapsed": 8345.947275161743, "delta": 53.346935510635376}, "costs": {"total_cost": 1843.4878401970523, "time_cost": 150, "final_distance_cost": 56.36815038117461, "oscillation_cost": 546.5846765324515, "completition_cost": 888.8888888888888, "overshoot_cost": 106.28564214196214, "power_cost": 40.448601757812504, "noise_cost": 54.911880494762784, "n_waypoints_completed": 1, "tot_waypoints": 9}}
{"target": -31665.9281059353, "params": {"k_pid_pos": [0.7553713917732239, 0.8926316499710083, 0.0], "k_pid_alt": [0.0, 0.8783425092697144, 0.9943605661392212], "k_pid_att": [5.9604644775390625e-06, 10.0, 0.5408617258071899], "k_pid_yaw": [0.5, 1e-06, 0.1], "k_pid_hsp": [5.5639801025390625, 0.532977283000946, 0.6419130563735962], "k_pid_vsp": [0.10367631912231445, 124.32365417480469, 92.93412780761719]}, "datetime": {"datetime": "2025-08-13 12:07:50", "elapsed": 8398.760860204697, "delta": 52.81358504295349}, "costs": {"total_cost": 31665.9281059353, "time_cost": 150, "final_distance_cost": 8327.437562224814, "oscillation_cost": 1913.9317030111733, "completition_cost": 1000.0, "overshoot_cost": 20070.940675224378, "power_cost": 57.782153393554694, "noise_cost": 145.83601208138387, "n_waypoints_completed": 0, "tot_waypoints": 9}}
{"target": -554.7427713414659, "params": {"k_pid_pos": [1.4067853689193726, 0.1976964771747589, 1.0], "k_pid_alt": [1.9988007545471191, 0.9999939203262329, 0.6784491539001465], "k_pid_att": [15.236306190490723, 0.0019155392656102777, 0.22860944271087646], "k_pid_yaw": [0.5, 1e-06, 0.1], "k_pid_hsp": [5.7228169441223145, 0.6465866565704346, 0.8413996696472168], "k_pid_vsp": [294.2130126953125, 178.09442138671875, 183.55235290527344]}, "datetime": {"datetime": "2025-08-13 12:08:35", "elapsed": 8443.117850780487, "delta": 44.356990575790405}, "costs": {"total_cost": 554.7427713414659, "time_cost": 100.66, "final_distance_cost": 1.8554495836814682, "oscillation_cost": 341.1073813987354, "completition_cost": 0.0, "overshoot_cost": 61.48902230559184, "power_cost": 26.18024051513672, "noise_cost": 23.4506775383204, "n_waypoints_completed": 9, "tot_waypoints": 9}}
{"target": -609.2517284029799, "params": {"k_pid_pos": [1.0101439952850342, 0.9266765117645264, 0.022136598825454712], "k_pid_alt": [2.0, 3.045797348022461e-05, 0.3830048441886902], "k_pid_att": [100.0, 0.19048039615154266, 0.12212234735488892], "k_pid_yaw": [0.5, 1e-06, 0.1], "k_pid_hsp": [1.316910743713379, 0.06489163637161255, 0.8370014429092407], "k_pid_vsp": [399.96490478515625, 275.7063293457031, 30.437625885009766]}, "datetime": {"datetime": "2025-08-13 12:09:18", "elapsed": 8486.148222208023, "delta": 43.03037142753601}, "costs": {"total_cost": 609.2517284029799, "time_cost": 97.804, "final_distance_cost": 1.7872729424185416, "oscillation_cost": 387.040830852151, "completition_cost": 0.0, "overshoot_cost": 72.29269537845317, "power_cost": 24.361254663085937, "noise_cost": 25.965674566871364, "n_waypoints_completed": 9, "tot_waypoints": 9}}
{"target": -955.9506065216758, "params": {"k_pid_pos": [1.8565059900283813, 0.9714041948318481, 0.9669229388237], "k_pid_alt": [0.0, 0.28046536445617676, 0.5727307796478271], "k_pid_att": [99.99999237060547, 10.0, 0.20498323440551758], "k_pid_yaw": [0.5, 1e-06, 0.1], "k_pid_hsp": [4.4422526359558105, 0.22199803590774536, 0.150241881608963], "k_pid_vsp": [55.86137771606445, 133.9280242919922, 28.106250762939453]}, "datetime": {"datetime": "2025-08-13 12:10:11", "elapsed": 8539.444874763489, "delta": 53.2966525554657}, "costs": {"total_cost": 955.9506065216758, "time_cost": 150, "final_distance_cost": 55.92029020483317, "oscillation_cost": 509.69141993485164, "completition_cost": 111.11111111111116, "overshoot_cost": 65.12951442245621, "power_cost": 33.75525111083984, "noise_cost": 30.343019737583734, "n_waypoints_completed": 8, "tot_waypoints": 9}}
{"target": -744.5872534349329, "params": {"k_pid_pos": [0.7731168270111084, 0.9691939353942871, 0.7091303467750549], "k_pid_alt": [1.984663486480713, 0.9999262094497681, 0.056011974811553955], "k_pid_att": [64.62298583984375, 9.999216079711914, 0.7453004121780396], "k_pid_yaw": [0.5, 1e-06, 0.1], "k_pid_hsp": [1.7637450695037842, 0.24457094073295593, 0.21250689029693604], "k_pid_vsp": [399.951171875, 318.107666015625, 158.473388671875]}, "datetime": {"datetime": "2025-08-13 12:11:03", "elapsed": 8591.32345032692, "delta": 51.878575563430786}, "costs": {"total_cost": 744.5872534349329, "time_cost": 150, "final_distance_cost": 18.071150072688333, "oscillation_cost": 335.0079952660884, "completition_cost": 111.11111111111116, "overshoot_cost": 63.00778539618678, "power_cost": 36.97840590820313, "noise_cost": 30.410805680654985, "n_waypoints_completed": 8, "tot_waypoints": 9}}
{"target": -4757.2681359251665, "params": {"k_pid_pos": [0.31311219930648804, 0.8091593384742737, 0.005102068185806274], "k_pid_alt": [0.0006150603294372559, 0.9999909996986389, 0.8221273422241211], "k_pid_att": [0.0, 9.999994277954102, 0.8726122379302979], "k_pid_yaw": [0.5, 1e-06, 0.1], "k_pid_hsp": [9.649895668029785, 0.7169011235237122, 0.16897517442703247], "k_pid_vsp": [0.0052928924560546875, 96.61189270019531, 354.0462951660156]}, "datetime": {"datetime": "2025-08-13 12:11:56", "elapsed": 8644.62804889679, "delta": 53.304598569869995}, "costs": {"total_cost": 4757.2681359251665, "time_cost": 150, "final_distance_cost": 535.396293077891, "oscillation_cost": 1790.624351583747, "completition_cost": 1000.0, "overshoot_cost": 1073.9181491392883, "power_cost": 52.07180737304688, "noise_cost": 155.2575347511934, "n_waypoints_completed": 0, "tot_waypoints": 9}}
{"target": -1472.8970393830398, "params": {"k_pid_pos": [0.9724612832069397, 0.8390713930130005, 1.0], "k_pid_alt": [1.2516975402832031e-06, 0.15935879945755005, 0.9787139296531677], "k_pid_att": [99.99786376953125, 0.019497541710734367, 0.6930718421936035], "k_pid_yaw": [0.5, 1e-06, 0.1], "k_pid_hsp": [9.23503589630127, 0.7778172492980957, 0.8603984713554382], "k_pid_vsp": [400.0, 147.52517700195312, 280.7336120605469]}, "datetime": {"datetime": "2025-08-13 12:12:49", "elapsed": 8697.14842247963, "delta": 52.520373582839966}, "costs": {"total_cost": 1472.8970393830398, "time_cost": 150, "final_distance_cost": 41.94288977965701, "oscillation_cost": 596.8222291894728, "completition_cost": 555.5555555555555, "overshoot_cost": 59.02936916936363, "power_cost": 38.215908264160156, "noise_cost": 31.331087424830713, "n_waypoints_completed": 4, "tot_waypoints": 9}}
{"target": -946.7969393630731, "params": {"k_pid_pos": [1.3833894729614258, 0.5069218873977661, 1.0251998901367188e-05], "k_pid_alt": [0.015226602554321289, 1.0, 0.9886420965194702], "k_pid_att": [99.1037826538086, 9.989789009094238, 0.0618339478969574], "k_pid_yaw": [0.5, 1e-06, 0.1], "k_pid_hsp": [7.873381614685059, 0.9413310289382935, 0.08557623624801636], "k_pid_vsp": [89.85820770263672, 226.38616943359375, 138.96865844726562]}, "datetime": {"datetime": "2025-08-13 12:13:42", "elapsed": 8750.712971925735, "delta": 53.56454944610596}, "costs": {"total_cost": 946.7969393630731, "time_cost": 150, "final_distance_cost": 70.24904242625524, "oscillation_cost": 365.7116659300579, "completition_cost": 222.2222222222222, "overshoot_cost": 81.02966291045416, "power_cost": 30.161420068359377, "noise_cost": 27.422925805724322, "n_waypoints_completed": 7, "tot_waypoints": 9}}
{"target": -1914.2380754493643, "params": {"k_pid_pos": [1.0728720426559448, 0.16766583919525146, 0.007869154214859009], "k_pid_alt": [0.0, 0.003145366907119751, 0.3128589987754822], "k_pid_att": [99.99998474121094, 9.999995231628418, 0.015261203050613403], "k_pid_yaw": [0.5, 1e-06, 0.1], "k_pid_hsp": [8.167469024658203, 0.9765428900718689, 0.18522930145263672], "k_pid_vsp": [399.9803161621094, 357.858642578125, 223.06980895996094]}, "datetime": {"datetime": "2025-08-13 12:14:35", "elapsed": 8803.494099855423, "delta": 52.7811279296875}, "costs": {"total_cost": 1914.2380754493643, "time_cost": 150, "final_distance_cost": 72.3693597173558, "oscillation_cost": 729.3783458246982, "completition_cost": 777.7777777777778, "overshoot_cost": 116.1966261082606, "power_cost": 35.36636071777344, "noise_cost": 33.14960530349818, "n_waypoints_completed": 2, "tot_waypoints": 9}}
{"target": -1670.739089829768, "params": {"k_pid_pos": [0.32813552021980286, 0.39479151368141174, 1.0], "k_pid_alt": [1.637361764907837, 2.086162567138672e-07, 0.9477058053016663], "k_pid_att": [100.0, 9.99994945526123, 0.4779312312602997], "k_pid_yaw": [0.5, 1e-06, 0.1], "k_pid_hsp": [8.544842720031738, 0.10540592670440674, 0.031370729207992554], "k_pid_vsp": [355.4639587402344, 231.65171813964844, 348.94012451171875]}, "datetime": {"datetime": "2025-08-13 12:15:28", "elapsed": 8856.573880910873, "delta": 53.07978105545044}, "costs": {"total_cost": 1670.739089829768, "time_cost": 150, "final_distance_cost": 52.28244936400628, "oscillation_cost": 698.7014181708507, "completition_cost": 666.6666666666667, "overshoot_cost": 41.45144616026113, "power_cost": 34.057125573730474, "noise_cost": 27.579983894252457, "n_waypoints_completed": 3, "tot_waypoints": 9}}
{"target": -1754.6395862920222, "params": {"k_pid_pos": [1.1658238172531128, 0.8194451332092285, 0.9999921321868896], "k_pid_alt": [1.9986988306045532, 0.852470338344574, 0.8689103126525879], "k_pid_att": [100.0, 0.000101788122265134, 0.5614065527915955], "k_pid_yaw": [0.5, 1e-06, 0.1], "k_pid_hsp": [3.233067750930786, 0.1225416362285614, 0.5723728537559509], "k_pid_vsp": [0.0, 358.7797546386719, 353.9095764160156]}, "datetime": {"datetime": "2025-08-13 12:16:21", "elapsed": 8910.006298303604, "delta": 53.43241739273071}, "costs": {"total_cost": 1754.6395862920222, "time_cost": 150, "final_distance_cost": 52.966383143000606, "oscillation_cost": 461.4240561574851, "completition_cost": 888.8888888888888, "overshoot_cost": 106.17239813979883, "power_cost": 40.09453536376953, "noise_cost": 55.09332459907916, "n_waypoints_completed": 1, "tot_waypoints": 9}}
{"target": -3012.075794674864, "params": {"k_pid_pos": [1.9815620183944702, 0.6127727031707764, 1.0], "k_pid_alt": [2.0, 0.9996070265769958, 0.7480751276016235], "k_pid_att": [0.030431151390075684, 9.999999747378752e-05, 0.021006107330322266], "k_pid_yaw": [0.5, 1e-06, 0.1], "k_pid_hsp": [3.7919058799743652, 0.37994787096977234, 0.4600117802619934], "k_pid_vsp": [0.0, 323.77850341796875, 26.722301483154297]}, "datetime": {"datetime": "2025-08-13 12:17:14", "elapsed": 8962.835756778717, "delta": 52.829458475112915}, "costs": {"total_cost": 3012.075794674864, "time_cost": 150, "final_distance_cost": 75.31481596135072, "oscillation_cost": 59.15729834016407, "completition_cost": 1000.0, "overshoot_cost": 1654.1558652043877, "power_cost": 42.931963439941406, "noise_cost": 30.515851729020145, "n_waypoints_completed": 0, "tot_waypoints": 9}}
{"target": -2296.809026582255, "params": {"k_pid_pos": [0.6738014817237854, 0.83620685338974, 2.086162567138672e-07], "k_pid_alt": [1.9999983310699463, 0.9996476173400879, 0.8371484875679016], "k_pid_att": [99.99878692626953, 1.1669893264770508, 0.06032407283782959], "k_pid_yaw": [0.5, 1e-06, 0.1], "k_pid_hsp": [8.768810272216797, 0.8824617862701416, 0.9893083572387695], "k_pid_vsp": [0.017213821411132812, 391.6104431152344, 341.7877197265625]}, "datetime": {"datetime": "2025-08-13 12:17:49", "elapsed": 8997.515208482742, "delta": 34.67945170402527}, "costs": {"total_cost": 2296.809026582255, "time_cost": 150, "final_distance_cost": 453.49958169142946, "oscillation_cost": 198.71378975526292, "completition_cost": 1000.0, "overshoot_cost": 424.3795861149207, "power_cost": 33.34017703857422, "noise_cost": 36.87589198206722, "n_waypoints_completed": 0, "tot_waypoints": 9}}
{"target": -17204.553289308, "params": {"k_pid_pos": [1.6780039072036743, 0.7056860327720642, 0.9999367594718933], "k_pid_alt": [0.0, 0.12464749813079834, 0.5398940443992615], "k_pid_att": [0.03590881824493408, 9.6996488571167, 0.4576539397239685], "k_pid_yaw": [0.5, 1e-06, 0.1], "k_pid_hsp": [1.3833874464035034, 0.04572093486785889, 0.3270835876464844], "k_pid_vsp": [399.92010498046875, 30.49210548400879, 91.9486312866211]}, "datetime": {"datetime": "2025-08-13 12:18:38", "elapsed": 9046.315352678299, "delta": 48.80014419555664}, "costs": {"total_cost": 17204.553289308, "time_cost": 150, "final_distance_cost": 4972.303814670953, "oscillation_cost": 1999.6048991193993, "completition_cost": 1000.0, "overshoot_cost": 8875.931972211893, "power_cost": 58.70775069580078, "noise_cost": 148.00485260995606, "n_waypoints_completed": 0, "tot_waypoints": 9}}
{"target": -2673.2727668279776, "params": {"k_pid_pos": [0.2956177890300751, 0.23697078227996826, 0.31050318479537964], "k_pid_alt": [0.47730177640914917, 8.597970008850098e-05, 0.8260961771011353], "k_pid_att": [0.0022530555725097656, 9.999999747378752e-05, 0.2600700557231903], "k_pid_yaw": [0.5, 1e-06, 0.1], "k_pid_hsp": [3.184525728225708, 0.8178433179855347, 0.24038979411125183], "k_pid_vsp": [385.0826110839844, 132.0146484375, 88.54925537109375]}, "datetime": {"datetime": "2025-08-13 12:19:30", "elapsed": 9098.750059127808, "delta": 52.43470644950867}, "costs": {"total_cost": 2673.2727668279776, "time_cost": 150, "final_distance_cost": 837.1062389362255, "oscillation_cost": 5.531893939289646, "completition_cost": 888.8888888888888, "overshoot_cost": 729.679843925198, "power_cost": 33.594093896484374, "noise_cost": 28.471807241891568, "n_waypoints_completed": 1, "tot_waypoints": 9}}
{"target": -1405.6349532737222, "params": {"k_pid_pos": [1.8451534509658813, 0.7028343677520752, 0.998992383480072], "k_pid_alt": [2.0, 0.9999998211860657, 0.5652941465377808], "k_pid_att": [99.61766052246094, 9.999999747378752e-05, 0.8182369470596313], "k_pid_yaw": [0.5, 1e-06, 0.1], "k_pid_hsp": [7.654244422912598, 0.8994193077087402, 0.2759038805961609], "k_pid_vsp": [0.008749961853027344, 312.0408630371094, 218.2913360595703]}, "datetime": {"datetime": "2025-08-13 12:20:01", "elapsed": 9129.567571640015, "delta": 30.81751251220703}, "costs": {"total_cost": 1405.6349532737222, "time_cost": 150, "final_distance_cost": 53.82399924213443, "oscillation_cost": 508.5595518693979, "completition_cost": 555.5555555555555, "overshoot_cost": 69.42039889078572, "power_cost": 35.106341125488285, "noise_cost": 33.16910659036042, "n_waypoints_completed": 4, "tot_waypoints": 9}}
{"target": -480.07027784125125, "params": {"k_pid_pos": [1.8150132894515991, 0.16124314069747925, 0.9990978240966797], "k_pid_alt": [1.999943494796753, 0.9724767208099365, 0.06068095564842224], "k_pid_att": [72.49315643310547, 9.80471420288086, 0.7505607604980469], "k_pid_yaw": [0.5, 1e-06, 0.1], "k_pid_hsp": [9.326807022094727, 0.3584880232810974, 0.6499823331832886], "k_pid_vsp": [399.3886413574219, 146.33023071289062, 67.25460052490234]}, "datetime": {"datetime": "2025-08-13 12:20:22", "elapsed": 9150.581161260605, "delta": 21.01358962059021}, "costs": {"total_cost": 480.07027784125125, "time_cost": 82.915, "final_distance_cost": 1.7861045386657877, "oscillation_cost": 299.0093893690914, "completition_cost": 0.0, "overshoot_cost": 53.61576975119662, "power_cost": 22.773455737304687, "noise_cost": 19.970558444992697, "n_waypoints_completed": 9, "tot_waypoints": 9}}
{"target": -21295.172269266368, "params": {"k_pid_pos": [1.8865740299224854, 0.9016126394271851, 0.013273179531097412], "k_pid_alt": [1.999983549118042, 0.9918385744094849, 0.35929691791534424], "k_pid_att": [0.006029009819030762, 0.2561694085597992, 0.8056979179382324], "k_pid_yaw": [0.5, 1e-06, 0.1], "k_pid_hsp": [2.437835693359375, 0.3737233281135559, 0.5357156991958618], "k_pid_vsp": [400.0, 325.38555908203125, 209.572021484375]}, "datetime": {"datetime": "2025-08-13 12:20:53", "elapsed": 9181.413893699646, "delta": 30.832732439041138}, "costs": {"total_cost": 21295.172269266368, "time_cost": 150, "final_distance_cost": 7027.491813367947, "oscillation_cost": 825.0483175833058, "completition_cost": 1000.0, "overshoot_cost": 12082.072869983076, "power_cost": 57.626262158203126, "noise_cost": 152.93300617383468, "n_waypoints_completed": 0, "tot_waypoints": 9}}
{"target": -1628.5515520943038, "params": {"k_pid_pos": [1.892001986503601, 0.4641438126564026, 0.009357035160064697], "k_pid_alt": [0.0012846589088439941, 0.0, 0.5287591218948364], "k_pid_att": [99.93738555908203, 8.16793441772461, 0.41499170660972595], "k_pid_yaw": [0.5, 1e-06, 0.1], "k_pid_hsp": [3.8913931846618652, 0.820177435874939, 0.522821843624115], "k_pid_vsp": [0.0, 30.62553596496582, 79.41776275634766]}, "datetime": {"datetime": "2025-08-13 12:21:23", "elapsed": 9211.558982849121, "delta": 30.145089149475098}, "costs": {"total_cost": 1628.5515520943038, "time_cost": 150, "final_distance_cost": 99.74178390820194, "oscillation_cost": 396.876492425412, "completition_cost": 777.7777777777778, "overshoot_cost": 124.97626203439053, "power_cost": 35.279207153320314, "noise_cost": 43.90002879520095, "n_waypoints_completed": 2, "tot_waypoints": 9}}
{"target": -1300.266620537811, "params": {"k_pid_pos": [0.385494589805603, 0.7537050247192383, 2.491474151611328e-05], "k_pid_alt": [1.44776451587677, 0.9988528490066528, 0.16973364353179932], "k_pid_att": [0.040656328201293945, 0.003450343618169427, 0.12295103073120117], "k_pid_yaw": [0.5, 1e-06, 0.1], "k_pid_hsp": [7.338174819946289, 0.9667031764984131, 0.66251540184021], "k_pid_vsp": [351.0668640136719, 279.1833801269531, 103.31849670410156]}, "datetime": {"datetime": "2025-08-13 12:21:53", "elapsed": 9241.277187108994, "delta": 29.718204259872437}, "costs": {"total_cost": 1300.266620537811, "time_cost": 150, "final_distance_cost": 81.95178796833962, "oscillation_cost": 35.855186671316254, "completition_cost": 666.6666666666667, "overshoot_cost": 314.1733049950093, "power_cost": 27.301276293945314, "noise_cost": 24.318397942533597, "n_waypoints_completed": 3, "tot_waypoints": 9}}
{"target": -5091.364819753483, "params": {"k_pid_pos": [0.57960045337677, 0.45859742164611816, 0.844748854637146], "k_pid_alt": [1.999999761581421, 0.0, 0.15865030884742737], "k_pid_att": [0.04677474498748779, 0.5218687653541565, 0.1754627823829651], "k_pid_yaw": [0.5, 1e-06, 0.1], "k_pid_hsp": [4.0486040115356445, 0.15752997994422913, 0.06399384140968323], "k_pid_vsp": [0.00010728836059570312, 279.10479736328125, 309.8742980957031]}, "datetime": {"datetime": "2025-08-13 12:22:22", "elapsed": 9270.839827537537, "delta": 29.56264042854309}, "costs": {"total_cost": 5091.364819753483, "time_cost": 150, "final_distance_cost": 779.1741520116601, "oscillation_cost": 1565.09422665124, "completition_cost": 1000.0, "overshoot_cost": 1371.6538831742032, "power_cost": 54.67735676269532, "noise_cost": 170.76520115368493, "n_waypoints_completed": 0, "tot_waypoints": 9}}
