{"target": -1006.5639827692215, "params": {"k_pid_pos": [0.23979072272777557, 0.02222999930381775, 0.04762774705886841], "k_pid_alt": [0.0, 0.19716563820838928, 0.9990127682685852], "k_pid_att": [99.99982452392578, 9.999999747378752e-05, 0.9930775165557861], "k_pid_yaw": [0.5, 1e-06, 0.1], "k_pid_hsp": [9.562832832336426, 0.9548118710517883, 0.0666675865650177], "k_pid_vsp": [399.9994201660156, 382.86083984375, 3.817106246948242]}, "datetime": {"datetime": "2025-08-13 22:30:55", "elapsed": 45783.35674285889, "delta": 30.382380485534668}, "costs": {"total_cost": 1006.5639827692215, "time_cost": 150, "final_distance_cost": 70.35043213601877, "oscillation_cost": 436.87357111860155, "completition_cost": 222.2222222222222, "overshoot_cost": 63.19408022821835, "power_cost": 31.640980310058595, "noise_cost": 32.28269675410202, "n_waypoints_completed": 7, "tot_waypoints": 9}}
{"target": -1089.0066186300821, "params": {"k_pid_pos": [0.052656389772892, 0.045872122049331665, 0.014547795057296753], "k_pid_alt": [0.0, 1.0, 0.9355023503303528], "k_pid_att": [100.0, 9.999999747378752e-05, 0.9834223985671997], "k_pid_yaw": [0.5, 1e-06, 0.1], "k_pid_hsp": [9.979326248168945, 0.9754687547683716, 0.03265863656997681], "k_pid_vsp": [399.9999084472656, 395.6511535644531, 6.927062034606934]}, "datetime": {"datetime": "2025-08-13 22:31:24", "elapsed": 45812.647763967514, "delta": 29.29102110862732}, "costs": {"total_cost": 1089.0066186300821, "time_cost": 150, "final_distance_cost": 54.74024681496718, "oscillation_cost": 74.0445123722573, "completition_cost": 666.6666666666667, "overshoot_cost": 84.48747721944864, "power_cost": 26.755215722656253, "noise_cost": 32.3124998340862, "n_waypoints_completed": 3, "tot_waypoints": 9}}
{"target": -994.0021657352428, "params": {"k_pid_pos": [0.09941425174474716, 0.030024290084838867, 0.10292044281959534], "k_pid_alt": [2.4139881134033203e-05, 1.0, 0.9912832975387573], "k_pid_att": [100.0, 9.999999747378752e-05, 0.9869855642318726], "k_pid_yaw": [0.5, 1e-06, 0.1], "k_pid_hsp": [9.962929725646973, 0.9960020780563354, 0.027648478746414185], "k_pid_vsp": [400.0, 398.7955017089844, 12.219310760498047]}, "datetime": {"datetime": "2025-08-13 22:31:54", "elapsed": 45842.8664059639, "delta": 30.218641996383667}, "costs": {"total_cost": 994.0021657352428, "time_cost": 150, "final_distance_cost": 46.812772819256786, "oscillation_cost": 117.65778559442903, "completition_cost": 555.5555555555555, "overshoot_cost": 72.79134239416304, "power_cost": 22.264972021484375, "noise_cost": 28.919737350354044, "n_waypoints_completed": 4, "tot_waypoints": 9}}
{"target": -1186.9786442856112, "params": {"k_pid_pos": [0.019264377653598785, 0.07465097308158875, 0.003870368003845215], "k_pid_alt": [0.00011962652206420898, 1.0, 0.8623506426811218], "k_pid_att": [100.0, 9.999999747378752e-05, 0.9791150093078613], "k_pid_yaw": [0.5, 1e-06, 0.1], "k_pid_hsp": [9.846657752990723, 0.9862608313560486, 0.009911149740219116], "k_pid_vsp": [399.9990234375, 393.8123474121094, 9.2195405960083]}, "datetime": {"datetime": "2025-08-13 22:32:24", "elapsed": 45873.02605891228, "delta": 30.159652948379517}, "costs": {"total_cost": 1186.9786442856112, "time_cost": 150, "final_distance_cost": 86.33080793541461, "oscillation_cost": 43.24286401263606, "completition_cost": 777.7777777777778, "overshoot_cost": 70.88995931909437, "power_cost": 30.253424536132815, "noise_cost": 28.483810704555502, "n_waypoints_completed": 2, "tot_waypoints": 9}}
{"target": -1167.7984064960503, "params": {"k_pid_pos": [0.03348688781261444, 0.1895385980606079, 0.09650284051895142], "k_pid_alt": [0.0, 0.9999999403953552, 0.9782439470291138], "k_pid_att": [100.0, 9.999999747378752e-05, 0.9952586889266968], "k_pid_yaw": [0.5, 1e-06, 0.1], "k_pid_hsp": [8.826910972595215, 0.925661027431488, 0.03277081251144409], "k_pid_vsp": [400.0, 389.3796081542969, 7.3536882400512695]}, "datetime": {"datetime": "2025-08-13 22:32:53", "elapsed": 45901.74206876755, "delta": 28.716009855270386}, "costs": {"total_cost": 1167.7984064960503, "time_cost": 150, "final_distance_cost": 57.898712328857094, "oscillation_cost": 156.91710431510128, "completition_cost": 666.6666666666667, "overshoot_cost": 76.05233747463659, "power_cost": 29.45785173339844, "noise_cost": 30.805733977390208, "n_waypoints_completed": 3, "tot_waypoints": 9}}
{"target": -1178.6927656056098, "params": {"k_pid_pos": [0.04071656987071037, 0.01879119873046875, 0.022313296794891357], "k_pid_alt": [4.231929779052734e-06, 1.0, 0.9960325956344604], "k_pid_att": [100.0, 9.999999747378752e-05, 0.9747205972671509], "k_pid_yaw": [0.5, 1e-06, 0.1], "k_pid_hsp": [9.78832721710205, 0.9332635402679443, 0.0026767849922180176], "k_pid_vsp": [400.0, 381.1952209472656, 27.841642379760742]}, "datetime": {"datetime": "2025-08-13 22:33:23", "elapsed": 45931.35461091995, "delta": 29.612542152404785}, "costs": {"total_cost": 1178.6927656056098, "time_cost": 150, "final_distance_cost": 90.90442819523948, "oscillation_cost": 24.36048847443913, "completition_cost": 777.7777777777778, "overshoot_cost": 77.49560273069028, "power_cost": 30.187171093750003, "noise_cost": 27.96729733371316, "n_waypoints_completed": 2, "tot_waypoints": 9}}
{"target": -1043.5415565349301, "params": {"k_pid_pos": [0.04109235852956772, 0.09179159998893738, 0.04482880234718323], "k_pid_alt": [1.0232893228530884, 0.7126682996749878, 0.9804598689079285], "k_pid_att": [100.0, 9.999999747378752e-05, 0.996973991394043], "k_pid_yaw": [0.5, 1e-06, 0.1], "k_pid_hsp": [9.699003219604492, 0.9369927644729614, 0.011461228132247925], "k_pid_vsp": [400.0, 380.2773132324219, 7.049251556396484]}, "datetime": {"datetime": "2025-08-13 22:33:53", "elapsed": 45961.279002189636, "delta": 29.924391269683838}, "costs": {"total_cost": 1043.5415565349301, "time_cost": 150, "final_distance_cost": 53.35752677858446, "oscillation_cost": 33.49150069396687, "completition_cost": 666.6666666666667, "overshoot_cost": 75.95786310481203, "power_cost": 31.172329650878908, "noise_cost": 32.895669640020934, "n_waypoints_completed": 3, "tot_waypoints": 9}}
{"target": -1102.1302815079264, "params": {"k_pid_pos": [0.07837481051683426, 0.00793948769569397, 0.039535701274871826], "k_pid_alt": [0.0, 1.0, 0.9960745573043823], "k_pid_att": [100.0, 9.999999747378752e-05, 0.9945842027664185], "k_pid_yaw": [0.5, 1e-06, 0.1], "k_pid_hsp": [9.904362678527832, 0.9951156377792358, 0.024076640605926514], "k_pid_vsp": [400.0, 385.14422607421875, 6.802929401397705]}, "datetime": {"datetime": "2025-08-13 22:34:23", "elapsed": 45991.34418654442, "delta": 30.065184354782104}, "costs": {"total_cost": 1102.1302815079264, "time_cost": 150, "final_distance_cost": 73.53573913794183, "oscillation_cost": 91.42217463595726, "completition_cost": 666.6666666666667, "overshoot_cost": 71.3822232594989, "power_cost": 21.201637316894534, "noise_cost": 27.92184049096737, "n_waypoints_completed": 3, "tot_waypoints": 9}}
{"target": -714.1722496184678, "params": {"k_pid_pos": [0.07756458222866058, 0.09950628876686096, 0.04244968295097351], "k_pid_alt": [1.257604718208313, 0.9999999403953552, 0.9345756769180298], "k_pid_att": [100.0, 9.999999747378752e-05, 0.9988149404525757], "k_pid_yaw": [0.5, 1e-06, 0.1], "k_pid_hsp": [8.998529434204102, 0.986829400062561, 0.006353497505187988], "k_pid_vsp": [400.0, 397.64239501953125, 0.6349335312843323]}, "datetime": {"datetime": "2025-08-13 22:34:53", "elapsed": 46021.19282722473, "delta": 29.84864068031311}, "costs": {"total_cost": 714.1722496184678, "time_cost": 150, "final_distance_cost": 54.24540462884466, "oscillation_cost": 49.10610530249213, "completition_cost": 333.33333333333337, "overshoot_cost": 65.87116011931434, "power_cost": 27.34801286621094, "noise_cost": 34.268233368272355, "n_waypoints_completed": 6, "tot_waypoints": 9}}
{"target": -1500.9956972413272, "params": {"k_pid_pos": [0.07043741643428802, 0.019713997840881348, 0.04762077331542969], "k_pid_alt": [0.0, 0.0008477866649627686, 0.9781766533851624], "k_pid_att": [99.99996185302734, 9.999999747378752e-05, 0.9867215752601624], "k_pid_yaw": [0.5, 1e-06, 0.1], "k_pid_hsp": [9.815774917602539, 0.9636814594268799, 0.02246791124343872], "k_pid_vsp": [400.0, 379.85101318359375, 3.3002982139587402]}, "datetime": {"datetime": "2025-08-13 22:35:23", "elapsed": 46051.44926023483, "delta": 30.25643301010132}, "costs": {"total_cost": 1500.9956972413272, "time_cost": 150, "final_distance_cost": 2.1111935091042016, "oscillation_cost": 33.48939593667266, "completition_cost": 1000.0, "overshoot_cost": 159.29312808549136, "power_cost": 38.66995126953125, "noise_cost": 117.43202844052759, "n_waypoints_completed": 0, "tot_waypoints": 9}}
{"target": -945.9251911050916, "params": {"k_pid_pos": [0.07449408620595932, 0.06308621168136597, 0.0541229248046875], "k_pid_alt": [4.7087669372558594e-05, 1.0, 0.9938274621963501], "k_pid_att": [100.0, 9.999999747378752e-05, 0.9637469053268433], "k_pid_yaw": [0.5, 1e-06, 0.1], "k_pid_hsp": [9.681464195251465, 0.9634095430374146, 0.012141495943069458], "k_pid_vsp": [400.0, 390.1540832519531, 11.595083236694336]}, "datetime": {"datetime": "2025-08-13 22:35:53", "elapsed": 46081.548003196716, "delta": 30.098742961883545}, "costs": {"total_cost": 945.9251911050916, "time_cost": 150, "final_distance_cost": 47.47697965079356, "oscillation_cost": 59.83695329044604, "completition_cost": 555.5555555555555, "overshoot_cost": 75.58424889133725, "power_cost": 27.964776855468752, "noise_cost": 29.50667686149047, "n_waypoints_completed": 4, "tot_waypoints": 9}}
{"target": -1249.0587056123763, "params": {"k_pid_pos": [0.036693934351205826, 0.025230199098587036, 0.055382609367370605], "k_pid_alt": [0.0, 1.0, 0.9012837409973145], "k_pid_att": [100.0, 9.999999747378752e-05, 0.9987305402755737], "k_pid_yaw": [0.5, 1e-06, 0.1], "k_pid_hsp": [9.669135093688965, 0.9811278581619263, 0.007340908050537109], "k_pid_vsp": [400.0, 397.13348388671875, 0.9121189713478088]}, "datetime": {"datetime": "2025-08-13 22:36:24", "elapsed": 46112.22549891472, "delta": 30.67749571800232}, "costs": {"total_cost": 1249.0587056123763, "time_cost": 150, "final_distance_cost": 90.86850176340289, "oscillation_cost": 93.05173137764874, "completition_cost": 777.7777777777778, "overshoot_cost": 80.41243627505281, "power_cost": 25.832709143066406, "noise_cost": 31.115549275427707, "n_waypoints_completed": 2, "tot_waypoints": 9}}
{"target": -1267.0838749062434, "params": {"k_pid_pos": [0.030772386118769646, 0.004149496555328369, 0.006365865468978882], "k_pid_alt": [0.0, 1.0, 0.9780792593955994], "k_pid_att": [100.0, 9.999999747378752e-05, 0.973410427570343], "k_pid_yaw": [0.5, 1e-06, 0.1], "k_pid_hsp": [9.982094764709473, 0.9789606332778931, 0.021651089191436768], "k_pid_vsp": [400.0, 394.4685363769531, 11.551023483276367]}, "datetime": {"datetime": "2025-08-13 22:36:54", "elapsed": 46142.47528529167, "delta": 30.249786376953125}, "costs": {"total_cost": 1267.0838749062434, "time_cost": 150, "final_distance_cost": 60.95753908451504, "oscillation_cost": 49.50716224333442, "completition_cost": 888.8888888888888, "overshoot_cost": 67.468445031928, "power_cost": 22.339261462402344, "noise_cost": 27.922578195174808, "n_waypoints_completed": 1, "tot_waypoints": 9}}
{"target": -2016.7941012096314, "params": {"k_pid_pos": [0.024600276723504066, 0.013264328241348267, 0.032625436782836914], "k_pid_alt": [0.0, 1.0, 0.971935510635376], "k_pid_att": [100.0, 0.00010059603664558381, 0.9916747808456421], "k_pid_yaw": [0.5, 1e-06, 0.1], "k_pid_hsp": [9.754237174987793, 0.8863691091537476, 0.3106294274330139], "k_pid_vsp": [399.9999084472656, 338.5220642089844, 7.373322010040283]}, "datetime": {"datetime": "2025-08-13 22:37:24", "elapsed": 46172.364834308624, "delta": 29.889549016952515}, "costs": {"total_cost": 2016.7941012096314, "time_cost": 150, "final_distance_cost": 75.47019405714163, "oscillation_cost": 766.1479892138782, "completition_cost": 888.8888888888888, "overshoot_cost": 73.35794132899231, "power_cost": 34.55947535400391, "noise_cost": 28.36961236672641, "n_waypoints_completed": 1, "tot_waypoints": 9}}
{"target": -1225.0716540252706, "params": {"k_pid_pos": [0.052673496305942535, 0.010741651058197021, 0.019934624433517456], "k_pid_alt": [0.001669764518737793, 1.0, 0.9923647046089172], "k_pid_att": [100.0, 9.999999747378752e-05, 0.988950252532959], "k_pid_yaw": [0.5, 1e-06, 0.1], "k_pid_hsp": [9.359278678894043, 0.9359432458877563, 0.05112588405609131], "k_pid_vsp": [400.0, 372.9827575683594, 3.620100975036621]}, "datetime": {"datetime": "2025-08-13 22:37:53", "elapsed": 46201.17225146294, "delta": 28.807417154312134}, "costs": {"total_cost": 1225.0716540252706, "time_cost": 150, "final_distance_cost": 93.02738309748983, "oscillation_cost": 72.53374767989885, "completition_cost": 777.7777777777778, "overshoot_cost": 71.29922431482521, "power_cost": 29.473035034179688, "noise_cost": 30.96048612109916, "n_waypoints_completed": 2, "tot_waypoints": 9}}
{"target": -1148.3624613221857, "params": {"k_pid_pos": [0.017874766141176224, 0.04733151197433472, 0.02250218391418457], "k_pid_alt": [0.0, 1.0, 0.9939465522766113], "k_pid_att": [100.0, 9.999999747378752e-05, 0.9671903252601624], "k_pid_yaw": [0.5, 1e-06, 0.1], "k_pid_hsp": [9.941566467285156, 0.9899572730064392, 0.001672118902206421], "k_pid_vsp": [399.9717712402344, 385.42828369140625, 42.298160552978516]}, "datetime": {"datetime": "2025-08-13 22:38:23", "elapsed": 46231.40089440346, "delta": 30.22864294052124}, "costs": {"total_cost": 1148.3624613221857, "time_cost": 150, "final_distance_cost": 65.52917725983893, "oscillation_cost": 28.834857041116287, "completition_cost": 777.7777777777778, "overshoot_cost": 68.96887508346082, "power_cost": 29.223310107421877, "noise_cost": 28.028464052570023, "n_waypoints_completed": 2, "tot_waypoints": 9}}
{"target": -1295.850356224352, "params": {"k_pid_pos": [0.015707828104496002, 0.026712894439697266, 0.04920676350593567], "k_pid_alt": [0.0, 1.0, 0.9039827585220337], "k_pid_att": [100.0, 9.999999747378752e-05, 0.9322197437286377], "k_pid_yaw": [0.5, 1e-06, 0.1], "k_pid_hsp": [9.287982940673828, 0.9619933366775513, 0.008688211441040039], "k_pid_vsp": [400.0, 361.5775451660156, 4.31418514251709]}, "datetime": {"datetime": "2025-08-13 22:38:53", "elapsed": 46261.664475917816, "delta": 30.26358151435852}, "costs": {"total_cost": 1295.850356224352, "time_cost": 150, "final_distance_cost": 50.25955628543949, "oscillation_cost": 49.08510919599646, "completition_cost": 888.8888888888888, "overshoot_cost": 88.27499342325929, "power_cost": 35.49260428466797, "noise_cost": 33.8492041460999, "n_waypoints_completed": 1, "tot_waypoints": 9}}
{"target": -1786.0561053334204, "params": {"k_pid_pos": [0.0790916383266449, 0.004211366176605225, 0.02328076958656311], "k_pid_alt": [0.671816885471344, 0.9999473094940186, 0.9552702307701111], "k_pid_att": [100.0, 0.7118289470672607, 0.9960232973098755], "k_pid_yaw": [0.5, 1e-06, 0.1], "k_pid_hsp": [9.819230079650879, 0.9306697845458984, 0.36470431089401245], "k_pid_vsp": [400.0, 398.7901306152344, 13.820755958557129]}, "datetime": {"datetime": "2025-08-13 22:39:27", "elapsed": 46295.53347039223, "delta": 33.86899447441101}, "costs": {"total_cost": 1786.0561053334204, "time_cost": 150, "final_distance_cost": 82.04467147518582, "oscillation_cost": 779.7632726269006, "completition_cost": 666.6666666666667, "overshoot_cost": 52.7532817402828, "power_cost": 28.420665673828125, "noise_cost": 26.407547150556255, "n_waypoints_completed": 3, "tot_waypoints": 9}}
{"target": -278.829514401156, "params": {"k_pid_pos": [0.5322900414466858, 0.05171138048171997, 0.009174823760986328], "k_pid_alt": [0.006369948387145996, 0.2747369408607483, 0.9728652238845825], "k_pid_att": [100.0, 9.999999747378752e-05, 0.9759148359298706], "k_pid_yaw": [0.5, 1e-06, 0.1], "k_pid_hsp": [9.878585815429688, 0.9910887479782104, 0.007396668195724487], "k_pid_vsp": [400.0, 358.9287109375, 6.822122097015381]}, "datetime": {"datetime": "2025-08-13 22:39:54", "elapsed": 46322.21225357056, "delta": 26.678783178329468}, "costs": {"total_cost": 278.829514401156, "time_cost": 99.449, "final_distance_cost": 1.8018796511984363, "oscillation_cost": 63.979806340747615, "completition_cost": 0.0, "overshoot_cost": 62.048374463351, "power_cost": 23.688423937988283, "noise_cost": 27.862030007870672, "n_waypoints_completed": 9, "tot_waypoints": 9}}
{"target": -858.0267875812028, "params": {"k_pid_pos": [0.1722458153963089, 0.03174909949302673, 0.021158963441848755], "k_pid_alt": [0.0009512901306152344, 1.0, 0.9797387719154358], "k_pid_att": [100.0, 9.999999747378752e-05, 0.9640970826148987], "k_pid_yaw": [0.5, 1e-06, 0.1], "k_pid_hsp": [9.9066801071167, 0.9964050054550171, 0.009223759174346924], "k_pid_vsp": [400.0, 365.0870666503906, 27.893259048461914]}, "datetime": {"datetime": "2025-08-13 22:40:23", "elapsed": 46352.10456895828, "delta": 29.89231538772583}, "costs": {"total_cost": 858.0267875812028, "time_cost": 150, "final_distance_cost": 52.78519058233796, "oscillation_cost": 62.885223892688686, "completition_cost": 444.4444444444444, "overshoot_cost": 65.9304530132634, "power_cost": 42.54678920898438, "noise_cost": 39.434686439483926, "n_waypoints_completed": 5, "tot_waypoints": 9}}
{"target": -1460.1883039977088, "params": {"k_pid_pos": [0.14167797565460205, 0.020343780517578125, 0.019723504781723022], "k_pid_alt": [0.00014275312423706055, 1.0, 0.9418047666549683], "k_pid_att": [100.0, 9.999999747378752e-05, 0.8551411628723145], "k_pid_yaw": [0.5, 1e-06, 0.1], "k_pid_hsp": [9.973926544189453, 0.9590290784835815, 0.048607826232910156], "k_pid_vsp": [400.0, 398.3817443847656, 1.1431584358215332]}, "datetime": {"datetime": "2025-08-13 22:40:54", "elapsed": 46382.73261523247, "delta": 30.62804627418518}, "costs": {"total_cost": 1460.1883039977088, "time_cost": 150, "final_distance_cost": 128.80809449676505, "oscillation_cost": 479.7856603377258, "completition_cost": 555.5555555555555, "overshoot_cost": 89.70882650130947, "power_cost": 27.069176721191408, "noise_cost": 29.260990385161374, "n_waypoints_completed": 4, "tot_waypoints": 9}}
{"target": -326.97410642956254, "params": {"k_pid_pos": [0.3735365867614746, 0.013813912868499756, 0.017926543951034546], "k_pid_alt": [0.0, 1.0, 0.9640552401542664], "k_pid_att": [100.0, 9.999999747378752e-05, 0.9139105081558228], "k_pid_yaw": [0.5, 1e-06, 0.1], "k_pid_hsp": [9.972746849060059, 0.9724116325378418, 0.023046880960464478], "k_pid_vsp": [400.0, 397.7375793457031, 17.107275009155273]}, "datetime": {"datetime": "2025-08-13 22:41:22", "elapsed": 46411.10912895203, "delta": 28.376513719558716}, "costs": {"total_cost": 326.97410642956254, "time_cost": 107.422, "final_distance_cost": 1.8312854989644678, "oscillation_cost": 93.06031172644117, "completition_cost": 0.0, "overshoot_cost": 67.0193629324237, "power_cost": 30.054198095703125, "noise_cost": 27.586948176030074, "n_waypoints_completed": 9, "tot_waypoints": 9}}
{"target": -1178.6346876102314, "params": {"k_pid_pos": [0.0737946555018425, 0.0011389851570129395, 0.006592094898223877], "k_pid_alt": [0.0006633996963500977, 1.0, 0.9961891174316406], "k_pid_att": [100.0, 9.999999747378752e-05, 0.9878992438316345], "k_pid_yaw": [0.5, 1e-06, 0.1], "k_pid_hsp": [9.76601791381836, 0.9635153412818909, 0.011174947023391724], "k_pid_vsp": [399.9706726074219, 393.9703063964844, 31.977893829345703]}, "datetime": {"datetime": "2025-08-13 22:41:51", "elapsed": 46439.77886724472, "delta": 28.669738292694092}, "costs": {"total_cost": 1178.6346876102314, "time_cost": 150, "final_distance_cost": 91.9743800801248, "oscillation_cost": 44.368781944084745, "completition_cost": 777.7777777777778, "overshoot_cost": 63.32929656536109, "power_cost": 24.134320068359376, "noise_cost": 27.050131174523578, "n_waypoints_completed": 2, "tot_waypoints": 9}}
{"target": -1928.4455873360107, "params": {"k_pid_pos": [0.011594240553677082, 0.10940137505531311, 0.002723902463912964], "k_pid_alt": [0.0003045201301574707, 1.0, 0.9926163554191589], "k_pid_att": [100.0, 9.999999747378752e-05, 0.9761626720428467], "k_pid_yaw": [0.5, 1e-06, 0.1], "k_pid_hsp": [9.483888626098633, 0.9978091716766357, 0.27516213059425354], "k_pid_vsp": [399.9976501464844, 395.4754943847656, 6.20859956741333]}, "datetime": {"datetime": "2025-08-13 22:42:21", "elapsed": 46469.80083274841, "delta": 30.021965503692627}, "costs": {"total_cost": 1928.4455873360107, "time_cost": 150, "final_distance_cost": 45.485095044556104, "oscillation_cost": 704.9183000204697, "completition_cost": 888.8888888888888, "overshoot_cost": 62.54673231560175, "power_cost": 45.69870953369141, "noise_cost": 30.907861532802897, "n_waypoints_completed": 1, "tot_waypoints": 9}}
{"target": -510.6528050413159, "params": {"k_pid_pos": [0.39164263010025024, 0.05274480581283569, 0.01680821180343628], "k_pid_alt": [0.0, 1.0, 0.9736062288284302], "k_pid_att": [100.0, 9.999999747378752e-05, 0.8467919230461121], "k_pid_yaw": [0.5, 1e-06, 0.1], "k_pid_hsp": [9.580256462097168, 0.9935369491577148, 0.08627155423164368], "k_pid_vsp": [400.0, 377.0694274902344, 6.031871795654297]}, "datetime": {"datetime": "2025-08-13 22:42:48", "elapsed": 46496.33715367317, "delta": 26.53632092475891}, "costs": {"total_cost": 510.6528050413159, "time_cost": 104.86, "final_distance_cost": 1.809449451518053, "oscillation_cost": 279.6011820284979, "completition_cost": 0.0, "overshoot_cost": 67.08565772530973, "power_cost": 29.315753625488284, "noise_cost": 27.98076221050196, "n_waypoints_completed": 9, "tot_waypoints": 9}}
