{"target": -2047.5877685077267, "params": {"k_pid_pos": [0.007429633755236864, 0.0389331579208374, 0.41115882992744446], "k_pid_alt": [0.0, 0.7937249541282654, 0.8152381181716919], "k_pid_att": [100.0, 0.00010029802069766447, 0.883650004863739], "k_pid_yaw": [0.5, 1e-06, 0.1], "k_pid_hsp": [9.80128002166748, 0.9931416511535645, 0.11095502972602844], "k_pid_vsp": [400.0, 391.9996643066406, 5.156899452209473]}, "datetime": {"datetime": "2025-08-13 18:02:23", "elapsed": 29671.110830307007, "delta": 28.85257124900818}, "costs": {"total_cost": 2047.5877685077267, "time_cost": 150, "final_distance_cost": 61.332461259365814, "oscillation_cost": 783.6250548597492, "completition_cost": 888.8888888888888, "overshoot_cost": 104.37668793577932, "power_cost": 31.602756103515627, "noise_cost": 27.761919460427926, "n_waypoints_completed": 1, "tot_waypoints": 9}}
{"target": -966.6080528723384, "params": {"k_pid_pos": [0.11474016308784485, 0.01707252860069275, 0.025160014629364014], "k_pid_alt": [1.7881393432617188e-07, 1.0, 0.9634181261062622], "k_pid_att": [100.0, 0.00010059603664558381, 0.9831888675689697], "k_pid_yaw": [0.5, 1e-06, 0.1], "k_pid_hsp": [9.301443099975586, 0.8490622639656067, 0.029087692499160767], "k_pid_vsp": [399.78985595703125, 394.6518859863281, 30.46901512145996]}, "datetime": {"datetime": "2025-08-13 18:02:52", "elapsed": 29700.858043432236, "delta": 29.747213125228882}, "costs": {"total_cost": 966.6080528723384, "time_cost": 150, "final_distance_cost": 42.663673123877174, "oscillation_cost": 93.695362822426, "completition_cost": 555.5555555555555, "overshoot_cost": 72.41552222203775, "power_cost": 24.541418811035157, "noise_cost": 27.7365203374067, "n_waypoints_completed": 4, "tot_waypoints": 9}}
{"target": -330.6687429923004, "params": {"k_pid_pos": [0.2930956780910492, 0.05449029803276062, 0.12826427817344666], "k_pid_alt": [0.0, 0.9999873638153076, 0.9692145586013794], "k_pid_att": [100.0, 9.999999747378752e-05, 0.990176796913147], "k_pid_yaw": [0.5, 1e-06, 0.1], "k_pid_hsp": [9.33577823638916, 0.9437340497970581, 0.013115912675857544], "k_pid_vsp": [399.9999084472656, 388.0179748535156, 4.458285331726074]}, "datetime": {"datetime": "2025-08-13 18:03:20", "elapsed": 29728.803982019424, "delta": 27.94593858718872}, "costs": {"total_cost": 330.6687429923004, "time_cost": 115.122, "final_distance_cost": 1.8057647921235807, "oscillation_cost": 81.8287970195873, "completition_cost": 0.0, "overshoot_cost": 67.98957989318366, "power_cost": 30.177157958984377, "noise_cost": 33.74544332842152, "n_waypoints_completed": 9, "tot_waypoints": 9}}
{"target": -354.0274584821236, "params": {"k_pid_pos": [0.6890295147895813, 0.05226674675941467, 0.009339600801467896], "k_pid_alt": [0.0, 0.9999908208847046, 0.9602643251419067], "k_pid_att": [100.0, 9.999999747378752e-05, 0.5718112587928772], "k_pid_yaw": [0.5, 1e-06, 0.1], "k_pid_hsp": [9.864076614379883, 0.9756274223327637, 0.028123527765274048], "k_pid_vsp": [400.0, 395.01617431640625, 98.67314147949219]}, "datetime": {"datetime": "2025-08-13 18:03:44", "elapsed": 29752.310547351837, "delta": 23.50656533241272}, "costs": {"total_cost": 354.0274584821236, "time_cost": 94.22, "final_distance_cost": 1.7966221804046982, "oscillation_cost": 143.18943221955675, "completition_cost": 0.0, "overshoot_cost": 65.61861866715387, "power_cost": 26.22180430908203, "noise_cost": 22.9809811059263, "n_waypoints_completed": 9, "tot_waypoints": 9}}
{"target": -1186.5956010331481, "params": {"k_pid_pos": [0.06798212230205536, 0.24675238132476807, 0.6030373573303223], "k_pid_alt": [0.0, 1.0, 0.9787269830703735], "k_pid_att": [100.0, 9.999999747378752e-05, 0.8894513845443726], "k_pid_yaw": [0.5, 1e-06, 0.1], "k_pid_hsp": [6.613805770874023, 0.9508099555969238, 0.015850365161895752], "k_pid_vsp": [0.007843971252441406, 393.0910949707031, 50.643585205078125]}, "datetime": {"datetime": "2025-08-13 18:04:13", "elapsed": 29781.88831758499, "delta": 29.577770233154297}, "costs": {"total_cost": 1186.5956010331481, "time_cost": 150, "final_distance_cost": 60.69712703536469, "oscillation_cost": 175.90617654537917, "completition_cost": 666.6666666666667, "overshoot_cost": 74.29339356962436, "power_cost": 32.122712109375, "noise_cost": 26.90952510673821, "n_waypoints_completed": 3, "tot_waypoints": 9}}
{"target": -349.3260608277652, "params": {"k_pid_pos": [0.19937363266944885, 0.13621646165847778, 0.02925899624824524], "k_pid_alt": [1.9907276630401611, 1.0, 0.9393177032470703], "k_pid_att": [100.0, 0.00032738945446908474, 0.875705897808075], "k_pid_yaw": [0.5, 1e-06, 0.1], "k_pid_hsp": [9.956318855285645, 0.9927560091018677, 0.015451788902282715], "k_pid_vsp": [399.9844055175781, 382.09619140625, 5.970121383666992]}, "datetime": {"datetime": "2025-08-13 18:04:41", "elapsed": 29809.223037958145, "delta": 27.334720373153687}, "costs": {"total_cost": 349.3260608277652, "time_cost": 110.796, "final_distance_cost": 1.8154651484683901, "oscillation_cost": 117.99195569927743, "completition_cost": 0.0, "overshoot_cost": 61.475044682331216, "power_cost": 25.77270994873047, "noise_cost": 31.474885348957656, "n_waypoints_completed": 9, "tot_waypoints": 9}}
{"target": -1075.8041052811973, "params": {"k_pid_pos": [0.0938306525349617, 0.6019008755683899, 0.04221224784851074], "k_pid_alt": [1.1920928955078125e-07, 1.0, 0.9852474927902222], "k_pid_att": [100.0, 0.01219962164759636, 0.9788280725479126], "k_pid_yaw": [0.5, 1e-06, 0.1], "k_pid_hsp": [9.564395904541016, 0.97316575050354, 0.01195460557937622], "k_pid_vsp": [399.99273681640625, 392.30133056640625, 38.353370666503906]}, "datetime": {"datetime": "2025-08-13 18:05:10", "elapsed": 29838.487474679947, "delta": 29.264436721801758}, "costs": {"total_cost": 1075.8041052811973, "time_cost": 150, "final_distance_cost": 62.80079989948176, "oscillation_cost": 83.01185923367069, "completition_cost": 666.6666666666667, "overshoot_cost": 57.283146310005215, "power_cost": 28.92016278076172, "noise_cost": 27.12147039061118, "n_waypoints_completed": 3, "tot_waypoints": 9}}
{"target": -1209.4224357021794, "params": {"k_pid_pos": [0.054540518671274185, 0.01057407259941101, 0.01668676733970642], "k_pid_alt": [0.002050638198852539, 1.0, 0.9871600270271301], "k_pid_att": [100.0, 8.499738693237305, 0.7906590700149536], "k_pid_yaw": [0.5, 1e-06, 0.1], "k_pid_hsp": [9.694912910461426, 0.980088472366333, 0.01293078064918518], "k_pid_vsp": [400.0, 392.4726867675781, 6.940639972686768]}, "datetime": {"datetime": "2025-08-13 18:05:39", "elapsed": 29867.93597793579, "delta": 29.448503255844116}, "costs": {"total_cost": 1209.4224357021794, "time_cost": 150, "final_distance_cost": 81.96960504413462, "oscillation_cost": 76.74154331822852, "completition_cost": 777.7777777777778, "overshoot_cost": 71.35050126160034, "power_cost": 22.235983020019532, "noise_cost": 29.347025280418514, "n_waypoints_completed": 2, "tot_waypoints": 9}}
{"target": -1016.5552249992666, "params": {"k_pid_pos": [0.1410580575466156, 0.028644651174545288, 0.016948014497756958], "k_pid_alt": [0.0, 1.0, 0.9703033566474915], "k_pid_att": [100.0, 9.999999747378752e-05, 0.9331477284431458], "k_pid_yaw": [0.5, 1e-06, 0.1], "k_pid_hsp": [9.858963966369629, 0.9754500389099121, 0.05483901500701904], "k_pid_vsp": [400.0, 393.9267272949219, 3.940797805786133]}, "datetime": {"datetime": "2025-08-13 18:06:08", "elapsed": 29897.03791975975, "delta": 29.10194182395935}, "costs": {"total_cost": 1016.5552249992666, "time_cost": 150, "final_distance_cost": 59.762525438186614, "oscillation_cost": 342.54419434423204, "completition_cost": 333.33333333333337, "overshoot_cost": 70.75722699296503, "power_cost": 29.256992504882813, "noise_cost": 30.900952385666752, "n_waypoints_completed": 6, "tot_waypoints": 9}}
{"target": -1523.315892002275, "params": {"k_pid_pos": [0.13581937551498413, 0.13478630781173706, 0.007607012987136841], "k_pid_alt": [0.0, 0.8638330698013306, 0.9681105613708496], "k_pid_att": [100.0, 0.00016020008479245007, 0.905693769454956], "k_pid_yaw": [0.5, 1e-06, 0.1], "k_pid_hsp": [9.792019844055176, 0.9959107637405396, 0.1478949785232544], "k_pid_vsp": [400.0, 256.3623352050781, 36.436607360839844]}, "datetime": {"datetime": "2025-08-13 18:06:38", "elapsed": 29926.8969745636, "delta": 29.859054803848267}, "costs": {"total_cost": 1523.315892002275, "time_cost": 150, "final_distance_cost": 45.34959689009015, "oscillation_cost": 646.7218606399509, "completition_cost": 555.5555555555555, "overshoot_cost": 62.492661169724144, "power_cost": 34.29546446533203, "noise_cost": 28.900753281622308, "n_waypoints_completed": 4, "tot_waypoints": 9}}
{"target": -451.45209623793147, "params": {"k_pid_pos": [1.043596625328064, 0.2149066925048828, 0.2180270254611969], "k_pid_alt": [1.7881393432617188e-07, 1.0, 0.9897648096084595], "k_pid_att": [100.0, 0.03744104504585266, 0.8889601230621338], "k_pid_yaw": [0.5, 1e-06, 0.1], "k_pid_hsp": [7.356668472290039, 0.9934254288673401, 0.05661475658416748], "k_pid_vsp": [36.23633575439453, 396.2735595703125, 41.633296966552734]}, "datetime": {"datetime": "2025-08-13 18:07:04", "elapsed": 29952.491283893585, "delta": 25.594309329986572}, "costs": {"total_cost": 451.45209623793147, "time_cost": 107.142, "final_distance_cost": 1.7996651098687362, "oscillation_cost": 222.77921099692935, "completition_cost": 0.0, "overshoot_cost": 66.8130625425194, "power_cost": 28.3636619140625, "noise_cost": 24.554495674551482, "n_waypoints_completed": 9, "tot_waypoints": 9}}
{"target": -745.7438795556175, "params": {"k_pid_pos": [0.22661755979061127, 0.07762712240219116, 0.010961323976516724], "k_pid_alt": [0.0028854012489318848, 1.0, 0.8850730657577515], "k_pid_att": [100.0, 9.999999747378752e-05, 0.9505327343940735], "k_pid_yaw": [0.5, 1e-06, 0.1], "k_pid_hsp": [9.082579612731934, 0.9891343116760254, 0.02924439311027527], "k_pid_vsp": [400.0, 391.4241943359375, 19.383516311645508]}, "datetime": {"datetime": "2025-08-13 18:07:33", "elapsed": 29981.706701517105, "delta": 29.215417623519897}, "costs": {"total_cost": 745.7438795556175, "time_cost": 150, "final_distance_cost": 58.64811608645668, "oscillation_cost": 87.26066693182742, "completition_cost": 333.33333333333337, "overshoot_cost": 61.11063254567794, "power_cost": 27.844050463867188, "noise_cost": 27.547080194454765, "n_waypoints_completed": 6, "tot_waypoints": 9}}
{"target": -1025.7023300555247, "params": {"k_pid_pos": [0.1081743910908699, 0.01591852307319641, 0.052068859338760376], "k_pid_alt": [1.5009769201278687, 1.0, 0.9941749572753906], "k_pid_att": [99.99999237060547, 0.00021682392980437726, 0.9046280384063721], "k_pid_yaw": [0.5, 1e-06, 0.1], "k_pid_hsp": [9.933728218078613, 0.995033860206604, 0.04815793037414551], "k_pid_vsp": [400.0, 391.5803527832031, 22.529842376708984]}, "datetime": {"datetime": "2025-08-13 18:08:02", "elapsed": 30010.670459270477, "delta": 28.963757753372192}, "costs": {"total_cost": 1025.7023300555247, "time_cost": 150, "final_distance_cost": 48.43132820559244, "oscillation_cost": 150.68436933937303, "completition_cost": 555.5555555555555, "overshoot_cost": 61.39950720413474, "power_cost": 30.57171256103516, "noise_cost": 29.059857189833888, "n_waypoints_completed": 4, "tot_waypoints": 9}}
{"target": -1512.7623257321427, "params": {"k_pid_pos": [0.12086304277181625, 0.04474222660064697, 0.06914809346199036], "k_pid_alt": [0.0, 1.0, 0.9949568510055542], "k_pid_att": [99.99431610107422, 9.999999747378752e-05, 0.7972922325134277], "k_pid_yaw": [0.5, 1e-06, 0.1], "k_pid_hsp": [8.389113426208496, 0.981982946395874, 0.245927631855011], "k_pid_vsp": [399.9997253417969, 364.5409240722656, 6.835294723510742]}, "datetime": {"datetime": "2025-08-13 18:08:32", "elapsed": 30040.220538377762, "delta": 29.550079107284546}, "costs": {"total_cost": 1512.7623257321427, "time_cost": 150, "final_distance_cost": 39.072589597222, "oscillation_cost": 621.381379632015, "completition_cost": 555.5555555555555, "overshoot_cost": 72.14119406938984, "power_cost": 42.55528608398438, "noise_cost": 32.0563207939759, "n_waypoints_completed": 4, "tot_waypoints": 9}}
{"target": -1387.7694602335139, "params": {"k_pid_pos": [0.16250792145729065, 0.2956397533416748, 0.16924333572387695], "k_pid_alt": [5.960464477539063e-08, 0.008792132139205933, 0.755695104598999], "k_pid_att": [100.0, 9.999999747378752e-05, 0.9487125277519226], "k_pid_yaw": [0.5, 1e-06, 0.1], "k_pid_hsp": [9.876641273498535, 0.9416526556015015, 0.011528730392456055], "k_pid_vsp": [394.24725341796875, 393.0885925292969, 9.29470157623291]}, "datetime": {"datetime": "2025-08-13 18:09:01", "elapsed": 30069.959891796112, "delta": 29.73935341835022}, "costs": {"total_cost": 1387.7694602335139, "time_cost": 150, "final_distance_cost": 26.793614363967986, "oscillation_cost": 29.350758694866496, "completition_cost": 1000.0, "overshoot_cost": 115.81226654139493, "power_cost": 29.78286619873047, "noise_cost": 36.02995443455411, "n_waypoints_completed": 0, "tot_waypoints": 9}}
{"target": -1050.2549467755446, "params": {"k_pid_pos": [0.1384802907705307, 0.032932668924331665, 0.04970681667327881], "k_pid_alt": [0.0, 1.0, 0.996414065361023], "k_pid_att": [99.99976348876953, 9.999999747378752e-05, 0.9827591180801392], "k_pid_yaw": [0.5, 1e-06, 0.1], "k_pid_hsp": [9.890984535217285, 0.9833143949508667, 0.028458982706069946], "k_pid_vsp": [400.0, 395.5276184082031, 0.7275472283363342]}, "datetime": {"datetime": "2025-08-13 18:09:30", "elapsed": 30098.827284812927, "delta": 28.867393016815186}, "costs": {"total_cost": 1050.2549467755446, "time_cost": 150, "final_distance_cost": 48.96403576840504, "oscillation_cost": 278.8530528852387, "completition_cost": 444.4444444444444, "overshoot_cost": 68.31120687175547, "power_cost": 28.197110119628906, "noise_cost": 31.485096686071984, "n_waypoints_completed": 5, "tot_waypoints": 9}}
{"target": -302.81701422308055, "params": {"k_pid_pos": [0.403734028339386, 0.10172677040100098, 0.029694467782974243], "k_pid_alt": [4.76837158203125e-07, 0.37601298093795776, 0.8953583240509033], "k_pid_att": [100.0, 9.999999747378752e-05, 0.8953800797462463], "k_pid_yaw": [0.5, 1e-06, 0.1], "k_pid_hsp": [9.981139183044434, 0.9879831671714783, 0.018573075532913208], "k_pid_vsp": [399.9999694824219, 386.5658264160156, 51.83203125]}, "datetime": {"datetime": "2025-08-13 18:09:55", "elapsed": 30123.862489938736, "delta": 25.035205125808716}, "costs": {"total_cost": 302.81701422308055, "time_cost": 100.366, "final_distance_cost": 1.8073471070491876, "oscillation_cost": 87.8853690030207, "completition_cost": 0.0, "overshoot_cost": 63.74703977236443, "power_cost": 24.882786779785157, "noise_cost": 24.128471560861115, "n_waypoints_completed": 9, "tot_waypoints": 9}}
{"target": -961.5654903860082, "params": {"k_pid_pos": [0.12046699225902557, 0.04841092228889465, 0.0442928671836853], "k_pid_alt": [4.470348358154297e-06, 1.0, 0.9223562479019165], "k_pid_att": [100.0, 9.999999747378752e-05, 0.9772153496742249], "k_pid_yaw": [0.5, 1e-06, 0.1], "k_pid_hsp": [9.324633598327637, 0.9825506210327148, 0.018496811389923096], "k_pid_vsp": [400.0, 397.98089599609375, 3.3252248764038086]}, "datetime": {"datetime": "2025-08-13 18:10:25", "elapsed": 30153.446618556976, "delta": 29.584128618240356}, "costs": {"total_cost": 961.5654903860082, "time_cost": 150, "final_distance_cost": 48.63920746212306, "oscillation_cost": 80.58775475597484, "completition_cost": 555.5555555555555, "overshoot_cost": 69.15704408446734, "power_cost": 25.193230761718752, "noise_cost": 32.43269776616862, "n_waypoints_completed": 4, "tot_waypoints": 9}}
{"target": -832.6755527619041, "params": {"k_pid_pos": [0.25182023644447327, 0.07158151268959045, 0.04968652129173279], "k_pid_alt": [0.0, 1.0, 0.9085800647735596], "k_pid_att": [100.0, 9.999999747378752e-05, 0.986829400062561], "k_pid_yaw": [0.5, 1e-06, 0.1], "k_pid_hsp": [9.369611740112305, 0.9793249368667603, 0.014167755842208862], "k_pid_vsp": [400.0, 376.0213317871094, 24.937273025512695]}, "datetime": {"datetime": "2025-08-13 18:10:54", "elapsed": 30182.489092350006, "delta": 29.042473793029785}, "costs": {"total_cost": 832.6755527619041, "time_cost": 150, "final_distance_cost": 51.29294717430952, "oscillation_cost": 78.78487951905963, "completition_cost": 444.4444444444444, "overshoot_cost": 58.42235379660008, "power_cost": 23.21500897216797, "noise_cost": 26.51591885532255, "n_waypoints_completed": 5, "tot_waypoints": 9}}
{"target": -1063.9197413090685, "params": {"k_pid_pos": [0.033642031252384186, 0.0835665762424469, 0.02478089928627014], "k_pid_alt": [1.9999973773956299, 0.9999985694885254, 0.7886664867401123], "k_pid_att": [100.0, 9.999999747378752e-05, 0.9721463918685913], "k_pid_yaw": [0.5, 1e-06, 0.1], "k_pid_hsp": [9.79638385772705, 0.9942283630371094, 0.013896316289901733], "k_pid_vsp": [400.0, 311.90643310546875, 14.998246192932129]}, "datetime": {"datetime": "2025-08-13 18:11:23", "elapsed": 30211.823541402817, "delta": 29.33444905281067}, "costs": {"total_cost": 1063.9197413090685, "time_cost": 150, "final_distance_cost": 54.61413945296325, "oscillation_cost": 47.09856231944341, "completition_cost": 666.6666666666667, "overshoot_cost": 80.2943190412306, "power_cost": 33.335661669921876, "noise_cost": 31.9103921588426, "n_waypoints_completed": 3, "tot_waypoints": 9}}
{"target": -524.1224316967997, "params": {"k_pid_pos": [0.44904762506484985, 0.06896796822547913, 0.029584169387817383], "k_pid_alt": [0.0, 0.9999611973762512, 0.9851902723312378], "k_pid_att": [100.0, 9.999999747378752e-05, 0.9441689252853394], "k_pid_yaw": [0.5, 1e-06, 0.1], "k_pid_hsp": [9.76006031036377, 0.9645536541938782, 0.0074013471603393555], "k_pid_vsp": [400.0, 390.6644287109375, 3.2653818130493164]}, "datetime": {"datetime": "2025-08-13 18:11:53", "elapsed": 30241.409329891205, "delta": 29.58578848838806}, "costs": {"total_cost": 524.1224316967997, "time_cost": 150, "final_distance_cost": 22.11331511114246, "oscillation_cost": 127.54933593609515, "completition_cost": 111.11111111111116, "overshoot_cost": 66.4317267734559, "power_cost": 18.997108154296875, "noise_cost": 27.919834610698203, "n_waypoints_completed": 8, "tot_waypoints": 9}}
{"target": -301.06202270515945, "params": {"k_pid_pos": [0.35099631547927856, 0.02734088897705078, 0.030440598726272583], "k_pid_alt": [0.10107558965682983, 0.5498653650283813, 0.7819610834121704], "k_pid_att": [100.0, 9.999999747378752e-05, 0.9852694869041443], "k_pid_yaw": [0.5, 1e-06, 0.1], "k_pid_hsp": [9.833514213562012, 0.9340602159500122, 0.0061775147914886475], "k_pid_vsp": [399.9925537109375, 384.4315490722656, 9.125889778137207]}, "datetime": {"datetime": "2025-08-13 18:12:19", "elapsed": 30267.40907049179, "delta": 25.999740600585938}, "costs": {"total_cost": 301.06202270515945, "time_cost": 109.34700000000001, "final_distance_cost": 1.8395469066886714, "oscillation_cost": 74.60806537855508, "completition_cost": 0.0, "overshoot_cost": 63.16765903498606, "power_cost": 24.185097924804687, "noise_cost": 27.91465346012496, "n_waypoints_completed": 9, "tot_waypoints": 9}}
{"target": -954.3578630898459, "params": {"k_pid_pos": [0.11073022335767746, 0.02846837043762207, 0.012194395065307617], "k_pid_alt": [0.0, 1.0, 0.9651153683662415], "k_pid_att": [99.99698638916016, 9.793411254882812, 0.9755591154098511], "k_pid_yaw": [0.5, 1e-06, 0.1], "k_pid_hsp": [9.82994270324707, 0.9625606536865234, 0.019850701093673706], "k_pid_vsp": [399.9423828125, 360.8271179199219, 6.123698711395264]}, "datetime": {"datetime": "2025-08-13 18:12:48", "elapsed": 30296.336772203445, "delta": 28.927701711654663}, "costs": {"total_cost": 954.3578630898459, "time_cost": 150, "final_distance_cost": 47.91267540900866, "oscillation_cost": 59.967907264447604, "completition_cost": 555.5555555555555, "overshoot_cost": 72.96916826781386, "power_cost": 32.92555906982422, "noise_cost": 35.02699752319599, "n_waypoints_completed": 4, "tot_waypoints": 9}}
{"target": -291.01970504349754, "params": {"k_pid_pos": [0.9642804265022278, 0.11683440208435059, 0.046843141317367554], "k_pid_alt": [0.0, 0.9999998807907104, 0.70588618516922], "k_pid_att": [100.0, 9.999999747378752e-05, 0.9793741703033447], "k_pid_yaw": [0.5, 1e-06, 0.1], "k_pid_hsp": [9.913309097290039, 0.9864460229873657, 0.0024579763412475586], "k_pid_vsp": [400.0, 396.73876953125, 11.934460639953613]}, "datetime": {"datetime": "2025-08-13 18:13:12", "elapsed": 30320.769669532776, "delta": 24.432897329330444}, "costs": {"total_cost": 291.01970504349754, "time_cost": 100.24000000000001, "final_distance_cost": 1.7867202082840818, "oscillation_cost": 77.80051511861403, "completition_cost": 0.0, "overshoot_cost": 63.89127586051375, "power_cost": 22.722748193359376, "noise_cost": 24.578445662726292, "n_waypoints_completed": 9, "tot_waypoints": 9}}
{"target": -658.3650533603496, "params": {"k_pid_pos": [0.2986718416213989, 0.07503437995910645, 0.021106034517288208], "k_pid_alt": [0.0, 1.0, 0.9864766597747803], "k_pid_att": [100.0, 1.6791764497756958, 0.9906437397003174], "k_pid_yaw": [0.5, 1e-06, 0.1], "k_pid_hsp": [9.786663055419922, 0.932939887046814, 0.034047454595565796], "k_pid_vsp": [399.9978332519531, 387.33953857421875, 5.547250270843506]}, "datetime": {"datetime": "2025-08-13 18:13:43", "elapsed": 30351.565163850784, "delta": 30.795494318008423}, "costs": {"total_cost": 658.3650533603496, "time_cost": 150, "final_distance_cost": 66.65173402989915, "oscillation_cost": 213.89849497622652, "completition_cost": 111.11111111111116, "overshoot_cost": 59.520543566794736, "power_cost": 27.33788389892578, "noise_cost": 29.845285777392437, "n_waypoints_completed": 8, "tot_waypoints": 9}}
