{"target": -824.8753359908324, "params": {"k_pid_pos": [0.1986834555864334, 0.25236982107162476, 0.03570905327796936], "k_pid_alt": [0.0, 1.0, 0.9764541387557983], "k_pid_att": [100.0, 9.999999747378752e-05, 0.9021592140197754], "k_pid_yaw": [0.5, 1e-06, 0.1], "k_pid_hsp": [7.963016986846924, 0.9746528267860413, 0.005246520042419434], "k_pid_vsp": [393.6642150878906, 372.4189147949219, 12.09720516204834]}, "datetime": {"datetime": "2025-08-13 19:02:20", "elapsed": 33269.04340815544, "delta": 29.89879608154297}, "costs": {"total_cost": 824.8753359908324, "time_cost": 150, "final_distance_cost": 51.65599169288502, "oscillation_cost": 53.393005085205786, "completition_cost": 444.4444444444444, "overshoot_cost": 60.88677469414389, "power_cost": 32.23389787597657, "noise_cost": 32.26122219817664, "n_waypoints_completed": 5, "tot_waypoints": 9}}
{"target": -1180.7465183682125, "params": {"k_pid_pos": [0.00806284137070179, 0.14911264181137085, 0.03610306978225708], "k_pid_alt": [0.44391822814941406, 1.0, 0.9534997940063477], "k_pid_att": [56.154029846191406, 9.999999747378752e-05, 0.9781169891357422], "k_pid_yaw": [0.5, 1e-06, 0.1], "k_pid_hsp": [9.56648063659668, 0.984463095664978, 0.015964537858963013], "k_pid_vsp": [400.0, 379.95928955078125, 10.227633476257324]}, "datetime": {"datetime": "2025-08-13 19:02:49", "elapsed": 33298.10620331764, "delta": 29.062795162200928}, "costs": {"total_cost": 1180.7465183682125, "time_cost": 150, "final_distance_cost": 88.38823023892989, "oscillation_cost": 38.64554717524453, "completition_cost": 777.7777777777778, "overshoot_cost": 70.08943980179838, "power_cost": 26.574704699707034, "noise_cost": 29.270818674754803, "n_waypoints_completed": 2, "tot_waypoints": 9}}
{"target": -1183.7959642198357, "params": {"k_pid_pos": [0.05378113314509392, 0.29424402117729187, 0.061027467250823975], "k_pid_alt": [0.0, 1.0, 0.8328431844711304], "k_pid_att": [100.0, 3.5859107971191406, 0.9901993274688721], "k_pid_yaw": [0.5, 1e-06, 0.1], "k_pid_hsp": [8.336503982543945, 0.9675756692886353, 0.0418834388256073], "k_pid_vsp": [400.0, 366.30010986328125, 2.23746395111084]}, "datetime": {"datetime": "2025-08-13 19:03:19", "elapsed": 33327.56058001518, "delta": 29.454376697540283}, "costs": {"total_cost": 1183.7959642198357, "time_cost": 150, "final_distance_cost": 52.48780252692208, "oscillation_cost": 192.78648730098726, "completition_cost": 666.6666666666667, "overshoot_cost": 66.53503248093155, "power_cost": 25.06450770263672, "noise_cost": 30.255467541691413, "n_waypoints_completed": 3, "tot_waypoints": 9}}
{"target": -1662.4933493638841, "params": {"k_pid_pos": [0.05427803471684456, 0.061157673597335815, 0.14902955293655396], "k_pid_alt": [0.0, 1.0, 0.9733483791351318], "k_pid_att": [99.99298858642578, 9.999999747378752e-05, 0.9883250594139099], "k_pid_yaw": [0.5, 1e-06, 0.1], "k_pid_hsp": [9.960166931152344, 0.9902355670928955, 0.09014439582824707], "k_pid_vsp": [400.0, 382.0102233886719, 13.59094524383545]}, "datetime": {"datetime": "2025-08-13 19:03:48", "elapsed": 33357.10883140564, "delta": 29.548251390457153}, "costs": {"total_cost": 1662.4933493638841, "time_cost": 150, "final_distance_cost": 56.93271781273459, "oscillation_cost": 644.9997858722779, "completition_cost": 666.6666666666667, "overshoot_cost": 81.78027046683172, "power_cost": 34.82865924072266, "noise_cost": 27.285249304650584, "n_waypoints_completed": 3, "tot_waypoints": 9}}
{"target": -1082.1775312411953, "params": {"k_pid_pos": [0.05361347645521164, 0.21866288781166077, 0.12908247113227844], "k_pid_alt": [0.0, 1.0, 0.889323353767395], "k_pid_att": [100.0, 9.999999747378752e-05, 0.972564160823822], "k_pid_yaw": [0.5, 1e-06, 0.1], "k_pid_hsp": [9.785061836242676, 0.9936662912368774, 0.012167751789093018], "k_pid_vsp": [400.0, 389.6322326660156, 27.236785888671875]}, "datetime": {"datetime": "2025-08-13 19:04:18", "elapsed": 33386.15439534187, "delta": 29.04556393623352}, "costs": {"total_cost": 1082.1775312411953, "time_cost": 150, "final_distance_cost": 61.70090354073202, "oscillation_cost": 81.97963354189879, "completition_cost": 666.6666666666667, "overshoot_cost": 68.93851579904955, "power_cost": 25.730745410156253, "noise_cost": 27.16106628269209, "n_waypoints_completed": 3, "tot_waypoints": 9}}
{"target": -951.3593648133754, "params": {"k_pid_pos": [0.13335126638412476, 0.00801241397857666, 0.014142125844955444], "k_pid_alt": [8.678436279296875e-05, 0.9997345805168152, 0.9156935214996338], "k_pid_att": [99.83982849121094, 9.999999747378752e-05, 0.9906874895095825], "k_pid_yaw": [0.5, 1e-06, 0.1], "k_pid_hsp": [9.878835678100586, 0.9588911533355713, 0.016223788261413574], "k_pid_vsp": [400.0, 390.4801025390625, 9.052361488342285]}, "datetime": {"datetime": "2025-08-13 19:04:48", "elapsed": 33416.32692837715, "delta": 30.17253303527832}, "costs": {"total_cost": 951.3593648133754, "time_cost": 150, "final_distance_cost": 49.04836917202874, "oscillation_cost": 60.11692230516243, "completition_cost": 555.5555555555555, "overshoot_cost": 70.66291514134143, "power_cost": 33.54329731445313, "noise_cost": 32.43230532483407, "n_waypoints_completed": 4, "tot_waypoints": 9}}
{"target": -2031.5817728828038, "params": {"k_pid_pos": [0.3679090142250061, 0.001738041639328003, 0.003464251756668091], "k_pid_alt": [0.0, 0.986730694770813, 0.9723685383796692], "k_pid_att": [100.0, 0.00010059603664558381, 0.8733526468276978], "k_pid_yaw": [0.5, 1e-06, 0.1], "k_pid_hsp": [9.305935859680176, 0.9697190523147583, 0.019428908824920654], "k_pid_vsp": [400.0, 387.0245056152344, 18.76039695739746]}, "datetime": {"datetime": "2025-08-13 19:05:17", "elapsed": 33445.48423242569, "delta": 29.157304048538208}, "costs": {"total_cost": 2031.5817728828038, "time_cost": 150, "final_distance_cost": 460.72240984948013, "oscillation_cost": 410.85185832050706, "completition_cost": 555.5555555555555, "overshoot_cost": 402.4815317729938, "power_cost": 24.957859252929687, "noise_cost": 27.012558131337496, "n_waypoints_completed": 4, "tot_waypoints": 9}}
{"target": -1216.2242501261385, "params": {"k_pid_pos": [0.03342531993985176, 0.0349942147731781, 0.042952120304107666], "k_pid_alt": [1.4662742614746094e-05, 1.0, 0.9906507730484009], "k_pid_att": [100.0, 9.999999747378752e-05, 0.9362730979919434], "k_pid_yaw": [0.5, 1e-06, 0.1], "k_pid_hsp": [9.89645767211914, 0.9630445241928101, 0.008036494255065918], "k_pid_vsp": [400.0, 369.56488037109375, 1.1937031745910645]}, "datetime": {"datetime": "2025-08-13 19:05:46", "elapsed": 33474.47313761711, "delta": 28.98890519142151}, "costs": {"total_cost": 1216.2242501261385, "time_cost": 150, "final_distance_cost": 85.44476546197743, "oscillation_cost": 56.53115579419289, "completition_cost": 777.7777777777778, "overshoot_cost": 82.50688111283566, "power_cost": 31.012472009277346, "noise_cost": 32.95119797007745, "n_waypoints_completed": 2, "tot_waypoints": 9}}
{"target": -1064.909163672509, "params": {"k_pid_pos": [0.05314178764820099, 0.05888175964355469, 0.021518558263778687], "k_pid_alt": [0.0, 1.0, 0.959801435470581], "k_pid_att": [99.99999237060547, 9.999999747378752e-05, 0.9862198829650879], "k_pid_yaw": [0.5, 1e-06, 0.1], "k_pid_hsp": [8.718241691589355, 0.9310410022735596, 0.015487223863601685], "k_pid_vsp": [399.9914855957031, 397.42620849609375, 3.496051788330078]}, "datetime": {"datetime": "2025-08-13 19:06:15", "elapsed": 33503.37097287178, "delta": 28.89783525466919}, "costs": {"total_cost": 1064.909163672509, "time_cost": 150, "final_distance_cost": 55.34035861182657, "oscillation_cost": 52.96859116195859, "completition_cost": 666.6666666666667, "overshoot_cost": 78.904719923291, "power_cost": 28.4195234375, "noise_cost": 32.609303871266285, "n_waypoints_completed": 3, "tot_waypoints": 9}}
{"target": -950.6892302158636, "params": {"k_pid_pos": [0.19566868245601654, 0.18215903639793396, 0.11459499597549438], "k_pid_alt": [0.0022539496421813965, 1.0, 0.9499056935310364], "k_pid_att": [100.0, 0.00010029802069766447, 0.9831734895706177], "k_pid_yaw": [0.5, 1e-06, 0.1], "k_pid_hsp": [9.86353588104248, 0.9939324855804443, 0.02159443497657776], "k_pid_vsp": [399.9996337890625, 329.30609130859375, 15.099502563476562]}, "datetime": {"datetime": "2025-08-13 19:06:43", "elapsed": 33531.551820516586, "delta": 28.180847644805908}, "costs": {"total_cost": 950.6892302158636, "time_cost": 150, "final_distance_cost": 82.27744562528619, "oscillation_cost": 263.35667415329823, "completition_cost": 333.33333333333337, "overshoot_cost": 65.51459206875192, "power_cost": 28.25904558105469, "noise_cost": 27.948139454139255, "n_waypoints_completed": 6, "tot_waypoints": 9}}
{"target": -1814.4421021375483, "params": {"k_pid_pos": [0.04473014548420906, 0.03630739450454712, 0.008622467517852783], "k_pid_alt": [0.0, 1.0, 0.9743404388427734], "k_pid_att": [89.62937927246094, 9.999999747378752e-05, 0.963810920715332], "k_pid_yaw": [0.5, 1e-06, 0.1], "k_pid_hsp": [9.922141075134277, 0.9440296292304993, 0.10085034370422363], "k_pid_vsp": [399.98980712890625, 394.54718017578125, 30.310083389282227]}, "datetime": {"datetime": "2025-08-13 19:07:11", "elapsed": 33559.84584903717, "delta": 28.294028520584106}, "costs": {"total_cost": 1814.4421021375483, "time_cost": 150, "final_distance_cost": 87.92897041967902, "oscillation_cost": 668.3246348420685, "completition_cost": 777.7777777777778, "overshoot_cost": 72.28694820575517, "power_cost": 31.86250456542969, "noise_cost": 26.26126632683834, "n_waypoints_completed": 2, "tot_waypoints": 9}}
{"target": -1200.3726757480686, "params": {"k_pid_pos": [0.0760604739189148, 0.04038473963737488, 0.11111822724342346], "k_pid_alt": [0.0, 0.9999315738677979, 0.9314000606536865], "k_pid_att": [99.99990844726562, 9.999999747378752e-05, 0.9330247640609741], "k_pid_yaw": [0.5, 1e-06, 0.1], "k_pid_hsp": [9.226041793823242, 0.9854015111923218, 0.08431550860404968], "k_pid_vsp": [344.2510681152344, 373.2602233886719, 3.0809412002563477]}, "datetime": {"datetime": "2025-08-13 19:07:40", "elapsed": 33588.413975954056, "delta": 28.568126916885376}, "costs": {"total_cost": 1200.3726757480686, "time_cost": 150, "final_distance_cost": 52.10315011711599, "oscillation_cost": 186.57621915939606, "completition_cost": 666.6666666666667, "overshoot_cost": 78.06223445213173, "power_cost": 35.53972779541016, "noise_cost": 31.424677557347824, "n_waypoints_completed": 3, "tot_waypoints": 9}}
{"target": -1186.3903148852621, "params": {"k_pid_pos": [0.12126225978136063, 0.07457995414733887, 0.011710166931152344], "k_pid_alt": [5.364418029785156e-06, 1.0, 0.9820157885551453], "k_pid_att": [100.0, 9.999999747378752e-05, 0.9963319301605225], "k_pid_yaw": [0.5, 1e-06, 0.1], "k_pid_hsp": [9.248394012451172, 0.9850368499755859, 0.06889459490776062], "k_pid_vsp": [400.0, 368.39019775390625, 32.330177307128906]}, "datetime": {"datetime": "2025-08-13 19:08:09", "elapsed": 33617.294991493225, "delta": 28.88101553916931}, "costs": {"total_cost": 1186.3903148852621, "time_cost": 150, "final_distance_cost": 46.854882557130644, "oscillation_cost": 298.04878818660103, "completition_cost": 555.5555555555555, "overshoot_cost": 67.16556486067732, "power_cost": 37.69372274169922, "noise_cost": 31.071800983598333, "n_waypoints_completed": 4, "tot_waypoints": 9}}
{"target": -1313.8737074927265, "params": {"k_pid_pos": [0.04956240952014923, 0.014195233583450317, 0.2308199405670166], "k_pid_alt": [0.0, 0.9989588856697083, 0.9517661929130554], "k_pid_att": [100.0, 9.999999747378752e-05, 0.9968733787536621], "k_pid_yaw": [0.5, 1e-06, 0.1], "k_pid_hsp": [9.916165351867676, 0.9911487102508545, 0.018046319484710693], "k_pid_vsp": [400.0, 392.6612243652344, 4.648567199707031]}, "datetime": {"datetime": "2025-08-13 19:08:39", "elapsed": 33647.190158605576, "delta": 29.895167112350464}, "costs": {"total_cost": 1313.8737074927265, "time_cost": 150, "final_distance_cost": 79.37597408625572, "oscillation_cost": 174.43418496555876, "completition_cost": 777.7777777777778, "overshoot_cost": 75.06159071478014, "power_cost": 27.38403271484375, "noise_cost": 29.840147233510447, "n_waypoints_completed": 2, "tot_waypoints": 9}}
{"target": -1214.8294114348207, "params": {"k_pid_pos": [0.225312277674675, 0.32259058952331543, 0.21765851974487305], "k_pid_alt": [0.0003777742385864258, 0.9999998211860657, 0.9860674738883972], "k_pid_att": [99.99954986572266, 9.999999747378752e-05, 0.8693072199821472], "k_pid_yaw": [0.5, 1e-06, 0.1], "k_pid_hsp": [9.730441093444824, 0.917998194694519, 0.02678951621055603], "k_pid_vsp": [400.0, 397.5175476074219, 4.354167938232422]}, "datetime": {"datetime": "2025-08-13 19:09:08", "elapsed": 33676.37855601311, "delta": 29.18839740753174}, "costs": {"total_cost": 1214.8294114348207, "time_cost": 150, "final_distance_cost": 47.73488683311599, "oscillation_cost": 458.15845485396943, "completition_cost": 444.4444444444444, "overshoot_cost": 61.01273441159219, "power_cost": 24.94590721435547, "noise_cost": 28.53298367734334, "n_waypoints_completed": 5, "tot_waypoints": 9}}
{"target": -1061.6927750170807, "params": {"k_pid_pos": [0.1276511400938034, 0.02953830361366272, 0.06376120448112488], "k_pid_alt": [0.0008032321929931641, 1.0, 0.9786664247512817], "k_pid_att": [0.12209415435791016, 9.999999747378752e-05, 0.9813048839569092], "k_pid_yaw": [0.5, 1e-06, 0.1], "k_pid_hsp": [8.457710266113281, 0.9117538928985596, 0.07215249538421631], "k_pid_vsp": [400.0, 373.64715576171875, 1.5599260330200195]}, "datetime": {"datetime": "2025-08-13 19:09:40", "elapsed": 33708.23684167862, "delta": 31.858285665512085}, "costs": {"total_cost": 1061.6927750170807, "time_cost": 150, "final_distance_cost": 52.70948974037722, "oscillation_cost": 37.14022902197913, "completition_cost": 666.6666666666667, "overshoot_cost": 103.62533877218414, "power_cost": 18.603084301757814, "noise_cost": 32.94796651411572, "n_waypoints_completed": 3, "tot_waypoints": 9}}
{"target": -1150.6592298297746, "params": {"k_pid_pos": [0.08500853180885315, 0.02389344573020935, 0.03042563796043396], "k_pid_alt": [5.960464477539063e-08, 1.0, 0.5326893925666809], "k_pid_att": [100.0, 9.999999747378752e-05, 0.7892361283302307], "k_pid_yaw": [0.5, 1e-06, 0.1], "k_pid_hsp": [9.94076919555664, 0.975845456123352, 0.042015135288238525], "k_pid_vsp": [282.856689453125, 396.7522888183594, 5.20384407043457]}, "datetime": {"datetime": "2025-08-13 19:10:09", "elapsed": 33737.82083964348, "delta": 29.58399796485901}, "costs": {"total_cost": 1150.6592298297746, "time_cost": 150, "final_distance_cost": 51.53981592370006, "oscillation_cost": 158.84843264793963, "completition_cost": 666.6666666666667, "overshoot_cost": 71.31346496087782, "power_cost": 22.956005688476562, "noise_cost": 29.334843942113714, "n_waypoints_completed": 3, "tot_waypoints": 9}}
{"target": -1297.81164751878, "params": {"k_pid_pos": [0.0295256394892931, 0.037143170833587646, 0.1014859676361084], "k_pid_alt": [0.0, 0.9996320009231567, 0.9230353832244873], "k_pid_att": [99.82846069335938, 0.00010029802069766447, 0.9130233526229858], "k_pid_yaw": [0.5, 1e-06, 0.1], "k_pid_hsp": [9.837462425231934, 0.9578182101249695, 0.015380799770355225], "k_pid_vsp": [398.7301940917969, 392.69586181640625, 1.9154796600341797]}, "datetime": {"datetime": "2025-08-13 19:10:39", "elapsed": 33767.73009419441, "delta": 29.909254550933838}, "costs": {"total_cost": 1297.81164751878, "time_cost": 150, "final_distance_cost": 89.34386641991443, "oscillation_cost": 141.61558999320445, "completition_cost": 777.7777777777778, "overshoot_cost": 84.89841980961839, "power_cost": 24.360712084960937, "noise_cost": 29.815281433304122, "n_waypoints_completed": 2, "tot_waypoints": 9}}
{"target": -752.9451369541107, "params": {"k_pid_pos": [0.23285242915153503, 0.01768997311592102, 0.044298142194747925], "k_pid_alt": [0.0019438862800598145, 0.9918283820152283, 0.9860488176345825], "k_pid_att": [100.0, 0.00010029802069766447, 0.9810028672218323], "k_pid_yaw": [0.5, 1e-06, 0.1], "k_pid_hsp": [9.949286460876465, 0.9871101975440979, 0.029961615800857544], "k_pid_vsp": [392.1696472167969, 388.39984130859375, 3.2785544395446777]}, "datetime": {"datetime": "2025-08-13 19:11:08", "elapsed": 33796.7945895195, "delta": 29.0644953250885}, "costs": {"total_cost": 752.9451369541107, "time_cost": 150, "final_distance_cost": 68.74322126639649, "oscillation_cost": 175.84365821704304, "completition_cost": 222.2222222222222, "overshoot_cost": 66.63332370503315, "power_cost": 34.85624957275391, "noise_cost": 34.64646197066195, "n_waypoints_completed": 7, "tot_waypoints": 9}}
{"target": -841.9441214465705, "params": {"k_pid_pos": [0.15338750183582306, 0.03424572944641113, 0.06279492378234863], "k_pid_alt": [0.0, 1.0, 0.7880695462226868], "k_pid_att": [99.8374252319336, 9.999999747378752e-05, 0.9733632206916809], "k_pid_yaw": [0.5, 1e-06, 0.1], "k_pid_hsp": [9.398859977722168, 0.869459867477417, 0.012323528528213501], "k_pid_vsp": [396.55645751953125, 385.4657287597656, 6.216717720031738]}, "datetime": {"datetime": "2025-08-13 19:11:38", "elapsed": 33826.38536262512, "delta": 29.590773105621338}, "costs": {"total_cost": 841.9441214465705, "time_cost": 150, "final_distance_cost": 46.538937801022364, "oscillation_cost": 68.64920040384433, "completition_cost": 444.4444444444444, "overshoot_cost": 67.34981743886779, "power_cost": 30.519209313964843, "noise_cost": 34.442512044426664, "n_waypoints_completed": 5, "tot_waypoints": 9}}
{"target": -943.2922672799579, "params": {"k_pid_pos": [0.12318757176399231, 0.04221835732460022, 0.10168302059173584], "k_pid_alt": [0.0, 1.0, 0.7215772867202759], "k_pid_att": [99.99978637695312, 0.0010405518114566803, 0.9671805500984192], "k_pid_yaw": [0.5, 1e-06, 0.1], "k_pid_hsp": [9.933984756469727, 0.9819009900093079, 0.012385368347167969], "k_pid_vsp": [400.0, 381.9337463378906, 11.268462181091309]}, "datetime": {"datetime": "2025-08-13 19:12:07", "elapsed": 33855.24403786659, "delta": 28.858675241470337}, "costs": {"total_cost": 943.2922672799579, "time_cost": 150, "final_distance_cost": 43.31754203832234, "oscillation_cost": 67.79574212610916, "completition_cost": 555.5555555555555, "overshoot_cost": 71.06385027441209, "power_cost": 25.8200998046875, "noise_cost": 29.739477480871177, "n_waypoints_completed": 4, "tot_waypoints": 9}}
{"target": -755.831842786959, "params": {"k_pid_pos": [0.473290354013443, 0.02797621488571167, 0.0006649792194366455], "k_pid_alt": [0.007113933563232422, 0.9999734163284302, 0.9728574752807617], "k_pid_att": [99.99998474121094, 9.999999747378752e-05, 0.855804443359375], "k_pid_yaw": [0.5, 1e-06, 0.1], "k_pid_hsp": [9.84162712097168, 0.9905164241790771, 0.14328962564468384], "k_pid_vsp": [400.0, 398.95220947265625, 97.74577331542969]}, "datetime": {"datetime": "2025-08-13 19:12:35", "elapsed": 33883.53637719154, "delta": 28.292339324951172}, "costs": {"total_cost": 755.831842786959, "time_cost": 112.525, "final_distance_cost": 1.8549245359001354, "oscillation_cost": 511.9177497209997, "completition_cost": 0.0, "overshoot_cost": 69.68621058604049, "power_cost": 31.230660314941407, "noise_cost": 28.617297629077218, "n_waypoints_completed": 9, "tot_waypoints": 9}}
{"target": -822.2341967646798, "params": {"k_pid_pos": [0.1672188937664032, 0.09250432252883911, 0.09464460611343384], "k_pid_alt": [0.0, 0.9828899502754211, 0.911630392074585], "k_pid_att": [99.99999237060547, 0.00010059603664558381, 0.9335492849349976], "k_pid_yaw": [0.5, 1e-06, 0.1], "k_pid_hsp": [8.145272254943848, 0.8483936786651611, 0.0020101964473724365], "k_pid_vsp": [400.0, 389.0858154296875, 18.313182830810547]}, "datetime": {"datetime": "2025-08-13 19:13:04", "elapsed": 33912.236241579056, "delta": 28.699864387512207}, "costs": {"total_cost": 822.2341967646798, "time_cost": 150, "final_distance_cost": 56.046424589048044, "oscillation_cost": 57.7314556248424, "completition_cost": 444.4444444444444, "overshoot_cost": 61.66008796176493, "power_cost": 24.25433231201172, "noise_cost": 28.097451832568368, "n_waypoints_completed": 5, "tot_waypoints": 9}}
{"target": -993.8453905833624, "params": {"k_pid_pos": [0.12850713729858398, 0.06113135814666748, 0.06473293900489807], "k_pid_alt": [5.960464477539063e-08, 1.0, 0.9807558655738831], "k_pid_att": [98.9639663696289, 9.999999747378752e-05, 0.9890071153640747], "k_pid_yaw": [0.5, 1e-06, 0.1], "k_pid_hsp": [8.589608192443848, 0.9407603144645691, 0.02099931240081787], "k_pid_vsp": [400.0, 389.04046630859375, 15.777398109436035]}, "datetime": {"datetime": "2025-08-13 19:13:33", "elapsed": 33941.85982608795, "delta": 29.623584508895874}, "costs": {"total_cost": 993.8453905833624, "time_cost": 150, "final_distance_cost": 40.42322335246326, "oscillation_cost": 121.06991295376515, "completition_cost": 555.5555555555555, "overshoot_cost": 68.86539293544443, "power_cost": 28.21633203125, "noise_cost": 29.714973754883975, "n_waypoints_completed": 4, "tot_waypoints": 9}}
{"target": -1167.2131069275933, "params": {"k_pid_pos": [0.10543032735586166, 0.017570436000823975, 0.012678086757659912], "k_pid_alt": [0.0, 1.0, 0.9268279075622559], "k_pid_att": [100.0, 9.999999747378752e-05, 0.9627349376678467], "k_pid_yaw": [0.5, 1e-06, 0.1], "k_pid_hsp": [9.68896198272705, 0.9934591054916382, 0.059724777936935425], "k_pid_vsp": [400.0, 366.5410461425781, 5.53721284866333]}, "datetime": {"datetime": "2025-08-13 19:14:03", "elapsed": 33971.63064789772, "delta": 29.770821809768677}, "costs": {"total_cost": 1167.2131069275933, "time_cost": 150, "final_distance_cost": 48.76398044809306, "oscillation_cost": 280.3811263377579, "completition_cost": 555.5555555555555, "overshoot_cost": 71.48175106520719, "power_cost": 29.58786530761719, "noise_cost": 31.442828213362354, "n_waypoints_completed": 4, "tot_waypoints": 9}}
