{"target": -1254.3801087438342, "params": {"k_pid_pos": [0.11984403431415558, 0.9128655195236206, 0.12292468547821045], "k_pid_alt": [0.9961793422698975, 0.9999391436576843, 0.5470033288002014], "k_pid_att": [99.99972534179688, 0.000101788122265134, 0.8586623668670654], "k_pid_yaw": [0.5, 1e-06, 0.1], "k_pid_hsp": [9.601031303405762, 0.8017647862434387, 0.015971064567565918], "k_pid_vsp": [0.00019073486328125, 398.9601745605469, 59.38613510131836]}, "datetime": {"datetime": "2025-08-13 12:58:52", "elapsed": 11460.650374174118, "delta": 28.708099603652954}, "costs": {"total_cost": 1254.3801087438342, "time_cost": 150, "final_distance_cost": 85.33189682531979, "oscillation_cost": 126.77809482553798, "completition_cost": 777.7777777777778, "overshoot_cost": 48.98921209957871, "power_cost": 36.45748549804688, "noise_cost": 29.04564171757289, "n_waypoints_completed": 2, "tot_waypoints": 9}}
{"target": -1087.1094013259521, "params": {"k_pid_pos": [0.41188740730285645, 0.7989594340324402, 0.0001862943172454834], "k_pid_alt": [3.4868717193603516e-05, 1.0, 0.7372047901153564], "k_pid_att": [99.99977111816406, 9.950154304504395, 0.30768436193466187], "k_pid_yaw": [0.5, 1e-06, 0.1], "k_pid_hsp": [5.004939556121826, 0.7010594010353088, 0.021694719791412354], "k_pid_vsp": [399.1683349609375, 390.8748779296875, 15.932095527648926]}, "datetime": {"datetime": "2025-08-13 12:59:21", "elapsed": 11489.202934741974, "delta": 28.552560567855835}, "costs": {"total_cost": 1087.1094013259521, "time_cost": 150, "final_distance_cost": 51.90425189314253, "oscillation_cost": 80.19716229250605, "completition_cost": 666.6666666666667, "overshoot_cost": 60.50671658195022, "power_cost": 42.64279978027344, "noise_cost": 35.191804111413234, "n_waypoints_completed": 3, "tot_waypoints": 9}}
{"target": -1095.9388936559951, "params": {"k_pid_pos": [0.44329068064689636, 0.8956549763679504, 0.08837014436721802], "k_pid_alt": [6.556510925292969e-07, 0.9997326135635376, 0.8493249416351318], "k_pid_att": [99.98086547851562, 9.828980445861816, 0.8676209449768066], "k_pid_yaw": [0.5, 1e-06, 0.1], "k_pid_hsp": [5.1583404541015625, 0.9075267314910889, 0.055004656314849854], "k_pid_vsp": [399.99188232421875, 298.08917236328125, 22.399354934692383]}, "datetime": {"datetime": "2025-08-13 12:59:50", "elapsed": 11518.210767030716, "delta": 29.007832288742065}, "costs": {"total_cost": 1095.9388936559951, "time_cost": 150, "final_distance_cost": 57.96397325006043, "oscillation_cost": 95.90148740953892, "completition_cost": 666.6666666666667, "overshoot_cost": 59.631592870832975, "power_cost": 34.25345612792969, "noise_cost": 31.52171733096636, "n_waypoints_completed": 3, "tot_waypoints": 9}}
{"target": -588.0513795663946, "params": {"k_pid_pos": [1.129406452178955, 0.014159083366394043, 0.5652518272399902], "k_pid_alt": [0.0, 0.9998019933700562, 0.43798378109931946], "k_pid_att": [100.0, 9.999999747378752e-05, 0.40544989705085754], "k_pid_yaw": [0.5, 1e-06, 0.1], "k_pid_hsp": [9.605592727661133, 0.35889697074890137, 0.026480823755264282], "k_pid_vsp": [9.069765090942383, 304.9395751953125, 2.4572620391845703]}, "datetime": {"datetime": "2025-08-13 13:00:16", "elapsed": 11544.431535482407, "delta": 26.220768451690674}, "costs": {"total_cost": 588.0513795663946, "time_cost": 110.502, "final_distance_cost": 1.7913669133115555, "oscillation_cost": 346.410185045841, "completition_cost": 0.0, "overshoot_cost": 68.29744088371307, "power_cost": 34.902363879394535, "noise_cost": 26.148022844134545, "n_waypoints_completed": 9, "tot_waypoints": 9}}
{"target": -818.6447273422535, "params": {"k_pid_pos": [1.3708261251449585, 0.9898170828819275, 0.7212867736816406], "k_pid_alt": [0.0, 0.22603166103363037, 0.8065457940101624], "k_pid_att": [99.99984741210938, 7.72274112701416, 0.7381120920181274], "k_pid_yaw": [0.5, 1e-06, 0.1], "k_pid_hsp": [6.940374851226807, 0.9909511208534241, 0.008582115173339844], "k_pid_vsp": [399.7738037109375, 362.2954406738281, 5.487967491149902]}, "datetime": {"datetime": "2025-08-13 13:00:45", "elapsed": 11573.244783639908, "delta": 28.81324815750122}, "costs": {"total_cost": 818.6447273422535, "time_cost": 150, "final_distance_cost": 67.49363257557727, "oscillation_cost": 257.38711274145965, "completition_cost": 222.2222222222222, "overshoot_cost": 60.74013020942214, "power_cost": 27.3952611328125, "noise_cost": 33.4063684607598, "n_waypoints_completed": 7, "tot_waypoints": 9}}
{"target": -1376.927980152393, "params": {"k_pid_pos": [1.5563591718673706, 0.06635135412216187, 0.4009331166744232], "k_pid_alt": [1.9992804527282715, 1.0, 0.8148431777954102], "k_pid_att": [100.0, 9.999992370605469, 0.2236379086971283], "k_pid_yaw": [0.5, 1e-06, 0.1], "k_pid_hsp": [8.9688720703125, 0.9687860012054443, 0.3119800090789795], "k_pid_vsp": [0.0, 292.3921203613281, 16.149654388427734]}, "datetime": {"datetime": "2025-08-13 13:01:13", "elapsed": 11601.617237567902, "delta": 28.372453927993774}, "costs": {"total_cost": 1376.927980152393, "time_cost": 150, "final_distance_cost": 52.46957539890735, "oscillation_cost": 541.4078744742573, "completition_cost": 444.4444444444444, "overshoot_cost": 85.50693088928367, "power_cost": 50.81947927246094, "noise_cost": 52.27967567303949, "n_waypoints_completed": 5, "tot_waypoints": 9}}
{"target": -1540.8865607095502, "params": {"k_pid_pos": [0.06297290325164795, 0.9972802996635437, 0.010660380125045776], "k_pid_alt": [0.00020831823348999023, 1.0, 0.7837224006652832], "k_pid_att": [100.0, 0.00010596040374366567, 0.36822396516799927], "k_pid_yaw": [0.5, 1e-06, 0.1], "k_pid_hsp": [9.545559883117676, 0.9912844896316528, 0.49957501888275146], "k_pid_vsp": [0.019800662994384766, 144.2730255126953, 28.773488998413086]}, "datetime": {"datetime": "2025-08-13 13:01:42", "elapsed": 11630.506927490234, "delta": 28.889689922332764}, "costs": {"total_cost": 1540.8865607095502, "time_cost": 150, "final_distance_cost": 44.88432738661425, "oscillation_cost": 220.52459077269776, "completition_cost": 1000.0, "overshoot_cost": 62.21038813873231, "power_cost": 34.51265845947266, "noise_cost": 28.754595952033334, "n_waypoints_completed": 0, "tot_waypoints": 9}}
{"target": -1172.80089051185, "params": {"k_pid_pos": [1.5293279886245728, 0.9869379997253418, 0.016632497310638428], "k_pid_alt": [1.9999685287475586, 1.0, 0.9012341499328613], "k_pid_att": [99.99956512451172, 2.3730812072753906, 0.3394348621368408], "k_pid_yaw": [0.5, 1e-06, 0.1], "k_pid_hsp": [8.472201347351074, 0.9706326127052307, 0.10270774364471436], "k_pid_vsp": [0.00019073486328125, 127.36785125732422, 11.66741943359375]}, "datetime": {"datetime": "2025-08-13 13:02:11", "elapsed": 11659.362121582031, "delta": 28.855194091796875}, "costs": {"total_cost": 1172.80089051185, "time_cost": 150, "final_distance_cost": 47.144287893072836, "oscillation_cost": 171.46568637094634, "completition_cost": 666.6666666666667, "overshoot_cost": 57.258944938033345, "power_cost": 41.33404879150391, "noise_cost": 38.93125585162677, "n_waypoints_completed": 3, "tot_waypoints": 9}}
{"target": -1313.9307199876757, "params": {"k_pid_pos": [1.7362842559814453, 0.9419254064559937, 0.012122958898544312], "k_pid_alt": [0.03282994031906128, 0.9293058514595032, 0.77009516954422], "k_pid_att": [99.99044799804688, 9.999999747378752e-05, 0.8027815818786621], "k_pid_yaw": [0.5, 1e-06, 0.1], "k_pid_hsp": [9.91146183013916, 0.9996098279953003, 0.07108893990516663], "k_pid_vsp": [399.9932861328125, 368.1949768066406, 8.07855224609375]}, "datetime": {"datetime": "2025-08-13 13:02:39", "elapsed": 11687.860029697418, "delta": 28.497908115386963}, "costs": {"total_cost": 1313.9307199876757, "time_cost": 150, "final_distance_cost": 51.20955072508086, "oscillation_cost": 105.52251909058766, "completition_cost": 888.8888888888888, "overshoot_cost": 48.0458814502101, "power_cost": 36.56466091308594, "noise_cost": 33.69921891982237, "n_waypoints_completed": 1, "tot_waypoints": 9}}
{"target": -448.617419642905, "params": {"k_pid_pos": [1.6071808338165283, 0.56145179271698, 0.6521918773651123], "k_pid_alt": [1.9999998807907104, 0.9995542168617249, 0.4757590889930725], "k_pid_att": [100.0, 9.999999747378752e-05, 0.9489545226097107], "k_pid_yaw": [0.5, 1e-06, 0.1], "k_pid_hsp": [7.102639675140381, 0.908180832862854, 0.06320074200630188], "k_pid_vsp": [399.24908447265625, 358.1783447265625, 76.59519958496094]}, "datetime": {"datetime": "2025-08-13 13:02:59", "elapsed": 11707.919021606445, "delta": 20.0589919090271}, "costs": {"total_cost": 448.617419642905, "time_cost": 85.827, "final_distance_cost": 1.7998390124044183, "oscillation_cost": 266.52960913605506, "completition_cost": 0.0, "overshoot_cost": 53.04319818481248, "power_cost": 21.49419442138672, "noise_cost": 19.923578888246308, "n_waypoints_completed": 9, "tot_waypoints": 9}}
{"target": -668.0282675696867, "params": {"k_pid_pos": [0.43096834421157837, 0.13770616054534912, 0.000553429126739502], "k_pid_alt": [0.002915322780609131, 0.9613240957260132, 0.7900112271308899], "k_pid_att": [100.0, 1.9930460453033447, 0.8727750778198242], "k_pid_yaw": [0.5, 1e-06, 0.1], "k_pid_hsp": [8.652626991271973, 0.8434166312217712, 0.02765020728111267], "k_pid_vsp": [399.9998474121094, 399.611572265625, 135.34619140625]}, "datetime": {"datetime": "2025-08-13 13:03:29", "elapsed": 11737.721583127975, "delta": 29.80256152153015}, "costs": {"total_cost": 668.0282675696867, "time_cost": 150, "final_distance_cost": 63.570661226264775, "oscillation_cost": 112.15458190298702, "completition_cost": 222.2222222222222, "overshoot_cost": 59.48584264163888, "power_cost": 31.182970227050784, "noise_cost": 29.41198934952304, "n_waypoints_completed": 7, "tot_waypoints": 9}}
{"target": -2166.4612753844367, "params": {"k_pid_pos": [0.46442943811416626, 0.14752516150474548, 0.06926926970481873], "k_pid_alt": [2.9027462005615234e-05, 0.0024012327194213867, 0.24477845430374146], "k_pid_att": [78.57229614257812, 0.00010089405986946076, 0.7913249731063843], "k_pid_yaw": [0.5, 1e-06, 0.1], "k_pid_hsp": [7.942220211029053, 0.8971481323242188, 0.17214065790176392], "k_pid_vsp": [0.00016689300537109375, 399.64007568359375, 15.11893367767334]}, "datetime": {"datetime": "2025-08-13 13:03:58", "elapsed": 11766.580950975418, "delta": 28.859367847442627}, "costs": {"total_cost": 2166.4612753844367, "time_cost": 150, "final_distance_cost": 10.669764374359907, "oscillation_cost": 775.0927622701474, "completition_cost": 1000.0, "overshoot_cost": 144.64669239682638, "power_cost": 40.40884782714844, "noise_cost": 45.643208515954576, "n_waypoints_completed": 0, "tot_waypoints": 9}}
{"target": -843.9190567920845, "params": {"k_pid_pos": [0.42072728276252747, 0.03984716534614563, 0.18617361783981323], "k_pid_alt": [0.0, 0.994102954864502, 0.34401464462280273], "k_pid_att": [99.5248794555664, 0.0005935215158388019, 0.032843202352523804], "k_pid_yaw": [0.5, 1e-06, 0.1], "k_pid_hsp": [7.734591960906982, 0.8825868368148804, 0.3855978846549988], "k_pid_vsp": [400.0, 344.62176513671875, 4.435039520263672]}, "datetime": {"datetime": "2025-08-13 13:04:24", "elapsed": 11793.040155410767, "delta": 26.45920443534851}, "costs": {"total_cost": 843.9190567920845, "time_cost": 110.71900000000001, "final_distance_cost": 1.8323856664800673, "oscillation_cost": 594.6615687539434, "completition_cost": 0.0, "overshoot_cost": 72.64189813985959, "power_cost": 34.68956708984375, "noise_cost": 29.374637141957734, "n_waypoints_completed": 9, "tot_waypoints": 9}}
{"target": -1521.0948292154524, "params": {"k_pid_pos": [1.5832855701446533, 0.3200201690196991, 0.3316376805305481], "k_pid_alt": [1.430511474609375e-06, 2.6792287826538086e-05, 0.8530909419059753], "k_pid_att": [36.86158752441406, 0.47064146399497986, 0.8019211888313293], "k_pid_yaw": [0.5, 1e-06, 0.1], "k_pid_hsp": [6.162959098815918, 0.8290764093399048, 0.03704071044921875], "k_pid_vsp": [400.0, 235.96548461914062, 6.601203441619873]}, "datetime": {"datetime": "2025-08-13 13:04:54", "elapsed": 11822.173894882202, "delta": 29.133739471435547}, "costs": {"total_cost": 1521.0948292154524, "time_cost": 150, "final_distance_cost": 0.92261858896079, "oscillation_cost": 43.34263620377423, "completition_cost": 1000.0, "overshoot_cost": 163.01912783538648, "power_cost": 20.258049865722658, "noise_cost": 143.5523967216083, "n_waypoints_completed": 0, "tot_waypoints": 9}}
{"target": -1393.9488434814882, "params": {"k_pid_pos": [0.4710976779460907, 0.6889233589172363, 0.1813986897468567], "k_pid_alt": [0.0, 0.2798047363758087, 0.8291736245155334], "k_pid_att": [0.1346975564956665, 9.999999747378752e-05, 0.365343302488327], "k_pid_yaw": [0.5, 1e-06, 0.1], "k_pid_hsp": [8.744556427001953, 0.7743194103240967, 0.05531623959541321], "k_pid_vsp": [399.9999694824219, 277.24609375, 12.680066108703613]}, "datetime": {"datetime": "2025-08-13 13:05:22", "elapsed": 11850.716629505157, "delta": 28.542734622955322}, "costs": {"total_cost": 1393.9488434814882, "time_cost": 150, "final_distance_cost": 63.56554329334079, "oscillation_cost": 35.17904790806732, "completition_cost": 1000.0, "overshoot_cost": 84.42291836022054, "power_cost": 31.542351904296876, "noise_cost": 29.238982015562684, "n_waypoints_completed": 0, "tot_waypoints": 9}}
{"target": -529.8374486879235, "params": {"k_pid_pos": [1.1037112474441528, 0.810994029045105, 0.2467619776725769], "k_pid_alt": [0.7739971876144409, 0.6070910692214966, 0.9425591230392456], "k_pid_att": [99.76741027832031, 9.676592826843262, 0.46284857392311096], "k_pid_yaw": [0.5, 1e-06, 0.1], "k_pid_hsp": [9.913422584533691, 0.7302542328834534, 0.11202314496040344], "k_pid_vsp": [0.0, 173.84573364257812, 16.563631057739258]}, "datetime": {"datetime": "2025-08-13 13:05:48", "elapsed": 11876.689604520798, "delta": 25.97297501564026}, "costs": {"total_cost": 529.8374486879235, "time_cost": 109.004, "final_distance_cost": 1.6936138953187012, "oscillation_cost": 292.28825700382384, "completition_cost": 0.0, "overshoot_cost": 63.869539161606504, "power_cost": 34.97413322753906, "noise_cost": 28.00790539963535, "n_waypoints_completed": 9, "tot_waypoints": 9}}
{"target": -205.0253582650015, "params": {"k_pid_pos": [0.7437494397163391, 0.06354832649230957, 0.02803286910057068], "k_pid_alt": [1.833690881729126, 0.010855376720428467, 0.33737343549728394], "k_pid_att": [1.5051841735839844, 0.029753610491752625, 0.8955223560333252], "k_pid_yaw": [0.5, 1e-06, 0.1], "k_pid_hsp": [9.760835647583008, 0.9322564601898193, 0.014125436544418335], "k_pid_vsp": [400.0, 288.8908386230469, 46.97158432006836]}, "datetime": {"datetime": "2025-08-13 13:06:06", "elapsed": 11894.532477378845, "delta": 17.842872858047485}, "costs": {"total_cost": 205.0253582650015, "time_cost": 70.357, "final_distance_cost": 1.823620031384715, "oscillation_cost": 43.56511750491624, "completition_cost": 0.0, "overshoot_cost": 53.773259234412784, "power_cost": 17.686817321777344, "noise_cost": 17.81954417251041, "n_waypoints_completed": 9, "tot_waypoints": 9}}
{"target": -1028.8125992076161, "params": {"k_pid_pos": [0.8424500823020935, 0.8763277530670166, 0.27913302183151245], "k_pid_alt": [3.30805778503418e-05, 0.999998927116394, 0.20717597007751465], "k_pid_att": [100.0, 5.214195728302002, 0.6162444949150085], "k_pid_yaw": [0.5, 1e-06, 0.1], "k_pid_hsp": [6.643966197967529, 0.951724112033844, 0.07634413242340088], "k_pid_vsp": [2.6050567626953125, 267.0310974121094, 46.60618209838867]}, "datetime": {"datetime": "2025-08-13 13:06:39", "elapsed": 11927.223581075668, "delta": 32.69110369682312}, "costs": {"total_cost": 1028.8125992076161, "time_cost": 150, "final_distance_cost": 47.92422531812074, "oscillation_cost": 261.13680441629543, "completition_cost": 444.4444444444444, "overshoot_cost": 62.160107330453165, "power_cost": 32.11621910400391, "noise_cost": 31.030798594298506, "n_waypoints_completed": 5, "tot_waypoints": 9}}
{"target": -518.4711471306567, "params": {"k_pid_pos": [0.32895275950431824, 0.8821205496788025, 0.0662112832069397], "k_pid_alt": [2.0, 0.0008538365364074707, 0.17858266830444336], "k_pid_att": [100.0, 9.99431037902832, 0.8494817018508911], "k_pid_yaw": [0.5, 1e-06, 0.1], "k_pid_hsp": [9.43913459777832, 0.9729633927345276, 0.004948437213897705], "k_pid_vsp": [399.9936218261719, 399.75079345703125, 31.594791412353516]}, "datetime": {"datetime": "2025-08-13 13:07:10", "elapsed": 11958.159436225891, "delta": 30.93585515022278}, "costs": {"total_cost": 518.4711471306567, "time_cost": 150, "final_distance_cost": 42.68425427223722, "oscillation_cost": 83.43020652075252, "completition_cost": 111.11111111111116, "overshoot_cost": 61.75353793234155, "power_cost": 37.607079992675786, "noise_cost": 31.884957301538527, "n_waypoints_completed": 8, "tot_waypoints": 9}}
{"target": -10423.25216818666, "params": {"k_pid_pos": [1.927024006843567, 0.33125609159469604, 0.06785088777542114], "k_pid_alt": [0.0, 0.9922689199447632, 0.7905465960502625], "k_pid_att": [0.0, 0.002971127163618803, 0.7732157111167908], "k_pid_yaw": [0.5, 1e-06, 0.1], "k_pid_hsp": [9.188145637512207, 0.76991868019104, 0.063201904296875], "k_pid_vsp": [399.14593505859375, 394.81927490234375, 13.82949447631836]}, "datetime": {"datetime": "2025-08-13 13:07:38", "elapsed": 11986.347009420395, "delta": 28.187573194503784}, "costs": {"total_cost": 10423.25216818666, "time_cost": 150, "final_distance_cost": 3180.0949335143696, "oscillation_cost": 9.424619038946528, "completition_cost": 1000.0, "overshoot_cost": 5989.870614181739, "power_cost": 38.903437341308596, "noise_cost": 54.958564110297516, "n_waypoints_completed": 0, "tot_waypoints": 9}}
{"target": -809.0509349592962, "params": {"k_pid_pos": [0.8804599046707153, 0.4792272746562958, 0.033449262380599976], "k_pid_alt": [0.012886583805084229, 0.9999959468841553, 0.20339056849479675], "k_pid_att": [99.9942398071289, 9.999999747378752e-05, 0.4092752933502197], "k_pid_yaw": [0.5, 1e-06, 0.1], "k_pid_hsp": [5.23884391784668, 0.9236879944801331, 0.04890301823616028], "k_pid_vsp": [399.97100830078125, 144.33688354492188, 34.45057678222656]}, "datetime": {"datetime": "2025-08-13 13:08:06", "elapsed": 12015.087821483612, "delta": 28.740812063217163}, "costs": {"total_cost": 809.0509349592962, "time_cost": 150, "final_distance_cost": 23.429696873035475, "oscillation_cost": 391.28030739827585, "completition_cost": 111.11111111111116, "overshoot_cost": 75.17435315121911, "power_cost": 30.581801013183597, "noise_cost": 27.47366541247097, "n_waypoints_completed": 8, "tot_waypoints": 9}}
{"target": -1273.9579748289684, "params": {"k_pid_pos": [1.8984230756759644, 0.6790223121643066, 0.016528993844985962], "k_pid_alt": [0.0, 0.989059329032898, 0.8331210613250732], "k_pid_att": [99.9988021850586, 9.999999747378752e-05, 0.2854575216770172], "k_pid_yaw": [0.5, 1e-06, 0.1], "k_pid_hsp": [5.380316257476807, 0.874394416809082, 0.048548996448516846], "k_pid_vsp": [400.0, 365.5418395996094, 54.78019714355469]}, "datetime": {"datetime": "2025-08-13 13:08:35", "elapsed": 12043.468453645706, "delta": 28.380632162094116}, "costs": {"total_cost": 1273.9579748289684, "time_cost": 150, "final_distance_cost": 79.84192804625309, "oscillation_cost": 142.77749548844443, "completition_cost": 777.7777777777778, "overshoot_cost": 53.42386445321013, "power_cost": 38.69517845458984, "noise_cost": 31.441730608693, "n_waypoints_completed": 2, "tot_waypoints": 9}}
{"target": -1045.7713416403815, "params": {"k_pid_pos": [0.7115951180458069, 0.5148664116859436, 0.14479804039001465], "k_pid_alt": [0.0, 0.9998131990432739, 0.1593119502067566], "k_pid_att": [100.0, 9.999999747378752e-05, 0.279571533203125], "k_pid_yaw": [0.5, 1e-06, 0.1], "k_pid_hsp": [9.726388931274414, 0.6187005043029785, 0.03379914164543152], "k_pid_vsp": [8.810508728027344, 382.4620361328125, 108.914794921875]}, "datetime": {"datetime": "2025-08-13 13:09:04", "elapsed": 12072.210660457611, "delta": 28.742206811904907}, "costs": {"total_cost": 1045.7713416403815, "time_cost": 150, "final_distance_cost": 67.39058713419342, "oscillation_cost": 466.4905341846195, "completition_cost": 222.2222222222222, "overshoot_cost": 75.30982656695085, "power_cost": 34.39668426513672, "noise_cost": 29.961487267258775, "n_waypoints_completed": 7, "tot_waypoints": 9}}
{"target": -877.6425210863628, "params": {"k_pid_pos": [0.752442479133606, 0.22270649671554565, 0.32491225004196167], "k_pid_alt": [0.07566326856613159, 0.9982464909553528, 0.7821521759033203], "k_pid_att": [100.0, 0.00010715248208725825, 0.7022038102149963], "k_pid_yaw": [0.5, 1e-06, 0.1], "k_pid_hsp": [9.351724624633789, 0.8382927179336548, 0.05537959933280945], "k_pid_vsp": [0.0002503395080566406, 381.6014404296875, 47.10575485229492]}, "datetime": {"datetime": "2025-08-13 13:09:32", "elapsed": 12100.968816518784, "delta": 28.758156061172485}, "costs": {"total_cost": 877.6425210863628, "time_cost": 150, "final_distance_cost": 31.102315152274706, "oscillation_cost": 451.4875845625269, "completition_cost": 111.11111111111116, "overshoot_cost": 70.99987153451521, "power_cost": 34.88939099121094, "noise_cost": 28.05224773472375, "n_waypoints_completed": 8, "tot_waypoints": 9}}
{"target": -627.5758593358224, "params": {"k_pid_pos": [1.871773362159729, 0.17258456349372864, 0.5202113389968872], "k_pid_alt": [0.955657958984375, 0.9030365943908691, 0.283220112323761], "k_pid_att": [99.99991607666016, 9.997861862182617, 0.4740898609161377], "k_pid_yaw": [0.5, 1e-06, 0.1], "k_pid_hsp": [9.466486930847168, 0.9104951620101929, 0.09074550867080688], "k_pid_vsp": [399.6689758300781, 344.9592590332031, 11.213934898376465]}, "datetime": {"datetime": "2025-08-13 13:09:56", "elapsed": 12124.759549856186, "delta": 23.790733337402344}, "costs": {"total_cost": 627.5758593358224, "time_cost": 98.098, "final_distance_cost": 1.777094312065002, "oscillation_cost": 411.8788730972801, "completition_cost": 0.0, "overshoot_cost": 61.06431037738977, "power_cost": 29.475784509277347, "noise_cost": 25.281797039810154, "n_waypoints_completed": 9, "tot_waypoints": 9}}
