{"target": -1553.8872576568795, "params": {"k_pid_pos": [0.03930681198835373, 0.030814170837402344, 0.023799121379852295], "k_pid_alt": [0.4294477701187134, 0.9529098272323608, 0.9686463475227356], "k_pid_att": [99.89751434326172, 9.999999747378752e-05, 0.7912847399711609], "k_pid_yaw": [0.5, 1e-06, 0.1], "k_pid_hsp": [9.827707290649414, 0.9888898730278015, 0.060777246952056885], "k_pid_vsp": [400.0, 395.3741455078125, 8.058858871459961]}, "datetime": {"datetime": "2025-08-13 19:50:49", "elapsed": 36177.625898361206, "delta": 29.886646270751953}, "costs": {"total_cost": 1553.8872576568795, "time_cost": 150, "final_distance_cost": 81.44419868961174, "oscillation_cost": 421.5203935012997, "completition_cost": 777.7777777777778, "overshoot_cost": 70.33334366183645, "power_cost": 26.60294005126953, "noise_cost": 26.208603975084355, "n_waypoints_completed": 2, "tot_waypoints": 9}}
{"target": -1479.1453671337238, "params": {"k_pid_pos": [0.030199138447642326, 0.015365004539489746, 0.054748088121414185], "k_pid_alt": [0.0, 1.0, 0.9592480659484863], "k_pid_att": [100.0, 0.011399139650166035, 0.9767148494720459], "k_pid_yaw": [0.5, 1e-06, 0.1], "k_pid_hsp": [9.949492454528809, 0.8907662630081177, 0.056664615869522095], "k_pid_vsp": [400.0, 300.5462951660156, 77.24278259277344]}, "datetime": {"datetime": "2025-08-13 19:51:22", "elapsed": 36210.220692157745, "delta": 32.59479379653931}, "costs": {"total_cost": 1479.1453671337238, "time_cost": 150, "final_distance_cost": 76.883156222168, "oscillation_cost": 233.68189990922673, "completition_cost": 888.8888888888888, "overshoot_cost": 66.95672489850931, "power_cost": 34.918205017089846, "noise_cost": 27.816492197841278, "n_waypoints_completed": 1, "tot_waypoints": 9}}
{"target": -1015.5743501735006, "params": {"k_pid_pos": [0.13538528978824615, 0.011180222034454346, 0.1741228699684143], "k_pid_alt": [5.960464477539063e-08, 1.0, 0.9541966915130615], "k_pid_att": [100.0, 0.00010089405986946076, 0.9860377907752991], "k_pid_yaw": [0.5, 1e-06, 0.1], "k_pid_hsp": [9.292922019958496, 0.9970020055770874, 0.03777426481246948], "k_pid_vsp": [400.0, 390.7046203613281, 4.011012077331543]}, "datetime": {"datetime": "2025-08-13 19:51:52", "elapsed": 36240.42623233795, "delta": 30.2055401802063}, "costs": {"total_cost": 1015.5743501735006, "time_cost": 150, "final_distance_cost": 45.23208363870973, "oscillation_cost": 139.9267424497136, "completition_cost": 555.5555555555555, "overshoot_cost": 68.5420177515421, "power_cost": 25.60429735107422, "noise_cost": 30.71365342690548, "n_waypoints_completed": 4, "tot_waypoints": 9}}
{"target": -1394.4338639118182, "params": {"k_pid_pos": [0.11391057074069977, 0.06807410717010498, 0.011238962411880493], "k_pid_alt": [0.0, 1.0, 0.4757048487663269], "k_pid_att": [100.0, 9.999999747378752e-05, 0.9904134273529053], "k_pid_yaw": [0.5, 1e-06, 0.1], "k_pid_hsp": [9.841041564941406, 0.8869987726211548, 0.14707228541374207], "k_pid_vsp": [399.99981689453125, 376.9335021972656, 8.106232643127441]}, "datetime": {"datetime": "2025-08-13 19:52:22", "elapsed": 36270.130410432816, "delta": 29.70417809486389}, "costs": {"total_cost": 1394.4338639118182, "time_cost": 150, "final_distance_cost": 57.80480360251949, "oscillation_cost": 600.3346560796267, "completition_cost": 444.4444444444444, "overshoot_cost": 69.96314102125207, "power_cost": 40.48671644287109, "noise_cost": 31.40010232110451, "n_waypoints_completed": 5, "tot_waypoints": 9}}
{"target": -1212.5742235523533, "params": {"k_pid_pos": [0.0582118034362793, 0.0030179619789123535, 0.018601536750793457], "k_pid_alt": [0.0, 0.9999999403953552, 0.8322523832321167], "k_pid_att": [100.0, 0.06359947472810745, 0.817805826663971], "k_pid_yaw": [0.5, 1e-06, 0.1], "k_pid_hsp": [9.945167541503906, 0.9915186166763306, 0.017708390951156616], "k_pid_vsp": [400.0, 395.7253112792969, 5.189574718475342]}, "datetime": {"datetime": "2025-08-13 19:52:50", "elapsed": 36298.97767806053, "delta": 28.847267627716064}, "costs": {"total_cost": 1212.5742235523533, "time_cost": 150, "final_distance_cost": 80.0606877229652, "oscillation_cost": 80.96508385501204, "completition_cost": 777.7777777777778, "overshoot_cost": 67.94089069513514, "power_cost": 25.289596008300784, "noise_cost": 30.540187493162463, "n_waypoints_completed": 2, "tot_waypoints": 9}}
{"target": -1073.3967531368935, "params": {"k_pid_pos": [0.044949717819690704, 0.3237294554710388, 0.14615464210510254], "k_pid_alt": [0.0, 0.9999986290931702, 0.9483817219734192], "k_pid_att": [100.0, 0.0028164545074105263, 0.8051172494888306], "k_pid_yaw": [0.5, 1e-06, 0.1], "k_pid_hsp": [9.895390510559082, 0.9798606634140015, 0.0031755268573760986], "k_pid_vsp": [400.0, 398.6934814453125, 12.686134338378906]}, "datetime": {"datetime": "2025-08-13 19:53:20", "elapsed": 36328.76284861565, "delta": 29.785170555114746}, "costs": {"total_cost": 1073.3967531368935, "time_cost": 150, "final_distance_cost": 58.74253504030843, "oscillation_cost": 76.66129618721612, "completition_cost": 666.6666666666667, "overshoot_cost": 68.90648635255701, "power_cost": 24.845004431152343, "noise_cost": 27.574764458992902, "n_waypoints_completed": 3, "tot_waypoints": 9}}
{"target": -1296.5414603967888, "params": {"k_pid_pos": [0.02997932769358158, 0.025729238986968994, 0.2115059494972229], "k_pid_alt": [0.0, 1.0, 0.9904510974884033], "k_pid_att": [100.0, 0.004788752179592848, 0.9711911678314209], "k_pid_yaw": [0.5, 1e-06, 0.1], "k_pid_hsp": [9.56496810913086, 0.9598723649978638, 0.02348160743713379], "k_pid_vsp": [400.0, 395.461181640625, 4.276920318603516]}, "datetime": {"datetime": "2025-08-13 19:53:51", "elapsed": 36359.370210170746, "delta": 30.607361555099487}, "costs": {"total_cost": 1296.5414603967888, "time_cost": 150, "final_distance_cost": 86.35720334482555, "oscillation_cost": 154.6174277852661, "completition_cost": 777.7777777777778, "overshoot_cost": 79.50882802316568, "power_cost": 21.316016186523438, "noise_cost": 26.9642072792302, "n_waypoints_completed": 2, "tot_waypoints": 9}}
{"target": -1006.7406314204966, "params": {"k_pid_pos": [0.17980635166168213, 0.09467452764511108, 0.04894164204597473], "k_pid_alt": [0.023519933223724365, 1.0, 0.9784395694732666], "k_pid_att": [100.0, 9.999999747378752e-05, 0.9665803909301758], "k_pid_yaw": [0.5, 1e-06, 0.1], "k_pid_hsp": [9.35219669342041, 0.7442949414253235, 0.017559051513671875], "k_pid_vsp": [400.0, 369.93829345703125, 15.328158378601074]}, "datetime": {"datetime": "2025-08-13 19:54:20", "elapsed": 36388.233778715134, "delta": 28.863568544387817}, "costs": {"total_cost": 1006.7406314204966, "time_cost": 150, "final_distance_cost": 40.81944888859339, "oscillation_cost": 144.05877114305602, "completition_cost": 555.5555555555555, "overshoot_cost": 62.84445563471487, "power_cost": 24.546447204589846, "noise_cost": 28.915952993986867, "n_waypoints_completed": 4, "tot_waypoints": 9}}
{"target": -524.7111345831157, "params": {"k_pid_pos": [0.2169266790151596, 0.029231995344161987, 0.012703150510787964], "k_pid_alt": [0.0, 1.0, 0.8135433793067932], "k_pid_att": [100.0, 0.00010059603664558381, 0.9683356285095215], "k_pid_yaw": [0.5, 1e-06, 0.1], "k_pid_hsp": [7.421884059906006, 0.9883850812911987, 0.011102050542831421], "k_pid_vsp": [400.0, 382.25103759765625, 8.278168678283691]}, "datetime": {"datetime": "2025-08-13 19:54:50", "elapsed": 36418.13822364807, "delta": 29.904444932937622}, "costs": {"total_cost": 524.7111345831157, "time_cost": 150, "final_distance_cost": 67.1140333355418, "oscillation_cost": 67.92416089776246, "completition_cost": 111.11111111111116, "overshoot_cost": 65.85189819587077, "power_cost": 31.41301767578125, "noise_cost": 31.296913367048283, "n_waypoints_completed": 8, "tot_waypoints": 9}}
{"target": -1210.765784546985, "params": {"k_pid_pos": [0.02465624362230301, 0.04304632544517517, 0.03331613540649414], "k_pid_alt": [0.06196391582489014, 1.0, 0.8094934225082397], "k_pid_att": [100.0, 0.00010447030217619613, 0.9981955885887146], "k_pid_yaw": [0.5, 1e-06, 0.1], "k_pid_hsp": [9.944351196289062, 0.9912832975387573, 0.03118741512298584], "k_pid_vsp": [400.0, 393.035400390625, 18.139232635498047]}, "datetime": {"datetime": "2025-08-13 19:55:19", "elapsed": 36448.01042151451, "delta": 29.87219786643982}, "costs": {"total_cost": 1210.765784546985, "time_cost": 150, "final_distance_cost": 76.42112815581103, "oscillation_cost": 60.946124354649086, "completition_cost": 777.7777777777778, "overshoot_cost": 82.07184671711337, "power_cost": 33.84292220458985, "noise_cost": 29.705985337044115, "n_waypoints_completed": 2, "tot_waypoints": 9}}
{"target": -1051.737244044824, "params": {"k_pid_pos": [0.08637341111898422, 0.1900498867034912, 0.01620715856552124], "k_pid_alt": [0.009795904159545898, 1.0, 0.9832776188850403], "k_pid_att": [100.0, 9.999999747378752e-05, 0.8795936703681946], "k_pid_yaw": [0.5, 1e-06, 0.1], "k_pid_hsp": [9.777376174926758, 0.9965879917144775, 0.012990415096282959], "k_pid_vsp": [399.9999694824219, 386.9154968261719, 12.484789848327637]}, "datetime": {"datetime": "2025-08-13 19:55:48", "elapsed": 36477.078404426575, "delta": 29.0679829120636}, "costs": {"total_cost": 1051.737244044824, "time_cost": 150, "final_distance_cost": 51.36738635576784, "oscillation_cost": 74.03596171834369, "completition_cost": 666.6666666666667, "overshoot_cost": 61.747785516154075, "power_cost": 18.895538403320312, "noise_cost": 29.02390538457129, "n_waypoints_completed": 3, "tot_waypoints": 9}}
{"target": -1199.6853701302416, "params": {"k_pid_pos": [0.0363740511238575, 0.07411462068557739, 0.13137036561965942], "k_pid_alt": [0.0, 1.0, 0.991485595703125], "k_pid_att": [100.0, 0.014162085019052029, 0.9897506237030029], "k_pid_yaw": [0.5, 1e-06, 0.1], "k_pid_hsp": [9.65017318725586, 0.9967464804649353, 0.010440826416015625], "k_pid_vsp": [400.0, 388.30975341796875, 4.550386428833008]}, "datetime": {"datetime": "2025-08-13 19:56:18", "elapsed": 36506.92563986778, "delta": 29.847235441207886}, "costs": {"total_cost": 1199.6853701302416, "time_cost": 150, "final_distance_cost": 96.78677734972372, "oscillation_cost": 42.21474049693552, "completition_cost": 777.7777777777778, "overshoot_cost": 74.10841723495447, "power_cost": 27.102781677246096, "noise_cost": 31.694875593603815, "n_waypoints_completed": 2, "tot_waypoints": 9}}
{"target": -1203.22822034888, "params": {"k_pid_pos": [0.06902479380369186, 0.00788906216621399, 0.03617739677429199], "k_pid_alt": [0.0014973878860473633, 1.0, 0.9406477212905884], "k_pid_att": [100.0, 9.999999747378752e-05, 0.9892284870147705], "k_pid_yaw": [0.5, 1e-06, 0.1], "k_pid_hsp": [9.668952941894531, 0.975678563117981, 0.016074538230895996], "k_pid_vsp": [399.9998474121094, 378.9416809082031, 3.5488734245300293]}, "datetime": {"datetime": "2025-08-13 19:56:47", "elapsed": 36536.045510053635, "delta": 29.11987018585205}, "costs": {"total_cost": 1203.22822034888, "time_cost": 150, "final_distance_cost": 85.11853716500394, "oscillation_cost": 49.5187872299412, "completition_cost": 777.7777777777778, "overshoot_cost": 67.47490182736226, "power_cost": 38.39797824707031, "noise_cost": 34.94023810172432, "n_waypoints_completed": 2, "tot_waypoints": 9}}
{"target": -1180.7796459886965, "params": {"k_pid_pos": [0.05304582789540291, 0.10068553686141968, 0.008728623390197754], "k_pid_alt": [0.00014460086822509766, 1.0, 0.9530075192451477], "k_pid_att": [96.09346008300781, 9.999999747378752e-05, 0.9929952621459961], "k_pid_yaw": [0.5, 1e-06, 0.1], "k_pid_hsp": [9.861054420471191, 0.7289677262306213, 0.014894545078277588], "k_pid_vsp": [400.0, 209.50299072265625, 2.728236675262451]}, "datetime": {"datetime": "2025-08-13 19:57:17", "elapsed": 36565.226159095764, "delta": 29.180649042129517}, "costs": {"total_cost": 1180.7796459886965, "time_cost": 150, "final_distance_cost": 70.69882609153636, "oscillation_cost": 56.56036913959478, "completition_cost": 777.7777777777778, "overshoot_cost": 52.31372525840271, "power_cost": 38.34277095947266, "noise_cost": 35.086176761912306, "n_waypoints_completed": 2, "tot_waypoints": 9}}
{"target": -734.150829585328, "params": {"k_pid_pos": [0.3559024930000305, 0.10929292440414429, 0.05129444599151611], "k_pid_alt": [0.0, 1.0, 0.9456483721733093], "k_pid_att": [100.0, 0.14758038520812988, 0.9362695217132568], "k_pid_yaw": [0.5, 1e-06, 0.1], "k_pid_hsp": [9.776543617248535, 0.9777568578720093, 0.033399343490600586], "k_pid_vsp": [400.0, 397.6540832519531, 3.0783305168151855]}, "datetime": {"datetime": "2025-08-13 19:57:46", "elapsed": 36594.52706885338, "delta": 29.300909757614136}, "costs": {"total_cost": 734.150829585328, "time_cost": 150, "final_distance_cost": 54.2593694987818, "oscillation_cost": 298.79202913453867, "completition_cost": 111.11111111111116, "overshoot_cost": 64.09622343770009, "power_cost": 26.393520751953126, "noise_cost": 29.498575651243037, "n_waypoints_completed": 8, "tot_waypoints": 9}}
{"target": -349.60965629124405, "params": {"k_pid_pos": [0.3680562376976013, 0.10566091537475586, 0.02211940288543701], "k_pid_alt": [1.8541337251663208, 1.0, 0.8595115542411804], "k_pid_att": [100.0, 9.999999747378752e-05, 0.9145145416259766], "k_pid_yaw": [0.5, 1e-06, 0.1], "k_pid_hsp": [9.972557067871094, 0.9846097230911255, 0.05058857798576355], "k_pid_vsp": [400.0, 392.43157958984375, 17.931081771850586]}, "datetime": {"datetime": "2025-08-13 19:58:11", "elapsed": 36619.492346048355, "delta": 24.965277194976807}, "costs": {"total_cost": 349.60965629124405, "time_cost": 103.796, "final_distance_cost": 1.7779263936439256, "oscillation_cost": 128.94910195942987, "completition_cost": 0.0, "overshoot_cost": 58.26618672662948, "power_cost": 30.0939849609375, "noise_cost": 26.726456250603263, "n_waypoints_completed": 9, "tot_waypoints": 9}}
{"target": -1273.3401412842923, "params": {"k_pid_pos": [0.0030838381499052048, 0.06232300400733948, 0.05891776084899902], "k_pid_alt": [1.5072662830352783, 1.0, 0.9729257822036743], "k_pid_att": [100.0, 0.0001011920758173801, 0.9262150526046753], "k_pid_yaw": [0.5, 1e-06, 0.1], "k_pid_hsp": [9.354850769042969, 0.9854309558868408, 0.0061424970626831055], "k_pid_vsp": [400.0, 390.74896240234375, 19.433393478393555]}, "datetime": {"datetime": "2025-08-13 19:58:40", "elapsed": 36648.1707713604, "delta": 28.678425312042236}, "costs": {"total_cost": 1273.3401412842923, "time_cost": 150, "final_distance_cost": 67.42368553054048, "oscillation_cost": 38.25509480065873, "completition_cost": 888.8888888888888, "overshoot_cost": 81.74699682817366, "power_cost": 21.696122985839846, "noise_cost": 25.329352250190805, "n_waypoints_completed": 1, "tot_waypoints": 9}}
{"target": -1007.1738757035981, "params": {"k_pid_pos": [0.1108466312289238, 0.04957357048988342, 0.06459131836891174], "k_pid_alt": [0.0, 1.0, 0.9745709300041199], "k_pid_att": [99.81121826171875, 9.999999747378752e-05, 0.9391592144966125], "k_pid_yaw": [0.5, 1e-06, 0.1], "k_pid_hsp": [9.93824577331543, 0.9911308288574219, 0.009331196546554565], "k_pid_vsp": [399.9998474121094, 384.38067626953125, 2.1310577392578125]}, "datetime": {"datetime": "2025-08-13 19:59:09", "elapsed": 36677.55289840698, "delta": 29.382127046585083}, "costs": {"total_cost": 1007.1738757035981, "time_cost": 150, "final_distance_cost": 48.1903907086048, "oscillation_cost": 128.62888441318228, "completition_cost": 555.5555555555555, "overshoot_cost": 72.10644187964336, "power_cost": 21.89618560791016, "noise_cost": 30.796417538701867, "n_waypoints_completed": 4, "tot_waypoints": 9}}
{"target": -516.4917952607988, "params": {"k_pid_pos": [0.3524554371833801, 0.029880166053771973, 0.01731264591217041], "k_pid_alt": [0.00021654367446899414, 1.0, 0.9555469751358032], "k_pid_att": [100.0, 0.00010089405986946076, 0.9848360419273376], "k_pid_yaw": [0.5, 1e-06, 0.1], "k_pid_hsp": [9.925110816955566, 0.8946358561515808, 0.05145817995071411], "k_pid_vsp": [400.0, 382.70953369140625, 4.489959239959717]}, "datetime": {"datetime": "2025-08-13 19:59:36", "elapsed": 36704.97853755951, "delta": 27.425639152526855}, "costs": {"total_cost": 516.4917952607988, "time_cost": 111.447, "final_distance_cost": 1.8283847843512064, "oscillation_cost": 286.5902103472879, "completition_cost": 0.0, "overshoot_cost": 66.28996259562231, "power_cost": 22.884025939941406, "noise_cost": 27.4522115935959, "n_waypoints_completed": 9, "tot_waypoints": 9}}
{"target": -1620.328406098459, "params": {"k_pid_pos": [0.08542848378419876, 0.08104699850082397, 0.04671156406402588], "k_pid_alt": [0.0, 0.9999982118606567, 0.9400244951248169], "k_pid_att": [100.0, 9.999999747378752e-05, 0.8878915309906006], "k_pid_yaw": [0.5, 1e-06, 0.1], "k_pid_hsp": [9.927955627441406, 0.9837157726287842, 0.07828503847122192], "k_pid_vsp": [400.0, 394.75592041015625, 15.445209503173828]}, "datetime": {"datetime": "2025-08-13 20:00:06", "elapsed": 36735.09145259857, "delta": 30.1129150390625}, "costs": {"total_cost": 1620.328406098459, "time_cost": 150, "final_distance_cost": 52.15528399804965, "oscillation_cost": 621.2288117326224, "completition_cost": 666.6666666666667, "overshoot_cost": 69.97344186386049, "power_cost": 32.12465672607422, "noise_cost": 28.179545111185725, "n_waypoints_completed": 3, "tot_waypoints": 9}}
{"target": -1075.2022597726118, "params": {"k_pid_pos": [0.035160500556230545, 0.05778709053993225, 0.016985207796096802], "k_pid_alt": [3.802776336669922e-05, 0.9999998211860657, 0.9536574482917786], "k_pid_att": [100.0, 9.999999747378752e-05, 0.9940540194511414], "k_pid_yaw": [0.5, 1e-06, 0.1], "k_pid_hsp": [9.273282051086426, 0.9567461013793945, 0.01484176516532898], "k_pid_vsp": [399.9998779296875, 382.69549560546875, 4.859066963195801]}, "datetime": {"datetime": "2025-08-13 20:00:36", "elapsed": 36764.21924686432, "delta": 29.12779426574707}, "costs": {"total_cost": 1075.2022597726118, "time_cost": 150, "final_distance_cost": 66.59346842690297, "oscillation_cost": 49.18558162049962, "completition_cost": 666.6666666666667, "overshoot_cost": 91.1918561351563, "power_cost": 21.733382092285158, "noise_cost": 29.831304831100987, "n_waypoints_completed": 3, "tot_waypoints": 9}}
{"target": -1298.0959260490533, "params": {"k_pid_pos": [0.011162783950567245, 0.026508331298828125, 0.02178981900215149], "k_pid_alt": [0.0, 1.0, 0.988292932510376], "k_pid_att": [99.9999771118164, 2.0416600704193115, 0.9881391525268555], "k_pid_yaw": [0.5, 1e-06, 0.1], "k_pid_hsp": [9.820939064025879, 0.960981011390686, 0.016602009534835815], "k_pid_vsp": [400.0, 394.3905944824219, 38.01808166503906]}, "datetime": {"datetime": "2025-08-13 20:01:05", "elapsed": 36793.75690484047, "delta": 29.537657976150513}, "costs": {"total_cost": 1298.0959260490533, "time_cost": 150, "final_distance_cost": 61.36115604144552, "oscillation_cost": 61.17113011347695, "completition_cost": 888.8888888888888, "overshoot_cost": 87.67115793442612, "power_cost": 23.097111669921876, "noise_cost": 25.906481400894204, "n_waypoints_completed": 1, "tot_waypoints": 9}}
{"target": -1121.0683392103115, "params": {"k_pid_pos": [0.08898163586854935, 0.0272676944732666, 0.0738273561000824], "k_pid_alt": [0.0, 0.9999640583992004, 0.9291585683822632], "k_pid_att": [100.0, 9.999999747378752e-05, 0.9957444071769714], "k_pid_yaw": [0.5, 1e-06, 0.1], "k_pid_hsp": [9.67290210723877, 0.9967357516288757, 0.00910872220993042], "k_pid_vsp": [238.63735961914062, 396.80780029296875, 2.310288906097412]}, "datetime": {"datetime": "2025-08-13 20:01:34", "elapsed": 36822.99858045578, "delta": 29.24167561531067}, "costs": {"total_cost": 1121.0683392103115, "time_cost": 150, "final_distance_cost": 51.40969104116662, "oscillation_cost": 132.77638343477656, "completition_cost": 666.6666666666667, "overshoot_cost": 71.18743161186427, "power_cost": 18.406729833984375, "noise_cost": 30.62143662185271, "n_waypoints_completed": 3, "tot_waypoints": 9}}
{"target": -1182.0076263927906, "params": {"k_pid_pos": [0.0269248615950346, 0.057467758655548096, 0.038081079721450806], "k_pid_alt": [4.267692565917969e-05, 1.0, 0.8339196443557739], "k_pid_att": [100.0, 0.00010029802069766447, 0.985306978225708], "k_pid_yaw": [0.5, 1e-06, 0.1], "k_pid_hsp": [9.907565116882324, 0.9856863021850586, 0.0037733614444732666], "k_pid_vsp": [400.0, 320.3039245605469, 4.9850592613220215]}, "datetime": {"datetime": "2025-08-13 20:02:03", "elapsed": 36852.08456635475, "delta": 29.085985898971558}, "costs": {"total_cost": 1182.0076263927906, "time_cost": 150, "final_distance_cost": 83.26152079511253, "oscillation_cost": 29.817885714829128, "completition_cost": 777.7777777777778, "overshoot_cost": 83.77348291364653, "power_cost": 25.613145227050783, "noise_cost": 31.763813964373597, "n_waypoints_completed": 2, "tot_waypoints": 9}}
{"target": -1293.9590864714141, "params": {"k_pid_pos": [0.01795099675655365, 0.020029515027999878, 0.05054023861885071], "k_pid_alt": [1.5497207641601562e-06, 0.9999985098838806, 0.912874698638916], "k_pid_att": [100.0, 9.999767303466797, 0.9757635593414307], "k_pid_yaw": [0.5, 1e-06, 0.1], "k_pid_hsp": [9.902620315551758, 0.9962799549102783, 0.014785408973693848], "k_pid_vsp": [338.95599365234375, 383.1742858886719, 5.0779709815979]}, "datetime": {"datetime": "2025-08-13 20:02:32", "elapsed": 36880.74491691589, "delta": 28.660350561141968}, "costs": {"total_cost": 1293.9590864714141, "time_cost": 150, "final_distance_cost": 64.03689397045508, "oscillation_cost": 61.204987878566065, "completition_cost": 888.8888888888888, "overshoot_cost": 79.61379430376056, "power_cost": 21.06571599121094, "noise_cost": 29.148805438532776, "n_waypoints_completed": 1, "tot_waypoints": 9}}
