{"target": -4407.73378100303, "params": {"k_pid_pos": [1.2611606121063232, 0.1493629813194275, 0.552638828754425], "k_pid_alt": [1.5243488550186157, 0.6799100637435913, 0.33661898970603943], "k_pid_att": [27.426040649414062, 4.617673397064209, 0.2738155722618103], "k_pid_yaw": [0.5, 1e-06, 0.1], "k_pid_hsp": [3.4208292961120605, 0.09853732585906982, 0.49179282784461975], "k_pid_vsp": [29.808712005615234, 7.7673444747924805, 344.80609130859375]}, "datetime": {"datetime": "2025-08-13 10:24:17", "elapsed": 2185.8433225154877, "delta": 32.15684676170349}, "costs": {"total_cost": 4407.73378100303, "time_cost": 150, "final_distance_cost": 1055.2598517138354, "oscillation_cost": 642.036300446561, "completition_cost": 888.8888888888888, "overshoot_cost": 1608.9469325515972, "power_cost": 32.3728598022461, "noise_cost": 30.22894759990144, "n_waypoints_completed": 1, "tot_waypoints": 9}}
{"target": -1603.4246870236868, "params": {"k_pid_pos": [0.4020836353302002, 0.42322850227355957, 0.8375190496444702], "k_pid_alt": [0.8208222985267639, 0.33275529742240906, 0.2664189338684082], "k_pid_att": [87.50361633300781, 3.7482290267944336, 0.6826710104942322], "k_pid_yaw": [0.5, 1e-06, 0.1], "k_pid_hsp": [5.739829063415527, 0.7543206214904785, 0.5708844065666199], "k_pid_vsp": [113.97391510009766, 128.71282958984375, 150.585205078125]}, "datetime": {"datetime": "2025-08-13 10:24:48", "elapsed": 2216.439142227173, "delta": 30.59581971168518}, "costs": {"total_cost": 1603.4246870236868, "time_cost": 150, "final_distance_cost": 52.164170567668855, "oscillation_cost": 627.3629137194558, "completition_cost": 666.6666666666667, "overshoot_cost": 46.19328521951635, "power_cost": 33.46475772705078, "noise_cost": 27.5728931233282, "n_waypoints_completed": 3, "tot_waypoints": 9}}
{"target": -517.2652934100521, "params": {"k_pid_pos": [1.5143331289291382, 0.9042338728904724, 0.5069278478622437], "k_pid_alt": [1.9634994268417358, 0.025047242641448975, 0.880088746547699], "k_pid_att": [14.169946670532227, 1.6737816333770752, 0.21004325151443481], "k_pid_yaw": [0.5, 1e-06, 0.1], "k_pid_hsp": [3.4161834716796875, 0.18200024962425232, 0.3119039833545685], "k_pid_vsp": [270.9161071777344, 134.5085906982422, 238.43260192871094]}, "datetime": {"datetime": "2025-08-13 10:25:16", "elapsed": 2244.5929160118103, "delta": 28.15377378463745}, "costs": {"total_cost": 517.2652934100521, "time_cost": 109.34, "final_distance_cost": 1.8574642741324034, "oscillation_cost": 279.75392709071417, "completition_cost": 0.0, "overshoot_cost": 75.73958566859417, "power_cost": 25.42142469482422, "noise_cost": 25.15289168178714, "n_waypoints_completed": 9, "tot_waypoints": 9}}
{"target": -617.7918309062873, "params": {"k_pid_pos": [1.332398772239685, 0.3658856451511383, 0.33096927404403687], "k_pid_alt": [1.8513927459716797, 0.6122750043869019, 0.916441798210144], "k_pid_att": [72.01058959960938, 1.2081763744354248, 0.8967429995536804], "k_pid_yaw": [0.5, 1e-06, 0.1], "k_pid_hsp": [8.641840934753418, 0.4427404999732971, 0.7527948021888733], "k_pid_vsp": [372.97393798828125, 180.16465759277344, 24.957170486450195]}, "datetime": {"datetime": "2025-08-13 10:25:39", "elapsed": 2267.784702062607, "delta": 23.19178605079651}, "costs": {"total_cost": 617.7918309062873, "time_cost": 92.036, "final_distance_cost": 1.794329074996606, "oscillation_cost": 425.13731162181284, "completition_cost": 0.0, "overshoot_cost": 53.04453232272268, "power_cost": 23.831121240234378, "noise_cost": 21.948536646520797, "n_waypoints_completed": 9, "tot_waypoints": 9}}
{"target": -733.9524712182409, "params": {"k_pid_pos": [1.7290068864822388, 0.5703080296516418, 0.8136045336723328], "k_pid_alt": [0.8937877416610718, 0.5709874033927917, 0.5943415760993958], "k_pid_att": [92.39068603515625, 4.746840476989746, 0.023166030645370483], "k_pid_yaw": [0.5, 1e-06, 0.1], "k_pid_hsp": [8.254985809326172, 0.9411317110061646, 0.2821773886680603], "k_pid_vsp": [293.4787292480469, 281.24273681640625, 5.479062557220459]}, "datetime": {"datetime": "2025-08-13 10:26:05", "elapsed": 2293.3220460414886, "delta": 25.537343978881836}, "costs": {"total_cost": 733.9524712182409, "time_cost": 105.756, "final_distance_cost": 1.780680560723788, "oscillation_cost": 505.5351436219825, "completition_cost": 0.0, "overshoot_cost": 58.7220787618195, "power_cost": 32.2313169921875, "noise_cost": 29.927251281527553, "n_waypoints_completed": 9, "tot_waypoints": 9}}
{"target": -1379.0299831552404, "params": {"k_pid_pos": [0.9793000221252441, 0.9257555603981018, 0.04370957612991333], "k_pid_alt": [1.4198848009109497, 0.7720749378204346, 0.9213221073150635], "k_pid_att": [85.27275085449219, 9.785785675048828, 0.4121938943862915], "k_pid_yaw": [0.5, 1e-06, 0.1], "k_pid_hsp": [3.3991925716400146, 0.20149505138397217, 0.5554423332214355], "k_pid_vsp": [151.64224243164062, 256.71405029296875, 360.0785827636719]}, "datetime": {"datetime": "2025-08-13 10:26:33", "elapsed": 2322.004160642624, "delta": 28.682114601135254}, "costs": {"total_cost": 1379.0299831552404, "time_cost": 150, "final_distance_cost": 87.93427063532597, "oscillation_cost": 200.18825204504225, "completition_cost": 777.7777777777778, "overshoot_cost": 84.00782816442137, "power_cost": 32.562331982421874, "noise_cost": 46.55952255025113, "n_waypoints_completed": 2, "tot_waypoints": 9}}
{"target": -1337.2048750150918, "params": {"k_pid_pos": [1.0166921615600586, 0.032429635524749756, 0.21947035193443298], "k_pid_alt": [0.6004541516304016, 0.47498127818107605, 0.16051846742630005], "k_pid_att": [16.997474670410156, 5.333439826965332, 0.8051928877830505], "k_pid_yaw": [0.5, 1e-06, 0.1], "k_pid_hsp": [8.692133903503418, 0.9219120144844055, 0.626624584197998], "k_pid_vsp": [166.73593139648438, 19.0260066986084, 212.57647705078125]}, "datetime": {"datetime": "2025-08-13 10:27:03", "elapsed": 2351.1891555786133, "delta": 29.18499493598938}, "costs": {"total_cost": 1337.2048750150918, "time_cost": 150, "final_distance_cost": 37.75788609400744, "oscillation_cost": 403.6518091418403, "completition_cost": 555.5555555555555, "overshoot_cost": 104.16527198372626, "power_cost": 32.79801735839844, "noise_cost": 53.27633488156372, "n_waypoints_completed": 4, "tot_waypoints": 9}}
{"target": -1130.8929504986154, "params": {"k_pid_pos": [1.537320613861084, 0.16847461462020874, 0.2785920798778534], "k_pid_alt": [1.28174889087677, 0.506236732006073, 0.37126508355140686], "k_pid_att": [3.8512110710144043, 0.9250434041023254, 0.5560377240180969], "k_pid_yaw": [0.5, 1e-06, 0.1], "k_pid_hsp": [4.220729351043701, 0.04285556077957153, 0.3676610589027405], "k_pid_vsp": [243.59083557128906, 145.81605529785156, 392.2487487792969]}, "datetime": {"datetime": "2025-08-13 10:27:34", "elapsed": 2382.8284304142, "delta": 31.639274835586548}, "costs": {"total_cost": 1130.8929504986154, "time_cost": 150, "final_distance_cost": 62.562731393476774, "oscillation_cost": 119.03214144835603, "completition_cost": 666.6666666666667, "overshoot_cost": 68.86089945885381, "power_cost": 32.239975317382815, "noise_cost": 31.530536213879152, "n_waypoints_completed": 3, "tot_waypoints": 9}}
{"target": -1958.2058678927585, "params": {"k_pid_pos": [1.17552649974823, 0.6429115533828735, 0.7823824286460876], "k_pid_alt": [1.0679820775985718, 0.613426148891449, 0.32827991247177124], "k_pid_att": [96.69083404541016, 6.484593391418457, 0.5895544290542603], "k_pid_yaw": [0.5, 1e-06, 0.1], "k_pid_hsp": [0.09376060962677002, 0.4286205768585205, 0.893224835395813], "k_pid_vsp": [265.33648681640625, 382.3177490234375, 202.52029418945312]}, "datetime": {"datetime": "2025-08-13 10:28:07", "elapsed": 2415.6466193199158, "delta": 32.81818890571594}, "costs": {"total_cost": 1958.2058678927585, "time_cost": 150, "final_distance_cost": 105.14809679902623, "oscillation_cost": 737.5884321503667, "completition_cost": 777.7777777777778, "overshoot_cost": 137.31706919052317, "power_cost": 25.902228527832033, "noise_cost": 24.472263447232844, "n_waypoints_completed": 2, "tot_waypoints": 9}}
{"target": -1688.4000926551253, "params": {"k_pid_pos": [0.12575913965702057, 0.045280516147613525, 0.675437331199646], "k_pid_alt": [1.4303185939788818, 0.8370985984802246, 0.4206450879573822], "k_pid_att": [47.622901916503906, 0.9604371786117554, 0.35369041562080383], "k_pid_yaw": [0.5, 1e-06, 0.1], "k_pid_hsp": [2.735295295715332, 0.5403721928596497, 0.9552331566810608], "k_pid_vsp": [389.08013916015625, 330.1896057128906, 358.8931884765625]}, "datetime": {"datetime": "2025-08-13 10:28:39", "elapsed": 2447.6884582042694, "delta": 32.04183888435364}, "costs": {"total_cost": 1688.4000926551253, "time_cost": 150, "final_distance_cost": 51.46753650479312, "oscillation_cost": 677.1653584875503, "completition_cost": 666.6666666666667, "overshoot_cost": 69.08720776580635, "power_cost": 42.56990386962891, "noise_cost": 31.443419360679925, "n_waypoints_completed": 3, "tot_waypoints": 9}}
{"target": -1808.1511540240317, "params": {"k_pid_pos": [0.34309276938438416, 0.42006927728652954, 0.48310643434524536], "k_pid_alt": [0.6804752349853516, 0.9420382380485535, 0.23693391680717468], "k_pid_att": [66.96141052246094, 9.10119342803955, 0.8249244093894958], "k_pid_yaw": [0.5, 1e-06, 0.1], "k_pid_hsp": [5.584737300872803, 0.0298764705657959, 0.6668045520782471], "k_pid_vsp": [274.6086120605469, 397.2711486816406, 393.33941650390625]}, "datetime": {"datetime": "2025-08-13 10:29:12", "elapsed": 2480.509222984314, "delta": 32.820764780044556}, "costs": {"total_cost": 1808.1511540240317, "time_cost": 150, "final_distance_cost": 61.03319251114538, "oscillation_cost": 593.3328886671386, "completition_cost": 888.8888888888888, "overshoot_cost": 48.217835605207355, "power_cost": 37.8020181640625, "noise_cost": 28.876330187589026, "n_waypoints_completed": 1, "tot_waypoints": 9}}
{"target": -513.7847463058852, "params": {"k_pid_pos": [0.9706634283065796, 0.4051458239555359, 0.39623886346817017], "k_pid_alt": [0.8575919270515442, 0.11457306146621704, 0.21470314264297485], "k_pid_att": [27.995216369628906, 1.0976617336273193, 0.2290816307067871], "k_pid_yaw": [0.5, 1e-06, 0.1], "k_pid_hsp": [1.8879131078720093, 0.9133535623550415, 0.27814874053001404], "k_pid_vsp": [87.71224975585938, 210.95262145996094, 156.09188842773438]}, "datetime": {"datetime": "2025-08-13 10:29:40", "elapsed": 2508.610652446747, "delta": 28.10142946243286}, "costs": {"total_cost": 513.7847463058852, "time_cost": 106.337, "final_distance_cost": 1.7745990775640008, "oscillation_cost": 286.9942283111108, "completition_cost": 0.0, "overshoot_cost": 66.24455401353683, "power_cost": 27.079679443359375, "noise_cost": 25.35468546031413, "n_waypoints_completed": 9, "tot_waypoints": 9}}
{"target": -795.7168898697468, "params": {"k_pid_pos": [1.3841888904571533, 0.16152727603912354, 0.30133137106895447], "k_pid_alt": [0.8860815167427063, 0.9692689180374146, 0.5166009068489075], "k_pid_att": [94.61614227294922, 0.5225875973701477, 0.27500173449516296], "k_pid_yaw": [0.5, 1e-06, 0.1], "k_pid_hsp": [9.556504249572754, 0.3816653788089752, 0.8749490976333618], "k_pid_vsp": [276.353515625, 382.2586364746094, 398.1296081542969]}, "datetime": {"datetime": "2025-08-13 10:30:14", "elapsed": 2542.2681238651276, "delta": 33.65747141838074}, "costs": {"total_cost": 795.7168898697468, "time_cost": 118.671, "final_distance_cost": 1.8151446856972802, "oscillation_cost": 533.0910095000563, "completition_cost": 0.0, "overshoot_cost": 69.10864584234876, "power_cost": 40.132035388183596, "noise_cost": 32.89905445346084, "n_waypoints_completed": 9, "tot_waypoints": 9}}
{"target": -918.4457330635935, "params": {"k_pid_pos": [1.0522440671920776, 0.14087024331092834, 0.5445460677146912], "k_pid_alt": [1.6734139919281006, 0.1334226131439209, 0.15679404139518738], "k_pid_att": [10.947370529174805, 0.2992103695869446, 0.6233446598052979], "k_pid_yaw": [0.5, 1e-06, 0.1], "k_pid_hsp": [1.9698606729507446, 0.14768612384796143, 0.7297791838645935], "k_pid_vsp": [363.0357360839844, 236.86752319335938, 316.01275634765625]}, "datetime": {"datetime": "2025-08-13 10:30:44", "elapsed": 2572.2081944942474, "delta": 29.940070629119873}, "costs": {"total_cost": 918.4457330635935, "time_cost": 150, "final_distance_cost": 76.18405640575459, "oscillation_cost": 346.49728212427044, "completition_cost": 222.2222222222222, "overshoot_cost": 65.9402720044241, "power_cost": 30.69559383544922, "noise_cost": 26.906306471473023, "n_waypoints_completed": 7, "tot_waypoints": 9}}
{"target": -748.4069273105175, "params": {"k_pid_pos": [0.5761005878448486, 0.546482264995575, 0.3059791624546051], "k_pid_alt": [0.4899747371673584, 0.34520861506462097, 0.7734627723693848], "k_pid_att": [11.358510971069336, 9.329171180725098, 0.6976048946380615], "k_pid_yaw": [0.5, 1e-06, 0.1], "k_pid_hsp": [5.272001266479492, 0.9471750259399414, 0.5607870817184448], "k_pid_vsp": [272.8669738769531, 62.36984634399414, 89.5121841430664]}, "datetime": {"datetime": "2025-08-13 10:31:14", "elapsed": 2602.493513584137, "delta": 30.285319089889526}, "costs": {"total_cost": 748.4069273105175, "time_cost": 150, "final_distance_cost": 65.12356830473362, "oscillation_cost": 298.4480256902992, "completition_cost": 111.11111111111116, "overshoot_cost": 54.01386080196517, "power_cost": 37.47899427490235, "noise_cost": 32.23136712750603, "n_waypoints_completed": 8, "tot_waypoints": 9}}
{"target": -1915.5187282573754, "params": {"k_pid_pos": [1.6428611278533936, 0.8523180484771729, 0.6943184733390808], "k_pid_alt": [0.7338436245918274, 0.7859112620353699, 0.269618958234787], "k_pid_att": [33.30879211425781, 9.793536186218262, 0.9772113561630249], "k_pid_yaw": [0.5, 1e-06, 0.1], "k_pid_hsp": [7.326477527618408, 0.06677985191345215, 0.6786040663719177], "k_pid_vsp": [209.87510681152344, 315.15728759765625, 345.6846618652344]}, "datetime": {"datetime": "2025-08-13 10:31:44", "elapsed": 2632.4020483493805, "delta": 29.90853476524353}, "costs": {"total_cost": 1915.5187282573754, "time_cost": 150, "final_distance_cost": 52.04287855951316, "oscillation_cost": 598.267613069679, "completition_cost": 888.8888888888888, "overshoot_cost": 127.46651591296678, "power_cost": 44.754555395507815, "noise_cost": 54.098276430819766, "n_waypoints_completed": 1, "tot_waypoints": 9}}
{"target": -693.2641664490493, "params": {"k_pid_pos": [1.990842342376709, 0.3164924681186676, 0.8974810838699341], "k_pid_alt": [0.37658846378326416, 0.37913259863853455, 0.3245983123779297], "k_pid_att": [55.08061218261719, 5.841294288635254, 0.8217561841011047], "k_pid_yaw": [0.5, 1e-06, 0.1], "k_pid_hsp": [1.870326280593872, 0.9316343665122986, 0.44394469261169434], "k_pid_vsp": [365.6640319824219, 76.11024475097656, 149.60276794433594]}, "datetime": {"datetime": "2025-08-13 10:32:15", "elapsed": 2663.6757760047913, "delta": 31.273727655410767}, "costs": {"total_cost": 693.2641664490493, "time_cost": 150, "final_distance_cost": 6.369061507866624, "oscillation_cost": 292.45950754791, "completition_cost": 111.11111111111116, "overshoot_cost": 64.2492367885075, "power_cost": 37.44627601318359, "noise_cost": 31.628973480470407, "n_waypoints_completed": 8, "tot_waypoints": 9}}
{"target": -1240.5664453259342, "params": {"k_pid_pos": [0.5965306162834167, 0.5426846146583557, 0.40508928894996643], "k_pid_alt": [1.1602195501327515, 0.7765969038009644, 0.794104814529419], "k_pid_att": [89.24360656738281, 7.632328510284424, 0.8031687140464783], "k_pid_yaw": [0.5, 1e-06, 0.1], "k_pid_hsp": [4.339705467224121, 0.17984694242477417, 0.19328519701957703], "k_pid_vsp": [204.2346954345703, 38.85455322265625, 249.9943084716797]}, "datetime": {"datetime": "2025-08-13 10:32:45", "elapsed": 2693.8381254673004, "delta": 30.162349462509155}, "costs": {"total_cost": 1240.5664453259342, "time_cost": 150, "final_distance_cost": 86.78603491427309, "oscillation_cost": 549.713912030797, "completition_cost": 333.33333333333337, "overshoot_cost": 53.64752561479577, "power_cost": 36.41795556640625, "noise_cost": 30.667683866328765, "n_waypoints_completed": 6, "tot_waypoints": 9}}
{"target": -929.9447470907705, "params": {"k_pid_pos": [1.8168981075286865, 0.5610389709472656, 0.21186953783035278], "k_pid_alt": [1.2077724933624268, 0.06187126040458679, 0.07909157872200012], "k_pid_att": [66.45381164550781, 3.886793375015259, 0.9017722606658936], "k_pid_yaw": [0.5, 1e-06, 0.1], "k_pid_hsp": [0.7900512218475342, 0.2103865146636963, 0.5932828187942505], "k_pid_vsp": [50.59341049194336, 170.74278259277344, 152.43492126464844]}, "datetime": {"datetime": "2025-08-13 10:33:17", "elapsed": 2725.1361467838287, "delta": 31.29802131652832}, "costs": {"total_cost": 929.9447470907705, "time_cost": 150, "final_distance_cost": 59.59358030303515, "oscillation_cost": 249.99588985868954, "completition_cost": 333.33333333333337, "overshoot_cost": 72.42522291839, "power_cost": 34.84136306152344, "noise_cost": 29.75535761579904, "n_waypoints_completed": 6, "tot_waypoints": 9}}
{"target": -1743.2354194002996, "params": {"k_pid_pos": [0.4387178122997284, 0.21542689204216003, 0.9808185696601868], "k_pid_alt": [0.7384742498397827, 0.9446806311607361, 0.8566200137138367], "k_pid_att": [76.26590728759766, 5.502091407775879, 0.28665074706077576], "k_pid_yaw": [0.5, 1e-06, 0.1], "k_pid_hsp": [0.455106258392334, 0.6924700736999512, 0.8725232481956482], "k_pid_vsp": [18.993091583251953, 309.2720642089844, 18.55814552307129]}, "datetime": {"datetime": "2025-08-13 10:33:48", "elapsed": 2756.9967398643494, "delta": 31.86059308052063}, "costs": {"total_cost": 1743.2354194002996, "time_cost": 150, "final_distance_cost": 54.2481198143271, "oscillation_cost": 699.5081913562572, "completition_cost": 666.6666666666667, "overshoot_cost": 100.33329375935459, "power_cost": 42.91859332275391, "noise_cost": 29.560554480940354, "n_waypoints_completed": 3, "tot_waypoints": 9}}
{"target": -1645.840992860723, "params": {"k_pid_pos": [0.45977771282196045, 0.42288124561309814, 0.545782744884491], "k_pid_alt": [0.6230335831642151, 0.3900645673274994, 0.8170231580734253], "k_pid_att": [77.81636047363281, 5.136086940765381, 0.6669384837150574], "k_pid_yaw": [0.5, 1e-06, 0.1], "k_pid_hsp": [2.096407651901245, 0.29258519411087036, 0.6372867226600647], "k_pid_vsp": [198.63023376464844, 67.93244934082031, 167.76039123535156]}, "datetime": {"datetime": "2025-08-13 10:34:33", "elapsed": 2801.6456661224365, "delta": 44.64892625808716}, "costs": {"total_cost": 1645.840992860723, "time_cost": 150, "final_distance_cost": 62.39368346212772, "oscillation_cost": 649.5824329373918, "completition_cost": 666.6666666666667, "overshoot_cost": 61.764572175478136, "power_cost": 28.950082641601565, "noise_cost": 26.483554977457104, "n_waypoints_completed": 3, "tot_waypoints": 9}}
{"target": -1385.500609210397, "params": {"k_pid_pos": [1.3069260120391846, 0.5652363896369934, 0.9783867597579956], "k_pid_alt": [0.6844938397407532, 0.1119086742401123, 0.7902606725692749], "k_pid_att": [90.07124328613281, 8.498099327087402, 0.2751935124397278], "k_pid_yaw": [0.5, 1e-06, 0.1], "k_pid_hsp": [1.013688564300537, 0.5775331258773804, 0.6431575417518616], "k_pid_vsp": [110.4204330444336, 246.04063415527344, 319.1178283691406]}, "datetime": {"datetime": "2025-08-13 10:35:05", "elapsed": 2833.6789531707764, "delta": 32.033287048339844}, "costs": {"total_cost": 1385.500609210397, "time_cost": 150, "final_distance_cost": 68.4078488209874, "oscillation_cost": 350.85917999906223, "completition_cost": 666.6666666666667, "overshoot_cost": 81.22689553765791, "power_cost": 37.97490422363281, "noise_cost": 30.36511396239017, "n_waypoints_completed": 3, "tot_waypoints": 9}}
{"target": -819.8992396300979, "params": {"k_pid_pos": [0.5341514348983765, 0.16019180417060852, 0.6847233176231384], "k_pid_alt": [0.03545790910720825, 0.06374570727348328, 0.7550007104873657], "k_pid_att": [6.198582172393799, 1.631136178970337, 0.757596492767334], "k_pid_yaw": [0.5, 1e-06, 0.1], "k_pid_hsp": [8.698495864868164, 0.5395729541778564, 0.44534969329833984], "k_pid_vsp": [194.6553497314453, 43.343605041503906, 6.162966251373291]}, "datetime": {"datetime": "2025-08-13 10:35:57", "elapsed": 2885.47194480896, "delta": 51.792991638183594}, "costs": {"total_cost": 819.8992396300979, "time_cost": 150, "final_distance_cost": 54.90449284247537, "oscillation_cost": 166.86505176039603, "completition_cost": 333.33333333333337, "overshoot_cost": 58.60054202471028, "power_cost": 23.991599841308595, "noise_cost": 32.204219827874184, "n_waypoints_completed": 6, "tot_waypoints": 9}}
{"target": -996.5077315252702, "params": {"k_pid_pos": [0.2632393538951874, 0.44684693217277527, 0.6366226673126221], "k_pid_alt": [1.882317304611206, 0.4815123379230499, 0.6096867322921753], "k_pid_att": [49.759300231933594, 3.9920880794525146, 0.8610981702804565], "k_pid_yaw": [0.5, 1e-06, 0.1], "k_pid_hsp": [4.478382587432861, 0.5439746975898743, 0.307417094707489], "k_pid_vsp": [281.3750305175781, 4.495204448699951, 24.999513626098633]}, "datetime": {"datetime": "2025-08-13 10:36:49", "elapsed": 2937.785824537277, "delta": 52.31387972831726}, "costs": {"total_cost": 996.5077315252702, "time_cost": 150, "final_distance_cost": 72.51807755634357, "oscillation_cost": 441.6323267997078, "completition_cost": 222.2222222222222, "overshoot_cost": 50.099073126243205, "power_cost": 32.343272204589844, "noise_cost": 27.692759616163528, "n_waypoints_completed": 7, "tot_waypoints": 9}}
