{"target": -1282.9715419737001, "params": {"k_pid_pos": [0.229708731174469, 0.15996387600898743, 0.0881536602973938], "k_pid_alt": [2.384185791015625e-07, 0.9991229772567749, 0.8542706966400146], "k_pid_att": [0.1470625400543213, 9.999999747378752e-05, 0.9638321399688721], "k_pid_yaw": [0.5, 1e-06, 0.1], "k_pid_hsp": [9.933241844177246, 0.653213620185852, 0.4432886242866516], "k_pid_vsp": [399.46612548828125, 374.3079528808594, 14.534581184387207]}, "datetime": {"datetime": "2025-08-13 17:13:59", "elapsed": 26768.009447574615, "delta": 29.398654222488403}, "costs": {"total_cost": 1282.9715419737001, "time_cost": 150, "final_distance_cost": 140.2070221010086, "oscillation_cost": 18.36070746558015, "completition_cost": 777.7777777777778, "overshoot_cost": 144.81986932626847, "power_cost": 26.780854162597656, "noise_cost": 25.02531114046737, "n_waypoints_completed": 2, "tot_waypoints": 9}}
{"target": -1093.338719500774, "params": {"k_pid_pos": [0.11587152630090714, 0.011050373315811157, 0.23469457030296326], "k_pid_alt": [1.580237627029419, 1.0, 0.9844157695770264], "k_pid_att": [100.0, 0.00016079613124020398, 0.9960873126983643], "k_pid_yaw": [0.5, 1e-06, 0.1], "k_pid_hsp": [9.636329650878906, 0.8597143888473511, 0.01690089702606201], "k_pid_vsp": [398.0954284667969, 393.4139709472656, 7.014037132263184]}, "datetime": {"datetime": "2025-08-13 17:14:28", "elapsed": 26797.065005540848, "delta": 29.0555579662323}, "costs": {"total_cost": 1093.338719500774, "time_cost": 150, "final_distance_cost": 53.28740662748497, "oscillation_cost": 102.5528129076178, "completition_cost": 666.6666666666667, "overshoot_cost": 58.84645119518209, "power_cost": 28.992347485351562, "noise_cost": 32.993034618470965, "n_waypoints_completed": 3, "tot_waypoints": 9}}
{"target": -1439.8664719833644, "params": {"k_pid_pos": [0.043778009712696075, 0.09066757559776306, 0.024791479110717773], "k_pid_alt": [0.0, 0.004563510417938232, 0.9830074906349182], "k_pid_att": [100.0, 9.999999747378752e-05, 0.9985610246658325], "k_pid_yaw": [0.5, 1e-06, 0.1], "k_pid_hsp": [9.69441032409668, 0.9219975471496582, 0.07292357087135315], "k_pid_vsp": [230.01226806640625, 393.6567077636719, 2.9631266593933105]}, "datetime": {"datetime": "2025-08-13 17:14:58", "elapsed": 26826.455043792725, "delta": 29.39003825187683}, "costs": {"total_cost": 1439.8664719833644, "time_cost": 150, "final_distance_cost": 12.995381695023967, "oscillation_cost": 66.1296152281815, "completition_cost": 1000.0, "overshoot_cost": 141.37225287025814, "power_cost": 25.948310388183597, "noise_cost": 43.42091180171693, "n_waypoints_completed": 0, "tot_waypoints": 9}}
{"target": -1161.2735869490773, "params": {"k_pid_pos": [0.100644551217556, 0.26725736260414124, 0.09192413091659546], "k_pid_alt": [1.1920928955078125e-06, 1.0, 0.9557511806488037], "k_pid_att": [100.0, 9.999999747378752e-05, 0.9626668691635132], "k_pid_yaw": [0.5, 1e-06, 0.1], "k_pid_hsp": [9.857950210571289, 0.9726448059082031, 0.01689976453781128], "k_pid_vsp": [399.67156982421875, 389.3171081542969, 3.800107002258301]}, "datetime": {"datetime": "2025-08-13 17:15:27", "elapsed": 26855.670959472656, "delta": 29.21591567993164}, "costs": {"total_cost": 1161.2735869490773, "time_cost": 150, "final_distance_cost": 38.70664528672209, "oscillation_cost": 297.77232868410607, "completition_cost": 555.5555555555555, "overshoot_cost": 63.37881250586694, "power_cost": 23.64592684326172, "noise_cost": 32.214318073564655, "n_waypoints_completed": 4, "tot_waypoints": 9}}
{"target": -991.0081109154399, "params": {"k_pid_pos": [0.16594132781028748, 0.034432798624038696, 0.1647140383720398], "k_pid_alt": [0.0016906261444091797, 1.0, 0.9825458526611328], "k_pid_att": [100.0, 0.00042633217526599765, 0.9738054275512695], "k_pid_yaw": [0.5, 1e-06, 0.1], "k_pid_hsp": [9.654997825622559, 0.900091290473938, 0.030170172452926636], "k_pid_vsp": [385.40911865234375, 356.4959411621094, 26.225914001464844]}, "datetime": {"datetime": "2025-08-13 17:15:56", "elapsed": 26884.474576234818, "delta": 28.803616762161255}, "costs": {"total_cost": 991.0081109154399, "time_cost": 150, "final_distance_cost": 49.97849732039453, "oscillation_cost": 224.28458472123214, "completition_cost": 444.4444444444444, "overshoot_cost": 67.10858520481871, "power_cost": 26.96033515625, "noise_cost": 28.23166406830007, "n_waypoints_completed": 5, "tot_waypoints": 9}}
{"target": -885.8690460425224, "params": {"k_pid_pos": [0.12105359137058258, 0.015773296356201172, 0.023150861263275146], "k_pid_alt": [1.999176025390625, 1.0, 0.8386406898498535], "k_pid_att": [100.0, 9.999999747378752e-05, 0.8470022082328796], "k_pid_yaw": [0.5, 1e-06, 0.1], "k_pid_hsp": [9.339295387268066, 0.5811213254928589, 0.009738624095916748], "k_pid_vsp": [0.36503076553344727, 393.4795227050781, 2.8681883811950684]}, "datetime": {"datetime": "2025-08-13 17:16:25", "elapsed": 26913.364151000977, "delta": 28.889574766159058}, "costs": {"total_cost": 885.8690460425224, "time_cost": 150, "final_distance_cost": 45.21847987714503, "oscillation_cost": 121.27739174544666, "completition_cost": 444.4444444444444, "overshoot_cost": 61.0338655054824, "power_cost": 35.4011314453125, "noise_cost": 28.493733024691522, "n_waypoints_completed": 5, "tot_waypoints": 9}}
{"target": -1209.01420428039, "params": {"k_pid_pos": [0.27118444442749023, 0.028064876794815063, 0.44457024335861206], "k_pid_alt": [0.0, 1.0, 0.9508264064788818], "k_pid_att": [100.0, 0.00027225568192079663, 0.9041304588317871], "k_pid_yaw": [0.5, 1e-06, 0.1], "k_pid_hsp": [8.344487190246582, 0.9810914993286133, 0.03204861283302307], "k_pid_vsp": [400.0, 386.42156982421875, 5.059100151062012]}, "datetime": {"datetime": "2025-08-13 17:16:53", "elapsed": 26941.618876457214, "delta": 28.254725456237793}, "costs": {"total_cost": 1209.01420428039, "time_cost": 150, "final_distance_cost": 78.38901217304856, "oscillation_cost": 525.8738858618212, "completition_cost": 333.33333333333337, "overshoot_cost": 66.7181006299947, "power_cost": 25.750095764160157, "noise_cost": 28.949776518032216, "n_waypoints_completed": 6, "tot_waypoints": 9}}
{"target": -1210.825257603583, "params": {"k_pid_pos": [0.04224541038274765, 0.0225985050201416, 0.13543230295181274], "k_pid_alt": [0.0, 1.0, 0.9978883862495422], "k_pid_att": [99.99109649658203, 9.999999747378752e-05, 0.9616864919662476], "k_pid_yaw": [0.5, 1e-06, 0.1], "k_pid_hsp": [9.626317024230957, 0.9837138652801514, 0.01038748025894165], "k_pid_vsp": [399.9972229003906, 387.6280517578125, 15.745903015136719]}, "datetime": {"datetime": "2025-08-13 17:17:21", "elapsed": 26970.040729284286, "delta": 28.421852827072144}, "costs": {"total_cost": 1210.825257603583, "time_cost": 150, "final_distance_cost": 79.56937433453014, "oscillation_cost": 54.44046961090697, "completition_cost": 777.7777777777778, "overshoot_cost": 79.78708577014267, "power_cost": 37.22485405273438, "noise_cost": 32.02569605749084, "n_waypoints_completed": 2, "tot_waypoints": 9}}
{"target": -1082.5438813769601, "params": {"k_pid_pos": [0.10404935479164124, 0.3897166848182678, 0.20129942893981934], "k_pid_alt": [4.0590763092041016e-05, 1.0, 0.8826707601547241], "k_pid_att": [99.98612213134766, 1.1184322834014893, 0.965294361114502], "k_pid_yaw": [0.5, 1e-06, 0.1], "k_pid_hsp": [9.951512336730957, 0.9671158790588379, 0.010338515043258667], "k_pid_vsp": [399.9998779296875, 387.8851318359375, 25.22614097595215]}, "datetime": {"datetime": "2025-08-13 17:17:50", "elapsed": 26998.19913983345, "delta": 28.15841054916382}, "costs": {"total_cost": 1082.5438813769601, "time_cost": 150, "final_distance_cost": 54.51571200516124, "oscillation_cost": 93.7520881204006, "completition_cost": 666.6666666666667, "overshoot_cost": 60.46918130134569, "power_cost": 27.89131375732422, "noise_cost": 29.24891952606165, "n_waypoints_completed": 3, "tot_waypoints": 9}}
{"target": -1314.4321716771221, "params": {"k_pid_pos": [0.031564973294734955, 0.13846904039382935, 0.06860920786857605], "k_pid_alt": [6.556510925292969e-07, 0.9997568726539612, 0.9631183743476868], "k_pid_att": [99.97815704345703, 0.00010089405986946076, 0.9901410341262817], "k_pid_yaw": [0.5, 1e-06, 0.1], "k_pid_hsp": [9.835782051086426, 0.9491215944290161, 0.02121788263320923], "k_pid_vsp": [0.3337383270263672, 386.5627746582031, 12.75805377960205]}, "datetime": {"datetime": "2025-08-13 17:18:18", "elapsed": 27027.0989279747, "delta": 28.89978814125061}, "costs": {"total_cost": 1314.4321716771221, "time_cost": 150, "final_distance_cost": 75.8087281288835, "oscillation_cost": 175.68580118615225, "completition_cost": 777.7777777777778, "overshoot_cost": 68.90121986123914, "power_cost": 37.220600231933595, "noise_cost": 29.038044491135818, "n_waypoints_completed": 2, "tot_waypoints": 9}}
{"target": -773.4450986760875, "params": {"k_pid_pos": [0.14485801756381989, 0.1808585524559021, 0.03994151949882507], "k_pid_alt": [3.30805778503418e-05, 0.9999936819076538, 0.6067942380905151], "k_pid_att": [100.0, 0.0019140491494908929, 0.9894590377807617], "k_pid_yaw": [0.5, 1e-06, 0.1], "k_pid_hsp": [9.825613021850586, 0.9658809900283813, 0.015239983797073364], "k_pid_vsp": [0.041174888610839844, 378.0434265136719, 7.268143653869629]}, "datetime": {"datetime": "2025-08-13 17:18:47", "elapsed": 27055.860751867294, "delta": 28.761823892593384}, "costs": {"total_cost": 773.4450986760875, "time_cost": 150, "final_distance_cost": 76.92021128749684, "oscillation_cost": 192.19640267365804, "completition_cost": 222.2222222222222, "overshoot_cost": 71.76060373936821, "power_cost": 33.31113305664063, "noise_cost": 27.034525696701465, "n_waypoints_completed": 7, "tot_waypoints": 9}}
{"target": -395.2999933690177, "params": {"k_pid_pos": [0.3646349608898163, 0.04893791675567627, 0.06895789504051208], "k_pid_alt": [0.0, 1.0, 0.9947546720504761], "k_pid_att": [99.99998474121094, 9.999999747378752e-05, 0.9701456427574158], "k_pid_yaw": [0.5, 1e-06, 0.1], "k_pid_hsp": [9.875635147094727, 0.9691604375839233, 0.02121073007583618], "k_pid_vsp": [400.0, 377.7797546386719, 4.075659275054932]}, "datetime": {"datetime": "2025-08-13 17:19:14", "elapsed": 27082.123202323914, "delta": 26.262450456619263}, "costs": {"total_cost": 395.2999933690177, "time_cost": 107.744, "final_distance_cost": 1.8182810745229054, "oscillation_cost": 164.97747722311095, "completition_cost": 0.0, "overshoot_cost": 67.20091894822507, "power_cost": 24.829775646972656, "noise_cost": 28.72954047618611, "n_waypoints_completed": 9, "tot_waypoints": 9}}
{"target": -362.09480012112397, "params": {"k_pid_pos": [0.5053690075874329, 0.017792105674743652, 0.1453748345375061], "k_pid_alt": [0.0010403990745544434, 1.0, 0.9599137306213379], "k_pid_att": [99.99991607666016, 0.000101788122265134, 0.9497495889663696], "k_pid_yaw": [0.5, 1e-06, 0.1], "k_pid_hsp": [9.52308177947998, 0.978627622127533, 0.02340531349182129], "k_pid_vsp": [400.0, 383.75897216796875, 5.285609722137451]}, "datetime": {"datetime": "2025-08-13 17:19:41", "elapsed": 27109.362820386887, "delta": 27.239618062973022}, "costs": {"total_cost": 362.09480012112397, "time_cost": 108.654, "final_distance_cost": 1.8257909855774372, "oscillation_cost": 110.09415181702997, "completition_cost": 0.0, "overshoot_cost": 70.75184532703295, "power_cost": 35.921973364257816, "noise_cost": 34.84703862722573, "n_waypoints_completed": 9, "tot_waypoints": 9}}
{"target": -1546.1949076572764, "params": {"k_pid_pos": [0.09414415806531906, 0.026632726192474365, 0.2690158784389496], "k_pid_alt": [0.0, 1.1563301086425781e-05, 0.9732697010040283], "k_pid_att": [100.0, 9.999999747378752e-05, 0.8561074733734131], "k_pid_yaw": [0.5, 1e-06, 0.1], "k_pid_hsp": [9.777314186096191, 0.9972224235534668, 0.018429279327392578], "k_pid_vsp": [400.0, 395.8721618652344, 21.07077980041504]}, "datetime": {"datetime": "2025-08-13 17:20:10", "elapsed": 27138.759977579117, "delta": 29.397157192230225}, "costs": {"total_cost": 1546.1949076572764, "time_cost": 150, "final_distance_cost": 0.8817557597140617, "oscillation_cost": 67.15530966709112, "completition_cost": 1000.0, "overshoot_cost": 163.04326820629646, "power_cost": 26.89937429199219, "noise_cost": 138.21519973218258, "n_waypoints_completed": 0, "tot_waypoints": 9}}
{"target": -1073.2715453979686, "params": {"k_pid_pos": [0.07614338397979736, 0.08971059322357178, 0.07245215773582458], "k_pid_alt": [0.0, 0.9998987913131714, 0.6778571605682373], "k_pid_att": [100.0, 9.999999747378752e-05, 0.9852551221847534], "k_pid_yaw": [0.5, 1e-06, 0.1], "k_pid_hsp": [9.749780654907227, 0.9894724488258362, 0.0063734352588653564], "k_pid_vsp": [376.55426025390625, 396.8883056640625, 27.032997131347656]}, "datetime": {"datetime": "2025-08-13 17:20:39", "elapsed": 27167.714471578598, "delta": 28.9544939994812}, "costs": {"total_cost": 1073.2715453979686, "time_cost": 150, "final_distance_cost": 86.09003903821721, "oscillation_cost": 46.107174490712644, "completition_cost": 666.6666666666667, "overshoot_cost": 61.26342093850451, "power_cost": 33.29276590576172, "noise_cost": 29.851478358105613, "n_waypoints_completed": 3, "tot_waypoints": 9}}
{"target": -24078.103918137243, "params": {"k_pid_pos": [0.03093217872083187, 0.8723756670951843, 0.02906063199043274], "k_pid_alt": [0.07046550512313843, 1.0, 0.9895582795143127], "k_pid_att": [0.03528594970703125, 7.634613513946533, 0.9787412881851196], "k_pid_yaw": [0.5, 1e-06, 0.1], "k_pid_hsp": [9.714011192321777, 0.9738750457763672, 0.11052864789962769], "k_pid_vsp": [400.0, 358.88922119140625, 1.5339503288269043]}, "datetime": {"datetime": "2025-08-13 17:21:08", "elapsed": 27197.06938433647, "delta": 29.354912757873535}, "costs": {"total_cost": 24078.103918137243, "time_cost": 150, "final_distance_cost": 7284.166584132074, "oscillation_cost": 2066.8982357524924, "completition_cost": 1000.0, "overshoot_cost": 13373.219162558576, "power_cost": 57.519659863281255, "noise_cost": 146.30027583081696, "n_waypoints_completed": 0, "tot_waypoints": 9}}
{"target": -13296.07661912103, "params": {"k_pid_pos": [0.1302163302898407, 0.1983301043510437, 0.1805664300918579], "k_pid_alt": [7.796287536621094e-05, 1.0, 0.9872783422470093], "k_pid_att": [0.0005424022674560547, 9.999999747378752e-05, 0.948061466217041], "k_pid_yaw": [0.5, 1e-06, 0.1], "k_pid_hsp": [9.954463958740234, 0.8772110342979431, 0.029931336641311646], "k_pid_vsp": [400.0, 387.91314697265625, 10.795880317687988]}, "datetime": {"datetime": "2025-08-13 17:21:37", "elapsed": 27225.848113298416, "delta": 28.77872896194458}, "costs": {"total_cost": 13296.07661912103, "time_cost": 150, "final_distance_cost": 5528.5605327376825, "oscillation_cost": 3.9288240876576372, "completition_cost": 1000.0, "overshoot_cost": 6520.25375485544, "power_cost": 42.50763481445313, "noise_cost": 50.825872625794595, "n_waypoints_completed": 0, "tot_waypoints": 9}}
{"target": -770.9451783847959, "params": {"k_pid_pos": [0.24694423377513885, 0.06994780898094177, 0.023913919925689697], "k_pid_alt": [1.7881393432617188e-07, 1.0, 0.9576228857040405], "k_pid_att": [99.94733428955078, 9.999999747378752e-05, 0.980760931968689], "k_pid_yaw": [0.5, 1e-06, 0.1], "k_pid_hsp": [8.670075416564941, 0.9562614560127258, 0.016673684120178223], "k_pid_vsp": [399.99981689453125, 397.4146728515625, 3.5294899940490723]}, "datetime": {"datetime": "2025-08-13 17:22:07", "elapsed": 27255.716084718704, "delta": 29.867971420288086}, "costs": {"total_cost": 770.9451783847959, "time_cost": 150, "final_distance_cost": 67.5619041937159, "oscillation_cost": 96.96691613294621, "completition_cost": 333.33333333333337, "overshoot_cost": 62.28865981328629, "power_cost": 28.863302770996096, "noise_cost": 31.931062140517902, "n_waypoints_completed": 6, "tot_waypoints": 9}}
{"target": -1572.8910349908601, "params": {"k_pid_pos": [0.26286762952804565, 0.22870218753814697, 0.07189041376113892], "k_pid_alt": [0.0, 0.008988499641418457, 0.8002252578735352], "k_pid_att": [0.024133920669555664, 9.999999747378752e-05, 0.9522279500961304], "k_pid_yaw": [0.5, 1e-06, 0.1], "k_pid_hsp": [8.688441276550293, 0.9455040693283081, 0.0947938859462738], "k_pid_vsp": [400.0, 394.2746276855469, 13.662625312805176]}, "datetime": {"datetime": "2025-08-13 17:22:36", "elapsed": 27284.52594590187, "delta": 28.809861183166504}, "costs": {"total_cost": 1572.8910349908601, "time_cost": 150, "final_distance_cost": 30.1792708920517, "oscillation_cost": 7.454580319251235, "completition_cost": 1000.0, "overshoot_cost": 332.2256780200431, "power_cost": 23.05867927246094, "noise_cost": 29.972826487053034, "n_waypoints_completed": 0, "tot_waypoints": 9}}
{"target": -20984.2124933823, "params": {"k_pid_pos": [0.06860972940921783, 0.19571822881698608, 0.031203806400299072], "k_pid_alt": [0.0008888840675354004, 1.0, 0.942334771156311], "k_pid_att": [0.0, 9.999999747378752e-05, 0.9917459487915039], "k_pid_yaw": [0.5, 1e-06, 0.1], "k_pid_hsp": [9.39126968383789, 0.9474007487297058, 0.03147011995315552], "k_pid_vsp": [400.0, 395.5948486328125, 24.471296310424805]}, "datetime": {"datetime": "2025-08-13 17:23:04", "elapsed": 27312.951070308685, "delta": 28.425124406814575}, "costs": {"total_cost": 20984.2124933823, "time_cost": 150, "final_distance_cost": 6569.792605536476, "oscillation_cost": 4.116784453588751, "completition_cost": 1000.0, "overshoot_cost": 13192.098243980743, "power_cost": 36.150022204589845, "noise_cost": 32.05483720690152, "n_waypoints_completed": 0, "tot_waypoints": 9}}
{"target": -1185.5189093291817, "params": {"k_pid_pos": [0.0323248915374279, 0.09767171740531921, 0.04816046357154846], "k_pid_alt": [0.0, 0.9970170259475708, 0.593116044998169], "k_pid_att": [100.0, 0.0001533456234028563, 0.999398410320282], "k_pid_yaw": [0.5, 1e-06, 0.1], "k_pid_hsp": [9.852839469909668, 0.9656914472579956, 0.02041265368461609], "k_pid_vsp": [400.0, 371.5248107910156, 5.867720603942871]}, "datetime": {"datetime": "2025-08-13 17:23:34", "elapsed": 27342.241381645203, "delta": 29.290311336517334}, "costs": {"total_cost": 1185.5189093291817, "time_cost": 150, "final_distance_cost": 82.16226173637602, "oscillation_cost": 47.9937519225043, "completition_cost": 777.7777777777778, "overshoot_cost": 68.16514219276138, "power_cost": 27.770918212890628, "noise_cost": 31.649057486871612, "n_waypoints_completed": 2, "tot_waypoints": 9}}
{"target": -1333.223843412375, "params": {"k_pid_pos": [0.07340718805789948, 0.15109515190124512, 0.05400288105010986], "k_pid_alt": [0.002260565757751465, 0.999998927116394, 0.9399858713150024], "k_pid_att": [99.99998474121094, 0.5166727900505066, 0.9608070254325867], "k_pid_yaw": [0.5, 1e-06, 0.1], "k_pid_hsp": [9.419163703918457, 0.9953439235687256, 0.02954229712486267], "k_pid_vsp": [400.0, 339.2296447753906, 35.97633743286133]}, "datetime": {"datetime": "2025-08-13 17:24:04", "elapsed": 27372.90011358261, "delta": 30.658731937408447}, "costs": {"total_cost": 1333.223843412375, "time_cost": 150, "final_distance_cost": 53.89665742514016, "oscillation_cost": 334.2149581279917, "completition_cost": 666.6666666666667, "overshoot_cost": 67.61484704134467, "power_cost": 30.15516708984375, "noise_cost": 30.67554706138772, "n_waypoints_completed": 3, "tot_waypoints": 9}}
{"target": -1046.731787624854, "params": {"k_pid_pos": [0.1122831478714943, 0.1126718819141388, 0.13265007734298706], "k_pid_alt": [0.0, 0.9999386668205261, 0.8716094493865967], "k_pid_att": [100.0, 9.999999747378752e-05, 0.8391278386116028], "k_pid_yaw": [0.5, 1e-06, 0.1], "k_pid_hsp": [8.646885871887207, 0.9683557152748108, 0.0017510652542114258], "k_pid_vsp": [400.0, 384.6390686035156, 19.419540405273438]}, "datetime": {"datetime": "2025-08-13 17:24:33", "elapsed": 27401.908977985382, "delta": 29.008864402770996}, "costs": {"total_cost": 1046.731787624854, "time_cost": 150, "final_distance_cost": 52.356391662507505, "oscillation_cost": 44.514583570272414, "completition_cost": 666.6666666666667, "overshoot_cost": 65.34123584951519, "power_cost": 34.52158453369141, "noise_cost": 33.33132534220053, "n_waypoints_completed": 3, "tot_waypoints": 9}}
{"target": -364.2761665398145, "params": {"k_pid_pos": [0.5250707864761353, 0.05891731381416321, 0.19677960872650146], "k_pid_alt": [8.940696716308594e-07, 0.9987879991531372, 0.8265494704246521], "k_pid_att": [99.99919128417969, 0.0001849357649916783, 0.918518602848053], "k_pid_yaw": [0.5, 1e-06, 0.1], "k_pid_hsp": [9.849752426147461, 0.9732248783111572, 0.020021378993988037], "k_pid_vsp": [38.93623352050781, 387.6147766113281, 20.55429458618164]}, "datetime": {"datetime": "2025-08-13 17:24:59", "elapsed": 27427.37625193596, "delta": 25.467273950576782}, "costs": {"total_cost": 364.2761665398145, "time_cost": 105.399, "final_distance_cost": 1.815499492607076, "oscillation_cost": 139.53355173558532, "completition_cost": 0.0, "overshoot_cost": 64.99155173098103, "power_cost": 27.207190161132814, "noise_cost": 25.329373419508237, "n_waypoints_completed": 9, "tot_waypoints": 9}}
{"target": -1035.7724043350506, "params": {"k_pid_pos": [0.18322092294692993, 0.10673224925994873, 0.07387706637382507], "k_pid_alt": [0.0, 1.0, 0.9707268476486206], "k_pid_att": [100.0, 9.999999747378752e-05, 0.9854778051376343], "k_pid_yaw": [0.5, 1e-06, 0.1], "k_pid_hsp": [9.711085319519043, 0.9514546990394592, 0.03262922167778015], "k_pid_vsp": [400.0, 389.1194152832031, 6.528843402862549]}, "datetime": {"datetime": "2025-08-13 17:25:28", "elapsed": 27456.647395849228, "delta": 29.271143913269043}, "costs": {"total_cost": 1035.7724043350506, "time_cost": 150, "final_distance_cost": 38.280640994540235, "oscillation_cost": 157.2432666172124, "completition_cost": 555.5555555555555, "overshoot_cost": 62.99116489366461, "power_cost": 36.616109509277344, "noise_cost": 35.08566676480062, "n_waypoints_completed": 4, "tot_waypoints": 9}}
