{"target": -1004.8097799058313, "params": {"k_pid_pos": [0.17507511377334595, 0.010846138000488281, 0.06987735629081726], "k_pid_alt": [0.0, 0.9999997615814209, 0.9692748188972473], "k_pid_att": [100.0, 9.999999747378752e-05, 0.984801173210144], "k_pid_yaw": [0.5, 1e-06, 0.1], "k_pid_hsp": [9.897481918334961, 0.9144411683082581, 0.0438462495803833], "k_pid_vsp": [400.0, 379.595703125, 5.332840442657471]}, "datetime": {"datetime": "2025-08-13 20:27:40", "elapsed": 38388.419954538345, "delta": 28.851439714431763}, "costs": {"total_cost": 1004.8097799058313, "time_cost": 150, "final_distance_cost": 59.30446742237923, "oscillation_cost": 335.2553061497267, "completition_cost": 333.33333333333337, "overshoot_cost": 69.20420422700583, "power_cost": 27.141236462402347, "noise_cost": 30.571232310983728, "n_waypoints_completed": 6, "tot_waypoints": 9}}
{"target": -733.2165019245795, "params": {"k_pid_pos": [0.34949544072151184, 0.23624056577682495, 0.03134709596633911], "k_pid_alt": [0.0, 1.0, 0.9693665504455566], "k_pid_att": [100.0, 9.999999747378752e-05, 0.9092349410057068], "k_pid_yaw": [0.5, 1e-06, 0.1], "k_pid_hsp": [9.546051025390625, 0.9729060530662537, 0.021670639514923096], "k_pid_vsp": [400.0, 386.9948425292969, 17.339590072631836]}, "datetime": {"datetime": "2025-08-13 20:28:09", "elapsed": 38417.57575893402, "delta": 29.15580439567566}, "costs": {"total_cost": 733.2165019245795, "time_cost": 150, "final_distance_cost": 65.0008683210461, "oscillation_cost": 191.04967108278086, "completition_cost": 222.2222222222222, "overshoot_cost": 58.22629081507703, "power_cost": 19.57649912109375, "noise_cost": 27.140950362359458, "n_waypoints_completed": 7, "tot_waypoints": 9}}
{"target": -948.7290830178531, "params": {"k_pid_pos": [0.11266805231571198, 0.040770530700683594, 0.028837591409683228], "k_pid_alt": [0.002240419387817383, 0.9999998807907104, 0.9801355600357056], "k_pid_att": [94.53923034667969, 0.00013606045104097575, 0.9859762191772461], "k_pid_yaw": [0.5, 1e-06, 0.1], "k_pid_hsp": [9.977445602416992, 0.9930611848831177, 0.0159684419631958], "k_pid_vsp": [400.0, 392.2773742675781, 24.009647369384766]}, "datetime": {"datetime": "2025-08-13 20:28:38", "elapsed": 38446.330013513565, "delta": 28.754254579544067}, "costs": {"total_cost": 948.7290830178531, "time_cost": 150, "final_distance_cost": 44.617868986544295, "oscillation_cost": 66.90671098532577, "completition_cost": 555.5555555555555, "overshoot_cost": 71.3090423959903, "power_cost": 30.269715270996095, "noise_cost": 30.07018982344099, "n_waypoints_completed": 4, "tot_waypoints": 9}}
{"target": -313.0668602811501, "params": {"k_pid_pos": [0.6621068716049194, 0.09910976886749268, 0.007116734981536865], "k_pid_alt": [0.0, 1.0, 0.9919222593307495], "k_pid_att": [100.0, 9.999999747378752e-05, 0.9731837511062622], "k_pid_yaw": [0.5, 1e-06, 0.1], "k_pid_hsp": [9.60225772857666, 0.9887229204177856, 0.014190047979354858], "k_pid_vsp": [400.0, 372.1861877441406, 16.314878463745117]}, "datetime": {"datetime": "2025-08-13 20:29:04", "elapsed": 38472.14025902748, "delta": 25.810245513916016}, "costs": {"total_cost": 313.0668602811501, "time_cost": 105.308, "final_distance_cost": 1.8122393220357838, "oscillation_cost": 86.61585556884656, "completition_cost": 0.0, "overshoot_cost": 64.79987961747318, "power_cost": 28.00593562011719, "noise_cost": 26.524950152677437, "n_waypoints_completed": 9, "tot_waypoints": 9}}
{"target": -918.2958624391925, "params": {"k_pid_pos": [0.2943524420261383, 0.0824010968208313, 0.019307255744934082], "k_pid_alt": [0.0, 1.0, 0.8555930256843567], "k_pid_att": [100.0, 0.00010089405986946076, 0.973671555519104], "k_pid_yaw": [0.5, 1e-06, 0.1], "k_pid_hsp": [9.57051944732666, 0.9029181003570557, 0.027450203895568848], "k_pid_vsp": [2.384185791015625e-05, 392.5030822753906, 5.250907897949219]}, "datetime": {"datetime": "2025-08-13 20:29:33", "elapsed": 38501.49000740051, "delta": 29.349748373031616}, "costs": {"total_cost": 918.2958624391925, "time_cost": 150, "final_distance_cost": 47.38098932639986, "oscillation_cost": 132.85424955444776, "completition_cost": 444.4444444444444, "overshoot_cost": 57.72181010910594, "power_cost": 44.04613366699219, "noise_cost": 41.84823533780237, "n_waypoints_completed": 5, "tot_waypoints": 9}}
{"target": -1239.755807502024, "params": {"k_pid_pos": [0.04020995646715164, 0.04741239547729492, 0.135737806558609], "k_pid_alt": [3.2186508178710938e-06, 1.0, 0.9305424094200134], "k_pid_att": [100.0, 9.999999747378752e-05, 0.9964529275894165], "k_pid_yaw": [0.5, 1e-06, 0.1], "k_pid_hsp": [9.575063705444336, 0.9781252145767212, 0.016989171504974365], "k_pid_vsp": [400.0, 397.3038330078125, 6.250287055969238]}, "datetime": {"datetime": "2025-08-13 20:30:03", "elapsed": 38531.98284673691, "delta": 30.492839336395264}, "costs": {"total_cost": 1239.755807502024, "time_cost": 150, "final_distance_cost": 96.36685420322216, "oscillation_cost": 89.02012809720611, "completition_cost": 777.7777777777778, "overshoot_cost": 78.07097854338079, "power_cost": 20.634955664062502, "noise_cost": 27.88511321637441, "n_waypoints_completed": 2, "tot_waypoints": 9}}
{"target": -536.5696054047312, "params": {"k_pid_pos": [0.4263647794723511, 0.01399463415145874, 0.05761489272117615], "k_pid_alt": [0.0, 1.0, 0.9851890206336975], "k_pid_att": [100.0, 0.0003390122437849641, 0.9199651479721069], "k_pid_yaw": [0.5, 1e-06, 0.1], "k_pid_hsp": [9.828155517578125, 0.870158314704895, 0.07107424736022949], "k_pid_vsp": [400.0, 361.4762268066406, 3.035820484161377]}, "datetime": {"datetime": "2025-08-13 20:30:29", "elapsed": 38558.076236486435, "delta": 26.093389749526978}, "costs": {"total_cost": 536.5696054047312, "time_cost": 106.44200000000001, "final_distance_cost": 1.8586445557643267, "oscillation_cost": 306.5820507945795, "completition_cost": 0.0, "overshoot_cost": 67.13712342417905, "power_cost": 25.673573486328127, "noise_cost": 28.87621314388025, "n_waypoints_completed": 9, "tot_waypoints": 9}}
{"target": -325.02751563994997, "params": {"k_pid_pos": [0.9591442346572876, 0.04103538393974304, 0.046712726354599], "k_pid_alt": [0.0, 1.0, 0.8967339992523193], "k_pid_att": [100.0, 9.999999747378752e-05, 0.9817700386047363], "k_pid_yaw": [0.5, 1e-06, 0.1], "k_pid_hsp": [9.82473087310791, 0.9911057949066162, 0.01730206608772278], "k_pid_vsp": [399.96142578125, 397.6232604980469, 22.45001983642578]}, "datetime": {"datetime": "2025-08-13 20:30:54", "elapsed": 38582.81971240044, "delta": 24.743475914001465}, "costs": {"total_cost": 325.02751563994997, "time_cost": 103.852, "final_distance_cost": 1.799396479966279, "oscillation_cost": 110.89988569016307, "completition_cost": 0.0, "overshoot_cost": 64.28042113548484, "power_cost": 20.573650402832033, "noise_cost": 23.62216193150375, "n_waypoints_completed": 9, "tot_waypoints": 9}}
{"target": -840.589512665088, "params": {"k_pid_pos": [0.16359880566596985, 0.016114145517349243, 0.07497602701187134], "k_pid_alt": [2.384185791015625e-07, 1.0, 0.9744065403938293], "k_pid_att": [100.0, 1.897384524345398, 0.9723725914955139], "k_pid_yaw": [0.5, 1e-06, 0.1], "k_pid_hsp": [9.979958534240723, 0.9512696266174316, 0.005079030990600586], "k_pid_vsp": [399.9898376464844, 396.7308654785156, 8.16543197631836]}, "datetime": {"datetime": "2025-08-13 20:31:25", "elapsed": 38613.43685770035, "delta": 30.6171452999115}, "costs": {"total_cost": 840.589512665088, "time_cost": 150, "final_distance_cost": 53.05506660348725, "oscillation_cost": 63.55427753176016, "completition_cost": 444.4444444444444, "overshoot_cost": 66.89338023270625, "power_cost": 30.184914965820315, "noise_cost": 32.45742888686962, "n_waypoints_completed": 5, "tot_waypoints": 9}}
{"target": -995.613429360699, "params": {"k_pid_pos": [0.11310689896345139, 0.046589016914367676, 0.053295135498046875], "k_pid_alt": [0.0, 1.0, 0.9873334169387817], "k_pid_att": [100.0, 0.00010059603664558381, 0.967686653137207], "k_pid_yaw": [0.5, 1e-06, 0.1], "k_pid_hsp": [9.728614807128906, 0.9727672934532166, 0.031098365783691406], "k_pid_vsp": [400.0, 395.1405944824219, 11.588919639587402]}, "datetime": {"datetime": "2025-08-13 20:31:54", "elapsed": 38642.63704252243, "delta": 29.20018482208252}, "costs": {"total_cost": 995.613429360699, "time_cost": 150, "final_distance_cost": 44.6214365906564, "oscillation_cost": 113.00752678600078, "completition_cost": 555.5555555555555, "overshoot_cost": 71.38555515739515, "power_cost": 30.41534910888672, "noise_cost": 30.6280061622043, "n_waypoints_completed": 4, "tot_waypoints": 9}}
{"target": -1768.7279543267655, "params": {"k_pid_pos": [0.05812591686844826, 0.027828067541122437, 0.029094398021697998], "k_pid_alt": [0.0, 1.0, 0.9705632925033569], "k_pid_att": [100.0, 9.999999747378752e-05, 0.9894074201583862], "k_pid_yaw": [0.5, 1e-06, 0.1], "k_pid_hsp": [9.976439476013184, 0.986440122127533, 0.1235688328742981], "k_pid_vsp": [400.0, 396.8774719238281, 35.354827880859375]}, "datetime": {"datetime": "2025-08-13 20:32:24", "elapsed": 38672.24826979637, "delta": 29.61122727394104}, "costs": {"total_cost": 1768.7279543267655, "time_cost": 150, "final_distance_cost": 85.65309071105418, "oscillation_cost": 735.105684494694, "completition_cost": 666.6666666666667, "overshoot_cost": 70.81527849439075, "power_cost": 33.88080042724609, "noise_cost": 26.60643353271382, "n_waypoints_completed": 3, "tot_waypoints": 9}}
{"target": -12979.39506309906, "params": {"k_pid_pos": [0.3550621569156647, 0.0415937602519989, 0.0096760094165802], "k_pid_alt": [0.0, 1.0, 0.9718242883682251], "k_pid_att": [0.0, 9.999999747378752e-05, 0.9957486391067505], "k_pid_yaw": [0.5, 1e-06, 0.1], "k_pid_hsp": [9.734918594360352, 0.9113235473632812, 0.010175526142120361], "k_pid_vsp": [399.4708557128906, 394.6357116699219, 4.670752048492432]}, "datetime": {"datetime": "2025-08-13 20:32:54", "elapsed": 38702.21799445152, "delta": 29.969724655151367}, "costs": {"total_cost": 12979.39506309906, "time_cost": 150, "final_distance_cost": 3959.587533320223, "oscillation_cost": 4.395192011629974, "completition_cost": 888.8888888888888, "overshoot_cost": 7924.716306410384, "power_cost": 20.628636926269532, "noise_cost": 31.178505541666162, "n_waypoints_completed": 1, "tot_waypoints": 9}}
{"target": -1245.6539436096302, "params": {"k_pid_pos": [0.0027311155572533607, 0.12567666172981262, 0.031187623739242554], "k_pid_alt": [1.9989502429962158, 1.0, 0.9779477119445801], "k_pid_att": [100.0, 9.999999747378752e-05, 0.9737271666526794], "k_pid_yaw": [0.5, 1e-06, 0.1], "k_pid_hsp": [9.89531421661377, 0.9499521255493164, 0.01031041145324707], "k_pid_vsp": [400.0, 377.1178283691406, 3.185499668121338]}, "datetime": {"datetime": "2025-08-13 20:33:22", "elapsed": 38730.98255968094, "delta": 28.764565229415894}, "costs": {"total_cost": 1245.6539436096302, "time_cost": 150, "final_distance_cost": 67.03579953286896, "oscillation_cost": 23.809502020463057, "completition_cost": 888.8888888888888, "overshoot_cost": 50.94416341570168, "power_cost": 30.833079150390628, "noise_cost": 34.1425106013171, "n_waypoints_completed": 1, "tot_waypoints": 9}}
{"target": -964.9861251666372, "params": {"k_pid_pos": [0.08369336277246475, 0.045130908489227295, 0.012438327074050903], "k_pid_alt": [0.0005680322647094727, 1.0, 0.9661933779716492], "k_pid_att": [100.0, 0.00010029802069766447, 0.9891443252563477], "k_pid_yaw": [0.5, 1e-06, 0.1], "k_pid_hsp": [9.8560209274292, 0.9880914688110352, 0.01763993501663208], "k_pid_vsp": [400.0, 392.13079833984375, 23.188127517700195]}, "datetime": {"datetime": "2025-08-13 20:33:51", "elapsed": 38759.96228265762, "delta": 28.97972297668457}, "costs": {"total_cost": 964.9861251666372, "time_cost": 150, "final_distance_cost": 45.57734019199097, "oscillation_cost": 71.01039639664337, "completition_cost": 555.5555555555555, "overshoot_cost": 77.71332172992462, "power_cost": 32.87262331542969, "noise_cost": 32.256887977092994, "n_waypoints_completed": 4, "tot_waypoints": 9}}
{"target": -1069.587350067241, "params": {"k_pid_pos": [0.050077784806489944, 0.029951125383377075, 0.008858531713485718], "k_pid_alt": [1.9099431037902832, 1.0, 0.9728120565414429], "k_pid_att": [100.0, 9.999999747378752e-05, 0.9837601780891418], "k_pid_yaw": [0.5, 1e-06, 0.1], "k_pid_hsp": [9.415390968322754, 0.9863878488540649, 0.023466765880584717], "k_pid_vsp": [400.0, 391.4515380859375, 9.96869945526123]}, "datetime": {"datetime": "2025-08-13 20:34:20", "elapsed": 38788.698857307434, "delta": 28.73657464981079}, "costs": {"total_cost": 1069.587350067241, "time_cost": 150, "final_distance_cost": 63.917555639506894, "oscillation_cost": 63.89891742383054, "completition_cost": 666.6666666666667, "overshoot_cost": 70.05213798258139, "power_cost": 25.857745532226563, "noise_cost": 29.194326822428753, "n_waypoints_completed": 3, "tot_waypoints": 9}}
{"target": -1611.2416558443822, "params": {"k_pid_pos": [0.027459964156150818, 0.008326470851898193, 0.00462689995765686], "k_pid_alt": [0.0, 1.0, 0.9720070362091064], "k_pid_att": [100.0, 9.999999747378752e-05, 0.920093297958374], "k_pid_yaw": [0.5, 1e-06, 0.1], "k_pid_hsp": [9.894684791564941, 0.9014240503311157, 0.0917743444442749], "k_pid_vsp": [399.9998474121094, 393.8207092285156, 5.011011123657227]}, "datetime": {"datetime": "2025-08-13 20:34:48", "elapsed": 38816.87525320053, "delta": 28.176395893096924}, "costs": {"total_cost": 1611.2416558443822, "time_cost": 150, "final_distance_cost": 71.81463548811826, "oscillation_cost": 370.72565647888473, "completition_cost": 888.8888888888888, "overshoot_cost": 70.69256740324182, "power_cost": 31.349115478515625, "noise_cost": 27.770792106732888, "n_waypoints_completed": 1, "tot_waypoints": 9}}
{"target": -994.319368818536, "params": {"k_pid_pos": [0.08378252387046814, 0.05322834849357605, 0.03794074058532715], "k_pid_alt": [1.952868938446045, 1.0, 0.9644309878349304], "k_pid_att": [100.0, 0.0001011920758173801, 0.967186450958252], "k_pid_yaw": [0.5, 1e-06, 0.1], "k_pid_hsp": [9.9639253616333, 0.9773422479629517, 0.018783539533615112], "k_pid_vsp": [400.0, 358.8691101074219, 0.6849179863929749]}, "datetime": {"datetime": "2025-08-13 20:35:17", "elapsed": 38846.07415795326, "delta": 29.198904752731323}, "costs": {"total_cost": 994.319368818536, "time_cost": 150, "final_distance_cost": 48.01292591471987, "oscillation_cost": 224.45278717404898, "completition_cost": 444.4444444444444, "overshoot_cost": 65.40212793916743, "power_cost": 29.727197302246097, "noise_cost": 32.27988604390926, "n_waypoints_completed": 5, "tot_waypoints": 9}}
{"target": -384.0446007030152, "params": {"k_pid_pos": [0.3921698033809662, 0.038762062788009644, 0.09738504886627197], "k_pid_alt": [0.02033364772796631, 1.0, 0.8189966082572937], "k_pid_att": [100.0, 9.999999747378752e-05, 0.9872473478317261], "k_pid_yaw": [0.5, 1e-06, 0.1], "k_pid_hsp": [9.66855525970459, 0.9918853044509888, 0.0068056583404541016], "k_pid_vsp": [400.0, 394.5788269042969, 1.5773544311523438]}, "datetime": {"datetime": "2025-08-13 20:35:44", "elapsed": 38872.50240778923, "delta": 26.428249835968018}, "costs": {"total_cost": 384.0446007030152, "time_cost": 112.714, "final_distance_cost": 1.82559932896437, "oscillation_cost": 151.90447935005756, "completition_cost": 0.0, "overshoot_cost": 65.39329777372045, "power_cost": 22.746423876953127, "noise_cost": 29.46080037331969, "n_waypoints_completed": 9, "tot_waypoints": 9}}
{"target": -1271.4781897105165, "params": {"k_pid_pos": [0.043825093656778336, 0.0046589672565460205, 0.060050010681152344], "k_pid_alt": [0.0, 1.0, 0.9138117432594299], "k_pid_att": [100.0, 0.000101788122265134, 0.9827300310134888], "k_pid_yaw": [0.5, 1e-06, 0.1], "k_pid_hsp": [7.226505756378174, 0.9407100677490234, 0.020551592111587524], "k_pid_vsp": [396.44390869140625, 394.1762390136719, 5.6361565589904785]}, "datetime": {"datetime": "2025-08-13 20:36:12", "elapsed": 38900.95920538902, "delta": 28.45679759979248}, "costs": {"total_cost": 1271.4781897105165, "time_cost": 150, "final_distance_cost": 66.1340903277168, "oscillation_cost": 55.438864633375736, "completition_cost": 888.8888888888888, "overshoot_cost": 59.72181757765241, "power_cost": 21.543763378906252, "noise_cost": 29.750764903976567, "n_waypoints_completed": 1, "tot_waypoints": 9}}
{"target": -1163.7136333383498, "params": {"k_pid_pos": [0.018340254202485085, 0.03302037715911865, 0.053199589252471924], "k_pid_alt": [0.35786300897598267, 1.0, 0.986762285232544], "k_pid_att": [100.0, 9.999999747378752e-05, 0.9854261875152588], "k_pid_yaw": [0.5, 1e-06, 0.1], "k_pid_hsp": [9.88232707977295, 0.9856902360916138, 0.004330098628997803], "k_pid_vsp": [400.0, 380.7926330566406, 59.59605026245117]}, "datetime": {"datetime": "2025-08-13 20:36:41", "elapsed": 38929.18579316139, "delta": 28.226587772369385}, "costs": {"total_cost": 1163.7136333383498, "time_cost": 150, "final_distance_cost": 70.7804104568225, "oscillation_cost": 32.53885180082492, "completition_cost": 777.7777777777778, "overshoot_cost": 80.33152948272388, "power_cost": 25.597388842773437, "noise_cost": 26.687674977427278, "n_waypoints_completed": 2, "tot_waypoints": 9}}
{"target": -1320.8946228237203, "params": {"k_pid_pos": [0.028475815430283546, 0.009130686521530151, 0.005428105592727661], "k_pid_alt": [4.76837158203125e-06, 0.9998068809509277, 0.977017879486084], "k_pid_att": [100.0, 0.3774007558822632, 0.9569216370582581], "k_pid_yaw": [0.5, 1e-06, 0.1], "k_pid_hsp": [9.4751615524292, 0.9814738631248474, 0.06783029437065125], "k_pid_vsp": [400.0, 394.2515869140625, 11.334980964660645]}, "datetime": {"datetime": "2025-08-13 20:37:09", "elapsed": 38957.95798563957, "delta": 28.77219247817993}, "costs": {"total_cost": 1320.8946228237203, "time_cost": 150, "final_distance_cost": 74.90963429970225, "oscillation_cost": 68.0173728541071, "completition_cost": 888.8888888888888, "overshoot_cost": 69.71913459473241, "power_cost": 38.13678948974609, "noise_cost": 31.222802696543717, "n_waypoints_completed": 1, "tot_waypoints": 9}}
{"target": -1297.2722533645838, "params": {"k_pid_pos": [0.04425887390971184, 0.003762185573577881, 0.029101282358169556], "k_pid_alt": [0.0, 1.0, 0.8525525331497192], "k_pid_att": [100.0, 9.999999747378752e-05, 0.9862146377563477], "k_pid_yaw": [0.5, 1e-06, 0.1], "k_pid_hsp": [9.734132766723633, 0.9866070747375488, 0.024400055408477783], "k_pid_vsp": [400.0, 393.1434631347656, 79.66056823730469]}, "datetime": {"datetime": "2025-08-13 20:37:38", "elapsed": 38986.76423406601, "delta": 28.806248426437378}, "costs": {"total_cost": 1297.2722533645838, "time_cost": 150, "final_distance_cost": 68.40953370895662, "oscillation_cost": 78.70341327872875, "completition_cost": 888.8888888888888, "overshoot_cost": 59.39806498649863, "power_cost": 25.64748134765625, "noise_cost": 26.22487115385468, "n_waypoints_completed": 1, "tot_waypoints": 9}}
{"target": -769.9302747195683, "params": {"k_pid_pos": [0.1991662234067917, 0.05157634615898132, 0.15733397006988525], "k_pid_alt": [1.3947486877441406e-05, 1.0, 0.8443495035171509], "k_pid_att": [100.0, 0.00011847725545521826, 0.9927904605865479], "k_pid_yaw": [0.5, 1e-06, 0.1], "k_pid_hsp": [9.895345687866211, 0.9802050590515137, 0.03534257411956787], "k_pid_vsp": [400.0, 396.2848815917969, 5.620420932769775]}, "datetime": {"datetime": "2025-08-13 20:38:06", "elapsed": 39015.03858613968, "delta": 28.274352073669434}, "costs": {"total_cost": 769.9302747195683, "time_cost": 150, "final_distance_cost": 71.2438750679157, "oscillation_cost": 202.52402672122366, "completition_cost": 222.2222222222222, "overshoot_cost": 66.77894863874876, "power_cost": 26.35810186767578, "noise_cost": 30.803100201782144, "n_waypoints_completed": 7, "tot_waypoints": 9}}
{"target": -1173.283692677079, "params": {"k_pid_pos": [0.03771401569247246, 0.015043854713439941, 0.046867191791534424], "k_pid_alt": [0.18792355060577393, 0.9999719262123108, 0.979334831237793], "k_pid_att": [100.0, 9.999999747378752e-05, 0.9300349354743958], "k_pid_yaw": [0.5, 1e-06, 0.1], "k_pid_hsp": [9.503314971923828, 0.9915438890457153, 0.019860386848449707], "k_pid_vsp": [400.0, 397.51837158203125, 10.761130332946777]}, "datetime": {"datetime": "2025-08-13 20:38:37", "elapsed": 39045.66378426552, "delta": 30.625198125839233}, "costs": {"total_cost": 1173.283692677079, "time_cost": 150, "final_distance_cost": 74.55765948872701, "oscillation_cost": 48.922529906532496, "completition_cost": 777.7777777777778, "overshoot_cost": 67.8772468214015, "power_cost": 25.490303613281252, "noise_cost": 28.658175069359096, "n_waypoints_completed": 2, "tot_waypoints": 9}}
{"target": -342.80099133106756, "params": {"k_pid_pos": [0.6593013405799866, 0.007328927516937256, 0.017929136753082275], "k_pid_alt": [1.1920928955078125e-07, 1.0, 0.9898961782455444], "k_pid_att": [100.0, 0.00010149009904125705, 0.9608279466629028], "k_pid_yaw": [0.5, 1e-06, 0.1], "k_pid_hsp": [9.87988567352295, 0.9879179000854492, 0.0484309196472168], "k_pid_vsp": [400.0, 380.2957458496094, 15.36096477508545]}, "datetime": {"datetime": "2025-08-13 20:39:04", "elapsed": 39072.412749528885, "delta": 26.7489652633667}, "costs": {"total_cost": 342.80099133106756, "time_cost": 109.697, "final_distance_cost": 1.820877175845167, "oscillation_cost": 98.86402668582892, "completition_cost": 0.0, "overshoot_cost": 68.26337188415161, "power_cost": 34.5021187866211, "noise_cost": 29.65359679862073, "n_waypoints_completed": 9, "tot_waypoints": 9}}
