{"target": -546.4387363366958, "params": {"k_pid_pos": [0.5221729278564453, 0.33227357268333435, 0.042494893074035645], "k_pid_alt": [1.7881393432617188e-07, 1.0, 0.7998546957969666], "k_pid_att": [100.0, 9.998990058898926, 0.8775626420974731], "k_pid_yaw": [0.5, 1e-06, 0.1], "k_pid_hsp": [9.608558654785156, 0.898064136505127, 0.0771036148071289], "k_pid_vsp": [400.0, 257.8330383300781, 18.416597366333008]}, "datetime": {"datetime": "2025-08-13 15:16:29", "elapsed": 19717.246778964996, "delta": 32.060808181762695}, "costs": {"total_cost": 546.4387363366958, "time_cost": 115.85000000000001, "final_distance_cost": 1.8117968444277428, "oscillation_cost": 296.6734665109667, "completition_cost": 0.0, "overshoot_cost": 67.4932722094755, "power_cost": 35.549984924316405, "noise_cost": 29.060215847509394, "n_waypoints_completed": 9, "tot_waypoints": 9}}
{"target": -743.8942746949194, "params": {"k_pid_pos": [0.631191611289978, 0.9163760542869568, 0.0487503707408905], "k_pid_alt": [1.9999971389770508, 1.0, 0.9460659623146057], "k_pid_att": [99.99998474121094, 0.02737540751695633, 0.97174471616745], "k_pid_yaw": [0.5, 1e-06, 0.1], "k_pid_hsp": [7.798850059509277, 0.9623053073883057, 0.015885859727859497], "k_pid_vsp": [399.9987487792969, 369.88702392578125, 199.26400756835938]}, "datetime": {"datetime": "2025-08-13 15:17:01", "elapsed": 19750.105605363846, "delta": 32.85882639884949}, "costs": {"total_cost": 743.8942746949194, "time_cost": 150, "final_distance_cost": 54.94088602300878, "oscillation_cost": 91.11413160239046, "completition_cost": 333.33333333333337, "overshoot_cost": 49.49499307651223, "power_cost": 35.28809173583984, "noise_cost": 29.722838923834672, "n_waypoints_completed": 6, "tot_waypoints": 9}}
{"target": -1143.7904320485993, "params": {"k_pid_pos": [0.030588634312152863, 0.09801176190376282, 0.1380002498626709], "k_pid_alt": [0.0, 0.9999884366989136, 0.9289960861206055], "k_pid_att": [60.1161003112793, 9.999999747378752e-05, 0.909095287322998], "k_pid_yaw": [0.5, 1e-06, 0.1], "k_pid_hsp": [5.540046691894531, 0.9728944301605225, 0.016894370317459106], "k_pid_vsp": [386.01751708984375, 391.21337890625, 6.399060249328613]}, "datetime": {"datetime": "2025-08-13 15:17:35", "elapsed": 19783.497233629227, "delta": 33.39162826538086}, "costs": {"total_cost": 1143.7904320485993, "time_cost": 150, "final_distance_cost": 65.71605929712787, "oscillation_cost": 47.59428014676017, "completition_cost": 777.7777777777778, "overshoot_cost": 54.82221944538143, "power_cost": 17.889304309082032, "noise_cost": 29.990791072469843, "n_waypoints_completed": 2, "tot_waypoints": 9}}
{"target": -1681.5498496844289, "params": {"k_pid_pos": [0.010927238501608372, 0.2248464822769165, 0.1034281849861145], "k_pid_alt": [1.7352255582809448, 1.0, 0.9693975448608398], "k_pid_att": [100.0, 0.00010298020060872659, 0.939033567905426], "k_pid_yaw": [0.5, 1e-06, 0.1], "k_pid_hsp": [9.093170166015625, 0.9798904657363892, 0.21447473764419556], "k_pid_vsp": [400.0, 397.3385314941406, 137.92388916015625]}, "datetime": {"datetime": "2025-08-13 15:18:08", "elapsed": 19816.5196557045, "delta": 33.022422075271606}, "costs": {"total_cost": 1681.5498496844289, "time_cost": 150, "final_distance_cost": 54.89791229164174, "oscillation_cost": 656.7489321564464, "completition_cost": 666.6666666666667, "overshoot_cost": 79.64721428090057, "power_cost": 42.69807598876953, "noise_cost": 30.891048300004115, "n_waypoints_completed": 3, "tot_waypoints": 9}}
{"target": -299.5018252394229, "params": {"k_pid_pos": [0.5154598355293274, 0.30524954199790955, 0.02389541268348694], "k_pid_alt": [0.0010693073272705078, 1.0, 0.9442622661590576], "k_pid_att": [25.02308464050293, 9.999999747378752e-05, 0.9799132347106934], "k_pid_yaw": [0.5, 1e-06, 0.1], "k_pid_hsp": [9.003652572631836, 0.9172886610031128, 0.01286432147026062], "k_pid_vsp": [399.9997253417969, 395.014892578125, 55.754398345947266]}, "datetime": {"datetime": "2025-08-13 15:18:38", "elapsed": 19846.473744869232, "delta": 29.954089164733887}, "costs": {"total_cost": 299.5018252394229, "time_cost": 112.21000000000001, "final_distance_cost": 1.8182455982998142, "oscillation_cost": 63.60421330619108, "completition_cost": 0.0, "overshoot_cost": 65.50628372535954, "power_cost": 29.039159313964845, "noise_cost": 27.32392329560759, "n_waypoints_completed": 9, "tot_waypoints": 9}}
{"target": -412.32330778031724, "params": {"k_pid_pos": [1.297825813293457, 0.13193196058273315, 0.41920244693756104], "k_pid_alt": [8.106231689453125e-06, 0.9999898672103882, 0.9416539669036865], "k_pid_att": [100.0, 0.00010029802069766447, 0.8609076738357544], "k_pid_yaw": [0.5, 1e-06, 0.1], "k_pid_hsp": [9.869783401489258, 0.9939899444580078, 0.022880882024765015], "k_pid_vsp": [400.0, 321.484619140625, 16.439714431762695]}, "datetime": {"datetime": "2025-08-13 15:19:03", "elapsed": 19871.82781481743, "delta": 25.35406994819641}, "costs": {"total_cost": 412.32330778031724, "time_cost": 93.968, "final_distance_cost": 1.8000467073609852, "oscillation_cost": 204.37441081060012, "completition_cost": 0.0, "overshoot_cost": 65.48703769969413, "power_cost": 23.766152966308596, "noise_cost": 22.92765959635337, "n_waypoints_completed": 9, "tot_waypoints": 9}}
{"target": -1273.4998939400648, "params": {"k_pid_pos": [0.35539594292640686, 0.2964099049568176, 0.3295023739337921], "k_pid_alt": [0.22216904163360596, 0.5482153296470642, 0.8679265975952148], "k_pid_att": [100.0, 9.999625205993652, 0.993302583694458], "k_pid_yaw": [0.5, 1e-06, 0.1], "k_pid_hsp": [9.930877685546875, 0.9823561906814575, 0.06809484958648682], "k_pid_vsp": [399.99896240234375, 337.611572265625, 9.889269828796387]}, "datetime": {"datetime": "2025-08-13 15:19:37", "elapsed": 19905.670336008072, "delta": 33.84252119064331}, "costs": {"total_cost": 1273.4998939400648, "time_cost": 150, "final_distance_cost": 75.87446536927791, "oscillation_cost": 597.5986094812397, "completition_cost": 333.33333333333337, "overshoot_cost": 54.92907229740535, "power_cost": 31.66532380371094, "noise_cost": 30.0990896550976, "n_waypoints_completed": 6, "tot_waypoints": 9}}
{"target": -1107.6547888134912, "params": {"k_pid_pos": [0.0047098309732973576, 0.8273298144340515, 0.036266177892684937], "k_pid_alt": [1.8857395648956299, 0.9901700019836426, 0.987826406955719], "k_pid_att": [100.0, 9.999999747378752e-05, 0.9933971166610718], "k_pid_yaw": [0.5, 1e-06, 0.1], "k_pid_hsp": [9.481427192687988, 0.9737503528594971, 0.01132512092590332], "k_pid_vsp": [400.0, 394.11083984375, 14.018512725830078]}, "datetime": {"datetime": "2025-08-13 15:20:11", "elapsed": 19939.566927433014, "delta": 33.89659142494202}, "costs": {"total_cost": 1107.6547888134912, "time_cost": 150, "final_distance_cost": 48.524425864781016, "oscillation_cost": 110.04330537667698, "completition_cost": 666.6666666666667, "overshoot_cost": 59.31777772323135, "power_cost": 38.29714715576172, "noise_cost": 34.80546602637353, "n_waypoints_completed": 3, "tot_waypoints": 9}}
{"target": -1672.9867092560683, "params": {"k_pid_pos": [0.013783707283437252, 0.4357089400291443, 0.23981603980064392], "k_pid_alt": [0.0, 0.9570398330688477, 0.4577579200267792], "k_pid_att": [100.0, 0.004390597343444824, 0.9677273631095886], "k_pid_yaw": [0.5, 1e-06, 0.1], "k_pid_hsp": [9.685454368591309, 0.9544320702552795, 0.054859936237335205], "k_pid_vsp": [322.2367858886719, 381.9048767089844, 61.410545349121094]}, "datetime": {"datetime": "2025-08-13 15:20:43", "elapsed": 19971.12962603569, "delta": 31.56269860267639}, "costs": {"total_cost": 1672.9867092560683, "time_cost": 150, "final_distance_cost": 34.31362146980847, "oscillation_cost": 386.43761343961717, "completition_cost": 1000.0, "overshoot_cost": 43.987313384631165, "power_cost": 31.199166845703125, "noise_cost": 27.048994116308492, "n_waypoints_completed": 0, "tot_waypoints": 9}}
{"target": -412.6713301487862, "params": {"k_pid_pos": [0.5193279981613159, 0.07917407155036926, 0.10702267289161682], "k_pid_alt": [1.9745619297027588, 1.4901161193847656e-07, 0.9404006600379944], "k_pid_att": [100.0, 0.3954569101333618, 0.983435332775116], "k_pid_yaw": [0.5, 1e-06, 0.1], "k_pid_hsp": [9.580257415771484, 0.935005784034729, 0.07625839114189148], "k_pid_vsp": [399.99981689453125, 350.0659484863281, 70.332275390625]}, "datetime": {"datetime": "2025-08-13 15:21:04", "elapsed": 19992.278053045273, "delta": 21.14842700958252}, "costs": {"total_cost": 412.6713301487862, "time_cost": 82.649, "final_distance_cost": 1.841340232688646, "oscillation_cost": 227.1955338447592, "completition_cost": 0.0, "overshoot_cost": 51.6097571736026, "power_cost": 26.855705895996095, "noise_cost": 22.51999300173961, "n_waypoints_completed": 9, "tot_waypoints": 9}}
{"target": -614.8623113638697, "params": {"k_pid_pos": [0.6087470054626465, 0.12206369638442993, 0.037262529134750366], "k_pid_alt": [2.0, 0.7909491062164307, 0.7126284837722778], "k_pid_att": [100.0, 0.00010029802069766447, 0.9028686285018921], "k_pid_yaw": [0.5, 1e-06, 0.1], "k_pid_hsp": [9.947041511535645, 0.8929566144943237, 0.11787128448486328], "k_pid_vsp": [400.0, 394.0543212890625, 5.759478569030762]}, "datetime": {"datetime": "2025-08-13 15:21:30", "elapsed": 20018.458601236343, "delta": 26.180548191070557}, "costs": {"total_cost": 614.8623113638697, "time_cost": 100.83500000000001, "final_distance_cost": 1.7523419030530165, "oscillation_cost": 401.04057101137397, "completition_cost": 0.0, "overshoot_cost": 56.33319970381825, "power_cost": 29.31019304199219, "noise_cost": 25.591005703632224, "n_waypoints_completed": 9, "tot_waypoints": 9}}
{"target": -1654.7884127683506, "params": {"k_pid_pos": [0.127481147646904, 0.11566340923309326, 0.4283851981163025], "k_pid_alt": [2.6226043701171875e-06, 0.9998273849487305, 0.9788907170295715], "k_pid_att": [100.0, 8.474435806274414, 0.9131861925125122], "k_pid_yaw": [0.5, 1e-06, 0.1], "k_pid_hsp": [8.735570907592773, 0.9221858978271484, 0.07540258765220642], "k_pid_vsp": [400.0, 387.3111877441406, 17.74579429626465]}, "datetime": {"datetime": "2025-08-13 15:22:03", "elapsed": 20051.361686229706, "delta": 32.90308499336243}, "costs": {"total_cost": 1654.7884127683506, "time_cost": 150, "final_distance_cost": 51.82985431826284, "oscillation_cost": 649.4983687309153, "completition_cost": 666.6666666666667, "overshoot_cost": 69.31916593329241, "power_cost": 38.52915700683594, "noise_cost": 28.94520011237726, "n_waypoints_completed": 3, "tot_waypoints": 9}}
{"target": -1096.5068267857298, "params": {"k_pid_pos": [0.3252500593662262, 0.07218495011329651, 0.08259376883506775], "k_pid_alt": [0.0, 1.0, 0.9543554186820984], "k_pid_att": [100.0, 7.036136627197266, 0.6223306059837341], "k_pid_yaw": [0.5, 1e-06, 0.1], "k_pid_hsp": [9.896451950073242, 0.9653200507164001, 0.051791876554489136], "k_pid_vsp": [399.9692077636719, 394.5080261230469, 15.851534843444824]}, "datetime": {"datetime": "2025-08-13 15:22:35", "elapsed": 20083.62991118431, "delta": 32.2682249546051}, "costs": {"total_cost": 1096.5068267857298, "time_cost": 150, "final_distance_cost": 71.66880735694357, "oscillation_cost": 530.0478347202427, "completition_cost": 222.2222222222222, "overshoot_cost": 61.997307107478484, "power_cost": 33.16889862060547, "noise_cost": 27.40175675823742, "n_waypoints_completed": 7, "tot_waypoints": 9}}
{"target": -476.46108007369764, "params": {"k_pid_pos": [0.49231502413749695, 0.04327687621116638, 0.2422533631324768], "k_pid_alt": [0.0, 0.9999967813491821, 0.8194053769111633], "k_pid_att": [100.0, 9.999999747378752e-05, 0.9721486568450928], "k_pid_yaw": [0.5, 1e-06, 0.1], "k_pid_hsp": [9.43800163269043, 0.9842479825019836, 0.054508596658706665], "k_pid_vsp": [400.0, 392.6368103027344, 12.536681175231934]}, "datetime": {"datetime": "2025-08-13 15:23:07", "elapsed": 20115.192665815353, "delta": 31.56275463104248}, "costs": {"total_cost": 476.46108007369764, "time_cost": 105.735, "final_distance_cost": 1.8316642240041658, "oscillation_cost": 241.62007443369234, "completition_cost": 0.0, "overshoot_cost": 67.69078579164463, "power_cost": 32.21626357421875, "noise_cost": 27.36729205013767, "n_waypoints_completed": 9, "tot_waypoints": 9}}
{"target": -561.3603865649219, "params": {"k_pid_pos": [0.9823371767997742, 0.4626545310020447, 0.00306856632232666], "k_pid_alt": [0.00017547607421875, 0.9994148015975952, 0.8630954027175903], "k_pid_att": [100.0, 0.18600115180015564, 0.696445643901825], "k_pid_yaw": [0.5, 1e-06, 0.1], "k_pid_hsp": [7.219192028045654, 0.9832229614257812, 0.06299403309822083], "k_pid_vsp": [400.0, 396.86468505859375, 2.6631722450256348]}, "datetime": {"datetime": "2025-08-13 15:23:38", "elapsed": 20146.552525997162, "delta": 31.35986018180847}, "costs": {"total_cost": 561.3603865649219, "time_cost": 150, "final_distance_cost": 36.96385241501151, "oscillation_cost": 135.15366410732705, "completition_cost": 111.11111111111116, "overshoot_cost": 70.01271206323965, "power_cost": 28.404490014648438, "noise_cost": 29.714556853584167, "n_waypoints_completed": 8, "tot_waypoints": 9}}
{"target": -689.2395248051585, "params": {"k_pid_pos": [0.49761515855789185, 0.18240892887115479, 0.05771252512931824], "k_pid_alt": [0.0, 0.8837040066719055, 0.9543131589889526], "k_pid_att": [100.0, 9.999999747378752e-05, 0.9230196475982666], "k_pid_yaw": [0.5, 1e-06, 0.1], "k_pid_hsp": [9.867144584655762, 0.9324190616607666, 0.023852944374084473], "k_pid_vsp": [400.0, 395.967041015625, 32.31245422363281]}, "datetime": {"datetime": "2025-08-13 15:24:11", "elapsed": 20179.88295841217, "delta": 33.330432415008545}, "costs": {"total_cost": 689.2395248051585, "time_cost": 150, "final_distance_cost": 62.75828981702601, "oscillation_cost": 138.58185102116246, "completition_cost": 222.2222222222222, "overshoot_cost": 57.62313901211098, "power_cost": 28.65844693603516, "noise_cost": 29.39557579660161, "n_waypoints_completed": 7, "tot_waypoints": 9}}
{"target": -826.6167066788622, "params": {"k_pid_pos": [0.22783444821834564, 0.1589796543121338, 0.07341176271438599], "k_pid_alt": [5.960464477539063e-08, 0.9997454285621643, 0.9030449986457825], "k_pid_att": [100.0, 9.999999747378752e-05, 0.7967256307601929], "k_pid_yaw": [0.5, 1e-06, 0.1], "k_pid_hsp": [5.468747615814209, 0.9757065773010254, 0.00480276346206665], "k_pid_vsp": [5.742526054382324, 391.94293212890625, 6.42757511138916]}, "datetime": {"datetime": "2025-08-13 15:24:42", "elapsed": 20210.260486125946, "delta": 30.377527713775635}, "costs": {"total_cost": 826.6167066788622, "time_cost": 150, "final_distance_cost": 80.41460059437006, "oscillation_cost": 144.17073380236408, "completition_cost": 333.33333333333337, "overshoot_cost": 60.81216287245436, "power_cost": 31.9146923828125, "noise_cost": 25.971183693527916, "n_waypoints_completed": 6, "tot_waypoints": 9}}
{"target": -2323.6224094980525, "params": {"k_pid_pos": [0.20790883898735046, 0.2081456482410431, 0.7867215275764465], "k_pid_alt": [0.0, 0.0009860992431640625, 0.9110056161880493], "k_pid_att": [99.99739074707031, 9.999999747378752e-05, 0.9265587329864502], "k_pid_yaw": [0.5, 1e-06, 0.1], "k_pid_hsp": [9.649028778076172, 0.9765251278877258, 0.07389447093009949], "k_pid_vsp": [62.341773986816406, 365.59918212890625, 17.14405059814453]}, "datetime": {"datetime": "2025-08-13 15:25:13", "elapsed": 20241.121772527695, "delta": 30.861286401748657}, "costs": {"total_cost": 2323.6224094980525, "time_cost": 150, "final_distance_cost": 2.847457627745707, "oscillation_cost": 898.514063348, "completition_cost": 1000.0, "overshoot_cost": 158.01144785940113, "power_cost": 32.32993371582032, "noise_cost": 81.91950694708527, "n_waypoints_completed": 0, "tot_waypoints": 9}}
{"target": -2079.679372516069, "params": {"k_pid_pos": [0.15081001818180084, 0.6679977774620056, 0.0430484414100647], "k_pid_alt": [0.0031911134719848633, 0.0004232823848724365, 0.9841487407684326], "k_pid_att": [100.0, 0.00010357623978052288, 0.9601273536682129], "k_pid_yaw": [0.5, 1e-06, 0.1], "k_pid_hsp": [9.978150367736816, 0.9869726896286011, 0.1214129626750946], "k_pid_vsp": [400.0, 395.9806823730469, 9.497464179992676]}, "datetime": {"datetime": "2025-08-13 15:25:44", "elapsed": 20272.644963741302, "delta": 31.523191213607788}, "costs": {"total_cost": 2079.679372516069, "time_cost": 150, "final_distance_cost": 10.276946414974836, "oscillation_cost": 703.9870123738382, "completition_cost": 1000.0, "overshoot_cost": 145.6431504506395, "power_cost": 25.848972363281252, "noise_cost": 43.9232909133355, "n_waypoints_completed": 0, "tot_waypoints": 9}}
{"target": -1205.1709228878742, "params": {"k_pid_pos": [0.008187826722860336, 0.3119124174118042, 0.20807325839996338], "k_pid_alt": [0.0, 1.0, 0.9573375582695007], "k_pid_att": [1.4388352632522583, 2.3511226177215576, 0.8554832339286804], "k_pid_yaw": [0.5, 1e-06, 0.1], "k_pid_hsp": [9.535683631896973, 0.916953980922699, 0.017526745796203613], "k_pid_vsp": [199.56398010253906, 364.698974609375, 5.536449909210205]}, "datetime": {"datetime": "2025-08-13 15:26:16", "elapsed": 20304.305485248566, "delta": 31.660521507263184}, "costs": {"total_cost": 1205.1709228878742, "time_cost": 150, "final_distance_cost": 80.67290762350135, "oscillation_cost": 78.76151429568448, "completition_cost": 777.7777777777778, "overshoot_cost": 62.75126350614512, "power_cost": 23.644105773925784, "noise_cost": 31.563353910839794, "n_waypoints_completed": 2, "tot_waypoints": 9}}
{"target": -1374.4805417189507, "params": {"k_pid_pos": [0.09790192544460297, 0.6589242815971375, 0.05565980076789856], "k_pid_alt": [0.0001494288444519043, 0.999987781047821, 0.8920164704322815], "k_pid_att": [0.34467577934265137, 9.999999747378752e-05, 0.9893050789833069], "k_pid_yaw": [0.5, 1e-06, 0.1], "k_pid_hsp": [7.699105739593506, 0.9944229125976562, 0.010549426078796387], "k_pid_vsp": [399.93475341796875, 398.3277282714844, 16.838075637817383]}, "datetime": {"datetime": "2025-08-13 15:26:49", "elapsed": 20337.42873287201, "delta": 33.1232476234436}, "costs": {"total_cost": 1374.4805417189507, "time_cost": 150, "final_distance_cost": 56.59764635233446, "oscillation_cost": 30.26568518497351, "completition_cost": 1000.0, "overshoot_cost": 78.05574819539798, "power_cost": 31.490962145996097, "noise_cost": 28.070499840248782, "n_waypoints_completed": 0, "tot_waypoints": 9}}
{"target": -1081.0929128884625, "params": {"k_pid_pos": [0.07964390516281128, 0.04004371166229248, 0.09331807494163513], "k_pid_alt": [0.33583009243011475, 0.9999414086341858, 0.905825138092041], "k_pid_att": [100.0, 9.999999747378752e-05, 0.9645875692367554], "k_pid_yaw": [0.5, 1e-06, 0.1], "k_pid_hsp": [8.540336608886719, 0.9987716674804688, 0.022097468376159668], "k_pid_vsp": [399.9892578125, 368.90673828125, 8.095670700073242]}, "datetime": {"datetime": "2025-08-13 15:27:20", "elapsed": 20368.527627706528, "delta": 31.098894834518433}, "costs": {"total_cost": 1081.0929128884625, "time_cost": 150, "final_distance_cost": 54.76657176674064, "oscillation_cost": 62.36417279234888, "completition_cost": 666.6666666666667, "overshoot_cost": 72.30691073170648, "power_cost": 38.29519675292969, "noise_cost": 36.693394178069994, "n_waypoints_completed": 3, "tot_waypoints": 9}}
{"target": -1435.4897824163615, "params": {"k_pid_pos": [0.0566912442445755, 0.750625729560852, 0.013324141502380371], "k_pid_alt": [0.0, 1.0, 0.9833054542541504], "k_pid_att": [100.0, 9.999999747378752e-05, 0.9394264817237854], "k_pid_yaw": [0.5, 1e-06, 0.1], "k_pid_hsp": [7.992242813110352, 0.9606428146362305, 0.03802222013473511], "k_pid_vsp": [157.80947875976562, 393.7401123046875, 5.345190525054932]}, "datetime": {"datetime": "2025-08-13 15:27:55", "elapsed": 20403.181579113007, "delta": 34.65395140647888}, "costs": {"total_cost": 1435.4897824163615, "time_cost": 150, "final_distance_cost": 58.54824104575718, "oscillation_cost": 110.48095133863724, "completition_cost": 1000.0, "overshoot_cost": 46.564072387275594, "power_cost": 36.28793814697266, "noise_cost": 33.60857949771868, "n_waypoints_completed": 0, "tot_waypoints": 9}}
{"target": -1006.7465987575413, "params": {"k_pid_pos": [0.17746645212173462, 0.745424211025238, 0.018955200910568237], "k_pid_alt": [0.0, 0.9999518394470215, 0.9200312495231628], "k_pid_att": [100.0, 0.0001011920758173801, 0.7857958078384399], "k_pid_yaw": [0.5, 1e-06, 0.1], "k_pid_hsp": [9.891743659973145, 0.9006822109222412, 0.0253903865814209], "k_pid_vsp": [400.0, 372.91607666015625, 5.642379283905029]}, "datetime": {"datetime": "2025-08-13 15:28:27", "elapsed": 20435.52971816063, "delta": 32.34813904762268}, "costs": {"total_cost": 1006.7465987575413, "time_cost": 150, "final_distance_cost": 52.616632998913545, "oscillation_cost": 129.44991083042737, "completition_cost": 555.5555555555555, "overshoot_cost": 57.21222915090706, "power_cost": 28.141336157226565, "noise_cost": 33.7709340645111, "n_waypoints_completed": 4, "tot_waypoints": 9}}
{"target": -1208.462982549208, "params": {"k_pid_pos": [0.10243373364210129, 0.4651332497596741, 0.022060036659240723], "k_pid_alt": [0.0, 1.0, 0.9857749342918396], "k_pid_att": [99.6753158569336, 9.999999747378752e-05, 0.963874340057373], "k_pid_yaw": [0.5, 1e-06, 0.1], "k_pid_hsp": [9.904799461364746, 0.8101891279220581, 0.030886173248291016], "k_pid_vsp": [399.9855041503906, 388.7424011230469, 9.716511726379395]}, "datetime": {"datetime": "2025-08-13 15:28:59", "elapsed": 20467.586272478104, "delta": 32.056554317474365}, "costs": {"total_cost": 1208.462982549208, "time_cost": 150, "final_distance_cost": 81.03223297719293, "oscillation_cost": 87.36907788869898, "completition_cost": 777.7777777777778, "overshoot_cost": 50.205043654280324, "power_cost": 31.522945422363282, "noise_cost": 30.555904828894338, "n_waypoints_completed": 2, "tot_waypoints": 9}}
