{"target": -1200.058928293255, "params": {"k_pid_pos": [0.09039795398712158, 0.19078224897384644, 0.02325505018234253], "k_pid_alt": [0.0, 1.0, 0.8559234142303467], "k_pid_att": [99.99999237060547, 9.999999747378752e-05, 0.9921784996986389], "k_pid_yaw": [0.5, 1e-06, 0.1], "k_pid_hsp": [9.858109474182129, 0.9646026492118835, 0.05694615840911865], "k_pid_vsp": [399.99908447265625, 377.5218200683594, 22.31658935546875]}, "datetime": {"datetime": "2025-08-13 17:49:45", "elapsed": 28913.18495965004, "delta": 29.233489751815796}, "costs": {"total_cost": 1200.058928293255, "time_cost": 150, "final_distance_cost": 56.11685717006047, "oscillation_cost": 204.81905225476174, "completition_cost": 666.6666666666667, "overshoot_cost": 64.3559478719943, "power_cost": 28.988821313476564, "noise_cost": 29.11158301629516, "n_waypoints_completed": 3, "tot_waypoints": 9}}
{"target": -20262.202750054483, "params": {"k_pid_pos": [0.43323588371276855, 0.10136106610298157, 0.11934417486190796], "k_pid_alt": [4.231929779052734e-06, 1.0, 0.5764279365539551], "k_pid_att": [0.0030994415283203125, 9.999999747378752e-05, 0.8006543517112732], "k_pid_yaw": [0.5, 1e-06, 0.1], "k_pid_hsp": [9.956619262695312, 0.9761700630187988, 0.07401859760284424], "k_pid_vsp": [400.0, 386.9383239746094, 14.39517879486084]}, "datetime": {"datetime": "2025-08-13 17:50:14", "elapsed": 28943.05406188965, "delta": 29.869102239608765}, "costs": {"total_cost": 20262.202750054483, "time_cost": 150, "final_distance_cost": 6463.768153434641, "oscillation_cost": 5.923139276619416, "completition_cost": 1000.0, "overshoot_cost": 12555.347785297417, "power_cost": 40.294839892578125, "noise_cost": 46.86883215322874, "n_waypoints_completed": 0, "tot_waypoints": 9}}
{"target": -1182.0119373626676, "params": {"k_pid_pos": [0.043199632316827774, 0.019122570753097534, 0.007766216993331909], "k_pid_alt": [1.9800429344177246, 0.9999839067459106, 0.9786974191665649], "k_pid_att": [100.0, 9.999999747378752e-05, 0.9751298427581787], "k_pid_yaw": [0.5, 1e-06, 0.1], "k_pid_hsp": [9.711172103881836, 0.9825581312179565, 0.020538687705993652], "k_pid_vsp": [400.0, 387.02117919921875, 29.478790283203125]}, "datetime": {"datetime": "2025-08-13 17:50:43", "elapsed": 28971.863572359085, "delta": 28.809510469436646}, "costs": {"total_cost": 1182.0119373626676, "time_cost": 150, "final_distance_cost": 84.77741908100006, "oscillation_cost": 45.44276195888225, "completition_cost": 777.7777777777778, "overshoot_cost": 65.5717479495494, "power_cost": 29.771439196777344, "noise_cost": 28.670791398680617, "n_waypoints_completed": 2, "tot_waypoints": 9}}
{"target": -958.4661733400792, "params": {"k_pid_pos": [0.06797657907009125, 0.16738975048065186, 0.004532933235168457], "k_pid_alt": [5.0067901611328125e-05, 1.0, 0.9788380861282349], "k_pid_att": [99.82759094238281, 9.999999747378752e-05, 0.9912228584289551], "k_pid_yaw": [0.5, 1e-06, 0.1], "k_pid_hsp": [9.728959083557129, 0.8635915517807007, 0.005773574113845825], "k_pid_vsp": [400.0, 371.307861328125, 9.890664100646973]}, "datetime": {"datetime": "2025-08-13 17:51:13", "elapsed": 29001.25650191307, "delta": 29.392929553985596}, "costs": {"total_cost": 958.4661733400792, "time_cost": 150, "final_distance_cost": 50.98074043656378, "oscillation_cost": 67.39448809865078, "completition_cost": 555.5555555555555, "overshoot_cost": 69.16422695163178, "power_cost": 30.05440994873047, "noise_cost": 35.31675234894685, "n_waypoints_completed": 4, "tot_waypoints": 9}}
{"target": -928.9964563630313, "params": {"k_pid_pos": [0.09244818985462189, 0.07799634337425232, 0.0324854850769043], "k_pid_alt": [2.0, 0.4339238405227661, 0.9716034531593323], "k_pid_att": [100.0, 9.999999747378752e-05, 0.7336559295654297], "k_pid_yaw": [0.5, 1e-06, 0.1], "k_pid_hsp": [8.261133193969727, 0.9916965365409851, 0.05032309889793396], "k_pid_vsp": [400.0, 396.1004638671875, 14.455772399902344]}, "datetime": {"datetime": "2025-08-13 17:51:41", "elapsed": 29030.040400266647, "delta": 28.78389835357666}, "costs": {"total_cost": 928.9964563630313, "time_cost": 150, "final_distance_cost": 52.42584540189768, "oscillation_cost": 281.9445509110853, "completition_cost": 333.33333333333337, "overshoot_cost": 59.70808489155057, "power_cost": 25.628461389160158, "noise_cost": 25.956180436004136, "n_waypoints_completed": 6, "tot_waypoints": 9}}
{"target": -1303.9114223538045, "params": {"k_pid_pos": [1.232755422592163, 0.17421665787696838, 0.09278613328933716], "k_pid_alt": [0.0042362213134765625, 0.017530202865600586, 0.8432974815368652], "k_pid_att": [99.99967956542969, 9.999999747378752e-05, 0.9305425882339478], "k_pid_yaw": [0.5, 1e-06, 0.1], "k_pid_hsp": [9.910514831542969, 0.9809145927429199, 0.02495110034942627], "k_pid_vsp": [399.99993896484375, 385.68182373046875, 10.749615669250488]}, "datetime": {"datetime": "2025-08-13 17:52:10", "elapsed": 29058.118389368057, "delta": 28.077989101409912}, "costs": {"total_cost": 1303.9114223538045, "time_cost": 150, "final_distance_cost": 68.39339788040708, "oscillation_cost": 73.09520907749061, "completition_cost": 888.8888888888888, "overshoot_cost": 70.66947971807646, "power_cost": 21.92829517822266, "noise_cost": 30.93615161071878, "n_waypoints_completed": 1, "tot_waypoints": 9}}
{"target": -1216.7965164639543, "params": {"k_pid_pos": [0.078981913626194, 0.1338772177696228, 0.06383228302001953], "k_pid_alt": [0.0, 0.999996542930603, 0.9969218373298645], "k_pid_att": [100.0, 0.00020311499247327447, 0.8940057158470154], "k_pid_yaw": [0.5, 1e-06, 0.1], "k_pid_hsp": [9.898028373718262, 0.9827463030815125, 0.05136635899543762], "k_pid_vsp": [400.0, 380.2868957519531, 1.1525640487670898]}, "datetime": {"datetime": "2025-08-13 17:52:38", "elapsed": 29087.073481798172, "delta": 28.955092430114746}, "costs": {"total_cost": 1216.7965164639543, "time_cost": 150, "final_distance_cost": 50.27813784827579, "oscillation_cost": 332.4635435009172, "completition_cost": 555.5555555555555, "overshoot_cost": 70.67026821052877, "power_cost": 26.04493074951172, "noise_cost": 31.78408059916541, "n_waypoints_completed": 4, "tot_waypoints": 9}}
{"target": -1190.353634952256, "params": {"k_pid_pos": [0.027163922786712646, 0.02458086609840393, 0.006556063890457153], "k_pid_alt": [3.1113624572753906e-05, 0.9999963045120239, 0.8624036312103271], "k_pid_att": [100.0, 9.999999747378752e-05, 0.9572133421897888], "k_pid_yaw": [0.5, 1e-06, 0.1], "k_pid_hsp": [9.773785591125488, 0.9505388140678406, 0.012323319911956787], "k_pid_vsp": [0.011217594146728516, 394.7200927734375, 3.1249890327453613]}, "datetime": {"datetime": "2025-08-13 17:53:07", "elapsed": 29115.82210969925, "delta": 28.74862790107727}, "costs": {"total_cost": 1190.353634952256, "time_cost": 150, "final_distance_cost": 84.47716907380749, "oscillation_cost": 43.59885594524288, "completition_cost": 777.7777777777778, "overshoot_cost": 82.55223968484124, "power_cost": 27.89208854980469, "noise_cost": 24.055503920781995, "n_waypoints_completed": 2, "tot_waypoints": 9}}
{"target": -1107.859006313334, "params": {"k_pid_pos": [0.05512479320168495, 0.0623604953289032, 0.2619240880012512], "k_pid_alt": [0.0, 0.9999994039535522, 0.9908812046051025], "k_pid_att": [99.99993133544922, 9.999999747378752e-05, 0.9173556566238403], "k_pid_yaw": [0.5, 1e-06, 0.1], "k_pid_hsp": [9.196277618408203, 0.9439243078231812, 0.0189017653465271], "k_pid_vsp": [400.0, 374.72802734375, 37.2279052734375]}, "datetime": {"datetime": "2025-08-13 17:53:37", "elapsed": 29145.752109527588, "delta": 29.929999828338623}, "costs": {"total_cost": 1107.859006313334, "time_cost": 150, "final_distance_cost": 76.42508921701011, "oscillation_cost": 77.77116251159318, "completition_cost": 666.6666666666667, "overshoot_cost": 79.19698326093574, "power_cost": 30.427444360351565, "noise_cost": 27.371660296776742, "n_waypoints_completed": 3, "tot_waypoints": 9}}
{"target": -1259.4258453119432, "params": {"k_pid_pos": [0.0237572118639946, 0.1678890585899353, 0.021451175212860107], "k_pid_alt": [0.0, 0.9999970197677612, 0.9907602071762085], "k_pid_att": [100.0, 9.999999747378752e-05, 0.8820188045501709], "k_pid_yaw": [0.5, 1e-06, 0.1], "k_pid_hsp": [9.472883224487305, 0.9854985475540161, 0.034731119871139526], "k_pid_vsp": [400.0, 362.9230041503906, 59.52813720703125]}, "datetime": {"datetime": "2025-08-13 17:54:07", "elapsed": 29175.310157060623, "delta": 29.55804753303528}, "costs": {"total_cost": 1259.4258453119432, "time_cost": 150, "final_distance_cost": 97.31115753607224, "oscillation_cost": 120.85592625277616, "completition_cost": 777.7777777777778, "overshoot_cost": 64.77439258696143, "power_cost": 23.577942504882813, "noise_cost": 25.128648653472528, "n_waypoints_completed": 2, "tot_waypoints": 9}}
{"target": -1742.6250734851685, "params": {"k_pid_pos": [0.10986749082803726, 0.3758031725883484, 0.03396415710449219], "k_pid_alt": [0.0, 0.9999995231628418, 0.9878076314926147], "k_pid_att": [94.80744934082031, 9.999999747378752e-05, 0.9679421186447144], "k_pid_yaw": [0.5, 1e-06, 0.1], "k_pid_hsp": [9.85179615020752, 0.8936433792114258, 0.27772292494773865], "k_pid_vsp": [399.90234375, 391.1475524902344, 4.6902666091918945]}, "datetime": {"datetime": "2025-08-13 17:54:36", "elapsed": 29204.82939362526, "delta": 29.51923656463623}, "costs": {"total_cost": 1742.6250734851685, "time_cost": 150, "final_distance_cost": 98.86513969776193, "oscillation_cost": 606.5360089264495, "completition_cost": 777.7777777777778, "overshoot_cost": 49.967044637733856, "power_cost": 31.21185235595703, "noise_cost": 28.26725008948816, "n_waypoints_completed": 2, "tot_waypoints": 9}}
{"target": -1076.2303872018833, "params": {"k_pid_pos": [0.13817131519317627, 0.02186405658721924, 0.033649742603302], "k_pid_alt": [7.748603820800781e-07, 0.9999991655349731, 0.97010737657547], "k_pid_att": [88.63883209228516, 0.00010029802069766447, 0.9937384724617004], "k_pid_yaw": [0.5, 1e-06, 0.1], "k_pid_hsp": [9.822574615478516, 0.9970893859863281, 0.04341191053390503], "k_pid_vsp": [400.0, 395.07208251953125, 4.027307987213135]}, "datetime": {"datetime": "2025-08-13 17:55:05", "elapsed": 29233.831212759018, "delta": 29.001819133758545}, "costs": {"total_cost": 1076.2303872018833, "time_cost": 150, "final_distance_cost": 39.65414601777668, "oscillation_cost": 186.11360028770716, "completition_cost": 555.5555555555555, "overshoot_cost": 70.42283417301577, "power_cost": 38.08703068847657, "noise_cost": 36.397220479351724, "n_waypoints_completed": 4, "tot_waypoints": 9}}
{"target": -1066.7939028918045, "params": {"k_pid_pos": [0.116835817694664, 0.031130433082580566, 0.08560198545455933], "k_pid_alt": [2.384185791015625e-07, 1.0, 0.8737376928329468], "k_pid_att": [100.0, 9.999999747378752e-05, 0.9795005321502686], "k_pid_yaw": [0.5, 1e-06, 0.1], "k_pid_hsp": [9.634328842163086, 0.9881736040115356, 0.014546483755111694], "k_pid_vsp": [400.0, 345.9599609375, 2.4946937561035156]}, "datetime": {"datetime": "2025-08-13 17:55:35", "elapsed": 29263.288768529892, "delta": 29.457555770874023}, "costs": {"total_cost": 1066.7939028918045, "time_cost": 150, "final_distance_cost": 43.58214928131195, "oscillation_cost": 194.47289319458687, "completition_cost": 555.5555555555555, "overshoot_cost": 72.71755598334248, "power_cost": 20.47763875732422, "noise_cost": 29.98811011968331, "n_waypoints_completed": 4, "tot_waypoints": 9}}
{"target": -1301.2256453295386, "params": {"k_pid_pos": [0.05037019029259682, 0.03136762976646423, 0.16853082180023193], "k_pid_alt": [0.0, 1.0, 0.9648953676223755], "k_pid_att": [99.99998474121094, 9.999910354614258, 0.9013549089431763], "k_pid_yaw": [0.5, 1e-06, 0.1], "k_pid_hsp": [9.785868644714355, 0.9731314182281494, 0.011132925748825073], "k_pid_vsp": [400.0, 386.583251953125, 3.1699905395507812]}, "datetime": {"datetime": "2025-08-13 17:56:04", "elapsed": 29292.737537145615, "delta": 29.448768615722656}, "costs": {"total_cost": 1301.2256453295386, "time_cost": 150, "final_distance_cost": 88.34594985795486, "oscillation_cost": 144.00554744258366, "completition_cost": 777.7777777777778, "overshoot_cost": 74.94898263801677, "power_cost": 33.50611716308594, "noise_cost": 32.64127045011947, "n_waypoints_completed": 2, "tot_waypoints": 9}}
{"target": -906.9290268514335, "params": {"k_pid_pos": [0.14066456258296967, 0.048988670110702515, 0.056266576051712036], "k_pid_alt": [0.0, 1.0, 0.9808225631713867], "k_pid_att": [100.0, 0.5418012738227844, 0.972504734992981], "k_pid_yaw": [0.5, 1e-06, 0.1], "k_pid_hsp": [9.694960594177246, 0.9651479721069336, 0.0491480827331543], "k_pid_vsp": [400.0, 390.2334289550781, 32.05482864379883]}, "datetime": {"datetime": "2025-08-13 17:56:34", "elapsed": 29322.719172477722, "delta": 29.981635332107544}, "costs": {"total_cost": 906.9290268514335, "time_cost": 150, "final_distance_cost": 45.7183004901734, "oscillation_cost": 134.39490396615648, "completition_cost": 444.4444444444444, "overshoot_cost": 67.93963873486425, "power_cost": 33.6554232788086, "noise_cost": 30.776315936986464, "n_waypoints_completed": 5, "tot_waypoints": 9}}
{"target": -872.635377163465, "params": {"k_pid_pos": [0.1638266146183014, 0.07772800326347351, 0.03171345591545105], "k_pid_alt": [4.404783248901367e-05, 1.0, 0.9155610203742981], "k_pid_att": [100.0, 9.999999747378752e-05, 0.9035937786102295], "k_pid_yaw": [0.5, 1e-06, 0.1], "k_pid_hsp": [9.36757755279541, 0.9863410592079163, 0.0077422261238098145], "k_pid_vsp": [42.843841552734375, 380.65167236328125, 7.054174900054932]}, "datetime": {"datetime": "2025-08-13 17:57:03", "elapsed": 29351.69555735588, "delta": 28.97638487815857}, "costs": {"total_cost": 872.635377163465, "time_cost": 150, "final_distance_cost": 53.33769188366714, "oscillation_cost": 105.64604297700883, "completition_cost": 444.4444444444444, "overshoot_cost": 61.34638451624619, "power_cost": 26.026155688476564, "noise_cost": 31.83465765362193, "n_waypoints_completed": 5, "tot_waypoints": 9}}
{"target": -1751.6712033081628, "params": {"k_pid_pos": [0.08659840375185013, 0.11839085817337036, 0.02486366033554077], "k_pid_alt": [0.0, 0.9999985694885254, 0.9724154472351074], "k_pid_att": [100.0, 9.999999747378752e-05, 0.9813020825386047], "k_pid_yaw": [0.5, 1e-06, 0.1], "k_pid_hsp": [9.916818618774414, 0.9647812843322754, 0.3999188542366028], "k_pid_vsp": [399.87591552734375, 395.5177917480469, 2.839756965637207]}, "datetime": {"datetime": "2025-08-13 17:57:32", "elapsed": 29380.388105869293, "delta": 28.692548513412476}, "costs": {"total_cost": 1751.6712033081628, "time_cost": 150, "final_distance_cost": 78.71410040327487, "oscillation_cost": 726.3954582587407, "completition_cost": 666.6666666666667, "overshoot_cost": 62.723032244609044, "power_cost": 37.83378743896485, "noise_cost": 29.338158295906595, "n_waypoints_completed": 3, "tot_waypoints": 9}}
{"target": -1178.9967198505037, "params": {"k_pid_pos": [0.05550660192966461, 0.0035934746265411377, 0.009308159351348877], "k_pid_alt": [0.0, 1.0, 0.9929748773574829], "k_pid_att": [100.0, 0.04746972396969795, 0.9717589020729065], "k_pid_yaw": [0.5, 1e-06, 0.1], "k_pid_hsp": [9.39775562286377, 0.3685615062713623, 0.014167875051498413], "k_pid_vsp": [400.0, 393.3959045410156, 4.457164764404297]}, "datetime": {"datetime": "2025-08-13 17:58:01", "elapsed": 29409.49049115181, "delta": 29.10238528251648}, "costs": {"total_cost": 1178.9967198505037, "time_cost": 150, "final_distance_cost": 77.64096780679174, "oscillation_cost": 53.73754645758681, "completition_cost": 777.7777777777778, "overshoot_cost": 68.8908910894625, "power_cost": 21.209514660644533, "noise_cost": 29.74002205824029, "n_waypoints_completed": 2, "tot_waypoints": 9}}
{"target": -1213.239379867951, "params": {"k_pid_pos": [0.032981108874082565, 0.016508877277374268, 0.05040445923805237], "k_pid_alt": [1.6995208263397217, 0.9999041557312012, 0.9848165512084961], "k_pid_att": [99.99999237060547, 9.999713897705078, 0.9570217728614807], "k_pid_yaw": [0.5, 1e-06, 0.1], "k_pid_hsp": [9.945233345031738, 0.9856394529342651, 0.04435208439826965], "k_pid_vsp": [400.0, 390.7827453613281, 18.157615661621094]}, "datetime": {"datetime": "2025-08-13 17:58:31", "elapsed": 29439.17924308777, "delta": 29.688751935958862}, "costs": {"total_cost": 1213.239379867951, "time_cost": 150, "final_distance_cost": 78.1003701837838, "oscillation_cost": 70.54112360276035, "completition_cost": 777.7777777777778, "overshoot_cost": 70.58543338624392, "power_cost": 35.63059780273438, "noise_cost": 30.604077114650373, "n_waypoints_completed": 2, "tot_waypoints": 9}}
{"target": -1203.1610333294848, "params": {"k_pid_pos": [0.041872601956129074, 0.043951958417892456, 0.1631116271018982], "k_pid_alt": [0.0, 1.0, 0.964310348033905], "k_pid_att": [100.0, 0.0015397357055917382, 0.9541606903076172], "k_pid_yaw": [0.5, 1e-06, 0.1], "k_pid_hsp": [9.792315483093262, 0.9639981985092163, 0.021956831216812134], "k_pid_vsp": [0.0, 374.90777587890625, 19.97292137145996]}, "datetime": {"datetime": "2025-08-13 17:59:03", "elapsed": 29471.86453437805, "delta": 32.6852912902832}, "costs": {"total_cost": 1203.1610333294848, "time_cost": 150, "final_distance_cost": 82.79541914259718, "oscillation_cost": 65.46223448677797, "completition_cost": 777.7777777777778, "overshoot_cost": 72.40805856702774, "power_cost": 29.478356884765628, "noise_cost": 25.23918647053838, "n_waypoints_completed": 2, "tot_waypoints": 9}}
{"target": -1043.0199418306884, "params": {"k_pid_pos": [0.08502116799354553, 0.20762962102890015, 0.016108840703964233], "k_pid_alt": [1.9999953508377075, 0.9999998211860657, 0.7210972905158997], "k_pid_att": [100.0, 9.999999747378752e-05, 0.9557065963745117], "k_pid_yaw": [0.5, 1e-06, 0.1], "k_pid_hsp": [9.20814323425293, 0.9643451571464539, 0.06108665466308594], "k_pid_vsp": [399.9380187988281, 369.368408203125, 3.090764045715332]}, "datetime": {"datetime": "2025-08-13 17:59:38", "elapsed": 29506.2292368412, "delta": 34.364702463150024}, "costs": {"total_cost": 1043.0199418306884, "time_cost": 150, "final_distance_cost": 71.47938609381963, "oscillation_cost": 376.09111465973973, "completition_cost": 333.33333333333337, "overshoot_cost": 57.36440332161098, "power_cost": 26.582276501464847, "noise_cost": 28.169427920719645, "n_waypoints_completed": 6, "tot_waypoints": 9}}
{"target": -1204.2462451648635, "params": {"k_pid_pos": [0.02145754173398018, 0.04417067766189575, 0.03233844041824341], "k_pid_alt": [0.0, 1.0, 0.9891951084136963], "k_pid_att": [100.0, 9.999999747378752e-05, 0.98154616355896], "k_pid_yaw": [0.5, 1e-06, 0.1], "k_pid_hsp": [8.975403785705566, 0.9816219806671143, 0.03856712579727173], "k_pid_vsp": [399.9148254394531, 385.3118896484375, 1.2324104309082031]}, "datetime": {"datetime": "2025-08-13 18:00:21", "elapsed": 29549.746340751648, "delta": 43.51710391044617}, "costs": {"total_cost": 1204.2462451648635, "time_cost": 150, "final_distance_cost": 81.88013592505648, "oscillation_cost": 43.48857283629076, "completition_cost": 777.7777777777778, "overshoot_cost": 84.11265438792479, "power_cost": 33.788615661621094, "noise_cost": 33.19848857619242, "n_waypoints_completed": 2, "tot_waypoints": 9}}
{"target": -954.6073999356325, "params": {"k_pid_pos": [0.1079145222902298, 0.041563212871551514, 0.023936867713928223], "k_pid_alt": [0.006821036338806152, 1.0, 0.9452788829803467], "k_pid_att": [100.0, 9.999999747378752e-05, 0.9331461191177368], "k_pid_yaw": [0.5, 1e-06, 0.1], "k_pid_hsp": [9.583562850952148, 0.7593365907669067, 0.015041977167129517], "k_pid_vsp": [0.0, 385.5950927734375, 92.03711700439453]}, "datetime": {"datetime": "2025-08-13 18:00:54", "elapsed": 29582.39573287964, "delta": 32.64939212799072}, "costs": {"total_cost": 954.6073999356325, "time_cost": 150, "final_distance_cost": 39.64963121085585, "oscillation_cost": 62.99418088787712, "completition_cost": 555.5555555555555, "overshoot_cost": 75.04676280068828, "power_cost": 36.78166622314453, "noise_cost": 34.579603257511316, "n_waypoints_completed": 4, "tot_waypoints": 9}}
{"target": -1297.3626909066397, "params": {"k_pid_pos": [0.04186801239848137, 0.27679938077926636, 0.03356814384460449], "k_pid_alt": [0.00303727388381958, 1.0, 0.9206035137176514], "k_pid_att": [99.47437286376953, 9.999999747378752e-05, 0.8808790445327759], "k_pid_yaw": [0.5, 1e-06, 0.1], "k_pid_hsp": [8.70529842376709, 0.9860129356384277, 0.027945339679718018], "k_pid_vsp": [399.1880798339844, 369.36663818359375, 10.652840614318848]}, "datetime": {"datetime": "2025-08-13 18:01:25", "elapsed": 29613.21018075943, "delta": 30.81444787979126}, "costs": {"total_cost": 1297.3626909066397, "time_cost": 150, "final_distance_cost": 67.11930255075067, "oscillation_cost": 92.1938355476867, "completition_cost": 888.8888888888888, "overshoot_cost": 45.101434061204365, "power_cost": 25.657765270996094, "noise_cost": 28.401464587112986, "n_waypoints_completed": 1, "tot_waypoints": 9}}
{"target": -647.6976003839321, "params": {"k_pid_pos": [0.20399026572704315, 0.2192365527153015, 0.18342429399490356], "k_pid_alt": [1.9999866485595703, 1.0, 0.9570560455322266], "k_pid_att": [100.0, 0.0007395514403469861, 0.9830664992332458], "k_pid_yaw": [0.5, 1e-06, 0.1], "k_pid_hsp": [9.702981948852539, 0.9783012866973877, 0.003197997808456421], "k_pid_vsp": [400.0, 396.9656982421875, 2.7019152641296387]}, "datetime": {"datetime": "2025-08-13 18:01:54", "elapsed": 29642.258259058, "delta": 29.048078298568726}, "costs": {"total_cost": 647.6976003839321, "time_cost": 150, "final_distance_cost": 66.22727911148603, "oscillation_cost": 96.96865607809815, "completition_cost": 222.2222222222222, "overshoot_cost": 51.57588805715545, "power_cost": 27.964435864257815, "noise_cost": 32.73911905071247, "n_waypoints_completed": 7, "tot_waypoints": 9}}
