{"target": -1931.0840254027391, "params": {"k_pid_pos": [0.03928583115339279, 0.04716727137565613, 0.04396137595176697], "k_pid_alt": [0.0, 0.9999767541885376, 0.9201722741127014], "k_pid_att": [100.0, 9.999999747378752e-05, 0.9585850238800049], "k_pid_yaw": [0.5, 1e-06, 0.1], "k_pid_hsp": [9.967978477478027, 0.9886667728424072, 0.32103419303894043], "k_pid_vsp": [400.0, 387.4449768066406, 36.066986083984375]}, "datetime": {"datetime": "2025-08-13 19:26:32", "elapsed": 34720.75678563118, "delta": 29.382617950439453}, "costs": {"total_cost": 1931.0840254027391, "time_cost": 150, "final_distance_cost": 84.63602469086784, "oscillation_cost": 781.1059352393704, "completition_cost": 777.7777777777778, "overshoot_cost": 74.22970551317378, "power_cost": 36.0841758178711, "noise_cost": 27.250406363678426, "n_waypoints_completed": 2, "tot_waypoints": 9}}
{"target": -877.4944781125763, "params": {"k_pid_pos": [0.21817009150981903, 0.010799139738082886, 0.15863275527954102], "k_pid_alt": [0.11297625303268433, 1.0, 0.9973832964897156], "k_pid_att": [99.69481658935547, 0.0009165754891000688, 0.9878153204917908], "k_pid_yaw": [0.5, 1e-06, 0.1], "k_pid_hsp": [9.873319625854492, 0.9865375757217407, 0.044301509857177734], "k_pid_vsp": [400.0, 395.473876953125, 18.809988021850586]}, "datetime": {"datetime": "2025-08-13 19:27:02", "elapsed": 34750.157930612564, "delta": 29.401144981384277}, "costs": {"total_cost": 877.4944781125763, "time_cost": 150, "final_distance_cost": 63.54495865825647, "oscillation_cost": 200.64802445660115, "completition_cost": 333.33333333333337, "overshoot_cost": 67.08670488083453, "power_cost": 32.77907668457031, "noise_cost": 30.10238009898041, "n_waypoints_completed": 6, "tot_waypoints": 9}}
{"target": -852.0035438539512, "params": {"k_pid_pos": [0.2696667015552521, 0.07205477356910706, 0.08276090025901794], "k_pid_alt": [0.0, 1.0, 0.6913438439369202], "k_pid_att": [100.0, 9.999999747378752e-05, 0.9127558469772339], "k_pid_yaw": [0.5, 1e-06, 0.1], "k_pid_hsp": [9.815903663635254, 0.9960851669311523, 0.014750659465789795], "k_pid_vsp": [4.2379021644592285, 385.0623474121094, 8.294988632202148]}, "datetime": {"datetime": "2025-08-13 19:27:31", "elapsed": 34779.15481591225, "delta": 28.996885299682617}, "costs": {"total_cost": 852.0035438539512, "time_cost": 150, "final_distance_cost": 77.53667368750035, "oscillation_cost": 170.4612172025747, "completition_cost": 333.33333333333337, "overshoot_cost": 60.46259123435073, "power_cost": 33.20851956787109, "noise_cost": 27.001208828320937, "n_waypoints_completed": 6, "tot_waypoints": 9}}
{"target": -1040.2890494687558, "params": {"k_pid_pos": [0.051437120884656906, 0.07209783792495728, 0.014572679996490479], "k_pid_alt": [0.0, 1.0, 0.9584997892379761], "k_pid_att": [100.0, 1.462040662765503, 0.9516209363937378], "k_pid_yaw": [0.5, 1e-06, 0.1], "k_pid_hsp": [9.847457885742188, 0.9714200496673584, 0.0009554028511047363], "k_pid_vsp": [399.99493408203125, 374.30206298828125, 12.65355396270752]}, "datetime": {"datetime": "2025-08-13 19:28:00", "elapsed": 34808.40437531471, "delta": 29.24955940246582}, "costs": {"total_cost": 1040.2890494687558, "time_cost": 150, "final_distance_cost": 53.51150502701654, "oscillation_cost": 34.30567710253562, "completition_cost": 666.6666666666667, "overshoot_cost": 78.20718347358185, "power_cost": 29.09259147949219, "noise_cost": 28.505425719462988, "n_waypoints_completed": 3, "tot_waypoints": 9}}
{"target": -1050.2005034977694, "params": {"k_pid_pos": [0.1026325672864914, 0.038245826959609985, 0.13698413968086243], "k_pid_alt": [0.0, 1.0, 0.9816521406173706], "k_pid_att": [100.0, 9.999999747378752e-05, 0.9945309162139893], "k_pid_yaw": [0.5, 1e-06, 0.1], "k_pid_hsp": [9.64403247833252, 0.9958213567733765, 0.04567292332649231], "k_pid_vsp": [400.0, 375.4810791015625, 6.027174949645996]}, "datetime": {"datetime": "2025-08-13 19:28:29", "elapsed": 34837.34348845482, "delta": 28.9391131401062}, "costs": {"total_cost": 1050.2005034977694, "time_cost": 150, "final_distance_cost": 51.72987953076502, "oscillation_cost": 160.153253807729, "completition_cost": 555.5555555555555, "overshoot_cost": 74.02310910831895, "power_cost": 27.561143078613284, "noise_cost": 31.17756241678772, "n_waypoints_completed": 4, "tot_waypoints": 9}}
{"target": -982.0145478670272, "params": {"k_pid_pos": [0.17523454129695892, 0.012422949075698853, 0.00432923436164856], "k_pid_alt": [0.0, 1.0, 0.98856520652771], "k_pid_att": [100.0, 9.999999747378752e-05, 0.9944694638252258], "k_pid_yaw": [0.5, 1e-06, 0.1], "k_pid_hsp": [9.590991020202637, 0.9976973533630371, 0.08509624004364014], "k_pid_vsp": [400.0, 388.86474609375, 15.269244194030762]}, "datetime": {"datetime": "2025-08-13 19:28:58", "elapsed": 34866.658423662186, "delta": 29.314935207366943}, "costs": {"total_cost": 982.0145478670272, "time_cost": 150, "final_distance_cost": 51.4781644706658, "oscillation_cost": 313.1638565252618, "completition_cost": 333.33333333333337, "overshoot_cost": 67.7303996836408, "power_cost": 35.481494970703125, "noise_cost": 30.82729888342226, "n_waypoints_completed": 6, "tot_waypoints": 9}}
{"target": -1078.8321115171873, "params": {"k_pid_pos": [0.06544392555952072, 0.05463501811027527, 0.019640594720840454], "k_pid_alt": [1.2516975402832031e-06, 1.0, 0.9477634429931641], "k_pid_att": [100.0, 0.003065897384658456, 0.9697953462600708], "k_pid_yaw": [0.5, 1e-06, 0.1], "k_pid_hsp": [7.174164772033691, 0.9132847785949707, 0.028668612241744995], "k_pid_vsp": [399.8665466308594, 391.14764404296875, 2.571500301361084]}, "datetime": {"datetime": "2025-08-13 19:29:28", "elapsed": 34896.328860998154, "delta": 29.670437335968018}, "costs": {"total_cost": 1078.8321115171873, "time_cost": 150, "final_distance_cost": 53.09073354088994, "oscillation_cost": 80.44205072488079, "completition_cost": 666.6666666666667, "overshoot_cost": 74.91350062355332, "power_cost": 22.135975622558593, "noise_cost": 31.583184338637885, "n_waypoints_completed": 3, "tot_waypoints": 9}}
{"target": -1268.2349857934062, "params": {"k_pid_pos": [0.03257313370704651, 0.011215418577194214, 0.1527853012084961], "k_pid_alt": [0.0, 1.0, 0.9715544581413269], "k_pid_att": [99.93761444091797, 9.999999747378752e-05, 0.9740813970565796], "k_pid_yaw": [0.5, 1e-06, 0.1], "k_pid_hsp": [9.796039581298828, 0.9915220141410828, 0.005261629819869995], "k_pid_vsp": [400.0, 365.7235107421875, 98.81295013427734]}, "datetime": {"datetime": "2025-08-13 19:29:57", "elapsed": 34925.57811021805, "delta": 29.24924921989441}, "costs": {"total_cost": 1268.2349857934062, "time_cost": 150, "final_distance_cost": 64.96853182440026, "oscillation_cost": 44.88175957100507, "completition_cost": 888.8888888888888, "overshoot_cost": 68.06903366993642, "power_cost": 25.141648437500002, "noise_cost": 26.28512340167552, "n_waypoints_completed": 1, "tot_waypoints": 9}}
{"target": -1240.988688604947, "params": {"k_pid_pos": [0.018490808084607124, 0.616032600402832, 0.016063988208770752], "k_pid_alt": [0.0, 1.0, 0.9915387034416199], "k_pid_att": [100.0, 9.999999747378752e-05, 0.9639330506324768], "k_pid_yaw": [0.5, 1e-06, 0.1], "k_pid_hsp": [9.855721473693848, 0.9659448266029358, 0.013154566287994385], "k_pid_vsp": [400.0, 395.7772216796875, 38.725399017333984]}, "datetime": {"datetime": "2025-08-13 19:30:27", "elapsed": 34955.5059401989, "delta": 29.92782998085022}, "costs": {"total_cost": 1240.988688604947, "time_cost": 150, "final_distance_cost": 99.37068827214905, "oscillation_cost": 101.91576917252686, "completition_cost": 777.7777777777778, "overshoot_cost": 54.979741611908175, "power_cost": 29.627373754882814, "noise_cost": 27.317338015702212, "n_waypoints_completed": 2, "tot_waypoints": 9}}
{"target": -362.46597256641223, "params": {"k_pid_pos": [0.3473402261734009, 0.002856224775314331, 0.007196575403213501], "k_pid_alt": [0.0, 1.0, 0.7041003704071045], "k_pid_att": [100.0, 9.999999747378752e-05, 0.9314741492271423], "k_pid_yaw": [0.5, 1e-06, 0.1], "k_pid_hsp": [9.980488777160645, 0.8693823218345642, 0.013598531484603882], "k_pid_vsp": [400.0, 385.087158203125, 2.2043237686157227]}, "datetime": {"datetime": "2025-08-13 19:30:54", "elapsed": 34982.97067284584, "delta": 27.46473264694214}, "costs": {"total_cost": 362.46597256641223, "time_cost": 114.891, "final_distance_cost": 1.838385630385664, "oscillation_cost": 122.3691972194907, "completition_cost": 0.0, "overshoot_cost": 67.58090585745553, "power_cost": 25.06467390136719, "noise_cost": 30.721809957713127, "n_waypoints_completed": 9, "tot_waypoints": 9}}
{"target": -1063.5715354536926, "params": {"k_pid_pos": [0.1015719547867775, 0.10615694522857666, 0.1679830253124237], "k_pid_alt": [0.0, 0.7616593837738037, 0.9962366223335266], "k_pid_att": [100.0, 9.999999747378752e-05, 0.9721753001213074], "k_pid_yaw": [0.5, 1e-06, 0.1], "k_pid_hsp": [9.960956573486328, 0.9829911589622498, 0.0125560462474823], "k_pid_vsp": [400.0, 361.2855529785156, 5.389333724975586]}, "datetime": {"datetime": "2025-08-13 19:31:24", "elapsed": 35012.50496816635, "delta": 29.534295320510864}, "costs": {"total_cost": 1063.5715354536926, "time_cost": 150, "final_distance_cost": 51.52226897367369, "oscillation_cost": 172.396405267983, "completition_cost": 555.5555555555555, "overshoot_cost": 68.40060869318289, "power_cost": 31.5034791015625, "noise_cost": 34.193217861734944, "n_waypoints_completed": 4, "tot_waypoints": 9}}
{"target": -1048.5274916871151, "params": {"k_pid_pos": [0.07730454206466675, 0.04581466317176819, 0.0013926029205322266], "k_pid_alt": [0.0, 1.0, 0.9957238435745239], "k_pid_att": [100.0, 9.999999747378752e-05, 0.9776896238327026], "k_pid_yaw": [0.5, 1e-06, 0.1], "k_pid_hsp": [9.684504508972168, 0.9002170562744141, 0.015189558267593384], "k_pid_vsp": [400.0, 394.33709716796875, 18.87346649169922]}, "datetime": {"datetime": "2025-08-13 19:31:52", "elapsed": 35040.70961713791, "delta": 28.204648971557617}, "costs": {"total_cost": 1048.5274916871151, "time_cost": 150, "final_distance_cost": 53.05956938141696, "oscillation_cost": 52.91536375256624, "completition_cost": 666.6666666666667, "overshoot_cost": 72.33992913699231, "power_cost": 24.882213732910156, "noise_cost": 28.663749016562853, "n_waypoints_completed": 3, "tot_waypoints": 9}}
{"target": -839.4823450162296, "params": {"k_pid_pos": [0.1283106952905655, 0.019665271043777466, 0.042847245931625366], "k_pid_alt": [1.9995200634002686, 1.0, 0.9937363862991333], "k_pid_att": [99.9841079711914, 0.00029222306329756975, 0.9352203011512756], "k_pid_yaw": [0.5, 1e-06, 0.1], "k_pid_hsp": [9.966920852661133, 0.994339644908905, 0.037331223487854004], "k_pid_vsp": [400.0, 381.5273132324219, 36.93873977661133]}, "datetime": {"datetime": "2025-08-13 19:32:21", "elapsed": 35069.79369878769, "delta": 29.084081649780273}, "costs": {"total_cost": 839.4823450162296, "time_cost": 150, "final_distance_cost": 51.115954902842354, "oscillation_cost": 189.0378938169904, "completition_cost": 333.33333333333337, "overshoot_cost": 56.61079343090644, "power_cost": 31.02009626464844, "noise_cost": 28.36427326750847, "n_waypoints_completed": 6, "tot_waypoints": 9}}
{"target": -1349.9940134529968, "params": {"k_pid_pos": [0.15746037662029266, 0.07478183507919312, 0.049532681703567505], "k_pid_alt": [1.1742115020751953e-05, 1.0, 0.970583975315094], "k_pid_att": [100.0, 9.999999747378752e-05, 0.9542096257209778], "k_pid_yaw": [0.5, 1e-06, 0.1], "k_pid_hsp": [9.888884544372559, 0.9899197816848755, 0.10289710760116577], "k_pid_vsp": [400.0, 371.21075439453125, 0.6540070176124573]}, "datetime": {"datetime": "2025-08-13 19:32:49", "elapsed": 35097.84214615822, "delta": 28.048447370529175}, "costs": {"total_cost": 1349.9940134529968, "time_cost": 150, "final_distance_cost": 46.34113435315631, "oscillation_cost": 587.2146474168234, "completition_cost": 444.4444444444444, "overshoot_cost": 62.69142222711461, "power_cost": 30.09090740966797, "noise_cost": 29.211457601789906, "n_waypoints_completed": 5, "tot_waypoints": 9}}
{"target": -840.7896374621229, "params": {"k_pid_pos": [0.1363721787929535, 0.10069897770881653, 0.024933040142059326], "k_pid_alt": [0.0, 1.0, 0.957528829574585], "k_pid_att": [100.0, 9.999999747378752e-05, 0.9450036287307739], "k_pid_yaw": [0.5, 1e-06, 0.1], "k_pid_hsp": [9.807878494262695, 0.9681527018547058, 0.005521595478057861], "k_pid_vsp": [400.0, 374.3865051269531, 56.587623596191406]}, "datetime": {"datetime": "2025-08-13 19:33:18", "elapsed": 35127.0830206871, "delta": 29.240874528884888}, "costs": {"total_cost": 840.7896374621229, "time_cost": 150, "final_distance_cost": 54.794021945149424, "oscillation_cost": 69.85859354549372, "completition_cost": 444.4444444444444, "overshoot_cost": 63.187289772791246, "power_cost": 29.059861889648438, "noise_cost": 29.445425864595617, "n_waypoints_completed": 5, "tot_waypoints": 9}}
{"target": -330.57718760125607, "params": {"k_pid_pos": [0.39240363240242004, 0.17660260200500488, 0.031057208776474], "k_pid_alt": [1.9997782707214355, 0.9999997615814209, 0.7419509887695312], "k_pid_att": [100.0, 0.00011192081001354381, 0.9637910723686218], "k_pid_yaw": [0.5, 1e-06, 0.1], "k_pid_hsp": [9.928972244262695, 0.9863612651824951, 0.023976415395736694], "k_pid_vsp": [398.0343933105469, 386.8301696777344, 18.072214126586914]}, "datetime": {"datetime": "2025-08-13 19:33:46", "elapsed": 35154.49767613411, "delta": 27.414655447006226}, "costs": {"total_cost": 330.57718760125607, "time_cost": 107.681, "final_distance_cost": 1.7720105255716143, "oscillation_cost": 107.01683875543195, "completition_cost": 0.0, "overshoot_cost": 57.43574734972748, "power_cost": 28.844623535156252, "noise_cost": 27.826967435368754, "n_waypoints_completed": 9, "tot_waypoints": 9}}
{"target": -769.5398788193203, "params": {"k_pid_pos": [0.20720314979553223, 0.013804912567138672, 0.032191067934036255], "k_pid_alt": [0.001905679702758789, 1.0, 0.9529014229774475], "k_pid_att": [99.99998474121094, 9.999999747378752e-05, 0.9941246509552002], "k_pid_yaw": [0.5, 1e-06, 0.1], "k_pid_hsp": [9.739948272705078, 0.9965763092041016, 0.07374125719070435], "k_pid_vsp": [400.0, 393.67572021484375, 3.6602625846862793]}, "datetime": {"datetime": "2025-08-13 19:34:15", "elapsed": 35183.38967394829, "delta": 28.891997814178467}, "costs": {"total_cost": 769.5398788193203, "time_cost": 150, "final_distance_cost": 52.8921695441357, "oscillation_cost": 93.74102929755757, "completition_cost": 333.33333333333337, "overshoot_cost": 65.64614678966835, "power_cost": 38.05771678466797, "noise_cost": 35.869483069957305, "n_waypoints_completed": 6, "tot_waypoints": 9}}
{"target": -548.1478266756847, "params": {"k_pid_pos": [0.20297864079475403, 0.5155509114265442, 0.03718653321266174], "k_pid_alt": [1.995035171508789, 1.0, 0.9812383651733398], "k_pid_att": [99.99996185302734, 9.999999747378752e-05, 0.9859985113143921], "k_pid_yaw": [0.5, 1e-06, 0.1], "k_pid_hsp": [9.78781509399414, 0.9962412714958191, 0.019474774599075317], "k_pid_vsp": [399.9996032714844, 390.91839599609375, 2.70133113861084]}, "datetime": {"datetime": "2025-08-13 19:34:44", "elapsed": 35212.804423093796, "delta": 29.414749145507812}, "costs": {"total_cost": 548.1478266756847, "time_cost": 150, "final_distance_cost": 66.30928456814425, "oscillation_cost": 109.10265012388764, "completition_cost": 111.11111111111116, "overshoot_cost": 48.5823176671058, "power_cost": 30.055636645507814, "noise_cost": 32.98682655992814, "n_waypoints_completed": 8, "tot_waypoints": 9}}
{"target": -1070.781114996443, "params": {"k_pid_pos": [0.05725054815411568, 0.16776084899902344, 0.16138234734535217], "k_pid_alt": [7.677078247070312e-05, 1.0, 0.993600070476532], "k_pid_att": [99.8782730102539, 9.999999747378752e-05, 0.9840679168701172], "k_pid_yaw": [0.5, 1e-06, 0.1], "k_pid_hsp": [9.52127456665039, 0.980777382850647, 0.007155120372772217], "k_pid_vsp": [399.98992919921875, 398.6501159667969, 13.355101585388184]}, "datetime": {"datetime": "2025-08-13 19:35:14", "elapsed": 35242.12976551056, "delta": 29.325342416763306}, "costs": {"total_cost": 1070.781114996443, "time_cost": 150, "final_distance_cost": 62.03126396648225, "oscillation_cost": 72.59953749514565, "completition_cost": 666.6666666666667, "overshoot_cost": 71.23058771509298, "power_cost": 21.14432540283203, "noise_cost": 27.10873375022328, "n_waypoints_completed": 3, "tot_waypoints": 9}}
{"target": -1651.3534437345152, "params": {"k_pid_pos": [0.009635312482714653, 0.0833958089351654, 0.07134634256362915], "k_pid_alt": [0.0, 1.0, 0.9889867305755615], "k_pid_att": [100.0, 0.0001011920758173801, 0.9527823328971863], "k_pid_yaw": [0.5, 1e-06, 0.1], "k_pid_hsp": [9.805432319641113, 0.9879569411277771, 0.09170377254486084], "k_pid_vsp": [399.8573303222656, 394.92877197265625, 0.5435238480567932]}, "datetime": {"datetime": "2025-08-13 19:35:42", "elapsed": 35271.0847260952, "delta": 28.954960584640503}, "costs": {"total_cost": 1651.3534437345152, "time_cost": 150, "final_distance_cost": 76.84540038637059, "oscillation_cost": 407.86091880541534, "completition_cost": 888.8888888888888, "overshoot_cost": 70.68981063566797, "power_cost": 30.138301379394534, "noise_cost": 26.93012363877807, "n_waypoints_completed": 1, "tot_waypoints": 9}}
{"target": -1012.0096063506523, "params": {"k_pid_pos": [0.18962065875530243, 0.00889846682548523, 0.12653416395187378], "k_pid_alt": [0.0, 1.0, 0.4084710478782654], "k_pid_att": [100.0, 9.99716567993164, 0.9979569911956787], "k_pid_yaw": [0.5, 1e-06, 0.1], "k_pid_hsp": [9.814065933227539, 0.7898968458175659, 0.038690775632858276], "k_pid_vsp": [399.9454345703125, 397.8880920410156, 1.389397144317627]}, "datetime": {"datetime": "2025-08-13 19:36:12", "elapsed": 35300.39838528633, "delta": 29.313659191131592}, "costs": {"total_cost": 1012.0096063506523, "time_cost": 150, "final_distance_cost": 51.58300759683118, "oscillation_cost": 344.5554030424616, "completition_cost": 333.33333333333337, "overshoot_cost": 68.67059215941056, "power_cost": 31.863779260253907, "noise_cost": 32.0034909583618, "n_waypoints_completed": 6, "tot_waypoints": 9}}
{"target": -1124.3653915487855, "params": {"k_pid_pos": [0.21753402054309845, 0.07296144962310791, 0.038378000259399414], "k_pid_alt": [1.430511474609375e-05, 1.0, 0.7719881534576416], "k_pid_att": [100.0, 9.999999747378752e-05, 0.955007016658783], "k_pid_yaw": [0.5, 1e-06, 0.1], "k_pid_hsp": [9.905354499816895, 0.9237511157989502, 0.07196813821792603], "k_pid_vsp": [400.0, 393.4071960449219, 7.081938743591309]}, "datetime": {"datetime": "2025-08-13 19:36:41", "elapsed": 35329.92016625404, "delta": 29.521780967712402}, "costs": {"total_cost": 1124.3653915487855, "time_cost": 150, "final_distance_cost": 60.27231508629449, "oscillation_cost": 345.3192236976264, "completition_cost": 444.4444444444444, "overshoot_cost": 60.036288281294304, "power_cost": 32.580824584960936, "noise_cost": 31.712295454165073, "n_waypoints_completed": 5, "tot_waypoints": 9}}
{"target": -1166.4318173425856, "params": {"k_pid_pos": [0.12223424017429352, 0.032657742500305176, 0.15872913599014282], "k_pid_alt": [0.0, 0.8822689652442932, 0.9683415293693542], "k_pid_att": [100.0, 9.999999747378752e-05, 0.9972142577171326], "k_pid_yaw": [0.5, 1e-06, 0.1], "k_pid_hsp": [9.448348045349121, 0.9679872393608093, 0.03286495804786682], "k_pid_vsp": [400.0, 378.1668701171875, 0.4433642029762268]}, "datetime": {"datetime": "2025-08-13 19:37:10", "elapsed": 35358.57061743736, "delta": 28.650451183319092}, "costs": {"total_cost": 1166.4318173425856, "time_cost": 150, "final_distance_cost": 46.94823258945114, "oscillation_cost": 275.2320091700234, "completition_cost": 555.5555555555555, "overshoot_cost": 73.8679659191035, "power_cost": 32.60063833007813, "noise_cost": 32.22741577837406, "n_waypoints_completed": 4, "tot_waypoints": 9}}
{"target": -1435.768337565133, "params": {"k_pid_pos": [0.030879074707627296, 0.023707717657089233, 0.29811614751815796], "k_pid_alt": [0.0019942522048950195, 1.0, 0.901425838470459], "k_pid_att": [99.9827651977539, 0.001590399187989533, 0.9882346391677856], "k_pid_yaw": [0.5, 1e-06, 0.1], "k_pid_hsp": [9.624774932861328, 0.9936725497245789, 0.021937787532806396], "k_pid_vsp": [400.0, 281.2651672363281, 61.642120361328125]}, "datetime": {"datetime": "2025-08-13 19:37:39", "elapsed": 35387.68698644638, "delta": 29.116369009017944}, "costs": {"total_cost": 1435.768337565133, "time_cost": 150, "final_distance_cost": 72.82182855064647, "oscillation_cost": 195.68580483444507, "completition_cost": 888.8888888888888, "overshoot_cost": 70.2205515827087, "power_cost": 30.73336748046875, "noise_cost": 27.417896227975227, "n_waypoints_completed": 1, "tot_waypoints": 9}}
{"target": -1262.2091437730517, "params": {"k_pid_pos": [0.01536225713789463, 0.03397572040557861, 0.20142611861228943], "k_pid_alt": [0.0, 1.0, 0.9795107841491699], "k_pid_att": [20.611989974975586, 9.999999747378752e-05, 0.9876003265380859], "k_pid_yaw": [0.5, 1e-06, 0.1], "k_pid_hsp": [9.938355445861816, 0.8140599727630615, 0.0012760460376739502], "k_pid_vsp": [117.97294616699219, 396.1403503417969, 17.193605422973633]}, "datetime": {"datetime": "2025-08-13 19:38:08", "elapsed": 35416.6342625618, "delta": 28.94727611541748}, "costs": {"total_cost": 1262.2091437730517, "time_cost": 150, "final_distance_cost": 62.391401505381886, "oscillation_cost": 16.91630481200577, "completition_cost": 888.8888888888888, "overshoot_cost": 83.97936805541816, "power_cost": 31.518261828613284, "noise_cost": 28.514918682743627, "n_waypoints_completed": 1, "tot_waypoints": 9}}
