{"target": -654.7850707369381, "params": {"k_pid_pos": [0.6949316263198853, 0.06544208526611328, 0.9991432428359985], "k_pid_alt": [2.0, 0.8397678136825562, 0.511385977268219], "k_pid_att": [99.99980926513672, 10.0, 0.3319627642631531], "k_pid_yaw": [0.5, 1e-06, 0.1], "k_pid_hsp": [4.333375930786133, 0.462088018655777, 0.08005779981613159], "k_pid_vsp": [399.9658203125, 91.5059814453125, 226.25198364257812]}, "datetime": {"datetime": "2025-08-13 11:42:26", "elapsed": 6874.19343996048, "delta": 43.17915654182434}, "costs": {"total_cost": 654.7850707369381, "time_cost": 96.684, "final_distance_cost": 1.825850832418922, "oscillation_cost": 448.33907650770163, "completition_cost": 0.0, "overshoot_cost": 58.66012396205624, "power_cost": 26.110297033691406, "noise_cost": 23.16572240107, "n_waypoints_completed": 9, "tot_waypoints": 9}}
{"target": -20482.82312943703, "params": {"k_pid_pos": [1.8374114036560059, 0.8178017139434814, 1.0], "k_pid_alt": [1.9993195533752441, 9.629130363464355e-05, 0.19070520997047424], "k_pid_att": [0.0, 9.999239921569824, 0.2461968958377838], "k_pid_yaw": [0.5, 1e-06, 0.1], "k_pid_hsp": [4.697509288787842, 0.9159107208251953, 0.9833407402038574], "k_pid_vsp": [399.9393005371094, 82.92486572265625, 387.5751953125]}, "datetime": {"datetime": "2025-08-13 11:43:19", "elapsed": 6927.516902208328, "delta": 53.32346224784851}, "costs": {"total_cost": 20482.82312943703, "time_cost": 150, "final_distance_cost": 3454.0770152421132, "oscillation_cost": 2104.9913477973937, "completition_cost": 1000.0, "overshoot_cost": 13573.37750836819, "power_cost": 58.11864820556641, "noise_cost": 142.25860982376784, "n_waypoints_completed": 0, "tot_waypoints": 9}}
{"target": -2358.743112599801, "params": {"k_pid_pos": [1.9226549863815308, 0.9274874329566956, 1.0], "k_pid_alt": [6.198883056640625e-06, 0.04662066698074341, 0.7452184557914734], "k_pid_att": [0.02040863037109375, 0.020931316539645195, 0.21614700555801392], "k_pid_yaw": [0.5, 1e-06, 0.1], "k_pid_hsp": [5.29890251159668, 0.9614143371582031, 0.8736107349395752], "k_pid_vsp": [9.5367431640625e-05, 378.6172180175781, 279.4772033691406]}, "datetime": {"datetime": "2025-08-13 11:44:13", "elapsed": 6981.784002780914, "delta": 54.26710057258606}, "costs": {"total_cost": 2358.743112599801, "time_cost": 150, "final_distance_cost": 158.0044313246235, "oscillation_cost": 72.189558809089, "completition_cost": 1000.0, "overshoot_cost": 792.948057625237, "power_cost": 45.41020422363282, "noise_cost": 140.19086061721876, "n_waypoints_completed": 0, "tot_waypoints": 9}}
{"target": -1642.241669095181, "params": {"k_pid_pos": [0.1429322361946106, 0.9385572075843811, 0.8299058675765991], "k_pid_alt": [0.00033336877822875977, 0.9917552471160889, 0.3672677278518677], "k_pid_att": [99.99949645996094, 0.000789618818089366, 0.07822990417480469], "k_pid_yaw": [0.5, 1e-06, 0.1], "k_pid_hsp": [2.2400403022766113, 0.8520902395248413, 0.72366863489151], "k_pid_vsp": [341.21636962890625, 257.1925354003906, 112.51436614990234]}, "datetime": {"datetime": "2025-08-13 11:45:06", "elapsed": 7034.636563777924, "delta": 52.85256099700928}, "costs": {"total_cost": 1642.241669095181, "time_cost": 150, "final_distance_cost": 77.92501005184619, "oscillation_cost": 402.41231204553003, "completition_cost": 888.8888888888888, "overshoot_cost": 59.107589451788506, "power_cost": 35.386159484863285, "noise_cost": 28.52170917226413, "n_waypoints_completed": 1, "tot_waypoints": 9}}
{"target": -1658.0373642315967, "params": {"k_pid_pos": [0.2303253710269928, 0.9136187434196472, 1.0], "k_pid_alt": [0.00022858381271362305, 0.0, 0.02880680561065674], "k_pid_att": [38.074371337890625, 9.999999747378752e-05, 0.041032254695892334], "k_pid_yaw": [0.5, 1e-06, 0.1], "k_pid_hsp": [0.4316425323486328, 0.976754903793335, 0.3636566996574402], "k_pid_vsp": [0.0, 193.13888549804688, 217.6075439453125]}, "datetime": {"datetime": "2025-08-13 11:45:58", "elapsed": 7087.107891798019, "delta": 52.471328020095825}, "costs": {"total_cost": 1658.0373642315967, "time_cost": 150, "final_distance_cost": 23.707410021693608, "oscillation_cost": 252.11162941139528, "completition_cost": 1000.0, "overshoot_cost": 143.698712741257, "power_cost": 34.189870605468755, "noise_cost": 54.329741451782205, "n_waypoints_completed": 0, "tot_waypoints": 9}}
{"target": -1563.3028134358308, "params": {"k_pid_pos": [0.6189795136451721, 0.9403867721557617, 0.00025904178619384766], "k_pid_alt": [0.0, 0.9984848499298096, 0.8418079614639282], "k_pid_att": [99.9998779296875, 9.989787101745605, 0.7001602649688721], "k_pid_yaw": [0.5, 1e-06, 0.1], "k_pid_hsp": [0.07831243425607681, 0.9464881420135498, 0.7456539869308472], "k_pid_vsp": [0.034427642822265625, 284.6944580078125, 99.98133087158203]}, "datetime": {"datetime": "2025-08-13 11:46:51", "elapsed": 7139.394719839096, "delta": 52.28682804107666}, "costs": {"total_cost": 1563.3028134358308, "time_cost": 150, "final_distance_cost": 61.615125992600724, "oscillation_cost": 280.4787905982111, "completition_cost": 888.8888888888888, "overshoot_cost": 105.49400344424632, "power_cost": 44.835884472656254, "noise_cost": 31.990120039227595, "n_waypoints_completed": 1, "tot_waypoints": 9}}
{"target": -3004.2214205973514, "params": {"k_pid_pos": [1.4013184309005737, 0.05404844880104065, 0.029600471258163452], "k_pid_alt": [0.000296175479888916, 0.0, 0.2590963840484619], "k_pid_att": [0.007843971252441406, 0.0001837436866480857, 0.9765747785568237], "k_pid_yaw": [0.5, 1e-06, 0.1], "k_pid_hsp": [0.5431784391403198, 0.45095014572143555, 0.7815257906913757], "k_pid_vsp": [399.6642150878906, 34.20839309692383, 116.45315551757812]}, "datetime": {"datetime": "2025-08-13 11:47:43", "elapsed": 7191.552832841873, "delta": 52.1581130027771}, "costs": {"total_cost": 3004.2214205973514, "time_cost": 150, "final_distance_cost": 516.1506584081807, "oscillation_cost": 5.0015850600808465, "completition_cost": 1000.0, "overshoot_cost": 1270.8064724449491, "power_cost": 28.477335095214844, "noise_cost": 33.785369588925946, "n_waypoints_completed": 0, "tot_waypoints": 9}}
{"target": -19427.693068289307, "params": {"k_pid_pos": [1.767087697982788, 0.8397546410560608, 0.9969016313552856], "k_pid_alt": [1.4056885242462158, 1.0, 0.6968365907669067], "k_pid_att": [1.1920928955078125e-05, 9.986078262329102, 0.7640361785888672], "k_pid_yaw": [0.5, 1e-06, 0.1], "k_pid_hsp": [0.6688365936279297, 0.4237205386161804, 0.5097196698188782], "k_pid_vsp": [0.0, 78.4465560913086, 356.0416259765625]}, "datetime": {"datetime": "2025-08-13 11:48:36", "elapsed": 7244.938239574432, "delta": 53.385406732559204}, "costs": {"total_cost": 19427.693068289307, "time_cost": 150, "final_distance_cost": 4771.0800193403875, "oscillation_cost": 2285.940710169122, "completition_cost": 1000.0, "overshoot_cost": 11015.735183010926, "power_cost": 57.127942016601565, "noise_cost": 147.8092137522686, "n_waypoints_completed": 0, "tot_waypoints": 9}}
{"target": -1548.7922982141272, "params": {"k_pid_pos": [1.3078821897506714, 0.18410825729370117, 0.000383913516998291], "k_pid_alt": [2.384185791015625e-07, 0.9942467212677002, 0.10514712333679199], "k_pid_att": [100.0, 0.3243054747581482, 0.22486203908920288], "k_pid_yaw": [0.5, 1e-06, 0.1], "k_pid_hsp": [1.7164075374603271, 0.9670875072479248, 0.8781337141990662], "k_pid_vsp": [0.0, 205.37576293945312, 89.27540588378906]}, "datetime": {"datetime": "2025-08-13 11:49:29", "elapsed": 7297.7716908454895, "delta": 52.83345127105713}, "costs": {"total_cost": 1548.7922982141272, "time_cost": 150, "final_distance_cost": 60.958019658592484, "oscillation_cost": 216.36131358839225, "completition_cost": 1000.0, "overshoot_cost": 51.04667770734021, "power_cost": 39.6455502319336, "noise_cost": 30.780737027868536, "n_waypoints_completed": 0, "tot_waypoints": 9}}
{"target": -6341.266140812989, "params": {"k_pid_pos": [1.5249179601669312, 0.4311869144439697, 1.0132789611816406e-06], "k_pid_alt": [0.0016734004020690918, 0.0, 0.9137507677078247], "k_pid_att": [0.0, 0.028408942744135857, 0.22804677486419678], "k_pid_yaw": [0.5, 1e-06, 0.1], "k_pid_hsp": [0.18559405207633972, 0.7137140035629272, 0.774334728717804], "k_pid_vsp": [397.93963623046875, 105.8304214477539, 32.43719482421875]}, "datetime": {"datetime": "2025-08-13 11:50:23", "elapsed": 7351.641268730164, "delta": 53.86957788467407}, "costs": {"total_cost": 6341.266140812989, "time_cost": 150, "final_distance_cost": 1219.9263274799778, "oscillation_cost": 419.1476924498966, "completition_cost": 1000.0, "overshoot_cost": 3329.1554127234517, "power_cost": 54.04180837402344, "noise_cost": 168.99489978563943, "n_waypoints_completed": 0, "tot_waypoints": 9}}
{"target": -293.9765205571842, "params": {"k_pid_pos": [0.9298782348632812, 0.09407797455787659, 0.5931411981582642], "k_pid_alt": [1.9926223754882812, 0.9999999403953552, 0.43202197551727295], "k_pid_att": [99.97992706298828, 3.4133646488189697, 0.3522340655326843], "k_pid_yaw": [0.5, 1e-06, 0.1], "k_pid_hsp": [1.6166696548461914, 0.7584841251373291, 0.013984501361846924], "k_pid_vsp": [400.0, 240.45042419433594, 164.12733459472656]}, "datetime": {"datetime": "2025-08-13 11:51:04", "elapsed": 7392.320848226547, "delta": 40.67957949638367}, "costs": {"total_cost": 293.9765205571842, "time_cost": 91.665, "final_distance_cost": 1.8330032777146021, "oscillation_cost": 94.66694081459298, "completition_cost": 0.0, "overshoot_cost": 56.28605259550229, "power_cost": 26.124953051757814, "noise_cost": 23.4005708176165, "n_waypoints_completed": 9, "tot_waypoints": 9}}
{"target": -1050.607714258021, "params": {"k_pid_pos": [1.6501331329345703, 0.28755515813827515, 5.817413330078125e-05], "k_pid_alt": [0.008128583431243896, 0.0446050763130188, 0.06643834710121155], "k_pid_att": [71.01815032958984, 9.999999046325684, 0.3041709065437317], "k_pid_yaw": [0.5, 1e-06, 0.1], "k_pid_hsp": [0.32694682478904724, 0.9210323095321655, 0.3176213502883911], "k_pid_vsp": [399.99884033203125, 320.5968322753906, 195.93161010742188]}, "datetime": {"datetime": "2025-08-13 11:51:56", "elapsed": 7444.650938034058, "delta": 52.330089807510376}, "costs": {"total_cost": 1050.607714258021, "time_cost": 150, "final_distance_cost": 56.99268537391644, "oscillation_cost": 141.0977384662029, "completition_cost": 555.5555555555555, "overshoot_cost": 76.6350750659292, "power_cost": 39.110973583984375, "noise_cost": 31.215686212432434, "n_waypoints_completed": 4, "tot_waypoints": 9}}
{"target": -10346.976346365118, "params": {"k_pid_pos": [1.9262380599975586, 0.7349318861961365, 0.9978410601615906], "k_pid_alt": [1.9948527812957764, 1.0, 0.3029560446739197], "k_pid_att": [0.00032782554626464844, 0.15763409435749054, 0.1076529324054718], "k_pid_yaw": [0.5, 1e-06, 0.1], "k_pid_hsp": [1.7001880407333374, 0.6677019596099854, 0.16376608610153198], "k_pid_vsp": [0.020885467529296875, 326.751708984375, 312.08197021484375]}, "datetime": {"datetime": "2025-08-13 11:52:48", "elapsed": 7496.912804841995, "delta": 52.26186680793762}, "costs": {"total_cost": 10346.976346365118, "time_cost": 150, "final_distance_cost": 3816.8368658093577, "oscillation_cost": 970.4592340168672, "completition_cost": 1000.0, "overshoot_cost": 4188.172397145076, "power_cost": 54.008352746582034, "noise_cost": 167.4994966472342, "n_waypoints_completed": 0, "tot_waypoints": 9}}
{"target": -1364.4791128942763, "params": {"k_pid_pos": [1.443490982055664, 0.7067198157310486, 0.9973986148834229], "k_pid_alt": [2.6881694793701172e-05, 0.9715238809585571, 0.4794365167617798], "k_pid_att": [100.0, 0.0010381677420809865, 0.5328292846679688], "k_pid_yaw": [0.5, 1e-06, 0.1], "k_pid_hsp": [8.116412162780762, 0.7374652624130249, 0.8552118539810181], "k_pid_vsp": [0.0011086463928222656, 359.1795654296875, 177.1636962890625]}, "datetime": {"datetime": "2025-08-13 11:53:43", "elapsed": 7551.462762117386, "delta": 54.549957275390625}, "costs": {"total_cost": 1364.4791128942763, "time_cost": 150, "final_distance_cost": 61.26693188047049, "oscillation_cost": 558.2327181177234, "completition_cost": 444.4444444444444, "overshoot_cost": 81.35624037838573, "power_cost": 37.1210298828125, "noise_cost": 32.05774819043983, "n_waypoints_completed": 5, "tot_waypoints": 9}}
{"target": -1225.845705049787, "params": {"k_pid_pos": [1.2927404642105103, 0.8591181635856628, 0.0004882216453552246], "k_pid_alt": [0.0, 0.04628103971481323, 0.6075151562690735], "k_pid_att": [99.98677062988281, 8.11444091796875, 0.5298057198524475], "k_pid_yaw": [0.5, 1e-06, 0.1], "k_pid_hsp": [7.066615581512451, 0.3467342257499695, 0.2514469623565674], "k_pid_vsp": [8.339643478393555, 222.20468139648438, 60.178565979003906]}, "datetime": {"datetime": "2025-08-13 11:54:37", "elapsed": 7605.758063077927, "delta": 54.29530096054077}, "costs": {"total_cost": 1225.845705049787, "time_cost": 150, "final_distance_cost": 60.746125381369225, "oscillation_cost": 201.21362283200412, "completition_cost": 666.6666666666667, "overshoot_cost": 76.90854955672475, "power_cost": 38.85471297607422, "noise_cost": 31.456027636947894, "n_waypoints_completed": 3, "tot_waypoints": 9}}
{"target": -1713.9280739789076, "params": {"k_pid_pos": [1.5150290727615356, 0.9137479066848755, 0.059294283390045166], "k_pid_alt": [1.9999189376831055, 0.0, 0.035150349140167236], "k_pid_att": [63.50687789916992, 0.05770403519272804, 0.5024685263633728], "k_pid_yaw": [0.5, 1e-06, 0.1], "k_pid_hsp": [3.4256885051727295, 0.007518112659454346, 0.4073978364467621], "k_pid_vsp": [67.50128173828125, 127.30543518066406, 360.052734375]}, "datetime": {"datetime": "2025-08-13 11:55:34", "elapsed": 7662.6986491680145, "delta": 56.94058609008789}, "costs": {"total_cost": 1713.9280739789076, "time_cost": 150, "final_distance_cost": 161.0859190110631, "oscillation_cost": 143.3724044679914, "completition_cost": 1000.0, "overshoot_cost": 187.34808468853203, "power_cost": 33.73970887451172, "noise_cost": 38.381956936809516, "n_waypoints_completed": 0, "tot_waypoints": 9}}
{"target": -3200.721644309318, "params": {"k_pid_pos": [0.8699864745140076, 0.2786567807197571, 0.9996982216835022], "k_pid_alt": [1.9999995231628418, 1.0, 0.291867733001709], "k_pid_att": [97.41525268554688, 0.4495559334754944, 0.10978558659553528], "k_pid_yaw": [0.5, 1e-06, 0.1], "k_pid_hsp": [8.89964771270752, 0.4016871154308319, 0.8900096416473389], "k_pid_vsp": [0.01823902130126953, 39.33198547363281, 304.8714294433594]}, "datetime": {"datetime": "2025-08-13 11:56:27", "elapsed": 7716.043074846268, "delta": 53.344425678253174}, "costs": {"total_cost": 3200.721644309318, "time_cost": 150, "final_distance_cost": 420.0524950185793, "oscillation_cost": 769.7913832469848, "completition_cost": 1000.0, "overshoot_cost": 790.4117905450632, "power_cost": 40.28609189453125, "noise_cost": 30.179883604159965, "n_waypoints_completed": 0, "tot_waypoints": 9}}
{"target": -2413.5952951057793, "params": {"k_pid_pos": [1.031050682067871, 0.8570414781570435, 1.0], "k_pid_alt": [1.9999277591705322, 0.16555383801460266, 0.7017053961753845], "k_pid_att": [24.25000762939453, 1.3588351011276245, 0.39639535546302795], "k_pid_yaw": [0.5, 1e-06, 0.1], "k_pid_hsp": [3.4647696018218994, 0.2822030186653137, 0.1978229284286499], "k_pid_vsp": [9.5367431640625e-05, 152.24537658691406, 190.8867950439453]}, "datetime": {"datetime": "2025-08-13 11:57:22", "elapsed": 7770.936986923218, "delta": 54.89391207695007}, "costs": {"total_cost": 2413.5952951057793, "time_cost": 150, "final_distance_cost": 325.669133244842, "oscillation_cost": 655.7480745442409, "completition_cost": 888.8888888888888, "overshoot_cost": 276.28310167069105, "power_cost": 33.85609357910156, "noise_cost": 83.15000317801518, "n_waypoints_completed": 1, "tot_waypoints": 9}}
{"target": -1913.4428366064906, "params": {"k_pid_pos": [1.8935664892196655, 0.06731510162353516, 0.004890769720077515], "k_pid_alt": [1.9588708877563477, 0.9999998807907104, 0.1472611427307129], "k_pid_att": [20.79266929626465, 10.0, 0.01117601990699768], "k_pid_yaw": [0.5, 1e-06, 0.1], "k_pid_hsp": [9.13987922668457, 0.7834945917129517, 0.6829650402069092], "k_pid_vsp": [3.5762786865234375e-05, 71.42517852783203, 72.7649917602539]}, "datetime": {"datetime": "2025-08-13 11:58:16", "elapsed": 7824.8306930065155, "delta": 53.89370608329773}, "costs": {"total_cost": 1913.4428366064906, "time_cost": 150, "final_distance_cost": 70.37233788836541, "oscillation_cost": 623.1380291143846, "completition_cost": 777.7777777777778, "overshoot_cost": 173.5452722543358, "power_cost": 32.63588275146485, "noise_cost": 85.97353682016231, "n_waypoints_completed": 2, "tot_waypoints": 9}}
{"target": -1558.080987067635, "params": {"k_pid_pos": [1.6010264158248901, 0.8897278904914856, 0.0032732486724853516], "k_pid_alt": [0.11943155527114868, 0.1860978603363037, 0.07901674509048462], "k_pid_att": [99.9937515258789, 10.0, 0.021844059228897095], "k_pid_yaw": [0.5, 1e-06, 0.1], "k_pid_hsp": [3.7904231548309326, 0.09182098507881165, 0.651731014251709], "k_pid_vsp": [0.0, 312.2571105957031, 381.2355041503906]}, "datetime": {"datetime": "2025-08-13 11:59:11", "elapsed": 7879.990028619766, "delta": 55.15933561325073}, "costs": {"total_cost": 1558.080987067635, "time_cost": 150, "final_distance_cost": 7.047238399121357, "oscillation_cost": 141.98264856822678, "completition_cost": 1000.0, "overshoot_cost": 137.85852128110562, "power_cost": 35.90454256591797, "noise_cost": 85.28803625326324, "n_waypoints_completed": 0, "tot_waypoints": 9}}
{"target": -497.11861480487875, "params": {"k_pid_pos": [1.5827354192733765, 0.25688105821609497, 0.09465187788009644], "k_pid_alt": [1.9999983310699463, 0.9738268256187439, 0.8535534739494324], "k_pid_att": [99.9951171875, 0.016199946403503418, 0.9023637175559998], "k_pid_yaw": [0.5, 1e-06, 0.1], "k_pid_hsp": [6.482900619506836, 0.6030092239379883, 0.23783594369888306], "k_pid_vsp": [382.1591796875, 40.42926025390625, 65.92509460449219]}, "datetime": {"datetime": "2025-08-13 11:59:56", "elapsed": 7924.682077169418, "delta": 44.6920485496521}, "costs": {"total_cost": 497.11861480487875, "time_cost": 90.95100000000001, "final_distance_cost": 1.7608332155986068, "oscillation_cost": 292.26012611827286, "completition_cost": 0.0, "overshoot_cost": 57.43353616369668, "power_cost": 30.12026569824219, "noise_cost": 24.592853609068413, "n_waypoints_completed": 9, "tot_waypoints": 9}}
{"target": -564.9481020903127, "params": {"k_pid_pos": [1.5858047008514404, 0.03852027654647827, 0.0], "k_pid_alt": [1.9990639686584473, 1.0, 0.13286465406417847], "k_pid_att": [81.17168426513672, 9.999999046325684, 0.00960502028465271], "k_pid_yaw": [0.5, 1e-06, 0.1], "k_pid_hsp": [4.951670169830322, 0.29288506507873535, 0.3181978464126587], "k_pid_vsp": [400.0, 31.89934730529785, 255.8421630859375]}, "datetime": {"datetime": "2025-08-13 12:00:46", "elapsed": 7974.877056837082, "delta": 50.194979667663574}, "costs": {"total_cost": 564.9481020903127, "time_cost": 101.388, "final_distance_cost": 1.7371431691429964, "oscillation_cost": 342.3022005847129, "completition_cost": 0.0, "overshoot_cost": 61.2323466153732, "power_cost": 31.55829019775391, "noise_cost": 26.730121523329704, "n_waypoints_completed": 9, "tot_waypoints": 9}}
{"target": -1710.8535525912473, "params": {"k_pid_pos": [0.06450127065181732, 0.7504411339759827, 0.9999992847442627], "k_pid_alt": [1.9989324808120728, 1.0, 0.10820361971855164], "k_pid_att": [99.18000793457031, 9.99998664855957, 0.7360918521881104], "k_pid_yaw": [0.5, 1e-06, 0.1], "k_pid_hsp": [7.859029769897461, 0.9205081462860107, 0.4051821827888489], "k_pid_vsp": [400.0, 324.5472412109375, 301.66314697265625]}, "datetime": {"datetime": "2025-08-13 12:01:43", "elapsed": 8031.79790353775, "delta": 56.920846700668335}, "costs": {"total_cost": 1710.8535525912473, "time_cost": 150, "final_distance_cost": 91.42230183077311, "oscillation_cost": 592.9919681192492, "completition_cost": 777.7777777777778, "overshoot_cost": 42.08528100594449, "power_cost": 29.532124768066407, "noise_cost": 27.04409908943631, "n_waypoints_completed": 2, "tot_waypoints": 9}}
{"target": -5924.032373875204, "params": {"k_pid_pos": [0.8131499886512756, 0.7825034856796265, 0.0], "k_pid_alt": [0.3918110132217407, 0.9978505373001099, 0.2550612688064575], "k_pid_att": [0.0, 10.0, 0.13832736015319824], "k_pid_yaw": [0.5, 1e-06, 0.1], "k_pid_hsp": [9.030938148498535, 0.7499960064888, 0.7903896570205688], "k_pid_vsp": [399.99896240234375, 37.54426193237305, 276.1783752441406]}, "datetime": {"datetime": "2025-08-13 12:02:39", "elapsed": 8087.322902917862, "delta": 55.524999380111694}, "costs": {"total_cost": 5924.032373875204, "time_cost": 150, "final_distance_cost": 818.6346556465759, "oscillation_cost": 2159.9782523577524, "completition_cost": 1000.0, "overshoot_cost": 1586.8962654606555, "power_cost": 58.10511875, "noise_cost": 150.4180816602203, "n_waypoints_completed": 0, "tot_waypoints": 9}}
{"target": -377.4369115901098, "params": {"k_pid_pos": [1.7704867124557495, 0.6368711590766907, 0.022365331649780273], "k_pid_alt": [1.999998927116394, 0.0, 0.9333040714263916], "k_pid_att": [100.0, 9.998067855834961, 0.9098399877548218], "k_pid_yaw": [0.5, 1e-06, 0.1], "k_pid_hsp": [4.796985149383545, 0.152977854013443, 0.12425655126571655], "k_pid_vsp": [400.0, 11.282468795776367, 5.402327537536621]}, "datetime": {"datetime": "2025-08-13 12:03:20", "elapsed": 8128.83528470993, "delta": 41.51238179206848}, "costs": {"total_cost": 377.4369115901098, "time_cost": 87.115, "final_distance_cost": 1.7438656487226643, "oscillation_cost": 187.96996552278546, "completition_cost": 0.0, "overshoot_cost": 56.96725816020999, "power_cost": 20.85877918701172, "noise_cost": 22.782043071379963, "n_waypoints_completed": 9, "tot_waypoints": 9}}
