{"target": -830.0661890831714, "params": {"k_pid_pos": [0.4254661500453949, 0.9214111566543579, 0.9999899864196777], "k_pid_alt": [1.9999996423721313, 7.596611976623535e-05, 0.3170703649520874], "k_pid_att": [22.384048461914062, 9.999999747378752e-05, 0.7651172280311584], "k_pid_yaw": [0.5, 1e-06, 0.1], "k_pid_hsp": [8.328204154968262, 0.20752117037773132, 0.5923823118209839], "k_pid_vsp": [399.99981689453125, 344.2420959472656, 111.00129699707031]}, "datetime": {"datetime": "2025-08-13 11:20:58", "elapsed": 5586.560128211975, "delta": 52.129584312438965}, "costs": {"total_cost": 830.0661890831714, "time_cost": 150, "final_distance_cost": 57.82291967754475, "oscillation_cost": 395.53125768635, "completition_cost": 111.11111111111116, "overshoot_cost": 52.24124446583486, "power_cost": 34.47230611572266, "noise_cost": 28.887350026608, "n_waypoints_completed": 8, "tot_waypoints": 9}}
{"target": -649.4430160013718, "params": {"k_pid_pos": [1.3577772378921509, 0.2698625922203064, 4.291534423828125e-05], "k_pid_alt": [1.9999980926513672, 0.9999996423721313, 0.8848167657852173], "k_pid_att": [99.46016693115234, 9.995137214660645, 0.3791484832763672], "k_pid_yaw": [0.5, 1e-06, 0.1], "k_pid_hsp": [8.479757308959961, 0.11888706684112549, 0.7001872658729553], "k_pid_vsp": [398.5106506347656, 24.75400161743164, 179.69622802734375]}, "datetime": {"datetime": "2025-08-13 11:21:44", "elapsed": 5632.998389959335, "delta": 46.43826174736023}, "costs": {"total_cost": 649.4430160013718, "time_cost": 109.641, "final_distance_cost": 1.8177753751953294, "oscillation_cost": 417.3422663211349, "completition_cost": 0.0, "overshoot_cost": 66.45291523530193, "power_cost": 29.088943029785156, "noise_cost": 25.10011603995452, "n_waypoints_completed": 9, "tot_waypoints": 9}}
{"target": -4759.376138301441, "params": {"k_pid_pos": [0.4812970757484436, 0.36684560775756836, 0.3076317310333252], "k_pid_alt": [1.042895793914795, 0.0, 0.12223950028419495], "k_pid_att": [0.12573003768920898, 6.933282852172852, 0.5073995590209961], "k_pid_yaw": [0.5, 1e-06, 0.1], "k_pid_hsp": [5.131224632263184, 0.4075826108455658, 0.30361756682395935], "k_pid_vsp": [0.03097057342529297, 203.21180725097656, 139.06443786621094]}, "datetime": {"datetime": "2025-08-13 11:22:36", "elapsed": 5684.740261316299, "delta": 51.74187135696411}, "costs": {"total_cost": 4759.376138301441, "time_cost": 150, "final_distance_cost": 866.179989409406, "oscillation_cost": 1065.138165482819, "completition_cost": 1000.0, "overshoot_cost": 1471.1525580091661, "power_cost": 50.25107048339844, "noise_cost": 156.65435491665102, "n_waypoints_completed": 0, "tot_waypoints": 9}}
{"target": -1674.937282293947, "params": {"k_pid_pos": [1.0318275690078735, 0.23978587985038757, 1.0], "k_pid_alt": [0.036236584186553955, 0.9998302459716797, 0.7989992499351501], "k_pid_att": [99.97712707519531, 9.999999747378752e-05, 0.16488081216812134], "k_pid_yaw": [0.5, 1e-06, 0.1], "k_pid_hsp": [6.582998752593994, 0.342772901058197, 0.9408848285675049], "k_pid_vsp": [370.4328918457031, 92.41373443603516, 354.4873352050781]}, "datetime": {"datetime": "2025-08-13 11:23:30", "elapsed": 5738.213232517242, "delta": 53.47297120094299}, "costs": {"total_cost": 1674.937282293947, "time_cost": 150, "final_distance_cost": 57.11789742789081, "oscillation_cost": 663.7573459767261, "completition_cost": 666.6666666666667, "overshoot_cost": 73.14387358678526, "power_cost": 36.08531737060547, "noise_cost": 28.166181265272645, "n_waypoints_completed": 3, "tot_waypoints": 9}}
{"target": -15620.60438693142, "params": {"k_pid_pos": [0.7929771542549133, 0.6495823860168457, 0.9945521354675293], "k_pid_alt": [1.99959135055542, 0.011148899793624878, 0.949415922164917], "k_pid_att": [0.00014901161193847656, 9.999824523925781, 0.6269436478614807], "k_pid_yaw": [0.5, 1e-06, 0.1], "k_pid_hsp": [7.5083231925964355, 0.15380245447158813, 0.8265016078948975], "k_pid_vsp": [0.19752979278564453, 300.183349609375, 90.9541244506836]}, "datetime": {"datetime": "2025-08-13 11:24:26", "elapsed": 5794.777720212936, "delta": 56.56448769569397}, "costs": {"total_cost": 15620.60438693142, "time_cost": 150, "final_distance_cost": 4030.8645872501825, "oscillation_cost": 2227.6534137283816, "completition_cost": 1000.0, "overshoot_cost": 8013.860855346236, "power_cost": 57.225101293945315, "noise_cost": 141.00042931267447, "n_waypoints_completed": 0, "tot_waypoints": 9}}
{"target": -1573.3749486477898, "params": {"k_pid_pos": [0.8592709302902222, 0.9326733350753784, 0.0082874596118927], "k_pid_alt": [0.7973142862319946, 0.9999985694885254, 0.6910789608955383], "k_pid_att": [0.8826702833175659, 0.008179030381143093, 0.7790005207061768], "k_pid_yaw": [0.5, 1e-06, 0.1], "k_pid_hsp": [1.366219401359558, 0.6659311056137085, 0.3775940239429474], "k_pid_vsp": [0.009870529174804688, 268.2071533203125, 346.9725036621094]}, "datetime": {"datetime": "2025-08-13 11:25:19", "elapsed": 5847.578490257263, "delta": 52.80077004432678}, "costs": {"total_cost": 1573.3749486477898, "time_cost": 150, "final_distance_cost": 56.5187017382986, "oscillation_cost": 37.21342228226719, "completition_cost": 1000.0, "overshoot_cost": 180.01610563693632, "power_cost": 30.129940075683596, "noise_cost": 119.49677891460394, "n_waypoints_completed": 0, "tot_waypoints": 9}}
{"target": -524.159574213326, "params": {"k_pid_pos": [1.3751561641693115, 0.2597120404243469, 0.0], "k_pid_alt": [1.9995074272155762, 0.9999995231628418, 0.10306036472320557], "k_pid_att": [97.06617736816406, 9.999981880187988, 0.3134421706199646], "k_pid_yaw": [0.5, 1e-06, 0.1], "k_pid_hsp": [9.025276184082031, 0.06521481275558472, 0.3558429479598999], "k_pid_vsp": [400.0, 119.2033920288086, 177.57398986816406]}, "datetime": {"datetime": "2025-08-13 11:26:00", "elapsed": 5888.846875905991, "delta": 41.26838564872742}, "costs": {"total_cost": 524.159574213326, "time_cost": 95.641, "final_distance_cost": 1.736092994136574, "oscillation_cost": 312.5287375212688, "completition_cost": 0.0, "overshoot_cost": 63.475658722039825, "power_cost": 27.693151000976563, "noise_cost": 23.08493397490427, "n_waypoints_completed": 9, "tot_waypoints": 9}}
{"target": -10589.114423739858, "params": {"k_pid_pos": [0.5134885907173157, 0.23283493518829346, 1.0], "k_pid_alt": [0.020216405391693115, 0.9992955923080444, 0.6211649179458618], "k_pid_att": [0.020313262939453125, 9.817011833190918, 0.5733015537261963], "k_pid_yaw": [0.5, 1e-06, 0.1], "k_pid_hsp": [9.064759254455566, 0.8032001256942749, 0.6052744388580322], "k_pid_vsp": [400.0, 233.73348999023438, 82.33218383789062]}, "datetime": {"datetime": "2025-08-13 11:26:53", "elapsed": 5941.431429862976, "delta": 52.584553956985474}, "costs": {"total_cost": 10589.114423739858, "time_cost": 150, "final_distance_cost": 1305.851324782645, "oscillation_cost": 2016.658781537062, "completition_cost": 1000.0, "overshoot_cost": 5910.345934347632, "power_cost": 58.36733074951172, "noise_cost": 147.89105232300756, "n_waypoints_completed": 0, "tot_waypoints": 9}}
{"target": -1787.3951240059855, "params": {"k_pid_pos": [1.4899802207946777, 0.2259102463722229, 0.0], "k_pid_alt": [1.1920928955078125e-07, 0.9995426535606384, 0.7091531753540039], "k_pid_att": [0.004285573959350586, 0.00010894060687860474, 0.4890603721141815], "k_pid_yaw": [0.5, 1e-06, 0.1], "k_pid_hsp": [9.662137985229492, 0.9665586948394775, 0.3246343731880188], "k_pid_vsp": [0.0035881996154785156, 313.5148010253906, 356.72412109375]}, "datetime": {"datetime": "2025-08-13 11:27:44", "elapsed": 5993.109185218811, "delta": 51.67775535583496}, "costs": {"total_cost": 1787.3951240059855, "time_cost": 150, "final_distance_cost": 63.97161708341127, "oscillation_cost": 2.7481892849270406, "completition_cost": 1000.0, "overshoot_cost": 454.0691344291906, "power_cost": 29.30130076904297, "noise_cost": 87.3048824394136, "n_waypoints_completed": 0, "tot_waypoints": 9}}
{"target": -28971.33054655654, "params": {"k_pid_pos": [1.7809364795684814, 0.6192535161972046, 0.0], "k_pid_alt": [1.6592001914978027, 1.7881393432617188e-07, 0.06525778770446777], "k_pid_att": [0.0, 10.0, 0.6628638505935669], "k_pid_yaw": [0.5, 1e-06, 0.1], "k_pid_hsp": [1.22809898853302, 0.7572559714317322, 0.5654191374778748], "k_pid_vsp": [390.39093017578125, 265.0118713378906, 305.65228271484375]}, "datetime": {"datetime": "2025-08-13 11:28:37", "elapsed": 6045.833792686462, "delta": 52.72460746765137}, "costs": {"total_cost": 28971.33054655654, "time_cost": 150, "final_distance_cost": 8654.598381920783, "oscillation_cost": 2401.6681572114217, "completition_cost": 1000.0, "overshoot_cost": 16558.892048329442, "power_cost": 57.85682095947266, "noise_cost": 148.31513813541656, "n_waypoints_completed": 0, "tot_waypoints": 9}}
{"target": -1791.5839133001512, "params": {"k_pid_pos": [1.9155207872390747, 0.12703347206115723, 0.632815957069397], "k_pid_alt": [2.0, 0.9999995231628418, 0.0015049874782562256], "k_pid_att": [99.99979400634766, 0.00017510110046714544, 0.44042959809303284], "k_pid_yaw": [0.5, 1e-06, 0.1], "k_pid_hsp": [5.255249977111816, 0.7547140717506409, 0.17926788330078125], "k_pid_vsp": [183.44346618652344, 114.14909362792969, 328.3202209472656]}, "datetime": {"datetime": "2025-08-13 11:29:32", "elapsed": 6100.54638504982, "delta": 54.712592363357544}, "costs": {"total_cost": 1791.5839133001512, "time_cost": 150, "final_distance_cost": 144.67586574023076, "oscillation_cost": 619.1280467568363, "completition_cost": 666.6666666666667, "overshoot_cost": 148.4182141249535, "power_cost": 32.932674426269536, "noise_cost": 29.762445585194108, "n_waypoints_completed": 3, "tot_waypoints": 9}}
{"target": -1196.1985136150877, "params": {"k_pid_pos": [1.0300520658493042, 0.46994084119796753, 0.0], "k_pid_alt": [0.0, 0.20679163932800293, 0.7333498001098633], "k_pid_att": [100.0, 0.0001318881695624441, 0.8844326734542847], "k_pid_yaw": [0.5, 1e-06, 0.1], "k_pid_hsp": [8.921274185180664, 0.9678771495819092, 0.9259275794029236], "k_pid_vsp": [399.9998474121094, 337.5494384765625, 104.44426727294922]}, "datetime": {"datetime": "2025-08-13 11:30:27", "elapsed": 6155.72603392601, "delta": 55.179648876190186}, "costs": {"total_cost": 1196.1985136150877, "time_cost": 150, "final_distance_cost": 47.38766044822036, "oscillation_cost": 431.35197373260297, "completition_cost": 444.4444444444444, "overshoot_cost": 59.744540869202076, "power_cost": 30.740177392578126, "noise_cost": 32.52971672803972, "n_waypoints_completed": 5, "tot_waypoints": 9}}
{"target": -1656.8713538013246, "params": {"k_pid_pos": [1.6789391040802002, 0.30111163854599, 0.9999966621398926], "k_pid_alt": [0.0, 0.0, 0.4419100880622864], "k_pid_att": [0.006559491157531738, 9.999999747378752e-05, 0.02246353030204773], "k_pid_yaw": [0.5, 1e-06, 0.1], "k_pid_hsp": [2.766305685043335, 0.39239615201950073, 0.3661714196205139], "k_pid_vsp": [196.7382049560547, 284.46923828125, 90.3482666015625]}, "datetime": {"datetime": "2025-08-13 11:31:19", "elapsed": 6207.551645278931, "delta": 51.82561135292053}, "costs": {"total_cost": 1656.8713538013246, "time_cost": 150, "final_distance_cost": 116.9062821404105, "oscillation_cost": 20.144153629345766, "completition_cost": 1000.0, "overshoot_cost": 222.80698508092078, "power_cost": 14.973245483398438, "noise_cost": 132.04068746724894, "n_waypoints_completed": 0, "tot_waypoints": 9}}
{"target": -5745.77616593373, "params": {"k_pid_pos": [0.12447085231542587, 0.6621517539024353, 1.0], "k_pid_alt": [1.9944994449615479, 1.0, 0.34935683012008667], "k_pid_att": [99.99977111816406, 0.00010596040374366567, 0.028802305459976196], "k_pid_yaw": [0.5, 1e-06, 0.1], "k_pid_hsp": [3.734046220779419, 0.5592561364173889, 0.14049354195594788], "k_pid_vsp": [0.0, 216.86737060546875, 225.4882354736328]}, "datetime": {"datetime": "2025-08-13 11:32:10", "elapsed": 6258.594736814499, "delta": 51.04309153556824}, "costs": {"total_cost": 5745.77616593373, "time_cost": 150, "final_distance_cost": 1332.0917107780822, "oscillation_cost": 627.1477134011335, "completition_cost": 1000.0, "overshoot_cost": 2570.7920857283175, "power_cost": 36.622814660644536, "noise_cost": 29.12184136555274, "n_waypoints_completed": 0, "tot_waypoints": 9}}
{"target": -438.66379106812434, "params": {"k_pid_pos": [1.5876352787017822, 0.14676517248153687, 1.0], "k_pid_alt": [0.869825005531311, 0.974645733833313, 0.7481436729431152], "k_pid_att": [5.552858352661133, 9.731300354003906, 0.7535042762756348], "k_pid_yaw": [0.5, 1e-06, 0.1], "k_pid_hsp": [5.277554035186768, 0.9003636837005615, 0.9592846632003784], "k_pid_vsp": [399.9999084472656, 294.16607666015625, 82.58147430419922]}, "datetime": {"datetime": "2025-08-13 11:32:55", "elapsed": 6303.802447795868, "delta": 45.20771098136902}, "costs": {"total_cost": 438.66379106812434, "time_cost": 105.32900000000001, "final_distance_cost": 1.8026851870634943, "oscillation_cost": 218.2128521718088, "completition_cost": 0.0, "overshoot_cost": 61.65422391965665, "power_cost": 27.500718115234378, "noise_cost": 24.16431167436106, "n_waypoints_completed": 9, "tot_waypoints": 9}}
{"target": -1839.8277244506546, "params": {"k_pid_pos": [1.8791719675064087, 0.06810230016708374, 0.976120114326477], "k_pid_alt": [0.14809155464172363, 1.0, 0.458031564950943], "k_pid_att": [46.06974792480469, 9.999994277954102, 0.6587794423103333], "k_pid_yaw": [0.5, 1e-06, 0.1], "k_pid_hsp": [5.122564792633057, 0.20399156212806702, 0.08012562990188599], "k_pid_vsp": [0.0015974044799804688, 17.451669692993164, 104.51829528808594]}, "datetime": {"datetime": "2025-08-13 11:33:48", "elapsed": 6356.780123472214, "delta": 52.977675676345825}, "costs": {"total_cost": 1839.8277244506546, "time_cost": 150, "final_distance_cost": 70.42938894818228, "oscillation_cost": 528.6154102423197, "completition_cost": 777.7777777777778, "overshoot_cost": 203.12394285006744, "power_cost": 35.90323371582031, "noise_cost": 73.97797091648695, "n_waypoints_completed": 2, "tot_waypoints": 9}}
{"target": -941.4763556710949, "params": {"k_pid_pos": [1.6034654378890991, 0.3964459002017975, 0.0], "k_pid_alt": [0.00031816959381103516, 0.9999866485595703, 0.30135446786880493], "k_pid_att": [95.09345245361328, 3.037858247756958, 0.2503073215484619], "k_pid_yaw": [0.5, 1e-06, 0.1], "k_pid_hsp": [8.75911808013916, 0.4573451578617096, 0.8062022924423218], "k_pid_vsp": [399.999755859375, 375.3767395019531, 35.874080657958984]}, "datetime": {"datetime": "2025-08-13 11:34:41", "elapsed": 6409.296376943588, "delta": 52.51625347137451}, "costs": {"total_cost": 941.4763556710949, "time_cost": 150, "final_distance_cost": 80.51689055542461, "oscillation_cost": 351.94953758235164, "completition_cost": 222.2222222222222, "overshoot_cost": 65.58658554879216, "power_cost": 38.62012305908203, "noise_cost": 32.58099670322229, "n_waypoints_completed": 7, "tot_waypoints": 9}}
{"target": -1550.5154343973368, "params": {"k_pid_pos": [0.6671292781829834, 0.5208861827850342, 0.990168571472168], "k_pid_alt": [0.0, 0.041625410318374634, 0.28007394075393677], "k_pid_att": [7.705670356750488, 0.5798245072364807, 0.13761568069458008], "k_pid_yaw": [0.5, 1e-06, 0.1], "k_pid_hsp": [8.248727798461914, 0.21484583616256714, 0.4151819348335266], "k_pid_vsp": [399.9998779296875, 57.700931549072266, 233.79444885253906]}, "datetime": {"datetime": "2025-08-13 11:35:33", "elapsed": 6462.000334739685, "delta": 52.7039577960968}, "costs": {"total_cost": 1550.5154343973368, "time_cost": 150, "final_distance_cost": 79.12960066636143, "oscillation_cost": 373.6357665915218, "completition_cost": 777.7777777777778, "overshoot_cost": 94.1847628122749, "power_cost": 30.48001042480469, "noise_cost": 45.30751612459621, "n_waypoints_completed": 2, "tot_waypoints": 9}}
{"target": -1514.0917507093668, "params": {"k_pid_pos": [1.1581135988235474, 0.7627459764480591, 2.9802322387695312e-08], "k_pid_alt": [1.9895508289337158, 0.9774792790412903, 0.6900635957717896], "k_pid_att": [99.99982452392578, 9.746246337890625, 0.46317923069000244], "k_pid_yaw": [0.5, 1e-06, 0.1], "k_pid_hsp": [7.150333404541016, 0.08640885353088379, 0.09368789196014404], "k_pid_vsp": [0.008690357208251953, 260.63671875, 381.52667236328125]}, "datetime": {"datetime": "2025-08-13 11:36:25", "elapsed": 6513.450546264648, "delta": 51.45021152496338}, "costs": {"total_cost": 1514.0917507093668, "time_cost": 150, "final_distance_cost": 62.27822450308102, "oscillation_cost": 136.79152787698064, "completition_cost": 888.8888888888888, "overshoot_cost": 141.7843722205024, "power_cost": 34.26913806152344, "noise_cost": 100.07959915839055, "n_waypoints_completed": 1, "tot_waypoints": 9}}
{"target": -742.5018472710249, "params": {"k_pid_pos": [0.17996655404567719, 0.7296584248542786, 0.0010803639888763428], "k_pid_alt": [1.9999899864196777, 0.00024271011352539062, 0.621837317943573], "k_pid_att": [99.99957275390625, 10.0, 0.2649092376232147], "k_pid_yaw": [0.5, 1e-06, 0.1], "k_pid_hsp": [0.27544474601745605, 0.2521946132183075, 0.06333738565444946], "k_pid_vsp": [53.125118255615234, 316.7972412109375, 74.66912078857422]}, "datetime": {"datetime": "2025-08-13 11:37:16", "elapsed": 6564.985161066055, "delta": 51.53461480140686}, "costs": {"total_cost": 742.5018472710249, "time_cost": 150, "final_distance_cost": 86.03562404457473, "oscillation_cost": 132.58577093364391, "completition_cost": 222.2222222222222, "overshoot_cost": 79.04950960350224, "power_cost": 40.48752102050781, "noise_cost": 32.12119944657406, "n_waypoints_completed": 7, "tot_waypoints": 9}}
{"target": -2023.4740476720015, "params": {"k_pid_pos": [1.4349558353424072, 0.41470202803611755, 0.9999995231628418], "k_pid_alt": [0.0060939788818359375, 0.9600188732147217, 0.4292866885662079], "k_pid_att": [99.9414291381836, 0.00013308024790603667, 0.861539363861084], "k_pid_yaw": [0.5, 1e-06, 0.1], "k_pid_hsp": [1.258859395980835, 0.9031404852867126, 0.9276430010795593], "k_pid_vsp": [399.2478942871094, 291.5033264160156, 231.47586059570312]}, "datetime": {"datetime": "2025-08-13 11:38:07", "elapsed": 6615.921197652817, "delta": 50.936036586761475}, "costs": {"total_cost": 2023.4740476720015, "time_cost": 150, "final_distance_cost": 45.48221669559054, "oscillation_cost": 730.1742760383692, "completition_cost": 1000.0, "overshoot_cost": 43.461499930077, "power_cost": 28.41214471435547, "noise_cost": 25.943910293609473, "n_waypoints_completed": 0, "tot_waypoints": 9}}
{"target": -9765.010927661415, "params": {"k_pid_pos": [0.8259957432746887, 0.8030202388763428, 0.6903222799301147], "k_pid_alt": [2.0, 0.9971581697463989, 0.3383709788322449], "k_pid_att": [0.0006973743438720703, 9.776206970214844, 0.7787498831748962], "k_pid_yaw": [0.5, 1e-06, 0.1], "k_pid_hsp": [7.678793430328369, 0.17773377895355225, 0.9550530314445496], "k_pid_vsp": [0.02473592758178711, 92.99854278564453, 127.79182434082031]}, "datetime": {"datetime": "2025-08-13 11:39:00", "elapsed": 6668.612722635269, "delta": 52.69152498245239}, "costs": {"total_cost": 9765.010927661415, "time_cost": 150, "final_distance_cost": 3020.4331189205213, "oscillation_cost": 2118.7083095906314, "completition_cost": 1000.0, "overshoot_cost": 3268.283056648913, "power_cost": 56.92177037353516, "noise_cost": 150.66467212781268, "n_waypoints_completed": 0, "tot_waypoints": 9}}
{"target": -1718.3808935421946, "params": {"k_pid_pos": [1.2840391397476196, 0.22342926263809204, 1.0], "k_pid_alt": [0.8404183387756348, 1.0, 0.3331316411495209], "k_pid_att": [99.99993133544922, 0.002741949399933219, 0.7509315609931946], "k_pid_yaw": [0.5, 1e-06, 0.1], "k_pid_hsp": [1.7396495342254639, 0.36153632402420044, 0.9644019603729248], "k_pid_vsp": [0.00133514404296875, 33.77692794799805, 15.312302589416504]}, "datetime": {"datetime": "2025-08-13 11:39:53", "elapsed": 6721.947973012924, "delta": 53.33525037765503}, "costs": {"total_cost": 1718.3808935421946, "time_cost": 150, "final_distance_cost": 76.01437146462297, "oscillation_cost": 481.187442384711, "completition_cost": 888.8888888888888, "overshoot_cost": 55.87847361375508, "power_cost": 36.199415368652346, "noise_cost": 30.21230182156462, "n_waypoints_completed": 1, "tot_waypoints": 9}}
{"target": -4949.26446597878, "params": {"k_pid_pos": [1.544876217842102, 0.533939778804779, 0.9999949336051941], "k_pid_alt": [2.0, 5.960464477539063e-08, 0.9813527464866638], "k_pid_att": [96.0018310546875, 9.999999747378752e-05, 0.6087149977684021], "k_pid_yaw": [0.5, 1e-06, 0.1], "k_pid_hsp": [4.794383525848389, 0.6066001057624817, 0.1443992257118225], "k_pid_vsp": [0.0, 309.0265197753906, 360.87493896484375]}, "datetime": {"datetime": "2025-08-13 11:40:49", "elapsed": 6777.547663450241, "delta": 55.599690437316895}, "costs": {"total_cost": 4949.26446597878, "time_cost": 150, "final_distance_cost": 1226.3914709040707, "oscillation_cost": 683.5106720760535, "completition_cost": 888.8888888888888, "overshoot_cost": 1934.4898952243238, "power_cost": 34.851537182617186, "noise_cost": 31.1320017028263, "n_waypoints_completed": 1, "tot_waypoints": 9}}
{"target": -1329.6349661686627, "params": {"k_pid_pos": [0.2348262518644333, 0.6847431659698486, 0.0007621645927429199], "k_pid_alt": [1.33514404296875e-05, 0.9995537400245667, 0.4883306920528412], "k_pid_att": [47.77631759643555, 0.00011013268522219732, 0.4125973582267761], "k_pid_yaw": [0.5, 1e-06, 0.1], "k_pid_hsp": [3.601820468902588, 0.060709476470947266, 0.47649669647216797], "k_pid_vsp": [253.67308044433594, 344.3061218261719, 78.98080444335938]}, "datetime": {"datetime": "2025-08-13 11:41:42", "elapsed": 6831.014283418655, "delta": 53.46661996841431}, "costs": {"total_cost": 1329.6349661686627, "time_cost": 150, "final_distance_cost": 72.0461716078649, "oscillation_cost": 192.54580106584584, "completition_cost": 777.7777777777778, "overshoot_cost": 67.03910765495696, "power_cost": 39.572717907714846, "noise_cost": 30.653390154502294, "n_waypoints_completed": 2, "tot_waypoints": 9}}
