{"target": -1293.6682235546534, "params": {"k_pid_pos": [0.02419540286064148, 0.21429023146629333, 0.049304306507110596], "k_pid_alt": [0.0, 1.0, 0.30607712268829346], "k_pid_att": [100.0, 9.999999747378752e-05, 0.8795194625854492], "k_pid_yaw": [0.5, 1e-06, 0.1], "k_pid_hsp": [9.904751777648926, 0.8334595561027527, 0.025654703378677368], "k_pid_vsp": [400.0, 397.36163330078125, 11.634660720825195]}, "datetime": {"datetime": "2025-08-13 16:49:08", "elapsed": 25276.99298644066, "delta": 31.91852593421936}, "costs": {"total_cost": 1293.6682235546534, "time_cost": 150, "final_distance_cost": 78.3848594475865, "oscillation_cost": 69.24028457173483, "completition_cost": 888.8888888888888, "overshoot_cost": 50.50625183779805, "power_cost": 27.882038085937502, "noise_cost": 28.76590072270771, "n_waypoints_completed": 1, "tot_waypoints": 9}}
{"target": -2204.036913966621, "params": {"k_pid_pos": [0.2680221498012543, 0.009080231189727783, 0.17616629600524902], "k_pid_alt": [0.0, 0.0020065605640411377, 0.9805768728256226], "k_pid_att": [99.97624206542969, 0.00010089405986946076, 0.9966191053390503], "k_pid_yaw": [0.5, 1e-06, 0.1], "k_pid_hsp": [9.621522903442383, 0.9620698690414429, 0.20159488916397095], "k_pid_vsp": [400.0, 398.80517578125, 19.991281509399414]}, "datetime": {"datetime": "2025-08-13 16:49:43", "elapsed": 25311.12772655487, "delta": 34.134740114212036}, "costs": {"total_cost": 2204.036913966621, "time_cost": 150, "final_distance_cost": 5.789178298886628, "oscillation_cost": 799.1424228014579, "completition_cost": 1000.0, "overshoot_cost": 153.4372795489383, "power_cost": 36.21997082519531, "noise_cost": 59.44806249214276, "n_waypoints_completed": 0, "tot_waypoints": 9}}
{"target": -1300.9480613231872, "params": {"k_pid_pos": [0.0598890520632267, 0.16012904047966003, 0.016883522272109985], "k_pid_alt": [0.0, 1.0, 0.9651419520378113], "k_pid_att": [0.4587411880493164, 9.999999747378752e-05, 0.8784409761428833], "k_pid_yaw": [0.5, 1e-06, 0.1], "k_pid_hsp": [9.771838188171387, 0.9532486796379089, 0.04256564378738403], "k_pid_vsp": [400.0, 374.46612548828125, 2.2756824493408203]}, "datetime": {"datetime": "2025-08-13 16:50:19", "elapsed": 25347.510327339172, "delta": 36.38260078430176}, "costs": {"total_cost": 1300.9480613231872, "time_cost": 150, "final_distance_cost": 67.16100073081495, "oscillation_cost": 49.700704035111364, "completition_cost": 888.8888888888888, "overshoot_cost": 76.31521903780458, "power_cost": 34.71050478515625, "noise_cost": 34.17174384541133, "n_waypoints_completed": 1, "tot_waypoints": 9}}
{"target": -941.3213612414352, "params": {"k_pid_pos": [0.1311296671628952, 0.01649940013885498, 0.017415940761566162], "k_pid_alt": [1.9998509883880615, 0.9999998807907104, 0.85188889503479], "k_pid_att": [100.0, 0.0013591354945674539, 0.9663410186767578], "k_pid_yaw": [0.5, 1e-06, 0.1], "k_pid_hsp": [9.749641418457031, 0.9684611558914185, 0.058722615242004395], "k_pid_vsp": [399.65557861328125, 377.174560546875, 4.477263450622559]}, "datetime": {"datetime": "2025-08-13 16:50:50", "elapsed": 25378.55740070343, "delta": 31.047073364257812}, "costs": {"total_cost": 941.3213612414352, "time_cost": 150, "final_distance_cost": 55.35676783780006, "oscillation_cost": 287.07288317412264, "completition_cost": 333.33333333333337, "overshoot_cost": 56.40376191780539, "power_cost": 29.809630480957033, "noise_cost": 29.34498449741673, "n_waypoints_completed": 6, "tot_waypoints": 9}}
{"target": -382.530299023802, "params": {"k_pid_pos": [1.7370408773422241, 0.017699331045150757, 0.06684991717338562], "k_pid_alt": [0.003502786159515381, 1.0, 0.9876161813735962], "k_pid_att": [99.98434448242188, 9.999999747378752e-05, 0.9913071393966675], "k_pid_yaw": [0.5, 1e-06, 0.1], "k_pid_hsp": [9.453229904174805, 0.9849491119384766, 0.011117815971374512], "k_pid_vsp": [400.0, 378.2271728515625, 9.410370826721191]}, "datetime": {"datetime": "2025-08-13 16:51:18", "elapsed": 25406.324463129044, "delta": 27.767062425613403}, "costs": {"total_cost": 382.530299023802, "time_cost": 105.042, "final_distance_cost": 1.7900489051508441, "oscillation_cost": 160.9877560168441, "completition_cost": 0.0, "overshoot_cost": 66.16026344144473, "power_cost": 21.37227059326172, "noise_cost": 27.17796006710065, "n_waypoints_completed": 9, "tot_waypoints": 9}}
{"target": -1137.981746866448, "params": {"k_pid_pos": [0.14507174491882324, 0.2284800410270691, 0.007900804281234741], "k_pid_alt": [0.0, 0.9999929070472717, 0.9066576957702637], "k_pid_att": [100.0, 9.999999747378752e-05, 0.8351635336875916], "k_pid_yaw": [0.5, 1e-06, 0.1], "k_pid_hsp": [9.516639709472656, 0.9907279014587402, 0.054747432470321655], "k_pid_vsp": [312.0741271972656, 394.9573059082031, 0.8970151543617249]}, "datetime": {"datetime": "2025-08-13 16:51:48", "elapsed": 25436.67013835907, "delta": 30.345675230026245}, "costs": {"total_cost": 1137.981746866448, "time_cost": 150, "final_distance_cost": 39.214960443963626, "oscillation_cost": 258.69497982460587, "completition_cost": 555.5555555555555, "overshoot_cost": 63.40223393830315, "power_cost": 37.055853344726565, "noise_cost": 34.05816375929335, "n_waypoints_completed": 4, "tot_waypoints": 9}}
{"target": -840.8931763899417, "params": {"k_pid_pos": [0.1839297115802765, 0.05513983964920044, 0.02797803282737732], "k_pid_alt": [0.0, 1.0, 0.952574610710144], "k_pid_att": [100.0, 9.999999747378752e-05, 0.4472733736038208], "k_pid_yaw": [0.5, 1e-06, 0.1], "k_pid_hsp": [9.181036949157715, 0.9103962182998657, 0.015004664659500122], "k_pid_vsp": [9.383380889892578, 394.876708984375, 5.72569465637207]}, "datetime": {"datetime": "2025-08-13 16:52:19", "elapsed": 25467.789489984512, "delta": 31.119351625442505}, "costs": {"total_cost": 840.8931763899417, "time_cost": 150, "final_distance_cost": 53.91245837704696, "oscillation_cost": 170.05249654771902, "completition_cost": 333.33333333333337, "overshoot_cost": 64.1510248707529, "power_cost": 37.307332421875, "noise_cost": 32.13653083921439, "n_waypoints_completed": 6, "tot_waypoints": 9}}
{"target": -466.7488827259066, "params": {"k_pid_pos": [0.4071548581123352, 0.1104581356048584, 0.07138398289680481], "k_pid_alt": [0.0, 1.0, 0.960753321647644], "k_pid_att": [99.99687194824219, 9.999999747378752e-05, 0.9688372611999512], "k_pid_yaw": [0.5, 1e-06, 0.1], "k_pid_hsp": [7.38992977142334, 0.7887991070747375, 0.060106366872787476], "k_pid_vsp": [400.0, 396.6836853027344, 1.5852818489074707]}, "datetime": {"datetime": "2025-08-13 16:52:48", "elapsed": 25496.886514425278, "delta": 29.09702444076538}, "costs": {"total_cost": 466.7488827259066, "time_cost": 102.82300000000001, "final_distance_cost": 1.8265794565945996, "oscillation_cost": 248.34412657880557, "completition_cost": 0.0, "overshoot_cost": 65.4243925305771, "power_cost": 22.669935754394533, "noise_cost": 25.660848405534747, "n_waypoints_completed": 9, "tot_waypoints": 9}}
{"target": -1103.2903780030765, "params": {"k_pid_pos": [0.1773163080215454, 0.4077799916267395, 0.008778035640716553], "k_pid_alt": [0.0, 1.0, 0.9464725255966187], "k_pid_att": [100.0, 9.999999747378752e-05, 0.9591464996337891], "k_pid_yaw": [0.5, 1e-06, 0.1], "k_pid_hsp": [9.848780632019043, 0.8636732697486877, 0.024098217487335205], "k_pid_vsp": [399.99884033203125, 339.3144226074219, 1.3592133522033691]}, "datetime": {"datetime": "2025-08-13 16:53:20", "elapsed": 25528.302593946457, "delta": 31.4160795211792}, "costs": {"total_cost": 1103.2903780030765, "time_cost": 150, "final_distance_cost": 45.943095586297424, "oscillation_cost": 242.0900892139352, "completition_cost": 555.5555555555555, "overshoot_cost": 56.58850684801144, "power_cost": 22.833236157226562, "noise_cost": 30.27989464205018, "n_waypoints_completed": 4, "tot_waypoints": 9}}
{"target": -932.5758940474468, "params": {"k_pid_pos": [0.0933937132358551, 0.13339167833328247, 0.04209023714065552], "k_pid_alt": [0.0, 0.9999997615814209, 0.9864662885665894], "k_pid_att": [99.99992370605469, 9.999999747378752e-05, 0.9867510795593262], "k_pid_yaw": [0.5, 1e-06, 0.1], "k_pid_hsp": [9.043262481689453, 0.9828025102615356, 0.00673222541809082], "k_pid_vsp": [400.0, 390.53155517578125, 57.83727264404297]}, "datetime": {"datetime": "2025-08-13 16:53:53", "elapsed": 25561.22763323784, "delta": 32.925039291381836}, "costs": {"total_cost": 932.5758940474468, "time_cost": 150, "final_distance_cost": 50.070623238244046, "oscillation_cost": 64.4704174197265, "completition_cost": 555.5555555555555, "overshoot_cost": 67.20123078386793, "power_cost": 19.372584997558594, "noise_cost": 25.90548205249427, "n_waypoints_completed": 4, "tot_waypoints": 9}}
{"target": -967.2795321960923, "params": {"k_pid_pos": [0.1263069361448288, 0.7237337827682495, 0.02671271562576294], "k_pid_alt": [0.0, 1.0, 0.9831018447875977], "k_pid_att": [100.0, 0.00012145745859015733, 0.9782935380935669], "k_pid_yaw": [0.5, 1e-06, 0.1], "k_pid_hsp": [9.438726425170898, 0.8180726766586304, 0.023279845714569092], "k_pid_vsp": [400.0, 390.56036376953125, 11.361111640930176]}, "datetime": {"datetime": "2025-08-13 16:54:32", "elapsed": 25600.22580552101, "delta": 38.99817228317261}, "costs": {"total_cost": 967.2795321960923, "time_cost": 150, "final_distance_cost": 37.626596271848335, "oscillation_cost": 104.67007470029131, "completition_cost": 555.5555555555555, "overshoot_cost": 61.814877220879026, "power_cost": 26.52495153808594, "noise_cost": 31.08747690943223, "n_waypoints_completed": 4, "tot_waypoints": 9}}
{"target": -374.0215197911764, "params": {"k_pid_pos": [1.3271434307098389, 0.10875806212425232, 0.0306856632232666], "k_pid_alt": [0.0, 1.0, 0.976862370967865], "k_pid_att": [100.0, 9.999999747378752e-05, 0.9107956290245056], "k_pid_yaw": [0.5, 1e-06, 0.1], "k_pid_hsp": [9.795010566711426, 0.8886696100234985, 0.06714114546775818], "k_pid_vsp": [394.81549072265625, 295.3758544921875, 9.549928665161133]}, "datetime": {"datetime": "2025-08-13 16:55:00", "elapsed": 25628.328366279602, "delta": 28.1025607585907}, "costs": {"total_cost": 374.0215197911764, "time_cost": 102.27, "final_distance_cost": 1.7867967815417491, "oscillation_cost": 154.50270098908308, "completition_cost": 0.0, "overshoot_cost": 67.26994986708169, "power_cost": 22.941630102539065, "noise_cost": 25.250442050930797, "n_waypoints_completed": 9, "tot_waypoints": 9}}
{"target": -1910.6135870919718, "params": {"k_pid_pos": [0.04163634032011032, 0.0827019214630127, 0.018041163682937622], "k_pid_alt": [0.0, 1.0, 0.6566389203071594], "k_pid_att": [1.0568439960479736, 4.749803066253662, 0.9956121444702148], "k_pid_yaw": [0.5, 1e-06, 0.1], "k_pid_hsp": [9.807144165039062, 0.925147294998169, 0.08525654673576355], "k_pid_vsp": [377.3430480957031, 343.9715270996094, 21.338727951049805]}, "datetime": {"datetime": "2025-08-13 16:55:31", "elapsed": 25659.14028954506, "delta": 30.811923265457153}, "costs": {"total_cost": 1910.6135870919718, "time_cost": 150, "final_distance_cost": 6.649375664973028, "oscillation_cost": 428.28209814923264, "completition_cost": 1000.0, "overshoot_cost": 140.63248257246565, "power_cost": 57.32084011230469, "noise_cost": 127.72879059299574, "n_waypoints_completed": 0, "tot_waypoints": 9}}
{"target": -1381.1079753944812, "params": {"k_pid_pos": [0.6901578307151794, 0.06325852870941162, 0.09022769331932068], "k_pid_alt": [0.0, 0.007925570011138916, 0.7810945510864258], "k_pid_att": [100.0, 9.999999747378752e-05, 0.9958136081695557], "k_pid_yaw": [0.5, 1e-06, 0.1], "k_pid_hsp": [9.58995532989502, 0.9930092692375183, 0.0032672882080078125], "k_pid_vsp": [400.0, 319.95770263671875, 7.445825099945068]}, "datetime": {"datetime": "2025-08-13 16:56:05", "elapsed": 25693.11799478531, "delta": 33.977705240249634}, "costs": {"total_cost": 1381.1079753944812, "time_cost": 150, "final_distance_cost": 24.051998425228028, "oscillation_cost": 20.34725059991728, "completition_cost": 1000.0, "overshoot_cost": 121.0770848158109, "power_cost": 26.870715649414063, "noise_cost": 38.760925904110884, "n_waypoints_completed": 0, "tot_waypoints": 9}}
{"target": -1493.920845664255, "params": {"k_pid_pos": [0.007830395363271236, 0.2586911916732788, 0.26556330919265747], "k_pid_alt": [4.231929779052734e-06, 1.0, 0.9672101736068726], "k_pid_att": [100.0, 9.999999747378752e-05, 0.954070508480072], "k_pid_yaw": [0.5, 1e-06, 0.1], "k_pid_hsp": [9.121245384216309, 0.9448803067207336, 0.04189020395278931], "k_pid_vsp": [222.0501251220703, 388.7814025878906, 9.522844314575195]}, "datetime": {"datetime": "2025-08-13 16:56:35", "elapsed": 25723.601229190826, "delta": 30.483234405517578}, "costs": {"total_cost": 1493.920845664255, "time_cost": 150, "final_distance_cost": 72.9170417311733, "oscillation_cost": 259.4262491478112, "completition_cost": 888.8888888888888, "overshoot_cost": 54.40785242879756, "power_cost": 37.504247021484375, "noise_cost": 30.776566446099967, "n_waypoints_completed": 1, "tot_waypoints": 9}}
{"target": -2011.6713627561412, "params": {"k_pid_pos": [0.03716478496789932, 0.26947155594825745, 0.2595282793045044], "k_pid_alt": [5.960464477539063e-08, 1.0, 0.952353298664093], "k_pid_att": [100.0, 0.0012563185300678015, 0.9616745710372925], "k_pid_yaw": [0.5, 1e-06, 0.1], "k_pid_hsp": [9.522451400756836, 0.9156421422958374, 0.06464597582817078], "k_pid_vsp": [399.9999694824219, 354.734619140625, 28.10698890686035]}, "datetime": {"datetime": "2025-08-13 16:57:05", "elapsed": 25753.413301944733, "delta": 29.81207275390625}, "costs": {"total_cost": 2011.6713627561412, "time_cost": 150, "final_distance_cost": 62.57997136722119, "oscillation_cost": 704.2221341173356, "completition_cost": 1000.0, "overshoot_cost": 37.15129886631774, "power_cost": 31.44378367919922, "noise_cost": 26.27417472606751, "n_waypoints_completed": 0, "tot_waypoints": 9}}
{"target": -1248.6900164976264, "params": {"k_pid_pos": [0.039312057197093964, 0.05600258708000183, 0.029538631439208984], "k_pid_alt": [0.0, 0.9999996423721313, 0.9709423184394836], "k_pid_att": [100.0, 9.999999747378752e-05, 0.9473429322242737], "k_pid_yaw": [0.5, 1e-06, 0.1], "k_pid_hsp": [9.153875350952148, 0.994227945804596, 0.07169961929321289], "k_pid_vsp": [1.567530632019043, 388.0274658203125, 7.322062015533447]}, "datetime": {"datetime": "2025-08-13 16:57:35", "elapsed": 25784.015655517578, "delta": 30.60235357284546}, "costs": {"total_cost": 1248.6900164976264, "time_cost": 150, "final_distance_cost": 82.72313472197072, "oscillation_cost": 105.97769671385281, "completition_cost": 777.7777777777778, "overshoot_cost": 74.33906293196667, "power_cost": 32.85588786621094, "noise_cost": 25.01645648584728, "n_waypoints_completed": 2, "tot_waypoints": 9}}
{"target": -1276.314057099506, "params": {"k_pid_pos": [0.1781029999256134, 0.5610506534576416, 0.3279402256011963], "k_pid_alt": [0.00019568204879760742, 0.9999979734420776, 0.989487886428833], "k_pid_att": [100.0, 9.999999747378752e-05, 0.9782838821411133], "k_pid_yaw": [0.5, 1e-06, 0.1], "k_pid_hsp": [8.012418746948242, 0.9466561079025269, 0.007256209850311279], "k_pid_vsp": [11.093735694885254, 386.8670349121094, 3.0615220069885254]}, "datetime": {"datetime": "2025-08-13 16:58:06", "elapsed": 25814.970911979675, "delta": 30.955256462097168}, "costs": {"total_cost": 1276.314057099506, "time_cost": 150, "final_distance_cost": 87.50517659671834, "oscillation_cost": 145.40179981521706, "completition_cost": 777.7777777777778, "overshoot_cost": 49.80035881947688, "power_cost": 37.355602551269534, "noise_cost": 28.473341539046263, "n_waypoints_completed": 2, "tot_waypoints": 9}}
{"target": -1460.1067894165253, "params": {"k_pid_pos": [0.13193948566913605, 0.004247754812240601, 0.29784858226776123], "k_pid_alt": [0.0, 0.009579509496688843, 0.9294208288192749], "k_pid_att": [100.0, 4.9276862144470215, 0.9192848801612854], "k_pid_yaw": [0.5, 1e-06, 0.1], "k_pid_hsp": [8.675911903381348, 0.953541100025177, 0.034225255250930786], "k_pid_vsp": [399.9996337890625, 397.0541076660156, 12.670088768005371]}, "datetime": {"datetime": "2025-08-13 16:58:36", "elapsed": 25845.097237586975, "delta": 30.126325607299805}, "costs": {"total_cost": 1460.1067894165253, "time_cost": 150, "final_distance_cost": 26.775612007958866, "oscillation_cost": 115.66695445143837, "completition_cost": 1000.0, "overshoot_cost": 115.85650707691477, "power_cost": 21.60978751220703, "noise_cost": 30.197928368006114, "n_waypoints_completed": 0, "tot_waypoints": 9}}
{"target": -1270.8732846174544, "params": {"k_pid_pos": [0.020144576206803322, 0.04037025570869446, 0.0206204354763031], "k_pid_alt": [1.5079975128173828e-05, 1.0, 0.9646429419517517], "k_pid_att": [100.0, 0.00017092880443669856, 0.9379808306694031], "k_pid_yaw": [0.5, 1e-06, 0.1], "k_pid_hsp": [9.868617057800293, 0.895362138748169, 0.00549471378326416], "k_pid_vsp": [400.0, 395.0141906738281, 14.596963882446289]}, "datetime": {"datetime": "2025-08-13 16:59:09", "elapsed": 25877.501261472702, "delta": 32.40402388572693}, "costs": {"total_cost": 1270.8732846174544, "time_cost": 150, "final_distance_cost": 70.85540399793246, "oscillation_cost": 30.750618834239514, "completition_cost": 888.8888888888888, "overshoot_cost": 67.59222055758737, "power_cost": 32.68218065185547, "noise_cost": 30.10397168695063, "n_waypoints_completed": 1, "tot_waypoints": 9}}
{"target": -1028.060570315106, "params": {"k_pid_pos": [0.10675026476383209, 0.43405789136886597, 0.10557109117507935], "k_pid_alt": [1.800060272216797e-05, 1.0, 0.9161112308502197], "k_pid_att": [100.0, 0.006900821812450886, 0.9810342192649841], "k_pid_yaw": [0.5, 1e-06, 0.1], "k_pid_hsp": [9.552481651306152, 0.9019516706466675, 0.04192796349525452], "k_pid_vsp": [400.0, 387.63775634765625, 29.804433822631836]}, "datetime": {"datetime": "2025-08-13 16:59:39", "elapsed": 25907.913061618805, "delta": 30.411800146102905}, "costs": {"total_cost": 1028.060570315106, "time_cost": 150, "final_distance_cost": 41.04622235194402, "oscillation_cost": 153.31294193521686, "completition_cost": 555.5555555555555, "overshoot_cost": 60.34034919188724, "power_cost": 35.16728298339844, "noise_cost": 32.638218297103975, "n_waypoints_completed": 4, "tot_waypoints": 9}}
{"target": -991.6744945598881, "params": {"k_pid_pos": [0.08706258237361908, 0.1404707431793213, 0.13776510953903198], "k_pid_alt": [2.980232238769531e-07, 1.0, 0.9467306137084961], "k_pid_att": [99.84779357910156, 0.00010029802069766447, 0.8300718069076538], "k_pid_yaw": [0.5, 1e-06, 0.1], "k_pid_hsp": [9.665833473205566, 0.9748080968856812, 0.0052071213722229], "k_pid_vsp": [32.63774108886719, 391.1273498535156, 3.2098898887634277]}, "datetime": {"datetime": "2025-08-13 17:00:09", "elapsed": 25937.667085170746, "delta": 29.754023551940918}, "costs": {"total_cost": 991.6744945598881, "time_cost": 150, "final_distance_cost": 43.03616502486171, "oscillation_cost": 112.44904597091325, "completition_cost": 555.5555555555555, "overshoot_cost": 69.95951069889091, "power_cost": 28.549560119628907, "noise_cost": 32.124657190037716, "n_waypoints_completed": 4, "tot_waypoints": 9}}
{"target": -1047.5677371986712, "params": {"k_pid_pos": [0.08111821115016937, 0.1277104616165161, 0.04175803065299988], "k_pid_alt": [0.00039577484130859375, 1.0, 0.915533185005188], "k_pid_att": [100.0, 9.999999747378752e-05, 0.9909379482269287], "k_pid_yaw": [0.5, 1e-06, 0.1], "k_pid_hsp": [9.668539047241211, 0.9562358856201172, 0.0063076019287109375], "k_pid_vsp": [399.9674377441406, 395.1687927246094, 29.00037956237793]}, "datetime": {"datetime": "2025-08-13 17:00:39", "elapsed": 25967.33731007576, "delta": 29.670224905014038}, "costs": {"total_cost": 1047.5677371986712, "time_cost": 150, "final_distance_cost": 53.838044057604165, "oscillation_cost": 52.53329996932104, "completition_cost": 666.6666666666667, "overshoot_cost": 67.28456062566191, "power_cost": 28.28971385498047, "noise_cost": 28.955452024436685, "n_waypoints_completed": 3, "tot_waypoints": 9}}
{"target": -852.1926913033292, "params": {"k_pid_pos": [0.21244022250175476, 0.004962176084518433, 0.05572560429573059], "k_pid_alt": [0.0, 1.0, 0.9587060213088989], "k_pid_att": [100.0, 9.999999747378752e-05, 0.9567373991012573], "k_pid_yaw": [0.5, 1e-06, 0.1], "k_pid_hsp": [9.827242851257324, 0.9760409593582153, 0.02276700735092163], "k_pid_vsp": [400.0, 380.8351745605469, 15.200568199157715]}, "datetime": {"datetime": "2025-08-13 17:01:09", "elapsed": 25997.435148239136, "delta": 30.097838163375854}, "costs": {"total_cost": 852.1926913033292, "time_cost": 150, "final_distance_cost": 62.60785824050243, "oscillation_cost": 178.04099148806011, "completition_cost": 333.33333333333337, "overshoot_cost": 66.87469787430656, "power_cost": 30.98870303955078, "noise_cost": 30.347107327575902, "n_waypoints_completed": 6, "tot_waypoints": 9}}
{"target": -352.60467467952543, "params": {"k_pid_pos": [0.8461633920669556, 0.10738101601600647, 0.01221117377281189], "k_pid_alt": [0.00020039081573486328, 1.0, 0.8859771490097046], "k_pid_att": [100.0, 9.99980640411377, 0.9688676595687866], "k_pid_yaw": [0.5, 1e-06, 0.1], "k_pid_hsp": [9.900973320007324, 0.9470353126525879, 0.025956183671951294], "k_pid_vsp": [400.0, 388.9578857421875, 2.945507526397705]}, "datetime": {"datetime": "2025-08-13 17:01:35", "elapsed": 26024.063536167145, "delta": 26.628387928009033}, "costs": {"total_cost": 352.60467467952543, "time_cost": 106.547, "final_distance_cost": 1.816047041545136, "oscillation_cost": 121.97240897386143, "completition_cost": 0.0, "overshoot_cost": 66.0351175573326, "power_cost": 26.98412127685547, "noise_cost": 29.249979829930712, "n_waypoints_completed": 9, "tot_waypoints": 9}}
