{"target": -1096.8673029297938, "params": {"k_pid_pos": [0.06625635921955109, 0.044744908809661865, 0.07301989197731018], "k_pid_alt": [0.0, 1.0, 0.933708667755127], "k_pid_att": [100.0, 9.959208488464355, 0.9846426248550415], "k_pid_yaw": [0.5, 1e-06, 0.1], "k_pid_hsp": [9.828932762145996, 0.9916555881500244, 0.03396138548851013], "k_pid_vsp": [399.9999694824219, 390.60260009765625, 34.6522331237793]}, "datetime": {"datetime": "2025-08-13 20:52:02", "elapsed": 39850.560472011566, "delta": 28.91902995109558}, "costs": {"total_cost": 1096.8673029297938, "time_cost": 150, "final_distance_cost": 54.72083718047669, "oscillation_cost": 84.51258237057866, "completition_cost": 666.6666666666667, "overshoot_cost": 79.1117331960761, "power_cost": 31.226944799804688, "noise_cost": 30.628538716191144, "n_waypoints_completed": 3, "tot_waypoints": 9}}
{"target": -1166.887188033887, "params": {"k_pid_pos": [0.019471315667033195, 0.031011253595352173, 0.05219489336013794], "k_pid_alt": [1.7881393432617188e-07, 1.0, 0.9812206029891968], "k_pid_att": [0.09615421295166016, 9.999999747378752e-05, 0.9786664843559265], "k_pid_yaw": [0.5, 1e-06, 0.1], "k_pid_hsp": [9.910929679870605, 0.9718714952468872, 0.0033301711082458496], "k_pid_vsp": [399.8976135253906, 392.4605712890625, 16.8322811126709]}, "datetime": {"datetime": "2025-08-13 20:52:32", "elapsed": 39880.416442632675, "delta": 29.85597062110901}, "costs": {"total_cost": 1166.887188033887, "time_cost": 150, "final_distance_cost": 86.21365910018892, "oscillation_cost": 10.903525980747991, "completition_cost": 777.7777777777778, "overshoot_cost": 84.52974688973838, "power_cost": 29.986774560546877, "noise_cost": 27.47570372488713, "n_waypoints_completed": 2, "tot_waypoints": 9}}
{"target": -1168.5160432410128, "params": {"k_pid_pos": [0.021511361002922058, 0.025909870862960815, 0.008714675903320312], "k_pid_alt": [0.0, 1.0, 0.9505568742752075], "k_pid_att": [99.99995422363281, 9.999999747378752e-05, 0.9909507632255554], "k_pid_yaw": [0.5, 1e-06, 0.1], "k_pid_hsp": [9.743593215942383, 0.954480767250061, 0.0049034059047698975], "k_pid_vsp": [400.0, 344.52239990234375, 16.971506118774414]}, "datetime": {"datetime": "2025-08-13 20:53:00", "elapsed": 39909.1076772213, "delta": 28.691234588623047}, "costs": {"total_cost": 1168.5160432410128, "time_cost": 150, "final_distance_cost": 82.55463456306279, "oscillation_cost": 23.643882987279103, "completition_cost": 777.7777777777778, "overshoot_cost": 82.61160842827809, "power_cost": 25.212483251953127, "noise_cost": 26.71565623266212, "n_waypoints_completed": 2, "tot_waypoints": 9}}
{"target": -1193.3792384670191, "params": {"k_pid_pos": [0.038648806512355804, 0.03514990210533142, 0.007589548826217651], "k_pid_alt": [0.0, 1.0, 0.9967851638793945], "k_pid_att": [100.0, 0.2687661349773407, 0.9913063049316406], "k_pid_yaw": [0.5, 1e-06, 0.1], "k_pid_hsp": [9.476200103759766, 0.957915186882019, 0.008992135524749756], "k_pid_vsp": [400.0, 390.56036376953125, 22.17226219177246]}, "datetime": {"datetime": "2025-08-13 20:53:31", "elapsed": 39939.1458966732, "delta": 30.038219451904297}, "costs": {"total_cost": 1193.3792384670191, "time_cost": 150, "final_distance_cost": 89.02547551000029, "oscillation_cost": 35.4592271618776, "completition_cost": 777.7777777777778, "overshoot_cost": 74.4310607381008, "power_cost": 35.41326158447266, "noise_cost": 31.27243569479023, "n_waypoints_completed": 2, "tot_waypoints": 9}}
{"target": -1229.0904971769844, "params": {"k_pid_pos": [0.04085627570748329, 0.03368043899536133, 0.003432244062423706], "k_pid_alt": [6.616115570068359e-06, 0.9973515272140503, 0.9707273840904236], "k_pid_att": [100.0, 0.008229098282754421, 0.9682603478431702], "k_pid_yaw": [0.5, 1e-06, 0.1], "k_pid_hsp": [9.807973861694336, 0.938030481338501, 0.06451061367988586], "k_pid_vsp": [400.0, 380.7498474121094, 1.8703351020812988]}, "datetime": {"datetime": "2025-08-13 20:54:01", "elapsed": 39969.55115151405, "delta": 30.40525484085083}, "costs": {"total_cost": 1229.0904971769844, "time_cost": 150, "final_distance_cost": 75.93869795050065, "oscillation_cost": 69.93031681447032, "completition_cost": 777.7777777777778, "overshoot_cost": 77.90327166470567, "power_cost": 42.51379370117188, "noise_cost": 35.026639268358096, "n_waypoints_completed": 2, "tot_waypoints": 9}}
{"target": -1062.8225647475367, "params": {"k_pid_pos": [0.05271080881357193, 0.0657808780670166, 0.012832432985305786], "k_pid_alt": [0.0, 0.9999998807907104, 0.9873452186584473], "k_pid_att": [100.0, 9.999999747378752e-05, 0.9863677024841309], "k_pid_yaw": [0.5, 1e-06, 0.1], "k_pid_hsp": [9.869855880737305, 0.839063286781311, 0.00515177845954895], "k_pid_vsp": [399.9999084472656, 383.51416015625, 141.84031677246094]}, "datetime": {"datetime": "2025-08-13 20:54:30", "elapsed": 39998.972170352936, "delta": 29.421018838882446}, "costs": {"total_cost": 1062.8225647475367, "time_cost": 150, "final_distance_cost": 58.62224991782099, "oscillation_cost": 59.920937850707396, "completition_cost": 666.6666666666667, "overshoot_cost": 76.99795592870908, "power_cost": 24.900357495117188, "noise_cost": 25.714396888515317, "n_waypoints_completed": 3, "tot_waypoints": 9}}
{"target": -744.4971482443752, "params": {"k_pid_pos": [0.14273810386657715, 0.10922223329544067, 0.11037808656692505], "k_pid_alt": [1.8864967823028564, 1.0, 0.9648264050483704], "k_pid_att": [100.0, 9.999999747378752e-05, 0.9262160658836365], "k_pid_yaw": [0.5, 1e-06, 0.1], "k_pid_hsp": [9.910118103027344, 0.9806203246116638, 0.025072544813156128], "k_pid_vsp": [400.0, 391.2221984863281, 2.6314148902893066]}, "datetime": {"datetime": "2025-08-13 20:55:00", "elapsed": 40028.292372465134, "delta": 29.320202112197876}, "costs": {"total_cost": 744.4971482443752, "time_cost": 150, "final_distance_cost": 50.49773297790911, "oscillation_cost": 310.02934035957867, "completition_cost": 111.11111111111116, "overshoot_cost": 64.39319187855973, "power_cost": 28.19766892089844, "noise_cost": 30.268102996318152, "n_waypoints_completed": 8, "tot_waypoints": 9}}
{"target": -1854.218421125844, "params": {"k_pid_pos": [0.014583859592676163, 0.061390846967697144, 0.13541045784950256], "k_pid_alt": [0.0, 0.913182258605957, 0.9613361954689026], "k_pid_att": [99.99999237060547, 0.00017599515558686107, 0.9775953888893127], "k_pid_yaw": [0.5, 1e-06, 0.1], "k_pid_hsp": [9.678074836730957, 0.9850493669509888, 0.059117019176483154], "k_pid_vsp": [399.9974365234375, 393.6545715332031, 2.5689969062805176]}, "datetime": {"datetime": "2025-08-13 20:55:29", "elapsed": 40057.8145442009, "delta": 29.52217173576355}, "costs": {"total_cost": 1854.218421125844, "time_cost": 150, "final_distance_cost": 68.42040007571043, "oscillation_cost": 712.1288264186529, "completition_cost": 777.7777777777778, "overshoot_cost": 95.30394980615631, "power_cost": 25.197206579589846, "noise_cost": 25.390260467957084, "n_waypoints_completed": 2, "tot_waypoints": 9}}
{"target": -1087.6628088671991, "params": {"k_pid_pos": [0.059385836124420166, 0.07416161894798279, 0.02562519907951355], "k_pid_alt": [0.0, 1.0, 0.9697657823562622], "k_pid_att": [100.0, 9.999999747378752e-05, 0.9530777335166931], "k_pid_yaw": [0.5, 1e-06, 0.1], "k_pid_hsp": [9.976778030395508, 0.9827052354812622, 0.03585764765739441], "k_pid_vsp": [399.9784240722656, 394.36383056640625, 27.870824813842773]}, "datetime": {"datetime": "2025-08-13 20:55:58", "elapsed": 40087.055747509, "delta": 29.24120330810547}, "costs": {"total_cost": 1087.6628088671991, "time_cost": 150, "final_distance_cost": 52.666719290413134, "oscillation_cost": 89.63477509486142, "completition_cost": 666.6666666666667, "overshoot_cost": 75.31511680522433, "power_cost": 26.438097888183595, "noise_cost": 26.94143312184996, "n_waypoints_completed": 3, "tot_waypoints": 9}}
{"target": -970.5186669876849, "params": {"k_pid_pos": [0.11503084748983383, 0.1793116331100464, 0.030552178621292114], "k_pid_alt": [0.0, 1.0, 0.9926438331604004], "k_pid_att": [100.0, 9.999999747378752e-05, 0.9644232988357544], "k_pid_yaw": [0.5, 1e-06, 0.1], "k_pid_hsp": [9.460614204406738, 0.9286175966262817, 0.02822345495223999], "k_pid_vsp": [379.47979736328125, 237.32455444335938, 21.44353675842285]}, "datetime": {"datetime": "2025-08-13 20:56:29", "elapsed": 40117.57680916786, "delta": 30.521061658859253}, "costs": {"total_cost": 970.5186669876849, "time_cost": 150, "final_distance_cost": 42.71190443850694, "oscillation_cost": 89.73619694714385, "completition_cost": 555.5555555555555, "overshoot_cost": 66.82733346455103, "power_cost": 33.53851069335938, "noise_cost": 32.14916588856819, "n_waypoints_completed": 4, "tot_waypoints": 9}}
{"target": -1515.4076151223912, "params": {"k_pid_pos": [0.009211485274136066, 0.013371199369430542, 0.01616072654724121], "k_pid_alt": [0.0, 1.0132789611816406e-06, 0.933066725730896], "k_pid_att": [100.0, 9.999999747378752e-05, 0.9401732683181763], "k_pid_yaw": [0.5, 1e-06, 0.1], "k_pid_hsp": [9.77249813079834, 0.9380010366439819, 0.02707129716873169], "k_pid_vsp": [399.9980773925781, 396.55609130859375, 8.776463508605957]}, "datetime": {"datetime": "2025-08-13 20:56:58", "elapsed": 40146.476764678955, "delta": 28.89995551109314}, "costs": {"total_cost": 1515.4076151223912, "time_cost": 150, "final_distance_cost": 1.6314699017883592, "oscillation_cost": 47.476149724386104, "completition_cost": 1000.0, "overshoot_cost": 163.45359249417018, "power_cost": 18.43450703125, "noise_cost": 134.41189597079654, "n_waypoints_completed": 0, "tot_waypoints": 9}}
{"target": -329.91332269194135, "params": {"k_pid_pos": [0.2623492181301117, 0.04010659456253052, 0.025027424097061157], "k_pid_alt": [0.0, 0.9999905824661255, 0.9907766580581665], "k_pid_att": [100.0, 9.999999747378752e-05, 0.9609849452972412], "k_pid_yaw": [0.5, 1e-06, 0.1], "k_pid_hsp": [9.899462699890137, 0.994425892829895, 0.0018725991249084473], "k_pid_vsp": [383.60113525390625, 389.5184020996094, 33.03791427612305]}, "datetime": {"datetime": "2025-08-13 20:57:27", "elapsed": 40175.76800823212, "delta": 29.29124355316162}, "costs": {"total_cost": 329.91332269194135, "time_cost": 118.3, "final_distance_cost": 1.8159523008321747, "oscillation_cost": 83.76628405685, "completition_cost": 0.0, "overshoot_cost": 68.27969683043806, "power_cost": 27.72366705322266, "noise_cost": 30.027722450598446, "n_waypoints_completed": 9, "tot_waypoints": 9}}
{"target": -388.7399587921617, "params": {"k_pid_pos": [0.781613826751709, 0.05067440867424011, 0.11187475919723511], "k_pid_alt": [0.0, 0.9999986290931702, 0.9890730977058411], "k_pid_att": [100.0, 0.00010357623978052288, 0.9891291856765747], "k_pid_yaw": [0.5, 1e-06, 0.1], "k_pid_hsp": [9.820786476135254, 0.967137336730957, 0.03804066777229309], "k_pid_vsp": [400.0, 398.79156494140625, 15.111054420471191]}, "datetime": {"datetime": "2025-08-13 20:57:53", "elapsed": 40202.095938682556, "delta": 26.327930450439453}, "costs": {"total_cost": 388.7399587921617, "time_cost": 107.919, "final_distance_cost": 1.8338175338973994, "oscillation_cost": 155.16107927134976, "completition_cost": 0.0, "overshoot_cost": 67.02563299360543, "power_cost": 29.501037463378907, "noise_cost": 27.299391529930162, "n_waypoints_completed": 9, "tot_waypoints": 9}}
{"target": -744.0081225901895, "params": {"k_pid_pos": [0.19967974722385406, 0.1849219799041748, 0.029241323471069336], "k_pid_alt": [3.5762786865234375e-07, 0.9724575281143188, 0.9371932744979858], "k_pid_att": [100.0, 9.999999747378752e-05, 0.9938111305236816], "k_pid_yaw": [0.5, 1e-06, 0.1], "k_pid_hsp": [9.601282119750977, 0.9797306060791016, 0.010616809129714966], "k_pid_vsp": [400.0, 399.2835693359375, 6.536794662475586]}, "datetime": {"datetime": "2025-08-13 20:58:24", "elapsed": 40232.43792438507, "delta": 30.34198570251465}, "costs": {"total_cost": 744.0081225901895, "time_cost": 150, "final_distance_cost": 65.87184315568477, "oscillation_cost": 66.42392100705982, "completition_cost": 333.33333333333337, "overshoot_cost": 64.14905341326518, "power_cost": 30.492438427734378, "noise_cost": 33.737533253111984, "n_waypoints_completed": 6, "tot_waypoints": 9}}
{"target": -1239.2599005672164, "params": {"k_pid_pos": [0.03169788420200348, 0.008803099393844604, 0.009448587894439697], "k_pid_alt": [0.0, 0.522793710231781, 0.9716113805770874], "k_pid_att": [100.0, 9.999999747378752e-05, 0.9907744526863098], "k_pid_yaw": [0.5, 1e-06, 0.1], "k_pid_hsp": [8.218473434448242, 0.9991682171821594, 0.014194697141647339], "k_pid_vsp": [399.9989013671875, 383.738037109375, 4.347897529602051]}, "datetime": {"datetime": "2025-08-13 20:58:53", "elapsed": 40261.99190616608, "delta": 29.55398178100586}, "costs": {"total_cost": 1239.2599005672164, "time_cost": 150, "final_distance_cost": 63.25091519193372, "oscillation_cost": 15.00567512655139, "completition_cost": 888.8888888888888, "overshoot_cost": 64.3932111238598, "power_cost": 25.145144604492188, "noise_cost": 32.576065631490565, "n_waypoints_completed": 1, "tot_waypoints": 9}}
{"target": -327.543609298181, "params": {"k_pid_pos": [0.6460736989974976, 0.034125953912734985, 0.12859129905700684], "k_pid_alt": [5.960464477539063e-08, 0.9999978542327881, 0.9626117944717407], "k_pid_att": [100.0, 9.999999747378752e-05, 0.9980858564376831], "k_pid_yaw": [0.5, 1e-06, 0.1], "k_pid_hsp": [7.532016754150391, 0.9909680485725403, 0.020972341299057007], "k_pid_vsp": [400.0, 398.8660888671875, 17.939903259277344]}, "datetime": {"datetime": "2025-08-13 20:59:20", "elapsed": 40288.649538517, "delta": 26.65763235092163}, "costs": {"total_cost": 327.543609298181, "time_cost": 104.95100000000001, "final_distance_cost": 1.8258596293739184, "oscillation_cost": 105.30619407388926, "completition_cost": 0.0, "overshoot_cost": 64.71782361280505, "power_cost": 24.990908203125002, "noise_cost": 25.751823778987784, "n_waypoints_completed": 9, "tot_waypoints": 9}}
{"target": -1193.9242668589184, "params": {"k_pid_pos": [0.04593481495976448, 0.02424865961074829, 0.08477336168289185], "k_pid_alt": [1.7895947694778442, 1.0, 0.9829971790313721], "k_pid_att": [100.0, 9.999999747378752e-05, 0.9812124371528625], "k_pid_yaw": [0.5, 1e-06, 0.1], "k_pid_hsp": [9.350074768066406, 0.9896425008773804, 0.016276687383651733], "k_pid_vsp": [399.9998474121094, 380.9635009765625, 4.42177152633667]}, "datetime": {"datetime": "2025-08-13 20:59:49", "elapsed": 40317.88590860367, "delta": 29.236370086669922}, "costs": {"total_cost": 1193.9242668589184, "time_cost": 150, "final_distance_cost": 85.49102531393619, "oscillation_cost": 59.55146892090877, "completition_cost": 777.7777777777778, "overshoot_cost": 65.0363583673332, "power_cost": 24.460016418457034, "noise_cost": 31.607620060505226, "n_waypoints_completed": 2, "tot_waypoints": 9}}
{"target": -1099.4834007113695, "params": {"k_pid_pos": [0.04471077397465706, 0.050566911697387695, 0.0478576123714447], "k_pid_alt": [2.6881694793701172e-05, 0.999762237071991, 0.9850822687149048], "k_pid_att": [100.0, 9.999999747378752e-05, 0.9882426857948303], "k_pid_yaw": [0.5, 1e-06, 0.1], "k_pid_hsp": [9.680559158325195, 0.9862264394760132, 0.018009930849075317], "k_pid_vsp": [400.0, 367.5249938964844, 2.6617298126220703]}, "datetime": {"datetime": "2025-08-13 21:00:18", "elapsed": 40347.01486515999, "delta": 29.12895655632019}, "costs": {"total_cost": 1099.4834007113695, "time_cost": 150, "final_distance_cost": 78.78834093133915, "oscillation_cost": 67.2686467951835, "completition_cost": 666.6666666666667, "overshoot_cost": 81.54788149190811, "power_cost": 24.76487908935547, "noise_cost": 30.4469857369165, "n_waypoints_completed": 3, "tot_waypoints": 9}}
{"target": -824.2224964399694, "params": {"k_pid_pos": [0.10369061678647995, 0.03352636098861694, 0.04878398776054382], "k_pid_alt": [1.444236159324646, 1.0, 0.9314225316047668], "k_pid_att": [100.0, 9.999999747378752e-05, 0.9465935826301575], "k_pid_yaw": [0.5, 1e-06, 0.1], "k_pid_hsp": [9.848559379577637, 0.994322657585144, 0.003864884376525879], "k_pid_vsp": [396.80596923828125, 392.3648376464844, 20.074596405029297]}, "datetime": {"datetime": "2025-08-13 21:00:49", "elapsed": 40377.953815698624, "delta": 30.938950538635254}, "costs": {"total_cost": 824.2224964399694, "time_cost": 150, "final_distance_cost": 47.63493093423354, "oscillation_cost": 58.920378610151246, "completition_cost": 444.4444444444444, "overshoot_cost": 61.80835114959193, "power_cost": 30.735421899414064, "noise_cost": 30.67896940213422, "n_waypoints_completed": 5, "tot_waypoints": 9}}
{"target": -1284.4114517214346, "params": {"k_pid_pos": [0.008955495432019234, 0.05755022168159485, 0.02201363444328308], "k_pid_alt": [0.010339319705963135, 1.0, 0.9835885763168335], "k_pid_att": [100.0, 9.999999747378752e-05, 0.9724968671798706], "k_pid_yaw": [0.5, 1e-06, 0.1], "k_pid_hsp": [9.903923988342285, 0.9923482537269592, 0.02228662371635437], "k_pid_vsp": [135.92831420898438, 393.1665344238281, 3.3769736289978027]}, "datetime": {"datetime": "2025-08-13 21:01:19", "elapsed": 40408.00633454323, "delta": 30.052518844604492}, "costs": {"total_cost": 1284.4114517214346, "time_cost": 150, "final_distance_cost": 69.5455861341151, "oscillation_cost": 55.48367048505769, "completition_cost": 888.8888888888888, "overshoot_cost": 78.29877519035118, "power_cost": 16.592639086914062, "noise_cost": 25.60189193610785, "n_waypoints_completed": 1, "tot_waypoints": 9}}
{"target": -1278.2865088803553, "params": {"k_pid_pos": [0.017183326184749603, 0.041786640882492065, 0.07750546932220459], "k_pid_alt": [1.895427703857422e-05, 0.9460264444351196, 0.9538869857788086], "k_pid_att": [72.19879913330078, 9.999999747378752e-05, 0.9819908142089844], "k_pid_yaw": [0.5, 1e-06, 0.1], "k_pid_hsp": [9.832924842834473, 0.982883095741272, 0.01051214337348938], "k_pid_vsp": [400.0, 392.6667785644531, 4.4731268882751465]}, "datetime": {"datetime": "2025-08-13 21:01:49", "elapsed": 40438.054594278336, "delta": 30.048259735107422}, "costs": {"total_cost": 1278.2865088803553, "time_cost": 150, "final_distance_cost": 65.81342068755244, "oscillation_cost": 49.269713055872536, "completition_cost": 888.8888888888888, "overshoot_cost": 71.19613245853509, "power_cost": 22.418783337402346, "noise_cost": 30.699570452104226, "n_waypoints_completed": 1, "tot_waypoints": 9}}
{"target": -1288.1620395812945, "params": {"k_pid_pos": [0.09515100717544556, 0.14018097519874573, 0.005183905363082886], "k_pid_alt": [0.0, 1.0, 0.9925062656402588], "k_pid_att": [100.0, 9.999999747378752e-05, 0.845782995223999], "k_pid_yaw": [0.5, 1e-06, 0.1], "k_pid_hsp": [9.946273803710938, 0.9946057796478271, 0.04810255765914917], "k_pid_vsp": [400.0, 395.67926025390625, 36.76446533203125]}, "datetime": {"datetime": "2025-08-13 21:02:18", "elapsed": 40467.05617046356, "delta": 29.00157618522644}, "costs": {"total_cost": 1288.1620395812945, "time_cost": 150, "final_distance_cost": 127.4294401883499, "oscillation_cost": 215.60481188033506, "completition_cost": 666.6666666666667, "overshoot_cost": 77.61028763735362, "power_cost": 23.836689184570314, "noise_cost": 27.01414402401883, "n_waypoints_completed": 3, "tot_waypoints": 9}}
{"target": -1408.8028241327877, "params": {"k_pid_pos": [0.033434852957725525, 0.27323997020721436, 0.023682981729507446], "k_pid_alt": [0.0, 1.0, 0.9802096486091614], "k_pid_att": [100.0, 0.003416667226701975, 0.934076726436615], "k_pid_yaw": [0.5, 1e-06, 0.1], "k_pid_hsp": [8.998686790466309, 0.9961831569671631, 0.06801632046699524], "k_pid_vsp": [6.603968143463135, 397.174072265625, 2.66093111038208]}, "datetime": {"datetime": "2025-08-13 21:02:48", "elapsed": 40497.01967525482, "delta": 29.963504791259766}, "costs": {"total_cost": 1408.8028241327877, "time_cost": 150, "final_distance_cost": 60.64704249731579, "oscillation_cost": 186.2713274069064, "completition_cost": 888.8888888888888, "overshoot_cost": 54.587798054749726, "power_cost": 40.054861425781255, "noise_cost": 28.35290585914561, "n_waypoints_completed": 1, "tot_waypoints": 9}}
{"target": -1078.659301549404, "params": {"k_pid_pos": [0.06937304884195328, 0.04662984609603882, 0.005882710218429565], "k_pid_alt": [0.0, 0.7319546937942505, 0.8907735347747803], "k_pid_att": [99.99453735351562, 9.999999747378752e-05, 0.8133021593093872], "k_pid_yaw": [0.5, 1e-06, 0.1], "k_pid_hsp": [9.868589401245117, 0.9618135094642639, 0.021906942129135132], "k_pid_vsp": [400.0, 384.2637634277344, 7.773936748504639]}, "datetime": {"datetime": "2025-08-13 21:03:18", "elapsed": 40527.084976673126, "delta": 30.065301418304443}, "costs": {"total_cost": 1078.659301549404, "time_cost": 150, "final_distance_cost": 51.76944572386358, "oscillation_cost": 74.72774320126507, "completition_cost": 666.6666666666667, "overshoot_cost": 73.29198682542327, "power_cost": 28.702372778320314, "noise_cost": 33.50108635386494, "n_waypoints_completed": 3, "tot_waypoints": 9}}
{"target": -2152.490332533913, "params": {"k_pid_pos": [0.4265463054180145, 0.023940473794937134, 0.2806837558746338], "k_pid_alt": [3.325939178466797e-05, 0.00936359167098999, 0.9157363176345825], "k_pid_att": [100.0, 9.999999747378752e-05, 0.9174584150314331], "k_pid_yaw": [0.5, 1e-06, 0.1], "k_pid_hsp": [9.879353523254395, 0.9709303379058838, 0.04105755686759949], "k_pid_vsp": [400.0, 339.8701477050781, 6.3002119064331055]}, "datetime": {"datetime": "2025-08-13 21:03:49", "elapsed": 40557.74189567566, "delta": 30.65691900253296}, "costs": {"total_cost": 2152.490332533913, "time_cost": 150, "final_distance_cost": 26.40902232096169, "oscillation_cost": 787.0340012120632, "completition_cost": 1000.0, "overshoot_cost": 116.5962860325787, "power_cost": 36.20048195800781, "noise_cost": 36.250541010301376, "n_waypoints_completed": 0, "tot_waypoints": 9}}
