{"target": -1317.0708950796313, "params": {"k_pid_pos": [0.006004796363413334, 0.15114131569862366, 0.15595722198486328], "k_pid_alt": [0.0, 0.9988749027252197, 0.9649063348770142], "k_pid_att": [70.07512664794922, 9.999999747378752e-05, 0.9930433034896851], "k_pid_yaw": [0.5, 1e-06, 0.1], "k_pid_hsp": [8.935100555419922, 0.8871284127235413, 0.016885340213775635], "k_pid_vsp": [0.009012222290039062, 364.0021057128906, 44.56267547607422]}, "datetime": {"datetime": "2025-08-13 14:38:32", "elapsed": 17441.084916591644, "delta": 31.141968250274658}, "costs": {"total_cost": 1317.0708950796313, "time_cost": 150, "final_distance_cost": 60.35361035810916, "oscillation_cost": 107.06677287604721, "completition_cost": 888.8888888888888, "overshoot_cost": 60.7790104350999, "power_cost": 25.369585864257814, "noise_cost": 24.61302665722853, "n_waypoints_completed": 1, "tot_waypoints": 9}}
{"target": -1099.008328005974, "params": {"k_pid_pos": [0.7611181735992432, 0.8387762308120728, 0.026287078857421875], "k_pid_alt": [0.0, 1.0, 0.8137714862823486], "k_pid_att": [100.0, 0.0022612428292632103, 0.9591248035430908], "k_pid_yaw": [0.5, 1e-06, 0.1], "k_pid_hsp": [9.6571626663208, 0.9292453527450562, 0.03699108958244324], "k_pid_vsp": [399.99993896484375, 390.083251953125, 10.79517650604248]}, "datetime": {"datetime": "2025-08-13 14:39:03", "elapsed": 17471.536953926086, "delta": 30.45203733444214}, "costs": {"total_cost": 1099.008328005974, "time_cost": 150, "final_distance_cost": 57.293327565661876, "oscillation_cost": 101.6023835089103, "completition_cost": 666.6666666666667, "overshoot_cost": 62.372766502270245, "power_cost": 28.513331958007814, "noise_cost": 32.559851804456805, "n_waypoints_completed": 3, "tot_waypoints": 9}}
{"target": -939.0131750947099, "params": {"k_pid_pos": [0.11601868271827698, 0.03452146053314209, 0.05332440137863159], "k_pid_alt": [0.011907339096069336, 1.0, 0.9416932463645935], "k_pid_att": [100.0, 0.00010029802069766447, 0.9785432815551758], "k_pid_yaw": [0.5, 1e-06, 0.1], "k_pid_hsp": [9.908425331115723, 0.9030819535255432, 0.007122933864593506], "k_pid_vsp": [400.0, 393.97711181640625, 13.121152877807617]}, "datetime": {"datetime": "2025-08-13 14:39:37", "elapsed": 17505.755302906036, "delta": 34.21834897994995}, "costs": {"total_cost": 939.0131750947099, "time_cost": 150, "final_distance_cost": 41.905987261585494, "oscillation_cost": 70.89305076981347, "completition_cost": 555.5555555555555, "overshoot_cost": 71.44426180243435, "power_cost": 20.48748662109375, "noise_cost": 28.726833084227415, "n_waypoints_completed": 4, "tot_waypoints": 9}}
{"target": -1608.4674507919265, "params": {"k_pid_pos": [0.12444861978292465, 0.5992394089698792, 0.028936684131622314], "k_pid_alt": [0.0, 0.42441943287849426, 0.5575868487358093], "k_pid_att": [100.0, 0.057595256716012955, 0.897009015083313], "k_pid_yaw": [0.5, 1e-06, 0.1], "k_pid_hsp": [9.929974555969238, 0.9013992547988892, 0.16266793012619019], "k_pid_vsp": [400.0, 365.8565368652344, 6.187630653381348]}, "datetime": {"datetime": "2025-08-13 14:40:08", "elapsed": 17536.17644071579, "delta": 30.421137809753418}, "costs": {"total_cost": 1608.4674507919265, "time_cost": 150, "final_distance_cost": 88.50680379032919, "oscillation_cost": 486.24839950947523, "completition_cost": 777.7777777777778, "overshoot_cost": 46.72253318336843, "power_cost": 30.80169432373047, "noise_cost": 28.41024220724539, "n_waypoints_completed": 2, "tot_waypoints": 9}}
{"target": -1467.67343159396, "params": {"k_pid_pos": [0.11451910436153412, 0.7722765207290649, 0.16998732089996338], "k_pid_alt": [0.0, 0.0009812712669372559, 0.8203445672988892], "k_pid_att": [100.0, 9.999971389770508, 0.5672913789749146], "k_pid_yaw": [0.5, 1e-06, 0.1], "k_pid_hsp": [9.108899116516113, 0.9422593116760254, 0.0034332871437072754], "k_pid_vsp": [400.0, 391.1379089355469, 6.382108688354492]}, "datetime": {"datetime": "2025-08-13 14:40:37", "elapsed": 17565.976144075394, "delta": 29.799703359603882}, "costs": {"total_cost": 1467.67343159396, "time_cost": 150, "final_distance_cost": 2.8528440019805004, "oscillation_cost": 29.43763431386438, "completition_cost": 1000.0, "overshoot_cost": 158.22131300241242, "power_cost": 27.088792700195313, "noise_cost": 100.07284757550737, "n_waypoints_completed": 0, "tot_waypoints": 9}}
{"target": -324.10547932016283, "params": {"k_pid_pos": [1.0334163904190063, 0.5535568594932556, 0.040740519762039185], "k_pid_alt": [1.9993877410888672, 1.0, 0.9819496273994446], "k_pid_att": [100.0, 0.20877735316753387, 0.9870848059654236], "k_pid_yaw": [0.5, 1e-06, 0.1], "k_pid_hsp": [9.846550941467285, 0.8583635687828064, 0.027568191289901733], "k_pid_vsp": [61.48047637939453, 391.84710693359375, 7.900656223297119]}, "datetime": {"datetime": "2025-08-13 14:41:00", "elapsed": 17589.084463834763, "delta": 23.108319759368896}, "costs": {"total_cost": 324.10547932016283, "time_cost": 93.19800000000001, "final_distance_cost": 1.74383723164607, "oscillation_cost": 125.68816755585914, "completition_cost": 0.0, "overshoot_cost": 57.6405544234024, "power_cost": 21.70644512939453, "noise_cost": 24.128474979860695, "n_waypoints_completed": 9, "tot_waypoints": 9}}
{"target": -1090.4043485783764, "params": {"k_pid_pos": [0.18453478813171387, 0.6370707750320435, 0.2151605188846588], "k_pid_alt": [0.2608844041824341, 1.0, 0.9450867176055908], "k_pid_att": [99.99878692626953, 0.00010029802069766447, 0.8373748064041138], "k_pid_yaw": [0.5, 1e-06, 0.1], "k_pid_hsp": [9.235223770141602, 0.9399052858352661, 0.03040817379951477], "k_pid_vsp": [400.0, 393.3804016113281, 16.58538818359375]}, "datetime": {"datetime": "2025-08-13 14:41:30", "elapsed": 17619.018325805664, "delta": 29.93386197090149}, "costs": {"total_cost": 1090.4043485783764, "time_cost": 150, "final_distance_cost": 50.68471283344683, "oscillation_cost": 222.49778149439018, "completition_cost": 555.5555555555555, "overshoot_cost": 55.239043604847765, "power_cost": 29.15284703369141, "noise_cost": 27.274408056444646, "n_waypoints_completed": 4, "tot_waypoints": 9}}
{"target": -1357.4710898343587, "params": {"k_pid_pos": [0.026539893820881844, 0.31129857897758484, 0.011387556791305542], "k_pid_alt": [0.0, 1.0, 0.907582700252533], "k_pid_att": [99.9999771118164, 9.999999747378752e-05, 0.8436221480369568], "k_pid_yaw": [0.5, 1e-06, 0.1], "k_pid_hsp": [9.976136207580566, 0.9465479850769043, 0.020817697048187256], "k_pid_vsp": [0.0012159347534179688, 340.1656494140625, 20.842971801757812]}, "datetime": {"datetime": "2025-08-13 14:42:03", "elapsed": 17651.586862802505, "delta": 32.56853699684143}, "costs": {"total_cost": 1357.4710898343587, "time_cost": 150, "final_distance_cost": 72.19214188824375, "oscillation_cost": 128.80673401662784, "completition_cost": 888.8888888888888, "overshoot_cost": 52.778095083264674, "power_cost": 36.486036389160155, "noise_cost": 28.319193568173592, "n_waypoints_completed": 1, "tot_waypoints": 9}}
{"target": -860.1283721147058, "params": {"k_pid_pos": [0.5528426170349121, 0.7956923246383667, 0.05044803023338318], "k_pid_alt": [0.0, 1.0, 0.6280747056007385], "k_pid_att": [99.99993896484375, 8.907073020935059, 0.9672951698303223], "k_pid_yaw": [0.5, 1e-06, 0.1], "k_pid_hsp": [6.694406032562256, 0.9861252903938293, 0.03673738241195679], "k_pid_vsp": [400.0, 368.8683166503906, 5.262948036193848]}, "datetime": {"datetime": "2025-08-13 14:42:31", "elapsed": 17679.7921602726, "delta": 28.205297470092773}, "costs": {"total_cost": 860.1283721147058, "time_cost": 150, "final_distance_cost": 45.02454047284768, "oscillation_cost": 88.40146734810483, "completition_cost": 444.4444444444444, "overshoot_cost": 60.0204176207469, "power_cost": 36.040392016601565, "noise_cost": 36.19711021196041, "n_waypoints_completed": 5, "tot_waypoints": 9}}
{"target": -281.1008018318794, "params": {"k_pid_pos": [1.1227922439575195, 0.004076570272445679, 0.3807885944843292], "k_pid_alt": [0.0, 1.0, 0.8777773380279541], "k_pid_att": [29.671951293945312, 9.999999747378752e-05, 0.7992991805076599], "k_pid_yaw": [0.5, 1e-06, 0.1], "k_pid_hsp": [9.706465721130371, 0.3007436692714691, 0.014667600393295288], "k_pid_vsp": [400.0, 360.6423034667969, 6.239593982696533]}, "datetime": {"datetime": "2025-08-13 14:42:54", "elapsed": 17702.43937444687, "delta": 22.64721417427063}, "costs": {"total_cost": 281.1008018318794, "time_cost": 94.09400000000001, "final_distance_cost": 1.8020575987606815, "oscillation_cost": 65.54614979531435, "completition_cost": 0.0, "overshoot_cost": 65.3764317541568, "power_cost": 26.736823876953125, "noise_cost": 27.545338806694424, "n_waypoints_completed": 9, "tot_waypoints": 9}}
{"target": -1446.3150448396534, "params": {"k_pid_pos": [0.11370410770177841, 0.8623437285423279, 0.10563093423843384], "k_pid_alt": [1.1920928955078125e-07, 0.9999994039535522, 0.7442808151245117], "k_pid_att": [100.0, 0.0003369260812178254, 0.9521006345748901], "k_pid_yaw": [0.5, 1e-06, 0.1], "k_pid_hsp": [8.879779815673828, 0.9714717268943787, 0.1364985704421997], "k_pid_vsp": [398.57568359375, 356.8947448730469, 15.62651538848877]}, "datetime": {"datetime": "2025-08-13 14:43:23", "elapsed": 17731.91557121277, "delta": 29.476196765899658}, "costs": {"total_cost": 1446.3150448396534, "time_cost": 150, "final_distance_cost": 49.30031286534088, "oscillation_cost": 128.22042724493323, "completition_cost": 1000.0, "overshoot_cost": 48.891391743515086, "power_cost": 38.46100250244141, "noise_cost": 31.44191048342284, "n_waypoints_completed": 0, "tot_waypoints": 9}}
{"target": -693.0625054452792, "params": {"k_pid_pos": [0.2822759449481964, 0.20771056413650513, 0.027120888233184814], "k_pid_alt": [0.0, 0.999981164932251, 0.7902887463569641], "k_pid_att": [99.93697357177734, 9.996125221252441, 0.8732842206954956], "k_pid_yaw": [0.5, 1e-06, 0.1], "k_pid_hsp": [7.666143894195557, 0.92831951379776, 0.0299663245677948], "k_pid_vsp": [399.578369140625, 326.77880859375, 8.008492469787598]}, "datetime": {"datetime": "2025-08-13 14:43:54", "elapsed": 17762.270991802216, "delta": 30.35542058944702}, "costs": {"total_cost": 693.0625054452792, "time_cost": 150, "final_distance_cost": 63.97704421203382, "oscillation_cost": 129.66657368724262, "completition_cost": 222.2222222222222, "overshoot_cost": 59.83512763765413, "power_cost": 33.4860583984375, "noise_cost": 33.875479287688826, "n_waypoints_completed": 7, "tot_waypoints": 9}}
{"target": -361.6627628932639, "params": {"k_pid_pos": [0.49707671999931335, 0.1126958429813385, 0.05869179964065552], "k_pid_alt": [0.0, 0.9658846855163574, 0.9379314184188843], "k_pid_att": [100.0, 0.01785127818584442, 0.966528058052063], "k_pid_yaw": [0.5, 1e-06, 0.1], "k_pid_hsp": [9.257040977478027, 0.9563030004501343, 0.05495944619178772], "k_pid_vsp": [400.0, 389.57403564453125, 11.444653511047363]}, "datetime": {"datetime": "2025-08-13 14:44:21", "elapsed": 17789.9530980587, "delta": 27.682106256484985}, "costs": {"total_cost": 361.6627628932639, "time_cost": 107.191, "final_distance_cost": 1.81867001571681, "oscillation_cost": 132.7862500655024, "completition_cost": 0.0, "overshoot_cost": 65.96703792455673, "power_cost": 27.00958319091797, "noise_cost": 26.89022169657, "n_waypoints_completed": 9, "tot_waypoints": 9}}
{"target": -19517.631824708336, "params": {"k_pid_pos": [0.020841974765062332, 0.8567440509796143, 0.02722877264022827], "k_pid_alt": [6.556510925292969e-07, 0.9984363913536072, 0.910851240158081], "k_pid_att": [0.0001609325408935547, 9.999999747378752e-05, 0.8981767892837524], "k_pid_yaw": [0.5, 1e-06, 0.1], "k_pid_hsp": [9.252349853515625, 0.9807626008987427, 0.07758593559265137], "k_pid_vsp": [399.9682312011719, 390.2169494628906, 11.252213478088379]}, "datetime": {"datetime": "2025-08-13 14:44:53", "elapsed": 17821.337432146072, "delta": 31.384334087371826}, "costs": {"total_cost": 19517.631824708336, "time_cost": 150, "final_distance_cost": 6872.656389155091, "oscillation_cost": 2.8552904419822482, "completition_cost": 1000.0, "overshoot_cost": 11336.693578542656, "power_cost": 50.39661458740235, "noise_cost": 105.02995198120169, "n_waypoints_completed": 0, "tot_waypoints": 9}}
{"target": -950.7495279274336, "params": {"k_pid_pos": [0.11488696932792664, 0.6812317967414856, 0.006691783666610718], "k_pid_alt": [0.0010398626327514648, 0.05880853533744812, 0.9728031158447266], "k_pid_att": [100.0, 0.00013814658450428396, 0.9869691729545593], "k_pid_yaw": [0.5, 1e-06, 0.1], "k_pid_hsp": [9.782102584838867, 0.8945878744125366, 0.0030787289142608643], "k_pid_vsp": [399.969970703125, 390.19952392578125, 14.547099113464355]}, "datetime": {"datetime": "2025-08-13 14:45:23", "elapsed": 17851.172437667847, "delta": 29.835005521774292}, "costs": {"total_cost": 950.7495279274336, "time_cost": 150, "final_distance_cost": 44.74972137191165, "oscillation_cost": 60.78858007360378, "completition_cost": 555.5555555555555, "overshoot_cost": 74.0041883546216, "power_cost": 34.1777888671875, "noise_cost": 31.473693704553543, "n_waypoints_completed": 4, "tot_waypoints": 9}}
{"target": -1150.6239822082, "params": {"k_pid_pos": [0.26093390583992004, 0.30738937854766846, 0.047973960638046265], "k_pid_alt": [1.978522777557373, 0.9900535345077515, 0.33946797251701355], "k_pid_att": [100.0, 10.0, 0.7028094530105591], "k_pid_yaw": [0.5, 1e-06, 0.1], "k_pid_hsp": [9.756499290466309, 0.7184016108512878, 0.07138180732727051], "k_pid_vsp": [0.0, 348.82098388671875, 4.5925984382629395]}, "datetime": {"datetime": "2025-08-13 14:45:53", "elapsed": 17881.429960012436, "delta": 30.257522344589233}, "costs": {"total_cost": 1150.6239822082, "time_cost": 150, "final_distance_cost": 43.367078868088484, "oscillation_cost": 296.1480644671817, "completition_cost": 555.5555555555555, "overshoot_cost": 48.94807940100958, "power_cost": 31.446251184082033, "noise_cost": 25.15895273228263, "n_waypoints_completed": 4, "tot_waypoints": 9}}
{"target": -1998.4390133308095, "params": {"k_pid_pos": [0.023206016048789024, 0.12397018074989319, 0.05266815423965454], "k_pid_alt": [0.0, 0.11569172143936157, 0.6116436123847961], "k_pid_att": [99.9934310913086, 0.00010089405986946076, 0.9498816132545471], "k_pid_yaw": [0.5, 1e-06, 0.1], "k_pid_hsp": [9.923751831054688, 0.9897745847702026, 0.27498313784599304], "k_pid_vsp": [399.9997863769531, 375.9921569824219, 59.803436279296875]}, "datetime": {"datetime": "2025-08-13 14:46:23", "elapsed": 17911.159073114395, "delta": 29.72911310195923}, "costs": {"total_cost": 1998.4390133308095, "time_cost": 150, "final_distance_cost": 58.20880858419533, "oscillation_cost": 784.0865059584918, "completition_cost": 888.8888888888888, "overshoot_cost": 49.99562858496515, "power_cost": 38.822678906250005, "noise_cost": 28.436502408018487, "n_waypoints_completed": 1, "tot_waypoints": 9}}
{"target": -1355.99625422907, "params": {"k_pid_pos": [0.02316948026418686, 0.8497062921524048, 0.04333871603012085], "k_pid_alt": [0.0, 0.9999998807907104, 0.9314651489257812], "k_pid_att": [100.0, 0.0001187752714031376, 0.9472740888595581], "k_pid_yaw": [0.5, 1e-06, 0.1], "k_pid_hsp": [9.845697402954102, 0.97475266456604, 0.01652321219444275], "k_pid_vsp": [399.9951171875, 327.5877990722656, 7.260466575622559]}, "datetime": {"datetime": "2025-08-13 14:46:52", "elapsed": 17940.367109298706, "delta": 29.208036184310913}, "costs": {"total_cost": 1355.99625422907, "time_cost": 150, "final_distance_cost": 71.69954476423582, "oscillation_cost": 118.91955067076694, "completition_cost": 888.8888888888888, "overshoot_cost": 52.21255849780764, "power_cost": 39.74885191650391, "noise_cost": 34.5268594908669, "n_waypoints_completed": 1, "tot_waypoints": 9}}
{"target": -307.74064399909076, "params": {"k_pid_pos": [0.8043472766876221, 0.4626905620098114, 0.1108788251876831], "k_pid_alt": [0.0, 0.9999998807907104, 0.7761993408203125], "k_pid_att": [100.0, 9.999999747378752e-05, 0.96373450756073], "k_pid_yaw": [0.5, 1e-06, 0.1], "k_pid_hsp": [6.727235317230225, 0.8107315301895142, 0.01512598991394043], "k_pid_vsp": [400.0, 398.6837463378906, 60.886573791503906]}, "datetime": {"datetime": "2025-08-13 14:47:18", "elapsed": 17966.61243200302, "delta": 26.245322704315186}, "costs": {"total_cost": 307.74064399909076, "time_cost": 107.422, "final_distance_cost": 1.788892425067324, "oscillation_cost": 78.55660735016521, "completition_cost": 0.0, "overshoot_cost": 64.40949685691298, "power_cost": 28.949906494140627, "noise_cost": 26.61374087280463, "n_waypoints_completed": 9, "tot_waypoints": 9}}
{"target": -1577.9943402801773, "params": {"k_pid_pos": [1.2065047025680542, 0.4355895519256592, 0.07504719495773315], "k_pid_alt": [4.5299530029296875e-06, 1.823902130126953e-05, 0.9490305185317993], "k_pid_att": [100.0, 0.00010029802069766447, 0.49814707040786743], "k_pid_yaw": [0.5, 1e-06, 0.1], "k_pid_hsp": [7.975375175476074, 0.8466273546218872, 0.02200561761856079], "k_pid_vsp": [399.99969482421875, 389.9632568359375, 4.029203414916992]}, "datetime": {"datetime": "2025-08-13 14:47:47", "elapsed": 17996.01921105385, "delta": 29.406779050827026}, "costs": {"total_cost": 1577.9943402801773, "time_cost": 150, "final_distance_cost": 0.933834640490897, "oscillation_cost": 92.14529344640682, "completition_cost": 1000.0, "overshoot_cost": 163.0212189832915, "power_cost": 23.558032006835937, "noise_cost": 148.33596120315218, "n_waypoints_completed": 0, "tot_waypoints": 9}}
{"target": -1442.8431273508681, "params": {"k_pid_pos": [0.26178455352783203, 0.2618061304092407, 0.10911381244659424], "k_pid_alt": [1.233816146850586e-05, 0.15341448783874512, 0.8377689719200134], "k_pid_att": [100.0, 9.999999747378752e-05, 0.9682574272155762], "k_pid_yaw": [0.5, 1e-06, 0.1], "k_pid_hsp": [8.967223167419434, 0.9768474102020264, 0.1347290575504303], "k_pid_vsp": [399.99993896484375, 397.0606384277344, 14.044905662536621]}, "datetime": {"datetime": "2025-08-13 14:48:16", "elapsed": 18024.94306254387, "delta": 28.923851490020752}, "costs": {"total_cost": 1442.8431273508681, "time_cost": 150, "final_distance_cost": 51.10798782396543, "oscillation_cost": 676.4540732658559, "completition_cost": 444.4444444444444, "overshoot_cost": 56.142095208728435, "power_cost": 33.75810399169922, "noise_cost": 30.93642261617461, "n_waypoints_completed": 5, "tot_waypoints": 9}}
{"target": -1147.1575492256472, "params": {"k_pid_pos": [0.11375691741704941, 0.7313776612281799, 0.024316519498825073], "k_pid_alt": [1.9999351501464844, 1.0, 0.4038323163986206], "k_pid_att": [99.99998474121094, 0.05470386520028114, 0.9702376127243042], "k_pid_yaw": [0.5, 1e-06, 0.1], "k_pid_hsp": [9.168798446655273, 0.9861736297607422, 0.1625191569328308], "k_pid_vsp": [400.0, 395.9849853515625, 14.837456703186035]}, "datetime": {"datetime": "2025-08-13 14:48:46", "elapsed": 18054.153528928757, "delta": 29.210466384887695}, "costs": {"total_cost": 1147.1575492256472, "time_cost": 150, "final_distance_cost": 45.51058470443349, "oscillation_cost": 279.7585900075947, "completition_cost": 555.5555555555555, "overshoot_cost": 48.56447079587999, "power_cost": 36.29707703857422, "noise_cost": 31.47127112360946, "n_waypoints_completed": 4, "tot_waypoints": 9}}
{"target": -1743.8679736189004, "params": {"k_pid_pos": [0.14858616888523102, 0.41704028844833374, 0.6969163417816162], "k_pid_alt": [0.0, 0.3019734025001526, 0.788223385810852], "k_pid_att": [99.99998474121094, 9.999999747378752e-05, 0.7454947233200073], "k_pid_yaw": [0.5, 1e-06, 0.1], "k_pid_hsp": [9.357312202453613, 0.922203540802002, 0.04095140099525452], "k_pid_vsp": [399.99993896484375, 276.5352478027344, 8.765889167785645]}, "datetime": {"datetime": "2025-08-13 14:49:15", "elapsed": 18083.42318892479, "delta": 29.269659996032715}, "costs": {"total_cost": 1743.8679736189004, "time_cost": 150, "final_distance_cost": 51.25813377778419, "oscillation_cost": 757.2819331896195, "completition_cost": 666.6666666666667, "overshoot_cost": 60.623835403910526, "power_cost": 28.4726361328125, "noise_cost": 29.56476844810654, "n_waypoints_completed": 3, "tot_waypoints": 9}}
{"target": -1084.6099174214407, "params": {"k_pid_pos": [0.09684935957193375, 0.10041302442550659, 0.21128436923027039], "k_pid_alt": [0.0, 1.0, 0.5883046388626099], "k_pid_att": [100.0, 9.999999747378752e-05, 0.983911395072937], "k_pid_yaw": [0.5, 1e-06, 0.1], "k_pid_hsp": [9.259676933288574, 0.8849261999130249, 0.01920861005783081], "k_pid_vsp": [399.9999694824219, 396.9071350097656, 24.108911514282227]}, "datetime": {"datetime": "2025-08-13 14:49:44", "elapsed": 18112.94899392128, "delta": 29.52580499649048}, "costs": {"total_cost": 1084.6099174214407, "time_cost": 150, "final_distance_cost": 52.85931477611411, "oscillation_cost": 81.12677810422149, "completition_cost": 666.6666666666667, "overshoot_cost": 69.44406933658415, "power_cost": 32.56367419433594, "noise_cost": 31.949414343518264, "n_waypoints_completed": 3, "tot_waypoints": 9}}
{"target": -669.1037591619926, "params": {"k_pid_pos": [0.833450973033905, 0.14910078048706055, 0.28115472197532654], "k_pid_alt": [3.159046173095703e-06, 0.9999877214431763, 0.7549337148666382], "k_pid_att": [100.0, 9.999999747378752e-05, 0.9654965996742249], "k_pid_yaw": [0.5, 1e-06, 0.1], "k_pid_hsp": [9.46923828125, 0.9283324480056763, 0.02229294180870056], "k_pid_vsp": [399.9998474121094, 374.6065673828125, 7.838786602020264]}, "datetime": {"datetime": "2025-08-13 14:50:13", "elapsed": 18141.980673789978, "delta": 29.03167986869812}, "costs": {"total_cost": 669.1037591619926, "time_cost": 150, "final_distance_cost": 64.50213030854485, "oscillation_cost": 113.6724515950063, "completition_cost": 222.2222222222222, "overshoot_cost": 59.47463295690044, "power_cost": 28.624192138671877, "noise_cost": 30.60812994064689, "n_waypoints_completed": 7, "tot_waypoints": 9}}
