{"target": -1251.899543975533, "params": {"k_pid_pos": [0.01805035211145878, 0.0035321414470672607, 0.01703822612762451], "k_pid_alt": [0.0, 1.0, 0.9926646947860718], "k_pid_att": [100.0, 9.999999747378752e-05, 0.9896401166915894], "k_pid_yaw": [0.5, 1e-06, 0.1], "k_pid_hsp": [9.881711959838867, 0.9953938722610474, 0.004470199346542358], "k_pid_vsp": [400.0, 380.0196533203125, 16.34006690979004]}, "datetime": {"datetime": "2025-08-14 04:09:47", "elapsed": 66115.83031368256, "delta": 30.365113258361816}, "costs": {"total_cost": 1251.899543975533, "time_cost": 150, "final_distance_cost": 54.39290157384028, "oscillation_cost": 21.45894225525115, "completition_cost": 888.8888888888888, "overshoot_cost": 77.56501486649714, "power_cost": 31.088666345214847, "noise_cost": 28.50513004584086, "n_waypoints_completed": 1, "tot_waypoints": 9}}
{"target": -2448.1137952195545, "params": {"k_pid_pos": [0.052035700529813766, 0.02083072066307068, 0.045217812061309814], "k_pid_alt": [0.0, 1.0, 0.9916218519210815], "k_pid_att": [99.9940414428711, 9.999999747378752e-05, 0.9856181144714355], "k_pid_yaw": [0.5, 1e-06, 0.1], "k_pid_hsp": [9.794417381286621, 0.9944463968276978, 0.0625653862953186], "k_pid_vsp": [400.0, 389.6397399902344, 0.6327043175697327]}, "datetime": {"datetime": "2025-08-14 04:10:17", "elapsed": 66145.36075353622, "delta": 29.530439853668213}, "costs": {"total_cost": 2448.1137952195545, "time_cost": 150, "final_distance_cost": 517.6338756310136, "oscillation_cost": 401.6601650042255, "completition_cost": 888.8888888888888, "overshoot_cost": 441.9116050490234, "power_cost": 22.85835302734375, "noise_cost": 25.16090761905994, "n_waypoints_completed": 1, "tot_waypoints": 9}}
{"target": -1079.4086229243337, "params": {"k_pid_pos": [0.08286882936954498, 0.011038929224014282, 0.030468493700027466], "k_pid_alt": [0.0, 1.0, 0.9863078594207764], "k_pid_att": [100.0, 9.999999747378752e-05, 0.9911743402481079], "k_pid_yaw": [0.5, 1e-06, 0.1], "k_pid_hsp": [9.852422714233398, 0.9848614931106567, 0.007186442613601685], "k_pid_vsp": [399.99993896484375, 386.0733642578125, 2.1632680892944336]}, "datetime": {"datetime": "2025-08-14 04:10:45", "elapsed": 66173.84873437881, "delta": 28.487980842590332}, "costs": {"total_cost": 1079.4086229243337, "time_cost": 150, "final_distance_cost": 71.92908993225815, "oscillation_cost": 70.56937554827394, "completition_cost": 666.6666666666667, "overshoot_cost": 69.47436399973995, "power_cost": 21.210705322265625, "noise_cost": 29.55842145512936, "n_waypoints_completed": 3, "tot_waypoints": 9}}
{"target": -1020.5472055453907, "params": {"k_pid_pos": [0.12711216509342194, 0.02015906572341919, 0.010678023099899292], "k_pid_alt": [1.5735626220703125e-05, 1.0, 0.9753091335296631], "k_pid_att": [100.0, 0.001169594586826861, 0.9933128356933594], "k_pid_yaw": [0.5, 1e-06, 0.1], "k_pid_hsp": [9.96825885772705, 0.9881442785263062, 0.020706236362457275], "k_pid_vsp": [400.0, 364.7329406738281, 4.086352348327637]}, "datetime": {"datetime": "2025-08-14 04:11:15", "elapsed": 66203.53775048256, "delta": 29.689016103744507}, "costs": {"total_cost": 1020.5472055453907, "time_cost": 150, "final_distance_cost": 55.48043205799122, "oscillation_cost": 116.21300565382452, "completition_cost": 555.5555555555555, "overshoot_cost": 71.27566887535322, "power_cost": 36.01581239013672, "noise_cost": 36.00673101252958, "n_waypoints_completed": 4, "tot_waypoints": 9}}
{"target": -1263.6520312860982, "params": {"k_pid_pos": [0.01671384461224079, 0.01064261794090271, 0.009479999542236328], "k_pid_alt": [0.0, 1.0, 0.9475943446159363], "k_pid_att": [100.0, 9.999999747378752e-05, 0.9956037998199463], "k_pid_yaw": [0.5, 1e-06, 0.1], "k_pid_hsp": [9.914748191833496, 0.991357147693634, 0.007575720548629761], "k_pid_vsp": [400.0, 394.8904113769531, 7.353974342346191]}, "datetime": {"datetime": "2025-08-14 04:11:45", "elapsed": 66233.73945951462, "delta": 30.201709032058716}, "costs": {"total_cost": 1263.6520312860982, "time_cost": 150, "final_distance_cost": 59.71986304310579, "oscillation_cost": 23.71583052159878, "completition_cost": 888.8888888888888, "overshoot_cost": 84.80340362832028, "power_cost": 26.417630908203126, "noise_cost": 30.106414295981544, "n_waypoints_completed": 1, "tot_waypoints": 9}}
{"target": -851.4362163785561, "params": {"k_pid_pos": [0.11544078588485718, 0.042897552251815796, 0.022552937269210815], "k_pid_alt": [0.0, 1.0, 0.9877660274505615], "k_pid_att": [100.0, 0.00029669335344806314, 0.9986964464187622], "k_pid_yaw": [0.5, 1e-06, 0.1], "k_pid_hsp": [9.867618560791016, 0.921898603439331, 0.013621240854263306], "k_pid_vsp": [400.0, 398.32867431640625, 38.28257369995117]}, "datetime": {"datetime": "2025-08-14 04:12:15", "elapsed": 66263.41785168648, "delta": 29.67839217185974}, "costs": {"total_cost": 851.4362163785561, "time_cost": 150, "final_distance_cost": 50.58896120610114, "oscillation_cost": 72.49824139995351, "completition_cost": 444.4444444444444, "overshoot_cost": 70.70478674605044, "power_cost": 32.36384959716797, "noise_cost": 30.835932984838667, "n_waypoints_completed": 5, "tot_waypoints": 9}}
{"target": -1278.9155362494557, "params": {"k_pid_pos": [0.030092928558588028, 0.0034013688564300537, 0.0077932775020599365], "k_pid_alt": [0.002852797508239746, 1.0, 0.9905876517295837], "k_pid_att": [100.0, 9.999999747378752e-05, 0.979267418384552], "k_pid_yaw": [0.5, 1e-06, 0.1], "k_pid_hsp": [9.927431106567383, 0.9979362487792969, 0.032157957553863525], "k_pid_vsp": [400.0, 392.57489013671875, 0.854004442691803]}, "datetime": {"datetime": "2025-08-14 04:12:42", "elapsed": 66290.55747318268, "delta": 27.13962149620056}, "costs": {"total_cost": 1278.9155362494557, "time_cost": 150, "final_distance_cost": 65.99704015804502, "oscillation_cost": 42.705349595653615, "completition_cost": 888.8888888888888, "overshoot_cost": 69.1417260576203, "power_cost": 30.169656884765626, "noise_cost": 32.01287466448237, "n_waypoints_completed": 1, "tot_waypoints": 9}}
{"target": -1700.0728953679427, "params": {"k_pid_pos": [0.004674189258366823, 0.07667815685272217, 0.10219728946685791], "k_pid_alt": [0.0, 1.0, 0.9726157188415527], "k_pid_att": [100.0, 9.999999747378752e-05, 0.9607623815536499], "k_pid_yaw": [0.5, 1e-06, 0.1], "k_pid_hsp": [9.639852523803711, 0.988483190536499, 0.06446292996406555], "k_pid_vsp": [400.0, 398.4637145996094, 2.0771870613098145]}, "datetime": {"datetime": "2025-08-14 04:13:11", "elapsed": 66319.7942302227, "delta": 29.236757040023804}, "costs": {"total_cost": 1700.0728953679427, "time_cost": 150, "final_distance_cost": 72.6051277367001, "oscillation_cost": 524.1475934828107, "completition_cost": 777.7777777777778, "overshoot_cost": 102.40092760053103, "power_cost": 42.7194658203125, "noise_cost": 30.422002949810338, "n_waypoints_completed": 2, "tot_waypoints": 9}}
{"target": -1177.862001304288, "params": {"k_pid_pos": [0.014379247091710567, 0.0449337363243103, 0.012629836797714233], "k_pid_alt": [0.0, 1.0, 0.9745861291885376], "k_pid_att": [100.0, 9.999999747378752e-05, 0.997206449508667], "k_pid_yaw": [0.5, 1e-06, 0.1], "k_pid_hsp": [9.863447189331055, 0.9879077672958374, 0.003520578145980835], "k_pid_vsp": [400.0, 394.93499755859375, 31.53593635559082]}, "datetime": {"datetime": "2025-08-14 04:13:42", "elapsed": 66350.43911194801, "delta": 30.64488172531128}, "costs": {"total_cost": 1177.862001304288, "time_cost": 150, "final_distance_cost": 83.84104543247369, "oscillation_cost": 27.585146564984775, "completition_cost": 777.7777777777778, "overshoot_cost": 84.69049008349528, "power_cost": 26.853231262207032, "noise_cost": 27.1143101833492, "n_waypoints_completed": 2, "tot_waypoints": 9}}
{"target": -1431.8873067390011, "params": {"k_pid_pos": [0.01623828336596489, 0.007047712802886963, 0.007993191480636597], "k_pid_alt": [0.0, 1.0, 0.9886331558227539], "k_pid_att": [100.0, 9.999999747378752e-05, 0.9927297234535217], "k_pid_yaw": [0.5, 1e-06, 0.1], "k_pid_hsp": [9.816123962402344, 0.993000864982605, 0.09953293204307556], "k_pid_vsp": [400.0, 384.9258117675781, 8.921635627746582]}, "datetime": {"datetime": "2025-08-14 04:14:10", "elapsed": 66378.84212231636, "delta": 28.403010368347168}, "costs": {"total_cost": 1431.8873067390011, "time_cost": 150, "final_distance_cost": 65.2223043298909, "oscillation_cost": 181.54337200800038, "completition_cost": 888.8888888888888, "overshoot_cost": 85.81380526613324, "power_cost": 32.77328687744141, "noise_cost": 27.64564936864655, "n_waypoints_completed": 1, "tot_waypoints": 9}}
{"target": -1287.426913037298, "params": {"k_pid_pos": [0.039202746003866196, 0.006375908851623535, 0.004807502031326294], "k_pid_alt": [0.0, 1.0, 0.997135579586029], "k_pid_att": [100.0, 9.999999747378752e-05, 0.9948664903640747], "k_pid_yaw": [0.5, 1e-06, 0.1], "k_pid_hsp": [9.17997932434082, 0.9624918699264526, 0.044983088970184326], "k_pid_vsp": [400.0, 388.5174865722656, 15.581680297851562]}, "datetime": {"datetime": "2025-08-14 04:14:39", "elapsed": 66407.40812826157, "delta": 28.56600594520569}, "costs": {"total_cost": 1287.426913037298, "time_cost": 150, "final_distance_cost": 66.15893256612887, "oscillation_cost": 73.6238659626924, "completition_cost": 888.8888888888888, "overshoot_cost": 60.631821746522945, "power_cost": 22.456321337890625, "noise_cost": 25.66708253517434, "n_waypoints_completed": 1, "tot_waypoints": 9}}
{"target": -1275.1047994584342, "params": {"k_pid_pos": [0.01722397468984127, 0.024980604648590088, 0.016813457012176514], "k_pid_alt": [0.07570379972457886, 0.9811321496963501, 0.9966917037963867], "k_pid_att": [99.99999237060547, 0.00011162278678966686, 0.9730589389801025], "k_pid_yaw": [0.5, 1e-06, 0.1], "k_pid_hsp": [9.859447479248047, 0.9918320775032043, 0.01197052001953125], "k_pid_vsp": [400.0, 389.3014831542969, 9.111739158630371]}, "datetime": {"datetime": "2025-08-14 04:15:08", "elapsed": 66436.12216210365, "delta": 28.714033842086792}, "costs": {"total_cost": 1275.1047994584342, "time_cost": 150, "final_distance_cost": 72.4472544324522, "oscillation_cost": 30.57121521490423, "completition_cost": 888.8888888888888, "overshoot_cost": 73.91449474353864, "power_cost": 30.42016970214844, "noise_cost": 28.86277647650172, "n_waypoints_completed": 1, "tot_waypoints": 9}}
{"target": -1240.1546364682808, "params": {"k_pid_pos": [0.02700001932680607, 0.009635955095291138, 0.008090466260910034], "k_pid_alt": [0.0, 1.0, 0.9342404007911682], "k_pid_att": [0.23603737354278564, 9.999999747378752e-05, 0.993638277053833], "k_pid_yaw": [0.5, 1e-06, 0.1], "k_pid_hsp": [9.925848007202148, 0.9891820549964905, 0.013557285070419312], "k_pid_vsp": [400.0, 394.384765625, 8.450032234191895]}, "datetime": {"datetime": "2025-08-14 04:15:37", "elapsed": 66465.68422412872, "delta": 29.56206202507019}, "costs": {"total_cost": 1240.1546364682808, "time_cost": 150, "final_distance_cost": 62.750911689259254, "oscillation_cost": 14.067107403301573, "completition_cost": 888.8888888888888, "overshoot_cost": 70.32948837629077, "power_cost": 26.885075073242188, "noise_cost": 27.23316503729836, "n_waypoints_completed": 1, "tot_waypoints": 9}}
{"target": -1172.4104634728014, "params": {"k_pid_pos": [0.04973704367876053, 0.005527526140213013, 0.00609433650970459], "k_pid_alt": [0.0, 0.9998836517333984, 0.987635612487793], "k_pid_att": [100.0, 9.999999747378752e-05, 0.9313402771949768], "k_pid_yaw": [0.5, 1e-06, 0.1], "k_pid_hsp": [9.653923034667969, 0.990254282951355, 0.014668762683868408], "k_pid_vsp": [400.0, 398.7115478515625, 6.071365833282471]}, "datetime": {"datetime": "2025-08-14 04:16:04", "elapsed": 66493.0187997818, "delta": 27.334575653076172}, "costs": {"total_cost": 1172.4104634728014, "time_cost": 150, "final_distance_cost": 77.58997440676984, "oscillation_cost": 34.844965291317834, "completition_cost": 777.7777777777778, "overshoot_cost": 71.39763929534165, "power_cost": 28.47284451904297, "noise_cost": 32.32726218255123, "n_waypoints_completed": 2, "tot_waypoints": 9}}
{"target": -966.1036889972008, "params": {"k_pid_pos": [0.11390639841556549, 0.04198077321052551, 0.018033772706985474], "k_pid_alt": [0.0, 1.0, 0.9907779097557068], "k_pid_att": [100.0, 9.999999747378752e-05, 0.9682170152664185], "k_pid_yaw": [0.5, 1e-06, 0.1], "k_pid_hsp": [9.917943000793457, 0.943210244178772, 0.004955083131790161], "k_pid_vsp": [400.0, 391.9958801269531, 5.74320650100708]}, "datetime": {"datetime": "2025-08-14 04:16:33", "elapsed": 66521.80728054047, "delta": 28.788480758666992}, "costs": {"total_cost": 966.1036889972008, "time_cost": 150, "final_distance_cost": 44.95324692207002, "oscillation_cost": 98.38800265675118, "completition_cost": 555.5555555555555, "overshoot_cost": 71.50380160150087, "power_cost": 16.773788916015626, "noise_cost": 28.929293345307517, "n_waypoints_completed": 4, "tot_waypoints": 9}}
{"target": -1241.1564173527886, "params": {"k_pid_pos": [0.030564675107598305, 0.03809860348701477, 0.022852331399917603], "k_pid_alt": [0.0, 1.0, 0.9818136692047119], "k_pid_att": [100.0, 9.999999747378752e-05, 0.9969631433486938], "k_pid_yaw": [0.5, 1e-06, 0.1], "k_pid_hsp": [9.989984512329102, 0.9877510666847229, 0.022894978523254395], "k_pid_vsp": [400.0, 399.68463134765625, 3.528512477874756]}, "datetime": {"datetime": "2025-08-14 04:17:02", "elapsed": 66550.51712369919, "delta": 28.709843158721924}, "costs": {"total_cost": 1241.1564173527886, "time_cost": 150, "final_distance_cost": 89.63104290560725, "oscillation_cost": 89.17775582803294, "completition_cost": 777.7777777777778, "overshoot_cost": 81.00460471476812, "power_cost": 23.766461730957033, "noise_cost": 29.798774395645303, "n_waypoints_completed": 2, "tot_waypoints": 9}}
{"target": -1172.981376949434, "params": {"k_pid_pos": [0.037476442754268646, 0.012712627649307251, 0.06733763217926025], "k_pid_alt": [0.0, 1.0, 0.9952713251113892], "k_pid_att": [100.0, 9.999999747378752e-05, 0.9956697225570679], "k_pid_yaw": [0.5, 1e-06, 0.1], "k_pid_hsp": [9.894721031188965, 0.9911843538284302, 0.00781923532485962], "k_pid_vsp": [400.0, 399.0249938964844, 4.531038761138916]}, "datetime": {"datetime": "2025-08-14 04:17:30", "elapsed": 66578.82152819633, "delta": 28.304404497146606}, "costs": {"total_cost": 1172.981376949434, "time_cost": 150, "final_distance_cost": 85.43336495327534, "oscillation_cost": 28.88038699574043, "completition_cost": 777.7777777777778, "overshoot_cost": 72.38369324812105, "power_cost": 26.766584802246093, "noise_cost": 31.739569172273054, "n_waypoints_completed": 2, "tot_waypoints": 9}}
{"target": -1204.6017900684406, "params": {"k_pid_pos": [0.040052905678749084, 0.028391927480697632, 0.003939956426620483], "k_pid_alt": [0.0, 1.0, 0.9777601957321167], "k_pid_att": [100.0, 9.999999747378752e-05, 0.9832381010055542], "k_pid_yaw": [0.5, 1e-06, 0.1], "k_pid_hsp": [9.875107765197754, 0.9905052781105042, 0.002936422824859619], "k_pid_vsp": [400.0, 392.25689697265625, 1.8782505989074707]}, "datetime": {"datetime": "2025-08-14 04:17:58", "elapsed": 66606.44537091255, "delta": 27.62384271621704}, "costs": {"total_cost": 1204.6017900684406, "time_cost": 150, "final_distance_cost": 90.56810784850572, "oscillation_cost": 40.769612767258074, "completition_cost": 777.7777777777778, "overshoot_cost": 77.40782435222553, "power_cost": 33.947145007324224, "noise_cost": 34.13132231534907, "n_waypoints_completed": 2, "tot_waypoints": 9}}
{"target": -952.2467433645162, "params": {"k_pid_pos": [0.07525138556957245, 0.047580599784851074, 0.002238333225250244], "k_pid_alt": [0.11201155185699463, 1.0, 0.9679630994796753], "k_pid_att": [100.0, 9.999999747378752e-05, 0.9873554706573486], "k_pid_yaw": [0.5, 1e-06, 0.1], "k_pid_hsp": [9.908366203308105, 0.9939566850662231, 0.010892629623413086], "k_pid_vsp": [400.0, 399.2265625, 5.16790246963501]}, "datetime": {"datetime": "2025-08-14 04:18:27", "elapsed": 66635.92767930031, "delta": 29.482308387756348}, "costs": {"total_cost": 952.2467433645162, "time_cost": 150, "final_distance_cost": 53.65249186739576, "oscillation_cost": 55.985484957640196, "completition_cost": 555.5555555555555, "overshoot_cost": 75.65536923074264, "power_cost": 27.58224617919922, "noise_cost": 33.81559557398277, "n_waypoints_completed": 4, "tot_waypoints": 9}}
{"target": -1217.981970666128, "params": {"k_pid_pos": [0.05452674999833107, 0.02309441566467285, 0.045915186405181885], "k_pid_alt": [0.0, 1.0, 0.9993870854377747], "k_pid_att": [100.0, 9.999999747378752e-05, 0.9925881624221802], "k_pid_yaw": [0.5, 1e-06, 0.1], "k_pid_hsp": [9.602326393127441, 0.9867743253707886, 0.014437496662139893], "k_pid_vsp": [400.0, 393.6023254394531, 3.7026891708374023]}, "datetime": {"datetime": "2025-08-14 04:18:57", "elapsed": 66665.18027067184, "delta": 29.252591371536255}, "costs": {"total_cost": 1217.981970666128, "time_cost": 150, "final_distance_cost": 85.58943676160425, "oscillation_cost": 52.07659936532987, "completition_cost": 777.7777777777778, "overshoot_cost": 77.22279553685873, "power_cost": 40.19010604248047, "noise_cost": 35.12525518207695, "n_waypoints_completed": 2, "tot_waypoints": 9}}
{"target": -1297.9945080488644, "params": {"k_pid_pos": [0.036947596818208694, 0.006810426712036133, 0.014060288667678833], "k_pid_alt": [0.0, 1.0, 0.9711350202560425], "k_pid_att": [100.0, 9.999999747378752e-05, 0.9917675256729126], "k_pid_yaw": [0.5, 1e-06, 0.1], "k_pid_hsp": [9.90766716003418, 0.9958833456039429, 0.018445193767547607], "k_pid_vsp": [400.0, 383.4625549316406, 2.0264992713928223]}, "datetime": {"datetime": "2025-08-14 04:19:25", "elapsed": 66693.40336561203, "delta": 28.223094940185547}, "costs": {"total_cost": 1297.9945080488644, "time_cost": 150, "final_distance_cost": 64.71161768441223, "oscillation_cost": 75.06536601995845, "completition_cost": 888.8888888888888, "overshoot_cost": 62.25237790194964, "power_cost": 26.25058834228516, "noise_cost": 30.825669211370307, "n_waypoints_completed": 1, "tot_waypoints": 9}}
{"target": -1167.1144903134502, "params": {"k_pid_pos": [0.043818894773721695, 0.011230379343032837, 0.05771741271018982], "k_pid_alt": [0.0, 1.0, 0.9569058418273926], "k_pid_att": [100.0, 9.999999747378752e-05, 0.9744620323181152], "k_pid_yaw": [0.5, 1e-06, 0.1], "k_pid_hsp": [9.8280029296875, 0.9805066585540771, 0.0026110708713531494], "k_pid_vsp": [400.0, 372.62884521484375, 8.658958435058594]}, "datetime": {"datetime": "2025-08-14 04:19:53", "elapsed": 66721.21844983101, "delta": 27.815084218978882}, "costs": {"total_cost": 1167.1144903134502, "time_cost": 150, "final_distance_cost": 76.20481468635137, "oscillation_cost": 38.894848472931415, "completition_cost": 777.7777777777778, "overshoot_cost": 74.99704124376468, "power_cost": 21.035987841796874, "noise_cost": 28.204020290828076, "n_waypoints_completed": 2, "tot_waypoints": 9}}
{"target": -1625.79955376794, "params": {"k_pid_pos": [0.09955264627933502, 0.04008623957633972, 0.012995868921279907], "k_pid_alt": [0.0, 1.0, 0.9491726160049438], "k_pid_att": [100.0, 0.00010357623978052288, 0.9988183379173279], "k_pid_yaw": [0.5, 1e-06, 0.1], "k_pid_hsp": [9.808018684387207, 0.9938660264015198, 0.3269948959350586], "k_pid_vsp": [400.0, 386.0233154296875, 6.934536457061768]}, "datetime": {"datetime": "2025-08-14 04:20:21", "elapsed": 66749.45104980469, "delta": 28.23259997367859}, "costs": {"total_cost": 1625.79955376794, "time_cost": 150, "final_distance_cost": 46.07052282435507, "oscillation_cost": 739.7678225896981, "completition_cost": 555.5555555555555, "overshoot_cost": 73.87424154461748, "power_cost": 30.849306689453126, "noise_cost": 29.682104564260726, "n_waypoints_completed": 4, "tot_waypoints": 9}}
{"target": -1714.2470221027302, "params": {"k_pid_pos": [0.04868149757385254, 0.01036021113395691, 0.006777733564376831], "k_pid_alt": [0.0, 1.0, 0.9983063340187073], "k_pid_att": [100.0, 9.999999747378752e-05, 0.983160674571991], "k_pid_yaw": [0.5, 1e-06, 0.1], "k_pid_hsp": [9.77479362487793, 0.9895838499069214, 0.1271611750125885], "k_pid_vsp": [400.0, 396.14849853515625, 4.645491600036621]}, "datetime": {"datetime": "2025-08-14 04:20:49", "elapsed": 66777.8507847786, "delta": 28.39973497390747}, "costs": {"total_cost": 1714.2470221027302, "time_cost": 150, "final_distance_cost": 81.84948572911749, "oscillation_cost": 573.0855025523321, "completition_cost": 777.7777777777778, "overshoot_cost": 73.22552809220925, "power_cost": 30.8948841796875, "noise_cost": 27.41384377160604, "n_waypoints_completed": 2, "tot_waypoints": 9}}
{"target": -1291.8983425510812, "params": {"k_pid_pos": [0.002235527615994215, 0.019122451543807983, 0.02310696244239807], "k_pid_alt": [0.0, 1.0, 0.9820290803909302], "k_pid_att": [100.0, 9.999999747378752e-05, 0.9974133968353271], "k_pid_yaw": [0.5, 1e-06, 0.1], "k_pid_hsp": [9.906318664550781, 0.9977830648422241, 0.012624472379684448], "k_pid_vsp": [400.0, 397.5013427734375, 1.8475184440612793]}, "datetime": {"datetime": "2025-08-14 04:21:18", "elapsed": 66806.32674026489, "delta": 28.475955486297607}, "costs": {"total_cost": 1291.8983425510812, "time_cost": 150, "final_distance_cost": 51.82573281373073, "oscillation_cost": 21.73585226647058, "completition_cost": 888.8888888888888, "overshoot_cost": 119.1426706222196, "power_cost": 28.134359118652345, "noise_cost": 32.17083884111909, "n_waypoints_completed": 1, "tot_waypoints": 9}}
