{"target": -1257.5100160743214, "params": {"k_pid_pos": [0.023482924327254295, 0.0031220614910125732, 0.035395294427871704], "k_pid_alt": [0.0, 1.0, 0.9947168827056885], "k_pid_att": [100.0, 9.999999747378752e-05, 0.9887453317642212], "k_pid_yaw": [0.5, 1e-06, 0.1], "k_pid_hsp": [9.645491600036621, 0.9875816106796265, 0.013048171997070312], "k_pid_vsp": [400.0, 399.52484130859375, 0.38166147470474243]}, "datetime": {"datetime": "2025-08-14 02:07:01", "elapsed": 58749.6655626297, "delta": 32.01963758468628}, "costs": {"total_cost": 1257.5100160743214, "time_cost": 150, "final_distance_cost": 57.631198539431495, "oscillation_cost": 29.320183646694527, "completition_cost": 888.8888888888888, "overshoot_cost": 75.3700576242786, "power_cost": 25.042308032226565, "noise_cost": 31.25737934280146, "n_waypoints_completed": 1, "tot_waypoints": 9}}
{"target": -1280.2793421161223, "params": {"k_pid_pos": [0.003256623400375247, 0.04041016101837158, 0.036571651697158813], "k_pid_alt": [0.0, 1.0, 0.9733527302742004], "k_pid_att": [100.0, 0.0001074505053111352, 0.9856376051902771], "k_pid_yaw": [0.5, 1e-06, 0.1], "k_pid_hsp": [9.969096183776855, 0.9827126860618591, 0.0039370059967041016], "k_pid_vsp": [400.0, 397.7017517089844, 3.5008559226989746]}, "datetime": {"datetime": "2025-08-14 02:07:31", "elapsed": 58779.86650490761, "delta": 30.200942277908325}, "costs": {"total_cost": 1280.2793421161223, "time_cost": 150, "final_distance_cost": 58.86180780844436, "oscillation_cost": 25.986134319640506, "completition_cost": 888.8888888888888, "overshoot_cost": 106.46631643464332, "power_cost": 20.46731700439453, "noise_cost": 29.608877660110807, "n_waypoints_completed": 1, "tot_waypoints": 9}}
{"target": -369.0491981689782, "params": {"k_pid_pos": [0.29908910393714905, 0.01778426766395569, 0.027736783027648926], "k_pid_alt": [0.09253948926925659, 1.0, 0.9741853475570679], "k_pid_att": [100.0, 9.999999747378752e-05, 0.9957234859466553], "k_pid_yaw": [0.5, 1e-06, 0.1], "k_pid_hsp": [9.867324829101562, 0.9912339448928833, 0.012649893760681152], "k_pid_vsp": [400.0, 392.8184814453125, 8.96961784362793]}, "datetime": {"datetime": "2025-08-14 02:08:00", "elapsed": 58808.31359362602, "delta": 28.447088718414307}, "costs": {"total_cost": 369.0491981689782, "time_cost": 117.824, "final_distance_cost": 1.8479748822433364, "oscillation_cost": 126.54119776161014, "completition_cost": 0.0, "overshoot_cost": 66.732806174117, "power_cost": 23.506633825683593, "noise_cost": 32.59658552532416, "n_waypoints_completed": 9, "tot_waypoints": 9}}
{"target": -1285.6214067728147, "params": {"k_pid_pos": [0.004116675350815058, 0.09411400556564331, 0.004715263843536377], "k_pid_alt": [0.0, 0.9956045150756836, 0.9952290058135986], "k_pid_att": [100.0, 9.999999747378752e-05, 0.932968258857727], "k_pid_yaw": [0.5, 1e-06, 0.1], "k_pid_hsp": [9.651654243469238, 0.9923751354217529, 0.0047242045402526855], "k_pid_vsp": [400.0, 351.7503662109375, 0.8540998101234436]}, "datetime": {"datetime": "2025-08-14 02:08:31", "elapsed": 58839.87328624725, "delta": 31.55969262123108}, "costs": {"total_cost": 1285.6214067728147, "time_cost": 150, "final_distance_cost": 67.39572330192648, "oscillation_cost": 53.00191122504871, "completition_cost": 888.8888888888888, "overshoot_cost": 70.02489739552317, "power_cost": 25.002199768066408, "noise_cost": 31.30778619336116, "n_waypoints_completed": 1, "tot_waypoints": 9}}
{"target": -931.4288125091657, "params": {"k_pid_pos": [0.1412534862756729, 0.008165299892425537, 0.018564283847808838], "k_pid_alt": [0.0, 1.0, 0.9842433929443359], "k_pid_att": [100.0, 0.00010029802069766447, 0.9954453110694885], "k_pid_yaw": [0.5, 1e-06, 0.1], "k_pid_hsp": [9.784980773925781, 0.9976035356521606, 0.0036368966102600098], "k_pid_vsp": [400.0, 397.79931640625, 4.693795204162598]}, "datetime": {"datetime": "2025-08-14 02:09:02", "elapsed": 58870.7166621685, "delta": 30.84337592124939}, "costs": {"total_cost": 931.4288125091657, "time_cost": 150, "final_distance_cost": 42.78517602409933, "oscillation_cost": 55.5405006192832, "completition_cost": 555.5555555555555, "overshoot_cost": 68.80310812686477, "power_cost": 25.465430493164064, "noise_cost": 33.27904169019883, "n_waypoints_completed": 4, "tot_waypoints": 9}}
{"target": -1045.416016456144, "params": {"k_pid_pos": [0.10302378982305527, 0.011075049638748169, 0.00926557183265686], "k_pid_alt": [2.771615982055664e-05, 1.0, 0.968029260635376], "k_pid_att": [100.0, 9.999999747378752e-05, 0.9995486736297607], "k_pid_yaw": [0.5, 1e-06, 0.1], "k_pid_hsp": [9.293526649475098, 0.9898701906204224, 0.011460185050964355], "k_pid_vsp": [30.018091201782227, 395.2388916015625, 7.479120254516602]}, "datetime": {"datetime": "2025-08-14 02:09:32", "elapsed": 58900.49479055405, "delta": 29.778128385543823}, "costs": {"total_cost": 1045.416016456144, "time_cost": 150, "final_distance_cost": 54.92754871543057, "oscillation_cost": 54.84846642966932, "completition_cost": 666.6666666666667, "overshoot_cost": 67.0110541902338, "power_cost": 21.88396483154297, "noise_cost": 30.078315622600694, "n_waypoints_completed": 3, "tot_waypoints": 9}}
{"target": -1245.4025906405927, "params": {"k_pid_pos": [0.01158780325204134, 0.0035202205181121826, 0.022353798151016235], "k_pid_alt": [1.1920928955078125e-07, 1.0, 0.9857691526412964], "k_pid_att": [100.0, 9.999999747378752e-05, 0.9628481864929199], "k_pid_yaw": [0.5, 1e-06, 0.1], "k_pid_hsp": [9.8936128616333, 0.9791765213012695, 0.01773950457572937], "k_pid_vsp": [400.0, 396.5544738769531, 5.838871955871582]}, "datetime": {"datetime": "2025-08-14 02:10:01", "elapsed": 58929.78450727463, "delta": 29.289716720581055}, "costs": {"total_cost": 1245.4025906405927, "time_cost": 150, "final_distance_cost": 45.04075018732512, "oscillation_cost": 35.202228973731074, "completition_cost": 888.8888888888888, "overshoot_cost": 70.97162989642433, "power_cost": 24.642981494140628, "noise_cost": 30.6561112000827, "n_waypoints_completed": 1, "tot_waypoints": 9}}
{"target": -931.1080863891369, "params": {"k_pid_pos": [0.09704878181219101, 0.02087569236755371, 0.014706015586853027], "k_pid_alt": [0.0, 1.0, 0.9972810745239258], "k_pid_att": [100.0, 9.999999747378752e-05, 0.9902971982955933], "k_pid_yaw": [0.5, 1e-06, 0.1], "k_pid_hsp": [9.95982551574707, 0.9801737070083618, 0.007864713668823242], "k_pid_vsp": [400.0, 394.7381896972656, 6.981707572937012]}, "datetime": {"datetime": "2025-08-14 02:10:32", "elapsed": 58960.88459467888, "delta": 31.1000874042511}, "costs": {"total_cost": 931.1080863891369, "time_cost": 150, "final_distance_cost": 46.58386885261149, "oscillation_cost": 49.95560881515137, "completition_cost": 555.5555555555555, "overshoot_cost": 71.8936235322129, "power_cost": 25.063698181152343, "noise_cost": 32.0557314524533, "n_waypoints_completed": 4, "tot_waypoints": 9}}
{"target": -1193.4699047008223, "params": {"k_pid_pos": [0.06438688933849335, 0.009136706590652466, 0.029990822076797485], "k_pid_alt": [0.0, 1.0, 0.9720607995986938], "k_pid_att": [99.99584197998047, 9.999999747378752e-05, 0.9908090829849243], "k_pid_yaw": [0.5, 1e-06, 0.1], "k_pid_hsp": [9.872051239013672, 0.99616539478302, 0.016770273447036743], "k_pid_vsp": [400.0, 395.19390869140625, 6.177497863769531]}, "datetime": {"datetime": "2025-08-14 02:11:04", "elapsed": 58992.18595480919, "delta": 31.30136013031006}, "costs": {"total_cost": 1193.4699047008223, "time_cost": 150, "final_distance_cost": 96.18749323947581, "oscillation_cost": 41.47768553582345, "completition_cost": 777.7777777777778, "overshoot_cost": 67.46276942049775, "power_cost": 28.449150317382813, "noise_cost": 32.11502840986431, "n_waypoints_completed": 2, "tot_waypoints": 9}}
{"target": -1129.4601722492962, "params": {"k_pid_pos": [0.03333907574415207, 0.011426687240600586, 0.05099821090698242], "k_pid_alt": [4.410743713378906e-06, 1.0, 0.9768946766853333], "k_pid_att": [100.0, 9.999999747378752e-05, 0.9784489274024963], "k_pid_yaw": [0.5, 1e-06, 0.1], "k_pid_hsp": [8.646100044250488, 0.9856184124946594, 0.0032698512077331543], "k_pid_vsp": [400.0, 395.7027893066406, 6.862545967102051]}, "datetime": {"datetime": "2025-08-14 02:11:34", "elapsed": 59022.122519254684, "delta": 29.936564445495605}, "costs": {"total_cost": 1129.4601722492962, "time_cost": 150, "final_distance_cost": 63.36529014839147, "oscillation_cost": 19.035722684631114, "completition_cost": 777.7777777777778, "overshoot_cost": 66.66525983930251, "power_cost": 21.809601428222656, "noise_cost": 30.806520370970702, "n_waypoints_completed": 2, "tot_waypoints": 9}}
{"target": -1268.8730929423346, "params": {"k_pid_pos": [0.014440696686506271, 0.023982465267181396, 0.009212285280227661], "k_pid_alt": [0.0, 0.9838672876358032, 0.9753587245941162], "k_pid_att": [100.0, 9.999999747378752e-05, 0.9768164157867432], "k_pid_yaw": [0.5, 1e-06, 0.1], "k_pid_hsp": [9.880019187927246, 0.990160346031189, 0.006510794162750244], "k_pid_vsp": [400.0, 398.49658203125, 7.205141544342041]}, "datetime": {"datetime": "2025-08-14 02:12:04", "elapsed": 59052.29525899887, "delta": 30.1727397441864}, "costs": {"total_cost": 1268.8730929423346, "time_cost": 150, "final_distance_cost": 62.17200113533574, "oscillation_cost": 27.74573632774966, "completition_cost": 888.8888888888888, "overshoot_cost": 81.42754300902672, "power_cost": 28.526157678222656, "noise_cost": 30.11276590311074, "n_waypoints_completed": 1, "tot_waypoints": 9}}
{"target": -1290.5998667429558, "params": {"k_pid_pos": [0.007934578694403172, 0.018357425928115845, 0.01160094141960144], "k_pid_alt": [0.0, 1.0, 0.992241621017456], "k_pid_att": [100.0, 9.999999747378752e-05, 0.985313892364502], "k_pid_yaw": [0.5, 1e-06, 0.1], "k_pid_hsp": [9.609973907470703, 0.9785052537918091, 0.013372451066970825], "k_pid_vsp": [400.0, 389.86859130859375, 12.833453178405762]}, "datetime": {"datetime": "2025-08-14 02:12:33", "elapsed": 59082.05254268646, "delta": 29.757283687591553}, "costs": {"total_cost": 1290.5998667429558, "time_cost": 150, "final_distance_cost": 54.43708639573426, "oscillation_cost": 48.04600823310934, "completition_cost": 888.8888888888888, "overshoot_cost": 99.52220890860318, "power_cost": 22.319708068847657, "noise_cost": 27.385966247772597, "n_waypoints_completed": 1, "tot_waypoints": 9}}
{"target": -1261.8606097257627, "params": {"k_pid_pos": [0.027989167720079422, 0.004170775413513184, 0.01445820927619934], "k_pid_alt": [0.0, 1.0, 0.9925694465637207], "k_pid_att": [100.0, 9.999999747378752e-05, 0.9859915971755981], "k_pid_yaw": [0.5, 1e-06, 0.1], "k_pid_hsp": [9.820734024047852, 0.9896685481071472, 0.004672199487686157], "k_pid_vsp": [400.0, 385.41326904296875, 9.47219181060791]}, "datetime": {"datetime": "2025-08-14 02:13:04", "elapsed": 59112.7904214859, "delta": 30.737878799438477}, "costs": {"total_cost": 1261.8606097257627, "time_cost": 150, "final_distance_cost": 64.82431313168026, "oscillation_cost": 41.208577035515574, "completition_cost": 888.8888888888888, "overshoot_cost": 71.00215997367164, "power_cost": 19.52687872314453, "noise_cost": 26.40979197286178, "n_waypoints_completed": 1, "tot_waypoints": 9}}
{"target": -1255.881411591142, "params": {"k_pid_pos": [0.024038471281528473, 0.005328118801116943, 0.00839388370513916], "k_pid_alt": [0.0, 1.0, 0.9878809452056885], "k_pid_att": [100.0, 9.999999747378752e-05, 0.966274619102478], "k_pid_yaw": [0.5, 1e-06, 0.1], "k_pid_hsp": [9.93440055847168, 0.992912232875824, 0.010742545127868652], "k_pid_vsp": [400.0, 394.8920593261719, 22.73630142211914]}, "datetime": {"datetime": "2025-08-14 02:13:35", "elapsed": 59143.98831534386, "delta": 31.197893857955933}, "costs": {"total_cost": 1255.881411591142, "time_cost": 150, "final_distance_cost": 62.20997219467373, "oscillation_cost": 32.89350923962747, "completition_cost": 888.8888888888888, "overshoot_cost": 74.40382284252759, "power_cost": 21.051652490234375, "noise_cost": 26.433565935190014, "n_waypoints_completed": 1, "tot_waypoints": 9}}
{"target": -330.62951669921773, "params": {"k_pid_pos": [0.35133224725723267, 0.014172583818435669, 0.06243458390235901], "k_pid_alt": [8.344650268554688e-07, 1.0, 0.7395910024642944], "k_pid_att": [100.0, 9.999999747378752e-05, 0.9797364473342896], "k_pid_yaw": [0.5, 1e-06, 0.1], "k_pid_hsp": [9.836518287658691, 0.9731154441833496, 0.010601192712783813], "k_pid_vsp": [400.0, 393.8044128417969, 61.790252685546875]}, "datetime": {"datetime": "2025-08-14 02:14:04", "elapsed": 59172.91724681854, "delta": 28.92893147468567}, "costs": {"total_cost": 330.62951669921773, "time_cost": 116.676, "final_distance_cost": 1.824898141349996, "oscillation_cost": 78.16325519921192, "completition_cost": 0.0, "overshoot_cost": 68.26215990463405, "power_cost": 34.42180867919922, "noise_cost": 31.281394774822562, "n_waypoints_completed": 9, "tot_waypoints": 9}}
{"target": -1185.1377270593464, "params": {"k_pid_pos": [0.0454244464635849, 0.012091219425201416, 0.1532447338104248], "k_pid_alt": [0.0, 1.0, 0.9930819272994995], "k_pid_att": [100.0, 9.999999747378752e-05, 0.9365159273147583], "k_pid_yaw": [0.5, 1e-06, 0.1], "k_pid_hsp": [9.002408027648926, 0.9983628988265991, 0.005753040313720703], "k_pid_vsp": [400.0, 397.16790771484375, 9.7968111038208]}, "datetime": {"datetime": "2025-08-14 02:14:35", "elapsed": 59204.021280527115, "delta": 31.104033708572388}, "costs": {"total_cost": 1185.1377270593464, "time_cost": 150, "final_distance_cost": 85.10434495933967, "oscillation_cost": 47.45760110062949, "completition_cost": 777.7777777777778, "overshoot_cost": 70.1542918193786, "power_cost": 26.706023657226563, "noise_cost": 27.937687744994175, "n_waypoints_completed": 2, "tot_waypoints": 9}}
{"target": -977.0476978856871, "params": {"k_pid_pos": [0.0969720184803009, 0.03768652677536011, 0.03770330548286438], "k_pid_alt": [0.0, 1.0, 0.9975658655166626], "k_pid_att": [100.0, 9.999999747378752e-05, 0.9697064757347107], "k_pid_yaw": [0.5, 1e-06, 0.1], "k_pid_hsp": [9.440743446350098, 0.9801536798477173, 0.029914051294326782], "k_pid_vsp": [400.0, 387.6104736328125, 2.9858956336975098]}, "datetime": {"datetime": "2025-08-14 02:15:05", "elapsed": 59234.02201986313, "delta": 30.000739336013794}, "costs": {"total_cost": 977.0476978856871, "time_cost": 150, "final_distance_cost": 49.094598442642756, "oscillation_cost": 79.26124468935568, "completition_cost": 555.5555555555555, "overshoot_cost": 76.23433205380799, "power_cost": 31.916366064453126, "noise_cost": 34.985601079872005, "n_waypoints_completed": 4, "tot_waypoints": 9}}
{"target": -1207.838579245159, "params": {"k_pid_pos": [0.03432381525635719, 0.013817757368087769, 0.015418767929077148], "k_pid_alt": [0.003964483737945557, 1.0, 0.9556191563606262], "k_pid_att": [99.9762954711914, 9.999999747378752e-05, 0.9920939207077026], "k_pid_yaw": [0.5, 1e-06, 0.1], "k_pid_hsp": [9.681703567504883, 0.9960927963256836, 0.013834476470947266], "k_pid_vsp": [400.0, 392.22412109375, 1.9404897689819336]}, "datetime": {"datetime": "2025-08-14 02:15:37", "elapsed": 59265.85894680023, "delta": 31.83692693710327}, "costs": {"total_cost": 1207.838579245159, "time_cost": 150, "final_distance_cost": 83.28523677663172, "oscillation_cost": 60.73779875014552, "completition_cost": 777.7777777777778, "overshoot_cost": 71.01763855903606, "power_cost": 31.724958264160158, "noise_cost": 33.29516911740768, "n_waypoints_completed": 2, "tot_waypoints": 9}}
{"target": -1276.6453071492679, "params": {"k_pid_pos": [0.017682014033198357, 0.0027391016483306885, 0.01928049325942993], "k_pid_alt": [0.0, 1.0, 0.9952775835990906], "k_pid_att": [99.99991607666016, 0.00019357835117261857, 0.9711156487464905], "k_pid_yaw": [0.5, 1e-06, 0.1], "k_pid_hsp": [9.827593803405762, 0.8487321734428406, 0.022203922271728516], "k_pid_vsp": [389.9910583496094, 391.7420349121094, 37.2025260925293]}, "datetime": {"datetime": "2025-08-14 02:16:08", "elapsed": 59296.28420829773, "delta": 30.42526149749756}, "costs": {"total_cost": 1276.6453071492679, "time_cost": 150, "final_distance_cost": 50.134417424848074, "oscillation_cost": 57.24161439334656, "completition_cost": 888.8888888888888, "overshoot_cost": 73.33344581878204, "power_cost": 29.123628649902344, "noise_cost": 27.923311973499843, "n_waypoints_completed": 1, "tot_waypoints": 9}}
{"target": -1172.266858173717, "params": {"k_pid_pos": [0.046342309564352036, 0.013327062129974365, 0.01771777868270874], "k_pid_alt": [0.003592252731323242, 1.0, 0.9884710311889648], "k_pid_att": [100.0, 9.999999747378752e-05, 0.9935807585716248], "k_pid_yaw": [0.5, 1e-06, 0.1], "k_pid_hsp": [9.952274322509766, 0.9954383373260498, 0.004763156175613403], "k_pid_vsp": [399.9997253417969, 397.60919189453125, 3.607274055480957]}, "datetime": {"datetime": "2025-08-14 02:16:38", "elapsed": 59326.569279909134, "delta": 30.28507161140442}, "costs": {"total_cost": 1172.266858173717, "time_cost": 150, "final_distance_cost": 91.1868234728942, "oscillation_cost": 27.645535586168297, "completition_cost": 777.7777777777778, "overshoot_cost": 74.92869555014887, "power_cost": 20.857366442871093, "noise_cost": 29.870659343856744, "n_waypoints_completed": 2, "tot_waypoints": 9}}
{"target": -1169.4209364578303, "params": {"k_pid_pos": [0.03799789771437645, 0.03163290023803711, 0.016954362392425537], "k_pid_alt": [0.0, 1.0, 0.8750721216201782], "k_pid_att": [100.0, 9.999999747378752e-05, 0.9449002742767334], "k_pid_yaw": [0.5, 1e-06, 0.1], "k_pid_hsp": [9.923239707946777, 0.9743420481681824, 0.004904448986053467], "k_pid_vsp": [400.0, 378.965087890625, 15.697480201721191]}, "datetime": {"datetime": "2025-08-14 02:17:09", "elapsed": 59357.17723584175, "delta": 30.607955932617188}, "costs": {"total_cost": 1169.4209364578303, "time_cost": 150, "final_distance_cost": 80.86368965716927, "oscillation_cost": 31.71264879544037, "completition_cost": 777.7777777777778, "overshoot_cost": 77.66802448080536, "power_cost": 24.329666748046876, "noise_cost": 27.069128998590447, "n_waypoints_completed": 2, "tot_waypoints": 9}}
{"target": -1069.813475950016, "params": {"k_pid_pos": [0.0633728876709938, 0.033285677433013916, 0.03974977135658264], "k_pid_alt": [0.0, 1.0, 0.9553064107894897], "k_pid_att": [100.0, 9.999999747378752e-05, 0.9727843999862671], "k_pid_yaw": [0.5, 1e-06, 0.1], "k_pid_hsp": [9.730976104736328, 0.9222391247749329, 0.013418376445770264], "k_pid_vsp": [400.0, 396.0443115234375, 4.843224048614502]}, "datetime": {"datetime": "2025-08-14 02:17:38", "elapsed": 59386.92405295372, "delta": 29.746817111968994}, "costs": {"total_cost": 1069.813475950016, "time_cost": 150, "final_distance_cost": 55.92448014033938, "oscillation_cost": 56.0613723952677, "completition_cost": 666.6666666666667, "overshoot_cost": 81.36421926107403, "power_cost": 26.40485234375, "noise_cost": 33.39188514291815, "n_waypoints_completed": 3, "tot_waypoints": 9}}
{"target": -1289.066518602631, "params": {"k_pid_pos": [0.0019486647797748446, 0.01677033305168152, 0.0016210377216339111], "k_pid_alt": [0.02601677179336548, 1.0, 0.9746158123016357], "k_pid_att": [100.0, 9.999999747378752e-05, 0.9774889945983887], "k_pid_yaw": [0.5, 1e-06, 0.1], "k_pid_hsp": [9.769767761230469, 0.9987378120422363, 0.010104387998580933], "k_pid_vsp": [399.9930419921875, 394.35748291015625, 5.939901828765869]}, "datetime": {"datetime": "2025-08-14 02:18:07", "elapsed": 59415.52272248268, "delta": 28.59866952896118}, "costs": {"total_cost": 1289.066518602631, "time_cost": 150, "final_distance_cost": 44.89765872374682, "oscillation_cost": 22.346605310859893, "completition_cost": 888.8888888888888, "overshoot_cost": 123.06442121992688, "power_cost": 27.618986352539064, "noise_cost": 32.249958106669474, "n_waypoints_completed": 1, "tot_waypoints": 9}}
{"target": -764.7429081344492, "params": {"k_pid_pos": [0.19064824283123016, 0.011359810829162598, 0.016051411628723145], "k_pid_alt": [0.0, 1.0, 0.960178017616272], "k_pid_att": [100.0, 9.999999747378752e-05, 0.9937751293182373], "k_pid_yaw": [0.5, 1e-06, 0.1], "k_pid_hsp": [9.951799392700195, 0.9934006929397583, 0.015258222818374634], "k_pid_vsp": [400.0, 384.1542663574219, 9.58144760131836]}, "datetime": {"datetime": "2025-08-14 02:18:40", "elapsed": 59448.804644584656, "delta": 33.28192210197449}, "costs": {"total_cost": 764.7429081344492, "time_cost": 150, "final_distance_cost": 63.20856871889247, "oscillation_cost": 91.53795673642132, "completition_cost": 333.33333333333337, "overshoot_cost": 67.7708384758979, "power_cost": 27.796911169433596, "noise_cost": 31.095299700470495, "n_waypoints_completed": 6, "tot_waypoints": 9}}
{"target": -1259.4135074631524, "params": {"k_pid_pos": [0.02950287237763405, 0.003953814506530762, 0.0337221622467041], "k_pid_alt": [0.0, 1.0, 0.9717119336128235], "k_pid_att": [100.0, 9.999999747378752e-05, 0.9665005207061768], "k_pid_yaw": [0.5, 1e-06, 0.1], "k_pid_hsp": [9.595687866210938, 0.994670033454895, 0.0046547651290893555], "k_pid_vsp": [400.0, 393.3159484863281, 15.448189735412598]}, "datetime": {"datetime": "2025-08-14 02:19:10", "elapsed": 59478.353271484375, "delta": 29.54862689971924}, "costs": {"total_cost": 1259.4135074631524, "time_cost": 150, "final_distance_cost": 63.5609471861161, "oscillation_cost": 27.042757103376477, "completition_cost": 888.8888888888888, "overshoot_cost": 70.12724097067418, "power_cost": 30.842563586425783, "noise_cost": 28.951109727671124, "n_waypoints_completed": 1, "tot_waypoints": 9}}
