{"target": -921.6249618204863, "params": {"k_pid_pos": [0.14826282858848572, 0.0035152435302734375, 0.003501713275909424], "k_pid_alt": [0.008856415748596191, 1.0, 0.9801992177963257], "k_pid_att": [100.0, 9.999999747378752e-05, 0.9856115579605103], "k_pid_yaw": [0.5, 1e-06, 0.1], "k_pid_hsp": [9.677143096923828, 0.9941035509109497, 0.004237115383148193], "k_pid_vsp": [400.0, 395.82366943359375, 23.359050750732422]}, "datetime": {"datetime": "2025-08-14 03:33:06", "elapsed": 63914.121228694916, "delta": 29.324227571487427}, "costs": {"total_cost": 921.6249618204863, "time_cost": 150, "final_distance_cost": 40.87405622874693, "oscillation_cost": 50.640278379490816, "completition_cost": 555.5555555555555, "overshoot_cost": 67.29939615535459, "power_cost": 28.48504061279297, "noise_cost": 28.770634888545484, "n_waypoints_completed": 4, "tot_waypoints": 9}}
{"target": -1240.741018933909, "params": {"k_pid_pos": [0.030417220667004585, 0.004819005727767944, 0.022324800491333008], "k_pid_alt": [0.0, 1.0, 0.9815342426300049], "k_pid_att": [100.0, 9.999999747378752e-05, 0.9619137048721313], "k_pid_yaw": [0.5, 1e-06, 0.1], "k_pid_hsp": [9.839285850524902, 0.9941830635070801, 0.0022483468055725098], "k_pid_vsp": [400.0, 396.0881042480469, 5.915225505828857]}, "datetime": {"datetime": "2025-08-14 03:33:36", "elapsed": 63944.48542714119, "delta": 30.364198446273804}, "costs": {"total_cost": 1240.741018933909, "time_cost": 150, "final_distance_cost": 62.43631928814145, "oscillation_cost": 16.869787391530238, "completition_cost": 888.8888888888888, "overshoot_cost": 68.1698793459641, "power_cost": 23.167190441894533, "noise_cost": 31.208953577489865, "n_waypoints_completed": 1, "tot_waypoints": 9}}
{"target": -878.3285781297559, "params": {"k_pid_pos": [0.16175991296768188, 0.007493436336517334, 0.02244660258293152], "k_pid_alt": [0.0, 1.0, 0.9799811244010925], "k_pid_att": [100.0, 0.01104002445936203, 0.9947396516799927], "k_pid_yaw": [0.5, 1e-06, 0.1], "k_pid_hsp": [9.347335815429688, 0.978771448135376, 0.010010838508605957], "k_pid_vsp": [400.0, 389.7957763671875, 2.433229446411133]}, "datetime": {"datetime": "2025-08-14 03:34:06", "elapsed": 63974.463881254196, "delta": 29.978454113006592}, "costs": {"total_cost": 878.3285781297559, "time_cost": 150, "final_distance_cost": 49.45728076610762, "oscillation_cost": 102.50714243340288, "completition_cost": 444.4444444444444, "overshoot_cost": 66.60533772163828, "power_cost": 30.83365360107422, "noise_cost": 34.48071916308848, "n_waypoints_completed": 5, "tot_waypoints": 9}}
{"target": -1296.665152303161, "params": {"k_pid_pos": [0.017930611968040466, 0.01072847843170166, 0.1767711043357849], "k_pid_alt": [0.0, 1.0, 0.991321325302124], "k_pid_att": [100.0, 9.999999747378752e-05, 0.9922773241996765], "k_pid_yaw": [0.5, 1e-06, 0.1], "k_pid_hsp": [9.48655891418457, 0.9871347546577454, 0.01663532853126526], "k_pid_vsp": [400.0, 398.3477783203125, 6.757355690002441]}, "datetime": {"datetime": "2025-08-14 03:34:34", "elapsed": 64002.43598842621, "delta": 27.97210717201233}, "costs": {"total_cost": 1296.665152303161, "time_cost": 150, "final_distance_cost": 58.11953775083682, "oscillation_cost": 63.535545229185175, "completition_cost": 888.8888888888888, "overshoot_cost": 85.34443015569268, "power_cost": 22.36524284667969, "noise_cost": 28.41150743187787, "n_waypoints_completed": 1, "tot_waypoints": 9}}
{"target": -1213.2625189806656, "params": {"k_pid_pos": [0.03879090026021004, 0.018774181604385376, 0.03253099322319031], "k_pid_alt": [0.0, 1.0, 0.9961370229721069], "k_pid_att": [100.0, 9.999999747378752e-05, 0.9899720549583435], "k_pid_yaw": [0.5, 1e-06, 0.1], "k_pid_hsp": [9.918829917907715, 0.9964256286621094, 0.014197945594787598], "k_pid_vsp": [400.0, 394.55303955078125, 8.071733474731445]}, "datetime": {"datetime": "2025-08-14 03:35:03", "elapsed": 64031.52964401245, "delta": 29.093655586242676}, "costs": {"total_cost": 1213.2625189806656, "time_cost": 150, "final_distance_cost": 91.20840456205492, "oscillation_cost": 52.63129283696196, "completition_cost": 777.7777777777778, "overshoot_cost": 79.57064625965653, "power_cost": 32.04076109619141, "noise_cost": 30.03363644802321, "n_waypoints_completed": 2, "tot_waypoints": 9}}
{"target": -1328.909444228834, "params": {"k_pid_pos": [0.008818292990326881, 0.018794357776641846, 0.033973753452301025], "k_pid_alt": [0.0, 1.0, 0.9731403589248657], "k_pid_att": [100.0, 9.999999747378752e-05, 0.987962007522583], "k_pid_yaw": [0.5, 1e-06, 0.1], "k_pid_hsp": [9.83597183227539, 0.9858555197715759, 0.031484007835388184], "k_pid_vsp": [400.0, 385.33575439453125, 3.4664998054504395]}, "datetime": {"datetime": "2025-08-14 03:35:33", "elapsed": 64061.40825653076, "delta": 29.878612518310547}, "costs": {"total_cost": 1328.909444228834, "time_cost": 150, "final_distance_cost": 57.54150539188993, "oscillation_cost": 75.87973957123015, "completition_cost": 888.8888888888888, "overshoot_cost": 97.4283414096487, "power_cost": 28.204146838378907, "noise_cost": 30.96682212879745, "n_waypoints_completed": 1, "tot_waypoints": 9}}
{"target": -1744.1909978921694, "params": {"k_pid_pos": [0.0031668036244809628, 0.013524413108825684, 0.006376773118972778], "k_pid_alt": [0.0, 1.0, 0.9870220422744751], "k_pid_att": [100.0, 9.999999747378752e-05, 0.9862757325172424], "k_pid_yaw": [0.5, 1e-06, 0.1], "k_pid_hsp": [9.79659366607666, 0.9962465763092041, 0.07377997040748596], "k_pid_vsp": [400.0, 395.4310302734375, 3.298271656036377]}, "datetime": {"datetime": "2025-08-14 03:36:05", "elapsed": 64093.43918466568, "delta": 32.03092813491821}, "costs": {"total_cost": 1744.1909978921694, "time_cost": 150, "final_distance_cost": 61.42272011787213, "oscillation_cost": 477.20505672223186, "completition_cost": 888.8888888888888, "overshoot_cost": 112.43434741859886, "power_cost": 27.33548341064453, "noise_cost": 26.90450133393314, "n_waypoints_completed": 1, "tot_waypoints": 9}}
{"target": -1190.3070459690982, "params": {"k_pid_pos": [0.04918018355965614, 0.0156899094581604, 0.009963035583496094], "k_pid_alt": [0.0, 1.0, 0.9661102294921875], "k_pid_att": [100.0, 9.999999747378752e-05, 0.9885172843933105], "k_pid_yaw": [0.5, 1e-06, 0.1], "k_pid_hsp": [9.716012001037598, 0.9591225385665894, 0.0019499361515045166], "k_pid_vsp": [400.0, 391.73846435546875, 5.128539562225342]}, "datetime": {"datetime": "2025-08-14 03:36:33", "elapsed": 64121.153546094894, "delta": 27.714361429214478}, "costs": {"total_cost": 1190.3070459690982, "time_cost": 150, "final_distance_cost": 87.68180047692957, "oscillation_cost": 36.27305249474534, "completition_cost": 777.7777777777778, "overshoot_cost": 74.07084706793994, "power_cost": 31.01186112060547, "noise_cost": 33.491707031100034, "n_waypoints_completed": 2, "tot_waypoints": 9}}
{"target": -1237.423946711845, "params": {"k_pid_pos": [0.007304768078029156, 0.005911022424697876, 0.07712745666503906], "k_pid_alt": [0.0, 1.0, 0.997218132019043], "k_pid_att": [100.0, 9.999999747378752e-05, 0.9865059852600098], "k_pid_yaw": [0.5, 1e-06, 0.1], "k_pid_hsp": [9.923558235168457, 0.996204137802124, 0.001226276159286499], "k_pid_vsp": [399.99993896484375, 397.8686218261719, 3.9214024543762207]}, "datetime": {"datetime": "2025-08-14 03:37:02", "elapsed": 64150.35921406746, "delta": 29.205667972564697}, "costs": {"total_cost": 1237.423946711845, "time_cost": 150, "final_distance_cost": 48.43754844468862, "oscillation_cost": 29.808119365228638, "completition_cost": 888.8888888888888, "overshoot_cost": 73.40039295869111, "power_cost": 18.06436387939453, "noise_cost": 28.82463317495342, "n_waypoints_completed": 1, "tot_waypoints": 9}}
{"target": -1264.391471629244, "params": {"k_pid_pos": [0.013945645652711391, 0.004724413156509399, 0.025818705558776855], "k_pid_alt": [0.0, 1.0, 0.9878398180007935], "k_pid_att": [100.0, 9.999999747378752e-05, 0.96491938829422], "k_pid_yaw": [0.5, 1e-06, 0.1], "k_pid_hsp": [9.867033004760742, 0.9547428488731384, 0.0013435781002044678], "k_pid_vsp": [400.0, 388.41949462890625, 8.839333534240723]}, "datetime": {"datetime": "2025-08-14 03:37:31", "elapsed": 64180.02138710022, "delta": 29.66217303276062}, "costs": {"total_cost": 1264.391471629244, "time_cost": 150, "final_distance_cost": 57.834931659246045, "oscillation_cost": 22.991053299090293, "completition_cost": 888.8888888888888, "overshoot_cost": 81.87049183152276, "power_cost": 32.92443381347656, "noise_cost": 29.88167213701965, "n_waypoints_completed": 1, "tot_waypoints": 9}}
{"target": -960.9546027221762, "params": {"k_pid_pos": [0.11030907928943634, 0.033780455589294434, 0.01940062642097473], "k_pid_alt": [0.0, 1.0, 0.8986108899116516], "k_pid_att": [100.0, 9.999999747378752e-05, 0.993559718132019], "k_pid_yaw": [0.5, 1e-06, 0.1], "k_pid_hsp": [9.948931694030762, 0.9801886081695557, 0.0023255348205566406], "k_pid_vsp": [400.0, 397.5690002441406, 1.793004035949707]}, "datetime": {"datetime": "2025-08-14 03:37:59", "elapsed": 64207.63529968262, "delta": 27.61391258239746}, "costs": {"total_cost": 960.9546027221762, "time_cost": 150, "final_distance_cost": 52.60477872475023, "oscillation_cost": 62.08679380053108, "completition_cost": 555.5555555555555, "overshoot_cost": 73.44580864618825, "power_cost": 32.17449143066406, "noise_cost": 35.08717456448701, "n_waypoints_completed": 4, "tot_waypoints": 9}}
{"target": -1061.0022905271555, "params": {"k_pid_pos": [0.05140344426035881, 0.04579448699951172, 0.018353372812271118], "k_pid_alt": [0.0, 1.0, 0.9786496162414551], "k_pid_att": [100.0, 9.999999747378752e-05, 0.9762223958969116], "k_pid_yaw": [0.5, 1e-06, 0.1], "k_pid_hsp": [9.4044828414917, 0.8944724202156067, 0.0021773576736450195], "k_pid_vsp": [400.0, 395.1536560058594, 56.58543014526367]}, "datetime": {"datetime": "2025-08-14 03:38:28", "elapsed": 64237.051782369614, "delta": 29.41648268699646}, "costs": {"total_cost": 1061.0022905271555, "time_cost": 150, "final_distance_cost": 75.62690753676691, "oscillation_cost": 36.16215894791124, "completition_cost": 666.6666666666667, "overshoot_cost": 75.71450323381563, "power_cost": 28.995295922851565, "noise_cost": 27.83675821914331, "n_waypoints_completed": 3, "tot_waypoints": 9}}
{"target": -1179.931713483985, "params": {"k_pid_pos": [0.044421885162591934, 0.017482519149780273, 0.012941449880599976], "k_pid_alt": [0.0, 1.0, 0.9785341024398804], "k_pid_att": [99.83943939208984, 9.999999747378752e-05, 0.9960381984710693], "k_pid_yaw": [0.5, 1e-06, 0.1], "k_pid_hsp": [9.982583999633789, 0.9941443800926208, 0.012933790683746338], "k_pid_vsp": [400.0, 389.8760681152344, 20.936073303222656]}, "datetime": {"datetime": "2025-08-14 03:38:58", "elapsed": 64266.38490796089, "delta": 29.333125591278076}, "costs": {"total_cost": 1179.931713483985, "time_cost": 150, "final_distance_cost": 83.1077856116527, "oscillation_cost": 36.265082107532095, "completition_cost": 777.7777777777778, "overshoot_cost": 76.37118161019892, "power_cost": 28.492906945800783, "noise_cost": 27.916979431022867, "n_waypoints_completed": 2, "tot_waypoints": 9}}
{"target": -1039.505926210238, "params": {"k_pid_pos": [0.09371437132358551, 0.014246106147766113, 0.002620100975036621], "k_pid_alt": [4.291534423828125e-06, 1.0, 0.9784033298492432], "k_pid_att": [100.0, 9.999999747378752e-05, 0.9687985777854919], "k_pid_yaw": [0.5, 1e-06, 0.1], "k_pid_hsp": [9.745010375976562, 0.9932936429977417, 0.0043975114822387695], "k_pid_vsp": [399.9999694824219, 369.6055908203125, 13.09423542022705]}, "datetime": {"datetime": "2025-08-14 03:39:26", "elapsed": 64294.45002412796, "delta": 28.06511616706848}, "costs": {"total_cost": 1039.505926210238, "time_cost": 150, "final_distance_cost": 53.43400960638996, "oscillation_cost": 43.469735580626015, "completition_cost": 666.6666666666667, "overshoot_cost": 69.31120807145, "power_cost": 27.585123156738284, "noise_cost": 29.03918312836686, "n_waypoints_completed": 3, "tot_waypoints": 9}}
{"target": -777.2598274243808, "params": {"k_pid_pos": [0.22350074350833893, 0.014920711517333984, 0.01045045256614685], "k_pid_alt": [1.9669532775878906e-06, 1.0, 0.9691544771194458], "k_pid_att": [100.0, 9.999999747378752e-05, 0.9842942953109741], "k_pid_yaw": [0.5, 1e-06, 0.1], "k_pid_hsp": [9.56956958770752, 0.9861783981323242, 0.02595585584640503], "k_pid_vsp": [400.0, 395.50018310546875, 11.860466957092285]}, "datetime": {"datetime": "2025-08-14 03:39:55", "elapsed": 64323.802787065506, "delta": 29.352762937545776}, "costs": {"total_cost": 777.2598274243808, "time_cost": 150, "final_distance_cost": 60.41542153593429, "oscillation_cost": 78.21177877198039, "completition_cost": 333.33333333333337, "overshoot_cost": 68.43739193234217, "power_cost": 47.355837951660156, "noise_cost": 39.506063899130325, "n_waypoints_completed": 6, "tot_waypoints": 9}}
{"target": -1257.9995188722041, "params": {"k_pid_pos": [0.027299219742417336, 0.019740164279937744, 0.012062102556228638], "k_pid_alt": [0.0, 1.0, 0.9759638905525208], "k_pid_att": [100.0, 0.00038162912824191153, 0.9823157787322998], "k_pid_yaw": [0.5, 1e-06, 0.1], "k_pid_hsp": [9.876991271972656, 0.9405080080032349, 0.0048202574253082275], "k_pid_vsp": [400.0, 392.9085388183594, 2.162445545196533]}, "datetime": {"datetime": "2025-08-14 03:40:25", "elapsed": 64353.457787275314, "delta": 29.65500020980835}, "costs": {"total_cost": 1257.9995188722041, "time_cost": 150, "final_distance_cost": 71.10107320745297, "oscillation_cost": 23.980784386363133, "completition_cost": 888.8888888888888, "overshoot_cost": 66.36622073714263, "power_cost": 26.111282324218752, "noise_cost": 31.551269328137842, "n_waypoints_completed": 1, "tot_waypoints": 9}}
{"target": -1176.3340835128333, "params": {"k_pid_pos": [0.06743384897708893, 0.010653674602508545, 0.10558149218559265], "k_pid_alt": [0.0, 1.0, 0.9570648670196533], "k_pid_att": [100.0, 9.999999747378752e-05, 0.9971226453781128], "k_pid_yaw": [0.5, 1e-06, 0.1], "k_pid_hsp": [9.764703750610352, 0.9941469430923462, 0.011797934770584106], "k_pid_vsp": [400.0, 393.36572265625, 2.7270684242248535]}, "datetime": {"datetime": "2025-08-14 03:40:55", "elapsed": 64383.43301296234, "delta": 29.975225687026978}, "costs": {"total_cost": 1176.3340835128333, "time_cost": 150, "final_distance_cost": 83.03744124960966, "oscillation_cost": 42.6383282257261, "completition_cost": 777.7777777777778, "overshoot_cost": 67.59226570682907, "power_cost": 24.53718956298828, "noise_cost": 30.751080989902547, "n_waypoints_completed": 2, "tot_waypoints": 9}}
{"target": -1280.9746085785378, "params": {"k_pid_pos": [0.04579123482108116, 0.004003167152404785, 0.011368632316589355], "k_pid_alt": [0.00011396408081054688, 1.0, 0.9961400628089905], "k_pid_att": [100.0, 9.999999747378752e-05, 0.9036638736724854], "k_pid_yaw": [0.5, 1e-06, 0.1], "k_pid_hsp": [9.903735160827637, 0.9775779247283936, 0.012660175561904907], "k_pid_vsp": [400.0, 387.57537841796875, 3.8336286544799805]}, "datetime": {"datetime": "2025-08-14 03:41:24", "elapsed": 64412.84025120735, "delta": 29.407238245010376}, "costs": {"total_cost": 1280.9746085785378, "time_cost": 150, "final_distance_cost": 68.7815951942572, "oscillation_cost": 70.10834512265929, "completition_cost": 888.8888888888888, "overshoot_cost": 58.09354377458888, "power_cost": 17.685536145019533, "noise_cost": 27.41669945312394, "n_waypoints_completed": 1, "tot_waypoints": 9}}
{"target": -1293.2759061557122, "params": {"k_pid_pos": [0.019648034125566483, 0.0046943724155426025, 0.05120807886123657], "k_pid_alt": [0.0, 0.9999398589134216, 0.9967533946037292], "k_pid_att": [100.0, 9.999999747378752e-05, 0.9876124858856201], "k_pid_yaw": [0.5, 1e-06, 0.1], "k_pid_hsp": [8.513567924499512, 0.9870140552520752, 0.028778016567230225], "k_pid_vsp": [400.0, 381.7230224609375, 4.39893102645874]}, "datetime": {"datetime": "2025-08-14 03:41:51", "elapsed": 64439.820631980896, "delta": 26.98038077354431}, "costs": {"total_cost": 1293.2759061557122, "time_cost": 150, "final_distance_cost": 54.600470230562884, "oscillation_cost": 68.57715994505203, "completition_cost": 888.8888888888888, "overshoot_cost": 79.48587982101533, "power_cost": 22.682678295898437, "noise_cost": 29.040828974294723, "n_waypoints_completed": 1, "tot_waypoints": 9}}
{"target": -1046.9510957127766, "params": {"k_pid_pos": [0.08865031599998474, 0.01042109727859497, 0.013405293226242065], "k_pid_alt": [0.0, 1.0, 0.9791275858879089], "k_pid_att": [100.0, 9.999999747378752e-05, 0.9948997497558594], "k_pid_yaw": [0.5, 1e-06, 0.1], "k_pid_hsp": [9.829751014709473, 0.9774110913276672, 0.010443389415740967], "k_pid_vsp": [400.0, 386.3061828613281, 4.177452087402344]}, "datetime": {"datetime": "2025-08-14 03:42:21", "elapsed": 64469.28009724617, "delta": 29.459465265274048}, "costs": {"total_cost": 1046.9510957127766, "time_cost": 150, "final_distance_cost": 52.924686115669594, "oscillation_cost": 46.68561101534487, "completition_cost": 666.6666666666667, "overshoot_cost": 71.74483578793794, "power_cost": 25.3049279296875, "noise_cost": 33.62436819746994, "n_waypoints_completed": 3, "tot_waypoints": 9}}
{"target": -1065.172811386582, "params": {"k_pid_pos": [0.04437056928873062, 0.047736555337905884, 0.008737325668334961], "k_pid_alt": [4.76837158203125e-07, 1.0, 0.9750461578369141], "k_pid_att": [100.0, 9.999999747378752e-05, 0.9954795837402344], "k_pid_yaw": [0.5, 1e-06, 0.1], "k_pid_hsp": [9.816008567810059, 0.9585393667221069, 0.0014635026454925537], "k_pid_vsp": [400.0, 373.3371276855469, 22.80073356628418]}, "datetime": {"datetime": "2025-08-14 03:42:50", "elapsed": 64499.02060818672, "delta": 29.740510940551758}, "costs": {"total_cost": 1065.172811386582, "time_cost": 150, "final_distance_cost": 74.26845297491242, "oscillation_cost": 35.36668138535337, "completition_cost": 666.6666666666667, "overshoot_cost": 79.5689527817374, "power_cost": 30.877751062011722, "noise_cost": 28.42430651590043, "n_waypoints_completed": 3, "tot_waypoints": 9}}
{"target": -1075.7296965494154, "params": {"k_pid_pos": [0.10418447107076645, 0.004524499177932739, 0.01562383770942688], "k_pid_alt": [0.0, 1.0, 0.9740123152732849], "k_pid_att": [100.0, 9.999999747378752e-05, 0.9972977042198181], "k_pid_yaw": [0.5, 1e-06, 0.1], "k_pid_hsp": [9.951807022094727, 0.9983804225921631, 0.003056079149246216], "k_pid_vsp": [400.0, 398.104248046875, 1.8942246437072754]}, "datetime": {"datetime": "2025-08-14 03:43:20", "elapsed": 64528.893941402435, "delta": 29.8733332157135}, "costs": {"total_cost": 1075.7296965494154, "time_cost": 150, "final_distance_cost": 52.77820674672855, "oscillation_cost": 85.4589796712234, "completition_cost": 666.6666666666667, "overshoot_cost": 68.53425926907458, "power_cost": 20.63556641845703, "noise_cost": 31.656017777265067, "n_waypoints_completed": 3, "tot_waypoints": 9}}
{"target": -1214.9000632992716, "params": {"k_pid_pos": [0.04823824018239975, 0.012113600969314575, 0.07238313555717468], "k_pid_alt": [0.0, 1.0, 0.9737551212310791], "k_pid_att": [100.0, 9.999999747378752e-05, 0.9986220002174377], "k_pid_yaw": [0.5, 1e-06, 0.1], "k_pid_hsp": [9.87619400024414, 0.97301185131073, 0.023197293281555176], "k_pid_vsp": [400.0, 394.7552490234375, 8.482779502868652]}, "datetime": {"datetime": "2025-08-14 03:43:51", "elapsed": 64560.108327150345, "delta": 31.214385747909546}, "costs": {"total_cost": 1214.9000632992716, "time_cost": 150, "final_distance_cost": 77.30116015438313, "oscillation_cost": 87.10149382916465, "completition_cost": 777.7777777777778, "overshoot_cost": 72.16921499586941, "power_cost": 22.11814111328125, "noise_cost": 28.432275428795222, "n_waypoints_completed": 2, "tot_waypoints": 9}}
{"target": -2003.286267426957, "params": {"k_pid_pos": [0.022059636190533638, 0.010646700859069824, 0.017843306064605713], "k_pid_alt": [0.0, 1.0, 0.9801263809204102], "k_pid_att": [100.0, 9.999999747378752e-05, 0.999043881893158], "k_pid_yaw": [0.5, 1e-06, 0.1], "k_pid_hsp": [9.31305980682373, 0.9870619773864746, 0.10967293381690979], "k_pid_vsp": [400.0, 393.0878601074219, 11.071563720703125]}, "datetime": {"datetime": "2025-08-14 03:44:21", "elapsed": 64589.889271736145, "delta": 29.78094458580017}, "costs": {"total_cost": 2003.286267426957, "time_cost": 150, "final_distance_cost": 73.15622564258419, "oscillation_cost": 751.1276792437235, "completition_cost": 888.8888888888888, "overshoot_cost": 76.57517253057802, "power_cost": 35.11313111572266, "noise_cost": 28.425170005459762, "n_waypoints_completed": 1, "tot_waypoints": 9}}
{"target": -1257.0563450070147, "params": {"k_pid_pos": [0.018304672092199326, 0.027421116828918457, 0.022642135620117188], "k_pid_alt": [0.0, 1.0, 0.9882810115814209], "k_pid_att": [100.0, 9.999999747378752e-05, 0.986714243888855], "k_pid_yaw": [0.5, 1e-06, 0.1], "k_pid_hsp": [9.648772239685059, 0.9396002292633057, 0.029736429452896118], "k_pid_vsp": [400.0, 398.3397521972656, 2.2877583503723145]}, "datetime": {"datetime": "2025-08-14 03:44:49", "elapsed": 64618.05516552925, "delta": 28.16589379310608}, "costs": {"total_cost": 1257.0563450070147, "time_cost": 150, "final_distance_cost": 78.49727272084706, "oscillation_cost": 68.27450056693893, "completition_cost": 777.7777777777778, "overshoot_cost": 98.36547943511643, "power_cost": 41.045439782714844, "noise_cost": 43.09587472361972, "n_waypoints_completed": 2, "tot_waypoints": 9}}
