{"target": -1189.7272567857274, "params": {"k_pid_pos": [0.016570502892136574, 0.03435835242271423, 0.03685593605041504], "k_pid_alt": [0.0, 1.0, 0.9849302768707275], "k_pid_att": [100.0, 6.588377475738525, 0.9823602437973022], "k_pid_yaw": [0.5, 1e-06, 0.1], "k_pid_hsp": [9.760374069213867, 0.9821780920028687, 0.00535959005355835], "k_pid_vsp": [400.0, 396.3394775390625, 25.574018478393555]}, "datetime": {"datetime": "2025-08-14 01:41:36", "elapsed": 57224.89145040512, "delta": 28.905633449554443}, "costs": {"total_cost": 1189.7272567857274, "time_cost": 150, "final_distance_cost": 86.1931675430147, "oscillation_cost": 28.13216097502722, "completition_cost": 777.7777777777778, "overshoot_cost": 85.04323508948174, "power_cost": 32.80619499511719, "noise_cost": 29.774720405308788, "n_waypoints_completed": 2, "tot_waypoints": 9}}
{"target": -1273.3724994060058, "params": {"k_pid_pos": [0.014689831994473934, 0.007613033056259155, 0.09618356823921204], "k_pid_alt": [2.384185791015625e-07, 1.0, 0.9878405928611755], "k_pid_att": [100.0, 9.999999747378752e-05, 0.9974911212921143], "k_pid_yaw": [0.5, 1e-06, 0.1], "k_pid_hsp": [9.402694702148438, 0.9928033947944641, 0.010252505540847778], "k_pid_vsp": [400.0, 367.1206359863281, 14.537991523742676]}, "datetime": {"datetime": "2025-08-14 01:42:06", "elapsed": 57254.73944211006, "delta": 29.847991704940796}, "costs": {"total_cost": 1273.3724994060058, "time_cost": 150, "final_distance_cost": 53.72624608338479, "oscillation_cost": 36.592364388383416, "completition_cost": 888.8888888888888, "overshoot_cost": 86.53260251703294, "power_cost": 29.339139575195315, "noise_cost": 28.293257953120367, "n_waypoints_completed": 1, "tot_waypoints": 9}}
{"target": -1075.4204746875823, "params": {"k_pid_pos": [0.06396699696779251, 0.01956498622894287, 0.012261003255844116], "k_pid_alt": [0.0, 1.0, 0.945928692817688], "k_pid_att": [100.0, 9.999999747378752e-05, 0.992479681968689], "k_pid_yaw": [0.5, 1e-06, 0.1], "k_pid_hsp": [9.889016151428223, 0.9978686571121216, 0.018736958503723145], "k_pid_vsp": [400.0, 359.1803894042969, 16.28558921813965]}, "datetime": {"datetime": "2025-08-14 01:42:39", "elapsed": 57287.13641619682, "delta": 32.396974086761475}, "costs": {"total_cost": 1075.4204746875823, "time_cost": 150, "final_distance_cost": 72.38374417015005, "oscillation_cost": 55.54997985103888, "completition_cost": 666.6666666666667, "overshoot_cost": 74.1072304311865, "power_cost": 28.405858435058594, "noise_cost": 28.306995133481497, "n_waypoints_completed": 3, "tot_waypoints": 9}}
{"target": -1274.7079297433288, "params": {"k_pid_pos": [0.06588652729988098, 0.006720304489135742, 0.03132838010787964], "k_pid_alt": [0.0, 1.0, 0.9466488361358643], "k_pid_att": [100.0, 9.999999747378752e-05, 0.8802181482315063], "k_pid_yaw": [0.5, 1e-06, 0.1], "k_pid_hsp": [9.772035598754883, 0.9979902505874634, 0.005196660757064819], "k_pid_vsp": [399.38916015625, 397.10589599609375, 1.7391929626464844]}, "datetime": {"datetime": "2025-08-14 01:43:08", "elapsed": 57316.27596926689, "delta": 29.13955307006836}, "costs": {"total_cost": 1274.7079297433288, "time_cost": 150, "final_distance_cost": 93.8250357623387, "oscillation_cost": 128.16604852483115, "completition_cost": 777.7777777777778, "overshoot_cost": 66.17885035903966, "power_cost": 27.23914880371094, "noise_cost": 31.521068515630194, "n_waypoints_completed": 2, "tot_waypoints": 9}}
{"target": -914.4769544428233, "params": {"k_pid_pos": [0.06313025206327438, 0.1781434416770935, 0.02405095100402832], "k_pid_alt": [1.8656954765319824, 1.0, 0.967767059803009], "k_pid_att": [100.0, 0.0006242176168598235, 0.9968634843826294], "k_pid_yaw": [0.5, 1e-06, 0.1], "k_pid_hsp": [9.99022102355957, 0.9864078164100647, 0.052333950996398926], "k_pid_vsp": [400.0, 381.6859130859375, 12.253487586975098]}, "datetime": {"datetime": "2025-08-14 01:43:37", "elapsed": 57345.779467105865, "delta": 29.503497838974}, "costs": {"total_cost": 914.4769544428233, "time_cost": 150, "final_distance_cost": 60.190494690813374, "oscillation_cost": 255.75692574509284, "completition_cost": 333.33333333333337, "overshoot_cost": 60.315257986890266, "power_cost": 27.398472875976562, "noise_cost": 27.482469810716808, "n_waypoints_completed": 6, "tot_waypoints": 9}}
{"target": -1250.3340124572835, "params": {"k_pid_pos": [0.019285239279270172, 0.107201486825943, 0.06386709213256836], "k_pid_alt": [0.0, 1.0, 0.98633873462677], "k_pid_att": [99.99991607666016, 9.999999747378752e-05, 0.9482147097587585], "k_pid_yaw": [0.5, 1e-06, 0.1], "k_pid_hsp": [8.38142204284668, 0.9770563244819641, 0.017138570547103882], "k_pid_vsp": [400.0, 376.3205261230469, 8.460951805114746]}, "datetime": {"datetime": "2025-08-14 01:44:10", "elapsed": 57378.11195755005, "delta": 32.33249044418335}, "costs": {"total_cost": 1250.3340124572835, "time_cost": 150, "final_distance_cost": 51.00746648400242, "oscillation_cost": 53.231570158337895, "completition_cost": 888.8888888888888, "overshoot_cost": 53.291497238466654, "power_cost": 25.359075048828124, "noise_cost": 28.55551463875969, "n_waypoints_completed": 1, "tot_waypoints": 9}}
{"target": -968.5627218951687, "params": {"k_pid_pos": [0.0942872017621994, 0.05733364820480347, 0.021113276481628418], "k_pid_alt": [0.0, 1.0, 0.9958111047744751], "k_pid_att": [100.0, 9.999999747378752e-05, 0.9907823801040649], "k_pid_yaw": [0.5, 1e-06, 0.1], "k_pid_hsp": [9.45130443572998, 0.98667311668396, 0.013739317655563354], "k_pid_vsp": [400.0, 390.01580810546875, 3.7586936950683594]}, "datetime": {"datetime": "2025-08-14 01:44:41", "elapsed": 57409.25119805336, "delta": 31.139240503311157}, "costs": {"total_cost": 968.5627218951687, "time_cost": 150, "final_distance_cost": 50.63878684896207, "oscillation_cost": 72.26116229557849, "completition_cost": 555.5555555555555, "overshoot_cost": 70.42773647343725, "power_cost": 32.030387145996094, "noise_cost": 37.649093575639355, "n_waypoints_completed": 4, "tot_waypoints": 9}}
{"target": -1162.453598468904, "params": {"k_pid_pos": [0.03996952250599861, 0.028285562992095947, 0.022120505571365356], "k_pid_alt": [0.0, 1.0, 0.9923924207687378], "k_pid_att": [100.0, 9.999999747378752e-05, 0.9763479232788086], "k_pid_yaw": [0.5, 1e-06, 0.1], "k_pid_hsp": [9.96042537689209, 0.9948668479919434, 0.002303510904312134], "k_pid_vsp": [400.0, 398.4572448730469, 30.8759822845459]}, "datetime": {"datetime": "2025-08-14 01:45:11", "elapsed": 57439.79717421532, "delta": 30.545976161956787}, "costs": {"total_cost": 1162.453598468904, "time_cost": 150, "final_distance_cost": 80.34067553030695, "oscillation_cost": 27.427312774185346, "completition_cost": 777.7777777777778, "overshoot_cost": 76.90152588352655, "power_cost": 23.782030590820312, "noise_cost": 26.224275912286814, "n_waypoints_completed": 2, "tot_waypoints": 9}}
{"target": -1052.6878109008337, "params": {"k_pid_pos": [0.09929761290550232, 0.004503786563873291, 0.040431857109069824], "k_pid_alt": [0.0, 0.9999999403953552, 0.998156726360321], "k_pid_att": [100.0, 9.999999747378752e-05, 0.9877573251724243], "k_pid_yaw": [0.5, 1e-06, 0.1], "k_pid_hsp": [9.728933334350586, 0.9106594324111938, 0.008086740970611572], "k_pid_vsp": [400.0, 379.5338439941406, 2.3357043266296387]}, "datetime": {"datetime": "2025-08-14 01:45:41", "elapsed": 57469.36023974419, "delta": 29.56306552886963}, "costs": {"total_cost": 1052.6878109008337, "time_cost": 150, "final_distance_cost": 52.51837163141476, "oscillation_cost": 57.679412174215685, "completition_cost": 666.6666666666667, "overshoot_cost": 70.33191524410158, "power_cost": 23.345201953125002, "noise_cost": 32.14624323130998, "n_waypoints_completed": 3, "tot_waypoints": 9}}
{"target": -1199.8712808764724, "params": {"k_pid_pos": [0.043522197753190994, 0.018747299909591675, 0.056774795055389404], "k_pid_alt": [0.18492496013641357, 1.0, 0.9636310338973999], "k_pid_att": [100.0, 9.999999747378752e-05, 0.9846386909484863], "k_pid_yaw": [0.5, 1e-06, 0.1], "k_pid_hsp": [9.93757152557373, 0.9690360426902771, 0.02495560050010681], "k_pid_vsp": [400.0, 364.8828125, 6.068159103393555]}, "datetime": {"datetime": "2025-08-14 01:46:10", "elapsed": 57498.84509038925, "delta": 29.484850645065308}, "costs": {"total_cost": 1199.8712808764724, "time_cost": 150, "final_distance_cost": 83.96300457112885, "oscillation_cost": 62.33848066386279, "completition_cost": 777.7777777777778, "overshoot_cost": 71.70442648997714, "power_cost": 24.223525341796876, "noise_cost": 29.864066031929127, "n_waypoints_completed": 2, "tot_waypoints": 9}}
{"target": -941.5862701357183, "params": {"k_pid_pos": [0.14996379613876343, 0.007176011800765991, 0.01195952296257019], "k_pid_alt": [0.0, 1.0, 0.9856981039047241], "k_pid_att": [99.99999237060547, 9.999999747378752e-05, 0.9800506234169006], "k_pid_yaw": [0.5, 1e-06, 0.1], "k_pid_hsp": [9.58956241607666, 0.9784737825393677, 0.01250922679901123], "k_pid_vsp": [400.0, 387.88641357421875, 12.510241508483887]}, "datetime": {"datetime": "2025-08-14 01:46:40", "elapsed": 57528.86614084244, "delta": 30.021050453186035}, "costs": {"total_cost": 941.5862701357183, "time_cost": 150, "final_distance_cost": 43.689713448822374, "oscillation_cost": 62.08104666565105, "completition_cost": 555.5555555555555, "overshoot_cost": 67.23961132225007, "power_cost": 31.400332324218752, "noise_cost": 31.620010819220514, "n_waypoints_completed": 4, "tot_waypoints": 9}}
{"target": -966.9962477505075, "params": {"k_pid_pos": [0.11646813899278641, 0.022857218980789185, 0.0788455605506897], "k_pid_alt": [0.0, 0.9999998807907104, 0.8981976509094238], "k_pid_att": [100.0, 9.999999747378752e-05, 0.9135906100273132], "k_pid_yaw": [0.5, 1e-06, 0.1], "k_pid_hsp": [9.908930778503418, 0.9823092222213745, 0.01565071940422058], "k_pid_vsp": [400.0, 391.3582458496094, 26.58716583251953]}, "datetime": {"datetime": "2025-08-14 01:47:10", "elapsed": 57558.51036500931, "delta": 29.644224166870117}, "costs": {"total_cost": 966.9962477505075, "time_cost": 150, "final_distance_cost": 45.03181750767585, "oscillation_cost": 84.64586812870932, "completition_cost": 555.5555555555555, "overshoot_cost": 73.42472016758784, "power_cost": 28.44444412841797, "noise_cost": 29.893842262560995, "n_waypoints_completed": 4, "tot_waypoints": 9}}
{"target": -1083.4961101536278, "params": {"k_pid_pos": [0.10365372151136398, 0.011457979679107666, 0.02502673864364624], "k_pid_alt": [6.99162483215332e-05, 1.0, 0.9942692518234253], "k_pid_att": [99.99982452392578, 9.999999747378752e-05, 0.997252881526947], "k_pid_yaw": [0.5, 1e-06, 0.1], "k_pid_hsp": [9.889513969421387, 0.9643553495407104, 0.048967212438583374], "k_pid_vsp": [399.9999084472656, 378.04364013671875, 13.956416130065918]}, "datetime": {"datetime": "2025-08-14 01:47:42", "elapsed": 57590.5584833622, "delta": 32.048118352890015}, "costs": {"total_cost": 1083.4961101536278, "time_cost": 150, "final_distance_cost": 52.33051558569314, "oscillation_cost": 84.90292162769032, "completition_cost": 666.6666666666667, "overshoot_cost": 68.57302370788238, "power_cost": 30.55707568359375, "noise_cost": 30.46590688210155, "n_waypoints_completed": 3, "tot_waypoints": 9}}
{"target": -1059.5072223645325, "params": {"k_pid_pos": [0.09688398241996765, 0.014981508255004883, 0.01788926124572754], "k_pid_alt": [5.960464477539063e-08, 0.9999994039535522, 0.9882373809814453], "k_pid_att": [100.0, 9.999999747378752e-05, 0.9439988136291504], "k_pid_yaw": [0.5, 1e-06, 0.1], "k_pid_hsp": [9.937525749206543, 0.9325910806655884, 0.005994856357574463], "k_pid_vsp": [400.0, 384.4201354980469, 1.2043604850769043]}, "datetime": {"datetime": "2025-08-14 01:48:11", "elapsed": 57619.37747550011, "delta": 28.818992137908936}, "costs": {"total_cost": 1059.5072223645325, "time_cost": 150, "final_distance_cost": 52.46603156258187, "oscillation_cost": 51.00261955110575, "completition_cost": 666.6666666666667, "overshoot_cost": 69.94498061195758, "power_cost": 33.418373828125, "noise_cost": 36.008550144095516, "n_waypoints_completed": 3, "tot_waypoints": 9}}
{"target": -987.6024108920581, "params": {"k_pid_pos": [0.09228315204381943, 0.031165868043899536, 0.015539169311523438], "k_pid_alt": [0.0, 1.0, 0.9569482803344727], "k_pid_att": [100.0, 9.999999747378752e-05, 0.9953638315200806], "k_pid_yaw": [0.5, 1e-06, 0.1], "k_pid_hsp": [9.916475296020508, 0.9895689487457275, 0.05357271432876587], "k_pid_vsp": [400.0, 399.6470031738281, 17.906476974487305]}, "datetime": {"datetime": "2025-08-14 01:48:43", "elapsed": 57651.39995932579, "delta": 32.022483825683594}, "costs": {"total_cost": 987.6024108920581, "time_cost": 150, "final_distance_cost": 46.986874946852375, "oscillation_cost": 95.33798376022051, "completition_cost": 555.5555555555555, "overshoot_cost": 74.66958517099727, "power_cost": 33.494642297363285, "noise_cost": 31.557769161069103, "n_waypoints_completed": 4, "tot_waypoints": 9}}
{"target": -1164.7139224869948, "params": {"k_pid_pos": [0.044803276658058167, 0.006889373064041138, 0.04135411977767944], "k_pid_alt": [1.970449447631836, 0.9999997615814209, 0.992329478263855], "k_pid_att": [100.0, 9.999999747378752e-05, 0.9886559247970581], "k_pid_yaw": [0.5, 1e-06, 0.1], "k_pid_hsp": [9.30201530456543, 0.8966798782348633, 0.006203740835189819], "k_pid_vsp": [400.0, 366.67669677734375, 2.5702247619628906]}, "datetime": {"datetime": "2025-08-14 01:49:13", "elapsed": 57681.955783843994, "delta": 30.555824518203735}, "costs": {"total_cost": 1164.7139224869948, "time_cost": 150, "final_distance_cost": 78.75005987551874, "oscillation_cost": 30.90886076848724, "completition_cost": 777.7777777777778, "overshoot_cost": 61.68099993813981, "power_cost": 31.28706431884766, "noise_cost": 34.30915980822341, "n_waypoints_completed": 2, "tot_waypoints": 9}}
{"target": -1264.4070283162603, "params": {"k_pid_pos": [0.013912327587604523, 0.11922794580459595, 0.03633314371109009], "k_pid_alt": [0.0, 0.9348179697990417, 0.9350333213806152], "k_pid_att": [100.0, 9.999999747378752e-05, 0.945708155632019], "k_pid_yaw": [0.5, 1e-06, 0.1], "k_pid_hsp": [9.824169158935547, 0.9617605209350586, 0.0022452175617218018], "k_pid_vsp": [400.0, 392.3907775878906, 11.029780387878418]}, "datetime": {"datetime": "2025-08-14 01:49:44", "elapsed": 57712.26729774475, "delta": 30.311513900756836}, "costs": {"total_cost": 1264.4070283162603, "time_cost": 150, "final_distance_cost": 66.09491558529311, "oscillation_cost": 52.39445690709233, "completition_cost": 888.8888888888888, "overshoot_cost": 57.24993983464838, "power_cost": 22.674109887695312, "noise_cost": 27.104717212642583, "n_waypoints_completed": 1, "tot_waypoints": 9}}
{"target": -1102.7036592347429, "params": {"k_pid_pos": [0.11564843356609344, 0.010039329528808594, 0.04884517192840576], "k_pid_alt": [0.0, 1.0, 0.9851672649383545], "k_pid_att": [100.0, 9.999999747378752e-05, 0.9469662308692932], "k_pid_yaw": [0.5, 1e-06, 0.1], "k_pid_hsp": [9.555715560913086, 0.9422693252563477, 0.01335972547531128], "k_pid_vsp": [399.8463439941406, 398.4056701660156, 1.9133100509643555]}, "datetime": {"datetime": "2025-08-14 01:50:13", "elapsed": 57741.60436749458, "delta": 29.337069749832153}, "costs": {"total_cost": 1102.7036592347429, "time_cost": 150, "final_distance_cost": 52.29354124153009, "oscillation_cost": 103.04291417233026, "completition_cost": 666.6666666666667, "overshoot_cost": 66.57196206398143, "power_cost": 29.44955007324219, "noise_cost": 34.6790250169923, "n_waypoints_completed": 3, "tot_waypoints": 9}}
{"target": -1222.26839947782, "params": {"k_pid_pos": [0.04390239715576172, 0.019469112157821655, 0.009796768426895142], "k_pid_alt": [0.0, 1.0, 0.918944239616394], "k_pid_att": [99.9998550415039, 9.999999747378752e-05, 0.9454138875007629], "k_pid_yaw": [0.5, 1e-06, 0.1], "k_pid_hsp": [9.94407844543457, 0.9881039261817932, 0.03289139270782471], "k_pid_vsp": [400.0, 397.6205139160156, 5.45331335067749]}, "datetime": {"datetime": "2025-08-14 01:50:43", "elapsed": 57771.62095475197, "delta": 30.016587257385254}, "costs": {"total_cost": 1222.26839947782, "time_cost": 150, "final_distance_cost": 82.17034974991418, "oscillation_cost": 85.02883303051858, "completition_cost": 777.7777777777778, "overshoot_cost": 75.99736690181174, "power_cost": 23.016951867675782, "noise_cost": 28.27712015012194, "n_waypoints_completed": 2, "tot_waypoints": 9}}
{"target": -1282.2293093428802, "params": {"k_pid_pos": [0.02713942714035511, 0.018109530210494995, 0.022584140300750732], "k_pid_alt": [0.0, 1.0, 0.9951746463775635], "k_pid_att": [100.0, 0.00010059603664558381, 0.9461317658424377], "k_pid_yaw": [0.5, 1e-06, 0.1], "k_pid_hsp": [9.226489067077637, 0.9823346138000488, 0.016939550638198853], "k_pid_vsp": [400.0, 396.0448303222656, 11.7957124710083]}, "datetime": {"datetime": "2025-08-14 01:51:15", "elapsed": 57803.471020936966, "delta": 31.85006618499756}, "costs": {"total_cost": 1282.2293093428802, "time_cost": 150, "final_distance_cost": 73.09185683141295, "oscillation_cost": 35.99161055211082, "completition_cost": 888.8888888888888, "overshoot_cost": 67.70128245930101, "power_cost": 35.32211568603516, "noise_cost": 31.233554925131592, "n_waypoints_completed": 1, "tot_waypoints": 9}}
{"target": -1227.9471238284275, "params": {"k_pid_pos": [0.013703245669603348, 0.0017097890377044678, 0.016792476177215576], "k_pid_alt": [0.0, 0.9998083114624023, 0.952338695526123], "k_pid_att": [100.0, 0.00010864258365472779, 0.9976602792739868], "k_pid_yaw": [0.5, 1e-06, 0.1], "k_pid_hsp": [9.98589038848877, 0.9928632974624634, 0.007157236337661743], "k_pid_vsp": [400.0, 398.6829833984375, 11.131108283996582]}, "datetime": {"datetime": "2025-08-14 01:51:45", "elapsed": 57833.783415317535, "delta": 30.312394380569458}, "costs": {"total_cost": 1227.9471238284275, "time_cost": 150, "final_distance_cost": 47.34318024579816, "oscillation_cost": 47.45916390941235, "completition_cost": 888.8888888888888, "overshoot_cost": 49.599504269529675, "power_cost": 17.738840844726564, "noise_cost": 26.917545670071856, "n_waypoints_completed": 1, "tot_waypoints": 9}}
{"target": -1161.9292610333907, "params": {"k_pid_pos": [0.02695329114794731, 0.016999810934066772, 0.0015728473663330078], "k_pid_alt": [0.002321004867553711, 1.0, 0.97562575340271], "k_pid_att": [99.64862823486328, 9.999999747378752e-05, 0.8903541564941406], "k_pid_yaw": [0.5, 1e-06, 0.1], "k_pid_hsp": [9.65449047088623, 0.9011965990066528, 0.01725250482559204], "k_pid_vsp": [399.9980163574219, 374.232666015625, 12.599432945251465]}, "datetime": {"datetime": "2025-08-14 01:52:15", "elapsed": 57863.515901088715, "delta": 29.7324857711792}, "costs": {"total_cost": 1161.9292610333907, "time_cost": 150, "final_distance_cost": 64.94140105734215, "oscillation_cost": 52.057571224184436, "completition_cost": 777.7777777777778, "overshoot_cost": 67.61715381647056, "power_cost": 22.229434375, "noise_cost": 27.30592278261569, "n_waypoints_completed": 2, "tot_waypoints": 9}}
{"target": -1014.6336219188664, "params": {"k_pid_pos": [0.08974120020866394, 0.028971731662750244, 0.004819333553314209], "k_pid_alt": [0.0, 1.0, 0.9975830316543579], "k_pid_att": [100.0, 9.999999747378752e-05, 0.9941102266311646], "k_pid_yaw": [0.5, 1e-06, 0.1], "k_pid_hsp": [9.344771385192871, 0.9778887033462524, 0.012092143297195435], "k_pid_vsp": [400.0, 395.1826171875, 0.19433598220348358]}, "datetime": {"datetime": "2025-08-14 01:52:45", "elapsed": 57893.200388908386, "delta": 29.68448781967163}, "costs": {"total_cost": 1014.6336219188664, "time_cost": 150, "final_distance_cost": 45.51736941807648, "oscillation_cost": 127.75448202096824, "completition_cost": 555.5555555555555, "overshoot_cost": 72.14497433283061, "power_cost": 29.13657080078125, "noise_cost": 34.52466979065426, "n_waypoints_completed": 4, "tot_waypoints": 9}}
{"target": -1209.9584491513963, "params": {"k_pid_pos": [0.03535134717822075, 0.07802525162696838, 0.024325907230377197], "k_pid_alt": [0.0, 1.0, 0.993279218673706], "k_pid_att": [100.0, 9.999999747378752e-05, 0.9370331168174744], "k_pid_yaw": [0.5, 1e-06, 0.1], "k_pid_hsp": [9.81933307647705, 0.986595869064331, 0.015716552734375], "k_pid_vsp": [400.0, 394.8387756347656, 1.5795598030090332]}, "datetime": {"datetime": "2025-08-14 01:53:15", "elapsed": 57923.56916832924, "delta": 30.36877942085266}, "costs": {"total_cost": 1209.9584491513963, "time_cost": 150, "final_distance_cost": 83.6479390201235, "oscillation_cost": 77.37415612102414, "completition_cost": 777.7777777777778, "overshoot_cost": 70.80778817297984, "power_cost": 21.12456951904297, "noise_cost": 29.226218540447967, "n_waypoints_completed": 2, "tot_waypoints": 9}}
{"target": -1224.6180704425174, "params": {"k_pid_pos": [0.014961376786231995, 0.04005098342895508, 0.039121806621551514], "k_pid_alt": [8.589029312133789e-05, 1.0, 0.9780688285827637], "k_pid_att": [100.0, 9.999999747378752e-05, 0.9773303270339966], "k_pid_yaw": [0.5, 1e-06, 0.1], "k_pid_hsp": [9.88590145111084, 0.9953287839889526, 0.031270831823349], "k_pid_vsp": [399.4360046386719, 384.4869079589844, 4.560948371887207]}, "datetime": {"datetime": "2025-08-14 01:53:49", "elapsed": 57957.69392681122, "delta": 34.12475848197937}, "costs": {"total_cost": 1224.6180704425174, "time_cost": 150, "final_distance_cost": 83.7992870090576, "oscillation_cost": 71.12085402320433, "completition_cost": 777.7777777777778, "overshoot_cost": 85.76664999479686, "power_cost": 26.08328485107422, "noise_cost": 30.070216786606686, "n_waypoints_completed": 2, "tot_waypoints": 9}}
