{"target": -1164.6156682563599, "params": {"k_pid_pos": [0.4994184672832489, 0.2632290720939636, 0.03934505581855774], "k_pid_alt": [0.0, 0.528430163860321, 0.6785197257995605], "k_pid_att": [99.99967956542969, 0.04375668987631798, 0.053640127182006836], "k_pid_yaw": [0.5, 1e-06, 0.1], "k_pid_hsp": [9.608211517333984, 0.4296814203262329, 0.10871532559394836], "k_pid_vsp": [400.0, 306.1779479980469, 27.412511825561523]}, "datetime": {"datetime": "2025-08-13 12:47:15", "elapsed": 10763.556452989578, "delta": 28.11137104034424}, "costs": {"total_cost": 1164.6156682563599, "time_cost": 150, "final_distance_cost": 62.43402991459317, "oscillation_cost": 607.8140048486938, "completition_cost": 222.2222222222222, "overshoot_cost": 56.969931381316854, "power_cost": 35.262776892089846, "noise_cost": 29.912702997444065, "n_waypoints_completed": 7, "tot_waypoints": 9}}
{"target": -1336.5093711871568, "params": {"k_pid_pos": [0.4514145255088806, 0.8287909626960754, 2.1457672119140625e-06], "k_pid_alt": [1.9556193351745605, 0.0009620487689971924, 0.19831624627113342], "k_pid_att": [99.99451446533203, 0.0001736109988996759, 0.06915515661239624], "k_pid_yaw": [0.5, 1e-06, 0.1], "k_pid_hsp": [9.755367279052734, 0.7368597984313965, 0.10321611166000366], "k_pid_vsp": [0.04055500030517578, 366.0740966796875, 17.703594207763672]}, "datetime": {"datetime": "2025-08-13 12:47:43", "elapsed": 10791.837148427963, "delta": 28.28069543838501}, "costs": {"total_cost": 1336.5093711871568, "time_cost": 150, "final_distance_cost": 94.05631003850787, "oscillation_cost": 207.79825865716387, "completition_cost": 777.7777777777778, "overshoot_cost": 43.68434475476243, "power_cost": 35.60878929443359, "noise_cost": 27.583890664511248, "n_waypoints_completed": 2, "tot_waypoints": 9}}
{"target": -1132.6346507008184, "params": {"k_pid_pos": [0.6042400598526001, 0.7115850448608398, 3.8743019104003906e-07], "k_pid_alt": [0.3533514142036438, 0.999991774559021, 0.11430370807647705], "k_pid_att": [99.99974060058594, 0.0007940891664475203, 0.027328848838806152], "k_pid_yaw": [0.5, 1e-06, 0.1], "k_pid_hsp": [9.196274757385254, 0.7802539467811584, 0.04368317127227783], "k_pid_vsp": [398.95068359375, 115.08536529541016, 42.477237701416016]}, "datetime": {"datetime": "2025-08-13 12:48:12", "elapsed": 10820.273148059845, "delta": 28.435999631881714}, "costs": {"total_cost": 1132.6346507008184, "time_cost": 150, "final_distance_cost": 47.42095947960381, "oscillation_cost": 361.53967034885954, "completition_cost": 444.4444444444444, "overshoot_cost": 60.55657189575836, "power_cost": 37.554239074707034, "noise_cost": 31.118765457445026, "n_waypoints_completed": 5, "tot_waypoints": 9}}
{"target": -2226.2921852905315, "params": {"k_pid_pos": [1.7305632829666138, 0.1828157901763916, 0.9999996423721313], "k_pid_alt": [0.0015205144882202148, 9.238719940185547e-07, 0.01455661654472351], "k_pid_att": [100.0, 10.0, 0.387337327003479], "k_pid_yaw": [0.5, 1e-06, 0.1], "k_pid_hsp": [9.809144973754883, 0.7810673117637634, 0.06335136294364929], "k_pid_vsp": [399.8710021972656, 352.3739013671875, 82.26827239990234]}, "datetime": {"datetime": "2025-08-13 12:48:40", "elapsed": 10849.055852413177, "delta": 28.78270435333252}, "costs": {"total_cost": 2226.2921852905315, "time_cost": 150, "final_distance_cost": 9.359767691790534, "oscillation_cost": 845.5374840164634, "completition_cost": 1000.0, "overshoot_cost": 146.37386451771286, "power_cost": 30.771339196777344, "noise_cost": 44.24972986778752, "n_waypoints_completed": 0, "tot_waypoints": 9}}
{"target": -1885.3212430444976, "params": {"k_pid_pos": [0.02364933304488659, 0.5646041631698608, 0.9999862909317017], "k_pid_alt": [0.00034546852111816406, 1.0, 0.12164109945297241], "k_pid_att": [100.0, 10.0, 0.4796747863292694], "k_pid_yaw": [0.5, 1e-06, 0.1], "k_pid_hsp": [3.222644090652466, 0.7132830023765564, 0.13010936975479126], "k_pid_vsp": [0.06833076477050781, 283.2104797363281, 76.5885009765625]}, "datetime": {"datetime": "2025-08-13 12:49:09", "elapsed": 10877.609170675278, "delta": 28.55331826210022}, "costs": {"total_cost": 1885.3212430444976, "time_cost": 150, "final_distance_cost": 65.96700606910468, "oscillation_cost": 660.1169224704469, "completition_cost": 888.8888888888888, "overshoot_cost": 58.06127657812429, "power_cost": 34.74251082763672, "noise_cost": 27.544638210295957, "n_waypoints_completed": 1, "tot_waypoints": 9}}
{"target": -1255.9333846355912, "params": {"k_pid_pos": [0.45138221979141235, 0.3573819398880005, 3.3080577850341797e-06], "k_pid_alt": [1.1026859283447266e-05, 1.0, 0.7343913316726685], "k_pid_att": [2.6653318405151367, 0.00010506634134799242, 0.9777061343193054], "k_pid_yaw": [0.5, 1e-06, 0.1], "k_pid_hsp": [9.010992050170898, 0.8777924180030823, 0.07039991021156311], "k_pid_vsp": [38.278343200683594, 390.30767822265625, 156.26771545410156]}, "datetime": {"datetime": "2025-08-13 12:49:37", "elapsed": 10906.101539611816, "delta": 28.492368936538696}, "costs": {"total_cost": 1255.9333846355912, "time_cost": 150, "final_distance_cost": 97.41768539210332, "oscillation_cost": 53.66230907728239, "completition_cost": 777.7777777777778, "overshoot_cost": 99.53444542594674, "power_cost": 33.592321997070314, "noise_cost": 43.948844965410366, "n_waypoints_completed": 2, "tot_waypoints": 9}}
{"target": -1095.822654749246, "params": {"k_pid_pos": [0.2967633306980133, 0.17695125937461853, 0.9880689382553101], "k_pid_alt": [2.0, 1.0, 0.8279513120651245], "k_pid_att": [98.65151977539062, 9.999983787536621, 0.6575968265533447], "k_pid_yaw": [0.5, 1e-06, 0.1], "k_pid_hsp": [6.056152820587158, 0.7810128927230835, 0.051725149154663086], "k_pid_vsp": [400.0, 344.67254638671875, 27.038671493530273]}, "datetime": {"datetime": "2025-08-13 12:50:06", "elapsed": 10935.098933935165, "delta": 28.997394323349}, "costs": {"total_cost": 1095.822654749246, "time_cost": 150, "final_distance_cost": 26.244289518302992, "oscillation_cost": 674.7578994934762, "completition_cost": 111.11111111111116, "overshoot_cost": 67.70860351890597, "power_cost": 36.34847368164063, "noise_cost": 29.652277425809153, "n_waypoints_completed": 8, "tot_waypoints": 9}}
{"target": -945.6665846422844, "params": {"k_pid_pos": [1.6933073997497559, 0.1237994134426117, 0.09465521574020386], "k_pid_alt": [0.04823875427246094, 0.9999362826347351, 0.09859246015548706], "k_pid_att": [100.0, 9.999999747378752e-05, 0.22979801893234253], "k_pid_yaw": [0.5, 1e-06, 0.1], "k_pid_hsp": [8.66667652130127, 0.9232648611068726, 0.1901295781135559], "k_pid_vsp": [5.292224884033203, 347.0869445800781, 159.98025512695312]}, "datetime": {"datetime": "2025-08-13 12:50:35", "elapsed": 10963.81729888916, "delta": 28.71836495399475}, "costs": {"total_cost": 945.6665846422844, "time_cost": 150, "final_distance_cost": 37.51997148516502, "oscillation_cost": 470.7399328247576, "completition_cost": 111.11111111111116, "overshoot_cost": 97.62578097630185, "power_cost": 42.20271868896484, "noise_cost": 36.46706955598394, "n_waypoints_completed": 8, "tot_waypoints": 9}}
{"target": -1788.8801016175275, "params": {"k_pid_pos": [0.30955708026885986, 0.9438652992248535, 0.9991123080253601], "k_pid_alt": [0.0, 0.999599814414978, 0.0793485939502716], "k_pid_att": [99.99996185302734, 0.04421832039952278, 0.2553281784057617], "k_pid_yaw": [0.5, 1e-06, 0.1], "k_pid_hsp": [9.775897979736328, 0.5895488262176514, 0.1489451825618744], "k_pid_vsp": [399.9826354980469, 314.4637756347656, 19.722320556640625]}, "datetime": {"datetime": "2025-08-13 12:51:04", "elapsed": 10992.64932513237, "delta": 28.83202624320984}, "costs": {"total_cost": 1788.8801016175275, "time_cost": 150, "final_distance_cost": 81.69229284830102, "oscillation_cost": 663.3524542007474, "completition_cost": 777.7777777777778, "overshoot_cost": 51.02631814677611, "power_cost": 36.442859191894534, "noise_cost": 28.58839945203062, "n_waypoints_completed": 2, "tot_waypoints": 9}}
{"target": -612.4779668914208, "params": {"k_pid_pos": [0.8388679027557373, 0.20925098657608032, 0.0], "k_pid_alt": [0.00010287761688232422, 1.0, 0.9287042617797852], "k_pid_att": [99.99919891357422, 6.206108093261719, 0.6372166872024536], "k_pid_yaw": [0.5, 1e-06, 0.1], "k_pid_hsp": [9.68708324432373, 0.9710086584091187, 0.2908027172088623], "k_pid_vsp": [399.9998474121094, 266.4625549316406, 68.5608139038086]}, "datetime": {"datetime": "2025-08-13 12:51:31", "elapsed": 11019.648534297943, "delta": 26.99920916557312}, "costs": {"total_cost": 612.4779668914208, "time_cost": 103.747, "final_distance_cost": 1.7700098490472078, "oscillation_cost": 381.72413981346494, "completition_cost": 0.0, "overshoot_cost": 67.85830545632152, "power_cost": 31.874203137207033, "noise_cost": 25.504308635380077, "n_waypoints_completed": 9, "tot_waypoints": 9}}
{"target": -415.3080055307357, "params": {"k_pid_pos": [1.7916206121444702, 0.6369010210037231, 0.16060173511505127], "k_pid_alt": [1.2292779684066772, 1.0, 0.19182711839675903], "k_pid_att": [100.0, 9.999999046325684, 0.5318143963813782], "k_pid_yaw": [0.5, 1e-06, 0.1], "k_pid_hsp": [9.224620819091797, 0.29634833335876465, 0.032164424657821655], "k_pid_vsp": [400.0, 119.80056762695312, 3.906465530395508]}, "datetime": {"datetime": "2025-08-13 12:51:56", "elapsed": 11044.693640947342, "delta": 25.045106649398804}, "costs": {"total_cost": 415.3080055307357, "time_cost": 103.60000000000001, "final_distance_cost": 1.7914631961337288, "oscillation_cost": 192.86470070644248, "completition_cost": 0.0, "overshoot_cost": 59.80791653086335, "power_cost": 27.618584326171877, "noise_cost": 29.62534077112434, "n_waypoints_completed": 9, "tot_waypoints": 9}}
{"target": -785.5656207104025, "params": {"k_pid_pos": [0.7780952453613281, 0.9305689930915833, 0.9614619016647339], "k_pid_alt": [2.0, 0.9999985694885254, 0.21964478492736816], "k_pid_att": [90.19409942626953, 0.00040398063720203936, 0.8935810327529907], "k_pid_yaw": [0.5, 1e-06, 0.1], "k_pid_hsp": [8.085514068603516, 0.9200734496116638, 0.1186361014842987], "k_pid_vsp": [0.0, 363.2799377441406, 56.785179138183594]}, "datetime": {"datetime": "2025-08-13 12:52:24", "elapsed": 11072.64985370636, "delta": 27.956212759017944}, "costs": {"total_cost": 785.5656207104025, "time_cost": 150, "final_distance_cost": 60.00880498228383, "oscillation_cost": 337.4602197926746, "completition_cost": 111.11111111111116, "overshoot_cost": 60.56317440550454, "power_cost": 37.705750830078124, "noise_cost": 28.716559588750208, "n_waypoints_completed": 8, "tot_waypoints": 9}}
{"target": -615.8587402805297, "params": {"k_pid_pos": [1.9185428619384766, 0.382006973028183, 0.9999998807907104], "k_pid_alt": [1.1920928955078125e-07, 0.9963201284408569, 0.6494352221488953], "k_pid_att": [100.0, 0.0017572904471307993, 0.4374975264072418], "k_pid_yaw": [0.5, 1e-06, 0.1], "k_pid_hsp": [3.587772846221924, 0.9733477830886841, 0.03354337811470032], "k_pid_vsp": [399.995361328125, 376.6994934082031, 32.52384567260742]}, "datetime": {"datetime": "2025-08-13 12:52:49", "elapsed": 11098.022516489029, "delta": 25.372662782669067}, "costs": {"total_cost": 615.8587402805297, "time_cost": 109.011, "final_distance_cost": 1.775409294425373, "oscillation_cost": 380.29337714448076, "completition_cost": 0.0, "overshoot_cost": 65.40283576925432, "power_cost": 32.42563618164063, "noise_cost": 26.95048189072858, "n_waypoints_completed": 9, "tot_waypoints": 9}}
{"target": -1330.4901890528774, "params": {"k_pid_pos": [0.02135341614484787, 0.48197057843208313, 0.074211984872818], "k_pid_alt": [0.1895962953567505, 0.9989326000213623, 0.5456281900405884], "k_pid_att": [7.683300971984863, 9.999999747378752e-05, 0.6866945028305054], "k_pid_yaw": [0.5, 1e-06, 0.1], "k_pid_hsp": [4.812734127044678, 0.7956158518791199, 0.12772256135940552], "k_pid_vsp": [0.016391277313232422, 367.8014831542969, 65.8569107055664]}, "datetime": {"datetime": "2025-08-13 12:53:19", "elapsed": 11127.180788993835, "delta": 29.15827250480652}, "costs": {"total_cost": 1330.4901890528774, "time_cost": 150, "final_distance_cost": 56.92531084265387, "oscillation_cost": 132.422206998663, "completition_cost": 888.8888888888888, "overshoot_cost": 47.259902015193596, "power_cost": 29.672985961914065, "noise_cost": 25.320894345564184, "n_waypoints_completed": 1, "tot_waypoints": 9}}
{"target": -672.861768241218, "params": {"k_pid_pos": [1.6615769863128662, 0.6986578702926636, 0.9999830722808838], "k_pid_alt": [0.0, 0.9864950180053711, 0.8398868441581726], "k_pid_att": [100.0, 0.006904398091137409, 0.7915724515914917], "k_pid_yaw": [0.5, 1e-06, 0.1], "k_pid_hsp": [6.758905410766602, 0.7320716381072998, 0.061558276414871216], "k_pid_vsp": [400.0, 288.75238037109375, 21.123172760009766]}, "datetime": {"datetime": "2025-08-13 12:53:46", "elapsed": 11154.382614135742, "delta": 27.20182514190674}, "costs": {"total_cost": 672.861768241218, "time_cost": 113.148, "final_distance_cost": 1.779544614935768, "oscillation_cost": 429.8431678067164, "completition_cost": 0.0, "overshoot_cost": 66.6799320907381, "power_cost": 32.383158984375, "noise_cost": 29.027964744452703, "n_waypoints_completed": 9, "tot_waypoints": 9}}
{"target": -2098.1680720847685, "params": {"k_pid_pos": [0.11412794142961502, 0.7316381335258484, 0.0010412931442260742], "k_pid_alt": [0.0, 0.9999999403953552, 0.4049852788448334], "k_pid_att": [0.35534799098968506, 2.2412335872650146, 0.1267452836036682], "k_pid_yaw": [0.5, 1e-06, 0.1], "k_pid_hsp": [6.271553039550781, 0.8753373622894287, 0.2311350405216217], "k_pid_vsp": [400.0, 310.2673645019531, 262.6334533691406]}, "datetime": {"datetime": "2025-08-13 12:54:15", "elapsed": 11183.221286535263, "delta": 28.838672399520874}, "costs": {"total_cost": 2098.1680720847685, "time_cost": 150, "final_distance_cost": 38.85287694744462, "oscillation_cost": 531.5854239063815, "completition_cost": 1000.0, "overshoot_cost": 194.59335854538756, "power_cost": 56.925728417968756, "noise_cost": 126.21068426758583, "n_waypoints_completed": 0, "tot_waypoints": 9}}
{"target": -454.3104428307783, "params": {"k_pid_pos": [1.680870771408081, 0.20857179164886475, 5.960464477539062e-07], "k_pid_alt": [1.9999998807907104, 1.0, 0.9448425769805908], "k_pid_att": [100.0, 0.12653419375419617, 0.6575251817703247], "k_pid_yaw": [0.5, 1e-06, 0.1], "k_pid_hsp": [9.220760345458984, 0.6029367446899414, 0.2079181671142578], "k_pid_vsp": [26.242124557495117, 241.48196411132812, 37.57014465332031]}, "datetime": {"datetime": "2025-08-13 12:54:37", "elapsed": 11205.474892139435, "delta": 22.253605604171753}, "costs": {"total_cost": 454.3104428307783, "time_cost": 92.267, "final_distance_cost": 1.7839947167935641, "oscillation_cost": 250.22707338187058, "completition_cost": 0.0, "overshoot_cost": 53.93321228732928, "power_cost": 31.982960498046875, "noise_cost": 24.116201946738027, "n_waypoints_completed": 9, "tot_waypoints": 9}}
{"target": -1394.2014400510388, "params": {"k_pid_pos": [0.7110934853553772, 0.8576402068138123, 0.0], "k_pid_alt": [4.172325134277344e-07, 0.02082166075706482, 0.9481998682022095], "k_pid_att": [100.0, 9.999999747378752e-05, 0.33330950140953064], "k_pid_yaw": [0.5, 1e-06, 0.1], "k_pid_hsp": [9.230016708374023, 0.6009114980697632, 0.111917644739151], "k_pid_vsp": [0.025701522827148438, 380.4757385253906, 16.009105682373047]}, "datetime": {"datetime": "2025-08-13 12:55:06", "elapsed": 11234.249534845352, "delta": 28.77464270591736}, "costs": {"total_cost": 1394.2014400510388, "time_cost": 150, "final_distance_cost": 64.5103034172089, "oscillation_cost": 137.41290611840626, "completition_cost": 888.8888888888888, "overshoot_cost": 80.6032118112666, "power_cost": 39.25860059814453, "noise_cost": 33.527529217123856, "n_waypoints_completed": 1, "tot_waypoints": 9}}
{"target": -4868.194242886779, "params": {"k_pid_pos": [1.4028959274291992, 0.5401411652565002, 2.086162567138672e-06], "k_pid_alt": [0.02438133955001831, 0.8655580282211304, 0.42505478858947754], "k_pid_att": [3.2782554626464844e-05, 9.999999747378752e-05, 0.09466522932052612], "k_pid_yaw": [0.5, 1e-06, 0.1], "k_pid_hsp": [9.06993579864502, 0.7906198501586914, 0.1685119867324829], "k_pid_vsp": [399.9999084472656, 207.34629821777344, 9.811688423156738]}, "datetime": {"datetime": "2025-08-13 12:55:34", "elapsed": 11262.919378042221, "delta": 28.669843196868896}, "costs": {"total_cost": 4868.194242886779, "time_cost": 150, "final_distance_cost": 1118.9849894763938, "oscillation_cost": 4.7812749125759755, "completition_cost": 1000.0, "overshoot_cost": 2548.7001414405017, "power_cost": 20.242903076171874, "noise_cost": 25.48493398113522, "n_waypoints_completed": 0, "tot_waypoints": 9}}
{"target": -2293.895512534151, "params": {"k_pid_pos": [0.9667459726333618, 0.6148684024810791, 0.9999998807907104], "k_pid_alt": [0.0, 0.0, 0.2656896710395813], "k_pid_att": [100.0, 3.5084002017974854, 0.11498603224754333], "k_pid_yaw": [0.5, 1e-06, 0.1], "k_pid_hsp": [7.598366737365723, 0.7528307437896729, 0.2768195867538452], "k_pid_vsp": [72.19939422607422, 270.9637451171875, 75.49140167236328]}, "datetime": {"datetime": "2025-08-13 12:56:03", "elapsed": 11291.229629516602, "delta": 28.310251474380493}, "costs": {"total_cost": 2293.895512534151, "time_cost": 150, "final_distance_cost": 1.000775308954329, "oscillation_cost": 812.6074149907754, "completition_cost": 1000.0, "overshoot_cost": 162.68750712804035, "power_cost": 37.932817993164065, "noise_cost": 129.6669971132162, "n_waypoints_completed": 0, "tot_waypoints": 9}}
{"target": -715.4008093900155, "params": {"k_pid_pos": [1.0603203773498535, 0.04942971467971802, 0.9895263314247131], "k_pid_alt": [0.0, 1.0, 0.9130070209503174], "k_pid_att": [99.99821472167969, 9.999999747378752e-05, 0.058432698249816895], "k_pid_yaw": [0.5, 1e-06, 0.1], "k_pid_hsp": [3.033442258834839, 0.09816709160804749, 0.09104597568511963], "k_pid_vsp": [0.0, 332.4041748046875, 28.03951644897461]}, "datetime": {"datetime": "2025-08-13 12:56:29", "elapsed": 11317.981464385986, "delta": 26.751834869384766}, "costs": {"total_cost": 715.4008093900155, "time_cost": 113.498, "final_distance_cost": 1.854877641611679, "oscillation_cost": 471.35820378120474, "completition_cost": 0.0, "overshoot_cost": 69.53260486827496, "power_cost": 32.675888464355474, "noise_cost": 26.481234634568793, "n_waypoints_completed": 9, "tot_waypoints": 9}}
{"target": -961.900595482645, "params": {"k_pid_pos": [0.6645982265472412, 0.4564761817455292, 0.0006676018238067627], "k_pid_alt": [0.0, 1.0, 0.7480350136756897], "k_pid_att": [99.99724578857422, 0.00011430496670072898, 0.40391796827316284], "k_pid_yaw": [0.5, 1e-06, 0.1], "k_pid_hsp": [8.485074043273926, 0.5167551040649414, 0.13483071327209473], "k_pid_vsp": [400.0, 233.60391235351562, 137.54513549804688]}, "datetime": {"datetime": "2025-08-13 12:56:58", "elapsed": 11346.487757205963, "delta": 28.506292819976807}, "costs": {"total_cost": 961.900595482645, "time_cost": 150, "final_distance_cost": 16.50302345791663, "oscillation_cost": 551.6859972341471, "completition_cost": 111.11111111111116, "overshoot_cost": 68.7349970742961, "power_cost": 34.286440673828125, "noise_cost": 29.579025931346038, "n_waypoints_completed": 8, "tot_waypoints": 9}}
{"target": -1498.7124346353253, "params": {"k_pid_pos": [0.059705957770347595, 0.7129883766174316, 2.9802322387695312e-08], "k_pid_alt": [9.119510650634766e-06, 0.990642786026001, 0.12042221426963806], "k_pid_att": [100.0, 9.999999747378752e-05, 0.7352860569953918], "k_pid_yaw": [0.5, 1e-06, 0.1], "k_pid_hsp": [9.831787109375, 0.219693124294281, 0.30004066228866577], "k_pid_vsp": [400.0, 383.1981201171875, 10.142529487609863]}, "datetime": {"datetime": "2025-08-13 12:57:26", "elapsed": 11374.790026903152, "delta": 28.30226969718933}, "costs": {"total_cost": 1498.7124346353253, "time_cost": 150, "final_distance_cost": 29.0488663418686, "oscillation_cost": 198.96980762665933, "completition_cost": 1000.0, "overshoot_cost": 49.19220849692107, "power_cost": 39.40149802246094, "noise_cost": 32.100054147415506, "n_waypoints_completed": 0, "tot_waypoints": 9}}
{"target": -2210.0815088387994, "params": {"k_pid_pos": [0.690360963344574, 0.025322377681732178, 0.3361334502696991], "k_pid_alt": [3.5762786865234375e-07, 0.00925302505493164, 0.7068244218826294], "k_pid_att": [99.9996337890625, 1.5648380517959595, 0.6136545538902283], "k_pid_yaw": [0.5, 1e-06, 0.1], "k_pid_hsp": [2.975322961807251, 0.6931124925613403, 0.0816585123538971], "k_pid_vsp": [400.0, 289.74810791015625, 64.77423095703125]}, "datetime": {"datetime": "2025-08-13 12:57:54", "elapsed": 11402.966241121292, "delta": 28.17621421813965}, "costs": {"total_cost": 2210.0815088387994, "time_cost": 150, "final_distance_cost": 33.79838162881538, "oscillation_cost": 860.5178724326933, "completition_cost": 1000.0, "overshoot_cost": 105.82087870750463, "power_cost": 29.639781872558594, "noise_cost": 30.304594197227615, "n_waypoints_completed": 0, "tot_waypoints": 9}}
{"target": -1373.0230664503915, "params": {"k_pid_pos": [1.782189965248108, 0.941611111164093, 2.962350845336914e-05], "k_pid_alt": [0.0, 0.9999983310699463, 0.10921809077262878], "k_pid_att": [100.0, 9.980960845947266, 0.7039084434509277], "k_pid_yaw": [0.5, 1e-06, 0.1], "k_pid_hsp": [4.541149616241455, 0.9685109853744507, 0.1784529983997345], "k_pid_vsp": [399.9725341796875, 302.22259521484375, 22.507596969604492]}, "datetime": {"datetime": "2025-08-13 12:58:23", "elapsed": 11431.942274570465, "delta": 28.976033449172974}, "costs": {"total_cost": 1373.0230664503915, "time_cost": 150, "final_distance_cost": 64.19443488212612, "oscillation_cost": 137.13588978253125, "completition_cost": 888.8888888888888, "overshoot_cost": 58.55326587470569, "power_cost": 41.67735828857422, "noise_cost": 32.573228733565735, "n_waypoints_completed": 1, "tot_waypoints": 9}}
