{"target": -1399.8975700851777, "params": {"k_pid_pos": [0.09465416520833969, 0.7728948593139648, 0.045431435108184814], "k_pid_alt": [0.0, 1.0, 0.9356765747070312], "k_pid_att": [100.0, 0.00010059603664558381, 0.8927837610244751], "k_pid_yaw": [0.5, 1e-06, 0.1], "k_pid_hsp": [9.33263874053955, 0.9784693717956543, 0.0003973543643951416], "k_pid_vsp": [399.9996337890625, 384.13385009765625, 66.6209716796875]}, "datetime": {"datetime": "2025-08-13 14:50:43", "elapsed": 18171.49203300476, "delta": 29.511359214782715}, "costs": {"total_cost": 1399.8975700851777, "time_cost": 150, "final_distance_cost": 59.25383997284357, "oscillation_cost": 79.20179638883302, "completition_cost": 1000.0, "overshoot_cost": 42.61474340623752, "power_cost": 37.554251367187504, "noise_cost": 31.272938950076067, "n_waypoints_completed": 0, "tot_waypoints": 9}}
{"target": -555.0946581369091, "params": {"k_pid_pos": [0.20746277272701263, 0.0643075704574585, 0.06966701149940491], "k_pid_alt": [2.0, 0.10155925154685974, 0.979062557220459], "k_pid_att": [100.0, 0.00010029802069766447, 0.8355404138565063], "k_pid_yaw": [0.5, 1e-06, 0.1], "k_pid_hsp": [9.188490867614746, 0.9889910221099854, 0.015335023403167725], "k_pid_vsp": [393.0378723144531, 323.2537536621094, 5.149162769317627]}, "datetime": {"datetime": "2025-08-13 14:51:12", "elapsed": 18200.66295981407, "delta": 29.170926809310913}, "costs": {"total_cost": 555.0946581369091, "time_cost": 150, "final_distance_cost": 30.978070955067686, "oscillation_cost": 147.41854625542152, "completition_cost": 111.11111111111116, "overshoot_cost": 56.97811418397831, "power_cost": 26.91217935791016, "noise_cost": 31.696636273420197, "n_waypoints_completed": 8, "tot_waypoints": 9}}
{"target": -618.6606900985025, "params": {"k_pid_pos": [0.8114541172981262, 0.0404304563999176, 0.035734742879867554], "k_pid_alt": [1.2158664464950562, 1.0, 0.762634813785553], "k_pid_att": [100.0, 0.012802516110241413, 0.9157379865646362], "k_pid_yaw": [0.5, 1e-06, 0.1], "k_pid_hsp": [9.041272163391113, 0.9595142006874084, 0.3065972328186035], "k_pid_vsp": [399.9994812011719, 387.828125, 9.450865745544434]}, "datetime": {"datetime": "2025-08-13 14:51:34", "elapsed": 18222.129014730453, "delta": 21.466054916381836}, "costs": {"total_cost": 618.6606900985025, "time_cost": 88.396, "final_distance_cost": 1.7871917112349176, "oscillation_cost": 426.00005101262764, "completition_cost": 0.0, "overshoot_cost": 55.76432816171672, "power_cost": 23.96108902587891, "noise_cost": 22.752030187044237, "n_waypoints_completed": 9, "tot_waypoints": 9}}
{"target": -382.9882827824554, "params": {"k_pid_pos": [1.1896092891693115, 0.05379632115364075, 0.3980075716972351], "k_pid_alt": [2.0682811737060547e-05, 0.9999960064888, 0.8850007057189941], "k_pid_att": [100.0, 9.999999747378752e-05, 0.8845635652542114], "k_pid_yaw": [0.5, 1e-06, 0.1], "k_pid_hsp": [9.4004545211792, 0.9794019460678101, 0.01338273286819458], "k_pid_vsp": [400.0, 384.6546936035156, 21.385540008544922]}, "datetime": {"datetime": "2025-08-13 14:51:59", "elapsed": 18247.7903110981, "delta": 25.661296367645264}, "costs": {"total_cost": 382.9882827824554, "time_cost": 105.861, "final_distance_cost": 1.8059445151395164, "oscillation_cost": 163.02438125959347, "completition_cost": 0.0, "overshoot_cost": 65.31702959117747, "power_cost": 22.313914257812502, "noise_cost": 24.666013158732458, "n_waypoints_completed": 9, "tot_waypoints": 9}}
{"target": -1409.4054069537215, "params": {"k_pid_pos": [0.09969908744096756, 0.2658964693546295, 0.2813410758972168], "k_pid_alt": [0.0, 0.9997415542602539, 0.8139393329620361], "k_pid_att": [100.0, 9.999999747378752e-05, 0.9969321489334106], "k_pid_yaw": [0.5, 1e-06, 0.1], "k_pid_hsp": [9.796822547912598, 0.8095338344573975, 0.058576226234436035], "k_pid_vsp": [399.99993896484375, 379.1663513183594, 5.967296123504639]}, "datetime": {"datetime": "2025-08-13 14:52:28", "elapsed": 18277.006807804108, "delta": 29.21649670600891}, "costs": {"total_cost": 1409.4054069537215, "time_cost": 150, "final_distance_cost": 58.06360555943668, "oscillation_cost": 411.2908510570025, "completition_cost": 666.6666666666667, "overshoot_cost": 65.14904863885799, "power_cost": 28.92762751464844, "noise_cost": 29.307607517109062, "n_waypoints_completed": 3, "tot_waypoints": 9}}
{"target": -1837.579910753006, "params": {"k_pid_pos": [0.0265368539839983, 0.31743451952934265, 0.420244038105011], "k_pid_alt": [1.5386080741882324, 8.046627044677734e-07, 0.888559103012085], "k_pid_att": [96.42259979248047, 0.00010059603664558381, 0.85085529088974], "k_pid_yaw": [0.5, 1e-06, 0.1], "k_pid_hsp": [9.864523887634277, 0.8336552381515503, 0.017526209354400635], "k_pid_vsp": [327.5546875, 366.473876953125, 8.766377449035645]}, "datetime": {"datetime": "2025-08-13 14:52:57", "elapsed": 18305.978231668472, "delta": 28.971423864364624}, "costs": {"total_cost": 1837.579910753006, "time_cost": 150, "final_distance_cost": 65.89122122155119, "oscillation_cost": 636.1977445543711, "completition_cost": 888.8888888888888, "overshoot_cost": 29.868474234442594, "power_cost": 36.806337622070316, "noise_cost": 29.92724423168213, "n_waypoints_completed": 1, "tot_waypoints": 9}}
{"target": -794.241565671269, "params": {"k_pid_pos": [0.3671363294124603, 0.023875832557678223, 0.002087622880935669], "k_pid_alt": [1.7881393432617188e-07, 0.9999943971633911, 0.9774966835975647], "k_pid_att": [100.0, 9.999999747378752e-05, 0.9790743589401245], "k_pid_yaw": [0.5, 1e-06, 0.1], "k_pid_hsp": [9.699575424194336, 0.8188325762748718, 0.1815769374370575], "k_pid_vsp": [400.0, 342.5477600097656, 16.531648635864258]}, "datetime": {"datetime": "2025-08-13 14:53:24", "elapsed": 18332.379382133484, "delta": 26.401150465011597}, "costs": {"total_cost": 794.241565671269, "time_cost": 107.38, "final_distance_cost": 1.857131823827956, "oscillation_cost": 559.1863158363348, "completition_cost": 0.0, "overshoot_cost": 68.21678018268237, "power_cost": 29.53805173339844, "noise_cost": 28.063286095025404, "n_waypoints_completed": 9, "tot_waypoints": 9}}
{"target": -1098.0832093295808, "params": {"k_pid_pos": [0.2267596423625946, 0.9193422198295593, 0.12536734342575073], "k_pid_alt": [0.0016011595726013184, 1.0, 0.9439760446548462], "k_pid_att": [100.0, 9.999999747378752e-05, 0.814479649066925], "k_pid_yaw": [0.5, 1e-06, 0.1], "k_pid_hsp": [8.8269681930542, 0.9837455153465271, 0.004771977663040161], "k_pid_vsp": [400.0, 321.53192138671875, 59.35442352294922]}, "datetime": {"datetime": "2025-08-13 14:53:54", "elapsed": 18362.440355539322, "delta": 30.060973405838013}, "costs": {"total_cost": 1098.0832093295808, "time_cost": 150, "final_distance_cost": 79.84413450940767, "oscillation_cost": 83.42349450019361, "completition_cost": 666.6666666666667, "overshoot_cost": 59.2379449487869, "power_cost": 30.723767321777345, "noise_cost": 28.18720138274859, "n_waypoints_completed": 3, "tot_waypoints": 9}}
{"target": -2148.4812167962273, "params": {"k_pid_pos": [0.5598313808441162, 0.6174386739730835, 0.13536128401756287], "k_pid_alt": [2.384185791015625e-07, 0.999062180519104, 0.7851587533950806], "k_pid_att": [99.93099212646484, 0.00014827927225269377, 0.9870054721832275], "k_pid_yaw": [0.5, 1e-06, 0.1], "k_pid_hsp": [7.875168323516846, 0.9384244680404663, 0.014060378074645996], "k_pid_vsp": [399.9999084472656, 332.5162048339844, 11.003077507019043]}, "datetime": {"datetime": "2025-08-13 14:54:23", "elapsed": 18392.090583086014, "delta": 29.650227546691895}, "costs": {"total_cost": 2148.4812167962273, "time_cost": 150, "final_distance_cost": 531.5965196057431, "oscillation_cost": 420.5602606934626, "completition_cost": 555.5555555555555, "overshoot_cost": 438.92142523795565, "power_cost": 24.032398681640625, "noise_cost": 27.815057021869567, "n_waypoints_completed": 4, "tot_waypoints": 9}}
{"target": -1643.8309782097774, "params": {"k_pid_pos": [0.19673733413219452, 0.44506555795669556, 0.057786017656326294], "k_pid_alt": [0.0, 0.2179926335811615, 0.995681643486023], "k_pid_att": [100.0, 9.999999747378752e-05, 0.8199563026428223], "k_pid_yaw": [0.5, 1e-06, 0.1], "k_pid_hsp": [9.919147491455078, 0.6775499582290649, 0.19229671359062195], "k_pid_vsp": [400.0, 307.1719055175781, 1.9532451629638672]}, "datetime": {"datetime": "2025-08-13 14:54:53", "elapsed": 18421.695008039474, "delta": 29.604424953460693}, "costs": {"total_cost": 1643.8309782097774, "time_cost": 150, "final_distance_cost": 60.02505638481331, "oscillation_cost": 651.984097751478, "completition_cost": 666.6666666666667, "overshoot_cost": 54.53814927468144, "power_cost": 31.94143563232422, "noise_cost": 28.67557249981368, "n_waypoints_completed": 3, "tot_waypoints": 9}}
{"target": -708.3418969751643, "params": {"k_pid_pos": [1.493692398071289, 0.5738391876220703, 0.0734935998916626], "k_pid_alt": [0.0, 1.0, 0.9286543726921082], "k_pid_att": [100.0, 0.00010894060687860474, 0.9245468378067017], "k_pid_yaw": [0.5, 1e-06, 0.1], "k_pid_hsp": [9.900381088256836, 0.9000688195228577, 0.024707943201065063], "k_pid_vsp": [400.0, 393.4387512207031, 11.011040687561035]}, "datetime": {"datetime": "2025-08-13 14:55:23", "elapsed": 18451.479400634766, "delta": 29.784392595291138}, "costs": {"total_cost": 708.3418969751643, "time_cost": 150, "final_distance_cost": 81.74149896088697, "oscillation_cost": 125.8969717956485, "completition_cost": 222.2222222222222, "overshoot_cost": 65.22176132126113, "power_cost": 31.24563436279297, "noise_cost": 32.01380831235245, "n_waypoints_completed": 7, "tot_waypoints": 9}}
{"target": -1300.3710063753658, "params": {"k_pid_pos": [0.2751193344593048, 0.5574660897254944, 0.1362784206867218], "k_pid_alt": [0.0, 0.01660880446434021, 0.5748012661933899], "k_pid_att": [99.4608383178711, 9.999999747378752e-05, 0.7322419881820679], "k_pid_yaw": [0.5, 1e-06, 0.1], "k_pid_hsp": [7.796689987182617, 0.9344791769981384, 0.03729140758514404], "k_pid_vsp": [399.9999694824219, 361.38311767578125, 5.120957851409912]}, "datetime": {"datetime": "2025-08-13 14:55:52", "elapsed": 18480.852071285248, "delta": 29.372670650482178}, "costs": {"total_cost": 1300.3710063753658, "time_cost": 150, "final_distance_cost": 68.3930747181229, "oscillation_cost": 58.11337255575094, "completition_cost": 888.8888888888888, "overshoot_cost": 74.48989695925354, "power_cost": 27.48786325683594, "noise_cost": 32.99790999651349, "n_waypoints_completed": 1, "tot_waypoints": 9}}
{"target": -1208.0609181460618, "params": {"k_pid_pos": [0.2185676395893097, 0.4115060567855835, 0.32620131969451904], "k_pid_alt": [1.9995965957641602, 0.9643017053604126, 0.9276387095451355], "k_pid_att": [100.0, 9.999999747378752e-05, 0.9942988753318787], "k_pid_yaw": [0.5, 1e-06, 0.1], "k_pid_hsp": [9.624814987182617, 0.8348842859268188, 0.09948787093162537], "k_pid_vsp": [386.50006103515625, 350.93890380859375, 5.647111892700195]}, "datetime": {"datetime": "2025-08-13 14:56:21", "elapsed": 18510.03356075287, "delta": 29.18148946762085}, "costs": {"total_cost": 1208.0609181460618, "time_cost": 150, "final_distance_cost": 74.42745897940195, "oscillation_cost": 652.9523712476695, "completition_cost": 222.2222222222222, "overshoot_cost": 51.22120567694749, "power_cost": 28.890623486328128, "noise_cost": 28.34703653349266, "n_waypoints_completed": 7, "tot_waypoints": 9}}
{"target": -1404.4054638175535, "params": {"k_pid_pos": [0.170810729265213, 0.3076768219470978, 0.3769117593765259], "k_pid_alt": [0.0, 1.0, 0.9701664447784424], "k_pid_att": [99.73013305664062, 0.00010149009904125705, 0.9771916270256042], "k_pid_yaw": [0.5, 1e-06, 0.1], "k_pid_hsp": [5.700024127960205, 0.8673027753829956, 0.06601950526237488], "k_pid_vsp": [388.78179931640625, 385.2005615234375, 2.5282511711120605]}, "datetime": {"datetime": "2025-08-13 14:56:51", "elapsed": 18539.363008737564, "delta": 29.329447984695435}, "costs": {"total_cost": 1404.4054638175535, "time_cost": 150, "final_distance_cost": 52.83550720893841, "oscillation_cost": 413.83971074668403, "completition_cost": 666.6666666666667, "overshoot_cost": 57.913077165775256, "power_cost": 31.71575780029297, "noise_cost": 31.43474422919601, "n_waypoints_completed": 3, "tot_waypoints": 9}}
{"target": -419.06058952994624, "params": {"k_pid_pos": [1.8630954027175903, 0.20680469274520874, 0.09396547079086304], "k_pid_alt": [0.0, 1.0, 0.8867868185043335], "k_pid_att": [100.0, 9.999999747378752e-05, 0.7303139567375183], "k_pid_yaw": [0.5, 1e-06, 0.1], "k_pid_hsp": [9.037003517150879, 0.8875058889389038, 0.011579245328903198], "k_pid_vsp": [399.8829345703125, 313.8251037597656, 27.970613479614258]}, "datetime": {"datetime": "2025-08-13 14:57:19", "elapsed": 18567.366498708725, "delta": 28.00348997116089}, "costs": {"total_cost": 419.06058952994624, "time_cost": 116.662, "final_distance_cost": 1.743393483493353, "oscillation_cost": 169.33017967880934, "completition_cost": 0.0, "overshoot_cost": 71.94909779795842, "power_cost": 30.52834920654297, "noise_cost": 28.84756936314214, "n_waypoints_completed": 9, "tot_waypoints": 9}}
{"target": -1444.0353851454904, "params": {"k_pid_pos": [0.08103900402784348, 0.6170116066932678, 0.05877476930618286], "k_pid_alt": [1.9896767139434814, 0.014627039432525635, 0.9015110731124878], "k_pid_att": [100.0, 0.025431422516703606, 0.8126381039619446], "k_pid_yaw": [0.5, 1e-06, 0.1], "k_pid_hsp": [9.739380836486816, 0.6083533763885498, 0.17737561464309692], "k_pid_vsp": [400.0, 363.9822082519531, 10.820795059204102]}, "datetime": {"datetime": "2025-08-13 14:57:48", "elapsed": 18596.45512485504, "delta": 29.08862614631653}, "costs": {"total_cost": 1444.0353851454904, "time_cost": 150, "final_distance_cost": 54.750155287465944, "oscillation_cost": 460.3964605406641, "completition_cost": 666.6666666666667, "overshoot_cost": 44.2347030789324, "power_cost": 37.839961425781254, "noise_cost": 30.147438145979965, "n_waypoints_completed": 3, "tot_waypoints": 9}}
{"target": -3853.789466449464, "params": {"k_pid_pos": [0.022851742804050446, 0.6640684008598328, 0.11820334196090698], "k_pid_alt": [5.960464477539063e-08, 1.0, 0.9894872307777405], "k_pid_att": [0.0017911195755004883, 0.032576460391283035, 0.9897171258926392], "k_pid_yaw": [0.5, 1e-06, 0.1], "k_pid_hsp": [9.899572372436523, 0.9724475145339966, 0.024335891008377075], "k_pid_vsp": [400.0, 390.0181579589844, 23.295928955078125]}, "datetime": {"datetime": "2025-08-13 14:58:18", "elapsed": 18626.234162569046, "delta": 29.779037714004517}, "costs": {"total_cost": 3853.789466449464, "time_cost": 150, "final_distance_cost": 687.7280176362696, "oscillation_cost": 49.30181836921404, "completition_cost": 1000.0, "overshoot_cost": 1774.8379732188178, "power_cost": 53.91129631347656, "noise_cost": 138.010360911686, "n_waypoints_completed": 0, "tot_waypoints": 9}}
{"target": -475.1143484816077, "params": {"k_pid_pos": [1.6489291191101074, 0.34870049357414246, 0.2962051033973694], "k_pid_alt": [3.933906555175781e-06, 1.0, 0.8756649494171143], "k_pid_att": [100.0, 9.999999747378752e-05, 0.8105090260505676], "k_pid_yaw": [0.5, 1e-06, 0.1], "k_pid_hsp": [9.280949592590332, 0.7341061234474182, 0.045425206422805786], "k_pid_vsp": [399.93988037109375, 339.2886047363281, 7.174039840698242]}, "datetime": {"datetime": "2025-08-13 14:58:43", "elapsed": 18651.669049263, "delta": 25.434886693954468}, "costs": {"total_cost": 475.1143484816077, "time_cost": 103.95700000000001, "final_distance_cost": 1.739485178485552, "oscillation_cost": 251.15000325895932, "completition_cost": 0.0, "overshoot_cost": 67.45246276529782, "power_cost": 24.46069841308594, "noise_cost": 26.35469886577909, "n_waypoints_completed": 9, "tot_waypoints": 9}}
{"target": -402.26548673742167, "params": {"k_pid_pos": [0.48395177721977234, 0.05159330368041992, 0.07137569785118103], "k_pid_alt": [2.4259090423583984e-05, 0.20238852500915527, 0.8439822196960449], "k_pid_att": [100.0, 0.6232007145881653, 0.7435722351074219], "k_pid_yaw": [0.5, 1e-06, 0.1], "k_pid_hsp": [9.373700141906738, 0.8787127733230591, 0.028784513473510742], "k_pid_vsp": [399.9996643066406, 379.64300537109375, 56.30548095703125]}, "datetime": {"datetime": "2025-08-13 14:59:08", "elapsed": 18676.444295167923, "delta": 24.775245904922485}, "costs": {"total_cost": 402.26548673742167, "time_cost": 100.97500000000001, "final_distance_cost": 1.830933552284064, "oscillation_cost": 187.91575739550473, "completition_cost": 0.0, "overshoot_cost": 62.90980604141815, "power_cost": 24.79948132324219, "noise_cost": 23.834508424972515, "n_waypoints_completed": 9, "tot_waypoints": 9}}
{"target": -933.6433610162574, "params": {"k_pid_pos": [0.04209747910499573, 0.2619435787200928, 0.011098504066467285], "k_pid_alt": [0.0, 1.0, 0.9732996225357056], "k_pid_att": [100.0, 0.00010029802069766447, 0.9803372621536255], "k_pid_yaw": [0.5, 1e-06, 0.1], "k_pid_hsp": [2.7058849334716797, 0.7087712287902832, 0.014740675687789917], "k_pid_vsp": [397.66424560546875, 395.5575866699219, 1.1339435577392578]}, "datetime": {"datetime": "2025-08-13 14:59:38", "elapsed": 18706.153289556503, "delta": 29.708994388580322}, "costs": {"total_cost": 933.6433610162574, "time_cost": 150, "final_distance_cost": 51.850204358518795, "oscillation_cost": 49.71350927515384, "completition_cost": 555.5555555555555, "overshoot_cost": 69.74701163504075, "power_cost": 23.257066162109375, "noise_cost": 33.52001402987909, "n_waypoints_completed": 4, "tot_waypoints": 9}}
{"target": -323.93998010411417, "params": {"k_pid_pos": [0.3586815893650055, 0.7049282789230347, 0.018411964178085327], "k_pid_alt": [1.999955654144287, 1.0, 0.5869429111480713], "k_pid_att": [99.91166687011719, 9.999999747378752e-05, 0.9901984930038452], "k_pid_yaw": [0.5, 1e-06, 0.1], "k_pid_hsp": [9.438434600830078, 0.9929355978965759, 0.014578908681869507], "k_pid_vsp": [399.99993896484375, 387.2758483886719, 25.255300521850586]}, "datetime": {"datetime": "2025-08-13 15:00:21", "elapsed": 18749.533267736435, "delta": 43.37997817993164}, "costs": {"total_cost": 323.93998010411417, "time_cost": 114.33800000000001, "final_distance_cost": 1.7311745424940665, "oscillation_cost": 91.22977995760985, "completition_cost": 0.0, "overshoot_cost": 58.58329183596447, "power_cost": 29.633810083007813, "noise_cost": 28.42392368503803, "n_waypoints_completed": 9, "tot_waypoints": 9}}
{"target": -485.82674362473136, "params": {"k_pid_pos": [0.8653333783149719, 0.3800260126590729, 0.21868371963500977], "k_pid_alt": [1.199120044708252, 1.0, 0.6345484256744385], "k_pid_att": [100.0, 9.999999747378752e-05, 0.9464747905731201], "k_pid_yaw": [0.5, 1e-06, 0.1], "k_pid_hsp": [9.84045696258545, 0.863081693649292, 0.051227033138275146], "k_pid_vsp": [400.0, 395.79400634765625, 59.95922088623047]}, "datetime": {"datetime": "2025-08-13 15:00:47", "elapsed": 18775.80399298668, "delta": 26.27072525024414}, "costs": {"total_cost": 485.82674362473136, "time_cost": 100.212, "final_distance_cost": 1.762619960162293, "oscillation_cost": 272.78020188186764, "completition_cost": 0.0, "overshoot_cost": 58.2115529919393, "power_cost": 28.642791259765627, "noise_cost": 24.217577530996472, "n_waypoints_completed": 9, "tot_waypoints": 9}}
{"target": -666.8414385469927, "params": {"k_pid_pos": [0.36681342124938965, 0.16433289647102356, 0.19970941543579102], "k_pid_alt": [0.0, 0.9869989156723022, 0.8693239688873291], "k_pid_att": [100.0, 0.2553310692310333, 0.8471791744232178], "k_pid_yaw": [0.5, 1e-06, 0.1], "k_pid_hsp": [9.872878074645996, 0.784320592880249, 0.02343687415122986], "k_pid_vsp": [400.0, 343.36041259765625, 36.168861389160156]}, "datetime": {"datetime": "2025-08-13 15:01:22", "elapsed": 18810.255977869034, "delta": 34.451984882354736}, "costs": {"total_cost": 666.8414385469927, "time_cost": 150, "final_distance_cost": 63.21139125333501, "oscillation_cost": 104.34964465070857, "completition_cost": 222.2222222222222, "overshoot_cost": 59.95498261741761, "power_cost": 34.93940656738281, "noise_cost": 32.16379123592652, "n_waypoints_completed": 7, "tot_waypoints": 9}}
{"target": -505.96006069295896, "params": {"k_pid_pos": [0.8554551601409912, 0.0513477623462677, 0.07089072465896606], "k_pid_alt": [0.05802255868911743, 1.0, 0.9557558298110962], "k_pid_att": [100.0, 7.733108997344971, 0.9277293086051941], "k_pid_yaw": [0.5, 1e-06, 0.1], "k_pid_hsp": [9.68804931640625, 0.9868682622909546, 0.061382025480270386], "k_pid_vsp": [399.9996643066406, 372.7528076171875, 3.9219985008239746]}, "datetime": {"datetime": "2025-08-13 15:01:51", "elapsed": 18840.085753440857, "delta": 29.82977557182312}, "costs": {"total_cost": 505.96006069295896, "time_cost": 109.235, "final_distance_cost": 1.8088304865461602, "oscillation_cost": 277.493866625352, "completition_cost": 0.0, "overshoot_cost": 67.45031106444432, "power_cost": 23.61992540283203, "noise_cost": 26.352127113784483, "n_waypoints_completed": 9, "tot_waypoints": 9}}
{"target": -846.716875507292, "params": {"k_pid_pos": [0.06052393093705177, 0.5500806570053101, 0.01655176281929016], "k_pid_alt": [1.9989581108093262, 0.019127249717712402, 0.7338240742683411], "k_pid_att": [100.0, 9.999999747378752e-05, 0.9660146832466125], "k_pid_yaw": [0.5, 1e-06, 0.1], "k_pid_hsp": [9.844353675842285, 0.8852037191390991, 0.09509700536727905], "k_pid_vsp": [0.0, 394.12335205078125, 2.190519332885742]}, "datetime": {"datetime": "2025-08-13 15:02:22", "elapsed": 18870.99549460411, "delta": 30.909741163253784}, "costs": {"total_cost": 846.716875507292, "time_cost": 150, "final_distance_cost": 66.99959385302091, "oscillation_cost": 174.9855526498283, "completition_cost": 333.33333333333337, "overshoot_cost": 61.813272440530355, "power_cost": 33.70027922363281, "noise_cost": 25.884844006946246, "n_waypoints_completed": 6, "tot_waypoints": 9}}
