{"target": -1513.9712979274987, "params": {"k_pid_pos": [0.004544734489172697, 0.2529756426811218, 0.05539202690124512], "k_pid_alt": [0.0, 2.682209014892578e-07, 0.9917536973953247], "k_pid_att": [100.0, 9.999999747378752e-05, 0.9963693618774414], "k_pid_yaw": [0.5, 1e-06, 0.1], "k_pid_hsp": [9.287104606628418, 0.9675777554512024, 0.02171248197555542], "k_pid_vsp": [377.1593322753906, 385.644287109375, 6.911290645599365]}, "datetime": {"datetime": "2025-08-13 17:37:52", "elapsed": 28200.292279481888, "delta": 28.262592792510986}, "costs": {"total_cost": 1513.9712979274987, "time_cost": 150, "final_distance_cost": 1.92453031137339, "oscillation_cost": 52.16442216115667, "completition_cost": 1000.0, "overshoot_cost": 163.53193851758738, "power_cost": 17.207678076171877, "noise_cost": 129.1427288612092, "n_waypoints_completed": 0, "tot_waypoints": 9}}
{"target": -359.32464882643416, "params": {"k_pid_pos": [0.8996129035949707, 0.22329699993133545, 0.0031117498874664307], "k_pid_alt": [0.03685939311981201, 1.0, 0.989698052406311], "k_pid_att": [100.0, 9.999999747378752e-05, 0.9775510430335999], "k_pid_yaw": [0.5, 1e-06, 0.1], "k_pid_hsp": [9.863863945007324, 0.8001278638839722, 0.04354086518287659], "k_pid_vsp": [400.0, 388.0132751464844, 1.7583379745483398]}, "datetime": {"datetime": "2025-08-13 17:38:19", "elapsed": 28227.459013223648, "delta": 27.166733741760254}, "costs": {"total_cost": 359.32464882643416, "time_cost": 113.932, "final_distance_cost": 1.7806272589334498, "oscillation_cost": 112.12047430454076, "completition_cost": 0.0, "overshoot_cost": 66.60595792687045, "power_cost": 32.671520581054686, "noise_cost": 32.21406875503482, "n_waypoints_completed": 9, "tot_waypoints": 9}}
{"target": -509.3604185132833, "params": {"k_pid_pos": [0.4094393253326416, 0.049085378646850586, 0.14369049668312073], "k_pid_alt": [0.0, 1.0, 0.9731805324554443], "k_pid_att": [100.0, 9.999999747378752e-05, 0.9435896277427673], "k_pid_yaw": [0.5, 1e-06, 0.1], "k_pid_hsp": [9.771167755126953, 0.9795740246772766, 0.06978687644004822], "k_pid_vsp": [0.004982948303222656, 393.8504333496094, 2.415562629699707]}, "datetime": {"datetime": "2025-08-13 17:38:46", "elapsed": 28254.16201376915, "delta": 26.70300054550171}, "costs": {"total_cost": 509.3604185132833, "time_cost": 107.233, "final_distance_cost": 1.8114645925571986, "oscillation_cost": 279.97589404281877, "completition_cost": 0.0, "overshoot_cost": 67.04934335898999, "power_cost": 28.75643583984375, "noise_cost": 24.534280679073692, "n_waypoints_completed": 9, "tot_waypoints": 9}}
{"target": -3708.2657123966883, "params": {"k_pid_pos": [0.5873522162437439, 0.1284891664981842, 0.13461360335350037], "k_pid_alt": [0.007337987422943115, 0.9783914089202881, 0.8798493146896362], "k_pid_att": [0.0003725290298461914, 9.990323066711426, 0.9279158115386963], "k_pid_yaw": [0.5, 1e-06, 0.1], "k_pid_hsp": [9.968903541564941, 0.8142470717430115, 0.05374246835708618], "k_pid_vsp": [400.0, 395.509521484375, 14.348722457885742]}, "datetime": {"datetime": "2025-08-13 17:39:15", "elapsed": 28283.274044513702, "delta": 29.112030744552612}, "costs": {"total_cost": 3708.2657123966883, "time_cost": 150, "final_distance_cost": 194.711644231245, "oscillation_cost": 1620.5566446734035, "completition_cost": 1000.0, "overshoot_cost": 529.3224192420261, "power_cost": 53.11073791503907, "noise_cost": 160.56426633497438, "n_waypoints_completed": 0, "tot_waypoints": 9}}
{"target": -389.6025244668931, "params": {"k_pid_pos": [0.8812143802642822, 0.08158016204833984, 0.08000117540359497], "k_pid_alt": [0.00011736154556274414, 1.0, 0.898818850517273], "k_pid_att": [100.0, 9.999999747378752e-05, 0.9787761569023132], "k_pid_yaw": [0.5, 1e-06, 0.1], "k_pid_hsp": [9.76933479309082, 0.9956645965576172, 0.00985795259475708], "k_pid_vsp": [400.0, 391.762939453125, 6.090081691741943]}, "datetime": {"datetime": "2025-08-13 17:39:41", "elapsed": 28309.24333024025, "delta": 25.96928572654724}, "costs": {"total_cost": 389.6025244668931, "time_cost": 104.97200000000001, "final_distance_cost": 1.8312057918241331, "oscillation_cost": 171.1551630063069, "completition_cost": 0.0, "overshoot_cost": 64.96233030695072, "power_cost": 20.157186987304687, "noise_cost": 26.524638374506655, "n_waypoints_completed": 9, "tot_waypoints": 9}}
{"target": -563.5111562852053, "params": {"k_pid_pos": [0.5086205005645752, 0.0323253870010376, 0.13995987176895142], "k_pid_alt": [0.0, 1.0, 0.786284327507019], "k_pid_att": [100.0, 0.00010029802069766447, 0.9110259413719177], "k_pid_yaw": [0.5, 1e-06, 0.1], "k_pid_hsp": [9.662343978881836, 0.9813860654830933, 0.053777098655700684], "k_pid_vsp": [400.0, 391.3241882324219, 5.329156875610352]}, "datetime": {"datetime": "2025-08-13 17:40:06", "elapsed": 28334.35178256035, "delta": 25.108452320098877}, "costs": {"total_cost": 563.5111562852053, "time_cost": 103.061, "final_distance_cost": 1.8328723621396328, "oscillation_cost": 339.69755547752885, "completition_cost": 0.0, "overshoot_cost": 65.65641506771523, "power_cost": 26.51272890625, "noise_cost": 26.750584471571607, "n_waypoints_completed": 9, "tot_waypoints": 9}}
{"target": -1057.9658344745474, "params": {"k_pid_pos": [0.13721458613872528, 0.04439297318458557, 0.05142971873283386], "k_pid_alt": [3.0994415283203125e-06, 1.0, 0.988530695438385], "k_pid_att": [100.0, 9.999999747378752e-05, 0.9750469923019409], "k_pid_yaw": [0.5, 1e-06, 0.1], "k_pid_hsp": [9.841830253601074, 0.9666956663131714, 0.043863892555236816], "k_pid_vsp": [400.0, 379.42193603515625, 8.823241233825684]}, "datetime": {"datetime": "2025-08-13 17:40:35", "elapsed": 28363.95016860962, "delta": 29.59838604927063}, "costs": {"total_cost": 1057.9658344745474, "time_cost": 150, "final_distance_cost": 47.37618033442969, "oscillation_cost": 175.00373793055985, "completition_cost": 555.5555555555555, "overshoot_cost": 67.82822794996757, "power_cost": 30.451886291503907, "noise_cost": 31.75024641253094, "n_waypoints_completed": 4, "tot_waypoints": 9}}
{"target": -665.1422204941424, "params": {"k_pid_pos": [0.18789692223072052, 0.05135580897331238, 0.06971007585525513], "k_pid_alt": [0.0, 0.9999496936798096, 0.9476506114006042], "k_pid_att": [100.0, 9.999999747378752e-05, 0.8093854188919067], "k_pid_yaw": [0.5, 1e-06, 0.1], "k_pid_hsp": [9.808876037597656, 0.9957364201545715, 0.020886719226837158], "k_pid_vsp": [400.0, 391.2645263671875, 10.338045120239258]}, "datetime": {"datetime": "2025-08-13 17:41:06", "elapsed": 28394.221174240112, "delta": 30.271005630493164}, "costs": {"total_cost": 665.1422204941424, "time_cost": 150, "final_distance_cost": 71.2776650573723, "oscillation_cost": 92.10871119407584, "completition_cost": 222.2222222222222, "overshoot_cost": 65.94800875080199, "power_cost": 31.742782629394533, "noise_cost": 31.842830640275483, "n_waypoints_completed": 7, "tot_waypoints": 9}}
{"target": -361.26642387227935, "params": {"k_pid_pos": [0.6617917418479919, 0.06844174861907959, 0.014543652534484863], "k_pid_alt": [0.0, 1.0, 0.9926114082336426], "k_pid_att": [100.0, 9.999999747378752e-05, 0.9456071853637695], "k_pid_yaw": [0.5, 1e-06, 0.1], "k_pid_hsp": [9.861154556274414, 0.961017906665802, 0.011323690414428711], "k_pid_vsp": [400.0, 393.3069152832031, 1.5325555801391602]}, "datetime": {"datetime": "2025-08-13 17:41:32", "elapsed": 28420.139902830124, "delta": 25.918728590011597}, "costs": {"total_cost": 361.26642387227935, "time_cost": 105.287, "final_distance_cost": 1.8297983731645837, "oscillation_cost": 137.33794807499297, "completition_cost": 0.0, "overshoot_cost": 65.18603139557901, "power_cost": 23.525768872070312, "noise_cost": 28.099877156472488, "n_waypoints_completed": 9, "tot_waypoints": 9}}
{"target": -880.3314410477707, "params": {"k_pid_pos": [0.2625192105770111, 0.06926888227462769, 0.11153742671012878], "k_pid_alt": [8.165836334228516e-06, 0.9996998310089111, 0.8886376023292542], "k_pid_att": [100.0, 9.999999747378752e-05, 0.8940215706825256], "k_pid_yaw": [0.5, 1e-06, 0.1], "k_pid_hsp": [9.338112831115723, 0.949370265007019, 0.05934077501296997], "k_pid_vsp": [399.9989318847656, 380.2341003417969, 11.115111351013184]}, "datetime": {"datetime": "2025-08-13 17:42:01", "elapsed": 28449.18650984764, "delta": 29.04660701751709}, "costs": {"total_cost": 880.3314410477707, "time_cost": 150, "final_distance_cost": 52.44380139415373, "oscillation_cost": 219.62684345785217, "completition_cost": 333.33333333333337, "overshoot_cost": 59.84269922599638, "power_cost": 33.70037607421875, "noise_cost": 31.38438756221622, "n_waypoints_completed": 6, "tot_waypoints": 9}}
{"target": -388.1516831429045, "params": {"k_pid_pos": [0.4807628393173218, 0.006313979625701904, 0.017612040042877197], "k_pid_alt": [0.0, 0.9999998807907104, 0.9257035255432129], "k_pid_att": [100.0, 9.999999747378752e-05, 0.9642320871353149], "k_pid_yaw": [0.5, 1e-06, 0.1], "k_pid_hsp": [9.15957260131836, 0.9908260107040405, 0.05627429485321045], "k_pid_vsp": [400.0, 383.2673034667969, 3.5377750396728516]}, "datetime": {"datetime": "2025-08-13 17:42:27", "elapsed": 28475.23638677597, "delta": 26.049876928329468}, "costs": {"total_cost": 388.1516831429045, "time_cost": 106.575, "final_distance_cost": 1.8307588264007615, "oscillation_cost": 157.42984601886465, "completition_cost": 0.0, "overshoot_cost": 66.3535120379913, "power_cost": 26.859888012695315, "noise_cost": 29.102678246952504, "n_waypoints_completed": 9, "tot_waypoints": 9}}
{"target": -1113.9118380151356, "params": {"k_pid_pos": [0.11869217455387115, 0.0977364182472229, 0.023377418518066406], "k_pid_alt": [0.21588337421417236, 1.0, 0.9527254104614258], "k_pid_att": [100.0, 0.4885539710521698, 0.9800403118133545], "k_pid_yaw": [0.5, 1e-06, 0.1], "k_pid_hsp": [9.881282806396484, 0.9542151093482971, 0.04274359345436096], "k_pid_vsp": [399.9345703125, 398.2274169921875, 9.694672584533691]}, "datetime": {"datetime": "2025-08-13 17:42:55", "elapsed": 28503.82272720337, "delta": 28.58634042739868}, "costs": {"total_cost": 1113.9118380151356, "time_cost": 150, "final_distance_cost": 52.98638346856786, "oscillation_cost": 119.0276226040563, "completition_cost": 666.6666666666667, "overshoot_cost": 57.527772096521694, "power_cost": 34.40622449951172, "noise_cost": 33.29716867981115, "n_waypoints_completed": 3, "tot_waypoints": 9}}
{"target": -1098.8398062042913, "params": {"k_pid_pos": [0.1114027127623558, 0.006227701902389526, 0.01735672354698181], "k_pid_alt": [0.0, 0.9999998807907104, 0.9768809080123901], "k_pid_att": [100.0, 9.999999747378752e-05, 0.9100165367126465], "k_pid_yaw": [0.5, 1e-06, 0.1], "k_pid_hsp": [9.774785995483398, 0.8480595350265503, 0.05226868391036987], "k_pid_vsp": [400.0, 397.6384582519531, 18.2961483001709]}, "datetime": {"datetime": "2025-08-13 17:43:24", "elapsed": 28532.860481262207, "delta": 29.03775405883789}, "costs": {"total_cost": 1098.8398062042913, "time_cost": 150, "final_distance_cost": 52.51627989242997, "oscillation_cost": 111.86204910992306, "completition_cost": 666.6666666666667, "overshoot_cost": 66.75164335086797, "power_cost": 23.83236435546875, "noise_cost": 27.21080282893494, "n_waypoints_completed": 3, "tot_waypoints": 9}}
{"target": -1302.0603136527943, "params": {"k_pid_pos": [0.026044663041830063, 0.02030995488166809, 0.08888942003250122], "k_pid_alt": [0.0, 1.0, 0.8833174705505371], "k_pid_att": [100.0, 9.999999747378752e-05, 0.987899661064148], "k_pid_yaw": [0.5, 1e-06, 0.1], "k_pid_hsp": [9.833133697509766, 0.9334230422973633, 0.029425382614135742], "k_pid_vsp": [399.99993896484375, 393.3418273925781, 42.57935333251953]}, "datetime": {"datetime": "2025-08-13 17:43:55", "elapsed": 28563.36297225952, "delta": 30.502490997314453}, "costs": {"total_cost": 1302.0603136527943, "time_cost": 150, "final_distance_cost": 72.76747068869128, "oscillation_cost": 56.898271010059034, "completition_cost": 888.8888888888888, "overshoot_cost": 70.17634481020336, "power_cost": 34.15178747558594, "noise_cost": 29.17755077936601, "n_waypoints_completed": 1, "tot_waypoints": 9}}
{"target": -1046.3800245840655, "params": {"k_pid_pos": [0.13496133685112, 0.10621905326843262, 0.08279502391815186], "k_pid_alt": [0.008176147937774658, 1.0, 0.9712820053100586], "k_pid_att": [100.0, 0.011345197446644306, 0.9529131650924683], "k_pid_yaw": [0.5, 1e-06, 0.1], "k_pid_hsp": [9.788290023803711, 0.9795553684234619, 0.061915427446365356], "k_pid_vsp": [399.9999084472656, 384.58026123046875, 12.40599250793457]}, "datetime": {"datetime": "2025-08-13 17:44:24", "elapsed": 28592.19417309761, "delta": 28.83120083808899}, "costs": {"total_cost": 1046.3800245840655, "time_cost": 150, "final_distance_cost": 48.22359000956276, "oscillation_cost": 164.51064884707947, "completition_cost": 555.5555555555555, "overshoot_cost": 61.77474288356882, "power_cost": 34.7248812866211, "noise_cost": 31.590606001677827, "n_waypoints_completed": 4, "tot_waypoints": 9}}
{"target": -1141.629056018698, "params": {"k_pid_pos": [0.24156232178211212, 0.014950335025787354, 0.08856984972953796], "k_pid_alt": [0.0, 0.9999996423721313, 0.7888615131378174], "k_pid_att": [100.0, 9.999999747378752e-05, 0.9244693517684937], "k_pid_yaw": [0.5, 1e-06, 0.1], "k_pid_hsp": [9.84416675567627, 0.9802558422088623, 0.1453263759613037], "k_pid_vsp": [400.0, 377.8066711425781, 2.1933088302612305]}, "datetime": {"datetime": "2025-08-13 17:44:52", "elapsed": 28621.049696207047, "delta": 28.855523109436035}, "costs": {"total_cost": 1141.629056018698, "time_cost": 150, "final_distance_cost": 56.81420272721205, "oscillation_cost": 700.8987408477859, "completition_cost": 111.11111111111116, "overshoot_cost": 70.31393293478685, "power_cost": 24.514669946289064, "noise_cost": 27.97639845151291, "n_waypoints_completed": 8, "tot_waypoints": 9}}
{"target": -910.0228919114872, "params": {"k_pid_pos": [0.16287805140018463, 0.0736236572265625, 0.014709532260894775], "k_pid_alt": [0.0, 1.0, 0.9408860206604004], "k_pid_att": [100.0, 0.0011076063383370638, 0.9061887860298157], "k_pid_yaw": [0.5, 1e-06, 0.1], "k_pid_hsp": [8.9606351852417, 0.9032151103019714, 0.012567639350891113], "k_pid_vsp": [399.99993896484375, 388.9827880859375, 6.125713348388672]}, "datetime": {"datetime": "2025-08-13 17:45:23", "elapsed": 28651.29180622101, "delta": 30.242110013961792}, "costs": {"total_cost": 910.0228919114872, "time_cost": 150, "final_distance_cost": 52.875981569853614, "oscillation_cost": 142.20653975945012, "completition_cost": 444.4444444444444, "overshoot_cost": 61.620295810594975, "power_cost": 26.137140429687502, "noise_cost": 32.738489897456745, "n_waypoints_completed": 5, "tot_waypoints": 9}}
{"target": -1083.237112978004, "params": {"k_pid_pos": [0.06758923083543777, 0.0405181348323822, 0.035443246364593506], "k_pid_alt": [0.0, 1.0, 0.923573911190033], "k_pid_att": [100.0, 9.999999747378752e-05, 0.9616876840591431], "k_pid_yaw": [0.5, 1e-06, 0.1], "k_pid_hsp": [9.054848670959473, 0.974195122718811, 0.03540658950805664], "k_pid_vsp": [399.9999694824219, 377.5211181640625, 8.945311546325684]}, "datetime": {"datetime": "2025-08-13 17:45:52", "elapsed": 28680.346742153168, "delta": 29.054935932159424}, "costs": {"total_cost": 1083.237112978004, "time_cost": 150, "final_distance_cost": 53.92286526221677, "oscillation_cost": 72.96386049230254, "completition_cost": 666.6666666666667, "overshoot_cost": 78.28102245108937, "power_cost": 29.754554589843753, "noise_cost": 31.64814351588481, "n_waypoints_completed": 3, "tot_waypoints": 9}}
{"target": -762.7113872158524, "params": {"k_pid_pos": [0.0549384206533432, 0.14086058735847473, 0.055947721004486084], "k_pid_alt": [1.959269642829895, 1.0, 0.9049848318099976], "k_pid_att": [100.0, 9.999999747378752e-05, 0.9950071573257446], "k_pid_yaw": [0.5, 1e-06, 0.1], "k_pid_hsp": [9.193641662597656, 0.7446501851081848, 0.022837460041046143], "k_pid_vsp": [399.9983215332031, 337.0339050292969, 23.229528427124023]}, "datetime": {"datetime": "2025-08-13 17:46:25", "elapsed": 28713.751522302628, "delta": 33.40478014945984}, "costs": {"total_cost": 762.7113872158524, "time_cost": 150, "final_distance_cost": 65.31679943007983, "oscillation_cost": 93.32142696643936, "completition_cost": 333.33333333333337, "overshoot_cost": 69.61126039384169, "power_cost": 24.005018078613283, "noise_cost": 27.123549013544956, "n_waypoints_completed": 6, "tot_waypoints": 9}}
{"target": -348.2227408640369, "params": {"k_pid_pos": [0.46302735805511475, 0.04205700755119324, 0.05342718958854675], "k_pid_alt": [0.0, 0.9999998807907104, 0.9662896394729614], "k_pid_att": [100.0, 0.00013933866284787655, 0.9849716424942017], "k_pid_yaw": [0.5, 1e-06, 0.1], "k_pid_hsp": [9.755802154541016, 0.9722603559494019, 0.04852926731109619], "k_pid_vsp": [399.9554138183594, 397.917236328125, 4.965580463409424]}, "datetime": {"datetime": "2025-08-13 17:46:55", "elapsed": 28743.957874298096, "delta": 30.20635199546814}, "costs": {"total_cost": 348.2227408640369, "time_cost": 107.03, "final_distance_cost": 1.8194851581590452, "oscillation_cost": 114.75640202368166, "completition_cost": 0.0, "overshoot_cost": 66.40491483908296, "power_cost": 28.522048925781252, "noise_cost": 29.68988991733197, "n_waypoints_completed": 9, "tot_waypoints": 9}}
{"target": -988.6617881167299, "params": {"k_pid_pos": [0.0660901889204979, 0.14506512880325317, 0.01242750883102417], "k_pid_alt": [0.0, 1.0, 0.8176062703132629], "k_pid_att": [98.76121520996094, 9.999999747378752e-05, 0.9784213304519653], "k_pid_yaw": [0.5, 1e-06, 0.1], "k_pid_hsp": [9.918219566345215, 0.9814881086349487, 0.0066651105880737305], "k_pid_vsp": [399.9996337890625, 350.93182373046875, 6.814909934997559]}, "datetime": {"datetime": "2025-08-13 17:47:24", "elapsed": 28772.858096837997, "delta": 28.900222539901733}, "costs": {"total_cost": 988.6617881167299, "time_cost": 150, "final_distance_cost": 38.804123798654345, "oscillation_cost": 113.99435609496136, "completition_cost": 555.5555555555555, "overshoot_cost": 71.57242572023902, "power_cost": 26.473813488769533, "noise_cost": 32.261513458550006, "n_waypoints_completed": 4, "tot_waypoints": 9}}
{"target": -717.1662323165801, "params": {"k_pid_pos": [0.3523406982421875, 0.082318514585495, 0.010728031396865845], "k_pid_alt": [6.395578384399414e-05, 1.0, 0.8732857704162598], "k_pid_att": [100.0, 9.999999747378752e-05, 0.9387495517730713], "k_pid_yaw": [0.5, 1e-06, 0.1], "k_pid_hsp": [9.872591972351074, 0.9551839232444763, 0.12133324146270752], "k_pid_vsp": [399.18035888671875, 284.7601318359375, 10.892165184020996]}, "datetime": {"datetime": "2025-08-13 17:47:50", "elapsed": 28798.46106696129, "delta": 25.602970123291016}, "costs": {"total_cost": 717.1662323165801, "time_cost": 106.036, "final_distance_cost": 1.824900111379244, "oscillation_cost": 487.82340557923055, "completition_cost": 0.0, "overshoot_cost": 67.3881912017823, "power_cost": 27.539419836425783, "noise_cost": 26.554315587762233, "n_waypoints_completed": 9, "tot_waypoints": 9}}
{"target": -366.5145767892628, "params": {"k_pid_pos": [1.263520359992981, 0.18790912628173828, 0.041932642459869385], "k_pid_alt": [0.0, 0.9999998807907104, 0.9600608348846436], "k_pid_att": [100.0, 9.999999747378752e-05, 0.9628310203552246], "k_pid_yaw": [0.5, 1e-06, 0.1], "k_pid_hsp": [9.84100341796875, 0.9722867012023926, 0.044406384229660034], "k_pid_vsp": [399.9846496582031, 393.8483581542969, 9.851944923400879]}, "datetime": {"datetime": "2025-08-13 17:48:16", "elapsed": 28824.414076566696, "delta": 25.953009605407715}, "costs": {"total_cost": 366.5145767892628, "time_cost": 106.148, "final_distance_cost": 1.7551589201228979, "oscillation_cost": 141.70031412814984, "completition_cost": 0.0, "overshoot_cost": 66.6290560772266, "power_cost": 23.335925842285157, "noise_cost": 26.946121821478222, "n_waypoints_completed": 9, "tot_waypoints": 9}}
{"target": -916.4550676165707, "params": {"k_pid_pos": [0.2510170340538025, 0.1412208080291748, 0.02932801842689514], "k_pid_alt": [9.900331497192383e-05, 0.5004277229309082, 0.9655241370201111], "k_pid_att": [100.0, 9.999999747378752e-05, 0.9865237474441528], "k_pid_yaw": [0.5, 1e-06, 0.1], "k_pid_hsp": [9.800699234008789, 0.895329475402832, 0.00880509614944458], "k_pid_vsp": [399.9998779296875, 392.77142333984375, 5.8638224601745605]}, "datetime": {"datetime": "2025-08-13 17:48:45", "elapsed": 28854.02983546257, "delta": 29.615758895874023}, "costs": {"total_cost": 916.4550676165707, "time_cost": 150, "final_distance_cost": 47.76152746941085, "oscillation_cost": 158.81110255758728, "completition_cost": 444.4444444444444, "overshoot_cost": 59.44246697329298, "power_cost": 23.972117333984375, "noise_cost": 32.02340883785076, "n_waypoints_completed": 5, "tot_waypoints": 9}}
{"target": -562.8617048557508, "params": {"k_pid_pos": [0.20591062307357788, 0.04841291904449463, 0.13293665647506714], "k_pid_alt": [7.748603820800781e-07, 0.7984352111816406, 0.986058235168457], "k_pid_att": [100.0, 4.50422477722168, 0.9537751078605652], "k_pid_yaw": [0.5, 1e-06, 0.1], "k_pid_hsp": [9.912250518798828, 0.9705846309661865, 0.00657305121421814], "k_pid_vsp": [399.9999084472656, 391.5188903808594, 21.482147216796875]}, "datetime": {"datetime": "2025-08-13 17:49:15", "elapsed": 28883.951469898224, "delta": 29.921634435653687}, "costs": {"total_cost": 562.8617048557508, "time_cost": 150, "final_distance_cost": 63.708664430552275, "oscillation_cost": 113.69450652111094, "completition_cost": 111.11111111111116, "overshoot_cost": 68.34399546724215, "power_cost": 26.425086572265627, "noise_cost": 29.578340753468645, "n_waypoints_completed": 8, "tot_waypoints": 9}}
