{"target": -1210.4463843179826, "params": {"k_pid_pos": [0.040247026830911636, 0.03060513734817505, 0.0337429940700531], "k_pid_alt": [0.0, 0.999999463558197, 0.9944941997528076], "k_pid_att": [100.0, 9.999999747378752e-05, 0.9504289627075195], "k_pid_yaw": [0.5, 1e-06, 0.1], "k_pid_hsp": [9.191987037658691, 0.9902077317237854, 0.011628150939941406], "k_pid_vsp": [399.9998474121094, 399.2705383300781, 2.9224047660827637]}, "datetime": {"datetime": "2025-08-14 00:50:57", "elapsed": 54185.94514274597, "delta": 30.62583041191101}, "costs": {"total_cost": 1210.4463843179826, "time_cost": 150, "final_distance_cost": 82.36194381355153, "oscillation_cost": 75.15173580486515, "completition_cost": 777.7777777777778, "overshoot_cost": 76.85502156826657, "power_cost": 19.515547204589843, "noise_cost": 28.784358148931588, "n_waypoints_completed": 2, "tot_waypoints": 9}}
{"target": -1271.2505136881787, "params": {"k_pid_pos": [0.008668871596455574, 0.011699825525283813, 0.012052357196807861], "k_pid_alt": [5.179643630981445e-05, 0.9999999403953552, 0.9918502569198608], "k_pid_att": [98.50230407714844, 9.999999747378752e-05, 0.949160635471344], "k_pid_yaw": [0.5, 1e-06, 0.1], "k_pid_hsp": [9.907520294189453, 0.9925661683082581, 0.007080137729644775], "k_pid_vsp": [399.99993896484375, 395.9202575683594, 16.64453887939453]}, "datetime": {"datetime": "2025-08-14 00:51:27", "elapsed": 54216.020912885666, "delta": 30.075770139694214}, "costs": {"total_cost": 1271.2505136881787, "time_cost": 150, "final_distance_cost": 52.10377412482476, "oscillation_cost": 24.9554760789711, "completition_cost": 888.8888888888888, "overshoot_cost": 98.33796513793803, "power_cost": 28.660832568359375, "noise_cost": 28.303576889196506, "n_waypoints_completed": 1, "tot_waypoints": 9}}
{"target": -1475.689466846039, "params": {"k_pid_pos": [0.009872646071016788, 0.01964089274406433, 0.011284679174423218], "k_pid_alt": [0.0, 1.0, 0.9670359492301941], "k_pid_att": [100.0, 9.999999747378752e-05, 0.9974302053451538], "k_pid_yaw": [0.5, 1e-06, 0.1], "k_pid_hsp": [9.870827674865723, 0.9909842014312744, 0.07132035493850708], "k_pid_vsp": [400.0, 391.57025146484375, 40.09361267089844]}, "datetime": {"datetime": "2025-08-14 00:51:58", "elapsed": 54246.71930646896, "delta": 30.69839358329773}, "costs": {"total_cost": 1475.689466846039, "time_cost": 150, "final_distance_cost": 51.90818487117567, "oscillation_cost": 211.77365764514764, "completition_cost": 888.8888888888888, "overshoot_cost": 98.84611025887334, "power_cost": 42.58449929199219, "noise_cost": 31.688125889961565, "n_waypoints_completed": 1, "tot_waypoints": 9}}
{"target": -1178.5518028301742, "params": {"k_pid_pos": [0.06168592348694801, 0.009215086698532104, 0.015756279230117798], "k_pid_alt": [0.00027501583099365234, 1.0, 0.9083383083343506], "k_pid_att": [100.0, 9.999999747378752e-05, 0.9882783889770508], "k_pid_yaw": [0.5, 1e-06, 0.1], "k_pid_hsp": [9.796578407287598, 0.9350239038467407, 0.01177874207496643], "k_pid_vsp": [399.09063720703125, 396.4315490722656, 29.127552032470703]}, "datetime": {"datetime": "2025-08-14 00:52:27", "elapsed": 54275.247394800186, "delta": 28.528088331222534}, "costs": {"total_cost": 1178.5518028301742, "time_cost": 150, "final_distance_cost": 83.99527876435832, "oscillation_cost": 40.77538286673702, "completition_cost": 777.7777777777778, "overshoot_cost": 67.79402999949754, "power_cost": 29.71665782470703, "noise_cost": 28.49267559709676, "n_waypoints_completed": 2, "tot_waypoints": 9}}
{"target": -1299.932974671889, "params": {"k_pid_pos": [0.006103436928242445, 0.011567264795303345, 0.004457652568817139], "k_pid_alt": [0.0, 1.0, 0.9454642534255981], "k_pid_att": [100.0, 9.999999747378752e-05, 0.9918966293334961], "k_pid_yaw": [0.5, 1e-06, 0.1], "k_pid_hsp": [9.948756217956543, 0.9401183128356934, 0.008572936058044434], "k_pid_vsp": [400.0, 378.0782775878906, 0.5817065834999084]}, "datetime": {"datetime": "2025-08-14 00:52:56", "elapsed": 54304.97352027893, "delta": 29.726125478744507}, "costs": {"total_cost": 1299.932974671889, "time_cost": 150, "final_distance_cost": 60.9179463163421, "oscillation_cost": 30.348306929729578, "completition_cost": 888.8888888888888, "overshoot_cost": 105.21820427765279, "power_cost": 31.247797106933596, "noise_cost": 33.31183115234206, "n_waypoints_completed": 1, "tot_waypoints": 9}}
{"target": -994.9252483415357, "params": {"k_pid_pos": [0.09914658218622208, 0.03347814083099365, 0.0028004050254821777], "k_pid_alt": [0.0, 1.0, 0.9587356448173523], "k_pid_att": [100.0, 9.999999747378752e-05, 0.9695429801940918], "k_pid_yaw": [0.5, 1e-06, 0.1], "k_pid_hsp": [9.127251625061035, 0.8964978456497192, 0.005502194166183472], "k_pid_vsp": [400.0, 395.1249084472656, 0.9300838112831116]}, "datetime": {"datetime": "2025-08-14 00:53:27", "elapsed": 54335.97936987877, "delta": 31.005849599838257}, "costs": {"total_cost": 994.9252483415357, "time_cost": 150, "final_distance_cost": 42.43354896944434, "oscillation_cost": 118.89076018674231, "completition_cost": 555.5555555555555, "overshoot_cost": 73.94188738027164, "power_cost": 22.441937841796875, "noise_cost": 31.661558407725128, "n_waypoints_completed": 4, "tot_waypoints": 9}}
{"target": -1786.797106494049, "params": {"k_pid_pos": [0.05604909732937813, 0.04796895384788513, 0.042546987533569336], "k_pid_alt": [0.0, 1.0, 0.9871065616607666], "k_pid_att": [100.0, 9.999999747378752e-05, 0.8878545761108398], "k_pid_yaw": [0.5, 1e-06, 0.1], "k_pid_hsp": [9.956282615661621, 0.8797510266304016, 0.1354883909225464], "k_pid_vsp": [400.0, 394.9883117675781, 2.576554775238037]}, "datetime": {"datetime": "2025-08-14 00:53:59", "elapsed": 54367.42008972168, "delta": 31.440719842910767}, "costs": {"total_cost": 1786.797106494049, "time_cost": 150, "final_distance_cost": 53.18928458384899, "oscillation_cost": 775.3197551017878, "completition_cost": 666.6666666666667, "overshoot_cost": 82.96802695621733, "power_cost": 29.431403637695315, "noise_cost": 29.221969547833112, "n_waypoints_completed": 3, "tot_waypoints": 9}}
{"target": -1301.2930967538484, "params": {"k_pid_pos": [0.009933380410075188, 0.09723633527755737, 0.05044993758201599], "k_pid_alt": [0.0, 1.0, 0.9653192758560181], "k_pid_att": [100.0, 9.999999747378752e-05, 0.9221739768981934], "k_pid_yaw": [0.5, 1e-06, 0.1], "k_pid_hsp": [9.875736236572266, 0.9001386165618896, 0.009568870067596436], "k_pid_vsp": [400.0, 396.85321044921875, 9.792222023010254]}, "datetime": {"datetime": "2025-08-14 00:54:28", "elapsed": 54396.96775698662, "delta": 29.547667264938354}, "costs": {"total_cost": 1301.2930967538484, "time_cost": 150, "final_distance_cost": 77.02458496026807, "oscillation_cost": 52.056758708175124, "completition_cost": 888.8888888888888, "overshoot_cost": 66.57675214186176, "power_cost": 35.25877209472657, "noise_cost": 31.487339959928114, "n_waypoints_completed": 1, "tot_waypoints": 9}}
{"target": -1150.286587144253, "params": {"k_pid_pos": [0.032688166946172714, 0.009943127632141113, 0.03760460019111633], "k_pid_alt": [0.001984834671020508, 1.0, 0.9824780225753784], "k_pid_att": [100.0, 9.999999747378752e-05, 0.9984961152076721], "k_pid_yaw": [0.5, 1e-06, 0.1], "k_pid_hsp": [9.590452194213867, 0.8338611125946045, 0.010648936033248901], "k_pid_vsp": [400.0, 396.6291809082031, 43.26388931274414]}, "datetime": {"datetime": "2025-08-14 00:54:57", "elapsed": 54426.02507352829, "delta": 29.057316541671753}, "costs": {"total_cost": 1150.286587144253, "time_cost": 150, "final_distance_cost": 63.6086227220348, "oscillation_cost": 36.446090126093225, "completition_cost": 777.7777777777778, "overshoot_cost": 66.67251695358102, "power_cost": 28.190913415527344, "noise_cost": 27.590666149238718, "n_waypoints_completed": 2, "tot_waypoints": 9}}
{"target": -1723.910549602091, "params": {"k_pid_pos": [0.03805368393659592, 0.04871922731399536, 0.056285858154296875], "k_pid_alt": [0.0, 1.0, 0.9874552488327026], "k_pid_att": [100.0, 9.999999747378752e-05, 0.9542334675788879], "k_pid_yaw": [0.5, 1e-06, 0.1], "k_pid_hsp": [9.551907539367676, 0.979550838470459, 0.11847057938575745], "k_pid_vsp": [400.0, 388.0812072753906, 5.534733295440674]}, "datetime": {"datetime": "2025-08-14 00:55:28", "elapsed": 54456.22932648659, "delta": 30.20425295829773}, "costs": {"total_cost": 1723.910549602091, "time_cost": 150, "final_distance_cost": 72.95324831838325, "oscillation_cost": 565.525200638544, "completition_cost": 777.7777777777778, "overshoot_cost": 82.78264955344069, "power_cost": 44.24189178466797, "noise_cost": 30.629781529277196, "n_waypoints_completed": 2, "tot_waypoints": 9}}
{"target": -1047.9111730789427, "params": {"k_pid_pos": [0.09036791324615479, 0.0241125226020813, 0.04801696538925171], "k_pid_alt": [0.0, 1.0, 0.9755830764770508], "k_pid_att": [100.0, 9.999999747378752e-05, 0.9955002069473267], "k_pid_yaw": [0.5, 1e-06, 0.1], "k_pid_hsp": [9.961491584777832, 0.9567250609397888, 0.0037777721881866455], "k_pid_vsp": [400.0, 396.6967468261719, 3.291595935821533]}, "datetime": {"datetime": "2025-08-14 00:55:59", "elapsed": 54487.30668878555, "delta": 31.077362298965454}, "costs": {"total_cost": 1047.9111730789427, "time_cost": 150, "final_distance_cost": 51.529004070565435, "oscillation_cost": 46.86767053945868, "completition_cost": 666.6666666666667, "overshoot_cost": 70.78214328585352, "power_cost": 26.60126043701172, "noise_cost": 35.46442807938658, "n_waypoints_completed": 3, "tot_waypoints": 9}}
{"target": -1275.9456603980136, "params": {"k_pid_pos": [0.0027279567439109087, 0.012310445308685303, 0.025056928396224976], "k_pid_alt": [0.0, 0.9999995231628418, 0.9832797050476074], "k_pid_att": [99.98300170898438, 9.999999747378752e-05, 0.9931603670120239], "k_pid_yaw": [0.5, 1e-06, 0.1], "k_pid_hsp": [9.42421817779541, 0.9127291440963745, 0.01862660050392151], "k_pid_vsp": [202.2166290283203, 393.2736511230469, 5.612994194030762]}, "datetime": {"datetime": "2025-08-14 00:56:31", "elapsed": 54519.36815357208, "delta": 32.06146478652954}, "costs": {"total_cost": 1275.9456603980136, "time_cost": 150, "final_distance_cost": 39.32270432910203, "oscillation_cost": 41.17152068366885, "completition_cost": 888.8888888888888, "overshoot_cost": 105.56343162747523, "power_cost": 21.56452497558594, "noise_cost": 29.43458989329274, "n_waypoints_completed": 1, "tot_waypoints": 9}}
{"target": -1218.4274837365772, "params": {"k_pid_pos": [0.07465268671512604, 0.004841327667236328, 0.04036158323287964], "k_pid_alt": [0.0, 1.0, 0.9771305322647095], "k_pid_att": [100.0, 9.999999747378752e-05, 0.9896911382675171], "k_pid_yaw": [0.5, 1e-06, 0.1], "k_pid_hsp": [9.772452354431152, 0.994248628616333, 0.04886692762374878], "k_pid_vsp": [400.0, 384.54742431640625, 7.606054306030273]}, "datetime": {"datetime": "2025-08-14 00:57:00", "elapsed": 54548.89191150665, "delta": 29.523757934570312}, "costs": {"total_cost": 1218.4274837365772, "time_cost": 150, "final_distance_cost": 93.73098162102895, "oscillation_cost": 67.90207546730744, "completition_cost": 777.7777777777778, "overshoot_cost": 63.80839222572906, "power_cost": 33.471471923828126, "noise_cost": 31.73678472090571, "n_waypoints_completed": 2, "tot_waypoints": 9}}
{"target": -964.5274699897211, "params": {"k_pid_pos": [0.09272891283035278, 0.04156622290611267, 0.010473847389221191], "k_pid_alt": [0.0, 1.0, 0.9472715258598328], "k_pid_att": [100.0, 7.636197566986084, 0.9924370050430298], "k_pid_yaw": [0.5, 1e-06, 0.1], "k_pid_hsp": [9.411627769470215, 0.9731372594833374, 0.021633237600326538], "k_pid_vsp": [400.0, 394.6019592285156, 3.0850300788879395]}, "datetime": {"datetime": "2025-08-14 00:57:30", "elapsed": 54578.469103336334, "delta": 29.577191829681396}, "costs": {"total_cost": 964.5274699897211, "time_cost": 150, "final_distance_cost": 42.4621808616816, "oscillation_cost": 83.8171433031024, "completition_cost": 555.5555555555555, "overshoot_cost": 74.92162231051365, "power_cost": 25.526180712890625, "noise_cost": 32.24478724597727, "n_waypoints_completed": 4, "tot_waypoints": 9}}
{"target": -1758.4574528020635, "params": {"k_pid_pos": [0.08536364138126373, 0.001039355993270874, 0.02013874053955078], "k_pid_alt": [0.0, 1.0, 0.9911800622940063], "k_pid_att": [100.0, 9.999999747378752e-05, 0.995881974697113], "k_pid_yaw": [0.5, 1e-06, 0.1], "k_pid_hsp": [9.665811538696289, 0.9636442065238953, 0.13978683948516846], "k_pid_vsp": [399.057373046875, 399.21148681640625, 130.64694213867188]}, "datetime": {"datetime": "2025-08-14 00:57:59", "elapsed": 54608.00200724602, "delta": 29.532903909683228}, "costs": {"total_cost": 1758.4574528020635, "time_cost": 150, "final_distance_cost": 93.90745167178488, "oscillation_cost": 612.2750656368914, "completition_cost": 777.7777777777778, "overshoot_cost": 62.023336632851986, "power_cost": 35.59448137207031, "noise_cost": 26.879339710686978, "n_waypoints_completed": 2, "tot_waypoints": 9}}
{"target": -1281.4500716730388, "params": {"k_pid_pos": [0.01681409403681755, 0.007018864154815674, 0.3185083866119385], "k_pid_alt": [1.3709068298339844e-06, 1.0, 0.983046293258667], "k_pid_att": [100.0, 9.999999747378752e-05, 0.9909836053848267], "k_pid_yaw": [0.5, 1e-06, 0.1], "k_pid_hsp": [9.902179718017578, 0.9788367748260498, 0.005470693111419678], "k_pid_vsp": [400.0, 383.2746887207031, 5.423463344573975]}, "datetime": {"datetime": "2025-08-14 00:58:30", "elapsed": 54638.488489151, "delta": 30.48648190498352}, "costs": {"total_cost": 1281.4500716730388, "time_cost": 150, "final_distance_cost": 49.88013978345213, "oscillation_cost": 54.849776860503866, "completition_cost": 888.8888888888888, "overshoot_cost": 83.09847514893026, "power_cost": 24.106840673828128, "noise_cost": 30.625950317435514, "n_waypoints_completed": 1, "tot_waypoints": 9}}
{"target": -786.3441708946824, "params": {"k_pid_pos": [0.23280790448188782, 0.007226854562759399, 0.0027142763137817383], "k_pid_alt": [0.0, 1.0, 0.8903161287307739], "k_pid_att": [100.0, 9.999999747378752e-05, 0.9490699768066406], "k_pid_yaw": [0.5, 1e-06, 0.1], "k_pid_hsp": [9.931279182434082, 0.9841570854187012, 0.02829718589782715], "k_pid_vsp": [399.99993896484375, 398.20318603515625, 5.015541076660156]}, "datetime": {"datetime": "2025-08-14 00:59:00", "elapsed": 54668.88319182396, "delta": 30.394702672958374}, "costs": {"total_cost": 786.3441708946824, "time_cost": 150, "final_distance_cost": 68.31816325406407, "oscillation_cost": 219.33706822745762, "completition_cost": 222.2222222222222, "overshoot_cost": 66.07651226388147, "power_cost": 28.12804088134766, "noise_cost": 32.26216404570943, "n_waypoints_completed": 7, "tot_waypoints": 9}}
{"target": -339.4168099070332, "params": {"k_pid_pos": [0.29299554228782654, 0.00820380449295044, 0.0033850371837615967], "k_pid_alt": [2.4437904357910156e-06, 1.0, 0.990018367767334], "k_pid_att": [99.99980163574219, 9.999999747378752e-05, 0.9883219003677368], "k_pid_yaw": [0.5, 1e-06, 0.1], "k_pid_hsp": [9.957942008972168, 0.8910402059555054, 0.01645234227180481], "k_pid_vsp": [399.8441162109375, 389.7872009277344, 14.175463676452637]}, "datetime": {"datetime": "2025-08-14 00:59:32", "elapsed": 54700.4227514267, "delta": 31.539559602737427}, "costs": {"total_cost": 339.4168099070332, "time_cost": 119.82600000000001, "final_distance_cost": 1.8365033730551767, "oscillation_cost": 85.68011860661521, "completition_cost": 0.0, "overshoot_cost": 68.07263621099271, "power_cost": 31.15479510498047, "noise_cost": 32.846756611389665, "n_waypoints_completed": 9, "tot_waypoints": 9}}
{"target": -1159.6544810809771, "params": {"k_pid_pos": [0.04750305414199829, 0.012027859687805176, 0.008236706256866455], "k_pid_alt": [0.0, 1.0, 0.9969816207885742], "k_pid_att": [100.0, 9.999999747378752e-05, 0.9710392951965332], "k_pid_yaw": [0.5, 1e-06, 0.1], "k_pid_hsp": [9.953096389770508, 0.9910252094268799, 0.006281912326812744], "k_pid_vsp": [400.0, 370.4670104980469, 3.6906728744506836]}, "datetime": {"datetime": "2025-08-14 01:00:02", "elapsed": 54730.158762693405, "delta": 29.736011266708374}, "costs": {"total_cost": 1159.6544810809771, "time_cost": 150, "final_distance_cost": 75.7790181826912, "oscillation_cost": 31.128192767502174, "completition_cost": 777.7777777777778, "overshoot_cost": 71.0344309975046, "power_cost": 23.017191906738283, "noise_cost": 30.91786944876304, "n_waypoints_completed": 2, "tot_waypoints": 9}}
{"target": -1199.3836323606943, "params": {"k_pid_pos": [0.22753804922103882, 0.01437482237815857, 0.01881730556488037], "k_pid_alt": [0.0, 1.0, 0.997489333152771], "k_pid_att": [100.0, 9.999999747378752e-05, 0.9820387363433838], "k_pid_yaw": [0.5, 1e-06, 0.1], "k_pid_hsp": [9.772416114807129, 0.933516263961792, 0.10898321866989136], "k_pid_vsp": [399.99993896484375, 382.0154113769531, 4.471100330352783]}, "datetime": {"datetime": "2025-08-14 01:00:35", "elapsed": 54763.54018783569, "delta": 33.38142514228821}, "costs": {"total_cost": 1199.3836323606943, "time_cost": 150, "final_distance_cost": 72.98225662999913, "oscillation_cost": 627.1484048933011, "completition_cost": 222.2222222222222, "overshoot_cost": 68.37245014108169, "power_cost": 29.16688580322266, "noise_cost": 29.491412670867703, "n_waypoints_completed": 7, "tot_waypoints": 9}}
{"target": -1856.902760766527, "params": {"k_pid_pos": [0.004718473181128502, 0.026032984256744385, 0.03660884499549866], "k_pid_alt": [0.0, 1.0, 0.995935320854187], "k_pid_att": [100.0, 9.999999747378752e-05, 0.8909353017807007], "k_pid_yaw": [0.5, 1e-06, 0.1], "k_pid_hsp": [9.5510835647583, 0.933143675327301, 0.0625927746295929], "k_pid_vsp": [400.0, 394.6791076660156, 0.16628603637218475]}, "datetime": {"datetime": "2025-08-14 01:01:06", "elapsed": 54795.0689496994, "delta": 31.528761863708496}, "costs": {"total_cost": 1856.902760766527, "time_cost": 150, "final_distance_cost": 61.982281655832075, "oscillation_cost": 587.5557903747118, "completition_cost": 888.8888888888888, "overshoot_cost": 110.24721650933614, "power_cost": 30.29172821044922, "noise_cost": 27.936855127309283, "n_waypoints_completed": 1, "tot_waypoints": 9}}
{"target": -1179.0835759805486, "params": {"k_pid_pos": [0.07255667448043823, 0.011169731616973877, 0.017281055450439453], "k_pid_alt": [0.0, 1.0, 0.9828348159790039], "k_pid_att": [100.0, 9.999999747378752e-05, 0.9792789220809937], "k_pid_yaw": [0.5, 1e-06, 0.1], "k_pid_hsp": [8.713692665100098, 0.9741075038909912, 0.017260760068893433], "k_pid_vsp": [400.0, 397.1470947265625, 2.758861541748047]}, "datetime": {"datetime": "2025-08-14 01:01:36", "elapsed": 54824.974974155426, "delta": 29.90602445602417}, "costs": {"total_cost": 1179.0835759805486, "time_cost": 150, "final_distance_cost": 93.26708005932294, "oscillation_cost": 39.78597303693367, "completition_cost": 777.7777777777778, "overshoot_cost": 63.00312068559122, "power_cost": 24.307889013671875, "noise_cost": 30.941735407250913, "n_waypoints_completed": 2, "tot_waypoints": 9}}
{"target": -1199.026817420673, "params": {"k_pid_pos": [0.04248298332095146, 0.02504172921180725, 0.07354533672332764], "k_pid_alt": [0.0, 1.0, 0.9974535703659058], "k_pid_att": [100.0, 9.999999747378752e-05, 0.9738401174545288], "k_pid_yaw": [0.5, 1e-06, 0.1], "k_pid_hsp": [9.77576732635498, 0.9947507381439209, 0.017844676971435547], "k_pid_vsp": [400.0, 388.45208740234375, 14.333094596862793]}, "datetime": {"datetime": "2025-08-14 01:02:07", "elapsed": 54855.90365743637, "delta": 30.928683280944824}, "costs": {"total_cost": 1199.026817420673, "time_cost": 150, "final_distance_cost": 80.76331363570299, "oscillation_cost": 61.25431739143318, "completition_cost": 777.7777777777778, "overshoot_cost": 77.67242587618227, "power_cost": 23.90993885498047, "noise_cost": 27.649043884596143, "n_waypoints_completed": 2, "tot_waypoints": 9}}
{"target": -943.6322186164166, "params": {"k_pid_pos": [0.12863361835479736, 0.003450542688369751, 0.014001965522766113], "k_pid_alt": [0.0, 1.0, 0.9762746095657349], "k_pid_att": [100.0, 9.999999747378752e-05, 0.9608092308044434], "k_pid_yaw": [0.5, 1e-06, 0.1], "k_pid_hsp": [9.933563232421875, 0.9895231127738953, 0.020358771085739136], "k_pid_vsp": [400.0, 390.78656005859375, 4.3081889152526855]}, "datetime": {"datetime": "2025-08-14 01:02:38", "elapsed": 54886.31905078888, "delta": 30.415393352508545}, "costs": {"total_cost": 943.6322186164166, "time_cost": 150, "final_distance_cost": 45.633769338964264, "oscillation_cost": 65.87736703870704, "completition_cost": 555.5555555555555, "overshoot_cost": 66.50316198281264, "power_cost": 26.868098266601564, "noise_cost": 33.19426643377557, "n_waypoints_completed": 4, "tot_waypoints": 9}}
{"target": -1135.14757233096, "params": {"k_pid_pos": [0.06170946732163429, 0.03411787748336792, 0.028608977794647217], "k_pid_alt": [0.0, 0.999999463558197, 0.989742636680603], "k_pid_att": [100.0, 0.00010357623978052288, 0.9859620928764343], "k_pid_yaw": [0.5, 1e-06, 0.1], "k_pid_hsp": [9.925629615783691, 0.9855834245681763, 0.009720385074615479], "k_pid_vsp": [399.99993896484375, 392.7602233886719, 1.6082415580749512]}, "datetime": {"datetime": "2025-08-14 01:03:09", "elapsed": 54917.441687107086, "delta": 31.122636318206787}, "costs": {"total_cost": 1135.14757233096, "time_cost": 150, "final_distance_cost": 55.37512595621358, "oscillation_cost": 126.34382874230495, "completition_cost": 666.6666666666667, "overshoot_cost": 81.7806330107766, "power_cost": 23.299599047851565, "noise_cost": 31.68171890714654, "n_waypoints_completed": 3, "tot_waypoints": 9}}
