{"target": -1331.8412186118549, "params": {"k_pid_pos": [0.018659362569451332, 0.18921780586242676, 0.1802801489830017], "k_pid_alt": [1.1920928955078125e-07, 0.9999887943267822, 0.9731190204620361], "k_pid_att": [100.0, 0.00010029802069766447, 0.9646011590957642], "k_pid_yaw": [0.5, 1e-06, 0.1], "k_pid_hsp": [9.498417854309082, 0.9246276617050171, 0.0445590615272522], "k_pid_vsp": [400.0, 395.170654296875, 8.4143648147583]}, "datetime": {"datetime": "2025-08-13 23:08:29", "elapsed": 48037.20602250099, "delta": 30.806536436080933}, "costs": {"total_cost": 1331.8412186118549, "time_cost": 150, "final_distance_cost": 49.432762442749045, "oscillation_cost": 307.98834347216075, "completition_cost": 666.6666666666667, "overshoot_cost": 89.30446411753805, "power_cost": 34.26745529785156, "noise_cost": 34.18152661488875, "n_waypoints_completed": 3, "tot_waypoints": 9}}
{"target": -1326.752297912718, "params": {"k_pid_pos": [0.005063268821686506, 0.09566709399223328, 0.0231664776802063], "k_pid_alt": [0.0, 1.0, 0.9381247162818909], "k_pid_att": [100.0, 9.999999747378752e-05, 0.9790797829627991], "k_pid_yaw": [0.5, 1e-06, 0.1], "k_pid_hsp": [9.915566444396973, 0.8913755416870117, 0.028173059225082397], "k_pid_vsp": [399.99993896484375, 393.2149963378906, 87.74726104736328]}, "datetime": {"datetime": "2025-08-13 23:08:59", "elapsed": 48067.725959300995, "delta": 30.51993680000305}, "costs": {"total_cost": 1326.752297912718, "time_cost": 150, "final_distance_cost": 63.058388505042885, "oscillation_cost": 99.38086932447423, "completition_cost": 888.8888888888888, "overshoot_cost": 68.55017566428579, "power_cost": 29.366859118652346, "noise_cost": 27.507116411373733, "n_waypoints_completed": 1, "tot_waypoints": 9}}
{"target": -1284.7687249553667, "params": {"k_pid_pos": [0.03997911885380745, 0.01779976487159729, 0.05250084400177002], "k_pid_alt": [0.0, 0.840632438659668, 0.9941447377204895], "k_pid_att": [82.16941833496094, 9.999999747378752e-05, 0.9931977391242981], "k_pid_yaw": [0.5, 1e-06, 0.1], "k_pid_hsp": [9.935896873474121, 0.9632542133331299, 0.02287730574607849], "k_pid_vsp": [400.0, 363.1326904296875, 2.653110980987549]}, "datetime": {"datetime": "2025-08-13 23:09:30", "elapsed": 48098.56902885437, "delta": 30.843069553375244}, "costs": {"total_cost": 1284.7687249553667, "time_cost": 150, "final_distance_cost": 85.52460943647706, "oscillation_cost": 137.84598391621586, "completition_cost": 777.7777777777778, "overshoot_cost": 79.34987755100956, "power_cost": 24.32784118652344, "noise_cost": 29.942635087362756, "n_waypoints_completed": 2, "tot_waypoints": 9}}
{"target": -1098.404472435418, "params": {"k_pid_pos": [0.06713411211967468, 0.03145691752433777, 0.01761382818222046], "k_pid_alt": [0.0, 1.0, 0.9825866222381592], "k_pid_att": [100.0, 9.999999747378752e-05, 0.9875295162200928], "k_pid_yaw": [0.5, 1e-06, 0.1], "k_pid_hsp": [9.639054298400879, 0.975156843662262, 0.05043792724609375], "k_pid_vsp": [400.0, 395.1554870605469, 10.829211235046387]}, "datetime": {"datetime": "2025-08-13 23:10:00", "elapsed": 48129.10763645172, "delta": 30.538607597351074}, "costs": {"total_cost": 1098.404472435418, "time_cost": 150, "final_distance_cost": 54.751500215777575, "oscillation_cost": 97.27613430054663, "completition_cost": 666.6666666666667, "overshoot_cost": 78.92471869677209, "power_cost": 22.66962059326172, "noise_cost": 28.11583196239323, "n_waypoints_completed": 3, "tot_waypoints": 9}}
{"target": -1271.0967953726556, "params": {"k_pid_pos": [0.012934801168739796, 0.0158882737159729, 0.019670069217681885], "k_pid_alt": [0.0, 0.6271242499351501, 0.9708570837974548], "k_pid_att": [100.0, 9.999999747378752e-05, 0.9699007868766785], "k_pid_yaw": [0.5, 1e-06, 0.1], "k_pid_hsp": [9.856155395507812, 0.9920439124107361, 0.010479182004928589], "k_pid_vsp": [395.4180603027344, 382.9103088378906, 8.546341896057129]}, "datetime": {"datetime": "2025-08-13 23:10:31", "elapsed": 48159.17280125618, "delta": 30.065164804458618}, "costs": {"total_cost": 1271.0967953726556, "time_cost": 150, "final_distance_cost": 55.10732973009292, "oscillation_cost": 33.348823167228865, "completition_cost": 888.8888888888888, "overshoot_cost": 88.32435833302796, "power_cost": 26.525963720703125, "noise_cost": 28.9014315327141, "n_waypoints_completed": 1, "tot_waypoints": 9}}
{"target": -1219.3028632628782, "params": {"k_pid_pos": [0.046173933893442154, 0.03534984588623047, 0.13136708736419678], "k_pid_alt": [0.0, 1.0, 0.9753028154373169], "k_pid_att": [100.0, 9.999999747378752e-05, 0.9886138439178467], "k_pid_yaw": [0.5, 1e-06, 0.1], "k_pid_hsp": [9.7139253616333, 0.9895761013031006, 0.018184423446655273], "k_pid_vsp": [400.0, 396.099609375, 8.390368461608887]}, "datetime": {"datetime": "2025-08-13 23:11:01", "elapsed": 48189.416214466095, "delta": 30.24341320991516}, "costs": {"total_cost": 1219.3028632628782, "time_cost": 150, "final_distance_cost": 81.70381640871307, "oscillation_cost": 83.25084166641021, "completition_cost": 777.7777777777778, "overshoot_cost": 74.66501492605161, "power_cost": 23.061523925781252, "noise_cost": 28.843888558144354, "n_waypoints_completed": 2, "tot_waypoints": 9}}
{"target": -1071.8974907895968, "params": {"k_pid_pos": [0.0505807027220726, 0.03884929418563843, 0.01952788233757019], "k_pid_alt": [0.0, 1.0, 0.9670449495315552], "k_pid_att": [100.0, 9.999999747378752e-05, 0.9874768257141113], "k_pid_yaw": [0.5, 1e-06, 0.1], "k_pid_hsp": [9.875028610229492, 0.9930826425552368, 0.009190648794174194], "k_pid_vsp": [400.0, 398.7329406738281, 6.130255222320557]}, "datetime": {"datetime": "2025-08-13 23:11:31", "elapsed": 48219.28521704674, "delta": 29.8690025806427}, "costs": {"total_cost": 1071.8974907895968, "time_cost": 150, "final_distance_cost": 62.74952821592957, "oscillation_cost": 48.715782307983766, "completition_cost": 666.6666666666667, "overshoot_cost": 82.91683335059633, "power_cost": 28.470397387695314, "noise_cost": 32.37828286072497, "n_waypoints_completed": 3, "tot_waypoints": 9}}
{"target": -1293.752994455182, "params": {"k_pid_pos": [0.018697328865528107, 0.0018164515495300293, 0.024378567934036255], "k_pid_alt": [0.0, 1.0, 0.9801881313323975], "k_pid_att": [100.0, 9.999999747378752e-05, 0.8889645338058472], "k_pid_yaw": [0.5, 1e-06, 0.1], "k_pid_hsp": [9.712364196777344, 0.9511021971702576, 0.0411587655544281], "k_pid_vsp": [400.0, 397.3099365234375, 1.6951570510864258]}, "datetime": {"datetime": "2025-08-13 23:12:01", "elapsed": 48249.484763622284, "delta": 30.199546575546265}, "costs": {"total_cost": 1293.752994455182, "time_cost": 150, "final_distance_cost": 63.99160420808032, "oscillation_cost": 47.46046358392995, "completition_cost": 888.8888888888888, "overshoot_cost": 71.87609069936966, "power_cost": 37.30681610107422, "noise_cost": 34.229130973839055, "n_waypoints_completed": 1, "tot_waypoints": 9}}
{"target": -1293.7088150003058, "params": {"k_pid_pos": [0.02006971649825573, 0.015067368745803833, 0.0028246939182281494], "k_pid_alt": [1.9999014139175415, 0.9999945163726807, 0.9942493438720703], "k_pid_att": [100.0, 9.999999747378752e-05, 0.9811047315597534], "k_pid_yaw": [0.5, 1e-06, 0.1], "k_pid_hsp": [9.595703125, 0.9913195371627808, 0.04887622594833374], "k_pid_vsp": [400.0, 398.8128662109375, 8.322896003723145]}, "datetime": {"datetime": "2025-08-13 23:12:31", "elapsed": 48279.5598089695, "delta": 30.075045347213745}, "costs": {"total_cost": 1293.7088150003058, "time_cost": 150, "final_distance_cost": 63.76134917076058, "oscillation_cost": 67.43862264033643, "completition_cost": 888.8888888888888, "overshoot_cost": 66.3414770891889, "power_cost": 27.347428759765627, "noise_cost": 29.93104845136558, "n_waypoints_completed": 1, "tot_waypoints": 9}}
{"target": -801.6216451523694, "params": {"k_pid_pos": [0.2203298807144165, 0.02057608962059021, 0.006052225828170776], "k_pid_alt": [0.0, 0.10272657871246338, 0.9740123748779297], "k_pid_att": [100.0, 9.999999747378752e-05, 0.9940736293792725], "k_pid_yaw": [0.5, 1e-06, 0.1], "k_pid_hsp": [9.082213401794434, 0.9861283898353577, 0.013401120901107788], "k_pid_vsp": [400.0, 385.78680419921875, 1.8163928985595703]}, "datetime": {"datetime": "2025-08-13 23:12:59", "elapsed": 48307.98335194588, "delta": 28.423542976379395}, "costs": {"total_cost": 801.6216451523694, "time_cost": 150, "final_distance_cost": 47.85591621959561, "oscillation_cost": 36.965814986438275, "completition_cost": 444.4444444444444, "overshoot_cost": 61.6120612676712, "power_cost": 27.501150927734376, "noise_cost": 33.242257306485584, "n_waypoints_completed": 5, "tot_waypoints": 9}}
{"target": -1130.051771275171, "params": {"k_pid_pos": [0.06967272609472275, 0.01803681254386902, 0.017081648111343384], "k_pid_alt": [0.0, 1.0, 0.9400255680084229], "k_pid_att": [100.0, 0.047240544110536575, 0.9527479410171509], "k_pid_yaw": [0.5, 1e-06, 0.1], "k_pid_hsp": [9.99606990814209, 0.9912159442901611, 0.028048276901245117], "k_pid_vsp": [400.0, 399.19134521484375, 4.593170642852783]}, "datetime": {"datetime": "2025-08-13 23:13:29", "elapsed": 48337.9848446846, "delta": 30.001492738723755}, "costs": {"total_cost": 1130.051771275171, "time_cost": 150, "final_distance_cost": 83.09557779461096, "oscillation_cost": 114.82304546638765, "completition_cost": 666.6666666666667, "overshoot_cost": 68.85641607286799, "power_cost": 19.814819873046876, "noise_cost": 26.79524540159082, "n_waypoints_completed": 3, "tot_waypoints": 9}}
{"target": -1321.3352498426145, "params": {"k_pid_pos": [0.019445449113845825, 0.08333241939544678, 0.08054760098457336], "k_pid_alt": [0.0, 1.0, 0.9783828258514404], "k_pid_att": [100.0, 0.00010476831812411547, 0.9893590807914734], "k_pid_yaw": [0.5, 1e-06, 0.1], "k_pid_hsp": [9.867547988891602, 0.933144211769104, 0.04568827152252197], "k_pid_vsp": [400.0, 394.669677734375, 18.322111129760742]}, "datetime": {"datetime": "2025-08-13 23:14:00", "elapsed": 48368.961898326874, "delta": 30.97705364227295}, "costs": {"total_cost": 1321.3352498426145, "time_cost": 150, "final_distance_cost": 72.75056007370418, "oscillation_cost": 85.64097831602585, "completition_cost": 888.8888888888888, "overshoot_cost": 61.85709857085721, "power_cost": 33.420915734863286, "noise_cost": 28.776808258275285, "n_waypoints_completed": 1, "tot_waypoints": 9}}
{"target": -1158.6132841907172, "params": {"k_pid_pos": [0.04956729710102081, 0.00910121202468872, 0.0013024210929870605], "k_pid_alt": [0.0, 1.0, 0.9673665761947632], "k_pid_att": [99.9999771118164, 9.999999747378752e-05, 0.9630945920944214], "k_pid_yaw": [0.5, 1e-06, 0.1], "k_pid_hsp": [9.928679466247559, 0.9889733791351318, 0.00573691725730896], "k_pid_vsp": [400.0, 389.5236511230469, 3.6972532272338867]}, "datetime": {"datetime": "2025-08-13 23:14:31", "elapsed": 48399.34457850456, "delta": 30.3826801776886}, "costs": {"total_cost": 1158.6132841907172, "time_cost": 150, "final_distance_cost": 76.67697563834548, "oscillation_cost": 33.21115811213064, "completition_cost": 777.7777777777778, "overshoot_cost": 70.2361909437388, "power_cost": 20.8346494140625, "noise_cost": 29.87653230466185, "n_waypoints_completed": 2, "tot_waypoints": 9}}
{"target": -1990.001300131964, "params": {"k_pid_pos": [0.006844822317361832, 0.06005418300628662, 0.017712652683258057], "k_pid_alt": [0.0, 1.0, 0.9723541736602783], "k_pid_att": [100.0, 0.00012354359205346555, 0.9526093006134033], "k_pid_yaw": [0.5, 1e-06, 0.1], "k_pid_hsp": [9.858383178710938, 0.9722407460212708, 0.13676857948303223], "k_pid_vsp": [400.0, 391.6636962890625, 9.484482765197754]}, "datetime": {"datetime": "2025-08-13 23:15:01", "elapsed": 48430.068549633026, "delta": 30.723971128463745}, "costs": {"total_cost": 1990.001300131964, "time_cost": 150, "final_distance_cost": 74.98814850703758, "oscillation_cost": 737.5872445429193, "completition_cost": 888.8888888888888, "overshoot_cost": 82.00968047105147, "power_cost": 29.546777770996094, "noise_cost": 26.980559951070845, "n_waypoints_completed": 1, "tot_waypoints": 9}}
{"target": -527.501698405788, "params": {"k_pid_pos": [0.23835347592830658, 0.0331820547580719, 0.005924612283706665], "k_pid_alt": [0.0, 1.0, 0.9609463810920715], "k_pid_att": [100.0, 0.0007827644003555179, 0.9879962801933289], "k_pid_yaw": [0.5, 1e-06, 0.1], "k_pid_hsp": [9.917167663574219, 0.9836154580116272, 0.00785401463508606], "k_pid_vsp": [399.9999084472656, 398.5239562988281, 81.73213958740234]}, "datetime": {"datetime": "2025-08-13 23:15:32", "elapsed": 48460.23315620422, "delta": 30.16460657119751}, "costs": {"total_cost": 527.501698405788, "time_cost": 150, "final_distance_cost": 10.229685287271609, "oscillation_cost": 139.35124362116613, "completition_cost": 111.11111111111116, "overshoot_cost": 70.71087711823958, "power_cost": 19.23922049560547, "noise_cost": 26.859560772394065, "n_waypoints_completed": 8, "tot_waypoints": 9}}
{"target": -1257.8257473045799, "params": {"k_pid_pos": [0.05817288160324097, 0.02220192551612854, 0.005897194147109985], "k_pid_alt": [0.0, 1.0, 0.9891968965530396], "k_pid_att": [100.0, 0.00029937553335912526, 0.9907033443450928], "k_pid_yaw": [0.5, 1e-06, 0.1], "k_pid_hsp": [9.98928451538086, 0.992176353931427, 0.009685635566711426], "k_pid_vsp": [400.0, 395.70703125, 0.5747924447059631]}, "datetime": {"datetime": "2025-08-13 23:16:05", "elapsed": 48493.59500384331, "delta": 33.36184763908386}, "costs": {"total_cost": 1257.8257473045799, "time_cost": 150, "final_distance_cost": 94.97320814157241, "oscillation_cost": 113.82679600687351, "completition_cost": 777.7777777777778, "overshoot_cost": 66.35605445554195, "power_cost": 24.569295739746096, "noise_cost": 30.32261518306806, "n_waypoints_completed": 2, "tot_waypoints": 9}}
{"target": -1358.1523022964782, "params": {"k_pid_pos": [0.05648907646536827, 0.10688114166259766, 0.025010257959365845], "k_pid_alt": [0.0, 1.0, 0.9832926392555237], "k_pid_att": [100.0, 9.99997615814209, 0.9644055366516113], "k_pid_yaw": [0.5, 1e-06, 0.1], "k_pid_hsp": [9.906902313232422, 0.9931460618972778, 0.011853128671646118], "k_pid_vsp": [400.0, 384.986083984375, 3.5867819786071777]}, "datetime": {"datetime": "2025-08-13 23:16:42", "elapsed": 48530.82362771034, "delta": 37.22862386703491}, "costs": {"total_cost": 1358.1523022964782, "time_cost": 150, "final_distance_cost": 94.6482131952909, "oscillation_cost": 215.57845071868363, "completition_cost": 777.7777777777778, "overshoot_cost": 59.77400551409261, "power_cost": 29.402109228515627, "noise_cost": 30.97174586211749, "n_waypoints_completed": 2, "tot_waypoints": 9}}
{"target": -1009.8574990182112, "params": {"k_pid_pos": [0.0951462984085083, 0.03522086143493652, 0.028396159410476685], "k_pid_alt": [0.0, 1.0, 0.9591270089149475], "k_pid_att": [100.0, 9.999999747378752e-05, 0.9153724312782288], "k_pid_yaw": [0.5, 1e-06, 0.1], "k_pid_hsp": [9.8428316116333, 0.9652881026268005, 0.015347868204116821], "k_pid_vsp": [400.0, 331.560546875, 4.052675724029541]}, "datetime": {"datetime": "2025-08-13 23:17:14", "elapsed": 48562.39824295044, "delta": 31.574615240097046}, "costs": {"total_cost": 1009.8574990182112, "time_cost": 150, "final_distance_cost": 52.130153142009156, "oscillation_cost": 127.3346302238252, "completition_cost": 555.5555555555555, "overshoot_cost": 72.9022681544002, "power_cost": 21.13327481689453, "noise_cost": 30.80161712552657, "n_waypoints_completed": 4, "tot_waypoints": 9}}
{"target": -1294.4832775928294, "params": {"k_pid_pos": [0.03667450323700905, 0.014515936374664307, 0.09273794293403625], "k_pid_alt": [0.0, 1.0, 0.9820824265480042], "k_pid_att": [100.0, 9.999999747378752e-05, 0.9952861070632935], "k_pid_yaw": [0.5, 1e-06, 0.1], "k_pid_hsp": [9.513998985290527, 0.8611975312232971, 0.028388887643814087], "k_pid_vsp": [400.0, 394.6036376953125, 3.0626187324523926]}, "datetime": {"datetime": "2025-08-13 23:17:43", "elapsed": 48591.41996765137, "delta": 29.021724700927734}, "costs": {"total_cost": 1294.4832775928294, "time_cost": 150, "final_distance_cost": 87.13194313154814, "oscillation_cost": 149.48187603092344, "completition_cost": 777.7777777777778, "overshoot_cost": 72.57483051275051, "power_cost": 27.45759500732422, "noise_cost": 30.059255132504983, "n_waypoints_completed": 2, "tot_waypoints": 9}}
{"target": -951.3569992870418, "params": {"k_pid_pos": [0.09770321100950241, 0.027879834175109863, 0.018804550170898438], "k_pid_alt": [0.0, 1.0, 0.9939128756523132], "k_pid_att": [100.0, 9.999999747378752e-05, 0.9735671281814575], "k_pid_yaw": [0.5, 1e-06, 0.1], "k_pid_hsp": [9.707772254943848, 0.9548115730285645, 0.01549917459487915], "k_pid_vsp": [400.0, 386.58709716796875, 7.160879135131836]}, "datetime": {"datetime": "2025-08-13 23:18:13", "elapsed": 48621.921174287796, "delta": 30.501206636428833}, "costs": {"total_cost": 951.3569992870418, "time_cost": 150, "final_distance_cost": 54.34796318940422, "oscillation_cost": 66.57008229378134, "completition_cost": 555.5555555555555, "overshoot_cost": 72.73419506788674, "power_cost": 21.290758520507815, "noise_cost": 30.85844465990626, "n_waypoints_completed": 4, "tot_waypoints": 9}}
{"target": -1188.609876445562, "params": {"k_pid_pos": [0.040233198553323746, 0.035327404737472534, 0.01606157422065735], "k_pid_alt": [0.0, 1.0, 0.9942891597747803], "k_pid_att": [100.0, 9.999999747378752e-05, 0.9928566217422485], "k_pid_yaw": [0.5, 1e-06, 0.1], "k_pid_hsp": [9.892974853515625, 0.8404749631881714, 0.01415291428565979], "k_pid_vsp": [400.0, 394.3825378417969, 22.305036544799805]}, "datetime": {"datetime": "2025-08-13 23:18:44", "elapsed": 48652.8872525692, "delta": 30.966078281402588}, "costs": {"total_cost": 1188.609876445562, "time_cost": 150, "final_distance_cost": 88.1491352742769, "oscillation_cost": 42.989655234028085, "completition_cost": 777.7777777777778, "overshoot_cost": 73.73591084371513, "power_cost": 28.225275317382813, "noise_cost": 27.732121998381146, "n_waypoints_completed": 2, "tot_waypoints": 9}}
{"target": -1260.8731336064545, "params": {"k_pid_pos": [0.009636564180254936, 0.019733041524887085, 0.04781520366668701], "k_pid_alt": [0.0, 0.9999982118606567, 0.9937036633491516], "k_pid_att": [10.62784481048584, 9.999999747378752e-05, 0.9873257875442505], "k_pid_yaw": [0.5, 1e-06, 0.1], "k_pid_hsp": [9.7545747756958, 0.9959787130355835, 0.0071392059326171875], "k_pid_vsp": [400.0, 398.3761901855469, 5.928922653198242]}, "datetime": {"datetime": "2025-08-13 23:19:15", "elapsed": 48683.84325957298, "delta": 30.95600700378418}, "costs": {"total_cost": 1260.8731336064545, "time_cost": 150, "final_distance_cost": 52.31481874402224, "oscillation_cost": 21.034477609760263, "completition_cost": 888.8888888888888, "overshoot_cost": 99.67412093751388, "power_cost": 18.526754821777345, "noise_cost": 30.434072604491995, "n_waypoints_completed": 1, "tot_waypoints": 9}}
{"target": -920.0008268211776, "params": {"k_pid_pos": [0.08476512134075165, 0.08990973234176636, 0.010740190744400024], "k_pid_alt": [0.0, 0.6836298704147339, 0.99672532081604], "k_pid_att": [100.0, 9.999999747378752e-05, 0.9584854245185852], "k_pid_yaw": [0.5, 1e-06, 0.1], "k_pid_hsp": [9.915809631347656, 0.9828343391418457, 0.0051007866859436035], "k_pid_vsp": [400.0, 376.285400390625, 6.806028842926025]}, "datetime": {"datetime": "2025-08-13 23:19:48", "elapsed": 48716.42504787445, "delta": 32.581788301467896}, "costs": {"total_cost": 920.0008268211776, "time_cost": 150, "final_distance_cost": 50.7639043535624, "oscillation_cost": 38.1047324690276, "completition_cost": 555.5555555555555, "overshoot_cost": 69.067297629856, "power_cost": 23.41789548339844, "noise_cost": 33.09144132977762, "n_waypoints_completed": 4, "tot_waypoints": 9}}
{"target": -1632.5495970210827, "params": {"k_pid_pos": [0.15411606431007385, 0.07496407628059387, 0.4533860385417938], "k_pid_alt": [0.0, 1.0, 0.8746426105499268], "k_pid_att": [99.14285278320312, 0.00010029802069766447, 0.9654920101165771], "k_pid_yaw": [0.5, 1e-06, 0.1], "k_pid_hsp": [9.886364936828613, 0.9868469834327698, 0.08691525459289551], "k_pid_vsp": [400.0, 379.4629211425781, 4.275120258331299]}, "datetime": {"datetime": "2025-08-13 23:20:17", "elapsed": 48746.01864314079, "delta": 29.593595266342163}, "costs": {"total_cost": 1632.5495970210827, "time_cost": 150, "final_distance_cost": 51.15194082886834, "oscillation_cost": 743.2538221278346, "completition_cost": 555.5555555555555, "overshoot_cost": 70.06659586576893, "power_cost": 32.19659606933594, "noise_cost": 30.325086573719307, "n_waypoints_completed": 4, "tot_waypoints": 9}}
{"target": -1221.4307216889017, "params": {"k_pid_pos": [0.04257083684206009, 0.35597890615463257, 0.011357426643371582], "k_pid_alt": [0.00025343894958496094, 1.0, 0.9896148443222046], "k_pid_att": [100.0, 9.999999747378752e-05, 0.9957226514816284], "k_pid_yaw": [0.5, 1e-06, 0.1], "k_pid_hsp": [9.954122543334961, 0.9743574261665344, 0.014164447784423828], "k_pid_vsp": [399.9981384277344, 395.0479736328125, 46.846927642822266]}, "datetime": {"datetime": "2025-08-13 23:20:47", "elapsed": 48776.08557319641, "delta": 30.066930055618286}, "costs": {"total_cost": 1221.4307216889017, "time_cost": 150, "final_distance_cost": 99.77000565374324, "oscillation_cost": 86.46318110907887, "completition_cost": 777.7777777777778, "overshoot_cost": 52.50261903852219, "power_cost": 27.839210278320312, "noise_cost": 27.077927831459135, "n_waypoints_completed": 2, "tot_waypoints": 9}}
