{"target": -1257.2446775331446, "params": {"k_pid_pos": [0.036782920360565186, 0.005333155393600464, 0.02478957176208496], "k_pid_alt": [0.0, 1.0, 0.9971962571144104], "k_pid_att": [100.0, 0.00010059603664558381, 0.9972141981124878], "k_pid_yaw": [0.5, 1e-06, 0.1], "k_pid_hsp": [9.96292781829834, 0.9898462295532227, 0.008421450853347778], "k_pid_vsp": [400.0, 394.5707702636719, 3.2536873817443848]}, "datetime": {"datetime": "2025-08-14 04:45:24", "elapsed": 68252.66085219383, "delta": 28.18266248703003}, "costs": {"total_cost": 1257.2446775331446, "time_cost": 150, "final_distance_cost": 61.863236733881536, "oscillation_cost": 40.51125024839149, "completition_cost": 888.8888888888888, "overshoot_cost": 62.779223062352784, "power_cost": 22.82135849609375, "noise_cost": 30.38072010353629, "n_waypoints_completed": 1, "tot_waypoints": 9}}
{"target": -942.5645817147426, "params": {"k_pid_pos": [0.09344621747732162, 0.036082565784454346, 0.02063959836959839], "k_pid_alt": [0.0, 1.0, 0.9859814047813416], "k_pid_att": [100.0, 9.999999747378752e-05, 0.9103173613548279], "k_pid_yaw": [0.5, 1e-06, 0.1], "k_pid_hsp": [9.948396682739258, 0.8571792840957642, 0.005745500326156616], "k_pid_vsp": [399.7930603027344, 397.15948486328125, 5.7357916831970215]}, "datetime": {"datetime": "2025-08-14 04:45:54", "elapsed": 68282.26407623291, "delta": 29.60322403907776}, "costs": {"total_cost": 942.5645817147426, "time_cost": 150, "final_distance_cost": 43.2952110209306, "oscillation_cost": 61.38549545051794, "completition_cost": 555.5555555555555, "overshoot_cost": 75.9899820014107, "power_cost": 23.912172204589844, "noise_cost": 32.426165481738046, "n_waypoints_completed": 4, "tot_waypoints": 9}}
{"target": -1067.7352694642975, "params": {"k_pid_pos": [0.031678155064582825, 0.18260467052459717, 0.010602861642837524], "k_pid_alt": [1.627206802368164e-05, 1.0, 0.9597107172012329], "k_pid_att": [100.0, 9.999999747378752e-05, 0.9561138153076172], "k_pid_yaw": [0.5, 1e-06, 0.1], "k_pid_hsp": [9.84900951385498, 0.9853543043136597, 0.0029914379119873047], "k_pid_vsp": [399.99993896484375, 398.78875732421875, 46.53934097290039]}, "datetime": {"datetime": "2025-08-14 04:46:23", "elapsed": 68311.94862413406, "delta": 29.684547901153564}, "costs": {"total_cost": 1067.7352694642975, "time_cost": 150, "final_distance_cost": 85.61410049222907, "oscillation_cost": 45.52017371583347, "completition_cost": 666.6666666666667, "overshoot_cost": 62.38643081849257, "power_cost": 29.861806665039065, "noise_cost": 27.6860911060364, "n_waypoints_completed": 3, "tot_waypoints": 9}}
{"target": -1298.0765806224726, "params": {"k_pid_pos": [0.0021766412537544966, 0.0030661821365356445, 0.04147806763648987], "k_pid_alt": [9.161233901977539e-05, 1.0, 0.9973767995834351], "k_pid_att": [100.0, 9.999999747378752e-05, 0.9882203340530396], "k_pid_yaw": [0.5, 1e-06, 0.1], "k_pid_hsp": [9.83054256439209, 0.993712306022644, 0.0026562511920928955], "k_pid_vsp": [400.0, 397.4585876464844, 1.852978229522705]}, "datetime": {"datetime": "2025-08-14 04:46:51", "elapsed": 68339.77312469482, "delta": 27.824500560760498}, "costs": {"total_cost": 1298.0765806224726, "time_cost": 150, "final_distance_cost": 45.592041552873475, "oscillation_cost": 12.574659004717498, "completition_cost": 1000.0, "overshoot_cost": 42.46066926748582, "power_cost": 18.355550952148437, "noise_cost": 29.093659845247505, "n_waypoints_completed": 0, "tot_waypoints": 9}}
{"target": -1873.1643114892277, "params": {"k_pid_pos": [0.024934224784374237, 0.008267998695373535, 0.0029346346855163574], "k_pid_alt": [0.0, 1.0, 0.9478707313537598], "k_pid_att": [100.0, 0.36442825198173523, 0.8904472589492798], "k_pid_yaw": [0.5, 1e-06, 0.1], "k_pid_hsp": [9.828794479370117, 0.9985599517822266, 0.11070126295089722], "k_pid_vsp": [400.0, 396.3761901855469, 5.923510551452637]}, "datetime": {"datetime": "2025-08-14 04:47:21", "elapsed": 68370.02482032776, "delta": 30.25169563293457}, "costs": {"total_cost": 1873.1643114892277, "time_cost": 150, "final_distance_cost": 67.02022882418252, "oscillation_cost": 623.4796148533766, "completition_cost": 888.8888888888888, "overshoot_cost": 74.01269678772002, "power_cost": 40.202595458984376, "noise_cost": 29.5602866760756, "n_waypoints_completed": 1, "tot_waypoints": 9}}
{"target": -1257.404099642262, "params": {"k_pid_pos": [0.010223878547549248, 0.013261497020721436, 0.05121448636054993], "k_pid_alt": [0.0, 1.0, 0.9908912777900696], "k_pid_att": [100.0, 9.999999747378752e-05, 0.990371584892273], "k_pid_yaw": [0.5, 1e-06, 0.1], "k_pid_hsp": [9.90590763092041, 0.9858603477478027, 0.0007710456848144531], "k_pid_vsp": [400.0, 397.5428466796875, 8.096827507019043]}, "datetime": {"datetime": "2025-08-14 04:47:50", "elapsed": 68398.7850663662, "delta": 28.76024603843689}, "costs": {"total_cost": 1257.404099642262, "time_cost": 150, "final_distance_cost": 52.893427184919844, "oscillation_cost": 22.602723567324148, "completition_cost": 888.8888888888888, "overshoot_cost": 94.1448691527738, "power_cost": 20.36274079589844, "noise_cost": 28.51145005245721, "n_waypoints_completed": 1, "tot_waypoints": 9}}
{"target": -1226.5571971524887, "params": {"k_pid_pos": [0.007811799645423889, 0.006458282470703125, 0.005455285310745239], "k_pid_alt": [0.0, 1.0, 0.990945041179657], "k_pid_att": [25.796436309814453, 9.999999747378752e-05, 0.9880073070526123], "k_pid_yaw": [0.5, 1e-06, 0.1], "k_pid_hsp": [9.881434440612793, 0.903785765171051, 0.004059851169586182], "k_pid_vsp": [399.9999084472656, 399.1785583496094, 2.5566468238830566]}, "datetime": {"datetime": "2025-08-14 04:48:17", "elapsed": 68426.06178379059, "delta": 27.2767174243927}, "costs": {"total_cost": 1226.5571971524887, "time_cost": 150, "final_distance_cost": 22.899851583500343, "oscillation_cost": 14.282498821637704, "completition_cost": 888.8888888888888, "overshoot_cost": 85.05110522289864, "power_cost": 31.82987409667969, "noise_cost": 33.60497853888338, "n_waypoints_completed": 1, "tot_waypoints": 9}}
{"target": -1734.9069691810691, "params": {"k_pid_pos": [0.01784830167889595, 0.008623838424682617, 0.09265300631523132], "k_pid_alt": [0.0, 1.0, 0.9567179679870605], "k_pid_att": [100.0, 9.999999747378752e-05, 0.9944907426834106], "k_pid_yaw": [0.5, 1e-06, 0.1], "k_pid_hsp": [9.769920349121094, 0.8969104886054993, 0.0465981662273407], "k_pid_vsp": [400.0, 370.3268127441406, 0.46225887537002563]}, "datetime": {"datetime": "2025-08-14 04:48:46", "elapsed": 68454.87235069275, "delta": 28.810566902160645}, "costs": {"total_cost": 1734.9069691810691, "time_cost": 150, "final_distance_cost": 69.42308420629055, "oscillation_cost": 487.76162582709986, "completition_cost": 888.8888888888888, "overshoot_cost": 84.94347869193831, "power_cost": 26.632561376953127, "noise_cost": 27.25733018989854, "n_waypoints_completed": 1, "tot_waypoints": 9}}
{"target": -1276.9226432677476, "params": {"k_pid_pos": [0.009483268484473228, 0.02060765027999878, 0.021306544542312622], "k_pid_alt": [0.0, 1.0, 0.9780693054199219], "k_pid_att": [100.0, 0.00010476831812411547, 0.9858370423316956], "k_pid_yaw": [0.5, 1e-06, 0.1], "k_pid_hsp": [9.928847312927246, 0.9877432584762573, 0.017038464546203613], "k_pid_vsp": [400.0, 392.5908203125, 5.140472412109375]}, "datetime": {"datetime": "2025-08-14 04:49:15", "elapsed": 68483.81663942337, "delta": 28.944288730621338}, "costs": {"total_cost": 1276.9226432677476, "time_cost": 150, "final_distance_cost": 58.1451515447636, "oscillation_cost": 21.849089763450312, "completition_cost": 888.8888888888888, "overshoot_cost": 98.30844629270861, "power_cost": 27.801279797363282, "noise_cost": 31.929786980572995, "n_waypoints_completed": 1, "tot_waypoints": 9}}
{"target": -1308.5641475353966, "params": {"k_pid_pos": [0.007404601201415062, 0.016104906797409058, 0.003036677837371826], "k_pid_alt": [0.16146016120910645, 1.0, 0.8275001645088196], "k_pid_att": [100.0, 6.686723232269287, 0.998187780380249], "k_pid_yaw": [0.5, 1e-06, 0.1], "k_pid_hsp": [9.75693130493164, 0.9802305698394775, 0.037535130977630615], "k_pid_vsp": [400.0, 393.107421875, 1.585627555847168]}, "datetime": {"datetime": "2025-08-14 04:49:44", "elapsed": 68512.63610053062, "delta": 28.81946110725403}, "costs": {"total_cost": 1308.5641475353966, "time_cost": 150, "final_distance_cost": 43.61836858044338, "oscillation_cost": 62.01273840211188, "completition_cost": 888.8888888888888, "overshoot_cost": 103.78179948869297, "power_cost": 29.185147973632812, "noise_cost": 31.077204201626625, "n_waypoints_completed": 1, "tot_waypoints": 9}}
{"target": -1115.3010242654886, "params": {"k_pid_pos": [0.04221966490149498, 0.048341214656829834, 0.04900804162025452], "k_pid_alt": [0.0, 1.0, 0.9959321022033691], "k_pid_att": [100.0, 0.00037090040859766304, 0.9663619995117188], "k_pid_yaw": [0.5, 1e-06, 0.1], "k_pid_hsp": [9.731886863708496, 0.9870927333831787, 0.024296283721923828], "k_pid_vsp": [400.0, 390.41766357421875, 3.6430606842041016]}, "datetime": {"datetime": "2025-08-14 04:50:11", "elapsed": 68539.9920797348, "delta": 27.355979204177856}, "costs": {"total_cost": 1115.3010242654886, "time_cost": 150, "final_distance_cost": 65.95672197603105, "oscillation_cost": 85.68092403729723, "completition_cost": 666.6666666666667, "overshoot_cost": 88.36652041704131, "power_cost": 27.705350939941408, "noise_cost": 30.924840228510792, "n_waypoints_completed": 3, "tot_waypoints": 9}}
{"target": -1136.4417415032756, "params": {"k_pid_pos": [0.036362845450639725, 0.00903812050819397, 0.028237849473953247], "k_pid_alt": [0.0, 1.0, 0.9945178031921387], "k_pid_att": [100.0, 0.2904125154018402, 0.9980447888374329], "k_pid_yaw": [0.5, 1e-06, 0.1], "k_pid_hsp": [9.951112747192383, 0.9486347436904907, 0.0011544525623321533], "k_pid_vsp": [400.0, 394.1355895996094, 2.8392086029052734]}, "datetime": {"datetime": "2025-08-14 04:50:40", "elapsed": 68568.14603114128, "delta": 28.153951406478882}, "costs": {"total_cost": 1136.4417415032756, "time_cost": 150, "final_distance_cost": 65.18418200702034, "oscillation_cost": 23.79748375579394, "completition_cost": 777.7777777777778, "overshoot_cost": 63.429928034882025, "power_cost": 24.54878798828125, "noise_cost": 31.703581939520284, "n_waypoints_completed": 2, "tot_waypoints": 9}}
{"target": -1292.7962488223702, "params": {"k_pid_pos": [0.06267954409122467, 0.005287915468215942, 0.05373501777648926], "k_pid_alt": [0.0, 1.0, 0.9858339428901672], "k_pid_att": [100.0, 9.999999747378752e-05, 0.9933305978775024], "k_pid_yaw": [0.5, 1e-06, 0.1], "k_pid_hsp": [9.981614112854004, 0.9950487017631531, 0.012892037630081177], "k_pid_vsp": [400.0, 345.6584777832031, 1.705420970916748]}, "datetime": {"datetime": "2025-08-14 04:51:09", "elapsed": 68597.14020824432, "delta": 28.994177103042603}, "costs": {"total_cost": 1292.7962488223702, "time_cost": 150, "final_distance_cost": 90.83303606625863, "oscillation_cost": 144.42721697193988, "completition_cost": 777.7777777777778, "overshoot_cost": 68.3259717075969, "power_cost": 29.622670629882816, "noise_cost": 31.809575668914157, "n_waypoints_completed": 2, "tot_waypoints": 9}}
{"target": -1225.9151390983436, "params": {"k_pid_pos": [0.05545731261372566, 0.02716803550720215, 0.018834054470062256], "k_pid_alt": [0.0, 1.0, 0.999254584312439], "k_pid_att": [100.0, 9.999999747378752e-05, 0.9776417016983032], "k_pid_yaw": [0.5, 1e-06, 0.1], "k_pid_hsp": [9.912833213806152, 0.9864695072174072, 0.023694783449172974], "k_pid_vsp": [400.0, 397.6187744140625, 3.6678919792175293]}, "datetime": {"datetime": "2025-08-14 04:51:39", "elapsed": 68627.48834204674, "delta": 30.34813380241394}, "costs": {"total_cost": 1225.9151390983436, "time_cost": 150, "final_distance_cost": 95.35035015616212, "oscillation_cost": 80.15511095917996, "completition_cost": 777.7777777777778, "overshoot_cost": 67.23055159246326, "power_cost": 25.04487634277344, "noise_cost": 30.35647226998687, "n_waypoints_completed": 2, "tot_waypoints": 9}}
{"target": -1108.4475241959874, "params": {"k_pid_pos": [0.08723602443933487, 0.10270640254020691, 0.0013957619667053223], "k_pid_alt": [0.0, 1.0, 0.945915937423706], "k_pid_att": [100.0, 9.999999747378752e-05, 0.9878727793693542], "k_pid_yaw": [0.5, 1e-06, 0.1], "k_pid_hsp": [9.770527839660645, 0.9981492757797241, 0.01806461811065674], "k_pid_vsp": [400.0, 398.6507873535156, 3.6404738426208496]}, "datetime": {"datetime": "2025-08-14 04:52:06", "elapsed": 68654.52655601501, "delta": 27.038213968276978}, "costs": {"total_cost": 1108.4475241959874, "time_cost": 150, "final_distance_cost": 51.562100115114184, "oscillation_cost": 127.92101281005407, "completition_cost": 666.6666666666667, "overshoot_cost": 64.65570260310717, "power_cost": 18.330238903808596, "noise_cost": 29.311803097236727, "n_waypoints_completed": 3, "tot_waypoints": 9}}
{"target": -1054.0807895660134, "params": {"k_pid_pos": [0.08217685669660568, 0.005820602178573608, 0.01377531886100769], "k_pid_alt": [0.0, 1.0, 0.9955025911331177], "k_pid_att": [100.0, 9.999999747378752e-05, 0.9714897274971008], "k_pid_yaw": [0.5, 1e-06, 0.1], "k_pid_hsp": [9.940119743347168, 0.9868646860122681, 0.0069162845611572266], "k_pid_vsp": [400.0, 398.0572814941406, 20.880605697631836]}, "datetime": {"datetime": "2025-08-14 04:52:34", "elapsed": 68683.07215094566, "delta": 28.545594930648804}, "costs": {"total_cost": 1054.0807895660134, "time_cost": 150, "final_distance_cost": 67.55504268092365, "oscillation_cost": 46.2367341374188, "completition_cost": 666.6666666666667, "overshoot_cost": 71.17306728056995, "power_cost": 25.48590093994141, "noise_cost": 26.96337786049291, "n_waypoints_completed": 3, "tot_waypoints": 9}}
{"target": -1330.5177670143814, "params": {"k_pid_pos": [0.003071381477639079, 0.003425300121307373, 0.005603492259979248], "k_pid_alt": [1.1920928955078125e-07, 1.0, 0.9877785444259644], "k_pid_att": [100.0, 9.999999747378752e-05, 0.9986171722412109], "k_pid_yaw": [0.5, 1e-06, 0.1], "k_pid_hsp": [9.730588912963867, 0.9934895038604736, 0.014084190130233765], "k_pid_vsp": [400.0, 398.5697021484375, 3.8971433639526367]}, "datetime": {"datetime": "2025-08-14 04:53:03", "elapsed": 68711.47337293625, "delta": 28.401221990585327}, "costs": {"total_cost": 1330.5177670143814, "time_cost": 150, "final_distance_cost": 50.880139828582244, "oscillation_cost": 24.249922433758066, "completition_cost": 1000.0, "overshoot_cost": 42.09649919480277, "power_cost": 30.36033046875, "noise_cost": 32.93087508848845, "n_waypoints_completed": 0, "tot_waypoints": 9}}
{"target": -1205.769292383082, "params": {"k_pid_pos": [0.03487727418541908, 0.014867275953292847, 0.0067990124225616455], "k_pid_alt": [0.0, 1.0, 0.9961080551147461], "k_pid_att": [100.0, 9.999999747378752e-05, 0.9425204992294312], "k_pid_yaw": [0.5, 1e-06, 0.1], "k_pid_hsp": [9.897564888000488, 0.9955630302429199, 0.0439242422580719], "k_pid_vsp": [400.0, 396.3525390625, 9.687603950500488]}, "datetime": {"datetime": "2025-08-14 04:53:31", "elapsed": 68739.69013690948, "delta": 28.216763973236084}, "costs": {"total_cost": 1205.769292383082, "time_cost": 150, "final_distance_cost": 83.56267217617918, "oscillation_cost": 66.69228411748901, "completition_cost": 777.7777777777778, "overshoot_cost": 72.4610407353939, "power_cost": 26.489985607910157, "noise_cost": 28.78553196833203, "n_waypoints_completed": 2, "tot_waypoints": 9}}
{"target": -1286.118348594425, "params": {"k_pid_pos": [0.02624581940472126, 0.007723391056060791, 0.02090686559677124], "k_pid_alt": [0.0, 1.0, 0.9976612329483032], "k_pid_att": [100.0, 0.00010029802069766447, 0.9760997891426086], "k_pid_yaw": [0.5, 1e-06, 0.1], "k_pid_hsp": [9.679058074951172, 0.9979674816131592, 0.03143581748008728], "k_pid_vsp": [400.0, 397.743896484375, 5.586052894592285]}, "datetime": {"datetime": "2025-08-14 04:53:59", "elapsed": 68767.77973294258, "delta": 28.089596033096313}, "costs": {"total_cost": 1286.118348594425, "time_cost": 150, "final_distance_cost": 61.72136952958418, "oscillation_cost": 55.92814691966168, "completition_cost": 888.8888888888888, "overshoot_cost": 72.02141357404673, "power_cost": 26.80407626953125, "noise_cost": 30.754453412712433, "n_waypoints_completed": 1, "tot_waypoints": 9}}
{"target": -1074.3827668085517, "params": {"k_pid_pos": [0.06193988770246506, 0.017745763063430786, 0.0009655356407165527], "k_pid_alt": [0.0, 1.0, 0.9589192867279053], "k_pid_att": [100.0, 0.0001011920758173801, 0.9928615093231201], "k_pid_yaw": [0.5, 1e-06, 0.1], "k_pid_hsp": [9.806262016296387, 0.9585833549499512, 0.001193016767501831], "k_pid_vsp": [400.0, 391.5030517578125, 4.431117534637451]}, "datetime": {"datetime": "2025-08-14 04:54:28", "elapsed": 68796.57584428787, "delta": 28.796111345291138}, "costs": {"total_cost": 1074.3827668085517, "time_cost": 150, "final_distance_cost": 83.42381386255533, "oscillation_cost": 36.55745984485436, "completition_cost": 666.6666666666667, "overshoot_cost": 71.17074910761404, "power_cost": 32.8662879272461, "noise_cost": 33.697789399615154, "n_waypoints_completed": 3, "tot_waypoints": 9}}
{"target": -1281.9010772982122, "params": {"k_pid_pos": [0.010902145877480507, 0.009348869323730469, 0.005183577537536621], "k_pid_alt": [0.0, 1.0, 0.9852144718170166], "k_pid_att": [100.0, 9.999999747378752e-05, 0.9819747805595398], "k_pid_yaw": [0.5, 1e-06, 0.1], "k_pid_hsp": [9.90933895111084, 0.9946969747543335, 0.02591782808303833], "k_pid_vsp": [400.0, 378.2143249511719, 5.838693141937256]}, "datetime": {"datetime": "2025-08-14 04:54:57", "elapsed": 68825.4604833126, "delta": 28.884639024734497}, "costs": {"total_cost": 1281.9010772982122, "time_cost": 150, "final_distance_cost": 51.600483028091084, "oscillation_cost": 41.94812173631178, "completition_cost": 888.8888888888888, "overshoot_cost": 94.60679738432755, "power_cost": 24.56039346923828, "noise_cost": 30.29639279135441, "n_waypoints_completed": 1, "tot_waypoints": 9}}
{"target": -1051.654851721635, "params": {"k_pid_pos": [0.0931452289223671, 0.015448957681655884, 0.02718132734298706], "k_pid_alt": [0.0, 1.0, 0.9785429239273071], "k_pid_att": [100.0, 9.999999747378752e-05, 0.9629710912704468], "k_pid_yaw": [0.5, 1e-06, 0.1], "k_pid_hsp": [9.660743713378906, 0.9429360032081604, 0.01196753978729248], "k_pid_vsp": [400.0, 397.16790771484375, 1.305795669555664]}, "datetime": {"datetime": "2025-08-14 04:55:24", "elapsed": 68853.02482891083, "delta": 27.564345598220825}, "costs": {"total_cost": 1051.654851721635, "time_cost": 150, "final_distance_cost": 52.79874817600105, "oscillation_cost": 48.08120844605513, "completition_cost": 666.6666666666667, "overshoot_cost": 70.3371321559657, "power_cost": 29.057198669433596, "noise_cost": 34.71389760751276, "n_waypoints_completed": 3, "tot_waypoints": 9}}
{"target": -1049.247104439709, "params": {"k_pid_pos": [0.11147148907184601, 0.0032213926315307617, 0.03454548120498657], "k_pid_alt": [0.0, 0.9987810254096985, 0.9918714761734009], "k_pid_att": [99.94548034667969, 9.999999747378752e-05, 0.9077180027961731], "k_pid_yaw": [0.5, 1e-06, 0.1], "k_pid_hsp": [9.465910911560059, 0.9940384030342102, 0.007278770208358765], "k_pid_vsp": [400.0, 383.61212158203125, 5.79733943939209]}, "datetime": {"datetime": "2025-08-14 04:55:52", "elapsed": 68881.088804245, "delta": 28.06397533416748}, "costs": {"total_cost": 1049.247104439709, "time_cost": 150, "final_distance_cost": 51.81357611442644, "oscillation_cost": 47.74995928803667, "completition_cost": 666.6666666666667, "overshoot_cost": 67.7854907131115, "power_cost": 29.96852761230469, "noise_cost": 35.262884045162906, "n_waypoints_completed": 3, "tot_waypoints": 9}}
{"target": -1723.0843212163243, "params": {"k_pid_pos": [0.0545734204351902, 0.044031888246536255, 0.032055050134658813], "k_pid_alt": [0.0, 1.0, 0.9757758378982544], "k_pid_att": [100.0, 9.999999747378752e-05, 0.994341254234314], "k_pid_yaw": [0.5, 1e-06, 0.1], "k_pid_hsp": [9.952873229980469, 0.9826355576515198, 0.12900322675704956], "k_pid_vsp": [400.0, 396.7354736328125, 6.120730400085449]}, "datetime": {"datetime": "2025-08-14 04:56:22", "elapsed": 68910.44460058212, "delta": 29.355796337127686}, "costs": {"total_cost": 1723.0843212163243, "time_cost": 150, "final_distance_cost": 52.425499782566646, "oscillation_cost": 702.2754349104923, "completition_cost": 666.6666666666667, "overshoot_cost": 84.84723535695794, "power_cost": 36.54649425048828, "noise_cost": 30.32299024915228, "n_waypoints_completed": 3, "tot_waypoints": 9}}
{"target": -759.6918002235465, "params": {"k_pid_pos": [0.1703508496284485, 0.023990005254745483, 0.04096484184265137], "k_pid_alt": [0.0, 1.0, 0.9222041368484497], "k_pid_att": [100.0, 9.999999747378752e-05, 0.9668865203857422], "k_pid_yaw": [0.5, 1e-06, 0.1], "k_pid_hsp": [9.748753547668457, 0.968388557434082, 0.01782950758934021], "k_pid_vsp": [400.0, 395.833740234375, 5.822325706481934]}, "datetime": {"datetime": "2025-08-14 04:56:52", "elapsed": 68940.15149784088, "delta": 29.706897258758545}, "costs": {"total_cost": 759.6918002235465, "time_cost": 150, "final_distance_cost": 63.77380255998355, "oscillation_cost": 80.64160580689412, "completition_cost": 333.33333333333337, "overshoot_cost": 68.93454166129598, "power_cost": 29.223009985351563, "noise_cost": 33.78550687668787, "n_waypoints_completed": 6, "tot_waypoints": 9}}
