{"target": -321.1752151111434, "params": {"k_pid_pos": [0.4108404517173767, 0.03763645887374878, 0.012487918138504028], "k_pid_alt": [0.0, 0.9999998807907104, 0.9550223350524902], "k_pid_att": [100.0, 9.999999747378752e-05, 0.9950525760650635], "k_pid_yaw": [0.5, 1e-06, 0.1], "k_pid_hsp": [8.642090797424316, 0.9946871995925903, 0.024843990802764893], "k_pid_vsp": [399.9998779296875, 394.67431640625, 12.135972023010254]}, "datetime": {"datetime": "2025-08-14 01:16:18", "elapsed": 55706.811457157135, "delta": 27.98261833190918}, "costs": {"total_cost": 321.1752151111434, "time_cost": 106.645, "final_distance_cost": 1.832715169783164, "oscillation_cost": 75.89459822704924, "completition_cost": 0.0, "overshoot_cost": 68.71292561215442, "power_cost": 35.37917381591797, "noise_cost": 32.710802286238604, "n_waypoints_completed": 9, "tot_waypoints": 9}}
{"target": -975.6748524667076, "params": {"k_pid_pos": [0.0985834077000618, 0.02857726812362671, 0.02553752064704895], "k_pid_alt": [0.00010484457015991211, 1.0, 0.9912115335464478], "k_pid_att": [100.0, 9.999999747378752e-05, 0.9943705797195435], "k_pid_yaw": [0.5, 1e-06, 0.1], "k_pid_hsp": [9.820704460144043, 0.9775789380073547, 0.0497153103351593], "k_pid_vsp": [400.0, 398.4284973144531, 7.677508354187012]}, "datetime": {"datetime": "2025-08-14 01:16:46", "elapsed": 55734.9892950058, "delta": 28.17783784866333}, "costs": {"total_cost": 975.6748524667076, "time_cost": 150, "final_distance_cost": 49.45085901939788, "oscillation_cost": 86.46840635489116, "completition_cost": 555.5555555555555, "overshoot_cost": 72.85861808089757, "power_cost": 29.231796997070315, "noise_cost": 32.10961645889517, "n_waypoints_completed": 4, "tot_waypoints": 9}}
{"target": -1962.5337907699893, "params": {"k_pid_pos": [0.010023021139204502, 0.0038354992866516113, 0.041902095079422], "k_pid_alt": [0.0, 1.0, 0.9139906764030457], "k_pid_att": [100.0, 9.999999747378752e-05, 0.9790399074554443], "k_pid_yaw": [0.5, 1e-06, 0.1], "k_pid_hsp": [9.961043357849121, 0.9939832091331482, 0.15244966745376587], "k_pid_vsp": [400.0, 396.38671875, 2.199615001678467]}, "datetime": {"datetime": "2025-08-14 01:17:17", "elapsed": 55765.77469110489, "delta": 30.785396099090576}, "costs": {"total_cost": 1962.5337907699893, "time_cost": 150, "final_distance_cost": 61.946560827448714, "oscillation_cost": 730.4511114095267, "completition_cost": 888.8888888888888, "overshoot_cost": 69.00511578299215, "power_cost": 33.986618566894535, "noise_cost": 28.25549529423836, "n_waypoints_completed": 1, "tot_waypoints": 9}}
{"target": -1194.67016769845, "params": {"k_pid_pos": [0.06698987632989883, 0.0066190361976623535, 0.016453683376312256], "k_pid_alt": [0.0, 1.0, 0.8870763778686523], "k_pid_att": [100.0, 9.999999747378752e-05, 0.9570761919021606], "k_pid_yaw": [0.5, 1e-06, 0.1], "k_pid_hsp": [7.49215841293335, 0.977728545665741, 0.03530660271644592], "k_pid_vsp": [400.0, 395.9608154296875, 6.2082061767578125]}, "datetime": {"datetime": "2025-08-14 01:17:56", "elapsed": 55804.322098731995, "delta": 38.54740762710571}, "costs": {"total_cost": 1194.67016769845, "time_cost": 150, "final_distance_cost": 82.44347804939407, "oscillation_cost": 65.68014494624984, "completition_cost": 777.7777777777778, "overshoot_cost": 65.78382421075398, "power_cost": 23.842344189453126, "noise_cost": 29.142598524821434, "n_waypoints_completed": 2, "tot_waypoints": 9}}
{"target": -1172.2426097744606, "params": {"k_pid_pos": [0.01407927181571722, 0.0384581983089447, 0.06190824508666992], "k_pid_alt": [0.0, 0.9999801516532898, 0.9833102226257324], "k_pid_att": [100.0, 9.999999747378752e-05, 0.9113885164260864], "k_pid_yaw": [0.5, 1e-06, 0.1], "k_pid_hsp": [9.89012336730957, 0.9882569313049316, 0.019893378019332886], "k_pid_vsp": [299.9872131347656, 396.2894592285156, 9.897078514099121]}, "datetime": {"datetime": "2025-08-14 01:18:32", "elapsed": 55840.24111056328, "delta": 35.91901183128357}, "costs": {"total_cost": 1172.2426097744606, "time_cost": 150, "final_distance_cost": 66.16873709060306, "oscillation_cost": 48.00854057078557, "completition_cost": 777.7777777777778, "overshoot_cost": 77.70965819868012, "power_cost": 24.508141027832032, "noise_cost": 28.06975510878226, "n_waypoints_completed": 2, "tot_waypoints": 9}}
{"target": -1019.5404695194513, "params": {"k_pid_pos": [0.09042739868164062, 0.039131730794906616, 0.03688278794288635], "k_pid_alt": [0.0, 1.0, 0.9855908155441284], "k_pid_att": [100.0, 9.999999747378752e-05, 0.9756821393966675], "k_pid_yaw": [0.5, 1e-06, 0.1], "k_pid_hsp": [9.79328727722168, 0.9784622192382812, 0.04274088144302368], "k_pid_vsp": [6.625640392303467, 389.82647705078125, 39.9241943359375]}, "datetime": {"datetime": "2025-08-14 01:19:02", "elapsed": 55871.03677535057, "delta": 30.79566478729248}, "costs": {"total_cost": 1019.5404695194513, "time_cost": 150, "final_distance_cost": 49.82223918327927, "oscillation_cost": 131.35157663006075, "completition_cost": 555.5555555555555, "overshoot_cost": 74.24545950816496, "power_cost": 30.272799645996095, "noise_cost": 28.292838996394885, "n_waypoints_completed": 4, "tot_waypoints": 9}}
{"target": -1196.1087347804769, "params": {"k_pid_pos": [0.06196873262524605, 0.007807642221450806, 0.020271271467208862], "k_pid_alt": [0.0, 1.0, 0.9743982553482056], "k_pid_att": [100.0, 9.999999747378752e-05, 0.9632012844085693], "k_pid_yaw": [0.5, 1e-06, 0.1], "k_pid_hsp": [9.660487174987793, 0.9874875545501709, 0.010407805442810059], "k_pid_vsp": [399.9996337890625, 392.5715026855469, 8.995783805847168]}, "datetime": {"datetime": "2025-08-14 01:19:32", "elapsed": 55900.126603126526, "delta": 29.0898277759552}, "costs": {"total_cost": 1196.1087347804769, "time_cost": 150, "final_distance_cost": 90.44317178808885, "oscillation_cost": 58.256314758530536, "completition_cost": 777.7777777777778, "overshoot_cost": 67.00502546847342, "power_cost": 24.435139526367188, "noise_cost": 28.191305461238965, "n_waypoints_completed": 2, "tot_waypoints": 9}}
{"target": -936.4352300571875, "params": {"k_pid_pos": [0.14833851158618927, 0.020125478506088257, 0.005180805921554565], "k_pid_alt": [4.76837158203125e-07, 0.9999992847442627, 0.9896316528320312], "k_pid_att": [100.0, 9.999999747378752e-05, 0.9958722591400146], "k_pid_yaw": [0.5, 1e-06, 0.1], "k_pid_hsp": [9.962484359741211, 0.9621127247810364, 0.02517285943031311], "k_pid_vsp": [400.0, 391.9064025878906, 5.134047031402588]}, "datetime": {"datetime": "2025-08-14 01:20:04", "elapsed": 55932.30394458771, "delta": 32.17734146118164}, "costs": {"total_cost": 936.4352300571875, "time_cost": 150, "final_distance_cost": 51.44201378989531, "oscillation_cost": 159.8695625046505, "completition_cost": 444.4444444444444, "overshoot_cost": 67.00026863985298, "power_cost": 30.417369152832034, "noise_cost": 33.26157152551233, "n_waypoints_completed": 5, "tot_waypoints": 9}}
{"target": -1285.4215083881866, "params": {"k_pid_pos": [0.012251169420778751, 0.02579474449157715, 0.011722594499588013], "k_pid_alt": [0.0, 1.0, 0.9557688236236572], "k_pid_att": [100.0, 9.999999747378752e-05, 0.996671199798584], "k_pid_yaw": [0.5, 1e-06, 0.1], "k_pid_hsp": [9.83552360534668, 0.9859918355941772, 0.010604113340377808], "k_pid_vsp": [400.0, 361.5190124511719, 1.4089951515197754]}, "datetime": {"datetime": "2025-08-14 01:20:34", "elapsed": 55962.685321331024, "delta": 30.38137674331665}, "costs": {"total_cost": 1285.4215083881866, "time_cost": 150, "final_distance_cost": 65.55798644587519, "oscillation_cost": 33.289028757076224, "completition_cost": 888.8888888888888, "overshoot_cost": 85.70373782317508, "power_cost": 29.25241453857422, "noise_cost": 32.72945193459723, "n_waypoints_completed": 1, "tot_waypoints": 9}}
{"target": -1322.8108794559505, "params": {"k_pid_pos": [0.01292180735617876, 0.01712048053741455, 0.014103293418884277], "k_pid_alt": [0.0, 1.0, 0.9206153750419617], "k_pid_att": [99.99386596679688, 9.999999747378752e-05, 0.9893372058868408], "k_pid_yaw": [0.5, 1e-06, 0.1], "k_pid_hsp": [9.811707496643066, 0.9882016181945801, 0.05061134696006775], "k_pid_vsp": [400.0, 381.1781311035156, 19.873525619506836]}, "datetime": {"datetime": "2025-08-14 01:21:05", "elapsed": 55993.333414793015, "delta": 30.648093461990356}, "costs": {"total_cost": 1322.8108794559505, "time_cost": 150, "final_distance_cost": 65.30660057550304, "oscillation_cost": 55.07395527686291, "completition_cost": 888.8888888888888, "overshoot_cost": 91.75568870752375, "power_cost": 39.611061328125004, "noise_cost": 32.17468467904705, "n_waypoints_completed": 1, "tot_waypoints": 9}}
{"target": -1194.9391188757204, "params": {"k_pid_pos": [0.029148956760764122, 0.028886407613754272, 0.0023304224014282227], "k_pid_alt": [0.0, 1.0, 0.9831708669662476], "k_pid_att": [100.0, 9.999999747378752e-05, 0.9874858856201172], "k_pid_yaw": [0.5, 1e-06, 0.1], "k_pid_hsp": [9.289556503295898, 0.9721373319625854, 0.007865846157073975], "k_pid_vsp": [400.0, 399.04791259765625, 16.61516571044922]}, "datetime": {"datetime": "2025-08-14 01:21:35", "elapsed": 56023.51938486099, "delta": 30.185970067977905}, "costs": {"total_cost": 1194.9391188757204, "time_cost": 150, "final_distance_cost": 80.954303336194, "oscillation_cost": 33.48727036596432, "completition_cost": 777.7777777777778, "overshoot_cost": 83.72283641027701, "power_cost": 36.90284499511719, "noise_cost": 32.094085990389964, "n_waypoints_completed": 2, "tot_waypoints": 9}}
{"target": -1089.969082477462, "params": {"k_pid_pos": [0.04575624689459801, 0.07150280475616455, 0.01578947901725769], "k_pid_alt": [0.0, 1.0, 0.9886471033096313], "k_pid_att": [100.0, 9.999999747378752e-05, 0.9881525039672852], "k_pid_yaw": [0.5, 1e-06, 0.1], "k_pid_hsp": [9.461615562438965, 0.9870384335517883, 0.04656577110290527], "k_pid_vsp": [400.0, 399.663818359375, 3.540445327758789]}, "datetime": {"datetime": "2025-08-14 01:22:04", "elapsed": 56052.208260297775, "delta": 28.688875436782837}, "costs": {"total_cost": 1089.969082477462, "time_cost": 150, "final_distance_cost": 53.34785456002806, "oscillation_cost": 84.7364135204255, "completition_cost": 666.6666666666667, "overshoot_cost": 82.06369068497277, "power_cost": 23.350329248046876, "noise_cost": 29.80412779732218, "n_waypoints_completed": 3, "tot_waypoints": 9}}
{"target": -1220.3505105219424, "params": {"k_pid_pos": [0.03184515982866287, 0.039474427700042725, 0.013709694147109985], "k_pid_alt": [0.06059223413467407, 1.0, 0.8832288384437561], "k_pid_att": [100.0, 9.999999747378752e-05, 0.9836271405220032], "k_pid_yaw": [0.5, 1e-06, 0.1], "k_pid_hsp": [9.663493156433105, 0.9934349656105042, 0.051854103803634644], "k_pid_vsp": [400.0, 398.1796875, 3.787661552429199]}, "datetime": {"datetime": "2025-08-14 01:22:34", "elapsed": 56082.53922653198, "delta": 30.330966234207153}, "costs": {"total_cost": 1220.3505105219424, "time_cost": 150, "final_distance_cost": 85.12773265234085, "oscillation_cost": 71.20936187634642, "completition_cost": 777.7777777777778, "overshoot_cost": 79.47391522969437, "power_cost": 27.05139606933594, "noise_cost": 29.710326916447254, "n_waypoints_completed": 2, "tot_waypoints": 9}}
{"target": -863.6215938030508, "params": {"k_pid_pos": [0.23322327435016632, 0.017300814390182495, 0.09451887011528015], "k_pid_alt": [0.0, 1.0, 0.9889437556266785], "k_pid_att": [100.0, 9.999999747378752e-05, 0.9897961616516113], "k_pid_yaw": [0.5, 1e-06, 0.1], "k_pid_hsp": [9.838598251342773, 0.9628700017929077, 0.002594202756881714], "k_pid_vsp": [400.0, 377.233154296875, 37.19348907470703]}, "datetime": {"datetime": "2025-08-14 01:23:04", "elapsed": 56112.5303812027, "delta": 29.991154670715332}, "costs": {"total_cost": 863.6215938030508, "time_cost": 150, "final_distance_cost": 53.15317366888436, "oscillation_cost": 67.43885805119135, "completition_cost": 444.4444444444444, "overshoot_cost": 65.61738671949772, "power_cost": 43.08694733886719, "noise_cost": 39.88078358016585, "n_waypoints_completed": 5, "tot_waypoints": 9}}
{"target": -1063.5954502062714, "params": {"k_pid_pos": [0.09394383430480957, 0.004129558801651001, 0.03821954131126404], "k_pid_alt": [0.0, 0.9994677305221558, 0.955211877822876], "k_pid_att": [100.0, 9.999999747378752e-05, 0.9340755939483643], "k_pid_yaw": [0.5, 1e-06, 0.1], "k_pid_hsp": [9.574853897094727, 0.9894061088562012, 0.010001778602600098], "k_pid_vsp": [400.0, 397.46923828125, 8.048737525939941]}, "datetime": {"datetime": "2025-08-14 01:23:34", "elapsed": 56143.00121641159, "delta": 30.470835208892822}, "costs": {"total_cost": 1063.5954502062714, "time_cost": 150, "final_distance_cost": 62.00852318742171, "oscillation_cost": 53.2531031065796, "completition_cost": 666.6666666666667, "overshoot_cost": 71.35257205864701, "power_cost": 29.783935083007815, "noise_cost": 30.53065010394846, "n_waypoints_completed": 3, "tot_waypoints": 9}}
{"target": -1312.0678909331093, "params": {"k_pid_pos": [0.01734735071659088, 0.028454899787902832, 0.1214674711227417], "k_pid_alt": [0.0, 0.9999979138374329, 0.9871582984924316], "k_pid_att": [99.99998474121094, 9.999999747378752e-05, 0.9860763549804688], "k_pid_yaw": [0.5, 1e-06, 0.1], "k_pid_hsp": [9.973039627075195, 0.7799310684204102, 0.023066997528076172], "k_pid_vsp": [399.9998474121094, 385.0481872558594, 4.447318077087402]}, "datetime": {"datetime": "2025-08-14 01:24:05", "elapsed": 56173.48694515228, "delta": 30.48572874069214}, "costs": {"total_cost": 1312.0678909331093, "time_cost": 150, "final_distance_cost": 63.83683155754672, "oscillation_cost": 76.33413968403806, "completition_cost": 888.8888888888888, "overshoot_cost": 80.32003201790785, "power_cost": 23.561856787109377, "noise_cost": 29.126141997618387, "n_waypoints_completed": 1, "tot_waypoints": 9}}
{"target": -1199.0972433312459, "params": {"k_pid_pos": [0.05147925764322281, 0.0062195658683776855, 0.010382980108261108], "k_pid_alt": [0.0, 0.8518577814102173, 0.9766389727592468], "k_pid_att": [99.99999237060547, 9.999999747378752e-05, 0.9660165905952454], "k_pid_yaw": [0.5, 1e-06, 0.1], "k_pid_hsp": [9.9493989944458, 0.9929487705230713, 0.013671249151229858], "k_pid_vsp": [399.99993896484375, 397.7796630859375, 2.311624050140381]}, "datetime": {"datetime": "2025-08-14 01:24:36", "elapsed": 56205.013855457306, "delta": 31.526910305023193}, "costs": {"total_cost": 1199.0972433312459, "time_cost": 150, "final_distance_cost": 85.07599719764185, "oscillation_cost": 47.912066096874355, "completition_cost": 777.7777777777778, "overshoot_cost": 69.60960670738146, "power_cost": 34.76466179199219, "noise_cost": 33.95713375957814, "n_waypoints_completed": 2, "tot_waypoints": 9}}
{"target": -889.0715593028276, "params": {"k_pid_pos": [0.11873473227024078, 0.038583576679229736, 0.011609524488449097], "k_pid_alt": [0.0, 0.9999996423721313, 0.9456501007080078], "k_pid_att": [100.0, 9.999999747378752e-05, 0.9970837831497192], "k_pid_yaw": [0.5, 1e-06, 0.1], "k_pid_hsp": [8.772821426391602, 0.9784814715385437, 0.014174491167068481], "k_pid_vsp": [400.0, 396.4125061035156, 0.6812224984169006]}, "datetime": {"datetime": "2025-08-14 01:25:07", "elapsed": 56235.86115908623, "delta": 30.84730362892151}, "costs": {"total_cost": 889.0715593028276, "time_cost": 150, "final_distance_cost": 55.248315126462366, "oscillation_cost": 116.63313606660219, "completition_cost": 444.4444444444444, "overshoot_cost": 69.82980946015243, "power_cost": 21.637626391601565, "noise_cost": 31.27822781356471, "n_waypoints_completed": 5, "tot_waypoints": 9}}
{"target": -1156.0651494162762, "params": {"k_pid_pos": [0.04691556096076965, 0.006627202033996582, 0.01138356328010559], "k_pid_alt": [0.08037620782852173, 1.0, 0.8957377076148987], "k_pid_att": [100.0, 9.999999747378752e-05, 0.9965856075286865], "k_pid_yaw": [0.5, 1e-06, 0.1], "k_pid_hsp": [9.21462345123291, 0.9921962022781372, 0.005104035139083862], "k_pid_vsp": [400.0, 396.02728271484375, 16.24299430847168]}, "datetime": {"datetime": "2025-08-14 01:25:39", "elapsed": 56267.249765872955, "delta": 31.388606786727905}, "costs": {"total_cost": 1156.0651494162762, "time_cost": 150, "final_distance_cost": 79.31471528474918, "oscillation_cost": 26.699435296826838, "completition_cost": 777.7777777777778, "overshoot_cost": 68.17713264506133, "power_cost": 27.119563049316408, "noise_cost": 26.976525362544624, "n_waypoints_completed": 2, "tot_waypoints": 9}}
{"target": -1042.479939238641, "params": {"k_pid_pos": [0.09144014865159988, 0.00534588098526001, 0.01671704649925232], "k_pid_alt": [0.0, 1.0, 0.9910666346549988], "k_pid_att": [100.0, 9.999999747378752e-05, 0.9944524168968201], "k_pid_yaw": [0.5, 1e-06, 0.1], "k_pid_hsp": [9.913012504577637, 0.9703965783119202, 0.011100679636001587], "k_pid_vsp": [400.0, 369.8172912597656, 69.63632202148438]}, "datetime": {"datetime": "2025-08-14 01:26:10", "elapsed": 56298.17005562782, "delta": 30.920289754867554}, "costs": {"total_cost": 1042.479939238641, "time_cost": 150, "final_distance_cost": 52.51499725237146, "oscillation_cost": 49.44677625441804, "completition_cost": 666.6666666666667, "overshoot_cost": 71.56795963870564, "power_cost": 24.526676123046876, "noise_cost": 27.756863303432308, "n_waypoints_completed": 3, "tot_waypoints": 9}}
{"target": -1093.964019063696, "params": {"k_pid_pos": [0.10474526882171631, 0.005902290344238281, 0.04020234942436218], "k_pid_alt": [0.00017434358596801758, 0.9880702495574951, 0.9934919476509094], "k_pid_att": [100.0, 0.00010357623978052288, 0.978488564491272], "k_pid_yaw": [0.5, 1e-06, 0.1], "k_pid_hsp": [9.980826377868652, 0.9984015226364136, 0.026521772146224976], "k_pid_vsp": [400.0, 396.2003173828125, 7.103575229644775]}, "datetime": {"datetime": "2025-08-14 01:26:39", "elapsed": 56327.14694213867, "delta": 28.976886510849}, "costs": {"total_cost": 1093.964019063696, "time_cost": 150, "final_distance_cost": 52.50826661340174, "oscillation_cost": 106.6238235817479, "completition_cost": 666.6666666666667, "overshoot_cost": 69.12592107196541, "power_cost": 20.11027744140625, "noise_cost": 28.929063688507906, "n_waypoints_completed": 3, "tot_waypoints": 9}}
{"target": -1194.1122193777157, "params": {"k_pid_pos": [0.06328348815441132, 0.005898982286453247, 0.006491988897323608], "k_pid_alt": [0.0, 1.0, 0.9726191759109497], "k_pid_att": [100.0, 9.999999747378752e-05, 0.9431887865066528], "k_pid_yaw": [0.5, 1e-06, 0.1], "k_pid_hsp": [9.989641189575195, 0.9787683486938477, 0.005012571811676025], "k_pid_vsp": [400.0, 399.12005615234375, 2.220846176147461]}, "datetime": {"datetime": "2025-08-14 01:27:08", "elapsed": 56356.98057484627, "delta": 29.833632707595825}, "costs": {"total_cost": 1194.1122193777157, "time_cost": 150, "final_distance_cost": 94.02997013386862, "oscillation_cost": 45.272885300753295, "completition_cost": 777.7777777777778, "overshoot_cost": 66.83412336611141, "power_cost": 27.720683203125002, "noise_cost": 32.47677959607949, "n_waypoints_completed": 2, "tot_waypoints": 9}}
{"target": -1235.8685583886759, "params": {"k_pid_pos": [0.013005309738218784, 0.08034059405326843, 0.03728190064430237], "k_pid_alt": [0.005940079689025879, 1.0, 0.9914458990097046], "k_pid_att": [100.0, 9.999999747378752e-05, 0.9803221225738525], "k_pid_yaw": [0.5, 1e-06, 0.1], "k_pid_hsp": [9.93056583404541, 0.9868642687797546, 0.017094075679779053], "k_pid_vsp": [400.0, 394.67877197265625, 2.833653450012207]}, "datetime": {"datetime": "2025-08-14 01:27:38", "elapsed": 56386.68192410469, "delta": 29.70134925842285}, "costs": {"total_cost": 1235.8685583886759, "time_cost": 150, "final_distance_cost": 80.47342187603701, "oscillation_cost": 72.35248693396916, "completition_cost": 777.7777777777778, "overshoot_cost": 93.26351262225533, "power_cost": 29.908806848144533, "noise_cost": 32.09255233049207, "n_waypoints_completed": 2, "tot_waypoints": 9}}
{"target": -355.2981689033181, "params": {"k_pid_pos": [0.7734950184822083, 0.050269365310668945, 0.01377895474433899], "k_pid_alt": [7.152557373046875e-07, 0.9999011158943176, 0.9296484589576721], "k_pid_att": [100.0, 9.999999747378752e-05, 0.9355095624923706], "k_pid_yaw": [0.5, 1e-06, 0.1], "k_pid_hsp": [9.795185089111328, 0.9925947189331055, 0.01267540454864502], "k_pid_vsp": [400.0, 399.1430358886719, 4.301763534545898]}, "datetime": {"datetime": "2025-08-14 01:28:04", "elapsed": 56412.809390068054, "delta": 26.127465963363647}, "costs": {"total_cost": 355.2981689033181, "time_cost": 104.846, "final_distance_cost": 1.825291791560978, "oscillation_cost": 132.05797483170284, "completition_cost": 0.0, "overshoot_cost": 64.36592897631107, "power_cost": 23.815886083984378, "noise_cost": 28.38708721975889, "n_waypoints_completed": 9, "tot_waypoints": 9}}
{"target": -1540.44633413967, "params": {"k_pid_pos": [0.010581071488559246, 0.005311191082000732, 0.002421647310256958], "k_pid_alt": [0.0, 1.0, 0.989228367805481], "k_pid_att": [100.0, 9.999999747378752e-05, 0.9801104068756104], "k_pid_yaw": [0.5, 1e-06, 0.1], "k_pid_hsp": [9.722190856933594, 0.989094078540802, 0.07409551739692688], "k_pid_vsp": [399.6783142089844, 388.14935302734375, 13.735426902770996]}, "datetime": {"datetime": "2025-08-14 01:28:34", "elapsed": 56442.74194073677, "delta": 29.93255066871643}, "costs": {"total_cost": 1540.44633413967, "time_cost": 150, "final_distance_cost": 55.16985933966009, "oscillation_cost": 315.5547221504163, "completition_cost": 888.8888888888888, "overshoot_cost": 78.83247743346062, "power_cost": 26.224755322265626, "noise_cost": 25.77563100497858, "n_waypoints_completed": 1, "tot_waypoints": 9}}
