{"target": -1247.577070637204, "params": {"k_pid_pos": [0.022257573902606964, 0.0061695873737335205, 0.019849568605422974], "k_pid_alt": [1.9311904907226562e-05, 0.9999961853027344, 0.983089804649353], "k_pid_att": [100.0, 9.999999747378752e-05, 0.9359084963798523], "k_pid_yaw": [0.5, 1e-06, 0.1], "k_pid_hsp": [9.850149154663086, 0.9740844964981079, 0.0007469654083251953], "k_pid_vsp": [399.99993896484375, 394.4394836425781, 45.48655700683594]}, "datetime": {"datetime": "2025-08-13 21:53:43", "elapsed": 43551.80309700966, "delta": 32.008970737457275}, "costs": {"total_cost": 1247.577070637204, "time_cost": 150, "final_distance_cost": 57.24284102092816, "oscillation_cost": 21.563628096082606, "completition_cost": 888.8888888888888, "overshoot_cost": 76.47230631591465, "power_cost": 26.705718750000003, "noise_cost": 26.70368756538994, "n_waypoints_completed": 1, "tot_waypoints": 9}}
{"target": -1179.5473228374594, "params": {"k_pid_pos": [0.01859975978732109, 0.026820242404937744, 0.008182287216186523], "k_pid_alt": [0.0007216334342956543, 1.0, 0.9662059545516968], "k_pid_att": [100.0, 9.999999747378752e-05, 0.8447802066802979], "k_pid_yaw": [0.5, 1e-06, 0.1], "k_pid_hsp": [9.90637493133545, 0.9326461553573608, 0.0034362077713012695], "k_pid_vsp": [400.0, 370.1656494140625, 3.0911335945129395]}, "datetime": {"datetime": "2025-08-13 21:54:12", "elapsed": 43580.95824050903, "delta": 29.15514349937439}, "costs": {"total_cost": 1179.5473228374594, "time_cost": 150, "final_distance_cost": 65.77257693784743, "oscillation_cost": 59.26688016352043, "completition_cost": 777.7777777777778, "overshoot_cost": 75.17223016546687, "power_cost": 21.118195544433593, "noise_cost": 30.439662248413388, "n_waypoints_completed": 2, "tot_waypoints": 9}}
{"target": -832.3627998784618, "params": {"k_pid_pos": [0.24050050973892212, 0.12393796443939209, 0.010472476482391357], "k_pid_alt": [0.0, 0.9999998807907104, 0.9820147156715393], "k_pid_att": [100.0, 9.999999747378752e-05, 0.9840323328971863], "k_pid_yaw": [0.5, 1e-06, 0.1], "k_pid_hsp": [9.78996467590332, 0.9225899577140808, 0.005226045846939087], "k_pid_vsp": [166.654296875, 386.1982421875, 27.444734573364258]}, "datetime": {"datetime": "2025-08-13 21:54:41", "elapsed": 43609.97827625275, "delta": 29.02003574371338}, "costs": {"total_cost": 832.3627998784618, "time_cost": 150, "final_distance_cost": 47.66843915559517, "oscillation_cost": 82.01452151484843, "completition_cost": 444.4444444444444, "overshoot_cost": 59.49641331516386, "power_cost": 21.213470056152346, "noise_cost": 27.525511392257606, "n_waypoints_completed": 5, "tot_waypoints": 9}}
{"target": -1031.2466679417435, "params": {"k_pid_pos": [0.11736031621694565, 0.032973676919937134, 0.059370964765548706], "k_pid_alt": [0.0, 0.9999999403953552, 0.9830436110496521], "k_pid_att": [96.3978042602539, 9.999999747378752e-05, 0.9850413799285889], "k_pid_yaw": [0.5, 1e-06, 0.1], "k_pid_hsp": [9.598581314086914, 0.9844197630882263, 0.030135899782180786], "k_pid_vsp": [400.0, 332.3289489746094, 6.983400344848633]}, "datetime": {"datetime": "2025-08-13 21:55:11", "elapsed": 43639.52758169174, "delta": 29.54930543899536}, "costs": {"total_cost": 1031.2466679417435, "time_cost": 150, "final_distance_cost": 49.68782865174725, "oscillation_cost": 138.17853859588305, "completition_cost": 555.5555555555555, "overshoot_cost": 72.70147554764512, "power_cost": 32.11876343994141, "noise_cost": 33.00450615097088, "n_waypoints_completed": 4, "tot_waypoints": 9}}
{"target": -1495.777586127667, "params": {"k_pid_pos": [0.22550325095653534, 0.06826090812683105, 0.012901246547698975], "k_pid_alt": [2.384185791015625e-07, 0.0, 0.9908317923545837], "k_pid_att": [99.99930572509766, 9.999999747378752e-05, 0.9970214366912842], "k_pid_yaw": [0.5, 1e-06, 0.1], "k_pid_hsp": [9.629775047302246, 0.963854193687439, 0.03439140319824219], "k_pid_vsp": [400.0, 391.5989990234375, 4.5079121589660645]}, "datetime": {"datetime": "2025-08-13 21:55:41", "elapsed": 43669.50913500786, "delta": 29.981553316116333}, "costs": {"total_cost": 1495.777586127667, "time_cost": 150, "final_distance_cost": 1.0000000002748717, "oscillation_cost": 26.925511102742277, "completition_cost": 1000.0, "overshoot_cost": 163.08466842085917, "power_cost": 15.978776721191407, "noise_cost": 138.7886298825994, "n_waypoints_completed": 0, "tot_waypoints": 9}}
{"target": -1861.458807018239, "params": {"k_pid_pos": [0.020974112674593925, 0.074512779712677, 0.013707458972930908], "k_pid_alt": [0.010669410228729248, 1.0, 0.9894672632217407], "k_pid_att": [100.0, 9.999999747378752e-05, 0.9833278656005859], "k_pid_yaw": [0.5, 1e-06, 0.1], "k_pid_hsp": [9.829385757446289, 0.986161470413208, 0.08263036608695984], "k_pid_vsp": [399.9998474121094, 389.1287841796875, 1.7178187370300293]}, "datetime": {"datetime": "2025-08-13 21:56:10", "elapsed": 43699.04816150665, "delta": 29.539026498794556}, "costs": {"total_cost": 1861.458807018239, "time_cost": 150, "final_distance_cost": 75.53640898130253, "oscillation_cost": 623.828119255783, "completition_cost": 888.8888888888888, "overshoot_cost": 60.869183926489015, "power_cost": 33.787823693847656, "noise_cost": 28.548382271927725, "n_waypoints_completed": 1, "tot_waypoints": 9}}
{"target": -1009.4430637761502, "params": {"k_pid_pos": [0.1269950419664383, 0.1427401900291443, 0.20846471190452576], "k_pid_alt": [0.0, 1.0, 0.9820106029510498], "k_pid_att": [100.0, 9.999999747378752e-05, 0.982568621635437], "k_pid_yaw": [0.5, 1e-06, 0.1], "k_pid_hsp": [9.92686653137207, 0.9013705253601074, 0.018709152936935425], "k_pid_vsp": [400.0, 386.2227783203125, 77.0191421508789]}, "datetime": {"datetime": "2025-08-13 21:56:40", "elapsed": 43728.86099624634, "delta": 29.81283473968506}, "costs": {"total_cost": 1009.4430637761502, "time_cost": 150, "final_distance_cost": 53.228750343208205, "oscillation_cost": 117.34015634513263, "completition_cost": 555.5555555555555, "overshoot_cost": 67.00720220463853, "power_cost": 33.02100974121094, "noise_cost": 33.290389586404245, "n_waypoints_completed": 4, "tot_waypoints": 9}}
{"target": -964.5636046881928, "params": {"k_pid_pos": [0.10366659611463547, 0.0700373649597168, 0.09938454627990723], "k_pid_alt": [0.0, 1.0, 0.9911502003669739], "k_pid_att": [100.0, 9.999999747378752e-05, 0.9598181247711182], "k_pid_yaw": [0.5, 1e-06, 0.1], "k_pid_hsp": [9.667951583862305, 0.9356532692909241, 0.012123733758926392], "k_pid_vsp": [397.92352294921875, 395.061767578125, 8.784199714660645]}, "datetime": {"datetime": "2025-08-13 21:57:10", "elapsed": 43758.80659222603, "delta": 29.94559597969055}, "costs": {"total_cost": 964.5636046881928, "time_cost": 150, "final_distance_cost": 55.47060766914802, "oscillation_cost": 75.04164044858963, "completition_cost": 555.5555555555555, "overshoot_cost": 71.84535785355949, "power_cost": 26.014534790039065, "noise_cost": 30.635908371301028, "n_waypoints_completed": 4, "tot_waypoints": 9}}
{"target": -944.9986431320275, "params": {"k_pid_pos": [0.16144034266471863, 0.10704541206359863, 0.03732097148895264], "k_pid_alt": [0.00025349855422973633, 1.0, 0.9317355751991272], "k_pid_att": [100.0, 9.999999747378752e-05, 0.9494831562042236], "k_pid_yaw": [0.5, 1e-06, 0.1], "k_pid_hsp": [9.818574905395508, 0.9929578304290771, 0.010896176099777222], "k_pid_vsp": [400.0, 388.52032470703125, 12.156594276428223]}, "datetime": {"datetime": "2025-08-13 21:57:40", "elapsed": 43788.241600990295, "delta": 29.435008764266968}, "costs": {"total_cost": 944.9986431320275, "time_cost": 150, "final_distance_cost": 41.71538326146867, "oscillation_cost": 80.62531134326159, "completition_cost": 555.5555555555555, "overshoot_cost": 63.23196694253897, "power_cost": 24.475459777832032, "noise_cost": 29.394966251370644, "n_waypoints_completed": 4, "tot_waypoints": 9}}
{"target": -1074.7907824310446, "params": {"k_pid_pos": [0.039871715009212494, 0.046363890171051025, 0.008300960063934326], "k_pid_alt": [0.7749170660972595, 0.9999971389770508, 0.9916267395019531], "k_pid_att": [100.0, 9.999999747378752e-05, 0.9849669933319092], "k_pid_yaw": [0.5, 1e-06, 0.1], "k_pid_hsp": [9.808703422546387, 0.9867659211158752, 0.006963580846786499], "k_pid_vsp": [400.0, 327.09466552734375, 4.068935871124268]}, "datetime": {"datetime": "2025-08-13 21:58:09", "elapsed": 43817.88810777664, "delta": 29.646506786346436}, "costs": {"total_cost": 1074.7907824310446, "time_cost": 150, "final_distance_cost": 56.19244162880103, "oscillation_cost": 69.66564216804589, "completition_cost": 666.6666666666667, "overshoot_cost": 81.72921067440787, "power_cost": 19.92475455322266, "noise_cost": 30.61206673990049, "n_waypoints_completed": 3, "tot_waypoints": 9}}
{"target": -302.4910792960408, "params": {"k_pid_pos": [0.8181424140930176, 0.023260265588760376, 0.023589640855789185], "k_pid_alt": [0.0006646513938903809, 0.9292052984237671, 0.9759559631347656], "k_pid_att": [100.0, 1.257638692855835, 0.9667118191719055], "k_pid_yaw": [0.5, 1e-06, 0.1], "k_pid_hsp": [9.685006141662598, 0.9557977914810181, 0.008948445320129395], "k_pid_vsp": [400.0, 397.76373291015625, 24.568082809448242]}, "datetime": {"datetime": "2025-08-13 21:58:35", "elapsed": 43843.69813299179, "delta": 25.810025215148926}, "costs": {"total_cost": 302.4910792960408, "time_cost": 104.47500000000001, "final_distance_cost": 1.8166228666666224, "oscillation_cost": 80.9260339072416, "completition_cost": 0.0, "overshoot_cost": 64.30595265319555, "power_cost": 25.563390075683596, "noise_cost": 25.404079793253434, "n_waypoints_completed": 9, "tot_waypoints": 9}}
{"target": -1154.531889200976, "params": {"k_pid_pos": [0.1910310685634613, 0.01793608069419861, 0.02068382501602173], "k_pid_alt": [0.0009558200836181641, 1.0, 0.9426372051239014], "k_pid_att": [100.0, 0.00010029802069766447, 0.9293577075004578], "k_pid_yaw": [0.5, 1e-06, 0.1], "k_pid_hsp": [9.825775146484375, 0.9685429334640503, 0.06612545251846313], "k_pid_vsp": [400.0, 386.5827941894531, 43.44438171386719]}, "datetime": {"datetime": "2025-08-13 21:59:04", "elapsed": 43873.0602042675, "delta": 29.36207127571106}, "costs": {"total_cost": 1154.531889200976, "time_cost": 150, "final_distance_cost": 59.23408852990802, "oscillation_cost": 488.59219315314823, "completition_cost": 333.33333333333337, "overshoot_cost": 66.87575203435838, "power_cost": 28.891485986328128, "noise_cost": 27.605036163899673, "n_waypoints_completed": 6, "tot_waypoints": 9}}
{"target": -1075.022932437799, "params": {"k_pid_pos": [0.050779834389686584, 0.036220669746398926, 0.0108395516872406], "k_pid_alt": [0.0, 1.0, 0.9748886823654175], "k_pid_att": [100.0, 9.999999747378752e-05, 0.9647105932235718], "k_pid_yaw": [0.5, 1e-06, 0.1], "k_pid_hsp": [9.800046920776367, 0.9798243045806885, 0.01328924298286438], "k_pid_vsp": [399.9998779296875, 394.5382995605469, 8.432246208190918]}, "datetime": {"datetime": "2025-08-13 21:59:34", "elapsed": 43902.16372871399, "delta": 29.103524446487427}, "costs": {"total_cost": 1075.022932437799, "time_cost": 150, "final_distance_cost": 61.67085257612053, "oscillation_cost": 60.85979674499253, "completition_cost": 666.6666666666667, "overshoot_cost": 83.34944583555374, "power_cost": 23.948771032714845, "noise_cost": 28.527399581750544, "n_waypoints_completed": 3, "tot_waypoints": 9}}
{"target": -1186.0544021029707, "params": {"k_pid_pos": [0.03650636598467827, 0.012393206357955933, 0.006951957941055298], "k_pid_alt": [0.0, 0.999990701675415, 0.9431905746459961], "k_pid_att": [99.99927520751953, 9.999999747378752e-05, 0.9709129333496094], "k_pid_yaw": [0.5, 1e-06, 0.1], "k_pid_hsp": [9.705918312072754, 0.9936301708221436, 0.014425158500671387], "k_pid_vsp": [399.9970397949219, 375.53387451171875, 7.474947929382324]}, "datetime": {"datetime": "2025-08-13 22:00:04", "elapsed": 43932.171292066574, "delta": 30.00756335258484}, "costs": {"total_cost": 1186.0544021029707, "time_cost": 150, "final_distance_cost": 82.24967051729662, "oscillation_cost": 40.40390715089016, "completition_cost": 777.7777777777778, "overshoot_cost": 69.1871888697516, "power_cost": 35.04062332763672, "noise_cost": 31.39523445961796, "n_waypoints_completed": 2, "tot_waypoints": 9}}
{"target": -1045.0716877639939, "params": {"k_pid_pos": [0.09379786998033524, 0.01973786950111389, 0.015134721994400024], "k_pid_alt": [0.0, 1.0, 0.9254006147384644], "k_pid_att": [100.0, 9.999999747378752e-05, 0.9694584608078003], "k_pid_yaw": [0.5, 1e-06, 0.1], "k_pid_hsp": [9.922109603881836, 0.9885914325714111, 0.009019792079925537], "k_pid_vsp": [400.0, 398.93682861328125, 32.457637786865234]}, "datetime": {"datetime": "2025-08-13 22:00:34", "elapsed": 43962.39511823654, "delta": 30.22382616996765}, "costs": {"total_cost": 1045.0716877639939, "time_cost": 150, "final_distance_cost": 51.727629944433104, "oscillation_cost": 51.940195166216114, "completition_cost": 666.6666666666667, "overshoot_cost": 68.62451748336576, "power_cost": 26.010688293457033, "noise_cost": 30.10199020985493, "n_waypoints_completed": 3, "tot_waypoints": 9}}
{"target": -741.9464557312042, "params": {"k_pid_pos": [0.12964802980422974, 0.1342756748199463, 0.0025886893272399902], "k_pid_alt": [1.999997615814209, 1.0, 0.9859917163848877], "k_pid_att": [100.0, 0.00010059603664558381, 0.9717843532562256], "k_pid_yaw": [0.5, 1e-06, 0.1], "k_pid_hsp": [9.977422714233398, 0.9810121059417725, 0.06175312399864197], "k_pid_vsp": [400.0, 374.3522033691406, 3.1277427673339844]}, "datetime": {"datetime": "2025-08-13 22:01:04", "elapsed": 43992.34880781174, "delta": 29.953689575195312}, "costs": {"total_cost": 741.9464557312042, "time_cost": 150, "final_distance_cost": 65.72822287852469, "oscillation_cost": 181.72847445922022, "completition_cost": 222.2222222222222, "overshoot_cost": 56.61381741921556, "power_cost": 33.247598803710936, "noise_cost": 32.406119948310526, "n_waypoints_completed": 7, "tot_waypoints": 9}}
{"target": -1259.5425705862904, "params": {"k_pid_pos": [0.01686040498316288, 0.04018247127532959, 0.049944669008255005], "k_pid_alt": [0.0, 1.0, 0.885872483253479], "k_pid_att": [100.0, 9.999999747378752e-05, 0.988001823425293], "k_pid_yaw": [0.5, 1e-06, 0.1], "k_pid_hsp": [9.319157600402832, 0.9527504444122314, 0.03276076912879944], "k_pid_vsp": [400.0, 395.89422607421875, 5.181241989135742]}, "datetime": {"datetime": "2025-08-13 22:01:33", "elapsed": 44021.93088412285, "delta": 29.58207631111145}, "costs": {"total_cost": 1259.5425705862904, "time_cost": 150, "final_distance_cost": 78.24557588961866, "oscillation_cost": 100.7670698352049, "completition_cost": 777.7777777777778, "overshoot_cost": 90.75370327169749, "power_cost": 30.585790551757814, "noise_cost": 31.412653260233743, "n_waypoints_completed": 2, "tot_waypoints": 9}}
{"target": -1094.7540099455052, "params": {"k_pid_pos": [0.09886669367551804, 0.008234977722167969, 0.08626362681388855], "k_pid_alt": [0.0, 1.0, 0.964765191078186], "k_pid_att": [97.6552734375, 9.976852416992188, 0.9216896295547485], "k_pid_yaw": [0.5, 1e-06, 0.1], "k_pid_hsp": [9.472176551818848, 0.9708268642425537, 0.006534785032272339], "k_pid_vsp": [400.0, 396.2081604003906, 2.1078476905822754]}, "datetime": {"datetime": "2025-08-13 22:02:04", "elapsed": 44052.38613605499, "delta": 30.455251932144165}, "costs": {"total_cost": 1094.7540099455052, "time_cost": 150, "final_distance_cost": 52.13972187815145, "oscillation_cost": 87.48628954426863, "completition_cost": 666.6666666666667, "overshoot_cost": 71.55385351314132, "power_cost": 31.389045312500002, "noise_cost": 35.51843303077713, "n_waypoints_completed": 3, "tot_waypoints": 9}}
{"target": -1181.6803072877901, "params": {"k_pid_pos": [0.021718716248869896, 0.040802717208862305, 0.010861515998840332], "k_pid_alt": [0.0, 1.0, 0.9819768667221069], "k_pid_att": [100.0, 0.0001023841614369303, 0.876996636390686], "k_pid_yaw": [0.5, 1e-06, 0.1], "k_pid_hsp": [9.613009452819824, 0.9815865755081177, 0.005444347858428955], "k_pid_vsp": [399.9999084472656, 383.5155029296875, 16.996458053588867]}, "datetime": {"datetime": "2025-08-13 22:02:33", "elapsed": 44081.81853508949, "delta": 29.432399034500122}, "costs": {"total_cost": 1181.6803072877901, "time_cost": 150, "final_distance_cost": 74.15263625146179, "oscillation_cost": 45.33532340388124, "completition_cost": 777.7777777777778, "overshoot_cost": 84.74825657688518, "power_cost": 22.774007128906252, "noise_cost": 26.89230614887764, "n_waypoints_completed": 2, "tot_waypoints": 9}}
{"target": -1009.4373832371075, "params": {"k_pid_pos": [0.22182415425777435, 0.2265612781047821, 0.06027299165725708], "k_pid_alt": [0.014596700668334961, 1.0, 0.9717566967010498], "k_pid_att": [99.93173217773438, 0.0001345703494735062, 0.826295793056488], "k_pid_yaw": [0.5, 1e-06, 0.1], "k_pid_hsp": [9.802069664001465, 0.9355247020721436, 0.03235071897506714], "k_pid_vsp": [399.9998474121094, 398.0762939453125, 11.43761920928955]}, "datetime": {"datetime": "2025-08-13 22:03:02", "elapsed": 44110.9310028553, "delta": 29.112467765808105}, "costs": {"total_cost": 1009.4373832371075, "time_cost": 150, "final_distance_cost": 51.13012508037075, "oscillation_cost": 240.70350115476901, "completition_cost": 444.4444444444444, "overshoot_cost": 60.06634154502401, "power_cost": 31.444878173828126, "noise_cost": 31.64809283867129, "n_waypoints_completed": 5, "tot_waypoints": 9}}
{"target": -1213.3269472688341, "params": {"k_pid_pos": [0.028884921222925186, 0.04179865121841431, 0.04335162043571472], "k_pid_alt": [0.00020426511764526367, 1.0, 0.9666438102722168], "k_pid_att": [100.0, 9.999999747378752e-05, 0.962049663066864], "k_pid_yaw": [0.5, 1e-06, 0.1], "k_pid_hsp": [9.774788856506348, 0.961870014667511, 0.019260883331298828], "k_pid_vsp": [400.0, 396.29937744140625, 19.013097763061523]}, "datetime": {"datetime": "2025-08-13 22:03:33", "elapsed": 44141.718913793564, "delta": 30.78791093826294}, "costs": {"total_cost": 1213.3269472688341, "time_cost": 150, "final_distance_cost": 87.42729648184937, "oscillation_cost": 65.0454169502597, "completition_cost": 777.7777777777778, "overshoot_cost": 82.40044567717786, "power_cost": 23.51930554199219, "noise_cost": 27.156704839777195, "n_waypoints_completed": 2, "tot_waypoints": 9}}
{"target": -1248.4016374617538, "params": {"k_pid_pos": [0.04683605208992958, 0.005045771598815918, 0.03702205419540405], "k_pid_alt": [0.03266423940658569, 1.0, 0.9441338777542114], "k_pid_att": [99.9089126586914, 9.999999747378752e-05, 0.9978818893432617], "k_pid_yaw": [0.5, 1e-06, 0.1], "k_pid_hsp": [9.954923629760742, 0.9845157861709595, 0.048518747091293335], "k_pid_vsp": [0.008368492126464844, 385.2169189453125, 7.692266464233398]}, "datetime": {"datetime": "2025-08-13 22:04:04", "elapsed": 44172.57129788399, "delta": 30.852384090423584}, "costs": {"total_cost": 1248.4016374617538, "time_cost": 150, "final_distance_cost": 70.31536950861573, "oscillation_cost": 73.43844319206045, "completition_cost": 777.7777777777778, "overshoot_cost": 87.41184716936301, "power_cost": 43.02646032714844, "noise_cost": 46.431739486788295, "n_waypoints_completed": 2, "tot_waypoints": 9}}
{"target": -345.30064694554676, "params": {"k_pid_pos": [0.39681610465049744, 0.021436095237731934, 0.09392327070236206], "k_pid_alt": [0.0, 1.0, 0.9064317941665649], "k_pid_att": [100.0, 8.868485450744629, 0.9911856651306152], "k_pid_yaw": [0.5, 1e-06, 0.1], "k_pid_hsp": [9.016866683959961, 0.9455236792564392, 0.013810008764266968], "k_pid_vsp": [400.0, 394.68310546875, 3.3447036743164062]}, "datetime": {"datetime": "2025-08-13 22:04:32", "elapsed": 44201.09252476692, "delta": 28.52122688293457}, "costs": {"total_cost": 345.30064694554676, "time_cost": 114.324, "final_distance_cost": 1.8303234945437048, "oscillation_cost": 102.61534898291049, "completition_cost": 0.0, "overshoot_cost": 65.90537037730849, "power_cost": 28.483743127441407, "noise_cost": 32.141860963342644, "n_waypoints_completed": 9, "tot_waypoints": 9}}
{"target": -1088.6549187341607, "params": {"k_pid_pos": [0.09775684773921967, 0.017763525247573853, 0.02185159921646118], "k_pid_alt": [6.67572021484375e-06, 1.0, 0.9876925945281982], "k_pid_att": [100.0, 9.999999747378752e-05, 0.8991531133651733], "k_pid_yaw": [0.5, 1e-06, 0.1], "k_pid_hsp": [9.829806327819824, 0.9640272259712219, 0.04504963755607605], "k_pid_vsp": [394.6525573730469, 394.13690185546875, 5.7217607498168945]}, "datetime": {"datetime": "2025-08-13 22:05:02", "elapsed": 44230.906678915024, "delta": 29.814154148101807}, "costs": {"total_cost": 1088.6549187341607, "time_cost": 150, "final_distance_cost": 52.312773368546296, "oscillation_cost": 87.74513243679138, "completition_cost": 666.6666666666667, "overshoot_cost": 69.05802409378553, "power_cost": 29.857410644531253, "noise_cost": 33.01491152383965, "n_waypoints_completed": 3, "tot_waypoints": 9}}
{"target": -1143.8404768438343, "params": {"k_pid_pos": [0.04568353295326233, 0.014923453330993652, 0.012686192989349365], "k_pid_alt": [0.7808118462562561, 1.0, 0.9024909734725952], "k_pid_att": [99.99998474121094, 9.999999747378752e-05, 0.9445511698722839], "k_pid_yaw": [0.5, 1e-06, 0.1], "k_pid_hsp": [9.611751556396484, 0.9775818586349487, 0.0010275840759277344], "k_pid_vsp": [400.0, 356.3007507324219, 4.605508804321289]}, "datetime": {"datetime": "2025-08-13 22:05:34", "elapsed": 44263.02022433281, "delta": 32.113545417785645}, "costs": {"total_cost": 1143.8404768438343, "time_cost": 150, "final_distance_cost": 83.60004012997658, "oscillation_cost": 16.275998066228723, "completition_cost": 777.7777777777778, "overshoot_cost": 64.63028456349188, "power_cost": 20.28263835449219, "noise_cost": 31.27373795186706, "n_waypoints_completed": 2, "tot_waypoints": 9}}
