{"target": -1291.8611918588679, "params": {"k_pid_pos": [0.02320285700261593, 0.006263762712478638, 0.02267959713935852], "k_pid_alt": [0.04046875238418579, 1.0, 0.984246015548706], "k_pid_att": [100.0, 9.999999747378752e-05, 0.98176509141922], "k_pid_yaw": [0.5, 1e-06, 0.1], "k_pid_hsp": [8.789484977722168, 0.9897828102111816, 0.028675228357315063], "k_pid_vsp": [400.0, 386.5028076171875, 27.0098934173584]}, "datetime": {"datetime": "2025-08-14 00:25:32", "elapsed": 52660.32551217079, "delta": 30.982430458068848}, "costs": {"total_cost": 1291.8611918588679, "time_cost": 150, "final_distance_cost": 57.48204236054838, "oscillation_cost": 70.43931693327507, "completition_cost": 888.8888888888888, "overshoot_cost": 75.20747542236424, "power_cost": 23.586553222656253, "noise_cost": 26.256915031135136, "n_waypoints_completed": 1, "tot_waypoints": 9}}
{"target": -958.3261611213061, "params": {"k_pid_pos": [0.11327104270458221, 0.046135514974594116, 0.0020952224731445312], "k_pid_alt": [8.344650268554688e-07, 1.0, 0.9558893442153931], "k_pid_att": [100.0, 0.00010536436457186937, 0.9379776120185852], "k_pid_yaw": [0.5, 1e-06, 0.1], "k_pid_hsp": [9.973318099975586, 0.9975258111953735, 0.016746819019317627], "k_pid_vsp": [400.0, 388.255126953125, 5.183673858642578]}, "datetime": {"datetime": "2025-08-14 00:26:03", "elapsed": 52691.522988796234, "delta": 31.197476625442505}, "costs": {"total_cost": 958.3261611213061, "time_cost": 150, "final_distance_cost": 48.58504095265506, "oscillation_cost": 76.47826182563446, "completition_cost": 555.5555555555555, "overshoot_cost": 69.90300753594255, "power_cost": 25.43618836669922, "noise_cost": 32.36810688481921, "n_waypoints_completed": 4, "tot_waypoints": 9}}
{"target": -1300.7070917669305, "params": {"k_pid_pos": [0.04068140313029289, 0.00434914231300354, 0.008528172969818115], "k_pid_alt": [0.0, 1.0, 0.9807863831520081], "k_pid_att": [100.0, 9.999999747378752e-05, 0.8959025740623474], "k_pid_yaw": [0.5, 1e-06, 0.1], "k_pid_hsp": [9.958242416381836, 0.9892377853393555, 0.03680768609046936], "k_pid_vsp": [399.9654846191406, 392.9577941894531, 9.48430347442627]}, "datetime": {"datetime": "2025-08-14 00:26:33", "elapsed": 52721.99169945717, "delta": 30.46871066093445}, "costs": {"total_cost": 1300.7070917669305, "time_cost": 150, "final_distance_cost": 76.04973150352816, "oscillation_cost": 61.14031576772868, "completition_cost": 888.8888888888888, "overshoot_cost": 61.89624978435768, "power_cost": 31.847631762695315, "noise_cost": 30.88427405973195, "n_waypoints_completed": 1, "tot_waypoints": 9}}
{"target": -1054.867282553727, "params": {"k_pid_pos": [0.12721633911132812, 0.041088879108428955, 0.012758970260620117], "k_pid_alt": [0.0, 1.0, 0.9977765083312988], "k_pid_att": [100.0, 9.999999747378752e-05, 0.9910149574279785], "k_pid_yaw": [0.5, 1e-06, 0.1], "k_pid_hsp": [9.916077613830566, 0.9850962162017822, 0.016391873359680176], "k_pid_vsp": [400.0, 397.42578125, 1.9132027626037598]}, "datetime": {"datetime": "2025-08-14 00:27:04", "elapsed": 52752.62778568268, "delta": 30.636086225509644}, "costs": {"total_cost": 1054.867282553727, "time_cost": 150, "final_distance_cost": 46.65817524828586, "oscillation_cost": 169.71052853638457, "completition_cost": 555.5555555555555, "overshoot_cost": 68.76683281700615, "power_cost": 30.935505029296877, "noise_cost": 33.240685367197806, "n_waypoints_completed": 4, "tot_waypoints": 9}}
{"target": -1222.7696679644519, "params": {"k_pid_pos": [0.0357929952442646, 0.03944942355155945, 0.011846333742141724], "k_pid_alt": [0.0, 0.9961625337600708, 0.9404299259185791], "k_pid_att": [100.0, 9.999999747378752e-05, 0.9813719987869263], "k_pid_yaw": [0.5, 1e-06, 0.1], "k_pid_hsp": [9.82307243347168, 0.9954091310501099, 0.04028564691543579], "k_pid_vsp": [400.0, 397.2815246582031, 1.6686806678771973]}, "datetime": {"datetime": "2025-08-14 00:27:34", "elapsed": 52783.088044166565, "delta": 30.46025848388672}, "costs": {"total_cost": 1222.7696679644519, "time_cost": 150, "final_distance_cost": 91.9057814109486, "oscillation_cost": 67.71659105823154, "completition_cost": 777.7777777777778, "overshoot_cost": 76.0867920717477, "power_cost": 28.40273356933594, "noise_cost": 30.879992076410463, "n_waypoints_completed": 2, "tot_waypoints": 9}}
{"target": -1658.9706292863802, "params": {"k_pid_pos": [0.3004089295864105, 0.04779231548309326, 0.08875241875648499], "k_pid_alt": [0.0, 0.9999991059303284, 0.9880621433258057], "k_pid_att": [100.0, 9.999999747378752e-05, 0.9743684530258179], "k_pid_yaw": [0.5, 1e-06, 0.1], "k_pid_hsp": [8.940415382385254, 0.9961521029472351, 0.02154439687728882], "k_pid_vsp": [400.0, 392.21282958984375, 5.216337203979492]}, "datetime": {"datetime": "2025-08-14 00:28:05", "elapsed": 52813.179404973984, "delta": 30.091360807418823}, "costs": {"total_cost": 1658.9706292863802, "time_cost": 150, "final_distance_cost": 256.02383723665275, "oscillation_cost": 449.0006253109672, "completition_cost": 555.5555555555555, "overshoot_cost": 197.4364766642644, "power_cost": 23.43923388671875, "noise_cost": 27.514900632221746, "n_waypoints_completed": 4, "tot_waypoints": 9}}
{"target": -1191.9242369364065, "params": {"k_pid_pos": [0.024138662964105606, 0.05708843469619751, 0.017991244792938232], "k_pid_alt": [0.0, 1.0, 0.9866911172866821], "k_pid_att": [100.0, 9.999999747378752e-05, 0.9345418214797974], "k_pid_yaw": [0.5, 1e-06, 0.1], "k_pid_hsp": [9.930352210998535, 0.9794489741325378, 0.0031079351902008057], "k_pid_vsp": [400.0, 355.697021484375, 17.413713455200195]}, "datetime": {"datetime": "2025-08-14 00:28:34", "elapsed": 52842.457656145096, "delta": 29.27825117111206}, "costs": {"total_cost": 1191.9242369364065, "time_cost": 150, "final_distance_cost": 93.0443391424382, "oscillation_cost": 38.16345942325558, "completition_cost": 777.7777777777778, "overshoot_cost": 85.29647254878634, "power_cost": 21.456454272460938, "noise_cost": 26.185733771687616, "n_waypoints_completed": 2, "tot_waypoints": 9}}
{"target": -521.9790128610543, "params": {"k_pid_pos": [0.34247660636901855, 0.03866374492645264, 0.18390130996704102], "k_pid_alt": [0.0, 1.0, 0.9059115648269653], "k_pid_att": [100.0, 0.002587574999779463, 0.9523447751998901], "k_pid_yaw": [0.5, 1e-06, 0.1], "k_pid_hsp": [9.906914710998535, 0.9823969602584839, 0.04358932375907898], "k_pid_vsp": [399.99993896484375, 290.195068359375, 14.538551330566406]}, "datetime": {"datetime": "2025-08-14 00:29:04", "elapsed": 52872.97188329697, "delta": 30.514227151870728}, "costs": {"total_cost": 521.9790128610543, "time_cost": 116.165, "final_distance_cost": 1.8177670911318327, "oscillation_cost": 280.5022769166196, "completition_cost": 0.0, "overshoot_cost": 68.30647710431921, "power_cost": 27.33063083496094, "noise_cost": 27.85686091402281, "n_waypoints_completed": 9, "tot_waypoints": 9}}
{"target": -1174.9650015979405, "params": {"k_pid_pos": [0.049698956310749054, 0.00492522120475769, 0.05581653118133545], "k_pid_alt": [0.0, 1.0, 0.9456803202629089], "k_pid_att": [38.68720245361328, 0.00010149009904125705, 0.9805736541748047], "k_pid_yaw": [0.5, 1e-06, 0.1], "k_pid_hsp": [9.892679214477539, 0.8445626497268677, 0.016752779483795166], "k_pid_vsp": [400.0, 391.7250061035156, 8.936369895935059]}, "datetime": {"datetime": "2025-08-14 00:29:36", "elapsed": 52904.152029037476, "delta": 31.180145740509033}, "costs": {"total_cost": 1174.9650015979405, "time_cost": 150, "final_distance_cost": 81.52781379545873, "oscillation_cost": 29.769939061478095, "completition_cost": 777.7777777777778, "overshoot_cost": 72.98763456530645, "power_cost": 32.681990734863284, "noise_cost": 30.219845663056084, "n_waypoints_completed": 2, "tot_waypoints": 9}}
{"target": -1064.8508615914361, "params": {"k_pid_pos": [0.06353572010993958, 0.049753278493881226, 0.012127608060836792], "k_pid_alt": [0.0, 1.0, 0.7672083377838135], "k_pid_att": [100.0, 9.999999747378752e-05, 0.9812749624252319], "k_pid_yaw": [0.5, 1e-06, 0.1], "k_pid_hsp": [9.894536972045898, 0.9848966598510742, 0.013301968574523926], "k_pid_vsp": [400.0, 383.3782653808594, 50.394203186035156]}, "datetime": {"datetime": "2025-08-14 00:30:06", "elapsed": 52934.53338241577, "delta": 30.3813533782959}, "costs": {"total_cost": 1064.8508615914361, "time_cost": 150, "final_distance_cost": 52.31782942816962, "oscillation_cost": 54.986730139767026, "completition_cost": 666.6666666666667, "overshoot_cost": 76.77263117083469, "power_cost": 32.66940891113281, "noise_cost": 31.43759527486525, "n_waypoints_completed": 3, "tot_waypoints": 9}}
{"target": -1235.4564718663864, "params": {"k_pid_pos": [0.04206434264779091, 0.00861695408821106, 0.028456032276153564], "k_pid_alt": [0.0, 1.0, 0.9921455383300781], "k_pid_att": [100.0, 9.999999747378752e-05, 0.912778377532959], "k_pid_yaw": [0.5, 1e-06, 0.1], "k_pid_hsp": [9.834550857543945, 0.9836074113845825, 0.026613593101501465], "k_pid_vsp": [400.0, 397.6090393066406, 5.646098613739014]}, "datetime": {"datetime": "2025-08-14 00:30:34", "elapsed": 52963.01862740517, "delta": 28.48524498939514}, "costs": {"total_cost": 1235.4564718663864, "time_cost": 150, "final_distance_cost": 84.77736294042408, "oscillation_cost": 99.81621481401682, "completition_cost": 777.7777777777778, "overshoot_cost": 70.26372010749031, "power_cost": 23.8494837890625, "noise_cost": 28.97191243761474, "n_waypoints_completed": 2, "tot_waypoints": 9}}
{"target": -1192.898701516633, "params": {"k_pid_pos": [0.040737904608249664, 0.042875081300735474, 0.06637778878211975], "k_pid_alt": [0.0, 1.0, 0.9727092385292053], "k_pid_att": [100.0, 9.999999747378752e-05, 0.9462477564811707], "k_pid_yaw": [0.5, 1e-06, 0.1], "k_pid_hsp": [9.811737060546875, 0.9844393134117126, 0.009358793497085571], "k_pid_vsp": [400.0, 397.8204345703125, 8.38724422454834]}, "datetime": {"datetime": "2025-08-14 00:31:05", "elapsed": 52993.69280743599, "delta": 30.674180030822754}, "costs": {"total_cost": 1192.898701516633, "time_cost": 150, "final_distance_cost": 81.24400402289709, "oscillation_cost": 52.00673611185363, "completition_cost": 777.7777777777778, "overshoot_cost": 75.53480536523887, "power_cost": 27.53072606201172, "noise_cost": 28.804652176854116, "n_waypoints_completed": 2, "tot_waypoints": 9}}
{"target": -847.7521084643079, "params": {"k_pid_pos": [0.1492462456226349, 0.07891437411308289, 0.015013903379440308], "k_pid_alt": [0.0, 1.0, 0.9804068803787231], "k_pid_att": [100.0, 9.999999747378752e-05, 0.9702072143554688], "k_pid_yaw": [0.5, 1e-06, 0.1], "k_pid_hsp": [9.571548461914062, 0.9902646541595459, 0.017752259969711304], "k_pid_vsp": [400.0, 397.2527160644531, 17.908288955688477]}, "datetime": {"datetime": "2025-08-14 00:31:37", "elapsed": 53025.69715380669, "delta": 32.00434637069702}, "costs": {"total_cost": 847.7521084643079, "time_cost": 150, "final_distance_cost": 50.71751722098252, "oscillation_cost": 80.71486221061218, "completition_cost": 444.4444444444444, "overshoot_cost": 62.72068284504877, "power_cost": 29.120509716796878, "noise_cost": 30.034092026423025, "n_waypoints_completed": 5, "tot_waypoints": 9}}
{"target": -1270.1729651703338, "params": {"k_pid_pos": [0.007845057174563408, 0.007384747266769409, 0.017376810312271118], "k_pid_alt": [0.0, 1.0, 0.9873974323272705], "k_pid_att": [100.0, 9.999999747378752e-05, 0.9816190004348755], "k_pid_yaw": [0.5, 1e-06, 0.1], "k_pid_hsp": [9.93696117401123, 0.9609420895576477, 0.01141810417175293], "k_pid_vsp": [400.0, 393.3338317871094, 8.099020957946777]}, "datetime": {"datetime": "2025-08-14 00:32:09", "elapsed": 53057.73935985565, "delta": 32.042206048965454}, "costs": {"total_cost": 1270.1729651703338, "time_cost": 150, "final_distance_cost": 49.844054247187486, "oscillation_cost": 33.6172595667907, "completition_cost": 888.8888888888888, "overshoot_cost": 89.32325613288809, "power_cost": 29.229954626464846, "noise_cost": 29.26955170811409, "n_waypoints_completed": 1, "tot_waypoints": 9}}
{"target": -1132.5843928923573, "params": {"k_pid_pos": [0.050717368721961975, 0.0014746487140655518, 0.00607985258102417], "k_pid_alt": [0.0, 1.0, 0.9819798469543457], "k_pid_att": [100.0, 9.999999747378752e-05, 0.9944306015968323], "k_pid_yaw": [0.5, 1e-06, 0.1], "k_pid_hsp": [8.55593204498291, 0.9721243977546692, 0.006252765655517578], "k_pid_vsp": [400.0, 396.66583251953125, 30.761959075927734]}, "datetime": {"datetime": "2025-08-14 00:32:37", "elapsed": 53085.74683737755, "delta": 28.007477521896362}, "costs": {"total_cost": 1132.5843928923573, "time_cost": 150, "final_distance_cost": 64.8934943954944, "oscillation_cost": 25.881431126934846, "completition_cost": 777.7777777777778, "overshoot_cost": 56.54454237624985, "power_cost": 29.945930310058596, "noise_cost": 27.541216905841893, "n_waypoints_completed": 2, "tot_waypoints": 9}}
{"target": -1200.5076327287618, "params": {"k_pid_pos": [0.03270222991704941, 0.14181047677993774, 0.016753286123275757], "k_pid_alt": [0.00041496753692626953, 0.9999998211860657, 0.9617379903793335], "k_pid_att": [100.0, 9.999999747378752e-05, 0.9921524524688721], "k_pid_yaw": [0.5, 1e-06, 0.1], "k_pid_hsp": [9.894721031188965, 0.9993410706520081, 0.006840497255325317], "k_pid_vsp": [400.0, 389.9148254394531, 5.792273044586182]}, "datetime": {"datetime": "2025-08-14 00:33:07", "elapsed": 53115.64006257057, "delta": 29.89322519302368}, "costs": {"total_cost": 1200.5076327287618, "time_cost": 150, "final_distance_cost": 96.95529396954956, "oscillation_cost": 53.93180833607281, "completition_cost": 777.7777777777778, "overshoot_cost": 63.856172376928484, "power_cost": 26.26643250732422, "noise_cost": 31.72014776110885, "n_waypoints_completed": 2, "tot_waypoints": 9}}
{"target": -1275.513349209652, "params": {"k_pid_pos": [0.00761451805010438, 0.09035098552703857, 0.006295531988143921], "k_pid_alt": [0.0, 0.9999998807907104, 0.9478095173835754], "k_pid_att": [100.0, 9.999999747378752e-05, 0.9468573331832886], "k_pid_yaw": [0.5, 1e-06, 0.1], "k_pid_hsp": [9.476573944091797, 0.8383206129074097, 0.006833016872406006], "k_pid_vsp": [400.0, 398.8880615234375, 1.7450222969055176]}, "datetime": {"datetime": "2025-08-14 00:33:39", "elapsed": 53147.37613749504, "delta": 31.736074924468994}, "costs": {"total_cost": 1275.513349209652, "time_cost": 150, "final_distance_cost": 65.71206183926658, "oscillation_cost": 45.06378453431929, "completition_cost": 888.8888888888888, "overshoot_cost": 68.70534221602378, "power_cost": 25.51083356933594, "noise_cost": 31.63243816181759, "n_waypoints_completed": 1, "tot_waypoints": 9}}
{"target": -1207.5966009481738, "params": {"k_pid_pos": [0.04026717320084572, 0.031407713890075684, 0.020860731601715088], "k_pid_alt": [0.0, 1.0, 0.9301571249961853], "k_pid_att": [100.0, 9.999999747378752e-05, 0.9741291999816895], "k_pid_yaw": [0.5, 1e-06, 0.1], "k_pid_hsp": [9.938916206359863, 0.9906133413314819, 0.015050888061523438], "k_pid_vsp": [400.0, 396.7076416015625, 7.04785680770874]}, "datetime": {"datetime": "2025-08-14 00:34:11", "elapsed": 53179.19510912895, "delta": 31.818971633911133}, "costs": {"total_cost": 1207.5966009481738, "time_cost": 150, "final_distance_cost": 89.92548418809824, "oscillation_cost": 44.50896974496885, "completition_cost": 777.7777777777778, "overshoot_cost": 76.64678025076768, "power_cost": 36.41766789550781, "noise_cost": 32.319921091053466, "n_waypoints_completed": 2, "tot_waypoints": 9}}
{"target": -331.39522557213246, "params": {"k_pid_pos": [0.30831676721572876, 0.04408043622970581, 0.032412707805633545], "k_pid_alt": [0.0, 1.0, 0.9906774759292603], "k_pid_att": [99.9913558959961, 9.999999747378752e-05, 0.9948334693908691], "k_pid_yaw": [0.5, 1e-06, 0.1], "k_pid_hsp": [9.923036575317383, 0.896182119846344, 0.01138162612915039], "k_pid_vsp": [399.9981994628906, 396.51361083984375, 3.083468437194824]}, "datetime": {"datetime": "2025-08-14 00:34:37", "elapsed": 53205.89570236206, "delta": 26.70059323310852}, "costs": {"total_cost": 331.39522557213246, "time_cost": 108.157, "final_distance_cost": 1.830515482615589, "oscillation_cost": 97.59450175346271, "completition_cost": 0.0, "overshoot_cost": 67.28869825753577, "power_cost": 26.087619348144532, "noise_cost": 30.436890730373868, "n_waypoints_completed": 9, "tot_waypoints": 9}}
{"target": -1068.665566862068, "params": {"k_pid_pos": [0.07238096743822098, 0.03489595651626587, 0.06846779584884644], "k_pid_alt": [0.0, 1.0, 0.9683646559715271], "k_pid_att": [100.0, 9.999999747378752e-05, 0.9374995231628418], "k_pid_yaw": [0.5, 1e-06, 0.1], "k_pid_hsp": [9.647027969360352, 0.9931750297546387, 0.010294616222381592], "k_pid_vsp": [400.0, 398.83721923828125, 14.114226341247559]}, "datetime": {"datetime": "2025-08-14 00:35:08", "elapsed": 53236.40903520584, "delta": 30.513332843780518}, "costs": {"total_cost": 1068.665566862068, "time_cost": 150, "final_distance_cost": 54.4546867441023, "oscillation_cost": 72.29475696317137, "completition_cost": 666.6666666666667, "overshoot_cost": 78.14739085621692, "power_cost": 18.382596008300784, "noise_cost": 28.719469623610024, "n_waypoints_completed": 3, "tot_waypoints": 9}}
{"target": -521.3296169850902, "params": {"k_pid_pos": [0.24653780460357666, 0.012117654085159302, 0.01787799596786499], "k_pid_alt": [0.0, 1.0, 0.9429843425750732], "k_pid_att": [100.0, 9.999999747378752e-05, 0.9626706838607788], "k_pid_yaw": [0.5, 1e-06, 0.1], "k_pid_hsp": [8.507340431213379, 0.9816693067550659, 0.006343066692352295], "k_pid_vsp": [400.0, 397.027587890625, 20.970705032348633]}, "datetime": {"datetime": "2025-08-14 00:35:38", "elapsed": 53266.43813729286, "delta": 30.029102087020874}, "costs": {"total_cost": 521.3296169850902, "time_cost": 150, "final_distance_cost": 62.47308909865597, "oscillation_cost": 75.2510851112101, "completition_cost": 111.11111111111116, "overshoot_cost": 66.17693046551352, "power_cost": 27.517446008300784, "noise_cost": 28.799955190298686, "n_waypoints_completed": 8, "tot_waypoints": 9}}
{"target": -1184.5305373293952, "params": {"k_pid_pos": [0.045124948024749756, 0.0360221266746521, 0.01867920160293579], "k_pid_alt": [1.1920928955078125e-06, 1.0, 0.9769186973571777], "k_pid_att": [100.0, 9.999999747378752e-05, 0.9783613681793213], "k_pid_yaw": [0.5, 1e-06, 0.1], "k_pid_hsp": [9.981636047363281, 0.997918963432312, 0.02533102035522461], "k_pid_vsp": [400.0, 397.265869140625, 5.856860637664795]}, "datetime": {"datetime": "2025-08-14 00:36:08", "elapsed": 53296.563720703125, "delta": 30.12558341026306}, "costs": {"total_cost": 1184.5305373293952, "time_cost": 150, "final_distance_cost": 83.81611595870231, "oscillation_cost": 43.350111664843254, "completition_cost": 777.7777777777778, "overshoot_cost": 71.78777211781052, "power_cost": 26.693964221191408, "noise_cost": 31.104795589069745, "n_waypoints_completed": 2, "tot_waypoints": 9}}
{"target": -1637.15839786652, "params": {"k_pid_pos": [0.09724749624729156, 0.038405805826187134, 0.04372414946556091], "k_pid_alt": [0.0, 1.0, 0.9843255281448364], "k_pid_att": [99.99864959716797, 9.999999747378752e-05, 0.9063927531242371], "k_pid_yaw": [0.5, 1e-06, 0.1], "k_pid_hsp": [9.929299354553223, 0.946843147277832, 0.13115033507347107], "k_pid_vsp": [400.0, 394.29083251953125, 9.640384674072266]}, "datetime": {"datetime": "2025-08-14 00:36:37", "elapsed": 53325.28274536133, "delta": 28.719024658203125}, "costs": {"total_cost": 1637.15839786652, "time_cost": 150, "final_distance_cost": 53.376614089468134, "oscillation_cost": 732.2955197957518, "completition_cost": 555.5555555555555, "overshoot_cost": 76.37562429633572, "power_cost": 38.48437548828125, "noise_cost": 31.070708641127563, "n_waypoints_completed": 4, "tot_waypoints": 9}}
{"target": -1066.6653244305446, "params": {"k_pid_pos": [0.09249319136142731, 0.01068606972694397, 0.00725141167640686], "k_pid_alt": [1.9999979734420776, 1.0, 0.9767783284187317], "k_pid_att": [100.0, 9.999999747378752e-05, 0.9987921714782715], "k_pid_yaw": [0.5, 1e-06, 0.1], "k_pid_hsp": [9.902314186096191, 0.9926196932792664, 0.05797988176345825], "k_pid_vsp": [400.0, 393.2291259765625, 6.554962158203125]}, "datetime": {"datetime": "2025-08-14 00:37:08", "elapsed": 53356.476610422134, "delta": 31.193865060806274}, "costs": {"total_cost": 1066.6653244305446, "time_cost": 150, "final_distance_cost": 53.33234231652508, "oscillation_cost": 79.99316498366736, "completition_cost": 666.6666666666667, "overshoot_cost": 58.929398981647886, "power_cost": 27.598763500976563, "noise_cost": 30.144987981061067, "n_waypoints_completed": 3, "tot_waypoints": 9}}
{"target": -1898.686829640306, "params": {"k_pid_pos": [0.18462616205215454, 0.04206228256225586, 0.250319242477417], "k_pid_alt": [0.0, 0.02251410484313965, 0.9772867560386658], "k_pid_att": [100.0, 9.999999747378752e-05, 0.8591700792312622], "k_pid_yaw": [0.5, 1e-06, 0.1], "k_pid_hsp": [9.766824722290039, 0.9597939252853394, 0.045341432094573975], "k_pid_vsp": [400.0, 399.2095947265625, 5.107761383056641]}, "datetime": {"datetime": "2025-08-14 00:37:45", "elapsed": 53393.79746508598, "delta": 37.32085466384888}, "costs": {"total_cost": 1898.686829640306, "time_cost": 150, "final_distance_cost": 67.57985182781368, "oscillation_cost": 647.0791702617685, "completition_cost": 888.8888888888888, "overshoot_cost": 72.90532387120355, "power_cost": 39.1667642578125, "noise_cost": 33.06683053281908, "n_waypoints_completed": 1, "tot_waypoints": 9}}
