{"target": -6193.450284977029, "params": {"k_pid_pos": [7872.974304568727, 6753.2353732317915, 6140.385393935244], "k_pid_alt": [6010.931057551045, 5076.281421607531, 3777.98513825484], "k_pid_att": [7008.337317872642, 8371.885273517244, 8014.159608358803], "k_pid_yaw": [0.5, 1e-06, 0.1], "k_pid_hsp": [499.06697856682894, 8159.5221140616595, 7126.827583053031], "k_pid_vsp": [9846.770918471002, 8777.398423188128, 9654.544171418498]}, "datetime": {"datetime": "2025-08-09 14:06:57", "elapsed": 76648.78332042694, "delta": 36.17285466194153}, "costs": {"total_cost": 6193.450284977029, "time_cost": 150, "final_distance_cost": 1389.931247869869, "oscillation_cost": 1084.858134507039, "completition_cost": 1000.0, "overshoot_cost": 2409.028826666755, "power_cost": 52.545880981445315, "noise_cost": 107.08619495192066, "n_waypoints_completed": 0, "tot_waypoints": 9}}
{"target": -2087.7682388942153, "params": {"k_pid_pos": [10000.0, 1442.9428400092656, 0.0], "k_pid_alt": [10000.0, 3777.7857603560315, 10000.0], "k_pid_att": [3920.2762645710336, 1095.5935519196928, 0.0], "k_pid_yaw": [0.5, 1e-06, 0.1], "k_pid_hsp": [0.0, 3277.9233716625945, 4850.171315667566], "k_pid_vsp": [4948.683452168529, 4987.527585973735, 9400.802433249974]}, "datetime": {"datetime": "2025-08-09 14:07:58", "elapsed": 76710.26725316048, "delta": 61.48393273353577}, "costs": {"total_cost": 2087.7682388942153, "time_cost": 150, "final_distance_cost": 66.34344548451527, "oscillation_cost": 830.0126260768201, "completition_cost": 888.8888888888888, "overshoot_cost": 87.98162489365289, "power_cost": 36.50137277832032, "noise_cost": 28.040280772017734, "n_waypoints_completed": 1, "tot_waypoints": 9}}
{"target": -6164.283133951191, "params": {"k_pid_pos": [8555.309627186734, 7171.783010670918, 2796.1011549954274], "k_pid_alt": [2054.2123958166612, 3506.006798065603, 2043.0323700685326], "k_pid_att": [2815.656858175104, 5682.728691022865, 7161.4091635056775], "k_pid_yaw": [0.5, 1e-06, 0.1], "k_pid_hsp": [3582.777085868665, 1085.51680308527, 4953.9920630964], "k_pid_vsp": [1076.2341537162667, 1258.748104362486, 7143.033066991488]}, "datetime": {"datetime": "2025-08-09 14:08:34", "elapsed": 76746.46036148071, "delta": 36.193108320236206}, "costs": {"total_cost": 6164.283133951191, "time_cost": 150, "final_distance_cost": 1109.9033003892368, "oscillation_cost": 764.2811616857648, "completition_cost": 1000.0, "overshoot_cost": 2979.520699759144, "power_cost": 53.347349267578124, "noise_cost": 107.23062284946715, "n_waypoints_completed": 0, "tot_waypoints": 9}}
{"target": -4025.11864373371, "params": {"k_pid_pos": [3347.838211370342, 8009.113691972619, 2039.5334591221783], "k_pid_alt": [6941.180409584613, 4153.920048310927, 9476.129621574559], "k_pid_att": [8207.185544101443, 5553.754944657998, 2695.0862124911123], "k_pid_yaw": [0.5, 1e-06, 0.1], "k_pid_hsp": [0.0, 7303.342586926772, 5290.076026103224], "k_pid_vsp": [4208.093722468588, 3254.965023212778, 4927.839263390724]}, "datetime": {"datetime": "2025-08-09 14:09:42", "elapsed": 76813.86305356026, "delta": 67.40269207954407}, "costs": {"total_cost": 4025.11864373371, "time_cost": 150, "final_distance_cost": 767.7047167249592, "oscillation_cost": 63.527986593294806, "completition_cost": 1000.0, "overshoot_cost": 1980.989978845266, "power_cost": 35.164930139160155, "noise_cost": 27.73103143102938, "n_waypoints_completed": 0, "tot_waypoints": 9}}
{"target": -1578.1308170055565, "params": {"k_pid_pos": [2839.1722299113553, 1794.5758014501262, 10000.0], "k_pid_alt": [0.0, 4930.31324534042, 2767.8757290496787], "k_pid_att": [9200.942358771943, 6284.479601872733, 0.0], "k_pid_yaw": [0.5, 1e-06, 0.1], "k_pid_hsp": [0.0, 2170.111376059063, 0.0], "k_pid_vsp": [2318.2094792033427, 0.0, 324.8603981857575]}, "datetime": {"datetime": "2025-08-09 14:10:39", "elapsed": 76871.31390118599, "delta": 57.45084762573242}, "costs": {"total_cost": 1578.1308170055565, "time_cost": 150, "final_distance_cost": 37.25299226632934, "oscillation_cost": 268.31414417818286, "completition_cost": 1000.0, "overshoot_cost": 48.0614546717859, "power_cost": 45.05852958984375, "noise_cost": 29.443696299414654, "n_waypoints_completed": 0, "tot_waypoints": 9}}
{"target": -8787.808621689781, "params": {"k_pid_pos": [3547.3301362132647, 6770.247651925632, 7717.642394395099], "k_pid_alt": [7302.659182943187, 621.2659291764263, 7856.315025207808], "k_pid_att": [2538.4234112499666, 0.0, 10000.0], "k_pid_yaw": [0.5, 1e-06, 0.1], "k_pid_hsp": [6546.667810765913, 8499.160509360645, 5901.9063347268975], "k_pid_vsp": [3315.1170000374427, 2156.9771029285157, 5910.498591656085]}, "datetime": {"datetime": "2025-08-09 14:11:45", "elapsed": 76937.06313180923, "delta": 65.74923062324524}, "costs": {"total_cost": 8787.808621689781, "time_cost": 150, "final_distance_cost": 2344.514263701383, "oscillation_cost": 23.284170913305623, "completition_cost": 1000.0, "overshoot_cost": 5206.890787397657, "power_cost": 35.32499494628907, "noise_cost": 27.79440473114749, "n_waypoints_completed": 0, "tot_waypoints": 9}}
{"target": -4379.972813681643, "params": {"k_pid_pos": [6630.834630414485, 3696.721216739275, 3753.5091161200075], "k_pid_alt": [4049.4889534803438, 5424.988586648057, 1238.5236879662275], "k_pid_att": [1881.3097195895568, 82.73188515166119, 4604.982154747801], "k_pid_yaw": [0.5, 1e-06, 0.1], "k_pid_hsp": [6004.326447850752, 7837.080367619844, 5742.742064490739], "k_pid_vsp": [8311.011232538362, 5958.528018251528, 6362.681500129801]}, "datetime": {"datetime": "2025-08-09 14:12:23", "elapsed": 76974.85727214813, "delta": 37.794140338897705}, "costs": {"total_cost": 4379.972813681643, "time_cost": 150, "final_distance_cost": 508.37692912041007, "oscillation_cost": 796.5625047073703, "completition_cost": 1000.0, "overshoot_cost": 1742.6699930933357, "power_cost": 58.55283464355469, "noise_cost": 123.81055211697199, "n_waypoints_completed": 0, "tot_waypoints": 9}}
{"target": -3148.121821705078, "params": {"k_pid_pos": [2948.973200045013, 4395.452076531969, 6684.7825399905405], "k_pid_alt": [3977.7208588353465, 8041.563223944718, 5934.424144225116], "k_pid_att": [7270.98837725744, 6038.805806861678, 2708.014272223758], "k_pid_yaw": [0.5, 1e-06, 0.1], "k_pid_hsp": [7666.404366320544, 286.02696924163286, 9198.429215694881], "k_pid_vsp": [4297.917648276848, 3905.6442277476335, 4169.564352316256]}, "datetime": {"datetime": "2025-08-09 14:12:59", "elapsed": 77011.31542658806, "delta": 36.45815443992615}, "costs": {"total_cost": 3148.121821705078, "time_cost": 150, "final_distance_cost": 496.89719349359336, "oscillation_cost": 67.69425109331016, "completition_cost": 1000.0, "overshoot_cost": 1370.5408767230788, "power_cost": 35.23314650878906, "noise_cost": 27.75635388630697, "n_waypoints_completed": 0, "tot_waypoints": 9}}
{"target": -7128.817667493823, "params": {"k_pid_pos": [9309.082251708689, 5887.676556388187, 5192.538374913202], "k_pid_alt": [2740.918543489288, 9655.826953840799, 389.919650162539], "k_pid_att": [8238.352908247902, 7884.110662916091, 4840.731145272888], "k_pid_yaw": [0.5, 1e-06, 0.1], "k_pid_hsp": [6420.336708299323, 3890.5693629264106, 2840.359427039193], "k_pid_vsp": [5827.3974413489195, 1595.497167455011, 7461.380371466769]}, "datetime": {"datetime": "2025-08-09 14:13:35", "elapsed": 77047.26061487198, "delta": 35.94518828392029}, "costs": {"total_cost": 7128.817667493823, "time_cost": 150, "final_distance_cost": 1349.736380492797, "oscillation_cost": 407.05950183709274, "completition_cost": 1000.0, "overshoot_cost": 4096.2506839064645, "power_cost": 49.28659763183594, "noise_cost": 76.4845036256325, "n_waypoints_completed": 0, "tot_waypoints": 9}}
{"target": -1805.0561685041048, "params": {"k_pid_pos": [10000.0, 8699.836600882587, 3534.3759966716157], "k_pid_alt": [5855.053932470309, 0.0, 0.0], "k_pid_att": [6554.351420925459, 4119.5584838855675, 0.0], "k_pid_yaw": [0.5, 1e-06, 0.1], "k_pid_hsp": [3309.4260242858386, 2477.056711558426, 4363.531857622342], "k_pid_vsp": [5069.018405807739, 4774.189971913764, 3438.9360490447953]}, "datetime": {"datetime": "2025-08-09 14:14:39", "elapsed": 77111.42751431465, "delta": 64.16689944267273}, "costs": {"total_cost": 1805.0561685041048, "time_cost": 150, "final_distance_cost": 80.87475555458693, "oscillation_cost": 549.5978963513776, "completition_cost": 888.8888888888888, "overshoot_cost": 70.66699179212148, "power_cost": 36.98078044433594, "noise_cost": 28.046855472794004, "n_waypoints_completed": 1, "tot_waypoints": 9}}
{"target": -5641.39473364495, "params": {"k_pid_pos": [2637.584636432023, 2007.2539439380066, 459.37792991813444], "k_pid_alt": [6839.035556551486, 5326.532004493109, 3244.745875662416], "k_pid_att": [4483.155010987273, 2653.7417130234962, 4011.859408677687], "k_pid_yaw": [0.5, 1e-06, 0.1], "k_pid_hsp": [5208.81113977085, 999.6458780715167, 4768.848116659229], "k_pid_vsp": [5803.657971674467, 5558.227354444319, 9120.683988251138]}, "datetime": {"datetime": "2025-08-09 14:15:16", "elapsed": 77147.55769371986, "delta": 36.1301794052124}, "costs": {"total_cost": 5641.39473364495, "time_cost": 150, "final_distance_cost": 1327.952629688185, "oscillation_cost": 493.3777686869027, "completition_cost": 1000.0, "overshoot_cost": 2536.983436686768, "power_cost": 49.50279587402344, "noise_cost": 83.57810270907058, "n_waypoints_completed": 0, "tot_waypoints": 9}}
{"target": -2569.035847956864, "params": {"k_pid_pos": [7321.095603404117, 9028.629039374382, 4360.564686135151], "k_pid_alt": [7851.526385660618, 8495.91210218563, 932.2878439759829], "k_pid_att": [5894.281189167347, 8148.049391953114, 1372.9129191128332], "k_pid_yaw": [0.5, 1e-06, 0.1], "k_pid_hsp": [4906.460891360897, 4438.014676628648, 4322.417637380495], "k_pid_vsp": [3959.8379351711023, 2856.065370061943, 4821.765056846438]}, "datetime": {"datetime": "2025-08-09 14:15:51", "elapsed": 77183.50030899048, "delta": 35.942615270614624}, "costs": {"total_cost": 2569.035847956864, "time_cost": 150, "final_distance_cost": 428.1672377136188, "oscillation_cost": 94.66497643215766, "completition_cost": 1000.0, "overshoot_cost": 833.6047162402189, "power_cost": 34.92118862304687, "noise_cost": 27.677728947821684, "n_waypoints_completed": 0, "tot_waypoints": 9}}
{"target": -1048.035869225684, "params": {"k_pid_pos": [2208.644790944001, 8690.221478734575, 8507.45419768539], "k_pid_alt": [9680.968630044485, 2171.2520327005313, 9536.31777685587], "k_pid_att": [3831.5584504106914, 33.63824246057301, 120.70467439328935], "k_pid_yaw": [0.5, 1e-06, 0.1], "k_pid_hsp": [7572.79679328777, 9543.231691667697, 1838.9765716207207], "k_pid_vsp": [8079.69794145003, 6952.537200456001, 4865.971869718262]}, "datetime": {"datetime": "2025-08-09 14:16:31", "elapsed": 77223.39051651955, "delta": 39.89020752906799}, "costs": {"total_cost": 1048.035869225684, "time_cost": 150, "final_distance_cost": 41.00470838019718, "oscillation_cost": 145.74889120108767, "completition_cost": 555.5555555555555, "overshoot_cost": 87.73205163395689, "power_cost": 39.44387969970703, "noise_cost": 28.550782755179743, "n_waypoints_completed": 4, "tot_waypoints": 9}}
{"target": -1639.2121748342681, "params": {"k_pid_pos": [6493.326791514152, 10000.0, 7989.157268696278], "k_pid_alt": [9833.376017791023, 2676.3534195886173, 0.0], "k_pid_att": [10000.0, 10000.0, 0.0], "k_pid_yaw": [0.5, 1e-06, 0.1], "k_pid_hsp": [10000.0, 10000.0, 6907.964983098611], "k_pid_vsp": [10000.0, 3800.6519471263127, 5436.100800447914]}, "datetime": {"datetime": "2025-08-09 14:17:39", "elapsed": 77290.63362932205, "delta": 67.2431128025055}, "costs": {"total_cost": 1639.2121748342681, "time_cost": 150, "final_distance_cost": 55.38518207991274, "oscillation_cost": 299.1292879318951, "completition_cost": 1000.0, "overshoot_cost": 66.15892115513846, "power_cost": 39.99696872558594, "noise_cost": 28.541814941736096, "n_waypoints_completed": 0, "tot_waypoints": 9}}
{"target": -6494.95128150938, "params": {"k_pid_pos": [2333.0545715978988, 1289.2627695608205, 9339.050472481102], "k_pid_alt": [588.3664934846411, 2768.3796422063588, 4094.617302504655], "k_pid_att": [7798.761332525084, 3685.4145287487972, 7286.85103646786], "k_pid_yaw": [0.5, 1e-06, 0.1], "k_pid_hsp": [6172.78556862899, 4882.823952461558, 8930.561197296178], "k_pid_vsp": [4369.433818743613, 7426.472388748108, 8151.399801328366]}, "datetime": {"datetime": "2025-08-09 14:18:15", "elapsed": 77327.05886030197, "delta": 36.425230979919434}, "costs": {"total_cost": 6494.95128150938, "time_cost": 150, "final_distance_cost": 1707.085482896325, "oscillation_cost": 369.4275716818993, "completition_cost": 1000.0, "overshoot_cost": 3146.3986158554026, "power_cost": 47.379312609863284, "noise_cost": 74.66029846589035, "n_waypoints_completed": 0, "tot_waypoints": 9}}
{"target": -2116.217872613892, "params": {"k_pid_pos": [9842.415896053464, 4845.985777179796, 2971.7097435238425], "k_pid_alt": [9717.831766054142, 7730.410828322474, 9936.48134957391], "k_pid_att": [8551.830417258943, 9167.029760976007, 2632.3857843753985], "k_pid_yaw": [0.5, 1e-06, 0.1], "k_pid_hsp": [3196.6590925376527, 9287.743570272805, 6387.711952099151], "k_pid_vsp": [2973.1686234160084, 6112.711984427992, 129.237568781414]}, "datetime": {"datetime": "2025-08-09 14:18:52", "elapsed": 77363.77911233902, "delta": 36.72025203704834}, "costs": {"total_cost": 2116.217872613892, "time_cost": 150, "final_distance_cost": 249.23353801235933, "oscillation_cost": 191.51204772912152, "completition_cost": 1000.0, "overshoot_cost": 452.30552841251193, "power_cost": 40.018122460937505, "noise_cost": 33.14863599896182, "n_waypoints_completed": 0, "tot_waypoints": 9}}
{"target": -1679.3972878601724, "params": {"k_pid_pos": [1962.0660067484541, 3251.254283006143, 875.956622398979], "k_pid_alt": [1802.1785868963425, 9364.703042989082, 4018.1243046675177], "k_pid_att": [9966.5893940526, 6539.130096610961, 70.11681528108049], "k_pid_yaw": [0.5, 1e-06, 0.1], "k_pid_hsp": [7141.3393854020005, 7859.832690360579, 9647.064955583182], "k_pid_vsp": [1752.0937432556993, 6658.221151015266, 2693.4840668305683]}, "datetime": {"datetime": "2025-08-09 14:19:28", "elapsed": 77400.04321789742, "delta": 36.264105558395386}, "costs": {"total_cost": 1679.3972878601724, "time_cost": 150, "final_distance_cost": 42.870874333760916, "oscillation_cost": 322.6434072514539, "completition_cost": 1000.0, "overshoot_cost": 97.65141179861224, "power_cost": 37.96760679931641, "noise_cost": 28.26398767702878, "n_waypoints_completed": 0, "tot_waypoints": 9}}
{"target": -3849.7353204274064, "params": {"k_pid_pos": [1006.8777151422859, 835.3948176330483, 8609.070826257555], "k_pid_alt": [3485.759450341318, 7470.820899172691, 4542.892391918879], "k_pid_att": [9137.766295753949, 7684.93984431583, 3208.405865094345], "k_pid_yaw": [0.5, 1e-06, 0.1], "k_pid_hsp": [6985.137260604678, 9244.685220239733, 5767.16334110496], "k_pid_vsp": [3842.8590828254128, 6464.073375713931, 4473.280134514339]}, "datetime": {"datetime": "2025-08-09 14:20:03", "elapsed": 77435.33220887184, "delta": 35.28899097442627}, "costs": {"total_cost": 3849.7353204274064, "time_cost": 150, "final_distance_cost": 475.7035987964165, "oscillation_cost": 335.9705136115745, "completition_cost": 1000.0, "overshoot_cost": 1771.7859988506887, "power_cost": 47.59761115722657, "noise_cost": 68.6775980115, "n_waypoints_completed": 0, "tot_waypoints": 9}}
{"target": -2434.638211965251, "params": {"k_pid_pos": [8700.744132397029, 4448.315007958234, 10000.0], "k_pid_alt": [5322.0468838887355, 0.0, 7641.134161180932], "k_pid_att": [10000.0, 6104.569723027881, 4341.084401064728], "k_pid_yaw": [0.5, 1e-06, 0.1], "k_pid_hsp": [4640.130131937113, 10000.0, 8937.518352877883], "k_pid_vsp": [8420.812486644205, 1733.2023323819606, 2526.568252520251]}, "datetime": {"datetime": "2025-08-09 14:21:06", "elapsed": 77498.3225851059, "delta": 62.990376234054565}, "costs": {"total_cost": 2434.638211965251, "time_cost": 150, "final_distance_cost": 136.85509048124993, "oscillation_cost": 411.4141270776863, "completition_cost": 1000.0, "overshoot_cost": 594.2978559836437, "power_cost": 50.963860485839845, "noise_cost": 91.10727793683088, "n_waypoints_completed": 0, "tot_waypoints": 9}}
{"target": -615.2228360988653, "params": {"k_pid_pos": [10000.0, 4096.833390231474, 6410.639124433367], "k_pid_alt": [3377.9706486369832, 0.0, 6324.167760915781], "k_pid_att": [4560.942117077698, 0.0, 0.0], "k_pid_yaw": [0.5, 1e-06, 0.1], "k_pid_hsp": [10000.0, 10000.0, 6898.775844492107], "k_pid_vsp": [10000.0, 4577.818277914655, 4282.925461917112]}, "datetime": {"datetime": "2025-08-09 14:22:06", "elapsed": 77558.25648498535, "delta": 59.933899879455566}, "costs": {"total_cost": 615.2228360988653, "time_cost": 112.315, "final_distance_cost": 1.7848461011566352, "oscillation_cost": 343.3827807548164, "completition_cost": 0.0, "overshoot_cost": 92.65397307883562, "power_cost": 37.067036486816406, "noise_cost": 28.019199677240326, "n_waypoints_completed": 9, "tot_waypoints": 9}}
{"target": -5130.762849849172, "params": {"k_pid_pos": [6811.050228795374, 6608.286912928092, 9392.368915133595], "k_pid_alt": [5772.323090759638, 2606.7144565227727, 407.91091429181023], "k_pid_att": [4069.4508895305116, 9403.5786901005, 3683.7362461200764], "k_pid_yaw": [0.5, 1e-06, 0.1], "k_pid_hsp": [1513.143580212104, 8282.194417282495, 6179.484533149125], "k_pid_vsp": [6020.267743550518, 6793.86848214539, 2667.5511609350087]}, "datetime": {"datetime": "2025-08-09 14:22:43", "elapsed": 77595.3039598465, "delta": 37.04747486114502}, "costs": {"total_cost": 5130.762849849172, "time_cost": 150, "final_distance_cost": 889.2811959165597, "oscillation_cost": 743.9967757172237, "completition_cost": 1000.0, "overshoot_cost": 2151.362736374232, "power_cost": 58.60988677978516, "noise_cost": 137.51225506137155, "n_waypoints_completed": 0, "tot_waypoints": 9}}
{"target": -2130.561332987179, "params": {"k_pid_pos": [5467.266777489657, 7445.341542996648, 8981.324868366208], "k_pid_alt": [6254.77178794462, 687.1169489046043, 0.0], "k_pid_att": [7318.110789557008, 7807.579380021753, 0.0], "k_pid_yaw": [0.5, 1e-06, 0.1], "k_pid_hsp": [0.0, 8739.12680372389, 6626.090134418545], "k_pid_vsp": [5420.461674519718, 8074.775754163067, 1159.9061386294993]}, "datetime": {"datetime": "2025-08-09 14:23:51", "elapsed": 77662.98749160767, "delta": 67.68353176116943}, "costs": {"total_cost": 2130.561332987179, "time_cost": 150, "final_distance_cost": 56.05106398210768, "oscillation_cost": 845.474264036434, "completition_cost": 888.8888888888888, "overshoot_cost": 126.81607243230212, "power_cost": 35.67989488525391, "noise_cost": 27.651148762193024, "n_waypoints_completed": 1, "tot_waypoints": 9}}
{"target": -11944.314147626857, "params": {"k_pid_pos": [6822.591434479023, 418.8686143152398, 685.3338728893066], "k_pid_alt": [8891.410345544393, 5482.770595054631, 419.57652362038414], "k_pid_att": [492.4677600092198, 8351.525618754209, 3882.9929503838143], "k_pid_yaw": [0.5, 1e-06, 0.1], "k_pid_hsp": [6151.962773082006, 5056.178352201953, 2059.392632970195], "k_pid_vsp": [6648.959997079137, 5878.076802239324, 5975.595102942034]}, "datetime": {"datetime": "2025-08-09 14:24:29", "elapsed": 77700.90329122543, "delta": 37.915799617767334}, "costs": {"total_cost": 11944.314147626857, "time_cost": 150, "final_distance_cost": 1347.4020200973137, "oscillation_cost": 1610.82213409328, "completition_cost": 1000.0, "overshoot_cost": 7633.065369541033, "power_cost": 58.65617770996094, "noise_cost": 144.3684461852703, "n_waypoints_completed": 0, "tot_waypoints": 9}}
{"target": -2276.3424644973697, "params": {"k_pid_pos": [6708.350729548105, 0.0, 4558.09368402388], "k_pid_alt": [7434.630574595857, 0.0, 9025.03129258173], "k_pid_att": [5638.292119969777, 5673.210702058889, 0.0], "k_pid_yaw": [0.5, 1e-06, 0.1], "k_pid_hsp": [4445.573796539506, 10000.0, 0.0], "k_pid_vsp": [2183.7801279613977, 216.17894964273557, 10000.0]}, "datetime": {"datetime": "2025-08-09 14:25:32", "elapsed": 77763.73235368729, "delta": 62.82906246185303}, "costs": {"total_cost": 2276.3424644973697, "time_cost": 150, "final_distance_cost": 134.29778208569002, "oscillation_cost": 851.8644045463003, "completition_cost": 888.8888888888888, "overshoot_cost": 182.2237707664865, "power_cost": 38.43351374511719, "noise_cost": 30.63410446488657, "n_waypoints_completed": 1, "tot_waypoints": 9}}
{"target": -1528.704761323078, "params": {"k_pid_pos": [0.0, 7383.748746274395, 7010.313310202549], "k_pid_alt": [10000.0, 10000.0, 4288.395529657613], "k_pid_att": [10000.0, 6019.876734643858, 0.0], "k_pid_yaw": [0.5, 1e-06, 0.1], "k_pid_hsp": [4446.37380652851, 2110.452020794887, 0.0], "k_pid_vsp": [3382.1176716591563, 0.0, 10000.0]}, "datetime": {"datetime": "2025-08-09 14:26:29", "elapsed": 77821.50796818733, "delta": 57.775614500045776}, "costs": {"total_cost": 1528.704761323078, "time_cost": 150, "final_distance_cost": 62.96518574977923, "oscillation_cost": 186.00551681689552, "completition_cost": 1000.0, "overshoot_cost": 55.80596578955866, "power_cost": 43.72231519775391, "noise_cost": 30.205777769090453, "n_waypoints_completed": 0, "tot_waypoints": 9}}
{"target": -5826.235820186242, "params": {"k_pid_pos": [6562.2800386387225, 4590.817694961983, 7622.194964512194], "k_pid_alt": [7683.844977850457, 1385.6446185679183, 5392.745159927408], "k_pid_att": [3064.54423178671, 5772.1234035942025, 4702.160314715562], "k_pid_yaw": [0.5, 1e-06, 0.1], "k_pid_hsp": [9571.696293369361, 4781.083115376587, 8886.082133648673], "k_pid_vsp": [9261.237904283633, 3355.481709324587, 3051.6811472775807]}, "datetime": {"datetime": "2025-08-09 14:27:07", "elapsed": 77859.24832844734, "delta": 37.740360260009766}, "costs": {"total_cost": 5826.235820186242, "time_cost": 150, "final_distance_cost": 234.7594754332753, "oscillation_cost": 1251.3915770125816, "completition_cost": 1000.0, "overshoot_cost": 2988.8429149152457, "power_cost": 58.6245285522461, "noise_cost": 142.61732427289311, "n_waypoints_completed": 0, "tot_waypoints": 9}}
