{"target": -5382.849049089438, "params": {"k_pid_pos": [5457.590511169177, 7977.911772154644, 8322.797282322072], "k_pid_alt": [6700.566204532351, 4874.560887250902, 8651.437820491998], "k_pid_att": [5130.568285530367, 7.017889640713593, 814.6807669658374], "k_pid_yaw": [0.5, 1e-06, 0.1], "k_pid_hsp": [4377.003966256226, 7882.48560050038, 5471.70816555536], "k_pid_vsp": [8779.419101818745, 6847.697386727168, 673.5521321646876]}, "datetime": {"datetime": "2025-08-09 16:17:10", "elapsed": 84462.04162025452, "delta": 38.25627136230469}, "costs": {"total_cost": 5382.849049089438, "time_cost": 150, "final_distance_cost": 775.1993795501797, "oscillation_cost": 242.47699347522948, "completition_cost": 1000.0, "overshoot_cost": 3111.971745604638, "power_cost": 46.85165847167969, "noise_cost": 56.349271987711376, "n_waypoints_completed": 0, "tot_waypoints": 9}}
{"target": -1638.9080315275787, "params": {"k_pid_pos": [10000.0, 10000.0, 153.07968687582405], "k_pid_alt": [10000.0, 0.0, 10000.0], "k_pid_att": [10000.0, 942.3156455272416, 0.0], "k_pid_yaw": [0.5, 1e-06, 0.1], "k_pid_hsp": [6565.108742603871, 3978.825594236823, 0.0], "k_pid_vsp": [544.1704574701591, 6947.583536079523, 3354.7308705581513]}, "datetime": {"datetime": "2025-08-09 16:18:26", "elapsed": 84537.7525613308, "delta": 75.71094107627869}, "costs": {"total_cost": 1638.9080315275787, "time_cost": 150, "final_distance_cost": 45.341650618909796, "oscillation_cost": 330.1722710181084, "completition_cost": 1000.0, "overshoot_cost": 43.84556950066258, "power_cost": 40.59564440917969, "noise_cost": 28.952895980718175, "n_waypoints_completed": 0, "tot_waypoints": 9}}
{"target": -9968.593617285582, "params": {"k_pid_pos": [275.0174900890201, 8088.887391058122, 8280.91104326174], "k_pid_alt": [3470.1683614130397, 708.1655385802344, 5828.582447843815], "k_pid_att": [4573.344683187468, 562.2754898734905, 8685.115075339956], "k_pid_yaw": [0.5, 1e-06, 0.1], "k_pid_hsp": [2921.169677003228, 8338.235617636316, 9451.255453775168], "k_pid_vsp": [5918.180450069951, 8147.02431200539, 9893.40071579281]}, "datetime": {"datetime": "2025-08-09 16:19:04", "elapsed": 84575.58520388603, "delta": 37.832642555236816}, "costs": {"total_cost": 9968.593617285582, "time_cost": 150, "final_distance_cost": 2689.7227207959327, "oscillation_cost": 23.348535835010278, "completition_cost": 1000.0, "overshoot_cost": 6042.363762782328, "power_cost": 35.359254296875, "noise_cost": 27.79934357543529, "n_waypoints_completed": 0, "tot_waypoints": 9}}
{"target": -1460.6401853927694, "params": {"k_pid_pos": [9852.020759946097, 0.0, 0.0], "k_pid_alt": [10000.0, 3600.6541311050423, 8834.02142030237], "k_pid_att": [9974.513890166918, 1356.9721238934744, 0.0], "k_pid_yaw": [0.5, 1e-06, 0.1], "k_pid_hsp": [9678.101420900888, 5194.228753006786, 0.0], "k_pid_vsp": [7728.644775794516, 4839.087887239917, 4373.226781912216]}, "datetime": {"datetime": "2025-08-09 16:20:13", "elapsed": 84645.25867462158, "delta": 69.67347073554993}, "costs": {"total_cost": 1460.6401853927694, "time_cost": 150, "final_distance_cost": 88.61242105995971, "oscillation_cost": 324.8518524897166, "completition_cost": 777.7777777777778, "overshoot_cost": 50.32087901090972, "power_cost": 40.32942133789063, "noise_cost": 28.747833716514787, "n_waypoints_completed": 2, "tot_waypoints": 9}}
{"target": -4635.040754593559, "params": {"k_pid_pos": [1398.4234895833958, 241.08247775675883, 1867.3564635900452], "k_pid_alt": [3549.7721837086583, 3342.3495094375744, 4595.564790181994], "k_pid_att": [9713.14431312531, 1346.7172219870315, 1794.8859046962073], "k_pid_yaw": [0.5, 1e-06, 0.1], "k_pid_hsp": [9781.608819911651, 250.9178835702497, 5640.470855381985], "k_pid_vsp": [9322.842347948186, 8610.845100385479, 8768.037481121833]}, "datetime": {"datetime": "2025-08-09 16:20:51", "elapsed": 84683.46696066856, "delta": 38.20828604698181}, "costs": {"total_cost": 4635.040754593559, "time_cost": 150, "final_distance_cost": 1058.796535748324, "oscillation_cost": 45.31620271590037, "completition_cost": 1000.0, "overshoot_cost": 2317.891851038101, "power_cost": 35.28059008789063, "noise_cost": 27.75557500334361, "n_waypoints_completed": 0, "tot_waypoints": 9}}
{"target": -11860.649384482902, "params": {"k_pid_pos": [1687.6121565164626, 5328.810329122889, 4581.062970821183], "k_pid_alt": [8173.659868579367, 4792.479189794232, 4600.088984451103], "k_pid_att": [2838.872353128592, 9709.251078231517, 5014.93747570829], "k_pid_yaw": [0.5, 1e-06, 0.1], "k_pid_hsp": [1137.9784284755813, 1000.2006453109968, 6174.007896728243], "k_pid_vsp": [2560.9070316084494, 3338.5028325861053, 3756.8437719533745]}, "datetime": {"datetime": "2025-08-09 16:21:29", "elapsed": 84721.17995977402, "delta": 37.71299910545349}, "costs": {"total_cost": 11860.649384482902, "time_cost": 150, "final_distance_cost": 2750.4136095192166, "oscillation_cost": 1677.0063251067345, "completition_cost": 1000.0, "overshoot_cost": 6100.886737243593, "power_cost": 56.07308822021485, "noise_cost": 126.26962439314222, "n_waypoints_completed": 0, "tot_waypoints": 9}}
{"target": -2520.130968639909, "params": {"k_pid_pos": [7333.107884219417, 3648.8677083899947, 4606.401043635026], "k_pid_alt": [3223.117542499638, 3528.6723568191483, 3367.0753551622147], "k_pid_att": [7103.503497699249, 6657.398191400202, 3141.0879568272508], "k_pid_yaw": [0.5, 1e-06, 0.1], "k_pid_hsp": [2615.6585533053, 6141.566382800916, 4589.542568196205], "k_pid_vsp": [6882.96677824188, 3958.8591183254152, 236.4392638811119]}, "datetime": {"datetime": "2025-08-09 16:22:08", "elapsed": 84760.20907568932, "delta": 39.02911591529846}, "costs": {"total_cost": 2520.130968639909, "time_cost": 150, "final_distance_cost": 218.68771326531078, "oscillation_cost": 245.26334887763068, "completition_cost": 1000.0, "overshoot_cost": 808.3871049614282, "power_cost": 43.95833244628906, "noise_cost": 53.83446908924982, "n_waypoints_completed": 0, "tot_waypoints": 9}}
{"target": -5340.811080805624, "params": {"k_pid_pos": [8717.197184446924, 6017.893191479269, 2941.578270314069], "k_pid_alt": [4559.274467320137, 6909.324831668759, 7389.70687409917], "k_pid_att": [5949.831331530197, 2210.130786408766, 3509.1859831329707], "k_pid_yaw": [0.5, 1e-06, 0.1], "k_pid_hsp": [7563.464285589004, 4659.309546008035, 5093.9308805951005], "k_pid_vsp": [4115.275146287334, 3112.2044675075467, 4814.024368216936]}, "datetime": {"datetime": "2025-08-09 16:22:51", "elapsed": 84802.61058592796, "delta": 42.40151023864746}, "costs": {"total_cost": 5340.811080805624, "time_cost": 150, "final_distance_cost": 1106.729876687255, "oscillation_cost": 213.44208366195986, "completition_cost": 1000.0, "overshoot_cost": 2786.4785603334803, "power_cost": 42.979025390625004, "noise_cost": 41.18153473230411, "n_waypoints_completed": 0, "tot_waypoints": 9}}
{"target": -3774.4483844179294, "params": {"k_pid_pos": [3803.386886669157, 0.0, 4281.464888754601], "k_pid_alt": [10000.0, 3072.031247614265, 6254.39471957634], "k_pid_att": [5600.427482497886, 3680.001386020496, 0.0], "k_pid_yaw": [0.5, 1e-06, 0.1], "k_pid_hsp": [8559.555405831556, 4523.9220804719125, 3321.7642579625467], "k_pid_vsp": [1076.227251462711, 0.7491806284988783, 10000.0]}, "datetime": {"datetime": "2025-08-09 16:23:55", "elapsed": 84867.51180386543, "delta": 64.90121793746948}, "costs": {"total_cost": 3774.4483844179294, "time_cost": 150, "final_distance_cost": 549.3454708226607, "oscillation_cost": 862.6598828824799, "completition_cost": 1000.0, "overshoot_cost": 1144.233578775599, "power_cost": 38.897525024414065, "noise_cost": 29.311926912775416, "n_waypoints_completed": 0, "tot_waypoints": 9}}
{"target": -1380.2135569833238, "params": {"k_pid_pos": [5079.166358320011, 0.0, 479.53289229003803], "k_pid_alt": [9117.597457306485, 3903.036376255932, 0.0], "k_pid_att": [6164.13244270904, 7143.465212197664, 0.0], "k_pid_yaw": [0.5, 1e-06, 0.1], "k_pid_hsp": [2735.9912770332494, 10000.0, 0.0], "k_pid_vsp": [2712.521367621588, 990.7464260872789, 8675.473419109134]}, "datetime": {"datetime": "2025-08-09 16:24:59", "elapsed": 84930.80320453644, "delta": 63.29140067100525}, "costs": {"total_cost": 1380.2135569833238, "time_cost": 150, "final_distance_cost": 60.888305543663044, "oscillation_cost": 151.92812448464917, "completition_cost": 888.8888888888888, "overshoot_cost": 50.45821330615636, "power_cost": 46.657158239746096, "noise_cost": 31.392866520220235, "n_waypoints_completed": 1, "tot_waypoints": 9}}
{"target": -644.9411795879575, "params": {"k_pid_pos": [9445.021101494904, 3795.33799982487, 8005.1474686545], "k_pid_alt": [10000.0, 0.0, 5245.348282244293], "k_pid_att": [4564.206577861764, 3136.4243286497767, 0.0], "k_pid_yaw": [0.5, 1e-06, 0.1], "k_pid_hsp": [10000.0, 10000.0, 8656.337943300818], "k_pid_vsp": [10000.0, 4010.876090567038, 0.0]}, "datetime": {"datetime": "2025-08-09 16:26:04", "elapsed": 84996.37761354446, "delta": 65.57440900802612}, "costs": {"total_cost": 644.9411795879575, "time_cost": 117.306, "final_distance_cost": 1.7586600348779682, "oscillation_cost": 371.14985964503825, "completition_cost": 0.0, "overshoot_cost": 87.11454177804309, "power_cost": 38.08632392578125, "noise_cost": 29.525794204217018, "n_waypoints_completed": 9, "tot_waypoints": 9}}
{"target": -3929.3377837322296, "params": {"k_pid_pos": [6498.230464677379, 8873.91939493654, 4741.854247006937], "k_pid_alt": [6115.398230976188, 8668.827918177336, 2934.6455860231704], "k_pid_att": [9124.808329082032, 8017.344890225274, 2928.0747613939607], "k_pid_yaw": [0.5, 1e-06, 0.1], "k_pid_hsp": [4902.178109456453, 129.54917120031385, 7470.5575207691445], "k_pid_vsp": [968.3111917143106, 2226.1904382317075, 2938.9469260510814]}, "datetime": {"datetime": "2025-08-09 16:26:41", "elapsed": 85032.73034453392, "delta": 36.35273098945618}, "costs": {"total_cost": 3929.3377837322296, "time_cost": 150, "final_distance_cost": 746.2497759216284, "oscillation_cost": 77.77416290003397, "completition_cost": 1000.0, "overshoot_cost": 1892.620709645038, "power_cost": 35.00053798828125, "noise_cost": 27.692597277247867, "n_waypoints_completed": 0, "tot_waypoints": 9}}
{"target": -8163.49299164819, "params": {"k_pid_pos": [5760.67817872599, 7860.040996093057, 276.79649334868327], "k_pid_alt": [4944.926782518673, 9516.960486208345, 3917.0631378929456], "k_pid_att": [4120.5692733503765, 2867.2559501702135, 7695.601004162316], "k_pid_yaw": [0.5, 1e-06, 0.1], "k_pid_hsp": [6605.0375243915105, 9511.371346380412, 2962.021954888927], "k_pid_vsp": [940.0076315223982, 4148.839693173427, 4161.799305621475]}, "datetime": {"datetime": "2025-08-09 16:27:18", "elapsed": 85070.00009870529, "delta": 37.26975417137146}, "costs": {"total_cost": 8163.49299164819, "time_cost": 150, "final_distance_cost": 1966.0277096596506, "oscillation_cost": 465.01989952850363, "completition_cost": 1000.0, "overshoot_cost": 4443.474884625924, "power_cost": 50.05685091552735, "noise_cost": 88.91364691858428, "n_waypoints_completed": 0, "tot_waypoints": 9}}
{"target": -10580.523805391855, "params": {"k_pid_pos": [2072.6021526677982, 6937.594620817674, 4476.518401888623], "k_pid_alt": [8657.067912133074, 1105.8791893683283, 2995.286267391192], "k_pid_att": [4696.77902207411, 4366.3998816298645, 5298.767359908908], "k_pid_yaw": [0.5, 1e-06, 0.1], "k_pid_hsp": [5120.986255473834, 7563.976399833498, 7654.006956971051], "k_pid_vsp": [4068.910085745113, 8291.937904086528, 6930.199770035015]}, "datetime": {"datetime": "2025-08-09 16:27:55", "elapsed": 85107.09186553955, "delta": 37.09176683425903}, "costs": {"total_cost": 10580.523805391855, "time_cost": 150, "final_distance_cost": 3505.0870773856554, "oscillation_cost": 1077.6796692223365, "completition_cost": 1000.0, "overshoot_cost": 4694.660945281635, "power_cost": 51.8997171875, "noise_cost": 101.19639631472775, "n_waypoints_completed": 0, "tot_waypoints": 9}}
{"target": -7090.854021354881, "params": {"k_pid_pos": [9892.094068499107, 8309.586190670341, 5231.764232205044], "k_pid_alt": [5581.396670772639, 6821.904102421702, 8461.763258331897], "k_pid_att": [7202.9983299655205, 7386.339149560586, 7068.728130960791], "k_pid_yaw": [0.5, 1e-06, 0.1], "k_pid_hsp": [2310.375710046657, 4153.663236752491, 3288.591474165916], "k_pid_vsp": [8227.534558296471, 8698.258819566125, 73.6415197708673]}, "datetime": {"datetime": "2025-08-09 16:28:37", "elapsed": 85148.65328001976, "delta": 41.56141448020935}, "costs": {"total_cost": 7090.854021354881, "time_cost": 150, "final_distance_cost": 1995.3644438919641, "oscillation_cost": 1477.2308250943802, "completition_cost": 1000.0, "overshoot_cost": 2266.04807029478, "power_cost": 58.694668212890626, "noise_cost": 143.51601386086608, "n_waypoints_completed": 0, "tot_waypoints": 9}}
{"target": -21276.009647475967, "params": {"k_pid_pos": [3235.8408615435696, 5944.063387886702, 9036.34730893816], "k_pid_alt": [1263.9025938050352, 8628.489622096482, 8488.870352263153], "k_pid_att": [360.62197573338506, 4546.161354951272, 5258.176071443739], "k_pid_yaw": [0.5, 1e-06, 0.1], "k_pid_hsp": [7621.553388380792, 3417.7730586785315, 9596.798246892718], "k_pid_vsp": [323.66659820904806, 3711.3268798971744, 6228.399183098689]}, "datetime": {"datetime": "2025-08-09 16:29:15", "elapsed": 85187.26774168015, "delta": 38.61446166038513}, "costs": {"total_cost": 21276.009647475967, "time_cost": 150, "final_distance_cost": 5315.873307224713, "oscillation_cost": 1565.0726920371246, "completition_cost": 1000.0, "overshoot_cost": 13057.983742303997, "power_cost": 57.14820124511719, "noise_cost": 129.9317046650134, "n_waypoints_completed": 0, "tot_waypoints": 9}}
{"target": -3445.703526257579, "params": {"k_pid_pos": [3039.638161274273, 934.0313404935619, 1543.9247213696062], "k_pid_alt": [6642.710419271085, 5519.222043693417, 9130.673390579044], "k_pid_att": [5869.888297621086, 7014.604020617111, 4347.192219893415], "k_pid_yaw": [0.5, 1e-06, 0.1], "k_pid_hsp": [8648.07850669805, 6243.937716356378, 6487.106220718703], "k_pid_vsp": [174.5345262862752, 5038.233113573112, 6290.098439203767]}, "datetime": {"datetime": "2025-08-09 16:29:53", "elapsed": 85225.52209305763, "delta": 38.25435137748718}, "costs": {"total_cost": 3445.703526257579, "time_cost": 150, "final_distance_cost": 86.6288806257572, "oscillation_cost": 451.03947112683215, "completition_cost": 1000.0, "overshoot_cost": 1610.8822772312733, "power_cost": 52.70881215820313, "noise_cost": 94.44408511551325, "n_waypoints_completed": 0, "tot_waypoints": 9}}
{"target": -3597.9942545761023, "params": {"k_pid_pos": [0.0, 10000.0, 10000.0], "k_pid_alt": [10000.0, 0.0, 1737.0056668263758], "k_pid_att": [785.5279577170712, 0.0, 5228.468500408645], "k_pid_yaw": [0.5, 1e-06, 0.1], "k_pid_hsp": [4682.456973762545, 5938.172636119111, 6468.269672698986], "k_pid_vsp": [5951.760256068269, 0.0, 0.0]}, "datetime": {"datetime": "2025-08-09 16:31:13", "elapsed": 85304.78580999374, "delta": 79.26371693611145}, "costs": {"total_cost": 3597.9942545761023, "time_cost": 150, "final_distance_cost": 360.3533412428858, "oscillation_cost": 643.9631439713128, "completition_cost": 1000.0, "overshoot_cost": 1262.6361355956706, "power_cost": 58.655612695312506, "noise_cost": 122.38602107092062, "n_waypoints_completed": 0, "tot_waypoints": 9}}
{"target": -1428.7592585007712, "params": {"k_pid_pos": [9612.323005074417, 2599.3288226508676, 0.0], "k_pid_alt": [2225.6226268685273, 1193.2489873524894, 4024.33401153415], "k_pid_att": [10000.0, 10000.0, 0.0], "k_pid_yaw": [0.5, 1e-06, 0.1], "k_pid_hsp": [138.97018568815932, 10000.0, 0.0], "k_pid_vsp": [10000.0, 1590.7042810062335, 1573.3709224166066]}, "datetime": {"datetime": "2025-08-09 16:32:20", "elapsed": 85371.86725831032, "delta": 67.0814483165741}, "costs": {"total_cost": 1428.7592585007712, "time_cost": 150, "final_distance_cost": 40.521809106346026, "oscillation_cost": 102.5837067651264, "completition_cost": 1000.0, "overshoot_cost": 59.237933305756016, "power_cost": 46.648740527343755, "noise_cost": 29.767068796198725, "n_waypoints_completed": 0, "tot_waypoints": 9}}
{"target": -1505.7143894872445, "params": {"k_pid_pos": [0.0, 7719.2899041681485, 1970.636148254551], "k_pid_alt": [10000.0, 2984.3650305238657, 0.0], "k_pid_att": [10000.0, 2998.2814853457985, 0.0], "k_pid_yaw": [0.5, 1e-06, 0.1], "k_pid_hsp": [3471.0949709644856, 0.0, 0.0], "k_pid_vsp": [0.0, 10000.0, 8975.290468066767]}, "datetime": {"datetime": "2025-08-09 16:33:25", "elapsed": 85436.85624408722, "delta": 64.98898577690125}, "costs": {"total_cost": 1505.7143894872445, "time_cost": 150, "final_distance_cost": 44.25520129574441, "oscillation_cost": 183.34895272781748, "completition_cost": 1000.0, "overshoot_cost": 55.72518474756287, "power_cost": 42.761796020507816, "noise_cost": 29.62325469561185, "n_waypoints_completed": 0, "tot_waypoints": 9}}
{"target": -4889.766093883651, "params": {"k_pid_pos": [5348.740921936511, 4419.709333529337, 1195.2285171185906], "k_pid_alt": [8582.953099165716, 2064.6298673275865, 7250.795267920088], "k_pid_att": [9581.520074922544, 1969.034056355161, 6511.225026676344], "k_pid_yaw": [0.5, 1e-06, 0.1], "k_pid_hsp": [9432.411295332016, 3549.4384743499395, 7354.227003067068], "k_pid_vsp": [1622.8365994449157, 5546.960151546231, 3333.674092281469]}, "datetime": {"datetime": "2025-08-09 16:34:01", "elapsed": 85473.47844696045, "delta": 36.62220287322998}, "costs": {"total_cost": 4889.766093883651, "time_cost": 150, "final_distance_cost": 852.8062122284983, "oscillation_cost": 157.54475719897755, "completition_cost": 1000.0, "overshoot_cost": 2660.7939889978456, "power_cost": 40.15388001708985, "noise_cost": 28.467255441238894, "n_waypoints_completed": 0, "tot_waypoints": 9}}
{"target": -2467.257583051748, "params": {"k_pid_pos": [8325.970551211241, 4668.82877597082, 10000.0], "k_pid_alt": [0.0, 8069.599890338817, 7109.6507789559], "k_pid_att": [10000.0, 7064.83257462428, 3497.160941227075], "k_pid_yaw": [0.5, 1e-06, 0.1], "k_pid_hsp": [1341.144069242176, 869.5748996453456, 4201.781317750409], "k_pid_vsp": [6006.773767194687, 0.0, 0.0]}, "datetime": {"datetime": "2025-08-09 16:35:12", "elapsed": 85543.93317461014, "delta": 70.45472764968872}, "costs": {"total_cost": 2467.257583051748, "time_cost": 150, "final_distance_cost": 384.2182095209984, "oscillation_cost": 138.49086871484567, "completition_cost": 1000.0, "overshoot_cost": 721.6444232612831, "power_cost": 38.549713378906254, "noise_cost": 34.35436817571455, "n_waypoints_completed": 0, "tot_waypoints": 9}}
{"target": -1447.2336090216202, "params": {"k_pid_pos": [0.0, 4127.90728239026, 4516.076470396452], "k_pid_alt": [10000.0, 0.0, 6864.452895272184], "k_pid_att": [6962.516739856469, 1070.9380830589325, 0.0], "k_pid_yaw": [0.5, 1e-06, 0.1], "k_pid_hsp": [0.0, 0.0, 0.0], "k_pid_vsp": [3407.7196264069685, 7355.816183341708, 8765.21674838172]}, "datetime": {"datetime": "2025-08-09 16:36:19", "elapsed": 85611.22117090225, "delta": 67.28799629211426}, "costs": {"total_cost": 1447.2336090216202, "time_cost": 150, "final_distance_cost": 10.874955840053898, "oscillation_cost": 0.0, "completition_cost": 1000.0, "overshoot_cost": 166.4099510673916, "power_cost": 29.932059130859376, "noise_cost": 90.01664298331532, "n_waypoints_completed": 0, "tot_waypoints": 9}}
{"target": -1554.2414870067746, "params": {"k_pid_pos": [640.6582298370002, 10000.0, 10000.0], "k_pid_alt": [10000.0, 9919.191773844717, 7925.8104386305395], "k_pid_att": [10000.0, 8903.225342023661, 0.0], "k_pid_yaw": [0.5, 1e-06, 0.1], "k_pid_hsp": [10000.0, 0.0, 0.0], "k_pid_vsp": [768.7515649149293, 6252.886343018341, 2549.1392822172606]}, "datetime": {"datetime": "2025-08-09 16:37:28", "elapsed": 85679.96090960503, "delta": 68.73973870277405}, "costs": {"total_cost": 1554.2414870067746, "time_cost": 150, "final_distance_cost": 55.67463653925425, "oscillation_cost": 221.4284092353631, "completition_cost": 1000.0, "overshoot_cost": 54.477573723872794, "power_cost": 43.33684373779297, "noise_cost": 29.324023770491248, "n_waypoints_completed": 0, "tot_waypoints": 9}}
{"target": -1684.4057705081575, "params": {"k_pid_pos": [7317.200912223577, 1880.7594941544348, 4869.8079709349895], "k_pid_alt": [2396.423193455942, 5292.160589201838, 2127.982092120677], "k_pid_att": [4169.6466305753065, 6998.541546584155, 51.153871850583286], "k_pid_yaw": [0.5, 1e-06, 0.1], "k_pid_hsp": [5387.251536216127, 8509.785509836578, 6349.272044852905], "k_pid_vsp": [8218.910418373776, 7954.250149072984, 507.35495792392226]}, "datetime": {"datetime": "2025-08-09 16:38:07", "elapsed": 85718.884059906, "delta": 38.923150300979614}, "costs": {"total_cost": 1684.4057705081575, "time_cost": 150, "final_distance_cost": 68.50423471057528, "oscillation_cost": 322.502300473579, "completition_cost": 1000.0, "overshoot_cost": 77.26563668326641, "power_cost": 37.98231978759766, "noise_cost": 28.15127885313938, "n_waypoints_completed": 0, "tot_waypoints": 9}}
{"target": -1646.9120115554601, "params": {"k_pid_pos": [10000.0, 0.0003637978807091713, 1212.1941874741765], "k_pid_alt": [871.6588442786323, 6639.633538983613, 6585.945125889683], "k_pid_att": [6281.21522168762, 9473.90710247299, 0.0], "k_pid_yaw": [0.5, 1e-06, 0.1], "k_pid_hsp": [10000.0, 349.9087089377633, 4813.251405039017], "k_pid_vsp": [4453.013263222623, 0.0, 10000.0]}, "datetime": {"datetime": "2025-08-09 16:39:18", "elapsed": 85790.37166118622, "delta": 71.4876012802124}, "costs": {"total_cost": 1646.9120115554601, "time_cost": 150, "final_distance_cost": 67.8909841162002, "oscillation_cost": 286.6516339224441, "completition_cost": 1000.0, "overshoot_cost": 72.90756498865501, "power_cost": 40.267492370605474, "noise_cost": 29.194336157555313, "n_waypoints_completed": 0, "tot_waypoints": 9}}
