{"target": -1447.2336090216202, "params": {"k_pid_pos": [10000.0, 5379.39464479179, 3847.067147311215], "k_pid_alt": [10000.0, 5534.493176502445, 4726.88777150224], "k_pid_att": [10000.0, 5120.676988272927, 0.0], "k_pid_yaw": [0.5, 1e-06, 0.1], "k_pid_hsp": [0.0, 0.0, 0.0], "k_pid_vsp": [3661.8634879613196, 5234.684833052584, 4440.279780799168]}, "datetime": {"datetime": "2025-08-08 20:59:16", "elapsed": 14987.546075582504, "delta": 34.040300369262695}, "costs": {"total_cost": 1447.2336090216202, "time_cost": 150, "final_distance_cost": 10.874955840053898, "oscillation_cost": 0.0, "completition_cost": 1000.0, "overshoot_cost": 166.4099510673916, "power_cost": 29.932059130859376, "noise_cost": 90.01664298331532, "n_waypoints_completed": 0, "tot_waypoints": 9}}
{"target": -1297.4362903777173, "params": {"k_pid_pos": [3428.3907983622767, 10000.0, 4482.8661231794285], "k_pid_alt": [7421.332044710675, 0.0, 0.0], "k_pid_att": [2935.6618270338, 0.0, 0.0], "k_pid_yaw": [0.5, 1e-06, 0.1], "k_pid_hsp": [10000.0, 6148.746108521798, 1946.4057419901715], "k_pid_vsp": [5572.181728860347, 0.0, 5687.606967595441]}, "datetime": {"datetime": "2025-08-08 20:59:49", "elapsed": 15021.218426704407, "delta": 33.672351121902466}, "costs": {"total_cost": 1297.4362903777173, "time_cost": 150, "final_distance_cost": 66.10968338465285, "oscillation_cost": 242.88635011181128, "completition_cost": 666.6666666666667, "overshoot_cost": 103.29318954891188, "power_cost": 39.923609838867186, "noise_cost": 28.55679082680731, "n_waypoints_completed": 3, "tot_waypoints": 9}}
{"target": -10097.073918737113, "params": {"k_pid_pos": [2773.5346436827303, 8742.29689748121, 7574.127052575227], "k_pid_alt": [6918.587944436985, 1500.7394628851412, 2583.336065613002], "k_pid_att": [6803.705855196888, 7409.861995017108, 7985.028988048865], "k_pid_yaw": [0.5, 1e-06, 0.1], "k_pid_hsp": [3157.8252353262383, 1743.8752110403889, 784.3586211923481], "k_pid_vsp": [6586.313226802523, 1009.8973148329504, 8950.069026914782]}, "datetime": {"datetime": "2025-08-08 21:00:19", "elapsed": 15051.294573068619, "delta": 30.076146364212036}, "costs": {"total_cost": 10097.073918737113, "time_cost": 150, "final_distance_cost": 2268.929278278948, "oscillation_cost": 1031.4940043864385, "completition_cost": 1000.0, "overshoot_cost": 5464.462699461143, "power_cost": 56.2883205078125, "noise_cost": 125.89961610277167, "n_waypoints_completed": 0, "tot_waypoints": 9}}
{"target": -1644.4904682906674, "params": {"k_pid_pos": [4848.873624723174, 5167.833228819261, 3444.3962272610447], "k_pid_alt": [3194.8572100599663, 5651.331199159003, 1203.0714536287442], "k_pid_att": [10000.0, 6673.331657767016, 0.0], "k_pid_yaw": [0.5, 1e-06, 0.1], "k_pid_hsp": [5693.528695427084, 7298.864633658744, 2766.4306155766144], "k_pid_vsp": [2474.097940519828, 0.0, 10000.0]}, "datetime": {"datetime": "2025-08-08 21:00:53", "elapsed": 15085.17989063263, "delta": 33.88531756401062}, "costs": {"total_cost": 1644.4904682906674, "time_cost": 150, "final_distance_cost": 74.15175833202147, "oscillation_cost": 216.308742980439, "completition_cost": 1000.0, "overshoot_cost": 131.96613179966826, "power_cost": 41.96224851074219, "noise_cost": 30.101586667796315, "n_waypoints_completed": 0, "tot_waypoints": 9}}
{"target": -2625.8925710575586, "params": {"k_pid_pos": [7918.415507289968, 7656.557251148065, 15.024726813217537], "k_pid_alt": [7189.430986157778, 3100.3925425469424, 5195.9855866254675], "k_pid_att": [9454.457845598003, 7762.499842865389, 2053.1824816391586], "k_pid_yaw": [0.5, 1e-06, 0.1], "k_pid_hsp": [4485.338734254459, 1029.988662448622, 3044.482226329496], "k_pid_vsp": [3845.8069132372975, 2871.603455867503, 179.85885673325487]}, "datetime": {"datetime": "2025-08-08 21:01:23", "elapsed": 15115.395565509796, "delta": 30.215674877166748}, "costs": {"total_cost": 2625.8925710575586, "time_cost": 150, "final_distance_cost": 361.30574752789335, "oscillation_cost": 134.5135178486628, "completition_cost": 1000.0, "overshoot_cost": 907.3701834973999, "power_cost": 38.75695926513672, "noise_cost": 33.94616291846554, "n_waypoints_completed": 0, "tot_waypoints": 9}}
{"target": -5735.470184421461, "params": {"k_pid_pos": [4318.219578273642, 1775.337926623779, 6279.980179396988], "k_pid_alt": [4347.781030080961, 8437.705952424318, 6300.917689331711], "k_pid_att": [8334.893854149383, 948.5608945747359, 5365.449462686856], "k_pid_yaw": [0.5, 1e-06, 0.1], "k_pid_hsp": [4220.864103124399, 6804.041146107689, 6042.0693017452395], "k_pid_vsp": [1136.9517610374703, 6143.4665333139, 4667.326797470149]}, "datetime": {"datetime": "2025-08-08 21:01:54", "elapsed": 15145.856079816818, "delta": 30.460514307022095}, "costs": {"total_cost": 5735.470184421461, "time_cost": 150, "final_distance_cost": 1066.3470015370876, "oscillation_cost": 25.641472138533587, "completition_cost": 1000.0, "overshoot_cost": 3430.281574560929, "power_cost": 35.39341258544922, "noise_cost": 27.806723599461566, "n_waypoints_completed": 0, "tot_waypoints": 9}}
{"target": -1423.2905142492568, "params": {"k_pid_pos": [7160.452664901059, 3182.5449059719485, 3000.3726447251465], "k_pid_alt": [6509.496767153727, 10000.0, 5392.0154450104155], "k_pid_att": [10000.0, 3645.7273238796993, 0.0], "k_pid_yaw": [0.5, 1e-06, 0.1], "k_pid_hsp": [2144.3626840444845, 7848.102931595659, 2115.157379964401], "k_pid_vsp": [0.0, 4600.296325495239, 5858.178573768714]}, "datetime": {"datetime": "2025-08-08 21:02:29", "elapsed": 15181.016696453094, "delta": 35.160616636276245}, "costs": {"total_cost": 1423.2905142492568, "time_cost": 150, "final_distance_cost": 63.41385798051877, "oscillation_cost": 148.56795044547616, "completition_cost": 888.8888888888888, "overshoot_cost": 99.82802249973123, "power_cost": 42.52546136474609, "noise_cost": 30.066333069895727, "n_waypoints_completed": 1, "tot_waypoints": 9}}
{"target": -2989.306580916716, "params": {"k_pid_pos": [612.4277443134384, 7226.956661319479, 1176.0892191518635], "k_pid_alt": [6910.358881686749, 4389.316139982503, 4382.198416385417], "k_pid_att": [5757.032883220754, 4675.599750317712, 3442.4845038086505], "k_pid_yaw": [0.5, 1e-06, 0.1], "k_pid_hsp": [4058.930713865079, 8859.100920469358, 2626.4363684320692], "k_pid_vsp": [2308.1989893102327, 567.5723052936621, 229.49848443850286]}, "datetime": {"datetime": "2025-08-08 21:02:59", "elapsed": 15211.421172380447, "delta": 30.404475927352905}, "costs": {"total_cost": 2989.306580916716, "time_cost": 150, "final_distance_cost": 97.917091718554, "oscillation_cost": 620.0106629763, "completition_cost": 1000.0, "overshoot_cost": 932.4356774933424, "power_cost": 58.58975045166016, "noise_cost": 130.35339827685928, "n_waypoints_completed": 0, "tot_waypoints": 9}}
{"target": -2339.663375382195, "params": {"k_pid_pos": [289.2882884119907, 3896.4138916350644, 8974.811683618105], "k_pid_alt": [2395.8357952762867, 6845.633210687645, 2021.3723296010799], "k_pid_att": [2929.940594383332, 9497.414689450165, 2.8440767016180146], "k_pid_yaw": [0.5, 1e-06, 0.1], "k_pid_hsp": [172.78546241850214, 7682.326550132103, 8380.842367281633], "k_pid_vsp": [2334.595514374147, 477.97094240496494, 4043.2816522176663]}, "datetime": {"datetime": "2025-08-08 21:03:30", "elapsed": 15241.66643190384, "delta": 30.245259523391724}, "costs": {"total_cost": 2339.663375382195, "time_cost": 150, "final_distance_cost": 55.76195587565671, "oscillation_cost": 989.2183810681682, "completition_cost": 1000.0, "overshoot_cost": 76.74454122986042, "power_cost": 39.45357044677735, "noise_cost": 28.484926761732716, "n_waypoints_completed": 0, "tot_waypoints": 9}}
{"target": -11757.599670510586, "params": {"k_pid_pos": [4501.529890410439, 6219.251720297847, 7837.4195556844825], "k_pid_alt": [3364.1827014694004, 6303.954996758557, 8697.249057540732], "k_pid_att": [6087.129127256659, 654.6323694355516, 7515.476702872701], "k_pid_yaw": [0.5, 1e-06, 0.1], "k_pid_hsp": [4160.678740299508, 2325.3204085323678, 1147.6997705866766], "k_pid_vsp": [6296.925421108517, 7785.90331193136, 8913.79925085749]}, "datetime": {"datetime": "2025-08-08 21:04:00", "elapsed": 15272.163943767548, "delta": 30.497511863708496}, "costs": {"total_cost": 11757.599670510586, "time_cost": 150, "final_distance_cost": 3269.4179952263607, "oscillation_cost": 23.540344227887655, "completition_cost": 1000.0, "overshoot_cost": 7251.482633167478, "power_cost": 35.359254296875, "noise_cost": 27.79944359198694, "n_waypoints_completed": 0, "tot_waypoints": 9}}
{"target": -2259.5198739438515, "params": {"k_pid_pos": [9038.525593879784, 4255.006998683271, 4205.985943071921], "k_pid_alt": [8793.009866130684, 912.0942058346504, 2914.146524395164], "k_pid_att": [8571.763443743306, 9620.162635643774, 1716.938911538024], "k_pid_yaw": [0.5, 1e-06, 0.1], "k_pid_hsp": [1892.2388345677755, 2049.7762589437275, 5011.101328903046], "k_pid_vsp": [6961.681785371836, 5454.431754318105, 2041.0802542254692]}, "datetime": {"datetime": "2025-08-08 21:04:30", "elapsed": 15302.150022745132, "delta": 29.98607897758484}, "costs": {"total_cost": 2259.5198739438515, "time_cost": 150, "final_distance_cost": 307.6340596186453, "oscillation_cost": 90.47751760460153, "completition_cost": 888.8888888888888, "overshoot_cost": 758.3836577987784, "power_cost": 35.603422656250004, "noise_cost": 28.532327376687157, "n_waypoints_completed": 1, "tot_waypoints": 9}}
{"target": -5807.79761855944, "params": {"k_pid_pos": [4308.653808862248, 4993.611745231955, 4968.656405323685], "k_pid_alt": [7088.84244297451, 9572.8978861106, 9764.361204054769], "k_pid_att": [2640.6236313343525, 7955.397657103647, 5669.440517300107], "k_pid_yaw": [0.5, 1e-06, 0.1], "k_pid_hsp": [1826.641009382638, 6053.133120676664, 7067.414101943666], "k_pid_vsp": [8089.567490528888, 451.5964868156919, 6414.994733446202]}, "datetime": {"datetime": "2025-08-08 21:05:00", "elapsed": 15332.417803764343, "delta": 30.267781019210815}, "costs": {"total_cost": 5807.79761855944, "time_cost": 150, "final_distance_cost": 550.8930205625578, "oscillation_cost": 1661.9562286887342, "completition_cost": 1000.0, "overshoot_cost": 2249.2763632049664, "power_cost": 58.432501477050785, "noise_cost": 137.23950462612953, "n_waypoints_completed": 0, "tot_waypoints": 9}}
{"target": -8260.934106702904, "params": {"k_pid_pos": [2005.1504523739704, 515.0363201708219, 257.7812364839138], "k_pid_alt": [5666.422346532741, 7326.922192233192, 9684.21551786339], "k_pid_att": [1755.0157918066488, 2386.874052347836, 3274.358785798227], "k_pid_yaw": [0.5, 1e-06, 0.1], "k_pid_hsp": [4555.624887376749, 448.24820539670964, 1459.3434648617642], "k_pid_vsp": [5772.568130027919, 2178.954510171652, 8433.202002652464]}, "datetime": {"datetime": "2025-08-08 21:05:30", "elapsed": 15362.355720281601, "delta": 29.93791651725769}, "costs": {"total_cost": 8260.934106702904, "time_cost": 150, "final_distance_cost": 2661.6497638390792, "oscillation_cost": 927.8171297720392, "completition_cost": 1000.0, "overshoot_cost": 3388.361740388028, "power_cost": 50.116388989257814, "noise_cost": 82.98908371449922, "n_waypoints_completed": 0, "tot_waypoints": 9}}
{"target": -17358.201342964203, "params": {"k_pid_pos": [2587.6321522072167, 2258.0986974158336, 3409.6776022598797], "k_pid_alt": [2356.681906315855, 9507.400298139859, 4471.737903215799], "k_pid_att": [9698.524977875179, 2479.9204069239677, 7772.380321815014], "k_pid_yaw": [0.5, 1e-06, 0.1], "k_pid_hsp": [5607.422021670015, 6208.8247833521245, 6731.982706417293], "k_pid_vsp": [913.0293532144962, 9850.003799030537, 3391.455940474958]}, "datetime": {"datetime": "2025-08-08 21:06:01", "elapsed": 15393.049379348755, "delta": 30.69365906715393}, "costs": {"total_cost": 17358.201342964203, "time_cost": 150, "final_distance_cost": 4829.021187791404, "oscillation_cost": 796.4447264939669, "completition_cost": 1000.0, "overshoot_cost": 10399.371943954433, "power_cost": 58.58709399414063, "noise_cost": 124.77639073025755, "n_waypoints_completed": 0, "tot_waypoints": 9}}
{"target": -1591.8134679647185, "params": {"k_pid_pos": [91.34737906595096, 10000.0, 2532.83927152031], "k_pid_alt": [10000.0, 4536.752719453986, 0.0], "k_pid_att": [9518.647984774267, 6140.564168052368, 0.0], "k_pid_yaw": [0.5, 1e-06, 0.1], "k_pid_hsp": [10000.0, 7524.649045099632, 3065.238518173636], "k_pid_vsp": [6180.305739038111, 1514.5167844596967, 0.0]}, "datetime": {"datetime": "2025-08-08 21:06:34", "elapsed": 15425.84049320221, "delta": 32.79111385345459}, "costs": {"total_cost": 1591.8134679647185, "time_cost": 150, "final_distance_cost": 50.21815335503514, "oscillation_cost": 236.774180691164, "completition_cost": 1000.0, "overshoot_cost": 85.02230115565017, "power_cost": 40.97554899902344, "noise_cost": 28.823283763845563, "n_waypoints_completed": 0, "tot_waypoints": 9}}
{"target": -30161.204201935987, "params": {"k_pid_pos": [7512.112972209817, 7147.570895584944, 8766.03637870777], "k_pid_alt": [5191.190624289399, 459.50644661201466, 374.43647796021054], "k_pid_att": [156.43020693719035, 9850.894878604824, 8401.865384197907], "k_pid_yaw": [0.5, 1e-06, 0.1], "k_pid_hsp": [2451.243276222562, 7862.25421477666, 7923.149040097595], "k_pid_vsp": [9844.349761423751, 6282.082921597487, 4663.2889744159265]}, "datetime": {"datetime": "2025-08-08 21:07:04", "elapsed": 15456.461596012115, "delta": 30.621102809906006}, "costs": {"total_cost": 30161.204201935987, "time_cost": 150, "final_distance_cost": 8361.280561882872, "oscillation_cost": 1685.4731151624042, "completition_cost": 1000.0, "overshoot_cost": 18763.841854138893, "power_cost": 58.655612695312506, "noise_cost": 141.95305805650614, "n_waypoints_completed": 0, "tot_waypoints": 9}}
{"target": -1392.4758546536063, "params": {"k_pid_pos": [5755.091905675299, 10000.0, 10000.0], "k_pid_alt": [10000.0, 10000.0, 0.0], "k_pid_att": [10000.0, 3790.4373806142044, 0.0], "k_pid_yaw": [0.5, 1e-06, 0.1], "k_pid_hsp": [10000.0, 6236.735434211994, 1979.2809884413205], "k_pid_vsp": [3823.6487162440103, 0.0, 8372.076660538007]}, "datetime": {"datetime": "2025-08-08 21:07:39", "elapsed": 15491.21158862114, "delta": 34.74999260902405}, "costs": {"total_cost": 1392.4758546536063, "time_cost": 150, "final_distance_cost": 77.8247599141155, "oscillation_cost": 219.79950705328676, "completition_cost": 777.7777777777778, "overshoot_cost": 94.66895862794763, "power_cost": 42.602872460937505, "noise_cost": 29.801978819541112, "n_waypoints_completed": 2, "tot_waypoints": 9}}
{"target": -796.4146061523544, "params": {"k_pid_pos": [3728.0148142679077, 10000.0, 10000.0], "k_pid_alt": [10000.0, 0.0, 3723.4502923509904], "k_pid_att": [8669.706645019363, 0.0, 0.0], "k_pid_yaw": [0.5, 1e-06, 0.1], "k_pid_hsp": [10000.0, 10000.0, 1999.148734952405], "k_pid_vsp": [10000.0, 6320.8031722644155, 6798.748126492626]}, "datetime": {"datetime": "2025-08-08 21:08:15", "elapsed": 15526.749712705612, "delta": 35.538124084472656}, "costs": {"total_cost": 796.4146061523544, "time_cost": 150, "final_distance_cost": 92.16845168148275, "oscillation_cost": 191.83353333546964, "completition_cost": 222.2222222222222, "overshoot_cost": 69.95195646603862, "power_cost": 41.481194165039064, "noise_cost": 28.757248282102182, "n_waypoints_completed": 7, "tot_waypoints": 9}}
{"target": -5773.09811741709, "params": {"k_pid_pos": [5700.837058938745, 5939.870334687743, 5816.033205105423], "k_pid_alt": [7304.496549276083, 6376.530704379072, 4295.132035955829], "k_pid_att": [4177.540176426138, 960.585404031683, 3414.1318612094183], "k_pid_yaw": [0.5, 1e-06, 0.1], "k_pid_hsp": [8834.547308943906, 8499.155954169084, 3909.7104648350255], "k_pid_vsp": [6382.471549758035, 2931.483191288984, 7246.885823920004]}, "datetime": {"datetime": "2025-08-08 21:08:45", "elapsed": 15557.242886543274, "delta": 30.493173837661743}, "costs": {"total_cost": 5773.09811741709, "time_cost": 150, "final_distance_cost": 1166.018915236577, "oscillation_cost": 162.70747861691902, "completition_cost": 1000.0, "overshoot_cost": 3225.9222789640357, "power_cost": 40.005511743164064, "noise_cost": 28.443932856395172, "n_waypoints_completed": 0, "tot_waypoints": 9}}
{"target": -897.264891802993, "params": {"k_pid_pos": [1761.993347614509, 1674.8195886965855, 0.0], "k_pid_alt": [1608.4580331770217, 0.0, 0.0], "k_pid_att": [4761.323213457538, 4203.743527405848, 0.0], "k_pid_yaw": [0.5, 1e-06, 0.1], "k_pid_hsp": [3951.814427993279, 10000.0, 963.0571547420851], "k_pid_vsp": [2864.416393422954, 0.0, 5666.644465581099]}, "datetime": {"datetime": "2025-08-08 21:09:19", "elapsed": 15591.383702993393, "delta": 34.14081645011902}, "costs": {"total_cost": 897.264891802993, "time_cost": 150, "final_distance_cost": 77.57341441133669, "oscillation_cost": 175.08096306849274, "completition_cost": 333.33333333333337, "overshoot_cost": 86.77112752656807, "power_cost": 44.45741187744141, "noise_cost": 30.048641585820842, "n_waypoints_completed": 6, "tot_waypoints": 9}}
{"target": -3926.4161484525735, "params": {"k_pid_pos": [1105.0849709351628, 285.3924381400952, 2630.6625341263125], "k_pid_alt": [5894.413052596562, 1937.91184983639, 9697.321401415546], "k_pid_att": [3204.1516547436986, 6210.829892538498, 847.199741097523], "k_pid_yaw": [0.5, 1e-06, 0.1], "k_pid_hsp": [8864.508079554318, 8845.686595052477, 4759.564198907148], "k_pid_vsp": [4732.623826843743, 3173.908931742806, 7510.16119835862]}, "datetime": {"datetime": "2025-08-08 21:09:50", "elapsed": 15621.966555833817, "delta": 30.582852840423584}, "costs": {"total_cost": 3926.4161484525735, "time_cost": 150, "final_distance_cost": 810.8940325232034, "oscillation_cost": 185.6500006513728, "completition_cost": 1000.0, "overshoot_cost": 1717.4958344732763, "power_cost": 34.74702272949219, "noise_cost": 27.62925807522864, "n_waypoints_completed": 0, "tot_waypoints": 9}}
{"target": -660.7982338166469, "params": {"k_pid_pos": [2507.1698124865206, 382.3575382651113, 1681.6071733496476], "k_pid_alt": [6833.268257702197, 0.0, 5999.857711685644], "k_pid_att": [7424.864313931498, 6030.306164087506, 0.0], "k_pid_yaw": [0.5, 1e-06, 0.1], "k_pid_hsp": [3024.1715084390808, 9165.942106577379, 735.7325746495376], "k_pid_vsp": [1638.6761447559154, 5566.355065435387, 5448.317818456935]}, "datetime": {"datetime": "2025-08-08 21:10:22", "elapsed": 15654.228885173798, "delta": 32.26232933998108}, "costs": {"total_cost": 660.7982338166469, "time_cost": 115.906, "final_distance_cost": 1.821671026914986, "oscillation_cost": 403.713343631382, "completition_cost": 0.0, "overshoot_cost": 70.66059056186485, "power_cost": 39.12513928222656, "noise_cost": 29.57148931425859, "n_waypoints_completed": 9, "tot_waypoints": 9}}
{"target": -5859.648426914891, "params": {"k_pid_pos": [3968.598184714446, 6275.604283760175, 3886.4604251446367], "k_pid_alt": [8585.77237755277, 7794.874107386117, 7281.356396515397], "k_pid_att": [5678.202095500564, 3123.9171824932964, 9142.978939626715], "k_pid_yaw": [0.5, 1e-06, 0.1], "k_pid_hsp": [364.52600784181664, 5326.480253622431, 1481.7647721221738], "k_pid_vsp": [4951.145882104646, 4636.408172260428, 8625.69253065831]}, "datetime": {"datetime": "2025-08-08 21:10:54", "elapsed": 15685.983118772507, "delta": 31.754233598709106}, "costs": {"total_cost": 5859.648426914891, "time_cost": 150, "final_distance_cost": 1508.530646420947, "oscillation_cost": 288.6023046369649, "completition_cost": 1000.0, "overshoot_cost": 2819.7746827851083, "power_cost": 44.1609955078125, "noise_cost": 48.57979756405819, "n_waypoints_completed": 0, "tot_waypoints": 9}}
{"target": -1438.3203619092046, "params": {"k_pid_pos": [0.0, 6890.675042821078, 5756.277838111093], "k_pid_alt": [10000.0, 0.0, 5116.759026403752], "k_pid_att": [10000.0, 5028.291775585822, 0.0], "k_pid_yaw": [0.5, 1e-06, 0.1], "k_pid_hsp": [3359.6408711945946, 10000.0, 0.0], "k_pid_vsp": [6935.281209054161, 5222.669181389975, 4362.619662317677]}, "datetime": {"datetime": "2025-08-08 21:11:27", "elapsed": 15718.775775671005, "delta": 32.792656898498535}, "costs": {"total_cost": 1438.3203619092046, "time_cost": 150, "final_distance_cost": 89.39700488424056, "oscillation_cost": 294.22939049799373, "completition_cost": 777.7777777777778, "overshoot_cost": 53.69624322211536, "power_cost": 43.75727280273438, "noise_cost": 29.462672724342735, "n_waypoints_completed": 2, "tot_waypoints": 9}}
{"target": -569.0232834049876, "params": {"k_pid_pos": [10000.0, 5662.088289965112, 4687.25346383165], "k_pid_alt": [6614.6072735713415, 0.0, 8191.821598828045], "k_pid_att": [10000.0, 8246.980895135133, 0.0], "k_pid_yaw": [0.5, 1e-06, 0.1], "k_pid_hsp": [6544.5768459182, 10000.0, 0.0], "k_pid_vsp": [10000.0, 2044.8931803711432, 1578.2535477966385]}, "datetime": {"datetime": "2025-08-08 21:12:01", "elapsed": 15752.940957307816, "delta": 34.1651816368103}, "costs": {"total_cost": 569.0232834049876, "time_cost": 117.761, "final_distance_cost": 1.7275670525152222, "oscillation_cost": 303.6694331377515, "completition_cost": 0.0, "overshoot_cost": 71.90061613729847, "power_cost": 42.26654123535157, "noise_cost": 31.698125842070827, "n_waypoints_completed": 9, "tot_waypoints": 9}}
{"target": -4086.1905740203206, "params": {"k_pid_pos": [4166.5236264602245, 8028.35820582218, 7020.80251461668], "k_pid_alt": [19.765533926441314, 5703.1259191496165, 7231.499427349417], "k_pid_att": [7434.293245829481, 8023.076506166044, 6972.615767493642], "k_pid_yaw": [0.5, 1e-06, 0.1], "k_pid_hsp": [51.29213553354273, 3182.265803240557, 6957.971789818473], "k_pid_vsp": [4972.98631051398, 7622.407196138582, 971.5125930318846]}, "datetime": {"datetime": "2025-08-08 21:12:32", "elapsed": 15783.79117321968, "delta": 30.850215911865234}, "costs": {"total_cost": 4086.1905740203206, "time_cost": 150, "final_distance_cost": 592.9141137739523, "oscillation_cost": 914.3213423302, "completition_cost": 1000.0, "overshoot_cost": 1232.534417540386, "power_cost": 58.56346783447266, "noise_cost": 137.85723254130954, "n_waypoints_completed": 0, "tot_waypoints": 9}}
