{"target": -1358.5462431229137, "params": {"k_pid_pos": [10000.0, 10000.0, 10000.0], "k_pid_alt": [7223.281439183632, 3309.97760535038, 10000.0], "k_pid_att": [10000.0, 4947.187044690864, 0.0], "k_pid_yaw": [0.5, 1e-06, 0.1], "k_pid_hsp": [10000.0, 2886.7479176083157, 2629.4647469140345], "k_pid_vsp": [7142.129375689388, 10000.0, 3046.4651584554745]}, "datetime": {"datetime": "2025-08-09 04:07:55", "elapsed": 40707.381571531296, "delta": 43.41412901878357}, "costs": {"total_cost": 1358.5462431229137, "time_cost": 150, "final_distance_cost": 95.04864646942117, "oscillation_cost": 212.16486408289936, "completition_cost": 777.7777777777778, "overshoot_cost": 53.40287329000529, "power_cost": 41.41591281738282, "noise_cost": 28.736168685427156, "n_waypoints_completed": 2, "tot_waypoints": 9}}
{"target": -7476.488712162771, "params": {"k_pid_pos": [7794.639780554224, 5506.436301389493, 3741.865290351927], "k_pid_alt": [7009.31969315294, 8915.2194119632, 1967.906838172071], "k_pid_att": [8314.919974166743, 2668.5257225387695, 9980.301872020615], "k_pid_yaw": [0.5, 1e-06, 0.1], "k_pid_hsp": [1384.7825990343122, 6129.340745683283, 9942.275506098764], "k_pid_vsp": [6539.819542543468, 8270.003314993806, 3067.093059372944]}, "datetime": {"datetime": "2025-08-09 04:08:28", "elapsed": 40739.781917095184, "delta": 32.40034556388855}, "costs": {"total_cost": 7476.488712162771, "time_cost": 150, "final_distance_cost": 1357.42496694325, "oscillation_cost": 744.651137212229, "completition_cost": 1000.0, "overshoot_cost": 4030.9547929429928, "power_cost": 58.62866530761719, "noise_cost": 134.82914975668223, "n_waypoints_completed": 0, "tot_waypoints": 9}}
{"target": -680.2824714764347, "params": {"k_pid_pos": [3522.1562191180587, 829.7452677110036, 0.0], "k_pid_alt": [1734.7029758628444, 0.0, 5639.307514158128], "k_pid_att": [5367.791294260531, 447.757262237479, 0.0], "k_pid_yaw": [0.5, 1e-06, 0.1], "k_pid_hsp": [9583.9553798462, 10000.0, 558.2443885270565], "k_pid_vsp": [6588.7007180841165, 0.0, 4751.394793478878]}, "datetime": {"datetime": "2025-08-09 04:09:10", "elapsed": 40781.62616276741, "delta": 41.84424567222595}, "costs": {"total_cost": 680.2824714764347, "time_cost": 150, "final_distance_cost": 9.400615154853373, "oscillation_cost": 249.09839564546877, "completition_cost": 111.11111111111116, "overshoot_cost": 90.82002169039585, "power_cost": 40.98140047607422, "noise_cost": 28.87092739853125, "n_waypoints_completed": 8, "tot_waypoints": 9}}
{"target": -1518.1211460099105, "params": {"k_pid_pos": [0.0, 7894.227772537325, 1596.2686808169938], "k_pid_alt": [10000.0, 0.0, 4089.4992705172044], "k_pid_att": [10000.0, 6989.4063848285705, 0.0], "k_pid_yaw": [0.5, 1e-06, 0.1], "k_pid_hsp": [8818.447842805883, 9389.871618591547, 0.0], "k_pid_vsp": [2738.302331610934, 0.0, 1846.79253897858]}, "datetime": {"datetime": "2025-08-09 04:09:51", "elapsed": 40823.50323319435, "delta": 41.87707042694092}, "costs": {"total_cost": 1518.1211460099105, "time_cost": 150, "final_distance_cost": 46.90522359810227, "oscillation_cost": 202.69089655521128, "completition_cost": 1000.0, "overshoot_cost": 46.255456343355846, "power_cost": 43.070129614257816, "noise_cost": 29.199439898982902, "n_waypoints_completed": 0, "tot_waypoints": 9}}
{"target": -10066.69706398476, "params": {"k_pid_pos": [355.20549641192554, 8618.380992165245, 623.4825453638592], "k_pid_alt": [2733.7915228532584, 8753.25581303417, 4846.383699504538], "k_pid_att": [3727.9649239885794, 4624.800177834751, 4906.484670614784], "k_pid_yaw": [0.5, 1e-06, 0.1], "k_pid_hsp": [8807.79101823681, 345.69884817705844, 8817.7286523215], "k_pid_vsp": [3994.5053339493898, 8867.08802564535, 3100.1374851382766]}, "datetime": {"datetime": "2025-08-09 04:10:23", "elapsed": 40855.477571964264, "delta": 31.97433876991272}, "costs": {"total_cost": 10066.69706398476, "time_cost": 150, "final_distance_cost": 3278.9337754480275, "oscillation_cost": 1363.7855244714606, "completition_cost": 1000.0, "overshoot_cost": 4072.3131589427103, "power_cost": 58.65987690429688, "noise_cost": 143.004728218264, "n_waypoints_completed": 0, "tot_waypoints": 9}}
{"target": -1586.1172071382337, "params": {"k_pid_pos": [2021.1292759569753, 10000.0, 4676.393990154369], "k_pid_alt": [6644.2266905454735, 4987.027506524315, 2803.8690448999773], "k_pid_att": [9055.314237077668, 7579.656898109919, 0.0], "k_pid_yaw": [0.5, 1e-06, 0.1], "k_pid_hsp": [6846.214639224314, 5284.612226365072, 0.0], "k_pid_vsp": [0.0, 3156.091646058548, 0.0]}, "datetime": {"datetime": "2025-08-09 04:11:06", "elapsed": 40897.96797275543, "delta": 42.49040079116821}, "costs": {"total_cost": 1586.1172071382337, "time_cost": 150, "final_distance_cost": 30.47242118651493, "oscillation_cost": 276.8524648193405, "completition_cost": 1000.0, "overshoot_cost": 58.33053061124763, "power_cost": 41.4580726928711, "noise_cost": 29.003717828259447, "n_waypoints_completed": 0, "tot_waypoints": 9}}
{"target": -2380.7472831688087, "params": {"k_pid_pos": [3130.087721385284, 7376.121950521953, 7009.457855803264], "k_pid_alt": [7252.841456220329, 8986.653523263913, 9450.964295933614], "k_pid_att": [7990.212041810434, 6546.644372609329, 1484.245610731284], "k_pid_yaw": [0.5, 1e-06, 0.1], "k_pid_hsp": [5886.157790428918, 227.89870067240759, 4122.122225429814], "k_pid_vsp": [4047.635223590116, 7332.398748247151, 6874.60394268158]}, "datetime": {"datetime": "2025-08-09 04:11:39", "elapsed": 40931.11821746826, "delta": 33.15024471282959}, "costs": {"total_cost": 2380.7472831688087, "time_cost": 150, "final_distance_cost": 314.8412343408102, "oscillation_cost": 81.99953032639189, "completition_cost": 1000.0, "overshoot_cost": 770.4567114527603, "power_cost": 35.62568436279297, "noise_cost": 27.824122686053393, "n_waypoints_completed": 0, "tot_waypoints": 9}}
{"target": -4445.850822325576, "params": {"k_pid_pos": [7824.506956353946, 7400.0122813967255, 272.38145809116764], "k_pid_alt": [5.468684569635007, 1230.7378077233877, 3058.2469593493356], "k_pid_att": [3289.8039427999083, 5480.793868478277, 4417.238961259519], "k_pid_yaw": [0.5, 1e-06, 0.1], "k_pid_hsp": [1154.7397394316883, 7827.225045895312, 1045.7763189692216], "k_pid_vsp": [2519.0980460247315, 5373.947085383742, 5557.5234307771325]}, "datetime": {"datetime": "2025-08-09 04:12:11", "elapsed": 40963.50088953972, "delta": 32.38267207145691}, "costs": {"total_cost": 4445.850822325576, "time_cost": 150, "final_distance_cost": 515.3691526683843, "oscillation_cost": 828.5608881967939, "completition_cost": 1000.0, "overshoot_cost": 1778.9430374425376, "power_cost": 55.510090161132815, "noise_cost": 117.46765385672678, "n_waypoints_completed": 0, "tot_waypoints": 9}}
{"target": -816.2834804438404, "params": {"k_pid_pos": [5526.382407310548, 2600.539852209407, 5737.873838913525], "k_pid_alt": [3755.4877437322693, 0.0, 10000.0], "k_pid_att": [7631.171041505879, 2720.9662840825827, 0.0], "k_pid_yaw": [0.5, 1e-06, 0.1], "k_pid_hsp": [10000.0, 10000.0, 4501.888143149199], "k_pid_vsp": [10000.0, 0.0, 3309.5704190605684]}, "datetime": {"datetime": "2025-08-09 04:12:58", "elapsed": 41009.532974004745, "delta": 46.032084465026855}, "costs": {"total_cost": 816.2834804438404, "time_cost": 150, "final_distance_cost": 17.65598013291166, "oscillation_cost": 399.183825479578, "completition_cost": 111.11111111111116, "overshoot_cost": 69.68548105040361, "power_cost": 39.46173184814453, "noise_cost": 29.185350821691458, "n_waypoints_completed": 8, "tot_waypoints": 9}}
{"target": -4379.972813681643, "params": {"k_pid_pos": [4331.291896676759, 4130.3773174049875, 4877.626140054559], "k_pid_alt": [1859.3141379433964, 735.569967302021, 6695.506307911033], "k_pid_att": [2293.79575584967, 2075.7006275647336, 9926.406846583955], "k_pid_yaw": [0.5, 1e-06, 0.1], "k_pid_hsp": [5334.747860636433, 7570.638546530001, 6297.259120463526], "k_pid_vsp": [7893.098342068375, 4090.917834851585, 5169.155598112644]}, "datetime": {"datetime": "2025-08-09 04:13:30", "elapsed": 41041.79135513306, "delta": 32.25838112831116}, "costs": {"total_cost": 4379.972813681643, "time_cost": 150, "final_distance_cost": 508.37692912041007, "oscillation_cost": 796.5625047073703, "completition_cost": 1000.0, "overshoot_cost": 1742.6699930933357, "power_cost": 58.55283464355469, "noise_cost": 123.81055211697199, "n_waypoints_completed": 0, "tot_waypoints": 9}}
{"target": -11511.600547318916, "params": {"k_pid_pos": [6849.67547295221, 3559.179919003007, 5678.862051422158], "k_pid_alt": [4688.29663107216, 2671.8934567572082, 8149.744901877623], "k_pid_att": [4783.647028059246, 824.654552062255, 8912.730491273234], "k_pid_yaw": [0.5, 1e-06, 0.1], "k_pid_hsp": [2326.6917269833375, 5944.5005826981815, 8222.667001935435], "k_pid_vsp": [4451.525149434987, 8581.014159267559, 9803.791993769057]}, "datetime": {"datetime": "2025-08-09 04:14:02", "elapsed": 41074.03794121742, "delta": 32.246586084365845}, "costs": {"total_cost": 11511.600547318916, "time_cost": 150, "final_distance_cost": 3143.5269400241755, "oscillation_cost": 23.517209857437393, "completition_cost": 1000.0, "overshoot_cost": 7131.397192440608, "power_cost": 35.359254296875, "noise_cost": 27.799950699819828, "n_waypoints_completed": 0, "tot_waypoints": 9}}
{"target": -9454.827587707872, "params": {"k_pid_pos": [4004.1911789039286, 3654.9480913384446, 8795.123341831575], "k_pid_alt": [458.25448971703486, 7588.354321640019, 4523.0871133290175], "k_pid_att": [678.8519456184927, 2537.726265171287, 8793.554032643537], "k_pid_yaw": [0.5, 1e-06, 0.1], "k_pid_hsp": [9867.760904864026, 8214.94637152558, 9191.397496960115], "k_pid_vsp": [4503.9869854259305, 7103.663124706008, 6665.858430764717]}, "datetime": {"datetime": "2025-08-09 04:14:34", "elapsed": 41106.26632475853, "delta": 32.22838354110718}, "costs": {"total_cost": 9454.827587707872, "time_cost": 150, "final_distance_cost": 1996.6697037934593, "oscillation_cost": 575.9865065667466, "completition_cost": 1000.0, "overshoot_cost": 5569.767367722856, "power_cost": 53.29107956542969, "noise_cost": 109.11293005938221, "n_waypoints_completed": 0, "tot_waypoints": 9}}
{"target": -1774.8627467341196, "params": {"k_pid_pos": [2972.9831514632524, 10000.0, 8587.871813152029], "k_pid_alt": [0.0, 0.0, 363.88125540040653], "k_pid_att": [4707.213478909398, 4567.444793890513, 0.0], "k_pid_yaw": [0.5, 1e-06, 0.1], "k_pid_hsp": [10000.0, 5003.747431078818, 0.0], "k_pid_vsp": [9444.167223249957, 0.0, 5457.066415746706]}, "datetime": {"datetime": "2025-08-09 04:15:16", "elapsed": 41147.9062268734, "delta": 41.639902114868164}, "costs": {"total_cost": 1774.8627467341196, "time_cost": 150, "final_distance_cost": 11.192730743498732, "oscillation_cost": 292.5122398897072, "completition_cost": 1000.0, "overshoot_cost": 164.48889125671587, "power_cost": 41.22838505859375, "noise_cost": 115.44049978560399, "n_waypoints_completed": 0, "tot_waypoints": 9}}
{"target": -5137.033756939982, "params": {"k_pid_pos": [3593.952403022065, 5345.186247633011, 9267.494099265556], "k_pid_alt": [8901.598511368471, 8255.728535978466, 2402.862719853127], "k_pid_att": [6272.412359672488, 7728.462750611109, 8497.818191839724], "k_pid_yaw": [0.5, 1e-06, 0.1], "k_pid_hsp": [68.9284303937776, 8644.36548410597, 555.5071167197134], "k_pid_vsp": [4205.964136758927, 6296.746588681826, 6776.753818540392]}, "datetime": {"datetime": "2025-08-09 04:15:49", "elapsed": 41180.949117422104, "delta": 33.042890548706055}, "costs": {"total_cost": 5137.033756939982, "time_cost": 150, "final_distance_cost": 1362.270629214982, "oscillation_cost": 790.3529588626816, "completition_cost": 1000.0, "overshoot_cost": 1683.5358378891278, "power_cost": 51.91016870117188, "noise_cost": 98.96416227201902, "n_waypoints_completed": 0, "tot_waypoints": 9}}
{"target": -6631.894835544932, "params": {"k_pid_pos": [9378.667909454416, 3270.661097490796, 2126.155426206171], "k_pid_alt": [918.8168829940013, 8644.710947392965, 175.57168919254073], "k_pid_att": [8833.240490105609, 5335.314615844061, 6139.21479286577], "k_pid_yaw": [0.5, 1e-06, 0.1], "k_pid_hsp": [5203.704957651587, 1565.3848784836932, 9910.974376391972], "k_pid_vsp": [9183.269275530729, 4641.654198423855, 4071.8637705856686]}, "datetime": {"datetime": "2025-08-09 04:16:21", "elapsed": 41213.43447780609, "delta": 32.48536038398743}, "costs": {"total_cost": 6631.894835544932, "time_cost": 150, "final_distance_cost": 1112.82437768812, "oscillation_cost": 702.8038633244406, "completition_cost": 1000.0, "overshoot_cost": 3469.169838149726, "power_cost": 58.55953635253906, "noise_cost": 138.5372200301061, "n_waypoints_completed": 0, "tot_waypoints": 9}}
{"target": -1894.3556917708083, "params": {"k_pid_pos": [0.0, 6780.4329283068855, 10000.0], "k_pid_alt": [8843.403664932837, 10000.0, 4277.774805135884], "k_pid_att": [4685.595114347786, 6308.899373805241, 0.0], "k_pid_yaw": [0.5, 1e-06, 0.1], "k_pid_hsp": [3614.8195163421674, 10000.0, 2472.616545088479], "k_pid_vsp": [5334.0861422808475, 6314.61699426982, 10000.0]}, "datetime": {"datetime": "2025-08-09 04:17:04", "elapsed": 41256.33936095238, "delta": 42.90488314628601}, "costs": {"total_cost": 1894.3556917708083, "time_cost": 150, "final_distance_cost": 59.397106378154426, "oscillation_cost": 543.7868495807439, "completition_cost": 1000.0, "overshoot_cost": 74.37812735528881, "power_cost": 38.31461335449219, "noise_cost": 28.47899510212881, "n_waypoints_completed": 0, "tot_waypoints": 9}}
{"target": -1449.6318012874403, "params": {"k_pid_pos": [403.97702429103566, 6288.753201501761, 3364.417458819501], "k_pid_alt": [9941.425839655854, 1878.304868278704, 7563.651456009887], "k_pid_att": [5634.683653604241, 6616.831761490029, 773.8116114843208], "k_pid_yaw": [0.5, 1e-06, 0.1], "k_pid_hsp": [49.30744712644541, 7877.482487652037, 2680.6507025001915], "k_pid_vsp": [6182.800166735795, 6221.029304434279, 2068.718889367105]}, "datetime": {"datetime": "2025-08-09 04:17:37", "elapsed": 41288.798474788666, "delta": 32.45911383628845}, "costs": {"total_cost": 1449.6318012874403, "time_cost": 150, "final_distance_cost": 107.04574773903228, "oscillation_cost": 137.6615386610582, "completition_cost": 888.8888888888888, "overshoot_cost": 100.89792361095013, "power_cost": 37.06607802734375, "noise_cost": 28.071624360167185, "n_waypoints_completed": 1, "tot_waypoints": 9}}
{"target": -7865.812480240136, "params": {"k_pid_pos": [1483.147019392732, 8706.642779558215, 816.4944032683619], "k_pid_alt": [5516.863391537825, 6443.612102857551, 408.8168372220113], "k_pid_att": [5540.78286384568, 3476.6755303744367, 9745.141318767688], "k_pid_yaw": [0.5, 1e-06, 0.1], "k_pid_hsp": [2816.093329037338, 5669.663332584958, 266.3587864461248], "k_pid_vsp": [4170.580008811424, 4373.845511452484, 5826.955915742386]}, "datetime": {"datetime": "2025-08-09 04:18:10", "elapsed": 41321.790036678314, "delta": 32.99156188964844}, "costs": {"total_cost": 7865.812480240136, "time_cost": 150, "final_distance_cost": 1306.293756179316, "oscillation_cost": 292.27773790393826, "completition_cost": 1000.0, "overshoot_cost": 5016.37208099348, "power_cost": 45.8479849975586, "noise_cost": 55.02092016584372, "n_waypoints_completed": 0, "tot_waypoints": 9}}
{"target": -4616.605334417463, "params": {"k_pid_pos": [8876.307871065233, 5669.151896287751, 3142.5138039313993], "k_pid_alt": [8356.010991617513, 803.6498335111464, 7524.913283186642], "k_pid_att": [7502.998058202454, 4892.117576480803, 5040.486858676399], "k_pid_yaw": [0.5, 1e-06, 0.1], "k_pid_hsp": [3380.373022215486, 8392.172553460718, 5270.123100228709], "k_pid_vsp": [3658.638078752454, 3793.937238660803, 604.2016660054561]}, "datetime": {"datetime": "2025-08-09 04:18:42", "elapsed": 41353.72028541565, "delta": 31.930248737335205}, "costs": {"total_cost": 4616.605334417463, "time_cost": 150, "final_distance_cost": 634.854746124783, "oscillation_cost": 649.1730251855092, "completition_cost": 1000.0, "overshoot_cost": 1999.707928128391, "power_cost": 58.08713796386719, "noise_cost": 124.78249701491343, "n_waypoints_completed": 0, "tot_waypoints": 9}}
{"target": -6083.115593583434, "params": {"k_pid_pos": [6974.977185982387, 4407.36530168749, 3515.269212569816], "k_pid_alt": [1727.830444673908, 3221.4016878218067, 8706.898113556002], "k_pid_att": [4774.25687290966, 2100.760171943897, 9131.030351116135], "k_pid_yaw": [0.5, 1e-06, 0.1], "k_pid_hsp": [7508.46147747714, 8396.297420911065, 4496.987147676804], "k_pid_vsp": [4041.2236718495897, 3435.188309851194, 942.8492849064119]}, "datetime": {"datetime": "2025-08-09 04:19:14", "elapsed": 41386.17909550667, "delta": 32.45881009101868}, "costs": {"total_cost": 6083.115593583434, "time_cost": 150, "final_distance_cost": 1674.6760518018295, "oscillation_cost": 732.4087752532273, "completition_cost": 1000.0, "overshoot_cost": 2327.860708084773, "power_cost": 58.625660083007816, "noise_cost": 139.5443983605965, "n_waypoints_completed": 0, "tot_waypoints": 9}}
{"target": -5813.307849103447, "params": {"k_pid_pos": [7999.89551365031, 2121.170426120309, 9519.304389263054], "k_pid_alt": [2732.602113635614, 7787.3783981155575, 4829.5580267097], "k_pid_att": [187.7037926118763, 618.8425492559358, 4695.229867475532], "k_pid_yaw": [0.5, 1e-06, 0.1], "k_pid_hsp": [1722.1958088278677, 9689.003966442924, 2298.6881610256914], "k_pid_vsp": [2116.918452506188, 9158.554240799316, 1604.2288137947269]}, "datetime": {"datetime": "2025-08-09 04:19:46", "elapsed": 41418.2086148262, "delta": 32.0295193195343}, "costs": {"total_cost": 5813.307849103447, "time_cost": 150, "final_distance_cost": 1066.1486586383198, "oscillation_cost": 772.2486388500023, "completition_cost": 1000.0, "overshoot_cost": 2642.789053077422, "power_cost": 58.55283464355469, "noise_cost": 123.56866389414834, "n_waypoints_completed": 0, "tot_waypoints": 9}}
{"target": -6572.935034477314, "params": {"k_pid_pos": [3224.0997767650615, 8165.680649456956, 4220.248380303507], "k_pid_alt": [9953.265892926998, 9547.805581903347, 9812.427131345075], "k_pid_att": [1807.1489542960805, 4215.8834702282975, 1569.26850692227], "k_pid_yaw": [0.5, 1e-06, 0.1], "k_pid_hsp": [5491.841201085647, 616.5663541564714, 8523.80398180762], "k_pid_vsp": [6998.686697620038, 1492.0449493077515, 8284.294627870733]}, "datetime": {"datetime": "2025-08-09 04:20:18", "elapsed": 41450.017983675, "delta": 31.80936884880066}, "costs": {"total_cost": 6572.935034477314, "time_cost": 150, "final_distance_cost": 1289.8954979546427, "oscillation_cost": 970.0832392718296, "completition_cost": 1000.0, "overshoot_cost": 2977.3027652426217, "power_cost": 57.11723225097656, "noise_cost": 128.53629975724334, "n_waypoints_completed": 0, "tot_waypoints": 9}}
{"target": -2273.9691817079056, "params": {"k_pid_pos": [4998.101870922258, 1905.6177753201976, 6235.300666157729], "k_pid_alt": [3912.328962286199, 3797.3702718941095, 384.5037587821809], "k_pid_att": [4585.185108768804, 9211.22750882327, 1921.7473180017873], "k_pid_yaw": [0.5, 1e-06, 0.1], "k_pid_hsp": [9566.628704426394, 5745.983433852397, 2941.1194151208374], "k_pid_vsp": [6494.197913155094, 8713.786919908358, 3349.2914351598633]}, "datetime": {"datetime": "2025-08-09 04:20:51", "elapsed": 41482.528056144714, "delta": 32.510072469711304}, "costs": {"total_cost": 2273.9691817079056, "time_cost": 150, "final_distance_cost": 48.093641792448636, "oscillation_cost": 601.416946192205, "completition_cost": 1000.0, "overshoot_cost": 307.994623141033, "power_cost": 58.500196325683596, "noise_cost": 107.96377425653522, "n_waypoints_completed": 0, "tot_waypoints": 9}}
{"target": -2572.740153493943, "params": {"k_pid_pos": [6732.499691019712, 3981.0436856752717, 7572.848119065407], "k_pid_alt": [6838.877052429358, 2774.298351716691, 2670.6107958762714], "k_pid_att": [7861.097456785869, 9175.820551042794, 3519.54472403845], "k_pid_yaw": [0.5, 1e-06, 0.1], "k_pid_hsp": [4849.2758863100535, 3271.6340745337634, 9109.784777354545], "k_pid_vsp": [4922.124133476562, 7210.724428395148, 2030.9239265545475]}, "datetime": {"datetime": "2025-08-09 04:21:23", "elapsed": 41514.60688710213, "delta": 32.07883095741272}, "costs": {"total_cost": 2572.740153493943, "time_cost": 150, "final_distance_cost": 305.8917790245906, "oscillation_cost": 545.1314313513549, "completition_cost": 1000.0, "overshoot_cost": 426.64397602415426, "power_cost": 56.789970800781255, "noise_cost": 88.28299629306242, "n_waypoints_completed": 0, "tot_waypoints": 9}}
{"target": -2753.785838283889, "params": {"k_pid_pos": [5807.497858221968, 1900.1991608978408, 9806.31184833085], "k_pid_alt": [3847.1564999225693, 4419.665232157239, 2916.7221320417502], "k_pid_att": [6590.980869303594, 6833.321585076748, 2104.1528778077377], "k_pid_yaw": [0.5, 1e-06, 0.1], "k_pid_hsp": [1471.101591290166, 4978.48799561541, 8733.686465639308], "k_pid_vsp": [6870.810037485666, 5413.121178515478, 12.711127236193498]}, "datetime": {"datetime": "2025-08-09 04:21:55", "elapsed": 41546.65142297745, "delta": 32.044535875320435}, "costs": {"total_cost": 2753.785838283889, "time_cost": 150, "final_distance_cost": 304.35933584648495, "oscillation_cost": 410.5062513451648, "completition_cost": 1000.0, "overshoot_cost": 775.02497687223, "power_cost": 50.13445750732422, "noise_cost": 63.7608167126844, "n_waypoints_completed": 0, "tot_waypoints": 9}}
