{"target": -1559.8114093644344, "params": {"k_pid_pos": [9250.705100413741, 7060.152499192811, 3795.56429689461], "k_pid_alt": [0.0, 2682.4612531868374, 1724.6475280289546], "k_pid_att": [10000.0, 7836.007188402143, 0.0], "k_pid_yaw": [0.5, 1e-06, 0.1], "k_pid_hsp": [4835.401930555963, 6276.058644857061, 0.0], "k_pid_vsp": [9810.747718977433, 3136.375685096994, 6721.582835874889]}, "datetime": {"datetime": "2025-08-09 01:47:38", "elapsed": 32289.778788805008, "delta": 39.37183713912964}, "costs": {"total_cost": 1559.8114093644344, "time_cost": 150, "final_distance_cost": 50.246151335953186, "oscillation_cost": 226.27621987838336, "completition_cost": 1000.0, "overshoot_cost": 60.172713559201185, "power_cost": 43.79658856201172, "noise_cost": 29.319736028885107, "n_waypoints_completed": 0, "tot_waypoints": 9}}
{"target": -30226.93465386798, "params": {"k_pid_pos": [9700.115039893291, 367.8211719909885, 1475.0213748832641], "k_pid_alt": [4018.604475661236, 2140.3469238483863, 5413.0390760272985], "k_pid_att": [7502.254526569175, 7343.012911644656, 8198.50941851871], "k_pid_yaw": [0.5, 1e-06, 0.1], "k_pid_hsp": [7659.910480486223, 8444.02664838632, 8837.312552257123], "k_pid_vsp": [9662.616435043243, 8269.148693780131, 8062.14977203933]}, "datetime": {"datetime": "2025-08-09 01:48:10", "elapsed": 32321.559133291245, "delta": 31.780344486236572}, "costs": {"total_cost": 30226.93465386798, "time_cost": 150, "final_distance_cost": 8110.742204624134, "oscillation_cost": 1645.1418609122427, "completition_cost": 1000.0, "overshoot_cost": 19117.997031810824, "power_cost": 58.65572023925782, "noise_cost": 144.39783628152233, "n_waypoints_completed": 0, "tot_waypoints": 9}}
{"target": -2389.4228774898547, "params": {"k_pid_pos": [10000.0, 6504.645875763814, 1586.2783190507405], "k_pid_alt": [7952.345047499285, 0.0, 3797.2145282912957], "k_pid_att": [7441.752175204037, 4551.768608743624, 0.0], "k_pid_yaw": [0.5, 1e-06, 0.1], "k_pid_hsp": [0.0, 0.0, 6915.2441631186], "k_pid_vsp": [2226.983558951347, 6335.125747250201, 9960.92999998942]}, "datetime": {"datetime": "2025-08-09 01:48:49", "elapsed": 32361.38173556328, "delta": 39.82260227203369}, "costs": {"total_cost": 2389.4228774898547, "time_cost": 150, "final_distance_cost": 102.57227183805422, "oscillation_cost": 808.7911862038081, "completition_cost": 1000.0, "overshoot_cost": 264.62820381139596, "power_cost": 35.490821423339845, "noise_cost": 27.940394213256827, "n_waypoints_completed": 0, "tot_waypoints": 9}}
{"target": -21380.33917865575, "params": {"k_pid_pos": [1695.2341273144323, 409.03219808631206, 9850.926132244082], "k_pid_alt": [6596.7349676269, 54.08377248914853, 603.873893158563], "k_pid_att": [4754.271649237979, 2251.716995694928, 7780.524821444361], "k_pid_yaw": [0.5, 1e-06, 0.1], "k_pid_hsp": [487.65857249955855, 999.6165024758419, 2202.8524876015754], "k_pid_vsp": [845.8096195449349, 3623.8124618961456, 40.98963126131117]}, "datetime": {"datetime": "2025-08-09 01:49:21", "elapsed": 32393.010089159012, "delta": 31.628353595733643}, "costs": {"total_cost": 21380.33917865575, "time_cost": 150, "final_distance_cost": 4915.909920210217, "oscillation_cost": 856.3807396370604, "completition_cost": 1000.0, "overshoot_cost": 14261.461139843828, "power_cost": 58.6582388671875, "noise_cost": 137.92914009745803, "n_waypoints_completed": 0, "tot_waypoints": 9}}
{"target": -9432.815464046118, "params": {"k_pid_pos": [1002.8202983616019, 3283.0878670081265, 2043.7197940584274], "k_pid_alt": [24.5246505407859, 8162.052540204279, 2350.767532104303], "k_pid_att": [5878.039223822461, 6999.857898299341, 6534.292009952074], "k_pid_yaw": [0.5, 1e-06, 0.1], "k_pid_hsp": [597.6197065674205, 2053.366106897241, 6430.889686823864], "k_pid_vsp": [614.0824271452483, 5328.091953414441, 4202.737018439917]}, "datetime": {"datetime": "2025-08-09 01:49:52", "elapsed": 32424.317587137222, "delta": 31.30749797821045}, "costs": {"total_cost": 9432.815464046118, "time_cost": 150, "final_distance_cost": 2478.0006590559656, "oscillation_cost": 1216.248371876325, "completition_cost": 1000.0, "overshoot_cost": 4417.716159139332, "power_cost": 53.95574820556641, "noise_cost": 116.89452576892796, "n_waypoints_completed": 0, "tot_waypoints": 9}}
{"target": -1690.338541624599, "params": {"k_pid_pos": [1591.9793177634688, 7672.94628008702, 8399.410482218018], "k_pid_alt": [7366.445517169486, 8149.066119100394, 6525.154177543672], "k_pid_att": [10000.0, 10000.0, 0.0], "k_pid_yaw": [0.5, 1e-06, 0.1], "k_pid_hsp": [10000.0, 4099.510519767803, 0.0], "k_pid_vsp": [7929.415043794376, 3799.6078078797473, 10000.0]}, "datetime": {"datetime": "2025-08-09 01:50:30", "elapsed": 32461.912467718124, "delta": 37.5948805809021}, "costs": {"total_cost": 1690.338541624599, "time_cost": 150, "final_distance_cost": 61.508013056857315, "oscillation_cost": 450.72402737833863, "completition_cost": 888.8888888888888, "overshoot_cost": 72.43809580965633, "power_cost": 38.24521829833984, "noise_cost": 28.5342981925183, "n_waypoints_completed": 1, "tot_waypoints": 9}}
{"target": -2633.1217317803485, "params": {"k_pid_pos": [66.4342351002689, 2370.3104057327428, 3800.4448207563446], "k_pid_alt": [8142.372462324988, 2046.645008760032, 2651.2402033055573], "k_pid_att": [4325.885269219215, 9383.035362025104, 2128.380386980633], "k_pid_yaw": [0.5, 1e-06, 0.1], "k_pid_hsp": [6058.735434735083, 7878.163331715276, 1854.4470689338177], "k_pid_vsp": [5435.285416321904, 8007.56109457029, 7734.486506187478]}, "datetime": {"datetime": "2025-08-09 01:51:02", "elapsed": 32494.095477581024, "delta": 32.18300986289978}, "costs": {"total_cost": 2633.1217317803485, "time_cost": 150, "final_distance_cost": 341.3263544689612, "oscillation_cost": 506.95117246621896, "completition_cost": 1000.0, "overshoot_cost": 477.2947869306554, "power_cost": 55.52130301513672, "noise_cost": 102.0281148993765, "n_waypoints_completed": 0, "tot_waypoints": 9}}
{"target": -16905.42593491186, "params": {"k_pid_pos": [422.83858729861623, 4512.756721214176, 1049.0327959997835], "k_pid_alt": [5887.874784997363, 9811.378228083644, 9586.270853239286], "k_pid_att": [6785.010347590544, 1769.9942979855032, 7153.226902226554], "k_pid_yaw": [0.5, 1e-06, 0.1], "k_pid_hsp": [2574.3908532149453, 8937.034682727259, 2542.8000803381824], "k_pid_vsp": [8734.031026495957, 1568.207542842076, 1179.6802120756865]}, "datetime": {"datetime": "2025-08-09 01:51:34", "elapsed": 32526.4610683918, "delta": 32.36559081077576}, "costs": {"total_cost": 16905.42593491186, "time_cost": 150, "final_distance_cost": 3977.635101494298, "oscillation_cost": 723.8432778111683, "completition_cost": 1000.0, "overshoot_cost": 10855.105823056938, "power_cost": 58.598543566894534, "noise_cost": 140.24318898255862, "n_waypoints_completed": 0, "tot_waypoints": 9}}
{"target": -2227.5445567866036, "params": {"k_pid_pos": [5320.633692879643, 1049.390342097867, 9603.611821865577], "k_pid_alt": [8671.83757546047, 9397.30021046659, 3238.3203169913236], "k_pid_att": [10000.0, 10000.0, 0.0], "k_pid_yaw": [0.5, 1e-06, 0.1], "k_pid_hsp": [10000.0, 0.0, 8944.257863343539], "k_pid_vsp": [5297.782999166123, 8318.46157945554, 7051.132687671916]}, "datetime": {"datetime": "2025-08-09 01:52:13", "elapsed": 32564.67658019066, "delta": 38.21551179885864}, "costs": {"total_cost": 2227.5445567866036, "time_cost": 150, "final_distance_cost": 52.74686210774898, "oscillation_cost": 856.305533127542, "completition_cost": 1000.0, "overshoot_cost": 104.20448846094442, "power_cost": 36.34835614013672, "noise_cost": 27.93931695023131, "n_waypoints_completed": 0, "tot_waypoints": 9}}
{"target": -1246.0454451243554, "params": {"k_pid_pos": [10000.0, 4592.485248150433, 5143.0587898881595], "k_pid_alt": [6904.841687174431, 3890.2748890994217, 2762.4744323134532], "k_pid_att": [10000.0, 6814.691474944694, 0.0], "k_pid_yaw": [0.5, 1e-06, 0.1], "k_pid_hsp": [4295.062390837472, 4237.094308674292, 0.0], "k_pid_vsp": [6946.519167917014, 10000.0, 0.0]}, "datetime": {"datetime": "2025-08-09 01:52:51", "elapsed": 32603.414115428925, "delta": 38.73753523826599}, "costs": {"total_cost": 1246.0454451243554, "time_cost": 150, "final_distance_cost": 43.64868619799432, "oscillation_cost": 361.91199880826053, "completition_cost": 555.5555555555555, "overshoot_cost": 63.71399301314532, "power_cost": 40.87573864746094, "noise_cost": 30.33947290193863, "n_waypoints_completed": 4, "tot_waypoints": 9}}
{"target": -2964.26653208013, "params": {"k_pid_pos": [4208.488867803032, 568.4805558478967, 7055.769278610306], "k_pid_alt": [2653.944875736869, 9376.964452356347, 8623.921789578815], "k_pid_att": [9896.123450593213, 9894.970035285422, 4453.323908345197], "k_pid_yaw": [0.5, 1e-06, 0.1], "k_pid_hsp": [488.76896547144224, 4102.840316126994, 84.61024413541129], "k_pid_vsp": [3657.4810529468873, 5944.79259968516, 1178.6714457968783]}, "datetime": {"datetime": "2025-08-09 01:53:24", "elapsed": 32635.665623426437, "delta": 32.25150799751282}, "costs": {"total_cost": 2964.26653208013, "time_cost": 150, "final_distance_cost": 406.55326070604207, "oscillation_cost": 624.1589326103492, "completition_cost": 1000.0, "overshoot_cost": 608.1059733546427, "power_cost": 58.59510183105469, "noise_cost": 116.85326357804158, "n_waypoints_completed": 0, "tot_waypoints": 9}}
{"target": -1448.4420586592407, "params": {"k_pid_pos": [6701.566791268478, 4813.198575209437, 9660.913530493737], "k_pid_alt": [2671.9092842478162, 0.0, 5555.327184859077], "k_pid_att": [10000.0, 5841.048611939377, 0.0], "k_pid_yaw": [0.5, 1e-06, 0.1], "k_pid_hsp": [0.0, 10000.0, 0.0], "k_pid_vsp": [6577.233206620112, 254.02522082562768, 3340.3342953940924]}, "datetime": {"datetime": "2025-08-09 01:54:01", "elapsed": 32672.64318227768, "delta": 36.977558851242065}, "costs": {"total_cost": 1448.4420586592407, "time_cost": 150, "final_distance_cost": 57.857763547630846, "oscillation_cost": 198.35078631604802, "completition_cost": 888.8888888888888, "overshoot_cost": 78.4913493258475, "power_cost": 45.06070186767578, "noise_cost": 29.79256871314985, "n_waypoints_completed": 1, "tot_waypoints": 9}}
{"target": -8118.763069555266, "params": {"k_pid_pos": [4433.147921548072, 2913.524824586192, 9154.085152240234], "k_pid_alt": [9169.513916319791, 8062.047075251057, 6776.895560009877], "k_pid_att": [5794.190067324303, 2432.3193793199416, 4210.658054495121], "k_pid_yaw": [0.5, 1e-06, 0.1], "k_pid_hsp": [9968.553037629368, 4714.93854944445, 4141.244862626897], "k_pid_vsp": [5691.886158032178, 8507.381647241044, 6369.588522784518]}, "datetime": {"datetime": "2025-08-09 01:54:33", "elapsed": 32704.797527074814, "delta": 32.1543447971344}, "costs": {"total_cost": 8118.763069555266, "time_cost": 150, "final_distance_cost": 1184.3688531528749, "oscillation_cost": 670.8828041574947, "completition_cost": 1000.0, "overshoot_cost": 4926.144428015795, "power_cost": 58.02140152587891, "noise_cost": 129.34558270322285, "n_waypoints_completed": 0, "tot_waypoints": 9}}
{"target": -4401.981909386764, "params": {"k_pid_pos": [2438.402840708147, 5256.752804080141, 45.573138178832686], "k_pid_alt": [566.1338495911828, 4061.5082908680147, 4097.46374547717], "k_pid_att": [3818.2223929901693, 8389.281951972347, 2840.0635971702704], "k_pid_yaw": [0.5, 1e-06, 0.1], "k_pid_hsp": [5129.230313149092, 300.0018125456538, 170.5892445068402], "k_pid_vsp": [5242.1003583012925, 1720.164056644783, 3500.1480695331165]}, "datetime": {"datetime": "2025-08-09 01:55:05", "elapsed": 32737.24208688736, "delta": 32.444559812545776}, "costs": {"total_cost": 4401.981909386764, "time_cost": 150, "final_distance_cost": 895.4812971055662, "oscillation_cost": 1073.257691594705, "completition_cost": 1000.0, "overshoot_cost": 1083.470859639261, "power_cost": 58.59248366699219, "noise_cost": 141.17957738023986, "n_waypoints_completed": 0, "tot_waypoints": 9}}
{"target": -6338.2492674758205, "params": {"k_pid_pos": [6229.1607220530595, 7043.796148791494, 1475.5220720822704], "k_pid_alt": [6966.764346699166, 6049.683430974501, 4152.909595841457], "k_pid_att": [739.5718445008281, 474.25676438053176, 6868.080712325393], "k_pid_yaw": [0.5, 1e-06, 0.1], "k_pid_hsp": [3874.697597267084, 6655.054072374996, 2467.5575970560417], "k_pid_vsp": [1164.308363471207, 1863.2231932745558, 9797.138853862058]}, "datetime": {"datetime": "2025-08-09 01:55:37", "elapsed": 32768.91509580612, "delta": 31.673008918762207}, "costs": {"total_cost": 6338.2492674758205, "time_cost": 150, "final_distance_cost": 1647.6118275539939, "oscillation_cost": 23.052821141076127, "completition_cost": 1000.0, "overshoot_cost": 3453.9622938925927, "power_cost": 35.187957543945316, "noise_cost": 28.43436734421243, "n_waypoints_completed": 0, "tot_waypoints": 9}}
{"target": -4545.187545382181, "params": {"k_pid_pos": [5239.194311028627, 6674.428378847592, 1221.8009136372377], "k_pid_alt": [70.83902768342476, 6511.833947064294, 3400.4751562130773], "k_pid_att": [2775.232726302502, 2190.6297034796494, 2113.647073474968], "k_pid_yaw": [0.5, 1e-06, 0.1], "k_pid_hsp": [4469.846478447943, 281.26492672261304, 8344.72264507963], "k_pid_vsp": [8498.663677909506, 8249.304920639124, 1404.612918256053]}, "datetime": {"datetime": "2025-08-09 01:56:09", "elapsed": 32800.76918363571, "delta": 31.854087829589844}, "costs": {"total_cost": 4545.187545382181, "time_cost": 150, "final_distance_cost": 348.97219069082564, "oscillation_cost": 721.1251495667551, "completition_cost": 1000.0, "overshoot_cost": 2125.796917715895, "power_cost": 58.651163793945315, "noise_cost": 140.6421236147597, "n_waypoints_completed": 0, "tot_waypoints": 9}}
{"target": -1638.8342809133542, "params": {"k_pid_pos": [3516.276289783926, 2234.506476473612, 0.0], "k_pid_alt": [0.0, 4779.5555390644, 4411.088981929675], "k_pid_att": [10000.0, 7695.189952000347, 0.0], "k_pid_yaw": [0.5, 1e-06, 0.1], "k_pid_hsp": [5878.481048526203, 0.0, 0.0], "k_pid_vsp": [5247.126188352209, 435.06275523916787, 4731.955227382102]}, "datetime": {"datetime": "2025-08-09 01:56:48", "elapsed": 32839.81595778465, "delta": 39.04677414894104}, "costs": {"total_cost": 1638.8342809133542, "time_cost": 150, "final_distance_cost": 97.45613727801272, "oscillation_cost": 470.5648631004386, "completition_cost": 777.7777777777778, "overshoot_cost": 74.36093390942283, "power_cost": 39.93431583251953, "noise_cost": 28.740253015182674, "n_waypoints_completed": 2, "tot_waypoints": 9}}
{"target": -1854.328492629138, "params": {"k_pid_pos": [5202.187129898709, 5507.683856131606, 0.0], "k_pid_alt": [331.30818096763073, 5124.908151129968, 0.0], "k_pid_att": [7333.239648508069, 6058.746280520894, 0.0], "k_pid_yaw": [0.5, 1e-06, 0.1], "k_pid_hsp": [10000.0, 0.0, 0.0], "k_pid_vsp": [6824.758539180107, 5649.573953931327, 2668.5797276168837]}, "datetime": {"datetime": "2025-08-09 01:57:27", "elapsed": 32879.39479970932, "delta": 39.57884192466736}, "costs": {"total_cost": 1854.328492629138, "time_cost": 150, "final_distance_cost": 70.9655660575263, "oscillation_cost": 493.08385252809154, "completition_cost": 1000.0, "overshoot_cost": 70.95401322155288, "power_cost": 40.5680158569336, "noise_cost": 28.757044965033643, "n_waypoints_completed": 0, "tot_waypoints": 9}}
{"target": -1591.606368666316, "params": {"k_pid_pos": [4149.235443789506, 6759.566911640649, 10000.0], "k_pid_alt": [3178.284570883819, 9788.354051642129, 4254.322679602317], "k_pid_att": [9050.654726409157, 4581.73120217713, 0.0], "k_pid_yaw": [0.5, 1e-06, 0.1], "k_pid_hsp": [0.0, 5479.487651180311, 0.0], "k_pid_vsp": [927.7647456698138, 4839.332249509551, 9996.68329520032]}, "datetime": {"datetime": "2025-08-09 01:58:08", "elapsed": 32920.06248378754, "delta": 40.66768407821655}, "costs": {"total_cost": 1591.606368666316, "time_cost": 150, "final_distance_cost": 58.68532618615798, "oscillation_cost": 208.75507109721548, "completition_cost": 1000.0, "overshoot_cost": 96.93143245418888, "power_cost": 45.70321884765625, "noise_cost": 31.5313200810977, "n_waypoints_completed": 0, "tot_waypoints": 9}}
{"target": -1512.6168005938218, "params": {"k_pid_pos": [7779.36185606973, 9312.678941357937, 0.0], "k_pid_alt": [0.0, 4372.5308161074645, 0.0], "k_pid_att": [4069.5212686067107, 415.2775101827408, 0.0], "k_pid_yaw": [0.5, 1e-06, 0.1], "k_pid_hsp": [6763.525200409882, 3517.4300070416207, 5038.800578631973], "k_pid_vsp": [5972.698275838195, 10000.0, 5350.047452969195]}, "datetime": {"datetime": "2025-08-09 01:58:47", "elapsed": 32959.12679076195, "delta": 39.06430697441101}, "costs": {"total_cost": 1512.6168005938218, "time_cost": 150, "final_distance_cost": 72.86578931419983, "oscillation_cost": 354.7257794019821, "completition_cost": 777.7777777777778, "overshoot_cost": 88.21121518163662, "power_cost": 40.32894234619141, "noise_cost": 28.707296572034338, "n_waypoints_completed": 2, "tot_waypoints": 9}}
{"target": -25733.765038399455, "params": {"k_pid_pos": [4729.6429949469275, 3735.064221554629, 7501.099350264747], "k_pid_alt": [967.6508795555005, 3114.4392529825536, 9468.670314069765], "k_pid_att": [283.2993261481609, 6214.7279656883165, 4947.900211249234], "k_pid_yaw": [0.5, 1e-06, 0.1], "k_pid_hsp": [2939.771181037316, 3673.151290485844, 6902.134316441429], "k_pid_vsp": [9012.669403216642, 5887.122851321193, 1265.841814214821]}, "datetime": {"datetime": "2025-08-09 01:59:19", "elapsed": 32990.75063467026, "delta": 31.623843908309937}, "costs": {"total_cost": 25733.765038399455, "time_cost": 150, "final_distance_cost": 7141.455619079386, "oscillation_cost": 1692.39284860616, "completition_cost": 1000.0, "overshoot_cost": 15546.933041291097, "power_cost": 58.678636059570316, "noise_cost": 144.30489336324015, "n_waypoints_completed": 0, "tot_waypoints": 9}}
{"target": -2338.095377536039, "params": {"k_pid_pos": [5739.791253725986, 628.3416942628095, 2593.0968902984373], "k_pid_alt": [1360.2271802635546, 183.272697384258, 8918.87085865298], "k_pid_att": [5308.687555930571, 1451.998894749985, 788.8356681542131], "k_pid_yaw": [0.5, 1e-06, 0.1], "k_pid_hsp": [7752.897035771853, 3085.0941717426904, 3153.9303780853124], "k_pid_vsp": [223.85868753052708, 7449.646421719379, 3477.9020553516693]}, "datetime": {"datetime": "2025-08-09 01:59:50", "elapsed": 33021.79731321335, "delta": 31.04667854309082}, "costs": {"total_cost": 2338.095377536039, "time_cost": 150, "final_distance_cost": 320.3922864779983, "oscillation_cost": 58.33049720678312, "completition_cost": 1000.0, "overshoot_cost": 746.2116004228193, "power_cost": 35.33170135498047, "noise_cost": 27.829292073457996, "n_waypoints_completed": 0, "tot_waypoints": 9}}
{"target": -2413.124919855811, "params": {"k_pid_pos": [5041.0977838713825, 6655.939139968132, 529.9099183072091], "k_pid_alt": [0.0, 6777.808659431906, 9854.547960594811], "k_pid_att": [7579.154177748217, 7250.607865691968, 0.0], "k_pid_yaw": [0.5, 1e-06, 0.1], "k_pid_hsp": [5461.8027476817215, 2774.360079225387, 10000.0], "k_pid_vsp": [8733.477663093241, 0.0, 4577.663058486716]}, "datetime": {"datetime": "2025-08-09 02:00:28", "elapsed": 33059.99745750427, "delta": 38.20014429092407}, "costs": {"total_cost": 2413.124919855811, "time_cost": 150, "final_distance_cost": 91.44737568305037, "oscillation_cost": 948.7577795486563, "completition_cost": 1000.0, "overshoot_cost": 158.1569276357347, "power_cost": 36.70340180664063, "noise_cost": 28.059435181729413, "n_waypoints_completed": 0, "tot_waypoints": 9}}
{"target": -2806.2064258587484, "params": {"k_pid_pos": [7416.541008461718, 9208.992194737999, 1500.3482943793522], "k_pid_alt": [1562.8917984161117, 4495.704866985501, 625.42100194937], "k_pid_att": [3853.3714105179083, 640.760546336402, 537.9784662340536], "k_pid_yaw": [0.5, 1e-06, 0.1], "k_pid_hsp": [5216.593948299472, 5054.5100691090165, 3706.280123401916], "k_pid_vsp": [5611.937439689466, 8605.523319915725, 7088.964027183455]}, "datetime": {"datetime": "2025-08-09 02:01:00", "elapsed": 33091.9016354084, "delta": 31.90417790412903}, "costs": {"total_cost": 2806.2064258587484, "time_cost": 150, "final_distance_cost": 508.71334353781344, "oscillation_cost": 56.260383816954686, "completition_cost": 1000.0, "overshoot_cost": 1028.2903434544164, "power_cost": 35.19683806152344, "noise_cost": 27.745516988040453, "n_waypoints_completed": 0, "tot_waypoints": 9}}
{"target": -1928.8646685076542, "params": {"k_pid_pos": [934.9866096973524, 10000.0, 10000.0], "k_pid_alt": [10000.0, 4819.890850329242, 9876.535063107542], "k_pid_att": [6592.054336161596, 4285.609679467496, 0.0], "k_pid_yaw": [0.5, 1e-06, 0.1], "k_pid_hsp": [10000.0, 4951.10968483548, 7018.78080273952], "k_pid_vsp": [10000.0, 6637.996746437272, 3002.4953014969733]}, "datetime": {"datetime": "2025-08-09 02:01:39", "elapsed": 33130.70544362068, "delta": 38.80380821228027}, "costs": {"total_cost": 1928.8646685076542, "time_cost": 150, "final_distance_cost": 79.40549053245583, "oscillation_cost": 645.394519262194, "completition_cost": 888.8888888888888, "overshoot_cost": 101.33736801535626, "power_cost": 36.047847045898436, "noise_cost": 27.790554762860868, "n_waypoints_completed": 1, "tot_waypoints": 9}}
{"target": -3856.653478269689, "params": {"k_pid_pos": [6866.71595078141, 6555.634223144544, 4693.698276102183], "k_pid_alt": [5723.16992152066, 5306.027250459742, 7914.786141196041], "k_pid_att": [5588.226459540151, 2903.608761974068, 2643.4621867740307], "k_pid_yaw": [0.5, 1e-06, 0.1], "k_pid_hsp": [8115.3957855277495, 3686.9098540670097, 4620.722506574339], "k_pid_vsp": [4111.739336009046, 3064.4108700136917, 3502.6246931271344]}, "datetime": {"datetime": "2025-08-09 02:02:10", "elapsed": 33162.40236520767, "delta": 31.696921586990356}, "costs": {"total_cost": 3856.653478269689, "time_cost": 150, "final_distance_cost": 380.74119876303325, "oscillation_cost": 615.4144670520003, "completition_cost": 1000.0, "overshoot_cost": 1546.9108001206764, "power_cost": 56.880412792968755, "noise_cost": 106.70659954101025, "n_waypoints_completed": 0, "tot_waypoints": 9}}
