{"target": -8536.311689112335, "params": {"k_pid_pos": [848.5562281433356, 77.35467337756874, 4602.876305661987], "k_pid_alt": [8988.61432540524, 6114.156702719782, 7519.441176765183], "k_pid_att": [761.7797322171116, 7912.935018622933, 8360.826973757896], "k_pid_yaw": [0.5, 1e-06, 0.1], "k_pid_hsp": [7315.718931769388, 3363.8781253203188, 8037.901928614456], "k_pid_vsp": [1317.0204629895632, 3850.5197559478797, 1567.9120847216022]}, "datetime": {"datetime": "2025-08-09 16:39:56", "elapsed": 85828.3707640171, "delta": 37.99910283088684}, "costs": {"total_cost": 8536.311689112335, "time_cost": 150, "final_distance_cost": 1553.1894091363315, "oscillation_cost": 1243.7169608051133, "completition_cost": 1000.0, "overshoot_cost": 4389.81183801385, "power_cost": 58.65619465332031, "noise_cost": 140.93728650371972, "n_waypoints_completed": 0, "tot_waypoints": 9}}
{"target": -6129.455782667683, "params": {"k_pid_pos": [4697.923437368388, 5056.723169334631, 9881.997149770395], "k_pid_alt": [3866.480740504057, 3215.214054962331, 1955.9881227930086], "k_pid_att": [9943.195306834074, 99.12597768987008, 1931.0710685691179], "k_pid_yaw": [0.5, 1e-06, 0.1], "k_pid_hsp": [2469.905064118908, 581.6193301169237, 9087.8546471289], "k_pid_vsp": [4245.071578935344, 5025.4293113326175, 6723.867944731354]}, "datetime": {"datetime": "2025-08-09 16:40:37", "elapsed": 85869.02122688293, "delta": 40.65046286582947}, "costs": {"total_cost": 6129.455782667683, "time_cost": 150, "final_distance_cost": 1533.9004357829187, "oscillation_cost": 42.764081884560355, "completition_cost": 1000.0, "overshoot_cost": 3339.668587217589, "power_cost": 35.329520153808595, "noise_cost": 27.793157628805723, "n_waypoints_completed": 0, "tot_waypoints": 9}}
{"target": -6082.362269625832, "params": {"k_pid_pos": [2490.8376852920887, 7763.905481118709, 9822.413132937048], "k_pid_alt": [165.5490203281462, 6305.038497330259, 4493.239624477887], "k_pid_att": [4152.116581464144, 2832.254124776289, 3074.332738955945], "k_pid_yaw": [0.5, 1e-06, 0.1], "k_pid_hsp": [3798.553487953221, 6282.856284227155, 7227.235487465693], "k_pid_vsp": [7590.558612915214, 8460.485565496652, 1588.2146848191037]}, "datetime": {"datetime": "2025-08-09 16:41:15", "elapsed": 85907.08608365059, "delta": 38.06485676765442}, "costs": {"total_cost": 6082.362269625832, "time_cost": 150, "final_distance_cost": 1581.1232119619317, "oscillation_cost": 703.2634109123328, "completition_cost": 1000.0, "overshoot_cost": 2453.8482002412097, "power_cost": 58.6061121459961, "noise_cost": 135.52133436436148, "n_waypoints_completed": 0, "tot_waypoints": 9}}
{"target": -7221.612948822281, "params": {"k_pid_pos": [1542.628813504201, 1915.0124531215274, 620.8255096068793], "k_pid_alt": [5923.683346070726, 4987.730106361161, 454.35913441895013], "k_pid_att": [5893.0031743423415, 5649.766447798772, 3445.831586643987], "k_pid_yaw": [0.5, 1e-06, 0.1], "k_pid_hsp": [1706.0701458275607, 1360.2009573805585, 8460.307110725498], "k_pid_vsp": [1221.0452784804593, 3125.9798919788504, 9514.712663250353]}, "datetime": {"datetime": "2025-08-09 16:41:53", "elapsed": 85945.04481506348, "delta": 37.95873141288757}, "costs": {"total_cost": 7221.612948822281, "time_cost": 150, "final_distance_cost": 1734.0757110016846, "oscillation_cost": 566.0272519899905, "completition_cost": 1000.0, "overshoot_cost": 3602.002925269735, "power_cost": 54.49258527832031, "noise_cost": 115.01447528255115, "n_waypoints_completed": 0, "tot_waypoints": 9}}
{"target": -12609.939908720702, "params": {"k_pid_pos": [6225.947241123518, 9726.524127605073, 8362.508705713886], "k_pid_alt": [3986.8895164627384, 3846.253663626902, 9145.553691481617], "k_pid_att": [3423.943051890662, 9332.388066341266, 9898.273778842798], "k_pid_yaw": [0.5, 1e-06, 0.1], "k_pid_hsp": [578.4410376806381, 4061.94763182677, 8919.844252674708], "k_pid_vsp": [329.7204109587293, 3234.5589250812277, 8852.435014857183]}, "datetime": {"datetime": "2025-08-09 16:42:32", "elapsed": 85983.55755186081, "delta": 38.512736797332764}, "costs": {"total_cost": 12609.939908720702, "time_cost": 150, "final_distance_cost": 2967.6341670987995, "oscillation_cost": 1321.6120700381691, "completition_cost": 1000.0, "overshoot_cost": 6994.842998047428, "power_cost": 56.034628723144536, "noise_cost": 119.81604481316049, "n_waypoints_completed": 0, "tot_waypoints": 9}}
{"target": -10041.535507237557, "params": {"k_pid_pos": [6440.829847386368, 7953.879951162238, 6051.694904358374], "k_pid_alt": [4515.512889883172, 5.50129044389891, 104.00614798896757], "k_pid_att": [5764.642337984882, 829.0655100052458, 6238.9956111214515], "k_pid_yaw": [0.5, 1e-06, 0.1], "k_pid_hsp": [2911.9276062024915, 5229.815810909747, 9585.850136928973], "k_pid_vsp": [5028.757373348992, 1645.8601912399029, 4598.370828166147]}, "datetime": {"datetime": "2025-08-09 16:43:09", "elapsed": 86020.618704319, "delta": 37.06115245819092}, "costs": {"total_cost": 10041.535507237557, "time_cost": 150, "final_distance_cost": 2720.30764735009, "oscillation_cost": 23.434048889630684, "completition_cost": 1000.0, "overshoot_cost": 6084.6750177204885, "power_cost": 35.32499494628907, "noise_cost": 27.79379833105918, "n_waypoints_completed": 0, "tot_waypoints": 9}}
{"target": -1486.723782302044, "params": {"k_pid_pos": [10000.0, 6740.281516999629, 8030.545106551765], "k_pid_alt": [2660.8879780479438, 10000.0, 9234.069979966334], "k_pid_att": [7282.374392170906, 10000.0, 0.0], "k_pid_yaw": [0.5, 1e-06, 0.1], "k_pid_hsp": [10000.0, 0.0, 0.0], "k_pid_vsp": [3025.143850411232, 10000.0, 3502.045008902487]}, "datetime": {"datetime": "2025-08-09 16:44:11", "elapsed": 86083.32011413574, "delta": 62.70140981674194}, "costs": {"total_cost": 1486.723782302044, "time_cost": 150, "final_distance_cost": 58.00832033083245, "oscillation_cost": 562.3496790027574, "completition_cost": 555.5555555555555, "overshoot_cost": 92.15182823726012, "power_cost": 39.846939282226565, "noise_cost": 28.811459893411875, "n_waypoints_completed": 4, "tot_waypoints": 9}}
{"target": -6159.455185418156, "params": {"k_pid_pos": [8697.874106260371, 2147.4932939691616, 4821.224756937923], "k_pid_alt": [8628.956682173995, 2834.824017180484, 4175.765696316827], "k_pid_att": [9258.10893376182, 6978.703435167996, 6085.6823829768255], "k_pid_yaw": [0.5, 1e-06, 0.1], "k_pid_hsp": [3943.6040912733474, 576.118232830608, 4745.052319822334], "k_pid_vsp": [3266.801736041901, 5367.739115884179, 9902.736889627413]}, "datetime": {"datetime": "2025-08-09 16:44:48", "elapsed": 86119.79909658432, "delta": 36.47898244857788}, "costs": {"total_cost": 6159.455185418156, "time_cost": 150, "final_distance_cost": 1490.1152313397647, "oscillation_cost": 412.9878488058595, "completition_cost": 1000.0, "overshoot_cost": 2984.0087772095944, "power_cost": 48.86236474609375, "noise_cost": 73.4809633168442, "n_waypoints_completed": 0, "tot_waypoints": 9}}
{"target": -6140.885342386362, "params": {"k_pid_pos": [9349.550517602976, 8122.190220239221, 1290.0497046567948], "k_pid_alt": [7380.762925657914, 599.8299709558453, 2397.905127133315], "k_pid_att": [9778.3302168955, 7105.375359579384, 8948.582619852537], "k_pid_yaw": [0.5, 1e-06, 0.1], "k_pid_hsp": [6939.817498827445, 2970.6924292933145, 1881.676462790024], "k_pid_vsp": [3010.994583402129, 8637.700957350964, 9510.228375781284]}, "datetime": {"datetime": "2025-08-09 16:45:25", "elapsed": 86156.58839988708, "delta": 36.78930330276489}, "costs": {"total_cost": 6140.885342386362, "time_cost": 150, "final_distance_cost": 1216.8579012850664, "oscillation_cost": 537.2430178534661, "completition_cost": 1000.0, "overshoot_cost": 3086.65093010332, "power_cost": 51.17883100585938, "noise_cost": 98.95466213864985, "n_waypoints_completed": 0, "tot_waypoints": 9}}
{"target": -1609.037430141615, "params": {"k_pid_pos": [5195.458940218202, 5205.413007236849, 0.0], "k_pid_alt": [0.0, 1859.4290724477203, 0.0], "k_pid_att": [5366.981015519932, 805.3058607962586, 0.0], "k_pid_yaw": [0.5, 1e-06, 0.1], "k_pid_hsp": [10000.0, 8976.935543049845, 0.0], "k_pid_vsp": [0.0, 10000.0, 5247.419016528014]}, "datetime": {"datetime": "2025-08-09 16:46:30", "elapsed": 86222.13583922386, "delta": 65.54743933677673}, "costs": {"total_cost": 1609.037430141615, "time_cost": 150, "final_distance_cost": 70.8087713318755, "oscillation_cost": 246.41838155872134, "completition_cost": 1000.0, "overshoot_cost": 70.07871482513809, "power_cost": 42.39205516357422, "noise_cost": 29.339507262305844, "n_waypoints_completed": 0, "tot_waypoints": 9}}
{"target": -15261.267016555259, "params": {"k_pid_pos": [2315.514018495467, 6957.596581609509, 7120.826374254147], "k_pid_alt": [2717.848183888657, 4349.718073147731, 654.4005142984166], "k_pid_att": [411.8681331500829, 4269.056802068615, 7103.155247966042], "k_pid_yaw": [0.5, 1e-06, 0.1], "k_pid_hsp": [564.4966513034899, 2282.792545859481, 1413.0072367642244], "k_pid_vsp": [3659.8425737522366, 9146.87930366323, 7510.348177811113]}, "datetime": {"datetime": "2025-08-09 16:47:08", "elapsed": 86259.9308347702, "delta": 37.79499554634094}, "costs": {"total_cost": 15261.267016555259, "time_cost": 150, "final_distance_cost": 4311.009405206023, "oscillation_cost": 668.0684293421351, "completition_cost": 1000.0, "overshoot_cost": 8959.116872612633, "power_cost": 55.10686727294922, "noise_cost": 117.96544212151962, "n_waypoints_completed": 0, "tot_waypoints": 9}}
{"target": -2256.894725514857, "params": {"k_pid_pos": [5779.656031197964, 10000.0, 4828.792881779551], "k_pid_alt": [10000.0, 4128.499529361011, 3122.8786848467084], "k_pid_att": [4964.496106686639, 7386.5385146263825, 0.0], "k_pid_yaw": [0.5, 1e-06, 0.1], "k_pid_hsp": [0.0, 0.0, 8186.539766654737], "k_pid_vsp": [1610.6019130171724, 10000.0, 5343.415429920496]}, "datetime": {"datetime": "2025-08-09 16:48:15", "elapsed": 86326.58210778236, "delta": 66.65127301216125}, "costs": {"total_cost": 2256.894725514857, "time_cost": 150, "final_distance_cost": 72.02869829692754, "oscillation_cost": 859.7705791983001, "completition_cost": 1000.0, "overshoot_cost": 110.49470533976987, "power_cost": 36.58485563964844, "noise_cost": 28.015887040210764, "n_waypoints_completed": 0, "tot_waypoints": 9}}
{"target": -8569.835603953268, "params": {"k_pid_pos": [2853.793885831999, 8382.075191851134, 1820.6245139426892], "k_pid_alt": [4602.987011609516, 9896.586746580282, 1874.169225800685], "k_pid_att": [5030.219959232126, 619.2646773260069, 8734.560095907307], "k_pid_yaw": [0.5, 1e-06, 0.1], "k_pid_hsp": [4987.003128040323, 1320.3539432166256, 1546.342367164889], "k_pid_vsp": [4930.4302374225235, 1366.3731763881437, 5406.1405029572525]}, "datetime": {"datetime": "2025-08-09 16:48:52", "elapsed": 86363.79867625237, "delta": 37.21656847000122}, "costs": {"total_cost": 8569.835603953268, "time_cost": 150, "final_distance_cost": 2277.4134631709717, "oscillation_cost": 23.29910969411219, "completition_cost": 1000.0, "overshoot_cost": 5056.00302512131, "power_cost": 35.32499494628907, "noise_cost": 27.795011020584514, "n_waypoints_completed": 0, "tot_waypoints": 9}}
{"target": -1352.15400805262, "params": {"k_pid_pos": [3328.5221835444813, 5552.594880168897, 10000.0], "k_pid_alt": [1579.4125258196057, 0.0, 6485.479116969458], "k_pid_att": [8704.563922409434, 1563.9270157599196, 0.0], "k_pid_yaw": [0.5, 1e-06, 0.1], "k_pid_hsp": [4863.561103008508, 9454.937345670942, 0.0], "k_pid_vsp": [364.4015258089183, 10000.0, 10000.0]}, "datetime": {"datetime": "2025-08-09 16:50:02", "elapsed": 86433.83721661568, "delta": 70.03854036331177}, "costs": {"total_cost": 1352.15400805262, "time_cost": 150, "final_distance_cost": 101.51114060222704, "oscillation_cost": 635.6663900820411, "completition_cost": 333.33333333333337, "overshoot_cost": 65.16566488858226, "power_cost": 37.772910021972656, "noise_cost": 28.70456912446372, "n_waypoints_completed": 6, "tot_waypoints": 9}}
{"target": -3549.123676083683, "params": {"k_pid_pos": [9222.858235246542, 3566.849448416316, 5423.119317708635], "k_pid_alt": [7160.020818322652, 3149.5731869585875, 4449.03898301033], "k_pid_att": [9116.023183206267, 5313.163225893439, 6398.649607700117], "k_pid_yaw": [0.5, 1e-06, 0.1], "k_pid_hsp": [4387.514182067245, 7772.508582305627, 8651.788740144124], "k_pid_vsp": [866.1017857414288, 7508.426027809331, 3791.436698786631]}, "datetime": {"datetime": "2025-08-09 16:50:39", "elapsed": 86471.44856357574, "delta": 37.61134696006775}, "costs": {"total_cost": 3549.123676083683, "time_cost": 150, "final_distance_cost": 430.15220370016704, "oscillation_cost": 333.4317724734639, "completition_cost": 1000.0, "overshoot_cost": 1520.9820333398518, "power_cost": 46.02450269775391, "noise_cost": 68.53316387244668, "n_waypoints_completed": 0, "tot_waypoints": 9}}
{"target": -13323.824862972235, "params": {"k_pid_pos": [3489.9830382050245, 6659.718742204138, 5105.79023040437], "k_pid_alt": [2011.3042089165233, 8155.563680145181, 7241.014368403967], "k_pid_att": [538.91376300095, 4220.635678817456, 6611.960182415235], "k_pid_yaw": [0.5, 1e-06, 0.1], "k_pid_hsp": [5101.576890670206, 2565.2809507115326, 1032.8022933066106], "k_pid_vsp": [5103.69289725405, 6850.524564290999, 8936.408027662234]}, "datetime": {"datetime": "2025-08-09 16:51:18", "elapsed": 86509.77992606163, "delta": 38.33136248588562}, "costs": {"total_cost": 13323.824862972235, "time_cost": 150, "final_distance_cost": 4315.600740011111, "oscillation_cost": 646.1856926137154, "completition_cost": 1000.0, "overshoot_cost": 7044.055171171768, "power_cost": 54.32148699951172, "noise_cost": 113.66177217612812, "n_waypoints_completed": 0, "tot_waypoints": 9}}
{"target": -1504.2613076219898, "params": {"k_pid_pos": [10000.0, 6532.440345141019, 10000.0], "k_pid_alt": [10000.0, 1786.2996151522495, 1445.4954571900619], "k_pid_att": [10000.0, 9748.089026825082, 0.0], "k_pid_yaw": [0.5, 1e-06, 0.1], "k_pid_hsp": [0.0, 7446.504764792996, 0.0], "k_pid_vsp": [7127.136906563185, 0.0, 0.0]}, "datetime": {"datetime": "2025-08-09 16:52:22", "elapsed": 86573.87380933762, "delta": 64.09388327598572}, "costs": {"total_cost": 1504.2613076219898, "time_cost": 150, "final_distance_cost": 50.60695754172577, "oscillation_cost": 191.6529276601825, "completition_cost": 1000.0, "overshoot_cost": 35.51624315779961, "power_cost": 46.689304431152344, "noise_cost": 29.795874831129595, "n_waypoints_completed": 0, "tot_waypoints": 9}}
{"target": -2470.859525739665, "params": {"k_pid_pos": [2891.9050604295317, 3839.081373658422, 4814.982902577167], "k_pid_alt": [9857.81054832849, 9774.778120024774, 3077.7221950224152], "k_pid_att": [2133.3217305550934, 8473.116225851372, 594.2105085554394], "k_pid_yaw": [0.5, 1e-06, 0.1], "k_pid_hsp": [8994.994939852204, 9368.518731266711, 6833.347831711618], "k_pid_vsp": [8125.116614063423, 8806.518535662555, 7465.146122810112]}, "datetime": {"datetime": "2025-08-09 16:53:02", "elapsed": 86613.65135478973, "delta": 39.77754545211792}, "costs": {"total_cost": 2470.859525739665, "time_cost": 150, "final_distance_cost": 226.42627654070117, "oscillation_cost": 556.8640104579629, "completition_cost": 1000.0, "overshoot_cost": 380.7033201259595, "power_cost": 58.27014348144532, "noise_cost": 98.59577513359619, "n_waypoints_completed": 0, "tot_waypoints": 9}}
{"target": -11650.6120064368, "params": {"k_pid_pos": [2423.070069388514, 928.9305569366423, 1896.7291732928393], "k_pid_alt": [8471.702346734874, 9165.426820562732, 1821.4074726145468], "k_pid_att": [1495.8446200284081, 4673.962204144141, 9707.122851365855], "k_pid_yaw": [0.5, 1e-06, 0.1], "k_pid_hsp": [9166.231616390416, 6615.750553283872, 5735.210143018556], "k_pid_vsp": [1269.3936830188811, 6800.933127060293, 4707.25747427991]}, "datetime": {"datetime": "2025-08-09 16:53:40", "elapsed": 86652.38527345657, "delta": 38.7339186668396}, "costs": {"total_cost": 11650.6120064368, "time_cost": 150, "final_distance_cost": 3382.781478876542, "oscillation_cost": 608.8712749461998, "completition_cost": 1000.0, "overshoot_cost": 6351.665964237547, "power_cost": 52.899971911621094, "noise_cost": 104.39331646488998, "n_waypoints_completed": 0, "tot_waypoints": 9}}
{"target": -9153.42914204355, "params": {"k_pid_pos": [7149.345641404844, 8010.022593444474, 7361.341009681765], "k_pid_alt": [749.3930056679988, 4941.904219302279, 8007.592881153149], "k_pid_att": [0.0, 0.0, 8044.089560583269], "k_pid_yaw": [0.5, 1e-06, 0.1], "k_pid_hsp": [6299.40461790327, 10000.0, 4644.197036457375], "k_pid_vsp": [8582.744849366862, 5219.477495448535, 10000.0]}, "datetime": {"datetime": "2025-08-09 16:54:47", "elapsed": 86719.03827905655, "delta": 66.65300559997559}, "costs": {"total_cost": 9153.42914204355, "time_cost": 150, "final_distance_cost": 2450.8224535482245, "oscillation_cost": 23.292843354581002, "completition_cost": 1000.0, "overshoot_cost": 5466.1962613275355, "power_cost": 35.32499494628907, "noise_cost": 27.792588866920198, "n_waypoints_completed": 0, "tot_waypoints": 9}}
{"target": -20190.373791619837, "params": {"k_pid_pos": [3540.5972837231525, 7590.888882094187, 8182.760954279062], "k_pid_alt": [9576.314648025997, 8422.958190645628, 7717.395925238347], "k_pid_att": [2337.3968398296406, 2316.91241210514, 3116.42269728277], "k_pid_yaw": [0.5, 1e-06, 0.1], "k_pid_hsp": [9504.355173476546, 8435.505386426656, 3913.092291588297], "k_pid_vsp": [4704.979326066653, 5663.708142104987, 3156.8452435645254]}, "datetime": {"datetime": "2025-08-09 16:55:25", "elapsed": 86756.59944796562, "delta": 37.561168909072876}, "costs": {"total_cost": 20190.373791619837, "time_cost": 150, "final_distance_cost": 5358.602800188996, "oscillation_cost": 1594.0302981685122, "completition_cost": 1000.0, "overshoot_cost": 11886.100015076392, "power_cost": 58.66461442871094, "noise_cost": 142.97606375722378, "n_waypoints_completed": 0, "tot_waypoints": 9}}
{"target": -7941.303015293808, "params": {"k_pid_pos": [6515.6832011243405, 9829.256745399187, 7436.325005265076], "k_pid_alt": [7766.483012613667, 9424.335384440923, 7396.668809301772], "k_pid_att": [3032.4711145789297, 1342.0326049979603, 5403.98876689816], "k_pid_yaw": [0.5, 1e-06, 0.1], "k_pid_hsp": [3115.606533192704, 2483.839148942706, 7878.029035034344], "k_pid_vsp": [373.95717425230515, 7584.225546808136, 7500.291698355271]}, "datetime": {"datetime": "2025-08-09 16:56:03", "elapsed": 86794.89345049858, "delta": 38.294002532958984}, "costs": {"total_cost": 7941.303015293808, "time_cost": 150, "final_distance_cost": 1231.0422748094325, "oscillation_cost": 379.2081652171424, "completition_cost": 1000.0, "overshoot_cost": 5070.243958832936, "power_cost": 47.48036053466797, "noise_cost": 63.32825589962921, "n_waypoints_completed": 0, "tot_waypoints": 9}}
{"target": -23314.124135951188, "params": {"k_pid_pos": [8445.799508221427, 565.2468813367062, 2105.539392601399], "k_pid_alt": [4749.245372738064, 624.142723899409, 8292.97597978558], "k_pid_att": [1731.9992730575973, 7710.025597513124, 3877.5830454354023], "k_pid_yaw": [0.5, 1e-06, 0.1], "k_pid_hsp": [3730.531140898442, 8483.93000610461, 3914.3667471729214], "k_pid_vsp": [2221.2387317331104, 1422.2159005985814, 7435.896180091821]}, "datetime": {"datetime": "2025-08-09 16:56:40", "elapsed": 86831.56600141525, "delta": 36.67255091667175}, "costs": {"total_cost": 23314.124135951188, "time_cost": 150, "final_distance_cost": 6886.969121644014, "oscillation_cost": 1532.4236995376893, "completition_cost": 1000.0, "overshoot_cost": 13555.440520838645, "power_cost": 57.56047277832032, "noise_cost": 131.7303211525162, "n_waypoints_completed": 0, "tot_waypoints": 9}}
{"target": -1551.644620955804, "params": {"k_pid_pos": [2956.4156477750116, 7435.112610412314, 6181.255502349284], "k_pid_alt": [4579.750246955376, 8356.153731978244, 5795.820587964216], "k_pid_att": [9740.911273820997, 3991.927958724858, 1684.7348612170033], "k_pid_yaw": [0.5, 1e-06, 0.1], "k_pid_hsp": [3191.0371067903598, 8559.341260476438, 2943.358822516119], "k_pid_vsp": [3101.6295557008434, 2113.7810920764664, 4447.442562682281]}, "datetime": {"datetime": "2025-08-09 16:57:22", "elapsed": 86874.34859871864, "delta": 42.7825973033905}, "costs": {"total_cost": 1551.644620955804, "time_cost": 150, "final_distance_cost": 96.95740776119162, "oscillation_cost": 56.140273077589114, "completition_cost": 1000.0, "overshoot_cost": 184.73746464256067, "power_cost": 35.94308452148438, "noise_cost": 27.86639095297803, "n_waypoints_completed": 0, "tot_waypoints": 9}}
{"target": -14705.944350092677, "params": {"k_pid_pos": [4886.350780174821, 6323.020281010907, 7075.318473750703], "k_pid_alt": [2873.310012779723, 234.80224870960797, 9087.677377410362], "k_pid_att": [8697.823361178054, 376.3697310163472, 5737.848312475601], "k_pid_yaw": [0.5, 1e-06, 0.1], "k_pid_hsp": [9802.456550850666, 3854.425153042442, 4834.251399778622], "k_pid_vsp": [3255.1574550355676, 9807.070886560321, 204.09358401743293]}, "datetime": {"datetime": "2025-08-09 16:58:02", "elapsed": 86913.54579305649, "delta": 39.19719433784485}, "costs": {"total_cost": 14705.944350092677, "time_cost": 150, "final_distance_cost": 3069.1425890470136, "oscillation_cost": 779.7319316968984, "completition_cost": 1000.0, "overshoot_cost": 9516.713057906294, "power_cost": 58.661443212890624, "noise_cost": 131.69532822958135, "n_waypoints_completed": 0, "tot_waypoints": 9}}
