{"target": -1094.6736703400736, "params": {"k_pid_pos": [4672.071479081101, 10000.0, 9373.24078365372], "k_pid_alt": [10000.0, 0.0, 8265.493479211471], "k_pid_att": [1546.52151990765, 0.0, 0.0], "k_pid_yaw": [0.5, 1e-06, 0.1], "k_pid_hsp": [10000.0, 4920.481158703514, 7031.780484842726], "k_pid_vsp": [10000.0, 2899.7088681110527, 5487.9275414986205]}, "datetime": {"datetime": "2025-08-08 22:08:53", "elapsed": 19165.46179318428, "delta": 34.485411405563354}, "costs": {"total_cost": 1094.6736703400736, "time_cost": 150, "final_distance_cost": 84.56206205771059, "oscillation_cost": 505.3581042692489, "completition_cost": 222.2222222222222, "overshoot_cost": 66.2313794915169, "power_cost": 37.95115231933594, "noise_cost": 28.34874998003929, "n_waypoints_completed": 7, "tot_waypoints": 9}}
{"target": -873.8410502817812, "params": {"k_pid_pos": [5601.618643621527, 10000.0, 7244.20150524418], "k_pid_alt": [10000.0, 0.0, 10000.0], "k_pid_att": [8168.086847954872, 0.0, 0.0], "k_pid_yaw": [0.5, 1e-06, 0.1], "k_pid_hsp": [10000.0, 5902.4822428527, 4053.1974412171417], "k_pid_vsp": [5086.178893601731, 10000.0, 4818.681291394189]}, "datetime": {"datetime": "2025-08-08 22:09:29", "elapsed": 19200.88586473465, "delta": 35.42407155036926}, "costs": {"total_cost": 873.8410502817812, "time_cost": 150, "final_distance_cost": 78.13793742200016, "oscillation_cost": 272.6831363978755, "completition_cost": 222.2222222222222, "overshoot_cost": 82.70602421950001, "power_cost": 39.58872438964844, "noise_cost": 28.503005630535025, "n_waypoints_completed": 7, "tot_waypoints": 9}}
{"target": -3596.4476453504462, "params": {"k_pid_pos": [4188.974301751274, 1380.486259660304, 7053.061310643084], "k_pid_alt": [2101.4735207258827, 4084.6676527652057, 1525.4772966780638], "k_pid_att": [4556.157884311943, 7865.436182312694, 2724.919224466262], "k_pid_yaw": [0.5, 1e-06, 0.1], "k_pid_hsp": [9908.335127443088, 5463.569640352295, 3763.190411573839], "k_pid_vsp": [4967.207366151409, 9726.014357072987, 5617.499047287263]}, "datetime": {"datetime": "2025-08-08 22:09:59", "elapsed": 19231.407202482224, "delta": 30.521337747573853}, "costs": {"total_cost": 3596.4476453504462, "time_cost": 150, "final_distance_cost": 288.14975623279844, "oscillation_cost": 591.213922130052, "completition_cost": 1000.0, "overshoot_cost": 1375.6840778924645, "power_cost": 58.50529313964844, "noise_cost": 132.89459595548252, "n_waypoints_completed": 0, "tot_waypoints": 9}}
{"target": -1756.5805554401954, "params": {"k_pid_pos": [4499.371364498225, 0.0, 4669.545357169799], "k_pid_alt": [147.30318162910098, 3362.5221608393044, 0.0], "k_pid_att": [8693.930566775456, 10000.0, 0.0], "k_pid_yaw": [0.5, 1e-06, 0.1], "k_pid_hsp": [9553.835193234547, 420.7985671453653, 3398.3109452063923], "k_pid_vsp": [3936.3016328229073, 8653.635314030698, 4990.162128068707]}, "datetime": {"datetime": "2025-08-08 22:10:35", "elapsed": 19266.846298456192, "delta": 35.439095973968506}, "costs": {"total_cost": 1756.5805554401954, "time_cost": 150, "final_distance_cost": 53.404497009866226, "oscillation_cost": 715.3020194539743, "completition_cost": 666.6666666666667, "overshoot_cost": 106.64287035339879, "power_cost": 36.520737451171875, "noise_cost": 28.04376450511748, "n_waypoints_completed": 3, "tot_waypoints": 9}}
{"target": -5811.702176037763, "params": {"k_pid_pos": [7197.322220070141, 3678.5372317606725, 4335.51788943922], "k_pid_alt": [9300.982282691348, 79.31362561969691, 9331.242325347243], "k_pid_att": [7983.86174299053, 3045.881336872891, 9968.624674981858], "k_pid_yaw": [0.5, 1e-06, 0.1], "k_pid_hsp": [8789.854079030763, 6492.676135879076, 8951.681972294256], "k_pid_vsp": [514.021191696854, 4448.175386992055, 4411.388490993548]}, "datetime": {"datetime": "2025-08-08 22:11:06", "elapsed": 19297.62660217285, "delta": 30.780303716659546}, "costs": {"total_cost": 5811.702176037763, "time_cost": 150, "final_distance_cost": 834.4705172546232, "oscillation_cost": 410.1443249107985, "completition_cost": 1000.0, "overshoot_cost": 3292.5429538908124, "power_cost": 49.750760522460936, "noise_cost": 74.79361945906872, "n_waypoints_completed": 0, "tot_waypoints": 9}}
{"target": -1463.2795838761845, "params": {"k_pid_pos": [5496.043642977925, 7540.3781024004265, 5980.965423761265], "k_pid_alt": [3385.59059304002, 3222.8912897974615, 9925.913582333562], "k_pid_att": [7624.150373601738, 6714.877498599275, 636.9591397565122], "k_pid_yaw": [0.5, 1e-06, 0.1], "k_pid_hsp": [4491.1749898455055, 8248.811874010014, 2523.328224889948], "k_pid_vsp": [3058.8386520758395, 4752.8966952842875, 7487.851790364015]}, "datetime": {"datetime": "2025-08-08 22:11:37", "elapsed": 19328.899747371674, "delta": 31.27314519882202}, "costs": {"total_cost": 1463.2795838761845, "time_cost": 150, "final_distance_cost": 57.46829836203757, "oscillation_cost": 107.46555555739461, "completition_cost": 1000.0, "overshoot_cost": 81.18559666134766, "power_cost": 38.72113651123047, "noise_cost": 28.438996784173924, "n_waypoints_completed": 0, "tot_waypoints": 9}}
{"target": -3270.235901860145, "params": {"k_pid_pos": [5007.16976845438, 8653.146013235571, 2674.809125793668], "k_pid_alt": [244.94330259220877, 8136.165884670809, 4239.547886380836], "k_pid_att": [6909.0658028005855, 3721.7079163959534, 2107.7739078878653], "k_pid_yaw": [0.5, 1e-06, 0.1], "k_pid_hsp": [2759.54483205467, 7974.516375224867, 2887.230948038948], "k_pid_vsp": [4658.035339609299, 6715.421319996903, 2580.095595791223]}, "datetime": {"datetime": "2025-08-08 22:12:08", "elapsed": 19359.984068870544, "delta": 31.08432149887085}, "costs": {"total_cost": 3270.235901860145, "time_cost": 150, "final_distance_cost": 585.0619029097788, "oscillation_cost": 245.74997571796885, "completition_cost": 1000.0, "overshoot_cost": 1197.2185656855331, "power_cost": 43.65573028564453, "noise_cost": 48.54972726121991, "n_waypoints_completed": 0, "tot_waypoints": 9}}
{"target": -3327.7056389566274, "params": {"k_pid_pos": [1989.9003343073296, 5499.778092253808, 3012.2596815103175], "k_pid_alt": [4508.499081649195, 806.0302580310374, 1770.576804237135], "k_pid_att": [6162.73595826569, 7510.276951703742, 3036.378126500323], "k_pid_yaw": [0.5, 1e-06, 0.1], "k_pid_hsp": [4415.269154920092, 8406.145070043352, 4224.015611550151], "k_pid_vsp": [4582.101919626406, 9416.589717751434, 7110.656324838106]}, "datetime": {"datetime": "2025-08-08 22:12:39", "elapsed": 19391.426305532455, "delta": 31.44223666191101}, "costs": {"total_cost": 3327.7056389566274, "time_cost": 150, "final_distance_cost": 354.1946367806801, "oscillation_cost": 340.65471504195995, "completition_cost": 1000.0, "overshoot_cost": 1361.001464451286, "power_cost": 47.35843629150391, "noise_cost": 74.49638639119728, "n_waypoints_completed": 0, "tot_waypoints": 9}}
{"target": -1472.787719941631, "params": {"k_pid_pos": [10000.0, 10000.0, 2517.2192976610704], "k_pid_alt": [4146.0714395402865, 5143.928320360865, 6832.789583549757], "k_pid_att": [10000.0, 3083.703585051537, 0.0], "k_pid_yaw": [0.5, 1e-06, 0.1], "k_pid_hsp": [3437.953992120803, 8246.776278135916, 891.061016245216], "k_pid_vsp": [4792.051397996343, 6934.172318749746, 3211.708237304575]}, "datetime": {"datetime": "2025-08-08 22:13:15", "elapsed": 19426.71009039879, "delta": 35.28378486633301}, "costs": {"total_cost": 1472.787719941631, "time_cost": 150, "final_distance_cost": 53.973597982335235, "oscillation_cost": 128.92379086011923, "completition_cost": 1000.0, "overshoot_cost": 67.87531466690218, "power_cost": 42.883831274414064, "noise_cost": 29.1311851578605, "n_waypoints_completed": 0, "tot_waypoints": 9}}
{"target": -18886.726306652265, "params": {"k_pid_pos": [6984.170497823851, 9180.241916464793, 6640.837669309262], "k_pid_alt": [3445.390730802651, 1215.9966200691817, 9402.264097202862], "k_pid_att": [444.1636755193501, 9387.685369363198, 2185.0276224575227], "k_pid_yaw": [0.5, 1e-06, 0.1], "k_pid_hsp": [7541.775939604772, 4989.63535018266, 4031.2393428083337], "k_pid_vsp": [905.4162664270859, 3542.592012484358, 3715.922370489433]}, "datetime": {"datetime": "2025-08-08 22:13:46", "elapsed": 19457.686497926712, "delta": 30.976407527923584}, "costs": {"total_cost": 18886.726306652265, "time_cost": 150, "final_distance_cost": 5796.624615986187, "oscillation_cost": 1674.5441182144366, "completition_cost": 1000.0, "overshoot_cost": 10069.380248851265, "power_cost": 58.10765815429688, "noise_cost": 138.06966544607963, "n_waypoints_completed": 0, "tot_waypoints": 9}}
{"target": -1729.996746984827, "params": {"k_pid_pos": [7437.753224145536, 6884.736287888812, 1917.2781847800711], "k_pid_alt": [0.0, 6057.641163498564, 3902.812070717754], "k_pid_att": [8713.781153086937, 4523.4943326380135, 0.0], "k_pid_yaw": [0.5, 1e-06, 0.1], "k_pid_hsp": [3768.8191273969755, 10000.0, 7450.11691809133], "k_pid_vsp": [5068.2749571188315, 2258.550236181168, 5333.523226449308]}, "datetime": {"datetime": "2025-08-08 22:14:20", "elapsed": 19492.247200489044, "delta": 34.56070256233215}, "costs": {"total_cost": 1729.996746984827, "time_cost": 150, "final_distance_cost": 39.96939674884824, "oscillation_cost": 365.14930492070056, "completition_cost": 1000.0, "overshoot_cost": 106.64866699514509, "power_cost": 39.61746915283204, "noise_cost": 28.611909167301228, "n_waypoints_completed": 0, "tot_waypoints": 9}}
{"target": -1426.0855595755238, "params": {"k_pid_pos": [4464.622223977105, 585.3634147755854, 0.0], "k_pid_alt": [2887.467383600631, 3113.092587392455, 0.0], "k_pid_att": [7113.4422756313415, 7085.924725952945, 0.0], "k_pid_yaw": [0.5, 1e-06, 0.1], "k_pid_hsp": [4779.732212320928, 7465.526188309236, 2094.638538757505], "k_pid_vsp": [2033.9984535786568, 7410.215826166406, 4983.449384340595]}, "datetime": {"datetime": "2025-08-08 22:14:55", "elapsed": 19526.888899564743, "delta": 34.64169907569885}, "costs": {"total_cost": 1426.0855595755238, "time_cost": 150, "final_distance_cost": 69.17566438662614, "oscillation_cost": 167.348404404242, "completition_cost": 888.8888888888888, "overshoot_cost": 78.36131387386243, "power_cost": 43.044077392578124, "noise_cost": 29.267210629326367, "n_waypoints_completed": 1, "tot_waypoints": 9}}
{"target": -10047.3424844972, "params": {"k_pid_pos": [3494.364755617586, 2889.3234151822157, 4284.424813242351], "k_pid_alt": [4593.604430070461, 3108.709953736407, 9661.005761699045], "k_pid_att": [6329.431174847781, 377.1187455261904, 5579.842109219889], "k_pid_yaw": [0.5, 1e-06, 0.1], "k_pid_hsp": [9603.458287885098, 2905.2318212859873, 8407.50017221544], "k_pid_vsp": [5578.429215264748, 3092.6737725689723, 492.57334826238844]}, "datetime": {"datetime": "2025-08-08 22:15:25", "elapsed": 19557.11528301239, "delta": 30.226383447647095}, "costs": {"total_cost": 10047.3424844972, "time_cost": 150, "final_distance_cost": 2652.958828679439, "oscillation_cost": 776.46630849374, "completition_cost": 1000.0, "overshoot_cost": 5271.794789364329, "power_cost": 58.64380728759766, "noise_cost": 137.4787506720958, "n_waypoints_completed": 0, "tot_waypoints": 9}}
{"target": -1578.1021062120049, "params": {"k_pid_pos": [9107.168070157682, 7911.476917448087, 6603.006914134251], "k_pid_alt": [2097.817772425823, 6456.092220962469, 5565.483308892871], "k_pid_att": [6060.570158748001, 7341.510836477856, 1063.0531392113041], "k_pid_yaw": [0.5, 1e-06, 0.1], "k_pid_hsp": [2429.249082561803, 471.437699574061, 100.18534259154998], "k_pid_vsp": [1810.2669742395417, 7560.11388074724, 6047.547875218214]}, "datetime": {"datetime": "2025-08-08 22:15:56", "elapsed": 19588.095666646957, "delta": 30.98038363456726}, "costs": {"total_cost": 1578.1021062120049, "time_cost": 150, "final_distance_cost": 18.680276614061093, "oscillation_cost": 221.59218487194406, "completition_cost": 1000.0, "overshoot_cost": 109.57363982546185, "power_cost": 44.62487609863282, "noise_cost": 33.63112880190518, "n_waypoints_completed": 0, "tot_waypoints": 9}}
{"target": -7926.049728884575, "params": {"k_pid_pos": [7538.9360647399935, 1391.4857325397222, 5863.775514697833], "k_pid_alt": [7799.785942329943, 7421.995509214126, 4929.448223311499], "k_pid_att": [5452.56756413709, 1633.1155715355271, 3650.1646903851415], "k_pid_yaw": [0.5, 1e-06, 0.1], "k_pid_hsp": [7707.703282623442, 6753.902195172985, 1430.4979245435934], "k_pid_vsp": [9091.957806097209, 5389.495244507777, 807.794447723933]}, "datetime": {"datetime": "2025-08-08 22:16:26", "elapsed": 19618.41689133644, "delta": 30.321224689483643}, "costs": {"total_cost": 7926.049728884575, "time_cost": 150, "final_distance_cost": 1922.4408748872272, "oscillation_cost": 708.8226481938372, "completition_cost": 1000.0, "overshoot_cost": 3947.8544262860755, "power_cost": 58.620549609375004, "noise_cost": 138.31122990805937, "n_waypoints_completed": 0, "tot_waypoints": 9}}
{"target": -2736.5463869682653, "params": {"k_pid_pos": [5560.908015560406, 8329.0519477435, 7737.13311204403], "k_pid_alt": [4203.637413250094, 8597.366721044536, 3739.8192166889035], "k_pid_att": [4747.769023081859, 5395.245436729008, 2875.8255739818683], "k_pid_yaw": [0.5, 1e-06, 0.1], "k_pid_hsp": [1557.9908104617125, 4191.841207400812, 8939.599978026043], "k_pid_vsp": [2225.0447158038346, 9749.82061832081, 1173.4525296644426]}, "datetime": {"datetime": "2025-08-08 22:16:57", "elapsed": 19648.87762928009, "delta": 30.460737943649292}, "costs": {"total_cost": 2736.5463869682653, "time_cost": 150, "final_distance_cost": 136.78454256854286, "oscillation_cost": 634.4338213104003, "completition_cost": 1000.0, "overshoot_cost": 622.5213868687847, "power_cost": 58.57276260986328, "noise_cost": 134.2338736106739, "n_waypoints_completed": 0, "tot_waypoints": 9}}
{"target": -1058.6696343525891, "params": {"k_pid_pos": [10000.0, 7031.893349619137, 4168.579400489402], "k_pid_alt": [10000.0, 0.0, 5787.683524848021], "k_pid_att": [5227.083372956279, 0.0, 0.0], "k_pid_yaw": [0.5, 1e-06, 0.1], "k_pid_hsp": [5582.203372270757, 7045.85310383944, 6414.109320830761], "k_pid_vsp": [8094.822260223439, 3077.828341934448, 3138.39708391511]}, "datetime": {"datetime": "2025-08-08 22:17:32", "elapsed": 19684.29677939415, "delta": 35.41915011405945}, "costs": {"total_cost": 1058.6696343525891, "time_cost": 150, "final_distance_cost": 76.26322955027022, "oscillation_cost": 336.478247453304, "completition_cost": 333.33333333333337, "overshoot_cost": 94.29445995626641, "power_cost": 39.82884539794922, "noise_cost": 28.47151866146576, "n_waypoints_completed": 6, "tot_waypoints": 9}}
{"target": -2228.171365375443, "params": {"k_pid_pos": [9136.278794653426, 9458.890628453728, 6904.157048655097], "k_pid_alt": [3125.1415892573227, 10000.0, 4161.20593999548], "k_pid_att": [9341.495058227525, 7819.07723260534, 0.0], "k_pid_yaw": [0.5, 1e-06, 0.1], "k_pid_hsp": [1212.6796302462824, 3207.171521994456, 4511.355033734001], "k_pid_vsp": [1366.4705284722086, 9747.62982108098, 4485.728925367097]}, "datetime": {"datetime": "2025-08-08 22:18:07", "elapsed": 19719.246500253677, "delta": 34.94972085952759}, "costs": {"total_cost": 2228.171365375443, "time_cost": 150, "final_distance_cost": 105.20344495667099, "oscillation_cost": 740.0845015887247, "completition_cost": 1000.0, "overshoot_cost": 169.2443009487846, "power_cost": 35.786222192382816, "noise_cost": 27.85289568887978, "n_waypoints_completed": 0, "tot_waypoints": 9}}
{"target": -1506.055281428286, "params": {"k_pid_pos": [3113.7160193100294, 10000.0, 7233.659188249922], "k_pid_alt": [4183.790310883484, 3279.5616192654284, 9326.930287926887], "k_pid_att": [10000.0, 5336.339351588074, 0.0], "k_pid_yaw": [0.5, 1e-06, 0.1], "k_pid_hsp": [1504.2486187668428, 4139.957355769508, 0.0], "k_pid_vsp": [421.96409194054485, 10000.0, 5579.404793061279]}, "datetime": {"datetime": "2025-08-08 22:18:42", "elapsed": 19754.000955104828, "delta": 34.75445485115051}, "costs": {"total_cost": 1506.055281428286, "time_cost": 150, "final_distance_cost": 55.31042973656341, "oscillation_cost": 282.1461166929337, "completition_cost": 888.8888888888888, "overshoot_cost": 56.66153014514282, "power_cost": 43.54072707519531, "noise_cost": 29.50758888956224, "n_waypoints_completed": 1, "tot_waypoints": 9}}
{"target": -3926.380272623567, "params": {"k_pid_pos": [7320.132695491465, 7333.95750000857, 7902.363945363787], "k_pid_alt": [8437.78892613845, 9460.11402851092, 5447.160380047345], "k_pid_att": [6988.990119368745, 2195.72237590121, 3042.495978293387], "k_pid_yaw": [0.5, 1e-06, 0.1], "k_pid_hsp": [4774.1920326977315, 4883.938979554172, 4607.785205557392], "k_pid_vsp": [6207.048835568905, 1166.1537456805481, 2968.2043825944825]}, "datetime": {"datetime": "2025-08-08 22:19:13", "elapsed": 19784.819075107574, "delta": 30.818120002746582}, "costs": {"total_cost": 3926.380272623567, "time_cost": 150, "final_distance_cost": 455.58376405782275, "oscillation_cost": 501.31332316226843, "completition_cost": 1000.0, "overshoot_cost": 1673.8664087468535, "power_cost": 54.10665183105469, "noise_cost": 91.51012482556783, "n_waypoints_completed": 0, "tot_waypoints": 9}}
{"target": -3486.3405671322635, "params": {"k_pid_pos": [7825.325079801002, 7043.3761193811515, 2363.1575570262453], "k_pid_alt": [6540.867285347639, 1930.413691619005, 8367.484617265172], "k_pid_att": [7440.656914212333, 4273.681655549339, 6565.632896338692], "k_pid_yaw": [0.5, 1e-06, 0.1], "k_pid_hsp": [1235.7807360382212, 7335.359766096202, 3392.901573673164], "k_pid_vsp": [3820.876738598209, 5056.441407659111, 711.0145122319011]}, "datetime": {"datetime": "2025-08-08 22:19:44", "elapsed": 19815.68685054779, "delta": 30.867775440216064}, "costs": {"total_cost": 3486.3405671322635, "time_cost": 150, "final_distance_cost": 382.8969078758049, "oscillation_cost": 722.6954909629844, "completition_cost": 1000.0, "overshoot_cost": 1034.8306550816235, "power_cost": 58.66061357421875, "noise_cost": 137.2568996376321, "n_waypoints_completed": 0, "tot_waypoints": 9}}
{"target": -7009.452293769707, "params": {"k_pid_pos": [785.8735927372562, 3221.2045848666603, 5574.845469951043], "k_pid_alt": [4286.586585843049, 7750.080729204244, 4262.551898423124], "k_pid_att": [6243.468113235048, 4745.0606622039695, 5835.31033307168], "k_pid_yaw": [0.5, 1e-06, 0.1], "k_pid_hsp": [8797.361126952712, 2090.041341597696, 6921.605672140791], "k_pid_vsp": [7749.44928215387, 1642.1275577561023, 8054.025329865131]}, "datetime": {"datetime": "2025-08-08 22:20:14", "elapsed": 19846.091835975647, "delta": 30.404985427856445}, "costs": {"total_cost": 7009.452293769707, "time_cost": 150, "final_distance_cost": 1124.8462232933566, "oscillation_cost": 508.8866169278324, "completition_cost": 1000.0, "overshoot_cost": 4078.8779817031373, "power_cost": 51.115788330078125, "noise_cost": 95.72568351530252, "n_waypoints_completed": 0, "tot_waypoints": 9}}
{"target": -2176.202701361595, "params": {"k_pid_pos": [5695.80930438641, 0.0, 8176.339384017586], "k_pid_alt": [2422.990887689189, 7248.669121367961, 5172.987956270824], "k_pid_att": [7335.772515535857, 5922.000961282904, 0.0], "k_pid_yaw": [0.5, 1e-06, 0.1], "k_pid_hsp": [8878.868740840768, 0.0, 3250.14901939861], "k_pid_vsp": [0.0, 10000.0, 9774.025673633236]}, "datetime": {"datetime": "2025-08-08 22:20:49", "elapsed": 19880.529329299927, "delta": 34.437493324279785}, "costs": {"total_cost": 2176.202701361595, "time_cost": 150, "final_distance_cost": 125.85733244484013, "oscillation_cost": 809.0345838494861, "completition_cost": 888.8888888888888, "overshoot_cost": 137.53264173714115, "power_cost": 36.37249526367188, "noise_cost": 28.51675917756698, "n_waypoints_completed": 1, "tot_waypoints": 9}}
{"target": -1374.947349305067, "params": {"k_pid_pos": [8737.765400695092, 2548.233929139918, 4417.949630403262], "k_pid_alt": [9291.783053117744, 3125.909204751603, 6319.564927670842], "k_pid_att": [10000.0, 5135.9528014914595, 0.0], "k_pid_yaw": [0.5, 1e-06, 0.1], "k_pid_hsp": [0.0, 8785.759703796732, 871.8598021539449], "k_pid_vsp": [5010.389985042183, 4225.880993104004, 940.9753602282567]}, "datetime": {"datetime": "2025-08-08 22:21:23", "elapsed": 19915.16679739952, "delta": 34.637468099594116}, "costs": {"total_cost": 1374.947349305067, "time_cost": 150, "final_distance_cost": 76.06411471463421, "oscillation_cost": 131.39043506538528, "completition_cost": 888.8888888888888, "overshoot_cost": 56.748481308973524, "power_cost": 42.79819404296875, "noise_cost": 29.057235284216386, "n_waypoints_completed": 1, "tot_waypoints": 9}}
{"target": -6647.868826824766, "params": {"k_pid_pos": [3734.918474874386, 6523.8422612071545, 3261.0993063293326], "k_pid_alt": [8693.222662886068, 3667.329343762922, 4826.935701152186], "k_pid_att": [1022.4095570750713, 3603.311815184217, 9946.121887660946], "k_pid_yaw": [0.5, 1e-06, 0.1], "k_pid_hsp": [8173.104023115231, 1082.1959457774476, 1675.6451609474843], "k_pid_vsp": [4422.756252740923, 8704.21056622477, 2701.1925174520557]}, "datetime": {"datetime": "2025-08-08 22:21:54", "elapsed": 19946.164588689804, "delta": 30.997791290283203}, "costs": {"total_cost": 6647.868826824766, "time_cost": 150, "final_distance_cost": 1213.738824996149, "oscillation_cost": 629.7250997373608, "completition_cost": 1000.0, "overshoot_cost": 3455.4795192091465, "power_cost": 58.655612695312506, "noise_cost": 140.26977018679688, "n_waypoints_completed": 0, "tot_waypoints": 9}}
