{"target": -10038.945703673015, "params": {"k_pid_pos": [5688.361985228781, 3606.979181283746, 9696.29259647261], "k_pid_alt": [9728.034149801242, 1135.5702083232445, 236.20212755644965], "k_pid_att": [5549.587207801729, 8944.536123269736, 5293.852390224961], "k_pid_yaw": [0.5, 1e-06, 0.1], "k_pid_hsp": [2110.367125473396, 6932.424392725237, 6827.554735907245], "k_pid_vsp": [9312.583338558885, 7838.2864891121, 2233.2523151570704]}, "datetime": {"datetime": "2025-08-09 01:32:10", "elapsed": 31362.325893878937, "delta": 31.798031091690063}, "costs": {"total_cost": 10038.945703673015, "time_cost": 150, "final_distance_cost": 3365.3754216071134, "oscillation_cost": 1191.194376462476, "completition_cost": 1000.0, "overshoot_cost": 4131.492914649633, "power_cost": 58.587307189941406, "noise_cost": 142.29568376384853, "n_waypoints_completed": 0, "tot_waypoints": 9}}
{"target": -34416.97897670563, "params": {"k_pid_pos": [8181.3303488684505, 1940.6950986390148, 2060.1137058799122], "k_pid_alt": [8516.990416898318, 1611.664626070204, 4567.795655070442], "k_pid_att": [2213.4981684715594, 7650.801331635076, 5584.446478604697], "k_pid_yaw": [0.5, 1e-06, 0.1], "k_pid_hsp": [4879.6605105522785, 5780.503445628171, 3728.7919004859473], "k_pid_vsp": [9544.966688569346, 3665.461309915906, 6534.776198598383]}, "datetime": {"datetime": "2025-08-09 01:32:42", "elapsed": 31394.221932411194, "delta": 31.89603853225708}, "costs": {"total_cost": 34416.97897670563, "time_cost": 150, "final_distance_cost": 9450.087588722117, "oscillation_cost": 1687.9671312589717, "completition_cost": 1000.0, "overshoot_cost": 21926.877105872525, "power_cost": 58.655612695312506, "noise_cost": 143.3915381567007, "n_waypoints_completed": 0, "tot_waypoints": 9}}
{"target": -1517.4798458095158, "params": {"k_pid_pos": [6842.051804008059, 7050.960073312901, 8976.586164268369], "k_pid_alt": [4171.586663148118, 4869.5276526672, 2524.335448455316], "k_pid_att": [5140.013280847333, 1936.3326617952403, 620.0381036505354], "k_pid_yaw": [0.5, 1e-06, 0.1], "k_pid_hsp": [1683.5500937804259, 8982.632950502495, 1860.6512845433876], "k_pid_vsp": [3765.3225220174468, 7060.1846788762705, 4088.2856618456067]}, "datetime": {"datetime": "2025-08-09 01:33:14", "elapsed": 31426.294528245926, "delta": 32.072595834732056}, "costs": {"total_cost": 1517.4798458095158, "time_cost": 150, "final_distance_cost": 87.96020640188762, "oscillation_cost": 85.18578625151036, "completition_cost": 1000.0, "overshoot_cost": 128.71654121455967, "power_cost": 37.56657365722656, "noise_cost": 28.050738284331516, "n_waypoints_completed": 0, "tot_waypoints": 9}}
{"target": -5674.987215332615, "params": {"k_pid_pos": [6174.822351777673, 3117.471708837523, 103.08510384880121], "k_pid_alt": [6210.328263941279, 6471.3370321446555, 580.5101843105754], "k_pid_att": [2700.866571396069, 6433.815851796897, 6972.86441652397], "k_pid_yaw": [0.5, 1e-06, 0.1], "k_pid_hsp": [9601.867483991295, 7040.5200776749525, 1519.5534451111914], "k_pid_vsp": [2511.2554904303443, 1281.4999991462284, 2201.1388597646464]}, "datetime": {"datetime": "2025-08-09 01:33:46", "elapsed": 31457.91356945038, "delta": 31.619041204452515}, "costs": {"total_cost": 5674.987215332615, "time_cost": 150, "final_distance_cost": 578.927141033639, "oscillation_cost": 1684.6077226367681, "completition_cost": 1000.0, "overshoot_cost": 2066.260133892079, "power_cost": 58.45005659179688, "noise_cost": 136.7421611783316, "n_waypoints_completed": 0, "tot_waypoints": 9}}
{"target": -923.7385123147773, "params": {"k_pid_pos": [8161.611677987739, 10000.0, 10000.0], "k_pid_alt": [8213.06581026425, 0.0, 8915.278673875036], "k_pid_att": [6978.592011931973, 0.0, 0.0], "k_pid_yaw": [0.5, 1e-06, 0.1], "k_pid_hsp": [10000.0, 8278.202432150463, 5669.144376458684], "k_pid_vsp": [10000.0, 2121.92467127486, 1411.2395190492575]}, "datetime": {"datetime": "2025-08-09 01:34:25", "elapsed": 31496.596363306046, "delta": 38.682793855667114}, "costs": {"total_cost": 923.7385123147773, "time_cost": 150, "final_distance_cost": 80.72763981498557, "oscillation_cost": 309.24635334525453, "completition_cost": 222.2222222222222, "overshoot_cost": 93.49386321757542, "power_cost": 39.605065942382815, "noise_cost": 28.443367772356886, "n_waypoints_completed": 7, "tot_waypoints": 9}}
{"target": -3285.1265082612035, "params": {"k_pid_pos": [5799.730528363371, 5839.350959163975, 2318.079364509695], "k_pid_alt": [2474.51598577075, 8764.058077723841, 2105.4492715658625], "k_pid_att": [2358.508645236459, 6555.566551916122, 1266.0637141063492], "k_pid_yaw": [0.5, 1e-06, 0.1], "k_pid_hsp": [7031.256253850624, 3806.9462402077693, 5891.775765203906], "k_pid_vsp": [3708.821662607754, 9445.648546969029, 3821.3413680267936]}, "datetime": {"datetime": "2025-08-09 01:34:56", "elapsed": 31527.526196479797, "delta": 30.92983317375183}, "costs": {"total_cost": 3285.1265082612035, "time_cost": 150, "final_distance_cost": 138.0295724561018, "oscillation_cost": 578.450509598192, "completition_cost": 1000.0, "overshoot_cost": 1224.744026908665, "power_cost": 58.69276169433594, "noise_cost": 135.20963760390882, "n_waypoints_completed": 0, "tot_waypoints": 9}}
{"target": -5234.121493882706, "params": {"k_pid_pos": [979.9119683851332, 571.3822186707673, 2823.802576446782], "k_pid_alt": [6283.842363376554, 5338.936929611182, 721.7913167402346], "k_pid_att": [8246.425409531443, 9462.71796497708, 1031.753848504211], "k_pid_yaw": [0.5, 1e-06, 0.1], "k_pid_hsp": [9150.573854471802, 9204.795087335537, 5732.053727089114], "k_pid_vsp": [1694.8927319402906, 5385.686238335055, 5446.5574689488985]}, "datetime": {"datetime": "2025-08-09 01:35:28", "elapsed": 31559.859887361526, "delta": 32.333690881729126}, "costs": {"total_cost": 5234.121493882706, "time_cost": 150, "final_distance_cost": 1256.0799323778456, "oscillation_cost": 237.1989093338812, "completition_cost": 1000.0, "overshoot_cost": 2527.682837827845, "power_cost": 35.3073103515625, "noise_cost": 27.85250399157109, "n_waypoints_completed": 0, "tot_waypoints": 9}}
{"target": -1364.1523602507777, "params": {"k_pid_pos": [8711.669437368111, 3948.412112209077, 5422.445174651466], "k_pid_alt": [3041.9995973706345, 3260.888804988191, 1815.5622608521119], "k_pid_att": [9524.599687992039, 5786.828968732953, 0.0], "k_pid_yaw": [0.5, 1e-06, 0.1], "k_pid_hsp": [772.6526667178114, 10000.0, 855.7779087643415], "k_pid_vsp": [3378.471172981192, 7256.247419433948, 4445.734138623278]}, "datetime": {"datetime": "2025-08-09 01:36:11", "elapsed": 31602.79860663414, "delta": 42.938719272613525}, "costs": {"total_cost": 1364.1523602507777, "time_cost": 150, "final_distance_cost": 69.20147444572571, "oscillation_cost": 125.01876180038906, "completition_cost": 888.8888888888888, "overshoot_cost": 58.33060547403494, "power_cost": 43.44480423583985, "noise_cost": 29.267825405899515, "n_waypoints_completed": 1, "tot_waypoints": 9}}
{"target": -1643.0150417649977, "params": {"k_pid_pos": [7097.564067399406, 9305.79062524, 2906.827689241761], "k_pid_alt": [5275.478027210296, 7926.655101957816, 927.5055648102226], "k_pid_att": [9322.568384851302, 8045.128053755758, 27.025793497932327], "k_pid_yaw": [0.5, 1e-06, 0.1], "k_pid_hsp": [9209.720933731658, 8676.379221156376, 6571.625561599329], "k_pid_vsp": [6226.112833188029, 3259.882607851574, 9153.455894705341]}, "datetime": {"datetime": "2025-08-09 01:36:42", "elapsed": 31634.2281165123, "delta": 31.42950987815857}, "costs": {"total_cost": 1643.0150417649977, "time_cost": 150, "final_distance_cost": 71.50972792327582, "oscillation_cost": 269.79932053236837, "completition_cost": 1000.0, "overshoot_cost": 82.74080626287727, "power_cost": 40.13079541015625, "noise_cost": 28.834391636320024, "n_waypoints_completed": 0, "tot_waypoints": 9}}
{"target": -26058.377497412635, "params": {"k_pid_pos": [6996.386804155356, 7774.984837426243, 8134.147781869588], "k_pid_alt": [4310.422036876847, 5596.396095792493, 603.8469961967673], "k_pid_att": [256.6586678790384, 9967.426260652597, 3920.7651704336254], "k_pid_yaw": [0.5, 1e-06, 0.1], "k_pid_hsp": [2320.885562390138, 743.9913202095116, 6654.274943902759], "k_pid_vsp": [8955.911331406089, 6064.26428241013, 2639.41849181672]}, "datetime": {"datetime": "2025-08-09 01:37:14", "elapsed": 31666.337626695633, "delta": 32.10951018333435}, "costs": {"total_cost": 26058.377497412635, "time_cost": 150, "final_distance_cost": 7778.456521864132, "oscillation_cost": 1658.3473346097758, "completition_cost": 1000.0, "overshoot_cost": 15269.482411494859, "power_cost": 58.655612695312506, "noise_cost": 143.4356167485579, "n_waypoints_completed": 0, "tot_waypoints": 9}}
{"target": -15312.98932479397, "params": {"k_pid_pos": [6741.491325038281, 8833.374302267399, 3277.9642841790733], "k_pid_alt": [6648.363755234617, 149.0803769634197, 2542.878857496652], "k_pid_att": [680.6561295543135, 1133.26911463158, 3602.8795009305827], "k_pid_yaw": [0.5, 1e-06, 0.1], "k_pid_hsp": [3167.73976538414, 8675.121533087498, 972.5028264682034], "k_pid_vsp": [1551.9305631649195, 2269.7081549537234, 3637.863679276606]}, "datetime": {"datetime": "2025-08-09 01:37:47", "elapsed": 31698.9190864563, "delta": 32.581459760665894}, "costs": {"total_cost": 15312.98932479397, "time_cost": 150, "final_distance_cost": 4195.401280857544, "oscillation_cost": 371.6331896512947, "completition_cost": 1000.0, "overshoot_cost": 9480.083450029359, "power_cost": 49.11402087402344, "noise_cost": 66.75738338174973, "n_waypoints_completed": 0, "tot_waypoints": 9}}
{"target": -2303.0278978314864, "params": {"k_pid_pos": [5300.348466280714, 2234.1890025838184, 7566.073620350442], "k_pid_alt": [8804.9662125036, 3880.2928237670885, 1020.1835216468725], "k_pid_att": [8745.65524913152, 8296.536734534391, 986.0198839302236], "k_pid_yaw": [0.5, 1e-06, 0.1], "k_pid_hsp": [4933.382228440896, 9885.225738130785, 8706.554903171038], "k_pid_vsp": [994.1738793132904, 7388.337779947548, 6135.073443359241]}, "datetime": {"datetime": "2025-08-09 01:38:22", "elapsed": 31733.56388235092, "delta": 34.6447958946228}, "costs": {"total_cost": 2303.0278978314864, "time_cost": 150, "final_distance_cost": 270.2700885221032, "oscillation_cost": 130.63398626473068, "completition_cost": 1000.0, "overshoot_cost": 688.9237613557779, "power_cost": 35.30282189941406, "noise_cost": 27.897239789460222, "n_waypoints_completed": 0, "tot_waypoints": 9}}
{"target": -1632.6466981326093, "params": {"k_pid_pos": [10000.0, 8061.424879740366, 6437.580320651831], "k_pid_alt": [4453.288076941737, 2515.549406586572, 5062.48513262265], "k_pid_att": [6625.835778316704, 2118.300475778191, 0.0], "k_pid_yaw": [0.5, 1e-06, 0.1], "k_pid_hsp": [6688.05126033853, 7794.630323122777, 5520.881043192495], "k_pid_vsp": [10000.0, 0.0, 0.0]}, "datetime": {"datetime": "2025-08-09 01:39:04", "elapsed": 31775.907503843307, "delta": 42.343621492385864}, "costs": {"total_cost": 1632.6466981326093, "time_cost": 150, "final_distance_cost": 40.90338460748073, "oscillation_cost": 300.30504381314194, "completition_cost": 1000.0, "overshoot_cost": 71.73375476469666, "power_cost": 40.92923271484375, "noise_cost": 28.775282232446525, "n_waypoints_completed": 0, "tot_waypoints": 9}}
{"target": -1318.692903226041, "params": {"k_pid_pos": [3428.8198225937795, 10000.0, 3925.034948860486], "k_pid_alt": [4573.70966192467, 0.0, 0.0], "k_pid_att": [4525.536377608111, 4026.8356186868073, 0.0], "k_pid_yaw": [0.5, 1e-06, 0.1], "k_pid_hsp": [10000.0, 7083.671242486972, 4577.963513099847], "k_pid_vsp": [9066.273255848811, 0.0, 0.0]}, "datetime": {"datetime": "2025-08-09 01:39:42", "elapsed": 31814.143280506134, "delta": 38.23577666282654}, "costs": {"total_cost": 1318.692903226041, "time_cost": 150, "final_distance_cost": 77.34140587137686, "oscillation_cost": 269.27774774702647, "completition_cost": 666.6666666666667, "overshoot_cost": 86.57635474915688, "power_cost": 40.23390384521485, "noise_cost": 28.596824346599085, "n_waypoints_completed": 3, "tot_waypoints": 9}}
{"target": -30187.946639411617, "params": {"k_pid_pos": [4831.781069442795, 4601.107232523589, 9687.319470002945], "k_pid_alt": [6695.4510623518245, 1984.0732482842204, 9536.552874889028], "k_pid_att": [2629.0467601925325, 4348.220213884604, 3447.3750310680475], "k_pid_yaw": [0.5, 1e-06, 0.1], "k_pid_hsp": [3590.1973223818472, 298.3562064759415, 791.3760040581142], "k_pid_vsp": [9342.614862276547, 1174.982965567154, 4723.247329777694]}, "datetime": {"datetime": "2025-08-09 01:40:14", "elapsed": 31845.910775899887, "delta": 31.76749539375305}, "costs": {"total_cost": 30187.946639411617, "time_cost": 150, "final_distance_cost": 8461.212094634326, "oscillation_cost": 1580.5312345825314, "completition_cost": 1000.0, "overshoot_cost": 18793.331278001413, "power_cost": 58.65573525390625, "noise_cost": 144.21629693944215, "n_waypoints_completed": 0, "tot_waypoints": 9}}
{"target": -1196.0483643295388, "params": {"k_pid_pos": [8672.395234243446, 4634.249695967466, 4539.491800878627], "k_pid_alt": [4365.878761795435, 9691.785991260776, 0.0], "k_pid_att": [5930.7127600705735, 4702.216010067263, 0.0], "k_pid_yaw": [0.5, 1e-06, 0.1], "k_pid_hsp": [5046.101896827301, 4114.440828277324, 2737.9619931845573], "k_pid_vsp": [2643.916705288056, 10000.0, 5668.318288067783]}, "datetime": {"datetime": "2025-08-09 01:40:55", "elapsed": 31886.93857216835, "delta": 41.027796268463135}, "costs": {"total_cost": 1196.0483643295388, "time_cost": 150, "final_distance_cost": 49.34429405730157, "oscillation_cost": 276.729394538217, "completition_cost": 555.5555555555555, "overshoot_cost": 93.41952926615078, "power_cost": 41.56427434082031, "noise_cost": 29.435316571493757, "n_waypoints_completed": 4, "tot_waypoints": 9}}
{"target": -4429.1592284998105, "params": {"k_pid_pos": [0.0, 10000.0, 10000.0], "k_pid_alt": [10000.0, 3832.930859353619, 5076.938054639021], "k_pid_att": [4172.242273721145, 4066.4835571375374, 0.0], "k_pid_yaw": [0.5, 1e-06, 0.1], "k_pid_hsp": [6768.713059784143, 3791.768249806635, 4136.538314716513], "k_pid_vsp": [360.5288748436023, 52.32642921171587, 6598.834894787893]}, "datetime": {"datetime": "2025-08-09 01:41:33", "elapsed": 31924.887198209763, "delta": 37.94862604141235}, "costs": {"total_cost": 4429.1592284998105, "time_cost": 150, "final_distance_cost": 863.3920840511198, "oscillation_cost": 534.7512282304624, "completition_cost": 1000.0, "overshoot_cost": 1810.399586482895, "power_cost": 41.11270010986328, "noise_cost": 29.503629625470513, "n_waypoints_completed": 0, "tot_waypoints": 9}}
{"target": -2065.962589150736, "params": {"k_pid_pos": [4989.711053659997, 2317.779747308803, 0.0], "k_pid_alt": [8830.898166072944, 0.0, 9849.68453524908], "k_pid_att": [9196.397074485762, 3130.4407300230846, 0.0], "k_pid_yaw": [0.5, 1e-06, 0.1], "k_pid_hsp": [3514.522203444357, 0.0, 5457.905665226026], "k_pid_vsp": [5398.812898992431, 8174.0582246177655, 7460.2905443853915]}, "datetime": {"datetime": "2025-08-09 01:42:11", "elapsed": 31963.273681640625, "delta": 38.38648343086243}, "costs": {"total_cost": 2065.962589150736, "time_cost": 150, "final_distance_cost": 116.6272959985731, "oscillation_cost": 861.4467455387133, "completition_cost": 777.7777777777778, "overshoot_cost": 96.06056457627345, "power_cost": 36.11717673339844, "noise_cost": 27.933028525999905, "n_waypoints_completed": 2, "tot_waypoints": 9}}
{"target": -9049.449353613541, "params": {"k_pid_pos": [2570.2706794589326, 4547.372523181973, 421.3080883386544], "k_pid_alt": [1888.9313029935572, 1297.5452170405576, 8883.510248224975], "k_pid_att": [5310.551880001571, 938.8708869761853, 8030.739642947225], "k_pid_yaw": [0.5, 1e-06, 0.1], "k_pid_hsp": [5256.433567040745, 1162.4001108472637, 3671.74576518654], "k_pid_vsp": [5782.185438858591, 3091.067127807171, 7016.827328979411]}, "datetime": {"datetime": "2025-08-09 01:42:43", "elapsed": 31995.400625228882, "delta": 32.126943588256836}, "costs": {"total_cost": 9049.449353613541, "time_cost": 150, "final_distance_cost": 2416.4756630442807, "oscillation_cost": 23.291779306191437, "completition_cost": 1000.0, "overshoot_cost": 5396.564584548777, "power_cost": 35.32499494628907, "noise_cost": 27.7923317680013, "n_waypoints_completed": 0, "tot_waypoints": 9}}
{"target": -1641.4192176247343, "params": {"k_pid_pos": [7262.857724137941, 4332.295756230655, 6327.447975123612], "k_pid_alt": [4075.586091817452, 2804.3104656971027, 4700.681382524518], "k_pid_att": [10000.0, 9830.550545521428, 0.0], "k_pid_yaw": [0.5, 1e-06, 0.1], "k_pid_hsp": [10000.0, 0.0, 4009.883079068278], "k_pid_vsp": [4758.8082163463105, 4261.1346587749185, 9541.037853424852]}, "datetime": {"datetime": "2025-08-09 01:43:24", "elapsed": 32036.220318555832, "delta": 40.81969332695007}, "costs": {"total_cost": 1641.4192176247343, "time_cost": 150, "final_distance_cost": 51.16345190270768, "oscillation_cost": 308.0633819489616, "completition_cost": 1000.0, "overshoot_cost": 63.81508978501727, "power_cost": 39.668560461425784, "noise_cost": 28.708733526621845, "n_waypoints_completed": 0, "tot_waypoints": 9}}
{"target": -4853.903180112084, "params": {"k_pid_pos": [4149.495179224895, 3660.3841918161215, 1589.789880683198], "k_pid_alt": [168.1254357693074, 8325.912999158654, 7508.481248652763], "k_pid_att": [8476.490564218073, 5992.567842306641, 6472.856433621303], "k_pid_yaw": [0.5, 1e-06, 0.1], "k_pid_hsp": [3072.8811969619405, 1267.439716960913, 8267.766423635863], "k_pid_vsp": [5916.504574862093, 1266.710896715234, 4807.234712440345]}, "datetime": {"datetime": "2025-08-09 01:43:56", "elapsed": 32068.261335849762, "delta": 32.041017293930054}, "costs": {"total_cost": 4853.903180112084, "time_cost": 150, "final_distance_cost": 943.910639596532, "oscillation_cost": 609.8410582191104, "completition_cost": 1000.0, "overshoot_cost": 1987.7598441652476, "power_cost": 55.94245266113281, "noise_cost": 106.449185470061, "n_waypoints_completed": 0, "tot_waypoints": 9}}
{"target": -493.35693828190017, "params": {"k_pid_pos": [7306.758868867901, 10000.0, 10000.0], "k_pid_alt": [10000.0, 0.0, 7326.893794567317], "k_pid_att": [7805.8027807076505, 0.0, 0.0], "k_pid_yaw": [0.5, 1e-06, 0.1], "k_pid_hsp": [4473.9463207196195, 10000.0, 0.0], "k_pid_vsp": [5368.1976046484415, 10000.0, 6308.188962553943]}, "datetime": {"datetime": "2025-08-09 01:44:33", "elapsed": 32105.10223555565, "delta": 36.84089970588684}, "costs": {"total_cost": 493.35693828190017, "time_cost": 112.714, "final_distance_cost": 1.8239185685997212, "oscillation_cost": 244.92094655742991, "completition_cost": 0.0, "overshoot_cost": 65.10927184645631, "power_cost": 39.373127673339845, "noise_cost": 29.41567363607438, "n_waypoints_completed": 9, "tot_waypoints": 9}}
{"target": -1421.7131027645896, "params": {"k_pid_pos": [5947.769214312434, 10000.0, 10000.0], "k_pid_alt": [7559.176442140078, 5981.840314122849, 10000.0], "k_pid_att": [7666.219886637104, 1550.7822494505085, 0.0], "k_pid_yaw": [0.5, 1e-06, 0.1], "k_pid_hsp": [1320.6068318094692, 10000.0, 0.0], "k_pid_vsp": [7271.937092479665, 3567.203492203707, 6004.302604918544]}, "datetime": {"datetime": "2025-08-09 01:45:11", "elapsed": 32143.342958927155, "delta": 38.24072337150574}, "costs": {"total_cost": 1421.7131027645896, "time_cost": 150, "final_distance_cost": 80.879386184573, "oscillation_cost": 159.4296653398612, "completition_cost": 888.8888888888888, "overshoot_cost": 67.77202883475951, "power_cost": 45.16084714355469, "noise_cost": 29.582286372952165, "n_waypoints_completed": 1, "tot_waypoints": 9}}
{"target": -25095.65349320798, "params": {"k_pid_pos": [9819.948330926334, 9110.72685671116, 4170.298854086542], "k_pid_alt": [6223.484092754502, 25.253478251225925, 4260.518862818871], "k_pid_att": [656.756964984444, 7500.05045070624, 8687.162029371251], "k_pid_yaw": [0.5, 1e-06, 0.1], "k_pid_hsp": [6731.131703339026, 2767.734262672976, 7505.041968513062], "k_pid_vsp": [9188.247762245479, 1081.6548482307353, 5698.406821413121]}, "datetime": {"datetime": "2025-08-09 01:45:43", "elapsed": 32175.146164894104, "delta": 31.803205966949463}, "costs": {"total_cost": 25095.65349320798, "time_cost": 150, "final_distance_cost": 7491.54687841662, "oscillation_cost": 1630.2230161971547, "completition_cost": 1000.0, "overshoot_cost": 14624.706897338894, "power_cost": 58.484315942382814, "noise_cost": 140.69238531292498, "n_waypoints_completed": 0, "tot_waypoints": 9}}
{"target": -2473.4444474867096, "params": {"k_pid_pos": [7409.491233115988, 10000.0, 2926.2724963538567], "k_pid_alt": [10000.0, 0.0, 3041.8823754289797], "k_pid_att": [7015.2473980443165, 0.0, 0.0], "k_pid_yaw": [0.5, 1e-06, 0.1], "k_pid_hsp": [766.6265921036056, 0.0, 1609.6168792956594], "k_pid_vsp": [5979.558553833556, 5685.381235261846, 937.9570694288217]}, "datetime": {"datetime": "2025-08-09 01:46:21", "elapsed": 32212.8781478405, "delta": 37.731982946395874}, "costs": {"total_cost": 2473.4444474867096, "time_cost": 150, "final_distance_cost": 136.56610797231852, "oscillation_cost": 806.2782153840899, "completition_cost": 1000.0, "overshoot_cost": 317.6121865398668, "power_cost": 35.291357055664065, "noise_cost": 27.69658053477026, "n_waypoints_completed": 0, "tot_waypoints": 9}}
{"target": -1801.5240475163682, "params": {"k_pid_pos": [10000.0, 7647.189533471947, 6266.789347840025], "k_pid_alt": [4450.440641063934, 4400.905797736754, 2807.5049012163627], "k_pid_att": [7508.97308137911, 7999.084384469709, 0.0], "k_pid_yaw": [0.5, 1e-06, 0.1], "k_pid_hsp": [8668.641719869565, 8822.029265674655, 10000.0], "k_pid_vsp": [3313.94483626327, 4553.35373145757, 4069.9657356365924]}, "datetime": {"datetime": "2025-08-09 01:46:58", "elapsed": 32250.40695166588, "delta": 37.52880382537842}, "costs": {"total_cost": 1801.5240475163682, "time_cost": 150, "final_distance_cost": 49.42560708803254, "oscillation_cost": 447.41583029090805, "completition_cost": 1000.0, "overshoot_cost": 88.23930712997877, "power_cost": 38.106134863281255, "noise_cost": 28.337168144167748, "n_waypoints_completed": 0, "tot_waypoints": 9}}
