{"target": -1137.3530265965726, "params": {"k_pid_pos": [1740.8276692192812, 10000.0, 8445.289724411521], "k_pid_alt": [6739.372946304667, 2372.1697084600924, 2720.548593188708], "k_pid_att": [8803.072781340918, 10000.0, 0.0], "k_pid_yaw": [0.5, 1e-06, 0.1], "k_pid_hsp": [10000.0, 10000.0, 3440.7525443454583], "k_pid_vsp": [8342.72985243542, 0.0, 2037.1031961948304]}, "datetime": {"datetime": "2025-08-09 01:02:39", "elapsed": 29591.025090694427, "delta": 38.13228154182434}, "costs": {"total_cost": 1137.3530265965726, "time_cost": 150, "final_distance_cost": 58.76729537482547, "oscillation_cost": 223.3735486241403, "completition_cost": 555.5555555555555, "overshoot_cost": 79.50114719959764, "power_cost": 41.38727036132813, "noise_cost": 28.768209481125464, "n_waypoints_completed": 4, "tot_waypoints": 9}}
{"target": -1749.3412400166142, "params": {"k_pid_pos": [4812.60310778091, 9810.98081464361, 8176.129241935265], "k_pid_alt": [4097.072662553315, 9511.265453095159, 8317.275865310214], "k_pid_att": [7289.012024043494, 5851.487514253841, 1405.5258370845647], "k_pid_yaw": [0.5, 1e-06, 0.1], "k_pid_hsp": [3939.4222097847987, 7562.48421865806, 3382.092219125571], "k_pid_vsp": [7005.1813851775005, 6237.993861479054, 8078.908287996991]}, "datetime": {"datetime": "2025-08-09 01:03:10", "elapsed": 29621.890548944473, "delta": 30.865458250045776}, "costs": {"total_cost": 1749.3412400166142, "time_cost": 150, "final_distance_cost": 145.37912654733432, "oscillation_cost": 138.77681594198492, "completition_cost": 1000.0, "overshoot_cost": 235.28885197083946, "power_cost": 40.07227515869141, "noise_cost": 39.82417039776424, "n_waypoints_completed": 0, "tot_waypoints": 9}}
{"target": -658.7859030845003, "params": {"k_pid_pos": [5618.9213170028825, 10000.0, 8921.841851339303], "k_pid_alt": [8813.333407276545, 0.0, 10000.0], "k_pid_att": [7028.692711598354, 863.6799229428578, 0.0], "k_pid_yaw": [0.5, 1e-06, 0.1], "k_pid_hsp": [10000.0, 10000.0, 1316.550052435505], "k_pid_vsp": [9321.534213547122, 5569.975526037045, 10000.0]}, "datetime": {"datetime": "2025-08-09 01:03:47", "elapsed": 29658.992409944534, "delta": 37.101861000061035}, "costs": {"total_cost": 658.7859030845003, "time_cost": 150, "final_distance_cost": 18.475944279583928, "oscillation_cost": 219.49796401473873, "completition_cost": 111.11111111111116, "overshoot_cost": 89.64962440489982, "power_cost": 41.322371875, "noise_cost": 28.728887399166666, "n_waypoints_completed": 8, "tot_waypoints": 9}}
{"target": -493.5222525497435, "params": {"k_pid_pos": [8242.249816972848, 10000.0, 5749.991372819391], "k_pid_alt": [6755.866551137717, 0.0, 5285.800006443118], "k_pid_att": [5059.913937921365, 0.0, 0.0], "k_pid_yaw": [0.5, 1e-06, 0.1], "k_pid_hsp": [10000.0, 10000.0, 4111.02077291577], "k_pid_vsp": [6111.582275898856, 6167.756653213073, 5799.977232954866]}, "datetime": {"datetime": "2025-08-09 01:04:22", "elapsed": 29694.139634132385, "delta": 35.14722418785095}, "costs": {"total_cost": 493.5222525497435, "time_cost": 112.245, "final_distance_cost": 1.7417911010131577, "oscillation_cost": 218.27147690551607, "completition_cost": 0.0, "overshoot_cost": 93.49462875708826, "power_cost": 38.14628178710937, "noise_cost": 29.623073999016572, "n_waypoints_completed": 9, "tot_waypoints": 9}}
{"target": -2086.2433050725044, "params": {"k_pid_pos": [5032.486676788499, 4175.915247585961, 6874.364611635551], "k_pid_alt": [2746.860051120181, 8826.421004526144, 51.22941232007072], "k_pid_att": [1895.2398109661417, 9506.608982486656, 432.27690000113614], "k_pid_yaw": [0.5, 1e-06, 0.1], "k_pid_hsp": [8673.42892005609, 9118.893104398598, 1308.9579136241325], "k_pid_vsp": [5652.180784165615, 4060.419064974796, 9670.961735902269]}, "datetime": {"datetime": "2025-08-09 01:04:53", "elapsed": 29724.92659521103, "delta": 30.7869610786438}, "costs": {"total_cost": 2086.2433050725044, "time_cost": 150, "final_distance_cost": 28.050498376708347, "oscillation_cost": 562.795207306926, "completition_cost": 1000.0, "overshoot_cost": 181.74009905265586, "power_cost": 56.48264024658204, "noise_cost": 107.17486008963199, "n_waypoints_completed": 0, "tot_waypoints": 9}}
{"target": -14137.70036733538, "params": {"k_pid_pos": [5543.52953200609, 9592.299502086826, 3816.580698693317], "k_pid_alt": [8734.587869453973, 8130.127307854331, 3059.2167604213373], "k_pid_att": [7403.07946944836, 7780.448854299026, 6931.376594149141], "k_pid_yaw": [0.5, 1e-06, 0.1], "k_pid_hsp": [6552.825812978568, 7201.076183361208, 5818.085086824072], "k_pid_vsp": [3109.9027721412663, 600.8962818935292, 9524.40443808311]}, "datetime": {"datetime": "2025-08-09 01:05:23", "elapsed": 29755.490558624268, "delta": 30.563963413238525}, "costs": {"total_cost": 14137.70036733538, "time_cost": 150, "final_distance_cost": 2973.4160207931036, "oscillation_cost": 1572.8959997516558, "completition_cost": 1000.0, "overshoot_cost": 8248.176937062095, "power_cost": 57.46596407470703, "noise_cost": 135.74544565381785, "n_waypoints_completed": 0, "tot_waypoints": 9}}
{"target": -1583.725100204083, "params": {"k_pid_pos": [2280.7858591887716, 6953.933934522426, 7308.903105689705], "k_pid_alt": [3859.533590759412, 8826.612530006289, 0.0], "k_pid_att": [6624.6012970585925, 8877.179006653616, 0.0], "k_pid_yaw": [0.5, 1e-06, 0.1], "k_pid_hsp": [10000.0, 5042.3528889835325, 3141.013126911775], "k_pid_vsp": [4224.3993856233765, 6480.549914194303, 10000.0]}, "datetime": {"datetime": "2025-08-09 01:06:02", "elapsed": 29793.828643798828, "delta": 38.33808517456055}, "costs": {"total_cost": 1583.725100204083, "time_cost": 150, "final_distance_cost": 73.89794706515923, "oscillation_cost": 320.14071539967057, "completition_cost": 888.8888888888888, "overshoot_cost": 82.08544834746608, "power_cost": 39.90450716552735, "noise_cost": 28.807593337371006, "n_waypoints_completed": 1, "tot_waypoints": 9}}
{"target": -5484.408818501099, "params": {"k_pid_pos": [956.5263626149167, 6910.425112631539, 4136.929142049307], "k_pid_alt": [9612.405004994018, 1091.3851034637157, 4545.7379476012775], "k_pid_att": [9044.049043138546, 371.7389841005514, 1295.5185963797578], "k_pid_yaw": [0.5, 1e-06, 0.1], "k_pid_hsp": [1272.9315525743034, 3308.0744191434387, 7526.946525506271], "k_pid_vsp": [6198.173452362739, 1535.6172757923857, 5857.910576302168]}, "datetime": {"datetime": "2025-08-09 01:06:32", "elapsed": 29824.463038921356, "delta": 30.634395122528076}, "costs": {"total_cost": 5484.408818501099, "time_cost": 150, "final_distance_cost": 1310.0732446180639, "oscillation_cost": 96.82917708915136, "completition_cost": 1000.0, "overshoot_cost": 2864.420651069568, "power_cost": 35.30006940917969, "noise_cost": 27.78567631513541, "n_waypoints_completed": 0, "tot_waypoints": 9}}
{"target": -1832.1148895126607, "params": {"k_pid_pos": [2769.073870553108, 10000.0, 10000.0], "k_pid_alt": [10000.0, 3699.810226245575, 3056.6491841882853], "k_pid_att": [2558.209047534606, 6026.04047808364, 0.0], "k_pid_yaw": [0.5, 1e-06, 0.1], "k_pid_hsp": [9543.530204279208, 4894.953325111674, 7106.138667666689], "k_pid_vsp": [8660.738801802774, 700.4567222611801, 0.0]}, "datetime": {"datetime": "2025-08-09 01:07:10", "elapsed": 29861.873747348785, "delta": 37.4107084274292}, "costs": {"total_cost": 1832.1148895126607, "time_cost": 150, "final_distance_cost": 94.01903848423899, "oscillation_cost": 664.3726953192746, "completition_cost": 777.7777777777778, "overshoot_cost": 79.49881734781576, "power_cost": 38.24274119873047, "noise_cost": 28.20381938482321, "n_waypoints_completed": 2, "tot_waypoints": 9}}
{"target": -1477.241279966632, "params": {"k_pid_pos": [6950.733896070731, 10000.0, 6231.239629750389], "k_pid_alt": [7242.503471969289, 2565.6774585142743, 2294.102992728203], "k_pid_att": [1617.413110833317, 1855.396067777638, 0.0], "k_pid_yaw": [0.5, 1e-06, 0.1], "k_pid_hsp": [9263.254717252477, 8578.7474215303, 6913.503474738701], "k_pid_vsp": [9402.020977303147, 0.0, 3562.835824103952]}, "datetime": {"datetime": "2025-08-09 01:07:48", "elapsed": 29900.515212535858, "delta": 38.641465187072754}, "costs": {"total_cost": 1477.241279966632, "time_cost": 150, "final_distance_cost": 66.4776831561606, "oscillation_cost": 438.14386355683007, "completition_cost": 666.6666666666667, "overshoot_cost": 88.14933545391744, "power_cost": 39.05847532958985, "noise_cost": 28.74525580346724, "n_waypoints_completed": 3, "tot_waypoints": 9}}
{"target": -3394.026806727667, "params": {"k_pid_pos": [5250.523921346918, 3589.6613353085936, 7329.178121630092], "k_pid_alt": [7798.022330345804, 3928.1786053847254, 2052.766593632599], "k_pid_att": [6910.0272427252785, 6589.968397968566, 2302.0222880137144], "k_pid_yaw": [0.5, 1e-06, 0.1], "k_pid_hsp": [5139.336585059237, 4392.381090898379, 7980.45611000876], "k_pid_vsp": [6893.197247245085, 370.94600209209847, 6345.07976672806]}, "datetime": {"datetime": "2025-08-09 01:08:20", "elapsed": 29931.691731452942, "delta": 31.17651891708374}, "costs": {"total_cost": 3394.026806727667, "time_cost": 150, "final_distance_cost": 606.6815940796644, "oscillation_cost": 81.74026720886258, "completition_cost": 1000.0, "overshoot_cost": 1492.7493390497932, "power_cost": 35.12684530029297, "noise_cost": 27.728761089053798, "n_waypoints_completed": 0, "tot_waypoints": 9}}
{"target": -7434.824890217836, "params": {"k_pid_pos": [2135.2628844040046, 9372.078693061905, 8309.656527400024], "k_pid_alt": [6946.603094663714, 6571.331131935878, 8636.349835154782], "k_pid_att": [1118.3520255032743, 2526.5327962538854, 9186.851739388298], "k_pid_yaw": [0.5, 1e-06, 0.1], "k_pid_hsp": [3659.091636555458, 478.01245862736596, 4946.492612833633], "k_pid_vsp": [3074.2164120061357, 1493.323107023381, 8470.393727104065]}, "datetime": {"datetime": "2025-08-09 01:08:51", "elapsed": 29963.10440850258, "delta": 31.41267704963684}, "costs": {"total_cost": 7434.824890217836, "time_cost": 150, "final_distance_cost": 1393.8920363412542, "oscillation_cost": 265.92644040521895, "completition_cost": 1000.0, "overshoot_cost": 4533.392344602769, "power_cost": 44.822391735839844, "noise_cost": 46.791677132752305, "n_waypoints_completed": 0, "tot_waypoints": 9}}
{"target": -1452.3664877669512, "params": {"k_pid_pos": [8981.330029173903, 6026.755723903341, 1884.69091785885], "k_pid_alt": [0.0, 7310.5975921526315, 0.0], "k_pid_att": [7954.03894176016, 2389.976788719951, 0.0], "k_pid_yaw": [0.5, 1e-06, 0.1], "k_pid_hsp": [7939.57854498905, 8511.697757496151, 2696.654228611718], "k_pid_vsp": [2226.3888455395877, 7183.647890581565, 7089.4241892417995]}, "datetime": {"datetime": "2025-08-09 01:09:31", "elapsed": 30003.182805776596, "delta": 40.078397274017334}, "costs": {"total_cost": 1452.3664877669512, "time_cost": 150, "final_distance_cost": 66.94930726193337, "oscillation_cost": 189.84708456471444, "completition_cost": 888.8888888888888, "overshoot_cost": 85.63213732153245, "power_cost": 41.953991015625, "noise_cost": 29.09507871425741, "n_waypoints_completed": 1, "tot_waypoints": 9}}
{"target": -1845.1529611875724, "params": {"k_pid_pos": [4539.736846356531, 10000.0, 5621.2175603694295], "k_pid_alt": [4251.327902752512, 4597.960708696232, 5319.829558491744], "k_pid_att": [6384.191998702982, 5912.543091334303, 0.0], "k_pid_yaw": [0.5, 1e-06, 0.1], "k_pid_hsp": [5623.778303223007, 0.0, 3768.9084843811643], "k_pid_vsp": [3039.2088645223575, 9593.60214977397, 5646.053364062291]}, "datetime": {"datetime": "2025-08-09 01:10:10", "elapsed": 30042.248005628586, "delta": 39.065199851989746}, "costs": {"total_cost": 1845.1529611875724, "time_cost": 150, "final_distance_cost": 58.198045481023314, "oscillation_cost": 498.5084368687783, "completition_cost": 1000.0, "overshoot_cost": 73.36045250107081, "power_cost": 37.00995323486328, "noise_cost": 28.07607310183649, "n_waypoints_completed": 0, "tot_waypoints": 9}}
{"target": -2001.2165909412063, "params": {"k_pid_pos": [9746.88656344111, 9396.751248664756, 5617.514992617011], "k_pid_alt": [7801.4862909106505, 3286.8123379854196, 5036.333153191085], "k_pid_att": [8488.556717075395, 9661.161589482183, 3347.3301117983287], "k_pid_yaw": [0.5, 1e-06, 0.1], "k_pid_hsp": [3245.9773193558494, 9957.31039677101, 976.9872229225363], "k_pid_vsp": [4021.1185036888587, 2053.291092737397, 9052.40858357217]}, "datetime": {"datetime": "2025-08-09 01:10:41", "elapsed": 30073.357766628265, "delta": 31.109760999679565}, "costs": {"total_cost": 2001.2165909412063, "time_cost": 150, "final_distance_cost": 54.77812355743724, "oscillation_cost": 177.58392836714106, "completition_cost": 1000.0, "overshoot_cost": 540.4790077503203, "power_cost": 40.88946551513672, "noise_cost": 37.486065751171, "n_waypoints_completed": 0, "tot_waypoints": 9}}
{"target": -12919.159348768126, "params": {"k_pid_pos": [6325.563395390713, 375.42136166352714, 532.8862538920331], "k_pid_alt": [1389.8527719089104, 3807.2445278863274, 1789.6720611252658], "k_pid_att": [2307.155957013125, 2329.6669210776445, 8648.147328348454], "k_pid_yaw": [0.5, 1e-06, 0.1], "k_pid_hsp": [736.5496695601691, 3838.354505518683, 8623.813942779616], "k_pid_vsp": [1699.3558320981606, 533.3994081607185, 7161.369071456801]}, "datetime": {"datetime": "2025-08-09 01:11:14", "elapsed": 30105.64839529991, "delta": 32.29062867164612}, "costs": {"total_cost": 12919.159348768126, "time_cost": 150, "final_distance_cost": 4020.6565510512723, "oscillation_cost": 226.41858874911702, "completition_cost": 1000.0, "overshoot_cost": 7418.885221487874, "power_cost": 46.35363874511719, "noise_cost": 56.84534873474497, "n_waypoints_completed": 0, "tot_waypoints": 9}}
{"target": -511.36801881747743, "params": {"k_pid_pos": [10000.0, 10000.0, 10000.0], "k_pid_alt": [10000.0, 0.0, 5921.515435470167], "k_pid_att": [9518.563934988111, 5606.014904208775, 0.0], "k_pid_yaw": [0.5, 1e-06, 0.1], "k_pid_hsp": [3994.019924334202, 10000.0, 0.0], "k_pid_vsp": [7653.570262358001, 211.80233481003253, 6306.208031755567]}, "datetime": {"datetime": "2025-08-09 01:11:50", "elapsed": 30141.783695936203, "delta": 36.135300636291504}, "costs": {"total_cost": 511.36801881747743, "time_cost": 115.801, "final_distance_cost": 1.806422162298668, "oscillation_cost": 253.8178496109905, "completition_cost": 0.0, "overshoot_cost": 66.45764494055732, "power_cost": 42.14580731201172, "noise_cost": 31.339294791619235, "n_waypoints_completed": 9, "tot_waypoints": 9}}
{"target": -1309.032702007591, "params": {"k_pid_pos": [0.0, 10000.0, 9999.999999999689], "k_pid_alt": [10000.0, 3363.0995618945512, 6633.530128478251], "k_pid_att": [4955.850702002744, 5372.3199353789805, 0.0], "k_pid_yaw": [0.5, 1e-06, 0.1], "k_pid_hsp": [6500.633435660977, 10000.0, 0.0], "k_pid_vsp": [4444.204145268737, 6034.153065150562, 7520.4411701877325]}, "datetime": {"datetime": "2025-08-09 01:12:28", "elapsed": 30180.22745490074, "delta": 38.443758964538574}, "costs": {"total_cost": 1309.032702007591, "time_cost": 150, "final_distance_cost": 85.39775633695054, "oscillation_cost": 274.60211658993813, "completition_cost": 666.6666666666667, "overshoot_cost": 60.308728573803464, "power_cost": 42.620765332031255, "noise_cost": 29.436668508201134, "n_waypoints_completed": 3, "tot_waypoints": 9}}
{"target": -1530.9588890855164, "params": {"k_pid_pos": [8566.211167630341, 6172.725105757054, 4293.434720164938], "k_pid_alt": [9821.530388992502, 6351.251351389463, 1046.8164286465876], "k_pid_att": [4996.138990058009, 9978.654581765624, 783.322429989931], "k_pid_yaw": [0.5, 1e-06, 0.1], "k_pid_hsp": [3546.0614619989337, 6143.66143138969, 1732.977673715963], "k_pid_vsp": [4829.436630684385, 7584.169299501722, 2418.42568323262]}, "datetime": {"datetime": "2025-08-09 01:13:00", "elapsed": 30212.48578643799, "delta": 32.258331537246704}, "costs": {"total_cost": 1530.9588890855164, "time_cost": 150, "final_distance_cost": 66.82829248556085, "oscillation_cost": 152.39962391964613, "completition_cost": 1000.0, "overshoot_cost": 94.29681979094624, "power_cost": 38.893113525390625, "noise_cost": 28.541039363972462, "n_waypoints_completed": 0, "tot_waypoints": 9}}
{"target": -1391.2766763904956, "params": {"k_pid_pos": [4879.649713477523, 10000.0, 9325.692183025809], "k_pid_alt": [6792.491473764251, 2669.2906590731586, 8928.49400169884], "k_pid_att": [10000.0, 6775.275819705275, 0.0], "k_pid_yaw": [0.5, 1e-06, 0.1], "k_pid_hsp": [10000.0, 10000.0, 0.0], "k_pid_vsp": [10000.0, 6731.4889359056615, 3757.0686866017227]}, "datetime": {"datetime": "2025-08-09 01:13:39", "elapsed": 30250.992010593414, "delta": 38.506224155426025}, "costs": {"total_cost": 1391.2766763904956, "time_cost": 150, "final_distance_cost": 87.9287546718028, "oscillation_cost": 260.05900390117733, "completition_cost": 777.7777777777778, "overshoot_cost": 44.035546327139976, "power_cost": 42.373125537109374, "noise_cost": 29.10246817548816, "n_waypoints_completed": 2, "tot_waypoints": 9}}
{"target": -1276.6888288860814, "params": {"k_pid_pos": [6202.489802491948, 0.0, 2295.8322155060305], "k_pid_alt": [7339.632978679192, 6064.128684134643, 3233.4490890579486], "k_pid_att": [10000.0, 9182.850689178686, 0.0], "k_pid_yaw": [0.5, 1e-06, 0.1], "k_pid_hsp": [3443.730825532773, 3843.5277581748387, 0.0], "k_pid_vsp": [4927.445896979325, 4873.333559185668, 3113.5273499975847]}, "datetime": {"datetime": "2025-08-09 01:14:18", "elapsed": 30289.8186480999, "delta": 38.826637506484985}, "costs": {"total_cost": 1276.6888288860814, "time_cost": 150, "final_distance_cost": 67.00623967790986, "oscillation_cost": 587.8084018142639, "completition_cost": 333.33333333333337, "overshoot_cost": 67.93191692319704, "power_cost": 40.16355963134766, "noise_cost": 30.44537750602966, "n_waypoints_completed": 6, "tot_waypoints": 9}}
{"target": -13141.643975919873, "params": {"k_pid_pos": [2970.022235305624, 2999.0556272728686, 6729.1059833516965], "k_pid_alt": [7480.04720205856, 7510.440369020611, 8106.352115865284], "k_pid_att": [7266.663438784964, 9458.425714119765, 6058.5554073210515], "k_pid_yaw": [0.5, 1e-06, 0.1], "k_pid_hsp": [848.5041337840837, 2258.4865436006453, 3679.196723498889], "k_pid_vsp": [5390.613556600576, 2517.0132352857845, 7129.570863706628]}, "datetime": {"datetime": "2025-08-09 01:14:49", "elapsed": 30321.243703842163, "delta": 31.425055742263794}, "costs": {"total_cost": 13141.643975919873, "time_cost": 150, "final_distance_cost": 3768.5661365079377, "oscillation_cost": 1230.122574956656, "completition_cost": 1000.0, "overshoot_cost": 6829.604926207238, "power_cost": 53.41893735351563, "noise_cost": 109.93140089452503, "n_waypoints_completed": 0, "tot_waypoints": 9}}
{"target": -12619.62405621221, "params": {"k_pid_pos": [9687.31414901142, 5538.04647737126, 4901.774722430692], "k_pid_alt": [2722.5063223785673, 4448.483839602424, 588.4773016274958], "k_pid_att": [3777.409308501745, 2020.4189845853925, 2111.2954350367186], "k_pid_yaw": [0.5, 1e-06, 0.1], "k_pid_hsp": [6812.828000332965, 4737.965804553992, 671.4278521967099], "k_pid_vsp": [370.5987836278302, 489.0105035951087, 5142.606328988997]}, "datetime": {"datetime": "2025-08-09 01:15:20", "elapsed": 30352.33913588524, "delta": 31.09543204307556}, "costs": {"total_cost": 12619.62405621221, "time_cost": 150, "final_distance_cost": 2441.1185270265905, "oscillation_cost": 368.325792030369, "completition_cost": 1000.0, "overshoot_cost": 8541.265650660149, "power_cost": 51.1370537109375, "noise_cost": 67.77703278416232, "n_waypoints_completed": 0, "tot_waypoints": 9}}
{"target": -4549.23910530084, "params": {"k_pid_pos": [2478.596719063959, 5437.739530952368, 6598.4050636890115], "k_pid_alt": [6508.964434049076, 8497.972171363703, 7985.40969598857], "k_pid_att": [7791.854791352753, 7154.65212677258, 1837.7897310588542], "k_pid_yaw": [0.5, 1e-06, 0.1], "k_pid_hsp": [3756.9791406950058, 850.1445203485436, 2604.163058629494], "k_pid_vsp": [5304.318489044719, 7781.868885807967, 3905.640428130425]}, "datetime": {"datetime": "2025-08-09 01:15:52", "elapsed": 30384.42826151848, "delta": 32.089125633239746}, "costs": {"total_cost": 4549.23910530084, "time_cost": 150, "final_distance_cost": 1037.0540525017038, "oscillation_cost": 95.82898043213524, "completition_cost": 1000.0, "overshoot_cost": 2201.999082316287, "power_cost": 35.363605371093755, "noise_cost": 28.993384679619904, "n_waypoints_completed": 0, "tot_waypoints": 9}}
{"target": -1021.3162432675356, "params": {"k_pid_pos": [7177.141391582266, 10000.0, 5008.067999653723], "k_pid_alt": [6481.322836534105, 0.0, 7302.835670204742], "k_pid_att": [10000.0, 2764.382151638537, 0.0], "k_pid_yaw": [0.5, 1e-06, 0.1], "k_pid_hsp": [5423.945714864338, 5254.446548206221, 0.0], "k_pid_vsp": [5878.371485595598, 6989.625532154672, 404.4889271242988]}, "datetime": {"datetime": "2025-08-09 01:16:30", "elapsed": 30422.202383041382, "delta": 37.77412152290344}, "costs": {"total_cost": 1021.3162432675356, "time_cost": 150, "final_distance_cost": 78.88078168603592, "oscillation_cost": 326.3156266731548, "completition_cost": 333.33333333333337, "overshoot_cost": 62.583430060625915, "power_cost": 41.388722375488285, "noise_cost": 28.81434913889732, "n_waypoints_completed": 6, "tot_waypoints": 9}}
{"target": -469.2587562238813, "params": {"k_pid_pos": [10000.0, 3810.788487202513, 0.0], "k_pid_alt": [5304.419641921405, 0.0, 4895.7519583244475], "k_pid_att": [5712.304079436588, 2242.7999403212107, 0.0], "k_pid_yaw": [0.5, 1e-06, 0.1], "k_pid_hsp": [7663.7264540859005, 9629.101380099793, 3773.2259417312025], "k_pid_vsp": [10000.0, 3986.746877514358, 2085.0359731492335]}, "datetime": {"datetime": "2025-08-09 01:17:06", "elapsed": 30457.751294136047, "delta": 35.54891109466553}, "costs": {"total_cost": 469.2587562238813, "time_cost": 112.721, "final_distance_cost": 1.7621265532586183, "oscillation_cost": 199.3587154406321, "completition_cost": 0.0, "overshoot_cost": 86.50914682583976, "power_cost": 39.256633947753905, "noise_cost": 29.65113345639686, "n_waypoints_completed": 9, "tot_waypoints": 9}}
