{"target": -11629.046894979349, "params": {"k_pid_pos": [1504.8094856114458, 2747.5685440230636, 3814.9830803775108], "k_pid_alt": [7673.048828139135, 7590.425277284702, 9962.637519032427], "k_pid_att": [2213.9729591464184, 12.44107663410876, 8887.95252140443], "k_pid_yaw": [0.5, 1e-06, 0.1], "k_pid_hsp": [4769.964503049142, 7255.474213950146, 2909.939359300906], "k_pid_vsp": [5510.978663193348, 9438.309226110136, 6494.404959316113]}, "datetime": {"datetime": "2025-08-09 17:41:36", "elapsed": 89528.42509746552, "delta": 37.768229961395264}, "costs": {"total_cost": 11629.046894979349, "time_cost": 150, "final_distance_cost": 3306.4576245516423, "oscillation_cost": 772.8053102969731, "completition_cost": 1000.0, "overshoot_cost": 6220.7131714067355, "power_cost": 58.45005659179688, "noise_cost": 120.62073213219986, "n_waypoints_completed": 0, "tot_waypoints": 9}}
{"target": -1915.6668720951543, "params": {"k_pid_pos": [1790.9461397512066, 3943.8609415796004, 0.0], "k_pid_alt": [0.0, 10000.0, 7693.757563315265], "k_pid_att": [4473.40160074555, 9525.57494517624, 0.0], "k_pid_yaw": [0.5, 1e-06, 0.1], "k_pid_hsp": [7717.8346821141695, 0.0, 6699.694091678122], "k_pid_vsp": [3708.7408648433366, 1745.9202387880437, 909.1746726046155]}, "datetime": {"datetime": "2025-08-09 17:42:55", "elapsed": 89606.77924060822, "delta": 78.3541431427002}, "costs": {"total_cost": 1915.6668720951543, "time_cost": 150, "final_distance_cost": 47.01715980588028, "oscillation_cost": 652.3611257013434, "completition_cost": 888.8888888888888, "overshoot_cost": 111.39281904205544, "power_cost": 37.80753743896484, "noise_cost": 28.199341218021647, "n_waypoints_completed": 1, "tot_waypoints": 9}}
{"target": -3519.698325149079, "params": {"k_pid_pos": [5201.101517085144, 8168.140766050828, 4521.270199862777], "k_pid_alt": [5224.924705698538, 8298.742357878875, 8491.191838262674], "k_pid_att": [5163.417129042208, 6676.2104555793485, 1206.2738821294106], "k_pid_yaw": [0.5, 1e-06, 0.1], "k_pid_hsp": [4132.54392409865, 6160.698698379398, 8267.272377040912], "k_pid_vsp": [9112.199915359519, 1996.8466203028024, 3235.1740811602194]}, "datetime": {"datetime": "2025-08-09 17:43:33", "elapsed": 89644.94625973701, "delta": 38.16701912879944}, "costs": {"total_cost": 3519.698325149079, "time_cost": 150, "final_distance_cost": 734.690559387375, "oscillation_cost": 131.46942526444502, "completition_cost": 1000.0, "overshoot_cost": 1433.8600692123541, "power_cost": 36.87086530761719, "noise_cost": 32.80740597728808, "n_waypoints_completed": 0, "tot_waypoints": 9}}
{"target": -3866.8730549001984, "params": {"k_pid_pos": [5561.688462157415, 8625.841765419973, 2289.8100561227475], "k_pid_alt": [946.4611505554666, 6700.079857161008, 2779.213433131036], "k_pid_att": [6761.1950493231225, 5921.864844363114, 4591.393273469909], "k_pid_yaw": [0.5, 1e-06, 0.1], "k_pid_hsp": [8222.114706476485, 1494.7009870611748, 613.3126155737656], "k_pid_vsp": [4549.007221824231, 8152.937531235824, 1117.7501668838208]}, "datetime": {"datetime": "2025-08-09 17:44:11", "elapsed": 89683.00225377083, "delta": 38.05599403381348}, "costs": {"total_cost": 3866.8730549001984, "time_cost": 150, "final_distance_cost": 447.97149389545353, "oscillation_cost": 679.4759807195732, "completition_cost": 1000.0, "overshoot_cost": 1395.3632426820932, "power_cost": 58.630234411621096, "noise_cost": 135.4321031914574, "n_waypoints_completed": 0, "tot_waypoints": 9}}
{"target": -2170.306664971149, "params": {"k_pid_pos": [10000.0, 4984.794088124107, 10000.0], "k_pid_alt": [7593.762804455536, 10000.0, 5140.224521502972], "k_pid_att": [6743.181965733206, 6298.99808238302, 0.0], "k_pid_yaw": [0.5, 1e-06, 0.1], "k_pid_hsp": [7472.7751407635615, 9.098095030809514e-09, 7057.207858731591], "k_pid_vsp": [1689.4102336669046, 10000.0, 10000.0]}, "datetime": {"datetime": "2025-08-09 17:45:22", "elapsed": 89753.57247853279, "delta": 70.57022476196289}, "costs": {"total_cost": 2170.306664971149, "time_cost": 150, "final_distance_cost": 119.60961097014187, "oscillation_cost": 790.3966833878756, "completition_cost": 888.8888888888888, "overshoot_cost": 157.11532517926855, "power_cost": 35.965371130371096, "noise_cost": 28.33078541460306, "n_waypoints_completed": 1, "tot_waypoints": 9}}
{"target": -1725.4684392351191, "params": {"k_pid_pos": [21.775760158443248, 0.0, 0.0], "k_pid_alt": [844.1092771705546, 5761.007382318906, 746.8786532761009], "k_pid_att": [9540.711376256128, 10000.0, 0.0], "k_pid_yaw": [0.5, 1e-06, 0.1], "k_pid_hsp": [2689.13783465471, 0.0, 0.0], "k_pid_vsp": [4728.32181915663, 7102.277998789844, 1665.997163229988]}, "datetime": {"datetime": "2025-08-09 17:46:29", "elapsed": 89821.20257401466, "delta": 67.63009548187256}, "costs": {"total_cost": 1725.4684392351191, "time_cost": 150, "final_distance_cost": 80.20445766510167, "oscillation_cost": 470.001209924169, "completition_cost": 888.8888888888888, "overshoot_cost": 65.77212886183139, "power_cost": 41.65477421875, "noise_cost": 28.946979676378344, "n_waypoints_completed": 1, "tot_waypoints": 9}}
{"target": -4918.849854982137, "params": {"k_pid_pos": [1698.8162808712693, 4996.650699837267, 5847.339486585812], "k_pid_alt": [3855.6757291293666, 9545.057756453909, 4129.337971746179], "k_pid_att": [7713.173347256647, 2451.8716906055793, 2440.679378598295], "k_pid_yaw": [0.5, 1e-06, 0.1], "k_pid_hsp": [4641.311151362839, 5543.5659890697, 3934.9674137173884], "k_pid_vsp": [4659.739056300694, 1912.7447330725788, 6454.389722939163]}, "datetime": {"datetime": "2025-08-09 17:47:08", "elapsed": 89859.91811609268, "delta": 38.71554207801819}, "costs": {"total_cost": 4918.849854982137, "time_cost": 150, "final_distance_cost": 998.6461000267017, "oscillation_cost": 40.7804920262443, "completition_cost": 1000.0, "overshoot_cost": 2666.4236436224223, "power_cost": 35.229100024414066, "noise_cost": 27.770519282353753, "n_waypoints_completed": 0, "tot_waypoints": 9}}
{"target": -1999.121831865191, "params": {"k_pid_pos": [7231.341870111385, 1794.3054730635022, 7097.731675445062], "k_pid_alt": [5924.499270959895, 4043.063237156952, 8114.534070108248], "k_pid_att": [6942.871209301733, 4607.991899204119, 1345.3966302070287], "k_pid_yaw": [0.5, 1e-06, 0.1], "k_pid_hsp": [2669.948270495779, 3489.87768061619, 2120.478043484675], "k_pid_vsp": [454.82463810838203, 9769.255042658217, 6406.645440144691]}, "datetime": {"datetime": "2025-08-09 17:47:47", "elapsed": 89899.19454407692, "delta": 39.27642798423767}, "costs": {"total_cost": 1999.121831865191, "time_cost": 150, "final_distance_cost": 276.61097617657424, "oscillation_cost": 91.17160763394494, "completition_cost": 1000.0, "overshoot_cost": 414.6412011158001, "power_cost": 37.073813879394535, "noise_cost": 29.624233059477554, "n_waypoints_completed": 0, "tot_waypoints": 9}}
{"target": -2197.3893141860126, "params": {"k_pid_pos": [4006.7018391352194, 2858.1310469893288, 6081.193636231472], "k_pid_alt": [8368.228111661081, 3864.7891200992644, 5208.065113910753], "k_pid_att": [4826.6578883354905, 8628.174949585358, 0.0], "k_pid_yaw": [0.5, 1e-06, 0.1], "k_pid_hsp": [0.0, 9155.36663998838, 6794.791731627293], "k_pid_vsp": [5718.252620213133, 5033.669020173082, 179.8380976276339]}, "datetime": {"datetime": "2025-08-09 17:48:58", "elapsed": 89969.71777296066, "delta": 70.52322888374329}, "costs": {"total_cost": 2197.3893141860126, "time_cost": 150, "final_distance_cost": 51.72613965778761, "oscillation_cost": 868.5139430609621, "completition_cost": 1000.0, "overshoot_cost": 62.54994947326317, "power_cost": 36.80757862548828, "noise_cost": 27.79170336851153, "n_waypoints_completed": 0, "tot_waypoints": 9}}
{"target": -2530.191002619028, "params": {"k_pid_pos": [10000.0, 2887.8134139145086, 3438.1392791458343], "k_pid_alt": [165.13958595663277, 8119.377475028727, 4748.945874356869], "k_pid_att": [6227.465446043304, 7513.603492899473, 4040.8487534636483], "k_pid_yaw": [0.5, 1e-06, 0.1], "k_pid_hsp": [10000.0, 0.0, 0.0], "k_pid_vsp": [0.0, 10000.0, 10000.0]}, "datetime": {"datetime": "2025-08-09 17:50:17", "elapsed": 90049.0525841713, "delta": 79.33481121063232}, "costs": {"total_cost": 2530.191002619028, "time_cost": 150, "final_distance_cost": 97.86287886882664, "oscillation_cost": 496.9580527515547, "completition_cost": 1000.0, "overshoot_cost": 640.4583013427873, "power_cost": 53.171836523437506, "noise_cost": 91.73993313242242, "n_waypoints_completed": 0, "tot_waypoints": 9}}
{"target": -6587.34161813347, "params": {"k_pid_pos": [9885.089467288242, 6539.94632173296, 9170.166431912201], "k_pid_alt": [7317.03957702557, 4846.894876971044, 6678.122488779739], "k_pid_att": [6787.629759427815, 3191.7615477357754, 9588.750690092878], "k_pid_yaw": [0.5, 1e-06, 0.1], "k_pid_hsp": [3471.6102994607745, 6832.933413415637, 7663.6760293232755], "k_pid_vsp": [1852.6785339590378, 2203.0519715684372, 8089.745116272764]}, "datetime": {"datetime": "2025-08-09 17:50:58", "elapsed": 90089.58997750282, "delta": 40.53739333152771}, "costs": {"total_cost": 6587.34161813347, "time_cost": 150, "final_distance_cost": 1520.6521560986503, "oscillation_cost": 250.80907635817087, "completition_cost": 1000.0, "overshoot_cost": 3579.180044713822, "power_cost": 43.93091251220703, "noise_cost": 42.769428450619024, "n_waypoints_completed": 0, "tot_waypoints": 9}}
{"target": -1331.1994706782962, "params": {"k_pid_pos": [549.822149386137, 10000.0, 10000.0], "k_pid_alt": [10000.0, 0.0, 10000.0], "k_pid_att": [7985.701945628064, 3939.557969559019, 0.0], "k_pid_yaw": [0.5, 1e-06, 0.1], "k_pid_hsp": [7038.100445721654, 10000.0, 0.0], "k_pid_vsp": [10000.0, 0.0, 5667.230680526387]}, "datetime": {"datetime": "2025-08-09 17:52:16", "elapsed": 90167.56484365463, "delta": 77.97486615180969}, "costs": {"total_cost": 1331.1994706782962, "time_cost": 150, "final_distance_cost": 81.06770609649159, "oscillation_cost": 204.71259821808886, "completition_cost": 777.7777777777778, "overshoot_cost": 43.01168793046184, "power_cost": 44.86892072753906, "noise_cost": 29.76077992793686, "n_waypoints_completed": 2, "tot_waypoints": 9}}
{"target": -4379.972813681643, "params": {"k_pid_pos": [6866.02656309102, 1983.908786697597, 7574.163560848979], "k_pid_alt": [1914.3908044692494, 974.6487880232435, 9284.82325428325], "k_pid_att": [1694.8625167773878, 255.0182247558075, 2395.6177632044282], "k_pid_yaw": [0.5, 1e-06, 0.1], "k_pid_hsp": [6820.139753492816, 8929.754852243836, 6827.731830160709], "k_pid_vsp": [4810.000676362045, 3953.0648418846204, 851.5783087777606]}, "datetime": {"datetime": "2025-08-09 17:52:57", "elapsed": 90209.12354707718, "delta": 41.55870342254639}, "costs": {"total_cost": 4379.972813681643, "time_cost": 150, "final_distance_cost": 508.37692912041007, "oscillation_cost": 796.5625047073703, "completition_cost": 1000.0, "overshoot_cost": 1742.6699930933357, "power_cost": 58.55283464355469, "noise_cost": 123.81055211697199, "n_waypoints_completed": 0, "tot_waypoints": 9}}
{"target": -1342.7288719211783, "params": {"k_pid_pos": [5993.17945200192, 2151.730159776361, 8002.11898787186], "k_pid_alt": [5955.176595698777, 0.0, 10000.0], "k_pid_att": [5420.095892593964, 1427.3645819528972, 0.0], "k_pid_yaw": [0.5, 1e-06, 0.1], "k_pid_hsp": [6372.702120544635, 10000.0, 5027.818658025994], "k_pid_vsp": [5179.407743274089, 4707.685795385242, 6176.849204442957]}, "datetime": {"datetime": "2025-08-09 17:54:04", "elapsed": 90276.47315502167, "delta": 67.34960794448853}, "costs": {"total_cost": 1342.7288719211783, "time_cost": 150, "final_distance_cost": 92.01612334128178, "oscillation_cost": 640.7749316042414, "completition_cost": 333.33333333333337, "overshoot_cost": 61.61299233708882, "power_cost": 36.91250916748047, "noise_cost": 28.078982137752362, "n_waypoints_completed": 6, "tot_waypoints": 9}}
{"target": -9211.142543242715, "params": {"k_pid_pos": [8627.259428378275, 2793.8222744847785, 9637.664587206065], "k_pid_alt": [6698.133802008062, 9801.481279895219, 5196.153748361932], "k_pid_att": [1362.243424725459, 8741.847517521777, 4766.827551611235], "k_pid_yaw": [0.5, 1e-06, 0.1], "k_pid_hsp": [3057.9187559698485, 5913.573870603397, 9086.218637407988], "k_pid_vsp": [3626.4448382706482, 2654.4034253398595, 4148.120783691568]}, "datetime": {"datetime": "2025-08-09 17:54:43", "elapsed": 90315.14128804207, "delta": 38.668133020401}, "costs": {"total_cost": 9211.142543242715, "time_cost": 150, "final_distance_cost": 1698.7143234444745, "oscillation_cost": 1139.6865673835691, "completition_cost": 1000.0, "overshoot_cost": 5038.697659019488, "power_cost": 57.0853453491211, "noise_cost": 126.95864804606276, "n_waypoints_completed": 0, "tot_waypoints": 9}}
{"target": -1893.0800157730139, "params": {"k_pid_pos": [4390.689741557716, 6827.480461206991, 0.0], "k_pid_alt": [4510.381361451042, 0.0, 6439.551708721487], "k_pid_att": [8582.346044076789, 4530.426645397576, 0.0], "k_pid_yaw": [0.5, 1e-06, 0.1], "k_pid_hsp": [4090.322097820217, 5603.716814874062, 9169.459040464075], "k_pid_vsp": [1146.0732170089968, 10000.0, 10000.0]}, "datetime": {"datetime": "2025-08-09 17:55:58", "elapsed": 90389.63492274284, "delta": 74.49363470077515}, "costs": {"total_cost": 1893.0800157730139, "time_cost": 150, "final_distance_cost": 109.78038597099686, "oscillation_cost": 609.0635856187776, "completition_cost": 777.7777777777778, "overshoot_cost": 181.36589502887432, "power_cost": 36.49524888916016, "noise_cost": 28.59712248742731, "n_waypoints_completed": 2, "tot_waypoints": 9}}
{"target": -3009.0495393220262, "params": {"k_pid_pos": [9184.174891846365, 1650.012298102409, 7043.514329033458], "k_pid_alt": [3974.6997178349166, 724.8409148437984, 7007.65519419818], "k_pid_att": [9939.66428625998, 8386.743683025148, 5808.672700642374], "k_pid_yaw": [0.5, 1e-06, 0.1], "k_pid_hsp": [4518.449799834463, 2450.2213448885113, 8288.692960947965], "k_pid_vsp": [3824.496129168722, 8236.203720423853, 3829.0024968857083]}, "datetime": {"datetime": "2025-08-09 17:56:36", "elapsed": 90427.78077054024, "delta": 38.1458477973938}, "costs": {"total_cost": 3009.0495393220262, "time_cost": 150, "final_distance_cost": 196.21108942141072, "oscillation_cost": 628.2617431193557, "completition_cost": 1000.0, "overshoot_cost": 853.7923508729403, "power_cost": 58.58231727294922, "noise_cost": 122.20203863537013, "n_waypoints_completed": 0, "tot_waypoints": 9}}
{"target": -1371.6540691316152, "params": {"k_pid_pos": [435.9396864142696, 10000.0, 10000.0], "k_pid_alt": [10000.0, 1689.3811905684338, 9379.254973979496], "k_pid_att": [2450.184387307233, 0.0, 0.0], "k_pid_yaw": [0.5, 1e-06, 0.1], "k_pid_hsp": [10000.0, 3039.0039161180334, 3856.204332688029], "k_pid_vsp": [9992.339539240167, 8260.191580912193, 10000.0]}, "datetime": {"datetime": "2025-08-09 17:57:44", "elapsed": 90496.2432422638, "delta": 68.46247172355652}, "costs": {"total_cost": 1371.6540691316152, "time_cost": 150, "final_distance_cost": 42.11243978354929, "oscillation_cost": 379.6526162886151, "completition_cost": 666.6666666666667, "overshoot_cost": 66.71052161330404, "power_cost": 38.19590596923828, "noise_cost": 28.315918810241765, "n_waypoints_completed": 3, "tot_waypoints": 9}}
{"target": -1456.9740871205615, "params": {"k_pid_pos": [10000.0, 8369.066399814492, 0.0], "k_pid_alt": [0.0, 2442.1068658028244, 2431.452399791046], "k_pid_att": [8558.268212298872, 8580.3205106424, 0.0], "k_pid_yaw": [0.5, 1e-06, 0.1], "k_pid_hsp": [1830.080784874484, 10000.0, 0.0], "k_pid_vsp": [1343.221321017888, 3572.399832380915, 10000.0]}, "datetime": {"datetime": "2025-08-09 17:58:58", "elapsed": 90569.72489261627, "delta": 73.48165035247803}, "costs": {"total_cost": 1456.9740871205615, "time_cost": 150, "final_distance_cost": 62.76248380361684, "oscillation_cost": 96.74325961935858, "completition_cost": 1000.0, "overshoot_cost": 68.9250222834125, "power_cost": 46.56361043701172, "noise_cost": 31.979710977161805, "n_waypoints_completed": 0, "tot_waypoints": 9}}
{"target": -4979.826657674283, "params": {"k_pid_pos": [9047.39139728516, 2526.9636589190104, 4300.246070151915], "k_pid_alt": [7705.862989550533, 9743.602936962532, 8862.876154527588], "k_pid_att": [2982.5043788048265, 6311.453588360278, 6749.651381632491], "k_pid_yaw": [0.5, 1e-06, 0.1], "k_pid_hsp": [2051.293289526387, 4105.44996958481, 7382.7431119031], "k_pid_vsp": [7011.534673568498, 5627.455208536852, 9291.583598714344]}, "datetime": {"datetime": "2025-08-09 17:59:36", "elapsed": 90607.53969168663, "delta": 37.814799070358276}, "costs": {"total_cost": 4979.826657674283, "time_cost": 150, "final_distance_cost": 188.27524043010888, "oscillation_cost": 825.1387363133254, "completition_cost": 1000.0, "overshoot_cost": 2647.326219087874, "power_cost": 54.19247905273438, "noise_cost": 114.89398279023932, "n_waypoints_completed": 0, "tot_waypoints": 9}}
{"target": -33393.813639874774, "params": {"k_pid_pos": [5420.248139402544, 7609.219135922478, 3840.4058939450715], "k_pid_alt": [7859.549758157086, 2509.8196580220288, 7415.659866890757], "k_pid_att": [635.7318539532475, 8658.393998802067, 6131.850589702468], "k_pid_yaw": [0.5, 1e-06, 0.1], "k_pid_hsp": [2963.348802639889, 4140.793005760986, 2099.9222768687], "k_pid_vsp": [6546.414790925395, 4837.052804218912, 868.2680048555213]}, "datetime": {"datetime": "2025-08-09 18:00:13", "elapsed": 90645.35674095154, "delta": 37.81704926490784}, "costs": {"total_cost": 33393.813639874774, "time_cost": 150, "final_distance_cost": 9140.19218614818, "oscillation_cost": 1677.328028947262, "completition_cost": 1000.0, "overshoot_cost": 21223.19672995479, "power_cost": 58.655612695312506, "noise_cost": 144.44108212922896, "n_waypoints_completed": 0, "tot_waypoints": 9}}
{"target": -27317.645030429627, "params": {"k_pid_pos": [3891.48646300819, 309.77521752418966, 4419.036124892123], "k_pid_alt": [3197.6437083015085, 6375.926917499613, 1795.5952136890285], "k_pid_att": [1554.0136523456572, 3745.649630623781, 1848.9997827201298], "k_pid_yaw": [0.5, 1e-06, 0.1], "k_pid_hsp": [2923.1485329686425, 6857.09477728938, 1962.2455812092487], "k_pid_vsp": [6124.554427518097, 1837.9988626320587, 190.7939423718019]}, "datetime": {"datetime": "2025-08-09 18:00:52", "elapsed": 90683.57325959206, "delta": 38.21651864051819}, "costs": {"total_cost": 27317.645030429627, "time_cost": 150, "final_distance_cost": 6987.159430733414, "oscillation_cost": 1673.5562276496762, "completition_cost": 1000.0, "overshoot_cost": 17304.39847599731, "power_cost": 58.65568715820313, "noise_cost": 143.87520889102254, "n_waypoints_completed": 0, "tot_waypoints": 9}}
{"target": -7328.294698922511, "params": {"k_pid_pos": [8689.65830442928, 8827.23736881488, 1763.7984609709113], "k_pid_alt": [8473.126151854096, 7567.2790030199, 6583.529442751], "k_pid_att": [6548.618530010785, 1584.4741914770323, 2930.9476866909345], "k_pid_yaw": [0.5, 1e-06, 0.1], "k_pid_hsp": [4672.209048453886, 6472.402244678998, 1631.8552407424825], "k_pid_vsp": [7867.116243259988, 8991.5351458632, 4284.0388002261]}, "datetime": {"datetime": "2025-08-09 18:01:30", "elapsed": 90721.81734919548, "delta": 38.24408960342407}, "costs": {"total_cost": 7328.294698922511, "time_cost": 150, "final_distance_cost": 1363.2616236719005, "oscillation_cost": 602.4534323860256, "completition_cost": 1000.0, "overshoot_cost": 4054.8538627769776, "power_cost": 57.52843364257813, "noise_cost": 100.1973464450286, "n_waypoints_completed": 0, "tot_waypoints": 9}}
{"target": -2197.2577336029753, "params": {"k_pid_pos": [2034.368991064781, 4744.9114897052295, 8632.027818648405], "k_pid_alt": [3054.269879678865, 6896.559345953955, 5859.417768607283], "k_pid_att": [5341.310109637154, 9644.619781452679, 1225.209065279127], "k_pid_yaw": [0.5, 1e-06, 0.1], "k_pid_hsp": [2715.1857798294245, 3276.1408542601844, 9334.394346476598], "k_pid_vsp": [796.1326836266858, 6314.916038686121, 3563.4519100329244]}, "datetime": {"datetime": "2025-08-09 18:02:13", "elapsed": 90764.69902300835, "delta": 42.88167381286621}, "costs": {"total_cost": 2197.2577336029753, "time_cost": 150, "final_distance_cost": 109.90900700384124, "oscillation_cost": 491.21784273638247, "completition_cost": 1000.0, "overshoot_cost": 290.3580149982699, "power_cost": 57.13622692871094, "noise_cost": 98.63664193577094, "n_waypoints_completed": 0, "tot_waypoints": 9}}
{"target": -4721.467810180578, "params": {"k_pid_pos": [10000.0, 5272.71662833398, 7191.830355698651], "k_pid_alt": [10000.0, 7299.008514283691, 4334.260969227061], "k_pid_att": [10000.0, 9110.517248993145, 4576.601798474904], "k_pid_yaw": [0.5, 1e-06, 0.1], "k_pid_hsp": [0.0, 4715.922131698464, 0.0], "k_pid_vsp": [3189.0280956280158, 4428.422858424729, 412.2356063455474]}, "datetime": {"datetime": "2025-08-09 18:03:28", "elapsed": 90839.73468613625, "delta": 75.03566312789917}, "costs": {"total_cost": 4721.467810180578, "time_cost": 150, "final_distance_cost": 313.49079756731993, "oscillation_cost": 704.7053858488088, "completition_cost": 1000.0, "overshoot_cost": 2364.0999455983583, "power_cost": 58.591005688476564, "noise_cost": 130.5806754776153, "n_waypoints_completed": 0, "tot_waypoints": 9}}
{"target": -2247.034707626433, "params": {"k_pid_pos": [10000.0, 1211.6919610476955, 2157.185693856748], "k_pid_alt": [7931.032892142745, 10000.0, 6188.5883438366145], "k_pid_att": [6402.110282217378, 7615.279992296253, 0.0], "k_pid_yaw": [0.5, 1e-06, 0.1], "k_pid_hsp": [0.0, 0.0, 6383.941193327168], "k_pid_vsp": [6796.332428183373, 6880.113554447509, 10000.0]}, "datetime": {"datetime": "2025-08-09 18:04:46", "elapsed": 90917.85435080528, "delta": 78.11966466903687}, "costs": {"total_cost": 2247.034707626433, "time_cost": 150, "final_distance_cost": 63.80677242927238, "oscillation_cost": 846.3921382440852, "completition_cost": 1000.0, "overshoot_cost": 122.64730589017269, "power_cost": 36.16461470947266, "noise_cost": 28.023876353429714, "n_waypoints_completed": 0, "tot_waypoints": 9}}
