{"target": -3697.1439409282325, "params": {"k_pid_pos": [2653.308919866514, 8416.987963565662, 9990.949477350558], "k_pid_alt": [1346.4363506852683, 8011.660636690326, 5479.160607213226], "k_pid_att": [8119.483907694759, 5065.808083691349, 8636.857188090176], "k_pid_yaw": [0.5, 1e-06, 0.1], "k_pid_hsp": [8335.59506458769, 1940.719560644487, 1514.2202148331107], "k_pid_vsp": [3983.4610155798146, 1322.4515126931312, 7206.319491072141]}, "datetime": {"datetime": "2025-08-09 04:22:27", "elapsed": 41578.83080267906, "delta": 32.17937970161438}, "costs": {"total_cost": 3697.1439409282325, "time_cost": 150, "final_distance_cost": 678.803968955775, "oscillation_cost": 448.51613745473867, "completition_cost": 1000.0, "overshoot_cost": 1291.5043598199238, "power_cost": 49.082700610351566, "noise_cost": 79.2367740874434, "n_waypoints_completed": 0, "tot_waypoints": 9}}
{"target": -6403.145355093936, "params": {"k_pid_pos": [7273.08879506741, 661.6565224615589, 9134.136049908311], "k_pid_alt": [7591.358182587341, 5024.131727188425, 9195.036464891753], "k_pid_att": [6701.699292017175, 6512.9986481481765, 9289.040054905186], "k_pid_yaw": [0.5, 1e-06, 0.1], "k_pid_hsp": [2794.177619567454, 4491.262446492379, 5905.559773553219], "k_pid_vsp": [1855.833112312597, 7523.087043232053, 7901.308708938971]}, "datetime": {"datetime": "2025-08-09 04:23:00", "elapsed": 41611.790800094604, "delta": 32.9599974155426}, "costs": {"total_cost": 6403.145355093936, "time_cost": 150, "final_distance_cost": 2022.995996129963, "oscillation_cost": 851.2181585831494, "completition_cost": 1000.0, "overshoot_cost": 2230.2912295085493, "power_cost": 51.096953576660155, "noise_cost": 97.54301729561385, "n_waypoints_completed": 0, "tot_waypoints": 9}}
{"target": -1602.652962067659, "params": {"k_pid_pos": [3784.679568399022, 8571.324185892996, 4424.89056549887], "k_pid_alt": [2684.3106526886427, 8971.487244466318, 6763.768882920208], "k_pid_att": [9534.465142956948, 8831.233604083613, 110.2897868588304], "k_pid_yaw": [0.5, 1e-06, 0.1], "k_pid_hsp": [2569.45549118785, 579.6198451756485, 71.3231791904012], "k_pid_vsp": [3355.259372679399, 7176.421054684367, 9395.969966965096]}, "datetime": {"datetime": "2025-08-09 04:23:32", "elapsed": 41644.40170812607, "delta": 32.61090803146362}, "costs": {"total_cost": 1602.652962067659, "time_cost": 150, "final_distance_cost": 66.59138727255349, "oscillation_cost": 244.942905072872, "completition_cost": 1000.0, "overshoot_cost": 72.06532425748759, "power_cost": 40.150941638183596, "noise_cost": 28.90240382656223, "n_waypoints_completed": 0, "tot_waypoints": 9}}
{"target": -2236.530432195791, "params": {"k_pid_pos": [6805.112820037285, 4495.222457226206, 3715.91434307628], "k_pid_alt": [0.0, 7231.852358207552, 5076.166208684577], "k_pid_att": [10000.0, 8427.48246627588, 3629.458358156518], "k_pid_yaw": [0.5, 1e-06, 0.1], "k_pid_hsp": [9650.963353706926, 0.0, 0.0], "k_pid_vsp": [10000.0, 3297.4567629197263, 379.31509330888525]}, "datetime": {"datetime": "2025-08-09 04:24:14", "elapsed": 41686.165135383606, "delta": 41.76342725753784}, "costs": {"total_cost": 2236.530432195791, "time_cost": 150, "final_distance_cost": 86.5845515621119, "oscillation_cost": 491.5747073423301, "completition_cost": 1000.0, "overshoot_cost": 377.4305194068711, "power_cost": 53.114983129882816, "noise_cost": 77.82567075459505, "n_waypoints_completed": 0, "tot_waypoints": 9}}
{"target": -1516.2079220012845, "params": {"k_pid_pos": [4987.049055272268, 7874.032679747779, 4713.311277578494], "k_pid_alt": [901.7700844817855, 7971.259544917749, 1193.9229705132682], "k_pid_att": [5881.407442517648, 5466.3964926801855, 980.8615656116126], "k_pid_yaw": [0.5, 1e-06, 0.1], "k_pid_hsp": [8341.245918130013, 4185.81180594446, 4531.946603602009], "k_pid_vsp": [3260.413758909678, 7120.902928353664, 9595.554571604125]}, "datetime": {"datetime": "2025-08-09 04:24:46", "elapsed": 41718.313269376755, "delta": 32.148133993148804}, "costs": {"total_cost": 1516.2079220012845, "time_cost": 150, "final_distance_cost": 128.86420752378288, "oscillation_cost": 95.91946375277276, "completition_cost": 888.8888888888888, "overshoot_cost": 187.25220958674387, "power_cost": 37.21994418945312, "noise_cost": 28.063208059643117, "n_waypoints_completed": 1, "tot_waypoints": 9}}
{"target": -2277.855593922116, "params": {"k_pid_pos": [6298.876586107544, 10000.0, 10000.0], "k_pid_alt": [5331.690863643672, 3904.810167402164, 4446.395989191503], "k_pid_att": [7391.835357479008, 3219.780735703219, 0.0], "k_pid_yaw": [0.5, 1e-06, 0.1], "k_pid_hsp": [0.0, 2532.7906001564816, 5721.742128967762], "k_pid_vsp": [5276.565493496956, 0.0, 321.971344131149]}, "datetime": {"datetime": "2025-08-09 04:25:31", "elapsed": 41763.02723455429, "delta": 44.71396517753601}, "costs": {"total_cost": 2277.855593922116, "time_cost": 150, "final_distance_cost": 78.01616519571894, "oscillation_cost": 859.9950840253347, "completition_cost": 1000.0, "overshoot_cost": 126.12349299688366, "power_cost": 36.00825439453125, "noise_cost": 27.71259730964702, "n_waypoints_completed": 0, "tot_waypoints": 9}}
{"target": -1440.4415600832901, "params": {"k_pid_pos": [6809.587819152868, 2094.7919896296376, 3861.4997389932596], "k_pid_alt": [10000.0, 10000.0, 0.0], "k_pid_att": [10000.0, 5973.848205535951, 0.0], "k_pid_yaw": [0.5, 1e-06, 0.1], "k_pid_hsp": [0.0, 4523.081234231318, 0.0], "k_pid_vsp": [2724.9898641516374, 4929.630526578895, 10000.0]}, "datetime": {"datetime": "2025-08-09 04:26:13", "elapsed": 41805.0093460083, "delta": 41.98211145401001}, "costs": {"total_cost": 1440.4415600832901, "time_cost": 150, "final_distance_cost": 67.01803319894812, "oscillation_cost": 162.8404687089705, "completition_cost": 888.8888888888888, "overshoot_cost": 95.63455268971417, "power_cost": 45.96916520996094, "noise_cost": 30.09045138680774, "n_waypoints_completed": 1, "tot_waypoints": 9}}
{"target": -4168.049830546781, "params": {"k_pid_pos": [7390.27141828503, 5634.906063954626, 8067.398951214732], "k_pid_alt": [8400.557980298478, 9351.681184173922, 7588.1925275252215], "k_pid_att": [7636.317612222761, 1789.1240796959796, 4922.956935847571], "k_pid_yaw": [0.5, 1e-06, 0.1], "k_pid_hsp": [452.43921180828204, 5335.66642673263, 5356.385415828017], "k_pid_vsp": [550.3405742119927, 5344.576187426736, 3346.700819057965]}, "datetime": {"datetime": "2025-08-09 04:26:45", "elapsed": 41836.82362008095, "delta": 31.814274072647095}, "costs": {"total_cost": 4168.049830546781, "time_cost": 150, "final_distance_cost": 522.0750764023836, "oscillation_cost": 76.36307346391453, "completition_cost": 1000.0, "overshoot_cost": 2352.5722347089754, "power_cost": 38.76602235107422, "noise_cost": 28.27342362043337, "n_waypoints_completed": 0, "tot_waypoints": 9}}
{"target": -3435.0659787501286, "params": {"k_pid_pos": [7898.721241788583, 2013.5114844301827, 4644.409215654384], "k_pid_alt": [1660.1252624662711, 1251.8257729023474, 8862.432666154175], "k_pid_att": [4202.885361848999, 6406.691586356104, 208.3354009929106], "k_pid_yaw": [0.5, 1e-06, 0.1], "k_pid_hsp": [9201.183861122125, 8671.313080300284, 9427.72305202855], "k_pid_vsp": [5532.765994942338, 9711.85324090974, 1929.1076140688724]}, "datetime": {"datetime": "2025-08-09 04:27:18", "elapsed": 41869.8380420208, "delta": 33.01442193984985}, "costs": {"total_cost": 3435.0659787501286, "time_cost": 150, "final_distance_cost": 809.0230605407921, "oscillation_cost": 137.77362457695492, "completition_cost": 888.8888888888888, "overshoot_cost": 1386.3199205911392, "power_cost": 35.28634211425781, "noise_cost": 27.774142038095853, "n_waypoints_completed": 1, "tot_waypoints": 9}}
{"target": -16272.375818634137, "params": {"k_pid_pos": [3665.2491146105835, 3319.9927661627225, 2359.963365646793], "k_pid_alt": [7599.396701041129, 3728.30848856749, 1556.6914905577912], "k_pid_att": [678.1658561408354, 1273.7884185147518, 1404.0807963705847], "k_pid_yaw": [0.5, 1e-06, 0.1], "k_pid_hsp": [8361.334592661162, 2590.2435905582734, 4908.0608426199715], "k_pid_vsp": [2145.37034682884, 2061.362307709863, 814.7239940839346]}, "datetime": {"datetime": "2025-08-09 04:27:51", "elapsed": 41902.780893564224, "delta": 32.942851543426514}, "costs": {"total_cost": 16272.375818634137, "time_cost": 150, "final_distance_cost": 3777.2158067440455, "oscillation_cost": 1563.953059208642, "completition_cost": 1000.0, "overshoot_cost": 9578.356371383123, "power_cost": 58.65618051757813, "noise_cost": 144.19440078074936, "n_waypoints_completed": 0, "tot_waypoints": 9}}
{"target": -4523.375871147804, "params": {"k_pid_pos": [7979.602376193098, 5338.527403371302, 3722.528312675323], "k_pid_alt": [8815.39253865225, 453.0475753377927, 3825.7011678946897], "k_pid_att": [8083.870759310772, 9403.974918893897, 1922.5826065455053], "k_pid_yaw": [0.5, 1e-06, 0.1], "k_pid_hsp": [2608.563426792919, 2253.179971712583, 2180.63117549419], "k_pid_vsp": [9242.091456711847, 5701.723241705045, 858.0197753343466]}, "datetime": {"datetime": "2025-08-09 04:28:24", "elapsed": 41935.64066147804, "delta": 32.85976791381836}, "costs": {"total_cost": 4523.375871147804, "time_cost": 150, "final_distance_cost": 1073.0739903764993, "oscillation_cost": 128.94966455067876, "completition_cost": 1000.0, "overshoot_cost": 2106.0140033132425, "power_cost": 35.75124322509766, "noise_cost": 29.586969682285464, "n_waypoints_completed": 0, "tot_waypoints": 9}}
{"target": -5645.931366730891, "params": {"k_pid_pos": [6793.165152298587, 6451.233294181986, 6111.846788299154], "k_pid_alt": [3208.6788813381795, 5080.36847268511, 8204.535945656036], "k_pid_att": [7267.675816895011, 5232.6142171776155, 397.1081350171213], "k_pid_yaw": [0.5, 1e-06, 0.1], "k_pid_hsp": [461.57170984616135, 2969.434410504468, 6749.369974364341], "k_pid_vsp": [8510.374745666948, 9484.945168664317, 793.8648065225428]}, "datetime": {"datetime": "2025-08-09 04:28:56", "elapsed": 41968.17374634743, "delta": 32.533084869384766}, "costs": {"total_cost": 5645.931366730891, "time_cost": 150, "final_distance_cost": 1337.35153743627, "oscillation_cost": 186.85299727166338, "completition_cost": 1000.0, "overshoot_cost": 2909.0811312724436, "power_cost": 35.10766176757813, "noise_cost": 27.538038982936513, "n_waypoints_completed": 0, "tot_waypoints": 9}}
{"target": -1326.012134567962, "params": {"k_pid_pos": [2754.580140359652, 10000.0, 3406.741175870258], "k_pid_alt": [7533.235458053745, 0.0, 0.0], "k_pid_att": [3650.382747197775, 0.0, 0.0], "k_pid_yaw": [0.5, 1e-06, 0.1], "k_pid_hsp": [7183.688512654205, 0.0, 3972.3113224122067], "k_pid_vsp": [8227.75557785922, 8821.71607003211, 3227.4773084193903]}, "datetime": {"datetime": "2025-08-09 04:29:40", "elapsed": 42012.21899485588, "delta": 44.04524850845337}, "costs": {"total_cost": 1326.012134567962, "time_cost": 150, "final_distance_cost": 66.6285101536263, "oscillation_cost": 303.6434865287387, "completition_cost": 666.6666666666667, "overshoot_cost": 71.57513572354024, "power_cost": 39.27820908203125, "noise_cost": 28.22012641335891, "n_waypoints_completed": 3, "tot_waypoints": 9}}
{"target": -2185.229298378033, "params": {"k_pid_pos": [9788.281702955343, 1622.7792747145133, 9284.643312455053], "k_pid_alt": [6576.028036107632, 3319.214554028518, 0.0], "k_pid_att": [10000.0, 7142.244131013812, 0.0], "k_pid_yaw": [0.5, 1e-06, 0.1], "k_pid_hsp": [0.0, 1298.2303050391827, 5790.66641496957], "k_pid_vsp": [4965.568826600542, 7523.025012017665, 6093.061824894177]}, "datetime": {"datetime": "2025-08-09 04:30:23", "elapsed": 42054.86755847931, "delta": 42.648563623428345}, "costs": {"total_cost": 2185.229298378033, "time_cost": 150, "final_distance_cost": 87.60295258491534, "oscillation_cost": 858.1005264370837, "completition_cost": 888.8888888888888, "overshoot_cost": 136.87755092659071, "power_cost": 35.935142407226564, "noise_cost": 27.824237133328253, "n_waypoints_completed": 1, "tot_waypoints": 9}}
{"target": -1434.7723715522025, "params": {"k_pid_pos": [4874.500298137879, 10000.0, 2630.113877750162], "k_pid_alt": [7574.922963225264, 0.0, 4779.990979031297], "k_pid_att": [10000.0, 3966.7088202929276, 0.0], "k_pid_yaw": [0.5, 1e-06, 0.1], "k_pid_hsp": [10000.0, 10000.0, 6919.363317915364], "k_pid_vsp": [0.0, 8119.880725407323, 10000.0]}, "datetime": {"datetime": "2025-08-09 04:31:06", "elapsed": 42097.84905433655, "delta": 42.98149585723877}, "costs": {"total_cost": 1434.7723715522025, "time_cost": 150, "final_distance_cost": 71.84688119996919, "oscillation_cost": 279.66170952724116, "completition_cost": 777.7777777777778, "overshoot_cost": 85.66999193255964, "power_cost": 40.111240466308594, "noise_cost": 29.704770648346177, "n_waypoints_completed": 2, "tot_waypoints": 9}}
{"target": -4379.972813681643, "params": {"k_pid_pos": [4295.541785972174, 3863.0370715370555, 4848.970889743068], "k_pid_alt": [3817.5390726443416, 280.81554525331563, 6746.309244836576], "k_pid_att": [1522.6350826741186, 2114.278932933775, 9403.17207876789], "k_pid_yaw": [0.5, 1e-06, 0.1], "k_pid_hsp": [7804.601897087434, 9001.15898858778, 7034.037692041376], "k_pid_vsp": [7397.363676395077, 4374.876591806478, 5969.870380892574]}, "datetime": {"datetime": "2025-08-09 04:31:38", "elapsed": 42130.451697826385, "delta": 32.60264348983765}, "costs": {"total_cost": 4379.972813681643, "time_cost": 150, "final_distance_cost": 508.37692912041007, "oscillation_cost": 796.5625047073703, "completition_cost": 1000.0, "overshoot_cost": 1742.6699930933357, "power_cost": 58.55283464355469, "noise_cost": 123.81055211697199, "n_waypoints_completed": 0, "tot_waypoints": 9}}
{"target": -656.0092569405319, "params": {"k_pid_pos": [3799.6820474168203, 10000.0, 10000.0], "k_pid_alt": [3853.9160498011674, 0.0, 7872.225730387284], "k_pid_att": [3235.5947572668742, 0.0, 0.0], "k_pid_yaw": [0.5, 1e-06, 0.1], "k_pid_hsp": [10000.0, 10000.0, 840.9754555014516], "k_pid_vsp": [10000.0, 0.0, 2566.470871000876]}, "datetime": {"datetime": "2025-08-09 04:32:22", "elapsed": 42173.692982673645, "delta": 43.24128484725952}, "costs": {"total_cost": 656.0092569405319, "time_cost": 150, "final_distance_cost": 31.92089639347126, "oscillation_cost": 212.72338153065365, "completition_cost": 111.11111111111116, "overshoot_cost": 80.15737947972896, "power_cost": 41.123641186523436, "noise_cost": 28.972847239043492, "n_waypoints_completed": 8, "tot_waypoints": 9}}
{"target": -1493.518365194678, "params": {"k_pid_pos": [6222.578446882294, 4956.448996141244, 0.0], "k_pid_alt": [649.2385655878189, 2197.530965978908, 4818.6365124949725], "k_pid_att": [5435.792189564948, 5403.450004734837, 0.0], "k_pid_yaw": [0.5, 1e-06, 0.1], "k_pid_hsp": [5136.002446206538, 10000.0, 3679.894394785354], "k_pid_vsp": [3479.627074723942, 5287.140038944635, 4514.652307426246]}, "datetime": {"datetime": "2025-08-09 04:33:06", "elapsed": 42218.358993291855, "delta": 44.66601061820984}, "costs": {"total_cost": 1493.518365194678, "time_cost": 150, "final_distance_cost": 72.19317765623413, "oscillation_cost": 234.57605046429416, "completition_cost": 888.8888888888888, "overshoot_cost": 77.36413838411293, "power_cost": 41.51790660400391, "noise_cost": 28.978203197143944, "n_waypoints_completed": 1, "tot_waypoints": 9}}
{"target": -7120.77510873796, "params": {"k_pid_pos": [583.4386450980921, 4062.808273045171, 9873.620739863818], "k_pid_alt": [2200.1960062036287, 3509.796350461546, 598.4787226685639], "k_pid_att": [4322.612293237039, 3784.953771403953, 6418.886504112854], "k_pid_yaw": [0.5, 1e-06, 0.1], "k_pid_hsp": [7323.259477735683, 492.80688265674667, 5847.115472117469], "k_pid_vsp": [6119.805986618593, 9094.33174077529, 1710.0000346195955]}, "datetime": {"datetime": "2025-08-09 04:33:44", "elapsed": 42256.01297092438, "delta": 37.65397763252258}, "costs": {"total_cost": 7120.77510873796, "time_cost": 150, "final_distance_cost": 1103.2083606009942, "oscillation_cost": 888.5737775300114, "completition_cost": 1000.0, "overshoot_cost": 3780.3672678134694, "power_cost": 58.594174157714846, "noise_cost": 140.03152863577128, "n_waypoints_completed": 0, "tot_waypoints": 9}}
{"target": -1764.3403968387447, "params": {"k_pid_pos": [213.23868003269877, 4532.141706621489, 5894.676461230196], "k_pid_alt": [829.8193247570082, 2849.6252991244055, 0.0], "k_pid_att": [6997.871902957162, 7120.333369852613, 0.0], "k_pid_yaw": [0.5, 1e-06, 0.1], "k_pid_hsp": [10000.0, 0.0, 3972.6416331795263], "k_pid_vsp": [10000.0, 7774.619614279724, 5326.389446052347]}, "datetime": {"datetime": "2025-08-09 04:34:27", "elapsed": 42298.828924417496, "delta": 42.815953493118286}, "costs": {"total_cost": 1764.3403968387447, "time_cost": 150, "final_distance_cost": 65.30375696911803, "oscillation_cost": 508.4137916051006, "completition_cost": 888.8888888888888, "overshoot_cost": 86.9079031971494, "power_cost": 36.87801606445313, "noise_cost": 27.94804011403494, "n_waypoints_completed": 1, "tot_waypoints": 9}}
{"target": -1949.5365014092358, "params": {"k_pid_pos": [564.253422657598, 9232.903798179843, 1516.507903240213], "k_pid_alt": [6635.800072049159, 8997.363363526774, 3905.2986282736247], "k_pid_att": [3089.2481157670704, 4289.834633384057, 266.95885323940627], "k_pid_yaw": [0.5, 1e-06, 0.1], "k_pid_hsp": [6212.619061912079, 1165.5439252099386, 7649.687253745026], "k_pid_vsp": [5287.6508603728, 3357.0242695362085, 4371.355080907161]}, "datetime": {"datetime": "2025-08-09 04:34:59", "elapsed": 42331.11015725136, "delta": 32.281232833862305}, "costs": {"total_cost": 1949.5365014092358, "time_cost": 150, "final_distance_cost": 178.62824117935142, "oscillation_cost": 167.78576485602562, "completition_cost": 888.8888888888888, "overshoot_cost": 501.35163731026336, "power_cost": 35.13144544677735, "noise_cost": 27.750523727929348, "n_waypoints_completed": 1, "tot_waypoints": 9}}
{"target": -2582.2863422777427, "params": {"k_pid_pos": [4148.953696597738, 6730.216282302422, 7934.249820773114], "k_pid_alt": [5496.17010606175, 4120.945742810132, 3090.090105130173], "k_pid_att": [6917.127504534569, 7901.366722662298, 5799.703582317217], "k_pid_yaw": [0.5, 1e-06, 0.1], "k_pid_hsp": [8572.92074424408, 2841.001319124501, 8269.9287712385], "k_pid_vsp": [8648.492977371803, 3612.361364533565, 5691.069280984962]}, "datetime": {"datetime": "2025-08-09 04:35:31", "elapsed": 42363.45773744583, "delta": 32.34758019447327}, "costs": {"total_cost": 2582.2863422777427, "time_cost": 150, "final_distance_cost": 216.77295791882867, "oscillation_cost": 587.3082584323218, "completition_cost": 1000.0, "overshoot_cost": 456.9936345931437, "power_cost": 54.9240943725586, "noise_cost": 116.28739696089012, "n_waypoints_completed": 0, "tot_waypoints": 9}}
{"target": -1448.4023574961084, "params": {"k_pid_pos": [7388.110767940916, 5260.700865699218, 5213.825719088043], "k_pid_alt": [5718.956747529242, 8639.407904778682, 595.0672511152444], "k_pid_att": [5847.741043739805, 4074.393291659978, 912.6346437366417], "k_pid_yaw": [0.5, 1e-06, 0.1], "k_pid_hsp": [4543.977792042353, 5684.527086704969, 2844.499928135754], "k_pid_vsp": [4315.345970395984, 9508.693407485656, 2765.7450731097897]}, "datetime": {"datetime": "2025-08-09 04:36:04", "elapsed": 42396.20283746719, "delta": 32.745100021362305}, "costs": {"total_cost": 1448.4023574961084, "time_cost": 150, "final_distance_cost": 60.805259633267404, "oscillation_cost": 109.17391048657498, "completition_cost": 888.8888888888888, "overshoot_cost": 173.1770894745292, "power_cost": 37.94781501464844, "noise_cost": 28.409393998199707, "n_waypoints_completed": 1, "tot_waypoints": 9}}
{"target": -4219.495236424285, "params": {"k_pid_pos": [2657.1408525066554, 4929.84047569653, 2408.6820450202385], "k_pid_alt": [6229.691678992036, 4468.216124692865, 8257.2401180297], "k_pid_att": [1947.3316436963662, 9823.19506350535, 1187.7580000566268], "k_pid_yaw": [0.5, 1e-06, 0.1], "k_pid_hsp": [7554.8524173399055, 9794.246227349993, 9214.887290273866], "k_pid_vsp": [361.62340745801936, 5225.753504209058, 7842.629741365907]}, "datetime": {"datetime": "2025-08-09 04:36:37", "elapsed": 42428.97560787201, "delta": 32.772770404815674}, "costs": {"total_cost": 4219.495236424285, "time_cost": 150, "final_distance_cost": 708.7943890090302, "oscillation_cost": 931.8719790251926, "completition_cost": 1000.0, "overshoot_cost": 1233.9695012577492, "power_cost": 57.31611622314453, "noise_cost": 137.5432509091685, "n_waypoints_completed": 0, "tot_waypoints": 9}}
{"target": -2536.827055843287, "params": {"k_pid_pos": [9422.014979876594, 9728.252537443828, 209.33517583359708], "k_pid_alt": [3533.2899921091166, 5454.053292267657, 9640.878420130073], "k_pid_att": [8846.41489656969, 652.3295661318906, 874.5496658362862], "k_pid_yaw": [0.5, 1e-06, 0.1], "k_pid_hsp": [3796.4414292038396, 7511.41158623294, 4748.05081262089], "k_pid_vsp": [5436.579926667333, 1752.818202549874, 7957.616538301933]}, "datetime": {"datetime": "2025-08-09 04:37:10", "elapsed": 42462.089126348495, "delta": 33.113518476486206}, "costs": {"total_cost": 2536.827055843287, "time_cost": 150, "final_distance_cost": 418.35319381290515, "oscillation_cost": 69.86892497666655, "completition_cost": 1000.0, "overshoot_cost": 835.30211353872, "power_cost": 35.479666113281255, "noise_cost": 27.82315740171366, "n_waypoints_completed": 0, "tot_waypoints": 9}}
{"target": -1560.5834846385078, "params": {"k_pid_pos": [0.0, 10000.0, 10000.0], "k_pid_alt": [10000.0, 0.0, 10000.0], "k_pid_att": [5260.564349749608, 0.0, 0.0], "k_pid_yaw": [0.5, 1e-06, 0.1], "k_pid_hsp": [10000.0, 7044.0892039019645, 6602.3472448914], "k_pid_vsp": [5283.949881108368, 0.0, 7771.975559378072]}, "datetime": {"datetime": "2025-08-09 04:37:53", "elapsed": 42504.5467402935, "delta": 42.457613945007324}, "costs": {"total_cost": 1560.5834846385078, "time_cost": 150, "final_distance_cost": 70.46347487930967, "oscillation_cost": 522.3807056152731, "completition_cost": 666.6666666666667, "overshoot_cost": 85.18547599872142, "power_cost": 37.54536745605469, "noise_cost": 28.341794022482162, "n_waypoints_completed": 3, "tot_waypoints": 9}}
