{"target": -4249.0042712807945, "params": {"k_pid_pos": [1853.458355430979, 7900.049855979396, 4467.0012963594645], "k_pid_alt": [7199.0093375844735, 5438.197425501639, 175.56071354883684], "k_pid_att": [8379.872853112738, 8409.337451547515, 6978.369996439732], "k_pid_yaw": [0.5, 1e-06, 0.1], "k_pid_hsp": [4144.655964564804, 2095.2627543138756, 6851.072620033642], "k_pid_vsp": [2230.0239268548703, 5718.99313214599, 9180.33452338891]}, "datetime": {"datetime": "2025-08-09 14:50:50", "elapsed": 79281.99962449074, "delta": 37.53753924369812}, "costs": {"total_cost": 4249.0042712807945, "time_cost": 150, "final_distance_cost": 621.4284574341822, "oscillation_cost": 453.2902189444801, "completition_cost": 1000.0, "overshoot_cost": 1885.2508580474528, "power_cost": 49.986824536132815, "noise_cost": 89.04791231854695, "n_waypoints_completed": 0, "tot_waypoints": 9}}
{"target": -1524.4621640438077, "params": {"k_pid_pos": [10000.0, 7888.428715687699, 0.0], "k_pid_alt": [7152.4527621051975, 10000.0, 7597.87908394118], "k_pid_att": [10000.0, 8467.357801797307, 0.0], "k_pid_yaw": [0.5, 1e-06, 0.1], "k_pid_hsp": [5066.437238736998, 10000.0, 0.0], "k_pid_vsp": [4690.939562768512, 8571.255414838895, 9618.15952024188]}, "datetime": {"datetime": "2025-08-09 14:52:01", "elapsed": 79353.41800951958, "delta": 71.41838502883911}, "costs": {"total_cost": 1524.4621640438077, "time_cost": 150, "final_distance_cost": 74.29419264725081, "oscillation_cost": 270.5277940224554, "completition_cost": 888.8888888888888, "overshoot_cost": 67.14457416252237, "power_cost": 44.1535422241211, "noise_cost": 29.453172098569254, "n_waypoints_completed": 1, "tot_waypoints": 9}}
{"target": -8103.368543742481, "params": {"k_pid_pos": [5054.965846563385, 5582.518206384944, 6266.048823440169], "k_pid_alt": [3266.9627307251135, 5448.714854923496, 6250.866252144228], "k_pid_att": [1703.8718163925937, 5520.115927758231, 4935.038704433611], "k_pid_yaw": [0.5, 1e-06, 0.1], "k_pid_hsp": [6737.27563580901, 4413.918120134857, 2706.777140141381], "k_pid_vsp": [9162.633583923935, 2696.570432954638, 9392.575382072038]}, "datetime": {"datetime": "2025-08-09 14:52:39", "elapsed": 79390.91772842407, "delta": 37.49971890449524}, "costs": {"total_cost": 8103.368543742481, "time_cost": 150, "final_distance_cost": 1212.547306465474, "oscillation_cost": 1223.9887786085, "completition_cost": 1000.0, "overshoot_cost": 4335.48808484522, "power_cost": 56.90755616455078, "noise_cost": 124.43681765873592, "n_waypoints_completed": 0, "tot_waypoints": 9}}
{"target": -2725.9678625229267, "params": {"k_pid_pos": [9816.31565138067, 9112.885050488227, 4284.756331594017], "k_pid_alt": [1594.8399353490083, 3671.65122016924, 3013.855798201196], "k_pid_att": [9588.99130374776, 5152.8693175306835, 5424.667421027073], "k_pid_yaw": [0.5, 1e-06, 0.1], "k_pid_hsp": [2496.4757719701292, 8329.31179262365, 4829.051024969266], "k_pid_vsp": [6160.849360583531, 5465.5436655973845, 7822.049867477795]}, "datetime": {"datetime": "2025-08-09 14:53:16", "elapsed": 79428.37690711021, "delta": 37.45917868614197}, "costs": {"total_cost": 2725.9678625229267, "time_cost": 150, "final_distance_cost": 259.56331069648866, "oscillation_cost": 350.68581336182655, "completition_cost": 1000.0, "overshoot_cost": 848.9634139696, "power_cost": 47.130054541015625, "noise_cost": 69.62526995399587, "n_waypoints_completed": 0, "tot_waypoints": 9}}
{"target": -1583.1297037429702, "params": {"k_pid_pos": [0.0, 3674.301209561389, 0.0], "k_pid_alt": [0.0, 6503.802944255118, 7259.531807990712], "k_pid_att": [9153.229382097694, 8619.663238083287, 0.0], "k_pid_yaw": [0.5, 1e-06, 0.1], "k_pid_hsp": [8698.828074984467, 5988.43090755133, 3276.150729711005], "k_pid_vsp": [2579.9612636624224, 4068.636983539468, 1569.383023046751]}, "datetime": {"datetime": "2025-08-09 14:54:24", "elapsed": 79495.98874688148, "delta": 67.61183977127075}, "costs": {"total_cost": 1583.1297037429702, "time_cost": 150, "final_distance_cost": 44.56622424673146, "oscillation_cost": 223.4829381231257, "completition_cost": 1000.0, "overshoot_cost": 94.36866002086667, "power_cost": 41.84116669921875, "noise_cost": 28.870714653027562, "n_waypoints_completed": 0, "tot_waypoints": 9}}
{"target": -12067.999111549647, "params": {"k_pid_pos": [1524.0005442511695, 6933.537696231632, 4510.142111740456], "k_pid_alt": [4407.2115028647195, 4512.125195349159, 4702.666972100752], "k_pid_att": [7316.475697786687, 2950.1352914341874, 8752.770581729126], "k_pid_yaw": [0.5, 1e-06, 0.1], "k_pid_hsp": [9638.69851455633, 3417.842111917412, 8493.804287036344], "k_pid_vsp": [7680.157551699741, 2532.133207395726, 4366.144282052753]}, "datetime": {"datetime": "2025-08-09 14:55:02", "elapsed": 79534.35042595863, "delta": 38.36167907714844}, "costs": {"total_cost": 12067.999111549647, "time_cost": 150, "final_distance_cost": 3290.4665070510987, "oscillation_cost": 776.7001129871168, "completition_cost": 1000.0, "overshoot_cost": 6663.427722339146, "power_cost": 58.51965268554688, "noise_cost": 128.88511648674, "n_waypoints_completed": 0, "tot_waypoints": 9}}
{"target": -10919.044871799308, "params": {"k_pid_pos": [6386.190363425149, 7407.7285832710495, 8334.080355175432], "k_pid_alt": [4345.412489534365, 9412.198545357483, 4707.0457564176995], "k_pid_att": [5026.650636275556, 5090.0544727346905, 6902.483630297641], "k_pid_yaw": [0.5, 1e-06, 0.1], "k_pid_hsp": [1458.1977385452903, 2978.7582119783374, 8271.202608183583], "k_pid_vsp": [5330.071885989559, 2338.5317624431536, 2462.5308839131676]}, "datetime": {"datetime": "2025-08-09 14:55:39", "elapsed": 79570.70303440094, "delta": 36.35260844230652}, "costs": {"total_cost": 10919.044871799308, "time_cost": 150, "final_distance_cost": 2779.3053644741294, "oscillation_cost": 1490.1177882362558, "completition_cost": 1000.0, "overshoot_cost": 5298.405452138598, "power_cost": 58.655612695312506, "noise_cost": 142.56065425501137, "n_waypoints_completed": 0, "tot_waypoints": 9}}
{"target": -1762.7810314039896, "params": {"k_pid_pos": [2054.6114099871975, 10000.0, 2450.6880992570273], "k_pid_alt": [0.0, 0.0, 6331.90229521921], "k_pid_att": [5933.197386604926, 0.0, 0.0], "k_pid_yaw": [0.5, 1e-06, 0.1], "k_pid_hsp": [10000.0, 10000.0, 0.0], "k_pid_vsp": [6517.5016819371895, 525.2775904333665, 3952.64323338981]}, "datetime": {"datetime": "2025-08-09 14:56:43", "elapsed": 79634.8491821289, "delta": 64.14614772796631}, "costs": {"total_cost": 1762.7810314039896, "time_cost": 150, "final_distance_cost": 11.437654850779612, "oscillation_cost": 270.0254871840324, "completition_cost": 1000.0, "overshoot_cost": 168.06190926886936, "power_cost": 41.47889270019532, "noise_cost": 121.77708740011309, "n_waypoints_completed": 0, "tot_waypoints": 9}}
{"target": -23314.582105476526, "params": {"k_pid_pos": [6164.635144995241, 4766.189874724939, 8759.865952894199], "k_pid_alt": [7610.131510951435, 9688.974080357104, 4291.565839799881], "k_pid_att": [4261.482129824875, 587.2073635880148, 3442.9208920712063], "k_pid_yaw": [0.5, 1e-06, 0.1], "k_pid_hsp": [5675.233905494164, 3938.3083377719863, 4573.400734982273], "k_pid_vsp": [6278.419328462833, 2093.2368880523013, 4257.720614087873]}, "datetime": {"datetime": "2025-08-09 14:57:20", "elapsed": 79671.82335329056, "delta": 36.97417116165161}, "costs": {"total_cost": 23314.582105476526, "time_cost": 150, "final_distance_cost": 5864.241012046715, "oscillation_cost": 809.667013366342, "completition_cost": 1000.0, "overshoot_cost": 15290.063250571586, "power_cost": 58.659435864257816, "noise_cost": 141.95139362762185, "n_waypoints_completed": 0, "tot_waypoints": 9}}
{"target": -20969.840996536095, "params": {"k_pid_pos": [9157.984094902547, 5654.141821963525, 546.1718746030464], "k_pid_alt": [9994.053398705855, 316.3339491972283, 7610.197051816823], "k_pid_att": [5285.170822439484, 9613.762065360954, 9500.63911891088], "k_pid_yaw": [0.5, 1e-06, 0.1], "k_pid_hsp": [7301.859114675842, 4435.870590769779, 4594.622110068427], "k_pid_vsp": [3865.0407332548643, 3030.27536872024, 984.9334785559238]}, "datetime": {"datetime": "2025-08-09 14:57:57", "elapsed": 79709.07440829277, "delta": 37.251055002212524}, "costs": {"total_cost": 20969.840996536095, "time_cost": 150, "final_distance_cost": 6425.752654411487, "oscillation_cost": 1492.2602868678848, "completition_cost": 1000.0, "overshoot_cost": 11700.232238082537, "power_cost": 58.657518554687506, "noise_cost": 142.93829861949823, "n_waypoints_completed": 0, "tot_waypoints": 9}}
{"target": -4846.061386836389, "params": {"k_pid_pos": [3023.4703770530105, 113.88578290112861, 6991.872068089135], "k_pid_alt": [6837.840486393794, 3639.4951374787797, 5549.954328739826], "k_pid_att": [8707.701792844846, 4733.369146722779, 1757.4300693098864], "k_pid_yaw": [0.5, 1e-06, 0.1], "k_pid_hsp": [8791.67724555746, 585.54866157148, 3807.3813646163244], "k_pid_vsp": [9532.473730276775, 659.6241704809058, 1391.4416774843296]}, "datetime": {"datetime": "2025-08-09 14:58:34", "elapsed": 79746.42702150345, "delta": 37.3526132106781}, "costs": {"total_cost": 4846.061386836389, "time_cost": 150, "final_distance_cost": 1262.4510129121527, "oscillation_cost": 108.52047004750624, "completition_cost": 1000.0, "overshoot_cost": 2253.754785033316, "power_cost": 37.36232067871094, "noise_cost": 33.97279816470346, "n_waypoints_completed": 0, "tot_waypoints": 9}}
{"target": -5758.107118099815, "params": {"k_pid_pos": [2659.732540104516, 8327.08933766759, 1347.129756401746], "k_pid_alt": [1012.0624481336038, 7824.367875973982, 4570.948367857031], "k_pid_att": [1128.9225338376552, 5314.053241665632, 3541.542581253632], "k_pid_yaw": [0.5, 1e-06, 0.1], "k_pid_hsp": [4269.778441518745, 587.5568151505628, 2127.5057232749527], "k_pid_vsp": [3642.8749824916295, 1714.5070479591084, 2377.4054790123723]}, "datetime": {"datetime": "2025-08-09 14:59:12", "elapsed": 79783.63160800934, "delta": 37.20458650588989}, "costs": {"total_cost": 5758.107118099815, "time_cost": 150, "final_distance_cost": 513.9996415029722, "oscillation_cost": 1361.591036462256, "completition_cost": 1000.0, "overshoot_cost": 2534.3462053085145, "power_cost": 58.59123995361328, "noise_cost": 139.57899487245862, "n_waypoints_completed": 0, "tot_waypoints": 9}}
{"target": -1518.5198669487286, "params": {"k_pid_pos": [5671.685732486602, 8188.024877774918, 8102.056609600313], "k_pid_alt": [4963.757607850624, 8526.613572212826, 4937.047338594321], "k_pid_att": [7128.565323293737, 3799.703095752736, 0.0], "k_pid_yaw": [0.5, 1e-06, 0.1], "k_pid_hsp": [5935.97880501056, 4915.453196118595, 3449.942964020159], "k_pid_vsp": [4014.835708321786, 0.0, 1035.7908101189878]}, "datetime": {"datetime": "2025-08-09 15:00:12", "elapsed": 79844.41285800934, "delta": 60.78125}, "costs": {"total_cost": 1518.5198669487286, "time_cost": 150, "final_distance_cost": 64.83494937189953, "oscillation_cost": 272.43574591002107, "completition_cost": 888.8888888888888, "overshoot_cost": 72.97532159434462, "power_cost": 40.652287524414064, "noise_cost": 28.732673659160252, "n_waypoints_completed": 1, "tot_waypoints": 9}}
{"target": -5101.315548727998, "params": {"k_pid_pos": [2762.546988842128, 0.0, 7326.033559324167], "k_pid_alt": [10000.0, 3688.410072544642, 8858.72071513685], "k_pid_att": [10000.0, 7403.748852018584, 4837.439990490622], "k_pid_yaw": [0.5, 1e-06, 0.1], "k_pid_hsp": [10000.0, 1506.7454180450302, 10000.0], "k_pid_vsp": [6696.871207246902, 6324.109987138623, 3008.1852740296554]}, "datetime": {"datetime": "2025-08-09 15:01:18", "elapsed": 79910.2357108593, "delta": 65.82285284996033}, "costs": {"total_cost": 5101.315548727998, "time_cost": 150, "final_distance_cost": 701.8368139661015, "oscillation_cost": 573.5712000798421, "completition_cost": 1000.0, "overshoot_cost": 2518.1242752839453, "power_cost": 56.85076842041016, "noise_cost": 100.93249097769842, "n_waypoints_completed": 0, "tot_waypoints": 9}}
{"target": -1636.817472563804, "params": {"k_pid_pos": [3275.668413473124, 7222.431949162852, 5104.275128596703], "k_pid_alt": [4764.994168052574, 8987.589999468846, 4890.045501472876], "k_pid_att": [8353.001811808002, 3752.078955047338, 1938.014329644472], "k_pid_yaw": [0.5, 1e-06, 0.1], "k_pid_hsp": [3875.868414344329, 6874.611493645255, 2960.974097608502], "k_pid_vsp": [4605.418136373971, 713.4559043292943, 5681.898141477043]}, "datetime": {"datetime": "2025-08-09 15:01:55", "elapsed": 79946.82476973534, "delta": 36.5890588760376}, "costs": {"total_cost": 1636.817472563804, "time_cost": 150, "final_distance_cost": 95.5568462357667, "oscillation_cost": 48.541192596114875, "completition_cost": 1000.0, "overshoot_cost": 279.7254179863245, "power_cost": 35.23102043457031, "noise_cost": 27.762995311027456, "n_waypoints_completed": 0, "tot_waypoints": 9}}
{"target": -4427.649930068628, "params": {"k_pid_pos": [1710.4118952059866, 7280.46067542079, 5732.85188294146], "k_pid_alt": [1731.6822924800447, 4655.346808760945, 6550.03131552087], "k_pid_att": [4734.367108142406, 6011.247109175817, 9264.489533151818], "k_pid_yaw": [0.5, 1e-06, 0.1], "k_pid_hsp": [5359.358421493361, 532.9663197103652, 8056.584418182347], "k_pid_vsp": [4571.749277537117, 8446.163807979134, 8446.533808506909]}, "datetime": {"datetime": "2025-08-09 15:02:41", "elapsed": 79992.61913633347, "delta": 45.79436659812927}, "costs": {"total_cost": 4427.649930068628, "time_cost": 150, "final_distance_cost": 1079.326994692773, "oscillation_cost": 555.2607565917205, "completition_cost": 1000.0, "overshoot_cost": 1502.9547526827396, "power_cost": 50.234926660156255, "noise_cost": 89.87249944123904, "n_waypoints_completed": 0, "tot_waypoints": 9}}
{"target": -23400.088613441614, "params": {"k_pid_pos": [6675.860032423361, 3440.53221211035, 8537.247488009376], "k_pid_alt": [5649.3468768459725, 6156.622300531251, 2157.701946136492], "k_pid_att": [217.4992637491191, 3585.482104004948, 8695.335925323003], "k_pid_yaw": [0.5, 1e-06, 0.1], "k_pid_hsp": [7445.952421543093, 674.0895705288419, 3187.360295999341], "k_pid_vsp": [9102.835900086764, 1319.0074623086678, 2959.8649394345666]}, "datetime": {"datetime": "2025-08-09 15:03:18", "elapsed": 80029.63597941399, "delta": 37.01684308052063}, "costs": {"total_cost": 23400.088613441614, "time_cost": 150, "final_distance_cost": 7165.504038589168, "oscillation_cost": 803.5843720217579, "completition_cost": 1000.0, "overshoot_cost": 14081.694926501452, "power_cost": 58.621353344726565, "noise_cost": 140.6839229845108, "n_waypoints_completed": 0, "tot_waypoints": 9}}
{"target": -34275.96857013219, "params": {"k_pid_pos": [2145.4029907342488, 2685.1106045574556, 7180.589214554505], "k_pid_alt": [2968.5230418330357, 6856.847570272592, 7280.023674818063], "k_pid_att": [1273.418155670869, 6803.656451035843, 7972.46653473429], "k_pid_yaw": [0.5, 1e-06, 0.1], "k_pid_hsp": [4390.543794891608, 8488.005822640102, 2267.0838317870066], "k_pid_vsp": [5278.062110115862, 4910.665535583356, 239.93943541462892]}, "datetime": {"datetime": "2025-08-09 15:03:55", "elapsed": 80067.37961816788, "delta": 37.74363875389099}, "costs": {"total_cost": 34275.96857013219, "time_cost": 150, "final_distance_cost": 9388.988271378867, "oscillation_cost": 1632.4105913363724, "completition_cost": 1000.0, "overshoot_cost": 21903.225455343472, "power_cost": 58.655612695312506, "noise_cost": 142.68863937815942, "n_waypoints_completed": 0, "tot_waypoints": 9}}
{"target": -2047.96721513681, "params": {"k_pid_pos": [2674.8200604143344, 10000.0, 0.0], "k_pid_alt": [0.0, 6765.160075944155, 5347.767648289975], "k_pid_att": [3275.194587100685, 5591.652775593889, 0.0], "k_pid_yaw": [0.5, 1e-06, 0.1], "k_pid_hsp": [5037.491115950731, 0.0, 5358.269613481755], "k_pid_vsp": [10000.0, 7656.615158695675, 3427.2347386871047]}, "datetime": {"datetime": "2025-08-09 15:05:04", "elapsed": 80136.32022023201, "delta": 68.94060206413269}, "costs": {"total_cost": 2047.96721513681, "time_cost": 150, "final_distance_cost": 55.929749666568604, "oscillation_cost": 690.8211935248389, "completition_cost": 1000.0, "overshoot_cost": 85.70743754388194, "power_cost": 37.40110604248047, "noise_cost": 28.107728359040063, "n_waypoints_completed": 0, "tot_waypoints": 9}}
{"target": -1470.909425162242, "params": {"k_pid_pos": [10000.0, 4658.4855138098965, 4601.289805643219], "k_pid_alt": [9420.56513641041, 10000.0, 9776.963193330928], "k_pid_att": [7999.553829831263, 7892.640629084075, 0.0], "k_pid_yaw": [0.5, 1e-06, 0.1], "k_pid_hsp": [0.0, 2685.7750759426167, 0.0], "k_pid_vsp": [1095.72577130982, 10000.0, 0.0]}, "datetime": {"datetime": "2025-08-09 15:06:08", "elapsed": 80200.41625261307, "delta": 64.09603238105774}, "costs": {"total_cost": 1470.909425162242, "time_cost": 150, "final_distance_cost": 59.95778055335252, "oscillation_cost": 127.94943880830422, "completition_cost": 1000.0, "overshoot_cost": 56.96026758712595, "power_cost": 46.255110852050784, "noise_cost": 29.78682736140845, "n_waypoints_completed": 0, "tot_waypoints": 9}}
{"target": -8510.892373910323, "params": {"k_pid_pos": [8203.257007341843, 7056.726847034496, 2453.7092660160906], "k_pid_alt": [8972.572432193054, 6962.403765101043, 5914.273962462568], "k_pid_att": [5267.210361770378, 8913.835092793495, 9311.32708957015], "k_pid_yaw": [0.5, 1e-06, 0.1], "k_pid_hsp": [1867.3168215622893, 3305.569047080371, 3647.9108261337833], "k_pid_vsp": [4492.005869958458, 4487.886585210728, 3651.905908136938]}, "datetime": {"datetime": "2025-08-09 15:06:46", "elapsed": 80237.7215988636, "delta": 37.30534625053406}, "costs": {"total_cost": 8510.892373910323, "time_cost": 150, "final_distance_cost": 1545.5509626995627, "oscillation_cost": 1359.1642901066039, "completition_cost": 1000.0, "overshoot_cost": 4255.919450202854, "power_cost": 58.656080517578125, "noise_cost": 141.60159038372544, "n_waypoints_completed": 0, "tot_waypoints": 9}}
{"target": -1577.2723223880719, "params": {"k_pid_pos": [7348.444118589479, 4798.961087632815, 10000.0], "k_pid_alt": [3058.2654400610086, 5180.732722582818, 9026.091644430848], "k_pid_att": [3893.4748675411265, 2315.2134745125845, 0.0], "k_pid_yaw": [0.5, 1e-06, 0.1], "k_pid_hsp": [6370.753660731977, 6715.006903529089, 4340.451413404009], "k_pid_vsp": [8042.497647750088, 10000.0, 10000.0]}, "datetime": {"datetime": "2025-08-09 15:07:51", "elapsed": 80302.81002902985, "delta": 65.0884301662445}, "costs": {"total_cost": 1577.2723223880719, "time_cost": 150, "final_distance_cost": 123.74379122987966, "oscillation_cost": 370.8302693641138, "completition_cost": 777.7777777777778, "overshoot_cost": 87.77586363968273, "power_cost": 38.654386181640625, "noise_cost": 28.490234194977266, "n_waypoints_completed": 2, "tot_waypoints": 9}}
{"target": -1946.317015268848, "params": {"k_pid_pos": [4199.659337985461, 1365.4891005440672, 35.05166517811964], "k_pid_alt": [7806.98056855872, 700.9442206465822, 4475.853260184215], "k_pid_att": [8626.181137828657, 3369.64111850834, 1320.8794298976966], "k_pid_yaw": [0.5, 1e-06, 0.1], "k_pid_hsp": [7186.952034503506, 5422.516708617602, 2323.248497528315], "k_pid_vsp": [6791.147825330133, 2413.1432081790003, 2706.0432452861105]}, "datetime": {"datetime": "2025-08-09 15:08:27", "elapsed": 80339.47889471054, "delta": 36.66886568069458}, "costs": {"total_cost": 1946.317015268848, "time_cost": 150, "final_distance_cost": 187.2023964371891, "oscillation_cost": 76.03456869858572, "completition_cost": 888.8888888888888, "overshoot_cost": 579.1652327960433, "power_cost": 35.933956152343754, "noise_cost": 29.09197229579739, "n_waypoints_completed": 1, "tot_waypoints": 9}}
{"target": -1640.8920041849544, "params": {"k_pid_pos": [10000.0, 10000.0, 0.0], "k_pid_alt": [0.0, 0.0, 5859.647244345202], "k_pid_att": [9103.906299540067, 3912.590746538773, 0.0], "k_pid_yaw": [0.5, 1e-06, 0.1], "k_pid_hsp": [370.7750735664799, 10000.0, 703.8790750667381], "k_pid_vsp": [8048.183933429887, 2375.771550078199, 6008.111173858561]}, "datetime": {"datetime": "2025-08-09 15:09:31", "elapsed": 80403.21568059921, "delta": 63.736785888671875}, "costs": {"total_cost": 1640.8920041849544, "time_cost": 150, "final_distance_cost": 7.351928058097825, "oscillation_cost": 146.55265273746218, "completition_cost": 1000.0, "overshoot_cost": 172.8548389215606, "power_cost": 42.777844250488286, "noise_cost": 121.35474021734565, "n_waypoints_completed": 0, "tot_waypoints": 9}}
{"target": -3985.494535495377, "params": {"k_pid_pos": [1183.0050888195985, 5363.714823564821, 4311.524267535124], "k_pid_alt": [3208.4736757369137, 5048.495335241116, 9270.586782808916], "k_pid_att": [4544.268834883876, 2432.20096890447, 2273.9812925522583], "k_pid_yaw": [0.5, 1e-06, 0.1], "k_pid_hsp": [7.578618175042573, 7108.706350688076, 6652.093215603227], "k_pid_vsp": [6432.443598330845, 6391.451756102819, 1888.7537971997792]}, "datetime": {"datetime": "2025-08-09 15:10:08", "elapsed": 80439.65000677109, "delta": 36.434326171875}, "costs": {"total_cost": 3985.494535495377, "time_cost": 150, "final_distance_cost": 398.67308738130123, "oscillation_cost": 714.3622424768209, "completition_cost": 1000.0, "overshoot_cost": 1539.2470834928586, "power_cost": 58.694777929687504, "noise_cost": 124.51734421470894, "n_waypoints_completed": 0, "tot_waypoints": 9}}
