{"target": -6523.959002524872, "params": {"k_pid_pos": [2015.334857291522, 3694.488657440835, 2879.0387862389], "k_pid_alt": [7019.28731129557, 162.18559292913827, 1986.9365635894044], "k_pid_att": [785.3666808734583, 4289.913034305536, 2244.304207307566], "k_pid_yaw": [0.5, 1e-06, 0.1], "k_pid_hsp": [392.3683121063193, 538.1991178348255, 9107.352615834887], "k_pid_vsp": [8470.386703807126, 6754.521142010322, 4282.877492795484]}, "datetime": {"datetime": "2025-08-09 13:24:45", "elapsed": 74116.9093811512, "delta": 36.593624114990234}, "costs": {"total_cost": 6523.959002524872, "time_cost": 150, "final_distance_cost": 1011.9622774193881, "oscillation_cost": 1458.3010451918065, "completition_cost": 1000.0, "overshoot_cost": 2704.4770706805994, "power_cost": 58.62162788085938, "noise_cost": 140.59698135221777, "n_waypoints_completed": 0, "tot_waypoints": 9}}
{"target": -2212.1411144805334, "params": {"k_pid_pos": [137.5982280346355, 2663.5436602864497, 8515.894517685778], "k_pid_alt": [1456.74919812233, 8854.479132827, 9805.723728836268], "k_pid_att": [5518.853300931914, 10000.0, 0.0], "k_pid_yaw": [0.5, 1e-06, 0.1], "k_pid_hsp": [8582.346180043865, 5813.832418792996, 2454.738160386517], "k_pid_vsp": [9167.732325303941, 8164.572883860334, 7576.907744903145]}, "datetime": {"datetime": "2025-08-09 13:25:55", "elapsed": 74186.73478746414, "delta": 69.8254063129425}, "costs": {"total_cost": 2212.1411144805334, "time_cost": 150, "final_distance_cost": 74.73448929329864, "oscillation_cost": 845.9172117037846, "completition_cost": 1000.0, "overshoot_cost": 77.10666666869072, "power_cost": 36.553717773437505, "noise_cost": 27.82902904132192, "n_waypoints_completed": 0, "tot_waypoints": 9}}
{"target": -32647.309519869686, "params": {"k_pid_pos": [6235.100030327539, 8507.812116767727, 764.145297714116], "k_pid_alt": [7053.538985598361, 4913.314556012291, 261.7608338541333], "k_pid_att": [5491.220623445485, 77.49838509336415, 3023.3762445276957], "k_pid_yaw": [0.5, 1e-06, 0.1], "k_pid_hsp": [4995.462300910408, 7778.285148985697, 9276.215703806276], "k_pid_vsp": [6700.826962242886, 8422.911166474243, 330.8595352889132]}, "datetime": {"datetime": "2025-08-09 13:26:31", "elapsed": 74222.8244035244, "delta": 36.08961606025696}, "costs": {"total_cost": 32647.309519869686, "time_cost": 150, "final_distance_cost": 8511.343476844733, "oscillation_cost": 807.2946788248339, "completition_cost": 1000.0, "overshoot_cost": 21976.23871981521, "power_cost": 58.655612695312506, "noise_cost": 143.77703168959775, "n_waypoints_completed": 0, "tot_waypoints": 9}}
{"target": -971.2424580273135, "params": {"k_pid_pos": [10000.0, 6142.627190585744, 6347.723063220244], "k_pid_alt": [10000.0, 0.0, 5101.661588274068], "k_pid_att": [6505.976242653727, 3225.911423774456, 0.0], "k_pid_yaw": [0.5, 1e-06, 0.1], "k_pid_hsp": [10000.0, 7240.1669458626775, 8808.446205105163], "k_pid_vsp": [4254.7214563455245, 5414.433237871369, 4753.319648867344]}, "datetime": {"datetime": "2025-08-09 13:27:30", "elapsed": 74282.21402215958, "delta": 59.38961863517761}, "costs": {"total_cost": 971.2424580273135, "time_cost": 150, "final_distance_cost": 83.1457405453029, "oscillation_cost": 349.283891967926, "completition_cost": 222.2222222222222, "overshoot_cost": 98.3572596280246, "power_cost": 39.718433227539066, "noise_cost": 28.514910436298827, "n_waypoints_completed": 7, "tot_waypoints": 9}}
{"target": -1518.6806748713693, "params": {"k_pid_pos": [6754.045860258582, 10000.0, 0.0], "k_pid_alt": [6848.10183698329, 0.0, 0.0], "k_pid_att": [9118.716930986357, 7768.418181900611, 0.0], "k_pid_yaw": [0.5, 1e-06, 0.1], "k_pid_hsp": [2701.835423309095, 3062.268132259825, 4497.56161116947], "k_pid_vsp": [10000.0, 0.0, 0.0]}, "datetime": {"datetime": "2025-08-09 13:28:38", "elapsed": 74349.58130264282, "delta": 67.36728048324585}, "costs": {"total_cost": 1518.6806748713693, "time_cost": 150, "final_distance_cost": 108.09180348428171, "oscillation_cost": 329.0886328065978, "completition_cost": 777.7777777777778, "overshoot_cost": 87.10880580445902, "power_cost": 38.28373081054688, "noise_cost": 28.329924187706215, "n_waypoints_completed": 2, "tot_waypoints": 9}}
{"target": -20631.386777615968, "params": {"k_pid_pos": [1441.0082318871432, 120.85404905507247, 3681.8443003634184], "k_pid_alt": [3729.5801592018042, 5319.721931318304, 848.4661994662912], "k_pid_att": [2033.9016171346525, 3860.357745115085, 4144.584334431806], "k_pid_yaw": [0.5, 1e-06, 0.1], "k_pid_hsp": [6824.905678179886, 3506.746153167849, 8874.460291249867], "k_pid_vsp": [1457.5192082651022, 7624.090595807058, 6589.873589395039]}, "datetime": {"datetime": "2025-08-09 13:29:14", "elapsed": 74385.79454755783, "delta": 36.213244915008545}, "costs": {"total_cost": 20631.386777615968, "time_cost": 150, "final_distance_cost": 4978.497541147968, "oscillation_cost": 1566.2978797522096, "completition_cost": 1000.0, "overshoot_cost": 12738.405726814333, "power_cost": 58.21043288574219, "noise_cost": 139.97519701571244, "n_waypoints_completed": 0, "tot_waypoints": 9}}
{"target": -1540.9693527740317, "params": {"k_pid_pos": [8763.572015581289, 0.0, 4837.88653724884], "k_pid_alt": [9465.229231673842, 0.0, 10000.0], "k_pid_att": [8210.274030668881, 5586.212869611414, 0.0], "k_pid_yaw": [0.5, 1e-06, 0.1], "k_pid_hsp": [10000.0, 5325.939798229696, 10000.0], "k_pid_vsp": [9090.137011662146, 6398.832596843619, 0.0]}, "datetime": {"datetime": "2025-08-09 13:30:16", "elapsed": 74447.57256698608, "delta": 61.778019428253174}, "costs": {"total_cost": 1540.9693527740317, "time_cost": 150, "final_distance_cost": 52.51232657483139, "oscillation_cost": 625.1782903591043, "completition_cost": 555.5555555555555, "overshoot_cost": 92.91937903025529, "power_cost": 36.779941113281254, "noise_cost": 28.023860141004114, "n_waypoints_completed": 4, "tot_waypoints": 9}}
{"target": -774.0967849132027, "params": {"k_pid_pos": [3517.838494824294, 10000.0, 10000.0], "k_pid_alt": [6191.172851975958, 0.0, 8641.907355968848], "k_pid_att": [7394.726380245789, 2491.215045460551, 0.0], "k_pid_yaw": [0.5, 1e-06, 0.1], "k_pid_hsp": [7113.430574697412, 4787.703745391746, 3627.735538907904], "k_pid_vsp": [10000.0, 10000.0, 6245.359932334343]}, "datetime": {"datetime": "2025-08-09 13:31:18", "elapsed": 74510.37277555466, "delta": 62.800208568573}, "costs": {"total_cost": 774.0967849132027, "time_cost": 150, "final_distance_cost": 26.922610912026283, "oscillation_cost": 324.39836404417036, "completition_cost": 111.11111111111116, "overshoot_cost": 92.86129441373748, "power_cost": 40.060501354980474, "noise_cost": 28.742903077176884, "n_waypoints_completed": 8, "tot_waypoints": 9}}
{"target": -8197.226506200372, "params": {"k_pid_pos": [5984.688559077204, 4188.673091090256, 3838.8819307749877], "k_pid_alt": [0.0, 6448.321499502848, 0.0], "k_pid_att": [1196.8512880893725, 0.0, 10000.0], "k_pid_yaw": [0.5, 1e-06, 0.1], "k_pid_hsp": [9675.375388737137, 7423.904541833043, 5383.654628536455], "k_pid_vsp": [5213.241859541646, 347.6666570862008, 7011.869973028094]}, "datetime": {"datetime": "2025-08-09 13:32:16", "elapsed": 74568.34172391891, "delta": 57.96894836425781}, "costs": {"total_cost": 8197.226506200372, "time_cost": 150, "final_distance_cost": 2171.5023302744885, "oscillation_cost": 23.23022240877156, "completition_cost": 1000.0, "overshoot_cost": 4789.411332835742, "power_cost": 35.290735595703126, "noise_cost": 27.79188508566757, "n_waypoints_completed": 0, "tot_waypoints": 9}}
{"target": -4082.561446804968, "params": {"k_pid_pos": [3387.066807334258, 127.31236462657503, 9172.431030304559], "k_pid_alt": [1552.1856125658128, 3849.574485117653, 3880.151472097373], "k_pid_att": [7374.793182036619, 1549.0762796306278, 5600.505799006423], "k_pid_yaw": [0.5, 1e-06, 0.1], "k_pid_hsp": [870.8417573927662, 1867.513213657881, 3391.9495297402946], "k_pid_vsp": [2215.6464332297164, 1524.2906552880474, 2141.2037493020575]}, "datetime": {"datetime": "2025-08-09 13:32:52", "elapsed": 74604.23364377022, "delta": 35.8919198513031}, "costs": {"total_cost": 4082.561446804968, "time_cost": 150, "final_distance_cost": 320.39015527946196, "oscillation_cost": 139.5332863040911, "completition_cost": 1000.0, "overshoot_cost": 2401.2491401245884, "power_cost": 39.67154470214844, "noise_cost": 31.71732039467809, "n_waypoints_completed": 0, "tot_waypoints": 9}}
{"target": -14947.500557626194, "params": {"k_pid_pos": [7120.513404620427, 9225.606233439561, 3822.558006065182], "k_pid_alt": [709.0468973447416, 1809.7711213335754, 5764.564091903834], "k_pid_att": [7623.174878662819, 7747.082260969338, 9473.190581689876], "k_pid_yaw": [0.5, 1e-06, 0.1], "k_pid_hsp": [2671.056229877801, 1256.181749201658, 3308.8890413801473], "k_pid_vsp": [7643.6853634911, 7945.977456143569, 5973.925161721811]}, "datetime": {"datetime": "2025-08-09 13:33:29", "elapsed": 74640.61894512177, "delta": 36.38530135154724}, "costs": {"total_cost": 14947.500557626194, "time_cost": 150, "final_distance_cost": 3261.0950604857976, "oscillation_cost": 957.8676236948352, "completition_cost": 1000.0, "overshoot_cost": 9379.395616021953, "power_cost": 58.56073743896485, "noise_cost": 140.5815199846425, "n_waypoints_completed": 0, "tot_waypoints": 9}}
{"target": -17043.815505585495, "params": {"k_pid_pos": [2191.34201803888, 7564.994198898309, 4116.367506263146], "k_pid_alt": [4065.3722923629452, 7792.506804551516, 3958.2884124112306], "k_pid_att": [877.2700272670464, 3624.857376504017, 5251.4932362621485], "k_pid_yaw": [0.5, 1e-06, 0.1], "k_pid_hsp": [849.9915492460397, 2308.4515665080216, 5549.32285790185], "k_pid_vsp": [7776.785227414612, 2542.240013013085, 7860.340311088537]}, "datetime": {"datetime": "2025-08-09 13:34:05", "elapsed": 74676.98844099045, "delta": 36.36949586868286}, "costs": {"total_cost": 17043.815505585495, "time_cost": 150, "final_distance_cost": 5677.231631352888, "oscillation_cost": 661.740493397302, "completition_cost": 1000.0, "overshoot_cost": 9389.443092861338, "power_cost": 53.68800324707031, "noise_cost": 111.71228472689809, "n_waypoints_completed": 0, "tot_waypoints": 9}}
{"target": -4329.789357036992, "params": {"k_pid_pos": [5762.131848246065, 6277.431539893655, 0.0], "k_pid_alt": [0.0, 4191.627175740803, 0.0], "k_pid_att": [0.0, 1436.8021976959044, 0.0], "k_pid_yaw": [0.5, 1e-06, 0.1], "k_pid_hsp": [7851.070733084396, 0.0, 4139.533861372683], "k_pid_vsp": [10000.0, 8776.272076472522, 4124.910369115114]}, "datetime": {"datetime": "2025-08-09 13:35:02", "elapsed": 74734.22327899933, "delta": 57.234838008880615}, "costs": {"total_cost": 4329.789357036992, "time_cost": 150, "final_distance_cost": 463.93633684490794, "oscillation_cost": 1220.435024715151, "completition_cost": 1000.0, "overshoot_cost": 1292.6915066276913, "power_cost": 57.251820336914065, "noise_cost": 145.47466851232838, "n_waypoints_completed": 0, "tot_waypoints": 9}}
{"target": -1671.3907597163156, "params": {"k_pid_pos": [2267.3804805770783, 8584.967337248614, 4550.82324759541], "k_pid_alt": [6980.230353155916, 8145.138805081692, 5430.853727863121], "k_pid_att": [8343.633441239046, 3635.3915351515366, 1622.3242911785462], "k_pid_yaw": [0.5, 1e-06, 0.1], "k_pid_hsp": [4951.7535028414695, 8450.955136864086, 4948.093573163692], "k_pid_vsp": [3986.0247564863485, 491.5594283570823, 4531.1206487635545]}, "datetime": {"datetime": "2025-08-09 13:35:41", "elapsed": 74773.13553380966, "delta": 38.91225481033325}, "costs": {"total_cost": 1671.3907597163156, "time_cost": 150, "final_distance_cost": 91.77796472191467, "oscillation_cost": 55.34972394701651, "completition_cost": 1000.0, "overshoot_cost": 311.0498656203846, "power_cost": 35.41933443603516, "noise_cost": 27.79387099096483, "n_waypoints_completed": 0, "tot_waypoints": 9}}
{"target": -1284.196554391527, "params": {"k_pid_pos": [5409.972207811305, 10000.0, 10000.0], "k_pid_alt": [5172.3019385897605, 0.0, 0.0], "k_pid_att": [0.0, 0.0, 0.0], "k_pid_yaw": [0.5, 1e-06, 0.1], "k_pid_hsp": [10000.0, 6438.499529797583, 3749.888593858235], "k_pid_vsp": [10000.0, 0.0, 0.0]}, "datetime": {"datetime": "2025-08-09 13:36:40", "elapsed": 74831.79524159431, "delta": 58.65970778465271}, "costs": {"total_cost": 1284.196554391527, "time_cost": 150, "final_distance_cost": 46.465189706994884, "oscillation_cost": 0.0, "completition_cost": 1000.0, "overshoot_cost": 35.82179294761282, "power_cost": 30.828306103515626, "noise_cost": 21.081265633403667, "n_waypoints_completed": 0, "tot_waypoints": 9}}
{"target": -9045.142447661725, "params": {"k_pid_pos": [8174.565538359815, 500.2034192435723, 876.5469796830339], "k_pid_alt": [6669.551292204908, 4749.149661809831, 9535.124123952597], "k_pid_att": [2721.4829961835417, 5385.891229788696, 4995.74385721645], "k_pid_yaw": [0.5, 1e-06, 0.1], "k_pid_hsp": [1184.850290917353, 6875.494356828039, 5903.843284239969], "k_pid_vsp": [9317.019017451808, 3381.867338312864, 5164.820831435221]}, "datetime": {"datetime": "2025-08-09 13:37:20", "elapsed": 74871.9323413372, "delta": 40.137099742889404}, "costs": {"total_cost": 9045.142447661725, "time_cost": 150, "final_distance_cost": 2499.925610681437, "oscillation_cost": 1258.0558509641894, "completition_cost": 1000.0, "overshoot_cost": 3936.4598108340433, "power_cost": 58.67148100585938, "noise_cost": 142.02969417619613, "n_waypoints_completed": 0, "tot_waypoints": 9}}
{"target": -23956.734203404456, "params": {"k_pid_pos": [790.0778734442904, 6275.534440526229, 548.674694867043], "k_pid_alt": [4157.884183469284, 5131.456627869357, 143.49801354963444], "k_pid_att": [4500.601698677905, 846.1571462318052, 2867.247275950846], "k_pid_yaw": [0.5, 1e-06, 0.1], "k_pid_hsp": [4454.570726867464, 5696.247871665999, 9548.628714730517], "k_pid_vsp": [2464.7023256155308, 8653.643826670399, 394.23915046701285]}, "datetime": {"datetime": "2025-08-09 13:37:56", "elapsed": 74908.22977948189, "delta": 36.29743814468384}, "costs": {"total_cost": 23956.734203404456, "time_cost": 150, "final_distance_cost": 5953.922610592095, "oscillation_cost": 737.5949952088704, "completition_cost": 1000.0, "overshoot_cost": 15914.64092125291, "power_cost": 58.66803216552734, "noise_cost": 141.90764418505137, "n_waypoints_completed": 0, "tot_waypoints": 9}}
{"target": -4884.096306048965, "params": {"k_pid_pos": [4507.823064393196, 1050.0550255893327, 5587.58109224729], "k_pid_alt": [8131.722460072553, 70.45308726479237, 8971.991223600382], "k_pid_att": [510.1997602001851, 3850.696596394122, 2612.8197110907668], "k_pid_yaw": [0.5, 1e-06, 0.1], "k_pid_hsp": [4530.031790253503, 4941.529576034311, 6165.722408396021], "k_pid_vsp": [1766.4470801182397, 2967.735101713741, 6839.954753254457]}, "datetime": {"datetime": "2025-08-09 13:38:33", "elapsed": 74945.28131842613, "delta": 37.051538944244385}, "costs": {"total_cost": 4884.096306048965, "time_cost": 150, "final_distance_cost": 1165.1419568281588, "oscillation_cost": 1003.1419015166904, "completition_cost": 1000.0, "overshoot_cost": 1385.8705650334643, "power_cost": 55.91453172607422, "noise_cost": 124.02735094457674, "n_waypoints_completed": 0, "tot_waypoints": 9}}
{"target": -1422.4967123475424, "params": {"k_pid_pos": [9315.774997323528, 0.0, 0.0], "k_pid_alt": [4142.729350538749, 4276.840915570278, 10000.0], "k_pid_att": [7676.894948737659, 3180.128728498063, 0.0], "k_pid_yaw": [0.5, 1e-06, 0.1], "k_pid_hsp": [0.0, 10000.0, 999.9654957688731], "k_pid_vsp": [9012.878828086605, 2896.4201132732733, 6335.191243961608]}, "datetime": {"datetime": "2025-08-09 13:39:35", "elapsed": 75006.67512702942, "delta": 61.39380860328674}, "costs": {"total_cost": 1422.4967123475424, "time_cost": 150, "final_distance_cost": 73.79874717054189, "oscillation_cost": 157.5591841227774, "completition_cost": 888.8888888888888, "overshoot_cost": 80.41853440884506, "power_cost": 42.74710629882813, "noise_cost": 29.08425145766109, "n_waypoints_completed": 1, "tot_waypoints": 9}}
{"target": -4448.820883196334, "params": {"k_pid_pos": [1908.2077331825087, 553.4348027281743, 6838.301725127562], "k_pid_alt": [7324.034552860858, 2081.393263197503, 1030.3380959943297], "k_pid_att": [6193.156925276443, 4634.981936432659, 1090.6500811444719], "k_pid_yaw": [0.5, 1e-06, 0.1], "k_pid_hsp": [5246.4461403989535, 8777.971471389692, 8166.786316595301], "k_pid_vsp": [7475.60777909119, 7522.539496546507, 7120.122132407308]}, "datetime": {"datetime": "2025-08-09 13:40:13", "elapsed": 75045.28368234634, "delta": 38.60855531692505}, "costs": {"total_cost": 4448.820883196334, "time_cost": 150, "final_distance_cost": 1151.1856767976633, "oscillation_cost": 162.33348085656303, "completition_cost": 888.8888888888888, "overshoot_cost": 2033.3501691911708, "power_cost": 35.305619433593755, "noise_cost": 27.75704802845358, "n_waypoints_completed": 1, "tot_waypoints": 9}}
{"target": -2039.2164610134614, "params": {"k_pid_pos": [3440.022973605729, 3434.5249725397907, 5651.259715281288], "k_pid_alt": [10000.0, 0.0, 10000.0], "k_pid_att": [5373.191276006854, 1423.638039224276, 0.0], "k_pid_yaw": [0.5, 1e-06, 0.1], "k_pid_hsp": [9070.488559644322, 3404.363440039143, 7122.314042622829], "k_pid_vsp": [2448.3985483507545, 5173.079584076596, 7944.158546967512]}, "datetime": {"datetime": "2025-08-09 13:41:12", "elapsed": 75104.24301052094, "delta": 58.959328174591064}, "costs": {"total_cost": 2039.2164610134614, "time_cost": 150, "final_distance_cost": 144.74212255440654, "oscillation_cost": 708.0424367108864, "completition_cost": 777.7777777777778, "overshoot_cost": 194.14547878117526, "power_cost": 36.206419970703124, "noise_cost": 28.30222521851209, "n_waypoints_completed": 2, "tot_waypoints": 9}}
{"target": -6975.993923307753, "params": {"k_pid_pos": [1031.4089994392361, 4995.275143530305, 2202.8023255537532], "k_pid_alt": [5853.0458698213615, 5413.25422012348, 7041.888637907262], "k_pid_att": [8108.279327789837, 4653.915176557329, 8377.214217504374], "k_pid_yaw": [0.5, 1e-06, 0.1], "k_pid_hsp": [7577.08570223099, 4693.220144636917, 6614.3398836853], "k_pid_vsp": [9683.847371796344, 9722.591076258468, 5564.538511704463]}, "datetime": {"datetime": "2025-08-09 13:41:47", "elapsed": 75139.51772999763, "delta": 35.27471947669983}, "costs": {"total_cost": 6975.993923307753, "time_cost": 150, "final_distance_cost": 1307.2583221858406, "oscillation_cost": 748.3115202028434, "completition_cost": 1000.0, "overshoot_cost": 3570.4410150202416, "power_cost": 58.657039184570316, "noise_cost": 141.32602671425616, "n_waypoints_completed": 0, "tot_waypoints": 9}}
{"target": -9581.148989298363, "params": {"k_pid_pos": [2747.5396794625594, 3080.1224503676963, 4166.311491404153], "k_pid_alt": [2860.0948528922054, 6399.95974205427, 5643.947089614012], "k_pid_att": [7074.0369158864305, 3425.477939340642, 7222.171081748799], "k_pid_yaw": [0.5, 1e-06, 0.1], "k_pid_hsp": [744.0488096066189, 7268.897980121903, 7575.500826212187], "k_pid_vsp": [9262.464744605299, 3539.015916321182, 6485.471131671025]}, "datetime": {"datetime": "2025-08-09 13:42:23", "elapsed": 75175.44789600372, "delta": 35.93016600608826}, "costs": {"total_cost": 9581.148989298363, "time_cost": 150, "final_distance_cost": 1698.5161045635416, "oscillation_cost": 679.8892311365754, "completition_cost": 1000.0, "overshoot_cost": 5866.513402471311, "power_cost": 57.83131047363282, "noise_cost": 128.39894065330174, "n_waypoints_completed": 0, "tot_waypoints": 9}}
{"target": -1535.99371380461, "params": {"k_pid_pos": [9607.564019652018, 10000.0, 7107.272610392081], "k_pid_alt": [4294.272819813482, 8617.64248075845, 9495.772179246962], "k_pid_att": [5937.194826627148, 4000.1544882572625, 0.0], "k_pid_yaw": [0.5, 1e-06, 0.1], "k_pid_hsp": [3775.258355013719, 7160.014621146285, 4467.040541197898], "k_pid_vsp": [6395.811702102711, 0.0, 4427.242874178673]}, "datetime": {"datetime": "2025-08-09 13:43:23", "elapsed": 75234.98948788643, "delta": 59.54159188270569}, "costs": {"total_cost": 1535.99371380461, "time_cost": 150, "final_distance_cost": 95.48283365179655, "oscillation_cost": 346.19941167452373, "completition_cost": 777.7777777777778, "overshoot_cost": 97.99370567333055, "power_cost": 39.89634129638672, "noise_cost": 28.643643730794643, "n_waypoints_completed": 2, "tot_waypoints": 9}}
{"target": -1748.569969123103, "params": {"k_pid_pos": [10000.0, 9091.979817415357, 4155.849250260382], "k_pid_alt": [0.0, 0.0, 4084.6332506758604], "k_pid_att": [3544.5290770028564, 0.0, 0.0], "k_pid_yaw": [0.5, 1e-06, 0.1], "k_pid_hsp": [10000.0, 7983.155067721721, 5049.821655668815], "k_pid_vsp": [4915.100634070789, 10000.0, 4068.2017985281077]}, "datetime": {"datetime": "2025-08-09 13:44:36", "elapsed": 75307.73608851433, "delta": 72.74660062789917}, "costs": {"total_cost": 1748.569969123103, "time_cost": 150, "final_distance_cost": 2.5914960911896134, "oscillation_cost": 275.6006712401563, "completition_cost": 1000.0, "overshoot_cost": 171.52257135000823, "power_cost": 40.44414337158204, "noise_cost": 108.4110870701667, "n_waypoints_completed": 0, "tot_waypoints": 9}}
{"target": -7393.956239777758, "params": {"k_pid_pos": [2334.0266278260237, 6514.284560354937, 5552.468659722148], "k_pid_alt": [1452.7050891932058, 2571.9740905820777, 5220.72230484727], "k_pid_att": [4018.7630694434597, 9275.017195045471, 5936.397360301798], "k_pid_yaw": [0.5, 1e-06, 0.1], "k_pid_hsp": [8962.996251127282, 796.1012122541911, 7635.567769720454], "k_pid_vsp": [9208.824948806756, 564.7072504707718, 8533.34121807153]}, "datetime": {"datetime": "2025-08-09 13:45:11", "elapsed": 75343.39245891571, "delta": 35.656370401382446}, "costs": {"total_cost": 7393.956239777758, "time_cost": 150, "final_distance_cost": 1402.1515581901735, "oscillation_cost": 1065.210447364709, "completition_cost": 1000.0, "overshoot_cost": 3598.201421272629, "power_cost": 56.67182911376953, "noise_cost": 121.72098383647712, "n_waypoints_completed": 0, "tot_waypoints": 9}}
