{"target": -1737.6923154033038, "params": {"k_pid_pos": [0.0, 10000.0, 5439.416482047578], "k_pid_alt": [0.0, 10000.0, 0.0], "k_pid_att": [7279.23562283833, 4537.419193936861, 0.0], "k_pid_yaw": [0.5, 1e-06, 0.1], "k_pid_hsp": [10000.0, 10000.0, 8504.634798830326], "k_pid_vsp": [1217.782362729423, 8114.694956200484, 7088.793153754024]}, "datetime": {"datetime": "2025-08-09 14:28:14", "elapsed": 77926.3385913372, "delta": 67.09026288986206}, "costs": {"total_cost": 1737.6923154033038, "time_cost": 150, "final_distance_cost": 41.33634936132843, "oscillation_cost": 382.3360185426677, "completition_cost": 1000.0, "overshoot_cost": 96.1561439909991, "power_cost": 39.188928479003906, "noise_cost": 28.674875029304896, "n_waypoints_completed": 0, "tot_waypoints": 9}}
{"target": -2265.0994826354586, "params": {"k_pid_pos": [3099.3405745449663, 1492.3730085356806, 5322.001938803541], "k_pid_alt": [0.0, 10000.0, 1247.211390320727], "k_pid_att": [10000.0, 8633.528521947614, 0.0], "k_pid_yaw": [0.5, 1e-06, 0.1], "k_pid_hsp": [7099.943767938043, 0.0, 4266.020801742067], "k_pid_vsp": [3391.681587509391, 0.0, 0.0]}, "datetime": {"datetime": "2025-08-09 14:29:16", "elapsed": 77987.94948077202, "delta": 61.61088943481445}, "costs": {"total_cost": 2265.0994826354586, "time_cost": 150, "final_distance_cost": 69.16646613204827, "oscillation_cost": 866.7634132544822, "completition_cost": 1000.0, "overshoot_cost": 115.13162003570233, "power_cost": 36.12127058105469, "noise_cost": 27.916712632170945, "n_waypoints_completed": 0, "tot_waypoints": 9}}
{"target": -1819.800409596107, "params": {"k_pid_pos": [8417.483871091466, 7844.454323755358, 4098.54319634656], "k_pid_alt": [5023.798835747456, 7688.321433052128, 1177.2244832458966], "k_pid_att": [6098.3388348246435, 2351.3331552252803, 917.1548653122874], "k_pid_yaw": [0.5, 1e-06, 0.1], "k_pid_hsp": [3324.773229629382, 5187.923917758049, 3644.8082474117637], "k_pid_vsp": [3238.7032884371856, 9683.268566249857, 3995.3601119016835]}, "datetime": {"datetime": "2025-08-09 14:29:53", "elapsed": 78024.8751399517, "delta": 36.9256591796875}, "costs": {"total_cost": 1819.800409596107, "time_cost": 150, "final_distance_cost": 215.54193134315355, "oscillation_cost": 116.07680925010968, "completition_cost": 1000.0, "overshoot_cost": 271.46153332455054, "power_cost": 38.546514599609374, "noise_cost": 28.17362107868404, "n_waypoints_completed": 0, "tot_waypoints": 9}}
{"target": -2299.2246434070253, "params": {"k_pid_pos": [5871.886060357918, 9591.864529395993, 1401.2685581718265], "k_pid_alt": [0.0, 10000.0, 6064.065450434196], "k_pid_att": [3231.1683017341325, 8449.074937385089, 0.0], "k_pid_yaw": [0.5, 1e-06, 0.1], "k_pid_hsp": [5754.6701945190825, 1190.098320426266, 10000.0], "k_pid_vsp": [10000.0, 2305.0312957355213, 0.0]}, "datetime": {"datetime": "2025-08-09 14:30:56", "elapsed": 78087.56574177742, "delta": 62.69060182571411}, "costs": {"total_cost": 2299.2246434070253, "time_cost": 150, "final_distance_cost": 33.53447924237327, "oscillation_cost": 920.9531094315403, "completition_cost": 1000.0, "overshoot_cost": 128.74106849121654, "power_cost": 37.891448205566405, "noise_cost": 28.104538036328652, "n_waypoints_completed": 0, "tot_waypoints": 9}}
{"target": -5615.968470421946, "params": {"k_pid_pos": [9311.060234257886, 5777.558338251195, 498.8573783646877], "k_pid_alt": [8068.789378836139, 8757.20913258077, 2654.788257785827], "k_pid_att": [8692.796548463215, 208.52968427275133, 8936.375324566447], "k_pid_yaw": [0.5, 1e-06, 0.1], "k_pid_hsp": [8500.281238957476, 3921.3796196852845, 584.850547390946], "k_pid_vsp": [7716.059382124236, 4556.776240090315, 6409.750831591292]}, "datetime": {"datetime": "2025-08-09 14:31:33", "elapsed": 78125.07556509972, "delta": 37.50982332229614}, "costs": {"total_cost": 5615.968470421946, "time_cost": 150, "final_distance_cost": 919.4059830593504, "oscillation_cost": 772.4625794450196, "completition_cost": 1000.0, "overshoot_cost": 2591.7860577424944, "power_cost": 58.55283464355469, "noise_cost": 123.76101553152667, "n_waypoints_completed": 0, "tot_waypoints": 9}}
{"target": -1487.0167261120328, "params": {"k_pid_pos": [3974.3135984959154, 2916.972151106176, 3982.2182463018917], "k_pid_alt": [7267.878005802594, 8585.955031639527, 683.225394952961], "k_pid_att": [7576.459035667258, 8503.84133983765, 625.7607932046793], "k_pid_yaw": [0.5, 1e-06, 0.1], "k_pid_hsp": [7261.414983151263, 8651.821106904661, 7307.63690700509], "k_pid_vsp": [7645.170515588245, 3724.0801512346366, 1287.8068218023063]}, "datetime": {"datetime": "2025-08-09 14:32:11", "elapsed": 78162.86933159828, "delta": 37.793766498565674}, "costs": {"total_cost": 1487.0167261120328, "time_cost": 150, "final_distance_cost": 102.22665503470287, "oscillation_cost": 162.22204547767998, "completition_cost": 888.8888888888888, "overshoot_cost": 119.16541172396131, "power_cost": 36.39485207519532, "noise_cost": 28.118872911604406, "n_waypoints_completed": 1, "tot_waypoints": 9}}
{"target": -1589.92336720842, "params": {"k_pid_pos": [1555.1962113554057, 4464.9369862704, 9989.640438917406], "k_pid_alt": [0.0, 4361.51002214236, 9424.046114158205], "k_pid_att": [5897.183755990435, 5780.455459305703, 0.0], "k_pid_yaw": [0.5, 1e-06, 0.1], "k_pid_hsp": [7935.024135247531, 10000.0, 1197.3214121518126], "k_pid_vsp": [10000.0, 0.0, 10000.0]}, "datetime": {"datetime": "2025-08-09 14:33:20", "elapsed": 78232.0936293602, "delta": 69.22429776191711}, "costs": {"total_cost": 1589.92336720842, "time_cost": 150, "final_distance_cost": 79.00493781332004, "oscillation_cost": 503.70023330327945, "completition_cost": 666.6666666666667, "overshoot_cost": 124.34801942816121, "power_cost": 37.8992583984375, "noise_cost": 28.304251598554902, "n_waypoints_completed": 3, "tot_waypoints": 9}}
{"target": -12759.241753638442, "params": {"k_pid_pos": [7766.17208226721, 5230.113159538851, 1990.3266761247307], "k_pid_alt": [7696.946086770775, 7793.276449878374, 9145.440608867404], "k_pid_att": [30.192538559381532, 4095.302019000615, 5107.542953597597], "k_pid_yaw": [0.5, 1e-06, 0.1], "k_pid_hsp": [7905.82437314128, 4213.708553276871, 3405.558338356596], "k_pid_vsp": [3029.926963615065, 7646.681350799723, 1558.3042680100357]}, "datetime": {"datetime": "2025-08-09 14:33:57", "elapsed": 78268.61646103859, "delta": 36.5228316783905}, "costs": {"total_cost": 12759.241753638442, "time_cost": 150, "final_distance_cost": 3430.559757830568, "oscillation_cost": 1381.6689758481862, "completition_cost": 1000.0, "overshoot_cost": 6596.918143004997, "power_cost": 58.657764941406256, "noise_cost": 141.43711201328526, "n_waypoints_completed": 0, "tot_waypoints": 9}}
{"target": -1543.2849260568794, "params": {"k_pid_pos": [2340.091766044494, 0.0, 0.0], "k_pid_alt": [5598.975854091263, 10000.0, 0.0], "k_pid_att": [10000.0, 9610.353768579844, 0.0], "k_pid_yaw": [0.5, 1e-06, 0.1], "k_pid_hsp": [6717.260609336478, 0.0, 3227.3718739256337], "k_pid_vsp": [9069.665588787988, 4431.9455020407395, 5988.028723825691]}, "datetime": {"datetime": "2025-08-09 14:34:59", "elapsed": 78331.03485512733, "delta": 62.41839408874512}, "costs": {"total_cost": 1543.2849260568794, "time_cost": 150, "final_distance_cost": 62.12704525503458, "oscillation_cost": 311.24932008937037, "completition_cost": 888.8888888888888, "overshoot_cost": 60.47565929952215, "power_cost": 41.59768137207031, "noise_cost": 28.946331151993, "n_waypoints_completed": 1, "tot_waypoints": 9}}
{"target": -1086.294313195061, "params": {"k_pid_pos": [5456.645127330647, 10000.0, 8800.108937310013], "k_pid_alt": [10000.0, 0.0, 0.0], "k_pid_att": [3798.0931009870014, 6717.108884182136, 0.0], "k_pid_yaw": [0.5, 1e-06, 0.1], "k_pid_hsp": [10000.0, 10000.0, 4210.131743969415], "k_pid_vsp": [10000.0, 0.0, 0.0]}, "datetime": {"datetime": "2025-08-09 14:36:00", "elapsed": 78391.59992170334, "delta": 60.56506657600403}, "costs": {"total_cost": 1086.294313195061, "time_cost": 150, "final_distance_cost": 42.3645093591745, "oscillation_cost": 202.7312091195525, "completition_cost": 555.5555555555555, "overshoot_cost": 65.91291699956129, "power_cost": 41.14716773681641, "noise_cost": 28.58295442440086, "n_waypoints_completed": 4, "tot_waypoints": 9}}
{"target": -5073.761153249226, "params": {"k_pid_pos": [7482.049005326262, 4783.287568431495, 6783.249869275008], "k_pid_alt": [6258.383547462573, 5875.9266334040785, 5470.592908980607], "k_pid_att": [9725.764864160605, 9353.414471465469, 8471.337475541502], "k_pid_yaw": [0.5, 1e-06, 0.1], "k_pid_hsp": [4865.458950632225, 2325.520902410314, 1501.9955740291703], "k_pid_vsp": [3244.719217354687, 5386.13605012797, 8689.581112974545]}, "datetime": {"datetime": "2025-08-09 14:36:37", "elapsed": 78428.77788233757, "delta": 37.17796063423157}, "costs": {"total_cost": 5073.761153249226, "time_cost": 150, "final_distance_cost": 707.0410425542354, "oscillation_cost": 508.53200517891867, "completition_cost": 1000.0, "overshoot_cost": 2560.584607077149, "power_cost": 51.66045642089844, "noise_cost": 95.94304201802466, "n_waypoints_completed": 0, "tot_waypoints": 9}}
{"target": -4813.245051264933, "params": {"k_pid_pos": [1643.8475139353793, 3402.3310697714837, 9889.037240085725], "k_pid_alt": [1518.3523381303821, 5433.1528555622635, 2513.9081156496345], "k_pid_att": [4367.529393692983, 7975.15634703112, 8338.785082769931], "k_pid_yaw": [0.5, 1e-06, 0.1], "k_pid_hsp": [6174.5597504775105, 9221.106598236891, 2188.265806017393], "k_pid_vsp": [1642.6639638823315, 9544.018033922888, 9103.474663242074]}, "datetime": {"datetime": "2025-08-09 14:37:13", "elapsed": 78465.45812892914, "delta": 36.68024659156799}, "costs": {"total_cost": 4813.245051264933, "time_cost": 150, "final_distance_cost": 839.422296458761, "oscillation_cost": 658.3873451457106, "completition_cost": 1000.0, "overshoot_cost": 2005.4235230874983, "power_cost": 52.92698358154297, "noise_cost": 107.08490299141978, "n_waypoints_completed": 0, "tot_waypoints": 9}}
{"target": -1745.9241892164655, "params": {"k_pid_pos": [7251.015821794045, 5048.61446415788, 6776.5461615540335], "k_pid_alt": [0.0, 5361.930425642455, 0.0], "k_pid_att": [7175.776967911561, 8372.013480829219, 0.0], "k_pid_yaw": [0.5, 1e-06, 0.1], "k_pid_hsp": [4195.210716339433, 9855.471602122438, 5849.26185816286], "k_pid_vsp": [3566.4761311771467, 7239.919966716978, 3650.786641506059]}, "datetime": {"datetime": "2025-08-09 14:38:14", "elapsed": 78526.51239824295, "delta": 61.054269313812256}, "costs": {"total_cost": 1745.9241892164655, "time_cost": 150, "final_distance_cost": 65.88128822387468, "oscillation_cost": 367.4436862176108, "completition_cost": 1000.0, "overshoot_cost": 95.03435669452189, "power_cost": 39.162465563964844, "noise_cost": 28.40239251649325, "n_waypoints_completed": 0, "tot_waypoints": 9}}
{"target": -13854.298274434712, "params": {"k_pid_pos": [9258.647299277554, 2413.017727452339, 8766.200868740822], "k_pid_alt": [484.5090780842298, 3114.285262500632, 664.2040725284082], "k_pid_att": [2224.164917867333, 8403.309363327182, 8974.926870282095], "k_pid_yaw": [0.5, 1e-06, 0.1], "k_pid_hsp": [210.02633204602716, 6620.051004229777, 8943.182411772066], "k_pid_vsp": [7353.117457713533, 3168.0046625697987, 2259.0620552161477]}, "datetime": {"datetime": "2025-08-09 14:38:55", "elapsed": 78566.79424500465, "delta": 40.28184676170349}, "costs": {"total_cost": 13854.298274434712, "time_cost": 150, "final_distance_cost": 3098.5336422606806, "oscillation_cost": 1656.1907845156613, "completition_cost": 1000.0, "overshoot_cost": 7748.256844262067, "power_cost": 58.655612695312506, "noise_cost": 142.66139070099035, "n_waypoints_completed": 0, "tot_waypoints": 9}}
{"target": -5040.53497530136, "params": {"k_pid_pos": [4753.062649783308, 5604.138332405474, 7513.942027191008], "k_pid_alt": [2514.9260294128626, 2588.1071413966306, 8999.95093201648], "k_pid_att": [9286.509559826061, 1818.4644221009894, 6122.701985801222], "k_pid_yaw": [0.5, 1e-06, 0.1], "k_pid_hsp": [4221.634662934901, 6575.886686344706, 1259.3061832066533], "k_pid_vsp": [5445.398357909711, 5832.408068313683, 7691.088197662523]}, "datetime": {"datetime": "2025-08-09 14:39:35", "elapsed": 78606.78795337677, "delta": 39.99370837211609}, "costs": {"total_cost": 5040.53497530136, "time_cost": 150, "final_distance_cost": 772.3907663785131, "oscillation_cost": 123.37791008201106, "completition_cost": 1000.0, "overshoot_cost": 2928.0489827941537, "power_cost": 38.48348754882813, "noise_cost": 28.233828497854418, "n_waypoints_completed": 0, "tot_waypoints": 9}}
{"target": -1428.8573930071072, "params": {"k_pid_pos": [9843.007799520674, 8578.812147431268, 0.0], "k_pid_alt": [0.0, 671.460924503051, 2030.0629146537942], "k_pid_att": [6416.932521060803, 2320.261748614938, 0.0], "k_pid_yaw": [0.5, 1e-06, 0.1], "k_pid_hsp": [711.3778113348269, 10000.0, 0.0], "k_pid_vsp": [2106.5259627143373, 9966.386085350767, 5999.037358752094]}, "datetime": {"datetime": "2025-08-09 14:40:31", "elapsed": 78663.5042757988, "delta": 56.71632242202759}, "costs": {"total_cost": 1428.8573930071072, "time_cost": 150, "final_distance_cost": 40.9087127650548, "oscillation_cost": 93.79508179192852, "completition_cost": 1000.0, "overshoot_cost": 67.86521167153309, "power_cost": 46.33366691894531, "noise_cost": 29.954719859645486, "n_waypoints_completed": 0, "tot_waypoints": 9}}
{"target": -1832.1428433048097, "params": {"k_pid_pos": [1796.0207071297518, 4783.015338109446, 0.0], "k_pid_alt": [0.0, 0.0, 10000.0], "k_pid_att": [10000.0, 2802.1617308187106, 0.0], "k_pid_yaw": [0.5, 1e-06, 0.1], "k_pid_hsp": [10000.0, 5984.978985570685, 7197.22469697121], "k_pid_vsp": [4532.283829227998, 10000.0, 6556.319679362081]}, "datetime": {"datetime": "2025-08-09 14:41:30", "elapsed": 78722.26143670082, "delta": 58.757160902023315}, "costs": {"total_cost": 1832.1428433048097, "time_cost": 150, "final_distance_cost": 11.754820812797897, "oscillation_cost": 380.80735576346905, "completition_cost": 1000.0, "overshoot_cost": 170.21851606462937, "power_cost": 39.377967297363284, "noise_cost": 79.98418336655025, "n_waypoints_completed": 0, "tot_waypoints": 9}}
{"target": -1913.0480783458763, "params": {"k_pid_pos": [5832.205070364319, 2322.2842192688554, 8577.418408990976], "k_pid_alt": [6579.171319783059, 0.0, 5774.468260120432], "k_pid_att": [8181.7490753763195, 5979.074366760666, 0.0], "k_pid_yaw": [0.5, 1e-06, 0.1], "k_pid_hsp": [10000.0, 5128.558796186183, 8369.748789132454], "k_pid_vsp": [9091.533287479302, 6541.98226113576, 5203.809576162675]}, "datetime": {"datetime": "2025-08-09 14:42:37", "elapsed": 78789.39136433601, "delta": 67.12992763519287}, "costs": {"total_cost": 1913.0480783458763, "time_cost": 150, "final_distance_cost": 106.72504335840966, "oscillation_cost": 705.4932333294923, "completition_cost": 777.7777777777778, "overshoot_cost": 108.73400451437209, "power_cost": 36.34337532958985, "noise_cost": 27.974644036234476, "n_waypoints_completed": 2, "tot_waypoints": 9}}
{"target": -13025.911864220829, "params": {"k_pid_pos": [8431.886754667883, 3153.946948193852, 9459.792099289374], "k_pid_alt": [9274.027490443154, 8669.618272115267, 3929.308346678746], "k_pid_att": [7230.4639823648295, 1781.009723058985, 8886.487342536393], "k_pid_yaw": [0.5, 1e-06, 0.1], "k_pid_hsp": [8289.576490298288, 382.09954794269476, 6286.425876532074], "k_pid_vsp": [2587.190790303454, 6592.278392505285, 1882.5838649056159]}, "datetime": {"datetime": "2025-08-09 14:43:15", "elapsed": 78827.12366580963, "delta": 37.732301473617554}, "costs": {"total_cost": 13025.911864220829, "time_cost": 150, "final_distance_cost": 3148.925700307906, "oscillation_cost": 741.9291769519695, "completition_cost": 1000.0, "overshoot_cost": 7796.893967793298, "power_cost": 58.625499829101564, "noise_cost": 129.53751933855423, "n_waypoints_completed": 0, "tot_waypoints": 9}}
{"target": -15549.450388729472, "params": {"k_pid_pos": [3135.9643500673496, 3905.189247052642, 4482.53431493626], "k_pid_alt": [3252.8297475849254, 4783.028522266448, 5363.625074061303], "k_pid_att": [2785.7576111155004, 5577.601996915417, 8620.453369689747], "k_pid_yaw": [0.5, 1e-06, 0.1], "k_pid_hsp": [8241.052101863363, 6858.64630102729, 9523.750262791842], "k_pid_vsp": [5915.471966937817, 1421.506766244024, 3962.5295512243374]}, "datetime": {"datetime": "2025-08-09 14:43:53", "elapsed": 78864.76070785522, "delta": 37.63704204559326}, "costs": {"total_cost": 15549.450388729472, "time_cost": 150, "final_distance_cost": 4177.482156364628, "oscillation_cost": 832.6224896962691, "completition_cost": 1000.0, "overshoot_cost": 9189.29690107846, "power_cost": 58.65615671386719, "noise_cost": 141.3926848762467, "n_waypoints_completed": 0, "tot_waypoints": 9}}
{"target": -1184.1285431696836, "params": {"k_pid_pos": [8070.121150358024, 0.0, 2918.5545523816236], "k_pid_alt": [8779.71245471475, 2675.615758073716, 0.0], "k_pid_att": [10000.0, 6895.147542546787, 0.0], "k_pid_yaw": [0.5, 1e-06, 0.1], "k_pid_hsp": [10000.0, 0.0, 0.0], "k_pid_vsp": [6776.925139494778, 7163.523172246063, 5597.633473503244]}, "datetime": {"datetime": "2025-08-09 14:44:57", "elapsed": 78929.40771222115, "delta": 64.64700436592102}, "costs": {"total_cost": 1184.1285431696836, "time_cost": 150, "final_distance_cost": 70.60761807408294, "oscillation_cost": 605.0508998747965, "completition_cost": 222.2222222222222, "overshoot_cost": 67.79426223761686, "power_cost": 38.96148084716797, "noise_cost": 29.49205991379697, "n_waypoints_completed": 7, "tot_waypoints": 9}}
{"target": -1690.5514057453029, "params": {"k_pid_pos": [2678.231552184771, 7200.707480350161, 0.0], "k_pid_alt": [0.0, 10000.0, 9874.642460808189], "k_pid_att": [7984.843255174779, 5610.814076923389, 0.0], "k_pid_yaw": [0.5, 1e-06, 0.1], "k_pid_hsp": [4654.521903733992, 8491.204315212635, 5586.888169956048], "k_pid_vsp": [7214.895930940416, 2294.263438650708, 10000.0]}, "datetime": {"datetime": "2025-08-09 14:46:06", "elapsed": 78998.33898544312, "delta": 68.9312732219696}, "costs": {"total_cost": 1690.5514057453029, "time_cost": 150, "final_distance_cost": 39.010315964639155, "oscillation_cost": 332.67254442359774, "completition_cost": 1000.0, "overshoot_cost": 98.8273843581495, "power_cost": 41.07787966308594, "noise_cost": 28.96328133583085, "n_waypoints_completed": 0, "tot_waypoints": 9}}
{"target": -7370.242612057164, "params": {"k_pid_pos": [6079.369627009932, 9537.544166318577, 2376.31276924821], "k_pid_alt": [2448.3229090144996, 9560.839003844443, 8993.194491832874], "k_pid_att": [415.11512014123065, 5363.892853727968, 5607.014053186543], "k_pid_yaw": [0.5, 1e-06, 0.1], "k_pid_hsp": [1794.3920111237655, 1578.4308770024468, 4553.605747315814], "k_pid_vsp": [7007.728493652091, 7349.002451218327, 2922.094089428099]}, "datetime": {"datetime": "2025-08-09 14:46:47", "elapsed": 79039.18450403214, "delta": 40.845518589019775}, "costs": {"total_cost": 7370.242612057164, "time_cost": 150, "final_distance_cost": 1938.4730435122892, "oscillation_cost": 1098.681262351244, "completition_cost": 1000.0, "overshoot_cost": 2981.501845423839, "power_cost": 58.656488916015626, "noise_cost": 142.92997185377635, "n_waypoints_completed": 0, "tot_waypoints": 9}}
{"target": -1653.0844547220124, "params": {"k_pid_pos": [274.0100852385917, 9944.933489768535, 9533.464346497818], "k_pid_alt": [774.7576948576627, 10000.0, 2259.079965713038], "k_pid_att": [10000.0, 7185.766557965422, 0.0], "k_pid_yaw": [0.5, 1e-06, 0.1], "k_pid_hsp": [10000.0, 9520.272120629726, 2571.2680363602362], "k_pid_vsp": [5174.943027172467, 0.0, 10000.0]}, "datetime": {"datetime": "2025-08-09 14:47:53", "elapsed": 79105.39089846611, "delta": 66.20639443397522}, "costs": {"total_cost": 1653.0844547220124, "time_cost": 150, "final_distance_cost": 63.10542142909803, "oscillation_cost": 282.95503531738905, "completition_cost": 1000.0, "overshoot_cost": 85.94757225257923, "power_cost": 41.60696520996094, "noise_cost": 29.469460512985275, "n_waypoints_completed": 0, "tot_waypoints": 9}}
{"target": -803.3413413148709, "params": {"k_pid_pos": [8011.178659241209, 9922.842258519468, 0.0], "k_pid_alt": [2828.6983853586485, 0.0, 10000.0], "k_pid_att": [10000.0, 0.0, 0.0], "k_pid_yaw": [0.5, 1e-06, 0.1], "k_pid_hsp": [8124.204979255031, 10000.0, 1871.5935125340993], "k_pid_vsp": [10000.0, 1699.8755891379171, 2091.7290551393908]}, "datetime": {"datetime": "2025-08-09 14:48:58", "elapsed": 79169.63882565498, "delta": 64.24792718887329}, "costs": {"total_cost": 803.3413413148709, "time_cost": 150, "final_distance_cost": 85.16895243013819, "oscillation_cost": 192.57050405586924, "completition_cost": 222.2222222222222, "overshoot_cost": 82.40620515778103, "power_cost": 42.075270922851566, "noise_cost": 28.89818652600867, "n_waypoints_completed": 7, "tot_waypoints": 9}}
{"target": -1143.108177389217, "params": {"k_pid_pos": [10000.0, 10000.0, 10000.0], "k_pid_alt": [5539.228089990356, 0.0, 2802.1856481473437], "k_pid_att": [3680.1087405893277, 0.0, 0.0], "k_pid_yaw": [0.5, 1e-06, 0.1], "k_pid_hsp": [10000.0, 10000.0, 10000.0], "k_pid_vsp": [6928.895113230961, 0.0, 2680.659362649402]}, "datetime": {"datetime": "2025-08-09 14:50:12", "elapsed": 79244.46208524704, "delta": 74.82325959205627}, "costs": {"total_cost": 1143.108177389217, "time_cost": 150, "final_distance_cost": 76.40096200105575, "oscillation_cost": 562.7483666891331, "completition_cost": 222.2222222222222, "overshoot_cost": 65.71938477707175, "power_cost": 37.777291613769535, "noise_cost": 28.239950085964555, "n_waypoints_completed": 7, "tot_waypoints": 9}}
