{"target": -11469.48223246203, "params": {"k_pid_pos": [3274.670052048082, 1960.5787851750545, 6812.264726475588], "k_pid_alt": [1036.9417286305704, 7258.5314975152005, 6550.096642872411], "k_pid_att": [918.7388387889472, 803.0764962093673, 6675.094988396934], "k_pid_yaw": [0.5, 1e-06, 0.1], "k_pid_hsp": [8961.660267333724, 2920.174743199876, 977.6673459203122], "k_pid_vsp": [5262.001159648024, 7799.870972015103, 6677.694772907789]}, "datetime": {"datetime": "2025-08-08 17:18:52", "elapsed": 1763.9177856445312, "delta": 29.477484464645386}, "costs": {"total_cost": 11469.48223246203, "time_cost": 150, "final_distance_cost": 3131.423071253227, "oscillation_cost": 23.516415712484232, "completition_cost": 1000.0, "overshoot_cost": 7101.383640333161, "power_cost": 35.359254296875, "noise_cost": 27.799850866283457, "n_waypoints_completed": 0, "tot_waypoints": 9}}
{"target": -1576.7297735083102, "params": {"k_pid_pos": [4938.818663828533, 10000.0, 10000.0], "k_pid_alt": [10000.0, 9109.67526948066, 7949.581522442447], "k_pid_att": [10000.0, 7966.354138167874, 0.0], "k_pid_yaw": [0.5, 1e-06, 0.1], "k_pid_hsp": [4399.55758546193, 8381.951459677739, 2737.8493578726357], "k_pid_vsp": [5210.199068077605, 0.0, 10000.0]}, "datetime": {"datetime": "2025-08-08 17:19:23", "elapsed": 1795.3068678379059, "delta": 31.389082193374634}, "costs": {"total_cost": 1576.7297735083102, "time_cost": 150, "final_distance_cost": 40.23568048138353, "oscillation_cost": 235.90260084172698, "completition_cost": 1000.0, "overshoot_cost": 80.85571147128564, "power_cost": 40.48857973632813, "noise_cost": 29.24720097758604, "n_waypoints_completed": 0, "tot_waypoints": 9}}
{"target": -6647.698768487966, "params": {"k_pid_pos": [1567.47016656988, 8134.438859216714, 6241.475798842669], "k_pid_alt": [3769.6969611955956, 9111.863785465035, 5928.082998504907], "k_pid_att": [1171.043999276995, 594.787121555529, 1091.5860255219977], "k_pid_yaw": [0.5, 1e-06, 0.1], "k_pid_hsp": [918.6258771144185, 7272.879335448645, 7162.645345993423], "k_pid_vsp": [8520.942434652232, 551.5921643014976, 6360.7650412767925]}, "datetime": {"datetime": "2025-08-08 17:19:53", "elapsed": 1824.6668832302094, "delta": 29.360015392303467}, "costs": {"total_cost": 6647.698768487966, "time_cost": 150, "final_distance_cost": 1073.7838726954517, "oscillation_cost": 771.202067107574, "completition_cost": 1000.0, "overshoot_cost": 3453.7754180737043, "power_cost": 58.522664685058594, "noise_cost": 140.41474592617666, "n_waypoints_completed": 0, "tot_waypoints": 9}}
{"target": -23546.764747374677, "params": {"k_pid_pos": [8035.693839642323, 7628.8819436598205, 6019.55212297263], "k_pid_alt": [799.207029882607, 3526.7656251574076, 4013.3484623531667], "k_pid_att": [1571.6302360690659, 7691.33331615872, 2925.908442314131], "k_pid_yaw": [0.5, 1e-06, 0.1], "k_pid_hsp": [610.8447301955966, 5639.392914503939, 2099.5306572095283], "k_pid_vsp": [7875.245678064951, 3604.437823105144, 846.5411021043634]}, "datetime": {"datetime": "2025-08-08 17:20:22", "elapsed": 1853.7471952438354, "delta": 29.0803120136261}, "costs": {"total_cost": 23546.764747374677, "time_cost": 150, "final_distance_cost": 6465.106047464575, "oscillation_cost": 1627.318083481733, "completition_cost": 1000.0, "overshoot_cost": 14104.011426926936, "power_cost": 58.561005224609374, "noise_cost": 141.7681842768243, "n_waypoints_completed": 0, "tot_waypoints": 9}}
{"target": -3749.010504772952, "params": {"k_pid_pos": [3396.593359198141, 5014.8371861053465, 8711.732067049115], "k_pid_alt": [9991.023090790937, 7154.949011948177, 9251.838304608847], "k_pid_att": [8185.828163682266, 5821.014193008795, 5285.3090587236165], "k_pid_yaw": [0.5, 1e-06, 0.1], "k_pid_hsp": [3575.0080300038735, 1730.2782256722926, 3212.471679372161], "k_pid_vsp": [4998.606076296861, 4477.754441850145, 9821.687929813883]}, "datetime": {"datetime": "2025-08-08 17:20:52", "elapsed": 1884.2400686740875, "delta": 30.492873430252075}, "costs": {"total_cost": 3749.010504772952, "time_cost": 150, "final_distance_cost": 826.6136127666744, "oscillation_cost": 312.54681414437664, "completition_cost": 1000.0, "overshoot_cost": 1355.9701581764318, "power_cost": 45.521348742675784, "noise_cost": 58.35857094279289, "n_waypoints_completed": 0, "tot_waypoints": 9}}
{"target": -2737.5766163655076, "params": {"k_pid_pos": [10000.0, 10000.0, 10000.0], "k_pid_alt": [10000.0, 8148.841853940549, 9910.475180241325], "k_pid_att": [10000.0, 502.73539843311426, 0.0], "k_pid_yaw": [0.5, 1e-06, 0.1], "k_pid_hsp": [0.0, 5175.95350895518, 6311.86301444136], "k_pid_vsp": [1620.417525754708, 0.0, 3665.162098783941]}, "datetime": {"datetime": "2025-08-08 17:21:24", "elapsed": 1915.6377592086792, "delta": 31.397690534591675}, "costs": {"total_cost": 2737.5766163655076, "time_cost": 150, "final_distance_cost": 203.57257495374054, "oscillation_cost": 835.953004868342, "completition_cost": 1000.0, "overshoot_cost": 484.1353211769972, "power_cost": 35.931150720214845, "noise_cost": 27.98456464621335, "n_waypoints_completed": 0, "tot_waypoints": 9}}
{"target": -7435.770905766689, "params": {"k_pid_pos": [4642.828561675762, 1039.551549572606, 6979.312204797181], "k_pid_alt": [4174.157331268157, 1885.273075123488, 6498.515682496747], "k_pid_att": [744.4955178444212, 9046.581203063799, 9533.232724241267], "k_pid_yaw": [0.5, 1e-06, 0.1], "k_pid_hsp": [2754.8941014575435, 519.6204263668192, 6015.169825138376], "k_pid_vsp": [3826.978297388528, 3393.488415145244, 8678.949738791005]}, "datetime": {"datetime": "2025-08-08 17:21:53", "elapsed": 1945.1614737510681, "delta": 29.523714542388916}, "costs": {"total_cost": 7435.770905766689, "time_cost": 150, "final_distance_cost": 1846.8892691668166, "oscillation_cost": 1082.2083499591365, "completition_cost": 1000.0, "overshoot_cost": 3185.9625185652367, "power_cost": 54.56041434326172, "noise_cost": 116.15035373223664, "n_waypoints_completed": 0, "tot_waypoints": 9}}
{"target": -3045.678028053622, "params": {"k_pid_pos": [3310.6898551291765, 1424.7246392457025, 9398.252522947709], "k_pid_alt": [8089.9726554416875, 3176.04450597769, 9201.77291233449], "k_pid_att": [6725.341491033143, 6330.019996804583, 2372.666483581356], "k_pid_yaw": [0.5, 1e-06, 0.1], "k_pid_hsp": [5489.575542762385, 3397.5664763403934, 2424.8275748481983], "k_pid_vsp": [3947.414087909482, 6153.119138630983, 8820.049796277553]}, "datetime": {"datetime": "2025-08-08 17:22:24", "elapsed": 1975.6672706604004, "delta": 30.505796909332275}, "costs": {"total_cost": 3045.678028053622, "time_cost": 150, "final_distance_cost": 495.3709938280353, "oscillation_cost": 76.75477293272957, "completition_cost": 1000.0, "overshoot_cost": 1260.62071516795, "power_cost": 35.19346593017578, "noise_cost": 27.738080194730443, "n_waypoints_completed": 0, "tot_waypoints": 9}}
{"target": -933.1520468207698, "params": {"k_pid_pos": [10000.0, 10000.0, 10000.0], "k_pid_alt": [10000.0, 1226.7592173668527, 10000.0], "k_pid_att": [10000.0, 4422.183949979088, 0.0], "k_pid_yaw": [0.5, 1e-06, 0.1], "k_pid_hsp": [2236.7091293483186, 5098.581012562802, 0.0], "k_pid_vsp": [4240.987738506148, 7215.104826586536, 7890.566379729627]}, "datetime": {"datetime": "2025-08-08 17:22:57", "elapsed": 2008.7862462997437, "delta": 33.11897563934326}, "costs": {"total_cost": 933.1520468207698, "time_cost": 150, "final_distance_cost": 72.2760669880265, "oscillation_cost": 356.6992406585377, "completition_cost": 222.2222222222222, "overshoot_cost": 59.777845703899104, "power_cost": 42.92298739013672, "noise_cost": 29.253683857947504, "n_waypoints_completed": 7, "tot_waypoints": 9}}
{"target": -11683.278787177838, "params": {"k_pid_pos": [2345.5326397793187, 5336.2277173196935, 6802.407239919952], "k_pid_alt": [2725.075348388185, 7833.9567131213835, 4091.7772493264124], "k_pid_att": [2864.0529934052715, 5415.958095648449, 8744.90751331467], "k_pid_yaw": [0.5, 1e-06, 0.1], "k_pid_hsp": [8138.607705323709, 3450.5694169833214, 4692.690247169353], "k_pid_vsp": [37.220472274699375, 4063.514175756208, 9205.426027299212]}, "datetime": {"datetime": "2025-08-08 17:23:27", "elapsed": 2038.7966964244843, "delta": 30.0104501247406}, "costs": {"total_cost": 11683.278787177838, "time_cost": 150, "final_distance_cost": 2420.2563090757935, "oscillation_cost": 712.9327769786864, "completition_cost": 1000.0, "overshoot_cost": 7223.35677202627, "power_cost": 55.1698498046875, "noise_cost": 121.56307929240045, "n_waypoints_completed": 0, "tot_waypoints": 9}}
{"target": -1440.8163613162583, "params": {"k_pid_pos": [3794.6082031863816, 4652.949023051506, 8924.094860429448], "k_pid_alt": [798.4618333605231, 196.27612892422098, 4231.179326444057], "k_pid_att": [3507.102100256072, 4142.754723035289, 107.9295972151384], "k_pid_yaw": [0.5, 1e-06, 0.1], "k_pid_hsp": [1138.2161162835514, 3986.2578197596745, 810.6725292101492], "k_pid_vsp": [2965.158647260652, 884.3134059019752, 1589.9517169947087]}, "datetime": {"datetime": "2025-08-08 17:23:57", "elapsed": 2069.515614748001, "delta": 30.718918323516846}, "costs": {"total_cost": 1440.8163613162583, "time_cost": 150, "final_distance_cost": 120.5015830301569, "oscillation_cost": 273.29613053665094, "completition_cost": 777.7777777777778, "overshoot_cost": 54.048680470774, "power_cost": 37.226547595214846, "noise_cost": 27.96564190568375, "n_waypoints_completed": 2, "tot_waypoints": 9}}
{"target": -4128.9567943286265, "params": {"k_pid_pos": [3762.6331812010853, 2624.336522556857, 10000.0], "k_pid_alt": [4448.9652413699505, 0.0, 5322.818674777246], "k_pid_att": [10000.0, 1641.7267037256747, 0.0], "k_pid_yaw": [0.5, 1e-06, 0.1], "k_pid_hsp": [3318.552878224812, 4063.8724130277565, 1669.553284155983], "k_pid_vsp": [260.42739414967576, 0.0, 3165.696078901718]}, "datetime": {"datetime": "2025-08-08 17:24:29", "elapsed": 2101.028422355652, "delta": 31.512807607650757}, "costs": {"total_cost": 4128.9567943286265, "time_cost": 150, "final_distance_cost": 684.6827419350841, "oscillation_cost": 810.5114676638473, "completition_cost": 1000.0, "overshoot_cost": 1416.2133643373945, "power_cost": 38.4448486328125, "noise_cost": 29.104371759487424, "n_waypoints_completed": 0, "tot_waypoints": 9}}
{"target": -2164.737534457912, "params": {"k_pid_pos": [0.0, 7565.177766334503, 10000.0], "k_pid_alt": [7988.804318167443, 0.0, 8174.52497043601], "k_pid_att": [1176.3052656344648, 2653.3388387678224, 0.0], "k_pid_yaw": [0.5, 1e-06, 0.1], "k_pid_hsp": [0.0, 4121.088347764611, 1194.6056013020955], "k_pid_vsp": [1846.5601899934163, 0.0, 5732.052983417562]}, "datetime": {"datetime": "2025-08-08 17:25:00", "elapsed": 2132.440397977829, "delta": 31.411975622177124}, "costs": {"total_cost": 2164.737534457912, "time_cost": 150, "final_distance_cost": 68.43604201859769, "oscillation_cost": 906.7746433263163, "completition_cost": 888.8888888888888, "overshoot_cost": 83.88889783697249, "power_cost": 38.222753515625, "noise_cost": 28.52630887151195, "n_waypoints_completed": 1, "tot_waypoints": 9}}
{"target": -3235.6608975398794, "params": {"k_pid_pos": [3223.8710253679246, 3933.4097127023915, 7598.7283301550915], "k_pid_alt": [8134.366621921497, 6940.0511606243335, 8040.321380583579], "k_pid_att": [9596.83396370862, 9258.625752634549, 4371.137571671261], "k_pid_yaw": [0.5, 1e-06, 0.1], "k_pid_hsp": [1942.1087313895957, 1752.792199030071, 6211.948191125754], "k_pid_vsp": [4356.072036903269, 5782.192108236946, 8695.448444982865]}, "datetime": {"datetime": "2025-08-08 17:25:30", "elapsed": 2162.3097836971283, "delta": 29.869385719299316}, "costs": {"total_cost": 3235.6608975398794, "time_cost": 150, "final_distance_cost": 418.8145986812157, "oscillation_cost": 244.39403877483514, "completition_cost": 1000.0, "overshoot_cost": 1320.4001087329007, "power_cost": 42.50081595458985, "noise_cost": 59.551335396338025, "n_waypoints_completed": 0, "tot_waypoints": 9}}
{"target": -4497.455805662738, "params": {"k_pid_pos": [3374.285963180953, 4855.647242035582, 7278.838502561167], "k_pid_alt": [6703.69237741657, 7571.222957995618, 9443.278939391566], "k_pid_att": [7402.256027234232, 9036.657005242205, 8010.463664541646], "k_pid_yaw": [0.5, 1e-06, 0.1], "k_pid_hsp": [2224.716294879239, 3366.5767719319074, 3104.1499081441348], "k_pid_vsp": [4697.226559233221, 3403.3914385819407, 8582.359269195747]}, "datetime": {"datetime": "2025-08-08 17:26:01", "elapsed": 2192.595400571823, "delta": 30.285616874694824}, "costs": {"total_cost": 4497.455805662738, "time_cost": 150, "final_distance_cost": 808.3433193249587, "oscillation_cost": 867.7557243773987, "completition_cost": 1000.0, "overshoot_cost": 1504.671481612262, "power_cost": 54.474196887207036, "noise_cost": 112.21108346091225, "n_waypoints_completed": 0, "tot_waypoints": 9}}
{"target": -1284.567418311794, "params": {"k_pid_pos": [0.0, 0.0, 0.0], "k_pid_alt": [335.16757382615947, 272.7223139743877, 633.9550190171548], "k_pid_att": [10000.0, 7528.91786836737, 0.0], "k_pid_yaw": [0.5, 1e-06, 0.1], "k_pid_hsp": [7284.811355759369, 1412.1522759462518, 4104.921482009535], "k_pid_vsp": [2993.703482746231, 0.0, 0.0]}, "datetime": {"datetime": "2025-08-08 17:26:33", "elapsed": 2224.769448041916, "delta": 32.17404747009277}, "costs": {"total_cost": 1284.567418311794, "time_cost": 150, "final_distance_cost": 46.02440619055888, "oscillation_cost": 0.0, "completition_cost": 1000.0, "overshoot_cost": 36.498238621697105, "power_cost": 30.675185888671876, "noise_cost": 21.36958761086611, "n_waypoints_completed": 0, "tot_waypoints": 9}}
{"target": -6681.692280353518, "params": {"k_pid_pos": [5289.54852542067, 3473.508748284452, 2295.8549312114606], "k_pid_alt": [5631.918082660169, 9123.162295344082, 3036.260003596134], "k_pid_att": [8225.645917439982, 4336.632343147077, 9543.129703131728], "k_pid_yaw": [0.5, 1e-06, 0.1], "k_pid_hsp": [7646.159846768012, 2819.876459208429, 7352.287951418955], "k_pid_vsp": [112.14508343202256, 6841.521148946995, 3640.958821302941]}, "datetime": {"datetime": "2025-08-08 17:27:02", "elapsed": 2254.3522827625275, "delta": 29.582834720611572}, "costs": {"total_cost": 6681.692280353518, "time_cost": 150, "final_distance_cost": 1375.4574475302343, "oscillation_cost": 485.16216454127624, "completition_cost": 1000.0, "overshoot_cost": 3533.5988399663206, "power_cost": 50.08137506103516, "noise_cost": 87.39245325465211, "n_waypoints_completed": 0, "tot_waypoints": 9}}
{"target": -1405.9692056398235, "params": {"k_pid_pos": [0.0, 0.00018189894035458565, 10000.0], "k_pid_alt": [0.0, 0.0, 441.6264605753739], "k_pid_att": [2091.6776354046074, 1797.1785200995344, 0.0], "k_pid_yaw": [0.5, 1e-06, 0.1], "k_pid_hsp": [0.0, 0.0, 0.0], "k_pid_vsp": [0.0, 0.0, 1031.6888327012307]}, "datetime": {"datetime": "2025-08-08 17:27:35", "elapsed": 2286.967400789261, "delta": 32.6151180267334}, "costs": {"total_cost": 1405.9692056398235, "time_cost": 150, "final_distance_cost": 10.851163893574933, "oscillation_cost": 0.0, "completition_cost": 1000.0, "overshoot_cost": 160.32189741909679, "power_cost": 30.193855566406253, "noise_cost": 54.602288760745445, "n_waypoints_completed": 0, "tot_waypoints": 9}}
{"target": -1460.146496357266, "params": {"k_pid_pos": [10000.0, 10000.0, 10000.0], "k_pid_alt": [10000.0, 3854.3967600972655, 10000.0], "k_pid_att": [10000.0, 0.0, 0.0], "k_pid_yaw": [0.5, 1e-06, 0.1], "k_pid_hsp": [0.0, 10000.0, 0.0], "k_pid_vsp": [5475.487444765483, 7431.70385631582, 0.0]}, "datetime": {"datetime": "2025-08-08 17:28:07", "elapsed": 2319.019566297531, "delta": 32.052165508270264}, "costs": {"total_cost": 1460.146496357266, "time_cost": 150, "final_distance_cost": 43.9913853180535, "oscillation_cost": 139.95807980757743, "completition_cost": 1000.0, "overshoot_cost": 52.714683146088426, "power_cost": 44.05264822998047, "noise_cost": 29.429699855566284, "n_waypoints_completed": 0, "tot_waypoints": 9}}
{"target": -23388.390210814618, "params": {"k_pid_pos": [9605.587728182547, 1379.7941608631181, 3681.5431277927637], "k_pid_alt": [6694.072170119786, 6557.404857380453, 8787.714805875878], "k_pid_att": [1497.9689956770858, 8723.373745819667, 7312.059456773348], "k_pid_yaw": [0.5, 1e-06, 0.1], "k_pid_hsp": [4609.199546397642, 3657.7618152195223, 2930.565678195022], "k_pid_vsp": [3424.1735741665834, 4208.190624597282, 7965.295457929694]}, "datetime": {"datetime": "2025-08-08 17:28:36", "elapsed": 2348.4396171569824, "delta": 29.420050859451294}, "costs": {"total_cost": 23388.390210814618, "time_cost": 150, "final_distance_cost": 7237.593073639979, "oscillation_cost": 1443.9189828337242, "completition_cost": 1000.0, "overshoot_cost": 13376.544525961945, "power_cost": 56.120401721191406, "noise_cost": 124.21322665778041, "n_waypoints_completed": 0, "tot_waypoints": 9}}
{"target": -7545.183417077548, "params": {"k_pid_pos": [0.0, 3523.365291051577, 10000.0], "k_pid_alt": [0.0, 0.0, 3346.457891338651], "k_pid_att": [5097.225953130443, 6516.995464655471, 0.0], "k_pid_yaw": [0.5, 1e-06, 0.1], "k_pid_hsp": [0.0, 0.0, 5926.665088382309], "k_pid_vsp": [0.0, 0.0, 8747.00018918909]}, "datetime": {"datetime": "2025-08-08 17:29:08", "elapsed": 2380.387074947357, "delta": 31.947457790374756}, "costs": {"total_cost": 7545.183417077548, "time_cost": 150, "final_distance_cost": 1955.1488582619331, "oscillation_cost": 817.3287217137562, "completition_cost": 1000.0, "overshoot_cost": 3547.037428281372, "power_cost": 45.48053801269531, "noise_cost": 30.187870807791434, "n_waypoints_completed": 0, "tot_waypoints": 9}}
{"target": -1429.7478741623136, "params": {"k_pid_pos": [1749.5988644921588, 10000.0, 10000.0], "k_pid_alt": [10000.0, 3715.5231755255204, 10000.0], "k_pid_att": [10000.0, 7042.271986228552, 0.0], "k_pid_yaw": [0.5, 1e-06, 0.1], "k_pid_hsp": [347.53572488354456, 9981.67397079107, 0.0], "k_pid_vsp": [1288.454457244419, 6254.508177958844, 4722.274039331898]}, "datetime": {"datetime": "2025-08-08 17:29:40", "elapsed": 2411.940606355667, "delta": 31.553531408309937}, "costs": {"total_cost": 1429.7478741623136, "time_cost": 150, "final_distance_cost": 67.70500877488475, "oscillation_cost": 183.42026331861717, "completition_cost": 888.8888888888888, "overshoot_cost": 65.07745525962576, "power_cost": 45.07346641845703, "noise_cost": 29.58279150184017, "n_waypoints_completed": 1, "tot_waypoints": 9}}
{"target": -1287.8640234373738, "params": {"k_pid_pos": [0.0, 0.0, 0.0], "k_pid_alt": [7716.232820171823, 7721.852700539156, 0.0], "k_pid_att": [10000.0, 6201.116616991677, 0.0], "k_pid_yaw": [0.5, 1e-06, 0.1], "k_pid_hsp": [8685.688355343382, 783.7212482279136, 5884.096793938589], "k_pid_vsp": [7112.471442333866, 0.0, 0.0]}, "datetime": {"datetime": "2025-08-08 17:30:12", "elapsed": 2443.895909309387, "delta": 31.955302953720093}, "costs": {"total_cost": 1287.8640234373738, "time_cost": 150, "final_distance_cost": 47.3519300549017, "oscillation_cost": 0.0, "completition_cost": 1000.0, "overshoot_cost": 38.40972356583275, "power_cost": 30.247437158203127, "noise_cost": 21.8549326584362, "n_waypoints_completed": 0, "tot_waypoints": 9}}
{"target": -5925.541645635137, "params": {"k_pid_pos": [3574.1964325272347, 1211.883650644826, 5015.340762890257], "k_pid_alt": [9246.960844481222, 6805.564047518818, 7794.814027742671], "k_pid_att": [6317.227665909671, 9120.630435015057, 7240.327339320828], "k_pid_yaw": [0.5, 1e-06, 0.1], "k_pid_hsp": [3081.7410920020484, 3084.3165716737253, 3787.0213391493803], "k_pid_vsp": [5420.325760745305, 3960.4250465620325, 8712.115941779715]}, "datetime": {"datetime": "2025-08-08 17:30:42", "elapsed": 2474.029649734497, "delta": 30.133740425109863}, "costs": {"total_cost": 5925.541645635137, "time_cost": 150, "final_distance_cost": 1318.6539780434955, "oscillation_cost": 896.6274232403237, "completition_cost": 1000.0, "overshoot_cost": 2408.2249853889716, "power_cost": 52.37726934814454, "noise_cost": 99.65798961420161, "n_waypoints_completed": 0, "tot_waypoints": 9}}
{"target": -1447.2336090216202, "params": {"k_pid_pos": [0.0, 0.0, 0.0], "k_pid_alt": [10000.0, 10000.0, 0.0], "k_pid_att": [10000.0, 7173.572634240167, 0.0], "k_pid_yaw": [0.5, 1e-06, 0.1], "k_pid_hsp": [0.0, 0.0, 0.0], "k_pid_vsp": [4404.238391111829, 0.0, 8889.018215125565]}, "datetime": {"datetime": "2025-08-08 17:31:14", "elapsed": 2506.481673002243, "delta": 32.45202326774597}, "costs": {"total_cost": 1447.2336090216202, "time_cost": 150, "final_distance_cost": 10.874955840053898, "oscillation_cost": 0.0, "completition_cost": 1000.0, "overshoot_cost": 166.4099510673916, "power_cost": 29.932059130859376, "noise_cost": 90.01664298331532, "n_waypoints_completed": 0, "tot_waypoints": 9}}
{"target": -2184.220694982538, "params": {"k_pid_pos": [0.0, 0.0, 3358.490520057258], "k_pid_alt": [9033.324638510194, 731.2122373110608, 0.0], "k_pid_att": [10000.0, 5413.704436458469, 0.0], "k_pid_yaw": [0.5, 1e-06, 0.1], "k_pid_hsp": [1304.8740240137397, 0.0, 0.0], "k_pid_vsp": [7289.3463770746, 0.0, 0.0]}, "datetime": {"datetime": "2025-08-08 17:31:46", "elapsed": 2538.020785331726, "delta": 31.539112329483032}, "costs": {"total_cost": 2184.220694982538, "time_cost": 150, "final_distance_cost": 56.455178069900356, "oscillation_cost": 821.5507855479042, "completition_cost": 1000.0, "overshoot_cost": 93.06646314190526, "power_cost": 35.518618408203125, "noise_cost": 27.629649814625093, "n_waypoints_completed": 0, "tot_waypoints": 9}}
{"target": -2028.6938232877583, "params": {"k_pid_pos": [0.0, 0.0, 0.0], "k_pid_alt": [2466.9095964740677, 9213.420780242064, 0.0], "k_pid_att": [10000.0, 3235.607193827116, 0.0], "k_pid_yaw": [0.5, 1e-06, 0.1], "k_pid_hsp": [3021.113966534731, 0.0, 0.0], "k_pid_vsp": [0.0, 0.0, 0.0]}, "datetime": {"datetime": "2025-08-08 17:31:50", "elapsed": 2541.784077644348, "delta": 3.7632923126220703}, "costs": {"total_cost": 2028.6938232877583, "time_cost": 5.005, "final_distance_cost": 10.87522437152829, "oscillation_cost": 0.0, "completition_cost": 1000.0, "overshoot_cost": 6.802599859971994, "power_cost": 0.39624648437500004, "noise_cost": 5.6147525718831615, "n_waypoints_completed": 0, "tot_waypoints": 9}}
