{"target": -9847.595406206803, "params": {"k_pid_pos": [8156.353106225502, 3025.780700573788, 1356.9280515223593], "k_pid_alt": [6530.614855382672, 5630.760820079667, 8121.474867396685], "k_pid_att": [6185.156736405373, 4113.52383038312, 8584.221207450537], "k_pid_yaw": [0.5, 1e-06, 0.1], "k_pid_hsp": [8741.361916856908, 8292.745141769434, 2734.5311503768035], "k_pid_vsp": [8703.361828428466, 454.60837995517255, 6032.889409723771]}, "datetime": {"datetime": "2025-08-08 23:33:13", "elapsed": 24225.068324565887, "delta": 31.250139951705933}, "costs": {"total_cost": 9847.595406206803, "time_cost": 150, "final_distance_cost": 1979.5410110128655, "oscillation_cost": 808.9326862076128, "completition_cost": 1000.0, "overshoot_cost": 5712.517653747591, "power_cost": 58.244875, "noise_cost": 138.35918023873262, "n_waypoints_completed": 0, "tot_waypoints": 9}}
{"target": -1194.5971692624933, "params": {"k_pid_pos": [3902.5928768644294, 10000.0, 4777.071084380469], "k_pid_alt": [10000.0, 0.0, 5704.322670071987], "k_pid_att": [10000.0, 4280.751225539356, 0.0], "k_pid_yaw": [0.5, 1e-06, 0.1], "k_pid_hsp": [6776.739614548123, 10000.0, 0.0], "k_pid_vsp": [21.210504261544976, 10000.0, 2336.831600566909]}, "datetime": {"datetime": "2025-08-08 23:33:49", "elapsed": 24260.58821463585, "delta": 35.51989006996155}, "costs": {"total_cost": 1194.5971692624933, "time_cost": 150, "final_distance_cost": 46.42170216562738, "oscillation_cost": 302.4599620171024, "completition_cost": 555.5555555555555, "overshoot_cost": 68.9266305739267, "power_cost": 42.20089064941406, "noise_cost": 29.032428300867068, "n_waypoints_completed": 4, "tot_waypoints": 9}}
{"target": -1529.5515011858088, "params": {"k_pid_pos": [0.0, 10000.0, 10000.0], "k_pid_alt": [10000.0, 0.0, 10000.0], "k_pid_att": [10000.0, 0.0, 0.0], "k_pid_yaw": [0.5, 1e-06, 0.1], "k_pid_hsp": [10000.0, 0.0, 0.0], "k_pid_vsp": [5623.603724902836, 7456.027169145294, 6357.39320533158]}, "datetime": {"datetime": "2025-08-08 23:34:24", "elapsed": 24296.357864379883, "delta": 35.76964974403381}, "costs": {"total_cost": 1529.5515011858088, "time_cost": 150, "final_distance_cost": 45.66830241703049, "oscillation_cost": 227.55218126922676, "completition_cost": 1000.0, "overshoot_cost": 34.78967909050681, "power_cost": 42.38510288085938, "noise_cost": 29.15623552818525, "n_waypoints_completed": 0, "tot_waypoints": 9}}
{"target": -18589.713363247094, "params": {"k_pid_pos": [8032.442670134221, 9809.279985738858, 6560.928770140514], "k_pid_alt": [8646.771735763568, 5295.181500341103, 1651.0798306486795], "k_pid_att": [2534.426607143869, 5847.097345828185, 7742.652463145153], "k_pid_yaw": [0.5, 1e-06, 0.1], "k_pid_hsp": [7160.657217879053, 3272.383660520851, 235.76632584706658], "k_pid_vsp": [4358.6249757899905, 4449.3099426587205, 3478.2295691837694]}, "datetime": {"datetime": "2025-08-08 23:34:55", "elapsed": 24327.160786390305, "delta": 30.802922010421753}, "costs": {"total_cost": 18589.713363247094, "time_cost": 150, "final_distance_cost": 5905.774231583532, "oscillation_cost": 1596.3509451212358, "completition_cost": 1000.0, "overshoot_cost": 9737.645822147937, "power_cost": 58.655612695312506, "noise_cost": 141.28675169907615, "n_waypoints_completed": 0, "tot_waypoints": 9}}
{"target": -2177.288433331742, "params": {"k_pid_pos": [8524.805599585094, 6518.830431013458, 6895.979293758985], "k_pid_alt": [2864.467404101921, 768.1944557419088, 0.0], "k_pid_att": [5844.6100739618605, 6770.623876704017, 0.0], "k_pid_yaw": [0.5, 1e-06, 0.1], "k_pid_hsp": [3544.7780613307864, 0.0, 10000.0], "k_pid_vsp": [206.05506390799997, 7868.718436411359, 4740.416156485413]}, "datetime": {"datetime": "2025-08-08 23:35:31", "elapsed": 24363.30349612236, "delta": 36.142709732055664}, "costs": {"total_cost": 2177.288433331742, "time_cost": 150, "final_distance_cost": 72.79583723730015, "oscillation_cost": 886.525751390514, "completition_cost": 888.8888888888888, "overshoot_cost": 114.66851041927833, "power_cost": 36.28513642578125, "noise_cost": 28.124308969979484, "n_waypoints_completed": 1, "tot_waypoints": 9}}
{"target": -1754.566154884412, "params": {"k_pid_pos": [8149.464000453002, 6831.000010776689, 4439.6120261743345], "k_pid_alt": [6590.52957489105, 4968.648688919343, 9928.61699342545], "k_pid_att": [10000.0, 6406.240580842996, 0.0], "k_pid_yaw": [0.5, 1e-06, 0.1], "k_pid_hsp": [3868.238580459775, 0.0, 0.0], "k_pid_vsp": [10000.0, 9768.170372102068, 4713.301087098452]}, "datetime": {"datetime": "2025-08-08 23:36:08", "elapsed": 24400.05021739006, "delta": 36.746721267700195}, "costs": {"total_cost": 1754.566154884412, "time_cost": 150, "final_distance_cost": 59.503653435698844, "oscillation_cost": 421.9212105251368, "completition_cost": 1000.0, "overshoot_cost": 53.9941334532771, "power_cost": 40.42812926025391, "noise_cost": 28.71902821004561, "n_waypoints_completed": 0, "tot_waypoints": 9}}
{"target": -1641.7730886217873, "params": {"k_pid_pos": [0.0, 10000.0, 10000.0], "k_pid_alt": [10000.0, 0.0, 10000.0], "k_pid_att": [8084.028203436377, 0.0, 0.0], "k_pid_yaw": [0.5, 1e-06, 0.1], "k_pid_hsp": [4142.9123399937225, 4514.101939606304, 0.0], "k_pid_vsp": [0.0, 5248.678252801905, 7422.720299483563]}, "datetime": {"datetime": "2025-08-08 23:36:45", "elapsed": 24436.642206430435, "delta": 36.591989040374756}, "costs": {"total_cost": 1641.7730886217873, "time_cost": 150, "final_distance_cost": 69.74805044175868, "oscillation_cost": 176.78482430196271, "completition_cost": 1000.0, "overshoot_cost": 171.8342207019077, "power_cost": 42.83232897949219, "noise_cost": 30.573664196666293, "n_waypoints_completed": 0, "tot_waypoints": 9}}
{"target": -7423.564332902428, "params": {"k_pid_pos": [9998.289240739156, 7916.183048091619, 1476.5287541046807], "k_pid_alt": [7023.7092661687875, 6581.9506750741975, 6187.450792353315], "k_pid_att": [10000.0, 3806.341672392227, 0.0], "k_pid_yaw": [0.5, 1e-06, 0.1], "k_pid_hsp": [1.3450259388412134e-10, 6980.8936603097045, 2882.5363483508827], "k_pid_vsp": [0.0, 0.0, 1046.3866612840802]}, "datetime": {"datetime": "2025-08-08 23:37:22", "elapsed": 24473.96837592125, "delta": 37.32616949081421}, "costs": {"total_cost": 7423.564332902428, "time_cost": 150, "final_distance_cost": 1877.9230109383539, "oscillation_cost": 342.18773334457336, "completition_cost": 1000.0, "overshoot_cost": 3976.909513831567, "power_cost": 46.02146771240235, "noise_cost": 30.52260707553202, "n_waypoints_completed": 0, "tot_waypoints": 9}}
{"target": -4846.490522311711, "params": {"k_pid_pos": [6908.030007037053, 513.6444270082995, 0.0], "k_pid_alt": [8307.565247501961, 10000.0, 0.0], "k_pid_att": [10000.0, 1502.8693979839088, 0.0], "k_pid_yaw": [0.5, 1e-06, 0.1], "k_pid_hsp": [5025.276904509727, 807.9198396629765, 2468.1189168001138], "k_pid_vsp": [0.0, 316.8118829884288, 5059.395144618088]}, "datetime": {"datetime": "2025-08-08 23:37:58", "elapsed": 24510.189427375793, "delta": 36.22105145454407}, "costs": {"total_cost": 4846.490522311711, "time_cost": 150, "final_distance_cost": 1139.8865874512694, "oscillation_cost": 289.65988415168783, "completition_cost": 1000.0, "overshoot_cost": 2190.825021933158, "power_cost": 45.57491737060547, "noise_cost": 30.544111404991096, "n_waypoints_completed": 0, "tot_waypoints": 9}}
{"target": -7573.849462703821, "params": {"k_pid_pos": [10000.0, 4197.802106301649, 4002.282427168113], "k_pid_alt": [10000.0, 0.0, 10000.0], "k_pid_att": [10000.0, 2210.030523523273, 3554.986575128453], "k_pid_yaw": [0.5, 1e-06, 0.1], "k_pid_hsp": [273.2486642475196, 10000.0, 3935.8635561444808], "k_pid_vsp": [10000.0, 6434.200229137619, 2050.592320779575]}, "datetime": {"datetime": "2025-08-08 23:38:35", "elapsed": 24546.802887916565, "delta": 36.613460540771484}, "costs": {"total_cost": 7573.849462703821, "time_cost": 150, "final_distance_cost": 2003.8215238413286, "oscillation_cost": 516.1912335272276, "completition_cost": 1000.0, "overshoot_cost": 3761.384865741501, "power_cost": 54.53193941650391, "noise_cost": 87.91990017726083, "n_waypoints_completed": 0, "tot_waypoints": 9}}
{"target": -2768.9856185281074, "params": {"k_pid_pos": [7904.496654463137, 338.7183801577509, 9896.087486334825], "k_pid_alt": [3481.2808037368036, 6930.136535782706, 718.6598149748769], "k_pid_att": [3584.2975281093227, 9055.461424059133, 1300.708380338541], "k_pid_yaw": [0.5, 1e-06, 0.1], "k_pid_hsp": [5003.866013745991, 9269.36284096432, 5790.730662695818], "k_pid_vsp": [3298.2809919504916, 8688.645028586212, 3141.784558649283]}, "datetime": {"datetime": "2025-08-08 23:39:06", "elapsed": 24577.801263570786, "delta": 30.99837565422058}, "costs": {"total_cost": 2768.9856185281074, "time_cost": 150, "final_distance_cost": 312.974291620251, "oscillation_cost": 506.3856150973823, "completition_cost": 1000.0, "overshoot_cost": 650.6052095560997, "power_cost": 56.86739831542969, "noise_cost": 92.15310393894482, "n_waypoints_completed": 0, "tot_waypoints": 9}}
{"target": -2265.6869315038334, "params": {"k_pid_pos": [9980.834537033012, 1078.5615469972984, 9569.726214051914], "k_pid_alt": [4092.963405416764, 9086.858305891952, 0.0], "k_pid_att": [7126.388096149114, 8802.371256941722, 0.0], "k_pid_yaw": [0.5, 1e-06, 0.1], "k_pid_hsp": [6707.9765795477115, 5857.5819918322995, 9616.994646873836], "k_pid_vsp": [728.3866447041717, 10000.0, 6475.151079929]}, "datetime": {"datetime": "2025-08-08 23:39:41", "elapsed": 24613.505965948105, "delta": 35.704702377319336}, "costs": {"total_cost": 2265.6869315038334, "time_cost": 150, "final_distance_cost": 56.7144652639448, "oscillation_cost": 876.7742542604494, "completition_cost": 1000.0, "overshoot_cost": 117.55593660849658, "power_cost": 36.40946805419922, "noise_cost": 28.232807316743372, "n_waypoints_completed": 0, "tot_waypoints": 9}}
{"target": -25180.939411586674, "params": {"k_pid_pos": [8960.161521398835, 1878.4491523106672, 7605.658959072418], "k_pid_alt": [2859.9031951535258, 9899.19289008274, 6743.974594310236], "k_pid_att": [5788.227062702499, 4030.350918897997, 6959.090789535019], "k_pid_yaw": [0.5, 1e-06, 0.1], "k_pid_hsp": [8410.3665819317, 3316.224475543036, 6801.276497400307], "k_pid_vsp": [8637.167450654562, 3012.325042383565, 6670.235308971698]}, "datetime": {"datetime": "2025-08-08 23:40:13", "elapsed": 24644.608565330505, "delta": 31.102599382400513}, "costs": {"total_cost": 25180.939411586674, "time_cost": 150, "final_distance_cost": 6278.919157806969, "oscillation_cost": 1433.9175837101566, "completition_cost": 1000.0, "overshoot_cost": 16118.272633273047, "power_cost": 58.55307475585938, "noise_cost": 141.27696204063955, "n_waypoints_completed": 0, "tot_waypoints": 9}}
{"target": -1805.172136072598, "params": {"k_pid_pos": [9909.508778173553, 876.7719015721548, 8380.860623771685], "k_pid_alt": [9189.963996773678, 5679.885753219047, 315.7459309401298], "k_pid_att": [9983.399777548726, 9496.043342730163, 0.0], "k_pid_yaw": [0.5, 1e-06, 0.1], "k_pid_hsp": [3029.8542284438995, 8011.657750038815, 5354.366551997097], "k_pid_vsp": [3375.924708154828, 8754.99430220372, 729.4101740443821]}, "datetime": {"datetime": "2025-08-08 23:40:49", "elapsed": 24680.661331176758, "delta": 36.05276584625244}, "costs": {"total_cost": 1805.172136072598, "time_cost": 150, "final_distance_cost": 86.841653105014, "oscillation_cost": 518.7253455640558, "completition_cost": 888.8888888888888, "overshoot_cost": 94.68548062158432, "power_cost": 37.80205434570313, "noise_cost": 28.228713547351983, "n_waypoints_completed": 1, "tot_waypoints": 9}}
{"target": -26654.21320754946, "params": {"k_pid_pos": [4643.445674590665, 6335.49773570318, 1462.8157028603296], "k_pid_alt": [1120.5429442633363, 6052.789707764823, 1773.7080254581106], "k_pid_att": [7793.205211109814, 8624.573676990705, 7051.451150645641], "k_pid_yaw": [0.5, 1e-06, 0.1], "k_pid_hsp": [4130.945064326403, 2439.0672190573628, 6642.242693187759], "k_pid_vsp": [4426.325482001586, 4769.51358776054, 3922.2977657137103]}, "datetime": {"datetime": "2025-08-08 23:41:21", "elapsed": 24713.002855062485, "delta": 32.34152388572693}, "costs": {"total_cost": 26654.21320754946, "time_cost": 150, "final_distance_cost": 7692.027992610875, "oscillation_cost": 1644.8839047383563, "completition_cost": 1000.0, "overshoot_cost": 15964.55766580811, "power_cost": 58.59278232421875, "noise_cost": 144.1508620678961, "n_waypoints_completed": 0, "tot_waypoints": 9}}
{"target": -1653.2486454409936, "params": {"k_pid_pos": [4715.4414901609, 3416.193519867221, 5483.997485116122], "k_pid_alt": [739.2156340166628, 7746.979246609445, 3926.4345342722922], "k_pid_att": [10000.0, 10000.0, 0.0], "k_pid_yaw": [0.5, 1e-06, 0.1], "k_pid_hsp": [7303.142570068122, 0.0, 0.0], "k_pid_vsp": [9534.723028800172, 7274.884763447106, 6614.181458087537]}, "datetime": {"datetime": "2025-08-08 23:41:58", "elapsed": 24750.495063066483, "delta": 37.4922080039978}, "costs": {"total_cost": 1653.2486454409936, "time_cost": 150, "final_distance_cost": 49.971459549424246, "oscillation_cost": 739.6829427031824, "completition_cost": 555.5555555555555, "overshoot_cost": 90.0987860994763, "power_cost": 37.26682801513672, "noise_cost": 30.673073518218338, "n_waypoints_completed": 4, "tot_waypoints": 9}}
{"target": -1727.394400258708, "params": {"k_pid_pos": [7254.767377451472, 5673.159689170801, 6609.289877412617], "k_pid_alt": [2681.7638374413973, 10000.0, 0.0], "k_pid_att": [6582.560563099002, 9844.48525107662, 0.0], "k_pid_yaw": [0.5, 1e-06, 0.1], "k_pid_hsp": [5171.110083539334, 72.9537568156999, 0.0], "k_pid_vsp": [1738.1856066488292, 10000.0, 10000.0]}, "datetime": {"datetime": "2025-08-08 23:42:36", "elapsed": 24788.25777244568, "delta": 37.76270937919617}, "costs": {"total_cost": 1727.394400258708, "time_cost": 150, "final_distance_cost": 68.2954276475085, "oscillation_cost": 679.3486279824652, "completition_cost": 666.6666666666667, "overshoot_cost": 91.90843630275008, "power_cost": 39.01990238037109, "noise_cost": 32.15533927894623, "n_waypoints_completed": 3, "tot_waypoints": 9}}
{"target": -1517.492549337035, "params": {"k_pid_pos": [9854.366377486993, 2313.257863393489, 4346.100845519802], "k_pid_alt": [1746.0495758914951, 1891.478417779017, 407.2586679028017], "k_pid_att": [7259.059118363535, 8954.979403744692, 0.0], "k_pid_yaw": [0.5, 1e-06, 0.1], "k_pid_hsp": [10000.0, 9050.808439066532, 7753.467284334928], "k_pid_vsp": [1895.948070568724, 10000.0, 4394.750560932399]}, "datetime": {"datetime": "2025-08-08 23:43:15", "elapsed": 24826.92209291458, "delta": 38.66432046890259}, "costs": {"total_cost": 1517.492549337035, "time_cost": 150, "final_distance_cost": 49.813919600262984, "oscillation_cost": 185.30403953018245, "completition_cost": 1000.0, "overshoot_cost": 61.918696733608016, "power_cost": 41.58492635498047, "noise_cost": 28.870967118001182, "n_waypoints_completed": 0, "tot_waypoints": 9}}
{"target": -737.659568815347, "params": {"k_pid_pos": [10000.0, 5744.9864275076125, 5998.944420565628], "k_pid_alt": [6229.4138488134695, 0.0, 3887.09208511041], "k_pid_att": [10000.0, 5695.09504932442, 0.0], "k_pid_yaw": [0.5, 1e-06, 0.1], "k_pid_hsp": [4197.209511165398, 3998.3301579914655, 0.0], "k_pid_vsp": [9535.037841165242, 0.0, 3138.663624492251]}, "datetime": {"datetime": "2025-08-08 23:43:52", "elapsed": 24863.816908359528, "delta": 36.89481544494629}, "costs": {"total_cost": 737.659568815347, "time_cost": 150, "final_distance_cost": 2.318836394059697, "oscillation_cost": 327.7414104262482, "completition_cost": 111.11111111111116, "overshoot_cost": 72.95038204172432, "power_cost": 40.92532866210938, "noise_cost": 32.61250018009434, "n_waypoints_completed": 8, "tot_waypoints": 9}}
{"target": -4792.149389888094, "params": {"k_pid_pos": [7015.594852317193, 3786.622870579377, 1284.8321262648922], "k_pid_alt": [1051.4627792778585, 1747.0613764136945, 3003.5648034823394], "k_pid_att": [5510.0466124288205, 8755.075697862983, 4952.747374532171], "k_pid_yaw": [0.5, 1e-06, 0.1], "k_pid_hsp": [1192.9917398659707, 9914.172810734157, 2924.384184453641], "k_pid_vsp": [9774.293618352103, 5300.373941031923, 2491.8549377402]}, "datetime": {"datetime": "2025-08-08 23:44:23", "elapsed": 24895.149413108826, "delta": 31.332504749298096}, "costs": {"total_cost": 4792.149389888094, "time_cost": 150, "final_distance_cost": 715.0373657505509, "oscillation_cost": 1027.8161609400838, "completition_cost": 1000.0, "overshoot_cost": 1701.1354780196323, "power_cost": 58.657419140625, "noise_cost": 139.5029660372023, "n_waypoints_completed": 0, "tot_waypoints": 9}}
{"target": -389.63359754144994, "params": {"k_pid_pos": [9536.290107983708, 1653.873312614462, 3171.95719012329], "k_pid_alt": [4161.607022782155, 0.0, 2531.7668119628], "k_pid_att": [9341.71542239088, 8338.095400858918, 0.0], "k_pid_yaw": [0.5, 1e-06, 0.1], "k_pid_hsp": [5002.215865285056, 9262.482043373202, 1580.3192499547918], "k_pid_vsp": [7913.806556711336, 6840.360866165217, 2348.7399204597077]}, "datetime": {"datetime": "2025-08-08 23:44:55", "elapsed": 24926.808735609055, "delta": 31.659322500228882}, "costs": {"total_cost": 389.63359754144994, "time_cost": 98.924, "final_distance_cost": 1.6967368312556586, "oscillation_cost": 169.37365200110028, "completition_cost": 0.0, "overshoot_cost": 61.22740488347392, "power_cost": 33.999448107910155, "noise_cost": 24.412355717709865, "n_waypoints_completed": 9, "tot_waypoints": 9}}
{"target": -1531.239508860243, "params": {"k_pid_pos": [4442.757432875192, 8562.056002466072, 3839.835075336339], "k_pid_alt": [2368.935613406932, 3570.2271821129616, 2645.906078434467], "k_pid_att": [6883.501547746633, 6993.392674703527, 0.0], "k_pid_yaw": [0.5, 1e-06, 0.1], "k_pid_hsp": [10000.0, 8121.129161233255, 4688.530819390824], "k_pid_vsp": [10000.0, 0.0, 7038.131294994869]}, "datetime": {"datetime": "2025-08-08 23:45:30", "elapsed": 24961.80980324745, "delta": 35.00106763839722}, "costs": {"total_cost": 1531.239508860243, "time_cost": 150, "final_distance_cost": 66.13389643511199, "oscillation_cost": 267.429879172595, "completition_cost": 888.8888888888888, "overshoot_cost": 89.20038444531595, "power_cost": 40.74321730957031, "noise_cost": 28.843242608760942, "n_waypoints_completed": 1, "tot_waypoints": 9}}
{"target": -11428.69231705477, "params": {"k_pid_pos": [2511.5722588983003, 4292.661786308172, 1578.2915149114008], "k_pid_alt": [2482.9983473083494, 4965.8990465363995, 7757.959208447185], "k_pid_att": [791.9170274674192, 2519.2434887830273, 1867.3738699357157], "k_pid_yaw": [0.5, 1e-06, 0.1], "k_pid_hsp": [9472.695846118568, 9825.08432968067, 9982.794032309097], "k_pid_vsp": [9748.392914035803, 8875.007523923838, 4308.3469685841255]}, "datetime": {"datetime": "2025-08-08 23:46:01", "elapsed": 24993.38738512993, "delta": 31.577581882476807}, "costs": {"total_cost": 11428.69231705477, "time_cost": 150, "final_distance_cost": 3899.573369674865, "oscillation_cost": 1283.038758242963, "completition_cost": 1000.0, "overshoot_cost": 4894.201257045027, "power_cost": 58.65898210449219, "noise_cost": 143.2199499874241, "n_waypoints_completed": 0, "tot_waypoints": 9}}
{"target": -33411.09381399682, "params": {"k_pid_pos": [3407.6146215083127, 5188.461390189584, 3466.9671746416266], "k_pid_alt": [3941.369125626811, 0.0, 0.0], "k_pid_att": [0.0, 771.28037923834, 0.0], "k_pid_yaw": [0.5, 1e-06, 0.1], "k_pid_hsp": [5705.351914603583, 0.0, 10000.0], "k_pid_vsp": [3370.2683066196723, 0.0, 6605.119650827066]}, "datetime": {"datetime": "2025-08-08 23:46:38", "elapsed": 25029.932866573334, "delta": 36.54548144340515}, "costs": {"total_cost": 33411.09381399682, "time_cost": 150, "final_distance_cost": 8753.861711241549, "oscillation_cost": 1786.1791261140356, "completition_cost": 1000.0, "overshoot_cost": 21519.46325912296, "power_cost": 58.355890625, "noise_cost": 143.23382689328292, "n_waypoints_completed": 0, "tot_waypoints": 9}}
{"target": -4362.864722181868, "params": {"k_pid_pos": [1442.27120618891, 3675.3022570089324, 7553.607434717417], "k_pid_alt": [3987.1373629579243, 2337.8143698958543, 6395.427451784034], "k_pid_att": [3649.2572441379634, 1266.8311272994292, 1238.694734384994], "k_pid_yaw": [0.5, 1e-06, 0.1], "k_pid_hsp": [5184.204370841688, 2947.379069231374, 5796.537728458523], "k_pid_vsp": [9061.34780370191, 3281.3183632541777, 996.0000717864115]}, "datetime": {"datetime": "2025-08-08 23:47:09", "elapsed": 25061.3615899086, "delta": 31.428723335266113}, "costs": {"total_cost": 4362.864722181868, "time_cost": 150, "final_distance_cost": 816.5145429406056, "oscillation_cost": 146.02220617163883, "completition_cost": 1000.0, "overshoot_cost": 2170.6108617816612, "power_cost": 39.13159613037109, "noise_cost": 40.585515157591566, "n_waypoints_completed": 0, "tot_waypoints": 9}}
{"target": -1632.5995297535276, "params": {"k_pid_pos": [10000.0, 10000.0, 0.0], "k_pid_alt": [5490.731359134036, 1957.1927876534928, 2969.5686949666333], "k_pid_att": [5765.5302585103755, 0.0, 0.0], "k_pid_yaw": [0.5, 1e-06, 0.1], "k_pid_hsp": [6257.595580455894, 4560.712113482569, 4419.435483975267], "k_pid_vsp": [8881.798371226263, 0.0, 3090.494392225131]}, "datetime": {"datetime": "2025-08-08 23:47:46", "elapsed": 25098.408375501633, "delta": 37.04678559303284}, "costs": {"total_cost": 1632.5995297535276, "time_cost": 150, "final_distance_cost": 56.44858166502577, "oscillation_cost": 286.34031635880274, "completition_cost": 1000.0, "overshoot_cost": 70.66289056989734, "power_cost": 40.4419681640625, "noise_cost": 28.705772995739263, "n_waypoints_completed": 0, "tot_waypoints": 9}}
