{"target": -22360.224271965748, "params": {"k_pid_pos": [1887.0081736411082, 7977.320882464458, 7412.715332181854], "k_pid_alt": [2776.530587989584, 4750.390706732303, 2030.7907426131687], "k_pid_att": [2743.9809875709784, 5986.891361775153, 4079.614564974873], "k_pid_yaw": [0.5, 1e-06, 0.1], "k_pid_hsp": [6121.656618201493, 7403.062974301236, 1549.5451422344997], "k_pid_vsp": [7475.827197796692, 6843.478167152091, 8090.893991156931]}, "datetime": {"datetime": "2025-08-09 12:44:39", "elapsed": 71710.7355029583, "delta": 35.12762475013733}, "costs": {"total_cost": 22360.224271965748, "time_cost": 150, "final_distance_cost": 6111.5921482308995, "oscillation_cost": 1581.1490480895654, "completition_cost": 1000.0, "overshoot_cost": 13332.016701262033, "power_cost": 56.97186889648438, "noise_cost": 128.49450548676447, "n_waypoints_completed": 0, "tot_waypoints": 9}}
{"target": -1376.9278153593807, "params": {"k_pid_pos": [7683.722371647933, 4868.990377988619, 6194.2749913483385], "k_pid_alt": [2575.8741234542035, 3223.0254518107795, 2258.3430813519744], "k_pid_att": [2698.5839480536565, 1185.0787677302776, 32.75514709780825], "k_pid_yaw": [0.5, 1e-06, 0.1], "k_pid_hsp": [8092.904888411025, 9483.04474033674, 633.2960768535378], "k_pid_vsp": [167.42548752013198, 9004.706680299492, 4405.988780419156]}, "datetime": {"datetime": "2025-08-09 12:45:13", "elapsed": 71745.42210173607, "delta": 34.686598777770996}, "costs": {"total_cost": 1376.9278153593807, "time_cost": 150, "final_distance_cost": 93.07245869470783, "oscillation_cost": 288.2427581376809, "completition_cost": 666.6666666666667, "overshoot_cost": 106.69492983386253, "power_cost": 40.531211279296876, "noise_cost": 31.719790747165632, "n_waypoints_completed": 3, "tot_waypoints": 9}}
{"target": -1664.5316280354432, "params": {"k_pid_pos": [0.0, 10000.0, 4279.522903431203], "k_pid_alt": [0.0, 8877.675603229633, 7393.8909207999795], "k_pid_att": [8703.27585079391, 7164.387747533121, 0.0], "k_pid_yaw": [0.5, 1e-06, 0.1], "k_pid_hsp": [8768.3566850378, 5769.688981675915, 2833.7024947591262], "k_pid_vsp": [5800.895399617379, 8260.644296015951, 4769.907151162129]}, "datetime": {"datetime": "2025-08-09 12:46:11", "elapsed": 71802.6115937233, "delta": 57.189491987228394}, "costs": {"total_cost": 1664.5316280354432, "time_cost": 150, "final_distance_cost": 60.55345275863169, "oscillation_cost": 303.1918915507947, "completition_cost": 1000.0, "overshoot_cost": 82.07067722276996, "power_cost": 40.06217172851563, "noise_cost": 28.65343477473136, "n_waypoints_completed": 0, "tot_waypoints": 9}}
{"target": -1522.986593246706, "params": {"k_pid_pos": [9318.6008766652, 6948.293313256103, 0.0], "k_pid_alt": [4975.580170154012, 6005.163848322579, 0.0], "k_pid_att": [6214.4254067503325, 3749.0474671121574, 0.0], "k_pid_yaw": [0.5, 1e-06, 0.1], "k_pid_hsp": [4684.954113260564, 10000.0, 92.31485681750246], "k_pid_vsp": [3378.590947234064, 10000.0, 2012.50433185061]}, "datetime": {"datetime": "2025-08-09 12:47:13", "elapsed": 71865.0724761486, "delta": 62.46088242530823}, "costs": {"total_cost": 1522.986593246706, "time_cost": 150, "final_distance_cost": 45.37881367249177, "oscillation_cost": 181.89300156311646, "completition_cost": 1000.0, "overshoot_cost": 72.99315655565563, "power_cost": 43.44607841796875, "noise_cost": 29.275543037473483, "n_waypoints_completed": 0, "tot_waypoints": 9}}
{"target": -3115.8893083529133, "params": {"k_pid_pos": [7688.479929290006, 8759.603210062218, 6083.700995755602], "k_pid_alt": [5143.57785873972, 4922.555403878998, 2546.464694997368], "k_pid_att": [9901.035242878603, 6083.8078863782175, 2392.6434067439186], "k_pid_yaw": [0.5, 1e-06, 0.1], "k_pid_hsp": [9872.339490058997, 3752.0909862587905, 1021.648665639543], "k_pid_vsp": [5562.43412657436, 9810.566068172448, 538.3480006352004]}, "datetime": {"datetime": "2025-08-09 12:47:49", "elapsed": 71900.56217646599, "delta": 35.48970031738281}, "costs": {"total_cost": 3115.8893083529133, "time_cost": 150, "final_distance_cost": 653.9064203262147, "oscillation_cost": 200.50307477657395, "completition_cost": 1000.0, "overshoot_cost": 1029.892037742316, "power_cost": 42.27528328857422, "noise_cost": 39.312492219234045, "n_waypoints_completed": 0, "tot_waypoints": 9}}
{"target": -9932.86422181122, "params": {"k_pid_pos": [1620.822469844707, 7192.116344982842, 3626.6334498786655], "k_pid_alt": [9568.885262598853, 5842.809580001051, 70.7019354255134], "k_pid_att": [2528.0940174122625, 4923.6451191568785, 9486.833989528284], "k_pid_yaw": [0.5, 1e-06, 0.1], "k_pid_hsp": [571.7180830190193, 2618.7279177405485, 8128.377101766102], "k_pid_vsp": [1397.4214509836359, 7515.137550041431, 2605.064829152127]}, "datetime": {"datetime": "2025-08-09 12:48:25", "elapsed": 71936.94360470772, "delta": 36.381428241729736}, "costs": {"total_cost": 9932.86422181122, "time_cost": 150, "final_distance_cost": 3015.7863600460673, "oscillation_cost": 848.2181033191652, "completition_cost": 1000.0, "overshoot_cost": 4724.7067780664265, "power_cost": 58.55283464355469, "noise_cost": 135.6001457360075, "n_waypoints_completed": 0, "tot_waypoints": 9}}
{"target": -26273.037542023645, "params": {"k_pid_pos": [7935.971321211758, 8864.567727871752, 546.1804689641325], "k_pid_alt": [2310.878182242637, 6928.542838539066, 908.4736996815557], "k_pid_att": [2958.3358708745113, 6801.617677785033, 8205.631297937156], "k_pid_yaw": [0.5, 1e-06, 0.1], "k_pid_hsp": [1819.0133726062973, 5742.923541407056, 7632.164255037872], "k_pid_vsp": [3815.340764021312, 5368.83907707378, 952.0494711698202]}, "datetime": {"datetime": "2025-08-09 12:49:00", "elapsed": 71972.0343606472, "delta": 35.09075593948364}, "costs": {"total_cost": 26273.037542023645, "time_cost": 150, "final_distance_cost": 7680.87304475097, "oscillation_cost": 1467.441733595945, "completition_cost": 1000.0, "overshoot_cost": 15772.625138134255, "power_cost": 58.62140012207031, "noise_cost": 143.4762254204066, "n_waypoints_completed": 0, "tot_waypoints": 9}}
{"target": -2932.2789538851275, "params": {"k_pid_pos": [8704.891027565407, 8084.726081401451, 9421.018248235518], "k_pid_alt": [9528.43276286606, 3116.184080616474, 4779.460553317145], "k_pid_att": [9528.257000120426, 1615.573406183124, 1372.8382848138888], "k_pid_yaw": [0.5, 1e-06, 0.1], "k_pid_hsp": [1244.433296032269, 3515.766641857403, 1018.7413240126974], "k_pid_vsp": [3884.2276095803395, 1733.123838858982, 9987.438667490527]}, "datetime": {"datetime": "2025-08-09 12:49:36", "elapsed": 72008.03869724274, "delta": 36.00433659553528}, "costs": {"total_cost": 2932.2789538851275, "time_cost": 150, "final_distance_cost": 536.2605617678372, "oscillation_cost": 47.3359258214899, "completition_cost": 1000.0, "overshoot_cost": 1135.508956314568, "power_cost": 35.37335986328125, "noise_cost": 27.80015011795119, "n_waypoints_completed": 0, "tot_waypoints": 9}}
{"target": -3089.172618307314, "params": {"k_pid_pos": [2742.070501337216, 439.6280946847453, 5686.70201199792], "k_pid_alt": [2658.0043716209957, 4773.260509440498, 3353.3427271314085], "k_pid_att": [8870.417677877127, 5735.8393811178985, 7789.8211159418415], "k_pid_yaw": [0.5, 1e-06, 0.1], "k_pid_hsp": [3699.6056350157423, 8454.32250379323, 2553.0165186186905], "k_pid_vsp": [5086.6377650509185, 6892.60347994895, 9590.694470719829]}, "datetime": {"datetime": "2025-08-09 12:50:12", "elapsed": 72043.94102978706, "delta": 35.90233254432678}, "costs": {"total_cost": 3089.172618307314, "time_cost": 150, "final_distance_cost": 206.2827444924964, "oscillation_cost": 469.98853887770815, "completition_cost": 1000.0, "overshoot_cost": 1127.6540776413217, "power_cost": 50.65726424560547, "noise_cost": 84.58999305018278, "n_waypoints_completed": 0, "tot_waypoints": 9}}
{"target": -4292.728290248247, "params": {"k_pid_pos": [8053.418759135999, 4449.374886947912, 6995.483676720099], "k_pid_alt": [2625.972530603291, 9434.635265420058, 9752.25313406012], "k_pid_att": [5426.502884515506, 4082.32395285843, 3953.31166077143], "k_pid_yaw": [0.5, 1e-06, 0.1], "k_pid_hsp": [7895.598314285417, 1474.814198055211, 4177.758932726021], "k_pid_vsp": [2162.534805998575, 6961.246629867094, 8013.466949647834]}, "datetime": {"datetime": "2025-08-09 12:50:48", "elapsed": 72080.40215921402, "delta": 36.46112942695618}, "costs": {"total_cost": 4292.728290248247, "time_cost": 150, "final_distance_cost": 548.7887189572363, "oscillation_cost": 384.2823466051951, "completition_cost": 1000.0, "overshoot_cost": 2093.8684000406274, "power_cost": 47.147538793945316, "noise_cost": 68.64128585124207, "n_waypoints_completed": 0, "tot_waypoints": 9}}
{"target": -558.6532162447469, "params": {"k_pid_pos": [10000.0, 4494.267541888825, 2609.763765875046], "k_pid_alt": [4104.253960231693, 0.0, 10000.0], "k_pid_att": [7103.552062881901, 0.0, 0.0], "k_pid_yaw": [0.5, 1e-06, 0.1], "k_pid_hsp": [10000.0, 7822.2761664593045, 0.0], "k_pid_vsp": [4518.9723036394425, 10000.0, 1268.2157707465249]}, "datetime": {"datetime": "2025-08-09 12:51:43", "elapsed": 72135.29130291939, "delta": 54.88914370536804}, "costs": {"total_cost": 558.6532162447469, "time_cost": 118.223, "final_distance_cost": 1.7687198993319033, "oscillation_cost": 297.256871435164, "completition_cost": 0.0, "overshoot_cost": 71.4590092141671, "power_cost": 40.454207055664064, "noise_cost": 29.491408640419845, "n_waypoints_completed": 9, "tot_waypoints": 9}}
{"target": -4881.7707730784, "params": {"k_pid_pos": [9049.542045355542, 7118.898774985315, 5047.346829721727], "k_pid_alt": [2207.276719736133, 7916.119298658367, 990.5023496851284], "k_pid_att": [2783.550345960417, 946.2430648249842, 696.2719599827604], "k_pid_yaw": [0.5, 1e-06, 0.1], "k_pid_hsp": [6789.0748294691775, 9035.346035421337, 2548.775721335974], "k_pid_vsp": [3816.075239352862, 8804.613226100682, 9529.971882913702]}, "datetime": {"datetime": "2025-08-09 12:52:20", "elapsed": 72172.27659273148, "delta": 36.98528981208801}, "costs": {"total_cost": 4881.7707730784, "time_cost": 150, "final_distance_cost": 1149.9555817443556, "oscillation_cost": 49.56249153667702, "completition_cost": 1000.0, "overshoot_cost": 2469.241531402665, "power_cost": 35.24300334472657, "noise_cost": 27.768165049976833, "n_waypoints_completed": 0, "tot_waypoints": 9}}
{"target": -2699.3752249203017, "params": {"k_pid_pos": [7422.996120319569, 7877.577352208071, 6106.54052009451], "k_pid_alt": [492.4622179095939, 9245.24271677053, 3708.869335866043], "k_pid_att": [6185.558389954322, 8482.797196437985, 1998.3592035560548], "k_pid_yaw": [0.5, 1e-06, 0.1], "k_pid_hsp": [2702.0276121262264, 3155.4558849938894, 5587.367122332381], "k_pid_vsp": [8826.154164680484, 1852.6626837732374, 2727.211264080163]}, "datetime": {"datetime": "2025-08-09 12:52:58", "elapsed": 72209.68584561348, "delta": 37.409252882003784}, "costs": {"total_cost": 2699.3752249203017, "time_cost": 150, "final_distance_cost": 417.62629993268297, "oscillation_cost": 258.3759762944644, "completition_cost": 1000.0, "overshoot_cost": 779.4680040970575, "power_cost": 43.194705432128906, "noise_cost": 50.71023916396768, "n_waypoints_completed": 0, "tot_waypoints": 9}}
{"target": -2352.7870816182362, "params": {"k_pid_pos": [0.0, 7414.445650550185, 668.0113086814271], "k_pid_alt": [10000.0, 8038.213434094521, 5517.385409772255], "k_pid_att": [6714.6872189702635, 8286.524338573703, 0.0], "k_pid_yaw": [0.5, 1e-06, 0.1], "k_pid_hsp": [3863.5728196366144, 337.1842842371309, 7501.729175787637], "k_pid_vsp": [8295.752682035496, 7657.948519489639, 0.0]}, "datetime": {"datetime": "2025-08-09 12:53:58", "elapsed": 72269.7239382267, "delta": 60.038092613220215}, "costs": {"total_cost": 2352.7870816182362, "time_cost": 150, "final_distance_cost": 73.5057271145977, "oscillation_cost": 940.6358172677072, "completition_cost": 1000.0, "overshoot_cost": 124.92236068252863, "power_cost": 35.89277735595703, "noise_cost": 27.83039919744554, "n_waypoints_completed": 0, "tot_waypoints": 9}}
{"target": -8832.102528835938, "params": {"k_pid_pos": [8048.383110366573, 7602.6226953963305, 7379.471984619253], "k_pid_alt": [7258.415650367519, 2894.1820014326904, 3252.2854401986788], "k_pid_att": [8832.261664352556, 3784.0586622756978, 8917.302489428756], "k_pid_yaw": [0.5, 1e-06, 0.1], "k_pid_hsp": [5622.4522779190065, 652.0734623996749, 8347.444612438834], "k_pid_vsp": [1501.96062405214, 413.9455074936149, 8154.167122750925]}, "datetime": {"datetime": "2025-08-09 12:54:35", "elapsed": 72306.52958321571, "delta": 36.80564498901367}, "costs": {"total_cost": 8832.102528835938, "time_cost": 150, "final_distance_cost": 2020.040006664658, "oscillation_cost": 309.3014293778041, "completition_cost": 1000.0, "overshoot_cost": 5242.765344924335, "power_cost": 45.46177728271485, "noise_cost": 64.53397058642378, "n_waypoints_completed": 0, "tot_waypoints": 9}}
{"target": -1605.8549529383722, "params": {"k_pid_pos": [7104.4446800992355, 10000.0, 6667.592358621741], "k_pid_alt": [3675.780486195516, 0.0, 0.0], "k_pid_att": [7038.9375301777145, 5361.664440230701, 0.0], "k_pid_yaw": [0.5, 1e-06, 0.1], "k_pid_hsp": [10000.0, 5529.683789574068, 9320.926524686209], "k_pid_vsp": [6569.862817983115, 8597.92803076095, 4464.605405676508]}, "datetime": {"datetime": "2025-08-09 12:55:35", "elapsed": 72367.01582217216, "delta": 60.486238956451416}, "costs": {"total_cost": 1605.8549529383722, "time_cost": 150, "final_distance_cost": 67.45274637144318, "oscillation_cost": 369.7857597644717, "completition_cost": 888.8888888888888, "overshoot_cost": 62.72140586075458, "power_cost": 38.67915616455078, "noise_cost": 28.326995888263106, "n_waypoints_completed": 1, "tot_waypoints": 9}}
{"target": -1476.0319832828027, "params": {"k_pid_pos": [8246.46313699359, 3313.059380927518, 4796.998006039873], "k_pid_alt": [8927.311516450363, 4235.6643330173, 5866.764875601149], "k_pid_att": [5509.670799135693, 1890.4199597663096, 633.9459275373005], "k_pid_yaw": [0.5, 1e-06, 0.1], "k_pid_hsp": [8068.649840585526, 8475.095945709681, 422.02525027057015], "k_pid_vsp": [3250.6304588267685, 476.06567933805576, 7537.230686587307]}, "datetime": {"datetime": "2025-08-09 12:56:14", "elapsed": 72406.23032975197, "delta": 39.21450757980347}, "costs": {"total_cost": 1476.0319832828027, "time_cost": 150, "final_distance_cost": 60.25894530604218, "oscillation_cost": 69.9521249999466, "completition_cost": 1000.0, "overshoot_cost": 131.50250482293592, "power_cost": 36.371083032226565, "noise_cost": 27.94732512165146, "n_waypoints_completed": 0, "tot_waypoints": 9}}
{"target": -2131.7159262823056, "params": {"k_pid_pos": [0.0, 1761.3469063780458, 5194.449174894934], "k_pid_alt": [5618.620785537202, 0.0, 5676.17400490739], "k_pid_att": [8791.1779481445, 5834.112261838356, 0.0], "k_pid_yaw": [0.5, 1e-06, 0.1], "k_pid_hsp": [2995.7518215933032, 1295.5524770293287, 5777.384673662803], "k_pid_vsp": [9430.017739738518, 9107.629059309638, 4808.308225033615]}, "datetime": {"datetime": "2025-08-09 12:57:11", "elapsed": 72462.98888206482, "delta": 56.75855231285095}, "costs": {"total_cost": 2131.7159262823056, "time_cost": 150, "final_distance_cost": 63.21283816302877, "oscillation_cost": 886.0414057778902, "completition_cost": 888.8888888888888, "overshoot_cost": 79.85436011540271, "power_cost": 36.0183017944336, "noise_cost": 27.70013154266166, "n_waypoints_completed": 1, "tot_waypoints": 9}}
{"target": -827.6827627838786, "params": {"k_pid_pos": [10000.0, 5318.415687946964, 1037.9137083335938], "k_pid_alt": [10000.0, 0.0, 4953.502966668737], "k_pid_att": [5772.590342227988, 0.0, 0.0], "k_pid_yaw": [0.5, 1e-06, 0.1], "k_pid_hsp": [8705.203206590924, 6953.708673994313, 3572.4996578286746], "k_pid_vsp": [4255.734222797768, 6187.613353415763, 7034.856683576143]}, "datetime": {"datetime": "2025-08-09 12:58:10", "elapsed": 72521.98494172096, "delta": 58.99605965614319}, "costs": {"total_cost": 827.6827627838786, "time_cost": 150, "final_distance_cost": 64.93292675029163, "oscillation_cost": 238.97510071336302, "completition_cost": 222.2222222222222, "overshoot_cost": 81.65490915781004, "power_cost": 41.049881066894535, "noise_cost": 28.847722873297208, "n_waypoints_completed": 7, "tot_waypoints": 9}}
{"target": -2449.447004084146, "params": {"k_pid_pos": [1941.8505558448703, 10000.0, 2674.070524132985], "k_pid_alt": [10000.0, 6627.558065521784, 3192.358149151971], "k_pid_att": [5361.925474739134, 9442.507463889839, 0.0], "k_pid_yaw": [0.5, 1e-06, 0.1], "k_pid_hsp": [1550.671263316771, 7445.831800084125, 6700.755994719875], "k_pid_vsp": [4366.7608235661755, 10000.0, 2466.8369868723094]}, "datetime": {"datetime": "2025-08-09 12:59:07", "elapsed": 72578.89561033249, "delta": 56.91066861152649}, "costs": {"total_cost": 2449.447004084146, "time_cost": 150, "final_distance_cost": 107.78311283528018, "oscillation_cost": 828.9859138942062, "completition_cost": 1000.0, "overshoot_cost": 298.3652521103991, "power_cost": 36.38193100585938, "noise_cost": 27.93079423840098, "n_waypoints_completed": 0, "tot_waypoints": 9}}
{"target": -2843.2168006250463, "params": {"k_pid_pos": [3448.3851406871945, 1516.0329614332159, 1679.8736025088356], "k_pid_alt": [1559.6153437566295, 9121.575919883322, 1431.6730575383385], "k_pid_att": [4913.639411983073, 6398.133550893344, 2205.8877633400475], "k_pid_yaw": [0.5, 1e-06, 0.1], "k_pid_hsp": [9222.332468067427, 2319.1569042028104, 6760.069024244964], "k_pid_vsp": [8388.926428007057, 1943.1806824778853, 8736.834107240176]}, "datetime": {"datetime": "2025-08-09 12:59:42", "elapsed": 72613.73336791992, "delta": 34.83775758743286}, "costs": {"total_cost": 2843.2168006250463, "time_cost": 150, "final_distance_cost": 220.25758698285608, "oscillation_cost": 365.51893818438464, "completition_cost": 1000.0, "overshoot_cost": 975.6153771449347, "power_cost": 48.03049891357422, "noise_cost": 83.79439939929675, "n_waypoints_completed": 0, "tot_waypoints": 9}}
{"target": -34629.8060862511, "params": {"k_pid_pos": [3203.296192550108, 9175.466924828303, 6187.260808744567], "k_pid_alt": [4357.195312395031, 9499.303564962496, 9167.166380508974], "k_pid_att": [129.40807030802694, 2840.724695482729, 870.9381572142449], "k_pid_yaw": [0.5, 1e-06, 0.1], "k_pid_hsp": [4808.090134753138, 2456.5213636565686, 1286.248086832048], "k_pid_vsp": [1647.1446765344965, 7402.0127980568195, 8109.596810454105]}, "datetime": {"datetime": "2025-08-09 13:00:17", "elapsed": 72648.59823513031, "delta": 34.864867210388184}, "costs": {"total_cost": 34629.8060862511, "time_cost": 150, "final_distance_cost": 9390.840991237244, "oscillation_cost": 1652.0165265634942, "completition_cost": 1000.0, "overshoot_cost": 22243.1043121068, "power_cost": 57.86750070800782, "noise_cost": 135.97675563554782, "n_waypoints_completed": 0, "tot_waypoints": 9}}
{"target": -2014.597089461628, "params": {"k_pid_pos": [4699.624418616799, 9265.21129459618, 9067.988307219048], "k_pid_alt": [2442.0890283697163, 3527.92674722911, 1221.7271261102858], "k_pid_att": [7442.777373260053, 2535.795701690966, 2335.402808382914], "k_pid_yaw": [0.5, 1e-06, 0.1], "k_pid_hsp": [643.766176683247, 9348.245670715783, 7031.199916623934], "k_pid_vsp": [8204.491541955695, 7378.558949623119, 366.48120319352387]}, "datetime": {"datetime": "2025-08-09 13:00:54", "elapsed": 72686.32224273682, "delta": 37.72400760650635}, "costs": {"total_cost": 2014.597089461628, "time_cost": 150, "final_distance_cost": 146.27151038854916, "oscillation_cost": 162.8810161594814, "completition_cost": 1000.0, "overshoot_cost": 472.7978189434575, "power_cost": 40.67254597167969, "noise_cost": 41.97419799846025, "n_waypoints_completed": 0, "tot_waypoints": 9}}
{"target": -1767.9053389962091, "params": {"k_pid_pos": [10000.0, 4116.0359723551255, 10000.0], "k_pid_alt": [4085.261806458859, 10000.0, 10000.0], "k_pid_att": [9095.514456580904, 7739.487230604859, 0.0], "k_pid_yaw": [0.5, 1e-06, 0.1], "k_pid_hsp": [5000.330468964947, 1821.5631852869838, 0.0], "k_pid_vsp": [3608.2147703680753, 10000.0, 10000.0]}, "datetime": {"datetime": "2025-08-09 13:01:58", "elapsed": 72750.49178743362, "delta": 64.16954469680786}, "costs": {"total_cost": 1767.9053389962091, "time_cost": 150, "final_distance_cost": 51.94628127551495, "oscillation_cost": 743.5851422235137, "completition_cost": 666.6666666666667, "overshoot_cost": 87.42626907772927, "power_cost": 37.22246783447266, "noise_cost": 31.05851191831199, "n_waypoints_completed": 3, "tot_waypoints": 9}}
{"target": -1522.9906870239038, "params": {"k_pid_pos": [10000.0, 2046.7107213183167, 4630.940869160727], "k_pid_alt": [7795.177976578271, 8885.241387755823, 10000.0], "k_pid_att": [9517.691364130156, 3767.1871980665683, 0.0], "k_pid_yaw": [0.5, 1e-06, 0.1], "k_pid_hsp": [7239.849585035877, 5351.9000795550355, 0.0], "k_pid_vsp": [448.6174830125225, 10000.0, 5213.516235985466]}, "datetime": {"datetime": "2025-08-09 13:03:05", "elapsed": 72816.8224825859, "delta": 66.33069515228271}, "costs": {"total_cost": 1522.9906870239038, "time_cost": 150, "final_distance_cost": 56.752169854836744, "oscillation_cost": 612.5224227537185, "completition_cost": 555.5555555555555, "overshoot_cost": 78.72204734460122, "power_cost": 38.295547387695315, "noise_cost": 31.142944127496456, "n_waypoints_completed": 4, "tot_waypoints": 9}}
