{"target": -1338.129497977073, "params": {"k_pid_pos": [0.0, 2997.077415668304, 0.0], "k_pid_alt": [4716.474624144145, 0.0, 0.0], "k_pid_att": [10000.0, 10000.0, 0.0], "k_pid_yaw": [0.5, 1e-06, 0.1], "k_pid_hsp": [4868.0783969523645, 3892.69937522761, 0.0], "k_pid_vsp": [6508.7095913452695, 0.0, 6707.280204027233]}, "datetime": {"datetime": "2025-08-08 18:26:25", "elapsed": 5817.21860742569, "delta": 32.90493607521057}, "costs": {"total_cost": 1338.129497977073, "time_cost": 150, "final_distance_cost": 81.86976418938261, "oscillation_cost": 193.530176645264, "completition_cost": 777.7777777777778, "overshoot_cost": 62.14323986296432, "power_cost": 43.40617598876953, "noise_cost": 29.402363512914746, "n_waypoints_completed": 2, "tot_waypoints": 9}}
{"target": -3558.3816745584004, "params": {"k_pid_pos": [6660.315566165492, 8936.907797693308, 7571.798705846279], "k_pid_alt": [7654.016069377653, 1571.084577998909, 3002.7015657272427], "k_pid_att": [5806.665867691968, 3190.126508762079, 1309.6082441028846], "k_pid_yaw": [0.5, 1e-06, 0.1], "k_pid_hsp": [7818.251668971604, 1820.4449686081948, 6689.086467443751], "k_pid_vsp": [6047.259016919722, 1952.5185896806952, 4232.232399772299]}, "datetime": {"datetime": "2025-08-08 18:26:55", "elapsed": 5847.0840899944305, "delta": 29.865482568740845}, "costs": {"total_cost": 3558.3816745584004, "time_cost": 150, "final_distance_cost": 680.2652748568289, "oscillation_cost": 91.80573854169171, "completition_cost": 1000.0, "overshoot_cost": 1568.1654468655488, "power_cost": 36.77786241455078, "noise_cost": 31.367351879780497, "n_waypoints_completed": 0, "tot_waypoints": 9}}
{"target": -1660.7564868745753, "params": {"k_pid_pos": [0.0, 4707.418106663299, 0.0], "k_pid_alt": [6028.249679686043, 3386.2669420476914, 0.0], "k_pid_att": [5078.085775539915, 10000.0, 0.0], "k_pid_yaw": [0.5, 1e-06, 0.1], "k_pid_hsp": [10000.0, 5134.314601146839, 4957.33506467351], "k_pid_vsp": [6391.506536254925, 0.0, 0.0]}, "datetime": {"datetime": "2025-08-08 18:27:29", "elapsed": 5880.546060800552, "delta": 33.461970806121826}, "costs": {"total_cost": 1660.7564868745753, "time_cost": 150, "final_distance_cost": 51.3171586444297, "oscillation_cost": 299.3848953293648, "completition_cost": 1000.0, "overshoot_cost": 89.6427496942686, "power_cost": 41.50503336181641, "noise_cost": 28.906649844695774, "n_waypoints_completed": 0, "tot_waypoints": 9}}
{"target": -1226.254326220114, "params": {"k_pid_pos": [9667.428145065865, 10000.0, 10000.0], "k_pid_alt": [10000.0, 0.0, 8349.790350759882], "k_pid_att": [8543.830741885165, 0.0, 0.0], "k_pid_yaw": [0.5, 1e-06, 0.1], "k_pid_hsp": [8851.80602978372, 6098.283229654275, 0.0], "k_pid_vsp": [1410.0542157790721, 7269.262520019628, 300.24116475775867]}, "datetime": {"datetime": "2025-08-08 18:28:01", "elapsed": 5913.350388765335, "delta": 32.804327964782715}, "costs": {"total_cost": 1226.254326220114, "time_cost": 150, "final_distance_cost": 45.90566160816818, "oscillation_cost": 326.51155339486485, "completition_cost": 555.5555555555555, "overshoot_cost": 79.54527198418796, "power_cost": 40.05225548095704, "noise_cost": 28.684028196380385, "n_waypoints_completed": 4, "tot_waypoints": 9}}
{"target": -5241.152498255626, "params": {"k_pid_pos": [1789.3936570404346, 8701.648809542772, 6815.402370774973], "k_pid_alt": [9410.02906868255, 7124.777455209842, 6304.117791867891], "k_pid_att": [1364.4788943748442, 4581.316236480413, 1467.5721736155322], "k_pid_yaw": [0.5, 1e-06, 0.1], "k_pid_hsp": [5977.7358587251165, 2445.825106095377, 2801.472026718224], "k_pid_vsp": [6595.758698593376, 2399.172929770409, 8565.182569156477]}, "datetime": {"datetime": "2025-08-08 18:28:32", "elapsed": 5943.730368852615, "delta": 30.379980087280273}, "costs": {"total_cost": 5241.152498255626, "time_cost": 150, "final_distance_cost": 989.6744104206264, "oscillation_cost": 1072.2417580169126, "completition_cost": 1000.0, "overshoot_cost": 1844.3682391608127, "power_cost": 57.07247205810547, "noise_cost": 127.79561859916817, "n_waypoints_completed": 0, "tot_waypoints": 9}}
{"target": -1390.4463508412443, "params": {"k_pid_pos": [2962.1536491553875, 10000.0, 10000.0], "k_pid_alt": [10000.0, 6919.4943898890015, 5018.490836329082], "k_pid_att": [5477.539155528194, 6510.473141988281, 0.0], "k_pid_yaw": [0.5, 1e-06, 0.1], "k_pid_hsp": [10000.0, 10000.0, 947.3958286802854], "k_pid_vsp": [4484.244829497264, 0.0, 621.2704965670824]}, "datetime": {"datetime": "2025-08-08 18:29:04", "elapsed": 5976.296127080917, "delta": 32.565758228302}, "costs": {"total_cost": 1390.4463508412443, "time_cost": 150, "final_distance_cost": 65.93349965728538, "oscillation_cost": 150.20014691613977, "completition_cost": 888.8888888888888, "overshoot_cost": 63.142306275390574, "power_cost": 43.06522052001954, "noise_cost": 29.216288583520353, "n_waypoints_completed": 1, "tot_waypoints": 9}}
{"target": -5138.633333857897, "params": {"k_pid_pos": [7436.536742473607, 3914.1381084078876, 6745.514194630483], "k_pid_alt": [824.1078157886717, 1980.3496206308535, 222.27697540327273], "k_pid_att": [6539.85993574828, 1932.4279810221813, 5489.355797694528], "k_pid_yaw": [0.5, 1e-06, 0.1], "k_pid_hsp": [9241.179138368936, 7958.652665393722, 6250.437739998477], "k_pid_vsp": [3958.05425942652, 8593.285742593951, 7226.515818366135]}, "datetime": {"datetime": "2025-08-08 18:29:34", "elapsed": 6006.378213405609, "delta": 30.082086324691772}, "costs": {"total_cost": 5138.633333857897, "time_cost": 150, "final_distance_cost": 1162.5239844678365, "oscillation_cost": 328.2063834384724, "completition_cost": 1000.0, "overshoot_cost": 2393.570310668026, "power_cost": 46.21445498046875, "noise_cost": 58.11820030309325, "n_waypoints_completed": 0, "tot_waypoints": 9}}
{"target": -5691.487409355616, "params": {"k_pid_pos": [1563.9909241674043, 3230.880710140651, 9214.47589530982], "k_pid_alt": [954.9831828743082, 347.3831005437289, 8484.877340727076], "k_pid_att": [5232.667101094315, 6266.505650933397, 341.6244921673062], "k_pid_yaw": [0.5, 1e-06, 0.1], "k_pid_hsp": [5273.345412026851, 6485.292496119469, 7549.635781279513], "k_pid_vsp": [8374.284786146507, 4468.435229595663, 2559.8955496923472]}, "datetime": {"datetime": "2025-08-08 18:30:04", "elapsed": 6036.44948554039, "delta": 30.071272134780884}, "costs": {"total_cost": 5691.487409355616, "time_cost": 150, "final_distance_cost": 1374.578416614117, "oscillation_cost": 129.64739395889364, "completition_cost": 1000.0, "overshoot_cost": 2974.3263475777426, "power_cost": 35.307266064453124, "noise_cost": 27.627985140410633, "n_waypoints_completed": 0, "tot_waypoints": 9}}
{"target": -5872.763418253903, "params": {"k_pid_pos": [4881.1472298119215, 712.6830700691655, 1786.6943119811062], "k_pid_alt": [3737.312710604793, 6122.423052348841, 534.2534081044514], "k_pid_att": [498.27927435505126, 4135.6340764878305, 9222.536248733793], "k_pid_yaw": [0.5, 1e-06, 0.1], "k_pid_hsp": [6785.006615539163, 1940.4813610562833, 5125.958405871249], "k_pid_vsp": [3200.1603212381724, 3240.9473017222613, 5500.873196933069]}, "datetime": {"datetime": "2025-08-08 18:30:35", "elapsed": 6067.037727117538, "delta": 30.588241577148438}, "costs": {"total_cost": 5872.763418253903, "time_cost": 150, "final_distance_cost": 575.8762570842135, "oscillation_cost": 691.3250818198353, "completition_cost": 1000.0, "overshoot_cost": 3294.7041417085065, "power_cost": 53.311145922851566, "noise_cost": 107.5467917184968, "n_waypoints_completed": 0, "tot_waypoints": 9}}
{"target": -7526.85915303326, "params": {"k_pid_pos": [5339.261087426016, 3198.097556695314, 7594.037647317172], "k_pid_alt": [7664.1466288683705, 2915.8444235156953, 8802.137422289412], "k_pid_att": [4895.05069290075, 8665.764043562429, 4418.28922012539], "k_pid_yaw": [0.5, 1e-06, 0.1], "k_pid_hsp": [6564.677022315227, 883.1564130039903, 3224.9605564813046], "k_pid_vsp": [4070.242228202726, 2806.260665314333, 7448.582408909358]}, "datetime": {"datetime": "2025-08-08 18:31:05", "elapsed": 6097.212446212769, "delta": 30.174719095230103}, "costs": {"total_cost": 7526.85915303326, "time_cost": 150, "final_distance_cost": 1610.1860597815362, "oscillation_cost": 645.1458503356439, "completition_cost": 1000.0, "overshoot_cost": 3941.6814823094605, "power_cost": 56.339612524414065, "noise_cost": 123.50614808220418, "n_waypoints_completed": 0, "tot_waypoints": 9}}
{"target": -9953.097968318585, "params": {"k_pid_pos": [2993.8482381392105, 5327.065179572037, 7252.675222932297], "k_pid_alt": [6947.473510865567, 5760.038159486164, 9821.235003946249], "k_pid_att": [5916.442758665557, 9430.83483485693, 8247.245182069868], "k_pid_yaw": [0.5, 1e-06, 0.1], "k_pid_hsp": [1336.3573798307348, 7703.290310729259, 3752.0701087990337], "k_pid_vsp": [4589.393868160579, 3507.511449591287, 7667.22678051419]}, "datetime": {"datetime": "2025-08-08 18:31:35", "elapsed": 6127.060484886169, "delta": 29.84803867340088}, "costs": {"total_cost": 9953.097968318585, "time_cost": 150, "final_distance_cost": 2598.228354699506, "oscillation_cost": 1127.8105771807313, "completition_cost": 1000.0, "overshoot_cost": 4893.576802744504, "power_cost": 56.46031580810547, "noise_cost": 127.02191788573607, "n_waypoints_completed": 0, "tot_waypoints": 9}}
{"target": -1651.473742174863, "params": {"k_pid_pos": [8155.264422667488, 10000.0, 10000.0], "k_pid_alt": [10000.0, 6013.565540599647, 2689.6327440817226], "k_pid_att": [10000.0, 6180.290833300759, 0.0], "k_pid_yaw": [0.5, 1e-06, 0.1], "k_pid_hsp": [7988.156876843496, 8367.021463770543, 0.0], "k_pid_vsp": [3766.606130253489, 8116.6563565124525, 4434.056623334785]}, "datetime": {"datetime": "2025-08-08 18:32:08", "elapsed": 6159.666979074478, "delta": 32.606494188308716}, "costs": {"total_cost": 1651.473742174863, "time_cost": 150, "final_distance_cost": 101.20319226151574, "oscillation_cost": 479.5312302449033, "completition_cost": 777.7777777777778, "overshoot_cost": 73.51225691369199, "power_cost": 40.525354980468755, "noise_cost": 28.923929996505493, "n_waypoints_completed": 2, "tot_waypoints": 9}}
{"target": -2560.704009797639, "params": {"k_pid_pos": [2404.9914283433463, 6731.238071961508, 0.0], "k_pid_alt": [10000.0, 5915.8125693215625, 0.0], "k_pid_att": [10000.0, 10000.0, 4817.275764078495], "k_pid_yaw": [0.5, 1e-06, 0.1], "k_pid_hsp": [2238.0794684337106, 0.0, 0.0], "k_pid_vsp": [4271.29228882846, 3795.2904926031015, 3942.784139308112]}, "datetime": {"datetime": "2025-08-08 18:32:41", "elapsed": 6192.742685079575, "delta": 33.075706005096436}, "costs": {"total_cost": 2560.704009797639, "time_cost": 150, "final_distance_cost": 74.25521294113344, "oscillation_cost": 601.8282388997338, "completition_cost": 1000.0, "overshoot_cost": 568.7768042902175, "power_cost": 57.27634128417969, "noise_cost": 108.56741238237444, "n_waypoints_completed": 0, "tot_waypoints": 9}}
{"target": -1853.2182962519366, "params": {"k_pid_pos": [4875.000509911357, 2751.2025689042944, 10000.0], "k_pid_alt": [10000.0, 5590.989227895592, 0.0], "k_pid_att": [10000.0, 10000.0, 0.0], "k_pid_yaw": [0.5, 1e-06, 0.1], "k_pid_hsp": [5937.616177194379, 10000.0, 0.0], "k_pid_vsp": [5776.159866428467, 0.0, 8602.678083568902]}, "datetime": {"datetime": "2025-08-08 18:33:13", "elapsed": 6225.157128572464, "delta": 32.414443492889404}, "costs": {"total_cost": 1853.2182962519366, "time_cost": 150, "final_distance_cost": 54.326590958689394, "oscillation_cost": 812.1447207810924, "completition_cost": 666.6666666666667, "overshoot_cost": 103.75624431067055, "power_cost": 37.76647080078125, "noise_cost": 28.557602734036493, "n_waypoints_completed": 3, "tot_waypoints": 9}}
{"target": -15007.862408769317, "params": {"k_pid_pos": [338.2950458966005, 4714.163723835241, 8171.0610465293385], "k_pid_alt": [7332.438384839679, 8090.464952357005, 2137.2454382704377], "k_pid_att": [3115.45213583723, 7530.255404353974, 8740.48330180556], "k_pid_yaw": [0.5, 1e-06, 0.1], "k_pid_hsp": [8271.597199306676, 4910.90856740521, 8819.36051315444], "k_pid_vsp": [1561.7312810852745, 1912.0366532042344, 2879.6149555666616]}, "datetime": {"datetime": "2025-08-08 18:33:43", "elapsed": 6255.4028260707855, "delta": 30.245697498321533}, "costs": {"total_cost": 15007.862408769317, "time_cost": 150, "final_distance_cost": 4239.289434278743, "oscillation_cost": 1310.1643224389538, "completition_cost": 1000.0, "overshoot_cost": 8141.0163107410435, "power_cost": 53.85914392089844, "noise_cost": 113.5331973896792, "n_waypoints_completed": 0, "tot_waypoints": 9}}
{"target": -5753.12169144392, "params": {"k_pid_pos": [7216.725213641073, 5135.846848349273, 6545.197018850681], "k_pid_alt": [5500.203037748497, 8225.793355251304, 7852.034981882365], "k_pid_att": [3221.6085155555884, 6497.989722961801, 6691.597690884709], "k_pid_yaw": [0.5, 1e-06, 0.1], "k_pid_hsp": [3385.3282594116417, 7659.644493594118, 3562.010868028781], "k_pid_vsp": [9262.163603213894, 6205.547776099015, 5535.399650220352]}, "datetime": {"datetime": "2025-08-08 18:34:13", "elapsed": 6285.030366897583, "delta": 29.627540826797485}, "costs": {"total_cost": 5753.12169144392, "time_cost": 150, "final_distance_cost": 1055.9330388618766, "oscillation_cost": 1175.0244808064683, "completition_cost": 1000.0, "overshoot_cost": 2173.803766387087, "power_cost": 58.62159517822266, "noise_cost": 139.7388102102658, "n_waypoints_completed": 0, "tot_waypoints": 9}}
{"target": -17289.580825333775, "params": {"k_pid_pos": [3335.242988377857, 2170.945237306615, 2234.737363167291], "k_pid_alt": [7886.291520210353, 4524.299879123596, 8853.265438995217], "k_pid_att": [1858.5540057540927, 8624.82689948734, 2601.7747131896085], "k_pid_yaw": [0.5, 1e-06, 0.1], "k_pid_hsp": [2644.994710699259, 9307.50619229092, 8703.490363094576], "k_pid_vsp": [9072.323520671418, 88.42818061240098, 6149.781147721287]}, "datetime": {"datetime": "2025-08-08 18:34:43", "elapsed": 6314.561527729034, "delta": 29.531160831451416}, "costs": {"total_cost": 17289.580825333775, "time_cost": 150, "final_distance_cost": 5445.02460930356, "oscillation_cost": 1530.2253794245416, "completition_cost": 1000.0, "overshoot_cost": 8961.89445153668, "power_cost": 58.62169725341797, "noise_cost": 143.81468781557595, "n_waypoints_completed": 0, "tot_waypoints": 9}}
{"target": -1917.8731731946493, "params": {"k_pid_pos": [8261.237122299623, 10000.0, 10000.0], "k_pid_alt": [8956.761084613172, 9967.940769171979, 9862.873045633201], "k_pid_att": [7834.740658706994, 4895.184167839897, 2894.2173853761647], "k_pid_yaw": [0.5, 1e-06, 0.1], "k_pid_hsp": [4954.615828668847, 8438.47290955921, 3274.0333362688075], "k_pid_vsp": [10000.0, 7823.920701232258, 4834.586349219886]}, "datetime": {"datetime": "2025-08-08 18:35:14", "elapsed": 6346.209336042404, "delta": 31.64780831336975}, "costs": {"total_cost": 1917.8731731946493, "time_cost": 150, "final_distance_cost": 71.10030698640257, "oscillation_cost": 226.56078527695766, "completition_cost": 1000.0, "overshoot_cost": 374.5726449743122, "power_cost": 44.93962678222656, "noise_cost": 50.699809174750165, "n_waypoints_completed": 0, "tot_waypoints": 9}}
{"target": -992.8898919347513, "params": {"k_pid_pos": [5657.187099790581, 10000.0, 4049.72354342343], "k_pid_alt": [10000.0, 0.0, 2762.615756143115], "k_pid_att": [6183.923268984048, 1649.9061912243724, 0.0], "k_pid_yaw": [0.5, 1e-06, 0.1], "k_pid_hsp": [7347.583742238696, 10000.0, 0.0], "k_pid_vsp": [5901.387789222695, 0.0, 0.0]}, "datetime": {"datetime": "2025-08-08 18:35:47", "elapsed": 6379.054172992706, "delta": 32.844836950302124}, "costs": {"total_cost": 992.8898919347513, "time_cost": 150, "final_distance_cost": 74.33093855358143, "oscillation_cost": 297.5890233074965, "completition_cost": 333.33333333333337, "overshoot_cost": 67.20391770390282, "power_cost": 41.5085758178711, "noise_cost": 28.924103218566046, "n_waypoints_completed": 6, "tot_waypoints": 9}}
{"target": -1504.9880971173534, "params": {"k_pid_pos": [363.8818801504992, 8548.91726734546, 0.0], "k_pid_alt": [8901.264657546812, 0.0, 0.0], "k_pid_att": [6900.31279931082, 4263.628717460258, 0.0], "k_pid_yaw": [0.5, 1e-06, 0.1], "k_pid_hsp": [10000.0, 2025.0506184956714, 0.0], "k_pid_vsp": [3576.755027745199, 5728.411219539267, 4363.360580585086]}, "datetime": {"datetime": "2025-08-08 18:36:19", "elapsed": 6411.298134088516, "delta": 32.24396109580994}, "costs": {"total_cost": 1504.9880971173534, "time_cost": 150, "final_distance_cost": 43.98962681808727, "oscillation_cost": 189.86891276580678, "completition_cost": 1000.0, "overshoot_cost": 49.12955860938847, "power_cost": 42.87040847167969, "noise_cost": 29.129590452391312, "n_waypoints_completed": 0, "tot_waypoints": 9}}
{"target": -2436.7810995987425, "params": {"k_pid_pos": [1361.7438528849002, 3060.6344176010402, 536.869029996534], "k_pid_alt": [1857.5349152721521, 4353.943891404532, 4899.786691488801], "k_pid_att": [5768.42615879834, 3953.058118167796, 1950.5109029385726], "k_pid_yaw": [0.5, 1e-06, 0.1], "k_pid_hsp": [6660.920529500471, 9455.629398872847, 28.005117365000885], "k_pid_vsp": [3717.3544721169483, 6626.012974252664, 4714.643467177179]}, "datetime": {"datetime": "2025-08-08 18:36:50", "elapsed": 6441.562649965286, "delta": 30.26451587677002}, "costs": {"total_cost": 2436.7810995987425, "time_cost": 150, "final_distance_cost": 124.40676787021808, "oscillation_cost": 586.3106210547558, "completition_cost": 1000.0, "overshoot_cost": 422.77452996949705, "power_cost": 56.52453580322266, "noise_cost": 96.76464490104888, "n_waypoints_completed": 0, "tot_waypoints": 9}}
{"target": -1674.2650272945966, "params": {"k_pid_pos": [4290.298020500315, 4593.218409722717, 0.0], "k_pid_alt": [5805.874756316472, 3204.602948689755, 3232.14210532683], "k_pid_att": [10000.0, 7390.602735036784, 0.0], "k_pid_yaw": [0.5, 1e-06, 0.1], "k_pid_hsp": [10000.0, 7286.065023245497, 0.0], "k_pid_vsp": [3519.269557800953, 6247.081478429745, 1757.4937834823984]}, "datetime": {"datetime": "2025-08-08 18:37:24", "elapsed": 6475.616270542145, "delta": 34.05362057685852}, "costs": {"total_cost": 1674.2650272945966, "time_cost": 150, "final_distance_cost": 64.69443019244375, "oscillation_cost": 326.78149068559173, "completition_cost": 1000.0, "overshoot_cost": 62.64247250755494, "power_cost": 41.240008410644535, "noise_cost": 28.906625498361652, "n_waypoints_completed": 0, "tot_waypoints": 9}}
{"target": -1525.0546904203543, "params": {"k_pid_pos": [5409.296803435053, 9277.248511731888, 5408.999755942999], "k_pid_alt": [5414.345111429189, 4906.678072627416, 9742.60015838408], "k_pid_att": [10000.0, 1668.995264682695, 0.0], "k_pid_yaw": [0.5, 1e-06, 0.1], "k_pid_hsp": [8440.401490593975, 10000.0, 0.0], "k_pid_vsp": [1870.6812900580194, 6077.490555825818, 5887.936438716353]}, "datetime": {"datetime": "2025-08-08 18:37:57", "elapsed": 6508.606224536896, "delta": 32.98995399475098}, "costs": {"total_cost": 1525.0546904203543, "time_cost": 150, "final_distance_cost": 72.90736499484711, "oscillation_cost": 277.7225240009925, "completition_cost": 888.8888888888888, "overshoot_cost": 64.34978572187865, "power_cost": 41.93421901855469, "noise_cost": 29.251907795192604, "n_waypoints_completed": 1, "tot_waypoints": 9}}
{"target": -2153.2276544552474, "params": {"k_pid_pos": [0.0, 1098.916560149445, 0.0], "k_pid_alt": [3904.5111128124586, 8273.173802423082, 0.0], "k_pid_att": [10000.0, 9049.658494761929, 0.0], "k_pid_yaw": [0.5, 1e-06, 0.1], "k_pid_hsp": [6966.122498458762, 0.0, 0.0], "k_pid_vsp": [0.0, 5225.485184120072, 9655.162422830575]}, "datetime": {"datetime": "2025-08-08 18:38:29", "elapsed": 6541.489257574081, "delta": 32.88303303718567}, "costs": {"total_cost": 2153.2276544552474, "time_cost": 150, "final_distance_cost": 232.85609250172493, "oscillation_cost": 190.62163282744103, "completition_cost": 1000.0, "overshoot_cost": 505.0106419105619, "power_cost": 44.243982019042974, "noise_cost": 30.495305196476565, "n_waypoints_completed": 0, "tot_waypoints": 9}}
{"target": -11934.138798327105, "params": {"k_pid_pos": [3631.2810634762936, 2436.951795062361, 7158.1064864380205], "k_pid_alt": [7919.0105127753195, 4295.130391595363, 9694.726859873583], "k_pid_att": [12.349090066134938, 265.02599991748644, 6020.114368603433], "k_pid_yaw": [0.5, 1e-06, 0.1], "k_pid_hsp": [2239.4466416306714, 5183.058141773774, 5699.911224579052], "k_pid_vsp": [2776.5550254200875, 8350.049571963651, 8740.577185151024]}, "datetime": {"datetime": "2025-08-08 18:39:00", "elapsed": 6572.196576118469, "delta": 30.707318544387817}, "costs": {"total_cost": 11934.138798327105, "time_cost": 150, "final_distance_cost": 3264.8038791393183, "oscillation_cost": 23.564405366733777, "completition_cost": 1000.0, "overshoot_cost": 7432.5715770536335, "power_cost": 35.39351364746094, "noise_cost": 27.80542311995912, "n_waypoints_completed": 0, "tot_waypoints": 9}}
{"target": -1988.5901752334769, "params": {"k_pid_pos": [72.37186140562125, 866.4169624664164, 6978.825897666263], "k_pid_alt": [7053.865628183835, 3678.0030969223153, 6761.549401965435], "k_pid_att": [5476.801492186256, 8371.65788316663, 2390.982663082006], "k_pid_yaw": [0.5, 1e-06, 0.1], "k_pid_hsp": [3474.401897632978, 710.591909684375, 2783.020791127], "k_pid_vsp": [1551.5411102786281, 7862.361157563345, 8703.541422446655]}, "datetime": {"datetime": "2025-08-08 18:39:30", "elapsed": 6601.806517124176, "delta": 29.609941005706787}, "costs": {"total_cost": 1988.5901752334769, "time_cost": 150, "final_distance_cost": 153.48435361635387, "oscillation_cost": 101.03319872520841, "completition_cost": 1000.0, "overshoot_cost": 520.7168121250728, "power_cost": 35.518258349609376, "noise_cost": 27.837552417232185, "n_waypoints_completed": 0, "tot_waypoints": 9}}
