{"target": -3352.780962338583, "params": {"k_pid_pos": [3722.386105792195, 8420.379944560904, 6787.000372362827], "k_pid_alt": [5658.421187540928, 6971.98977359148, 4904.356309283531], "k_pid_att": [2825.84157716779, 955.6292857623328, 741.8519265081958], "k_pid_yaw": [0.5, 1e-06, 0.1], "k_pid_hsp": [7749.718938232658, 4011.134313191188, 4708.302983585592], "k_pid_vsp": [3292.764734916871, 4484.429304890965, 2033.45566102767]}, "datetime": {"datetime": "2025-08-08 17:59:21", "elapsed": 4193.027723789215, "delta": 29.98175835609436}, "costs": {"total_cost": 3352.780962338583, "time_cost": 150, "final_distance_cost": 419.4274277146597, "oscillation_cost": 506.6352078517901, "completition_cost": 1000.0, "overshoot_cost": 1116.6449281590849, "power_cost": 56.89722412109375, "noise_cost": 103.17617449195465, "n_waypoints_completed": 0, "tot_waypoints": 9}}
{"target": -1719.4527516078238, "params": {"k_pid_pos": [6465.408148640147, 10000.0, 6027.666620197843], "k_pid_alt": [8344.317790848492, 7612.80938813269, 6563.709483613473], "k_pid_att": [10000.0, 2349.6952706956936, 0.0], "k_pid_yaw": [0.5, 1e-06, 0.1], "k_pid_hsp": [6054.536043119729, 0.0, 0.0], "k_pid_vsp": [1026.024811885339, 10000.0, 5214.288893918265]}, "datetime": {"datetime": "2025-08-08 17:59:53", "elapsed": 4225.040487289429, "delta": 32.01276350021362}, "costs": {"total_cost": 1719.4527516078238, "time_cost": 150, "final_distance_cost": 40.85916158725644, "oscillation_cost": 398.52962356297155, "completition_cost": 1000.0, "overshoot_cost": 62.54971552020361, "power_cost": 38.94474368896485, "noise_cost": 28.569507248427573, "n_waypoints_completed": 0, "tot_waypoints": 9}}
{"target": -2292.6340921417277, "params": {"k_pid_pos": [7302.472192645358, 10000.0, 4264.59542580368], "k_pid_alt": [3331.5589692125345, 0.0, 7382.139868546391], "k_pid_att": [10000.0, 2300.1119633480575, 0.0], "k_pid_yaw": [0.5, 1e-06, 0.1], "k_pid_hsp": [5675.536354817431, 0.0, 7540.417830428399], "k_pid_vsp": [2191.705211914056, 10000.0, 3997.8905870126887]}, "datetime": {"datetime": "2025-08-08 18:00:25", "elapsed": 4256.975855112076, "delta": 31.935367822647095}, "costs": {"total_cost": 2292.6340921417277, "time_cost": 150, "final_distance_cost": 79.4462115582413, "oscillation_cost": 777.2244949307394, "completition_cost": 1000.0, "overshoot_cost": 222.81052583733663, "power_cost": 35.33111672363282, "noise_cost": 27.82174309177768, "n_waypoints_completed": 0, "tot_waypoints": 9}}
{"target": -9891.131973009098, "params": {"k_pid_pos": [6110.820176823309, 8385.931708686743, 8595.636121437317], "k_pid_alt": [6123.165792971966, 266.0320429770091, 6292.727715620351], "k_pid_att": [3093.4039252882926, 2796.5894583964414, 2692.8049536935428], "k_pid_yaw": [0.5, 1e-06, 0.1], "k_pid_hsp": [65.36380429988498, 7706.863210607765, 2706.6927691483534], "k_pid_vsp": [3174.2721482818215, 6299.457263372351, 3776.8161921082124]}, "datetime": {"datetime": "2025-08-08 18:00:55", "elapsed": 4286.959095239639, "delta": 29.983240127563477}, "costs": {"total_cost": 9891.131973009098, "time_cost": 150, "final_distance_cost": 2981.1865587786683, "oscillation_cost": 718.5256008204516, "completition_cost": 1000.0, "overshoot_cost": 4843.603401478428, "power_cost": 58.47461090087891, "noise_cost": 139.3418010306729, "n_waypoints_completed": 0, "tot_waypoints": 9}}
{"target": -6755.396629436138, "params": {"k_pid_pos": [1965.738250191541, 194.6053625527311, 5768.563669461783], "k_pid_alt": [5699.428970792142, 4477.109207255564, 6755.376721572989], "k_pid_att": [5105.267417914475, 7658.377581478651, 4996.155885158378], "k_pid_yaw": [0.5, 1e-06, 0.1], "k_pid_hsp": [5859.426124557444, 394.9719772110483, 1117.314624541772], "k_pid_vsp": [4261.389061836852, 8429.193252765266, 5903.2764945579465]}, "datetime": {"datetime": "2025-08-08 18:01:25", "elapsed": 4317.339214801788, "delta": 30.380119562149048}, "costs": {"total_cost": 6755.396629436138, "time_cost": 150, "final_distance_cost": 1365.6995673854397, "oscillation_cost": 645.3163229208895, "completition_cost": 1000.0, "overshoot_cost": 3433.804411315404, "power_cost": 53.11250317382813, "noise_cost": 107.46382464057605, "n_waypoints_completed": 0, "tot_waypoints": 9}}
{"target": -1320.2567994320016, "params": {"k_pid_pos": [7508.586117259904, 10000.0, 7459.750452020697], "k_pid_alt": [10000.0, 1833.0785719115443, 6662.807957773339], "k_pid_att": [10000.0, 4927.822144145596, 0.0], "k_pid_yaw": [0.5, 1e-06, 0.1], "k_pid_hsp": [6431.007324321754, 9300.639337514802, 6159.94963945673], "k_pid_vsp": [8289.644183840304, 5761.6376371715305, 1495.5900903782203]}, "datetime": {"datetime": "2025-08-08 18:01:58", "elapsed": 4350.142423391342, "delta": 32.80320858955383}, "costs": {"total_cost": 1320.2567994320016, "time_cost": 150, "final_distance_cost": 46.726517749409105, "oscillation_cost": 297.92055875806443, "completition_cost": 666.6666666666667, "overshoot_cost": 90.2512173373883, "power_cost": 40.08059304199219, "noise_cost": 28.611245878480908, "n_waypoints_completed": 3, "tot_waypoints": 9}}
{"target": -1441.0558563356997, "params": {"k_pid_pos": [9249.434924175113, 10000.0, 10000.0], "k_pid_alt": [8074.673121064153, 0.0, 3913.884526390135], "k_pid_att": [6307.653324322148, 2182.0526536968705, 0.0], "k_pid_yaw": [0.5, 1e-06, 0.1], "k_pid_hsp": [7065.969116053801, 2731.3595349666084, 5511.087735850165], "k_pid_vsp": [4791.299084369303, 0.0, 3599.1808219561203]}, "datetime": {"datetime": "2025-08-08 18:02:31", "elapsed": 4383.403514862061, "delta": 33.261091470718384}, "costs": {"total_cost": 1441.0558563356997, "time_cost": 150, "final_distance_cost": 55.14799000578316, "oscillation_cost": 530.1003049518918, "completition_cost": 555.5555555555555, "overshoot_cost": 84.88462386289126, "power_cost": 37.343914355468755, "noise_cost": 28.023467604109236, "n_waypoints_completed": 4, "tot_waypoints": 9}}
{"target": -9551.304718346326, "params": {"k_pid_pos": [9941.354301726156, 4669.866105353456, 6310.1615916915325], "k_pid_alt": [7572.519291694299, 8561.987615383783, 3238.423013890356], "k_pid_att": [2357.4808407251758, 60.419268186833186, 4323.106208607457], "k_pid_yaw": [0.5, 1e-06, 0.1], "k_pid_hsp": [8803.311739244507, 3567.860020653614, 5302.431901650381], "k_pid_vsp": [8580.900087717066, 7116.153838525329, 9555.912648644544]}, "datetime": {"datetime": "2025-08-08 18:03:01", "elapsed": 4413.311110019684, "delta": 29.90759515762329}, "costs": {"total_cost": 9551.304718346326, "time_cost": 150, "final_distance_cost": 2567.9548813431393, "oscillation_cost": 23.34980150469917, "completition_cost": 1000.0, "overshoot_cost": 5746.84197646826, "power_cost": 35.359254296875, "noise_cost": 27.79880473335271, "n_waypoints_completed": 0, "tot_waypoints": 9}}
{"target": -6678.234678284789, "params": {"k_pid_pos": [8490.068600762632, 9648.946896405752, 2028.4282909030903], "k_pid_alt": [2871.0107403629204, 1154.1066503317531, 2912.888108456696], "k_pid_att": [6352.732357879034, 7001.437225218914, 5952.516836512487], "k_pid_yaw": [0.5, 1e-06, 0.1], "k_pid_hsp": [230.18758043823362, 4269.834623527144, 2750.341629495291], "k_pid_vsp": [9943.4240854666, 569.2054482962427, 4096.419896180592]}, "datetime": {"datetime": "2025-08-08 18:03:31", "elapsed": 4443.266460895538, "delta": 29.955350875854492}, "costs": {"total_cost": 6678.234678284789, "time_cost": 150, "final_distance_cost": 1309.4766895091407, "oscillation_cost": 1130.4212252417803, "completition_cost": 1000.0, "overshoot_cost": 2888.748762646222, "power_cost": 58.557094250488284, "noise_cost": 141.03090663715807, "n_waypoints_completed": 0, "tot_waypoints": 9}}
{"target": -1180.053189077068, "params": {"k_pid_pos": [2687.754781544207, 8770.992622924681, 2507.5602049914078], "k_pid_alt": [10000.0, 0.0, 783.8795296841884], "k_pid_att": [4940.376351478849, 5243.469292969526, 0.0], "k_pid_yaw": [0.5, 1e-06, 0.1], "k_pid_hsp": [5535.872538445283, 5744.715422487297, 5810.832709470431], "k_pid_vsp": [9950.664014292188, 0.0, 2353.136445954489]}, "datetime": {"datetime": "2025-08-08 18:04:04", "elapsed": 4475.557671070099, "delta": 32.29121017456055}, "costs": {"total_cost": 1180.053189077068, "time_cost": 150, "final_distance_cost": 32.379802509061726, "oscillation_cost": 285.30305669938946, "completition_cost": 555.5555555555555, "overshoot_cost": 88.89417844622291, "power_cost": 39.55080584716797, "noise_cost": 28.36979001967023, "n_waypoints_completed": 4, "tot_waypoints": 9}}
{"target": -21440.61130030173, "params": {"k_pid_pos": [4661.266053579097, 1795.321427726615, 2145.921572328494], "k_pid_alt": [8632.932848038296, 8656.367081688411, 5185.656591119185], "k_pid_att": [86.78580743848418, 4064.5655038104487, 3163.2463789291696], "k_pid_yaw": [0.5, 1e-06, 0.1], "k_pid_hsp": [5438.313603588657, 6592.6884833810855, 852.2476944571766], "k_pid_vsp": [8047.8526373291825, 2751.382141240798, 9528.433136540792]}, "datetime": {"datetime": "2025-08-08 18:04:34", "elapsed": 4506.145617008209, "delta": 30.58794593811035}, "costs": {"total_cost": 21440.61130030173, "time_cost": 150, "final_distance_cost": 6561.196473616639, "oscillation_cost": 1535.7020963621403, "completition_cost": 1000.0, "overshoot_cost": 12006.7529053051, "power_cost": 57.52505412597657, "noise_cost": 129.4347708918756, "n_waypoints_completed": 0, "tot_waypoints": 9}}
{"target": -1688.2317521578896, "params": {"k_pid_pos": [6398.75107326557, 6351.108624713512, 7035.885132171595], "k_pid_alt": [10000.0, 7573.673081680878, 1826.6235316508069], "k_pid_att": [10000.0, 10000.0, 0.0], "k_pid_yaw": [0.5, 1e-06, 0.1], "k_pid_hsp": [7500.671343447671, 7275.964792231412, 6678.9325286336725], "k_pid_vsp": [6229.3617035437655, 0.0, 2621.774775738063]}, "datetime": {"datetime": "2025-08-08 18:05:07", "elapsed": 4538.557682752609, "delta": 32.412065744400024}, "costs": {"total_cost": 1688.2317521578896, "time_cost": 150, "final_distance_cost": 50.23354241106266, "oscillation_cost": 339.4068328999297, "completition_cost": 1000.0, "overshoot_cost": 81.26060533068916, "power_cost": 38.910915466308595, "noise_cost": 28.41985604989949, "n_waypoints_completed": 0, "tot_waypoints": 9}}
{"target": -4243.973958757953, "params": {"k_pid_pos": [1885.998466918013, 9760.245783993194, 2936.7831933031075], "k_pid_alt": [6436.429594906796, 3759.683152735769, 4993.481822760364], "k_pid_att": [7326.97314351946, 4013.1846551616445, 8007.04292344519], "k_pid_yaw": [0.5, 1e-06, 0.1], "k_pid_hsp": [1364.0356197769077, 8659.60783282007, 1193.2877189230983], "k_pid_vsp": [4875.825342524711, 8255.539915868347, 7435.431483923147]}, "datetime": {"datetime": "2025-08-08 18:05:37", "elapsed": 4568.7460062503815, "delta": 30.188323497772217}, "costs": {"total_cost": 4243.973958757953, "time_cost": 150, "final_distance_cost": 710.3049368534322, "oscillation_cost": 401.0181463722819, "completition_cost": 1000.0, "overshoot_cost": 1846.0092378311424, "power_cost": 49.27582462158203, "noise_cost": 87.36581307951579, "n_waypoints_completed": 0, "tot_waypoints": 9}}
{"target": -9576.728921690681, "params": {"k_pid_pos": [4284.941516041559, 9157.645764927754, 2694.9660386104156], "k_pid_alt": [4650.15915389473, 464.7556843697498, 6715.747509206394], "k_pid_att": [1067.1783733155194, 5527.845724476161, 9481.728913558542], "k_pid_yaw": [0.5, 1e-06, 0.1], "k_pid_hsp": [536.1664122627752, 3952.4174251255704, 6511.474845784503], "k_pid_vsp": [6021.624782725924, 5608.669426091241, 9299.94728448847]}, "datetime": {"datetime": "2025-08-08 18:06:07", "elapsed": 4599.129700183868, "delta": 30.38369393348694}, "costs": {"total_cost": 9576.728921690681, "time_cost": 150, "final_distance_cost": 2095.517568567886, "oscillation_cost": 605.4638385534075, "completition_cost": 1000.0, "overshoot_cost": 5579.38843160385, "power_cost": 52.023173425292974, "noise_cost": 94.33590954024213, "n_waypoints_completed": 0, "tot_waypoints": 9}}
{"target": -1294.2900343286037, "params": {"k_pid_pos": [5502.3731929317055, 9193.108184124842, 0.0], "k_pid_alt": [3521.599230876702, 0.0, 596.1536073632543], "k_pid_att": [10000.0, 7674.4798032716535, 0.0], "k_pid_yaw": [0.5, 1e-06, 0.1], "k_pid_hsp": [8593.686489525679, 6907.586434130283, 4268.113503884275], "k_pid_vsp": [4630.98739946315, 0.0, 3276.4840098740715]}, "datetime": {"datetime": "2025-08-08 18:06:39", "elapsed": 4630.704172372818, "delta": 31.574472188949585}, "costs": {"total_cost": 1294.2900343286037, "time_cost": 150, "final_distance_cost": 50.01441220021203, "oscillation_cost": 272.3214772505608, "completition_cost": 666.6666666666667, "overshoot_cost": 85.9392675802131, "power_cost": 40.57108287353516, "noise_cost": 28.777127757415776, "n_waypoints_completed": 3, "tot_waypoints": 9}}
{"target": -1760.6004172259888, "params": {"k_pid_pos": [1444.8377805163236, 5863.611878746336, 0.0], "k_pid_alt": [3426.5558649906225, 8252.184139879348, 0.0], "k_pid_att": [10000.0, 10000.0, 0.0], "k_pid_yaw": [0.5, 1e-06, 0.1], "k_pid_hsp": [10000.0, 0.0, 5164.721609426809], "k_pid_vsp": [293.3145520642796, 5892.442947123793, 0.0]}, "datetime": {"datetime": "2025-08-08 18:07:12", "elapsed": 4663.554667234421, "delta": 32.85049486160278}, "costs": {"total_cost": 1760.6004172259888, "time_cost": 150, "final_distance_cost": 65.12028917241173, "oscillation_cost": 389.11155282026107, "completition_cost": 1000.0, "overshoot_cost": 88.33987484209578, "power_cost": 39.55574873046875, "noise_cost": 28.47295166075151, "n_waypoints_completed": 0, "tot_waypoints": 9}}
{"target": -2090.1399500834655, "params": {"k_pid_pos": [2360.669027852117, 10000.0, 10000.0], "k_pid_alt": [10000.0, 0.0, 9141.69251927245], "k_pid_att": [4467.9820006771715, 1748.857975570576, 0.0], "k_pid_yaw": [0.5, 1e-06, 0.1], "k_pid_hsp": [2877.831720828748, 5877.701046406561, 7246.838237056617], "k_pid_vsp": [8715.979998371517, 0.0, 0.0]}, "datetime": {"datetime": "2025-08-08 18:07:44", "elapsed": 4696.012267112732, "delta": 32.45759987831116}, "costs": {"total_cost": 2090.1399500834655, "time_cost": 150, "final_distance_cost": 71.63295081210211, "oscillation_cost": 821.9575316588489, "completition_cost": 888.8888888888888, "overshoot_cost": 93.84129723360122, "power_cost": 36.01165607910156, "noise_cost": 27.807625410923343, "n_waypoints_completed": 1, "tot_waypoints": 9}}
{"target": -7166.713171093636, "params": {"k_pid_pos": [1809.5940535200016, 8296.59925654658, 9285.016013971728], "k_pid_alt": [4102.306729299969, 397.47049208488926, 9683.128906384902], "k_pid_att": [8747.601110919122, 3192.494113672453, 4462.7971070551785], "k_pid_yaw": [0.5, 1e-06, 0.1], "k_pid_hsp": [6105.527678023584, 5386.1677412634735, 6964.714930876582], "k_pid_vsp": [4164.164800653025, 858.8358727150802, 768.2964200632591]}, "datetime": {"datetime": "2025-08-08 18:08:14", "elapsed": 4726.13575387001, "delta": 30.123486757278442}, "costs": {"total_cost": 7166.713171093636, "time_cost": 150, "final_distance_cost": 1751.959612551348, "oscillation_cost": 696.4621541078524, "completition_cost": 1000.0, "overshoot_cost": 3385.5551406605123, "power_cost": 58.513371691894534, "noise_cost": 124.22289208202882, "n_waypoints_completed": 0, "tot_waypoints": 9}}
{"target": -7461.251090940265, "params": {"k_pid_pos": [2744.9373925895284, 3219.027540975483, 6988.990223125265], "k_pid_alt": [5001.927728400886, 8377.580326116507, 4082.661056102201], "k_pid_att": [5178.4691009830285, 9067.434368859374, 4577.576825909986], "k_pid_yaw": [0.5, 1e-06, 0.1], "k_pid_hsp": [4485.133741870812, 9185.728655719324, 6141.2668648116205], "k_pid_vsp": [1773.1771054417577, 3385.3829390891733, 7541.901692136396]}, "datetime": {"datetime": "2025-08-08 18:08:44", "elapsed": 4756.30170583725, "delta": 30.16595196723938}, "costs": {"total_cost": 7461.251090940265, "time_cost": 150, "final_distance_cost": 1387.09587082929, "oscillation_cost": 1133.7071577256831, "completition_cost": 1000.0, "overshoot_cost": 3606.687410460795, "power_cost": 56.32119829101563, "noise_cost": 127.43945363348206, "n_waypoints_completed": 0, "tot_waypoints": 9}}
{"target": -3129.741005050461, "params": {"k_pid_pos": [2509.9083501075693, 8860.734643435932, 2143.4964095774035], "k_pid_alt": [5137.119326116264, 2551.5909223801136, 7025.537832208437], "k_pid_att": [4483.043637025022, 6127.489163972941, 6259.501708440381], "k_pid_yaw": [0.5, 1e-06, 0.1], "k_pid_hsp": [7192.2507909572405, 3112.013791845494, 2398.1131230000487], "k_pid_vsp": [4675.70032667686, 7485.7760739722, 3711.820465262611]}, "datetime": {"datetime": "2025-08-08 18:09:14", "elapsed": 4786.4988214969635, "delta": 30.197115659713745}, "costs": {"total_cost": 3129.741005050461, "time_cost": 150, "final_distance_cost": 169.06582108984225, "oscillation_cost": 797.9177656534647, "completition_cost": 1000.0, "overshoot_cost": 814.5318557897017, "power_cost": 58.649081042480475, "noise_cost": 139.57648147497218, "n_waypoints_completed": 0, "tot_waypoints": 9}}
{"target": -16897.055714737795, "params": {"k_pid_pos": [1843.6747038573797, 4.086230162310134, 8661.37577522523], "k_pid_alt": [6844.2805180931855, 5279.603293467822, 5231.212895764422], "k_pid_att": [8992.83697529923, 1577.3300754342013, 4030.6783823474802], "k_pid_yaw": [0.5, 1e-06, 0.1], "k_pid_hsp": [4441.5256239687, 2252.4578059009127, 1817.0151219121767], "k_pid_vsp": [8795.193277151913, 987.6487221606944, 2718.6615857759757]}, "datetime": {"datetime": "2025-08-08 18:09:45", "elapsed": 4817.10674738884, "delta": 30.60792589187622}, "costs": {"total_cost": 16897.055714737795, "time_cost": 150, "final_distance_cost": 3908.2685309662625, "oscillation_cost": 663.8910903865147, "completition_cost": 1000.0, "overshoot_cost": 11003.110126048674, "power_cost": 58.57952669677735, "noise_cost": 113.20644063957023, "n_waypoints_completed": 0, "tot_waypoints": 9}}
{"target": -619.766215054345, "params": {"k_pid_pos": [10000.0, 6673.583186307171, 8079.903924258167], "k_pid_alt": [7180.517363672895, 0.0, 3209.549986462281], "k_pid_att": [10000.0, 5751.291773371473, 0.0], "k_pid_yaw": [0.5, 1e-06, 0.1], "k_pid_hsp": [5800.5816207973985, 10000.0, 0.0], "k_pid_vsp": [2961.019955982378, 0.0, 2792.344000649506]}, "datetime": {"datetime": "2025-08-08 18:10:14", "elapsed": 4846.157357931137, "delta": 29.050610542297363}, "costs": {"total_cost": 619.766215054345, "time_cost": 108.745, "final_distance_cost": 1.8086642911918103, "oscillation_cost": 376.7087439551615, "completition_cost": 0.0, "overshoot_cost": 66.73257109942682, "power_cost": 38.04876202392578, "noise_cost": 27.72247368463907, "n_waypoints_completed": 9, "tot_waypoints": 9}}
{"target": -1447.2336090216202, "params": {"k_pid_pos": [2753.6238025807224, 0.0, 4887.0472742232305], "k_pid_alt": [8970.682350818563, 0.0, 10000.0], "k_pid_att": [10000.0, 5592.579873881543, 0.0], "k_pid_yaw": [0.5, 1e-06, 0.1], "k_pid_hsp": [0.0, 0.0, 0.0], "k_pid_vsp": [0.0, 10000.0, 10000.0]}, "datetime": {"datetime": "2025-08-08 18:10:47", "elapsed": 4879.304463863373, "delta": 33.14710593223572}, "costs": {"total_cost": 1447.2336090216202, "time_cost": 150, "final_distance_cost": 10.874955840053898, "oscillation_cost": 0.0, "completition_cost": 1000.0, "overshoot_cost": 166.4099510673916, "power_cost": 29.932059130859376, "noise_cost": 90.01664298331532, "n_waypoints_completed": 0, "tot_waypoints": 9}}
{"target": -4357.082784975463, "params": {"k_pid_pos": [5639.477668515871, 8983.781761705028, 6037.676240397566], "k_pid_alt": [9775.51153168949, 3690.270790635964, 3758.6664278869043], "k_pid_att": [9111.349676196625, 4535.179407216593, 6640.2811083259985], "k_pid_yaw": [0.5, 1e-06, 0.1], "k_pid_hsp": [9944.556787072843, 4036.3060941477424, 7267.9602441308325], "k_pid_vsp": [79.17403503808207, 2859.365990423739, 3439.2403875612354]}, "datetime": {"datetime": "2025-08-08 18:11:17", "elapsed": 4909.418737649918, "delta": 30.1142737865448}, "costs": {"total_cost": 4357.082784975463, "time_cost": 150, "final_distance_cost": 723.4745849566873, "oscillation_cost": 193.68552852948275, "completition_cost": 1000.0, "overshoot_cost": 2210.3296314024806, "power_cost": 43.60430895996094, "noise_cost": 35.98873112685151, "n_waypoints_completed": 0, "tot_waypoints": 9}}
{"target": -5695.297305148701, "params": {"k_pid_pos": [2709.694775499468, 2352.507521310805, 9775.112982264864], "k_pid_alt": [7905.903630471915, 5523.547176706497, 9978.582478773684], "k_pid_att": [7763.4605337928615, 9027.075142327563, 491.77519440376847], "k_pid_yaw": [0.5, 1e-06, 0.1], "k_pid_hsp": [3466.805567430361, 2899.4717616437847, 4545.483861766941], "k_pid_vsp": [7363.7065328724, 5040.073301548759, 8828.95781289436]}, "datetime": {"datetime": "2025-08-08 18:11:47", "elapsed": 4939.511039018631, "delta": 30.09230136871338}, "costs": {"total_cost": 5695.297305148701, "time_cost": 150, "final_distance_cost": 1394.305981904073, "oscillation_cost": 99.72111210867928, "completition_cost": 1000.0, "overshoot_cost": 2988.3880090711823, "power_cost": 35.0941552734375, "noise_cost": 27.788046791328178, "n_waypoints_completed": 0, "tot_waypoints": 9}}
{"target": -1792.5876582585934, "params": {"k_pid_pos": [6867.488105640705, 5264.2793442570755, 3084.3535293139807], "k_pid_alt": [5522.120615742344, 1222.6676525879182, 1160.303557319709], "k_pid_att": [10000.0, 6655.095454925536, 0.0], "k_pid_yaw": [0.5, 1e-06, 0.1], "k_pid_hsp": [5730.623853512601, 0.0, 0.0], "k_pid_vsp": [0.0, 5652.805789583819, 6112.490385832105]}, "datetime": {"datetime": "2025-08-08 18:12:20", "elapsed": 4972.132815122604, "delta": 32.62177610397339}, "costs": {"total_cost": 1792.5876582585934, "time_cost": 150, "final_distance_cost": 70.71895488179321, "oscillation_cost": 437.77198489375917, "completition_cost": 1000.0, "overshoot_cost": 63.874358858747385, "power_cost": 40.45721606445313, "noise_cost": 29.76514355984051, "n_waypoints_completed": 0, "tot_waypoints": 9}}
