{"target": -16679.564948958483, "params": {"k_pid_pos": [3829.132197172497, 9324.093982984421, 8868.924613188781], "k_pid_alt": [3754.195358273671, 5549.598767982295, 4001.1249326613574], "k_pid_att": [4476.613438672355, 8859.052100001796, 9210.507863050489], "k_pid_yaw": [0.5, 1e-06, 0.1], "k_pid_hsp": [3892.983979594178, 1808.828515112586, 7848.479971584823], "k_pid_vsp": [4986.128530981041, 2108.752634645519, 8282.221668438451]}, "datetime": {"datetime": "2025-08-09 15:10:45", "elapsed": 80476.71771788597, "delta": 37.06771111488342}, "costs": {"total_cost": 16679.564948958483, "time_cost": 150, "final_distance_cost": 5266.790565232774, "oscillation_cost": 1104.1089721423393, "completition_cost": 1000.0, "overshoot_cost": 9001.235744651683, "power_cost": 52.63407706298828, "noise_cost": 104.79558986870009, "n_waypoints_completed": 0, "tot_waypoints": 9}}
{"target": -1850.7933733840719, "params": {"k_pid_pos": [3142.4262603800703, 9009.012213091984, 6276.291979246695], "k_pid_alt": [8697.741783735548, 2534.704727713565, 7604.003737476181], "k_pid_att": [7349.663264858583, 3978.4584180710935, 339.56899659548736], "k_pid_yaw": [0.5, 1e-06, 0.1], "k_pid_hsp": [3535.710180893955, 3349.6065329501744, 4029.4006015386385], "k_pid_vsp": [3923.6672040968156, 2597.1553320636, 4416.2783145446265]}, "datetime": {"datetime": "2025-08-09 15:11:21", "elapsed": 80512.7094771862, "delta": 35.991759300231934}, "costs": {"total_cost": 1850.7933733840719, "time_cost": 150, "final_distance_cost": 144.40805326533146, "oscillation_cost": 106.06505650928197, "completition_cost": 1000.0, "overshoot_cost": 387.17956728158066, "power_cost": 35.224266247558596, "noise_cost": 27.916430080319344, "n_waypoints_completed": 0, "tot_waypoints": 9}}
{"target": -1504.262818475393, "params": {"k_pid_pos": [5349.6109022315795, 7513.375333107461, 598.8549114050501], "k_pid_alt": [4394.059086762941, 4378.280285498808, 4268.015182072531], "k_pid_att": [5352.715461667695, 4035.3420099457394, 164.3832622566055], "k_pid_yaw": [0.5, 1e-06, 0.1], "k_pid_hsp": [7374.192658471656, 6452.901227612966, 3473.012710051514], "k_pid_vsp": [4794.466430054449, 4668.352892086726, 3354.966003754396]}, "datetime": {"datetime": "2025-08-09 15:11:57", "elapsed": 80548.54567360878, "delta": 35.836196422576904}, "costs": {"total_cost": 1504.262818475393, "time_cost": 150, "final_distance_cost": 61.19736226556673, "oscillation_cost": 154.8332741143604, "completition_cost": 1000.0, "overshoot_cost": 70.72065312773627, "power_cost": 39.21410228271485, "noise_cost": 28.2974266850147, "n_waypoints_completed": 0, "tot_waypoints": 9}}
{"target": -2823.2741411060447, "params": {"k_pid_pos": [8708.750707835394, 7966.549719525141, 8085.50697425478], "k_pid_alt": [1943.2646307775858, 887.3476915928453, 1682.1399907833804], "k_pid_att": [8956.40109552993, 8163.682483808041, 4152.040258814564], "k_pid_yaw": [0.5, 1e-06, 0.1], "k_pid_hsp": [10000.0, 5536.851728243613, 6343.092096228277], "k_pid_vsp": [10000.0, 1847.1789918430595, 1879.5731848802745]}, "datetime": {"datetime": "2025-08-09 15:13:09", "elapsed": 80621.04269886017, "delta": 72.49702525138855}, "costs": {"total_cost": 2823.2741411060447, "time_cost": 150, "final_distance_cost": 395.80049565583283, "oscillation_cost": 294.71599700991464, "completition_cost": 1000.0, "overshoot_cost": 868.7244699030308, "power_cost": 46.00898977050782, "noise_cost": 68.02418876675839, "n_waypoints_completed": 0, "tot_waypoints": 9}}
{"target": -6010.010395241424, "params": {"k_pid_pos": [2603.870494526651, 8898.19553094873, 4870.551691408877], "k_pid_alt": [6973.980981671883, 9726.918865308739, 8491.066947832365], "k_pid_att": [6412.351870437174, 5647.943713341896, 7264.178702863965], "k_pid_yaw": [0.5, 1e-06, 0.1], "k_pid_hsp": [2933.0510721435176, 2959.6703724511362, 862.6070552311294], "k_pid_vsp": [6334.45344565451, 3080.7421350480035, 8407.211498792713]}, "datetime": {"datetime": "2025-08-09 15:13:46", "elapsed": 80657.80359745026, "delta": 36.76089859008789}, "costs": {"total_cost": 6010.010395241424, "time_cost": 150, "final_distance_cost": 1455.7049837035622, "oscillation_cost": 550.8566724001142, "completition_cost": 1000.0, "overshoot_cost": 2704.812478531088, "power_cost": 51.94836633300781, "noise_cost": 96.68789427365243, "n_waypoints_completed": 0, "tot_waypoints": 9}}
{"target": -5496.4690335793, "params": {"k_pid_pos": [3700.445603199117, 9319.716143694286, 3711.8362906552293], "k_pid_alt": [1690.4104147730093, 2504.4378704063606, 5617.501685454676], "k_pid_att": [3406.899292559391, 1792.585451715627, 2733.0529416649497], "k_pid_yaw": [0.5, 1e-06, 0.1], "k_pid_hsp": [6350.002303009738, 5990.2446186062925, 4621.323024200651], "k_pid_vsp": [2441.7461663014296, 5256.169965253928, 4413.367869724084]}, "datetime": {"datetime": "2025-08-09 15:14:22", "elapsed": 80694.37182474136, "delta": 36.56822729110718}, "costs": {"total_cost": 5496.4690335793, "time_cost": 150, "final_distance_cost": 1377.454116627165, "oscillation_cost": 340.5961212154736, "completition_cost": 1000.0, "overshoot_cost": 2505.956888057418, "power_cost": 46.803247741699224, "noise_cost": 75.65865993754508, "n_waypoints_completed": 0, "tot_waypoints": 9}}
{"target": -2220.1276984497313, "params": {"k_pid_pos": [5813.423902561585, 6977.852798765114, 3104.6803461962268], "k_pid_alt": [3502.2103888537836, 7808.6167482010405, 2032.230766029659], "k_pid_att": [7848.54458218762, 7132.553496652507, 3228.754819831657], "k_pid_yaw": [0.5, 1e-06, 0.1], "k_pid_hsp": [9494.766554275988, 496.6266789332363, 1874.4537675497497], "k_pid_vsp": [6128.043515033019, 3005.8859838781236, 5709.365171478203]}, "datetime": {"datetime": "2025-08-09 15:14:59", "elapsed": 80731.51812195778, "delta": 37.146297216415405}, "costs": {"total_cost": 2220.1276984497313, "time_cost": 150, "final_distance_cost": 149.23790579935584, "oscillation_cost": 71.26556576645457, "completition_cost": 1000.0, "overshoot_cost": 786.1709025333612, "power_cost": 35.660133410644534, "noise_cost": 27.793190939915362, "n_waypoints_completed": 0, "tot_waypoints": 9}}
{"target": -1201.3821260734123, "params": {"k_pid_pos": [10000.0, 10000.0, 0.0], "k_pid_alt": [10000.0, 6980.510467460447, 4181.36395433216], "k_pid_att": [10000.0, 8508.405152799935, 0.0], "k_pid_yaw": [0.5, 1e-06, 0.1], "k_pid_hsp": [859.0386311737502, 6836.1416729482935, 1005.0200063873218], "k_pid_vsp": [9096.657435560322, 4668.771348061115, 3185.023318868781]}, "datetime": {"datetime": "2025-08-09 15:16:05", "elapsed": 80797.04694342613, "delta": 65.52882146835327}, "costs": {"total_cost": 1201.3821260734123, "time_cost": 150, "final_distance_cost": 51.211441165491806, "oscillation_cost": 169.1707386339014, "completition_cost": 666.6666666666667, "overshoot_cost": 93.31612863973284, "power_cost": 42.036712707519534, "noise_cost": 28.98043826010005, "n_waypoints_completed": 3, "tot_waypoints": 9}}
{"target": -8558.455000772205, "params": {"k_pid_pos": [7823.576196695405, 4808.670794724073, 3088.167696553844], "k_pid_alt": [193.5221415301369, 2074.4636777147275, 6768.153414261346], "k_pid_att": [3394.63706326551, 359.6831989553462, 6419.743138839278], "k_pid_yaw": [0.5, 1e-06, 0.1], "k_pid_hsp": [5290.011028963355, 2166.8524932897794, 8842.360757725954], "k_pid_vsp": [4915.4826724338245, 2766.0795610155265, 9138.410214470532]}, "datetime": {"datetime": "2025-08-09 15:16:42", "elapsed": 80834.08294439316, "delta": 37.03600096702576}, "costs": {"total_cost": 8558.455000772205, "time_cost": 150, "final_distance_cost": 2279.5328108478247, "oscillation_cost": 23.290124444493287, "completition_cost": 1000.0, "overshoot_cost": 5042.51214221795, "power_cost": 35.32499494628907, "noise_cost": 27.794928315646114, "n_waypoints_completed": 0, "tot_waypoints": 9}}
{"target": -1383.0798341868674, "params": {"k_pid_pos": [8513.875758799091, 9335.754428931668, 2452.5885053904185], "k_pid_alt": [905.2405469880409, 3114.43234409709, 678.1437059172579], "k_pid_att": [8514.367990407964, 9398.323020244552, 701.2415005611572], "k_pid_yaw": [0.5, 1e-06, 0.1], "k_pid_hsp": [8648.765963150823, 7018.005142196688, 4736.743895858602], "k_pid_vsp": [4182.432272447646, 4908.4255700204885, 6263.982881193984]}, "datetime": {"datetime": "2025-08-09 15:17:18", "elapsed": 80870.32061362267, "delta": 36.237669229507446}, "costs": {"total_cost": 1383.0798341868674, "time_cost": 150, "final_distance_cost": 84.59832543310685, "oscillation_cost": 137.2165721204172, "completition_cost": 777.7777777777778, "overshoot_cost": 166.0371839823375, "power_cost": 38.492435400390626, "noise_cost": 28.957539472837535, "n_waypoints_completed": 2, "tot_waypoints": 9}}
{"target": -2310.5677609470126, "params": {"k_pid_pos": [4881.992436217058, 1318.5951847340455, 0.0], "k_pid_alt": [10000.0, 4535.4761474136785, 6056.945386398394], "k_pid_att": [5800.296059885539, 4012.3794775310953, 0.0], "k_pid_yaw": [0.5, 1e-06, 0.1], "k_pid_hsp": [0.0, 0.0, 2244.435274898368], "k_pid_vsp": [9625.107615727935, 7373.082558181963, 0.0]}, "datetime": {"datetime": "2025-08-09 15:18:32", "elapsed": 80944.16394162178, "delta": 73.84332799911499}, "costs": {"total_cost": 2310.5677609470126, "time_cost": 150, "final_distance_cost": 108.98363376556271, "oscillation_cost": 791.7539137220003, "completition_cost": 1000.0, "overshoot_cost": 196.39503298409036, "power_cost": 35.74516837158203, "noise_cost": 27.690012103776844, "n_waypoints_completed": 0, "tot_waypoints": 9}}
{"target": -5903.5409849498055, "params": {"k_pid_pos": [7707.44864852036, 3488.8727349046144, 678.7566016859492], "k_pid_alt": [2359.81379028287, 5220.810360255549, 2138.675138161115], "k_pid_att": [6557.328473602753, 264.4598210031346, 8348.586137034627], "k_pid_yaw": [0.5, 1e-06, 0.1], "k_pid_hsp": [5636.234560487812, 2225.0215597261204, 8745.972064105177], "k_pid_vsp": [9642.3441064025, 1989.4155589977224, 6011.121745316387]}, "datetime": {"datetime": "2025-08-09 15:19:09", "elapsed": 80980.54594039917, "delta": 36.381998777389526}, "costs": {"total_cost": 5903.5409849498055, "time_cost": 150, "final_distance_cost": 1137.3407671315233, "oscillation_cost": 772.2521466663688, "completition_cost": 1000.0, "overshoot_cost": 2660.832853850384, "power_cost": 58.55283464355469, "noise_cost": 124.562382657975, "n_waypoints_completed": 0, "tot_waypoints": 9}}
{"target": -1766.891288652858, "params": {"k_pid_pos": [1256.7077274448657, 7020.476267518066, 7616.569620210071], "k_pid_alt": [5104.27334797721, 7668.494070453344, 2981.40768035011], "k_pid_att": [9010.666093387566, 9953.482060853139, 1671.3455318742388], "k_pid_yaw": [0.5, 1e-06, 0.1], "k_pid_hsp": [7202.112013235189, 7458.678380073554, 9568.792046744811], "k_pid_vsp": [7680.55905191709, 6188.710613407224, 5388.10560412554]}, "datetime": {"datetime": "2025-08-09 15:19:45", "elapsed": 81017.48586010933, "delta": 36.9399197101593}, "costs": {"total_cost": 1766.891288652858, "time_cost": 150, "final_distance_cost": 123.69988739746789, "oscillation_cost": 91.23220548036802, "completition_cost": 888.8888888888888, "overshoot_cost": 449.7326678915981, "power_cost": 35.53956704101563, "noise_cost": 27.798071953519695, "n_waypoints_completed": 1, "tot_waypoints": 9}}
{"target": -1009.0044349138392, "params": {"k_pid_pos": [10000.0, 10000.0, 0.0], "k_pid_alt": [6183.0368944051315, 0.0, 505.1071155688254], "k_pid_att": [10000.0, 8856.138333358133, 0.0], "k_pid_yaw": [0.5, 1e-06, 0.1], "k_pid_hsp": [5840.756441678231, 10000.0, 0.0], "k_pid_vsp": [10000.0, 1409.169898234278, 4002.416789003939]}, "datetime": {"datetime": "2025-08-09 15:20:53", "elapsed": 81085.31346869469, "delta": 67.82760858535767}, "costs": {"total_cost": 1009.0044349138392, "time_cost": 150, "final_distance_cost": 75.61601670957825, "oscillation_cost": 303.63360564177265, "completition_cost": 333.33333333333337, "overshoot_cost": 74.09204405641582, "power_cost": 43.17015325927735, "noise_cost": 29.159281913461808, "n_waypoints_completed": 6, "tot_waypoints": 9}}
{"target": -1578.0564945441706, "params": {"k_pid_pos": [4576.640988139653, 0.0, 0.0], "k_pid_alt": [0.0, 9377.543362295803, 5950.759717915843], "k_pid_att": [8812.504615233542, 6460.659301859065, 0.0], "k_pid_yaw": [0.5, 1e-06, 0.1], "k_pid_hsp": [9499.025161523587, 2384.7763400785598, 5381.600579559783], "k_pid_vsp": [10000.0, 0.0, 2142.568889526686]}, "datetime": {"datetime": "2025-08-09 15:21:54", "elapsed": 81145.53161978722, "delta": 60.2181510925293}, "costs": {"total_cost": 1578.0564945441706, "time_cost": 150, "final_distance_cost": 45.6360932157317, "oscillation_cost": 250.09906213658635, "completition_cost": 1000.0, "overshoot_cost": 61.98908718430593, "power_cost": 41.51160649414063, "noise_cost": 28.82064551340619, "n_waypoints_completed": 0, "tot_waypoints": 9}}
{"target": -2067.7745147707196, "params": {"k_pid_pos": [1300.7900512669223, 0.0, 4265.193193444977], "k_pid_alt": [6067.7257184932705, 3395.723831692726, 10000.0], "k_pid_att": [5017.207957944602, 2647.2029681928466, 0.0], "k_pid_yaw": [0.5, 1e-06, 0.1], "k_pid_hsp": [0.0, 7745.678233248363, 2793.4837123526277], "k_pid_vsp": [7031.346600195484, 5510.862079142956, 4658.239054325763]}, "datetime": {"datetime": "2025-08-09 15:23:16", "elapsed": 81227.71973371506, "delta": 82.18811392784119}, "costs": {"total_cost": 2067.7745147707196, "time_cost": 150, "final_distance_cost": 61.27466130388645, "oscillation_cost": 805.0623632590738, "completition_cost": 888.8888888888888, "overshoot_cost": 98.72671909284874, "power_cost": 36.10931280517578, "noise_cost": 27.712569420846304, "n_waypoints_completed": 1, "tot_waypoints": 9}}
{"target": -1431.9497741019586, "params": {"k_pid_pos": [8529.586524874674, 2135.060745304821, 4578.141267448786], "k_pid_alt": [7983.845288199167, 3020.051379971683, 795.8342727810341], "k_pid_att": [3346.026693743781, 3215.159897848261, 423.2908302228866], "k_pid_yaw": [0.5, 1e-06, 0.1], "k_pid_hsp": [3930.879741062446, 1654.0763847798335, 2812.1492289034854], "k_pid_vsp": [3413.447934800513, 2828.576272699442, 9117.248658047321]}, "datetime": {"datetime": "2025-08-09 15:23:52", "elapsed": 81264.24300479889, "delta": 36.52327108383179}, "costs": {"total_cost": 1431.9497741019586, "time_cost": 150, "final_distance_cost": 107.94686228434112, "oscillation_cost": 104.8013617758559, "completition_cost": 888.8888888888888, "overshoot_cost": 115.68406775702184, "power_cost": 36.60610203857422, "noise_cost": 28.022491357276706, "n_waypoints_completed": 1, "tot_waypoints": 9}}
{"target": -1299.2691313003552, "params": {"k_pid_pos": [8846.598244936733, 5643.291837847691, 6107.491898275618], "k_pid_alt": [6870.875829900913, 3639.4427620302286, 0.0], "k_pid_att": [5228.927338106442, 2399.661987085825, 0.0], "k_pid_yaw": [0.5, 1e-06, 0.1], "k_pid_hsp": [6133.61651481748, 0.0, 1229.8366780317908], "k_pid_vsp": [2985.9976566481187, 8405.67622113773, 5328.745542675533]}, "datetime": {"datetime": "2025-08-09 15:24:55", "elapsed": 81326.6918759346, "delta": 62.44887113571167}, "costs": {"total_cost": 1299.2691313003552, "time_cost": 150, "final_distance_cost": 64.83346374597454, "oscillation_cost": 281.2028924863638, "completition_cost": 666.6666666666667, "overshoot_cost": 66.9033918974479, "power_cost": 40.80191188964844, "noise_cost": 28.860804614253755, "n_waypoints_completed": 3, "tot_waypoints": 9}}
{"target": -1450.8990870015566, "params": {"k_pid_pos": [10000.0, 1363.6200805926367, 0.0], "k_pid_alt": [9089.504588264492, 9977.78618010046, 10000.0], "k_pid_att": [10000.0, 7237.355756586213, 0.0], "k_pid_yaw": [0.5, 1e-06, 0.1], "k_pid_hsp": [2150.4915301980504, 6278.519456899077, 0.0], "k_pid_vsp": [8517.790369220971, 8285.603474191028, 5960.262621912626]}, "datetime": {"datetime": "2025-08-09 15:26:06", "elapsed": 81398.06949186325, "delta": 71.3776159286499}, "costs": {"total_cost": 1450.8990870015566, "time_cost": 150, "final_distance_cost": 61.27322607218796, "oscillation_cost": 108.45443887283835, "completition_cost": 1000.0, "overshoot_cost": 55.697230136166766, "power_cost": 45.866312536621095, "noise_cost": 29.60787938374226, "n_waypoints_completed": 0, "tot_waypoints": 9}}
{"target": -1283.114560877399, "params": {"k_pid_pos": [10000.0, 5022.189030488562, 3954.3981153671552], "k_pid_alt": [10000.0, 1829.0601081916986, 0.0], "k_pid_att": [10000.0, 5780.330957256439, 0.0], "k_pid_yaw": [0.5, 1e-06, 0.1], "k_pid_hsp": [0.0, 0.0, 0.0], "k_pid_vsp": [5590.707873599429, 0.0, 0.0]}, "datetime": {"datetime": "2025-08-09 15:27:12", "elapsed": 81464.12088251114, "delta": 66.05139064788818}, "costs": {"total_cost": 1283.114560877399, "time_cost": 150, "final_distance_cost": 46.08181185067468, "oscillation_cost": 0.0, "completition_cost": 1000.0, "overshoot_cost": 36.09032497922333, "power_cost": 30.060554492187503, "noise_cost": 20.881869555313433, "n_waypoints_completed": 0, "tot_waypoints": 9}}
{"target": -8428.500718202778, "params": {"k_pid_pos": [1171.7282630596837, 6926.529432268649, 7141.695797245111], "k_pid_alt": [9219.151072366549, 3512.8949640200344, 1054.7547851196382], "k_pid_att": [1326.2551536607402, 3349.9583161064184, 8850.254467880555], "k_pid_yaw": [0.5, 1e-06, 0.1], "k_pid_hsp": [7025.986012554877, 217.55165925103736, 2906.440807039157], "k_pid_vsp": [7951.497086417505, 3369.5047636905883, 4463.882261277144]}, "datetime": {"datetime": "2025-08-09 15:27:50", "elapsed": 81502.46702218056, "delta": 38.346139669418335}, "costs": {"total_cost": 8428.500718202778, "time_cost": 150, "final_distance_cost": 2186.0213503913296, "oscillation_cost": 727.0577426597124, "completition_cost": 1000.0, "overshoot_cost": 4167.782829148232, "power_cost": 58.62167296142579, "noise_cost": 139.01712304207817, "n_waypoints_completed": 0, "tot_waypoints": 9}}
{"target": -11927.705585038519, "params": {"k_pid_pos": [1210.7407564602313, 1220.062807026282, 3401.291866325904], "k_pid_alt": [2495.163454651268, 9604.320442599841, 5328.00133620549], "k_pid_att": [6638.1146841660375, 7787.159738316388, 9914.807647343667], "k_pid_yaw": [0.5, 1e-06, 0.1], "k_pid_hsp": [7301.505417937308, 7992.402673987344, 9492.729096262765], "k_pid_vsp": [4528.156120806561, 8488.070737151298, 7164.24452488684]}, "datetime": {"datetime": "2025-08-09 15:28:26", "elapsed": 81538.4516787529, "delta": 35.98465657234192}, "costs": {"total_cost": 11927.705585038519, "time_cost": 150, "final_distance_cost": 4180.283258186982, "oscillation_cost": 1049.8136531472383, "completition_cost": 1000.0, "overshoot_cost": 5404.2014671149755, "power_cost": 50.68697108154297, "noise_cost": 92.72023550778066, "n_waypoints_completed": 0, "tot_waypoints": 9}}
{"target": -2242.4259577115295, "params": {"k_pid_pos": [316.39701032434056, 1111.2125915224417, 9509.640317678957], "k_pid_alt": [0.0, 6066.064892412663, 2310.238375194526], "k_pid_att": [6569.497488522225, 10000.0, 0.0], "k_pid_yaw": [0.5, 1e-06, 0.1], "k_pid_hsp": [4869.838667018864, 10000.0, 557.7086162956155], "k_pid_vsp": [1961.746896488843, 10000.0, 10000.0]}, "datetime": {"datetime": "2025-08-09 15:29:35", "elapsed": 81606.74737906456, "delta": 68.29570031166077}, "costs": {"total_cost": 2242.4259577115295, "time_cost": 150, "final_distance_cost": 26.449898313829067, "oscillation_cost": 909.7681676378318, "completition_cost": 1000.0, "overshoot_cost": 91.3202289672169, "power_cost": 36.72768599853516, "noise_cost": 28.15997679411688, "n_waypoints_completed": 0, "tot_waypoints": 9}}
{"target": -4393.963347490465, "params": {"k_pid_pos": [8556.003406703758, 4784.923920356502, 1377.0811798426853], "k_pid_alt": [8335.23813731671, 6079.813170447807, 183.4660201049554], "k_pid_att": [2648.9500862256464, 418.97751118828876, 9674.793758094469], "k_pid_yaw": [0.5, 1e-06, 0.1], "k_pid_hsp": [3418.4432885666947, 3361.913317360076, 9554.090887543802], "k_pid_vsp": [6471.608540781725, 9248.420801572345, 2850.9305633891036]}, "datetime": {"datetime": "2025-08-09 15:30:11", "elapsed": 81642.99969935417, "delta": 36.252320289611816}, "costs": {"total_cost": 4393.963347490465, "time_cost": 150, "final_distance_cost": 642.5303083581173, "oscillation_cost": 796.1983228939465, "completition_cost": 1000.0, "overshoot_cost": 1623.2739520823932, "power_cost": 58.55283464355469, "noise_cost": 123.4079295124526, "n_waypoints_completed": 0, "tot_waypoints": 9}}
{"target": -1620.028548207186, "params": {"k_pid_pos": [0.0, 10000.0, 0.0], "k_pid_alt": [0.0, 7452.7866748398255, 2399.8584065201894], "k_pid_att": [5181.767598103187, 5930.94475474491, 0.0], "k_pid_yaw": [0.5, 1e-06, 0.1], "k_pid_hsp": [7614.570332833138, 0.0, 2321.728646928545], "k_pid_vsp": [4405.45864688955, 0.0, 515.548354092929]}, "datetime": {"datetime": "2025-08-09 15:31:14", "elapsed": 81706.13521289825, "delta": 63.13551354408264}, "costs": {"total_cost": 1620.028548207186, "time_cost": 150, "final_distance_cost": 36.698812305283894, "oscillation_cost": 282.52803682633015, "completition_cost": 1000.0, "overshoot_cost": 80.82922472306015, "power_cost": 41.123518945312505, "noise_cost": 28.8489554071993, "n_waypoints_completed": 0, "tot_waypoints": 9}}
{"target": -19107.048898153862, "params": {"k_pid_pos": [9945.064022937955, 4110.279992817315, 578.9741107075441], "k_pid_alt": [8736.880783651026, 13.375290404116225, 9937.996965922395], "k_pid_att": [2865.748357717287, 9776.126876214157, 4497.119941886528], "k_pid_yaw": [0.5, 1e-06, 0.1], "k_pid_hsp": [1217.355215827145, 1812.6840642543264, 5263.105835326463], "k_pid_vsp": [3310.456839751269, 5105.049841374936, 9255.280118205836]}, "datetime": {"datetime": "2025-08-09 15:31:51", "elapsed": 81742.54244017601, "delta": 36.40722727775574}, "costs": {"total_cost": 19107.048898153862, "time_cost": 150, "final_distance_cost": 5959.618754860556, "oscillation_cost": 1362.3108642230625, "completition_cost": 1000.0, "overshoot_cost": 10448.963497808629, "power_cost": 56.90836595458985, "noise_cost": 129.24741530702525, "n_waypoints_completed": 0, "tot_waypoints": 9}}
