{"target": -1447.2336090216202, "params": {"k_pid_pos": [4929.008209343, 0.0, 0.0], "k_pid_alt": [4760.737162586562, 6798.450053322103, 0.0], "k_pid_att": [6904.9547513935, 4996.236829884073, 0.0], "k_pid_yaw": [0.5, 1e-06, 0.1], "k_pid_hsp": [0.0, 0.0, 0.0], "k_pid_vsp": [502.92377943507006, 4409.296780680697, 6540.105677647788]}, "datetime": {"datetime": "2025-08-08 20:45:41", "elapsed": 14172.582557201385, "delta": 34.281838178634644}, "costs": {"total_cost": 1447.2336090216202, "time_cost": 150, "final_distance_cost": 10.874955840053898, "oscillation_cost": 0.0, "completition_cost": 1000.0, "overshoot_cost": 166.4099510673916, "power_cost": 29.932059130859376, "noise_cost": 90.01664298331532, "n_waypoints_completed": 0, "tot_waypoints": 9}}
{"target": -1522.1608008779613, "params": {"k_pid_pos": [0.0, 10000.0, 10000.0], "k_pid_alt": [10000.0, 5316.257142434483, 1910.9000295259502], "k_pid_att": [10000.0, 6684.959056995509, 0.0], "k_pid_yaw": [0.5, 1e-06, 0.1], "k_pid_hsp": [3659.055917579052, 5501.643074823335, 0.0], "k_pid_vsp": [3974.4151569970527, 4881.204683729764, 8960.774480356104]}, "datetime": {"datetime": "2025-08-08 20:46:13", "elapsed": 14205.483616113663, "delta": 32.90105891227722}, "costs": {"total_cost": 1522.1608008779613, "time_cost": 150, "final_distance_cost": 60.34564399146891, "oscillation_cost": 184.63222673338143, "completition_cost": 1000.0, "overshoot_cost": 52.813811576661074, "power_cost": 44.711175109863284, "noise_cost": 29.657943466586577, "n_waypoints_completed": 0, "tot_waypoints": 9}}
{"target": -3383.017501013891, "params": {"k_pid_pos": [3148.671139897221, 4500.017381907756, 2496.3005694482545], "k_pid_alt": [6176.2778284096585, 4776.970523077203, 4849.9418683088825], "k_pid_att": [4900.857766824401, 4372.826100401517, 2080.3079691041203], "k_pid_yaw": [0.5, 1e-06, 0.1], "k_pid_hsp": [4908.993951836584, 9502.135927050349, 2337.6096992447438], "k_pid_vsp": [3244.8388818319563, 472.03056078392035, 751.4395605178692]}, "datetime": {"datetime": "2025-08-08 20:46:44", "elapsed": 14236.208506822586, "delta": 30.72489070892334}, "costs": {"total_cost": 3383.017501013891, "time_cost": 150, "final_distance_cost": 66.24831475587807, "oscillation_cost": 600.6070969442671, "completition_cost": 1000.0, "overshoot_cost": 1406.3629854993942, "power_cost": 57.93377485351563, "noise_cost": 101.86532896083584, "n_waypoints_completed": 0, "tot_waypoints": 9}}
{"target": -5873.65225282343, "params": {"k_pid_pos": [4139.777667558812, 1602.8052915232681, 750.4021632023694], "k_pid_alt": [8397.677583917251, 7756.008400403668, 9662.965027917802], "k_pid_att": [8786.81462075266, 7976.689733789624, 7668.812843471442], "k_pid_yaw": [0.5, 1e-06, 0.1], "k_pid_hsp": [8181.5535784211415, 2328.048571411392, 9956.512910650335], "k_pid_vsp": [7133.765632977032, 1868.0169182875695, 1832.6889137367864]}, "datetime": {"datetime": "2025-08-08 20:47:15", "elapsed": 14266.830820798874, "delta": 30.622313976287842}, "costs": {"total_cost": 5873.65225282343, "time_cost": 150, "final_distance_cost": 1305.285405159563, "oscillation_cost": 761.8468915639322, "completition_cost": 1000.0, "overshoot_cost": 2459.674473035316, "power_cost": 58.59577661132813, "noise_cost": 138.24970645329103, "n_waypoints_completed": 0, "tot_waypoints": 9}}
{"target": -4663.685535490543, "params": {"k_pid_pos": [803.170513728202, 2380.3103079495822, 4270.965774767545], "k_pid_alt": [5579.007275974955, 3535.877917857133, 6078.255239207725], "k_pid_att": [1835.6551478632875, 7202.006882656088, 1363.0820848540059], "k_pid_yaw": [0.5, 1e-06, 0.1], "k_pid_hsp": [4183.259479766046, 8573.335037956838, 6106.735732786589], "k_pid_vsp": [6389.11806054117, 9870.989512362254, 4867.914487291278]}, "datetime": {"datetime": "2025-08-08 20:47:46", "elapsed": 14298.249990701675, "delta": 31.419169902801514}, "costs": {"total_cost": 4663.685535490543, "time_cost": 150, "final_distance_cost": 623.2307843954844, "oscillation_cost": 1302.444692075849, "completition_cost": 1000.0, "overshoot_cost": 1386.998694477221, "power_cost": 58.624768078613286, "noise_cost": 142.3865964633755, "n_waypoints_completed": 0, "tot_waypoints": 9}}
{"target": -9181.58692903401, "params": {"k_pid_pos": [1957.7055604939098, 376.7944165241743, 3170.4150696370702], "k_pid_alt": [9000.444687095403, 3273.9230471232127, 4384.21211375945], "k_pid_att": [7447.384209563093, 1628.5690524036745, 9365.227989271105], "k_pid_yaw": [0.5, 1e-06, 0.1], "k_pid_hsp": [5375.171655757307, 8911.500471629728, 175.4709606266014], "k_pid_vsp": [2279.876047760083, 5149.312669470017, 16.830459920820218]}, "datetime": {"datetime": "2025-08-08 20:48:17", "elapsed": 14329.348004102707, "delta": 31.098013401031494}, "costs": {"total_cost": 9181.58692903401, "time_cost": 150, "final_distance_cost": 1775.1120704505304, "oscillation_cost": 764.6053483022864, "completition_cost": 1000.0, "overshoot_cost": 5293.955447545003, "power_cost": 58.660589672851565, "noise_cost": 139.25347306333765, "n_waypoints_completed": 0, "tot_waypoints": 9}}
{"target": -949.9286356031766, "params": {"k_pid_pos": [3751.984085022395, 6813.731023065775, 3206.8055110646083], "k_pid_alt": [6400.731146205869, 0.0, 9234.153277339692], "k_pid_att": [6459.564018973022, 3251.1281686391453, 0.0], "k_pid_yaw": [0.5, 1e-06, 0.1], "k_pid_hsp": [5600.4229257373645, 10000.0, 6123.440582824262], "k_pid_vsp": [5277.112289544612, 9282.019474511504, 6722.751564042133]}, "datetime": {"datetime": "2025-08-08 20:48:55", "elapsed": 14366.947091817856, "delta": 37.599087715148926}, "costs": {"total_cost": 949.9286356031766, "time_cost": 150, "final_distance_cost": 83.16600807514986, "oscillation_cost": 346.22045282261035, "completition_cost": 222.2222222222222, "overshoot_cost": 79.64498060892338, "power_cost": 40.10519748535157, "noise_cost": 28.569774388919353, "n_waypoints_completed": 7, "tot_waypoints": 9}}
{"target": -2040.4694301369968, "params": {"k_pid_pos": [1409.9236446788832, 10000.0, 3228.88458548251], "k_pid_alt": [4631.6845114737735, 0.0, 6471.977943776809], "k_pid_att": [2352.187436195821, 0.0, 0.0], "k_pid_yaw": [0.5, 1e-06, 0.1], "k_pid_hsp": [4751.813704620913, 3002.4539388495255, 8554.753161775585], "k_pid_vsp": [6618.287083420857, 4502.916623840999, 4723.488488119599]}, "datetime": {"datetime": "2025-08-08 20:49:28", "elapsed": 14400.256254911423, "delta": 33.309163093566895}, "costs": {"total_cost": 2040.4694301369968, "time_cost": 150, "final_distance_cost": 110.49612231832629, "oscillation_cost": 785.743219473476, "completition_cost": 777.7777777777778, "overshoot_cost": 152.80617909295464, "power_cost": 35.831631567382814, "noise_cost": 27.814499907079377, "n_waypoints_completed": 2, "tot_waypoints": 9}}
{"target": -1160.2577248884222, "params": {"k_pid_pos": [5178.608064323121, 6969.794870517443, 7782.485948543578], "k_pid_alt": [10000.0, 6723.453975174811, 7861.550611928034], "k_pid_att": [5632.778246225447, 7019.23534897708, 0.0], "k_pid_yaw": [0.5, 1e-06, 0.1], "k_pid_hsp": [5106.657659551207, 8191.217527809063, 3235.0843372270983], "k_pid_vsp": [5287.795170525851, 6885.864841356225, 2822.7125104442284]}, "datetime": {"datetime": "2025-08-08 20:50:01", "elapsed": 14432.767242908478, "delta": 32.510987997055054}, "costs": {"total_cost": 1160.2577248884222, "time_cost": 150, "final_distance_cost": 58.36929990650186, "oscillation_cost": 234.67350350967737, "completition_cost": 555.5555555555555, "overshoot_cost": 89.25759150091177, "power_cost": 40.36511031494141, "noise_cost": 32.03666410083429, "n_waypoints_completed": 4, "tot_waypoints": 9}}
{"target": -2721.4897759561513, "params": {"k_pid_pos": [6645.216526145643, 3870.3329439571653, 9840.452109863587], "k_pid_alt": [6905.445951116921, 8991.282704654672, 389.926218223563], "k_pid_att": [3280.552704256222, 2385.995973201426, 301.6084752464643], "k_pid_yaw": [0.5, 1e-06, 0.1], "k_pid_hsp": [9969.80934438554, 3890.585816727611, 4570.593072697146], "k_pid_vsp": [5377.689863092601, 8553.857850530043, 5394.53309295837]}, "datetime": {"datetime": "2025-08-08 20:50:31", "elapsed": 14462.882192850113, "delta": 30.114949941635132}, "costs": {"total_cost": 2721.4897759561513, "time_cost": 150, "final_distance_cost": 480.82801027543036, "oscillation_cost": 237.5158728945984, "completition_cost": 1000.0, "overshoot_cost": 789.8854434373168, "power_cost": 35.54295621337891, "noise_cost": 27.71749313542664, "n_waypoints_completed": 0, "tot_waypoints": 9}}
{"target": -3858.728654411404, "params": {"k_pid_pos": [2799.8811034307437, 9813.58338692081, 3221.3372352910287], "k_pid_alt": [2219.8749269262407, 3179.035001425048, 3902.037976436887], "k_pid_att": [6273.344077146938, 5759.6144709555765, 1626.706475661055], "k_pid_yaw": [0.5, 1e-06, 0.1], "k_pid_hsp": [6688.6574792196825, 1762.9794039261649, 6853.614945387021], "k_pid_vsp": [7648.7235976183965, 2688.0040362985624, 3001.030765901591]}, "datetime": {"datetime": "2025-08-08 20:51:03", "elapsed": 14495.157991409302, "delta": 32.27579855918884}, "costs": {"total_cost": 3858.728654411404, "time_cost": 150, "final_distance_cost": 899.3178034132719, "oscillation_cost": 148.22222077728193, "completition_cost": 1000.0, "overshoot_cost": 1583.7044070876798, "power_cost": 38.21719468994141, "noise_cost": 39.26702844322858, "n_waypoints_completed": 0, "tot_waypoints": 9}}
{"target": -4298.706810412939, "params": {"k_pid_pos": [777.195649416863, 487.2898246880486, 8672.994493989012], "k_pid_alt": [1475.471073893696, 3954.3860981509006, 9005.906429448169], "k_pid_att": [6665.2191388344, 4045.4712136500502, 5031.216465580875], "k_pid_yaw": [0.5, 1e-06, 0.1], "k_pid_hsp": [7873.959578124439, 4444.794217247755, 2743.555690594668], "k_pid_vsp": [2241.5023045897965, 4727.093792285706, 3513.6350715604335]}, "datetime": {"datetime": "2025-08-08 20:51:34", "elapsed": 14525.786340475082, "delta": 30.62834906578064}, "costs": {"total_cost": 4298.706810412939, "time_cost": 150, "final_distance_cost": 184.4575614264201, "oscillation_cost": 673.017352576321, "completition_cost": 1000.0, "overshoot_cost": 2105.65091653336, "power_cost": 57.50551627197266, "noise_cost": 128.07546360486603, "n_waypoints_completed": 0, "tot_waypoints": 9}}
{"target": -3093.1208141878733, "params": {"k_pid_pos": [3092.203825598614, 4148.03458196009, 8695.690048298704], "k_pid_alt": [1793.921823931116, 9297.778448806384, 9798.583159737225], "k_pid_att": [9081.571362847228, 7214.109465807318, 7971.437623111199], "k_pid_yaw": [0.5, 1e-06, 0.1], "k_pid_hsp": [6146.729813710319, 1877.3294855349354, 2064.11085621404], "k_pid_vsp": [9864.282721413118, 1110.6632701125263, 1742.1813889747095]}, "datetime": {"datetime": "2025-08-08 20:52:04", "elapsed": 14556.495882511139, "delta": 30.70954203605652}, "costs": {"total_cost": 3093.1208141878733, "time_cost": 150, "final_distance_cost": 280.0196978231017, "oscillation_cost": 714.9982447553259, "completition_cost": 1000.0, "overshoot_cost": 753.8700899510335, "power_cost": 58.624346130371094, "noise_cost": 135.60843552804087, "n_waypoints_completed": 0, "tot_waypoints": 9}}
{"target": -1606.7570419516514, "params": {"k_pid_pos": [7576.450999133709, 9299.84899293845, 1316.9502505411535], "k_pid_alt": [9406.260603891076, 1787.7395317173273, 7420.871610253143], "k_pid_att": [9047.684077238315, 7458.016724833105, 772.7318979431152], "k_pid_yaw": [0.5, 1e-06, 0.1], "k_pid_hsp": [2198.5158833454943, 1970.45128424848, 2959.263267797111], "k_pid_vsp": [4878.7561389658285, 4746.389810640096, 302.1993536000889]}, "datetime": {"datetime": "2025-08-08 20:52:45", "elapsed": 14596.836755037308, "delta": 40.34087252616882}, "costs": {"total_cost": 1606.7570419516514, "time_cost": 150, "final_distance_cost": 158.42601337155156, "oscillation_cost": 163.3948049906057, "completition_cost": 888.8888888888888, "overshoot_cost": 181.884175711711, "power_cost": 36.25330028076172, "noise_cost": 27.909858708132536, "n_waypoints_completed": 1, "tot_waypoints": 9}}
{"target": -5165.461933753322, "params": {"k_pid_pos": [5419.008296970604, 2505.5507310118296, 1855.6045950134148], "k_pid_alt": [854.5660782001818, 3998.6692975501146, 318.3222075180059], "k_pid_att": [3878.0199386299864, 4222.196632091723, 7540.096739083791], "k_pid_yaw": [0.5, 1e-06, 0.1], "k_pid_hsp": [6749.829342196024, 7145.11386778378, 7735.496858714034], "k_pid_vsp": [3244.1887143430013, 1303.015355738213, 4554.364726940934]}, "datetime": {"datetime": "2025-08-08 20:53:21", "elapsed": 14632.850728034973, "delta": 36.013972997665405}, "costs": {"total_cost": 5165.461933753322, "time_cost": 150, "final_distance_cost": 918.9584441689689, "oscillation_cost": 540.4504569721107, "completition_cost": 1000.0, "overshoot_cost": 2412.0695635914326, "power_cost": 50.95254047851563, "noise_cost": 93.03092854229456, "n_waypoints_completed": 0, "tot_waypoints": 9}}
{"target": -3189.388261525513, "params": {"k_pid_pos": [0.0, 2621.201721084687, 9224.499855725737], "k_pid_alt": [0.0, 1634.265713940267, 10000.0], "k_pid_att": [6998.633211227149, 5960.245664798364, 0.0], "k_pid_yaw": [0.5, 1e-06, 0.1], "k_pid_hsp": [6523.297492477366, 6823.4382926890285, 1882.2441334999885], "k_pid_vsp": [1026.2910436802647, 560.5112645829225, 7236.724897372206]}, "datetime": {"datetime": "2025-08-08 20:53:56", "elapsed": 14668.100838422775, "delta": 35.250110387802124}, "costs": {"total_cost": 3189.388261525513, "time_cost": 150, "final_distance_cost": 364.5168315180655, "oscillation_cost": 859.3118501366847, "completition_cost": 1000.0, "overshoot_cost": 749.6113798377017, "power_cost": 37.526952868652344, "noise_cost": 28.421247164408616, "n_waypoints_completed": 0, "tot_waypoints": 9}}
{"target": -1615.2004307148095, "params": {"k_pid_pos": [1785.346785134504, 5990.744113881736, 10000.0], "k_pid_alt": [0.0, 10000.0, 8686.17073248259], "k_pid_att": [10000.0, 10000.0, 2025.983951117339], "k_pid_yaw": [0.5, 1e-06, 0.1], "k_pid_hsp": [6862.676090458347, 72.47038145662238, 2070.4182470032074], "k_pid_vsp": [9538.328288225443, 0.0, 4020.6395938629203]}, "datetime": {"datetime": "2025-08-08 20:54:32", "elapsed": 14704.386402368546, "delta": 36.285563945770264}, "costs": {"total_cost": 1615.2004307148095, "time_cost": 150, "final_distance_cost": 49.36681757423719, "oscillation_cost": 187.5450933306051, "completition_cost": 1000.0, "overshoot_cost": 150.0440041530813, "power_cost": 41.84959100341797, "noise_cost": 36.3949246534679, "n_waypoints_completed": 0, "tot_waypoints": 9}}
{"target": -4583.874898413083, "params": {"k_pid_pos": [2754.7769353826, 5509.161909678573, 6864.952504055174], "k_pid_alt": [6609.613179181631, 6014.152368309233, 2777.459428301018], "k_pid_att": [7504.490620392712, 7636.442541136092, 2098.0903219779557], "k_pid_yaw": [0.5, 1e-06, 0.1], "k_pid_hsp": [2731.2606022935206, 3940.0851002317095, 9776.849079537402], "k_pid_vsp": [4713.6782156674535, 9562.54566263355, 6692.043058493504]}, "datetime": {"datetime": "2025-08-08 20:55:02", "elapsed": 14734.521024227142, "delta": 30.1346218585968}, "costs": {"total_cost": 4583.874898413083, "time_cost": 150, "final_distance_cost": 979.715084503175, "oscillation_cost": 96.57333195254311, "completition_cost": 1000.0, "overshoot_cost": 2294.753484209105, "power_cost": 35.102099926757816, "noise_cost": 27.730897821503493, "n_waypoints_completed": 0, "tot_waypoints": 9}}
{"target": -1311.6644642597314, "params": {"k_pid_pos": [9195.423970731454, 5473.868806746649, 1739.518114066689], "k_pid_alt": [6478.041249188143, 0.0, 0.0], "k_pid_att": [6632.2867758281545, 4596.559861275841, 0.0], "k_pid_yaw": [0.5, 1e-06, 0.1], "k_pid_hsp": [5212.460993744298, 8677.783254294527, 6601.845037461232], "k_pid_vsp": [2370.83147098728, 3973.987210022582, 5803.455534153203]}, "datetime": {"datetime": "2025-08-08 20:55:35", "elapsed": 14767.406854629517, "delta": 32.88583040237427}, "costs": {"total_cost": 1311.6644642597314, "time_cost": 150, "final_distance_cost": 62.88505442936437, "oscillation_cost": 283.24076391378185, "completition_cost": 666.6666666666667, "overshoot_cost": 80.02480502719531, "power_cost": 39.94774323730469, "noise_cost": 28.899430985418675, "n_waypoints_completed": 3, "tot_waypoints": 9}}
{"target": -30951.88468435688, "params": {"k_pid_pos": [6660.475477032392, 1603.1576829306994, 9911.592754967915], "k_pid_alt": [2608.8596384362295, 9153.16780594271, 3161.195984224264], "k_pid_att": [3865.7856878829, 9430.627191810576, 5467.929168615896], "k_pid_yaw": [0.5, 1e-06, 0.1], "k_pid_hsp": [9076.927515832165, 7858.946356456066, 1672.298649730687], "k_pid_vsp": [5957.020752935847, 1080.9867394465666, 3285.035616397277]}, "datetime": {"datetime": "2025-08-08 20:56:06", "elapsed": 14797.94532942772, "delta": 30.538474798202515}, "costs": {"total_cost": 30951.88468435688, "time_cost": 150, "final_distance_cost": 8486.118117445707, "oscillation_cost": 1755.772074681325, "completition_cost": 1000.0, "overshoot_cost": 19358.701655833185, "power_cost": 58.48583275146485, "noise_cost": 142.80700364519475, "n_waypoints_completed": 0, "tot_waypoints": 9}}
{"target": -1583.3152589017127, "params": {"k_pid_pos": [6128.944018513898, 10000.0, 9921.34219372426], "k_pid_alt": [2913.146010251968, 6136.065895073754, 3194.8427540535495], "k_pid_att": [10000.0, 6007.049109830493, 0.0], "k_pid_yaw": [0.5, 1e-06, 0.1], "k_pid_hsp": [6665.745404487603, 3538.188852764574, 2057.0778750911827], "k_pid_vsp": [7180.157254826028, 0.0, 10000.0]}, "datetime": {"datetime": "2025-08-08 20:56:39", "elapsed": 14830.99203824997, "delta": 33.046708822250366}, "costs": {"total_cost": 1583.3152589017127, "time_cost": 150, "final_distance_cost": 46.519342291258575, "oscillation_cost": 243.45741892925648, "completition_cost": 1000.0, "overshoot_cost": 72.10106467907957, "power_cost": 42.084244628906255, "noise_cost": 29.153188373211854, "n_waypoints_completed": 0, "tot_waypoints": 9}}
{"target": -8541.99345552651, "params": {"k_pid_pos": [5223.661214200587, 6455.8702436096, 7821.45658328308], "k_pid_alt": [5602.994878110605, 5444.683087430828, 2797.7639451347736], "k_pid_att": [1238.7375211795404, 7208.9879247766385, 1501.922127197316], "k_pid_yaw": [0.5, 1e-06, 0.1], "k_pid_hsp": [4234.411932013767, 7758.101482747734, 4700.819094284757], "k_pid_vsp": [253.40810680726244, 2905.08453099797, 1751.6450206476331]}, "datetime": {"datetime": "2025-08-08 20:57:10", "elapsed": 14861.64946937561, "delta": 30.65743112564087}, "costs": {"total_cost": 8541.99345552651, "time_cost": 150, "final_distance_cost": 2396.3367869897525, "oscillation_cost": 1495.5467536545543, "completition_cost": 1000.0, "overshoot_cost": 3302.249307144575, "power_cost": 58.34825822753906, "noise_cost": 139.51234951008885, "n_waypoints_completed": 0, "tot_waypoints": 9}}
{"target": -4667.559319106407, "params": {"k_pid_pos": [4692.9610455529, 9399.17011938729, 978.0781119490489], "k_pid_alt": [7832.8134901625035, 6862.103604137979, 8147.053971214635], "k_pid_att": [6594.89601221087, 2056.584894448752, 1965.7716001348413], "k_pid_yaw": [0.5, 1e-06, 0.1], "k_pid_hsp": [5203.806676748496, 3969.904062157091, 1933.0482746109633], "k_pid_vsp": [808.1063904722374, 7849.45288446944, 4762.375650086878]}, "datetime": {"datetime": "2025-08-08 20:57:41", "elapsed": 14892.677617788315, "delta": 31.028148412704468}, "costs": {"total_cost": 4667.559319106407, "time_cost": 150, "final_distance_cost": 1001.1896445555973, "oscillation_cost": 41.97597033777354, "completition_cost": 1000.0, "overshoot_cost": 2411.2100973231613, "power_cost": 35.360785937500005, "noise_cost": 27.822820952376016, "n_waypoints_completed": 0, "tot_waypoints": 9}}
{"target": -3638.314906907117, "params": {"k_pid_pos": [5518.902985350213, 7073.16673469425, 6509.992091358991], "k_pid_alt": [7677.342877451435, 4477.151103573087, 6323.200834169037], "k_pid_att": [9313.578273633122, 9162.505453662587, 3506.792712700133], "k_pid_yaw": [0.5, 1e-06, 0.1], "k_pid_hsp": [4225.243398230567, 9305.266959198685, 5385.385542196571], "k_pid_vsp": [7082.726512087633, 7436.5079859255175, 5962.308577913758]}, "datetime": {"datetime": "2025-08-08 20:58:11", "elapsed": 14922.990813016891, "delta": 30.31319522857666}, "costs": {"total_cost": 3638.314906907117, "time_cost": 150, "final_distance_cost": 724.7764683515211, "oscillation_cost": 552.0908958781893, "completition_cost": 1000.0, "overshoot_cost": 1072.1446683216545, "power_cost": 55.65982126464844, "noise_cost": 83.6430530911033, "n_waypoints_completed": 0, "tot_waypoints": 9}}
{"target": -7911.616930732862, "params": {"k_pid_pos": [6307.494609907317, 6784.03126493193, 9157.89913996608], "k_pid_alt": [7068.960731691883, 7260.415687185825, 9600.664350097515], "k_pid_att": [2489.556403139289, 3779.3582018685033, 3203.018806939032], "k_pid_yaw": [0.5, 1e-06, 0.1], "k_pid_hsp": [1029.4959654820534, 9168.757292888235, 8215.502732383247], "k_pid_vsp": [728.0276146334386, 9226.469578093083, 2317.614353570675]}, "datetime": {"datetime": "2025-08-08 20:58:41", "elapsed": 14953.505775213242, "delta": 30.514962196350098}, "costs": {"total_cost": 7911.616930732862, "time_cost": 150, "final_distance_cost": 1716.0347362319362, "oscillation_cost": 1331.7243326830119, "completition_cost": 1000.0, "overshoot_cost": 3513.521399528354, "power_cost": 58.59017718505859, "noise_cost": 141.74628510450077, "n_waypoints_completed": 0, "tot_waypoints": 9}}
