{"target": -1640.3887122350702, "params": {"k_pid_pos": [4261.519128628277, 6032.263357739507, 2145.8538615085986], "k_pid_alt": [8791.088501011496, 4056.06491279979, 0.0], "k_pid_att": [5299.92138491809, 5947.689579726988, 0.0], "k_pid_yaw": [0.5, 1e-06, 0.1], "k_pid_hsp": [4395.822685713212, 4878.421450768615, 4188.915263835093], "k_pid_vsp": [6864.299457643854, 10000.0, 3149.590592682617]}, "datetime": {"datetime": "2025-08-09 05:44:09", "elapsed": 46481.428285598755, "delta": 45.4785521030426}, "costs": {"total_cost": 1640.3887122350702, "time_cost": 150, "final_distance_cost": 59.32979532839837, "oscillation_cost": 290.8346541009937, "completition_cost": 1000.0, "overshoot_cost": 72.00588917738811, "power_cost": 39.671428112792974, "noise_cost": 28.546945515497207, "n_waypoints_completed": 0, "tot_waypoints": 9}}
{"target": -4049.27974067039, "params": {"k_pid_pos": [5198.333220974118, 7173.953544071798, 7941.635903360588], "k_pid_alt": [6804.862192561412, 9841.484587060755, 2584.270386607431], "k_pid_att": [9045.758055124714, 5276.890151013828, 2903.2948349801713], "k_pid_yaw": [0.5, 1e-06, 0.1], "k_pid_hsp": [1108.8921042489153, 1260.4412905355632, 5216.437269775499], "k_pid_vsp": [6899.858790762585, 6108.645313231546, 9559.5385276932]}, "datetime": {"datetime": "2025-08-09 05:44:43", "elapsed": 46514.64853334427, "delta": 33.220247745513916}, "costs": {"total_cost": 4049.27974067039, "time_cost": 150, "final_distance_cost": 818.7417891114852, "oscillation_cost": 57.79191768703468, "completition_cost": 1000.0, "overshoot_cost": 1959.8571714443476, "power_cost": 35.13925634765625, "noise_cost": 27.749606079866215, "n_waypoints_completed": 0, "tot_waypoints": 9}}
{"target": -4359.198618317251, "params": {"k_pid_pos": [4740.14997743091, 577.9906109848554, 5507.243038676879], "k_pid_alt": [9872.219823426345, 9222.212089172803, 4017.291351296308], "k_pid_att": [5486.886975516866, 4785.467685188769, 351.2593393280372], "k_pid_yaw": [0.5, 1e-06, 0.1], "k_pid_hsp": [3609.891222480368, 8243.803911331272, 2439.6654999936795], "k_pid_vsp": [4952.887308069199, 9716.309528732623, 8247.026813169272]}, "datetime": {"datetime": "2025-08-09 05:45:16", "elapsed": 46547.57892870903, "delta": 32.93039536476135}, "costs": {"total_cost": 4359.198618317251, "time_cost": 150, "final_distance_cost": 1134.6589053368234, "oscillation_cost": 145.72596511697202, "completition_cost": 888.8888888888888, "overshoot_cost": 1976.7414892166723, "power_cost": 35.20419322509766, "noise_cost": 27.979176532797286, "n_waypoints_completed": 1, "tot_waypoints": 9}}
{"target": -3231.315972926434, "params": {"k_pid_pos": [760.3367202077637, 7964.57635522196, 6126.148506673544], "k_pid_alt": [434.5353058138224, 7057.465999871811, 1751.228610965454], "k_pid_att": [1272.6632835440844, 2769.0486976658167, 242.67453814226235], "k_pid_yaw": [0.5, 1e-06, 0.1], "k_pid_hsp": [9736.893779467664, 9538.75481282023, 9918.66452467585], "k_pid_vsp": [1389.358760076528, 9000.375853150454, 1762.2642046377412]}, "datetime": {"datetime": "2025-08-09 05:45:48", "elapsed": 46580.363245010376, "delta": 32.784316301345825}, "costs": {"total_cost": 3231.315972926434, "time_cost": 150, "final_distance_cost": 588.4553214883794, "oscillation_cost": 166.3004771260927, "completition_cost": 1000.0, "overshoot_cost": 1263.915327604663, "power_cost": 34.87084312744141, "noise_cost": 27.774003579857972, "n_waypoints_completed": 0, "tot_waypoints": 9}}
{"target": -5140.961473578301, "params": {"k_pid_pos": [9486.490279098925, 8588.916354408646, 8089.499476268937], "k_pid_alt": [6981.641058909848, 7806.82461180781, 9933.68077994519], "k_pid_att": [7285.489832071831, 4373.946848835377, 3795.721823752296], "k_pid_yaw": [0.5, 1e-06, 0.1], "k_pid_hsp": [565.8540998536588, 4101.156350925134, 7085.810572671278], "k_pid_vsp": [6549.996340264137, 9078.781204206703, 3467.2491345732524]}, "datetime": {"datetime": "2025-08-09 05:46:21", "elapsed": 46613.36516785622, "delta": 33.001922845840454}, "costs": {"total_cost": 5140.961473578301, "time_cost": 150, "final_distance_cost": 581.9057470179532, "oscillation_cost": 646.2329196180342, "completition_cost": 1000.0, "overshoot_cost": 2588.9200909304036, "power_cost": 58.66678248291016, "noise_cost": 115.23593352899928, "n_waypoints_completed": 0, "tot_waypoints": 9}}
{"target": -1447.2336090216202, "params": {"k_pid_pos": [8201.503323310235, 3514.5941854604835, 2687.122346856542], "k_pid_alt": [9265.900391434743, 6340.609513851172, 2603.8012351058965], "k_pid_att": [5309.330519790589, 3286.0218790789654, 0.0], "k_pid_yaw": [0.5, 1e-06, 0.1], "k_pid_hsp": [0.0, 0.0, 0.0], "k_pid_vsp": [1123.434952018754, 10000.0, 10000.0]}, "datetime": {"datetime": "2025-08-09 05:47:09", "elapsed": 46660.61376786232, "delta": 47.248600006103516}, "costs": {"total_cost": 1447.2336090216202, "time_cost": 150, "final_distance_cost": 10.874955840053898, "oscillation_cost": 0.0, "completition_cost": 1000.0, "overshoot_cost": 166.4099510673916, "power_cost": 29.932059130859376, "noise_cost": 90.01664298331532, "n_waypoints_completed": 0, "tot_waypoints": 9}}
{"target": -3160.9153334863095, "params": {"k_pid_pos": [8807.309658331456, 5914.795335878046, 7158.619854232216], "k_pid_alt": [8903.02196717217, 2525.1349381399345, 1538.4689133217867], "k_pid_att": [6956.973256281691, 2507.281699455315, 4488.189559322517], "k_pid_yaw": [0.5, 1e-06, 0.1], "k_pid_hsp": [2579.681108530665, 6254.131729381342, 4250.980614736412], "k_pid_vsp": [2056.3829190889714, 6761.322566164204, 6411.200333898137]}, "datetime": {"datetime": "2025-08-09 05:47:43", "elapsed": 46694.99082279205, "delta": 34.377054929733276}, "costs": {"total_cost": 3160.9153334863095, "time_cost": 150, "final_distance_cost": 254.33587838526557, "oscillation_cost": 277.08846624147725, "completition_cost": 1000.0, "overshoot_cost": 1385.307116615368, "power_cost": 43.96548371582031, "noise_cost": 50.2183885283783, "n_waypoints_completed": 0, "tot_waypoints": 9}}
{"target": -5909.368207385478, "params": {"k_pid_pos": [9187.723170460155, 7959.41323597161, 3272.508317080248], "k_pid_alt": [4721.747678468749, 4813.333437688926, 8359.888818957488], "k_pid_att": [2980.526530955101, 1032.6220015606546, 1698.007477938197], "k_pid_yaw": [0.5, 1e-06, 0.1], "k_pid_hsp": [420.801446895358, 6636.958880596569, 1051.4698986776227], "k_pid_vsp": [6633.746348818785, 3799.4995676608924, 5011.148201465346]}, "datetime": {"datetime": "2025-08-09 05:48:17", "elapsed": 46728.59084773064, "delta": 33.600024938583374}, "costs": {"total_cost": 5909.368207385478, "time_cost": 150, "final_distance_cost": 1251.5247270544694, "oscillation_cost": 676.1298317612939, "completition_cost": 1000.0, "overshoot_cost": 2647.9622377378373, "power_cost": 58.05332618408203, "noise_cost": 125.69808464779533, "n_waypoints_completed": 0, "tot_waypoints": 9}}
{"target": -877.032929299001, "params": {"k_pid_pos": [10000.0, 10000.0, 10000.0], "k_pid_alt": [10000.0, 0.0, 3471.3643813081753], "k_pid_att": [8019.479278231619, 2789.6870822934225, 0.0], "k_pid_yaw": [0.5, 1e-06, 0.1], "k_pid_hsp": [6065.990040058461, 4579.4498346590735, 4182.723295725507], "k_pid_vsp": [3068.8810012856884, 8879.603111987617, 5653.540931210982]}, "datetime": {"datetime": "2025-08-09 05:49:00", "elapsed": 46771.73363280296, "delta": 43.14278507232666}, "costs": {"total_cost": 877.032929299001, "time_cost": 150, "final_distance_cost": 73.84975978930584, "oscillation_cost": 283.2800300978932, "completition_cost": 222.2222222222222, "overshoot_cost": 78.85961501201393, "power_cost": 40.19068436279297, "noise_cost": 28.630617814772883, "n_waypoints_completed": 7, "tot_waypoints": 9}}
{"target": -1483.3814903775935, "params": {"k_pid_pos": [9873.371256295379, 1268.4238221325218, 3738.205412180189], "k_pid_alt": [494.2996644752451, 3549.10231174301, 7647.303413763122], "k_pid_att": [3250.2523188700184, 5413.904406012919, 518.4420889302332], "k_pid_yaw": [0.5, 1e-06, 0.1], "k_pid_hsp": [9718.806200959763, 4695.23096642362, 3187.538053388895], "k_pid_vsp": [4956.186274120165, 2645.482658312637, 8280.51364984687]}, "datetime": {"datetime": "2025-08-09 05:49:33", "elapsed": 46805.00281524658, "delta": 33.269182443618774}, "costs": {"total_cost": 1483.3814903775935, "time_cost": 150, "final_distance_cost": 53.61551839650374, "oscillation_cost": 117.78482228821191, "completition_cost": 1000.0, "overshoot_cost": 96.2395268939992, "power_cost": 37.56564755859375, "noise_cost": 28.175975240284647, "n_waypoints_completed": 0, "tot_waypoints": 9}}
{"target": -1559.5487312711095, "params": {"k_pid_pos": [8948.138710721896, 9357.48315004016, 3849.790464602347], "k_pid_alt": [2383.1443924119653, 6150.779681789042, 4540.032521117242], "k_pid_att": [4174.1364093340835, 7388.489677835171, 651.8295193002909], "k_pid_yaw": [0.5, 1e-06, 0.1], "k_pid_hsp": [2290.8914743968767, 175.62967998832835, 476.65004273426683], "k_pid_vsp": [492.2394446254663, 8123.600668600399, 7649.849497791706]}, "datetime": {"datetime": "2025-08-09 05:50:05", "elapsed": 46836.87408995628, "delta": 31.871274709701538}, "costs": {"total_cost": 1559.5487312711095, "time_cost": 150, "final_distance_cost": 187.2850439107144, "oscillation_cost": 128.76265723648677, "completition_cost": 777.7777777777778, "overshoot_cost": 251.10159286429106, "power_cost": 36.461989367675784, "noise_cost": 28.159670114163642, "n_waypoints_completed": 2, "tot_waypoints": 9}}
{"target": -2302.946680637557, "params": {"k_pid_pos": [0.0, 0.0, 4674.549917210131], "k_pid_alt": [0.0, 4784.03332974424, 10000.0], "k_pid_att": [4221.243491799168, 5932.703197517823, 0.0], "k_pid_yaw": [0.5, 1e-06, 0.1], "k_pid_hsp": [10000.0, 1905.1221251749087, 4958.859069606613], "k_pid_vsp": [5650.74618923228, 0.0, 8164.884118219547]}, "datetime": {"datetime": "2025-08-09 05:50:50", "elapsed": 46882.21136069298, "delta": 45.337270736694336}, "costs": {"total_cost": 2302.946680637557, "time_cost": 150, "final_distance_cost": 68.51856148942508, "oscillation_cost": 903.989832878748, "completition_cost": 1000.0, "overshoot_cost": 115.22001289036757, "power_cost": 37.038590087890626, "noise_cost": 28.179683291125833, "n_waypoints_completed": 0, "tot_waypoints": 9}}
{"target": -2734.294203242095, "params": {"k_pid_pos": [2508.761522929243, 229.58182468624688, 8295.149933193867], "k_pid_alt": [1109.1331198858002, 3535.3168109179446, 9539.877455184858], "k_pid_att": [3922.926425769534, 3052.9166290619346, 1734.1755467422859], "k_pid_yaw": [0.5, 1e-06, 0.1], "k_pid_hsp": [5499.257749430322, 61.00437261666869, 7575.345648596911], "k_pid_vsp": [4178.059276723878, 2905.335648659909, 4169.773532537711]}, "datetime": {"datetime": "2025-08-09 05:51:23", "elapsed": 46914.93254709244, "delta": 32.72118639945984}, "costs": {"total_cost": 2734.294203242095, "time_cost": 150, "final_distance_cost": 347.46145223516714, "oscillation_cost": 59.07134176198272, "completition_cost": 1000.0, "overshoot_cost": 1114.7903650118928, "power_cost": 35.21370200195312, "noise_cost": 27.75734223109918, "n_waypoints_completed": 0, "tot_waypoints": 9}}
{"target": -2223.98447503561, "params": {"k_pid_pos": [0.0, 0.0, 7814.438966311664], "k_pid_alt": [1511.4033837466252, 1795.3813224832227, 10000.0], "k_pid_att": [5688.171173825664, 2587.7135455127973, 0.0], "k_pid_yaw": [0.5, 1e-06, 0.1], "k_pid_hsp": [3348.848334997803, 1803.9395080573672, 4655.200834591911], "k_pid_vsp": [4159.4423720434625, 5097.27725858522, 8932.822523692712]}, "datetime": {"datetime": "2025-08-09 05:52:07", "elapsed": 46959.13332724571, "delta": 44.200780153274536}, "costs": {"total_cost": 2223.98447503561, "time_cost": 150, "final_distance_cost": 57.223256337687594, "oscillation_cost": 822.6332962506692, "completition_cost": 1000.0, "overshoot_cost": 129.85282796114367, "power_cost": 36.26982645263672, "noise_cost": 28.00526803347295, "n_waypoints_completed": 0, "tot_waypoints": 9}}
{"target": -1904.516469487612, "params": {"k_pid_pos": [8259.632897734387, 506.4602829772702, 5872.100349048402], "k_pid_alt": [4494.741988341817, 5546.544418788455, 577.6489816306663], "k_pid_att": [8543.722470652563, 4961.882687343509, 1261.3190630069848], "k_pid_yaw": [0.5, 1e-06, 0.1], "k_pid_hsp": [3791.794215127093, 3259.793098868308, 6552.980881094845], "k_pid_vsp": [8090.888873841992, 2891.198956476223, 4733.2990169290715]}, "datetime": {"datetime": "2025-08-09 05:52:40", "elapsed": 46992.312641859055, "delta": 33.179314613342285}, "costs": {"total_cost": 1904.516469487612, "time_cost": 150, "final_distance_cost": 170.13476838678855, "oscillation_cost": 89.48106229826521, "completition_cost": 1000.0, "overshoot_cost": 431.56569740512043, "power_cost": 35.39716171875, "noise_cost": 27.937779678688067, "n_waypoints_completed": 0, "tot_waypoints": 9}}
{"target": -6340.413139475434, "params": {"k_pid_pos": [6841.184637100504, 8540.64827876887, 3215.568128685438], "k_pid_alt": [5822.313131674477, 3419.266446544648, 6607.431784912624], "k_pid_att": [5484.335291204922, 4310.765429018177, 4398.9829006105565], "k_pid_yaw": [0.5, 1e-06, 0.1], "k_pid_hsp": [5045.046070297412, 9192.454823320633, 9550.555375365868], "k_pid_vsp": [4731.342305089559, 729.0089280681188, 4184.24078844783]}, "datetime": {"datetime": "2025-08-09 05:53:14", "elapsed": 47025.89597439766, "delta": 33.583332538604736}, "costs": {"total_cost": 6340.413139475434, "time_cost": 150, "final_distance_cost": 1347.6423571672585, "oscillation_cost": 402.4930758132494, "completition_cost": 1000.0, "overshoot_cost": 3319.385036514546, "power_cost": 48.85523702392578, "noise_cost": 72.03743295645431, "n_waypoints_completed": 0, "tot_waypoints": 9}}
{"target": -5954.7471548358, "params": {"k_pid_pos": [2570.8009646440332, 6688.859213648544, 2032.959735981661], "k_pid_alt": [1307.2845957669122, 3767.6943257438065, 8342.367560165358], "k_pid_att": [9972.633325184084, 9262.406288136255, 5630.200620880126], "k_pid_yaw": [0.5, 1e-06, 0.1], "k_pid_hsp": [2895.937369077208, 2866.388689298939, 2309.042659817242], "k_pid_vsp": [5842.387070488256, 5658.407830052511, 5083.876058505491]}, "datetime": {"datetime": "2025-08-09 05:53:47", "elapsed": 47059.31230759621, "delta": 33.41633319854736}, "costs": {"total_cost": 5954.7471548358, "time_cost": 150, "final_distance_cost": 1340.9368946820816, "oscillation_cost": 641.1049636434066, "completition_cost": 1000.0, "overshoot_cost": 2636.5268942042535, "power_cost": 58.510912036132815, "noise_cost": 127.6674902699252, "n_waypoints_completed": 0, "tot_waypoints": 9}}
{"target": -539.7750720128589, "params": {"k_pid_pos": [10000.0, 4504.276704017206, 1742.138204851467], "k_pid_alt": [5800.785900995558, 0.0, 10000.0], "k_pid_att": [7338.669368090686, 0.0, 0.0], "k_pid_yaw": [0.5, 1e-06, 0.1], "k_pid_hsp": [10000.0, 9299.852879875118, 9078.051867750439], "k_pid_vsp": [10000.0, 2667.8104075275987, 0.0]}, "datetime": {"datetime": "2025-08-09 05:54:32", "elapsed": 47104.34670209885, "delta": 45.03439450263977}, "costs": {"total_cost": 539.7750720128589, "time_cost": 108.976, "final_distance_cost": 1.7739701707484141, "oscillation_cost": 280.7278904319224, "completition_cost": 0.0, "overshoot_cost": 85.40052096208248, "power_cost": 35.96031853027344, "noise_cost": 26.93637191783213, "n_waypoints_completed": 9, "tot_waypoints": 9}}
{"target": -12018.874501013424, "params": {"k_pid_pos": [5579.979339010492, 2458.0595611176936, 8108.275238389403], "k_pid_alt": [520.8306787849115, 4886.653763415061, 8718.6913039164], "k_pid_att": [2607.5258476620997, 481.5944866944688, 6773.711375128032], "k_pid_yaw": [0.5, 1e-06, 0.1], "k_pid_hsp": [3216.9325700206964, 5073.864870225937, 8016.681088820875], "k_pid_vsp": [1477.3486741596487, 4455.645808321522, 4189.556528184849]}, "datetime": {"datetime": "2025-08-09 05:55:05", "elapsed": 47137.48056387901, "delta": 33.133861780166626}, "costs": {"total_cost": 12018.874501013424, "time_cost": 150, "final_distance_cost": 3289.1026113155685, "oscillation_cost": 23.561838114524, "completition_cost": 1000.0, "overshoot_cost": 7493.010773554248, "power_cost": 35.39351364746094, "noise_cost": 27.805764381623526, "n_waypoints_completed": 0, "tot_waypoints": 9}}
{"target": -1621.182565274791, "params": {"k_pid_pos": [3596.896116299929, 6969.298077527487, 6847.678200498177], "k_pid_alt": [6037.01291294777, 9054.688388140708, 5550.738198901745], "k_pid_att": [3181.2715844014415, 1146.029108973452, 337.71699754736375], "k_pid_yaw": [0.5, 1e-06, 0.1], "k_pid_hsp": [8418.175167314974, 6151.058214058182, 5881.310406528087], "k_pid_vsp": [2825.967366481417, 2841.5653044686164, 2856.8065507199403]}, "datetime": {"datetime": "2025-08-09 05:55:38", "elapsed": 47169.951523303986, "delta": 32.470959424972534}, "costs": {"total_cost": 1621.182565274791, "time_cost": 150, "final_distance_cost": 124.58404152553913, "oscillation_cost": 102.77282309436299, "completition_cost": 1000.0, "overshoot_cost": 180.0116340593469, "power_cost": 35.88709406738281, "noise_cost": 27.926972528159073, "n_waypoints_completed": 0, "tot_waypoints": 9}}
{"target": -6872.263679201832, "params": {"k_pid_pos": [4564.132264425937, 2711.324627115915, 8927.660986581235], "k_pid_alt": [1927.4321917171144, 1741.4505026040094, 8588.897000023688], "k_pid_att": [1418.1419083519365, 2755.023796602315, 8715.295801951368], "k_pid_yaw": [0.5, 1e-06, 0.1], "k_pid_hsp": [7122.394651912545, 4688.032882519073, 602.8203456703163], "k_pid_vsp": [3614.6581964520474, 7514.029834417059, 4408.324985968802]}, "datetime": {"datetime": "2025-08-09 05:56:11", "elapsed": 47202.7804210186, "delta": 32.82889771461487}, "costs": {"total_cost": 6872.263679201832, "time_cost": 150, "final_distance_cost": 1339.8623744502997, "oscillation_cost": 756.7150627975401, "completition_cost": 1000.0, "overshoot_cost": 3429.0969611659443, "power_cost": 58.55688404541016, "noise_cost": 138.0323967426376, "n_waypoints_completed": 0, "tot_waypoints": 9}}
{"target": -29934.943998675335, "params": {"k_pid_pos": [9857.752075848097, 3779.145197758773, 1944.0425937314365], "k_pid_alt": [4422.0002348809285, 1983.568027863345, 3807.1556064177757], "k_pid_att": [2964.9340217911326, 6611.227769473427, 8085.251949124399], "k_pid_yaw": [0.5, 1e-06, 0.1], "k_pid_hsp": [1019.0389759309726, 3999.2249546699363, 627.3613441374193], "k_pid_vsp": [8916.653208300579, 7401.313318543477, 3577.333192562593]}, "datetime": {"datetime": "2025-08-09 05:56:44", "elapsed": 47235.79117012024, "delta": 33.010749101638794}, "costs": {"total_cost": 29934.943998675335, "time_cost": 150, "final_distance_cost": 8520.265876177227, "oscillation_cost": 1650.6087278784103, "completition_cost": 1000.0, "overshoot_cost": 18413.145502427393, "power_cost": 58.65909189453125, "noise_cost": 142.26480029777034, "n_waypoints_completed": 0, "tot_waypoints": 9}}
{"target": -1447.2336090216202, "params": {"k_pid_pos": [10000.0, 4927.902236644652, 0.0], "k_pid_alt": [2275.68179338467, 10000.0, 3157.194942735474], "k_pid_att": [8138.579250218547, 6851.06365173731, 0.0], "k_pid_yaw": [0.5, 1e-06, 0.1], "k_pid_hsp": [0.0, 0.0, 0.0], "k_pid_vsp": [2436.888005989451, 8300.377767342661, 10000.0]}, "datetime": {"datetime": "2025-08-09 05:57:32", "elapsed": 47283.73050618172, "delta": 47.93933606147766}, "costs": {"total_cost": 1447.2336090216202, "time_cost": 150, "final_distance_cost": 10.874955840053898, "oscillation_cost": 0.0, "completition_cost": 1000.0, "overshoot_cost": 166.4099510673916, "power_cost": 29.932059130859376, "noise_cost": 90.01664298331532, "n_waypoints_completed": 0, "tot_waypoints": 9}}
{"target": -1680.775828547303, "params": {"k_pid_pos": [3665.320442134054, 10000.0, 10000.0], "k_pid_alt": [7566.797168070114, 10000.0, 6215.251433699114], "k_pid_att": [7821.525673802519, 5410.593544884967, 0.0], "k_pid_yaw": [0.5, 1e-06, 0.1], "k_pid_hsp": [10000.0, 4997.982308671306, 6823.165689327567], "k_pid_vsp": [5846.093956564537, 0.0, 5211.233876040412]}, "datetime": {"datetime": "2025-08-09 05:58:18", "elapsed": 47330.43066048622, "delta": 46.700154304504395}, "costs": {"total_cost": 1680.775828547303, "time_cost": 150, "final_distance_cost": 88.71024715034983, "oscillation_cost": 397.9694163498757, "completition_cost": 888.8888888888888, "overshoot_cost": 87.19332540239785, "power_cost": 39.44145301513672, "noise_cost": 28.57249774065419, "n_waypoints_completed": 1, "tot_waypoints": 9}}
{"target": -14186.944695767841, "params": {"k_pid_pos": [1450.0894208094005, 9929.820517437834, 3613.55858060152], "k_pid_alt": [2403.837438396632, 7331.258737983919, 5675.557757651838], "k_pid_att": [6483.463855195909, 3361.000133260736, 9768.511241839367], "k_pid_yaw": [0.5, 1e-06, 0.1], "k_pid_hsp": [6460.029688342675, 6080.800316897838, 735.0110534576271], "k_pid_vsp": [4338.285276855891, 6919.177491912475, 1957.436620644738]}, "datetime": {"datetime": "2025-08-09 05:58:52", "elapsed": 47363.74411225319, "delta": 33.31345176696777}, "costs": {"total_cost": 14186.944695767841, "time_cost": 150, "final_distance_cost": 3445.9645562247597, "oscillation_cost": 773.7272902572694, "completition_cost": 1000.0, "overshoot_cost": 8619.081066580464, "power_cost": 58.751687109375005, "noise_cost": 139.42009559597176, "n_waypoints_completed": 0, "tot_waypoints": 9}}
{"target": -830.2948072767906, "params": {"k_pid_pos": [10000.0, 10000.0, 8586.160726064887], "k_pid_alt": [851.6547714567973, 0.0, 2733.3083034590463], "k_pid_att": [3144.1141648454145, 0.0, 0.0], "k_pid_yaw": [0.5, 1e-06, 0.1], "k_pid_hsp": [10000.0, 10000.0, 4016.026361759571], "k_pid_vsp": [10000.0, 0.0, 3312.267453156726]}, "datetime": {"datetime": "2025-08-09 05:59:39", "elapsed": 47411.393479824066, "delta": 47.649367570877075}, "costs": {"total_cost": 830.2948072767906, "time_cost": 150, "final_distance_cost": 84.51471530591816, "oscillation_cost": 213.59990062217557, "completition_cost": 222.2222222222222, "overshoot_cost": 90.71340884160475, "power_cost": 40.45450270996094, "noise_cost": 28.790057574909042, "n_waypoints_completed": 7, "tot_waypoints": 9}}
