{"target": -4589.345818787589, "params": {"k_pid_pos": [3567.4604520353037, 1257.9004848919494, 7757.668895382264], "k_pid_alt": [8665.062631583009, 6627.084682334492, 7551.258125606261], "k_pid_att": [6883.188056280255, 1311.203355764249, 980.2839336780922], "k_pid_yaw": [0.5, 1e-06, 0.1], "k_pid_hsp": [4968.477229686964, 7183.666069159712, 7608.003286490261], "k_pid_vsp": [5278.224261168959, 6280.179869283384, 9486.390973445774]}, "datetime": {"datetime": "2025-08-08 22:51:10", "elapsed": 21701.600239515305, "delta": 30.951112270355225}, "costs": {"total_cost": 4589.345818787589, "time_cost": 150, "final_distance_cost": 1044.9994383721164, "oscillation_cost": 99.37627717851245, "completition_cost": 1000.0, "overshoot_cost": 2231.9681192382295, "power_cost": 35.238444763183594, "noise_cost": 27.76353923554725, "n_waypoints_completed": 0, "tot_waypoints": 9}}
{"target": -1257.7274584705635, "params": {"k_pid_pos": [7906.626231427234, 5640.800028501942, 0.0], "k_pid_alt": [2449.6136317183355, 0.0, 0.0], "k_pid_att": [7099.438170222404, 2517.670760082565, 0.0], "k_pid_yaw": [0.5, 1e-06, 0.1], "k_pid_hsp": [7722.104699461533, 10000.0, 0.0], "k_pid_vsp": [5094.505932777647, 2457.6733710087215, 1322.8289737799093]}, "datetime": {"datetime": "2025-08-08 22:51:44", "elapsed": 21735.59986639023, "delta": 33.999626874923706}, "costs": {"total_cost": 1257.7274584705635, "time_cost": 150, "final_distance_cost": 52.78675250292395, "oscillation_cost": 256.30000702849253, "completition_cost": 666.6666666666667, "overshoot_cost": 60.750533690701836, "power_cost": 42.3422513671875, "noise_cost": 28.881247214590935, "n_waypoints_completed": 3, "tot_waypoints": 9}}
{"target": -1770.8453425820273, "params": {"k_pid_pos": [910.915828543922, 10000.0, 10000.0], "k_pid_alt": [1966.076780176993, 7813.056100465052, 9936.161150038315], "k_pid_att": [10000.0, 7716.802483529754, 0.0], "k_pid_yaw": [0.5, 1e-06, 0.1], "k_pid_hsp": [10000.0, 0.0, 2574.1918928133327], "k_pid_vsp": [10000.0, 7938.217734421134, 4614.4483001265535]}, "datetime": {"datetime": "2025-08-08 22:52:19", "elapsed": 21770.9677567482, "delta": 35.36789035797119}, "costs": {"total_cost": 1770.8453425820273, "time_cost": 150, "final_distance_cost": 66.23868467179612, "oscillation_cost": 416.4503000096845, "completition_cost": 1000.0, "overshoot_cost": 70.65666998452335, "power_cost": 39.11842508544922, "noise_cost": 28.381262830574016, "n_waypoints_completed": 0, "tot_waypoints": 9}}
{"target": -4933.339936314961, "params": {"k_pid_pos": [3519.736111789116, 10000.0, 1451.040870594481], "k_pid_alt": [3764.6200802726257, 2654.113887521875, 7102.368166020287], "k_pid_att": [7525.528813035249, 6633.098055947076, 5751.525171969585], "k_pid_yaw": [0.5, 1e-06, 0.1], "k_pid_hsp": [6532.974967497861, 2723.6257434716667, 5557.2270594577085], "k_pid_vsp": [5309.021769246766, 7237.4197061015, 2498.562688575949]}, "datetime": {"datetime": "2025-08-08 22:52:55", "elapsed": 21806.87620663643, "delta": 35.90844988822937}, "costs": {"total_cost": 4933.339936314961, "time_cost": 150, "final_distance_cost": 493.2047390349136, "oscillation_cost": 660.7311275369317, "completition_cost": 1000.0, "overshoot_cost": 2438.096666203093, "power_cost": 58.63123372802735, "noise_cost": 132.6761698119965, "n_waypoints_completed": 0, "tot_waypoints": 9}}
{"target": -1506.9841722460887, "params": {"k_pid_pos": [0.0, 10000.0, 10000.0], "k_pid_alt": [10000.0, 5304.853364960101, 6220.892850641028], "k_pid_att": [5645.716432579655, 5911.016127205197, 0.0], "k_pid_yaw": [0.5, 1e-06, 0.1], "k_pid_hsp": [2881.860584829198, 3133.6262934283695, 0.0], "k_pid_vsp": [92.40331936993682, 5899.963873600099, 1800.7127516284813]}, "datetime": {"datetime": "2025-08-08 22:53:29", "elapsed": 21841.367335557938, "delta": 34.49112892150879}, "costs": {"total_cost": 1506.9841722460887, "time_cost": 150, "final_distance_cost": 49.13353523694519, "oscillation_cost": 189.27368797331755, "completition_cost": 1000.0, "overshoot_cost": 45.357943504463584, "power_cost": 43.71454063720704, "noise_cost": 29.504464894155745, "n_waypoints_completed": 0, "tot_waypoints": 9}}
{"target": -17216.902968057544, "params": {"k_pid_pos": [4335.219010818374, 6931.213143529414, 8019.074229691211], "k_pid_alt": [6595.093128805743, 3165.709027417729, 1689.5982153798504], "k_pid_att": [7395.594889841488, 9206.936763412625, 9794.901407071695], "k_pid_yaw": [0.5, 1e-06, 0.1], "k_pid_hsp": [5850.351126762286, 4482.734250288705, 5865.686828059969], "k_pid_vsp": [9587.330042946207, 6376.202554545836, 6727.256622210874]}, "datetime": {"datetime": "2025-08-08 22:54:01", "elapsed": 21872.56877017021, "delta": 31.20143461227417}, "costs": {"total_cost": 17216.902968057544, "time_cost": 150, "final_distance_cost": 5195.987292770468, "oscillation_cost": 1433.2890656291959, "completition_cost": 1000.0, "overshoot_cost": 9236.199897019676, "power_cost": 58.58707312011719, "noise_cost": 142.83963951808542, "n_waypoints_completed": 0, "tot_waypoints": 9}}
{"target": -4560.04991098683, "params": {"k_pid_pos": [810.5602893576591, 7562.177368331188, 3390.352027565602], "k_pid_alt": [9357.387713856164, 5189.346953530022, 173.98175231215785], "k_pid_att": [5155.388428095758, 5136.734414502583, 3173.562134758433], "k_pid_yaw": [0.5, 1e-06, 0.1], "k_pid_hsp": [3305.1365743095694, 2540.38939128851, 6151.811752774374], "k_pid_vsp": [828.4449354560386, 9344.622623374178, 5215.094894606675]}, "datetime": {"datetime": "2025-08-08 22:54:31", "elapsed": 21903.341312885284, "delta": 30.772542715072632}, "costs": {"total_cost": 4560.04991098683, "time_cost": 150, "final_distance_cost": 727.7962620061786, "oscillation_cost": 434.597512430238, "completition_cost": 1000.0, "overshoot_cost": 2113.1149254997836, "power_cost": 48.81236813964844, "noise_cost": 85.72884291098137, "n_waypoints_completed": 0, "tot_waypoints": 9}}
{"target": -7014.240666485308, "params": {"k_pid_pos": [6928.9272027895395, 3109.037088429114, 2405.9503003771065], "k_pid_alt": [2823.4191207415784, 6215.461151969001, 361.67997582966404], "k_pid_att": [4879.4787752070615, 4904.325749546449, 4872.0467245633035], "k_pid_yaw": [0.5, 1e-06, 0.1], "k_pid_hsp": [1399.3638232198791, 2047.0916721368671, 1105.4635218575115], "k_pid_vsp": [5153.181201337199, 152.60038524133935, 9975.84628503283]}, "datetime": {"datetime": "2025-08-08 22:55:03", "elapsed": 21934.79469895363, "delta": 31.453386068344116}, "costs": {"total_cost": 7014.240666485308, "time_cost": 150, "final_distance_cost": 1220.3812994839893, "oscillation_cost": 973.179743771127, "completition_cost": 1000.0, "overshoot_cost": 3503.918854190008, "power_cost": 54.22605130615235, "noise_cost": 112.53471773403135, "n_waypoints_completed": 0, "tot_waypoints": 9}}
{"target": -4713.2828405434075, "params": {"k_pid_pos": [7800.0996113112915, 3849.2950828856465, 3081.837660166048], "k_pid_alt": [3299.2094874438326, 2063.093840179716, 5318.782713693312], "k_pid_att": [3733.6401488120887, 7469.396003064398, 3431.3052282532085], "k_pid_yaw": [0.5, 1e-06, 0.1], "k_pid_hsp": [8773.861422733176, 1112.870358633995, 971.9399458318557], "k_pid_vsp": [363.3738546036236, 6648.855545991514, 5649.859614190632]}, "datetime": {"datetime": "2025-08-08 22:55:34", "elapsed": 21966.306858778, "delta": 31.512159824371338}, "costs": {"total_cost": 4713.2828405434075, "time_cost": 150, "final_distance_cost": 1131.7528027753033, "oscillation_cost": 636.5120891694612, "completition_cost": 1000.0, "overshoot_cost": 1629.0624514955198, "power_cost": 55.45571849365235, "noise_cost": 110.4997786094705, "n_waypoints_completed": 0, "tot_waypoints": 9}}
{"target": -5016.9815791748115, "params": {"k_pid_pos": [5182.081955430224, 5412.348883247469, 8064.461407555761], "k_pid_alt": [9224.978877611697, 7686.038007917042, 8156.2522790940975], "k_pid_att": [9713.456578562194, 3961.8955123069954, 8122.492985630758], "k_pid_yaw": [0.5, 1e-06, 0.1], "k_pid_hsp": [9844.93645793981, 3736.321146905187, 64.59053062878527], "k_pid_vsp": [1589.5408746730477, 395.0502954176849, 7888.907766554885]}, "datetime": {"datetime": "2025-08-08 22:56:06", "elapsed": 21997.826501607895, "delta": 31.51964282989502}, "costs": {"total_cost": 5016.9815791748115, "time_cost": 150, "final_distance_cost": 1145.4257682707885, "oscillation_cost": 338.4093514125781, "completition_cost": 1000.0, "overshoot_cost": 2273.4335171315483, "power_cost": 47.18935660400391, "noise_cost": 62.52358575589317, "n_waypoints_completed": 0, "tot_waypoints": 9}}
{"target": -7128.288223227086, "params": {"k_pid_pos": [4284.116276911492, 4653.394676213796, 5461.784764220689], "k_pid_alt": [1545.3782133220639, 205.51339342142705, 5930.509815262838], "k_pid_att": [7223.32797924329, 2052.6169659728644, 3993.4471954290875], "k_pid_yaw": [0.5, 1e-06, 0.1], "k_pid_hsp": [2029.3721133396702, 5412.255379265737, 4540.0988190264325], "k_pid_vsp": [5629.70363902876, 2557.344783676105, 1325.359537395372]}, "datetime": {"datetime": "2025-08-08 22:56:36", "elapsed": 22028.507972717285, "delta": 30.68147110939026}, "costs": {"total_cost": 7128.288223227086, "time_cost": 150, "final_distance_cost": 1266.7949964579116, "oscillation_cost": 685.9708555576472, "completition_cost": 1000.0, "overshoot_cost": 3835.956381174814, "power_cost": 58.50295853271485, "noise_cost": 131.0630315039992, "n_waypoints_completed": 0, "tot_waypoints": 9}}
{"target": -2122.5810198147615, "params": {"k_pid_pos": [5873.956921474748, 9704.440581909932, 10000.0], "k_pid_alt": [7817.567300150365, 10000.0, 1296.238466221815], "k_pid_att": [6699.557525739004, 8119.641423510028, 0.0], "k_pid_yaw": [0.5, 1e-06, 0.1], "k_pid_hsp": [474.89230827544424, 1854.9169068433582, 10000.0], "k_pid_vsp": [2000.230882367765, 9610.067158435522, 0.0]}, "datetime": {"datetime": "2025-08-08 22:57:11", "elapsed": 22063.29489660263, "delta": 34.78692388534546}, "costs": {"total_cost": 2122.5810198147615, "time_cost": 150, "final_distance_cost": 50.419788350344554, "oscillation_cost": 844.0948692802295, "completition_cost": 888.8888888888888, "overshoot_cost": 125.43755750829058, "power_cost": 36.05951046142578, "noise_cost": 27.6804053255825, "n_waypoints_completed": 1, "tot_waypoints": 9}}
{"target": -7755.771027278179, "params": {"k_pid_pos": [8386.900337531848, 2216.5927591282607, 1680.5428253378452], "k_pid_alt": [5054.075269518578, 3964.793740280568, 9635.653291884779], "k_pid_att": [3302.120182583257, 1297.5551578617383, 8156.347795285453], "k_pid_yaw": [0.5, 1e-06, 0.1], "k_pid_hsp": [922.6890526018705, 6867.465338737222, 1166.777257553594], "k_pid_vsp": [7223.693222732421, 6754.278144154927, 3427.6546703732893]}, "datetime": {"datetime": "2025-08-08 22:57:42", "elapsed": 22093.95619416237, "delta": 30.66129755973816}, "costs": {"total_cost": 7755.771027278179, "time_cost": 150, "final_distance_cost": 2487.951602412712, "oscillation_cost": 790.6300190375247, "completition_cost": 1000.0, "overshoot_cost": 3143.986613060421, "power_cost": 58.518575292968755, "noise_cost": 124.68421747455261, "n_waypoints_completed": 0, "tot_waypoints": 9}}
{"target": -3571.207555211721, "params": {"k_pid_pos": [6836.537511312366, 8277.169139197604, 7455.860159161896], "k_pid_alt": [5309.883048159069, 9565.030083339412, 5321.619414350066], "k_pid_att": [3409.410025724673, 4723.4702438205, 2175.59960459893], "k_pid_yaw": [0.5, 1e-06, 0.1], "k_pid_hsp": [2902.188021696017, 2168.664122520889, 8941.907659696248], "k_pid_vsp": [4534.331556343372, 8681.114980553612, 2071.1764636211074]}, "datetime": {"datetime": "2025-08-08 22:58:13", "elapsed": 22124.930731773376, "delta": 30.97453761100769}, "costs": {"total_cost": 3571.207555211721, "time_cost": 150, "final_distance_cost": 685.0608627536845, "oscillation_cost": 660.4726149532067, "completition_cost": 1000.0, "overshoot_cost": 882.0800693898846, "power_cost": 58.48098709716797, "noise_cost": 135.11302101777713, "n_waypoints_completed": 0, "tot_waypoints": 9}}
{"target": -1755.3771729705602, "params": {"k_pid_pos": [10000.0, 10000.0, 3249.282812725802], "k_pid_alt": [5414.432773984814, 3560.551821054663, 4914.7688319308045], "k_pid_att": [7995.768715481896, 6506.494337838196, 0.0], "k_pid_yaw": [0.5, 1e-06, 0.1], "k_pid_hsp": [8896.155993741151, 1595.1914722867941, 0.0], "k_pid_vsp": [1235.5745270588675, 10000.0, 2547.360484138736]}, "datetime": {"datetime": "2025-08-08 22:58:49", "elapsed": 22160.79488325119, "delta": 35.86415147781372}, "costs": {"total_cost": 1755.3771729705602, "time_cost": 150, "final_distance_cost": 32.03594164810982, "oscillation_cost": 447.7168514673941, "completition_cost": 1000.0, "overshoot_cost": 56.754987043145164, "power_cost": 40.08086076660157, "noise_cost": 28.788532045309715, "n_waypoints_completed": 0, "tot_waypoints": 9}}
{"target": -3477.2495462623365, "params": {"k_pid_pos": [8910.569567976632, 1635.747978902161, 7970.887774344213], "k_pid_alt": [2500.0662285864396, 8040.772385711423, 4957.987753142144], "k_pid_att": [9394.553686930969, 5601.548334939138, 3977.5324872776196], "k_pid_yaw": [0.5, 1e-06, 0.1], "k_pid_hsp": [9501.640958608778, 9501.132037425437, 9624.82051363286], "k_pid_vsp": [3939.6339553307803, 9389.040451332974, 7307.839284840213]}, "datetime": {"datetime": "2025-08-08 22:59:19", "elapsed": 22191.45824456215, "delta": 30.663361310958862}, "costs": {"total_cost": 3477.2495462623365, "time_cost": 150, "final_distance_cost": 516.3772795129523, "oscillation_cost": 50.44071555729327, "completition_cost": 1000.0, "overshoot_cost": 1697.573326227326, "power_cost": 35.12612541503906, "noise_cost": 27.73209954972558, "n_waypoints_completed": 0, "tot_waypoints": 9}}
{"target": -5627.178717582524, "params": {"k_pid_pos": [3931.69492225503, 7883.552663388993, 3848.027108957395], "k_pid_alt": [6540.8446359738855, 5491.126605983117, 1418.5079063586902], "k_pid_att": [9574.354133581428, 4028.8646211732994, 2389.0590779525546], "k_pid_yaw": [0.5, 1e-06, 0.1], "k_pid_hsp": [6696.243423032383, 3060.1903651886687, 6447.613866286469], "k_pid_vsp": [4640.067376433243, 8440.030520057875, 8464.833050030382]}, "datetime": {"datetime": "2025-08-08 22:59:50", "elapsed": 22222.219133853912, "delta": 30.760889291763306}, "costs": {"total_cost": 5627.178717582524, "time_cost": 150, "final_distance_cost": 1359.5527672772532, "oscillation_cost": 54.500314695411504, "completition_cost": 1000.0, "overshoot_cost": 3000.1376672215174, "power_cost": 35.22366278076172, "noise_cost": 27.76430560757992, "n_waypoints_completed": 0, "tot_waypoints": 9}}
{"target": -3170.547220377184, "params": {"k_pid_pos": [9476.373349005418, 3319.256198084485, 4584.747715856736], "k_pid_alt": [8599.322197717254, 4447.668641803354, 3824.440901943529], "k_pid_att": [8387.286875667938, 7971.26301462248, 7198.422810049815], "k_pid_yaw": [0.5, 1e-06, 0.1], "k_pid_hsp": [3571.558608489498, 9459.472406499113, 6331.081275364962], "k_pid_vsp": [1119.3234738217018, 7575.610930613452, 6419.874211791695]}, "datetime": {"datetime": "2025-08-08 23:00:21", "elapsed": 22252.559247255325, "delta": 30.340113401412964}, "costs": {"total_cost": 3170.547220377184, "time_cost": 150, "final_distance_cost": 452.9573549197649, "oscillation_cost": 547.0772058450425, "completition_cost": 1000.0, "overshoot_cost": 863.7257729625359, "power_cost": 51.790258129882815, "noise_cost": 104.99662851995845, "n_waypoints_completed": 0, "tot_waypoints": 9}}
{"target": -1401.1061072951277, "params": {"k_pid_pos": [10000.0, 4331.222792376258, 1813.6892151350462], "k_pid_alt": [9069.728724085513, 4102.007089201393, 4008.422693318006], "k_pid_att": [10000.0, 9105.169304507941, 0.0], "k_pid_yaw": [0.5, 1e-06, 0.1], "k_pid_hsp": [5211.096259702518, 10000.0, 2708.880639293693], "k_pid_vsp": [643.4610358198561, 9103.446116734523, 4579.198745334673]}, "datetime": {"datetime": "2025-08-08 23:00:57", "elapsed": 22289.380545139313, "delta": 36.82129788398743}, "costs": {"total_cost": 1401.1061072951277, "time_cost": 150, "final_distance_cost": 71.3317985451079, "oscillation_cost": 144.55554501703014, "completition_cost": 888.8888888888888, "overshoot_cost": 74.40264441310995, "power_cost": 42.69696922607422, "noise_cost": 29.230261204916655, "n_waypoints_completed": 1, "tot_waypoints": 9}}
{"target": -7810.130897438336, "params": {"k_pid_pos": [7892.842402438791, 6831.988832451406, 3171.132884045301], "k_pid_alt": [7712.486078975043, 468.10483639051716, 8935.781159492113], "k_pid_att": [6896.6498177251515, 7121.056817722963, 7741.685145724998], "k_pid_yaw": [0.5, 1e-06, 0.1], "k_pid_hsp": [1551.9047957770615, 5911.300139388371, 5452.148103869447], "k_pid_vsp": [385.36003611167934, 6338.725860227765, 1235.9277883584407]}, "datetime": {"datetime": "2025-08-08 23:01:28", "elapsed": 22320.094564437866, "delta": 30.714019298553467}, "costs": {"total_cost": 7810.130897438336, "time_cost": 150, "final_distance_cost": 1527.3371013121714, "oscillation_cost": 1179.5844957254812, "completition_cost": 1000.0, "overshoot_cost": 3756.155560349586, "power_cost": 58.59868187255859, "noise_cost": 138.45505817853896, "n_waypoints_completed": 0, "tot_waypoints": 9}}
{"target": -2697.937118394691, "params": {"k_pid_pos": [4967.240262404766, 0.0, 2061.064660339002], "k_pid_alt": [716.7792666403818, 0.0, 0.0], "k_pid_att": [3128.189885863318, 3877.608524847422, 0.0], "k_pid_yaw": [0.5, 1e-06, 0.1], "k_pid_hsp": [10000.0, 0.0, 3685.6633920942195], "k_pid_vsp": [0.0, 6357.35898731058, 7508.530383742976]}, "datetime": {"datetime": "2025-08-08 23:02:03", "elapsed": 22355.487138032913, "delta": 35.392573595047}, "costs": {"total_cost": 2697.937118394691, "time_cost": 150, "final_distance_cost": 169.89192973812382, "oscillation_cost": 898.1297392203078, "completition_cost": 1000.0, "overshoot_cost": 412.1357153495594, "power_cost": 38.156351721191406, "noise_cost": 29.6233823655084, "n_waypoints_completed": 0, "tot_waypoints": 9}}
{"target": -1315.7972316396958, "params": {"k_pid_pos": [5248.124973897093, 5411.971574461858, 3961.214804429617], "k_pid_alt": [7081.5379409225625, 4948.8952040820395, 5040.885950782236], "k_pid_att": [6586.092066856739, 6245.123602701133, 0.0], "k_pid_yaw": [0.5, 1e-06, 0.1], "k_pid_hsp": [4042.8982457193138, 5314.498962127742, 1105.780458107075], "k_pid_vsp": [0.0, 6744.593278982111, 4764.610245642782]}, "datetime": {"datetime": "2025-08-08 23:02:40", "elapsed": 22391.643909931183, "delta": 36.15677189826965}, "costs": {"total_cost": 1315.7972316396958, "time_cost": 150, "final_distance_cost": 87.47065194465507, "oscillation_cost": 149.93101535346958, "completition_cost": 777.7777777777778, "overshoot_cost": 78.36799347125337, "power_cost": 42.76840888671875, "noise_cost": 29.481384205821012, "n_waypoints_completed": 2, "tot_waypoints": 9}}
{"target": -1788.4642729235127, "params": {"k_pid_pos": [4370.206511609314, 4082.3295841574463, 686.4477980193296], "k_pid_alt": [0.0, 0.0, 0.0], "k_pid_att": [7892.989781177795, 7007.22701097308, 0.0], "k_pid_yaw": [0.5, 1e-06, 0.1], "k_pid_hsp": [4588.467295015069, 5913.813284369968, 6078.45967310739], "k_pid_vsp": [9764.190596573962, 0.0, 4024.7856836724227]}, "datetime": {"datetime": "2025-08-08 23:03:16", "elapsed": 22427.597629070282, "delta": 35.95371913909912}, "costs": {"total_cost": 1788.4642729235127, "time_cost": 150, "final_distance_cost": 52.93311154003764, "oscillation_cost": 501.3874321421612, "completition_cost": 888.8888888888888, "overshoot_cost": 123.46973116352015, "power_cost": 39.97513388671875, "noise_cost": 31.80997530218587, "n_waypoints_completed": 1, "tot_waypoints": 9}}
{"target": -5261.58607916999, "params": {"k_pid_pos": [5493.234887717722, 4175.064121947506, 3779.230681184357], "k_pid_alt": [8737.988858504117, 6339.398099166577, 2733.932862736398], "k_pid_att": [2247.433846346242, 2386.8813389750153, 1244.344487165091], "k_pid_yaw": [0.5, 1e-06, 0.1], "k_pid_hsp": [1948.8010848118709, 1824.3702388862182, 496.8720080116229], "k_pid_vsp": [7732.1903805225165, 2946.339783016152, 420.5662009015854]}, "datetime": {"datetime": "2025-08-08 23:03:46", "elapsed": 22458.41073870659, "delta": 30.813109636306763}, "costs": {"total_cost": 5261.58607916999, "time_cost": 150, "final_distance_cost": 403.38054202575495, "oscillation_cost": 702.8812260953065, "completition_cost": 1000.0, "overshoot_cost": 2809.6985709177948, "power_cost": 58.72243395996094, "noise_cost": 136.90330617117257, "n_waypoints_completed": 0, "tot_waypoints": 9}}
{"target": -1398.5779387266743, "params": {"k_pid_pos": [7448.0299677813655, 7165.840002541946, 1981.4905301468532], "k_pid_alt": [10000.0, 1814.6969325603413, 0.0], "k_pid_att": [1890.5260609007828, 0.0, 0.0], "k_pid_yaw": [0.5, 1e-06, 0.1], "k_pid_hsp": [9334.969291681693, 0.0, 2086.5529648854385], "k_pid_vsp": [7404.707107596206, 4493.8593482464075, 847.4449489703351]}, "datetime": {"datetime": "2025-08-08 23:04:22", "elapsed": 22493.80127596855, "delta": 35.39053726196289}, "costs": {"total_cost": 1398.5779387266743, "time_cost": 150, "final_distance_cost": 76.0223573661116, "oscillation_cost": 270.44516763141525, "completition_cost": 777.7777777777778, "overshoot_cost": 55.29582201327997, "power_cost": 40.22446822509766, "noise_cost": 28.81234571299208, "n_waypoints_completed": 2, "tot_waypoints": 9}}
