{"target": -2158.1507962892692, "params": {"k_pid_pos": [6249.88621966021, 3698.7852493373057, 3497.8527209228105], "k_pid_alt": [8577.583167209199, 8600.518317097782, 0.0], "k_pid_att": [10000.0, 10000.0, 0.0], "k_pid_yaw": [0.5, 1e-06, 0.1], "k_pid_hsp": [3740.4305485052146, 1322.7174777540213, 7114.618761155103], "k_pid_vsp": [1584.341756682629, 6014.191443664416, 3471.801653673929]}, "datetime": {"datetime": "2025-08-08 19:35:43", "elapsed": 9975.116034507751, "delta": 34.35812211036682}, "costs": {"total_cost": 2158.1507962892692, "time_cost": 150, "final_distance_cost": 93.50331308750867, "oscillation_cost": 828.1452076203286, "completition_cost": 888.8888888888888, "overshoot_cost": 133.8398943027564, "power_cost": 35.89617783203125, "noise_cost": 27.877314557755447, "n_waypoints_completed": 1, "tot_waypoints": 9}}
{"target": -1941.0958583081663, "params": {"k_pid_pos": [6709.645507947113, 5533.01535752005, 1244.6761084683997], "k_pid_alt": [0.0, 0.0, 6231.313949600909], "k_pid_att": [3352.230346376455, 0.0, 0.0], "k_pid_yaw": [0.5, 1e-06, 0.1], "k_pid_hsp": [10000.0, 4976.823723176531, 10000.0], "k_pid_vsp": [8665.963416813418, 10000.0, 6842.182506325052]}, "datetime": {"datetime": "2025-08-08 19:36:16", "elapsed": 10008.065690755844, "delta": 32.94965624809265}, "costs": {"total_cost": 1941.0958583081663, "time_cost": 150, "final_distance_cost": 26.91055864508442, "oscillation_cost": 464.2495409670022, "completition_cost": 1000.0, "overshoot_cost": 172.19474675076313, "power_cost": 39.187721826171874, "noise_cost": 88.55329011914488, "n_waypoints_completed": 0, "tot_waypoints": 9}}
{"target": -5856.610640332096, "params": {"k_pid_pos": [3177.944608639469, 1814.4694378180193, 5329.80780336667], "k_pid_alt": [3093.7168287928107, 6052.734688823272, 9416.16775110326], "k_pid_att": [4808.64610183093, 5644.762272753561, 4932.530464578474], "k_pid_yaw": [0.5, 1e-06, 0.1], "k_pid_hsp": [6663.793246737283, 6298.729878490683, 4684.5528216997745], "k_pid_vsp": [1007.3190037068102, 5783.2928205688295, 7722.295647070332]}, "datetime": {"datetime": "2025-08-08 19:36:46", "elapsed": 10038.40066075325, "delta": 30.334969997406006}, "costs": {"total_cost": 5856.610640332096, "time_cost": 150, "final_distance_cost": 899.4421694550617, "oscillation_cost": 591.5273311973253, "completition_cost": 1000.0, "overshoot_cost": 3059.44153643728, "power_cost": 51.51160910644531, "noise_cost": 104.68799413598396, "n_waypoints_completed": 0, "tot_waypoints": 9}}
{"target": -2010.5455995633058, "params": {"k_pid_pos": [0.0, 10000.0, 4972.998522253174], "k_pid_alt": [5586.7452670989205, 6152.28617001481, 0.0], "k_pid_att": [9076.368917009786, 9474.420493118254, 0.0], "k_pid_yaw": [0.5, 1e-06, 0.1], "k_pid_hsp": [10000.0, 0.0, 6155.840759776747], "k_pid_vsp": [9411.233396623938, 4098.768236281738, 52.207213135540755]}, "datetime": {"datetime": "2025-08-08 19:37:20", "elapsed": 10071.836601257324, "delta": 33.4359405040741}, "costs": {"total_cost": 2010.5455995633058, "time_cost": 150, "final_distance_cost": 54.74340228381375, "oscillation_cost": 640.9021380693812, "completition_cost": 1000.0, "overshoot_cost": 99.8686792349364, "power_cost": 37.078511328125, "noise_cost": 27.952868647049684, "n_waypoints_completed": 0, "tot_waypoints": 9}}
{"target": -3456.1928385627584, "params": {"k_pid_pos": [9444.045529163444, 7417.048155746446, 5260.975237913908], "k_pid_alt": [2348.116008263695, 1501.7373472728057, 5428.74250923516], "k_pid_att": [5268.9970731571, 9356.274751681318, 3937.5373199517903], "k_pid_yaw": [0.5, 1e-06, 0.1], "k_pid_hsp": [8732.761374884703, 6121.296510794747, 1048.7246243081306], "k_pid_vsp": [9856.586273425595, 2954.351512677775, 2328.8969522759407]}, "datetime": {"datetime": "2025-08-08 19:37:50", "elapsed": 10102.47619843483, "delta": 30.639597177505493}, "costs": {"total_cost": 3456.1928385627584, "time_cost": 150, "final_distance_cost": 216.33366053486222, "oscillation_cost": 750.3393762147028, "completition_cost": 1000.0, "overshoot_cost": 1144.4639494336238, "power_cost": 58.51558897705078, "noise_cost": 136.54026340251846, "n_waypoints_completed": 0, "tot_waypoints": 9}}
{"target": -12338.458964458532, "params": {"k_pid_pos": [7032.939755895418, 3052.320728033807, 5008.0702325118655], "k_pid_alt": [9270.377449214559, 113.0261175143843, 2154.4132664101935], "k_pid_att": [7260.748654226968, 7703.59084085069, 9467.212871036974], "k_pid_yaw": [0.5, 1e-06, 0.1], "k_pid_hsp": [9135.659531489395, 6878.064914419768, 6526.233938182842], "k_pid_vsp": [6504.210269465382, 4985.21998823963, 9315.27463701474]}, "datetime": {"datetime": "2025-08-08 19:38:21", "elapsed": 10132.603204727173, "delta": 30.12700629234314}, "costs": {"total_cost": 12338.458964458532, "time_cost": 150, "final_distance_cost": 3494.7736673198992, "oscillation_cost": 1170.2696704758678, "completition_cost": 1000.0, "overshoot_cost": 6372.863071855216, "power_cost": 51.40351070556641, "noise_cost": 99.14904410198324, "n_waypoints_completed": 0, "tot_waypoints": 9}}
{"target": -713.4774592514311, "params": {"k_pid_pos": [10000.0, 10000.0, 3284.5394240548976], "k_pid_alt": [4171.034149956488, 0.0, 4449.357339752049], "k_pid_att": [9047.711420658317, 5536.330699058922, 0.0], "k_pid_yaw": [0.5, 1e-06, 0.1], "k_pid_hsp": [10000.0, 6899.681310900474, 1584.9409497141016], "k_pid_vsp": [10000.0, 5652.9899317047975, 269.8890931187003]}, "datetime": {"datetime": "2025-08-08 19:38:54", "elapsed": 10165.555800199509, "delta": 32.952595472335815}, "costs": {"total_cost": 713.4774592514311, "time_cost": 150, "final_distance_cost": 43.80553487853025, "oscillation_cost": 242.6998580140627, "completition_cost": 111.11111111111116, "overshoot_cost": 95.62667162940444, "power_cost": 41.397576306152345, "noise_cost": 28.836707312170184, "n_waypoints_completed": 8, "tot_waypoints": 9}}
{"target": -479.7615757904149, "params": {"k_pid_pos": [9263.421619493485, 10000.0, 10000.0], "k_pid_alt": [5717.905004700087, 0.0, 6795.050042275006], "k_pid_att": [5918.869443449325, 6550.083098434519, 0.0], "k_pid_yaw": [0.5, 1e-06, 0.1], "k_pid_hsp": [10000.0, 10000.0, 1352.9235112303923], "k_pid_vsp": [10000.0, 0.0, 1967.7862708403534]}, "datetime": {"datetime": "2025-08-08 19:39:25", "elapsed": 10196.587574958801, "delta": 31.031774759292603}, "costs": {"total_cost": 479.7615757904149, "time_cost": 110.852, "final_distance_cost": 1.7489266213429369, "oscillation_cost": 216.35822651992487, "completition_cost": 0.0, "overshoot_cost": 82.10573686038657, "power_cost": 39.670739697265624, "noise_cost": 29.025946091494916, "n_waypoints_completed": 9, "tot_waypoints": 9}}
{"target": -7494.316836531775, "params": {"k_pid_pos": [6622.415405976527, 4180.545192841765, 9030.906470833588], "k_pid_alt": [7756.333365520529, 5967.831324415577, 671.0126895197399], "k_pid_att": [3896.780270274159, 1198.3939274244083, 5045.501677870893], "k_pid_yaw": [0.5, 1e-06, 0.1], "k_pid_hsp": [3990.030006492447, 841.4410770986791, 3915.748804690051], "k_pid_vsp": [4807.023337902157, 2616.4013548171183, 7115.542227814987]}, "datetime": {"datetime": "2025-08-08 19:39:55", "elapsed": 10226.963675498962, "delta": 30.376100540161133}, "costs": {"total_cost": 7494.316836531775, "time_cost": 150, "final_distance_cost": 1868.1988995512504, "oscillation_cost": 318.4001214575625, "completition_cost": 1000.0, "overshoot_cost": 4060.679703418666, "power_cost": 46.33264652099609, "noise_cost": 50.705465583300395, "n_waypoints_completed": 0, "tot_waypoints": 9}}
{"target": -9716.233994833281, "params": {"k_pid_pos": [9968.835171883527, 8379.733009610978, 5591.489224463364], "k_pid_alt": [7104.144191020963, 7303.853085663331, 3487.9200541490295], "k_pid_att": [671.3768541553122, 1229.326211098567, 9464.26617396691], "k_pid_yaw": [0.5, 1e-06, 0.1], "k_pid_hsp": [335.1760727395692, 5361.113621615985, 1279.3842075497953], "k_pid_vsp": [6933.4306728552865, 2388.490058030187, 9670.656366457744]}, "datetime": {"datetime": "2025-08-08 19:40:25", "elapsed": 10256.981498003006, "delta": 30.01782250404358}, "costs": {"total_cost": 9716.233994833281, "time_cost": 150, "final_distance_cost": 2627.972900448222, "oscillation_cost": 23.457969499786113, "completition_cost": 1000.0, "overshoot_cost": 5851.682993291884, "power_cost": 35.32499494628907, "noise_cost": 27.795136647101447, "n_waypoints_completed": 0, "tot_waypoints": 9}}
{"target": -1422.7456955080054, "params": {"k_pid_pos": [6428.644090326702, 6141.646481209643, 4779.363984870843], "k_pid_alt": [2501.570221366613, 0.0, 0.0], "k_pid_att": [10000.0, 9454.706365779568, 0.0], "k_pid_yaw": [0.5, 1e-06, 0.1], "k_pid_hsp": [10000.0, 2448.0129905846825, 0.0], "k_pid_vsp": [10000.0, 0.0, 0.0]}, "datetime": {"datetime": "2025-08-08 19:40:59", "elapsed": 10291.51864027977, "delta": 34.537142276763916}, "costs": {"total_cost": 1422.7456955080054, "time_cost": 150, "final_distance_cost": 54.64600095835303, "oscillation_cost": 411.9048185872712, "completition_cost": 666.6666666666667, "overshoot_cost": 70.25580413242108, "power_cost": 40.46781710205078, "noise_cost": 28.804588061242523, "n_waypoints_completed": 3, "tot_waypoints": 9}}
{"target": -681.5768800573335, "params": {"k_pid_pos": [10000.0, 10000.0, 2116.2817829531195], "k_pid_alt": [5847.325602401161, 0.0, 8529.828533388223], "k_pid_att": [8059.71599934663, 5444.864490936803, 0.0], "k_pid_yaw": [0.5, 1e-06, 0.1], "k_pid_hsp": [10000.0, 10000.0, 3516.0364314568733], "k_pid_vsp": [4015.181755982029, 5071.7096653407325, 5111.166438081918]}, "datetime": {"datetime": "2025-08-08 19:41:32", "elapsed": 10324.476705551147, "delta": 32.95806527137756}, "costs": {"total_cost": 681.5768800573335, "time_cost": 150, "final_distance_cost": 7.757058328840742, "oscillation_cost": 246.72497990982288, "completition_cost": 111.11111111111116, "overshoot_cost": 93.44893995707777, "power_cost": 41.75831650390625, "noise_cost": 30.776474246574676, "n_waypoints_completed": 8, "tot_waypoints": 9}}
{"target": -1603.9573866247715, "params": {"k_pid_pos": [10000.0, 10000.0, 9282.054575556975], "k_pid_alt": [10000.0, 5703.00730913848, 4134.197363071721], "k_pid_att": [5167.9225559817105, 7979.21974127676, 0.0], "k_pid_yaw": [0.5, 1e-06, 0.1], "k_pid_hsp": [10000.0, 4921.546803155022, 4418.506069829558], "k_pid_vsp": [10000.0, 6993.158339768996, 0.0]}, "datetime": {"datetime": "2025-08-08 19:42:06", "elapsed": 10357.691894769669, "delta": 33.21518921852112}, "costs": {"total_cost": 1603.9573866247715, "time_cost": 150, "final_distance_cost": 33.32358819257122, "oscillation_cost": 289.5082456878458, "completition_cost": 1000.0, "overshoot_cost": 61.877752211046854, "power_cost": 40.560637023925786, "noise_cost": 28.687163509382, "n_waypoints_completed": 0, "tot_waypoints": 9}}
{"target": -753.0585819229863, "params": {"k_pid_pos": [6220.241241089056, 10000.0, 4872.850835141986], "k_pid_alt": [5070.883599890214, 0.0, 7078.212949230158], "k_pid_att": [2560.06076439298, 0.0, 0.0], "k_pid_yaw": [0.5, 1e-06, 0.1], "k_pid_hsp": [10000.0, 7461.51638572157, 5983.194270713843], "k_pid_vsp": [10000.0, 3277.301833900724, 562.24859458171]}, "datetime": {"datetime": "2025-08-08 19:42:39", "elapsed": 10391.236996173859, "delta": 33.54510140419006}, "costs": {"total_cost": 753.0585819229863, "time_cost": 150, "final_distance_cost": 56.47571750151601, "oscillation_cost": 272.69309531085986, "completition_cost": 111.11111111111116, "overshoot_cost": 94.13969890148397, "power_cost": 40.00720161132813, "noise_cost": 28.63175748668712, "n_waypoints_completed": 8, "tot_waypoints": 9}}
{"target": -3605.629876014753, "params": {"k_pid_pos": [8271.394177006552, 943.9266376379696, 2791.3787214716144], "k_pid_alt": [3411.613841323118, 362.13757235970644, 2127.8747078339834], "k_pid_att": [5121.023150439171, 3697.4778605245606, 3760.451264147443], "k_pid_yaw": [0.5, 1e-06, 0.1], "k_pid_hsp": [2154.309751269661, 8675.605826372457, 3002.6653157842743], "k_pid_vsp": [7667.551129238901, 3132.094102749705, 7956.161869376432]}, "datetime": {"datetime": "2025-08-08 19:43:10", "elapsed": 10421.683898448944, "delta": 30.44690227508545}, "costs": {"total_cost": 3605.629876014753, "time_cost": 150, "final_distance_cost": 623.6778834709688, "oscillation_cost": 383.24827437873597, "completition_cost": 1000.0, "overshoot_cost": 1324.2450347234915, "power_cost": 48.32588790283204, "noise_cost": 76.13279553872454, "n_waypoints_completed": 0, "tot_waypoints": 9}}
{"target": -21645.989272773302, "params": {"k_pid_pos": [2409.5182280708536, 1167.0899147562775, 2302.592902748072], "k_pid_alt": [8286.130568907953, 6346.415742119783, 5985.021473324204], "k_pid_att": [5837.239426464506, 9802.081459560006, 8855.974929868888], "k_pid_yaw": [0.5, 1e-06, 0.1], "k_pid_hsp": [758.993448056351, 4569.519362985393, 8436.248482771884], "k_pid_vsp": [1012.4389566416747, 4747.330794422892, 5890.998903761327]}, "datetime": {"datetime": "2025-08-08 19:43:40", "elapsed": 10451.6244764328, "delta": 29.9405779838562}, "costs": {"total_cost": 21645.989272773302, "time_cost": 150, "final_distance_cost": 6223.272401023196, "oscillation_cost": 1495.064221643222, "completition_cost": 1000.0, "overshoot_cost": 12596.693138265857, "power_cost": 56.03147921142578, "noise_cost": 124.92803262960443, "n_waypoints_completed": 0, "tot_waypoints": 9}}
{"target": -606.8513881239912, "params": {"k_pid_pos": [8314.142585194691, 3676.6002154934163, 2205.065040821946], "k_pid_alt": [1904.4298259893121, 0.0, 4610.344776120704], "k_pid_att": [10000.0, 4222.447171359908, 0.0], "k_pid_yaw": [0.5, 1e-06, 0.1], "k_pid_hsp": [6275.152295834769, 10000.0, 1719.1112866283606], "k_pid_vsp": [9150.444410732096, 0.0, 5714.934256343157]}, "datetime": {"datetime": "2025-08-08 19:44:13", "elapsed": 10484.525727510452, "delta": 32.90125107765198}, "costs": {"total_cost": 606.8513881239912, "time_cost": 150, "final_distance_cost": 17.143692473917064, "oscillation_cost": 168.99535308312417, "completition_cost": 111.11111111111116, "overshoot_cost": 88.98122101089302, "power_cost": 41.84071513671875, "noise_cost": 28.77929530822709, "n_waypoints_completed": 8, "tot_waypoints": 9}}
{"target": -898.4668937618933, "params": {"k_pid_pos": [9105.15693092047, 4019.495701258915, 0.0], "k_pid_alt": [391.7617068190539, 0.0, 0.0], "k_pid_att": [6652.64109273021, 3319.314698757767, 0.0], "k_pid_yaw": [0.5, 1e-06, 0.1], "k_pid_hsp": [10000.0, 10000.0, 5129.905446317225], "k_pid_vsp": [5058.127084641841, 5263.814246928185, 8273.626220252434]}, "datetime": {"datetime": "2025-08-08 19:44:46", "elapsed": 10517.814146280289, "delta": 33.288418769836426}, "costs": {"total_cost": 898.4668937618933, "time_cost": 150, "final_distance_cost": 70.84656798855855, "oscillation_cost": 203.94970771261916, "completition_cost": 333.33333333333337, "overshoot_cost": 69.45737118503162, "power_cost": 41.96742664794922, "noise_cost": 28.912486894401297, "n_waypoints_completed": 6, "tot_waypoints": 9}}
{"target": -1283.5579571461988, "params": {"k_pid_pos": [5266.513916725211, 6693.756505109079, 9403.932578127684], "k_pid_alt": [10000.0, 4475.660409402013, 2633.194279208304], "k_pid_att": [10000.0, 10000.0, 0.0], "k_pid_yaw": [0.5, 1e-06, 0.1], "k_pid_hsp": [0.0, 0.0, 0.0], "k_pid_vsp": [1858.4691312355678, 10000.0, 1352.322747213659]}, "datetime": {"datetime": "2025-08-08 19:45:19", "elapsed": 10550.779687404633, "delta": 32.96554112434387}, "costs": {"total_cost": 1283.5579571461988, "time_cost": 150, "final_distance_cost": 46.028341666233075, "oscillation_cost": 0.0, "completition_cost": 1000.0, "overshoot_cost": 35.90873984717105, "power_cost": 30.341233056640625, "noise_cost": 21.279642576154004, "n_waypoints_completed": 0, "tot_waypoints": 9}}
{"target": -7632.713282191406, "params": {"k_pid_pos": [9960.890755798924, 9767.634635693172, 5643.081632230134], "k_pid_alt": [4050.7955720635614, 5682.4969292116475, 1229.1563410150575], "k_pid_att": [7266.257436672478, 1122.4299249245496, 8903.55854938129], "k_pid_yaw": [0.5, 1e-06, 0.1], "k_pid_hsp": [7134.543110363611, 5095.5069148618295, 8573.483496267783], "k_pid_vsp": [8603.787460339769, 9920.39976268194, 1783.2997306825005]}, "datetime": {"datetime": "2025-08-08 19:45:49", "elapsed": 10581.087654352188, "delta": 30.307966947555542}, "costs": {"total_cost": 7632.713282191406, "time_cost": 150, "final_distance_cost": 1623.328182423873, "oscillation_cost": 740.2509555606024, "completition_cost": 1000.0, "overshoot_cost": 3930.6941356550833, "power_cost": 58.62163474121094, "noise_cost": 129.8183738106351, "n_waypoints_completed": 0, "tot_waypoints": 9}}
{"target": -15434.993499388123, "params": {"k_pid_pos": [8397.885393890801, 8382.040145061193, 4876.091592914462], "k_pid_alt": [6350.614209787267, 1036.443318047221, 8242.750493837733], "k_pid_att": [2324.7728337456065, 6710.820891248523, 8014.112801585698], "k_pid_yaw": [0.5, 1e-06, 0.1], "k_pid_hsp": [9495.224610016821, 4642.396769683402, 3200.3771352120025], "k_pid_vsp": [2165.9361272186507, 3743.2873391272515, 3691.7038244815226]}, "datetime": {"datetime": "2025-08-08 19:46:20", "elapsed": 10611.74099445343, "delta": 30.653340101242065}, "costs": {"total_cost": 15434.993499388123, "time_cost": 150, "final_distance_cost": 4226.004372807569, "oscillation_cost": 1169.8224750320107, "completition_cost": 1000.0, "overshoot_cost": 8713.473577626288, "power_cost": 55.07431396484375, "noise_cost": 120.61875995741337, "n_waypoints_completed": 0, "tot_waypoints": 9}}
{"target": -4379.972813681643, "params": {"k_pid_pos": [7867.715940016478, 5657.026601140834, 2537.7646128911456], "k_pid_alt": [7607.966713477744, 7696.474864440018, 5270.693783739998], "k_pid_att": [1624.7955291827143, 144.09555703817966, 5735.823498293669], "k_pid_yaw": [0.5, 1e-06, 0.1], "k_pid_hsp": [8071.159857895994, 498.6178357773241, 2968.0905978288883], "k_pid_vsp": [6646.413319166714, 4038.9676624902904, 5295.143022096446]}, "datetime": {"datetime": "2025-08-08 19:46:51", "elapsed": 10642.602221488953, "delta": 30.86122703552246}, "costs": {"total_cost": 4379.972813681643, "time_cost": 150, "final_distance_cost": 508.37692912041007, "oscillation_cost": 796.5625047073703, "completition_cost": 1000.0, "overshoot_cost": 1742.6699930933357, "power_cost": 58.55283464355469, "noise_cost": 123.81055211697199, "n_waypoints_completed": 0, "tot_waypoints": 9}}
{"target": -4633.957457164773, "params": {"k_pid_pos": [4450.194302519494, 2552.719648131052, 5811.249471623204], "k_pid_alt": [9573.265346739247, 1578.5565751382246, 8722.355514030705], "k_pid_att": [7929.274120666187, 5265.572215486928, 8764.291351024385], "k_pid_yaw": [0.5, 1e-06, 0.1], "k_pid_hsp": [1693.3842403915344, 5267.101532380208, 3133.5127033260046], "k_pid_vsp": [9487.727771375385, 2742.337298626819, 3401.19962603292]}, "datetime": {"datetime": "2025-08-08 19:47:22", "elapsed": 10674.430376291275, "delta": 31.828154802322388}, "costs": {"total_cost": 4633.957457164773, "time_cost": 150, "final_distance_cost": 671.627498218978, "oscillation_cost": 763.2363542337051, "completition_cost": 1000.0, "overshoot_cost": 1853.1876468446958, "power_cost": 58.60139305419922, "noise_cost": 137.30456481319436, "n_waypoints_completed": 0, "tot_waypoints": 9}}
{"target": -4283.775729622597, "params": {"k_pid_pos": [1094.3364443533733, 397.70920580349923, 2014.0129136413343], "k_pid_alt": [5540.392401454412, 5048.55731159849, 6490.615424569969], "k_pid_att": [1845.1694581211898, 1263.3117115693672, 5147.45702993722], "k_pid_yaw": [0.5, 1e-06, 0.1], "k_pid_hsp": [1691.5161310983551, 8275.009292957458, 6811.54910081619], "k_pid_vsp": [5997.331278320766, 826.6011412459251, 2803.6836481360715]}, "datetime": {"datetime": "2025-08-08 19:47:54", "elapsed": 10705.565470695496, "delta": 31.13509440422058}, "costs": {"total_cost": 4283.775729622597, "time_cost": 150, "final_distance_cost": 615.8496556800409, "oscillation_cost": 736.0324042022511, "completition_cost": 1000.0, "overshoot_cost": 1602.1771005321725, "power_cost": 58.58759635009766, "noise_cost": 121.12897285803473, "n_waypoints_completed": 0, "tot_waypoints": 9}}
{"target": -1284.0661615235683, "params": {"k_pid_pos": [9690.833465339578, 10000.0, 7605.089762384462], "k_pid_alt": [10000.0, 5084.138503073755, 10000.0], "k_pid_att": [10000.0, 8225.906987236858, 0.0], "k_pid_yaw": [0.5, 1e-06, 0.1], "k_pid_hsp": [3563.071252364555, 4426.438131953733, 0.0], "k_pid_vsp": [5007.4785414995295, 10000.0, 0.0]}, "datetime": {"datetime": "2025-08-08 19:48:27", "elapsed": 10739.22047495842, "delta": 33.655004262924194}, "costs": {"total_cost": 1284.0661615235683, "time_cost": 150, "final_distance_cost": 58.037466854137136, "oscillation_cost": 275.3472650290421, "completition_cost": 666.6666666666667, "overshoot_cost": 60.92317618899033, "power_cost": 42.307813806152346, "noise_cost": 30.78377297857975, "n_waypoints_completed": 3, "tot_waypoints": 9}}
{"target": -3671.047862514425, "params": {"k_pid_pos": [7607.566524896903, 9608.142146245977, 6882.251545304673], "k_pid_alt": [6009.375954235195, 3838.3648546741156, 8444.00143379161], "k_pid_att": [7792.113630230555, 8941.777074470174, 2566.849030077303], "k_pid_yaw": [0.5, 1e-06, 0.1], "k_pid_hsp": [362.53693167797695, 8825.02584014457, 2360.845985536535], "k_pid_vsp": [4955.599858797128, 8776.105854654188, 9031.994594442463]}, "datetime": {"datetime": "2025-08-08 19:48:58", "elapsed": 10769.54613828659, "delta": 30.325663328170776}, "costs": {"total_cost": 3671.047862514425, "time_cost": 150, "final_distance_cost": 604.1656594238746, "oscillation_cost": 95.82662450004699, "completition_cost": 1000.0, "overshoot_cost": 1757.797359270297, "power_cost": 35.49764752197266, "noise_cost": 27.760571798233627, "n_waypoints_completed": 0, "tot_waypoints": 9}}
