{"target": -21913.15268444336, "params": {"k_pid_pos": [8186.812350581246, 4823.112990009838, 5399.56755538511], "k_pid_alt": [3119.9632381032793, 3799.5752261362936, 1141.8289805838765], "k_pid_att": [974.2956520757584, 7924.0183683535815, 6796.07020546506], "k_pid_yaw": [0.5, 1e-06, 0.1], "k_pid_hsp": [6173.904179164494, 5891.959347342708, 7047.710457722494], "k_pid_vsp": [7935.86508200056, 9800.563903532002, 3981.995843363373]}, "datetime": {"datetime": "2025-08-09 15:55:21", "elapsed": 83152.92506742477, "delta": 37.02876257896423}, "costs": {"total_cost": 21913.15268444336, "time_cost": 150, "final_distance_cost": 5593.230628693198, "oscillation_cost": 1584.4059223238667, "completition_cost": 1000.0, "overshoot_cost": 13383.62903821149, "power_cost": 58.655612695312506, "noise_cost": 143.2314825194949, "n_waypoints_completed": 0, "tot_waypoints": 9}}
{"target": -2874.917103694494, "params": {"k_pid_pos": [9031.266448057571, 1190.7054178553667, 8054.7832931314415], "k_pid_alt": [9038.204847438972, 6652.7008223925695, 754.8160961666939], "k_pid_att": [7293.70138416853, 8185.114626846565, 1504.3534868120778], "k_pid_yaw": [0.5, 1e-06, 0.1], "k_pid_hsp": [3835.589726554647, 9102.853262259212, 4764.837668001421], "k_pid_vsp": [2244.7981501311674, 8830.34515304845, 560.5861575029314]}, "datetime": {"datetime": "2025-08-09 15:55:58", "elapsed": 83189.63006305695, "delta": 36.70499563217163}, "costs": {"total_cost": 2874.917103694494, "time_cost": 150, "final_distance_cost": 621.9222801118702, "oscillation_cost": 119.86750653654599, "completition_cost": 1000.0, "overshoot_cost": 917.7057753040577, "power_cost": 36.32755495605469, "noise_cost": 29.09398678596519, "n_waypoints_completed": 0, "tot_waypoints": 9}}
{"target": -26657.87581441335, "params": {"k_pid_pos": [9947.785728982499, 1718.6818218725984, 3635.300351110677], "k_pid_alt": [8445.497804540848, 9007.858317632361, 6128.506787679282], "k_pid_att": [1457.7017840299834, 8938.456178634702, 6050.670705141289], "k_pid_yaw": [0.5, 1e-06, 0.1], "k_pid_hsp": [8751.637804555894, 2159.2209882162906, 9351.188898051505], "k_pid_vsp": [5957.173174315663, 4106.947118224535, 934.2972520824854]}, "datetime": {"datetime": "2025-08-09 15:56:35", "elapsed": 83226.69079446793, "delta": 37.060731410980225}, "costs": {"total_cost": 26657.87581441335, "time_cost": 150, "final_distance_cost": 7100.006105206657, "oscillation_cost": 1694.6863440973134, "completition_cost": 1000.0, "overshoot_cost": 16511.311250007308, "power_cost": 58.621353344726565, "noise_cost": 143.25076175734645, "n_waypoints_completed": 0, "tot_waypoints": 9}}
{"target": -1438.759238740158, "params": {"k_pid_pos": [6173.381216363846, 4797.5012248136, 5321.787527045424], "k_pid_alt": [7800.20756752623, 3017.681417147242, 834.9935914316353], "k_pid_att": [5286.270328360254, 1787.2299505574786, 529.8343673888106], "k_pid_yaw": [0.5, 1e-06, 0.1], "k_pid_hsp": [3949.969678869879, 585.2827049802268, 1294.0274405679374], "k_pid_vsp": [3714.102738145921, 9477.333631293306, 6912.22609631641]}, "datetime": {"datetime": "2025-08-09 15:57:11", "elapsed": 83263.11948513985, "delta": 36.428690671920776}, "costs": {"total_cost": 1438.759238740158, "time_cost": 150, "final_distance_cost": 101.23798271727945, "oscillation_cost": 107.97680617295617, "completition_cost": 888.8888888888888, "overshoot_cost": 126.39680902153864, "power_cost": 36.295189746093754, "noise_cost": 27.963562193401152, "n_waypoints_completed": 1, "tot_waypoints": 9}}
{"target": -5175.971670741198, "params": {"k_pid_pos": [4038.6439938689055, 8624.736353863942, 40.60082850568914], "k_pid_alt": [7762.666346571577, 6312.621999493226, 3797.867345270942], "k_pid_att": [9022.467400110363, 1399.7961710472428, 4786.745565445365], "k_pid_yaw": [0.5, 1e-06, 0.1], "k_pid_hsp": [2976.694192573355, 40.33564094705788, 6924.195569728635], "k_pid_vsp": [2848.916059311327, 9462.49045697788, 9847.977247389663]}, "datetime": {"datetime": "2025-08-09 15:57:49", "elapsed": 83300.9098932743, "delta": 37.79040813446045}, "costs": {"total_cost": 5175.971670741198, "time_cost": 150, "final_distance_cost": 928.7411098606378, "oscillation_cost": 28.217264116069142, "completition_cost": 1000.0, "overshoot_cost": 3005.822366047617, "power_cost": 35.386454077148436, "noise_cost": 27.804476639725895, "n_waypoints_completed": 0, "tot_waypoints": 9}}
{"target": -7592.365879295294, "params": {"k_pid_pos": [9598.685915387581, 475.7864953968316, 9766.074225563474], "k_pid_alt": [1947.3318465988932, 8021.086697206009, 8789.569038830523], "k_pid_att": [1718.8091500242454, 8631.116615458443, 5429.467453863528], "k_pid_yaw": [0.5, 1e-06, 0.1], "k_pid_hsp": [165.3403073931792, 2193.3432866637713, 6590.066443957517], "k_pid_vsp": [6509.544679854573, 3326.942141123357, 1806.1639790353224]}, "datetime": {"datetime": "2025-08-09 15:58:26", "elapsed": 83337.62218570709, "delta": 36.712292432785034}, "costs": {"total_cost": 7592.365879295294, "time_cost": 150, "final_distance_cost": 1013.5765772160901, "oscillation_cost": 1544.3272843643088, "completition_cost": 1000.0, "overshoot_cost": 3691.8660881499877, "power_cost": 58.484315942382814, "noise_cost": 134.11161362252423, "n_waypoints_completed": 0, "tot_waypoints": 9}}
{"target": -1447.2336090216202, "params": {"k_pid_pos": [0.0, 0.0, 0.0], "k_pid_alt": [8089.26060360193, 0.0, 0.0], "k_pid_att": [10000.0, 4877.269464942973, 0.0], "k_pid_yaw": [0.5, 1e-06, 0.1], "k_pid_hsp": [8490.743865291452, 0.0, 0.0], "k_pid_vsp": [7001.869155103266, 4805.486778082446, 9473.407670880155]}, "datetime": {"datetime": "2025-08-09 15:59:34", "elapsed": 83405.7475631237, "delta": 68.12537741661072}, "costs": {"total_cost": 1447.2336090216202, "time_cost": 150, "final_distance_cost": 10.874955840053898, "oscillation_cost": 0.0, "completition_cost": 1000.0, "overshoot_cost": 166.4099510673916, "power_cost": 29.932059130859376, "noise_cost": 90.01664298331532, "n_waypoints_completed": 0, "tot_waypoints": 9}}
{"target": -1379.5209408822752, "params": {"k_pid_pos": [10000.0, 0.0, 0.0], "k_pid_alt": [10000.0, 6318.221158552034, 0.0], "k_pid_att": [5401.447261526821, 4170.667917698163, 0.0], "k_pid_yaw": [0.5, 1e-06, 0.1], "k_pid_hsp": [0.0, 0.0, 0.0], "k_pid_vsp": [5023.667772665864, 6612.510055347553, 4341.209060145496]}, "datetime": {"datetime": "2025-08-09 16:00:47", "elapsed": 83478.9660012722, "delta": 73.21843814849854}, "costs": {"total_cost": 1379.5209408822752, "time_cost": 150, "final_distance_cost": 14.839034192095527, "oscillation_cost": 0.0, "completition_cost": 1000.0, "overshoot_cost": 148.712769680165, "power_cost": 30.137889892578126, "noise_cost": 35.83124711743661, "n_waypoints_completed": 0, "tot_waypoints": 9}}
{"target": -1610.1614640935757, "params": {"k_pid_pos": [3919.745874256966, 10000.0, 1911.0159043759443], "k_pid_alt": [10000.0, 0.0, 0.0], "k_pid_att": [8397.55435572032, 8979.477331337686, 0.0], "k_pid_yaw": [0.5, 1e-06, 0.1], "k_pid_hsp": [10000.0, 10000.0, 0.0], "k_pid_vsp": [10000.0, 5166.359587812206, 856.8605598316741]}, "datetime": {"datetime": "2025-08-09 16:02:02", "elapsed": 83553.58546495438, "delta": 74.61946368217468}, "costs": {"total_cost": 1610.1614640935757, "time_cost": 150, "final_distance_cost": 50.05644370519758, "oscillation_cost": 288.6556122355967, "completition_cost": 1000.0, "overshoot_cost": 50.546062105277926, "power_cost": 41.85784681396485, "noise_cost": 29.04549923353859, "n_waypoints_completed": 0, "tot_waypoints": 9}}
{"target": -1358.4417605431377, "params": {"k_pid_pos": [10000.0, 0.0, 1828.9758224890193], "k_pid_alt": [6217.560775993723, 6540.935955745313, 10000.0], "k_pid_att": [4301.022322006336, 0.0, 0.0], "k_pid_yaw": [0.5, 1e-06, 0.1], "k_pid_hsp": [2428.492353048876, 9863.597051646288, 0.0], "k_pid_vsp": [7581.270655253759, 10000.0, 3193.0960909968903]}, "datetime": {"datetime": "2025-08-09 16:03:09", "elapsed": 83621.07723045349, "delta": 67.49176549911499}, "costs": {"total_cost": 1358.4417605431377, "time_cost": 150, "final_distance_cost": 57.69842000852675, "oscillation_cost": 139.76399628347278, "completition_cost": 888.8888888888888, "overshoot_cost": 48.935487724998424, "power_cost": 43.753349938964845, "noise_cost": 29.401617698286096, "n_waypoints_completed": 1, "tot_waypoints": 9}}
{"target": -2343.285043253347, "params": {"k_pid_pos": [5165.870583015564, 5571.951289442956, 4779.75513906197], "k_pid_alt": [3373.958329475943, 7717.514269753646, 5187.785663319005], "k_pid_att": [8096.811962692931, 3575.3098039805386, 0.0], "k_pid_yaw": [0.5, 1e-06, 0.1], "k_pid_hsp": [493.98315150088916, 10000.0, 5885.22107342067], "k_pid_vsp": [2414.022377279371, 10000.0, 10000.0]}, "datetime": {"datetime": "2025-08-09 16:04:11", "elapsed": 83682.79910540581, "delta": 61.721874952316284}, "costs": {"total_cost": 2343.285043253347, "time_cost": 150, "final_distance_cost": 81.05540648950094, "oscillation_cost": 805.5737816582974, "completition_cost": 1000.0, "overshoot_cost": 243.02906064701855, "power_cost": 35.63044154052734, "noise_cost": 27.996352918002373, "n_waypoints_completed": 0, "tot_waypoints": 9}}
{"target": -2114.7607603366628, "params": {"k_pid_pos": [7026.75903329695, 1173.1324182085445, 4605.650315008025], "k_pid_alt": [9897.625042288266, 5047.453054893164, 4984.8830446486], "k_pid_att": [1997.0762906783257, 8045.010349800634, 690.8458069144108], "k_pid_yaw": [0.5, 1e-06, 0.1], "k_pid_hsp": [8902.63090890398, 3323.630237659826, 5823.660513714749], "k_pid_vsp": [2888.628029310171, 35.50050569649743, 9980.94121737041]}, "datetime": {"datetime": "2025-08-09 16:04:48", "elapsed": 83719.95338773727, "delta": 37.154282331466675}, "costs": {"total_cost": 2114.7607603366628, "time_cost": 150, "final_distance_cost": 24.907153294253764, "oscillation_cost": 496.65040562681384, "completition_cost": 1000.0, "overshoot_cost": 280.3909207068801, "power_cost": 54.33742331542969, "noise_cost": 108.47485739328528, "n_waypoints_completed": 0, "tot_waypoints": 9}}
{"target": -4337.681177534172, "params": {"k_pid_pos": [2077.309863208946, 7729.171021570198, 5889.815891095724], "k_pid_alt": [4726.356536736438, 9270.497217599968, 8505.669744929784], "k_pid_att": [4565.925586609434, 7419.2348959313085, 3733.4900956702068], "k_pid_yaw": [0.5, 1e-06, 0.1], "k_pid_hsp": [9748.855310036759, 1861.6285074858297, 9099.923127288248], "k_pid_vsp": [7767.871358165943, 4450.719316989688, 5338.275872992421]}, "datetime": {"datetime": "2025-08-09 16:05:24", "elapsed": 83756.4485282898, "delta": 36.49514055252075}, "costs": {"total_cost": 4337.681177534172, "time_cost": 150, "final_distance_cost": 715.0500716129533, "oscillation_cost": 768.4923134769701, "completition_cost": 1000.0, "overshoot_cost": 1508.0991586988916, "power_cost": 58.644602429199225, "noise_cost": 137.39503131615749, "n_waypoints_completed": 0, "tot_waypoints": 9}}
{"target": -1734.8816043604043, "params": {"k_pid_pos": [100.64056715332059, 9553.326040387003, 6576.261208883194], "k_pid_alt": [9916.171386042328, 4071.6602919709576, 6957.598179488761], "k_pid_att": [8716.811212641864, 7889.099807960582, 1697.6273470599078], "k_pid_yaw": [0.5, 1e-06, 0.1], "k_pid_hsp": [4011.1388904977075, 7076.870055988903, 5994.616703201427], "k_pid_vsp": [4288.730885338888, 3320.9929493102054, 1529.9971575765614]}, "datetime": {"datetime": "2025-08-09 16:06:01", "elapsed": 83793.00899505615, "delta": 36.56046676635742}, "costs": {"total_cost": 1734.8816043604043, "time_cost": 150, "final_distance_cost": 77.66909320137742, "oscillation_cost": 95.51507297275914, "completition_cost": 1000.0, "overshoot_cost": 347.2881595303693, "power_cost": 36.39658563232422, "noise_cost": 28.012693023574332, "n_waypoints_completed": 0, "tot_waypoints": 9}}
{"target": -1413.8735974764697, "params": {"k_pid_pos": [8263.63989175527, 8996.99914763111, 869.3116482764674], "k_pid_alt": [7957.455970229962, 1722.8543947244789, 7800.458452292286], "k_pid_att": [9486.005213239127, 2549.413965022139, 272.4142314056965], "k_pid_yaw": [0.5, 1e-06, 0.1], "k_pid_hsp": [6852.610473733104, 2090.9568641861156, 5231.7367791690785], "k_pid_vsp": [3091.4699431460003, 3058.4219716900975, 2798.319499937013]}, "datetime": {"datetime": "2025-08-09 16:06:41", "elapsed": 83832.8580725193, "delta": 39.849077463150024}, "costs": {"total_cost": 1413.8735974764697, "time_cost": 150, "final_distance_cost": 116.62496930644228, "oscillation_cost": 204.6033665346347, "completition_cost": 777.7777777777778, "overshoot_cost": 99.52482379226133, "power_cost": 37.31291787109375, "noise_cost": 28.02974219426004, "n_waypoints_completed": 2, "tot_waypoints": 9}}
{"target": -1447.2336090216202, "params": {"k_pid_pos": [6915.928059285415, 0.0, 6358.309799276381], "k_pid_alt": [10000.0, 7769.740838970116, 0.0], "k_pid_att": [10000.0, 8280.281149993023, 0.0], "k_pid_yaw": [0.5, 1e-06, 0.1], "k_pid_hsp": [0.0, 0.0, 0.0], "k_pid_vsp": [4036.869500801421, 0.0, 4295.725584818866]}, "datetime": {"datetime": "2025-08-09 16:07:52", "elapsed": 83904.2267100811, "delta": 71.3686375617981}, "costs": {"total_cost": 1447.2336090216202, "time_cost": 150, "final_distance_cost": 10.874955840053898, "oscillation_cost": 0.0, "completition_cost": 1000.0, "overshoot_cost": 166.4099510673916, "power_cost": 29.932059130859376, "noise_cost": 90.01664298331532, "n_waypoints_completed": 0, "tot_waypoints": 9}}
{"target": -2124.666341440994, "params": {"k_pid_pos": [4783.2349630922, 9513.266226974414, 5111.6465290202705], "k_pid_alt": [4499.62784236876, 2975.3758838244594, 3889.1150923690175], "k_pid_att": [4765.075840196885, 4648.329604017418, 16.946498094793093], "k_pid_yaw": [0.5, 1e-06, 0.1], "k_pid_hsp": [335.57844923786774, 641.4534808650252, 5189.5485999402545], "k_pid_vsp": [410.6898899179867, 8895.126723850568, 3701.197455164653]}, "datetime": {"datetime": "2025-08-09 16:08:29", "elapsed": 83940.93366146088, "delta": 36.706951379776}, "costs": {"total_cost": 2124.666341440994, "time_cost": 150, "final_distance_cost": 49.82520576465861, "oscillation_cost": 766.1313481597001, "completition_cost": 1000.0, "overshoot_cost": 94.34448412301576, "power_cost": 36.435126574707034, "noise_cost": 27.930176818912475, "n_waypoints_completed": 0, "tot_waypoints": 9}}
{"target": -2271.1884556736904, "params": {"k_pid_pos": [0.0, 4963.486865270378, 5620.467526854383], "k_pid_alt": [5265.455330956851, 10000.0, 10000.0], "k_pid_att": [5083.943497802261, 8061.075691204991, 0.0], "k_pid_yaw": [0.5, 1e-06, 0.1], "k_pid_hsp": [10000.0, 0.0, 8717.635081245662], "k_pid_vsp": [8959.960041002658, 7643.457223221, 3698.3274696247317]}, "datetime": {"datetime": "2025-08-09 16:09:34", "elapsed": 84006.49533820152, "delta": 65.56167674064636}, "costs": {"total_cost": 2271.1884556736904, "time_cost": 150, "final_distance_cost": 75.62919563132333, "oscillation_cost": 889.8781694208118, "completition_cost": 1000.0, "overshoot_cost": 91.42111644493802, "power_cost": 36.488617590332034, "noise_cost": 27.771356586285187, "n_waypoints_completed": 0, "tot_waypoints": 9}}
{"target": -1565.4213893731323, "params": {"k_pid_pos": [3063.267404415297, 3808.304664327247, 2720.6118948955227], "k_pid_alt": [5981.290157854276, 0.0, 0.0], "k_pid_att": [10000.0, 6073.442251843013, 0.0], "k_pid_yaw": [0.5, 1e-06, 0.1], "k_pid_hsp": [8221.937350936072, 10000.0, 0.0], "k_pid_vsp": [0.0, 10000.0, 9088.461580496298]}, "datetime": {"datetime": "2025-08-09 16:10:38", "elapsed": 84070.19143772125, "delta": 63.696099519729614}, "costs": {"total_cost": 1565.4213893731323, "time_cost": 150, "final_distance_cost": 46.968506403239495, "oscillation_cost": 252.222518914523, "completition_cost": 1000.0, "overshoot_cost": 43.66389758770384, "power_cost": 42.73430250244141, "noise_cost": 29.832163965224755, "n_waypoints_completed": 0, "tot_waypoints": 9}}
{"target": -22205.77720783107, "params": {"k_pid_pos": [9253.505689567304, 2204.3654005716485, 9089.259266252166], "k_pid_alt": [5208.1953696051005, 3389.9262993429656, 4548.977786912493], "k_pid_att": [4315.264867809383, 8283.746586927944, 9854.33462778011], "k_pid_yaw": [0.5, 1e-06, 0.1], "k_pid_hsp": [1067.8832418165596, 6891.0389213864155, 1710.4006570828656], "k_pid_vsp": [8279.874869214067, 5822.390530779522, 9581.326411824406]}, "datetime": {"datetime": "2025-08-09 16:11:16", "elapsed": 84108.3842947483, "delta": 38.19285702705383}, "costs": {"total_cost": 22205.77720783107, "time_cost": 150, "final_distance_cost": 6945.436682657001, "oscillation_cost": 1295.7883610476977, "completition_cost": 1000.0, "overshoot_cost": 12653.503769851155, "power_cost": 53.26890329589844, "noise_cost": 107.77949097931545, "n_waypoints_completed": 0, "tot_waypoints": 9}}
{"target": -1896.609850901545, "params": {"k_pid_pos": [4234.707172959522, 7955.042258370319, 8077.5545509073545], "k_pid_alt": [0.0, 8525.318757642342, 6464.797619540913], "k_pid_att": [5274.151404002435, 8183.728570584181, 0.0], "k_pid_yaw": [0.5, 1e-06, 0.1], "k_pid_hsp": [10000.0, 947.1444178967689, 6113.580692977045], "k_pid_vsp": [9299.191554878513, 6252.0884207640975, 6254.041863409184]}, "datetime": {"datetime": "2025-08-09 16:12:22", "elapsed": 84173.85702562332, "delta": 65.47273087501526}, "costs": {"total_cost": 1896.609850901545, "time_cost": 150, "final_distance_cost": 65.02325709054345, "oscillation_cost": 534.4436954283545, "completition_cost": 1000.0, "overshoot_cost": 80.63968289218744, "power_cost": 38.20723981933594, "noise_cost": 28.295975671123966, "n_waypoints_completed": 0, "tot_waypoints": 9}}
{"target": -5092.5943269751015, "params": {"k_pid_pos": [8062.386681919968, 1925.2259779434821, 6560.40271384059], "k_pid_alt": [4724.716626744923, 6622.64015986636, 252.04989615436156], "k_pid_att": [8391.308027358855, 6304.507558551701, 655.9022187542929], "k_pid_yaw": [0.5, 1e-06, 0.1], "k_pid_hsp": [5596.960814893949, 2956.584764513854, 7588.560623179748], "k_pid_vsp": [7502.943784572515, 2956.9729188264837, 3550.4260644836736]}, "datetime": {"datetime": "2025-08-09 16:13:00", "elapsed": 84211.83619093895, "delta": 37.97916531562805}, "costs": {"total_cost": 5092.5943269751015, "time_cost": 150, "final_distance_cost": 1176.4537702486737, "oscillation_cost": 233.45603667132605, "completition_cost": 1000.0, "overshoot_cost": 2469.7485189847207, "power_cost": 35.25750637207032, "noise_cost": 27.678494698310335, "n_waypoints_completed": 0, "tot_waypoints": 9}}
{"target": -1789.08496230469, "params": {"k_pid_pos": [2306.4659195775307, 4714.478424058532, 7736.549914061793], "k_pid_alt": [4698.154318705796, 6812.2722431318725, 9220.397662559031], "k_pid_att": [7272.13910187826, 8292.106307447226, 103.6357834789492], "k_pid_yaw": [0.5, 1e-06, 0.1], "k_pid_hsp": [6502.966398353831, 1088.4165270368019, 2567.0334457377344], "k_pid_vsp": [6100.4140395185095, 8353.849512909914, 2821.1714948057065]}, "datetime": {"datetime": "2025-08-09 16:13:37", "elapsed": 84249.50378108025, "delta": 37.66759014129639}, "costs": {"total_cost": 1789.08496230469, "time_cost": 150, "final_distance_cost": 58.12738077272374, "oscillation_cost": 434.0790660984376, "completition_cost": 1000.0, "overshoot_cost": 81.84878651456268, "power_cost": 37.005960205078125, "noise_cost": 28.02376871388787, "n_waypoints_completed": 0, "tot_waypoints": 9}}
{"target": -1447.2336090216202, "params": {"k_pid_pos": [0.0, 0.0, 0.0], "k_pid_alt": [3395.805467455474, 0.0, 1813.838294451674], "k_pid_att": [10000.0, 5143.294907038983, 0.0], "k_pid_yaw": [0.5, 1e-06, 0.1], "k_pid_hsp": [2156.199734355179, 3374.5090473522005, 0.0], "k_pid_vsp": [354.4499852017441, 10000.0, 10000.0]}, "datetime": {"datetime": "2025-08-09 16:14:51", "elapsed": 84322.88770914078, "delta": 73.38392806053162}, "costs": {"total_cost": 1447.2336090216202, "time_cost": 150, "final_distance_cost": 10.874955840053898, "oscillation_cost": 0.0, "completition_cost": 1000.0, "overshoot_cost": 166.4099510673916, "power_cost": 29.932059130859376, "noise_cost": 90.01664298331532, "n_waypoints_completed": 0, "tot_waypoints": 9}}
{"target": -1192.5913111372784, "params": {"k_pid_pos": [1143.657258995355, 10000.0, 4177.869466620472], "k_pid_alt": [10000.0, 0.0, 7901.046265450761], "k_pid_att": [9964.748443064937, 0.0, 0.0], "k_pid_yaw": [0.5, 1e-06, 0.1], "k_pid_hsp": [10000.0, 0.0, 2303.4561773385185], "k_pid_vsp": [9228.851324462532, 10000.0, 0.0]}, "datetime": {"datetime": "2025-08-09 16:15:55", "elapsed": 84387.2460103035, "delta": 64.35830116271973}, "costs": {"total_cost": 1192.5913111372784, "time_cost": 150, "final_distance_cost": 38.0316326668202, "oscillation_cost": 298.6694276071706, "completition_cost": 555.5555555555555, "overshoot_cost": 81.81351533348067, "power_cost": 39.97541029052734, "noise_cost": 28.545769683724, "n_waypoints_completed": 4, "tot_waypoints": 9}}
{"target": -8073.4157455265395, "params": {"k_pid_pos": [1039.0141208759262, 9447.529134722032, 5832.281860454297], "k_pid_alt": [9496.12453166951, 3789.37006369477, 6291.216328864595], "k_pid_att": [2392.840092008518, 7349.160598994971, 4013.971907679993], "k_pid_yaw": [0.5, 1e-06, 0.1], "k_pid_hsp": [9351.427603334763, 3269.614634337519, 3430.3808652481616], "k_pid_vsp": [9220.160336718316, 8750.998672051048, 8863.10467580099]}, "datetime": {"datetime": "2025-08-09 16:16:32", "elapsed": 84423.78534889221, "delta": 36.5393385887146}, "costs": {"total_cost": 8073.4157455265395, "time_cost": 150, "final_distance_cost": 1751.687470630929, "oscillation_cost": 1431.324398242987, "completition_cost": 1000.0, "overshoot_cost": 3559.8812621800685, "power_cost": 56.92536638183594, "noise_cost": 123.59724809071811, "n_waypoints_completed": 0, "tot_waypoints": 9}}
