{"target": -9585.559341539609, "params": {"k_pid_pos": [9249.154269991106, 4409.472811115208, 7996.1548974800235], "k_pid_alt": [7200.964276301866, 2187.016732901298, 4207.317633556654], "k_pid_att": [7006.229161304738, 1992.6159525316555, 9068.195090642294], "k_pid_yaw": [0.5, 1e-06, 0.1], "k_pid_hsp": [6400.98492756297, 9500.386724985212, 3363.2965808064864], "k_pid_vsp": [1922.7262646075894, 9684.419244840972, 4580.157368228897]}, "datetime": {"datetime": "2025-08-08 19:49:28", "elapsed": 10800.00704240799, "delta": 30.460904121398926}, "costs": {"total_cost": 9585.559341539609, "time_cost": 150, "final_distance_cost": 2233.1266811306236, "oscillation_cost": 740.8457611304057, "completition_cost": 1000.0, "overshoot_cost": 5269.856727101653, "power_cost": 58.56397243652344, "noise_cost": 133.16619974040393, "n_waypoints_completed": 0, "tot_waypoints": 9}}
{"target": -18356.184312312384, "params": {"k_pid_pos": [4502.777528876541, 6822.370328284878, 5468.379988001616], "k_pid_alt": [4077.0795330275846, 4842.904139825937, 8202.385310539657], "k_pid_att": [5363.858490397987, 1018.0516750600932, 3618.1912340112754], "k_pid_yaw": [0.5, 1e-06, 0.1], "k_pid_hsp": [8787.548443263668, 2015.5604238621738, 2950.928358847493], "k_pid_vsp": [2223.8836924634497, 3209.474165088527, 1932.3246688841944]}, "datetime": {"datetime": "2025-08-08 19:49:58", "elapsed": 10830.094189405441, "delta": 30.087146997451782}, "costs": {"total_cost": 18356.184312312384, "time_cost": 150, "final_distance_cost": 3583.0644976757094, "oscillation_cost": 835.8028066380534, "completition_cost": 1000.0, "overshoot_cost": 12585.610808053552, "power_cost": 58.65461636962891, "noise_cost": 143.05158357543746, "n_waypoints_completed": 0, "tot_waypoints": 9}}
{"target": -1534.311964006602, "params": {"k_pid_pos": [6055.391142769424, 10000.0, 4255.16693933322], "k_pid_alt": [10000.0, 6759.546299593891, 6043.436614439619], "k_pid_att": [2903.668941583844, 818.9284518023899, 0.0], "k_pid_yaw": [0.5, 1e-06, 0.1], "k_pid_hsp": [7975.059767903715, 3464.576293534605, 3977.846656841338], "k_pid_vsp": [6793.534246338499, 7043.745580435442, 2575.5384999657854]}, "datetime": {"datetime": "2025-08-08 19:50:31", "elapsed": 10863.283086061478, "delta": 33.18889665603638}, "costs": {"total_cost": 1534.311964006602, "time_cost": 150, "final_distance_cost": 55.36008586548399, "oscillation_cost": 302.2682100838435, "completition_cost": 888.8888888888888, "overshoot_cost": 68.47143966937736, "power_cost": 40.52431171875, "noise_cost": 28.799027780258463, "n_waypoints_completed": 1, "tot_waypoints": 9}}
{"target": -1532.311496799827, "params": {"k_pid_pos": [0.0, 10000.0, 10000.0], "k_pid_alt": [10000.0, 0.0, 6695.763718323711], "k_pid_att": [8828.024112004903, 6564.770398416317, 0.0], "k_pid_yaw": [0.5, 1e-06, 0.1], "k_pid_hsp": [5906.939376048937, 0.0, 0.0], "k_pid_vsp": [0.0, 10000.0, 6694.7271936494535]}, "datetime": {"datetime": "2025-08-08 19:51:05", "elapsed": 10897.139585494995, "delta": 33.856499433517456}, "costs": {"total_cost": 1532.311496799827, "time_cost": 150, "final_distance_cost": 46.27875107640031, "oscillation_cost": 229.4360472858716, "completition_cost": 1000.0, "overshoot_cost": 33.697248809269205, "power_cost": 43.32010660400391, "noise_cost": 29.57934302428171, "n_waypoints_completed": 0, "tot_waypoints": 9}}
{"target": -1379.1100022159078, "params": {"k_pid_pos": [4517.917959117191, 6454.950664464181, 3875.759613052393], "k_pid_alt": [5714.901607134266, 4583.484554644262, 0.0], "k_pid_att": [10000.0, 10000.0, 0.0], "k_pid_yaw": [0.5, 1e-06, 0.1], "k_pid_hsp": [5855.264726109528, 3950.5717589095643, 2035.6876755431717], "k_pid_vsp": [6470.884227505925, 4324.8853891656045, 4708.079226694156]}, "datetime": {"datetime": "2025-08-08 19:51:39", "elapsed": 10930.813609600067, "delta": 33.67402410507202}, "costs": {"total_cost": 1379.1100022159078, "time_cost": 150, "final_distance_cost": 63.053313087467735, "oscillation_cost": 236.3686448146227, "completition_cost": 777.7777777777778, "overshoot_cost": 81.70479724513082, "power_cost": 41.42918815917969, "noise_cost": 28.77628113172913, "n_waypoints_completed": 2, "tot_waypoints": 9}}
{"target": -1358.9970131107584, "params": {"k_pid_pos": [4546.0362602569885, 6529.0218648218915, 0.0], "k_pid_alt": [4467.059378893487, 0.0, 0.0], "k_pid_att": [4097.201805781531, 0.0, 0.0], "k_pid_yaw": [0.5, 1e-06, 0.1], "k_pid_hsp": [3791.251666418907, 6909.9628477758515, 5561.238060621182], "k_pid_vsp": [6661.9156982169325, 0.0, 3187.6663215601147]}, "datetime": {"datetime": "2025-08-08 19:52:12", "elapsed": 10964.34564781189, "delta": 33.53203821182251}, "costs": {"total_cost": 1358.9970131107584, "time_cost": 150, "final_distance_cost": 86.18746528540247, "oscillation_cost": 287.520277616133, "completition_cost": 666.6666666666667, "overshoot_cost": 100.52513268704666, "power_cost": 39.655060107421875, "noise_cost": 28.44241074808764, "n_waypoints_completed": 3, "tot_waypoints": 9}}
{"target": -5062.989442888865, "params": {"k_pid_pos": [2905.9846111242396, 3437.545684405039, 406.14858557610154], "k_pid_alt": [1917.3000245316007, 3552.757955066507, 9627.232166750398], "k_pid_att": [5856.224530658505, 7847.30522216053, 305.032867942675], "k_pid_yaw": [0.5, 1e-06, 0.1], "k_pid_hsp": [804.1664097211454, 7272.7901086408565, 9921.102870368697], "k_pid_vsp": [3806.8470104294106, 8621.169792702023, 6208.381579888655]}, "datetime": {"datetime": "2025-08-08 19:52:43", "elapsed": 10995.490176439285, "delta": 31.14452862739563}, "costs": {"total_cost": 5062.989442888865, "time_cost": 150, "final_distance_cost": 1168.713337701596, "oscillation_cost": 179.36560563226612, "completition_cost": 1000.0, "overshoot_cost": 2501.7933168961695, "power_cost": 35.30450469970703, "noise_cost": 27.812677959126532, "n_waypoints_completed": 0, "tot_waypoints": 9}}
{"target": -1448.8701075077074, "params": {"k_pid_pos": [1233.985847428891, 10000.0, 7071.874963363556], "k_pid_alt": [10000.0, 0.0, 10000.0], "k_pid_att": [9945.122194993412, 2596.630389228211, 0.0], "k_pid_yaw": [0.5, 1e-06, 0.1], "k_pid_hsp": [8143.913585673042, 10000.0, 0.0], "k_pid_vsp": [2938.831758184268, 10000.0, 10000.0]}, "datetime": {"datetime": "2025-08-08 19:53:17", "elapsed": 11029.003356695175, "delta": 33.51318025588989}, "costs": {"total_cost": 1448.8701075077074, "time_cost": 150, "final_distance_cost": 94.38253181520655, "oscillation_cost": 298.17800963488395, "completition_cost": 777.7777777777778, "overshoot_cost": 57.075219388325024, "power_cost": 42.15269886474609, "noise_cost": 29.303870026767928, "n_waypoints_completed": 2, "tot_waypoints": 9}}
{"target": -1600.8698455026313, "params": {"k_pid_pos": [10000.0, 10000.0, 10000.0], "k_pid_alt": [10000.0, 0.0, 0.0], "k_pid_att": [10000.0, 4169.916159286705, 0.0], "k_pid_yaw": [0.5, 1e-06, 0.1], "k_pid_hsp": [3637.4061367721447, 0.0, 0.0], "k_pid_vsp": [0.0, 4237.27364848668, 0.0]}, "datetime": {"datetime": "2025-08-08 19:53:50", "elapsed": 11062.166127681732, "delta": 33.16277098655701}, "costs": {"total_cost": 1600.8698455026313, "time_cost": 150, "final_distance_cost": 93.57209653169677, "oscillation_cost": 455.36152667049566, "completition_cost": 777.7777777777778, "overshoot_cost": 55.65868941687336, "power_cost": 39.788487695312504, "noise_cost": 28.71126741047514, "n_waypoints_completed": 2, "tot_waypoints": 9}}
{"target": -3548.363573214691, "params": {"k_pid_pos": [0.0, 0.0, 3368.7278804693665], "k_pid_alt": [1111.6209779950884, 4744.038847828583, 10000.0], "k_pid_att": [10000.0, 6367.328011925869, 0.0], "k_pid_yaw": [0.5, 1e-06, 0.1], "k_pid_hsp": [4999.408141512067, 6845.275647725986, 0.0], "k_pid_vsp": [0.0, 6808.04048752772, 10000.0]}, "datetime": {"datetime": "2025-08-08 19:54:27", "elapsed": 11098.964828968048, "delta": 36.79870128631592}, "costs": {"total_cost": 3548.363573214691, "time_cost": 150, "final_distance_cost": 433.53770986443675, "oscillation_cost": 824.1580789097058, "completition_cost": 1000.0, "overshoot_cost": 1075.2328670713903, "power_cost": 37.024515136718755, "noise_cost": 28.410402232439317, "n_waypoints_completed": 0, "tot_waypoints": 9}}
{"target": -1455.2871844146653, "params": {"k_pid_pos": [7488.30129148729, 0.0, 1481.1751468095943], "k_pid_alt": [5104.928594096964, 0.0, 0.0], "k_pid_att": [10000.0, 5119.061285653324, 0.0], "k_pid_yaw": [0.5, 1e-06, 0.1], "k_pid_hsp": [0.0, 6936.165569735114, 0.0], "k_pid_vsp": [5520.504284153289, 0.0, 4992.48501485596]}, "datetime": {"datetime": "2025-08-08 19:55:02", "elapsed": 11134.09354686737, "delta": 35.12871789932251}, "costs": {"total_cost": 1455.2871844146653, "time_cost": 150, "final_distance_cost": 49.1213469403321, "oscillation_cost": 132.66214553199578, "completition_cost": 1000.0, "overshoot_cost": 48.425779548304575, "power_cost": 45.42211529541016, "noise_cost": 29.655797098622834, "n_waypoints_completed": 0, "tot_waypoints": 9}}
{"target": -1366.7311903061398, "params": {"k_pid_pos": [2197.651210481783, 10000.0, 5840.253333871912], "k_pid_alt": [7464.818561970268, 4931.618644419464, 4711.892443718998], "k_pid_att": [8676.224942770505, 5092.923829797183, 0.0], "k_pid_yaw": [0.5, 1e-06, 0.1], "k_pid_hsp": [10000.0, 10000.0, 6000.958211445641], "k_pid_vsp": [3934.5016456388194, 0.0, 10000.0]}, "datetime": {"datetime": "2025-08-08 19:55:37", "elapsed": 11168.830476999283, "delta": 34.73693013191223}, "costs": {"total_cost": 1366.7311903061398, "time_cost": 150, "final_distance_cost": 48.4608025199824, "oscillation_cost": 315.21636584096944, "completition_cost": 666.6666666666667, "overshoot_cost": 116.34767424348844, "power_cost": 40.368718310546875, "noise_cost": 29.670962724485882, "n_waypoints_completed": 3, "tot_waypoints": 9}}
{"target": -1451.8276054133394, "params": {"k_pid_pos": [3627.3033456611756, 446.1980470421001, 1534.8953564971157], "k_pid_alt": [3443.3997042107676, 9096.475302179635, 1813.4016120016372], "k_pid_att": [7432.317871524735, 1970.9809378016053, 116.72522372465077], "k_pid_yaw": [0.5, 1e-06, 0.1], "k_pid_hsp": [3607.225965639915, 6553.421351440736, 3657.98849539528], "k_pid_vsp": [1132.107840863923, 2728.01173674883, 1958.8306277108613]}, "datetime": {"datetime": "2025-08-08 19:56:08", "elapsed": 11200.172440052032, "delta": 31.341963052749634}, "costs": {"total_cost": 1451.8276054133394, "time_cost": 150, "final_distance_cost": 74.14868054405332, "oscillation_cost": 188.28134124450582, "completition_cost": 888.8888888888888, "overshoot_cost": 81.67310270448748, "power_cost": 40.242200634765624, "noise_cost": 28.593391396638193, "n_waypoints_completed": 1, "tot_waypoints": 9}}
{"target": -1579.9448857286177, "params": {"k_pid_pos": [3675.258762991741, 0.0, 0.0], "k_pid_alt": [3353.668682527123, 8883.532471357905, 0.0], "k_pid_att": [10000.0, 8143.646342077938, 0.0], "k_pid_yaw": [0.5, 1e-06, 0.1], "k_pid_hsp": [3590.2950704265368, 8539.806076089642, 0.0], "k_pid_vsp": [345.5250467788175, 0.0, 4786.502296174383]}, "datetime": {"datetime": "2025-08-08 19:56:42", "elapsed": 11233.813968658447, "delta": 33.641528606414795}, "costs": {"total_cost": 1579.9448857286177, "time_cost": 150, "final_distance_cost": 115.73373306399589, "oscillation_cost": 106.28663107826192, "completition_cost": 1000.0, "overshoot_cost": 127.53665200360506, "power_cost": 46.544350317382815, "noise_cost": 33.843519265372166, "n_waypoints_completed": 0, "tot_waypoints": 9}}
{"target": -1477.7499183234775, "params": {"k_pid_pos": [2193.562883302916, 10000.0, 10000.0], "k_pid_alt": [10000.0, 0.0, 246.44723131215522], "k_pid_att": [4535.719433373817, 0.0, 0.0], "k_pid_yaw": [0.5, 1e-06, 0.1], "k_pid_hsp": [5537.255894679402, 0.0, 0.0], "k_pid_vsp": [2071.9270019663336, 0.0, 8249.503948034451]}, "datetime": {"datetime": "2025-08-08 19:57:15", "elapsed": 11267.366925477982, "delta": 33.5529568195343}, "costs": {"total_cost": 1477.7499183234775, "time_cost": 150, "final_distance_cost": 96.25502689681606, "oscillation_cost": 318.6852392691914, "completition_cost": 777.7777777777778, "overshoot_cost": 64.19283945328843, "power_cost": 41.010941699218755, "noise_cost": 29.828093227185118, "n_waypoints_completed": 2, "tot_waypoints": 9}}
{"target": -2198.412667933715, "params": {"k_pid_pos": [4497.484157751595, 10000.0, 10000.0], "k_pid_alt": [10000.0, 10000.0, 4450.739594057452], "k_pid_att": [6443.172356023167, 8868.274624056086, 0.0], "k_pid_yaw": [0.5, 1e-06, 0.1], "k_pid_hsp": [7578.311166339896, 697.1378302949219, 6312.9423884639245], "k_pid_vsp": [4388.913019570851, 5753.823498550518, 4917.637845675491]}, "datetime": {"datetime": "2025-08-08 19:57:50", "elapsed": 11301.595721244812, "delta": 34.228795766830444}, "costs": {"total_cost": 2198.412667933715, "time_cost": 150, "final_distance_cost": 80.03969791576041, "oscillation_cost": 800.4091895222806, "completition_cost": 1000.0, "overshoot_cost": 103.71785985135945, "power_cost": 36.284506347656254, "noise_cost": 27.96141429665862, "n_waypoints_completed": 0, "tot_waypoints": 9}}
{"target": -11322.846732440928, "params": {"k_pid_pos": [6640.124436467167, 686.6540843341318, 5508.052021546662], "k_pid_alt": [8226.27894955858, 4168.539563265179, 7378.248561179357], "k_pid_att": [6937.845883744293, 1064.5413470800002, 8761.524097023224], "k_pid_yaw": [0.5, 1e-06, 0.1], "k_pid_hsp": [9216.034469905715, 6137.2107874403755, 3440.6910941831393], "k_pid_vsp": [3781.859302252587, 6735.4922633819515, 9411.82613068143]}, "datetime": {"datetime": "2025-08-08 19:58:20", "elapsed": 11332.116400003433, "delta": 30.520678758621216}, "costs": {"total_cost": 11322.846732440928, "time_cost": 150, "final_distance_cost": 3089.8928218142823, "oscillation_cost": 23.511958596149828, "completition_cost": 1000.0, "overshoot_cost": 6996.283107071968, "power_cost": 35.359254296875, "noise_cost": 27.799590661654644, "n_waypoints_completed": 0, "tot_waypoints": 9}}
{"target": -7592.25323865357, "params": {"k_pid_pos": [2861.7340184763916, 4747.271074001645, 9768.31119726479], "k_pid_alt": [1837.1266669423892, 7053.877377667168, 7124.631506344195], "k_pid_att": [6717.1712031704865, 4747.429484744945, 8195.340278183674], "k_pid_yaw": [0.5, 1e-06, 0.1], "k_pid_hsp": [8063.825882319707, 58.71072856336035, 2070.577490875183], "k_pid_vsp": [4288.158671637095, 2835.7946620864204, 7007.478645520467]}, "datetime": {"datetime": "2025-08-08 19:58:50", "elapsed": 11362.295731544495, "delta": 30.1793315410614}, "costs": {"total_cost": 7592.25323865357, "time_cost": 150, "final_distance_cost": 2228.312157563461, "oscillation_cost": 487.2404814142359, "completition_cost": 1000.0, "overshoot_cost": 3594.799516190237, "power_cost": 49.682527770996096, "noise_cost": 82.21855571464124, "n_waypoints_completed": 0, "tot_waypoints": 9}}
{"target": -405.87922091808764, "params": {"k_pid_pos": [10000.0, 6086.95429596329, 10000.0], "k_pid_alt": [10000.0, 0.0, 9206.689588471858], "k_pid_att": [5862.734644051754, 574.8784242222621, 0.0], "k_pid_yaw": [0.5, 1e-06, 0.1], "k_pid_hsp": [4389.457214312577, 10000.0, 2167.6465598232367], "k_pid_vsp": [10000.0, 1986.951229505583, 0.0]}, "datetime": {"datetime": "2025-08-08 19:59:19", "elapsed": 11391.273686885834, "delta": 28.97795534133911}, "costs": {"total_cost": 405.87922091808764, "time_cost": 101.703, "final_distance_cost": 1.7733900487664482, "oscillation_cost": 181.6597369245603, "completition_cost": 0.0, "overshoot_cost": 59.41406514099874, "power_cost": 34.56357838134766, "noise_cost": 26.765450422414535, "n_waypoints_completed": 9, "tot_waypoints": 9}}
{"target": -3395.205744497585, "params": {"k_pid_pos": [2107.393605019492, 4083.901112365691, 8014.759030007313], "k_pid_alt": [6587.527038319972, 9578.781794743174, 8833.223720014843], "k_pid_att": [7827.59181415304, 7268.1424008300255, 5652.671756692592], "k_pid_yaw": [0.5, 1e-06, 0.1], "k_pid_hsp": [2347.761746000172, 4781.6024308835695, 1307.8402025754742], "k_pid_vsp": [5491.243936561456, 3495.8984157184236, 6573.339117239362]}, "datetime": {"datetime": "2025-08-08 19:59:50", "elapsed": 11422.514284610748, "delta": 31.24059772491455}, "costs": {"total_cost": 3395.205744497585, "time_cost": 150, "final_distance_cost": 463.55283861598645, "oscillation_cost": 490.3147388032226, "completition_cost": 1000.0, "overshoot_cost": 1147.6087123487453, "power_cost": 50.53372084960938, "noise_cost": 93.19573388002145, "n_waypoints_completed": 0, "tot_waypoints": 9}}
{"target": -1308.4987555029109, "params": {"k_pid_pos": [0.0, 10000.0, 10000.0], "k_pid_alt": [7697.537913781952, 0.0, 0.0], "k_pid_att": [0.0, 0.0, 0.0], "k_pid_yaw": [0.5, 1e-06, 0.1], "k_pid_hsp": [10000.0, 999.6968242520654, 3784.567589320558], "k_pid_vsp": [10000.0, 0.0, 4615.176059638098]}, "datetime": {"datetime": "2025-08-08 20:00:25", "elapsed": 11456.743823766708, "delta": 34.22953915596008}, "costs": {"total_cost": 1308.4987555029109, "time_cost": 150, "final_distance_cost": 45.993240273307116, "oscillation_cost": 0.0, "completition_cost": 1000.0, "overshoot_cost": 61.03877349860115, "power_cost": 29.632078466796877, "noise_cost": 21.834663264205837, "n_waypoints_completed": 0, "tot_waypoints": 9}}
{"target": -1464.4484149984685, "params": {"k_pid_pos": [7534.439715016655, 10000.0, 8519.915966035875], "k_pid_alt": [10000.0, 10000.0, 5612.749159060678], "k_pid_att": [10000.0, 6425.5485306227965, 0.0], "k_pid_yaw": [0.5, 1e-06, 0.1], "k_pid_hsp": [0.0, 3724.5502209088504, 0.0], "k_pid_vsp": [0.0, 4116.816421730485, 3193.1922312216566]}, "datetime": {"datetime": "2025-08-08 20:01:00", "elapsed": 11491.877267837524, "delta": 35.13344407081604}, "costs": {"total_cost": 1464.4484149984685, "time_cost": 150, "final_distance_cost": 59.709122766991236, "oscillation_cost": 121.94736070919147, "completition_cost": 1000.0, "overshoot_cost": 57.226812499861516, "power_cost": 45.563043090820315, "noise_cost": 30.002075931603773, "n_waypoints_completed": 0, "tot_waypoints": 9}}
{"target": -1447.2336090216202, "params": {"k_pid_pos": [0.0, 10000.0, 10000.0], "k_pid_alt": [8556.811262486894, 0.0, 4962.923273978437], "k_pid_att": [0.0, 0.0, 0.0], "k_pid_yaw": [0.5, 1e-06, 0.1], "k_pid_hsp": [5341.369577489735, 5780.53341383137, 8577.904251277543], "k_pid_vsp": [4501.497703080626, 0.0, 5902.87592126729]}, "datetime": {"datetime": "2025-08-08 20:01:34", "elapsed": 11526.01284122467, "delta": 34.135573387145996}, "costs": {"total_cost": 1447.2336090216202, "time_cost": 150, "final_distance_cost": 10.874955840053898, "oscillation_cost": 0.0, "completition_cost": 1000.0, "overshoot_cost": 166.4099510673916, "power_cost": 29.932059130859376, "noise_cost": 90.01664298331532, "n_waypoints_completed": 0, "tot_waypoints": 9}}
{"target": -5048.245836859709, "params": {"k_pid_pos": [6215.302923315054, 2504.7107640990985, 8089.014183804206], "k_pid_alt": [6168.257364948313, 9271.272816492678, 2207.724695939156], "k_pid_att": [9680.412564203485, 7302.342050667592, 6725.542541264293], "k_pid_yaw": [0.5, 1e-06, 0.1], "k_pid_hsp": [3703.9286379605796, 5953.492929692671, 7643.519144299963], "k_pid_vsp": [4280.840004304819, 3769.2146740483877, 9558.370351506506]}, "datetime": {"datetime": "2025-08-08 20:02:05", "elapsed": 11557.509434223175, "delta": 31.49659299850464}, "costs": {"total_cost": 5048.245836859709, "time_cost": 150, "final_distance_cost": 1353.408193142082, "oscillation_cost": 293.68111719380323, "completition_cost": 1000.0, "overshoot_cost": 2144.656561653453, "power_cost": 46.19203259277344, "noise_cost": 60.30793227759709, "n_waypoints_completed": 0, "tot_waypoints": 9}}
{"target": -1576.0334500771414, "params": {"k_pid_pos": [6780.089856924141, 8960.102882420862, 7530.973905214534], "k_pid_alt": [9697.743336651436, 9255.84023737448, 3799.4696545350125], "k_pid_att": [3618.700644005681, 5573.696805594269, 618.1748252140751], "k_pid_yaw": [0.5, 1e-06, 0.1], "k_pid_hsp": [9060.152690913632, 2397.5864019122496, 2436.738359466286], "k_pid_vsp": [2478.4235531580357, 1990.7332428035063, 1714.3364328903056]}, "datetime": {"datetime": "2025-08-08 20:02:36", "elapsed": 11588.51740694046, "delta": 31.007972717285156}, "costs": {"total_cost": 1576.0334500771414, "time_cost": 150, "final_distance_cost": 80.06739993722809, "oscillation_cost": 154.56560140724204, "completition_cost": 1000.0, "overshoot_cost": 123.53803286358469, "power_cost": 38.99225251464844, "noise_cost": 28.870163354438095, "n_waypoints_completed": 0, "tot_waypoints": 9}}
{"target": -1351.7351298077072, "params": {"k_pid_pos": [10000.0, 10000.0, 3369.864025505173], "k_pid_alt": [4173.3959809445, 0.0, 0.0], "k_pid_att": [9348.881653463359, 9888.91882360943, 0.0], "k_pid_yaw": [0.5, 1e-06, 0.1], "k_pid_hsp": [10000.0, 3846.8857422596775, 10000.0], "k_pid_vsp": [5448.4157220969955, 7131.331516479523, 0.0]}, "datetime": {"datetime": "2025-08-08 20:03:11", "elapsed": 11622.650147914886, "delta": 34.13274097442627}, "costs": {"total_cost": 1351.7351298077072, "time_cost": 150, "final_distance_cost": 33.03773051958416, "oscillation_cost": 443.2002857289139, "completition_cost": 555.5555555555555, "overshoot_cost": 103.20507282632609, "power_cost": 38.48376625976562, "noise_cost": 28.2527189175619, "n_waypoints_completed": 4, "tot_waypoints": 9}}
{"target": -2223.371863380574, "params": {"k_pid_pos": [2590.4951299381473, 5852.849996059831, 8057.532104774252], "k_pid_alt": [2178.978232058465, 245.56758730246543, 8470.363283271703], "k_pid_att": [5453.3265203101955, 5174.89997364275, 3810.7114567857125], "k_pid_yaw": [0.5, 1e-06, 0.1], "k_pid_hsp": [2184.5224705089795, 3848.073045217557, 6457.440758279702], "k_pid_vsp": [3225.8889395459223, 5623.265700582467, 7306.360694053339]}, "datetime": {"datetime": "2025-08-08 20:03:41", "elapsed": 11653.255177497864, "delta": 30.605029582977295}, "costs": {"total_cost": 2223.371863380574, "time_cost": 150, "final_distance_cost": 197.97682615312544, "oscillation_cost": 169.58546338262457, "completition_cost": 1000.0, "overshoot_cost": 621.4125706425999, "power_cost": 43.15849306640625, "noise_cost": 41.238510135817606, "n_waypoints_completed": 0, "tot_waypoints": 9}}
