{"target": -11722.644711372955, "params": {"k_pid_pos": [8161.033884761981, 4335.876481277933, 5005.272176774484], "k_pid_alt": [6679.9839469712115, 8144.079860041697, 9669.440793073172], "k_pid_att": [6684.141996074275, 426.10644397428456, 4240.242711383236], "k_pid_yaw": [0.5, 1e-06, 0.1], "k_pid_hsp": [4773.022459703346, 2962.97080580336, 8643.27436033263], "k_pid_vsp": [2673.361145852934, 6784.702185925783, 7816.973262579355]}, "datetime": {"datetime": "2025-08-08 18:53:35", "elapsed": 7447.073106050491, "delta": 30.404553413391113}, "costs": {"total_cost": 11722.644711372955, "time_cost": 150, "final_distance_cost": 3204.1155437845014, "oscillation_cost": 23.57109557419485, "completition_cost": 1000.0, "overshoot_cost": 7281.759317307682, "power_cost": 35.39351364746094, "noise_cost": 27.805241059115836, "n_waypoints_completed": 0, "tot_waypoints": 9}}
{"target": -11519.44791498599, "params": {"k_pid_pos": [4159.873267238419, 5435.839025892264, 5538.147045772744], "k_pid_alt": [4860.851606993828, 46.6086213939021, 5891.487323351483], "k_pid_att": [5975.857210988494, 8665.360561818068, 8603.631947224892], "k_pid_yaw": [0.5, 1e-06, 0.1], "k_pid_hsp": [6780.94213832669, 4541.255494578082, 7982.578477794925], "k_pid_vsp": [1083.3637315021494, 8808.659011440888, 3388.7308866414855]}, "datetime": {"datetime": "2025-08-08 18:54:05", "elapsed": 7476.985951185226, "delta": 29.912845134735107}, "costs": {"total_cost": 11519.44791498599, "time_cost": 150, "final_distance_cost": 2702.853313654936, "oscillation_cost": 1139.6526300652163, "completition_cost": 1000.0, "overshoot_cost": 6326.443063908652, "power_cost": 58.62166323242188, "noise_cost": 141.87724412476453, "n_waypoints_completed": 0, "tot_waypoints": 9}}
{"target": -8633.040203537777, "params": {"k_pid_pos": [8362.26292683718, 7742.23632422827, 5706.319921155794], "k_pid_alt": [1981.399594252391, 4305.889914282071, 4723.126682975457], "k_pid_att": [8143.911701100725, 1403.2624922856808, 9936.926863594606], "k_pid_yaw": [0.5, 1e-06, 0.1], "k_pid_hsp": [1167.1862521780329, 6958.523299840903, 1514.3009244925697], "k_pid_vsp": [3933.0049675390324, 1125.382842563103, 5629.031021932462]}, "datetime": {"datetime": "2025-08-08 18:54:35", "elapsed": 7506.963046073914, "delta": 29.977094888687134}, "costs": {"total_cost": 8633.040203537777, "time_cost": 150, "final_distance_cost": 2299.127293454512, "oscillation_cost": 23.24695107385903, "completition_cost": 1000.0, "overshoot_cost": 5097.58851212717, "power_cost": 35.290735595703126, "noise_cost": 27.786711286533375, "n_waypoints_completed": 0, "tot_waypoints": 9}}
{"target": -1516.1157616489156, "params": {"k_pid_pos": [2931.972298807156, 10000.0, 10000.0], "k_pid_alt": [10000.0, 4361.202544685737, 9001.914901447793], "k_pid_att": [4781.530090370628, 2085.024603643781, 0.0], "k_pid_yaw": [0.5, 1e-06, 0.1], "k_pid_hsp": [10000.0, 0.0, 0.0], "k_pid_vsp": [2063.862105157642, 4339.517561487549, 1043.138255679451]}, "datetime": {"datetime": "2025-08-08 18:55:07", "elapsed": 7538.942327737808, "delta": 31.979281663894653}, "costs": {"total_cost": 1516.1157616489156, "time_cost": 150, "final_distance_cost": 85.4313549206789, "oscillation_cost": 376.23708658630255, "completition_cost": 777.7777777777778, "overshoot_cost": 57.276564689329064, "power_cost": 40.62065498046875, "noise_cost": 28.77232269435852, "n_waypoints_completed": 2, "tot_waypoints": 9}}
{"target": -857.9307295756482, "params": {"k_pid_pos": [10000.0, 6701.414045502967, 1431.6999569889254], "k_pid_alt": [6998.480058859341, 0.0, 2956.6847117689817], "k_pid_att": [10000.0, 3219.337876878202, 0.0], "k_pid_yaw": [0.5, 1e-06, 0.1], "k_pid_hsp": [1822.720211061608, 8438.275547294037, 3792.4117053910754], "k_pid_vsp": [7115.639447793092, 0.0, 360.82584740165873]}, "datetime": {"datetime": "2025-08-08 18:55:39", "elapsed": 7571.386370182037, "delta": 32.444042444229126}, "costs": {"total_cost": 857.9307295756482, "time_cost": 150, "final_distance_cost": 58.88115068316444, "oscillation_cost": 257.38655398113565, "completition_cost": 222.2222222222222, "overshoot_cost": 100.17843326120345, "power_cost": 40.65519696044922, "noise_cost": 28.60717246747332, "n_waypoints_completed": 7, "tot_waypoints": 9}}
{"target": -527.5611125095661, "params": {"k_pid_pos": [7238.8092127891405, 4340.504094125263, 5316.358470048948], "k_pid_alt": [8321.926886801406, 0.0, 10000.0], "k_pid_att": [10000.0, 4557.73386252987, 0.0], "k_pid_yaw": [0.5, 1e-06, 0.1], "k_pid_hsp": [4118.8181726787525, 8971.105224003251, 0.0], "k_pid_vsp": [4622.012374520995, 10000.0, 2810.9523171393826]}, "datetime": {"datetime": "2025-08-08 18:56:09", "elapsed": 7600.661644697189, "delta": 29.275274515151978}, "costs": {"total_cost": 527.5611125095661, "time_cost": 106.75, "final_distance_cost": 1.7800329223971263, "oscillation_cost": 290.26696809038856, "completition_cost": 0.0, "overshoot_cost": 62.18857934714708, "power_cost": 38.247360107421876, "noise_cost": 28.32817204221144, "n_waypoints_completed": 9, "tot_waypoints": 9}}
{"target": -1447.2336090216202, "params": {"k_pid_pos": [4829.351751247673, 5478.6310894262715, 6212.193744123347], "k_pid_alt": [5691.523933743387, 10000.0, 0.0], "k_pid_att": [10000.0, 10000.0, 0.0], "k_pid_yaw": [0.5, 1e-06, 0.1], "k_pid_hsp": [0.0, 0.0, 0.0], "k_pid_vsp": [3363.9485792840696, 1385.7193785879826, 10000.0]}, "datetime": {"datetime": "2025-08-08 18:56:45", "elapsed": 7636.881953239441, "delta": 36.22030854225159}, "costs": {"total_cost": 1447.2336090216202, "time_cost": 150, "final_distance_cost": 10.874955840053898, "oscillation_cost": 0.0, "completition_cost": 1000.0, "overshoot_cost": 166.4099510673916, "power_cost": 29.932059130859376, "noise_cost": 90.01664298331532, "n_waypoints_completed": 0, "tot_waypoints": 9}}
{"target": -16931.047415853656, "params": {"k_pid_pos": [9213.701634118706, 3463.232626533694, 9297.910138284971], "k_pid_alt": [4880.365853881109, 6798.7827360683705, 1155.645533378249], "k_pid_att": [641.4366452952469, 4295.8024491025535, 8079.283431652747], "k_pid_yaw": [0.5, 1e-06, 0.1], "k_pid_hsp": [3198.9193027267625, 2338.1811439840117, 5410.216009112596], "k_pid_vsp": [7215.313295797027, 8414.596925319685, 3386.2564111934935]}, "datetime": {"datetime": "2025-08-08 18:57:18", "elapsed": 7670.30514550209, "delta": 33.423192262649536}, "costs": {"total_cost": 16931.047415853656, "time_cost": 150, "final_distance_cost": 4356.26419542575, "oscillation_cost": 797.9295645818545, "completition_cost": 1000.0, "overshoot_cost": 10434.266948036966, "power_cost": 58.55283464355469, "noise_cost": 134.03387316553147, "n_waypoints_completed": 0, "tot_waypoints": 9}}
{"target": -1344.4643100008766, "params": {"k_pid_pos": [10000.0, 10000.0, 4357.385298598613], "k_pid_alt": [10000.0, 0.0, 10000.0], "k_pid_att": [10000.0, 1761.4844693621571, 0.0], "k_pid_yaw": [0.5, 1e-06, 0.1], "k_pid_hsp": [0.0, 3808.814561831033, 0.0], "k_pid_vsp": [10000.0, 5750.3404867159015, 1607.0155405787618]}, "datetime": {"datetime": "2025-08-08 18:57:51", "elapsed": 7703.381108522415, "delta": 33.07596302032471}, "costs": {"total_cost": 1344.4643100008766, "time_cost": 150, "final_distance_cost": 58.01869204757506, "oscillation_cost": 100.41410803975134, "completition_cost": 888.8888888888888, "overshoot_cost": 73.36572505066117, "power_cost": 44.2576402709961, "noise_cost": 29.519255703004, "n_waypoints_completed": 1, "tot_waypoints": 9}}
{"target": -9738.224568250502, "params": {"k_pid_pos": [929.0700231630522, 8611.403661916234, 1270.9843755251427], "k_pid_alt": [3557.735245784852, 7753.5774882043315, 8026.565364531476], "k_pid_att": [9403.002902784248, 8903.953223710545, 7998.723738414228], "k_pid_yaw": [0.5, 1e-06, 0.1], "k_pid_hsp": [129.73186001531633, 8722.156736889912, 7411.434945579604], "k_pid_vsp": [8000.0107173033875, 7638.428474427828, 1671.6246704737036]}, "datetime": {"datetime": "2025-08-08 18:58:21", "elapsed": 7732.95650935173, "delta": 29.575400829315186}, "costs": {"total_cost": 9738.224568250502, "time_cost": 150, "final_distance_cost": 1805.9198550406184, "oscillation_cost": 669.1316141202016, "completition_cost": 1000.0, "overshoot_cost": 5916.386404705109, "power_cost": 58.59580565185547, "noise_cost": 138.1908887327174, "n_waypoints_completed": 0, "tot_waypoints": 9}}
{"target": -1860.5694474276265, "params": {"k_pid_pos": [140.72241286059426, 3058.593838647542, 0.0], "k_pid_alt": [7160.784742037355, 0.0, 1717.9309461260573], "k_pid_att": [5354.981104475008, 5144.6477776804895, 0.0], "k_pid_yaw": [0.5, 1e-06, 0.1], "k_pid_hsp": [2909.6681000138133, 0.0, 3248.0945943392444], "k_pid_vsp": [1167.5798082467916, 10000.0, 8636.255157414711]}, "datetime": {"datetime": "2025-08-08 18:58:53", "elapsed": 7765.521888256073, "delta": 32.56537890434265}, "costs": {"total_cost": 1860.5694474276265, "time_cost": 150, "final_distance_cost": 60.10352387446729, "oscillation_cost": 508.0583384246717, "completition_cost": 1000.0, "overshoot_cost": 76.48936644799024, "power_cost": 37.453810485839846, "noise_cost": 28.464408194657274, "n_waypoints_completed": 0, "tot_waypoints": 9}}
{"target": -3503.4012785790883, "params": {"k_pid_pos": [2177.2455446996796, 6632.750787035384, 8882.284635667382], "k_pid_alt": [1200.0974839309554, 6097.2974796944845, 7004.643803458814], "k_pid_att": [8209.643741659214, 4588.595926235046, 8933.54451013885], "k_pid_yaw": [0.5, 1e-06, 0.1], "k_pid_hsp": [9934.070243992513, 127.52462877257176, 2076.956715505659], "k_pid_vsp": [3723.3471061627533, 1763.7420634268008, 7591.00421079008]}, "datetime": {"datetime": "2025-08-08 18:59:23", "elapsed": 7795.222460746765, "delta": 29.70057249069214}, "costs": {"total_cost": 3503.4012785790883, "time_cost": 150, "final_distance_cost": 656.224168708991, "oscillation_cost": 374.43229137894616, "completition_cost": 1000.0, "overshoot_cost": 1202.2393846722232, "power_cost": 46.41002354736328, "noise_cost": 74.0954102715641, "n_waypoints_completed": 0, "tot_waypoints": 9}}
{"target": -3592.7149341637255, "params": {"k_pid_pos": [2737.357093518135, 10000.0, 6870.5667980761855], "k_pid_alt": [4266.334971121728, 7370.371377596309, 6405.5546172876175], "k_pid_att": [10000.0, 5903.854728881146, 0.0], "k_pid_yaw": [0.5, 1e-06, 0.1], "k_pid_hsp": [10000.0, 1024.1905672057699, 0.0], "k_pid_vsp": [332.51298564350975, 0.0, 5895.790785983503]}, "datetime": {"datetime": "2025-08-08 18:59:55", "elapsed": 7827.277239322662, "delta": 32.05477857589722}, "costs": {"total_cost": 3592.7149341637255, "time_cost": 150, "final_distance_cost": 670.0851730350105, "oscillation_cost": 403.6510525151052, "completition_cost": 1000.0, "overshoot_cost": 1294.7798265730353, "power_cost": 43.420685888671876, "noise_cost": 30.778196151902705, "n_waypoints_completed": 0, "tot_waypoints": 9}}
{"target": -1724.3288664325246, "params": {"k_pid_pos": [0.0, 596.1328560106457, 0.0], "k_pid_alt": [0.0, 0.0, 9863.279557335743], "k_pid_att": [4692.03342270568, 672.4839612161198, 0.0], "k_pid_yaw": [0.5, 1e-06, 0.1], "k_pid_hsp": [10000.0, 1670.9136513105866, 5678.97508746264], "k_pid_vsp": [0.0, 10000.0, 7512.356929046923]}, "datetime": {"datetime": "2025-08-08 19:00:27", "elapsed": 7858.940611839294, "delta": 31.66337251663208}, "costs": {"total_cost": 1724.3288664325246, "time_cost": 150, "final_distance_cost": 12.366940482443153, "oscillation_cost": 310.6495665737282, "completition_cost": 1000.0, "overshoot_cost": 164.02442719768092, "power_cost": 40.949717529296876, "noise_cost": 46.33821464937554, "n_waypoints_completed": 0, "tot_waypoints": 9}}
{"target": -2226.7212413399266, "params": {"k_pid_pos": [2610.3885304448227, 10000.0, 0.0], "k_pid_alt": [0.0, 0.0, 0.0], "k_pid_att": [3090.576897007, 2128.0388621461825, 0.0], "k_pid_yaw": [0.5, 1e-06, 0.1], "k_pid_hsp": [6991.455389666716, 7589.660668648157, 10000.0], "k_pid_vsp": [4464.9068979390995, 3870.3988922227045, 9441.965612379565]}, "datetime": {"datetime": "2025-08-08 19:00:59", "elapsed": 7891.392362356186, "delta": 32.45175051689148}, "costs": {"total_cost": 2226.7212413399266, "time_cost": 150, "final_distance_cost": 126.21183863683338, "oscillation_cost": 681.0154219993941, "completition_cost": 1000.0, "overshoot_cost": 202.55417887184828, "power_cost": 37.118872814941405, "noise_cost": 29.820929016909407, "n_waypoints_completed": 0, "tot_waypoints": 9}}
{"target": -1987.1257050924946, "params": {"k_pid_pos": [5955.508421372557, 0.0, 6210.780815355773], "k_pid_alt": [10000.0, 10000.0, 0.0], "k_pid_att": [10000.0, 10000.0, 0.0], "k_pid_yaw": [0.5, 1e-06, 0.1], "k_pid_hsp": [7052.8027695251585, 0.0, 1425.8605305048188], "k_pid_vsp": [525.2220024151111, 10000.0, 10000.0]}, "datetime": {"datetime": "2025-08-08 19:01:32", "elapsed": 7924.132228136063, "delta": 32.73986577987671}, "costs": {"total_cost": 1987.1257050924946, "time_cost": 150, "final_distance_cost": 94.56657384519494, "oscillation_cost": 795.7793384447788, "completition_cost": 777.7777777777778, "overshoot_cost": 103.44299976496099, "power_cost": 36.87424384765625, "noise_cost": 28.684771412125613, "n_waypoints_completed": 2, "tot_waypoints": 9}}
{"target": -872.9431421824372, "params": {"k_pid_pos": [10000.0, 10000.0, 10000.0], "k_pid_alt": [5332.575309715754, 0.0, 7954.948619122031], "k_pid_att": [10000.0, 0.0, 0.0], "k_pid_yaw": [0.5, 1e-06, 0.1], "k_pid_hsp": [6483.998546939626, 10000.0, 0.0], "k_pid_vsp": [9068.776274752101, 5043.060898278194, 5504.579386920211]}, "datetime": {"datetime": "2025-08-08 19:02:05", "elapsed": 7956.891863107681, "delta": 32.75963497161865}, "costs": {"total_cost": 872.9431421824372, "time_cost": 150, "final_distance_cost": 67.19283118867888, "oscillation_cost": 294.33461020682796, "completition_cost": 222.2222222222222, "overshoot_cost": 68.512119395835, "power_cost": 41.77199987792969, "noise_cost": 28.909359290943407, "n_waypoints_completed": 7, "tot_waypoints": 9}}
{"target": -1492.6843946812126, "params": {"k_pid_pos": [8986.784183666576, 5742.018578464914, 6632.270045247387], "k_pid_alt": [9091.783116071128, 8257.05821939078, 4981.1222435808095], "k_pid_att": [10000.0, 7953.957325343983, 0.0], "k_pid_yaw": [0.5, 1e-06, 0.1], "k_pid_hsp": [0.0, 5160.640942096832, 0.0], "k_pid_vsp": [6324.755541506712, 10000.0, 7804.522053240053]}, "datetime": {"datetime": "2025-08-08 19:02:37", "elapsed": 7989.483455181122, "delta": 32.59159207344055}, "costs": {"total_cost": 1492.6843946812126, "time_cost": 150, "final_distance_cost": 61.553670843146826, "oscillation_cost": 155.59221115519645, "completition_cost": 1000.0, "overshoot_cost": 49.697771834899925, "power_cost": 46.10996779785157, "noise_cost": 29.7307730501179, "n_waypoints_completed": 0, "tot_waypoints": 9}}
{"target": -1080.0627544532003, "params": {"k_pid_pos": [5391.3617401659985, 10000.0, 10000.0], "k_pid_alt": [10000.0, 3406.4582874108687, 10000.0], "k_pid_att": [4377.624825128244, 1021.3671057341509, 0.0], "k_pid_yaw": [0.5, 1e-06, 0.1], "k_pid_hsp": [9899.948156927727, 8144.802824374335, 0.0], "k_pid_vsp": [10000.0, 8702.267317347309, 0.0]}, "datetime": {"datetime": "2025-08-08 19:03:10", "elapsed": 8021.780182361603, "delta": 32.29672718048096}, "costs": {"total_cost": 1080.0627544532003, "time_cost": 150, "final_distance_cost": 48.84006215931581, "oscillation_cost": 312.76444511454173, "completition_cost": 444.4444444444444, "overshoot_cost": 53.852295492473395, "power_cost": 40.95565322265625, "noise_cost": 29.205854019768807, "n_waypoints_completed": 5, "tot_waypoints": 9}}
{"target": -1165.6412506435513, "params": {"k_pid_pos": [5615.85412728371, 7058.436510239856, 0.0], "k_pid_alt": [5545.464203529738, 0.0, 3259.8151625713363], "k_pid_att": [10000.0, 4427.260995142765, 0.0], "k_pid_yaw": [0.5, 1e-06, 0.1], "k_pid_hsp": [2721.2815643549393, 10000.0, 0.0], "k_pid_vsp": [4188.837033673478, 5215.075884130148, 7406.311799317758]}, "datetime": {"datetime": "2025-08-08 19:03:42", "elapsed": 8054.233719110489, "delta": 32.45353674888611}, "costs": {"total_cost": 1165.6412506435513, "time_cost": 150, "final_distance_cost": 97.95173519563427, "oscillation_cost": 117.93581095878281, "completition_cost": 666.6666666666667, "overshoot_cost": 57.46520216842458, "power_cost": 45.64485349121094, "noise_cost": 29.976982162832027, "n_waypoints_completed": 3, "tot_waypoints": 9}}
{"target": -1279.8764928758187, "params": {"k_pid_pos": [0.0, 10000.0, 10000.0], "k_pid_alt": [10000.0, 0.0, 686.9145368566258], "k_pid_att": [0.0, 0.0, 0.0], "k_pid_yaw": [0.5, 1e-06, 0.1], "k_pid_hsp": [1441.421864677752, 0.0, 0.0], "k_pid_vsp": [5105.281948822488, 0.0, 0.0]}, "datetime": {"datetime": "2025-08-08 19:04:16", "elapsed": 8087.950335264206, "delta": 33.71661615371704}, "costs": {"total_cost": 1279.8764928758187, "time_cost": 150, "final_distance_cost": 46.026711958246466, "oscillation_cost": 0.0, "completition_cost": 1000.0, "overshoot_cost": 35.72209561739318, "power_cost": 28.367885644531253, "noise_cost": 19.759799655647704, "n_waypoints_completed": 0, "tot_waypoints": 9}}
{"target": -1378.984576071778, "params": {"k_pid_pos": [6212.77371696514, 10000.0, 10000.0], "k_pid_alt": [4889.849811043437, 10000.0, 4233.421294107721], "k_pid_att": [10000.0, 6188.053487222666, 0.0], "k_pid_yaw": [0.5, 1e-06, 0.1], "k_pid_hsp": [10000.0, 10000.0, 3455.215084999923], "k_pid_vsp": [10000.0, 0.0, 6340.032416420414]}, "datetime": {"datetime": "2025-08-08 19:04:50", "elapsed": 8121.695151805878, "delta": 33.74481654167175}, "costs": {"total_cost": 1378.984576071778, "time_cost": 150, "final_distance_cost": 104.77262188136076, "oscillation_cost": 193.8890222664108, "completition_cost": 777.7777777777778, "overshoot_cost": 82.15812098218782, "power_cost": 41.553967407226565, "noise_cost": 28.833065756814484, "n_waypoints_completed": 2, "tot_waypoints": 9}}
{"target": -4032.809783997948, "params": {"k_pid_pos": [3585.6592561335056, 250.74730402270262, 7158.481557808891], "k_pid_alt": [2056.748158565903, 3148.947470179595, 6336.75441582578], "k_pid_att": [2247.107165137622, 420.8137124415656, 58.85497174560328], "k_pid_yaw": [0.5, 1e-06, 0.1], "k_pid_hsp": [6748.036719865216, 418.9564213837194, 6011.95156462058], "k_pid_vsp": [5459.94881243564, 2950.9344213220766, 6879.9869408625755]}, "datetime": {"datetime": "2025-08-08 19:05:20", "elapsed": 8152.155784368515, "delta": 30.46063256263733}, "costs": {"total_cost": 4032.809783997948, "time_cost": 150, "final_distance_cost": 741.3611914687434, "oscillation_cost": 552.5604491994878, "completition_cost": 1000.0, "overshoot_cost": 1525.6452659079744, "power_cost": 35.36218527832031, "noise_cost": 27.880692143422202, "n_waypoints_completed": 0, "tot_waypoints": 9}}
{"target": -1769.1636089379654, "params": {"k_pid_pos": [0.0, 9562.632657560143, 10000.0], "k_pid_alt": [9826.859249728586, 10000.0, 0.0], "k_pid_att": [10000.0, 10000.0, 0.0], "k_pid_yaw": [0.5, 1e-06, 0.1], "k_pid_hsp": [10000.0, 3285.4022438908532, 3704.8607585114205], "k_pid_vsp": [10000.0, 0.0, 10000.0]}, "datetime": {"datetime": "2025-08-08 19:05:54", "elapsed": 8185.575690507889, "delta": 33.41990613937378}, "costs": {"total_cost": 1769.1636089379654, "time_cost": 150, "final_distance_cost": 38.09634170894054, "oscillation_cost": 428.2015230342691, "completition_cost": 1000.0, "overshoot_cost": 85.77874609373121, "power_cost": 38.67280623779297, "noise_cost": 28.414191863231782, "n_waypoints_completed": 0, "tot_waypoints": 9}}
{"target": -1291.393387290178, "params": {"k_pid_pos": [7930.379538336239, 0.0, 0.0], "k_pid_alt": [9933.676017826661, 10000.0, 0.0], "k_pid_att": [10000.0, 7944.194210590658, 0.0], "k_pid_yaw": [0.5, 1e-06, 0.1], "k_pid_hsp": [0.0, 0.0, 0.0], "k_pid_vsp": [0.0, 8199.663201602178, 1674.1552750078877]}, "datetime": {"datetime": "2025-08-08 19:06:27", "elapsed": 8218.53507900238, "delta": 32.95938849449158}, "costs": {"total_cost": 1291.393387290178, "time_cost": 150, "final_distance_cost": 46.89824962171892, "oscillation_cost": 0.0, "completition_cost": 1000.0, "overshoot_cost": 44.07940157557059, "power_cost": 29.925895361328127, "noise_cost": 20.489840731560324, "n_waypoints_completed": 0, "tot_waypoints": 9}}
{"target": -1581.8792052605227, "params": {"k_pid_pos": [0.0, 10000.0, 4159.592059958196], "k_pid_alt": [10000.0, 0.0, 6723.8483665582835], "k_pid_att": [885.7346900730458, 0.0, 0.0], "k_pid_yaw": [0.5, 1e-06, 0.1], "k_pid_hsp": [10000.0, 0.0, 2285.0134096638753], "k_pid_vsp": [7826.37839633532, 6385.980595683564, 0.0]}, "datetime": {"datetime": "2025-08-08 19:07:00", "elapsed": 8251.581914663315, "delta": 33.04683566093445}, "costs": {"total_cost": 1581.8792052605227, "time_cost": 150, "final_distance_cost": 60.17885571869957, "oscillation_cost": 349.7421437503806, "completition_cost": 888.8888888888888, "overshoot_cost": 65.6312502221503, "power_cost": 38.240421301269535, "noise_cost": 29.19764537913379, "n_waypoints_completed": 1, "tot_waypoints": 9}}
{"target": -1575.5285363293533, "params": {"k_pid_pos": [0.0, 4961.4071181802465, 0.0], "k_pid_alt": [1403.6254774056335, 0.0, 0.0], "k_pid_att": [4216.087256106254, 3208.8250030811387, 0.0], "k_pid_yaw": [0.5, 1e-06, 0.1], "k_pid_hsp": [10000.0, 0.0, 1828.4050024183707], "k_pid_vsp": [8516.889494128938, 0.0, 1300.7011446592358]}, "datetime": {"datetime": "2025-08-08 19:07:32", "elapsed": 8284.209599494934, "delta": 32.62768483161926}, "costs": {"total_cost": 1575.5285363293533, "time_cost": 150, "final_distance_cost": 50.190854080389165, "oscillation_cost": 233.38358480523414, "completition_cost": 1000.0, "overshoot_cost": 71.58544651727486, "power_cost": 41.645375439453126, "noise_cost": 28.723275487001988, "n_waypoints_completed": 0, "tot_waypoints": 9}}
