{"target": -1718.7303106703496, "params": {"k_pid_pos": [9269.545266184063, 2776.2923501074815, 7462.748268616455], "k_pid_alt": [0.0, 4503.499905731539, 4452.9105744067765], "k_pid_att": [9714.417862544376, 10000.0, 0.0], "k_pid_yaw": [0.5, 1e-06, 0.1], "k_pid_hsp": [10000.0, 4657.669947946495, 8445.278084854108], "k_pid_vsp": [0.0, 4208.511352908656, 1476.2562662656571]}, "datetime": {"datetime": "2025-08-09 00:32:24", "elapsed": 27775.679557085037, "delta": 37.673293113708496}, "costs": {"total_cost": 1718.7303106703496, "time_cost": 150, "final_distance_cost": 57.543552284758945, "oscillation_cost": 364.48050844654983, "completition_cost": 1000.0, "overshoot_cost": 80.06656879530358, "power_cost": 38.29069250488281, "noise_cost": 28.34898863885451, "n_waypoints_completed": 0, "tot_waypoints": 9}}
{"target": -6876.787653129504, "params": {"k_pid_pos": [495.0536880601619, 2203.359823385366, 3083.4368978123184], "k_pid_alt": [9216.781846449781, 1241.3924866072712, 4352.022602830802], "k_pid_att": [2473.32093556309, 9479.883435115513, 5194.480729402569], "k_pid_yaw": [0.5, 1e-06, 0.1], "k_pid_hsp": [7613.389469468784, 9846.944617343963, 9822.473213799698], "k_pid_vsp": [5396.531256720576, 2194.0311835485195, 5127.424390713233]}, "datetime": {"datetime": "2025-08-09 00:32:56", "elapsed": 27807.672395467758, "delta": 31.992838382720947}, "costs": {"total_cost": 6876.787653129504, "time_cost": 150, "final_distance_cost": 953.1329690664294, "oscillation_cost": 1164.7746074102638, "completition_cost": 1000.0, "overshoot_cost": 3428.7696920750814, "power_cost": 56.452296716308595, "noise_cost": 123.65808786142176, "n_waypoints_completed": 0, "tot_waypoints": 9}}
{"target": -2260.8225565421108, "params": {"k_pid_pos": [10000.0, 4420.665350840967, 5638.020052860326], "k_pid_alt": [0.0, 0.0, 4958.940098238252], "k_pid_att": [10000.0, 9193.628344256711, 0.0], "k_pid_yaw": [0.5, 1e-06, 0.1], "k_pid_hsp": [10000.0, 7035.526702219098, 757.3324496941658], "k_pid_vsp": [6255.624833916329, 4515.332163767747, 568.4020759191336]}, "datetime": {"datetime": "2025-08-09 00:33:32", "elapsed": 27844.364382743835, "delta": 36.69198727607727}, "costs": {"total_cost": 2260.8225565421108, "time_cost": 150, "final_distance_cost": 3.033402395965936, "oscillation_cost": 821.0909305054937, "completition_cost": 1000.0, "overshoot_cost": 158.55380813621582, "power_cost": 38.54791483154297, "noise_cost": 89.59650067289256, "n_waypoints_completed": 0, "tot_waypoints": 9}}
{"target": -1606.5447849698999, "params": {"k_pid_pos": [0.0, 7570.922259316872, 1622.3632269278526], "k_pid_alt": [8227.506237454352, 273.3169349821227, 438.6346118386596], "k_pid_att": [6118.223718146738, 8039.840175825803, 0.0], "k_pid_yaw": [0.5, 1e-06, 0.1], "k_pid_hsp": [7253.501265806648, 10000.0, 5018.361227805142], "k_pid_vsp": [2492.0876357589086, 4415.291470855056, 5234.849025158913]}, "datetime": {"datetime": "2025-08-09 00:34:09", "elapsed": 27881.230711221695, "delta": 36.8663284778595}, "costs": {"total_cost": 1606.5447849698999, "time_cost": 150, "final_distance_cost": 58.019580105883314, "oscillation_cost": 248.29543700151692, "completition_cost": 1000.0, "overshoot_cost": 80.78750499221418, "power_cost": 40.593199060058595, "noise_cost": 28.849063810226653, "n_waypoints_completed": 0, "tot_waypoints": 9}}
{"target": -8105.154700487857, "params": {"k_pid_pos": [8160.889112951263, 645.4102239714232, 1856.9685932579405], "k_pid_alt": [7978.507280556541, 5124.221914863514, 6194.544039011361], "k_pid_att": [286.47434475108093, 3538.026483333723, 9942.04202151292], "k_pid_yaw": [0.5, 1e-06, 0.1], "k_pid_hsp": [9039.171983252769, 3086.0679326200725, 454.11683336721075], "k_pid_vsp": [1816.4579480140087, 3741.91225538537, 3224.6454628483466]}, "datetime": {"datetime": "2025-08-09 00:34:40", "elapsed": 27912.47464466095, "delta": 31.24393343925476}, "costs": {"total_cost": 8105.154700487857, "time_cost": 150, "final_distance_cost": 1575.0152235793162, "oscillation_cost": 593.9467307839159, "completition_cost": 1000.0, "overshoot_cost": 4621.869685987329, "power_cost": 54.0544564819336, "noise_cost": 110.2686036553617, "n_waypoints_completed": 0, "tot_waypoints": 9}}
{"target": -32942.631105902314, "params": {"k_pid_pos": [8049.090810009458, 1855.9896650477924, 4175.148773201413], "k_pid_alt": [77.38006414940935, 331.3232261511845, 4833.827648311444], "k_pid_att": [6419.014816677872, 1099.325610014007, 3446.2728981453015], "k_pid_yaw": [0.5, 1e-06, 0.1], "k_pid_hsp": [7373.943236093049, 422.20416003871384, 9842.880271329948], "k_pid_vsp": [3008.1101882982166, 6496.143108073139, 908.4192881019659]}, "datetime": {"datetime": "2025-08-09 00:35:12", "elapsed": 27943.621455430984, "delta": 31.14681077003479}, "costs": {"total_cost": 32942.631105902314, "time_cost": 150, "final_distance_cost": 8533.330137720022, "oscillation_cost": 677.1406248973312, "completition_cost": 1000.0, "overshoot_cost": 22382.444078305052, "power_cost": 58.61470969238282, "noise_cost": 141.101555287523, "n_waypoints_completed": 0, "tot_waypoints": 9}}
{"target": -1537.477206988512, "params": {"k_pid_pos": [6645.828366317114, 4462.968075779479, 7220.282954195122], "k_pid_alt": [2512.2948755105585, 2705.594536310202, 0.0], "k_pid_att": [6438.387089585726, 10000.0, 0.0], "k_pid_yaw": [0.5, 1e-06, 0.1], "k_pid_hsp": [5858.569664124132, 3748.6089368789667, 3813.389835932002], "k_pid_vsp": [0.0, 10000.0, 5009.119442380833]}, "datetime": {"datetime": "2025-08-09 00:35:49", "elapsed": 27980.87908935547, "delta": 37.25763392448425}, "costs": {"total_cost": 1537.477206988512, "time_cost": 150, "final_distance_cost": 112.59780656678853, "oscillation_cost": 345.85267025857644, "completition_cost": 777.7777777777778, "overshoot_cost": 82.85834521164061, "power_cost": 39.68404008789063, "noise_cost": 28.70656708583793, "n_waypoints_completed": 2, "tot_waypoints": 9}}
{"target": -1272.8918725253877, "params": {"k_pid_pos": [3172.112699429365, 10000.0, 3283.1413363981364], "k_pid_alt": [10000.0, 0.0, 1416.1311059614093], "k_pid_att": [3825.178271445883, 0.0, 0.0], "k_pid_yaw": [0.5, 1e-06, 0.1], "k_pid_hsp": [10000.0, 5871.117855499531, 4750.694267742847], "k_pid_vsp": [10000.0, 5112.083273542858, 0.0]}, "datetime": {"datetime": "2025-08-09 00:36:25", "elapsed": 28017.07279419899, "delta": 36.19370484352112}, "costs": {"total_cost": 1272.8918725253877, "time_cost": 150, "final_distance_cost": 48.20498341007278, "oscillation_cost": 255.98056057888095, "completition_cost": 666.6666666666667, "overshoot_cost": 83.42792101928461, "power_cost": 40.11674305419922, "noise_cost": 28.494997796283474, "n_waypoints_completed": 3, "tot_waypoints": 9}}
{"target": -2910.504164473134, "params": {"k_pid_pos": [10.716530135040925, 8026.552483239505, 7181.44334430947], "k_pid_alt": [7804.646437367789, 9636.497459863289, 1822.4897010229745], "k_pid_att": [2847.4124724730978, 1933.2914159822078, 2464.4678299116354], "k_pid_yaw": [0.5, 1e-06, 0.1], "k_pid_hsp": [2461.1493396191163, 8625.969531239312, 4989.280427815966], "k_pid_vsp": [956.4637468162707, 5857.984600338905, 9458.872705325293]}, "datetime": {"datetime": "2025-08-09 00:36:56", "elapsed": 28048.489412784576, "delta": 31.416618585586548}, "costs": {"total_cost": 2910.504164473134, "time_cost": 150, "final_distance_cost": 48.166090381633694, "oscillation_cost": 298.60121768164686, "completition_cost": 1000.0, "overshoot_cost": 1315.5023887922694, "power_cost": 45.21245606689453, "noise_cost": 53.02201155068941, "n_waypoints_completed": 0, "tot_waypoints": 9}}
{"target": -3630.9337980935265, "params": {"k_pid_pos": [2391.694933582046, 4533.143393767974, 6983.425221593751], "k_pid_alt": [6331.226408951122, 3416.251352409554, 3809.202252426649], "k_pid_att": [6629.309518519387, 6113.221056313653, 5651.594522654146], "k_pid_yaw": [0.5, 1e-06, 0.1], "k_pid_hsp": [4321.097491576087, 7471.794274321406, 9646.186665913232], "k_pid_vsp": [5992.310373559372, 449.81223336713947, 7110.950414292308]}, "datetime": {"datetime": "2025-08-09 00:37:29", "elapsed": 28080.568803310394, "delta": 32.07939052581787}, "costs": {"total_cost": 3630.9337980935265, "time_cost": 150, "final_distance_cost": 277.62123963260433, "oscillation_cost": 549.4738092595342, "completition_cost": 1000.0, "overshoot_cost": 1495.2896627698367, "power_cost": 52.767212597656254, "noise_cost": 105.78187383389475, "n_waypoints_completed": 0, "tot_waypoints": 9}}
{"target": -1006.9411579786123, "params": {"k_pid_pos": [7473.815434207072, 9894.816175720403, 0.0], "k_pid_alt": [2244.084533118021, 0.0, 10000.0], "k_pid_att": [8976.558901632512, 671.460786501372, 0.0], "k_pid_yaw": [0.5, 1e-06, 0.1], "k_pid_hsp": [10000.0, 4638.881068893822, 6031.572627236723], "k_pid_vsp": [3506.55586399993, 10000.0, 9138.405051864765]}, "datetime": {"datetime": "2025-08-09 00:38:07", "elapsed": 28118.7193710804, "delta": 38.15056777000427}, "costs": {"total_cost": 1006.9411579786123, "time_cost": 150, "final_distance_cost": 81.22996580567987, "oscillation_cost": 286.00304862581896, "completition_cost": 333.33333333333337, "overshoot_cost": 87.2467934917622, "power_cost": 40.40398355712891, "noise_cost": 28.724033164889104, "n_waypoints_completed": 6, "tot_waypoints": 9}}
{"target": -2259.8593979470047, "params": {"k_pid_pos": [6265.25517417746, 8453.839313752407, 8066.7118336275025], "k_pid_alt": [371.578201721122, 9210.306841927442, 7677.029280393782], "k_pid_att": [7038.004627782893, 10000.0, 0.0], "k_pid_yaw": [0.5, 1e-06, 0.1], "k_pid_hsp": [9201.950945827277, 3380.473978015962, 10000.0], "k_pid_vsp": [4833.954615181912, 2548.169760013423, 2237.777771580979]}, "datetime": {"datetime": "2025-08-09 00:38:44", "elapsed": 28155.928110599518, "delta": 37.20873951911926}, "costs": {"total_cost": 2259.8593979470047, "time_cost": 150, "final_distance_cost": 46.87828958546636, "oscillation_cost": 885.5967590002518, "completition_cost": 1000.0, "overshoot_cost": 112.69209030303512, "power_cost": 36.65868132324219, "noise_cost": 28.033577735009214, "n_waypoints_completed": 0, "tot_waypoints": 9}}
{"target": -9088.267296504382, "params": {"k_pid_pos": [6774.25651314784, 2591.0575572506323, 9075.242891008458], "k_pid_alt": [5639.839032734907, 7288.342914616238, 6203.947133469219], "k_pid_att": [2126.0717309578804, 9625.435075677913, 1625.3063438429117], "k_pid_yaw": [0.5, 1e-06, 0.1], "k_pid_hsp": [2680.054824267405, 6091.726754664038, 3204.364411466215], "k_pid_vsp": [2559.4805932913855, 9750.264338341032, 8252.685425717347]}, "datetime": {"datetime": "2025-08-09 00:39:15", "elapsed": 28186.78642296791, "delta": 30.858312368392944}, "costs": {"total_cost": 9088.267296504382, "time_cost": 150, "final_distance_cost": 2095.151569856496, "oscillation_cost": 1260.6815332475173, "completition_cost": 1000.0, "overshoot_cost": 4391.552579693191, "power_cost": 57.62946707763672, "noise_cost": 133.25214662954076, "n_waypoints_completed": 0, "tot_waypoints": 9}}
{"target": -1589.0248577221384, "params": {"k_pid_pos": [3846.1158928382797, 1820.6179609719056, 0.0], "k_pid_alt": [0.0, 445.64201469930816, 0.0], "k_pid_att": [7440.893980248064, 4314.047090324648, 0.0], "k_pid_yaw": [0.5, 1e-06, 0.1], "k_pid_hsp": [10000.0, 4273.650597060222, 0.0], "k_pid_vsp": [5659.593022917365, 4094.228236430284, 8847.06017995242]}, "datetime": {"datetime": "2025-08-09 00:39:54", "elapsed": 28225.850100517273, "delta": 39.06367754936218}, "costs": {"total_cost": 1589.0248577221384, "time_cost": 150, "final_distance_cost": 54.4433605271798, "oscillation_cost": 249.4943243310788, "completition_cost": 1000.0, "overshoot_cost": 62.436376259608025, "power_cost": 43.244296411132815, "noise_cost": 29.406500193139017, "n_waypoints_completed": 0, "tot_waypoints": 9}}
{"target": -6341.7412923952525, "params": {"k_pid_pos": [8193.784818314389, 4291.128446886704, 2895.5071853426753], "k_pid_alt": [6278.118845977842, 9763.696274387958, 8902.958124885105], "k_pid_att": [5215.406573790809, 7238.024288445417, 4683.822531780251], "k_pid_yaw": [0.5, 1e-06, 0.1], "k_pid_hsp": [5757.339822093744, 7501.8464971754165, 917.1806939732197], "k_pid_vsp": [9487.773296735873, 4568.5865732429465, 7844.703075862391]}, "datetime": {"datetime": "2025-08-09 00:40:25", "elapsed": 28256.73364329338, "delta": 30.883542776107788}, "costs": {"total_cost": 6341.7412923952525, "time_cost": 150, "final_distance_cost": 1133.9926567252123, "oscillation_cost": 669.463736018577, "completition_cost": 1000.0, "overshoot_cost": 3190.950003856872, "power_cost": 58.539194531250004, "noise_cost": 138.7957012633401, "n_waypoints_completed": 0, "tot_waypoints": 9}}
{"target": -2197.0077012514216, "params": {"k_pid_pos": [9507.543220511396, 10000.0, 10000.0], "k_pid_alt": [9707.047563378348, 3610.751249372048, 4554.415623603825], "k_pid_att": [2403.8683622300446, 0.0, 0.0], "k_pid_yaw": [0.5, 1e-06, 0.1], "k_pid_hsp": [4220.953809452104, 6622.499214301921, 8919.369243240697], "k_pid_vsp": [8367.858885806898, 0.0, 29.194325134661355]}, "datetime": {"datetime": "2025-08-09 00:41:02", "elapsed": 28294.121905326843, "delta": 37.388262033462524}, "costs": {"total_cost": 2197.0077012514216, "time_cost": 150, "final_distance_cost": 54.867807809174565, "oscillation_cost": 733.3778574270133, "completition_cost": 1000.0, "overshoot_cost": 195.61796815205486, "power_cost": 35.35407131347657, "noise_cost": 27.789996549702067, "n_waypoints_completed": 0, "tot_waypoints": 9}}
{"target": -3635.930490278868, "params": {"k_pid_pos": [701.7584621853713, 0.0, 0.0], "k_pid_alt": [2508.9750784416888, 4551.3024941205285, 0.0], "k_pid_att": [6849.915682797476, 8034.381035855897, 0.0], "k_pid_yaw": [0.5, 1e-06, 0.1], "k_pid_hsp": [9046.247110653221, 3994.7170146189073, 0.0], "k_pid_vsp": [0.0, 764.5024655027623, 2179.019109161865]}, "datetime": {"datetime": "2025-08-09 00:41:39", "elapsed": 28331.179359436035, "delta": 37.057454109191895}, "costs": {"total_cost": 3635.930490278868, "time_cost": 150, "final_distance_cost": 765.8114577027482, "oscillation_cost": 358.69390511898143, "completition_cost": 1000.0, "overshoot_cost": 1282.278156260168, "power_cost": 46.16167414550782, "noise_cost": 32.98529705146242, "n_waypoints_completed": 0, "tot_waypoints": 9}}
{"target": -3704.701741856754, "params": {"k_pid_pos": [7295.477468018812, 2717.715903135879, 7417.147928604544], "k_pid_alt": [1824.8606045410666, 4472.408304834985, 0.0], "k_pid_att": [10000.0, 9602.37866698713, 2934.6900783276487], "k_pid_yaw": [0.5, 1e-06, 0.1], "k_pid_hsp": [10000.0, 5404.352101245157, 10000.0], "k_pid_vsp": [0.0, 3648.754869038434, 10000.0]}, "datetime": {"datetime": "2025-08-09 00:42:16", "elapsed": 28367.617155313492, "delta": 36.437795877456665}, "costs": {"total_cost": 3704.701741856754, "time_cost": 150, "final_distance_cost": 421.8055552614888, "oscillation_cost": 141.27078963500372, "completition_cost": 1000.0, "overshoot_cost": 1922.610286643644, "power_cost": 40.1600594116211, "noise_cost": 28.855050904996045, "n_waypoints_completed": 0, "tot_waypoints": 9}}
{"target": -1691.0291459583405, "params": {"k_pid_pos": [10000.0, 10000.0, 4720.632422367027], "k_pid_alt": [8431.987287488533, 0.0, 7686.539813024723], "k_pid_att": [10000.0, 0.0, 0.0], "k_pid_yaw": [0.5, 1e-06, 0.1], "k_pid_hsp": [10000.0, 3760.852103489401, 0.0], "k_pid_vsp": [7473.926500880139, 3755.990187541526, 6985.9369210736495]}, "datetime": {"datetime": "2025-08-09 00:42:54", "elapsed": 28405.98882007599, "delta": 38.37166476249695}, "costs": {"total_cost": 1691.0291459583405, "time_cost": 150, "final_distance_cost": 46.53423556085685, "oscillation_cost": 384.1449903139092, "completition_cost": 1000.0, "overshoot_cost": 42.0172539297135, "power_cost": 39.74090986328125, "noise_cost": 28.59175629057979, "n_waypoints_completed": 0, "tot_waypoints": 9}}
{"target": -8921.523968591511, "params": {"k_pid_pos": [5075.3229771890665, 9815.38498192855, 8717.31460298501], "k_pid_alt": [9459.937290912394, 1621.0025033688391, 8855.83670964498], "k_pid_att": [9772.995912842396, 1268.9375983438756, 8858.871085251674], "k_pid_yaw": [0.5, 1e-06, 0.1], "k_pid_hsp": [9576.27671293637, 4198.937014082005, 3654.445783088348], "k_pid_vsp": [9281.262414295952, 1897.0909216491273, 744.5774252496651]}, "datetime": {"datetime": "2025-08-09 00:43:25", "elapsed": 28437.454192876816, "delta": 31.465372800827026}, "costs": {"total_cost": 8921.523968591511, "time_cost": 150, "final_distance_cost": 920.954761589489, "oscillation_cost": 750.4642207515678, "completition_cost": 1000.0, "overshoot_cost": 5900.069126800271, "power_cost": 58.621754541015626, "noise_cost": 141.4141049091676, "n_waypoints_completed": 0, "tot_waypoints": 9}}
{"target": -1954.0913284482658, "params": {"k_pid_pos": [10000.0, 7779.599451121303, 1935.852316051317], "k_pid_alt": [0.0, 0.0, 2209.704519870982], "k_pid_att": [6621.968501008028, 4203.143947752161, 0.0], "k_pid_yaw": [0.5, 1e-06, 0.1], "k_pid_hsp": [5649.051199185358, 9504.451096423414, 10000.0], "k_pid_vsp": [1141.0056002998663, 10000.0, 10000.0]}, "datetime": {"datetime": "2025-08-09 00:44:02", "elapsed": 28474.46076488495, "delta": 37.006572008132935}, "costs": {"total_cost": 1954.0913284482658, "time_cost": 150, "final_distance_cost": 29.16188524188802, "oscillation_cost": 488.24761883728996, "completition_cost": 1000.0, "overshoot_cost": 183.0849010638724, "power_cost": 37.93620543212891, "noise_cost": 65.66071787308644, "n_waypoints_completed": 0, "tot_waypoints": 9}}
{"target": -16436.221155631345, "params": {"k_pid_pos": [402.6068552562556, 6492.3667372479795, 1748.693194809079], "k_pid_alt": [4251.452050669877, 9983.252778179485, 3593.7906007782763], "k_pid_att": [7654.910256904564, 8368.150144878051, 9443.91182081406], "k_pid_yaw": [0.5, 1e-06, 0.1], "k_pid_hsp": [8986.351485611078, 6584.361415519875, 943.5488796785929], "k_pid_vsp": [6861.483738149837, 5195.0889584363, 3001.9556264748994]}, "datetime": {"datetime": "2025-08-09 00:44:34", "elapsed": 28505.93053984642, "delta": 31.469774961471558}, "costs": {"total_cost": 16436.221155631345, "time_cost": 150, "final_distance_cost": 5011.388707689412, "oscillation_cost": 1520.197265522547, "completition_cost": 1000.0, "overshoot_cost": 8552.874956700964, "power_cost": 58.62113211669922, "noise_cost": 143.1390936017242, "n_waypoints_completed": 0, "tot_waypoints": 9}}
{"target": -14884.41519430071, "params": {"k_pid_pos": [8468.856752627498, 6655.94012098481, 6252.196821001505], "k_pid_alt": [4460.952607047167, 6112.869058115339, 4409.452247300668], "k_pid_att": [2234.614194754202, 6721.648621468645, 4032.0078990165675], "k_pid_yaw": [0.5, 1e-06, 0.1], "k_pid_hsp": [3077.0933921534747, 4440.268515917714, 6942.199779133056], "k_pid_vsp": [3281.788234607871, 4856.8280116097085, 6397.956638977399]}, "datetime": {"datetime": "2025-08-09 00:45:05", "elapsed": 28537.457905769348, "delta": 31.527365922927856}, "costs": {"total_cost": 14884.41519430071, "time_cost": 150, "final_distance_cost": 3092.208749848972, "oscillation_cost": 1584.586855168575, "completition_cost": 1000.0, "overshoot_cost": 8869.252119988525, "power_cost": 56.88128029785157, "noise_cost": 131.48618899678453, "n_waypoints_completed": 0, "tot_waypoints": 9}}
{"target": -1592.8148745689946, "params": {"k_pid_pos": [6518.7189555580035, 10000.0, 0.0], "k_pid_alt": [3398.186813187235, 431.9827032018457, 0.0], "k_pid_att": [4578.772422451931, 4606.904423468077, 0.0], "k_pid_yaw": [0.5, 1e-06, 0.1], "k_pid_hsp": [10000.0, 3539.403937725176, 3386.988243508035], "k_pid_vsp": [2059.99259914111, 6822.732063422221, 3758.6929487523203]}, "datetime": {"datetime": "2025-08-09 00:45:43", "elapsed": 28574.912467718124, "delta": 37.454561948776245}, "costs": {"total_cost": 1592.8148745689946, "time_cost": 150, "final_distance_cost": 79.77901975393449, "oscillation_cost": 332.3821923086453, "completition_cost": 888.8888888888888, "overshoot_cost": 72.46033795595513, "power_cost": 40.657284680175785, "noise_cost": 28.647150981394976, "n_waypoints_completed": 1, "tot_waypoints": 9}}
{"target": -10649.205748351787, "params": {"k_pid_pos": [2177.821192856898, 192.6973932715148, 708.8331915179724], "k_pid_alt": [126.0707731724664, 1003.3317207675707, 500.31668740128544], "k_pid_att": [3060.1401366539926, 6299.558456867832, 9167.7886014356], "k_pid_yaw": [0.5, 1e-06, 0.1], "k_pid_hsp": [5967.061154367064, 9068.838515771193, 259.164491835151], "k_pid_vsp": [200.9655593802473, 5848.320958021889, 7154.029429656887]}, "datetime": {"datetime": "2025-08-09 00:46:15", "elapsed": 28606.89474272728, "delta": 31.982275009155273}, "costs": {"total_cost": 10649.205748351787, "time_cost": 150, "final_distance_cost": 3647.1151504943623, "oscillation_cost": 669.2258619932862, "completition_cost": 1000.0, "overshoot_cost": 5024.365112061052, "power_cost": 53.29137828369141, "noise_cost": 105.20824551939609, "n_waypoints_completed": 0, "tot_waypoints": 9}}
{"target": -976.6560817607802, "params": {"k_pid_pos": [5863.447594200011, 5619.525604235378, 6613.682697468898], "k_pid_alt": [7311.97214196323, 0.0, 2892.2779543775773], "k_pid_att": [3967.679727751433, 0.0, 0.0], "k_pid_yaw": [0.5, 1e-06, 0.1], "k_pid_hsp": [5584.394959390563, 10000.0, 4706.751537224848], "k_pid_vsp": [10000.0, 0.0, 1193.147512115934]}, "datetime": {"datetime": "2025-08-09 00:46:51", "elapsed": 28643.273202896118, "delta": 36.3784601688385}, "costs": {"total_cost": 976.6560817607802, "time_cost": 150, "final_distance_cost": 64.52444720641145, "oscillation_cost": 272.2009514334575, "completition_cost": 333.33333333333337, "overshoot_cost": 87.58642540034803, "power_cost": 40.355035095214845, "noise_cost": 28.65588929201512, "n_waypoints_completed": 6, "tot_waypoints": 9}}
