{"target": -3544.1990692080017, "params": {"k_pid_pos": [9889.245856690724, 556.0532333818979, 4217.374175229143], "k_pid_alt": [6182.203167712513, 1159.8282533196657, 8348.2020599582], "k_pid_att": [9492.619893160174, 9833.90122386796, 7291.11506561589], "k_pid_yaw": [0.5, 1e-06, 0.1], "k_pid_hsp": [5989.675846245016, 4931.4046830957905, 9617.836703635456], "k_pid_vsp": [5414.3367943709, 9028.330338417867, 3923.750562068261]}, "datetime": {"datetime": "2025-08-09 07:42:44", "elapsed": 53596.51983332634, "delta": 33.78258967399597}, "costs": {"total_cost": 3544.1990692080017, "time_cost": 150, "final_distance_cost": 261.15271239079516, "oscillation_cost": 729.0410084181925, "completition_cost": 1000.0, "overshoot_cost": 1206.4391011254922, "power_cost": 58.66918151855469, "noise_cost": 138.8970657549678, "n_waypoints_completed": 0, "tot_waypoints": 9}}
{"target": -3758.432250442208, "params": {"k_pid_pos": [6581.18802434748, 3327.0978428505805, 5218.800522596922], "k_pid_alt": [9958.632457950913, 164.94009015947998, 7102.957542379694], "k_pid_att": [3337.5857564978496, 6482.0573301599015, 5998.927255479763], "k_pid_yaw": [0.5, 1e-06, 0.1], "k_pid_hsp": [9119.325777993683, 9030.411041725552, 1077.0157580770424], "k_pid_vsp": [2995.9223993435226, 8235.64877600546, 5763.179484905845]}, "datetime": {"datetime": "2025-08-09 07:43:18", "elapsed": 53630.257184028625, "delta": 33.73735070228577}, "costs": {"total_cost": 3758.432250442208, "time_cost": 150, "final_distance_cost": 452.32270648090315, "oscillation_cost": 840.1706876340078, "completition_cost": 1000.0, "overshoot_cost": 1157.6394367714781, "power_cost": 53.068124536132814, "noise_cost": 105.23129501968538, "n_waypoints_completed": 0, "tot_waypoints": 9}}
{"target": -5346.501933931569, "params": {"k_pid_pos": [8529.416636820437, 194.03078606084813, 5449.3443502377395], "k_pid_alt": [5327.5427538670765, 9544.348918456086, 8250.214320950485], "k_pid_att": [1371.5758382493705, 2674.7555490328923, 3569.837735668532], "k_pid_yaw": [0.5, 1e-06, 0.1], "k_pid_hsp": [2217.0140230699044, 6267.22460046206, 4739.1664695666], "k_pid_vsp": [2359.3964868110206, 8572.811266292245, 5184.298118323044]}, "datetime": {"datetime": "2025-08-09 07:43:53", "elapsed": 53664.652965307236, "delta": 34.39578127861023}, "costs": {"total_cost": 5346.501933931569, "time_cost": 150, "final_distance_cost": 1178.718689071963, "oscillation_cost": 849.8851403886271, "completition_cost": 1000.0, "overshoot_cost": 2019.2374134636443, "power_cost": 52.594664257812504, "noise_cost": 96.06602674952114, "n_waypoints_completed": 0, "tot_waypoints": 9}}
{"target": -27680.67207978514, "params": {"k_pid_pos": [577.6651304537228, 6143.381400542811, 9504.662009158412], "k_pid_alt": [8784.283901239312, 6555.045541005095, 1344.425535477548], "k_pid_att": [1964.82825258546, 5722.53793066561, 2521.4547921315866], "k_pid_yaw": [0.5, 1e-06, 0.1], "k_pid_hsp": [8413.748782545901, 670.9065193882891, 2940.5074021698483], "k_pid_vsp": [7706.613853156893, 4530.399776021249, 4049.8569023920295]}, "datetime": {"datetime": "2025-08-09 07:44:26", "elapsed": 53698.140609025955, "delta": 33.48764371871948}, "costs": {"total_cost": 27680.67207978514, "time_cost": 150, "final_distance_cost": 7233.601748829168, "oscillation_cost": 1715.4508739037735, "completition_cost": 1000.0, "overshoot_cost": 17378.624830629084, "power_cost": 58.655803759765625, "noise_cost": 144.3388226633491, "n_waypoints_completed": 0, "tot_waypoints": 9}}
{"target": -476.8319746044058, "params": {"k_pid_pos": [6621.655441029004, 3967.8869620643104, 5352.111035216365], "k_pid_alt": [10000.0, 0.0, 10000.0], "k_pid_att": [7046.345257888873, 3281.2127530029807, 0.0], "k_pid_yaw": [0.5, 1e-06, 0.1], "k_pid_hsp": [10000.0, 10000.0, 1829.628560855463], "k_pid_vsp": [4243.48210823527, 7427.2465394752935, 6562.765144186377]}, "datetime": {"datetime": "2025-08-09 07:45:12", "elapsed": 53744.31377983093, "delta": 46.17317080497742}, "costs": {"total_cost": 476.8319746044058, "time_cost": 108.178, "final_distance_cost": 1.7309316885201274, "oscillation_cost": 231.52381154313022, "completition_cost": 0.0, "overshoot_cost": 71.5227409483412, "power_cost": 36.865125036621095, "noise_cost": 27.011365387793138, "n_waypoints_completed": 9, "tot_waypoints": 9}}
{"target": -7754.73860491573, "params": {"k_pid_pos": [3207.4756702891027, 375.4331322250415, 3341.9752345290376], "k_pid_alt": [2809.3627694812285, 3054.595789935042, 4469.339283087139], "k_pid_att": [5102.285823909077, 294.369721109482, 7971.3235782787215], "k_pid_yaw": [0.5, 1e-06, 0.1], "k_pid_hsp": [4760.7979912987485, 8203.187724118265, 1715.5586229005771], "k_pid_vsp": [8744.78603898646, 7291.570827370195, 7335.391129964085]}, "datetime": {"datetime": "2025-08-09 07:45:47", "elapsed": 53778.861503601074, "delta": 34.5477237701416}, "costs": {"total_cost": 7754.73860491573, "time_cost": 150, "final_distance_cost": 2487.799488139914, "oscillation_cost": 790.6296044253268, "completition_cost": 1000.0, "overshoot_cost": 3143.020585981672, "power_cost": 58.518575292968755, "noise_cost": 124.77035107584896, "n_waypoints_completed": 0, "tot_waypoints": 9}}
{"target": -2795.9424756950198, "params": {"k_pid_pos": [6142.069305622155, 1922.6017852774369, 6183.186162518058], "k_pid_alt": [5025.644679544289, 5514.4425221861775, 2203.4954067347912], "k_pid_att": [3980.3529564383366, 8459.974608266244, 1953.231980937934], "k_pid_yaw": [0.5, 1e-06, 0.1], "k_pid_hsp": [6674.223387515751, 5945.019066558662, 3540.4440291827477], "k_pid_vsp": [5948.704887887172, 8473.976769405326, 1785.8784214181655]}, "datetime": {"datetime": "2025-08-09 07:46:21", "elapsed": 53813.36574816704, "delta": 34.504244565963745}, "costs": {"total_cost": 2795.9424756950198, "time_cost": 150, "final_distance_cost": 369.8466349071775, "oscillation_cost": 584.2936864707591, "completition_cost": 1000.0, "overshoot_cost": 512.1340049558088, "power_cost": 58.558566027832036, "noise_cost": 121.10958333344196, "n_waypoints_completed": 0, "tot_waypoints": 9}}
{"target": -3664.832468166493, "params": {"k_pid_pos": [8494.124922140349, 9297.662399502891, 405.5250664392296], "k_pid_alt": [2089.8911775096085, 7220.479065100668, 8639.46838821616], "k_pid_att": [6014.539466882217, 1987.7675595094736, 4372.69916293578], "k_pid_yaw": [0.5, 1e-06, 0.1], "k_pid_hsp": [4539.080475420112, 7126.233741428464, 199.49749699734065], "k_pid_vsp": [6339.963185272612, 2507.348856547673, 8675.9456325896]}, "datetime": {"datetime": "2025-08-09 07:46:56", "elapsed": 53847.714664936066, "delta": 34.34891676902771}, "costs": {"total_cost": 3664.832468166493, "time_cost": 150, "final_distance_cost": 687.9740189713654, "oscillation_cost": 156.59211557183272, "completition_cost": 1000.0, "overshoot_cost": 1595.4124387440972, "power_cost": 40.91902395019532, "noise_cost": 33.93487092900255, "n_waypoints_completed": 0, "tot_waypoints": 9}}
{"target": -4708.310418896647, "params": {"k_pid_pos": [837.5284956759988, 9762.486615800724, 5516.843748604236], "k_pid_alt": [2324.9538522699854, 7809.5086414899, 4507.085405846846], "k_pid_att": [1972.1601897204278, 2112.0477379461654, 5820.462492950072], "k_pid_yaw": [0.5, 1e-06, 0.1], "k_pid_hsp": [9441.03152850272, 7765.842335753289, 4176.348772577237], "k_pid_vsp": [3493.3526879101473, 7459.970019302779, 6609.493934533677]}, "datetime": {"datetime": "2025-08-09 07:47:30", "elapsed": 53882.34358096123, "delta": 34.62891602516174}, "costs": {"total_cost": 4708.310418896647, "time_cost": 150, "final_distance_cost": 617.0661029268088, "oscillation_cost": 258.98652313460633, "completition_cost": 1000.0, "overshoot_cost": 2589.5322284597405, "power_cost": 43.530632177734375, "noise_cost": 49.19493219775724, "n_waypoints_completed": 0, "tot_waypoints": 9}}
{"target": -1475.8516326974006, "params": {"k_pid_pos": [5361.890818380103, 9083.428949190155, 5848.224858801242], "k_pid_alt": [8843.732632314408, 8023.513952813059, 5945.311803825145], "k_pid_att": [9009.035188104423, 2157.061264297314, 589.1962890417401], "k_pid_yaw": [0.5, 1e-06, 0.1], "k_pid_hsp": [7832.348420844022, 1192.7249551170871, 1096.1236999108726], "k_pid_vsp": [2264.6369132935774, 8958.110667776826, 3396.2010848201553]}, "datetime": {"datetime": "2025-08-09 07:48:04", "elapsed": 53916.36830210686, "delta": 34.02472114562988}, "costs": {"total_cost": 1475.8516326974006, "time_cost": 150, "final_distance_cost": 71.27393454628654, "oscillation_cost": 86.76440927275621, "completition_cost": 1000.0, "overshoot_cost": 103.36526139963199, "power_cost": 36.60152543945313, "noise_cost": 27.846502039272835, "n_waypoints_completed": 0, "tot_waypoints": 9}}
{"target": -6578.01991808875, "params": {"k_pid_pos": [4001.134776438804, 5544.436631809244, 8940.256158705044], "k_pid_alt": [1283.3482987147315, 2501.94963655509, 8272.129165650733], "k_pid_att": [1027.6284134811087, 2112.3375550623723, 4826.452011462734], "k_pid_yaw": [0.5, 1e-06, 0.1], "k_pid_hsp": [3711.887871259413, 2457.4608814884814, 5995.522366026597], "k_pid_vsp": [5562.309530644418, 5502.5166609058615, 6299.165878868958]}, "datetime": {"datetime": "2025-08-09 07:48:38", "elapsed": 53950.145444869995, "delta": 33.77714276313782}, "costs": {"total_cost": 6578.01991808875, "time_cost": 150, "final_distance_cost": 1996.9952179761606, "oscillation_cost": 493.7274181660375, "completition_cost": 1000.0, "overshoot_cost": 2799.7048276284304, "power_cost": 50.231250427246096, "noise_cost": 87.36120389087554, "n_waypoints_completed": 0, "tot_waypoints": 9}}
{"target": -18489.346256619137, "params": {"k_pid_pos": [1072.7791623395378, 7453.576255376004, 6697.598059103476], "k_pid_alt": [8936.384705255217, 4231.450461026859, 8395.49794371132], "k_pid_att": [2426.170628254952, 5261.917486981549, 4370.888461482478], "k_pid_yaw": [0.5, 1e-06, 0.1], "k_pid_hsp": [4504.784034203121, 5513.631436930452, 61.858757873017865], "k_pid_vsp": [7881.3336283656445, 7491.189122858754, 3036.9937339311614]}, "datetime": {"datetime": "2025-08-09 07:49:12", "elapsed": 53984.10254716873, "delta": 33.95710229873657}, "costs": {"total_cost": 18489.346256619137, "time_cost": 150, "final_distance_cost": 5924.527987638334, "oscillation_cost": 1524.1383431108643, "completition_cost": 1000.0, "overshoot_cost": 9688.487391958415, "power_cost": 58.621312048339846, "noise_cost": 143.57122186318682, "n_waypoints_completed": 0, "tot_waypoints": 9}}
{"target": -2200.856571560181, "params": {"k_pid_pos": [4768.573161339056, 2613.562808711133, 4419.572749182413], "k_pid_alt": [2303.787245910232, 9534.326287513411, 10000.0], "k_pid_att": [7653.912142499516, 9502.827427298827, 0.0], "k_pid_yaw": [0.5, 1e-06, 0.1], "k_pid_hsp": [7264.949662531381, 5658.782015517152, 7865.64096961742], "k_pid_vsp": [7524.02250983211, 4006.1481860478593, 3651.4606706994427]}, "datetime": {"datetime": "2025-08-09 07:50:01", "elapsed": 54033.40090060234, "delta": 49.29835343360901}, "costs": {"total_cost": 2200.856571560181, "time_cost": 150, "final_distance_cost": 35.26751949727054, "oscillation_cost": 838.1454203428432, "completition_cost": 1000.0, "overshoot_cost": 113.3071741105532, "power_cost": 36.11402255859375, "noise_cost": 28.022435050920134, "n_waypoints_completed": 0, "tot_waypoints": 9}}
{"target": -3008.7671449118893, "params": {"k_pid_pos": [3398.73853966283, 9681.135570551533, 2517.972317955642], "k_pid_alt": [7923.666319495094, 5355.086335558207, 1899.2836003290047], "k_pid_att": [9158.537764096964, 7834.941317417337, 4015.340314010325], "k_pid_yaw": [0.5, 1e-06, 0.1], "k_pid_hsp": [3471.359495948967, 7031.801150100806, 8789.174531362307], "k_pid_vsp": [5950.600719701523, 2568.3941496293683, 1908.9717042270004]}, "datetime": {"datetime": "2025-08-09 07:50:35", "elapsed": 54066.7309615612, "delta": 33.330060958862305}, "costs": {"total_cost": 3008.7671449118893, "time_cost": 150, "final_distance_cost": 420.5056201707152, "oscillation_cost": 427.7190715316874, "completition_cost": 1000.0, "overshoot_cost": 888.274783823138, "power_cost": 52.07832884521485, "noise_cost": 70.18934054113376, "n_waypoints_completed": 0, "tot_waypoints": 9}}
{"target": -7223.862306803285, "params": {"k_pid_pos": [1785.4352272568165, 1593.4531917965799, 6695.946909960449], "k_pid_alt": [9662.62632716939, 1962.9674182163758, 419.4004259034134], "k_pid_att": [5656.024354236927, 4689.80292080448, 9590.887902610737], "k_pid_yaw": [0.5, 1e-06, 0.1], "k_pid_hsp": [2139.8550141216533, 3018.421933394586, 6194.77602004175], "k_pid_vsp": [7921.563206218213, 3427.1458239632966, 7681.077360245534]}, "datetime": {"datetime": "2025-08-09 07:51:09", "elapsed": 54101.09264469147, "delta": 34.36168313026428}, "costs": {"total_cost": 7223.862306803285, "time_cost": 150, "final_distance_cost": 1737.1472411334257, "oscillation_cost": 474.63067386931414, "completition_cost": 1000.0, "overshoot_cost": 3733.2702294348583, "power_cost": 49.62799744873047, "noise_cost": 79.18616491695596, "n_waypoints_completed": 0, "tot_waypoints": 9}}
{"target": -9571.809220412659, "params": {"k_pid_pos": [1126.2166971104205, 2455.54059396254, 5960.059308028083], "k_pid_alt": [4809.028822998971, 6375.360605972659, 9692.666146801064], "k_pid_att": [636.4969543681875, 6417.015986070634, 5212.47903675728], "k_pid_yaw": [0.5, 1e-06, 0.1], "k_pid_hsp": [296.8952744876285, 5266.619379546088, 709.3081417411296], "k_pid_vsp": [6706.710215143073, 2542.094472465858, 1105.068474323655]}, "datetime": {"datetime": "2025-08-09 07:51:43", "elapsed": 54135.30240416527, "delta": 34.20975947380066}, "costs": {"total_cost": 9571.809220412659, "time_cost": 150, "final_distance_cost": 1566.7931255847848, "oscillation_cost": 1297.3283844804046, "completition_cost": 1000.0, "overshoot_cost": 5359.699590538916, "power_cost": 58.621353344726565, "noise_cost": 139.3667664638273, "n_waypoints_completed": 0, "tot_waypoints": 9}}
{"target": -1582.837728032226, "params": {"k_pid_pos": [597.8554218391946, 10000.0, 7059.710966811037], "k_pid_alt": [3017.2885569682157, 8899.318266767617, 4774.446336207855], "k_pid_att": [4365.675332734277, 3785.7466743121363, 0.0], "k_pid_yaw": [0.5, 1e-06, 0.1], "k_pid_hsp": [8077.722395921359, 10000.0, 2519.9500050864654], "k_pid_vsp": [3772.5777711643514, 10000.0, 10000.0]}, "datetime": {"datetime": "2025-08-09 07:52:33", "elapsed": 54185.292581796646, "delta": 49.990177631378174}, "costs": {"total_cost": 1582.837728032226, "time_cost": 150, "final_distance_cost": 39.2691094885666, "oscillation_cost": 244.60805516678525, "completition_cost": 1000.0, "overshoot_cost": 79.51097605874689, "power_cost": 40.554896813964845, "noise_cost": 28.894690504162565, "n_waypoints_completed": 0, "tot_waypoints": 9}}
{"target": -7703.8912962386175, "params": {"k_pid_pos": [1873.02099842505, 4806.534012893936, 1662.8897306103074], "k_pid_alt": [4711.969813445792, 8032.6387305450835, 9687.174928234064], "k_pid_att": [8420.11389052252, 2293.1250731844975, 4965.71304725451], "k_pid_yaw": [0.5, 1e-06, 0.1], "k_pid_hsp": [916.5513360257161, 3320.4376221814136, 3513.492461811445], "k_pid_vsp": [5687.6642828065915, 1502.7853875496667, 1751.0968618400957]}, "datetime": {"datetime": "2025-08-09 07:53:08", "elapsed": 54219.69545841217, "delta": 34.40287661552429}, "costs": {"total_cost": 7703.8912962386175, "time_cost": 150, "final_distance_cost": 1299.5239588481872, "oscillation_cost": 539.9995857946035, "completition_cost": 1000.0, "overshoot_cost": 4553.7157741053925, "power_cost": 55.33597145996094, "noise_cost": 105.31600603047335, "n_waypoints_completed": 0, "tot_waypoints": 9}}
{"target": -2151.7950929281587, "params": {"k_pid_pos": [0.0, 8760.551731507858, 4879.398820885577], "k_pid_alt": [10000.0, 3865.21283206367, 4555.737007388023], "k_pid_att": [7518.5471308781725, 7347.0730710263815, 0.0], "k_pid_yaw": [0.5, 1e-06, 0.1], "k_pid_hsp": [3306.8536898356274, 7492.628709297467, 6143.305048403018], "k_pid_vsp": [3728.4996141117736, 3428.5208915274898, 637.0875312678238]}, "datetime": {"datetime": "2025-08-09 07:53:59", "elapsed": 54271.27768301964, "delta": 51.58222460746765}, "costs": {"total_cost": 2151.7950929281587, "time_cost": 150, "final_distance_cost": 94.50905514257587, "oscillation_cost": 717.7639622614947, "completition_cost": 888.8888888888888, "overshoot_cost": 235.867092949512, "power_cost": 36.81894591064453, "noise_cost": 27.947147775042517, "n_waypoints_completed": 1, "tot_waypoints": 9}}
{"target": -1241.887922647435, "params": {"k_pid_pos": [10000.0, 0.0, 5830.7932568334845], "k_pid_alt": [5510.409680297684, 904.1575397904236, 9255.423527655861], "k_pid_att": [10000.0, 7918.773793983641, 0.0], "k_pid_yaw": [0.5, 1e-06, 0.1], "k_pid_hsp": [5400.451867896431, 9190.405185925454, 6701.202036559697], "k_pid_vsp": [4751.814148029584, 7642.9761371397, 3381.074639798494]}, "datetime": {"datetime": "2025-08-09 07:54:52", "elapsed": 54323.66601586342, "delta": 52.38833284378052}, "costs": {"total_cost": 1241.887922647435, "time_cost": 150, "final_distance_cost": 48.76977716158914, "oscillation_cost": 434.3717789666348, "completition_cost": 444.4444444444444, "overshoot_cost": 96.81701387224881, "power_cost": 39.21568997802735, "noise_cost": 28.26921822449081, "n_waypoints_completed": 5, "tot_waypoints": 9}}
{"target": -1393.828119607055, "params": {"k_pid_pos": [3916.915346226181, 10000.0, 2136.2575240016645], "k_pid_alt": [0.0, 8179.309435003696, 0.0], "k_pid_att": [3173.3075630515777, 3213.426053228842, 0.0], "k_pid_yaw": [0.5, 1e-06, 0.1], "k_pid_hsp": [10000.0, 10000.0, 4227.729093131337], "k_pid_vsp": [3594.216600544858, 8363.975152739153, 5910.385459108179]}, "datetime": {"datetime": "2025-08-09 07:55:42", "elapsed": 54374.3113090992, "delta": 50.64529323577881}, "costs": {"total_cost": 1393.828119607055, "time_cost": 150, "final_distance_cost": 72.99691390125507, "oscillation_cost": 233.95904399831426, "completition_cost": 777.7777777777778, "overshoot_cost": 89.82250101495312, "power_cost": 40.49714949951172, "noise_cost": 28.774733415243045, "n_waypoints_completed": 2, "tot_waypoints": 9}}
{"target": -5558.19698831729, "params": {"k_pid_pos": [4547.592170202288, 1240.8471039943313, 5789.281763766931], "k_pid_alt": [1951.5820628673641, 251.1717791871404, 3514.6491982958205], "k_pid_att": [5572.290080716058, 3363.9923120172675, 9042.04655780124], "k_pid_yaw": [0.5, 1e-06, 0.1], "k_pid_hsp": [970.7488333218184, 4236.8245181031025, 5498.239914232678], "k_pid_vsp": [9019.263907519855, 8519.002062833024, 9210.620955218648]}, "datetime": {"datetime": "2025-08-09 07:56:16", "elapsed": 54408.26354908943, "delta": 33.952239990234375}, "costs": {"total_cost": 5558.19698831729, "time_cost": 150, "final_distance_cost": 1380.116079615697, "oscillation_cost": 392.42270185382336, "completition_cost": 1000.0, "overshoot_cost": 2515.718427106609, "power_cost": 49.53795544433594, "noise_cost": 70.40182429682369, "n_waypoints_completed": 0, "tot_waypoints": 9}}
{"target": -7388.300601326551, "params": {"k_pid_pos": [3936.778727312091, 1451.7302964728274, 8873.378532549921], "k_pid_alt": [5406.215645467897, 2046.0630959275727, 3058.7096683413515], "k_pid_att": [3959.6645134267214, 5107.473170772609, 4768.765551027566], "k_pid_yaw": [0.5, 1e-06, 0.1], "k_pid_hsp": [1236.749843055216, 615.4406974651838, 1308.5329846991845], "k_pid_vsp": [7002.465626970004, 446.7881372126492, 7461.688890891372]}, "datetime": {"datetime": "2025-08-09 07:56:50", "elapsed": 54441.893555402756, "delta": 33.630006313323975}, "costs": {"total_cost": 7388.300601326551, "time_cost": 150, "final_distance_cost": 1818.908447230369, "oscillation_cost": 1021.6831487287274, "completition_cost": 1000.0, "overshoot_cost": 3245.9734152461806, "power_cost": 52.16238254394531, "noise_cost": 99.57320757732847, "n_waypoints_completed": 0, "tot_waypoints": 9}}
{"target": -1280.4819502144076, "params": {"k_pid_pos": [9885.812422310912, 8174.318697912564, 1160.5896792450399], "k_pid_alt": [7716.709028653769, 3135.324418436374, 9718.676366800035], "k_pid_att": [8671.251292542473, 8069.254024822207, 86.93723729327974], "k_pid_yaw": [0.5, 1e-06, 0.1], "k_pid_hsp": [7955.511419205478, 8613.033175622979, 6364.610379537762], "k_pid_vsp": [7394.442008913525, 4282.821064746046, 877.0124248230337]}, "datetime": {"datetime": "2025-08-09 07:57:24", "elapsed": 54476.035135269165, "delta": 34.1415798664093}, "costs": {"total_cost": 1280.4819502144076, "time_cost": 150, "final_distance_cost": 51.622721790006516, "oscillation_cost": 256.6202166606636, "completition_cost": 666.6666666666667, "overshoot_cost": 85.50840106149793, "power_cost": 40.32277008056641, "noise_cost": 29.741173955006243, "n_waypoints_completed": 3, "tot_waypoints": 9}}
{"target": -2039.8845496048511, "params": {"k_pid_pos": [5382.214682184393, 0.0, 5000.67286234407], "k_pid_alt": [4819.172019735761, 2925.9516435144255, 0.0], "k_pid_att": [7109.223690084378, 9254.34931507331, 0.0], "k_pid_yaw": [0.5, 1e-06, 0.1], "k_pid_hsp": [3354.3886304092334, 5225.338086331097, 5006.790353372729], "k_pid_vsp": [6582.663774034115, 8391.769300020316, 1557.7541519204888]}, "datetime": {"datetime": "2025-08-09 07:58:15", "elapsed": 54526.57192444801, "delta": 50.53678917884827}, "costs": {"total_cost": 2039.8845496048511, "time_cost": 150, "final_distance_cost": 57.635970106438826, "oscillation_cost": 792.988817817411, "completition_cost": 888.8888888888888, "overshoot_cost": 85.89790584971094, "power_cost": 36.51421304931641, "noise_cost": 27.958753893085216, "n_waypoints_completed": 1, "tot_waypoints": 9}}
