{"target": -6578.180307268756, "params": {"k_pid_pos": [2596.8906323881024, 5667.888446543487, 6922.87135567588], "k_pid_alt": [5155.632769080494, 6807.156911716078, 8007.101807774123], "k_pid_att": [5069.200197729726, 7555.1537504766975, 6415.973542123135], "k_pid_yaw": [0.5, 1e-06, 0.1], "k_pid_hsp": [6462.088397126498, 5268.107591112908, 7348.848940333994], "k_pid_vsp": [7294.577464885516, 5187.2866060624465, 8742.063005804517]}, "datetime": {"datetime": "2025-08-09 07:58:49", "elapsed": 54561.047311306, "delta": 34.47538685798645}, "costs": {"total_cost": 6578.180307268756, "time_cost": 150, "final_distance_cost": 1448.1755829803458, "oscillation_cost": 1018.1073739267247, "completition_cost": 1000.0, "overshoot_cost": 2791.2481818915167, "power_cost": 55.382279528808596, "noise_cost": 115.2668889413603, "n_waypoints_completed": 0, "tot_waypoints": 9}}
{"target": -4565.7216316559, "params": {"k_pid_pos": [2482.1288475985316, 2354.1647430834923, 8229.007574732386], "k_pid_alt": [6931.831400939733, 7281.5702824620585, 4751.787481217202], "k_pid_att": [8987.844400383847, 7776.391503382835, 4787.503576466977], "k_pid_yaw": [0.5, 1e-06, 0.1], "k_pid_hsp": [8940.110017511368, 3322.2889497001515, 4816.356491961193], "k_pid_vsp": [7783.35560190298, 1755.2683215428522, 8667.911702118643]}, "datetime": {"datetime": "2025-08-09 07:59:23", "elapsed": 54594.69274353981, "delta": 33.645432233810425}, "costs": {"total_cost": 4565.7216316559, "time_cost": 150, "final_distance_cost": 777.1959812225955, "oscillation_cost": 331.17454100685154, "completition_cost": 1000.0, "overshoot_cost": 2182.80983923535, "power_cost": 46.74204197998047, "noise_cost": 77.79922821112261, "n_waypoints_completed": 0, "tot_waypoints": 9}}
{"target": -5350.431033458666, "params": {"k_pid_pos": [6562.320765535748, 3428.077422927196, 7545.897430832589], "k_pid_alt": [4932.34930437863, 6543.227907182207, 66.08449526326665], "k_pid_att": [4084.58955408733, 6179.13517283145, 2922.90126251194], "k_pid_yaw": [0.5, 1e-06, 0.1], "k_pid_hsp": [705.8944633559361, 8873.724504006195, 2216.5204039761356], "k_pid_vsp": [3885.9817532727516, 4345.977395396857, 7544.688266210656]}, "datetime": {"datetime": "2025-08-09 07:59:57", "elapsed": 54628.7924144268, "delta": 34.09967088699341}, "costs": {"total_cost": 5350.431033458666, "time_cost": 150, "final_distance_cost": 840.6469323558026, "oscillation_cost": 560.5994893964818, "completition_cost": 1000.0, "overshoot_cost": 2625.913454409782, "power_cost": 55.904924511718754, "noise_cost": 117.36623278488126, "n_waypoints_completed": 0, "tot_waypoints": 9}}
{"target": -1429.1094496686246, "params": {"k_pid_pos": [1483.8639017021783, 5453.57425815049, 5371.559847959526], "k_pid_alt": [1406.253208915802, 8603.830069722095, 1915.6695098158928], "k_pid_att": [6686.604619804593, 9196.139273451607, 216.9580278257588], "k_pid_yaw": [0.5, 1e-06, 0.1], "k_pid_hsp": [9614.129850093272, 4767.721703460845, 1944.195271855962], "k_pid_vsp": [3922.296827111614, 6514.246584697996, 8901.602734052973]}, "datetime": {"datetime": "2025-08-09 08:00:31", "elapsed": 54662.581357717514, "delta": 33.78894329071045}, "costs": {"total_cost": 1429.1094496686246, "time_cost": 150, "final_distance_cost": 72.67101278949711, "oscillation_cost": 172.27915619955473, "completition_cost": 888.8888888888888, "overshoot_cost": 77.51752216142273, "power_cost": 39.0578376953125, "noise_cost": 28.695031933948865, "n_waypoints_completed": 1, "tot_waypoints": 9}}
{"target": -6571.249362858464, "params": {"k_pid_pos": [4273.844531210068, 3338.0624473060616, 4179.781391111478], "k_pid_alt": [7259.5852332481845, 2764.6220172083304, 8938.144823807901], "k_pid_att": [3277.5170414952313, 4835.1515521510855, 6110.382728321288], "k_pid_yaw": [0.5, 1e-06, 0.1], "k_pid_hsp": [7833.291486790575, 413.12070328626714, 9578.031468543066], "k_pid_vsp": [7465.973191029718, 6993.000438946724, 785.876203818231]}, "datetime": {"datetime": "2025-08-09 08:01:05", "elapsed": 54696.960287094116, "delta": 34.37892937660217}, "costs": {"total_cost": 6571.249362858464, "time_cost": 150, "final_distance_cost": 696.9479171048927, "oscillation_cost": 1001.0588829639803, "completition_cost": 1000.0, "overshoot_cost": 3521.656961212963, "power_cost": 58.64825753173828, "noise_cost": 142.93734404488976, "n_waypoints_completed": 0, "tot_waypoints": 9}}
{"target": -1411.3933464356744, "params": {"k_pid_pos": [5673.353169610087, 10000.0, 9397.844322689078], "k_pid_alt": [874.796867569285, 0.0, 10000.0], "k_pid_att": [4629.566897746055, 0.0, 0.0], "k_pid_yaw": [0.5, 1e-06, 0.1], "k_pid_hsp": [9223.455950543012, 1469.5719555573744, 4242.910377020313], "k_pid_vsp": [6289.857434204312, 10000.0, 9337.643839561666]}, "datetime": {"datetime": "2025-08-09 08:01:55", "elapsed": 54746.52801537514, "delta": 49.56772828102112}, "costs": {"total_cost": 1411.3933464356744, "time_cost": 150, "final_distance_cost": 56.26362947764011, "oscillation_cost": 389.10907486712273, "completition_cost": 666.6666666666667, "overshoot_cost": 81.07568373457696, "power_cost": 39.628643237304686, "noise_cost": 28.649648452363284, "n_waypoints_completed": 3, "tot_waypoints": 9}}
{"target": -3401.9545445567533, "params": {"k_pid_pos": [2968.0260510340363, 1715.8966769114513, 5891.936822239469], "k_pid_alt": [391.94539474572076, 3967.176916931285, 837.4946795361293], "k_pid_att": [9936.597282927847, 3761.818528498302, 4970.214372711486], "k_pid_yaw": [0.5, 1e-06, 0.1], "k_pid_hsp": [5115.258298585985, 389.4256349610736, 6456.833786482238], "k_pid_vsp": [117.4431224771677, 7603.773203308167, 5182.210557021417]}, "datetime": {"datetime": "2025-08-09 08:02:29", "elapsed": 54780.91662788391, "delta": 34.388612508773804}, "costs": {"total_cost": 3401.9545445567533, "time_cost": 150, "final_distance_cost": 477.6632541820318, "oscillation_cost": 160.56183782796288, "completition_cost": 1000.0, "overshoot_cost": 1531.5711058471175, "power_cost": 40.28809869384766, "noise_cost": 41.87024800579368, "n_waypoints_completed": 0, "tot_waypoints": 9}}
{"target": -2310.034187850037, "params": {"k_pid_pos": [6887.876968887961, 10000.0, 3643.4166039140787], "k_pid_alt": [9749.522653186548, 4654.16813875417, 0.0], "k_pid_att": [7493.25344272833, 6292.690460072554, 0.0], "k_pid_yaw": [0.5, 1e-06, 0.1], "k_pid_hsp": [6712.3570592838705, 4254.412171814841, 10000.0], "k_pid_vsp": [7647.355966881868, 590.7920845722098, 0.0]}, "datetime": {"datetime": "2025-08-09 08:03:22", "elapsed": 54834.43468499184, "delta": 53.518057107925415}, "costs": {"total_cost": 2310.034187850037, "time_cost": 150, "final_distance_cost": 67.84938769355419, "oscillation_cost": 886.8892956601329, "completition_cost": 1000.0, "overshoot_cost": 141.82813527453462, "power_cost": 35.621694262695314, "noise_cost": 27.84567495912026, "n_waypoints_completed": 0, "tot_waypoints": 9}}
{"target": -1528.814778213828, "params": {"k_pid_pos": [4230.645391097259, 10000.0, 642.9412263970825], "k_pid_alt": [0.0, 3234.2831080224073, 10000.0], "k_pid_att": [7661.200334796784, 1462.3138129066563, 0.0], "k_pid_yaw": [0.5, 1e-06, 0.1], "k_pid_hsp": [2699.7210580072096, 10000.0, 3772.4171745595427], "k_pid_vsp": [5017.761074617663, 5872.751296672233, 2757.090364648375]}, "datetime": {"datetime": "2025-08-09 08:04:13", "elapsed": 54885.11591267586, "delta": 50.681227684020996}, "costs": {"total_cost": 1528.814778213828, "time_cost": 150, "final_distance_cost": 68.47646032948853, "oscillation_cost": 253.41378231615482, "completition_cost": 888.8888888888888, "overshoot_cost": 98.74958574172794, "power_cost": 40.62255911865235, "noise_cost": 28.66350181891552, "n_waypoints_completed": 1, "tot_waypoints": 9}}
{"target": -535.8874820489634, "params": {"k_pid_pos": [10000.0, 3878.7765222473668, 3377.290171950002], "k_pid_alt": [5773.220870427748, 0.0, 8205.907152847976], "k_pid_att": [10000.0, 4969.973974385382, 0.0], "k_pid_yaw": [0.5, 1e-06, 0.1], "k_pid_hsp": [10000.0, 10000.0, 4956.410609835482], "k_pid_vsp": [6145.786476138212, 5156.544179443081, 0.0]}, "datetime": {"datetime": "2025-08-09 08:05:03", "elapsed": 54934.691301345825, "delta": 49.57538866996765}, "costs": {"total_cost": 535.8874820489634, "time_cost": 116.382, "final_distance_cost": 1.7420891406566945, "oscillation_cost": 260.11286517482336, "completition_cost": 0.0, "overshoot_cost": 87.75439226308114, "power_cost": 39.69140412597656, "noise_cost": 30.204731344425653, "n_waypoints_completed": 9, "tot_waypoints": 9}}
{"target": -5915.292688837924, "params": {"k_pid_pos": [6579.9972541305515, 4186.308188484819, 5428.049809147032], "k_pid_alt": [4656.218337996732, 2395.5574170383807, 3613.9183715534564], "k_pid_att": [6708.026736592358, 5921.038333575692, 5302.374527902699], "k_pid_yaw": [0.5, 1e-06, 0.1], "k_pid_hsp": [1023.5407177970258, 4357.659914760702, 7312.7725091649], "k_pid_vsp": [6842.007083477644, 3547.3879145755936, 2017.5171318720431]}, "datetime": {"datetime": "2025-08-09 08:05:37", "elapsed": 54968.71595597267, "delta": 34.02465462684631}, "costs": {"total_cost": 5915.292688837924, "time_cost": 150, "final_distance_cost": 1099.849971703333, "oscillation_cost": 710.2273608251478, "completition_cost": 1000.0, "overshoot_cost": 2758.7592692637713, "power_cost": 58.588375402832035, "noise_cost": 137.86771164283965, "n_waypoints_completed": 0, "tot_waypoints": 9}}
{"target": -37867.36309235657, "params": {"k_pid_pos": [7848.378228554798, 342.49828679337344, 1620.3866578418701], "k_pid_alt": [2372.044714731176, 642.3489089104917, 4854.67829074253], "k_pid_att": [7000.446033318345, 1610.7467581871283, 4364.395670214935], "k_pid_yaw": [0.5, 1e-06, 0.1], "k_pid_hsp": [4419.618153842105, 3599.7856528440475, 4517.600087033902], "k_pid_vsp": [2078.832249524437, 5526.66117775395, 2678.135925854823]}, "datetime": {"datetime": "2025-08-09 08:06:12", "elapsed": 55004.461042165756, "delta": 35.74508619308472}, "costs": {"total_cost": 37867.36309235657, "time_cost": 150, "final_distance_cost": 9828.432484199033, "oscillation_cost": 666.8003410510818, "completition_cost": 1000.0, "overshoot_cost": 26028.622286567646, "power_cost": 58.66040611572266, "noise_cost": 134.8475744230935, "n_waypoints_completed": 0, "tot_waypoints": 9}}
{"target": -1538.0170810913266, "params": {"k_pid_pos": [5557.331611859379, 0.0, 3226.457324376346], "k_pid_alt": [5316.997513746655, 2301.475295404225, 10000.0], "k_pid_att": [5308.215056705404, 3464.5170231315233, 0.0], "k_pid_yaw": [0.5, 1e-06, 0.1], "k_pid_hsp": [7614.669444041373, 3269.2053278681756, 2366.5067735324196], "k_pid_vsp": [0.0, 10000.0, 6590.843415253087]}, "datetime": {"datetime": "2025-08-09 08:07:04", "elapsed": 55056.37025928497, "delta": 51.90921711921692}, "costs": {"total_cost": 1538.0170810913266, "time_cost": 150, "final_distance_cost": 83.09041290035367, "oscillation_cost": 472.0589357365183, "completition_cost": 666.6666666666667, "overshoot_cost": 97.37715829317044, "power_cost": 38.69004405517578, "noise_cost": 30.133863439441633, "n_waypoints_completed": 3, "tot_waypoints": 9}}
{"target": -5063.042983849859, "params": {"k_pid_pos": [2447.5287372792163, 2641.7423278501524, 6845.220737341279], "k_pid_alt": [1763.6498166178296, 1529.4365942528445, 0.0], "k_pid_att": [10000.0, 6548.7854991422455, 2784.2713123902377], "k_pid_yaw": [0.5, 1e-06, 0.1], "k_pid_hsp": [8252.598032011942, 0.0, 6358.240619491325], "k_pid_vsp": [0.0, 9479.617127360982, 10000.0]}, "datetime": {"datetime": "2025-08-09 08:07:56", "elapsed": 55108.08525800705, "delta": 51.714998722076416}, "costs": {"total_cost": 5063.042983849859, "time_cost": 150, "final_distance_cost": 1146.5418110843823, "oscillation_cost": 67.64312382849297, "completition_cost": 1000.0, "overshoot_cost": 2635.3032561712585, "power_cost": 35.61260926513672, "noise_cost": 27.94218350058914, "n_waypoints_completed": 0, "tot_waypoints": 9}}
{"target": -1267.419523269175, "params": {"k_pid_pos": [1379.8751293567032, 3639.700687504501, 606.4463018845682], "k_pid_alt": [10000.0, 0.0, 5317.694599224699], "k_pid_att": [6960.8255991082, 2864.862142085892, 0.0], "k_pid_yaw": [0.5, 1e-06, 0.1], "k_pid_hsp": [8026.637299772756, 10000.0, 2420.490630707601], "k_pid_vsp": [931.8840225203933, 6145.81797230947, 8606.855877150096]}, "datetime": {"datetime": "2025-08-09 08:08:50", "elapsed": 55162.4460144043, "delta": 54.360756397247314}, "costs": {"total_cost": 1267.419523269175, "time_cost": 150, "final_distance_cost": 63.142392921984076, "oscillation_cost": 210.06998958866149, "completition_cost": 666.6666666666667, "overshoot_cost": 105.64009033685294, "power_cost": 41.9708759765625, "noise_cost": 29.929507778447572, "n_waypoints_completed": 3, "tot_waypoints": 9}}
{"target": -1079.2676578881144, "params": {"k_pid_pos": [6315.253277751925, 5113.63076506819, 2986.2819506283054], "k_pid_alt": [901.5377686841429, 0.0, 6639.823147745191], "k_pid_att": [4019.729855458698, 0.0, 0.0], "k_pid_yaw": [0.5, 1e-06, 0.1], "k_pid_hsp": [10000.0, 3583.7750003207966, 3637.883184245208], "k_pid_vsp": [0.0, 10000.0, 8533.815439932121]}, "datetime": {"datetime": "2025-08-09 08:09:40", "elapsed": 55212.27177667618, "delta": 49.8257622718811}, "costs": {"total_cost": 1079.2676578881144, "time_cost": 150, "final_distance_cost": 35.07814919608414, "oscillation_cost": 292.1956951562493, "completition_cost": 444.4444444444444, "overshoot_cost": 87.38103433265911, "power_cost": 40.89762979736329, "noise_cost": 29.270704961314195, "n_waypoints_completed": 5, "tot_waypoints": 9}}
{"target": -20422.52781027544, "params": {"k_pid_pos": [2168.701514663086, 5701.564838850051, 4823.403476250308], "k_pid_alt": [7013.640545746585, 9502.511334344319, 3320.7937897334896], "k_pid_att": [1705.8828831618512, 7591.845268700993, 9827.487027376863], "k_pid_yaw": [0.5, 1e-06, 0.1], "k_pid_hsp": [9406.935186722136, 9948.223994399545, 7780.102098648533], "k_pid_vsp": [4108.963288827332, 581.4846144142572, 1080.0503328831712]}, "datetime": {"datetime": "2025-08-09 08:10:15", "elapsed": 55246.99371099472, "delta": 34.72193431854248}, "costs": {"total_cost": 20422.52781027544, "time_cost": 150, "final_distance_cost": 4986.309402111792, "oscillation_cost": 1616.5259275389155, "completition_cost": 1000.0, "overshoot_cost": 12468.613967646834, "power_cost": 58.65587575683594, "noise_cost": 142.42263722106176, "n_waypoints_completed": 0, "tot_waypoints": 9}}
{"target": -1563.462111571018, "params": {"k_pid_pos": [10000.0, 5833.595549130312, 0.0], "k_pid_alt": [0.0, 1411.3174937704825, 130.18535727551284], "k_pid_att": [3927.078215762093, 4690.034179400385, 0.0], "k_pid_yaw": [0.5, 1e-06, 0.1], "k_pid_hsp": [7321.612593159435, 10000.0, 6495.678166582538], "k_pid_vsp": [6257.127036301175, 10000.0, 3208.609611259302]}, "datetime": {"datetime": "2025-08-09 08:11:06", "elapsed": 55298.09386610985, "delta": 51.10015511512756}, "costs": {"total_cost": 1563.462111571018, "time_cost": 150, "final_distance_cost": 56.739436323949626, "oscillation_cost": 308.16923060232585, "completition_cost": 888.8888888888888, "overshoot_cost": 90.24614779122321, "power_cost": 40.72827215576172, "noise_cost": 28.6901358088689, "n_waypoints_completed": 1, "tot_waypoints": 9}}
{"target": -2221.158071438491, "params": {"k_pid_pos": [4996.175732655027, 5415.633049757513, 588.6104584871448], "k_pid_alt": [4135.967339191723, 8227.008693448046, 4388.725429928232], "k_pid_att": [6302.448686461018, 7238.616089574577, 0.0], "k_pid_yaw": [0.5, 1e-06, 0.1], "k_pid_hsp": [8957.761785775707, 0.0, 9966.730028578268], "k_pid_vsp": [10000.0, 3815.5250296230765, 0.0]}, "datetime": {"datetime": "2025-08-09 08:11:54", "elapsed": 55346.43576645851, "delta": 48.34190034866333}, "costs": {"total_cost": 2221.158071438491, "time_cost": 150, "final_distance_cost": 41.73157343940135, "oscillation_cost": 839.6193706226802, "completition_cost": 1000.0, "overshoot_cost": 125.76845597093799, "power_cost": 36.11654146728516, "noise_cost": 27.92212993818643, "n_waypoints_completed": 0, "tot_waypoints": 9}}
{"target": -7553.717689407354, "params": {"k_pid_pos": [9106.57843508398, 7333.946375403795, 5218.27675749931], "k_pid_alt": [1102.4726536542362, 7514.701037811772, 1453.7242336717616], "k_pid_att": [625.9186838907071, 3451.0411440003586, 5992.560384577615], "k_pid_yaw": [0.5, 1e-06, 0.1], "k_pid_hsp": [1113.433508306072, 7314.939701119748, 1962.972562622326], "k_pid_vsp": [7888.99724242999, 1309.1241903792227, 9864.703520516545]}, "datetime": {"datetime": "2025-08-09 08:12:31", "elapsed": 55382.7049601078, "delta": 36.26919364929199}, "costs": {"total_cost": 7553.717689407354, "time_cost": 150, "final_distance_cost": 1671.4487450699874, "oscillation_cost": 875.1720105630549, "completition_cost": 1000.0, "overshoot_cost": 3682.9979918896943, "power_cost": 55.127610485839845, "noise_cost": 118.97133139877742, "n_waypoints_completed": 0, "tot_waypoints": 9}}
{"target": -610.0289754304868, "params": {"k_pid_pos": [2508.0585813742528, 10000.0, 10000.0], "k_pid_alt": [2574.2117838619574, 0.0, 4272.087207991526], "k_pid_att": [4697.545236984573, 0.0, 0.0], "k_pid_yaw": [0.5, 1e-06, 0.1], "k_pid_hsp": [2619.1883929205437, 6386.624986591672, 1789.209578470628], "k_pid_vsp": [7197.0062500778395, 0.0, 43.08599914794029]}, "datetime": {"datetime": "2025-08-09 08:13:21", "elapsed": 55433.01396393776, "delta": 50.309003829956055}, "costs": {"total_cost": 610.0289754304868, "time_cost": 119.82600000000001, "final_distance_cost": 1.7784929780569916, "oscillation_cost": 326.5924094759638, "completition_cost": 0.0, "overshoot_cost": 92.65945769888873, "power_cost": 39.75511131591797, "noise_cost": 29.417503961659374, "n_waypoints_completed": 9, "tot_waypoints": 9}}
{"target": -3329.4625047013565, "params": {"k_pid_pos": [5704.668281336871, 3224.4772726014426, 7798.048658807397], "k_pid_alt": [5800.3967826574635, 170.7805036952903, 5577.694618638044], "k_pid_att": [5173.128331618763, 5473.7856355421845, 6686.127492887186], "k_pid_yaw": [0.5, 1e-06, 0.1], "k_pid_hsp": [9327.545349587333, 6250.499579278148, 6210.236715307859], "k_pid_vsp": [2028.4523374512953, 7396.561231201251, 1416.3336639604463]}, "datetime": {"datetime": "2025-08-09 08:13:55", "elapsed": 55467.46597599983, "delta": 34.452012062072754}, "costs": {"total_cost": 3329.4625047013565, "time_cost": 150, "final_distance_cost": 365.976427840471, "oscillation_cost": 888.7765617898075, "completition_cost": 1000.0, "overshoot_cost": 725.8571020339936, "power_cost": 58.549504504394534, "noise_cost": 140.30290853268997, "n_waypoints_completed": 0, "tot_waypoints": 9}}
{"target": -5401.7716232878265, "params": {"k_pid_pos": [2766.426385920142, 5275.701458689212, 6171.386493214935], "k_pid_alt": [801.6737814237706, 5988.126547868882, 4461.870700493156], "k_pid_att": [5082.630027183977, 8200.734247734617, 8381.682084895565], "k_pid_yaw": [0.5, 1e-06, 0.1], "k_pid_hsp": [8434.509203662326, 281.4127113962739, 4292.232431513273], "k_pid_vsp": [2947.092101988168, 2320.4724035312506, 7360.110698208638]}, "datetime": {"datetime": "2025-08-09 08:14:31", "elapsed": 55502.774483919144, "delta": 35.30850791931152}, "costs": {"total_cost": 5401.7716232878265, "time_cost": 150, "final_distance_cost": 1077.2709959858532, "oscillation_cost": 841.6616465074417, "completition_cost": 1000.0, "overshoot_cost": 2179.5947774409956, "power_cost": 52.976103442382815, "noise_cost": 100.26809991115293, "n_waypoints_completed": 0, "tot_waypoints": 9}}
{"target": -4393.551172405174, "params": {"k_pid_pos": [933.9181851444822, 6435.319718728489, 2529.9658753142794], "k_pid_alt": [9478.84714240354, 3262.87023185843, 4182.108250677508], "k_pid_att": [5744.87065216091, 1180.4702816039703, 9801.3955386216], "k_pid_yaw": [0.5, 1e-06, 0.1], "k_pid_hsp": [3339.6946452327456, 6591.510899383853, 9275.133321834383], "k_pid_vsp": [2591.2120806727235, 5732.993476323646, 305.795171722647]}, "datetime": {"datetime": "2025-08-09 08:15:10", "elapsed": 55541.80772733688, "delta": 39.03324341773987}, "costs": {"total_cost": 4393.551172405174, "time_cost": 150, "final_distance_cost": 642.4504766585259, "oscillation_cost": 796.1983228939465, "completition_cost": 1000.0, "overshoot_cost": 1622.9085968398358, "power_cost": 58.55283464355469, "noise_cost": 123.44094136931126, "n_waypoints_completed": 0, "tot_waypoints": 9}}
{"target": -1060.8258463841398, "params": {"k_pid_pos": [7802.055870893646, 1641.6567092706543, 6839.804766638804], "k_pid_alt": [5761.616919131511, 0.0, 0.0], "k_pid_att": [7015.195522056281, 6579.4298414265, 0.0], "k_pid_yaw": [0.5, 1e-06, 0.1], "k_pid_hsp": [1794.3910719512892, 10000.0, 3195.20866418051], "k_pid_vsp": [5137.450452109827, 3375.007812287241, 6213.856403075835]}, "datetime": {"datetime": "2025-08-09 08:15:58", "elapsed": 55589.62536358833, "delta": 47.817636251449585}, "costs": {"total_cost": 1060.8258463841398, "time_cost": 150, "final_distance_cost": 37.69610003621201, "oscillation_cost": 288.4252779894041, "completition_cost": 444.4444444444444, "overshoot_cost": 72.25958378991736, "power_cost": 39.568808227539066, "noise_cost": 28.431631896622896, "n_waypoints_completed": 5, "tot_waypoints": 9}}
{"target": -912.7632112860375, "params": {"k_pid_pos": [6521.040428648037, 2242.716994808669, 0.0], "k_pid_alt": [3592.33942771196, 0.0, 0.0], "k_pid_att": [6250.710210951341, 2403.4209048934076, 0.0], "k_pid_yaw": [0.5, 1e-06, 0.1], "k_pid_hsp": [5032.312150783827, 10000.0, 0.0], "k_pid_vsp": [7532.567774700544, 0.0, 9700.80931600532]}, "datetime": {"datetime": "2025-08-09 08:16:50", "elapsed": 55642.32397651672, "delta": 52.6986129283905}, "costs": {"total_cost": 912.7632112860375, "time_cost": 150, "final_distance_cost": 75.23388983616297, "oscillation_cost": 208.8187464919313, "completition_cost": 333.33333333333337, "overshoot_cost": 71.91143873517142, "power_cost": 44.09581668701172, "noise_cost": 29.369986202426784, "n_waypoints_completed": 6, "tot_waypoints": 9}}
