{"target": -4068.321003662746, "params": {"k_pid_pos": [9104.423000607838, 6779.484053860667, 9597.467773305663], "k_pid_alt": [7256.551864914238, 9760.636168228575, 6725.144123060266], "k_pid_att": [8011.8822303418965, 1833.985228978108, 715.5354770624656], "k_pid_yaw": [0.5, 1e-06, 0.1], "k_pid_hsp": [285.06361312263584, 7460.192627484822, 7822.0064190124585], "k_pid_vsp": [6974.460488674683, 7972.9844255694725, 7050.686232461567]}, "datetime": {"datetime": "2025-08-08 22:36:48", "elapsed": 20840.08033323288, "delta": 30.919466972351074}, "costs": {"total_cost": 4068.321003662746, "time_cost": 150, "final_distance_cost": 828.5615984444315, "oscillation_cost": 194.8933080762262, "completition_cost": 1000.0, "overshoot_cost": 1831.9240625996879, "power_cost": 35.22712364501953, "noise_cost": 27.714910897380875, "n_waypoints_completed": 0, "tot_waypoints": 9}}
{"target": -12358.517479910313, "params": {"k_pid_pos": [5703.680180387209, 3892.787712855743, 2454.4130288695387], "k_pid_alt": [5064.50311603915, 1224.2397611576882, 6105.793538169137], "k_pid_att": [7608.642886913081, 330.96760476449714, 4788.62857710923], "k_pid_yaw": [0.5, 1e-06, 0.1], "k_pid_hsp": [8377.31057083373, 7220.731035237624, 9603.360678869321], "k_pid_vsp": [790.527336358301, 3280.561323657377, 2490.63734014243]}, "datetime": {"datetime": "2025-08-08 22:37:19", "elapsed": 20871.21471977234, "delta": 31.13438653945923}, "costs": {"total_cost": 12358.517479910313, "time_cost": 150, "final_distance_cost": 3386.401630303146, "oscillation_cost": 23.573077808009156, "completition_cost": 1000.0, "overshoot_cost": 7735.342949278437, "power_cost": 35.39351364746094, "noise_cost": 27.806308873262232, "n_waypoints_completed": 0, "tot_waypoints": 9}}
{"target": -5248.540843586924, "params": {"k_pid_pos": [7287.552295587843, 2460.0908366253116, 6646.706584290521], "k_pid_alt": [5668.275251617403, 7157.701237755327, 9582.801498143377], "k_pid_att": [9204.714773604523, 8878.839465099707, 2288.986490122765], "k_pid_yaw": [0.5, 1e-06, 0.1], "k_pid_hsp": [2901.4195598413794, 1562.4346333831484, 6291.996373941554], "k_pid_vsp": [805.0767228197797, 8103.5099709904725, 5755.911365436971]}, "datetime": {"datetime": "2025-08-08 22:37:50", "elapsed": 20902.51371693611, "delta": 31.298997163772583}, "costs": {"total_cost": 5248.540843586924, "time_cost": 150, "final_distance_cost": 1233.3268754253927, "oscillation_cost": 100.58597028560543, "completition_cost": 1000.0, "overshoot_cost": 2701.6935975801102, "power_cost": 35.162853417968755, "noise_cost": 27.77154687784728, "n_waypoints_completed": 0, "tot_waypoints": 9}}
{"target": -18890.79716171859, "params": {"k_pid_pos": [1018.2210819874992, 2108.624686556799, 1509.997265646892], "k_pid_alt": [6552.461922153363, 9275.215319933402, 4788.4114457008045], "k_pid_att": [4856.030704176704, 677.7870278989573, 3281.886731826987], "k_pid_yaw": [0.5, 1e-06, 0.1], "k_pid_hsp": [9857.998845838181, 5326.916242311847, 2094.481490705046], "k_pid_vsp": [8686.687355637669, 9201.345657632273, 5795.254717358344]}, "datetime": {"datetime": "2025-08-08 22:38:22", "elapsed": 20933.909010648727, "delta": 31.395293712615967}, "costs": {"total_cost": 18890.79716171859, "time_cost": 150, "final_distance_cost": 5534.19590499149, "oscillation_cost": 812.4345526457299, "completition_cost": 1000.0, "overshoot_cost": 11192.111427590431, "power_cost": 58.656054589843755, "noise_cost": 143.39922190109596, "n_waypoints_completed": 0, "tot_waypoints": 9}}
{"target": -8447.03453140432, "params": {"k_pid_pos": [5825.745789439796, 5800.861610655009, 10000.0], "k_pid_alt": [0.23047764753511044, 7627.449767400615, 3251.029301469394], "k_pid_att": [10000.0, 10000.0, 5583.26794123521], "k_pid_yaw": [0.5, 1e-06, 0.1], "k_pid_hsp": [3338.113389877625, 0.0, 10000.0], "k_pid_vsp": [8336.020890232609, 0.0, 9846.300199044112]}, "datetime": {"datetime": "2025-08-08 22:38:57", "elapsed": 20969.488067150116, "delta": 35.57905650138855}, "costs": {"total_cost": 8447.03453140432, "time_cost": 150, "final_distance_cost": 1614.0135689353256, "oscillation_cost": 483.00890608427636, "completition_cost": 1000.0, "overshoot_cost": 5045.082701852211, "power_cost": 53.33220509033203, "noise_cost": 101.59714944217552, "n_waypoints_completed": 0, "tot_waypoints": 9}}
{"target": -1344.8116847226518, "params": {"k_pid_pos": [0.0, 10000.0, 7313.31006779441], "k_pid_alt": [10000.0, 0.0, 0.0], "k_pid_att": [2236.8492753794058, 2075.645299874303, 0.0], "k_pid_yaw": [0.5, 1e-06, 0.1], "k_pid_hsp": [8000.828063199625, 4109.9596871182675, 3412.2653748899947], "k_pid_vsp": [3415.3462383480164, 0.0, 0.0]}, "datetime": {"datetime": "2025-08-08 22:39:38", "elapsed": 21009.93044447899, "delta": 40.44237732887268}, "costs": {"total_cost": 1344.8116847226518, "time_cost": 150, "final_distance_cost": 70.72952839051753, "oscillation_cost": 290.0780636207719, "completition_cost": 666.6666666666667, "overshoot_cost": 98.96117541910968, "power_cost": 39.79814027099609, "noise_cost": 28.578110354589935, "n_waypoints_completed": 3, "tot_waypoints": 9}}
{"target": -3714.525894662913, "params": {"k_pid_pos": [2637.3744951488743, 487.79978320605875, 4927.610365923299], "k_pid_alt": [5905.676338517845, 3278.0786288205486, 8185.152932045432], "k_pid_att": [4759.7062343133075, 4005.554691323707, 3391.2617388728604], "k_pid_yaw": [0.5, 1e-06, 0.1], "k_pid_hsp": [3785.046747470684, 2338.656095440056, 2471.427538942813], "k_pid_vsp": [3209.6290663086634, 7832.960635663667, 5576.696377208904]}, "datetime": {"datetime": "2025-08-08 22:40:09", "elapsed": 21041.005378246307, "delta": 31.074933767318726}, "costs": {"total_cost": 3714.525894662913, "time_cost": 150, "final_distance_cost": 715.6447001849871, "oscillation_cost": 436.830439422986, "completition_cost": 1000.0, "overshoot_cost": 1276.879485448325, "power_cost": 49.60333463134766, "noise_cost": 85.56793497526787, "n_waypoints_completed": 0, "tot_waypoints": 9}}
{"target": -1518.795821461855, "params": {"k_pid_pos": [8354.006515582269, 8366.2874675936, 1066.305198218629], "k_pid_alt": [1926.8432915782773, 7083.65097870523, 3980.1830361471966], "k_pid_att": [6628.795093864968, 7071.28487175417, 925.758189198539], "k_pid_yaw": [0.5, 1e-06, 0.1], "k_pid_hsp": [9630.370924115954, 9373.977045637714, 1963.9527075464414], "k_pid_vsp": [141.36005019977915, 9765.591181498252, 1642.3496663359294]}, "datetime": {"datetime": "2025-08-08 22:40:40", "elapsed": 21071.823621988297, "delta": 30.818243741989136}, "costs": {"total_cost": 1518.795821461855, "time_cost": 150, "final_distance_cost": 48.8118427869503, "oscillation_cost": 145.35814581409147, "completition_cost": 1000.0, "overshoot_cost": 107.49442348413508, "power_cost": 38.86781552734375, "noise_cost": 28.263593849334434, "n_waypoints_completed": 0, "tot_waypoints": 9}}
{"target": -1716.6753886217414, "params": {"k_pid_pos": [7593.7731119939235, 10000.0, 0.0], "k_pid_alt": [0.0, 0.0, 7166.102633429082], "k_pid_att": [10000.0, 3203.5857846118556, 0.0], "k_pid_yaw": [0.5, 1e-06, 0.1], "k_pid_hsp": [10000.0, 10000.0, 2643.8500696976985], "k_pid_vsp": [1634.3842431034798, 10000.0, 2055.6947842797267]}, "datetime": {"datetime": "2025-08-08 22:41:17", "elapsed": 21108.79047870636, "delta": 36.966856718063354}, "costs": {"total_cost": 1716.6753886217414, "time_cost": 150, "final_distance_cost": 11.86841199060408, "oscillation_cost": 230.93546664978453, "completition_cost": 1000.0, "overshoot_cost": 170.7064881349667, "power_cost": 41.422405139160155, "noise_cost": 111.74261670722578, "n_waypoints_completed": 0, "tot_waypoints": 9}}
{"target": -1560.6063996922483, "params": {"k_pid_pos": [7804.335681254453, 8218.676469437718, 52.56021862552364], "k_pid_alt": [2983.295491823013, 8703.833669539936, 0.0], "k_pid_att": [10000.0, 5828.942361692919, 0.0], "k_pid_yaw": [0.5, 1e-06, 0.1], "k_pid_hsp": [4311.035937873268, 4762.470298591109, 0.0], "k_pid_vsp": [0.0, 6675.303378842742, 4491.618562141309]}, "datetime": {"datetime": "2025-08-08 22:41:52", "elapsed": 21143.869453430176, "delta": 35.07897472381592}, "costs": {"total_cost": 1560.6063996922483, "time_cost": 150, "final_distance_cost": 84.09011769410668, "oscillation_cost": 293.87330172245004, "completition_cost": 888.8888888888888, "overshoot_cost": 71.69079071133105, "power_cost": 42.60126812744141, "noise_cost": 29.462032548030056, "n_waypoints_completed": 1, "tot_waypoints": 9}}
{"target": -1563.2988787847369, "params": {"k_pid_pos": [1593.370796014405, 4886.8446391726575, 1064.8267431742463], "k_pid_alt": [8236.40130942337, 6516.190423825813, 7597.747765770365], "k_pid_att": [6000.149324597808, 8752.657272244927, 811.1262725961166], "k_pid_yaw": [0.5, 1e-06, 0.1], "k_pid_hsp": [3429.969877378425, 2367.202184615509, 112.1025009754939], "k_pid_vsp": [6244.596936691956, 7188.132201321999, 7643.481498600237]}, "datetime": {"datetime": "2025-08-08 22:42:23", "elapsed": 21175.45283150673, "delta": 31.583378076553345}, "costs": {"total_cost": 1563.2988787847369, "time_cost": 150, "final_distance_cost": 65.06139139891195, "oscillation_cost": 181.15385723434764, "completition_cost": 1000.0, "overshoot_cost": 96.21759810246415, "power_cost": 40.29605111083985, "noise_cost": 30.569980938173295, "n_waypoints_completed": 0, "tot_waypoints": 9}}
{"target": -1999.2966859986757, "params": {"k_pid_pos": [6128.729896109766, 6849.823030506323, 160.09740295350406], "k_pid_alt": [7706.930042876525, 8538.058169284706, 8076.0643266517], "k_pid_att": [5977.274037880305, 9752.828863772587, 356.6414427665343], "k_pid_yaw": [0.5, 1e-06, 0.1], "k_pid_hsp": [3758.5844988454487, 9997.620795116003, 5119.24436424313], "k_pid_vsp": [1299.560195555327, 658.5911711624293, 7195.414447006604]}, "datetime": {"datetime": "2025-08-08 22:42:54", "elapsed": 21206.39990901947, "delta": 30.94707751274109}, "costs": {"total_cost": 1999.2966859986757, "time_cost": 150, "final_distance_cost": 193.81585120041228, "oscillation_cost": 163.76889874506958, "completition_cost": 1000.0, "overshoot_cost": 425.16500974741007, "power_cost": 37.94886411132813, "noise_cost": 28.598062194455785, "n_waypoints_completed": 0, "tot_waypoints": 9}}
{"target": -1796.3395749752963, "params": {"k_pid_pos": [2290.562962604445, 2481.8074244848845, 3802.846335043626], "k_pid_alt": [10000.0, 3320.1303459155924, 6274.051247367079], "k_pid_att": [7528.158661791712, 7397.568035809283, 0.0], "k_pid_yaw": [0.5, 1e-06, 0.1], "k_pid_hsp": [0.0, 5249.991747485377, 1758.9189383192372], "k_pid_vsp": [5023.994603950942, 10000.0, 5710.676860515537]}, "datetime": {"datetime": "2025-08-08 22:43:29", "elapsed": 21241.52064061165, "delta": 35.120731592178345}, "costs": {"total_cost": 1796.3395749752963, "time_cost": 150, "final_distance_cost": 105.53651443147055, "oscillation_cost": 469.5297752683978, "completition_cost": 888.8888888888888, "overshoot_cost": 116.53178754463468, "power_cost": 37.89108801269531, "noise_cost": 27.961520829209242, "n_waypoints_completed": 1, "tot_waypoints": 9}}
{"target": -5170.5701592535315, "params": {"k_pid_pos": [9656.047472704851, 4930.162883722341, 7610.582646834644], "k_pid_alt": [5727.846776024777, 640.6482681997084, 6399.831358538049], "k_pid_att": [9455.705991509527, 2043.1773072386973, 5602.14091317088], "k_pid_yaw": [0.5, 1e-06, 0.1], "k_pid_hsp": [6999.537214325885, 8945.207269251245, 6142.254797964461], "k_pid_vsp": [1574.7084219120234, 3183.332826999461, 9497.985378848665]}, "datetime": {"datetime": "2025-08-08 22:44:00", "elapsed": 21272.499650239944, "delta": 30.9790096282959}, "costs": {"total_cost": 5170.5701592535315, "time_cost": 150, "final_distance_cost": 935.1626293473206, "oscillation_cost": 29.274847802276508, "completition_cost": 1000.0, "overshoot_cost": 2992.460544013638, "power_cost": 35.73518590087891, "noise_cost": 27.93695218941735, "n_waypoints_completed": 0, "tot_waypoints": 9}}
{"target": -1544.7058035090115, "params": {"k_pid_pos": [4829.436349096585, 9358.967919093431, 3363.1038534306185], "k_pid_alt": [4158.758596199073, 8995.554834263525, 6062.560713184781], "k_pid_att": [10000.0, 9131.883776522787, 0.0], "k_pid_yaw": [0.5, 1e-06, 0.1], "k_pid_hsp": [2460.0247107994223, 2611.6680599647184, 0.0], "k_pid_vsp": [5989.13477918746, 7633.321308687419, 10000.0]}, "datetime": {"datetime": "2025-08-08 22:44:36", "elapsed": 21307.66118621826, "delta": 35.16153597831726}, "costs": {"total_cost": 1544.7058035090115, "time_cost": 150, "final_distance_cost": 62.85296463493711, "oscillation_cost": 301.82329523263815, "completition_cost": 888.8888888888888, "overshoot_cost": 69.24649659166685, "power_cost": 42.63623668212891, "noise_cost": 29.257921478751747, "n_waypoints_completed": 1, "tot_waypoints": 9}}
{"target": -1789.6341368917226, "params": {"k_pid_pos": [3157.9063122084262, 2091.5325663526214, 0.0], "k_pid_alt": [10000.0, 8769.5628650425, 3332.3792865293244], "k_pid_att": [10000.0, 10000.0, 0.0], "k_pid_yaw": [0.5, 1e-06, 0.1], "k_pid_hsp": [554.4372957932068, 0.0, 0.0], "k_pid_vsp": [6321.63750918586, 7593.73939653815, 10000.0]}, "datetime": {"datetime": "2025-08-08 22:45:11", "elapsed": 21342.673469781876, "delta": 35.01228356361389}, "costs": {"total_cost": 1789.6341368917226, "time_cost": 150, "final_distance_cost": 34.86431038779037, "oscillation_cost": 473.3222793893097, "completition_cost": 1000.0, "overshoot_cost": 63.06702405035536, "power_cost": 39.632638415527346, "noise_cost": 28.747884648740126, "n_waypoints_completed": 0, "tot_waypoints": 9}}
{"target": -1754.5341912573422, "params": {"k_pid_pos": [3456.2643584596044, 0.0, 6343.079096888516], "k_pid_alt": [1936.9953056048585, 0.0, 6311.975454826777], "k_pid_att": [7568.051162105101, 6144.6822426293265, 0.0], "k_pid_yaw": [0.5, 1e-06, 0.1], "k_pid_hsp": [2229.484774101924, 3965.158085752646, 1140.7997528968233], "k_pid_vsp": [490.45663655992456, 8067.176255286125, 6138.47169803997]}, "datetime": {"datetime": "2025-08-08 22:45:46", "elapsed": 21378.15520310402, "delta": 35.481733322143555}, "costs": {"total_cost": 1754.5341912573422, "time_cost": 150, "final_distance_cost": 54.58866696420773, "oscillation_cost": 738.8557484015539, "completition_cost": 666.6666666666667, "overshoot_cost": 79.04620916802553, "power_cost": 37.03954659423828, "noise_cost": 28.337353462649897, "n_waypoints_completed": 3, "tot_waypoints": 9}}
{"target": -7197.639697710486, "params": {"k_pid_pos": [2089.339197168566, 3857.9832456205677, 476.8235554012945], "k_pid_alt": [5549.317092960713, 3635.913396822407, 7335.783851025594], "k_pid_att": [6257.145414631516, 7315.340279479216, 8469.640083872879], "k_pid_yaw": [0.5, 1e-06, 0.1], "k_pid_hsp": [1100.9137019383409, 5325.753002184261, 7470.1606191659985], "k_pid_vsp": [8671.784724243149, 3065.6076531445774, 3412.6831215067364]}, "datetime": {"datetime": "2025-08-08 22:46:17", "elapsed": 21409.079657316208, "delta": 30.92445421218872}, "costs": {"total_cost": 7197.639697710486, "time_cost": 150, "final_distance_cost": 1415.7740526047062, "oscillation_cost": 1361.2333214432222, "completition_cost": 1000.0, "overshoot_cost": 3068.7866520196844, "power_cost": 58.633328234863285, "noise_cost": 143.21234340800981, "n_waypoints_completed": 0, "tot_waypoints": 9}}
{"target": -10116.363451700201, "params": {"k_pid_pos": [1862.473885608341, 6178.121341786878, 578.9858059238672], "k_pid_alt": [4326.486256436707, 1269.206799751199, 3481.707133302555], "k_pid_att": [5357.612757812153, 3504.066561581617, 4939.044686559584], "k_pid_yaw": [0.5, 1e-06, 0.1], "k_pid_hsp": [3295.4512354066787, 2227.5118600206556, 2595.5702061910547], "k_pid_vsp": [2615.7112709605035, 5847.095759254082, 734.925282302632]}, "datetime": {"datetime": "2025-08-08 22:46:48", "elapsed": 21439.9861369133, "delta": 30.906479597091675}, "costs": {"total_cost": 10116.363451700201, "time_cost": 150, "final_distance_cost": 2128.8886277806005, "oscillation_cost": 698.1598909951109, "completition_cost": 1000.0, "overshoot_cost": 5940.056250233042, "power_cost": 58.694664367675784, "noise_cost": 140.56401832377094, "n_waypoints_completed": 0, "tot_waypoints": 9}}
{"target": -1576.8672012736392, "params": {"k_pid_pos": [4511.2137541276325, 9030.77129324083, 3071.951609914675], "k_pid_alt": [0.0, 1920.0835947208193, 1092.7303182764977], "k_pid_att": [7925.289827860406, 7260.976277491519, 0.0], "k_pid_yaw": [0.5, 1e-06, 0.1], "k_pid_hsp": [10000.0, 10000.0, 3247.5432925221667], "k_pid_vsp": [2990.3069054043403, 5513.684498152952, 6802.73431462862]}, "datetime": {"datetime": "2025-08-08 22:47:23", "elapsed": 21475.049802064896, "delta": 35.06366515159607}, "costs": {"total_cost": 1576.8672012736392, "time_cost": 150, "final_distance_cost": 65.0198104906552, "oscillation_cost": 212.5749509555143, "completition_cost": 1000.0, "overshoot_cost": 79.36946384671863, "power_cost": 40.93021579589844, "noise_cost": 28.972760184852742, "n_waypoints_completed": 0, "tot_waypoints": 9}}
{"target": -851.2350037008808, "params": {"k_pid_pos": [5450.826654371883, 988.1367631902905, 550.256605297061], "k_pid_alt": [1252.1294926590915, 0.0, 10000.0], "k_pid_att": [8717.090131340388, 3686.839631690445, 0.0], "k_pid_yaw": [0.5, 1e-06, 0.1], "k_pid_hsp": [7647.547525650251, 10000.0, 1600.5638942102837], "k_pid_vsp": [3993.137100045765, 7745.652965874551, 4514.42955510598]}, "datetime": {"datetime": "2025-08-08 22:47:58", "elapsed": 21509.947785377502, "delta": 34.89798331260681}, "costs": {"total_cost": 851.2350037008808, "time_cost": 150, "final_distance_cost": 71.44451952321047, "oscillation_cost": 159.647979517582, "completition_cost": 333.33333333333337, "overshoot_cost": 65.21315519552749, "power_cost": 42.659848339843755, "noise_cost": 28.936167791383646, "n_waypoints_completed": 6, "tot_waypoints": 9}}
{"target": -2979.329184492551, "params": {"k_pid_pos": [9349.928198019392, 4339.1318361296835, 491.07841632415995], "k_pid_alt": [3565.1227020640554, 1879.6989804313237, 812.4467989774054], "k_pid_att": [6678.655449971758, 7155.460298280082, 2549.080248873543], "k_pid_yaw": [0.5, 1e-06, 0.1], "k_pid_hsp": [980.8673829539716, 2526.411728260849, 1180.3875656599039], "k_pid_vsp": [3357.3463255361426, 9515.966654505624, 7875.270354890448]}, "datetime": {"datetime": "2025-08-08 22:48:28", "elapsed": 21540.341675281525, "delta": 30.393889904022217}, "costs": {"total_cost": 2979.329184492551, "time_cost": 150, "final_distance_cost": 381.0984690873842, "oscillation_cost": 82.78497895485421, "completition_cost": 1000.0, "overshoot_cost": 1302.1710249824268, "power_cost": 35.495268884277344, "noise_cost": 27.77944258360862, "n_waypoints_completed": 0, "tot_waypoints": 9}}
{"target": -1813.7211989572213, "params": {"k_pid_pos": [7215.509023065725, 6760.581410034918, 3601.0010934165493], "k_pid_alt": [6863.8510741904565, 5285.391879663077, 4007.813893533333], "k_pid_att": [5153.802149037474, 3511.4876750204526, 119.89664623708319], "k_pid_yaw": [0.5, 1e-06, 0.1], "k_pid_hsp": [5243.984324722916, 4711.473017271291, 8006.533919186929], "k_pid_vsp": [5785.755807376945, 3738.272268539543, 6886.7340477305315]}, "datetime": {"datetime": "2025-08-08 22:48:59", "elapsed": 21570.90039205551, "delta": 30.558716773986816}, "costs": {"total_cost": 1813.7211989572213, "time_cost": 150, "final_distance_cost": 79.7796307194696, "oscillation_cost": 332.14577240169564, "completition_cost": 1000.0, "overshoot_cost": 187.4540522920306, "power_cost": 36.24887512207032, "noise_cost": 28.092868421955128, "n_waypoints_completed": 0, "tot_waypoints": 9}}
{"target": -1073.6078681948816, "params": {"k_pid_pos": [4529.307979144169, 479.84651255640637, 0.0], "k_pid_alt": [4926.794389079212, 0.0, 0.0], "k_pid_att": [10000.0, 4944.388658830988, 0.0], "k_pid_yaw": [0.5, 1e-06, 0.1], "k_pid_hsp": [10000.0, 3671.532278363654, 0.0], "k_pid_vsp": [8488.964240279573, 0.0, 3792.641927080014]}, "datetime": {"datetime": "2025-08-08 22:49:33", "elapsed": 21604.881193876266, "delta": 33.980801820755005}, "costs": {"total_cost": 1073.6078681948816, "time_cost": 150, "final_distance_cost": 77.41304410028317, "oscillation_cost": 370.26993004340903, "completition_cost": 333.33333333333337, "overshoot_cost": 72.27336877388443, "power_cost": 41.41400783691407, "noise_cost": 28.90418410705758, "n_waypoints_completed": 6, "tot_waypoints": 9}}
{"target": -5925.5434436503265, "params": {"k_pid_pos": [49.630314655675356, 4032.7992694779546, 3177.2923512371954], "k_pid_alt": [3509.070350714244, 4249.164935676614, 451.2265909852109], "k_pid_att": [6663.849221753327, 6876.68767272166, 6896.896692798737], "k_pid_yaw": [0.5, 1e-06, 0.1], "k_pid_hsp": [4848.271353224678, 2867.284507201329, 9780.6752888169], "k_pid_vsp": [941.9686880997169, 2217.3757938927274, 5503.271430407247]}, "datetime": {"datetime": "2025-08-08 22:50:03", "elapsed": 21635.4742872715, "delta": 30.593093395233154}, "costs": {"total_cost": 5925.5434436503265, "time_cost": 150, "final_distance_cost": 1241.3732990523688, "oscillation_cost": 643.7637133540384, "completition_cost": 1000.0, "overshoot_cost": 2725.703391639713, "power_cost": 53.30911374511719, "noise_cost": 111.39392585908891, "n_waypoints_completed": 0, "tot_waypoints": 9}}
{"target": -1744.8903850378645, "params": {"k_pid_pos": [5742.102518971591, 7511.924754490883, 5296.750149018172], "k_pid_alt": [3008.624202483413, 10000.0, 10000.0], "k_pid_att": [10000.0, 4513.765670124935, 0.0], "k_pid_yaw": [0.5, 1e-06, 0.1], "k_pid_hsp": [0.0, 10000.0, 3021.912989961323], "k_pid_vsp": [3870.418232461414, 2040.1269787454669, 6182.008850989564]}, "datetime": {"datetime": "2025-08-08 22:50:39", "elapsed": 21670.64912724495, "delta": 35.17483997344971}, "costs": {"total_cost": 1744.8903850378645, "time_cost": 150, "final_distance_cost": 55.72404731587982, "oscillation_cost": 347.78104779521226, "completition_cost": 1000.0, "overshoot_cost": 124.2260943626993, "power_cost": 38.66638818359375, "noise_cost": 28.49280738047938, "n_waypoints_completed": 0, "tot_waypoints": 9}}
