{"target": -1605.393900526413, "params": {"k_pid_pos": [5780.844648025766, 10000.0, 5599.139284789804], "k_pid_alt": [10000.0, 2706.3421590091757, 2084.389293790607], "k_pid_att": [10000.0, 9344.674169688851, 0.0], "k_pid_yaw": [0.5, 1e-06, 0.1], "k_pid_hsp": [3875.1268310653168, 10000.0, 0.0], "k_pid_vsp": [5347.525572356344, 4089.306293413517, 1985.0432028449634]}, "datetime": {"datetime": "2025-08-09 01:17:44", "elapsed": 30495.949931144714, "delta": 38.19863700866699}, "costs": {"total_cost": 1605.393900526413, "time_cost": 150, "final_distance_cost": 46.28399819421062, "oscillation_cost": 286.9164216114017, "completition_cost": 1000.0, "overshoot_cost": 48.40855228631219, "power_cost": 44.38433325195313, "noise_cost": 29.400595182535167, "n_waypoints_completed": 0, "tot_waypoints": 9}}
{"target": -1981.6554061760085, "params": {"k_pid_pos": [9045.01925260999, 6739.390494221157, 3461.5616348126223], "k_pid_alt": [1831.014173315073, 5981.9809042650995, 1188.6957885653892], "k_pid_att": [3863.0858376823, 1451.32576782404, 1582.1942429214985], "k_pid_yaw": [0.5, 1e-06, 0.1], "k_pid_hsp": [6245.8814531915295, 9924.35957878225, 978.1069966641176], "k_pid_vsp": [5891.376204725932, 8126.656580490834, 7021.7683138272605]}, "datetime": {"datetime": "2025-08-09 01:18:16", "elapsed": 30528.493674516678, "delta": 32.5437433719635}, "costs": {"total_cost": 1981.6554061760085, "time_cost": 150, "final_distance_cost": 114.7616659844954, "oscillation_cost": 41.795566405899116, "completition_cost": 1000.0, "overshoot_cost": 611.0553631138068, "power_cost": 36.133645532226566, "noise_cost": 27.909165139580395, "n_waypoints_completed": 0, "tot_waypoints": 9}}
{"target": -3853.498917829699, "params": {"k_pid_pos": [350.9452222479137, 3254.1665773501572, 3362.175151860031], "k_pid_alt": [8874.49822561261, 7227.697957726751, 830.4044785309505], "k_pid_att": [8623.722035981653, 4341.527784882128, 7894.769991461302], "k_pid_yaw": [0.5, 1e-06, 0.1], "k_pid_hsp": [6205.824620736372, 2589.904069308242, 7006.69100502804], "k_pid_vsp": [4888.289979110228, 936.4471073822023, 9850.104919781536]}, "datetime": {"datetime": "2025-08-09 01:18:48", "elapsed": 30560.246377944946, "delta": 31.752703428268433}, "costs": {"total_cost": 3853.498917829699, "time_cost": 150, "final_distance_cost": 382.1864998272704, "oscillation_cost": 383.1275237943259, "completition_cost": 1000.0, "overshoot_cost": 1818.5332928576659, "power_cost": 47.55161903076172, "noise_cost": 72.09998231967512, "n_waypoints_completed": 0, "tot_waypoints": 9}}
{"target": -2144.8751153153203, "params": {"k_pid_pos": [4451.667546014894, 2760.1336484270923, 3319.4898650956293], "k_pid_alt": [170.59516336331737, 6807.516297970509, 8326.740708955009], "k_pid_att": [5499.674101700657, 7151.0741375312255, 2066.1381956963855], "k_pid_yaw": [0.5, 1e-06, 0.1], "k_pid_hsp": [4137.730759414184, 9966.648779522051, 5347.715165364162], "k_pid_vsp": [9480.525482277324, 1978.786431076095, 6616.5570220729]}, "datetime": {"datetime": "2025-08-09 01:19:20", "elapsed": 30592.18980240822, "delta": 31.943424463272095}, "costs": {"total_cost": 2144.8751153153203, "time_cost": 150, "final_distance_cost": 104.06294788584398, "oscillation_cost": 352.98963603785705, "completition_cost": 1000.0, "overshoot_cost": 422.2457954310099, "power_cost": 46.082091015625004, "noise_cost": 69.49464494498459, "n_waypoints_completed": 0, "tot_waypoints": 9}}
{"target": -7422.304947874634, "params": {"k_pid_pos": [9969.928431904822, 7824.436194996639, 2525.6417951192325], "k_pid_alt": [6039.757290321535, 1603.6432726924, 9320.792358757635], "k_pid_att": [753.4212794690353, 6307.536651167752, 8604.52738522208], "k_pid_yaw": [0.5, 1e-06, 0.1], "k_pid_hsp": [5637.147676531696, 9484.56453539283, 822.5373537776293], "k_pid_vsp": [2653.9479642732567, 4531.492015368623, 7811.239715461857]}, "datetime": {"datetime": "2025-08-09 01:19:52", "elapsed": 30623.70985531807, "delta": 31.520052909851074}, "costs": {"total_cost": 7422.304947874634, "time_cost": 150, "final_distance_cost": 1191.7689086377816, "oscillation_cost": 846.7307623526367, "completition_cost": 1000.0, "overshoot_cost": 4074.7350407442887, "power_cost": 53.72249918212891, "noise_cost": 105.34773695779839, "n_waypoints_completed": 0, "tot_waypoints": 9}}
{"target": -2000.1261330115035, "params": {"k_pid_pos": [2935.126309077023, 6001.726244817609, 6334.968149427183], "k_pid_alt": [6800.952825427552, 8590.794670705513, 1514.3767067822123], "k_pid_att": [7788.4181613491555, 1329.8423506954814, 313.69853107308444], "k_pid_yaw": [0.5, 1e-06, 0.1], "k_pid_hsp": [4727.565149167284, 1381.682385724342, 3795.011224115056], "k_pid_vsp": [1129.339916610237, 9078.573524943286, 9309.005796084897]}, "datetime": {"datetime": "2025-08-09 01:20:23", "elapsed": 30655.346564531326, "delta": 31.636709213256836}, "costs": {"total_cost": 2000.1261330115035, "time_cost": 150, "final_distance_cost": 213.53709828658293, "oscillation_cost": 109.83236070395134, "completition_cost": 1000.0, "overshoot_cost": 463.4316488198118, "power_cost": 35.31913204345703, "noise_cost": 28.005893157700378, "n_waypoints_completed": 0, "tot_waypoints": 9}}
{"target": -2822.6776414783526, "params": {"k_pid_pos": [4411.698900775865, 2725.2010801545757, 8596.88352251864], "k_pid_alt": [6051.634644713281, 8000.548519141083, 7625.433823174824], "k_pid_att": [9168.440206193638, 6785.60830168115, 4996.511447854298], "k_pid_yaw": [0.5, 1e-06, 0.1], "k_pid_hsp": [1413.5996394095096, 4724.253047584383, 2897.6809037133567], "k_pid_vsp": [5763.057271992242, 2395.358478532351, 6638.613841828349]}, "datetime": {"datetime": "2025-08-09 01:20:55", "elapsed": 30686.99652147293, "delta": 31.649956941604614}, "costs": {"total_cost": 2822.6776414783526, "time_cost": 150, "final_distance_cost": 179.14705727240656, "oscillation_cost": 387.0677305790488, "completition_cost": 1000.0, "overshoot_cost": 980.9932890388772, "power_cost": 47.17997857666016, "noise_cost": 78.28958601135973, "n_waypoints_completed": 0, "tot_waypoints": 9}}
{"target": -26483.64504509401, "params": {"k_pid_pos": [8866.437488771864, 4316.0820702482915, 766.0209843973131], "k_pid_alt": [6973.640962569993, 302.44452766887144, 4417.598391198168], "k_pid_att": [628.0459175310959, 9840.915260416165, 1184.391009742437], "k_pid_yaw": [0.5, 1e-06, 0.1], "k_pid_hsp": [8836.827851501936, 2705.423019639084, 907.5558040001131], "k_pid_vsp": [279.29744679902393, 5982.672600536697, 5037.7618627697575]}, "datetime": {"datetime": "2025-08-09 01:21:27", "elapsed": 30718.590655565262, "delta": 31.594134092330933}, "costs": {"total_cost": 26483.64504509401, "time_cost": 150, "final_distance_cost": 7829.402041565183, "oscillation_cost": 1693.9176923722057, "completition_cost": 1000.0, "overshoot_cost": 15610.128661769451, "power_cost": 58.31307467041016, "noise_cost": 141.88357471675812, "n_waypoints_completed": 0, "tot_waypoints": 9}}
{"target": -14418.405352239251, "params": {"k_pid_pos": [7122.539084802267, 1242.8610991388312, 5601.836991658109], "k_pid_alt": [1919.7616065918744, 7156.624960657307, 9993.452072523252], "k_pid_att": [4144.892170950325, 3721.2342922035646, 8247.907382479052], "k_pid_yaw": [0.5, 1e-06, 0.1], "k_pid_hsp": [344.81490523652457, 9886.331822244001, 8676.730455264815], "k_pid_vsp": [9612.634996028555, 9802.643776367078, 1415.5295558470648]}, "datetime": {"datetime": "2025-08-09 01:21:58", "elapsed": 30750.131650447845, "delta": 31.540994882583618}, "costs": {"total_cost": 14418.405352239251, "time_cost": 150, "final_distance_cost": 3762.727113927655, "oscillation_cost": 793.7910874038486, "completition_cost": 1000.0, "overshoot_cost": 8518.823652181916, "power_cost": 58.57998201904297, "noise_cost": 134.48351670678977, "n_waypoints_completed": 0, "tot_waypoints": 9}}
{"target": -1867.2304085549722, "params": {"k_pid_pos": [4255.917217057111, 1410.3069968224452, 3529.0859249798314], "k_pid_alt": [4990.975842787384, 5427.582194301683, 0.0], "k_pid_att": [7296.78256102566, 6269.235418041428, 0.0], "k_pid_yaw": [0.5, 1e-06, 0.1], "k_pid_hsp": [5119.726456263741, 0.0, 998.6870447835828], "k_pid_vsp": [4929.8845913323585, 8524.458874557764, 10000.0]}, "datetime": {"datetime": "2025-08-09 01:22:38", "elapsed": 30790.01078081131, "delta": 39.879130363464355}, "costs": {"total_cost": 1867.2304085549722, "time_cost": 150, "final_distance_cost": 63.219833819523, "oscillation_cost": 618.5766104838434, "completition_cost": 888.8888888888888, "overshoot_cost": 81.10448412895157, "power_cost": 37.194292529296874, "noise_cost": 28.246298704468522, "n_waypoints_completed": 1, "tot_waypoints": 9}}
{"target": -1490.3659260176576, "params": {"k_pid_pos": [0.0, 2798.4937906341656, 1806.5425097524687], "k_pid_alt": [10000.0, 4037.2726130985443, 4975.806189300962], "k_pid_att": [10000.0, 5781.824759251589, 0.0], "k_pid_yaw": [0.5, 1e-06, 0.1], "k_pid_hsp": [2687.0625741468752, 3486.1750260975914, 0.0], "k_pid_vsp": [2149.5705947658616, 3538.5297044636527, 9357.841376560571]}, "datetime": {"datetime": "2025-08-09 01:23:17", "elapsed": 30828.748718738556, "delta": 38.737937927246094}, "costs": {"total_cost": 1490.3659260176576, "time_cost": 150, "final_distance_cost": 56.03229750715443, "oscillation_cost": 151.4912881021822, "completition_cost": 1000.0, "overshoot_cost": 57.691183830516934, "power_cost": 44.89706435546875, "noise_cost": 30.254092222335245, "n_waypoints_completed": 0, "tot_waypoints": 9}}
{"target": -1587.9947226593893, "params": {"k_pid_pos": [5952.28772582057, 4680.6168235423365, 2471.126805726434], "k_pid_alt": [0.0, 3887.106967538432, 5372.856177418021], "k_pid_att": [6670.77179212262, 5617.835177203299, 0.0], "k_pid_yaw": [0.5, 1e-06, 0.1], "k_pid_hsp": [7695.913673571369, 2182.5511284914937, 1840.5020938572063], "k_pid_vsp": [0.0, 10000.0, 5858.406803818965]}, "datetime": {"datetime": "2025-08-09 01:23:55", "elapsed": 30866.524940252304, "delta": 37.77622151374817}, "costs": {"total_cost": 1587.9947226593893, "time_cost": 150, "final_distance_cost": 65.99961402203326, "oscillation_cost": 230.95719554877255, "completition_cost": 1000.0, "overshoot_cost": 69.55521319189033, "power_cost": 42.29992261962891, "noise_cost": 29.182777277064048, "n_waypoints_completed": 0, "tot_waypoints": 9}}
{"target": -9984.62685544324, "params": {"k_pid_pos": [4362.146881208895, 4000.042392486487, 1031.2466475566384], "k_pid_alt": [6665.355508148973, 769.8124021121888, 4.804903875810229], "k_pid_att": [3600.395265503893, 7450.604339204319, 7447.989420046284], "k_pid_yaw": [0.5, 1e-06, 0.1], "k_pid_hsp": [3653.8963510770463, 296.54426611964715, 6881.785506371638], "k_pid_vsp": [8829.897314673575, 7667.702824010743, 26.35177231582353]}, "datetime": {"datetime": "2025-08-09 01:24:26", "elapsed": 30898.42906689644, "delta": 31.90412664413452}, "costs": {"total_cost": 9984.62685544324, "time_cost": 150, "final_distance_cost": 1930.8457617420308, "oscillation_cost": 1235.3300866130426, "completition_cost": 1000.0, "overshoot_cost": 5467.215954579658, "power_cost": 58.739232324218754, "noise_cost": 142.49582018429314, "n_waypoints_completed": 0, "tot_waypoints": 9}}
{"target": -1510.6166884417958, "params": {"k_pid_pos": [0.0, 5081.285464370287, 3464.1014993481676], "k_pid_alt": [4512.387352783784, 1892.5761356816752, 4247.284968927118], "k_pid_att": [7051.278070473131, 6319.721948814635, 0.0], "k_pid_yaw": [0.5, 1e-06, 0.1], "k_pid_hsp": [5974.636883976974, 10000.0, 2230.2953079229314], "k_pid_vsp": [4826.282574719059, 550.7668947727649, 6581.373711914502]}, "datetime": {"datetime": "2025-08-09 01:25:04", "elapsed": 30936.066069841385, "delta": 37.63700294494629}, "costs": {"total_cost": 1510.6166884417958, "time_cost": 150, "final_distance_cost": 74.4463255365427, "oscillation_cost": 254.54128667852606, "completition_cost": 888.8888888888888, "overshoot_cost": 72.50601862536598, "power_cost": 41.212140625, "noise_cost": 29.02202808747221, "n_waypoints_completed": 1, "tot_waypoints": 9}}
{"target": -1710.2613380948653, "params": {"k_pid_pos": [0.0, 3946.198768481664, 5592.473819276517], "k_pid_alt": [10000.0, 4511.345935362699, 4633.862509516125], "k_pid_att": [7414.904337509011, 10000.0, 0.0], "k_pid_yaw": [0.5, 1e-06, 0.1], "k_pid_hsp": [7559.624956245009, 10000.0, 3577.95725878663], "k_pid_vsp": [5757.375535867593, 8580.880028499683, 3944.837579019943]}, "datetime": {"datetime": "2025-08-09 01:25:41", "elapsed": 30973.440796136856, "delta": 37.37472629547119}, "costs": {"total_cost": 1710.2613380948653, "time_cost": 150, "final_distance_cost": 75.1661326772897, "oscillation_cost": 465.1069481915374, "completition_cost": 888.8888888888888, "overshoot_cost": 65.36106753669513, "power_cost": 37.75770295410157, "noise_cost": 27.980597846352765, "n_waypoints_completed": 1, "tot_waypoints": 9}}
{"target": -4148.72348923807, "params": {"k_pid_pos": [1622.0544458789666, 1257.299317644176, 9891.232594907126], "k_pid_alt": [2649.7423631727734, 3925.5277274227897, 8533.621252185309], "k_pid_att": [5716.972590454612, 4505.83097369919, 5754.048607051406], "k_pid_yaw": [0.5, 1e-06, 0.1], "k_pid_hsp": [7140.350184396407, 7380.458767842766, 3145.8518334711216], "k_pid_vsp": [1233.9574038562396, 3445.782046511271, 3488.4818231057257]}, "datetime": {"datetime": "2025-08-09 01:26:13", "elapsed": 31005.296105146408, "delta": 31.855309009552002}, "costs": {"total_cost": 4148.72348923807, "time_cost": 150, "final_distance_cost": 437.6404889622938, "oscillation_cost": 639.3479812789657, "completition_cost": 1000.0, "overshoot_cost": 1765.1825872679212, "power_cost": 52.667566235351565, "noise_cost": 103.88486549353752, "n_waypoints_completed": 0, "tot_waypoints": 9}}
{"target": -1213.746729172944, "params": {"k_pid_pos": [10000.0, 8314.36881607579, 3555.6577417479193], "k_pid_alt": [5232.066941059821, 513.6411265915206, 2416.158701442706], "k_pid_att": [10000.0, 7108.565167092154, 0.0], "k_pid_yaw": [0.5, 1e-06, 0.1], "k_pid_hsp": [6133.598538995724, 7892.489837362469, 4661.763985785116], "k_pid_vsp": [4712.437214972878, 10000.0, 4193.546820872888]}, "datetime": {"datetime": "2025-08-09 01:26:51", "elapsed": 31043.11364865303, "delta": 37.817543506622314}, "costs": {"total_cost": 1213.746729172944, "time_cost": 150, "final_distance_cost": 37.32251920908778, "oscillation_cost": 299.39437831934725, "completition_cost": 555.5555555555555, "overshoot_cost": 102.0084607925893, "power_cost": 40.82304373779297, "noise_cost": 28.642771558571116, "n_waypoints_completed": 4, "tot_waypoints": 9}}
{"target": -792.9840633644163, "params": {"k_pid_pos": [10000.0, 10000.0, 9703.174505332732], "k_pid_alt": [6394.92389990404, 0.0, 5369.873639666111], "k_pid_att": [10000.0, 6109.4532377494825, 0.0], "k_pid_yaw": [0.5, 1e-06, 0.1], "k_pid_hsp": [10000.0, 6867.123884795521, 5619.615907615436], "k_pid_vsp": [10000.0, 0.0, 6276.007969688461]}, "datetime": {"datetime": "2025-08-09 01:27:30", "elapsed": 31081.56122660637, "delta": 38.44757795333862}, "costs": {"total_cost": 792.9840633644163, "time_cost": 150, "final_distance_cost": 73.71551479432738, "oscillation_cost": 303.9883434824464, "completition_cost": 111.11111111111116, "overshoot_cost": 85.55096221257126, "power_cost": 40.06494822998047, "noise_cost": 28.55318353397967, "n_waypoints_completed": 8, "tot_waypoints": 9}}
{"target": -7003.568983685153, "params": {"k_pid_pos": [2349.4489360366533, 1429.7818804948904, 242.29530231906992], "k_pid_alt": [8821.584034507121, 2394.3137819346193, 9082.48776689962], "k_pid_att": [7370.019666570474, 4877.567566880612, 8002.678110390965], "k_pid_yaw": [0.5, 1e-06, 0.1], "k_pid_hsp": [5865.282611680429, 6382.653320217617, 2874.2546692591955], "k_pid_vsp": [5331.31237588019, 9036.653501086712, 7252.070560750552]}, "datetime": {"datetime": "2025-08-09 01:28:02", "elapsed": 31114.162571191788, "delta": 32.6013445854187}, "costs": {"total_cost": 7003.568983685153, "time_cost": 150, "final_distance_cost": 1346.9360588855072, "oscillation_cost": 563.7700330743266, "completition_cost": 1000.0, "overshoot_cost": 3809.003318713067, "power_cost": 49.76983367919922, "noise_cost": 84.08973933305319, "n_waypoints_completed": 0, "tot_waypoints": 9}}
{"target": -5210.166291844822, "params": {"k_pid_pos": [6209.250833851232, 7054.254086526692, 5825.130336510898], "k_pid_alt": [7850.454322150879, 9400.518120450986, 5158.625680603443], "k_pid_att": [9055.270100444464, 1569.8278283017596, 7937.62309437745], "k_pid_yaw": [0.5, 1e-06, 0.1], "k_pid_hsp": [4652.44308776704, 7607.599270141445, 3547.4646480496253], "k_pid_vsp": [548.6966181554099, 2252.9958134239514, 5572.10355674614]}, "datetime": {"datetime": "2025-08-09 01:28:34", "elapsed": 31145.68988919258, "delta": 31.527318000793457}, "costs": {"total_cost": 5210.166291844822, "time_cost": 150, "final_distance_cost": 677.1594349616585, "oscillation_cost": 128.09029143718018, "completition_cost": 1000.0, "overshoot_cost": 3187.4029338067685, "power_cost": 39.02240727539063, "noise_cost": 28.491224363823687, "n_waypoints_completed": 0, "tot_waypoints": 9}}
{"target": -1520.4391443420895, "params": {"k_pid_pos": [4511.051220660201, 6011.885143616755, 3612.0428096819737], "k_pid_alt": [3978.176830713993, 8265.348832825424, 0.0], "k_pid_att": [7886.453702795277, 7527.2735947975325, 0.0], "k_pid_yaw": [0.5, 1e-06, 0.1], "k_pid_hsp": [4547.681348407234, 10000.0, 0.0], "k_pid_vsp": [3161.8086179618494, 7973.2504737842055, 10000.0]}, "datetime": {"datetime": "2025-08-09 01:29:11", "elapsed": 31182.924021482468, "delta": 37.234132289886475}, "costs": {"total_cost": 1520.4391443420895, "time_cost": 150, "final_distance_cost": 35.081017364355354, "oscillation_cost": 199.59581657348056, "completition_cost": 1000.0, "overshoot_cost": 61.13384260694828, "power_cost": 44.87601673583985, "noise_cost": 29.752451061465557, "n_waypoints_completed": 0, "tot_waypoints": 9}}
{"target": -1686.850180070332, "params": {"k_pid_pos": [6353.220397661557, 4486.668047388815, 3703.4982467278023], "k_pid_alt": [0.0, 4099.897501183971, 0.0], "k_pid_att": [4309.994604014768, 5695.444260574138, 0.0], "k_pid_yaw": [0.5, 1e-06, 0.1], "k_pid_hsp": [10000.0, 6045.1423191792055, 6535.088119062895], "k_pid_vsp": [3147.417887301375, 8686.266276447572, 10000.0]}, "datetime": {"datetime": "2025-08-09 01:29:49", "elapsed": 31221.12942147255, "delta": 38.20539999008179}, "costs": {"total_cost": 1686.850180070332, "time_cost": 150, "final_distance_cost": 65.02911642534981, "oscillation_cost": 325.672747761811, "completition_cost": 1000.0, "overshoot_cost": 77.06977572228892, "power_cost": 40.146057751464845, "noise_cost": 28.93248240941724, "n_waypoints_completed": 0, "tot_waypoints": 9}}
{"target": -2425.2147982891333, "params": {"k_pid_pos": [5762.662596115279, 5055.19417825637, 3933.9004747716376], "k_pid_alt": [8157.425807665425, 7491.4333478895005, 10000.0], "k_pid_att": [10000.0, 6283.64334809607, 3625.900633542651], "k_pid_yaw": [0.5, 1e-06, 0.1], "k_pid_hsp": [811.745105646254, 6988.817386423334, 0.0], "k_pid_vsp": [3055.3564873959813, 6652.841419988334, 7025.4762447082485]}, "datetime": {"datetime": "2025-08-09 01:30:28", "elapsed": 31260.28072118759, "delta": 39.151299715042114}, "costs": {"total_cost": 2425.2147982891333, "time_cost": 150, "final_distance_cost": 185.81102845569495, "oscillation_cost": 365.9476193375248, "completition_cost": 1000.0, "overshoot_cost": 607.3892628944194, "power_cost": 48.85139504394532, "noise_cost": 67.21549255754901, "n_waypoints_completed": 0, "tot_waypoints": 9}}
{"target": -1447.5478160823059, "params": {"k_pid_pos": [8220.910634877058, 7441.527484720409, 10000.0], "k_pid_alt": [8423.506985050928, 0.0, 5988.791022825268], "k_pid_att": [10000.0, 5324.169383311843, 0.0], "k_pid_yaw": [0.5, 1e-06, 0.1], "k_pid_hsp": [0.0, 2158.5981071898905, 0.0], "k_pid_vsp": [2366.963309767232, 143.03922026627671, 7245.08250858056]}, "datetime": {"datetime": "2025-08-09 01:31:07", "elapsed": 31298.984666347504, "delta": 38.70394515991211}, "costs": {"total_cost": 1447.5478160823059, "time_cost": 150, "final_distance_cost": 61.28521437871567, "oscillation_cost": 169.98809317891752, "completition_cost": 888.8888888888888, "overshoot_cost": 100.96382932593205, "power_cost": 45.514714172363284, "noise_cost": 30.90707613748846, "n_waypoints_completed": 1, "tot_waypoints": 9}}
{"target": -30759.624340096772, "params": {"k_pid_pos": [3950.5391571994332, 9310.538134269213, 4786.226087633515], "k_pid_alt": [7493.830974692397, 1150.8274799519813, 6327.915174382307], "k_pid_att": [144.5585487729839, 1308.2490399953294, 220.86782309866604], "k_pid_yaw": [0.5, 1e-06, 0.1], "k_pid_hsp": [3602.184418817118, 8101.702803771636, 8833.974774243943], "k_pid_vsp": [9430.379465617076, 2322.666345105515, 5890.700120713937]}, "datetime": {"datetime": "2025-08-09 01:31:39", "elapsed": 31330.527862787247, "delta": 31.543196439743042}, "costs": {"total_cost": 30759.624340096772, "time_cost": 150, "final_distance_cost": 8648.969942239044, "oscillation_cost": 1711.7164971250515, "completition_cost": 1000.0, "overshoot_cost": 19045.541854818213, "power_cost": 58.66486977539063, "noise_cost": 144.73117613907561, "n_waypoints_completed": 0, "tot_waypoints": 9}}
