{"target": -2125.8399561027145, "params": {"k_pid_pos": [3313.2529484415086, 8626.69846884583, 8792.152415904626], "k_pid_alt": [7050.577419344597, 2761.5352238310106, 4806.316135118754], "k_pid_att": [10000.0, 8799.310032852805, 0.0], "k_pid_yaw": [0.5, 1e-06, 0.1], "k_pid_hsp": [10000.0, 1212.2313192425822, 9292.831208829195], "k_pid_vsp": [10000.0, 5420.408565142196, 7569.4509731920425]}, "datetime": {"datetime": "2025-08-09 04:38:37", "elapsed": 42549.19898557663, "delta": 44.65224528312683}, "costs": {"total_cost": 2125.8399561027145, "time_cost": 150, "final_distance_cost": 52.95425304399788, "oscillation_cost": 756.2046310611044, "completition_cost": 1000.0, "overshoot_cost": 103.24169762808016, "power_cost": 35.66877478027344, "noise_cost": 27.770599589258453, "n_waypoints_completed": 0, "tot_waypoints": 9}}
{"target": -3014.902061491709, "params": {"k_pid_pos": [2514.6245330101565, 6238.804196835638, 8893.957860082653], "k_pid_alt": [0.0, 3928.6341007426795, 5530.221523434885], "k_pid_att": [9430.664238968238, 7960.300129117579, 4944.2221151919985], "k_pid_yaw": [0.5, 1e-06, 0.1], "k_pid_hsp": [9368.873111262825, 2087.196829027463, 6604.641945681984], "k_pid_vsp": [10000.0, 0.0, 2871.4512878530245]}, "datetime": {"datetime": "2025-08-09 04:39:21", "elapsed": 42593.49249625206, "delta": 44.2935106754303}, "costs": {"total_cost": 3014.902061491709, "time_cost": 150, "final_distance_cost": 279.7445988803257, "oscillation_cost": 351.54739641826853, "completition_cost": 1000.0, "overshoot_cost": 1110.5974884865916, "power_cost": 49.03000048828125, "noise_cost": 73.9825772182422, "n_waypoints_completed": 0, "tot_waypoints": 9}}
{"target": -10633.48862173007, "params": {"k_pid_pos": [8444.997725871615, 4896.264481179438, 1481.6942555206235], "k_pid_alt": [5616.243020165951, 4615.881854197646, 527.1085208020254], "k_pid_att": [1943.7692731167178, 359.05996700960617, 9539.838108699923], "k_pid_yaw": [0.5, 1e-06, 0.1], "k_pid_hsp": [9566.670047233103, 2655.812077553378, 4181.956171351073], "k_pid_vsp": [6281.727030848186, 5610.9411483119775, 8688.55732747094]}, "datetime": {"datetime": "2025-08-09 04:39:54", "elapsed": 42625.80824804306, "delta": 32.315751791000366}, "costs": {"total_cost": 10633.48862173007, "time_cost": 150, "final_distance_cost": 2890.6749497521005, "oscillation_cost": 23.51043989805679, "completition_cost": 1000.0, "overshoot_cost": 6506.145149526726, "power_cost": 35.359254296875, "noise_cost": 27.79882825631351, "n_waypoints_completed": 0, "tot_waypoints": 9}}
{"target": -1875.7797664471927, "params": {"k_pid_pos": [4512.9227011287285, 10000.0, 10000.0], "k_pid_alt": [0.0, 0.0, 5.151750047240601e-11], "k_pid_att": [7285.5468814239985, 4757.482786303373, 0.0], "k_pid_yaw": [0.5, 1e-06, 0.1], "k_pid_hsp": [6605.447662978049, 0.0, 0.0], "k_pid_vsp": [2002.6280614435266, 5463.203404563703, 5394.378504572869]}, "datetime": {"datetime": "2025-08-09 04:40:40", "elapsed": 42671.91581058502, "delta": 46.10756254196167}, "costs": {"total_cost": 1875.7797664471927, "time_cost": 150, "final_distance_cost": 8.40435077208221, "oscillation_cost": 406.6264496460257, "completition_cost": 1000.0, "overshoot_cost": 162.25179567267867, "power_cost": 39.970218713378905, "noise_cost": 108.52695164302702, "n_waypoints_completed": 0, "tot_waypoints": 9}}
{"target": -1544.90276453025, "params": {"k_pid_pos": [7304.770296048714, 3179.749216894291, 988.0821761988767], "k_pid_alt": [2237.0538006069305, 9062.890013474076, 6702.5841427576825], "k_pid_att": [8599.680845130835, 5242.267226852997, 803.24224024097], "k_pid_yaw": [0.5, 1e-06, 0.1], "k_pid_hsp": [7327.358608837564, 6941.758904906454, 6987.890055934117], "k_pid_vsp": [3604.310408263891, 2877.400977263309, 906.6487122348899]}, "datetime": {"datetime": "2025-08-09 04:41:13", "elapsed": 42705.00424981117, "delta": 33.08843922615051}, "costs": {"total_cost": 1544.90276453025, "time_cost": 150, "final_distance_cost": 39.185894945028934, "oscillation_cost": 134.06439886162246, "completition_cost": 1000.0, "overshoot_cost": 157.32872314459394, "power_cost": 36.29981834716797, "noise_cost": 28.0239292318368, "n_waypoints_completed": 0, "tot_waypoints": 9}}
{"target": -857.9104533645979, "params": {"k_pid_pos": [10000.0, 10000.0, 5043.010838215035], "k_pid_alt": [10000.0, 0.0, 3914.843655794621], "k_pid_att": [10000.0, 3903.191056049418, 0.0], "k_pid_yaw": [0.5, 1e-06, 0.1], "k_pid_hsp": [5590.348664729742, 10000.0, 0.0], "k_pid_vsp": [2735.2575929316554, 6996.7738677861, 10000.0]}, "datetime": {"datetime": "2025-08-09 04:41:55", "elapsed": 42746.98624253273, "delta": 41.98199272155762}, "costs": {"total_cost": 857.9104533645979, "time_cost": 150, "final_distance_cost": 84.78608688978629, "oscillation_cost": 263.67521072327975, "completition_cost": 222.2222222222222, "overshoot_cost": 64.8810424489258, "power_cost": 42.999459106445315, "noise_cost": 29.346431973938508, "n_waypoints_completed": 7, "tot_waypoints": 9}}
{"target": -517.620444644935, "params": {"k_pid_pos": [5871.39542566745, 118.03020966501339, 0.0], "k_pid_alt": [5956.515112157946, 0.0, 6224.020340682824], "k_pid_att": [10000.0, 3937.0697076429105, 0.0], "k_pid_yaw": [0.5, 1e-06, 0.1], "k_pid_hsp": [8689.123493493802, 10000.0, 0.0], "k_pid_vsp": [7736.570920276324, 2090.131737117413, 29.15753156381119]}, "datetime": {"datetime": "2025-08-09 04:42:36", "elapsed": 42787.72054982185, "delta": 40.734307289123535}, "costs": {"total_cost": 517.620444644935, "time_cost": 111.055, "final_distance_cost": 1.8553602228605213, "oscillation_cost": 272.5095987662849, "completition_cost": 0.0, "overshoot_cost": 61.47072239918685, "power_cost": 39.4840806640625, "noise_cost": 31.245682592540135, "n_waypoints_completed": 9, "tot_waypoints": 9}}
{"target": -2079.227435699393, "params": {"k_pid_pos": [7053.36804875778, 4619.584264645345, 1694.8300676318395], "k_pid_alt": [622.9923302652007, 3457.8419089720737, 132.16053914797632], "k_pid_att": [1367.9660134157857, 5622.5862084450255, 308.67712157307767], "k_pid_yaw": [0.5, 1e-06, 0.1], "k_pid_hsp": [2062.2035837583076, 7185.8729474904185, 6646.634834514037], "k_pid_vsp": [5465.697324053659, 6820.441049173087, 657.2871244131095]}, "datetime": {"datetime": "2025-08-09 04:43:09", "elapsed": 42820.68280649185, "delta": 32.96225666999817}, "costs": {"total_cost": 2079.227435699393, "time_cost": 150, "final_distance_cost": 35.743855602699185, "oscillation_cost": 556.5874677602068, "completition_cost": 1000.0, "overshoot_cost": 215.47365738576755, "power_cost": 57.97074509277344, "noise_cost": 63.45170985794571, "n_waypoints_completed": 0, "tot_waypoints": 9}}
{"target": -35266.61016016779, "params": {"k_pid_pos": [1991.1228164749039, 4010.3281206361708, 2435.6182730733867], "k_pid_alt": [7424.951963606006, 7420.432052769951, 930.1186412342588], "k_pid_att": [2746.214093788425, 7629.216037750247, 7567.11311445404], "k_pid_yaw": [0.5, 1e-06, 0.1], "k_pid_hsp": [5211.183210588184, 1183.685074788119, 2522.374649675544], "k_pid_vsp": [527.4981779658928, 6343.024055966386, 2504.280937539127]}, "datetime": {"datetime": "2025-08-09 04:43:41", "elapsed": 42853.023844480515, "delta": 32.34103798866272}, "costs": {"total_cost": 35266.61016016779, "time_cost": 150, "final_distance_cost": 9309.373534341108, "oscillation_cost": 1673.0322853627727, "completition_cost": 1000.0, "overshoot_cost": 22932.05584328126, "power_cost": 58.62153388671875, "noise_cost": 143.52696329592698, "n_waypoints_completed": 0, "tot_waypoints": 9}}
{"target": -4091.1866199279334, "params": {"k_pid_pos": [7049.700082675996, 7260.285027054471, 7395.1841301883815], "k_pid_alt": [4217.2971882939455, 5380.870601059741, 5421.721771207146], "k_pid_att": [1730.03352908904, 4160.587194018469, 755.800336431951], "k_pid_yaw": [0.5, 1e-06, 0.1], "k_pid_hsp": [185.06291603331505, 5603.798638249769, 7498.9413189242105], "k_pid_vsp": [3948.3497273405164, 489.36369048099834, 1242.990574696783]}, "datetime": {"datetime": "2025-08-09 04:44:15", "elapsed": 42886.59950017929, "delta": 33.575655698776245}, "costs": {"total_cost": 4091.1866199279334, "time_cost": 150, "final_distance_cost": 254.0421110531293, "oscillation_cost": 605.4869433166839, "completition_cost": 1000.0, "overshoot_cost": 1894.6743223492294, "power_cost": 58.63211625976563, "noise_cost": 128.3511269491255, "n_waypoints_completed": 0, "tot_waypoints": 9}}
{"target": -1997.7174077642264, "params": {"k_pid_pos": [438.292057659756, 3504.844965661704, 5768.797561976194], "k_pid_alt": [2397.358797792899, 1988.5850605941137, 8811.985967747949], "k_pid_att": [3028.9574629371887, 8682.442861653044, 1116.6756850789207], "k_pid_yaw": [0.5, 1e-06, 0.1], "k_pid_hsp": [5386.241108167431, 2571.6541799090087, 5102.745326621357], "k_pid_vsp": [7617.634402844039, 1852.5995800639162, 9792.89868745442]}, "datetime": {"datetime": "2025-08-09 04:44:47", "elapsed": 42918.64688706398, "delta": 32.04738688468933}, "costs": {"total_cost": 1997.7174077642264, "time_cost": 150, "final_distance_cost": 55.89845918374169, "oscillation_cost": 455.5449378377241, "completition_cost": 1000.0, "overshoot_cost": 184.87147627380793, "power_cost": 54.88246088867188, "noise_cost": 96.52007358028078, "n_waypoints_completed": 0, "tot_waypoints": 9}}
{"target": -5403.856417644056, "params": {"k_pid_pos": [4199.587715876038, 2876.6498618377377, 8969.35250619333], "k_pid_alt": [2037.9860566071627, 3989.8718667790968, 7149.865516699279], "k_pid_att": [4727.647722607806, 112.8501078547861, 4598.749515592062], "k_pid_yaw": [0.5, 1e-06, 0.1], "k_pid_hsp": [2157.503467016355, 7478.0545024721005, 2391.499890485974], "k_pid_vsp": [6922.097833118104, 3388.7206586626817, 4268.454341801663]}, "datetime": {"datetime": "2025-08-09 04:45:19", "elapsed": 42950.951870679855, "delta": 32.304983615875244}, "costs": {"total_cost": 5403.856417644056, "time_cost": 150, "final_distance_cost": 757.2353397759349, "oscillation_cost": 760.2340728601537, "completition_cost": 1000.0, "overshoot_cost": 2554.706896653309, "power_cost": 58.58709399414063, "noise_cost": 123.09301436051702, "n_waypoints_completed": 0, "tot_waypoints": 9}}
{"target": -2009.277179418912, "params": {"k_pid_pos": [0.0, 2270.439917981748, 0.0], "k_pid_alt": [10000.0, 3937.2753819825602, 3780.006468265958], "k_pid_att": [7790.808686973523, 6091.344844014881, 0.0], "k_pid_yaw": [0.5, 1e-06, 0.1], "k_pid_hsp": [3683.5622386836553, 0.0, 4463.696173120694], "k_pid_vsp": [5922.5479585843095, 4345.455777140625, 4204.674350014165]}, "datetime": {"datetime": "2025-08-09 04:46:03", "elapsed": 42994.85628414154, "delta": 43.90441346168518}, "costs": {"total_cost": 2009.277179418912, "time_cost": 150, "final_distance_cost": 60.13651534981994, "oscillation_cost": 604.3046413315728, "completition_cost": 1000.0, "overshoot_cost": 130.56661521384893, "power_cost": 36.323526660156254, "noise_cost": 27.94588086351396, "n_waypoints_completed": 0, "tot_waypoints": 9}}
{"target": -1669.2819583578048, "params": {"k_pid_pos": [0.0, 7364.452524814839, 4704.105059551979], "k_pid_alt": [10000.0, 7005.293228210354, 0.0], "k_pid_att": [5807.894908918538, 7659.820304221882, 0.0], "k_pid_yaw": [0.5, 1e-06, 0.1], "k_pid_hsp": [1921.6954220003954, 3539.5383897750094, 2174.708624600642], "k_pid_vsp": [5137.858334598381, 10000.0, 10000.0]}, "datetime": {"datetime": "2025-08-09 04:46:46", "elapsed": 43037.89719128609, "delta": 43.04090714454651}, "costs": {"total_cost": 1669.2819583578048, "time_cost": 150, "final_distance_cost": 90.42779868067258, "oscillation_cost": 375.30745520644496, "completition_cost": 888.8888888888888, "overshoot_cost": 96.45192615182422, "power_cost": 39.59276257324219, "noise_cost": 28.613126856731817, "n_waypoints_completed": 1, "tot_waypoints": 9}}
{"target": -2279.0553704594595, "params": {"k_pid_pos": [0.0, 865.5252629156898, 3609.2952753663226], "k_pid_alt": [0.0, 1332.8984324454564, 3351.3943928364138], "k_pid_att": [6643.157558410778, 7409.388874039751, 0.0], "k_pid_yaw": [0.5, 1e-06, 0.1], "k_pid_hsp": [4458.281953873616, 2119.3864426349205, 1908.7519375673135], "k_pid_vsp": [6762.9766102294825, 3823.2601970563264, 7045.18495359706]}, "datetime": {"datetime": "2025-08-09 04:47:30", "elapsed": 43082.12339901924, "delta": 44.2262077331543}, "costs": {"total_cost": 2279.0553704594595, "time_cost": 150, "final_distance_cost": 60.23507225921485, "oscillation_cost": 893.2890281250739, "completition_cost": 1000.0, "overshoot_cost": 111.14741730091855, "power_cost": 36.42157875976563, "noise_cost": 27.96227401448699, "n_waypoints_completed": 0, "tot_waypoints": 9}}
{"target": -2461.0694517780425, "params": {"k_pid_pos": [6350.714490352727, 5517.709853101183, 4593.756470878057], "k_pid_alt": [10000.0, 5147.843796070456, 991.4604753597112], "k_pid_att": [6755.972678641664, 6215.743311508081, 0.0], "k_pid_yaw": [0.5, 1e-06, 0.1], "k_pid_hsp": [0.0, 3276.582350186658, 4740.386350723017], "k_pid_vsp": [3534.832807151601, 4218.956833289202, 763.293887732043]}, "datetime": {"datetime": "2025-08-09 04:48:13", "elapsed": 43125.20561814308, "delta": 43.08221912384033}, "costs": {"total_cost": 2461.0694517780425, "time_cost": 150, "final_distance_cost": 54.92088065585061, "oscillation_cost": 1082.8758714027654, "completition_cost": 1000.0, "overshoot_cost": 110.13157534682269, "power_cost": 35.5317230834961, "noise_cost": 27.609401289107506, "n_waypoints_completed": 0, "tot_waypoints": 9}}
{"target": -4832.336927018964, "params": {"k_pid_pos": [1362.935982766278, 204.83276896282155, 6709.750905840708], "k_pid_alt": [4992.572957562331, 2381.9631506245164, 1031.5756607883009], "k_pid_att": [4412.364980371783, 4388.140619783958, 1090.9360551812385], "k_pid_yaw": [0.5, 1e-06, 0.1], "k_pid_hsp": [2648.3748093592217, 4377.4760336195, 6650.44028518469], "k_pid_vsp": [7179.573268882203, 5040.024939325057, 4269.802733244621]}, "datetime": {"datetime": "2025-08-09 04:48:45", "elapsed": 43157.31330919266, "delta": 32.107691049575806}, "costs": {"total_cost": 4832.336927018964, "time_cost": 150, "final_distance_cost": 1154.9837238028185, "oscillation_cost": 111.42985023821481, "completition_cost": 1000.0, "overshoot_cost": 2351.8597886178195, "power_cost": 35.16253543701172, "noise_cost": 28.901028923100203, "n_waypoints_completed": 0, "tot_waypoints": 9}}
{"target": -6577.950026155909, "params": {"k_pid_pos": [8686.672961503025, 1737.004769077951, 8740.850049303306], "k_pid_alt": [9408.833076424677, 9827.757950714968, 2533.5771174825272], "k_pid_att": [1360.2760218089304, 4895.53425209571, 1455.6198222155804], "k_pid_yaw": [0.5, 1e-06, 0.1], "k_pid_hsp": [8192.503062910526, 4213.227376030516, 9057.950796349753], "k_pid_vsp": [5927.33542187959, 3489.7858229500043, 151.47501502042803]}, "datetime": {"datetime": "2025-08-09 04:49:18", "elapsed": 43189.652849674225, "delta": 32.33954048156738}, "costs": {"total_cost": 6577.950026155909, "time_cost": 150, "final_distance_cost": 1373.4328293643835, "oscillation_cost": 1490.8008122270837, "completition_cost": 1000.0, "overshoot_cost": 2362.2923343047432, "power_cost": 58.66573845214844, "noise_cost": 142.7583118075503, "n_waypoints_completed": 0, "tot_waypoints": 9}}
{"target": -28928.07065398575, "params": {"k_pid_pos": [7759.951911110943, 1263.4405518053404, 6135.417293933148], "k_pid_alt": [966.9076029666857, 9947.568041409393, 1283.393856124122], "k_pid_att": [7935.417574758378, 195.33652259737133, 2138.1984654676344], "k_pid_yaw": [0.5, 1e-06, 0.1], "k_pid_hsp": [5555.04335206449, 3372.9227974833066, 7061.177988848884], "k_pid_vsp": [3530.7715356211556, 9794.695390357307, 2971.4576699383333]}, "datetime": {"datetime": "2025-08-09 04:49:51", "elapsed": 43222.547985076904, "delta": 32.89513540267944}, "costs": {"total_cost": 28928.07065398575, "time_cost": 150, "final_distance_cost": 8331.754499253606, "oscillation_cost": 539.797062309763, "completition_cost": 1000.0, "overshoot_cost": 18705.609251631293, "power_cost": 58.60544443359375, "noise_cost": 142.30439635749107, "n_waypoints_completed": 0, "tot_waypoints": 9}}
{"target": -4180.996676923855, "params": {"k_pid_pos": [4958.591338202841, 8998.691433510985, 10000.0], "k_pid_alt": [0.0, 9027.691673192154, 8518.995893975143], "k_pid_att": [10000.0, 7307.363279641923, 3722.453944353005], "k_pid_yaw": [0.5, 1e-06, 0.1], "k_pid_hsp": [0.0, 2711.409809736717, 4415.8778304684], "k_pid_vsp": [57.76824431444981, 3358.0163381458465, 2496.3147407124347]}, "datetime": {"datetime": "2025-08-09 04:50:33", "elapsed": 43265.14292526245, "delta": 42.594940185546875}, "costs": {"total_cost": 4180.996676923855, "time_cost": 150, "final_distance_cost": 637.4712722836738, "oscillation_cost": 409.50276873905943, "completition_cost": 1000.0, "overshoot_cost": 1833.006341268114, "power_cost": 52.38691795654297, "noise_cost": 98.62937667646538, "n_waypoints_completed": 0, "tot_waypoints": 9}}
{"target": -7194.620520722623, "params": {"k_pid_pos": [6341.270257016064, 4713.735956432022, 9227.000375497057], "k_pid_alt": [6608.025468579352, 1510.5058112738013, 1394.4455719069238], "k_pid_att": [4559.4687185709945, 8067.372848243802, 9166.733732753195], "k_pid_yaw": [0.5, 1e-06, 0.1], "k_pid_hsp": [8318.45376996838, 3295.119186603842, 2667.403804944712], "k_pid_vsp": [1954.9275534585454, 3448.4108327883823, 7707.0764377147925]}, "datetime": {"datetime": "2025-08-09 04:51:06", "elapsed": 43297.671895980835, "delta": 32.52897071838379}, "costs": {"total_cost": 7194.620520722623, "time_cost": 150, "final_distance_cost": 1428.6867576700963, "oscillation_cost": 1165.865155169859, "completition_cost": 1000.0, "overshoot_cost": 3294.1540266080005, "power_cost": 52.86474509277344, "noise_cost": 103.04983618189274, "n_waypoints_completed": 0, "tot_waypoints": 9}}
{"target": -14280.516656537282, "params": {"k_pid_pos": [6435.481397773666, 2001.7501331840926, 5509.714820641029], "k_pid_alt": [1696.616320462494, 3523.012817200063, 8763.552088436145], "k_pid_att": [2307.081717932844, 6303.223787359014, 5892.603403404015], "k_pid_yaw": [0.5, 1e-06, 0.1], "k_pid_hsp": [3833.7728576191334, 2954.197683026943, 8232.32529102255], "k_pid_vsp": [1822.2295997989502, 1695.3636630682788, 4901.911109749863]}, "datetime": {"datetime": "2025-08-09 04:51:38", "elapsed": 43330.29601287842, "delta": 32.62411689758301}, "costs": {"total_cost": 14280.516656537282, "time_cost": 150, "final_distance_cost": 4146.178832377336, "oscillation_cost": 1078.5150910832472, "completition_cost": 1000.0, "overshoot_cost": 7737.4233757026, "power_cost": 54.38990870361329, "noise_cost": 114.00944867048564, "n_waypoints_completed": 0, "tot_waypoints": 9}}
{"target": -1313.5143476585245, "params": {"k_pid_pos": [8335.224419185564, 6796.219171392019, 4208.663352590048], "k_pid_alt": [1170.0149536761178, 8298.04810077403, 0.0], "k_pid_att": [5467.184866492861, 7660.90592033211, 0.0], "k_pid_yaw": [0.5, 1e-06, 0.1], "k_pid_hsp": [10000.0, 5797.487117389108, 363.1710170332703], "k_pid_vsp": [4860.022032014512, 10000.0, 5557.278244641083]}, "datetime": {"datetime": "2025-08-09 04:52:22", "elapsed": 43373.64174413681, "delta": 43.345731258392334}, "costs": {"total_cost": 1313.5143476585245, "time_cost": 150, "final_distance_cost": 62.74495804069112, "oscillation_cost": 172.11725029804572, "completition_cost": 777.7777777777778, "overshoot_cost": 79.85670959960773, "power_cost": 42.04131029052735, "noise_cost": 28.97634165187498, "n_waypoints_completed": 2, "tot_waypoints": 9}}
{"target": -31627.99080177831, "params": {"k_pid_pos": [9286.79186655056, 939.059259656968, 7372.149874171755], "k_pid_alt": [4709.810193550825, 4669.978959232557, 1767.9006264801899], "k_pid_att": [771.1674635285126, 9750.796406162413, 2593.0907550270153], "k_pid_yaw": [0.5, 1e-06, 0.1], "k_pid_hsp": [9015.591742764667, 7794.836802185462, 9385.922756735987], "k_pid_vsp": [2485.450018773757, 7068.778035173053, 2358.7540899046653]}, "datetime": {"datetime": "2025-08-09 04:52:56", "elapsed": 43408.38780260086, "delta": 34.74605846405029}, "costs": {"total_cost": 31627.99080177831, "time_cost": 150, "final_distance_cost": 8775.276787375456, "oscillation_cost": 1754.7039385434541, "completition_cost": 1000.0, "overshoot_cost": 19746.381550475842, "power_cost": 58.45005659179688, "noise_cost": 143.17846879175985, "n_waypoints_completed": 0, "tot_waypoints": 9}}
{"target": -13787.307285494917, "params": {"k_pid_pos": [8343.95981172671, 7511.624645218432, 5795.988532407994], "k_pid_alt": [9127.401957371074, 2139.357262987951, 2883.662344454513], "k_pid_att": [2257.284088315794, 5087.032080943803, 4944.010215536007], "k_pid_yaw": [0.5, 1e-06, 0.1], "k_pid_hsp": [6220.967586965094, 1670.841399946008, 1046.8473068921103], "k_pid_vsp": [7128.567552181806, 4717.864525523554, 1211.7771385446729]}, "datetime": {"datetime": "2025-08-09 04:53:29", "elapsed": 43440.786843538284, "delta": 32.399040937423706}, "costs": {"total_cost": 13787.307285494917, "time_cost": 150, "final_distance_cost": 3211.8862014888145, "oscillation_cost": 1443.9235479198621, "completition_cost": 1000.0, "overshoot_cost": 7785.199494965935, "power_cost": 58.597482397460944, "noise_cost": 137.70055872284436, "n_waypoints_completed": 0, "tot_waypoints": 9}}
{"target": -1848.3562132434263, "params": {"k_pid_pos": [5889.644123015736, 2030.7187698161704, 7854.315108679307], "k_pid_alt": [6051.093327324858, 6739.256078189191, 0.0], "k_pid_att": [7300.355823846385, 8771.294056916578, 0.0], "k_pid_yaw": [0.5, 1e-06, 0.1], "k_pid_hsp": [4939.0608492849, 8518.179442502616, 2645.7334842150126], "k_pid_vsp": [4158.598445091432, 10000.0, 5437.895496933372]}, "datetime": {"datetime": "2025-08-09 04:54:16", "elapsed": 43487.764570236206, "delta": 46.97772669792175}, "costs": {"total_cost": 1848.3562132434263, "time_cost": 150, "final_distance_cost": 82.32411878303506, "oscillation_cost": 587.1307617570312, "completition_cost": 888.8888888888888, "overshoot_cost": 73.57100901196848, "power_cost": 38.17170549316406, "noise_cost": 28.269729309338597, "n_waypoints_completed": 1, "tot_waypoints": 9}}
