{"target": -12730.705242160568, "params": {"k_pid_pos": [190.28304792534811, 6031.669542610722, 5636.298065240358], "k_pid_alt": [5003.795711027817, 3348.823547727737, 1286.2132051279896], "k_pid_att": [540.7638139290982, 7897.678500721788, 2878.7016348104944], "k_pid_yaw": [0.5, 1e-06, 0.1], "k_pid_hsp": [8785.519853155505, 263.21387174470414, 7010.419483249933], "k_pid_vsp": [6714.966782217308, 8537.936586648906, 6266.657909898195]}, "datetime": {"datetime": "2025-08-09 08:34:10", "elapsed": 56682.48546361923, "delta": 34.366631269454956}, "costs": {"total_cost": 12730.705242160568, "time_cost": 150, "final_distance_cost": 2367.3083394835107, "oscillation_cost": 1636.3932631649354, "completition_cost": 1000.0, "overshoot_cost": 7374.440360540836, "power_cost": 58.58924530029297, "noise_cost": 143.9740336709923, "n_waypoints_completed": 0, "tot_waypoints": 9}}
{"target": -10772.542906929273, "params": {"k_pid_pos": [3461.0216487335465, 2779.4596933423686, 1073.0745812171615], "k_pid_alt": [7939.444322308682, 2182.340791200531, 2992.8161435176057], "k_pid_att": [1975.99683966049, 8518.214483643542, 7875.562650623326], "k_pid_yaw": [0.5, 1e-06, 0.1], "k_pid_hsp": [712.4155769801278, 8100.8725252154, 6316.657178344649], "k_pid_vsp": [2882.188541936196, 5819.71913767225, 2327.3162346757435]}, "datetime": {"datetime": "2025-08-09 08:34:44", "elapsed": 56716.19473171234, "delta": 33.70926809310913}, "costs": {"total_cost": 10772.542906929273, "time_cost": 150, "final_distance_cost": 2302.997868181041, "oscillation_cost": 1675.4962020493256, "completition_cost": 1000.0, "overshoot_cost": 5442.076166395282, "power_cost": 58.655612695312506, "noise_cost": 143.31705760831224, "n_waypoints_completed": 0, "tot_waypoints": 9}}
{"target": -8214.598941671455, "params": {"k_pid_pos": [207.16490626395577, 3252.9148633633977, 1013.5688884285244], "k_pid_alt": [3451.0565636355027, 6100.948264193296, 73.46986528482424], "k_pid_att": [9703.050537233745, 705.8481071786694, 7787.66744212852], "k_pid_yaw": [0.5, 1e-06, 0.1], "k_pid_hsp": [9982.882571894117, 4964.581699158886, 2620.058098218976], "k_pid_vsp": [3683.6444902822095, 6704.108383980203, 3218.9855844753856]}, "datetime": {"datetime": "2025-08-09 08:35:19", "elapsed": 56750.53623628616, "delta": 34.34150457382202}, "costs": {"total_cost": 8214.598941671455, "time_cost": 150, "final_distance_cost": 1212.0204701481032, "oscillation_cost": 785.2220795628709, "completition_cost": 1000.0, "overshoot_cost": 4879.5722676147025, "power_cost": 58.62217578125, "noise_cost": 129.16194856452833, "n_waypoints_completed": 0, "tot_waypoints": 9}}
{"target": -2083.8719182375107, "params": {"k_pid_pos": [10000.0, 4568.678576123665, 5739.071796853583], "k_pid_alt": [2002.6115095582454, 0.0, 5900.153378484026], "k_pid_att": [8642.673641177373, 7099.727007764379, 0.0], "k_pid_yaw": [0.5, 1e-06, 0.1], "k_pid_hsp": [6166.399394092578, 5717.87445490194, 10000.0], "k_pid_vsp": [5156.671562537602, 10000.0, 8659.155843696004]}, "datetime": {"datetime": "2025-08-09 08:36:12", "elapsed": 56804.22039794922, "delta": 53.68416166305542}, "costs": {"total_cost": 2083.8719182375107, "time_cost": 150, "final_distance_cost": 103.03984793223455, "oscillation_cost": 890.4663078351178, "completition_cost": 777.7777777777778, "overshoot_cost": 98.08235588776962, "power_cost": 36.42146564941407, "noise_cost": 28.084163155197206, "n_waypoints_completed": 2, "tot_waypoints": 9}}
{"target": -4656.678226624799, "params": {"k_pid_pos": [2068.6746939793356, 2981.967794710506, 7096.462236519055], "k_pid_alt": [8459.00502443792, 9621.263659097045, 5694.490002101213], "k_pid_att": [7717.2137345627425, 6530.69462167767, 9940.244505322047], "k_pid_yaw": [0.5, 1e-06, 0.1], "k_pid_hsp": [4056.577999746229, 1303.42359903173, 7008.125605135198], "k_pid_vsp": [8186.591947902837, 9420.889391102468, 9686.080847742442]}, "datetime": {"datetime": "2025-08-09 08:36:46", "elapsed": 56838.251343250275, "delta": 34.03094530105591}, "costs": {"total_cost": 4656.678226624799, "time_cost": 150, "final_distance_cost": 1225.7555284640237, "oscillation_cost": 655.1603685059089, "completition_cost": 1000.0, "overshoot_cost": 1495.132026361891, "power_cost": 50.15736684570313, "noise_cost": 80.47293644727203, "n_waypoints_completed": 0, "tot_waypoints": 9}}
{"target": -1447.2336090216202, "params": {"k_pid_pos": [10000.0, 6498.342069493151, 4587.15159110124], "k_pid_alt": [2508.2779418174255, 4483.644348575098, 0.0], "k_pid_att": [10000.0, 9074.81198987455, 0.0], "k_pid_yaw": [0.5, 1e-06, 0.1], "k_pid_hsp": [0.0, 0.0, 0.0], "k_pid_vsp": [2291.686669448569, 5468.711463750513, 10000.0]}, "datetime": {"datetime": "2025-08-09 08:37:37", "elapsed": 56889.36671280861, "delta": 51.11536955833435}, "costs": {"total_cost": 1447.2336090216202, "time_cost": 150, "final_distance_cost": 10.874955840053898, "oscillation_cost": 0.0, "completition_cost": 1000.0, "overshoot_cost": 166.4099510673916, "power_cost": 29.932059130859376, "noise_cost": 90.01664298331532, "n_waypoints_completed": 0, "tot_waypoints": 9}}
{"target": -6001.127636432535, "params": {"k_pid_pos": [6717.116342497882, 5722.985459568777, 8924.576248893161], "k_pid_alt": [9128.883243615688, 6605.2306108859675, 1001.3408605362895], "k_pid_att": [8292.86990127071, 2744.2408254018515, 8770.709982356015], "k_pid_yaw": [0.5, 1e-06, 0.1], "k_pid_hsp": [3576.487925291574, 8970.383154495203, 5069.678599629157], "k_pid_vsp": [3300.159547796523, 8810.396827240125, 6221.883510037859]}, "datetime": {"datetime": "2025-08-09 08:38:12", "elapsed": 56924.22472810745, "delta": 34.858015298843384}, "costs": {"total_cost": 6001.127636432535, "time_cost": 150, "final_distance_cost": 1865.944175966004, "oscillation_cost": 226.7476120869929, "completition_cost": 1000.0, "overshoot_cost": 2675.458505624024, "power_cost": 42.12829331054688, "noise_cost": 40.849049444967115, "n_waypoints_completed": 0, "tot_waypoints": 9}}
{"target": -10187.18262265104, "params": {"k_pid_pos": [6395.375442006838, 8659.40116553396, 7939.4933379015], "k_pid_alt": [1951.2257858439552, 6879.430381060016, 982.3013255943624], "k_pid_att": [8636.209852953727, 37.080474026272014, 1915.6842363993742], "k_pid_yaw": [0.5, 1e-06, 0.1], "k_pid_hsp": [255.38897930764915, 8281.574080344173, 1785.8739971210302], "k_pid_vsp": [6193.6310954666715, 107.34919205579784, 4521.079100625461]}, "datetime": {"datetime": "2025-08-09 08:38:47", "elapsed": 56958.935972452164, "delta": 34.711244344711304}, "costs": {"total_cost": 10187.18262265104, "time_cost": 150, "final_distance_cost": 451.4722480123423, "oscillation_cost": 455.8889328428234, "completition_cost": 1000.0, "overshoot_cost": 7928.040184665555, "power_cost": 58.67798572998047, "noise_cost": 143.10327140033914, "n_waypoints_completed": 0, "tot_waypoints": 9}}
{"target": -23009.13968088205, "params": {"k_pid_pos": [4607.415981043109, 9808.349418562291, 8804.365771014809], "k_pid_alt": [4654.388160614207, 6859.136482542476, 1479.6287552655463], "k_pid_att": [5206.27501842045, 4243.476393836469, 7620.0735514420585], "k_pid_yaw": [0.5, 1e-06, 0.1], "k_pid_hsp": [2572.0471795755584, 6646.083069177857, 4798.001980638192], "k_pid_vsp": [7334.02631856098, 1060.190027101816, 4084.188304667455]}, "datetime": {"datetime": "2025-08-09 08:39:21", "elapsed": 56993.2288544178, "delta": 34.29288196563721}, "costs": {"total_cost": 23009.13968088205, "time_cost": 150, "final_distance_cost": 6969.151368013047, "oscillation_cost": 754.5495532568052, "completition_cost": 1000.0, "overshoot_cost": 13934.03581078525, "power_cost": 58.58682911376953, "noise_cost": 142.81611971317756, "n_waypoints_completed": 0, "tot_waypoints": 9}}
{"target": -1172.867294270894, "params": {"k_pid_pos": [5076.245949822186, 7880.59197660318, 10000.0], "k_pid_alt": [815.0632453476779, 0.0, 10000.0], "k_pid_att": [6827.501998104965, 0.0, 0.0], "k_pid_yaw": [0.5, 1e-06, 0.1], "k_pid_hsp": [4603.048558350455, 10000.0, 1295.9806274359041], "k_pid_vsp": [6267.803893244478, 2991.9243214143626, 5664.173534029134]}, "datetime": {"datetime": "2025-08-09 08:40:10", "elapsed": 57042.51989364624, "delta": 49.29103922843933}, "costs": {"total_cost": 1172.867294270894, "time_cost": 150, "final_distance_cost": 49.191943502464426, "oscillation_cost": 172.9319162562708, "completition_cost": 666.6666666666667, "overshoot_cost": 63.19617584434858, "power_cost": 41.92440350341797, "noise_cost": 28.956188497725705, "n_waypoints_completed": 3, "tot_waypoints": 9}}
{"target": -4379.972813681643, "params": {"k_pid_pos": [1133.2524248906761, 8774.526418399853, 7948.041538928516], "k_pid_alt": [2746.631920257967, 9906.755309059841, 6714.875413527164], "k_pid_att": [7927.007650560708, 622.4000623663118, 9175.808285747142], "k_pid_yaw": [0.5, 1e-06, 0.1], "k_pid_hsp": [7822.55311309529, 1068.3451671866108, 7142.093277923705], "k_pid_vsp": [6792.952582739817, 9061.184024995844, 2322.732109616916]}, "datetime": {"datetime": "2025-08-09 08:40:45", "elapsed": 57076.735753536224, "delta": 34.21585988998413}, "costs": {"total_cost": 4379.972813681643, "time_cost": 150, "final_distance_cost": 508.37692912041007, "oscillation_cost": 796.5625047073703, "completition_cost": 1000.0, "overshoot_cost": 1742.6699930933357, "power_cost": 58.55283464355469, "noise_cost": 123.81055211697199, "n_waypoints_completed": 0, "tot_waypoints": 9}}
{"target": -1485.2443735078095, "params": {"k_pid_pos": [0.0, 10000.0, 6330.479107284332], "k_pid_alt": [10000.0, 1530.3155842738693, 4780.192597908102], "k_pid_att": [6854.337379365982, 4583.221359405651, 0.0], "k_pid_yaw": [0.5, 1e-06, 0.1], "k_pid_hsp": [3941.175969087086, 8310.66737590135, 4667.410977064439], "k_pid_vsp": [1847.0968748453886, 10000.0, 7587.277517780316]}, "datetime": {"datetime": "2025-08-09 08:41:37", "elapsed": 57129.518933057785, "delta": 52.78317952156067}, "costs": {"total_cost": 1485.2443735078095, "time_cost": 150, "final_distance_cost": 106.96639507298609, "oscillation_cost": 288.33916694436044, "completition_cost": 777.7777777777778, "overshoot_cost": 93.13339184983286, "power_cost": 40.19664462890625, "noise_cost": 28.83099723394624, "n_waypoints_completed": 2, "tot_waypoints": 9}}
{"target": -1668.4797344180943, "params": {"k_pid_pos": [6037.235433228394, 10000.0, 10000.0], "k_pid_alt": [6706.021868552179, 6011.711297443903, 9722.978334460056], "k_pid_att": [5815.661122495376, 0.0, 0.0], "k_pid_yaw": [0.5, 1e-06, 0.1], "k_pid_hsp": [4568.695270194631, 6984.187162701657, 4253.4482097915], "k_pid_vsp": [8051.302303527945, 4687.566549121929, 744.6482846869088]}, "datetime": {"datetime": "2025-08-09 08:42:30", "elapsed": 57182.4396545887, "delta": 52.92072153091431}, "costs": {"total_cost": 1668.4797344180943, "time_cost": 150, "final_distance_cost": 67.67838209072868, "oscillation_cost": 301.75070235018006, "completition_cost": 1000.0, "overshoot_cost": 80.08170751714522, "power_cost": 40.334905078125004, "noise_cost": 28.634037381915153, "n_waypoints_completed": 0, "tot_waypoints": 9}}
{"target": -1397.599047404448, "params": {"k_pid_pos": [3856.6404944556134, 5471.801254318954, 4518.767766203577], "k_pid_alt": [3755.0296749231165, 0.0, 0.0], "k_pid_att": [9594.377326793536, 7120.493643519332, 0.0], "k_pid_yaw": [0.5, 1e-06, 0.1], "k_pid_hsp": [0.0, 437.47247653093154, 0.0], "k_pid_vsp": [5456.156832413282, 1990.959790685143, 4596.40942026468]}, "datetime": {"datetime": "2025-08-09 08:43:23", "elapsed": 57234.61827802658, "delta": 52.17862343788147}, "costs": {"total_cost": 1397.599047404448, "time_cost": 150, "final_distance_cost": 58.52356775151324, "oscillation_cost": 156.9884249724459, "completition_cost": 888.8888888888888, "overshoot_cost": 67.7981830760919, "power_cost": 45.673424719238284, "noise_cost": 29.72655799626982, "n_waypoints_completed": 1, "tot_waypoints": 9}}
{"target": -6835.307307050888, "params": {"k_pid_pos": [6114.227501058994, 1033.4432143608897, 7118.673245444569], "k_pid_alt": [8517.416584180519, 8832.477411517166, 9804.726967775006], "k_pid_att": [4107.834767053419, 2639.545446298639, 2899.5220650699525], "k_pid_yaw": [0.5, 1e-06, 0.1], "k_pid_hsp": [3833.0700383048775, 7828.793729199816, 1797.55518582275], "k_pid_vsp": [9839.721013583314, 3915.3884726304354, 4228.0451440832785]}, "datetime": {"datetime": "2025-08-09 08:43:57", "elapsed": 57269.1922287941, "delta": 34.57395076751709}, "costs": {"total_cost": 6835.307307050888, "time_cost": 150, "final_distance_cost": 1062.3318193404584, "oscillation_cost": 684.5483260523148, "completition_cost": 1000.0, "overshoot_cost": 3741.7279740534887, "power_cost": 58.664361511230474, "noise_cost": 138.0348260933952, "n_waypoints_completed": 0, "tot_waypoints": 9}}
{"target": -4292.038000074237, "params": {"k_pid_pos": [6553.906431397953, 5032.88129925036, 7047.360566556286], "k_pid_alt": [4736.531431570948, 1161.7214313019053, 927.2979858268815], "k_pid_att": [7437.830065123428, 9042.975427961534, 5561.476384082369], "k_pid_yaw": [0.5, 1e-06, 0.1], "k_pid_hsp": [2388.769818049672, 5970.89258468887, 8712.02880897935], "k_pid_vsp": [9477.051525837409, 2290.0857948572493, 5397.861134068168]}, "datetime": {"datetime": "2025-08-09 08:44:37", "elapsed": 57308.967108011246, "delta": 39.77487921714783}, "costs": {"total_cost": 4292.038000074237, "time_cost": 150, "final_distance_cost": 626.9192138148351, "oscillation_cost": 671.5397189968386, "completition_cost": 1000.0, "overshoot_cost": 1649.9020212650737, "power_cost": 58.63381838378906, "noise_cost": 135.04322761370034, "n_waypoints_completed": 0, "tot_waypoints": 9}}
{"target": -2723.4493678940617, "params": {"k_pid_pos": [5803.040650945526, 987.8437956819349, 8451.187648028752], "k_pid_alt": [1926.8044268406286, 0.0, 3035.589498234421], "k_pid_att": [10000.0, 7157.075482929904, 1987.4396210264188], "k_pid_yaw": [0.5, 1e-06, 0.1], "k_pid_hsp": [467.1270999299102, 4686.222981578506, 6533.307807535199], "k_pid_vsp": [9835.862590725914, 2152.4147528623744, 7989.91826831359]}, "datetime": {"datetime": "2025-08-09 08:45:31", "elapsed": 57362.90246343613, "delta": 53.93535542488098}, "costs": {"total_cost": 2723.4493678940617, "time_cost": 150, "final_distance_cost": 471.8844620547999, "oscillation_cost": 151.21468201557045, "completition_cost": 1000.0, "overshoot_cost": 868.7801116846837, "power_cost": 39.87324483642578, "noise_cost": 41.696867302581715, "n_waypoints_completed": 0, "tot_waypoints": 9}}
{"target": -1434.064975970629, "params": {"k_pid_pos": [10000.0, 10000.0, 5623.332744315821], "k_pid_alt": [7982.49731432248, 5234.734387154711, 8589.33586077524], "k_pid_att": [10000.0, 5659.116150580514, 0.0], "k_pid_yaw": [0.5, 1e-06, 0.1], "k_pid_hsp": [0.0, 4330.9756550867805, 0.0], "k_pid_vsp": [7382.468897941372, 540.7135357858853, 10000.0]}, "datetime": {"datetime": "2025-08-09 08:46:20", "elapsed": 57411.80892300606, "delta": 48.90645956993103}, "costs": {"total_cost": 1434.064975970629, "time_cost": 150, "final_distance_cost": 48.317124258243105, "oscillation_cost": 101.92300249023884, "completition_cost": 1000.0, "overshoot_cost": 57.97632694276353, "power_cost": 45.98227364501953, "noise_cost": 29.86624863436363, "n_waypoints_completed": 0, "tot_waypoints": 9}}
{"target": -1620.3697927793562, "params": {"k_pid_pos": [4717.554730907779, 10000.0, 7963.333916040237], "k_pid_alt": [10000.0, 10000.0, 0.0], "k_pid_att": [10000.0, 10000.0, 0.0], "k_pid_yaw": [0.5, 1e-06, 0.1], "k_pid_hsp": [5976.8061508372375, 4638.785410859101, 0.0], "k_pid_vsp": [2265.768961468976, 4331.067659547412, 8666.301361418167]}, "datetime": {"datetime": "2025-08-09 08:47:14", "elapsed": 57465.627715826035, "delta": 53.81879281997681}, "costs": {"total_cost": 1620.3697927793562, "time_cost": 150, "final_distance_cost": 65.69504474152372, "oscillation_cost": 268.1011404879904, "completition_cost": 1000.0, "overshoot_cost": 64.42793058540614, "power_cost": 42.545398486328125, "noise_cost": 29.60027847810782, "n_waypoints_completed": 0, "tot_waypoints": 9}}
{"target": -24495.99685949188, "params": {"k_pid_pos": [3169.847379805624, 9274.546716719562, 4891.877502833329], "k_pid_alt": [9526.394293551417, 8683.488698517465, 242.8258863722521], "k_pid_att": [6061.7075352033235, 9964.747539348167, 6551.519534652824], "k_pid_yaw": [0.5, 1e-06, 0.1], "k_pid_hsp": [7025.82267390869, 1478.9273124126978, 3831.8675428253337], "k_pid_vsp": [8286.981047207013, 9119.117095004403, 7973.014417906521]}, "datetime": {"datetime": "2025-08-09 08:47:50", "elapsed": 57501.695397138596, "delta": 36.067681312561035}, "costs": {"total_cost": 24495.99685949188, "time_cost": 150, "final_distance_cost": 7215.14975845032, "oscillation_cost": 1650.7015661608505, "completition_cost": 1000.0, "overshoot_cost": 14277.49380467261, "power_cost": 58.62121082763672, "noise_cost": 144.03051938046417, "n_waypoints_completed": 0, "tot_waypoints": 9}}
{"target": -1449.7987625276019, "params": {"k_pid_pos": [4940.230459008124, 0.0, 70.2580077664731], "k_pid_alt": [10000.0, 6613.9335727586795, 10000.0], "k_pid_att": [10000.0, 6123.271450732628, 0.0], "k_pid_yaw": [0.5, 1e-06, 0.1], "k_pid_hsp": [3140.4152651638974, 52.965480588542604, 0.0], "k_pid_vsp": [5448.218887764184, 8021.346146866552, 3032.2778737204812]}, "datetime": {"datetime": "2025-08-09 08:48:41", "elapsed": 57552.8800740242, "delta": 51.18467688560486}, "costs": {"total_cost": 1449.7987625276019, "time_cost": 150, "final_distance_cost": 51.89829283967162, "oscillation_cost": 427.87383942951845, "completition_cost": 666.6666666666667, "overshoot_cost": 84.15585128126197, "power_cost": 40.30306773681641, "noise_cost": 28.901044573666788, "n_waypoints_completed": 3, "tot_waypoints": 9}}
{"target": -12101.734803919902, "params": {"k_pid_pos": [1715.9405893392266, 3887.1461124632388, 1874.1867259011335], "k_pid_alt": [8129.466081201416, 3758.8994178578714, 6834.661625667513], "k_pid_att": [5214.8956542672295, 4851.0467400003, 7273.579651486799], "k_pid_yaw": [0.5, 1e-06, 0.1], "k_pid_hsp": [5331.319534851372, 7386.825707284578, 1044.4058697565572], "k_pid_vsp": [6411.61799565808, 1660.3356866613772, 2503.9223165498183]}, "datetime": {"datetime": "2025-08-09 08:49:15", "elapsed": 57586.811972141266, "delta": 33.93189811706543}, "costs": {"total_cost": 12101.734803919902, "time_cost": 150, "final_distance_cost": 2220.7777712167467, "oscillation_cost": 1495.9800770126503, "completition_cost": 1000.0, "overshoot_cost": 7033.612057717757, "power_cost": 58.62946462402344, "noise_cost": 142.735433348724, "n_waypoints_completed": 0, "tot_waypoints": 9}}
{"target": -2000.2587964774998, "params": {"k_pid_pos": [1425.8933545996908, 0.0, 2711.419378098952], "k_pid_alt": [5377.419449309084, 5396.941960742845, 9765.02978157433], "k_pid_att": [8341.275996848128, 7864.030115436315, 0.0], "k_pid_yaw": [0.5, 1e-06, 0.1], "k_pid_hsp": [1349.919189053843, 254.0361626306562, 231.7148936000984], "k_pid_vsp": [7307.960971947895, 9260.433449805503, 10000.0]}, "datetime": {"datetime": "2025-08-09 08:50:10", "elapsed": 57642.04956173897, "delta": 55.237589597702026}, "costs": {"total_cost": 2000.2587964774998, "time_cost": 150, "final_distance_cost": 68.663683921232, "oscillation_cost": 834.5935820768159, "completition_cost": 777.7777777777778, "overshoot_cost": 104.29081864672419, "power_cost": 36.7852251953125, "noise_cost": 28.147708859637618, "n_waypoints_completed": 2, "tot_waypoints": 9}}
{"target": -5013.993080594029, "params": {"k_pid_pos": [2160.7027183243554, 5805.813321767678, 4953.458834370299], "k_pid_alt": [6270.635244570164, 8575.067735881705, 1242.199057892316], "k_pid_att": [9802.008366021386, 3649.094104514112, 6197.61552188367], "k_pid_yaw": [0.5, 1e-06, 0.1], "k_pid_hsp": [4778.46484789405, 1553.893729388367, 5085.009471260504], "k_pid_vsp": [6328.12704511724, 1693.1975847599156, 6241.281761031239]}, "datetime": {"datetime": "2025-08-09 08:50:44", "elapsed": 57675.94465637207, "delta": 33.89509463310242}, "costs": {"total_cost": 5013.993080594029, "time_cost": 150, "final_distance_cost": 929.9462874536346, "oscillation_cost": 178.80474919235783, "completition_cost": 1000.0, "overshoot_cost": 2674.351803705969, "power_cost": 42.200767590332035, "noise_cost": 38.68947265173619, "n_waypoints_completed": 0, "tot_waypoints": 9}}
{"target": -905.2743964779196, "params": {"k_pid_pos": [2856.114652300782, 1093.8447533245317, 0.0], "k_pid_alt": [4959.219810630323, 0.0, 7669.09664516258], "k_pid_att": [6782.542948762245, 4834.961429214052, 0.0], "k_pid_yaw": [0.5, 1e-06, 0.1], "k_pid_hsp": [7242.50596757227, 10000.0, 7940.806473877453], "k_pid_vsp": [238.75542794433284, 10000.0, 8049.966223402972]}, "datetime": {"datetime": "2025-08-09 08:51:39", "elapsed": 57731.07348179817, "delta": 55.128825426101685}, "costs": {"total_cost": 905.2743964779196, "time_cost": 150, "final_distance_cost": 45.21412679266718, "oscillation_cost": 322.06988051739137, "completition_cost": 222.2222222222222, "overshoot_cost": 95.86263620719598, "power_cost": 40.818769824218755, "noise_cost": 29.086760914224236, "n_waypoints_completed": 7, "tot_waypoints": 9}}
{"target": -4821.471165900485, "params": {"k_pid_pos": [977.954189685215, 8717.44662824212, 6984.122162804828], "k_pid_alt": [2966.9558214049894, 1631.4757964123849, 7106.287118001691], "k_pid_att": [196.26733177373623, 3930.0773163761514, 6167.487877890989], "k_pid_yaw": [0.5, 1e-06, 0.1], "k_pid_hsp": [3347.970394552512, 6513.864812465099, 4259.361966736987], "k_pid_vsp": [6438.245194095639, 8677.850326379603, 7368.360395561291]}, "datetime": {"datetime": "2025-08-09 08:52:13", "elapsed": 57765.33623099327, "delta": 34.26274919509888}, "costs": {"total_cost": 4821.471165900485, "time_cost": 150, "final_distance_cost": 1235.3978570952336, "oscillation_cost": 635.7905170645223, "completition_cost": 1000.0, "overshoot_cost": 1628.815728752054, "power_cost": 55.11530325927735, "noise_cost": 116.35175972939813, "n_waypoints_completed": 0, "tot_waypoints": 9}}
