{"target": -1613.7205082443977, "params": {"k_pid_pos": [9724.06384837925, 3277.5528369747094, 0.0], "k_pid_alt": [0.0, 4090.148010041465, 0.0], "k_pid_att": [1281.578602130805, 0.0, 0.0], "k_pid_yaw": [0.5, 1e-06, 0.1], "k_pid_hsp": [5291.197970450874, 9735.041594953978, 6193.63661752803], "k_pid_vsp": [7792.049410507143, 5023.471808750491, 7093.614001735751]}, "datetime": {"datetime": "2025-08-09 16:59:07", "elapsed": 86979.30150961876, "delta": 65.75571656227112}, "costs": {"total_cost": 1613.7205082443977, "time_cost": 150, "final_distance_cost": 44.16430056331543, "oscillation_cost": 265.6098346306156, "completition_cost": 1000.0, "overshoot_cost": 84.34568664650234, "power_cost": 40.39594533691407, "noise_cost": 29.20474106705021, "n_waypoints_completed": 0, "tot_waypoints": 9}}
{"target": -2331.8767594276346, "params": {"k_pid_pos": [0.0, 10000.0, 10000.0], "k_pid_alt": [1450.7493337315284, 5426.240738836104, 10000.0], "k_pid_att": [5168.765410205143, 0.0, 0.0], "k_pid_yaw": [0.5, 1e-06, 0.1], "k_pid_hsp": [2217.3661177510685, 7387.888554178357, 4188.2351102446955], "k_pid_vsp": [8450.219221672605, 0.0, 2679.229950934929]}, "datetime": {"datetime": "2025-08-09 17:00:14", "elapsed": 87046.51013755798, "delta": 67.20862793922424}, "costs": {"total_cost": 2331.8767594276346, "time_cost": 150, "final_distance_cost": 80.8394915481837, "oscillation_cost": 808.6650512660269, "completition_cost": 1000.0, "overshoot_cost": 229.61348673946523, "power_cost": 35.12095684814453, "noise_cost": 27.63777302581428, "n_waypoints_completed": 0, "tot_waypoints": 9}}
{"target": -2889.180385820064, "params": {"k_pid_pos": [2235.3754081331967, 3211.057319349322, 4829.465263174231], "k_pid_alt": [1763.229953477722, 5517.358875494174, 9654.793999029882], "k_pid_att": [5596.320137239488, 6414.015511643768, 2604.8234415485294], "k_pid_yaw": [0.5, 1e-06, 0.1], "k_pid_hsp": [5790.313748109327, 9753.522183927003, 2838.125372413176], "k_pid_vsp": [8030.83056417062, 3357.660117875817, 5300.567070622741]}, "datetime": {"datetime": "2025-08-09 17:00:53", "elapsed": 87084.7692527771, "delta": 38.25911521911621}, "costs": {"total_cost": 2889.180385820064, "time_cost": 150, "final_distance_cost": 424.26516813260656, "oscillation_cost": 614.1223175444838, "completition_cost": 1000.0, "overshoot_cost": 522.5927599961616, "power_cost": 58.59457607421875, "noise_cost": 119.60556407259348, "n_waypoints_completed": 0, "tot_waypoints": 9}}
{"target": -2670.3715808471475, "params": {"k_pid_pos": [6651.102288870052, 545.7459974801982, 4334.342524736658], "k_pid_alt": [4032.8198862513555, 7116.068800738518, 2838.046032283826], "k_pid_att": [6259.723870382886, 7282.00937916341, 2662.994551825186], "k_pid_yaw": [0.5, 1e-06, 0.1], "k_pid_hsp": [2309.637577828553, 1675.9123977665147, 9837.751031987258], "k_pid_vsp": [5751.787762038129, 2928.194723984593, 7058.958555614619]}, "datetime": {"datetime": "2025-08-09 17:01:31", "elapsed": 87122.58561754227, "delta": 37.816364765167236}, "costs": {"total_cost": 2670.3715808471475, "time_cost": 150, "final_distance_cost": 330.2185769031771, "oscillation_cost": 81.0399300340571, "completition_cost": 1000.0, "overshoot_cost": 1046.2568853548682, "power_cost": 35.13537380371094, "noise_cost": 27.72081475133378, "n_waypoints_completed": 0, "tot_waypoints": 9}}
{"target": -7284.299614574661, "params": {"k_pid_pos": [956.9298995982134, 7827.820483165444, 4928.031051370818], "k_pid_alt": [5582.535617423948, 5024.9401773690515, 1022.0258947544158], "k_pid_att": [1112.3045341518389, 7959.1832609272715, 8008.529520030113], "k_pid_yaw": [0.5, 1e-06, 0.1], "k_pid_hsp": [6124.700328539361, 458.5651808943747, 7859.7135709835065], "k_pid_vsp": [3845.2660525400806, 6314.368444421636, 6379.00176187049]}, "datetime": {"datetime": "2025-08-09 17:02:09", "elapsed": 87160.53898692131, "delta": 37.95336937904358}, "costs": {"total_cost": 7284.299614574661, "time_cost": 150, "final_distance_cost": 1161.3469065145505, "oscillation_cost": 1443.2060206342476, "completition_cost": 1000.0, "overshoot_cost": 3362.0482638002, "power_cost": 53.986572888183595, "noise_cost": 113.71185073748023, "n_waypoints_completed": 0, "tot_waypoints": 9}}
{"target": -1619.2100547182756, "params": {"k_pid_pos": [10000.0, 10000.0, 7311.961950304], "k_pid_alt": [3275.4298169934154, 5745.441862953857, 0.0], "k_pid_att": [2544.586895748619, 3890.27873777671, 0.0], "k_pid_yaw": [0.5, 1e-06, 0.1], "k_pid_hsp": [10000.0, 10000.0, 6858.13078428467], "k_pid_vsp": [7942.137689367373, 0.0, 10000.0]}, "datetime": {"datetime": "2025-08-09 17:03:27", "elapsed": 87239.22993350029, "delta": 78.69094657897949}, "costs": {"total_cost": 1619.2100547182756, "time_cost": 150, "final_distance_cost": 86.28867138676581, "oscillation_cost": 336.01814791137343, "completition_cost": 888.8888888888888, "overshoot_cost": 89.74327788564085, "power_cost": 39.39500262451172, "noise_cost": 28.876066021094662, "n_waypoints_completed": 1, "tot_waypoints": 9}}
{"target": -2165.7491065134423, "params": {"k_pid_pos": [5572.126403939539, 0.0, 3219.1640352736295], "k_pid_alt": [2791.357446974443, 2955.91139301408, 0.0], "k_pid_att": [6512.664712378807, 6231.303122717769, 0.0], "k_pid_yaw": [0.5, 1e-06, 0.1], "k_pid_hsp": [0.0, 2513.1325478416884, 7263.110590667878], "k_pid_vsp": [8256.43585835492, 5714.855405950367, 10000.0]}, "datetime": {"datetime": "2025-08-09 17:04:38", "elapsed": 87309.53072524071, "delta": 70.30079174041748}, "costs": {"total_cost": 2165.7491065134423, "time_cost": 150, "final_distance_cost": 79.48151854258886, "oscillation_cost": 856.9747321712658, "completition_cost": 888.8888888888888, "overshoot_cost": 126.11708362858985, "power_cost": 36.2598560913086, "noise_cost": 28.027027190800606, "n_waypoints_completed": 1, "tot_waypoints": 9}}
{"target": -19247.822472046933, "params": {"k_pid_pos": [7697.22407707148, 2445.633258772626, 6783.634992899582], "k_pid_alt": [4901.415881146548, 4232.999199441761, 2579.6919940649464], "k_pid_att": [5181.6583352844455, 5187.998053334633, 9778.528038363012], "k_pid_yaw": [0.5, 1e-06, 0.1], "k_pid_hsp": [607.2465104844438, 7776.20618375859, 8885.613147205506], "k_pid_vsp": [5967.593925239515, 5777.609091256779, 2053.7535673550055]}, "datetime": {"datetime": "2025-08-09 17:05:15", "elapsed": 87346.60687923431, "delta": 37.07615399360657}, "costs": {"total_cost": 19247.822472046933, "time_cost": 150, "final_distance_cost": 5636.564924260974, "oscillation_cost": 800.5793865978846, "completition_cost": 1000.0, "overshoot_cost": 11463.007536252986, "power_cost": 58.6678291015625, "noise_cost": 139.00279583352258, "n_waypoints_completed": 0, "tot_waypoints": 9}}
{"target": -1617.6061930988808, "params": {"k_pid_pos": [5134.4434826827055, 5333.326146415339, 0.0], "k_pid_alt": [10000.0, 0.0, 4850.063231604382], "k_pid_att": [10000.0, 0.0, 0.0], "k_pid_yaw": [0.5, 1e-06, 0.1], "k_pid_hsp": [10000.0, 0.0, 184.39237003294642], "k_pid_vsp": [4897.126686801352, 6011.174069801742, 3484.0985605343994]}, "datetime": {"datetime": "2025-08-09 17:06:24", "elapsed": 87416.46976852417, "delta": 69.86288928985596}, "costs": {"total_cost": 1617.6061930988808, "time_cost": 150, "final_distance_cost": 45.38831901135613, "oscillation_cost": 303.63869372274326, "completition_cost": 1000.0, "overshoot_cost": 50.86169115626166, "power_cost": 39.19840808105469, "noise_cost": 28.519081127465032, "n_waypoints_completed": 0, "tot_waypoints": 9}}
{"target": -1422.7482556018772, "params": {"k_pid_pos": [8958.455153239698, 0.0, 0.0], "k_pid_alt": [4866.5350707416665, 8572.95992813254, 2244.3750768801465], "k_pid_att": [10000.0, 3590.531983416424, 0.0], "k_pid_yaw": [0.5, 1e-06, 0.1], "k_pid_hsp": [6425.406060861901, 10000.0, 0.0], "k_pid_vsp": [5472.004519888404, 3707.0612615223818, 5944.173887105264]}, "datetime": {"datetime": "2025-08-09 17:07:30", "elapsed": 87481.61177039146, "delta": 65.14200186729431}, "costs": {"total_cost": 1422.7482556018772, "time_cost": 150, "final_distance_cost": 29.00650773236024, "oscillation_cost": 115.88120905411209, "completition_cost": 1000.0, "overshoot_cost": 52.77116972705903, "power_cost": 45.455687561035155, "noise_cost": 29.633681527310667, "n_waypoints_completed": 0, "tot_waypoints": 9}}
{"target": -3483.7921762543438, "params": {"k_pid_pos": [7020.2067350054085, 2667.301117402968, 3437.9604307682753], "k_pid_alt": [9957.790952339823, 5696.705551734815, 553.939312629853], "k_pid_att": [5594.1531444306265, 7666.569406734144, 1804.9445191850955], "k_pid_yaw": [0.5, 1e-06, 0.1], "k_pid_hsp": [2181.895444057177, 6342.978301258304, 9830.172548006323], "k_pid_vsp": [2233.692463092566, 4871.229295930088, 898.3796032503055]}, "datetime": {"datetime": "2025-08-09 17:08:10", "elapsed": 87522.07243871689, "delta": 40.460668325424194}, "costs": {"total_cost": 3483.7921762543438, "time_cost": 150, "final_distance_cost": 593.9218143136563, "oscillation_cost": 134.98930429186564, "completition_cost": 1000.0, "overshoot_cost": 1537.4446775140582, "power_cost": 35.84594294433594, "noise_cost": 31.590437190427597, "n_waypoints_completed": 0, "tot_waypoints": 9}}
{"target": -6065.123124051769, "params": {"k_pid_pos": [455.9222664734586, 8659.19940647464, 6624.16018818544], "k_pid_alt": [2638.6098311086193, 9969.944699027486, 9825.610822567496], "k_pid_att": [3394.3247490113727, 7579.478071240067, 3258.631494977514], "k_pid_yaw": [0.5, 1e-06, 0.1], "k_pid_hsp": [5078.325212922536, 7836.241476736927, 7777.432610304243], "k_pid_vsp": [909.3332649570807, 4176.790687724827, 3512.859997068827]}, "datetime": {"datetime": "2025-08-09 17:08:47", "elapsed": 87559.25255131721, "delta": 37.18011260032654}, "costs": {"total_cost": 6065.123124051769, "time_cost": 150, "final_distance_cost": 1228.0739100949747, "oscillation_cost": 1098.0386024255743, "completition_cost": 1000.0, "overshoot_cost": 2405.568776930511, "power_cost": 56.586661633300785, "noise_cost": 126.85517296740862, "n_waypoints_completed": 0, "tot_waypoints": 9}}
{"target": -5672.774206140335, "params": {"k_pid_pos": [3279.232213648823, 515.9554654271814, 2231.1707812330183], "k_pid_alt": [9550.364945973819, 6380.938920397025, 1944.2441056200987], "k_pid_att": [3260.621652651078, 1440.9817689522931, 1153.4940432210394], "k_pid_yaw": [0.5, 1e-06, 0.1], "k_pid_hsp": [7362.68449698359, 1904.0191588515743, 3704.1262092085713], "k_pid_vsp": [6543.896688758335, 9592.917607352341, 5252.049022839066]}, "datetime": {"datetime": "2025-08-09 17:09:26", "elapsed": 87597.78421020508, "delta": 38.53165888786316}, "costs": {"total_cost": 5672.774206140335, "time_cost": 150, "final_distance_cost": 1044.7565067621504, "oscillation_cost": 193.6427578270105, "completition_cost": 1000.0, "overshoot_cost": 3201.6425251144265, "power_cost": 39.770233984375004, "noise_cost": 42.96218245237224, "n_waypoints_completed": 0, "tot_waypoints": 9}}
{"target": -3554.459937770044, "params": {"k_pid_pos": [1789.4492341017965, 133.35213185797002, 5203.5771309388065], "k_pid_alt": [2103.7949549328405, 5287.436220950684, 9180.97478210444], "k_pid_att": [8559.336042373214, 5115.011973087131, 4725.798372203386], "k_pid_yaw": [0.5, 1e-06, 0.1], "k_pid_hsp": [3049.509846464198, 7824.573168426473, 1019.8729528162121], "k_pid_vsp": [1272.3412636468024, 2972.5013163291383, 6649.118634560518]}, "datetime": {"datetime": "2025-08-09 17:10:06", "elapsed": 87637.77220797539, "delta": 39.98799777030945}, "costs": {"total_cost": 3554.459937770044, "time_cost": 150, "final_distance_cost": 769.8203450522761, "oscillation_cost": 233.25030134212759, "completition_cost": 1000.0, "overshoot_cost": 1304.426614888065, "power_cost": 42.976391650390624, "noise_cost": 53.98628483718457, "n_waypoints_completed": 0, "tot_waypoints": 9}}
{"target": -4323.157021978953, "params": {"k_pid_pos": [1502.1486098674197, 4731.384697917386, 9246.268139525766], "k_pid_alt": [9121.797203986947, 973.387623373535, 5603.235699804104], "k_pid_att": [3920.406891094562, 1454.7926564476954, 1549.9767821254384], "k_pid_yaw": [0.5, 1e-06, 0.1], "k_pid_hsp": [7798.1960654773675, 8490.033758177293, 583.5718933562329], "k_pid_vsp": [8942.219490225329, 2225.5079789871866, 4735.572841562733]}, "datetime": {"datetime": "2025-08-09 17:10:48", "elapsed": 87680.02837872505, "delta": 42.25617074966431}, "costs": {"total_cost": 4323.157021978953, "time_cost": 150, "final_distance_cost": 419.96439623194505, "oscillation_cost": 707.1357414390545, "completition_cost": 1000.0, "overshoot_cost": 1857.3231578271495, "power_cost": 58.60353453369141, "noise_cost": 130.13019194711248, "n_waypoints_completed": 0, "tot_waypoints": 9}}
{"target": -1793.4140342351955, "params": {"k_pid_pos": [4616.438420281663, 10000.0, 5621.319852968096], "k_pid_alt": [9665.115437431714, 10000.0, 474.70664674166846], "k_pid_att": [9434.26290881112, 9999.999999996327, 0.0], "k_pid_yaw": [0.5, 1e-06, 0.1], "k_pid_hsp": [7039.666460928494, 10000.0, 10000.0], "k_pid_vsp": [4062.9613478925685, 5055.002174458854, 1691.8444960761883]}, "datetime": {"datetime": "2025-08-09 17:11:58", "elapsed": 87749.9192378521, "delta": 69.89085912704468}, "costs": {"total_cost": 1793.4140342351955, "time_cost": 150, "final_distance_cost": 95.87538589006043, "oscillation_cost": 479.4093347543894, "completition_cost": 888.8888888888888, "overshoot_cost": 112.46761375423257, "power_cost": 38.48087567138672, "noise_cost": 28.29193527623766, "n_waypoints_completed": 1, "tot_waypoints": 9}}
{"target": -1359.0478124555443, "params": {"k_pid_pos": [10000.0, 10000.0, 10000.0], "k_pid_alt": [10000.0, 3924.9289301421672, 6470.892053165849], "k_pid_att": [7163.488224445862, 2895.764677365998, 0.0], "k_pid_yaw": [0.5, 1e-06, 0.1], "k_pid_hsp": [8289.057562296393, 10000.0, 4722.477850825852], "k_pid_vsp": [10000.0, 9377.678244926368, 8670.49439507101]}, "datetime": {"datetime": "2025-08-09 17:13:11", "elapsed": 87823.24583625793, "delta": 73.32659840583801}, "costs": {"total_cost": 1359.0478124555443, "time_cost": 150, "final_distance_cost": 79.62236214320309, "oscillation_cost": 213.61397928401027, "completition_cost": 777.7777777777778, "overshoot_cost": 67.98733031485247, "power_cost": 41.22935729980469, "noise_cost": 28.817005635896173, "n_waypoints_completed": 2, "tot_waypoints": 9}}
{"target": -1318.594463746027, "params": {"k_pid_pos": [10000.0, 6056.133706819865, 5027.515251279089], "k_pid_alt": [3915.5146177797697, 10000.0, 10000.0], "k_pid_att": [10000.0, 10000.0, 0.0], "k_pid_yaw": [0.5, 1e-06, 0.1], "k_pid_hsp": [1170.050495926054, 2367.2659585669235, 0.0], "k_pid_vsp": [6540.158583509088, 5762.73874317758, 0.0]}, "datetime": {"datetime": "2025-08-09 17:14:22", "elapsed": 87893.54835605621, "delta": 70.30251979827881}, "costs": {"total_cost": 1318.594463746027, "time_cost": 150, "final_distance_cost": 61.810301156553905, "oscillation_cost": 301.6684024723607, "completition_cost": 666.6666666666667, "overshoot_cost": 65.74608277410996, "power_cost": 43.41797443847656, "noise_cost": 29.285036237859092, "n_waypoints_completed": 3, "tot_waypoints": 9}}
{"target": -4170.04325745066, "params": {"k_pid_pos": [3419.3292970620305, 4199.450713786703, 3108.4605833987134], "k_pid_alt": [702.7931410409782, 1499.4059958527207, 469.59175269027486], "k_pid_att": [8283.175876293773, 5893.04972911341, 8151.236187606993], "k_pid_yaw": [0.5, 1e-06, 0.1], "k_pid_hsp": [986.340193716021, 3367.390282981315, 9278.917699828597], "k_pid_vsp": [9492.92443673185, 9440.210485584492, 5132.754564425185]}, "datetime": {"datetime": "2025-08-09 17:14:59", "elapsed": 87930.80521225929, "delta": 37.256856203079224}, "costs": {"total_cost": 4170.04325745066, "time_cost": 150, "final_distance_cost": 725.4766721635608, "oscillation_cost": 726.5127783519331, "completition_cost": 1000.0, "overshoot_cost": 1375.6021743588408, "power_cost": 58.58800383300782, "noise_cost": 133.863628743318, "n_waypoints_completed": 0, "tot_waypoints": 9}}
{"target": -28503.077809009956, "params": {"k_pid_pos": [6791.880281161862, 9704.75069662171, 4727.5880254534595], "k_pid_alt": [8983.23663646535, 3590.3660399661053, 1852.6687520609141], "k_pid_att": [2127.3646748511987, 8061.7969424481025, 4451.406962725431], "k_pid_yaw": [0.5, 1e-06, 0.1], "k_pid_hsp": [1782.4342989483112, 8788.54142734511, 4669.659953858456], "k_pid_vsp": [4288.008677060258, 7376.857152985762, 6992.6017693694785]}, "datetime": {"datetime": "2025-08-09 17:15:36", "elapsed": 87968.09102845192, "delta": 37.28581619262695}, "costs": {"total_cost": 28503.077809009956, "time_cost": 150, "final_distance_cost": 7563.590746344891, "oscillation_cost": 1566.9102094872028, "completition_cost": 1000.0, "overshoot_cost": 18030.595502893484, "power_cost": 57.642098266601565, "noise_cost": 134.33925201777168, "n_waypoints_completed": 0, "tot_waypoints": 9}}
{"target": -1726.2586148700693, "params": {"k_pid_pos": [0.0, 4635.709584205025, 10000.0], "k_pid_alt": [7387.77760154194, 0.0, 9962.472599195959], "k_pid_att": [3479.6841103294073, 1768.9786733472565, 0.0], "k_pid_yaw": [0.5, 1e-06, 0.1], "k_pid_hsp": [6761.741194595346, 10000.0, 820.7427418120187], "k_pid_vsp": [5346.096943404105, 1705.8031957638286, 10000.0]}, "datetime": {"datetime": "2025-08-09 17:16:49", "elapsed": 88041.0722489357, "delta": 72.98122048377991}, "costs": {"total_cost": 1726.2586148700693, "time_cost": 150, "final_distance_cost": 95.44821651092695, "oscillation_cost": 577.5922403668905, "completition_cost": 777.7777777777778, "overshoot_cost": 59.735295667048206, "power_cost": 37.291896984863286, "noise_cost": 28.41318756256259, "n_waypoints_completed": 2, "tot_waypoints": 9}}
{"target": -9138.864946373365, "params": {"k_pid_pos": [9764.026772374154, 6439.5540625297235, 8899.153625601051], "k_pid_alt": [2638.1499911028673, 7813.903088856262, 9974.8331296828], "k_pid_att": [5536.263914682705, 1076.7886031647067, 2237.273626695563], "k_pid_yaw": [0.5, 1e-06, 0.1], "k_pid_hsp": [7547.607893894146, 5189.05067989614, 8533.110054255745], "k_pid_vsp": [2761.2864731560417, 519.2392023161663, 278.95215731213784]}, "datetime": {"datetime": "2025-08-09 17:17:28", "elapsed": 88079.77792811394, "delta": 38.705679178237915}, "costs": {"total_cost": 9138.864946373365, "time_cost": 150, "final_distance_cost": 1988.9488687783755, "oscillation_cost": 501.7213730201752, "completition_cost": 1000.0, "overshoot_cost": 5370.768117554108, "power_cost": 55.2044541381836, "noise_cost": 72.2221328825239, "n_waypoints_completed": 0, "tot_waypoints": 9}}
{"target": -17930.433221224604, "params": {"k_pid_pos": [9294.960875625153, 9911.134688465552, 9903.548116203197], "k_pid_alt": [8275.276223498575, 1531.9053037816043, 6066.064446110582], "k_pid_att": [464.38497050157014, 5747.920967928918, 7371.9294957179145], "k_pid_yaw": [0.5, 1e-06, 0.1], "k_pid_hsp": [9132.612992510389, 5214.83644483337, 5489.984348943728], "k_pid_vsp": [4380.860875354841, 2549.638176218493, 8224.722762658388]}, "datetime": {"datetime": "2025-08-09 17:18:11", "elapsed": 88122.71772265434, "delta": 42.93979454040527}, "costs": {"total_cost": 17930.433221224604, "time_cost": 150, "final_distance_cost": 4735.276669488353, "oscillation_cost": 1234.4694553114043, "completition_cost": 1000.0, "overshoot_cost": 10646.261458085226, "power_cost": 53.275810644531255, "noise_cost": 111.14982769508633, "n_waypoints_completed": 0, "tot_waypoints": 9}}
{"target": -12298.18209294982, "params": {"k_pid_pos": [7605.605816505432, 6418.833721901761, 6812.177051234966], "k_pid_alt": [1728.0124088773364, 6637.981957244019, 1306.3712839475527], "k_pid_att": [2642.619756003417, 6066.05260251061, 4995.8085580621255], "k_pid_yaw": [0.5, 1e-06, 0.1], "k_pid_hsp": [3291.453609395527, 5829.028077644647, 7349.883184581837], "k_pid_vsp": [7438.880722738975, 2082.950714831635, 6882.631811009694]}, "datetime": {"datetime": "2025-08-09 17:18:48", "elapsed": 88159.95507407188, "delta": 37.237351417541504}, "costs": {"total_cost": 12298.18209294982, "time_cost": 150, "final_distance_cost": 3198.4690052984456, "oscillation_cost": 1434.527384431906, "completition_cost": 1000.0, "overshoot_cost": 6333.4577274590265, "power_cost": 56.27725092773438, "noise_cost": 125.45072483270883, "n_waypoints_completed": 0, "tot_waypoints": 9}}
{"target": -9805.534511826943, "params": {"k_pid_pos": [7459.985102155387, 4258.798682451728, 2740.564079094561], "k_pid_alt": [9409.796815694968, 1960.284498467113, 4716.670195758934], "k_pid_att": [3610.6164473763447, 3434.6385207323306, 3022.1193297418004], "k_pid_yaw": [0.5, 1e-06, 0.1], "k_pid_hsp": [4081.8454166003726, 5200.911490554267, 8533.645143702528], "k_pid_vsp": [8530.04590808181, 5093.683495357043, 4892.668544463988]}, "datetime": {"datetime": "2025-08-09 17:19:25", "elapsed": 88196.68640136719, "delta": 36.731327295303345}, "costs": {"total_cost": 9805.534511826943, "time_cost": 150, "final_distance_cost": 2095.52315523857, "oscillation_cost": 767.7719713503031, "completition_cost": 1000.0, "overshoot_cost": 5592.035444625064, "power_cost": 58.5618701171875, "noise_cost": 141.64207049581867, "n_waypoints_completed": 0, "tot_waypoints": 9}}
{"target": -1770.732656713185, "params": {"k_pid_pos": [7216.1802810541685, 133.84695621872444, 5217.890971438404], "k_pid_alt": [5444.7372364146295, 0.0, 4869.647764455443], "k_pid_att": [5010.443062073459, 10000.0, 0.0], "k_pid_yaw": [0.5, 1e-06, 0.1], "k_pid_hsp": [0.0, 7928.364354368118, 0.0], "k_pid_vsp": [143.23174780746214, 0.0, 6571.580346399995]}, "datetime": {"datetime": "2025-08-09 17:20:46", "elapsed": 88278.34551692009, "delta": 81.65911555290222}, "costs": {"total_cost": 1770.732656713185, "time_cost": 150, "final_distance_cost": 6.401015553943341, "oscillation_cost": 267.07459949658175, "completition_cost": 1000.0, "overshoot_cost": 163.19734842297953, "power_cost": 46.39590906982422, "noise_cost": 137.66378416985611, "n_waypoints_completed": 0, "tot_waypoints": 9}}
