{"target": -3489.095025021951, "params": {"k_pid_pos": [1262.353969103409, 5396.714901401628, 2049.6210709675065], "k_pid_alt": [8863.43348477673, 443.03296319364136, 8851.472707130482], "k_pid_att": [8134.2026123442465, 6035.010833299822, 2687.964362924388], "k_pid_yaw": [0.5, 1e-06, 0.1], "k_pid_hsp": [3288.1685539623786, 2109.9750543748905, 1175.2531073630578], "k_pid_vsp": [4396.586669421734, 1941.5549059033399, 7400.908952160054]}, "datetime": {"datetime": "2025-08-09 09:49:03", "elapsed": 61175.46797800064, "delta": 34.96882104873657}, "costs": {"total_cost": 3489.095025021951, "time_cost": 150, "final_distance_cost": 645.5114644139869, "oscillation_cost": 66.82083420031769, "completition_cost": 1000.0, "overshoot_cost": 1563.7239153316202, "power_cost": 35.26654704589844, "noise_cost": 27.772264030127914, "n_waypoints_completed": 0, "tot_waypoints": 9}}
{"target": -8306.329060960139, "params": {"k_pid_pos": [9995.86304971574, 8449.839715923628, 8408.942320073274], "k_pid_alt": [6792.885337919897, 8001.8736289963945, 2220.2988340415163], "k_pid_att": [5516.135400294382, 4451.4037130322795, 8816.912632742882], "k_pid_yaw": [0.5, 1e-06, 0.1], "k_pid_hsp": [6284.200883111033, 1246.5070559804526, 2172.868397644897], "k_pid_vsp": [7995.722495463668, 4604.696468985495, 417.4640763464599]}, "datetime": {"datetime": "2025-08-09 09:49:38", "elapsed": 61210.03027296066, "delta": 34.56229496002197}, "costs": {"total_cost": 8306.329060960139, "time_cost": 150, "final_distance_cost": 1342.2466283662345, "oscillation_cost": 792.6806334761727, "completition_cost": 1000.0, "overshoot_cost": 4826.726666808783, "power_cost": 58.519278271484374, "noise_cost": 136.15585403746442, "n_waypoints_completed": 0, "tot_waypoints": 9}}
{"target": -12246.755440899864, "params": {"k_pid_pos": [8395.943177207711, 7555.357594227095, 6678.320315773484], "k_pid_alt": [3034.446537829125, 3901.2823117897997, 8996.219278016171], "k_pid_att": [8573.993402167629, 374.03555223138653, 1784.2505378836172], "k_pid_yaw": [0.5, 1e-06, 0.1], "k_pid_hsp": [5424.463119753617, 2412.0592645847614, 9299.468921122949], "k_pid_vsp": [3334.929033806492, 1656.505395817891, 1082.5160583306924]}, "datetime": {"datetime": "2025-08-09 09:50:13", "elapsed": 61245.04196882248, "delta": 35.011695861816406}, "costs": {"total_cost": 12246.755440899864, "time_cost": 150, "final_distance_cost": 1879.3144162323783, "oscillation_cost": 316.317081326739, "completition_cost": 1000.0, "overshoot_cost": 8758.0273488046, "power_cost": 52.24077429199219, "noise_cost": 90.85582024415473, "n_waypoints_completed": 0, "tot_waypoints": 9}}
{"target": -1291.6775668340326, "params": {"k_pid_pos": [6205.1865012169055, 4729.482865531934, 0.0], "k_pid_alt": [0.0, 8198.495046623008, 402.7201826335626], "k_pid_att": [6630.4035253443935, 5038.691370846236, 0.0], "k_pid_yaw": [0.5, 1e-06, 0.1], "k_pid_hsp": [5902.006286163987, 10000.0, 1096.3954201858564], "k_pid_vsp": [0.0, 4848.3035501234, 1016.4544035058306]}, "datetime": {"datetime": "2025-08-09 09:51:11", "elapsed": 61302.54353880882, "delta": 57.501569986343384}, "costs": {"total_cost": 1291.6775668340326, "time_cost": 150, "final_distance_cost": 46.12679287163898, "oscillation_cost": 166.2316953107853, "completition_cost": 777.7777777777778, "overshoot_cost": 79.32158279414486, "power_cost": 43.065379907226564, "noise_cost": 29.15433817245903, "n_waypoints_completed": 2, "tot_waypoints": 9}}
{"target": -1485.2926737092387, "params": {"k_pid_pos": [10000.0, 3717.786239898169, 4030.8632097832983], "k_pid_alt": [8186.696326336367, 5986.543014886162, 0.0], "k_pid_att": [9199.771775684663, 7072.12583506577, 0.0], "k_pid_yaw": [0.5, 1e-06, 0.1], "k_pid_hsp": [3652.284435352319, 7346.631244362173, 3987.4577580823734], "k_pid_vsp": [4268.506215138512, 3883.103017778384, 4424.034313838349]}, "datetime": {"datetime": "2025-08-09 09:52:02", "elapsed": 61354.42407011986, "delta": 51.880531311035156}, "costs": {"total_cost": 1485.2926737092387, "time_cost": 150, "final_distance_cost": 47.68449377164642, "oscillation_cost": 248.8923812219384, "completition_cost": 888.8888888888888, "overshoot_cost": 80.33166469386005, "power_cost": 40.723544165039065, "noise_cost": 28.771700967865655, "n_waypoints_completed": 1, "tot_waypoints": 9}}
{"target": -7405.067903828975, "params": {"k_pid_pos": [307.5239740903346, 4690.715813959534, 8900.576749777647], "k_pid_alt": [3194.924423545358, 3700.863761946194, 1138.30867876325], "k_pid_att": [8284.378756060465, 9815.565701646376, 5925.166701074083], "k_pid_yaw": [0.5, 1e-06, 0.1], "k_pid_hsp": [9096.535657652385, 3419.6961941708437, 5722.631988951429], "k_pid_vsp": [7425.440151798065, 5612.597133529528, 8980.066545605769]}, "datetime": {"datetime": "2025-08-09 09:52:37", "elapsed": 61388.98717856407, "delta": 34.56310844421387}, "costs": {"total_cost": 7405.067903828975, "time_cost": 150, "final_distance_cost": 1423.3345031434021, "oscillation_cost": 661.7576222784178, "completition_cost": 1000.0, "overshoot_cost": 3990.794740946115, "power_cost": 57.05936773681641, "noise_cost": 122.12166972422477, "n_waypoints_completed": 0, "tot_waypoints": 9}}
{"target": -1724.2008685558144, "params": {"k_pid_pos": [5414.337905902787, 0.0, 7126.957595110618], "k_pid_alt": [155.1689691441005, 5520.574207816794, 10000.0], "k_pid_att": [4080.0627674571756, 4957.163872908351, 0.0], "k_pid_yaw": [0.5, 1e-06, 0.1], "k_pid_hsp": [6141.246828336388, 10000.0, 3035.645157199922], "k_pid_vsp": [7381.438812407915, 5913.270330807289, 10000.0]}, "datetime": {"datetime": "2025-08-09 09:53:31", "elapsed": 61443.05717873573, "delta": 54.07000017166138}, "costs": {"total_cost": 1724.2008685558144, "time_cost": 150, "final_distance_cost": 54.78350288297433, "oscillation_cost": 695.240294258825, "completition_cost": 666.6666666666667, "overshoot_cost": 92.16144380070038, "power_cost": 37.16196691894532, "noise_cost": 28.18699402770241, "n_waypoints_completed": 3, "tot_waypoints": 9}}
{"target": -5596.1470493466995, "params": {"k_pid_pos": [5368.287173651506, 1447.139437004088, 2101.706701368061], "k_pid_alt": [5361.869939131151, 7201.215345049106, 2610.704402214102], "k_pid_att": [8643.176990223392, 9420.711427709468, 875.000835745865], "k_pid_yaw": [0.5, 1e-06, 0.1], "k_pid_hsp": [726.019552155508, 5955.427274615228, 9244.057764568393], "k_pid_vsp": [1230.7929151036158, 3740.718070081509, 4455.969920045902]}, "datetime": {"datetime": "2025-08-09 09:54:05", "elapsed": 61477.17549443245, "delta": 34.11831569671631}, "costs": {"total_cost": 5596.1470493466995, "time_cost": 150, "final_distance_cost": 1282.7753937781692, "oscillation_cost": 317.88190105363657, "completition_cost": 1000.0, "overshoot_cost": 2782.403984216859, "power_cost": 35.23516422119141, "noise_cost": 27.85060607684359, "n_waypoints_completed": 0, "tot_waypoints": 9}}
{"target": -1608.4122686610035, "params": {"k_pid_pos": [7179.471204572107, 5208.797716013574, 4943.891642037609], "k_pid_alt": [5664.532872101507, 6076.676379892646, 5051.776705225274], "k_pid_att": [5501.514410739665, 6368.641633968215, 0.0], "k_pid_yaw": [0.5, 1e-06, 0.1], "k_pid_hsp": [10000.0, 4518.574121948956, 5966.71193731906], "k_pid_vsp": [4093.5146079812516, 4108.7801558147385, 10000.0]}, "datetime": {"datetime": "2025-08-09 09:54:56", "elapsed": 61528.24727487564, "delta": 51.07178044319153}, "costs": {"total_cost": 1608.4122686610035, "time_cost": 150, "final_distance_cost": 80.93819572099034, "oscillation_cost": 338.23631846047823, "completition_cost": 888.8888888888888, "overshoot_cost": 81.45894445963302, "power_cost": 39.94051016845703, "noise_cost": 28.949410962556236, "n_waypoints_completed": 1, "tot_waypoints": 9}}
{"target": -7875.280221109393, "params": {"k_pid_pos": [5051.770098971834, 6111.704177191588, 7494.651377163559], "k_pid_alt": [1955.6279853910087, 6168.491944133507, 4973.586187005328], "k_pid_att": [1431.262042047694, 7984.502158426741, 7764.987666176695], "k_pid_yaw": [0.5, 1e-06, 0.1], "k_pid_hsp": [237.6546378700184, 7192.3022435554185, 8068.2502576592715], "k_pid_vsp": [2940.3690890349744, 9169.84061219424, 5856.57379856068]}, "datetime": {"datetime": "2025-08-09 09:55:31", "elapsed": 61562.54735469818, "delta": 34.30007982254028}, "costs": {"total_cost": 7875.280221109393, "time_cost": 150, "final_distance_cost": 1859.4028622101803, "oscillation_cost": 1100.045682729971, "completition_cost": 1000.0, "overshoot_cost": 3588.802204386038, "power_cost": 55.550022155761724, "noise_cost": 121.47944962744302, "n_waypoints_completed": 0, "tot_waypoints": 9}}
{"target": -752.8266297829127, "params": {"k_pid_pos": [10000.0, 10000.0, 10000.0], "k_pid_alt": [4376.711153223646, 0.0, 10000.0], "k_pid_att": [3494.373765367706, 0.0, 0.0], "k_pid_yaw": [0.5, 1e-06, 0.1], "k_pid_hsp": [10000.0, 7002.277123909277, 4104.619745147694], "k_pid_vsp": [10000.0, 6359.162803914169, 6873.523094917264]}, "datetime": {"datetime": "2025-08-09 09:56:26", "elapsed": 61618.25503587723, "delta": 55.70768117904663}, "costs": {"total_cost": 752.8266297829127, "time_cost": 150, "final_distance_cost": 15.247838198045645, "oscillation_cost": 308.2998071770521, "completition_cost": 111.11111111111116, "overshoot_cost": 98.74373466991692, "power_cost": 40.299885729980474, "noise_cost": 29.12425289680642, "n_waypoints_completed": 8, "tot_waypoints": 9}}
{"target": -1629.7626290172113, "params": {"k_pid_pos": [2854.676481683079, 4665.724883393889, 5158.195946726066], "k_pid_alt": [9581.76712509359, 0.0, 0.0], "k_pid_att": [9002.89139843974, 9723.513427897693, 1776.884830193828], "k_pid_yaw": [0.5, 1e-06, 0.1], "k_pid_hsp": [3793.6630039720217, 4704.9067954399125, 6219.0336109814625], "k_pid_vsp": [5072.751315230143, 0.0, 3062.3097494583835]}, "datetime": {"datetime": "2025-08-09 09:57:27", "elapsed": 61679.189838409424, "delta": 60.934802532196045}, "costs": {"total_cost": 1629.7626290172113, "time_cost": 150, "final_distance_cost": 97.4388121299806, "oscillation_cost": 113.74120709229123, "completition_cost": 1000.0, "overshoot_cost": 202.5205581116419, "power_cost": 37.295660485839846, "noise_cost": 28.766391197457875, "n_waypoints_completed": 0, "tot_waypoints": 9}}
{"target": -4859.950403428751, "params": {"k_pid_pos": [2348.555453113441, 3729.1500253925337, 4695.219074614254], "k_pid_alt": [6533.836234317435, 2966.987833442054, 855.274530642427], "k_pid_att": [7878.325874420324, 7787.744645528888, 5432.935709916566], "k_pid_yaw": [0.5, 1e-06, 0.1], "k_pid_hsp": [8150.192011592548, 8115.676329513155, 5107.09845972046], "k_pid_vsp": [7464.558543769861, 850.0231663302849, 8460.782704912943]}, "datetime": {"datetime": "2025-08-09 09:58:01", "elapsed": 61713.313047647476, "delta": 34.12320923805237}, "costs": {"total_cost": 4859.950403428751, "time_cost": 150, "final_distance_cost": 821.4214354104138, "oscillation_cost": 400.9156259416816, "completition_cost": 1000.0, "overshoot_cost": 2357.87186050759, "power_cost": 51.21512838134766, "noise_cost": 78.52635318771837, "n_waypoints_completed": 0, "tot_waypoints": 9}}
{"target": -3349.1052710057065, "params": {"k_pid_pos": [5963.44717271094, 375.12937225505414, 1469.420321123055], "k_pid_alt": [7581.6201268156665, 1284.2728805843828, 5647.000627789107], "k_pid_att": [7715.1945464680875, 5589.164728678473, 4183.341104735207], "k_pid_yaw": [0.5, 1e-06, 0.1], "k_pid_hsp": [6568.593722724345, 7841.381494563407, 348.7124514027784], "k_pid_vsp": [9420.654992370071, 6480.867614567398, 5004.965973406129]}, "datetime": {"datetime": "2025-08-09 09:58:36", "elapsed": 61748.147584438324, "delta": 34.83453679084778}, "costs": {"total_cost": 3349.1052710057065, "time_cost": 150, "final_distance_cost": 60.94990291328, "oscillation_cost": 659.4728986054183, "completition_cost": 1000.0, "overshoot_cost": 1287.8444469679819, "power_cost": 58.602704821777344, "noise_cost": 132.235317697249, "n_waypoints_completed": 0, "tot_waypoints": 9}}
{"target": -825.039001357641, "params": {"k_pid_pos": [4637.227390461442, 0.0, 4013.224694586751], "k_pid_alt": [8698.431019814258, 0.0, 6473.365232430181], "k_pid_att": [10000.0, 7466.2700869740165, 0.0], "k_pid_yaw": [0.5, 1e-06, 0.1], "k_pid_hsp": [7662.718443461625, 10000.0, 0.0], "k_pid_vsp": [7115.721500630799, 5015.413632670456, 5955.529068321946]}, "datetime": {"datetime": "2025-08-09 09:59:24", "elapsed": 61795.88605928421, "delta": 47.73847484588623}, "costs": {"total_cost": 825.039001357641, "time_cost": 108.367, "final_distance_cost": 1.8216994974913134, "oscillation_cost": 585.40218912366, "completition_cost": 0.0, "overshoot_cost": 68.6378926731871, "power_cost": 34.828500988769534, "noise_cost": 25.98171907453302, "n_waypoints_completed": 9, "tot_waypoints": 9}}
{"target": -870.1588660333666, "params": {"k_pid_pos": [6468.789273508877, 10000.0, 6224.70539755939], "k_pid_alt": [10000.0, 0.0, 2788.9284321620053], "k_pid_att": [6495.069593595785, 3898.1610433535943, 0.0], "k_pid_yaw": [0.5, 1e-06, 0.1], "k_pid_hsp": [10000.0, 6111.167145404333, 4555.6546228320885], "k_pid_vsp": [4451.789071063379, 5822.8739395697385, 0.0]}, "datetime": {"datetime": "2025-08-09 10:00:18", "elapsed": 61849.593393564224, "delta": 53.70733428001404}, "costs": {"total_cost": 870.1588660333666, "time_cost": 150, "final_distance_cost": 94.26646999779064, "oscillation_cost": 247.54705838894677, "completition_cost": 222.2222222222222, "overshoot_cost": 86.77278387103523, "power_cost": 40.75988332519531, "noise_cost": 28.590448228176452, "n_waypoints_completed": 7, "tot_waypoints": 9}}
{"target": -4277.072810275123, "params": {"k_pid_pos": [6696.711585135082, 9238.400370175588, 6783.046473299347], "k_pid_alt": [2035.054382981404, 6251.335947454232, 183.79975667207614], "k_pid_att": [7949.389693275078, 6984.576275194892, 4124.780039382737], "k_pid_yaw": [0.5, 1e-06, 0.1], "k_pid_hsp": [734.7875283647476, 5090.434244064532, 8671.06912344925], "k_pid_vsp": [3190.3442508601975, 4522.767207884894, 1759.8518747604253]}, "datetime": {"datetime": "2025-08-09 10:00:53", "elapsed": 61885.208642721176, "delta": 35.615249156951904}, "costs": {"total_cost": 4277.072810275123, "time_cost": 150, "final_distance_cost": 65.98925844809494, "oscillation_cost": 680.8749814490541, "completition_cost": 1000.0, "overshoot_cost": 2193.0023031243845, "power_cost": 58.61012856445313, "noise_cost": 128.5961386891365, "n_waypoints_completed": 0, "tot_waypoints": 9}}
{"target": -1468.716127544958, "params": {"k_pid_pos": [9829.388325232392, 6434.025944234445, 2018.7899166159223], "k_pid_alt": [10000.0, 6701.00268711495, 1208.7596412297646], "k_pid_att": [5048.937553455132, 1364.9208143812555, 0.0], "k_pid_yaw": [0.5, 1e-06, 0.1], "k_pid_hsp": [5027.905945574234, 0.0, 50.78190405295833], "k_pid_vsp": [5976.125643743422, 10000.0, 0.0]}, "datetime": {"datetime": "2025-08-09 10:01:52", "elapsed": 61944.47796726227, "delta": 59.26932454109192}, "costs": {"total_cost": 1468.716127544958, "time_cost": 150, "final_distance_cost": 102.34272651235429, "oscillation_cost": 302.54344197459955, "completition_cost": 777.7777777777778, "overshoot_cost": 67.80106244224682, "power_cost": 39.71339053955079, "noise_cost": 28.53772829842858, "n_waypoints_completed": 2, "tot_waypoints": 9}}
{"target": -6901.037920540132, "params": {"k_pid_pos": [2518.9578947695854, 3992.118491656703, 3257.9595910329163], "k_pid_alt": [906.5874300811183, 5008.63152266403, 8580.247302567761], "k_pid_att": [7327.815336601535, 9222.383068932348, 9051.368331942089], "k_pid_yaw": [0.5, 1e-06, 0.1], "k_pid_hsp": [9239.466609247991, 1540.6937715344482, 5354.451016553705], "k_pid_vsp": [7700.126091966425, 4488.646150931084, 3227.0985536988505]}, "datetime": {"datetime": "2025-08-09 10:02:29", "elapsed": 61980.79821705818, "delta": 36.320249795913696}, "costs": {"total_cost": 6901.037920540132, "time_cost": 150, "final_distance_cost": 1411.435462410915, "oscillation_cost": 1083.2634908523182, "completition_cost": 1000.0, "overshoot_cost": 3054.5209478905485, "power_cost": 58.65702626953125, "noise_cost": 143.16099311681924, "n_waypoints_completed": 0, "tot_waypoints": 9}}
{"target": -5840.157180961084, "params": {"k_pid_pos": [7333.999124850383, 8704.14412818636, 303.6604085958594], "k_pid_alt": [7831.87744164052, 5370.68983990259, 1376.1706822547749], "k_pid_att": [6336.455898842553, 1131.3389971145039, 6080.467517637457], "k_pid_yaw": [0.5, 1e-06, 0.1], "k_pid_hsp": [8435.831322111826, 6045.283916991871, 152.15226930970883], "k_pid_vsp": [3956.3906803514046, 5954.933739016159, 6965.476325775537]}, "datetime": {"datetime": "2025-08-09 10:03:04", "elapsed": 62016.43658924103, "delta": 35.63837218284607}, "costs": {"total_cost": 5840.157180961084, "time_cost": 150, "final_distance_cost": 1132.8021439265892, "oscillation_cost": 250.57995702192028, "completition_cost": 1000.0, "overshoot_cost": 3217.647583131859, "power_cost": 42.230571899414066, "noise_cost": 46.89692498130128, "n_waypoints_completed": 0, "tot_waypoints": 9}}
{"target": -1546.4213383626072, "params": {"k_pid_pos": [7952.0600271484, 10000.0, 6989.94757114434], "k_pid_alt": [0.0, 6278.383975325503, 4420.50142179506], "k_pid_att": [952.5390467097336, 0.0, 0.0], "k_pid_yaw": [0.5, 1e-06, 0.1], "k_pid_hsp": [10000.0, 10000.0, 3536.033357759956], "k_pid_vsp": [8357.084988284189, 4256.494225753463, 9786.514685180142]}, "datetime": {"datetime": "2025-08-09 10:04:01", "elapsed": 62072.6643614769, "delta": 56.22777223587036}, "costs": {"total_cost": 1546.4213383626072, "time_cost": 150, "final_distance_cost": 38.844322351911245, "oscillation_cost": 211.50476882340826, "completition_cost": 1000.0, "overshoot_cost": 76.75073034321811, "power_cost": 39.71362291259766, "noise_cost": 29.607893931472095, "n_waypoints_completed": 0, "tot_waypoints": 9}}
{"target": -4393.551172405174, "params": {"k_pid_pos": [748.2517940311961, 2783.065650575204, 6406.088675674148], "k_pid_alt": [5892.905177596349, 6990.761110869334, 8943.580702959953], "k_pid_att": [906.893504820464, 1692.6166419085987, 6134.741723497011], "k_pid_yaw": [0.5, 1e-06, 0.1], "k_pid_hsp": [6127.143348662825, 4411.243130451671, 3356.0028348481883], "k_pid_vsp": [8345.819082803968, 5968.328963781718, 5104.054298936225]}, "datetime": {"datetime": "2025-08-09 10:04:36", "elapsed": 62108.31312632561, "delta": 35.648764848709106}, "costs": {"total_cost": 4393.551172405174, "time_cost": 150, "final_distance_cost": 642.4504766585259, "oscillation_cost": 796.1983228939465, "completition_cost": 1000.0, "overshoot_cost": 1622.9085968398358, "power_cost": 58.55283464355469, "noise_cost": 123.44094136931126, "n_waypoints_completed": 0, "tot_waypoints": 9}}
{"target": -2214.958192654693, "params": {"k_pid_pos": [644.1684803558254, 10000.0, 2881.9302920157324], "k_pid_alt": [6935.643529702545, 2009.1596877770444, 3055.2776299164775], "k_pid_att": [6699.832677191877, 5765.184652000494, 0.0], "k_pid_yaw": [0.5, 1e-06, 0.1], "k_pid_hsp": [0.0, 1818.746093060765, 5499.47957068757], "k_pid_vsp": [6189.7090723577385, 7494.265424730224, 5207.675582345843]}, "datetime": {"datetime": "2025-08-09 10:05:31", "elapsed": 62163.13031291962, "delta": 54.8171865940094}, "costs": {"total_cost": 2214.958192654693, "time_cost": 150, "final_distance_cost": 70.32265506110333, "oscillation_cost": 822.831521991512, "completition_cost": 1000.0, "overshoot_cost": 108.33801050138104, "power_cost": 35.785031494140625, "noise_cost": 27.68097360655611, "n_waypoints_completed": 0, "tot_waypoints": 9}}
{"target": -982.6913621294729, "params": {"k_pid_pos": [5780.5432830145555, 3590.5033031655335, 0.0], "k_pid_alt": [10000.0, 0.0, 4431.289315801227], "k_pid_att": [10000.0, 4753.1507922123055, 0.0], "k_pid_yaw": [0.5, 1e-06, 0.1], "k_pid_hsp": [4713.45156808911, 7736.981148305066, 0.0], "k_pid_vsp": [7282.961594998414, 1063.3536606768025, 4378.174620862618]}, "datetime": {"datetime": "2025-08-09 10:06:24", "elapsed": 62216.36748170853, "delta": 53.23716878890991}, "costs": {"total_cost": 982.6913621294729, "time_cost": 150, "final_distance_cost": 73.60602427591672, "oscillation_cost": 280.04546959152225, "completition_cost": 333.33333333333337, "overshoot_cost": 73.48492525111543, "power_cost": 43.02954249267578, "noise_cost": 29.192067184909327, "n_waypoints_completed": 6, "tot_waypoints": 9}}
{"target": -2080.2555037682746, "params": {"k_pid_pos": [10000.0, 0.0, 6944.679269937339], "k_pid_alt": [10000.0, 8911.434755083777, 7736.679693823512], "k_pid_att": [10000.0, 8641.995013855403, 0.0], "k_pid_yaw": [0.5, 1e-06, 0.1], "k_pid_hsp": [2378.853581067263, 4740.989176215189, 4458.840795867774], "k_pid_vsp": [7448.961379139459, 8040.542264624843, 901.2447448936508]}, "datetime": {"datetime": "2025-08-09 10:07:18", "elapsed": 62270.08131599426, "delta": 53.713834285736084}, "costs": {"total_cost": 2080.2555037682746, "time_cost": 150, "final_distance_cost": 38.56080583583727, "oscillation_cost": 829.3088866013162, "completition_cost": 888.8888888888888, "overshoot_cost": 109.02673858112023, "power_cost": 36.43086184082031, "noise_cost": 28.039322020291895, "n_waypoints_completed": 1, "tot_waypoints": 9}}
{"target": -2303.1121194228513, "params": {"k_pid_pos": [5745.602535259864, 4398.773655223546, 5848.223296017999], "k_pid_alt": [1882.0006858244203, 4947.56129588923, 4765.760994236483], "k_pid_att": [7461.057980827159, 7395.421780112101, 0.0], "k_pid_yaw": [0.5, 1e-06, 0.1], "k_pid_hsp": [6468.391717504361, 5459.8419323106355, 6947.633827483986], "k_pid_vsp": [7109.222092066848, 0.0, 2571.930537971251]}, "datetime": {"datetime": "2025-08-09 10:08:09", "elapsed": 62321.264855623245, "delta": 51.183539628982544}, "costs": {"total_cost": 2303.1121194228513, "time_cost": 150, "final_distance_cost": 70.27990049191106, "oscillation_cost": 882.9344327731201, "completition_cost": 1000.0, "overshoot_cost": 136.00086304183407, "power_cost": 35.933256396484374, "noise_cost": 27.96366671950116, "n_waypoints_completed": 0, "tot_waypoints": 9}}
