{"target": -12266.147218369497, "params": {"k_pid_pos": [2464.474769264062, 7830.149202833222, 3078.8721724665547], "k_pid_alt": [9087.294652976887, 6919.274612867735, 6390.342458898957], "k_pid_att": [6639.5888926462285, 7989.882946225653, 4693.649284514911], "k_pid_yaw": [0.5, 1e-06, 0.1], "k_pid_hsp": [7559.489663935437, 1271.058583745952, 4961.806094907756], "k_pid_vsp": [8664.407871908334, 126.79689495319946, 7731.999226843031]}, "datetime": {"datetime": "2025-08-09 07:07:12", "elapsed": 51463.82433915138, "delta": 35.59940457344055}, "costs": {"total_cost": 12266.147218369497, "time_cost": 150, "final_distance_cost": 2916.17959352038, "oscillation_cost": 674.6469394595669, "completition_cost": 1000.0, "overshoot_cost": 7343.985974259844, "power_cost": 57.06585852050782, "noise_cost": 124.2688526091984, "n_waypoints_completed": 0, "tot_waypoints": 9}}
{"target": -16265.038462238683, "params": {"k_pid_pos": [6430.9601311487895, 7338.666188281409, 1473.561392844843], "k_pid_alt": [5662.224072585519, 3432.3777263918396, 814.2080190882995], "k_pid_att": [5491.4695543494245, 7180.63017436204, 8128.883531672582], "k_pid_yaw": [0.5, 1e-06, 0.1], "k_pid_hsp": [2573.3991734288143, 8174.336991106786, 7749.853210588703], "k_pid_vsp": [2644.9947154659926, 4036.992496396101, 6719.695941108188]}, "datetime": {"datetime": "2025-08-09 07:07:46", "elapsed": 51498.206240177155, "delta": 34.381901025772095}, "costs": {"total_cost": 16265.038462238683, "time_cost": 150, "final_distance_cost": 5179.143047133129, "oscillation_cost": 1278.1061456763168, "completition_cost": 1000.0, "overshoot_cost": 8487.29154543493, "power_cost": 54.27036063232422, "noise_cost": 116.227363361982, "n_waypoints_completed": 0, "tot_waypoints": 9}}
{"target": -1520.5915418059951, "params": {"k_pid_pos": [9519.057089028682, 8868.989289845256, 9494.960328079911], "k_pid_alt": [3804.865725765907, 6562.617204926307, 4948.635174583904], "k_pid_att": [3297.948937921772, 0.0, 0.0], "k_pid_yaw": [0.5, 1e-06, 0.1], "k_pid_hsp": [4891.163019645799, 10000.0, 2769.2814544979747], "k_pid_vsp": [5951.677087416111, 10000.0, 8024.931357327371]}, "datetime": {"datetime": "2025-08-09 07:08:34", "elapsed": 51545.87241816521, "delta": 47.66617798805237}, "costs": {"total_cost": 1520.5915418059951, "time_cost": 150, "final_distance_cost": 61.41867606827133, "oscillation_cost": 167.02933575399405, "completition_cost": 1000.0, "overshoot_cost": 71.75618279606944, "power_cost": 41.40531763916016, "noise_cost": 28.982029548500183, "n_waypoints_completed": 0, "tot_waypoints": 9}}
{"target": -2493.9762880559692, "params": {"k_pid_pos": [9489.696366628998, 3110.911449786461, 6377.982548130865], "k_pid_alt": [7615.5263149997, 6875.463261714309, 9444.095139456678], "k_pid_att": [8310.745684866577, 9502.519596299066, 4170.694693679362], "k_pid_yaw": [0.5, 1e-06, 0.1], "k_pid_hsp": [212.54952682233875, 5158.032561531575, 8397.12355010249], "k_pid_vsp": [8607.884306346934, 9207.353006396199, 7596.192253580927]}, "datetime": {"datetime": "2025-08-09 07:09:08", "elapsed": 51580.10851430893, "delta": 34.236096143722534}, "costs": {"total_cost": 2493.9762880559692, "time_cost": 150, "final_distance_cost": 237.49233112606038, "oscillation_cost": 506.63363083870127, "completition_cost": 1000.0, "overshoot_cost": 441.47173081754, "power_cost": 56.67663319091797, "noise_cost": 101.70196208274939, "n_waypoints_completed": 0, "tot_waypoints": 9}}
{"target": -10307.254846530497, "params": {"k_pid_pos": [9387.156468437368, 8868.569233270126, 2361.784181441956], "k_pid_alt": [8583.156350494422, 7299.897185270509, 3987.633811100252], "k_pid_att": [519.7043516835275, 672.0033973676465, 6258.821023894283], "k_pid_yaw": [0.5, 1e-06, 0.1], "k_pid_hsp": [2813.9644555431255, 3135.0421887467173, 7617.352900185116], "k_pid_vsp": [1508.4573879001684, 4556.2532886877825, 8079.092809766116]}, "datetime": {"datetime": "2025-08-09 07:09:41", "elapsed": 51613.50519657135, "delta": 33.396682262420654}, "costs": {"total_cost": 10307.254846530497, "time_cost": 150, "final_distance_cost": 2789.1483049195185, "oscillation_cost": 23.349125617049964, "completition_cost": 1000.0, "overshoot_cost": 6281.586835003808, "power_cost": 35.359254296875, "noise_cost": 27.81132669324761, "n_waypoints_completed": 0, "tot_waypoints": 9}}
{"target": -1497.1959662472743, "params": {"k_pid_pos": [798.2252632860443, 10000.0, 1313.0400316074788], "k_pid_alt": [0.0, 5355.079830970906, 2526.748506056217], "k_pid_att": [7868.971582786656, 5948.335808165081, 0.0], "k_pid_yaw": [0.5, 1e-06, 0.1], "k_pid_hsp": [5825.295794937619, 4974.312192890358, 0.0], "k_pid_vsp": [1773.491864185576, 4216.3802437763425, 5603.040716129661]}, "datetime": {"datetime": "2025-08-09 07:10:32", "elapsed": 51663.94029927254, "delta": 50.435102701187134}, "costs": {"total_cost": 1497.1959662472743, "time_cost": 150, "final_distance_cost": 51.299511312281794, "oscillation_cost": 151.60826005658905, "completition_cost": 1000.0, "overshoot_cost": 70.21708385434532, "power_cost": 44.447630798339844, "noise_cost": 29.623480225718616, "n_waypoints_completed": 0, "tot_waypoints": 9}}
{"target": -1514.5292405107705, "params": {"k_pid_pos": [9897.264972360012, 8826.701062669437, 4974.0417379815135], "k_pid_alt": [8818.864463854921, 10000.0, 0.0], "k_pid_att": [8231.300908031524, 6380.056560020733, 0.0], "k_pid_yaw": [0.5, 1e-06, 0.1], "k_pid_hsp": [5842.726014256322, 7624.297212420735, 4316.952923027598], "k_pid_vsp": [5672.019374100271, 9868.114781650755, 1606.7845537375003]}, "datetime": {"datetime": "2025-08-09 07:11:22", "elapsed": 51713.94286727905, "delta": 50.0025680065155}, "costs": {"total_cost": 1514.5292405107705, "time_cost": 150, "final_distance_cost": 64.27915758207865, "oscillation_cost": 257.1125344199971, "completition_cost": 888.8888888888888, "overshoot_cost": 84.4802274452804, "power_cost": 41.0331867553711, "noise_cost": 28.735245419154243, "n_waypoints_completed": 1, "tot_waypoints": 9}}
{"target": -5008.9110412441805, "params": {"k_pid_pos": [8490.201557242755, 7066.625593249862, 9895.526307241216], "k_pid_alt": [82.7862884174757, 1242.406384177811, 1620.4232987877888], "k_pid_att": [1620.8132369417017, 2593.917894695891, 8419.640672345377], "k_pid_yaw": [0.5, 1e-06, 0.1], "k_pid_hsp": [8754.209775318708, 962.4760447974312, 6841.038324827725], "k_pid_vsp": [9427.148095539233, 8409.66246684088, 3542.2259221729637]}, "datetime": {"datetime": "2025-08-09 07:11:56", "elapsed": 51747.593099594116, "delta": 33.65023231506348}, "costs": {"total_cost": 5008.9110412441805, "time_cost": 150, "final_distance_cost": 732.5619978229345, "oscillation_cost": 604.9010983270233, "completition_cost": 1000.0, "overshoot_cost": 2321.6873525690617, "power_cost": 58.65971057128907, "noise_cost": 141.1008819538724, "n_waypoints_completed": 0, "tot_waypoints": 9}}
{"target": -11357.578005958052, "params": {"k_pid_pos": [2595.5298547012694, 7450.615515720588, 4553.394456165616], "k_pid_alt": [3028.3037540460646, 1331.7356154826032, 7157.292347299762], "k_pid_att": [1210.1252960939935, 9027.938453427576, 7254.150943696393], "k_pid_yaw": [0.5, 1e-06, 0.1], "k_pid_hsp": [1692.1833656323092, 1328.1779125002736, 1695.1489366928251], "k_pid_vsp": [3171.066401505478, 2205.1944328000095, 9650.492678394743]}, "datetime": {"datetime": "2025-08-09 07:12:30", "elapsed": 51781.891791820526, "delta": 34.29869222640991}, "costs": {"total_cost": 11357.578005958052, "time_cost": 150, "final_distance_cost": 3481.5678350030894, "oscillation_cost": 1367.3079400103647, "completition_cost": 1000.0, "overshoot_cost": 5178.362143774945, "power_cost": 56.70388572998047, "noise_cost": 123.63620143967088, "n_waypoints_completed": 0, "tot_waypoints": 9}}
{"target": -1815.0741908193918, "params": {"k_pid_pos": [3057.8215252509513, 10000.0, 10000.0], "k_pid_alt": [10000.0, 8553.816084350761, 1024.7909656059117], "k_pid_att": [3897.4640973219994, 3604.5638196818354, 0.0], "k_pid_yaw": [0.5, 1e-06, 0.1], "k_pid_hsp": [4893.89888299155, 6270.044067836058, 4535.243695190629], "k_pid_vsp": [5355.977421874259, 0.0, 0.0]}, "datetime": {"datetime": "2025-08-09 07:13:21", "elapsed": 51833.21668243408, "delta": 51.32489061355591}, "costs": {"total_cost": 1815.0741908193918, "time_cost": 150, "final_distance_cost": 48.02493961471406, "oscillation_cost": 447.2249490567836, "completition_cost": 1000.0, "overshoot_cost": 102.92914526773282, "power_cost": 38.62705751953125, "noise_cost": 28.26809936063009, "n_waypoints_completed": 0, "tot_waypoints": 9}}
{"target": -1447.2336090216202, "params": {"k_pid_pos": [10000.0, 3214.0083622922334, 5210.1198175776735], "k_pid_alt": [1803.523002340378, 10000.0, 2308.7220055701655], "k_pid_att": [7155.667112641114, 8841.94527540232, 6354.410876633746], "k_pid_yaw": [0.5, 1e-06, 0.1], "k_pid_hsp": [0.0, 0.0, 0.0], "k_pid_vsp": [221.31297450949404, 10000.0, 10000.0]}, "datetime": {"datetime": "2025-08-09 07:14:09", "elapsed": 51881.07626080513, "delta": 47.859578371047974}, "costs": {"total_cost": 1447.2336090216202, "time_cost": 150, "final_distance_cost": 10.874955840053898, "oscillation_cost": 0.0, "completition_cost": 1000.0, "overshoot_cost": 166.4099510673916, "power_cost": 29.932059130859376, "noise_cost": 90.01664298331532, "n_waypoints_completed": 0, "tot_waypoints": 9}}
{"target": -6585.221583723939, "params": {"k_pid_pos": [1124.8683929239623, 8390.472980540497, 5165.3125421774785], "k_pid_alt": [1293.3720468687582, 5437.504457773139, 8496.819458799839], "k_pid_att": [1318.0560827031795, 9107.731124544112, 3348.645002871108], "k_pid_yaw": [0.5, 1e-06, 0.1], "k_pid_hsp": [1189.182637121502, 4110.205388920697, 9757.800120554826], "k_pid_vsp": [92.47874402753654, 7437.647070279023, 1268.8892959159025]}, "datetime": {"datetime": "2025-08-09 07:14:43", "elapsed": 51914.768683195114, "delta": 33.69242238998413}, "costs": {"total_cost": 6585.221583723939, "time_cost": 150, "final_distance_cost": 828.034583794503, "oscillation_cost": 1477.5708482062262, "completition_cost": 1000.0, "overshoot_cost": 2929.09579551097, "power_cost": 58.55657543945313, "noise_cost": 141.96378077278678, "n_waypoints_completed": 0, "tot_waypoints": 9}}
{"target": -5499.160385568733, "params": {"k_pid_pos": [5417.273636921475, 9867.198666948132, 3108.9296882936414], "k_pid_alt": [4100.812287770091, 4284.568912919336, 3218.6814389811902], "k_pid_att": [9180.178786886296, 2737.0370841751833, 7840.113804368331], "k_pid_yaw": [0.5, 1e-06, 0.1], "k_pid_hsp": [6826.919179824965, 8829.510292923074, 4238.721296791491], "k_pid_vsp": [1163.639826183598, 390.0504824818829, 5300.571483605035]}, "datetime": {"datetime": "2025-08-09 07:15:17", "elapsed": 51948.59917998314, "delta": 33.8304967880249}, "costs": {"total_cost": 5499.160385568733, "time_cost": 150, "final_distance_cost": 1584.4820091997174, "oscillation_cost": 192.0013464401231, "completition_cost": 1000.0, "overshoot_cost": 2487.2148542603863, "power_cost": 41.40252030029297, "noise_cost": 44.05965536821224, "n_waypoints_completed": 0, "tot_waypoints": 9}}
{"target": -1311.6845987682048, "params": {"k_pid_pos": [10000.0, 4149.852293838394, 4752.948102846289], "k_pid_alt": [4626.28568423385, 0.0, 8.587572979428296], "k_pid_att": [6109.468490965604, 2594.5919737684776, 0.0], "k_pid_yaw": [0.5, 1e-06, 0.1], "k_pid_hsp": [5272.915446070436, 7254.072605896355, 3208.931877985628], "k_pid_vsp": [2435.2758374731943, 10000.0, 10000.0]}, "datetime": {"datetime": "2025-08-09 07:16:06", "elapsed": 51998.31318974495, "delta": 49.7140097618103}, "costs": {"total_cost": 1311.6845987682048, "time_cost": 150, "final_distance_cost": 89.89235214434568, "oscillation_cost": 167.5113828913898, "completition_cost": 777.7777777777778, "overshoot_cost": 55.1096138813758, "power_cost": 42.16666225585938, "noise_cost": 29.226809817456267, "n_waypoints_completed": 2, "tot_waypoints": 9}}
{"target": -3729.031052602304, "params": {"k_pid_pos": [1385.2662609841116, 5418.597758848251, 2717.729353627778], "k_pid_alt": [6892.402340676612, 1859.403672310036, 9208.000177932805], "k_pid_att": [7378.118818004214, 8013.9454979963475, 1929.4669008330534], "k_pid_yaw": [0.5, 1e-06, 0.1], "k_pid_hsp": [3464.4535540663524, 2536.202232984351, 9121.493343689424], "k_pid_vsp": [7490.007243704293, 4943.031959481064, 6354.189782887226]}, "datetime": {"datetime": "2025-08-09 07:16:40", "elapsed": 52031.866097450256, "delta": 33.55290770530701}, "costs": {"total_cost": 3729.031052602304, "time_cost": 150, "final_distance_cost": 378.7541673374587, "oscillation_cost": 389.2038798392315, "completition_cost": 1000.0, "overshoot_cost": 1682.049399717892, "power_cost": 51.55534108886719, "noise_cost": 77.46826461885416, "n_waypoints_completed": 0, "tot_waypoints": 9}}
{"target": -6755.685663229342, "params": {"k_pid_pos": [8087.742981344504, 9633.23796029717, 5616.908786034795], "k_pid_alt": [2438.0696142027045, 6517.251809544668, 6565.220774076588], "k_pid_att": [4152.059692292655, 6666.358939707791, 6780.111879757461], "k_pid_yaw": [0.5, 1e-06, 0.1], "k_pid_hsp": [4289.02491532069, 3129.1529242171955, 659.2827409510926], "k_pid_vsp": [4506.185594242272, 2612.503743675396, 9767.352080674686]}, "datetime": {"datetime": "2025-08-09 07:17:14", "elapsed": 52065.817674160004, "delta": 33.951576709747314}, "costs": {"total_cost": 6755.685663229342, "time_cost": 150, "final_distance_cost": 1049.2758552878163, "oscillation_cost": 943.2755686234644, "completition_cost": 1000.0, "overshoot_cost": 3441.7536000432947, "power_cost": 54.61740061035157, "noise_cost": 116.76323866441469, "n_waypoints_completed": 0, "tot_waypoints": 9}}
{"target": -1726.006105319238, "params": {"k_pid_pos": [5454.868743721473, 5609.514121070971, 7418.032681346247], "k_pid_alt": [7580.927783275626, 10000.0, 10000.0], "k_pid_att": [4368.9554814757075, 6970.523838150439, 0.0], "k_pid_yaw": [0.5, 1e-06, 0.1], "k_pid_hsp": [5335.429479183645, 6532.87551898217, 4962.650445033354], "k_pid_vsp": [10000.0, 10000.0, 6869.12884891031]}, "datetime": {"datetime": "2025-08-09 07:18:02", "elapsed": 52114.01005077362, "delta": 48.19237661361694}, "costs": {"total_cost": 1726.006105319238, "time_cost": 150, "final_distance_cost": 63.49759347842317, "oscillation_cost": 366.5983007121863, "completition_cost": 1000.0, "overshoot_cost": 77.92122570670222, "power_cost": 39.47264343261719, "noise_cost": 28.516341989309158, "n_waypoints_completed": 0, "tot_waypoints": 9}}
{"target": -1461.7682405994126, "params": {"k_pid_pos": [5513.444052143383, 10000.0, 4685.299830652958], "k_pid_alt": [0.0, 8029.418012704676, 3156.462738806818], "k_pid_att": [8605.794413547565, 3179.3345389925894, 0.0], "k_pid_yaw": [0.5, 1e-06, 0.1], "k_pid_hsp": [2221.0640136264096, 10000.0, 0.0], "k_pid_vsp": [418.4422312525115, 8814.5804602573, 5305.511478945434]}, "datetime": {"datetime": "2025-08-09 07:18:53", "elapsed": 52164.53111767769, "delta": 50.52106690406799}, "costs": {"total_cost": 1461.7682405994126, "time_cost": 150, "final_distance_cost": 67.03692322169992, "oscillation_cost": 97.73155837179128, "completition_cost": 1000.0, "overshoot_cost": 71.80707796189779, "power_cost": 45.369001037597656, "noise_cost": 29.823680006425686, "n_waypoints_completed": 0, "tot_waypoints": 9}}
{"target": -1414.7806884445422, "params": {"k_pid_pos": [4853.150166425647, 6323.427904284243, 3372.2538166187987], "k_pid_alt": [6486.429738627027, 3997.3647582625167, 0.0], "k_pid_att": [5807.095321241451, 7091.99412586589, 0.0], "k_pid_yaw": [0.5, 1e-06, 0.1], "k_pid_hsp": [10000.0, 10000.0, 704.3152549102472], "k_pid_vsp": [3669.9348723325706, 3330.5434976898573, 10000.0]}, "datetime": {"datetime": "2025-08-09 07:19:40", "elapsed": 52211.72898030281, "delta": 47.19786262512207}, "costs": {"total_cost": 1414.7806884445422, "time_cost": 150, "final_distance_cost": 76.98094597198072, "oscillation_cost": 149.35118427009638, "completition_cost": 888.8888888888888, "overshoot_cost": 77.84828059691804, "power_cost": 42.12669155273438, "noise_cost": 29.584697163923753, "n_waypoints_completed": 1, "tot_waypoints": 9}}
{"target": -4824.362354781733, "params": {"k_pid_pos": [2192.4692537954215, 9047.423709973433, 1487.1991081415015], "k_pid_alt": [1650.7564881919034, 5846.163919699089, 6707.179930097514], "k_pid_att": [6644.227437466125, 9737.862890378592, 4195.567732720725], "k_pid_yaw": [0.5, 1e-06, 0.1], "k_pid_hsp": [6619.3803669712825, 3148.767999457869, 763.4766158356022], "k_pid_vsp": [4258.055243772011, 4605.557649641108, 4523.61488106816]}, "datetime": {"datetime": "2025-08-09 07:20:13", "elapsed": 52245.26958870888, "delta": 33.540608406066895}, "costs": {"total_cost": 4824.362354781733, "time_cost": 150, "final_distance_cost": 689.9154974229284, "oscillation_cost": 632.8077851263663, "completition_cost": 1000.0, "overshoot_cost": 2176.7337569337537, "power_cost": 57.31021888427735, "noise_cost": 117.59509641440806, "n_waypoints_completed": 0, "tot_waypoints": 9}}
{"target": -1516.132665629149, "params": {"k_pid_pos": [3860.535767628271, 9396.935761355977, 3598.9059113974076], "k_pid_alt": [0.0, 7119.809596597838, 6194.34184278089], "k_pid_att": [6723.704260544644, 5413.195050908416, 0.0], "k_pid_yaw": [0.5, 1e-06, 0.1], "k_pid_hsp": [4807.185679736973, 10000.0, 4520.32125304557], "k_pid_vsp": [0.0, 2504.5592894823035, 2435.144823584484]}, "datetime": {"datetime": "2025-08-09 07:21:02", "elapsed": 52294.1845061779, "delta": 48.91491746902466}, "costs": {"total_cost": 1516.132665629149, "time_cost": 150, "final_distance_cost": 47.074074572809494, "oscillation_cost": 266.4906716524691, "completition_cost": 888.8888888888888, "overshoot_cost": 93.64328236866568, "power_cost": 40.54072485351563, "noise_cost": 29.495023292800166, "n_waypoints_completed": 1, "tot_waypoints": 9}}
{"target": -20759.627446970928, "params": {"k_pid_pos": [5697.962550336692, 5738.674464200558, 8973.215986354406], "k_pid_alt": [7184.581045103336, 10000.0, 10000.0], "k_pid_att": [4826.177834974086, 5529.413341824508, 5415.812049170376], "k_pid_yaw": [0.5, 1e-06, 0.1], "k_pid_hsp": [1255.424532138219, 9384.62492501424, 4087.2563730299294], "k_pid_vsp": [10000.0, 6300.8104682689345, 7934.7644869300975]}, "datetime": {"datetime": "2025-08-09 07:21:53", "elapsed": 52344.79030632973, "delta": 50.60580015182495}, "costs": {"total_cost": 20759.627446970928, "time_cost": 150, "final_distance_cost": 6014.684664124208, "oscillation_cost": 1641.2228468609828, "completition_cost": 1000.0, "overshoot_cost": 11751.022234587997, "power_cost": 58.65595290527344, "noise_cost": 144.04174849246755, "n_waypoints_completed": 0, "tot_waypoints": 9}}
{"target": -3696.9184799089344, "params": {"k_pid_pos": [5544.522063296994, 4069.6537342797524, 5195.9953036197585], "k_pid_alt": [431.4276144021811, 624.2515803084159, 1028.8759736642062], "k_pid_att": [3253.869633811707, 9061.836028345444, 408.44909295554953], "k_pid_yaw": [0.5, 1e-06, 0.1], "k_pid_hsp": [4880.489951916079, 3931.266090629043, 2406.6695884742917], "k_pid_vsp": [8904.64727583314, 8522.687546608042, 6184.828381080757]}, "datetime": {"datetime": "2025-08-09 07:22:27", "elapsed": 52379.373767614365, "delta": 34.58346128463745}, "costs": {"total_cost": 3696.9184799089344, "time_cost": 150, "final_distance_cost": 747.926020391519, "oscillation_cost": 311.0066035888486, "completition_cost": 1000.0, "overshoot_cost": 1424.3625781098888, "power_cost": 35.41381256103516, "noise_cost": 28.20946525764269, "n_waypoints_completed": 0, "tot_waypoints": 9}}
{"target": -1462.9717583801364, "params": {"k_pid_pos": [6430.8797623863165, 10000.0, 7916.084171823328], "k_pid_alt": [5476.904196067479, 7835.619610855841, 8418.518734420513], "k_pid_att": [5865.875288878499, 6971.349113794188, 0.0], "k_pid_yaw": [0.5, 1e-06, 0.1], "k_pid_hsp": [10000.0, 5676.112722071326, 2003.0176094388335], "k_pid_vsp": [9138.065286733843, 10000.0, 5851.3178777879575]}, "datetime": {"datetime": "2025-08-09 07:23:16", "elapsed": 52427.70687508583, "delta": 48.333107471466064}, "costs": {"total_cost": 1462.9717583801364, "time_cost": 150, "final_distance_cost": 75.20373033431207, "oscillation_cost": 205.3316920942498, "completition_cost": 888.8888888888888, "overshoot_cost": 72.38887695637878, "power_cost": 42.02712799072266, "noise_cost": 29.131442115584473, "n_waypoints_completed": 1, "tot_waypoints": 9}}
{"target": -3254.2922978831352, "params": {"k_pid_pos": [10000.0, 3389.9830603641008, 8280.424611389775], "k_pid_alt": [10000.0, 4695.163415651931, 3387.4049236696387], "k_pid_att": [10000.0, 10000.0, 3910.7983116050355], "k_pid_yaw": [0.5, 1e-06, 0.1], "k_pid_hsp": [54.328279311365364, 10000.0, 6464.900861196666], "k_pid_vsp": [3172.197617729736, 9915.443349391475, 5714.938232707457]}, "datetime": {"datetime": "2025-08-09 07:24:07", "elapsed": 52479.3561668396, "delta": 51.64929175376892}, "costs": {"total_cost": 3254.2922978831352, "time_cost": 150, "final_distance_cost": 472.9579101617652, "oscillation_cost": 77.00674207252123, "completition_cost": 1000.0, "overshoot_cost": 1491.7044398062392, "power_cost": 34.94669873046875, "noise_cost": 27.67650711214106, "n_waypoints_completed": 0, "tot_waypoints": 9}}
{"target": -795.9689965131803, "params": {"k_pid_pos": [10000.0, 8207.631701552378, 3884.7871908207367], "k_pid_alt": [5288.798424209411, 0.0, 4125.830231269371], "k_pid_att": [6073.196164752706, 0.0, 0.0], "k_pid_yaw": [0.5, 1e-06, 0.1], "k_pid_hsp": [10000.0, 10000.0, 6914.594001166191], "k_pid_vsp": [10000.0, 7822.586068091259, 0.0]}, "datetime": {"datetime": "2025-08-09 07:24:54", "elapsed": 52526.203906297684, "delta": 46.847739458084106}, "costs": {"total_cost": 795.9689965131803, "time_cost": 150, "final_distance_cost": 77.54641622409495, "oscillation_cost": 289.0005576725347, "completition_cost": 111.11111111111116, "overshoot_cost": 99.5175889011385, "power_cost": 40.15396687011719, "noise_cost": 28.639355734183702, "n_waypoints_completed": 8, "tot_waypoints": 9}}
