{"target": -5233.17500832411, "params": {"k_pid_pos": [4489.09205461052, 6913.528712197462, 2962.315081884477], "k_pid_alt": [453.5825179622799, 8449.2440332308, 6811.710564285615], "k_pid_att": [8478.262268188528, 9911.664433821106, 2074.2229992051543], "k_pid_yaw": [0.5, 1e-06, 0.1], "k_pid_hsp": [2494.4575483299336, 6620.281114640903, 9222.831027889064], "k_pid_vsp": [1181.5264078123512, 6325.525406428833, 3409.6769432669603]}, "datetime": {"datetime": "2025-08-08 22:22:26", "elapsed": 19977.90828847885, "delta": 31.74369978904724}, "costs": {"total_cost": 5233.17500832411, "time_cost": 150, "final_distance_cost": 1236.7798668494859, "oscillation_cost": 116.99579511464003, "completition_cost": 1000.0, "overshoot_cost": 2666.8102285223476, "power_cost": 34.924177062988285, "noise_cost": 27.66494077464937, "n_waypoints_completed": 0, "tot_waypoints": 9}}
{"target": -1427.5751703195021, "params": {"k_pid_pos": [2931.0727131758076, 10000.0, 6377.192655983863], "k_pid_alt": [10000.0, 1552.7650574835088, 3263.4861972151193], "k_pid_att": [870.9676323592815, 0.0, 0.0], "k_pid_yaw": [0.5, 1e-06, 0.1], "k_pid_hsp": [7013.511655402356, 0.0, 5111.104499668626], "k_pid_vsp": [2688.1380223146257, 5522.124408925893, 4290.4760356275965]}, "datetime": {"datetime": "2025-08-08 22:23:03", "elapsed": 20014.563810825348, "delta": 36.65552234649658}, "costs": {"total_cost": 1427.5751703195021, "time_cost": 150, "final_distance_cost": 70.80088118420178, "oscillation_cost": 480.9870760343543, "completition_cost": 555.5555555555555, "overshoot_cost": 103.4540676051929, "power_cost": 37.96111046142578, "noise_cost": 28.8164794787718, "n_waypoints_completed": 4, "tot_waypoints": 9}}
{"target": -7377.8918387917465, "params": {"k_pid_pos": [1375.2322140772956, 6830.7958080494545, 2219.04735688075], "k_pid_alt": [9900.04263382897, 528.6658445706427, 9384.260080596083], "k_pid_att": [3102.9083722938576, 4348.312867720573, 2413.444367706138], "k_pid_yaw": [0.5, 1e-06, 0.1], "k_pid_hsp": [7136.726956067747, 679.1986928175331, 4231.5258753177295], "k_pid_vsp": [8003.9904796027495, 9110.956341595473, 7312.848403050291]}, "datetime": {"datetime": "2025-08-08 22:23:34", "elapsed": 20045.842108488083, "delta": 31.278297662734985}, "costs": {"total_cost": 7377.8918387917465, "time_cost": 150, "final_distance_cost": 1211.397642318139, "oscillation_cost": 712.6990044320765, "completition_cost": 1000.0, "overshoot_cost": 4110.24756797068, "power_cost": 58.52499479980469, "noise_cost": 135.02262927104576, "n_waypoints_completed": 0, "tot_waypoints": 9}}
{"target": -1627.361612640499, "params": {"k_pid_pos": [6513.101153291127, 9322.877080852082, 5215.186396010877], "k_pid_alt": [557.5487008743482, 2236.808344045406, 9841.863926868562], "k_pid_att": [10000.0, 4610.3354433389495, 0.0], "k_pid_yaw": [0.5, 1e-06, 0.1], "k_pid_hsp": [10000.0, 7420.589821672784, 0.0], "k_pid_vsp": [10000.0, 2433.9517009861233, 7642.668817458062]}, "datetime": {"datetime": "2025-08-08 22:24:08", "elapsed": 20080.038514137268, "delta": 34.19640564918518}, "costs": {"total_cost": 1627.361612640499, "time_cost": 150, "final_distance_cost": 35.21907547792605, "oscillation_cost": 311.5029100272764, "completition_cost": 1000.0, "overshoot_cost": 59.45908924249852, "power_cost": 42.066694848632814, "noise_cost": 29.113843044165186, "n_waypoints_completed": 0, "tot_waypoints": 9}}
{"target": -1532.8317821941807, "params": {"k_pid_pos": [7480.972222326532, 4709.596573134998, 7292.0555864885355], "k_pid_alt": [10000.0, 7788.474249890208, 4933.316571288672], "k_pid_att": [7649.88829155295, 7458.5687889741375, 0.0], "k_pid_yaw": [0.5, 1e-06, 0.1], "k_pid_hsp": [6872.270445887732, 826.3744157809497, 2742.101076772842], "k_pid_vsp": [4393.551793877916, 10000.0, 3094.9949640711775]}, "datetime": {"datetime": "2025-08-08 22:24:44", "elapsed": 20115.943150997162, "delta": 35.9046368598938}, "costs": {"total_cost": 1532.8317821941807, "time_cost": 150, "final_distance_cost": 69.3084804202804, "oscillation_cost": 296.76900630398166, "completition_cost": 888.8888888888888, "overshoot_cost": 58.47922008086767, "power_cost": 40.67613514404297, "noise_cost": 28.710051356119177, "n_waypoints_completed": 1, "tot_waypoints": 9}}
{"target": -2387.585958319152, "params": {"k_pid_pos": [8524.320446744852, 7191.45933818806, 1156.5535616835427], "k_pid_alt": [8841.12787344514, 0.0, 10000.0], "k_pid_att": [10000.0, 2619.86459219679, 0.0], "k_pid_yaw": [0.5, 1e-06, 0.1], "k_pid_hsp": [0.0, 5463.284806477632, 3865.116905773664], "k_pid_vsp": [2583.7886784885436, 9943.397662909281, 3585.979720236189]}, "datetime": {"datetime": "2025-08-08 22:25:19", "elapsed": 20150.931877851486, "delta": 34.98872685432434}, "costs": {"total_cost": 2387.585958319152, "time_cost": 150, "final_distance_cost": 90.79832683537825, "oscillation_cost": 782.366844700302, "completition_cost": 1000.0, "overshoot_cost": 301.2659278668064, "power_cost": 35.41144920654297, "noise_cost": 27.743409710122407, "n_waypoints_completed": 0, "tot_waypoints": 9}}
{"target": -2192.316370452403, "params": {"k_pid_pos": [2262.226690042501, 10000.0, 5418.232991618129], "k_pid_alt": [10000.0, 1069.8902391326599, 6384.4225297284875], "k_pid_att": [5367.461994687718, 4034.4798430877386, 0.0], "k_pid_yaw": [0.5, 1e-06, 0.1], "k_pid_hsp": [5790.697762652919, 3349.238416412135, 6953.987480165808], "k_pid_vsp": [6978.67920055674, 10000.0, 330.8580354735568]}, "datetime": {"datetime": "2025-08-08 22:25:55", "elapsed": 20186.680263757706, "delta": 35.74838590621948}, "costs": {"total_cost": 2192.316370452403, "time_cost": 150, "final_distance_cost": 82.47792998462702, "oscillation_cost": 910.6227026287526, "completition_cost": 888.8888888888888, "overshoot_cost": 96.48835370465974, "power_cost": 36.00032580566406, "noise_cost": 27.838169439810727, "n_waypoints_completed": 1, "tot_waypoints": 9}}
{"target": -22091.381387783757, "params": {"k_pid_pos": [9352.861266928277, 4467.360076909355, 8543.694598318973], "k_pid_alt": [5211.150922689901, 8500.025207450342, 9713.555214849663], "k_pid_att": [287.478915411935, 9818.950034665797, 9182.084057611502], "k_pid_yaw": [0.5, 1e-06, 0.1], "k_pid_hsp": [7575.099849620133, 4351.508235092066, 4613.631931509822], "k_pid_vsp": [9004.666846158676, 937.2533065910704, 878.6854910123853]}, "datetime": {"datetime": "2025-08-08 22:26:25", "elapsed": 20217.27060031891, "delta": 30.590336561203003}, "costs": {"total_cost": 22091.381387783757, "time_cost": 150, "final_distance_cost": 6621.426807619392, "oscillation_cost": 1431.0200630239713, "completition_cost": 1000.0, "overshoot_cost": 12688.160135921054, "power_cost": 58.65580295410157, "noise_cost": 142.11857826524, "n_waypoints_completed": 0, "tot_waypoints": 9}}
{"target": -1050.8737247569027, "params": {"k_pid_pos": [9503.550693498812, 8892.274012124419, 2469.06761123518], "k_pid_alt": [3371.6882452876857, 0.0, 2118.675269327523], "k_pid_att": [1789.1578406824456, 0.0, 0.0], "k_pid_yaw": [0.5, 1e-06, 0.1], "k_pid_hsp": [8801.204347788784, 6668.578624866678, 10000.0], "k_pid_vsp": [5384.2212592830965, 0.0, 6364.530065174861]}, "datetime": {"datetime": "2025-08-08 22:27:01", "elapsed": 20253.041603565216, "delta": 35.77100324630737}, "costs": {"total_cost": 1050.8737247569027, "time_cost": 150, "final_distance_cost": 88.61018127499204, "oscillation_cost": 440.6504208592056, "completition_cost": 222.2222222222222, "overshoot_cost": 83.26562326681953, "power_cost": 37.643276965332035, "noise_cost": 28.482000168331417, "n_waypoints_completed": 7, "tot_waypoints": 9}}
{"target": -1469.1287958418866, "params": {"k_pid_pos": [4496.534745198901, 3889.217214213581, 2254.8122809707106], "k_pid_alt": [0.0, 2880.7182972524497, 5367.092981766567], "k_pid_att": [10000.0, 10000.0, 0.0], "k_pid_yaw": [0.5, 1e-06, 0.1], "k_pid_hsp": [10000.0, 2751.417182855477, 4865.961074524854], "k_pid_vsp": [10000.0, 3002.1918768287287, 2112.6205760661232]}, "datetime": {"datetime": "2025-08-08 22:27:36", "elapsed": 20288.31388616562, "delta": 35.27228260040283}, "costs": {"total_cost": 1469.1287958418866, "time_cost": 150, "final_distance_cost": 104.0193163088253, "oscillation_cost": 288.1424225436551, "completition_cost": 777.7777777777778, "overshoot_cost": 81.3832704794738, "power_cost": 39.356494860839845, "noise_cost": 28.449513871314824, "n_waypoints_completed": 2, "tot_waypoints": 9}}
{"target": -5701.780744874938, "params": {"k_pid_pos": [239.4865971373439, 1828.8453653967574, 5406.623410305377], "k_pid_alt": [4161.350115451931, 996.6406379934989, 3095.545104592988], "k_pid_att": [8923.273181742723, 2827.0532239994404, 4786.123154663988], "k_pid_yaw": [0.5, 1e-06, 0.1], "k_pid_hsp": [9012.128308195166, 3469.0718075791538, 1324.6805032454124], "k_pid_vsp": [9277.323160136864, 8386.200465298933, 7227.245457455734]}, "datetime": {"datetime": "2025-08-08 22:28:07", "elapsed": 20319.26671743393, "delta": 30.952831268310547}, "costs": {"total_cost": 5701.780744874938, "time_cost": 150, "final_distance_cost": 929.1663890572324, "oscillation_cost": 620.0102020138232, "completition_cost": 1000.0, "overshoot_cost": 2826.29804956033, "power_cost": 57.48212651367188, "noise_cost": 118.82397772988074, "n_waypoints_completed": 0, "tot_waypoints": 9}}
{"target": -14105.27763033279, "params": {"k_pid_pos": [822.674254301935, 3774.3677067632375, 3103.598435647136], "k_pid_alt": [1332.6684070379479, 8109.587954857279, 4326.368734386386], "k_pid_att": [2006.1850268961268, 7964.3410708969295, 6877.135636541907], "k_pid_yaw": [0.5, 1e-06, 0.1], "k_pid_hsp": [201.47370268727926, 9980.650599085595, 8116.820580051613], "k_pid_vsp": [2360.1631775511078, 5170.7567055052705, 4949.4520232428185]}, "datetime": {"datetime": "2025-08-08 22:28:38", "elapsed": 20350.18973851204, "delta": 30.92302107810974}, "costs": {"total_cost": 14105.27763033279, "time_cost": 150, "final_distance_cost": 4576.262548124416, "oscillation_cost": 1153.6711292250416, "completition_cost": 1000.0, "overshoot_cost": 7052.638689673692, "power_cost": 54.98319812011719, "noise_cost": 117.72206518952376, "n_waypoints_completed": 0, "tot_waypoints": 9}}
{"target": -6515.218328187905, "params": {"k_pid_pos": [4324.738516227582, 9937.194247716929, 8699.91216711587], "k_pid_alt": [2611.4244853901446, 6355.036196608305, 5078.257861440821], "k_pid_att": [5433.683691204056, 3549.036887985277, 3660.8456492056775], "k_pid_yaw": [0.5, 1e-06, 0.1], "k_pid_hsp": [9627.818702681418, 6531.775522695198, 9194.730744733608], "k_pid_vsp": [8735.862750858674, 7996.548093488167, 3819.5880437391415]}, "datetime": {"datetime": "2025-08-08 22:29:09", "elapsed": 20380.86556816101, "delta": 30.675829648971558}, "costs": {"total_cost": 6515.218328187905, "time_cost": 150, "final_distance_cost": 1088.0223263521636, "oscillation_cost": 755.2198630584274, "completition_cost": 1000.0, "overshoot_cost": 3327.6843111910016, "power_cost": 58.63665303955079, "noise_cost": 135.65517454676245, "n_waypoints_completed": 0, "tot_waypoints": 9}}
{"target": -1517.2313460316095, "params": {"k_pid_pos": [0.0, 10000.0, 10000.0], "k_pid_alt": [10000.0, 4397.772596457338, 3902.126508526133], "k_pid_att": [10000.0, 6953.694803475586, 0.0], "k_pid_yaw": [0.5, 1e-06, 0.1], "k_pid_hsp": [10000.0, 3635.1638879684147, 0.0], "k_pid_vsp": [5650.116531879309, 4533.855700154083, 1398.6060000583968]}, "datetime": {"datetime": "2025-08-08 22:29:44", "elapsed": 20416.06026482582, "delta": 35.19469666481018}, "costs": {"total_cost": 1517.2313460316095, "time_cost": 150, "final_distance_cost": 42.20013862229649, "oscillation_cost": 201.4591162499203, "completition_cost": 1000.0, "overshoot_cost": 49.902388027508515, "power_cost": 44.231296630859376, "noise_cost": 29.438406501024666, "n_waypoints_completed": 0, "tot_waypoints": 9}}
{"target": -25740.89150879668, "params": {"k_pid_pos": [8047.01762428833, 9510.526647904124, 6023.588802434744], "k_pid_alt": [2438.5832588536673, 5574.05492781186, 6447.702464083391], "k_pid_att": [2995.5547850654452, 5993.109568601935, 6848.175910272205], "k_pid_yaw": [0.5, 1e-06, 0.1], "k_pid_hsp": [1440.2582576854506, 7012.561828950827, 5742.769140555364], "k_pid_vsp": [3425.6090564618335, 9125.268838808335, 864.586751436921]}, "datetime": {"datetime": "2025-08-08 22:30:14", "elapsed": 20446.403587579727, "delta": 30.34332275390625}, "costs": {"total_cost": 25740.89150879668, "time_cost": 150, "final_distance_cost": 7740.848702562132, "oscillation_cost": 1627.0797075588753, "completition_cost": 1000.0, "overshoot_cost": 15021.55621141957, "power_cost": 58.621353344726565, "noise_cost": 142.7855339113782, "n_waypoints_completed": 0, "tot_waypoints": 9}}
{"target": -1755.5433808580278, "params": {"k_pid_pos": [9346.169150558037, 5986.261167911749, 3887.733125680099], "k_pid_alt": [0.0, 0.0, 0.0], "k_pid_att": [7414.847848242962, 4385.259398055418, 0.0], "k_pid_yaw": [0.5, 1e-06, 0.1], "k_pid_hsp": [10000.0, 2089.6196897498216, 4041.392841462391], "k_pid_vsp": [4066.2638253749915, 9344.541315717648, 5371.088103527247]}, "datetime": {"datetime": "2025-08-08 22:30:50", "elapsed": 20481.85892724991, "delta": 35.455339670181274}, "costs": {"total_cost": 1755.5433808580278, "time_cost": 150, "final_distance_cost": 16.60032378404973, "oscillation_cost": 274.1640692632408, "completition_cost": 1000.0, "overshoot_cost": 165.9528029926225, "power_cost": 40.707429699707035, "noise_cost": 108.11875511840772, "n_waypoints_completed": 0, "tot_waypoints": 9}}
{"target": -4879.997210583469, "params": {"k_pid_pos": [5634.448842202888, 1957.6768429536173, 8712.572383505998], "k_pid_alt": [1909.5539929896045, 6586.626557651911, 5031.017986636804], "k_pid_att": [3477.1521968463626, 8654.218254444726, 8779.547065837256], "k_pid_yaw": [0.5, 1e-06, 0.1], "k_pid_hsp": [3090.576192602209, 1395.605878120183, 7857.02327992876], "k_pid_vsp": [7828.894450583846, 90.2670793406124, 7430.403459681141]}, "datetime": {"datetime": "2025-08-08 22:31:21", "elapsed": 20512.761001825333, "delta": 30.902074575424194}, "costs": {"total_cost": 4879.997210583469, "time_cost": 150, "final_distance_cost": 635.3510847440183, "oscillation_cost": 614.3886959391705, "completition_cost": 1000.0, "overshoot_cost": 2354.61206859821, "power_cost": 49.31583415527344, "noise_cost": 76.32952714679645, "n_waypoints_completed": 0, "tot_waypoints": 9}}
{"target": -2377.1491664034, "params": {"k_pid_pos": [7591.131652708498, 9067.12229244034, 10000.0], "k_pid_alt": [6027.338174375319, 8529.328227890124, 3115.6761343823714], "k_pid_att": [4748.740999057135, 4796.005702235954, 0.0], "k_pid_yaw": [0.5, 1e-06, 0.1], "k_pid_hsp": [3511.774004460654, 5728.500963814453, 10000.0], "k_pid_vsp": [2852.467068117584, 0.0, 6453.95633179952]}, "datetime": {"datetime": "2025-08-08 22:31:55", "elapsed": 20547.448766946793, "delta": 34.68776512145996}, "costs": {"total_cost": 2377.1491664034, "time_cost": 150, "final_distance_cost": 84.22122120357844, "oscillation_cost": 839.0954837679158, "completition_cost": 1000.0, "overshoot_cost": 239.02376517642364, "power_cost": 36.527111572265625, "noise_cost": 28.281584683216924, "n_waypoints_completed": 0, "tot_waypoints": 9}}
{"target": -1505.2304982233816, "params": {"k_pid_pos": [1157.197435727526, 8978.108812828317, 5473.108195522725], "k_pid_alt": [5608.174822237197, 6201.913012238017, 3722.8930588534504], "k_pid_att": [7816.097642129354, 7326.433589062151, 940.6028378102015], "k_pid_yaw": [0.5, 1e-06, 0.1], "k_pid_hsp": [3717.436865917846, 9285.008399190172, 2823.9591136453646], "k_pid_vsp": [2228.9317650133544, 8786.11819667832, 3967.1648882716936]}, "datetime": {"datetime": "2025-08-08 22:32:27", "elapsed": 20578.923966407776, "delta": 31.475199460983276}, "costs": {"total_cost": 1505.2304982233816, "time_cost": 150, "final_distance_cost": 49.92338910436662, "oscillation_cost": 122.42998806059721, "completition_cost": 1000.0, "overshoot_cost": 115.92592393595416, "power_cost": 37.837851074218754, "noise_cost": 29.11334604824459, "n_waypoints_completed": 0, "tot_waypoints": 9}}
{"target": -4693.021729466957, "params": {"k_pid_pos": [9986.186830450966, 2098.0571733460406, 6543.647996726167], "k_pid_alt": [8882.156594172147, 6698.019769669895, 7892.967106176454], "k_pid_att": [9809.150896178891, 6625.813777921456, 8026.698712477048], "k_pid_yaw": [0.5, 1e-06, 0.1], "k_pid_hsp": [2212.9647001219687, 8795.172653623496, 4332.909633234296], "k_pid_vsp": [8487.092281692745, 8064.965688709143, 2404.728017169576]}, "datetime": {"datetime": "2025-08-08 22:32:58", "elapsed": 20610.399894714355, "delta": 31.47592830657959}, "costs": {"total_cost": 4693.021729466957, "time_cost": 150, "final_distance_cost": 978.4383364554748, "oscillation_cost": 678.5534329166363, "completition_cost": 1000.0, "overshoot_cost": 1690.4770789751965, "power_cost": 58.62605108642578, "noise_cost": 136.92683003322375, "n_waypoints_completed": 0, "tot_waypoints": 9}}
{"target": -3699.448794723789, "params": {"k_pid_pos": [3232.581983052031, 8631.937211669692, 3811.9450179054493], "k_pid_alt": [5602.604135015661, 1930.2083531476321, 5883.40986373761], "k_pid_att": [4579.347791916297, 5277.267412735352, 2659.1763166353644], "k_pid_yaw": [0.5, 1e-06, 0.1], "k_pid_hsp": [5309.150902529643, 6823.098050539582, 2300.792609748088], "k_pid_vsp": [580.4012631294098, 3411.2887367624267, 1379.14204238482]}, "datetime": {"datetime": "2025-08-08 22:33:30", "elapsed": 20641.563578367233, "delta": 31.163683652877808}, "costs": {"total_cost": 3699.448794723789, "time_cost": 150, "final_distance_cost": 712.5205539024847, "oscillation_cost": 636.2307962831684, "completition_cost": 1000.0, "overshoot_cost": 1008.7949345435997, "power_cost": 58.53807437744141, "noise_cost": 133.3644356170954, "n_waypoints_completed": 0, "tot_waypoints": 9}}
{"target": -1177.1680123544509, "params": {"k_pid_pos": [3856.273433866172, 10000.0, 1129.9338477584056], "k_pid_alt": [4957.56718536455, 0.0, 3864.5726632642295], "k_pid_att": [8345.714308131312, 3765.0836451003433, 0.0], "k_pid_yaw": [0.5, 1e-06, 0.1], "k_pid_hsp": [4253.419884154956, 5411.621616935403, 2755.8400362980824], "k_pid_vsp": [203.14710593331017, 8113.141334200751, 1737.9780440076809]}, "datetime": {"datetime": "2025-08-08 22:34:05", "elapsed": 20676.946119070053, "delta": 35.382540702819824}, "costs": {"total_cost": 1177.1680123544509, "time_cost": 150, "final_distance_cost": 47.18630703121261, "oscillation_cost": 256.5601471748262, "completition_cost": 555.5555555555555, "overshoot_cost": 98.35885721234723, "power_cost": 40.81426712646485, "noise_cost": 28.692878254044555, "n_waypoints_completed": 4, "tot_waypoints": 9}}
{"target": -17589.33959012669, "params": {"k_pid_pos": [6099.180668967097, 771.1933337928978, 7190.60850386912], "k_pid_alt": [1195.338401068864, 5374.147445255382, 7615.946634086998], "k_pid_att": [1153.2508605303315, 4258.824617541025, 5671.2136452254745], "k_pid_yaw": [0.5, 1e-06, 0.1], "k_pid_hsp": [7466.134867341905, 6836.382534106168, 7956.899074888002], "k_pid_vsp": [318.0587090065134, 5591.847162293997, 869.377826924318]}, "datetime": {"datetime": "2025-08-08 22:34:36", "elapsed": 20707.90252184868, "delta": 30.95640277862549}, "costs": {"total_cost": 17589.33959012669, "time_cost": 150, "final_distance_cost": 4533.307556462736, "oscillation_cost": 1319.873303231768, "completition_cost": 1000.0, "overshoot_cost": 10384.746330840422, "power_cost": 58.58762935791016, "noise_cost": 142.82477023385073, "n_waypoints_completed": 0, "tot_waypoints": 9}}
{"target": -2104.186161126374, "params": {"k_pid_pos": [0.0, 1585.3684514098338, 6569.5210640298055], "k_pid_alt": [6120.215551556792, 4934.980479098695, 0.0], "k_pid_att": [10000.0, 9787.61821841199, 0.0], "k_pid_yaw": [0.5, 1e-06, 0.1], "k_pid_hsp": [10000.0, 4707.376629859768, 971.5146885850802], "k_pid_vsp": [7020.826620090627, 8513.254710340045, 9538.370935801842]}, "datetime": {"datetime": "2025-08-08 22:35:11", "elapsed": 20743.14612364769, "delta": 35.24360179901123}, "costs": {"total_cost": 2104.186161126374, "time_cost": 150, "final_distance_cost": 70.40549510456218, "oscillation_cost": 813.2131167448033, "completition_cost": 888.8888888888888, "overshoot_cost": 117.45390012820427, "power_cost": 36.24578000488282, "noise_cost": 27.978980255032745, "n_waypoints_completed": 1, "tot_waypoints": 9}}
{"target": -2313.0837744494042, "params": {"k_pid_pos": [10000.0, 2866.3832264569196, 6166.680620465783], "k_pid_alt": [4466.497304541092, 10000.0, 0.0], "k_pid_att": [10000.0, 6792.932158519041, 0.0], "k_pid_yaw": [0.5, 1e-06, 0.1], "k_pid_hsp": [0.0, 1566.6793146015261, 2003.8889922412538], "k_pid_vsp": [0.0, 2723.4058336813023, 2807.3146499476156]}, "datetime": {"datetime": "2025-08-08 22:35:46", "elapsed": 20778.269926071167, "delta": 35.12380242347717}, "costs": {"total_cost": 2313.0837744494042, "time_cost": 150, "final_distance_cost": 48.38352436097741, "oscillation_cost": 896.4185998021114, "completition_cost": 1000.0, "overshoot_cost": 153.5991254710777, "power_cost": 36.522886865234376, "noise_cost": 28.15963795000363, "n_waypoints_completed": 0, "tot_waypoints": 9}}
{"target": -3486.6309382431173, "params": {"k_pid_pos": [6642.450479701542, 413.2317184992751, 2502.4238827919953], "k_pid_alt": [3706.6682979220254, 3209.8287990529293, 1859.9361478811904], "k_pid_att": [8103.726502787007, 7717.545393269214, 7330.812217815117], "k_pid_yaw": [0.5, 1e-06, 0.1], "k_pid_hsp": [2691.1449308427827, 2196.512027224061, 9628.65574348058], "k_pid_vsp": [9555.026945880674, 264.41973835386267, 8855.750415058443]}, "datetime": {"datetime": "2025-08-08 22:36:17", "elapsed": 20809.16086626053, "delta": 30.890940189361572}, "costs": {"total_cost": 3486.6309382431173, "time_cost": 150, "final_distance_cost": 610.7129559280734, "oscillation_cost": 371.9723422757412, "completition_cost": 1000.0, "overshoot_cost": 1228.0137218794052, "power_cost": 48.93829147949219, "noise_cost": 76.99362668040506, "n_waypoints_completed": 0, "tot_waypoints": 9}}
