{"target": -1451.2910737207594, "params": {"k_pid_pos": [7083.814062362371, 10000.0, 10000.0], "k_pid_alt": [10000.0, 5635.045000904982, 8971.729975035458], "k_pid_att": [3792.862538921438, 1546.1732676449492, 0.0], "k_pid_yaw": [0.5, 1e-06, 0.1], "k_pid_hsp": [10000.0, 10000.0, 6142.204874687354], "k_pid_vsp": [7072.145009447222, 4950.419580633238, 5661.83209064554]}, "datetime": {"datetime": "2025-08-08 19:21:52", "elapsed": 9143.618304491043, "delta": 33.73058795928955}, "costs": {"total_cost": 1451.2910737207594, "time_cost": 150, "final_distance_cost": 102.43663438432455, "oscillation_cost": 272.67038969957827, "completition_cost": 777.7777777777778, "overshoot_cost": 79.64047419344313, "power_cost": 40.116152001953125, "noise_cost": 28.649645663682346, "n_waypoints_completed": 2, "tot_waypoints": 9}}
{"target": -1493.3352737752116, "params": {"k_pid_pos": [0.0, 10000.0, 10000.0], "k_pid_alt": [3052.04382389093, 0.0, 3625.942966350295], "k_pid_att": [2919.8843490057607, 0.0, 0.0], "k_pid_yaw": [0.5, 1e-06, 0.1], "k_pid_hsp": [8889.58786846815, 1071.253125061077, 0.0], "k_pid_vsp": [3690.344634956683, 0.0, 3227.63274339319]}, "datetime": {"datetime": "2025-08-08 19:22:25", "elapsed": 9177.30538034439, "delta": 33.68707585334778}, "costs": {"total_cost": 1493.3352737752116, "time_cost": 150, "final_distance_cost": 45.35517349521528, "oscillation_cost": 190.39317081761536, "completition_cost": 1000.0, "overshoot_cost": 35.43395098476599, "power_cost": 42.39622775878907, "noise_cost": 29.756750718825785, "n_waypoints_completed": 0, "tot_waypoints": 9}}
{"target": -18026.75063751542, "params": {"k_pid_pos": [2438.9694408350147, 9356.960139695759, 753.3453498632248], "k_pid_alt": [9323.024654056535, 1614.6265240669877, 9144.465921009578], "k_pid_att": [151.47464697540693, 9329.25624491429, 112.18176873769691], "k_pid_yaw": [0.5, 1e-06, 0.1], "k_pid_hsp": [3780.3796129796388, 509.82699152802957, 1061.243877999276], "k_pid_vsp": [9347.175637023158, 251.02376057496545, 4742.915518515327]}, "datetime": {"datetime": "2025-08-08 19:22:56", "elapsed": 9207.85297870636, "delta": 30.547598361968994}, "costs": {"total_cost": 18026.75063751542, "time_cost": 150, "final_distance_cost": 5577.037717642059, "oscillation_cost": 1731.9335966443537, "completition_cost": 1000.0, "overshoot_cost": 9364.820328177924, "power_cost": 58.66205219726563, "noise_cost": 144.29694285381788, "n_waypoints_completed": 0, "tot_waypoints": 9}}
{"target": -18702.41913294479, "params": {"k_pid_pos": [9104.703866208361, 4388.497152199035, 5654.468916599463], "k_pid_alt": [7535.864622610564, 6792.615109467402, 3305.4910305689687], "k_pid_att": [1563.2936325626413, 4286.114076624959, 3857.555819334327], "k_pid_yaw": [0.5, 1e-06, 0.1], "k_pid_hsp": [1269.0649294352763, 9672.945419992153, 41.156247866546146], "k_pid_vsp": [9904.954057797904, 5232.192082005465, 8913.935903383852]}, "datetime": {"datetime": "2025-08-08 19:23:26", "elapsed": 9238.11522936821, "delta": 30.262250661849976}, "costs": {"total_cost": 18702.41913294479, "time_cost": 150, "final_distance_cost": 5006.267889346299, "oscillation_cost": 1674.1904537913822, "completition_cost": 1000.0, "overshoot_cost": 10671.284471055958, "power_cost": 58.621353344726565, "noise_cost": 142.05496540642235, "n_waypoints_completed": 0, "tot_waypoints": 9}}
{"target": -1429.116237757171, "params": {"k_pid_pos": [10000.0, 8183.750008911897, 948.620219612195], "k_pid_alt": [10000.0, 3998.1059357537333, 3448.3203020714836], "k_pid_att": [10000.0, 4266.190307336794, 0.0], "k_pid_yaw": [0.5, 1e-06, 0.1], "k_pid_hsp": [1436.730381159189, 5387.350546723871, 0.0], "k_pid_vsp": [857.5681777208746, 9800.828106121126, 0.0]}, "datetime": {"datetime": "2025-08-08 19:23:59", "elapsed": 9270.800174236298, "delta": 32.68494486808777}, "costs": {"total_cost": 1429.116237757171, "time_cost": 150, "final_distance_cost": 40.3332104025889, "oscillation_cost": 102.08194686789226, "completition_cost": 1000.0, "overshoot_cost": 61.76917425531555, "power_cost": 45.231552575683594, "noise_cost": 29.700353655690638, "n_waypoints_completed": 0, "tot_waypoints": 9}}
{"target": -11243.22455306224, "params": {"k_pid_pos": [3907.1348662788896, 8758.821087590772, 1854.8646582449846], "k_pid_alt": [4295.01305451059, 9208.837685460448, 4171.423838006001], "k_pid_att": [3777.703269583742, 622.9240080817466, 9413.772847110611], "k_pid_yaw": [0.5, 1e-06, 0.1], "k_pid_hsp": [108.36998791881824, 6112.861203811275, 7012.666008792462], "k_pid_vsp": [1996.30891475309, 4292.187037289089, 7725.345812297849]}, "datetime": {"datetime": "2025-08-08 19:24:29", "elapsed": 9300.705169677734, "delta": 29.904995441436768}, "costs": {"total_cost": 11243.22455306224, "time_cost": 150, "final_distance_cost": 3067.283608207182, "oscillation_cost": 23.50949388602092, "completition_cost": 1000.0, "overshoot_cost": 6939.2726377201225, "power_cost": 35.359254296875, "noise_cost": 27.79955895203886, "n_waypoints_completed": 0, "tot_waypoints": 9}}
{"target": -2378.876653838047, "params": {"k_pid_pos": [2281.196230775254, 0.0, 6634.226637138911], "k_pid_alt": [6618.7777088985695, 10000.0, 0.0], "k_pid_att": [10000.0, 10000.0, 0.0], "k_pid_yaw": [0.5, 1e-06, 0.1], "k_pid_hsp": [10000.0, 0.0, 5891.320592126171], "k_pid_vsp": [4245.958702201169, 0.0, 10000.0]}, "datetime": {"datetime": "2025-08-08 19:25:02", "elapsed": 9333.682955265045, "delta": 32.97778558731079}, "costs": {"total_cost": 2378.876653838047, "time_cost": 150, "final_distance_cost": 76.91221577358002, "oscillation_cost": 880.6438489428189, "completition_cost": 1000.0, "overshoot_cost": 206.33359360951192, "power_cost": 36.72177572021484, "noise_cost": 28.265219791921346, "n_waypoints_completed": 0, "tot_waypoints": 9}}
{"target": -1577.0934488195746, "params": {"k_pid_pos": [4178.623579622357, 10000.0, 10000.0], "k_pid_alt": [10000.0, 0.0, 0.0], "k_pid_att": [3508.962203973282, 0.0, 0.0], "k_pid_yaw": [0.5, 1e-06, 0.1], "k_pid_hsp": [10000.0, 2790.7534091677367, 0.0], "k_pid_vsp": [5472.631959127189, 6221.733498827855, 0.0]}, "datetime": {"datetime": "2025-08-08 19:25:34", "elapsed": 9366.056837320328, "delta": 32.37388205528259}, "costs": {"total_cost": 1577.0934488195746, "time_cost": 150, "final_distance_cost": 71.22672247006453, "oscillation_cost": 365.4058379879184, "completition_cost": 888.8888888888888, "overshoot_cost": 33.34360271821918, "power_cost": 39.64217025146485, "noise_cost": 28.58622650301895, "n_waypoints_completed": 1, "tot_waypoints": 9}}
{"target": -7066.066960745798, "params": {"k_pid_pos": [7637.178156365802, 5775.316337740818, 2435.1792400235063], "k_pid_alt": [1428.2362008675432, 4261.864259470825, 8075.8965209969165], "k_pid_att": [1018.4348312982871, 3715.1278438154177, 5848.775387097945], "k_pid_yaw": [0.5, 1e-06, 0.1], "k_pid_hsp": [9782.070683232272, 6194.7872979218, 2945.4832375353567], "k_pid_vsp": [9820.093058183578, 4024.3214776339396, 7977.894303043429]}, "datetime": {"datetime": "2025-08-08 19:26:05", "elapsed": 9396.65033864975, "delta": 30.593501329421997}, "costs": {"total_cost": 7066.066960745798, "time_cost": 150, "final_distance_cost": 1084.0471700546225, "oscillation_cost": 792.2273776677127, "completition_cost": 1000.0, "overshoot_cost": 3844.6405356980895, "power_cost": 58.1759431640625, "noise_cost": 136.97593416131082, "n_waypoints_completed": 0, "tot_waypoints": 9}}
{"target": -1759.5526214890372, "params": {"k_pid_pos": [4443.67857012123, 6689.3084930530285, 3793.814069479544], "k_pid_alt": [0.0, 0.0, 8998.524901290839], "k_pid_att": [6338.85272673624, 0.0, 0.0], "k_pid_yaw": [0.5, 1e-06, 0.1], "k_pid_hsp": [10000.0, 10000.0, 6049.696546341414], "k_pid_vsp": [5261.571662707691, 3329.268416414165, 9557.811132653898]}, "datetime": {"datetime": "2025-08-08 19:26:37", "elapsed": 9429.179754257202, "delta": 32.52941560745239}, "costs": {"total_cost": 1759.5526214890372, "time_cost": 150, "final_distance_cost": 21.286685501270817, "oscillation_cost": 279.5288236128285, "completition_cost": 1000.0, "overshoot_cost": 171.4822757072349, "power_cost": 40.20282320556641, "noise_cost": 97.05201346213663, "n_waypoints_completed": 0, "tot_waypoints": 9}}
{"target": -5421.544789243013, "params": {"k_pid_pos": [9398.888773050268, 8088.374408077236, 1882.6226876289365], "k_pid_alt": [5580.967597448869, 3873.8787698595943, 4656.483939589653], "k_pid_att": [3618.962814867014, 8458.996868117394, 3365.446132004826], "k_pid_yaw": [0.5, 1e-06, 0.1], "k_pid_hsp": [8794.581455717947, 4945.125509371998, 6002.69352166496], "k_pid_vsp": [4661.258896408206, 6115.344932370448, 9009.67580809319]}, "datetime": {"datetime": "2025-08-08 19:27:08", "elapsed": 9459.839495182037, "delta": 30.659740924835205}, "costs": {"total_cost": 5421.544789243013, "time_cost": 150, "final_distance_cost": 879.3738287967732, "oscillation_cost": 857.8652097631231, "completition_cost": 1000.0, "overshoot_cost": 2372.156067232628, "power_cost": 53.62556481933594, "noise_cost": 108.52411863115336, "n_waypoints_completed": 0, "tot_waypoints": 9}}
{"target": -13943.947170104504, "params": {"k_pid_pos": [1983.6369637714724, 8805.454554566079, 9662.617635713272], "k_pid_alt": [7095.972863016679, 2758.3644735494427, 3239.8629351693653], "k_pid_att": [1926.2102586344276, 8389.68660226182, 9686.6673679989], "k_pid_yaw": [0.5, 1e-06, 0.1], "k_pid_hsp": [887.4951351825177, 8602.750491508086, 3914.1336446604923], "k_pid_vsp": [9483.016269909904, 9623.661714807664, 2474.738071616256]}, "datetime": {"datetime": "2025-08-08 19:27:39", "elapsed": 9491.217329025269, "delta": 31.3778338432312}, "costs": {"total_cost": 13943.947170104504, "time_cost": 150, "final_distance_cost": 3931.448211944304, "oscillation_cost": 1407.268177600225, "completition_cost": 1000.0, "overshoot_cost": 7254.024685244694, "power_cost": 58.66826032714844, "noise_cost": 142.53783498812948, "n_waypoints_completed": 0, "tot_waypoints": 9}}
{"target": -1637.8318796785434, "params": {"k_pid_pos": [1151.4365605302555, 7261.596276800773, 1834.9044270373784], "k_pid_alt": [10000.0, 7688.190352860889, 4174.534495834197], "k_pid_att": [10000.0, 8024.106708366438, 0.0], "k_pid_yaw": [0.5, 1e-06, 0.1], "k_pid_hsp": [3375.1713238469174, 5276.474013275419, 0.0], "k_pid_vsp": [0.0, 10000.0, 6583.859088202433]}, "datetime": {"datetime": "2025-08-08 19:28:13", "elapsed": 9525.352489233017, "delta": 34.13516020774841}, "costs": {"total_cost": 1637.8318796785434, "time_cost": 150, "final_distance_cost": 59.98050936180004, "oscillation_cost": 288.38121089212103, "completition_cost": 1000.0, "overshoot_cost": 66.56195177216316, "power_cost": 43.24204725341797, "noise_cost": 29.666160399041328, "n_waypoints_completed": 0, "tot_waypoints": 9}}
{"target": -1117.5191317910958, "params": {"k_pid_pos": [9728.666651969615, 6613.057072250769, 4457.180121792418], "k_pid_alt": [5651.063387359145, 0.0, 0.0], "k_pid_att": [7739.036190884741, 5174.544131587632, 0.0], "k_pid_yaw": [0.5, 1e-06, 0.1], "k_pid_hsp": [10000.0, 10000.0, 7368.571769708991], "k_pid_vsp": [10000.0, 0.0, 3075.8185950576735]}, "datetime": {"datetime": "2025-08-08 19:28:47", "elapsed": 9558.710946798325, "delta": 33.35845756530762}, "costs": {"total_cost": 1117.5191317910958, "time_cost": 150, "final_distance_cost": 51.849757985585164, "oscillation_cost": 215.64818314814352, "completition_cost": 555.5555555555555, "overshoot_cost": 75.06448711389721, "power_cost": 40.785155920410155, "noise_cost": 28.61599206750396, "n_waypoints_completed": 4, "tot_waypoints": 9}}
{"target": -1678.4890954957966, "params": {"k_pid_pos": [8391.505008510627, 10000.0, 2012.1319917759733], "k_pid_alt": [4889.275051271168, 6080.029968066421, 0.0], "k_pid_att": [10000.0, 8974.403119990748, 0.0], "k_pid_yaw": [0.5, 1e-06, 0.1], "k_pid_hsp": [10000.0, 7027.48766517211, 7221.49705090353], "k_pid_vsp": [3547.9563516932208, 3352.856161177359, 10000.0]}, "datetime": {"datetime": "2025-08-08 19:29:20", "elapsed": 9591.655817508698, "delta": 32.944870710372925}, "costs": {"total_cost": 1678.4890954957966, "time_cost": 150, "final_distance_cost": 38.382095086378506, "oscillation_cost": 333.08268370249294, "completition_cost": 1000.0, "overshoot_cost": 87.62314712012208, "power_cost": 40.19399675292969, "noise_cost": 29.2071728338735, "n_waypoints_completed": 0, "tot_waypoints": 9}}
{"target": -1509.0385526522466, "params": {"k_pid_pos": [8.172017212010602e-09, 5980.139350136074, 0.0], "k_pid_alt": [5004.700062702184, 0.0, 0.0], "k_pid_att": [7610.366448941664, 3161.200958365951, 0.0], "k_pid_yaw": [0.5, 1e-06, 0.1], "k_pid_hsp": [10000.0, 10000.0, 0.0], "k_pid_vsp": [10000.0, 0.0, 2867.0071227588505]}, "datetime": {"datetime": "2025-08-08 19:29:53", "elapsed": 9625.018030881882, "delta": 33.362213373184204}, "costs": {"total_cost": 1509.0385526522466, "time_cost": 150, "final_distance_cost": 55.00525658477903, "oscillation_cost": 180.11110617264907, "completition_cost": 1000.0, "overshoot_cost": 51.57530807375851, "power_cost": 43.19079837646485, "noise_cost": 29.156083444594984, "n_waypoints_completed": 0, "tot_waypoints": 9}}
{"target": -1284.143282195912, "params": {"k_pid_pos": [2632.2937383025655, 10000.0, 10000.0], "k_pid_alt": [10000.0, 0.0, 0.0], "k_pid_att": [0.0, 0.0, 0.0], "k_pid_yaw": [0.5, 1e-06, 0.1], "k_pid_hsp": [7485.859977333214, 8218.942290279287, 10000.0], "k_pid_vsp": [10000.0, 0.0, 0.0]}, "datetime": {"datetime": "2025-08-08 19:30:26", "elapsed": 9657.865034341812, "delta": 32.84700345993042}, "costs": {"total_cost": 1284.143282195912, "time_cost": 150, "final_distance_cost": 46.4117906140768, "oscillation_cost": 0.0, "completition_cost": 1000.0, "overshoot_cost": 35.82191984491584, "power_cost": 30.828306103515626, "noise_cost": 21.081265633403667, "n_waypoints_completed": 0, "tot_waypoints": 9}}
{"target": -863.7383239893788, "params": {"k_pid_pos": [4021.3392510381987, 10000.0, 10000.0], "k_pid_alt": [3675.740553374858, 0.0, 3041.598573887296], "k_pid_att": [3218.570492779504, 0.0, 0.0], "k_pid_yaw": [0.5, 1e-06, 0.1], "k_pid_hsp": [10000.0, 10000.0, 6795.59443936063], "k_pid_vsp": [10000.0, 0.0, 7117.437121090445]}, "datetime": {"datetime": "2025-08-08 19:30:59", "elapsed": 9691.248372554779, "delta": 33.38333821296692}, "costs": {"total_cost": 863.7383239893788, "time_cost": 150, "final_distance_cost": 76.65854497593197, "oscillation_cost": 370.6901294397729, "completition_cost": 111.11111111111116, "overshoot_cost": 88.0863561216496, "power_cost": 38.86288427734375, "noise_cost": 28.329298063569418, "n_waypoints_completed": 8, "tot_waypoints": 9}}
{"target": -1572.258613200734, "params": {"k_pid_pos": [7562.125883077803, 10000.0, 10000.0], "k_pid_alt": [10000.0, 0.0, 0.0], "k_pid_att": [4781.571872402196, 4902.388647070132, 0.0], "k_pid_yaw": [0.5, 1e-06, 0.1], "k_pid_hsp": [5508.882376469727, 10000.0, 7238.18812735702], "k_pid_vsp": [3964.3933387224465, 0.0, 0.0]}, "datetime": {"datetime": "2025-08-08 19:31:32", "elapsed": 9723.984746456146, "delta": 32.73637390136719}, "costs": {"total_cost": 1572.258613200734, "time_cost": 150, "final_distance_cost": 61.42480505456426, "oscillation_cost": 325.785806939408, "completition_cost": 888.8888888888888, "overshoot_cost": 79.34799559183526, "power_cost": 38.59334940185547, "noise_cost": 28.217767324182148, "n_waypoints_completed": 1, "tot_waypoints": 9}}
{"target": -25436.445059858197, "params": {"k_pid_pos": [992.6518507145898, 937.3215967662707, 2221.8046804991423], "k_pid_alt": [7248.4146707111, 68.39546241108275, 3147.5873900446095], "k_pid_att": [130.02537072987374, 9499.089931816308, 7158.280934631733], "k_pid_yaw": [0.5, 1e-06, 0.1], "k_pid_hsp": [6686.334815747114, 6727.665721136218, 7338.694732929532], "k_pid_vsp": [7305.53658436051, 3134.698531705927, 2874.8124301685907]}, "datetime": {"datetime": "2025-08-08 19:32:02", "elapsed": 9754.275401592255, "delta": 30.2906551361084}, "costs": {"total_cost": 25436.445059858197, "time_cost": 150, "final_distance_cost": 7085.932428688399, "oscillation_cost": 1667.629278839341, "completition_cost": 1000.0, "overshoot_cost": 15330.036633203523, "power_cost": 58.625574609375, "noise_cost": 144.2211445175613, "n_waypoints_completed": 0, "tot_waypoints": 9}}
{"target": -2141.79015586786, "params": {"k_pid_pos": [827.3235536452518, 10000.0, 10000.0], "k_pid_alt": [5445.668869170651, 0.0, 9246.992053306158], "k_pid_att": [2000.2477869410532, 0.0, 0.0], "k_pid_yaw": [0.5, 1e-06, 0.1], "k_pid_hsp": [10000.0, 1645.73007821104, 9037.513579376155], "k_pid_vsp": [8448.292356597056, 10000.0, 3483.0212255914275]}, "datetime": {"datetime": "2025-08-08 19:32:35", "elapsed": 9787.307313919067, "delta": 33.031912326812744}, "costs": {"total_cost": 2141.79015586786, "time_cost": 150, "final_distance_cost": 75.3564415085606, "oscillation_cost": 845.40646967022, "completition_cost": 888.8888888888888, "overshoot_cost": 118.29631432165439, "power_cost": 36.032395996093754, "noise_cost": 27.809645482442573, "n_waypoints_completed": 1, "tot_waypoints": 9}}
{"target": -3113.3340809330084, "params": {"k_pid_pos": [5856.5316004728775, 3749.3385972601677, 7419.603732027168], "k_pid_alt": [7249.278681601136, 2998.644141941276, 1348.3532682571042], "k_pid_att": [5699.489081430716, 8317.310822159754, 3814.9491556508465], "k_pid_yaw": [0.5, 1e-06, 0.1], "k_pid_hsp": [3804.539748222128, 2118.567572694089, 7480.747380000793], "k_pid_vsp": [6479.726756171099, 6124.6871095143515, 1583.7285944815048]}, "datetime": {"datetime": "2025-08-08 19:33:06", "elapsed": 9818.021107912064, "delta": 30.713793992996216}, "costs": {"total_cost": 3113.3340809330084, "time_cost": 150, "final_distance_cost": 346.27945534221914, "oscillation_cost": 700.6298808623427, "completition_cost": 1000.0, "overshoot_cost": 720.8800637969243, "power_cost": 58.5557402709961, "noise_cost": 136.98894066052608, "n_waypoints_completed": 0, "tot_waypoints": 9}}
{"target": -11128.089637255127, "params": {"k_pid_pos": [5285.256151626671, 2440.794548247266, 2026.0274626420683], "k_pid_alt": [2813.9725032167194, 105.53793347253149, 7672.262346224627], "k_pid_att": [7385.7333213464135, 3424.2074151110637, 7867.840349884382], "k_pid_yaw": [0.5, 1e-06, 0.1], "k_pid_hsp": [749.3048100270927, 8254.089895007715, 4546.9265212478895], "k_pid_vsp": [1652.613153299699, 2924.4223966928607, 9161.557148932348]}, "datetime": {"datetime": "2025-08-08 19:33:36", "elapsed": 9848.319595813751, "delta": 30.298487901687622}, "costs": {"total_cost": 11128.089637255127, "time_cost": 150, "final_distance_cost": 3051.8032214231325, "oscillation_cost": 509.2478499484883, "completition_cost": 1000.0, "overshoot_cost": 6272.383773111142, "power_cost": 50.96744715576172, "noise_cost": 93.68734561660311, "n_waypoints_completed": 0, "tot_waypoints": 9}}
{"target": -20318.626509445912, "params": {"k_pid_pos": [2649.906045944329, 8248.45564805852, 8159.639087404535], "k_pid_alt": [4215.214434896044, 7156.101518809171, 4035.07815120444], "k_pid_att": [4104.182072877116, 821.9116715639718, 2667.1400256252787], "k_pid_yaw": [0.5, 1e-06, 0.1], "k_pid_hsp": [8896.41160717677, 5625.2520740360005, 4381.6548634796945], "k_pid_vsp": [1851.4118197803598, 6686.671108217836, 1840.9225091870662]}, "datetime": {"datetime": "2025-08-08 19:34:06", "elapsed": 9878.063324689865, "delta": 29.74372887611389}, "costs": {"total_cost": 20318.626509445912, "time_cost": 150, "final_distance_cost": 5483.226952879344, "oscillation_cost": 736.6798998071775, "completition_cost": 1000.0, "overshoot_cost": 12750.204131036488, "power_cost": 58.67835819091797, "noise_cost": 139.83716753198405, "n_waypoints_completed": 0, "tot_waypoints": 9}}
{"target": -1811.886049119265, "params": {"k_pid_pos": [5418.802794117596, 4729.719291939138, 6917.544346778927], "k_pid_alt": [6980.8664288476275, 5133.5909176002115, 2713.0589204586618], "k_pid_att": [7548.706945956329, 6474.7105490707945, 1263.848873267225], "k_pid_yaw": [0.5, 1e-06, 0.1], "k_pid_hsp": [4349.916429752832, 2700.5148039078276, 7119.308548122101], "k_pid_vsp": [4754.12758118034, 252.5092068128365, 6786.220752711402]}, "datetime": {"datetime": "2025-08-08 19:34:36", "elapsed": 9907.83213353157, "delta": 29.768808841705322}, "costs": {"total_cost": 1811.886049119265, "time_cost": 150, "final_distance_cost": 147.44934141554214, "oscillation_cost": 82.34743593785639, "completition_cost": 1000.0, "overshoot_cost": 369.0370135588819, "power_cost": 35.27611281738282, "noise_cost": 27.776145389601737, "n_waypoints_completed": 0, "tot_waypoints": 9}}
{"target": -2041.0045585612693, "params": {"k_pid_pos": [2869.0146821593307, 10000.0, 5696.1454905527025], "k_pid_alt": [10000.0, 6781.69051166928, 3345.718349187274], "k_pid_att": [2087.0353869297414, 0.0, 0.0], "k_pid_yaw": [0.5, 1e-06, 0.1], "k_pid_hsp": [6435.449966632476, 0.0, 5382.722363685977], "k_pid_vsp": [4760.372232442668, 1573.1544350644476, 0.0]}, "datetime": {"datetime": "2025-08-08 19:35:09", "elapsed": 9940.757912397385, "delta": 32.92577886581421}, "costs": {"total_cost": 2041.0045585612693, "time_cost": 150, "final_distance_cost": 45.665275625682234, "oscillation_cost": 692.9620811316457, "completition_cost": 1000.0, "overshoot_cost": 88.5429946787969, "power_cost": 36.03634116210937, "noise_cost": 27.797865963034944, "n_waypoints_completed": 0, "tot_waypoints": 9}}
