{"target": -1696.434568098844, "params": {"k_pid_pos": [4424.190953371553, 4869.977013727923, 0.0], "k_pid_alt": [0.0, 0.0, 5214.684884149444], "k_pid_att": [9519.129319840189, 1429.3798247881452, 0.0], "k_pid_yaw": [0.5, 1e-06, 0.1], "k_pid_hsp": [7557.340505848343, 10000.0, 4201.329705056339], "k_pid_vsp": [0.0, 10000.0, 9119.129288987897]}, "datetime": {"datetime": "2025-08-08 18:40:02", "elapsed": 6634.075421094894, "delta": 32.268903970718384}, "costs": {"total_cost": 1696.434568098844, "time_cost": 150, "final_distance_cost": 22.415845228736156, "oscillation_cost": 238.7038793892121, "completition_cost": 1000.0, "overshoot_cost": 168.62449996011895, "power_cost": 41.35560543212891, "noise_cost": 75.33473808864791, "n_waypoints_completed": 0, "tot_waypoints": 9}}
{"target": -909.0453032261044, "params": {"k_pid_pos": [10000.0, 6464.4270938589725, 10000.0], "k_pid_alt": [10000.0, 0.0, 3975.2432379787974], "k_pid_att": [10000.0, 5701.2684846909515, 0.0], "k_pid_yaw": [0.5, 1e-06, 0.1], "k_pid_hsp": [1737.5611499106187, 9498.088289457168, 0.0], "k_pid_vsp": [9823.010740873682, 6750.509253056434, 3251.7691712152323]}, "datetime": {"datetime": "2025-08-08 18:40:34", "elapsed": 6666.271526813507, "delta": 32.19610571861267}, "costs": {"total_cost": 909.0453032261044, "time_cost": 150, "final_distance_cost": 72.77679859431048, "oscillation_cost": 214.96803568906543, "completition_cost": 333.33333333333337, "overshoot_cost": 63.264263649908806, "power_cost": 45.27496190185547, "noise_cost": 29.427910057630793, "n_waypoints_completed": 6, "tot_waypoints": 9}}
{"target": -5242.945059309452, "params": {"k_pid_pos": [9038.798201721796, 9136.513497292595, 3533.937963065791], "k_pid_alt": [9510.26450083138, 8806.905328285044, 1515.473917103497], "k_pid_att": [7026.24344519247, 1165.7985432616424, 2816.7354072637386], "k_pid_yaw": [0.5, 1e-06, 0.1], "k_pid_hsp": [9548.480273566516, 375.2823296911101, 3701.775173480465], "k_pid_vsp": [1533.7974876320893, 5367.786715474991, 9374.79267603862]}, "datetime": {"datetime": "2025-08-08 18:41:05", "elapsed": 6696.9186635017395, "delta": 30.647136688232422}, "costs": {"total_cost": 5242.945059309452, "time_cost": 150, "final_distance_cost": 990.5965724821937, "oscillation_cost": 30.17102111154632, "completition_cost": 1000.0, "overshoot_cost": 3008.9470822881426, "power_cost": 35.385992102050785, "noise_cost": 27.844391325518263, "n_waypoints_completed": 0, "tot_waypoints": 9}}
{"target": -2053.5483481770393, "params": {"k_pid_pos": [8402.25095061509, 6446.824421191401, 253.43692024165088], "k_pid_alt": [1384.1279194426227, 285.95068215436226, 3758.8700066896954], "k_pid_att": [5197.135328531864, 7548.608242807094, 1083.9437657519168], "k_pid_yaw": [0.5, 1e-06, 0.1], "k_pid_hsp": [5502.7268091601645, 4422.40570097347, 8480.655490624946], "k_pid_vsp": [5319.771937441064, 3658.650900810987, 7067.259243596932]}, "datetime": {"datetime": "2025-08-08 18:41:35", "elapsed": 6726.949200391769, "delta": 30.030536890029907}, "costs": {"total_cost": 2053.5483481770393, "time_cost": 150, "final_distance_cost": 229.6654607094693, "oscillation_cost": 89.17241346035594, "completition_cost": 1000.0, "overshoot_cost": 521.9859945536853, "power_cost": 35.01423449707031, "noise_cost": 27.710244956458645, "n_waypoints_completed": 0, "tot_waypoints": 9}}
{"target": -2316.0446603402634, "params": {"k_pid_pos": [4888.419116432813, 5836.718173777812, 0.0], "k_pid_alt": [0.0, 0.0, 2929.005142798418], "k_pid_att": [9308.04924125967, 7152.993797352972, 0.0], "k_pid_yaw": [0.5, 1e-06, 0.1], "k_pid_hsp": [6146.163358598677, 4261.644947683526, 10000.0], "k_pid_vsp": [894.1244221974977, 8005.927384834484, 5166.638363942266]}, "datetime": {"datetime": "2025-08-08 18:42:07", "elapsed": 6759.501011133194, "delta": 32.55181074142456}, "costs": {"total_cost": 2316.0446603402634, "time_cost": 150, "final_distance_cost": 5.282641716448055, "oscillation_cost": 866.2755093660114, "completition_cost": 1000.0, "overshoot_cost": 186.00837970782203, "power_cost": 35.61891163330078, "noise_cost": 72.85921791668139, "n_waypoints_completed": 0, "tot_waypoints": 9}}
{"target": -1372.4931067783602, "params": {"k_pid_pos": [6542.678986940293, 9135.757678984864, 8925.85988238076], "k_pid_alt": [6244.297569852013, 1192.1518812988497, 857.622486701346], "k_pid_att": [7129.72040120487, 5136.900201436555, 62.05471824162867], "k_pid_yaw": [0.5, 1e-06, 0.1], "k_pid_hsp": [9197.87195474802, 2232.9102585652995, 5354.388862141996], "k_pid_vsp": [5930.790536696671, 1615.290519675052, 2289.3379610332777]}, "datetime": {"datetime": "2025-08-08 18:42:38", "elapsed": 6789.7840831279755, "delta": 30.283071994781494}, "costs": {"total_cost": 1372.4931067783602, "time_cost": 150, "final_distance_cost": 76.84074420115255, "oscillation_cost": 333.77115936863373, "completition_cost": 666.6666666666667, "overshoot_cost": 78.64486122417752, "power_cost": 38.30463409423828, "noise_cost": 28.265041223491274, "n_waypoints_completed": 3, "tot_waypoints": 9}}
{"target": -5791.233656154966, "params": {"k_pid_pos": [3198.8277643590477, 4169.413489800579, 5186.391713836466], "k_pid_alt": [9350.729624635667, 7246.867951481527, 8868.353939783869], "k_pid_att": [7682.685874478087, 7728.348702035324, 8259.93100525904], "k_pid_yaw": [0.5, 1e-06, 0.1], "k_pid_hsp": [1467.0019756485685, 2337.3606011193915, 2582.256912139862], "k_pid_vsp": [5210.088578885962, 3011.1484542101052, 6101.856285764744]}, "datetime": {"datetime": "2025-08-08 18:43:08", "elapsed": 6819.962205171585, "delta": 30.17812204360962}, "costs": {"total_cost": 5791.233656154966, "time_cost": 150, "final_distance_cost": 974.0960035438458, "oscillation_cost": 778.6742313881227, "completition_cost": 1000.0, "overshoot_cost": 2734.5074722106015, "power_cost": 52.26692193603516, "noise_cost": 101.68902707636177, "n_waypoints_completed": 0, "tot_waypoints": 9}}
{"target": -1161.8415214522327, "params": {"k_pid_pos": [8695.143980504046, 10000.0, 0.0], "k_pid_alt": [2500.1790332332666, 0.0, 3577.2936178471905], "k_pid_att": [8251.961787978855, 1574.0088812167376, 0.0], "k_pid_yaw": [0.5, 1e-06, 0.1], "k_pid_hsp": [6944.185567402564, 8639.327671053448, 10000.0], "k_pid_vsp": [6734.485524203259, 5214.010716454862, 5021.6752865638855]}, "datetime": {"datetime": "2025-08-08 18:43:41", "elapsed": 6853.099745750427, "delta": 33.13754057884216}, "costs": {"total_cost": 1161.8415214522327, "time_cost": 150, "final_distance_cost": 87.81984377358822, "oscillation_cost": 416.9250858355711, "completition_cost": 333.33333333333337, "overshoot_cost": 105.11443853102321, "power_cost": 40.03584567871094, "noise_cost": 28.612974300005707, "n_waypoints_completed": 6, "tot_waypoints": 9}}
{"target": -3707.110822453318, "params": {"k_pid_pos": [2683.7100766545464, 3059.415403344821, 1437.1226804872317], "k_pid_alt": [9941.005492810318, 2835.7423311257903, 1614.4044688141646], "k_pid_att": [8836.666296095302, 6761.164175275821, 2820.8850454914636], "k_pid_yaw": [0.5, 1e-06, 0.1], "k_pid_hsp": [7995.483173969913, 4316.72107864712, 6333.254836697238], "k_pid_vsp": [7502.825450939093, 2347.7483506913154, 8724.811086594698]}, "datetime": {"datetime": "2025-08-08 18:44:11", "elapsed": 6882.831762552261, "delta": 29.732016801834106}, "costs": {"total_cost": 3707.110822453318, "time_cost": 150, "final_distance_cost": 710.2878605749215, "oscillation_cost": 70.48460935004894, "completition_cost": 1000.0, "overshoot_cost": 1713.558622762365, "power_cost": 35.062826000976564, "noise_cost": 27.716903765005966, "n_waypoints_completed": 0, "tot_waypoints": 9}}
{"target": -1534.6449909181053, "params": {"k_pid_pos": [3643.6747972751455, 0.0, 3901.8194456807387], "k_pid_alt": [9708.300378131844, 3689.697243233147, 354.601706793124], "k_pid_att": [10000.0, 10000.0, 0.0], "k_pid_yaw": [0.5, 1e-06, 0.1], "k_pid_hsp": [0.0, 3831.9326715241878, 0.0], "k_pid_vsp": [0.0, 6835.885103920961, 8276.209425856197]}, "datetime": {"datetime": "2025-08-08 18:44:44", "elapsed": 6915.561752080917, "delta": 32.729989528656006}, "costs": {"total_cost": 1534.6449909181053, "time_cost": 150, "final_distance_cost": 79.97855519278798, "oscillation_cost": 219.25951404419374, "completition_cost": 888.8888888888888, "overshoot_cost": 118.67752568011176, "power_cost": 46.84845162353516, "noise_cost": 30.99205548858792, "n_waypoints_completed": 1, "tot_waypoints": 9}}
{"target": -14129.024823746397, "params": {"k_pid_pos": [9026.133987398054, 4717.873304313044, 7349.115265481234], "k_pid_alt": [806.534976419081, 7319.21657146725, 9018.568262421188], "k_pid_att": [3481.7853890893234, 517.9900377589952, 7602.752410046608], "k_pid_yaw": [0.5, 1e-06, 0.1], "k_pid_hsp": [4928.694353381443, 4153.9624106981455, 9081.291943241908], "k_pid_vsp": [6614.242629928375, 932.4245708911772, 4794.256737551949]}, "datetime": {"datetime": "2025-08-08 18:45:13", "elapsed": 6945.253364086151, "delta": 29.691612005233765}, "costs": {"total_cost": 14129.024823746397, "time_cost": 150, "final_distance_cost": 2896.433725946936, "oscillation_cost": 691.1577010131937, "completition_cost": 1000.0, "overshoot_cost": 9217.304285832844, "power_cost": 55.21943822021485, "noise_cost": 118.90967273320791, "n_waypoints_completed": 0, "tot_waypoints": 9}}
{"target": -7442.049431898983, "params": {"k_pid_pos": [3120.5672651336404, 337.84289533035803, 6910.397603810901], "k_pid_alt": [6025.107907431306, 662.5586635147251, 8195.692344738458], "k_pid_att": [3996.8365405965765, 8353.338199793576, 5058.226255411318], "k_pid_yaw": [0.5, 1e-06, 0.1], "k_pid_hsp": [5078.391773535159, 2855.4055891602416, 2413.5525949795756], "k_pid_vsp": [3248.610381938246, 7625.111678699282, 8370.590381019352]}, "datetime": {"datetime": "2025-08-08 18:45:44", "elapsed": 6975.560596227646, "delta": 30.30723214149475}, "costs": {"total_cost": 7442.049431898983, "time_cost": 150, "final_distance_cost": 1995.748660191224, "oscillation_cost": 1231.3246068668614, "completition_cost": 1000.0, "overshoot_cost": 2895.2324076760697, "power_cost": 54.33143331298828, "noise_cost": 115.4123238518399, "n_waypoints_completed": 0, "tot_waypoints": 9}}
{"target": -2187.921678525381, "params": {"k_pid_pos": [5194.00176531466, 9448.751608944103, 0.0], "k_pid_alt": [2792.052353742394, 0.0, 0.0], "k_pid_att": [9575.802151449092, 7427.8894848355685, 0.0], "k_pid_yaw": [0.5, 1e-06, 0.1], "k_pid_hsp": [4775.762675076836, 0.0, 10000.0], "k_pid_vsp": [7977.504144253928, 0.0, 3940.193428190111]}, "datetime": {"datetime": "2025-08-08 18:46:16", "elapsed": 7008.151749610901, "delta": 32.591153383255005}, "costs": {"total_cost": 2187.921678525381, "time_cost": 150, "final_distance_cost": 50.20156775797105, "oscillation_cost": 815.2533272880228, "completition_cost": 1000.0, "overshoot_cost": 108.22602138287618, "power_cost": 36.3264, "noise_cost": 27.914362096510995, "n_waypoints_completed": 0, "tot_waypoints": 9}}
{"target": -1386.5547640639425, "params": {"k_pid_pos": [8360.602926320205, 8674.216914828601, 6846.984607202183], "k_pid_alt": [2436.982975957679, 0.0, 4555.316766564506], "k_pid_att": [10000.0, 6186.796556006219, 0.0], "k_pid_yaw": [0.5, 1e-06, 0.1], "k_pid_hsp": [6548.289588617528, 10000.0, 9133.716324082368], "k_pid_vsp": [2722.421774727697, 1695.276525514909, 10000.0]}, "datetime": {"datetime": "2025-08-08 18:46:49", "elapsed": 7040.578408002853, "delta": 32.426658391952515}, "costs": {"total_cost": 1386.5547640639425, "time_cost": 150, "final_distance_cost": 54.28947923823796, "oscillation_cost": 446.4769201698915, "completition_cost": 555.5555555555555, "overshoot_cost": 112.70242182523566, "power_cost": 38.43340965576172, "noise_cost": 29.096977619259928, "n_waypoints_completed": 4, "tot_waypoints": 9}}
{"target": -6367.736626307531, "params": {"k_pid_pos": [9232.493170070795, 7676.345534291532, 5924.330136356798], "k_pid_alt": [6890.2734144676615, 3028.2254274698007, 2651.1896906137376], "k_pid_att": [7265.200875945005, 1014.2136283008318, 9602.433278700239], "k_pid_yaw": [0.5, 1e-06, 0.1], "k_pid_hsp": [3771.3108071014212, 1045.5335138590694, 1527.6127474695622], "k_pid_vsp": [383.5476154224016, 949.1044920713831, 6229.232428586006]}, "datetime": {"datetime": "2025-08-08 18:47:19", "elapsed": 7070.787790775299, "delta": 30.20938277244568}, "costs": {"total_cost": 6367.736626307531, "time_cost": 150, "final_distance_cost": 1657.1089651376753, "oscillation_cost": 23.050036623459537, "completition_cost": 1000.0, "overshoot_cost": 3473.9552996582383, "power_cost": 35.187957543945316, "noise_cost": 28.43436734421243, "n_waypoints_completed": 0, "tot_waypoints": 9}}
{"target": -4178.612093371959, "params": {"k_pid_pos": [2252.2557625927807, 3301.7740041837183, 7981.2115820660565], "k_pid_alt": [453.8342787723404, 5559.25256340241, 4618.03049679714], "k_pid_att": [7417.602109974621, 7229.418893925143, 5372.278295545091], "k_pid_yaw": [0.5, 1e-06, 0.1], "k_pid_hsp": [2399.387758092354, 7963.901993205353, 6429.824225301676], "k_pid_vsp": [2754.3142856373006, 33.32994293965052, 7970.066629547534]}, "datetime": {"datetime": "2025-08-08 18:47:49", "elapsed": 7101.207598686218, "delta": 30.41980791091919}, "costs": {"total_cost": 4178.612093371959, "time_cost": 150, "final_distance_cost": 600.9821483576291, "oscillation_cost": 601.5576232512072, "completition_cost": 1000.0, "overshoot_cost": 1667.4433838906716, "power_cost": 54.35184693603516, "noise_cost": 104.2770909364161, "n_waypoints_completed": 0, "tot_waypoints": 9}}
{"target": -1945.0351037925554, "params": {"k_pid_pos": [7691.84246927055, 8359.81920531567, 10000.0], "k_pid_alt": [5774.682686202562, 0.0, 213.69746520083118], "k_pid_att": [10000.0, 8511.201604878373, 0.0], "k_pid_yaw": [0.5, 1e-06, 0.1], "k_pid_hsp": [2181.4922262554824, 6845.843320876423, 5315.862990879286], "k_pid_vsp": [7935.023663392949, 0.0, 5525.879591879461]}, "datetime": {"datetime": "2025-08-08 18:48:21", "elapsed": 7133.203695297241, "delta": 31.99609661102295}, "costs": {"total_cost": 1945.0351037925554, "time_cost": 150, "final_distance_cost": 75.94944218749785, "oscillation_cost": 648.536740493078, "completition_cost": 888.8888888888888, "overshoot_cost": 116.97292856315859, "power_cost": 36.640105029296876, "noise_cost": 28.046998630635436, "n_waypoints_completed": 1, "tot_waypoints": 9}}
{"target": -1708.082702126148, "params": {"k_pid_pos": [344.3109312995193, 3788.125234699196, 0.0], "k_pid_alt": [0.0, 0.0, 5608.416962846476], "k_pid_att": [10000.0, 6441.408677807899, 0.0], "k_pid_yaw": [0.5, 1e-06, 0.1], "k_pid_hsp": [10000.0, 10000.0, 0.0], "k_pid_vsp": [2996.60362982872, 0.0, 7296.312583664472]}, "datetime": {"datetime": "2025-08-08 18:48:53", "elapsed": 7165.293361663818, "delta": 32.08966636657715}, "costs": {"total_cost": 1708.082702126148, "time_cost": 150, "final_distance_cost": 5.417772495859179, "oscillation_cost": 211.69525459428039, "completition_cost": 1000.0, "overshoot_cost": 169.27142060814094, "power_cost": 44.28428227539063, "noise_cost": 127.41397215247717, "n_waypoints_completed": 0, "tot_waypoints": 9}}
{"target": -1881.1265954521195, "params": {"k_pid_pos": [8904.094318083502, 6968.649501193737, 5579.029554290858], "k_pid_alt": [0.0, 0.0, 10000.0], "k_pid_att": [10000.0, 3149.0099967086503, 0.0], "k_pid_yaw": [0.5, 1e-06, 0.1], "k_pid_hsp": [10000.0, 10000.0, 9713.089030424699], "k_pid_vsp": [1833.3658647473258, 10000.0, 4745.559243585946]}, "datetime": {"datetime": "2025-08-08 18:49:25", "elapsed": 7197.306897878647, "delta": 32.01353621482849}, "costs": {"total_cost": 1881.1265954521195, "time_cost": 150, "final_distance_cost": 21.378041084892168, "oscillation_cost": 400.9757879403793, "completition_cost": 1000.0, "overshoot_cost": 172.89737779972154, "power_cost": 39.76271168212891, "noise_cost": 96.11267694499773, "n_waypoints_completed": 0, "tot_waypoints": 9}}
{"target": -4000.599316584338, "params": {"k_pid_pos": [6039.762415654698, 1456.0808968438055, 7492.642969955985], "k_pid_alt": [5700.558443710697, 8575.628898126331, 1441.657954374358], "k_pid_att": [9086.462281085309, 7912.406257521557, 7777.484852154346], "k_pid_yaw": [0.5, 1e-06, 0.1], "k_pid_hsp": [6167.805213278643, 4764.807266469936, 8591.88566214352], "k_pid_vsp": [4436.999986398358, 3093.6538890162433, 9343.637366324796]}, "datetime": {"datetime": "2025-08-08 18:49:55", "elapsed": 7227.32059264183, "delta": 30.013694763183594}, "costs": {"total_cost": 4000.599316584338, "time_cost": 150, "final_distance_cost": 450.19785854565856, "oscillation_cost": 496.37312580295605, "completition_cost": 1000.0, "overshoot_cost": 1757.9735903223097, "power_cost": 51.36327819824219, "noise_cost": 94.69146371517087, "n_waypoints_completed": 0, "tot_waypoints": 9}}
{"target": -6122.34865317009, "params": {"k_pid_pos": [6202.143873955107, 60.51317619079511, 7050.395409828967], "k_pid_alt": [6688.106038104832, 7121.896061415591, 149.74326359381007], "k_pid_att": [9748.895379244132, 8077.52623360127, 8297.70866912482], "k_pid_yaw": [0.5, 1e-06, 0.1], "k_pid_hsp": [3921.8242638148017, 6025.13970854333, 8321.746490931186], "k_pid_vsp": [4968.518847384455, 2053.81190790998, 9311.099607054528]}, "datetime": {"datetime": "2025-08-08 18:50:25", "elapsed": 7256.983742713928, "delta": 29.66315007209778}, "costs": {"total_cost": 6122.34865317009, "time_cost": 150, "final_distance_cost": 1297.8325973375954, "oscillation_cost": 484.9862273529626, "completition_cost": 1000.0, "overshoot_cost": 3038.49379364583, "power_cost": 51.52922381591797, "noise_cost": 99.5068110177842, "n_waypoints_completed": 0, "tot_waypoints": 9}}
{"target": -3895.1177624885895, "params": {"k_pid_pos": [6568.528903097, 7207.750640702597, 2669.7288249650965], "k_pid_alt": [2721.581517406704, 6756.046580364458, 1871.831182994722], "k_pid_att": [4177.113956971563, 8202.243299453936, 1001.2944242100375], "k_pid_yaw": [0.5, 1e-06, 0.1], "k_pid_hsp": [7256.274014399727, 2697.6679117094427, 6766.999711544801], "k_pid_vsp": [4015.991532573615, 9667.721866564176, 3266.7196671092934]}, "datetime": {"datetime": "2025-08-08 18:50:56", "elapsed": 7288.002659082413, "delta": 31.018916368484497}, "costs": {"total_cost": 3895.1177624885895, "time_cost": 150, "final_distance_cost": 879.7439170029473, "oscillation_cost": 240.39627518638258, "completition_cost": 1000.0, "overshoot_cost": 1556.1525681855924, "power_cost": 38.25094986572266, "noise_cost": 30.574052247944223, "n_waypoints_completed": 0, "tot_waypoints": 9}}
{"target": -2954.973560119642, "params": {"k_pid_pos": [8415.887819030757, 3243.441741327781, 10000.0], "k_pid_alt": [7154.093309513129, 10000.0, 5779.830060447009], "k_pid_att": [10000.0, 8967.549314919339, 0.0], "k_pid_yaw": [0.5, 1e-06, 0.1], "k_pid_hsp": [8294.502808851536, 5190.422517970707, 9373.805968629773], "k_pid_vsp": [1965.1314049942664, 0.0, 10000.0]}, "datetime": {"datetime": "2025-08-08 18:51:28", "elapsed": 7320.316732168198, "delta": 32.31407308578491}, "costs": {"total_cost": 2954.973560119642, "time_cost": 150, "final_distance_cost": 292.9088353008446, "oscillation_cost": 831.0944262473622, "completition_cost": 1000.0, "overshoot_cost": 614.8300766029961, "power_cost": 37.28920975341797, "noise_cost": 28.85101221502081, "n_waypoints_completed": 0, "tot_waypoints": 9}}
{"target": -1532.8496563740707, "params": {"k_pid_pos": [6497.081933368619, 10000.0, 7297.420167140804], "k_pid_alt": [6847.619083492694, 10000.0, 8024.80956840008], "k_pid_att": [10000.0, 7727.06413084431, 0.0], "k_pid_yaw": [0.5, 1e-06, 0.1], "k_pid_hsp": [10000.0, 3113.3698549723263, 4275.67702509227], "k_pid_vsp": [4796.135465046579, 6654.94872559744, 31.37222738834456]}, "datetime": {"datetime": "2025-08-08 18:52:01", "elapsed": 7353.296218156815, "delta": 32.97948598861694}, "costs": {"total_cost": 1532.8496563740707, "time_cost": 150, "final_distance_cost": 56.6447476031013, "oscillation_cost": 297.8811805395966, "completition_cost": 888.8888888888888, "overshoot_cost": 70.6679475834475, "power_cost": 40.16834211425781, "noise_cost": 28.598549644778778, "n_waypoints_completed": 1, "tot_waypoints": 9}}
{"target": -13924.28655083556, "params": {"k_pid_pos": [5302.227314333929, 5803.3694721420925, 4992.494834890926], "k_pid_alt": [3666.573689220385, 8674.731889574008, 2562.7046957326825], "k_pid_att": [9606.337696732822, 1782.3685967518222, 8705.026058005818], "k_pid_yaw": [0.5, 1e-06, 0.1], "k_pid_hsp": [3409.342828255465, 210.77448361174422, 3459.583010938573], "k_pid_vsp": [3909.0927545383734, 8055.516386911099, 5185.00649689119]}, "datetime": {"datetime": "2025-08-08 18:52:32", "elapsed": 7383.799113512039, "delta": 30.50289535522461}, "costs": {"total_cost": 13924.28655083556, "time_cost": 150, "final_distance_cost": 3775.0643687328047, "oscillation_cost": 782.4109729469752, "completition_cost": 1000.0, "overshoot_cost": 8017.81419058319, "power_cost": 58.585179479980475, "noise_cost": 140.41183909260963, "n_waypoints_completed": 0, "tot_waypoints": 9}}
{"target": -1330.4114194662068, "params": {"k_pid_pos": [2468.2482355697166, 7899.26605687225, 0.0], "k_pid_alt": [3938.626296778601, 0.0, 9105.691934556568], "k_pid_att": [6142.4099858810905, 427.2326165954978, 0.0], "k_pid_yaw": [0.5, 1e-06, 0.1], "k_pid_hsp": [10000.0, 6724.541401585931, 4157.363261318986], "k_pid_vsp": [4931.010277608289, 10000.0, 1630.7516747235807]}, "datetime": {"datetime": "2025-08-08 18:53:05", "elapsed": 7416.6685526371, "delta": 32.869439125061035}, "costs": {"total_cost": 1330.4114194662068, "time_cost": 150, "final_distance_cost": 74.91672658180568, "oscillation_cost": 272.0315499109646, "completition_cost": 666.6666666666667, "overshoot_cost": 97.70334015908418, "power_cost": 40.54602524414063, "noise_cost": 28.547110903545263, "n_waypoints_completed": 3, "tot_waypoints": 9}}
