{"target": -2311.4865797245902, "params": {"k_pid_pos": [4189.51165672219, 10000.0, 10000.0], "k_pid_alt": [0.0, 0.0, 5874.367841842658], "k_pid_att": [9390.20763980784, 2484.9398476852384, 0.0], "k_pid_yaw": [0.5, 1e-06, 0.1], "k_pid_hsp": [581.5522391064279, 9412.957570368228, 4953.096684412957], "k_pid_vsp": [10000.0, 3279.9143317002568, 0.0]}, "datetime": {"datetime": "2025-08-09 15:32:56", "elapsed": 81807.67710590363, "delta": 65.13466572761536}, "costs": {"total_cost": 2311.4865797245902, "time_cost": 150, "final_distance_cost": 14.568272087017524, "oscillation_cost": 880.9204277508555, "completition_cost": 1000.0, "overshoot_cost": 165.0830933188535, "power_cost": 35.44314987792969, "noise_cost": 65.47163668993447, "n_waypoints_completed": 0, "tot_waypoints": 9}}
{"target": -2006.8994726571032, "params": {"k_pid_pos": [3463.3356936409236, 3119.0077049760316, 9035.823491122412], "k_pid_alt": [0.0, 0.0, 8503.493721235225], "k_pid_att": [3615.5198180525094, 2706.93280327273, 0.0], "k_pid_yaw": [0.5, 1e-06, 0.1], "k_pid_hsp": [10000.0, 5426.92517210259, 3905.694167665187], "k_pid_vsp": [7265.625706887637, 1188.0279227931899, 10000.0]}, "datetime": {"datetime": "2025-08-09 15:34:00", "elapsed": 81871.88812637329, "delta": 64.21102046966553}, "costs": {"total_cost": 2006.8994726571032, "time_cost": 150, "final_distance_cost": 12.625798186674855, "oscillation_cost": 556.3428579117115, "completition_cost": 1000.0, "overshoot_cost": 162.68321159420935, "power_cost": 38.10753332519531, "noise_cost": 87.14007163931215, "n_waypoints_completed": 0, "tot_waypoints": 9}}
{"target": -17396.458038514935, "params": {"k_pid_pos": [3088.867324469374, 9845.32817449386, 3112.961061761489], "k_pid_alt": [2252.393203922751, 7516.149398779391, 8481.346166115412], "k_pid_att": [6802.084307735712, 9039.175116462298, 9001.50220912072], "k_pid_yaw": [0.5, 1e-06, 0.1], "k_pid_hsp": [7142.59278074812, 5060.880911847388, 8721.026832382997], "k_pid_vsp": [8617.811529909734, 78.11501764852125, 3570.7326253010087]}, "datetime": {"datetime": "2025-08-09 15:34:36", "elapsed": 81908.25942611694, "delta": 36.371299743652344}, "costs": {"total_cost": 17396.458038514935, "time_cost": 150, "final_distance_cost": 3055.1040729433184, "oscillation_cost": 1500.0412475495998, "completition_cost": 1000.0, "overshoot_cost": 11489.292558269835, "power_cost": 58.662677758789066, "noise_cost": 143.35748199339344, "n_waypoints_completed": 0, "tot_waypoints": 9}}
{"target": -27293.25071732545, "params": {"k_pid_pos": [4852.765968825159, 4669.460395554151, 3486.1842439581546], "k_pid_alt": [5550.043992271102, 4296.774671566321, 3525.523736366071], "k_pid_att": [202.28193933065518, 9506.169706520108, 4779.940254602624], "k_pid_yaw": [0.5, 1e-06, 0.1], "k_pid_hsp": [6616.945526789271, 5451.567982916061, 2777.0891809422105], "k_pid_vsp": [7573.341287594662, 8011.873348966887, 9769.553930039823]}, "datetime": {"datetime": "2025-08-09 15:35:12", "elapsed": 81944.12777376175, "delta": 35.86834764480591}, "costs": {"total_cost": 27293.25071732545, "time_cost": 150, "final_distance_cost": 7897.397833733838, "oscillation_cost": 1648.2686832699244, "completition_cost": 1000.0, "overshoot_cost": 16406.759669375042, "power_cost": 57.90190698242188, "noise_cost": 132.92262396422308, "n_waypoints_completed": 0, "tot_waypoints": 9}}
{"target": -2167.6000494678033, "params": {"k_pid_pos": [0.0, 6812.557100720197, 10000.0], "k_pid_alt": [5305.665009524968, 7736.017049005064, 9107.975421556956], "k_pid_att": [6761.706903302154, 3728.4888695709346, 0.0], "k_pid_yaw": [0.5, 1e-06, 0.1], "k_pid_hsp": [6415.830627148456, 4995.670229958094, 5235.611499551516], "k_pid_vsp": [8609.012798176387, 10000.0, 5339.266986250004]}, "datetime": {"datetime": "2025-08-09 15:36:14", "elapsed": 82005.92307448387, "delta": 61.79530072212219}, "costs": {"total_cost": 2167.6000494678033, "time_cost": 150, "final_distance_cost": 99.70358429885829, "oscillation_cost": 832.8126129474882, "completition_cost": 888.8888888888888, "overshoot_cost": 132.88419446247542, "power_cost": 35.60227113037109, "noise_cost": 27.70849773972103, "n_waypoints_completed": 1, "tot_waypoints": 9}}
{"target": -1589.633231050419, "params": {"k_pid_pos": [4134.008280066448, 4970.200553253208, 3863.074534147522], "k_pid_alt": [10000.0, 8805.550789801642, 10000.0], "k_pid_att": [10000.0, 10000.0, 0.0], "k_pid_yaw": [0.5, 1e-06, 0.1], "k_pid_hsp": [7364.54155809762, 3415.4975540110563, 0.0], "k_pid_vsp": [2126.00892834077, 10000.0, 75.41397202498071]}, "datetime": {"datetime": "2025-08-09 15:37:26", "elapsed": 82077.75514793396, "delta": 71.8320734500885}, "costs": {"total_cost": 1589.633231050419, "time_cost": 150, "final_distance_cost": 70.57567302965307, "oscillation_cost": 338.60721020385347, "completition_cost": 888.8888888888888, "overshoot_cost": 71.64921786909059, "power_cost": 41.01004296875, "noise_cost": 28.902198090182992, "n_waypoints_completed": 1, "tot_waypoints": 9}}
{"target": -811.1280835093876, "params": {"k_pid_pos": [8761.101813821853, 0.0, 1980.484059397721], "k_pid_alt": [10000.0, 7788.27098395686, 0.0], "k_pid_att": [6133.6770287287945, 7067.746172592857, 0.0], "k_pid_yaw": [0.5, 1e-06, 0.1], "k_pid_hsp": [5746.42364269284, 4924.120941622338, 1013.0716041475071], "k_pid_vsp": [7095.186636186035, 10000.0, 560.694423657032]}, "datetime": {"datetime": "2025-08-09 15:38:30", "elapsed": 82141.69936585426, "delta": 63.944217920303345}, "costs": {"total_cost": 811.1280835093876, "time_cost": 150, "final_distance_cost": 71.02640406279029, "oscillation_cost": 229.9047412709291, "completition_cost": 222.2222222222222, "overshoot_cost": 64.66772743902962, "power_cost": 42.52960677490235, "noise_cost": 30.77738173951395, "n_waypoints_completed": 7, "tot_waypoints": 9}}
{"target": -6428.015634868253, "params": {"k_pid_pos": [7396.9501181752885, 3168.544687690924, 2284.2510959233186], "k_pid_alt": [3147.513859428731, 7840.928104433359, 8084.747811123236], "k_pid_att": [5223.538644586737, 9310.92678837031, 5897.366225666061], "k_pid_yaw": [0.5, 1e-06, 0.1], "k_pid_hsp": [7732.671925998916, 6796.793644172601, 246.80048735079117], "k_pid_vsp": [952.2851368233054, 9247.058938203978, 6526.324657269451]}, "datetime": {"datetime": "2025-08-09 15:39:06", "elapsed": 82177.95654988289, "delta": 36.25718402862549}, "costs": {"total_cost": 6428.015634868253, "time_cost": 150, "final_distance_cost": 1699.3694688338167, "oscillation_cost": 980.3276786795946, "completition_cost": 1000.0, "overshoot_cost": 2415.1055696971557, "power_cost": 56.71217556152344, "noise_cost": 126.50074209616284, "n_waypoints_completed": 0, "tot_waypoints": 9}}
{"target": -1449.0237619112797, "params": {"k_pid_pos": [9751.34233786733, 2837.8956109458495, 10000.0], "k_pid_alt": [0.0, 4507.99043224405, 2972.8023518499144], "k_pid_att": [3836.7142971227345, 0.0, 0.0], "k_pid_yaw": [0.5, 1e-06, 0.1], "k_pid_hsp": [0.0, 10000.0, 0.0], "k_pid_vsp": [4382.027881900358, 10000.0, 4769.621712051848]}, "datetime": {"datetime": "2025-08-09 15:40:15", "elapsed": 82247.05750465393, "delta": 69.10095477104187}, "costs": {"total_cost": 1449.0237619112797, "time_cost": 150, "final_distance_cost": 78.40427184825468, "oscillation_cost": 177.14668925112846, "completition_cost": 888.8888888888888, "overshoot_cost": 80.99349378130943, "power_cost": 44.016090979003906, "noise_cost": 29.57432716269468, "n_waypoints_completed": 1, "tot_waypoints": 9}}
{"target": -6930.835034825873, "params": {"k_pid_pos": [9458.733267321144, 2072.0306497503625, 6636.303468413473], "k_pid_alt": [1659.6467283014592, 3056.6328508342235, 1536.9805170214622], "k_pid_att": [5434.7377301335255, 8169.082388037075, 6906.812820955382], "k_pid_yaw": [0.5, 1e-06, 0.1], "k_pid_hsp": [6299.232842755084, 2486.171197426702, 7480.7059772900875], "k_pid_vsp": [3742.26022510438, 1417.8547490198612, 4351.599505928128]}, "datetime": {"datetime": "2025-08-09 15:40:52", "elapsed": 82284.33428359032, "delta": 37.27677893638611}, "costs": {"total_cost": 6930.835034825873, "time_cost": 150, "final_distance_cost": 1843.2479985844336, "oscillation_cost": 1067.2233684550936, "completition_cost": 1000.0, "overshoot_cost": 2712.224452706361, "power_cost": 52.38714458007813, "noise_cost": 105.75207049990685, "n_waypoints_completed": 0, "tot_waypoints": 9}}
{"target": -23525.524673077132, "params": {"k_pid_pos": [5749.312902145266, 7147.648121746151, 6739.592753989153], "k_pid_alt": [922.3942052851409, 172.33409306652402, 8448.293740193842], "k_pid_att": [1576.8054759001936, 9307.592428359812, 4901.1007740367395], "k_pid_yaw": [0.5, 1e-06, 0.1], "k_pid_hsp": [1904.6139756541957, 7040.435859972409, 544.9832836402801], "k_pid_vsp": [6762.030996704589, 7529.548791665752, 300.2100158733134]}, "datetime": {"datetime": "2025-08-09 15:41:30", "elapsed": 82322.35698223114, "delta": 38.022698640823364}, "costs": {"total_cost": 23525.524673077132, "time_cost": 150, "final_distance_cost": 5306.830530291952, "oscillation_cost": 1716.2680472244351, "completition_cost": 1000.0, "overshoot_cost": 15149.327978768466, "power_cost": 58.65577341308594, "noise_cost": 144.44234337919423, "n_waypoints_completed": 0, "tot_waypoints": 9}}
{"target": -10572.769353007141, "params": {"k_pid_pos": [2075.2818624853007, 6146.454569796698, 6693.554962680174], "k_pid_alt": [3673.1435934754218, 5329.936876785839, 4543.445833381773], "k_pid_att": [1302.992104714149, 5457.170881040047, 7981.866756422685], "k_pid_yaw": [0.5, 1e-06, 0.1], "k_pid_hsp": [7312.6581134851485, 1721.55688685496, 6033.289806571389], "k_pid_vsp": [4023.805051310424, 2882.209786095038, 1261.271318874526]}, "datetime": {"datetime": "2025-08-09 15:42:07", "elapsed": 82359.42971682549, "delta": 37.07273459434509}, "costs": {"total_cost": 10572.769353007141, "time_cost": 150, "final_distance_cost": 2783.360186018913, "oscillation_cost": 763.235616325256, "completition_cost": 1000.0, "overshoot_cost": 5708.4843125704465, "power_cost": 57.627832177734376, "noise_cost": 110.06140591479264, "n_waypoints_completed": 0, "tot_waypoints": 9}}
{"target": -4345.52309503475, "params": {"k_pid_pos": [465.5646078821199, 1271.812987433143, 6360.730279220032], "k_pid_alt": [10000.0, 5218.653719305471, 5702.549342417739], "k_pid_att": [10000.0, 8945.105951883643, 6174.811591775142], "k_pid_yaw": [0.5, 1e-06, 0.1], "k_pid_hsp": [6273.530526271117, 9915.2495298539, 0.0], "k_pid_vsp": [3126.6908671624437, 4597.616823318996, 10000.0]}, "datetime": {"datetime": "2025-08-09 15:43:16", "elapsed": 82428.26798057556, "delta": 68.8382637500763}, "costs": {"total_cost": 4345.52309503475, "time_cost": 150, "final_distance_cost": 544.2478399160566, "oscillation_cost": 552.29401573169, "completition_cost": 1000.0, "overshoot_cost": 1941.4783949754494, "power_cost": 53.36510686035157, "noise_cost": 104.13773755120287, "n_waypoints_completed": 0, "tot_waypoints": 9}}
{"target": -3045.2881473981784, "params": {"k_pid_pos": [4399.40507399514, 7937.033482813646, 4801.147932939003], "k_pid_alt": [256.2416453255589, 5304.86185274179, 2840.8981300540136], "k_pid_att": [7384.653731036846, 7139.4037273174035, 1727.4549993863175], "k_pid_yaw": [0.5, 1e-06, 0.1], "k_pid_hsp": [163.67988703067437, 5760.670907499543, 2632.3844587325993], "k_pid_vsp": [4572.199700270208, 9253.997956790005, 5783.787132514557]}, "datetime": {"datetime": "2025-08-09 15:43:53", "elapsed": 82465.3379175663, "delta": 37.069936990737915}, "costs": {"total_cost": 3045.2881473981784, "time_cost": 150, "final_distance_cost": 360.5833060321354, "oscillation_cost": 227.81513199669112, "completition_cost": 1000.0, "overshoot_cost": 1216.5365873636026, "power_cost": 43.260238110351565, "noise_cost": 47.09288389539723, "n_waypoints_completed": 0, "tot_waypoints": 9}}
{"target": -5868.435643298257, "params": {"k_pid_pos": [4436.779182674675, 6169.629211213689, 4499.7344530960745], "k_pid_alt": [1360.662470122631, 7807.800580656685, 6922.1543005124295], "k_pid_att": [7055.069904016373, 2541.906134955427, 5704.486234425131], "k_pid_yaw": [0.5, 1e-06, 0.1], "k_pid_hsp": [784.4621387566009, 6921.912018725998, 9520.007834328035], "k_pid_vsp": [5773.165391619571, 3881.12863109204, 8588.38966825367]}, "datetime": {"datetime": "2025-08-09 15:44:30", "elapsed": 82502.48819684982, "delta": 37.15027928352356}, "costs": {"total_cost": 5868.435643298257, "time_cost": 150, "final_distance_cost": 1254.4720878732494, "oscillation_cost": 342.36282222111123, "completition_cost": 1000.0, "overshoot_cost": 3001.948910942496, "power_cost": 46.63038101806641, "noise_cost": 73.02144124333405, "n_waypoints_completed": 0, "tot_waypoints": 9}}
{"target": -2132.5550631057854, "params": {"k_pid_pos": [5512.101857839145, 266.0892848919342, 8891.2291106093], "k_pid_alt": [4772.9159840158145, 7330.886740722906, 0.0], "k_pid_att": [5925.363537857082, 5698.887556264531, 0.0], "k_pid_yaw": [0.5, 1e-06, 0.1], "k_pid_hsp": [10000.0, 2734.7797163194414, 6749.203276421267], "k_pid_vsp": [8108.484066757884, 10000.0, 10000.0]}, "datetime": {"datetime": "2025-08-09 15:45:33", "elapsed": 82565.04094386101, "delta": 62.55274701118469}, "costs": {"total_cost": 2132.5550631057854, "time_cost": 150, "final_distance_cost": 64.2262083851967, "oscillation_cost": 855.3994150067363, "completition_cost": 888.8888888888888, "overshoot_cost": 109.87214320311148, "power_cost": 36.15338051757813, "noise_cost": 28.01502710427379, "n_waypoints_completed": 1, "tot_waypoints": 9}}
{"target": -10428.47606699324, "params": {"k_pid_pos": [4416.105380309355, 2466.7722068653698, 5147.215747768378], "k_pid_alt": [9512.395829834591, 2740.3140457271957, 5956.274974893656], "k_pid_att": [513.79794101167, 7862.7551002962555, 2634.5254849240496], "k_pid_yaw": [0.5, 1e-06, 0.1], "k_pid_hsp": [2248.9445076299776, 8642.235489376117, 4448.56235015389], "k_pid_vsp": [7822.100134470778, 6565.036818960385, 4892.251240493512]}, "datetime": {"datetime": "2025-08-09 15:46:10", "elapsed": 82602.23356294632, "delta": 37.19261908531189}, "costs": {"total_cost": 10428.47606699324, "time_cost": 150, "final_distance_cost": 2896.3816034317238, "oscillation_cost": 1642.2194045200952, "completition_cost": 1000.0, "overshoot_cost": 4537.684582362779, "power_cost": 58.624522387695315, "noise_cost": 143.56595429094645, "n_waypoints_completed": 0, "tot_waypoints": 9}}
{"target": -2143.809192225895, "params": {"k_pid_pos": [4522.753678694663, 1516.3601798695706, 6111.576688729228], "k_pid_alt": [9061.027442724162, 6999.1503309576465, 6288.107056364624], "k_pid_att": [5161.512667308213, 8211.169976631241, 0.0], "k_pid_yaw": [0.5, 1e-06, 0.1], "k_pid_hsp": [4950.92130593626, 6773.321340361798, 6374.740371105041], "k_pid_vsp": [9335.801237673351, 9098.171559382206, 558.8792164097409]}, "datetime": {"datetime": "2025-08-09 15:47:11", "elapsed": 82663.38932418823, "delta": 61.15576124191284}, "costs": {"total_cost": 2143.809192225895, "time_cost": 150, "final_distance_cost": 76.32280587663213, "oscillation_cost": 876.008836265145, "completition_cost": 888.8888888888888, "overshoot_cost": 88.00659055953123, "power_cost": 36.6588834350586, "noise_cost": 27.92318720063943, "n_waypoints_completed": 1, "tot_waypoints": 9}}
{"target": -1366.782188120369, "params": {"k_pid_pos": [3169.811934636258, 2445.2074772662586, 2608.797414530698], "k_pid_alt": [10000.0, 3189.675429222627, 0.0], "k_pid_att": [5336.412991076362, 9621.888716224234, 0.0], "k_pid_yaw": [0.5, 1e-06, 0.1], "k_pid_hsp": [1704.5135002908498, 10000.0, 437.41165371241317], "k_pid_vsp": [6350.679345232314, 6465.249748386753, 1018.0523737653112]}, "datetime": {"datetime": "2025-08-09 15:48:15", "elapsed": 82727.38259649277, "delta": 63.99327230453491}, "costs": {"total_cost": 1366.782188120369, "time_cost": 150, "final_distance_cost": 65.75583987012712, "oscillation_cost": 141.05320835839183, "completition_cost": 888.8888888888888, "overshoot_cost": 48.54114064734435, "power_cost": 43.25388825683594, "noise_cost": 29.28922209878091, "n_waypoints_completed": 1, "tot_waypoints": 9}}
{"target": -1336.467869350819, "params": {"k_pid_pos": [7005.613049894561, 7560.663978418356, 7480.280048649644], "k_pid_alt": [2683.2449316230422, 9019.74791202427, 374.4803151209386], "k_pid_att": [5177.016428347949, 7470.856707024728, 637.615705050566], "k_pid_yaw": [0.5, 1e-06, 0.1], "k_pid_hsp": [9498.838538619742, 5829.904402641099, 1529.2326821791103], "k_pid_vsp": [6031.269895095969, 6219.3850177237755, 5848.434741035949]}, "datetime": {"datetime": "2025-08-09 15:48:52", "elapsed": 82764.41105794907, "delta": 37.02846145629883}, "costs": {"total_cost": 1336.467869350819, "time_cost": 150, "final_distance_cost": 100.60103463819651, "oscillation_cost": 158.57594300970135, "completition_cost": 777.7777777777778, "overshoot_cost": 79.79955390083548, "power_cost": 40.655140466308595, "noise_cost": 29.05841955799929, "n_waypoints_completed": 2, "tot_waypoints": 9}}
{"target": -1558.5297755466656, "params": {"k_pid_pos": [9603.151186660747, 6767.036724123576, 1900.6900335797661], "k_pid_alt": [2929.812242897524, 4445.073798927512, 7255.7093175118125], "k_pid_att": [3509.7296106362774, 3048.2040956359347, 112.41590641718813], "k_pid_yaw": [0.5, 1e-06, 0.1], "k_pid_hsp": [4472.618737695076, 8257.96164353444, 9746.23448563639], "k_pid_vsp": [6013.447558663919, 6335.960855015906, 7509.951721280228]}, "datetime": {"datetime": "2025-08-09 15:49:30", "elapsed": 82801.66744303703, "delta": 37.25638508796692}, "costs": {"total_cost": 1558.5297755466656, "time_cost": 150, "final_distance_cost": 50.46404979210895, "oscillation_cost": 192.1067236806485, "completition_cost": 1000.0, "overshoot_cost": 101.15220251836108, "power_cost": 36.7503619140625, "noise_cost": 28.056437641484628, "n_waypoints_completed": 0, "tot_waypoints": 9}}
{"target": -1546.2096882101212, "params": {"k_pid_pos": [10000.0, 10000.0, 0.0], "k_pid_alt": [0.0, 9009.158019579074, 5141.309786570632], "k_pid_att": [8926.689828052371, 5184.774812103923, 0.0], "k_pid_yaw": [0.5, 1e-06, 0.1], "k_pid_hsp": [0.0, 10000.0, 2925.558442372187], "k_pid_vsp": [6420.668990332624, 6637.406338432432, 10000.0]}, "datetime": {"datetime": "2025-08-09 15:50:34", "elapsed": 82866.4728667736, "delta": 64.80542373657227}, "costs": {"total_cost": 1546.2096882101212, "time_cost": 150, "final_distance_cost": 74.99768866660631, "oscillation_cost": 269.4739275020841, "completition_cost": 888.8888888888888, "overshoot_cost": 93.29387619408354, "power_cost": 40.73491931152344, "noise_cost": 28.820387646934808, "n_waypoints_completed": 1, "tot_waypoints": 9}}
{"target": -1537.384984002974, "params": {"k_pid_pos": [10000.0, 9074.279250023064, 3849.1001871565913], "k_pid_alt": [0.0, 8394.436888096543, 6442.593569950283], "k_pid_att": [4972.994354968534, 5727.518686517531, 0.0], "k_pid_yaw": [0.5, 1e-06, 0.1], "k_pid_hsp": [4548.382686122881, 10000.0, 5472.704958019274], "k_pid_vsp": [10000.0, 1887.1933828003143, 10000.0]}, "datetime": {"datetime": "2025-08-09 15:51:51", "elapsed": 82943.17386174202, "delta": 76.7009949684143}, "costs": {"total_cost": 1537.384984002974, "time_cost": 150, "final_distance_cost": 84.57838598328641, "oscillation_cost": 253.8723354683868, "completition_cost": 888.8888888888888, "overshoot_cost": 90.88540345721219, "power_cost": 40.32144959716797, "noise_cost": 28.838520608031676, "n_waypoints_completed": 1, "tot_waypoints": 9}}
{"target": -7249.26949447791, "params": {"k_pid_pos": [2067.2111725713316, 6003.7296867701825, 6356.061858181695], "k_pid_alt": [6351.200093931122, 5790.415661236795, 5769.372346200362], "k_pid_att": [314.2348429809438, 7380.962684688781, 6465.615014005073], "k_pid_yaw": [0.5, 1e-06, 0.1], "k_pid_hsp": [7755.292133788099, 1349.5027883356104, 3162.6617018550796], "k_pid_vsp": [6048.984274857199, 8015.338766014878, 5022.346874184696]}, "datetime": {"datetime": "2025-08-09 15:52:29", "elapsed": 82980.93716692924, "delta": 37.76330518722534}, "costs": {"total_cost": 7249.26949447791, "time_cost": 150, "final_distance_cost": 2084.3912379768894, "oscillation_cost": 1294.530210763449, "completition_cost": 1000.0, "overshoot_cost": 2521.5809033598875, "power_cost": 58.587319543457035, "noise_cost": 140.17982283422668, "n_waypoints_completed": 0, "tot_waypoints": 9}}
{"target": -1424.1639190566686, "params": {"k_pid_pos": [10000.0, 1111.1715277368712, 0.0], "k_pid_alt": [2842.3875313558588, 10000.0, 4474.965975557104], "k_pid_att": [8605.525673819642, 7940.617561607054, 0.0], "k_pid_yaw": [0.5, 1e-06, 0.1], "k_pid_hsp": [6287.94186584495, 7543.57294278028, 0.0], "k_pid_vsp": [49.325943209794694, 10000.0, 5479.257588676193]}, "datetime": {"datetime": "2025-08-09 15:53:40", "elapsed": 83051.80188560486, "delta": 70.8647186756134}, "costs": {"total_cost": 1424.1639190566686, "time_cost": 150, "final_distance_cost": 97.03978802165162, "oscillation_cost": 255.44843968067724, "completition_cost": 777.7777777777778, "overshoot_cost": 69.34494258879302, "power_cost": 44.80183032226563, "noise_cost": 29.75114066550328, "n_waypoints_completed": 2, "tot_waypoints": 9}}
{"target": -1497.546815826091, "params": {"k_pid_pos": [10000.0, 10000.0, 5963.158165813375], "k_pid_alt": [2858.890578023125, 7024.746442667226, 5953.381265681965], "k_pid_att": [9119.102616273838, 10000.0, 0.0], "k_pid_yaw": [0.5, 1e-06, 0.1], "k_pid_hsp": [5934.882226178346, 4580.494694465182, 0.0], "k_pid_vsp": [0.0, 10000.0, 10000.0]}, "datetime": {"datetime": "2025-08-09 15:54:44", "elapsed": 83115.89630484581, "delta": 64.09441924095154}, "costs": {"total_cost": 1497.546815826091, "time_cost": 150, "final_distance_cost": 55.48129535327555, "oscillation_cost": 262.8133332733703, "completition_cost": 888.8888888888888, "overshoot_cost": 67.62991673070816, "power_cost": 42.997009606933595, "noise_cost": 29.736371972914593, "n_waypoints_completed": 1, "tot_waypoints": 9}}
