{"target": -8921.541656293908, "params": {"k_pid_pos": [7645.25538943124, 4695.126979704626, 7945.538199472136], "k_pid_alt": [9332.742857122099, 5881.986711874148, 7568.947286476775], "k_pid_att": [8776.844546862198, 1186.8390975209697, 8749.835658261229], "k_pid_yaw": [0.5, 1e-06, 0.1], "k_pid_hsp": [7133.361231299205, 5980.922616145948, 529.6824408631828], "k_pid_vsp": [4876.158943791945, 7833.529933507787, 6898.435496081178]}, "datetime": {"datetime": "2025-08-09 12:24:09", "elapsed": 70481.410435915, "delta": 35.32746934890747}, "costs": {"total_cost": 8921.541656293908, "time_cost": 150, "final_distance_cost": 2365.8078688029286, "oscillation_cost": 23.63931704037398, "completition_cost": 1000.0, "overshoot_cost": 5318.896041182256, "power_cost": 35.39351364746094, "noise_cost": 27.8049156208883, "n_waypoints_completed": 0, "tot_waypoints": 9}}
{"target": -772.246685081999, "params": {"k_pid_pos": [0.0, 10000.0, 10000.0], "k_pid_alt": [3535.6034989245322, 0.0, 7162.8469445654555], "k_pid_att": [7819.170178111434, 5575.368367374284, 0.0], "k_pid_yaw": [0.5, 1e-06, 0.1], "k_pid_hsp": [10000.0, 10000.0, 1005.5542535166121], "k_pid_vsp": [10000.0, 4760.5359133433, 10000.0]}, "datetime": {"datetime": "2025-08-09 12:25:06", "elapsed": 70538.18270516396, "delta": 56.7722692489624}, "costs": {"total_cost": 772.246685081999, "time_cost": 150, "final_distance_cost": 25.429741984332725, "oscillation_cost": 332.73619886816255, "completition_cost": 111.11111111111116, "overshoot_cost": 82.98745448338751, "power_cost": 41.16725305175781, "noise_cost": 28.814925583247142, "n_waypoints_completed": 8, "tot_waypoints": 9}}
{"target": -1629.7581201912399, "params": {"k_pid_pos": [5506.29514951234, 4515.932351346644, 8322.498286334714], "k_pid_alt": [5698.89310862179, 9253.96279195782, 10000.0], "k_pid_att": [10000.0, 8979.054883655697, 0.0], "k_pid_yaw": [0.5, 1e-06, 0.1], "k_pid_hsp": [6446.967169150624, 5229.908045079121, 0.0], "k_pid_vsp": [10000.0, 10000.0, 849.9465447509385]}, "datetime": {"datetime": "2025-08-09 12:26:04", "elapsed": 70596.41472840309, "delta": 58.23202323913574}, "costs": {"total_cost": 1629.7581201912399, "time_cost": 150, "final_distance_cost": 56.69852441297425, "oscillation_cost": 714.7587873581018, "completition_cost": 555.5555555555555, "overshoot_cost": 87.76756574268634, "power_cost": 36.85995568847657, "noise_cost": 28.117731433445314, "n_waypoints_completed": 4, "tot_waypoints": 9}}
{"target": -5621.733671909396, "params": {"k_pid_pos": [8897.039885124803, 1617.84628975725, 7127.8444186589395], "k_pid_alt": [3613.276852784697, 3931.703147093749, 1588.7975073457849], "k_pid_att": [7065.356573742286, 5260.288381149968, 6253.21219194633], "k_pid_yaw": [0.5, 1e-06, 0.1], "k_pid_hsp": [618.1667607657338, 331.48433494427644, 600.5682807769941], "k_pid_vsp": [4222.967688058115, 2670.4499381081037, 6331.199186635314]}, "datetime": {"datetime": "2025-08-09 12:26:39", "elapsed": 70631.4402809143, "delta": 35.02555251121521}, "costs": {"total_cost": 5621.733671909396, "time_cost": 150, "final_distance_cost": 1061.3905228482217, "oscillation_cost": 557.2951020617704, "completition_cost": 1000.0, "overshoot_cost": 2700.5873865472877, "power_cost": 51.69896033935547, "noise_cost": 100.76170011276133, "n_waypoints_completed": 0, "tot_waypoints": 9}}
{"target": -1762.4011312567875, "params": {"k_pid_pos": [8285.58292162775, 8473.206692904194, 5068.837544874906], "k_pid_alt": [0.0, 0.0, 4587.288906287607], "k_pid_att": [10000.0, 9501.49241450642, 0.0], "k_pid_yaw": [0.5, 1e-06, 0.1], "k_pid_hsp": [10000.0, 6231.86521478243, 7920.032394721699], "k_pid_vsp": [0.0, 10000.0, 3440.1092915616705]}, "datetime": {"datetime": "2025-08-09 12:27:36", "elapsed": 70687.93628954887, "delta": 56.49600863456726}, "costs": {"total_cost": 1762.4011312567875, "time_cost": 150, "final_distance_cost": 9.52568383713266, "oscillation_cost": 343.8260392368126, "completition_cost": 1000.0, "overshoot_cost": 160.37195754593557, "power_cost": 38.87164189453125, "noise_cost": 59.80580874237534, "n_waypoints_completed": 0, "tot_waypoints": 9}}
{"target": -2179.9757598544466, "params": {"k_pid_pos": [2453.934245376055, 6057.905507524498, 6524.166672821582], "k_pid_alt": [0.0, 10000.0, 9410.122908420932], "k_pid_att": [10000.0, 7371.894181197929, 0.0], "k_pid_yaw": [0.5, 1e-06, 0.1], "k_pid_hsp": [5855.716650832184, 341.8809342273917, 6738.602540378097], "k_pid_vsp": [10000.0, 2970.9792661871797, 0.0]}, "datetime": {"datetime": "2025-08-09 12:28:31", "elapsed": 70742.53301787376, "delta": 54.59672832489014}, "costs": {"total_cost": 2179.9757598544466, "time_cost": 150, "final_distance_cost": 93.82562685228963, "oscillation_cost": 745.9305875872525, "completition_cost": 1000.0, "overshoot_cost": 126.36557793128712, "power_cost": 36.0076720703125, "noise_cost": 27.846295413304972, "n_waypoints_completed": 0, "tot_waypoints": 9}}
{"target": -1589.4666986946113, "params": {"k_pid_pos": [8380.890081143578, 7704.8405779214345, 1199.993942105976], "k_pid_alt": [0.0, 6535.499285887977, 4494.795499092044], "k_pid_att": [2748.094861717631, 0.0, 0.0], "k_pid_yaw": [0.5, 1e-06, 0.1], "k_pid_hsp": [7729.791039456318, 8403.219129290359, 5718.973536543898], "k_pid_vsp": [7126.642012631526, 0.0, 4178.039167009232]}, "datetime": {"datetime": "2025-08-09 12:29:29", "elapsed": 70800.66822504997, "delta": 58.135207176208496}, "costs": {"total_cost": 1589.4666986946113, "time_cost": 150, "final_distance_cost": 31.68859854068045, "oscillation_cost": 256.5203201908355, "completition_cost": 1000.0, "overshoot_cost": 82.40559957403215, "power_cost": 40.117748962402345, "noise_cost": 28.73443142666086, "n_waypoints_completed": 0, "tot_waypoints": 9}}
{"target": -476.05380216898664, "params": {"k_pid_pos": [10000.0, 3989.1510928370085, 5165.929267582371], "k_pid_alt": [9153.405689290134, 0.0, 9999.745402564866], "k_pid_att": [5060.4969241390345, 0.0, 0.0], "k_pid_yaw": [0.5, 1e-06, 0.1], "k_pid_hsp": [10000.0, 8460.07483722717, 3306.820962776271], "k_pid_vsp": [7408.978154647091, 3418.200263815579, 2526.3451276632595]}, "datetime": {"datetime": "2025-08-09 12:30:21", "elapsed": 70853.24708032608, "delta": 52.57885527610779}, "costs": {"total_cost": 476.05380216898664, "time_cost": 108.227, "final_distance_cost": 1.7707520786633173, "oscillation_cost": 213.60440066305347, "completition_cost": 0.0, "overshoot_cost": 87.1119879690465, "power_cost": 36.662609802246095, "noise_cost": 28.677051655977248, "n_waypoints_completed": 9, "tot_waypoints": 9}}
{"target": -4535.874786804742, "params": {"k_pid_pos": [8001.282389744773, 8508.36824325742, 575.0359873823962], "k_pid_alt": [9474.08553309482, 7807.31492657568, 1996.5128930922094], "k_pid_att": [1709.6790268037487, 6021.281618381655, 1148.1991996153351], "k_pid_yaw": [0.5, 1e-06, 0.1], "k_pid_hsp": [4463.3676275299895, 8435.727945920038, 1509.1941399477937], "k_pid_vsp": [7810.118437507507, 5649.571075365565, 4171.620223365085]}, "datetime": {"datetime": "2025-08-09 12:30:59", "elapsed": 70890.90290164948, "delta": 37.655821323394775}, "costs": {"total_cost": 4535.874786804742, "time_cost": 150, "final_distance_cost": 506.07062116140133, "oscillation_cost": 1486.9618812988172, "completition_cost": 1000.0, "overshoot_cost": 1195.2938221340578, "power_cost": 58.61646619873047, "noise_cost": 138.93199601173552, "n_waypoints_completed": 0, "tot_waypoints": 9}}
{"target": -3376.515402537115, "params": {"k_pid_pos": [3418.1265399838444, 1002.369291889419, 1735.6663057797773], "k_pid_alt": [5133.4972611734565, 6472.451016173271, 9486.47822742805], "k_pid_att": [4940.773628025349, 6042.121958514891, 5078.257848396124], "k_pid_yaw": [0.5, 1e-06, 0.1], "k_pid_hsp": [8059.389250323553, 7683.598731944607, 7132.793522145994], "k_pid_vsp": [986.0523661744969, 3792.0355219709013, 4863.426098350954]}, "datetime": {"datetime": "2025-08-09 12:31:35", "elapsed": 70927.10258483887, "delta": 36.19968318939209}, "costs": {"total_cost": 3376.515402537115, "time_cost": 150, "final_distance_cost": 217.40199964339018, "oscillation_cost": 510.99089196620776, "completition_cost": 1000.0, "overshoot_cost": 1350.7752205619583, "power_cost": 51.256318676757815, "noise_cost": 96.0909716888003, "n_waypoints_completed": 0, "tot_waypoints": 9}}
{"target": -3442.4622962643566, "params": {"k_pid_pos": [4021.508553593117, 929.3266770879327, 3862.4896942499654], "k_pid_alt": [6344.345118879706, 254.08968690980637, 142.27224762046632], "k_pid_att": [9037.502333443543, 1100.727149219526, 1038.6103293592219], "k_pid_yaw": [0.5, 1e-06, 0.1], "k_pid_hsp": [7661.734387353335, 2958.0971113350165, 6510.91139105366], "k_pid_vsp": [5877.216909519014, 7965.7029747449, 8371.34124210338]}, "datetime": {"datetime": "2025-08-09 12:32:11", "elapsed": 70963.05479335785, "delta": 35.952208518981934}, "costs": {"total_cost": 3442.4622962643566, "time_cost": 150, "final_distance_cost": 694.3592495589882, "oscillation_cost": 79.35945029949768, "completition_cost": 1000.0, "overshoot_cost": 1455.6306336490604, "power_cost": 35.32416925048828, "noise_cost": 27.788793506321692, "n_waypoints_completed": 0, "tot_waypoints": 9}}
{"target": -1578.0744960202644, "params": {"k_pid_pos": [7390.452593214299, 9794.955634619231, 0.0], "k_pid_alt": [10000.0, 4904.0877990662875, 0.0], "k_pid_att": [5446.163268241301, 4375.843210713975, 0.0], "k_pid_yaw": [0.5, 1e-06, 0.1], "k_pid_hsp": [4492.305799598101, 5965.262582712387, 3433.6467474014257], "k_pid_vsp": [6813.677950145064, 5223.3696863629375, 0.0]}, "datetime": {"datetime": "2025-08-09 12:33:16", "elapsed": 71028.25012636185, "delta": 65.1953330039978}, "costs": {"total_cost": 1578.0744960202644, "time_cost": 150, "final_distance_cost": 50.12152779007409, "oscillation_cost": 237.57332014899288, "completition_cost": 1000.0, "overshoot_cost": 70.92597763820001, "power_cost": 40.6970771484375, "noise_cost": 28.75659329455983, "n_waypoints_completed": 0, "tot_waypoints": 9}}
{"target": -943.3624836745593, "params": {"k_pid_pos": [8464.176415008964, 10000.0, 10000.0], "k_pid_alt": [2302.8795202988013, 0.0, 10000.0], "k_pid_att": [10000.0, 4858.111906658095, 0.0], "k_pid_yaw": [0.5, 1e-06, 0.1], "k_pid_hsp": [5199.973564824728, 10000.0, 5511.5516595248355], "k_pid_vsp": [8298.736909960086, 0.0, 6207.747528087368]}, "datetime": {"datetime": "2025-08-09 12:34:09", "elapsed": 71081.43373632431, "delta": 53.18360996246338}, "costs": {"total_cost": 943.3624836745593, "time_cost": 150, "final_distance_cost": 94.85146386429878, "oscillation_cost": 311.57990304329286, "completition_cost": 222.2222222222222, "overshoot_cost": 96.01049101130094, "power_cost": 40.12572194824219, "noise_cost": 28.572681585202346, "n_waypoints_completed": 7, "tot_waypoints": 9}}
{"target": -35392.55361210468, "params": {"k_pid_pos": [6344.125399070028, 7659.019524806151, 1709.4052377514024], "k_pid_alt": [5885.402321133536, 7953.994098129039, 6846.185628988223], "k_pid_att": [9344.119775068335, 340.75807224100197, 4341.727404345741], "k_pid_yaw": [0.5, 1e-06, 0.1], "k_pid_hsp": [7038.160696109155, 1908.055458685156, 9563.813618476084], "k_pid_vsp": [7009.34894826711, 8871.310123270234, 3278.6470164491166]}, "datetime": {"datetime": "2025-08-09 12:34:45", "elapsed": 71117.14331626892, "delta": 35.709579944610596}, "costs": {"total_cost": 35392.55361210468, "time_cost": 150, "final_distance_cost": 8740.3248416216, "oscillation_cost": 773.5828602597364, "completition_cost": 1000.0, "overshoot_cost": 24532.645694463874, "power_cost": 58.64551602783203, "noise_cost": 137.35469973163364, "n_waypoints_completed": 0, "tot_waypoints": 9}}
{"target": -1649.293497120066, "params": {"k_pid_pos": [8304.78250333789, 5531.246754689435, 0.0], "k_pid_alt": [7348.327800156409, 8629.717869712762, 0.0], "k_pid_att": [6479.856134041523, 3093.002713659195, 0.0], "k_pid_yaw": [0.5, 1e-06, 0.1], "k_pid_hsp": [2789.37499713177, 9450.13493911464, 4847.2070637472025], "k_pid_vsp": [3526.5119328570727, 5072.6108563448215, 10000.0]}, "datetime": {"datetime": "2025-08-09 12:35:38", "elapsed": 71169.82186412811, "delta": 52.678547859191895}, "costs": {"total_cost": 1649.293497120066, "time_cost": 150, "final_distance_cost": 65.54035427286738, "oscillation_cost": 273.06777488424535, "completition_cost": 1000.0, "overshoot_cost": 91.28189381322868, "power_cost": 40.33179265136719, "noise_cost": 29.071681498357588, "n_waypoints_completed": 0, "tot_waypoints": 9}}
{"target": -5956.21894656962, "params": {"k_pid_pos": [2226.611919409435, 182.52344933672782, 3422.051511508911], "k_pid_alt": [6420.704523449515, 1806.988902262704, 3194.0848271396826], "k_pid_att": [4542.610744937875, 5498.012869039794, 8502.867412756153], "k_pid_yaw": [0.5, 1e-06, 0.1], "k_pid_hsp": [3857.094078583506, 4540.950367819544, 9590.1844337519], "k_pid_vsp": [9504.2136115277, 4533.491959367345, 2155.850540846743]}, "datetime": {"datetime": "2025-08-09 12:36:12", "elapsed": 71204.42569708824, "delta": 34.603832960128784}, "costs": {"total_cost": 5956.21894656962, "time_cost": 150, "final_distance_cost": 474.60044480964984, "oscillation_cost": 907.6889106174934, "completition_cost": 1000.0, "overshoot_cost": 3224.9178630708625, "power_cost": 58.628854345703125, "noise_cost": 140.38287372591117, "n_waypoints_completed": 0, "tot_waypoints": 9}}
{"target": -1590.683523508213, "params": {"k_pid_pos": [8365.311722697266, 6840.555464995803, 6345.412135214313], "k_pid_alt": [9847.900258473692, 5529.595225780586, 5461.442820091179], "k_pid_att": [4941.403568859223, 2878.1176580803376, 0.0], "k_pid_yaw": [0.5, 1e-06, 0.1], "k_pid_hsp": [5770.817252705587, 4346.93580924245, 4154.621482779736], "k_pid_vsp": [4456.9019088625055, 3963.6242319638245, 0.0]}, "datetime": {"datetime": "2025-08-09 12:37:10", "elapsed": 71261.61178016663, "delta": 57.1860830783844}, "costs": {"total_cost": 1590.683523508213, "time_cost": 150, "final_distance_cost": 37.892303187448505, "oscillation_cost": 267.8068945543111, "completition_cost": 1000.0, "overshoot_cost": 65.55004657034961, "power_cost": 40.72575621337891, "noise_cost": 28.708522982724837, "n_waypoints_completed": 0, "tot_waypoints": 9}}
{"target": -1231.9989638030747, "params": {"k_pid_pos": [6779.875402603597, 10000.0, 3766.880661935248], "k_pid_alt": [7054.433082381195, 0.0, 0.0], "k_pid_att": [7239.939737089618, 0.0, 0.0], "k_pid_yaw": [0.5, 1e-06, 0.1], "k_pid_hsp": [10000.0, 0.0, 1368.9188861193024], "k_pid_vsp": [3290.5142901079016, 6166.202797132639, 7723.848340651842]}, "datetime": {"datetime": "2025-08-09 12:38:07", "elapsed": 71319.47326040268, "delta": 57.86148023605347}, "costs": {"total_cost": 1231.9989638030747, "time_cost": 150, "final_distance_cost": 69.14838939280513, "oscillation_cost": 312.43902050111006, "completition_cost": 555.5555555555555, "overshoot_cost": 76.0964334792072, "power_cost": 40.070994787597655, "noise_cost": 28.688570086798922, "n_waypoints_completed": 4, "tot_waypoints": 9}}
{"target": -1511.8496940499615, "params": {"k_pid_pos": [1089.1424932619352, 837.4133012178258, 0.0], "k_pid_alt": [6655.966676407903, 6261.513780775667, 10000.0], "k_pid_att": [8073.150209483712, 7030.265892259879, 0.0], "k_pid_yaw": [0.5, 1e-06, 0.1], "k_pid_hsp": [6332.453740385299, 10000.0, 6489.264088983967], "k_pid_vsp": [895.8827109425702, 5907.476997574773, 5460.711181434472]}, "datetime": {"datetime": "2025-08-09 12:39:04", "elapsed": 71376.49811863899, "delta": 57.024858236312866}, "costs": {"total_cost": 1511.8496940499615, "time_cost": 150, "final_distance_cost": 64.11009244285853, "oscillation_cost": 260.2624195510911, "completition_cost": 888.8888888888888, "overshoot_cost": 78.23451459382056, "power_cost": 41.20506278076172, "noise_cost": 29.148715792540965, "n_waypoints_completed": 1, "tot_waypoints": 9}}
{"target": -24403.477185555857, "params": {"k_pid_pos": [3067.909581593441, 8873.80045899942, 4155.757249915193], "k_pid_alt": [363.00696253924514, 3291.560809259265, 6105.715830696104], "k_pid_att": [5164.6863833258585, 6850.975167268451, 7244.23377916503], "k_pid_yaw": [0.5, 1e-06, 0.1], "k_pid_hsp": [8177.541067722483, 9244.042734736247, 8704.721789685122], "k_pid_vsp": [9.153507056240962, 9593.038904348221, 3490.1165174376447]}, "datetime": {"datetime": "2025-08-09 12:39:40", "elapsed": 71412.3247513771, "delta": 35.8266327381134}, "costs": {"total_cost": 24403.477185555857, "time_cost": 150, "final_distance_cost": 6986.8128175836855, "oscillation_cost": 1655.1404643728456, "completition_cost": 1000.0, "overshoot_cost": 14411.088284651407, "power_cost": 58.621353344726565, "noise_cost": 141.81426560319136, "n_waypoints_completed": 0, "tot_waypoints": 9}}
{"target": -1621.112202394611, "params": {"k_pid_pos": [0.0, 5979.912940918012, 0.0], "k_pid_alt": [3679.3458821853246, 8121.586630737043, 4844.583795717836], "k_pid_att": [10000.0, 6993.167974271552, 0.0], "k_pid_yaw": [0.5, 1e-06, 0.1], "k_pid_hsp": [10000.0, 0.0, 3773.335753274605], "k_pid_vsp": [10000.0, 7807.045395879809, 0.0]}, "datetime": {"datetime": "2025-08-09 12:40:44", "elapsed": 71476.04184412956, "delta": 63.717092752456665}, "costs": {"total_cost": 1621.112202394611, "time_cost": 150, "final_distance_cost": 30.813468522985126, "oscillation_cost": 290.023067650618, "completition_cost": 1000.0, "overshoot_cost": 80.34154019168857, "power_cost": 41.12652434082032, "noise_cost": 28.807601688498497, "n_waypoints_completed": 0, "tot_waypoints": 9}}
{"target": -27432.42295718173, "params": {"k_pid_pos": [5704.0186488379795, 376.92490668250866, 8963.475263540166], "k_pid_alt": [9207.837761453786, 1663.0522503908774, 3132.2008267939773], "k_pid_att": [2470.704353716803, 5495.6399270690645, 8279.278659788588], "k_pid_yaw": [0.5, 1e-06, 0.1], "k_pid_hsp": [2502.9822433508352, 7302.205651842342, 5942.683317808237], "k_pid_vsp": [5122.497173359887, 8245.850548205697, 3803.278189059951]}, "datetime": {"datetime": "2025-08-09 12:41:20", "elapsed": 71512.37522816658, "delta": 36.33338403701782}, "costs": {"total_cost": 27432.42295718173, "time_cost": 150, "final_distance_cost": 8097.472657233363, "oscillation_cost": 809.7632277664768, "completition_cost": 1000.0, "overshoot_cost": 17175.704710838872, "power_cost": 58.655612695312506, "noise_cost": 140.82674864770368, "n_waypoints_completed": 0, "tot_waypoints": 9}}
{"target": -14242.764660527147, "params": {"k_pid_pos": [6374.999577279038, 415.509499188681, 9848.650293730037], "k_pid_alt": [6896.516871642379, 2802.7019220872116, 3722.8299412772003], "k_pid_att": [3671.4615819551846, 746.6776614695059, 4470.089721408002], "k_pid_yaw": [0.5, 1e-06, 0.1], "k_pid_hsp": [720.202981151561, 4622.373014865118, 9024.571167766897], "k_pid_vsp": [3309.6081978301117, 4373.325714779766, 173.28981842109846]}, "datetime": {"datetime": "2025-08-09 12:41:55", "elapsed": 71547.22707939148, "delta": 34.85185122489929}, "costs": {"total_cost": 14242.764660527147, "time_cost": 150, "final_distance_cost": 2506.771770672853, "oscillation_cost": 745.1933861000241, "completition_cost": 1000.0, "overshoot_cost": 9643.356061177448, "power_cost": 58.6212365234375, "noise_cost": 138.82220605338586, "n_waypoints_completed": 0, "tot_waypoints": 9}}
{"target": -1886.448179433656, "params": {"k_pid_pos": [10000.0, 10000.0, 10000.0], "k_pid_alt": [5143.617837124194, 0.0, 10000.0], "k_pid_att": [5760.477937575922, 226.36758717717586, 0.0], "k_pid_yaw": [0.5, 1e-06, 0.1], "k_pid_hsp": [3793.383460182678, 3910.202566048854, 5071.708188098277], "k_pid_vsp": [4053.2436439138787, 10000.0, 8079.927219937863]}, "datetime": {"datetime": "2025-08-09 12:42:52", "elapsed": 71603.95847702026, "delta": 56.73139762878418}, "costs": {"total_cost": 1886.448179433656, "time_cost": 150, "final_distance_cost": 107.64233150009699, "oscillation_cost": 687.6536964624074, "completition_cost": 777.7777777777778, "overshoot_cost": 99.02306862796968, "power_cost": 36.28770035400391, "noise_cost": 28.06360471140012, "n_waypoints_completed": 2, "tot_waypoints": 9}}
{"target": -8941.978881401632, "params": {"k_pid_pos": [141.93133735058817, 4561.921599920808, 2323.180770119768], "k_pid_alt": [5384.559880283906, 7528.9866424402, 7358.892168635843], "k_pid_att": [3409.033704043718, 6004.741935188076, 8662.35644185585], "k_pid_yaw": [0.5, 1e-06, 0.1], "k_pid_hsp": [7122.138402932702, 6601.338758069599, 9982.01483115477], "k_pid_vsp": [2232.727896264841, 5348.157626913251, 2117.013666153136]}, "datetime": {"datetime": "2025-08-09 12:43:28", "elapsed": 71639.71691966057, "delta": 35.758442640304565}, "costs": {"total_cost": 8941.978881401632, "time_cost": 150, "final_distance_cost": 2571.166372786569, "oscillation_cost": 1079.210655711817, "completition_cost": 1000.0, "overshoot_cost": 3942.226561580375, "power_cost": 58.62140875244141, "noise_cost": 140.75388257042906, "n_waypoints_completed": 0, "tot_waypoints": 9}}
{"target": -21530.192659760665, "params": {"k_pid_pos": [285.0915591612546, 804.7401340239968, 7752.045980038825], "k_pid_alt": [4263.849401568719, 9321.553353266148, 4185.711230398189], "k_pid_att": [4412.15992866647, 1364.1027550486695, 4160.800987152095], "k_pid_yaw": [0.5, 1e-06, 0.1], "k_pid_hsp": [3832.5977203507964, 9748.285931940496, 9066.142356819732], "k_pid_vsp": [2218.6101049499516, 5030.16735405732, 769.5313488428479]}, "datetime": {"datetime": "2025-08-09 12:44:04", "elapsed": 71675.60787820816, "delta": 35.89095854759216}, "costs": {"total_cost": 21530.192659760665, "time_cost": 150, "final_distance_cost": 4438.457208028816, "oscillation_cost": 757.6516648711946, "completition_cost": 1000.0, "overshoot_cost": 15001.084194704592, "power_cost": 58.48427608642579, "noise_cost": 124.51531606963637, "n_waypoints_completed": 0, "tot_waypoints": 9}}
