{"target": -5770.215857845634, "params": {"k_pid_pos": [2123.3911067827617, 6011.150117432088, 5986.584841970366], "k_pid_alt": [205.84494295802446, 1559.9452033620264, 3745.401188473625], "k_pid_att": [9699.098521619942, 580.8361216819947, 9507.143064099162], "k_pid_yaw": [0.5, 1e-06, 0.1], "k_pid_hsp": [8324.426408004218, 8661.761457749351, 7319.939418114051], "k_pid_vsp": [1818.2496720710062, 7080.725777960455, 1560.1864044243653]}, "datetime": {"datetime": "2025-08-08 16:50:00", "elapsed": 31.799455881118774, "delta": 31.799455881118774}, "costs": {"total_cost": 5770.215857845634, "time_cost": 150, "final_distance_cost": 828.5042665840799, "oscillation_cost": 759.3599873170176, "completition_cost": 1000.0, "overshoot_cost": 2836.9882801379467, "power_cost": 58.67762574462891, "noise_cost": 136.68569806196032, "n_waypoints_completed": 0, "tot_waypoints": 9}}
{"target": -6262.2766501739225, "params": {"k_pid_pos": [4795.779044558036, 3094.7606938052086, 220.10012653043253], "k_pid_alt": [59.51508554204344, 6543.34469189575, 37.20050177683065], "k_pid_att": [3677.5820816653027, 4454.509995319025, 2607.068752846412], "k_pid_yaw": [0.5, 1e-06, 0.1], "k_pid_hsp": [9023.955633291956, 1413.5625151309694, 7623.107354766075], "k_pid_vsp": [6006.137869811047, 1990.776540568372, 7210.447606723793]}, "datetime": {"datetime": "2025-08-08 16:50:32", "elapsed": 64.31475377082825, "delta": 32.51529788970947}, "costs": {"total_cost": 6262.2766501739225, "time_cost": 150, "final_distance_cost": 1583.4032905349345, "oscillation_cost": 493.673524175998, "completition_cost": 1000.0, "overshoot_cost": 2883.662284200928, "power_cost": 54.382369384765624, "noise_cost": 97.1551818772968, "n_waypoints_completed": 0, "tot_waypoints": 9}}
{"target": -4950.941990389738, "params": {"k_pid_pos": [7646.526738351961, 2342.0231141849067, 8402.96632696398], "k_pid_alt": [8997.337416420516, 9361.116305533098, 8559.273951996682], "k_pid_att": [2111.77197182822, 7001.619731184868, 2461.568169481132], "k_pid_yaw": [0.5, 1e-06, 0.1], "k_pid_hsp": [7400.443485188372, 4353.471680098302, 7453.145986603889], "k_pid_vsp": [3834.1273588352087, 1044.648700462848, 8727.266205248476]}, "datetime": {"datetime": "2025-08-08 16:51:05", "elapsed": 96.6530556678772, "delta": 32.33830189704895}, "costs": {"total_cost": 4950.941990389738, "time_cost": 150, "final_distance_cost": 556.3169202194674, "oscillation_cost": 1689.9084078927308, "completition_cost": 1000.0, "overshoot_cost": 1378.2579491536703, "power_cost": 54.241904809570315, "noise_cost": 122.21680831429842, "n_waypoints_completed": 0, "tot_waypoints": 9}}
{"target": -4261.699443886226, "params": {"k_pid_pos": [2015.8128219780215, 1875.9307943056203, 7654.065183290074], "k_pid_alt": [7936.073315513718, 3595.5036306423526, 9737.88611998483], "k_pid_att": [9001.164694488349, 9574.428954606787, 5204.878233030136], "k_pid_yaw": [0.5, 1e-06, 0.1], "k_pid_hsp": [4779.073806660894, 2573.115766957942, 1526.5207928737645], "k_pid_vsp": [3626.4313688106254, 3121.3345234035005, 7001.970376837071]}, "datetime": {"datetime": "2025-08-08 16:51:37", "elapsed": 129.4415545463562, "delta": 32.788498878479004}, "costs": {"total_cost": 4261.699443886226, "time_cost": 150, "final_distance_cost": 936.2402130505742, "oscillation_cost": 351.7039178495627, "completition_cost": 1000.0, "overshoot_cost": 1698.564778639022, "power_cost": 48.321818359375, "noise_cost": 76.86871598769211, "n_waypoints_completed": 0, "tot_waypoints": 9}}
{"target": -2682.502516561619, "params": {"k_pid_pos": [4178.048937737053, 1603.216163655537, 9803.299492650789], "k_pid_alt": [10000.0, 5886.410732351146, 10000.0], "k_pid_att": [6689.0792087803675, 9957.050090863366, 4122.372901830756], "k_pid_yaw": [0.5, 1e-06, 0.1], "k_pid_hsp": [4898.162072458928, 3355.1343140281833, 2703.2225204109345], "k_pid_vsp": [3331.4477806706504, 2102.363280329069, 8183.067530024283]}, "datetime": {"datetime": "2025-08-08 16:52:12", "elapsed": 164.35830187797546, "delta": 34.91674733161926}, "costs": {"total_cost": 2682.502516561619, "time_cost": 150, "final_distance_cost": 21.969222812743666, "oscillation_cost": 596.9901167941489, "completition_cost": 1000.0, "overshoot_cost": 738.1772818291854, "power_cost": 55.53784553222656, "noise_cost": 119.82804959331456, "n_waypoints_completed": 0, "tot_waypoints": 9}}
{"target": -10461.76098966049, "params": {"k_pid_pos": [3283.909532419849, 7986.52899772432, 6115.875159662855], "k_pid_alt": [1149.586468420003, 3359.152559760632, 251.06098928586283], "k_pid_att": [3582.406036016195, 5569.705553659033, 2661.0602078758907], "k_pid_yaw": [0.5, 1e-06, 0.1], "k_pid_hsp": [5964.7411225158085, 8996.59823627651, 3095.932665546617], "k_pid_vsp": [6944.659973440669, 8824.991284644664, 691.4673542899897]}, "datetime": {"datetime": "2025-08-08 16:52:45", "elapsed": 196.64842700958252, "delta": 32.290125131607056}, "costs": {"total_cost": 10461.76098966049, "time_cost": 150, "final_distance_cost": 2561.639201673998, "oscillation_cost": 658.538246106089, "completition_cost": 1000.0, "overshoot_cost": 5897.505353940625, "power_cost": 58.64050718994141, "noise_cost": 135.4376807498379, "n_waypoints_completed": 0, "tot_waypoints": 9}}
{"target": -2215.430777425461, "params": {"k_pid_pos": [6814.970185105983, 0.0, 10000.0], "k_pid_alt": [10000.0, 9814.693401052626, 10000.0], "k_pid_att": [7984.380157713089, 10000.0, 4499.381237787995], "k_pid_yaw": [0.5, 1e-06, 0.1], "k_pid_hsp": [1348.1743030167693, 1237.4784219535388, 25.9669924151864], "k_pid_vsp": [0.0, 0.0, 10000.0]}, "datetime": {"datetime": "2025-08-08 16:53:19", "elapsed": 231.2791154384613, "delta": 34.630688428878784}, "costs": {"total_cost": 2215.430777425461, "time_cost": 150, "final_distance_cost": 53.44401671189046, "oscillation_cost": 156.56710510070587, "completition_cost": 1000.0, "overshoot_cost": 667.1189189125264, "power_cost": 50.72987109375, "noise_cost": 137.57086560658848, "n_waypoints_completed": 0, "tot_waypoints": 9}}
{"target": -4724.2160546518735, "params": {"k_pid_pos": [10000.0, 0.0, 10000.0], "k_pid_alt": [10000.0, 6273.748458229647, 10000.0], "k_pid_att": [10000.0, 10000.0, 10000.0], "k_pid_yaw": [0.5, 1e-06, 0.1], "k_pid_hsp": [0.0, 10000.0, 2977.7089982806815], "k_pid_vsp": [0.0, 0.0, 10000.0]}, "datetime": {"datetime": "2025-08-08 16:53:54", "elapsed": 265.70647263526917, "delta": 34.42735719680786}, "costs": {"total_cost": 4724.2160546518735, "time_cost": 150, "final_distance_cost": 851.6343843457656, "oscillation_cost": 168.61413915767213, "completition_cost": 1000.0, "overshoot_cost": 2396.7335615916913, "power_cost": 48.63559205322266, "noise_cost": 108.5983775035219, "n_waypoints_completed": 0, "tot_waypoints": 9}}
{"target": -1447.2336090216202, "params": {"k_pid_pos": [0.0, 0.0, 10000.0], "k_pid_alt": [10000.0, 9179.243999756609, 10000.0], "k_pid_att": [1136.4321905839047, 10000.0, 0.0], "k_pid_yaw": [0.5, 1e-06, 0.1], "k_pid_hsp": [0.0, 0.0, 0.0], "k_pid_vsp": [0.0, 0.0, 10000.0]}, "datetime": {"datetime": "2025-08-08 16:54:28", "elapsed": 300.03874921798706, "delta": 34.332276582717896}, "costs": {"total_cost": 1447.2336090216202, "time_cost": 150, "final_distance_cost": 10.874955840053898, "oscillation_cost": 0.0, "completition_cost": 1000.0, "overshoot_cost": 166.4099510673916, "power_cost": 29.932059130859376, "noise_cost": 90.01664298331532, "n_waypoints_completed": 0, "tot_waypoints": 9}}
{"target": -6241.607959242306, "params": {"k_pid_pos": [6306.508973328039, 8233.513268041952, 4836.148926230481], "k_pid_alt": [8726.001682475617, 7313.876634946792, 6533.23327657199], "k_pid_att": [6603.849137556253, 9219.839902922504, 6394.00191046904], "k_pid_yaw": [0.5, 1e-06, 0.1], "k_pid_hsp": [1651.143653133944, 7200.562735575905, 3384.0959748020873], "k_pid_vsp": [1935.2335764080042, 8785.692220766517, 1188.6431257052566]}, "datetime": {"datetime": "2025-08-08 16:54:59", "elapsed": 330.7806189060211, "delta": 30.741869688034058}, "costs": {"total_cost": 6241.607959242306, "time_cost": 150, "final_distance_cost": 590.6753236785132, "oscillation_cost": 886.5429075210099, "completition_cost": 1000.0, "overshoot_cost": 3415.5287708821616, "power_cost": 58.66645356445313, "noise_cost": 140.19450359616826, "n_waypoints_completed": 0, "tot_waypoints": 9}}
{"target": -15171.987097519954, "params": {"k_pid_pos": [0.0, 0.0, 10000.0], "k_pid_alt": [10000.0, 10000.0, 10000.0], "k_pid_att": [0.0, 10000.0, 10000.0], "k_pid_yaw": [0.5, 1e-06, 0.1], "k_pid_hsp": [4414.041093503946, 0.0, 0.0], "k_pid_vsp": [0.0, 0.0, 10000.0]}, "datetime": {"datetime": "2025-08-08 16:55:32", "elapsed": 364.08645153045654, "delta": 33.305832624435425}, "costs": {"total_cost": 15171.987097519954, "time_cost": 150, "final_distance_cost": 4144.112003056532, "oscillation_cost": 1887.7483320356819, "completition_cost": 1000.0, "overshoot_cost": 7817.405312113808, "power_cost": 48.43810078125, "noise_cost": 124.28334953268279, "n_waypoints_completed": 0, "tot_waypoints": 9}}
{"target": -5669.0645104521855, "params": {"k_pid_pos": [3286.5768839166262, 433.7113329522225, 9875.204808483932], "k_pid_alt": [9933.682305626267, 8313.824456092734, 9982.030769684648], "k_pid_att": [5064.851578228031, 9950.627925850331, 664.8925247244081], "k_pid_yaw": [0.5, 1e-06, 0.1], "k_pid_hsp": [900.3525265918395, 1297.2342756240507, 739.4687160174277], "k_pid_vsp": [892.3265321711001, 570.1044026876837, 9495.318945326555]}, "datetime": {"datetime": "2025-08-08 16:56:05", "elapsed": 396.90522360801697, "delta": 32.818772077560425}, "costs": {"total_cost": 5669.0645104521855, "time_cost": 150, "final_distance_cost": 1349.47838850941, "oscillation_cost": 284.5415851800851, "completition_cost": 1000.0, "overshoot_cost": 2821.730649676564, "power_cost": 35.16430727539063, "noise_cost": 28.14957981073641, "n_waypoints_completed": 0, "tot_waypoints": 9}}
{"target": -5451.004278613551, "params": {"k_pid_pos": [6209.805687251892, 820.0402527831288, 9651.84873113885], "k_pid_alt": [9760.38446587523, 7682.161599481993, 9961.623799221408], "k_pid_att": [8482.999532720001, 9920.142225717818, 5116.997483459659], "k_pid_yaw": [0.5, 1e-06, 0.1], "k_pid_hsp": [3260.1212553583546, 2469.4140300780755, 1276.17503136921], "k_pid_vsp": [1671.4303724821077, 1140.0388672020285, 8980.918166660462]}, "datetime": {"datetime": "2025-08-08 16:56:37", "elapsed": 428.92954301834106, "delta": 32.0243194103241}, "costs": {"total_cost": 5451.004278613551, "time_cost": 150, "final_distance_cost": 1051.688464270764, "oscillation_cost": 442.5144525842721, "completition_cost": 1000.0, "overshoot_cost": 2655.3384752977054, "power_cost": 51.006530078125, "noise_cost": 100.45635638268409, "n_waypoints_completed": 0, "tot_waypoints": 9}}
{"target": -4458.798978913857, "params": {"k_pid_pos": [3153.625952131392, 2277.8562103732243, 8560.336102092944], "k_pid_alt": [8914.613034764447, 4619.042230657854, 9600.10972860742], "k_pid_att": [6236.534173996323, 9151.544447738466, 3498.645875383636], "k_pid_yaw": [0.5, 1e-06, 0.1], "k_pid_hsp": [6130.284596765482, 3718.0612485196993, 3911.7179041077807], "k_pid_vsp": [4462.615104875202, 2822.7001766638646, 7362.061816454003]}, "datetime": {"datetime": "2025-08-08 16:57:09", "elapsed": 461.24176263809204, "delta": 32.31221961975098}, "costs": {"total_cost": 4458.798978913857, "time_cost": 150, "final_distance_cost": 429.51816595900135, "oscillation_cost": 645.3235962741232, "completition_cost": 1000.0, "overshoot_cost": 2052.5098013203806, "power_cost": 56.52197476806641, "noise_cost": 124.9254405922861, "n_waypoints_completed": 0, "tot_waypoints": 9}}
{"target": -1447.2336090216202, "params": {"k_pid_pos": [10000.0, 0.0, 10000.0], "k_pid_alt": [10000.0, 10000.0, 10000.0], "k_pid_att": [7526.633135430738, 10000.0, 4045.6687127345444], "k_pid_yaw": [0.5, 1e-06, 0.1], "k_pid_hsp": [0.0, 0.0, 0.0], "k_pid_vsp": [0.0, 0.0, 10000.0]}, "datetime": {"datetime": "2025-08-08 16:57:43", "elapsed": 495.4646141529083, "delta": 34.222851514816284}, "costs": {"total_cost": 1447.2336090216202, "time_cost": 150, "final_distance_cost": 10.874955840053898, "oscillation_cost": 0.0, "completition_cost": 1000.0, "overshoot_cost": 166.4099510673916, "power_cost": 29.932059130859376, "noise_cost": 90.01664298331532, "n_waypoints_completed": 0, "tot_waypoints": 9}}
{"target": -1447.2336090216202, "params": {"k_pid_pos": [9609.136809704461, 0.0, 10000.0], "k_pid_alt": [10000.0, 10000.0, 10000.0], "k_pid_att": [10000.0, 10000.0, 7598.513098144059], "k_pid_yaw": [0.5, 1e-06, 0.1], "k_pid_hsp": [0.0, 0.0, 0.0], "k_pid_vsp": [0.0, 0.0, 10000.0]}, "datetime": {"datetime": "2025-08-08 16:58:16", "elapsed": 528.1300628185272, "delta": 32.6654486656189}, "costs": {"total_cost": 1447.2336090216202, "time_cost": 150, "final_distance_cost": 10.874955840053898, "oscillation_cost": 0.0, "completition_cost": 1000.0, "overshoot_cost": 166.4099510673916, "power_cost": 29.932059130859376, "noise_cost": 90.01664298331532, "n_waypoints_completed": 0, "tot_waypoints": 9}}
{"target": -8081.440659503201, "params": {"k_pid_pos": [4350.380101030698, 8114.31853254621, 2166.0606242292724], "k_pid_alt": [6455.237559635773, 5582.427816465426, 6079.980304256681], "k_pid_att": [4452.8202082617545, 3628.3864527011146, 7166.470052988253], "k_pid_yaw": [0.5, 1e-06, 0.1], "k_pid_hsp": [3773.982284924957, 7109.937819401078, 9795.185652707281], "k_pid_vsp": [1270.038372172947, 3032.9128129619667, 2542.9485206605195]}, "datetime": {"datetime": "2025-08-08 16:58:47", "elapsed": 559.1407468318939, "delta": 31.0106840133667}, "costs": {"total_cost": 8081.440659503201, "time_cost": 150, "final_distance_cost": 2037.0026524346529, "oscillation_cost": 448.6226616364352, "completition_cost": 1000.0, "overshoot_cost": 4311.080427832079, "power_cost": 49.366389111328125, "noise_cost": 85.36852848870448, "n_waypoints_completed": 0, "tot_waypoints": 9}}
{"target": -6510.52919133123, "params": {"k_pid_pos": [2841.450338800452, 9852.278021892706, 3512.57162819126], "k_pid_alt": [3098.1382616304063, 2264.4493487646455, 7528.194021266114], "k_pid_att": [5486.1282056570035, 5617.504592034407, 3594.242343957035], "k_pid_yaw": [0.5, 1e-06, 0.1], "k_pid_hsp": [8871.117928201755, 4330.6571146920705, 1274.8618870063756], "k_pid_vsp": [8750.535699854292, 6080.196720324224, 8307.666846333797]}, "datetime": {"datetime": "2025-08-08 16:59:18", "elapsed": 589.5713908672333, "delta": 30.430644035339355}, "costs": {"total_cost": 6510.52919133123, "time_cost": 150, "final_distance_cost": 1159.31837508243, "oscillation_cost": 614.9561946061959, "completition_cost": 1000.0, "overshoot_cost": 3408.315185545143, "power_cost": 56.82805157470703, "noise_cost": 121.11138452275466, "n_waypoints_completed": 0, "tot_waypoints": 9}}
{"target": -1447.2336090216202, "params": {"k_pid_pos": [9336.595917546965, 0.0, 10000.0], "k_pid_alt": [10000.0, 10000.0, 10000.0], "k_pid_att": [10000.0, 5905.6526118057645, 4833.539625316586], "k_pid_yaw": [0.5, 1e-06, 0.1], "k_pid_hsp": [0.0, 0.0, 0.0], "k_pid_vsp": [0.0, 0.0, 10000.0]}, "datetime": {"datetime": "2025-08-08 16:59:50", "elapsed": 622.4104881286621, "delta": 32.83909726142883}, "costs": {"total_cost": 1447.2336090216202, "time_cost": 150, "final_distance_cost": 10.874955840053898, "oscillation_cost": 0.0, "completition_cost": 1000.0, "overshoot_cost": 166.4099510673916, "power_cost": 29.932059130859376, "noise_cost": 90.01664298331532, "n_waypoints_completed": 0, "tot_waypoints": 9}}
{"target": -1447.2336090216202, "params": {"k_pid_pos": [9957.231844988624, 0.0, 5252.872989167698], "k_pid_alt": [10000.0, 10000.0, 10000.0], "k_pid_att": [10000.0, 8812.50384742447, 4862.168738684679], "k_pid_yaw": [0.5, 1e-06, 0.1], "k_pid_hsp": [0.0, 0.0, 0.0], "k_pid_vsp": [0.0, 0.0, 10000.0]}, "datetime": {"datetime": "2025-08-08 17:00:23", "elapsed": 654.8658735752106, "delta": 32.45538544654846}, "costs": {"total_cost": 1447.2336090216202, "time_cost": 150, "final_distance_cost": 10.874955840053898, "oscillation_cost": 0.0, "completition_cost": 1000.0, "overshoot_cost": 166.4099510673916, "power_cost": 29.932059130859376, "noise_cost": 90.01664298331532, "n_waypoints_completed": 0, "tot_waypoints": 9}}
{"target": -3369.504491252687, "params": {"k_pid_pos": [2100.163446386266, 6626.681507025078, 8125.583577970627], "k_pid_alt": [5084.316838385867, 1582.6599826523834, 7387.051738740409], "k_pid_att": [42.60916542933146, 3359.358695468305, 8392.08435997461], "k_pid_yaw": [0.5, 1e-06, 0.1], "k_pid_hsp": [273.3773719618282, 7607.726328570672, 7902.839226242932], "k_pid_vsp": [6660.49545244956, 68.17085273521428, 5305.305524251425]}, "datetime": {"datetime": "2025-08-08 17:00:55", "elapsed": 686.6886670589447, "delta": 31.82279348373413}, "costs": {"total_cost": 3369.504491252687, "time_cost": 150, "final_distance_cost": 301.2604281260516, "oscillation_cost": 566.2756068142679, "completition_cost": 1000.0, "overshoot_cost": 1159.2838522172838, "power_cost": 58.06404411621094, "noise_cost": 134.6205599788727, "n_waypoints_completed": 0, "tot_waypoints": 9}}
{"target": -1447.2336090216202, "params": {"k_pid_pos": [10000.0, 0.0, 8640.879133526729], "k_pid_alt": [10000.0, 10000.0, 5022.61361722674], "k_pid_att": [10000.0, 8861.809389102875, 4810.001289568185], "k_pid_yaw": [0.5, 1e-06, 0.1], "k_pid_hsp": [0.0, 0.0, 0.0], "k_pid_vsp": [0.0, 0.0, 10000.0]}, "datetime": {"datetime": "2025-08-08 17:01:28", "elapsed": 719.7309365272522, "delta": 33.042269468307495}, "costs": {"total_cost": 1447.2336090216202, "time_cost": 150, "final_distance_cost": 10.874955840053898, "oscillation_cost": 0.0, "completition_cost": 1000.0, "overshoot_cost": 166.4099510673916, "power_cost": 29.932059130859376, "noise_cost": 90.01664298331532, "n_waypoints_completed": 0, "tot_waypoints": 9}}
{"target": -1447.2336090216202, "params": {"k_pid_pos": [10000.0, 0.0, 8640.155201509184], "k_pid_alt": [4642.51186275651, 10000.0, 8557.045277870899], "k_pid_att": [10000.0, 8823.367869046946, 4774.815366798822], "k_pid_yaw": [0.5, 1e-06, 0.1], "k_pid_hsp": [0.0, 0.0, 0.0], "k_pid_vsp": [0.0, 0.0, 10000.0]}, "datetime": {"datetime": "2025-08-08 17:02:01", "elapsed": 753.0623989105225, "delta": 33.331462383270264}, "costs": {"total_cost": 1447.2336090216202, "time_cost": 150, "final_distance_cost": 10.874955840053898, "oscillation_cost": 0.0, "completition_cost": 1000.0, "overshoot_cost": 166.4099510673916, "power_cost": 29.932059130859376, "noise_cost": 90.01664298331532, "n_waypoints_completed": 0, "tot_waypoints": 9}}
{"target": -4277.3212289730645, "params": {"k_pid_pos": [1095.9885886592747, 853.6296122036168, 1213.809228475997], "k_pid_alt": [944.4788599603415, 5140.499174458152, 4512.838662348174], "k_pid_att": [5792.571660564003, 8647.699754362424, 2598.5607104748933], "k_pid_yaw": [0.5, 1e-06, 0.1], "k_pid_hsp": [5001.899905649868, 3460.098202894012, 5458.416500566253], "k_pid_vsp": [7527.662778272935, 2747.333655260621, 323.0180186807696]}, "datetime": {"datetime": "2025-08-08 17:02:33", "elapsed": 784.6041023731232, "delta": 31.541703462600708}, "costs": {"total_cost": 4277.3212289730645, "time_cost": 150, "final_distance_cost": 759.4905993191436, "oscillation_cost": 531.8934825973611, "completition_cost": 1000.0, "overshoot_cost": 1676.2332654936763, "power_cost": 57.56444549560547, "noise_cost": 102.1394360672775, "n_waypoints_completed": 0, "tot_waypoints": 9}}
{"target": -1447.2336090216202, "params": {"k_pid_pos": [10000.0, 0.0, 8389.610013653102], "k_pid_alt": [8342.954315024532, 10000.0, 8238.333247191087], "k_pid_att": [10000.0, 8398.812292583523, 4871.436263110958], "k_pid_yaw": [0.5, 1e-06, 0.1], "k_pid_hsp": [0.0, 0.0, 0.0], "k_pid_vsp": [0.0, 5502.672295728673, 10000.0]}, "datetime": {"datetime": "2025-08-08 17:03:06", "elapsed": 817.8375318050385, "delta": 33.23342943191528}, "costs": {"total_cost": 1447.2336090216202, "time_cost": 150, "final_distance_cost": 10.874955840053898, "oscillation_cost": 0.0, "completition_cost": 1000.0, "overshoot_cost": 166.4099510673916, "power_cost": 29.932059130859376, "noise_cost": 90.01664298331532, "n_waypoints_completed": 0, "tot_waypoints": 9}}
{"target": -8790.144873600422, "params": {"k_pid_pos": [0.0, 3092.2002341347784, 10000.0], "k_pid_alt": [2601.7710110567878, 0.0, 10000.0], "k_pid_att": [0.0, 0.0, 10000.0], "k_pid_yaw": [0.5, 1e-06, 0.1], "k_pid_hsp": [0.0, 10000.0, 10000.0], "k_pid_vsp": [10000.0, 0.0, 10000.0]}, "datetime": {"datetime": "2025-08-08 17:03:38", "elapsed": 850.1178197860718, "delta": 32.280287981033325}, "costs": {"total_cost": 8790.144873600422, "time_cost": 150, "final_distance_cost": 2351.2987329846205, "oscillation_cost": 23.210581703356457, "completition_cost": 1000.0, "overshoot_cost": 5202.544839502268, "power_cost": 35.290735595703126, "noise_cost": 27.79998381447309, "n_waypoints_completed": 0, "tot_waypoints": 9}}
{"target": -3394.6195068018064, "params": {"k_pid_pos": [2415.7485782706344, 2775.0206923596133, 6995.616318895638], "k_pid_alt": [6669.460709309289, 4679.266863642818, 166.60485079392885], "k_pid_att": [9843.003509464841, 3528.888508535679, 5121.725927180987], "k_pid_yaw": [0.5, 1e-06, 0.1], "k_pid_hsp": [9842.797470569762, 9352.833120922896, 1720.7286502570284], "k_pid_vsp": [8967.83828497745, 162.4293471705496, 4645.113499713929]}, "datetime": {"datetime": "2025-08-08 17:04:09", "elapsed": 881.2578775882721, "delta": 31.140057802200317}, "costs": {"total_cost": 3394.6195068018064, "time_cost": 150, "final_distance_cost": 593.925556541854, "oscillation_cost": 657.1265313390226, "completition_cost": 1000.0, "overshoot_cost": 812.8493682241666, "power_cost": 57.99982701416016, "noise_cost": 122.71822368260344, "n_waypoints_completed": 0, "tot_waypoints": 9}}
