{"target": -13416.805261926074, "params": {"k_pid_pos": [6527.363996385163, 2748.811087362231, 3934.6714997801523], "k_pid_alt": [5448.807272428427, 801.6239214257981, 4807.589695133875], "k_pid_att": [2775.808317868631, 2406.5081051523007, 6004.6881029171], "k_pid_yaw": [0.5, 1e-06, 0.1], "k_pid_hsp": [3271.43724549808, 9706.356984376602, 6679.804055576635], "k_pid_vsp": [4158.804648150402, 7618.754271145848, 4217.866468731899]}, "datetime": {"datetime": "2025-08-09 06:00:12", "elapsed": 47444.36134433746, "delta": 32.96786451339722}, "costs": {"total_cost": 13416.805261926074, "time_cost": 150, "final_distance_cost": 3635.98151981265, "oscillation_cost": 788.1631863504499, "completition_cost": 1000.0, "overshoot_cost": 7641.192626607054, "power_cost": 58.58723548583985, "noise_cost": 142.88069367007978, "n_waypoints_completed": 0, "tot_waypoints": 9}}
{"target": -5434.463197018182, "params": {"k_pid_pos": [6320.0094997145625, 5801.9624275907045, 6868.6334181703505], "k_pid_alt": [4015.149112169152, 6501.692803038356, 5617.006991467068], "k_pid_att": [989.9949764848915, 2061.4895098461407, 2857.899759219199], "k_pid_yaw": [0.5, 1e-06, 0.1], "k_pid_hsp": [3531.6843959317657, 7127.986778204981, 3511.6038071743305], "k_pid_vsp": [7175.3898817958125, 8852.21632647198, 6693.5625237929335]}, "datetime": {"datetime": "2025-08-09 06:00:45", "elapsed": 47477.50770044327, "delta": 33.14635610580444}, "costs": {"total_cost": 5434.463197018182, "time_cost": 150, "final_distance_cost": 777.9756180581467, "oscillation_cost": 1037.6999488958231, "completition_cost": 1000.0, "overshoot_cost": 2268.668067498058, "power_cost": 58.58759514160157, "noise_cost": 141.5319674245524, "n_waypoints_completed": 0, "tot_waypoints": 9}}
{"target": -4898.420799025661, "params": {"k_pid_pos": [9526.62673228979, 8739.755282392858, 1616.3477392394843], "k_pid_alt": [8022.20061450708, 5299.522263272635, 9597.185176280038], "k_pid_att": [6758.425402819813, 3379.0793196520053, 5083.868700536063], "k_pid_yaw": [0.5, 1e-06, 0.1], "k_pid_hsp": [3974.370017536226, 5915.4147809155675, 3518.293001717161], "k_pid_vsp": [3317.853084869232, 8975.639685385333, 9118.901375833982]}, "datetime": {"datetime": "2025-08-09 06:01:19", "elapsed": 47510.95135354996, "delta": 33.44365310668945}, "costs": {"total_cost": 4898.420799025661, "time_cost": 150, "final_distance_cost": 971.3484510522977, "oscillation_cost": 210.20748601444706, "completition_cost": 1000.0, "overshoot_cost": 2477.031734795795, "power_cost": 42.535116040039064, "noise_cost": 47.29801112308311, "n_waypoints_completed": 0, "tot_waypoints": 9}}
{"target": -2188.9463316194315, "params": {"k_pid_pos": [5874.0798392937995, 5998.897032677384, 5658.673382566689], "k_pid_alt": [6500.008362103679, 10000.0, 6602.6356622210305], "k_pid_att": [6081.549514899524, 4170.655114197119, 0.0], "k_pid_yaw": [0.5, 1e-06, 0.1], "k_pid_hsp": [6048.0678116637855, 4004.619115944912, 6017.062108348758], "k_pid_vsp": [881.6488695387069, 0.0, 4055.6621110905708]}, "datetime": {"datetime": "2025-08-09 06:02:04", "elapsed": 47556.25851392746, "delta": 45.30716037750244}, "costs": {"total_cost": 2188.9463316194315, "time_cost": 150, "final_distance_cost": 154.8207901998773, "oscillation_cost": 471.9878597560297, "completition_cost": 1000.0, "overshoot_cost": 344.8551450674118, "power_cost": 38.13651534423828, "noise_cost": 29.1460212518741, "n_waypoints_completed": 0, "tot_waypoints": 9}}
{"target": -6671.972832543699, "params": {"k_pid_pos": [1476.368678169334, 271.782824420731, 24.9236908048156], "k_pid_alt": [9167.129164619517, 2532.0320116445873, 6282.99541044469], "k_pid_att": [2852.9574497287035, 2828.5434939622965, 8404.541998469806], "k_pid_yaw": [0.5, 1e-06, 0.1], "k_pid_hsp": [7693.821502909574, 31.215091349972024, 4494.916512642332], "k_pid_vsp": [6431.2886540350855, 3606.867178579797, 8897.500997782578]}, "datetime": {"datetime": "2025-08-09 06:02:38", "elapsed": 47590.063688993454, "delta": 33.80517506599426}, "costs": {"total_cost": 6671.972832543699, "time_cost": 150, "final_distance_cost": 1703.5837137090632, "oscillation_cost": 380.5039489183594, "completition_cost": 1000.0, "overshoot_cost": 3321.833421504676, "power_cost": 46.938838427734375, "noise_cost": 69.11290998386586, "n_waypoints_completed": 0, "tot_waypoints": 9}}
{"target": -2531.331613692698, "params": {"k_pid_pos": [5631.479605416749, 3056.1721686883157, 4329.1035638955655], "k_pid_alt": [7015.1112986467115, 4476.797825774812, 6732.3129219165685], "k_pid_att": [3689.075182741397, 7460.967296781405, 1750.9871070393635], "k_pid_yaw": [0.5, 1e-06, 0.1], "k_pid_hsp": [1081.5429954585231, 1468.9832589152397, 3028.1226032852383], "k_pid_vsp": [6793.259719257609, 5430.4554982242735, 9193.328602414425]}, "datetime": {"datetime": "2025-08-09 06:03:11", "elapsed": 47622.97593355179, "delta": 32.91224455833435}, "costs": {"total_cost": 2531.331613692698, "time_cost": 150, "final_distance_cost": 69.87519389869685, "oscillation_cost": 577.8948202249871, "completition_cost": 1000.0, "overshoot_cost": 557.8499723476123, "power_cost": 56.42459598388672, "noise_cost": 119.28703123751463, "n_waypoints_completed": 0, "tot_waypoints": 9}}
{"target": -6910.301339219278, "params": {"k_pid_pos": [7996.987530048206, 4282.5046629614835, 7032.551808118539], "k_pid_alt": [2766.9491004852675, 1213.6985833356161, 8015.848362662466], "k_pid_att": [1872.9569797530744, 9308.65338201578, 1770.1811691827684], "k_pid_yaw": [0.5, 1e-06, 0.1], "k_pid_hsp": [9953.427175306822, 9516.007552143077, 1015.0458863501755], "k_pid_vsp": [2231.470473609938, 5154.167762029874, 718.1540723103552]}, "datetime": {"datetime": "2025-08-09 06:03:45", "elapsed": 47656.538571596146, "delta": 33.5626380443573}, "costs": {"total_cost": 6910.301339219278, "time_cost": 150, "final_distance_cost": 517.9587223474896, "oscillation_cost": 1625.2613658785456, "completition_cost": 1000.0, "overshoot_cost": 3414.1305378222496, "power_cost": 58.65678208007813, "noise_cost": 144.2939310909154, "n_waypoints_completed": 0, "tot_waypoints": 9}}
{"target": -1807.0499506266988, "params": {"k_pid_pos": [3367.183861520574, 6958.506270579411, 3203.9723428612497], "k_pid_alt": [4971.23619833673, 7141.961735886657, 6420.92138033099], "k_pid_att": [2713.888847819905, 3861.9823357003634, 23.99788890001475], "k_pid_yaw": [0.5, 1e-06, 0.1], "k_pid_hsp": [9789.382407165009, 218.36831397293645, 6476.962442540684], "k_pid_vsp": [3047.707419416579, 2137.300259543866, 9030.851229563588]}, "datetime": {"datetime": "2025-08-09 06:04:17", "elapsed": 47689.0602042675, "delta": 32.5216326713562}, "costs": {"total_cost": 1807.0499506266988, "time_cost": 150, "final_distance_cost": 43.710633262082375, "oscillation_cost": 435.31955966041465, "completition_cost": 1000.0, "overshoot_cost": 111.70564318339017, "power_cost": 37.46176120605469, "noise_cost": 28.852353314756908, "n_waypoints_completed": 0, "tot_waypoints": 9}}
{"target": -8482.34611580951, "params": {"k_pid_pos": [7289.060858597762, 4404.715413299583, 8866.618955139806], "k_pid_alt": [7267.591647228233, 23.672737065298932, 2207.0761720706846], "k_pid_att": [3661.8099868444065, 671.9810149826067, 3949.386113517459], "k_pid_yaw": [0.5, 1e-06, 0.1], "k_pid_hsp": [8750.384959852741, 8421.155986491474, 348.81883624752754], "k_pid_vsp": [8253.7942097667, 9805.916547760566, 7913.278493953885]}, "datetime": {"datetime": "2025-08-09 06:04:49", "elapsed": 47721.387872457504, "delta": 32.32766819000244}, "costs": {"total_cost": 8482.34611580951, "time_cost": 150, "final_distance_cost": 1445.532963697494, "oscillation_cost": 795.7771818105255, "completition_cost": 1000.0, "overshoot_cost": 4898.718922335157, "power_cost": 58.62228764648438, "noise_cost": 133.6947603198488, "n_waypoints_completed": 0, "tot_waypoints": 9}}
{"target": -2248.414867196818, "params": {"k_pid_pos": [4871.678168843823, 0.0, 3642.6507917371487], "k_pid_alt": [8368.93520191719, 3658.0535594940443, 5421.679768174119], "k_pid_att": [5521.215756116897, 4046.579358997465, 0.0], "k_pid_yaw": [0.5, 1e-06, 0.1], "k_pid_hsp": [0.0, 0.0, 4055.2883656700005], "k_pid_vsp": [4572.596280845832, 6039.2124397528905, 10000.0]}, "datetime": {"datetime": "2025-08-09 06:05:39", "elapsed": 47771.498044490814, "delta": 50.11017203330994}, "costs": {"total_cost": 2248.414867196818, "time_cost": 150, "final_distance_cost": 90.67594419254984, "oscillation_cost": 818.7509421419863, "completition_cost": 1000.0, "overshoot_cost": 125.09096452567421, "power_cost": 35.93628846435547, "noise_cost": 27.960727872251937, "n_waypoints_completed": 0, "tot_waypoints": 9}}
{"target": -1154.1198579505992, "params": {"k_pid_pos": [10000.0, 10000.0, 3946.992882469764], "k_pid_alt": [10000.0, 0.0, 0.0], "k_pid_att": [10000.0, 6558.524630233121, 0.0], "k_pid_yaw": [0.5, 1e-06, 0.1], "k_pid_hsp": [2615.3631990516633, 5964.06381813175, 0.0], "k_pid_vsp": [5272.486532028872, 0.0, 6741.5255192330305]}, "datetime": {"datetime": "2025-08-09 06:06:28", "elapsed": 47820.1377954483, "delta": 48.639750957489014}, "costs": {"total_cost": 1154.1198579505992, "time_cost": 150, "final_distance_cost": 49.98767148789947, "oscillation_cost": 253.66613125930837, "completition_cost": 555.5555555555555, "overshoot_cost": 71.9945550647319, "power_cost": 43.56179523925781, "noise_cost": 29.35414934384617, "n_waypoints_completed": 4, "tot_waypoints": 9}}
{"target": -7105.868038281417, "params": {"k_pid_pos": [9551.408881617537, 9456.359709862336, 3158.7813256465524], "k_pid_alt": [2476.6604396140324, 8664.707199910292, 7967.297453975001], "k_pid_att": [233.3023941692436, 6803.231968973048, 869.5756837707625], "k_pid_yaw": [0.5, 1e-06, 0.1], "k_pid_hsp": [284.29070890334526, 5043.050315026263, 9225.195609454679], "k_pid_vsp": [3088.0921384361327, 9173.925196420625, 73.49623011151385]}, "datetime": {"datetime": "2025-08-09 06:07:01", "elapsed": 47853.520847797394, "delta": 33.383052349090576}, "costs": {"total_cost": 7105.868038281417, "time_cost": 150, "final_distance_cost": 1173.288930412485, "oscillation_cost": 1712.1583266700284, "completition_cost": 1000.0, "overshoot_cost": 2867.1948367539317, "power_cost": 58.655612695312506, "noise_cost": 144.5703317496596, "n_waypoints_completed": 0, "tot_waypoints": 9}}
{"target": -2015.472798275315, "params": {"k_pid_pos": [1987.0750842784128, 7378.729516241494, 6584.931882544327], "k_pid_alt": [5637.178800229463, 10000.0, 3862.0860757228743], "k_pid_att": [8555.245752157689, 8598.93932577413, 0.0], "k_pid_yaw": [0.5, 1e-06, 0.1], "k_pid_hsp": [10000.0, 3743.213481325446, 7716.763999886148], "k_pid_vsp": [10000.0, 7557.487685145724, 4078.5502959306236]}, "datetime": {"datetime": "2025-08-09 06:07:49", "elapsed": 47900.88247036934, "delta": 47.36162257194519}, "costs": {"total_cost": 2015.472798275315, "time_cost": 150, "final_distance_cost": 90.81414492890698, "oscillation_cost": 693.6923863676574, "completition_cost": 888.8888888888888, "overshoot_cost": 127.98253305718376, "power_cost": 36.15890206298828, "noise_cost": 27.93594296968995, "n_waypoints_completed": 1, "tot_waypoints": 9}}
{"target": -2837.340665994255, "params": {"k_pid_pos": [6842.689660951636, 3230.814428696817, 5566.856216152237], "k_pid_alt": [3778.3279931244974, 520.630465201466, 345.7325033901326], "k_pid_att": [5473.557066085332, 9457.902792624142, 4411.824462936379], "k_pid_yaw": [0.5, 1e-06, 0.1], "k_pid_hsp": [7635.669208938069, 5351.973210943829, 7610.42121849086], "k_pid_vsp": [1166.440165851098, 4232.871445619948, 6747.254677152164]}, "datetime": {"datetime": "2025-08-09 06:08:23", "elapsed": 47934.53374028206, "delta": 33.65126991271973}, "costs": {"total_cost": 2837.340665994255, "time_cost": 150, "final_distance_cost": 262.1861550619591, "oscillation_cost": 643.5565436504799, "completition_cost": 1000.0, "overshoot_cost": 629.0482850999521, "power_cost": 52.98684927978516, "noise_cost": 99.56283290207882, "n_waypoints_completed": 0, "tot_waypoints": 9}}
{"target": -3541.962434508989, "params": {"k_pid_pos": [6604.14950034199, 3654.504189297408, 8634.948378561014], "k_pid_alt": [6824.800832294908, 5231.567012762759, 1987.2612979684302], "k_pid_att": [8933.712643945106, 6506.419443103852, 3329.732602354426], "k_pid_yaw": [0.5, 1e-06, 0.1], "k_pid_hsp": [3627.649331244792, 9461.541317111141, 7495.367624912225], "k_pid_vsp": [756.7058233579583, 8181.109198535275, 3553.1818844919917]}, "datetime": {"datetime": "2025-08-09 06:08:56", "elapsed": 47967.568355321884, "delta": 33.03461503982544}, "costs": {"total_cost": 3541.962434508989, "time_cost": 150, "final_distance_cost": 573.7238829258642, "oscillation_cost": 62.06221641167923, "completition_cost": 1000.0, "overshoot_cost": 1693.254918418419, "power_cost": 35.17639196777344, "noise_cost": 27.745024785253293, "n_waypoints_completed": 0, "tot_waypoints": 9}}
{"target": -5251.627478577762, "params": {"k_pid_pos": [114.51707580191317, 7894.9979847907925, 5166.529520336013], "k_pid_alt": [4961.482783213006, 4075.412989906365, 4810.42443073971], "k_pid_att": [7947.475348027298, 4524.7197741116015, 5772.52301052119], "k_pid_yaw": [0.5, 1e-06, 0.1], "k_pid_hsp": [4277.818752411196, 3231.407831262781, 5613.213698568874], "k_pid_vsp": [9123.952330680264, 7024.30619569234, 4542.458239658411]}, "datetime": {"datetime": "2025-08-09 06:09:28", "elapsed": 48000.39156079292, "delta": 32.82320547103882}, "costs": {"total_cost": 5251.627478577762, "time_cost": 150, "final_distance_cost": 842.6124310660873, "oscillation_cost": 706.727057370559, "completition_cost": 1000.0, "overshoot_cost": 2353.9780972844715, "power_cost": 58.672655786132815, "noise_cost": 139.63723707051233, "n_waypoints_completed": 0, "tot_waypoints": 9}}
{"target": -1398.0461235617877, "params": {"k_pid_pos": [5659.746140265209, 4860.692773021503, 6353.904634400207], "k_pid_alt": [4410.875424991526, 6437.285138368149, 9792.809318186735], "k_pid_att": [6112.653955510847, 2110.701195780249, 0.0], "k_pid_yaw": [0.5, 1e-06, 0.1], "k_pid_hsp": [3231.932910268012, 9063.942105425958, 0.0], "k_pid_vsp": [6049.021741602157, 8744.61678073975, 5726.068769384483]}, "datetime": {"datetime": "2025-08-09 06:10:15", "elapsed": 48046.80223751068, "delta": 46.41067671775818}, "costs": {"total_cost": 1398.0461235617877, "time_cost": 150, "final_distance_cost": 49.717112930055315, "oscillation_cost": 608.5736211597558, "completition_cost": 444.4444444444444, "overshoot_cost": 76.46361637835966, "power_cost": 40.227878369140626, "noise_cost": 28.61945028003192, "n_waypoints_completed": 5, "tot_waypoints": 9}}
{"target": -4134.850048877316, "params": {"k_pid_pos": [5648.219056580052, 4787.131746375837, 9425.49994120395], "k_pid_alt": [8750.504687955252, 7259.427686133876, 8227.47353142227], "k_pid_att": [6986.3693056313305, 6874.20860457364, 1159.9093508761316], "k_pid_yaw": [0.5, 1e-06, 0.1], "k_pid_hsp": [3381.2996677712626, 1218.1313060356701, 8359.451715956398], "k_pid_vsp": [6852.126598834475, 2034.5872614564653, 4298.754663451137]}, "datetime": {"datetime": "2025-08-09 06:10:48", "elapsed": 48080.181250333786, "delta": 33.37901282310486}, "costs": {"total_cost": 4134.850048877316, "time_cost": 150, "final_distance_cost": 902.9992797862558, "oscillation_cost": 131.4481958437884, "completition_cost": 1000.0, "overshoot_cost": 1887.1983219664041, "power_cost": 35.34354609375, "noise_cost": 27.860705187117308, "n_waypoints_completed": 0, "tot_waypoints": 9}}
{"target": -1088.2763527607697, "params": {"k_pid_pos": [9094.899150461843, 5577.189383058448, 1738.2864779061713], "k_pid_alt": [4386.990969059558, 754.1819985739273, 9740.987260479917], "k_pid_att": [8817.0577112704, 7166.549703952125, 273.96663978644597], "k_pid_yaw": [0.5, 1e-06, 0.1], "k_pid_hsp": [5663.478267079486, 7777.962236293902, 3483.3163362402875], "k_pid_vsp": [2233.0822348005963, 9310.218323017694, 6849.518259435396]}, "datetime": {"datetime": "2025-08-09 06:11:21", "elapsed": 48112.789575099945, "delta": 32.60832476615906}, "costs": {"total_cost": 1088.2763527607697, "time_cost": 150, "final_distance_cost": 56.1563497188553, "oscillation_cost": 164.30516967439098, "completition_cost": 555.5555555555555, "overshoot_cost": 92.60650270639472, "power_cost": 40.756135693359376, "noise_cost": 28.896639412213656, "n_waypoints_completed": 4, "tot_waypoints": 9}}
{"target": -20664.383758234122, "params": {"k_pid_pos": [994.1022159410995, 9799.972087383063, 6479.168820557029], "k_pid_alt": [2064.115720489791, 9262.656391022929, 6505.431592272563], "k_pid_att": [1241.9265991867678, 4977.368035060515, 7065.148423750967], "k_pid_yaw": [0.5, 1e-06, 0.1], "k_pid_hsp": [4408.239229859341, 7447.1208830069445, 9589.143573804642], "k_pid_vsp": [4564.567434469173, 9175.26941744144, 1668.9860095673193]}, "datetime": {"datetime": "2025-08-09 06:11:54", "elapsed": 48145.74954509735, "delta": 32.959969997406006}, "costs": {"total_cost": 20664.383758234122, "time_cost": 150, "final_distance_cost": 5746.790713855725, "oscillation_cost": 814.5943927184272, "completition_cost": 1000.0, "overshoot_cost": 12750.992592281485, "power_cost": 58.65576569824219, "noise_cost": 143.35029368024473, "n_waypoints_completed": 0, "tot_waypoints": 9}}
{"target": -6469.8234877449695, "params": {"k_pid_pos": [5569.491343316792, 9214.409477513116, 7327.043067193222], "k_pid_alt": [9390.816462608303, 6026.713722999933, 5957.488881802039], "k_pid_att": [2816.8934523852618, 2442.3031020478916, 5533.9699751746475], "k_pid_yaw": [0.5, 1e-06, 0.1], "k_pid_hsp": [3769.0070234506325, 7687.254439346474, 5732.629208388353], "k_pid_vsp": [5273.151328070788, 2346.470977838565, 1244.0867221111907]}, "datetime": {"datetime": "2025-08-09 06:12:29", "elapsed": 48180.74049115181, "delta": 34.99094605445862}, "costs": {"total_cost": 6469.8234877449695, "time_cost": 150, "final_distance_cost": 1458.263725351707, "oscillation_cost": 753.7648435970411, "completition_cost": 1000.0, "overshoot_cost": 2911.025323346507, "power_cost": 58.62985303955078, "noise_cost": 138.1397424101645, "n_waypoints_completed": 0, "tot_waypoints": 9}}
{"target": -1376.3602583491156, "params": {"k_pid_pos": [10000.0, 5510.5800538775, 5371.204647580288], "k_pid_alt": [2453.7737559779525, 0.0, 0.0], "k_pid_att": [8427.862557921964, 9002.830813916828, 0.0], "k_pid_yaw": [0.5, 1e-06, 0.1], "k_pid_hsp": [6849.101272164836, 4858.06112478435, 5924.122821965186], "k_pid_vsp": [4074.8101733130507, 4655.75461835383, 8623.252308551744]}, "datetime": {"datetime": "2025-08-09 06:13:15", "elapsed": 48226.7058699131, "delta": 45.965378761291504}, "costs": {"total_cost": 1376.3602583491156, "time_cost": 150, "final_distance_cost": 42.400082523500544, "oscillation_cost": 354.3539328875459, "completition_cost": 666.6666666666667, "overshoot_cost": 94.75882463745639, "power_cost": 39.43946884765625, "noise_cost": 28.741282786290014, "n_waypoints_completed": 3, "tot_waypoints": 9}}
{"target": -3141.021561416149, "params": {"k_pid_pos": [619.3144205560885, 1502.6680198850518, 2038.2978288792353], "k_pid_alt": [6094.58381944911, 968.5037408490826, 1738.9002673663522], "k_pid_att": [2041.7076929206457, 1112.7761659210312, 2066.413456327976], "k_pid_yaw": [0.5, 1e-06, 0.1], "k_pid_hsp": [7085.867739490122, 3355.3496126229866, 1552.2107222816794], "k_pid_vsp": [3455.1845275039273, 2158.4972219448373, 9810.303053296884]}, "datetime": {"datetime": "2025-08-09 06:13:48", "elapsed": 48260.0168735981, "delta": 33.31100368499756}, "costs": {"total_cost": 3141.021561416149, "time_cost": 150, "final_distance_cost": 417.7539304930041, "oscillation_cost": 471.44799636566415, "completition_cost": 1000.0, "overshoot_cost": 963.2996011649535, "power_cost": 49.37193728027344, "noise_cost": 89.14809611225371, "n_waypoints_completed": 0, "tot_waypoints": 9}}
{"target": -4156.640864956312, "params": {"k_pid_pos": [9220.804096506838, 5941.077971557352, 5200.417288802758], "k_pid_alt": [8019.624917449339, 7984.464854361023, 3829.2296258565284], "k_pid_att": [9396.193710995904, 2139.3081133039136, 4090.0365436375587], "k_pid_yaw": [0.5, 1e-06, 0.1], "k_pid_hsp": [4234.437539741713, 5444.27911206269, 1405.8481543088096], "k_pid_vsp": [3326.4101508434483, 6646.987221344919, 2566.410329656986]}, "datetime": {"datetime": "2025-08-09 06:14:21", "elapsed": 48293.33965373039, "delta": 33.3227801322937}, "costs": {"total_cost": 4156.640864956312, "time_cost": 150, "final_distance_cost": 650.3056441858068, "oscillation_cost": 567.2741467955466, "completition_cost": 1000.0, "overshoot_cost": 1638.9450572289436, "power_cost": 56.69034664306641, "noise_cost": 93.42567010294887, "n_waypoints_completed": 0, "tot_waypoints": 9}}
{"target": -2532.7703832693583, "params": {"k_pid_pos": [4798.1516736777785, 9794.191410802929, 1123.3828115518763], "k_pid_alt": [9706.159038411588, 6287.525216011334, 7456.372599931382], "k_pid_att": [1357.509814269422, 4706.886280511364, 253.2949047563038], "k_pid_yaw": [0.5, 1e-06, 0.1], "k_pid_hsp": [2701.344997118477, 3232.6385314221106, 4147.558419885654], "k_pid_vsp": [9978.014235289025, 9411.885376856122, 1944.293058330564]}, "datetime": {"datetime": "2025-08-09 06:14:54", "elapsed": 48326.16520643234, "delta": 32.82555270195007}, "costs": {"total_cost": 2532.7703832693583, "time_cost": 150, "final_distance_cost": 319.03665243734065, "oscillation_cost": 369.5691316061356, "completition_cost": 1000.0, "overshoot_cost": 630.3135293200935, "power_cost": 35.891205249023436, "noise_cost": 27.95986465676462, "n_waypoints_completed": 0, "tot_waypoints": 9}}
