{"target": -1991.9116979871706, "params": {"k_pid_pos": [2500.4991436883465, 477.314489709132, 0.0], "k_pid_alt": [7794.309098013372, 1018.6660180259383, 5077.729149612222], "k_pid_att": [10000.0, 5255.8117396742655, 0.0], "k_pid_yaw": [0.5, 1e-06, 0.1], "k_pid_hsp": [1902.3555430683948, 3831.0522502159006, 5817.816122568537], "k_pid_vsp": [8799.317347999813, 1786.4306955655911, 74.6446053531321]}, "datetime": {"datetime": "2025-08-09 02:18:35", "elapsed": 34146.96640205383, "delta": 38.82469201087952}, "costs": {"total_cost": 1991.9116979871706, "time_cost": 150, "final_distance_cost": 129.94664895473574, "oscillation_cost": 783.2312049893442, "completition_cost": 777.7777777777778, "overshoot_cost": 86.7569961674789, "power_cost": 36.36557542724609, "noise_cost": 27.833494670587697, "n_waypoints_completed": 2, "tot_waypoints": 9}}
{"target": -3523.3264996288567, "params": {"k_pid_pos": [900.1841770323927, 6583.555645729202, 600.0690858065849], "k_pid_alt": [6438.97626664187, 8995.417108913356, 6006.765659572846], "k_pid_att": [9513.034323027267, 2337.260256474215, 1288.4571886738472], "k_pid_yaw": [0.5, 1e-06, 0.1], "k_pid_hsp": [9008.415100245249, 553.9388304030324, 7988.647498936293], "k_pid_vsp": [8465.283224795261, 9651.122100516313, 543.640306329477]}, "datetime": {"datetime": "2025-08-09 02:19:06", "elapsed": 34178.38525104523, "delta": 31.418848991394043}, "costs": {"total_cost": 3523.3264996288567, "time_cost": 150, "final_distance_cost": 742.7171978974815, "oscillation_cost": 89.95062523174671, "completition_cost": 1000.0, "overshoot_cost": 1477.1812366791407, "power_cost": 35.510533203125, "noise_cost": 27.966906617362817, "n_waypoints_completed": 0, "tot_waypoints": 9}}
{"target": -2173.070088257585, "params": {"k_pid_pos": [0.0, 0.0, 3763.443069409257], "k_pid_alt": [8317.463493225348, 0.0, 10000.0], "k_pid_att": [10000.0, 3273.461037796852, 0.0], "k_pid_yaw": [0.5, 1e-06, 0.1], "k_pid_hsp": [5711.692666155909, 5895.69495491651, 3770.2164789040608], "k_pid_vsp": [2820.7618771817997, 9779.71108636944, 7590.82499479421]}, "datetime": {"datetime": "2025-08-09 02:19:46", "elapsed": 34218.45039868355, "delta": 40.06514763832092}, "costs": {"total_cost": 2173.070088257585, "time_cost": 150, "final_distance_cost": 46.496028991942985, "oscillation_cost": 791.6792733984541, "completition_cost": 1000.0, "overshoot_cost": 120.69614166913803, "power_cost": 36.16955772705078, "noise_cost": 28.029086470999417, "n_waypoints_completed": 0, "tot_waypoints": 9}}
{"target": -3555.007507938851, "params": {"k_pid_pos": [6281.188755891575, 3181.2473110381047, 2225.9711665888617], "k_pid_alt": [9001.495589119504, 4626.855546591682, 9770.95434799591], "k_pid_att": [3358.3429767289276, 7081.096261489711, 1377.810318688154], "k_pid_yaw": [0.5, 1e-06, 0.1], "k_pid_hsp": [2425.109512823993, 7000.196455484239, 6936.936581982698], "k_pid_vsp": [2418.0190541572456, 6147.667551864757, 774.3301332798025]}, "datetime": {"datetime": "2025-08-09 02:20:18", "elapsed": 34250.17995905876, "delta": 31.729560375213623}, "costs": {"total_cost": 3555.007507938851, "time_cost": 150, "final_distance_cost": 304.37917006180663, "oscillation_cost": 521.7901630410215, "completition_cost": 1000.0, "overshoot_cost": 1422.9660464208278, "power_cost": 57.30118037109375, "noise_cost": 98.57094804410129, "n_waypoints_completed": 0, "tot_waypoints": 9}}
{"target": -13208.742846894536, "params": {"k_pid_pos": [396.2636220489224, 6777.03265661567, 398.0809608087854], "k_pid_alt": [1465.2439090921278, 7150.175655967368, 6012.994014543528], "k_pid_att": [2377.7311502103094, 5539.098829228126, 7052.548537212073], "k_pid_yaw": [0.5, 1e-06, 0.1], "k_pid_hsp": [4020.434170942925, 8623.413935969189, 4119.233872689179], "k_pid_vsp": [1452.8313157993011, 7277.582165958752, 6424.02229929926]}, "datetime": {"datetime": "2025-08-09 02:20:51", "elapsed": 34282.618174791336, "delta": 32.43821573257446}, "costs": {"total_cost": 13208.742846894536, "time_cost": 150, "final_distance_cost": 4285.069052114529, "oscillation_cost": 1213.2897304454245, "completition_cost": 1000.0, "overshoot_cost": 6394.615142923813, "power_cost": 53.5054791015625, "noise_cost": 112.26344230920726, "n_waypoints_completed": 0, "tot_waypoints": 9}}
{"target": -1408.475036937314, "params": {"k_pid_pos": [9663.925174158934, 2952.5661322980995, 0.0], "k_pid_alt": [6792.5750725453, 4769.953280315194, 10000.0], "k_pid_att": [8723.423357611142, 5423.02724058631, 0.0], "k_pid_yaw": [0.5, 1e-06, 0.1], "k_pid_hsp": [5528.839752363946, 7251.3420407713675, 4346.230292050825], "k_pid_vsp": [4705.876686554341, 7991.936796652789, 1281.6403142511697]}, "datetime": {"datetime": "2025-08-09 02:21:29", "elapsed": 34321.496101379395, "delta": 38.87792658805847}, "costs": {"total_cost": 1408.475036937314, "time_cost": 150, "final_distance_cost": 95.71599308269683, "oscillation_cost": 234.64021204749886, "completition_cost": 777.7777777777778, "overshoot_cost": 80.51172842110158, "power_cost": 41.09366423339844, "noise_cost": 28.73566137484047, "n_waypoints_completed": 2, "tot_waypoints": 9}}
{"target": -4045.5007631192793, "params": {"k_pid_pos": [1563.6715993567307, 8129.131006222167, 4297.9036797682775], "k_pid_alt": [4656.427346654135, 4291.867637192518, 8512.965500654964], "k_pid_att": [1323.2652667726497, 2988.7380352794844, 4005.4330851846853], "k_pid_yaw": [0.5, 1e-06, 0.1], "k_pid_hsp": [580.3384592067396, 9645.355522770085, 7160.711973825336], "k_pid_vsp": [6573.102651773505, 3207.471063499089, 1346.7596169691021]}, "datetime": {"datetime": "2025-08-09 02:22:01", "elapsed": 34353.224210977554, "delta": 31.72810959815979}, "costs": {"total_cost": 4045.5007631192793, "time_cost": 150, "final_distance_cost": 651.7046745902121, "oscillation_cost": 931.6611639049077, "completition_cost": 1000.0, "overshoot_cost": 1114.0302831611511, "power_cost": 58.61948751220704, "noise_cost": 139.48515395080156, "n_waypoints_completed": 0, "tot_waypoints": 9}}
{"target": -1026.707537105855, "params": {"k_pid_pos": [10000.0, 10000.0, 10000.0], "k_pid_alt": [9153.193817716528, 0.0, 5643.897591449786], "k_pid_att": [6154.144350440876, 0.0, 0.0], "k_pid_yaw": [0.5, 1e-06, 0.1], "k_pid_hsp": [10000.0, 10000.0, 7029.535139551538], "k_pid_vsp": [6078.390782508099, 0.0, 10000.0]}, "datetime": {"datetime": "2025-08-09 02:22:41", "elapsed": 34393.0921125412, "delta": 39.86790156364441}, "costs": {"total_cost": 1026.707537105855, "time_cost": 150, "final_distance_cost": 73.32013593682655, "oscillation_cost": 306.20131711297364, "completition_cost": 333.33333333333337, "overshoot_cost": 94.17056633888394, "power_cost": 40.649802062988286, "noise_cost": 29.032382320849234, "n_waypoints_completed": 6, "tot_waypoints": 9}}
{"target": -1614.7690547935345, "params": {"k_pid_pos": [0.0, 6766.659972214165, 6209.382031856835], "k_pid_alt": [0.0, 577.4781957986311, 637.4419735809078], "k_pid_att": [7812.949607136906, 8911.510381241274, 0.0], "k_pid_yaw": [0.5, 1e-06, 0.1], "k_pid_hsp": [7272.161784292265, 2669.717082474386, 643.4328402603015], "k_pid_vsp": [3588.0943848591683, 0.0, 2719.829520340981]}, "datetime": {"datetime": "2025-08-09 02:23:23", "elapsed": 34434.85977959633, "delta": 41.767667055130005}, "costs": {"total_cost": 1614.7690547935345, "time_cost": 150, "final_distance_cost": 72.74953386968386, "oscillation_cost": 249.29791434242628, "completition_cost": 1000.0, "overshoot_cost": 72.54686371927458, "power_cost": 41.30240031738281, "noise_cost": 28.872342544767044, "n_waypoints_completed": 0, "tot_waypoints": 9}}
{"target": -1521.6820051071186, "params": {"k_pid_pos": [0.0, 10000.0, 10000.0], "k_pid_alt": [9511.602105213458, 6781.03641793164, 5268.9549511077], "k_pid_att": [5361.759976588432, 3657.008752033567, 0.0], "k_pid_yaw": [0.5, 1e-06, 0.1], "k_pid_hsp": [0.0, 5865.616780559357, 0.0], "k_pid_vsp": [2364.274306862528, 10000.0, 10000.0]}, "datetime": {"datetime": "2025-08-09 02:24:02", "elapsed": 34473.99447107315, "delta": 39.1346914768219}, "costs": {"total_cost": 1521.6820051071186, "time_cost": 150, "final_distance_cost": 61.12926234532854, "oscillation_cost": 187.20079636115418, "completition_cost": 1000.0, "overshoot_cost": 48.263988937331746, "power_cost": 45.225476965332035, "noise_cost": 29.862480497972076, "n_waypoints_completed": 0, "tot_waypoints": 9}}
{"target": -3618.452626086949, "params": {"k_pid_pos": [6533.97780800127, 6338.2171054276205, 3629.868417810299], "k_pid_alt": [2313.581948438187, 2848.746936701009, 1835.7920339287803], "k_pid_att": [7103.378139631893, 5268.820958262873, 1688.2002814990703], "k_pid_yaw": [0.5, 1e-06, 0.1], "k_pid_hsp": [2345.676216288285, 7788.466100634779, 6408.4397365038785], "k_pid_vsp": [8133.886920090416, 921.4993196539679, 5603.571555466231]}, "datetime": {"datetime": "2025-08-09 02:24:34", "elapsed": 34505.79758620262, "delta": 31.803115129470825}, "costs": {"total_cost": 3618.452626086949, "time_cost": 150, "final_distance_cost": 660.2670261488137, "oscillation_cost": 195.5240846008738, "completition_cost": 1000.0, "overshoot_cost": 1517.4170631302288, "power_cost": 41.85475241699219, "noise_cost": 53.389699790040574, "n_waypoints_completed": 0, "tot_waypoints": 9}}
{"target": -3887.5932377134986, "params": {"k_pid_pos": [3899.5597261519797, 203.1564276164266, 9580.63425887085], "k_pid_alt": [3694.6164405866657, 8152.351400518394, 6937.729970587448], "k_pid_att": [5497.108023274628, 6396.676811300329, 162.418072284769], "k_pid_yaw": [0.5, 1e-06, 0.1], "k_pid_hsp": [145.3123084683805, 6681.9611038260455, 3426.83967113923], "k_pid_vsp": [9583.152776640693, 4965.941695855471, 8073.604906426093]}, "datetime": {"datetime": "2025-08-09 02:25:06", "elapsed": 34537.78591489792, "delta": 31.98832869529724}, "costs": {"total_cost": 3887.5932377134986, "time_cost": 150, "final_distance_cost": 765.674093745825, "oscillation_cost": 498.96396830566, "completition_cost": 888.8888888888888, "overshoot_cost": 1521.1691695393124, "power_cost": 35.209705786132815, "noise_cost": 27.687411447679416, "n_waypoints_completed": 1, "tot_waypoints": 9}}
{"target": -1451.913744559132, "params": {"k_pid_pos": [9497.218165501465, 9288.06689236728, 3157.5427628692432], "k_pid_alt": [716.0008625473536, 5583.582448557318, 320.5159566235549], "k_pid_att": [3461.708432006797, 2116.617750461283, 332.7867842855481], "k_pid_yaw": [0.5, 1e-06, 0.1], "k_pid_hsp": [4744.174885164184, 5758.9617140786395, 5393.936518398128], "k_pid_vsp": [5881.597691724919, 7575.641913538135, 6520.202038438911]}, "datetime": {"datetime": "2025-08-09 02:25:38", "elapsed": 34569.75364136696, "delta": 31.967726469039917}, "costs": {"total_cost": 1451.913744559132, "time_cost": 150, "final_distance_cost": 109.75624777180487, "oscillation_cost": 126.29471744520795, "completition_cost": 888.8888888888888, "overshoot_cost": 111.8039118633388, "power_cost": 36.85744002685547, "noise_cost": 28.312538563036213, "n_waypoints_completed": 1, "tot_waypoints": 9}}
{"target": -3965.4871069164205, "params": {"k_pid_pos": [1378.3124853794304, 7927.152982123018, 3287.1714945646813], "k_pid_alt": [4229.641426615469, 6643.400785263611, 2311.008969131889], "k_pid_att": [2059.649225734389, 1745.058047578013, 1224.8163310076843], "k_pid_yaw": [0.5, 1e-06, 0.1], "k_pid_hsp": [5339.818723270413, 5240.023757095684, 5287.046130304276], "k_pid_vsp": [9934.534678716009, 6607.9365336603205, 3744.110990915477]}, "datetime": {"datetime": "2025-08-09 02:26:10", "elapsed": 34602.15740323067, "delta": 32.403761863708496}, "costs": {"total_cost": 3965.4871069164205, "time_cost": 150, "final_distance_cost": 480.22842015709807, "oscillation_cost": 727.6667252050944, "completition_cost": 1000.0, "overshoot_cost": 1422.7765443070864, "power_cost": 58.15825476074219, "noise_cost": 126.65716248639976, "n_waypoints_completed": 0, "tot_waypoints": 9}}
{"target": -3085.680310307328, "params": {"k_pid_pos": [5953.866597872546, 9940.062484029808, 7420.215442401867], "k_pid_alt": [6719.190294387878, 4459.968280793478, 6191.788098986676], "k_pid_att": [6728.628337920551, 5708.96397119945, 3096.746205869663], "k_pid_yaw": [0.5, 1e-06, 0.1], "k_pid_hsp": [4127.73949995783, 4160.576074011554, 5613.101207674631], "k_pid_vsp": [8378.638034678239, 8738.313657020999, 2237.8074218925904]}, "datetime": {"datetime": "2025-08-09 02:26:42", "elapsed": 34633.91791367531, "delta": 31.760510444641113}, "costs": {"total_cost": 3085.680310307328, "time_cost": 150, "final_distance_cost": 231.01045422220943, "oscillation_cost": 571.6627715833517, "completition_cost": 1000.0, "overshoot_cost": 966.8708723019876, "power_cost": 57.24445716552734, "noise_cost": 108.89175503425146, "n_waypoints_completed": 0, "tot_waypoints": 9}}
{"target": -1505.6680744274415, "params": {"k_pid_pos": [0.0, 10000.0, 0.0], "k_pid_alt": [10000.0, 0.0, 0.0], "k_pid_att": [8996.989590364816, 5814.647281368467, 0.0], "k_pid_yaw": [0.5, 1e-06, 0.1], "k_pid_hsp": [2206.0346018689866, 6156.087522948403, 741.9645026200557], "k_pid_vsp": [5927.202702193068, 0.0, 1630.255428501854]}, "datetime": {"datetime": "2025-08-09 02:27:22", "elapsed": 34674.286912202835, "delta": 40.368998527526855}, "costs": {"total_cost": 1505.6680744274415, "time_cost": 150, "final_distance_cost": 49.15243985411935, "oscillation_cost": 154.7253186278962, "completition_cost": 1000.0, "overshoot_cost": 79.09408828690279, "power_cost": 43.5008848022461, "noise_cost": 29.195342856277247, "n_waypoints_completed": 0, "tot_waypoints": 9}}
{"target": -2317.6973764879904, "params": {"k_pid_pos": [8752.822003219622, 5564.0513963701305, 5634.955075101373], "k_pid_alt": [10000.0, 5125.137265174537, 3859.023167646014], "k_pid_att": [7846.482547979853, 7793.098313491499, 0.0], "k_pid_yaw": [0.5, 1e-06, 0.1], "k_pid_hsp": [2567.513334159041, 4405.088300753873, 9275.97660710351], "k_pid_vsp": [4580.958423129833, 9969.632049938991, 0.0]}, "datetime": {"datetime": "2025-08-09 02:28:02", "elapsed": 34713.8562104702, "delta": 39.5692982673645}, "costs": {"total_cost": 2317.6973764879904, "time_cost": 150, "final_distance_cost": 81.00795169144035, "oscillation_cost": 996.0991986717017, "completition_cost": 888.8888888888888, "overshoot_cost": 138.5391478583901, "power_cost": 35.530903552246095, "noise_cost": 27.631285825323094, "n_waypoints_completed": 1, "tot_waypoints": 9}}
{"target": -4392.893783077479, "params": {"k_pid_pos": [6989.27582027832, 1679.9970635182704, 1572.7369568505255], "k_pid_alt": [6251.2141716673395, 9012.089564917109, 4683.304856944334], "k_pid_att": [5112.930469737781, 2501.3546213969084, 8101.58240455896], "k_pid_yaw": [0.5, 1e-06, 0.1], "k_pid_hsp": [4151.29933302396, 2156.9651210986085, 4668.656774540667], "k_pid_vsp": [1953.7017695160919, 7236.801649816563, 9641.062361650882]}, "datetime": {"datetime": "2025-08-09 02:28:34", "elapsed": 34745.97785282135, "delta": 32.12164235115051}, "costs": {"total_cost": 4392.893783077479, "time_cost": 150, "final_distance_cost": 569.9022131581108, "oscillation_cost": 275.74712755188006, "completition_cost": 1000.0, "overshoot_cost": 2303.381006367971, "power_cost": 44.56714814453125, "noise_cost": 49.29628785498632, "n_waypoints_completed": 0, "tot_waypoints": 9}}
{"target": -2120.7534971098253, "params": {"k_pid_pos": [0.0, 10000.0, 10000.0], "k_pid_alt": [10000.0, 0.0, 2665.4231300768156], "k_pid_att": [4006.6819929948374, 3415.132073852186, 0.0], "k_pid_yaw": [0.5, 1e-06, 0.1], "k_pid_hsp": [0.0, 8932.834958427677, 4871.920402216526], "k_pid_vsp": [3879.541186858196, 0.0, 0.0]}, "datetime": {"datetime": "2025-08-09 02:29:15", "elapsed": 34786.58215379715, "delta": 40.60430097579956}, "costs": {"total_cost": 2120.7534971098253, "time_cost": 150, "final_distance_cost": 83.56800659978558, "oscillation_cost": 948.7750071140555, "completition_cost": 777.7777777777778, "overshoot_cost": 96.03388030096235, "power_cost": 36.72824890136719, "noise_cost": 27.870576415876823, "n_waypoints_completed": 2, "tot_waypoints": 9}}
{"target": -2740.3036528474568, "params": {"k_pid_pos": [3507.430609086782, 2320.373583800328, 7512.522606429406], "k_pid_alt": [3632.859490181758, 5195.990796742091, 9205.89915872395], "k_pid_att": [7955.793616507495, 9530.925694601005, 3774.033190612471], "k_pid_yaw": [0.5, 1e-06, 0.1], "k_pid_hsp": [1805.3521855263766, 2366.168003864839, 6482.015762684405], "k_pid_vsp": [8579.201156251609, 5890.6180006931345, 9804.271500460603]}, "datetime": {"datetime": "2025-08-09 02:29:46", "elapsed": 34818.17843937874, "delta": 31.596285581588745}, "costs": {"total_cost": 2740.3036528474568, "time_cost": 150, "final_distance_cost": 312.07709484572314, "oscillation_cost": 186.86244540406054, "completition_cost": 1000.0, "overshoot_cost": 1005.6323187910643, "power_cost": 40.066402746582035, "noise_cost": 45.66539106002719, "n_waypoints_completed": 0, "tot_waypoints": 9}}
{"target": -1391.35748246925, "params": {"k_pid_pos": [10000.0, 6428.255293354431, 8474.961007315656], "k_pid_alt": [10000.0, 4600.86990943827, 0.0], "k_pid_att": [10000.0, 10000.0, 0.0], "k_pid_yaw": [0.5, 1e-06, 0.1], "k_pid_hsp": [0.0, 5239.6326273989325, 0.0], "k_pid_vsp": [1665.4601077117516, 4455.143356417199, 8478.301189165668]}, "datetime": {"datetime": "2025-08-09 02:30:25", "elapsed": 34856.72369933128, "delta": 38.545259952545166}, "costs": {"total_cost": 1391.35748246925, "time_cost": 150, "final_distance_cost": 98.69505932870779, "oscillation_cost": 174.61359430725435, "completition_cost": 777.7777777777778, "overshoot_cost": 112.91196821308525, "power_cost": 46.910800842285155, "noise_cost": 30.448282000139617, "n_waypoints_completed": 2, "tot_waypoints": 9}}
{"target": -1734.9482716289601, "params": {"k_pid_pos": [3634.522248968764, 10000.0, 0.0], "k_pid_alt": [2155.2287175796214, 2338.7839174655182, 4781.4045898927225], "k_pid_att": [2879.729724546755, 0.0, 0.0], "k_pid_yaw": [0.5, 1e-06, 0.1], "k_pid_hsp": [9035.991234074314, 1668.5649386401906, 5994.293879308209], "k_pid_vsp": [10000.0, 7072.37028998613, 1137.0422349772603]}, "datetime": {"datetime": "2025-08-09 02:31:05", "elapsed": 34897.331706523895, "delta": 40.608007192611694}, "costs": {"total_cost": 1734.9482716289601, "time_cost": 150, "final_distance_cost": 51.27370174483964, "oscillation_cost": 386.7094139923063, "completition_cost": 1000.0, "overshoot_cost": 80.94070332226121, "power_cost": 37.89350422363282, "noise_cost": 28.130948345920185, "n_waypoints_completed": 0, "tot_waypoints": 9}}
{"target": -17071.686220794836, "params": {"k_pid_pos": [4691.204376629296, 2116.0283653210245, 9971.84924805194], "k_pid_alt": [6634.3701735680015, 8969.257786683218, 394.00702024397935], "k_pid_att": [2270.5247847189435, 9117.481223171366, 3219.5211162450655], "k_pid_yaw": [0.5, 1e-06, 0.1], "k_pid_hsp": [7034.4491994179925, 3883.09902822968, 2199.5196896382486], "k_pid_vsp": [7028.701198824608, 2636.9431047990734, 8797.682944382997]}, "datetime": {"datetime": "2025-08-09 02:31:37", "elapsed": 34929.32575178146, "delta": 31.99404525756836}, "costs": {"total_cost": 17071.686220794836, "time_cost": 150, "final_distance_cost": 5128.59377580599, "oscillation_cost": 1476.503180916387, "completition_cost": 1000.0, "overshoot_cost": 9130.723097125421, "power_cost": 57.357656176757814, "noise_cost": 128.5085107702808, "n_waypoints_completed": 0, "tot_waypoints": 9}}
{"target": -1548.7889447751456, "params": {"k_pid_pos": [7632.107859927785, 6661.985223370259, 4652.323032576218], "k_pid_alt": [10000.0, 10000.0, 0.0], "k_pid_att": [10000.0, 10000.0, 0.0], "k_pid_yaw": [0.5, 1e-06, 0.1], "k_pid_hsp": [3971.023993101167, 4889.494155871288, 0.0], "k_pid_vsp": [94.91475194825367, 7374.9819886146, 0.0]}, "datetime": {"datetime": "2025-08-09 02:32:17", "elapsed": 34969.49909734726, "delta": 40.1733455657959}, "costs": {"total_cost": 1548.7889447751456, "time_cost": 150, "final_distance_cost": 36.10893148543804, "oscillation_cost": 233.41794142004287, "completition_cost": 1000.0, "overshoot_cost": 56.34201367504778, "power_cost": 43.618028906250004, "noise_cost": 29.30202928836676, "n_waypoints_completed": 0, "tot_waypoints": 9}}
{"target": -11498.909504757163, "params": {"k_pid_pos": [7449.578000519661, 9115.779848984428, 9901.930964744311], "k_pid_alt": [8253.744847641437, 7697.578322546919, 7420.576487152858], "k_pid_att": [287.4080313939165, 9069.657658636348, 1478.6869533697932], "k_pid_yaw": [0.5, 1e-06, 0.1], "k_pid_hsp": [2545.1768836956344, 476.9241511215705, 1181.6536051665782], "k_pid_vsp": [5175.959335919494, 5563.348468595039, 2061.549701708335]}, "datetime": {"datetime": "2025-08-09 02:32:50", "elapsed": 35001.9243285656, "delta": 32.42523121833801}, "costs": {"total_cost": 11498.909504757163, "time_cost": 150, "final_distance_cost": 3804.9548899324614, "oscillation_cost": 1710.1149337418908, "completition_cost": 1000.0, "overshoot_cost": 4630.610796587486, "power_cost": 58.6246553100586, "noise_cost": 144.60422918526396, "n_waypoints_completed": 0, "tot_waypoints": 9}}
{"target": -8145.296161831303, "params": {"k_pid_pos": [7899.8054536465215, 9034.01381117542, 6519.749685681434], "k_pid_alt": [291.0781326678102, 1768.553211156484, 7553.461724715683], "k_pid_att": [5052.250586843544, 4563.63772936021, 4448.677002470403], "k_pid_yaw": [0.5, 1e-06, 0.1], "k_pid_hsp": [5363.655543730559, 5083.982774106739, 4061.7433737747633], "k_pid_vsp": [6113.888359998877, 2812.6418093700045, 3617.8904269230306]}, "datetime": {"datetime": "2025-08-09 02:33:22", "elapsed": 35034.011728048325, "delta": 32.08739948272705}, "costs": {"total_cost": 8145.296161831303, "time_cost": 150, "final_distance_cost": 1046.3740644118982, "oscillation_cost": 734.3799320018297, "completition_cost": 1000.0, "overshoot_cost": 5015.312712813443, "power_cost": 58.48587030029297, "noise_cost": 140.74358230383987, "n_waypoints_completed": 0, "tot_waypoints": 9}}
