{"target": -1447.2336090216202, "params": {"k_pid_pos": [5621.812903745686, 7412.573377836653, 10000.0], "k_pid_alt": [10000.0, 10000.0, 2691.2887230467436], "k_pid_att": [10000.0, 5730.082228978384, 0.0], "k_pid_yaw": [0.5, 1e-06, 0.1], "k_pid_hsp": [0.0, 0.0, 0.0], "k_pid_vsp": [1534.6569069758118, 7605.756169426218, 10000.0]}, "datetime": {"datetime": "2025-08-09 10:49:10", "elapsed": 64782.308124542236, "delta": 57.80265498161316}, "costs": {"total_cost": 1447.2336090216202, "time_cost": 150, "final_distance_cost": 10.874955840053898, "oscillation_cost": 0.0, "completition_cost": 1000.0, "overshoot_cost": 166.4099510673916, "power_cost": 29.932059130859376, "noise_cost": 90.01664298331532, "n_waypoints_completed": 0, "tot_waypoints": 9}}
{"target": -34221.54174842423, "params": {"k_pid_pos": [1385.6426509340392, 2726.462119206008, 9717.84725281122], "k_pid_alt": [8247.567274297231, 5475.261148471043, 3057.6874601611603], "k_pid_att": [2007.658654170299, 3034.1557135253406, 7301.079052299091], "k_pid_yaw": [0.5, 1e-06, 0.1], "k_pid_hsp": [1098.683817528776, 5410.751974396513, 6579.959695904541], "k_pid_vsp": [2555.0705319326007, 7790.744249835549, 7732.6410022875525]}, "datetime": {"datetime": "2025-08-09 10:49:44", "elapsed": 64816.376098394394, "delta": 34.06797385215759}, "costs": {"total_cost": 34221.54174842423, "time_cost": 150, "final_distance_cost": 9170.570286994916, "oscillation_cost": 789.7580797314016, "completition_cost": 1000.0, "overshoot_cost": 22916.44084801814, "power_cost": 58.31301918945313, "noise_cost": 136.4595144903147, "n_waypoints_completed": 0, "tot_waypoints": 9}}
{"target": -25759.50404792471, "params": {"k_pid_pos": [3494.011279191244, 9162.352702938962, 4668.311346224387], "k_pid_alt": [195.6598274904986, 4594.597285513694, 528.313957515415], "k_pid_att": [2546.0749067825072, 4260.822036983162, 3958.53768822655], "k_pid_yaw": [0.5, 1e-06, 0.1], "k_pid_hsp": [948.8750054683004, 2440.7613601605303, 4955.252707616472], "k_pid_vsp": [251.31998075562322, 6489.162180676018, 212.6065941454025]}, "datetime": {"datetime": "2025-08-09 10:50:19", "elapsed": 64851.308839559555, "delta": 34.93274116516113}, "costs": {"total_cost": 25759.50404792471, "time_cost": 150, "final_distance_cost": 5966.301632759815, "oscillation_cost": 1667.4370292973495, "completition_cost": 1000.0, "overshoot_cost": 16772.922380433658, "power_cost": 58.655766015625005, "noise_cost": 144.18723941826423, "n_waypoints_completed": 0, "tot_waypoints": 9}}
{"target": -19260.875969487974, "params": {"k_pid_pos": [4355.9120531352255, 7954.986146334414, 2566.5465592739833], "k_pid_alt": [9457.270661932702, 7209.859965582631, 7493.041169240206], "k_pid_att": [1820.6736321973094, 4631.4668161153895, 3966.1285517770384], "k_pid_yaw": [0.5, 1e-06, 0.1], "k_pid_hsp": [9211.669828393773, 4993.733049026378, 5892.550444718779], "k_pid_vsp": [4433.610625369641, 9282.421596561226, 8380.458626241601]}, "datetime": {"datetime": "2025-08-09 10:50:54", "elapsed": 64885.87592482567, "delta": 34.56708526611328}, "costs": {"total_cost": 19260.875969487974, "time_cost": 150, "final_distance_cost": 6080.631301929423, "oscillation_cost": 1396.5764443773635, "completition_cost": 1000.0, "overshoot_cost": 10456.452617793695, "power_cost": 55.957411669921875, "noise_cost": 121.25819371756754, "n_waypoints_completed": 0, "tot_waypoints": 9}}
{"target": -13957.499869113573, "params": {"k_pid_pos": [2807.9916365647673, 4619.827934772464, 8983.187228576544], "k_pid_alt": [3628.675188795831, 2733.8877429633767, 3346.702284145501], "k_pid_att": [4256.874771758279, 9935.689241653095, 3516.743478482377], "k_pid_yaw": [0.5, 1e-06, 0.1], "k_pid_hsp": [6418.984326130357, 2366.442478510583, 6539.058765190411], "k_pid_vsp": [9825.62582634188, 1300.0832217151637, 9824.57641215001]}, "datetime": {"datetime": "2025-08-09 10:51:30", "elapsed": 64921.784880399704, "delta": 35.908955574035645}, "costs": {"total_cost": 13957.499869113573, "time_cost": 150, "final_distance_cost": 2827.7345784101467, "oscillation_cost": 816.9420325692739, "completition_cost": 1000.0, "overshoot_cost": 8984.274936800157, "power_cost": 56.98691433105469, "noise_cost": 121.56140700294051, "n_waypoints_completed": 0, "tot_waypoints": 9}}
{"target": -10613.064248181869, "params": {"k_pid_pos": [3170.9988770131426, 6220.675455522899, 2698.6874607555046], "k_pid_alt": [4279.200130531338, 8043.7528617600055, 5996.276476856886], "k_pid_att": [7192.455145439418, 4924.90073018681, 5972.52694327205], "k_pid_yaw": [0.5, 1e-06, 0.1], "k_pid_hsp": [9970.42576457345, 4916.492671808366, 6540.2086307311], "k_pid_vsp": [170.42005207479448, 1806.7024563810496, 5379.351274537092]}, "datetime": {"datetime": "2025-08-09 10:52:04", "elapsed": 64955.95807671547, "delta": 34.17319631576538}, "costs": {"total_cost": 10613.064248181869, "time_cost": 150, "final_distance_cost": 2892.591679607012, "oscillation_cost": 303.956268333675, "completition_cost": 1000.0, "overshoot_cost": 6156.7769307536955, "power_cost": 48.83918082275391, "noise_cost": 60.90018866473349, "n_waypoints_completed": 0, "tot_waypoints": 9}}
{"target": -1388.4544160761895, "params": {"k_pid_pos": [7376.880124559192, 3502.703998729124, 1.924919736145947], "k_pid_alt": [5042.960098683004, 9847.214068583822, 6021.9143840602355], "k_pid_att": [6792.791803582253, 5433.754646241628, 1009.2246192549936], "k_pid_yaw": [0.5, 1e-06, 0.1], "k_pid_hsp": [1943.0961164646653, 9093.150291438575, 938.3882079223205], "k_pid_vsp": [6335.406454036154, 4513.078228622924, 9053.49223682004]}, "datetime": {"datetime": "2025-08-09 10:52:42", "elapsed": 64994.142229795456, "delta": 38.18415307998657}, "costs": {"total_cost": 1388.4544160761895, "time_cost": 150, "final_distance_cost": 64.55136076357135, "oscillation_cost": 97.1734648607387, "completition_cost": 888.8888888888888, "overshoot_cost": 122.10756643307936, "power_cost": 37.599164611816406, "noise_cost": 28.133970518094923, "n_waypoints_completed": 1, "tot_waypoints": 9}}
{"target": -15098.253891479942, "params": {"k_pid_pos": [602.5097418961523, 796.6410340569552, 2690.543582020253], "k_pid_alt": [9389.990671003012, 5168.839925650322, 2433.8722633882003], "k_pid_att": [2832.403726754924, 4655.909095462775, 3401.0450528693136], "k_pid_yaw": [0.5, 1e-06, 0.1], "k_pid_hsp": [7815.064005771579, 8980.540614693857, 4804.979637257842], "k_pid_vsp": [7747.179904628382, 7734.403358894697, 7820.286682385029]}, "datetime": {"datetime": "2025-08-09 10:53:17", "elapsed": 65028.96773648262, "delta": 34.82550668716431}, "costs": {"total_cost": 15098.253891479942, "time_cost": 150, "final_distance_cost": 5140.036038773643, "oscillation_cost": 1219.8797897835166, "completition_cost": 1000.0, "overshoot_cost": 7422.938466191933, "power_cost": 53.61191339111328, "noise_cost": 111.78768333973704, "n_waypoints_completed": 0, "tot_waypoints": 9}}
{"target": -1406.0696433312398, "params": {"k_pid_pos": [7092.428890859648, 8062.849035140503, 9477.9739337738], "k_pid_alt": [354.2304849535438, 6661.332449716969, 6426.182543510604], "k_pid_att": [5685.484383070118, 8855.912337743463, 549.8917352971877], "k_pid_yaw": [0.5, 1e-06, 0.1], "k_pid_hsp": [8491.23957278468, 5309.627951812128, 3234.018990787383], "k_pid_vsp": [3878.8840153901237, 9168.457486659663, 4555.904519709171]}, "datetime": {"datetime": "2025-08-09 10:53:53", "elapsed": 65065.33362054825, "delta": 36.36588406562805}, "costs": {"total_cost": 1406.0696433312398, "time_cost": 150, "final_distance_cost": 65.05665165619375, "oscillation_cost": 151.73855524949875, "completition_cost": 888.8888888888888, "overshoot_cost": 83.60170448645998, "power_cost": 38.05971672363282, "noise_cost": 28.724126326565703, "n_waypoints_completed": 1, "tot_waypoints": 9}}
{"target": -1237.3543572129165, "params": {"k_pid_pos": [10000.0, 0.0, 1907.6989692147406], "k_pid_alt": [2909.9904402811176, 10000.0, 10000.0], "k_pid_att": [8837.539648633001, 6870.804716070522, 0.0], "k_pid_yaw": [0.5, 1e-06, 0.1], "k_pid_hsp": [3711.965090243106, 10000.0, 0.0], "k_pid_vsp": [6341.453094032125, 6237.293980356515, 10000.0]}, "datetime": {"datetime": "2025-08-09 10:54:49", "elapsed": 65120.78727197647, "delta": 55.453651428222656}, "costs": {"total_cost": 1237.3543572129165, "time_cost": 150, "final_distance_cost": 79.5209454673831, "oscillation_cost": 203.14123808553794, "completition_cost": 666.6666666666667, "overshoot_cost": 62.50822089589223, "power_cost": 45.797159228515625, "noise_cost": 29.720126868920858, "n_waypoints_completed": 3, "tot_waypoints": 9}}
{"target": -1823.3753561630558, "params": {"k_pid_pos": [0.0, 5020.922120891311, 10000.0], "k_pid_alt": [5423.672601459892, 9126.748475374316, 10000.0], "k_pid_att": [2723.7771654336525, 2179.1979023865706, 0.0], "k_pid_yaw": [0.5, 1e-06, 0.1], "k_pid_hsp": [6475.555879992324, 6793.997631668066, 2282.3260614066803], "k_pid_vsp": [6090.946909004277, 5762.451214095245, 8792.292956131156]}, "datetime": {"datetime": "2025-08-09 10:55:40", "elapsed": 65171.86243414879, "delta": 51.075162172317505}, "costs": {"total_cost": 1823.3753561630558, "time_cost": 150, "final_distance_cost": 76.77926613911653, "oscillation_cost": 568.3532871900331, "completition_cost": 888.8888888888888, "overshoot_cost": 74.31902046211229, "power_cost": 37.00135129394531, "noise_cost": 28.033542188959693, "n_waypoints_completed": 1, "tot_waypoints": 9}}
{"target": -1384.789755487574, "params": {"k_pid_pos": [6521.65818498915, 0.0, 2245.4624675516993], "k_pid_alt": [4528.541029812707, 8943.654200093522, 10000.0], "k_pid_att": [5806.575359928976, 1595.2303948519213, 0.0], "k_pid_yaw": [0.5, 1e-06, 0.1], "k_pid_hsp": [3254.7020811629136, 10000.0, 3385.6204066332652], "k_pid_vsp": [923.0168609592713, 6598.645237069192, 8871.601678858007]}, "datetime": {"datetime": "2025-08-09 10:56:39", "elapsed": 65230.89403271675, "delta": 59.03159856796265}, "costs": {"total_cost": 1384.789755487574, "time_cost": 150, "final_distance_cost": 73.02363121418746, "oscillation_cost": 228.06722002461737, "completition_cost": 777.7777777777778, "overshoot_cost": 84.9106180445227, "power_cost": 41.295551110839845, "noise_cost": 29.714957315628904, "n_waypoints_completed": 2, "tot_waypoints": 9}}
{"target": -19136.053554882128, "params": {"k_pid_pos": [5879.767989335961, 2452.7496749001452, 8248.579970997753], "k_pid_alt": [5756.541852377473, 5434.035340232426, 1151.877929705889], "k_pid_att": [6930.335175906882, 2360.034632811757, 5450.4464475778495], "k_pid_yaw": [0.5, 1e-06, 0.1], "k_pid_hsp": [4241.610612615914, 6048.76828166826, 2271.541009108474], "k_pid_vsp": [8319.717432597417, 3848.8136266045103, 4118.332267087759]}, "datetime": {"datetime": "2025-08-09 10:57:13", "elapsed": 65265.10351848602, "delta": 34.20948576927185}, "costs": {"total_cost": 19136.053554882128, "time_cost": 150, "final_distance_cost": 4651.438879342322, "oscillation_cost": 640.6914433725915, "completition_cost": 1000.0, "overshoot_cost": 12496.036969576846, "power_cost": 58.57126796875, "noise_cost": 139.3149946216187, "n_waypoints_completed": 0, "tot_waypoints": 9}}
{"target": -11102.181930438983, "params": {"k_pid_pos": [2290.0723317497686, 285.17618266881925, 3953.3419063749175], "k_pid_alt": [3435.0566002532532, 7361.101897407623, 7643.3860189084035], "k_pid_att": [265.1312407054529, 3307.9665095030964, 5984.853538040608], "k_pid_yaw": [0.5, 1e-06, 0.1], "k_pid_hsp": [9991.983505239998, 3752.807680539101, 1780.1349795177534], "k_pid_vsp": [1131.1193599445423, 3133.1729027464717, 7052.268590031194]}, "datetime": {"datetime": "2025-08-09 10:57:48", "elapsed": 65300.22318506241, "delta": 35.1196665763855}, "costs": {"total_cost": 11102.181930438983, "time_cost": 150, "final_distance_cost": 2024.335866230556, "oscillation_cost": 902.461790953628, "completition_cost": 1000.0, "overshoot_cost": 6859.443442439198, "power_cost": 54.3731162109375, "noise_cost": 111.56771460466425, "n_waypoints_completed": 0, "tot_waypoints": 9}}
{"target": -3233.242172445043, "params": {"k_pid_pos": [1138.2138345701806, 10000.0, 4357.190252580009], "k_pid_alt": [6980.9731629311445, 10000.0, 0.0], "k_pid_att": [7610.462962064496, 4921.584077895485, 0.0], "k_pid_yaw": [0.5, 1e-06, 0.1], "k_pid_hsp": [1879.2659887284497, 7468.021070811613, 4549.6479558314995], "k_pid_vsp": [0.0, 7800.215600526765, 10000.0]}, "datetime": {"datetime": "2025-08-09 10:58:43", "elapsed": 65355.32174229622, "delta": 55.098557233810425}, "costs": {"total_cost": 3233.242172445043, "time_cost": 150, "final_distance_cost": 416.92556429185925, "oscillation_cost": 711.3000034063589, "completition_cost": 1000.0, "overshoot_cost": 887.7143777755933, "power_cost": 37.80954294433594, "noise_cost": 29.49268402689547, "n_waypoints_completed": 0, "tot_waypoints": 9}}
{"target": -664.3665652478162, "params": {"k_pid_pos": [9910.724932775314, 0.0, 5651.7640864744935], "k_pid_alt": [7035.692042719566, 0.0, 7542.828801867912], "k_pid_att": [8150.757473175346, 4334.338969407903, 0.0], "k_pid_yaw": [0.5, 1e-06, 0.1], "k_pid_hsp": [8351.111986760445, 10000.0, 0.0], "k_pid_vsp": [10000.0, 7976.541028564818, 11.139699455178087]}, "datetime": {"datetime": "2025-08-09 10:59:40", "elapsed": 65411.76122927666, "delta": 56.43948698043823}, "costs": {"total_cost": 664.3665652478162, "time_cost": 96.46000000000001, "final_distance_cost": 1.8302982043007003, "oscillation_cost": 447.89684227751553, "completition_cost": 0.0, "overshoot_cost": 62.927616652218475, "power_cost": 31.865729235839844, "noise_cost": 23.386078877941717, "n_waypoints_completed": 9, "tot_waypoints": 9}}
{"target": -1436.3976620517196, "params": {"k_pid_pos": [1515.6422654657288, 8366.780662066369, 4788.146510166163], "k_pid_alt": [6728.5114502498855, 5917.096034535551, 8068.318558476369], "k_pid_att": [7123.868070028581, 7444.544232653801, 246.54557444662163], "k_pid_yaw": [0.5, 1e-06, 0.1], "k_pid_hsp": [7992.885775758394, 1056.3377983872401, 703.2507604124139], "k_pid_vsp": [2847.441947551027, 7626.939344960324, 2545.056283314996]}, "datetime": {"datetime": "2025-08-09 11:00:16", "elapsed": 65448.00274157524, "delta": 36.241512298583984}, "costs": {"total_cost": 1436.3976620517196, "time_cost": 150, "final_distance_cost": 80.67659891305128, "oscillation_cost": 175.3894082523987, "completition_cost": 888.8888888888888, "overshoot_cost": 74.46341360369827, "power_cost": 38.53695380859375, "noise_cost": 28.44239858508872, "n_waypoints_completed": 1, "tot_waypoints": 9}}
{"target": -1441.8372252563825, "params": {"k_pid_pos": [10000.0, 5433.82732273647, 0.0], "k_pid_alt": [3130.609541919003, 8145.259976475493, 6925.772734808904], "k_pid_att": [10000.0, 7574.310902066142, 0.0], "k_pid_yaw": [0.5, 1e-06, 0.1], "k_pid_hsp": [4129.954315576178, 10000.0, 0.0], "k_pid_vsp": [7254.4467412842405, 0.0, 10000.0]}, "datetime": {"datetime": "2025-08-09 11:01:12", "elapsed": 65504.09912323952, "delta": 56.09638166427612}, "costs": {"total_cost": 1441.8372252563825, "time_cost": 150, "final_distance_cost": 56.950766166670626, "oscillation_cost": 101.14823804202577, "completition_cost": 1000.0, "overshoot_cost": 57.656932078692, "power_cost": 46.236822521972655, "noise_cost": 29.844466447021293, "n_waypoints_completed": 0, "tot_waypoints": 9}}
{"target": -1989.4109142706961, "params": {"k_pid_pos": [533.2269444905029, 10000.0, 7559.471700509574], "k_pid_alt": [0.0, 0.0, 7648.180710869271], "k_pid_att": [4314.750011847119, 0.0, 0.0], "k_pid_yaw": [0.5, 1e-06, 0.1], "k_pid_hsp": [6332.068937579114, 1712.8798292266238, 4355.42891763004], "k_pid_vsp": [9699.952810565723, 5741.233629084086, 5392.683546926203]}, "datetime": {"datetime": "2025-08-09 11:02:12", "elapsed": 65564.33242368698, "delta": 60.23330044746399}, "costs": {"total_cost": 1989.4109142706961, "time_cost": 150, "final_distance_cost": 15.574324129301898, "oscillation_cost": 548.4142501743861, "completition_cost": 1000.0, "overshoot_cost": 167.79896381554653, "power_cost": 37.69760526123047, "noise_cost": 69.9257708902312, "n_waypoints_completed": 0, "tot_waypoints": 9}}
{"target": -1892.3445099271119, "params": {"k_pid_pos": [8073.953690306887, 9101.99088769863, 6249.21867149671], "k_pid_alt": [9794.789234989235, 3572.1380844098303, 7852.490906417624], "k_pid_att": [7555.340431481681, 3294.757648613225, 738.4241589604568], "k_pid_yaw": [0.5, 1e-06, 0.1], "k_pid_hsp": [8348.976855082008, 141.44052741454806, 5674.941948877455], "k_pid_vsp": [4387.652719298118, 3972.783605214135, 3921.3043343856834]}, "datetime": {"datetime": "2025-08-09 11:02:48", "elapsed": 65599.67589735985, "delta": 35.34347367286682}, "costs": {"total_cost": 1892.3445099271119, "time_cost": 150, "final_distance_cost": 165.87583269798125, "oscillation_cost": 144.13938576595558, "completition_cost": 1000.0, "overshoot_cost": 369.24185538856915, "power_cost": 35.20794583740235, "noise_cost": 27.879490237203587, "n_waypoints_completed": 0, "tot_waypoints": 9}}
{"target": -8737.023985412097, "params": {"k_pid_pos": [2129.279597339383, 3951.233236933336, 6782.329571008709], "k_pid_alt": [9326.663145206961, 3415.9852655681343, 5589.01293908816], "k_pid_att": [8452.97304339855, 8892.586998813493, 7917.16411289235], "k_pid_yaw": [0.5, 1e-06, 0.1], "k_pid_hsp": [3812.6785757499083, 5580.356854304094, 3397.792084097937], "k_pid_vsp": [5461.476397814914, 465.38918704374544, 106.71935871396477]}, "datetime": {"datetime": "2025-08-09 11:03:23", "elapsed": 65635.46788239479, "delta": 35.79198503494263}, "costs": {"total_cost": 8737.023985412097, "time_cost": 150, "final_distance_cost": 1006.7202897991384, "oscillation_cost": 665.73522106668, "completition_cost": 1000.0, "overshoot_cost": 5712.5274328937585, "power_cost": 58.63735167236329, "noise_cost": 143.40368998015836, "n_waypoints_completed": 0, "tot_waypoints": 9}}
{"target": -1498.328307517109, "params": {"k_pid_pos": [10000.0, 4082.691968312534, 0.0], "k_pid_alt": [0.0, 6235.484290657829, 7297.8289378472955], "k_pid_att": [4484.888924615289, 0.0, 0.0], "k_pid_yaw": [0.5, 1e-06, 0.1], "k_pid_hsp": [8225.99968844697, 10000.0, 0.0], "k_pid_vsp": [287.56905440230247, 10000.0, 4733.700749640017]}, "datetime": {"datetime": "2025-08-09 11:04:26", "elapsed": 65698.07249355316, "delta": 62.60461115837097}, "costs": {"total_cost": 1498.328307517109, "time_cost": 150, "final_distance_cost": 76.52912594309782, "oscillation_cost": 239.3856923805982, "completition_cost": 888.8888888888888, "overshoot_cost": 72.1525824268494, "power_cost": 42.17403012695313, "noise_cost": 29.197987750721502, "n_waypoints_completed": 1, "tot_waypoints": 9}}
{"target": -4250.470720786246, "params": {"k_pid_pos": [5210.5235176659935, 9791.144181499003, 8498.413048853741], "k_pid_alt": [6801.486324461057, 6280.053785240067, 5791.841308571837], "k_pid_att": [10000.0, 7947.486698150272, 3357.350983342867], "k_pid_yaw": [0.5, 1e-06, 0.1], "k_pid_hsp": [0.0, 4917.869310141086, 10000.0], "k_pid_vsp": [1963.6404446609026, 6473.401750272329, 1983.5550265810973]}, "datetime": {"datetime": "2025-08-09 11:05:19", "elapsed": 65751.52335572243, "delta": 53.45086216926575}, "costs": {"total_cost": 4250.470720786246, "time_cost": 150, "final_distance_cost": 764.7651792866055, "oscillation_cost": 102.18949361760563, "completition_cost": 1000.0, "overshoot_cost": 2164.412774884466, "power_cost": 36.73530618896485, "noise_cost": 32.36796680860269, "n_waypoints_completed": 0, "tot_waypoints": 9}}
{"target": -1444.7558290283139, "params": {"k_pid_pos": [10000.0, 0.0, 3808.32036015574], "k_pid_alt": [7814.832374418766, 10000.0, 10000.0], "k_pid_att": [5660.457576768646, 3114.5608060731215, 0.0], "k_pid_yaw": [0.5, 1e-06, 0.1], "k_pid_hsp": [0.0, 2130.1101923658753, 0.0], "k_pid_vsp": [3556.4453713075004, 10000.0, 7169.199138223892]}, "datetime": {"datetime": "2025-08-09 11:06:15", "elapsed": 65807.28817725182, "delta": 55.76482152938843}, "costs": {"total_cost": 1444.7558290283139, "time_cost": 150, "final_distance_cost": 63.70769074337509, "oscillation_cost": 159.27088917219922, "completition_cost": 888.8888888888888, "overshoot_cost": 107.62743743163372, "power_cost": 45.51696807861328, "noise_cost": 29.743954713603877, "n_waypoints_completed": 1, "tot_waypoints": 9}}
{"target": -5323.627681085698, "params": {"k_pid_pos": [1024.903282998184, 1517.1110506516561, 3459.788460931941], "k_pid_alt": [4207.136221055905, 2500.0621818999757, 2134.2756545677066], "k_pid_att": [4125.315580868178, 5961.752594938338, 7425.0961603767555], "k_pid_yaw": [0.5, 1e-06, 0.1], "k_pid_hsp": [2572.687317540466, 1230.770315974904, 404.2739233928905], "k_pid_vsp": [3352.6899379685824, 7862.270477699374, 8627.454763777387]}, "datetime": {"datetime": "2025-08-09 11:06:50", "elapsed": 65842.51819777489, "delta": 35.23002052307129}, "costs": {"total_cost": 5323.627681085698, "time_cost": 150, "final_distance_cost": 745.4847114511585, "oscillation_cost": 846.2777545849372, "completition_cost": 1000.0, "overshoot_cost": 2433.4594205762255, "power_cost": 51.76343188476563, "noise_cost": 96.64236258861109, "n_waypoints_completed": 0, "tot_waypoints": 9}}
{"target": -12568.105006813132, "params": {"k_pid_pos": [1702.8603026158162, 4458.9638568400405, 1637.0790640852183], "k_pid_alt": [7254.248496394122, 269.6209270985062, 2921.7803104918025], "k_pid_att": [475.4807984616727, 2092.239546364584, 1082.5435214254876], "k_pid_yaw": [0.5, 1e-06, 0.1], "k_pid_hsp": [8292.879492553826, 9311.504669701348, 8516.050943542603], "k_pid_vsp": [6729.6299344817135, 8715.96033889142, 8386.036558407417]}, "datetime": {"datetime": "2025-08-09 11:07:26", "elapsed": 65878.38691735268, "delta": 35.86871957778931}, "costs": {"total_cost": 12568.105006813132, "time_cost": 150, "final_distance_cost": 4150.871097957198, "oscillation_cost": 1451.3013267726992, "completition_cost": 1000.0, "overshoot_cost": 5627.563663070575, "power_cost": 57.49634508056641, "noise_cost": 130.87257393209188, "n_waypoints_completed": 0, "tot_waypoints": 9}}
