{"target": -3033.5114763656634, "params": {"k_pid_pos": [2775.933160814439, 4128.375699324164, 8912.665873644255], "k_pid_alt": [6766.353668066947, 9221.084861741756, 7522.743601939863], "k_pid_att": [9053.906825525359, 8156.516958192938, 3477.038522878414], "k_pid_yaw": [0.5, 1e-06, 0.1], "k_pid_hsp": [3268.5167396940165, 1193.113786439034, 5152.14210914845], "k_pid_vsp": [3147.597074612807, 3874.3795001005165, 7623.724968405685]}, "datetime": {"datetime": "2025-08-09 03:04:56", "elapsed": 36928.24046969414, "delta": 31.573036909103394}, "costs": {"total_cost": 3033.5114763656634, "time_cost": 150, "final_distance_cost": 445.58795519963166, "oscillation_cost": 70.43296100262752, "completition_cost": 1000.0, "overshoot_cost": 1304.3943908238982, "power_cost": 35.31941947021485, "noise_cost": 27.776749869290978, "n_waypoints_completed": 0, "tot_waypoints": 9}}
{"target": -3222.0962127736457, "params": {"k_pid_pos": [7052.721981863486, 1627.3629772771515, 8206.375705302287], "k_pid_alt": [489.20249875639587, 7139.875344692505, 4531.73621187877], "k_pid_att": [9008.925413945799, 8664.801644208963, 2028.7225449937696], "k_pid_yaw": [0.5, 1e-06, 0.1], "k_pid_hsp": [2605.07652721521, 168.33834402448122, 4986.347405752802], "k_pid_vsp": [887.1236392798454, 6048.1065668219535, 541.3149193270672]}, "datetime": {"datetime": "2025-08-09 03:05:28", "elapsed": 36959.66235589981, "delta": 31.421886205673218}, "costs": {"total_cost": 3222.0962127736457, "time_cost": 150, "final_distance_cost": 728.2246045092418, "oscillation_cost": 90.90650680814758, "completition_cost": 888.8888888888888, "overshoot_cost": 1297.425752017322, "power_cost": 35.963174731445314, "noise_cost": 30.68728581860038, "n_waypoints_completed": 1, "tot_waypoints": 9}}
{"target": -2145.995873768784, "params": {"k_pid_pos": [3363.686478180578, 10000.0, 10000.0], "k_pid_alt": [5215.71220815191, 8902.977723047707, 6324.691107371791], "k_pid_att": [7635.460862222598, 5847.167409970118, 0.0], "k_pid_yaw": [0.5, 1e-06, 0.1], "k_pid_hsp": [4704.432057675277, 7279.636102846753, 10000.0], "k_pid_vsp": [9616.582485618292, 1638.2711200695348, 0.0]}, "datetime": {"datetime": "2025-08-09 03:06:10", "elapsed": 37002.03315424919, "delta": 42.37079834938049}, "costs": {"total_cost": 2145.995873768784, "time_cost": 150, "final_distance_cost": 87.63692232591164, "oscillation_cost": 716.5912788993002, "completition_cost": 1000.0, "overshoot_cost": 127.77850675973706, "power_cost": 36.163186877441404, "noise_cost": 27.82597890639385, "n_waypoints_completed": 0, "tot_waypoints": 9}}
{"target": -3458.7912332330693, "params": {"k_pid_pos": [9075.572800890783, 1362.399410110564, 2964.6931138837363], "k_pid_alt": [3336.6785152997136, 5342.192344517257, 4432.884130781397], "k_pid_att": [9168.90868656462, 5604.558653467059, 3225.46433307924], "k_pid_yaw": [0.5, 1e-06, 0.1], "k_pid_hsp": [7785.9996971524915, 2337.5605684566904, 3731.383608076173], "k_pid_vsp": [1321.9384141131973, 6343.652007126593, 6865.867401362598]}, "datetime": {"datetime": "2025-08-09 03:06:42", "elapsed": 37033.78789949417, "delta": 31.75474524497986}, "costs": {"total_cost": 3458.7912332330693, "time_cost": 150, "final_distance_cost": 602.2219362509891, "oscillation_cost": 56.594020141176124, "completition_cost": 1000.0, "overshoot_cost": 1587.1657391443243, "power_cost": 35.09361258544922, "noise_cost": 27.71592511113074, "n_waypoints_completed": 0, "tot_waypoints": 9}}
{"target": -7486.7008848759315, "params": {"k_pid_pos": [5125.688936469146, 4172.623826717222, 3476.3523729873014], "k_pid_alt": [8465.740658340232, 6536.090425513072, 3847.5671840249083], "k_pid_att": [6110.404406841977, 9169.844208573664, 5686.589730071313], "k_pid_yaw": [0.5, 1e-06, 0.1], "k_pid_hsp": [862.7775655504765, 1889.7905229869582, 9855.754163530408], "k_pid_vsp": [646.1932623637423, 4481.6845646202355, 645.5097370018858]}, "datetime": {"datetime": "2025-08-09 03:07:14", "elapsed": 37065.993349313736, "delta": 32.20544981956482}, "costs": {"total_cost": 7486.7008848759315, "time_cost": 150, "final_distance_cost": 1847.2206580106988, "oscillation_cost": 804.4594317116877, "completition_cost": 1000.0, "overshoot_cost": 3487.4824660902746, "power_cost": 58.627976684570314, "noise_cost": 138.91035237869966, "n_waypoints_completed": 0, "tot_waypoints": 9}}
{"target": -1372.4317322228867, "params": {"k_pid_pos": [0.0, 10000.0, 4473.648814448703], "k_pid_alt": [10000.0, 0.0, 0.0], "k_pid_att": [10000.0, 8542.10317032177, 0.0], "k_pid_yaw": [0.5, 1e-06, 0.1], "k_pid_hsp": [10000.0, 10000.0, 0.0], "k_pid_vsp": [7109.350658763075, 3703.627679656019, 10000.0]}, "datetime": {"datetime": "2025-08-09 03:07:55", "elapsed": 37107.035828351974, "delta": 41.042479038238525}, "costs": {"total_cost": 1372.4317322228867, "time_cost": 150, "final_distance_cost": 86.86492961718335, "oscillation_cost": 222.2149732461105, "completition_cost": 777.7777777777778, "overshoot_cost": 63.15234995213762, "power_cost": 43.14767564697266, "noise_cost": 29.274025982704597, "n_waypoints_completed": 2, "tot_waypoints": 9}}
{"target": -5129.72464054287, "params": {"k_pid_pos": [2164.313473713539, 8114.990971867211, 289.4556323229014], "k_pid_alt": [16.147255899698898, 3421.7716882096847, 3386.5077003224487], "k_pid_att": [4732.410631914292, 1009.6727460253485, 2135.959003586848], "k_pid_yaw": [0.5, 1e-06, 0.1], "k_pid_hsp": [5182.2439378013405, 4538.650523070334, 4488.554769838346], "k_pid_vsp": [8989.244388430752, 3691.9490505440176, 9055.74673430271]}, "datetime": {"datetime": "2025-08-09 03:08:27", "elapsed": 37139.21113872528, "delta": 32.175310373306274}, "costs": {"total_cost": 5129.72464054287, "time_cost": 150, "final_distance_cost": 925.7347086382198, "oscillation_cost": 30.74347373292768, "completition_cost": 1000.0, "overshoot_cost": 2960.161567304279, "power_cost": 35.29717203369141, "noise_cost": 27.78771883375201, "n_waypoints_completed": 0, "tot_waypoints": 9}}
{"target": -7240.861198570779, "params": {"k_pid_pos": [4633.885880777177, 7894.394121882917, 1736.5394129378087], "k_pid_alt": [1460.4295972712166, 518.7907872377983, 6788.100508882378], "k_pid_att": [9706.663241790555, 8207.41624762438, 4835.596419815068], "k_pid_yaw": [0.5, 1e-06, 0.1], "k_pid_hsp": [3441.653749700502, 3815.2731208438518, 1079.307248885878], "k_pid_vsp": [4877.820607988753, 4979.7099265046145, 4657.931754577601]}, "datetime": {"datetime": "2025-08-09 03:08:59", "elapsed": 37171.195818424225, "delta": 31.984679698944092}, "costs": {"total_cost": 7240.861198570779, "time_cost": 150, "final_distance_cost": 1655.1551998537993, "oscillation_cost": 436.6599004931296, "completition_cost": 1000.0, "overshoot_cost": 3864.8976546652707, "power_cost": 51.97482532958985, "noise_cost": 82.17361822898924, "n_waypoints_completed": 0, "tot_waypoints": 9}}
{"target": -4359.697911368941, "params": {"k_pid_pos": [2135.27611328981, 5314.28311425425, 4490.9188865871165], "k_pid_alt": [8789.380930259395, 9625.596052575436, 3481.4288888515744], "k_pid_att": [4273.164223473382, 9032.97027097671, 240.55187028172665], "k_pid_yaw": [0.5, 1e-06, 0.1], "k_pid_hsp": [5654.955052394533, 7881.336648983605, 8144.5546267097425], "k_pid_vsp": [9689.335555541997, 2887.202276017434, 1506.7500103875464]}, "datetime": {"datetime": "2025-08-09 03:09:31", "elapsed": 37203.226340055466, "delta": 32.030521631240845}, "costs": {"total_cost": 4359.697911368941, "time_cost": 150, "final_distance_cost": 966.2165978278597, "oscillation_cost": 167.27700490030887, "completition_cost": 1000.0, "overshoot_cost": 2013.3696025524341, "power_cost": 35.11180906982422, "noise_cost": 27.722897018513795, "n_waypoints_completed": 0, "tot_waypoints": 9}}
{"target": -6742.162046467051, "params": {"k_pid_pos": [5318.9975447227025, 7114.803401187355, 7421.629154516813], "k_pid_alt": [8190.1052209268955, 35.691381020537264, 8840.933869021725], "k_pid_att": [1597.3154446336869, 4552.235505781585, 4558.676728323024], "k_pid_yaw": [0.5, 1e-06, 0.1], "k_pid_hsp": [6465.629031980387, 3211.722077966281, 7944.478012387553], "k_pid_vsp": [5590.135826615367, 8183.691695609311, 8620.526588215542]}, "datetime": {"datetime": "2025-08-09 03:10:03", "elapsed": 37235.27908420563, "delta": 32.05274415016174}, "costs": {"total_cost": 6742.162046467051, "time_cost": 150, "final_distance_cost": 1031.2572186788798, "oscillation_cost": 961.0483361850273, "completition_cost": 1000.0, "overshoot_cost": 3428.401939392815, "power_cost": 54.87183881835938, "noise_cost": 116.58271339196914, "n_waypoints_completed": 0, "tot_waypoints": 9}}
{"target": -10041.600565783703, "params": {"k_pid_pos": [452.5782956774882, 1662.5548989167994, 1056.283026583792], "k_pid_alt": [9556.710811231553, 9311.28714814693, 1511.3237304439742], "k_pid_att": [6785.785482349161, 755.6749118869654, 7440.956565798516], "k_pid_yaw": [0.5, 1e-06, 0.1], "k_pid_hsp": [6259.281392836581, 6013.130279707794, 5225.229009926709], "k_pid_vsp": [4952.261319267597, 5943.162861113593, 6278.697330847448]}, "datetime": {"datetime": "2025-08-09 03:10:36", "elapsed": 37267.54795885086, "delta": 32.268874645233154}, "costs": {"total_cost": 10041.600565783703, "time_cost": 150, "final_distance_cost": 2704.04660838976, "oscillation_cost": 23.354825239764917, "completition_cost": 1000.0, "overshoot_cost": 6101.040214972914, "power_cost": 35.359254296875, "noise_cost": 27.79966288439105, "n_waypoints_completed": 0, "tot_waypoints": 9}}
{"target": -13905.05143077577, "params": {"k_pid_pos": [5016.082935962611, 3475.362511747676, 1745.6866529890092], "k_pid_alt": [386.1212336533504, 2141.2217927595225, 1603.1870404662664], "k_pid_att": [7620.702671826085, 1481.25979572438, 5791.059311200952], "k_pid_yaw": [0.5, 1e-06, 0.1], "k_pid_hsp": [5330.15876678983, 7710.807662947918, 6115.672040212015], "k_pid_vsp": [4177.374955536558, 9100.309028034162, 4100.911672446839]}, "datetime": {"datetime": "2025-08-09 03:11:08", "elapsed": 37299.86164689064, "delta": 32.31368803977966}, "costs": {"total_cost": 13905.05143077577, "time_cost": 150, "final_distance_cost": 3660.560429317594, "oscillation_cost": 801.6240169650821, "completition_cost": 1000.0, "overshoot_cost": 8111.136343382091, "power_cost": 58.55358552246094, "noise_cost": 123.1770555885432, "n_waypoints_completed": 0, "tot_waypoints": 9}}
{"target": -977.5611482658117, "params": {"k_pid_pos": [10000.0, 10000.0, 8647.365060615299], "k_pid_alt": [1330.2815967931733, 0.0, 2209.3382423106113], "k_pid_att": [4267.640508628818, 190.6330163765722, 0.0], "k_pid_yaw": [0.5, 1e-06, 0.1], "k_pid_hsp": [10000.0, 10000.0, 9488.594772152874], "k_pid_vsp": [3877.1652958872696, 4810.9912044732855, 9389.794495317767]}, "datetime": {"datetime": "2025-08-09 03:11:47", "elapsed": 37339.33624577522, "delta": 39.47459888458252}, "costs": {"total_cost": 977.5611482658117, "time_cost": 150, "final_distance_cost": 53.349009986957235, "oscillation_cost": 400.10051042973083, "completition_cost": 222.2222222222222, "overshoot_cost": 84.34793859860044, "power_cost": 38.920221594238285, "noise_cost": 28.621245434062743, "n_waypoints_completed": 7, "tot_waypoints": 9}}
{"target": -1411.754950883831, "params": {"k_pid_pos": [3403.757501597327, 10000.0, 10000.0], "k_pid_alt": [1869.7854865175602, 0.0, 3379.755468154684], "k_pid_att": [5272.500293748258, 4024.935087558387, 0.0], "k_pid_yaw": [0.5, 1e-06, 0.1], "k_pid_hsp": [10000.0, 10000.0, 5489.7544662891905], "k_pid_vsp": [2938.711842630187, 0.0, 10000.0]}, "datetime": {"datetime": "2025-08-09 03:12:28", "elapsed": 37380.20767951012, "delta": 40.8714337348938}, "costs": {"total_cost": 1411.754950883831, "time_cost": 150, "final_distance_cost": 77.79443041792764, "oscillation_cost": 342.8754793198163, "completition_cost": 666.6666666666667, "overshoot_cost": 104.79272478762519, "power_cost": 39.95310469970703, "noise_cost": 29.67254499208817, "n_waypoints_completed": 3, "tot_waypoints": 9}}
{"target": -8371.483570241182, "params": {"k_pid_pos": [8890.903288564605, 3335.2048478094875, 7671.294887774298], "k_pid_alt": [2159.35694151533, 5845.191385751485, 6004.829866998937], "k_pid_att": [483.13918944972835, 5585.269904488128, 7273.3796492183355], "k_pid_yaw": [0.5, 1e-06, 0.1], "k_pid_hsp": [5146.938286940745, 460.73223888979606, 4090.4085126299005], "k_pid_vsp": [2452.74350901993, 9479.794390008, 7328.444158741053]}, "datetime": {"datetime": "2025-08-09 03:13:00", "elapsed": 37412.00077295303, "delta": 31.79309344291687}, "costs": {"total_cost": 8371.483570241182, "time_cost": 150, "final_distance_cost": 2313.672022299695, "oscillation_cost": 1056.3635528376826, "completition_cost": 1000.0, "overshoot_cost": 3688.8684043552157, "power_cost": 54.02886359863282, "noise_cost": 108.55072714995747, "n_waypoints_completed": 0, "tot_waypoints": 9}}
{"target": -35822.98715492123, "params": {"k_pid_pos": [9983.992846725741, 3283.347494391299, 742.6637153368476], "k_pid_alt": [8499.883788581608, 8978.818414827583, 7258.879496768259], "k_pid_att": [260.54044878529027, 7931.202808717438, 5226.2916818158365], "k_pid_yaw": [0.5, 1e-06, 0.1], "k_pid_hsp": [7793.213590342658, 8724.552393968357, 138.64771291564603], "k_pid_vsp": [4340.2958175822905, 473.49165113268145, 34.931141939147366]}, "datetime": {"datetime": "2025-08-09 03:13:32", "elapsed": 37443.87282419205, "delta": 31.872051239013672}, "costs": {"total_cost": 35822.98715492123, "time_cost": 150, "final_distance_cost": 9700.438502507914, "oscillation_cost": 1691.9123184480773, "completition_cost": 1000.0, "overshoot_cost": 23078.667756407325, "power_cost": 58.655612695312506, "noise_cost": 143.3129648626089, "n_waypoints_completed": 0, "tot_waypoints": 9}}
{"target": -8145.270780937137, "params": {"k_pid_pos": [5240.5426897466505, 1104.6458224107796, 0.0], "k_pid_alt": [7056.882093167308, 6707.752486259537, 0.0], "k_pid_att": [5467.781323174571, 2775.208286876634, 10000.0], "k_pid_yaw": [0.5, 1e-06, 0.1], "k_pid_hsp": [10000.0, 0.0, 331.7880140360966], "k_pid_vsp": [968.6989716074982, 1562.202398174357, 6343.937517872413]}, "datetime": {"datetime": "2025-08-09 03:14:14", "elapsed": 37486.14114046097, "delta": 42.2683162689209}, "costs": {"total_cost": 8145.270780937137, "time_cost": 150, "final_distance_cost": 1622.7718084184123, "oscillation_cost": 542.3908432113818, "completition_cost": 1000.0, "overshoot_cost": 4668.6101652125835, "power_cost": 53.20726889648438, "noise_cost": 108.29069519827436, "n_waypoints_completed": 0, "tot_waypoints": 9}}
{"target": -1435.6455898353015, "params": {"k_pid_pos": [10000.0, 10000.0, 10000.0], "k_pid_alt": [6844.564246266884, 0.0, 9563.173988335455], "k_pid_att": [9437.583018908595, 2788.312133872496, 0.0], "k_pid_yaw": [0.5, 1e-06, 0.1], "k_pid_hsp": [0.0, 10000.0, 0.0], "k_pid_vsp": [10000.0, 0.0, 0.0]}, "datetime": {"datetime": "2025-08-09 03:14:53", "elapsed": 37525.492872714996, "delta": 39.35173225402832}, "costs": {"total_cost": 1435.6455898353015, "time_cost": 150, "final_distance_cost": 63.808518045256214, "oscillation_cost": 157.43043498943, "completition_cost": 888.8888888888888, "overshoot_cost": 99.86146456230928, "power_cost": 45.71818298339844, "noise_cost": 29.938100366018627, "n_waypoints_completed": 1, "tot_waypoints": 9}}
{"target": -1457.4863199149554, "params": {"k_pid_pos": [9995.870781912423, 7786.710203742431, 1649.5897616468171], "k_pid_alt": [4968.5758789008105, 4974.43354902484, 0.0], "k_pid_att": [4882.508719343678, 2299.135102667009, 0.0], "k_pid_yaw": [0.5, 1e-06, 0.1], "k_pid_hsp": [10000.0, 7479.855567999856, 6735.315771815986], "k_pid_vsp": [6257.607142231281, 4412.392984561616, 3630.2667593925376]}, "datetime": {"datetime": "2025-08-09 03:15:37", "elapsed": 37569.06117248535, "delta": 43.568299770355225}, "costs": {"total_cost": 1457.4863199149554, "time_cost": 150, "final_distance_cost": 89.55875444320598, "oscillation_cost": 290.8273324684885, "completition_cost": 777.7777777777778, "overshoot_cost": 79.67587728898887, "power_cost": 40.857755444335936, "noise_cost": 28.788822492158257, "n_waypoints_completed": 2, "tot_waypoints": 9}}
{"target": -1239.25779469064, "params": {"k_pid_pos": [10000.0, 10000.0, 3476.88114669119], "k_pid_alt": [10000.0, 0.0, 412.73462684473463], "k_pid_att": [5382.513492753018, 0.0, 0.0], "k_pid_yaw": [0.5, 1e-06, 0.1], "k_pid_hsp": [10000.0, 8034.136283568275, 9389.40035500136], "k_pid_vsp": [7052.122449401385, 0.0, 0.0]}, "datetime": {"datetime": "2025-08-09 03:16:19", "elapsed": 37610.61518454552, "delta": 41.554012060165405}, "costs": {"total_cost": 1239.25779469064, "time_cost": 150, "final_distance_cost": 61.35330670239477, "oscillation_cost": 316.5484798952829, "completition_cost": 555.5555555555555, "overshoot_cost": 87.23718866516732, "power_cost": 40.15024530029297, "noise_cost": 28.413018571946402, "n_waypoints_completed": 4, "tot_waypoints": 9}}
{"target": -852.4025005462474, "params": {"k_pid_pos": [10000.0, 3626.2762661894762, 3809.561779354155], "k_pid_alt": [7494.119946116715, 0.0, 0.0], "k_pid_att": [10000.0, 8938.952696176617, 0.0], "k_pid_yaw": [0.5, 1e-06, 0.1], "k_pid_hsp": [4978.490273897767, 10000.0, 0.0], "k_pid_vsp": [4049.897323446403, 1967.3613939703791, 10000.0]}, "datetime": {"datetime": "2025-08-09 03:17:02", "elapsed": 37653.6458530426, "delta": 43.03066849708557}, "costs": {"total_cost": 852.4025005462474, "time_cost": 150, "final_distance_cost": 65.3188581305776, "oscillation_cost": 271.31575919638686, "completition_cost": 222.2222222222222, "overshoot_cost": 69.5328700618517, "power_cost": 44.27962727050782, "noise_cost": 29.733163664701188, "n_waypoints_completed": 7, "tot_waypoints": 9}}
{"target": -1959.7446056792094, "params": {"k_pid_pos": [8346.177893409733, 10000.0, 10000.0], "k_pid_alt": [10000.0, 7688.431418865032, 338.7916274684812], "k_pid_att": [4797.352096480248, 4954.433709303499, 0.0], "k_pid_yaw": [0.5, 1e-06, 0.1], "k_pid_hsp": [10000.0, 10000.0, 10000.0], "k_pid_vsp": [7630.9593594086555, 938.3810145165236, 5784.568241320189]}, "datetime": {"datetime": "2025-08-09 03:17:41", "elapsed": 37693.49625110626, "delta": 39.85039806365967}, "costs": {"total_cost": 1959.7446056792094, "time_cost": 150, "final_distance_cost": 64.00022762648135, "oscillation_cost": 653.3739025950525, "completition_cost": 888.8888888888888, "overshoot_cost": 137.98097631889826, "power_cost": 37.302225915527345, "noise_cost": 28.198384334361148, "n_waypoints_completed": 1, "tot_waypoints": 9}}
{"target": -4320.184319534734, "params": {"k_pid_pos": [2389.5121598201554, 2131.0368136862544, 9717.350878663325], "k_pid_alt": [4508.093596521454, 7820.575006592941, 3307.9477160633533], "k_pid_att": [9558.587531967103, 3337.642610474888, 3921.399388637082], "k_pid_yaw": [0.5, 1e-06, 0.1], "k_pid_hsp": [8810.026560664555, 4596.056444027098, 6278.630977182797], "k_pid_vsp": [2039.8574447096807, 7462.633539082993, 3164.334339006155]}, "datetime": {"datetime": "2025-08-09 03:18:14", "elapsed": 37725.57081389427, "delta": 32.074562788009644}, "costs": {"total_cost": 4320.184319534734, "time_cost": 150, "final_distance_cost": 242.11549748772177, "oscillation_cost": 638.8151021888197, "completition_cost": 1000.0, "overshoot_cost": 2135.5501511117527, "power_cost": 57.32869401855469, "noise_cost": 96.37487472788537, "n_waypoints_completed": 0, "tot_waypoints": 9}}
{"target": -3846.4181287545484, "params": {"k_pid_pos": [2728.8897435364124, 7536.603689111833, 8903.918734481294], "k_pid_alt": [5026.349173375343, 8533.921244021967, 5651.172041746795], "k_pid_att": [5494.10015334837, 7774.406143945448, 138.28177642506768], "k_pid_yaw": [0.5, 1e-06, 0.1], "k_pid_hsp": [4849.888956230595, 4070.7587362274635, 8114.780053330846], "k_pid_vsp": [3996.833558760811, 7800.949520506883, 411.065825329302]}, "datetime": {"datetime": "2025-08-09 03:18:45", "elapsed": 37757.08831357956, "delta": 31.517499685287476}, "costs": {"total_cost": 3846.4181287545484, "time_cost": 150, "final_distance_cost": 666.2821715361686, "oscillation_cost": 579.7601335545492, "completition_cost": 1000.0, "overshoot_cost": 1387.2921683555107, "power_cost": 35.38224796142578, "noise_cost": 27.70140734689453, "n_waypoints_completed": 0, "tot_waypoints": 9}}
{"target": -1343.2012858467065, "params": {"k_pid_pos": [9031.21092146284, 1085.5053445437202, 3088.166502879064], "k_pid_alt": [9502.398257759563, 3981.38005431331, 6490.054300537486], "k_pid_att": [8953.65556327556, 3690.9618513820187, 899.6006757869657], "k_pid_yaw": [0.5, 1e-06, 0.1], "k_pid_hsp": [2723.8324259298042, 8111.385036259119, 1420.9307476228805], "k_pid_vsp": [5470.267991797555, 5717.257091911265, 1475.3325173131636]}, "datetime": {"datetime": "2025-08-09 03:19:20", "elapsed": 37791.84946131706, "delta": 34.76114773750305}, "costs": {"total_cost": 1343.2012858467065, "time_cost": 150, "final_distance_cost": 73.86663621973483, "oscillation_cost": 116.58170940676689, "completition_cost": 777.7777777777778, "overshoot_cost": 157.25767773613262, "power_cost": 38.57077653808594, "noise_cost": 29.146708168208505, "n_waypoints_completed": 2, "tot_waypoints": 9}}
{"target": -3523.6346865721275, "params": {"k_pid_pos": [8557.769932711572, 6068.579943750331, 6247.544046570673], "k_pid_alt": [5955.928617100097, 2670.8790817813056, 8876.396897970853], "k_pid_att": [6448.5716348682345, 3879.4781737115736, 4458.753269678115], "k_pid_yaw": [0.5, 1e-06, 0.1], "k_pid_hsp": [5511.726001642431, 7001.277161743917, 9274.60322003295], "k_pid_vsp": [9607.919167225442, 913.640391350693, 2896.645665087856]}, "datetime": {"datetime": "2025-08-09 03:19:54", "elapsed": 37826.32282662392, "delta": 34.47336530685425}, "costs": {"total_cost": 3523.6346865721275, "time_cost": 150, "final_distance_cost": 559.6005092295666, "oscillation_cost": 695.2601335775479, "completition_cost": 1000.0, "overshoot_cost": 925.3045420307265, "power_cost": 58.62677196044922, "noise_cost": 134.8427297738377, "n_waypoints_completed": 0, "tot_waypoints": 9}}
