{"target": -7211.566092167301, "params": {"k_pid_pos": [4688.81306710223, 2872.8670405002267, 9233.812925466927], "k_pid_alt": [6719.313180352201, 6878.709059018673, 336.6173261933081], "k_pid_att": [4056.382383774306, 966.4626105396102, 7109.428730424523], "k_pid_yaw": [0.5, 1e-06, 0.1], "k_pid_hsp": [6690.69436593553, 3927.6732033165254, 6052.374813239699], "k_pid_vsp": [8651.247594627284, 5086.220188075747, 8195.945734734863]}, "datetime": {"datetime": "2025-08-09 05:26:51", "elapsed": 45442.62906241417, "delta": 33.18726873397827}, "costs": {"total_cost": 7211.566092167301, "time_cost": 150, "final_distance_cost": 1864.0502817471333, "oscillation_cost": 23.36315659207667, "completition_cost": 1000.0, "overshoot_cost": 4111.035110848828, "power_cost": 35.32499494628907, "noise_cost": 27.792548032974526, "n_waypoints_completed": 0, "tot_waypoints": 9}}
{"target": -1556.164810325693, "params": {"k_pid_pos": [7800.249701130229, 2941.5611491615555, 851.1026077697035], "k_pid_alt": [0.0, 6452.568363290917, 8524.47021842516], "k_pid_att": [5774.349512108781, 7441.946292918464, 0.0], "k_pid_yaw": [0.5, 1e-06, 0.1], "k_pid_hsp": [10000.0, 6862.7320194435415, 5472.7823412085345], "k_pid_vsp": [2735.1181923848703, 837.9169638835458, 7990.208191835985]}, "datetime": {"datetime": "2025-08-09 05:27:34", "elapsed": 45485.821160793304, "delta": 43.19209837913513}, "costs": {"total_cost": 1556.164810325693, "time_cost": 150, "final_distance_cost": 82.14241074760534, "oscillation_cost": 272.0649815375174, "completition_cost": 888.8888888888888, "overshoot_cost": 91.92870775851453, "power_cost": 41.197060681152344, "noise_cost": 29.942760712014632, "n_waypoints_completed": 1, "tot_waypoints": 9}}
{"target": -6332.266872547136, "params": {"k_pid_pos": [2328.1600178168005, 3573.525986480123, 2570.1723185734336], "k_pid_alt": [4361.86306778315, 4532.162093444103, 5507.466317307363], "k_pid_att": [2758.4624777872837, 2753.129011323364, 1564.830048230863], "k_pid_yaw": [0.5, 1e-06, 0.1], "k_pid_hsp": [5953.2752780982855, 7945.965664257255, 3149.536420413114], "k_pid_vsp": [3431.4061798339612, 647.4246792064453, 2004.3617608594643]}, "datetime": {"datetime": "2025-08-09 05:28:06", "elapsed": 45518.1075425148, "delta": 32.28638172149658}, "costs": {"total_cost": 6332.266872547136, "time_cost": 150, "final_distance_cost": 1328.018187989377, "oscillation_cost": 698.3179964351309, "completition_cost": 1000.0, "overshoot_cost": 2960.6872820698245, "power_cost": 58.64394517822266, "noise_cost": 136.59946087458036, "n_waypoints_completed": 0, "tot_waypoints": 9}}
{"target": -17666.759752574348, "params": {"k_pid_pos": [9753.597257818557, 4711.574571878667, 1638.7086732942068], "k_pid_alt": [2789.8574330606775, 5722.505472384315, 8405.800485545618], "k_pid_att": [919.8836091587892, 6054.638984331335, 3467.362492990058], "k_pid_yaw": [0.5, 1e-06, 0.1], "k_pid_hsp": [32.392386938507876, 7096.503283315645, 9258.437571634046], "k_pid_vsp": [3055.0210227160956, 8819.564505009877, 6539.781894686995]}, "datetime": {"datetime": "2025-08-09 05:28:39", "elapsed": 45550.83645915985, "delta": 32.72891664505005}, "costs": {"total_cost": 17666.759752574348, "time_cost": 150, "final_distance_cost": 4770.233427475144, "oscillation_cost": 1707.9504569153344, "completition_cost": 1000.0, "overshoot_cost": 9843.709520848144, "power_cost": 58.27823908691406, "noise_cost": 136.588108248811, "n_waypoints_completed": 0, "tot_waypoints": 9}}
{"target": -1494.8764661535502, "params": {"k_pid_pos": [586.5880631581534, 10000.0, 5864.603646805584], "k_pid_alt": [3494.9884696069184, 2414.7580633132934, 8704.346346977576], "k_pid_att": [8293.58117241782, 4043.085376194412, 0.0], "k_pid_yaw": [0.5, 1e-06, 0.1], "k_pid_hsp": [2436.059721187784, 10000.0, 0.0], "k_pid_vsp": [6614.470818277397, 6102.954783701082, 2612.9372496846013]}, "datetime": {"datetime": "2025-08-09 05:29:26", "elapsed": 45598.12070798874, "delta": 47.28424882888794}, "costs": {"total_cost": 1494.8764661535502, "time_cost": 150, "final_distance_cost": 84.59620915509944, "oscillation_cost": 233.18220423440326, "completition_cost": 888.8888888888888, "overshoot_cost": 63.839983713171314, "power_cost": 44.903317626953125, "noise_cost": 29.465862535034052, "n_waypoints_completed": 1, "tot_waypoints": 9}}
{"target": -1842.5003607849264, "params": {"k_pid_pos": [7062.969756988834, 0.0, 2398.00453424401], "k_pid_alt": [0.0, 2606.5192776739004, 8541.556287396686], "k_pid_att": [3657.625334114582, 3841.4664751053156, 0.0], "k_pid_yaw": [0.5, 1e-06, 0.1], "k_pid_hsp": [10000.0, 3795.855509690112, 2935.4266119577965], "k_pid_vsp": [1117.1759600948901, 7226.052966854848, 9932.58352430931]}, "datetime": {"datetime": "2025-08-09 05:30:09", "elapsed": 45641.280834913254, "delta": 43.16012692451477}, "costs": {"total_cost": 1842.5003607849264, "time_cost": 150, "final_distance_cost": 116.45246013872365, "oscillation_cost": 624.4081939355632, "completition_cost": 777.7777777777778, "overshoot_cost": 104.79138254315085, "power_cost": 39.31742677001953, "noise_cost": 29.753119619691404, "n_waypoints_completed": 2, "tot_waypoints": 9}}
{"target": -1787.4272119504742, "params": {"k_pid_pos": [5376.260438721556, 8171.075672669033, 7349.929976385102], "k_pid_alt": [8140.190811302839, 7648.5029562280215, 3434.6959714586487], "k_pid_att": [1226.983687804959, 5607.449233861474, 195.4352369542056], "k_pid_yaw": [0.5, 1e-06, 0.1], "k_pid_hsp": [9740.523554975058, 1864.8612301161215, 2125.4803935791124], "k_pid_vsp": [802.8697068408741, 1404.9898549009765, 865.7713906674347]}, "datetime": {"datetime": "2025-08-09 05:30:42", "elapsed": 45673.67533373833, "delta": 32.39449882507324}, "costs": {"total_cost": 1787.4272119504742, "time_cost": 150, "final_distance_cost": 92.25656308842935, "oscillation_cost": 483.9389533072334, "completition_cost": 888.8888888888888, "overshoot_cost": 94.92524572772174, "power_cost": 46.147786755371094, "noise_cost": 31.269774182830105, "n_waypoints_completed": 1, "tot_waypoints": 9}}
{"target": -2387.1660364180675, "params": {"k_pid_pos": [5676.047024215954, 1685.6720032353855, 5002.645117556406], "k_pid_alt": [8235.786874173067, 8431.010738374935, 3713.0900684319445], "k_pid_att": [2744.5534718273166, 5124.337307637698, 1180.3607320676324], "k_pid_yaw": [0.5, 1e-06, 0.1], "k_pid_hsp": [4757.082682542787, 8556.945418823576, 3876.2374877253246], "k_pid_vsp": [2007.7853159682313, 2018.7743169395267, 9208.86375557741]}, "datetime": {"datetime": "2025-08-09 05:31:14", "elapsed": 45706.23112821579, "delta": 32.55579447746277}, "costs": {"total_cost": 2387.1660364180675, "time_cost": 150, "final_distance_cost": 204.2672201694982, "oscillation_cost": 153.2223205152054, "completition_cost": 1000.0, "overshoot_cost": 811.7445418378053, "power_cost": 37.64979470214844, "noise_cost": 30.282159193410184, "n_waypoints_completed": 0, "tot_waypoints": 9}}
{"target": -1593.0701100475856, "params": {"k_pid_pos": [1882.772152289293, 2333.726385025487, 2231.7924838754893], "k_pid_alt": [10000.0, 2566.540630610765, 8594.24155093267], "k_pid_att": [8578.345182677549, 6291.341679696676, 0.0], "k_pid_yaw": [0.5, 1e-06, 0.1], "k_pid_hsp": [5424.557796864098, 6894.04925708318, 6567.937572292427], "k_pid_vsp": [5354.183406688898, 7470.3291235819215, 1946.2425275228836]}, "datetime": {"datetime": "2025-08-09 05:32:00", "elapsed": 45752.23472070694, "delta": 46.0035924911499}, "costs": {"total_cost": 1593.0701100475856, "time_cost": 150, "final_distance_cost": 106.14130364315088, "oscillation_cost": 416.3917154593969, "completition_cost": 777.7777777777778, "overshoot_cost": 76.37110295838363, "power_cost": 38.12141711425782, "noise_cost": 28.2667930946183, "n_waypoints_completed": 2, "tot_waypoints": 9}}
{"target": -823.9195503560204, "params": {"k_pid_pos": [6562.758204501297, 10000.0, 10000.0], "k_pid_alt": [10000.0, 0.0, 6492.732886665282], "k_pid_att": [4148.564374486656, 0.0, 0.0], "k_pid_yaw": [0.5, 1e-06, 0.1], "k_pid_hsp": [10000.0, 4156.654770640043, 2633.28975699052], "k_pid_vsp": [4241.714492511087, 4553.296777541271, 10000.0]}, "datetime": {"datetime": "2025-08-09 05:32:48", "elapsed": 45800.43013215065, "delta": 48.19541144371033}, "costs": {"total_cost": 823.9195503560204, "time_cost": 150, "final_distance_cost": 62.24121089539914, "oscillation_cost": 243.86429814451114, "completition_cost": 222.2222222222222, "overshoot_cost": 76.71739387358977, "power_cost": 40.03359940185547, "noise_cost": 28.84082581844265, "n_waypoints_completed": 7, "tot_waypoints": 9}}
{"target": -3937.061649338904, "params": {"k_pid_pos": [6206.991641353906, 2926.344487344423, 6688.623266531186], "k_pid_alt": [4371.330036196153, 4891.754221981766, 2456.435304452833], "k_pid_att": [5917.084165431228, 9493.21504057007, 814.657194465136], "k_pid_yaw": [0.5, 1e-06, 0.1], "k_pid_hsp": [8704.114544672313, 6197.672517040865, 2937.599028246204], "k_pid_vsp": [5258.678266975953, 8503.34873899707, 1792.4346238266564]}, "datetime": {"datetime": "2025-08-09 05:33:21", "elapsed": 45833.17678523064, "delta": 32.74665307998657}, "costs": {"total_cost": 3937.061649338904, "time_cost": 150, "final_distance_cost": 945.6102417666002, "oscillation_cost": 241.82827213749331, "completition_cost": 1000.0, "overshoot_cost": 1536.166306326518, "power_cost": 35.56101168212891, "noise_cost": 27.895817426163756, "n_waypoints_completed": 0, "tot_waypoints": 9}}
{"target": -3286.6285716456528, "params": {"k_pid_pos": [10000.0, 7112.532957287881, 3777.3264773308906], "k_pid_alt": [746.5545962892646, 10000.0, 3587.9110791930743], "k_pid_att": [7084.7808346208585, 7103.416807362054, 0.0], "k_pid_yaw": [0.5, 1e-06, 0.1], "k_pid_hsp": [9646.423601640205, 6090.584829802716, 5849.784243481276], "k_pid_vsp": [0.0, 3214.179194134914, 5131.151843456718]}, "datetime": {"datetime": "2025-08-09 05:34:06", "elapsed": 45878.29633331299, "delta": 45.119548082351685}, "costs": {"total_cost": 3286.6285716456528, "time_cost": 150, "final_distance_cost": 595.0484537850732, "oscillation_cost": 300.7543478069098, "completition_cost": 1000.0, "overshoot_cost": 1169.2721330640104, "power_cost": 41.56703869628907, "noise_cost": 29.986598293370225, "n_waypoints_completed": 0, "tot_waypoints": 9}}
{"target": -3022.017885788325, "params": {"k_pid_pos": [2934.752871030637, 5436.4544513817555, 3738.2126703534536], "k_pid_alt": [4300.217256619561, 7723.477883365848, 8339.33047126303], "k_pid_att": [5939.141295061946, 1576.388708645019, 1616.637318484776], "k_pid_yaw": [0.5, 1e-06, 0.1], "k_pid_hsp": [5590.7933870177085, 5042.324731436923, 48.739152419177145], "k_pid_vsp": [4666.6894496418845, 610.6534642735661, 3874.490805469698]}, "datetime": {"datetime": "2025-08-09 05:34:39", "elapsed": 45910.89942121506, "delta": 32.60308790206909}, "costs": {"total_cost": 3022.017885788325, "time_cost": 150, "final_distance_cost": 395.2381772407261, "oscillation_cost": 294.7385447667965, "completition_cost": 1000.0, "overshoot_cost": 1063.9862391624697, "power_cost": 45.632409814453126, "noise_cost": 72.42251480387941, "n_waypoints_completed": 0, "tot_waypoints": 9}}
{"target": -1216.5056622181348, "params": {"k_pid_pos": [10000.0, 848.8332704611993, 1937.0816022998335], "k_pid_alt": [1864.456551171686, 3130.233028447997, 9790.966478296514], "k_pid_att": [8645.58783843838, 4972.165409868855, 0.0], "k_pid_yaw": [0.5, 1e-06, 0.1], "k_pid_hsp": [10000.0, 6490.160311496435, 1195.14861487545], "k_pid_vsp": [6815.5098008942805, 1255.6101786046552, 5572.672235369317]}, "datetime": {"datetime": "2025-08-09 05:35:24", "elapsed": 45956.07718920708, "delta": 45.17776799201965}, "costs": {"total_cost": 1216.5056622181348, "time_cost": 150, "final_distance_cost": 53.087034361155546, "oscillation_cost": 207.2358799401647, "completition_cost": 666.6666666666667, "overshoot_cost": 66.81702678007903, "power_cost": 41.72625938720703, "noise_cost": 30.97279508286196, "n_waypoints_completed": 3, "tot_waypoints": 9}}
{"target": -1443.3945885858486, "params": {"k_pid_pos": [10000.0, 10000.0, 3425.176799386897], "k_pid_alt": [0.0, 3266.776865286463, 0.0], "k_pid_att": [6372.578721494073, 6593.36747689705, 0.0], "k_pid_yaw": [0.5, 1e-06, 0.1], "k_pid_hsp": [5992.361022100146, 6597.446599856926, 4125.389245628423], "k_pid_vsp": [0.0, 9359.648415198128, 6275.959178399128]}, "datetime": {"datetime": "2025-08-09 05:36:11", "elapsed": 46002.599870204926, "delta": 46.52268099784851}, "costs": {"total_cost": 1443.3945885858486, "time_cost": 150, "final_distance_cost": 96.49660568224138, "oscillation_cost": 263.6291607354344, "completition_cost": 777.7777777777778, "overshoot_cost": 84.59334081062711, "power_cost": 41.65011811523438, "noise_cost": 29.247585464533508, "n_waypoints_completed": 2, "tot_waypoints": 9}}
{"target": -3523.43163172838, "params": {"k_pid_pos": [11.657017360718891, 4347.646062947971, 8032.938545786976], "k_pid_alt": [3802.254547492906, 7307.019927888277, 6257.857206078521], "k_pid_att": [6900.231279647827, 8374.909792002352, 1275.9647384670259], "k_pid_yaw": [0.5, 1e-06, 0.1], "k_pid_hsp": [2009.289729103003, 8401.387024784908, 4704.024664713356], "k_pid_vsp": [6070.78198978328, 3025.1146044954803, 8277.091589244288]}, "datetime": {"datetime": "2025-08-09 05:36:43", "elapsed": 46035.30625677109, "delta": 32.70638656616211}, "costs": {"total_cost": 3523.43163172838, "time_cost": 150, "final_distance_cost": 707.0678338249841, "oscillation_cost": 101.59655417740106, "completition_cost": 1000.0, "overshoot_cost": 1501.918036543892, "power_cost": 35.09916452636719, "noise_cost": 27.75004265573579, "n_waypoints_completed": 0, "tot_waypoints": 9}}
{"target": -7200.039936250416, "params": {"k_pid_pos": [5061.585188256837, 3106.0109287336104, 9568.257166263542], "k_pid_alt": [7330.084841820453, 6314.43398491203, 9660.226906735877], "k_pid_att": [3037.407960137386, 1848.7127210789379, 8305.797193725804], "k_pid_yaw": [0.5, 1e-06, 0.1], "k_pid_hsp": [138.40364485625312, 4106.912494185786, 5926.3795959422105], "k_pid_vsp": [3963.5396940789246, 3493.0520908898466, 2600.2843077513994]}, "datetime": {"datetime": "2025-08-09 05:37:16", "elapsed": 46068.473711013794, "delta": 33.1674542427063}, "costs": {"total_cost": 7200.039936250416, "time_cost": 150, "final_distance_cost": 1691.8185046899848, "oscillation_cost": 778.1814834975149, "completition_cost": 1000.0, "overshoot_cost": 3397.3222616443486, "power_cost": 58.58709399414063, "noise_cost": 124.13059242442665, "n_waypoints_completed": 0, "tot_waypoints": 9}}
{"target": -1452.7590953524384, "params": {"k_pid_pos": [2268.0683486455514, 10.022510566542657, 0.0], "k_pid_alt": [5904.158808084976, 5086.159691926967, 5579.746379035981], "k_pid_att": [9552.412643527641, 4893.241230525506, 0.0], "k_pid_yaw": [0.5, 1e-06, 0.1], "k_pid_hsp": [6239.292272264433, 6495.309013189933, 0.0], "k_pid_vsp": [3630.3358195160113, 0.0, 3296.0120971412616]}, "datetime": {"datetime": "2025-08-09 05:38:01", "elapsed": 46113.072164297104, "delta": 44.59845328330994}, "costs": {"total_cost": 1452.7590953524384, "time_cost": 150, "final_distance_cost": 44.86316228030611, "oscillation_cost": 143.07369596253815, "completition_cost": 1000.0, "overshoot_cost": 39.31254721257112, "power_cost": 45.866851574707034, "noise_cost": 29.642838322315985, "n_waypoints_completed": 0, "tot_waypoints": 9}}
{"target": -23109.796272513915, "params": {"k_pid_pos": [1270.3160002573977, 4787.205369120277, 9041.99274844329], "k_pid_alt": [6250.819653729942, 6425.747438110435, 682.5510683539626], "k_pid_att": [1679.4926731254934, 5456.506386326621, 8107.762569437779], "k_pid_yaw": [0.5, 1e-06, 0.1], "k_pid_hsp": [1140.469378772383, 7015.888764854814, 219.94625606465812], "k_pid_vsp": [5981.543039616805, 4961.709394724098, 5748.128756415821]}, "datetime": {"datetime": "2025-08-09 05:38:34", "elapsed": 46146.092967033386, "delta": 33.02080273628235}, "costs": {"total_cost": 23109.796272513915, "time_cost": 150, "final_distance_cost": 7162.913083079519, "oscillation_cost": 687.184979715945, "completition_cost": 1000.0, "overshoot_cost": 13940.752771651221, "power_cost": 54.406094580078125, "noise_cost": 114.53934348715491, "n_waypoints_completed": 0, "tot_waypoints": 9}}
{"target": -12143.231867536584, "params": {"k_pid_pos": [2820.8518058243303, 3790.439262609082, 809.100346806535], "k_pid_alt": [2357.0385895567447, 4872.972489549562, 6673.979272018685], "k_pid_att": [1142.3588843419086, 7939.842913096019, 8885.71381376832], "k_pid_yaw": [0.5, 1e-06, 0.1], "k_pid_hsp": [9573.306337711603, 3151.7072783647814, 8657.919184105398], "k_pid_vsp": [7977.458222524645, 5264.854942999911, 7881.508049282963]}, "datetime": {"datetime": "2025-08-09 05:39:08", "elapsed": 46179.59404826164, "delta": 33.501081228256226}, "costs": {"total_cost": 12143.231867536584, "time_cost": 150, "final_distance_cost": 2432.6610253404474, "oscillation_cost": 855.3587987987165, "completition_cost": 1000.0, "overshoot_cost": 7524.123608595167, "power_cost": 56.47188393554688, "noise_cost": 124.61655086670653, "n_waypoints_completed": 0, "tot_waypoints": 9}}
{"target": -888.607356776881, "params": {"k_pid_pos": [10000.0, 10000.0, 3473.6740550972454], "k_pid_alt": [10000.0, 0.0, 0.0], "k_pid_att": [10000.0, 7096.060532375785, 0.0], "k_pid_yaw": [0.5, 1e-06, 0.1], "k_pid_hsp": [10000.0, 10000.0, 5022.323361546629], "k_pid_vsp": [4467.148688476555, 2290.580675279726, 3662.637974306485]}, "datetime": {"datetime": "2025-08-09 05:39:53", "elapsed": 46225.24244260788, "delta": 45.64839434623718}, "costs": {"total_cost": 888.607356776881, "time_cost": 150, "final_distance_cost": 44.24822778352993, "oscillation_cost": 215.79145316175683, "completition_cost": 333.33333333333337, "overshoot_cost": 75.53309965753527, "power_cost": 41.01889420166016, "noise_cost": 28.682348639065527, "n_waypoints_completed": 6, "tot_waypoints": 9}}
{"target": -1741.9949302418595, "params": {"k_pid_pos": [3385.785603107733, 1766.0826634007703, 5803.174291792721], "k_pid_alt": [4299.478542238721, 0.0, 4381.440460805955], "k_pid_att": [10000.0, 7330.400430486426, 0.0], "k_pid_yaw": [0.5, 1e-06, 0.1], "k_pid_hsp": [0.0, 7302.809438889597, 2226.728879432555], "k_pid_vsp": [9401.810701222772, 5791.335464760695, 1384.8025025189818]}, "datetime": {"datetime": "2025-08-09 05:40:44", "elapsed": 46275.93291974068, "delta": 50.69047713279724}, "costs": {"total_cost": 1741.9949302418595, "time_cost": 150, "final_distance_cost": 59.383095363839765, "oscillation_cost": 713.3243452176771, "completition_cost": 666.6666666666667, "overshoot_cost": 88.77959590722978, "power_cost": 36.07502517089844, "noise_cost": 27.766201915547715, "n_waypoints_completed": 3, "tot_waypoints": 9}}
{"target": -13449.027587098943, "params": {"k_pid_pos": [3620.5021538850347, 4380.198117930233, 4260.924269114521], "k_pid_alt": [7704.361421027278, 1170.4314324436427, 5941.707076087347], "k_pid_att": [2629.651305578613, 9646.664983473122, 7798.0552627592015], "k_pid_yaw": [0.5, 1e-06, 0.1], "k_pid_hsp": [2708.8280833026, 334.1820984810473, 4357.303157604689], "k_pid_vsp": [4910.298792135044, 4154.3066443820435, 9802.13503330928]}, "datetime": {"datetime": "2025-08-09 05:41:17", "elapsed": 46308.99132871628, "delta": 33.058408975601196}, "costs": {"total_cost": 13449.027587098943, "time_cost": 150, "final_distance_cost": 4576.228686220068, "oscillation_cost": 1255.5155378776537, "completition_cost": 1000.0, "overshoot_cost": 6289.329821003475, "power_cost": 55.23032518310547, "noise_cost": 122.72321681464088, "n_waypoints_completed": 0, "tot_waypoints": 9}}
{"target": -4501.829112357955, "params": {"k_pid_pos": [1816.4276255639288, 342.1960305165117, 8074.870407289887], "k_pid_alt": [2341.493388092174, 4356.902988837841, 5940.497967574007], "k_pid_att": [3834.026903876501, 1611.8804077843463, 114.77330711537337], "k_pid_yaw": [0.5, 1e-06, 0.1], "k_pid_hsp": [1651.9499133395389, 971.7235067783892, 7266.115296330682], "k_pid_vsp": [6791.9880639003295, 6196.2785404031465, 3233.4378411227426]}, "datetime": {"datetime": "2025-08-09 05:41:50", "elapsed": 46342.26233744621, "delta": 33.27100872993469}, "costs": {"total_cost": 4501.829112357955, "time_cost": 150, "final_distance_cost": 920.9574256961646, "oscillation_cost": 447.331512865288, "completition_cost": 1000.0, "overshoot_cost": 1920.5423196163067, "power_cost": 35.360929443359375, "noise_cost": 27.636924736836775, "n_waypoints_completed": 0, "tot_waypoints": 9}}
{"target": -2295.8990121427314, "params": {"k_pid_pos": [8248.930414484397, 4206.042496827702, 0.0], "k_pid_alt": [0.0, 0.0, 0.0], "k_pid_att": [5879.034318221714, 6476.135000949638, 0.0], "k_pid_yaw": [0.5, 1e-06, 0.1], "k_pid_hsp": [0.0, 9852.260169206254, 4296.385901262486], "k_pid_vsp": [5861.21825177072, 5002.789218259063, 2875.9077804824688]}, "datetime": {"datetime": "2025-08-09 05:42:38", "elapsed": 46390.08974504471, "delta": 47.82740759849548}, "costs": {"total_cost": 2295.8990121427314, "time_cost": 150, "final_distance_cost": 60.64965168796399, "oscillation_cost": 679.2851720799729, "completition_cost": 1000.0, "overshoot_cost": 264.8401367731561, "power_cost": 37.48079069824219, "noise_cost": 103.64326090339605, "n_waypoints_completed": 0, "tot_waypoints": 9}}
{"target": -2213.711996956193, "params": {"k_pid_pos": [1559.2884885098117, 5293.273719972042, 6612.387681165927], "k_pid_alt": [3022.550700498736, 4336.064952987972, 10000.0], "k_pid_att": [6012.048765583024, 3172.600494388517, 0.0], "k_pid_yaw": [0.5, 1e-06, 0.1], "k_pid_hsp": [0.0, 10000.0, 4053.67510839982], "k_pid_vsp": [3805.285468077923, 0.0, 2995.770725605345]}, "datetime": {"datetime": "2025-08-09 05:43:24", "elapsed": 46435.94973349571, "delta": 45.85998845100403}, "costs": {"total_cost": 2213.711996956193, "time_cost": 150, "final_distance_cost": 107.95971178979387, "oscillation_cost": 854.6383772973244, "completition_cost": 888.8888888888888, "overshoot_cost": 148.54514702185813, "power_cost": 35.86206983642578, "noise_cost": 27.817802121902123, "n_waypoints_completed": 1, "tot_waypoints": 9}}
