{"target": -12183.541935660704, "params": {"k_pid_pos": [3909.7552537300407, 3659.45562612031, 9674.359767296633], "k_pid_alt": [2367.124752207621, 4807.138439954341, 1071.5292820435807], "k_pid_att": [2689.333993541043, 6078.76621806088, 6308.647499213304], "k_pid_yaw": [0.5, 1e-06, 0.1], "k_pid_hsp": [1457.9515083486683, 1976.1525136979708, 4592.419128974738], "k_pid_vsp": [8880.23709382748, 4112.653051849262, 6005.461322206435]}, "datetime": {"datetime": "2025-08-09 04:54:48", "elapsed": 43520.3273665905, "delta": 32.56279635429382}, "costs": {"total_cost": 12183.541935660704, "time_cost": 150, "final_distance_cost": 2098.057602282676, "oscillation_cost": 1536.2141912683862, "completition_cost": 1000.0, "overshoot_cost": 7196.262332905662, "power_cost": 58.648873571777344, "noise_cost": 144.3589356322006, "n_waypoints_completed": 0, "tot_waypoints": 9}}
{"target": -2905.360934107348, "params": {"k_pid_pos": [3210.7478952771817, 4507.5027394826075, 7996.307636477131], "k_pid_alt": [7323.891420876786, 7009.17098654263, 6907.130534164145], "k_pid_att": [9833.416028819494, 6770.697827442823, 5506.0520242944185], "k_pid_yaw": [0.5, 1e-06, 0.1], "k_pid_hsp": [5317.2826401495895, 3335.378913182012, 2129.644167775523], "k_pid_vsp": [6188.1283895739125, 2953.1448548833505, 7108.830530832406]}, "datetime": {"datetime": "2025-08-09 04:55:21", "elapsed": 43552.740332365036, "delta": 32.41296577453613}, "costs": {"total_cost": 2905.360934107348, "time_cost": 150, "final_distance_cost": 402.18928168393006, "oscillation_cost": 406.93342580818813, "completition_cost": 1000.0, "overshoot_cost": 818.4322647767939, "power_cost": 48.19716904296875, "noise_cost": 79.60879279546741, "n_waypoints_completed": 0, "tot_waypoints": 9}}
{"target": -4306.257776282374, "params": {"k_pid_pos": [5187.824053810972, 6938.56526795929, 661.7571135161915], "k_pid_alt": [6657.042831633499, 6961.546235070827, 1469.1941910551632], "k_pid_att": [397.73415995428604, 6693.237841532773, 9650.543515886753], "k_pid_yaw": [0.5, 1e-06, 0.1], "k_pid_hsp": [780.5245781688186, 2671.6788445490424, 4286.686253817416], "k_pid_vsp": [6738.818384773237, 9541.790410634278, 86.01955407569805]}, "datetime": {"datetime": "2025-08-09 04:55:54", "elapsed": 43586.01303601265, "delta": 33.272703647613525}, "costs": {"total_cost": 4306.257776282374, "time_cost": 150, "final_distance_cost": 428.93550110672777, "oscillation_cost": 1201.7709725925524, "completition_cost": 1000.0, "overshoot_cost": 1327.3299986621507, "power_cost": 58.655612695312506, "noise_cost": 139.56569122562954, "n_waypoints_completed": 0, "tot_waypoints": 9}}
{"target": -1765.8926400093242, "params": {"k_pid_pos": [6118.330203887757, 9884.357985665558, 10000.0], "k_pid_alt": [7960.830022717378, 10000.0, 0.0], "k_pid_att": [5498.709487763233, 4800.090776595044, 0.0], "k_pid_yaw": [0.5, 1e-06, 0.1], "k_pid_hsp": [2204.929711454667, 5576.984027931856, 3402.7088357782195], "k_pid_vsp": [1510.679861533895, 10000.0, 6756.982069092887]}, "datetime": {"datetime": "2025-08-09 04:56:38", "elapsed": 43629.57751584053, "delta": 43.56447982788086}, "costs": {"total_cost": 1765.8926400093242, "time_cost": 150, "final_distance_cost": 66.66552136194362, "oscillation_cost": 381.4279106884756, "completition_cost": 1000.0, "overshoot_cost": 101.1496623126444, "power_cost": 38.27318721923828, "noise_cost": 28.376358427022396, "n_waypoints_completed": 0, "tot_waypoints": 9}}
{"target": -1251.9007709693192, "params": {"k_pid_pos": [3821.842455453013, 10000.0, 6411.665514927699], "k_pid_alt": [10000.0, 0.0, 2557.7390508352987], "k_pid_att": [10000.0, 1321.3605679513562, 0.0], "k_pid_yaw": [0.5, 1e-06, 0.1], "k_pid_hsp": [9671.71544068254, 0.0, 0.0], "k_pid_vsp": [133.6043017388151, 9687.134102844111, 2635.4639532557057]}, "datetime": {"datetime": "2025-08-09 04:57:23", "elapsed": 43675.23928833008, "delta": 45.66177248954773}, "costs": {"total_cost": 1251.9007709693192, "time_cost": 150, "final_distance_cost": 48.31241051845305, "oscillation_cost": 355.67617650410017, "completition_cost": 555.5555555555555, "overshoot_cost": 73.95106147300237, "power_cost": 39.78976450195313, "noise_cost": 28.615802416254912, "n_waypoints_completed": 4, "tot_waypoints": 9}}
{"target": -7643.390264509397, "params": {"k_pid_pos": [6885.858849113035, 1778.23417210495, 7780.635081381667], "k_pid_alt": [3404.987530412348, 7877.230734443395, 6095.5412627404985], "k_pid_att": [1894.1567345019193, 7217.501896586348, 7071.014071001852], "k_pid_yaw": [0.5, 1e-06, 0.1], "k_pid_hsp": [5491.732155151947, 4941.125760838615, 6445.00311445912], "k_pid_vsp": [620.8075890899755, 4167.078259399949, 2393.6669985543144]}, "datetime": {"datetime": "2025-08-09 04:57:56", "elapsed": 43708.13873744011, "delta": 32.89944911003113}, "costs": {"total_cost": 7643.390264509397, "time_cost": 150, "final_distance_cost": 1979.6929178305636, "oscillation_cost": 1220.2126356340164, "completition_cost": 1000.0, "overshoot_cost": 3113.9251704177873, "power_cost": 55.39458077392578, "noise_cost": 124.16495985310353, "n_waypoints_completed": 0, "tot_waypoints": 9}}
{"target": -2168.3073586532255, "params": {"k_pid_pos": [8129.445083546347, 10000.0, 5546.072545379912], "k_pid_alt": [7715.8472085477815, 0.0, 0.0], "k_pid_att": [10000.0, 8461.584679344187, 0.0], "k_pid_yaw": [0.5, 1e-06, 0.1], "k_pid_hsp": [7162.611220037959, 3977.238836218055, 9555.53569928268], "k_pid_vsp": [91.8658604434625, 8478.42944871952, 7154.439396716798]}, "datetime": {"datetime": "2025-08-09 04:58:39", "elapsed": 43751.127770900726, "delta": 42.989033460617065}, "costs": {"total_cost": 2168.3073586532255, "time_cost": 150, "final_distance_cost": 95.98471527637811, "oscillation_cost": 794.8419998856481, "completition_cost": 888.8888888888888, "overshoot_cost": 174.20626335817835, "power_cost": 35.90404102783203, "noise_cost": 28.48145021630025, "n_waypoints_completed": 1, "tot_waypoints": 9}}
{"target": -1751.471187294817, "params": {"k_pid_pos": [4127.185578923646, 4081.133476893439, 0.0], "k_pid_alt": [5096.029528421871, 10000.0, 0.0], "k_pid_att": [10000.0, 6147.254127349716, 0.0], "k_pid_yaw": [0.5, 1e-06, 0.1], "k_pid_hsp": [9688.663391917295, 3450.715291078282, 0.0], "k_pid_vsp": [3901.717505771223, 2914.058029317168, 3927.681363937679]}, "datetime": {"datetime": "2025-08-09 04:59:22", "elapsed": 43794.25807261467, "delta": 43.13030171394348}, "costs": {"total_cost": 1751.471187294817, "time_cost": 150, "final_distance_cost": 60.44592319381077, "oscillation_cost": 401.2279778298623, "completition_cost": 1000.0, "overshoot_cost": 71.03601240761644, "power_cost": 40.037905859375, "noise_cost": 28.723368004152164, "n_waypoints_completed": 0, "tot_waypoints": 9}}
{"target": -1515.0967327516466, "params": {"k_pid_pos": [8190.716731008432, 6401.192171313051, 5934.221276236183], "k_pid_alt": [999.8740540524598, 7820.695251006966, 715.4200988862136], "k_pid_att": [5210.364280257073, 8577.99975071031, 564.2464232083611], "k_pid_yaw": [0.5, 1e-06, 0.1], "k_pid_hsp": [9906.770282745825, 5439.1481473709455, 1650.4678096276216], "k_pid_vsp": [5143.193339355122, 7141.198419693657, 6312.1460261940565]}, "datetime": {"datetime": "2025-08-09 04:59:55", "elapsed": 43826.7134950161, "delta": 32.45542240142822}, "costs": {"total_cost": 1515.0967327516466, "time_cost": 150, "final_distance_cost": 71.66451202361999, "oscillation_cost": 153.1247467520545, "completition_cost": 1000.0, "overshoot_cost": 69.74400570377378, "power_cost": 40.4011505859375, "noise_cost": 30.16231768626057, "n_waypoints_completed": 0, "tot_waypoints": 9}}
{"target": -2357.997128538055, "params": {"k_pid_pos": [4695.780214034917, 4960.086801037515, 7068.281271196946], "k_pid_alt": [9900.610014194168, 6162.467854821605, 9284.94770596409], "k_pid_att": [9479.301447403925, 5524.787755970804, 3807.0462780798744], "k_pid_yaw": [0.5, 1e-06, 0.1], "k_pid_hsp": [746.8240345659083, 6143.4656537247165, 41.99143021365703], "k_pid_vsp": [1898.6452083955662, 6485.949769377449, 6930.879053975473]}, "datetime": {"datetime": "2025-08-09 05:00:27", "elapsed": 43858.98030042648, "delta": 32.26680541038513}, "costs": {"total_cost": 2357.997128538055, "time_cost": 150, "final_distance_cost": 362.605867380791, "oscillation_cost": 249.4492793664467, "completition_cost": 1000.0, "overshoot_cost": 497.4763228021236, "power_cost": 43.45563989257813, "noise_cost": 55.01001909611525, "n_waypoints_completed": 0, "tot_waypoints": 9}}
{"target": -20868.98164362447, "params": {"k_pid_pos": [6208.2949546183045, 9428.642376434169, 933.7407089730432], "k_pid_alt": [4639.461415923955, 645.5952797588504, 7396.301989192957], "k_pid_att": [4117.055047448589, 4235.031885223541, 4064.554575589211], "k_pid_yaw": [0.5, 1e-06, 0.1], "k_pid_hsp": [8687.176208924244, 2169.5326732732156, 5222.8746753501555], "k_pid_vsp": [7247.092065506736, 4947.415296684135, 4802.498785153786]}, "datetime": {"datetime": "2025-08-09 05:01:00", "elapsed": 43891.936336278915, "delta": 32.95603585243225}, "costs": {"total_cost": 20868.98164362447, "time_cost": 150, "final_distance_cost": 6332.749131919294, "oscillation_cost": 1432.6719143068228, "completition_cost": 1000.0, "overshoot_cost": 11751.770798139301, "power_cost": 58.6275982421875, "noise_cost": 143.16220101686156, "n_waypoints_completed": 0, "tot_waypoints": 9}}
{"target": -1489.7254754860016, "params": {"k_pid_pos": [815.6856341010123, 10000.0, 3121.9860527930455], "k_pid_alt": [10000.0, 0.0, 0.0], "k_pid_att": [10000.0, 6076.065885493845, 0.0], "k_pid_yaw": [0.5, 1e-06, 0.1], "k_pid_hsp": [3965.908686628127, 0.0, 0.0], "k_pid_vsp": [1337.708576043032, 1400.183969708668, 5004.307612529909]}, "datetime": {"datetime": "2025-08-09 05:01:43", "elapsed": 43935.28034281731, "delta": 43.34400653839111}, "costs": {"total_cost": 1489.7254754860016, "time_cost": 150, "final_distance_cost": 46.63655597686345, "oscillation_cost": 180.13800624228273, "completition_cost": 1000.0, "overshoot_cost": 39.48133913990286, "power_cost": 43.59258991699219, "noise_cost": 29.87698420996015, "n_waypoints_completed": 0, "tot_waypoints": 9}}
{"target": -18708.74294424923, "params": {"k_pid_pos": [6635.211958496367, 1445.6169687797205, 2501.7861961396693], "k_pid_alt": [8792.180580651058, 815.4595423345789, 6064.799556593527], "k_pid_att": [5660.755680143532, 1915.0180721988975, 8154.214576325466], "k_pid_yaw": [0.5, 1e-06, 0.1], "k_pid_hsp": [2268.6670979110745, 9652.654531928198, 2718.3988328241317], "k_pid_vsp": [2715.3621799541893, 7531.934120449829, 2651.188564612541]}, "datetime": {"datetime": "2025-08-09 05:02:17", "elapsed": 43968.653155088425, "delta": 33.372812271118164}, "costs": {"total_cost": 18708.74294424923, "time_cost": 150, "final_distance_cost": 5129.095837698884, "oscillation_cost": 798.774794385244, "completition_cost": 1000.0, "overshoot_cost": 11437.158405650005, "power_cost": 58.63178922119141, "noise_cost": 135.08211729390146, "n_waypoints_completed": 0, "tot_waypoints": 9}}
{"target": -815.1613395040928, "params": {"k_pid_pos": [10000.0, 7728.292525649085, 0.0], "k_pid_alt": [9479.191934460887, 0.0, 5711.555448067947], "k_pid_att": [10000.0, 315.27216869141614, 0.0], "k_pid_yaw": [0.5, 1e-06, 0.1], "k_pid_hsp": [10000.0, 7898.577312301037, 2510.460634227639], "k_pid_vsp": [5796.532216893259, 5724.7842157206, 291.29938626014905]}, "datetime": {"datetime": "2025-08-09 05:03:00", "elapsed": 44012.50872063637, "delta": 43.855565547943115}, "costs": {"total_cost": 815.1613395040928, "time_cost": 150, "final_distance_cost": 71.42290781534169, "oscillation_cost": 218.4524309364821, "completition_cost": 222.2222222222222, "overshoot_cost": 83.14067326340417, "power_cost": 41.181916125488286, "noise_cost": 28.741189141154226, "n_waypoints_completed": 7, "tot_waypoints": 9}}
{"target": -5376.9119443274685, "params": {"k_pid_pos": [9234.658719817835, 7551.532416034727, 883.5008765435203], "k_pid_alt": [1227.1811696474954, 9071.876928670205, 5773.316935012262], "k_pid_att": [5804.640716571703, 1953.3809147955628, 6131.526009176697], "k_pid_yaw": [0.5, 1e-06, 0.1], "k_pid_hsp": [1690.4899301725175, 4286.373480595455, 947.5947988321731], "k_pid_vsp": [6334.134374834917, 3.094877402961549, 6549.211587040511]}, "datetime": {"datetime": "2025-08-09 05:03:33", "elapsed": 44045.18883371353, "delta": 32.680113077163696}, "costs": {"total_cost": 5376.9119443274685, "time_cost": 150, "final_distance_cost": 900.7435834961673, "oscillation_cost": 172.88710011688008, "completition_cost": 1000.0, "overshoot_cost": 3083.909134294995, "power_cost": 40.808396557617186, "noise_cost": 28.563729861808998, "n_waypoints_completed": 0, "tot_waypoints": 9}}
{"target": -1735.7656162792741, "params": {"k_pid_pos": [0.0, 7505.289184709807, 7551.947487589803], "k_pid_alt": [0.0, 4503.093150250295, 7033.687326208909], "k_pid_att": [7939.364781915699, 8573.341862769252, 0.0], "k_pid_yaw": [0.5, 1e-06, 0.1], "k_pid_hsp": [6181.533907096358, 3916.6261770247966, 2107.122521426562], "k_pid_vsp": [8989.205474980294, 5413.250216000184, 10000.0]}, "datetime": {"datetime": "2025-08-09 05:04:17", "elapsed": 44089.13759613037, "delta": 43.9487624168396}, "costs": {"total_cost": 1735.7656162792741, "time_cost": 150, "final_distance_cost": 59.40834822885937, "oscillation_cost": 383.28975458238057, "completition_cost": 1000.0, "overshoot_cost": 74.72547499419733, "power_cost": 39.764469567871096, "noise_cost": 28.577568905965478, "n_waypoints_completed": 0, "tot_waypoints": 9}}
{"target": -904.0301993751613, "params": {"k_pid_pos": [5413.599811091786, 10000.0, 6239.681296964167], "k_pid_alt": [2755.2117532856028, 0.0, 10000.0], "k_pid_att": [8542.846901731675, 0.0, 0.0], "k_pid_yaw": [0.5, 1e-06, 0.1], "k_pid_hsp": [10000.0, 7889.56688399904, 4488.255706029249], "k_pid_vsp": [10000.0, 8936.036507406128, 2635.952787574979]}, "datetime": {"datetime": "2025-08-09 05:05:00", "elapsed": 44131.91874670982, "delta": 42.781150579452515}, "costs": {"total_cost": 904.0301993751613, "time_cost": 150, "final_distance_cost": 93.6027966021941, "oscillation_cost": 285.4932186305454, "completition_cost": 222.2222222222222, "overshoot_cost": 83.72095635503656, "power_cost": 40.350030920410155, "noise_cost": 28.640974644752713, "n_waypoints_completed": 7, "tot_waypoints": 9}}
{"target": -2497.6338594303575, "params": {"k_pid_pos": [593.1939073089887, 2674.741862843393, 2746.490037799667], "k_pid_alt": [9451.531691175707, 236.6991797926499, 2003.190465444169], "k_pid_att": [7860.188716798146, 8009.355408903773, 3302.865188226003], "k_pid_yaw": [0.5, 1e-06, 0.1], "k_pid_hsp": [2263.672700441655, 7797.28442559816, 25.367590016779353], "k_pid_vsp": [6544.339026233948, 9806.81624171479, 6565.072963417431]}, "datetime": {"datetime": "2025-08-09 05:05:33", "elapsed": 44164.77256035805, "delta": 32.85381364822388}, "costs": {"total_cost": 2497.6338594303575, "time_cost": 150, "final_distance_cost": 115.62584816498156, "oscillation_cost": 628.040240937217, "completition_cost": 1000.0, "overshoot_cost": 438.49781094738967, "power_cost": 58.506874084472656, "noise_cost": 106.96308529629651, "n_waypoints_completed": 0, "tot_waypoints": 9}}
{"target": -2195.7277264645113, "params": {"k_pid_pos": [9938.294304067873, 3196.5570874378, 10000.0], "k_pid_alt": [2629.7828812170947, 8413.779049308549, 0.0], "k_pid_att": [7057.369357852337, 8679.475360130351, 0.0], "k_pid_yaw": [0.5, 1e-06, 0.1], "k_pid_hsp": [993.5276306025671, 10000.0, 5091.60018176842], "k_pid_vsp": [0.0, 9133.794370745467, 4002.3343111181152]}, "datetime": {"datetime": "2025-08-09 05:06:17", "elapsed": 44208.95116519928, "delta": 44.1786048412323}, "costs": {"total_cost": 2195.7277264645113, "time_cost": 150, "final_distance_cost": 91.13014445892202, "oscillation_cost": 840.4504967772983, "completition_cost": 888.8888888888888, "overshoot_cost": 160.7764136020781, "power_cost": 36.39348563232422, "noise_cost": 28.088297104999626, "n_waypoints_completed": 1, "tot_waypoints": 9}}
{"target": -1871.468977737629, "params": {"k_pid_pos": [4088.636319297073, 8267.078742873791, 0.0], "k_pid_alt": [0.0, 1555.5729567327235, 0.0], "k_pid_att": [3458.03246630799, 4402.099061430581, 0.0], "k_pid_yaw": [0.5, 1e-06, 0.1], "k_pid_hsp": [5223.852746230374, 3827.2411920979544, 7377.8535303995495], "k_pid_vsp": [10000.0, 7643.5536214369895, 2404.978658139442]}, "datetime": {"datetime": "2025-08-09 05:07:01", "elapsed": 44252.85818529129, "delta": 43.9070200920105}, "costs": {"total_cost": 1871.468977737629, "time_cost": 150, "final_distance_cost": 76.30074115439021, "oscillation_cost": 570.8042235361239, "completition_cost": 888.8888888888888, "overshoot_cost": 119.09581403645865, "power_cost": 38.03741424560547, "noise_cost": 28.34189587616182, "n_waypoints_completed": 1, "tot_waypoints": 9}}
{"target": -1997.7983919219575, "params": {"k_pid_pos": [3173.3576986561447, 10000.0, 0.0], "k_pid_alt": [5430.587885551786, 7713.592139297651, 0.0], "k_pid_att": [4039.402711229253, 2996.949460599901, 0.0], "k_pid_yaw": [0.5, 1e-06, 0.1], "k_pid_hsp": [5936.898045121732, 0.0, 6781.238980754998], "k_pid_vsp": [10000.0, 8701.764557547653, 3586.2146018190792]}, "datetime": {"datetime": "2025-08-09 05:07:46", "elapsed": 44297.91788482666, "delta": 45.05969953536987}, "costs": {"total_cost": 1997.7983919219575, "time_cost": 150, "final_distance_cost": 57.15597409054124, "oscillation_cost": 620.177665332628, "completition_cost": 1000.0, "overshoot_cost": 106.00635727928662, "power_cost": 36.477582641601565, "noise_cost": 27.980812577899986, "n_waypoints_completed": 0, "tot_waypoints": 9}}
{"target": -1652.3319510527197, "params": {"k_pid_pos": [6008.678925382819, 10000.0, 5608.482306282425], "k_pid_alt": [6726.530892926112, 8391.097230391366, 3505.4695958960956], "k_pid_att": [4343.875494739539, 0.0, 0.0], "k_pid_yaw": [0.5, 1e-06, 0.1], "k_pid_hsp": [7170.449525536508, 3160.659388339189, 3580.7245572077913], "k_pid_vsp": [5402.670189142613, 2754.011152971305, 4573.904258374716]}, "datetime": {"datetime": "2025-08-09 05:08:30", "elapsed": 44342.5116519928, "delta": 44.593767166137695}, "costs": {"total_cost": 1652.3319510527197, "time_cost": 150, "final_distance_cost": 51.48749670515872, "oscillation_cost": 306.4214199920498, "completition_cost": 1000.0, "overshoot_cost": 75.77183917401437, "power_cost": 40.0840599609375, "noise_cost": 28.567135220559354, "n_waypoints_completed": 0, "tot_waypoints": 9}}
{"target": -1568.9667856416954, "params": {"k_pid_pos": [2397.72594338424, 10000.0, 3084.1334575543324], "k_pid_alt": [10000.0, 0.0, 0.0], "k_pid_att": [8713.891056588613, 8354.29580314445, 0.0], "k_pid_yaw": [0.5, 1e-06, 0.1], "k_pid_hsp": [10000.0, 4337.816653480743, 10000.0], "k_pid_vsp": [6917.290173162909, 4044.9284489954653, 2071.6855156464585]}, "datetime": {"datetime": "2025-08-09 05:09:16", "elapsed": 44388.03134894371, "delta": 45.519696950912476}, "costs": {"total_cost": 1568.9667856416954, "time_cost": 150, "final_distance_cost": 98.31581328681197, "oscillation_cost": 384.4478866082565, "completition_cost": 777.7777777777778, "overshoot_cost": 91.4314922125594, "power_cost": 38.691283630371096, "noise_cost": 28.30253212591878, "n_waypoints_completed": 2, "tot_waypoints": 9}}
{"target": -5221.647374978269, "params": {"k_pid_pos": [2411.0928767537607, 2001.853451514415, 6145.881875380842], "k_pid_alt": [3726.3615609469834, 6163.028057853194, 6341.068340257052], "k_pid_att": [3004.278843575787, 1402.540259117062, 257.791847696045], "k_pid_yaw": [0.5, 1e-06, 0.1], "k_pid_hsp": [3615.7483558171866, 7475.02733711833, 764.2432385334141], "k_pid_vsp": [8734.736679375717, 7678.257013171823, 861.9740908237761]}, "datetime": {"datetime": "2025-08-09 05:09:49", "elapsed": 44420.94580698013, "delta": 32.91445803642273}, "costs": {"total_cost": 5221.647374978269, "time_cost": 150, "final_distance_cost": 1179.9298773644678, "oscillation_cost": 344.9270398156307, "completition_cost": 1000.0, "overshoot_cost": 2483.5867723760157, "power_cost": 35.3146541015625, "noise_cost": 27.88903132059273, "n_waypoints_completed": 0, "tot_waypoints": 9}}
{"target": -2811.1300344153706, "params": {"k_pid_pos": [8574.055379875908, 1102.0584846989811, 400.8228432106553], "k_pid_alt": [8383.596719895573, 901.1471602382682, 3944.1205684464385], "k_pid_att": [2737.613199765302, 3119.6804870502347, 268.1995212111599], "k_pid_yaw": [0.5, 1e-06, 0.1], "k_pid_hsp": [1407.1159359091935, 1768.920746568269, 3840.578304530515], "k_pid_vsp": [5253.823987027115, 9897.646455672802, 3465.6922360867216]}, "datetime": {"datetime": "2025-08-09 05:10:22", "elapsed": 44453.53387451172, "delta": 32.58806753158569}, "costs": {"total_cost": 2811.1300344153706, "time_cost": 150, "final_distance_cost": 484.5265130482733, "oscillation_cost": 229.14500576026128, "completition_cost": 1000.0, "overshoot_cost": 884.7553486445333, "power_cost": 35.056770227050784, "noise_cost": 27.6463967352521, "n_waypoints_completed": 0, "tot_waypoints": 9}}
{"target": -6384.847407951943, "params": {"k_pid_pos": [9147.127081319208, 4794.508960472753, 8696.793083043314], "k_pid_alt": [5426.923725348829, 8108.362631541869, 2922.7748656315666], "k_pid_att": [5031.8762346939075, 1598.5321535594921, 4902.739834124308], "k_pid_yaw": [0.5, 1e-06, 0.1], "k_pid_hsp": [8431.56306534344, 5074.281306715203, 2013.125663018066], "k_pid_vsp": [1389.7417780823619, 1414.3697237876906, 3886.4990306336144]}, "datetime": {"datetime": "2025-08-09 05:10:54", "elapsed": 44486.12919449806, "delta": 32.595319986343384}, "costs": {"total_cost": 6384.847407951943, "time_cost": 150, "final_distance_cost": 1389.719238798025, "oscillation_cost": 236.8378041781934, "completition_cost": 1000.0, "overshoot_cost": 3530.4548754642537, "power_cost": 43.17010462646485, "noise_cost": 34.6653848850051, "n_waypoints_completed": 0, "tot_waypoints": 9}}
