{"target": -3498.1407383890073, "params": {"k_pid_pos": [6614.681055100612, 6177.373557929986, 5093.732104212718], "k_pid_alt": [50.33480656293388, 8009.01850170102, 2234.3616725518036], "k_pid_att": [7852.57454023803, 7581.33481618058, 3856.269438078711], "k_pid_yaw": [0.5, 1e-06, 0.1], "k_pid_hsp": [5486.003463951891, 3355.1997558490175, 3389.3498596460904], "k_pid_vsp": [2687.1403657210167, 6178.573379775086, 7843.099437474418]}, "datetime": {"datetime": "2025-08-08 23:04:53", "elapsed": 22525.13266968727, "delta": 31.331393718719482}, "costs": {"total_cost": 3498.1407383890073, "time_cost": 150, "final_distance_cost": 728.2033392207362, "oscillation_cost": 274.51704041388007, "completition_cost": 1000.0, "overshoot_cost": 1238.3808719745098, "power_cost": 44.810849658203125, "noise_cost": 62.22863712167838, "n_waypoints_completed": 0, "tot_waypoints": 9}}
{"target": -13972.628410185933, "params": {"k_pid_pos": [5323.84074384052, 4200.384489667706, 3958.5669679849634], "k_pid_alt": [5232.727235521168, 3897.8039447728206, 7127.62379832818], "k_pid_att": [962.2588635302898, 1061.125532988041, 8694.813406610456], "k_pid_yaw": [0.5, 1e-06, 0.1], "k_pid_hsp": [7519.54535761185, 2223.018343563969, 9775.637732701336], "k_pid_vsp": [6850.113818276224, 6039.45569758878, 8092.3942741139]}, "datetime": {"datetime": "2025-08-08 23:05:24", "elapsed": 22555.86301469803, "delta": 30.730345010757446}, "costs": {"total_cost": 13972.628410185933, "time_cost": 150, "final_distance_cost": 3965.867135396867, "oscillation_cost": 23.456216121783534, "completition_cost": 1000.0, "overshoot_cost": 8770.146805338287, "power_cost": 35.359254296875, "noise_cost": 27.79899903212113, "n_waypoints_completed": 0, "tot_waypoints": 9}}
{"target": -1590.4882870083416, "params": {"k_pid_pos": [6813.818088514302, 5290.677629661848, 390.4666860013239], "k_pid_alt": [3866.8928749589973, 5758.709867964982, 1643.8398816398326], "k_pid_att": [4184.012654572508, 7190.819911735067, 54.04671224306101], "k_pid_yaw": [0.5, 1e-06, 0.1], "k_pid_hsp": [7302.426719860225, 3545.9786085870746, 2233.207347284911], "k_pid_vsp": [1138.2006688715985, 8521.794061582912, 8277.01788140383]}, "datetime": {"datetime": "2025-08-08 23:05:55", "elapsed": 22587.120403051376, "delta": 31.25738835334778}, "costs": {"total_cost": 1590.4882870083416, "time_cost": 150, "final_distance_cost": 63.36737863778368, "oscillation_cost": 235.87543174598406, "completition_cost": 1000.0, "overshoot_cost": 72.03827745427304, "power_cost": 40.24468251953125, "noise_cost": 28.96251665076923, "n_waypoints_completed": 0, "tot_waypoints": 9}}
{"target": -8796.055296553988, "params": {"k_pid_pos": [6812.476167138343, 4227.173848646237, 8325.650707192974], "k_pid_alt": [9297.840660500497, 7801.197665464565, 708.5003264701418], "k_pid_att": [1523.029146445315, 1944.5325821196348, 3905.2727545983225], "k_pid_yaw": [0.5, 1e-06, 0.1], "k_pid_hsp": [6963.139525186371, 122.05909015016836, 2341.0092090067637], "k_pid_vsp": [8930.821772332214, 9274.24047629168, 5007.56306170581]}, "datetime": {"datetime": "2025-08-08 23:06:26", "elapsed": 22618.05883693695, "delta": 30.93843388557434}, "costs": {"total_cost": 8796.055296553988, "time_cost": 150, "final_distance_cost": 1942.7010929920216, "oscillation_cost": 811.1664401161238, "completition_cost": 1000.0, "overshoot_cost": 4709.067051532458, "power_cost": 58.65696357421875, "noise_cost": 124.46374833916782, "n_waypoints_completed": 0, "tot_waypoints": 9}}
{"target": -21953.283922669725, "params": {"k_pid_pos": [1553.7155221133448, 5644.268393994697, 4658.57012597055], "k_pid_alt": [6549.969650916229, 1061.0836299249759, 8674.755033895022], "k_pid_att": [889.263760501382, 6352.157883251111, 2248.6967945959623], "k_pid_yaw": [0.5, 1e-06, 0.1], "k_pid_hsp": [2591.5056432389083, 4680.907938577125, 2063.474652357765], "k_pid_vsp": [2306.79818481617, 5857.062749147616, 344.1817200752584]}, "datetime": {"datetime": "2025-08-08 23:06:57", "elapsed": 22648.820080041885, "delta": 30.761243104934692}, "costs": {"total_cost": 21953.283922669725, "time_cost": 150, "final_distance_cost": 5767.006802080443, "oscillation_cost": 1618.1369581354706, "completition_cost": 1000.0, "overshoot_cost": 13215.558099538704, "power_cost": 58.5874837890625, "noise_cost": 143.9945791260422, "n_waypoints_completed": 0, "tot_waypoints": 9}}
{"target": -1634.9498893906507, "params": {"k_pid_pos": [648.5643477568132, 10000.0, 2956.7744753405163], "k_pid_alt": [4185.336245360103, 0.0, 1772.5899475033414], "k_pid_att": [6559.297472417058, 4179.782825351698, 0.0], "k_pid_yaw": [0.5, 1e-06, 0.1], "k_pid_hsp": [5928.066008254324, 9575.041491124128, 0.0], "k_pid_vsp": [631.8512421485472, 0.0, 3014.131779976924]}, "datetime": {"datetime": "2025-08-08 23:07:33", "elapsed": 22684.562871694565, "delta": 35.74279165267944}, "costs": {"total_cost": 1634.9498893906507, "time_cost": 150, "final_distance_cost": 60.632987388822215, "oscillation_cost": 267.42002351610097, "completition_cost": 1000.0, "overshoot_cost": 80.83769377629335, "power_cost": 44.08906069335938, "noise_cost": 31.970124016074912, "n_waypoints_completed": 0, "tot_waypoints": 9}}
{"target": -1236.011124287438, "params": {"k_pid_pos": [8162.121048989916, 10000.0, 10000.0], "k_pid_alt": [6638.079830714531, 2098.234622965974, 10000.0], "k_pid_att": [5105.115234553951, 0.0, 0.0], "k_pid_yaw": [0.5, 1e-06, 0.1], "k_pid_hsp": [5023.575896968936, 9991.495914170488, 5869.050717315738], "k_pid_vsp": [10000.0, 0.0, 5464.393027834427]}, "datetime": {"datetime": "2025-08-08 23:08:07", "elapsed": 22719.08141040802, "delta": 34.5185387134552}, "costs": {"total_cost": 1236.011124287438, "time_cost": 150, "final_distance_cost": 31.21235632999174, "oscillation_cost": 328.51346829134366, "completition_cost": 555.5555555555555, "overshoot_cost": 102.13275698529691, "power_cost": 39.982388525390625, "noise_cost": 28.61459859985946, "n_waypoints_completed": 4, "tot_waypoints": 9}}
{"target": -10506.53005010759, "params": {"k_pid_pos": [5030.350957012227, 2779.8796500416966, 9727.409420947117], "k_pid_alt": [1185.6562210595823, 6996.283708107663, 3121.1650699910165], "k_pid_att": [8527.82699858827, 9471.581850958908, 6238.858385813728], "k_pid_yaw": [0.5, 1e-06, 0.1], "k_pid_hsp": [4118.210400534888, 1005.8793519298681, 6396.154527953405], "k_pid_vsp": [7342.1024310279545, 9230.567831017986, 2818.1410938994013]}, "datetime": {"datetime": "2025-08-08 23:08:38", "elapsed": 22750.070934295654, "delta": 30.989523887634277}, "costs": {"total_cost": 10506.53005010759, "time_cost": 150, "final_distance_cost": 2007.7174139066135, "oscillation_cost": 661.3444958662504, "completition_cost": 1000.0, "overshoot_cost": 6497.955165805096, "power_cost": 58.51822552490235, "noise_cost": 130.99474900472967, "n_waypoints_completed": 0, "tot_waypoints": 9}}
{"target": -16234.379452311156, "params": {"k_pid_pos": [5512.229713598764, 5993.167711789293, 5350.884747165416], "k_pid_alt": [9997.973470114564, 7331.195009603032, 5486.851309975693], "k_pid_att": [970.6738681952609, 5390.618755647304, 4057.595059995308], "k_pid_yaw": [0.5, 1e-06, 0.1], "k_pid_hsp": [4898.507045781115, 7817.0241710593755, 7842.868842786278], "k_pid_vsp": [2676.0207711619855, 6617.247684655659, 6938.726950449485]}, "datetime": {"datetime": "2025-08-08 23:09:09", "elapsed": 22780.9515311718, "delta": 30.88059687614441}, "costs": {"total_cost": 16234.379452311156, "time_cost": 150, "final_distance_cost": 4125.671114770188, "oscillation_cost": 1599.3212807565326, "completition_cost": 1000.0, "overshoot_cost": 9179.358895410985, "power_cost": 55.11097980957032, "noise_cost": 124.91718156388042, "n_waypoints_completed": 0, "tot_waypoints": 9}}
{"target": -4430.302866856784, "params": {"k_pid_pos": [9213.951699900685, 9778.178492439656, 4818.7438528274115], "k_pid_alt": [692.1592658689524, 3292.987461621882, 4112.143519659125], "k_pid_att": [6099.036930570324, 2311.142032633505, 2037.052216859463], "k_pid_yaw": [0.5, 1e-06, 0.1], "k_pid_hsp": [6508.596783714408, 2977.7233713017395, 6955.166750738885], "k_pid_vsp": [3999.126241922093, 4399.691141480022, 9074.683269193863]}, "datetime": {"datetime": "2025-08-08 23:09:40", "elapsed": 22812.06967139244, "delta": 31.11814022064209}, "costs": {"total_cost": 4430.302866856784, "time_cost": 150, "final_distance_cost": 873.1048965601307, "oscillation_cost": 43.000242377630755, "completition_cost": 1000.0, "overshoot_cost": 2301.0913466233, "power_cost": 35.31766968994141, "noise_cost": 27.788711605779806, "n_waypoints_completed": 0, "tot_waypoints": 9}}
{"target": -1185.6832281485217, "params": {"k_pid_pos": [8950.956642116465, 10000.0, 0.0], "k_pid_alt": [836.5821071555566, 0.0, 0.0], "k_pid_att": [2270.8577174635043, 0.0, 0.0], "k_pid_yaw": [0.5, 1e-06, 0.1], "k_pid_hsp": [10000.0, 5268.098197904235, 5482.679134882598], "k_pid_vsp": [8174.637159706072, 4532.111486742307, 2820.508791003759]}, "datetime": {"datetime": "2025-08-08 23:10:16", "elapsed": 22847.78083872795, "delta": 35.711167335510254}, "costs": {"total_cost": 1185.6832281485217, "time_cost": 150, "final_distance_cost": 27.897316977940118, "oscillation_cost": 275.1493382262979, "completition_cost": 555.5555555555555, "overshoot_cost": 108.25602993841648, "power_cost": 40.29021861572266, "noise_cost": 28.53476883458905, "n_waypoints_completed": 4, "tot_waypoints": 9}}
{"target": -2837.2203820630934, "params": {"k_pid_pos": [1644.1544546461396, 6026.095945823547, 9445.29315566252], "k_pid_alt": [2723.0555812704883, 7453.594413451706, 7102.887432854113], "k_pid_att": [3573.3912242934994, 8832.865448332584, 1586.4722717867407], "k_pid_yaw": [0.5, 1e-06, 0.1], "k_pid_hsp": [6006.505732916238, 2872.1522274413114, 953.7294574541966], "k_pid_vsp": [5376.423989125168, 8568.798363634012, 6750.767173471078]}, "datetime": {"datetime": "2025-08-08 23:10:47", "elapsed": 22879.025737285614, "delta": 31.244898557662964}, "costs": {"total_cost": 2837.2203820630934, "time_cost": 150, "final_distance_cost": 301.64553803860485, "oscillation_cost": 510.2785407399759, "completition_cost": 1000.0, "overshoot_cost": 717.5186170475479, "power_cost": 56.311407556152346, "noise_cost": 101.46627868081269, "n_waypoints_completed": 0, "tot_waypoints": 9}}
{"target": -2072.5636004055154, "params": {"k_pid_pos": [20.637210899266954, 4838.145925694535, 3691.5595309237124], "k_pid_alt": [7896.623712014715, 2423.28725162294, 2272.463626667538], "k_pid_att": [4935.270043333164, 8160.383974271099, 2243.4113759151974], "k_pid_yaw": [0.5, 1e-06, 0.1], "k_pid_hsp": [4563.496662420345, 7527.999635728642, 236.2845104194422], "k_pid_vsp": [4806.981441934864, 9356.674602524234, 6645.780242626739]}, "datetime": {"datetime": "2025-08-08 23:11:18", "elapsed": 22910.12270951271, "delta": 31.096972227096558}, "costs": {"total_cost": 2072.5636004055154, "time_cost": 150, "final_distance_cost": 99.6388912180818, "oscillation_cost": 365.78735072273315, "completition_cost": 1000.0, "overshoot_cost": 333.7907800824843, "power_cost": 48.720259082031255, "noise_cost": 74.62631930018486, "n_waypoints_completed": 0, "tot_waypoints": 9}}
{"target": -8734.189123061797, "params": {"k_pid_pos": [8376.302792919887, 8372.873889996266, 6382.938442639331], "k_pid_alt": [890.6820118605597, 5642.449628961518, 3175.1376014027865], "k_pid_att": [7412.039114100353, 5955.548430683084, 6449.468455215249], "k_pid_yaw": [0.5, 1e-06, 0.1], "k_pid_hsp": [2299.937478569505, 1876.3578646899236, 5013.482082767301], "k_pid_vsp": [8525.006165651292, 6557.651355653044, 3331.2114347707457]}, "datetime": {"datetime": "2025-08-08 23:11:49", "elapsed": 22941.100110054016, "delta": 30.977400541305542}, "costs": {"total_cost": 8734.189123061797, "time_cost": 150, "final_distance_cost": 2125.2788687284624, "oscillation_cost": 724.0269134357486, "completition_cost": 1000.0, "overshoot_cost": 4537.5709700453, "power_cost": 58.593607336425784, "noise_cost": 138.71876351585962, "n_waypoints_completed": 0, "tot_waypoints": 9}}
{"target": -1891.9375584989089, "params": {"k_pid_pos": [3753.137357087477, 1060.3742550876282, 3674.049928243186], "k_pid_alt": [9417.77461720429, 6810.82764183843, 4293.411828793044], "k_pid_att": [9628.19253676735, 6581.386026396251, 828.5340741925385], "k_pid_yaw": [0.5, 1e-06, 0.1], "k_pid_hsp": [9362.127017450368, 1109.1411038808196, 4811.199269998525], "k_pid_vsp": [9596.370394515037, 7365.542867376319, 7429.032549156412]}, "datetime": {"datetime": "2025-08-08 23:12:20", "elapsed": 22972.430288791656, "delta": 31.33017873764038}, "costs": {"total_cost": 1891.9375584989089, "time_cost": 150, "final_distance_cost": 159.30366608388167, "oscillation_cost": 166.24041149958873, "completition_cost": 1000.0, "overshoot_cost": 353.3061243980417, "power_cost": 35.29708806152344, "noise_cost": 27.790268455873168, "n_waypoints_completed": 0, "tot_waypoints": 9}}
{"target": -1756.3515199888327, "params": {"k_pid_pos": [0.0, 7872.189935249646, 10000.0], "k_pid_alt": [10000.0, 7531.337273719895, 5162.581859272839], "k_pid_att": [5283.987381228209, 7636.949512091044, 0.0], "k_pid_yaw": [0.5, 1e-06, 0.1], "k_pid_hsp": [5493.8493466966975, 5248.402940733198, 3610.185473234268], "k_pid_vsp": [7574.967992077687, 10000.0, 4381.4102816864915]}, "datetime": {"datetime": "2025-08-08 23:12:58", "elapsed": 23010.404015541077, "delta": 37.973726749420166}, "costs": {"total_cost": 1756.3515199888327, "time_cost": 150, "final_distance_cost": 53.87597926220466, "oscillation_cost": 522.6486294500878, "completition_cost": 888.8888888888888, "overshoot_cost": 75.61671136495487, "power_cost": 37.45659680175781, "noise_cost": 27.864714220938712, "n_waypoints_completed": 1, "tot_waypoints": 9}}
{"target": -13224.994022057452, "params": {"k_pid_pos": [1879.261083290964, 1801.2964916173046, 849.0996332651246], "k_pid_alt": [636.0344034426168, 6570.16071874071, 4873.990446337839], "k_pid_att": [2702.336819828095, 4751.923056295445, 9696.635909321354], "k_pid_yaw": [0.5, 1e-06, 0.1], "k_pid_hsp": [4920.622630352539, 3925.216148367996, 840.1370870027281], "k_pid_vsp": [5197.860015238831, 2525.905186983819, 196.4057415651743]}, "datetime": {"datetime": "2025-08-08 23:13:29", "elapsed": 23041.37577009201, "delta": 30.971754550933838}, "costs": {"total_cost": 13224.994022057452, "time_cost": 150, "final_distance_cost": 2983.8966134278926, "oscillation_cost": 932.4541410736771, "completition_cost": 1000.0, "overshoot_cost": 7958.116458193011, "power_cost": 58.656272485351565, "noise_cost": 141.87053687751936, "n_waypoints_completed": 0, "tot_waypoints": 9}}
{"target": -1620.8145709982484, "params": {"k_pid_pos": [3592.122249602291, 9808.806500115874, 8451.811641243745], "k_pid_alt": [3283.276740162046, 8674.499219442025, 10000.0], "k_pid_att": [7058.054743650262, 6660.668199710247, 0.0], "k_pid_yaw": [0.5, 1e-06, 0.1], "k_pid_hsp": [5883.012841524723, 7108.964651418032, 5467.020196737639], "k_pid_vsp": [8941.790893192263, 6256.7373448544695, 7764.887671922791]}, "datetime": {"datetime": "2025-08-08 23:14:05", "elapsed": 23076.60285615921, "delta": 35.22708606719971}, "costs": {"total_cost": 1620.8145709982484, "time_cost": 150, "final_distance_cost": 80.04437690343786, "oscillation_cost": 346.7890410220758, "completition_cost": 888.8888888888888, "overshoot_cost": 87.6957481703967, "power_cost": 38.973654345703125, "noise_cost": 28.422861667746073, "n_waypoints_completed": 1, "tot_waypoints": 9}}
{"target": -2763.69509883372, "params": {"k_pid_pos": [860.2121117397398, 491.69933158829224, 5198.861214479011], "k_pid_alt": [4451.688251213493, 9205.476197263295, 9744.318891282315], "k_pid_att": [5304.108059556241, 4587.589836496157, 2081.218437932041], "k_pid_yaw": [0.5, 1e-06, 0.1], "k_pid_hsp": [4277.842713234803, 1988.0379696433527, 5141.806157247593], "k_pid_vsp": [5681.238132032995, 4048.0651863607463, 7621.123958316252]}, "datetime": {"datetime": "2025-08-08 23:14:35", "elapsed": 23107.179008722305, "delta": 30.576152563095093}, "costs": {"total_cost": 2763.69509883372, "time_cost": 150, "final_distance_cost": 393.53353882119643, "oscillation_cost": 67.04496345074045, "completition_cost": 1000.0, "overshoot_cost": 1090.387821428382, "power_cost": 35.01718852539063, "noise_cost": 27.711586608010407, "n_waypoints_completed": 0, "tot_waypoints": 9}}
{"target": -14064.201308605423, "params": {"k_pid_pos": [103.57421667348987, 4769.199352210288, 4610.540620181008], "k_pid_alt": [9465.937690237908, 5769.593939712264, 1852.808448856561], "k_pid_att": [9732.097395937355, 4116.467110244645, 8509.54687602214], "k_pid_yaw": [0.5, 1e-06, 0.1], "k_pid_hsp": [7070.38356132134, 5889.698105909585, 7313.974230398832], "k_pid_vsp": [5547.55982438261, 6155.007222813456, 66.74666036957544]}, "datetime": {"datetime": "2025-08-08 23:15:06", "elapsed": 23138.03264260292, "delta": 30.853633880615234}, "costs": {"total_cost": 14064.201308605423, "time_cost": 150, "final_distance_cost": 3248.2712652943947, "oscillation_cost": 624.5090004788437, "completition_cost": 1000.0, "overshoot_cost": 8841.503574473996, "power_cost": 58.75966726074219, "noise_cost": 141.15780109744776, "n_waypoints_completed": 0, "tot_waypoints": 9}}
{"target": -1513.2667106153826, "params": {"k_pid_pos": [0.0, 10000.0, 10000.0], "k_pid_alt": [7343.018438075182, 5071.496901976504, 5846.1021510724395], "k_pid_att": [8036.99699497312, 3494.8893907641987, 0.0], "k_pid_yaw": [0.5, 1e-06, 0.1], "k_pid_hsp": [10000.0, 6940.6389382671305, 0.0], "k_pid_vsp": [8233.566922502841, 0.0, 10000.0]}, "datetime": {"datetime": "2025-08-08 23:15:42", "elapsed": 23174.208750009537, "delta": 36.17610740661621}, "costs": {"total_cost": 1513.2667106153826, "time_cost": 150, "final_distance_cost": 39.54553624679585, "oscillation_cost": 197.7336091580961, "completition_cost": 1000.0, "overshoot_cost": 52.349232624439765, "power_cost": 44.09630137939453, "noise_cost": 29.54203120665631, "n_waypoints_completed": 0, "tot_waypoints": 9}}
{"target": -11730.48286754647, "params": {"k_pid_pos": [3325.6466011261355, 62.20870764685249, 9159.580827416075], "k_pid_alt": [4807.205704186787, 2276.26399748459, 4237.359607309232], "k_pid_att": [5189.654760326849, 234.11495605833886, 4097.670772509035], "k_pid_yaw": [0.5, 1e-06, 0.1], "k_pid_hsp": [5745.427166260949, 6439.178715301617, 9253.707784267408], "k_pid_vsp": [8758.262967776971, 7714.03377050774, 554.5971133457294]}, "datetime": {"datetime": "2025-08-08 23:16:13", "elapsed": 23205.49675297737, "delta": 31.288002967834473}, "costs": {"total_cost": 11730.48286754647, "time_cost": 150, "final_distance_cost": 3017.9659989173324, "oscillation_cost": 765.2772677206602, "completition_cost": 1000.0, "overshoot_cost": 6607.773483277543, "power_cost": 58.64155915527344, "noise_cost": 130.82455847566078, "n_waypoints_completed": 0, "tot_waypoints": 9}}
{"target": -1487.8331385079243, "params": {"k_pid_pos": [0.0, 3361.9569523061155, 361.92126652587973], "k_pid_alt": [10000.0, 4257.8378476628795, 0.0], "k_pid_att": [10000.0, 9340.651628065569, 0.0], "k_pid_yaw": [0.5, 1e-06, 0.1], "k_pid_hsp": [3719.0387006272963, 8765.967009892138, 0.0], "k_pid_vsp": [6447.4323352482725, 6023.889216667094, 7268.447506222493]}, "datetime": {"datetime": "2025-08-08 23:16:49", "elapsed": 23240.67404150963, "delta": 35.17728853225708}, "costs": {"total_cost": 1487.8331385079243, "time_cost": 150, "final_distance_cost": 32.85090458504888, "oscillation_cost": 166.04783912989706, "completition_cost": 1000.0, "overshoot_cost": 63.8199245473178, "power_cost": 45.378062109375, "noise_cost": 29.73640813628581, "n_waypoints_completed": 0, "tot_waypoints": 9}}
{"target": -566.9551742232725, "params": {"k_pid_pos": [10000.0, 4294.2992090065945, 3408.270996008218], "k_pid_alt": [6503.3211986048145, 0.0, 10000.0], "k_pid_att": [9892.669795824984, 3157.617244521478, 0.0], "k_pid_yaw": [0.5, 1e-06, 0.1], "k_pid_hsp": [10000.0, 6576.266056213023, 3603.947178483114], "k_pid_vsp": [10000.0, 7898.7913344536655, 3782.0825335679706]}, "datetime": {"datetime": "2025-08-08 23:17:25", "elapsed": 23276.597675085068, "delta": 35.92363357543945}, "costs": {"total_cost": 566.9551742232725, "time_cost": 114.793, "final_distance_cost": 1.7928257688600255, "oscillation_cost": 285.6381825335233, "completition_cost": 0.0, "overshoot_cost": 96.46548370824554, "power_cost": 38.85707982177735, "noise_cost": 29.40860239086619, "n_waypoints_completed": 9, "tot_waypoints": 9}}
{"target": -5787.78633910459, "params": {"k_pid_pos": [5013.1858566606425, 977.2945105100139, 9752.234321353088], "k_pid_alt": [3485.963758526556, 4803.81807542772, 9418.075056056274], "k_pid_att": [8911.316960283928, 891.2659668336154, 3214.288869778237], "k_pid_yaw": [0.5, 1e-06, 0.1], "k_pid_hsp": [8152.390251520568, 7055.344066533551, 9690.693983084346], "k_pid_vsp": [1196.1790416502415, 9611.540699958568, 5153.6113551325125]}, "datetime": {"datetime": "2025-08-08 23:17:56", "elapsed": 23308.074889421463, "delta": 31.477214336395264}, "costs": {"total_cost": 5787.78633910459, "time_cost": 150, "final_distance_cost": 693.9038120337581, "oscillation_cost": 318.789388000143, "completition_cost": 1000.0, "overshoot_cost": 3514.26328443518, "power_cost": 49.402804418945315, "noise_cost": 61.427050216563316, "n_waypoints_completed": 0, "tot_waypoints": 9}}
