{"target": -26438.830494395974, "params": {"k_pid_pos": [4511.344340301904, 6239.02060897915, 5825.0576690749685], "k_pid_alt": [7038.398250434737, 8657.33576536207, 9825.997272392335], "k_pid_att": [7706.4524109624945, 6274.748049014706, 9753.551580736967], "k_pid_yaw": [0.5, 1e-06, 0.1], "k_pid_hsp": [7877.409151861883, 5003.653714783139, 1924.7746863414982], "k_pid_vsp": [8406.115409286007, 1183.77344441166, 1255.717011296631]}, "datetime": {"datetime": "2025-08-08 19:08:03", "elapsed": 8315.367446660995, "delta": 31.1578471660614}, "costs": {"total_cost": 26438.830494395974, "time_cost": 150, "final_distance_cost": 6986.441609463407, "oscillation_cost": 1651.9488040758151, "completition_cost": 1000.0, "overshoot_cost": 16447.755387320743, "power_cost": 58.66865185546875, "noise_cost": 144.01604168054286, "n_waypoints_completed": 0, "tot_waypoints": 9}}
{"target": -8120.864621649347, "params": {"k_pid_pos": [3230.8902843078135, 2270.1041730020397, 1977.2239896161848], "k_pid_alt": [1112.4969970956145, 5960.916885400718, 9589.126078433166], "k_pid_att": [7375.900804402263, 9688.636050399069, 9763.973391567126], "k_pid_yaw": [0.5, 1e-06, 0.1], "k_pid_hsp": [1869.964976695445, 1796.3487041035398, 4107.407229253777], "k_pid_vsp": [1295.8744094413776, 6211.910845325118, 5297.050506030414]}, "datetime": {"datetime": "2025-08-08 19:08:34", "elapsed": 8345.612344503403, "delta": 30.244897842407227}, "costs": {"total_cost": 8120.864621649347, "time_cost": 150, "final_distance_cost": 1768.4685752473783, "oscillation_cost": 1009.593295404395, "completition_cost": 1000.0, "overshoot_cost": 4034.565811228947, "power_cost": 53.54221907958985, "noise_cost": 104.69472068903738, "n_waypoints_completed": 0, "tot_waypoints": 9}}
{"target": -1528.4763303717662, "params": {"k_pid_pos": [645.5336514835666, 6957.061396401397, 5684.497449998028], "k_pid_alt": [6769.788134126038, 0.0, 8971.071467989526], "k_pid_att": [6195.050699289299, 46.66797584554056, 0.0], "k_pid_yaw": [0.5, 1e-06, 0.1], "k_pid_hsp": [10000.0, 0.0, 0.0], "k_pid_vsp": [1372.660341682015, 10000.0, 5986.701156989411]}, "datetime": {"datetime": "2025-08-08 19:09:07", "elapsed": 8378.950298309326, "delta": 33.33795380592346}, "costs": {"total_cost": 1528.4763303717662, "time_cost": 150, "final_distance_cost": 45.53250096266583, "oscillation_cost": 224.16562473936978, "completition_cost": 1000.0, "overshoot_cost": 37.19345243739351, "power_cost": 42.26795338134766, "noise_cost": 29.3167988509892, "n_waypoints_completed": 0, "tot_waypoints": 9}}
{"target": -5648.545657590964, "params": {"k_pid_pos": [5466.557663989349, 8861.4464997705, 6367.838673223134], "k_pid_alt": [4427.942404046652, 3550.3115305326182, 5644.993154033358], "k_pid_att": [5502.933913357127, 795.781318883898, 3107.4156752582526], "k_pid_yaw": [0.5, 1e-06, 0.1], "k_pid_hsp": [2128.39423379957, 8628.906858809714, 4452.518924732968], "k_pid_vsp": [3079.981330349535, 3508.3290917359986, 6388.414387211256]}, "datetime": {"datetime": "2025-08-08 19:09:38", "elapsed": 8409.832791805267, "delta": 30.882493495941162}, "costs": {"total_cost": 5648.545657590964, "time_cost": 150, "final_distance_cost": 1007.6145865886048, "oscillation_cost": 31.76268725085381, "completition_cost": 1000.0, "overshoot_cost": 3395.1628197651426, "power_cost": 36.10291920166016, "noise_cost": 27.90264478470247, "n_waypoints_completed": 0, "tot_waypoints": 9}}
{"target": -1986.8178546999598, "params": {"k_pid_pos": [10000.0, 5738.079032789768, 10000.0], "k_pid_alt": [6311.704619990847, 5414.217336544311, 7370.172218956949], "k_pid_att": [10000.0, 6292.574692095051, 0.0], "k_pid_yaw": [0.5, 1e-06, 0.1], "k_pid_hsp": [3148.087859259063, 10000.0, 4617.52577661244], "k_pid_vsp": [6932.213680659536, 4468.71100568954, 6251.343163650468]}, "datetime": {"datetime": "2025-08-08 19:10:11", "elapsed": 8442.695120096207, "delta": 32.86232829093933}, "costs": {"total_cost": 1986.8178546999598, "time_cost": 150, "final_distance_cost": 58.86386881159432, "oscillation_cost": 689.7930784075835, "completition_cost": 888.8888888888888, "overshoot_cost": 134.68017713006216, "power_cost": 36.522659680175785, "noise_cost": 28.06918178165508, "n_waypoints_completed": 1, "tot_waypoints": 9}}
{"target": -6056.128700750105, "params": {"k_pid_pos": [5228.983095515036, 7747.4215692573325, 2456.3866367676746], "k_pid_alt": [1723.7099812095712, 4499.939459845616, 1950.097492617221], "k_pid_att": [5690.404688113472, 8880.38577316674, 8369.170934696776], "k_pid_yaw": [0.5, 1e-06, 0.1], "k_pid_hsp": [6150.361205209663, 5149.8545764322835, 1019.5091153958102], "k_pid_vsp": [6688.831684869555, 1520.9647010522776, 9768.27013345319]}, "datetime": {"datetime": "2025-08-08 19:10:41", "elapsed": 8473.385484695435, "delta": 30.690364599227905}, "costs": {"total_cost": 6056.128700750105, "time_cost": 150, "final_distance_cost": 892.4287189763023, "oscillation_cost": 1175.7481474087015, "completition_cost": 1000.0, "overshoot_cost": 2664.734425594143, "power_cost": 55.640663195800784, "noise_cost": 117.57674557515811, "n_waypoints_completed": 0, "tot_waypoints": 9}}
{"target": -9175.53368232497, "params": {"k_pid_pos": [6128.755460644892, 296.44348943361763, 8965.049370203726], "k_pid_alt": [2243.4114052335553, 4091.983412985385, 667.9711007564792], "k_pid_att": [3481.2180386930368, 7201.726797279435, 2874.6835956772597], "k_pid_yaw": [0.5, 1e-06, 0.1], "k_pid_hsp": [6897.2494326252145, 4699.516331852063, 505.5013072489289], "k_pid_vsp": [3366.3580301122643, 3497.360098522293, 9000.18538937729]}, "datetime": {"datetime": "2025-08-08 19:11:11", "elapsed": 8503.490703105927, "delta": 30.105218410491943}, "costs": {"total_cost": 9175.53368232497, "time_cost": 150, "final_distance_cost": 1861.9929287508733, "oscillation_cost": 940.8528570588952, "completition_cost": 1000.0, "overshoot_cost": 5038.043764276374, "power_cost": 56.26408040771484, "noise_cost": 128.38005183111517, "n_waypoints_completed": 0, "tot_waypoints": 9}}
{"target": -12576.64197500376, "params": {"k_pid_pos": [8646.07890542961, 2673.667919124486, 1975.6455011932283], "k_pid_alt": [6147.438291308712, 7640.415374622639, 3753.218914831965], "k_pid_att": [2393.094015080073, 3273.701911159024, 2289.2167403675867], "k_pid_yaw": [0.5, 1e-06, 0.1], "k_pid_hsp": [9636.050921039263, 4182.049316313832, 1186.8790633216308], "k_pid_vsp": [4940.5265868154465, 1041.5569901364986, 2673.3681251825237]}, "datetime": {"datetime": "2025-08-08 19:11:42", "elapsed": 8533.871169805527, "delta": 30.38046669960022}, "costs": {"total_cost": 12576.64197500376, "time_cost": 150, "final_distance_cost": 4022.129515714056, "oscillation_cost": 1514.1004586113318, "completition_cost": 1000.0, "overshoot_cost": 5688.846166111785, "power_cost": 58.627815979003906, "noise_cost": 142.9380185875827, "n_waypoints_completed": 0, "tot_waypoints": 9}}
{"target": -1581.2895620123438, "params": {"k_pid_pos": [7181.854695872743, 10000.0, 4567.508149028014], "k_pid_alt": [2281.212337288819, 623.8544615298674, 0.0], "k_pid_att": [10000.0, 1401.3707248850558, 0.0], "k_pid_yaw": [0.5, 1e-06, 0.1], "k_pid_hsp": [10000.0, 10000.0, 0.0], "k_pid_vsp": [6185.544402803689, 0.0, 10000.0]}, "datetime": {"datetime": "2025-08-08 19:12:15", "elapsed": 8566.966088533401, "delta": 33.094918727874756}, "costs": {"total_cost": 1581.2895620123438, "time_cost": 150, "final_distance_cost": 48.36643171277091, "oscillation_cost": 262.4766081931787, "completition_cost": 1000.0, "overshoot_cost": 48.50098606643736, "power_cost": 42.533165100097655, "noise_cost": 29.412370939859002, "n_waypoints_completed": 0, "tot_waypoints": 9}}
{"target": -957.3663185256818, "params": {"k_pid_pos": [1806.8362071878537, 10000.0, 10000.0], "k_pid_alt": [3766.9787792121974, 0.0, 5377.540562417682], "k_pid_att": [10000.0, 6055.20063796855, 0.0], "k_pid_yaw": [0.5, 1e-06, 0.1], "k_pid_hsp": [5850.161877922556, 10000.0, 0.0], "k_pid_vsp": [4711.187368102786, 0.0, 10000.0]}, "datetime": {"datetime": "2025-08-08 19:12:48", "elapsed": 8599.814621448517, "delta": 32.848532915115356}, "costs": {"total_cost": 957.3663185256818, "time_cost": 150, "final_distance_cost": 65.8435588795554, "oscillation_cost": 261.4883716736259, "completition_cost": 333.33333333333337, "overshoot_cost": 74.07534423725669, "power_cost": 42.937342504882814, "noise_cost": 29.688367897027497, "n_waypoints_completed": 6, "tot_waypoints": 9}}
{"target": -10657.646671737868, "params": {"k_pid_pos": [9961.816340175077, 1491.4088444468555, 6580.172903535777], "k_pid_alt": [4864.2954297948045, 3565.143771927217, 7275.5121062040025], "k_pid_att": [4952.712388655561, 9893.56270827139, 9871.693447955155], "k_pid_yaw": [0.5, 1e-06, 0.1], "k_pid_hsp": [9662.93714068524, 9023.968059831952, 1758.9940936234516], "k_pid_vsp": [5975.314339609822, 1873.8906707325953, 3876.4763628608403]}, "datetime": {"datetime": "2025-08-08 19:13:18", "elapsed": 8629.906959533691, "delta": 30.09233808517456}, "costs": {"total_cost": 10657.646671737868, "time_cost": 150, "final_distance_cost": 2900.5788313900152, "oscillation_cost": 1332.265551806125, "completition_cost": 1000.0, "overshoot_cost": 5073.2838174555845, "power_cost": 58.685703613281255, "noise_cost": 142.83276747286234, "n_waypoints_completed": 0, "tot_waypoints": 9}}
{"target": -1622.6563975725103, "params": {"k_pid_pos": [4054.5532963404503, 3334.823864648811, 6237.454889515499], "k_pid_alt": [2685.0249726510688, 0.0, 0.0], "k_pid_att": [10000.0, 9242.157899488722, 0.0], "k_pid_yaw": [0.5, 1e-06, 0.1], "k_pid_hsp": [10000.0, 10000.0, 0.0], "k_pid_vsp": [9104.69671425325, 0.0, 6253.947054821961]}, "datetime": {"datetime": "2025-08-08 19:13:50", "elapsed": 8662.333039045334, "delta": 32.426079511642456}, "costs": {"total_cost": 1622.6563975725103, "time_cost": 150, "final_distance_cost": 50.47639150033595, "oscillation_cost": 721.4718631920981, "completition_cost": 555.5555555555555, "overshoot_cost": 79.50873984904527, "power_cost": 37.35796168212891, "noise_cost": 28.285885793346576, "n_waypoints_completed": 4, "tot_waypoints": 9}}
{"target": -926.7005058142619, "params": {"k_pid_pos": [3624.431285129225, 10000.0, 10000.0], "k_pid_alt": [10000.0, 0.0, 6795.959796084298], "k_pid_att": [5198.341956075673, 0.0, 0.0], "k_pid_yaw": [0.5, 1e-06, 0.1], "k_pid_hsp": [10000.0, 10000.0, 0.0], "k_pid_vsp": [4685.491484185288, 0.0, 6652.076885174376]}, "datetime": {"datetime": "2025-08-08 19:14:22", "elapsed": 8694.316105604172, "delta": 31.98306655883789}, "costs": {"total_cost": 926.7005058142619, "time_cost": 150, "final_distance_cost": 67.94857540617703, "oscillation_cost": 239.0964096917063, "completition_cost": 333.33333333333337, "overshoot_cost": 65.14794358439457, "power_cost": 41.95250855712891, "noise_cost": 29.221735241521653, "n_waypoints_completed": 6, "tot_waypoints": 9}}
{"target": -4379.972813681643, "params": {"k_pid_pos": [4370.660953333725, 6853.7400358034265, 7846.63424655777], "k_pid_alt": [7237.615316379814, 1409.5952323864226, 5119.625524506308], "k_pid_att": [3198.534165094187, 1271.0620878344082, 9376.855259127458], "k_pid_yaw": [0.5, 1e-06, 0.1], "k_pid_hsp": [6964.460801864703, 2661.1828653137404, 8832.158172673218], "k_pid_vsp": [8407.620639850666, 7158.599134508236, 6209.8649550899945]}, "datetime": {"datetime": "2025-08-08 19:14:52", "elapsed": 8724.212426424026, "delta": 29.896320819854736}, "costs": {"total_cost": 4379.972813681643, "time_cost": 150, "final_distance_cost": 508.37692912041007, "oscillation_cost": 796.5625047073703, "completition_cost": 1000.0, "overshoot_cost": 1742.6699930933357, "power_cost": 58.55283464355469, "noise_cost": 123.81055211697199, "n_waypoints_completed": 0, "tot_waypoints": 9}}
{"target": -3989.8922417849453, "params": {"k_pid_pos": [1315.8705347301718, 7698.369359206793, 0.0], "k_pid_alt": [2728.7398208789527, 0.0, 0.0], "k_pid_att": [10000.0, 6648.336220599905, 6220.419815616396], "k_pid_yaw": [0.5, 1e-06, 0.1], "k_pid_hsp": [10000.0, 0.0, 1651.5647106194676], "k_pid_vsp": [3918.8377536321827, 0.0, 10000.0]}, "datetime": {"datetime": "2025-08-08 19:15:25", "elapsed": 8756.670000076294, "delta": 32.457573652267456}, "costs": {"total_cost": 3989.8922417849453, "time_cost": 150, "final_distance_cost": 361.8036866224525, "oscillation_cost": 462.345811522878, "completition_cost": 1000.0, "overshoot_cost": 1877.7377168489102, "power_cost": 51.366947595214846, "noise_cost": 86.63807919548985, "n_waypoints_completed": 0, "tot_waypoints": 9}}
{"target": -1447.2336090216202, "params": {"k_pid_pos": [10000.0, 7690.6388866557545, 0.0], "k_pid_alt": [10000.0, 8411.221194354674, 0.0], "k_pid_att": [10000.0, 3541.9728559582895, 0.0], "k_pid_yaw": [0.5, 1e-06, 0.1], "k_pid_hsp": [0.0, 0.0, 0.0], "k_pid_vsp": [0.0, 0.0, 2810.377301236298]}, "datetime": {"datetime": "2025-08-08 19:15:58", "elapsed": 8790.08396077156, "delta": 33.413960695266724}, "costs": {"total_cost": 1447.2336090216202, "time_cost": 150, "final_distance_cost": 10.874955840053898, "oscillation_cost": 0.0, "completition_cost": 1000.0, "overshoot_cost": 166.4099510673916, "power_cost": 29.932059130859376, "noise_cost": 90.01664298331532, "n_waypoints_completed": 0, "tot_waypoints": 9}}
{"target": -28135.935668900278, "params": {"k_pid_pos": [6774.680872926816, 4088.959801779969, 9674.985463611063], "k_pid_alt": [2218.173818755619, 5293.611471750839, 5565.8831936613415], "k_pid_att": [7209.684004482811, 7825.416208139879, 9604.638608652884], "k_pid_yaw": [0.5, 1e-06, 0.1], "k_pid_hsp": [7802.712344999479, 8808.889136620512, 3291.213999193283], "k_pid_vsp": [5848.38164005805, 8299.189589257361, 6593.361548756298]}, "datetime": {"datetime": "2025-08-08 19:16:28", "elapsed": 8820.408115148544, "delta": 30.324154376983643}, "costs": {"total_cost": 28135.935668900278, "time_cost": 150, "final_distance_cost": 7349.518634870442, "oscillation_cost": 1433.352287257554, "completition_cost": 1000.0, "overshoot_cost": 18018.25794321859, "power_cost": 56.812781103515626, "noise_cost": 127.99402245017845, "n_waypoints_completed": 0, "tot_waypoints": 9}}
{"target": -1446.5572457892938, "params": {"k_pid_pos": [10000.0, 10000.0, 10000.0], "k_pid_alt": [10000.0, 0.0, 10000.0], "k_pid_att": [5654.285252409745, 0.0, 0.0], "k_pid_yaw": [0.5, 1e-06, 0.1], "k_pid_hsp": [5002.6022658688635, 5265.98859133075, 6163.785386409922], "k_pid_vsp": [10000.0, 10000.0, 1908.2587634434753]}, "datetime": {"datetime": "2025-08-08 19:17:01", "elapsed": 8853.27819108963, "delta": 32.870075941085815}, "costs": {"total_cost": 1446.5572457892938, "time_cost": 150, "final_distance_cost": 57.945418606349456, "oscillation_cost": 536.9945813762786, "completition_cost": 555.5555555555555, "overshoot_cost": 80.44765031617996, "power_cost": 37.519906945800784, "noise_cost": 28.094132989129594, "n_waypoints_completed": 4, "tot_waypoints": 9}}
{"target": -8357.857415635868, "params": {"k_pid_pos": [7697.532919593829, 1421.1457682271844, 6109.671579552538], "k_pid_alt": [7631.272131705974, 3428.72738738096, 3778.8341445936844], "k_pid_att": [6951.79730742241, 4952.172846371957, 6558.727285915531], "k_pid_yaw": [0.5, 1e-06, 0.1], "k_pid_hsp": [3962.1385880016, 4673.217515355534, 6877.977674790433], "k_pid_vsp": [3433.953339686601, 113.72712237619487, 7157.723034941301]}, "datetime": {"datetime": "2025-08-08 19:17:32", "elapsed": 8884.089364290237, "delta": 30.8111732006073}, "costs": {"total_cost": 8357.857415635868, "time_cost": 150, "final_distance_cost": 2116.146690183298, "oscillation_cost": 388.57316789013595, "completition_cost": 1000.0, "overshoot_cost": 4572.943440649133, "power_cost": 50.312499084472655, "noise_cost": 79.88161782882773, "n_waypoints_completed": 0, "tot_waypoints": 9}}
{"target": -1555.9723502916715, "params": {"k_pid_pos": [9592.682067423882, 10000.0, 3074.7015712848447], "k_pid_alt": [4958.266072264083, 0.0, 0.0], "k_pid_att": [7982.8692695978225, 801.0221528271836, 0.0], "k_pid_yaw": [0.5, 1e-06, 0.1], "k_pid_hsp": [10000.0, 8373.651609285187, 5630.719934145352], "k_pid_vsp": [1471.0530233247814, 10000.0, 3886.499018964849]}, "datetime": {"datetime": "2025-08-08 19:18:05", "elapsed": 8917.373600959778, "delta": 33.284236669540405}, "costs": {"total_cost": 1555.9723502916715, "time_cost": 150, "final_distance_cost": 48.27761058394343, "oscillation_cost": 223.7439305789806, "completition_cost": 1000.0, "overshoot_cost": 64.48448341662734, "power_cost": 40.72816530761719, "noise_cost": 28.738160404502807, "n_waypoints_completed": 0, "tot_waypoints": 9}}
{"target": -2978.604608801148, "params": {"k_pid_pos": [1249.0394457855336, 2979.274705817475, 7375.237599776477], "k_pid_alt": [8961.615932594283, 5376.214506999177, 6252.236080138401], "k_pid_att": [8591.400671246583, 9779.309074108538, 4212.77255340988], "k_pid_yaw": [0.5, 1e-06, 0.1], "k_pid_hsp": [1064.596078077924, 5618.265013226189, 2421.48950393652], "k_pid_vsp": [4904.0614786419, 4242.014897294196, 6116.223682574816]}, "datetime": {"datetime": "2025-08-08 19:18:36", "elapsed": 8947.552319049835, "delta": 30.178718090057373}, "costs": {"total_cost": 2978.604608801148, "time_cost": 150, "final_distance_cost": 216.57515899554804, "oscillation_cost": 311.2009747032854, "completition_cost": 1000.0, "overshoot_cost": 1187.092810469322, "power_cost": 46.59067145996094, "noise_cost": 67.14499317303176, "n_waypoints_completed": 0, "tot_waypoints": 9}}
{"target": -1939.942121253966, "params": {"k_pid_pos": [8208.31181039495, 2609.5244604558593, 4268.484325613138], "k_pid_alt": [0.0, 0.0, 1812.0850430261933], "k_pid_att": [6586.651322942583, 0.0, 0.0], "k_pid_yaw": [0.5, 1e-06, 0.1], "k_pid_hsp": [10000.0, 3237.492058089251, 10000.0], "k_pid_vsp": [0.0, 10000.0, 10000.0]}, "datetime": {"datetime": "2025-08-08 19:19:09", "elapsed": 8980.689126253128, "delta": 33.13680720329285}, "costs": {"total_cost": 1939.942121253966, "time_cost": 150, "final_distance_cost": 25.993191945299216, "oscillation_cost": 519.6023983277663, "completition_cost": 1000.0, "overshoot_cost": 158.73615696315622, "power_cost": 37.75558073730469, "noise_cost": 47.85479328043978, "n_waypoints_completed": 0, "tot_waypoints": 9}}
{"target": -685.0481577499721, "params": {"k_pid_pos": [10000.0, 10000.0, 10000.0], "k_pid_alt": [10000.0, 0.0, 1819.4841199880882], "k_pid_att": [4199.061704885752, 0.0, 0.0], "k_pid_yaw": [0.5, 1e-06, 0.1], "k_pid_hsp": [10000.0, 10000.0, 4183.120383527401], "k_pid_vsp": [10000.0, 3351.9411814518335, 447.5880979246015]}, "datetime": {"datetime": "2025-08-08 19:19:42", "elapsed": 9013.836253643036, "delta": 33.14712738990784}, "costs": {"total_cost": 685.0481577499721, "time_cost": 150, "final_distance_cost": 31.559884252663405, "oscillation_cost": 243.0797030608058, "completition_cost": 111.11111111111116, "overshoot_cost": 79.73906077357161, "power_cost": 40.92024157714844, "noise_cost": 28.638156974671706, "n_waypoints_completed": 8, "tot_waypoints": 9}}
{"target": -6400.658174923669, "params": {"k_pid_pos": [4090.6766212068947, 7859.687563534143, 7883.556880152436], "k_pid_alt": [6490.966562846135, 4880.222423725755, 8050.27027004127], "k_pid_att": [3739.641787290613, 3321.666593034531, 9161.03754982266], "k_pid_yaw": [0.5, 1e-06, 0.1], "k_pid_hsp": [8718.80830811158, 9311.504227038138, 3793.464541291226], "k_pid_vsp": [4529.498909800635, 8038.822131602218, 8993.623061295368]}, "datetime": {"datetime": "2025-08-08 19:20:12", "elapsed": 9043.639885425568, "delta": 29.80363178253174}, "costs": {"total_cost": 6400.658174923669, "time_cost": 150, "final_distance_cost": 1242.907477707483, "oscillation_cost": 399.1839575077687, "completition_cost": 1000.0, "overshoot_cost": 3487.271981234086, "power_cost": 47.01891168212891, "noise_cost": 74.2758467922026, "n_waypoints_completed": 0, "tot_waypoints": 9}}
{"target": -6207.127984089102, "params": {"k_pid_pos": [1921.1003879822379, 10000.0, 0.0], "k_pid_alt": [6875.677955984555, 0.0, 1640.0495008884525], "k_pid_att": [3549.7967336972206, 0.0, 6195.693429746552], "k_pid_yaw": [0.5, 1e-06, 0.1], "k_pid_hsp": [10000.0, 7822.708401275512, 6293.317230913461], "k_pid_vsp": [5389.102459508969, 9977.736887505269, 5435.027327013431]}, "datetime": {"datetime": "2025-08-08 19:20:45", "elapsed": 9077.057960033417, "delta": 33.41807460784912}, "costs": {"total_cost": 6207.127984089102, "time_cost": 150, "final_distance_cost": 1738.6938921664268, "oscillation_cost": 772.4983595497434, "completition_cost": 1000.0, "overshoot_cost": 2365.4186004493667, "power_cost": 58.621353344726565, "noise_cost": 121.89577857883859, "n_waypoints_completed": 0, "tot_waypoints": 9}}
{"target": -1422.4672863920084, "params": {"k_pid_pos": [0.0, 10000.0, 10000.0], "k_pid_alt": [10000.0, 0.0, 764.3079265709681], "k_pid_att": [2239.1010664136693, 3102.2766585895906, 0.0], "k_pid_yaw": [0.5, 1e-06, 0.1], "k_pid_hsp": [5810.668412173729, 10000.0, 0.0], "k_pid_vsp": [10000.0, 0.0, 2668.1051660462836]}, "datetime": {"datetime": "2025-08-08 19:21:18", "elapsed": 9109.887716531754, "delta": 32.82975649833679}, "costs": {"total_cost": 1422.4672863920084, "time_cost": 150, "final_distance_cost": 67.58149434986893, "oscillation_cost": 201.6501086311151, "completition_cost": 888.8888888888888, "overshoot_cost": 40.23668541475692, "power_cost": 44.091871948242186, "noise_cost": 30.018237159136465, "n_waypoints_completed": 1, "tot_waypoints": 9}}
