{"target": -7653.24921191342, "params": {"k_pid_pos": [6016.701688078358, 4001.1339277204615, 7309.0385327102495], "k_pid_alt": [7496.85337409724, 3588.7925408866995, 2619.9375715796136], "k_pid_att": [7270.735663768939, 6930.409016743489, 6292.136648084368], "k_pid_yaw": [0.5, 1e-06, 0.1], "k_pid_hsp": [6390.469111553329, 2861.727602300139, 8444.894170054538], "k_pid_vsp": [7068.629324309279, 5595.641333263302, 431.0592551896486]}, "datetime": {"datetime": "2025-08-08 21:41:05", "elapsed": 17497.438773155212, "delta": 30.75845503807068}, "costs": {"total_cost": 7653.24921191342, "time_cost": 150, "final_distance_cost": 619.9803673543486, "oscillation_cost": 772.7592750368773, "completition_cost": 1000.0, "overshoot_cost": 4911.482110467724, "power_cost": 58.59134504394532, "noise_cost": 140.43611401052505, "n_waypoints_completed": 0, "tot_waypoints": 9}}
{"target": -1914.4247137244395, "params": {"k_pid_pos": [832.1162640978448, 10000.0, 10000.0], "k_pid_alt": [740.621020504707, 4058.4614295179113, 8073.811885843754], "k_pid_att": [10000.0, 6741.0231527983515, 0.0], "k_pid_yaw": [0.5, 1e-06, 0.1], "k_pid_hsp": [10000.0, 5896.053875516071, 6985.481271138394], "k_pid_vsp": [10000.0, 0.0, 9122.865596686459]}, "datetime": {"datetime": "2025-08-08 21:41:39", "elapsed": 17531.18361568451, "delta": 33.744842529296875}, "costs": {"total_cost": 1914.4247137244395, "time_cost": 150, "final_distance_cost": 60.08633729178867, "oscillation_cost": 516.6947336349407, "completition_cost": 1000.0, "overshoot_cost": 122.08371219876439, "power_cost": 37.409131750488285, "noise_cost": 28.15079884845738, "n_waypoints_completed": 0, "tot_waypoints": 9}}
{"target": -3033.2567424997696, "params": {"k_pid_pos": [8845.627788252783, 9215.35215226957, 3646.7165015071214], "k_pid_alt": [8772.198688342703, 8918.664795466786, 6916.880772748868], "k_pid_att": [7033.827553224642, 6100.0265597858315, 565.4647816840397], "k_pid_yaw": [0.5, 1e-06, 0.1], "k_pid_hsp": [1896.5993351995626, 6746.635204047276, 8034.053733826969], "k_pid_vsp": [5698.936496648018, 6998.613393679178, 8609.840881124905]}, "datetime": {"datetime": "2025-08-08 21:42:10", "elapsed": 17561.91907644272, "delta": 30.73546075820923}, "costs": {"total_cost": 3033.2567424997696, "time_cost": 150, "final_distance_cost": 564.3956615889813, "oscillation_cost": 146.94330275789565, "completition_cost": 1000.0, "overshoot_cost": 1108.8322040632288, "power_cost": 35.222892395019535, "noise_cost": 27.862681694644536, "n_waypoints_completed": 0, "tot_waypoints": 9}}
{"target": -5595.706040926377, "params": {"k_pid_pos": [9202.993381297578, 9916.404179660994, 4289.993158666089], "k_pid_alt": [8501.180240114261, 2103.889100418861, 405.69451763439844], "k_pid_att": [3101.4796129523625, 7594.713361086016, 2241.5941527271566], "k_pid_yaw": [0.5, 1e-06, 0.1], "k_pid_hsp": [6815.7590246724085, 5519.636337749873, 8726.042381251465], "k_pid_vsp": [4938.692917064086, 5869.332917330201, 2314.0923626994004]}, "datetime": {"datetime": "2025-08-08 21:42:41", "elapsed": 17592.846814870834, "delta": 30.927738428115845}, "costs": {"total_cost": 5595.706040926377, "time_cost": 150, "final_distance_cost": 955.5043097318458, "oscillation_cost": 639.3751429713836, "completition_cost": 1000.0, "overshoot_cost": 2655.98969618684, "power_cost": 58.631266918945315, "noise_cost": 136.20562511736148, "n_waypoints_completed": 0, "tot_waypoints": 9}}
{"target": -16154.355848290004, "params": {"k_pid_pos": [852.4171877211695, 5878.836554183349, 4517.290941012354], "k_pid_alt": [3572.1160074146405, 1608.9007583235493, 3886.6654708306223], "k_pid_att": [5828.857575985493, 447.97748737935297, 3699.51068636718], "k_pid_yaw": [0.5, 1e-06, 0.1], "k_pid_hsp": [5100.950592022454, 8180.5960139058025, 6245.82966902512], "k_pid_vsp": [9501.367167700537, 8429.356194381122, 8559.081835483574]}, "datetime": {"datetime": "2025-08-08 21:43:12", "elapsed": 17623.84761095047, "delta": 31.00079607963562}, "costs": {"total_cost": 16154.355848290004, "time_cost": 150, "final_distance_cost": 5013.576979357178, "oscillation_cost": 798.2454902944053, "completition_cost": 1000.0, "overshoot_cost": 8990.328199539294, "power_cost": 58.65588266601563, "noise_cost": 143.54929643311362, "n_waypoints_completed": 0, "tot_waypoints": 9}}
{"target": -895.1318959683598, "params": {"k_pid_pos": [10000.0, 8671.787554123835, 3494.6114647273766], "k_pid_alt": [1267.5977192230464, 0.0, 1201.1570496040636], "k_pid_att": [7893.192870451106, 4160.181624337801, 0.0], "k_pid_yaw": [0.5, 1e-06, 0.1], "k_pid_hsp": [10000.0, 3710.3280522614073, 2957.6329390356846], "k_pid_vsp": [10000.0, 0.0, 6379.760528240537]}, "datetime": {"datetime": "2025-08-08 21:43:46", "elapsed": 17658.377999067307, "delta": 34.53038811683655}, "costs": {"total_cost": 895.1318959683598, "time_cost": 150, "final_distance_cost": 81.6797625012011, "oscillation_cost": 292.3707512574521, "completition_cost": 222.2222222222222, "overshoot_cost": 79.53513324128144, "power_cost": 40.624733557128906, "noise_cost": 28.69929318907412, "n_waypoints_completed": 7, "tot_waypoints": 9}}
{"target": -4760.013693846941, "params": {"k_pid_pos": [4761.611983557138, 4813.904672853814, 9549.332931142057], "k_pid_alt": [4958.39060767898, 7523.417002944779, 8875.702803464004], "k_pid_att": [3193.7035684346783, 4881.64798830177, 3094.7255709438928], "k_pid_yaw": [0.5, 1e-06, 0.1], "k_pid_hsp": [843.802901261802, 5500.1839569883205, 502.4790582643568], "k_pid_vsp": [8987.902369440515, 2240.7919288087974, 9710.417823264497]}, "datetime": {"datetime": "2025-08-08 21:44:17", "elapsed": 17689.143023490906, "delta": 30.765024423599243}, "costs": {"total_cost": 4760.013693846941, "time_cost": 150, "final_distance_cost": 718.4537576142262, "oscillation_cost": 982.751679664187, "completition_cost": 1000.0, "overshoot_cost": 1729.0741081555125, "power_cost": 56.615469567871095, "noise_cost": 123.11867884514443, "n_waypoints_completed": 0, "tot_waypoints": 9}}
{"target": -804.7087625946867, "params": {"k_pid_pos": [10000.0, 6269.130317679858, 1105.2757767303733], "k_pid_alt": [6867.030568762385, 0.0, 8947.079300352503], "k_pid_att": [10000.0, 0.0, 0.0], "k_pid_yaw": [0.5, 1e-06, 0.1], "k_pid_hsp": [9013.187009116758, 9955.12728013575, 2308.5454822868255], "k_pid_vsp": [0.0, 10000.0, 6093.39029627988]}, "datetime": {"datetime": "2025-08-08 21:44:52", "elapsed": 17723.78831720352, "delta": 34.64529371261597}, "costs": {"total_cost": 804.7087625946867, "time_cost": 150, "final_distance_cost": 82.21399165071354, "oscillation_cost": 192.54558868427023, "completition_cost": 222.2222222222222, "overshoot_cost": 86.88760903240467, "power_cost": 41.65731080322266, "noise_cost": 29.18204020185347, "n_waypoints_completed": 7, "tot_waypoints": 9}}
{"target": -1538.6354069443519, "params": {"k_pid_pos": [10000.0, 10000.0, 5596.2826872746855], "k_pid_alt": [3188.4874769510775, 5269.845734770698, 7833.727690218241], "k_pid_att": [6413.515093093829, 4889.364136723603, 0.0], "k_pid_yaw": [0.5, 1e-06, 0.1], "k_pid_hsp": [10000.0, 7523.834758756796, 6768.285265574214], "k_pid_vsp": [6605.903801420385, 0.0, 9433.605944782556]}, "datetime": {"datetime": "2025-08-08 21:45:26", "elapsed": 17757.616920232773, "delta": 33.8286030292511}, "costs": {"total_cost": 1538.6354069443519, "time_cost": 150, "final_distance_cost": 74.64476867685347, "oscillation_cost": 267.83679714041705, "completition_cost": 888.8888888888888, "overshoot_cost": 87.73391358765737, "power_cost": 40.49871123046875, "noise_cost": 29.03232742006661, "n_waypoints_completed": 1, "tot_waypoints": 9}}
{"target": -3543.862502967501, "params": {"k_pid_pos": [4565.278733639653, 1932.8844741446394, 4803.161675904301], "k_pid_alt": [78.71806211902643, 6927.891105329746, 2499.4993401037777], "k_pid_att": [7726.116022196417, 9884.117074887396, 7649.176153654793], "k_pid_yaw": [0.5, 1e-06, 0.1], "k_pid_hsp": [6872.019014433275, 1728.2893229505191, 1537.8961498516896], "k_pid_vsp": [9484.811478019787, 5631.546339889398, 4353.8836395263215]}, "datetime": {"datetime": "2025-08-08 21:45:56", "elapsed": 17788.465242147446, "delta": 30.84832191467285}, "costs": {"total_cost": 3543.862502967501, "time_cost": 150, "final_distance_cost": 263.1628703709644, "oscillation_cost": 891.2854012666654, "completition_cost": 1000.0, "overshoot_cost": 1040.7051034256178, "power_cost": 58.60912349853516, "noise_cost": 140.1000044057183, "n_waypoints_completed": 0, "tot_waypoints": 9}}
{"target": -2903.661291957506, "params": {"k_pid_pos": [2158.802106941735, 2820.843843442169, 4560.824032402231], "k_pid_alt": [0.0, 4395.631698380919, 193.32704587245348], "k_pid_att": [10000.0, 10000.0, 4396.484986390198], "k_pid_yaw": [0.5, 1e-06, 0.1], "k_pid_hsp": [10000.0, 0.0, 1046.3500548841378], "k_pid_vsp": [10000.0, 916.9193623881088, 6509.934173431674]}, "datetime": {"datetime": "2025-08-08 21:46:31", "elapsed": 17823.43932199478, "delta": 34.974079847335815}, "costs": {"total_cost": 2903.661291957506, "time_cost": 150, "final_distance_cost": 45.510145994344526, "oscillation_cost": 603.9240053266492, "completition_cost": 1000.0, "overshoot_cost": 931.775240027833, "power_cost": 57.80514470214844, "noise_cost": 114.64675590653034, "n_waypoints_completed": 0, "tot_waypoints": 9}}
{"target": -28994.603311810773, "params": {"k_pid_pos": [833.9529742557239, 4142.150828113999, 2503.9620473865252], "k_pid_alt": [2776.979199824836, 8962.27579394402, 4740.732244186772], "k_pid_att": [3466.4951752834127, 899.2207992551771, 2507.007058561339], "k_pid_yaw": [0.5, 1e-06, 0.1], "k_pid_hsp": [2653.196499636055, 4280.506320767191, 4935.55658356237], "k_pid_vsp": [5656.05361556366, 5748.118391581725, 1991.5192376022128]}, "datetime": {"datetime": "2025-08-08 21:47:02", "elapsed": 17854.201392412186, "delta": 30.762070417404175}, "costs": {"total_cost": 28994.603311810773, "time_cost": 150, "final_distance_cost": 7229.072901355776, "oscillation_cost": 699.8522788641856, "completition_cost": 1000.0, "overshoot_cost": 19718.704668066694, "power_cost": 58.68243225097657, "noise_cost": 138.29103127313985, "n_waypoints_completed": 0, "tot_waypoints": 9}}
{"target": -4919.267590366726, "params": {"k_pid_pos": [5607.084618213108, 0.0, 0.0], "k_pid_alt": [5041.465320296697, 4931.407068780626, 3449.8907132405698], "k_pid_att": [5916.924351716853, 773.1977166061866, 0.0], "k_pid_yaw": [0.5, 1e-06, 0.1], "k_pid_hsp": [2606.492114181716, 10000.0, 4592.705373938], "k_pid_vsp": [0.0, 0.0, 5438.746431136946]}, "datetime": {"datetime": "2025-08-08 21:47:38", "elapsed": 17890.00873184204, "delta": 35.80733942985535}, "costs": {"total_cost": 4919.267590366726, "time_cost": 150, "final_distance_cost": 1183.338115137182, "oscillation_cost": 260.86587551435514, "completition_cost": 1000.0, "overshoot_cost": 2248.5774147903267, "power_cost": 45.755693554687504, "noise_cost": 30.730491370174665, "n_waypoints_completed": 0, "tot_waypoints": 9}}
{"target": -1372.5155992898208, "params": {"k_pid_pos": [2691.7660767766547, 0.0, 0.0], "k_pid_alt": [302.0920984207314, 752.2619658304718, 4489.6048209785695], "k_pid_att": [10000.0, 8503.115461268519, 0.0], "k_pid_yaw": [0.5, 1e-06, 0.1], "k_pid_hsp": [4854.862296479297, 7098.872090224299, 938.8057200635998], "k_pid_vsp": [7028.775876824865, 3306.2395386152884, 1931.7983615654366]}, "datetime": {"datetime": "2025-08-08 21:48:12", "elapsed": 17924.40364766121, "delta": 34.39491581916809}, "costs": {"total_cost": 1372.5155992898208, "time_cost": 150, "final_distance_cost": 55.17009668469503, "oscillation_cost": 147.55403782121735, "completition_cost": 888.8888888888888, "overshoot_cost": 58.10377844934348, "power_cost": 43.552727844238284, "noise_cost": 29.246069601437924, "n_waypoints_completed": 1, "tot_waypoints": 9}}
{"target": -7283.7850144722315, "params": {"k_pid_pos": [7750.702341882217, 6252.972596806948, 9897.940743266656], "k_pid_alt": [8249.218231797659, 7324.15955235166, 2567.583396417674], "k_pid_att": [411.70840533907517, 8632.553035952016, 9622.8481175488], "k_pid_yaw": [0.5, 1e-06, 0.1], "k_pid_hsp": [7441.526123871168, 9633.337433728839, 6376.122765368276], "k_pid_vsp": [1521.983894505241, 1134.2021495895926, 5012.104784520368]}, "datetime": {"datetime": "2025-08-08 21:48:43", "elapsed": 17955.04263997078, "delta": 30.638992309570312}, "costs": {"total_cost": 7283.7850144722315, "time_cost": 150, "final_distance_cost": 1723.0774922420935, "oscillation_cost": 1239.0199732238598, "completition_cost": 1000.0, "overshoot_cost": 2998.8844482506042, "power_cost": 54.989860681152344, "noise_cost": 117.8132400745213, "n_waypoints_completed": 0, "tot_waypoints": 9}}
{"target": -1287.8180247662262, "params": {"k_pid_pos": [4371.525962330945, 3278.860563497428, 0.0], "k_pid_alt": [10000.0, 955.2302807134556, 0.0], "k_pid_att": [9153.684587596455, 5337.638485186194, 0.0], "k_pid_yaw": [0.5, 1e-06, 0.1], "k_pid_hsp": [0.0, 0.0, 0.0], "k_pid_vsp": [5430.942027746904, 8398.542011021154, 3164.7113183327115]}, "datetime": {"datetime": "2025-08-08 21:49:21", "elapsed": 17993.35965156555, "delta": 38.31701159477234}, "costs": {"total_cost": 1287.8180247662262, "time_cost": 150, "final_distance_cost": 46.01717252162279, "oscillation_cost": 0.0, "completition_cost": 1000.0, "overshoot_cost": 39.75988651515671, "power_cost": 29.349270654296877, "noise_cost": 22.691695075149838, "n_waypoints_completed": 0, "tot_waypoints": 9}}
{"target": -2719.368177683064, "params": {"k_pid_pos": [9352.38274628373, 2655.0187607306307, 6063.797222085043], "k_pid_alt": [7154.711465382423, 8659.458287227015, 9077.668313341353], "k_pid_att": [6979.871416449819, 9098.07194824252, 3714.6630962161207], "k_pid_yaw": [0.5, 1e-06, 0.1], "k_pid_hsp": [8375.064337539296, 1305.8075692321113, 9132.925919160789], "k_pid_vsp": [3680.3218540842977, 9196.454749996738, 7069.132397455529]}, "datetime": {"datetime": "2025-08-08 21:49:52", "elapsed": 18024.206314325333, "delta": 30.846662759780884}, "costs": {"total_cost": 2719.368177683064, "time_cost": 150, "final_distance_cost": 262.0094921854216, "oscillation_cost": 513.7188241549669, "completition_cost": 1000.0, "overshoot_cost": 636.0144340627719, "power_cost": 53.03174165039063, "noise_cost": 104.59368562951283, "n_waypoints_completed": 0, "tot_waypoints": 9}}
{"target": -4495.877176751858, "params": {"k_pid_pos": [0.0, 4176.474093386939, 10000.0], "k_pid_alt": [0.0, 9580.046958579667, 10000.0], "k_pid_att": [10000.0, 10000.0, 8368.500117292582], "k_pid_yaw": [0.5, 1e-06, 0.1], "k_pid_hsp": [2350.945188716954, 0.0, 2597.4147522545322], "k_pid_vsp": [10000.0, 820.1817669770455, 5183.883657894712]}, "datetime": {"datetime": "2025-08-08 21:50:26", "elapsed": 18058.262484312057, "delta": 34.05616998672485}, "costs": {"total_cost": 4495.877176751858, "time_cost": 150, "final_distance_cost": 851.0008269765682, "oscillation_cost": 682.6727966471672, "completition_cost": 1000.0, "overshoot_cost": 1617.1003721278134, "power_cost": 58.5907558959961, "noise_cost": 136.51242510431362, "n_waypoints_completed": 0, "tot_waypoints": 9}}
{"target": -12439.055334369406, "params": {"k_pid_pos": [7051.6883390929115, 8466.694315715456, 1077.8289465358125], "k_pid_alt": [3082.871971624256, 5914.234757001537, 2934.170181357559], "k_pid_att": [2663.588812826624, 4025.562729079919, 4187.098286428869], "k_pid_yaw": [0.5, 1e-06, 0.1], "k_pid_hsp": [2680.792172321207, 1184.5731797765568, 5365.985169064432], "k_pid_vsp": [2806.39114501397, 818.4503698933121, 1087.7609422818334]}, "datetime": {"datetime": "2025-08-08 21:50:57", "elapsed": 18089.35619544983, "delta": 31.093711137771606}, "costs": {"total_cost": 12439.055334369406, "time_cost": 150, "final_distance_cost": 1907.8025174546674, "oscillation_cost": 1157.3096201853957, "completition_cost": 1000.0, "overshoot_cost": 8023.586970636916, "power_cost": 58.666794580078125, "noise_cost": 141.68943151235084, "n_waypoints_completed": 0, "tot_waypoints": 9}}
{"target": -3284.5936390883157, "params": {"k_pid_pos": [2991.087946101302, 4781.529395603518, 7321.808651211793], "k_pid_alt": [8417.720603263604, 5155.349287432026, 5538.443286731568], "k_pid_att": [9575.71640086222, 9614.205144140084, 3647.250475392582], "k_pid_yaw": [0.5, 1e-06, 0.1], "k_pid_hsp": [303.8766910106405, 2624.7074588871246, 2251.831778321024], "k_pid_vsp": [3239.5517302138996, 4531.574775958647, 7359.822098981906]}, "datetime": {"datetime": "2025-08-08 21:51:28", "elapsed": 18120.040506839752, "delta": 30.684311389923096}, "costs": {"total_cost": 3284.5936390883157, "time_cost": 150, "final_distance_cost": 501.7813519233496, "oscillation_cost": 77.17959647371285, "completition_cost": 1000.0, "overshoot_cost": 1492.7124236799943, "power_cost": 35.187664526367186, "noise_cost": 27.73260248489115, "n_waypoints_completed": 0, "tot_waypoints": 9}}
{"target": -1447.2336090216202, "params": {"k_pid_pos": [7984.945987971426, 0.0, 5029.438031773211], "k_pid_alt": [3715.255778766772, 10000.0, 0.0], "k_pid_att": [10000.0, 10000.0, 0.0], "k_pid_yaw": [0.5, 1e-06, 0.1], "k_pid_hsp": [0.0, 0.0, 0.0], "k_pid_vsp": [5179.833019687576, 8049.072343313754, 7361.757799575273]}, "datetime": {"datetime": "2025-08-08 21:52:04", "elapsed": 18155.96710395813, "delta": 35.926597118377686}, "costs": {"total_cost": 1447.2336090216202, "time_cost": 150, "final_distance_cost": 10.874955840053898, "oscillation_cost": 0.0, "completition_cost": 1000.0, "overshoot_cost": 166.4099510673916, "power_cost": 29.932059130859376, "noise_cost": 90.01664298331532, "n_waypoints_completed": 0, "tot_waypoints": 9}}
{"target": -4398.45637739034, "params": {"k_pid_pos": [6539.555263546965, 3795.084724740688, 7399.103394220909], "k_pid_alt": [3135.060567590604, 9281.739763323814, 8537.561691412995], "k_pid_att": [5294.944388166722, 2501.197312622714, 4261.022104269834], "k_pid_yaw": [0.5, 1e-06, 0.1], "k_pid_hsp": [7302.537809039349, 2894.6471604479316, 5604.525129591778], "k_pid_vsp": [1273.4364494918416, 8178.0931826570295, 7469.0185702069375]}, "datetime": {"datetime": "2025-08-08 21:52:35", "elapsed": 18187.12947201729, "delta": 31.162368059158325}, "costs": {"total_cost": 4398.45637739034, "time_cost": 150, "final_distance_cost": 672.3206221403831, "oscillation_cost": 257.89879011785985, "completition_cost": 1000.0, "overshoot_cost": 2219.445646570712, "power_cost": 43.02167943115234, "noise_cost": 55.769639130231525, "n_waypoints_completed": 0, "tot_waypoints": 9}}
{"target": -3410.2742327684473, "params": {"k_pid_pos": [9989.403447301862, 7525.554783728451, 9719.899186376286], "k_pid_alt": [5682.454688976414, 9372.316876835743, 7699.103704095409], "k_pid_att": [4771.5712673024955, 8556.55319906117, 270.132448296978], "k_pid_yaw": [0.5, 1e-06, 0.1], "k_pid_hsp": [5528.127802926013, 7202.113269797156, 5422.2040903078], "k_pid_vsp": [177.4231670775872, 2548.320376613301, 3186.1014494810256]}, "datetime": {"datetime": "2025-08-08 21:53:06", "elapsed": 18218.139208078384, "delta": 31.00973606109619}, "costs": {"total_cost": 3410.2742327684473, "time_cost": 150, "final_distance_cost": 733.3349316213792, "oscillation_cost": 202.78336772405984, "completition_cost": 888.8888888888888, "overshoot_cost": 1371.8044301755099, "power_cost": 35.38328726806641, "noise_cost": 28.079327090543426, "n_waypoints_completed": 1, "tot_waypoints": 9}}
{"target": -2940.735810198651, "params": {"k_pid_pos": [7096.027829669378, 2731.7457573905026, 8986.26975805438], "k_pid_alt": [1314.004000176534, 6073.952875963411, 3376.3423752404133], "k_pid_att": [9786.123268191299, 8828.492937316196, 4071.423490042725], "k_pid_yaw": [0.5, 1e-06, 0.1], "k_pid_hsp": [7890.78231281667, 80.9420394540672, 9741.31248845391], "k_pid_vsp": [6819.077538896472, 8056.959651240852, 7841.129770567499]}, "datetime": {"datetime": "2025-08-08 21:53:37", "elapsed": 18249.10158610344, "delta": 30.96237802505493}, "costs": {"total_cost": 2940.735810198651, "time_cost": 150, "final_distance_cost": 391.81400102578914, "oscillation_cost": 67.55556807369435, "completition_cost": 1000.0, "overshoot_cost": 1268.48090751213, "power_cost": 35.154862829589845, "noise_cost": 27.73047075744763, "n_waypoints_completed": 0, "tot_waypoints": 9}}
{"target": -2091.7232950661514, "params": {"k_pid_pos": [3311.1440499834275, 8491.517494976117, 4964.675054241728], "k_pid_alt": [1995.3275735682184, 2854.0296811533262, 8328.715480818697], "k_pid_att": [7930.983410067765, 7515.570809525748, 2691.3284038458364], "k_pid_yaw": [0.5, 1e-06, 0.1], "k_pid_hsp": [9953.802465548026, 40.53556023293936, 963.9648581737414], "k_pid_vsp": [9915.788796252682, 6536.465537692716, 8672.853907771449]}, "datetime": {"datetime": "2025-08-08 21:54:08", "elapsed": 18280.09544801712, "delta": 30.99386191368103}, "costs": {"total_cost": 2091.7232950661514, "time_cost": 150, "final_distance_cost": 236.30257502112445, "oscillation_cost": 157.18380366972332, "completition_cost": 1000.0, "overshoot_cost": 467.62541164507815, "power_cost": 38.763377075195315, "noise_cost": 41.8481276550302, "n_waypoints_completed": 0, "tot_waypoints": 9}}
{"target": -1612.0051074120722, "params": {"k_pid_pos": [6287.943044933664, 7249.976660608532, 7852.447897959913], "k_pid_alt": [3263.650085299272, 10000.0, 7408.775943365536], "k_pid_att": [10000.0, 7615.368597083917, 0.0], "k_pid_yaw": [0.5, 1e-06, 0.1], "k_pid_hsp": [9631.23580465483, 1400.7841829290553, 4166.8424953756685], "k_pid_vsp": [4240.551688853921, 7577.031907009024, 9518.462975854107]}, "datetime": {"datetime": "2025-08-08 21:54:44", "elapsed": 18315.734684944153, "delta": 35.63923692703247}, "costs": {"total_cost": 1612.0051074120722, "time_cost": 150, "final_distance_cost": 86.26262741158267, "oscillation_cost": 345.7232226976229, "completition_cost": 888.8888888888888, "overshoot_cost": 72.79480790608325, "power_cost": 39.67193833007813, "noise_cost": 28.66362217781649, "n_waypoints_completed": 1, "tot_waypoints": 9}}
