{"target": -6222.17878093223, "params": {"k_pid_pos": [8665.885801000362, 4136.877926937223, 5375.565195995894], "k_pid_alt": [1550.8873849670401, 4794.753223879488, 3715.000644146418], "k_pid_att": [8802.467721333556, 1033.9249394620476, 2385.0222734011063], "k_pid_yaw": [0.5, 1e-06, 0.1], "k_pid_hsp": [7896.997559557694, 9588.91369878195, 8086.4250141659395], "k_pid_vsp": [5691.769540377379, 2798.8795614736937, 8188.820236793651]}, "datetime": {"datetime": "2025-08-09 03:20:27", "elapsed": 37858.76689982414, "delta": 32.44407320022583}, "costs": {"total_cost": 6222.17878093223, "time_cost": 150, "final_distance_cost": 1416.45056552033, "oscillation_cost": 30.619753942896285, "completition_cost": 1000.0, "overshoot_cost": 3562.012343072956, "power_cost": 35.30510380859375, "noise_cost": 27.79101458745373, "n_waypoints_completed": 0, "tot_waypoints": 9}}
{"target": -5093.569946825034, "params": {"k_pid_pos": [3191.5539979155524, 2892.947642888328, 10000.0], "k_pid_alt": [4011.1976912800774, 7566.408270450827, 5457.1048526014965], "k_pid_att": [10000.0, 9145.925036939923, 1331.7341320081903], "k_pid_yaw": [0.5, 1e-06, 0.1], "k_pid_hsp": [10000.0, 2747.306618358528, 5484.978523796206], "k_pid_vsp": [0.0, 6292.565239175085, 4309.032291155698]}, "datetime": {"datetime": "2025-08-09 03:21:08", "elapsed": 37899.67684388161, "delta": 40.9099440574646}, "costs": {"total_cost": 5093.569946825034, "time_cost": 150, "final_distance_cost": 1246.5663934681686, "oscillation_cost": 205.16320783260028, "completition_cost": 1000.0, "overshoot_cost": 2428.294165895456, "power_cost": 35.580414453125, "noise_cost": 27.965765175684375, "n_waypoints_completed": 0, "tot_waypoints": 9}}
{"target": -29903.574430508663, "params": {"k_pid_pos": [1987.5638167099473, 7955.959712652937, 7900.261336719795], "k_pid_alt": [4231.147871158461, 4573.02462824309, 5367.90806317764], "k_pid_att": [424.27209524021794, 3429.9351868561944, 1554.7187344312074], "k_pid_yaw": [0.5, 1e-06, 0.1], "k_pid_hsp": [7634.739523952888, 5129.277151916429, 9067.723595931506], "k_pid_vsp": [5071.575308150737, 5037.821788553585, 4035.756575190549]}, "datetime": {"datetime": "2025-08-09 03:21:40", "elapsed": 37931.85250902176, "delta": 32.17566514015198}, "costs": {"total_cost": 29903.574430508663, "time_cost": 150, "final_distance_cost": 8252.834970582851, "oscillation_cost": 1751.5386426880887, "completition_cost": 1000.0, "overshoot_cost": 18547.785782610106, "power_cost": 58.484315942382814, "noise_cost": 142.93071868523117, "n_waypoints_completed": 0, "tot_waypoints": 9}}
{"target": -2435.2090334210516, "params": {"k_pid_pos": [0.0, 10000.0, 5856.328152585453], "k_pid_alt": [5016.373971675909, 0.0, 8363.370371910125], "k_pid_att": [6915.615635972579, 0.0, 0.0], "k_pid_yaw": [0.5, 1e-06, 0.1], "k_pid_hsp": [3582.708076372514, 0.0, 8675.138596152978], "k_pid_vsp": [10000.0, 6605.75366523258, 2714.1698391950354]}, "datetime": {"datetime": "2025-08-09 03:22:20", "elapsed": 37972.43846797943, "delta": 40.58595895767212}, "costs": {"total_cost": 2435.2090334210516, "time_cost": 150, "final_distance_cost": 160.48312918566853, "oscillation_cost": 759.6728579237348, "completition_cost": 1000.0, "overshoot_cost": 301.99508478861645, "power_cost": 35.38272188720703, "noise_cost": 27.675239635824674, "n_waypoints_completed": 0, "tot_waypoints": 9}}
{"target": -1372.3933355215445, "params": {"k_pid_pos": [4293.159796837417, 10000.0, 10000.0], "k_pid_alt": [10000.0, 8173.472225566743, 6437.863683070954], "k_pid_att": [6087.817037591759, 4953.524310535053, 0.0], "k_pid_yaw": [0.5, 1e-06, 0.1], "k_pid_hsp": [6920.814937299677, 10000.0, 6813.19197643378], "k_pid_vsp": [10000.0, 10000.0, 0.0]}, "datetime": {"datetime": "2025-08-09 03:23:01", "elapsed": 38013.355222940445, "delta": 40.916754961013794}, "costs": {"total_cost": 1372.3933355215445, "time_cost": 150, "final_distance_cost": 60.00700305854891, "oscillation_cost": 330.39501069441064, "completition_cost": 666.6666666666667, "overshoot_cost": 94.96066458986036, "power_cost": 38.64907980957032, "noise_cost": 31.71491070248778, "n_waypoints_completed": 3, "tot_waypoints": 9}}
{"target": -15141.265800800235, "params": {"k_pid_pos": [7034.8528480292625, 2668.4904908332087, 1422.3159968096877], "k_pid_alt": [5199.064410770644, 8943.956815419147, 9724.189882616945], "k_pid_att": [8077.97211802343, 1445.523389239284, 9363.551310821367], "k_pid_yaw": [0.5, 1e-06, 0.1], "k_pid_hsp": [1797.8822616845735, 6329.2269998622405, 5788.4385489115675], "k_pid_vsp": [6318.381211640069, 2092.732979725189, 2324.3527587587087]}, "datetime": {"datetime": "2025-08-09 03:23:34", "elapsed": 38045.52718949318, "delta": 32.171966552734375}, "costs": {"total_cost": 15141.265800800235, "time_cost": 150, "final_distance_cost": 4082.8041113212807, "oscillation_cost": 715.1137373914615, "completition_cost": 1000.0, "overshoot_cost": 9024.779385007172, "power_cost": 56.770169238281255, "noise_cost": 111.79839784203816, "n_waypoints_completed": 0, "tot_waypoints": 9}}
{"target": -1474.5684951650583, "params": {"k_pid_pos": [10000.0, 10000.0, 5564.105934553081], "k_pid_alt": [7629.964795080441, 0.0, 8227.577724970739], "k_pid_att": [7628.944026053295, 5516.020602795464, 0.0], "k_pid_yaw": [0.5, 1e-06, 0.1], "k_pid_hsp": [8510.727647279897, 3311.5660124432807, 8365.553417723175], "k_pid_vsp": [4115.003802470162, 9763.144874829046, 10000.0]}, "datetime": {"datetime": "2025-08-09 03:24:14", "elapsed": 38085.91999125481, "delta": 40.3928017616272}, "costs": {"total_cost": 1474.5684951650583, "time_cost": 150, "final_distance_cost": 81.43481008126268, "oscillation_cost": 511.294658849405, "completition_cost": 555.5555555555555, "overshoot_cost": 110.54809996539838, "power_cost": 37.442903637695316, "noise_cost": 28.292467075741186, "n_waypoints_completed": 4, "tot_waypoints": 9}}
{"target": -2283.2293767283377, "params": {"k_pid_pos": [0.0, 4576.796314376461, 10000.0], "k_pid_alt": [9321.818916535447, 5508.518010219491, 10000.0], "k_pid_att": [6252.798104264771, 5992.686612988114, 0.0], "k_pid_yaw": [0.5, 1e-06, 0.1], "k_pid_hsp": [3749.1578782101055, 10000.0, 5798.67819089267], "k_pid_vsp": [8439.8489041108, 10000.0, 4132.788624632441]}, "datetime": {"datetime": "2025-08-09 03:24:53", "elapsed": 38125.318775177, "delta": 39.398783922195435}, "costs": {"total_cost": 2283.2293767283377, "time_cost": 150, "final_distance_cost": 42.62214499589602, "oscillation_cost": 921.652800107241, "completition_cost": 1000.0, "overshoot_cost": 105.67210196920475, "power_cost": 35.64106668701172, "noise_cost": 27.641262968984194, "n_waypoints_completed": 0, "tot_waypoints": 9}}
{"target": -2576.737461839987, "params": {"k_pid_pos": [2868.809190664213, 9357.611470035956, 8752.74621327108], "k_pid_alt": [64.5145027224629, 4398.304179241651, 8533.871742804753], "k_pid_att": [8729.685562338502, 4963.585647616388, 5305.4540365434195], "k_pid_yaw": [0.5, 1e-06, 0.1], "k_pid_hsp": [0.0, 5313.322949835055, 9919.580656163971], "k_pid_vsp": [9160.540274375722, 0.0, 3312.4969126981523]}, "datetime": {"datetime": "2025-08-09 03:25:34", "elapsed": 38165.731187820435, "delta": 40.41241264343262}, "costs": {"total_cost": 2576.737461839987, "time_cost": 150, "final_distance_cost": 135.75425516539377, "oscillation_cost": 661.8110050068923, "completition_cost": 1000.0, "overshoot_cost": 438.7549343043595, "power_cost": 58.625456286621095, "noise_cost": 131.7918110767206, "n_waypoints_completed": 0, "tot_waypoints": 9}}
{"target": -4951.272261402119, "params": {"k_pid_pos": [10000.0, 4137.286246951188, 8649.238832462714], "k_pid_alt": [10000.0, 0.0, 4956.231707723258], "k_pid_att": [5234.8017199379565, 6970.707156787309, 0.0], "k_pid_yaw": [0.5, 1e-06, 0.1], "k_pid_hsp": [0.0, 4054.55983519079, 8669.15444719456], "k_pid_vsp": [198.73339331138615, 0.0, 7115.525767610122]}, "datetime": {"datetime": "2025-08-09 03:26:16", "elapsed": 38207.59855890274, "delta": 41.86737108230591}, "costs": {"total_cost": 4951.272261402119, "time_cost": 150, "final_distance_cost": 950.9207426522504, "oscillation_cost": 903.3312005908209, "completition_cost": 1000.0, "overshoot_cost": 1875.9044305417315, "power_cost": 41.46905478515625, "noise_cost": 29.646832832159443, "n_waypoints_completed": 0, "tot_waypoints": 9}}
{"target": -2424.1670547670615, "params": {"k_pid_pos": [1877.4409223146629, 10000.0, 6411.599537406613], "k_pid_alt": [10000.0, 0.0, 10000.0], "k_pid_att": [4781.687592300081, 0.0, 0.0], "k_pid_yaw": [0.5, 1e-06, 0.1], "k_pid_hsp": [5834.646640647696, 0.0, 7189.875082520192], "k_pid_vsp": [4039.3296413824182, 9443.918504106166, 8208.603876883164]}, "datetime": {"datetime": "2025-08-09 03:26:55", "elapsed": 38247.43186497688, "delta": 39.833306074142456}, "costs": {"total_cost": 2424.1670547670615, "time_cost": 150, "final_distance_cost": 111.45564540838753, "oscillation_cost": 793.4907749489723, "completition_cost": 1000.0, "overshoot_cost": 305.9279339105193, "power_cost": 35.35921616210938, "noise_cost": 27.933484337073068, "n_waypoints_completed": 0, "tot_waypoints": 9}}
{"target": -6826.33888244347, "params": {"k_pid_pos": [3669.5658461942126, 2859.05440636105, 2909.9487736051756], "k_pid_alt": [7776.951866172363, 8682.146809414546, 6474.830773910962], "k_pid_att": [8148.592487026624, 2446.7465002112863, 9654.971219626377], "k_pid_yaw": [0.5, 1e-06, 0.1], "k_pid_hsp": [65.35476788270933, 9290.854332896162, 2992.5319705499087], "k_pid_vsp": [2667.732995461346, 1279.571319538022, 7923.275766516465]}, "datetime": {"datetime": "2025-08-09 03:27:28", "elapsed": 38279.95883178711, "delta": 32.52696681022644}, "costs": {"total_cost": 6826.33888244347, "time_cost": 150, "final_distance_cost": 1720.9888951595185, "oscillation_cost": 206.58220714959697, "completition_cost": 1000.0, "overshoot_cost": 3669.434337832964, "power_cost": 41.42272767333984, "noise_cost": 37.91071462805026, "n_waypoints_completed": 0, "tot_waypoints": 9}}
{"target": -1561.3744082744054, "params": {"k_pid_pos": [5005.086052598989, 6873.708270864151, 4263.571338911601], "k_pid_alt": [8226.197776923424, 7237.888892825499, 1833.9662814746328], "k_pid_att": [5890.5840686842785, 4547.192025681277, 0.0], "k_pid_yaw": [0.5, 1e-06, 0.1], "k_pid_hsp": [10000.0, 861.314250446878, 4267.475206475145], "k_pid_vsp": [5789.67538893066, 5464.515934130423, 1763.0836711310635]}, "datetime": {"datetime": "2025-08-09 03:28:10", "elapsed": 38321.56168246269, "delta": 41.602850675582886}, "costs": {"total_cost": 1561.3744082744054, "time_cost": 150, "final_distance_cost": 82.37920453030401, "oscillation_cost": 406.7014754993231, "completition_cost": 777.7777777777778, "overshoot_cost": 76.28357952822036, "power_cost": 39.66214028320313, "noise_cost": 28.570230655576687, "n_waypoints_completed": 2, "tot_waypoints": 9}}
{"target": -5394.92764097558, "params": {"k_pid_pos": [1336.7668530744747, 4287.885759653308, 8253.022982975888], "k_pid_alt": [2596.5417944034207, 6708.073909852076, 989.937014944351], "k_pid_att": [4903.668002940081, 9034.417955801904, 257.3041573099732], "k_pid_yaw": [0.5, 1e-06, 0.1], "k_pid_hsp": [74.2452303124097, 9170.757134262942, 7586.577675958999], "k_pid_vsp": [3934.237235770471, 990.3220757116204, 2048.3653968667436]}, "datetime": {"datetime": "2025-08-09 03:28:41", "elapsed": 38353.43078780174, "delta": 31.869105339050293}, "costs": {"total_cost": 5394.92764097558, "time_cost": 150, "final_distance_cost": 1286.3432912557892, "oscillation_cost": 162.94367584476348, "completition_cost": 1000.0, "overshoot_cost": 2733.032875048573, "power_cost": 35.0296623046875, "noise_cost": 27.57813652176762, "n_waypoints_completed": 0, "tot_waypoints": 9}}
{"target": -1864.5339752418686, "params": {"k_pid_pos": [7403.638415780029, 2359.443753660673, 4880.329816822159], "k_pid_alt": [730.0333312205443, 10000.0, 0.0], "k_pid_att": [3080.040380237973, 6715.837958768095, 0.0], "k_pid_yaw": [0.5, 1e-06, 0.1], "k_pid_hsp": [10000.0, 0.0, 4979.093867933135], "k_pid_vsp": [1762.0717678965616, 10000.0, 7462.214622763015]}, "datetime": {"datetime": "2025-08-09 03:29:23", "elapsed": 38394.809556007385, "delta": 41.3787682056427}, "costs": {"total_cost": 1864.5339752418686, "time_cost": 150, "final_distance_cost": 68.74464713246648, "oscillation_cost": 507.82402661075383, "completition_cost": 1000.0, "overshoot_cost": 71.50512605420039, "power_cost": 37.9915549194336, "noise_cost": 28.46862052501438, "n_waypoints_completed": 0, "tot_waypoints": 9}}
{"target": -10975.87627578499, "params": {"k_pid_pos": [9446.735340005322, 465.6707608466382, 3200.955670913748], "k_pid_alt": [3726.6975430553275, 3235.4734094018654, 9197.574847812799], "k_pid_att": [9774.197156054435, 418.28874285255057, 5651.618063070066], "k_pid_yaw": [0.5, 1e-06, 0.1], "k_pid_hsp": [3637.479645655558, 1660.7868520136094, 3972.8236840539444], "k_pid_vsp": [1314.376837872817, 9090.334280174924, 110.29674713193826]}, "datetime": {"datetime": "2025-08-09 03:29:56", "elapsed": 38427.70137548447, "delta": 32.8918194770813}, "costs": {"total_cost": 10975.87627578499, "time_cost": 150, "final_distance_cost": 2336.608320209967, "oscillation_cost": 834.1284007321736, "completition_cost": 1000.0, "overshoot_cost": 6455.847153184505, "power_cost": 58.659612939453126, "noise_cost": 140.63278871889358, "n_waypoints_completed": 0, "tot_waypoints": 9}}
{"target": -4161.49001300124, "params": {"k_pid_pos": [4184.380915578961, 8158.331849982699, 8895.818596070767], "k_pid_alt": [9093.361509068038, 4933.278336061352, 7886.988173385178], "k_pid_att": [6727.302526226919, 7047.367148405264, 4528.151547424416], "k_pid_yaw": [0.5, 1e-06, 0.1], "k_pid_hsp": [7524.220810791411, 7692.610882724274, 5138.1217582663285], "k_pid_vsp": [6203.303436079862, 5374.773830967653, 516.8605284930161]}, "datetime": {"datetime": "2025-08-09 03:30:28", "elapsed": 38459.75104355812, "delta": 32.049668073654175}, "costs": {"total_cost": 4161.49001300124, "time_cost": 150, "final_distance_cost": 251.22037346455159, "oscillation_cost": 679.6763006108808, "completition_cost": 1000.0, "overshoot_cost": 1885.9795568246825, "power_cost": 58.66704436035157, "noise_cost": 135.94673774077395, "n_waypoints_completed": 0, "tot_waypoints": 9}}
{"target": -1515.6057404484286, "params": {"k_pid_pos": [0.0, 6987.88732365326, 1741.113850111613], "k_pid_alt": [10000.0, 7509.237013951233, 0.0], "k_pid_att": [10000.0, 9412.613545865874, 0.0], "k_pid_yaw": [0.5, 1e-06, 0.1], "k_pid_hsp": [7410.487933730918, 0.0, 0.0], "k_pid_vsp": [6060.9734218729445, 3292.983026204685, 9966.409133757992]}, "datetime": {"datetime": "2025-08-09 03:31:10", "elapsed": 38502.02086663246, "delta": 42.26982307434082}, "costs": {"total_cost": 1515.6057404484286, "time_cost": 150, "final_distance_cost": 33.781271422123226, "oscillation_cost": 199.4598196178128, "completition_cost": 1000.0, "overshoot_cost": 59.06384565483621, "power_cost": 43.795624072265625, "noise_cost": 29.505179681390686, "n_waypoints_completed": 0, "tot_waypoints": 9}}
{"target": -8422.829955026382, "params": {"k_pid_pos": [5475.466678559849, 8702.105594044246, 9805.324432104868], "k_pid_alt": [5740.931561426845, 1856.0531356312026, 3481.783482745386], "k_pid_att": [2775.7934807619868, 2453.353116809869, 8051.6942069112965], "k_pid_yaw": [0.5, 1e-06, 0.1], "k_pid_hsp": [4074.2426376881335, 2496.2199496043313, 756.5830066581425], "k_pid_vsp": [3208.102034980338, 2553.5324844242245, 4287.415978773594]}, "datetime": {"datetime": "2025-08-09 03:31:43", "elapsed": 38534.95792889595, "delta": 32.93706226348877}, "costs": {"total_cost": 8422.829955026382, "time_cost": 150, "final_distance_cost": 2297.9879043960104, "oscillation_cost": 209.88945402575064, "completition_cost": 1000.0, "overshoot_cost": 4682.675640758672, "power_cost": 44.611479296875004, "noise_cost": 37.6654765490754, "n_waypoints_completed": 0, "tot_waypoints": 9}}
{"target": -1478.6109088893354, "params": {"k_pid_pos": [4160.327058907306, 2028.0599794371456, 550.0224120455777], "k_pid_alt": [8437.940407897939, 1543.8118487110364, 7620.795340039819], "k_pid_att": [3284.207554458467, 954.9048528802972, 327.6110951613032], "k_pid_yaw": [0.5, 1e-06, 0.1], "k_pid_hsp": [9804.120815816268, 8421.482197339516, 2398.1271178649154], "k_pid_vsp": [7096.96824898171, 2033.5432561869538, 4465.648710061207]}, "datetime": {"datetime": "2025-08-09 03:32:15", "elapsed": 38567.32494401932, "delta": 32.36701512336731}, "costs": {"total_cost": 1478.6109088893354, "time_cost": 150, "final_distance_cost": 176.65690824245812, "oscillation_cost": 106.08794180295055, "completition_cost": 777.7777777777778, "overshoot_cost": 202.26818854448095, "power_cost": 36.885418908691406, "noise_cost": 28.934673612976514, "n_waypoints_completed": 2, "tot_waypoints": 9}}
{"target": -3724.046396820219, "params": {"k_pid_pos": [985.9211060232176, 4239.7248556333525, 9485.499217929908], "k_pid_alt": [8891.862556863161, 8093.557435600138, 6542.299487378227], "k_pid_att": [2670.8612468560978, 1374.5090500383849, 1900.3587336200767], "k_pid_yaw": [0.5, 1e-06, 0.1], "k_pid_hsp": [3126.733315131349, 4269.237914192998, 2823.5661946639802], "k_pid_vsp": [4558.802634218174, 8836.916350914238, 8272.458077419778]}, "datetime": {"datetime": "2025-08-09 03:32:48", "elapsed": 38599.90096497536, "delta": 32.57602095603943}, "costs": {"total_cost": 3724.046396820219, "time_cost": 150, "final_distance_cost": 535.4003576536774, "oscillation_cost": 248.64853715464162, "completition_cost": 1000.0, "overshoot_cost": 1686.2027753142024, "power_cost": 44.03790278320313, "noise_cost": 59.75682391449416, "n_waypoints_completed": 0, "tot_waypoints": 9}}
{"target": -12799.232789506414, "params": {"k_pid_pos": [4555.272538943106, 2729.3106763610717, 7741.873332238879], "k_pid_alt": [5822.1709949990645, 6651.1084040694, 6719.552534165499], "k_pid_att": [292.61739697056254, 7290.363422917942, 4104.102285431763], "k_pid_yaw": [0.5, 1e-06, 0.1], "k_pid_hsp": [5111.344455438845, 6617.235857036497, 8473.231682904248], "k_pid_vsp": [7150.788226185068, 5105.16045854357, 768.0354020856283]}, "datetime": {"datetime": "2025-08-09 03:33:20", "elapsed": 38632.20291829109, "delta": 32.30195331573486}, "costs": {"total_cost": 12799.232789506414, "time_cost": 150, "final_distance_cost": 3177.8152144118644, "oscillation_cost": 1710.0776372966886, "completition_cost": 1000.0, "overshoot_cost": 6566.570970741925, "power_cost": 58.34644276123047, "noise_cost": 136.4225242947053, "n_waypoints_completed": 0, "tot_waypoints": 9}}
{"target": -588.1214462135107, "params": {"k_pid_pos": [5201.674484224411, 4726.0893706087545, 0.0], "k_pid_alt": [5238.360231577759, 0.0, 6780.485633457603], "k_pid_att": [6823.021247675008, 0.0, 0.0], "k_pid_yaw": [0.5, 1e-06, 0.1], "k_pid_hsp": [9988.397980860114, 6027.272323823792, 4066.3810332439207], "k_pid_vsp": [10000.0, 64.84133288480187, 1565.8457106379853]}, "datetime": {"datetime": "2025-08-09 03:34:01", "elapsed": 38673.14350605011, "delta": 40.940587759017944}, "costs": {"total_cost": 588.1214462135107, "time_cost": 119.203, "final_distance_cost": 1.718962975648968, "oscillation_cost": 301.15100156938405, "completition_cost": 0.0, "overshoot_cost": 95.75387556738853, "power_cost": 40.249015380859376, "noise_cost": 30.04559072022967, "n_waypoints_completed": 9, "tot_waypoints": 9}}
{"target": -1903.798277459225, "params": {"k_pid_pos": [5861.688742971598, 6065.642406297343, 8460.959908823756], "k_pid_alt": [9741.954866598142, 844.1279259939228, 8071.3717880168], "k_pid_att": [9510.877505050663, 4031.311091099253, 1767.3277199686931], "k_pid_yaw": [0.5, 1e-06, 0.1], "k_pid_hsp": [7990.803321058397, 3757.8086651089516, 5354.571179973572], "k_pid_vsp": [3682.2233834995654, 1377.8055447450622, 6476.6790389781045]}, "datetime": {"datetime": "2025-08-09 03:34:34", "elapsed": 38705.583455085754, "delta": 32.43994903564453}, "costs": {"total_cost": 1903.798277459225, "time_cost": 150, "final_distance_cost": 196.34686007107223, "oscillation_cost": 58.64875108698301, "completition_cost": 1000.0, "overshoot_cost": 435.83365817124695, "power_cost": 35.20409099121094, "noise_cost": 27.764917138711716, "n_waypoints_completed": 0, "tot_waypoints": 9}}
{"target": -4644.2694540181055, "params": {"k_pid_pos": [8961.369965438817, 3066.0056204761822, 1009.1639493455195], "k_pid_alt": [5469.7639676336485, 3898.161503906654, 2440.862817723858], "k_pid_att": [6308.746258025938, 2340.8603631470182, 341.41386006815486], "k_pid_yaw": [0.5, 1e-06, 0.1], "k_pid_hsp": [4419.652811033642, 7685.675272817976, 2474.2298220645885], "k_pid_vsp": [125.0897294078912, 613.7731663043555, 3446.132995119842]}, "datetime": {"datetime": "2025-08-09 03:35:06", "elapsed": 38737.69836425781, "delta": 32.114909172058105}, "costs": {"total_cost": 4644.2694540181055, "time_cost": 150, "final_distance_cost": 1027.0814863194387, "oscillation_cost": 105.53566699767097, "completition_cost": 1000.0, "overshoot_cost": 2290.5189614081314, "power_cost": 42.073221008300784, "noise_cost": 29.060118284563654, "n_waypoints_completed": 0, "tot_waypoints": 9}}
{"target": -482.660934849997, "params": {"k_pid_pos": [6171.100858740621, 3409.3274721655516, 0.0], "k_pid_alt": [6820.5869240631255, 0.0, 9293.398172121319], "k_pid_att": [9493.800381523839, 1616.9454913800957, 0.0], "k_pid_yaw": [0.5, 1e-06, 0.1], "k_pid_hsp": [10000.0, 10000.0, 897.0722088468091], "k_pid_vsp": [5124.58614259343, 1974.8578076244314, 6862.06099388433]}, "datetime": {"datetime": "2025-08-09 03:35:45", "elapsed": 38776.73842740059, "delta": 39.04006314277649}, "costs": {"total_cost": 482.660934849997, "time_cost": 110.614, "final_distance_cost": 1.785590288140682, "oscillation_cost": 216.59112959435947, "completition_cost": 0.0, "overshoot_cost": 87.5287383629662, "power_cost": 38.605079931640624, "noise_cost": 27.536396672890007, "n_waypoints_completed": 9, "tot_waypoints": 9}}
