{"target": -3836.636618021807, "params": {"k_pid_pos": [2341.648987315813, 6672.368265827891, 1964.3952173647383], "k_pid_alt": [4720.6693575406325, 3572.4257861896467, 9878.60328508337], "k_pid_att": [6896.45721672382, 7950.150582926656, 6188.571966189703], "k_pid_yaw": [0.5, 1e-06, 0.1], "k_pid_hsp": [479.8563816909218, 3883.474688126809, 6771.076197686474], "k_pid_vsp": [4025.6527352659277, 2390.079154032668, 4993.177164425233]}, "datetime": {"datetime": "2025-08-09 13:45:48", "elapsed": 75379.65622329712, "delta": 36.26376438140869}, "costs": {"total_cost": 3836.636618021807, "time_cost": 150, "final_distance_cost": 730.6036930562868, "oscillation_cost": 555.7368764283103, "completition_cost": 1000.0, "overshoot_cost": 1239.1840635039441, "power_cost": 53.20079077148438, "noise_cost": 107.91119426178143, "n_waypoints_completed": 0, "tot_waypoints": 9}}
{"target": -11173.640548618083, "params": {"k_pid_pos": [9302.595155154098, 6573.20599324608, 9742.112591399482], "k_pid_alt": [3432.543937157565, 3538.974783553599, 9706.821155761132], "k_pid_att": [6631.433586323393, 7124.241926942085, 4587.912834005356], "k_pid_yaw": [0.5, 1e-06, 0.1], "k_pid_hsp": [8991.79167583975, 3569.891856732235, 7870.422567805955], "k_pid_vsp": [689.8755130292866, 8146.124559159271, 1641.9185285897697]}, "datetime": {"datetime": "2025-08-09 13:46:26", "elapsed": 75417.53943872452, "delta": 37.88321542739868}, "costs": {"total_cost": 11173.640548618083, "time_cost": 150, "final_distance_cost": 2540.7833024151246, "oscillation_cost": 665.0252575973658, "completition_cost": 1000.0, "overshoot_cost": 6625.1903673110055, "power_cost": 58.63110139160157, "noise_cost": 134.01051990298322, "n_waypoints_completed": 0, "tot_waypoints": 9}}
{"target": -3146.810345074765, "params": {"k_pid_pos": [6738.783207582699, 3546.9739162725577, 6344.76236356091], "k_pid_alt": [3708.4757913600706, 2216.1369150550613, 2572.9313034784964], "k_pid_att": [8975.9955393045, 7211.426656981621, 2346.946279848529], "k_pid_yaw": [0.5, 1e-06, 0.1], "k_pid_hsp": [949.8236693462326, 5281.400188266654, 6997.923653258517], "k_pid_vsp": [8001.918303791434, 4364.721223987181, 1631.267330137295]}, "datetime": {"datetime": "2025-08-09 13:47:02", "elapsed": 75454.48904848099, "delta": 36.94960975646973}, "costs": {"total_cost": 3146.810345074765, "time_cost": 150, "final_distance_cost": 570.6368271536252, "oscillation_cost": 297.0352603489535, "completition_cost": 1000.0, "overshoot_cost": 1029.3101888910346, "power_cost": 47.000721289062504, "noise_cost": 52.82734739208889, "n_waypoints_completed": 0, "tot_waypoints": 9}}
{"target": -2244.387408665535, "params": {"k_pid_pos": [6449.763688080705, 9396.023679117461, 0.0], "k_pid_alt": [6383.315422078162, 4748.430726883865, 0.0], "k_pid_att": [6722.775979494662, 5650.268895716719, 0.0], "k_pid_yaw": [0.5, 1e-06, 0.1], "k_pid_hsp": [3156.949514764677, 0.0, 3656.308655474827], "k_pid_vsp": [4461.530040308771, 3900.1871971995656, 8892.340874102336]}, "datetime": {"datetime": "2025-08-09 13:48:15", "elapsed": 75526.96246600151, "delta": 72.47341752052307}, "costs": {"total_cost": 2244.387408665535, "time_cost": 150, "final_distance_cost": 108.49448294675702, "oscillation_cost": 870.9280406552451, "completition_cost": 888.8888888888888, "overshoot_cost": 161.54184821079704, "power_cost": 36.31468592529297, "noise_cost": 28.219462038554386, "n_waypoints_completed": 1, "tot_waypoints": 9}}
{"target": -5438.763607433739, "params": {"k_pid_pos": [8752.487928104048, 3622.542945446918, 3928.230329703546], "k_pid_alt": [7416.126557308411, 1689.7401584116433, 4063.8821759149414], "k_pid_att": [9144.191984212313, 9927.764958472073, 1116.2280452167727], "k_pid_yaw": [0.5, 1e-06, 0.1], "k_pid_hsp": [2889.0642268586043, 1044.8000303095062, 6138.578953477375], "k_pid_vsp": [4943.215393928984, 4882.659843154508, 4404.282376120399]}, "datetime": {"datetime": "2025-08-09 13:48:51", "elapsed": 75562.92775988579, "delta": 35.965293884277344}, "costs": {"total_cost": 5438.763607433739, "time_cost": 150, "final_distance_cost": 1232.8350243748907, "oscillation_cost": 223.76324927784975, "completition_cost": 1000.0, "overshoot_cost": 2768.9024731425943, "power_cost": 35.419880615234376, "noise_cost": 27.84298002316928, "n_waypoints_completed": 0, "tot_waypoints": 9}}
{"target": -1594.3548171945663, "params": {"k_pid_pos": [2450.2709482745836, 640.94047102563, 4646.957430706269], "k_pid_alt": [2724.165089735558, 0.0, 5767.517928413287], "k_pid_att": [8598.589132439087, 8037.740136752959, 0.0], "k_pid_yaw": [0.5, 1e-06, 0.1], "k_pid_hsp": [6183.984731278472, 9493.900239434397, 5316.83214456488], "k_pid_vsp": [5086.072646529399, 10000.0, 5835.49423074714]}, "datetime": {"datetime": "2025-08-09 13:49:56", "elapsed": 75627.69325184822, "delta": 64.76549196243286}, "costs": {"total_cost": 1594.3548171945663, "time_cost": 150, "final_distance_cost": 51.507789418007604, "oscillation_cost": 703.3558098965512, "completition_cost": 555.5555555555555, "overshoot_cost": 68.65136854082299, "power_cost": 37.239212414550785, "noise_cost": 28.045081369078197, "n_waypoints_completed": 4, "tot_waypoints": 9}}
{"target": -1447.2336090216202, "params": {"k_pid_pos": [0.0, 0.0, 2950.5029054414003], "k_pid_alt": [9141.073143485852, 0.0, 0.0], "k_pid_att": [6272.145207634797, 6910.556061156628, 0.0], "k_pid_yaw": [0.5, 1e-06, 0.1], "k_pid_hsp": [0.0, 0.0, 0.0], "k_pid_vsp": [4627.82479203417, 4068.6286016551135, 8127.545372251163]}, "datetime": {"datetime": "2025-08-09 13:51:11", "elapsed": 75703.29391860962, "delta": 75.60066676139832}, "costs": {"total_cost": 1447.2336090216202, "time_cost": 150, "final_distance_cost": 10.874955840053898, "oscillation_cost": 0.0, "completition_cost": 1000.0, "overshoot_cost": 166.4099510673916, "power_cost": 29.932059130859376, "noise_cost": 90.01664298331532, "n_waypoints_completed": 0, "tot_waypoints": 9}}
{"target": -3865.479000151231, "params": {"k_pid_pos": [6316.53195000839, 6074.7423573631595, 4855.974128629562], "k_pid_alt": [7262.756790264277, 3757.494749879222, 2613.2308110969325], "k_pid_att": [9285.462151560807, 8022.086988581714, 6109.7625535769685], "k_pid_yaw": [0.5, 1e-06, 0.1], "k_pid_hsp": [5875.982207032988, 8907.503427877478, 1691.379381355772], "k_pid_vsp": [4737.075553611177, 9723.768798574794, 7392.710039851421]}, "datetime": {"datetime": "2025-08-09 13:51:48", "elapsed": 75740.20634841919, "delta": 36.91242980957031}, "costs": {"total_cost": 3865.479000151231, "time_cost": 150, "final_distance_cost": 744.2056099776449, "oscillation_cost": 472.1164968674245, "completition_cost": 1000.0, "overshoot_cost": 1358.5166217958392, "power_cost": 50.22075540771485, "noise_cost": 90.41951610260736, "n_waypoints_completed": 0, "tot_waypoints": 9}}
{"target": -1517.450822886979, "params": {"k_pid_pos": [6444.408129678349, 10000.0, 7774.859918979343], "k_pid_alt": [5783.923876879709, 9700.54003185276, 3903.807925734285], "k_pid_att": [5754.089092745833, 4536.660026904349, 0.0], "k_pid_yaw": [0.5, 1e-06, 0.1], "k_pid_hsp": [8599.467499576376, 7955.0879438580305, 4792.3655854030585], "k_pid_vsp": [8557.793111512037, 4990.6004295434495, 1374.5659471225408]}, "datetime": {"datetime": "2025-08-09 13:53:07", "elapsed": 75819.26120781898, "delta": 79.05485939979553}, "costs": {"total_cost": 1517.450822886979, "time_cost": 150, "final_distance_cost": 81.23937865484383, "oscillation_cost": 254.43931105124395, "completition_cost": 888.8888888888888, "overshoot_cost": 72.97693501419477, "power_cost": 41.082040734863284, "noise_cost": 28.824268542944367, "n_waypoints_completed": 1, "tot_waypoints": 9}}
{"target": -2623.263747473009, "params": {"k_pid_pos": [8170.412640475661, 8157.3507742707625, 7622.038019986832], "k_pid_alt": [6219.464357247045, 7865.262175429669, 9341.978916360027], "k_pid_att": [7031.720583005547, 6344.336680534789, 2881.9970542509777], "k_pid_yaw": [0.5, 1e-06, 0.1], "k_pid_hsp": [6272.309280213032, 4630.588410921308, 2714.557411559472], "k_pid_vsp": [5871.165889676473, 9871.079600331756, 8242.022104145966]}, "datetime": {"datetime": "2025-08-09 13:53:44", "elapsed": 75856.12886214256, "delta": 36.86765432357788}, "costs": {"total_cost": 2623.263747473009, "time_cost": 150, "final_distance_cost": 286.8315105583733, "oscillation_cost": 67.96137570703485, "completition_cost": 1000.0, "overshoot_cost": 1055.40712899682, "power_cost": 35.30391148681641, "noise_cost": 27.759820723964776, "n_waypoints_completed": 0, "tot_waypoints": 9}}
{"target": -2287.4077344382113, "params": {"k_pid_pos": [5745.326795971365, 9955.38383786837, 10000.0], "k_pid_alt": [1616.1765111138723, 5764.201170402253, 4204.71005462537], "k_pid_att": [10000.0, 4071.876651583545, 0.0], "k_pid_yaw": [0.5, 1e-06, 0.1], "k_pid_hsp": [0.0, 10000.0, 4488.953110640017], "k_pid_vsp": [5483.5309555851445, 10000.0, 4104.666400005054]}, "datetime": {"datetime": "2025-08-09 13:54:47", "elapsed": 75918.69732284546, "delta": 62.56846070289612}, "costs": {"total_cost": 2287.4077344382113, "time_cost": 150, "final_distance_cost": 130.96186941876266, "oscillation_cost": 693.4311033267272, "completition_cost": 1000.0, "overshoot_cost": 249.35344862501807, "power_cost": 35.965636328125, "noise_cost": 27.695676739578225, "n_waypoints_completed": 0, "tot_waypoints": 9}}
{"target": -4571.207452143029, "params": {"k_pid_pos": [6526.815966979967, 7974.403872218294, 7976.8873217025675], "k_pid_alt": [5612.120446344544, 4490.844172255327, 7539.580712333336], "k_pid_att": [9571.188037226917, 7430.211631415942, 2746.4889295547814], "k_pid_yaw": [0.5, 1e-06, 0.1], "k_pid_hsp": [2147.098298251421, 9290.22795001695, 1911.651780997632], "k_pid_vsp": [7143.619723496901, 9618.282425770425, 6439.079301869437]}, "datetime": {"datetime": "2025-08-09 13:55:23", "elapsed": 75954.97990560532, "delta": 36.28258275985718}, "costs": {"total_cost": 4571.207452143029, "time_cost": 150, "final_distance_cost": 768.8944776734578, "oscillation_cost": 226.07566046569835, "completition_cost": 1000.0, "overshoot_cost": 2336.2413528988413, "power_cost": 42.050951452636724, "noise_cost": 47.94500965239476, "n_waypoints_completed": 0, "tot_waypoints": 9}}
{"target": -32170.195675757524, "params": {"k_pid_pos": [5680.563844666076, 5985.239528443835, 2471.6660014344693], "k_pid_alt": [7197.466347385732, 1059.078175336926, 9800.616465709416], "k_pid_att": [1891.5377707458658, 3908.710941538378, 4751.109400909348], "k_pid_yaw": [0.5, 1e-06, 0.1], "k_pid_hsp": [8926.463785457368, 3151.67300379958, 6753.374053192558], "k_pid_vsp": [9137.61651250723, 1610.6639657692156, 221.81705642221772]}, "datetime": {"datetime": "2025-08-09 13:56:00", "elapsed": 75992.23744630814, "delta": 37.257540702819824}, "costs": {"total_cost": 32170.195675757524, "time_cost": 150, "final_distance_cost": 8120.681715705488, "oscillation_cost": 1682.9615442598777, "completition_cost": 1000.0, "overshoot_cost": 21013.81503970918, "power_cost": 58.65686633300781, "noise_cost": 144.08050974997124, "n_waypoints_completed": 0, "tot_waypoints": 9}}
{"target": -1725.135961459384, "params": {"k_pid_pos": [5923.469520126117, 3487.1220799610683, 2154.5452842371515], "k_pid_alt": [1295.5362624991785, 8736.882439297202, 9558.878405506077], "k_pid_att": [8474.94282777002, 6873.3928844681195, 1379.828561155505], "k_pid_yaw": [0.5, 1e-06, 0.1], "k_pid_hsp": [8033.747162245817, 5117.812864688593, 7191.933507503677], "k_pid_vsp": [4086.6567835970723, 2213.386221677021, 987.2586082139245]}, "datetime": {"datetime": "2025-08-09 13:56:38", "elapsed": 76029.65405416489, "delta": 37.41660785675049}, "costs": {"total_cost": 1725.135961459384, "time_cost": 150, "final_distance_cost": 160.70519801044807, "oscillation_cost": 100.06378879311809, "completition_cost": 1000.0, "overshoot_cost": 249.49091631244406, "power_cost": 36.58354940185547, "noise_cost": 28.292508941518154, "n_waypoints_completed": 0, "tot_waypoints": 9}}
{"target": -3649.5656973422956, "params": {"k_pid_pos": [9870.52616653943, 4601.614623598312, 3996.6813464471907], "k_pid_alt": [546.2593629520807, 4634.865952674717, 3452.493814706219], "k_pid_att": [8455.768865820633, 7198.404894308518, 2122.8942846645114], "k_pid_yaw": [0.5, 1e-06, 0.1], "k_pid_hsp": [7342.690349137781, 3523.7987160235607, 4285.860092302491], "k_pid_vsp": [5268.814552584486, 8555.430350511935, 1872.6167677807193]}, "datetime": {"datetime": "2025-08-09 13:57:17", "elapsed": 76069.48342347145, "delta": 39.82936930656433}, "costs": {"total_cost": 3649.5656973422956, "time_cost": 150, "final_distance_cost": 849.643921394013, "oscillation_cost": 180.0780960415659, "completition_cost": 1000.0, "overshoot_cost": 1383.3385742858245, "power_cost": 40.257716052246096, "noise_cost": 46.247389568646334, "n_waypoints_completed": 0, "tot_waypoints": 9}}
{"target": -1616.8307436560663, "params": {"k_pid_pos": [5814.74304197049, 8371.680701199597, 4355.3325014855345], "k_pid_alt": [10000.0, 6173.403952102238, 0.0], "k_pid_att": [5623.6937447097325, 5483.7562310457515, 0.0], "k_pid_yaw": [0.5, 1e-06, 0.1], "k_pid_hsp": [6411.828338634031, 7428.510022620318, 4633.593827734332], "k_pid_vsp": [2821.381699971885, 4073.9142231910405, 5362.92087486722]}, "datetime": {"datetime": "2025-08-09 13:58:20", "elapsed": 76131.82488155365, "delta": 62.3414580821991}, "costs": {"total_cost": 1616.8307436560663, "time_cost": 150, "final_distance_cost": 59.49660020780464, "oscillation_cost": 261.72969158973973, "completition_cost": 1000.0, "overshoot_cost": 75.46228936887566, "power_cost": 41.087551623535155, "noise_cost": 29.05461086611095, "n_waypoints_completed": 0, "tot_waypoints": 9}}
{"target": -4988.7609294017, "params": {"k_pid_pos": [3981.9953181271662, 2857.3763474122393, 3352.8639688706076], "k_pid_alt": [619.5415100886714, 3862.3732317756585, 5689.260190428209], "k_pid_att": [2273.9885152809, 4060.5289330614105, 6479.208236052666], "k_pid_yaw": [0.5, 1e-06, 0.1], "k_pid_hsp": [8937.600989884679, 9077.75211319757, 4415.509001362575], "k_pid_vsp": [1675.301887025593, 258.84742651225423, 3862.926502329873]}, "datetime": {"datetime": "2025-08-09 13:58:57", "elapsed": 76169.34476161003, "delta": 37.519880056381226}, "costs": {"total_cost": 4988.7609294017, "time_cost": 150, "final_distance_cost": 595.7119322972276, "oscillation_cost": 453.7349804692436, "completition_cost": 1000.0, "overshoot_cost": 2663.515055578616, "power_cost": 48.80134655761719, "noise_cost": 76.9976144989964, "n_waypoints_completed": 0, "tot_waypoints": 9}}
{"target": -556.3697543692149, "params": {"k_pid_pos": [9262.450088727615, 10000.0, 9040.909674288065], "k_pid_alt": [5653.931236784493, 0.0, 4807.609321956229], "k_pid_att": [4125.862975692247, 0.0, 0.0], "k_pid_yaw": [0.5, 1e-06, 0.1], "k_pid_hsp": [10000.0, 4289.80368634464, 2238.6419675682673], "k_pid_vsp": [10000.0, 8211.240986836236, 216.91195505221012]}, "datetime": {"datetime": "2025-08-09 13:59:56", "elapsed": 76227.70576334, "delta": 58.36100172996521}, "costs": {"total_cost": 556.3697543692149, "time_cost": 116.676, "final_distance_cost": 1.7889848596869868, "oscillation_cost": 276.1482758411775, "completition_cost": 0.0, "overshoot_cost": 92.05669203817925, "power_cost": 39.43327463378906, "noise_cost": 30.266526996382055, "n_waypoints_completed": 9, "tot_waypoints": 9}}
{"target": -8354.446815955298, "params": {"k_pid_pos": [8082.692323998694, 8256.516667406973, 4724.761174808557], "k_pid_alt": [2488.8362901084815, 4854.350780056034, 1623.3839931867444], "k_pid_att": [7001.850010386826, 7794.8204321762805, 8721.234182171185], "k_pid_yaw": [0.5, 1e-06, 0.1], "k_pid_hsp": [2117.127883915939, 5783.111285571609, 3571.9226323331377], "k_pid_vsp": [9252.872379738183, 518.053481771441, 7188.980916308912]}, "datetime": {"datetime": "2025-08-09 14:00:32", "elapsed": 76263.69213056564, "delta": 35.98636722564697}, "costs": {"total_cost": 8354.446815955298, "time_cost": 150, "final_distance_cost": 1291.2658964242396, "oscillation_cost": 1483.7977766426882, "completition_cost": 1000.0, "overshoot_cost": 4229.023062130087, "power_cost": 58.51945030517578, "noise_cost": 141.84063045310793, "n_waypoints_completed": 0, "tot_waypoints": 9}}
{"target": -4518.033427323367, "params": {"k_pid_pos": [7888.1953577456525, 6432.293098999974, 7911.441328501273], "k_pid_alt": [5297.897088209394, 5413.371353943208, 5693.130809632343], "k_pid_att": [4656.121564773739, 2765.124073158214, 9956.708554199611], "k_pid_yaw": [0.5, 1e-06, 0.1], "k_pid_hsp": [7473.032857301918, 7552.70885612464, 5162.056921743839], "k_pid_vsp": [3436.479911393485, 4521.13744621192, 5995.240012510525]}, "datetime": {"datetime": "2025-08-09 14:01:13", "elapsed": 76305.42711615562, "delta": 41.73498558998108}, "costs": {"total_cost": 4518.033427323367, "time_cost": 150, "final_distance_cost": 708.8307704555798, "oscillation_cost": 427.0868961259851, "completition_cost": 1000.0, "overshoot_cost": 2095.14463809091, "power_cost": 49.43162957763672, "noise_cost": 87.539493073255, "n_waypoints_completed": 0, "tot_waypoints": 9}}
{"target": -4166.68050425237, "params": {"k_pid_pos": [8438.247391804174, 5641.119932305043, 2826.877570508459], "k_pid_alt": [5030.632139833499, 1922.5317861286317, 960.107272176246], "k_pid_att": [5391.502973688267, 3034.272386217497, 3769.426173046633], "k_pid_yaw": [0.5, 1e-06, 0.1], "k_pid_hsp": [4263.365237101977, 2193.576098589285, 3122.887233986559], "k_pid_vsp": [1821.658156335938, 3917.3117098651023, 1232.9963014535529]}, "datetime": {"datetime": "2025-08-09 14:01:50", "elapsed": 76341.98829436302, "delta": 36.56117820739746}, "costs": {"total_cost": 4166.68050425237, "time_cost": 150, "final_distance_cost": 857.5789403859532, "oscillation_cost": 649.5759094488692, "completition_cost": 1000.0, "overshoot_cost": 1323.5242206144417, "power_cost": 58.32697266845703, "noise_cost": 127.67446113464852, "n_waypoints_completed": 0, "tot_waypoints": 9}}
{"target": -6292.073077227646, "params": {"k_pid_pos": [3355.446387198688, 4791.120030634067, 8487.035502956593], "k_pid_alt": [6768.941685203399, 383.0830065875468, 3757.6860496022623], "k_pid_att": [7322.321428593176, 6060.530078022642, 5744.955569281709], "k_pid_yaw": [0.5, 1e-06, 0.1], "k_pid_hsp": [432.49019607861095, 3218.8791559589204, 1008.9511974351927], "k_pid_vsp": [2866.237449064546, 7739.409069604271, 1478.8608596453523]}, "datetime": {"datetime": "2025-08-09 14:02:27", "elapsed": 76378.78775072098, "delta": 36.79945635795593}, "costs": {"total_cost": 6292.073077227646, "time_cost": 150, "final_distance_cost": 953.353635738209, "oscillation_cost": 691.985812439687, "completition_cost": 1000.0, "overshoot_cost": 3301.1028987695295, "power_cost": 58.589628955078126, "noise_cost": 137.04110132514145, "n_waypoints_completed": 0, "tot_waypoints": 9}}
{"target": -973.5788967568581, "params": {"k_pid_pos": [8264.777913263491, 3886.4451126921936, 0.0], "k_pid_alt": [7320.564056075791, 0.0, 3652.4073733885984], "k_pid_att": [6323.302424130271, 0.0, 0.0], "k_pid_yaw": [0.5, 1e-06, 0.1], "k_pid_hsp": [10000.0, 10000.0, 5596.391600911532], "k_pid_vsp": [6527.87988156253, 0.0, 5069.472645453657]}, "datetime": {"datetime": "2025-08-09 14:03:37", "elapsed": 76449.01128602028, "delta": 70.22353529930115}, "costs": {"total_cost": 973.5788967568581, "time_cost": 150, "final_distance_cost": 68.34486642026016, "oscillation_cost": 255.24727226244508, "completition_cost": 333.33333333333337, "overshoot_cost": 97.059345206492, "power_cost": 40.86013004150391, "noise_cost": 28.733949492823502, "n_waypoints_completed": 6, "tot_waypoints": 9}}
{"target": -1467.686461881624, "params": {"k_pid_pos": [3526.9860897609306, 6219.688321862536, 1570.3993866824705], "k_pid_alt": [5262.693303553872, 9057.277218217729, 885.3176330106904], "k_pid_att": [9452.755481269187, 5906.538790804529, 140.21972625808843], "k_pid_yaw": [0.5, 1e-06, 0.1], "k_pid_hsp": [9223.106999499367, 1662.6493221072892, 690.5968217072966], "k_pid_vsp": [3543.1354875512598, 2064.8738201735405, 3009.813009390664]}, "datetime": {"datetime": "2025-08-09 14:04:14", "elapsed": 76485.79435753822, "delta": 36.783071517944336}, "costs": {"total_cost": 1467.686461881624, "time_cost": 150, "final_distance_cost": 104.11217565854128, "oscillation_cost": 282.3937796149059, "completition_cost": 777.7777777777778, "overshoot_cost": 85.00531014985123, "power_cost": 39.94102342529297, "noise_cost": 28.45639525525467, "n_waypoints_completed": 2, "tot_waypoints": 9}}
{"target": -2135.8892256841978, "params": {"k_pid_pos": [4156.103802188133, 9165.40737750524, 0.0], "k_pid_alt": [10000.0, 4450.237320851454, 1117.0426331579913], "k_pid_att": [2780.67246519552, 6219.879478284367, 0.0], "k_pid_yaw": [0.5, 1e-06, 0.1], "k_pid_hsp": [0.0, 0.0, 3619.1820711661835], "k_pid_vsp": [8880.87092320232, 10000.0, 0.0]}, "datetime": {"datetime": "2025-08-09 14:05:18", "elapsed": 76549.78725290298, "delta": 63.99289536476135}, "costs": {"total_cost": 2135.8892256841978, "time_cost": 150, "final_distance_cost": 68.49034869894884, "oscillation_cost": 881.6970986486166, "completition_cost": 888.8888888888888, "overshoot_cost": 81.90219327144702, "power_cost": 37.03537220458985, "noise_cost": 27.875323971706813, "n_waypoints_completed": 1, "tot_waypoints": 9}}
{"target": -1980.5936696406595, "params": {"k_pid_pos": [7052.360230299046, 7497.432410567071, 10000.0], "k_pid_alt": [6179.343593143831, 10000.0, 2172.6249347553567], "k_pid_att": [10000.0, 4280.814497420934, 0.0], "k_pid_yaw": [0.5, 1e-06, 0.1], "k_pid_hsp": [8459.865075104326, 4120.479122977141, 0.0], "k_pid_vsp": [909.9950650190764, 10000.0, 10000.0]}, "datetime": {"datetime": "2025-08-09 14:06:21", "elapsed": 76612.610465765, "delta": 62.82321286201477}, "costs": {"total_cost": 1980.5936696406595, "time_cost": 150, "final_distance_cost": 104.04874588297082, "oscillation_cost": 732.4614704354032, "completition_cost": 777.7777777777778, "overshoot_cost": 150.61969231505236, "power_cost": 37.026493554687505, "noise_cost": 28.659489674767908, "n_waypoints_completed": 2, "tot_waypoints": 9}}
