{"target": -3385.2473631704447, "params": {"k_pid_pos": [956.1321206081697, 8675.21279732157, 5629.947270496067], "k_pid_alt": [3623.8786837590187, 7047.911531801434, 5977.100417904389], "k_pid_att": [2418.1193125317513, 7846.79763407641, 1028.3150190231938], "k_pid_yaw": [0.5, 1e-06, 0.1], "k_pid_hsp": [7478.824849084864, 6232.277489123418, 4135.0643423010215], "k_pid_vsp": [5222.408618508142, 9274.804627879295, 4837.369226748595]}, "datetime": {"datetime": "2025-08-09 06:32:52", "elapsed": 49404.23947429657, "delta": 34.451732873916626}, "costs": {"total_cost": 3385.2473631704447, "time_cost": 150, "final_distance_cost": 368.70818447049334, "oscillation_cost": 569.6383172102828, "completition_cost": 1000.0, "overshoot_cost": 1108.0788599766684, "power_cost": 58.4131398803711, "noise_cost": 130.4088616326296, "n_waypoints_completed": 0, "tot_waypoints": 9}}
{"target": -2290.8086302352967, "params": {"k_pid_pos": [5042.4344400313585, 10000.0, 590.8333886936382], "k_pid_alt": [9552.402956065544, 4467.418275672653, 3488.2176411926157], "k_pid_att": [4860.222409598551, 4200.661625415236, 0.0], "k_pid_yaw": [0.5, 1e-06, 0.1], "k_pid_hsp": [1017.6368883438885, 0.0, 10000.0], "k_pid_vsp": [6081.657829719392, 7771.570297803212, 838.0875413802039]}, "datetime": {"datetime": "2025-08-09 06:33:44", "elapsed": 49456.19737482071, "delta": 51.957900524139404}, "costs": {"total_cost": 2290.8086302352967, "time_cost": 150, "final_distance_cost": 72.0674139977522, "oscillation_cost": 885.4991487215565, "completition_cost": 1000.0, "overshoot_cost": 120.23943685978826, "power_cost": 35.451378417968755, "noise_cost": 27.551252238231054, "n_waypoints_completed": 0, "tot_waypoints": 9}}
{"target": -7542.898307952945, "params": {"k_pid_pos": [3749.3627868669364, 1993.9298785973504, 8054.508745093446], "k_pid_alt": [217.88194548239326, 1318.544486136024, 9917.141471568113], "k_pid_att": [3985.3888808464335, 2034.3762829807144, 8301.81639600726], "k_pid_yaw": [0.5, 1e-06, 0.1], "k_pid_hsp": [3247.4213237393146, 6750.919186876046, 3303.5270064159395], "k_pid_vsp": [8439.516154009156, 516.6183278607073, 4297.555291893142]}, "datetime": {"datetime": "2025-08-09 06:34:17", "elapsed": 49489.48616552353, "delta": 33.288790702819824}, "costs": {"total_cost": 7542.898307952945, "time_cost": 150, "final_distance_cost": 1494.6913390948953, "oscillation_cost": 742.8440617131376, "completition_cost": 1000.0, "overshoot_cost": 3961.2892201144323, "power_cost": 58.62191442871094, "noise_cost": 135.4517726017694, "n_waypoints_completed": 0, "tot_waypoints": 9}}
{"target": -3930.2362316022227, "params": {"k_pid_pos": [2825.6344558033306, 5151.37066258563, 5762.384194847326], "k_pid_alt": [4545.668365670781, 0.0, 0.0], "k_pid_att": [9028.955224897163, 8996.246722902935, 4598.038069563402], "k_pid_yaw": [0.5, 1e-06, 0.1], "k_pid_hsp": [9811.865203009509, 6428.380304537028, 4248.277648966615], "k_pid_vsp": [1642.009368452702, 0.0, 5870.916184605234]}, "datetime": {"datetime": "2025-08-09 06:35:02", "elapsed": 49534.43314099312, "delta": 44.94697546958923}, "costs": {"total_cost": 3930.2362316022227, "time_cost": 150, "final_distance_cost": 409.96091755073513, "oscillation_cost": 405.2309890713082, "completition_cost": 1000.0, "overshoot_cost": 1830.3293990906361, "power_cost": 51.673371240234374, "noise_cost": 83.04155464930928, "n_waypoints_completed": 0, "tot_waypoints": 9}}
{"target": -1596.0789242574986, "params": {"k_pid_pos": [10000.0, 10000.0, 10000.0], "k_pid_alt": [10000.0, 5806.641680656856, 1899.563062816649], "k_pid_att": [10000.0, 9167.176241948098, 0.0], "k_pid_yaw": [0.5, 1e-06, 0.1], "k_pid_hsp": [10000.0, 4966.998649251954, 3918.426707160317], "k_pid_vsp": [5937.2383117253175, 1064.8355928749459, 10000.0]}, "datetime": {"datetime": "2025-08-09 06:35:47", "elapsed": 49578.90965080261, "delta": 44.47650980949402}, "costs": {"total_cost": 1596.0789242574986, "time_cost": 150, "final_distance_cost": 67.12004244072241, "oscillation_cost": 240.9295221921549, "completition_cost": 1000.0, "overshoot_cost": 68.1758895868876, "power_cost": 40.7633844116211, "noise_cost": 29.090085626112515, "n_waypoints_completed": 0, "tot_waypoints": 9}}
{"target": -3309.8525063842453, "params": {"k_pid_pos": [2353.5876631208575, 86.9011613716586, 7844.192346410879], "k_pid_alt": [2875.9472978179547, 7164.122631145548, 4078.318508090277], "k_pid_att": [9393.280216028368, 5643.913974710072, 7487.565966661335], "k_pid_yaw": [0.5, 1e-06, 0.1], "k_pid_hsp": [5154.510537607022, 9216.495653741393, 3501.530337691614], "k_pid_vsp": [5331.054111336432, 7837.856461680794, 9383.644018288156]}, "datetime": {"datetime": "2025-08-09 06:36:20", "elapsed": 49612.31991434097, "delta": 33.410263538360596}, "costs": {"total_cost": 3309.8525063842453, "time_cost": 150, "final_distance_cost": 421.66249938002306, "oscillation_cost": 477.4787742990564, "completition_cost": 1000.0, "overshoot_cost": 1121.0087076716586, "power_cost": 49.726958410644535, "noise_cost": 89.97556662286276, "n_waypoints_completed": 0, "tot_waypoints": 9}}
{"target": -752.4020355774387, "params": {"k_pid_pos": [3776.7462051194098, 10000.0, 10000.0], "k_pid_alt": [10000.0, 0.0, 4775.304596990927], "k_pid_att": [1470.4562910684588, 0.0, 0.0], "k_pid_yaw": [0.5, 1e-06, 0.1], "k_pid_hsp": [10000.0, 10000.0, 4789.708395103224], "k_pid_vsp": [7112.102242908583, 0.0, 0.0]}, "datetime": {"datetime": "2025-08-09 06:37:09", "elapsed": 49661.49693107605, "delta": 49.177016735076904}, "costs": {"total_cost": 752.4020355774387, "time_cost": 150, "final_distance_cost": 68.38037135905076, "oscillation_cost": 267.26782308494677, "completition_cost": 111.11111111111116, "overshoot_cost": 87.50353113416276, "power_cost": 39.40163172607422, "noise_cost": 28.737567162093143, "n_waypoints_completed": 8, "tot_waypoints": 9}}
{"target": -2358.696696941137, "params": {"k_pid_pos": [5938.49396192366, 10000.0, 10000.0], "k_pid_alt": [7533.670867954841, 0.0, 10000.0], "k_pid_att": [7950.731934613391, 0.0, 0.0], "k_pid_yaw": [0.5, 1e-06, 0.1], "k_pid_hsp": [10000.0, 2611.853501055488, 10000.0], "k_pid_vsp": [10000.0, 6830.545975552543, 7443.455007615082]}, "datetime": {"datetime": "2025-08-09 06:37:57", "elapsed": 49709.06315636635, "delta": 47.56622529029846}, "costs": {"total_cost": 2358.696696941137, "time_cost": 150, "final_distance_cost": 119.36256835454151, "oscillation_cost": 760.0916570260044, "completition_cost": 1000.0, "overshoot_cost": 266.0516216827616, "power_cost": 35.34341683349609, "noise_cost": 27.847433044333282, "n_waypoints_completed": 0, "tot_waypoints": 9}}
{"target": -16104.31501667851, "params": {"k_pid_pos": [940.4861840293344, 1975.9901150628368, 4064.975821332537], "k_pid_alt": [603.4837872930366, 3969.344562378874, 7449.313298289913], "k_pid_att": [4709.861068850738, 6262.728094329125, 6379.892180965046], "k_pid_yaw": [0.5, 1e-06, 0.1], "k_pid_hsp": [609.9649068336022, 6430.29982389172, 1136.7912693405813], "k_pid_vsp": [9669.928829707567, 738.3019195983254, 395.86964430708525]}, "datetime": {"datetime": "2025-08-09 06:38:31", "elapsed": 49743.17962861061, "delta": 34.116472244262695}, "costs": {"total_cost": 16104.31501667851, "time_cost": 150, "final_distance_cost": 4411.27931436563, "oscillation_cost": 1266.4045992425285, "completition_cost": 1000.0, "overshoot_cost": 9075.563738773346, "power_cost": 58.62146746826172, "noise_cost": 142.44589682874553, "n_waypoints_completed": 0, "tot_waypoints": 9}}
{"target": -1446.25329301907, "params": {"k_pid_pos": [7651.394614374014, 1728.1190066417694, 5953.442763414965], "k_pid_alt": [6072.233631107359, 2710.460110901712, 4240.174474423768], "k_pid_att": [10000.0, 6296.714834154162, 0.0], "k_pid_yaw": [0.5, 1e-06, 0.1], "k_pid_hsp": [0.0, 5660.111650831788, 0.0], "k_pid_vsp": [6053.4700066038295, 3352.3956285955765, 10000.0]}, "datetime": {"datetime": "2025-08-09 06:39:23", "elapsed": 49794.66544318199, "delta": 51.485814571380615}, "costs": {"total_cost": 1446.25329301907, "time_cost": 150, "final_distance_cost": 65.79586356066719, "oscillation_cost": 186.91716149771796, "completition_cost": 888.8888888888888, "overshoot_cost": 79.97398123224428, "power_cost": 45.07678525390625, "noise_cost": 29.600612585645454, "n_waypoints_completed": 1, "tot_waypoints": 9}}
{"target": -3375.4685186299116, "params": {"k_pid_pos": [9905.533906001741, 1862.5265788879008, 4437.728200140002], "k_pid_alt": [2389.595221512504, 395.383700957983, 6535.170749127626], "k_pid_att": [6770.6508935207985, 4281.098499534672, 4720.841310465931], "k_pid_yaw": [0.5, 1e-06, 0.1], "k_pid_hsp": [7326.007572498541, 8386.39644585457, 7718.423332049409], "k_pid_vsp": [8228.283050705188, 9969.353530733651, 7831.209037887647]}, "datetime": {"datetime": "2025-08-09 06:39:58", "elapsed": 49829.65948343277, "delta": 34.9940402507782}, "costs": {"total_cost": 3375.4685186299116, "time_cost": 150, "final_distance_cost": 262.0638786253988, "oscillation_cost": 723.9538673915653, "completition_cost": 1000.0, "overshoot_cost": 1042.8952449857484, "power_cost": 58.590520837402345, "noise_cost": 137.96500678979638, "n_waypoints_completed": 0, "tot_waypoints": 9}}
{"target": -1610.597324699987, "params": {"k_pid_pos": [10000.0, 3039.1927571047086, 4909.495899267371], "k_pid_alt": [99.81616716451964, 0.0, 7956.176151742778], "k_pid_att": [5948.859061729731, 3312.471747690417, 0.0], "k_pid_yaw": [0.5, 1e-06, 0.1], "k_pid_hsp": [9335.68788554233, 9560.584158040023, 5951.676562609143], "k_pid_vsp": [6636.707131517913, 10000.0, 8736.624009181067]}, "datetime": {"datetime": "2025-08-09 06:40:44", "elapsed": 49876.192512750626, "delta": 46.533029317855835}, "costs": {"total_cost": 1610.597324699987, "time_cost": 150, "final_distance_cost": 39.64630390218778, "oscillation_cost": 253.49801197201026, "completition_cost": 1000.0, "overshoot_cost": 96.65812236459573, "power_cost": 40.60224516601563, "noise_cost": 30.192641295177463, "n_waypoints_completed": 0, "tot_waypoints": 9}}
{"target": -976.9582025207827, "params": {"k_pid_pos": [10000.0, 4864.28487594845, 7547.244096739781], "k_pid_alt": [5687.609016307135, 0.0, 7946.676460489765], "k_pid_att": [9506.429699397928, 4134.006378673967, 0.0], "k_pid_yaw": [0.5, 1e-06, 0.1], "k_pid_hsp": [9019.286046519435, 10000.0, 9138.164988541548], "k_pid_vsp": [8034.610527260193, 10000.0, 4436.766398216189]}, "datetime": {"datetime": "2025-08-09 06:41:30", "elapsed": 49922.483726263046, "delta": 46.291213512420654}, "costs": {"total_cost": 976.9582025207827, "time_cost": 150, "final_distance_cost": 80.23530908237427, "oscillation_cost": 361.45284375615546, "completition_cost": 222.2222222222222, "overshoot_cost": 95.30741357786738, "power_cost": 39.29804732666016, "noise_cost": 28.44236655550335, "n_waypoints_completed": 7, "tot_waypoints": 9}}
{"target": -2720.5781501188408, "params": {"k_pid_pos": [2008.1531390151263, 9231.319242369324, 3154.2707718045094], "k_pid_alt": [3142.3864856815053, 7055.796978817918, 2091.166201487518], "k_pid_att": [9200.277228172536, 6849.6964295696225, 5838.177482064824], "k_pid_yaw": [0.5, 1e-06, 0.1], "k_pid_hsp": [1781.5558508424745, 5152.36994018485, 15.060123726514663], "k_pid_vsp": [1951.5332719061807, 8651.419816446409, 8938.628365291514]}, "datetime": {"datetime": "2025-08-09 06:42:04", "elapsed": 49955.8512442112, "delta": 33.367517948150635}, "costs": {"total_cost": 2720.5781501188408, "time_cost": 150, "final_distance_cost": 244.03280167518108, "oscillation_cost": 566.5404200089149, "completition_cost": 1000.0, "overshoot_cost": 594.4167573838988, "power_cost": 53.629382421875, "noise_cost": 111.95878862897094, "n_waypoints_completed": 0, "tot_waypoints": 9}}
{"target": -539.0258080040377, "params": {"k_pid_pos": [8253.531628159704, 10000.0, 10000.0], "k_pid_alt": [1999.2586581439311, 0.0, 4199.494412259412], "k_pid_att": [7532.607421422457, 4851.229410381134, 0.0], "k_pid_yaw": [0.5, 1e-06, 0.1], "k_pid_hsp": [10000.0, 7735.265406896777, 2637.930730790566], "k_pid_vsp": [10000.0, 5702.226834463052, 4844.377107878626]}, "datetime": {"datetime": "2025-08-09 06:42:55", "elapsed": 50006.82623338699, "delta": 50.97498917579651}, "costs": {"total_cost": 539.0258080040377, "time_cost": 119.693, "final_distance_cost": 1.8333499694854576, "oscillation_cost": 262.990107186949, "completition_cost": 0.0, "overshoot_cost": 84.33238694156157, "power_cost": 41.091132971191406, "noise_cost": 29.08583093485028, "n_waypoints_completed": 9, "tot_waypoints": 9}}
{"target": -1481.7525920137787, "params": {"k_pid_pos": [3807.473392907855, 7419.26362189428, 3692.4315398806943], "k_pid_alt": [0.0, 8276.7718187015, 6145.03565184391], "k_pid_att": [7106.585282034997, 3653.17065303707, 0.0], "k_pid_yaw": [0.5, 1e-06, 0.1], "k_pid_hsp": [6996.7091705415205, 10000.0, 0.0], "k_pid_vsp": [4217.172736101304, 2612.2624902525963, 8854.412709928756]}, "datetime": {"datetime": "2025-08-09 06:43:42", "elapsed": 50053.85461974144, "delta": 47.02838635444641}, "costs": {"total_cost": 1481.7525920137787, "time_cost": 150, "final_distance_cost": 89.33257599273591, "oscillation_cost": 309.8288666854992, "completition_cost": 777.7777777777778, "overshoot_cost": 83.5575240700318, "power_cost": 41.97871866455078, "noise_cost": 29.27712882318306, "n_waypoints_completed": 2, "tot_waypoints": 9}}
{"target": -15922.500921913173, "params": {"k_pid_pos": [6390.194342515783, 4351.761649514474, 8751.03424998498], "k_pid_alt": [9405.26627425381, 6002.6239574281335, 3534.714667173533], "k_pid_att": [4015.9611170688404, 8723.421077025285, 5631.145936888436], "k_pid_yaw": [0.5, 1e-06, 0.1], "k_pid_hsp": [6164.398317541289, 5215.873083786724, 8134.822432207581], "k_pid_vsp": [5802.985026559968, 4031.766659406686, 7982.0111576193585]}, "datetime": {"datetime": "2025-08-09 06:44:16", "elapsed": 50087.80189347267, "delta": 33.94727373123169}, "costs": {"total_cost": 15922.500921913173, "time_cost": 150, "final_distance_cost": 4702.909625739145, "oscillation_cost": 1285.9243025108137, "completition_cost": 1000.0, "overshoot_cost": 8607.29283862656, "power_cost": 55.56799888916016, "noise_cost": 120.80615614749526, "n_waypoints_completed": 0, "tot_waypoints": 9}}
{"target": -11051.40460686751, "params": {"k_pid_pos": [7342.3048553609715, 5036.110756009746, 9872.48447944904], "k_pid_alt": [6279.574530702987, 5329.117356088327, 3743.7604459184204], "k_pid_att": [4829.6297368826245, 1.9307490249809156, 5353.716364611215], "k_pid_yaw": [0.5, 1e-06, 0.1], "k_pid_hsp": [6402.918626479891, 9001.07638001344, 4270.6655823339925], "k_pid_vsp": [1960.0032439399251, 6618.489166415252, 4608.996378805077]}, "datetime": {"datetime": "2025-08-09 06:44:48", "elapsed": 50120.4406709671, "delta": 32.63877749443054}, "costs": {"total_cost": 11051.40460686751, "time_cost": 150, "final_distance_cost": 2998.4747079364834, "oscillation_cost": 23.415584117063386, "completition_cost": 1000.0, "overshoot_cost": 6816.314443206272, "power_cost": 35.39351364746094, "noise_cost": 27.80635796023064, "n_waypoints_completed": 0, "tot_waypoints": 9}}
{"target": -1161.6880130443844, "params": {"k_pid_pos": [10000.0, 4021.1551741678754, 0.0], "k_pid_alt": [1050.7736080738475, 0.0, 8874.852849375657], "k_pid_att": [7158.68153723542, 1547.3974816960506, 0.0], "k_pid_yaw": [0.5, 1e-06, 0.1], "k_pid_hsp": [10000.0, 9992.645489541608, 5022.306148212198], "k_pid_vsp": [10000.0, 10000.0, 0.0]}, "datetime": {"datetime": "2025-08-09 06:45:35", "elapsed": 50166.9622900486, "delta": 46.52161908149719}, "costs": {"total_cost": 1161.6880130443844, "time_cost": 150, "final_distance_cost": 40.277574743030684, "oscillation_cost": 261.8628524108603, "completition_cost": 555.5555555555555, "overshoot_cost": 83.96990829125504, "power_cost": 41.273732849121096, "noise_cost": 28.748389194561685, "n_waypoints_completed": 4, "tot_waypoints": 9}}
{"target": -1554.036617275192, "params": {"k_pid_pos": [10000.0, 8367.593913015111, 5102.428027938421], "k_pid_alt": [10000.0, 4781.732104922127, 0.0], "k_pid_att": [7882.16961216995, 6624.423656107632, 0.0], "k_pid_yaw": [0.5, 1e-06, 0.1], "k_pid_hsp": [1705.2355330366258, 8195.750923722007, 3743.0664823703037], "k_pid_vsp": [1532.0762645186671, 10000.0, 6164.5133175164965]}, "datetime": {"datetime": "2025-08-09 06:46:20", "elapsed": 50211.64953494072, "delta": 44.68724489212036}, "costs": {"total_cost": 1554.036617275192, "time_cost": 150, "final_distance_cost": 73.82264582855043, "oscillation_cost": 287.5405925438567, "completition_cost": 888.8888888888888, "overshoot_cost": 85.58160581197178, "power_cost": 39.6128576538086, "noise_cost": 28.590026548115812, "n_waypoints_completed": 1, "tot_waypoints": 9}}
{"target": -4393.551172405174, "params": {"k_pid_pos": [4713.1543285101925, 4352.428253679122, 7483.562939726242], "k_pid_alt": [1900.175915144322, 9780.009359746251, 6069.928316976357], "k_pid_att": [4850.586594342275, 1642.3021665097149, 9167.467228682559], "k_pid_yaw": [0.5, 1e-06, 0.1], "k_pid_hsp": [4976.7814371689265, 2706.2920151263015, 8102.927983434679], "k_pid_vsp": [3868.921403476132, 5111.195381964862, 1939.048543720625]}, "datetime": {"datetime": "2025-08-09 06:46:53", "elapsed": 50244.86335659027, "delta": 33.21382164955139}, "costs": {"total_cost": 4393.551172405174, "time_cost": 150, "final_distance_cost": 642.4504766585259, "oscillation_cost": 796.1983228939465, "completition_cost": 1000.0, "overshoot_cost": 1622.9085968398358, "power_cost": 58.55283464355469, "noise_cost": 123.44094136931126, "n_waypoints_completed": 0, "tot_waypoints": 9}}
{"target": -8684.633009163492, "params": {"k_pid_pos": [4311.911238538033, 8539.953567654307, 8658.07729870268], "k_pid_alt": [1546.9748913312199, 5984.280874103235, 6787.379215017078], "k_pid_att": [3600.114725038052, 3509.8351059817314, 3007.180357523872], "k_pid_yaw": [0.5, 1e-06, 0.1], "k_pid_hsp": [2171.0151474992135, 5282.41154787641, 7162.87269939394], "k_pid_vsp": [5873.718163165981, 3354.1381575377727, 9286.816370691022]}, "datetime": {"datetime": "2025-08-09 06:47:27", "elapsed": 50278.714509010315, "delta": 33.851152420043945}, "costs": {"total_cost": 8684.633009163492, "time_cost": 150, "final_distance_cost": 2264.5318250943687, "oscillation_cost": 527.250840335971, "completition_cost": 1000.0, "overshoot_cost": 4585.52561298128, "power_cost": 52.04480289306641, "noise_cost": 105.27992785880639, "n_waypoints_completed": 0, "tot_waypoints": 9}}
{"target": -1816.2476288709581, "params": {"k_pid_pos": [4319.865799444762, 10000.0, 0.0], "k_pid_alt": [0.0, 0.0, 377.8194259194546], "k_pid_att": [7449.704574615474, 950.1132689601556, 0.0], "k_pid_yaw": [0.5, 1e-06, 0.1], "k_pid_hsp": [10000.0, 2568.755540611778, 6230.191910151897], "k_pid_vsp": [0.0, 10000.0, 10000.0]}, "datetime": {"datetime": "2025-08-09 06:48:15", "elapsed": 50327.32993268967, "delta": 48.61542367935181}, "costs": {"total_cost": 1816.2476288709581, "time_cost": 150, "final_distance_cost": 29.748231574040233, "oscillation_cost": 408.86584517784553, "completition_cost": 1000.0, "overshoot_cost": 145.84715961628015, "power_cost": 39.486580212402345, "noise_cost": 42.29981229039006, "n_waypoints_completed": 0, "tot_waypoints": 9}}
{"target": -1325.6198512074618, "params": {"k_pid_pos": [3959.1218091622054, 9999.81784564472, 10000.0], "k_pid_alt": [6968.495906317229, 8772.52983789746, 7896.718669700724], "k_pid_att": [2955.25504877097, 2259.7390855796525, 0.0], "k_pid_yaw": [0.5, 1e-06, 0.1], "k_pid_hsp": [4923.808399899651, 8471.902949656062, 1792.6967239537128], "k_pid_vsp": [10000.0, 10000.0, 4943.564630659289]}, "datetime": {"datetime": "2025-08-09 06:49:01", "elapsed": 50372.7728304863, "delta": 45.44289779663086}, "costs": {"total_cost": 1325.6198512074618, "time_cost": 150, "final_distance_cost": 76.96582678682033, "oscillation_cost": 174.39705128082517, "completition_cost": 777.7777777777778, "overshoot_cost": 76.41036939576877, "power_cost": 41.21758660888672, "noise_cost": 28.851239357383044, "n_waypoints_completed": 2, "tot_waypoints": 9}}
{"target": -4330.406593508306, "params": {"k_pid_pos": [2828.9618636273326, 0.0, 10000.0], "k_pid_alt": [5906.319362635246, 10000.0, 6244.058313738249], "k_pid_att": [10000.0, 4852.4370484657575, 3808.9827189388407], "k_pid_yaw": [0.5, 1e-06, 0.1], "k_pid_hsp": [5442.4976173870755, 7258.656968578647, 4598.926300022157], "k_pid_vsp": [0.0, 7297.926258825677, 10000.0]}, "datetime": {"datetime": "2025-08-09 06:49:46", "elapsed": 50417.62098956108, "delta": 44.848159074783325}, "costs": {"total_cost": 4330.406593508306, "time_cost": 150, "final_distance_cost": 776.5564667030428, "oscillation_cost": 139.22730017190133, "completition_cost": 1000.0, "overshoot_cost": 2183.4358049341195, "power_cost": 41.432744970703126, "noise_cost": 39.75427672853877, "n_waypoints_completed": 0, "tot_waypoints": 9}}
{"target": -14984.33986912022, "params": {"k_pid_pos": [9585.105854538542, 1616.3515369661795, 3693.963798071317], "k_pid_alt": [4856.715069278287, 8509.816690388203, 3404.7807964187173], "k_pid_att": [5103.079409990088, 5066.306147468661, 8886.839209554217], "k_pid_yaw": [0.5, 1e-06, 0.1], "k_pid_hsp": [6898.8509791613615, 7207.381563431822, 9436.668804291678], "k_pid_vsp": [7381.827286178003, 5200.76129016842, 1933.8347769259633]}, "datetime": {"datetime": "2025-08-09 06:50:19", "elapsed": 50450.87418460846, "delta": 33.25319504737854}, "costs": {"total_cost": 14984.33986912022, "time_cost": 150, "final_distance_cost": 4187.731975097464, "oscillation_cost": 777.0876067673341, "completition_cost": 1000.0, "overshoot_cost": 8675.824554491794, "power_cost": 58.6248027709961, "noise_cost": 135.07092999263207, "n_waypoints_completed": 0, "tot_waypoints": 9}}
