{"target": -1632.2248341755121, "params": {"k_pid_pos": [0.0, 10000.0, 10000.0], "k_pid_alt": [10000.0, 1356.5784220622736, 5334.353605607809], "k_pid_att": [3603.0121507985473, 0.0, 0.0], "k_pid_yaw": [0.5, 1e-06, 0.1], "k_pid_hsp": [6309.06234706015, 3164.790314077131, 3104.1747377815154], "k_pid_vsp": [7547.550071957044, 3125.7050666984414, 3612.6000319508294]}, "datetime": {"datetime": "2025-08-08 23:48:23", "elapsed": 25135.155071735382, "delta": 36.74669623374939}, "costs": {"total_cost": 1632.2248341755121, "time_cost": 150, "final_distance_cost": 91.41442831959299, "oscillation_cost": 489.5506741390794, "completition_cost": 777.7777777777778, "overshoot_cost": 56.93954085822701, "power_cost": 38.33732329101563, "noise_cost": 28.205089789819393, "n_waypoints_completed": 2, "tot_waypoints": 9}}
{"target": -3593.1776410922025, "params": {"k_pid_pos": [7520.4058412540035, 1856.1769408079276, 7754.579295798197], "k_pid_alt": [6034.849944069154, 3274.6851317733917, 86.37305020180675], "k_pid_att": [9207.157442290574, 4772.994338147826, 3350.414387419176], "k_pid_yaw": [0.5, 1e-06, 0.1], "k_pid_hsp": [6742.160850239768, 154.3754500786787, 7672.729322890505], "k_pid_vsp": [1573.7403055225707, 4904.369732058319, 5691.948479583956]}, "datetime": {"datetime": "2025-08-08 23:48:54", "elapsed": 25166.295768022537, "delta": 31.14069628715515}, "costs": {"total_cost": 3593.1776410922025, "time_cost": 150, "final_distance_cost": 635.2516409155837, "oscillation_cost": 49.87824504180129, "completition_cost": 1000.0, "overshoot_cost": 1695.0736993418232, "power_cost": 35.23141885986328, "noise_cost": 27.742636933131266, "n_waypoints_completed": 0, "tot_waypoints": 9}}
{"target": -1124.106273845142, "params": {"k_pid_pos": [10000.0, 5688.677733896234, 0.0], "k_pid_alt": [7032.457883292416, 0.0, 2071.460327971057], "k_pid_att": [6714.505784649689, 0.0, 0.0], "k_pid_yaw": [0.5, 1e-06, 0.1], "k_pid_hsp": [5345.19274560741, 0.0, 0.0], "k_pid_vsp": [3567.425931646225, 8002.583964568069, 3868.5159140814744]}, "datetime": {"datetime": "2025-08-08 23:49:31", "elapsed": 25203.01202583313, "delta": 36.71625781059265}, "costs": {"total_cost": 1124.106273845142, "time_cost": 150, "final_distance_cost": 73.09566325086762, "oscillation_cost": 430.35569439495623, "completition_cost": 333.33333333333337, "overshoot_cost": 68.32883570648384, "power_cost": 40.306409106445315, "noise_cost": 28.686338053055533, "n_waypoints_completed": 6, "tot_waypoints": 9}}
{"target": -6529.768695081024, "params": {"k_pid_pos": [8454.287314228983, 10000.0, 0.0], "k_pid_alt": [0.0, 133.15679709114795, 136.31231232433987], "k_pid_att": [4561.2917150223375, 1280.4385758818132, 4177.936078255096], "k_pid_yaw": [0.5, 1e-06, 0.1], "k_pid_hsp": [9726.192137452945, 10000.0, 7000.815540623168], "k_pid_vsp": [6585.974606083672, 0.0, 7267.295574965383]}, "datetime": {"datetime": "2025-08-08 23:50:07", "elapsed": 25239.15562105179, "delta": 36.14359521865845}, "costs": {"total_cost": 6529.768695081024, "time_cost": 150, "final_distance_cost": 1575.9385466326848, "oscillation_cost": 232.70604183814189, "completition_cost": 1000.0, "overshoot_cost": 3487.7526860790263, "power_cost": 42.42156267089844, "noise_cost": 40.94985786027333, "n_waypoints_completed": 0, "tot_waypoints": 9}}
{"target": -16030.474256769896, "params": {"k_pid_pos": [4608.714032085571, 5830.000231593647, 8710.698890824524], "k_pid_alt": [8539.092086630797, 2189.348630107556, 3480.1351987486796], "k_pid_att": [3681.1715048612637, 1931.7466612029366, 8055.874989681089], "k_pid_yaw": [0.5, 1e-06, 0.1], "k_pid_hsp": [7830.077877588745, 2990.202110504827, 6779.976775111275], "k_pid_vsp": [7015.0450019177115, 9042.654834480143, 5822.326718935862]}, "datetime": {"datetime": "2025-08-08 23:50:39", "elapsed": 25270.74705028534, "delta": 31.591429233551025}, "costs": {"total_cost": 16030.474256769896, "time_cost": 150, "final_distance_cost": 4767.807415126249, "oscillation_cost": 743.4526207942523, "completition_cost": 1000.0, "overshoot_cost": 9184.209507567046, "power_cost": 58.225276721191406, "noise_cost": 126.77943656115633, "n_waypoints_completed": 0, "tot_waypoints": 9}}
{"target": -3307.578845526118, "params": {"k_pid_pos": [349.4797737201072, 9827.880786995373, 3433.6506609461358], "k_pid_alt": [2818.4307474386637, 4305.535603066203, 8875.61068652439], "k_pid_att": [3622.7246260499514, 5250.0045348549165, 1174.461417680227], "k_pid_yaw": [0.5, 1e-06, 0.1], "k_pid_hsp": [3822.77709710397, 9136.24123182571, 4884.235355046383], "k_pid_vsp": [6614.810975278996, 5980.976050223641, 7915.908543360567]}, "datetime": {"datetime": "2025-08-08 23:51:10", "elapsed": 25301.8758995533, "delta": 31.128849267959595}, "costs": {"total_cost": 3307.578845526118, "time_cost": 150, "final_distance_cost": 560.845652121509, "oscillation_cost": 118.33645544650214, "completition_cost": 1000.0, "overshoot_cost": 1415.8474632800005, "power_cost": 34.88668416748047, "noise_cost": 27.662590510625947, "n_waypoints_completed": 0, "tot_waypoints": 9}}
{"target": -2166.4844764317863, "params": {"k_pid_pos": [2723.822012332941, 10000.0, 10000.0], "k_pid_alt": [4933.39166629683, 4112.829502863731, 9515.46174974096], "k_pid_att": [4169.966258828393, 2997.132916855477, 0.0], "k_pid_yaw": [0.5, 1e-06, 0.1], "k_pid_hsp": [5169.632260459812, 3140.8032644802993, 8683.088538410042], "k_pid_vsp": [10000.0, 3027.9899061904252, 3929.2845212309035]}, "datetime": {"datetime": "2025-08-08 23:51:48", "elapsed": 25339.879823207855, "delta": 38.003923654556274}, "costs": {"total_cost": 2166.4844764317863, "time_cost": 150, "final_distance_cost": 37.0753301729678, "oscillation_cost": 818.2478587751979, "completition_cost": 1000.0, "overshoot_cost": 98.00552421361705, "power_cost": 35.46112587890625, "noise_cost": 27.69463739109697, "n_waypoints_completed": 0, "tot_waypoints": 9}}
{"target": -8812.759120514318, "params": {"k_pid_pos": [2744.004227472743, 9685.740021460912, 2851.6884427668642], "k_pid_alt": [2186.01789010988, 1321.587382165954, 3710.2973567519916], "k_pid_att": [1808.2178387788938, 8578.380636723963, 1949.2979532464694], "k_pid_yaw": [0.5, 1e-06, 0.1], "k_pid_hsp": [2417.550919156154, 3979.81869981344, 2099.445988361003], "k_pid_vsp": [3000.4386012057994, 6581.092860638125, 2771.410356351509]}, "datetime": {"datetime": "2025-08-08 23:52:20", "elapsed": 25371.595725297928, "delta": 31.715902090072632}, "costs": {"total_cost": 8812.759120514318, "time_cost": 150, "final_distance_cost": 1750.4521702406187, "oscillation_cost": 1654.5208565569546, "completition_cost": 1000.0, "overshoot_cost": 4062.3043970486133, "power_cost": 58.3811939453125, "noise_cost": 137.10050272282098, "n_waypoints_completed": 0, "tot_waypoints": 9}}
{"target": -6188.891019901381, "params": {"k_pid_pos": [7755.052592366066, 2891.642491422006, 7586.636139159332], "k_pid_alt": [6171.492477333964, 1284.0909112909126, 4471.801551904339], "k_pid_att": [7327.227390626944, 5225.8475208699165, 6069.737692627066], "k_pid_yaw": [0.5, 1e-06, 0.1], "k_pid_hsp": [3408.384427735437, 4260.0235804816275, 729.2462600008587], "k_pid_vsp": [1052.832764758922, 5753.549900995839, 9507.826893970485]}, "datetime": {"datetime": "2025-08-08 23:52:51", "elapsed": 25403.3377661705, "delta": 31.742040872573853}, "costs": {"total_cost": 6188.891019901381, "time_cost": 150, "final_distance_cost": 1595.3267590993373, "oscillation_cost": 464.29009029304217, "completition_cost": 1000.0, "overshoot_cost": 2838.8764482482266, "power_cost": 49.23852197265625, "noise_cost": 91.15920028811829, "n_waypoints_completed": 0, "tot_waypoints": 9}}
{"target": -6462.589811892907, "params": {"k_pid_pos": [1080.4591572315358, 2187.1891374953425, 8835.452672697795], "k_pid_alt": [6739.002322404244, 6137.573492181024, 4268.241616408309], "k_pid_att": [6353.428090777748, 3868.0801788099075, 4324.31350972417], "k_pid_yaw": [0.5, 1e-06, 0.1], "k_pid_hsp": [8061.24932798638, 3278.1417851752235, 6306.827202027573], "k_pid_vsp": [7403.493693823568, 995.3739206047862, 3954.5094733035926]}, "datetime": {"datetime": "2025-08-08 23:53:22", "elapsed": 25434.5209004879, "delta": 31.18313431739807}, "costs": {"total_cost": 6462.589811892907, "time_cost": 150, "final_distance_cost": 606.2608185449247, "oscillation_cost": 704.4394096949287, "completition_cost": 1000.0, "overshoot_cost": 3804.8935703139687, "power_cost": 58.59126901855469, "noise_cost": 138.40474432053028, "n_waypoints_completed": 0, "tot_waypoints": 9}}
{"target": -5748.778239066158, "params": {"k_pid_pos": [2411.6961360088594, 4593.158523784567, 6000.051182766929], "k_pid_alt": [5916.574931925049, 2.4385928009551527, 1471.7984345320413], "k_pid_att": [3074.6908616730097, 8623.188866797464, 5169.059204631101], "k_pid_yaw": [0.5, 1e-06, 0.1], "k_pid_hsp": [4255.872243269986, 4989.00528306882, 2912.232652233564], "k_pid_vsp": [3523.4084140038467, 2492.455788908232, 3722.4352477293564]}, "datetime": {"datetime": "2025-08-08 23:53:54", "elapsed": 25466.3486597538, "delta": 31.827759265899658}, "costs": {"total_cost": 5748.778239066158, "time_cost": 150, "final_distance_cost": 700.3004448817084, "oscillation_cost": 1285.1743594822133, "completition_cost": 1000.0, "overshoot_cost": 2424.308200262992, "power_cost": 57.41508444824219, "noise_cost": 131.5801499910018, "n_waypoints_completed": 0, "tot_waypoints": 9}}
{"target": -1486.1314132576733, "params": {"k_pid_pos": [1059.177297368867, 2962.9293140498094, 6199.004915292606], "k_pid_alt": [5209.958539307782, 0.0, 0.0], "k_pid_att": [6715.67211258181, 9862.837711195618, 0.0], "k_pid_yaw": [0.5, 1e-06, 0.1], "k_pid_hsp": [2785.0418731081863, 7699.449091851413, 0.0], "k_pid_vsp": [2391.1738667692644, 2385.9478491745995, 5060.468617620756]}, "datetime": {"datetime": "2025-08-08 23:54:32", "elapsed": 25503.62754893303, "delta": 37.278889179229736}, "costs": {"total_cost": 1486.1314132576733, "time_cost": 150, "final_distance_cost": 51.037800813188866, "oscillation_cost": 710.1090713590528, "completition_cost": 444.4444444444444, "overshoot_cost": 62.50642757589051, "power_cost": 39.378815356445315, "noise_cost": 28.65485370865134, "n_waypoints_completed": 5, "tot_waypoints": 9}}
{"target": -1571.7621027701564, "params": {"k_pid_pos": [3352.849479725476, 4106.582169935674, 8017.833421895009], "k_pid_alt": [6522.156763824176, 8760.373946733022, 9141.263514740782], "k_pid_att": [8241.82974358259, 7000.194258330731, 1094.403482224542], "k_pid_yaw": [0.5, 1e-06, 0.1], "k_pid_hsp": [6808.791988259605, 32.852274507756405, 3825.397681058531], "k_pid_vsp": [5311.299776202542, 8024.63907066408, 4537.667272602404]}, "datetime": {"datetime": "2025-08-08 23:55:02", "elapsed": 25534.289572954178, "delta": 30.66202402114868}, "costs": {"total_cost": 1571.7621027701564, "time_cost": 150, "final_distance_cost": 105.12308481474015, "oscillation_cost": 105.30680338900547, "completition_cost": 1000.0, "overshoot_cost": 147.31387849350753, "power_cost": 36.034725903320314, "noise_cost": 27.983610169583052, "n_waypoints_completed": 0, "tot_waypoints": 9}}
{"target": -4707.796226191467, "params": {"k_pid_pos": [1926.4366350950236, 1704.2916482948413, 8965.662100210842], "k_pid_alt": [7281.951179102083, 2728.1863004450656, 7170.262867721554], "k_pid_att": [9869.179689639968, 9044.786007774763, 6666.509779623641], "k_pid_yaw": [0.5, 1e-06, 0.1], "k_pid_hsp": [5614.316024698887, 3885.67865509166, 1892.9081575446617], "k_pid_vsp": [4952.84310489542, 2472.7087042714156, 4923.088922856017]}, "datetime": {"datetime": "2025-08-08 23:55:33", "elapsed": 25565.12756752968, "delta": 30.83799457550049}, "costs": {"total_cost": 4707.796226191467, "time_cost": 150, "final_distance_cost": 1361.6482436277959, "oscillation_cost": 395.844680149491, "completition_cost": 1000.0, "overshoot_cost": 1671.5968147256494, "power_cost": 49.26412939453125, "noise_cost": 79.44235829399862, "n_waypoints_completed": 0, "tot_waypoints": 9}}
{"target": -1162.906533803775, "params": {"k_pid_pos": [3822.4539714131656, 5573.4514535657245, 3706.933810236294], "k_pid_alt": [6300.672831036648, 0.0, 0.0], "k_pid_att": [6842.0953943334, 5015.2739216996, 0.0], "k_pid_yaw": [0.5, 1e-06, 0.1], "k_pid_hsp": [5786.001155749146, 6070.699735832994, 810.2019177156048], "k_pid_vsp": [6732.205822825788, 0.0, 1494.0719620162854]}, "datetime": {"datetime": "2025-08-08 23:56:11", "elapsed": 25603.29287624359, "delta": 38.165308713912964}, "costs": {"total_cost": 1162.906533803775, "time_cost": 150, "final_distance_cost": 72.88339286612772, "oscillation_cost": 147.07467762479078, "completition_cost": 666.6666666666667, "overshoot_cost": 54.782931229069874, "power_cost": 42.45243778076172, "noise_cost": 29.046427636358015, "n_waypoints_completed": 3, "tot_waypoints": 9}}
{"target": -9424.687387732332, "params": {"k_pid_pos": [7818.836872088379, 7899.4396638195385, 1920.3704765651808], "k_pid_alt": [6046.501677214804, 9518.156277326862, 8005.992416842974], "k_pid_att": [1920.0065212681561, 1091.1821597523785, 7475.377636589274], "k_pid_yaw": [0.5, 1e-06, 0.1], "k_pid_hsp": [3331.2129106190214, 6292.550103036271, 2743.165975771249], "k_pid_vsp": [5376.7207545427755, 3379.780715441809, 5930.133403541612]}, "datetime": {"datetime": "2025-08-08 23:56:43", "elapsed": 25635.124770879745, "delta": 31.831894636154175}, "costs": {"total_cost": 9424.687387732332, "time_cost": 150, "final_distance_cost": 2527.249761845287, "oscillation_cost": 23.304715855261414, "completition_cost": 1000.0, "overshoot_cost": 5661.015220979902, "power_cost": 35.32499494628907, "noise_cost": 27.792694105592723, "n_waypoints_completed": 0, "tot_waypoints": 9}}
{"target": -2734.7008310288916, "params": {"k_pid_pos": [3093.3155895435902, 4587.735103091326, 3313.8183321225256], "k_pid_alt": [4706.478353264638, 9292.879025684022, 1540.465597482127], "k_pid_att": [8064.80138442356, 6064.646417341438, 2482.847337544617], "k_pid_yaw": [0.5, 1e-06, 0.1], "k_pid_hsp": [5425.350460206559, 2360.325320968786, 609.3699732429315], "k_pid_vsp": [5820.912579123754, 2531.6926838709965, 402.9409935658812]}, "datetime": {"datetime": "2025-08-08 23:57:15", "elapsed": 25666.63245201111, "delta": 31.507681131362915}, "costs": {"total_cost": 2734.7008310288916, "time_cost": 150, "final_distance_cost": 443.42444039936595, "oscillation_cost": 217.06244210888224, "completition_cost": 1000.0, "overshoot_cost": 840.0590970416035, "power_cost": 41.13473084716797, "noise_cost": 43.02012063187136, "n_waypoints_completed": 0, "tot_waypoints": 9}}
{"target": -19916.946586044705, "params": {"k_pid_pos": [424.7650974252515, 1651.712371411934, 7883.398800391772], "k_pid_alt": [3356.147841052238, 8910.19961197797, 4022.375953753693], "k_pid_att": [8942.83826773988, 3823.8233192516113, 8644.581119006725], "k_pid_yaw": [0.5, 1e-06, 0.1], "k_pid_hsp": [5928.822964317412, 7017.312216843201, 1219.547962514216], "k_pid_vsp": [4630.199692764234, 6537.085595286717, 1501.8786627764057]}, "datetime": {"datetime": "2025-08-08 23:57:46", "elapsed": 25698.270189762115, "delta": 31.63773775100708}, "costs": {"total_cost": 19916.946586044705, "time_cost": 150, "final_distance_cost": 4848.294099546967, "oscillation_cost": 735.3194575299649, "completition_cost": 1000.0, "overshoot_cost": 12981.807412605654, "power_cost": 58.58728182373047, "noise_cost": 142.93833453839193, "n_waypoints_completed": 0, "tot_waypoints": 9}}
{"target": -5965.356460544995, "params": {"k_pid_pos": [7455.840473813905, 9470.862076250756, 1146.1483146948458], "k_pid_alt": [8097.7441604775095, 1732.9321804587971, 6535.181190701749], "k_pid_att": [5076.017287561777, 2093.208568165501, 3654.9537345913673], "k_pid_yaw": [0.5, 1e-06, 0.1], "k_pid_hsp": [2258.8015166536193, 8291.534638511142, 8261.945710688327], "k_pid_vsp": [5327.51030565091, 2952.2728276788325, 4362.562075037611]}, "datetime": {"datetime": "2025-08-08 23:58:17", "elapsed": 25729.28115105629, "delta": 31.010961294174194}, "costs": {"total_cost": 5965.356460544995, "time_cost": 150, "final_distance_cost": 835.6744518784776, "oscillation_cost": 733.2492518277141, "completition_cost": 1000.0, "overshoot_cost": 3050.395254377282, "power_cost": 58.61801674804688, "noise_cost": 137.41948571347456, "n_waypoints_completed": 0, "tot_waypoints": 9}}
{"target": -1550.7463473353969, "params": {"k_pid_pos": [0.0, 2248.042507953325, 2431.921115982077], "k_pid_alt": [8126.689347051376, 9142.946130268667, 0.0], "k_pid_att": [10000.0, 10000.0, 0.0], "k_pid_yaw": [0.5, 1e-06, 0.1], "k_pid_hsp": [4251.554698692401, 0.0, 0.0], "k_pid_vsp": [5095.236457748811, 2292.486757721507, 0.0]}, "datetime": {"datetime": "2025-08-08 23:58:54", "elapsed": 25765.616951465607, "delta": 36.33580040931702}, "costs": {"total_cost": 1550.7463473353969, "time_cost": 150, "final_distance_cost": 53.368998383838836, "oscillation_cost": 222.1755578702357, "completition_cost": 1000.0, "overshoot_cost": 53.72960293205675, "power_cost": 42.42233181152344, "noise_cost": 29.04985633774238, "n_waypoints_completed": 0, "tot_waypoints": 9}}
{"target": -1444.1144096373312, "params": {"k_pid_pos": [7434.753469093404, 6895.129064943883, 6238.960280448924], "k_pid_alt": [4069.3334134650718, 8893.226733239213, 5078.368811047303], "k_pid_att": [8743.569150700388, 6882.117484781121, 0.0], "k_pid_yaw": [0.5, 1e-06, 0.1], "k_pid_hsp": [4739.545590772043, 5174.91768339239, 3942.4354614782183], "k_pid_vsp": [6395.114153534086, 5756.490735708945, 5020.114062819729]}, "datetime": {"datetime": "2025-08-08 23:59:31", "elapsed": 25802.662172079086, "delta": 37.045220613479614}, "costs": {"total_cost": 1444.1144096373312, "time_cost": 150, "final_distance_cost": 46.72746264412623, "oscillation_cost": 318.88642023202976, "completition_cost": 777.7777777777778, "overshoot_cost": 82.06733302899771, "power_cost": 40.02150151367188, "noise_cost": 28.633914440728038, "n_waypoints_completed": 2, "tot_waypoints": 9}}
{"target": -2866.030314485266, "params": {"k_pid_pos": [9217.420732765866, 8441.235831903998, 5903.481941207469], "k_pid_alt": [6884.053123069949, 6850.866570342568, 4958.526059611984], "k_pid_att": [8972.907555528565, 5224.789334815784, 948.8139526078398], "k_pid_yaw": [0.5, 1e-06, 0.1], "k_pid_hsp": [369.0936287826396, 6849.446684159769, 6596.828957741761], "k_pid_vsp": [1525.8044491453238, 1848.522331571436, 8284.476645056453]}, "datetime": {"datetime": "2025-08-09 00:00:02", "elapsed": 25834.376783132553, "delta": 31.714611053466797}, "costs": {"total_cost": 2866.030314485266, "time_cost": 150, "final_distance_cost": 491.37419818817557, "oscillation_cost": 148.48479836959942, "completition_cost": 1000.0, "overshoot_cost": 1012.8691762679579, "power_cost": 35.42860526123047, "noise_cost": 27.873536398302676, "n_waypoints_completed": 0, "tot_waypoints": 9}}
{"target": -2201.5529304533497, "params": {"k_pid_pos": [6935.2385775086705, 2282.426376142419, 10000.0], "k_pid_alt": [7137.0565534046045, 1196.8900698403609, 195.8051712526301], "k_pid_att": [7199.329645745067, 9032.103100818667, 0.0], "k_pid_yaw": [0.5, 1e-06, 0.1], "k_pid_hsp": [0.0, 1104.7726062727909, 4194.124350290694], "k_pid_vsp": [2114.9531320165233, 1488.690821684281, 1318.5797877079815]}, "datetime": {"datetime": "2025-08-09 00:00:42", "elapsed": 25873.903826475143, "delta": 39.52704334259033}, "costs": {"total_cost": 2201.5529304533497, "time_cost": 150, "final_distance_cost": 51.98289945691194, "oscillation_cost": 870.5748123395351, "completition_cost": 1000.0, "overshoot_cost": 65.17251823446225, "power_cost": 36.12205141601563, "noise_cost": 27.700649006424904, "n_waypoints_completed": 0, "tot_waypoints": 9}}
{"target": -7118.671420554706, "params": {"k_pid_pos": [5045.918654547531, 2532.2721536742465, 2396.430300174591], "k_pid_alt": [3795.2409642494667, 7946.507108791926, 8941.134695768547], "k_pid_att": [5457.714958282415, 7566.956642089445, 5480.3289901406615], "k_pid_yaw": [0.5, 1e-06, 0.1], "k_pid_hsp": [1075.1776805609547, 2889.6449086125676, 5115.358476533397], "k_pid_vsp": [2043.8910648780695, 3794.2992787209673, 5555.911776424884]}, "datetime": {"datetime": "2025-08-09 00:01:13", "elapsed": 25905.307234287262, "delta": 31.40340781211853}, "costs": {"total_cost": 7118.671420554706, "time_cost": 150, "final_distance_cost": 1566.2729174828814, "oscillation_cost": 1005.4922897387754, "completition_cost": 1000.0, "overshoot_cost": 3241.249918521743, "power_cost": 52.16688319091797, "noise_cost": 103.4894116203877, "n_waypoints_completed": 0, "tot_waypoints": 9}}
{"target": -1224.6818646124684, "params": {"k_pid_pos": [10000.0, 10000.0, 0.0], "k_pid_alt": [2574.6243059348735, 0.0, 2606.859754503482], "k_pid_att": [4636.726126797914, 5170.931697637219, 0.0], "k_pid_yaw": [0.5, 1e-06, 0.1], "k_pid_hsp": [10000.0, 4499.380165577079, 9712.940999592824], "k_pid_vsp": [3290.7322468084512, 10000.0, 6144.870269887386]}, "datetime": {"datetime": "2025-08-09 00:01:51", "elapsed": 25942.531529903412, "delta": 37.2242956161499}, "costs": {"total_cost": 1224.6818646124684, "time_cost": 150, "final_distance_cost": 62.38194700890707, "oscillation_cost": 511.7456919076148, "completition_cost": 333.33333333333337, "overshoot_cost": 100.13252038805751, "power_cost": 38.7220349609375, "noise_cost": 28.366337013618285, "n_waypoints_completed": 6, "tot_waypoints": 9}}
