{"target": -32588.99186140955, "params": {"k_pid_pos": [9742.148785847141, 3641.4122748223276, 4984.382805753095], "k_pid_alt": [599.0048034483953, 2751.318915851403, 5852.014062950679], "k_pid_att": [638.9226762013756, 5721.666073606585, 5305.863655791529], "k_pid_yaw": [0.5, 1e-06, 0.1], "k_pid_hsp": [5434.603110960189, 2604.6092578477496, 2631.8063277564142], "k_pid_vsp": [3333.4331204103582, 2441.078567399243, 5815.5445593070235]}, "datetime": {"datetime": "2025-08-08 18:12:50", "elapsed": 5002.157022237778, "delta": 30.02420711517334}, "costs": {"total_cost": 32588.99186140955, "time_cost": 150, "final_distance_cost": 8913.846144541101, "oscillation_cost": 1605.2577672422167, "completition_cost": 1000.0, "overshoot_cost": 20731.95593834956, "power_cost": 57.21645958251953, "noise_cost": 130.7155516941517, "n_waypoints_completed": 0, "tot_waypoints": 9}}
{"target": -1505.8312473926371, "params": {"k_pid_pos": [0.0, 7290.12249646628, 4359.3353809769515], "k_pid_alt": [6898.267028773331, 6565.663743879624, 142.5329559483438], "k_pid_att": [10000.0, 10000.0, 0.0], "k_pid_yaw": [0.5, 1e-06, 0.1], "k_pid_hsp": [10000.0, 8769.969529544287, 0.0], "k_pid_vsp": [2421.4605689232612, 0.0, 6022.435616292253]}, "datetime": {"datetime": "2025-08-08 18:13:22", "elapsed": 5034.234082937241, "delta": 32.07706069946289}, "costs": {"total_cost": 1505.8312473926371, "time_cost": 150, "final_distance_cost": 42.928874567573104, "oscillation_cost": 177.85744971852256, "completition_cost": 1000.0, "overshoot_cost": 60.65491320085064, "power_cost": 44.16776478271485, "noise_cost": 30.222245122975824, "n_waypoints_completed": 0, "tot_waypoints": 9}}
{"target": -1858.3355518480105, "params": {"k_pid_pos": [2897.9698721136315, 9692.71741927956, 9215.763863076563], "k_pid_alt": [7094.918067466954, 8330.6839896004, 7107.487932501601], "k_pid_att": [2473.160796558512, 8025.139328000984, 715.0183321818448], "k_pid_yaw": [0.5, 1e-06, 0.1], "k_pid_hsp": [8324.658491458791, 7066.991210353638, 7519.690677421564], "k_pid_vsp": [8324.882332252566, 7672.886240628003, 897.879125315002]}, "datetime": {"datetime": "2025-08-08 18:13:52", "elapsed": 5063.905237674713, "delta": 29.671154737472534}, "costs": {"total_cost": 1858.3355518480105, "time_cost": 150, "final_distance_cost": 43.59214422490784, "oscillation_cost": 413.79601448570776, "completition_cost": 1000.0, "overshoot_cost": 151.69533808535954, "power_cost": 46.41879895019532, "noise_cost": 52.833256101839844, "n_waypoints_completed": 0, "tot_waypoints": 9}}
{"target": -10828.988521914878, "params": {"k_pid_pos": [2924.7622170883224, 8830.625472490614, 1832.2350237342055], "k_pid_alt": [881.6831956788662, 856.858912489501, 8473.135213048563], "k_pid_att": [6881.407630799225, 1991.3035634005882, 9763.26967354872], "k_pid_yaw": [0.5, 1e-06, 0.1], "k_pid_hsp": [3407.934687371349, 1399.2789081992873, 366.9876303563824], "k_pid_vsp": [4141.031769463644, 8515.464339315833, 4572.346569873008]}, "datetime": {"datetime": "2025-08-08 18:14:22", "elapsed": 5094.200266361237, "delta": 30.295028686523438}, "costs": {"total_cost": 10828.988521914878, "time_cost": 150, "final_distance_cost": 2735.2000484404266, "oscillation_cost": 829.0313732711222, "completition_cost": 1000.0, "overshoot_cost": 5929.253619673399, "power_cost": 58.64651042480469, "noise_cost": 126.85697010512463, "n_waypoints_completed": 0, "tot_waypoints": 9}}
{"target": -10105.87255618048, "params": {"k_pid_pos": [4717.092484018131, 8427.96624200084, 1537.01700305788], "k_pid_alt": [4046.462330438699, 4220.8803094392015, 4421.8325133391245], "k_pid_att": [6165.384718385291, 8020.390828749194, 8092.862330820939], "k_pid_yaw": [0.5, 1e-06, 0.1], "k_pid_hsp": [1591.096180431747, 9498.328078772432, 4689.084131759808], "k_pid_vsp": [2729.8573041230457, 147.83948301342, 5331.141604617028]}, "datetime": {"datetime": "2025-08-08 18:14:52", "elapsed": 5123.913068771362, "delta": 29.712802410125732}, "costs": {"total_cost": 10105.87255618048, "time_cost": 150, "final_distance_cost": 2479.2460700537986, "oscillation_cost": 1014.7119704990713, "completition_cost": 1000.0, "overshoot_cost": 5297.157040708843, "power_cost": 54.01433326416016, "noise_cost": 110.74314165460731, "n_waypoints_completed": 0, "tot_waypoints": 9}}
{"target": -1556.781705324599, "params": {"k_pid_pos": [192.18409299351612, 10000.0, 3323.0443063628713], "k_pid_alt": [10000.0, 4292.412663953932, 7197.085065862834], "k_pid_att": [7334.88356504692, 6232.690078511742, 0.0], "k_pid_yaw": [0.5, 1e-06, 0.1], "k_pid_hsp": [10000.0, 5380.24144530131, 1161.9701059242286], "k_pid_vsp": [3732.870329855137, 8780.254479664334, 527.8042452196124]}, "datetime": {"datetime": "2025-08-08 18:15:24", "elapsed": 5156.251952171326, "delta": 32.33888339996338}, "costs": {"total_cost": 1556.781705324599, "time_cost": 150, "final_distance_cost": 46.488673931339996, "oscillation_cost": 218.52655544997555, "completition_cost": 1000.0, "overshoot_cost": 70.89398861044785, "power_cost": 41.88709139404297, "noise_cost": 28.985395938792596, "n_waypoints_completed": 0, "tot_waypoints": 9}}
{"target": -1665.1008246381762, "params": {"k_pid_pos": [2394.966097933758, 10000.0, 0.0], "k_pid_alt": [4233.448478818864, 0.0, 1082.8828689754798], "k_pid_att": [2645.1636076193818, 2958.5791507016716, 0.0], "k_pid_yaw": [0.5, 1e-06, 0.1], "k_pid_hsp": [10000.0, 682.2337326120095, 10000.0], "k_pid_vsp": [5893.855889463071, 7241.262449257282, 1974.3731915511785]}, "datetime": {"datetime": "2025-08-08 18:15:56", "elapsed": 5188.4154460430145, "delta": 32.16349387168884}, "costs": {"total_cost": 1665.1008246381762, "time_cost": 150, "final_distance_cost": 60.72563248765318, "oscillation_cost": 431.48682263897535, "completition_cost": 888.8888888888888, "overshoot_cost": 68.45401315984192, "power_cost": 37.60225723876953, "noise_cost": 27.94321022404726, "n_waypoints_completed": 1, "tot_waypoints": 9}}
{"target": -1184.0916248750264, "params": {"k_pid_pos": [2085.0757806257184, 9994.120999382216, 10000.0], "k_pid_alt": [8959.015462251298, 0.0, 622.4576972846335], "k_pid_att": [6135.709558123908, 7315.66263618306, 0.0], "k_pid_yaw": [0.5, 1e-06, 0.1], "k_pid_hsp": [3356.147075479382, 3806.8196546842173, 0.0], "k_pid_vsp": [2968.5336096549813, 0.0, 0.0]}, "datetime": {"datetime": "2025-08-08 18:16:29", "elapsed": 5220.831417798996, "delta": 32.415971755981445}, "costs": {"total_cost": 1184.0916248750264, "time_cost": 150, "final_distance_cost": 48.46146703574784, "oscillation_cost": 302.3537002272522, "completition_cost": 555.5555555555555, "overshoot_cost": 57.25591608266603, "power_cost": 41.58804530029297, "noise_cost": 28.87694067351166, "n_waypoints_completed": 4, "tot_waypoints": 9}}
{"target": -11216.011812630599, "params": {"k_pid_pos": [618.6247367888609, 7726.235944289649, 3391.854346596995], "k_pid_alt": [1812.8004292661503, 9353.45146918063, 7507.371270055111], "k_pid_att": [1686.0489426961444, 6065.569100834377, 4021.2109984710487], "k_pid_yaw": [0.5, 1e-06, 0.1], "k_pid_hsp": [1052.7206501369856, 1869.8123335941896, 4295.273306228827], "k_pid_vsp": [6783.130142781371, 2811.227162364376, 9666.978074334913]}, "datetime": {"datetime": "2025-08-08 18:16:59", "elapsed": 5250.649573802948, "delta": 29.818156003952026}, "costs": {"total_cost": 11216.011812630599, "time_cost": 150, "final_distance_cost": 1891.7490241501496, "oscillation_cost": 1255.816247290469, "completition_cost": 1000.0, "overshoot_cost": 6732.898330144696, "power_cost": 56.99444088134766, "noise_cost": 128.55377016393618, "n_waypoints_completed": 0, "tot_waypoints": 9}}
{"target": -3317.3931074592865, "params": {"k_pid_pos": [6208.49743732794, 4360.032216391002, 3717.0010603821547], "k_pid_alt": [132.15944872040586, 1989.101724743706, 9201.836762682553], "k_pid_att": [3772.519586264166, 3007.2475961891687, 1808.2369621274786], "k_pid_yaw": [0.5, 1e-06, 0.1], "k_pid_hsp": [5305.733164252012, 6217.5944007721455, 5630.087797488342], "k_pid_vsp": [655.1371916750836, 9748.555104351695, 5693.156477481355]}, "datetime": {"datetime": "2025-08-08 18:17:29", "elapsed": 5281.518378019333, "delta": 30.868804216384888}, "costs": {"total_cost": 3317.3931074592865, "time_cost": 150, "final_distance_cost": 476.1277617131577, "oscillation_cost": 56.517347156475026, "completition_cost": 1000.0, "overshoot_cost": 1571.220814556289, "power_cost": 35.69966802978516, "noise_cost": 27.827516003579376, "n_waypoints_completed": 0, "tot_waypoints": 9}}
{"target": -6101.428347340116, "params": {"k_pid_pos": [2579.9895733400845, 7539.10770491618, 6930.390956243], "k_pid_alt": [7140.531271952523, 3813.3410767048827, 410.9537088236104], "k_pid_att": [1165.9513604497251, 8128.344464825374, 3363.8919305806435], "k_pid_yaw": [0.5, 1e-06, 0.1], "k_pid_hsp": [1124.1728130542594, 2739.735552194759, 3410.0528802957806], "k_pid_vsp": [4979.516193156635, 9019.29510889235, 6351.512831850992]}, "datetime": {"datetime": "2025-08-08 18:17:59", "elapsed": 5311.303931474686, "delta": 29.785553455352783}, "costs": {"total_cost": 6101.428347340116, "time_cost": 150, "final_distance_cost": 1030.4760981859347, "oscillation_cost": 1418.3737145163955, "completition_cost": 1000.0, "overshoot_cost": 2311.2084142299227, "power_cost": 57.787361474609376, "noise_cost": 133.58275893325273, "n_waypoints_completed": 0, "tot_waypoints": 9}}
{"target": -1352.9120048969644, "params": {"k_pid_pos": [2483.5031799188737, 5716.826083352213, 0.0], "k_pid_alt": [5091.903317782997, 1136.4693642855746, 9586.128321941515], "k_pid_att": [10000.0, 5981.219040119477, 0.0], "k_pid_yaw": [0.5, 1e-06, 0.1], "k_pid_hsp": [7281.170778376724, 4759.983071364646, 3037.2057108470926], "k_pid_vsp": [0.0, 10000.0, 6998.815715637596]}, "datetime": {"datetime": "2025-08-08 18:18:31", "elapsed": 5343.3960728645325, "delta": 32.0921413898468}, "costs": {"total_cost": 1352.9120048969644, "time_cost": 150, "final_distance_cost": 64.57057340398772, "oscillation_cost": 298.57176006879445, "completition_cost": 666.6666666666667, "overshoot_cost": 103.25360654745319, "power_cost": 40.75650836181641, "noise_cost": 29.09288984824569, "n_waypoints_completed": 3, "tot_waypoints": 9}}
{"target": -8825.36137876074, "params": {"k_pid_pos": [3252.1055969291224, 6425.518517358202, 88.26785234317458], "k_pid_alt": [2125.042344257525, 3896.888931952581, 367.6147864230317], "k_pid_att": [7576.044948648293, 3248.8763962053213, 9561.72689149148], "k_pid_yaw": [0.5, 1e-06, 0.1], "k_pid_hsp": [1367.7843990166982, 6578.739745270001, 1980.521511304637], "k_pid_vsp": [90.62389364330348, 3011.2484572567046, 2732.701432299881]}, "datetime": {"datetime": "2025-08-08 18:19:02", "elapsed": 5373.568791151047, "delta": 30.172718286514282}, "costs": {"total_cost": 8825.36137876074, "time_cost": 150, "final_distance_cost": 1517.6053903503662, "oscillation_cost": 294.16450714063785, "completition_cost": 1000.0, "overshoot_cost": 5752.83846823191, "power_cost": 45.33836512451172, "noise_cost": 65.41464791331482, "n_waypoints_completed": 0, "tot_waypoints": 9}}
{"target": -1724.713031042177, "params": {"k_pid_pos": [4391.115958235408, 10000.0, 0.0], "k_pid_alt": [0.0, 1339.1062833432436, 6323.3469876381405], "k_pid_att": [4072.811815467037, 0.0, 0.0], "k_pid_yaw": [0.5, 1e-06, 0.1], "k_pid_hsp": [10000.0, 6371.434115762435, 10000.0], "k_pid_vsp": [562.1495194505599, 10000.0, 6214.56367289406]}, "datetime": {"datetime": "2025-08-08 18:19:34", "elapsed": 5405.950648784637, "delta": 32.3818576335907}, "costs": {"total_cost": 1724.713031042177, "time_cost": 150, "final_distance_cost": 64.1787071267968, "oscillation_cost": 348.7257200022257, "completition_cost": 1000.0, "overshoot_cost": 93.59083326486797, "power_cost": 39.461958715820316, "noise_cost": 28.75581193246614, "n_waypoints_completed": 0, "tot_waypoints": 9}}
{"target": -5990.708554877383, "params": {"k_pid_pos": [9090.908742216825, 7891.548026424294, 1152.5976656256798], "k_pid_alt": [3546.133061877377, 5914.9047274493105, 4619.115124407937], "k_pid_att": [7836.080758866761, 3272.543808350571, 6834.858793842283], "k_pid_yaw": [0.5, 1e-06, 0.1], "k_pid_hsp": [4025.0913232963712, 2444.089184853339, 1404.910859101407], "k_pid_vsp": [5659.380507558633, 2670.5208741282227, 6266.6523748004975]}, "datetime": {"datetime": "2025-08-08 18:20:04", "elapsed": 5436.075615644455, "delta": 30.124966859817505}, "costs": {"total_cost": 5990.708554877383, "time_cost": 150, "final_distance_cost": 970.4998892626835, "oscillation_cost": 368.1735268913078, "completition_cost": 1000.0, "overshoot_cost": 3385.719677668826, "power_cost": 46.347902380371096, "noise_cost": 69.96755867419377, "n_waypoints_completed": 0, "tot_waypoints": 9}}
{"target": -15995.015591025887, "params": {"k_pid_pos": [8622.137784237468, 7989.227055933985, 930.173562397193], "k_pid_alt": [3219.334049003304, 6796.976377168305, 6712.197626307043], "k_pid_att": [285.0023971975912, 1994.688080207051, 4622.26914817113], "k_pid_yaw": [0.5, 1e-06, 0.1], "k_pid_hsp": [8063.727063597573, 2104.717201192291, 6607.850016026986], "k_pid_vsp": [937.6389572629762, 5607.883862565348, 5474.078491640184]}, "datetime": {"datetime": "2025-08-08 18:20:34", "elapsed": 5466.190117359161, "delta": 30.11450171470642}, "costs": {"total_cost": 15995.015591025887, "time_cost": 150, "final_distance_cost": 3161.6573871936716, "oscillation_cost": 607.64174016081, "completition_cost": 1000.0, "overshoot_cost": 10905.561314338756, "power_cost": 55.2406297241211, "noise_cost": 114.91451960852896, "n_waypoints_completed": 0, "tot_waypoints": 9}}
{"target": -1310.276151005477, "params": {"k_pid_pos": [6720.6099894644985, 10000.0, 278.084730656947], "k_pid_alt": [7491.53667151157, 253.0259844882043, 0.0], "k_pid_att": [10000.0, 2905.6451077039287, 0.0], "k_pid_yaw": [0.5, 1e-06, 0.1], "k_pid_hsp": [1301.0203360948938, 0.0, 0.0], "k_pid_vsp": [6965.743414752108, 0.0, 6269.748582801436]}, "datetime": {"datetime": "2025-08-08 18:21:07", "elapsed": 5498.687531709671, "delta": 32.497414350509644}, "costs": {"total_cost": 1310.276151005477, "time_cost": 150, "final_distance_cost": 59.24749198213784, "oscillation_cost": 406.7875171641983, "completition_cost": 555.5555555555555, "overshoot_cost": 70.9499910448702, "power_cost": 39.29746893310547, "noise_cost": 28.438126325609794, "n_waypoints_completed": 4, "tot_waypoints": 9}}
{"target": -4970.1882891087125, "params": {"k_pid_pos": [1514.8346465940554, 2692.881090994121, 4799.509531432159], "k_pid_alt": [826.1983992885513, 3003.8183676561393, 9805.76786601594], "k_pid_att": [68.57240920350893, 2434.1208945126937, 2268.353265984663], "k_pid_yaw": [0.5, 1e-06, 0.1], "k_pid_hsp": [8151.789218381954, 1477.1123255514774, 8827.576906896556], "k_pid_vsp": [6114.003748799009, 1840.8282167144685, 5904.14581615994]}, "datetime": {"datetime": "2025-08-08 18:21:37", "elapsed": 5529.440104722977, "delta": 30.752573013305664}, "costs": {"total_cost": 4970.1882891087125, "time_cost": 150, "final_distance_cost": 617.4920594797879, "oscillation_cost": 1190.312041694353, "completition_cost": 1000.0, "overshoot_cost": 1833.8382224694121, "power_cost": 56.497828063964846, "noise_cost": 122.04813740119454, "n_waypoints_completed": 0, "tot_waypoints": 9}}
{"target": -2774.209508455212, "params": {"k_pid_pos": [3453.9405197432206, 294.0886789895958, 2390.944957166782], "k_pid_alt": [4529.748654336528, 273.5341215759834, 6855.580634471848], "k_pid_att": [5977.446635342195, 1801.491709438776, 925.1904709217163], "k_pid_yaw": [0.5, 1e-06, 0.1], "k_pid_hsp": [3993.528064188593, 4895.991048133529, 9388.41777059095], "k_pid_vsp": [2652.6064523556756, 7131.956249707268, 7470.451105956233]}, "datetime": {"datetime": "2025-08-08 18:22:08", "elapsed": 5559.928859949112, "delta": 30.488755226135254}, "costs": {"total_cost": 2774.209508455212, "time_cost": 150, "final_distance_cost": 473.86051251540164, "oscillation_cost": 68.03758751452737, "completition_cost": 1000.0, "overshoot_cost": 1019.2958691466748, "power_cost": 35.24448466796875, "noise_cost": 27.77105461063969, "n_waypoints_completed": 0, "tot_waypoints": 9}}
{"target": -3790.742506012287, "params": {"k_pid_pos": [5515.236106055795, 7276.113964966657, 4878.957874835531], "k_pid_alt": [6290.418020333239, 6273.343479160895, 6024.975338650409], "k_pid_att": [3757.9066895947444, 1435.0875140067665, 2653.264961291115], "k_pid_yaw": [0.5, 1e-06, 0.1], "k_pid_hsp": [7449.59721344712, 2707.4881476554456, 3623.8452291149447], "k_pid_vsp": [3272.3682739930714, 3767.316003547819, 3545.4495763440573]}, "datetime": {"datetime": "2025-08-08 18:22:39", "elapsed": 5590.770817518234, "delta": 30.841957569122314}, "costs": {"total_cost": 3790.742506012287, "time_cost": 150, "final_distance_cost": 241.44647052285077, "oscillation_cost": 250.43476391328096, "completition_cost": 1000.0, "overshoot_cost": 2056.5762803948523, "power_cost": 42.98954533691406, "noise_cost": 49.29544584438877, "n_waypoints_completed": 0, "tot_waypoints": 9}}
{"target": -1625.9345910170596, "params": {"k_pid_pos": [8276.687380397096, 10000.0, 2349.230123614411], "k_pid_alt": [7724.597700556698, 4905.153266088492, 1907.6876720275084], "k_pid_att": [10000.0, 1495.4441558551766, 0.0], "k_pid_yaw": [0.5, 1e-06, 0.1], "k_pid_hsp": [10000.0, 1330.5846414706918, 143.7271162758037], "k_pid_vsp": [4666.791042045102, 2746.9784505285643, 523.6764579708496]}, "datetime": {"datetime": "2025-08-08 18:23:12", "elapsed": 5624.521364450455, "delta": 33.75054693222046}, "costs": {"total_cost": 1625.9345910170596, "time_cost": 150, "final_distance_cost": 45.500653874249416, "oscillation_cost": 291.2915950719188, "completition_cost": 1000.0, "overshoot_cost": 69.59650031343992, "power_cost": 40.72484310302735, "noise_cost": 28.82099865442414, "n_waypoints_completed": 0, "tot_waypoints": 9}}
{"target": -2599.386104871136, "params": {"k_pid_pos": [8480.66547400486, 2089.335589997908, 7926.424590356587], "k_pid_alt": [3704.0861675519022, 0.0, 10000.0], "k_pid_att": [10000.0, 1001.0449953129166, 0.0], "k_pid_yaw": [0.5, 1e-06, 0.1], "k_pid_hsp": [4606.996876268804, 4020.6730622397818, 6275.847462494341], "k_pid_vsp": [0.0, 10000.0, 10000.0]}, "datetime": {"datetime": "2025-08-08 18:23:46", "elapsed": 5658.411458492279, "delta": 33.89009404182434}, "costs": {"total_cost": 2599.386104871136, "time_cost": 150, "final_distance_cost": 175.971305323973, "oscillation_cost": 792.3674334274241, "completition_cost": 1000.0, "overshoot_cost": 416.7789977365092, "power_cost": 35.76310744628906, "noise_cost": 28.505260936940335, "n_waypoints_completed": 0, "tot_waypoints": 9}}
{"target": -3711.4813754426737, "params": {"k_pid_pos": [7600.51846086945, 3310.957932915437, 3334.8777748579028], "k_pid_alt": [2971.2757580708517, 9519.368180905049, 2096.0635950614615], "k_pid_att": [4109.373404618719, 7228.81908812757, 7798.62486210683], "k_pid_yaw": [0.5, 1e-06, 0.1], "k_pid_hsp": [415.6015410212177, 2323.80500541861, 334.21626494638537], "k_pid_vsp": [4233.4563037060925, 8627.259934205673, 8108.184777803103]}, "datetime": {"datetime": "2025-08-08 18:24:17", "elapsed": 5688.896768093109, "delta": 30.485309600830078}, "costs": {"total_cost": 3711.4813754426737, "time_cost": 150, "final_distance_cost": 501.3127429451111, "oscillation_cost": 805.5492084733439, "completition_cost": 1000.0, "overshoot_cost": 1092.9161838051168, "power_cost": 54.026856042480475, "noise_cost": 107.67638417662128, "n_waypoints_completed": 0, "tot_waypoints": 9}}
{"target": -1447.2336090216202, "params": {"k_pid_pos": [5602.301121308628, 4514.152269183125, 2490.698229141077], "k_pid_alt": [6793.441706348431, 10000.0, 0.0], "k_pid_att": [10000.0, 7349.565207810369, 4405.769206699832], "k_pid_yaw": [0.5, 1e-06, 0.1], "k_pid_hsp": [0.0, 0.0, 0.0], "k_pid_vsp": [1255.5582681214182, 10000.0, 9060.556276899986]}, "datetime": {"datetime": "2025-08-08 18:24:50", "elapsed": 5721.625436067581, "delta": 32.728667974472046}, "costs": {"total_cost": 1447.2336090216202, "time_cost": 150, "final_distance_cost": 10.874955840053898, "oscillation_cost": 0.0, "completition_cost": 1000.0, "overshoot_cost": 166.4099510673916, "power_cost": 29.932059130859376, "noise_cost": 90.01664298331532, "n_waypoints_completed": 0, "tot_waypoints": 9}}
{"target": -1475.050988567079, "params": {"k_pid_pos": [5107.673259650966, 10000.0, 5524.077979143534], "k_pid_alt": [9998.476353844299, 3515.558616167064, 5964.088043559176], "k_pid_att": [8142.6055843212835, 4184.88019474144, 0.0], "k_pid_yaw": [0.5, 1e-06, 0.1], "k_pid_hsp": [4390.435275972925, 3118.0319082775236, 3386.9135734214233], "k_pid_vsp": [4766.981594273098, 3738.4342400429136, 4762.44220730817]}, "datetime": {"datetime": "2025-08-08 18:25:22", "elapsed": 5754.196749448776, "delta": 32.57131338119507}, "costs": {"total_cost": 1475.050988567079, "time_cost": 150, "final_distance_cost": 73.36187319880385, "oscillation_cost": 329.5865708708787, "completition_cost": 777.7777777777778, "overshoot_cost": 76.6153812603611, "power_cost": 39.20318483886719, "noise_cost": 28.50620062039037, "n_waypoints_completed": 2, "tot_waypoints": 9}}
{"target": -8223.481090148955, "params": {"k_pid_pos": [4828.494229285473, 1071.3442086740376, 3396.323063136998], "k_pid_alt": [5982.205544897173, 6423.408103948446, 9314.310513551809], "k_pid_att": [1746.171354293755, 1717.9445363566015, 9152.71824132323], "k_pid_yaw": [0.5, 1e-06, 0.1], "k_pid_hsp": [6004.601218175796, 1881.1348850181264, 4579.325467094291], "k_pid_vsp": [7068.449920752668, 8306.487389240003, 8143.720346702571]}, "datetime": {"datetime": "2025-08-08 18:25:52", "elapsed": 5784.313671350479, "delta": 30.11692190170288}, "costs": {"total_cost": 8223.481090148955, "time_cost": 150, "final_distance_cost": 2028.8281005044923, "oscillation_cost": 23.682714462521627, "completition_cost": 1000.0, "overshoot_cost": 4957.811568402561, "power_cost": 35.35923546142578, "noise_cost": 27.799471317953277, "n_waypoints_completed": 0, "tot_waypoints": 9}}
