{"target": -877.6040307231134, "params": {"k_pid_pos": [10000.0, 7754.691816737393, 7166.536308366741], "k_pid_alt": [4048.858775752456, 0.0, 1035.3457352866242], "k_pid_att": [8967.710237494675, 10000.0, 0.0], "k_pid_yaw": [0.5, 1e-06, 0.1], "k_pid_hsp": [4618.271562467197, 10000.0, 1506.7822838959114], "k_pid_vsp": [10000.0, 4069.9326082839307, 0.0]}, "datetime": {"datetime": "2025-08-09 18:25:45", "elapsed": 92176.62703227997, "delta": 71.0528256893158}, "costs": {"total_cost": 877.6040307231134, "time_cost": 150, "final_distance_cost": 75.4756414859574, "oscillation_cost": 156.9299434022551, "completition_cost": 333.33333333333337, "overshoot_cost": 90.6353972223783, "power_cost": 42.285632641601566, "noise_cost": 28.94408263758766, "n_waypoints_completed": 6, "tot_waypoints": 9}}
{"target": -1442.0054068911522, "params": {"k_pid_pos": [0.0, 4187.3310538222795, 10000.0], "k_pid_alt": [5837.91069746912, 1286.0720536818362, 8223.559786771155], "k_pid_att": [6910.386734111442, 3645.114392634095, 0.0], "k_pid_yaw": [0.5, 1e-06, 0.1], "k_pid_hsp": [57.84406838708373, 6658.2237532656945, 0.0], "k_pid_vsp": [4238.338272451707, 10000.0, 8601.764955159431]}, "datetime": {"datetime": "2025-08-09 18:26:55", "elapsed": 92247.30608987808, "delta": 70.67905759811401}, "costs": {"total_cost": 1442.0054068911522, "time_cost": 150, "final_distance_cost": 79.63017132960881, "oscillation_cost": 266.157167063458, "completition_cost": 777.7777777777778, "overshoot_cost": 94.33780077900887, "power_cost": 44.39741900634766, "noise_cost": 29.705070934950932, "n_waypoints_completed": 2, "tot_waypoints": 9}}
{"target": -1684.217024645829, "params": {"k_pid_pos": [3777.7001542358385, 4345.915469293734, 9882.024286943742], "k_pid_alt": [110.316201009377, 10000.0, 0.0], "k_pid_att": [6256.777010749657, 5842.325020025782, 0.0], "k_pid_yaw": [0.5, 1e-06, 0.1], "k_pid_hsp": [10000.0, 10000.0, 2233.124438949065], "k_pid_vsp": [293.6835893115885, 10000.0, 10000.0]}, "datetime": {"datetime": "2025-08-09 18:28:08", "elapsed": 92319.5879034996, "delta": 72.281813621521}, "costs": {"total_cost": 1684.217024645829, "time_cost": 150, "final_distance_cost": 99.14039967680222, "oscillation_cost": 439.89396579694073, "completition_cost": 777.7777777777778, "overshoot_cost": 150.98339884059627, "power_cost": 37.54413544921875, "noise_cost": 28.877347104493136, "n_waypoints_completed": 2, "tot_waypoints": 9}}
{"target": -1465.5735231802003, "params": {"k_pid_pos": [7549.990522001869, 0.0, 0.0], "k_pid_alt": [3480.698304414435, 4012.6376061755977, 9982.410508060064], "k_pid_att": [7517.567150811134, 0.0, 0.0], "k_pid_yaw": [0.5, 1e-06, 0.1], "k_pid_hsp": [10000.0, 10000.0, 0.0], "k_pid_vsp": [10000.0, 5677.024055267284, 2166.406023165832]}, "datetime": {"datetime": "2025-08-09 18:29:24", "elapsed": 92396.21058726311, "delta": 76.62268376350403}, "costs": {"total_cost": 1465.5735231802003, "time_cost": 150, "final_distance_cost": 54.75363910950738, "oscillation_cost": 144.64555841214224, "completition_cost": 1000.0, "overshoot_cost": 43.12199066546207, "power_cost": 43.77920139160157, "noise_cost": 29.273133601486915, "n_waypoints_completed": 0, "tot_waypoints": 9}}
{"target": -8080.634256632515, "params": {"k_pid_pos": [3006.560908675631, 4744.734442209116, 8215.446154445513], "k_pid_alt": [8029.553111013223, 2022.0595118742701, 2235.5515873289746], "k_pid_att": [7429.603517558921, 8575.512002303933, 4778.2033344759675], "k_pid_yaw": [0.5, 1e-06, 0.1], "k_pid_hsp": [2075.9694848881813, 8743.960294608854, 6254.542860766395], "k_pid_vsp": [6672.839971725779, 4685.59888296371, 5690.962228701149]}, "datetime": {"datetime": "2025-08-09 18:30:02", "elapsed": 92433.54016399384, "delta": 37.32957673072815}, "costs": {"total_cost": 8080.634256632515, "time_cost": 150, "final_distance_cost": 1827.635730407804, "oscillation_cost": 613.9996767927014, "completition_cost": 1000.0, "overshoot_cost": 4307.169684285698, "power_cost": 57.32111756591797, "noise_cost": 124.50804758039298, "n_waypoints_completed": 0, "tot_waypoints": 9}}
{"target": -3653.3423476987123, "params": {"k_pid_pos": [7335.511467013086, 969.947830463973, 885.0210091898169], "k_pid_alt": [9012.855225979414, 2157.6858155969294, 4190.8307206999925], "k_pid_att": [4633.538291971535, 4135.883092141986, 1537.61934998508], "k_pid_yaw": [0.5, 1e-06, 0.1], "k_pid_hsp": [860.3653992803562, 1616.1636678899106, 5084.54702374417], "k_pid_vsp": [5030.9613209473655, 8395.301137890403, 3899.237069907763]}, "datetime": {"datetime": "2025-08-09 18:30:40", "elapsed": 92471.84961676598, "delta": 38.3094527721405}, "costs": {"total_cost": 3653.3423476987123, "time_cost": 150, "final_distance_cost": 651.4318240558206, "oscillation_cost": 125.17313969494806, "completition_cost": 1000.0, "overshoot_cost": 1652.7858469443834, "power_cost": 37.54983055419922, "noise_cost": 36.401706449360994, "n_waypoints_completed": 0, "tot_waypoints": 9}}
{"target": -5322.001764230585, "params": {"k_pid_pos": [8005.381052891236, 721.0075125096405, 4465.023153748345], "k_pid_alt": [5270.748667524866, 7507.533643327087, 3501.4955076132615], "k_pid_att": [8054.616892634114, 8351.856069939877, 6148.201899287882], "k_pid_yaw": [0.5, 1e-06, 0.1], "k_pid_hsp": [180.07609775963164, 5320.088724649006, 818.549209604128], "k_pid_vsp": [5578.183379284752, 3009.6400554297998, 2355.028522108039]}, "datetime": {"datetime": "2025-08-09 18:31:18", "elapsed": 92509.85134148598, "delta": 38.00172472000122}, "costs": {"total_cost": 5322.001764230585, "time_cost": 150, "final_distance_cost": 954.687679250249, "oscillation_cost": 667.948345456108, "completition_cost": 1000.0, "overshoot_cost": 2351.874535712097, "power_cost": 58.57261286621094, "noise_cost": 138.91859094592016, "n_waypoints_completed": 0, "tot_waypoints": 9}}
{"target": -5183.667188608993, "params": {"k_pid_pos": [5196.732418866868, 6550.810167919517, 9531.915698331954], "k_pid_alt": [4159.8806359120745, 3217.101478392029, 2425.9822205426017], "k_pid_att": [7186.0637906016955, 2703.8180002429945, 9150.919808879185], "k_pid_yaw": [0.5, 1e-06, 0.1], "k_pid_hsp": [3588.2378133130333, 8312.765133760453, 106.11261145159645], "k_pid_vsp": [6497.806726693573, 2064.3321717255967, 7911.792385546965]}, "datetime": {"datetime": "2025-08-09 18:31:59", "elapsed": 92551.16778874397, "delta": 41.316447257995605}, "costs": {"total_cost": 5183.667188608993, "time_cost": 150, "final_distance_cost": 1106.7432212432402, "oscillation_cost": 343.6065959555383, "completition_cost": 1000.0, "overshoot_cost": 2475.29426301525, "power_cost": 46.404485754394535, "noise_cost": 61.61862264056891, "n_waypoints_completed": 0, "tot_waypoints": 9}}
{"target": -3793.2397071307114, "params": {"k_pid_pos": [9143.6372891245, 8044.998375154923, 3635.783770081362], "k_pid_alt": [2723.3992495354496, 4952.109556817723, 1026.2200855154836], "k_pid_att": [5196.383969099404, 822.8455961290205, 8375.619745737375], "k_pid_yaw": [0.5, 1e-06, 0.1], "k_pid_hsp": [4121.0346999676085, 8155.372360519944, 1712.2446811997427], "k_pid_vsp": [2281.516244765823, 4375.54606191128, 2896.2221631036323]}, "datetime": {"datetime": "2025-08-09 18:32:38", "elapsed": 92589.90034151077, "delta": 38.73255276679993}, "costs": {"total_cost": 3793.2397071307114, "time_cost": 150, "final_distance_cost": 408.1298601350496, "oscillation_cost": 719.1538619944357, "completition_cost": 1000.0, "overshoot_cost": 1336.8581564605033, "power_cost": 58.484315942382814, "noise_cost": 120.61351259834001, "n_waypoints_completed": 0, "tot_waypoints": 9}}
