{"target": -868.177940025696, "params": {"k_pid_pos": [4582.938318612912, 10000.0, 6960.204301936442], "k_pid_alt": [10000.0, 0.0, 0.0], "k_pid_att": [10000.0, 10000.0, 0.0], "k_pid_yaw": [0.5, 1e-06, 0.1], "k_pid_hsp": [10000.0, 5369.596216095513, 3784.0272885775257], "k_pid_vsp": [3605.012339751683, 0.0, 6141.784547052852]}, "datetime": {"datetime": "2025-08-09 02:49:09", "elapsed": 35980.65137672424, "delta": 41.131556272506714}, "costs": {"total_cost": 868.177940025696, "time_cost": 150, "final_distance_cost": 62.38000437234889, "oscillation_cost": 279.9318933688656, "completition_cost": 222.2222222222222, "overshoot_cost": 84.85516228096829, "power_cost": 39.865801330566406, "noise_cost": 28.922856450724577, "n_waypoints_completed": 7, "tot_waypoints": 9}}
{"target": -1012.1837566244012, "params": {"k_pid_pos": [10000.0, 8985.74264945799, 0.0], "k_pid_alt": [7102.647252015092, 0.0, 3541.5549947586046], "k_pid_att": [10000.0, 2952.339671453906, 0.0], "k_pid_yaw": [0.5, 1e-06, 0.1], "k_pid_hsp": [10000.0, 6460.191993306094, 4657.415833468625], "k_pid_vsp": [4239.132144941931, 2090.712329383667, 10000.0]}, "datetime": {"datetime": "2025-08-09 02:49:48", "elapsed": 36019.86909532547, "delta": 39.21771860122681}, "costs": {"total_cost": 1012.1837566244012, "time_cost": 150, "final_distance_cost": 86.0647799680768, "oscillation_cost": 276.49118266183586, "completition_cost": 333.33333333333337, "overshoot_cost": 95.65425297548843, "power_cost": 41.364242907714846, "noise_cost": 29.275964777951966, "n_waypoints_completed": 6, "tot_waypoints": 9}}
{"target": -1671.574028749341, "params": {"k_pid_pos": [1072.6821636111063, 9725.378771703035, 0.0], "k_pid_alt": [0.0, 0.0, 882.556040551852], "k_pid_att": [8507.931742535957, 3281.635306172199, 0.0], "k_pid_yaw": [0.5, 1e-06, 0.1], "k_pid_hsp": [4865.634465895904, 4776.093998402776, 0.0], "k_pid_vsp": [7687.08594709743, 0.0, 3793.3192541353574]}, "datetime": {"datetime": "2025-08-09 02:50:29", "elapsed": 36061.12226033211, "delta": 41.25316500663757}, "costs": {"total_cost": 1671.574028749341, "time_cost": 150, "final_distance_cost": 17.419481242006896, "oscillation_cost": 170.12699144750493, "completition_cost": 1000.0, "overshoot_cost": 168.95551310526153, "power_cost": 43.43558529052734, "noise_cost": 121.63645766404031, "n_waypoints_completed": 0, "tot_waypoints": 9}}
{"target": -2781.7908720802902, "params": {"k_pid_pos": [6077.727640472706, 6586.266775336943, 7235.3379727042575], "k_pid_alt": [2971.1777880678646, 2646.4174910893867, 9611.157706569058], "k_pid_att": [5627.283690123599, 6989.984703973495, 2155.5132617697727], "k_pid_yaw": [0.5, 1e-06, 0.1], "k_pid_hsp": [6583.735443583296, 7872.042734601431, 2689.856386983177], "k_pid_vsp": [2071.2109588330795, 2803.858423534754, 8507.225711504361]}, "datetime": {"datetime": "2025-08-09 02:51:02", "elapsed": 36093.61249470711, "delta": 32.490234375}, "costs": {"total_cost": 2781.7908720802902, "time_cost": 150, "final_distance_cost": 358.6354706058405, "oscillation_cost": 92.56820876361348, "completition_cost": 1000.0, "overshoot_cost": 1116.5985565958847, "power_cost": 36.09094108886719, "noise_cost": 27.89769502608425, "n_waypoints_completed": 0, "tot_waypoints": 9}}
{"target": -5843.585316515975, "params": {"k_pid_pos": [7795.227111752648, 7053.7989766907185, 4955.4441469299745], "k_pid_alt": [2061.2312710854562, 3641.6432790302256, 4077.2717122813274], "k_pid_att": [5288.456789911687, 1093.5884750156222, 8429.440313177167], "k_pid_yaw": [0.5, 1e-06, 0.1], "k_pid_hsp": [7489.460073306695, 4997.169242330265, 8963.153554427565], "k_pid_vsp": [6000.374295430374, 8806.479904198191, 3734.3351573359564]}, "datetime": {"datetime": "2025-08-09 02:51:34", "elapsed": 36125.5873067379, "delta": 31.974812030792236}, "costs": {"total_cost": 5843.585316515975, "time_cost": 150, "final_distance_cost": 1090.214736589812, "oscillation_cost": 772.6897344984151, "completition_cost": 1000.0, "overshoot_cost": 2648.242779497989, "power_cost": 58.55283464355469, "noise_cost": 123.88523128620398, "n_waypoints_completed": 0, "tot_waypoints": 9}}
{"target": -13136.746766134143, "params": {"k_pid_pos": [9396.224332048316, 6471.176356785078, 5057.254442381421], "k_pid_alt": [7446.37385411965, 971.1400827489691, 7802.572843819603], "k_pid_att": [2718.346772001653, 5832.429233610641, 8504.295954809608], "k_pid_yaw": [0.5, 1e-06, 0.1], "k_pid_hsp": [2535.402826956659, 4073.4417751035026, 2444.571954768189], "k_pid_vsp": [1325.6712235897128, 2919.496329139044, 3310.438608211763]}, "datetime": {"datetime": "2025-08-09 02:52:06", "elapsed": 36157.98707962036, "delta": 32.39977288246155}, "costs": {"total_cost": 13136.746766134143, "time_cost": 150, "final_distance_cost": 4320.222554330605, "oscillation_cost": 1241.4377987472087, "completition_cost": 1000.0, "overshoot_cost": 6264.747043821612, "power_cost": 53.02700361328125, "noise_cost": 107.31236562143486, "n_waypoints_completed": 0, "tot_waypoints": 9}}
{"target": -6247.296048175128, "params": {"k_pid_pos": [8020.5445589488645, 2119.2556387619475, 698.6826189343498], "k_pid_alt": [8742.611665734576, 7397.437891106985, 5717.432075209889], "k_pid_att": [9587.38554282975, 1612.7424366360187, 5933.2293241587095], "k_pid_yaw": [0.5, 1e-06, 0.1], "k_pid_hsp": [5713.526341842366, 6790.42166487235, 3227.623227824402], "k_pid_vsp": [4901.350128232381, 9455.252450113698, 3675.0263990830313]}, "datetime": {"datetime": "2025-08-09 02:52:38", "elapsed": 36189.93384242058, "delta": 31.946762800216675}, "costs": {"total_cost": 6247.296048175128, "time_cost": 150, "final_distance_cost": 1239.698856825583, "oscillation_cost": 817.8276370136758, "completition_cost": 1000.0, "overshoot_cost": 2840.285945497238, "power_cost": 58.643942578125, "noise_cost": 140.83966626050685, "n_waypoints_completed": 0, "tot_waypoints": 9}}
{"target": -2367.5981830918313, "params": {"k_pid_pos": [3429.5602732140032, 5201.765936776316, 10000.0], "k_pid_alt": [4342.807610952572, 10000.0, 10000.0], "k_pid_att": [5353.597667186282, 3769.284798053757, 0.0], "k_pid_yaw": [0.5, 1e-06, 0.1], "k_pid_hsp": [3088.17706340212, 8216.81517476104, 5722.428176538328], "k_pid_vsp": [3986.437011635406, 0.0, 10000.0]}, "datetime": {"datetime": "2025-08-09 02:53:19", "elapsed": 36230.536326408386, "delta": 40.60248398780823}, "costs": {"total_cost": 2367.5981830918313, "time_cost": 150, "final_distance_cost": 109.05766552162333, "oscillation_cost": 754.2890724934095, "completition_cost": 1000.0, "overshoot_cost": 289.99172408997873, "power_cost": 35.887171081542974, "noise_cost": 28.372549905277275, "n_waypoints_completed": 0, "tot_waypoints": 9}}
{"target": -2896.0631860225926, "params": {"k_pid_pos": [7897.127225375794, 5906.378039003847, 5260.7189972871465], "k_pid_alt": [6676.709807716295, 10000.0, 5470.297298523495], "k_pid_att": [10000.0, 9860.666897337715, 3528.572507230599], "k_pid_yaw": [0.5, 1e-06, 0.1], "k_pid_hsp": [6944.619200336042, 0.0, 0.0], "k_pid_vsp": [0.0, 6165.4515936713215, 7378.998433933305]}, "datetime": {"datetime": "2025-08-09 02:54:00", "elapsed": 36272.46921873093, "delta": 41.93289232254028}, "costs": {"total_cost": 2896.0631860225926, "time_cost": 150, "final_distance_cost": 156.8666201621252, "oscillation_cost": 430.43457009832304, "completition_cost": 1000.0, "overshoot_cost": 1020.4030587679179, "power_cost": 52.26112960205079, "noise_cost": 86.09780739217547, "n_waypoints_completed": 0, "tot_waypoints": 9}}
{"target": -2375.7592273471423, "params": {"k_pid_pos": [5510.565014482692, 7770.073968447858, 5771.99188796007], "k_pid_alt": [0.0, 1336.4985124689422, 4358.496605279622], "k_pid_att": [10000.0, 9225.063294750793, 3595.4076136418726], "k_pid_yaw": [0.5, 1e-06, 0.1], "k_pid_hsp": [10000.0, 3462.6675060435136, 1132.1647369581965], "k_pid_vsp": [6588.7633934458945, 0.0, 6529.264529455051]}, "datetime": {"datetime": "2025-08-09 02:54:41", "elapsed": 36313.29659032822, "delta": 40.82737159729004}, "costs": {"total_cost": 2375.7592273471423, "time_cost": 150, "final_distance_cost": 278.3139934072296, "oscillation_cost": 76.73504565703726, "completition_cost": 1000.0, "overshoot_cost": 806.9922969879343, "power_cost": 35.87102957763672, "noise_cost": 27.846861717304215, "n_waypoints_completed": 0, "tot_waypoints": 9}}
{"target": -947.9107345552009, "params": {"k_pid_pos": [10000.0, 8131.0631542508145, 0.0], "k_pid_alt": [6258.847041769946, 0.0, 10000.0], "k_pid_att": [7572.983278018665, 0.0, 0.0], "k_pid_yaw": [0.5, 1e-06, 0.1], "k_pid_hsp": [10000.0, 7871.078360108444, 7993.023229852249], "k_pid_vsp": [6324.793358400524, 10000.0, 2639.2631730467006]}, "datetime": {"datetime": "2025-08-09 02:55:23", "elapsed": 36355.28332734108, "delta": 41.98673701286316}, "costs": {"total_cost": 947.9107345552009, "time_cost": 150, "final_distance_cost": 71.09067846118978, "oscillation_cost": 341.1176579018421, "completition_cost": 222.2222222222222, "overshoot_cost": 95.31657824987704, "power_cost": 39.617552563476565, "noise_cost": 28.546045156593177, "n_waypoints_completed": 7, "tot_waypoints": 9}}
{"target": -1459.8647203397556, "params": {"k_pid_pos": [10000.0, 6795.8173040159945, 3503.6258457183353], "k_pid_alt": [2463.3838144355173, 4712.170019991234, 8973.854304207785], "k_pid_att": [6178.597916574923, 1706.6688959615708, 0.0], "k_pid_yaw": [0.5, 1e-06, 0.1], "k_pid_hsp": [8404.435967711841, 10000.0, 3193.2017830161312], "k_pid_vsp": [7692.862041036893, 5595.744191929346, 4520.963970065611]}, "datetime": {"datetime": "2025-08-09 02:56:04", "elapsed": 36395.606176137924, "delta": 40.32284879684448}, "costs": {"total_cost": 1459.8647203397556, "time_cost": 150, "final_distance_cost": 72.4778875417999, "oscillation_cost": 197.44247558420398, "completition_cost": 888.8888888888888, "overshoot_cost": 79.38024830639321, "power_cost": 42.59894616699219, "noise_cost": 29.076273851477733, "n_waypoints_completed": 1, "tot_waypoints": 9}}
{"target": -1640.604984645458, "params": {"k_pid_pos": [2725.9340867926953, 5727.341223439953, 0.0], "k_pid_alt": [4709.997289681854, 5412.689887707079, 0.0], "k_pid_att": [10000.0, 6474.862957185016, 0.0], "k_pid_yaw": [0.5, 1e-06, 0.1], "k_pid_hsp": [3829.15146974902, 3680.6332312343948, 0.0], "k_pid_vsp": [2994.2272516774324, 0.0, 0.0]}, "datetime": {"datetime": "2025-08-09 02:56:43", "elapsed": 36435.51712536812, "delta": 39.91094923019409}, "costs": {"total_cost": 1640.604984645458, "time_cost": 150, "final_distance_cost": 33.666431937171055, "oscillation_cost": 320.0706958152388, "completition_cost": 1000.0, "overshoot_cost": 66.69423566705484, "power_cost": 41.23079608154297, "noise_cost": 28.942825144450413, "n_waypoints_completed": 0, "tot_waypoints": 9}}
{"target": -2137.856674607544, "params": {"k_pid_pos": [4498.883153866717, 4265.979330965767, 10000.0], "k_pid_alt": [9017.493658108406, 8821.668301325151, 10000.0], "k_pid_att": [9951.426935947107, 10000.0, 0.0], "k_pid_yaw": [0.5, 1e-06, 0.1], "k_pid_hsp": [9837.686155495021, 6717.689602280625, 8957.120793581575], "k_pid_vsp": [6592.417895651364, 9217.215167733872, 2957.703169126535]}, "datetime": {"datetime": "2025-08-09 02:57:24", "elapsed": 36476.4222509861, "delta": 40.90512561798096}, "costs": {"total_cost": 2137.856674607544, "time_cost": 150, "final_distance_cost": 60.89515167535122, "oscillation_cost": 867.3352982707104, "completition_cost": 888.8888888888888, "overshoot_cost": 106.85203400445849, "power_cost": 35.973670178222655, "noise_cost": 27.911631589912837, "n_waypoints_completed": 1, "tot_waypoints": 9}}
{"target": -609.127518861876, "params": {"k_pid_pos": [7481.634053858538, 3802.4798124170457, 0.0], "k_pid_alt": [4696.988165148546, 0.0, 10000.0], "k_pid_att": [5801.109654042501, 0.0, 0.0], "k_pid_yaw": [0.5, 1e-06, 0.1], "k_pid_hsp": [6280.17824475294, 4603.33353914453, 3768.1206074886677], "k_pid_vsp": [2373.785253886417, 10000.0, 6756.254058274078]}, "datetime": {"datetime": "2025-08-09 02:58:04", "elapsed": 36515.81035876274, "delta": 39.388107776641846}, "costs": {"total_cost": 609.127518861876, "time_cost": 117.656, "final_distance_cost": 1.7656800204890593, "oscillation_cost": 322.81955500711035, "completition_cost": 0.0, "overshoot_cost": 98.29825140199716, "power_cost": 39.51709912109375, "noise_cost": 29.070933311185602, "n_waypoints_completed": 9, "tot_waypoints": 9}}
{"target": -7001.742405347666, "params": {"k_pid_pos": [8661.327988203919, 724.2748047575276, 5854.247741724586], "k_pid_alt": [1333.0288167845995, 9070.675749301774, 9414.389270638483], "k_pid_att": [2892.242997736146, 8164.5219706327225, 9396.43970099144], "k_pid_yaw": [0.5, 1e-06, 0.1], "k_pid_hsp": [7866.682667489266, 3465.6546743213335, 4562.663465957777], "k_pid_vsp": [8574.693452672955, 3645.7010393273126, 9279.446289324665]}, "datetime": {"datetime": "2025-08-09 02:58:36", "elapsed": 36547.7775785923, "delta": 31.967219829559326}, "costs": {"total_cost": 7001.742405347666, "time_cost": 150, "final_distance_cost": 1777.1429781497773, "oscillation_cost": 956.9812686305116, "completition_cost": 1000.0, "overshoot_cost": 2952.7475994717493, "power_cost": 54.4407083984375, "noise_cost": 110.42985069719019, "n_waypoints_completed": 0, "tot_waypoints": 9}}
{"target": -9342.33622008561, "params": {"k_pid_pos": [2091.002105011258, 4603.209474695581, 4117.8500257316555], "k_pid_alt": [9648.040155745643, 6112.380569391355, 9328.030145632247], "k_pid_att": [7284.890033816797, 5405.579160910319, 8637.712522603018], "k_pid_yaw": [0.5, 1e-06, 0.1], "k_pid_hsp": [393.16168256250614, 1351.4284673200827, 5389.252138374982], "k_pid_vsp": [4204.237454502303, 9545.67736200463, 8702.698075640292]}, "datetime": {"datetime": "2025-08-09 02:59:08", "elapsed": 36579.66412806511, "delta": 31.886549472808838}, "costs": {"total_cost": 9342.33622008561, "time_cost": 150, "final_distance_cost": 2971.9501129574032, "oscillation_cost": 1122.7210629055473, "completition_cost": 1000.0, "overshoot_cost": 3943.5728564454507, "power_cost": 52.240918566894536, "noise_cost": 101.85126921031386, "n_waypoints_completed": 0, "tot_waypoints": 9}}
{"target": -6221.617899633545, "params": {"k_pid_pos": [9960.507141369584, 4935.39555304167, 6950.788767974394], "k_pid_alt": [3613.255156771081, 9087.759471519734, 2114.7464706921514], "k_pid_att": [4281.799992394647, 5968.914782842066, 6865.550311262181], "k_pid_yaw": [0.5, 1e-06, 0.1], "k_pid_hsp": [8213.416722616685, 5684.707180292514, 5746.924810073234], "k_pid_vsp": [3481.1630402738792, 9303.639189618838, 8261.778718909207]}, "datetime": {"datetime": "2025-08-09 02:59:40", "elapsed": 36612.434579610825, "delta": 32.77045154571533}, "costs": {"total_cost": 6221.617899633545, "time_cost": 150, "final_distance_cost": 1608.581734635422, "oscillation_cost": 944.3172029254968, "completition_cost": 1000.0, "overshoot_cost": 2380.5771998950618, "power_cost": 50.209607470703126, "noise_cost": 87.9321547068608, "n_waypoints_completed": 0, "tot_waypoints": 9}}
{"target": -8775.334312878647, "params": {"k_pid_pos": [5605.639356939763, 8282.05437277155, 878.7513716653539], "k_pid_alt": [1736.2697750888667, 2152.202957686421, 82.97903522880733], "k_pid_att": [1121.722878276017, 500.4987728934984, 5202.777167595422], "k_pid_yaw": [0.5, 1e-06, 0.1], "k_pid_hsp": [3596.1051475741256, 5837.121233962906, 9599.802663609906], "k_pid_vsp": [4603.461388107609, 7472.486821090256, 5510.046491038437]}, "datetime": {"datetime": "2025-08-09 03:00:13", "elapsed": 36644.766102313995, "delta": 32.331522703170776}, "costs": {"total_cost": 8775.334312878647, "time_cost": 150, "final_distance_cost": 2037.7095180325666, "oscillation_cost": 766.7293321144789, "completition_cost": 1000.0, "overshoot_cost": 4642.835198257263, "power_cost": 58.484315942382814, "noise_cost": 119.57594853195339, "n_waypoints_completed": 0, "tot_waypoints": 9}}
{"target": -6135.466391895691, "params": {"k_pid_pos": [3676.0467820750364, 2840.9827883107787, 787.768174014194], "k_pid_alt": [6234.411587812114, 9344.584399994346, 7686.009833075634], "k_pid_att": [9367.900548630061, 4330.170728981281, 7623.462600568864], "k_pid_yaw": [0.5, 1e-06, 0.1], "k_pid_hsp": [9896.378779370427, 2351.848549882748, 114.5919125326622], "k_pid_vsp": [3908.9270308845926, 3473.694874351192, 357.1466688927194]}, "datetime": {"datetime": "2025-08-09 03:00:45", "elapsed": 36676.620911836624, "delta": 31.854809522628784}, "costs": {"total_cost": 6135.466391895691, "time_cost": 150, "final_distance_cost": 869.2639796657788, "oscillation_cost": 679.4909083943093, "completition_cost": 1000.0, "overshoot_cost": 3239.5062842510197, "power_cost": 58.56998406982422, "noise_cost": 138.6352355147588, "n_waypoints_completed": 0, "tot_waypoints": 9}}
{"target": -1573.9913042939927, "params": {"k_pid_pos": [10000.0, 6359.4534615700395, 7823.255637822502], "k_pid_alt": [5104.456247380127, 7575.7052756264, 0.0], "k_pid_att": [5473.000429117039, 6770.665052536849, 0.0], "k_pid_yaw": [0.5, 1e-06, 0.1], "k_pid_hsp": [7743.673222240053, 10000.0, 5656.40480732248], "k_pid_vsp": [2786.7003818094145, 8147.607245207122, 10000.0]}, "datetime": {"datetime": "2025-08-09 03:01:24", "elapsed": 36716.503525972366, "delta": 39.88261413574219}, "costs": {"total_cost": 1573.9913042939927, "time_cost": 150, "final_distance_cost": 48.81721385724762, "oscillation_cost": 232.3617236770574, "completition_cost": 1000.0, "overshoot_cost": 72.49835020371998, "power_cost": 41.15231094970704, "noise_cost": 29.16170560626042, "n_waypoints_completed": 0, "tot_waypoints": 9}}
{"target": -4773.917451073462, "params": {"k_pid_pos": [7238.715659714922, 9714.245943383703, 3659.37558300095], "k_pid_alt": [9234.080925893646, 9724.128790414925, 2285.260262958454], "k_pid_att": [4868.76875564093, 3858.781229062329, 2313.8824841220408], "k_pid_yaw": [0.5, 1e-06, 0.1], "k_pid_hsp": [7750.93238077411, 7777.317819752438, 9003.324023978652], "k_pid_vsp": [5957.168590138137, 4947.7497995116555, 2695.539268412768]}, "datetime": {"datetime": "2025-08-09 03:01:57", "elapsed": 36748.7088162899, "delta": 32.2052903175354}, "costs": {"total_cost": 4773.917451073462, "time_cost": 150, "final_distance_cost": 427.81965633444025, "oscillation_cost": 515.9982912721314, "completition_cost": 1000.0, "overshoot_cost": 2535.1558248472593, "power_cost": 53.6785685913086, "noise_cost": 91.26511002832305, "n_waypoints_completed": 0, "tot_waypoints": 9}}
{"target": -2925.1013868185582, "params": {"k_pid_pos": [1374.1474067617376, 3105.584813910309, 9505.644338147193], "k_pid_alt": [4756.039441686463, 7352.531099598075, 9268.329000657268], "k_pid_att": [8784.743918829896, 7611.03170013259, 3835.917557368541], "k_pid_yaw": [0.5, 1e-06, 0.1], "k_pid_hsp": [6999.880262623518, 167.7793006949413, 3843.55231810696], "k_pid_vsp": [7500.938937855596, 5787.156494592855, 4613.001485410336]}, "datetime": {"datetime": "2025-08-09 03:02:30", "elapsed": 36781.898305654526, "delta": 33.18948936462402}, "costs": {"total_cost": 2925.1013868185582, "time_cost": 150, "final_distance_cost": 535.8349915335627, "oscillation_cost": 194.8347373527528, "completition_cost": 1000.0, "overshoot_cost": 955.5322364603776, "power_cost": 42.41383825683594, "noise_cost": 46.48558321502915, "n_waypoints_completed": 0, "tot_waypoints": 9}}
{"target": -1780.3794294760526, "params": {"k_pid_pos": [3341.177083581947, 0.0, 5656.460592521114], "k_pid_alt": [1333.2156604012803, 469.8948292263566, 5771.207729614225], "k_pid_att": [6224.725027785126, 4584.491667385101, 0.0], "k_pid_yaw": [0.5, 1e-06, 0.1], "k_pid_hsp": [1519.6083797377003, 10000.0, 2301.3583774985373], "k_pid_vsp": [5406.288571297253, 2530.1682500330135, 7022.893811043764]}, "datetime": {"datetime": "2025-08-09 03:03:12", "elapsed": 36823.64036488533, "delta": 41.74205923080444}, "costs": {"total_cost": 1780.3794294760526, "time_cost": 150, "final_distance_cost": 54.354197056636316, "oscillation_cost": 773.2313865155921, "completition_cost": 666.6666666666667, "overshoot_cost": 71.22780747509621, "power_cost": 36.74795487060547, "noise_cost": 28.151416891455646, "n_waypoints_completed": 3, "tot_waypoints": 9}}
{"target": -4019.6763577369034, "params": {"k_pid_pos": [7449.032669420175, 5343.903567541802, 6703.835188984418], "k_pid_alt": [1391.0224484832115, 10000.0, 10000.0], "k_pid_att": [10000.0, 8102.291774154668, 3049.0608333132036], "k_pid_yaw": [0.5, 1e-06, 0.1], "k_pid_hsp": [0.0, 6228.754930896276, 958.4384853906233], "k_pid_vsp": [10000.0, 3576.0450834083313, 10000.0]}, "datetime": {"datetime": "2025-08-09 03:03:52", "elapsed": 36864.50369262695, "delta": 40.863327741622925}, "costs": {"total_cost": 4019.6763577369034, "time_cost": 150, "final_distance_cost": 807.1585983125871, "oscillation_cost": 75.24209506065324, "completition_cost": 1000.0, "overshoot_cost": 1924.5442331717172, "power_cost": 35.035642321777345, "noise_cost": 27.69578887016858, "n_waypoints_completed": 0, "tot_waypoints": 9}}
{"target": -8721.94767733599, "params": {"k_pid_pos": [8470.957819925576, 7561.05446060654, 6713.867323807638], "k_pid_alt": [9561.893805147149, 6676.211632554183, 5599.468789265265], "k_pid_att": [5098.078574281365, 1462.4871649502525, 6275.168033955039], "k_pid_yaw": [0.5, 1e-06, 0.1], "k_pid_hsp": [3314.810017978618, 8464.91344478239, 5907.004425285276], "k_pid_vsp": [6316.2301514735655, 1673.9603911681545, 5490.0789329651725]}, "datetime": {"datetime": "2025-08-09 03:04:25", "elapsed": 36896.667432785034, "delta": 32.163740158081055}, "costs": {"total_cost": 8721.94767733599, "time_cost": 150, "final_distance_cost": 2353.2487244069553, "oscillation_cost": 693.9221012542913, "completition_cost": 1000.0, "overshoot_cost": 4334.177421206381, "power_cost": 57.946724328613286, "noise_cost": 132.65270613975008, "n_waypoints_completed": 0, "tot_waypoints": 9}}
