{"target": -1447.2336090216202, "params": {"k_pid_pos": [10000.0, 0.0, 6288.184796819798], "k_pid_alt": [7229.446638060827, 10000.0, 6814.033317281553], "k_pid_att": [10000.0, 5315.0347905350445, 8710.370604907652], "k_pid_yaw": [0.5, 1e-06, 0.1], "k_pid_hsp": [0.0, 0.0, 0.0], "k_pid_vsp": [0.0, 1752.0534154619736, 10000.0]}, "datetime": {"datetime": "2025-08-08 17:04:42", "elapsed": 913.8341543674469, "delta": 32.576276779174805}, "costs": {"total_cost": 1447.2336090216202, "time_cost": 150, "final_distance_cost": 10.874955840053898, "oscillation_cost": 0.0, "completition_cost": 1000.0, "overshoot_cost": 166.4099510673916, "power_cost": 29.932059130859376, "noise_cost": 90.01664298331532, "n_waypoints_completed": 0, "tot_waypoints": 9}}
{"target": -11684.99687063048, "params": {"k_pid_pos": [6207.703740967428, 2207.6047094343785, 8936.86068281355], "k_pid_alt": [7322.272568797473, 7944.102584061472, 8924.148797591048], "k_pid_att": [3697.22557438395, 4034.578781416881, 7728.299666420391], "k_pid_yaw": [0.5, 1e-06, 0.1], "k_pid_hsp": [1629.2239456614732, 1230.960626354859, 8109.506366054361], "k_pid_vsp": [3026.798718215864, 9323.056576594252, 2730.2368537488373]}, "datetime": {"datetime": "2025-08-08 17:05:16", "elapsed": 947.5684838294983, "delta": 33.73432946205139}, "costs": {"total_cost": 11684.99687063048, "time_cost": 150, "final_distance_cost": 3835.1099307864665, "oscillation_cost": 821.272869892577, "completition_cost": 1000.0, "overshoot_cost": 5678.884226659632, "power_cost": 58.65615258789063, "noise_cost": 141.07369070391283, "n_waypoints_completed": 0, "tot_waypoints": 9}}
{"target": -4706.179536709704, "params": {"k_pid_pos": [1789.655333096879, 4051.195498491458, 2838.1797764912685], "k_pid_alt": [8171.369767420711, 3122.114346790107, 483.84309000449434], "k_pid_att": [9026.802084951383, 6709.517954439789, 8393.198560394265], "k_pid_yaw": [0.5, 1e-06, 0.1], "k_pid_hsp": [5349.441947467191, 9369.412835784493, 2069.2310968512993], "k_pid_vsp": [7600.558121804653, 3571.4912623131736, 9128.759116918047]}, "datetime": {"datetime": "2025-08-08 17:05:46", "elapsed": 978.080703496933, "delta": 30.512219667434692}, "costs": {"total_cost": 4706.179536709704, "time_cost": 150, "final_distance_cost": 816.4191028792934, "oscillation_cost": 411.18060185561296, "completition_cost": 1000.0, "overshoot_cost": 2188.8909892386732, "power_cost": 50.25504505615235, "noise_cost": 89.43379767997219, "n_waypoints_completed": 0, "tot_waypoints": 9}}
{"target": -1447.2336090216202, "params": {"k_pid_pos": [10000.0, 0.0, 2889.772172651934], "k_pid_alt": [5586.0313998580195, 10000.0, 4505.843490244926], "k_pid_att": [10000.0, 10000.0, 5228.75769482257], "k_pid_yaw": [0.5, 1e-06, 0.1], "k_pid_hsp": [0.0, 0.0, 0.0], "k_pid_vsp": [0.0, 3080.7571955822514, 10000.0]}, "datetime": {"datetime": "2025-08-08 17:06:18", "elapsed": 1010.4636964797974, "delta": 32.38299298286438}, "costs": {"total_cost": 1447.2336090216202, "time_cost": 150, "final_distance_cost": 10.874955840053898, "oscillation_cost": 0.0, "completition_cost": 1000.0, "overshoot_cost": 166.4099510673916, "power_cost": 29.932059130859376, "noise_cost": 90.01664298331532, "n_waypoints_completed": 0, "tot_waypoints": 9}}
{"target": -1447.2336090216202, "params": {"k_pid_pos": [10000.0, 0.0, 4610.840731460989], "k_pid_alt": [6459.35777787659, 10000.0, 5581.730107476644], "k_pid_att": [10000.0, 4018.8668380684476, 1431.8602546033576], "k_pid_yaw": [0.5, 1e-06, 0.1], "k_pid_hsp": [0.0, 0.0, 0.0], "k_pid_vsp": [0.0, 1991.020782158415, 10000.0]}, "datetime": {"datetime": "2025-08-08 17:06:51", "elapsed": 1042.7257332801819, "delta": 32.26203680038452}, "costs": {"total_cost": 1447.2336090216202, "time_cost": 150, "final_distance_cost": 10.874955840053898, "oscillation_cost": 0.0, "completition_cost": 1000.0, "overshoot_cost": 166.4099510673916, "power_cost": 29.932059130859376, "noise_cost": 90.01664298331532, "n_waypoints_completed": 0, "tot_waypoints": 9}}
{"target": -2916.222368806762, "params": {"k_pid_pos": [3142.0672277193507, 3266.4598407261824, 7750.580295776014], "k_pid_alt": [9079.368776967296, 6513.977062582725, 6977.150049709812], "k_pid_att": [8594.359745614278, 7711.754903783357, 6224.267938990057], "k_pid_yaw": [0.5, 1e-06, 0.1], "k_pid_hsp": [1941.3910378879928, 3768.270564267491, 1979.683234311812], "k_pid_vsp": [5304.053106036335, 3458.6607922720145, 7371.920851624064]}, "datetime": {"datetime": "2025-08-08 17:07:22", "elapsed": 1073.6613955497742, "delta": 30.935662269592285}, "costs": {"total_cost": 2916.222368806762, "time_cost": 150, "final_distance_cost": 225.40534211828898, "oscillation_cost": 493.2275503853486, "completition_cost": 1000.0, "overshoot_cost": 909.4619581023555, "power_cost": 50.53554859619141, "noise_cost": 87.59196960457737, "n_waypoints_completed": 0, "tot_waypoints": 9}}
{"target": -19204.15498816221, "params": {"k_pid_pos": [4133.184575522071, 2887.2883887110956, 9568.654456369371], "k_pid_alt": [8589.458892225713, 708.2052141984562, 4652.045645711363], "k_pid_att": [1494.3937128695118, 9914.81526205579, 7607.18565138359], "k_pid_yaw": [0.5, 1e-06, 0.1], "k_pid_hsp": [9903.074068661288, 5340.938807613123, 7074.980784583185], "k_pid_vsp": [2145.5900764706803, 8030.155662746775, 9388.425996429416]}, "datetime": {"datetime": "2025-08-08 17:07:52", "elapsed": 1104.2654819488525, "delta": 30.60408639907837}, "costs": {"total_cost": 19204.15498816221, "time_cost": 150, "final_distance_cost": 5182.966805116787, "oscillation_cost": 1610.809509020687, "completition_cost": 1000.0, "overshoot_cost": 11082.67404710304, "power_cost": 54.37319205322266, "noise_cost": 123.3314348684676, "n_waypoints_completed": 0, "tot_waypoints": 9}}
{"target": -2781.935150021673, "params": {"k_pid_pos": [10000.0, 0.0, 4445.5548369689795], "k_pid_alt": [7143.685746920534, 10000.0, 4837.788075804244], "k_pid_att": [10000.0, 6440.171971840086, 4513.95576236573], "k_pid_yaw": [0.5, 1e-06, 0.1], "k_pid_hsp": [0.0, 814.7819691852796, 0.0], "k_pid_vsp": [8989.873711657407, 723.2831790994179, 10000.0]}, "datetime": {"datetime": "2025-08-08 17:08:24", "elapsed": 1136.2563290596008, "delta": 31.99084711074829}, "costs": {"total_cost": 2781.935150021673, "time_cost": 150, "final_distance_cost": 252.3158302171794, "oscillation_cost": 399.8444183687968, "completition_cost": 1000.0, "overshoot_cost": 860.4964614464446, "power_cost": 49.66742003173828, "noise_cost": 69.61101995751352, "n_waypoints_completed": 0, "tot_waypoints": 9}}
{"target": -2006.381705513446, "params": {"k_pid_pos": [8203.05458218883, 8964.871817750767, 9313.219533722084], "k_pid_alt": [7578.39098045188, 272.5509575698004, 6422.43497395385], "k_pid_att": [5400.30181562857, 3112.5902048305297, 1032.7816368234467], "k_pid_yaw": [0.5, 1e-06, 0.1], "k_pid_hsp": [1524.9517631710762, 8196.052532458962, 3292.835439058497], "k_pid_vsp": [5213.795355386954, 5819.725353295735, 3148.299790562481]}, "datetime": {"datetime": "2025-08-08 17:08:55", "elapsed": 1166.850255727768, "delta": 30.593926668167114}, "costs": {"total_cost": 2006.381705513446, "time_cost": 150, "final_distance_cost": 121.3067339771628, "oscillation_cost": 191.88439653042485, "completition_cost": 1000.0, "overshoot_cost": 447.2570131665852, "power_cost": 42.38609010009766, "noise_cost": 53.547471739175194, "n_waypoints_completed": 0, "tot_waypoints": 9}}
{"target": -1537.7494812390626, "params": {"k_pid_pos": [6547.920098698988, 6646.370915059318, 10000.0], "k_pid_alt": [10000.0, 2796.4852093420227, 7692.163537533385], "k_pid_att": [8809.870697030192, 4692.97813926218, 1877.1127088445912], "k_pid_yaw": [0.5, 1e-06, 0.1], "k_pid_hsp": [0.0, 7863.815886723392, 74.64985124223767], "k_pid_vsp": [8629.974419413566, 0.0, 5529.30168166314]}, "datetime": {"datetime": "2025-08-08 17:09:27", "elapsed": 1198.8995294570923, "delta": 32.04927372932434}, "costs": {"total_cost": 1537.7494812390626, "time_cost": 150, "final_distance_cost": 18.308022740597217, "oscillation_cost": 148.59810151854677, "completition_cost": 1000.0, "overshoot_cost": 141.28448981548513, "power_cost": 41.068474926757816, "noise_cost": 38.49039223767562, "n_waypoints_completed": 0, "tot_waypoints": 9}}
{"target": -1504.5446802978438, "params": {"k_pid_pos": [10000.0, 7757.3763619142255, 8091.286877915477], "k_pid_alt": [9382.325369812093, 5048.015227491311, 4062.818803893765], "k_pid_att": [10000.0, 618.7869176327149, 555.6390035867931], "k_pid_yaw": [0.5, 1e-06, 0.1], "k_pid_hsp": [0.0, 5720.71329496405, 0.0], "k_pid_vsp": [3684.2526886271717, 1587.62736024743, 8833.287856836725]}, "datetime": {"datetime": "2025-08-08 17:10:00", "elapsed": 1232.062494277954, "delta": 33.162964820861816}, "costs": {"total_cost": 1504.5446802978438, "time_cost": 150, "final_distance_cost": 87.30417215626836, "oscillation_cost": 91.9167867518554, "completition_cost": 1000.0, "overshoot_cost": 108.89423149633262, "power_cost": 38.077125024414066, "noise_cost": 28.352364868973282, "n_waypoints_completed": 0, "tot_waypoints": 9}}
{"target": -1441.8344570129982, "params": {"k_pid_pos": [10000.0, 10000.0, 10000.0], "k_pid_alt": [10000.0, 0.0, 9695.730553480844], "k_pid_att": [6040.309603362701, 0.0, 0.0], "k_pid_yaw": [0.5, 1e-06, 0.1], "k_pid_hsp": [0.0, 10000.0, 0.0], "k_pid_vsp": [2950.117489293594, 0.0, 5338.611654645318]}, "datetime": {"datetime": "2025-08-08 17:10:32", "elapsed": 1264.4537177085876, "delta": 32.391223430633545}, "costs": {"total_cost": 1441.8344570129982, "time_cost": 150, "final_distance_cost": 60.529068278336176, "oscillation_cost": 143.94897255359848, "completition_cost": 888.8888888888888, "overshoot_cost": 124.42680019826871, "power_cost": 44.04875076904297, "noise_cost": 29.991976324863067, "n_waypoints_completed": 1, "tot_waypoints": 9}}
{"target": -783.3887148438446, "params": {"k_pid_pos": [10000.0, 10000.0, 10000.0], "k_pid_alt": [10000.0, 0.0, 4494.4696104626755], "k_pid_att": [10000.0, 0.0, 0.0], "k_pid_yaw": [0.5, 1e-06, 0.1], "k_pid_hsp": [0.0, 4737.6613799388215, 375.51830748767094], "k_pid_vsp": [6193.199912591883, 0.0, 476.1587936139047]}, "datetime": {"datetime": "2025-08-08 17:11:05", "elapsed": 1297.0245323181152, "delta": 32.57081460952759}, "costs": {"total_cost": 783.3887148438446, "time_cost": 150, "final_distance_cost": 85.35091809120367, "oscillation_cost": 177.1749460077724, "completition_cost": 222.2222222222222, "overshoot_cost": 78.48986672141058, "power_cost": 41.43047019042969, "noise_cost": 28.720291610806107, "n_waypoints_completed": 7, "tot_waypoints": 9}}
{"target": -2483.2514676426067, "params": {"k_pid_pos": [10000.0, 10000.0, 10000.0], "k_pid_alt": [10000.0, 0.0, 4063.3473864920097], "k_pid_att": [10000.0, 0.0, 0.0], "k_pid_yaw": [0.5, 1e-06, 0.1], "k_pid_hsp": [0.0, 10000.0, 6035.952209868257], "k_pid_vsp": [8356.196192067766, 0.0, 5584.256589497874]}, "datetime": {"datetime": "2025-08-08 17:11:37", "elapsed": 1329.3504903316498, "delta": 32.325958013534546}, "costs": {"total_cost": 2483.2514676426067, "time_cost": 150, "final_distance_cost": 163.23822910688358, "oscillation_cost": 737.6623883832996, "completition_cost": 1000.0, "overshoot_cost": 369.3448832022557, "power_cost": 35.3127115234375, "noise_cost": 27.693255426729845, "n_waypoints_completed": 0, "tot_waypoints": 9}}
{"target": -19000.728068717355, "params": {"k_pid_pos": [1519.2377398795409, 3318.6355182484317, 4382.299022275736], "k_pid_alt": [1419.6357429693996, 9341.13516068448, 5090.594350611518], "k_pid_att": [1985.5369255873857, 8377.575477040067, 2425.6283697136437], "k_pid_yaw": [0.5, 1e-06, 0.1], "k_pid_hsp": [1214.959238537483, 8796.90427921033, 4124.204154233333], "k_pid_vsp": [7406.3488154005545, 8922.147303845735, 1755.0818066989536]}, "datetime": {"datetime": "2025-08-08 17:12:07", "elapsed": 1359.342791557312, "delta": 29.99230122566223}, "costs": {"total_cost": 19000.728068717355, "time_cost": 150, "final_distance_cost": 4112.798823047175, "oscillation_cost": 1708.4194018491812, "completition_cost": 1000.0, "overshoot_cost": 11826.172453269472, "power_cost": 58.6680173828125, "noise_cost": 144.66937316871207, "n_waypoints_completed": 0, "tot_waypoints": 9}}
{"target": -7137.137799368869, "params": {"k_pid_pos": [4564.434576289404, 10000.0, 9125.676291510264], "k_pid_alt": [10000.0, 0.0, 5227.9985996876], "k_pid_att": [10000.0, 0.0, 7628.473566665689], "k_pid_yaw": [0.5, 1e-06, 0.1], "k_pid_hsp": [0.0, 6136.003433578759, 0.0], "k_pid_vsp": [3998.2660270253937, 0.0, 3705.470582798525]}, "datetime": {"datetime": "2025-08-08 17:12:40", "elapsed": 1392.3270471096039, "delta": 32.98425555229187}, "costs": {"total_cost": 7137.137799368869, "time_cost": 150, "final_distance_cost": 1839.455980025823, "oscillation_cost": 23.450250975399452, "completition_cost": 1000.0, "overshoot_cost": 4061.1520206191385, "power_cost": 35.290735595703126, "noise_cost": 27.78881215280444, "n_waypoints_completed": 0, "tot_waypoints": 9}}
{"target": -1989.2341276793911, "params": {"k_pid_pos": [10000.0, 10000.0, 10000.0], "k_pid_alt": [10000.0, 1418.958038882138, 7735.068136970991], "k_pid_att": [2722.8673843316624, 1712.698547678465, 0.0], "k_pid_yaw": [0.5, 1e-06, 0.1], "k_pid_hsp": [0.0, 2457.841993945878, 1546.9175167839226], "k_pid_vsp": [9322.771095713166, 0.0, 4850.453260004788]}, "datetime": {"datetime": "2025-08-08 17:13:12", "elapsed": 1424.2141332626343, "delta": 31.887086153030396}, "costs": {"total_cost": 1989.2341276793911, "time_cost": 150, "final_distance_cost": 117.14523969887111, "oscillation_cost": 790.8315295929111, "completition_cost": 777.7777777777778, "overshoot_cost": 89.51280928953993, "power_cost": 36.207508752441406, "noise_cost": 27.75926256784996, "n_waypoints_completed": 2, "tot_waypoints": 9}}
{"target": -1303.5301983631416, "params": {"k_pid_pos": [10000.0, 10000.0, 10000.0], "k_pid_alt": [10000.0, 5679.5874372590715, 9042.30722159648], "k_pid_att": [10000.0, 3114.5041455035393, 0.0], "k_pid_yaw": [0.5, 1e-06, 0.1], "k_pid_hsp": [6441.376976809384, 6222.47626042396, 401.90252833246916], "k_pid_vsp": [6718.464421990594, 0.0, 2026.0535400898427]}, "datetime": {"datetime": "2025-08-08 17:13:44", "elapsed": 1456.1092283725739, "delta": 31.895095109939575}, "costs": {"total_cost": 1303.5301983631416, "time_cost": 150, "final_distance_cost": 91.16676492155207, "oscillation_cost": 154.4282137088624, "completition_cost": 777.7777777777778, "overshoot_cost": 58.98860026252951, "power_cost": 42.199517822265626, "noise_cost": 28.969323870154383, "n_waypoints_completed": 2, "tot_waypoints": 9}}
{"target": -5568.828849150755, "params": {"k_pid_pos": [1058.2813719746875, 965.6961111855721, 6326.45535726618], "k_pid_alt": [685.5101393027752, 528.7274424913857, 8785.67304546538], "k_pid_att": [8152.654256946438, 8141.254238618775, 1618.853468046938], "k_pid_yaw": [0.5, 1e-06, 0.1], "k_pid_hsp": [8267.485151331464, 1235.8105593004987, 8141.372470030051], "k_pid_vsp": [6024.991050818741, 5851.2402409215365, 9491.286697667525]}, "datetime": {"datetime": "2025-08-08 17:14:14", "elapsed": 1485.8001401424408, "delta": 29.690911769866943}, "costs": {"total_cost": 5568.828849150755, "time_cost": 150, "final_distance_cost": 1382.1410905176751, "oscillation_cost": 98.87759554857584, "completition_cost": 1000.0, "overshoot_cost": 2874.8162713273914, "power_cost": 35.24367263183594, "noise_cost": 27.750219125276875, "n_waypoints_completed": 0, "tot_waypoints": 9}}
{"target": -12116.279508682805, "params": {"k_pid_pos": [9710.996746641516, 2352.438380670191, 1651.3283665848521], "k_pid_alt": [3407.393650248736, 2393.414521915528, 10.828349803592152], "k_pid_att": [7200.4508409828795, 1755.4960826698673, 6845.59055030288], "k_pid_yaw": [0.5, 1e-06, 0.1], "k_pid_hsp": [1599.2359799673873, 4609.084708426861, 5287.605541044104], "k_pid_vsp": [9766.094525235485, 7045.758462270553, 7315.694239641538]}, "datetime": {"datetime": "2025-08-08 17:14:44", "elapsed": 1515.7947072982788, "delta": 29.994567155838013}, "costs": {"total_cost": 12116.279508682805, "time_cost": 150, "final_distance_cost": 3489.520690548366, "oscillation_cost": 733.7892912689306, "completition_cost": 1000.0, "overshoot_cost": 6545.965419680564, "power_cost": 58.67620952148438, "noise_cost": 138.32789766346102, "n_waypoints_completed": 0, "tot_waypoints": 9}}
{"target": -2076.766585216443, "params": {"k_pid_pos": [10000.0, 10000.0, 10000.0], "k_pid_alt": [10000.0, 0.0, 9825.899501851527], "k_pid_att": [9147.181041277643, 8319.347859618358, 0.0], "k_pid_yaw": [0.5, 1e-06, 0.1], "k_pid_hsp": [0.0, 5678.020243369048, 3542.778936634199], "k_pid_vsp": [4732.44150280603, 0.0, 762.364038996586]}, "datetime": {"datetime": "2025-08-08 17:15:16", "elapsed": 1547.6312308311462, "delta": 31.83652353286743}, "costs": {"total_cost": 2076.766585216443, "time_cost": 150, "final_distance_cost": 119.93159504062632, "oscillation_cost": 875.9292953651659, "completition_cost": 777.7777777777778, "overshoot_cost": 89.1467793629568, "power_cost": 36.23054326171875, "noise_cost": 27.75059440819758, "n_waypoints_completed": 2, "tot_waypoints": 9}}
{"target": -1463.7209042231127, "params": {"k_pid_pos": [10000.0, 10000.0, 10000.0], "k_pid_alt": [10000.0, 6028.090104257413, 3541.332115443718], "k_pid_att": [5610.929364777468, 3883.631586814037, 0.0], "k_pid_yaw": [0.5, 1e-06, 0.1], "k_pid_hsp": [0.0, 9606.788311534985, 0.0], "k_pid_vsp": [4406.3444574993855, 0.0, 746.2771667895481]}, "datetime": {"datetime": "2025-08-08 17:15:48", "elapsed": 1580.201111316681, "delta": 32.56988048553467}, "costs": {"total_cost": 1463.7209042231127, "time_cost": 150, "final_distance_cost": 41.80190877514716, "oscillation_cost": 141.8187356954478, "completition_cost": 1000.0, "overshoot_cost": 54.755004565099256, "power_cost": 45.659044885253905, "noise_cost": 29.68621030216476, "n_waypoints_completed": 0, "tot_waypoints": 9}}
{"target": -4868.1325384925785, "params": {"k_pid_pos": [9532.382560501937, 464.08450411990043, 8603.216922056561], "k_pid_alt": [859.0087468823349, 2823.240678658502, 8151.818283888737], "k_pid_att": [5392.9989658671375, 4681.255592384677, 5914.477862346295], "k_pid_yaw": [0.5, 1e-06, 0.1], "k_pid_hsp": [8336.943722622747, 515.0534764178194, 8308.326911222663], "k_pid_vsp": [78.39676192422318, 7417.054773837348, 8454.865129836611]}, "datetime": {"datetime": "2025-08-08 17:16:19", "elapsed": 1611.3390307426453, "delta": 31.137919425964355}, "costs": {"total_cost": 4868.1325384925785, "time_cost": 150, "final_distance_cost": 446.7520267858613, "oscillation_cost": 510.74906813719457, "completition_cost": 1000.0, "overshoot_cost": 2607.9052071150654, "power_cost": 52.74822108154297, "noise_cost": 99.97801537291326, "n_waypoints_completed": 0, "tot_waypoints": 9}}
{"target": -5934.792632183101, "params": {"k_pid_pos": [1016.9675995192384, 7388.396754581936, 4256.800576910603], "k_pid_alt": [5403.679362442373, 2956.5226896823115, 1252.5276883546367], "k_pid_att": [8558.623384164517, 8921.334328288047, 8569.990318733677], "k_pid_yaw": [0.5, 1e-06, 0.1], "k_pid_hsp": [7577.2794179603, 4965.5708565332525, 7129.36042839345], "k_pid_vsp": [456.0488431905063, 7038.664592695995, 4534.060128157582]}, "datetime": {"datetime": "2025-08-08 17:16:49", "elapsed": 1641.0610449314117, "delta": 29.72201418876648}, "costs": {"total_cost": 5934.792632183101, "time_cost": 150, "final_distance_cost": 1548.1335180134458, "oscillation_cost": 521.5425260983861, "completition_cost": 1000.0, "overshoot_cost": 2561.5709850559174, "power_cost": 52.20291260986328, "noise_cost": 101.3426904054884, "n_waypoints_completed": 0, "tot_waypoints": 9}}
{"target": -1689.068714288334, "params": {"k_pid_pos": [10000.0, 10000.0, 10000.0], "k_pid_alt": [10000.0, 6396.287487880538, 2863.4718298779544], "k_pid_att": [10000.0, 7761.182279244356, 0.0], "k_pid_yaw": [0.5, 1e-06, 0.1], "k_pid_hsp": [1256.9080525598752, 1215.1224658007575, 0.0], "k_pid_vsp": [7276.8509100179535, 0.0, 4638.93730156024]}, "datetime": {"datetime": "2025-08-08 17:17:21", "elapsed": 1673.475563287735, "delta": 32.41451835632324}, "costs": {"total_cost": 1689.068714288334, "time_cost": 150, "final_distance_cost": 98.68168549888051, "oscillation_cost": 515.8782756192691, "completition_cost": 777.7777777777778, "overshoot_cost": 78.46742916845506, "power_cost": 39.603167529296876, "noise_cost": 28.66037869465466, "n_waypoints_completed": 2, "tot_waypoints": 9}}
{"target": -1362.459044768556, "params": {"k_pid_pos": [10000.0, 10000.0, 10000.0], "k_pid_alt": [2557.7336710974814, 3821.4617790890748, 8772.375469340619], "k_pid_att": [10000.0, 2392.6436128006953, 0.0], "k_pid_yaw": [0.5, 1e-06, 0.1], "k_pid_hsp": [0.0, 5001.004753887912, 0.0], "k_pid_vsp": [5140.25064573529, 0.0, 3567.355989691031]}, "datetime": {"datetime": "2025-08-08 17:17:53", "elapsed": 1705.1128368377686, "delta": 31.63727355003357}, "costs": {"total_cost": 1362.459044768556, "time_cost": 150, "final_distance_cost": 89.50112476344316, "oscillation_cost": 153.822425658567, "completition_cost": 777.7777777777778, "overshoot_cost": 117.16164394330578, "power_cost": 44.73212197265625, "noise_cost": 29.46395065280609, "n_waypoints_completed": 2, "tot_waypoints": 9}}
{"target": -19673.88926615243, "params": {"k_pid_pos": [6953.583555065412, 1356.5312642400784, 4860.1094159478735], "k_pid_alt": [1663.2675015942234, 5774.855710818999, 8142.988974344739], "k_pid_att": [2536.8264851508125, 7763.320913525833, 7059.520969944279], "k_pid_yaw": [0.5, 1e-06, 0.1], "k_pid_hsp": [3589.6508191919775, 27.84487506591993, 6009.998095379504], "k_pid_vsp": [9122.40547058831, 3597.1874150695216, 6371.768007788743]}, "datetime": {"datetime": "2025-08-08 17:18:22", "elapsed": 1734.4403011798859, "delta": 29.32746434211731}, "costs": {"total_cost": 19673.88926615243, "time_cost": 150, "final_distance_cost": 4342.633748051592, "oscillation_cost": 1565.731842461357, "completition_cost": 1000.0, "overshoot_cost": 12412.743818568262, "power_cost": 58.65562138671875, "noise_cost": 144.12423568449995, "n_waypoints_completed": 0, "tot_waypoints": 9}}
