{"target": -1598.0372711017721, "params": {"k_pid_pos": [0.0, 7619.26055215283, 0.0], "k_pid_alt": [10000.0, 3079.091972878219, 0.0], "k_pid_att": [5709.181724441743, 4256.239264845037, 0.0], "k_pid_yaw": [0.5, 1e-06, 0.1], "k_pid_hsp": [7957.985698807027, 0.0, 5565.598397204519], "k_pid_vsp": [9226.792235315448, 5821.180051194189, 429.7178432499268]}, "datetime": {"datetime": "2025-08-09 02:34:02", "elapsed": 35073.62030553818, "delta": 39.608577489852905}, "costs": {"total_cost": 1598.0372711017721, "time_cost": 150, "final_distance_cost": 56.336076883041784, "oscillation_cost": 256.9695602850689, "completition_cost": 1000.0, "overshoot_cost": 66.64042416804647, "power_cost": 39.5780996459961, "noise_cost": 28.51311011961884, "n_waypoints_completed": 0, "tot_waypoints": 9}}
{"target": -10617.267927216652, "params": {"k_pid_pos": [5999.541570565669, 7111.642856697586, 3067.468998428321], "k_pid_alt": [9092.740434497226, 2372.786798801032, 2716.19847021043], "k_pid_att": [6357.219713347226, 1241.8362483180822, 7093.146080487357], "k_pid_yaw": [0.5, 1e-06, 0.1], "k_pid_hsp": [1786.7244184475794, 9591.954150994276, 793.639595193989], "k_pid_vsp": [5623.818899674336, 7490.45019076072, 30.185167430022418]}, "datetime": {"datetime": "2025-08-09 02:34:33", "elapsed": 35105.30159115791, "delta": 31.681285619735718}, "costs": {"total_cost": 10617.267927216652, "time_cost": 150, "final_distance_cost": 2123.034610175116, "oscillation_cost": 739.9112039473443, "completition_cost": 1000.0, "overshoot_cost": 6407.4533064676225, "power_cost": 58.65683806152344, "noise_cost": 138.2119685650468, "n_waypoints_completed": 0, "tot_waypoints": 9}}
{"target": -1545.3833736819813, "params": {"k_pid_pos": [501.58596799119715, 8374.738151153511, 6884.711436260746], "k_pid_alt": [3440.220909220769, 804.9030090050435, 6150.280216136216], "k_pid_att": [7432.862410030066, 7673.470466924293, 994.7305325384625], "k_pid_yaw": [0.5, 1e-06, 0.1], "k_pid_hsp": [4276.800225135865, 8029.935557934985, 6689.902429508773], "k_pid_vsp": [9726.993049263578, 8271.714634098515, 7491.287102937]}, "datetime": {"datetime": "2025-08-09 02:35:05", "elapsed": 35137.068256378174, "delta": 31.76666522026062}, "costs": {"total_cost": 1545.3833736819813, "time_cost": 150, "final_distance_cost": 111.22585114755098, "oscillation_cost": 117.27673489647495, "completition_cost": 888.8888888888888, "overshoot_cost": 214.60702918357802, "power_cost": 35.573437915039065, "noise_cost": 27.811431650449464, "n_waypoints_completed": 1, "tot_waypoints": 9}}
{"target": -8101.725273086812, "params": {"k_pid_pos": [1629.0214043656126, 3135.073971149113, 1759.968553641239], "k_pid_alt": [9260.419208252275, 5189.8154731463965, 2902.247234990748], "k_pid_att": [6092.229727285761, 2510.244923883266, 5805.966581426566], "k_pid_yaw": [0.5, 1e-06, 0.1], "k_pid_hsp": [3246.666635793408, 7664.200677790699, 7002.106887766009], "k_pid_vsp": [5804.699791850406, 1973.7640193812301, 8452.246122731412]}, "datetime": {"datetime": "2025-08-09 02:35:37", "elapsed": 35169.0987739563, "delta": 32.030517578125}, "costs": {"total_cost": 8101.725273086812, "time_cost": 150, "final_distance_cost": 2624.0298736882614, "oscillation_cost": 370.6841109822329, "completition_cost": 1000.0, "overshoot_cost": 3846.736684200041, "power_cost": 46.828196411132815, "noise_cost": 63.44640780514389, "n_waypoints_completed": 0, "tot_waypoints": 9}}
{"target": -1504.882561933042, "params": {"k_pid_pos": [6467.56444333698, 10000.0, 7804.010004315816], "k_pid_alt": [970.0693232971779, 10000.0, 0.0], "k_pid_att": [5495.238570312111, 3669.8067745005915, 0.0], "k_pid_yaw": [0.5, 1e-06, 0.1], "k_pid_hsp": [6988.280970256525, 10000.0, 4637.368971310251], "k_pid_vsp": [4804.975068744748, 4324.213742778951, 10000.0]}, "datetime": {"datetime": "2025-08-09 02:36:16", "elapsed": 35207.569474220276, "delta": 38.47070026397705}, "costs": {"total_cost": 1504.882561933042, "time_cost": 150, "final_distance_cost": 77.99332284914344, "oscillation_cost": 233.3231882371185, "completition_cost": 888.8888888888888, "overshoot_cost": 84.33762327421132, "power_cost": 41.158265136718754, "noise_cost": 29.18127354696132, "n_waypoints_completed": 1, "tot_waypoints": 9}}
{"target": -1470.7422847198, "params": {"k_pid_pos": [8116.08398337134, 10000.0, 10000.0], "k_pid_alt": [4176.184076013539, 3129.341232388221, 1117.866322581554], "k_pid_att": [10000.0, 4310.831443880141, 0.0], "k_pid_yaw": [0.5, 1e-06, 0.1], "k_pid_hsp": [0.0, 2573.197632873816, 0.0], "k_pid_vsp": [3423.7886263742707, 7721.42535999312, 5862.987863472881]}, "datetime": {"datetime": "2025-08-09 02:36:55", "elapsed": 35247.30186843872, "delta": 39.732394218444824}, "costs": {"total_cost": 1470.7422847198, "time_cost": 150, "final_distance_cost": 51.230403537277574, "oscillation_cost": 144.8541981263791, "completition_cost": 1000.0, "overshoot_cost": 49.771556256180304, "power_cost": 45.280051550292974, "noise_cost": 29.606075249670145, "n_waypoints_completed": 0, "tot_waypoints": 9}}
{"target": -913.090182662084, "params": {"k_pid_pos": [8488.71343149335, 10000.0, 8979.033478877916], "k_pid_alt": [5998.147278173871, 0.0, 0.0], "k_pid_att": [8890.82768657172, 6425.960461900132, 0.0], "k_pid_yaw": [0.5, 1e-06, 0.1], "k_pid_hsp": [10000.0, 10000.0, 3823.1304408469423], "k_pid_vsp": [4891.650526389293, 4920.635551227227, 10000.0]}, "datetime": {"datetime": "2025-08-09 02:37:35", "elapsed": 35286.77606630325, "delta": 39.47419786453247}, "costs": {"total_cost": 913.090182662084, "time_cost": 150, "final_distance_cost": 75.7202287982168, "oscillation_cost": 202.44958316024017, "completition_cost": 333.33333333333337, "overshoot_cost": 81.1149265920491, "power_cost": 41.56497591552735, "noise_cost": 28.90713486271721, "n_waypoints_completed": 6, "tot_waypoints": 9}}
{"target": -1646.269429863206, "params": {"k_pid_pos": [3443.2502619991083, 3063.4848706864304, 2483.513661914662], "k_pid_alt": [10000.0, 9792.164339465906, 9850.112240604309], "k_pid_att": [10000.0, 10000.0, 0.0], "k_pid_yaw": [0.5, 1e-06, 0.1], "k_pid_hsp": [8372.048688088795, 0.0, 3520.2269944114446], "k_pid_vsp": [4707.981122528675, 8594.517783960868, 10000.0]}, "datetime": {"datetime": "2025-08-09 02:38:14", "elapsed": 35326.44493031502, "delta": 39.668864011764526}, "costs": {"total_cost": 1646.269429863206, "time_cost": 150, "final_distance_cost": 77.11317320119394, "oscillation_cost": 387.70702472360176, "completition_cost": 888.8888888888888, "overshoot_cost": 74.98553693768861, "power_cost": 39.04178314208985, "noise_cost": 28.533022969743225, "n_waypoints_completed": 1, "tot_waypoints": 9}}
{"target": -8169.332526873237, "params": {"k_pid_pos": [1966.1637663717447, 4380.816789488452, 896.683248659087], "k_pid_alt": [1669.4549374271528, 4003.382986397004, 2758.4313821535834], "k_pid_att": [2386.654160478968, 4170.015470540172, 4153.076483891512], "k_pid_yaw": [0.5, 1e-06, 0.1], "k_pid_hsp": [1575.4237693768214, 4411.144722519095, 2362.3771573945287], "k_pid_vsp": [8155.010636258339, 5477.345980289882, 4866.532839952214]}, "datetime": {"datetime": "2025-08-09 02:38:46", "elapsed": 35357.89799165726, "delta": 31.45306134223938}, "costs": {"total_cost": 8169.332526873237, "time_cost": 150, "final_distance_cost": 825.8758863802692, "oscillation_cost": 1244.3757723027131, "completition_cost": 1000.0, "overshoot_cost": 4747.265992584534, "power_cost": 58.58762895507813, "noise_cost": 143.22724665064257, "n_waypoints_completed": 0, "tot_waypoints": 9}}
{"target": -3619.3882736284777, "params": {"k_pid_pos": [3036.7597627587106, 3596.43341923195, 8069.126823912791], "k_pid_alt": [9423.390329924478, 8139.730351816506, 8845.36991793019], "k_pid_att": [6887.984253355816, 3263.892559635818, 2208.9339572762233], "k_pid_yaw": [0.5, 1e-06, 0.1], "k_pid_hsp": [5975.138137164936, 8891.096998908311, 6817.259313130509], "k_pid_vsp": [2750.406718301368, 8375.591287664418, 4206.666298871979]}, "datetime": {"datetime": "2025-08-09 02:39:18", "elapsed": 35390.09500861168, "delta": 32.197016954422}, "costs": {"total_cost": 3619.3882736284777, "time_cost": 150, "final_distance_cost": 508.93638970677466, "oscillation_cost": 323.2010538017166, "completition_cost": 1000.0, "overshoot_cost": 1536.2120570416364, "power_cost": 45.56914484863282, "noise_cost": 55.46962822971745, "n_waypoints_completed": 0, "tot_waypoints": 9}}
{"target": -946.2648640451846, "params": {"k_pid_pos": [4475.91597509148, 10000.0, 10000.0], "k_pid_alt": [4985.803384015207, 0.0, 7919.724634297737], "k_pid_att": [10000.0, 3098.481587328701, 0.0], "k_pid_yaw": [0.5, 1e-06, 0.1], "k_pid_hsp": [10000.0, 10000.0, 6953.191811482956], "k_pid_vsp": [6311.885010322587, 6130.672749596199, 9177.90684821757]}, "datetime": {"datetime": "2025-08-09 02:39:57", "elapsed": 35429.16731572151, "delta": 39.072307109832764}, "costs": {"total_cost": 946.2648640451846, "time_cost": 150, "final_distance_cost": 79.4152088741195, "oscillation_cost": 340.90220387495253, "completition_cost": 222.2222222222222, "overshoot_cost": 85.95777493806261, "power_cost": 39.2956807006836, "noise_cost": 28.471773435144186, "n_waypoints_completed": 7, "tot_waypoints": 9}}
{"target": -3118.4808793726356, "params": {"k_pid_pos": [1824.251438871668, 8730.479104123227, 3026.9101032608182], "k_pid_alt": [3673.728387579195, 3355.43676273957, 1200.9666011738395], "k_pid_att": [9728.824212548367, 8737.428082767332, 7187.571250079419], "k_pid_yaw": [0.5, 1e-06, 0.1], "k_pid_hsp": [4301.430519018339, 1579.206504180306, 1642.7177229296562], "k_pid_vsp": [4918.100114875663, 727.230127987919, 4636.633147809437]}, "datetime": {"datetime": "2025-08-09 02:40:29", "elapsed": 35461.310591220856, "delta": 32.14327549934387}, "costs": {"total_cost": 3118.4808793726356, "time_cost": 150, "final_distance_cost": 251.49759967841788, "oscillation_cost": 560.6226173011233, "completition_cost": 1000.0, "overshoot_cost": 985.6167914124733, "power_cost": 55.53472092285156, "noise_cost": 115.20915005776921, "n_waypoints_completed": 0, "tot_waypoints": 9}}
{"target": -11946.849617728534, "params": {"k_pid_pos": [811.4515044097781, 3912.3762311496625, 4753.178491399538], "k_pid_alt": [467.27569048146677, 979.0292582364846, 848.7851807504065], "k_pid_att": [813.3844246293498, 9946.396963587908, 5760.201293950339], "k_pid_yaw": [0.5, 1e-06, 0.1], "k_pid_hsp": [3701.233649565523, 9140.242089449745, 3179.3005673357065], "k_pid_vsp": [5179.349735224704, 9290.503790108567, 2823.5834531812798]}, "datetime": {"datetime": "2025-08-09 02:41:02", "elapsed": 35493.822472810745, "delta": 32.511881589889526}, "costs": {"total_cost": 11946.849617728534, "time_cost": 150, "final_distance_cost": 3710.2573623087014, "oscillation_cost": 1570.0693184009378, "completition_cost": 1000.0, "overshoot_cost": 5314.922986236312, "power_cost": 58.665041406250005, "noise_cost": 142.93490937633342, "n_waypoints_completed": 0, "tot_waypoints": 9}}
{"target": -2194.326192289966, "params": {"k_pid_pos": [5438.33091358132, 2980.7636103474465, 6819.2144934424905], "k_pid_alt": [8814.63510598367, 6830.773958832296, 3569.430111366416], "k_pid_att": [2372.296479937703, 6183.8696418067675, 673.2721866373248], "k_pid_yaw": [0.5, 1e-06, 0.1], "k_pid_hsp": [4189.5362704156905, 8853.284418395622, 3732.650735779053], "k_pid_vsp": [3493.083086315386, 2988.806104053122, 9310.900456500947]}, "datetime": {"datetime": "2025-08-09 02:41:34", "elapsed": 35525.669171094894, "delta": 31.84669828414917}, "costs": {"total_cost": 2194.326192289966, "time_cost": 150, "final_distance_cost": 153.8212094902273, "oscillation_cost": 448.45517788605974, "completition_cost": 1000.0, "overshoot_cost": 294.25765201112455, "power_cost": 53.600863684082036, "noise_cost": 94.19128921847242, "n_waypoints_completed": 0, "tot_waypoints": 9}}
{"target": -16674.30672276605, "params": {"k_pid_pos": [9351.813103947952, 8723.045927081072, 48.701615142591194], "k_pid_alt": [4501.369483100312, 2851.2503400108913, 4718.884915394037], "k_pid_att": [872.4938840804886, 6084.3777056833815, 3031.541065945249], "k_pid_yaw": [0.5, 1e-06, 0.1], "k_pid_hsp": [2319.22838257161, 954.1194938244236, 768.3127971838177], "k_pid_vsp": [9960.766884564231, 4996.299905612359, 5678.0823865237835]}, "datetime": {"datetime": "2025-08-09 02:42:06", "elapsed": 35557.66385793686, "delta": 31.99468684196472}, "costs": {"total_cost": 16674.30672276605, "time_cost": 150, "final_distance_cost": 4711.5857806851145, "oscillation_cost": 1707.6713334115577, "completition_cost": 1000.0, "overshoot_cost": 8907.123318451804, "power_cost": 58.48391339111328, "noise_cost": 139.44237682646417, "n_waypoints_completed": 0, "tot_waypoints": 9}}
{"target": -5016.661626996296, "params": {"k_pid_pos": [3709.762520928664, 4657.483501176248, 9172.63407762675], "k_pid_alt": [10000.0, 3829.925790203766, 3789.92624251936], "k_pid_att": [5750.477110912386, 7519.721717796546, 0.0], "k_pid_yaw": [0.5, 1e-06, 0.1], "k_pid_hsp": [606.8496566351884, 10000.0, 1264.7650896652237], "k_pid_vsp": [252.1400401990693, 829.5562771650801, 10000.0]}, "datetime": {"datetime": "2025-08-09 02:42:44", "elapsed": 35596.03942799568, "delta": 38.37557005882263}, "costs": {"total_cost": 5016.661626996296, "time_cost": 150, "final_distance_cost": 1106.1888446208377, "oscillation_cost": 406.9081826875615, "completition_cost": 1000.0, "overshoot_cost": 2280.2575345800055, "power_cost": 43.16991710205078, "noise_cost": 30.137148005840096, "n_waypoints_completed": 0, "tot_waypoints": 9}}
{"target": -8918.347907242325, "params": {"k_pid_pos": [5990.006023179812, 9020.857107817528, 6437.865877924951], "k_pid_alt": [4024.9162851192045, 8122.396621273983, 8923.206367886429], "k_pid_att": [3786.661350049414, 6526.062297000795, 9465.819700810163], "k_pid_yaw": [0.5, 1e-06, 0.1], "k_pid_hsp": [2141.0864947417417, 8634.844088408885, 8222.413458038269], "k_pid_vsp": [505.23081893244836, 4601.845560941721, 9755.853356790241]}, "datetime": {"datetime": "2025-08-09 02:43:16", "elapsed": 35628.11757183075, "delta": 32.07814383506775}, "costs": {"total_cost": 8918.347907242325, "time_cost": 150, "final_distance_cost": 1691.433273072075, "oscillation_cost": 929.5125121647565, "completition_cost": 1000.0, "overshoot_cost": 4996.095131309849, "power_cost": 52.15769364013672, "noise_cost": 99.14929705550767, "n_waypoints_completed": 0, "tot_waypoints": 9}}
{"target": -5536.829055042512, "params": {"k_pid_pos": [2814.975378279838, 6361.989626066858, 2075.6458565066437], "k_pid_alt": [2715.9347981398264, 7780.282724978112, 6916.299815316994], "k_pid_att": [4.895242865909921, 4367.9783966324285, 8190.942849854787], "k_pid_yaw": [0.5, 1e-06, 0.1], "k_pid_hsp": [1010.5027429523872, 5337.856305357442, 6013.614557380625], "k_pid_vsp": [1282.8387247029027, 1406.3459359143915, 7684.345123630244]}, "datetime": {"datetime": "2025-08-09 02:43:48", "elapsed": 35659.89520263672, "delta": 31.77763080596924}, "costs": {"total_cost": 5536.829055042512, "time_cost": 150, "final_distance_cost": 1092.1443733435026, "oscillation_cost": 670.0701350552849, "completition_cost": 1000.0, "overshoot_cost": 2465.777490610925, "power_cost": 52.93697626953125, "noise_cost": 105.90007976326754, "n_waypoints_completed": 0, "tot_waypoints": 9}}
{"target": -1553.194701335566, "params": {"k_pid_pos": [0.0, 10000.0, 4943.08585706796], "k_pid_alt": [8279.827334934553, 3190.988928149535, 0.0], "k_pid_att": [4765.1240309458, 6153.475044327606, 0.0], "k_pid_yaw": [0.5, 1e-06, 0.1], "k_pid_hsp": [5967.873096966685, 4681.879428394285, 3163.79705732254], "k_pid_vsp": [5385.317764307545, 5191.33020055792, 3480.5518771507964]}, "datetime": {"datetime": "2025-08-09 02:44:28", "elapsed": 35700.2807264328, "delta": 40.38552379608154}, "costs": {"total_cost": 1553.194701335566, "time_cost": 150, "final_distance_cost": 71.05886883391356, "oscillation_cost": 297.68066920146896, "completition_cost": 888.8888888888888, "overshoot_cost": 75.88382117402658, "power_cost": 40.869803466796874, "noise_cost": 28.81264977047119, "n_waypoints_completed": 1, "tot_waypoints": 9}}
{"target": -3653.1209797820193, "params": {"k_pid_pos": [2090.1698674806657, 4119.021687585084, 1057.23767859369], "k_pid_alt": [7491.218190073555, 2585.587322122186, 3891.1694714176538], "k_pid_att": [6184.090883901135, 8551.85416377745, 134.0334891638073], "k_pid_yaw": [0.5, 1e-06, 0.1], "k_pid_hsp": [13.011706692193092, 6429.398972567362, 4321.401652050026], "k_pid_vsp": [3398.5836865567962, 6555.874954407623, 6968.666833045568]}, "datetime": {"datetime": "2025-08-09 02:45:00", "elapsed": 35732.50545048714, "delta": 32.22472405433655}, "costs": {"total_cost": 3653.1209797820193, "time_cost": 150, "final_distance_cost": 586.5189972316143, "oscillation_cost": 603.6053819564795, "completition_cost": 1000.0, "overshoot_cost": 1249.6145770003081, "power_cost": 35.455184924316406, "noise_cost": 27.9268386693011, "n_waypoints_completed": 0, "tot_waypoints": 9}}
{"target": -4723.0204546949, "params": {"k_pid_pos": [5288.002386288573, 913.231068428575, 6938.52419773256], "k_pid_alt": [654.1056263252387, 707.6638206536079, 5710.492242059846], "k_pid_att": [6186.483758596316, 7410.585022465994, 599.7307463869616], "k_pid_yaw": [0.5, 1e-06, 0.1], "k_pid_hsp": [2368.87206580355, 2566.8289200893814, 1428.8890972967638], "k_pid_vsp": [1073.8020764347323, 8645.395293044514, 5550.012858532038]}, "datetime": {"datetime": "2025-08-09 02:45:37", "elapsed": 35768.71063232422, "delta": 36.20518183708191}, "costs": {"total_cost": 4723.0204546949, "time_cost": 150, "final_distance_cost": 1016.8765811258844, "oscillation_cost": 369.73616563934996, "completition_cost": 1000.0, "overshoot_cost": 2123.080585100907, "power_cost": 35.38470798339844, "noise_cost": 27.942414845360023, "n_waypoints_completed": 0, "tot_waypoints": 9}}
{"target": -1316.2113448008618, "params": {"k_pid_pos": [6922.362598627053, 10000.0, 6862.78090108565], "k_pid_alt": [10000.0, 0.0, 10000.0], "k_pid_att": [8581.163400116617, 0.0, 0.0], "k_pid_yaw": [0.5, 1e-06, 0.1], "k_pid_hsp": [5392.953396117478, 0.0, 0.0], "k_pid_vsp": [0.0, 10000.0, 6768.83456622817]}, "datetime": {"datetime": "2025-08-09 02:46:19", "elapsed": 35811.46145749092, "delta": 42.75082516670227}, "costs": {"total_cost": 1316.2113448008618, "time_cost": 150, "final_distance_cost": 39.38815193425506, "oscillation_cost": 424.84451085757587, "completition_cost": 555.5555555555555, "overshoot_cost": 78.10261743466366, "power_cost": 39.44018424072266, "noise_cost": 28.880324778088934, "n_waypoints_completed": 4, "tot_waypoints": 9}}
{"target": -3077.987415773813, "params": {"k_pid_pos": [2911.9993537729883, 6028.614050109073, 1937.8972732856093], "k_pid_alt": [1550.3718540625046, 3265.1164594468196, 7480.24649333957], "k_pid_att": [9927.691351394167, 7545.206585189361, 4152.59665263728], "k_pid_yaw": [0.5, 1e-06, 0.1], "k_pid_hsp": [3979.137529220498, 2121.6871826006345, 1903.3696763094754], "k_pid_vsp": [6278.50636566373, 5028.728499911701, 5427.697393527268]}, "datetime": {"datetime": "2025-08-09 02:46:52", "elapsed": 35843.55642795563, "delta": 32.09497046470642}, "costs": {"total_cost": 3077.987415773813, "time_cost": 150, "final_distance_cost": 431.3924238732372, "oscillation_cost": 568.0321072485885, "completition_cost": 1000.0, "overshoot_cost": 765.571087295161, "power_cost": 56.80582613525391, "noise_cost": 106.18597122157284, "n_waypoints_completed": 0, "tot_waypoints": 9}}
{"target": -7580.145417700275, "params": {"k_pid_pos": [3832.7909430816285, 2479.446751783313, 8318.923984108134], "k_pid_alt": [748.3637302810331, 5617.687230919451, 2749.339567750528], "k_pid_att": [7369.20702280964, 8140.008870370418, 5283.470069499365], "k_pid_yaw": [0.5, 1e-06, 0.1], "k_pid_hsp": [2295.9186725365676, 7602.593230840037, 8416.166836060103], "k_pid_vsp": [1105.6810573335085, 790.8072793315301, 8581.449341675754]}, "datetime": {"datetime": "2025-08-09 02:47:23", "elapsed": 35875.512553453445, "delta": 31.956125497817993}, "costs": {"total_cost": 7580.145417700275, "time_cost": 150, "final_distance_cost": 1383.0368042650975, "oscillation_cost": 493.9153608118638, "completition_cost": 1000.0, "overshoot_cost": 4414.077982671338, "power_cost": 52.145281665039064, "noise_cost": 86.96998828693685, "n_waypoints_completed": 0, "tot_waypoints": 9}}
{"target": -4826.122411727545, "params": {"k_pid_pos": [7095.5574457901, 9582.131519443104, 3971.484018893503], "k_pid_alt": [9495.710543124807, 3496.990899675104, 2395.1941865032422], "k_pid_att": [1067.8824493280458, 7580.877916246809, 614.4014912385909], "k_pid_yaw": [0.5, 1e-06, 0.1], "k_pid_hsp": [8805.986518555343, 3773.3988481125657, 7132.5939952914205], "k_pid_vsp": [4047.361770073701, 7302.837811856051, 9086.669415168137]}, "datetime": {"datetime": "2025-08-09 02:47:56", "elapsed": 35907.924813985825, "delta": 32.41226053237915}, "costs": {"total_cost": 4826.122411727545, "time_cost": 150, "final_distance_cost": 340.6367403028135, "oscillation_cost": 1052.92994715374, "completition_cost": 1000.0, "overshoot_cost": 2083.952010426281, "power_cost": 58.02673977050782, "noise_cost": 140.57697407420324, "n_waypoints_completed": 0, "tot_waypoints": 9}}
{"target": -4961.121224008884, "params": {"k_pid_pos": [3424.7633273189804, 8814.512907839338, 589.7321067838391], "k_pid_alt": [4590.2617587739, 2803.4652633362302, 9564.4135138174], "k_pid_att": [8408.383257654708, 5488.191556856466, 303.7998756064641], "k_pid_yaw": [0.5, 1e-06, 0.1], "k_pid_hsp": [70.18339188623047, 2733.0287544463927, 7710.060118976757], "k_pid_vsp": [210.37586012900954, 7075.60761785904, 2989.520971563162]}, "datetime": {"datetime": "2025-08-09 02:48:27", "elapsed": 35939.51982045174, "delta": 31.595006465911865}, "costs": {"total_cost": 4961.121224008884, "time_cost": 150, "final_distance_cost": 1138.025120703461, "oscillation_cost": 167.82412941834951, "completition_cost": 1000.0, "overshoot_cost": 2442.185789728964, "power_cost": 35.26171530761719, "noise_cost": 27.824468850492554, "n_waypoints_completed": 0, "tot_waypoints": 9}}
