{"target": -2184.4582481427665, "params": {"k_pid_pos": [5598.968136132095, 8064.064733949091, 10000.0], "k_pid_alt": [10000.0, 7067.560187748615, 9496.4057863895], "k_pid_att": [4846.468444791812, 5847.737632022132, 0.0], "k_pid_yaw": [0.5, 1e-06, 0.1], "k_pid_hsp": [0.0, 7043.430927127431, 7208.751306856979], "k_pid_vsp": [3012.2198095189146, 0.0, 935.1551081796536]}, "datetime": {"datetime": "2025-08-09 10:09:05", "elapsed": 62377.45561957359, "delta": 56.1907639503479}, "costs": {"total_cost": 2184.4582481427665, "time_cost": 150, "final_distance_cost": 53.8463418852815, "oscillation_cost": 820.2623199671949, "completition_cost": 1000.0, "overshoot_cost": 96.00210166384429, "power_cost": 36.54959016113281, "noise_cost": 27.79789446531284, "n_waypoints_completed": 0, "tot_waypoints": 9}}
{"target": -18178.161861217905, "params": {"k_pid_pos": [1961.6833341358285, 4767.6653885272635, 2086.6474688452286], "k_pid_alt": [4640.258233065036, 1980.475285779929, 8002.523919701164], "k_pid_att": [969.4406845085613, 1138.6134277201809, 7661.660182891596], "k_pid_yaw": [0.5, 1e-06, 0.1], "k_pid_hsp": [1860.0611104802879, 6773.751661577743, 8425.489692882084], "k_pid_vsp": [8222.230826859772, 6278.168004178817, 5447.36195569639]}, "datetime": {"datetime": "2025-08-09 10:09:40", "elapsed": 62412.22385549545, "delta": 34.76823592185974}, "costs": {"total_cost": 18178.161861217905, "time_cost": 150, "final_distance_cost": 4397.453098501461, "oscillation_cost": 800.5098553058215, "completition_cost": 1000.0, "overshoot_cost": 11637.705461174506, "power_cost": 58.621353344726565, "noise_cost": 133.87209289138883, "n_waypoints_completed": 0, "tot_waypoints": 9}}
{"target": -518.6946702091635, "params": {"k_pid_pos": [8311.944543519136, 0.0, 2687.1862764844896], "k_pid_alt": [5739.210549599404, 0.0, 9672.901190183093], "k_pid_att": [6853.124793739946, 669.9167315731959, 0.0], "k_pid_yaw": [0.5, 1e-06, 0.1], "k_pid_hsp": [6065.476521180654, 10000.0, 0.0], "k_pid_vsp": [8635.547660481934, 5751.045248699839, 7187.300299023918]}, "datetime": {"datetime": "2025-08-09 10:10:25", "elapsed": 62456.646978378296, "delta": 44.42312288284302}, "costs": {"total_cost": 518.6946702091635, "time_cost": 92.554, "final_distance_cost": 1.8503404578632554, "oscillation_cost": 306.9467701580005, "completition_cost": 0.0, "overshoot_cost": 62.116408714410184, "power_cost": 31.731958215332032, "noise_cost": 23.495192663557575, "n_waypoints_completed": 9, "tot_waypoints": 9}}
{"target": -5400.885151212758, "params": {"k_pid_pos": [4151.134417100943, 3403.690388014904, 7994.424065343714], "k_pid_alt": [5545.667342915661, 8970.137025693572, 8755.816150763992], "k_pid_att": [8042.034879200477, 1066.5481829183486, 5865.8584119905245], "k_pid_yaw": [0.5, 1e-06, 0.1], "k_pid_hsp": [1102.0171899137688, 6458.214680196801, 6422.328270307293], "k_pid_vsp": [3112.9221160511343, 3433.7753254244, 5091.294759357572]}, "datetime": {"datetime": "2025-08-09 10:11:00", "elapsed": 62492.38664674759, "delta": 35.73966836929321}, "costs": {"total_cost": 5400.885151212758, "time_cost": 150, "final_distance_cost": 952.3422762866409, "oscillation_cost": 31.44427591730983, "completition_cost": 1000.0, "overshoot_cost": 3203.0988746844, "power_cost": 36.09544221191406, "noise_cost": 27.9042821124935, "n_waypoints_completed": 0, "tot_waypoints": 9}}
{"target": -752.1789646596769, "params": {"k_pid_pos": [3487.593165119047, 0.0, 0.0], "k_pid_alt": [5500.780434384049, 0.0, 3074.5734826319353], "k_pid_att": [7317.88009346072, 3212.83090765579, 0.0], "k_pid_yaw": [0.5, 1e-06, 0.1], "k_pid_hsp": [8528.648563490742, 10000.0, 0.0], "k_pid_vsp": [5763.240984576786, 5159.12792054868, 7614.849644693341]}, "datetime": {"datetime": "2025-08-09 10:11:52", "elapsed": 62544.266102552414, "delta": 51.87945580482483}, "costs": {"total_cost": 752.1789646596769, "time_cost": 150, "final_distance_cost": 67.45867689086614, "oscillation_cost": 286.75149004828097, "completition_cost": 111.11111111111116, "overshoot_cost": 64.21197753561832, "power_cost": 43.323918103027346, "noise_cost": 29.32179097077291, "n_waypoints_completed": 8, "tot_waypoints": 9}}
{"target": -3297.1834891145018, "params": {"k_pid_pos": [4452.487721308727, 8996.447028937417, 952.7945019629891], "k_pid_alt": [4817.347043294845, 9047.463098037764, 3210.352837389483], "k_pid_att": [2077.75682483761, 2118.9637025757493, 2049.2058501013043], "k_pid_yaw": [0.5, 1e-06, 0.1], "k_pid_hsp": [7053.525227788041, 2804.548762611049, 4221.001150933753], "k_pid_vsp": [8047.488965165508, 2677.597194591661, 3197.7780796966404]}, "datetime": {"datetime": "2025-08-09 10:12:30", "elapsed": 62581.5459048748, "delta": 37.279802322387695}, "costs": {"total_cost": 3297.1834891145018, "time_cost": 150, "final_distance_cost": 145.41005389372324, "oscillation_cost": 808.235236427042, "completition_cost": 1000.0, "overshoot_cost": 993.5640975987125, "power_cost": 58.65954094238282, "noise_cost": 141.31456025264114, "n_waypoints_completed": 0, "tot_waypoints": 9}}
{"target": -20001.00204563792, "params": {"k_pid_pos": [8536.363206721124, 1008.4761571065382, 9692.340711743416], "k_pid_alt": [4664.69168009982, 9335.036705686645, 4453.35313507323], "k_pid_att": [1974.6384072804212, 8603.703054246887, 4739.732157260564], "k_pid_yaw": [0.5, 1e-06, 0.1], "k_pid_hsp": [731.9180072831144, 5347.60212893421, 5542.953276251884], "k_pid_vsp": [868.1728196136063, 3205.3403599118824, 9427.271560092813]}, "datetime": {"datetime": "2025-08-09 10:13:04", "elapsed": 62616.3185133934, "delta": 34.772608518600464}, "costs": {"total_cost": 20001.00204563792, "time_cost": 150, "final_distance_cost": 5829.468447880891, "oscillation_cost": 1498.1664110416439, "completition_cost": 1000.0, "overshoot_cost": 11342.466929385, "power_cost": 56.61033455810547, "noise_cost": 124.2899227722803, "n_waypoints_completed": 0, "tot_waypoints": 9}}
{"target": -5386.932293716754, "params": {"k_pid_pos": [8007.352752070891, 6872.760508013966, 9157.923823070285], "k_pid_alt": [9432.212178998612, 3843.149803125564, 6633.235786594232], "k_pid_att": [1600.8222339864253, 1006.0414772512416, 1290.5279530390778], "k_pid_yaw": [0.5, 1e-06, 0.1], "k_pid_hsp": [8690.698917572377, 291.07721333306966, 2514.2334839090654], "k_pid_vsp": [1895.055154632569, 8063.403206500668, 5747.532395590792]}, "datetime": {"datetime": "2025-08-09 10:13:39", "elapsed": 62650.784657001495, "delta": 34.46614360809326}, "costs": {"total_cost": 5386.932293716754, "time_cost": 150, "final_distance_cost": 1100.5035847295671, "oscillation_cost": 485.7200247295979, "completition_cost": 1000.0, "overshoot_cost": 2509.98483234344, "power_cost": 50.37404494628907, "noise_cost": 90.34980696786026, "n_waypoints_completed": 0, "tot_waypoints": 9}}
{"target": -2244.1554650357657, "params": {"k_pid_pos": [4647.883687285818, 619.9908643891686, 1487.3265536813033], "k_pid_alt": [10000.0, 5251.771878650428, 10000.0], "k_pid_att": [6314.426522875171, 3978.352467378213, 0.0], "k_pid_yaw": [0.5, 1e-06, 0.1], "k_pid_hsp": [0.0, 5048.4856343484025, 4446.668954559777], "k_pid_vsp": [4026.6956046903697, 2582.4806717452198, 3505.504515957615]}, "datetime": {"datetime": "2025-08-09 10:14:35", "elapsed": 62706.98065042496, "delta": 56.195993423461914}, "costs": {"total_cost": 2244.1554650357657, "time_cost": 150, "final_distance_cost": 135.39136159192586, "oscillation_cost": 795.488745937498, "completition_cost": 888.8888888888888, "overshoot_cost": 210.5236743790135, "power_cost": 36.07306671142578, "noise_cost": 27.789727527014044, "n_waypoints_completed": 1, "tot_waypoints": 9}}
{"target": -6311.78588787854, "params": {"k_pid_pos": [6321.2246549493175, 5492.18156215418, 7209.951166818415], "k_pid_alt": [4132.558969598952, 7486.306516272743, 593.627540198931], "k_pid_att": [4662.593042551355, 4630.518360693823, 9804.859651839386], "k_pid_yaw": [0.5, 1e-06, 0.1], "k_pid_hsp": [7731.71536063778, 4799.643522060279, 6855.5866033290495], "k_pid_vsp": [9712.779471540149, 837.4379128994924, 1490.4384201328446]}, "datetime": {"datetime": "2025-08-09 10:15:10", "elapsed": 62741.59338712692, "delta": 34.61273670196533}, "costs": {"total_cost": 6311.78588787854, "time_cost": 150, "final_distance_cost": 1461.8077051692235, "oscillation_cost": 759.7968810109641, "completition_cost": 1000.0, "overshoot_cost": 2751.455707693645, "power_cost": 58.65717316894531, "noise_cost": 130.0684208357628, "n_waypoints_completed": 0, "tot_waypoints": 9}}
{"target": -1696.3287487723276, "params": {"k_pid_pos": [7883.2637349535735, 10000.0, 10000.0], "k_pid_alt": [7138.123501800653, 8208.511830431318, 9946.843932314607], "k_pid_att": [7276.763418146687, 7480.170522672276, 0.0], "k_pid_yaw": [0.5, 1e-06, 0.1], "k_pid_hsp": [7949.953710064995, 5769.104816386535, 7685.098627919657], "k_pid_vsp": [10000.0, 6357.855915675127, 1368.4396684665019]}, "datetime": {"datetime": "2025-08-09 10:16:05", "elapsed": 62796.96679186821, "delta": 55.37340474128723}, "costs": {"total_cost": 1696.3287487723276, "time_cost": 150, "final_distance_cost": 73.7344300123772, "oscillation_cost": 429.4213198902984, "completition_cost": 888.8888888888888, "overshoot_cost": 88.12010272871925, "power_cost": 37.989631506347656, "noise_cost": 28.17437574569602, "n_waypoints_completed": 1, "tot_waypoints": 9}}
{"target": -3527.0438946466033, "params": {"k_pid_pos": [9687.043385461928, 7302.190874302121, 1878.678011209255], "k_pid_alt": [6610.743048138826, 3317.394021309019, 4952.719202762437], "k_pid_att": [8806.059778489644, 7936.857402997823, 2831.074922330541], "k_pid_yaw": [0.5, 1e-06, 0.1], "k_pid_hsp": [7123.937030657832, 131.84582119109223, 6759.18757192211], "k_pid_vsp": [7967.2706991603, 4068.4006446338226, 9154.743976196782]}, "datetime": {"datetime": "2025-08-09 10:16:39", "elapsed": 62831.323105573654, "delta": 34.356313705444336}, "costs": {"total_cost": 3527.0438946466033, "time_cost": 150, "final_distance_cost": 652.6832681971307, "oscillation_cost": 80.81449494752985, "completition_cost": 1000.0, "overshoot_cost": 1580.9053013086773, "power_cost": 34.96329282226563, "noise_cost": 27.67753737100039, "n_waypoints_completed": 0, "tot_waypoints": 9}}
{"target": -13599.626813344792, "params": {"k_pid_pos": [4698.989019230797, 727.1326331536033, 526.3521176165731], "k_pid_alt": [9951.31515340289, 1468.5369767974, 9204.628484377467], "k_pid_att": [5958.988537377507, 2230.682793527602, 7999.128656427974], "k_pid_yaw": [0.5, 1e-06, 0.1], "k_pid_hsp": [2546.1505412741535, 9390.546352565116, 1412.499593462202], "k_pid_vsp": [2624.050578519217, 9920.651671823443, 565.892957701859]}, "datetime": {"datetime": "2025-08-09 10:17:14", "elapsed": 62865.96504187584, "delta": 34.64193630218506}, "costs": {"total_cost": 13599.626813344792, "time_cost": 150, "final_distance_cost": 3589.668929425624, "oscillation_cost": 783.2155158213338, "completition_cost": 1000.0, "overshoot_cost": 7879.54145542624, "power_cost": 58.661790576171875, "noise_cost": 138.5391220954233, "n_waypoints_completed": 0, "tot_waypoints": 9}}
{"target": -1773.6635677999407, "params": {"k_pid_pos": [6064.500083763437, 1318.1410872345177, 5441.958259491777], "k_pid_alt": [797.1498697081655, 3771.941291630128, 0.0], "k_pid_att": [5027.9209682922055, 5716.125906235774, 0.0], "k_pid_yaw": [0.5, 1e-06, 0.1], "k_pid_hsp": [4360.2102624441095, 10000.0, 5492.253040750456], "k_pid_vsp": [6502.703907049319, 5315.85221457187, 10000.0]}, "datetime": {"datetime": "2025-08-09 10:18:10", "elapsed": 62922.51966738701, "delta": 56.554625511169434}, "costs": {"total_cost": 1773.6635677999407, "time_cost": 150, "final_distance_cost": 69.52535698890098, "oscillation_cost": 398.54954276166967, "completition_cost": 1000.0, "overshoot_cost": 88.39413906471452, "power_cost": 38.75684958496094, "noise_cost": 28.437679399694503, "n_waypoints_completed": 0, "tot_waypoints": 9}}
{"target": -3980.83705787902, "params": {"k_pid_pos": [5171.847930021572, 6516.727911413341, 2785.7441188272796], "k_pid_alt": [0.0, 5042.450668832259, 0.0], "k_pid_att": [5543.228575700421, 3862.6697961494665, 5947.934294343155], "k_pid_yaw": [0.5, 1e-06, 0.1], "k_pid_hsp": [10000.0, 1609.3277697444155, 2671.5726907833673], "k_pid_vsp": [10000.0, 365.9797194327796, 2647.5495364143385]}, "datetime": {"datetime": "2025-08-09 10:19:03", "elapsed": 62974.82628822327, "delta": 52.306620836257935}, "costs": {"total_cost": 3980.83705787902, "time_cost": 150, "final_distance_cost": 456.76700884728047, "oscillation_cost": 829.5766364463501, "completition_cost": 1000.0, "overshoot_cost": 1347.3873589124607, "power_cost": 58.56016286621094, "noise_cost": 138.54589080671695, "n_waypoints_completed": 0, "tot_waypoints": 9}}
{"target": -5681.565989996012, "params": {"k_pid_pos": [5882.3308293636455, 1284.010405173669, 8544.062208650756], "k_pid_alt": [2956.6789822681285, 2790.747210309229, 4390.5396844905345], "k_pid_att": [8618.724957027756, 1424.9070905564965, 7890.2621912849345], "k_pid_yaw": [0.5, 1e-06, 0.1], "k_pid_hsp": [4863.597700903607, 7858.074224919585, 2830.621290437735], "k_pid_vsp": [3571.114366193202, 5575.143576888124, 8188.64523617485]}, "datetime": {"datetime": "2025-08-09 10:19:38", "elapsed": 63009.68277668953, "delta": 34.85648846626282}, "costs": {"total_cost": 5681.565989996012, "time_cost": 150, "final_distance_cost": 1067.80471367154, "oscillation_cost": 25.73776593115732, "completition_cost": 1000.0, "overshoot_cost": 3374.875778107997, "power_cost": 35.350008117675785, "noise_cost": 27.797724167640766, "n_waypoints_completed": 0, "tot_waypoints": 9}}
{"target": -4141.690737214549, "params": {"k_pid_pos": [792.4589203662913, 3539.301207417552, 4453.498284960528], "k_pid_alt": [2843.712708098067, 393.75942937922235, 7576.34868834805], "k_pid_att": [9248.798446966286, 4979.454683907628, 7475.310407415129], "k_pid_yaw": [0.5, 1e-06, 0.1], "k_pid_hsp": [437.78393547401873, 9507.524113505438, 508.03559962374624], "k_pid_vsp": [4471.482497899132, 288.4378763627471, 3015.8212300287714]}, "datetime": {"datetime": "2025-08-09 10:20:14", "elapsed": 63046.3353304863, "delta": 36.65255379676819}, "costs": {"total_cost": 4141.690737214549, "time_cost": 150, "final_distance_cost": 138.9515644409178, "oscillation_cost": 688.3377507231686, "completition_cost": 1000.0, "overshoot_cost": 1973.5245511352732, "power_cost": 58.325594116210944, "noise_cost": 132.55127679897825, "n_waypoints_completed": 0, "tot_waypoints": 9}}
{"target": -1660.4156533012392, "params": {"k_pid_pos": [6559.0841117917835, 10000.0, 1665.2407643287806], "k_pid_alt": [4225.265144754213, 6169.075536918604, 537.3972532909925], "k_pid_att": [2102.4903794024394, 0.0, 0.0], "k_pid_yaw": [0.5, 1e-06, 0.1], "k_pid_hsp": [7864.569647730715, 2641.2748880038102, 2727.1531890323204], "k_pid_vsp": [10000.0, 6324.2707695986355, 0.0]}, "datetime": {"datetime": "2025-08-09 10:21:08", "elapsed": 63099.80214262009, "delta": 53.46681213378906}, "costs": {"total_cost": 1660.4156533012392, "time_cost": 150, "final_distance_cost": 53.714546055180975, "oscillation_cost": 317.61605010855243, "completition_cost": 1000.0, "overshoot_cost": 70.97424808460065, "power_cost": 39.46268802490235, "noise_cost": 28.648121028002834, "n_waypoints_completed": 0, "tot_waypoints": 9}}
{"target": -5375.880642916051, "params": {"k_pid_pos": [8739.70861592655, 270.8784627064287, 8175.747539473138], "k_pid_alt": [8671.75757144444, 2318.0430835447073, 4444.597253062367], "k_pid_att": [7363.752585683973, 7816.507564945173, 6875.56260638507], "k_pid_yaw": [0.5, 1e-06, 0.1], "k_pid_hsp": [8334.418556411338, 5735.889858754756, 3721.691937141923], "k_pid_vsp": [5998.917996675022, 5142.598784165469, 7331.019535377041]}, "datetime": {"datetime": "2025-08-09 10:21:43", "elapsed": 63135.03063702583, "delta": 35.22849440574646}, "costs": {"total_cost": 5375.880642916051, "time_cost": 150, "final_distance_cost": 1169.4123217362571, "oscillation_cost": 615.458897642728, "completition_cost": 1000.0, "overshoot_cost": 2290.3600941885293, "power_cost": 51.81784113769532, "noise_cost": 98.83148821084198, "n_waypoints_completed": 0, "tot_waypoints": 9}}
{"target": -1522.3355110669754, "params": {"k_pid_pos": [10000.0, 1775.2370399069255, 5434.385726783048], "k_pid_alt": [6138.240661841781, 3479.258549062385, 6062.023337995477], "k_pid_att": [6631.869465089191, 4002.732656231151, 0.0], "k_pid_yaw": [0.5, 1e-06, 0.1], "k_pid_hsp": [5268.0729916395785, 10000.0, 5239.969646166263], "k_pid_vsp": [5664.795364377948, 10000.0, 6843.920615755026]}, "datetime": {"datetime": "2025-08-09 10:22:33", "elapsed": 63184.879538059235, "delta": 49.84890103340149}, "costs": {"total_cost": 1522.3355110669754, "time_cost": 150, "final_distance_cost": 44.08930022842541, "oscillation_cost": 199.31881069830808, "completition_cost": 1000.0, "overshoot_cost": 58.56318115900252, "power_cost": 41.53451003417969, "noise_cost": 28.829708947059473, "n_waypoints_completed": 0, "tot_waypoints": 9}}
{"target": -1329.6702719010225, "params": {"k_pid_pos": [10000.0, 1117.9665683290725, 3018.908032866676], "k_pid_alt": [4140.706451937542, 4984.117704175225, 10000.0], "k_pid_att": [10000.0, 8984.456909387545, 0.0], "k_pid_yaw": [0.5, 1e-06, 0.1], "k_pid_hsp": [10000.0, 2071.040904190303, 572.1345972853906], "k_pid_vsp": [6472.531259461672, 8550.71769109951, 5127.158779792341]}, "datetime": {"datetime": "2025-08-09 10:23:27", "elapsed": 63239.069511175156, "delta": 54.18997311592102}, "costs": {"total_cost": 1329.6702719010225, "time_cost": 150, "final_distance_cost": 56.288576785963784, "oscillation_cost": 414.4114754130896, "completition_cost": 555.5555555555555, "overshoot_cost": 83.90745227040891, "power_cost": 40.80221661376953, "noise_cost": 28.704995262235073, "n_waypoints_completed": 4, "tot_waypoints": 9}}
{"target": -3239.0181968874776, "params": {"k_pid_pos": [5.1653769274229155, 8433.878163918682, 1872.7940726079296], "k_pid_alt": [3575.5758528887204, 7874.230749171103, 4864.76045136947], "k_pid_att": [8755.480944385909, 7781.069862382007, 2980.394828023113], "k_pid_yaw": [0.5, 1e-06, 0.1], "k_pid_hsp": [2123.31702385809, 9455.0259428938, 785.7521584844385], "k_pid_vsp": [982.9580404500693, 4517.227716171027, 5922.214862500006]}, "datetime": {"datetime": "2025-08-09 10:24:03", "elapsed": 63275.23238658905, "delta": 36.16287541389465}, "costs": {"total_cost": 3239.0181968874776, "time_cost": 150, "final_distance_cost": 547.3634001017482, "oscillation_cost": 75.74554848580246, "completition_cost": 1000.0, "overshoot_cost": 1402.4548308956398, "power_cost": 35.60610521240235, "noise_cost": 27.848312191884883, "n_waypoints_completed": 0, "tot_waypoints": 9}}
{"target": -670.3711171925877, "params": {"k_pid_pos": [10000.0, 3461.1591712548434, 6837.617937308542], "k_pid_alt": [2879.8480239934092, 0.0, 7976.13405638441], "k_pid_att": [7723.307997056661, 7418.3348045585535, 0.0], "k_pid_yaw": [0.5, 1e-06, 0.1], "k_pid_hsp": [10000.0, 10000.0, 0.0], "k_pid_vsp": [10000.0, 3817.446881181392, 7106.194502426573]}, "datetime": {"datetime": "2025-08-09 10:24:49", "elapsed": 63320.815893411636, "delta": 45.58350682258606}, "costs": {"total_cost": 670.3711171925877, "time_cost": 98.301, "final_distance_cost": 1.8576042027748105, "oscillation_cost": 451.5890490396708, "completition_cost": 0.0, "overshoot_cost": 60.82986487480116, "power_cost": 33.24449171142578, "noise_cost": 24.549107363915134, "n_waypoints_completed": 9, "tot_waypoints": 9}}
{"target": -1291.2078152699314, "params": {"k_pid_pos": [2272.726355217954, 4327.543757622013, 3358.5242276995928], "k_pid_alt": [7435.806302006661, 0.0, 6113.992398416197], "k_pid_att": [7125.984470985217, 4363.189840136118, 0.0], "k_pid_yaw": [0.5, 1e-06, 0.1], "k_pid_hsp": [0.0, 10000.0, 3595.1640207987302], "k_pid_vsp": [6855.438224108855, 888.3749699363161, 0.0]}, "datetime": {"datetime": "2025-08-09 10:25:45", "elapsed": 63377.25606203079, "delta": 56.440168619155884}, "costs": {"total_cost": 1291.2078152699314, "time_cost": 150, "final_distance_cost": 38.888658309946535, "oscillation_cost": 473.9512504947552, "completition_cost": 444.4444444444444, "overshoot_cost": 117.30510356187247, "power_cost": 38.51423135986328, "noise_cost": 28.104127099049528, "n_waypoints_completed": 5, "tot_waypoints": 9}}
{"target": -9638.077937997057, "params": {"k_pid_pos": [7947.024088107969, 5233.164756965478, 3832.2684178132517], "k_pid_alt": [3972.5318572418287, 1465.211156290732, 4806.4940430644865], "k_pid_att": [2968.789154588629, 7143.276986474093, 4469.568239247732], "k_pid_yaw": [0.5, 1e-06, 0.1], "k_pid_hsp": [8160.568784570179, 2622.2705799594705, 1267.2316251102377], "k_pid_vsp": [139.35986517825128, 5210.160660442344, 6175.692996555522]}, "datetime": {"datetime": "2025-08-09 10:26:21", "elapsed": 63412.62888598442, "delta": 35.37282395362854}, "costs": {"total_cost": 9638.077937997057, "time_cost": 150, "final_distance_cost": 1325.4658887078313, "oscillation_cost": 1361.2922109973802, "completition_cost": 1000.0, "overshoot_cost": 5619.992763462344, "power_cost": 55.983233923339846, "noise_cost": 125.34384090616129, "n_waypoints_completed": 0, "tot_waypoints": 9}}
{"target": -33654.148505824276, "params": {"k_pid_pos": [2735.365718498951, 9660.966453178715, 23.447247839559758], "k_pid_alt": [3782.813443461992, 3167.753275328572, 6592.506260404102], "k_pid_att": [6123.463407766304, 21.444570393518436, 1946.0248601740393], "k_pid_yaw": [0.5, 1e-06, 0.1], "k_pid_hsp": [1596.3263743813793, 1213.6729774077414, 9578.287117174525], "k_pid_vsp": [1098.2377080360807, 4285.376344780902, 1352.678832338009]}, "datetime": {"datetime": "2025-08-09 10:26:55", "elapsed": 63447.354726314545, "delta": 34.7258403301239}, "costs": {"total_cost": 33654.148505824276, "time_cost": 150, "final_distance_cost": 9178.711799512897, "oscillation_cost": 616.5547570631697, "completition_cost": 1000.0, "overshoot_cost": 22508.021383625524, "power_cost": 58.72242138671875, "noise_cost": 142.13814423597424, "n_waypoints_completed": 0, "tot_waypoints": 9}}
