{"target": -2321.89056632196, "params": {"k_pid_pos": [7747.75996953197, 7133.877424728175, 3325.356996875171], "k_pid_alt": [1716.5358476346787, 9220.657550150632, 10000.0], "k_pid_att": [5776.305337063807, 6096.392969312205, 0.0], "k_pid_yaw": [0.5, 1e-06, 0.1], "k_pid_hsp": [4151.957812348988, 8569.416263702646, 9369.942585906874], "k_pid_vsp": [3103.6319219173483, 0.0, 5181.727967124357]}, "datetime": {"datetime": "2025-08-09 03:51:06", "elapsed": 39697.56799983978, "delta": 42.92067360877991}, "costs": {"total_cost": 2321.89056632196, "time_cost": 150, "final_distance_cost": 40.12629398368239, "oscillation_cost": 941.9617250158677, "completition_cost": 888.8888888888888, "overshoot_cost": 236.27647153134563, "power_cost": 36.24033382568359, "noise_cost": 28.396853076491904, "n_waypoints_completed": 1, "tot_waypoints": 9}}
{"target": -2243.792186751389, "params": {"k_pid_pos": [455.6092011958153, 4475.892465673238, 2526.204533628369], "k_pid_alt": [0.0, 8097.674223712913, 7012.037731138754], "k_pid_att": [5969.425885218536, 9196.824298621304, 0.0], "k_pid_yaw": [0.5, 1e-06, 0.1], "k_pid_hsp": [10000.0, 2727.4947556796724, 10000.0], "k_pid_vsp": [10000.0, 0.0, 0.0]}, "datetime": {"datetime": "2025-08-09 03:51:47", "elapsed": 39738.74883437157, "delta": 41.18083453178406}, "costs": {"total_cost": 2243.792186751389, "time_cost": 150, "final_distance_cost": 49.88838068253196, "oscillation_cost": 861.7681816219583, "completition_cost": 1000.0, "overshoot_cost": 117.06209591993021, "power_cost": 37.02848806152344, "noise_cost": 28.045040465445126, "n_waypoints_completed": 0, "tot_waypoints": 9}}
{"target": -4344.476971871816, "params": {"k_pid_pos": [3934.043429786506, 8404.992897822021, 8366.353077071873], "k_pid_alt": [2320.4201718202235, 1561.7493264114946, 3057.4736319719564], "k_pid_att": [2956.651538904813, 1918.3431752677848, 1497.8782787385626], "k_pid_yaw": [0.5, 1e-06, 0.1], "k_pid_hsp": [2098.47790746013, 1097.3218505679984, 5999.03379074698], "k_pid_vsp": [6576.012725131817, 8204.908633828612, 2982.068877781795]}, "datetime": {"datetime": "2025-08-09 03:52:19", "elapsed": 39770.96746611595, "delta": 32.218631744384766}, "costs": {"total_cost": 4344.476971871816, "time_cost": 150, "final_distance_cost": 652.3749292506394, "oscillation_cost": 659.4941728219917, "completition_cost": 1000.0, "overshoot_cost": 1706.8555009030833, "power_cost": 56.86561773681641, "noise_cost": 118.88675115928565, "n_waypoints_completed": 0, "tot_waypoints": 9}}
{"target": -1092.0611963893589, "params": {"k_pid_pos": [5922.171388526398, 10000.0, 10000.0], "k_pid_alt": [5676.608109109499, 0.0, 5326.838402171373], "k_pid_att": [10000.0, 2498.6795150598505, 0.0], "k_pid_yaw": [0.5, 1e-06, 0.1], "k_pid_hsp": [10000.0, 2653.09600002613, 0.0], "k_pid_vsp": [2878.4385823033554, 8281.405571231004, 10000.0]}, "datetime": {"datetime": "2025-08-09 03:53:05", "elapsed": 39817.228521585464, "delta": 46.26105546951294}, "costs": {"total_cost": 1092.0611963893589, "time_cost": 150, "final_distance_cost": 71.52281987004346, "oscillation_cost": 405.191087813315, "completition_cost": 333.33333333333337, "overshoot_cost": 62.38953215760658, "power_cost": 40.72284324951172, "noise_cost": 28.90157996554868, "n_waypoints_completed": 6, "tot_waypoints": 9}}
{"target": -2124.826863575564, "params": {"k_pid_pos": [8107.890934690635, 9625.697956703783, 3601.4502173849596], "k_pid_alt": [8378.016045878638, 1367.2620839719596, 7449.104878934562], "k_pid_att": [8064.928826859445, 2653.0343334956306, 924.4667866582134], "k_pid_yaw": [0.5, 1e-06, 0.1], "k_pid_hsp": [7235.889137679159, 1685.9830704054402, 5318.839207541659], "k_pid_vsp": [4543.552417509364, 3992.010729135589, 4322.512753448789]}, "datetime": {"datetime": "2025-08-09 03:53:37", "elapsed": 39849.03915786743, "delta": 31.810636281967163}, "costs": {"total_cost": 2124.826863575564, "time_cost": 150, "final_distance_cost": 253.97671470102438, "oscillation_cost": 105.14269416028331, "completition_cost": 1000.0, "overshoot_cost": 552.6140754105816, "power_cost": 35.334549804687505, "noise_cost": 27.75882949898725, "n_waypoints_completed": 0, "tot_waypoints": 9}}
{"target": -1312.9674362714006, "params": {"k_pid_pos": [5877.254842860442, 10000.0, 10000.0], "k_pid_alt": [1051.9796157397861, 0.0, 8616.041291521944], "k_pid_att": [7014.853123371556, 0.0, 0.0], "k_pid_yaw": [0.5, 1e-06, 0.1], "k_pid_hsp": [10000.0, 5185.477486399187, 5989.259130419031], "k_pid_vsp": [10000.0, 0.0, 6400.83675506473]}, "datetime": {"datetime": "2025-08-09 03:54:19", "elapsed": 39890.95607805252, "delta": 41.91692018508911}, "costs": {"total_cost": 1312.9674362714006, "time_cost": 150, "final_distance_cost": 53.245886245216894, "oscillation_cost": 394.86371453966143, "completition_cost": 555.5555555555555, "overshoot_cost": 90.61076952506629, "power_cost": 40.14448157958984, "noise_cost": 28.547028826310772, "n_waypoints_completed": 4, "tot_waypoints": 9}}
{"target": -1447.2336090216202, "params": {"k_pid_pos": [7798.812946479719, 3605.63194820271, 0.0], "k_pid_alt": [10000.0, 4182.368399048676, 0.0], "k_pid_att": [10000.0, 8173.818267785345, 0.0], "k_pid_yaw": [0.5, 1e-06, 0.1], "k_pid_hsp": [0.0, 0.0, 0.0], "k_pid_vsp": [3335.6451842327965, 0.0, 8918.196033259783]}, "datetime": {"datetime": "2025-08-09 03:55:03", "elapsed": 39935.21649193764, "delta": 44.26041388511658}, "costs": {"total_cost": 1447.2336090216202, "time_cost": 150, "final_distance_cost": 10.874955840053898, "oscillation_cost": 0.0, "completition_cost": 1000.0, "overshoot_cost": 166.4099510673916, "power_cost": 29.932059130859376, "noise_cost": 90.01664298331532, "n_waypoints_completed": 0, "tot_waypoints": 9}}
{"target": -2292.259423582551, "params": {"k_pid_pos": [10000.0, 8228.16054465091, 10000.0], "k_pid_alt": [0.0, 8707.729619490383, 0.0], "k_pid_att": [7259.839869348363, 3500.8421242911036, 0.0], "k_pid_yaw": [0.5, 1e-06, 0.1], "k_pid_hsp": [5764.891480365432, 4732.126247059171, 7000.906399886345], "k_pid_vsp": [1345.6989746501997, 10000.0, 6511.64834839673]}, "datetime": {"datetime": "2025-08-09 03:55:49", "elapsed": 39980.68337869644, "delta": 45.46688675880432}, "costs": {"total_cost": 2292.259423582551, "time_cost": 150, "final_distance_cost": 94.08332665745455, "oscillation_cost": 853.8680747791241, "completition_cost": 1000.0, "overshoot_cost": 130.36341049871652, "power_cost": 35.853449951171875, "noise_cost": 28.09116169608378, "n_waypoints_completed": 0, "tot_waypoints": 9}}
{"target": -1994.8893809465485, "params": {"k_pid_pos": [4188.722500656351, 10000.0, 10000.0], "k_pid_alt": [830.1864551475347, 0.0, 7132.8968247472585], "k_pid_att": [9547.908612948615, 4079.041729177497, 0.0], "k_pid_yaw": [0.5, 1e-06, 0.1], "k_pid_hsp": [2365.6253084911846, 3546.9878150996506, 6008.3842647799], "k_pid_vsp": [6271.141584506435, 9246.75090882233, 7763.558795674681]}, "datetime": {"datetime": "2025-08-09 03:56:31", "elapsed": 40022.711079120636, "delta": 42.027700424194336}, "costs": {"total_cost": 1994.8893809465485, "time_cost": 150, "final_distance_cost": 46.22328283345445, "oscillation_cost": 757.4492806714906, "completition_cost": 888.8888888888888, "overshoot_cost": 88.86465066424331, "power_cost": 35.62843004150391, "noise_cost": 27.834847846967467, "n_waypoints_completed": 1, "tot_waypoints": 9}}
{"target": -3250.160591953893, "params": {"k_pid_pos": [6790.271969813252, 3880.7410916292697, 6127.400773074137], "k_pid_alt": [5297.164043131598, 2261.236488003252, 1805.7695060016576], "k_pid_att": [7172.436543361597, 5103.320068515843, 3861.813244753012], "k_pid_yaw": [0.5, 1e-06, 0.1], "k_pid_hsp": [34.104433702311084, 4178.2270450678125, 6222.7229232410145], "k_pid_vsp": [5341.682418856689, 4676.493884942388, 2920.459766395088]}, "datetime": {"datetime": "2025-08-09 03:57:03", "elapsed": 40055.020550489426, "delta": 32.30947136878967}, "costs": {"total_cost": 3250.160591953893, "time_cost": 150, "final_distance_cost": 286.33993239603785, "oscillation_cost": 659.9677943320108, "completition_cost": 1000.0, "overshoot_cost": 965.5546106042067, "power_cost": 58.57069172363281, "noise_cost": 129.72756289800478, "n_waypoints_completed": 0, "tot_waypoints": 9}}
{"target": -1600.198510698947, "params": {"k_pid_pos": [2986.5154748968066, 10000.0, 0.0], "k_pid_alt": [845.7542776185886, 0.0, 10000.0], "k_pid_att": [5993.1177744520055, 839.8702123242803, 0.0], "k_pid_yaw": [0.5, 1e-06, 0.1], "k_pid_hsp": [6406.019583389985, 3239.0665347599984, 8639.099171521406], "k_pid_vsp": [6339.370670960033, 7243.667331179995, 5944.786715516275]}, "datetime": {"datetime": "2025-08-09 03:57:46", "elapsed": 40097.56592965126, "delta": 42.54537916183472}, "costs": {"total_cost": 1600.198510698947, "time_cost": 150, "final_distance_cost": 74.27505165503408, "oscillation_cost": 448.7010240540962, "completition_cost": 777.7777777777778, "overshoot_cost": 83.06040152412523, "power_cost": 38.00866817626953, "noise_cost": 28.375587511644277, "n_waypoints_completed": 2, "tot_waypoints": 9}}
{"target": -1387.6874248786673, "params": {"k_pid_pos": [6370.5375498007115, 10000.0, 10000.0], "k_pid_alt": [10000.0, 5391.841974600658, 5934.38164635768], "k_pid_att": [8359.902643066875, 2474.9802465899197, 0.0], "k_pid_yaw": [0.5, 1e-06, 0.1], "k_pid_hsp": [0.0, 3878.466389407919, 0.0], "k_pid_vsp": [4501.219113783844, 10000.0, 2365.7968333768335]}, "datetime": {"datetime": "2025-08-09 03:58:28", "elapsed": 40140.20406579971, "delta": 42.63813614845276}, "costs": {"total_cost": 1387.6874248786673, "time_cost": 150, "final_distance_cost": 47.022405360072995, "oscillation_cost": 157.59523081854147, "completition_cost": 888.8888888888888, "overshoot_cost": 69.66723276271696, "power_cost": 44.99559598388672, "noise_cost": 29.518071064560196, "n_waypoints_completed": 1, "tot_waypoints": 9}}
{"target": -7212.64321831779, "params": {"k_pid_pos": [5527.5419626538205, 9844.972598434355, 8744.63042996563], "k_pid_alt": [1545.6017496203988, 3908.929413938438, 3271.9648314301044], "k_pid_att": [1135.9387145538158, 5292.21787624914, 5622.95478000494], "k_pid_yaw": [0.5, 1e-06, 0.1], "k_pid_hsp": [7296.898157795117, 3104.0940921199854, 1039.487027944036], "k_pid_vsp": [5607.28319846578, 257.1521380853814, 3165.5336736547424]}, "datetime": {"datetime": "2025-08-09 03:59:01", "elapsed": 40173.060420036316, "delta": 32.85635423660278}, "costs": {"total_cost": 7212.64321831779, "time_cost": 150, "final_distance_cost": 2312.5872530179536, "oscillation_cost": 1356.103646166361, "completition_cost": 1000.0, "overshoot_cost": 2194.343540751779, "power_cost": 58.62140375976563, "noise_cost": 140.9873746219313, "n_waypoints_completed": 0, "tot_waypoints": 9}}
{"target": -1040.5028688712255, "params": {"k_pid_pos": [10000.0, 10000.0, 9905.928080895152], "k_pid_alt": [4196.1178033808665, 0.0, 0.0], "k_pid_att": [10000.0, 9243.84328131531, 0.0], "k_pid_yaw": [0.5, 1e-06, 0.1], "k_pid_hsp": [10000.0, 5906.0310719123345, 0.0], "k_pid_vsp": [6558.107943937097, 0.0, 4849.041652934096]}, "datetime": {"datetime": "2025-08-09 03:59:42", "elapsed": 40213.58587574959, "delta": 40.525455713272095}, "costs": {"total_cost": 1040.5028688712255, "time_cost": 150, "final_distance_cost": 78.4905845012187, "oscillation_cost": 348.72239007040724, "completition_cost": 333.33333333333337, "overshoot_cost": 59.873003320664985, "power_cost": 41.23838654785156, "noise_cost": 28.845171097749574, "n_waypoints_completed": 6, "tot_waypoints": 9}}
{"target": -3452.5650292680803, "params": {"k_pid_pos": [4064.620583668955, 5466.56844510267, 6219.98640015097], "k_pid_alt": [8584.238347861261, 1690.7327015791618, 8296.571191526546], "k_pid_att": [5684.999078283209, 4049.9276182448352, 3772.407989446206], "k_pid_yaw": [0.5, 1e-06, 0.1], "k_pid_hsp": [9878.719257781147, 1609.1461587327249, 8286.835976927141], "k_pid_vsp": [7165.0364192450725, 7365.587061392765, 324.7756491677267]}, "datetime": {"datetime": "2025-08-09 04:00:14", "elapsed": 40246.025830984116, "delta": 32.43995523452759}, "costs": {"total_cost": 3452.5650292680803, "time_cost": 150, "final_distance_cost": 136.0019083049222, "oscillation_cost": 677.0396019564082, "completition_cost": 1000.0, "overshoot_cost": 1297.5467055116187, "power_cost": 58.57300494384766, "noise_cost": 133.40380855128365, "n_waypoints_completed": 0, "tot_waypoints": 9}}
{"target": -4492.236587781919, "params": {"k_pid_pos": [7005.618171437937, 3072.973044770402, 1490.60984923149], "k_pid_alt": [7083.2438961603475, 253.52701347150287, 8046.118746594615], "k_pid_att": [9724.853665426908, 2544.79632121713, 308.694109442923], "k_pid_yaw": [0.5, 1e-06, 0.1], "k_pid_hsp": [4600.659965050698, 151.92132277748738, 5998.303785884624], "k_pid_vsp": [4058.2635646375443, 8732.447579292271, 6293.061466069056]}, "datetime": {"datetime": "2025-08-09 04:00:46", "elapsed": 40278.307986974716, "delta": 32.282155990600586}, "costs": {"total_cost": 4492.236587781919, "time_cost": 150, "final_distance_cost": 956.3332742572867, "oscillation_cost": 329.34829396873414, "completition_cost": 1000.0, "overshoot_cost": 1993.265778771299, "power_cost": 35.40076369628906, "noise_cost": 27.88847708831093, "n_waypoints_completed": 0, "tot_waypoints": 9}}
{"target": -3415.520268295365, "params": {"k_pid_pos": [9252.891174204568, 3178.989218955668, 3745.7272127693186], "k_pid_alt": [2735.958127510596, 9338.747393401109, 7372.8279744633755], "k_pid_att": [7410.849922734428, 6178.092996057916, 4198.147548701998], "k_pid_yaw": [0.5, 1e-06, 0.1], "k_pid_hsp": [9804.67871257225, 4764.808945049498, 6798.961863723505], "k_pid_vsp": [9030.61010579762, 1049.6247943856963, 4281.610054811183]}, "datetime": {"datetime": "2025-08-09 04:01:19", "elapsed": 40310.79168462753, "delta": 32.48369765281677}, "costs": {"total_cost": 3415.520268295365, "time_cost": 150, "final_distance_cost": 341.29518093213466, "oscillation_cost": 484.6918985277324, "completition_cost": 1000.0, "overshoot_cost": 1291.2210592215806, "power_cost": 51.829147680664065, "noise_cost": 96.48298193325319, "n_waypoints_completed": 0, "tot_waypoints": 9}}
{"target": -1615.2930103535732, "params": {"k_pid_pos": [9228.252740713187, 4166.346613459898, 2475.429875343457], "k_pid_alt": [3588.549212821768, 7635.317659643759, 7898.472153568161], "k_pid_att": [10000.0, 8501.336425268715, 0.0], "k_pid_yaw": [0.5, 1e-06, 0.1], "k_pid_hsp": [10000.0, 3501.8824699326965, 7224.35581676036], "k_pid_vsp": [6630.622536567805, 0.0, 3242.725482619829]}, "datetime": {"datetime": "2025-08-09 04:02:01", "elapsed": 40352.66690015793, "delta": 41.87521553039551}, "costs": {"total_cost": 1615.2930103535732, "time_cost": 150, "final_distance_cost": 79.86022751319267, "oscillation_cost": 348.3133738959419, "completition_cost": 888.8888888888888, "overshoot_cost": 80.2021573679898, "power_cost": 39.438762890625, "noise_cost": 28.589599796934916, "n_waypoints_completed": 1, "tot_waypoints": 9}}
{"target": -2158.4991701469353, "params": {"k_pid_pos": [4581.705099242676, 4033.0015008344676, 5863.430797315712], "k_pid_alt": [10000.0, 6262.460322543834, 7898.725675710117], "k_pid_att": [7789.0218112472885, 5876.391113637698, 0.0], "k_pid_yaw": [0.5, 1e-06, 0.1], "k_pid_hsp": [7916.866943549718, 1820.8112521586684, 10000.0], "k_pid_vsp": [10000.0, 5403.732651135966, 0.0]}, "datetime": {"datetime": "2025-08-09 04:02:43", "elapsed": 40394.6470849514, "delta": 41.98018479347229}, "costs": {"total_cost": 2158.4991701469353, "time_cost": 150, "final_distance_cost": 60.41119173823987, "oscillation_cost": 776.6058573693733, "completition_cost": 1000.0, "overshoot_cost": 107.56044065907356, "power_cost": 36.06547498779297, "noise_cost": 27.856205392455003, "n_waypoints_completed": 0, "tot_waypoints": 9}}
{"target": -36035.749163369, "params": {"k_pid_pos": [413.12726246467537, 7430.574109553298, 867.0938235868897], "k_pid_alt": [4730.721225631029, 6389.348506596137, 271.1358879741832], "k_pid_att": [9647.193809390645, 658.6875239072509, 5947.022292878531], "k_pid_yaw": [0.5, 1e-06, 0.1], "k_pid_hsp": [2272.99811411804, 8841.140705541748, 4705.999173845584], "k_pid_vsp": [7604.4820283474755, 1435.9263226854157, 1945.3400104076002]}, "datetime": {"datetime": "2025-08-09 04:03:15", "elapsed": 40426.874948978424, "delta": 32.227864027023315}, "costs": {"total_cost": 36035.749163369, "time_cost": 150, "final_distance_cost": 9841.261439056982, "oscillation_cost": 783.8899934991638, "completition_cost": 1000.0, "overshoot_cost": 24058.3270512861, "power_cost": 58.666660107421876, "noise_cost": 143.60401941932307, "n_waypoints_completed": 0, "tot_waypoints": 9}}
{"target": -2824.8079316471617, "params": {"k_pid_pos": [9844.244447315341, 4297.721012820086, 9524.668389190303], "k_pid_alt": [7670.752368629288, 8459.276175028413, 615.0645247489983], "k_pid_att": [9250.11212146531, 3650.440291210375, 101.99893670648552], "k_pid_yaw": [0.5, 1e-06, 0.1], "k_pid_hsp": [1392.3798858021962, 8558.032244779155, 5209.11146136768], "k_pid_vsp": [6375.155959716288, 3648.1517169733847, 7715.15923558578]}, "datetime": {"datetime": "2025-08-09 04:03:47", "elapsed": 40458.91605710983, "delta": 32.04110813140869}, "costs": {"total_cost": 2824.8079316471617, "time_cost": 150, "final_distance_cost": 276.21227199388943, "oscillation_cost": 752.2391749710201, "completition_cost": 1000.0, "overshoot_cost": 582.8758367015743, "power_cost": 35.55934227294922, "noise_cost": 27.921305707728518, "n_waypoints_completed": 0, "tot_waypoints": 9}}
{"target": -9165.376760975521, "params": {"k_pid_pos": [5650.5993042784885, 5304.8688754251325, 587.0938948232496], "k_pid_alt": [5352.9202828031775, 9267.735601333134, 6590.8772290020315], "k_pid_att": [9270.683739976646, 3203.688015151839, 6814.067647105808], "k_pid_yaw": [0.5, 1e-06, 0.1], "k_pid_hsp": [3664.6763469272714, 9322.637853547196, 8627.977002851974], "k_pid_vsp": [5101.511977746482, 6676.366432511773, 3964.2231481049093]}, "datetime": {"datetime": "2025-08-09 04:04:21", "elapsed": 40492.92344164848, "delta": 34.00738453865051}, "costs": {"total_cost": 9165.376760975521, "time_cost": 150, "final_distance_cost": 1657.2338710531424, "oscillation_cost": 657.504963731627, "completition_cost": 1000.0, "overshoot_cost": 5502.9684342779265, "power_cost": 58.64248590087891, "noise_cost": 139.02700601194658, "n_waypoints_completed": 0, "tot_waypoints": 9}}
{"target": -2256.3568275115013, "params": {"k_pid_pos": [3053.929766923568, 10000.0, 10000.0], "k_pid_alt": [8167.622883134988, 0.0, 1571.2945996355352], "k_pid_att": [7074.0879047825965, 4269.956198078807, 0.0], "k_pid_yaw": [0.5, 1e-06, 0.1], "k_pid_hsp": [0.0, 0.0, 5025.9965805110605], "k_pid_vsp": [2090.780434572648, 7217.867493824796, 4817.748040112665]}, "datetime": {"datetime": "2025-08-09 04:05:04", "elapsed": 40536.45713210106, "delta": 43.533690452575684}, "costs": {"total_cost": 2256.3568275115013, "time_cost": 150, "final_distance_cost": 58.187982792857724, "oscillation_cost": 845.340075115204, "completition_cost": 1000.0, "overshoot_cost": 139.52476390758653, "power_cost": 35.45349226074219, "noise_cost": 27.85051343511082, "n_waypoints_completed": 0, "tot_waypoints": 9}}
{"target": -1047.6481496909842, "params": {"k_pid_pos": [10000.0, 7691.610069766227, 0.0], "k_pid_alt": [1283.7198958025426, 0.0, 6397.393190099373], "k_pid_att": [4105.3404727987545, 270.40453621049073, 0.0], "k_pid_yaw": [0.5, 1e-06, 0.1], "k_pid_hsp": [10000.0, 9988.456699194201, 7077.624685453059], "k_pid_vsp": [1929.791015609398, 6742.066016177324, 8430.549089528022]}, "datetime": {"datetime": "2025-08-09 04:05:46", "elapsed": 40578.273602962494, "delta": 41.81647086143494}, "costs": {"total_cost": 1047.6481496909842, "time_cost": 150, "final_distance_cost": 76.70758005610645, "oscillation_cost": 321.4614731406781, "completition_cost": 333.33333333333337, "overshoot_cost": 96.30125264998837, "power_cost": 40.74684022216797, "noise_cost": 29.09767028870993, "n_waypoints_completed": 6, "tot_waypoints": 9}}
{"target": -1477.4067107758863, "params": {"k_pid_pos": [5239.85335200592, 10000.0, 8868.674697374638], "k_pid_alt": [10000.0, 0.0, 6156.049658986711], "k_pid_att": [4136.356095351594, 0.0, 0.0], "k_pid_yaw": [0.5, 1e-06, 0.1], "k_pid_hsp": [10000.0, 258.43135037644174, 7535.021400085254], "k_pid_vsp": [10000.0, 5691.183835882172, 0.0]}, "datetime": {"datetime": "2025-08-09 04:06:28", "elapsed": 40620.39453101158, "delta": 42.120928049087524}, "costs": {"total_cost": 1477.4067107758863, "time_cost": 150, "final_distance_cost": 55.329057285057644, "oscillation_cost": 568.8760710237844, "completition_cost": 555.5555555555555, "overshoot_cost": 82.14838081879118, "power_cost": 37.48627004394532, "noise_cost": 28.01137604875227, "n_waypoints_completed": 4, "tot_waypoints": 9}}
{"target": -1683.5784206286817, "params": {"k_pid_pos": [7511.878895290383, 7337.6437818464, 2773.3369673153484], "k_pid_alt": [0.0, 10000.0, 6472.934605131546], "k_pid_att": [6798.261898866969, 5605.318966164165, 0.0], "k_pid_yaw": [0.5, 1e-06, 0.1], "k_pid_hsp": [9321.385091270815, 6140.523507236451, 6881.82284748161], "k_pid_vsp": [10000.0, 1036.9396885107785, 4014.53209188281]}, "datetime": {"datetime": "2025-08-09 04:07:12", "elapsed": 40663.96744251251, "delta": 43.572911500930786}, "costs": {"total_cost": 1683.5784206286817, "time_cost": 150, "final_distance_cost": 58.167700094830764, "oscillation_cost": 328.5964512692271, "completition_cost": 1000.0, "overshoot_cost": 78.01491653052294, "power_cost": 40.17629168701172, "noise_cost": 28.62306104708908, "n_waypoints_completed": 0, "tot_waypoints": 9}}
