{"target": -10448.143547687123, "params": {"k_pid_pos": [4686.100640626238, 349.8448880050431, 710.732722076155], "k_pid_alt": [6589.469173810198, 2723.661814836393, 6356.465015385939], "k_pid_att": [5009.6664349569555, 2775.1542907658377, 4719.4103250490825], "k_pid_yaw": [0.5, 1e-06, 0.1], "k_pid_hsp": [9159.545197190859, 5601.513132331906, 8293.240194169217], "k_pid_vsp": [3129.856871596125, 2501.006810399685, 1412.3133273153032]}, "datetime": {"datetime": "2025-08-08 17:45:56", "elapsed": 3387.5992999076843, "delta": 30.36228370666504}, "costs": {"total_cost": 10448.143547687123, "time_cost": 150, "final_distance_cost": 2614.566155377285, "oscillation_cost": 716.4858004960463, "completition_cost": 1000.0, "overshoot_cost": 5767.505830577786, "power_cost": 58.662248828125, "noise_cost": 140.92351240787963, "n_waypoints_completed": 0, "tot_waypoints": 9}}
{"target": -1504.7554373793696, "params": {"k_pid_pos": [4862.904314408777, 10000.0, 8016.780974330058], "k_pid_alt": [10000.0, 1780.7597646316838, 310.296591071758], "k_pid_att": [10000.0, 6139.408188570362, 0.0], "k_pid_yaw": [0.5, 1e-06, 0.1], "k_pid_hsp": [10000.0, 7848.352278762574, 0.0], "k_pid_vsp": [10000.0, 0.0, 5786.858068297466]}, "datetime": {"datetime": "2025-08-08 17:46:27", "elapsed": 3419.4223260879517, "delta": 31.823026180267334}, "costs": {"total_cost": 1504.7554373793696, "time_cost": 150, "final_distance_cost": 63.16423828634051, "oscillation_cost": 283.5225098172311, "completition_cost": 888.8888888888888, "overshoot_cost": 48.79592988113837, "power_cost": 41.40742209472656, "noise_cost": 28.976448411044174, "n_waypoints_completed": 1, "tot_waypoints": 9}}
{"target": -7755.22886956731, "params": {"k_pid_pos": [3378.3793975035305, 2771.558773897953, 1217.6518357404075], "k_pid_alt": [5228.410157889287, 3998.868641995008, 323.70826324870427], "k_pid_att": [5714.687879734057, 215.74349391252133, 8632.09474370071], "k_pid_yaw": [0.5, 1e-06, 0.1], "k_pid_hsp": [1621.6039057905618, 8568.813625067543, 1712.3005534820256], "k_pid_vsp": [6829.91163764959, 7156.127764580784, 5613.693023931022]}, "datetime": {"datetime": "2025-08-08 17:46:57", "elapsed": 3449.1653645038605, "delta": 29.743038415908813}, "costs": {"total_cost": 7755.22886956731, "time_cost": 150, "final_distance_cost": 2487.873705465717, "oscillation_cost": 790.6300190375247, "completition_cost": 1000.0, "overshoot_cost": 3143.5006952795416, "power_cost": 58.518575292968755, "noise_cost": 124.70587449155876, "n_waypoints_completed": 0, "tot_waypoints": 9}}
{"target": -1352.4503639774987, "params": {"k_pid_pos": [1849.2501169908544, 10000.0, 10000.0], "k_pid_alt": [10000.0, 0.0, 10000.0], "k_pid_att": [6915.323988178952, 495.0605146522579, 0.0], "k_pid_yaw": [0.5, 1e-06, 0.1], "k_pid_hsp": [0.0, 3374.269961203989, 0.0], "k_pid_vsp": [7517.776225268741, 9247.968020325337, 5398.083370124879]}, "datetime": {"datetime": "2025-08-08 17:47:30", "elapsed": 3482.4733951091766, "delta": 33.30803060531616}, "costs": {"total_cost": 1352.4503639774987, "time_cost": 150, "final_distance_cost": 89.52776359773183, "oscillation_cost": 168.47625661092113, "completition_cost": 777.7777777777778, "overshoot_cost": 92.7325382035982, "power_cost": 44.30959390869141, "noise_cost": 29.626433878778442, "n_waypoints_completed": 2, "tot_waypoints": 9}}
{"target": -1356.5848535120974, "params": {"k_pid_pos": [6083.1209860224735, 334.51936886767066, 2267.883602891182], "k_pid_alt": [7673.741140638939, 4078.5753553709847, 7265.428101419001], "k_pid_att": [9508.135838539822, 2122.013249447987, 42.90388610064366], "k_pid_yaw": [0.5, 1e-06, 0.1], "k_pid_hsp": [1900.7192872633104, 3618.8708367123745, 707.5092800593286], "k_pid_vsp": [3353.4854524909574, 8406.229218620547, 7540.841174664449]}, "datetime": {"datetime": "2025-08-08 17:48:01", "elapsed": 3512.7187056541443, "delta": 30.24531054496765}, "costs": {"total_cost": 1356.5848535120974, "time_cost": 150, "final_distance_cost": 98.65915562078507, "oscillation_cost": 201.78135154382684, "completition_cost": 777.7777777777778, "overshoot_cost": 57.992768950588705, "power_cost": 41.40362849121094, "noise_cost": 28.970171127908102, "n_waypoints_completed": 2, "tot_waypoints": 9}}
{"target": -1345.580811892044, "params": {"k_pid_pos": [6790.021631394436, 10000.0, 1650.1565922193597], "k_pid_alt": [10000.0, 0.0, 5907.415368036338], "k_pid_att": [10000.0, 448.2350317629299, 0.0], "k_pid_yaw": [0.5, 1e-06, 0.1], "k_pid_hsp": [5124.882559110513, 5358.331297820104, 0.0], "k_pid_vsp": [6249.536242486721, 10000.0, 5701.5618256386815]}, "datetime": {"datetime": "2025-08-08 17:48:33", "elapsed": 3544.9052069187164, "delta": 32.186501264572144}, "costs": {"total_cost": 1345.580811892044, "time_cost": 150, "final_distance_cost": 60.40714555979744, "oscillation_cost": 334.9275051074589, "completition_cost": 666.6666666666667, "overshoot_cost": 63.998359948441816, "power_cost": 40.8492574584961, "noise_cost": 28.731877151183227, "n_waypoints_completed": 3, "tot_waypoints": 9}}
{"target": -3138.4430332885045, "params": {"k_pid_pos": [7577.5188520954725, 3767.9875454456824, 5585.103404981838], "k_pid_alt": [4969.470157063212, 2584.7731000696317, 3217.274055409662], "k_pid_att": [6953.317142985663, 5906.434655841207, 3207.5181585630453], "k_pid_yaw": [0.5, 1e-06, 0.1], "k_pid_hsp": [2099.8758093513115, 5605.26949171944, 6422.535593591514], "k_pid_vsp": [6740.595016521135, 4186.417541290757, 1862.877329941015]}, "datetime": {"datetime": "2025-08-08 17:49:03", "elapsed": 3574.9595568180084, "delta": 30.054349899291992}, "costs": {"total_cost": 3138.4430332885045, "time_cost": 150, "final_distance_cost": 304.81288869725154, "oscillation_cost": 569.0150821468583, "completition_cost": 1000.0, "overshoot_cost": 951.8305694017554, "power_cost": 56.77551882324219, "noise_cost": 106.00897421939729, "n_waypoints_completed": 0, "tot_waypoints": 9}}
{"target": -1956.876433778106, "params": {"k_pid_pos": [8175.368195529163, 5145.767304768197, 4939.724246860615], "k_pid_alt": [10000.0, 0.0, 3112.3283600939076], "k_pid_att": [10000.0, 7405.908393738767, 0.0], "k_pid_yaw": [0.5, 1e-06, 0.1], "k_pid_hsp": [2235.461305738206, 2714.3583960421593, 6217.383015530628], "k_pid_vsp": [6426.925266852973, 5006.584075558393, 1529.3670876250262]}, "datetime": {"datetime": "2025-08-08 17:49:35", "elapsed": 3606.5842258930206, "delta": 31.624669075012207}, "costs": {"total_cost": 1956.876433778106, "time_cost": 150, "final_distance_cost": 82.72437401589917, "oscillation_cost": 785.0424137296774, "completition_cost": 777.7777777777778, "overshoot_cost": 96.967588802773, "power_cost": 36.45143145751953, "noise_cost": 27.912847994459195, "n_waypoints_completed": 2, "tot_waypoints": 9}}
{"target": -1449.1744181644299, "params": {"k_pid_pos": [8728.930837239182, 2129.876243733654, 10000.0], "k_pid_alt": [10000.0, 0.0, 7979.022658028777], "k_pid_att": [10000.0, 2544.1339084215497, 0.0], "k_pid_yaw": [0.5, 1e-06, 0.1], "k_pid_hsp": [0.0, 1377.5405810383465, 0.0], "k_pid_vsp": [5572.72116113064, 6644.829405552873, 3603.5394915928036]}, "datetime": {"datetime": "2025-08-08 17:50:06", "elapsed": 3638.390375852585, "delta": 31.80614995956421}, "costs": {"total_cost": 1449.1744181644299, "time_cost": 150, "final_distance_cost": 63.73353275937808, "oscillation_cost": 182.31272091057073, "completition_cost": 888.8888888888888, "overshoot_cost": 89.92574713324647, "power_cost": 44.67604068603516, "noise_cost": 29.63748778631085, "n_waypoints_completed": 1, "tot_waypoints": 9}}
{"target": -10351.712914715637, "params": {"k_pid_pos": [1609.6896889557577, 1639.3979005740334, 7058.114892098379], "k_pid_alt": [2128.77873815962, 7014.929868736887, 9882.310039844038], "k_pid_att": [8861.35430412575, 5427.444566500818, 8714.14020513698], "k_pid_yaw": [0.5, 1e-06, 0.1], "k_pid_hsp": [5868.172994044671, 4367.745281965344, 4422.099097304583], "k_pid_vsp": [6093.84153872182, 3886.7226734477013, 3115.0222423495775]}, "datetime": {"datetime": "2025-08-08 17:50:36", "elapsed": 3668.0364933013916, "delta": 29.646117448806763}, "costs": {"total_cost": 10351.712914715637, "time_cost": 150, "final_distance_cost": 2786.5854789021137, "oscillation_cost": 824.4521600732352, "completition_cost": 1000.0, "overshoot_cost": 5390.197823776369, "power_cost": 58.63491802978516, "noise_cost": 141.84253393413326, "n_waypoints_completed": 0, "tot_waypoints": 9}}
{"target": -2135.8507849962007, "params": {"k_pid_pos": [5474.830963528983, 0.0, 0.0], "k_pid_alt": [5029.577237971017, 4364.974662398878, 0.0], "k_pid_att": [10000.0, 10000.0, 0.0], "k_pid_yaw": [0.5, 1e-06, 0.1], "k_pid_hsp": [3702.380456344658, 0.0, 4696.44772354264], "k_pid_vsp": [6504.84803304457, 0.0, 0.0]}, "datetime": {"datetime": "2025-08-08 17:51:09", "elapsed": 3701.4213852882385, "delta": 33.384891986846924}, "costs": {"total_cost": 2135.8507849962007, "time_cost": 150, "final_distance_cost": 69.38332569182407, "oscillation_cost": 755.4478591647635, "completition_cost": 1000.0, "overshoot_cost": 95.92327631196069, "power_cost": 37.01904302978516, "noise_cost": 28.07728079786689, "n_waypoints_completed": 0, "tot_waypoints": 9}}
{"target": -1301.6412999122501, "params": {"k_pid_pos": [3790.25030193761, 3233.874490240155, 3542.2152025184805], "k_pid_alt": [6805.702305858453, 4487.025352014486, 2723.3068205078293], "k_pid_att": [4952.192872111466, 6389.214995369325, 245.74868252056348], "k_pid_yaw": [0.5, 1e-06, 0.1], "k_pid_hsp": [5169.389000856565, 9868.491777401967, 2947.4990927171875], "k_pid_vsp": [5572.105893898288, 448.263974158567, 2200.1976498889485]}, "datetime": {"datetime": "2025-08-08 17:51:39", "elapsed": 3731.375988483429, "delta": 29.95460319519043}, "costs": {"total_cost": 1301.6412999122501, "time_cost": 150, "final_distance_cost": 87.57604958350701, "oscillation_cost": 139.8672130955931, "completition_cost": 777.7777777777778, "overshoot_cost": 79.27861131359705, "power_cost": 38.936877929687505, "noise_cost": 28.204770212087563, "n_waypoints_completed": 2, "tot_waypoints": 9}}
{"target": -4542.523089674592, "params": {"k_pid_pos": [6484.730986907342, 6034.488479836125, 9362.372673264435], "k_pid_alt": [3979.195721838916, 8532.246171752926, 1829.7728508355137], "k_pid_att": [5794.819813937646, 7807.5788376745195, 2373.372731431348], "k_pid_yaw": [0.5, 1e-06, 0.1], "k_pid_hsp": [8080.140448135966, 5642.911972031456, 2085.163188799466], "k_pid_vsp": [3908.412479483211, 1627.613071954973, 8716.817685214744]}, "datetime": {"datetime": "2025-08-08 17:52:09", "elapsed": 3761.520822286606, "delta": 30.14483380317688}, "costs": {"total_cost": 4542.523089674592, "time_cost": 150, "final_distance_cost": 603.9171148565318, "oscillation_cost": 554.8271574613742, "completition_cost": 1000.0, "overshoot_cost": 2057.1972546845027, "power_cost": 55.461190942382814, "noise_cost": 121.12037172979949, "n_waypoints_completed": 0, "tot_waypoints": 9}}
{"target": -3559.446187723783, "params": {"k_pid_pos": [6777.569970374508, 7193.9674759703175, 226.40273019696954], "k_pid_alt": [529.3849773803983, 2532.683285897522, 1635.9454399291108], "k_pid_att": [474.549950106089, 1654.2287158365975, 6045.82129588417], "k_pid_yaw": [0.5, 1e-06, 0.1], "k_pid_hsp": [4563.371411392838, 4845.637961209627, 9368.017524599984], "k_pid_vsp": [6092.948020813167, 6953.351176468097, 5666.867278037603]}, "datetime": {"datetime": "2025-08-08 17:52:40", "elapsed": 3791.91588139534, "delta": 30.39505910873413}, "costs": {"total_cost": 3559.446187723783, "time_cost": 150, "final_distance_cost": 388.1775085599093, "oscillation_cost": 808.4678919518014, "completition_cost": 1000.0, "overshoot_cost": 1030.092765493643, "power_cost": 58.58709399414063, "noise_cost": 124.12092772428942, "n_waypoints_completed": 0, "tot_waypoints": 9}}
{"target": -7192.9617988860955, "params": {"k_pid_pos": [2542.279936301782, 6438.140485035968, 8869.30068792743], "k_pid_alt": [8752.721878890034, 6992.722867924806, 1708.802147706182], "k_pid_att": [454.86534316814374, 2096.467235593932, 5502.791342232309], "k_pid_yaw": [0.5, 1e-06, 0.1], "k_pid_hsp": [6931.633361592294, 9527.74453506945, 5158.210795853932], "k_pid_vsp": [9384.526229772693, 9603.638347095975, 9994.707656847724]}, "datetime": {"datetime": "2025-08-08 17:53:10", "elapsed": 3822.111834526062, "delta": 30.195953130722046}, "costs": {"total_cost": 7192.9617988860955, "time_cost": 150, "final_distance_cost": 1143.579749018173, "oscillation_cost": 448.1682606501755, "completition_cost": 1000.0, "overshoot_cost": 4307.749477662494, "power_cost": 51.613266101074224, "noise_cost": 91.85104545417875, "n_waypoints_completed": 0, "tot_waypoints": 9}}
{"target": -23635.062739937046, "params": {"k_pid_pos": [6960.66484090521, 1113.3158662423016, 973.9369785091201], "k_pid_alt": [1661.227206813516, 7840.63243962763, 3702.314453135912], "k_pid_att": [7604.347412650203, 8185.100080387999, 9616.06709601754], "k_pid_yaw": [0.5, 1e-06, 0.1], "k_pid_hsp": [6195.334043279632, 4731.772272436041, 5740.484847093255], "k_pid_vsp": [9408.17034171356, 7305.778382564954, 7476.958551415386]}, "datetime": {"datetime": "2025-08-08 17:53:40", "elapsed": 3852.346218109131, "delta": 30.234383583068848}, "costs": {"total_cost": 23635.062739937046, "time_cost": 150, "final_distance_cost": 6707.817166742221, "oscillation_cost": 1656.0807124399792, "completition_cost": 1000.0, "overshoot_cost": 13919.465289871523, "power_cost": 58.655612695312506, "noise_cost": 143.0439581880131, "n_waypoints_completed": 0, "tot_waypoints": 9}}
{"target": -3201.042000555666, "params": {"k_pid_pos": [391.5828565057133, 9445.385369050651, 9272.630557210698], "k_pid_alt": [5437.717032310044, 9779.342137123549, 3600.3545231653934], "k_pid_att": [8233.609662059425, 3245.2602118805785, 1584.0849688560843], "k_pid_yaw": [0.5, 1e-06, 0.1], "k_pid_hsp": [7509.511340375557, 1758.4592406579359, 3522.7753331197855], "k_pid_vsp": [5346.178253542678, 5018.406939746856, 4855.2966751217]}, "datetime": {"datetime": "2025-08-08 17:54:11", "elapsed": 3882.6372599601746, "delta": 30.2910418510437}, "costs": {"total_cost": 3201.042000555666, "time_cost": 150, "final_distance_cost": 589.4835731876731, "oscillation_cost": 111.78799192995758, "completition_cost": 1000.0, "overshoot_cost": 1274.499432202919, "power_cost": 38.36142828369141, "noise_cost": 36.909574951424965, "n_waypoints_completed": 0, "tot_waypoints": 9}}
{"target": -1416.125612959319, "params": {"k_pid_pos": [4003.338331667477, 3157.845318083993, 2483.5642874757154], "k_pid_alt": [10000.0, 2096.447760285619, 603.0719822170307], "k_pid_att": [10000.0, 9642.202712949924, 0.0], "k_pid_yaw": [0.5, 1e-06, 0.1], "k_pid_hsp": [7134.31379456778, 10000.0, 0.0], "k_pid_vsp": [7991.076082896743, 0.0, 0.0]}, "datetime": {"datetime": "2025-08-08 17:54:43", "elapsed": 3914.8230464458466, "delta": 32.185786485672}, "costs": {"total_cost": 1416.125612959319, "time_cost": 150, "final_distance_cost": 71.40092704965834, "oscillation_cost": 403.9137788203424, "completition_cost": 666.6666666666667, "overshoot_cost": 53.369002456278785, "power_cost": 41.75836530761719, "noise_cost": 29.016872658755293, "n_waypoints_completed": 3, "tot_waypoints": 9}}
{"target": -9288.72925196233, "params": {"k_pid_pos": [6041.654489527495, 1719.904781713969, 397.4783959056338], "k_pid_alt": [627.6127516359786, 634.121513674455, 7067.013239831712], "k_pid_att": [2677.3125588607904, 7257.089386913374, 5811.594187427412], "k_pid_yaw": [0.5, 1e-06, 0.1], "k_pid_hsp": [8654.543313178121, 1040.44564419706, 2585.871883547641], "k_pid_vsp": [5963.606000811703, 1057.4360999166854, 7244.043692134489]}, "datetime": {"datetime": "2025-08-08 17:55:13", "elapsed": 3944.544872522354, "delta": 29.72182607650757}, "costs": {"total_cost": 9288.72925196233, "time_cost": 150, "final_distance_cost": 1676.3323844128895, "oscillation_cost": 1261.5959556750454, "completition_cost": 1000.0, "overshoot_cost": 5013.896631823362, "power_cost": 57.34601140136719, "noise_cost": 129.55826864966622, "n_waypoints_completed": 0, "tot_waypoints": 9}}
{"target": -1673.183864963301, "params": {"k_pid_pos": [3149.297266817684, 5582.9318841067325, 7745.297624835435], "k_pid_alt": [10000.0, 10000.0, 238.38151812877604], "k_pid_att": [10000.0, 10000.0, 0.0], "k_pid_yaw": [0.5, 1e-06, 0.1], "k_pid_hsp": [9212.815107918012, 0.0, 0.0], "k_pid_vsp": [4961.08649815386, 4710.295091720288, 2885.874951781756]}, "datetime": {"datetime": "2025-08-08 17:55:45", "elapsed": 3976.667143344879, "delta": 32.122270822525024}, "costs": {"total_cost": 1673.183864963301, "time_cost": 150, "final_distance_cost": 51.633774321507914, "oscillation_cost": 641.4257314976996, "completition_cost": 666.6666666666667, "overshoot_cost": 97.9995205584021, "power_cost": 36.76232797851563, "noise_cost": 28.695843940508812, "n_waypoints_completed": 3, "tot_waypoints": 9}}
{"target": -8180.551935342245, "params": {"k_pid_pos": [1993.6858481290776, 8471.947902568972, 8614.676442621878], "k_pid_alt": [3834.7455351711346, 9893.326442139318, 2734.9265068607288], "k_pid_att": [6595.469750616093, 1663.9058395879458, 8729.647584856886], "k_pid_yaw": [0.5, 1e-06, 0.1], "k_pid_hsp": [2761.4157734590526, 1372.6416833050991, 492.9440838577104], "k_pid_vsp": [5886.580039157743, 753.491224012548, 6720.717486747562]}, "datetime": {"datetime": "2025-08-08 17:56:15", "elapsed": 4007.1118817329407, "delta": 30.444738388061523}, "costs": {"total_cost": 8180.551935342245, "time_cost": 150, "final_distance_cost": 2015.6876332797756, "oscillation_cost": 25.67187812336818, "completition_cost": 1000.0, "overshoot_cost": 4926.154065527864, "power_cost": 35.26084041748047, "noise_cost": 27.777517993757115, "n_waypoints_completed": 0, "tot_waypoints": 9}}
{"target": -2854.653332017347, "params": {"k_pid_pos": [3700.552997541089, 3357.060375020351, 8520.299022138703], "k_pid_alt": [6658.982253646552, 5410.091707198613, 9678.348542728338], "k_pid_att": [9837.458264330027, 8415.658178294614, 2191.7729874702886], "k_pid_yaw": [0.5, 1e-06, 0.1], "k_pid_hsp": [1983.387412421469, 2641.373647910229, 6060.580164370819], "k_pid_vsp": [7592.06172343511, 4820.429713410543, 8238.318940466283]}, "datetime": {"datetime": "2025-08-08 17:56:45", "elapsed": 4036.955425977707, "delta": 29.843544244766235}, "costs": {"total_cost": 2854.653332017347, "time_cost": 150, "final_distance_cost": 534.9756627376948, "oscillation_cost": 63.003667872211466, "completition_cost": 1000.0, "overshoot_cost": 1043.9259781961189, "power_cost": 35.02956512451172, "noise_cost": 27.71845808680989, "n_waypoints_completed": 0, "tot_waypoints": 9}}
{"target": -1615.6525097149313, "params": {"k_pid_pos": [5339.445483792735, 7298.682226965514, 1122.1051772850562], "k_pid_alt": [10000.0, 7202.448659866568, 2624.60296748731], "k_pid_att": [10000.0, 4949.087615329253, 0.0], "k_pid_yaw": [0.5, 1e-06, 0.1], "k_pid_hsp": [5373.64430876442, 6522.789192628839, 0.0], "k_pid_vsp": [6173.077564825484, 0.0, 5514.627439654657]}, "datetime": {"datetime": "2025-08-08 17:57:18", "elapsed": 4070.214567422867, "delta": 33.25914144515991}, "costs": {"total_cost": 1615.6525097149313, "time_cost": 150, "final_distance_cost": 34.64962586298409, "oscillation_cost": 298.4794477870493, "completition_cost": 1000.0, "overshoot_cost": 62.035529224479596, "power_cost": 41.52439011230469, "noise_cost": 28.96351672811352, "n_waypoints_completed": 0, "tot_waypoints": 9}}
{"target": -2989.4510833357153, "params": {"k_pid_pos": [2093.052120194766, 2608.985599735114, 8025.909651891317], "k_pid_alt": [965.7388451232207, 2952.8059644906457, 4625.899522629131], "k_pid_att": [9247.861250621381, 5793.062492928344, 5565.78528669605], "k_pid_yaw": [0.5, 1e-06, 0.1], "k_pid_hsp": [3176.727771242227, 9277.70076200965, 6809.745965085989], "k_pid_vsp": [863.8589174659128, 173.8023980834158, 9868.018782439773]}, "datetime": {"datetime": "2025-08-08 17:57:48", "elapsed": 4100.307839870453, "delta": 30.09327244758606}, "costs": {"total_cost": 2989.4510833357153, "time_cost": 150, "final_distance_cost": 482.7751659609569, "oscillation_cost": 299.0082636115128, "completition_cost": 1000.0, "overshoot_cost": 946.308176590502, "power_cost": 50.018609375000004, "noise_cost": 61.34086779774409, "n_waypoints_completed": 0, "tot_waypoints": 9}}
{"target": -10496.644199729128, "params": {"k_pid_pos": [4034.5568502815563, 5176.6170976546, 1432.71727309363], "k_pid_alt": [1874.2397666689114, 7037.27945503063, 8447.128445203984], "k_pid_att": [3753.80885612432, 8938.447901744194, 4041.8426237894523], "k_pid_yaw": [0.5, 1e-06, 0.1], "k_pid_hsp": [1920.470706159141, 3276.3327781557637, 6032.251697365311], "k_pid_vsp": [5002.815796767627, 9692.547029248053, 3948.7268884654104]}, "datetime": {"datetime": "2025-08-08 17:58:19", "elapsed": 4130.981851100922, "delta": 30.67401123046875}, "costs": {"total_cost": 10496.644199729128, "time_cost": 150, "final_distance_cost": 2550.2139660869366, "oscillation_cost": 1378.0709816462052, "completition_cost": 1000.0, "overshoot_cost": 5216.370796097366, "power_cost": 58.65574487304688, "noise_cost": 143.33271102557245, "n_waypoints_completed": 0, "tot_waypoints": 9}}
{"target": -2162.1948342432843, "params": {"k_pid_pos": [5385.7146007505235, 3409.304390497998, 4572.469948485045], "k_pid_alt": [8277.971230470166, 0.0, 4275.3189690419995], "k_pid_att": [10000.0, 9090.846869072755, 0.0], "k_pid_yaw": [0.5, 1e-06, 0.1], "k_pid_hsp": [192.8253158917602, 10000.0, 4664.387805302025], "k_pid_vsp": [4847.2639233625105, 0.0, 7011.612939527138]}, "datetime": {"datetime": "2025-08-08 17:58:51", "elapsed": 4163.045965433121, "delta": 32.0641143321991}, "costs": {"total_cost": 2162.1948342432843, "time_cost": 150, "final_distance_cost": 126.43898668155123, "oscillation_cost": 724.6656586065824, "completition_cost": 888.8888888888888, "overshoot_cost": 207.0845016496155, "power_cost": 36.836151000976564, "noise_cost": 28.28064741566964, "n_waypoints_completed": 1, "tot_waypoints": 9}}
