{"target": -2350.8848636055523, "params": {"k_pid_pos": [0.0, 0.0, 10000.0], "k_pid_alt": [10000.0, 10000.0, 4166.972731381898], "k_pid_att": [10000.0, 7021.335780160494, 0.0], "k_pid_yaw": [0.5, 1e-06, 0.1], "k_pid_hsp": [5267.349704224205, 5456.661592448789, 4426.720680220872], "k_pid_vsp": [10000.0, 0.0, 10000.0]}, "datetime": {"datetime": "2025-08-08 17:32:26", "elapsed": 2577.7182602882385, "delta": 35.93418264389038}, "costs": {"total_cost": 2350.8848636055523, "time_cost": 150, "final_distance_cost": 92.21749425995061, "oscillation_cost": 899.7540900710982, "completition_cost": 1000.0, "overshoot_cost": 144.2685553974247, "power_cost": 36.548523937988286, "noise_cost": 28.096199939090752, "n_waypoints_completed": 0, "tot_waypoints": 9}}
{"target": -23424.63841042756, "params": {"k_pid_pos": [731.2519811661878, 1642.1810701609274, 7479.9930218162635], "k_pid_alt": [3916.544818972515, 4726.996831298853, 209.56216472405532], "k_pid_att": [9543.364340282478, 1056.542720051824, 3471.301841598791], "k_pid_yaw": [0.5, 1e-06, 0.1], "k_pid_hsp": [5469.1514870210085, 7389.683233510102, 5702.384367745329], "k_pid_vsp": [4011.8575122001453, 3781.470535172665, 3178.9984005480933]}, "datetime": {"datetime": "2025-08-08 17:32:59", "elapsed": 2611.4019112586975, "delta": 33.683650970458984}, "costs": {"total_cost": 23424.63841042756, "time_cost": 150, "final_distance_cost": 6479.943476514907, "oscillation_cost": 678.4134085570115, "completition_cost": 1000.0, "overshoot_cost": 14928.890773943824, "power_cost": 58.64661419677735, "noise_cost": 128.7441372150413, "n_waypoints_completed": 0, "tot_waypoints": 9}}
{"target": -2478.3679869877737, "params": {"k_pid_pos": [2698.1824661951005, 9383.202338646344, 754.1970488620198], "k_pid_alt": [5368.252984390203, 3423.1082512155476, 3616.9126326095657], "k_pid_att": [5305.950015517187, 3051.077120184872, 1861.245897974324], "k_pid_yaw": [0.5, 1e-06, 0.1], "k_pid_hsp": [5240.429589030719, 195.46093584548618, 1973.577271311705], "k_pid_vsp": [8234.630377915448, 9444.953579017027, 1118.4376468362923]}, "datetime": {"datetime": "2025-08-08 17:33:29", "elapsed": 2640.8972973823547, "delta": 29.495386123657227}, "costs": {"total_cost": 2478.3679869877737, "time_cost": 150, "final_distance_cost": 295.92514852720126, "oscillation_cost": 369.37545843836716, "completition_cost": 1000.0, "overshoot_cost": 535.9521602574628, "power_cost": 50.149831359863285, "noise_cost": 76.96538840487932, "n_waypoints_completed": 0, "tot_waypoints": 9}}
{"target": -1502.3275847540485, "params": {"k_pid_pos": [0.0, 6998.818565610556, 0.0], "k_pid_alt": [7102.625848801073, 3924.011879063835, 3335.7224142849905], "k_pid_att": [10000.0, 8233.968099112337, 0.0], "k_pid_yaw": [0.5, 1e-06, 0.1], "k_pid_hsp": [8129.400985594712, 0.0, 0.0], "k_pid_vsp": [6714.553588332274, 0.0, 787.4359315528297]}, "datetime": {"datetime": "2025-08-08 17:34:01", "elapsed": 2672.680619955063, "delta": 31.78332257270813}, "costs": {"total_cost": 1502.3275847540485, "time_cost": 150, "final_distance_cost": 46.11470087565975, "oscillation_cost": 177.69701045274655, "completition_cost": 1000.0, "overshoot_cost": 55.930715557679086, "power_cost": 43.35647174072266, "noise_cost": 29.228686127240582, "n_waypoints_completed": 0, "tot_waypoints": 9}}
{"target": -11356.358856635881, "params": {"k_pid_pos": [8405.19305605741, 7989.914360341402, 5494.984145844971], "k_pid_alt": [9581.717648659633, 8541.975819782529, 2571.1639102022054], "k_pid_att": [3192.4345947319634, 9718.34247690538, 7877.754752684527], "k_pid_yaw": [0.5, 1e-06, 0.1], "k_pid_hsp": [1793.5279661059833, 9053.286427302073, 427.18594627992326], "k_pid_vsp": [2774.4819965558586, 3583.96626623675, 8288.358505591052]}, "datetime": {"datetime": "2025-08-08 17:34:30", "elapsed": 2702.196058034897, "delta": 29.515438079833984}, "costs": {"total_cost": 11356.358856635881, "time_cost": 150, "final_distance_cost": 1757.642859436021, "oscillation_cost": 1207.8120700639015, "completition_cost": 1000.0, "overshoot_cost": 7055.214074114486, "power_cost": 56.943616027832036, "noise_cost": 128.7462369936411, "n_waypoints_completed": 0, "tot_waypoints": 9}}
{"target": -8906.647690284284, "params": {"k_pid_pos": [270.95142487891354, 7070.742603184223, 1773.9900627470306], "k_pid_alt": [5463.8894000145165, 7113.76716109968, 3384.957989088778], "k_pid_att": [7208.57789402233, 3822.8858251908528, 4154.163204406901], "k_pid_yaw": [0.5, 1e-06, 0.1], "k_pid_hsp": [1196.4041756718914, 4601.910794424747, 9822.966207176682], "k_pid_vsp": [8983.258322402196, 6533.058273191121, 7783.708802997094]}, "datetime": {"datetime": "2025-08-08 17:35:00", "elapsed": 2731.921523809433, "delta": 29.725465774536133}, "costs": {"total_cost": 8906.647690284284, "time_cost": 150, "final_distance_cost": 1770.5080256440606, "oscillation_cost": 555.3426947116355, "completition_cost": 1000.0, "overshoot_cost": 5276.837553707072, "power_cost": 53.85564365234375, "noise_cost": 100.10377256917384, "n_waypoints_completed": 0, "tot_waypoints": 9}}
{"target": -3498.157412271016, "params": {"k_pid_pos": [2265.1206718579297, 185.54320499192477, 5903.391608522453], "k_pid_alt": [6965.061885642849, 2735.7307002684106, 8066.971187270947], "k_pid_att": [5075.781925011006, 7070.412606671433, 3216.9886580855077], "k_pid_yaw": [0.5, 1e-06, 0.1], "k_pid_hsp": [4843.007053415853, 1065.7321032786294, 3235.716672534594], "k_pid_vsp": [2961.0016984320164, 7201.427953774575, 7487.517024043247]}, "datetime": {"datetime": "2025-08-08 17:35:30", "elapsed": 2761.6591231822968, "delta": 29.73759937286377}, "costs": {"total_cost": 3498.157412271016, "time_cost": 150, "final_distance_cost": 262.1718948102516, "oscillation_cost": 473.293798888575, "completition_cost": 1000.0, "overshoot_cost": 1477.7802462452455, "power_cost": 49.473943640136724, "noise_cost": 85.43752868680677, "n_waypoints_completed": 0, "tot_waypoints": 9}}
{"target": -1231.5670905720094, "params": {"k_pid_pos": [2968.1652996906823, 8349.362444423065, 3561.848175605892], "k_pid_alt": [10000.0, 0.0, 8033.017889574461], "k_pid_att": [10000.0, 4493.182057886981, 0.0], "k_pid_yaw": [0.5, 1e-06, 0.1], "k_pid_hsp": [1948.4560722235158, 0.0, 0.0], "k_pid_vsp": [2155.60348145572, 7410.622169964833, 1831.0781975407092]}, "datetime": {"datetime": "2025-08-08 17:36:02", "elapsed": 2794.4578511714935, "delta": 32.79872798919678}, "costs": {"total_cost": 1231.5670905720094, "time_cost": 150, "final_distance_cost": 44.56779894349349, "oscillation_cost": 336.3702703533098, "completition_cost": 555.5555555555555, "overshoot_cost": 75.93673314744947, "power_cost": 40.39827730712891, "noise_cost": 28.738455265072172, "n_waypoints_completed": 4, "tot_waypoints": 9}}
{"target": -2424.5953625027983, "params": {"k_pid_pos": [2887.0191111821064, 27.829514828896507, 5087.104450103038], "k_pid_alt": [6533.331234681761, 8262.981684856479, 277.82030556530503], "k_pid_att": [9853.152372896802, 9506.14954078561, 4396.189296585468], "k_pid_yaw": [0.5, 1e-06, 0.1], "k_pid_hsp": [8620.779240001417, 2935.9097517243517, 3247.765417906744], "k_pid_vsp": [4807.789703949332, 8354.920876270739, 4201.73953910136]}, "datetime": {"datetime": "2025-08-08 17:36:32", "elapsed": 2823.794873714447, "delta": 29.33702254295349}, "costs": {"total_cost": 2424.5953625027983, "time_cost": 150, "final_distance_cost": 76.56685226767947, "oscillation_cost": 483.19619045080987, "completition_cost": 1000.0, "overshoot_cost": 573.7515709122723, "power_cost": 53.35610848388672, "noise_cost": 87.72464038815014, "n_waypoints_completed": 0, "tot_waypoints": 9}}
{"target": -1294.7971890633653, "params": {"k_pid_pos": [0.0, 0.0, 0.0], "k_pid_alt": [9141.805238799423, 4508.05758536909, 2764.8288418201832], "k_pid_att": [10000.0, 10000.0, 0.0], "k_pid_yaw": [0.5, 1e-06, 0.1], "k_pid_hsp": [6500.439734014429, 0.0, 0.0], "k_pid_vsp": [4096.735307859286, 7436.83882057437, 3229.208387770334]}, "datetime": {"datetime": "2025-08-08 17:37:05", "elapsed": 2856.541650533676, "delta": 32.746776819229126}, "costs": {"total_cost": 1294.7971890633653, "time_cost": 150, "final_distance_cost": 46.017300218739365, "oscillation_cost": 0.0, "completition_cost": 1000.0, "overshoot_cost": 47.40067208929573, "power_cost": 29.77764794921875, "noise_cost": 21.601568806111366, "n_waypoints_completed": 0, "tot_waypoints": 9}}
{"target": -4379.972813681643, "params": {"k_pid_pos": [1024.9797174230423, 7236.337052507151, 9523.564471358372], "k_pid_alt": [9273.378368440728, 659.0725957436227, 417.4561577951996], "k_pid_att": [2441.445904913303, 1611.2322334165829, 7028.841571199106], "k_pid_yaw": [0.5, 1e-06, 0.1], "k_pid_hsp": [2441.188813734746, 6715.327935534463, 9278.707183523084], "k_pid_vsp": [5075.733908841288, 5227.831793731746, 2472.553145076446]}, "datetime": {"datetime": "2025-08-08 17:37:35", "elapsed": 2886.6676790714264, "delta": 30.126028537750244}, "costs": {"total_cost": 4379.972813681643, "time_cost": 150, "final_distance_cost": 508.37692912041007, "oscillation_cost": 796.5625047073703, "completition_cost": 1000.0, "overshoot_cost": 1742.6699930933357, "power_cost": 58.55283464355469, "noise_cost": 123.81055211697199, "n_waypoints_completed": 0, "tot_waypoints": 9}}
{"target": -6645.536897446871, "params": {"k_pid_pos": [9094.916978305588, 9283.13114535307, 6940.522604947467], "k_pid_alt": [6482.871635988092, 6372.136311919005, 2599.8089448814544], "k_pid_att": [8999.75663129058, 1108.9045936933385, 5526.036966112543], "k_pid_yaw": [0.5, 1e-06, 0.1], "k_pid_hsp": [754.3174161949795, 8518.690427678528, 7714.17098928527], "k_pid_vsp": [1024.4263035250278, 5904.233655462497, 3827.542717298772]}, "datetime": {"datetime": "2025-08-08 17:38:05", "elapsed": 2917.397726535797, "delta": 30.730047464370728}, "costs": {"total_cost": 6645.536897446871, "time_cost": 150, "final_distance_cost": 1315.8100113360483, "oscillation_cost": 25.66640803667066, "completition_cost": 1000.0, "overshoot_cost": 4090.8547354254274, "power_cost": 35.39959975585938, "noise_cost": 27.806142892865346, "n_waypoints_completed": 0, "tot_waypoints": 9}}
{"target": -11690.174024944665, "params": {"k_pid_pos": [1808.353658519759, 1357.7261350624892, 7333.425622705663], "k_pid_alt": [9204.865526181626, 9577.375545597155, 3232.239547153182], "k_pid_att": [9126.534466153078, 1270.319891182774, 9884.169100199952], "k_pid_yaw": [0.5, 1e-06, 0.1], "k_pid_hsp": [3483.9297331927023, 1129.9564206498646, 4088.1154779975373], "k_pid_vsp": [9242.795859483269, 745.9475949257032, 1919.3269614196174]}, "datetime": {"datetime": "2025-08-08 17:38:35", "elapsed": 2947.0238637924194, "delta": 29.626137256622314}, "costs": {"total_cost": 11690.174024944665, "time_cost": 150, "final_distance_cost": 2895.262676213129, "oscillation_cost": 769.290288079499, "completition_cost": 1000.0, "overshoot_cost": 6690.435969537638, "power_cost": 58.27567121582032, "noise_cost": 126.90941989857609, "n_waypoints_completed": 0, "tot_waypoints": 9}}
{"target": -1639.7227401725554, "params": {"k_pid_pos": [2189.68713236809, 923.3856836625199, 2384.062832941989], "k_pid_alt": [10000.0, 6902.94554677314, 0.0], "k_pid_att": [10000.0, 10000.0, 0.0], "k_pid_yaw": [0.5, 1e-06, 0.1], "k_pid_hsp": [10000.0, 4085.2903027359084, 0.0], "k_pid_vsp": [10000.0, 0.0, 7008.906725638547]}, "datetime": {"datetime": "2025-08-08 17:39:07", "elapsed": 2979.058895587921, "delta": 32.03503179550171}, "costs": {"total_cost": 1639.7227401725554, "time_cost": 150, "final_distance_cost": 45.58696603596134, "oscillation_cost": 725.4937787145108, "completition_cost": 555.5555555555555, "overshoot_cost": 97.20150458488894, "power_cost": 37.590590734863284, "noise_cost": 28.294344546775317, "n_waypoints_completed": 4, "tot_waypoints": 9}}
{"target": -6946.011984569426, "params": {"k_pid_pos": [0.0, 2053.1203391491676, 958.3654992988704], "k_pid_alt": [3718.6352426019125, 0.0, 6394.707044785288], "k_pid_att": [4976.674206122268, 4753.645219476034, 0.0], "k_pid_yaw": [0.5, 1e-06, 0.1], "k_pid_hsp": [2088.9764530689836, 0.0, 0.0], "k_pid_vsp": [0.0, 0.0, 0.0]}, "datetime": {"datetime": "2025-08-08 17:39:39", "elapsed": 3011.29217171669, "delta": 32.23327612876892}, "costs": {"total_cost": 6946.011984569426, "time_cost": 150, "final_distance_cost": 1732.5927439244917, "oscillation_cost": 232.0609717831627, "completition_cost": 1000.0, "overshoot_cost": 3751.4274704894065, "power_cost": 49.06123640136719, "noise_cost": 30.86956197099746, "n_waypoints_completed": 0, "tot_waypoints": 9}}
{"target": -7032.238821553252, "params": {"k_pid_pos": [736.0280619973669, 6449.20090444022, 2693.0609771884497], "k_pid_alt": [8862.821982611826, 1850.1732063593934, 9784.165186823542], "k_pid_att": [2391.8159880955204, 7040.27622762056, 4999.533970626918], "k_pid_yaw": [0.5, 1e-06, 0.1], "k_pid_hsp": [6695.019008670252, 6848.7983024560735, 9517.930409166443], "k_pid_vsp": [1578.239084022226, 2135.67428843128, 9812.84792171134]}, "datetime": {"datetime": "2025-08-08 17:40:09", "elapsed": 3041.148594856262, "delta": 29.856423139572144}, "costs": {"total_cost": 7032.238821553252, "time_cost": 150, "final_distance_cost": 1591.0096512858754, "oscillation_cost": 1011.3149980895951, "completition_cost": 1000.0, "overshoot_cost": 3107.280328344173, "power_cost": 55.29614461669922, "noise_cost": 117.33769921690877, "n_waypoints_completed": 0, "tot_waypoints": 9}}
{"target": -1303.416022326928, "params": {"k_pid_pos": [0.0, 0.0, 0.0], "k_pid_alt": [962.4803516081345, 7418.719493733673, 0.0], "k_pid_att": [10000.0, 10000.0, 0.0], "k_pid_yaw": [0.5, 1e-06, 0.1], "k_pid_hsp": [10000.0, 0.0, 0.0], "k_pid_vsp": [7434.7042271102955, 2110.7081596527682, 382.07722898976266]}, "datetime": {"datetime": "2025-08-08 17:40:41", "elapsed": 3073.420925140381, "delta": 32.27233028411865}, "costs": {"total_cost": 1303.416022326928, "time_cost": 150, "final_distance_cost": 49.580864265167016, "oscillation_cost": 0.0, "completition_cost": 1000.0, "overshoot_cost": 51.05782720861892, "power_cost": 30.455916357421877, "noise_cost": 22.321414495720006, "n_waypoints_completed": 0, "tot_waypoints": 9}}
{"target": -1484.5298443131223, "params": {"k_pid_pos": [4714.797860970477, 0.0, 0.0], "k_pid_alt": [8092.711630396705, 10000.0, 0.0], "k_pid_att": [10000.0, 10000.0, 0.0], "k_pid_yaw": [0.5, 1e-06, 0.1], "k_pid_hsp": [8230.330466818974, 0.0, 686.8887443095405], "k_pid_vsp": [673.4310356533917, 0.0, 2808.169950344941]}, "datetime": {"datetime": "2025-08-08 17:41:13", "elapsed": 3105.459532737732, "delta": 32.038607597351074}, "costs": {"total_cost": 1484.5298443131223, "time_cost": 150, "final_distance_cost": 50.60967762163691, "oscillation_cost": 139.4684264374606, "completition_cost": 1000.0, "overshoot_cost": 70.54084860991527, "power_cost": 43.560611962890626, "noise_cost": 30.350279681219064, "n_waypoints_completed": 0, "tot_waypoints": 9}}
{"target": -4299.767077896754, "params": {"k_pid_pos": [6710.913600862521, 8683.03237789123, 4165.048838590679], "k_pid_alt": [5113.090180969343, 4060.1331926937646, 3600.8753750358414], "k_pid_att": [4927.183505703519, 7194.003769116998, 2416.7285904774085], "k_pid_yaw": [0.5, 1e-06, 0.1], "k_pid_hsp": [4961.357755322896, 5600.159484809506, 9107.450552614193], "k_pid_vsp": [6293.940682702025, 9309.384098153563, 6619.192321043427]}, "datetime": {"datetime": "2025-08-08 17:41:43", "elapsed": 3135.318565607071, "delta": 29.85903286933899}, "costs": {"total_cost": 4299.767077896754, "time_cost": 150, "final_distance_cost": 621.3636451495754, "oscillation_cost": 617.2464446454456, "completition_cost": 1000.0, "overshoot_cost": 1732.2396117887763, "power_cost": 58.59067625732422, "noise_cost": 120.32670005563294, "n_waypoints_completed": 0, "tot_waypoints": 9}}
{"target": -1665.536113165027, "params": {"k_pid_pos": [4807.4571535307105, 10000.0, 1185.6392087403678], "k_pid_alt": [10000.0, 4393.608358571728, 1817.5896782913558], "k_pid_att": [10000.0, 8369.502789759357, 0.0], "k_pid_yaw": [0.5, 1e-06, 0.1], "k_pid_hsp": [8217.314752706292, 0.0, 4523.13227687712], "k_pid_vsp": [5102.685693129853, 9760.579455202465, 3698.545884260307]}, "datetime": {"datetime": "2025-08-08 17:42:15", "elapsed": 3167.35604763031, "delta": 32.037482023239136}, "costs": {"total_cost": 1665.536113165027, "time_cost": 150, "final_distance_cost": 52.802518080488134, "oscillation_cost": 334.7809465655819, "completition_cost": 1000.0, "overshoot_cost": 61.04208264737748, "power_cost": 38.572701708984376, "noise_cost": 28.33786416259511, "n_waypoints_completed": 0, "tot_waypoints": 9}}
{"target": -1669.0550744560096, "params": {"k_pid_pos": [230.31620832992428, 2170.906988155047, 0.0], "k_pid_alt": [5731.496923870591, 0.0, 973.3560300582875], "k_pid_att": [10000.0, 10000.0, 0.0], "k_pid_yaw": [0.5, 1e-06, 0.1], "k_pid_hsp": [10000.0, 0.0, 5713.034163120634], "k_pid_vsp": [10000.0, 5233.800981439865, 0.0]}, "datetime": {"datetime": "2025-08-08 17:42:48", "elapsed": 3200.4175798892975, "delta": 33.06153225898743}, "costs": {"total_cost": 1669.0550744560096, "time_cost": 150, "final_distance_cost": 53.61830052917716, "oscillation_cost": 328.4843948949874, "completition_cost": 1000.0, "overshoot_cost": 68.67972138618916, "power_cost": 39.760460205078125, "noise_cost": 28.51219744057766, "n_waypoints_completed": 0, "tot_waypoints": 9}}
{"target": -1662.144782605159, "params": {"k_pid_pos": [1911.5275378290557, 5426.977548254421, 5699.954625527813], "k_pid_alt": [10000.0, 987.4606180859467, 3512.564295934457], "k_pid_att": [10000.0, 8986.733553255966, 0.0], "k_pid_yaw": [0.5, 1e-06, 0.1], "k_pid_hsp": [1514.6241995030748, 0.0, 0.0], "k_pid_vsp": [7159.409650978007, 7453.084075012441, 9405.226485531393]}, "datetime": {"datetime": "2025-08-08 17:43:21", "elapsed": 3233.2476773262024, "delta": 32.83009743690491}, "costs": {"total_cost": 1662.144782605159, "time_cost": 150, "final_distance_cost": 83.43289420422664, "oscillation_cost": 616.0161256104541, "completition_cost": 666.6666666666667, "overshoot_cost": 79.30487418341446, "power_cost": 38.21285100097656, "noise_cost": 28.511370939420544, "n_waypoints_completed": 3, "tot_waypoints": 9}}
{"target": -3604.4104027811977, "params": {"k_pid_pos": [4955.753125746765, 5235.117050295579, 7076.709758279315], "k_pid_alt": [6913.71529042162, 8127.163212658181, 8739.262648022843], "k_pid_att": [9130.178837084932, 7105.379084118302, 6903.698873877792], "k_pid_yaw": [0.5, 1e-06, 0.1], "k_pid_hsp": [1558.289227773212, 1618.3932454807593, 4251.517039549541], "k_pid_vsp": [5440.3243306637, 4232.3633055301125, 8605.949625999205]}, "datetime": {"datetime": "2025-08-08 17:43:51", "elapsed": 3263.01917386055, "delta": 29.771496534347534}, "costs": {"total_cost": 3604.4104027811977, "time_cost": 150, "final_distance_cost": 481.1437477449979, "oscillation_cost": 440.19159783287455, "completition_cost": 1000.0, "overshoot_cost": 1402.8531323984143, "power_cost": 49.225098156738284, "noise_cost": 80.99682664817294, "n_waypoints_completed": 0, "tot_waypoints": 9}}
{"target": -5158.982613071545, "params": {"k_pid_pos": [3393.128046334027, 2718.813531787353, 9961.248720143964], "k_pid_alt": [9222.899829498483, 2604.9935518946186, 9605.901098938972], "k_pid_att": [7461.307012222816, 8631.945391513744, 5230.950180503565], "k_pid_yaw": [0.5, 1e-06, 0.1], "k_pid_hsp": [6398.062281624951, 4999.2812319835, 2268.243615699577], "k_pid_vsp": [5914.858552683382, 1569.8734044249575, 6565.311043054047]}, "datetime": {"datetime": "2025-08-08 17:44:21", "elapsed": 3293.028062105179, "delta": 30.008888244628906}, "costs": {"total_cost": 5158.982613071545, "time_cost": 150, "final_distance_cost": 1270.5807023468874, "oscillation_cost": 491.355503318986, "completition_cost": 1000.0, "overshoot_cost": 2094.397675842469, "power_cost": 52.053598071289066, "noise_cost": 100.59513349191238, "n_waypoints_completed": 0, "tot_waypoints": 9}}
{"target": -1447.2336090216202, "params": {"k_pid_pos": [8252.935645536103, 10000.0, 10000.0], "k_pid_alt": [6420.564990557858, 0.0, 7425.946414086182], "k_pid_att": [6817.310986575694, 0.0, 0.0], "k_pid_yaw": [0.5, 1e-06, 0.1], "k_pid_hsp": [0.0, 0.0, 0.0], "k_pid_vsp": [0.0, 5162.455779930166, 2576.7078094868907]}, "datetime": {"datetime": "2025-08-08 17:44:53", "elapsed": 3325.2306036949158, "delta": 32.20254158973694}, "costs": {"total_cost": 1447.2336090216202, "time_cost": 150, "final_distance_cost": 10.874955840053898, "oscillation_cost": 0.0, "completition_cost": 1000.0, "overshoot_cost": 166.4099510673916, "power_cost": 29.932059130859376, "noise_cost": 90.01664298331532, "n_waypoints_completed": 0, "tot_waypoints": 9}}
{"target": -982.002749799841, "params": {"k_pid_pos": [5648.62221902206, 10000.0, 10000.0], "k_pid_alt": [10000.0, 0.0, 5362.088394667586], "k_pid_att": [10000.0, 3634.5895190250085, 0.0], "k_pid_yaw": [0.5, 1e-06, 0.1], "k_pid_hsp": [6203.758764494543, 330.69974753058756, 0.0], "k_pid_vsp": [8037.33160087309, 8921.01180364517, 1214.32298108982]}, "datetime": {"datetime": "2025-08-08 17:45:25", "elapsed": 3357.2370162010193, "delta": 32.006412506103516}, "costs": {"total_cost": 982.002749799841, "time_cost": 150, "final_distance_cost": 66.33935422429799, "oscillation_cost": 401.8686607811016, "completition_cost": 222.2222222222222, "overshoot_cost": 72.9389098724642, "power_cost": 40.028055346679686, "noise_cost": 28.6055473530754, "n_waypoints_completed": 7, "tot_waypoints": 9}}
