{"target": -1392.5856721510374, "params": {"k_pid_pos": [1132.8486874673854, 10000.0, 3302.4491314983666], "k_pid_alt": [9814.218374395106, 0.0, 0.0], "k_pid_att": [7381.043973858236, 297.78316527093006, 0.0], "k_pid_yaw": [0.5, 1e-06, 0.1], "k_pid_hsp": [6798.678911357281, 711.4225181152138, 0.0], "k_pid_vsp": [8106.312603306485, 2307.651206690557, 0.0]}, "datetime": {"datetime": "2025-08-08 20:31:28", "elapsed": 13319.760482788086, "delta": 32.83843803405762}, "costs": {"total_cost": 1392.5856721510374, "time_cost": 150, "final_distance_cost": 52.387276539798314, "oscillation_cost": 185.86527854477882, "completition_cost": 888.8888888888888, "overshoot_cost": 43.86768455181737, "power_cost": 42.46743026123047, "noise_cost": 29.109113364523882, "n_waypoints_completed": 1, "tot_waypoints": 9}}
{"target": -1654.8466319619313, "params": {"k_pid_pos": [5329.062455294695, 4774.633743961125, 3716.630427752637], "k_pid_alt": [10000.0, 3404.4728503931533, 0.0], "k_pid_att": [8188.908850608542, 5729.531181615652, 0.0], "k_pid_yaw": [0.5, 1e-06, 0.1], "k_pid_hsp": [1775.0639760498195, 5253.570364862393, 0.0], "k_pid_vsp": [222.74393547658195, 0.0, 2279.424489305841]}, "datetime": {"datetime": "2025-08-08 20:32:01", "elapsed": 13352.886258602142, "delta": 33.1257758140564}, "costs": {"total_cost": 1654.8466319619313, "time_cost": 150, "final_distance_cost": 142.58096067693475, "oscillation_cost": 102.15512190170334, "completition_cost": 1000.0, "overshoot_cost": 180.69814545709437, "power_cost": 46.418082531738285, "noise_cost": 32.994321394460385, "n_waypoints_completed": 0, "tot_waypoints": 9}}
{"target": -11555.174302437525, "params": {"k_pid_pos": [1861.7056489287131, 3471.1528310196873, 4567.830790951261], "k_pid_alt": [5654.537717828096, 9408.710731549394, 951.6474605711878], "k_pid_att": [4847.664721910876, 1905.4728003083067, 4485.97329569402], "k_pid_yaw": [0.5, 1e-06, 0.1], "k_pid_hsp": [6578.628917887135, 4749.293197304728, 5370.306699807318], "k_pid_vsp": [5002.835021422892, 9752.505325104714, 5810.9902539079785]}, "datetime": {"datetime": "2025-08-08 20:32:31", "elapsed": 13383.40416932106, "delta": 30.517910718917847}, "costs": {"total_cost": 11555.174302437525, "time_cost": 150, "final_distance_cost": 2315.246339748837, "oscillation_cost": 772.9749629412773, "completition_cost": 1000.0, "overshoot_cost": 7129.471718075869, "power_cost": 58.450370898437505, "noise_cost": 129.0309107731049, "n_waypoints_completed": 0, "tot_waypoints": 9}}
{"target": -1507.274943576712, "params": {"k_pid_pos": [5611.495634242963, 3175.085553048531, 4118.708177871676], "k_pid_alt": [5245.773013057618, 6095.938124287932, 6382.71117032146], "k_pid_att": [10000.0, 8986.56473814058, 0.0], "k_pid_yaw": [0.5, 1e-06, 0.1], "k_pid_hsp": [1069.8060294910085, 0.0, 0.0], "k_pid_vsp": [408.63879728062807, 9972.080654249792, 7044.601435819432]}, "datetime": {"datetime": "2025-08-08 20:33:06", "elapsed": 13417.812032699585, "delta": 34.40786337852478}, "costs": {"total_cost": 1507.274943576712, "time_cost": 150, "final_distance_cost": 38.46164731573979, "oscillation_cost": 587.6853663438189, "completition_cost": 555.5555555555555, "overshoot_cost": 106.66327268940964, "power_cost": 39.12380261230469, "noise_cost": 29.785299059883453, "n_waypoints_completed": 4, "tot_waypoints": 9}}
{"target": -6202.809047212863, "params": {"k_pid_pos": [7540.461628365463, 1273.6946942514405, 2995.7174405843457], "k_pid_alt": [1014.4004308394572, 8043.518080323183, 2192.201125801988], "k_pid_att": [333.63084691763856, 6214.017273641178, 186.09912638447247], "k_pid_yaw": [0.5, 1e-06, 0.1], "k_pid_hsp": [5785.236050792044, 2025.4034321457493, 8528.410334775223], "k_pid_vsp": [1319.6380286044819, 232.18745085151983, 5023.989434874768]}, "datetime": {"datetime": "2025-08-08 20:33:36", "elapsed": 13447.919432640076, "delta": 30.107399940490723}, "costs": {"total_cost": 6202.809047212863, "time_cost": 150, "final_distance_cost": 938.5609864487012, "oscillation_cost": 1202.8239733373844, "completition_cost": 1000.0, "overshoot_cost": 2712.4540644210624, "power_cost": 57.39621625976563, "noise_cost": 141.57380674595075, "n_waypoints_completed": 0, "tot_waypoints": 9}}
{"target": -2427.516596530297, "params": {"k_pid_pos": [4217.982398372121, 2641.856676447241, 3621.781307146708], "k_pid_alt": [1412.4393825977222, 0.0, 9166.32617112425], "k_pid_att": [5657.431696661563, 3680.9508468292725, 0.0], "k_pid_yaw": [0.5, 1e-06, 0.1], "k_pid_hsp": [4850.2797746308315, 0.0, 5882.374440412334], "k_pid_vsp": [0.0, 10000.0, 10000.0]}, "datetime": {"datetime": "2025-08-08 20:34:09", "elapsed": 13481.065874576569, "delta": 33.14644193649292}, "costs": {"total_cost": 2427.516596530297, "time_cost": 150, "final_distance_cost": 61.44403808760416, "oscillation_cost": 943.1066606015816, "completition_cost": 1000.0, "overshoot_cost": 208.23309164264342, "power_cost": 36.172578918457035, "noise_cost": 28.560227280010473, "n_waypoints_completed": 0, "tot_waypoints": 9}}
{"target": -1458.5584754401052, "params": {"k_pid_pos": [10000.0, 10000.0, 5570.397136949551], "k_pid_alt": [10000.0, 0.0, 0.0], "k_pid_att": [8937.574520338138, 2468.863315523521, 0.0], "k_pid_yaw": [0.5, 1e-06, 0.1], "k_pid_hsp": [5542.516297217103, 5853.245155898539, 0.0], "k_pid_vsp": [6838.093625330174, 6159.749023976042, 0.0]}, "datetime": {"datetime": "2025-08-08 20:34:43", "elapsed": 13514.86820936203, "delta": 33.802334785461426}, "costs": {"total_cost": 1458.5584754401052, "time_cost": 150, "final_distance_cost": 75.14295353350181, "oscillation_cost": 230.35529261339698, "completition_cost": 888.8888888888888, "overshoot_cost": 43.56929317368375, "power_cost": 41.67664315185547, "noise_cost": 28.92540407877842, "n_waypoints_completed": 1, "tot_waypoints": 9}}
{"target": -1438.2146174431828, "params": {"k_pid_pos": [1572.9443632404864, 10000.0, 10000.0], "k_pid_alt": [5843.794748848568, 0.0, 9396.31866302854], "k_pid_att": [7018.279245729636, 0.0, 0.0], "k_pid_yaw": [0.5, 1e-06, 0.1], "k_pid_hsp": [6030.059351730179, 3773.773670598014, 4308.937502294407], "k_pid_vsp": [6325.332064963141, 4241.057608537417, 10000.0]}, "datetime": {"datetime": "2025-08-08 20:35:16", "elapsed": 13547.925874471664, "delta": 33.0576651096344}, "costs": {"total_cost": 1438.2146174431828, "time_cost": 150, "final_distance_cost": 64.55082655107815, "oscillation_cost": 505.02808397717325, "completition_cost": 555.5555555555555, "overshoot_cost": 96.75667822675055, "power_cost": 37.96921010742188, "noise_cost": 28.354263025203107, "n_waypoints_completed": 4, "tot_waypoints": 9}}
{"target": -1352.9108321576098, "params": {"k_pid_pos": [486.1196469239837, 2664.097645622583, 500.2744887930033], "k_pid_alt": [1601.2109995306366, 2966.595569979058, 3441.230308346368], "k_pid_att": [5792.973361229774, 4150.432448975286, 348.60336635549106], "k_pid_yaw": [0.5, 1e-06, 0.1], "k_pid_hsp": [8020.842621319454, 9298.935639778334, 1823.250864628918], "k_pid_vsp": [5352.890324382119, 5270.624658906824, 2130.1522219143844]}, "datetime": {"datetime": "2025-08-08 20:35:46", "elapsed": 13578.312447071075, "delta": 30.38657259941101}, "costs": {"total_cost": 1352.9108321576098, "time_cost": 150, "final_distance_cost": 122.2171396970183, "oscillation_cost": 150.82924713411796, "completition_cost": 777.7777777777778, "overshoot_cost": 84.59912168539505, "power_cost": 39.308916735839844, "noise_cost": 28.178629127460912, "n_waypoints_completed": 2, "tot_waypoints": 9}}
{"target": -2626.475332630564, "params": {"k_pid_pos": [2942.1550666738926, 2695.6555381785274, 4360.198604820423], "k_pid_alt": [6181.892614798488, 9365.603931927537, 215.98424512565106], "k_pid_att": [9471.244621215528, 9094.544688651997, 4789.1933634035], "k_pid_yaw": [0.5, 1e-06, 0.1], "k_pid_hsp": [7068.42673480932, 416.470244798004, 4658.297614459098], "k_pid_vsp": [5355.657920513406, 7127.611374056928, 6223.071427573652]}, "datetime": {"datetime": "2025-08-08 20:36:16", "elapsed": 13608.287685394287, "delta": 29.97523832321167}, "costs": {"total_cost": 2626.475332630564, "time_cost": 150, "final_distance_cost": 272.72673106777955, "oscillation_cost": 97.250489895508, "completition_cost": 1000.0, "overshoot_cost": 1038.7188471839918, "power_cost": 37.06840391845703, "noise_cost": 30.710860564827605, "n_waypoints_completed": 0, "tot_waypoints": 9}}
{"target": -1572.5522338741341, "params": {"k_pid_pos": [5937.059460454102, 6906.414889166116, 0.0], "k_pid_alt": [5321.484444226705, 0.0, 0.0], "k_pid_att": [8261.170216345852, 4424.520455471593, 0.0], "k_pid_yaw": [0.5, 1e-06, 0.1], "k_pid_hsp": [7069.910396115369, 3306.5407173672816, 5648.688903656879], "k_pid_vsp": [6828.342336425872, 5714.298243450748, 0.0]}, "datetime": {"datetime": "2025-08-08 20:36:50", "elapsed": 13641.76397562027, "delta": 33.476290225982666}, "costs": {"total_cost": 1572.5522338741341, "time_cost": 150, "final_distance_cost": 72.83439108844688, "oscillation_cost": 329.42486811939204, "completition_cost": 888.8888888888888, "overshoot_cost": 63.36396680965308, "power_cost": 39.50536697998047, "noise_cost": 28.5347519877729, "n_waypoints_completed": 1, "tot_waypoints": 9}}
{"target": -1770.1352833700678, "params": {"k_pid_pos": [5588.807708902493, 6623.265451190741, 0.0], "k_pid_alt": [0.0, 0.0, 6251.8569742205445], "k_pid_att": [7351.228419761708, 4491.136391230933, 0.0], "k_pid_yaw": [0.5, 1e-06, 0.1], "k_pid_hsp": [10000.0, 10000.0, 5908.46652672461], "k_pid_vsp": [7461.44526500996, 2921.1639902592037, 1699.9002413440123]}, "datetime": {"datetime": "2025-08-08 20:37:24", "elapsed": 13675.88511133194, "delta": 34.12113571166992}, "costs": {"total_cost": 1770.1352833700678, "time_cost": 150, "final_distance_cost": 18.64475109517848, "oscillation_cost": 302.63431786462456, "completition_cost": 1000.0, "overshoot_cost": 168.96544269557765, "power_cost": 40.61328918457031, "noise_cost": 89.27748253011701, "n_waypoints_completed": 0, "tot_waypoints": 9}}
{"target": -6106.795064804213, "params": {"k_pid_pos": [3618.3032624168277, 5231.425699667251, 8866.435730620282], "k_pid_alt": [322.57772009849026, 2797.4170028302283, 6874.088385014381], "k_pid_att": [2219.7875138486024, 4483.771693068048, 1620.0557919644054], "k_pid_yaw": [0.5, 1e-06, 0.1], "k_pid_hsp": [4024.6932898040877, 446.61901956447593, 6116.026699347938], "k_pid_vsp": [639.19250333073, 1972.2256460827448, 2689.2308236380513]}, "datetime": {"datetime": "2025-08-08 20:37:55", "elapsed": 13706.6353931427, "delta": 30.750281810760498}, "costs": {"total_cost": 6106.795064804213, "time_cost": 150, "final_distance_cost": 1244.1395362810492, "oscillation_cost": 876.4642106581563, "completition_cost": 1000.0, "overshoot_cost": 2657.421443150114, "power_cost": 55.66839619140625, "noise_cost": 123.10147852348777, "n_waypoints_completed": 0, "tot_waypoints": 9}}
{"target": -498.23746125531255, "params": {"k_pid_pos": [10000.0, 5735.980739119419, 3799.6767073917113], "k_pid_alt": [10000.0, 0.0, 7729.166923692696], "k_pid_att": [10000.0, 56.712414720013086, 0.0], "k_pid_yaw": [0.5, 1e-06, 0.1], "k_pid_hsp": [4454.176057826574, 10000.0, 0.0], "k_pid_vsp": [5638.053200107188, 3494.2181115612248, 3972.286606781893]}, "datetime": {"datetime": "2025-08-08 20:38:26", "elapsed": 13738.44540143013, "delta": 31.81000828742981}, "costs": {"total_cost": 498.23746125531255, "time_cost": 109.879, "final_distance_cost": 1.7522224870024419, "oscillation_cost": 250.57248345830521, "completition_cost": 0.0, "overshoot_cost": 67.54689046924952, "power_cost": 38.690948254394534, "noise_cost": 29.795916586360796, "n_waypoints_completed": 9, "tot_waypoints": 9}}
{"target": -1616.5504116678546, "params": {"k_pid_pos": [1288.5853805904753, 4076.650856176121, 0.0], "k_pid_alt": [1092.3545153826858, 6261.371392135589, 0.0], "k_pid_att": [10000.0, 7818.522227175077, 0.0], "k_pid_yaw": [0.5, 1e-06, 0.1], "k_pid_hsp": [8535.330413752006, 7486.897515439422, 1931.0734905528536], "k_pid_vsp": [7246.273709896189, 0.0, 1703.0899430117388]}, "datetime": {"datetime": "2025-08-08 20:39:03", "elapsed": 13774.856941223145, "delta": 36.411539793014526}, "costs": {"total_cost": 1616.5504116678546, "time_cost": 150, "final_distance_cost": 63.356421087828174, "oscillation_cost": 246.26478764985328, "completition_cost": 1000.0, "overshoot_cost": 86.81033058650341, "power_cost": 41.287146520996096, "noise_cost": 28.831725822673757, "n_waypoints_completed": 0, "tot_waypoints": 9}}
{"target": -6425.007608186534, "params": {"k_pid_pos": [397.7565550352369, 841.7583654977079, 2225.5419988756207], "k_pid_alt": [9918.106055151664, 2766.2862828995326, 3441.1822180990657], "k_pid_att": [3602.2960945325053, 8540.855826784033, 5128.956874681655], "k_pid_yaw": [0.5, 1e-06, 0.1], "k_pid_hsp": [5514.501047041117, 1211.9268129260008, 3552.6873376130084], "k_pid_vsp": [4046.682882549457, 4805.743948715896, 3070.7037690448956]}, "datetime": {"datetime": "2025-08-08 20:39:40", "elapsed": 13811.904806137085, "delta": 37.04786491394043}, "costs": {"total_cost": 6425.007608186534, "time_cost": 150, "final_distance_cost": 669.3344790700319, "oscillation_cost": 1184.2145001271688, "completition_cost": 1000.0, "overshoot_cost": 3221.6632379404705, "power_cost": 58.622132568359376, "noise_cost": 141.17325848050433, "n_waypoints_completed": 0, "tot_waypoints": 9}}
{"target": -1006.7069117518627, "params": {"k_pid_pos": [2879.987876929637, 3683.037405608982, 1958.118040240922], "k_pid_alt": [9319.500078940742, 0.0, 0.0], "k_pid_att": [10000.0, 4044.915135633944, 0.0], "k_pid_yaw": [0.5, 1e-06, 0.1], "k_pid_hsp": [8378.406024294623, 10000.0, 0.0], "k_pid_vsp": [4290.51077848826, 0.0, 8463.581434011503]}, "datetime": {"datetime": "2025-08-08 20:40:13", "elapsed": 13845.371415376663, "delta": 33.46660923957825}, "costs": {"total_cost": 1006.7069117518627, "time_cost": 150, "final_distance_cost": 54.72288257373222, "oscillation_cost": 313.320472622035, "completition_cost": 333.33333333333337, "overshoot_cost": 84.08012773893387, "power_cost": 41.78130863037109, "noise_cost": 29.468786853457047, "n_waypoints_completed": 6, "tot_waypoints": 9}}
{"target": -2143.1840295578468, "params": {"k_pid_pos": [831.5457544439, 2387.960074530644, 5846.233690396054], "k_pid_alt": [10000.0, 10000.0, 4994.390571804021], "k_pid_att": [10000.0, 9698.504355191524, 0.0], "k_pid_yaw": [0.5, 1e-06, 0.1], "k_pid_hsp": [7298.685528112632, 6167.516563498502, 0.0], "k_pid_vsp": [1600.3169292472085, 5363.947105548934, 6375.812745324867]}, "datetime": {"datetime": "2025-08-08 20:40:47", "elapsed": 13878.809811592102, "delta": 33.43839621543884}, "costs": {"total_cost": 2143.1840295578468, "time_cost": 150, "final_distance_cost": 89.90302785366809, "oscillation_cost": 806.1978315198862, "completition_cost": 888.8888888888888, "overshoot_cost": 143.85337714171362, "power_cost": 36.161612792968754, "noise_cost": 28.17929136072109, "n_waypoints_completed": 1, "tot_waypoints": 9}}
{"target": -1489.9557451423061, "params": {"k_pid_pos": [10000.0, 10000.0, 5451.504814203327], "k_pid_alt": [4767.100596957645, 4670.5794722918745, 783.3875664500581], "k_pid_att": [8994.667393734471, 8801.808617914454, 0.0], "k_pid_yaw": [0.5, 1e-06, 0.1], "k_pid_hsp": [10000.0, 10000.0, 1090.4127454317932], "k_pid_vsp": [8344.343348185754, 0.0, 838.6543517979987]}, "datetime": {"datetime": "2025-08-08 20:41:21", "elapsed": 13912.603567123413, "delta": 33.793755531311035}, "costs": {"total_cost": 1489.9557451423061, "time_cost": 150, "final_distance_cost": 50.988142454950285, "oscillation_cost": 153.18001588365868, "completition_cost": 1000.0, "overshoot_cost": 63.94252303720467, "power_cost": 42.72795224609375, "noise_cost": 29.117111520398822, "n_waypoints_completed": 0, "tot_waypoints": 9}}
{"target": -1743.2489947399274, "params": {"k_pid_pos": [7927.275226558556, 1828.0527600293829, 0.0], "k_pid_alt": [0.0, 0.0, 10000.0], "k_pid_att": [7007.628002239754, 2779.583285975228, 0.0], "k_pid_yaw": [0.5, 1e-06, 0.1], "k_pid_hsp": [10000.0, 5546.534056961389, 8030.061649563668], "k_pid_vsp": [0.0, 10000.0, 6038.925714294852]}, "datetime": {"datetime": "2025-08-08 20:41:54", "elapsed": 13946.151734828949, "delta": 33.54816770553589}, "costs": {"total_cost": 1743.2489947399274, "time_cost": 150, "final_distance_cost": 15.273622634036402, "oscillation_cost": 302.407620500064, "completition_cost": 1000.0, "overshoot_cost": 162.64878841857984, "power_cost": 40.603355957031255, "noise_cost": 72.31560723021585, "n_waypoints_completed": 0, "tot_waypoints": 9}}
{"target": -3185.3733741023716, "params": {"k_pid_pos": [7681.0611562677495, 7445.892538336745, 2554.2985091123714], "k_pid_alt": [7671.097116885231, 943.2700803194693, 9006.335081990715], "k_pid_att": [3959.4442328758273, 2199.5459100801118, 1877.114771507843], "k_pid_yaw": [0.5, 1e-06, 0.1], "k_pid_hsp": [761.3061213258809, 797.0871019835868, 3842.062431868499], "k_pid_vsp": [5243.777916697884, 5054.86570538449, 6745.422428305379]}, "datetime": {"datetime": "2025-08-08 20:42:25", "elapsed": 13977.159858703613, "delta": 31.008123874664307}, "costs": {"total_cost": 3185.3733741023716, "time_cost": 150, "final_distance_cost": 464.0765798060669, "oscillation_cost": 46.498811880384736, "completition_cost": 1000.0, "overshoot_cost": 1461.6109316005252, "power_cost": 35.40123444824219, "noise_cost": 27.78581636715263, "n_waypoints_completed": 0, "tot_waypoints": 9}}
{"target": -1609.458241284019, "params": {"k_pid_pos": [0.0, 2264.7408471357, 0.0], "k_pid_alt": [10000.0, 2489.5451326547395, 0.0], "k_pid_att": [10000.0, 7168.763899763019, 0.0], "k_pid_yaw": [0.5, 1e-06, 0.1], "k_pid_hsp": [9725.797420655554, 0.0, 2452.1307424376123], "k_pid_vsp": [2201.887218368325, 227.47340401991627, 4420.541484099886]}, "datetime": {"datetime": "2025-08-08 20:42:59", "elapsed": 14011.218395471573, "delta": 34.058536767959595}, "costs": {"total_cost": 1609.458241284019, "time_cost": 150, "final_distance_cost": 48.162388669054494, "oscillation_cost": 267.6975768368719, "completition_cost": 1000.0, "overshoot_cost": 72.55038367371296, "power_cost": 41.719312829589846, "noise_cost": 29.328579274789778, "n_waypoints_completed": 0, "tot_waypoints": 9}}
{"target": -815.0885146438766, "params": {"k_pid_pos": [10000.0, 10000.0, 3626.428837942927], "k_pid_alt": [6264.765559293473, 0.0, 6982.84692090088], "k_pid_att": [4983.377335416151, 0.0, 0.0], "k_pid_yaw": [0.5, 1e-06, 0.1], "k_pid_hsp": [10000.0, 10000.0, 3185.400181501207], "k_pid_vsp": [9579.103728934871, 0.0, 6930.685189986447]}, "datetime": {"datetime": "2025-08-08 20:43:33", "elapsed": 14045.235481977463, "delta": 34.01708650588989}, "costs": {"total_cost": 815.0885146438766, "time_cost": 150, "final_distance_cost": 52.26274400691487, "oscillation_cost": 224.62860948810572, "completition_cost": 222.2222222222222, "overshoot_cost": 96.0034181071556, "power_cost": 41.21474090576172, "noise_cost": 28.756779913716546, "n_waypoints_completed": 7, "tot_waypoints": 9}}
{"target": -11962.584224761136, "params": {"k_pid_pos": [3789.103648085218, 308.10875142509354, 1537.1397615399817], "k_pid_alt": [1089.6750473972838, 3181.7204179632217, 7267.713704417118], "k_pid_att": [1655.3706057912764, 1357.797543499042, 5668.205297321527], "k_pid_yaw": [0.5, 1e-06, 0.1], "k_pid_hsp": [8802.646625627794, 4328.223499168449, 9041.254459663867], "k_pid_vsp": [7049.86769553337, 1310.7314684752357, 6744.9289777933145]}, "datetime": {"datetime": "2025-08-08 20:44:04", "elapsed": 14075.53290438652, "delta": 30.297422409057617}, "costs": {"total_cost": 11962.584224761136, "time_cost": 150, "final_distance_cost": 3930.6097406778013, "oscillation_cost": 478.6651680755321, "completition_cost": 1000.0, "overshoot_cost": 6267.883467501385, "power_cost": 49.46727890625, "noise_cost": 85.95856960016854, "n_waypoints_completed": 0, "tot_waypoints": 9}}
{"target": -466.50322848174005, "params": {"k_pid_pos": [10000.0, 10000.0, 3013.180534694563], "k_pid_alt": [7702.554572655397, 0.0, 10000.0], "k_pid_att": [6337.531379681869, 0.0, 0.0], "k_pid_yaw": [0.5, 1e-06, 0.1], "k_pid_hsp": [7332.2850712693225, 10000.0, 1771.6883771326986], "k_pid_vsp": [9165.490547936313, 7825.228242832171, 1306.6479961098566]}, "datetime": {"datetime": "2025-08-08 20:44:36", "elapsed": 14108.243689060211, "delta": 32.710784673690796}, "costs": {"total_cost": 466.50322848174005, "time_cost": 116.928, "final_distance_cost": 1.757398637026154, "oscillation_cost": 185.41196780146998, "completition_cost": 0.0, "overshoot_cost": 92.30756162290189, "power_cost": 39.81135050048828, "noise_cost": 30.286949919853758, "n_waypoints_completed": 9, "tot_waypoints": 9}}
{"target": -5753.0654880835655, "params": {"k_pid_pos": [6578.639759986062, 255.8257489042026, 5621.733707824179], "k_pid_alt": [7559.704520784219, 7502.869670002779, 8551.361298584454], "k_pid_att": [5098.729820394331, 859.757278129163, 3241.6937401214395], "k_pid_yaw": [0.5, 1e-06, 0.1], "k_pid_hsp": [413.810930130476, 3112.1975720708315, 8891.813356202805], "k_pid_vsp": [3121.8835189799943, 4927.2494095499915, 6858.495280023804]}, "datetime": {"datetime": "2025-08-08 20:45:06", "elapsed": 14138.30071902275, "delta": 30.057029962539673}, "costs": {"total_cost": 5753.0654880835655, "time_cost": 150, "final_distance_cost": 1421.8106540630135, "oscillation_cost": 250.46693711031318, "completition_cost": 1000.0, "overshoot_cost": 2846.8517218484935, "power_cost": 42.69814792480469, "noise_cost": 41.23802713694125, "n_waypoints_completed": 0, "tot_waypoints": 9}}
