{"target": -31790.289273465503, "params": {"k_pid_pos": [2525.979817726359, 7765.831584810433, 3955.3607571113603], "k_pid_alt": [4699.264257177058, 4662.747712711524, 7026.771420477073], "k_pid_att": [4216.352389375544, 8271.886635632061, 4751.4682539141], "k_pid_yaw": [0.5, 1e-06, 0.1], "k_pid_hsp": [8594.872915423783, 3939.0384551559832, 9751.59968289325], "k_pid_vsp": [7372.471127746221, 1227.9980934235057, 5502.409450278498]}, "datetime": {"datetime": "2025-08-09 11:45:29", "elapsed": 68160.7702562809, "delta": 35.262367248535156}, "costs": {"total_cost": 31790.289273465503, "time_cost": 150, "final_distance_cost": 8428.11742407488, "oscillation_cost": 1725.4087938883717, "completition_cost": 1000.0, "overshoot_cost": 20283.76396522926, "power_cost": 58.62118708496094, "noise_cost": 144.37790318803005, "n_waypoints_completed": 0, "tot_waypoints": 9}}
{"target": -7091.7619453979405, "params": {"k_pid_pos": [4388.685285515179, 1940.900987414632, 2685.225702793521], "k_pid_alt": [7699.626758936264, 7919.790734491994, 9905.099724495987], "k_pid_att": [5520.397002762943, 9967.214651851707, 8727.231026743952], "k_pid_yaw": [0.5, 1e-06, 0.1], "k_pid_hsp": [5901.017491479501, 8409.459178046069, 9699.155263793451], "k_pid_vsp": [2755.790612399469, 9854.84692118202, 4826.083756902879]}, "datetime": {"datetime": "2025-08-09 11:46:05", "elapsed": 68197.01898479462, "delta": 36.24872851371765}, "costs": {"total_cost": 7091.7619453979405, "time_cost": 150, "final_distance_cost": 1655.9964464839618, "oscillation_cost": 1221.1421728791615, "completition_cost": 1000.0, "overshoot_cost": 2864.5797368893564, "power_cost": 58.62679860839844, "noise_cost": 141.4167905370624, "n_waypoints_completed": 0, "tot_waypoints": 9}}
{"target": -1675.0566538613102, "params": {"k_pid_pos": [466.8331131803169, 10000.0, 10000.0], "k_pid_alt": [10000.0, 10000.0, 7479.8542003668235], "k_pid_att": [8689.728714071782, 9984.748394885895, 0.0], "k_pid_yaw": [0.5, 1e-06, 0.1], "k_pid_hsp": [7526.859263710461, 7015.291751198969, 4954.219234836503], "k_pid_vsp": [7348.65574133465, 5651.525436228099, 0.0]}, "datetime": {"datetime": "2025-08-09 11:47:04", "elapsed": 68255.86745452881, "delta": 58.848469734191895}, "costs": {"total_cost": 1675.0566538613102, "time_cost": 150, "final_distance_cost": 77.30218267532513, "oscillation_cost": 409.6844932529826, "completition_cost": 888.8888888888888, "overshoot_cost": 82.28324774503459, "power_cost": 38.64003757324219, "noise_cost": 28.257803725837288, "n_waypoints_completed": 1, "tot_waypoints": 9}}
{"target": -6001.505324081401, "params": {"k_pid_pos": [2970.400215156287, 8936.36709924462, 1385.978432947046], "k_pid_alt": [5402.737593053891, 2681.0498592583044, 6897.979125220279], "k_pid_att": [2737.6074489673274, 5876.05221964904, 6150.775274257379], "k_pid_yaw": [0.5, 1e-06, 0.1], "k_pid_hsp": [6134.405188533287, 2756.3394107855456, 3347.4615923142746], "k_pid_vsp": [4366.721079561207, 5251.712176581853, 5937.3062151364775]}, "datetime": {"datetime": "2025-08-09 11:47:41", "elapsed": 68293.23366904259, "delta": 37.36621451377869}, "costs": {"total_cost": 6001.505324081401, "time_cost": 150, "final_distance_cost": 857.9825705891346, "oscillation_cost": 1037.8582706297757, "completition_cost": 1000.0, "overshoot_cost": 2785.8439118942647, "power_cost": 54.16716348876953, "noise_cost": 115.65340747945638, "n_waypoints_completed": 0, "tot_waypoints": 9}}
{"target": -6060.096929109356, "params": {"k_pid_pos": [7936.086192504393, 9818.402341426914, 6244.446373465194], "k_pid_alt": [1305.9498607517728, 5339.669196273652, 8379.497287892083], "k_pid_att": [995.5336950007431, 7804.0099691023415, 5207.239340857626], "k_pid_yaw": [0.5, 1e-06, 0.1], "k_pid_hsp": [159.88686541243413, 7074.075805643208, 6873.250022771482], "k_pid_vsp": [6436.5981116839675, 9548.909993884381, 6684.551441955496]}, "datetime": {"datetime": "2025-08-09 11:48:17", "elapsed": 68328.73015332222, "delta": 35.49648427963257}, "costs": {"total_cost": 6060.096929109356, "time_cost": 150, "final_distance_cost": 928.0869864656469, "oscillation_cost": 1448.3192046511988, "completition_cost": 1000.0, "overshoot_cost": 2333.931316748858, "power_cost": 58.621353344726565, "noise_cost": 141.13806789892666, "n_waypoints_completed": 0, "tot_waypoints": 9}}
{"target": -14208.78910520058, "params": {"k_pid_pos": [952.20832830741, 2123.4933910774557, 7147.30396001213], "k_pid_alt": [3049.1594083073105, 1695.8968240645233, 996.9828559192928], "k_pid_att": [6811.753982047922, 6494.980544755446, 9344.418874515752], "k_pid_yaw": [0.5, 1e-06, 0.1], "k_pid_hsp": [5223.095097207319, 8931.857971770543, 3663.0351789524475], "k_pid_vsp": [3890.458534855146, 9979.965399033163, 3049.67609525737]}, "datetime": {"datetime": "2025-08-09 11:48:55", "elapsed": 68366.62817239761, "delta": 37.89801907539368}, "costs": {"total_cost": 14208.78910520058, "time_cost": 150, "final_distance_cost": 3061.453910145695, "oscillation_cost": 1267.277557223884, "completition_cost": 1000.0, "overshoot_cost": 8531.443308196467, "power_cost": 58.627190234375, "noise_cost": 139.9871394001576, "n_waypoints_completed": 0, "tot_waypoints": 9}}
{"target": -28239.844087054436, "params": {"k_pid_pos": [1701.6439083106904, 8882.621102988409, 3236.806527504581], "k_pid_alt": [398.22659041986344, 2252.036188405414, 9688.147801095103], "k_pid_att": [2594.890529360323, 5909.414333858484, 2854.7868521563914], "k_pid_yaw": [0.5, 1e-06, 0.1], "k_pid_hsp": [2161.943184619537, 9879.01793131703, 8657.694603886985], "k_pid_vsp": [9301.881930717429, 8364.19769583073, 4010.4856634542753]}, "datetime": {"datetime": "2025-08-09 11:49:29", "elapsed": 68401.21869969368, "delta": 34.590527296066284}, "costs": {"total_cost": 28239.844087054436, "time_cost": 150, "final_distance_cost": 7817.008133646734, "oscillation_cost": 1688.5681331940657, "completition_cost": 1000.0, "overshoot_cost": 17382.977227176114, "power_cost": 58.48385270996094, "noise_cost": 142.80674032756366, "n_waypoints_completed": 0, "tot_waypoints": 9}}
{"target": -2858.774522121277, "params": {"k_pid_pos": [7642.680706892612, 4664.310566484761, 6079.678812249882], "k_pid_alt": [5030.786475124154, 5504.63445266668, 2332.779810184917], "k_pid_att": [9968.244336144135, 1294.9325436338988, 1769.4751683242182], "k_pid_yaw": [0.5, 1e-06, 0.1], "k_pid_hsp": [9973.510351011208, 2969.80547405595, 914.4027013278433], "k_pid_vsp": [2153.006971701781, 4366.897822813717, 2483.367953142943]}, "datetime": {"datetime": "2025-08-09 11:50:04", "elapsed": 68435.98803639412, "delta": 34.76933670043945}, "costs": {"total_cost": 2858.774522121277, "time_cost": 150, "final_distance_cost": 534.108248654669, "oscillation_cost": 232.20860320261087, "completition_cost": 1000.0, "overshoot_cost": 838.7487398439732, "power_cost": 46.2066805053711, "noise_cost": 57.50224991465332, "n_waypoints_completed": 0, "tot_waypoints": 9}}
{"target": -5190.9989337966845, "params": {"k_pid_pos": [6910.661636591523, 3507.36278056787, 6021.14521320127], "k_pid_alt": [2249.6129560892664, 8264.829887162756, 188.382144463648], "k_pid_att": [1298.0454021339915, 1124.6449388931667, 610.052837997993], "k_pid_yaw": [0.5, 1e-06, 0.1], "k_pid_hsp": [5023.3068979599, 5330.787234946191, 6158.72666904205], "k_pid_vsp": [5145.30303633362, 260.4243552772245, 2951.5260975369883]}, "datetime": {"datetime": "2025-08-09 11:50:39", "elapsed": 68470.80823278427, "delta": 34.82019639015198}, "costs": {"total_cost": 5190.9989337966845, "time_cost": 150, "final_distance_cost": 1170.0589784533206, "oscillation_cost": 527.1354757602395, "completition_cost": 1000.0, "overshoot_cost": 2200.794932726051, "power_cost": 54.81271573486328, "noise_cost": 88.19683112220997, "n_waypoints_completed": 0, "tot_waypoints": 9}}
{"target": -6214.109114328041, "params": {"k_pid_pos": [7040.160735129507, 2430.7704086728254, 9236.796894656634], "k_pid_alt": [2731.599341785246, 8927.095994271875, 1943.4620156617998], "k_pid_att": [4645.088368597775, 3092.914239680692, 8023.978116556746], "k_pid_yaw": [0.5, 1e-06, 0.1], "k_pid_hsp": [9104.430514415764, 5678.924725472403, 1956.7909354569401], "k_pid_vsp": [7899.500601332019, 2281.929802434618, 8795.08215700304]}, "datetime": {"datetime": "2025-08-09 11:51:14", "elapsed": 68505.98304629326, "delta": 35.17481350898743}, "costs": {"total_cost": 6214.109114328041, "time_cost": 150, "final_distance_cost": 1230.322345069892, "oscillation_cost": 426.92183137115364, "completition_cost": 1000.0, "overshoot_cost": 3281.3386314245313, "power_cost": 47.91976374511719, "noise_cost": 77.606542717347, "n_waypoints_completed": 0, "tot_waypoints": 9}}
{"target": -2963.3779007422445, "params": {"k_pid_pos": [3537.554659066768, 6184.895130620892, 3428.2839989749723], "k_pid_alt": [1713.16038498063, 7399.52659907242, 9521.533653791974], "k_pid_att": [6684.554813380794, 636.873071415176, 809.0239019811396], "k_pid_yaw": [0.5, 1e-06, 0.1], "k_pid_hsp": [6177.360814803661, 4292.489048854284, 336.4289966100409], "k_pid_vsp": [4631.437833447729, 958.9966514807202, 6117.677998550781]}, "datetime": {"datetime": "2025-08-09 11:51:50", "elapsed": 68542.10930681229, "delta": 36.12626051902771}, "costs": {"total_cost": 2963.3779007422445, "time_cost": 150, "final_distance_cost": 550.4249180437905, "oscillation_cost": 70.03670723899731, "completition_cost": 1000.0, "overshoot_cost": 1130.0688136132067, "power_cost": 35.11561226806641, "noise_cost": 27.731849578183553, "n_waypoints_completed": 0, "tot_waypoints": 9}}
{"target": -10945.58544940758, "params": {"k_pid_pos": [2174.3103117119254, 108.07666327442678, 6892.953577460207], "k_pid_alt": [9493.524162236658, 8627.299892088136, 2136.462315425942], "k_pid_att": [8148.307220385756, 788.8114300894256, 9054.159217873656], "k_pid_yaw": [0.5, 1e-06, 0.1], "k_pid_hsp": [1845.0668764868994, 6589.511432358094, 4216.538888502888], "k_pid_vsp": [7806.218119368366, 8161.085128645431, 7325.767696504842]}, "datetime": {"datetime": "2025-08-09 11:52:26", "elapsed": 68578.20014119148, "delta": 36.09083437919617}, "costs": {"total_cost": 10945.58544940758, "time_cost": 150, "final_distance_cost": 3027.433709628598, "oscillation_cost": 23.560932203062716, "completition_cost": 1000.0, "overshoot_cost": 6681.43181660415, "power_cost": 35.38824577636719, "noise_cost": 27.77074519540146, "n_waypoints_completed": 0, "tot_waypoints": 9}}
{"target": -8507.895218367668, "params": {"k_pid_pos": [1714.9017339639406, 9049.929888974137, 6170.24566864501], "k_pid_alt": [9721.837891628084, 9022.697629871866, 4933.883787022236], "k_pid_att": [5354.214414423997, 4498.031559478049, 5738.241179691465], "k_pid_yaw": [0.5, 1e-06, 0.1], "k_pid_hsp": [8099.660539878968, 2507.554302228281, 9896.410093774675], "k_pid_vsp": [8078.250079990691, 6450.982071474937, 9629.949854504459]}, "datetime": {"datetime": "2025-08-09 11:53:02", "elapsed": 68614.23567271233, "delta": 36.035531520843506}, "costs": {"total_cost": 8507.895218367668, "time_cost": 150, "final_distance_cost": 1871.2982195507366, "oscillation_cost": 542.3672130402854, "completition_cost": 1000.0, "overshoot_cost": 4801.872718829018, "power_cost": 51.126589855957036, "noise_cost": 91.23047709167, "n_waypoints_completed": 0, "tot_waypoints": 9}}
{"target": -11086.385072263154, "params": {"k_pid_pos": [939.6972804437509, 2881.244697397621, 7451.449856218542], "k_pid_alt": [3496.9486298047614, 2535.1441622320335, 5168.641298525279], "k_pid_att": [5034.042147145409, 4301.93497945194, 8419.401047055317], "k_pid_yaw": [0.5, 1e-06, 0.1], "k_pid_hsp": [9717.75166106206, 9544.333994694294, 5958.151449598113], "k_pid_vsp": [6445.9775303645665, 2842.4255974087364, 1912.5640451496772]}, "datetime": {"datetime": "2025-08-09 11:53:39", "elapsed": 68650.66310811043, "delta": 36.42743539810181}, "costs": {"total_cost": 11086.385072263154, "time_cost": 150, "final_distance_cost": 2793.1347935650538, "oscillation_cost": 769.9013090305003, "completition_cost": 1000.0, "overshoot_cost": 6173.2875707917565, "power_cost": 58.65606789550782, "noise_cost": 141.40533098033683, "n_waypoints_completed": 0, "tot_waypoints": 9}}
{"target": -2195.8741669448996, "params": {"k_pid_pos": [4453.081648638013, 5668.946769704893, 0.0], "k_pid_alt": [4447.36470291298, 6418.29118561439, 10000.0], "k_pid_att": [9635.753182091741, 7211.714554343934, 0.0], "k_pid_yaw": [0.5, 1e-06, 0.1], "k_pid_hsp": [596.8058957783898, 2733.6535227113973, 5438.670380441071], "k_pid_vsp": [9087.429922085656, 4904.2116875133515, 7665.68973237176]}, "datetime": {"datetime": "2025-08-09 11:54:34", "elapsed": 68706.38925528526, "delta": 55.726147174835205}, "costs": {"total_cost": 2195.8741669448996, "time_cost": 150, "final_distance_cost": 93.01595977115664, "oscillation_cost": 756.8080857088862, "completition_cost": 1000.0, "overshoot_cost": 132.7385521442131, "power_cost": 35.618346240234374, "noise_cost": 27.693223080409098, "n_waypoints_completed": 0, "tot_waypoints": 9}}
{"target": -4340.934851020094, "params": {"k_pid_pos": [86.67359513370498, 8741.430434167327, 6148.254265819849], "k_pid_alt": [5440.740128950531, 1339.6051626171757, 4691.586293152445], "k_pid_att": [7068.726609888969, 3712.151104073871, 6042.898537771072], "k_pid_yaw": [0.5, 1e-06, 0.1], "k_pid_hsp": [3667.1354849350932, 781.4433416214239, 7562.18644684457], "k_pid_vsp": [6609.351071047781, 7162.598525291322, 3433.2764121129876]}, "datetime": {"datetime": "2025-08-09 11:55:14", "elapsed": 68745.75355815887, "delta": 39.36430287361145}, "costs": {"total_cost": 4340.934851020094, "time_cost": 150, "final_distance_cost": 914.3830348766867, "oscillation_cost": 689.1396738312043, "completition_cost": 1000.0, "overshoot_cost": 1392.1766546689405, "power_cost": 58.65024732666016, "noise_cost": 136.58524031660238, "n_waypoints_completed": 0, "tot_waypoints": 9}}
{"target": -1436.7758066097083, "params": {"k_pid_pos": [0.0, 10000.0, 4008.87575576262], "k_pid_alt": [4922.665236364313, 0.0, 7605.684780560612], "k_pid_att": [8440.883600923216, 3152.4057388895803, 0.0], "k_pid_yaw": [0.5, 1e-06, 0.1], "k_pid_hsp": [5561.976690819536, 7006.063576310077, 3000.5640095021163], "k_pid_vsp": [2937.435379541867, 5135.6645456712895, 7189.452206199562]}, "datetime": {"datetime": "2025-08-09 11:56:08", "elapsed": 68800.50044798851, "delta": 54.74688982963562}, "costs": {"total_cost": 1436.7758066097083, "time_cost": 150, "final_distance_cost": 103.54797438652187, "oscillation_cost": 263.12615207705517, "completition_cost": 777.7777777777778, "overshoot_cost": 71.89765299350036, "power_cost": 41.3198435546875, "noise_cost": 29.106405820165723, "n_waypoints_completed": 2, "tot_waypoints": 9}}
{"target": -3555.8807589450503, "params": {"k_pid_pos": [9223.28423939971, 1815.0640872659574, 7655.724044215575], "k_pid_alt": [9899.651372557411, 1861.975706526775, 9162.691528593808], "k_pid_att": [4151.051901642745, 6079.233547568452, 792.6470348243364], "k_pid_yaw": [0.5, 1e-06, 0.1], "k_pid_hsp": [3254.065558964607, 2813.786384785305, 464.29237752894204], "k_pid_vsp": [1204.5639792086715, 9117.92406384398, 7652.993283628848]}, "datetime": {"datetime": "2025-08-09 11:56:44", "elapsed": 68835.80091285706, "delta": 35.30046486854553}, "costs": {"total_cost": 3555.8807589450503, "time_cost": 150, "final_distance_cost": 866.7360901449255, "oscillation_cost": 200.85338976366404, "completition_cost": 1000.0, "overshoot_cost": 1275.143787244257, "power_cost": 35.33500430908203, "noise_cost": 27.81248748312156, "n_waypoints_completed": 0, "tot_waypoints": 9}}
{"target": -4386.3130116946995, "params": {"k_pid_pos": [8987.83301198213, 9171.268812278355, 5377.038829602858], "k_pid_alt": [3117.3305303245047, 9986.936659195375, 2421.3559346404636], "k_pid_att": [9605.049801749698, 6494.142791772116, 266.5821531659263], "k_pid_yaw": [0.5, 1e-06, 0.1], "k_pid_hsp": [1543.3461947204107, 3028.5005535939345, 4299.115792396037], "k_pid_vsp": [972.1731094686747, 8017.652404567308, 2271.2973950875103]}, "datetime": {"datetime": "2025-08-09 11:57:21", "elapsed": 68872.78881382942, "delta": 36.98790097236633}, "costs": {"total_cost": 4386.3130116946995, "time_cost": 150, "final_distance_cost": 871.5718426563894, "oscillation_cost": 454.57463855973896, "completition_cost": 1000.0, "overshoot_cost": 1846.970470631885, "power_cost": 35.460009960937505, "noise_cost": 27.736049885747804, "n_waypoints_completed": 0, "tot_waypoints": 9}}
{"target": -2148.7136364723906, "params": {"k_pid_pos": [9892.15848201754, 10000.0, 1361.2308130738008], "k_pid_alt": [0.0, 3274.3751278002583, 955.3516663823818], "k_pid_att": [4704.485763385806, 6256.948193207917, 0.0], "k_pid_yaw": [0.5, 1e-06, 0.1], "k_pid_hsp": [5922.903363820174, 5658.865415804329, 8692.542450352537], "k_pid_vsp": [7522.57179773548, 3281.409343263797, 2579.975311071723]}, "datetime": {"datetime": "2025-08-09 11:58:15", "elapsed": 68926.90572357178, "delta": 54.11690974235535}, "costs": {"total_cost": 2148.7136364723906, "time_cost": 150, "final_distance_cost": 89.04070859747803, "oscillation_cost": 687.7399745472466, "completition_cost": 1000.0, "overshoot_cost": 156.91567459034164, "power_cost": 36.90184000244141, "noise_cost": 28.115438734882996, "n_waypoints_completed": 0, "tot_waypoints": 9}}
{"target": -25075.972756008177, "params": {"k_pid_pos": [7121.02831325907, 2831.257437243848, 3603.943486146196], "k_pid_alt": [3630.6948614680646, 941.2822525965636, 8446.036147010074], "k_pid_att": [489.4026916575156, 3149.6285156704816, 6014.475333505096], "k_pid_yaw": [0.5, 1e-06, 0.1], "k_pid_hsp": [6791.191884641432, 244.61598783609762, 8904.023943661248], "k_pid_vsp": [6515.818095441601, 8324.56389437938, 5361.517317398798]}, "datetime": {"datetime": "2025-08-09 11:58:50", "elapsed": 68962.0022380352, "delta": 35.09651446342468}, "costs": {"total_cost": 25075.972756008177, "time_cost": 150, "final_distance_cost": 7584.727559552717, "oscillation_cost": 1558.561789167656, "completition_cost": 1000.0, "overshoot_cost": 14582.799477337157, "power_cost": 58.655612695312506, "noise_cost": 141.2283172553346, "n_waypoints_completed": 0, "tot_waypoints": 9}}
{"target": -1547.7170025001553, "params": {"k_pid_pos": [2693.7218986257817, 4467.043378844304, 3641.331653397205], "k_pid_alt": [10000.0, 0.0, 6950.3157644457315], "k_pid_att": [8622.712357751889, 6346.503701569825, 0.0], "k_pid_yaw": [0.5, 1e-06, 0.1], "k_pid_hsp": [6348.554552757601, 10000.0, 10000.0], "k_pid_vsp": [1635.9551937340366, 4609.64444567621, 9043.812194178276]}, "datetime": {"datetime": "2025-08-09 11:59:47", "elapsed": 69019.01463770866, "delta": 57.012399673461914}, "costs": {"total_cost": 1547.7170025001553, "time_cost": 150, "final_distance_cost": 57.10944251418956, "oscillation_cost": 471.8559927141986, "completition_cost": 666.6666666666667, "overshoot_cost": 134.48217404475088, "power_cost": 38.3420474609375, "noise_cost": 29.260679099412123, "n_waypoints_completed": 3, "tot_waypoints": 9}}
{"target": -3025.762992061264, "params": {"k_pid_pos": [133.05043983709132, 6319.0979795650155, 261.1519749408331], "k_pid_alt": [796.8667799866736, 6308.0122534238935, 5720.806542863479], "k_pid_att": [3033.1198566117578, 3847.917133069929, 2366.702866051419], "k_pid_yaw": [0.5, 1e-06, 0.1], "k_pid_hsp": [5319.9978459876165, 6338.93866249776, 4481.453153028796], "k_pid_vsp": [109.03389376428763, 450.3770535802298, 3041.1714372489773]}, "datetime": {"datetime": "2025-08-09 12:00:25", "elapsed": 69056.89042329788, "delta": 37.87578558921814}, "costs": {"total_cost": 3025.762992061264, "time_cost": 150, "final_distance_cost": 285.871144111419, "oscillation_cost": 472.07240208117884, "completition_cost": 1000.0, "overshoot_cost": 971.4543024391954, "power_cost": 52.9027248046875, "noise_cost": 93.46241862478355, "n_waypoints_completed": 0, "tot_waypoints": 9}}
{"target": -7174.218399762708, "params": {"k_pid_pos": [6410.0961019384595, 2332.584137855551, 89.67443869205782], "k_pid_alt": [7345.535787997845, 8242.823584777825, 4876.203505009578], "k_pid_att": [4793.462545998518, 743.1539835073431, 6422.9731864864125], "k_pid_yaw": [0.5, 1e-06, 0.1], "k_pid_hsp": [4157.059498170829, 7145.057279493718, 8268.321599916253], "k_pid_vsp": [6465.251522647032, 3921.7227939380305, 9224.316371943312]}, "datetime": {"datetime": "2025-08-09 12:01:05", "elapsed": 69096.73593711853, "delta": 39.84551382064819}, "costs": {"total_cost": 7174.218399762708, "time_cost": 150, "final_distance_cost": 1834.9591574771048, "oscillation_cost": 23.383899789822262, "completition_cost": 1000.0, "overshoot_cost": 4102.758067784115, "power_cost": 35.32499494628907, "noise_cost": 27.79227976537691, "n_waypoints_completed": 0, "tot_waypoints": 9}}
{"target": -2219.569026124315, "params": {"k_pid_pos": [9492.184461225053, 10000.0, 6874.302160703123], "k_pid_alt": [0.0, 7815.927491826109, 8546.992198846203], "k_pid_att": [5416.123473402804, 8805.328711293972, 0.0], "k_pid_yaw": [0.5, 1e-06, 0.1], "k_pid_hsp": [3626.253999375573, 3092.291729257461, 5282.752895586834], "k_pid_vsp": [5123.2725473037735, 10000.0, 10000.0]}, "datetime": {"datetime": "2025-08-09 12:02:08", "elapsed": 69159.6321310997, "delta": 62.896193981170654}, "costs": {"total_cost": 2219.569026124315, "time_cost": 150, "final_distance_cost": 87.37039779336531, "oscillation_cost": 768.0967819237097, "completition_cost": 1000.0, "overshoot_cost": 149.18838526376302, "power_cost": 36.73717282714844, "noise_cost": 28.176288316328638, "n_waypoints_completed": 0, "tot_waypoints": 9}}
