{"target": -6339.488071762054, "params": {"k_pid_pos": [1230.2445003280193, 4991.289644747242, 5394.945317553207], "k_pid_alt": [9168.170840199371, 6246.9520701884685, 9316.404416702422], "k_pid_att": [3187.6430656857933, 1155.999190292375, 3840.3330629476263], "k_pid_yaw": [0.5, 1e-06, 0.1], "k_pid_hsp": [9309.508850058732, 8118.520367226446, 5200.199724728204], "k_pid_vsp": [4618.058082886929, 1814.3457226697624, 6065.409317645028]}, "datetime": {"datetime": "2025-08-08 21:55:14", "elapsed": 18346.079529762268, "delta": 30.344844818115234}, "costs": {"total_cost": 6339.488071762054, "time_cost": 150, "final_distance_cost": 1112.4802384228121, "oscillation_cost": 323.9645810306419, "completition_cost": 1000.0, "overshoot_cost": 3646.579229838848, "power_cost": 44.93277064208985, "noise_cost": 61.53125182766168, "n_waypoints_completed": 0, "tot_waypoints": 9}}
{"target": -3211.3585312988466, "params": {"k_pid_pos": [6841.367952398445, 6175.498182897897, 4760.365823298528], "k_pid_alt": [2482.305627641754, 8122.041849126127, 3930.5623451717875], "k_pid_att": [7737.900494187975, 9759.8812938127, 4318.168522438639], "k_pid_yaw": [0.5, 1e-06, 0.1], "k_pid_hsp": [8024.154641283804, 828.6724707215254, 5281.478562386103], "k_pid_vsp": [5859.21251693344, 3010.5094771951613, 7700.751787159137]}, "datetime": {"datetime": "2025-08-08 21:55:45", "elapsed": 18376.98954486847, "delta": 30.910015106201172}, "costs": {"total_cost": 3211.3585312988466, "time_cost": 150, "final_distance_cost": 264.99521701400016, "oscillation_cost": 518.2128818540106, "completition_cost": 1000.0, "overshoot_cost": 1120.9151547439437, "power_cost": 52.94478612060547, "noise_cost": 104.29049156628693, "n_waypoints_completed": 0, "tot_waypoints": 9}}
{"target": -1613.4960342505374, "params": {"k_pid_pos": [7875.087139290133, 4735.303277010002, 4154.424269630145], "k_pid_alt": [3722.85260059324, 4215.748455132056, 5656.628564019893], "k_pid_att": [8173.521847792292, 5085.333119463013, 0.0], "k_pid_yaw": [0.5, 1e-06, 0.1], "k_pid_hsp": [8163.092222379738, 6454.756454774728, 5270.439821863419], "k_pid_vsp": [0.0, 8696.274111327411, 7854.84665868027]}, "datetime": {"datetime": "2025-08-08 21:56:19", "elapsed": 18410.759682893753, "delta": 33.77013802528381}, "costs": {"total_cost": 1613.4960342505374, "time_cost": 150, "final_distance_cost": 64.48744803993803, "oscillation_cost": 252.97571263193817, "completition_cost": 1000.0, "overshoot_cost": 75.63553857201282, "power_cost": 40.96027254638672, "noise_cost": 29.437062460261604, "n_waypoints_completed": 0, "tot_waypoints": 9}}
{"target": -25530.89863854459, "params": {"k_pid_pos": [1570.004978072571, 6734.60924628876, 1748.0536649483336], "k_pid_alt": [6122.757253069154, 1940.6142752049716, 7118.096358115716], "k_pid_att": [4067.9036105425103, 5559.624065894557, 6067.699084398337], "k_pid_yaw": [0.5, 1e-06, 0.1], "k_pid_hsp": [7766.329341223026, 2646.0847825887436, 533.6483921381963], "k_pid_vsp": [4841.296363609977, 7918.607204775382, 5324.922572589717]}, "datetime": {"datetime": "2025-08-08 21:56:50", "elapsed": 18441.54616522789, "delta": 30.786482334136963}, "costs": {"total_cost": 25530.89863854459, "time_cost": 150, "final_distance_cost": 7217.6027133594025, "oscillation_cost": 1535.6592619271044, "completition_cost": 1000.0, "overshoot_cost": 15426.572659150735, "power_cost": 58.58751313476563, "noise_cost": 142.47649097258446, "n_waypoints_completed": 0, "tot_waypoints": 9}}
{"target": -1524.3029568988136, "params": {"k_pid_pos": [5383.961533878837, 10000.0, 3074.6728628016513], "k_pid_alt": [2807.0317318778616, 2881.000869672199, 10000.0], "k_pid_att": [9949.21766559867, 7292.195109896341, 0.0], "k_pid_yaw": [0.5, 1e-06, 0.1], "k_pid_hsp": [6976.604357789351, 3769.364800303405, 3993.835166849371], "k_pid_vsp": [6261.898181568925, 9756.325096105145, 2887.949371058189]}, "datetime": {"datetime": "2025-08-08 21:57:25", "elapsed": 18476.926448345184, "delta": 35.38028311729431}, "costs": {"total_cost": 1524.3029568988136, "time_cost": 150, "final_distance_cost": 69.48709432937187, "oscillation_cost": 274.99663852075065, "completition_cost": 888.8888888888888, "overshoot_cost": 71.92249182405678, "power_cost": 40.31544302978516, "noise_cost": 28.692400305960362, "n_waypoints_completed": 1, "tot_waypoints": 9}}
{"target": -4441.678246721912, "params": {"k_pid_pos": [35.7720898013536, 5488.080481207422, 3104.6937743669346], "k_pid_alt": [9917.763959353268, 6299.571710234758, 3021.8696640641306], "k_pid_att": [4972.875538900381, 6638.652143479338, 3685.510121417198], "k_pid_yaw": [0.5, 1e-06, 0.1], "k_pid_hsp": [6722.22901244606, 5679.494235318127, 4712.3585671133205], "k_pid_vsp": [5711.316600774768, 6639.7973091163185, 1778.5191327285743]}, "datetime": {"datetime": "2025-08-08 21:57:56", "elapsed": 18507.797868728638, "delta": 30.87142038345337}, "costs": {"total_cost": 4441.678246721912, "time_cost": 150, "final_distance_cost": 961.5280160354444, "oscillation_cost": 646.1905416602849, "completition_cost": 1000.0, "overshoot_cost": 1493.2932540464033, "power_cost": 58.61576851806641, "noise_cost": 132.0506664617132, "n_waypoints_completed": 0, "tot_waypoints": 9}}
{"target": -14404.769741167562, "params": {"k_pid_pos": [3235.0768393360995, 6608.977988928174, 6336.458994650929], "k_pid_alt": [9650.061648848518, 4344.335937301456, 702.8914340367221], "k_pid_att": [6256.45667532038, 2180.7071250060885, 7868.185383896926], "k_pid_yaw": [0.5, 1e-06, 0.1], "k_pid_hsp": [1141.2480856401862, 1483.3308217970298, 4416.387850999204], "k_pid_vsp": [9621.129592108198, 2042.525333753107, 1367.245703212817]}, "datetime": {"datetime": "2025-08-08 21:58:27", "elapsed": 18538.781836748123, "delta": 30.983968019485474}, "costs": {"total_cost": 14404.769741167562, "time_cost": 150, "final_distance_cost": 3749.289205741719, "oscillation_cost": 757.2363311305838, "completition_cost": 1000.0, "overshoot_cost": 8550.834381988501, "power_cost": 58.65617543945313, "noise_cost": 138.753646867304, "n_waypoints_completed": 0, "tot_waypoints": 9}}
{"target": -31578.296950824442, "params": {"k_pid_pos": [4008.7674812333985, 9743.715061649295, 1045.8879654602283], "k_pid_alt": [9801.874845875966, 9564.375985124163, 7235.028728361558], "k_pid_att": [2627.149479760946, 3608.388603389684, 3933.0841139167906], "k_pid_yaw": [0.5, 1e-06, 0.1], "k_pid_hsp": [9320.36158548354, 8593.519209613803, 5434.435206057515], "k_pid_vsp": [3941.0214091054363, 2362.6235108427495, 1259.845897498112]}, "datetime": {"datetime": "2025-08-08 21:58:57", "elapsed": 18569.2898747921, "delta": 30.50803804397583}, "costs": {"total_cost": 31578.296950824442, "time_cost": 150, "final_distance_cost": 8699.00363456166, "oscillation_cost": 1583.3125924164692, "completition_cost": 1000.0, "overshoot_cost": 19943.157323927404, "power_cost": 58.65592487792969, "noise_cost": 144.16747504098078, "n_waypoints_completed": 0, "tot_waypoints": 9}}
{"target": -4357.8977013834465, "params": {"k_pid_pos": [8908.604605165601, 9880.226502315581, 7568.035084581414], "k_pid_alt": [6003.912108849575, 6226.478959161939, 4287.623064870471], "k_pid_att": [1335.4242452123488, 1523.3417453515651, 4273.361912843334], "k_pid_yaw": [0.5, 1e-06, 0.1], "k_pid_hsp": [5674.263650335577, 9705.292071786207, 9542.730215961477], "k_pid_vsp": [8148.365379153213, 3651.7275220407787, 7548.917189435086]}, "datetime": {"datetime": "2025-08-08 21:59:28", "elapsed": 18599.78033733368, "delta": 30.4904625415802}, "costs": {"total_cost": 4357.8977013834465, "time_cost": 150, "final_distance_cost": 558.8837261738241, "oscillation_cost": 395.28879737838537, "completition_cost": 1000.0, "overshoot_cost": 2138.4063015130173, "power_cost": 48.81766823730469, "noise_cost": 66.50120808091478, "n_waypoints_completed": 0, "tot_waypoints": 9}}
{"target": -4921.187416145915, "params": {"k_pid_pos": [5459.6998300341575, 9892.453896255, 5194.253876834572], "k_pid_alt": [584.5260522417328, 8246.820362443663, 7705.755539732406], "k_pid_att": [485.0950220408656, 1824.7782243847478, 4118.704864343194], "k_pid_yaw": [0.5, 1e-06, 0.1], "k_pid_hsp": [9964.003157674582, 1044.2612831442555, 1810.54586400478], "k_pid_vsp": [6323.134225877578, 9373.046278716665, 331.53168278662105]}, "datetime": {"datetime": "2025-08-08 21:59:58", "elapsed": 18630.18990778923, "delta": 30.409570455551147}, "costs": {"total_cost": 4921.187416145915, "time_cost": 150, "final_distance_cost": 923.9942964742435, "oscillation_cost": 804.9175914542525, "completition_cost": 1000.0, "overshoot_cost": 1842.8240944774825, "power_cost": 58.65741162109375, "noise_cost": 140.79402211884252, "n_waypoints_completed": 0, "tot_waypoints": 9}}
{"target": -5486.239511914266, "params": {"k_pid_pos": [9842.61845209541, 4389.182704000811, 867.134140346455], "k_pid_alt": [8891.862586625719, 3330.1324776446218, 7978.353809935675], "k_pid_att": [613.7031610866773, 947.8321259681488, 4418.876174526867], "k_pid_yaw": [0.5, 1e-06, 0.1], "k_pid_hsp": [2123.7970944990325, 2144.6816157888006, 8164.484142895828], "k_pid_vsp": [6821.209157600949, 6212.44244477101, 8010.37158391112]}, "datetime": {"datetime": "2025-08-08 22:00:28", "elapsed": 18660.506739139557, "delta": 30.316831350326538}, "costs": {"total_cost": 5486.239511914266, "time_cost": 150, "final_distance_cost": 699.5825086802917, "oscillation_cost": 336.5706586907741, "completition_cost": 1000.0, "overshoot_cost": 3205.0280370307937, "power_cost": 46.02454812011719, "noise_cost": 49.033759392289085, "n_waypoints_completed": 0, "tot_waypoints": 9}}
{"target": -1592.4826573567966, "params": {"k_pid_pos": [6293.325795153372, 10000.0, 10000.0], "k_pid_alt": [8030.204198685589, 7396.588129433841, 7076.76229609008], "k_pid_att": [3742.9780520313116, 2502.345592013919, 0.0], "k_pid_yaw": [0.5, 1e-06, 0.1], "k_pid_hsp": [8015.190470156493, 2501.9824281070496, 4147.8877310379785], "k_pid_vsp": [4695.765460650947, 5091.32883362248, 6114.9330537653095]}, "datetime": {"datetime": "2025-08-08 22:01:04", "elapsed": 18695.60631418228, "delta": 35.09957504272461}, "costs": {"total_cost": 1592.4826573567966, "time_cost": 150, "final_distance_cost": 83.21864172964389, "oscillation_cost": 335.34911459563347, "completition_cost": 888.8888888888888, "overshoot_cost": 67.22524364022402, "power_cost": 39.29340765380859, "noise_cost": 28.507360848597756, "n_waypoints_completed": 1, "tot_waypoints": 9}}
{"target": -1278.6097741530834, "params": {"k_pid_pos": [10000.0, 10000.0, 7489.16068920054], "k_pid_alt": [5649.094298973207, 3921.8167990316524, 1690.213673327051], "k_pid_att": [7385.393461106268, 2630.228160759069, 0.0], "k_pid_yaw": [0.5, 1e-06, 0.1], "k_pid_hsp": [7588.252330856184, 9518.696655033795, 4494.307709025167], "k_pid_vsp": [5541.972144187895, 0.0, 5219.879374502568]}, "datetime": {"datetime": "2025-08-08 22:01:40", "elapsed": 18731.541489601135, "delta": 35.93517541885376}, "costs": {"total_cost": 1278.6097741530834, "time_cost": 150, "final_distance_cost": 62.48872734540113, "oscillation_cost": 235.27192148768188, "completition_cost": 666.6666666666667, "overshoot_cost": 94.16815976391052, "power_cost": 41.09178729248047, "noise_cost": 28.922511596942645, "n_waypoints_completed": 3, "tot_waypoints": 9}}
{"target": -1520.9067044368137, "params": {"k_pid_pos": [0.0, 6015.311176126724, 2613.6900786424467], "k_pid_alt": [10000.0, 2949.272086390898, 0.0], "k_pid_att": [8779.250074009322, 8677.627082517665, 0.0], "k_pid_yaw": [0.5, 1e-06, 0.1], "k_pid_hsp": [5119.675513520516, 3859.220159353764, 2954.8952973816104], "k_pid_vsp": [2406.0060678291757, 5844.1771275756255, 0.0]}, "datetime": {"datetime": "2025-08-08 22:02:15", "elapsed": 18766.639295339584, "delta": 35.0978057384491}, "costs": {"total_cost": 1520.9067044368137, "time_cost": 150, "final_distance_cost": 84.41334467540476, "oscillation_cost": 255.14726849905315, "completition_cost": 888.8888888888888, "overshoot_cost": 74.18828314694173, "power_cost": 39.749108911132815, "noise_cost": 28.519810315392316, "n_waypoints_completed": 1, "tot_waypoints": 9}}
{"target": -4064.3769070564776, "params": {"k_pid_pos": [4729.35808457982, 6431.307495714681, 2853.3315686555793], "k_pid_alt": [1732.7346480329898, 7726.332015757719, 7276.330044005509], "k_pid_att": [5733.77591473579, 4756.336620590286, 4066.2190388780896], "k_pid_yaw": [0.5, 1e-06, 0.1], "k_pid_hsp": [985.1363103037203, 9192.302345175722, 3908.0468582529115], "k_pid_vsp": [1029.9614817501879, 6218.179928206994, 2135.7023411550545]}, "datetime": {"datetime": "2025-08-08 22:02:46", "elapsed": 18797.982743501663, "delta": 31.343448162078857}, "costs": {"total_cost": 4064.3769070564776, "time_cost": 150, "final_distance_cost": 780.4910605609441, "oscillation_cost": 700.6373289295789, "completition_cost": 1000.0, "overshoot_cost": 1239.1753997726087, "power_cost": 58.621138806152345, "noise_cost": 135.45197898719402, "n_waypoints_completed": 0, "tot_waypoints": 9}}
{"target": -6057.918847738643, "params": {"k_pid_pos": [4408.028940964824, 4341.244687788382, 7919.398450812173], "k_pid_alt": [1748.2586706353466, 5585.777576996757, 2979.651800386338], "k_pid_att": [9126.856042016565, 2156.422028816838, 9389.410535847896], "k_pid_yaw": [0.5, 1e-06, 0.1], "k_pid_hsp": [3179.8556429954438, 8973.498714200387, 7418.133361412096], "k_pid_vsp": [5694.105362499598, 3201.057237880336, 7568.588677830377]}, "datetime": {"datetime": "2025-08-08 22:03:17", "elapsed": 18828.666427135468, "delta": 30.68368363380432}, "costs": {"total_cost": 6057.918847738643, "time_cost": 150, "final_distance_cost": 1242.269569168443, "oscillation_cost": 156.49189253980273, "completition_cost": 1000.0, "overshoot_cost": 3438.2189447217784, "power_cost": 40.17349722900391, "noise_cost": 30.764944079615237, "n_waypoints_completed": 0, "tot_waypoints": 9}}
{"target": -1426.6625428501527, "params": {"k_pid_pos": [1901.1160399792884, 5808.514724108307, 1414.9021191934169], "k_pid_alt": [2874.4300791051082, 3999.0821077463675, 5540.67020096446], "k_pid_att": [10000.0, 6361.107948492552, 0.0], "k_pid_yaw": [0.5, 1e-06, 0.1], "k_pid_hsp": [3344.5361612723405, 10000.0, 826.2700614275482], "k_pid_vsp": [663.0520694808394, 4085.6780886499805, 2197.3492383250264]}, "datetime": {"datetime": "2025-08-08 22:03:51", "elapsed": 18863.05526828766, "delta": 34.38884115219116}, "costs": {"total_cost": 1426.6625428501527, "time_cost": 150, "final_distance_cost": 70.40298486360436, "oscillation_cost": 169.59369249113632, "completition_cost": 888.8888888888888, "overshoot_cost": 75.31783550179367, "power_cost": 43.2495810546875, "noise_cost": 29.209560050042025, "n_waypoints_completed": 1, "tot_waypoints": 9}}
{"target": -1578.4810128355339, "params": {"k_pid_pos": [9317.073595498383, 10000.0, 6546.141467552309], "k_pid_alt": [2477.901985201963, 3914.1078854342663, 5545.742929067754], "k_pid_att": [10000.0, 9645.202430458017, 0.0], "k_pid_yaw": [0.5, 1e-06, 0.1], "k_pid_hsp": [10000.0, 1202.6620936156578, 2041.0648080678802], "k_pid_vsp": [10000.0, 4636.264750497677, 4897.487101952404]}, "datetime": {"datetime": "2025-08-08 22:04:27", "elapsed": 18899.12552022934, "delta": 36.07025194168091}, "costs": {"total_cost": 1578.4810128355339, "time_cost": 150, "final_distance_cost": 53.08813886732509, "oscillation_cost": 245.7958269988201, "completition_cost": 1000.0, "overshoot_cost": 59.54283042787887, "power_cost": 41.25746610107422, "noise_cost": 28.796750440435506, "n_waypoints_completed": 0, "tot_waypoints": 9}}
{"target": -1391.3548739059906, "params": {"k_pid_pos": [349.5640125717108, 9046.692574505343, 7985.454756627639], "k_pid_alt": [10000.0, 2686.908412562604, 341.0218833273462], "k_pid_att": [6953.172291602301, 5744.869462938135, 0.0], "k_pid_yaw": [0.5, 1e-06, 0.1], "k_pid_hsp": [5730.265552512507, 10000.0, 2231.604437772151], "k_pid_vsp": [3702.5139157470944, 0.0, 4538.390522135342]}, "datetime": {"datetime": "2025-08-08 22:05:01", "elapsed": 18933.15809416771, "delta": 34.03257393836975}, "costs": {"total_cost": 1391.3548739059906, "time_cost": 150, "final_distance_cost": 94.7779323169386, "oscillation_cost": 221.41552278181075, "completition_cost": 777.7777777777778, "overshoot_cost": 77.69425376006184, "power_cost": 40.72422839355469, "noise_cost": 28.965158875846708, "n_waypoints_completed": 2, "tot_waypoints": 9}}
{"target": -679.9854885744288, "params": {"k_pid_pos": [4653.993137843555, 10000.0, 10000.0], "k_pid_alt": [10000.0, 0.0, 7286.05180139688], "k_pid_att": [8861.21514244501, 1213.8574760995937, 0.0], "k_pid_yaw": [0.5, 1e-06, 0.1], "k_pid_hsp": [5107.326698796799, 10000.0, 0.0], "k_pid_vsp": [7141.540682291784, 4929.237457292482, 756.3687652700836]}, "datetime": {"datetime": "2025-08-08 22:05:35", "elapsed": 18967.150448083878, "delta": 33.99235391616821}, "costs": {"total_cost": 679.9854885744288, "time_cost": 150, "final_distance_cost": 9.265859745398254, "oscillation_cost": 270.3765696149582, "completition_cost": 111.11111111111116, "overshoot_cost": 67.1188349209967, "power_cost": 42.0020400390625, "noise_cost": 30.111073142901837, "n_waypoints_completed": 8, "tot_waypoints": 9}}
{"target": -4379.972813681643, "params": {"k_pid_pos": [2913.4975308142066, 6755.236337182653, 5329.973657038559], "k_pid_alt": [9947.584303612226, 2084.629202363718, 7119.152597372763], "k_pid_att": [923.6528960350532, 1658.0161750221266, 6387.715500820168], "k_pid_yaw": [0.5, 1e-06, 0.1], "k_pid_hsp": [8348.929162627226, 7943.323713845585, 5881.1458024762], "k_pid_vsp": [5000.224567107489, 5684.474137846782, 1848.3043294776558]}, "datetime": {"datetime": "2025-08-08 22:06:06", "elapsed": 18997.871660232544, "delta": 30.721212148666382}, "costs": {"total_cost": 4379.972813681643, "time_cost": 150, "final_distance_cost": 508.37692912041007, "oscillation_cost": 796.5625047073703, "completition_cost": 1000.0, "overshoot_cost": 1742.6699930933357, "power_cost": 58.55283464355469, "noise_cost": 123.81055211697199, "n_waypoints_completed": 0, "tot_waypoints": 9}}
{"target": -944.7906952093145, "params": {"k_pid_pos": [8945.441242758101, 10000.0, 2002.8344358369955], "k_pid_alt": [7680.704631042574, 0.0, 5900.7937445914085], "k_pid_att": [5244.776307362862, 0.0, 0.0], "k_pid_yaw": [0.5, 1e-06, 0.1], "k_pid_hsp": [8543.80618573749, 806.9913557956196, 3997.4924250533127], "k_pid_vsp": [7354.703405470463, 8900.454915738512, 885.2999713289496]}, "datetime": {"datetime": "2025-08-08 22:06:41", "elapsed": 19033.35870718956, "delta": 35.48704695701599}, "costs": {"total_cost": 944.7906952093145, "time_cost": 150, "final_distance_cost": 65.26291588892451, "oscillation_cost": 347.09935151308247, "completition_cost": 222.2222222222222, "overshoot_cost": 91.29687295089182, "power_cost": 40.28441202392578, "noise_cost": 28.624920610267775, "n_waypoints_completed": 7, "tot_waypoints": 9}}
{"target": -1694.9980034082985, "params": {"k_pid_pos": [6569.8998403497535, 9611.879100194175, 5506.632333835204], "k_pid_alt": [9423.652285311344, 3089.911029819219, 7893.717054238771], "k_pid_att": [8437.959521692264, 3800.730080828678, 1013.214359521073], "k_pid_yaw": [0.5, 1e-06, 0.1], "k_pid_hsp": [6389.4312654971545, 2619.0209114405993, 5679.361471417232], "k_pid_vsp": [4235.94236267236, 4229.326684025086, 4457.732480360967]}, "datetime": {"datetime": "2025-08-08 22:07:12", "elapsed": 19064.215098381042, "delta": 30.856391191482544}, "costs": {"total_cost": 1694.9980034082985, "time_cost": 150, "final_distance_cost": 123.5097361890994, "oscillation_cost": 97.85348508642203, "completition_cost": 1000.0, "overshoot_cost": 260.59539883630845, "power_cost": 35.26221989746094, "noise_cost": 27.77716339900762, "n_waypoints_completed": 0, "tot_waypoints": 9}}
{"target": -3347.4608490460264, "params": {"k_pid_pos": [4115.157896508709, 9394.413333293487, 2644.7969663058866], "k_pid_alt": [1530.9324160033577, 3186.807201602765, 4193.311619304792], "k_pid_att": [4540.442540488823, 6575.469916540541, 3391.712227460659], "k_pid_yaw": [0.5, 1e-06, 0.1], "k_pid_hsp": [5130.790428216675, 3623.0444804037397, 6567.325283364235], "k_pid_vsp": [8446.847139015228, 1628.6881148815946, 2680.220559017663]}, "datetime": {"datetime": "2025-08-08 22:07:44", "elapsed": 19095.569269180298, "delta": 31.35417079925537}, "costs": {"total_cost": 3347.4608490460264, "time_cost": 150, "final_distance_cost": 243.85033583613233, "oscillation_cost": 718.6654426218939, "completition_cost": 1000.0, "overshoot_cost": 1039.1186393042713, "power_cost": 58.64331959228516, "noise_cost": 137.18311169144425, "n_waypoints_completed": 0, "tot_waypoints": 9}}
{"target": -2186.095413073309, "params": {"k_pid_pos": [6141.427869777506, 0.0, 3155.8901789626548], "k_pid_alt": [9915.033754730493, 3046.538882165948, 0.0], "k_pid_att": [5887.0013284686975, 6108.125778974754, 0.0], "k_pid_yaw": [0.5, 1e-06, 0.1], "k_pid_hsp": [4180.464352540334, 0.0, 4649.3657960439405], "k_pid_vsp": [2452.287327289332, 7538.823841720595, 5158.690721480132]}, "datetime": {"datetime": "2025-08-08 22:08:19", "elapsed": 19130.976381778717, "delta": 35.40711259841919}, "costs": {"total_cost": 2186.095413073309, "time_cost": 150, "final_distance_cost": 92.28384931849662, "oscillation_cost": 897.1687040550539, "completition_cost": 888.8888888888888, "overshoot_cost": 92.61672285069912, "power_cost": 36.99031427001953, "noise_cost": 28.14693369015098, "n_waypoints_completed": 1, "tot_waypoints": 9}}
