{"target": -5788.95171517768, "params": {"k_pid_pos": [5758.378908450297, 4636.495232842001, 354.77132226190867], "k_pid_alt": [485.0840681298485, 824.0622889677774, 8282.732735656275], "k_pid_att": [7468.908537524428, 1764.9467641523254, 9195.632395269042], "k_pid_yaw": [0.5, 1e-06, 0.1], "k_pid_hsp": [7218.531387662966, 1315.7206402357347, 8534.378249924252], "k_pid_vsp": [3530.84249535634, 8698.15218917197, 5230.200315671265]}, "datetime": {"datetime": "2025-08-09 00:02:22", "elapsed": 25974.516127824783, "delta": 31.98459792137146}, "costs": {"total_cost": 5788.95171517768, "time_cost": 150, "final_distance_cost": 1075.0103817233678, "oscillation_cost": 813.5426587205509, "completition_cost": 1000.0, "overshoot_cost": 2559.618460859006, "power_cost": 58.45254304199219, "noise_cost": 132.32767083276312, "n_waypoints_completed": 0, "tot_waypoints": 9}}
{"target": -2307.26834186229, "params": {"k_pid_pos": [10000.0, 6882.134189289477, 7359.132409279524], "k_pid_alt": [0.0, 6380.711140458531, 4067.584319629284], "k_pid_att": [7448.507351771457, 8756.692641966818, 0.0], "k_pid_yaw": [0.5, 1e-06, 0.1], "k_pid_hsp": [10000.0, 863.5379261683856, 10000.0], "k_pid_vsp": [574.5648944504129, 9491.962794870964, 7808.039360450074]}, "datetime": {"datetime": "2025-08-09 00:02:58", "elapsed": 26010.517506599426, "delta": 36.001378774642944}, "costs": {"total_cost": 2307.26834186229, "time_cost": 150, "final_distance_cost": 86.01304769370013, "oscillation_cost": 871.0720232400877, "completition_cost": 1000.0, "overshoot_cost": 135.48360060169617, "power_cost": 36.314477490234374, "noise_cost": 28.385192836571452, "n_waypoints_completed": 0, "tot_waypoints": 9}}
{"target": -9142.72698548992, "params": {"k_pid_pos": [5406.503859905623, 9463.803205048804, 3956.915461249206], "k_pid_alt": [2136.6383524818366, 5845.839441359023, 4610.192831822345], "k_pid_att": [8787.799602017834, 593.5837684951906, 8453.46020453816], "k_pid_yaw": [0.5, 1e-06, 0.1], "k_pid_hsp": [6169.251784180831, 8853.775355363652, 666.3361162349435], "k_pid_vsp": [1386.923708816199, 2700.2911890957503, 3062.1339700585772]}, "datetime": {"datetime": "2025-08-09 00:03:30", "elapsed": 26042.12260699272, "delta": 31.605100393295288}, "costs": {"total_cost": 9142.72698548992, "time_cost": 150, "final_distance_cost": 2427.3276331993015, "oscillation_cost": 23.604464404198012, "completition_cost": 1000.0, "overshoot_cost": 5478.617413507405, "power_cost": 35.374474829101565, "noise_cost": 27.80299954991521, "n_waypoints_completed": 0, "tot_waypoints": 9}}
{"target": -1834.1705720531136, "params": {"k_pid_pos": [5721.457543641606, 4412.475234941407, 0.0], "k_pid_alt": [9004.767724863983, 5620.738357969341, 0.0], "k_pid_att": [10000.0, 5532.523745920491, 0.0], "k_pid_yaw": [0.5, 1e-06, 0.1], "k_pid_hsp": [6334.905794001909, 0.0, 0.0], "k_pid_vsp": [8390.714717256265, 3979.8491714492307, 0.0]}, "datetime": {"datetime": "2025-08-09 00:04:07", "elapsed": 26078.52996468544, "delta": 36.407357692718506}, "costs": {"total_cost": 1834.1705720531136, "time_cost": 150, "final_distance_cost": 53.28958316266541, "oscillation_cost": 494.5355219098217, "completition_cost": 1000.0, "overshoot_cost": 67.59783165583616, "power_cost": 39.95414346923828, "noise_cost": 28.793491855551995, "n_waypoints_completed": 0, "tot_waypoints": 9}}
{"target": -9911.484112347482, "params": {"k_pid_pos": [3936.6399418618757, 5381.927537421572, 9678.28080067813], "k_pid_alt": [1765.679091865251, 646.4799164904144, 4263.127012738075], "k_pid_att": [2540.2175387908133, 6027.650624275789, 4247.839875715696], "k_pid_yaw": [0.5, 1e-06, 0.1], "k_pid_hsp": [293.84906588534545, 7411.340931298018, 7681.439580177765], "k_pid_vsp": [6032.8841901979395, 5685.640625980949, 432.7551322915979]}, "datetime": {"datetime": "2025-08-09 00:04:37", "elapsed": 26109.490659952164, "delta": 30.960695266723633}, "costs": {"total_cost": 9911.484112347482, "time_cost": 150, "final_distance_cost": 1869.4541645180113, "oscillation_cost": 1282.219367025947, "completition_cost": 1000.0, "overshoot_cost": 5409.83414160922, "power_cost": 58.55319957275391, "noise_cost": 141.423239621551, "n_waypoints_completed": 0, "tot_waypoints": 9}}
{"target": -7623.047737014631, "params": {"k_pid_pos": [3163.238975467151, 7978.5945703554735, 1423.602369721616], "k_pid_alt": [4624.5632661054005, 3660.3822630377636, 8450.867692666], "k_pid_att": [1359.920359917808, 2167.7014252642866, 6054.755034773692], "k_pid_yaw": [0.5, 1e-06, 0.1], "k_pid_hsp": [3273.50806625468, 7824.686552998226, 6452.885962586625], "k_pid_vsp": [6193.288408787648, 3468.8019285259497, 6094.785653567852]}, "datetime": {"datetime": "2025-08-09 00:05:08", "elapsed": 26140.245195150375, "delta": 30.75453519821167}, "costs": {"total_cost": 7623.047737014631, "time_cost": 150, "final_distance_cost": 1905.179373400811, "oscillation_cost": 374.242242565455, "completition_cost": 1000.0, "overshoot_cost": 4083.544504887882, "power_cost": 46.58751763916016, "noise_cost": 63.49409852132361, "n_waypoints_completed": 0, "tot_waypoints": 9}}
{"target": -2170.9177359317537, "params": {"k_pid_pos": [10000.0, 1233.4590506867248, 2722.63656665943], "k_pid_alt": [5904.490994422844, 0.0, 2178.440585375864], "k_pid_att": [8300.299386117453, 7615.365020356052, 0.0], "k_pid_yaw": [0.5, 1e-06, 0.1], "k_pid_hsp": [0.0, 1309.2044561752032, 7005.961911702391], "k_pid_vsp": [6834.697290644312, 0.0, 9589.043020260266]}, "datetime": {"datetime": "2025-08-09 00:05:45", "elapsed": 26177.09383416176, "delta": 36.84863901138306}, "costs": {"total_cost": 2170.9177359317537, "time_cost": 150, "final_distance_cost": 56.984580328955424, "oscillation_cost": 911.9001697849139, "completition_cost": 888.8888888888888, "overshoot_cost": 98.42106287509378, "power_cost": 36.66525187988282, "noise_cost": 28.057782174018765, "n_waypoints_completed": 1, "tot_waypoints": 9}}
{"target": -5239.1263238382235, "params": {"k_pid_pos": [4492.80218722685, 6543.355599434186, 2334.655843281197], "k_pid_alt": [1900.9692040865766, 7797.956080960883, 5305.756708307357], "k_pid_att": [1008.0326147660624, 8525.417361105972, 3314.3131708609385], "k_pid_yaw": [0.5, 1e-06, 0.1], "k_pid_hsp": [7369.077104867695, 3223.8825486991864, 9625.38281961445], "k_pid_vsp": [7890.502765831212, 2065.352405130018, 442.93736620207636]}, "datetime": {"datetime": "2025-08-09 00:06:17", "elapsed": 26208.615971565247, "delta": 31.52213740348816}, "costs": {"total_cost": 5239.1263238382235, "time_cost": 150, "final_distance_cost": 756.9407398989911, "oscillation_cost": 1425.2800776794136, "completition_cost": 1000.0, "overshoot_cost": 1706.322503504309, "power_cost": 58.73640146484375, "noise_cost": 141.84660129066688, "n_waypoints_completed": 0, "tot_waypoints": 9}}
{"target": -3526.635681296943, "params": {"k_pid_pos": [2973.592549788153, 763.9892459794584, 1373.5658962136133], "k_pid_alt": [5979.075645934872, 1358.756388618747, 9426.451566485688], "k_pid_att": [4424.3257241657875, 3964.8261551187925, 1089.6065417923262], "k_pid_yaw": [0.5, 1e-06, 0.1], "k_pid_hsp": [1903.5618687191848, 66.6241394916145, 4014.8836329769388], "k_pid_vsp": [6263.927146399487, 4454.176232824165, 3367.9601391791525]}, "datetime": {"datetime": "2025-08-09 00:06:48", "elapsed": 26240.140475273132, "delta": 31.524503707885742}, "costs": {"total_cost": 3526.635681296943, "time_cost": 150, "final_distance_cost": 704.1558977139653, "oscillation_cost": 258.4066846508599, "completition_cost": 1000.0, "overshoot_cost": 1312.9664133822725, "power_cost": 44.06062360839844, "noise_cost": 57.046061941446546, "n_waypoints_completed": 0, "tot_waypoints": 9}}
{"target": -23545.712934752948, "params": {"k_pid_pos": [396.68149061881206, 8997.051349934107, 1834.2653576616651], "k_pid_alt": [3217.249664159959, 1250.6495019057718, 8343.234296896917], "k_pid_att": [3933.511708519112, 9434.119657498468, 8174.8474968422925], "k_pid_yaw": [0.5, 1e-06, 0.1], "k_pid_hsp": [5652.21757460851, 510.7603115555826, 4725.712655126155], "k_pid_vsp": [5250.421192898783, 7543.549600728255, 332.85876594431716]}, "datetime": {"datetime": "2025-08-09 00:07:19", "elapsed": 26271.514083623886, "delta": 31.373608350753784}, "costs": {"total_cost": 23545.712934752948, "time_cost": 150, "final_distance_cost": 6245.739966314513, "oscillation_cost": 1676.7075443271117, "completition_cost": 1000.0, "overshoot_cost": 14271.298293687536, "power_cost": 58.655612695312506, "noise_cost": 143.3115177284752, "n_waypoints_completed": 0, "tot_waypoints": 9}}
{"target": -8343.135369255555, "params": {"k_pid_pos": [403.1053535110529, 7556.843694593905, 2109.3790329125072], "k_pid_alt": [1885.0616434996825, 824.5083438094036, 1224.4161918828488], "k_pid_att": [3706.078094558788, 2493.0359218135254, 3203.5977133438064], "k_pid_yaw": [0.5, 1e-06, 0.1], "k_pid_hsp": [3241.1329834521516, 3585.84630956312, 1674.7576994931], "k_pid_vsp": [6352.883478384, 9305.550012575346, 9321.371450876466]}, "datetime": {"datetime": "2025-08-09 00:07:51", "elapsed": 26303.356157779694, "delta": 31.842074155807495}, "costs": {"total_cost": 8343.135369255555, "time_cost": 150, "final_distance_cost": 1929.5870980442855, "oscillation_cost": 472.22926840922963, "completition_cost": 1000.0, "overshoot_cost": 4652.579512016252, "power_cost": 50.37903642578125, "noise_cost": 88.36045436000515, "n_waypoints_completed": 0, "tot_waypoints": 9}}
{"target": -1385.5339447140764, "params": {"k_pid_pos": [10000.0, 8852.470051829767, 10000.0], "k_pid_alt": [10000.0, 0.0, 4597.030860102512], "k_pid_att": [10000.0, 5271.968747429079, 0.0], "k_pid_yaw": [0.5, 1e-06, 0.1], "k_pid_hsp": [0.0, 7315.769880258785, 0.0], "k_pid_vsp": [2021.2039420094777, 5765.189374951294, 1421.421706516628]}, "datetime": {"datetime": "2025-08-09 00:08:29", "elapsed": 26340.689678430557, "delta": 37.33352065086365}, "costs": {"total_cost": 1385.5339447140764, "time_cost": 150, "final_distance_cost": 56.507559451787614, "oscillation_cost": 155.53378802475714, "completition_cost": 888.8888888888888, "overshoot_cost": 59.64855740171183, "power_cost": 45.2239154296875, "noise_cost": 29.731235517243718, "n_waypoints_completed": 1, "tot_waypoints": 9}}
{"target": -1771.9158754473306, "params": {"k_pid_pos": [4134.68841236782, 7503.7973954455165, 5424.580047004128], "k_pid_alt": [9440.701963922424, 8413.50112179199, 0.0], "k_pid_att": [9065.2323283109, 6818.920210618177, 0.0], "k_pid_yaw": [0.5, 1e-06, 0.1], "k_pid_hsp": [6528.556784986878, 0.0, 2804.449230721798], "k_pid_vsp": [1143.1559629005337, 0.0, 0.0]}, "datetime": {"datetime": "2025-08-09 00:09:06", "elapsed": 26377.625114440918, "delta": 36.93543601036072}, "costs": {"total_cost": 1771.9158754473306, "time_cost": 150, "final_distance_cost": 48.939498587022655, "oscillation_cost": 438.6093355765283, "completition_cost": 1000.0, "overshoot_cost": 67.36913911720845, "power_cost": 38.605344165039064, "noise_cost": 28.392558001531953, "n_waypoints_completed": 0, "tot_waypoints": 9}}
{"target": -2054.5536601645863, "params": {"k_pid_pos": [7468.487297949071, 9643.581258975446, 3967.097743518088], "k_pid_alt": [1242.4600385686535, 3678.4915539615713, 3819.3423957026416], "k_pid_att": [5363.668752394616, 7515.891604238719, 0.0], "k_pid_yaw": [0.5, 1e-06, 0.1], "k_pid_hsp": [10000.0, 4506.358401092659, 10000.0], "k_pid_vsp": [10000.0, 0.0, 166.52863809099432]}, "datetime": {"datetime": "2025-08-09 00:09:43", "elapsed": 26415.361121416092, "delta": 37.73600697517395}, "costs": {"total_cost": 2054.5536601645863, "time_cost": 150, "final_distance_cost": 47.52891932824485, "oscillation_cost": 669.3267327901913, "completition_cost": 1000.0, "overshoot_cost": 122.3331930642665, "power_cost": 37.231596203613286, "noise_cost": 28.13321877827035, "n_waypoints_completed": 0, "tot_waypoints": 9}}
{"target": -5001.575618345444, "params": {"k_pid_pos": [8832.311365801199, 9195.377014162466, 5672.221762550518], "k_pid_alt": [1991.6972634254837, 9385.547278363367, 1753.6097356135615], "k_pid_att": [6728.356269578712, 5594.069833402994, 1631.0716970689953], "k_pid_yaw": [0.5, 1e-06, 0.1], "k_pid_hsp": [1291.015315238806, 4280.806291259242, 2569.7626208024126], "k_pid_vsp": [8028.651342087496, 1802.1706216010314, 2556.975160830034]}, "datetime": {"datetime": "2025-08-09 00:10:14", "elapsed": 26446.521443605423, "delta": 31.160322189331055}, "costs": {"total_cost": 5001.575618345444, "time_cost": 150, "final_distance_cost": 1208.6651322279547, "oscillation_cost": 101.91871657940915, "completition_cost": 1000.0, "overshoot_cost": 2475.8838828871085, "power_cost": 35.5715689453125, "noise_cost": 29.53631770565884, "n_waypoints_completed": 0, "tot_waypoints": 9}}
{"target": -1336.1302686262582, "params": {"k_pid_pos": [6596.949149031116, 4111.647460515397, 2561.9145960682854], "k_pid_alt": [3041.2123317757023, 871.484896106618, 6813.396001806656], "k_pid_att": [9768.251615000883, 3295.4615859857495, 114.02400258662016], "k_pid_yaw": [0.5, 1e-06, 0.1], "k_pid_hsp": [4548.51353210421, 7206.379830699363, 5087.392373630093], "k_pid_vsp": [7905.803457801387, 4899.94044152869, 5756.069524406959]}, "datetime": {"datetime": "2025-08-09 00:10:46", "elapsed": 26477.86885213852, "delta": 31.347408533096313}, "costs": {"total_cost": 1336.1302686262582, "time_cost": 150, "final_distance_cost": 49.0897872180207, "oscillation_cost": 324.84977884201976, "completition_cost": 666.6666666666667, "overshoot_cost": 77.65180063701207, "power_cost": 39.21810104980469, "noise_cost": 28.65413421273409, "n_waypoints_completed": 3, "tot_waypoints": 9}}
{"target": -572.6688611615451, "params": {"k_pid_pos": [10000.0, 4419.952378687809, 0.0], "k_pid_alt": [3198.407976695565, 0.0, 4259.624797637449], "k_pid_att": [10000.0, 9440.952004707107, 0.0], "k_pid_yaw": [0.5, 1e-06, 0.1], "k_pid_hsp": [10000.0, 4489.3383824828215, 645.1494208949266], "k_pid_vsp": [7653.32358837496, 2550.0306603029176, 7766.6595437811575]}, "datetime": {"datetime": "2025-08-09 00:11:21", "elapsed": 26513.30544757843, "delta": 35.43659543991089}, "costs": {"total_cost": 572.6688611615451, "time_cost": 116.46600000000001, "final_distance_cost": 1.7057072447014545, "oscillation_cost": 307.2676495610819, "completition_cost": 0.0, "overshoot_cost": 76.80556215624027, "power_cost": 40.50551940917969, "noise_cost": 29.918422790341747, "n_waypoints_completed": 9, "tot_waypoints": 9}}
{"target": -1709.259069901664, "params": {"k_pid_pos": [8406.803429196872, 9440.445950153053, 5163.331431965247], "k_pid_alt": [3140.6299557496054, 6943.300890702732, 8251.01598234124], "k_pid_att": [6034.441810917696, 8498.461196254344, 986.7555594030198], "k_pid_yaw": [0.5, 1e-06, 0.1], "k_pid_hsp": [7911.149064579374, 2498.5076441922583, 4313.034565207255], "k_pid_vsp": [182.38040206025042, 4480.07986344431, 2828.62514414305]}, "datetime": {"datetime": "2025-08-09 00:11:54", "elapsed": 26545.775656700134, "delta": 32.4702091217041}, "costs": {"total_cost": 1709.259069901664, "time_cost": 150, "final_distance_cost": 117.35118304165934, "oscillation_cost": 151.94386316839638, "completition_cost": 1000.0, "overshoot_cost": 220.0973331855704, "power_cost": 39.122635864257816, "noise_cost": 30.74405464178022, "n_waypoints_completed": 0, "tot_waypoints": 9}}
{"target": -1439.2698746950994, "params": {"k_pid_pos": [5359.706712714739, 10000.0, 0.0], "k_pid_alt": [2754.5907537958037, 0.0, 0.0], "k_pid_att": [6934.023531321894, 0.0, 0.0], "k_pid_yaw": [0.5, 1e-06, 0.1], "k_pid_hsp": [10000.0, 0.0, 0.0], "k_pid_vsp": [8913.953630091939, 6032.422488446415, 2605.4703652016083]}, "datetime": {"datetime": "2025-08-09 00:12:36", "elapsed": 26587.842557668686, "delta": 42.066900968551636}, "costs": {"total_cost": 1439.2698746950994, "time_cost": 150, "final_distance_cost": 79.56398711470575, "oscillation_cost": 301.59800895413474, "completition_cost": 777.7777777777778, "overshoot_cost": 60.934188326451476, "power_cost": 40.621723571777345, "noise_cost": 28.774188950252462, "n_waypoints_completed": 2, "tot_waypoints": 9}}
{"target": -2097.67193343632, "params": {"k_pid_pos": [1.2387777663267725e-09, 1569.9785131002375, 4597.358660393365], "k_pid_alt": [5891.725811664659, 6645.1047324054125, 4632.961283810342], "k_pid_att": [10000.0, 10000.0, 0.0], "k_pid_yaw": [0.5, 1e-06, 0.1], "k_pid_hsp": [10000.0, 0.0, 4401.500719087777], "k_pid_vsp": [7007.833775968678, 2726.633100451541, 2727.175442136558]}, "datetime": {"datetime": "2025-08-09 00:13:16", "elapsed": 26628.199147462845, "delta": 40.356589794158936}, "costs": {"total_cost": 2097.67193343632, "time_cost": 150, "final_distance_cost": 80.27418197234908, "oscillation_cost": 783.9442930954402, "completition_cost": 888.8888888888888, "overshoot_cost": 130.8260415697828, "power_cost": 35.99808287353516, "noise_cost": 27.7404450363241, "n_waypoints_completed": 1, "tot_waypoints": 9}}
{"target": -1968.62052948025, "params": {"k_pid_pos": [9176.327137920944, 8472.427978976699, 5286.514683837682], "k_pid_alt": [1145.9027691149015, 3139.431880588407, 1599.915855013364], "k_pid_att": [3575.690339637905, 4277.745481290083, 825.4948163270492], "k_pid_yaw": [0.5, 1e-06, 0.1], "k_pid_hsp": [9642.033493636347, 5283.075903747639, 5238.420643416058], "k_pid_vsp": [618.1162121043549, 4291.940595379957, 3943.9758396013467]}, "datetime": {"datetime": "2025-08-09 00:13:52", "elapsed": 26664.512426376343, "delta": 36.313278913497925}, "costs": {"total_cost": 1968.62052948025, "time_cost": 150, "final_distance_cost": 152.83571916156876, "oscillation_cost": 80.5619862537051, "completition_cost": 1000.0, "overshoot_cost": 522.2337848691626, "power_cost": 35.220755578613286, "noise_cost": 27.768283617200225, "n_waypoints_completed": 0, "tot_waypoints": 9}}
{"target": -2112.2070326409444, "params": {"k_pid_pos": [9279.585637535107, 4975.580188466887, 4219.133215874301], "k_pid_alt": [646.2588872390518, 4621.794391094156, 3006.282227032183], "k_pid_att": [9248.848891318305, 7975.931678425946, 3300.7222572236606], "k_pid_yaw": [0.5, 1e-06, 0.1], "k_pid_hsp": [5265.871911193092, 4131.061313805771, 3900.658601482655], "k_pid_vsp": [3234.6824055805255, 7549.065991153431, 3346.8235103048905]}, "datetime": {"datetime": "2025-08-09 00:14:27", "elapsed": 26698.851031303406, "delta": 34.33860492706299}, "costs": {"total_cost": 2112.2070326409444, "time_cost": 150, "final_distance_cost": 167.52978974654187, "oscillation_cost": 265.87409472753933, "completition_cost": 1000.0, "overshoot_cost": 428.9179542751615, "power_cost": 44.96509315185547, "noise_cost": 54.92010073984602, "n_waypoints_completed": 0, "tot_waypoints": 9}}
{"target": -13796.428793788282, "params": {"k_pid_pos": [618.7921872308111, 8911.807366983983, 7855.6030387375795], "k_pid_alt": [4291.5519134028855, 284.8151156683365, 9363.705663786011], "k_pid_att": [7497.011183548539, 6170.204926870831, 7525.828254017873], "k_pid_yaw": [0.5, 1e-06, 0.1], "k_pid_hsp": [7406.044169407263, 3314.4827800897083, 7015.142681513358], "k_pid_vsp": [3333.207770234503, 7643.624629047403, 2207.0072359895553]}, "datetime": {"datetime": "2025-08-09 00:15:02", "elapsed": 26733.87310886383, "delta": 35.022077560424805}, "costs": {"total_cost": 13796.428793788282, "time_cost": 150, "final_distance_cost": 4586.989966497289, "oscillation_cost": 1374.3470482684622, "completition_cost": 1000.0, "overshoot_cost": 6483.17840907067, "power_cost": 58.65603693847657, "noise_cost": 143.25733301338326, "n_waypoints_completed": 0, "tot_waypoints": 9}}
{"target": -1470.4028833152902, "params": {"k_pid_pos": [9161.475904468072, 4902.356134988305, 2102.0450781587433], "k_pid_alt": [202.21882348642706, 7104.356336749213, 5193.119816080891], "k_pid_att": [9807.742983542328, 10000.0, 0.0], "k_pid_yaw": [0.5, 1e-06, 0.1], "k_pid_hsp": [10000.0, 1434.686331182878, 721.8272099553634], "k_pid_vsp": [0.0, 6981.6930690655345, 4789.186378495648]}, "datetime": {"datetime": "2025-08-09 00:15:38", "elapsed": 26770.34381699562, "delta": 36.47070813179016}, "costs": {"total_cost": 1470.4028833152902, "time_cost": 150, "final_distance_cost": 81.38795430825738, "oscillation_cost": 204.11433638625698, "completition_cost": 888.8888888888888, "overshoot_cost": 74.49304419863597, "power_cost": 42.208225390625, "noise_cost": 29.310434142625756, "n_waypoints_completed": 1, "tot_waypoints": 9}}
{"target": -7207.842870760476, "params": {"k_pid_pos": [7697.561410077861, 7465.601433712722, 8276.649024919805], "k_pid_alt": [9730.592833198474, 2406.7452451043546, 7312.222537490322], "k_pid_att": [886.63427960051, 8039.245611104906, 5003.2197565096085], "k_pid_yaw": [0.5, 1e-06, 0.1], "k_pid_hsp": [3155.080341475326, 7384.216761518891, 5624.8104777064855], "k_pid_vsp": [1254.6747583492956, 2239.4825151203813, 3159.9693155426244]}, "datetime": {"datetime": "2025-08-09 00:16:10", "elapsed": 26801.750207662582, "delta": 31.40639066696167}, "costs": {"total_cost": 7207.842870760476, "time_cost": 150, "final_distance_cost": 1737.742151440331, "oscillation_cost": 1408.7404371386353, "completition_cost": 1000.0, "overshoot_cost": 2727.196919961683, "power_cost": 56.774576770019536, "noise_cost": 127.38878544980595, "n_waypoints_completed": 0, "tot_waypoints": 9}}
{"target": -785.5475886671638, "params": {"k_pid_pos": [10000.0, 4988.864270906682, 0.0], "k_pid_alt": [2518.802967319379, 0.0, 6218.988029845906], "k_pid_att": [7509.007225141344, 4768.563979658126, 0.0], "k_pid_yaw": [0.5, 1e-06, 0.1], "k_pid_hsp": [9055.261963053927, 4243.133718749051, 3846.1535580013624], "k_pid_vsp": [4963.738836925816, 8394.70030748144, 3465.072735904061]}, "datetime": {"datetime": "2025-08-09 00:16:47", "elapsed": 26838.66241621971, "delta": 36.912208557128906}, "costs": {"total_cost": 785.5475886671638, "time_cost": 150, "final_distance_cost": 54.66218610180683, "oscillation_cost": 316.5280115226873, "completition_cost": 111.11111111111116, "overshoot_cost": 84.14566445616941, "power_cost": 40.48615299072266, "noise_cost": 28.61446248466649, "n_waypoints_completed": 8, "tot_waypoints": 9}}
