{"target": -2999.9428775372203, "params": {"k_pid_pos": [4901.772804016159, 9591.690567401472, 9186.592118488456], "k_pid_alt": [5995.137103641023, 4982.755895320702, 5482.382756292282], "k_pid_att": [8299.963433487319, 8179.371319556658, 2533.6795426496137], "k_pid_yaw": [0.5, 1e-06, 0.1], "k_pid_hsp": [4505.905615069354, 3631.659914367674, 5537.964779405887], "k_pid_vsp": [6848.54093680793, 7670.055178295894, 1112.9780026402248]}, "datetime": {"datetime": "2025-08-08 20:04:12", "elapsed": 11684.36010336876, "delta": 31.104925870895386}, "costs": {"total_cost": 2999.9428775372203, "time_cost": 150, "final_distance_cost": 570.1283789071618, "oscillation_cost": 147.21607608690792, "completition_cost": 1000.0, "overshoot_cost": 1057.3268612364386, "power_cost": 38.01117868652344, "noise_cost": 37.260382620187954, "n_waypoints_completed": 0, "tot_waypoints": 9}}
{"target": -2194.665283620015, "params": {"k_pid_pos": [377.5277840123989, 9183.806487577218, 5400.224215469054], "k_pid_alt": [997.053039648642, 0.0, 10000.0], "k_pid_att": [6832.523257251217, 3860.7693635644537, 0.0], "k_pid_yaw": [0.5, 1e-06, 0.1], "k_pid_hsp": [5768.124355627063, 6393.485228778703, 8967.138985030157], "k_pid_vsp": [217.01341793474722, 10000.0, 10000.0]}, "datetime": {"datetime": "2025-08-08 20:04:45", "elapsed": 11717.216501712799, "delta": 32.85639834403992}, "costs": {"total_cost": 2194.665283620015, "time_cost": 150, "final_distance_cost": 54.9686029883534, "oscillation_cost": 762.5734946908485, "completition_cost": 1000.0, "overshoot_cost": 162.77856253930528, "power_cost": 36.02858387451172, "noise_cost": 28.316039526996207, "n_waypoints_completed": 0, "tot_waypoints": 9}}
{"target": -1503.3115943924076, "params": {"k_pid_pos": [3144.984823899077, 5345.992249500052, 0.0], "k_pid_alt": [9370.772772993532, 7527.503678916956, 0.0], "k_pid_att": [5565.90950401195, 3242.00257316988, 0.0], "k_pid_yaw": [0.5, 1e-06, 0.1], "k_pid_hsp": [4980.191100665949, 0.0, 1762.276217210414], "k_pid_vsp": [1865.159179981074, 5492.00309521687, 2165.644269404779]}, "datetime": {"datetime": "2025-08-08 20:05:22", "elapsed": 11754.154722929, "delta": 36.93822121620178}, "costs": {"total_cost": 1503.3115943924076, "time_cost": 150, "final_distance_cost": 86.3074409805097, "oscillation_cost": 339.41625669571744, "completition_cost": 777.7777777777778, "overshoot_cost": 81.34774611429538, "power_cost": 39.915490039062504, "noise_cost": 28.54688278504473, "n_waypoints_completed": 2, "tot_waypoints": 9}}
{"target": -1727.2198234700113, "params": {"k_pid_pos": [10000.0, 10000.0, 4142.275365926712], "k_pid_alt": [0.0, 0.0, 5520.803648619153], "k_pid_att": [10000.0, 10000.0, 0.0], "k_pid_yaw": [0.5, 1e-06, 0.1], "k_pid_hsp": [10000.0, 8859.196198060352, 4409.115689157903], "k_pid_vsp": [10000.0, 0.0, 5955.6585157494565]}, "datetime": {"datetime": "2025-08-08 20:05:59", "elapsed": 11791.455985546112, "delta": 37.301262617111206}, "costs": {"total_cost": 1727.2198234700113, "time_cost": 150, "final_distance_cost": 5.401336174474752, "oscillation_cost": 266.61543806345924, "completition_cost": 1000.0, "overshoot_cost": 168.53858746411692, "power_cost": 41.08679525146484, "noise_cost": 95.57766651649564, "n_waypoints_completed": 0, "tot_waypoints": 9}}
{"target": -5487.593243597491, "params": {"k_pid_pos": [6798.366687923823, 10000.0, 10000.0], "k_pid_alt": [10000.0, 0.0, 10000.0], "k_pid_att": [10000.0, 7581.596008279062, 0.0], "k_pid_yaw": [0.5, 1e-06, 0.1], "k_pid_hsp": [9819.136195033447, 10000.0, 0.0], "k_pid_vsp": [0.0, 1989.0368932144404, 7142.847009115654]}, "datetime": {"datetime": "2025-08-08 20:06:32", "elapsed": 11824.148243904114, "delta": 32.69225835800171}, "costs": {"total_cost": 5487.593243597491, "time_cost": 150, "final_distance_cost": 1238.6695649333208, "oscillation_cost": 658.2502898040132, "completition_cost": 1000.0, "overshoot_cost": 2365.6768044253727, "power_cost": 42.99707213134766, "noise_cost": 31.999512303437076, "n_waypoints_completed": 0, "tot_waypoints": 9}}
{"target": -1569.3599589745809, "params": {"k_pid_pos": [6530.25998169267, 10000.0, 10000.0], "k_pid_alt": [10000.0, 0.0, 4697.035554357148], "k_pid_att": [2198.9883889257635, 0.0, 0.0], "k_pid_yaw": [0.5, 1e-06, 0.1], "k_pid_hsp": [8631.04191597569, 4343.498521441098, 0.0], "k_pid_vsp": [10000.0, 0.0, 0.0]}, "datetime": {"datetime": "2025-08-08 20:07:06", "elapsed": 11858.030328512192, "delta": 33.882084608078}, "costs": {"total_cost": 1569.3599589745809, "time_cost": 150, "final_distance_cost": 46.24542357029358, "oscillation_cost": 273.6005889783237, "completition_cost": 1000.0, "overshoot_cost": 29.766842556607305, "power_cost": 40.53407985839844, "noise_cost": 29.213024010958033, "n_waypoints_completed": 0, "tot_waypoints": 9}}
{"target": -9536.038537915463, "params": {"k_pid_pos": [2950.997122335154, 1834.4796106386552, 8967.586487895673], "k_pid_alt": [2391.6571965265666, 2646.0928961808795, 4916.290220323524], "k_pid_att": [731.5803223236117, 69.6044908156701, 6116.632468487173], "k_pid_yaw": [0.5, 1e-06, 0.1], "k_pid_hsp": [5488.879033918746, 3647.177596930685, 7463.3056035548725], "k_pid_vsp": [364.38552994001896, 6299.425003244013, 8505.20341669722]}, "datetime": {"datetime": "2025-08-08 20:07:37", "elapsed": 11888.985265254974, "delta": 30.954936742782593}, "costs": {"total_cost": 9536.038537915463, "time_cost": 150, "final_distance_cost": 2565.639484418279, "oscillation_cost": 23.545851435173372, "completition_cost": 1000.0, "overshoot_cost": 5733.521051454338, "power_cost": 35.39351364746094, "noise_cost": 27.93863696021204, "n_waypoints_completed": 0, "tot_waypoints": 9}}
{"target": -10601.940159884145, "params": {"k_pid_pos": [1442.3572148060382, 6199.012530508458, 4546.889829809548], "k_pid_alt": [4838.48857695664, 6348.512262800985, 3805.9736174267077], "k_pid_att": [8748.08910246016, 7644.788569382848, 6630.852838555975], "k_pid_yaw": [0.5, 1e-06, 0.1], "k_pid_hsp": [1616.2494598425735, 3526.0381454202548, 2999.551059516642], "k_pid_vsp": [6276.628799502678, 6217.982412469248, 155.42483030696164]}, "datetime": {"datetime": "2025-08-08 20:08:08", "elapsed": 11919.986896753311, "delta": 31.001631498336792}, "costs": {"total_cost": 10601.940159884145, "time_cost": 150, "final_distance_cost": 2306.3440278443495, "oscillation_cost": 647.1994188521915, "completition_cost": 1000.0, "overshoot_cost": 6302.859297679911, "power_cost": 58.65060291748047, "noise_cost": 136.88681259021388, "n_waypoints_completed": 0, "tot_waypoints": 9}}
{"target": -2623.9377836727067, "params": {"k_pid_pos": [9829.158442176333, 7166.077253932875, 2145.6936351090594], "k_pid_alt": [4572.887466285428, 7157.161610460522, 8459.291051207856], "k_pid_att": [2177.699992410762, 2962.4194614798694, 1278.6047991733763], "k_pid_yaw": [0.5, 1e-06, 0.1], "k_pid_hsp": [6452.49051454256, 5530.312759153194, 5342.501568637937], "k_pid_vsp": [3491.2002430851308, 25.04715857266193, 4411.487382793644]}, "datetime": {"datetime": "2025-08-08 20:08:39", "elapsed": 11950.611199855804, "delta": 30.624303102493286}, "costs": {"total_cost": 2623.9377836727067, "time_cost": 150, "final_distance_cost": 194.2706559111249, "oscillation_cost": 592.1385140616051, "completition_cost": 1000.0, "overshoot_cost": 504.5555349711188, "power_cost": 56.6432205078125, "noise_cost": 126.32985822104494, "n_waypoints_completed": 0, "tot_waypoints": 9}}
{"target": -4572.156500843239, "params": {"k_pid_pos": [1491.8061540146844, 4292.857691715928, 6514.447793780171], "k_pid_alt": [7696.595340851833, 7702.711610114642, 9108.125597435752], "k_pid_att": [2234.9599120795237, 8018.134921690911, 8169.251594988353], "k_pid_yaw": [0.5, 1e-06, 0.1], "k_pid_hsp": [7402.052750918175, 5483.369246905001, 227.1915207514863], "k_pid_vsp": [3036.2839811194162, 5178.143725434155, 4183.709479072507]}, "datetime": {"datetime": "2025-08-08 20:09:09", "elapsed": 11980.998451709747, "delta": 30.38725185394287}, "costs": {"total_cost": 4572.156500843239, "time_cost": 150, "final_distance_cost": 910.406330821978, "oscillation_cost": 1077.1069693032791, "completition_cost": 1000.0, "overshoot_cost": 1269.4057102268323, "power_cost": 53.97850474853516, "noise_cost": 111.2589857426147, "n_waypoints_completed": 0, "tot_waypoints": 9}}
{"target": -12803.073235582915, "params": {"k_pid_pos": [8315.059450540293, 8991.611813304882, 4908.205520701789], "k_pid_alt": [2290.7650051566843, 5266.5393109590295, 4604.65607787575], "k_pid_att": [3857.7263640582205, 2808.9949451122275, 5445.839555676623], "k_pid_yaw": [0.5, 1e-06, 0.1], "k_pid_hsp": [9367.011392080818, 4998.437336104844, 8799.997147579834], "k_pid_vsp": [9804.528197804688, 9284.123770827098, 6637.411936467749]}, "datetime": {"datetime": "2025-08-08 20:09:39", "elapsed": 12011.46208024025, "delta": 30.46362853050232}, "costs": {"total_cost": 12803.073235582915, "time_cost": 150, "final_distance_cost": 3710.2637373431853, "oscillation_cost": 809.2192422187175, "completition_cost": 1000.0, "overshoot_cost": 6935.3807948558315, "power_cost": 58.62329010009766, "noise_cost": 139.58617106508325, "n_waypoints_completed": 0, "tot_waypoints": 9}}
{"target": -3392.7223975705087, "params": {"k_pid_pos": [3497.9049368173232, 2717.338835670333, 8239.098503864367], "k_pid_alt": [8092.981328278317, 2338.6085549396184, 2510.810136832703], "k_pid_att": [7321.095988868487, 8765.024406705834, 147.67101000232265], "k_pid_yaw": [0.5, 1e-06, 0.1], "k_pid_hsp": [4398.768717249135, 9500.782733236247, 8261.605992464116], "k_pid_vsp": [1075.6277432102868, 8806.847398155882, 6168.36674235945]}, "datetime": {"datetime": "2025-08-08 20:10:10", "elapsed": 12041.692103147507, "delta": 30.23002290725708}, "costs": {"total_cost": 3392.7223975705087, "time_cost": 150, "final_distance_cost": 482.7667049605076, "oscillation_cost": 689.677151225516, "completition_cost": 1000.0, "overshoot_cost": 1006.9280582296459, "power_cost": 35.36338620605469, "noise_cost": 27.987096948784917, "n_waypoints_completed": 0, "tot_waypoints": 9}}
{"target": -1530.1715716740803, "params": {"k_pid_pos": [9167.815836024422, 10000.0, 3101.6000449668268], "k_pid_alt": [7650.510330638316, 6929.417342027604, 5224.877913757096], "k_pid_att": [5174.495032183008, 1688.8009650568017, 0.0], "k_pid_yaw": [0.5, 1e-06, 0.1], "k_pid_hsp": [6593.151301770083, 8831.704496338692, 6557.984526931993], "k_pid_vsp": [4172.097168493757, 0.0, 2955.178625764897]}, "datetime": {"datetime": "2025-08-08 20:10:44", "elapsed": 12075.607165336609, "delta": 33.91506218910217}, "costs": {"total_cost": 1530.1715716740803, "time_cost": 150, "final_distance_cost": 61.92708866329824, "oscillation_cost": 278.2224323096324, "completition_cost": 888.8888888888888, "overshoot_cost": 82.42781991536741, "power_cost": 40.049112121582034, "noise_cost": 28.656229775311417, "n_waypoints_completed": 1, "tot_waypoints": 9}}
{"target": -568.883171425625, "params": {"k_pid_pos": [10000.0, 4090.4812772854425, 0.0], "k_pid_alt": [4125.7079852502475, 0.0, 5512.427143561024], "k_pid_att": [8658.435732476226, 2443.193886501978, 0.0], "k_pid_yaw": [0.5, 1e-06, 0.1], "k_pid_hsp": [4982.096331117793, 10000.0, 5867.57244968746], "k_pid_vsp": [3982.4717865043235, 8805.958169871968, 1737.9592194721592]}, "datetime": {"datetime": "2025-08-08 20:11:17", "elapsed": 12108.943969726562, "delta": 33.33680438995361}, "costs": {"total_cost": 568.883171425625, "time_cost": 118.79, "final_distance_cost": 1.7393741449814608, "oscillation_cost": 278.45469333126783, "completition_cost": 0.0, "overshoot_cost": 100.21066583720008, "power_cost": 39.72766032714844, "noise_cost": 29.96077778502726, "n_waypoints_completed": 9, "tot_waypoints": 9}}
{"target": -1594.6803169326326, "params": {"k_pid_pos": [1555.0671240900467, 10000.0, 9145.992981024834], "k_pid_alt": [10000.0, 9969.50099585117, 10000.0], "k_pid_att": [5505.4609665379185, 8087.162751377303, 0.0], "k_pid_yaw": [0.5, 1e-06, 0.1], "k_pid_hsp": [7323.623868104674, 5931.05306289238, 0.0], "k_pid_vsp": [3192.687206980135, 8727.870154388114, 5525.621152096503]}, "datetime": {"datetime": "2025-08-08 20:11:51", "elapsed": 12142.976219654083, "delta": 34.03224992752075}, "costs": {"total_cost": 1594.6803169326326, "time_cost": 150, "final_distance_cost": 59.18941947776714, "oscillation_cost": 260.15177467820655, "completition_cost": 1000.0, "overshoot_cost": 54.32040186690317, "power_cost": 41.98138781738282, "noise_cost": 29.037333092372982, "n_waypoints_completed": 0, "tot_waypoints": 9}}
{"target": -2132.350964993472, "params": {"k_pid_pos": [8958.564968955332, 6742.674083714616, 5348.527086626339], "k_pid_alt": [1038.3153916076349, 8465.888416328826, 3920.800517548808], "k_pid_att": [6570.256756480431, 7701.933907061776, 2786.3929007711554], "k_pid_yaw": [0.5, 1e-06, 0.1], "k_pid_hsp": [3879.6069193905546, 4191.239596352815, 6303.664010031826], "k_pid_vsp": [7056.193376045663, 3044.6874552606373, 4736.189401024222]}, "datetime": {"datetime": "2025-08-08 20:12:22", "elapsed": 12174.084514379501, "delta": 31.10829472541809}, "costs": {"total_cost": 2132.350964993472, "time_cost": 150, "final_distance_cost": 152.12144373635581, "oscillation_cost": 268.30304845083253, "completition_cost": 1000.0, "overshoot_cost": 469.15573495843296, "power_cost": 44.47500236816406, "noise_cost": 48.295735479686726, "n_waypoints_completed": 0, "tot_waypoints": 9}}
{"target": -6827.653745680383, "params": {"k_pid_pos": [3500.606677981278, 9534.266136752618, 8261.029375068998], "k_pid_alt": [4419.960709336681, 5732.835064221329, 523.0927017013454], "k_pid_att": [3243.5151718344177, 523.1709658056316, 1270.62040943555], "k_pid_yaw": [0.5, 1e-06, 0.1], "k_pid_hsp": [9752.116988398442, 1080.0726870317844, 7821.053957708649], "k_pid_vsp": [8904.377918202037, 4445.665556670534, 2954.1727119074944]}, "datetime": {"datetime": "2025-08-08 20:12:53", "elapsed": 12204.620308160782, "delta": 30.535793781280518}, "costs": {"total_cost": 6827.653745680383, "time_cost": 150, "final_distance_cost": 991.3700058955453, "oscillation_cost": 718.1173096878907, "completition_cost": 1000.0, "overshoot_cost": 3799.3876883522144, "power_cost": 58.641168090820315, "noise_cost": 110.13757365391113, "n_waypoints_completed": 0, "tot_waypoints": 9}}
{"target": -1883.8408536119541, "params": {"k_pid_pos": [10000.0, 9687.189426908963, 3775.192306140143], "k_pid_alt": [2829.289777579018, 10000.0, 4522.722395740833], "k_pid_att": [10000.0, 7305.329997420396, 0.0], "k_pid_yaw": [0.5, 1e-06, 0.1], "k_pid_hsp": [4206.278167035628, 4890.470125198353, 5803.865221361702], "k_pid_vsp": [4803.574644343927, 228.96026736073662, 5691.947398843005]}, "datetime": {"datetime": "2025-08-08 20:13:27", "elapsed": 12238.688563108444, "delta": 34.06825494766235}, "costs": {"total_cost": 1883.8408536119541, "time_cost": 150, "final_distance_cost": 59.576113610122334, "oscillation_cost": 495.75482382164523, "completition_cost": 1000.0, "overshoot_cost": 111.75429538267258, "power_cost": 38.29863181152344, "noise_cost": 28.45698898599062, "n_waypoints_completed": 0, "tot_waypoints": 9}}
{"target": -2384.0077994493067, "params": {"k_pid_pos": [429.15479342477414, 5184.801829178962, 9495.837413231246], "k_pid_alt": [8410.289349337914, 6468.290978555589, 7638.556540524178], "k_pid_att": [2662.6558231252807, 3348.977657405404, 984.0576255128286], "k_pid_yaw": [0.5, 1e-06, 0.1], "k_pid_hsp": [5129.161668290944, 7643.541624399597, 5053.2192089400605], "k_pid_vsp": [5519.54898062565, 8905.081474581886, 2988.1445979466216]}, "datetime": {"datetime": "2025-08-08 20:13:57", "elapsed": 12268.674668312073, "delta": 29.98610520362854}, "costs": {"total_cost": 2384.0077994493067, "time_cost": 150, "final_distance_cost": 265.1515049108529, "oscillation_cost": 474.6004743236316, "completition_cost": 1000.0, "overshoot_cost": 349.35314517603354, "power_cost": 53.58219354248047, "noise_cost": 91.32048149630815, "n_waypoints_completed": 0, "tot_waypoints": 9}}
{"target": -2753.8551693243885, "params": {"k_pid_pos": [8127.472086014158, 1022.7755637525893, 3222.3278224127594], "k_pid_alt": [4810.129091996083, 340.5538027568833, 7097.145984866819], "k_pid_att": [2676.2462408835063, 9320.850784943532, 1017.1889148861146], "k_pid_yaw": [0.5, 1e-06, 0.1], "k_pid_hsp": [2147.279058197993, 7587.0808215310735, 2902.4399747553043], "k_pid_vsp": [1266.2169763412855, 1245.1824876836858, 6882.840255308201]}, "datetime": {"datetime": "2025-08-08 20:14:27", "elapsed": 12298.681759595871, "delta": 30.007091283798218}, "costs": {"total_cost": 2753.8551693243885, "time_cost": 150, "final_distance_cost": 250.55642103052233, "oscillation_cost": 529.5594689333501, "completition_cost": 1000.0, "overshoot_cost": 636.2528418457526, "power_cost": 55.616066687011724, "noise_cost": 131.87037082775177, "n_waypoints_completed": 0, "tot_waypoints": 9}}
{"target": -3751.9124350397883, "params": {"k_pid_pos": [8152.7643229727655, 0.0, 3361.852335615778], "k_pid_alt": [1660.3026847524452, 0.0, 4220.726273159126], "k_pid_att": [8844.13769211097, 8360.662112758364, 0.0], "k_pid_yaw": [0.5, 1e-06, 0.1], "k_pid_hsp": [4189.057621178356, 10000.0, 3966.80304544931], "k_pid_vsp": [408.1651853778621, 0.0, 5970.049974958652]}, "datetime": {"datetime": "2025-08-08 20:15:00", "elapsed": 12332.361441612244, "delta": 33.67968201637268}, "costs": {"total_cost": 3751.9124350397883, "time_cost": 150, "final_distance_cost": 751.9570575127135, "oscillation_cost": 246.2590707091893, "completition_cost": 1000.0, "overshoot_cost": 1530.0657626049995, "power_cost": 43.33343591308594, "noise_cost": 30.29710829979983, "n_waypoints_completed": 0, "tot_waypoints": 9}}
{"target": -2243.2840457620505, "params": {"k_pid_pos": [10000.0, 6790.3069412996965, 7354.412727206041], "k_pid_alt": [2711.986857158874, 6762.563369518462, 1286.465523745437], "k_pid_att": [10000.0, 10000.0, 0.0], "k_pid_yaw": [0.5, 1e-06, 0.1], "k_pid_hsp": [5777.635843603777, 2705.731637387057, 10000.0], "k_pid_vsp": [7057.831929791361, 2873.739381993837, 2625.596592404332]}, "datetime": {"datetime": "2025-08-08 20:15:33", "elapsed": 12365.50687789917, "delta": 33.14543628692627}, "costs": {"total_cost": 2243.2840457620505, "time_cost": 150, "final_distance_cost": 106.74420297910365, "oscillation_cost": 885.2788977477578, "completition_cost": 888.8888888888888, "overshoot_cost": 148.58386992350069, "power_cost": 35.94950927734375, "noise_cost": 27.838676945455905, "n_waypoints_completed": 1, "tot_waypoints": 9}}
{"target": -1087.7454990319625, "params": {"k_pid_pos": [0.0, 10000.0, 10000.0], "k_pid_alt": [10000.0, 0.0, 10000.0], "k_pid_att": [3466.3369557439087, 0.0, 0.0], "k_pid_yaw": [0.5, 1e-06, 0.1], "k_pid_hsp": [7211.107915354206, 10000.0, 4201.479673595825], "k_pid_vsp": [8995.910622239182, 6987.572093641721, 4813.078815938121]}, "datetime": {"datetime": "2025-08-08 20:16:07", "elapsed": 12398.965352773666, "delta": 33.45847487449646}, "costs": {"total_cost": 1087.7454990319625, "time_cost": 150, "final_distance_cost": 78.75166907316282, "oscillation_cost": 386.83654480558533, "completition_cost": 333.33333333333337, "overshoot_cost": 71.28340949651512, "power_cost": 39.23338752441406, "noise_cost": 28.307154798951736, "n_waypoints_completed": 6, "tot_waypoints": 9}}
{"target": -3478.0168916326274, "params": {"k_pid_pos": [4812.874027226283, 7621.920625021703, 4324.404334287824], "k_pid_alt": [5685.941447626944, 9534.12363269422, 3392.462266587666], "k_pid_att": [9269.093800027249, 133.5509478698016, 9395.32903228745], "k_pid_yaw": [0.5, 1e-06, 0.1], "k_pid_hsp": [7014.676003237691, 5843.137296776936, 6551.48769997272], "k_pid_vsp": [2718.4052197736573, 6214.092603870827, 3050.3825096263636]}, "datetime": {"datetime": "2025-08-08 20:16:38", "elapsed": 12429.893239974976, "delta": 30.927887201309204}, "costs": {"total_cost": 3478.0168916326274, "time_cost": 150, "final_distance_cost": 376.005656186026, "oscillation_cost": 796.2850765116692, "completition_cost": 1000.0, "overshoot_cost": 973.0363944528601, "power_cost": 58.58709399414063, "noise_cost": 124.10267048793162, "n_waypoints_completed": 0, "tot_waypoints": 9}}
{"target": -3987.5115619530184, "params": {"k_pid_pos": [5748.248553322854, 9157.849252258611, 6671.067179356685], "k_pid_alt": [137.07102729056064, 1462.1037619238941, 6074.051186239625], "k_pid_att": [8628.074490695197, 1971.450135386157, 3389.4834614900315], "k_pid_yaw": [0.5, 1e-06, 0.1], "k_pid_hsp": [2004.795303850243, 309.2425089566553, 6907.077256440813], "k_pid_vsp": [4931.940687816184, 1345.8591273123843, 6468.714896260137]}, "datetime": {"datetime": "2025-08-08 20:17:09", "elapsed": 12461.074285268784, "delta": 31.181045293807983}, "costs": {"total_cost": 3987.5115619530184, "time_cost": 150, "final_distance_cost": 710.1514274353011, "oscillation_cost": 33.48359884654848, "completition_cost": 1000.0, "overshoot_cost": 2030.8327958779555, "power_cost": 35.26045031738281, "noise_cost": 27.7832894758305, "n_waypoints_completed": 0, "tot_waypoints": 9}}
{"target": -3846.6130775983747, "params": {"k_pid_pos": [7051.971631208615, 7297.98835472516, 244.57839879111765], "k_pid_alt": [8986.250123368089, 782.2279504241858, 6528.044122389633], "k_pid_att": [9713.018322609625, 9348.395137044958, 2393.5869352629093], "k_pid_yaw": [0.5, 1e-06, 0.1], "k_pid_hsp": [3836.343069164132, 3160.070173692043, 2057.6497745555343], "k_pid_vsp": [2909.666315941206, 4767.43899122551, 398.90767636442945]}, "datetime": {"datetime": "2025-08-08 20:17:40", "elapsed": 12492.092597723007, "delta": 31.018312454223633}, "costs": {"total_cost": 3846.6130775983747, "time_cost": 150, "final_distance_cost": 903.9137842355793, "oscillation_cost": 177.2534055868834, "completition_cost": 1000.0, "overshoot_cost": 1532.3670244535033, "power_cost": 39.10654853515625, "noise_cost": 43.97231478725209, "n_waypoints_completed": 0, "tot_waypoints": 9}}
