{"target": -1692.6469422318385, "params": {"k_pid_pos": [6784.408012020684, 3491.348759594741, 3514.4158772751375], "k_pid_alt": [1808.5920105726514, 8290.982691144132, 9038.100710494728], "k_pid_att": [4949.071050511074, 9003.5437213138, 0.0], "k_pid_yaw": [0.5, 1e-06, 0.1], "k_pid_hsp": [10000.0, 0.0, 3910.6108687402466], "k_pid_vsp": [4342.574268579837, 7369.105435513843, 10000.0]}, "datetime": {"datetime": "2025-08-09 06:15:44", "elapsed": 48375.77470803261, "delta": 49.6095016002655}, "costs": {"total_cost": 1692.6469422318385, "time_cost": 150, "final_distance_cost": 61.54126257155494, "oscillation_cost": 347.00692276507954, "completition_cost": 1000.0, "overshoot_cost": 66.16805483194806, "power_cost": 39.26625119628906, "noise_cost": 28.6644508669669, "n_waypoints_completed": 0, "tot_waypoints": 9}}
{"target": -820.9521349692143, "params": {"k_pid_pos": [10000.0, 1851.4140288783626, 0.0], "k_pid_alt": [2155.9725085760942, 0.0, 10000.0], "k_pid_att": [4583.402358197289, 0.0, 0.0], "k_pid_yaw": [0.5, 1e-06, 0.1], "k_pid_hsp": [10000.0, 9832.205738867673, 4206.265786604999], "k_pid_vsp": [6916.369489061984, 3442.1067759587113, 4733.703565409273]}, "datetime": {"datetime": "2025-08-09 06:16:28", "elapsed": 48420.17138338089, "delta": 44.39667534828186}, "costs": {"total_cost": 820.9521349692143, "time_cost": 150, "final_distance_cost": 84.80229878447803, "oscillation_cost": 216.27573288779124, "completition_cost": 222.2222222222222, "overshoot_cost": 77.47889168780665, "power_cost": 41.22922906494141, "noise_cost": 28.943760321974835, "n_waypoints_completed": 7, "tot_waypoints": 9}}
{"target": -8617.247197257011, "params": {"k_pid_pos": [3484.339967320882, 1177.5732618119605, 5501.565375063944], "k_pid_alt": [5756.457178613312, 3360.536551625238, 9081.655298539772], "k_pid_att": [6639.947418538561, 6792.801444195931, 7663.652532712413], "k_pid_yaw": [0.5, 1e-06, 0.1], "k_pid_hsp": [5083.0830735284135, 2917.1202114888238, 3995.031264475848], "k_pid_vsp": [4630.226285370233, 7843.258814007259, 9560.40407320243]}, "datetime": {"datetime": "2025-08-09 06:17:01", "elapsed": 48453.066140413284, "delta": 32.89475703239441}, "costs": {"total_cost": 8617.247197257011, "time_cost": 150, "final_distance_cost": 2889.4337688926603, "oscillation_cost": 914.6274313943817, "completition_cost": 1000.0, "overshoot_cost": 3524.6252738167464, "power_cost": 50.16156645507813, "noise_cost": 88.39915669814616, "n_waypoints_completed": 0, "tot_waypoints": 9}}
{"target": -1878.304383200714, "params": {"k_pid_pos": [2865.9527041615065, 2273.5753041743046, 4839.282534617541], "k_pid_alt": [10000.0, 0.0, 0.0], "k_pid_att": [10000.0, 10000.0, 0.0], "k_pid_yaw": [0.5, 1e-06, 0.1], "k_pid_hsp": [7560.424751647626, 4705.705378731621, 618.8176538944678], "k_pid_vsp": [3004.637540065585, 2063.0935731947307, 10000.0]}, "datetime": {"datetime": "2025-08-09 06:17:50", "elapsed": 48502.45473361015, "delta": 49.3885931968689}, "costs": {"total_cost": 1878.304383200714, "time_cost": 150, "final_distance_cost": 94.96074022457394, "oscillation_cost": 716.3261425417492, "completition_cost": 777.7777777777778, "overshoot_cost": 73.1271155855445, "power_cost": 37.152318603515624, "noise_cost": 28.960288467552925, "n_waypoints_completed": 2, "tot_waypoints": 9}}
{"target": -1444.318664750655, "params": {"k_pid_pos": [6204.599830683519, 9403.604794004379, 3129.73085069996], "k_pid_alt": [945.292013361978, 2165.6931512182264, 1625.0167897742517], "k_pid_att": [8929.101313042856, 8220.291000326004, 1047.0984382314807], "k_pid_yaw": [0.5, 1e-06, 0.1], "k_pid_hsp": [8713.478775858477, 9217.136702842135, 4561.155997357694], "k_pid_vsp": [4085.440767827574, 5866.529835801173, 5804.703064911574]}, "datetime": {"datetime": "2025-08-09 06:18:23", "elapsed": 48535.413256168365, "delta": 32.95852255821228}, "costs": {"total_cost": 1444.318664750655, "time_cost": 150, "final_distance_cost": 30.485702605512778, "oscillation_cost": 99.36690189419159, "completition_cost": 1000.0, "overshoot_cost": 99.15641145975216, "power_cost": 37.18032060546875, "noise_cost": 28.129328185729605, "n_waypoints_completed": 0, "tot_waypoints": 9}}
{"target": -5335.607489761752, "params": {"k_pid_pos": [9832.125650850583, 3827.229276669968, 608.9134064195689], "k_pid_alt": [334.5276716029832, 6347.522110065378, 610.8622675390241], "k_pid_att": [7008.095303780985, 96.99714182186736, 8094.382373419311], "k_pid_yaw": [0.5, 1e-06, 0.1], "k_pid_hsp": [6090.805234411277, 7145.749529357877, 8399.751630490973], "k_pid_vsp": [4015.094338496966, 4978.681331259931, 2640.024809389301]}, "datetime": {"datetime": "2025-08-09 06:18:58", "elapsed": 48569.65968155861, "delta": 34.24642539024353}, "costs": {"total_cost": 5335.607489761752, "time_cost": 150, "final_distance_cost": 693.5515997990951, "oscillation_cost": 778.0221949141481, "completition_cost": 1000.0, "overshoot_cost": 2531.8677605796615, "power_cost": 58.58709399414063, "noise_cost": 123.57884047470658, "n_waypoints_completed": 0, "tot_waypoints": 9}}
{"target": -3552.1511093677077, "params": {"k_pid_pos": [3897.123121972658, 2678.068062232464, 8339.569796339722], "k_pid_alt": [8449.287884720787, 2275.5881477983685, 8158.147284093048], "k_pid_att": [5732.306549296257, 2747.525817258227, 2825.231529455512], "k_pid_yaw": [0.5, 1e-06, 0.1], "k_pid_hsp": [120.91277390827938, 9191.054588893447, 1279.6183613781686], "k_pid_vsp": [8806.958203244973, 702.1856753254008, 7883.97720688576]}, "datetime": {"datetime": "2025-08-09 06:19:31", "elapsed": 48603.52138495445, "delta": 33.861703395843506}, "costs": {"total_cost": 3552.1511093677077, "time_cost": 150, "final_distance_cost": 520.488462094367, "oscillation_cost": 41.29346760941402, "completition_cost": 1000.0, "overshoot_cost": 1777.2032577402229, "power_cost": 35.375133984375005, "noise_cost": 27.790787939328975, "n_waypoints_completed": 0, "tot_waypoints": 9}}
{"target": -15040.170754508077, "params": {"k_pid_pos": [4950.329624862041, 0.6288355342887186, 2427.118850568235], "k_pid_alt": [7381.857695677564, 7486.54163223314, 263.7415515521957], "k_pid_att": [156.31854904609722, 2937.9481937280825, 6888.5476326868165], "k_pid_yaw": [0.5, 1e-06, 0.1], "k_pid_hsp": [8007.158528080006, 3450.3392703730938, 1247.2484299964992], "k_pid_vsp": [3131.642822131946, 4487.896344892447, 1817.9238943359398]}, "datetime": {"datetime": "2025-08-09 06:20:05", "elapsed": 48637.10888147354, "delta": 33.587496519088745}, "costs": {"total_cost": 15040.170754508077, "time_cost": 150, "final_distance_cost": 4540.129146696555, "oscillation_cost": 825.0242483113718, "completition_cost": 1000.0, "overshoot_cost": 8326.517750102666, "power_cost": 58.621353344726565, "noise_cost": 139.87825605275836, "n_waypoints_completed": 0, "tot_waypoints": 9}}
{"target": -13278.905912976803, "params": {"k_pid_pos": [367.7484448572388, 7192.7875534487175, 3703.1906172987274], "k_pid_alt": [1622.524585276951, 3247.879659031686, 6919.546276638862], "k_pid_att": [1673.6480396592347, 9319.85281381559, 3173.2149779953265], "k_pid_yaw": [0.5, 1e-06, 0.1], "k_pid_hsp": [1096.0604453817125, 7324.84273335183, 3376.7187668455267], "k_pid_vsp": [3190.008639508941, 8266.27670625336, 5560.7731921512595]}, "datetime": {"datetime": "2025-08-09 06:20:38", "elapsed": 48670.298860788345, "delta": 33.18997931480408}, "costs": {"total_cost": 13278.905912976803, "time_cost": 150, "final_distance_cost": 3944.952042758116, "oscillation_cost": 1546.3455645420145, "completition_cost": 1000.0, "overshoot_cost": 6446.165545749112, "power_cost": 57.699628723144535, "noise_cost": 133.74313120441548, "n_waypoints_completed": 0, "tot_waypoints": 9}}
{"target": -3241.086179873902, "params": {"k_pid_pos": [6479.557487772079, 2578.7629905120234, 5313.361115338543], "k_pid_alt": [5219.477084224153, 2412.831347464379, 2468.8500246524736], "k_pid_att": [7665.096934772216, 6126.361247489237, 5183.186808786114], "k_pid_yaw": [0.5, 1e-06, 0.1], "k_pid_hsp": [2843.0145811807715, 5295.658428464304, 3474.574382598723], "k_pid_vsp": [3602.4642521793103, 2546.6881089320527, 3415.541787834835]}, "datetime": {"datetime": "2025-08-09 06:21:12", "elapsed": 48703.87046813965, "delta": 33.5716073513031}, "costs": {"total_cost": 3241.086179873902, "time_cost": 150, "final_distance_cost": 109.4423517247391, "oscillation_cost": 401.77280288256145, "completition_cost": 1000.0, "overshoot_cost": 1445.2474505531661, "power_cost": 49.20468811035156, "noise_cost": 85.41888660308419, "n_waypoints_completed": 0, "tot_waypoints": 9}}
{"target": -1581.2141122582586, "params": {"k_pid_pos": [4942.210464686701, 4171.044605919692, 0.0], "k_pid_alt": [10000.0, 0.0, 0.0], "k_pid_att": [8028.572889636355, 1686.8183283395545, 0.0], "k_pid_yaw": [0.5, 1e-06, 0.1], "k_pid_hsp": [4377.356788965874, 2955.6421470478604, 0.0], "k_pid_vsp": [3474.156387885969, 4635.217232093646, 10000.0]}, "datetime": {"datetime": "2025-08-09 06:22:03", "elapsed": 48754.52959227562, "delta": 50.65912413597107}, "costs": {"total_cost": 1581.2141122582586, "time_cost": 150, "final_distance_cost": 78.44760502869006, "oscillation_cost": 343.9649549708388, "completition_cost": 888.8888888888888, "overshoot_cost": 49.82197260000131, "power_cost": 40.877808020019536, "noise_cost": 29.212882749819904, "n_waypoints_completed": 1, "tot_waypoints": 9}}
{"target": -6160.682239824491, "params": {"k_pid_pos": [7391.240160489918, 9478.811302077054, 4396.065888412103], "k_pid_alt": [7638.641143997008, 279.4264329515539, 6487.581787208654], "k_pid_att": [7593.468776059062, 2336.7259612067915, 5729.201964168033], "k_pid_yaw": [0.5, 1e-06, 0.1], "k_pid_hsp": [9704.149148672674, 4560.718939912307, 2357.6306601114893], "k_pid_vsp": [2566.850815001157, 9276.968945268158, 5617.970573493615]}, "datetime": {"datetime": "2025-08-09 06:22:37", "elapsed": 48788.59055399895, "delta": 34.06096172332764}, "costs": {"total_cost": 6160.682239824491, "time_cost": 150, "final_distance_cost": 1673.026720033924, "oscillation_cost": 290.29087733571936, "completition_cost": 1000.0, "overshoot_cost": 2947.6461772132025, "power_cost": 44.61735606689453, "noise_cost": 55.10110917475057, "n_waypoints_completed": 0, "tot_waypoints": 9}}
{"target": -13270.583917261236, "params": {"k_pid_pos": [4816.036101201802, 4764.823522247677, 6489.342852914476], "k_pid_alt": [1918.2852732241663, 6163.146803088047, 7037.331721431042], "k_pid_att": [459.0670482529857, 5726.05900787777, 9810.349201407045], "k_pid_yaw": [0.5, 1e-06, 0.1], "k_pid_hsp": [7977.911053081691, 2477.801706104078, 502.4616044609842], "k_pid_vsp": [4132.876003150596, 1141.0833995352655, 1934.590596461948]}, "datetime": {"datetime": "2025-08-09 06:23:12", "elapsed": 48823.57889676094, "delta": 34.98834276199341}, "costs": {"total_cost": 13270.583917261236, "time_cost": 150, "final_distance_cost": 3138.643500797454, "oscillation_cost": 1205.1711857534617, "completition_cost": 1000.0, "overshoot_cost": 7577.101457804143, "power_cost": 58.58709399414063, "noise_cost": 141.08067891203527, "n_waypoints_completed": 0, "tot_waypoints": 9}}
{"target": -1649.1181413558124, "params": {"k_pid_pos": [3189.853088076302, 10000.0, 1562.05945593571], "k_pid_alt": [0.0, 2215.187430157273, 0.0], "k_pid_att": [5900.613047940254, 5420.980793698896, 0.0], "k_pid_yaw": [0.5, 1e-06, 0.1], "k_pid_hsp": [10000.0, 10000.0, 10000.0], "k_pid_vsp": [0.0, 10000.0, 4068.1861763926936]}, "datetime": {"datetime": "2025-08-09 06:24:01", "elapsed": 48872.944126844406, "delta": 49.365230083465576}, "costs": {"total_cost": 1649.1181413558124, "time_cost": 150, "final_distance_cost": 80.743662833179, "oscillation_cost": 260.61920935217535, "completition_cost": 1000.0, "overshoot_cost": 89.17611763108646, "power_cost": 39.85334918212891, "noise_cost": 28.725802357242536, "n_waypoints_completed": 0, "tot_waypoints": 9}}
{"target": -1447.2336090216202, "params": {"k_pid_pos": [6442.6958494100745, 10000.0, 4291.268188281529], "k_pid_alt": [8971.517869051335, 4592.723801853975, 0.0], "k_pid_att": [8163.287325912458, 9074.685709735872, 0.0], "k_pid_yaw": [0.5, 1e-06, 0.1], "k_pid_hsp": [0.0, 0.0, 0.0], "k_pid_vsp": [692.7601071004035, 10000.0, 8633.748263213838]}, "datetime": {"datetime": "2025-08-09 06:24:48", "elapsed": 48919.775941610336, "delta": 46.831814765930176}, "costs": {"total_cost": 1447.2336090216202, "time_cost": 150, "final_distance_cost": 10.874955840053898, "oscillation_cost": 0.0, "completition_cost": 1000.0, "overshoot_cost": 166.4099510673916, "power_cost": 29.932059130859376, "noise_cost": 90.01664298331532, "n_waypoints_completed": 0, "tot_waypoints": 9}}
{"target": -6893.323319617877, "params": {"k_pid_pos": [8973.165310861741, 5366.778327573913, 8756.593341870514], "k_pid_alt": [6887.918894731237, 107.84958341146678, 1318.7345925542859], "k_pid_att": [7533.97040881344, 3472.262578440096, 6675.12217643283], "k_pid_yaw": [0.5, 1e-06, 0.1], "k_pid_hsp": [6484.073733430281, 5904.326152937992, 9303.833442455098], "k_pid_vsp": [1384.9427552420934, 5707.919323643462, 9011.735255905984]}, "datetime": {"datetime": "2025-08-09 06:25:21", "elapsed": 48953.281695365906, "delta": 33.50575375556946}, "costs": {"total_cost": 6893.323319617877, "time_cost": 150, "final_distance_cost": 1329.7903756105993, "oscillation_cost": 380.68927020139716, "completition_cost": 1000.0, "overshoot_cost": 3898.976664208953, "power_cost": 49.18301109619141, "noise_cost": 84.68399850073708, "n_waypoints_completed": 0, "tot_waypoints": 9}}
{"target": -878.5543368954059, "params": {"k_pid_pos": [6005.690601314245, 6322.88837069003, 4783.28226798885], "k_pid_alt": [10000.0, 0.0, 10000.0], "k_pid_att": [6052.643650550665, 0.0, 0.0], "k_pid_yaw": [0.5, 1e-06, 0.1], "k_pid_hsp": [10000.0, 5676.770539284717, 6337.982388634214], "k_pid_vsp": [10000.0, 7244.874614562966, 0.0]}, "datetime": {"datetime": "2025-08-09 06:26:09", "elapsed": 49000.95130252838, "delta": 47.669607162475586}, "costs": {"total_cost": 878.5543368954059, "time_cost": 150, "final_distance_cost": 48.67826497298699, "oscillation_cost": 309.50435726296234, "completition_cost": 222.2222222222222, "overshoot_cost": 79.79071293674873, "power_cost": 39.86274122314453, "noise_cost": 28.496038277341068, "n_waypoints_completed": 7, "tot_waypoints": 9}}
{"target": -4852.776274629852, "params": {"k_pid_pos": [9737.353222233003, 5318.678421568486, 6911.692973759469], "k_pid_alt": [7553.347987507257, 8454.685250376291, 5833.388739309504], "k_pid_att": [8322.95718242663, 5389.914029452883, 311.21311561705056], "k_pid_yaw": [0.5, 1e-06, 0.1], "k_pid_hsp": [147.26259938008468, 5551.4333832156735, 8263.74940364778], "k_pid_vsp": [8181.201277149367, 1010.1486149710681, 1722.9911700272992]}, "datetime": {"datetime": "2025-08-09 06:26:41", "elapsed": 49033.36543703079, "delta": 32.41413450241089}, "costs": {"total_cost": 4852.776274629852, "time_cost": 150, "final_distance_cost": 1106.7609217795425, "oscillation_cost": 199.70491423192937, "completition_cost": 1000.0, "overshoot_cost": 2333.3986527493516, "power_cost": 35.29418081054688, "noise_cost": 27.6176050584821, "n_waypoints_completed": 0, "tot_waypoints": 9}}
{"target": -5868.972287231482, "params": {"k_pid_pos": [4105.667764855752, 5747.943519394632, 8802.266652377633], "k_pid_alt": [267.3468594389561, 7982.652375683709, 1461.9331060975237], "k_pid_att": [6699.810089341708, 7541.2887531298975, 943.3744541317191], "k_pid_yaw": [0.5, 1e-06, 0.1], "k_pid_hsp": [735.8178007628591, 5453.357043357466, 9869.681696000593], "k_pid_vsp": [9497.016722527089, 8662.876239953117, 9262.364400746954]}, "datetime": {"datetime": "2025-08-09 06:27:14", "elapsed": 49066.448016643524, "delta": 33.082579612731934}, "costs": {"total_cost": 5868.972287231482, "time_cost": 150, "final_distance_cost": 1425.4994724640405, "oscillation_cost": 155.5875693316914, "completition_cost": 1000.0, "overshoot_cost": 3074.6953265533366, "power_cost": 35.299569628906255, "noise_cost": 27.890349253507768, "n_waypoints_completed": 0, "tot_waypoints": 9}}
{"target": -4379.972813681643, "params": {"k_pid_pos": [3989.6420488465687, 5782.790230854658, 8083.016736672582], "k_pid_alt": [1175.0568468293784, 0.0, 7333.389457180717], "k_pid_att": [2373.471319686212, 0.0, 10000.0], "k_pid_yaw": [0.5, 1e-06, 0.1], "k_pid_hsp": [10000.0, 10000.0, 4112.568489765727], "k_pid_vsp": [8201.966752244567, 0.0, 4839.950200827173]}, "datetime": {"datetime": "2025-08-09 06:28:03", "elapsed": 49115.26464223862, "delta": 48.81662559509277}, "costs": {"total_cost": 4379.972813681643, "time_cost": 150, "final_distance_cost": 508.37692912041007, "oscillation_cost": 796.5625047073703, "completition_cost": 1000.0, "overshoot_cost": 1742.6699930933357, "power_cost": 58.55283464355469, "noise_cost": 123.81055211697199, "n_waypoints_completed": 0, "tot_waypoints": 9}}
{"target": -1329.2965248732148, "params": {"k_pid_pos": [10000.0, 10000.0, 6492.87312779839], "k_pid_alt": [10000.0, 0.0, 0.0], "k_pid_att": [10000.0, 9279.104407075072, 0.0], "k_pid_yaw": [0.5, 1e-06, 0.1], "k_pid_hsp": [10000.0, 5216.133565812292, 3554.5373938336274], "k_pid_vsp": [10000.0, 0.0, 0.0]}, "datetime": {"datetime": "2025-08-09 06:28:49", "elapsed": 49160.67263865471, "delta": 45.40799641609192}, "costs": {"total_cost": 1329.2965248732148, "time_cost": 150, "final_distance_cost": 64.86756149475342, "oscillation_cost": 304.97343030396524, "completition_cost": 666.6666666666667, "overshoot_cost": 73.45946101463323, "power_cost": 40.72911516113282, "noise_cost": 28.600290232063443, "n_waypoints_completed": 3, "tot_waypoints": 9}}
{"target": -3090.3914967199134, "params": {"k_pid_pos": [3631.5462789039643, 5009.248933675605, 6113.907388896774], "k_pid_alt": [8060.522371198874, 4881.6639637181415, 1326.2204486693963], "k_pid_att": [8568.616000625061, 9871.106493011534, 4182.63720351639], "k_pid_yaw": [0.5, 1e-06, 0.1], "k_pid_hsp": [9251.577945064557, 7599.27263147453, 5787.724842755984], "k_pid_vsp": [7535.010579002628, 1369.0710112526249, 9187.576450471697]}, "datetime": {"datetime": "2025-08-09 06:29:21", "elapsed": 49193.34636282921, "delta": 32.67372417449951}, "costs": {"total_cost": 3090.3914967199134, "time_cost": 150, "final_distance_cost": 377.5484161123896, "oscillation_cost": 451.2107323474343, "completition_cost": 1000.0, "overshoot_cost": 968.8917800644923, "power_cost": 50.014737524414066, "noise_cost": 92.72583067118312, "n_waypoints_completed": 0, "tot_waypoints": 9}}
{"target": -1453.0349923971253, "params": {"k_pid_pos": [6040.64736403817, 10000.0, 10000.0], "k_pid_alt": [10000.0, 0.0, 5004.432498575403], "k_pid_att": [10000.0, 6398.760117954195, 0.0], "k_pid_yaw": [0.5, 1e-06, 0.1], "k_pid_hsp": [10000.0, 5971.5064258748225, 72.0012932477502], "k_pid_vsp": [10000.0, 7107.676346361552, 10000.0]}, "datetime": {"datetime": "2025-08-09 06:30:09", "elapsed": 49241.12491250038, "delta": 47.778549671173096}, "costs": {"total_cost": 1453.0349923971253, "time_cost": 150, "final_distance_cost": 45.57510876620712, "oscillation_cost": 156.55664217574233, "completition_cost": 1000.0, "overshoot_cost": 30.112032790842015, "power_cost": 41.72410380859375, "noise_cost": 29.067104855739878, "n_waypoints_completed": 0, "tot_waypoints": 9}}
{"target": -1858.3318321159413, "params": {"k_pid_pos": [7562.199784733365, 4821.727313946141, 0.0], "k_pid_alt": [6590.136079322934, 7593.9263121483455, 7200.552621133919], "k_pid_att": [10000.0, 5736.586075747031, 0.0], "k_pid_yaw": [0.5, 1e-06, 0.1], "k_pid_hsp": [4093.2426808254936, 0.2643021192914379, 0.0], "k_pid_vsp": [5919.687423893881, 3421.3828682329163, 10000.0]}, "datetime": {"datetime": "2025-08-09 06:30:57", "elapsed": 49289.05990409851, "delta": 47.93499159812927}, "costs": {"total_cost": 1858.3318321159413, "time_cost": 150, "final_distance_cost": 68.22216604836817, "oscillation_cost": 502.3435971983035, "completition_cost": 1000.0, "overshoot_cost": 68.6524904919285, "power_cost": 40.297060388183596, "noise_cost": 28.81651798915753, "n_waypoints_completed": 0, "tot_waypoints": 9}}
{"target": -2321.309699337153, "params": {"k_pid_pos": [6534.2788575975665, 7289.232403396488, 2681.031032284637], "k_pid_alt": [9056.991980619568, 4754.982312138506, 6901.518436905672], "k_pid_att": [5652.570941991233, 6299.179128789318, 0.0], "k_pid_yaw": [0.5, 1e-06, 0.1], "k_pid_hsp": [0.0, 0.0, 2743.541568189132], "k_pid_vsp": [6459.660241922352, 10000.0, 10000.0]}, "datetime": {"datetime": "2025-08-09 06:31:44", "elapsed": 49335.56207752228, "delta": 46.50217342376709}, "costs": {"total_cost": 2321.309699337153, "time_cost": 150, "final_distance_cost": 63.37738319377652, "oscillation_cost": 927.78158438644, "completition_cost": 1000.0, "overshoot_cost": 116.09836807529408, "power_cost": 36.06509786376953, "noise_cost": 27.9872658178722, "n_waypoints_completed": 0, "tot_waypoints": 9}}
{"target": -19986.692637522112, "params": {"k_pid_pos": [446.61697434295934, 9719.68044755307, 4849.048727978546], "k_pid_alt": [4996.10724243599, 7967.77860361918, 9132.28374891559], "k_pid_att": [2506.100055127748, 3385.069534503725, 5488.084435234816], "k_pid_yaw": [0.5, 1e-06, 0.1], "k_pid_hsp": [8634.338110641887, 5271.233222507776, 7205.675587018344], "k_pid_vsp": [8878.388982444241, 2485.190578308646, 3548.932879318851]}, "datetime": {"datetime": "2025-08-09 06:32:18", "elapsed": 49369.78774142265, "delta": 34.225663900375366}, "costs": {"total_cost": 19986.692637522112, "time_cost": 150, "final_distance_cost": 6047.664214209771, "oscillation_cost": 781.8264287727312, "completition_cost": 1000.0, "overshoot_cost": 11804.75462561498, "power_cost": 58.655612695312506, "noise_cost": 143.79175622931749, "n_waypoints_completed": 0, "tot_waypoints": 9}}
