{"target": -4419.270188596385, "params": {"k_pid_pos": [2699.6747914329953, 1974.7358152242878, 2853.342877453029], "k_pid_alt": [702.4403629013875, 59.36107063387319, 665.6949752113994], "k_pid_att": [6833.728866121882, 4019.1151381687996, 7109.13016799823], "k_pid_yaw": [0.5, 1e-06, 0.1], "k_pid_hsp": [5049.658946667106, 2463.1806048277717, 9714.798987745742], "k_pid_vsp": [3250.7226451021334, 945.4089587855663, 2273.483373812293]}, "datetime": {"datetime": "2025-08-09 18:05:23", "elapsed": 90955.3720126152, "delta": 37.517661809921265}, "costs": {"total_cost": 4419.270188596385, "time_cost": 150, "final_distance_cost": 541.7411298763179, "oscillation_cost": 735.5433855320001, "completition_cost": 1000.0, "overshoot_cost": 1792.7543068904688, "power_cost": 58.69604208984375, "noise_cost": 140.5353242077544, "n_waypoints_completed": 0, "tot_waypoints": 9}}
{"target": -9113.371560565627, "params": {"k_pid_pos": [1471.9513339736945, 8370.095758359494, 4410.31286345488], "k_pid_alt": [8457.004610636332, 9822.726535571459, 6829.475289329442], "k_pid_att": [6192.226958917301, 8206.631156449397, 9839.888807131367], "k_pid_yaw": [0.5, 1e-06, 0.1], "k_pid_hsp": [4222.96744672758, 4040.0305801382065, 3232.3309792811583], "k_pid_vsp": [5872.914576370214, 2890.7040894387824, 9489.548787757965]}, "datetime": {"datetime": "2025-08-09 18:06:00", "elapsed": 90992.48712015152, "delta": 37.11510753631592}, "costs": {"total_cost": 9113.371560565627, "time_cost": 150, "final_distance_cost": 1717.8775305352694, "oscillation_cost": 767.5956790853052, "completition_cost": 1000.0, "overshoot_cost": 5309.831776444214, "power_cost": 54.959565759277346, "noise_cost": 113.10700874156053, "n_waypoints_completed": 0, "tot_waypoints": 9}}
{"target": -8242.87381803612, "params": {"k_pid_pos": [6819.091080143783, 4622.591514571752, 5047.947198366256], "k_pid_alt": [3734.606400477083, 8940.458072259788, 7236.046444126511], "k_pid_att": [4277.931110884396, 4303.452035875839, 7189.884204588557], "k_pid_yaw": [0.5, 1e-06, 0.1], "k_pid_hsp": [9994.577616616194, 8797.19203714238, 4131.514044138786], "k_pid_vsp": [2151.950769479809, 4667.505396146924, 1400.7130146976076]}, "datetime": {"datetime": "2025-08-09 18:06:38", "elapsed": 91029.93801569939, "delta": 37.45089554786682}, "costs": {"total_cost": 8242.87381803612, "time_cost": 150, "final_distance_cost": 1747.1388992866, "oscillation_cost": 998.2715950664715, "completition_cost": 1000.0, "overshoot_cost": 4150.169750399982, "power_cost": 58.64198856201172, "noise_cost": 138.6515847210552, "n_waypoints_completed": 0, "tot_waypoints": 9}}
{"target": -1490.8207895793562, "params": {"k_pid_pos": [9004.978698314302, 959.811974172912, 5070.972870750982], "k_pid_alt": [889.5612170696087, 5631.851324723679, 10000.0], "k_pid_att": [6724.130059828694, 9224.575165241527, 0.0], "k_pid_yaw": [0.5, 1e-06, 0.1], "k_pid_hsp": [10000.0, 3729.863060354159, 927.3723695435622], "k_pid_vsp": [289.49585410821265, 3724.673354383068, 4952.155441339455]}, "datetime": {"datetime": "2025-08-09 18:07:47", "elapsed": 91099.22198700905, "delta": 69.28397130966187}, "costs": {"total_cost": 1490.8207895793562, "time_cost": 150, "final_distance_cost": 69.4544290200459, "oscillation_cost": 652.0228755530012, "completition_cost": 444.4444444444444, "overshoot_cost": 105.17063022130893, "power_cost": 39.99332781982422, "noise_cost": 29.735082520731495, "n_waypoints_completed": 5, "tot_waypoints": 9}}
{"target": -6411.03420975592, "params": {"k_pid_pos": [906.3873452456979, 0.0, 4621.176442010921], "k_pid_alt": [3128.6240901445963, 0.0, 0.0], "k_pid_att": [9942.333671896606, 7298.028317832841, 5559.615407061171], "k_pid_yaw": [0.5, 1e-06, 0.1], "k_pid_hsp": [3676.989335051716, 0.0, 9213.773011904304], "k_pid_vsp": [10000.0, 3449.95113460776, 5162.253356638031]}, "datetime": {"datetime": "2025-08-09 18:09:06", "elapsed": 91178.07013583183, "delta": 78.84814882278442}, "costs": {"total_cost": 6411.03420975592, "time_cost": 150, "final_distance_cost": 1284.6061780418804, "oscillation_cost": 638.3216365709172, "completition_cost": 1000.0, "overshoot_cost": 3149.700662751467, "power_cost": 58.21201522216797, "noise_cost": 130.1937171694872, "n_waypoints_completed": 0, "tot_waypoints": 9}}
{"target": -6723.919596331179, "params": {"k_pid_pos": [9240.725935337667, 7385.438265494339, 2121.0152213961173], "k_pid_alt": [8139.6298866709585, 4226.325471078065, 3932.98121594137], "k_pid_att": [4171.018934523092, 5267.048106525901, 6861.019682995472], "k_pid_yaw": [0.5, 1e-06, 0.1], "k_pid_hsp": [2550.7029799076063, 4405.267647062075, 4471.652865661061], "k_pid_vsp": [1137.8838517177592, 5845.806794173282, 4964.852369417686]}, "datetime": {"datetime": "2025-08-09 18:09:44", "elapsed": 91215.65670681, "delta": 37.58657097816467}, "costs": {"total_cost": 6723.919596331179, "time_cost": 150, "final_distance_cost": 1078.7518163500906, "oscillation_cost": 1144.841941429234, "completition_cost": 1000.0, "overshoot_cost": 3194.569831973954, "power_cost": 52.2766767944336, "noise_cost": 103.47932978346617, "n_waypoints_completed": 0, "tot_waypoints": 9}}
{"target": -4193.786749301099, "params": {"k_pid_pos": [8713.36467139149, 1792.7908860371656, 7702.017850868503], "k_pid_alt": [9900.640454499833, 4223.0006671189, 4817.301335542946], "k_pid_att": [9550.08768900018, 1015.2842673697027, 629.7312651198228], "k_pid_yaw": [0.5, 1e-06, 0.1], "k_pid_hsp": [7622.298734218639, 5249.578004360005, 1701.0679905660886], "k_pid_vsp": [631.5209342561091, 6269.789002398805, 3911.6184276890453]}, "datetime": {"datetime": "2025-08-09 18:10:21", "elapsed": 91253.2519197464, "delta": 37.59521293640137}, "costs": {"total_cost": 4193.786749301099, "time_cost": 150, "final_distance_cost": 1097.3234138428058, "oscillation_cost": 148.34183672175786, "completition_cost": 888.8888888888888, "overshoot_cost": 1845.912141274701, "power_cost": 35.39123161621094, "noise_cost": 27.929236956733412, "n_waypoints_completed": 1, "tot_waypoints": 9}}
{"target": -18693.837122832163, "params": {"k_pid_pos": [1403.3721585075355, 5588.160804046984, 6972.711210134061], "k_pid_alt": [9870.579642189627, 7212.670311426317, 2248.820882250916], "k_pid_att": [3128.9164085875777, 1171.3780883547863, 8229.093724600029], "k_pid_yaw": [0.5, 1e-06, 0.1], "k_pid_hsp": [5866.312383389535, 3278.8383311239, 2548.616148885233], "k_pid_vsp": [9752.206372444427, 5604.437340705026, 8547.002676405506]}, "datetime": {"datetime": "2025-08-09 18:11:00", "elapsed": 91291.65051913261, "delta": 38.39859938621521}, "costs": {"total_cost": 18693.837122832163, "time_cost": 150, "final_distance_cost": 5447.279302989005, "oscillation_cost": 774.7082296273562, "completition_cost": 1000.0, "overshoot_cost": 11139.569279893693, "power_cost": 57.97042568359375, "noise_cost": 124.30988463851328, "n_waypoints_completed": 0, "tot_waypoints": 9}}
{"target": -6912.381555252336, "params": {"k_pid_pos": [3473.708157335339, 8756.5310712087, 8112.767228487211], "k_pid_alt": [1941.2186583457835, 183.21344797743166, 5905.042892661173], "k_pid_att": [1894.4440424433017, 1021.7804273982645, 4688.256391188129], "k_pid_yaw": [0.5, 1e-06, 0.1], "k_pid_hsp": [3539.820732114006, 7694.042069975599, 7142.108863117343], "k_pid_vsp": [2642.555018533966, 3218.6917060636965, 4426.026926267778]}, "datetime": {"datetime": "2025-08-09 18:11:38", "elapsed": 91330.05903363228, "delta": 38.40851449966431}, "costs": {"total_cost": 6912.381555252336, "time_cost": 150, "final_distance_cost": 1249.395353750384, "oscillation_cost": 314.3463820138052, "completition_cost": 1000.0, "overshoot_cost": 4092.510734300185, "power_cost": 45.25894870605469, "noise_cost": 60.870136481906854, "n_waypoints_completed": 0, "tot_waypoints": 9}}
{"target": -17844.901590870857, "params": {"k_pid_pos": [5019.353871140118, 1496.618099873115, 8784.112057159358], "k_pid_alt": [9620.641228010472, 521.875694328896, 6130.464402448708], "k_pid_att": [136.2211323221707, 8029.138470515223, 7161.734235640196], "k_pid_yaw": [0.5, 1e-06, 0.1], "k_pid_hsp": [6251.27602198052, 202.25001121114582, 1503.2772669882222], "k_pid_vsp": [3598.0643041911176, 7738.065582800921, 5174.459298898474]}, "datetime": {"datetime": "2025-08-09 18:12:17", "elapsed": 91368.81986546516, "delta": 38.76083183288574}, "costs": {"total_cost": 17844.901590870857, "time_cost": 150, "final_distance_cost": 5110.905654727218, "oscillation_cost": 1496.373489316867, "completition_cost": 1000.0, "overshoot_cost": 9905.967645513785, "power_cost": 55.983354626464845, "noise_cost": 125.67144668652189, "n_waypoints_completed": 0, "tot_waypoints": 9}}
{"target": -1609.2803594934976, "params": {"k_pid_pos": [6248.946083640599, 10000.0, 10000.0], "k_pid_alt": [10000.0, 10000.0, 10000.0], "k_pid_att": [10000.0, 10000.0, 0.0], "k_pid_yaw": [0.5, 1e-06, 0.1], "k_pid_hsp": [2451.6021046512897, 1962.1081842356318, 0.0], "k_pid_vsp": [0.0, 10000.0, 6056.099274879131]}, "datetime": {"datetime": "2025-08-09 18:13:24", "elapsed": 91436.46535420418, "delta": 67.64548873901367}, "costs": {"total_cost": 1609.2803594934976, "time_cost": 150, "final_distance_cost": 81.17569349611733, "oscillation_cost": 454.32185219332746, "completition_cost": 777.7777777777778, "overshoot_cost": 77.39888093784043, "power_cost": 39.654506481933595, "noise_cost": 28.951648606500775, "n_waypoints_completed": 2, "tot_waypoints": 9}}
{"target": -1426.2881686151532, "params": {"k_pid_pos": [100.83107491431709, 4832.074385480424, 4419.668759908055], "k_pid_alt": [3851.2994740572194, 6457.251730034037, 1929.6734546319717], "k_pid_att": [6001.49061435184, 9278.664230585415, 551.4181474136692], "k_pid_yaw": [0.5, 1e-06, 0.1], "k_pid_hsp": [9789.997019358696, 6494.872827731174, 1838.0410551832206], "k_pid_vsp": [3124.860437163661, 6409.466234765643, 9364.792021435156]}, "datetime": {"datetime": "2025-08-09 18:14:01", "elapsed": 91473.33295822144, "delta": 36.86760401725769}, "costs": {"total_cost": 1426.2881686151532, "time_cost": 150, "final_distance_cost": 81.05771662959927, "oscillation_cost": 145.32136447146934, "completition_cost": 888.8888888888888, "overshoot_cost": 94.91578589009238, "power_cost": 37.76153076171875, "noise_cost": 28.34288197338458, "n_waypoints_completed": 1, "tot_waypoints": 9}}
{"target": -17730.692784837156, "params": {"k_pid_pos": [4053.1029812292095, 9635.9872774446, 3337.9548446370845], "k_pid_alt": [1064.0294166281983, 2426.487569516498, 9913.783465169074], "k_pid_att": [2787.0554914154745, 6359.192591509519, 9875.226510808605], "k_pid_yaw": [0.5, 1e-06, 0.1], "k_pid_hsp": [2312.694962814106, 5418.3607762472475, 65.36881419628382], "k_pid_vsp": [839.2836431511874, 6405.505237546101, 8507.071293181985]}, "datetime": {"datetime": "2025-08-09 18:14:39", "elapsed": 91510.79898071289, "delta": 37.46602249145508}, "costs": {"total_cost": 17730.692784837156, "time_cost": 150, "final_distance_cost": 5783.19727808438, "oscillation_cost": 490.12562561553415, "completition_cost": 1000.0, "overshoot_cost": 10174.819252813628, "power_cost": 52.83123059082032, "noise_cost": 79.71939773279269, "n_waypoints_completed": 0, "tot_waypoints": 9}}
{"target": -6329.394343023782, "params": {"k_pid_pos": [850.6880237410086, 409.3172950275559, 9019.883422570245], "k_pid_alt": [4098.997755966479, 5795.671745783898, 2571.7347722400496], "k_pid_att": [4429.685267831265, 473.3384459203438, 2829.912028199666], "k_pid_yaw": [0.5, 1e-06, 0.1], "k_pid_hsp": [9005.757818054686, 144.3413890887868, 8288.347829866194], "k_pid_vsp": [148.7379048276538, 1676.5667413226004, 8345.868868863929]}, "datetime": {"datetime": "2025-08-09 18:15:17", "elapsed": 91549.24576711655, "delta": 38.446786403656006}, "costs": {"total_cost": 6329.394343023782, "time_cost": 150, "final_distance_cost": 1480.137226925485, "oscillation_cost": 27.163353373388112, "completition_cost": 1000.0, "overshoot_cost": 3607.3198177203267, "power_cost": 36.19930545654297, "noise_cost": 28.574639548038764, "n_waypoints_completed": 0, "tot_waypoints": 9}}
{"target": -5577.013143703751, "params": {"k_pid_pos": [5216.803110188416, 3493.6395359843864, 259.1849437122951], "k_pid_alt": [8139.522892676571, 4320.520475844114, 3609.400575506073], "k_pid_att": [1782.028788564789, 9788.799939607077, 5929.277800334845], "k_pid_yaw": [0.5, 1e-06, 0.1], "k_pid_hsp": [7336.582704479839, 2673.151036255761, 6008.501576894355], "k_pid_vsp": [1159.2431784025082, 2546.5860035947453, 307.7052479499942]}, "datetime": {"datetime": "2025-08-09 18:15:55", "elapsed": 91587.1661939621, "delta": 37.92042684555054}, "costs": {"total_cost": 5577.013143703751, "time_cost": 150, "final_distance_cost": 292.2240029286256, "oscillation_cost": 1306.2465511607186, "completition_cost": 1000.0, "overshoot_cost": 2627.643930639221, "power_cost": 58.621353344726565, "noise_cost": 142.27730563045995, "n_waypoints_completed": 0, "tot_waypoints": 9}}
{"target": -1617.410458579623, "params": {"k_pid_pos": [5218.913097260249, 4048.4074455352797, 0.0], "k_pid_alt": [10000.0, 5084.517908650186, 0.0], "k_pid_att": [7273.143054892155, 9642.634356186518, 0.0], "k_pid_yaw": [0.5, 1e-06, 0.1], "k_pid_hsp": [6379.208268627289, 5627.011413435522, 5263.517842047921], "k_pid_vsp": [2451.9099598681214, 442.13092817032435, 0.0]}, "datetime": {"datetime": "2025-08-09 18:17:10", "elapsed": 91661.68377351761, "delta": 74.51757955551147}, "costs": {"total_cost": 1617.410458579623, "time_cost": 150, "final_distance_cost": 87.62826518332494, "oscillation_cost": 338.5922055881944, "completition_cost": 888.8888888888888, "overshoot_cost": 83.8377503759642, "power_cost": 39.87153979492188, "noise_cost": 28.59180874832903, "n_waypoints_completed": 1, "tot_waypoints": 9}}
{"target": -1657.2553566329195, "params": {"k_pid_pos": [0.0, 10000.0, 7204.962690096504], "k_pid_alt": [6567.501327849427, 5176.077118051246, 9035.446772498803], "k_pid_att": [6940.8508579100935, 4580.522883388223, 0.0], "k_pid_yaw": [0.5, 1e-06, 0.1], "k_pid_hsp": [10000.0, 0.0, 5095.162822186461], "k_pid_vsp": [7591.431094508306, 5912.894267232666, 10000.0]}, "datetime": {"datetime": "2025-08-09 18:18:22", "elapsed": 91734.21585774422, "delta": 72.53208422660828}, "costs": {"total_cost": 1657.2553566329195, "time_cost": 150, "final_distance_cost": 78.53132317185167, "oscillation_cost": 389.5024046156853, "completition_cost": 888.8888888888888, "overshoot_cost": 84.09843871937898, "power_cost": 37.949782641601566, "noise_cost": 28.28451859551338, "n_waypoints_completed": 1, "tot_waypoints": 9}}
{"target": -9592.403203223152, "params": {"k_pid_pos": [7407.009828278843, 2707.739079870489, 1817.562300190839], "k_pid_alt": [5749.422333291292, 7636.516871384801, 5917.15654901727], "k_pid_att": [365.42751790505145, 1401.2073044316787, 7495.754672795107], "k_pid_yaw": [0.5, 1e-06, 0.1], "k_pid_hsp": [5268.410818277518, 5942.942610847855, 1478.7843671556177], "k_pid_vsp": [6782.204921065147, 1799.5613097521846, 7832.327224859558]}, "datetime": {"datetime": "2025-08-09 18:19:01", "elapsed": 91772.7254626751, "delta": 38.509604930877686}, "costs": {"total_cost": 9592.403203223152, "time_cost": 150, "final_distance_cost": 2589.5988318947893, "oscillation_cost": 23.449106105670925, "completition_cost": 1000.0, "overshoot_cost": 5766.234901117464, "power_cost": 35.32499494628907, "noise_cost": 27.795369158937827, "n_waypoints_completed": 0, "tot_waypoints": 9}}
{"target": -2954.113941307491, "params": {"k_pid_pos": [6429.688713356821, 2254.3035270110754, 5037.837603861522], "k_pid_alt": [8519.132732877875, 3330.8031756359815, 2493.482863235863], "k_pid_att": [5954.299584948503, 8096.410185417263, 2337.557837385903], "k_pid_yaw": [0.5, 1e-06, 0.1], "k_pid_hsp": [91.559816758231, 4819.046068255993, 5858.566258633343], "k_pid_vsp": [3996.3255191895473, 1905.6618159447137, 4047.091992184577]}, "datetime": {"datetime": "2025-08-09 18:19:39", "elapsed": 91810.57013726234, "delta": 37.844674587249756}, "costs": {"total_cost": 2954.113941307491, "time_cost": 150, "final_distance_cost": 393.66354682984127, "oscillation_cost": 100.47457186629896, "completition_cost": 1000.0, "overshoot_cost": 1246.3193137147591, "power_cost": 35.822579516601564, "noise_cost": 27.833929379990064, "n_waypoints_completed": 0, "tot_waypoints": 9}}
{"target": -1766.7889568910318, "params": {"k_pid_pos": [0.0, 3399.630899306498, 1265.1246840202884], "k_pid_alt": [10000.0, 1415.319150386526, 7151.513043038041], "k_pid_att": [9336.479638943025, 3572.641049662529, 0.0], "k_pid_yaw": [0.5, 1e-06, 0.1], "k_pid_hsp": [10000.0, 0.0, 7803.928691201684], "k_pid_vsp": [10000.0, 8916.849881095237, 0.0]}, "datetime": {"datetime": "2025-08-09 18:20:48", "elapsed": 91880.48908495903, "delta": 69.91894769668579}, "costs": {"total_cost": 1766.7889568910318, "time_cost": 150, "final_distance_cost": 62.55312406309632, "oscillation_cost": 504.4000998533806, "completition_cost": 888.8888888888888, "overshoot_cost": 94.67196692401758, "power_cost": 38.05661774902344, "noise_cost": 28.21825941262519, "n_waypoints_completed": 1, "tot_waypoints": 9}}
{"target": -5659.064202225904, "params": {"k_pid_pos": [7949.6271222477235, 2177.5257407135664, 298.1482692614201], "k_pid_alt": [8688.220330516058, 5064.370429020733, 8931.67480391545], "k_pid_att": [3109.155296198154, 7419.224300944493, 9536.450508374135], "k_pid_yaw": [0.5, 1e-06, 0.1], "k_pid_hsp": [9935.60323626169, 7472.321670208777, 2196.861044146037], "k_pid_vsp": [4633.025373602976, 9711.584334406947, 2970.3675136439624]}, "datetime": {"datetime": "2025-08-09 18:21:27", "elapsed": 91918.99811553955, "delta": 38.50903058052063}, "costs": {"total_cost": 5659.064202225904, "time_cost": 150, "final_distance_cost": 716.3530293618749, "oscillation_cost": 1598.9752156521995, "completition_cost": 1000.0, "overshoot_cost": 1992.8860070867063, "power_cost": 58.65745522460938, "noise_cost": 142.1924949005142, "n_waypoints_completed": 0, "tot_waypoints": 9}}
{"target": -2667.328063303574, "params": {"k_pid_pos": [1656.9601472714469, 1662.2923540381184, 8797.372460192457], "k_pid_alt": [3152.0366169612266, 8084.5191662669695, 1465.1835261456813], "k_pid_att": [5992.772000416205, 5409.21799687601, 4948.925978350684], "k_pid_yaw": [0.5, 1e-06, 0.1], "k_pid_hsp": [9812.91635578839, 5316.119603173744, 3911.1167801408396], "k_pid_vsp": [3605.214211281923, 9467.912107240803, 7321.753131862846]}, "datetime": {"datetime": "2025-08-09 18:22:05", "elapsed": 91957.36670064926, "delta": 38.36858510971069}, "costs": {"total_cost": 2667.328063303574, "time_cost": 150, "final_distance_cost": 78.29022134132822, "oscillation_cost": 391.2944423035988, "completition_cost": 1000.0, "overshoot_cost": 925.0626880074904, "power_cost": 48.71004315185547, "noise_cost": 73.97066849930064, "n_waypoints_completed": 0, "tot_waypoints": 9}}
{"target": -1616.0954307282234, "params": {"k_pid_pos": [4952.109510093189, 3590.847839771869, 5817.066875820581], "k_pid_alt": [0.0, 7623.514964992701, 3182.307702085001], "k_pid_att": [4415.943268888751, 3919.4992561548324, 0.0], "k_pid_yaw": [0.5, 1e-06, 0.1], "k_pid_hsp": [10000.0, 10000.0, 3495.616367953199], "k_pid_vsp": [9510.222490168335, 0.0, 10000.0]}, "datetime": {"datetime": "2025-08-09 18:23:17", "elapsed": 92028.61192727089, "delta": 71.24522662162781}, "costs": {"total_cost": 1616.0954307282234, "time_cost": 150, "final_distance_cost": 66.98671820636487, "oscillation_cost": 270.80099256876167, "completition_cost": 1000.0, "overshoot_cost": 58.813817716208106, "power_cost": 40.63711516113281, "noise_cost": 28.856787075755804, "n_waypoints_completed": 0, "tot_waypoints": 9}}
{"target": -3621.850079329912, "params": {"k_pid_pos": [9365.30351371646, 5998.034966408116, 3463.6873469205666], "k_pid_alt": [2816.0658429336627, 3341.0502472674452, 4964.831792605536], "k_pid_att": [7702.891666553477, 6808.32061871373, 4227.67366544408], "k_pid_yaw": [0.5, 1e-06, 0.1], "k_pid_hsp": [1685.623663953758, 2414.218160142779, 6601.057011216006], "k_pid_vsp": [2202.1397343351236, 2261.279772205371, 7393.603773137218]}, "datetime": {"datetime": "2025-08-09 18:23:55", "elapsed": 92066.711820364, "delta": 38.09989309310913}, "costs": {"total_cost": 3621.850079329912, "time_cost": 150, "final_distance_cost": 614.808364787962, "oscillation_cost": 358.0187959704838, "completition_cost": 1000.0, "overshoot_cost": 1386.0294693112226, "power_cost": 46.14100114746094, "noise_cost": 66.85244811278274, "n_waypoints_completed": 0, "tot_waypoints": 9}}
{"target": -3433.6524874292472, "params": {"k_pid_pos": [9449.037535645744, 8310.47558262033, 7655.398338725122], "k_pid_alt": [1112.3365043884714, 8847.191603934938, 7655.609901401226], "k_pid_att": [2020.2839271182727, 743.3272065749841, 9648.865108294196], "k_pid_yaw": [0.5, 1e-06, 0.1], "k_pid_hsp": [5255.036863339343, 239.3027237364298, 1277.7628835046928], "k_pid_vsp": [299.0926726421894, 5644.643500996859, 1805.1919543653682]}, "datetime": {"datetime": "2025-08-09 18:24:34", "elapsed": 92105.57420659065, "delta": 38.86238622665405}, "costs": {"total_cost": 3433.6524874292472, "time_cost": 150, "final_distance_cost": 393.81461066423674, "oscillation_cost": 739.200562949418, "completition_cost": 1000.0, "overshoot_cost": 971.2493596970442, "power_cost": 58.484315942382814, "noise_cost": 120.9036381761654, "n_waypoints_completed": 0, "tot_waypoints": 9}}
