{"target": -1512.4763113313093, "params": {"k_pid_pos": [4713.929627859842, 3130.2939446373302, 4374.572497847691], "k_pid_alt": [3759.104766117438, 6396.0051128338355, 10000.0], "k_pid_att": [6904.288029104976, 2551.7069503521834, 0.0], "k_pid_yaw": [0.5, 1e-06, 0.1], "k_pid_hsp": [6661.981994441067, 8930.554349613152, 3510.476142440616], "k_pid_vsp": [4607.007121666592, 0.0, 7150.656070028447]}, "datetime": {"datetime": "2025-08-09 07:25:48", "elapsed": 52579.70344209671, "delta": 53.49953579902649}, "costs": {"total_cost": 1512.4763113313093, "time_cost": 150, "final_distance_cost": 66.36418171755322, "oscillation_cost": 162.48999450241385, "completition_cost": 1000.0, "overshoot_cost": 61.3772061461283, "power_cost": 42.7965375, "noise_cost": 29.44839146521369, "n_waypoints_completed": 0, "tot_waypoints": 9}}
{"target": -1615.1022704891122, "params": {"k_pid_pos": [0.0, 10000.0, 10000.0], "k_pid_alt": [10000.0, 5861.067893419111, 6691.351490228594], "k_pid_att": [4766.0227678781985, 3343.8132170008307, 0.0], "k_pid_yaw": [0.5, 1e-06, 0.1], "k_pid_hsp": [3384.34216199676, 9548.455792398114, 1915.311876780252], "k_pid_vsp": [7279.179511345427, 4858.3610447235915, 0.0]}, "datetime": {"datetime": "2025-08-09 07:26:48", "elapsed": 52640.257550001144, "delta": 60.554107904434204}, "costs": {"total_cost": 1615.1022704891122, "time_cost": 150, "final_distance_cost": 60.8158295438794, "oscillation_cost": 268.63426253293494, "completition_cost": 1000.0, "overshoot_cost": 67.1972745612768, "power_cost": 39.970246875, "noise_cost": 28.484656976021157, "n_waypoints_completed": 0, "tot_waypoints": 9}}
{"target": -6724.194097874033, "params": {"k_pid_pos": [7381.671670864448, 8444.776671526744, 8887.625724989572], "k_pid_alt": [3594.4150708016364, 221.48590602103835, 4114.857918675555], "k_pid_att": [2808.9654320748127, 3498.0072754203275, 1335.2901106748382], "k_pid_yaw": [0.5, 1e-06, 0.1], "k_pid_hsp": [5941.955342788806, 266.7388239065671, 5779.1563578133155], "k_pid_vsp": [8129.314386162665, 1227.8156956332064, 962.5077052034814]}, "datetime": {"datetime": "2025-08-09 07:27:25", "elapsed": 52677.40210056305, "delta": 37.14455056190491}, "costs": {"total_cost": 6724.194097874033, "time_cost": 150, "final_distance_cost": 1305.628578679282, "oscillation_cost": 651.5419015601261, "completition_cost": 1000.0, "overshoot_cost": 3433.5071792532494, "power_cost": 58.6003791015625, "noise_cost": 124.91605927981273, "n_waypoints_completed": 0, "tot_waypoints": 9}}
{"target": -1291.0908333666039, "params": {"k_pid_pos": [10000.0, 6881.215894038254, 9414.97921501206], "k_pid_alt": [7130.516918230991, 4826.778900030491, 8664.70590295117], "k_pid_att": [6907.6889434634895, 2455.8167153211775, 0.0], "k_pid_yaw": [0.5, 1e-06, 0.1], "k_pid_hsp": [6199.94221455704, 9974.145900004947, 2739.4116787891035], "k_pid_vsp": [9409.207320360227, 10000.0, 1720.2186137031115]}, "datetime": {"datetime": "2025-08-09 07:28:18", "elapsed": 52729.95308017731, "delta": 52.55097961425781}, "costs": {"total_cost": 1291.0908333666039, "time_cost": 150, "final_distance_cost": 70.87746400670837, "oscillation_cost": 156.43566959294697, "completition_cost": 777.7777777777778, "overshoot_cost": 64.9208096590016, "power_cost": 42.06492709960938, "noise_cost": 29.01418523055957, "n_waypoints_completed": 2, "tot_waypoints": 9}}
{"target": -25972.871486286735, "params": {"k_pid_pos": [1149.7524521832713, 7665.293819786153, 6651.688181878797], "k_pid_alt": [6903.177058962014, 7428.754652554, 7132.4471681296955], "k_pid_att": [444.8171300961379, 7711.048562469696, 9263.023979549054], "k_pid_yaw": [0.5, 1e-06, 0.1], "k_pid_hsp": [9193.022453011474, 9851.22320195151, 9924.266534644743], "k_pid_vsp": [7770.613513704802, 1244.0682909679879, 832.9890989179412]}, "datetime": {"datetime": "2025-08-09 07:28:53", "elapsed": 52765.05430626869, "delta": 35.10122609138489}, "costs": {"total_cost": 25972.871486286735, "time_cost": 150, "final_distance_cost": 7553.004968885556, "oscillation_cost": 1637.539383037395, "completition_cost": 1000.0, "overshoot_cost": 15430.761310939066, "power_cost": 58.73927468261719, "noise_cost": 142.82654874209757, "n_waypoints_completed": 0, "tot_waypoints": 9}}
{"target": -3087.6838156653603, "params": {"k_pid_pos": [6596.853876344821, 10000.0, 5888.082312155029], "k_pid_alt": [0.0, 8292.710194535342, 6116.885908676412], "k_pid_att": [10000.0, 6607.878765130885, 3245.460350734991], "k_pid_yaw": [0.5, 1e-06, 0.1], "k_pid_hsp": [6414.755670414541, 2986.2258492708997, 2680.7672872052635], "k_pid_vsp": [10000.0, 1999.5102816634321, 4837.279816482068]}, "datetime": {"datetime": "2025-08-09 07:29:43", "elapsed": 52814.70796895027, "delta": 49.65366268157959}, "costs": {"total_cost": 3087.6838156653603, "time_cost": 150, "final_distance_cost": 611.5834234512396, "oscillation_cost": 320.83150608746814, "completition_cost": 1000.0, "overshoot_cost": 900.8527879341383, "power_cost": 48.388590551757815, "noise_cost": 56.02750764075657, "n_waypoints_completed": 0, "tot_waypoints": 9}}
{"target": -3395.0733521998086, "params": {"k_pid_pos": [1337.9555559458356, 2947.8432008717014, 1749.0387393804863], "k_pid_alt": [6262.153766704782, 4619.045612195224, 3355.871277799168], "k_pid_att": [7099.540038999328, 4900.566294048627, 3035.1447251603704], "k_pid_yaw": [0.5, 1e-06, 0.1], "k_pid_hsp": [851.6901841880808, 9627.350496371859, 6946.746373547735], "k_pid_vsp": [1618.0683942370754, 7358.944636379047, 4369.89298334967]}, "datetime": {"datetime": "2025-08-09 07:30:17", "elapsed": 52848.54343724251, "delta": 33.83546829223633}, "costs": {"total_cost": 3395.0733521998086, "time_cost": 150, "final_distance_cost": 513.9242621963864, "oscillation_cost": 54.26967591030471, "completition_cost": 1000.0, "overshoot_cost": 1613.8960326803674, "power_cost": 35.22899263916016, "noise_cost": 27.754388773590275, "n_waypoints_completed": 0, "tot_waypoints": 9}}
{"target": -1544.74612245095, "params": {"k_pid_pos": [10000.0, 5954.289173799803, 4185.853071632454], "k_pid_alt": [9006.420927766465, 10000.0, 10000.0], "k_pid_att": [10000.0, 10000.0, 0.0], "k_pid_yaw": [0.5, 1e-06, 0.1], "k_pid_hsp": [6718.193511409729, 4173.484589623352, 4913.527248807935], "k_pid_vsp": [8645.60523124208, 10000.0, 5088.520798062556]}, "datetime": {"datetime": "2025-08-09 07:31:04", "elapsed": 52895.52403092384, "delta": 46.98059368133545}, "costs": {"total_cost": 1544.74612245095, "time_cost": 150, "final_distance_cost": 60.19721244285987, "oscillation_cost": 299.8514150080105, "completition_cost": 888.8888888888888, "overshoot_cost": 77.08973495407461, "power_cost": 40.11718684082032, "noise_cost": 28.601684316295863, "n_waypoints_completed": 1, "tot_waypoints": 9}}
{"target": -6038.888189586327, "params": {"k_pid_pos": [4974.902419678849, 8016.082985419386, 158.49105054725808], "k_pid_alt": [2151.457780709822, 3243.79906543651, 2534.4328416149997], "k_pid_att": [5211.990737067249, 2147.4869033077503, 6601.311785534829], "k_pid_yaw": [0.5, 1e-06, 0.1], "k_pid_hsp": [7776.984701576466, 8008.388231836011, 4183.792716700521], "k_pid_vsp": [1409.1617632036603, 4473.19865439086, 7109.965121850439]}, "datetime": {"datetime": "2025-08-09 07:31:38", "elapsed": 52929.66264486313, "delta": 34.13861393928528}, "costs": {"total_cost": 6038.888189586327, "time_cost": 150, "final_distance_cost": 1398.5199894642249, "oscillation_cost": 290.61130698458027, "completition_cost": 1000.0, "overshoot_cost": 3099.000100736525, "power_cost": 44.4185146850586, "noise_cost": 56.33827771593795, "n_waypoints_completed": 0, "tot_waypoints": 9}}
{"target": -1430.96442243064, "params": {"k_pid_pos": [6323.305650714047, 10000.0, 8966.664274204657], "k_pid_alt": [5384.200699261507, 5242.7921761832995, 6141.280764742476], "k_pid_att": [6639.83595851998, 5129.910616722617, 0.0], "k_pid_yaw": [0.5, 1e-06, 0.1], "k_pid_hsp": [10000.0, 7860.822571458675, 1274.8458755360018], "k_pid_vsp": [5343.756625634075, 4310.8705264379705, 10000.0]}, "datetime": {"datetime": "2025-08-09 07:32:26", "elapsed": 52978.22261595726, "delta": 48.55997109413147}, "costs": {"total_cost": 1430.96442243064, "time_cost": 150, "final_distance_cost": 34.03034489948325, "oscillation_cost": 113.18924355040451, "completition_cost": 1000.0, "overshoot_cost": 60.15416417784262, "power_cost": 44.005046813964846, "noise_cost": 29.585622988944852, "n_waypoints_completed": 0, "tot_waypoints": 9}}
{"target": -1464.8467686767503, "params": {"k_pid_pos": [353.4286493913193, 10000.0, 10000.0], "k_pid_alt": [4800.437150582832, 10000.0, 7105.971491423078], "k_pid_att": [10000.0, 6686.961477877822, 0.0], "k_pid_yaw": [0.5, 1e-06, 0.1], "k_pid_hsp": [5000.733615301082, 7539.079299801192, 0.0], "k_pid_vsp": [3867.1619099421155, 1716.6232389058275, 6251.061645265522]}, "datetime": {"datetime": "2025-08-09 07:33:14", "elapsed": 53025.636488199234, "delta": 47.41387224197388}, "costs": {"total_cost": 1464.8467686767503, "time_cost": 150, "final_distance_cost": 64.9711440241389, "oscillation_cost": 222.74649161653042, "completition_cost": 888.8888888888888, "overshoot_cost": 64.97961342261576, "power_cost": 43.823696936035155, "noise_cost": 29.43693378854138, "n_waypoints_completed": 1, "tot_waypoints": 9}}
{"target": -1386.7711836266687, "params": {"k_pid_pos": [6089.8757849450285, 2751.004408273291, 6166.2107211812545], "k_pid_alt": [2491.5869811413004, 0.0, 0.0], "k_pid_att": [9308.945321476911, 9224.700712226893, 0.0], "k_pid_yaw": [0.5, 1e-06, 0.1], "k_pid_hsp": [10000.0, 4666.377464297819, 2249.1765121631784], "k_pid_vsp": [10000.0, 7928.437192695298, 4699.56735998427]}, "datetime": {"datetime": "2025-08-09 07:34:01", "elapsed": 53073.217215299606, "delta": 47.580727100372314}, "costs": {"total_cost": 1386.7711836266687, "time_cost": 150, "final_distance_cost": 50.38657321390399, "oscillation_cost": 503.3310597664553, "completition_cost": 555.5555555555555, "overshoot_cost": 60.60190644300791, "power_cost": 38.52899719238282, "noise_cost": 28.367091455363138, "n_waypoints_completed": 4, "tot_waypoints": 9}}
{"target": -4711.31138171037, "params": {"k_pid_pos": [3095.44961738593, 4433.049971629766, 8829.880446809057], "k_pid_alt": [2610.9766670482436, 4892.596996916009, 7868.902652478635], "k_pid_att": [1641.2423507885387, 2824.0180459949183, 7072.54267786089], "k_pid_yaw": [0.5, 1e-06, 0.1], "k_pid_hsp": [4683.904886755583, 6444.889879955012, 5134.649057187244], "k_pid_vsp": [4603.549281022007, 3400.9686322950083, 8030.215075661483]}, "datetime": {"datetime": "2025-08-09 07:34:35", "elapsed": 53106.544394016266, "delta": 33.327178716659546}, "costs": {"total_cost": 4711.31138171037, "time_cost": 150, "final_distance_cost": 919.633057208321, "oscillation_cost": 363.87663894838175, "completition_cost": 1000.0, "overshoot_cost": 2166.5510439466498, "power_cost": 46.04716671142578, "noise_cost": 65.20347489559167, "n_waypoints_completed": 0, "tot_waypoints": 9}}
{"target": -1536.5047460775024, "params": {"k_pid_pos": [4919.832211043797, 2008.637522731599, 510.79853604563795], "k_pid_alt": [8379.255708294626, 5142.024102634058, 7771.310666796282], "k_pid_att": [8854.014495309826, 83.92554293364829, 622.6562588765582], "k_pid_yaw": [0.5, 1e-06, 0.1], "k_pid_hsp": [9944.259684873243, 8717.935341540382, 2683.59000045855], "k_pid_vsp": [1062.338289827618, 3555.913104180404, 5895.985624868472]}, "datetime": {"datetime": "2025-08-09 07:35:08", "elapsed": 53139.53488826752, "delta": 32.99049425125122}, "costs": {"total_cost": 1536.5047460775024, "time_cost": 150, "final_distance_cost": 167.92970524858464, "oscillation_cost": 69.38171023210742, "completition_cost": 888.8888888888888, "overshoot_cost": 196.21556587321152, "power_cost": 36.08722521972656, "noise_cost": 28.00165061498339, "n_waypoints_completed": 1, "tot_waypoints": 9}}
{"target": -27053.087189569585, "params": {"k_pid_pos": [7068.360524401487, 6538.206662016357, 810.4271735667035], "k_pid_alt": [9243.712818333359, 1021.0813820355213, 9855.896586694153], "k_pid_att": [2772.405839797102, 4732.998021338195, 5994.683410223276], "k_pid_yaw": [0.5, 1e-06, 0.1], "k_pid_hsp": [1997.825601705615, 4399.67695438569, 9117.810206579448], "k_pid_vsp": [8059.260503292059, 9880.880864046812, 2313.6549231114923]}, "datetime": {"datetime": "2025-08-09 07:35:41", "elapsed": 53172.89184617996, "delta": 33.35695791244507}, "costs": {"total_cost": 27053.087189569585, "time_cost": 150, "final_distance_cost": 6561.643482942287, "oscillation_cost": 1636.0405934034443, "completition_cost": 1000.0, "overshoot_cost": 17502.598182398502, "power_cost": 58.62239849853516, "noise_cost": 144.18253232681607, "n_waypoints_completed": 0, "tot_waypoints": 9}}
{"target": -19281.414162076177, "params": {"k_pid_pos": [2495.49417349593, 5094.715635920383, 2007.8906603450876], "k_pid_alt": [713.3893120924539, 2473.2503621932356, 6583.960124649706], "k_pid_att": [870.4090546790488, 7023.106235939408, 1915.6976347693544], "k_pid_yaw": [0.5, 1e-06, 0.1], "k_pid_hsp": [9434.014832658848, 6898.473992112647, 9625.712076833424], "k_pid_vsp": [206.91118104424143, 1048.5430874625213, 3141.734808602372]}, "datetime": {"datetime": "2025-08-09 07:36:15", "elapsed": 53206.57115197182, "delta": 33.67930579185486}, "costs": {"total_cost": 19281.414162076177, "time_cost": 150, "final_distance_cost": 5782.948727592222, "oscillation_cost": 1603.1815385478274, "completition_cost": 1000.0, "overshoot_cost": 10555.353683653553, "power_cost": 57.58602150878907, "noise_cost": 132.34419077378388, "n_waypoints_completed": 0, "tot_waypoints": 9}}
{"target": -1801.4674517377439, "params": {"k_pid_pos": [7097.262780130001, 5696.765132065398, 0.0], "k_pid_alt": [10000.0, 4680.185900515443, 2480.3965057108726], "k_pid_att": [4160.955221429935, 0.0, 0.0], "k_pid_yaw": [0.5, 1e-06, 0.1], "k_pid_hsp": [2695.845969501311, 0.0, 3274.1689062460778], "k_pid_vsp": [6276.979019713195, 6677.553874317582, 6025.006101994166]}, "datetime": {"datetime": "2025-08-09 07:37:07", "elapsed": 53259.05567216873, "delta": 52.48452019691467}, "costs": {"total_cost": 1801.4674517377439, "time_cost": 150, "final_distance_cost": 50.61902506265116, "oscillation_cost": 559.8503623649543, "completition_cost": 888.8888888888888, "overshoot_cost": 87.47429778302552, "power_cost": 36.68173630371094, "noise_cost": 27.953141334513077, "n_waypoints_completed": 1, "tot_waypoints": 9}}
{"target": -1494.243700216133, "params": {"k_pid_pos": [10000.0, 8905.548596772607, 6717.030470616809], "k_pid_alt": [8930.681164338295, 3616.177906880397, 9603.529180576852], "k_pid_att": [10000.0, 3744.0817769507494, 0.0], "k_pid_yaw": [0.5, 1e-06, 0.1], "k_pid_hsp": [6387.235163651035, 10000.0, 5351.369515075932], "k_pid_vsp": [1396.9027210239233, 10000.0, 4303.8894573778625]}, "datetime": {"datetime": "2025-08-09 07:37:55", "elapsed": 53306.709733724594, "delta": 47.65406155586243}, "costs": {"total_cost": 1494.243700216133, "time_cost": 150, "final_distance_cost": 73.10817079083806, "oscillation_cost": 230.07776959206802, "completition_cost": 888.8888888888888, "overshoot_cost": 83.03775190862059, "power_cost": 40.419062866210936, "noise_cost": 28.712056169506713, "n_waypoints_completed": 1, "tot_waypoints": 9}}
{"target": -24621.230525070678, "params": {"k_pid_pos": [9147.354283696694, 9771.230438162738, 7208.271694058498], "k_pid_alt": [5525.911116330203, 1313.8582872812942, 5413.962510789353], "k_pid_att": [507.3389331858136, 6409.180555892046, 7411.565061878701], "k_pid_yaw": [0.5, 1e-06, 0.1], "k_pid_hsp": [3601.7705388614827, 5824.410594109871, 1332.1721399085607], "k_pid_vsp": [4344.977191233883, 1339.5935650741676, 1925.020978591454]}, "datetime": {"datetime": "2025-08-09 07:38:30", "elapsed": 53342.00417518616, "delta": 35.29444146156311}, "costs": {"total_cost": 24621.230525070678, "time_cost": 150, "final_distance_cost": 7507.316407584077, "oscillation_cost": 1601.9334954551744, "completition_cost": 1000.0, "overshoot_cost": 14161.91102735729, "power_cost": 58.655612695312506, "noise_cost": 141.41398197882359, "n_waypoints_completed": 0, "tot_waypoints": 9}}
{"target": -8949.723251112433, "params": {"k_pid_pos": [7850.536137834536, 5817.165097355406, 1881.5361068888358], "k_pid_alt": [2124.2791784817227, 1010.8868374146351, 7289.059457921841], "k_pid_att": [1292.6154030664882, 4071.452403199611, 3645.589999824285], "k_pid_yaw": [0.5, 1e-06, 0.1], "k_pid_hsp": [9449.190370511478, 9462.875624764396, 1043.627924221332], "k_pid_vsp": [3315.787807893944, 5976.01491197688, 5609.798237017333]}, "datetime": {"datetime": "2025-08-09 07:39:04", "elapsed": 53376.092634916306, "delta": 34.088459730148315}, "costs": {"total_cost": 8949.723251112433, "time_cost": 150, "final_distance_cost": 2439.792308578397, "oscillation_cost": 1257.7162171723264, "completition_cost": 1000.0, "overshoot_cost": 3925.1926844564327, "power_cost": 56.16044487304688, "noise_cost": 120.86159603223025, "n_waypoints_completed": 0, "tot_waypoints": 9}}
{"target": -6163.13377515625, "params": {"k_pid_pos": [5904.488609005616, 6804.594495762553, 2356.067296346166], "k_pid_alt": [3812.672677360742, 2236.115789495291, 2833.583888625674], "k_pid_att": [5127.460762025661, 3234.8308561404583, 5717.37009798218], "k_pid_yaw": [0.5, 1e-06, 0.1], "k_pid_hsp": [9702.94392880093, 8471.51224245795, 8098.39955299551], "k_pid_vsp": [6878.212798179865, 4532.170426448956, 8629.825456735563]}, "datetime": {"datetime": "2025-08-09 07:39:38", "elapsed": 53409.90027809143, "delta": 33.80764317512512}, "costs": {"total_cost": 6163.13377515625, "time_cost": 150, "final_distance_cost": 1086.3596994705288, "oscillation_cost": 479.778108653448, "completition_cost": 1000.0, "overshoot_cost": 3307.63926006845, "power_cost": 50.43425466308594, "noise_cost": 88.92245230073655, "n_waypoints_completed": 0, "tot_waypoints": 9}}
{"target": -3959.1635430797865, "params": {"k_pid_pos": [9896.417763604906, 8835.277833896575, 9914.106403818863], "k_pid_alt": [3513.5539805677918, 8286.161599996056, 7285.348589377742], "k_pid_att": [1327.8499159009382, 1064.7690402948251, 1207.4985534806094], "k_pid_yaw": [0.5, 1e-06, 0.1], "k_pid_hsp": [4218.689002347266, 2756.793425259331, 7216.472912635378], "k_pid_vsp": [9636.472250718747, 7995.846991877386, 8978.88248279915]}, "datetime": {"datetime": "2025-08-09 07:40:11", "elapsed": 53443.06677675247, "delta": 33.16649866104126}, "costs": {"total_cost": 3959.1635430797865, "time_cost": 150, "final_distance_cost": 441.52961392151235, "oscillation_cost": 789.0947207896314, "completition_cost": 1000.0, "overshoot_cost": 1411.6701423066238, "power_cost": 54.01155402832031, "noise_cost": 112.857512033698, "n_waypoints_completed": 0, "tot_waypoints": 9}}
{"target": -9951.873088196604, "params": {"k_pid_pos": [2097.6535207719894, 4095.8619005918963, 7728.026910376531], "k_pid_alt": [3757.2979795497486, 3284.034054933752, 5764.36731166757], "k_pid_att": [1669.6239977612915, 3796.7492671086466, 9195.62806770018], "k_pid_yaw": [0.5, 1e-06, 0.1], "k_pid_hsp": [7782.003101049857, 1173.8169605444648, 3895.3182040561796], "k_pid_vsp": [991.4797556854916, 8550.828285332182, 9007.200896780074]}, "datetime": {"datetime": "2025-08-09 07:40:46", "elapsed": 53477.8069794178, "delta": 34.74020266532898}, "costs": {"total_cost": 9951.873088196604, "time_cost": 150, "final_distance_cost": 1487.3506086671855, "oscillation_cost": 541.2620770439904, "completition_cost": 1000.0, "overshoot_cost": 6624.093570086663, "power_cost": 52.04413936767578, "noise_cost": 97.12269303108914, "n_waypoints_completed": 0, "tot_waypoints": 9}}
{"target": -1123.900801249728, "params": {"k_pid_pos": [8228.295050959438, 4356.344798348312, 4544.388687845399], "k_pid_alt": [286.20832154854645, 6224.33469604941, 10000.0], "k_pid_att": [6416.4497130005075, 10000.0, 0.0], "k_pid_yaw": [0.5, 1e-06, 0.1], "k_pid_hsp": [10000.0, 6225.214296516931, 3131.479516775482], "k_pid_vsp": [9127.875382310338, 2072.953164332458, 10000.0]}, "datetime": {"datetime": "2025-08-09 07:41:36", "elapsed": 53527.693437576294, "delta": 49.88645815849304}, "costs": {"total_cost": 1123.900801249728, "time_cost": 150, "final_distance_cost": 49.25994619815469, "oscillation_cost": 209.44670219587564, "completition_cost": 555.5555555555555, "overshoot_cost": 88.47937529101142, "power_cost": 42.08624097900391, "noise_cost": 29.072981030126765, "n_waypoints_completed": 4, "tot_waypoints": 9}}
{"target": -2967.3789946752745, "params": {"k_pid_pos": [3131.9138040011353, 9012.344251500414, 5106.612085005379], "k_pid_alt": [3907.5722299913173, 5893.918814786944, 9688.678586677113], "k_pid_att": [6883.528374220579, 2811.426529197446, 3730.86651327707], "k_pid_yaw": [0.5, 1e-06, 0.1], "k_pid_hsp": [4507.112889867896, 7233.373775045246, 5204.1167827475265], "k_pid_vsp": [7368.563352362687, 1371.4885001049558, 2698.1622159204267]}, "datetime": {"datetime": "2025-08-09 07:42:11", "elapsed": 53562.737243652344, "delta": 35.043806076049805}, "costs": {"total_cost": 2967.3789946752745, "time_cost": 150, "final_distance_cost": 442.9909276422745, "oscillation_cost": 379.2735532262582, "completition_cost": 1000.0, "overshoot_cost": 875.9410961716947, "power_cost": 48.00353869628906, "noise_cost": 71.16987893875769, "n_waypoints_completed": 0, "tot_waypoints": 9}}
