{"target": -1345.3513094267332, "params": {"k_pid_pos": [5198.643780854984, 10000.0, 10000.0], "k_pid_alt": [2111.324905095815, 0.0, 2129.0731837873946], "k_pid_att": [9471.559265805641, 4851.310505239265, 0.0], "k_pid_yaw": [0.5, 1e-06, 0.1], "k_pid_hsp": [0.0, 2073.6743242729476, 0.0], "k_pid_vsp": [1197.2089440580546, 0.0, 1589.5010977405582]}, "datetime": {"datetime": "2025-08-08 23:18:32", "elapsed": 23344.274029493332, "delta": 36.1991400718689}, "costs": {"total_cost": 1345.3513094267332, "time_cost": 150, "final_distance_cost": 84.61695205357566, "oscillation_cost": 168.6641029063275, "completition_cost": 777.7777777777778, "overshoot_cost": 88.90483997077533, "power_cost": 45.36208771972657, "noise_cost": 30.025548998550455, "n_waypoints_completed": 2, "tot_waypoints": 9}}
{"target": -1356.4126881664972, "params": {"k_pid_pos": [6933.242596280179, 6486.257590191704, 0.0], "k_pid_alt": [0.0, 7558.304016218286, 9207.544644239511], "k_pid_att": [8955.054131488661, 4478.725940145021, 0.0], "k_pid_yaw": [0.5, 1e-06, 0.1], "k_pid_hsp": [3572.5015263470905, 10000.0, 899.9692550579595], "k_pid_vsp": [0.0, 8303.917521202982, 4872.259959526817]}, "datetime": {"datetime": "2025-08-08 23:19:08", "elapsed": 23379.581299066544, "delta": 35.30726957321167}, "costs": {"total_cost": 1356.4126881664972, "time_cost": 150, "final_distance_cost": 105.27061272615738, "oscillation_cost": 160.528121482229, "completition_cost": 777.7777777777778, "overshoot_cost": 89.62190544855406, "power_cost": 43.79981840820313, "noise_cost": 29.414452323575617, "n_waypoints_completed": 2, "tot_waypoints": 9}}
{"target": -1069.4135673208948, "params": {"k_pid_pos": [10000.0, 9999.97451925968, 0.0], "k_pid_alt": [2230.9485932162042, 0.0, 10000.0], "k_pid_att": [5577.2009102935845, 202.3192758461258, 0.0], "k_pid_yaw": [0.5, 1e-06, 0.1], "k_pid_hsp": [10000.0, 4966.57716465389, 4741.36514240424], "k_pid_vsp": [10000.0, 4694.376194843024, 5465.086400941944]}, "datetime": {"datetime": "2025-08-08 23:19:43", "elapsed": 23415.4142537117, "delta": 35.83295464515686}, "costs": {"total_cost": 1069.4135673208948, "time_cost": 150, "final_distance_cost": 83.4472327526767, "oscillation_cost": 341.6744312121763, "completition_cost": 333.33333333333337, "overshoot_cost": 92.62546163138164, "power_cost": 39.747343798828126, "noise_cost": 28.585764592498567, "n_waypoints_completed": 6, "tot_waypoints": 9}}
{"target": -7172.5876421666435, "params": {"k_pid_pos": [402.10941126694655, 4524.735144769837, 834.8000802732769], "k_pid_alt": [1008.8399044054752, 4447.077016378232, 3621.64776662957], "k_pid_att": [7079.876009802433, 1805.0459497020288, 9001.627595193886], "k_pid_yaw": [0.5, 1e-06, 0.1], "k_pid_hsp": [6198.194345079122, 4571.1151544674385, 1502.2983943697966], "k_pid_vsp": [1547.9671916600978, 4594.759112208269, 6162.518118438333]}, "datetime": {"datetime": "2025-08-08 23:20:14", "elapsed": 23446.060439825058, "delta": 30.646186113357544}, "costs": {"total_cost": 7172.5876421666435, "time_cost": 150, "final_distance_cost": 2075.956581929932, "oscillation_cost": 323.47208177267606, "completition_cost": 1000.0, "overshoot_cost": 3516.8906211245435, "power_cost": 45.379320361328126, "noise_cost": 60.88903697816373, "n_waypoints_completed": 0, "tot_waypoints": 9}}
{"target": -20763.72379446491, "params": {"k_pid_pos": [8486.614427112094, 3153.3621599253215, 8946.534896455323], "k_pid_alt": [8016.520303373663, 7166.746505784929, 5577.88511779446], "k_pid_att": [2203.1666371319557, 3745.377163496456, 3503.396942288327], "k_pid_yaw": [0.5, 1e-06, 0.1], "k_pid_hsp": [8086.384906557065, 9909.490995099466, 1946.965462299468], "k_pid_vsp": [3468.890192041144, 1352.8972547808903, 4216.649054752901]}, "datetime": {"datetime": "2025-08-08 23:20:45", "elapsed": 23477.295379400253, "delta": 31.234939575195312}, "costs": {"total_cost": 20763.72379446491, "time_cost": 150, "final_distance_cost": 5603.781297099896, "oscillation_cost": 1433.5667750674424, "completition_cost": 1000.0, "overshoot_cost": 12401.264376968626, "power_cost": 54.877247998046876, "noise_cost": 120.23409733089724, "n_waypoints_completed": 0, "tot_waypoints": 9}}
{"target": -1548.2216200024784, "params": {"k_pid_pos": [10000.0, 8327.73239304453, 0.0], "k_pid_alt": [4743.786734270935, 4686.13309760758, 9382.560602743228], "k_pid_att": [7336.509592328145, 593.7190363104913, 0.0], "k_pid_yaw": [0.5, 1e-06, 0.1], "k_pid_hsp": [4395.273513243704, 8161.027114051356, 4398.742973324563], "k_pid_vsp": [6296.579423392893, 0.0, 5939.588343487561]}, "datetime": {"datetime": "2025-08-08 23:21:22", "elapsed": 23513.812723636627, "delta": 36.5173442363739}, "costs": {"total_cost": 1548.2216200024784, "time_cost": 150, "final_distance_cost": 79.14815986213245, "oscillation_cost": 266.7268626379528, "completition_cost": 888.8888888888888, "overshoot_cost": 93.89114023899863, "power_cost": 40.789294372558594, "noise_cost": 28.77727400194722, "n_waypoints_completed": 1, "tot_waypoints": 9}}
{"target": -2307.0540601430735, "params": {"k_pid_pos": [6248.697931159696, 1887.4140245081412, 5281.1646148973705], "k_pid_alt": [0.0, 0.0, 10000.0], "k_pid_att": [9204.66871212724, 2915.0241931581263, 0.0], "k_pid_yaw": [0.5, 1e-06, 0.1], "k_pid_hsp": [10000.0, 2424.5560561349293, 520.6071280276669], "k_pid_vsp": [0.0, 10000.0, 6707.930209359493]}, "datetime": {"datetime": "2025-08-08 23:21:57", "elapsed": 23549.110718250275, "delta": 35.29799461364746}, "costs": {"total_cost": 2307.0540601430735, "time_cost": 150, "final_distance_cost": 2.771596414907842, "oscillation_cost": 873.6793889713994, "completition_cost": 1000.0, "overshoot_cost": 158.15762647392214, "power_cost": 36.359549853515624, "noise_cost": 86.08589842932876, "n_waypoints_completed": 0, "tot_waypoints": 9}}
{"target": -2286.5248893323314, "params": {"k_pid_pos": [4805.560490221923, 10000.0, 10000.0], "k_pid_alt": [7392.531875733586, 6768.108556170031, 3117.1907161290014], "k_pid_att": [10000.0, 8471.704008245024, 0.0], "k_pid_yaw": [0.5, 1e-06, 0.1], "k_pid_hsp": [2653.8371005065674, 8532.79427938669, 3397.204875256562], "k_pid_vsp": [286.6471597811319, 0.0, 1764.6353943338704]}, "datetime": {"datetime": "2025-08-08 23:22:35", "elapsed": 23586.838491916656, "delta": 37.727773666381836}, "costs": {"total_cost": 2286.5248893323314, "time_cost": 150, "final_distance_cost": 237.54960165980316, "oscillation_cost": 368.3797535801623, "completition_cost": 1000.0, "overshoot_cost": 459.78690047047337, "power_cost": 40.90998325195313, "noise_cost": 29.898650369939347, "n_waypoints_completed": 0, "tot_waypoints": 9}}
{"target": -1360.3468987663655, "params": {"k_pid_pos": [5279.462980482191, 0.0, 0.0], "k_pid_alt": [10000.0, 9769.666366932805, 0.0], "k_pid_att": [10000.0, 5266.629768299148, 0.0], "k_pid_yaw": [0.5, 1e-06, 0.1], "k_pid_hsp": [905.286474583951, 3158.637678924394, 0.0], "k_pid_vsp": [3775.09988965672, 1269.1223455372306, 469.58484472002505]}, "datetime": {"datetime": "2025-08-08 23:23:10", "elapsed": 23622.098826646805, "delta": 35.260334730148315}, "costs": {"total_cost": 1360.3468987663655, "time_cost": 150, "final_distance_cost": 66.15266621797169, "oscillation_cost": 120.88626573870756, "completition_cost": 888.8888888888888, "overshoot_cost": 58.65047056947302, "power_cost": 46.152813928222656, "noise_cost": 29.61579342310176, "n_waypoints_completed": 1, "tot_waypoints": 9}}
{"target": -3699.919890370727, "params": {"k_pid_pos": [3477.3736475163396, 2839.3019250185735, 4806.531416984241], "k_pid_alt": [1885.9289404484857, 7949.035620520335, 7865.817784035314], "k_pid_att": [5242.013738193649, 6456.486637715379, 2852.5760803436083], "k_pid_yaw": [0.5, 1e-06, 0.1], "k_pid_hsp": [4621.535614457936, 9640.289576661555, 3589.169000842518], "k_pid_vsp": [7977.682597272917, 1776.373959548856, 5470.0916864383535]}, "datetime": {"datetime": "2025-08-08 23:23:41", "elapsed": 23652.782294273376, "delta": 30.683467626571655}, "costs": {"total_cost": 3699.919890370727, "time_cost": 150, "final_distance_cost": 362.14831436938965, "oscillation_cost": 638.5659808357133, "completition_cost": 1000.0, "overshoot_cost": 1364.395089648446, "power_cost": 58.45872858886719, "noise_cost": 126.35177692831016, "n_waypoints_completed": 0, "tot_waypoints": 9}}
{"target": -1497.6842310884017, "params": {"k_pid_pos": [10000.0, 10000.0, 7742.1730221897315], "k_pid_alt": [10000.0, 4529.235934851693, 5945.491638807134], "k_pid_att": [7196.337179273823, 0.0, 0.0], "k_pid_yaw": [0.5, 1e-06, 0.1], "k_pid_hsp": [6013.172542059871, 5403.99023619862, 1112.1283419370072], "k_pid_vsp": [10000.0, 5920.556142589724, 0.0]}, "datetime": {"datetime": "2025-08-08 23:24:16", "elapsed": 23688.35647392273, "delta": 35.57417964935303}, "costs": {"total_cost": 1497.6842310884017, "time_cost": 150, "final_distance_cost": 39.40388851416124, "oscillation_cost": 173.23123068524256, "completition_cost": 1000.0, "overshoot_cost": 65.33614374694378, "power_cost": 40.88248311767578, "noise_cost": 28.830485024378397, "n_waypoints_completed": 0, "tot_waypoints": 9}}
{"target": -14677.065591064651, "params": {"k_pid_pos": [7739.6810304749815, 8494.866775634076, 7780.657333189604], "k_pid_alt": [2515.443349202018, 6620.474517047816, 383.6115870589352], "k_pid_att": [4867.0560137125285, 4446.233434469112, 7048.1208760688305], "k_pid_yaw": [0.5, 1e-06, 0.1], "k_pid_hsp": [5526.022687382354, 7524.052692815877, 7504.621273446922], "k_pid_vsp": [9150.198260305364, 7381.242777583765, 1367.8974446517623]}, "datetime": {"datetime": "2025-08-08 23:24:47", "elapsed": 23718.974118471146, "delta": 30.617644548416138}, "costs": {"total_cost": 14677.065591064651, "time_cost": 150, "final_distance_cost": 4574.344531950868, "oscillation_cost": 1466.5092959448068, "completition_cost": 1000.0, "overshoot_cost": 7284.204921092468, "power_cost": 58.62370988769531, "noise_cost": 143.38313218881223, "n_waypoints_completed": 0, "tot_waypoints": 9}}
{"target": -2136.907179541384, "params": {"k_pid_pos": [2398.1352665956492, 8371.881303191281, 5863.643727885302], "k_pid_alt": [6990.0881690054875, 9991.699247236847, 9619.789739771455], "k_pid_att": [7076.287845596989, 9972.042387742025, 940.7432114502135], "k_pid_yaw": [0.5, 1e-06, 0.1], "k_pid_hsp": [6674.005528396358, 3263.954594585148, 8071.452347080937], "k_pid_vsp": [9738.794094787438, 3059.406084467936, 2474.2635723102812]}, "datetime": {"datetime": "2025-08-08 23:25:18", "elapsed": 23749.84353518486, "delta": 30.8694167137146}, "costs": {"total_cost": 2136.907179541384, "time_cost": 150, "final_distance_cost": 275.0818158918501, "oscillation_cost": 138.42166419571194, "completition_cost": 1000.0, "overshoot_cost": 510.6219604362949, "power_cost": 35.08300747070313, "noise_cost": 27.698731546823602, "n_waypoints_completed": 0, "tot_waypoints": 9}}
{"target": -7757.522629341866, "params": {"k_pid_pos": [8372.629082808142, 8470.597768684853, 5349.632877810934], "k_pid_alt": [4.101678154270205, 4953.064916260742, 1730.2034109630492], "k_pid_att": [3989.672140093479, 461.37132571549387, 7861.553347219885], "k_pid_yaw": [0.5, 1e-06, 0.1], "k_pid_hsp": [9422.637653885702, 4246.133649279616, 1310.498070438545], "k_pid_vsp": [6508.683678744051, 7899.852859266137, 1146.4690944013478]}, "datetime": {"datetime": "2025-08-08 23:25:49", "elapsed": 23781.47552061081, "delta": 31.631985425949097}, "costs": {"total_cost": 7757.522629341866, "time_cost": 150, "final_distance_cost": 2488.2077029773045, "oscillation_cost": 790.6300190375247, "completition_cost": 1000.0, "overshoot_cost": 3145.4785976094313, "power_cost": 58.518575292968755, "noise_cost": 124.68773442463763, "n_waypoints_completed": 0, "tot_waypoints": 9}}
{"target": -11621.710115583888, "params": {"k_pid_pos": [5302.9550422593275, 5298.060167810104, 4839.083987293037], "k_pid_alt": [818.1729866440523, 5031.841550615011, 9880.594173463904], "k_pid_att": [4690.840798773259, 2840.575100609218, 7017.0605324155], "k_pid_yaw": [0.5, 1e-06, 0.1], "k_pid_hsp": [4559.694092878109, 3790.8444772841267, 390.3317955287811], "k_pid_vsp": [6425.6752347918355, 1408.9142115663867, 7554.761928194011]}, "datetime": {"datetime": "2025-08-08 23:26:21", "elapsed": 23813.349392414093, "delta": 31.87387180328369}, "costs": {"total_cost": 11621.710115583888, "time_cost": 150, "final_distance_cost": 4091.7122230384516, "oscillation_cost": 339.0219006333329, "completition_cost": 1000.0, "overshoot_cost": 5928.5540460268585, "power_cost": 46.248548547363285, "noise_cost": 66.17339733788084, "n_waypoints_completed": 0, "tot_waypoints": 9}}
{"target": -12010.965801361552, "params": {"k_pid_pos": [2422.460392959265, 7960.314597301783, 12.32188967853487], "k_pid_alt": [4656.208069477886, 5987.78836450801, 1165.9560402797686], "k_pid_att": [2836.8903367782905, 1306.3200452696467, 3115.9638307039263], "k_pid_yaw": [0.5, 1e-06, 0.1], "k_pid_hsp": [567.6913387052418, 5627.9894531330565, 2486.59926690477], "k_pid_vsp": [1168.045986106281, 8090.325981896872, 4753.394509057225]}, "datetime": {"datetime": "2025-08-08 23:26:52", "elapsed": 23844.178107976913, "delta": 30.828715562820435}, "costs": {"total_cost": 12010.965801361552, "time_cost": 150, "final_distance_cost": 3619.025035004269, "oscillation_cost": 443.1751313803931, "completition_cost": 1000.0, "overshoot_cost": 6665.70707343518, "power_cost": 48.923234765625004, "noise_cost": 84.13532677608369, "n_waypoints_completed": 0, "tot_waypoints": 9}}
{"target": -12785.249489678752, "params": {"k_pid_pos": [7497.894070651711, 2077.966720084412, 4354.8122468141955], "k_pid_alt": [3445.0508284920256, 5073.514030997845, 7708.351850787909], "k_pid_att": [4515.896269556097, 1603.3815612618107, 4709.173545519494], "k_pid_yaw": [0.5, 1e-06, 0.1], "k_pid_hsp": [859.9165515347129, 2959.3214924154067, 7285.139866736905], "k_pid_vsp": [4658.010923297879, 3174.966726784042, 3568.752934402102]}, "datetime": {"datetime": "2025-08-08 23:27:24", "elapsed": 23876.022584676743, "delta": 31.8444766998291}, "costs": {"total_cost": 12785.249489678752, "time_cost": 150, "final_distance_cost": 2987.853998001742, "oscillation_cost": 777.3996859186971, "completition_cost": 1000.0, "overshoot_cost": 7678.049212841365, "power_cost": 58.59253123779297, "noise_cost": 133.3540616791537, "n_waypoints_completed": 0, "tot_waypoints": 9}}
{"target": -28076.238756027695, "params": {"k_pid_pos": [9325.82946719693, 2519.986093395532, 334.42773940534187], "k_pid_alt": [2248.4791546293413, 9694.92400516764, 104.12348780285518], "k_pid_att": [4170.332305656662, 5570.271755155346, 5548.173130455324], "k_pid_yaw": [0.5, 1e-06, 0.1], "k_pid_hsp": [1015.4614436731724, 4497.222861289095, 8298.893764662018], "k_pid_vsp": [6849.365739339041, 2344.0729936791936, 465.2579244044941]}, "datetime": {"datetime": "2025-08-08 23:27:55", "elapsed": 23907.468802928925, "delta": 31.446218252182007}, "costs": {"total_cost": 28076.238756027695, "time_cost": 150, "final_distance_cost": 7655.144019067522, "oscillation_cost": 1676.6905112272473, "completition_cost": 1000.0, "overshoot_cost": 17393.188650950226, "power_cost": 58.621353344726565, "noise_cost": 142.59422143797684, "n_waypoints_completed": 0, "tot_waypoints": 9}}
{"target": -1513.3352064491576, "params": {"k_pid_pos": [4153.825474900446, 3281.707802880265, 2240.724838388791], "k_pid_alt": [4131.8858299362655, 5394.06930173074, 7924.483172577222], "k_pid_att": [10000.0, 7026.906936496928, 0.0], "k_pid_yaw": [0.5, 1e-06, 0.1], "k_pid_hsp": [4515.588546390929, 9569.722021692221, 2201.356588210055], "k_pid_vsp": [7813.6624591993705, 4857.000221495676, 5327.188492299752]}, "datetime": {"datetime": "2025-08-08 23:28:31", "elapsed": 23943.17560195923, "delta": 35.706799030303955}, "costs": {"total_cost": 1513.3352064491576, "time_cost": 150, "final_distance_cost": 60.13753600817029, "oscillation_cost": 160.31768871308284, "completition_cost": 1000.0, "overshoot_cost": 70.94237903015133, "power_cost": 42.83380766601563, "noise_cost": 29.103795031737302, "n_waypoints_completed": 0, "tot_waypoints": 9}}
{"target": -4393.551172405174, "params": {"k_pid_pos": [1649.941559549236, 10000.0, 9707.569952532247], "k_pid_alt": [10000.0, 6.60329661959303, 7105.876024252245], "k_pid_att": [2067.441633350717, 0.0, 7847.629299315635], "k_pid_yaw": [0.5, 1e-06, 0.1], "k_pid_hsp": [7765.521031288328, 8266.541398646461, 9078.957451596812], "k_pid_vsp": [8320.169662150056, 2494.687197365396, 4686.838500903811]}, "datetime": {"datetime": "2025-08-08 23:29:08", "elapsed": 23979.534873485565, "delta": 36.35927152633667}, "costs": {"total_cost": 4393.551172405174, "time_cost": 150, "final_distance_cost": 642.4504766585259, "oscillation_cost": 796.1983228939465, "completition_cost": 1000.0, "overshoot_cost": 1622.9085968398358, "power_cost": 58.55283464355469, "noise_cost": 123.44094136931126, "n_waypoints_completed": 0, "tot_waypoints": 9}}
{"target": -7643.451363065354, "params": {"k_pid_pos": [5284.858199295133, 7835.499247960107, 9715.405175161903], "k_pid_alt": [2991.944754514414, 7454.489944778618, 8651.655348395792], "k_pid_att": [5419.926968588623, 4968.221884956297, 4087.006092803569], "k_pid_yaw": [0.5, 1e-06, 0.1], "k_pid_hsp": [5016.910173639703, 5171.907939432405, 1901.816943294371], "k_pid_vsp": [7643.59896386146, 1082.9364371649253, 183.82569517084724]}, "datetime": {"datetime": "2025-08-08 23:29:44", "elapsed": 24016.364537000656, "delta": 36.82966351509094}, "costs": {"total_cost": 7643.451363065354, "time_cost": 150, "final_distance_cost": 1217.5710054409665, "oscillation_cost": 711.6136936801395, "completition_cost": 1000.0, "overshoot_cost": 4367.295084830476, "power_cost": 58.644722961425785, "noise_cost": 138.32685615234516, "n_waypoints_completed": 0, "tot_waypoints": 9}}
{"target": -1274.4786258201796, "params": {"k_pid_pos": [5486.357070272543, 10000.0, 10000.0], "k_pid_alt": [436.02741903273767, 0.0, 6090.047444454684], "k_pid_att": [10000.0, 6175.443123239792, 0.0], "k_pid_yaw": [0.5, 1e-06, 0.1], "k_pid_hsp": [6954.440941256758, 4488.5180519487885, 0.0], "k_pid_vsp": [10000.0, 0.0, 1796.2313977124882]}, "datetime": {"datetime": "2025-08-08 23:30:21", "elapsed": 24052.92058444023, "delta": 36.556047439575195}, "costs": {"total_cost": 1274.4786258201796, "time_cost": 150, "final_distance_cost": 56.86942609225493, "oscillation_cost": 274.465724679964, "completition_cost": 666.6666666666667, "overshoot_cost": 55.95043434161713, "power_cost": 41.46060704345703, "noise_cost": 29.065766996219637, "n_waypoints_completed": 3, "tot_waypoints": 9}}
{"target": -2085.2264456885323, "params": {"k_pid_pos": [7754.758487293662, 2614.3197290251715, 0.0], "k_pid_alt": [10000.0, 795.76554043356, 0.0], "k_pid_att": [5447.146983151941, 750.6872257654682, 0.0], "k_pid_yaw": [0.5, 1e-06, 0.1], "k_pid_hsp": [2321.7487049852202, 0.0, 2490.5978742665707], "k_pid_vsp": [4433.491721916285, 0.0, 3464.354613157073]}, "datetime": {"datetime": "2025-08-08 23:30:58", "elapsed": 24089.973024129868, "delta": 37.05243968963623}, "costs": {"total_cost": 2085.2264456885323, "time_cost": 150, "final_distance_cost": 63.90183766193274, "oscillation_cost": 800.906381586867, "completition_cost": 888.8888888888888, "overshoot_cost": 117.69729187490123, "power_cost": 35.894457177734374, "noise_cost": 27.937588498208058, "n_waypoints_completed": 1, "tot_waypoints": 9}}
{"target": -1566.6617893443652, "params": {"k_pid_pos": [3109.9495468277355, 6492.818680612305, 6900.435056409581], "k_pid_alt": [0.0, 6499.355990256447, 10000.0], "k_pid_att": [10000.0, 6826.305652552672, 1081.1729350811438], "k_pid_yaw": [0.5, 1e-06, 0.1], "k_pid_hsp": [3191.018425104773, 7207.516053340365, 5197.873617634215], "k_pid_vsp": [10000.0, 0.0, 4946.266888024182]}, "datetime": {"datetime": "2025-08-08 23:31:33", "elapsed": 24125.2213807106, "delta": 35.24835658073425}, "costs": {"total_cost": 1566.6617893443652, "time_cost": 150, "final_distance_cost": 80.86714966199803, "oscillation_cost": 137.9020352204115, "completition_cost": 888.8888888888888, "overshoot_cost": 245.2207373236766, "power_cost": 35.962185839843755, "noise_cost": 27.820792409546662, "n_waypoints_completed": 1, "tot_waypoints": 9}}
{"target": -11739.259565112725, "params": {"k_pid_pos": [9072.599036254785, 6679.627037058203, 7557.86079641233], "k_pid_alt": [2359.2607743901895, 3076.7636244893747, 5401.680405761437], "k_pid_att": [4940.4547953095225, 4969.250927025395, 8746.631904417087], "k_pid_yaw": [0.5, 1e-06, 0.1], "k_pid_hsp": [2209.722872026496, 6223.508815842612, 3756.0234759147693], "k_pid_vsp": [1357.171673077061, 1087.6865718679242, 8902.337166683003]}, "datetime": {"datetime": "2025-08-08 23:32:05", "elapsed": 24157.45823740959, "delta": 32.23685669898987}, "costs": {"total_cost": 11739.259565112725, "time_cost": 150, "final_distance_cost": 3333.063665345931, "oscillation_cost": 682.6258606105696, "completition_cost": 1000.0, "overshoot_cost": 6399.318302858884, "power_cost": 55.30623425292969, "noise_cost": 118.9455020444086, "n_waypoints_completed": 0, "tot_waypoints": 9}}
{"target": -773.4873403074467, "params": {"k_pid_pos": [10000.0, 3320.9717855529348, 0.0], "k_pid_alt": [8188.176470345154, 0.0, 5705.727234126189], "k_pid_att": [9996.199778748021, 3078.8836921285124, 0.0], "k_pid_yaw": [0.5, 1e-06, 0.1], "k_pid_hsp": [4512.209740350478, 3595.956572377809, 0.0], "k_pid_vsp": [10000.0, 5554.922543812787, 1084.189337612163]}, "datetime": {"datetime": "2025-08-08 23:32:42", "elapsed": 24193.81818461418, "delta": 36.359947204589844}, "costs": {"total_cost": 773.4873403074467, "time_cost": 150, "final_distance_cost": 57.74980466687542, "oscillation_cost": 307.1156287740179, "completition_cost": 111.11111111111116, "overshoot_cost": 77.5065087202565, "power_cost": 41.23334860839844, "noise_cost": 28.770938426787225, "n_waypoints_completed": 8, "tot_waypoints": 9}}
