{"target": -3598.9803387760676, "params": {"k_pid_pos": [8341.274189299531, 298.6150098616391, 9290.493251427266], "k_pid_alt": [950.7679889444242, 3487.16942868179, 5523.740440708561], "k_pid_att": [9866.09036173261, 7669.172737530877, 9044.521335714166], "k_pid_yaw": [0.5, 1e-06, 0.1], "k_pid_hsp": [1785.0115497025809, 5087.0242056486095, 1017.5539513453946], "k_pid_vsp": [6597.3490291847365, 2842.9484201941423, 8222.085153702177]}, "datetime": {"datetime": "2025-08-09 03:36:17", "elapsed": 38809.42627644539, "delta": 32.687849044799805}, "costs": {"total_cost": 3598.9803387760676, "time_cost": 150, "final_distance_cost": 326.6700938355971, "oscillation_cost": 560.3497296635786, "completition_cost": 1000.0, "overshoot_cost": 1433.5770355458692, "power_cost": 49.934918884277344, "noise_cost": 78.44856084674545, "n_waypoints_completed": 0, "tot_waypoints": 9}}
{"target": -4860.907081496179, "params": {"k_pid_pos": [7059.034200130647, 2714.482121197419, 7658.590079755], "k_pid_alt": [388.334829320649, 9804.028017135191, 2644.6543370502186], "k_pid_att": [6453.117111723023, 6657.239675488542, 7498.13119253032], "k_pid_yaw": [0.5, 1e-06, 0.1], "k_pid_hsp": [1069.1299051553715, 5051.712661707186, 8959.005212115046], "k_pid_vsp": [9732.175376431629, 1903.37184486448, 9511.322730923875]}, "datetime": {"datetime": "2025-08-09 03:36:50", "elapsed": 38841.88329744339, "delta": 32.4570209980011}, "costs": {"total_cost": 4860.907081496179, "time_cost": 150, "final_distance_cost": 635.9442249711275, "oscillation_cost": 917.6731123020801, "completition_cost": 1000.0, "overshoot_cost": 1999.0338713281162, "power_cost": 52.797610937500004, "noise_cost": 105.45826195735467, "n_waypoints_completed": 0, "tot_waypoints": 9}}
{"target": -14471.149869602723, "params": {"k_pid_pos": [7359.360803396378, 4254.416550067683, 8439.740676403457], "k_pid_alt": [6717.896117717897, 1527.629322956765, 6616.713441734933], "k_pid_att": [2000.66049857492, 6550.065122477604, 8579.550946005736], "k_pid_yaw": [0.5, 1e-06, 0.1], "k_pid_hsp": [1981.7947207477182, 6599.137346746564, 9316.74023013681], "k_pid_vsp": [2406.0992838119787, 6467.068285191537, 7516.414045643162]}, "datetime": {"datetime": "2025-08-09 03:37:23", "elapsed": 38874.6594748497, "delta": 32.776177406311035}, "costs": {"total_cost": 14471.149869602723, "time_cost": 150, "final_distance_cost": 3567.7327438009415, "oscillation_cost": 1137.2091734803546, "completition_cost": 1000.0, "overshoot_cost": 8453.846742840107, "power_cost": 53.24283471679688, "noise_cost": 109.1183747645235, "n_waypoints_completed": 0, "tot_waypoints": 9}}
{"target": -4170.955262926742, "params": {"k_pid_pos": [3135.424430219065, 2332.6575410374717, 6865.342959538274], "k_pid_alt": [8945.818039796317, 1643.6904464948266, 6692.846942297769], "k_pid_att": [9250.542856406046, 8509.997215705844, 9547.381307674324], "k_pid_yaw": [0.5, 1e-06, 0.1], "k_pid_hsp": [6530.797065775494, 2588.862123217197, 8082.251271555013], "k_pid_vsp": [3716.3508821252713, 2694.200486899364, 8911.102952933716]}, "datetime": {"datetime": "2025-08-09 03:37:55", "elapsed": 38907.13674235344, "delta": 32.4772675037384}, "costs": {"total_cost": 4170.955262926742, "time_cost": 150, "final_distance_cost": 927.9602862739692, "oscillation_cost": 570.2294810783887, "completition_cost": 1000.0, "overshoot_cost": 1382.299243715396, "power_cost": 49.46614232177735, "noise_cost": 91.00010953721011, "n_waypoints_completed": 0, "tot_waypoints": 9}}
{"target": -3955.323509914692, "params": {"k_pid_pos": [2071.839375940444, 7730.767271567343, 1877.5150298888243], "k_pid_alt": [5358.011920246972, 2559.1192112223102, 2984.688698088447], "k_pid_att": [5398.732206337412, 3023.669697028989, 3412.1252189722227], "k_pid_yaw": [0.5, 1e-06, 0.1], "k_pid_hsp": [5529.130755385345, 343.0969284829033, 3883.250284707789], "k_pid_vsp": [8649.02159553773, 6760.426327437466, 22.621308330599277]}, "datetime": {"datetime": "2025-08-09 03:38:28", "elapsed": 38940.44901180267, "delta": 33.31226944923401}, "costs": {"total_cost": 3955.323509914692, "time_cost": 150, "final_distance_cost": 624.5618594766859, "oscillation_cost": 652.9049734235055, "completition_cost": 1000.0, "overshoot_cost": 1336.9691516098496, "power_cost": 58.682365637207035, "noise_cost": 132.20515976744363, "n_waypoints_completed": 0, "tot_waypoints": 9}}
{"target": -10705.605508693416, "params": {"k_pid_pos": [6142.052840392498, 5728.614769363959, 2824.0748236083336], "k_pid_alt": [6896.820900782036, 141.08018475377128, 8283.388282158261], "k_pid_att": [837.0347237845199, 1268.5558294223376, 4447.755309203459], "k_pid_yaw": [0.5, 1e-06, 0.1], "k_pid_hsp": [231.76323495174844, 1792.5437464673444, 7337.716414770178], "k_pid_vsp": [3125.375198981465, 4249.647518929747, 4415.943174929558]}, "datetime": {"datetime": "2025-08-09 03:39:01", "elapsed": 38972.5892829895, "delta": 32.14027118682861}, "costs": {"total_cost": 10705.605508693416, "time_cost": 150, "final_distance_cost": 2656.149791999302, "oscillation_cost": 473.04867250756837, "completition_cost": 1000.0, "overshoot_cost": 6282.156243783242, "power_cost": 50.56156623535156, "noise_cost": 93.68923416795062, "n_waypoints_completed": 0, "tot_waypoints": 9}}
{"target": -5889.459534235953, "params": {"k_pid_pos": [9264.232825476705, 7230.548471632419, 4388.0940282966285], "k_pid_alt": [8917.744717356283, 4015.3475282583727, 3667.4643943109495], "k_pid_att": [247.6654588541427, 7465.287611740157, 9073.897423449722], "k_pid_yaw": [0.5, 1e-06, 0.1], "k_pid_hsp": [4118.808972188804, 7749.813364917522, 970.6796634468307], "k_pid_vsp": [2967.9425839445507, 3620.626647287619, 7384.022133206363]}, "datetime": {"datetime": "2025-08-09 03:39:33", "elapsed": 39004.86537909508, "delta": 32.27609610557556}, "costs": {"total_cost": 5889.459534235953, "time_cost": 150, "final_distance_cost": 629.2761894512591, "oscillation_cost": 1203.1133589870835, "completition_cost": 1000.0, "overshoot_cost": 2734.590652156128, "power_cost": 55.05457976074219, "noise_cost": 117.42475388073949, "n_waypoints_completed": 0, "tot_waypoints": 9}}
{"target": -11764.901909557157, "params": {"k_pid_pos": [1622.8297099604006, 150.96636282254104, 946.6921746316436], "k_pid_alt": [3794.912605279156, 3292.608780259949, 6110.940490695585], "k_pid_att": [5207.693932761435, 891.1324656255537, 9144.904140661858], "k_pid_yaw": [0.5, 1e-06, 0.1], "k_pid_hsp": [2599.843881644881, 278.7533886778415, 3746.724497430904], "k_pid_vsp": [3985.8963373587885, 8655.2794707162, 8070.65310812234]}, "datetime": {"datetime": "2025-08-09 03:40:05", "elapsed": 39037.19282436371, "delta": 32.32744526863098}, "costs": {"total_cost": 11764.901909557157, "time_cost": 150, "final_distance_cost": 3216.2458962721043, "oscillation_cost": 23.56975750446049, "completition_cost": 1000.0, "overshoot_cost": 7311.887475673446, "power_cost": 35.39351364746094, "noise_cost": 27.80526645968609, "n_waypoints_completed": 0, "tot_waypoints": 9}}
{"target": -4771.485275646982, "params": {"k_pid_pos": [5493.42075559247, 5916.318261289782, 1716.8861368318799], "k_pid_alt": [899.075237588336, 8788.678709652142, 5148.149020513143], "k_pid_att": [5029.038607782434, 4851.046059412356, 5534.552647838142], "k_pid_yaw": [0.5, 1e-06, 0.1], "k_pid_hsp": [7224.1301350566255, 2972.670991462839, 1671.4977600133218], "k_pid_vsp": [9788.961394222439, 4374.09097286241, 3125.305549521955]}, "datetime": {"datetime": "2025-08-09 03:40:38", "elapsed": 39069.53652596474, "delta": 32.34370160102844}, "costs": {"total_cost": 4771.485275646982, "time_cost": 150, "final_distance_cost": 668.9398902814091, "oscillation_cost": 799.901709477595, "completition_cost": 1000.0, "overshoot_cost": 1954.57640700745, "power_cost": 58.62779875488282, "noise_cost": 139.43947012564487, "n_waypoints_completed": 0, "tot_waypoints": 9}}
{"target": -23469.89358725073, "params": {"k_pid_pos": [684.9432468722216, 5424.662317488241, 3274.3357913036753], "k_pid_alt": [2044.6284335785447, 3259.8543154208705, 7194.351591672006], "k_pid_att": [19.179374359306056, 1079.8333784737856, 6360.281859948022], "k_pid_yaw": [0.5, 1e-06, 0.1], "k_pid_hsp": [62.3016997640069, 4244.772364938305, 8940.769083785051], "k_pid_vsp": [7022.21886747097, 948.3094054086627, 9494.921983607383]}, "datetime": {"datetime": "2025-08-09 03:41:10", "elapsed": 39102.256480932236, "delta": 32.71995496749878}, "costs": {"total_cost": 23469.89358725073, "time_cost": 150, "final_distance_cost": 3961.447848570921, "oscillation_cost": 780.6393654206308, "completition_cost": 1000.0, "overshoot_cost": 17379.60549597233, "power_cost": 58.484315942382814, "noise_cost": 139.71656134446823, "n_waypoints_completed": 0, "tot_waypoints": 9}}
{"target": -8996.849103250071, "params": {"k_pid_pos": [2432.0257122017742, 8474.249192114665, 6545.060958746607], "k_pid_alt": [5929.398408736664, 5119.129532762012, 1404.9954101175333], "k_pid_att": [701.0354728497036, 1845.6579574100595, 519.3600373549856], "k_pid_yaw": [0.5, 1e-06, 0.1], "k_pid_hsp": [2377.3186895069407, 6122.145937595854, 851.1996561339519], "k_pid_vsp": [1312.3101312540841, 374.1372465307713, 9391.579419494497]}, "datetime": {"datetime": "2025-08-09 03:41:43", "elapsed": 39135.419887542725, "delta": 33.16340661048889}, "costs": {"total_cost": 8996.849103250071, "time_cost": 150, "final_distance_cost": 2791.8048678672762, "oscillation_cost": 1324.7818737163745, "completition_cost": 1000.0, "overshoot_cost": 3549.9064763463766, "power_cost": 56.311009191894534, "noise_cost": 124.04487612814906, "n_waypoints_completed": 0, "tot_waypoints": 9}}
{"target": -1476.2752360157037, "params": {"k_pid_pos": [6459.179778190936, 10000.0, 2836.9310227538886], "k_pid_alt": [0.0, 8126.055330182848, 5792.545994045563], "k_pid_att": [8082.8819294265395, 3899.3240695510403, 0.0], "k_pid_yaw": [0.5, 1e-06, 0.1], "k_pid_hsp": [9156.782366922704, 2543.9127998909453, 1443.0366704556511], "k_pid_vsp": [10000.0, 7860.13005371929, 1881.3201470114666]}, "datetime": {"datetime": "2025-08-09 03:42:28", "elapsed": 39180.12246608734, "delta": 44.7025785446167}, "costs": {"total_cost": 1476.2752360157037, "time_cost": 150, "final_distance_cost": 106.11191337950306, "oscillation_cost": 288.6436620287616, "completition_cost": 777.7777777777778, "overshoot_cost": 83.49029530536666, "power_cost": 41.38552470703125, "noise_cost": 28.866062817263522, "n_waypoints_completed": 2, "tot_waypoints": 9}}
{"target": -790.6483659557535, "params": {"k_pid_pos": [6532.897301058926, 4652.8667148998065, 5307.098663782345], "k_pid_alt": [5004.509728607771, 0.0, 4824.679332123493], "k_pid_att": [7619.007803255751, 5228.7414466054925, 0.0], "k_pid_yaw": [0.5, 1e-06, 0.1], "k_pid_hsp": [10000.0, 10000.0, 2695.2324373458564], "k_pid_vsp": [4421.719029505099, 0.0, 10000.0]}, "datetime": {"datetime": "2025-08-09 03:43:10", "elapsed": 39222.00287389755, "delta": 41.88040781021118}, "costs": {"total_cost": 790.6483659557535, "time_cost": 150, "final_distance_cost": 76.44058492484255, "oscillation_cost": 185.7361484574069, "completition_cost": 222.2222222222222, "overshoot_cost": 83.76045856084727, "power_cost": 42.486463342285155, "noise_cost": 30.00248844814955, "n_waypoints_completed": 7, "tot_waypoints": 9}}
{"target": -6162.85753681944, "params": {"k_pid_pos": [3977.3591655264063, 8711.841037355405, 3996.8191859892977], "k_pid_alt": [7305.123138356161, 7095.427692708757, 9262.75979179821], "k_pid_att": [3140.5254091209076, 2539.438534600973, 1663.620034697153], "k_pid_yaw": [0.5, 1e-06, 0.1], "k_pid_hsp": [2600.017883788671, 3703.6343347967813, 5729.311212973513], "k_pid_vsp": [2447.2729369617095, 4261.605256678219, 8271.777608644743]}, "datetime": {"datetime": "2025-08-09 03:43:42", "elapsed": 39254.07662940025, "delta": 32.073755502700806}, "costs": {"total_cost": 6162.85753681944, "time_cost": 150, "final_distance_cost": 1214.501604178863, "oscillation_cost": 240.48904876503715, "completition_cost": 1000.0, "overshoot_cost": 3458.5460915879025, "power_cost": 45.137429223632815, "noise_cost": 54.18336306400362, "n_waypoints_completed": 0, "tot_waypoints": 9}}
{"target": -718.5403121384901, "params": {"k_pid_pos": [5799.5633654284575, 2548.267386493008, 0.0], "k_pid_alt": [8420.911900107527, 0.0, 10000.0], "k_pid_att": [7580.716109582175, 0.0, 0.0], "k_pid_yaw": [0.5, 1e-06, 0.1], "k_pid_hsp": [7317.1383894430855, 8711.416619542928, 4251.867755833145], "k_pid_vsp": [7443.855648593562, 5629.800834890568, 1007.7790194703297]}, "datetime": {"datetime": "2025-08-09 03:44:25", "elapsed": 39296.81390500069, "delta": 42.73727560043335}, "costs": {"total_cost": 718.5403121384901, "time_cost": 150, "final_distance_cost": 17.73966560916417, "oscillation_cost": 265.402390455453, "completition_cost": 111.11111111111116, "overshoot_cost": 102.95432177403009, "power_cost": 40.86364597167969, "noise_cost": 30.469177217051943, "n_waypoints_completed": 8, "tot_waypoints": 9}}
{"target": -2660.682145680483, "params": {"k_pid_pos": [8401.253503943597, 3552.4174275982577, 9208.962514061506], "k_pid_alt": [6746.611651097178, 5551.156549300297, 8155.133619897906], "k_pid_att": [9490.72850200127, 4636.692126627095, 3245.5735140051556], "k_pid_yaw": [0.5, 1e-06, 0.1], "k_pid_hsp": [5689.540361126929, 1717.3565595398277, 499.59894471579446], "k_pid_vsp": [6263.072139560898, 9430.690865896066, 3714.076685532134]}, "datetime": {"datetime": "2025-08-09 03:44:57", "elapsed": 39328.795167684555, "delta": 31.981262683868408}, "costs": {"total_cost": 2660.682145680483, "time_cost": 150, "final_distance_cost": 312.81737211736316, "oscillation_cost": 259.6586307310053, "completition_cost": 1000.0, "overshoot_cost": 843.2296046447725, "power_cost": 43.909084655761724, "noise_cost": 51.0674535315801, "n_waypoints_completed": 0, "tot_waypoints": 9}}
{"target": -8396.2408514441, "params": {"k_pid_pos": [5877.56391836146, 6708.446604393506, 7258.233323179583], "k_pid_alt": [1733.9185641490828, 3772.479938130615, 4815.649107501859], "k_pid_att": [899.351589268097, 4225.496905913525, 8166.84823850753], "k_pid_yaw": [0.5, 1e-06, 0.1], "k_pid_hsp": [3248.6904795836767, 4699.6091713015885, 6631.140160131867], "k_pid_vsp": [2675.467713236256, 5221.574392407431, 8341.642375791886]}, "datetime": {"datetime": "2025-08-09 03:45:28", "elapsed": 39360.257294893265, "delta": 31.462127208709717}, "costs": {"total_cost": 8396.2408514441, "time_cost": 150, "final_distance_cost": 2124.295149191684, "oscillation_cost": 817.6983667592608, "completition_cost": 1000.0, "overshoot_cost": 4145.820377072877, "power_cost": 53.16554461669922, "noise_cost": 105.26141380357818, "n_waypoints_completed": 0, "tot_waypoints": 9}}
{"target": -1225.0754604002113, "params": {"k_pid_pos": [5410.239222842587, 4999.410688526271, 0.0], "k_pid_alt": [0.0, 3436.9047492067443, 4308.877057157176], "k_pid_att": [6870.718967796231, 3716.969101668585, 0.0], "k_pid_yaw": [0.5, 1e-06, 0.1], "k_pid_hsp": [8341.062527480372, 5743.041453976507, 987.5676351358427], "k_pid_vsp": [10000.0, 2713.1224886463565, 3103.4407240407954]}, "datetime": {"datetime": "2025-08-09 03:46:09", "elapsed": 39400.977422237396, "delta": 40.72012734413147}, "costs": {"total_cost": 1225.0754604002113, "time_cost": 150, "final_distance_cost": 53.92686731591994, "oscillation_cost": 204.76660624222055, "completition_cost": 666.6666666666667, "overshoot_cost": 76.77247822239713, "power_cost": 41.47803934326172, "noise_cost": 31.464802609745053, "n_waypoints_completed": 3, "tot_waypoints": 9}}
{"target": -2148.0496394688416, "params": {"k_pid_pos": [3350.0281636543396, 5498.060970511834, 2725.2451541830665], "k_pid_alt": [0.0, 9158.131663322514, 10000.0], "k_pid_att": [10000.0, 9281.380273816127, 2207.2083112322707], "k_pid_yaw": [0.5, 1e-06, 0.1], "k_pid_hsp": [9048.48497071465, 0.0, 2971.2421191616563], "k_pid_vsp": [10000.0, 4267.903140158116, 6477.140643649156]}, "datetime": {"datetime": "2025-08-09 03:46:50", "elapsed": 39441.84498000145, "delta": 40.867557764053345}, "costs": {"total_cost": 2148.0496394688416, "time_cost": 150, "final_distance_cost": 60.8714903540689, "oscillation_cost": 487.7555682152523, "completition_cost": 1000.0, "overshoot_cost": 331.04322533921527, "power_cost": 57.833101684570316, "noise_cost": 60.54625387573491, "n_waypoints_completed": 0, "tot_waypoints": 9}}
{"target": -9763.208270266754, "params": {"k_pid_pos": [12.341932079028561, 9892.903127069398, 6771.781437675029], "k_pid_alt": [2879.179594789373, 8012.373345679606, 9438.562439556516], "k_pid_att": [8748.604771400045, 4710.569574841052, 9719.066681583192], "k_pid_yaw": [0.5, 1e-06, 0.1], "k_pid_hsp": [49.32571645402728, 522.8042542413747, 7772.9539467947425], "k_pid_vsp": [9804.623031834106, 7776.451689484998, 8951.879434240727]}, "datetime": {"datetime": "2025-08-09 03:47:22", "elapsed": 39474.173744916916, "delta": 32.32876491546631}, "costs": {"total_cost": 9763.208270266754, "time_cost": 150, "final_distance_cost": 2938.161835958846, "oscillation_cost": 468.17499347115285, "completition_cost": 1000.0, "overshoot_cost": 5063.510928428539, "power_cost": 51.473396435546874, "noise_cost": 91.8871159726689, "n_waypoints_completed": 0, "tot_waypoints": 9}}
{"target": -1102.2784698614116, "params": {"k_pid_pos": [3362.7539622473005, 0.0, 221.57785348823418], "k_pid_alt": [4330.131371952783, 2210.4828661267647, 10000.0], "k_pid_att": [7403.1002372202865, 3743.6924297847386, 0.0], "k_pid_yaw": [0.5, 1e-06, 0.1], "k_pid_hsp": [5483.532043591139, 4391.386276129861, 3719.3173766139994], "k_pid_vsp": [2897.593190367047, 4141.311204251486, 6636.476346569866]}, "datetime": {"datetime": "2025-08-09 03:48:06", "elapsed": 39518.05484342575, "delta": 43.88109850883484}, "costs": {"total_cost": 1102.2784698614116, "time_cost": 150, "final_distance_cost": 43.797667931330395, "oscillation_cost": 208.78877923269104, "completition_cost": 555.5555555555555, "overshoot_cost": 71.67562152975981, "power_cost": 42.40425020751953, "noise_cost": 30.056595404555292, "n_waypoints_completed": 4, "tot_waypoints": 9}}
{"target": -935.4359167275587, "params": {"k_pid_pos": [10000.0, 10000.0, 10000.0], "k_pid_alt": [1293.5356792805098, 0.0, 2027.325574619783], "k_pid_att": [8175.33365098829, 3554.7099213309994, 0.0], "k_pid_yaw": [0.5, 1e-06, 0.1], "k_pid_hsp": [7360.088509179868, 4988.226218797437, 5708.401322704976], "k_pid_vsp": [0.0, 10000.0, 8673.112367919914]}, "datetime": {"datetime": "2025-08-09 03:48:47", "elapsed": 39558.59359240532, "delta": 40.53874897956848}, "costs": {"total_cost": 935.4359167275587, "time_cost": 150, "final_distance_cost": 69.2198192882037, "oscillation_cost": 343.8187638274788, "completition_cost": 222.2222222222222, "overshoot_cost": 81.37934841823399, "power_cost": 39.74307432861328, "noise_cost": 29.05268864280672, "n_waypoints_completed": 7, "tot_waypoints": 9}}
{"target": -1678.7706563216082, "params": {"k_pid_pos": [1580.2579378511416, 5258.979904423046, 1563.5772283636618], "k_pid_alt": [1671.8174213623827, 9568.507532561734, 9906.873867826393], "k_pid_att": [2083.182581764401, 7094.22208730154, 55.395070202417514], "k_pid_yaw": [0.5, 1e-06, 0.1], "k_pid_hsp": [7130.826341937357, 8427.567996227493, 8967.131274451805], "k_pid_vsp": [3422.70251352213, 146.81965167547384, 2131.2308817710814]}, "datetime": {"datetime": "2025-08-09 03:49:18", "elapsed": 39590.49155330658, "delta": 31.897960901260376}, "costs": {"total_cost": 1678.7706563216082, "time_cost": 150, "final_distance_cost": 93.8135486425896, "oscillation_cost": 363.80066664968155, "completition_cost": 888.8888888888888, "overshoot_cost": 117.62713349859547, "power_cost": 36.67939899902344, "noise_cost": 27.961019642829275, "n_waypoints_completed": 1, "tot_waypoints": 9}}
{"target": -8114.089198035628, "params": {"k_pid_pos": [9661.827270367512, 672.2368886486906, 1917.6292633622172], "k_pid_alt": [3285.1311861547815, 1615.7686826832728, 5251.720409937551], "k_pid_att": [1492.1884756016202, 6337.294923874457, 8484.477463371379], "k_pid_yaw": [0.5, 1e-06, 0.1], "k_pid_hsp": [6515.695230793544, 8477.008633433217, 9224.569755769728], "k_pid_vsp": [5691.238825955875, 9896.891944621662, 4693.4808353438175]}, "datetime": {"datetime": "2025-08-09 03:49:51", "elapsed": 39623.13134741783, "delta": 32.63979411125183}, "costs": {"total_cost": 8114.089198035628, "time_cost": 150, "final_distance_cost": 2133.484519799656, "oscillation_cost": 1569.5977564079044, "completition_cost": 1000.0, "overshoot_cost": 3061.3198968605357, "power_cost": 58.62139366455079, "noise_cost": 141.06563130298133, "n_waypoints_completed": 0, "tot_waypoints": 9}}
{"target": -11159.904279189699, "params": {"k_pid_pos": [3731.954042639023, 6904.216335329724, 2557.742236071859], "k_pid_alt": [6651.322345630371, 8322.326114909487, 6103.148417181093], "k_pid_att": [5683.315089068822, 1193.597520414964, 9567.640855052643], "k_pid_yaw": [0.5, 1e-06, 0.1], "k_pid_hsp": [7059.36765893853, 3614.5497582362727, 7600.1472003491735], "k_pid_vsp": [2320.9281485875313, 8498.633734671108, 5273.7669661236]}, "datetime": {"datetime": "2025-08-09 03:50:23", "elapsed": 39654.647326231, "delta": 31.515978813171387}, "costs": {"total_cost": 11159.904279189699, "time_cost": 150, "final_distance_cost": 3027.234370581438, "oscillation_cost": 23.420261430737906, "completition_cost": 1000.0, "overshoot_cost": 6896.049824656801, "power_cost": 35.39351364746094, "noise_cost": 27.806308873262232, "n_waypoints_completed": 0, "tot_waypoints": 9}}
