{"target": -1447.7485380586795, "params": {"k_pid_pos": [9931.91574890629, 10000.0, 10000.0], "k_pid_alt": [2450.985719045906, 0.0, 2123.672432191138], "k_pid_att": [9469.154270447161, 3084.9729806114815, 0.0], "k_pid_yaw": [0.5, 1e-06, 0.1], "k_pid_hsp": [2580.884443154415, 10000.0, 6988.680175468296], "k_pid_vsp": [6206.224050536247, 7069.852804280325, 1836.328020690698]}, "datetime": {"datetime": "2025-08-09 13:04:07", "elapsed": 72878.54614210129, "delta": 61.72365951538086}, "costs": {"total_cost": 1447.7485380586795, "time_cost": 150, "final_distance_cost": 57.69903836458212, "oscillation_cost": 516.490768963134, "completition_cost": 555.5555555555555, "overshoot_cost": 102.01006144882416, "power_cost": 37.81986918945313, "noise_cost": 28.173244537130312, "n_waypoints_completed": 4, "tot_waypoints": 9}}
{"target": -1599.895680322023, "params": {"k_pid_pos": [0.0, 7139.056628652715, 10000.0], "k_pid_alt": [5383.818448831291, 7768.3091647079655, 8628.298853945533], "k_pid_att": [9688.759624494636, 10000.0, 0.0], "k_pid_yaw": [0.5, 1e-06, 0.1], "k_pid_hsp": [5453.103163482407, 3395.970826805505, 0.0], "k_pid_vsp": [3197.6601623616407, 10000.0, 8618.111043450122]}, "datetime": {"datetime": "2025-08-09 13:05:04", "elapsed": 72936.27796649933, "delta": 57.73182439804077}, "costs": {"total_cost": 1599.895680322023, "time_cost": 150, "final_distance_cost": 29.71635506876161, "oscillation_cost": 298.4344867438116, "completition_cost": 1000.0, "overshoot_cost": 53.04180734741713, "power_cost": 39.98858508300781, "noise_cost": 28.71444607902509, "n_waypoints_completed": 0, "tot_waypoints": 9}}
{"target": -3738.6674906296694, "params": {"k_pid_pos": [1465.5066475261635, 5033.040849642062, 897.2263929442037], "k_pid_alt": [6695.390142183881, 397.9410498584124, 5136.772460623304], "k_pid_att": [5457.569848552336, 7097.114993968408, 6485.134566380787], "k_pid_yaw": [0.5, 1e-06, 0.1], "k_pid_hsp": [319.4387870798887, 4988.32178519261, 9108.204873036178], "k_pid_vsp": [2551.11262571605, 5484.840991011573, 9011.738952366486]}, "datetime": {"datetime": "2025-08-09 13:05:40", "elapsed": 72972.19832539558, "delta": 35.92035889625549}, "costs": {"total_cost": 3738.6674906296694, "time_cost": 150, "final_distance_cost": 422.3762221257317, "oscillation_cost": 854.0135374883263, "completition_cost": 1000.0, "overshoot_cost": 1137.291725664516, "power_cost": 54.643368786621096, "noise_cost": 120.34263656447456, "n_waypoints_completed": 0, "tot_waypoints": 9}}
{"target": -1441.5188513816613, "params": {"k_pid_pos": [10000.0, 10000.0, 0.0], "k_pid_alt": [4847.5723826183075, 3096.668069113626, 6691.739661898568], "k_pid_att": [10000.0, 5032.836325128487, 0.0], "k_pid_yaw": [0.5, 1e-06, 0.1], "k_pid_hsp": [1826.9486332310541, 2651.5352886640717, 0.0], "k_pid_vsp": [0.0, 10000.0, 9060.51081018735]}, "datetime": {"datetime": "2025-08-09 13:06:42", "elapsed": 73034.35701465607, "delta": 62.15868926048279}, "costs": {"total_cost": 1441.5188513816613, "time_cost": 150, "final_distance_cost": 85.5028801758495, "oscillation_cost": 288.8573917447516, "completition_cost": 777.7777777777778, "overshoot_cost": 66.29314150553456, "power_cost": 43.24628035888672, "noise_cost": 29.841379818861288, "n_waypoints_completed": 2, "tot_waypoints": 9}}
{"target": -2772.1515755707974, "params": {"k_pid_pos": [8017.707048178026, 8806.089970205905, 5432.938086310214], "k_pid_alt": [1612.8463221103339, 7612.094876232674, 4922.698290965954], "k_pid_att": [5754.390004301201, 7069.83997057196, 2066.4192775119727], "k_pid_yaw": [0.5, 1e-06, 0.1], "k_pid_hsp": [2611.5185193727007, 3333.1248826889705, 3583.241108274751], "k_pid_vsp": [8185.731786481687, 1178.7007131637795, 2983.6746694196804]}, "datetime": {"datetime": "2025-08-09 13:07:19", "elapsed": 73070.86189436913, "delta": 36.50487971305847}, "costs": {"total_cost": 2772.1515755707974, "time_cost": 150, "final_distance_cost": 313.91568646299265, "oscillation_cost": 294.5832837794098, "completition_cost": 1000.0, "overshoot_cost": 918.744287076392, "power_cost": 46.5907867553711, "noise_cost": 48.31753149663215, "n_waypoints_completed": 0, "tot_waypoints": 9}}
{"target": -3639.8134160841837, "params": {"k_pid_pos": [0.0, 8253.006328120411, 2963.233639618762], "k_pid_alt": [10000.0, 0.0, 3029.3672024271264], "k_pid_att": [10000.0, 7024.184765330289, 3641.303188593614], "k_pid_yaw": [0.5, 1e-06, 0.1], "k_pid_hsp": [2242.506440177305, 5644.876513063628, 9999.999498523935], "k_pid_vsp": [2357.965389300228, 5312.849344308541, 7877.845147873276]}, "datetime": {"datetime": "2025-08-09 13:08:16", "elapsed": 73128.28670954704, "delta": 57.42481517791748}, "costs": {"total_cost": 3639.8134160841837, "time_cost": 150, "final_distance_cost": 637.2985540841532, "oscillation_cost": 61.60718841327203, "completition_cost": 1000.0, "overshoot_cost": 1727.9366551849453, "power_cost": 35.211271826171874, "noise_cost": 27.759746575641007, "n_waypoints_completed": 0, "tot_waypoints": 9}}
{"target": -7912.842675203246, "params": {"k_pid_pos": [9478.916201443575, 5031.575767836196, 6523.22941797974], "k_pid_alt": [7042.931859776973, 5337.1085966638575, 6530.661367116786], "k_pid_att": [5237.920269914253, 9929.778269656252, 6025.023694916594], "k_pid_yaw": [0.5, 1e-06, 0.1], "k_pid_hsp": [749.3977339839774, 9680.211993331788, 4296.203382482265], "k_pid_vsp": [291.01335985295293, 9005.847456523134, 5616.267242045801]}, "datetime": {"datetime": "2025-08-09 13:08:53", "elapsed": 73165.24262309074, "delta": 36.95591354370117}, "costs": {"total_cost": 7912.842675203246, "time_cost": 150, "final_distance_cost": 1810.858403964318, "oscillation_cost": 1065.3193497392658, "completition_cost": 1000.0, "overshoot_cost": 3703.207624994116, "power_cost": 56.22160270996094, "noise_cost": 127.23569379558504, "n_waypoints_completed": 0, "tot_waypoints": 9}}
{"target": -12628.515333999158, "params": {"k_pid_pos": [182.54623432617524, 4864.887797309414, 9288.177577357885], "k_pid_alt": [5421.174934723767, 4602.163258199714, 8594.982587224327], "k_pid_att": [3266.1047161975353, 5939.061624681206, 8827.959449735485], "k_pid_yaw": [0.5, 1e-06, 0.1], "k_pid_hsp": [4345.054183881795, 751.0810089875042, 1922.8304682342311], "k_pid_vsp": [8419.460892219142, 3920.5456871558795, 6920.295868864685]}, "datetime": {"datetime": "2025-08-09 13:09:30", "elapsed": 73201.5376021862, "delta": 36.294979095458984}, "costs": {"total_cost": 12628.515333999158, "time_cost": 150, "final_distance_cost": 3781.408938052134, "oscillation_cost": 1239.9334090297293, "completition_cost": 1000.0, "overshoot_cost": 6256.205707418885, "power_cost": 58.655808715820314, "noise_cost": 142.3114707825877, "n_waypoints_completed": 0, "tot_waypoints": 9}}
{"target": -1263.208571313779, "params": {"k_pid_pos": [759.3781863099753, 10000.0, 5432.676258272163], "k_pid_alt": [4629.188946012036, 0.0, 1194.1306503615197], "k_pid_att": [2059.831694890116, 0.0, 0.0], "k_pid_yaw": [0.5, 1e-06, 0.1], "k_pid_hsp": [5688.388582321599, 2249.9091611525805, 3434.065155031998], "k_pid_vsp": [10000.0, 3236.5498369179545, 0.0]}, "datetime": {"datetime": "2025-08-09 13:10:32", "elapsed": 73263.63959407806, "delta": 62.10199189186096}, "costs": {"total_cost": 1263.208571313779, "time_cost": 150, "final_distance_cost": 62.31874281377856, "oscillation_cost": 351.0384197888356, "completition_cost": 555.5555555555555, "overshoot_cost": 76.73723826973927, "power_cost": 39.15449022216797, "noise_cost": 28.404124663701843, "n_waypoints_completed": 4, "tot_waypoints": 9}}
{"target": -2334.1034297155734, "params": {"k_pid_pos": [0.0, 3604.8379598846564, 8485.868180323243], "k_pid_alt": [10000.0, 6675.704554737404, 7789.222215036989], "k_pid_att": [10000.0, 3975.9367160563124, 0.0], "k_pid_yaw": [0.5, 1e-06, 0.1], "k_pid_hsp": [5658.605893632845, 0.0, 0.0], "k_pid_vsp": [0.0, 9498.201717495791, 8940.458118525965]}, "datetime": {"datetime": "2025-08-09 13:11:38", "elapsed": 73330.29405498505, "delta": 66.65446090698242}, "costs": {"total_cost": 2334.1034297155734, "time_cost": 150, "final_distance_cost": 212.20524014042704, "oscillation_cost": 445.4226946156369, "completition_cost": 1000.0, "overshoot_cost": 462.58315663381956, "power_cost": 35.73388405761719, "noise_cost": 28.15845426807245, "n_waypoints_completed": 0, "tot_waypoints": 9}}
{"target": -5675.435305886123, "params": {"k_pid_pos": [7563.0029946661125, 1767.0971553059878, 6411.798325018947], "k_pid_alt": [9040.548778058846, 3789.7964301007005, 5185.270102370146], "k_pid_att": [7597.354160461413, 819.3992240174186, 2753.9055921367208], "k_pid_yaw": [0.5, 1e-06, 0.1], "k_pid_hsp": [9490.680181650723, 2508.8959711588464, 8391.378722311289], "k_pid_vsp": [6155.9046107605645, 4900.9645065434515, 9038.74427454172]}, "datetime": {"datetime": "2025-08-09 13:12:15", "elapsed": 73366.98998785019, "delta": 36.69593286514282}, "costs": {"total_cost": 5675.435305886123, "time_cost": 150, "final_distance_cost": 1205.4704054174124, "oscillation_cost": 27.473743911963105, "completition_cost": 1000.0, "overshoot_cost": 3229.3771979933913, "power_cost": 35.32192479248047, "noise_cost": 27.79203377087661, "n_waypoints_completed": 0, "tot_waypoints": 9}}
{"target": -1398.928679201831, "params": {"k_pid_pos": [0.0, 10000.0, 10000.0], "k_pid_alt": [9551.46271016791, 6390.734402106988, 6619.072813133843], "k_pid_att": [6114.507462779057, 0.0, 0.0], "k_pid_yaw": [0.5, 1e-06, 0.1], "k_pid_hsp": [7443.542662708279, 10000.0, 4413.860763654618], "k_pid_vsp": [5268.837635828173, 10000.0, 10000.0]}, "datetime": {"datetime": "2025-08-09 13:13:12", "elapsed": 73424.03573083878, "delta": 57.045742988586426}, "costs": {"total_cost": 1398.928679201831, "time_cost": 150, "final_distance_cost": 59.092344778927185, "oscillation_cost": 355.23213883714135, "completition_cost": 666.6666666666667, "overshoot_cost": 99.61387269599953, "power_cost": 39.70102010498047, "noise_cost": 28.622636118115686, "n_waypoints_completed": 3, "tot_waypoints": 9}}
{"target": -4583.645838849118, "params": {"k_pid_pos": [8197.856681554886, 5073.459145168033, 8013.554799615651], "k_pid_alt": [7417.602987806639, 1556.1865243549778, 8809.109038784014], "k_pid_att": [6583.3910712570305, 1227.0867849391987, 8938.675230889525], "k_pid_yaw": [0.5, 1e-06, 0.1], "k_pid_hsp": [906.109751113242, 9412.00558598752, 6727.837451658402], "k_pid_vsp": [7991.186564342093, 6925.415410311038, 6686.519870821615]}, "datetime": {"datetime": "2025-08-09 13:13:48", "elapsed": 73460.29345750809, "delta": 36.25772666931152}, "costs": {"total_cost": 4583.645838849118, "time_cost": 150, "final_distance_cost": 810.5610832091403, "oscillation_cost": 730.4977500447028, "completition_cost": 1000.0, "overshoot_cost": 1712.8606765817333, "power_cost": 58.55283464355469, "noise_cost": 121.17349436998636, "n_waypoints_completed": 0, "tot_waypoints": 9}}
{"target": -4447.306528431414, "params": {"k_pid_pos": [1301.3531099720444, 8268.111809960992, 4418.360158968283], "k_pid_alt": [8666.6469936166, 8901.943122824605, 7745.015795564982], "k_pid_att": [6478.269071723563, 6194.662669849621, 8105.961806746971], "k_pid_yaw": [0.5, 1e-06, 0.1], "k_pid_hsp": [4116.6460676757215, 4050.814666606234, 745.0593174005616], "k_pid_vsp": [5722.706335205472, 3879.907479550756, 8697.84075268282]}, "datetime": {"datetime": "2025-08-09 13:14:25", "elapsed": 73496.52641510963, "delta": 36.23295760154724}, "costs": {"total_cost": 4447.306528431414, "time_cost": 150, "final_distance_cost": 679.6718962311612, "oscillation_cost": 929.0511447299539, "completition_cost": 1000.0, "overshoot_cost": 1539.0375390164882, "power_cost": 50.95611701660157, "noise_cost": 98.58983143721024, "n_waypoints_completed": 0, "tot_waypoints": 9}}
{"target": -6398.787607012393, "params": {"k_pid_pos": [4621.631428443008, 2775.709562165747, 6096.427254259792], "k_pid_alt": [4926.153746829475, 700.3191327884084, 6323.091977794586], "k_pid_att": [6886.504550515748, 4929.575351208651, 7451.265566061992], "k_pid_yaw": [0.5, 1e-06, 0.1], "k_pid_hsp": [9343.988254094544, 4713.964259650509, 6928.657891354549], "k_pid_vsp": [4214.942272294331, 7644.317742677871, 751.9916821712136]}, "datetime": {"datetime": "2025-08-09 13:15:01", "elapsed": 73532.78263115883, "delta": 36.256216049194336}, "costs": {"total_cost": 6398.787607012393, "time_cost": 150, "final_distance_cost": 1497.9180938028583, "oscillation_cost": 853.495792862101, "completition_cost": 1000.0, "overshoot_cost": 2696.4188736693563, "power_cost": 58.621844055175785, "noise_cost": 142.33300262290257, "n_waypoints_completed": 0, "tot_waypoints": 9}}
{"target": -6208.583092784263, "params": {"k_pid_pos": [3283.050740559251, 1960.3313229229313, 8451.91867119662], "k_pid_alt": [458.5526205083301, 1237.0932135405044, 1974.781798749804], "k_pid_att": [2240.678963925542, 2747.5051849013266, 2807.0025419672206], "k_pid_yaw": [0.5, 1e-06, 0.1], "k_pid_hsp": [9689.84661937544, 2746.715522854243, 317.0381010453938], "k_pid_vsp": [2887.5291674803707, 1323.4083186060886, 273.26472096632193]}, "datetime": {"datetime": "2025-08-09 13:15:36", "elapsed": 73568.50930166245, "delta": 35.72667050361633}, "costs": {"total_cost": 6208.583092784263, "time_cost": 150, "final_distance_cost": 1506.5173006022865, "oscillation_cost": 1268.997875385349, "completition_cost": 1000.0, "overshoot_cost": 2082.7510392126424, "power_cost": 58.65633958740235, "noise_cost": 141.66053799658198, "n_waypoints_completed": 0, "tot_waypoints": 9}}
{"target": -9226.694152795444, "params": {"k_pid_pos": [3845.7885544539063, 1598.949207347188, 4624.713880391718], "k_pid_alt": [2150.8823960304258, 7816.076576194008, 3124.578268302969], "k_pid_att": [3896.9949474985933, 2918.7136160895034, 4179.115188731897], "k_pid_yaw": [0.5, 1e-06, 0.1], "k_pid_hsp": [5690.571586150845, 9889.452876782503, 1054.8690073158073], "k_pid_vsp": [9429.632213530549, 1811.3761356294112, 5109.463312126252]}, "datetime": {"datetime": "2025-08-09 13:16:13", "elapsed": 73604.9396803379, "delta": 36.430378675460815}, "costs": {"total_cost": 9226.694152795444, "time_cost": 150, "final_distance_cost": 1986.2367866947034, "oscillation_cost": 1087.4536022231034, "completition_cost": 1000.0, "overshoot_cost": 4802.174147478767, "power_cost": 58.6925568359375, "noise_cost": 142.1370595629326, "n_waypoints_completed": 0, "tot_waypoints": 9}}
{"target": -1821.0832284441508, "params": {"k_pid_pos": [5049.274405215733, 5393.649385938359, 2411.9865357702906], "k_pid_alt": [0.0, 6867.597832332372, 3696.2285950914115], "k_pid_att": [3731.063628612993, 7677.309422087057, 0.0], "k_pid_yaw": [0.5, 1e-06, 0.1], "k_pid_hsp": [10000.0, 2279.840443804409, 5484.102456850791], "k_pid_vsp": [10000.0, 6782.98655069017, 0.0]}, "datetime": {"datetime": "2025-08-09 13:17:10", "elapsed": 73661.98846578598, "delta": 57.04878544807434}, "costs": {"total_cost": 1821.0832284441508, "time_cost": 150, "final_distance_cost": 33.471558590084726, "oscillation_cost": 494.7299732452671, "completition_cost": 1000.0, "overshoot_cost": 75.40071462264352, "power_cost": 38.968917187500004, "noise_cost": 28.512064798655313, "n_waypoints_completed": 0, "tot_waypoints": 9}}
{"target": -2332.666724709398, "params": {"k_pid_pos": [10000.0, 9723.806313021329, 2753.002594166933], "k_pid_alt": [1526.769215830277, 3538.5082661267925, 4783.819712498739], "k_pid_att": [9716.19713856766, 7477.258433711772, 0.0], "k_pid_yaw": [0.5, 1e-06, 0.1], "k_pid_hsp": [349.74446366940543, 207.33422241469617, 4874.489626907381], "k_pid_vsp": [8468.577648942186, 0.0, 5597.619368805062]}, "datetime": {"datetime": "2025-08-09 13:18:10", "elapsed": 73721.69033622742, "delta": 59.70187044143677}, "costs": {"total_cost": 2332.666724709398, "time_cost": 150, "final_distance_cost": 101.5775029606951, "oscillation_cost": 877.3317786184521, "completition_cost": 1000.0, "overshoot_cost": 139.41085199793474, "power_cost": 36.45718229980469, "noise_cost": 27.88940883251149, "n_waypoints_completed": 0, "tot_waypoints": 9}}
{"target": -3772.6044940720367, "params": {"k_pid_pos": [4103.096880281915, 1842.2731284474726, 7482.355790434528], "k_pid_alt": [4382.43656593014, 8038.509449357366, 93.30345503895332], "k_pid_att": [2724.1944426498544, 6154.960792393449, 7286.531952959387], "k_pid_yaw": [0.5, 1e-06, 0.1], "k_pid_hsp": [5104.304712704262, 3049.0604723600454, 3859.5778177234874], "k_pid_vsp": [7655.944954258568, 259.5579082121691, 9294.624083629697]}, "datetime": {"datetime": "2025-08-09 13:18:50", "elapsed": 73761.53315544128, "delta": 39.84281921386719}, "costs": {"total_cost": 3772.6044940720367, "time_cost": 150, "final_distance_cost": 547.6969336642134, "oscillation_cost": 702.6017001937114, "completition_cost": 1000.0, "overshoot_cost": 1201.3778857591165, "power_cost": 54.289167700195314, "noise_cost": 116.63880675479989, "n_waypoints_completed": 0, "tot_waypoints": 9}}
{"target": -4888.223729043676, "params": {"k_pid_pos": [3372.732902019561, 0.0, 6262.053858875018], "k_pid_alt": [1120.1169749385463, 5320.5413038067445, 0.0], "k_pid_att": [5118.134871925911, 4913.5629158346665, 10000.0], "k_pid_yaw": [0.5, 1e-06, 0.1], "k_pid_hsp": [6221.713675328953, 0.0, 4818.321528805966], "k_pid_vsp": [7329.553881007172, 53.66500561002585, 10000.0]}, "datetime": {"datetime": "2025-08-09 13:19:55", "elapsed": 73827.3017950058, "delta": 65.76863956451416}, "costs": {"total_cost": 4888.223729043676, "time_cost": 150, "final_distance_cost": 1395.158019371756, "oscillation_cost": 330.57711756529955, "completition_cost": 1000.0, "overshoot_cost": 1904.894584013523, "power_cost": 47.76970078125, "noise_cost": 59.82430731184745, "n_waypoints_completed": 0, "tot_waypoints": 9}}
{"target": -1569.054047650287, "params": {"k_pid_pos": [1947.2094295941838, 1594.409681306673, 1101.5586506121322], "k_pid_alt": [5191.588342426942, 0.0, 1774.2243920585552], "k_pid_att": [8465.430735339956, 0.0, 0.0], "k_pid_yaw": [0.5, 1e-06, 0.1], "k_pid_hsp": [9526.01203206051, 489.8375649717698, 0.0], "k_pid_vsp": [0.0, 8359.12421306144, 10000.0]}, "datetime": {"datetime": "2025-08-09 13:20:56", "elapsed": 73888.10248804092, "delta": 60.80069303512573}, "costs": {"total_cost": 1569.054047650287, "time_cost": 150, "final_distance_cost": 83.95697004711958, "oscillation_cost": 427.7469106283743, "completition_cost": 777.7777777777778, "overshoot_cost": 60.21646679149594, "power_cost": 39.62021301269532, "noise_cost": 29.73570939282401, "n_waypoints_completed": 2, "tot_waypoints": 9}}
{"target": -3596.397422461421, "params": {"k_pid_pos": [3023.812764011359, 3231.8828172497538, 9849.232188553162], "k_pid_alt": [596.287577026231, 8664.921803749216, 2727.8867165685006], "k_pid_att": [4956.186940417062, 9793.860390988204, 3613.757819628652], "k_pid_yaw": [0.5, 1e-06, 0.1], "k_pid_hsp": [7305.451938692551, 8090.036597339885, 5851.075230774636], "k_pid_vsp": [9759.391440036827, 3600.0902808758797, 7533.0460481118935]}, "datetime": {"datetime": "2025-08-09 13:21:33", "elapsed": 73925.38751292229, "delta": 37.285024881362915}, "costs": {"total_cost": 3596.397422461421, "time_cost": 150, "final_distance_cost": 611.687986207539, "oscillation_cost": 636.0503722404617, "completition_cost": 1000.0, "overshoot_cost": 1002.7613533462128, "power_cost": 58.5864805053711, "noise_cost": 137.31123016183622, "n_waypoints_completed": 0, "tot_waypoints": 9}}
{"target": -904.8315274035641, "params": {"k_pid_pos": [5116.7276203441925, 10000.0, 10000.0], "k_pid_alt": [5327.958032719985, 0.0, 4206.0975096257125], "k_pid_att": [9010.43522185223, 2005.5202508630548, 0.0], "k_pid_yaw": [0.5, 1e-06, 0.1], "k_pid_hsp": [1218.126427971982, 8055.265772817614, 2806.397431755248], "k_pid_vsp": [10000.0, 10000.0, 720.6512556914579]}, "datetime": {"datetime": "2025-08-09 13:22:34", "elapsed": 73986.30815815926, "delta": 60.920645236968994}, "costs": {"total_cost": 904.8315274035641, "time_cost": 150, "final_distance_cost": 73.21508310783082, "oscillation_cost": 290.6068128728552, "completition_cost": 222.2222222222222, "overshoot_cost": 99.46842717942498, "power_cost": 40.68229776611329, "noise_cost": 28.636684255117697, "n_waypoints_completed": 7, "tot_waypoints": 9}}
{"target": -2211.981015947015, "params": {"k_pid_pos": [2911.242565687579, 3598.9449157160548, 8553.348833969934], "k_pid_alt": [1835.9412086036527, 10000.0, 2070.314962141861], "k_pid_att": [7152.6732102896685, 7196.421486900931, 0.0], "k_pid_yaw": [0.5, 1e-06, 0.1], "k_pid_hsp": [10000.0, 10000.0, 7141.958589865106], "k_pid_vsp": [7782.086802025197, 6112.500075301224, 10000.0]}, "datetime": {"datetime": "2025-08-09 13:23:33", "elapsed": 74044.6468808651, "delta": 58.338722705841064}, "costs": {"total_cost": 2211.981015947015, "time_cost": 150, "final_distance_cost": 70.51003796282221, "oscillation_cost": 806.4232493414679, "completition_cost": 1000.0, "overshoot_cost": 121.12752292146946, "power_cost": 35.992207568359376, "noise_cost": 27.92799815289558, "n_waypoints_completed": 0, "tot_waypoints": 9}}
{"target": -5648.176499162206, "params": {"k_pid_pos": [1469.32964090544, 6007.7043038180345, 4663.039327433455], "k_pid_alt": [1680.7477506332568, 3262.6283967671243, 3892.0860792739854], "k_pid_att": [7001.907474254445, 8846.772120461073, 9018.536754585964], "k_pid_yaw": [0.5, 1e-06, 0.1], "k_pid_hsp": [4659.566047649147, 3719.3430287445362, 7339.776731803972], "k_pid_vsp": [8962.27721697794, 6843.443316273412, 5629.501098510905]}, "datetime": {"datetime": "2025-08-09 13:24:08", "elapsed": 74080.31575703621, "delta": 35.66887617111206}, "costs": {"total_cost": 5648.176499162206, "time_cost": 150, "final_distance_cost": 1265.6909993600675, "oscillation_cost": 1041.0343124689434, "completition_cost": 1000.0, "overshoot_cost": 1992.541053686421, "power_cost": 58.54344995117188, "noise_cost": 140.3666836956013, "n_waypoints_completed": 0, "tot_waypoints": 9}}
