{"target": -1745.3845229096546, "params": {"k_pid_pos": [8462.30015366948, 6155.477485961887, 3007.2032320213593], "k_pid_alt": [4827.1590037346095, 7875.517905232182, 0.0], "k_pid_att": [10000.0, 10000.0, 0.0], "k_pid_yaw": [0.5, 1e-06, 0.1], "k_pid_hsp": [10000.0, 0.0, 0.0], "k_pid_vsp": [5043.45797833928, 1886.2967674001893, 10000.0]}, "datetime": {"datetime": "2025-08-09 00:47:30", "elapsed": 28681.89623451233, "delta": 38.62303161621094}, "costs": {"total_cost": 1745.3845229096546, "time_cost": 150, "final_distance_cost": 54.95727767703277, "oscillation_cost": 502.72977012576627, "completition_cost": 888.8888888888888, "overshoot_cost": 78.95641486920933, "power_cost": 40.807413208007816, "noise_cost": 29.044758140749774, "n_waypoints_completed": 1, "tot_waypoints": 9}}
{"target": -2487.686939157727, "params": {"k_pid_pos": [3763.037701843399, 9260.206057978094, 3155.693926492974], "k_pid_alt": [414.7343319875374, 8154.671008630774, 4234.528438030997], "k_pid_att": [6728.420135811988, 4100.43525580685, 1446.084139582553], "k_pid_yaw": [0.5, 1e-06, 0.1], "k_pid_hsp": [3524.5719400750963, 8726.791857604832, 1702.0238071290628], "k_pid_vsp": [6421.3896273632545, 8673.224264202161, 2625.5838173539746]}, "datetime": {"datetime": "2025-08-09 00:48:02", "elapsed": 28713.812044620514, "delta": 31.915810108184814}, "costs": {"total_cost": 2487.686939157727, "time_cost": 150, "final_distance_cost": 317.5936726790283, "oscillation_cost": 137.424744316317, "completition_cost": 1000.0, "overshoot_cost": 809.8217847295364, "power_cost": 39.07458444824219, "noise_cost": 33.77215298460317, "n_waypoints_completed": 0, "tot_waypoints": 9}}
{"target": -2401.412319479073, "params": {"k_pid_pos": [10000.0, 10000.0, 0.0], "k_pid_alt": [0.0, 0.0, 1547.8210105717349], "k_pid_att": [508.6050600694847, 0.0, 0.0], "k_pid_yaw": [0.5, 1e-06, 0.1], "k_pid_hsp": [5359.43737312245, 7474.39475007323, 10000.0], "k_pid_vsp": [6910.124646357884, 7746.256240354709, 7793.528917210395]}, "datetime": {"datetime": "2025-08-09 00:48:39", "elapsed": 28750.7038295269, "delta": 36.89178490638733}, "costs": {"total_cost": 2401.412319479073, "time_cost": 150, "final_distance_cost": 30.617713093414757, "oscillation_cost": 818.2909853516959, "completition_cost": 1000.0, "overshoot_cost": 279.0374881630298, "power_cost": 36.17777764892578, "noise_cost": 87.28835522200734, "n_waypoints_completed": 0, "tot_waypoints": 9}}
{"target": -1544.2822027422405, "params": {"k_pid_pos": [5499.657179588604, 7149.413469100453, 0.0], "k_pid_alt": [3586.164340249695, 2025.835781677391, 3522.1289440331207], "k_pid_att": [10000.0, 5200.5294718533105, 0.0], "k_pid_yaw": [0.5, 1e-06, 0.1], "k_pid_hsp": [3391.6062643151727, 10000.0, 0.0], "k_pid_vsp": [10000.0, 5239.09794929811, 0.0]}, "datetime": {"datetime": "2025-08-09 00:49:16", "elapsed": 28787.772218704224, "delta": 37.06838917732239}, "costs": {"total_cost": 1544.2822027422405, "time_cost": 150, "final_distance_cost": 36.3180220948179, "oscillation_cost": 225.03717389996973, "completition_cost": 1000.0, "overshoot_cost": 59.424339250464165, "power_cost": 44.095300500488285, "noise_cost": 29.407366996500468, "n_waypoints_completed": 0, "tot_waypoints": 9}}
{"target": -2848.5248761351636, "params": {"k_pid_pos": [5710.711733325828, 8343.300676610981, 8071.659872759966], "k_pid_alt": [4737.58235473512, 9197.480451389289, 5527.055350164599], "k_pid_att": [9856.004175184977, 9248.599246920707, 7182.395014272112], "k_pid_yaw": [0.5, 1e-06, 0.1], "k_pid_hsp": [1863.7813511331758, 334.990066520181, 2825.1197397187434], "k_pid_vsp": [1489.1691121343142, 9299.580897602413, 621.682613289325]}, "datetime": {"datetime": "2025-08-09 00:49:47", "elapsed": 28819.026633501053, "delta": 31.254414796829224}, "costs": {"total_cost": 2848.5248761351636, "time_cost": 150, "final_distance_cost": 285.0944927591586, "oscillation_cost": 660.5141777264772, "completition_cost": 1000.0, "overshoot_cost": 562.2516541669755, "power_cost": 58.64491691894531, "noise_cost": 132.01963456360687, "n_waypoints_completed": 0, "tot_waypoints": 9}}
{"target": -19971.861536206823, "params": {"k_pid_pos": [5740.434725198204, 1071.768223287366, 3732.824419694822], "k_pid_alt": [8391.51017617773, 2155.648678818294, 5929.013047472878], "k_pid_att": [440.61556203584206, 8140.356920466865, 5085.82265864986], "k_pid_yaw": [0.5, 1e-06, 0.1], "k_pid_hsp": [16.113548577473267, 6774.850026845443, 5476.666900430578], "k_pid_vsp": [7395.286832581242, 9903.939677737839, 6110.504537988028]}, "datetime": {"datetime": "2025-08-09 00:50:18", "elapsed": 28849.96873855591, "delta": 30.942105054855347}, "costs": {"total_cost": 19971.861536206823, "time_cost": 150, "final_distance_cost": 5821.39565053617, "oscillation_cost": 1545.0347169975591, "completition_cost": 1000.0, "overshoot_cost": 11253.410910042232, "power_cost": 58.66776396484375, "noise_cost": 143.35249466601772, "n_waypoints_completed": 0, "tot_waypoints": 9}}
{"target": -4322.168169123443, "params": {"k_pid_pos": [6293.724705633227, 7381.538389405181, 1285.263045563616], "k_pid_alt": [6591.0834957033285, 1818.029195339922, 25.13549153468686], "k_pid_att": [9873.582475511228, 2872.2064331009965, 830.2878997685048], "k_pid_yaw": [0.5, 1e-06, 0.1], "k_pid_hsp": [252.92919950159364, 6848.380968456071, 9311.353763127756], "k_pid_vsp": [7632.875240297407, 2587.754485195759, 4745.559588754608]}, "datetime": {"datetime": "2025-08-09 00:50:50", "elapsed": 28881.85630965233, "delta": 31.887571096420288}, "costs": {"total_cost": 4322.168169123443, "time_cost": 150, "final_distance_cost": 958.7566222229186, "oscillation_cost": 151.2655799221875, "completition_cost": 1000.0, "overshoot_cost": 1999.301311711219, "power_cost": 35.22363896484375, "noise_cost": 27.621016302274356, "n_waypoints_completed": 0, "tot_waypoints": 9}}
{"target": -7658.31203301763, "params": {"k_pid_pos": [6991.932856186525, 3747.507788336242, 5790.189902436479], "k_pid_alt": [8070.008458818891, 4651.047623259955, 3652.0638462736465], "k_pid_att": [3559.716005941205, 4098.975508121664, 9453.790883884074], "k_pid_yaw": [0.5, 1e-06, 0.1], "k_pid_hsp": [7761.7214267568115, 2668.9441153306293, 398.21910815382], "k_pid_vsp": [5574.649428969103, 1881.0327434287976, 7233.1261882227545]}, "datetime": {"datetime": "2025-08-09 00:51:21", "elapsed": 28913.40528869629, "delta": 31.54897904396057}, "costs": {"total_cost": 7658.31203301763, "time_cost": 150, "final_distance_cost": 2271.4852647517146, "oscillation_cost": 457.33886569276564, "completition_cost": 1000.0, "overshoot_cost": 3638.442169142373, "power_cost": 50.03525517578125, "noise_cost": 91.01047825499491, "n_waypoints_completed": 0, "tot_waypoints": 9}}
{"target": -1439.9061062956982, "params": {"k_pid_pos": [10000.0, 9276.362978585754, 1812.2346049757198], "k_pid_alt": [0.0, 5052.592300978474, 4907.043253977853], "k_pid_att": [7720.773847624477, 8477.376723168005, 0.0], "k_pid_yaw": [0.5, 1e-06, 0.1], "k_pid_hsp": [10000.0, 6011.289140024507, 4375.386793379112], "k_pid_vsp": [5434.153533071504, 6298.872647746354, 6021.6541097724285]}, "datetime": {"datetime": "2025-08-09 00:51:59", "elapsed": 28951.341639518738, "delta": 37.93635082244873}, "costs": {"total_cost": 1439.9061062956982, "time_cost": 150, "final_distance_cost": 81.93420592154318, "oscillation_cost": 276.9347629959226, "completition_cost": 777.7777777777778, "overshoot_cost": 83.4113942444033, "power_cost": 41.00484465332031, "noise_cost": 28.84312070273113, "n_waypoints_completed": 2, "tot_waypoints": 9}}
{"target": -1941.9109472376917, "params": {"k_pid_pos": [5939.688548598622, 8836.796190091167, 9543.771738966236], "k_pid_alt": [1147.252608115763, 8621.547159926244, 5819.081716468902], "k_pid_att": [10000.0, 10000.0, 0.0], "k_pid_yaw": [0.5, 1e-06, 0.1], "k_pid_hsp": [5241.74876190909, 0.0, 0.0], "k_pid_vsp": [1003.9403244832228, 6202.435071515364, 442.30572703775044]}, "datetime": {"datetime": "2025-08-09 00:52:37", "elapsed": 28989.377712249756, "delta": 38.036072731018066}, "costs": {"total_cost": 1941.9109472376917, "time_cost": 150, "final_distance_cost": 106.55093946711926, "oscillation_cost": 746.7260433326705, "completition_cost": 777.7777777777778, "overshoot_cost": 94.83675429160321, "power_cost": 37.70269697265625, "noise_cost": 28.31673539586449, "n_waypoints_completed": 2, "tot_waypoints": 9}}
{"target": -7938.641536119232, "params": {"k_pid_pos": [8667.330845968423, 5740.5790008382555, 7749.840840763442], "k_pid_alt": [2252.4663244759736, 4285.211274695166, 6804.19630386592], "k_pid_att": [3961.0820657969825, 3399.7947486022317, 8875.425814008526], "k_pid_yaw": [0.5, 1e-06, 0.1], "k_pid_hsp": [3890.2684272748124, 726.9887017205134, 3967.400043298558], "k_pid_vsp": [9127.26390183116, 37.323953535730595, 3239.7089362568954]}, "datetime": {"datetime": "2025-08-09 00:53:11", "elapsed": 29023.392543554306, "delta": 34.01483130455017}, "costs": {"total_cost": 7938.641536119232, "time_cost": 150, "final_distance_cost": 1764.056424099713, "oscillation_cost": 776.1142058273583, "completition_cost": 1000.0, "overshoot_cost": 4050.4734547496514, "power_cost": 58.65578564453125, "noise_cost": 139.34166579797753, "n_waypoints_completed": 0, "tot_waypoints": 9}}
{"target": -2033.744246239122, "params": {"k_pid_pos": [9978.221414359554, 615.3017682982543, 245.35040882618486], "k_pid_alt": [5861.6478063114255, 2053.9573145244085, 7392.072307177096], "k_pid_att": [5494.917052894063, 3627.4229805525615, 1701.9396062727444], "k_pid_yaw": [0.5, 1e-06, 0.1], "k_pid_hsp": [6769.16080813534, 5873.510327555998, 9979.902383678076], "k_pid_vsp": [8704.004661012741, 5332.696161240838, 585.2023311181531]}, "datetime": {"datetime": "2025-08-09 00:53:43", "elapsed": 29055.21953725815, "delta": 31.826993703842163}, "costs": {"total_cost": 2033.744246239122, "time_cost": 150, "final_distance_cost": 58.676431284010675, "oscillation_cost": 223.50247472851228, "completition_cost": 1000.0, "overshoot_cost": 511.98576532515386, "power_cost": 43.36958842773438, "noise_cost": 46.20998647371077, "n_waypoints_completed": 0, "tot_waypoints": 9}}
{"target": -1789.5403846911945, "params": {"k_pid_pos": [4889.192775105345, 10000.0, 3410.632284037049], "k_pid_alt": [7287.035225682762, 8421.539137750739, 4083.6476180103987], "k_pid_att": [10000.0, 7855.400559195889, 0.0], "k_pid_yaw": [0.5, 1e-06, 0.1], "k_pid_hsp": [2612.4767968381334, 0.0, 0.0], "k_pid_vsp": [4408.3805189866125, 9356.839635045068, 0.0]}, "datetime": {"datetime": "2025-08-09 00:54:23", "elapsed": 29094.631535053253, "delta": 39.41199779510498}, "costs": {"total_cost": 1789.5403846911945, "time_cost": 150, "final_distance_cost": 57.01817897412496, "oscillation_cost": 445.1563573847337, "completition_cost": 1000.0, "overshoot_cost": 69.38300214032539, "power_cost": 39.22023740234375, "noise_cost": 28.762608789666768, "n_waypoints_completed": 0, "tot_waypoints": 9}}
{"target": -1488.4431876040228, "params": {"k_pid_pos": [3089.498493531887, 8401.223881723008, 1756.4884362966447], "k_pid_alt": [272.82238233491296, 8853.651144006983, 109.83657814794046], "k_pid_att": [7282.511669995384, 838.4833310553197, 297.002519444628], "k_pid_yaw": [0.5, 1e-06, 0.1], "k_pid_hsp": [6688.905546846036, 5230.300209470408, 3706.388886335534], "k_pid_vsp": [2597.7266720221546, 6797.974432441472, 4515.592984254101]}, "datetime": {"datetime": "2025-08-09 00:54:58", "elapsed": 29129.825959205627, "delta": 35.19442415237427}, "costs": {"total_cost": 1488.4431876040228, "time_cost": 150, "final_distance_cost": 73.48116900065827, "oscillation_cost": 99.7215421963393, "completition_cost": 1000.0, "overshoot_cost": 99.86034381391211, "power_cost": 37.01822043457032, "noise_cost": 28.36191215854266, "n_waypoints_completed": 0, "tot_waypoints": 9}}
{"target": -21915.20722205463, "params": {"k_pid_pos": [4313.413014746959, 2427.5293214866556, 8700.862558406794], "k_pid_alt": [8164.865147438931, 8103.120235958237, 3918.6117491235063], "k_pid_att": [5881.101390653299, 148.38367996988012, 3460.1778332023537], "k_pid_yaw": [0.5, 1e-06, 0.1], "k_pid_hsp": [2906.2974577143827, 7585.178865220849, 6784.730586795999], "k_pid_vsp": [2241.15222973583, 4905.699824572378, 2461.223243475146]}, "datetime": {"datetime": "2025-08-09 00:55:39", "elapsed": 29171.160512447357, "delta": 41.334553241729736}, "costs": {"total_cost": 21915.20722205463, "time_cost": 150, "final_distance_cost": 6419.948720982227, "oscillation_cost": 786.9267910907155, "completition_cost": 1000.0, "overshoot_cost": 13357.998053758913, "power_cost": 58.62277966308594, "noise_cost": 141.71087655968842, "n_waypoints_completed": 0, "tot_waypoints": 9}}
{"target": -3426.723649440626, "params": {"k_pid_pos": [120.61758608111317, 5017.894632663044, 4295.40363400665], "k_pid_alt": [7586.915427327167, 1206.0720722295348, 2188.219235567389], "k_pid_att": [7363.872756814769, 8824.601755519205, 3320.4244308791162], "k_pid_yaw": [0.5, 1e-06, 0.1], "k_pid_hsp": [2080.945685915665, 7769.629779714625, 630.807110588899], "k_pid_vsp": [4384.40539871911, 8705.798152894702, 7227.35340084689]}, "datetime": {"datetime": "2025-08-09 00:56:12", "elapsed": 29204.468124866486, "delta": 33.30761241912842}, "costs": {"total_cost": 3426.723649440626, "time_cost": 150, "final_distance_cost": 630.3430774937588, "oscillation_cost": 540.3881712670449, "completition_cost": 1000.0, "overshoot_cost": 926.8079018859207, "power_cost": 57.60369371337891, "noise_cost": 121.58080508052264, "n_waypoints_completed": 0, "tot_waypoints": 9}}
{"target": -1396.9081678522668, "params": {"k_pid_pos": [7499.0424948205555, 4439.834551457117, 2394.347283592696], "k_pid_alt": [0.0, 6098.352239463834, 0.0], "k_pid_att": [5083.023208746278, 1252.5124383318312, 0.0], "k_pid_yaw": [0.5, 1e-06, 0.1], "k_pid_hsp": [9232.818932387254, 0.0, 334.9526497314695], "k_pid_vsp": [2086.5976218865035, 10000.0, 8333.978401015695]}, "datetime": {"datetime": "2025-08-09 00:56:51", "elapsed": 29242.798329114914, "delta": 38.330204248428345}, "costs": {"total_cost": 1396.9081678522668, "time_cost": 150, "final_distance_cost": 97.65628833478179, "oscillation_cost": 230.92620529858763, "completition_cost": 777.7777777777778, "overshoot_cost": 70.38169936510795, "power_cost": 41.218593579101565, "noise_cost": 28.947603496910244, "n_waypoints_completed": 2, "tot_waypoints": 9}}
{"target": -6179.596481707832, "params": {"k_pid_pos": [6015.1536704323835, 9409.235812538704, 4260.688299771253], "k_pid_alt": [9410.150466721729, 1394.8475960490548, 8363.58141566926], "k_pid_att": [3902.614284316461, 8606.911641052098, 4158.383890187924], "k_pid_yaw": [0.5, 1e-06, 0.1], "k_pid_hsp": [1629.461648647449, 1209.4553662957742, 7840.505257919756], "k_pid_vsp": [2972.0963577718185, 3888.964441994578, 6855.767317277748]}, "datetime": {"datetime": "2025-08-09 00:57:23", "elapsed": 29274.895607709885, "delta": 32.0972785949707}, "costs": {"total_cost": 6179.596481707832, "time_cost": 150, "final_distance_cost": 779.707615686691, "oscillation_cost": 1151.0619540300056, "completition_cost": 1000.0, "overshoot_cost": 2914.437854132596, "power_cost": 56.69682485351563, "noise_cost": 127.69223300502377, "n_waypoints_completed": 0, "tot_waypoints": 9}}
{"target": -47365.03732144978, "params": {"k_pid_pos": [2622.054894436583, 4493.762704264952, 8953.038526050932], "k_pid_alt": [8630.726738612859, 4138.698201562612, 299.07158565145363], "k_pid_att": [9502.089239838697, 785.421340977861, 4208.200278167918], "k_pid_yaw": [0.5, 1e-06, 0.1], "k_pid_hsp": [9462.179297644441, 8363.45811392286, 1477.6338030324864], "k_pid_vsp": [8608.308388404997, 827.5146286417856, 4071.7717331647673]}, "datetime": {"datetime": "2025-08-09 00:57:55", "elapsed": 29307.433784008026, "delta": 32.53817629814148}, "costs": {"total_cost": 47365.03732144978, "time_cost": 150, "final_distance_cost": 12572.252743370034, "oscillation_cost": 598.4189541824375, "completition_cost": 1000.0, "overshoot_cost": 32841.91291469392, "power_cost": 58.66997564697266, "noise_cost": 143.7827335564071, "n_waypoints_completed": 0, "tot_waypoints": 9}}
{"target": -6365.668268661334, "params": {"k_pid_pos": [3097.5796666075385, 3633.593011128471, 8044.932471408477], "k_pid_alt": [5562.744940617329, 4281.017292358067, 7172.571112350066], "k_pid_att": [6036.994805892655, 9897.878232015928, 8808.090490663648], "k_pid_yaw": [0.5, 1e-06, 0.1], "k_pid_hsp": [8565.526666380105, 8903.432652648113, 3843.139336704242], "k_pid_vsp": [8365.462189561991, 5143.812606647749, 2275.7187761984455]}, "datetime": {"datetime": "2025-08-09 00:58:27", "elapsed": 29339.426917791367, "delta": 31.993133783340454}, "costs": {"total_cost": 6365.668268661334, "time_cost": 150, "final_distance_cost": 345.90054020622125, "oscillation_cost": 1054.7829000775992, "completition_cost": 1000.0, "overshoot_cost": 3613.665969891497, "power_cost": 58.58707087402344, "noise_cost": 142.73178761199446, "n_waypoints_completed": 0, "tot_waypoints": 9}}
{"target": -7246.350401170194, "params": {"k_pid_pos": [1929.214200506068, 1207.7435730920824, 4361.007101633919], "k_pid_alt": [5041.819545510362, 4340.031570617732, 36.49407890705033], "k_pid_att": [10000.0, 6562.000048798183, 5319.996653622829], "k_pid_yaw": [0.5, 1e-06, 0.1], "k_pid_hsp": [10000.0, 10000.0, 2076.3375256851255], "k_pid_vsp": [9721.197312358428, 0.0, 5524.988779284382]}, "datetime": {"datetime": "2025-08-09 00:59:05", "elapsed": 29376.987306833267, "delta": 37.560389041900635}, "costs": {"total_cost": 7246.350401170194, "time_cost": 150, "final_distance_cost": 1557.5198983840444, "oscillation_cost": 490.7938703973402, "completition_cost": 1000.0, "overshoot_cost": 3906.6372554608897, "power_cost": 51.2131426147461, "noise_cost": 90.18623431317305, "n_waypoints_completed": 0, "tot_waypoints": 9}}
{"target": -543.7728444954835, "params": {"k_pid_pos": [4250.234175396068, 10000.0, 8273.506466541963], "k_pid_alt": [9590.16173441229, 0.0, 5286.543699209458], "k_pid_att": [5363.846467627248, 5716.475550474993, 0.0], "k_pid_yaw": [0.5, 1e-06, 0.1], "k_pid_hsp": [10000.0, 10000.0, 3410.8606478801507], "k_pid_vsp": [9397.813871156486, 3782.3537531497323, 5381.890495202047]}, "datetime": {"datetime": "2025-08-09 00:59:42", "elapsed": 29414.29837989807, "delta": 37.31107306480408}, "costs": {"total_cost": 543.7728444954835, "time_cost": 119.266, "final_distance_cost": 1.7302601097280423, "oscillation_cost": 271.3345930671633, "completition_cost": 0.0, "overshoot_cost": 81.09979935693508, "power_cost": 40.304575976562504, "noise_cost": 30.037615985094487, "n_waypoints_completed": 9, "tot_waypoints": 9}}
{"target": -1208.5978084266146, "params": {"k_pid_pos": [6965.042456509857, 9654.441639648168, 5665.426717490702], "k_pid_alt": [7637.756698961068, 2113.287097401996, 3551.1261205848905], "k_pid_att": [10000.0, 8628.68761554517, 0.0], "k_pid_yaw": [0.5, 1e-06, 0.1], "k_pid_hsp": [8364.625872423474, 10000.0, 0.0], "k_pid_vsp": [7337.254154135354, 0.0, 9405.799537307315]}, "datetime": {"datetime": "2025-08-09 01:00:21", "elapsed": 29452.529809236526, "delta": 38.2314293384552}, "costs": {"total_cost": 1208.5978084266146, "time_cost": 150, "final_distance_cost": 42.80245145720734, "oscillation_cost": 323.1020830821906, "completition_cost": 555.5555555555555, "overshoot_cost": 65.65118756834518, "power_cost": 42.280249060058594, "noise_cost": 29.206281703257265, "n_waypoints_completed": 4, "tot_waypoints": 9}}
{"target": -2191.5356670170468, "params": {"k_pid_pos": [5628.816131705017, 4351.807555610121, 6555.063985160018], "k_pid_alt": [6825.450444269938, 5604.09614959173, 416.0586068470329], "k_pid_att": [5590.887808103779, 8936.202303842463, 2443.336562582743], "k_pid_yaw": [0.5, 1e-06, 0.1], "k_pid_hsp": [9845.97038869549, 765.6007322309355, 6577.227407911489], "k_pid_vsp": [6681.6366792842955, 9334.535456565298, 9658.355654904852]}, "datetime": {"datetime": "2025-08-09 01:00:52", "elapsed": 29484.36410188675, "delta": 31.83429265022278}, "costs": {"total_cost": 2191.5356670170468, "time_cost": 150, "final_distance_cost": 97.04710717557387, "oscillation_cost": 334.07080154278844, "completition_cost": 1000.0, "overshoot_cost": 492.2198956848895, "power_cost": 47.8030361694336, "noise_cost": 70.39482644436141, "n_waypoints_completed": 0, "tot_waypoints": 9}}
{"target": -13772.40161615916, "params": {"k_pid_pos": [527.0889661633026, 9456.48323004534, 12.852314000864062], "k_pid_alt": [5700.8675168480495, 5513.766209295323, 2365.057857696524], "k_pid_att": [7152.274328267733, 7571.304250687988, 9261.655745759354], "k_pid_yaw": [0.5, 1e-06, 0.1], "k_pid_hsp": [5366.381043012421, 7971.984600096536, 4788.3562744148485], "k_pid_vsp": [1587.2527517041112, 6605.4518797971305, 1051.3191130371624]}, "datetime": {"datetime": "2025-08-09 01:01:24", "elapsed": 29515.680134534836, "delta": 31.316032648086548}, "costs": {"total_cost": 13772.40161615916, "time_cost": 150, "final_distance_cost": 2238.3728905171524, "oscillation_cost": 1505.8662596164943, "completition_cost": 1000.0, "overshoot_cost": 8677.561043177617, "power_cost": 58.66571748046875, "noise_cost": 141.9357053674259, "n_waypoints_completed": 0, "tot_waypoints": 9}}
{"target": -1689.6633002783608, "params": {"k_pid_pos": [5556.175886556368, 4173.357535739619, 4182.164740548278], "k_pid_alt": [6839.516909501383, 3274.752523397119, 4389.1452256154735], "k_pid_att": [8008.320144037268, 8203.721795076162, 0.0], "k_pid_yaw": [0.5, 1e-06, 0.1], "k_pid_hsp": [8113.1173588577, 6184.013437253168, 5468.991602566949], "k_pid_vsp": [10000.0, 4921.3838629146485, 164.280699405927]}, "datetime": {"datetime": "2025-08-09 01:02:01", "elapsed": 29552.892809152603, "delta": 37.212674617767334}, "costs": {"total_cost": 1689.6633002783608, "time_cost": 150, "final_distance_cost": 56.55650595821766, "oscillation_cost": 346.4395863747625, "completition_cost": 1000.0, "overshoot_cost": 68.72075548693194, "power_cost": 39.491485375976566, "noise_cost": 28.45496708247214, "n_waypoints_completed": 0, "tot_waypoints": 9}}
