{"target": -8083.208246304548, "params": {"k_pid_pos": [1710.9873554036492, 208.75313331509938, 1369.0039552244848], "k_pid_alt": [6370.752766063243, 5899.476594483725, 8945.531281610009], "k_pid_att": [5227.864646213951, 4069.0368925518774, 6817.375475557174], "k_pid_yaw": [0.5, 1e-06, 0.1], "k_pid_hsp": [1229.6691150338634, 2586.479510120169, 9583.101200862264], "k_pid_vsp": [6925.933033025561, 2245.3346283260744, 8884.636289586784]}, "datetime": {"datetime": "2025-08-09 17:21:24", "elapsed": 88316.39216470718, "delta": 38.046647787094116}, "costs": {"total_cost": 8083.208246304548, "time_cost": 150, "final_distance_cost": 2312.1940830897865, "oscillation_cost": 724.4283510349845, "completition_cost": 1000.0, "overshoot_cost": 3766.729889002472, "power_cost": 48.64480241699219, "noise_cost": 81.2111207603126, "n_waypoints_completed": 0, "tot_waypoints": 9}}
{"target": -6543.441341681394, "params": {"k_pid_pos": [1651.3287798628974, 9937.500122813792, 5674.814206897357], "k_pid_alt": [4046.924752828175, 9031.175777946157, 2169.9107986301956], "k_pid_att": [6098.052737538955, 8345.451314922548, 4693.617068490847], "k_pid_yaw": [0.5, 1e-06, 0.1], "k_pid_hsp": [6232.317584898073, 6018.378997589967, 7231.557873161828], "k_pid_vsp": [319.76082868771516, 1283.55351550125, 4877.491096062726]}, "datetime": {"datetime": "2025-08-09 17:22:03", "elapsed": 88354.90852475166, "delta": 38.51636004447937}, "costs": {"total_cost": 6543.441341681394, "time_cost": 150, "final_distance_cost": 1479.6316993367736, "oscillation_cost": 428.694467022559, "completition_cost": 1000.0, "overshoot_cost": 3346.394875547441, "power_cost": 51.781651940917975, "noise_cost": 86.93864783370168, "n_waypoints_completed": 0, "tot_waypoints": 9}}
{"target": -14577.570298450972, "params": {"k_pid_pos": [9688.863025809444, 7438.096562085702, 8535.714961141826], "k_pid_alt": [1971.7202916727972, 5068.565367731999, 1049.0242046162878], "k_pid_att": [5320.884198676361, 9078.434102976868, 7772.968650076899], "k_pid_yaw": [0.5, 1e-06, 0.1], "k_pid_hsp": [8314.127840121419, 7779.100363114021, 8664.237746479384], "k_pid_vsp": [6408.869798612036, 4762.602344616611, 6123.106199103223]}, "datetime": {"datetime": "2025-08-09 17:22:41", "elapsed": 88393.14846563339, "delta": 38.239940881729126}, "costs": {"total_cost": 14577.570298450972, "time_cost": 150, "final_distance_cost": 4287.521965052683, "oscillation_cost": 1283.112904127108, "completition_cost": 1000.0, "overshoot_cost": 7678.070267854635, "power_cost": 55.648077050781254, "noise_cost": 123.21708436576391, "n_waypoints_completed": 0, "tot_waypoints": 9}}
{"target": -1443.999607352785, "params": {"k_pid_pos": [10000.0, 5935.47307849057, 10000.0], "k_pid_alt": [10000.0, 4179.90817755099, 10000.0], "k_pid_att": [6929.904160464235, 3282.0429039583846, 0.0], "k_pid_yaw": [0.5, 1e-06, 0.1], "k_pid_hsp": [0.0, 5398.150735769814, 0.0], "k_pid_vsp": [2727.41203017959, 2021.4189897524836, 1222.8229827769333]}, "datetime": {"datetime": "2025-08-09 17:23:59", "elapsed": 88471.20686531067, "delta": 78.05839967727661}, "costs": {"total_cost": 1443.999607352785, "time_cost": 150, "final_distance_cost": 78.56471751594079, "oscillation_cost": 173.60672317993237, "completition_cost": 888.8888888888888, "overshoot_cost": 78.47087966532618, "power_cost": 44.99176846923828, "noise_cost": 29.476629633458618, "n_waypoints_completed": 1, "tot_waypoints": 9}}
{"target": -1766.268146631753, "params": {"k_pid_pos": [9282.139088613969, 3157.1006671007303, 6153.704709687306], "k_pid_alt": [9949.463985113272, 10000.0, 3695.178214515362], "k_pid_att": [10000.0, 8695.630782513708, 0.0], "k_pid_yaw": [0.5, 1e-06, 0.1], "k_pid_hsp": [7233.567795441273, 10000.0, 10000.0], "k_pid_vsp": [4577.598266155073, 9873.078511193306, 8907.85119618921]}, "datetime": {"datetime": "2025-08-09 17:25:09", "elapsed": 88541.06388354301, "delta": 69.85701823234558}, "costs": {"total_cost": 1766.268146631753, "time_cost": 150, "final_distance_cost": 62.00587445752847, "oscillation_cost": 393.8700699004278, "completition_cost": 1000.0, "overshoot_cost": 93.97164788832434, "power_cost": 38.04575396728516, "noise_cost": 28.374800418187323, "n_waypoints_completed": 0, "tot_waypoints": 9}}
{"target": -8827.473046190182, "params": {"k_pid_pos": [6677.345070203272, 8358.482088028253, 6354.918709551872], "k_pid_alt": [1782.396369538617, 8884.09891237746, 367.2396669735789], "k_pid_att": [6763.8119304068005, 9258.985810864759, 7304.039360885454], "k_pid_yaw": [0.5, 1e-06, 0.1], "k_pid_hsp": [4248.784195627389, 8508.39546475621, 909.8246514336495], "k_pid_vsp": [4971.10146602784, 4079.0303455161916, 7730.622600043935]}, "datetime": {"datetime": "2025-08-09 17:25:47", "elapsed": 88579.13602304459, "delta": 38.072139501571655}, "costs": {"total_cost": 8827.473046190182, "time_cost": 150, "final_distance_cost": 1768.2583730029644, "oscillation_cost": 837.7826897108122, "completition_cost": 1000.0, "overshoot_cost": 4887.729244427315, "power_cost": 56.81395440673828, "noise_cost": 126.8887846423508, "n_waypoints_completed": 0, "tot_waypoints": 9}}
{"target": -1405.2373778140588, "params": {"k_pid_pos": [10000.0, 5238.639955700956, 2242.86461273638], "k_pid_alt": [10000.0, 10000.0, 4291.581943373267], "k_pid_att": [9426.734601989652, 9390.906439044202, 0.0], "k_pid_yaw": [0.5, 1e-06, 0.1], "k_pid_hsp": [2896.055316350113, 10000.0, 0.0], "k_pid_vsp": [7217.394518178135, 10000.0, 757.4399322075709]}, "datetime": {"datetime": "2025-08-09 17:26:55", "elapsed": 88646.57454562187, "delta": 67.43852257728577}, "costs": {"total_cost": 1405.2373778140588, "time_cost": 150, "final_distance_cost": 76.93577991516602, "oscillation_cost": 145.54778716793896, "completition_cost": 888.8888888888888, "overshoot_cost": 67.83831491626566, "power_cost": 46.2771023803711, "noise_cost": 29.749504545428238, "n_waypoints_completed": 1, "tot_waypoints": 9}}
{"target": -35560.62769683299, "params": {"k_pid_pos": [6346.009228618752, 4577.112339935846, 2624.3898306344813], "k_pid_alt": [9341.793693185295, 5260.75345729976, 8972.258158334154], "k_pid_att": [1872.3039851344047, 8145.458624033479, 5736.00960424899], "k_pid_yaw": [0.5, 1e-06, 0.1], "k_pid_hsp": [7792.483996823726, 3550.296755775143, 3621.797651172386], "k_pid_vsp": [4899.870069080963, 9746.02830318772, 3348.4416171966145]}, "datetime": {"datetime": "2025-08-09 17:27:32", "elapsed": 88684.27668833733, "delta": 37.7021427154541}, "costs": {"total_cost": 35560.62769683299, "time_cost": 150, "final_distance_cost": 9439.435824629638, "oscillation_cost": 1611.25229403707, "completition_cost": 1000.0, "overshoot_cost": 23157.980711287, "power_cost": 58.655612695312506, "noise_cost": 143.30325418397203, "n_waypoints_completed": 0, "tot_waypoints": 9}}
{"target": -1607.8282274418564, "params": {"k_pid_pos": [10000.0, 7659.486964987115, 127.09093727339666], "k_pid_alt": [10000.0, 7532.396948656421, 0.0], "k_pid_att": [8884.690898123628, 8454.659844991362, 0.0], "k_pid_yaw": [0.5, 1e-06, 0.1], "k_pid_hsp": [8256.87038747707, 10000.0, 0.0], "k_pid_vsp": [8853.881295438112, 5827.001037895559, 4470.428185276501]}, "datetime": {"datetime": "2025-08-09 17:28:42", "elapsed": 88753.68632984161, "delta": 69.40964150428772}, "costs": {"total_cost": 1607.8282274418564, "time_cost": 150, "final_distance_cost": 63.253434166886315, "oscillation_cost": 265.02287270560504, "completition_cost": 1000.0, "overshoot_cost": 57.30040902428125, "power_cost": 43.00701379394531, "noise_cost": 29.24449775113866, "n_waypoints_completed": 0, "tot_waypoints": 9}}
{"target": -1890.0877446559057, "params": {"k_pid_pos": [178.52564038722485, 9432.075366533747, 9953.331435065855], "k_pid_alt": [4289.325675385772, 7935.74652768524, 3895.535318759267], "k_pid_att": [9875.342438418498, 2591.166694045185, 804.6287071428216], "k_pid_yaw": [0.5, 1e-06, 0.1], "k_pid_hsp": [7240.404160616437, 2454.6606759429324, 3048.4286924526805], "k_pid_vsp": [6882.283087610655, 5616.810264159002, 5649.914220206819]}, "datetime": {"datetime": "2025-08-09 17:29:19", "elapsed": 88790.63472795486, "delta": 36.94839811325073}, "costs": {"total_cost": 1890.0877446559057, "time_cost": 150, "final_distance_cost": 176.12029921495633, "oscillation_cost": 137.0959932816041, "completition_cost": 1000.0, "overshoot_cost": 363.76317511809276, "power_cost": 35.31698737792969, "noise_cost": 27.791289663322747, "n_waypoints_completed": 0, "tot_waypoints": 9}}
{"target": -3204.084570075086, "params": {"k_pid_pos": [8048.479540652417, 3604.040802568357, 6041.023660238559], "k_pid_alt": [7485.227317724846, 9603.129419557097, 2543.200558366452], "k_pid_att": [1348.7830040797578, 765.5015572479629, 9228.360671999915], "k_pid_yaw": [0.5, 1e-06, 0.1], "k_pid_hsp": [6839.748306247066, 9844.603867231708, 6452.461862311278], "k_pid_vsp": [1610.0689981070404, 4786.1911188828535, 2287.7604752236657]}, "datetime": {"datetime": "2025-08-09 17:29:56", "elapsed": 88828.09595441818, "delta": 37.46122646331787}, "costs": {"total_cost": 3204.084570075086, "time_cost": 150, "final_distance_cost": 363.01471790772086, "oscillation_cost": 743.3822935698287, "completition_cost": 1000.0, "overshoot_cost": 769.2013602224298, "power_cost": 58.55283464355469, "noise_cost": 119.9333637315521, "n_waypoints_completed": 0, "tot_waypoints": 9}}
{"target": -5271.10983885522, "params": {"k_pid_pos": [3764.976775202551, 553.9740545054561, 7056.816805492881], "k_pid_alt": [5668.168007438995, 5671.828449541358, 5273.825861811177], "k_pid_att": [6191.495187382771, 687.2392349083856, 3697.8850318162026], "k_pid_yaw": [0.5, 1e-06, 0.1], "k_pid_hsp": [5671.5750542413825, 9793.25496794664, 8599.761477354708], "k_pid_vsp": [3995.758891771967, 5003.014351124399, 5948.255137539716]}, "datetime": {"datetime": "2025-08-09 17:30:32", "elapsed": 88864.41836237907, "delta": 36.322407960891724}, "costs": {"total_cost": 5271.10983885522, "time_cost": 150, "final_distance_cost": 935.2737944962294, "oscillation_cost": 26.393463417938783, "completition_cost": 1000.0, "overshoot_cost": 3096.2859301386734, "power_cost": 35.3574341796875, "noise_cost": 27.79921662269111, "n_waypoints_completed": 0, "tot_waypoints": 9}}
{"target": -5083.301534019894, "params": {"k_pid_pos": [5941.862673785064, 3254.955898198061, 9335.067533308558], "k_pid_alt": [9841.030375137363, 6451.966317815179, 129.17998097284666], "k_pid_att": [2172.983767418322, 6500.439812658835, 131.49140217509347], "k_pid_yaw": [0.5, 1e-06, 0.1], "k_pid_hsp": [3518.4412948278687, 2843.482293426153, 9913.04624917446], "k_pid_vsp": [6492.3356068887515, 8426.568330055288, 7267.163503894319]}, "datetime": {"datetime": "2025-08-09 17:31:11", "elapsed": 88903.45908880234, "delta": 39.04072642326355}, "costs": {"total_cost": 5083.301534019894, "time_cost": 150, "final_distance_cost": 1207.1515416928269, "oscillation_cost": 106.44642041347954, "completition_cost": 1000.0, "overshoot_cost": 2557.509874298152, "power_cost": 34.62551169433594, "noise_cost": 27.568185921099193, "n_waypoints_completed": 0, "tot_waypoints": 9}}
{"target": -5214.072712992412, "params": {"k_pid_pos": [0.0, 2328.550984525947, 3848.48026756172], "k_pid_alt": [10000.0, 3125.8924289281535, 8916.725287295896], "k_pid_att": [7644.343234603176, 6000.68927762523, 4642.004667213064], "k_pid_yaw": [0.5, 1e-06, 0.1], "k_pid_hsp": [6303.170169481687, 10000.0, 9776.326525122122], "k_pid_vsp": [1723.1718178812641, 4513.650923933924, 3986.62783857998]}, "datetime": {"datetime": "2025-08-09 17:32:21", "elapsed": 88972.76072764397, "delta": 69.30163884162903}, "costs": {"total_cost": 5214.072712992412, "time_cost": 150, "final_distance_cost": 1152.784177371743, "oscillation_cost": 332.05288272613524, "completition_cost": 1000.0, "overshoot_cost": 2452.282756580408, "power_cost": 47.303235681152344, "noise_cost": 79.6496606329719, "n_waypoints_completed": 0, "tot_waypoints": 9}}
{"target": -26318.61149696927, "params": {"k_pid_pos": [3111.7658896847843, 5013.077520330476, 1293.7354499671417], "k_pid_alt": [641.1657792011871, 6416.073279531233, 5859.464247749426], "k_pid_att": [98.43661236466184, 7527.372432533665, 3732.7879689122647], "k_pid_yaw": [0.5, 1e-06, 0.1], "k_pid_hsp": [4293.355026951576, 7005.913679106821, 2742.3559838498068], "k_pid_vsp": [2984.6907281865297, 8971.808945883959, 1174.734492655254]}, "datetime": {"datetime": "2025-08-09 17:32:59", "elapsed": 89011.47216248512, "delta": 38.711434841156006}, "costs": {"total_cost": 26318.61149696927, "time_cost": 150, "final_distance_cost": 7080.171138525606, "oscillation_cost": 1762.0940172971816, "completition_cost": 1000.0, "overshoot_cost": 16126.993112745446, "power_cost": 58.41579724121094, "noise_cost": 140.93743115982477, "n_waypoints_completed": 0, "tot_waypoints": 9}}
{"target": -4262.395358228656, "params": {"k_pid_pos": [1981.6563525785368, 2201.4822135214195, 26.636289881444284], "k_pid_alt": [2548.7761005191346, 6254.529034792478, 3992.0283654980494], "k_pid_att": [3837.0250533893336, 9772.675184145102, 2137.551304780072], "k_pid_yaw": [0.5, 1e-06, 0.1], "k_pid_hsp": [5609.743205711976, 1340.9528159857841, 2317.9242237821572], "k_pid_vsp": [3336.1181526861005, 5941.852576048191, 176.85640614712116]}, "datetime": {"datetime": "2025-08-09 17:33:37", "elapsed": 89048.78850483894, "delta": 37.3163423538208}, "costs": {"total_cost": 4262.395358228656, "time_cost": 150, "final_distance_cost": 723.5654034153698, "oscillation_cost": 601.0276454197173, "completition_cost": 1000.0, "overshoot_cost": 1608.497428201724, "power_cost": 58.62981968994141, "noise_cost": 120.67506150190395, "n_waypoints_completed": 0, "tot_waypoints": 9}}
{"target": -8158.821913064201, "params": {"k_pid_pos": [1309.1859551285024, 4548.708032936995, 2476.546478913263], "k_pid_alt": [3942.8224734743358, 5106.792782261809, 8283.382643122406], "k_pid_att": [1553.3452045257468, 9171.11502109307, 4861.068291767197], "k_pid_yaw": [0.5, 1e-06, 0.1], "k_pid_hsp": [8629.045492046296, 1694.015138175442, 6801.354271757425], "k_pid_vsp": [3612.0171326281393, 7653.863430822563, 7617.151931106899]}, "datetime": {"datetime": "2025-08-09 17:34:16", "elapsed": 89088.13465571404, "delta": 39.34615087509155}, "costs": {"total_cost": 8158.821913064201, "time_cost": 150, "final_distance_cost": 1362.6394642801463, "oscillation_cost": 1442.9804663429127, "completition_cost": 1000.0, "overshoot_cost": 4010.413392467167, "power_cost": 57.61444229736328, "noise_cost": 135.17414767661168, "n_waypoints_completed": 0, "tot_waypoints": 9}}
{"target": -8852.906672702173, "params": {"k_pid_pos": [2916.8980421246583, 258.8765450270258, 1667.4158714672305], "k_pid_alt": [4662.1181064052735, 2004.9089086456418, 5786.516515063782], "k_pid_att": [4458.311933981269, 4860.534268236106, 2308.7963808457057], "k_pid_yaw": [0.5, 1e-06, 0.1], "k_pid_hsp": [3937.5351598252705, 8354.30474592097, 8118.151467796344], "k_pid_vsp": [1159.8969656876013, 813.3588587898311, 7408.592791206772]}, "datetime": {"datetime": "2025-08-09 17:34:59", "elapsed": 89130.83856630325, "delta": 42.70391058921814}, "costs": {"total_cost": 8852.906672702173, "time_cost": 150, "final_distance_cost": 1802.5576630565529, "oscillation_cost": 474.3684781671112, "completition_cost": 1000.0, "overshoot_cost": 5280.412208681846, "power_cost": 53.37373264160156, "noise_cost": 92.19459015506126, "n_waypoints_completed": 0, "tot_waypoints": 9}}
{"target": -12183.84642270165, "params": {"k_pid_pos": [8333.841592942455, 6307.4351632788885, 8827.99149742511], "k_pid_alt": [41.968625808217475, 9462.38974766773, 4329.684501363365], "k_pid_att": [2876.183733171852, 5169.25663935682, 4284.065831095863], "k_pid_yaw": [0.5, 1e-06, 0.1], "k_pid_hsp": [706.7910612745543, 4076.2261292640424, 4196.464626815741], "k_pid_vsp": [7168.493612496417, 4638.610074801778, 642.7924015327169]}, "datetime": {"datetime": "2025-08-09 17:35:37", "elapsed": 89168.8528869152, "delta": 38.014320611953735}, "costs": {"total_cost": 12183.84642270165, "time_cost": 150, "final_distance_cost": 4029.8604943162254, "oscillation_cost": 1308.2960439160927, "completition_cost": 1000.0, "overshoot_cost": 5494.766609448257, "power_cost": 58.622244348144534, "noise_cost": 142.30103067293106, "n_waypoints_completed": 0, "tot_waypoints": 9}}
{"target": -10138.013387765435, "params": {"k_pid_pos": [7583.88929649715, 7627.350900271344, 926.275110868261], "k_pid_alt": [3241.587345815089, 5694.623334572861, 6726.861711739421], "k_pid_att": [7231.846423799458, 9800.863821521789, 7181.976496029172], "k_pid_yaw": [0.5, 1e-06, 0.1], "k_pid_hsp": [350.085244822711, 6259.823927627202, 4290.097217487895], "k_pid_vsp": [9485.216510293823, 8467.5295795573, 9958.803244957413]}, "datetime": {"datetime": "2025-08-09 17:36:15", "elapsed": 89206.82855153084, "delta": 37.9756646156311}, "costs": {"total_cost": 10138.013387765435, "time_cost": 150, "final_distance_cost": 2658.1718229284943, "oscillation_cost": 1128.7617315388025, "completition_cost": 1000.0, "overshoot_cost": 5030.993308456259, "power_cost": 54.90963026123047, "noise_cost": 115.17689458064822, "n_waypoints_completed": 0, "tot_waypoints": 9}}
{"target": -1786.127881426281, "params": {"k_pid_pos": [0.0, 7531.752071414165, 3370.9757882210974], "k_pid_alt": [6817.110968470867, 10000.0, 8386.121085276236], "k_pid_att": [7018.167917109151, 10000.0, 0.0], "k_pid_yaw": [0.5, 1e-06, 0.1], "k_pid_hsp": [6272.450588931245, 7640.312451216593, 7515.189552073711], "k_pid_vsp": [3911.971853081105, 8205.195351019702, 4766.743140671119]}, "datetime": {"datetime": "2025-08-09 17:37:31", "elapsed": 89283.19091200829, "delta": 76.36236047744751}, "costs": {"total_cost": 1786.127881426281, "time_cost": 150, "final_distance_cost": 62.03382271712049, "oscillation_cost": 410.1358587018174, "completition_cost": 1000.0, "overshoot_cost": 97.5071799181179, "power_cost": 38.30993930664063, "noise_cost": 28.14108078258448, "n_waypoints_completed": 0, "tot_waypoints": 9}}
{"target": -3146.959884227715, "params": {"k_pid_pos": [1533.0187783950078, 5722.961220881359, 5060.675283524177], "k_pid_alt": [4945.142106639645, 4364.710221229102, 6545.793817386248], "k_pid_att": [1866.687021824427, 8551.946916526675, 796.5694708834759], "k_pid_yaw": [0.5, 1e-06, 0.1], "k_pid_hsp": [1162.6141050727679, 7695.857909696546, 5899.697075938797], "k_pid_vsp": [1409.9950127653105, 4637.223303048778, 430.00932628223353]}, "datetime": {"datetime": "2025-08-09 17:38:10", "elapsed": 89321.68218708038, "delta": 38.49127507209778}, "costs": {"total_cost": 3146.959884227715, "time_cost": 150, "final_distance_cost": 380.5828505968002, "oscillation_cost": 596.8680304577209, "completition_cost": 1000.0, "overshoot_cost": 834.7169185872899, "power_cost": 58.58596473388672, "noise_cost": 126.20611985201715, "n_waypoints_completed": 0, "tot_waypoints": 9}}
{"target": -3014.503362426108, "params": {"k_pid_pos": [4887.9601856696945, 5281.572290590666, 9811.986016134326], "k_pid_alt": [8804.460758514582, 130.9916215834106, 70.01576797913023], "k_pid_att": [5864.772982912253, 3958.4497055772904, 2460.6337951991673], "k_pid_yaw": [0.5, 1e-06, 0.1], "k_pid_hsp": [476.6170062650599, 3986.468773624726, 9732.787880916625], "k_pid_vsp": [905.2345964361574, 8371.465983913278, 6042.5801367306785]}, "datetime": {"datetime": "2025-08-09 17:38:47", "elapsed": 89358.9393670559, "delta": 37.257179975509644}, "costs": {"total_cost": 3014.503362426108, "time_cost": 150, "final_distance_cost": 441.58967166799397, "oscillation_cost": 53.43253416643702, "completition_cost": 1000.0, "overshoot_cost": 1306.411916354615, "power_cost": 35.28377270507813, "noise_cost": 27.785467531983727, "n_waypoints_completed": 0, "tot_waypoints": 9}}
{"target": -9420.602502123027, "params": {"k_pid_pos": [9018.08078809458, 3772.33358881103, 3858.701569467532], "k_pid_alt": [6167.613441969141, 9800.59235653184, 0.0], "k_pid_att": [6471.2068885324925, 0.0, 10000.0], "k_pid_yaw": [0.5, 1e-06, 0.1], "k_pid_hsp": [8430.663497008665, 10000.0, 7462.053646999555], "k_pid_vsp": [318.36099380759424, 4571.075374658413, 6706.484854451089]}, "datetime": {"datetime": "2025-08-09 17:39:50", "elapsed": 89422.2102754116, "delta": 63.27090835571289}, "costs": {"total_cost": 9420.602502123027, "time_cost": 150, "final_distance_cost": 2531.681431063369, "oscillation_cost": 23.55107809295443, "completition_cost": 1000.0, "overshoot_cost": 5652.033893753856, "power_cost": 35.39351364746094, "noise_cost": 27.9425855653861, "n_waypoints_completed": 0, "tot_waypoints": 9}}
{"target": -2204.4174961154818, "params": {"k_pid_pos": [9653.774982417099, 8832.396043798337, 8873.418154603929], "k_pid_alt": [3088.2219310881082, 2758.1293015309743, 2298.8357530999297], "k_pid_att": [7898.6199419031755, 5268.413648262537, 0.0], "k_pid_yaw": [0.5, 1e-06, 0.1], "k_pid_hsp": [0.0, 4976.8135191350075, 9946.400720548387], "k_pid_vsp": [2398.651395496149, 10000.0, 6693.531252859648]}, "datetime": {"datetime": "2025-08-09 17:40:59", "elapsed": 89490.65686750412, "delta": 68.44659209251404}, "costs": {"total_cost": 2204.4174961154818, "time_cost": 150, "final_distance_cost": 105.01981521916946, "oscillation_cost": 760.6873963793223, "completition_cost": 1000.0, "overshoot_cost": 124.79807937521184, "power_cost": 35.984832543945316, "noise_cost": 27.927372597832594, "n_waypoints_completed": 0, "tot_waypoints": 9}}
