{"target": -4379.972813681643, "params": {"k_pid_pos": [9595.417393019374, 4330.1590240576825, 8368.236366183364], "k_pid_alt": [9439.297325537906, 2724.280888515809, 7368.613705394241], "k_pid_att": [2616.4712543824107, 909.6953850304012, 7503.62254292672], "k_pid_yaw": [0.5, 1e-06, 0.1], "k_pid_hsp": [5495.422532845907, 2034.5515962722172, 5674.5551912932515], "k_pid_vsp": [2112.6284909393435, 4303.04785019317, 986.6194512645876]}, "datetime": {"datetime": "2025-08-09 11:08:03", "elapsed": 65915.38255524635, "delta": 36.99563789367676}, "costs": {"total_cost": 4379.972813681643, "time_cost": 150, "final_distance_cost": 508.37692912041007, "oscillation_cost": 796.5625047073703, "completition_cost": 1000.0, "overshoot_cost": 1742.6699930933357, "power_cost": 58.55283464355469, "noise_cost": 123.81055211697199, "n_waypoints_completed": 0, "tot_waypoints": 9}}
{"target": -16104.64082166596, "params": {"k_pid_pos": [9431.39163610827, 5442.796109807654, 982.126979718625], "k_pid_alt": [96.63252643575592, 4297.14191573404, 1557.8672432952733], "k_pid_att": [325.0938616054844, 6582.273336917123, 8426.206099587507], "k_pid_yaw": [0.5, 1e-06, 0.1], "k_pid_hsp": [2455.0145672197264, 8581.242309714173, 7096.772327449472], "k_pid_vsp": [2268.2734195031517, 9007.649069654562, 5419.945609889491]}, "datetime": {"datetime": "2025-08-09 11:08:39", "elapsed": 65950.87745189667, "delta": 35.49489665031433}, "costs": {"total_cost": 16104.64082166596, "time_cost": 150, "final_distance_cost": 5315.816069155573, "oscillation_cost": 1254.8124136881986, "completition_cost": 1000.0, "overshoot_cost": 8210.756601713856, "power_cost": 54.78447158203125, "noise_cost": 118.47126552630053, "n_waypoints_completed": 0, "tot_waypoints": 9}}
{"target": -18322.199249595447, "params": {"k_pid_pos": [9473.157139369227, 846.306726773911, 2336.6430678038064], "k_pid_alt": [2381.485368557942, 5649.871721129816, 8652.746100964143], "k_pid_att": [2009.4107059352118, 5821.8441043523135, 1950.9362141524277], "k_pid_yaw": [0.5, 1e-06, 0.1], "k_pid_hsp": [8608.888834819098, 9531.335161167563, 8193.03469125553], "k_pid_vsp": [1027.453541249439, 4189.933827145224, 4841.533667638503]}, "datetime": {"datetime": "2025-08-09 11:09:14", "elapsed": 65985.88897180557, "delta": 35.01151990890503}, "costs": {"total_cost": 18322.199249595447, "time_cost": 150, "final_distance_cost": 5924.167418977453, "oscillation_cost": 1472.0905688706732, "completition_cost": 1000.0, "overshoot_cost": 9587.382364139394, "power_cost": 57.354788488769536, "noise_cost": 131.20410911915556, "n_waypoints_completed": 0, "tot_waypoints": 9}}
{"target": -1416.1988972489016, "params": {"k_pid_pos": [10000.0, 2961.623406220231, 0.0], "k_pid_alt": [4373.521448000471, 8960.192491455382, 3593.0147888507504], "k_pid_att": [8959.321993063815, 2593.7308267163626, 0.0], "k_pid_yaw": [0.5, 1e-06, 0.1], "k_pid_hsp": [138.67838296541814, 10000.0, 0.0], "k_pid_vsp": [2121.836010032256, 9719.728333074, 10000.0]}, "datetime": {"datetime": "2025-08-09 11:10:14", "elapsed": 66046.17007660866, "delta": 60.28110480308533}, "costs": {"total_cost": 1416.1988972489016, "time_cost": 150, "final_distance_cost": 31.806273880773258, "oscillation_cost": 91.39952645735629, "completition_cost": 1000.0, "overshoot_cost": 68.52215613376134, "power_cost": 44.78134755859375, "noise_cost": 29.689593218416913, "n_waypoints_completed": 0, "tot_waypoints": 9}}
{"target": -3142.237399860022, "params": {"k_pid_pos": [6485.3177941151625, 3125.152636789047, 8086.538510194625], "k_pid_alt": [891.365995076786, 9378.501123572383, 2536.678937495447], "k_pid_att": [8087.580524353464, 5940.69265738995, 2566.869827139402], "k_pid_yaw": [0.5, 1e-06, 0.1], "k_pid_hsp": [4249.789399507698, 7396.027637991419, 2500.2949034567], "k_pid_vsp": [5255.881948691821, 3466.106647353686, 2071.178101956155]}, "datetime": {"datetime": "2025-08-09 11:10:50", "elapsed": 66082.46240544319, "delta": 36.29232883453369}, "costs": {"total_cost": 3142.237399860022, "time_cost": 150, "final_distance_cost": 546.7584101429237, "oscillation_cost": 396.58223501483815, "completition_cost": 1000.0, "overshoot_cost": 931.2716778628755, "power_cost": 49.36265441894531, "noise_cost": 68.2624224204391, "n_waypoints_completed": 0, "tot_waypoints": 9}}
{"target": -4683.938353993474, "params": {"k_pid_pos": [2811.9173549586885, 6582.821907422788, 7701.91805755379], "k_pid_alt": [8613.270720912507, 3787.054197446963, 7623.466862394709], "k_pid_att": [4518.434598298277, 7322.360131682475, 4960.318770468984], "k_pid_yaw": [0.5, 1e-06, 0.1], "k_pid_hsp": [9529.118716916173, 1933.7153718343748, 9207.821079389194], "k_pid_vsp": [2381.6463223893948, 4918.198967275886, 6152.627874973286]}, "datetime": {"datetime": "2025-08-09 11:11:26", "elapsed": 66117.53885245323, "delta": 35.07644701004028}, "costs": {"total_cost": 4683.938353993474, "time_cost": 150, "final_distance_cost": 792.8448523598454, "oscillation_cost": 991.2738293987494, "completition_cost": 1000.0, "overshoot_cost": 1580.6850656703248, "power_cost": 53.90523450927735, "noise_cost": 115.2293720552774, "n_waypoints_completed": 0, "tot_waypoints": 9}}
{"target": -3765.922030003383, "params": {"k_pid_pos": [1608.4003177110994, 3338.180779532555, 8628.232395451432], "k_pid_alt": [2038.5482624041229, 7102.46336813037, 4647.544585142032], "k_pid_att": [4878.151720850319, 9962.071573053594, 367.31322894421714], "k_pid_yaw": [0.5, 1e-06, 0.1], "k_pid_hsp": [3733.6308333175625, 7198.698889993773, 1821.2746311366445], "k_pid_vsp": [7120.9405930854655, 6179.447461376697, 2457.823793942081]}, "datetime": {"datetime": "2025-08-09 11:12:00", "elapsed": 66152.46589016914, "delta": 34.927037715911865}, "costs": {"total_cost": 3765.922030003383, "time_cost": 150, "final_distance_cost": 763.1026058839261, "oscillation_cost": 252.30269845361119, "completition_cost": 888.8888888888888, "overshoot_cost": 1648.5297835065182, "power_cost": 35.329660839843754, "noise_cost": 27.76839243059543, "n_waypoints_completed": 1, "tot_waypoints": 9}}
{"target": -5197.647061733605, "params": {"k_pid_pos": [6904.167991187436, 5764.297927433013, 566.3997744170823], "k_pid_alt": [7367.748299065527, 9186.147997174436, 625.6090236848488], "k_pid_att": [2864.3125057667353, 2474.3751187978246, 9043.800769393341], "k_pid_yaw": [0.5, 1e-06, 0.1], "k_pid_hsp": [5607.9149376687365, 2809.619353627173, 7615.749880395991], "k_pid_vsp": [6623.5755350617965, 6704.294995341333, 8654.762859987877]}, "datetime": {"datetime": "2025-08-09 11:12:36", "elapsed": 66188.30745601654, "delta": 35.84156584739685}, "costs": {"total_cost": 5197.647061733605, "time_cost": 150, "final_distance_cost": 974.1061700543181, "oscillation_cost": 251.1569070187943, "completition_cost": 1000.0, "overshoot_cost": 2724.304977251798, "power_cost": 43.78316568603516, "noise_cost": 54.295841722659546, "n_waypoints_completed": 0, "tot_waypoints": 9}}
{"target": -8902.98900130763, "params": {"k_pid_pos": [2049.0267944566676, 5533.155361858606, 9576.219834695834], "k_pid_alt": [9587.594122857448, 7357.457755741564, 1309.2537108429958], "k_pid_att": [8856.645868908412, 9311.636062318434, 7706.886409782059], "k_pid_yaw": [0.5, 1e-06, 0.1], "k_pid_hsp": [8118.485171474128, 237.02834518439576, 500.85182414014383], "k_pid_vsp": [6301.6104363649265, 5427.544565722889, 3510.3669422659646]}, "datetime": {"datetime": "2025-08-09 11:13:12", "elapsed": 66223.93837380409, "delta": 35.63091778755188}, "costs": {"total_cost": 8902.98900130763, "time_cost": 150, "final_distance_cost": 1865.2849161641477, "oscillation_cost": 727.6761828093887, "completition_cost": 1000.0, "overshoot_cost": 4960.572646741536, "power_cost": 58.647013171386725, "noise_cost": 140.80824242117066, "n_waypoints_completed": 0, "tot_waypoints": 9}}
{"target": -7472.968966584308, "params": {"k_pid_pos": [1124.4352691702786, 9069.642310634194, 4937.800620827959], "k_pid_alt": [3003.7567377507135, 7237.8633273083315, 3026.5253980386165], "k_pid_att": [6264.693436239903, 9051.533521228532, 8536.047225020176], "k_pid_yaw": [0.5, 1e-06, 0.1], "k_pid_hsp": [8829.736103119549, 2584.7803033520213, 3639.6087524837094], "k_pid_vsp": [202.02212521535645, 6346.048979228371, 9178.228696164606]}, "datetime": {"datetime": "2025-08-09 11:13:47", "elapsed": 66258.665361166, "delta": 34.72698736190796}, "costs": {"total_cost": 7472.968966584308, "time_cost": 150, "final_distance_cost": 1368.0807182032845, "oscillation_cost": 1074.0252413308149, "completition_cost": 1000.0, "overshoot_cost": 3722.419054898311, "power_cost": 53.07054195556641, "noise_cost": 105.37341019633072, "n_waypoints_completed": 0, "tot_waypoints": 9}}
{"target": -1650.6891791754979, "params": {"k_pid_pos": [7784.6281147108175, 0.0, 2207.2773879658034], "k_pid_alt": [286.43967285430233, 2655.165425890591, 7425.662822250065], "k_pid_att": [5834.350482153089, 10000.0, 0.0], "k_pid_yaw": [0.5, 1e-06, 0.1], "k_pid_hsp": [10000.0, 6603.125990398638, 273.3608158440097], "k_pid_vsp": [3539.545317263321, 795.4791205164717, 10000.0]}, "datetime": {"datetime": "2025-08-09 11:14:47", "elapsed": 66318.9787158966, "delta": 60.31335473060608}, "costs": {"total_cost": 1650.6891791754979, "time_cost": 150, "final_distance_cost": 55.7804050420632, "oscillation_cost": 620.6038478227586, "completition_cost": 666.6666666666667, "overshoot_cost": 87.12231049452411, "power_cost": 40.81040595703125, "noise_cost": 29.70554319245406, "n_waypoints_completed": 3, "tot_waypoints": 9}}
{"target": -3511.3878881389232, "params": {"k_pid_pos": [4007.602814376884, 9588.619107279972, 9647.676816725521], "k_pid_alt": [7101.146284203712, 2679.691959186862, 7618.836146858551], "k_pid_att": [8287.599070598206, 6966.697798378615, 6221.144131523135], "k_pid_yaw": [0.5, 1e-06, 0.1], "k_pid_hsp": [825.5333589686553, 855.7748440593715, 6473.911894613226], "k_pid_vsp": [2091.7379966812678, 7633.424206019737, 4016.9027428323325]}, "datetime": {"datetime": "2025-08-09 11:15:23", "elapsed": 66354.62383532524, "delta": 35.645119428634644}, "costs": {"total_cost": 3511.3878881389232, "time_cost": 150, "final_distance_cost": 466.31673090574697, "oscillation_cost": 518.5210003251393, "completition_cost": 1000.0, "overshoot_cost": 1221.2251672582931, "power_cost": 52.97484154052734, "noise_cost": 102.35014810921652, "n_waypoints_completed": 0, "tot_waypoints": 9}}
{"target": -17443.781019080696, "params": {"k_pid_pos": [614.6601364899961, 2888.7719394354162, 3740.4274792254478], "k_pid_alt": [8136.397562825441, 9457.349891800894, 1146.5166566622197], "k_pid_att": [3601.786774129366, 4342.152334836062, 6852.907250695684], "k_pid_yaw": [0.5, 1e-06, 0.1], "k_pid_hsp": [9911.163537364137, 3686.9702457564135, 4277.988651758554], "k_pid_vsp": [4315.973826037385, 875.7911934053009, 259.72657837567306]}, "datetime": {"datetime": "2025-08-09 11:15:58", "elapsed": 66389.84625506401, "delta": 35.22241973876953}, "costs": {"total_cost": 17443.781019080696, "time_cost": 150, "final_distance_cost": 4843.9064595581885, "oscillation_cost": 1487.345229686281, "completition_cost": 1000.0, "overshoot_cost": 9761.899143653189, "power_cost": 58.657303649902346, "noise_cost": 141.97288253313852, "n_waypoints_completed": 0, "tot_waypoints": 9}}
{"target": -2116.4497815354034, "params": {"k_pid_pos": [10000.0, 5985.386803962777, 1556.4052415984295], "k_pid_alt": [2291.8942282392345, 3402.3264769021102, 101.3181233263632], "k_pid_att": [4291.500205863974, 5834.916920667496, 0.0], "k_pid_yaw": [0.5, 1e-06, 0.1], "k_pid_hsp": [4828.15378978134, 0.0, 7698.7323418341], "k_pid_vsp": [4232.9516906580075, 10000.0, 10000.0]}, "datetime": {"datetime": "2025-08-09 11:16:53", "elapsed": 66445.47011208534, "delta": 55.62385702133179}, "costs": {"total_cost": 2116.4497815354034, "time_cost": 150, "final_distance_cost": 37.52656772033031, "oscillation_cost": 860.8889910493186, "completition_cost": 888.8888888888888, "overshoot_cost": 114.88550352669418, "power_cost": 36.21818516845703, "noise_cost": 28.0416451817141, "n_waypoints_completed": 1, "tot_waypoints": 9}}
{"target": -7425.372999642503, "params": {"k_pid_pos": [5383.339820147974, 2583.0783342384457, 3462.131928129505], "k_pid_alt": [6087.555762745842, 1171.7489299031881, 1710.8292662017022], "k_pid_att": [4059.941296442514, 5906.590203905467, 3655.6794201120624], "k_pid_yaw": [0.5, 1e-06, 0.1], "k_pid_hsp": [8627.11110249679, 2456.22541901262, 1854.1135241704164], "k_pid_vsp": [7512.16853826536, 415.88329317788885, 8611.798900896789]}, "datetime": {"datetime": "2025-08-09 11:17:30", "elapsed": 66481.8822247982, "delta": 36.41211271286011}, "costs": {"total_cost": 7425.372999642503, "time_cost": 150, "final_distance_cost": 1277.9671936825694, "oscillation_cost": 612.0975684805447, "completition_cost": 1000.0, "overshoot_cost": 4219.020206552054, "power_cost": 55.731176464843756, "noise_cost": 110.55685446249004, "n_waypoints_completed": 0, "tot_waypoints": 9}}
{"target": -1311.6021443702575, "params": {"k_pid_pos": [9476.416408419378, 6245.526316754741, 6382.566490322921], "k_pid_alt": [0.0, 8918.326339537987, 3513.789040792459], "k_pid_att": [10000.0, 8163.655987210301, 0.0], "k_pid_yaw": [0.5, 1e-06, 0.1], "k_pid_hsp": [4258.037150335541, 7731.498458587859, 2389.218653734142], "k_pid_vsp": [2406.804875145006, 5000.0664833821675, 0.0]}, "datetime": {"datetime": "2025-08-09 11:18:22", "elapsed": 66533.64979100227, "delta": 51.767566204071045}, "costs": {"total_cost": 1311.6021443702575, "time_cost": 150, "final_distance_cost": 96.01761127252315, "oscillation_cost": 145.4206911026473, "completition_cost": 777.7777777777778, "overshoot_cost": 71.32717220061758, "power_cost": 42.027141833496096, "noise_cost": 29.031750183195708, "n_waypoints_completed": 2, "tot_waypoints": 9}}
{"target": -2111.3910177196967, "params": {"k_pid_pos": [948.1449646390861, 6893.840470022443, 6667.459930326365], "k_pid_alt": [1978.6245231295763, 2163.6125256743276, 8929.938700396238], "k_pid_att": [9778.53239612831, 3302.783861695193, 1431.2808374503072], "k_pid_yaw": [0.5, 1e-06, 0.1], "k_pid_hsp": [5281.662123013096, 3778.7043140461374, 4637.088575446595], "k_pid_vsp": [9391.815458750589, 3806.5005629355874, 6173.832458819832]}, "datetime": {"datetime": "2025-08-09 11:18:56", "elapsed": 66568.40622019768, "delta": 34.75642919540405}, "costs": {"total_cost": 2111.3910177196967, "time_cost": 150, "final_distance_cost": 267.4918432324026, "oscillation_cost": 77.41960667742237, "completition_cost": 1000.0, "overshoot_cost": 553.1845468745222, "power_cost": 35.34671372070313, "noise_cost": 27.94830721464653, "n_waypoints_completed": 0, "tot_waypoints": 9}}
{"target": -7144.141415588165, "params": {"k_pid_pos": [3435.446979662111, 2443.340510739359, 3597.706223223696], "k_pid_alt": [210.8947453322785, 1703.187414830104, 4797.817119796408], "k_pid_att": [3716.938777886254, 5207.922842945521, 8097.496773267522], "k_pid_yaw": [0.5, 1e-06, 0.1], "k_pid_hsp": [56.31182814931135, 6569.665011854426, 3390.097965145422], "k_pid_vsp": [3664.2240365891244, 9987.420304505042, 8501.931549348164]}, "datetime": {"datetime": "2025-08-09 11:19:32", "elapsed": 66604.16140007973, "delta": 35.75517988204956}, "costs": {"total_cost": 7144.141415588165, "time_cost": 150, "final_distance_cost": 2410.175002754848, "oscillation_cost": 522.7355500328362, "completition_cost": 1000.0, "overshoot_cost": 2919.4933188677173, "power_cost": 50.584825610351565, "noise_cost": 91.15271832241206, "n_waypoints_completed": 0, "tot_waypoints": 9}}
{"target": -1432.1044908017695, "params": {"k_pid_pos": [9381.338973797694, 6963.462695655371, 5886.542671806255], "k_pid_alt": [14.902926473954192, 1297.7803912216445, 2103.992630907059], "k_pid_att": [7388.431225849048, 4388.326426757611, 1016.6036311088789], "k_pid_yaw": [0.5, 1e-06, 0.1], "k_pid_hsp": [7510.07271788323, 9680.151612537493, 2651.769153830955], "k_pid_vsp": [4588.993649093506, 1145.8270233337619, 7407.429170978306]}, "datetime": {"datetime": "2025-08-09 11:20:07", "elapsed": 66638.86350369453, "delta": 34.70210361480713}, "costs": {"total_cost": 1432.1044908017695, "time_cost": 150, "final_distance_cost": 109.85545593588795, "oscillation_cost": 93.78418019331197, "completition_cost": 888.8888888888888, "overshoot_cost": 123.74572629216053, "power_cost": 37.72979410400391, "noise_cost": 28.100445387516462, "n_waypoints_completed": 1, "tot_waypoints": 9}}
{"target": -1521.9319823448861, "params": {"k_pid_pos": [7830.122344180054, 977.0986845113235, 5725.371132219105], "k_pid_alt": [716.586809820765, 10000.0, 1848.6905525138684], "k_pid_att": [10000.0, 7072.935483093905, 0.0], "k_pid_yaw": [0.5, 1e-06, 0.1], "k_pid_hsp": [0.0, 10000.0, 0.0], "k_pid_vsp": [5580.115778212845, 3929.927563610564, 8562.40067915826]}, "datetime": {"datetime": "2025-08-09 11:21:04", "elapsed": 66696.00838899612, "delta": 57.144885301589966}, "costs": {"total_cost": 1521.9319823448861, "time_cost": 150, "final_distance_cost": 53.45440965482447, "oscillation_cost": 190.14881267869404, "completition_cost": 1000.0, "overshoot_cost": 52.66856602282706, "power_cost": 45.85556540527344, "noise_cost": 29.804628583267203, "n_waypoints_completed": 0, "tot_waypoints": 9}}
{"target": -9232.593863990242, "params": {"k_pid_pos": [3386.5031868750993, 2758.5338519853044, 6197.090899102652], "k_pid_alt": [7973.189837884777, 6523.917186812462, 4995.601787440479], "k_pid_att": [2889.9845613120224, 2099.0839943482233, 5203.3887527360175], "k_pid_yaw": [0.5, 1e-06, 0.1], "k_pid_hsp": [280.91519952937796, 9393.70252298351, 1829.667356958703], "k_pid_vsp": [4129.199185394401, 8615.239820407889, 5365.790880306808]}, "datetime": {"datetime": "2025-08-09 11:21:39", "elapsed": 66730.8346452713, "delta": 34.826256275177}, "costs": {"total_cost": 9232.593863990242, "time_cost": 150, "final_distance_cost": 2111.918819791541, "oscillation_cost": 780.3367340229036, "completition_cost": 1000.0, "overshoot_cost": 4997.228533784915, "power_cost": 58.519983825683596, "noise_cost": 134.58979256519856, "n_waypoints_completed": 0, "tot_waypoints": 9}}
{"target": -23042.817278302402, "params": {"k_pid_pos": [5344.280133673595, 8626.613600839632, 5667.427039622637], "k_pid_alt": [2093.007215550201, 4750.94028610112, 9853.277495265967], "k_pid_att": [3732.883048824033, 4584.32783984298, 6137.745379709933], "k_pid_yaw": [0.5, 1e-06, 0.1], "k_pid_hsp": [4809.28084996507, 9812.654507402684, 1070.6563828254523], "k_pid_vsp": [717.069392152414, 8005.625430542675, 2899.9327040219246]}, "datetime": {"datetime": "2025-08-09 11:22:14", "elapsed": 66765.9645550251, "delta": 35.12990975379944}, "costs": {"total_cost": 23042.817278302402, "time_cost": 150, "final_distance_cost": 6653.177527662094, "oscillation_cost": 1515.1287934682002, "completition_cost": 1000.0, "overshoot_cost": 13522.711076215199, "power_cost": 58.62149826660156, "noise_cost": 143.17838269030344, "n_waypoints_completed": 0, "tot_waypoints": 9}}
{"target": -1655.9972981227409, "params": {"k_pid_pos": [8586.685663019916, 9505.709727968439, 0.0], "k_pid_alt": [0.0, 10000.0, 3701.171968435762], "k_pid_att": [7185.662633984195, 1689.8746950726272, 0.0], "k_pid_yaw": [0.5, 1e-06, 0.1], "k_pid_hsp": [8081.100688107356, 7831.112148212631, 0.0], "k_pid_vsp": [3869.0897151550403, 6451.560809455438, 1953.4129909276162]}, "datetime": {"datetime": "2025-08-09 11:23:12", "elapsed": 66824.26000618935, "delta": 58.295451164245605}, "costs": {"total_cost": 1655.9972981227409, "time_cost": 150, "final_distance_cost": 56.98292737804229, "oscillation_cost": 309.36444395504293, "completition_cost": 1000.0, "overshoot_cost": 69.67869910145787, "power_cost": 41.10343192138672, "noise_cost": 28.867795766811057, "n_waypoints_completed": 0, "tot_waypoints": 9}}
{"target": -4109.958410961345, "params": {"k_pid_pos": [4886.974840646676, 3801.850754891398, 8608.96127081548], "k_pid_alt": [2711.930300079388, 9604.981943696985, 7223.834546351644], "k_pid_att": [4303.8907148105145, 931.5722292215601, 9266.11131257696], "k_pid_yaw": [0.5, 1e-06, 0.1], "k_pid_hsp": [2974.73023103076, 1701.1694668128107, 9518.235842621016], "k_pid_vsp": [2614.6470100116903, 4274.586346582167, 72.59527147235877]}, "datetime": {"datetime": "2025-08-09 11:23:55", "elapsed": 66867.44060873985, "delta": 43.18060255050659}, "costs": {"total_cost": 4109.958410961345, "time_cost": 150, "final_distance_cost": 522.4244261570853, "oscillation_cost": 737.9937705465113, "completition_cost": 1000.0, "overshoot_cost": 1517.6103121557273, "power_cost": 58.621353344726565, "noise_cost": 123.30854875729462, "n_waypoints_completed": 0, "tot_waypoints": 9}}
{"target": -9609.251229261532, "params": {"k_pid_pos": [2272.666279381124, 4183.95424439341, 4851.491419550986], "k_pid_alt": [7436.215103181996, 1247.2386164313675, 9563.919650261803], "k_pid_att": [2633.033467041661, 2053.9519186197185, 3173.7987666791346], "k_pid_yaw": [0.5, 1e-06, 0.1], "k_pid_hsp": [5404.36780255933, 721.8693713265977, 9925.768560751258], "k_pid_vsp": [1652.2689609692366, 9666.001846292018, 2606.468222135995]}, "datetime": {"datetime": "2025-08-09 11:24:34", "elapsed": 66906.28431463242, "delta": 38.843705892562866}, "costs": {"total_cost": 9609.251229261532, "time_cost": 150, "final_distance_cost": 2339.412852548208, "oscillation_cost": 1221.3470430362636, "completition_cost": 1000.0, "overshoot_cost": 4697.903149838196, "power_cost": 58.658034887695315, "noise_cost": 141.9301489511679, "n_waypoints_completed": 0, "tot_waypoints": 9}}
