{"target": -8495.06929162561, "params": {"k_pid_pos": [7766.681602947143, 4850.316045830632, 8820.079553153937], "k_pid_alt": [7056.615463245356, 9335.900917713545, 6384.077538642722], "k_pid_att": [6496.206317195162, 2530.763238094532, 6174.873903673608], "k_pid_yaw": [0.5, 1e-06, 0.1], "k_pid_hsp": [1897.001477489717, 9050.708896364966, 8912.465115797204], "k_pid_vsp": [7190.2737596227935, 4053.670268239006, 9921.086453159669]}, "datetime": {"datetime": "2025-08-09 08:17:25", "elapsed": 55677.02106618881, "delta": 34.69708967208862}, "costs": {"total_cost": 8495.06929162561, "time_cost": 150, "final_distance_cost": 2385.9165668285577, "oscillation_cost": 350.1877837595345, "completition_cost": 1000.0, "overshoot_cost": 4491.418859212143, "power_cost": 46.7761306640625, "noise_cost": 70.76995116131403, "n_waypoints_completed": 0, "tot_waypoints": 9}}
{"target": -2706.7673898931594, "params": {"k_pid_pos": [7483.759929378116, 2780.421232247296, 7573.359325348067], "k_pid_alt": [9818.660465448082, 446.47141596477576, 9027.593598462821], "k_pid_att": [10000.0, 7715.241326589332, 4005.198909466229], "k_pid_yaw": [0.5, 1e-06, 0.1], "k_pid_hsp": [10000.0, 8247.883061904615, 5828.070995007728], "k_pid_vsp": [2976.9787956725377, 8586.555322089594, 1567.3579986571128]}, "datetime": {"datetime": "2025-08-09 08:18:15", "elapsed": 55726.747336387634, "delta": 49.72627019882202}, "costs": {"total_cost": 2706.7673898931594, "time_cost": 150, "final_distance_cost": 153.18655198579407, "oscillation_cost": 526.6897771164132, "completition_cost": 1000.0, "overshoot_cost": 740.4637023741436, "power_cost": 57.10805712890625, "noise_cost": 79.31930128790192, "n_waypoints_completed": 0, "tot_waypoints": 9}}
{"target": -8274.695471040572, "params": {"k_pid_pos": [3588.6599930681027, 8723.111922686925, 3720.802490830647], "k_pid_alt": [8595.431802350718, 5489.2484831911715, 6275.879395115386], "k_pid_att": [472.57373538990066, 5236.809197092241, 8927.437242431875], "k_pid_yaw": [0.5, 1e-06, 0.1], "k_pid_hsp": [2002.7097348048717, 5666.3504789972285, 9993.641147353015], "k_pid_vsp": [1144.0920782631504, 4127.419848080848, 5147.123899141558]}, "datetime": {"datetime": "2025-08-09 08:18:49", "elapsed": 55761.104840517044, "delta": 34.35750412940979}, "costs": {"total_cost": 8274.695471040572, "time_cost": 150, "final_distance_cost": 1729.0105714907859, "oscillation_cost": 643.8707830905936, "completition_cost": 1000.0, "overshoot_cost": 4582.843306455859, "power_cost": 54.47400126953125, "noise_cost": 114.49680873380116, "n_waypoints_completed": 0, "tot_waypoints": 9}}
{"target": -1342.9487805694835, "params": {"k_pid_pos": [2978.910164039655, 4858.279989367364, 1265.688684216631], "k_pid_alt": [8438.591739569618, 1305.6312473549956, 10000.0], "k_pid_att": [9655.713100376099, 2321.569349862326, 0.0], "k_pid_yaw": [0.5, 1e-06, 0.1], "k_pid_hsp": [140.033936859756, 6261.578379804356, 0.0], "k_pid_vsp": [5811.447624947477, 3656.1350262226642, 3986.1941483752744]}, "datetime": {"datetime": "2025-08-09 08:19:42", "elapsed": 55813.76706171036, "delta": 52.6622211933136}, "costs": {"total_cost": 1342.9487805694835, "time_cost": 150, "final_distance_cost": 87.91551281986163, "oscillation_cost": 143.8660780370697, "completition_cost": 777.7777777777778, "overshoot_cost": 109.63011968659931, "power_cost": 44.26120317382813, "noise_cost": 29.49808907434678, "n_waypoints_completed": 2, "tot_waypoints": 9}}
{"target": -702.5797467483414, "params": {"k_pid_pos": [10000.0, 7293.15393012407, 6048.494657083745], "k_pid_alt": [6062.146839565668, 0.0, 10000.0], "k_pid_att": [10000.0, 2698.04426932116, 0.0], "k_pid_yaw": [0.5, 1e-06, 0.1], "k_pid_hsp": [3827.160674654032, 9443.43753636162, 0.0], "k_pid_vsp": [7236.632140535617, 0.0, 10000.0]}, "datetime": {"datetime": "2025-08-09 08:20:31", "elapsed": 55862.90798020363, "delta": 49.140918493270874}, "costs": {"total_cost": 702.5797467483414, "time_cost": 150, "final_distance_cost": 62.19748160103748, "oscillation_cost": 234.46873132602346, "completition_cost": 111.11111111111116, "overshoot_cost": 71.07722051875886, "power_cost": 44.173626025390625, "noise_cost": 29.551576166019917, "n_waypoints_completed": 8, "tot_waypoints": 9}}
{"target": -5156.917449535452, "params": {"k_pid_pos": [7685.934313885881, 9155.80694091536, 5635.992731422808], "k_pid_alt": [8524.200938547128, 9445.724768427564, 5891.7278837526055], "k_pid_att": [5378.842892431729, 4505.533341972458, 307.52357220726225], "k_pid_yaw": [0.5, 1e-06, 0.1], "k_pid_hsp": [4805.008478656182, 982.5468858827546, 9618.458671854067], "k_pid_vsp": [4524.437270837164, 5480.45458620217, 1859.1776250645942]}, "datetime": {"datetime": "2025-08-09 08:21:05", "elapsed": 55897.29940199852, "delta": 34.39142179489136}, "costs": {"total_cost": 5156.917449535452, "time_cost": 150, "final_distance_cost": 1206.286327334368, "oscillation_cost": 138.88533156762625, "completition_cost": 1000.0, "overshoot_cost": 2598.9894196043547, "power_cost": 35.14432523193359, "noise_cost": 27.612045797169344, "n_waypoints_completed": 0, "tot_waypoints": 9}}
{"target": -777.3983318721752, "params": {"k_pid_pos": [10000.0, 5240.462810786318, 0.0], "k_pid_alt": [5010.002486949922, 0.0, 6114.856306820176], "k_pid_att": [9346.933429759943, 5919.929370358043, 0.0], "k_pid_yaw": [0.5, 1e-06, 0.1], "k_pid_hsp": [10000.0, 10000.0, 9511.087393433736], "k_pid_vsp": [3640.966285098747, 10000.0, 5050.402128484189]}, "datetime": {"datetime": "2025-08-09 08:21:57", "elapsed": 55948.706998348236, "delta": 51.40759634971619}, "costs": {"total_cost": 777.3983318721752, "time_cost": 150, "final_distance_cost": 70.53587724775575, "oscillation_cost": 303.59472273626, "completition_cost": 111.11111111111116, "overshoot_cost": 72.97536525278007, "power_cost": 40.531582263183594, "noise_cost": 28.6496732610844, "n_waypoints_completed": 8, "tot_waypoints": 9}}
{"target": -6630.016185378484, "params": {"k_pid_pos": [2890.0828783847555, 3193.6718710997525, 9470.906568523775], "k_pid_alt": [9148.910159917506, 2301.406857561541, 6868.407184566737], "k_pid_att": [8194.927800379808, 1277.305944539968, 7722.028625577348], "k_pid_yaw": [0.5, 1e-06, 0.1], "k_pid_hsp": [803.3982051230437, 4010.7527706378255, 1558.3443676799136], "k_pid_vsp": [7209.009435102846, 8932.55045165137, 9867.176053268257]}, "datetime": {"datetime": "2025-08-09 08:22:32", "elapsed": 55984.49281454086, "delta": 35.78581619262695}, "costs": {"total_cost": 6630.016185378484, "time_cost": 150, "final_distance_cost": 1333.2652032957599, "oscillation_cost": 24.834934250826542, "completition_cost": 1000.0, "overshoot_cost": 4058.757184985873, "power_cost": 35.35920692138672, "noise_cost": 27.79965592463731, "n_waypoints_completed": 0, "tot_waypoints": 9}}
{"target": -11776.576226159192, "params": {"k_pid_pos": [3355.7345795323845, 7124.991731990391, 2224.92380797919], "k_pid_alt": [2018.4382718897264, 5917.641801077784, 5315.629324155313], "k_pid_att": [3546.975414368061, 2582.2100318909356, 7394.433132039784], "k_pid_yaw": [0.5, 1e-06, 0.1], "k_pid_hsp": [4509.87771948018, 4498.056976140603, 5126.445395134561], "k_pid_vsp": [8113.538981118852, 9915.638648461849, 1654.6401756377604]}, "datetime": {"datetime": "2025-08-09 08:23:08", "elapsed": 56020.162868499756, "delta": 35.67005395889282}, "costs": {"total_cost": 11776.576226159192, "time_cost": 150, "final_distance_cost": 2925.6514671996215, "oscillation_cost": 787.1306493699625, "completition_cost": 1000.0, "overshoot_cost": 6718.883305027281, "power_cost": 58.65908491210938, "noise_cost": 136.25171965021778, "n_waypoints_completed": 0, "tot_waypoints": 9}}
{"target": -1382.1633747910935, "params": {"k_pid_pos": [10000.0, 5000.20367161647, 3012.920386728089], "k_pid_alt": [10000.0, 3531.398537390614, 8174.2813276648685], "k_pid_att": [10000.0, 6138.448613374965, 0.0], "k_pid_yaw": [0.5, 1e-06, 0.1], "k_pid_hsp": [6574.874120297292, 6691.962482021859, 1925.5325436245196], "k_pid_vsp": [3653.1903038483697, 3171.2546140374043, 9443.288096719085]}, "datetime": {"datetime": "2025-08-09 08:23:59", "elapsed": 56070.63911342621, "delta": 50.47624492645264}, "costs": {"total_cost": 1382.1633747910935, "time_cost": 150, "final_distance_cost": 57.98794694837066, "oscillation_cost": 152.4772988845221, "completition_cost": 888.8888888888888, "overshoot_cost": 60.67160387299407, "power_cost": 42.597758984375005, "noise_cost": 29.539877211942727, "n_waypoints_completed": 1, "tot_waypoints": 9}}
{"target": -2842.1763657669567, "params": {"k_pid_pos": [3338.234552274395, 2663.7539111301035, 9960.215695637211], "k_pid_alt": [3296.837555379597, 4908.955552826458, 9814.464667990063], "k_pid_att": [9063.406118548417, 9282.380634149406, 3668.1058186570413], "k_pid_yaw": [0.5, 1e-06, 0.1], "k_pid_hsp": [3204.95486113726, 2898.1898743169486, 6678.368271458695], "k_pid_vsp": [8921.840336046898, 6755.124634979441, 9805.085300811268]}, "datetime": {"datetime": "2025-08-09 08:24:33", "elapsed": 56104.52831673622, "delta": 33.88920331001282}, "costs": {"total_cost": 2842.1763657669567, "time_cost": 150, "final_distance_cost": 372.9114193631355, "oscillation_cost": 76.93072024822544, "completition_cost": 1000.0, "overshoot_cost": 1179.4106325869227, "power_cost": 35.183591235351564, "noise_cost": 27.740002333321012, "n_waypoints_completed": 0, "tot_waypoints": 9}}
{"target": -7062.923418743868, "params": {"k_pid_pos": [910.5236876449995, 9838.569182505962, 3274.012908725662], "k_pid_alt": [6647.395616047455, 6874.800944724664, 6973.65941219078], "k_pid_att": [5431.923762740128, 8114.748768216601, 7464.917197908182], "k_pid_yaw": [0.5, 1e-06, 0.1], "k_pid_hsp": [5495.464499582059, 9701.670116418167, 8543.316772119477], "k_pid_vsp": [3177.1821406915037, 9240.980977197982, 1810.6514682626184]}, "datetime": {"datetime": "2025-08-09 08:25:07", "elapsed": 56138.703543424606, "delta": 34.17522668838501}, "costs": {"total_cost": 7062.923418743868, "time_cost": 150, "final_distance_cost": 913.7049754972455, "oscillation_cost": 1709.0183303976264, "completition_cost": 1000.0, "overshoot_cost": 3094.335027238184, "power_cost": 58.45005659179688, "noise_cost": 137.415029019015, "n_waypoints_completed": 0, "tot_waypoints": 9}}
{"target": -1607.1818633434223, "params": {"k_pid_pos": [5978.77470379917, 6663.393401001435, 2593.536801081005], "k_pid_alt": [5986.505410764396, 4560.750727354505, 6275.716318078311], "k_pid_att": [8740.545254656177, 6283.737482730611, 0.0], "k_pid_yaw": [0.5, 1e-06, 0.1], "k_pid_hsp": [3365.9146686411627, 10000.0, 6314.947947625886], "k_pid_vsp": [3004.4059075877944, 7064.585730819145, 473.71719123529834]}, "datetime": {"datetime": "2025-08-09 08:25:56", "elapsed": 56188.422365665436, "delta": 49.71882224082947}, "costs": {"total_cost": 1607.1818633434223, "time_cost": 150, "final_distance_cost": 77.83335199951789, "oscillation_cost": 320.7572924619755, "completition_cost": 888.8888888888888, "overshoot_cost": 101.89137369315839, "power_cost": 39.35898826904297, "noise_cost": 28.451968030838675, "n_waypoints_completed": 1, "tot_waypoints": 9}}
{"target": -4977.2751927092695, "params": {"k_pid_pos": [4910.441314869489, 1217.4488897695046, 2828.3309237381527], "k_pid_alt": [8327.28536838978, 2993.4651435040914, 1728.498581008231], "k_pid_att": [6150.403268100238, 6170.6728904450965, 1561.8265173552247], "k_pid_yaw": [0.5, 1e-06, 0.1], "k_pid_hsp": [4652.6432369216855, 744.722841639991, 4737.172324384581], "k_pid_vsp": [3215.3839803798655, 7898.313512626774, 7457.133169010054]}, "datetime": {"datetime": "2025-08-09 08:26:30", "elapsed": 56222.130282878876, "delta": 33.70791721343994}, "costs": {"total_cost": 4977.2751927092695, "time_cost": 150, "final_distance_cost": 1145.964120873025, "oscillation_cost": 100.74045299398708, "completition_cost": 1000.0, "overshoot_cost": 2518.0677203591995, "power_cost": 34.86323660888672, "noise_cost": 27.639661874170987, "n_waypoints_completed": 0, "tot_waypoints": 9}}
{"target": -19076.573064672153, "params": {"k_pid_pos": [7072.5817083345355, 7919.383857789447, 8351.891977939273], "k_pid_alt": [2620.3525412708095, 9939.36295171147, 2038.0825758408093], "k_pid_att": [483.0979362099741, 2496.723887718023, 4001.20435932928], "k_pid_yaw": [0.5, 1e-06, 0.1], "k_pid_hsp": [1404.6851432444819, 9254.121503720873, 9912.021881303417], "k_pid_vsp": [6064.296404775484, 6599.95617727334, 2587.152878733473]}, "datetime": {"datetime": "2025-08-09 08:27:05", "elapsed": 56256.90320897102, "delta": 34.77292609214783}, "costs": {"total_cost": 19076.573064672153, "time_cost": 150, "final_distance_cost": 6231.365085792593, "oscillation_cost": 832.8310035019937, "completition_cost": 1000.0, "overshoot_cost": 10661.814972992759, "power_cost": 58.655612695312506, "noise_cost": 141.90638968949358, "n_waypoints_completed": 0, "tot_waypoints": 9}}
{"target": -6036.287552349924, "params": {"k_pid_pos": [7913.65299032932, 7901.136099017468, 2056.9764538685154], "k_pid_alt": [1257.4480144456256, 68.13712399445393, 4944.879651795851], "k_pid_att": [4169.061251366465, 6448.847974614247, 2093.8582714135036], "k_pid_yaw": [0.5, 1e-06, 0.1], "k_pid_hsp": [9443.062704911563, 1167.3375875727331, 1466.8985078573703], "k_pid_vsp": [63.140351950324856, 7667.37802931704, 5303.88939243196]}, "datetime": {"datetime": "2025-08-09 08:27:40", "elapsed": 56291.688066244125, "delta": 34.78485727310181}, "costs": {"total_cost": 6036.287552349924, "time_cost": 150, "final_distance_cost": 1037.5726358685133, "oscillation_cost": 543.212816099337, "completition_cost": 1000.0, "overshoot_cost": 3144.3559980835826, "power_cost": 54.7280769897461, "noise_cost": 106.41802530874496, "n_waypoints_completed": 0, "tot_waypoints": 9}}
{"target": -1838.932845103063, "params": {"k_pid_pos": [3364.5429918028008, 5253.932285302089, 0.0], "k_pid_alt": [0.0, 0.0, 0.0], "k_pid_att": [6005.739574911367, 7690.5595275776195, 0.0], "k_pid_yaw": [0.5, 1e-06, 0.1], "k_pid_hsp": [4557.231114800809, 10000.0, 0.0], "k_pid_vsp": [8051.199866210353, 3162.0369431539643, 4172.177761809518]}, "datetime": {"datetime": "2025-08-09 08:28:29", "elapsed": 56340.939601421356, "delta": 49.251535177230835}, "costs": {"total_cost": 1838.932845103063, "time_cost": 150, "final_distance_cost": 10.407535195927464, "oscillation_cost": 364.4201053208831, "completition_cost": 1000.0, "overshoot_cost": 166.51749335825104, "power_cost": 43.723333825683596, "noise_cost": 103.86437740231807, "n_waypoints_completed": 0, "tot_waypoints": 9}}
{"target": -15769.358314865563, "params": {"k_pid_pos": [610.6909234452984, 3554.8300757653474, 1677.551360981907], "k_pid_alt": [597.6079535229317, 9790.509429468408, 2177.984280552638], "k_pid_att": [658.2785508703192, 2296.6812371629762, 672.5256815532932], "k_pid_yaw": [0.5, 1e-06, 0.1], "k_pid_hsp": [5110.619908616714, 1093.0335010422277, 1696.034081030292], "k_pid_vsp": [3585.881175621841, 2609.4303329345125, 9747.70079594815]}, "datetime": {"datetime": "2025-08-09 08:29:04", "elapsed": 56375.89331150055, "delta": 34.953710079193115}, "costs": {"total_cost": 15769.358314865563, "time_cost": 150, "final_distance_cost": 4930.123063814315, "oscillation_cost": 1417.7649818773705, "completition_cost": 1000.0, "overshoot_cost": 8081.925912892641, "power_cost": 57.3931724609375, "noise_cost": 132.15118382029831, "n_waypoints_completed": 0, "tot_waypoints": 9}}
{"target": -5026.07841647349, "params": {"k_pid_pos": [4534.447754325983, 6765.062823371028, 6542.326363786188], "k_pid_alt": [837.5135917468524, 1533.9899740679996, 7610.277940057423], "k_pid_att": [5622.486671778837, 4847.876259110497, 8582.303679727524], "k_pid_yaw": [0.5, 1e-06, 0.1], "k_pid_hsp": [3745.1971478647383, 7320.928435908776, 7080.314923916459], "k_pid_vsp": [4957.204577523529, 3970.050619978678, 3208.8780620064704]}, "datetime": {"datetime": "2025-08-09 08:29:38", "elapsed": 56409.65738749504, "delta": 33.76407599449158}, "costs": {"total_cost": 5026.07841647349, "time_cost": 150, "final_distance_cost": 384.6742881254549, "oscillation_cost": 758.1201133531764, "completition_cost": 1000.0, "overshoot_cost": 2549.280968513335, "power_cost": 58.587280773925784, "noise_cost": 125.41576570759747, "n_waypoints_completed": 0, "tot_waypoints": 9}}
{"target": -1722.3766064264048, "params": {"k_pid_pos": [0.0, 10000.0, 1572.6927520178615], "k_pid_alt": [10000.0, 0.0, 4690.132424382866], "k_pid_att": [5734.71570907847, 0.0, 0.0], "k_pid_yaw": [0.5, 1e-06, 0.1], "k_pid_hsp": [5993.7944475790955, 1191.2136463276768, 5610.574776954732], "k_pid_vsp": [4589.07348692046, 5478.979344003294, 2454.244955737895]}, "datetime": {"datetime": "2025-08-09 08:30:27", "elapsed": 56458.86794042587, "delta": 49.21055293083191}, "costs": {"total_cost": 1722.3766064264048, "time_cost": 150, "final_distance_cost": 89.14729221032108, "oscillation_cost": 439.6143614524555, "completition_cost": 888.8888888888888, "overshoot_cost": 87.22711161551203, "power_cost": 38.981932507324224, "noise_cost": 28.517019751903156, "n_waypoints_completed": 1, "tot_waypoints": 9}}
{"target": -2787.6163532954715, "params": {"k_pid_pos": [5855.376264677765, 8787.654874301083, 982.0482786277407], "k_pid_alt": [1221.4068479709927, 2730.5126019767513, 6028.006179766912], "k_pid_att": [584.6754864953418, 7815.048992997856, 43.25948829721704], "k_pid_yaw": [0.5, 1e-06, 0.1], "k_pid_hsp": [2675.9764790688114, 3834.5352101857065, 3960.346739162204], "k_pid_vsp": [8281.116845779403, 7307.664508159146, 1942.8978937491115]}, "datetime": {"datetime": "2025-08-09 08:31:03", "elapsed": 56494.82312846184, "delta": 35.955188035964966}, "costs": {"total_cost": 2787.6163532954715, "time_cost": 150, "final_distance_cost": 143.43216706020365, "oscillation_cost": 925.6790003439976, "completition_cost": 1000.0, "overshoot_cost": 384.20588902967364, "power_cost": 58.32219750976563, "noise_cost": 125.97709935183086, "n_waypoints_completed": 0, "tot_waypoints": 9}}
{"target": -2051.026633397468, "params": {"k_pid_pos": [4984.515086711561, 6469.089129648591, 2911.0536169212164], "k_pid_alt": [7991.40742187533, 3093.0949150274278, 3213.6710893481145], "k_pid_att": [5199.432042620738, 5850.984226880783, 1110.137838143026], "k_pid_yaw": [0.5, 1e-06, 0.1], "k_pid_hsp": [1563.726224480585, 5962.23214652758, 9897.802748959244], "k_pid_vsp": [5219.672160305434, 5311.108898379744, 8649.971409776645]}, "datetime": {"datetime": "2025-08-09 08:31:37", "elapsed": 56529.16514110565, "delta": 34.34201264381409}, "costs": {"total_cost": 2051.026633397468, "time_cost": 150, "final_distance_cost": 230.81838888056026, "oscillation_cost": 68.76810908307127, "completition_cost": 1000.0, "overshoot_cost": 538.5488077385834, "power_cost": 35.15037392578125, "noise_cost": 27.740953769471584, "n_waypoints_completed": 0, "tot_waypoints": 9}}
{"target": -2229.319605301155, "params": {"k_pid_pos": [2951.3854750070986, 10000.0, 0.0], "k_pid_alt": [0.0, 2039.1645741524849, 5492.501787625663], "k_pid_att": [5925.54358062905, 5314.436400162719, 0.0], "k_pid_yaw": [0.5, 1e-06, 0.1], "k_pid_hsp": [1228.0239453031554, 4828.2021959739695, 4510.296886736966], "k_pid_vsp": [9464.326702866805, 6253.0087665661695, 2374.6786063382715]}, "datetime": {"datetime": "2025-08-09 08:32:27", "elapsed": 56578.970207452774, "delta": 49.80506634712219}, "costs": {"total_cost": 2229.319605301155, "time_cost": 150, "final_distance_cost": 110.22786816985074, "oscillation_cost": 663.7994097301697, "completition_cost": 1000.0, "overshoot_cost": 240.62672985323007, "power_cost": 36.60231365966797, "noise_cost": 28.063283888236647, "n_waypoints_completed": 0, "tot_waypoints": 9}}
{"target": -5526.115377579413, "params": {"k_pid_pos": [7995.8343990439225, 2171.613294926609, 3323.7405132382937], "k_pid_alt": [607.6085085233451, 429.8145313326074, 4410.973995093313], "k_pid_att": [7772.451696819845, 4367.669460583855, 7184.829310978712], "k_pid_yaw": [0.5, 1e-06, 0.1], "k_pid_hsp": [5527.681014464545, 2743.93398347322, 7295.75359324037], "k_pid_vsp": [86.21225160034274, 8001.165000200746, 9470.506996350396]}, "datetime": {"datetime": "2025-08-09 08:33:02", "elapsed": 56613.63020944595, "delta": 34.66000199317932}, "costs": {"total_cost": 5526.115377579413, "time_cost": 150, "final_distance_cost": 1393.4724936575542, "oscillation_cost": 418.83419168841095, "completition_cost": 1000.0, "overshoot_cost": 2440.619213498706, "power_cost": 47.72462668457032, "noise_cost": 75.46485205017144, "n_waypoints_completed": 0, "tot_waypoints": 9}}
{"target": -25724.46509485755, "params": {"k_pid_pos": [1023.1620723848922, 5290.141666425149, 2005.6370179080552], "k_pid_alt": [1571.4114224597763, 875.639306762076, 9959.93015640543], "k_pid_att": [4556.648480590291, 8165.283784645214, 8335.098628657894], "k_pid_yaw": [0.5, 1e-06, 0.1], "k_pid_hsp": [805.765385372923, 2994.463115762974, 9392.138400726119], "k_pid_vsp": [4123.039838787115, 1953.2017901347997, 3470.899819855159]}, "datetime": {"datetime": "2025-08-09 08:33:36", "elapsed": 56648.11883234978, "delta": 34.48862290382385}, "costs": {"total_cost": 25724.46509485755, "time_cost": 150, "final_distance_cost": 7309.302444967599, "oscillation_cost": 1615.953449076286, "completition_cost": 1000.0, "overshoot_cost": 15450.903617366293, "power_cost": 58.32189670410157, "noise_cost": 139.98368674326903, "n_waypoints_completed": 0, "tot_waypoints": 9}}
