{"target": -5304.330162454653, "params": {"k_pid_pos": [3074.8703783458664, 4.078270938182582, 6238.588751571547], "k_pid_alt": [6214.386308671017, 5376.365358273064, 6675.186406070273], "k_pid_att": [9596.877247298848, 3477.4575008847764, 2463.0226628941164], "k_pid_yaw": [0.5, 1e-06, 0.1], "k_pid_hsp": [1287.4752828340986, 4525.069443856586, 1237.243252675957], "k_pid_vsp": [9408.84780536841, 7108.769454349646, 9989.242385871567]}, "datetime": {"datetime": "2025-08-09 08:52:49", "elapsed": 57800.6100564003, "delta": 35.2738254070282}, "costs": {"total_cost": 5304.330162454653, "time_cost": 150, "final_distance_cost": 1248.8518696367855, "oscillation_cost": 48.96687628423646, "completition_cost": 1000.0, "overshoot_cost": 2793.564758444834, "power_cost": 35.191746508789066, "noise_cost": 27.75491158000756, "n_waypoints_completed": 0, "tot_waypoints": 9}}
{"target": -9181.075438920445, "params": {"k_pid_pos": [7050.282759631045, 7393.922923192687, 7766.950632163544], "k_pid_alt": [1926.3402301917565, 1089.3493111521568, 277.7712560689405], "k_pid_att": [3711.0334358735386, 9447.591638104044, 3658.851138810014], "k_pid_yaw": [0.5, 1e-06, 0.1], "k_pid_hsp": [816.8191703887229, 3944.0045333407115, 3461.0544161715807], "k_pid_vsp": [1543.4746255849086, 7504.446882652525, 5190.469587444399]}, "datetime": {"datetime": "2025-08-09 08:53:24", "elapsed": 57836.45630431175, "delta": 35.84624791145325}, "costs": {"total_cost": 9181.075438920445, "time_cost": 150, "final_distance_cost": 2367.8307310837226, "oscillation_cost": 1443.9738553983616, "completition_cost": 1000.0, "overshoot_cost": 4042.6722967012133, "power_cost": 56.434942285156254, "noise_cost": 120.16361345199185, "n_waypoints_completed": 0, "tot_waypoints": 9}}
{"target": -917.2696517846513, "params": {"k_pid_pos": [10000.0, 7292.601780026064, 3461.3430941417932], "k_pid_alt": [7991.108783931633, 0.0, 10000.0], "k_pid_att": [9665.892443296812, 51.96932113986394, 0.0], "k_pid_yaw": [0.5, 1e-06, 0.1], "k_pid_hsp": [10000.0, 10000.0, 7218.436429529865], "k_pid_vsp": [6047.821107238389, 3260.89765353116, 6861.352195723631]}, "datetime": {"datetime": "2025-08-09 08:54:18", "elapsed": 57890.46911096573, "delta": 54.01280665397644}, "costs": {"total_cost": 917.2696517846513, "time_cost": 150, "final_distance_cost": 92.25146279758292, "oscillation_cost": 281.7538007270923, "completition_cost": 222.2222222222222, "overshoot_cost": 102.06345855808539, "power_cost": 40.34548542480469, "noise_cost": 28.63322205486385, "n_waypoints_completed": 7, "tot_waypoints": 9}}
{"target": -8200.459500109195, "params": {"k_pid_pos": [3929.612554876645, 4229.4548713427885, 9104.68885603195], "k_pid_alt": [6257.819035057499, 7655.134969882452, 5807.378014877644], "k_pid_att": [1373.8154450379413, 8751.377235676515, 9787.108170387082], "k_pid_yaw": [0.5, 1e-06, 0.1], "k_pid_hsp": [2138.144257058354, 1314.9702932077246, 9410.525828174154], "k_pid_vsp": [5177.929291179358, 7595.52884789511, 8748.24370292989]}, "datetime": {"datetime": "2025-08-09 08:54:55", "elapsed": 57927.00879693031, "delta": 36.53968596458435}, "costs": {"total_cost": 8200.459500109195, "time_cost": 150, "final_distance_cost": 1882.1635223631438, "oscillation_cost": 1408.808703531943, "completition_cost": 1000.0, "overshoot_cost": 3563.324144140788, "power_cost": 58.45005659179688, "noise_cost": 137.71307348152303, "n_waypoints_completed": 0, "tot_waypoints": 9}}
{"target": -2206.2085817849415, "params": {"k_pid_pos": [10000.0, 4945.50092680793, 5340.51524600333], "k_pid_alt": [10000.0, 3819.202491322237, 0.0], "k_pid_att": [5569.579158914148, 4878.335575805546, 0.0], "k_pid_yaw": [0.5, 1e-06, 0.1], "k_pid_hsp": [0.0, 2055.1353304666427, 3548.091536085257], "k_pid_vsp": [3676.4292926687413, 3085.5788434821907, 9739.06498370002]}, "datetime": {"datetime": "2025-08-09 08:55:46", "elapsed": 57978.18118453026, "delta": 51.17238759994507}, "costs": {"total_cost": 2206.2085817849415, "time_cost": 150, "final_distance_cost": 65.53344571976115, "oscillation_cost": 789.5214367524678, "completition_cost": 1000.0, "overshoot_cost": 136.99327480760982, "power_cost": 36.1676619140625, "noise_cost": 27.99276259104006, "n_waypoints_completed": 0, "tot_waypoints": 9}}
{"target": -1398.6375742113607, "params": {"k_pid_pos": [8099.433896452502, 2831.432656097873, 1016.2264973797486], "k_pid_alt": [8919.49065868135, 3368.4961010612046, 8246.227930905028], "k_pid_att": [7326.869462766194, 5825.403400658228, 717.1917580204502], "k_pid_yaw": [0.5, 1e-06, 0.1], "k_pid_hsp": [9258.796702671752, 8830.551304779605, 2585.6866755348583], "k_pid_vsp": [9418.62399055866, 5681.459278475086, 509.5569943144529]}, "datetime": {"datetime": "2025-08-09 08:56:21", "elapsed": 58012.87380981445, "delta": 34.692625284194946}, "costs": {"total_cost": 1398.6375742113607, "time_cost": 150, "final_distance_cost": 71.26520879577696, "oscillation_cost": 138.85052630483744, "completition_cost": 888.8888888888888, "overshoot_cost": 81.64349808709204, "power_cost": 38.897118811035156, "noise_cost": 29.092333323730287, "n_waypoints_completed": 1, "tot_waypoints": 9}}
{"target": -3445.8611214306434, "params": {"k_pid_pos": [3028.000969176159, 1426.5640554748716, 5377.719784659037], "k_pid_alt": [6691.118981824941, 5029.721618981167, 1403.2987033700283], "k_pid_att": [9985.983199930472, 8977.115399780434, 6030.069140391997], "k_pid_yaw": [0.5, 1e-06, 0.1], "k_pid_hsp": [9329.585542575485, 3833.0170349727755, 8095.1822132520565], "k_pid_vsp": [8589.617399203395, 794.0815055396511, 1424.1415321436557]}, "datetime": {"datetime": "2025-08-09 08:56:55", "elapsed": 58046.83675336838, "delta": 33.96294355392456}, "costs": {"total_cost": 3445.8611214306434, "time_cost": 150, "final_distance_cost": 239.89127358250448, "oscillation_cost": 605.0596136217905, "completition_cost": 1000.0, "overshoot_cost": 1285.6542579585087, "power_cost": 57.62378940429688, "noise_cost": 107.6321868635426, "n_waypoints_completed": 0, "tot_waypoints": 9}}
{"target": -16412.254480516764, "params": {"k_pid_pos": [8159.763646084626, 1904.197454149904, 4179.301447783509], "k_pid_alt": [878.6971762795592, 5787.24612123015, 7443.386901600514], "k_pid_att": [7678.115100579864, 6824.803950219806, 9525.19786930421], "k_pid_yaw": [0.5, 1e-06, 0.1], "k_pid_hsp": [9412.514338965762, 9334.895165562968, 3904.1080816565723], "k_pid_vsp": [4776.234751177682, 3908.0965199004922, 1802.174944531878]}, "datetime": {"datetime": "2025-08-09 08:57:30", "elapsed": 58081.60481262207, "delta": 34.76805925369263}, "costs": {"total_cost": 16412.254480516764, "time_cost": 150, "final_distance_cost": 3086.8890001268305, "oscillation_cost": 1566.7541080738135, "completition_cost": 1000.0, "overshoot_cost": 10413.805722412155, "power_cost": 58.552828063964846, "noise_cost": 136.25282183999875, "n_waypoints_completed": 0, "tot_waypoints": 9}}
{"target": -1521.6711846560622, "params": {"k_pid_pos": [10000.0, 5368.480172376684, 2118.4029641391567], "k_pid_alt": [10000.0, 4344.624230047592, 7095.912691165159], "k_pid_att": [10000.0, 4646.5020974072895, 0.0], "k_pid_yaw": [0.5, 1e-06, 0.1], "k_pid_hsp": [10000.0, 2792.982720496725, 1470.4912103359904], "k_pid_vsp": [6228.431703552524, 9934.678586584072, 0.0]}, "datetime": {"datetime": "2025-08-09 08:58:22", "elapsed": 58133.82357239723, "delta": 52.21875977516174}, "costs": {"total_cost": 1521.6711846560622, "time_cost": 150, "final_distance_cost": 53.08382495246219, "oscillation_cost": 194.96511559557538, "completition_cost": 1000.0, "overshoot_cost": 52.212390849872534, "power_cost": 42.32575053710938, "noise_cost": 29.084102721042797, "n_waypoints_completed": 0, "tot_waypoints": 9}}
{"target": -1498.2883414931227, "params": {"k_pid_pos": [0.001625225319116558, 10000.0, 9157.535894878387], "k_pid_alt": [9769.269100977368, 10000.0, 7182.852434466142], "k_pid_att": [6305.839497540309, 2153.4671137184487, 0.0], "k_pid_yaw": [0.5, 1e-06, 0.1], "k_pid_hsp": [6663.565919395249, 5194.849609912714, 1490.6442334217654], "k_pid_vsp": [2612.878813015039, 4699.85978860393, 10000.0]}, "datetime": {"datetime": "2025-08-09 08:59:18", "elapsed": 58190.03404378891, "delta": 56.210471391677856}, "costs": {"total_cost": 1498.2883414931227, "time_cost": 150, "final_distance_cost": 78.89836158044976, "oscillation_cost": 226.93031635687342, "completition_cost": 888.8888888888888, "overshoot_cost": 82.20320342919746, "power_cost": 41.72431950683594, "noise_cost": 29.643251730877317, "n_waypoints_completed": 1, "tot_waypoints": 9}}
{"target": -1585.7384816222398, "params": {"k_pid_pos": [10000.0, 992.5327744565636, 0.0], "k_pid_alt": [7287.5677735316185, 4131.02140881566, 9445.743574073651], "k_pid_att": [10000.0, 3821.6475606184526, 0.0], "k_pid_yaw": [0.5, 1e-06, 0.1], "k_pid_hsp": [10000.0, 6104.852486252914, 8050.758459185791], "k_pid_vsp": [10000.0, 2300.5449150418694, 855.3243074794734]}, "datetime": {"datetime": "2025-08-09 09:00:17", "elapsed": 58248.69503045082, "delta": 58.66098666191101}, "costs": {"total_cost": 1585.7384816222398, "time_cost": 150, "final_distance_cost": 32.86846143556321, "oscillation_cost": 271.489134424746, "completition_cost": 1000.0, "overshoot_cost": 60.76401401918733, "power_cost": 41.69319157714844, "noise_cost": 28.923680165594906, "n_waypoints_completed": 0, "tot_waypoints": 9}}
{"target": -1764.3493747336154, "params": {"k_pid_pos": [10000.0, 387.90417838106885, 304.3979473177126], "k_pid_alt": [3630.5546857390837, 6219.653936096757, 0.0], "k_pid_att": [10000.0, 9051.266621762717, 0.0], "k_pid_yaw": [0.5, 1e-06, 0.1], "k_pid_hsp": [5199.3656693508265, 70.24500788740828, 0.0], "k_pid_vsp": [0.0, 10000.0, 9075.566306670498]}, "datetime": {"datetime": "2025-08-09 09:01:11", "elapsed": 58303.29847431183, "delta": 54.60344386100769}, "costs": {"total_cost": 1764.3493747336154, "time_cost": 150, "final_distance_cost": 28.05238982739013, "oscillation_cost": 450.3580785865597, "completition_cost": 1000.0, "overshoot_cost": 65.59342920300801, "power_cost": 41.04796636962891, "noise_cost": 29.297510747028657, "n_waypoints_completed": 0, "tot_waypoints": 9}}
{"target": -8300.853085688466, "params": {"k_pid_pos": [2791.8073533222664, 9053.848534194765, 514.2310960860219], "k_pid_alt": [2310.105300122829, 3518.1352796044175, 1650.2286564354097], "k_pid_att": [7147.441899548035, 5016.286078558135, 8857.713986823115], "k_pid_yaw": [0.5, 1e-06, 0.1], "k_pid_hsp": [1748.9848154151966, 4210.2767990821385, 2071.3034688122734], "k_pid_vsp": [3586.7074762397865, 5748.073596145906, 1243.620402370873]}, "datetime": {"datetime": "2025-08-09 09:01:46", "elapsed": 58337.98797869682, "delta": 34.68950438499451}, "costs": {"total_cost": 8300.853085688466, "time_cost": 150, "final_distance_cost": 1741.1059777235052, "oscillation_cost": 841.690841293912, "completition_cost": 1000.0, "overshoot_cost": 4367.909113689806, "power_cost": 58.6065609375, "noise_cost": 141.54059204374306, "n_waypoints_completed": 0, "tot_waypoints": 9}}
{"target": -6916.39914243431, "params": {"k_pid_pos": [7294.719686903785, 9899.526817145708, 3637.2493949360564], "k_pid_alt": [2485.441735702015, 7787.401008124887, 5124.046643305992], "k_pid_att": [9608.750365016387, 6169.835484332674, 7830.064415807505], "k_pid_yaw": [0.5, 1e-06, 0.1], "k_pid_hsp": [2085.6262802275805, 144.97779489277661, 1311.3584951459745], "k_pid_vsp": [8786.164023374085, 9089.02261244162, 4285.178219631174]}, "datetime": {"datetime": "2025-08-09 09:02:23", "elapsed": 58375.30880022049, "delta": 37.32082152366638}, "costs": {"total_cost": 6916.39914243431, "time_cost": 150, "final_distance_cost": 1457.75192923044, "oscillation_cost": 667.5856906503407, "completition_cost": 1000.0, "overshoot_cost": 3447.326711066009, "power_cost": 58.58974075927735, "noise_cost": 135.14507072824316, "n_waypoints_completed": 0, "tot_waypoints": 9}}
{"target": -1885.5495399316862, "params": {"k_pid_pos": [3219.921362001097, 3388.8666480025254, 6642.834122054045], "k_pid_alt": [6200.495481610241, 5656.39668067182, 3305.560917242848], "k_pid_att": [1964.9673194376826, 6774.189083272364, 233.94508468177477], "k_pid_yaw": [0.5, 1e-06, 0.1], "k_pid_hsp": [7967.203815989833, 4038.752649665691, 7255.860683341171], "k_pid_vsp": [8346.99816593741, 6701.149334836878, 9847.786457819711]}, "datetime": {"datetime": "2025-08-09 09:02:58", "elapsed": 58410.290127038956, "delta": 34.98132681846619}, "costs": {"total_cost": 1885.5495399316862, "time_cost": 150, "final_distance_cost": 44.222021498074504, "oscillation_cost": 443.7676785257373, "completition_cost": 1000.0, "overshoot_cost": 182.7672490235026, "power_cost": 36.67998122558594, "noise_cost": 28.112609658786088, "n_waypoints_completed": 0, "tot_waypoints": 9}}
{"target": -701.6024610850346, "params": {"k_pid_pos": [8196.396953651058, 2238.2218122372406, 0.0], "k_pid_alt": [8358.059749326607, 0.0, 5920.351888136637], "k_pid_att": [10000.0, 3527.356627359159, 0.0], "k_pid_yaw": [0.5, 1e-06, 0.1], "k_pid_hsp": [9271.615484301481, 10000.0, 0.0], "k_pid_vsp": [5579.231872550007, 10000.0, 4245.026633580544]}, "datetime": {"datetime": "2025-08-09 09:03:48", "elapsed": 58459.945831775665, "delta": 49.655704736709595}, "costs": {"total_cost": 701.6024610850346, "time_cost": 150, "final_distance_cost": 49.88570197185642, "oscillation_cost": 250.94379838625912, "completition_cost": 111.11111111111116, "overshoot_cost": 67.98535108617872, "power_cost": 42.679258813476565, "noise_cost": 28.997239716152624, "n_waypoints_completed": 8, "tot_waypoints": 9}}
{"target": -3108.074185649472, "params": {"k_pid_pos": [5339.50161938733, 2746.1446392457565, 2403.462601714026], "k_pid_alt": [2173.1398558269198, 5940.986954746052, 384.1170853430265], "k_pid_att": [8180.152899032647, 7553.176274480364, 2305.5527057465397], "k_pid_yaw": [0.5, 1e-06, 0.1], "k_pid_hsp": [424.36849168466574, 5367.246977959458, 4487.267669902982], "k_pid_vsp": [3698.125302811326, 8678.783145826297, 3854.969324429566]}, "datetime": {"datetime": "2025-08-09 09:04:22", "elapsed": 58494.05258178711, "delta": 34.10675001144409}, "costs": {"total_cost": 3108.074185649472, "time_cost": 150, "final_distance_cost": 574.3750217726343, "oscillation_cost": 122.69590962434536, "completition_cost": 1000.0, "overshoot_cost": 1190.970294798353, "power_cost": 37.01333917236328, "noise_cost": 33.01962028177597, "n_waypoints_completed": 0, "tot_waypoints": 9}}
{"target": -1481.7780391029273, "params": {"k_pid_pos": [3765.2642605859915, 4553.844628853493, 2779.073117981202], "k_pid_alt": [1264.2168133860741, 6238.618567145279, 0.0], "k_pid_att": [10000.0, 7457.053282851334, 0.0], "k_pid_yaw": [0.5, 1e-06, 0.1], "k_pid_hsp": [0.0, 3434.955717971738, 0.0], "k_pid_vsp": [0.0, 10000.0, 7720.275236779022]}, "datetime": {"datetime": "2025-08-09 09:05:18", "elapsed": 58549.65959954262, "delta": 55.60701775550842}, "costs": {"total_cost": 1481.7780391029273, "time_cost": 150, "final_distance_cost": 50.82953645522906, "oscillation_cost": 131.50349135636728, "completition_cost": 1000.0, "overshoot_cost": 73.06984881812123, "power_cost": 46.26224154052735, "noise_cost": 30.112920932682414, "n_waypoints_completed": 0, "tot_waypoints": 9}}
{"target": -1497.0695460408735, "params": {"k_pid_pos": [10000.0, 4984.552300917835, 3553.040807134946], "k_pid_alt": [3886.8520451704585, 6204.821826378624, 0.0], "k_pid_att": [10000.0, 10000.0, 0.0], "k_pid_yaw": [0.5, 1e-06, 0.1], "k_pid_hsp": [0.0, 2099.522943728568, 0.0], "k_pid_vsp": [1061.0411750795217, 10000.0, 1858.2738492591325]}, "datetime": {"datetime": "2025-08-09 09:06:12", "elapsed": 58603.87971496582, "delta": 54.220115423202515}, "costs": {"total_cost": 1497.0695460408735, "time_cost": 150, "final_distance_cost": 56.35737465713179, "oscillation_cost": 145.14380810887025, "completition_cost": 1000.0, "overshoot_cost": 69.06807763073856, "power_cost": 46.6552900390625, "noise_cost": 29.844995605070366, "n_waypoints_completed": 0, "tot_waypoints": 9}}
{"target": -33907.49792958341, "params": {"k_pid_pos": [7409.330566789886, 7774.161687372887, 9842.552896303656], "k_pid_alt": [5626.298819985997, 9344.158448041384, 241.00400075603767], "k_pid_att": [1753.406188287706, 6678.648538772232, 5073.211620851982], "k_pid_yaw": [0.5, 1e-06, 0.1], "k_pid_hsp": [1873.2177053179632, 5613.614923153286, 6852.995101823115], "k_pid_vsp": [6063.6856949455905, 8679.839048917665, 5143.349411547729]}, "datetime": {"datetime": "2025-08-09 09:06:46", "elapsed": 58638.18660712242, "delta": 34.30689215660095}, "costs": {"total_cost": 33907.49792958341, "time_cost": 150, "final_distance_cost": 9320.593971661101, "oscillation_cost": 1681.861083331202, "completition_cost": 1000.0, "overshoot_cost": 21553.075744167316, "power_cost": 58.655612695312506, "noise_cost": 143.3115177284752, "n_waypoints_completed": 0, "tot_waypoints": 9}}
{"target": -1686.6278479258017, "params": {"k_pid_pos": [8720.65096501069, 0.0, 4600.442002056523], "k_pid_alt": [4792.646267113878, 6837.393234704859, 0.0], "k_pid_att": [7120.231006662645, 7468.193319280251, 0.0], "k_pid_yaw": [0.5, 1e-06, 0.1], "k_pid_hsp": [1826.7497411981217, 10000.0, 3767.319012939041], "k_pid_vsp": [958.2098268996091, 5111.315100047264, 10000.0]}, "datetime": {"datetime": "2025-08-09 09:07:39", "elapsed": 58690.72267913818, "delta": 52.53607201576233}, "costs": {"total_cost": 1686.6278479258017, "time_cost": 150, "final_distance_cost": 71.4749036360617, "oscillation_cost": 370.55348404444123, "completition_cost": 888.8888888888888, "overshoot_cost": 137.42703702150257, "power_cost": 39.064741137695314, "noise_cost": 29.218793197212054, "n_waypoints_completed": 1, "tot_waypoints": 9}}
{"target": -7522.831430870644, "params": {"k_pid_pos": [7241.538850698187, 6469.607651362427, 5227.108409083557], "k_pid_alt": [8038.608981211538, 3819.782686660752, 3451.465118558016], "k_pid_att": [8722.194552714496, 7169.768421273786, 8631.6733419059], "k_pid_yaw": [0.5, 1e-06, 0.1], "k_pid_hsp": [6612.509340033651, 8564.028539736715, 9889.979187306684], "k_pid_vsp": [9014.464709364065, 3085.3209229062227, 9733.834755951479]}, "datetime": {"datetime": "2025-08-09 09:08:13", "elapsed": 58725.04201459885, "delta": 34.31933546066284}, "costs": {"total_cost": 7522.831430870644, "time_cost": 150, "final_distance_cost": 1505.266533304656, "oscillation_cost": 538.6995072676453, "completition_cost": 1000.0, "overshoot_cost": 4176.971374006453, "power_cost": 52.06316418457031, "noise_cost": 99.8308521073203, "n_waypoints_completed": 0, "tot_waypoints": 9}}
{"target": -2132.7867152405433, "params": {"k_pid_pos": [3124.330590284607, 5105.467789298603, 6458.921593335824], "k_pid_alt": [3937.3855680898628, 6254.346368094118, 8030.5499743603195], "k_pid_att": [4936.583212376437, 7288.816429493957, 0.0], "k_pid_yaw": [0.5, 1e-06, 0.1], "k_pid_hsp": [6670.459490355303, 867.8872972999978, 6342.551161083383], "k_pid_vsp": [8746.647015719765, 10000.0, 10000.0]}, "datetime": {"datetime": "2025-08-09 09:09:12", "elapsed": 58783.55651807785, "delta": 58.514503479003906}, "costs": {"total_cost": 2132.7867152405433, "time_cost": 150, "final_distance_cost": 92.00874741617119, "oscillation_cost": 839.267448210356, "completition_cost": 888.8888888888888, "overshoot_cost": 97.94510496312664, "power_cost": 36.68420334472656, "noise_cost": 27.99232241727423, "n_waypoints_completed": 1, "tot_waypoints": 9}}
{"target": -1559.22020135893, "params": {"k_pid_pos": [6503.162634477634, 10000.0, 10000.0], "k_pid_alt": [10000.0, 3476.0607962793233, 6973.617934546019], "k_pid_att": [10000.0, 5815.951136983842, 0.0], "k_pid_yaw": [0.5, 1e-06, 0.1], "k_pid_hsp": [6484.867343933796, 0.0, 0.0], "k_pid_vsp": [0.0, 8032.621061081925, 0.0]}, "datetime": {"datetime": "2025-08-09 09:10:06", "elapsed": 58838.417336940765, "delta": 54.86081886291504}, "costs": {"total_cost": 1559.22020135893, "time_cost": 150, "final_distance_cost": 100.41989349943705, "oscillation_cost": 404.25491801756965, "completition_cost": 777.7777777777778, "overshoot_cost": 58.48321527152355, "power_cost": 39.69926828613281, "noise_cost": 28.585128506489195, "n_waypoints_completed": 2, "tot_waypoints": 9}}
{"target": -1312.812171741121, "params": {"k_pid_pos": [8360.508243653918, 4998.253756539696, 4293.159529724857], "k_pid_alt": [7641.381903350726, 263.2615342962574, 2239.1986766257332], "k_pid_att": [9370.645817900997, 9372.696320363206, 1078.9199451785469], "k_pid_yaw": [0.5, 1e-06, 0.1], "k_pid_hsp": [3861.011419461882, 2010.4079641937578, 2397.8222133008044], "k_pid_vsp": [8277.601427844576, 3785.4171324846675, 2553.850172720151]}, "datetime": {"datetime": "2025-08-09 09:10:40", "elapsed": 58872.12480068207, "delta": 33.70746374130249}, "costs": {"total_cost": 1312.812171741121, "time_cost": 150, "final_distance_cost": 95.41203106860874, "oscillation_cost": 148.990734828051, "completition_cost": 777.7777777777778, "overshoot_cost": 75.09631443948487, "power_cost": 37.42869151611328, "noise_cost": 28.106622111085326, "n_waypoints_completed": 2, "tot_waypoints": 9}}
{"target": -7258.4233475586125, "params": {"k_pid_pos": [6943.5894723566125, 1795.4331089858788, 870.0627698505925], "k_pid_alt": [463.9369126047355, 9400.008784079477, 4979.207705710318], "k_pid_att": [4817.061464898781, 5222.436361771611, 3804.0049947302923], "k_pid_yaw": [0.5, 1e-06, 0.1], "k_pid_hsp": [4526.270648202539, 5049.826472131468, 6645.728835307316], "k_pid_vsp": [4340.32154699696, 8485.158843837393, 9314.882087018355]}, "datetime": {"datetime": "2025-08-09 09:11:14", "elapsed": 58905.88825368881, "delta": 33.763453006744385}, "costs": {"total_cost": 7258.4233475586125, "time_cost": 150, "final_distance_cost": 1038.649922142175, "oscillation_cost": 575.4262208481957, "completition_cost": 1000.0, "overshoot_cost": 4321.443229836201, "power_cost": 55.59559676513672, "noise_cost": 117.30837796690376, "n_waypoints_completed": 0, "tot_waypoints": 9}}
