{"target": -10869.753961285107, "params": {"k_pid_pos": [456.885969485703, 9284.984001577528, 7712.865508643105], "k_pid_alt": [8106.9006273334735, 8157.187741521468, 497.9415600028192], "k_pid_att": [5866.783189493113, 1739.681351777982, 4671.923863609042], "k_pid_yaw": [0.5, 1e-06, 0.1], "k_pid_hsp": [2615.841998410322, 1182.7252390241117, 2922.9562347513806], "k_pid_vsp": [9552.781293852275, 8981.590292978753, 5869.437097845762]}, "datetime": {"datetime": "2025-08-09 10:27:31", "elapsed": 63482.890322208405, "delta": 35.53559589385986}, "costs": {"total_cost": 10869.753961285107, "time_cost": 150, "final_distance_cost": 1894.6677658453038, "oscillation_cost": 795.3652188808999, "completition_cost": 1000.0, "overshoot_cost": 6826.818468538719, "power_cost": 58.655612695312506, "noise_cost": 144.24689532487122, "n_waypoints_completed": 0, "tot_waypoints": 9}}
{"target": -1250.716898052691, "params": {"k_pid_pos": [6186.915425357835, 10000.0, 6493.134779226283], "k_pid_alt": [10000.0, 0.0, 0.0], "k_pid_att": [6231.457154841631, 5683.590806361346, 0.0], "k_pid_yaw": [0.5, 1e-06, 0.1], "k_pid_hsp": [10000.0, 10000.0, 7666.702279725994], "k_pid_vsp": [5508.203568072924, 0.0, 8596.04193949595]}, "datetime": {"datetime": "2025-08-09 10:28:24", "elapsed": 63535.96197628975, "delta": 53.071654081344604}, "costs": {"total_cost": 1250.716898052691, "time_cost": 150, "final_distance_cost": 54.18629820067429, "oscillation_cost": 325.1336901274165, "completition_cost": 555.5555555555555, "overshoot_cost": 97.06003948221101, "power_cost": 39.97720427246094, "noise_cost": 28.804110414372435, "n_waypoints_completed": 4, "tot_waypoints": 9}}
{"target": -1671.9657984408025, "params": {"k_pid_pos": [5302.426790340785, 10000.0, 6574.439454925794], "k_pid_alt": [423.6337205912695, 6465.141879383544, 9178.053369142031], "k_pid_att": [2323.572984939245, 0.0, 0.0], "k_pid_yaw": [0.5, 1e-06, 0.1], "k_pid_hsp": [6450.485474118545, 5010.612401736222, 2610.400347960844], "k_pid_vsp": [10000.0, 10000.0, 6247.813888983159]}, "datetime": {"datetime": "2025-08-09 10:29:18", "elapsed": 63590.05657839775, "delta": 54.09460210800171}, "costs": {"total_cost": 1671.9657984408025, "time_cost": 150, "final_distance_cost": 64.22201198745572, "oscillation_cost": 310.1496992243733, "completition_cost": 1000.0, "overshoot_cost": 76.72457760633203, "power_cost": 41.80333887939453, "noise_cost": 29.066170743246833, "n_waypoints_completed": 0, "tot_waypoints": 9}}
{"target": -1336.7210558967777, "params": {"k_pid_pos": [646.8963780341523, 10000.0, 4076.674230642109], "k_pid_alt": [10000.0, 0.0, 4816.385379075609], "k_pid_att": [6225.647754373817, 0.0, 0.0], "k_pid_yaw": [0.5, 1e-06, 0.1], "k_pid_hsp": [9626.919900776089, 3961.584979164842, 2727.6579243295796], "k_pid_vsp": [2490.228989918526, 4007.667967272042, 10000.0]}, "datetime": {"datetime": "2025-08-09 10:30:10", "elapsed": 63642.51451277733, "delta": 52.45793437957764}, "costs": {"total_cost": 1336.7210558967777, "time_cost": 150, "final_distance_cost": 74.29124376955058, "oscillation_cost": 287.4850727144944, "completition_cost": 666.6666666666667, "overshoot_cost": 88.98019686585614, "power_cost": 39.88890909423829, "noise_cost": 29.408966785971455, "n_waypoints_completed": 3, "tot_waypoints": 9}}
{"target": -3298.2139544902725, "params": {"k_pid_pos": [7366.876968736824, 3854.307992480893, 551.8382680808476], "k_pid_alt": [643.9917225218472, 5671.029039625587, 1985.5390840755006], "k_pid_att": [4069.491830882217, 4194.723334047166, 2802.8758371344034], "k_pid_yaw": [0.5, 1e-06, 0.1], "k_pid_hsp": [1963.898903028437, 128.09280001467306, 5327.504837867513], "k_pid_vsp": [9415.311096628388, 2980.022276966594, 8983.256889941495]}, "datetime": {"datetime": "2025-08-09 10:30:46", "elapsed": 63677.839104652405, "delta": 35.324591875076294}, "costs": {"total_cost": 3298.2139544902725, "time_cost": 150, "final_distance_cost": 515.5868568660392, "oscillation_cost": 360.7259231628453, "completition_cost": 1000.0, "overshoot_cost": 1157.8947335007383, "power_cost": 48.406531164550785, "noise_cost": 65.59990979609906, "n_waypoints_completed": 0, "tot_waypoints": 9}}
{"target": -2265.791883101083, "params": {"k_pid_pos": [10000.0, 5683.218968954699, 0.0], "k_pid_alt": [0.0, 365.11421872306363, 0.0], "k_pid_att": [5838.166192214336, 3608.717524745616, 0.0], "k_pid_yaw": [0.5, 1e-06, 0.1], "k_pid_hsp": [3238.658238797819, 4617.863395458804, 7258.611501616848], "k_pid_vsp": [8472.726473426326, 2710.103983850974, 10000.0]}, "datetime": {"datetime": "2025-08-09 10:31:43", "elapsed": 63735.14552140236, "delta": 57.306416749954224}, "costs": {"total_cost": 2265.791883101083, "time_cost": 150, "final_distance_cost": 62.02998276940607, "oscillation_cost": 782.6028767061938, "completition_cost": 1000.0, "overshoot_cost": 206.77621299694337, "power_cost": 36.229558337402345, "noise_cost": 28.15325229113695, "n_waypoints_completed": 0, "tot_waypoints": 9}}
{"target": -2080.667517191733, "params": {"k_pid_pos": [1661.9521690580614, 10000.0, 10000.0], "k_pid_alt": [7420.364257369793, 0.0, 8640.752559570556], "k_pid_att": [10000.0, 4363.512404254926, 0.0], "k_pid_yaw": [0.5, 1e-06, 0.1], "k_pid_hsp": [0.0, 6617.730677267229, 4440.682072468611], "k_pid_vsp": [6249.105885262535, 4599.751677207197, 5072.188522696307]}, "datetime": {"datetime": "2025-08-09 10:32:36", "elapsed": 63788.13984823227, "delta": 52.99432682991028}, "costs": {"total_cost": 2080.667517191733, "time_cost": 150, "final_distance_cost": 46.07081408417822, "oscillation_cost": 826.6779662316313, "completition_cost": 888.8888888888888, "overshoot_cost": 105.75325635131, "power_cost": 35.59289860839844, "noise_cost": 27.683693027326317, "n_waypoints_completed": 1, "tot_waypoints": 9}}
{"target": -2255.482591822973, "params": {"k_pid_pos": [8464.558357515598, 1436.7424944423533, 2964.808084888605], "k_pid_alt": [1582.457594541909, 4966.287908484034, 0.0], "k_pid_att": [10000.0, 8408.886639324017, 0.0], "k_pid_yaw": [0.5, 1e-06, 0.1], "k_pid_hsp": [3416.111499624823, 0.0, 4065.7281457425192], "k_pid_vsp": [10000.0, 2240.9172862178134, 8511.624262547408]}, "datetime": {"datetime": "2025-08-09 10:33:38", "elapsed": 63849.97099518776, "delta": 61.83114695549011}, "costs": {"total_cost": 2255.482591822973, "time_cost": 150, "final_distance_cost": 92.4781691353634, "oscillation_cost": 809.9185359586644, "completition_cost": 1000.0, "overshoot_cost": 138.95525770090154, "power_cost": 36.1493881225586, "noise_cost": 27.981240905485006, "n_waypoints_completed": 0, "tot_waypoints": 9}}
{"target": -2184.3292262635905, "params": {"k_pid_pos": [5597.095614926585, 2096.4066775959996, 7341.8031589306975], "k_pid_alt": [10000.0, 844.8957736909239, 4226.788639799425], "k_pid_att": [10000.0, 9761.521704571309, 4797.390625254021], "k_pid_yaw": [0.5, 1e-06, 0.1], "k_pid_hsp": [4836.57729667099, 10000.0, 2885.5972420534135], "k_pid_vsp": [3659.379208319962, 3935.2857836165285, 3594.371334368282]}, "datetime": {"datetime": "2025-08-09 10:34:30", "elapsed": 63902.50140285492, "delta": 52.530407667160034}, "costs": {"total_cost": 2184.3292262635905, "time_cost": 150, "final_distance_cost": 89.95054582670251, "oscillation_cost": 303.18141683344663, "completition_cost": 1000.0, "overshoot_cost": 525.3485598191452, "power_cost": 46.45051590576172, "noise_cost": 69.39818787853447, "n_waypoints_completed": 0, "tot_waypoints": 9}}
{"target": -1582.02336762664, "params": {"k_pid_pos": [4655.675452386453, 10000.0, 322.02012468982167], "k_pid_alt": [0.0, 8532.736782480373, 1002.8540172727907], "k_pid_att": [3607.188030883287, 4090.3139689402196, 0.0], "k_pid_yaw": [0.5, 1e-06, 0.1], "k_pid_hsp": [9354.010371805512, 4301.999764389244, 6064.940874790447], "k_pid_vsp": [8767.401628289435, 5053.737350079953, 3082.754495096782]}, "datetime": {"datetime": "2025-08-09 10:35:23", "elapsed": 63955.08330965042, "delta": 52.58190679550171}, "costs": {"total_cost": 1582.02336762664, "time_cost": 150, "final_distance_cost": 57.15042076328223, "oscillation_cost": 341.0965061237046, "completition_cost": 888.8888888888888, "overshoot_cost": 76.58214120202283, "power_cost": 39.680532275390625, "noise_cost": 28.62487837335136, "n_waypoints_completed": 1, "tot_waypoints": 9}}
{"target": -8803.75629347197, "params": {"k_pid_pos": [4545.149149013853, 1191.4060749638045, 5887.3781435816345], "k_pid_alt": [7912.25351664901, 6785.123554163589, 3816.5118301312427], "k_pid_att": [4017.804100379263, 3798.6914761209955, 7462.033484134466], "k_pid_yaw": [0.5, 1e-06, 0.1], "k_pid_hsp": [3536.939514531208, 6677.058529653196, 7870.436731616874], "k_pid_vsp": [3301.5831636856074, 7119.723817900591, 9838.928441857179]}, "datetime": {"datetime": "2025-08-09 10:35:58", "elapsed": 63990.15899300575, "delta": 35.07568335533142}, "costs": {"total_cost": 8803.75629347197, "time_cost": 150, "final_distance_cost": 2819.1447471626216, "oscillation_cost": 526.781968974845, "completition_cost": 1000.0, "overshoot_cost": 4177.864494366442, "power_cost": 49.027259106445314, "noise_cost": 80.93782386161548, "n_waypoints_completed": 0, "tot_waypoints": 9}}
{"target": -514.719985794932, "params": {"k_pid_pos": [10000.0, 0.0, 1239.2529415368306], "k_pid_alt": [5976.713700139318, 0.0, 10000.0], "k_pid_att": [6311.632808307251, 2004.4225358994247, 0.0], "k_pid_yaw": [0.5, 1e-06, 0.1], "k_pid_hsp": [10000.0, 10000.0, 7320.130071341657], "k_pid_vsp": [6079.451170953342, 10000.0, 4332.5931755426]}, "datetime": {"datetime": "2025-08-09 10:36:59", "elapsed": 64050.778611660004, "delta": 60.6196186542511}, "costs": {"total_cost": 514.719985794932, "time_cost": 107.688, "final_distance_cost": 1.73467598775317, "oscillation_cost": 255.72669548810023, "completition_cost": 0.0, "overshoot_cost": 85.206557937954, "power_cost": 36.542895043945315, "noise_cost": 27.821161337179245, "n_waypoints_completed": 9, "tot_waypoints": 9}}
{"target": -1445.9466044405012, "params": {"k_pid_pos": [10000.0, 5510.040025833989, 10000.0], "k_pid_alt": [8110.269315254524, 10000.0, 8600.31578083746], "k_pid_att": [10000.0, 4130.21835370266, 0.0], "k_pid_yaw": [0.5, 1e-06, 0.1], "k_pid_hsp": [0.0, 3724.5777421590924, 0.0], "k_pid_vsp": [4677.927062493428, 2652.2998270381763, 5457.052760694395]}, "datetime": {"datetime": "2025-08-09 10:37:52", "elapsed": 64103.774978637695, "delta": 52.99636697769165}, "costs": {"total_cost": 1445.9466044405012, "time_cost": 150, "final_distance_cost": 65.31943409532911, "oscillation_cost": 181.47397099952033, "completition_cost": 888.8888888888888, "overshoot_cost": 84.98034689590905, "power_cost": 45.52146070556641, "noise_cost": 29.762502855287803, "n_waypoints_completed": 1, "tot_waypoints": 9}}
{"target": -20656.054232122176, "params": {"k_pid_pos": [1452.8351867581434, 7451.893778151455, 1582.2879544713198], "k_pid_alt": [7359.756295909826, 96.24776251108247, 3971.6812051808915], "k_pid_att": [552.3787387004942, 8568.841981948577, 4471.87931803074], "k_pid_yaw": [0.5, 1e-06, 0.1], "k_pid_hsp": [7485.67443271463, 1400.7269201133422, 6264.841051723735], "k_pid_vsp": [3102.6646968209316, 6840.224433729171, 4259.602003431879]}, "datetime": {"datetime": "2025-08-09 10:38:32", "elapsed": 64144.060890197754, "delta": 40.285911560058594}, "costs": {"total_cost": 20656.054232122176, "time_cost": 150, "final_distance_cost": 5441.82197404434, "oscillation_cost": 1728.0158203079557, "completition_cost": 1000.0, "overshoot_cost": 12134.697941261129, "power_cost": 58.621353344726565, "noise_cost": 142.89714316402384, "n_waypoints_completed": 0, "tot_waypoints": 9}}
{"target": -1773.0245658771357, "params": {"k_pid_pos": [10000.0, 6186.222213733405, 292.4274463452306], "k_pid_alt": [3439.520538627248, 9567.286940820195, 10000.0], "k_pid_att": [8967.235969567906, 6465.440319879033, 0.0], "k_pid_yaw": [0.5, 1e-06, 0.1], "k_pid_hsp": [5548.63266517031, 875.4118733840085, 0.0], "k_pid_vsp": [2055.3667803701933, 10000.0, 3036.953146278235]}, "datetime": {"datetime": "2025-08-09 10:39:32", "elapsed": 64203.86096930504, "delta": 59.800079107284546}, "costs": {"total_cost": 1773.0245658771357, "time_cost": 150, "final_distance_cost": 59.007708675706134, "oscillation_cost": 426.62811324628075, "completition_cost": 1000.0, "overshoot_cost": 68.34263215421244, "power_cost": 40.275160278320314, "noise_cost": 28.77095152261613, "n_waypoints_completed": 0, "tot_waypoints": 9}}
{"target": -1076.039214141391, "params": {"k_pid_pos": [4441.709089845717, 0.0, 0.0], "k_pid_alt": [6215.86104685938, 819.1215693561285, 9317.36973281219], "k_pid_att": [10000.0, 5419.761215077806, 0.0], "k_pid_yaw": [0.5, 1e-06, 0.1], "k_pid_hsp": [5399.548049432678, 6767.440682795849, 0.0], "k_pid_vsp": [10000.0, 8915.08944283046, 2503.37735932472]}, "datetime": {"datetime": "2025-08-09 10:40:25", "elapsed": 64256.812156677246, "delta": 52.95118737220764}, "costs": {"total_cost": 1076.039214141391, "time_cost": 150, "final_distance_cost": 50.9817159124614, "oscillation_cost": 300.36922729838886, "completition_cost": 444.4444444444444, "overshoot_cost": 57.60956982862307, "power_cost": 43.47300250244141, "noise_cost": 29.161254155031845, "n_waypoints_completed": 5, "tot_waypoints": 9}}
{"target": -10399.428862279092, "params": {"k_pid_pos": [8971.32361995078, 1986.0140515430091, 1224.8587086165908], "k_pid_alt": [9182.017303225048, 652.5511016734287, 8701.606230856154], "k_pid_att": [4971.3275908247415, 2232.1027256688008, 6239.067668563879], "k_pid_yaw": [0.5, 1e-06, 0.1], "k_pid_hsp": [5454.421184441881, 5930.541533956118, 4800.95624688244], "k_pid_vsp": [2636.6128742424144, 5208.406265298215, 3671.79115641018]}, "datetime": {"datetime": "2025-08-09 10:41:00", "elapsed": 64292.5101017952, "delta": 35.69794511795044}, "costs": {"total_cost": 10399.428862279092, "time_cost": 150, "final_distance_cost": 2943.0035342663873, "oscillation_cost": 441.001574478533, "completition_cost": 1000.0, "overshoot_cost": 5739.617945613062, "power_cost": 47.89474616699219, "noise_cost": 77.91106175411784, "n_waypoints_completed": 0, "tot_waypoints": 9}}
{"target": -1756.4564461804232, "params": {"k_pid_pos": [3050.801245626836, 10000.0, 10000.0], "k_pid_alt": [6855.120259948521, 10000.0, 987.8318543185683], "k_pid_att": [10000.0, 6119.981005071572, 0.0], "k_pid_yaw": [0.5, 1e-06, 0.1], "k_pid_hsp": [7886.223307097004, 10000.0, 6990.8787681377235], "k_pid_vsp": [1366.179570798096, 4361.333379777429, 9953.055803068337]}, "datetime": {"datetime": "2025-08-09 10:41:55", "elapsed": 64347.28080749512, "delta": 54.770705699920654}, "costs": {"total_cost": 1756.4564461804232, "time_cost": 150, "final_distance_cost": 75.49015739688683, "oscillation_cost": 356.4762253302494, "completition_cost": 1000.0, "overshoot_cost": 105.11137280023638, "power_cost": 39.86989475097656, "noise_cost": 29.50879590207414, "n_waypoints_completed": 0, "tot_waypoints": 9}}
{"target": -8281.273989606338, "params": {"k_pid_pos": [7856.593245267034, 3005.2599619290154, 7118.186338919225], "k_pid_alt": [5269.572712050323, 6332.203207097028, 1002.8710961530508], "k_pid_att": [5309.7631151630185, 2771.1971424044023, 5348.634759928245], "k_pid_yaw": [0.5, 1e-06, 0.1], "k_pid_hsp": [9974.367110873125, 5458.987924395073, 9982.3218692165], "k_pid_vsp": [7980.7255533501875, 5799.240829347216, 5208.459643283582]}, "datetime": {"datetime": "2025-08-09 10:42:31", "elapsed": 64382.55139255524, "delta": 35.27058506011963}, "costs": {"total_cost": 8281.273989606338, "time_cost": 150, "final_distance_cost": 1222.7981985881356, "oscillation_cost": 737.0089154181776, "completition_cost": 1000.0, "overshoot_cost": 4971.70924826726, "power_cost": 58.67497172851563, "noise_cost": 141.0826556042485, "n_waypoints_completed": 0, "tot_waypoints": 9}}
{"target": -1852.6487485145747, "params": {"k_pid_pos": [2699.324871040177, 4482.285646647323, 0.0], "k_pid_alt": [257.2732901248255, 1961.6938519630678, 0.0], "k_pid_att": [5614.301512237609, 3934.0048145294722, 0.0], "k_pid_yaw": [0.5, 1e-06, 0.1], "k_pid_hsp": [1704.863017627734, 0.0, 1422.4411254428792], "k_pid_vsp": [10000.0, 5239.001701633916, 5263.383140461496]}, "datetime": {"datetime": "2025-08-09 10:43:23", "elapsed": 64435.50582909584, "delta": 52.95443654060364}, "costs": {"total_cost": 1852.6487485145747, "time_cost": 150, "final_distance_cost": 71.56080268730133, "oscillation_cost": 492.1117142779104, "completition_cost": 1000.0, "overshoot_cost": 72.12928082860142, "power_cost": 38.50789853515625, "noise_cost": 28.3390521856052, "n_waypoints_completed": 0, "tot_waypoints": 9}}
{"target": -843.3551242023685, "params": {"k_pid_pos": [10000.0, 443.6788218183914, 6412.503269194277], "k_pid_alt": [10000.0, 0.0, 6260.736985395471], "k_pid_att": [10000.0, 6965.956734240857, 0.0], "k_pid_yaw": [0.5, 1e-06, 0.1], "k_pid_hsp": [6939.572745521032, 4511.4632533212325, 0.0], "k_pid_vsp": [6462.151727666582, 10000.0, 5977.045919372412]}, "datetime": {"datetime": "2025-08-09 10:44:14", "elapsed": 64486.52316188812, "delta": 51.017332792282104}, "costs": {"total_cost": 843.3551242023685, "time_cost": 113.057, "final_distance_cost": 1.7822158375412225, "oscillation_cost": 595.6625762887634, "completition_cost": 0.0, "overshoot_cost": 69.58656299257024, "power_cost": 36.22976783447266, "noise_cost": 27.03700124902093, "n_waypoints_completed": 9, "tot_waypoints": 9}}
{"target": -9600.807773632947, "params": {"k_pid_pos": [9438.385753753853, 5623.92752593904, 9170.957836197216], "k_pid_alt": [7359.65299618475, 8338.947186589583, 7077.247979084959], "k_pid_att": [1799.0168496569027, 6278.831420526014, 3952.545738516564], "k_pid_yaw": [0.5, 1e-06, 0.1], "k_pid_hsp": [2085.275869056894, 7392.380763371242, 8783.3992327553], "k_pid_vsp": [2182.5803692204736, 963.9634682951048, 1577.2027416815192]}, "datetime": {"datetime": "2025-08-09 10:44:49", "elapsed": 64520.76077198982, "delta": 34.23761010169983}, "costs": {"total_cost": 9600.807773632947, "time_cost": 150, "final_distance_cost": 1843.2641492867197, "oscillation_cost": 1602.5399443817348, "completition_cost": 1000.0, "overshoot_cost": 4803.120213474069, "power_cost": 58.655612695312506, "noise_cost": 143.22785379511123, "n_waypoints_completed": 0, "tot_waypoints": 9}}
{"target": -6174.875136684595, "params": {"k_pid_pos": [3229.1236321998695, 109.3598176376076, 4810.519616506172], "k_pid_alt": [7233.774849108694, 3873.0986996307206, 1647.5832277403424], "k_pid_att": [4004.5293896057697, 6246.169782764425, 7006.786856128564], "k_pid_yaw": [0.5, 1e-06, 0.1], "k_pid_hsp": [6762.330528109252, 6509.321476944753, 6734.611529415914], "k_pid_vsp": [5907.540928765037, 792.6259130754576, 9595.314020857699]}, "datetime": {"datetime": "2025-08-09 10:45:23", "elapsed": 64555.3438937664, "delta": 34.58312177658081}, "costs": {"total_cost": 6174.875136684595, "time_cost": 150, "final_distance_cost": 591.623938729145, "oscillation_cost": 897.1948179639055, "completition_cost": 1000.0, "overshoot_cost": 3371.0590400293067, "power_cost": 53.92925653076172, "noise_cost": 111.06808343147594, "n_waypoints_completed": 0, "tot_waypoints": 9}}
{"target": -907.9218153140259, "params": {"k_pid_pos": [10000.0, 10000.0, 10000.0], "k_pid_alt": [10000.0, 0.0, 5528.9802370486495], "k_pid_att": [5584.868714497903, 0.0, 0.0], "k_pid_yaw": [0.5, 1e-06, 0.1], "k_pid_hsp": [3918.4753810528273, 10000.0, 3842.6052519685522], "k_pid_vsp": [5894.364229886959, 0.0, 0.0]}, "datetime": {"datetime": "2025-08-09 10:46:19", "elapsed": 64611.22821831703, "delta": 55.88432455062866}, "costs": {"total_cost": 907.9218153140259, "time_cost": 150, "final_distance_cost": 86.05865311280327, "oscillation_cost": 280.470110233423, "completition_cost": 222.2222222222222, "overshoot_cost": 100.63504087858148, "power_cost": 39.92232564697266, "noise_cost": 28.613463220023377, "n_waypoints_completed": 7, "tot_waypoints": 9}}
{"target": -1783.5134063013033, "params": {"k_pid_pos": [10000.0, 10000.0, 10000.0], "k_pid_alt": [10000.0, 10000.0, 9492.545671961301], "k_pid_att": [10000.0, 3027.3680017833844, 0.0], "k_pid_yaw": [0.5, 1e-06, 0.1], "k_pid_hsp": [6077.752061808492, 5949.155753175788, 0.0], "k_pid_vsp": [6021.132365049982, 10000.0, 6360.947619781461]}, "datetime": {"datetime": "2025-08-09 10:47:12", "elapsed": 64664.37034225464, "delta": 53.14212393760681}, "costs": {"total_cost": 1783.5134063013033, "time_cost": 150, "final_distance_cost": 70.7497766442493, "oscillation_cost": 528.2173819355462, "completition_cost": 888.8888888888888, "overshoot_cost": 77.71781513553317, "power_cost": 39.38842362060547, "noise_cost": 28.551120076480597, "n_waypoints_completed": 1, "tot_waypoints": 9}}
{"target": -1811.4795415364747, "params": {"k_pid_pos": [0.0, 5326.5558000106585, 6820.791759669726], "k_pid_alt": [7749.009705450117, 6650.964995729936, 6907.197933012162], "k_pid_att": [4298.381994242842, 6353.636467484279, 0.0], "k_pid_yaw": [0.5, 1e-06, 0.1], "k_pid_hsp": [6117.0752929109985, 6641.718098657458, 4546.830321815074], "k_pid_vsp": [5293.282025663517, 10000.0, 10000.0]}, "datetime": {"datetime": "2025-08-09 10:48:12", "elapsed": 64724.50546956062, "delta": 60.1351273059845}, "costs": {"total_cost": 1811.4795415364747, "time_cost": 150, "final_distance_cost": 75.4363294710471, "oscillation_cost": 543.5888526963636, "completition_cost": 888.8888888888888, "overshoot_cost": 87.65936549289714, "power_cost": 37.65150043945313, "noise_cost": 28.254604547824783, "n_waypoints_completed": 1, "tot_waypoints": 9}}
