{"target": -6802.280651780051, "params": {"k_pid_pos": [9057.41642099751, 5079.168975747341, 1683.892664288741], "k_pid_alt": [1009.7646242342739, 4570.29723141902, 2655.45537246747], "k_pid_att": [1577.5797022662298, 4861.486462393566, 7634.340784832126], "k_pid_yaw": [0.5, 1e-06, 0.1], "k_pid_hsp": [8366.51868865089, 4549.158693142792, 3570.054031970661], "k_pid_vsp": [421.6941228159599, 387.16493878177994, 4776.188557279466]}, "datetime": {"datetime": "2025-08-09 05:11:27", "elapsed": 44518.83313393593, "delta": 32.70393943786621}, "costs": {"total_cost": 6802.280651780051, "time_cost": 150, "final_distance_cost": 546.0077907693881, "oscillation_cost": 593.2400062090117, "completition_cost": 1000.0, "overshoot_cost": 4352.017904223291, "power_cost": 54.05070952148438, "noise_cost": 106.96424105687566, "n_waypoints_completed": 0, "tot_waypoints": 9}}
{"target": -1491.0982848681374, "params": {"k_pid_pos": [9538.518567956715, 6454.07855081109, 0.0], "k_pid_alt": [10000.0, 8079.832366805642, 0.0], "k_pid_att": [10000.0, 8722.995593181953, 0.0], "k_pid_yaw": [0.5, 1e-06, 0.1], "k_pid_hsp": [2427.3105333052927, 2741.1944465519896, 0.0], "k_pid_vsp": [4578.28825108783, 10000.0, 5390.778869315659]}, "datetime": {"datetime": "2025-08-09 05:12:13", "elapsed": 44565.02783322334, "delta": 46.19469928741455}, "costs": {"total_cost": 1491.0982848681374, "time_cost": 150, "final_distance_cost": 79.67463907127907, "oscillation_cost": 235.7552190258194, "completition_cost": 888.8888888888888, "overshoot_cost": 64.75956604976065, "power_cost": 42.757824707031254, "noise_cost": 29.262147125358275, "n_waypoints_completed": 1, "tot_waypoints": 9}}
{"target": -10794.2520880662, "params": {"k_pid_pos": [5314.839276142054, 6802.0436715682645, 8968.722770491571], "k_pid_alt": [1107.0013134932599, 5969.281418507304, 460.52224811046983], "k_pid_att": [7226.743233310001, 9680.572631321755, 8755.97855532823], "k_pid_yaw": [0.5, 1e-06, 0.1], "k_pid_hsp": [6693.299726832857, 2509.964166545815, 7255.027411451127], "k_pid_vsp": [632.5551566712118, 6197.592401144172, 2364.7446018842597]}, "datetime": {"datetime": "2025-08-09 05:12:46", "elapsed": 44597.775844335556, "delta": 32.748011112213135}, "costs": {"total_cost": 10794.2520880662, "time_cost": 150, "final_distance_cost": 3059.27071837935, "oscillation_cost": 1327.5955583417544, "completition_cost": 1000.0, "overshoot_cost": 5055.681217642755, "power_cost": 58.519231250000004, "noise_cost": 143.18536245234074, "n_waypoints_completed": 0, "tot_waypoints": 9}}
{"target": -536.0150629002638, "params": {"k_pid_pos": [4543.698002610994, 3917.4164577822044, 2988.2755636146703], "k_pid_alt": [3255.429566926623, 0.0, 9132.364980896524], "k_pid_att": [6641.524116243206, 723.920672897525, 0.0], "k_pid_yaw": [0.5, 1e-06, 0.1], "k_pid_hsp": [5016.598945993313, 10000.0, 0.0], "k_pid_vsp": [10000.0, 4025.585945764969, 1421.687340061107]}, "datetime": {"datetime": "2025-08-09 05:13:28", "elapsed": 44640.51527953148, "delta": 42.73943519592285}, "costs": {"total_cost": 536.0150629002638, "time_cost": 116.592, "final_distance_cost": 1.7792903507950368, "oscillation_cost": 274.89621300440035, "completition_cost": 0.0, "overshoot_cost": 72.08768659756191, "power_cost": 40.806753051757816, "noise_cost": 29.85311989574874, "n_waypoints_completed": 9, "tot_waypoints": 9}}
{"target": -1432.0080079589961, "params": {"k_pid_pos": [10000.0, 5697.070820684441, 0.0], "k_pid_alt": [10000.0, 0.0, 6787.838524206101], "k_pid_att": [10000.0, 1433.3977478315849, 0.0], "k_pid_yaw": [0.5, 1e-06, 0.1], "k_pid_hsp": [0.0, 2777.906818935446, 0.0], "k_pid_vsp": [5557.8259090092315, 1523.249325997793, 7756.08732920337]}, "datetime": {"datetime": "2025-08-09 05:14:16", "elapsed": 44688.164992809296, "delta": 47.64971327781677}, "costs": {"total_cost": 1432.0080079589961, "time_cost": 150, "final_distance_cost": 56.12102873060884, "oscillation_cost": 137.96326028715617, "completition_cost": 888.8888888888888, "overshoot_cost": 124.10007664981758, "power_cost": 45.09799403076172, "noise_cost": 29.836759371762934, "n_waypoints_completed": 1, "tot_waypoints": 9}}
{"target": -6253.649695144472, "params": {"k_pid_pos": [5017.90003236884, 4090.8763438452543, 2677.4427708756175], "k_pid_alt": [8032.33561511757, 3471.637934738122, 3183.1765569605077], "k_pid_att": [2113.342461361709, 1841.5654641597434, 2757.5523031608386], "k_pid_yaw": [0.5, 1e-06, 0.1], "k_pid_hsp": [6610.785277249588, 4805.62375005142, 1821.9173332363448], "k_pid_vsp": [4889.27863279069, 5775.663275300141, 6437.482550646891]}, "datetime": {"datetime": "2025-08-09 05:14:49", "elapsed": 44721.24161911011, "delta": 33.07662630081177}, "costs": {"total_cost": 6253.649695144472, "time_cost": 150, "final_distance_cost": 1772.7538471736664, "oscillation_cost": 857.5115918996868, "completition_cost": 1000.0, "overshoot_cost": 2325.1487409296906, "power_cost": 51.183792138671876, "noise_cost": 97.05172300275648, "n_waypoints_completed": 0, "tot_waypoints": 9}}
{"target": -3816.59627148201, "params": {"k_pid_pos": [3117.279532996984, 9804.302871182708, 8869.086060535106], "k_pid_alt": [6802.049080925057, 1758.735315350315, 9455.54311716701], "k_pid_att": [6180.948796885298, 3633.7102266451184, 3258.6224833520882], "k_pid_yaw": [0.5, 1e-06, 0.1], "k_pid_hsp": [6056.767727843791, 770.2636487407876, 5278.750816021863], "k_pid_vsp": [6404.207456612971, 3782.134288307346, 7228.642637721962]}, "datetime": {"datetime": "2025-08-09 05:15:21", "elapsed": 44753.50329351425, "delta": 32.26167440414429}, "costs": {"total_cost": 3816.59627148201, "time_cost": 150, "final_distance_cost": 536.6141162357304, "oscillation_cost": 171.3047182019697, "completition_cost": 1000.0, "overshoot_cost": 1875.2304632671644, "power_cost": 40.48527709960938, "noise_cost": 42.96169667753561, "n_waypoints_completed": 0, "tot_waypoints": 9}}
{"target": -1562.599440401634, "params": {"k_pid_pos": [10000.0, 6427.937258107086, 7955.370124431946], "k_pid_alt": [3083.5317369234017, 3519.8988016459552, 2621.2077774418794], "k_pid_att": [5144.935777571835, 4677.517037644382, 0.0], "k_pid_yaw": [0.5, 1e-06, 0.1], "k_pid_hsp": [10000.0, 0.0, 2421.812544328472], "k_pid_vsp": [0.0, 10000.0, 10000.0]}, "datetime": {"datetime": "2025-08-09 05:16:07", "elapsed": 44799.31678843498, "delta": 45.81349492073059}, "costs": {"total_cost": 1562.599440401634, "time_cost": 150, "final_distance_cost": 55.636006801510874, "oscillation_cost": 224.24213451672503, "completition_cost": 1000.0, "overshoot_cost": 61.772836454681894, "power_cost": 41.23668729248047, "noise_cost": 29.71177533623562, "n_waypoints_completed": 0, "tot_waypoints": 9}}
{"target": -7071.172064055258, "params": {"k_pid_pos": [1397.2111894643413, 7072.7551127243605, 395.58327882767696], "k_pid_alt": [8044.3247924237085, 2775.0650569326394, 4088.8522953878805], "k_pid_att": [347.5416626210426, 5796.637142566873, 9430.011535165264], "k_pid_yaw": [0.5, 1e-06, 0.1], "k_pid_hsp": [2416.401640190975, 3647.9113815320475, 5100.841499398374], "k_pid_vsp": [6685.520325609502, 7760.02458190597, 2704.9869835699346]}, "datetime": {"datetime": "2025-08-09 05:16:41", "elapsed": 44833.44160413742, "delta": 34.124815702438354}, "costs": {"total_cost": 7071.172064055258, "time_cost": 150, "final_distance_cost": 1231.1753693511498, "oscillation_cost": 802.5736149852293, "completition_cost": 1000.0, "overshoot_cost": 3692.6619224422525, "power_cost": 58.587415966796875, "noise_cost": 136.17374130982907, "n_waypoints_completed": 0, "tot_waypoints": 9}}
{"target": -4379.972813681643, "params": {"k_pid_pos": [4961.36372526394, 911.8655480831694, 9419.080697465562], "k_pid_alt": [8483.536076144992, 2722.021468989423, 5500.990702580766], "k_pid_att": [1191.303540593791, 1651.444173231188, 7279.644030442552], "k_pid_yaw": [0.5, 1e-06, 0.1], "k_pid_hsp": [9986.943187675486, 6683.6913903116665, 1707.9061058456145], "k_pid_vsp": [9435.211592535788, 1683.531786971728, 3643.1666694784003]}, "datetime": {"datetime": "2025-08-09 05:17:15", "elapsed": 44866.59876680374, "delta": 33.1571626663208}, "costs": {"total_cost": 4379.972813681643, "time_cost": 150, "final_distance_cost": 508.37692912041007, "oscillation_cost": 796.5625047073703, "completition_cost": 1000.0, "overshoot_cost": 1742.6699930933357, "power_cost": 58.55283464355469, "noise_cost": 123.81055211697199, "n_waypoints_completed": 0, "tot_waypoints": 9}}
{"target": -9932.211578011038, "params": {"k_pid_pos": [7075.379436060412, 7916.572840558952, 9648.397845437008], "k_pid_alt": [5159.261518005966, 2197.663068113123, 4231.191487391841], "k_pid_att": [3487.3110515796457, 3367.8110201761947, 4867.959209303023], "k_pid_yaw": [0.5, 1e-06, 0.1], "k_pid_hsp": [1016.9230367518012, 3001.339361401939, 2124.5344636692366], "k_pid_vsp": [6969.979490803951, 5827.142100777211, 7959.620024827813]}, "datetime": {"datetime": "2025-08-09 05:17:48", "elapsed": 44899.74585413933, "delta": 33.14708733558655}, "costs": {"total_cost": 9932.211578011038, "time_cost": 150, "final_distance_cost": 2842.1146988920764, "oscillation_cost": 759.619215217282, "completition_cost": 1000.0, "overshoot_cost": 5025.55608754973, "power_cost": 52.271108093261724, "noise_cost": 102.65046825868812, "n_waypoints_completed": 0, "tot_waypoints": 9}}
{"target": -1750.1464402065674, "params": {"k_pid_pos": [8952.54703613454, 10000.0, 10000.0], "k_pid_alt": [8851.608068201924, 10000.0, 3096.5530317343396], "k_pid_att": [10000.0, 6692.262748902081, 0.0], "k_pid_yaw": [0.5, 1e-06, 0.1], "k_pid_hsp": [10000.0, 7457.870466764799, 9566.178544971295], "k_pid_vsp": [6241.0053322867425, 7818.769665257762, 5083.301878130638]}, "datetime": {"datetime": "2025-08-09 05:18:32", "elapsed": 44943.89976024628, "delta": 44.15390610694885}, "costs": {"total_cost": 1750.1464402065674, "time_cost": 150, "final_distance_cost": 90.99210122461139, "oscillation_cost": 479.8660152948731, "completition_cost": 888.8888888888888, "overshoot_cost": 73.7927309455444, "power_cost": 38.3029008178711, "noise_cost": 28.303803034778305, "n_waypoints_completed": 1, "tot_waypoints": 9}}
{"target": -4856.051690401899, "params": {"k_pid_pos": [3719.4485920091593, 8607.000293053276, 1657.9068139193432], "k_pid_alt": [3920.174380915682, 5330.955236874823, 2364.5621521415073], "k_pid_att": [7041.73773138373, 4803.740390697357, 8384.764724725059], "k_pid_yaw": [0.5, 1e-06, 0.1], "k_pid_hsp": [1471.6709346309908, 334.779617889297, 8920.419075168707], "k_pid_vsp": [2093.534293986028, 3613.818535778689, 4539.063210260091]}, "datetime": {"datetime": "2025-08-09 05:19:05", "elapsed": 44976.67738866806, "delta": 32.77762842178345}, "costs": {"total_cost": 4856.051690401899, "time_cost": 150, "final_distance_cost": 830.8496213198238, "oscillation_cost": 461.5969987156567, "completition_cost": 1000.0, "overshoot_cost": 2286.0345429039594, "power_cost": 48.247989550781256, "noise_cost": 79.32253791167747, "n_waypoints_completed": 0, "tot_waypoints": 9}}
{"target": -836.250991137851, "params": {"k_pid_pos": [10000.0, 10000.0, 7291.04908121481], "k_pid_alt": [2765.22846667777, 0.0, 9123.471583693103], "k_pid_att": [7524.114562740076, 0.0, 0.0], "k_pid_yaw": [0.5, 1e-06, 0.1], "k_pid_hsp": [10000.0, 8716.12095034946, 3177.7962094258323], "k_pid_vsp": [1797.5622024949596, 10000.0, 10000.0]}, "datetime": {"datetime": "2025-08-09 05:19:51", "elapsed": 45022.793040037155, "delta": 46.11565136909485}, "costs": {"total_cost": 836.250991137851, "time_cost": 150, "final_distance_cost": 81.1401981715315, "oscillation_cost": 221.18720941452477, "completition_cost": 222.2222222222222, "overshoot_cost": 91.74805464547322, "power_cost": 41.02362393798828, "noise_cost": 28.92968274611099, "n_waypoints_completed": 7, "tot_waypoints": 9}}
{"target": -5543.595239583108, "params": {"k_pid_pos": [3428.534917687086, 7746.60438506005, 4358.059131700121], "k_pid_alt": [1377.326134333675, 5845.545546841544, 8361.773537296205], "k_pid_att": [529.9445765864352, 1390.1911745108541, 6901.715925462892], "k_pid_yaw": [0.5, 1e-06, 0.1], "k_pid_hsp": [912.9794666404845, 7580.515302278907, 8139.667108297592], "k_pid_vsp": [6943.443433521041, 2111.910188603985, 8818.621957560183]}, "datetime": {"datetime": "2025-08-09 05:20:24", "elapsed": 45055.74131202698, "delta": 32.94827198982239}, "costs": {"total_cost": 5543.595239583108, "time_cost": 150, "final_distance_cost": 637.0748736755924, "oscillation_cost": 261.2255443759846, "completition_cost": 1000.0, "overshoot_cost": 3417.5665536578053, "power_cost": 43.39942198486328, "noise_cost": 34.32884588886218, "n_waypoints_completed": 0, "tot_waypoints": 9}}
{"target": -1181.3414885424177, "params": {"k_pid_pos": [3580.23855212616, 2023.8458963630362, 0.0], "k_pid_alt": [5159.624348845959, 0.0, 0.0], "k_pid_att": [6163.00602262329, 4334.78226058085, 0.0], "k_pid_yaw": [0.5, 1e-06, 0.1], "k_pid_hsp": [2727.708005655977, 5704.584862673798, 0.0], "k_pid_vsp": [7602.068477409747, 5345.88564392906, 3119.7962961799176]}, "datetime": {"datetime": "2025-08-09 05:21:08", "elapsed": 45100.15938091278, "delta": 44.41806888580322}, "costs": {"total_cost": 1181.3414885424177, "time_cost": 150, "final_distance_cost": 56.89350225140248, "oscillation_cost": 176.38184238093174, "completition_cost": 666.6666666666667, "overshoot_cost": 56.124810699153905, "power_cost": 45.67416000976563, "noise_cost": 29.600506534497065, "n_waypoints_completed": 3, "tot_waypoints": 9}}
{"target": -3186.8340016710217, "params": {"k_pid_pos": [5937.699041452332, 4684.388872509439, 7621.671509731769], "k_pid_alt": [6329.53274327913, 4929.8105941728745, 9899.703646996675], "k_pid_att": [9288.266225884783, 9245.37935674636, 2727.8614966753235], "k_pid_yaw": [0.5, 1e-06, 0.1], "k_pid_hsp": [3519.252536644454, 2712.7454964097765, 3638.016997383182], "k_pid_vsp": [8507.14718152498, 5511.1425858094535, 8082.053379659089]}, "datetime": {"datetime": "2025-08-09 05:21:41", "elapsed": 45132.92338299751, "delta": 32.764002084732056}, "costs": {"total_cost": 3186.8340016710217, "time_cost": 150, "final_distance_cost": 584.8390275300143, "oscillation_cost": 89.93589768298936, "completition_cost": 1000.0, "overshoot_cost": 1299.0536429044657, "power_cost": 35.261532312011724, "noise_cost": 27.743901241540573, "n_waypoints_completed": 0, "tot_waypoints": 9}}
{"target": -2635.9284466293393, "params": {"k_pid_pos": [6619.8347782756455, 7939.142196900397, 6846.778132058578], "k_pid_alt": [6901.0569247357425, 8792.086059383004, 7440.454833221932], "k_pid_att": [4075.2882237862577, 4558.7360056492025, 1753.8167754202705], "k_pid_yaw": [0.5, 1e-06, 0.1], "k_pid_hsp": [3167.6249733587847, 632.8586564776284, 9471.016121800343], "k_pid_vsp": [3456.571440542382, 6913.2219881606325, 715.5759615118418]}, "datetime": {"datetime": "2025-08-09 05:22:13", "elapsed": 45165.448202610016, "delta": 32.52481961250305}, "costs": {"total_cost": 2635.9284466293393, "time_cost": 150, "final_distance_cost": 317.032917738845, "oscillation_cost": 285.110520522229, "completition_cost": 1000.0, "overshoot_cost": 783.7530112739435, "power_cost": 45.062584814453125, "noise_cost": 54.96941227986891, "n_waypoints_completed": 0, "tot_waypoints": 9}}
{"target": -732.0007052360584, "params": {"k_pid_pos": [4808.222262897672, 6110.717913613144, 4584.103595193097], "k_pid_alt": [2442.493971786721, 0.0, 4675.757054104618], "k_pid_att": [7871.234616818615, 6286.648892961653, 0.0], "k_pid_yaw": [0.5, 1e-06, 0.1], "k_pid_hsp": [10000.0, 10000.0, 0.0], "k_pid_vsp": [10000.0, 0.0, 407.5631468835969]}, "datetime": {"datetime": "2025-08-09 05:23:01", "elapsed": 45212.61836028099, "delta": 47.17015767097473}, "costs": {"total_cost": 732.0007052360584, "time_cost": 150, "final_distance_cost": 7.830843463049131, "oscillation_cost": 317.0057476764397, "completition_cost": 111.11111111111116, "overshoot_cost": 72.84703198465456, "power_cost": 41.96800894775391, "noise_cost": 31.237962053049976, "n_waypoints_completed": 8, "tot_waypoints": 9}}
{"target": -5199.901030237865, "params": {"k_pid_pos": [2789.929088171199, 7373.051163022596, 6328.095921631897], "k_pid_alt": [4095.699934552325, 9275.554388260432, 2377.055857563828], "k_pid_att": [9368.558637334943, 4881.17499360462, 5761.813911498346], "k_pid_yaw": [0.5, 1e-06, 0.1], "k_pid_hsp": [7990.428152595914, 5460.87576346462, 6287.324272947757], "k_pid_vsp": [8569.6013960547, 4740.278921252567, 4443.045736952553]}, "datetime": {"datetime": "2025-08-09 05:23:33", "elapsed": 45244.716044425964, "delta": 32.097684144973755}, "costs": {"total_cost": 5199.901030237865, "time_cost": 150, "final_distance_cost": 941.936720450452, "oscillation_cost": 742.2459667244352, "completition_cost": 1000.0, "overshoot_cost": 2172.7944695072842, "power_cost": 58.53348016357422, "noise_cost": 134.39039339211885, "n_waypoints_completed": 0, "tot_waypoints": 9}}
{"target": -2287.6763529882296, "params": {"k_pid_pos": [9618.682014314054, 1133.4915197797714, 3304.6837123128457], "k_pid_alt": [1655.3815679668614, 5100.530933936158, 7468.025353715314], "k_pid_att": [2340.0100828915483, 7574.4469594569155, 1307.051030324642], "k_pid_yaw": [0.5, 1e-06, 0.1], "k_pid_hsp": [9460.532260527227, 5620.9058815075505, 3672.0962484713427], "k_pid_vsp": [3252.5857788973512, 1830.3307942464996, 6730.048053777477]}, "datetime": {"datetime": "2025-08-09 05:24:06", "elapsed": 45278.05008792877, "delta": 33.33404350280762}, "costs": {"total_cost": 2287.6763529882296, "time_cost": 150, "final_distance_cost": 33.270684608869374, "oscillation_cost": 524.7957610016775, "completition_cost": 1000.0, "overshoot_cost": 412.5596372588017, "power_cost": 55.52116713867188, "noise_cost": 111.52910298020905, "n_waypoints_completed": 0, "tot_waypoints": 9}}
{"target": -5474.71679589646, "params": {"k_pid_pos": [9120.165343804938, 8860.162607843342, 8256.06662534848], "k_pid_alt": [6805.170413153019, 8303.92150158735, 2148.733733032049], "k_pid_att": [9418.359188762963, 1699.608373617918, 3928.7987336610518], "k_pid_yaw": [0.5, 1e-06, 0.1], "k_pid_hsp": [2044.781880643144, 5630.204163888851, 2946.8132771518162], "k_pid_vsp": [433.3640178756715, 4235.304264888575, 7348.734674760403]}, "datetime": {"datetime": "2025-08-09 05:24:39", "elapsed": 45310.61947655678, "delta": 32.56938862800598}, "costs": {"total_cost": 5474.71679589646, "time_cost": 150, "final_distance_cost": 1046.2350185507382, "oscillation_cost": 30.40021862098601, "completition_cost": 1000.0, "overshoot_cost": 3184.752921228825, "power_cost": 35.37582475585938, "noise_cost": 27.952812740052693, "n_waypoints_completed": 0, "tot_waypoints": 9}}
{"target": -1526.9893979458923, "params": {"k_pid_pos": [584.8695980386964, 6516.454867654355, 4744.398922595043], "k_pid_alt": [2096.0971824905673, 1211.7966538767798, 2715.9464050572037], "k_pid_att": [9047.719732266984, 3926.433437631306, 1065.0694694852114], "k_pid_yaw": [0.5, 1e-06, 0.1], "k_pid_hsp": [1069.3931665384137, 8740.781857472522, 2234.5222515210726], "k_pid_vsp": [6199.200408032984, 2987.4425591958643, 2422.333366712116]}, "datetime": {"datetime": "2025-08-09 05:25:11", "elapsed": 45343.3134367466, "delta": 32.693960189819336}, "costs": {"total_cost": 1526.9893979458923, "time_cost": 150, "final_distance_cost": 76.83903270621101, "oscillation_cost": 105.623949665704, "completition_cost": 1000.0, "overshoot_cost": 129.98218241034084, "power_cost": 36.599298864746096, "noise_cost": 27.94493429889033, "n_waypoints_completed": 0, "tot_waypoints": 9}}
{"target": -5552.620063980808, "params": {"k_pid_pos": [5709.477961600802, 2044.8204040463802, 8131.415768512295], "k_pid_alt": [1677.714817317444, 5813.628039865807, 5208.320133986831], "k_pid_att": [9060.890812600244, 7277.4552058934305, 2198.7266723275443], "k_pid_yaw": [0.5, 1e-06, 0.1], "k_pid_hsp": [2554.045479676853, 1305.8634386058754, 4251.112374617359], "k_pid_vsp": [283.73105168898684, 5543.310180298391, 3177.9700200966486]}, "datetime": {"datetime": "2025-08-09 05:25:45", "elapsed": 45376.60480761528, "delta": 33.29137086868286}, "costs": {"total_cost": 5552.620063980808, "time_cost": 150, "final_distance_cost": 1332.3822016519898, "oscillation_cost": 85.86703540501654, "completition_cost": 1000.0, "overshoot_cost": 2921.694103560521, "power_cost": 34.94943839111328, "noise_cost": 27.727284972167592, "n_waypoints_completed": 0, "tot_waypoints": 9}}
{"target": -28046.893090731202, "params": {"k_pid_pos": [6288.923450517772, 3997.203470077495, 2133.3547543481736], "k_pid_alt": [5129.182420074958, 6717.356491171744, 8909.017634985255], "k_pid_att": [2167.430246521347, 6212.284129940019, 7125.436686754087], "k_pid_yaw": [0.5, 1e-06, 0.1], "k_pid_hsp": [5802.146542556261, 8452.431566065168, 3574.9069702277347], "k_pid_vsp": [7520.08028680883, 3682.706092247228, 1131.4871095465505]}, "datetime": {"datetime": "2025-08-09 05:26:17", "elapsed": 45409.44179368019, "delta": 32.83698606491089}, "costs": {"total_cost": 28046.893090731202, "time_cost": 150, "final_distance_cost": 8149.897057828632, "oscillation_cost": 1475.1873772175536, "completition_cost": 1000.0, "overshoot_cost": 17071.32898984956, "power_cost": 58.655612695312506, "noise_cost": 141.82405314014656, "n_waypoints_completed": 0, "tot_waypoints": 9}}
