{"target": -1377.654709478903, "params": {"k_pid_pos": [10000.0, 0.0, 6950.749053060123], "k_pid_alt": [3847.728975705867, 9696.347741695019, 7728.85734631435], "k_pid_att": [8328.510458892575, 4936.880011675116, 0.0], "k_pid_yaw": [0.5, 1e-06, 0.1], "k_pid_hsp": [0.0, 10000.0, 0.0], "k_pid_vsp": [3553.6020698239768, 9296.42869219584, 3872.9011308863032]}, "datetime": {"datetime": "2025-08-09 11:25:27", "elapsed": 66958.6349055767, "delta": 52.35059094429016}, "costs": {"total_cost": 1377.654709478903, "time_cost": 150, "final_distance_cost": 87.68430276900712, "oscillation_cost": 172.54460250478215, "completition_cost": 777.7777777777778, "overshoot_cost": 113.65042977446812, "power_cost": 46.20427423095703, "noise_cost": 29.79332242191063, "n_waypoints_completed": 2, "tot_waypoints": 9}}
{"target": -4801.463129379445, "params": {"k_pid_pos": [6355.90588156235, 1090.9561536011236, 5019.08845378922], "k_pid_alt": [6446.828421718029, 8110.065784220771, 496.1926044605114], "k_pid_att": [7663.3229568448505, 6406.434554381124, 4944.078160170496], "k_pid_yaw": [0.5, 1e-06, 0.1], "k_pid_hsp": [2726.1685370029263, 7883.809258516711, 2050.4939869920104], "k_pid_vsp": [4269.846454368045, 1384.6511685626283, 154.12225989058226]}, "datetime": {"datetime": "2025-08-09 11:26:03", "elapsed": 66994.96538281441, "delta": 36.330477237701416}, "costs": {"total_cost": 4801.463129379445, "time_cost": 150, "final_distance_cost": 882.5154057897366, "oscillation_cost": 671.0505392043989, "completition_cost": 1000.0, "overshoot_cost": 1900.9605906545512, "power_cost": 58.60744616699219, "noise_cost": 138.32914756376562, "n_waypoints_completed": 0, "tot_waypoints": 9}}
{"target": -1409.417200090679, "params": {"k_pid_pos": [3168.6554691178217, 0.0, 3147.378608971584], "k_pid_alt": [519.8826189814837, 0.0, 10000.0], "k_pid_att": [5094.844785604759, 321.6237916373019, 0.0], "k_pid_yaw": [0.5, 1e-06, 0.1], "k_pid_hsp": [5594.377736542652, 6949.3953447740605, 2922.657018082795], "k_pid_vsp": [0.0, 10000.0, 8269.574805280145]}, "datetime": {"datetime": "2025-08-09 11:26:59", "elapsed": 67051.07147455215, "delta": 56.10609173774719}, "costs": {"total_cost": 1409.417200090679, "time_cost": 150, "final_distance_cost": 60.229489089791905, "oscillation_cost": 396.13565923330117, "completition_cost": 666.6666666666667, "overshoot_cost": 68.7715616262112, "power_cost": 38.713304138183595, "noise_cost": 28.90051933652444, "n_waypoints_completed": 3, "tot_waypoints": 9}}
{"target": -926.5468954227973, "params": {"k_pid_pos": [4609.031733939206, 4006.333143599772, 4080.872173099863], "k_pid_alt": [10000.0, 0.0, 9632.479406219038], "k_pid_att": [5989.314113409604, 0.0, 0.0], "k_pid_yaw": [0.5, 1e-06, 0.1], "k_pid_hsp": [5053.148505232379, 5794.220547754141, 1089.7918755971514], "k_pid_vsp": [2571.768350470087, 4238.514014213176, 9883.292532588017]}, "datetime": {"datetime": "2025-08-09 11:27:58", "elapsed": 67109.95168805122, "delta": 58.880213499069214}, "costs": {"total_cost": 926.5468954227973, "time_cost": 150, "final_distance_cost": 82.01471898419872, "oscillation_cost": 193.49907433983853, "completition_cost": 333.33333333333337, "overshoot_cost": 96.91037935530994, "power_cost": 41.26421051025391, "noise_cost": 29.52517889986288, "n_waypoints_completed": 6, "tot_waypoints": 9}}
{"target": -18682.743345334413, "params": {"k_pid_pos": [3699.0103171746437, 6999.809563354863, 3844.8051727277575], "k_pid_alt": [2817.0449676731137, 2324.9302775557967, 1073.2636836661159], "k_pid_att": [7934.787641639554, 7996.958150585456, 8529.758905653933], "k_pid_yaw": [0.5, 1e-06, 0.1], "k_pid_hsp": [2639.284686639065, 6721.44598088975, 8690.75457860257], "k_pid_vsp": [6724.043500385226, 5194.731699410533, 3299.577041662569]}, "datetime": {"datetime": "2025-08-09 11:28:33", "elapsed": 67145.2782843113, "delta": 35.3265962600708}, "costs": {"total_cost": 18682.743345334413, "time_cost": 150, "final_distance_cost": 4811.599108272697, "oscillation_cost": 1635.1967398312959, "completition_cost": 1000.0, "overshoot_cost": 10884.005876698911, "power_cost": 58.655612695312506, "noise_cost": 143.28600783619672, "n_waypoints_completed": 0, "tot_waypoints": 9}}
{"target": -1447.2336090216202, "params": {"k_pid_pos": [2395.1865607153845, 0.0, 4423.740200116124], "k_pid_alt": [1837.2957614295117, 5490.738671948892, 0.0], "k_pid_att": [10000.0, 8777.348971319881, 5141.710055425653], "k_pid_yaw": [0.5, 1e-06, 0.1], "k_pid_hsp": [0.0, 0.0, 0.0], "k_pid_vsp": [4431.5047258025315, 6747.1618501624425, 10000.0]}, "datetime": {"datetime": "2025-08-09 11:29:27", "elapsed": 67198.61747312546, "delta": 53.33918881416321}, "costs": {"total_cost": 1447.2336090216202, "time_cost": 150, "final_distance_cost": 10.874955840053898, "oscillation_cost": 0.0, "completition_cost": 1000.0, "overshoot_cost": 166.4099510673916, "power_cost": 29.932059130859376, "noise_cost": 90.01664298331532, "n_waypoints_completed": 0, "tot_waypoints": 9}}
{"target": -3052.5675498109968, "params": {"k_pid_pos": [4816.700342499138, 8643.630890561592, 9993.55340321092], "k_pid_alt": [8045.263281279582, 9543.072813913725, 8716.195919352913], "k_pid_att": [1388.0531477587388, 485.89174303625305, 731.765262384253], "k_pid_yaw": [0.5, 1e-06, 0.1], "k_pid_hsp": [8210.308518741103, 8587.246939191084, 4428.137323407264], "k_pid_vsp": [8115.528104948041, 7896.008978451058, 7585.1714302592645]}, "datetime": {"datetime": "2025-08-09 11:30:02", "elapsed": 67234.21795749664, "delta": 35.6004843711853}, "costs": {"total_cost": 3052.5675498109968, "time_cost": 150, "final_distance_cost": 444.3670458885035, "oscillation_cost": 284.3264500442297, "completition_cost": 1000.0, "overshoot_cost": 1076.8807271552605, "power_cost": 44.32001647949219, "noise_cost": 52.67331024351092, "n_waypoints_completed": 0, "tot_waypoints": 9}}
{"target": -1606.496838385763, "params": {"k_pid_pos": [4284.028783950217, 5694.703937108975, 10000.0], "k_pid_alt": [10000.0, 0.0, 10000.0], "k_pid_att": [10000.0, 3473.4111157980756, 0.0], "k_pid_yaw": [0.5, 1e-06, 0.1], "k_pid_hsp": [6691.124198927952, 4148.913748507559, 0.0], "k_pid_vsp": [2134.8584883121844, 10000.0, 5052.315519236862]}, "datetime": {"datetime": "2025-08-09 11:31:03", "elapsed": 67294.70893192291, "delta": 60.49097442626953}, "costs": {"total_cost": 1606.496838385763, "time_cost": 150, "final_distance_cost": 46.88208230110646, "oscillation_cost": 692.1332979358733, "completition_cost": 555.5555555555555, "overshoot_cost": 97.00613334932083, "power_cost": 36.75825145263672, "noise_cost": 28.161517791270384, "n_waypoints_completed": 4, "tot_waypoints": 9}}
{"target": -4155.433082387737, "params": {"k_pid_pos": [2365.9563166627863, 2548.020027222935, 6795.733955077357], "k_pid_alt": [5976.599335974516, 9416.330679758701, 4362.082285221016], "k_pid_att": [6567.43479526169, 3666.5318333115624, 7495.815819728936], "k_pid_yaw": [0.5, 1e-06, 0.1], "k_pid_hsp": [9200.187807683247, 6896.282460119814, 1868.0340034488174], "k_pid_vsp": [6483.054310408515, 684.1737350334454, 8046.399199803678]}, "datetime": {"datetime": "2025-08-09 11:31:37", "elapsed": 67329.26639413834, "delta": 34.557462215423584}, "costs": {"total_cost": 4155.433082387737, "time_cost": 150, "final_distance_cost": 656.4921034845744, "oscillation_cost": 416.78579544063575, "completition_cost": 1000.0, "overshoot_cost": 1804.5948936854563, "power_cost": 48.17620064697266, "noise_cost": 79.3840891300978, "n_waypoints_completed": 0, "tot_waypoints": 9}}
{"target": -1431.2370977756416, "params": {"k_pid_pos": [4834.585355797533, 1424.3854920635104, 0.0], "k_pid_alt": [4264.1950253134955, 10000.0, 6627.294715455451], "k_pid_att": [10000.0, 8564.599864394657, 0.0], "k_pid_yaw": [0.5, 1e-06, 0.1], "k_pid_hsp": [8959.913676194932, 0.0, 1892.2566563563948], "k_pid_vsp": [5175.028898520818, 5394.476305227968, 0.0]}, "datetime": {"datetime": "2025-08-09 11:32:32", "elapsed": 67384.27716350555, "delta": 55.01076936721802}, "costs": {"total_cost": 1431.2370977756416, "time_cost": 150, "final_distance_cost": 73.80084376007771, "oscillation_cost": 290.5491064656214, "completition_cost": 777.7777777777778, "overshoot_cost": 69.27925890547982, "power_cost": 40.99742824707032, "noise_cost": 28.83268261961468, "n_waypoints_completed": 2, "tot_waypoints": 9}}
{"target": -2003.1404528793958, "params": {"k_pid_pos": [3482.599256044819, 2631.1550310340117, 5558.709837464398], "k_pid_alt": [6796.880579905351, 10000.0, 3965.0583126280158], "k_pid_att": [10000.0, 6862.23820958193, 0.0], "k_pid_yaw": [0.5, 1e-06, 0.1], "k_pid_hsp": [5044.126386200909, 10000.0, 0.0], "k_pid_vsp": [5097.774941607298, 151.19316357353753, 10000.0]}, "datetime": {"datetime": "2025-08-09 11:33:29", "elapsed": 67441.1441795826, "delta": 56.867016077041626}, "costs": {"total_cost": 2003.1404528793958, "time_cost": 150, "final_distance_cost": 89.16897827194778, "oscillation_cost": 808.9133163003776, "completition_cost": 777.7777777777778, "overshoot_cost": 111.37050440978918, "power_cost": 37.25261743164063, "noise_cost": 28.657258687862758, "n_waypoints_completed": 2, "tot_waypoints": 9}}
{"target": -1441.2422545057116, "params": {"k_pid_pos": [5990.0354250307555, 491.0632317855466, 566.5198746236927], "k_pid_alt": [5676.401340705159, 9009.370133099268, 0.0], "k_pid_att": [8720.24156365001, 6011.541793353689, 0.0], "k_pid_yaw": [0.5, 1e-06, 0.1], "k_pid_hsp": [0.0, 10000.0, 0.0], "k_pid_vsp": [1375.306760536026, 6753.254199318603, 2933.1289949413012]}, "datetime": {"datetime": "2025-08-09 11:34:25", "elapsed": 67497.5021519661, "delta": 56.357972383499146}, "costs": {"total_cost": 1441.2422545057116, "time_cost": 150, "final_distance_cost": 30.167518760342983, "oscillation_cost": 118.14989956110978, "completition_cost": 1000.0, "overshoot_cost": 66.59029914838466, "power_cost": 46.4580943359375, "noise_cost": 29.87644269993666, "n_waypoints_completed": 0, "tot_waypoints": 9}}
{"target": -12144.762156996649, "params": {"k_pid_pos": [7345.039525433363, 9866.804047776775, 2089.1551551928756], "k_pid_alt": [7438.283343695997, 4172.227723768175, 5139.6106913893045], "k_pid_att": [4098.41703946211, 929.9554893205608, 9159.267861738039], "k_pid_yaw": [0.5, 1e-06, 0.1], "k_pid_hsp": [2603.419260108294, 332.42074775080346, 1013.2871852879077], "k_pid_vsp": [8685.23965482654, 408.2484742040793, 6062.85048606893]}, "datetime": {"datetime": "2025-08-09 11:35:00", "elapsed": 67532.3905286789, "delta": 34.88837671279907}, "costs": {"total_cost": 12144.762156996649, "time_cost": 150, "final_distance_cost": 3475.636678193217, "oscillation_cost": 35.1140504663063, "completition_cost": 1000.0, "overshoot_cost": 7419.326950562115, "power_cost": 35.63326668701172, "noise_cost": 29.051211087999583, "n_waypoints_completed": 0, "tot_waypoints": 9}}
{"target": -4023.2802575423234, "params": {"k_pid_pos": [7182.430354825672, 4256.3934756461485, 3739.371086443648], "k_pid_alt": [8404.560572032196, 2030.9464255565313, 1840.9973503157516], "k_pid_att": [2968.701473962473, 1704.364393089489, 1240.711927596444], "k_pid_yaw": [0.5, 1e-06, 0.1], "k_pid_hsp": [8392.196649626707, 7786.84539823415, 9582.05191998395], "k_pid_vsp": [3954.9457924473686, 6660.135509308318, 3526.2903430459437]}, "datetime": {"datetime": "2025-08-09 11:35:35", "elapsed": 67567.38864731789, "delta": 34.99811863899231}, "costs": {"total_cost": 4023.2802575423234, "time_cost": 150, "final_distance_cost": 788.3371806517157, "oscillation_cost": 621.1820616048425, "completition_cost": 1000.0, "overshoot_cost": 1299.9378785440797, "power_cost": 56.62785043945313, "noise_cost": 107.1952863022322, "n_waypoints_completed": 0, "tot_waypoints": 9}}
{"target": -1760.1305296324836, "params": {"k_pid_pos": [10000.0, 8169.377067498734, 0.0], "k_pid_alt": [0.0, 0.0, 10000.0], "k_pid_att": [7953.19516456688, 0.0, 0.0], "k_pid_yaw": [0.5, 1e-06, 0.1], "k_pid_hsp": [5471.512979517122, 9687.288926298856, 5721.632012025395], "k_pid_vsp": [6877.709026225386, 10000.0, 6058.749958728926]}, "datetime": {"datetime": "2025-08-09 11:36:29", "elapsed": 67620.90074181557, "delta": 53.512094497680664}, "costs": {"total_cost": 1760.1305296324836, "time_cost": 150, "final_distance_cost": 17.347461550978522, "oscillation_cost": 278.6862893867242, "completition_cost": 1000.0, "overshoot_cost": 174.8742496570099, "power_cost": 40.35243216552735, "noise_cost": 98.87009687224362, "n_waypoints_completed": 0, "tot_waypoints": 9}}
{"target": -4256.821740777284, "params": {"k_pid_pos": [6455.428030947429, 9659.753664782513, 6224.142694894556], "k_pid_alt": [1201.279647181851, 4191.991832197045, 2409.2253965720156], "k_pid_att": [5495.060729025694, 9912.060841793536, 5536.508335606141], "k_pid_yaw": [0.5, 1e-06, 0.1], "k_pid_hsp": [9309.444317204792, 6332.614932653119, 7893.148273827106], "k_pid_vsp": [8505.093254583195, 7807.13082122978, 2651.6382139368834]}, "datetime": {"datetime": "2025-08-09 11:37:05", "elapsed": 67657.34283947945, "delta": 36.442097663879395}, "costs": {"total_cost": 4256.821740777284, "time_cost": 150, "final_distance_cost": 502.7378173984611, "oscillation_cost": 1351.83378878927, "completition_cost": 1000.0, "overshoot_cost": 1052.5641888072655, "power_cost": 58.55270892333985, "noise_cost": 141.13323685894736, "n_waypoints_completed": 0, "tot_waypoints": 9}}
{"target": -22214.274238441423, "params": {"k_pid_pos": [9199.645218623475, 9178.789094583783, 5971.9008385919515], "k_pid_alt": [9082.931823649653, 6446.21040984704, 8021.22821824132], "k_pid_att": [5201.4479500492835, 7070.795913513502, 6835.089957103707], "k_pid_yaw": [0.5, 1e-06, 0.1], "k_pid_hsp": [7228.813234234146, 3006.3142603449387, 5262.9879472567145], "k_pid_vsp": [8350.235823682156, 8142.136902189094, 5739.916260555299]}, "datetime": {"datetime": "2025-08-09 11:37:41", "elapsed": 67693.10289120674, "delta": 35.76005172729492}, "costs": {"total_cost": 22214.274238441423, "time_cost": 150, "final_distance_cost": 6582.157474512188, "oscillation_cost": 1649.64544862412, "completition_cost": 1000.0, "overshoot_cost": 12630.842898409479, "power_cost": 58.655612695312506, "noise_cost": 142.97280420032487, "n_waypoints_completed": 0, "tot_waypoints": 9}}
{"target": -1732.4199928111111, "params": {"k_pid_pos": [7258.7672686915985, 9057.247958258884, 6084.16737542373], "k_pid_alt": [3177.2235718629017, 5931.812351715074, 1017.1527890709764], "k_pid_att": [2274.9133434219602, 4900.241061995458, 376.6468415999691], "k_pid_yaw": [0.5, 1e-06, 0.1], "k_pid_hsp": [5977.120586002349, 354.424640115002, 1823.7663170084484], "k_pid_vsp": [1278.060468903045, 4049.658508653533, 9646.097841437004]}, "datetime": {"datetime": "2025-08-09 11:38:17", "elapsed": 67729.32362294197, "delta": 36.22073173522949}, "costs": {"total_cost": 1732.4199928111111, "time_cost": 150, "final_distance_cost": 112.13034865072127, "oscillation_cost": 124.10101396108065, "completition_cost": 1000.0, "overshoot_cost": 282.30876333432167, "power_cost": 35.827115270996096, "noise_cost": 28.052751593991513, "n_waypoints_completed": 0, "tot_waypoints": 9}}
{"target": -2206.948690035836, "params": {"k_pid_pos": [0.0, 5117.735096958974, 4870.958311808238], "k_pid_alt": [10000.0, 4043.4619735280485, 7100.164550636053], "k_pid_att": [10000.0, 6869.956441241292, 0.0], "k_pid_yaw": [0.5, 1e-06, 0.1], "k_pid_hsp": [10000.0, 0.0, 8770.607483955047], "k_pid_vsp": [3810.898848505051, 7042.81882793935, 4899.1777249151]}, "datetime": {"datetime": "2025-08-09 11:39:17", "elapsed": 67789.28001689911, "delta": 59.95639395713806}, "costs": {"total_cost": 2206.948690035836, "time_cost": 150, "final_distance_cost": 90.2091145847172, "oscillation_cost": 782.2663980281363, "completition_cost": 1000.0, "overshoot_cost": 121.19987274632447, "power_cost": 35.503893359375, "noise_cost": 27.769411317283115, "n_waypoints_completed": 0, "tot_waypoints": 9}}
{"target": -4112.8357526004465, "params": {"k_pid_pos": [4412.667909882048, 7542.194733839853, 8019.3317912847], "k_pid_alt": [6472.594711599002, 5288.513774341543, 906.3179543433909], "k_pid_att": [6902.922683584074, 8082.933760872386, 9050.620245137403], "k_pid_yaw": [0.5, 1e-06, 0.1], "k_pid_hsp": [8696.99719318563, 7348.7055854790715, 2054.2085600526716], "k_pid_vsp": [233.5184296370041, 110.04125405748577, 9228.147435544375]}, "datetime": {"datetime": "2025-08-09 11:39:54", "elapsed": 67825.57544398308, "delta": 36.295427083969116}, "costs": {"total_cost": 4112.8357526004465, "time_cost": 150, "final_distance_cost": 256.875336000515, "oscillation_cost": 638.7042603457256, "completition_cost": 1000.0, "overshoot_cost": 1914.0613930247375, "power_cost": 52.85429455566406, "noise_cost": 100.34046867380455, "n_waypoints_completed": 0, "tot_waypoints": 9}}
{"target": -1584.8122218250646, "params": {"k_pid_pos": [6639.745260343681, 10000.0, 7954.576641956949], "k_pid_alt": [0.0, 4093.0375181568866, 3417.5235577499134], "k_pid_att": [8375.561072219612, 9347.625310204112, 0.0], "k_pid_yaw": [0.5, 1e-06, 0.1], "k_pid_hsp": [10000.0, 6320.211149558948, 7824.109101684636], "k_pid_vsp": [10000.0, 7155.388115010179, 1422.928608862453]}, "datetime": {"datetime": "2025-08-09 11:40:49", "elapsed": 67881.37988114357, "delta": 55.80443716049194}, "costs": {"total_cost": 1584.8122218250646, "time_cost": 150, "final_distance_cost": 91.1232612521768, "oscillation_cost": 410.3192664216905, "completition_cost": 777.7777777777778, "overshoot_cost": 88.40707314980203, "power_cost": 38.7877453125, "noise_cost": 28.397097911117545, "n_waypoints_completed": 2, "tot_waypoints": 9}}
{"target": -1491.8806030924407, "params": {"k_pid_pos": [6021.564485835971, 10000.0, 10000.0], "k_pid_alt": [0.0, 6015.854488223227, 6642.7131334317055], "k_pid_att": [5735.2215451023485, 7255.562118703486, 0.0], "k_pid_yaw": [0.5, 1e-06, 0.1], "k_pid_hsp": [10000.0, 0.0, 0.0], "k_pid_vsp": [4785.71060398529, 7144.575223470315, 10000.0]}, "datetime": {"datetime": "2025-08-09 11:41:46", "elapsed": 67938.46258354187, "delta": 57.08270239830017}, "costs": {"total_cost": 1491.8806030924407, "time_cost": 150, "final_distance_cost": 51.89806134656518, "oscillation_cost": 474.14138387354797, "completition_cost": 666.6666666666667, "overshoot_cost": 79.00773170188619, "power_cost": 40.195624255371094, "noise_cost": 29.971135248403524, "n_waypoints_completed": 3, "tot_waypoints": 9}}
{"target": -4379.972813681643, "params": {"k_pid_pos": [1789.3855729231411, 7643.756108609322, 8114.779633251882], "k_pid_alt": [5316.309825058901, 2257.3131916253296, 732.7131533126296], "k_pid_att": [945.4477255602045, 733.3632053175876, 4877.496442117852], "k_pid_yaw": [0.5, 1e-06, 0.1], "k_pid_hsp": [6213.093731176589, 1649.7498150640322, 5374.760190391467], "k_pid_vsp": [8428.558728897799, 6443.997607139934, 3671.2039196436917]}, "datetime": {"datetime": "2025-08-09 11:42:22", "elapsed": 67974.21479177475, "delta": 35.75220823287964}, "costs": {"total_cost": 4379.972813681643, "time_cost": 150, "final_distance_cost": 508.37692912041007, "oscillation_cost": 796.5625047073703, "completition_cost": 1000.0, "overshoot_cost": 1742.6699930933357, "power_cost": 58.55283464355469, "noise_cost": 123.81055211697199, "n_waypoints_completed": 0, "tot_waypoints": 9}}
{"target": -1382.5270619748037, "params": {"k_pid_pos": [10000.0, 5408.224856950997, 0.0], "k_pid_alt": [7096.501006823269, 4498.505340171078, 10000.0], "k_pid_att": [8305.125298533609, 185.8691418157046, 0.0], "k_pid_yaw": [0.5, 1e-06, 0.1], "k_pid_hsp": [4003.424345303512, 10000.0, 0.0], "k_pid_vsp": [3999.757913689508, 6997.287170923399, 10000.0]}, "datetime": {"datetime": "2025-08-09 11:43:20", "elapsed": 68031.86951732635, "delta": 57.654725551605225}, "costs": {"total_cost": 1382.5270619748037, "time_cost": 150, "final_distance_cost": 77.02433225452263, "oscillation_cost": 126.12777194622247, "completition_cost": 888.8888888888888, "overshoot_cost": 66.85438182178224, "power_cost": 44.09085712890625, "noise_cost": 29.5408299344812, "n_waypoints_completed": 1, "tot_waypoints": 9}}
{"target": -2113.857986014082, "params": {"k_pid_pos": [8733.849871486495, 0.0, 8272.135864457701], "k_pid_alt": [3076.5036286282702, 6614.607397029184, 743.0897851788734], "k_pid_att": [10000.0, 9159.313993430782, 0.0], "k_pid_yaw": [0.5, 1e-06, 0.1], "k_pid_hsp": [0.0, 6566.514638118421, 3091.855602072805], "k_pid_vsp": [5946.012923841108, 3039.1030313888105, 1962.7273519197638]}, "datetime": {"datetime": "2025-08-09 11:44:18", "elapsed": 68089.9783911705, "delta": 58.10887384414673}, "costs": {"total_cost": 2113.857986014082, "time_cost": 150, "final_distance_cost": 71.70962960149767, "oscillation_cost": 781.9246714174329, "completition_cost": 888.8888888888888, "overshoot_cost": 156.90150986719047, "power_cost": 36.65970026855469, "noise_cost": 27.773585970517416, "n_waypoints_completed": 1, "tot_waypoints": 9}}
{"target": -18500.42177931685, "params": {"k_pid_pos": [6021.570470529287, 9701.613148847639, 2271.1554989871406], "k_pid_alt": [8285.96334481458, 6853.3451556200935, 7223.584005063085], "k_pid_att": [2179.916056293917, 4842.070241923815, 2813.316708232668], "k_pid_yaw": [0.5, 1e-06, 0.1], "k_pid_hsp": [8007.0019603678875, 808.0183825464782, 1058.7558827352973], "k_pid_vsp": [3484.3719594183344, 1007.0692312961904, 5096.962675497208]}, "datetime": {"datetime": "2025-08-09 11:44:53", "elapsed": 68125.50788903236, "delta": 35.52949786186218}, "costs": {"total_cost": 18500.42177931685, "time_cost": 150, "final_distance_cost": 4033.8054995154353, "oscillation_cost": 1350.7487101655954, "completition_cost": 1000.0, "overshoot_cost": 11780.248804519944, "power_cost": 57.132805859375004, "noise_cost": 128.4859592565001, "n_waypoints_completed": 0, "tot_waypoints": 9}}
