{"target": -3425.945519047369, "params": {"k_pid_pos": [9805.058777389904, 4831.401785866097, 7259.947472879421], "k_pid_alt": [8052.0949751562675, 2902.578907463188, 680.6712250183878], "k_pid_att": [8662.751426225206, 8497.946479641498, 6054.572166552871], "k_pid_yaw": [0.5, 1e-06, 0.1], "k_pid_hsp": [5533.421365100759, 7879.941173001434, 60.699971253805884], "k_pid_vsp": [3625.5691395569365, 8036.513274312601, 6265.793212515398]}, "datetime": {"datetime": "2025-08-09 09:30:52", "elapsed": 60083.78684043884, "delta": 34.704002380371094}, "costs": {"total_cost": 3425.945519047369, "time_cost": 150, "final_distance_cost": 508.81076583995326, "oscillation_cost": 610.7002352954252, "completition_cost": 1000.0, "overshoot_cost": 995.5460750510011, "power_cost": 54.64642875976563, "noise_cost": 106.24201410122413, "n_waypoints_completed": 0, "tot_waypoints": 9}}
{"target": -1118.9137868292642, "params": {"k_pid_pos": [10000.0, 0.0, 5669.540856928957], "k_pid_alt": [2989.1484628752887, 4912.915364996118, 10000.0], "k_pid_att": [7274.2499034991715, 5692.03973390064, 0.0], "k_pid_yaw": [0.5, 1e-06, 0.1], "k_pid_hsp": [5432.2239369855215, 10000.0, 684.175211207465], "k_pid_vsp": [9819.799782114967, 10000.0, 5572.43448173378]}, "datetime": {"datetime": "2025-08-09 09:31:48", "elapsed": 60140.400822639465, "delta": 56.61398220062256}, "costs": {"total_cost": 1118.9137868292642, "time_cost": 150, "final_distance_cost": 78.19267255475943, "oscillation_cost": 508.5122044934716, "completition_cost": 222.2222222222222, "overshoot_cost": 91.38911673702681, "power_cost": 40.02442442626953, "noise_cost": 28.57314639551472, "n_waypoints_completed": 7, "tot_waypoints": 9}}
{"target": -1467.2114661548742, "params": {"k_pid_pos": [5078.194520622013, 10000.0, 0.0], "k_pid_alt": [10000.0, 3134.2813158422878, 0.0], "k_pid_att": [10000.0, 3367.2868432830774, 0.0], "k_pid_yaw": [0.5, 1e-06, 0.1], "k_pid_hsp": [5385.50978138472, 0.0, 0.0], "k_pid_vsp": [1834.8708298903512, 6929.565706855182, 1504.9719056935035]}, "datetime": {"datetime": "2025-08-09 09:32:43", "elapsed": 60194.547676086426, "delta": 54.14685344696045}, "costs": {"total_cost": 1467.2114661548742, "time_cost": 150, "final_distance_cost": 81.3152659426006, "oscillation_cost": 323.2705100477022, "completition_cost": 777.7777777777778, "overshoot_cost": 66.12989350312637, "power_cost": 40.06672781982422, "noise_cost": 28.651291063842777, "n_waypoints_completed": 2, "tot_waypoints": 9}}
{"target": -2118.5190610248624, "params": {"k_pid_pos": [5925.382767223044, 5081.905743516437, 5769.791025680256], "k_pid_alt": [2849.713715151081, 3381.8538784213365, 0.0], "k_pid_att": [7817.897201358264, 8465.273029635102, 0.0], "k_pid_yaw": [0.5, 1e-06, 0.1], "k_pid_hsp": [10000.0, 3431.118735784406, 8886.73078270047], "k_pid_vsp": [10000.0, 4025.7639933587666, 7181.645142037049]}, "datetime": {"datetime": "2025-08-09 09:33:35", "elapsed": 60247.221264362335, "delta": 52.673588275909424}, "costs": {"total_cost": 2118.5190610248624, "time_cost": 150, "final_distance_cost": 75.29800258089584, "oscillation_cost": 717.2939457326697, "completition_cost": 1000.0, "overshoot_cost": 110.67727329845198, "power_cost": 37.12708360595703, "noise_cost": 28.122755806887728, "n_waypoints_completed": 0, "tot_waypoints": 9}}
{"target": -4966.211604536446, "params": {"k_pid_pos": [8048.7390268004865, 5697.595960078712, 6780.963616510318], "k_pid_alt": [8122.312917596589, 3597.743425978667, 730.9257963438298], "k_pid_att": [5901.944897851465, 1963.7504850572152, 6163.782435769391], "k_pid_yaw": [0.5, 1e-06, 0.1], "k_pid_hsp": [3396.1577548415344, 4986.233001530345, 5706.8957298031755], "k_pid_vsp": [3434.9989133744275, 4779.935631180658, 5277.161595308774]}, "datetime": {"datetime": "2025-08-09 09:34:09", "elapsed": 60281.115842819214, "delta": 33.89457845687866}, "costs": {"total_cost": 4966.211604536446, "time_cost": 150, "final_distance_cost": 1044.517941774328, "oscillation_cost": 162.23476305907627, "completition_cost": 1000.0, "overshoot_cost": 2540.9422281100574, "power_cost": 39.88647014160156, "noise_cost": 28.63020145138367, "n_waypoints_completed": 0, "tot_waypoints": 9}}
{"target": -17435.598963200464, "params": {"k_pid_pos": [757.2689907332398, 7200.138250164935, 5182.584151229156], "k_pid_alt": [8795.225986732154, 6062.109677452472, 7153.85888460085], "k_pid_att": [4627.329154367001, 554.2983694834879, 4650.81008736128], "k_pid_yaw": [0.5, 1e-06, 0.1], "k_pid_hsp": [1217.0339330086033, 9238.306188429717, 1161.3883706336835], "k_pid_vsp": [2344.609992607709, 8634.702594516228, 1093.1217789899129]}, "datetime": {"datetime": "2025-08-09 09:34:44", "elapsed": 60316.016635894775, "delta": 34.90079307556152}, "costs": {"total_cost": 17435.598963200464, "time_cost": 150, "final_distance_cost": 4237.45200158302, "oscillation_cost": 837.9717516459945, "completition_cost": 1000.0, "overshoot_cost": 11014.431821257107, "power_cost": 58.66061574707032, "noise_cost": 137.08277296726925, "n_waypoints_completed": 0, "tot_waypoints": 9}}
{"target": -10202.837617784513, "params": {"k_pid_pos": [7122.512952941369, 7210.259356659581, 5826.013062927198], "k_pid_alt": [6522.564761144435, 9666.577413774992, 4400.695946883749], "k_pid_att": [7961.280358866677, 2022.2580086932905, 9478.183281830386], "k_pid_yaw": [0.5, 1e-06, 0.1], "k_pid_hsp": [6972.799637826346, 5102.961052645656, 5905.797154655999], "k_pid_vsp": [2025.2070917690091, 6905.774308958427, 2484.3866781328506]}, "datetime": {"datetime": "2025-08-09 09:35:18", "elapsed": 60349.62768340111, "delta": 33.6110475063324}, "costs": {"total_cost": 10202.837617784513, "time_cost": 150, "final_distance_cost": 2378.866031263257, "oscillation_cost": 735.2795239098674, "completition_cost": 1000.0, "overshoot_cost": 5744.353594909634, "power_cost": 58.664984790039064, "noise_cost": 135.67348291171498, "n_waypoints_completed": 0, "tot_waypoints": 9}}
{"target": -2248.493323523423, "params": {"k_pid_pos": [5417.208241068891, 9369.163621381304, 7859.133676585671], "k_pid_alt": [4465.053453563043, 10000.0, 6605.285639047705], "k_pid_att": [5149.308780593299, 7997.2042276064985, 0.0], "k_pid_yaw": [0.5, 1e-06, 0.1], "k_pid_hsp": [0.0, 3181.227801130006, 10000.0], "k_pid_vsp": [0.0, 3678.0919169179883, 0.0]}, "datetime": {"datetime": "2025-08-09 09:36:11", "elapsed": 60402.59277629852, "delta": 52.96509289741516}, "costs": {"total_cost": 2248.493323523423, "time_cost": 150, "final_distance_cost": 59.64897325503707, "oscillation_cost": 864.2844327571133, "completition_cost": 1000.0, "overshoot_cost": 110.1212672888887, "power_cost": 36.65682705078125, "noise_cost": 27.781823171602273, "n_waypoints_completed": 0, "tot_waypoints": 9}}
{"target": -1817.245467822179, "params": {"k_pid_pos": [0.0, 10000.0, 3640.8044114720874], "k_pid_alt": [6604.396540650786, 10000.0, 0.0], "k_pid_att": [10000.0, 5553.281604206446, 0.0], "k_pid_yaw": [0.5, 1e-06, 0.1], "k_pid_hsp": [8039.6451379289365, 1140.9931269630745, 6302.794350640446], "k_pid_vsp": [267.00580473969615, 3930.6158706277965, 5455.930479594688]}, "datetime": {"datetime": "2025-08-09 09:37:03", "elapsed": 60455.0519194603, "delta": 52.45914316177368}, "costs": {"total_cost": 1817.245467822179, "time_cost": 150, "final_distance_cost": 77.64634745517239, "oscillation_cost": 421.62261703509614, "completition_cost": 1000.0, "overshoot_cost": 100.08751415888943, "power_cost": 38.74983408203125, "noise_cost": 29.139155090990084, "n_waypoints_completed": 0, "tot_waypoints": 9}}
{"target": -26626.850174368017, "params": {"k_pid_pos": [3004.600731965591, 7306.227964656884, 8240.062189195169], "k_pid_alt": [5380.636210176781, 4168.4014913240035, 6343.388184215913], "k_pid_att": [4909.309643456514, 6540.985698992659, 8216.742417827074], "k_pid_yaw": [0.5, 1e-06, 0.1], "k_pid_hsp": [9155.84096365505, 8841.286770976427, 7463.644772102441], "k_pid_vsp": [6924.47853809283, 9290.669014059038, 4669.586980424766]}, "datetime": {"datetime": "2025-08-09 09:37:39", "elapsed": 60490.580901145935, "delta": 35.52898168563843}, "costs": {"total_cost": 26626.850174368017, "time_cost": 150, "final_distance_cost": 7776.52338250928, "oscillation_cost": 1657.321070599754, "completition_cost": 1000.0, "overshoot_cost": 15841.447014119949, "power_cost": 58.655612695312506, "noise_cost": 142.9030944437232, "n_waypoints_completed": 0, "tot_waypoints": 9}}
{"target": -13071.271525285896, "params": {"k_pid_pos": [8423.832819894827, 4752.3205046153025, 3415.27877891584], "k_pid_alt": [9377.334088920115, 4913.087010876645, 6270.335766312911], "k_pid_att": [1755.0149987464524, 7296.185106049591, 1675.672432045414], "k_pid_yaw": [0.5, 1e-06, 0.1], "k_pid_hsp": [5595.713029019595, 4468.310898304456, 3315.1685058141743], "k_pid_vsp": [6663.485912453545, 2454.559524190004, 8905.285742396516]}, "datetime": {"datetime": "2025-08-09 09:38:13", "elapsed": 60524.919617176056, "delta": 34.33871603012085}, "costs": {"total_cost": 13071.271525285896, "time_cost": 150, "final_distance_cost": 4248.7978838080035, "oscillation_cost": 1704.0506776803575, "completition_cost": 1000.0, "overshoot_cost": 5768.5846903252805, "power_cost": 58.31345961914063, "noise_cost": 141.52481385311285, "n_waypoints_completed": 0, "tot_waypoints": 9}}
{"target": -46955.82941700801, "params": {"k_pid_pos": [5836.1767861880335, 5000.908070469413, 6896.2119212100715], "k_pid_alt": [8065.002440931868, 6280.272573697104, 3298.5136087058586], "k_pid_att": [6145.600198548642, 378.013118380629, 2540.3050345057377], "k_pid_yaw": [0.5, 1e-06, 0.1], "k_pid_hsp": [3322.183976661599, 3624.292262886807, 9983.095619525851], "k_pid_vsp": [9843.094830756514, 1829.547445926969, 6347.099204332445]}, "datetime": {"datetime": "2025-08-09 09:38:47", "elapsed": 60559.26973819733, "delta": 34.35012102127075}, "costs": {"total_cost": 46955.82941700801, "time_cost": 150, "final_distance_cost": 12108.647084289842, "oscillation_cost": 590.0088401325344, "completition_cost": 1000.0, "overshoot_cost": 32904.47191953453, "power_cost": 58.660197265625, "noise_cost": 144.0413757854795, "n_waypoints_completed": 0, "tot_waypoints": 9}}
{"target": -2144.9380517014965, "params": {"k_pid_pos": [10000.0, 9111.155042353847, 2029.5400425177606], "k_pid_alt": [7348.880106286364, 1702.7350404693336, 3219.378257713122], "k_pid_att": [8765.78212800095, 8068.2045122660165, 0.0], "k_pid_yaw": [0.5, 1e-06, 0.1], "k_pid_hsp": [4753.264965176453, 5352.057538393454, 10000.0], "k_pid_vsp": [5110.578486552366, 3644.5261317553422, 7267.856090021961]}, "datetime": {"datetime": "2025-08-09 09:39:39", "elapsed": 60611.05404615402, "delta": 51.78430795669556}, "costs": {"total_cost": 2144.9380517014965, "time_cost": 150, "final_distance_cost": 58.4849123835428, "oscillation_cost": 717.9167998398352, "completition_cost": 1000.0, "overshoot_cost": 154.1142054518542, "power_cost": 36.28112919921875, "noise_cost": 28.141004827045403, "n_waypoints_completed": 0, "tot_waypoints": 9}}
{"target": -17578.81118956187, "params": {"k_pid_pos": [747.6789608904122, 2258.656361408351, 349.84826403202993], "k_pid_alt": [6133.85399937192, 1124.0902532503749, 9683.994519855629], "k_pid_att": [1867.0917437326661, 1656.1440413137918, 4921.150874316192], "k_pid_yaw": [0.5, 1e-06, 0.1], "k_pid_hsp": [9997.785386738826, 4786.434239235281, 4128.162192419769], "k_pid_vsp": [9128.040973765002, 2818.9475436378243, 4748.925370614762]}, "datetime": {"datetime": "2025-08-09 09:40:15", "elapsed": 60647.380702495575, "delta": 36.326656341552734}, "costs": {"total_cost": 17578.81118956187, "time_cost": 150, "final_distance_cost": 4535.4443505078625, "oscillation_cost": 755.4530683359925, "completition_cost": 1000.0, "overshoot_cost": 10939.715820476444, "power_cost": 58.699104113769536, "noise_cost": 139.4988461277991, "n_waypoints_completed": 0, "tot_waypoints": 9}}
{"target": -6574.847203593509, "params": {"k_pid_pos": [8932.69721334984, 9191.383277262812, 4493.622310840766], "k_pid_alt": [6728.929947672877, 9232.70410150145, 809.9996509610519], "k_pid_att": [9280.106702717305, 8809.536304972688, 5196.092341091435], "k_pid_yaw": [0.5, 1e-06, 0.1], "k_pid_hsp": [7497.248672530182, 948.9798253445591, 7493.278850973086], "k_pid_vsp": [6279.324338041473, 25.30033221611938, 4848.37016003686]}, "datetime": {"datetime": "2025-08-09 09:40:50", "elapsed": 60682.51239204407, "delta": 35.13168954849243}, "costs": {"total_cost": 6574.847203593509, "time_cost": 150, "final_distance_cost": 1532.5128597070277, "oscillation_cost": 595.3125285224377, "completition_cost": 1000.0, "overshoot_cost": 3129.024428268229, "power_cost": 56.7763885131836, "noise_cost": 111.2209985826317, "n_waypoints_completed": 0, "tot_waypoints": 9}}
{"target": -1246.5979217566623, "params": {"k_pid_pos": [10000.0, 87.15949121524989, 7696.746102011177], "k_pid_alt": [1524.648683190362, 7663.180709498814, 9375.812333570331], "k_pid_att": [2406.003766601374, 0.0, 0.0], "k_pid_yaw": [0.5, 1e-06, 0.1], "k_pid_hsp": [2065.7377609495934, 10000.0, 842.2770282431853], "k_pid_vsp": [4501.842184068683, 10000.0, 6885.566455604625]}, "datetime": {"datetime": "2025-08-09 09:41:44", "elapsed": 60736.34982919693, "delta": 53.83743715286255}, "costs": {"total_cost": 1246.5979217566623, "time_cost": 150, "final_distance_cost": 43.15854202688458, "oscillation_cost": 360.4392022576773, "completition_cost": 555.5555555555555, "overshoot_cost": 67.39745904256081, "power_cost": 38.82153857421875, "noise_cost": 31.225624299765315, "n_waypoints_completed": 4, "tot_waypoints": 9}}
{"target": -13825.694646919379, "params": {"k_pid_pos": [8746.316995795374, 8133.250743624329, 6278.525301758109], "k_pid_alt": [9605.540138213668, 917.3212358778094, 6190.553371702874], "k_pid_att": [1003.3105166876421, 4730.8611276361235, 8283.439063366295], "k_pid_yaw": [0.5, 1e-06, 0.1], "k_pid_hsp": [380.6790602074428, 8329.565536880005, 1194.6988165325622], "k_pid_vsp": [2354.7475058426894, 4943.135297402217, 4231.389589954685]}, "datetime": {"datetime": "2025-08-09 09:42:21", "elapsed": 60773.05543112755, "delta": 36.705601930618286}, "costs": {"total_cost": 13825.694646919379, "time_cost": 150, "final_distance_cost": 3175.18195669648, "oscillation_cost": 1132.8246574158995, "completition_cost": 1000.0, "overshoot_cost": 8207.402544647754, "power_cost": 52.86576264648438, "noise_cost": 107.41972551276152, "n_waypoints_completed": 0, "tot_waypoints": 9}}
{"target": -1679.9369993528662, "params": {"k_pid_pos": [8624.820542044714, 10000.0, 10000.0], "k_pid_alt": [10000.0, 3631.954226424914, 5137.230671938429], "k_pid_att": [6871.16145668223, 6092.9543968907565, 0.0], "k_pid_yaw": [0.5, 1e-06, 0.1], "k_pid_hsp": [10000.0, 8728.84263570245, 8067.094113652422], "k_pid_vsp": [7963.844458274554, 0.0, 0.0]}, "datetime": {"datetime": "2025-08-09 09:43:12", "elapsed": 60824.518232584, "delta": 51.462801456451416}, "costs": {"total_cost": 1679.9369993528662, "time_cost": 150, "final_distance_cost": 36.71265081104178, "oscillation_cost": 360.2929383643839, "completition_cost": 1000.0, "overshoot_cost": 64.81130052542541, "power_cost": 39.580802478027344, "noise_cost": 28.53930717398762, "n_waypoints_completed": 0, "tot_waypoints": 9}}
{"target": -3149.87029695768, "params": {"k_pid_pos": [9467.073435674787, 9901.096971670504, 9095.063834263508], "k_pid_alt": [4634.285912480455, 2670.2459595566997, 9219.502130671439], "k_pid_att": [6059.175504354577, 2816.798004784895, 486.5261169118429], "k_pid_yaw": [0.5, 1e-06, 0.1], "k_pid_hsp": [7569.445656308047, 421.86941265230814, 8403.676847847411], "k_pid_vsp": [7309.686059959826, 3679.364023758885, 7325.99561861629]}, "datetime": {"datetime": "2025-08-09 09:43:47", "elapsed": 60858.90595984459, "delta": 34.3877272605896}, "costs": {"total_cost": 3149.87029695768, "time_cost": 150, "final_distance_cost": 577.8137058313577, "oscillation_cost": 175.47599890543788, "completition_cost": 1000.0, "overshoot_cost": 1183.6124218567627, "power_cost": 35.170470349121096, "noise_cost": 27.797700015000995, "n_waypoints_completed": 0, "tot_waypoints": 9}}
{"target": -2343.3102619075066, "params": {"k_pid_pos": [1933.9110425263916, 1430.4385381695229, 8673.97081576801], "k_pid_alt": [2224.2153225586458, 3804.3953184817183, 6561.661133315414], "k_pid_att": [1245.13997897868, 9847.246253283594, 184.3988181487499], "k_pid_yaw": [0.5, 1e-06, 0.1], "k_pid_hsp": [4281.816189880848, 8979.022465527361, 2686.1786196205517], "k_pid_vsp": [6214.660565749246, 733.6407706781778, 7736.346298320289]}, "datetime": {"datetime": "2025-08-09 09:44:22", "elapsed": 60893.88281917572, "delta": 34.97685933113098}, "costs": {"total_cost": 2343.3102619075066, "time_cost": 150, "final_distance_cost": 11.08522853871161, "oscillation_cost": 846.1476576370279, "completition_cost": 1000.0, "overshoot_cost": 157.656529991231, "power_cost": 56.20119759521484, "noise_cost": 122.21964814532097, "n_waypoints_completed": 0, "tot_waypoints": 9}}
{"target": -13280.875432363033, "params": {"k_pid_pos": [2581.6622184568596, 69.14005030646098, 6864.975422986758], "k_pid_alt": [7602.893408130176, 2007.4525191169946, 9009.434281982733], "k_pid_att": [991.825848923511, 9784.403574539327, 2161.5336755227745], "k_pid_yaw": [0.5, 1e-06, 0.1], "k_pid_hsp": [4148.463318871486, 3915.490507207208, 6103.384484116591], "k_pid_vsp": [3190.325678098589, 3256.6562367547867, 7663.039922793388]}, "datetime": {"datetime": "2025-08-09 09:44:58", "elapsed": 60929.73088431358, "delta": 35.84806513786316}, "costs": {"total_cost": 13280.875432363033, "time_cost": 150, "final_distance_cost": 4197.32030548589, "oscillation_cost": 1567.9348633894945, "completition_cost": 1000.0, "overshoot_cost": 6179.923719827971, "power_cost": 55.64796101074219, "noise_cost": 130.04858264893662, "n_waypoints_completed": 0, "tot_waypoints": 9}}
{"target": -1617.6951858280452, "params": {"k_pid_pos": [6938.915371185674, 2630.27461644457, 3905.9411555789106], "k_pid_alt": [0.0, 0.0, 982.0429977322945], "k_pid_att": [3586.7447101081993, 1401.2442198365336, 0.0], "k_pid_yaw": [0.5, 1e-06, 0.1], "k_pid_hsp": [7216.13831155665, 10000.0, 3971.3995317014696], "k_pid_vsp": [10000.0, 1401.5849865778955, 5343.440574459104]}, "datetime": {"datetime": "2025-08-09 09:45:51", "elapsed": 60983.17187190056, "delta": 53.4409875869751}, "costs": {"total_cost": 1617.6951858280452, "time_cost": 150, "final_distance_cost": 13.791590246630102, "oscillation_cost": 133.33171274832205, "completition_cost": 1000.0, "overshoot_cost": 164.75497977029963, "power_cost": 41.53513532714844, "noise_cost": 114.28176773564506, "n_waypoints_completed": 0, "tot_waypoints": 9}}
{"target": -6644.047927852832, "params": {"k_pid_pos": [2967.2648602215677, 1844.9367004117778, 3249.9779359788217], "k_pid_alt": [6275.378404026077, 6895.771221013184, 8474.402326069216], "k_pid_att": [2287.5997585045884, 4467.7706098343615, 6143.404193173536], "k_pid_yaw": [0.5, 1e-06, 0.1], "k_pid_hsp": [4296.953953838692, 4651.491602797468, 8521.320829850125], "k_pid_vsp": [3492.2137898533124, 1817.8378298195453, 483.79155575267174]}, "datetime": {"datetime": "2025-08-09 09:46:26", "elapsed": 61018.38426184654, "delta": 35.21238994598389}, "costs": {"total_cost": 6644.047927852832, "time_cost": 150, "final_distance_cost": 1646.0422724586797, "oscillation_cost": 1377.4788164840108, "completition_cost": 1000.0, "overshoot_cost": 2270.7598389430145, "power_cost": 58.65620356445313, "noise_cost": 141.1107964026731, "n_waypoints_completed": 0, "tot_waypoints": 9}}
{"target": -3719.0746264387362, "params": {"k_pid_pos": [3010.900502000834, 3495.3919076667526, 1420.5756525511015], "k_pid_alt": [7412.572991772072, 2054.276761762228, 9442.9726840689], "k_pid_att": [3382.9472514503314, 5605.086810617818, 2305.481675972202], "k_pid_yaw": [0.5, 1e-06, 0.1], "k_pid_hsp": [516.9580048877654, 6583.133808082112, 4850.21661663345], "k_pid_vsp": [7068.989213687662, 3101.3098783475725, 390.0493464881405]}, "datetime": {"datetime": "2025-08-09 09:47:01", "elapsed": 61052.72733902931, "delta": 34.343077182769775}, "costs": {"total_cost": 3719.0746264387362, "time_cost": 150, "final_distance_cost": 444.3866947758323, "oscillation_cost": 720.5895297261736, "completition_cost": 1000.0, "overshoot_cost": 1208.5124215430963, "power_cost": 58.64012448730469, "noise_cost": 136.94585590632929, "n_waypoints_completed": 0, "tot_waypoints": 9}}
{"target": -1419.3610905869982, "params": {"k_pid_pos": [10000.0, 10000.0, 10000.0], "k_pid_alt": [10000.0, 10000.0, 6189.296797801235], "k_pid_att": [10000.0, 6389.143884765784, 0.0], "k_pid_yaw": [0.5, 1e-06, 0.1], "k_pid_hsp": [2894.7606179529753, 6701.201357646371, 2162.743379764971], "k_pid_vsp": [7355.370303604287, 5261.287905709487, 0.0]}, "datetime": {"datetime": "2025-08-09 09:47:54", "elapsed": 61105.528285741806, "delta": 52.8009467124939}, "costs": {"total_cost": 1419.3610905869982, "time_cost": 150, "final_distance_cost": 55.812382595821525, "oscillation_cost": 171.69419717150154, "completition_cost": 888.8888888888888, "overshoot_cost": 82.21618767007638, "power_cost": 41.77708946533203, "noise_cost": 28.972344795378, "n_waypoints_completed": 1, "tot_waypoints": 9}}
{"target": -6434.364284093251, "params": {"k_pid_pos": [2812.1902479754735, 9649.238037366293, 1915.5375760319316], "k_pid_alt": [3468.760849317839, 564.2239903009228, 4875.595364245113], "k_pid_att": [6579.239973829435, 4643.95751793131, 3423.8026010083368], "k_pid_yaw": [0.5, 1e-06, 0.1], "k_pid_hsp": [5886.765066240392, 1642.5809228240496, 2683.5903929009864], "k_pid_vsp": [6923.47611508239, 6239.97512953772, 1116.595256094579]}, "datetime": {"datetime": "2025-08-09 09:48:28", "elapsed": 61140.499156951904, "delta": 34.97087121009827}, "costs": {"total_cost": 6434.364284093251, "time_cost": 150, "final_distance_cost": 1728.2725445261074, "oscillation_cost": 650.4659429383834, "completition_cost": 1000.0, "overshoot_cost": 2715.6676966747405, "power_cost": 58.642592517089845, "noise_cost": 131.3155074369293, "n_waypoints_completed": 0, "tot_waypoints": 9}}
