{"target": -2150.7494189517056, "params": {"k_pid_pos": [4399.115624752042, 10000.0, 5085.996313526109], "k_pid_alt": [4068.865427453183, 6375.070375720945, 1813.2255044763585], "k_pid_att": [6916.151108132073, 6530.733577882155, 0.0], "k_pid_yaw": [0.5, 1e-06, 0.1], "k_pid_hsp": [0.0, 2612.224243562903, 9831.485244550517], "k_pid_vsp": [0.0, 9884.442958701891, 1167.8085681866687]}, "datetime": {"datetime": "2025-08-09 09:12:03", "elapsed": 58955.46707081795, "delta": 49.57881712913513}, "costs": {"total_cost": 2150.7494189517056, "time_cost": 150, "final_distance_cost": 116.44672375530767, "oscillation_cost": 760.9511479928303, "completition_cost": 888.8888888888888, "overshoot_cost": 171.2559310126233, "power_cost": 35.55685202636719, "noise_cost": 27.64987527568773, "n_waypoints_completed": 1, "tot_waypoints": 9}}
{"target": -1282.0976667545822, "params": {"k_pid_pos": [5806.509585257509, 8778.143813548406, 8368.140381624877], "k_pid_alt": [7398.3560745937875, 5692.01088702496, 1297.0304514924753], "k_pid_att": [8150.9922468731975, 2414.314108507558, 0.0], "k_pid_yaw": [0.5, 1e-06, 0.1], "k_pid_hsp": [1964.6336480441666, 9733.17755076237, 0.0], "k_pid_vsp": [2196.755264575109, 10000.0, 10000.0]}, "datetime": {"datetime": "2025-08-09 09:13:00", "elapsed": 59012.14827108383, "delta": 56.6812002658844}, "costs": {"total_cost": 1282.0976667545822, "time_cost": 150, "final_distance_cost": 82.81093799457668, "oscillation_cost": 127.82742131745957, "completition_cost": 777.7777777777778, "overshoot_cost": 68.28630204637017, "power_cost": 45.5448357788086, "noise_cost": 29.85039183958928, "n_waypoints_completed": 2, "tot_waypoints": 9}}
{"target": -1806.5793397311702, "params": {"k_pid_pos": [1334.9252334991845, 10000.0, 10000.0], "k_pid_alt": [10000.0, 10000.0, 4918.249456571436], "k_pid_att": [10000.0, 5580.208290056288, 0.0], "k_pid_yaw": [0.5, 1e-06, 0.1], "k_pid_hsp": [4159.5909723245395, 5800.8105477486, 4046.573107096967], "k_pid_vsp": [1350.3560723793148, 10000.0, 5627.760585560863]}, "datetime": {"datetime": "2025-08-09 09:13:49", "elapsed": 59061.27924323082, "delta": 49.130972146987915}, "costs": {"total_cost": 1806.5793397311702, "time_cost": 150, "final_distance_cost": 70.22435772621257, "oscillation_cost": 427.78581742861354, "completition_cost": 1000.0, "overshoot_cost": 91.4599686043114, "power_cost": 38.69352855224609, "noise_cost": 28.415667419786693, "n_waypoints_completed": 0, "tot_waypoints": 9}}
{"target": -1194.6641537321862, "params": {"k_pid_pos": [7766.276029087692, 10000.0, 9045.854237133677], "k_pid_alt": [10000.0, 4675.290709521136, 1694.1907480722393], "k_pid_att": [1997.888129971785, 0.0, 0.0], "k_pid_yaw": [0.5, 1e-06, 0.1], "k_pid_hsp": [10000.0, 4880.969356818062, 5495.748556529798], "k_pid_vsp": [6221.997337937531, 0.0, 0.0]}, "datetime": {"datetime": "2025-08-09 09:14:42", "elapsed": 59113.855718135834, "delta": 52.57647490501404}, "costs": {"total_cost": 1194.6641537321862, "time_cost": 150, "final_distance_cost": 36.6552377606653, "oscillation_cost": 303.2190247867693, "completition_cost": 555.5555555555555, "overshoot_cost": 81.12443700085461, "power_cost": 39.46338292236328, "noise_cost": 28.646515705978015, "n_waypoints_completed": 4, "tot_waypoints": 9}}
{"target": -1160.5463938872263, "params": {"k_pid_pos": [5005.237084546595, 10000.0, 7423.21040924977], "k_pid_alt": [10000.0, 0.0, 3025.934262273623], "k_pid_att": [4523.650118440248, 0.0, 0.0], "k_pid_yaw": [0.5, 1e-06, 0.1], "k_pid_hsp": [4315.816499990222, 0.0, 0.0], "k_pid_vsp": [2628.2423678941545, 8395.080767085616, 7835.582766447275]}, "datetime": {"datetime": "2025-08-09 09:15:34", "elapsed": 59166.100539684296, "delta": 52.244821548461914}, "costs": {"total_cost": 1160.5463938872263, "time_cost": 150, "final_distance_cost": 57.470178522341065, "oscillation_cost": 373.98986179391255, "completition_cost": 444.4444444444444, "overshoot_cost": 66.49368725090129, "power_cost": 39.62077108154297, "noise_cost": 28.5274507940839, "n_waypoints_completed": 5, "tot_waypoints": 9}}
{"target": -1339.2860581020843, "params": {"k_pid_pos": [10000.0, 6318.189353041948, 10000.0], "k_pid_alt": [5572.270358871549, 0.0, 6670.96389685127], "k_pid_att": [9810.871092221445, 271.5838178155894, 0.0], "k_pid_yaw": [0.5, 1e-06, 0.1], "k_pid_hsp": [0.0, 7346.32562804518, 0.0], "k_pid_vsp": [5558.294095412772, 6761.232010947422, 6507.681430299982]}, "datetime": {"datetime": "2025-08-09 09:16:26", "elapsed": 59218.17787194252, "delta": 52.07733225822449}, "costs": {"total_cost": 1339.2860581020843, "time_cost": 150, "final_distance_cost": 90.69593832525489, "oscillation_cost": 160.66173663494448, "completition_cost": 777.7777777777778, "overshoot_cost": 86.33857804575908, "power_cost": 44.347543603515625, "noise_cost": 29.464483714832625, "n_waypoints_completed": 2, "tot_waypoints": 9}}
{"target": -4304.578001857945, "params": {"k_pid_pos": [9945.903194396295, 10000.0, 10000.0], "k_pid_alt": [3205.3840158362573, 5702.857742308318, 1532.5314645054543], "k_pid_att": [9262.894125292507, 8321.670305006512, 0.0], "k_pid_yaw": [0.5, 1e-06, 0.1], "k_pid_hsp": [6560.495514205242, 0.0, 3821.9204310257346], "k_pid_vsp": [0.0, 2641.1871690643056, 4856.705993616127]}, "datetime": {"datetime": "2025-08-09 09:17:15", "elapsed": 59267.339611291885, "delta": 49.161739349365234}, "costs": {"total_cost": 4304.578001857945, "time_cost": 150, "final_distance_cost": 820.2758250978992, "oscillation_cost": 633.527870470479, "completition_cost": 1000.0, "overshoot_cost": 1629.8308823307846, "power_cost": 41.406465234375005, "noise_cost": 29.536958724407686, "n_waypoints_completed": 0, "tot_waypoints": 9}}
{"target": -24179.02481756462, "params": {"k_pid_pos": [2564.987471576662, 3492.9774411363214, 67.98829914717808], "k_pid_alt": [6927.927468124168, 2009.8702634815036, 1618.347039027692], "k_pid_att": [1354.763017083649, 3893.1434607478545, 3558.2196438411884], "k_pid_yaw": [0.5, 1e-06, 0.1], "k_pid_hsp": [3964.3878755431574, 4076.7364742089753, 6470.728588762909], "k_pid_vsp": [4134.825868606347, 7046.527156624699, 4721.2138740108285]}, "datetime": {"datetime": "2025-08-09 09:17:50", "elapsed": 59301.99188542366, "delta": 34.6522741317749}, "costs": {"total_cost": 24179.02481756462, "time_cost": 150, "final_distance_cost": 6514.057230681442, "oscillation_cost": 1661.5688836229544, "completition_cost": 1000.0, "overshoot_cost": 14653.07756311888, "power_cost": 58.621353344726565, "noise_cost": 141.69978679661727, "n_waypoints_completed": 0, "tot_waypoints": 9}}
{"target": -6512.094677369046, "params": {"k_pid_pos": [6564.575490156112, 3419.856728045236, 342.0333507852558], "k_pid_alt": [1715.502583210372, 6373.569374527175, 7622.932706865004], "k_pid_att": [2681.6995872035586, 823.7681305091527, 4722.615201754651], "k_pid_yaw": [0.5, 1e-06, 0.1], "k_pid_hsp": [6320.559866019285, 4056.656192872964, 1006.0105611187753], "k_pid_vsp": [1746.0093827331114, 9715.626187393644, 4542.52991002645]}, "datetime": {"datetime": "2025-08-09 09:18:25", "elapsed": 59337.50918889046, "delta": 35.517303466796875}, "costs": {"total_cost": 6512.094677369046, "time_cost": 150, "final_distance_cost": 1623.8307446751369, "oscillation_cost": 24.10600145443324, "completition_cost": 1000.0, "overshoot_cost": 3650.9264928969305, "power_cost": 35.427772998046876, "noise_cost": 27.803665344497755, "n_waypoints_completed": 0, "tot_waypoints": 9}}
{"target": -2222.458889666189, "params": {"k_pid_pos": [3086.000609609237, 6144.209290297231, 7055.726856960737], "k_pid_alt": [5920.063802529103, 2631.1476361608525, 43.48922724391735], "k_pid_att": [4695.639108228786, 6504.635967922038, 0.0], "k_pid_yaw": [0.5, 1e-06, 0.1], "k_pid_hsp": [0.0, 1285.529982023779, 2196.3145114898875], "k_pid_vsp": [2604.7145117474556, 10000.0, 10000.0]}, "datetime": {"datetime": "2025-08-09 09:19:17", "elapsed": 59389.370056152344, "delta": 51.8608672618866}, "costs": {"total_cost": 2222.458889666189, "time_cost": 150, "final_distance_cost": 34.0092030290752, "oscillation_cost": 876.496341474562, "completition_cost": 1000.0, "overshoot_cost": 97.3783791130754, "power_cost": 36.55810382080078, "noise_cost": 28.016862228676, "n_waypoints_completed": 0, "tot_waypoints": 9}}
{"target": -1424.2789590292098, "params": {"k_pid_pos": [10000.0, 2209.6568675795806, 4398.448227375701], "k_pid_alt": [4305.440538378003, 8901.550547921692, 1840.3153409650483], "k_pid_att": [7437.950338366772, 9774.306435993454, 0.0], "k_pid_yaw": [0.5, 1e-06, 0.1], "k_pid_hsp": [9692.286386512063, 2219.097185486128, 5252.021045758045], "k_pid_vsp": [4816.942005925649, 10000.0, 10000.0]}, "datetime": {"datetime": "2025-08-09 09:20:13", "elapsed": 59444.61501741409, "delta": 55.24496126174927}, "costs": {"total_cost": 1424.2789590292098, "time_cost": 150, "final_distance_cost": 48.51547220693025, "oscillation_cost": 309.8715350549294, "completition_cost": 777.7777777777778, "overshoot_cost": 69.23240335951915, "power_cost": 40.126235388183595, "noise_cost": 28.75553524186944, "n_waypoints_completed": 2, "tot_waypoints": 9}}
{"target": -7328.134032272396, "params": {"k_pid_pos": [4472.528432216456, 2678.346058351786, 6381.942158367244], "k_pid_alt": [8291.817761197708, 4071.4550312686792, 2329.255868760617], "k_pid_att": [5158.639827536477, 6658.908000066296, 7006.959021335876], "k_pid_yaw": [0.5, 1e-06, 0.1], "k_pid_hsp": [9330.535672122896, 2733.3614333369305, 2443.5280952253825], "k_pid_vsp": [4188.392267544232, 3799.2814289850185, 2279.725864631187]}, "datetime": {"datetime": "2025-08-09 09:20:46", "elapsed": 59478.49619889259, "delta": 33.881181478500366}, "costs": {"total_cost": 7328.134032272396, "time_cost": 150, "final_distance_cost": 816.2180406419723, "oscillation_cost": 967.2800028599644, "completition_cost": 1000.0, "overshoot_cost": 4193.408433659616, "power_cost": 58.614474279785156, "noise_cost": 142.61308083105928, "n_waypoints_completed": 0, "tot_waypoints": 9}}
{"target": -6121.185082633452, "params": {"k_pid_pos": [3428.9171994199564, 4317.389510847779, 7707.262694560276], "k_pid_alt": [8205.078848149056, 7448.927213576107, 1565.2083542967243], "k_pid_att": [6589.98707180039, 5587.059003503779, 4430.97258657484], "k_pid_yaw": [0.5, 1e-06, 0.1], "k_pid_hsp": [6986.740198579966, 6814.9629401633265, 5949.672866615734], "k_pid_vsp": [5614.009263908228, 566.7673760088687, 5104.591269682447]}, "datetime": {"datetime": "2025-08-09 09:21:21", "elapsed": 59513.14995956421, "delta": 34.6537606716156}, "costs": {"total_cost": 6121.185082633452, "time_cost": 150, "final_distance_cost": 978.3097389985593, "oscillation_cost": 494.1421059566053, "completition_cost": 1000.0, "overshoot_cost": 3349.086956279614, "power_cost": 52.99778100585938, "noise_cost": 96.6485003928155, "n_waypoints_completed": 0, "tot_waypoints": 9}}
{"target": -32510.899172047895, "params": {"k_pid_pos": [4522.336884991118, 4354.868310402875, 8567.644411908424], "k_pid_alt": [3696.3244871617717, 7602.821913908191, 8856.429482033816], "k_pid_att": [2982.7844647664483, 4958.388373888056, 7700.132048293079], "k_pid_yaw": [0.5, 1e-06, 0.1], "k_pid_hsp": [9511.557752815657, 5243.686890189867, 7936.106794799523], "k_pid_vsp": [1497.4592239354145, 9323.161408109347, 2648.0257155731133]}, "datetime": {"datetime": "2025-08-09 09:21:55", "elapsed": 59547.01229739189, "delta": 33.862337827682495}, "costs": {"total_cost": 32510.899172047895, "time_cost": 150, "final_distance_cost": 9276.06885348671, "oscillation_cost": 802.0147143293085, "completition_cost": 1000.0, "overshoot_cost": 21082.057921376258, "power_cost": 58.655612695312506, "noise_cost": 142.10207016031006, "n_waypoints_completed": 0, "tot_waypoints": 9}}
{"target": -4414.957780566017, "params": {"k_pid_pos": [4877.324354487683, 6671.801496902777, 9852.030812077754], "k_pid_alt": [5099.024788972754, 6349.211474326136, 6554.112440424972], "k_pid_att": [5469.182511754743, 4701.346153703367, 6710.878506283467], "k_pid_yaw": [0.5, 1e-06, 0.1], "k_pid_hsp": [683.2261484540991, 4676.041152482105, 8090.069357738862], "k_pid_vsp": [3496.0130528109503, 4633.460024675866, 4808.808111136232]}, "datetime": {"datetime": "2025-08-09 09:22:30", "elapsed": 59581.746641397476, "delta": 34.73434400558472}, "costs": {"total_cost": 4414.957780566017, "time_cost": 150, "final_distance_cost": 707.9022652152926, "oscillation_cost": 1024.3342825234088, "completition_cost": 1000.0, "overshoot_cost": 1392.5912104945955, "power_cost": 50.56283074951172, "noise_cost": 89.56719158320912, "n_waypoints_completed": 0, "tot_waypoints": 9}}
{"target": -11282.263162525485, "params": {"k_pid_pos": [2247.9743695356874, 7051.165405795447, 9598.665727163501], "k_pid_alt": [0.0, 1675.9840931051128, 3171.087108745272], "k_pid_att": [6165.7453189068365, 2214.4286702662257, 10000.0], "k_pid_yaw": [0.5, 1e-06, 0.1], "k_pid_hsp": [7635.826928984392, 0.0, 8201.541621357645], "k_pid_vsp": [7771.277257000704, 4251.784330672964, 6839.498202170654]}, "datetime": {"datetime": "2025-08-09 09:23:21", "elapsed": 59632.827179431915, "delta": 51.08053803443909}, "costs": {"total_cost": 11282.263162525485, "time_cost": 150, "final_distance_cost": 3157.871486143243, "oscillation_cost": 777.129078787989, "completition_cost": 1000.0, "overshoot_cost": 6010.916714066443, "power_cost": 58.24544445800782, "noise_cost": 128.10043906980272, "n_waypoints_completed": 0, "tot_waypoints": 9}}
{"target": -4517.070762987519, "params": {"k_pid_pos": [3241.978645718445, 2172.9681410299527, 8083.558627584973], "k_pid_alt": [7225.044762529247, 3035.5424822325085, 8882.784367000868], "k_pid_att": [6736.934999261031, 6429.175315083115, 1525.2169720687193], "k_pid_yaw": [0.5, 1e-06, 0.1], "k_pid_hsp": [4100.327626086674, 2792.35784376794, 7149.21897634527], "k_pid_vsp": [5989.304576831763, 3392.2052930201476, 4652.1909066709695]}, "datetime": {"datetime": "2025-08-09 09:23:56", "elapsed": 59667.90521001816, "delta": 35.078030586242676}, "costs": {"total_cost": 4517.070762987519, "time_cost": 150, "final_distance_cost": 1135.3901636730577, "oscillation_cost": 88.25425733727552, "completition_cost": 1000.0, "overshoot_cost": 2074.0352039031422, "power_cost": 36.033046166992186, "noise_cost": 33.358091907051914, "n_waypoints_completed": 0, "tot_waypoints": 9}}
{"target": -1398.267481295853, "params": {"k_pid_pos": [10000.0, 6582.4802858840685, 7278.32237050969], "k_pid_alt": [4472.157036899761, 10000.0, 7266.2707319525125], "k_pid_att": [4327.701341234474, 3837.4537722461973, 0.0], "k_pid_yaw": [0.5, 1e-06, 0.1], "k_pid_hsp": [7457.5682286246, 2810.26089562298, 1475.4230026910363], "k_pid_vsp": [1806.9798833204777, 10000.0, 10000.0]}, "datetime": {"datetime": "2025-08-09 09:24:48", "elapsed": 59720.07537770271, "delta": 52.170167684555054}, "costs": {"total_cost": 1398.267481295853, "time_cost": 150, "final_distance_cost": 70.11365534616513, "oscillation_cost": 147.16380547080666, "completition_cost": 888.8888888888888, "overshoot_cost": 69.01100652448915, "power_cost": 43.37348818359375, "noise_cost": 29.7166368819093, "n_waypoints_completed": 1, "tot_waypoints": 9}}
{"target": -1430.8374382456127, "params": {"k_pid_pos": [2928.353031760521, 10000.0, 10000.0], "k_pid_alt": [4924.363446798265, 3854.4385835715093, 10000.0], "k_pid_att": [3591.6134390890143, 2076.2936188823787, 0.0], "k_pid_yaw": [0.5, 1e-06, 0.1], "k_pid_hsp": [5655.2575632732905, 6861.392229222337, 1688.8873025511], "k_pid_vsp": [4837.832043766922, 10000.0, 10000.0]}, "datetime": {"datetime": "2025-08-09 09:25:54", "elapsed": 59786.12156510353, "delta": 66.04618740081787}, "costs": {"total_cost": 1430.8374382456127, "time_cost": 150, "final_distance_cost": 60.09604334531725, "oscillation_cost": 189.14756438230853, "completition_cost": 888.8888888888888, "overshoot_cost": 71.92453756336097, "power_cost": 41.584775610351564, "noise_cost": 29.195628455385656, "n_waypoints_completed": 1, "tot_waypoints": 9}}
{"target": -22214.29789804538, "params": {"k_pid_pos": [4402.61082838857, 953.4929436930672, 1830.1128203047867], "k_pid_alt": [3483.825879514605, 4323.322346267535, 5134.012077719412], "k_pid_att": [6303.638939905948, 7072.987380258582, 9707.519010194712], "k_pid_yaw": [0.5, 1e-06, 0.1], "k_pid_hsp": [1391.5808290710197, 7583.00862057906, 4964.606941408128], "k_pid_vsp": [7551.578846090723, 9459.671957827934, 4452.32802894583]}, "datetime": {"datetime": "2025-08-09 09:26:29", "elapsed": 59820.92039990425, "delta": 34.798834800720215}, "costs": {"total_cost": 22214.29789804538, "time_cost": 150, "final_distance_cost": 5826.163730575217, "oscillation_cost": 1503.4750041012119, "completition_cost": 1000.0, "overshoot_cost": 13533.119640598848, "power_cost": 58.55308338623047, "noise_cost": 142.98643938387286, "n_waypoints_completed": 0, "tot_waypoints": 9}}
{"target": -26739.787391498096, "params": {"k_pid_pos": [9877.643445507485, 8894.452023046724, 7982.786887848579], "k_pid_alt": [8759.650018201213, 5531.629399698748, 2081.6918682759324], "k_pid_att": [43.501758921721255, 7434.603927066749, 7561.181845023327], "k_pid_yaw": [0.5, 1e-06, 0.1], "k_pid_hsp": [5683.784699079642, 1392.612741546636, 6392.008842776753], "k_pid_vsp": [3973.9401794902897, 3001.402573921662, 3239.091990486599]}, "datetime": {"datetime": "2025-08-09 09:27:03", "elapsed": 59854.6335670948, "delta": 33.71316719055176}, "costs": {"total_cost": 26739.787391498096, "time_cost": 150, "final_distance_cost": 7933.7995984781455, "oscillation_cost": 1654.0833745035673, "completition_cost": 1000.0, "overshoot_cost": 15801.84224434074, "power_cost": 58.655612695312506, "noise_cost": 141.40656148033005, "n_waypoints_completed": 0, "tot_waypoints": 9}}
{"target": -5809.339297886283, "params": {"k_pid_pos": [8587.875024235836, 1134.4719055154396, 4524.719635725926], "k_pid_alt": [2331.0678873859847, 7478.062454412371, 7370.889008185839], "k_pid_att": [3942.1557973413237, 6226.282462627465, 2982.867346246564], "k_pid_yaw": [0.5, 1e-06, 0.1], "k_pid_hsp": [3081.1180364344946, 9009.79667385101, 970.0858813974256], "k_pid_vsp": [8889.091792024365, 7917.651516686483, 7059.844724016912]}, "datetime": {"datetime": "2025-08-09 09:27:38", "elapsed": 59889.869309425354, "delta": 35.23574233055115}, "costs": {"total_cost": 5809.339297886283, "time_cost": 150, "final_distance_cost": 1124.4535734444003, "oscillation_cost": 1059.8165933459538, "completition_cost": 1000.0, "overshoot_cost": 2274.340062356035, "power_cost": 58.66203367919922, "noise_cost": 142.06703506069474, "n_waypoints_completed": 0, "tot_waypoints": 9}}
{"target": -3092.344953122367, "params": {"k_pid_pos": [5343.601247867597, 3772.813896603765, 4076.5245071847235], "k_pid_alt": [1503.6823324876036, 3252.092652489479, 1411.9986633830206], "k_pid_att": [5569.034401673421, 1597.6346588712975, 1250.8146353362638], "k_pid_yaw": [0.5, 1e-06, 0.1], "k_pid_hsp": [5133.2805365924105, 6436.490130799218, 8145.495482305576], "k_pid_vsp": [9030.288733272228, 1312.6585330771568, 6541.324649243098]}, "datetime": {"datetime": "2025-08-09 09:28:13", "elapsed": 59924.72127389908, "delta": 34.851964473724365}, "costs": {"total_cost": 3092.344953122367, "time_cost": 150, "final_distance_cost": 568.6756453453708, "oscillation_cost": 58.66555815960181, "completition_cost": 1000.0, "overshoot_cost": 1249.3283806664151, "power_cost": 35.89505819091797, "noise_cost": 29.780310760061266, "n_waypoints_completed": 0, "tot_waypoints": 9}}
{"target": -1765.1753248001276, "params": {"k_pid_pos": [2808.9318259903152, 10000.0, 2281.5568146691926], "k_pid_alt": [5305.543357271936, 5965.838092523993, 4365.039154033702], "k_pid_att": [5645.597287891837, 6856.222515615064, 0.0], "k_pid_yaw": [0.5, 1e-06, 0.1], "k_pid_hsp": [6417.512992715119, 4999.724891460111, 5770.494581740192], "k_pid_vsp": [9996.118195608286, 8980.112889648793, 0.0]}, "datetime": {"datetime": "2025-08-09 09:29:07", "elapsed": 59979.268968105316, "delta": 54.54769420623779}, "costs": {"total_cost": 1765.1753248001276, "time_cost": 150, "final_distance_cost": 50.09285945866811, "oscillation_cost": 409.6459793451387, "completition_cost": 1000.0, "overshoot_cost": 87.56658534119974, "power_cost": 39.25311604003907, "noise_cost": 28.616784615081922, "n_waypoints_completed": 0, "tot_waypoints": 9}}
{"target": -6813.7927171187175, "params": {"k_pid_pos": [8773.421565047627, 4518.775738253542, 3555.141003987059], "k_pid_alt": [527.4860007542526, 8487.048131842519, 4482.884164853439], "k_pid_att": [3049.1626213796053, 3793.5162742475536, 4078.7726001338197], "k_pid_yaw": [0.5, 1e-06, 0.1], "k_pid_hsp": [6566.277799114127, 7793.006309867289, 1203.2832952029737], "k_pid_vsp": [1606.3464862186827, 3829.2165508566745, 1564.9884339826503]}, "datetime": {"datetime": "2025-08-09 09:29:42", "elapsed": 60014.424812316895, "delta": 35.15584421157837}, "costs": {"total_cost": 6813.7927171187175, "time_cost": 150, "final_distance_cost": 2183.668528175913, "oscillation_cost": 1238.4747596833902, "completition_cost": 1000.0, "overshoot_cost": 2041.4534585226122, "power_cost": 58.65803757324219, "noise_cost": 141.53793316356038, "n_waypoints_completed": 0, "tot_waypoints": 9}}
{"target": -4691.582045352575, "params": {"k_pid_pos": [1590.062379724252, 8353.103313685297, 1672.1362504560354], "k_pid_alt": [4325.657869914969, 6297.361017369864, 4276.953971102272], "k_pid_att": [9861.837098508187, 7448.824779448127, 6003.713664326357], "k_pid_yaw": [0.5, 1e-06, 0.1], "k_pid_hsp": [2329.285837655639, 7022.384351337798, 1035.2013605261557], "k_pid_vsp": [2844.1027253643247, 6978.794432802697, 9120.499791757817]}, "datetime": {"datetime": "2025-08-09 09:30:17", "elapsed": 60049.08283805847, "delta": 34.65802574157715}, "costs": {"total_cost": 4691.582045352575, "time_cost": 150, "final_distance_cost": 808.7122460194242, "oscillation_cost": 384.453842367547, "completition_cost": 1000.0, "overshoot_cost": 2227.9372058888325, "power_cost": 47.562125317382815, "noise_cost": 72.91662575938817, "n_waypoints_completed": 0, "tot_waypoints": 9}}
