{"target": -2450.9609027828255, "params": {"k_pid_pos": [9926.891684072994, 8649.81591640718, 5113.560698783947], "k_pid_alt": [355.74038694116126, 2232.9030489830416, 2161.807423108504], "k_pid_att": [2203.7700046343402, 5997.940653389802, 451.1525970586105], "k_pid_yaw": [0.5, 1e-06, 0.1], "k_pid_hsp": [8330.520545461148, 4121.336177417595, 6441.221468791817], "k_pid_vsp": [165.63684165787797, 5694.1798709753975, 4612.924547407135]}, "datetime": {"datetime": "2025-08-08 21:13:03", "elapsed": 15814.845383167267, "delta": 31.05420994758606}, "costs": {"total_cost": 2450.9609027828255, "time_cost": 150, "final_distance_cost": 329.9932216242721, "oscillation_cost": 368.1960928388621, "completition_cost": 1000.0, "overshoot_cost": 506.7492771698341, "power_cost": 43.24610251464844, "noise_cost": 52.77620863520847, "n_waypoints_completed": 0, "tot_waypoints": 9}}
{"target": -2390.055213754461, "params": {"k_pid_pos": [7217.8553036273815, 9603.482773295773, 10000.0], "k_pid_alt": [3028.9239823335915, 10000.0, 9187.906826646753], "k_pid_att": [10000.0, 8553.16585547616, 0.0], "k_pid_yaw": [0.5, 1e-06, 0.1], "k_pid_hsp": [706.3170699285793, 2910.1338232139174, 6531.639801228232], "k_pid_vsp": [8514.096985675942, 2613.501920928214, 4296.521101433921]}, "datetime": {"datetime": "2025-08-08 21:13:36", "elapsed": 15848.129815340042, "delta": 33.28443217277527}, "costs": {"total_cost": 2390.055213754461, "time_cost": 150, "final_distance_cost": 91.35715338279628, "oscillation_cost": 960.7347231176392, "completition_cost": 1000.0, "overshoot_cost": 124.38159883104261, "power_cost": 35.881213037109376, "noise_cost": 27.700525385873977, "n_waypoints_completed": 0, "tot_waypoints": 9}}
{"target": -4509.637412692492, "params": {"k_pid_pos": [692.6469604557284, 9397.163410845094, 9463.029429952157], "k_pid_alt": [7857.269524364287, 9456.103238313697, 4981.569215769386], "k_pid_att": [9708.723337671443, 4843.379903825699, 8941.2450324457], "k_pid_yaw": [0.5, 1e-06, 0.1], "k_pid_hsp": [6943.265415911049, 9039.552334945476, 3574.7792627955987], "k_pid_vsp": [58.03184797835925, 540.4035487594539, 3804.9195777476607]}, "datetime": {"datetime": "2025-08-08 21:14:07", "elapsed": 15879.086024284363, "delta": 30.95620894432068}, "costs": {"total_cost": 4509.637412692492, "time_cost": 150, "final_distance_cost": 690.7620795110549, "oscillation_cost": 255.40977522764823, "completition_cost": 1000.0, "overshoot_cost": 2312.515603924773, "power_cost": 47.56421785888672, "noise_cost": 53.385736170128055, "n_waypoints_completed": 0, "tot_waypoints": 9}}
{"target": -2961.004889535273, "params": {"k_pid_pos": [1215.6700330756032, 1310.3869737943053, 7850.985561548842], "k_pid_alt": [4537.971041968185, 5903.999455837465, 3302.80424635257], "k_pid_att": [9787.518119418735, 9839.842316327902, 4628.059853094789], "k_pid_yaw": [0.5, 1e-06, 0.1], "k_pid_hsp": [6724.0739433997305, 9411.65374403259, 5998.249750182714], "k_pid_vsp": [2282.1537469375708, 5764.578887449114, 4801.598931875366]}, "datetime": {"datetime": "2025-08-08 21:14:37", "elapsed": 15909.478882551193, "delta": 30.392858266830444}, "costs": {"total_cost": 2961.004889535273, "time_cost": 150, "final_distance_cost": 406.18480847435546, "oscillation_cost": 181.89374745015922, "completition_cost": 1000.0, "overshoot_cost": 1136.3774051987257, "power_cost": 41.17838892822266, "noise_cost": 45.370539483809985, "n_waypoints_completed": 0, "tot_waypoints": 9}}
{"target": -6172.77721047155, "params": {"k_pid_pos": [5715.052645151379, 2209.983645143987, 4809.736413471323], "k_pid_alt": [3373.3811716393593, 296.50245574821656, 3411.567070345106], "k_pid_att": [4948.0706088819215, 2139.4518015656095, 8519.691201997297], "k_pid_yaw": [0.5, 1e-06, 0.1], "k_pid_hsp": [7976.093684054502, 4183.611507473046, 9547.474005256043], "k_pid_vsp": [1719.4655445915407, 1986.9819572361992, 9262.553851830364]}, "datetime": {"datetime": "2025-08-08 21:15:09", "elapsed": 15940.96465086937, "delta": 31.48576831817627}, "costs": {"total_cost": 6172.77721047155, "time_cost": 150, "final_distance_cost": 1342.1338051066862, "oscillation_cost": 234.53144519665724, "completition_cost": 1000.0, "overshoot_cost": 3360.7987489241964, "power_cost": 42.951519982910156, "noise_cost": 42.36169126109994, "n_waypoints_completed": 0, "tot_waypoints": 9}}
{"target": -5114.332158423037, "params": {"k_pid_pos": [9595.245255645243, 7350.412151191715, 4881.362811863517], "k_pid_alt": [4625.051260001082, 3000.9336087595084, 5354.466246764436], "k_pid_att": [478.0995031831636, 3890.941289256967, 452.16155490844125], "k_pid_yaw": [0.5, 1e-06, 0.1], "k_pid_hsp": [4464.323399335172, 565.6884926885186, 9866.384168288678], "k_pid_vsp": [7355.013115760113, 1170.1354623431725, 1385.1254259501445]}, "datetime": {"datetime": "2025-08-08 21:15:40", "elapsed": 15971.720525979996, "delta": 30.75587511062622}, "costs": {"total_cost": 5114.332158423037, "time_cost": 150, "final_distance_cost": 726.6868880348507, "oscillation_cost": 1520.2913557010143, "completition_cost": 1000.0, "overshoot_cost": 1518.839791712524, "power_cost": 58.535205151367194, "noise_cost": 139.9789178232813, "n_waypoints_completed": 0, "tot_waypoints": 9}}
{"target": -5757.004091619504, "params": {"k_pid_pos": [6886.14564911713, 6010.788677783829, 3382.8293935726106], "k_pid_alt": [5115.728371910981, 3086.0162390327428, 8751.176251024923], "k_pid_att": [3369.130841917913, 580.5538111814457, 365.7526072136474], "k_pid_yaw": [0.5, 1e-06, 0.1], "k_pid_hsp": [561.7588817160823, 1582.4923528304614, 4385.984983491357], "k_pid_vsp": [4387.192536039929, 3785.6578627030467, 6316.709319515774]}, "datetime": {"datetime": "2025-08-08 21:16:11", "elapsed": 16002.53090596199, "delta": 30.81037998199463}, "costs": {"total_cost": 5757.004091619504, "time_cost": 150, "final_distance_cost": 1370.2305304265308, "oscillation_cost": 241.3460517226314, "completition_cost": 1000.0, "overshoot_cost": 2932.443238544076, "power_cost": 35.222327734375, "noise_cost": 27.76194319189071, "n_waypoints_completed": 0, "tot_waypoints": 9}}
{"target": -1885.4704202981986, "params": {"k_pid_pos": [10000.0, 9829.287569706019, 4354.813918837106], "k_pid_alt": [0.0, 0.0, 0.0], "k_pid_att": [7818.926832416961, 4710.060106077851, 0.0], "k_pid_yaw": [0.5, 1e-06, 0.1], "k_pid_hsp": [10000.0, 5874.325307948003, 10000.0], "k_pid_vsp": [596.9620141972149, 4000.059070961928, 5961.837363990368]}, "datetime": {"datetime": "2025-08-08 21:16:44", "elapsed": 16036.307601690292, "delta": 33.776695728302}, "costs": {"total_cost": 1885.4704202981986, "time_cost": 150, "final_distance_cost": 47.39241126845138, "oscillation_cost": 483.4586128473204, "completition_cost": 1000.0, "overshoot_cost": 136.60633247289243, "power_cost": 37.8534514038086, "noise_cost": 30.159612305725705, "n_waypoints_completed": 0, "tot_waypoints": 9}}
{"target": -10077.071167107815, "params": {"k_pid_pos": [9525.411173840255, 3337.891470085995, 3654.6622573586465], "k_pid_alt": [9889.180144990183, 5353.471970252447, 2995.9136600274105], "k_pid_att": [1754.0002363887263, 2669.303820551162, 8665.38379557568], "k_pid_yaw": [0.5, 1e-06, 0.1], "k_pid_hsp": [8005.076395882977, 8987.449359321701, 792.3101938738608], "k_pid_vsp": [4742.15883171889, 4676.8442367977905, 9047.063072085584]}, "datetime": {"datetime": "2025-08-08 21:17:15", "elapsed": 16067.338917732239, "delta": 31.03131604194641}, "costs": {"total_cost": 10077.071167107815, "time_cost": 150, "final_distance_cost": 2824.5287054862133, "oscillation_cost": 284.0314102057849, "completition_cost": 1000.0, "overshoot_cost": 5736.726935883651, "power_cost": 46.691554003906255, "noise_cost": 35.092561528259644, "n_waypoints_completed": 0, "tot_waypoints": 9}}
{"target": -1728.224483140863, "params": {"k_pid_pos": [7550.2280359078195, 4696.486073270286, 0.0], "k_pid_alt": [0.0, 0.0, 0.0], "k_pid_att": [2469.922290653378, 1880.0768317890447, 0.0], "k_pid_yaw": [0.5, 1e-06, 0.1], "k_pid_hsp": [6902.273180571804, 6755.458764418658, 8127.264582635124], "k_pid_vsp": [1006.5843041674666, 8914.854809224253, 5045.4914316713875]}, "datetime": {"datetime": "2025-08-08 21:17:50", "elapsed": 16101.822132587433, "delta": 34.48321485519409}, "costs": {"total_cost": 1728.224483140863, "time_cost": 150, "final_distance_cost": 19.35718347107326, "oscillation_cost": 329.39095211183354, "completition_cost": 1000.0, "overshoot_cost": 146.6957967088197, "power_cost": 39.32935219726563, "noise_cost": 43.45119865187082, "n_waypoints_completed": 0, "tot_waypoints": 9}}
{"target": -2285.6635623770435, "params": {"k_pid_pos": [0.0, 605.3311647976351, 1745.9873119344682], "k_pid_alt": [5274.121270998256, 4205.918843178295, 2960.2195389408957], "k_pid_att": [10000.0, 10000.0, 0.0], "k_pid_yaw": [0.5, 1e-06, 0.1], "k_pid_hsp": [9316.169620657754, 9997.842537209044, 4603.806261356241], "k_pid_vsp": [1161.562687279873, 4124.764341658427, 6070.037583795934]}, "datetime": {"datetime": "2025-08-08 21:18:25", "elapsed": 16136.52955532074, "delta": 34.707422733306885}, "costs": {"total_cost": 2285.6635623770435, "time_cost": 150, "final_distance_cost": 103.6768825250983, "oscillation_cost": 826.7890768737232, "completition_cost": 1000.0, "overshoot_cost": 140.4269285091376, "power_cost": 36.63541650390625, "noise_cost": 28.13525796517787, "n_waypoints_completed": 0, "tot_waypoints": 9}}
{"target": -1777.9245826305616, "params": {"k_pid_pos": [7090.205135538921, 10000.0, 5421.435977704928], "k_pid_alt": [10000.0, 4000.95947261175, 0.0], "k_pid_att": [5066.841089479565, 5868.550598475588, 0.0], "k_pid_yaw": [0.5, 1e-06, 0.1], "k_pid_hsp": [5177.054019515193, 0.0, 4397.233752001371], "k_pid_vsp": [2748.794529769903, 6881.682411105887, 0.0]}, "datetime": {"datetime": "2025-08-08 21:18:58", "elapsed": 16170.217625379562, "delta": 33.68807005882263}, "costs": {"total_cost": 1777.9245826305616, "time_cost": 150, "final_distance_cost": 69.59122367747538, "oscillation_cost": 525.8896469071095, "completition_cost": 888.8888888888888, "overshoot_cost": 78.15521668049884, "power_cost": 37.365524816894535, "noise_cost": 28.034081659694703, "n_waypoints_completed": 1, "tot_waypoints": 9}}
{"target": -31868.9315665242, "params": {"k_pid_pos": [4413.493117000375, 7503.86874730018, 3798.139632910126], "k_pid_alt": [2711.4363857738654, 8708.440841869553, 4899.715134155568], "k_pid_att": [544.218580653082, 6610.013644139103, 2558.5856770894934], "k_pid_yaw": [0.5, 1e-06, 0.1], "k_pid_hsp": [4473.410193103306, 2263.2377137581925, 975.1218699892772], "k_pid_vsp": [7001.4513932748905, 1526.5571386725362, 3479.6400487611577]}, "datetime": {"datetime": "2025-08-08 21:19:29", "elapsed": 16200.94102025032, "delta": 30.723394870758057}, "costs": {"total_cost": 31868.9315665242, "time_cost": 150, "final_distance_cost": 8587.902316006503, "oscillation_cost": 1714.5556053547186, "completition_cost": 1000.0, "overshoot_cost": 20213.541514401833, "power_cost": 58.65589272460938, "noise_cost": 144.2762380365363, "n_waypoints_completed": 0, "tot_waypoints": 9}}
{"target": -2352.4257652044894, "params": {"k_pid_pos": [5427.221476597968, 8038.440833865642, 7714.710355460665], "k_pid_alt": [276.5660499943399, 4886.879158642777, 5252.319946703295], "k_pid_att": [10000.0, 10000.0, 0.0], "k_pid_yaw": [0.5, 1e-06, 0.1], "k_pid_hsp": [3755.6400185928055, 4340.015177612915, 7630.55326536362], "k_pid_vsp": [1457.8479365080661, 3898.2664921600754, 5704.42656103367]}, "datetime": {"datetime": "2025-08-08 21:20:02", "elapsed": 16234.19927740097, "delta": 33.258257150650024}, "costs": {"total_cost": 2352.4257652044894, "time_cost": 150, "final_distance_cost": 102.18147685861051, "oscillation_cost": 863.9816247973586, "completition_cost": 1000.0, "overshoot_cost": 170.82308533004482, "power_cost": 36.87982127685547, "noise_cost": 28.55975694162014, "n_waypoints_completed": 0, "tot_waypoints": 9}}
{"target": -1649.5577747184082, "params": {"k_pid_pos": [0.0, 10000.0, 10000.0], "k_pid_alt": [10000.0, 8512.064285037417, 4404.063624033286], "k_pid_att": [9727.230821458374, 6640.3744995619545, 0.0], "k_pid_yaw": [0.5, 1e-06, 0.1], "k_pid_hsp": [10000.0, 10000.0, 3629.569944182119], "k_pid_vsp": [8795.989156162195, 5717.5713770528155, 6366.471796645946]}, "datetime": {"datetime": "2025-08-08 21:20:36", "elapsed": 16268.250059366226, "delta": 34.05078196525574}, "costs": {"total_cost": 1649.5577747184082, "time_cost": 150, "final_distance_cost": 42.22766763596784, "oscillation_cost": 317.87192637742334, "completition_cost": 1000.0, "overshoot_cost": 70.38446950460786, "power_cost": 40.48793228759766, "noise_cost": 28.58577891281152, "n_waypoints_completed": 0, "tot_waypoints": 9}}
{"target": -736.9003630395533, "params": {"k_pid_pos": [9196.307092970963, 7153.193880907562, 0.0], "k_pid_alt": [2092.633160856406, 0.0, 5952.955505589507], "k_pid_att": [7140.4644781366615, 0.0, 0.0], "k_pid_yaw": [0.5, 1e-06, 0.1], "k_pid_hsp": [10000.0, 10000.0, 0.0], "k_pid_vsp": [6688.596866848882, 7668.502884930968, 6048.802935780379]}, "datetime": {"datetime": "2025-08-08 21:21:11", "elapsed": 16302.665529966354, "delta": 34.415470600128174}, "costs": {"total_cost": 736.9003630395533, "time_cost": 150, "final_distance_cost": 62.32016023534018, "oscillation_cost": 274.49145292083557, "completition_cost": 111.11111111111116, "overshoot_cost": 68.41718599725527, "power_cost": 41.594500048828124, "noise_cost": 28.96595272618301, "n_waypoints_completed": 8, "tot_waypoints": 9}}
{"target": -3082.9151901287178, "params": {"k_pid_pos": [1296.2583695665153, 5468.970907526442, 1437.787789662077], "k_pid_alt": [330.8606940341541, 7539.759591417066, 9108.686742545515], "k_pid_att": [8404.749899596256, 4387.990404330137, 3063.181234410265], "k_pid_yaw": [0.5, 1e-06, 0.1], "k_pid_hsp": [3443.757049213042, 7632.087537882815, 8470.80415793404], "k_pid_vsp": [9775.83716576442, 5390.170185768735, 5655.7512634018185]}, "datetime": {"datetime": "2025-08-08 21:21:41", "elapsed": 16333.252432823181, "delta": 30.586902856826782}, "costs": {"total_cost": 3082.9151901287178, "time_cost": 150, "final_distance_cost": 348.2523572810167, "oscillation_cost": 649.125486835524, "completition_cost": 1000.0, "overshoot_cost": 777.4477735851935, "power_cost": 58.027245227050784, "noise_cost": 100.06232719993343, "n_waypoints_completed": 0, "tot_waypoints": 9}}
{"target": -1608.0413431166685, "params": {"k_pid_pos": [10000.0, 5117.527743817216, 6436.079779181762], "k_pid_alt": [6507.33341763137, 6209.083330886056, 0.0], "k_pid_att": [9673.344557087668, 7432.87419935411, 0.0], "k_pid_yaw": [0.5, 1e-06, 0.1], "k_pid_hsp": [10000.0, 2981.0876508120937, 5125.967081150099], "k_pid_vsp": [1779.9365811056325, 6668.193073660332, 5861.02609506974]}, "datetime": {"datetime": "2025-08-08 21:22:17", "elapsed": 16368.768696069717, "delta": 35.516263246536255}, "costs": {"total_cost": 1608.0413431166685, "time_cost": 150, "final_distance_cost": 37.04208203254518, "oscillation_cost": 287.7324644318145, "completition_cost": 1000.0, "overshoot_cost": 64.5410380011438, "power_cost": 40.00473812255859, "noise_cost": 28.721020528606445, "n_waypoints_completed": 0, "tot_waypoints": 9}}
{"target": -4248.758414599699, "params": {"k_pid_pos": [7661.922944682052, 4645.781138242852, 5195.21163157857], "k_pid_alt": [677.6899042269724, 7918.63082715943, 4307.43093414868], "k_pid_att": [7901.263397559366, 8317.331982132464, 4067.026852253823], "k_pid_yaw": [0.5, 1e-06, 0.1], "k_pid_hsp": [2682.414796299659, 4571.7248514394605, 5605.8431381320925], "k_pid_vsp": [9907.985801933819, 2616.3861789422717, 4096.08426227312]}, "datetime": {"datetime": "2025-08-08 21:22:47", "elapsed": 16399.502148628235, "delta": 30.733452558517456}, "costs": {"total_cost": 4248.758414599699, "time_cost": 150, "final_distance_cost": 807.8337396676254, "oscillation_cost": 411.2039158797136, "completition_cost": 1000.0, "overshoot_cost": 1749.0215803475694, "power_cost": 49.32799991455078, "noise_cost": 81.37117879023957, "n_waypoints_completed": 0, "tot_waypoints": 9}}
{"target": -5317.885692997911, "params": {"k_pid_pos": [9968.196208627747, 9703.267742931086, 712.6324857376121], "k_pid_alt": [2377.544643273798, 876.2946864167753, 1153.3417242973987], "k_pid_att": [4288.437501720008, 4801.043612773026, 3122.077495386282], "k_pid_yaw": [0.5, 1e-06, 0.1], "k_pid_hsp": [3141.442116110913, 6707.200462314126, 6762.210974266297], "k_pid_vsp": [3763.6035003549628, 7361.496337395618, 814.4239925993945]}, "datetime": {"datetime": "2025-08-08 21:23:18", "elapsed": 16430.09204173088, "delta": 30.589893102645874}, "costs": {"total_cost": 5317.885692997911, "time_cost": 150, "final_distance_cost": 1318.8831663486305, "oscillation_cost": 682.4532208253557, "completition_cost": 1000.0, "overshoot_cost": 1975.5264504053766, "power_cost": 58.680176171875004, "noise_cost": 132.3426792466726, "n_waypoints_completed": 0, "tot_waypoints": 9}}
{"target": -5743.674182441229, "params": {"k_pid_pos": [3241.589536951126, 4827.9510975650755, 6999.08837608158], "k_pid_alt": [3968.09796446688, 1445.4559306308468, 8793.236661080231], "k_pid_att": [6330.707873259373, 6342.785577213682, 4968.716790277645], "k_pid_yaw": [0.5, 1e-06, 0.1], "k_pid_hsp": [2549.479716563785, 2105.7441837455535, 7673.9932109998945], "k_pid_vsp": [3471.1466021426318, 6071.864814461118, 8691.178687744308]}, "datetime": {"datetime": "2025-08-08 21:23:49", "elapsed": 16460.7136824131, "delta": 30.62164068222046}, "costs": {"total_cost": 5743.674182441229, "time_cost": 150, "final_distance_cost": 1344.6758742290092, "oscillation_cost": 404.81929329234686, "completition_cost": 1000.0, "overshoot_cost": 2714.339291804169, "power_cost": 50.164019226074224, "noise_cost": 79.67570388963051, "n_waypoints_completed": 0, "tot_waypoints": 9}}
{"target": -5446.140437656593, "params": {"k_pid_pos": [9563.146522992081, 10000.0, 7914.971576702454], "k_pid_alt": [10000.0, 6143.851064844471, 2809.60345921777], "k_pid_att": [5412.894943413056, 0.0, 0.0], "k_pid_yaw": [0.5, 1e-06, 0.1], "k_pid_hsp": [5039.315860238354, 2557.5272216585113, 0.0], "k_pid_vsp": [0.0, 813.4218533361218, 3192.0102149807863]}, "datetime": {"datetime": "2025-08-08 21:24:23", "elapsed": 16494.848543405533, "delta": 34.13486099243164}, "costs": {"total_cost": 5446.140437656593, "time_cost": 150, "final_distance_cost": 1302.999098026294, "oscillation_cost": 265.05856087889094, "completition_cost": 1000.0, "overshoot_cost": 2650.37753720394, "power_cost": 46.230138146972656, "noise_cost": 31.475103400495623, "n_waypoints_completed": 0, "tot_waypoints": 9}}
{"target": -4339.143770835164, "params": {"k_pid_pos": [9468.213419338417, 9324.297056392714, 5109.54064167661], "k_pid_alt": [104.58096933079864, 5971.510044670006, 4713.168789965573], "k_pid_att": [8790.33407118856, 3985.340510054248, 6768.049313687467], "k_pid_yaw": [0.5, 1e-06, 0.1], "k_pid_hsp": [5805.921738719006, 2566.041151508893, 9683.709130163375], "k_pid_vsp": [2776.2850481641044, 6888.264330331361, 7353.111767891477]}, "datetime": {"datetime": "2025-08-08 21:24:53", "elapsed": 16524.90169262886, "delta": 30.053149223327637}, "costs": {"total_cost": 4339.143770835164, "time_cost": 150, "final_distance_cost": 706.0850829686029, "oscillation_cost": 276.90903669888576, "completition_cost": 1000.0, "overshoot_cost": 2104.3708687494927, "power_cost": 45.31892164306641, "noise_cost": 56.459860775117114, "n_waypoints_completed": 0, "tot_waypoints": 9}}
{"target": -1823.8417614118953, "params": {"k_pid_pos": [10000.0, 8400.726238886826, 3559.67909100534], "k_pid_alt": [2320.214426413324, 5093.40991620731, 7852.756474353517], "k_pid_att": [10000.0, 7003.537247745665, 0.0], "k_pid_yaw": [0.5, 1e-06, 0.1], "k_pid_hsp": [5424.959053522311, 6501.970470562077, 7040.708374003078], "k_pid_vsp": [10000.0, 3288.8526685115917, 2511.2211119410154]}, "datetime": {"datetime": "2025-08-08 21:25:27", "elapsed": 16559.20932507515, "delta": 34.30763244628906}, "costs": {"total_cost": 1823.8417614118953, "time_cost": 150, "final_distance_cost": 71.98676930976424, "oscillation_cost": 431.56087894463275, "completition_cost": 1000.0, "overshoot_cost": 103.34025318704218, "power_cost": 38.55615275878906, "noise_cost": 28.397707211666905, "n_waypoints_completed": 0, "tot_waypoints": 9}}
{"target": -1862.6711936071383, "params": {"k_pid_pos": [0.0, 4541.692772503486, 7149.629082919844], "k_pid_alt": [7316.916383018337, 6177.836450023765, 9098.218306962352], "k_pid_att": [8246.479236080973, 5059.525084872017, 0.0], "k_pid_yaw": [0.5, 1e-06, 0.1], "k_pid_hsp": [5515.869798449541, 10000.0, 3255.7906262512383], "k_pid_vsp": [1571.6479800784361, 6545.455438972403, 8287.215102895494]}, "datetime": {"datetime": "2025-08-08 21:26:02", "elapsed": 16593.816784143448, "delta": 34.60745906829834}, "costs": {"total_cost": 1862.6711936071383, "time_cost": 150, "final_distance_cost": 62.92819907165406, "oscillation_cost": 500.25546500026235, "completition_cost": 1000.0, "overshoot_cost": 83.57241187124293, "power_cost": 37.53685985107422, "noise_cost": 28.378257812904593, "n_waypoints_completed": 0, "tot_waypoints": 9}}
{"target": -8219.235409826611, "params": {"k_pid_pos": [1013.873756893705, 9621.128478858833, 2968.0189992538862], "k_pid_alt": [9592.315189309818, 6534.291950556114, 8914.554771380384], "k_pid_att": [3834.4799763718875, 3360.414232483755, 6527.833577476064], "k_pid_yaw": [0.5, 1e-06, 0.1], "k_pid_hsp": [7012.364351920125, 2576.3901459858994, 8737.317757869972], "k_pid_vsp": [448.95900315703005, 2582.876913601644, 3948.442685275838]}, "datetime": {"datetime": "2025-08-08 21:26:32", "elapsed": 16624.247225046158, "delta": 30.43044090270996}, "costs": {"total_cost": 8219.235409826611, "time_cost": 150, "final_distance_cost": 1711.4797515519138, "oscillation_cost": 519.9463440474817, "completition_cost": 1000.0, "overshoot_cost": 4696.660212227304, "power_cost": 50.85534548339844, "noise_cost": 90.29375651651425, "n_waypoints_completed": 0, "tot_waypoints": 9}}
