{"target": -5215.522042069136, "params": {"k_pid_pos": [7745.725815857814, 2612.520400129709, 9110.441246328539], "k_pid_alt": [7788.362306924874, 3304.1036489980115, 1839.8033016068682], "k_pid_att": [6993.7694859028625, 8385.4964496406, 2955.8249582546414], "k_pid_yaw": [0.5, 1e-06, 0.1], "k_pid_hsp": [4582.178159624505, 1332.0497373213525, 6509.597591241507], "k_pid_vsp": [5659.698677992441, 6650.345127998505, 2354.692778242001]}, "datetime": {"datetime": "2025-08-09 06:50:52", "elapsed": 50484.26912856102, "delta": 33.394943952560425}, "costs": {"total_cost": 5215.522042069136, "time_cost": 150, "final_distance_cost": 1113.0379059791383, "oscillation_cost": 480.58746086482233, "completition_cost": 1000.0, "overshoot_cost": 2334.486069419848, "power_cost": 54.65352430419922, "noise_cost": 82.75708150112827, "n_waypoints_completed": 0, "tot_waypoints": 9}}
{"target": -2922.4902290195287, "params": {"k_pid_pos": [9495.792892975815, 3663.2808189556563, 6526.170090651021], "k_pid_alt": [8484.963265928944, 3935.5835145908845, 2981.064249090778], "k_pid_att": [7580.1405209395, 8564.434806023874, 7940.858141748771], "k_pid_yaw": [0.5, 1e-06, 0.1], "k_pid_hsp": [3275.194904437931, 9718.747926838443, 7608.712505960071], "k_pid_vsp": [4220.685553520066, 8487.990841198569, 5874.702252494462]}, "datetime": {"datetime": "2025-08-09 06:51:26", "elapsed": 50517.61765003204, "delta": 33.34852147102356}, "costs": {"total_cost": 2922.4902290195287, "time_cost": 150, "final_distance_cost": 40.88191621114325, "oscillation_cost": 578.9867341476792, "completition_cost": 1000.0, "overshoot_cost": 1003.0436506079147, "power_cost": 52.029488232421876, "noise_cost": 97.54843982036937, "n_waypoints_completed": 0, "tot_waypoints": 9}}
{"target": -5075.745081738131, "params": {"k_pid_pos": [4339.7609721489225, 8245.186228233511, 8192.303529721365], "k_pid_alt": [1083.6993315317745, 6619.403829289428, 9737.883392477406], "k_pid_att": [6580.120034923371, 2160.6999109962267, 4323.167846463845], "k_pid_yaw": [0.5, 1e-06, 0.1], "k_pid_hsp": [7345.065738868132, 8477.87812519312, 6311.809462846762], "k_pid_vsp": [9160.204841796052, 3765.449561688351, 3483.0039871299346]}, "datetime": {"datetime": "2025-08-09 06:51:59", "elapsed": 50550.636006593704, "delta": 33.01835656166077}, "costs": {"total_cost": 5075.745081738131, "time_cost": 150, "final_distance_cost": 856.1627288099487, "oscillation_cost": 713.5691719185005, "completition_cost": 1000.0, "overshoot_cost": 2158.857525309335, "power_cost": 58.60441003417969, "noise_cost": 138.5512456661674, "n_waypoints_completed": 0, "tot_waypoints": 9}}
{"target": -1991.1768576789962, "params": {"k_pid_pos": [2757.734409588478, 4217.191525399097, 7437.290592929322], "k_pid_alt": [5148.953585977023, 0.0, 2380.4071863155295], "k_pid_att": [8412.70503247625, 8074.68247916062, 0.0], "k_pid_yaw": [0.5, 1e-06, 0.1], "k_pid_hsp": [627.450143125317, 1990.3522378767989, 10000.0], "k_pid_vsp": [7508.021136075109, 3093.8689765410177, 1317.90765519453]}, "datetime": {"datetime": "2025-08-09 06:52:45", "elapsed": 50596.77312588692, "delta": 46.13711929321289}, "costs": {"total_cost": 1991.1768576789962, "time_cost": 150, "final_distance_cost": 68.18747877191528, "oscillation_cost": 845.6875154301517, "completition_cost": 777.7777777777778, "overshoot_cost": 85.11773403195868, "power_cost": 36.612589221191406, "noise_cost": 27.79376244600114, "n_waypoints_completed": 2, "tot_waypoints": 9}}
{"target": -3280.2935001584215, "params": {"k_pid_pos": [3161.8619446173125, 8970.0503728492, 6214.451206046842], "k_pid_alt": [3176.335531119636, 7476.344858127256, 346.4823002649875], "k_pid_att": [5650.830620926545, 8293.873294866067, 4331.907237397407], "k_pid_yaw": [0.5, 1e-06, 0.1], "k_pid_hsp": [5523.068325630509, 4380.630647563412, 6082.254949955907], "k_pid_vsp": [1174.2065390753464, 1690.6599624424134, 5270.876051663957]}, "datetime": {"datetime": "2025-08-09 06:53:19", "elapsed": 50630.566759586334, "delta": 33.793633699417114}, "costs": {"total_cost": 3280.2935001584215, "time_cost": 150, "final_distance_cost": 382.53967113707074, "oscillation_cost": 578.0204502747412, "completition_cost": 1000.0, "overshoot_cost": 1005.5682473040022, "power_cost": 53.48219936523438, "noise_cost": 110.68293207737312, "n_waypoints_completed": 0, "tot_waypoints": 9}}
{"target": -27237.249026301088, "params": {"k_pid_pos": [5471.8436613781505, 3686.95707616023, 9332.679350295963], "k_pid_alt": [5693.949093999514, 8497.700374371138, 3002.4933780264764], "k_pid_att": [2658.952058403302, 3857.8123424892506, 4459.164522200427], "k_pid_yaw": [0.5, 1e-06, 0.1], "k_pid_hsp": [3358.5562410861457, 7381.829919049071, 4681.6363143471835], "k_pid_vsp": [857.3211720278118, 7874.488587146096, 3168.7733706526024]}, "datetime": {"datetime": "2025-08-09 06:53:52", "elapsed": 50664.32879734039, "delta": 33.76203775405884}, "costs": {"total_cost": 27237.249026301088, "time_cost": 150, "final_distance_cost": 7854.823525645118, "oscillation_cost": 1629.71495758995, "completition_cost": 1000.0, "overshoot_cost": 16400.470398609406, "power_cost": 58.58691069335938, "noise_cost": 143.65323376325105, "n_waypoints_completed": 0, "tot_waypoints": 9}}
{"target": -6966.874822866309, "params": {"k_pid_pos": [6919.541908187521, 6510.859811260333, 841.0351433986297], "k_pid_alt": [6721.2963365369305, 852.7399774743072, 4466.192379329914], "k_pid_att": [7055.5781744081905, 7487.694931674668, 4938.090619159082], "k_pid_yaw": [0.5, 1e-06, 0.1], "k_pid_hsp": [8960.870036241662, 5665.1923147783455, 1350.789960977269], "k_pid_vsp": [7050.974932509373, 4768.998117118715, 2635.1324821052813]}, "datetime": {"datetime": "2025-08-09 06:54:26", "elapsed": 50697.73671293259, "delta": 33.4079155921936}, "costs": {"total_cost": 6966.874822866309, "time_cost": 150, "final_distance_cost": 1431.8997590063764, "oscillation_cost": 656.7395064564884, "completition_cost": 1000.0, "overshoot_cost": 3531.918481456136, "power_cost": 58.60942139892578, "noise_cost": 137.70765454838198, "n_waypoints_completed": 0, "tot_waypoints": 9}}
{"target": -7306.685120706853, "params": {"k_pid_pos": [3775.4865509659107, 644.665161355884, 3048.2589295235775], "k_pid_alt": [873.5766788417676, 6534.000946192603, 1390.4910779183965], "k_pid_att": [7405.6822620814955, 9534.743286497831, 9052.604213827517], "k_pid_yaw": [0.5, 1e-06, 0.1], "k_pid_hsp": [7021.94029979217, 2074.9917154868704, 2714.6659268586504], "k_pid_vsp": [8529.331720138274, 6256.425218770013, 6541.703732313683]}, "datetime": {"datetime": "2025-08-09 06:54:58", "elapsed": 50730.44753360748, "delta": 32.71082067489624}, "costs": {"total_cost": 7306.685120706853, "time_cost": 150, "final_distance_cost": 1357.8577762435311, "oscillation_cost": 1222.4318353044082, "completition_cost": 1000.0, "overshoot_cost": 3377.5285894487088, "power_cost": 58.596673107910156, "noise_cost": 140.27024660229603, "n_waypoints_completed": 0, "tot_waypoints": 9}}
{"target": -2251.746632351986, "params": {"k_pid_pos": [4143.021641846281, 10000.0, 6271.78685013128], "k_pid_alt": [4183.587948712928, 437.8559758566967, 0.0], "k_pid_att": [7239.156066683382, 8073.536906733137, 0.0], "k_pid_yaw": [0.5, 1e-06, 0.1], "k_pid_hsp": [3227.2745741866306, 5152.379796543216, 5697.518755106771], "k_pid_vsp": [387.8178982187843, 2730.3163754406223, 3743.5493875350357]}, "datetime": {"datetime": "2025-08-09 06:55:50", "elapsed": 50781.60740399361, "delta": 51.15987038612366}, "costs": {"total_cost": 2251.746632351986, "time_cost": 150, "final_distance_cost": 65.50427044089741, "oscillation_cost": 805.1665012324831, "completition_cost": 1000.0, "overshoot_cost": 165.481720543349, "power_cost": 36.553092224121094, "noise_cost": 29.04104791113544, "n_waypoints_completed": 0, "tot_waypoints": 9}}
{"target": -1444.889756580982, "params": {"k_pid_pos": [10000.0, 4478.146268406239, 2555.7042730073495], "k_pid_alt": [5111.883953524229, 3793.787072148333, 1587.9122896723302], "k_pid_att": [10000.0, 7156.9610624209845, 0.0], "k_pid_yaw": [0.5, 1e-06, 0.1], "k_pid_hsp": [10000.0, 5367.789531894011, 3526.6609231357797], "k_pid_vsp": [7045.858920261684, 0.0, 4100.124297354776]}, "datetime": {"datetime": "2025-08-09 06:56:35", "elapsed": 50826.8827893734, "delta": 45.27538537979126}, "costs": {"total_cost": 1444.889756580982, "time_cost": 150, "final_distance_cost": 70.36900251662043, "oscillation_cost": 200.91331650453944, "completition_cost": 888.8888888888888, "overshoot_cost": 63.27652235912491, "power_cost": 42.44723969726563, "noise_cost": 28.994786614542807, "n_waypoints_completed": 1, "tot_waypoints": 9}}
{"target": -4022.7318029331145, "params": {"k_pid_pos": [1723.077204403286, 8221.213442682763, 153.43099572929785], "k_pid_alt": [9833.681459719584, 2883.5541418287735, 5870.253991984469], "k_pid_att": [6847.751440165533, 4290.269211609706, 6673.077589275841], "k_pid_yaw": [0.5, 1e-06, 0.1], "k_pid_hsp": [2624.908573832053, 770.630740315077, 5999.081041282261], "k_pid_vsp": [8207.462190197806, 5058.974233849375, 2132.43875895763]}, "datetime": {"datetime": "2025-08-09 06:57:10", "elapsed": 50861.620921850204, "delta": 34.73813247680664}, "costs": {"total_cost": 4022.7318029331145, "time_cost": 150, "final_distance_cost": 651.220376765009, "oscillation_cost": 714.0715604048678, "completition_cost": 1000.0, "overshoot_cost": 1311.2564403154588, "power_cost": 58.597745507812505, "noise_cost": 137.58567993996655, "n_waypoints_completed": 0, "tot_waypoints": 9}}
{"target": -1461.871941492364, "params": {"k_pid_pos": [10000.0, 6389.155772284961, 5182.458745833041], "k_pid_alt": [10000.0, 3035.0318125978374, 9404.93201089607], "k_pid_att": [6325.002650993344, 0.0, 0.0], "k_pid_yaw": [0.5, 1e-06, 0.1], "k_pid_hsp": [5209.4303214761785, 4098.140836013498, 0.0], "k_pid_vsp": [5590.246557545337, 10000.0, 3355.9364148327413]}, "datetime": {"datetime": "2025-08-09 06:57:59", "elapsed": 50911.06153154373, "delta": 49.44060969352722}, "costs": {"total_cost": 1461.871941492364, "time_cost": 150, "final_distance_cost": 61.77357027810553, "oscillation_cost": 248.34023460669684, "completition_cost": 888.8888888888888, "overshoot_cost": 42.282491906742635, "power_cost": 41.73591198730469, "noise_cost": 28.850843824625265, "n_waypoints_completed": 1, "tot_waypoints": 9}}
{"target": -1465.5844259076055, "params": {"k_pid_pos": [3943.3251977145487, 2946.6226660761045, 4522.7048401113225], "k_pid_alt": [4616.440114240775, 4026.889146252441, 5093.748990424954], "k_pid_att": [6344.974231109715, 5457.401331092546, 0.0], "k_pid_yaw": [0.5, 1e-06, 0.1], "k_pid_hsp": [5210.43246171457, 5336.289066179283, 2735.366751598913], "k_pid_vsp": [5313.5219061937305, 6022.253960706885, 7074.464673191825]}, "datetime": {"datetime": "2025-08-09 06:58:48", "elapsed": 50960.142881155014, "delta": 49.08134961128235}, "costs": {"total_cost": 1465.5844259076055, "time_cost": 150, "final_distance_cost": 80.21991714664316, "oscillation_cost": 215.86325436555364, "completition_cost": 888.8888888888888, "overshoot_cost": 61.0814227427711, "power_cost": 40.73078959960938, "noise_cost": 28.800153164139356, "n_waypoints_completed": 1, "tot_waypoints": 9}}
{"target": -11864.109517396457, "params": {"k_pid_pos": [7674.964763994072, 2477.3777095824257, 3284.4914993611897], "k_pid_alt": [1308.3756241036092, 6850.998952656093, 60.3168728238479], "k_pid_att": [4025.9952754804926, 9057.478330267899, 6534.250911507935], "k_pid_yaw": [0.5, 1e-06, 0.1], "k_pid_hsp": [3741.1315316278315, 2359.857955049969, 816.7279034655361], "k_pid_vsp": [1260.9356162855822, 4309.383632115355, 4603.346376952063]}, "datetime": {"datetime": "2025-08-09 06:59:22", "elapsed": 50993.8733124733, "delta": 33.73043131828308}, "costs": {"total_cost": 11864.109517396457, "time_cost": 150, "final_distance_cost": 2586.8175857222736, "oscillation_cost": 1360.6538023788573, "completition_cost": 1000.0, "overshoot_cost": 6594.621437725224, "power_cost": 54.93121062011719, "noise_cost": 117.08548094998295, "n_waypoints_completed": 0, "tot_waypoints": 9}}
{"target": -1559.4511661008696, "params": {"k_pid_pos": [2608.464060337133, 8419.442716999845, 1052.0893651212461], "k_pid_alt": [10000.0, 9930.515512858723, 0.0], "k_pid_att": [10000.0, 5663.125963738215, 0.0], "k_pid_yaw": [0.5, 1e-06, 0.1], "k_pid_hsp": [325.7582961729144, 0.0, 0.0], "k_pid_vsp": [472.5913099775138, 3912.583120688637, 7133.808350668131]}, "datetime": {"datetime": "2025-08-09 07:00:11", "elapsed": 51042.6098549366, "delta": 48.73654246330261}, "costs": {"total_cost": 1559.4511661008696, "time_cost": 150, "final_distance_cost": 39.201469900589544, "oscillation_cost": 206.4608134284487, "completition_cost": 1000.0, "overshoot_cost": 90.49665679601628, "power_cost": 43.129911376953125, "noise_cost": 30.16231459886209, "n_waypoints_completed": 0, "tot_waypoints": 9}}
{"target": -1173.171904351959, "params": {"k_pid_pos": [1635.8529954947314, 10000.0, 10000.0], "k_pid_alt": [10000.0, 0.0, 4714.41596086803], "k_pid_att": [10000.0, 7887.233067275348, 0.0], "k_pid_yaw": [0.5, 1e-06, 0.1], "k_pid_hsp": [10000.0, 10000.0, 5487.315350686548], "k_pid_vsp": [10000.0, 0.0, 10000.0]}, "datetime": {"datetime": "2025-08-09 07:00:57", "elapsed": 51088.69722819328, "delta": 46.08737325668335}, "costs": {"total_cost": 1173.171904351959, "time_cost": 150, "final_distance_cost": 35.67784512202923, "oscillation_cost": 292.7882334721373, "completition_cost": 555.5555555555555, "overshoot_cost": 70.88680989021384, "power_cost": 39.72939918212891, "noise_cost": 28.534061129894106, "n_waypoints_completed": 4, "tot_waypoints": 9}}
{"target": -8432.692908988214, "params": {"k_pid_pos": [9115.17312488628, 6616.07427698636, 4138.973291670733], "k_pid_alt": [9366.7439630515, 6125.600801797226, 1371.29345187456], "k_pid_att": [2023.5398923879288, 6519.8294307948645, 6317.8026272664965], "k_pid_yaw": [0.5, 1e-06, 0.1], "k_pid_hsp": [1387.2290961723431, 2849.9369889745576, 1611.7121613124684], "k_pid_vsp": [4958.245451460363, 367.7146008863286, 7216.9023464025095]}, "datetime": {"datetime": "2025-08-09 07:01:31", "elapsed": 51122.53436756134, "delta": 33.83713936805725}, "costs": {"total_cost": 8432.692908988214, "time_cost": 150, "final_distance_cost": 1387.8616847983485, "oscillation_cost": 1555.4584753714062, "completition_cost": 1000.0, "overshoot_cost": 4154.416392615444, "power_cost": 57.180955676269534, "noise_cost": 127.77540052674635, "n_waypoints_completed": 0, "tot_waypoints": 9}}
{"target": -5262.127855844658, "params": {"k_pid_pos": [5504.865789451516, 6968.801965183033, 8789.249161633757], "k_pid_alt": [2633.9061864062496, 6572.232775224116, 7405.476108976616], "k_pid_att": [3704.1426577099924, 4849.991846069804, 8640.950921582382], "k_pid_yaw": [0.5, 1e-06, 0.1], "k_pid_hsp": [8009.44477263532, 1155.788588344938, 4633.743273701033], "k_pid_vsp": [9792.28411742478, 6953.0199375172215, 7177.456542915771]}, "datetime": {"datetime": "2025-08-09 07:02:05", "elapsed": 51156.88639998436, "delta": 34.35203242301941}, "costs": {"total_cost": 5262.127855844658, "time_cost": 150, "final_distance_cost": 951.4514506490419, "oscillation_cost": 808.6405302485102, "completition_cost": 1000.0, "overshoot_cost": 2167.6303115254887, "power_cost": 58.594726293945314, "noise_cost": 125.81083712767249, "n_waypoints_completed": 0, "tot_waypoints": 9}}
{"target": -1685.7286271986866, "params": {"k_pid_pos": [4922.904083235226, 10000.0, 6247.938725376681], "k_pid_alt": [5058.976280842915, 7031.0985509992815, 0.0], "k_pid_att": [6496.7883544176875, 7132.1951725436065, 0.0], "k_pid_yaw": [0.5, 1e-06, 0.1], "k_pid_hsp": [10000.0, 6058.488257530501, 5298.9912792408695], "k_pid_vsp": [3324.2232007838443, 0.0, 3175.841473350297]}, "datetime": {"datetime": "2025-08-09 07:02:54", "elapsed": 51205.749693870544, "delta": 48.86329388618469}, "costs": {"total_cost": 1685.7286271986866, "time_cost": 150, "final_distance_cost": 66.90911176801433, "oscillation_cost": 320.7662793507193, "completition_cost": 1000.0, "overshoot_cost": 79.04623786592661, "power_cost": 40.23687568359375, "noise_cost": 28.770122530432776, "n_waypoints_completed": 0, "tot_waypoints": 9}}
{"target": -2128.6411766534975, "params": {"k_pid_pos": [9745.519488530212, 0.0, 9421.0341271894], "k_pid_alt": [2417.8987044128944, 3138.3725818202306, 0.0], "k_pid_att": [8996.762696799557, 8892.025682428433, 0.0], "k_pid_yaw": [0.5, 1e-06, 0.1], "k_pid_hsp": [3429.37772434521, 10000.0, 7172.241864632668], "k_pid_vsp": [4765.031090790904, 10000.0, 5868.471777274216]}, "datetime": {"datetime": "2025-08-09 07:03:44", "elapsed": 51255.735614061356, "delta": 49.98592019081116}, "costs": {"total_cost": 2128.6411766534975, "time_cost": 150, "final_distance_cost": 37.86643787266687, "oscillation_cost": 878.5756762180348, "completition_cost": 888.8888888888888, "overshoot_cost": 108.89657726446823, "power_cost": 36.33890827636719, "noise_cost": 28.07468813307162, "n_waypoints_completed": 1, "tot_waypoints": 9}}
{"target": -18001.522483178815, "params": {"k_pid_pos": [1867.1596413503332, 2090.9245249442997, 1399.4303726264322], "k_pid_alt": [543.0285708232352, 429.33176107680436, 1485.657490614728], "k_pid_att": [217.78987674406557, 7272.884701730823, 3712.89742458917], "k_pid_yaw": [0.5, 1e-06, 0.1], "k_pid_hsp": [554.505819074973, 4580.853758674071, 7932.085224777973], "k_pid_vsp": [3606.5896828119835, 1556.9076917569114, 2802.6446938120707]}, "datetime": {"datetime": "2025-08-09 07:04:17", "elapsed": 51289.303871154785, "delta": 33.568257093429565}, "costs": {"total_cost": 18001.522483178815, "time_cost": 150, "final_distance_cost": 5637.829301887455, "oscillation_cost": 1725.024282787422, "completition_cost": 1000.0, "overshoot_cost": 9286.07056326164, "power_cost": 58.65931203613282, "noise_cost": 143.93902320616525, "n_waypoints_completed": 0, "tot_waypoints": 9}}
{"target": -5931.368787883213, "params": {"k_pid_pos": [1598.6302459543067, 8015.713276268005, 9056.06263617985], "k_pid_alt": [9762.723308947474, 7865.573275390895, 751.1488731837279], "k_pid_att": [5516.193497491726, 736.6614053143783, 6057.772866170781], "k_pid_yaw": [0.5, 1e-06, 0.1], "k_pid_hsp": [5444.775340793652, 7562.8739284580515, 2606.2670108776897], "k_pid_vsp": [6697.904067053353, 1677.6877294169178, 246.49604925237045]}, "datetime": {"datetime": "2025-08-09 07:04:50", "elapsed": 51322.16930150986, "delta": 32.86543035507202}, "costs": {"total_cost": 5931.368787883213, "time_cost": 150, "final_distance_cost": 1176.3899174822873, "oscillation_cost": 783.8290432115718, "completition_cost": 1000.0, "overshoot_cost": 2629.4343773138967, "power_cost": 58.65688786621094, "noise_cost": 133.05856200924623, "n_waypoints_completed": 0, "tot_waypoints": 9}}
{"target": -5635.365141827498, "params": {"k_pid_pos": [2992.427688758289, 7428.6460520028, 5768.2587020240535], "k_pid_alt": [2190.0785537355337, 7626.660042484842, 610.8859267734068], "k_pid_att": [5853.249285203661, 7964.77954956564, 5666.159701554807], "k_pid_yaw": [0.5, 1e-06, 0.1], "k_pid_hsp": [4673.695442789595, 6367.939108588208, 6672.696736160754], "k_pid_vsp": [314.96667657200163, 976.7835726512219, 2938.360740641465]}, "datetime": {"datetime": "2025-08-09 07:05:24", "elapsed": 51356.167577028275, "delta": 33.99827551841736}, "costs": {"total_cost": 5635.365141827498, "time_cost": 150, "final_distance_cost": 1155.0595161944082, "oscillation_cost": 730.9074382409759, "completition_cost": 1000.0, "overshoot_cost": 2416.405922255306, "power_cost": 55.66861892089844, "noise_cost": 127.32364621590975, "n_waypoints_completed": 0, "tot_waypoints": 9}}
{"target": -3299.6924839184107, "params": {"k_pid_pos": [6006.0794527947655, 9951.141946655558, 7962.750219092402], "k_pid_alt": [5621.999740137604, 8755.091677653214, 7053.62843660514], "k_pid_att": [4900.5772003721895, 4106.090935679102, 2450.644015442479], "k_pid_yaw": [0.5, 1e-06, 0.1], "k_pid_hsp": [1988.667313278909, 1124.6095526421561, 8288.72249099537], "k_pid_vsp": [4126.409804840497, 9984.880690000613, 838.407582378029]}, "datetime": {"datetime": "2025-08-09 07:05:58", "elapsed": 51389.7990937233, "delta": 33.63151669502258}, "costs": {"total_cost": 3299.6924839184107, "time_cost": 150, "final_distance_cost": 537.8560029298131, "oscillation_cost": 563.9887336747194, "completition_cost": 1000.0, "overshoot_cost": 911.7315090114462, "power_cost": 56.391390063476564, "noise_cost": 79.7248482389553, "n_waypoints_completed": 0, "tot_waypoints": 9}}
{"target": -33139.9021159375, "params": {"k_pid_pos": [6646.939844890419, 4533.235601424822, 3303.7786700403317], "k_pid_alt": [2898.2324583280274, 7047.559884301709, 5049.524766816631], "k_pid_att": [3207.2409428453584, 5210.257132598203, 3989.995907289152], "k_pid_yaw": [0.5, 1e-06, 0.1], "k_pid_hsp": [3031.1349334075244, 6452.512099183425, 1385.989822682029], "k_pid_vsp": [6942.389417882312, 6686.452027514417, 5616.260613744608]}, "datetime": {"datetime": "2025-08-09 07:06:36", "elapsed": 51428.22493457794, "delta": 38.425840854644775}, "costs": {"total_cost": 33139.9021159375, "time_cost": 150, "final_distance_cost": 9036.046824520074, "oscillation_cost": 1699.618061212904, "completition_cost": 1000.0, "overshoot_cost": 21051.561586752385, "power_cost": 58.65588474121094, "noise_cost": 144.01975871092566, "n_waypoints_completed": 0, "tot_waypoints": 9}}
