{"target": -1622.22828878867, "params": {"k_pid_pos": [9265.464267618085, 3891.8063028465062, 6733.025592182311], "k_pid_alt": [8150.916289831706, 10000.0, 3346.472683143872], "k_pid_att": [10000.0, 5684.707601529453, 0.0], "k_pid_yaw": [0.5, 1e-06, 0.1], "k_pid_hsp": [7085.7780394773645, 0.0, 0.0], "k_pid_vsp": [3050.6685698910374, 3890.5346661121785, 0.0]}, "datetime": {"datetime": "2025-08-09 12:03:11", "elapsed": 69223.18155646324, "delta": 63.54942536354065}, "costs": {"total_cost": 1622.22828878867, "time_cost": 150, "final_distance_cost": 60.87425630805158, "oscillation_cost": 704.2185368407213, "completition_cost": 555.5555555555555, "overshoot_cost": 83.68231400402625, "power_cost": 37.54967817382813, "noise_cost": 30.347947906487217, "n_waypoints_completed": 4, "tot_waypoints": 9}}
{"target": -1553.1557296426608, "params": {"k_pid_pos": [10000.0, 10000.0, 4330.658490432751], "k_pid_alt": [7355.912245264429, 3225.8274562465235, 1605.9548737191642], "k_pid_att": [4913.855822461664, 3117.14494075591, 0.0], "k_pid_yaw": [0.5, 1e-06, 0.1], "k_pid_hsp": [7736.340184554114, 10000.0, 8319.436087611644], "k_pid_vsp": [3305.861001901514, 5288.422113579802, 10000.0]}, "datetime": {"datetime": "2025-08-09 12:04:08", "elapsed": 69280.4796321392, "delta": 57.298075675964355}, "costs": {"total_cost": 1553.1557296426608, "time_cost": 150, "final_distance_cost": 71.93333533014287, "oscillation_cost": 280.38319933121295, "completition_cost": 888.8888888888888, "overshoot_cost": 92.67886791816997, "power_cost": 40.11078220214844, "noise_cost": 29.160655972097874, "n_waypoints_completed": 1, "tot_waypoints": 9}}
{"target": -5731.506856506113, "params": {"k_pid_pos": [4746.600166270563, 2841.857698380903, 9581.327178529127], "k_pid_alt": [6662.743151506211, 6587.6027600934285, 4685.407983823055], "k_pid_att": [7210.042588784137, 1456.2376202654225, 6932.962320711099], "k_pid_yaw": [0.5, 1e-06, 0.1], "k_pid_hsp": [6678.410610999448, 3386.64189268027, 9570.825257258226], "k_pid_vsp": [8195.351809376374, 7833.246260193612, 4266.3550644184415]}, "datetime": {"datetime": "2025-08-09 12:04:43", "elapsed": 69315.29531598091, "delta": 34.81568384170532}, "costs": {"total_cost": 5731.506856506113, "time_cost": 150, "final_distance_cost": 914.9545784729249, "oscillation_cost": 778.1292173001935, "completition_cost": 1000.0, "overshoot_cost": 2690.9226590550597, "power_cost": 58.587416088867194, "noise_cost": 138.91298558906794, "n_waypoints_completed": 0, "tot_waypoints": 9}}
{"target": -1648.35200519596, "params": {"k_pid_pos": [5659.63565551882, 10000.0, 5114.849619481714], "k_pid_alt": [4855.088559092748, 0.0, 3886.525299660876], "k_pid_att": [5661.0437729707455, 6338.272733154563, 0.0], "k_pid_yaw": [0.5, 1e-06, 0.1], "k_pid_hsp": [4914.995773365222, 4863.9257386240715, 6216.903456679296], "k_pid_vsp": [2923.495778914658, 7357.133965209729, 10000.0]}, "datetime": {"datetime": "2025-08-09 12:05:44", "elapsed": 69376.29218530655, "delta": 60.99686932563782}, "costs": {"total_cost": 1648.35200519596, "time_cost": 150, "final_distance_cost": 60.6859426702419, "oscillation_cost": 563.8763822298606, "completition_cost": 666.6666666666667, "overshoot_cost": 141.17460747906514, "power_cost": 37.446260083007815, "noise_cost": 28.502146067117703, "n_waypoints_completed": 3, "tot_waypoints": 9}}
{"target": -1565.1729371625381, "params": {"k_pid_pos": [8886.749987579526, 4928.3888168139765, 2367.8115177130317], "k_pid_alt": [10000.0, 4729.463107952438, 0.0], "k_pid_att": [8203.91544671529, 2658.47622541454, 0.0], "k_pid_yaw": [0.5, 1e-06, 0.1], "k_pid_hsp": [7558.220483359541, 4804.306536466962, 0.0], "k_pid_vsp": [1413.0288863895241, 10000.0, 4492.733761570211]}, "datetime": {"datetime": "2025-08-09 12:06:44", "elapsed": 69435.76771712303, "delta": 59.475531816482544}, "costs": {"total_cost": 1565.1729371625381, "time_cost": 150, "final_distance_cost": 55.726409531111166, "oscillation_cost": 239.2500562508107, "completition_cost": 1000.0, "overshoot_cost": 47.40119407359971, "power_cost": 43.42346368408203, "noise_cost": 29.371813622934432, "n_waypoints_completed": 0, "tot_waypoints": 9}}
{"target": -11273.660962751715, "params": {"k_pid_pos": [7465.899332548676, 2206.6511376219255, 101.34927579210972], "k_pid_alt": [9309.578758895319, 5927.283323284883, 9617.35328316912], "k_pid_att": [439.53095458340584, 1748.3498280689157, 8638.429254477094], "k_pid_yaw": [0.5, 1e-06, 0.1], "k_pid_hsp": [7449.320884956446, 6485.095311574446, 1699.7262775666766], "k_pid_vsp": [3226.31758530512, 938.4243679952409, 8812.382401825746]}, "datetime": {"datetime": "2025-08-09 12:07:19", "elapsed": 69471.17416214943, "delta": 35.406445026397705}, "costs": {"total_cost": 11273.660962751715, "time_cost": 150, "final_distance_cost": 3250.14287261814, "oscillation_cost": 141.935231276033, "completition_cost": 1000.0, "overshoot_cost": 6659.416650260223, "power_cost": 43.24964766845704, "noise_cost": 28.916560928862907, "n_waypoints_completed": 0, "tot_waypoints": 9}}
{"target": -1459.470357703769, "params": {"k_pid_pos": [3470.446052814526, 0.0, 3013.2264662402717], "k_pid_alt": [2939.9014488537964, 3950.35536190395, 3141.6338381961395], "k_pid_att": [6765.3679002124445, 3604.9549153403477, 0.0], "k_pid_yaw": [0.5, 1e-06, 0.1], "k_pid_hsp": [0.0, 10000.0, 0.0], "k_pid_vsp": [2038.760410145392, 10000.0, 10000.0]}, "datetime": {"datetime": "2025-08-09 12:08:20", "elapsed": 69531.57346963882, "delta": 60.39930748939514}, "costs": {"total_cost": 1459.470357703769, "time_cost": 150, "final_distance_cost": 58.465383030013086, "oscillation_cost": 179.53415836555922, "completition_cost": 888.8888888888888, "overshoot_cost": 106.68369958817276, "power_cost": 45.80036760253906, "noise_cost": 30.09786022859601, "n_waypoints_completed": 1, "tot_waypoints": 9}}
{"target": -1887.795289744802, "params": {"k_pid_pos": [3250.6595055013736, 3945.2369208562486, 0.0], "k_pid_alt": [0.0, 10000.0, 5312.215577613872], "k_pid_att": [6346.280259961819, 3524.1432661994027, 0.0], "k_pid_yaw": [0.5, 1e-06, 0.1], "k_pid_hsp": [5653.213642801526, 10000.0, 2734.7782893151466], "k_pid_vsp": [722.7996081870094, 0.0, 3727.016094278719]}, "datetime": {"datetime": "2025-08-09 12:09:17", "elapsed": 69588.84560203552, "delta": 57.272132396698}, "costs": {"total_cost": 1887.795289744802, "time_cost": 150, "final_distance_cost": 152.67681296374525, "oscillation_cost": 228.17505975516679, "completition_cost": 1000.0, "overshoot_cost": 285.49687620486895, "power_cost": 41.397661926269535, "noise_cost": 30.0488788947515, "n_waypoints_completed": 0, "tot_waypoints": 9}}
{"target": -1670.019200417308, "params": {"k_pid_pos": [4900.29088013642, 4653.374702126827, 4187.99922480188], "k_pid_alt": [0.0, 1818.624588015834, 5046.8982026782105], "k_pid_att": [6166.085559004405, 6536.0196745020485, 0.0], "k_pid_yaw": [0.5, 1e-06, 0.1], "k_pid_hsp": [10000.0, 0.0, 4365.916531188787], "k_pid_vsp": [10000.0, 2598.5161010565857, 10000.0]}, "datetime": {"datetime": "2025-08-09 12:10:13", "elapsed": 69644.79063820839, "delta": 55.94503617286682}, "costs": {"total_cost": 1670.019200417308, "time_cost": 150, "final_distance_cost": 75.25075768507838, "oscillation_cost": 412.2803365397754, "completition_cost": 888.8888888888888, "overshoot_cost": 76.91161741410438, "power_cost": 38.28158234863282, "noise_cost": 28.406017540828422, "n_waypoints_completed": 1, "tot_waypoints": 9}}
{"target": -1431.7247784250444, "params": {"k_pid_pos": [10000.0, 3641.4924748501617, 0.0], "k_pid_alt": [605.3713562459762, 10000.0, 10000.0], "k_pid_att": [8375.167445220863, 5987.097319276478, 0.0], "k_pid_yaw": [0.5, 1e-06, 0.1], "k_pid_hsp": [6425.9524761076755, 4841.6902496985995, 4093.596988502996], "k_pid_vsp": [8979.488879403347, 1019.7444466514713, 6901.336364078628]}, "datetime": {"datetime": "2025-08-09 12:11:11", "elapsed": 69703.10248398781, "delta": 58.311845779418945}, "costs": {"total_cost": 1431.7247784250444, "time_cost": 150, "final_distance_cost": 101.50363233733682, "oscillation_cost": 255.29779561892556, "completition_cost": 777.7777777777778, "overshoot_cost": 77.09138797103263, "power_cost": 41.20458801269532, "noise_cost": 28.84959670727642, "n_waypoints_completed": 2, "tot_waypoints": 9}}
{"target": -893.4054805397935, "params": {"k_pid_pos": [10000.0, 3679.662219950569, 876.5354088981194], "k_pid_alt": [10000.0, 0.0, 4562.977581228573], "k_pid_att": [7489.52819453563, 2965.5902963836293, 0.0], "k_pid_yaw": [0.5, 1e-06, 0.1], "k_pid_hsp": [10000.0, 8866.437462450573, 10000.0], "k_pid_vsp": [7327.158915838133, 6745.044298522403, 0.0]}, "datetime": {"datetime": "2025-08-09 12:12:08", "elapsed": 69760.51290893555, "delta": 57.41042494773865}, "costs": {"total_cost": 893.4054805397935, "time_cost": 150, "final_distance_cost": 88.96399732610105, "oscillation_cost": 277.34889517516166, "completition_cost": 222.2222222222222, "overshoot_cost": 86.43866572284239, "power_cost": 39.89198973388672, "noise_cost": 28.53971035957953, "n_waypoints_completed": 7, "tot_waypoints": 9}}
{"target": -1795.7770181315839, "params": {"k_pid_pos": [8408.26518930258, 7258.083254189741, 6293.6325868174235], "k_pid_alt": [8145.0111639888655, 7822.85464587468, 9515.521042486609], "k_pid_att": [1480.5636431063597, 6632.977592060034, 241.4334120910666], "k_pid_yaw": [0.5, 1e-06, 0.1], "k_pid_hsp": [5508.917760263894, 5328.324588547053, 851.6117594586925], "k_pid_vsp": [741.0819614946407, 810.4917209202899, 669.1807200200894]}, "datetime": {"datetime": "2025-08-09 12:12:44", "elapsed": 69796.13764810562, "delta": 35.62473917007446}, "costs": {"total_cost": 1795.7770181315839, "time_cost": 150, "final_distance_cost": 29.74897864161665, "oscillation_cost": 472.9297834194506, "completition_cost": 1000.0, "overshoot_cost": 66.3627122676695, "power_cost": 46.7282193725586, "noise_cost": 30.007324430288655, "n_waypoints_completed": 0, "tot_waypoints": 9}}
{"target": -2799.9497322991624, "params": {"k_pid_pos": [8745.61653832489, 1082.7582883860018, 4923.052673822526], "k_pid_alt": [5289.116312230101, 8787.577687248317, 0.0], "k_pid_att": [10000.0, 7381.483943767817, 5070.984118390284], "k_pid_yaw": [0.5, 1e-06, 0.1], "k_pid_hsp": [0.0, 6712.868627904153, 0.0], "k_pid_vsp": [2055.328854302253, 10000.0, 10000.0]}, "datetime": {"datetime": "2025-08-09 12:13:44", "elapsed": 69855.88480877876, "delta": 59.74716067314148}, "costs": {"total_cost": 2799.9497322991624, "time_cost": 150, "final_distance_cost": 439.45643628794977, "oscillation_cost": 421.1591154020983, "completition_cost": 1000.0, "overshoot_cost": 655.04439258488, "power_cost": 50.71381531982422, "noise_cost": 83.57597270440989, "n_waypoints_completed": 0, "tot_waypoints": 9}}
{"target": -15475.767628568934, "params": {"k_pid_pos": [5955.375401108771, 7063.327578714641, 5130.161836933113], "k_pid_alt": [6313.47983969708, 9221.585503775032, 4666.788984116864], "k_pid_att": [381.36586040832145, 1504.8473552023145, 2580.3150834811595], "k_pid_yaw": [0.5, 1e-06, 0.1], "k_pid_hsp": [2960.0016358781454, 1291.0107767618783, 538.8398622361101], "k_pid_vsp": [7930.756436804951, 9783.333599818297, 5472.883172567582]}, "datetime": {"datetime": "2025-08-09 12:14:19", "elapsed": 69890.83640527725, "delta": 34.95159649848938}, "costs": {"total_cost": 15475.767628568934, "time_cost": 150, "final_distance_cost": 4947.0688587466, "oscillation_cost": 790.6199316728835, "completition_cost": 1000.0, "overshoot_cost": 8388.668191199737, "power_cost": 58.65953344726563, "noise_cost": 140.7511135024463, "n_waypoints_completed": 0, "tot_waypoints": 9}}
{"target": -2728.0359341857984, "params": {"k_pid_pos": [4471.356537135863, 6781.739107276183, 10000.0], "k_pid_alt": [10000.0, 4792.166371452558, 10000.0], "k_pid_att": [6883.240313763003, 6630.8731776745835, 0.0], "k_pid_yaw": [0.5, 1e-06, 0.1], "k_pid_hsp": [10000.0, 0.0, 8440.149980809229], "k_pid_vsp": [1276.2835420054575, 4209.184778151851, 10000.0]}, "datetime": {"datetime": "2025-08-09 12:15:19", "elapsed": 69950.73929166794, "delta": 59.902886390686035}, "costs": {"total_cost": 2728.0359341857984, "time_cost": 150, "final_distance_cost": 209.6621656496192, "oscillation_cost": 854.7992465398294, "completition_cost": 1000.0, "overshoot_cost": 447.6186589084794, "power_cost": 37.248560412597655, "noise_cost": 28.707302675272818, "n_waypoints_completed": 0, "tot_waypoints": 9}}
{"target": -3415.652669449057, "params": {"k_pid_pos": [2999.6885735749233, 6647.48653345973, 2239.6231457712124], "k_pid_alt": [1376.8920952182607, 2061.7385711370207, 6324.612383054056], "k_pid_att": [9012.133182986683, 9259.65315904673, 4810.310765414323], "k_pid_yaw": [0.5, 1e-06, 0.1], "k_pid_hsp": [6748.029904420399, 6043.878666128594, 6045.1849075060645], "k_pid_vsp": [1649.5641958042452, 7601.343460654596, 3151.3303163451233]}, "datetime": {"datetime": "2025-08-09 12:15:54", "elapsed": 69986.2709877491, "delta": 35.5316960811615}, "costs": {"total_cost": 3415.652669449057, "time_cost": 150, "final_distance_cost": 513.6834956997391, "oscillation_cost": 590.2580150561184, "completition_cost": 1000.0, "overshoot_cost": 986.9848680449577, "power_cost": 58.48542872314454, "noise_cost": 116.24086192509728, "n_waypoints_completed": 0, "tot_waypoints": 9}}
{"target": -11944.974847707417, "params": {"k_pid_pos": [1491.3906684054978, 3700.275694977144, 8613.421834977833], "k_pid_alt": [8420.007554869626, 3834.8713386361455, 2791.067009757724], "k_pid_att": [4483.766081806574, 2187.148948289912, 7984.118176559588], "k_pid_yaw": [0.5, 1e-06, 0.1], "k_pid_hsp": [7341.46622723754, 1998.1650433410737, 9080.954975828314], "k_pid_vsp": [9048.944341278142, 7813.595991378994, 2036.626121775421]}, "datetime": {"datetime": "2025-08-09 12:16:29", "elapsed": 70021.46926999092, "delta": 35.19828224182129}, "costs": {"total_cost": 11944.974847707417, "time_cost": 150, "final_distance_cost": 2829.919484736319, "oscillation_cost": 799.891708366093, "completition_cost": 1000.0, "overshoot_cost": 6974.811042735004, "power_cost": 58.58767749023438, "noise_cost": 131.76493437976688, "n_waypoints_completed": 0, "tot_waypoints": 9}}
{"target": -1545.2508356333894, "params": {"k_pid_pos": [2747.9814733701146, 4043.9014494608205, 6397.5970214127865], "k_pid_alt": [6093.578739992077, 6253.779728820107, 9837.154333654053], "k_pid_att": [7684.52657488385, 6554.8858209873915, 711.1928639211474], "k_pid_yaw": [0.5, 1e-06, 0.1], "k_pid_hsp": [2394.9208854106196, 1227.7937728348843, 1611.6933876347339], "k_pid_vsp": [6900.777119167242, 8654.380888774826, 1629.4346387065805]}, "datetime": {"datetime": "2025-08-09 12:17:04", "elapsed": 70056.16041302681, "delta": 34.69114303588867}, "costs": {"total_cost": 1545.2508356333894, "time_cost": 150, "final_distance_cost": 71.12221263861899, "oscillation_cost": 143.8024355029703, "completition_cost": 1000.0, "overshoot_cost": 116.01619574934321, "power_cost": 36.428662524414065, "noise_cost": 27.881329218042673, "n_waypoints_completed": 0, "tot_waypoints": 9}}
{"target": -2178.7339545122686, "params": {"k_pid_pos": [2113.678917628449, 421.7379317520873, 2299.8577054869615], "k_pid_alt": [8289.103000600217, 6577.496149854441, 10000.0], "k_pid_att": [8394.301999594974, 8633.268385081243, 0.0], "k_pid_yaw": [0.5, 1e-06, 0.1], "k_pid_hsp": [6204.193127521341, 0.0, 6818.090270547916], "k_pid_vsp": [9393.331391504295, 9073.702443232658, 1337.678633213668]}, "datetime": {"datetime": "2025-08-09 12:18:02", "elapsed": 70114.00400686264, "delta": 57.84359383583069}, "costs": {"total_cost": 2178.7339545122686, "time_cost": 150, "final_distance_cost": 58.43734138035725, "oscillation_cost": 914.567309375215, "completition_cost": 888.8888888888888, "overshoot_cost": 102.6199537126836, "power_cost": 36.348231640625, "noise_cost": 27.872229514499125, "n_waypoints_completed": 1, "tot_waypoints": 9}}
{"target": -4432.68872272247, "params": {"k_pid_pos": [2363.8195853444786, 6854.173094897509, 2535.0063564960924], "k_pid_alt": [7783.882996552611, 5609.204472918847, 244.14401393674234], "k_pid_att": [9688.68300053892, 7348.289898435325, 7634.486239267662], "k_pid_yaw": [0.5, 1e-06, 0.1], "k_pid_hsp": [2001.9049399583555, 9764.085740530561, 9609.44111604683], "k_pid_vsp": [9647.246501875892, 7760.628043797186, 9666.766979129061]}, "datetime": {"datetime": "2025-08-09 12:18:39", "elapsed": 70150.6346809864, "delta": 36.63067412376404}, "costs": {"total_cost": 4432.68872272247, "time_cost": 150, "final_distance_cost": 540.2940853007259, "oscillation_cost": 420.6233460599223, "completition_cost": 1000.0, "overshoot_cost": 2187.2121742220224, "power_cost": 49.116909960937505, "noise_cost": 85.4422071788616, "n_waypoints_completed": 0, "tot_waypoints": 9}}
{"target": -1630.196040033878, "params": {"k_pid_pos": [348.6036825942873, 5336.4642631583765, 5274.742117711304], "k_pid_alt": [857.0599752688901, 1702.6696454716794, 2159.820710452337], "k_pid_att": [7330.03774754833, 4444.804969466935, 1418.292786104235], "k_pid_yaw": [0.5, 1e-06, 0.1], "k_pid_hsp": [792.176952139314, 7700.177039116559, 2733.4280673488765], "k_pid_vsp": [4625.625950524638, 4122.303185616265, 3702.9240175854893]}, "datetime": {"datetime": "2025-08-09 12:19:15", "elapsed": 70186.7841732502, "delta": 36.149492263793945}, "costs": {"total_cost": 1630.196040033878, "time_cost": 150, "final_distance_cost": 129.1969889581478, "oscillation_cost": 84.51030512853957, "completition_cost": 1000.0, "overshoot_cost": 200.73129951611799, "power_cost": 36.65714930419922, "noise_cost": 29.10029712687341, "n_waypoints_completed": 0, "tot_waypoints": 9}}
{"target": -7539.786070795635, "params": {"k_pid_pos": [667.8546444210469, 5455.8836849954105, 3238.5707235934647], "k_pid_alt": [4131.760914552001, 10000.0, 10000.0], "k_pid_att": [3376.352289847673, 6210.162305012795, 0.0], "k_pid_yaw": [0.5, 1e-06, 0.1], "k_pid_hsp": [1329.2807790617635, 9608.759700944222, 6198.329292602489], "k_pid_vsp": [0.0, 0.0, 4522.815101635122]}, "datetime": {"datetime": "2025-08-09 12:20:14", "elapsed": 70246.37732625008, "delta": 59.59315299987793}, "costs": {"total_cost": 7539.786070795635, "time_cost": 150, "final_distance_cost": 1947.0993442580548, "oscillation_cost": 730.9820676376321, "completition_cost": 1000.0, "overshoot_cost": 3637.327461057166, "power_cost": 44.524756677246096, "noise_cost": 29.85244116553614, "n_waypoints_completed": 0, "tot_waypoints": 9}}
{"target": -1492.7599631961352, "params": {"k_pid_pos": [6828.90606110134, 7815.203743576304, 10000.0], "k_pid_alt": [10000.0, 9249.17214588233, 9294.363567129998], "k_pid_att": [5457.878756804207, 5822.536524939039, 0.0], "k_pid_yaw": [0.5, 1e-06, 0.1], "k_pid_hsp": [5198.913866505637, 2660.4161099975836, 1557.7663476337066], "k_pid_vsp": [0.0, 1582.6288726636103, 0.0]}, "datetime": {"datetime": "2025-08-09 12:21:20", "elapsed": 70312.479865551, "delta": 66.10253930091858}, "costs": {"total_cost": 1492.7599631961352, "time_cost": 150, "final_distance_cost": 59.70262137945371, "oscillation_cost": 157.7211968078618, "completition_cost": 1000.0, "overshoot_cost": 54.24776103950564, "power_cost": 42.24191942138672, "noise_cost": 28.84646454792744, "n_waypoints_completed": 0, "tot_waypoints": 9}}
{"target": -10915.325029190917, "params": {"k_pid_pos": [2174.772250028557, 7897.172563038462, 5374.798846370539], "k_pid_alt": [1871.630149612189, 6145.339871551435, 6409.624514462005], "k_pid_att": [8894.93596941169, 2609.8299104591947, 5540.834090276151], "k_pid_yaw": [0.5, 1e-06, 0.1], "k_pid_hsp": [434.76023528051354, 1034.5349376727763, 1194.0120471352311], "k_pid_vsp": [6811.14082460088, 8785.77952815957, 6463.220683589543]}, "datetime": {"datetime": "2025-08-09 12:21:55", "elapsed": 70347.31700730324, "delta": 34.83714175224304}, "costs": {"total_cost": 10915.325029190917, "time_cost": 150, "final_distance_cost": 2121.777079614065, "oscillation_cost": 665.8838975928215, "completition_cost": 1000.0, "overshoot_cost": 6781.651458130833, "power_cost": 58.58092410888672, "noise_cost": 137.43166974431253, "n_waypoints_completed": 0, "tot_waypoints": 9}}
{"target": -3128.1166821514, "params": {"k_pid_pos": [3987.8377043263026, 9310.944447997941, 6372.43209873701], "k_pid_alt": [3048.4452630419323, 9051.018818295463, 1179.5649334233503], "k_pid_att": [6720.301059669486, 7147.375657095776, 2174.9436632837705], "k_pid_yaw": [0.5, 1e-06, 0.1], "k_pid_hsp": [3318.39317688023, 5231.9052816348785, 5614.311549578551], "k_pid_vsp": [411.35794728929585, 1640.780313166259, 5739.5077281217455]}, "datetime": {"datetime": "2025-08-09 12:22:32", "elapsed": 70383.76784539223, "delta": 36.45083808898926}, "costs": {"total_cost": 3128.1166821514, "time_cost": 150, "final_distance_cost": 516.0261148906459, "oscillation_cost": 103.87782709205663, "completition_cost": 1000.0, "overshoot_cost": 1291.9473197616626, "power_cost": 37.78616784667969, "noise_cost": 28.479252560355047, "n_waypoints_completed": 0, "tot_waypoints": 9}}
{"target": -1710.2608247416213, "params": {"k_pid_pos": [428.91329314994897, 7995.687834232497, 1069.0533694006717], "k_pid_alt": [6376.120727818084, 3333.9727468476085, 6724.455354151364], "k_pid_att": [9262.923636082085, 9120.167543856425, 0.0], "k_pid_yaw": [0.5, 1e-06, 0.1], "k_pid_hsp": [6290.873791298631, 10000.0, 8924.804152097235], "k_pid_vsp": [0.0, 10000.0, 5181.7514205106145]}, "datetime": {"datetime": "2025-08-09 12:23:34", "elapsed": 70446.08296656609, "delta": 62.31512117385864}, "costs": {"total_cost": 1710.2608247416213, "time_cost": 150, "final_distance_cost": 61.769994642450584, "oscillation_cost": 332.4899565988078, "completition_cost": 1000.0, "overshoot_cost": 97.86461792135033, "power_cost": 39.46684703369141, "noise_cost": 28.669408545320863, "n_waypoints_completed": 0, "tot_waypoints": 9}}
