{"target": -2190.9918923590203, "params": {"k_pid_pos": [10000.0, 5538.200652845597, 0.0], "k_pid_alt": [9756.444601086268, 4396.387236236814, 6868.554719452414], "k_pid_att": [6842.269998550112, 1118.6785682127202, 0.0], "k_pid_yaw": [0.5, 1e-06, 0.1], "k_pid_hsp": [5048.5190494539165, 468.1854398945527, 6376.848209800216], "k_pid_vsp": [8642.193978103405, 4507.781377489618, 1185.5357741010116]}, "datetime": {"datetime": "2025-08-09 02:02:51", "elapsed": 33202.53242588043, "delta": 40.13006067276001}, "costs": {"total_cost": 2190.9918923590203, "time_cost": 150, "final_distance_cost": 95.03436061061214, "oscillation_cost": 762.9531142755204, "completition_cost": 1000.0, "overshoot_cost": 119.62552555913236, "power_cost": 35.555586328125, "noise_cost": 27.823305585630163, "n_waypoints_completed": 0, "tot_waypoints": 9}}
{"target": -4174.660122274699, "params": {"k_pid_pos": [578.3115902479907, 5325.819959017173, 5241.876836557908], "k_pid_alt": [4519.54870927138, 3852.4425963553113, 8347.231683861039], "k_pid_att": [8332.41878050814, 8254.699749634143, 2416.108363589603], "k_pid_yaw": [0.5, 1e-06, 0.1], "k_pid_hsp": [7816.642810099843, 9354.474121575047, 6326.178978702132], "k_pid_vsp": [6750.146160376625, 2318.8178962469965, 7974.862223235796]}, "datetime": {"datetime": "2025-08-09 02:03:23", "elapsed": 33234.62025308609, "delta": 32.08782720565796}, "costs": {"total_cost": 4174.660122274699, "time_cost": 150, "final_distance_cost": 874.8172974832764, "oscillation_cost": 92.57230326405757, "completition_cost": 1000.0, "overshoot_cost": 1994.1213969668001, "power_cost": 35.37889138183594, "noise_cost": 27.770233178727313, "n_waypoints_completed": 0, "tot_waypoints": 9}}
{"target": -4681.180461539964, "params": {"k_pid_pos": [4771.262701665861, 1012.8811015173831, 3042.9033862866067], "k_pid_alt": [0.0, 10000.0, 8080.84082973457], "k_pid_att": [10000.0, 6371.444953913607, 0.0], "k_pid_yaw": [0.5, 1e-06, 0.1], "k_pid_hsp": [3031.24581565367, 5353.162887142466, 3021.029507145608], "k_pid_vsp": [0.0, 1944.493721351106, 5335.869882712919]}, "datetime": {"datetime": "2025-08-09 02:04:01", "elapsed": 33273.125026226044, "delta": 38.50477313995361}, "costs": {"total_cost": 4681.180461539964, "time_cost": 150, "final_distance_cost": 1045.7327606079987, "oscillation_cost": 272.05666973168087, "completition_cost": 1000.0, "overshoot_cost": 2138.7608295433706, "power_cost": 44.46949996337891, "noise_cost": 30.160701693534687, "n_waypoints_completed": 0, "tot_waypoints": 9}}
{"target": -1569.135823988815, "params": {"k_pid_pos": [2598.2891348076587, 10000.0, 10000.0], "k_pid_alt": [6541.6843380490245, 5663.651125336443, 0.0], "k_pid_att": [5468.486964026572, 8515.282607596102, 0.0], "k_pid_yaw": [0.5, 1e-06, 0.1], "k_pid_hsp": [10000.0, 10000.0, 2730.5651083846205], "k_pid_vsp": [7133.702032284238, 0.0, 10000.0]}, "datetime": {"datetime": "2025-08-09 02:04:39", "elapsed": 33311.492894649506, "delta": 38.367868423461914}, "costs": {"total_cost": 1569.135823988815, "time_cost": 150, "final_distance_cost": 66.01435350454943, "oscillation_cost": 211.7475468085802, "completition_cost": 1000.0, "overshoot_cost": 71.24142428797899, "power_cost": 41.01727630615235, "noise_cost": 29.115223081554035, "n_waypoints_completed": 0, "tot_waypoints": 9}}
{"target": -413.56842515192295, "params": {"k_pid_pos": [4803.339173233667, 652.330759430783, 0.0], "k_pid_alt": [3273.3799982895202, 0.0, 3269.456111937035], "k_pid_att": [6886.705888549679, 2279.649765494223, 0.0], "k_pid_yaw": [0.5, 1e-06, 0.1], "k_pid_hsp": [2412.9530837881907, 10000.0, 2638.928682534673], "k_pid_vsp": [8586.972394852964, 0.0, 840.9851025031918]}, "datetime": {"datetime": "2025-08-09 02:05:12", "elapsed": 33344.23312711716, "delta": 32.74023246765137}, "costs": {"total_cost": 413.56842515192295, "time_cost": 98.539, "final_distance_cost": 1.8042808847754304, "oscillation_cost": 173.4623278395912, "completition_cost": 0.0, "overshoot_cost": 79.26292487855943, "power_cost": 34.34184968261719, "noise_cost": 26.15804186637965, "n_waypoints_completed": 9, "tot_waypoints": 9}}
{"target": -1974.8400987123327, "params": {"k_pid_pos": [7565.07182916804, 3577.9898458918456, 9699.003774856332], "k_pid_alt": [4408.864918263922, 1058.6344191931423, 2807.191735205541], "k_pid_att": [10000.0, 10000.0, 0.0], "k_pid_yaw": [0.5, 1e-06, 0.1], "k_pid_hsp": [3895.5570396105036, 6568.949788563655, 5925.529021429693], "k_pid_vsp": [3491.6014476590167, 4590.434277534151, 700.6684648846194]}, "datetime": {"datetime": "2025-08-09 02:05:51", "elapsed": 33382.97986483574, "delta": 38.74673771858215}, "costs": {"total_cost": 1974.8400987123327, "time_cost": 150, "final_distance_cost": 71.37408815200571, "oscillation_cost": 810.001696835586, "completition_cost": 777.7777777777778, "overshoot_cost": 100.96165362508754, "power_cost": 36.69728201904297, "noise_cost": 28.027600302832514, "n_waypoints_completed": 2, "tot_waypoints": 9}}
{"target": -646.3286451305476, "params": {"k_pid_pos": [6616.369873057871, 10000.0, 10000.0], "k_pid_alt": [1999.7764227820758, 0.0, 5366.860617601462], "k_pid_att": [6218.903340831613, 3237.4566794885577, 0.0], "k_pid_yaw": [0.5, 1e-06, 0.1], "k_pid_hsp": [10000.0, 10000.0, 648.7313982634155], "k_pid_vsp": [10000.0, 0.0, 10000.0]}, "datetime": {"datetime": "2025-08-09 02:06:31", "elapsed": 33423.06586122513, "delta": 40.08599638938904}, "costs": {"total_cost": 646.3286451305476, "time_cost": 150, "final_distance_cost": 12.333733831663599, "oscillation_cost": 222.09109983736545, "completition_cost": 111.11111111111116, "overshoot_cost": 78.9701798878344, "power_cost": 42.14001135253906, "noise_cost": 29.6825091100338, "n_waypoints_completed": 8, "tot_waypoints": 9}}
{"target": -2089.504633190882, "params": {"k_pid_pos": [10000.0, 10000.0, 6152.4512487299235], "k_pid_alt": [6081.596018976828, 7732.764568691456, 4692.696958981787], "k_pid_att": [6230.876834968489, 3422.499332665802, 0.0], "k_pid_yaw": [0.5, 1e-06, 0.1], "k_pid_hsp": [6989.948720403333, 2562.0728643559023, 7329.084046907271], "k_pid_vsp": [5608.042349996165, 2536.5704971288365, 1480.7101239043832]}, "datetime": {"datetime": "2025-08-09 02:07:10", "elapsed": 33461.52915430069, "delta": 38.46329307556152}, "costs": {"total_cost": 2089.504633190882, "time_cost": 150, "final_distance_cost": 49.9557345782114, "oscillation_cost": 708.2220499406436, "completition_cost": 1000.0, "overshoot_cost": 116.78898337567448, "power_cost": 36.499300219726564, "noise_cost": 28.038565076626348, "n_waypoints_completed": 0, "tot_waypoints": 9}}
{"target": -25748.66665157374, "params": {"k_pid_pos": [4249.633402904351, 1293.6910980668615, 1145.7653193211681], "k_pid_alt": [6016.3175994013045, 124.65422851004271, 7299.664359597227], "k_pid_att": [298.4340519850859, 8459.834372508758, 6781.623080376232], "k_pid_yaw": [0.5, 1e-06, 0.1], "k_pid_hsp": [5796.478553437848, 1832.714248397066, 8209.463758798815], "k_pid_vsp": [8542.798537548275, 1842.8752074118893, 6920.807871231033]}, "datetime": {"datetime": "2025-08-09 02:07:42", "elapsed": 33493.687059640884, "delta": 32.1579053401947}, "costs": {"total_cost": 25748.66665157374, "time_cost": 150, "final_distance_cost": 6787.650994148869, "oscillation_cost": 1729.099156112696, "completition_cost": 1000.0, "overshoot_cost": 15880.502862621039, "power_cost": 58.621353344726565, "noise_cost": 142.79228534641194, "n_waypoints_completed": 0, "tot_waypoints": 9}}
{"target": -1555.7461506275865, "params": {"k_pid_pos": [3063.367769674778, 10000.0, 10000.0], "k_pid_alt": [3662.5402533791957, 5163.378850813573, 9947.792119447282], "k_pid_att": [4923.760652899607, 407.2246695749362, 0.0], "k_pid_yaw": [0.5, 1e-06, 0.1], "k_pid_hsp": [10000.0, 10000.0, 4397.654936545917], "k_pid_vsp": [6589.103382639831, 0.0, 10000.0]}, "datetime": {"datetime": "2025-08-09 02:08:21", "elapsed": 33533.44186401367, "delta": 39.754804372787476}, "costs": {"total_cost": 1555.7461506275865, "time_cost": 150, "final_distance_cost": 88.71750189978341, "oscillation_cost": 271.85591452345096, "completition_cost": 888.8888888888888, "overshoot_cost": 86.53852717202719, "power_cost": 40.7584582397461, "noise_cost": 28.986859903690277, "n_waypoints_completed": 1, "tot_waypoints": 9}}
{"target": -1440.779311223881, "params": {"k_pid_pos": [10000.0, 10000.0, 10000.0], "k_pid_alt": [10000.0, 0.0, 10000.0], "k_pid_att": [9021.927671417143, 0.0, 0.0], "k_pid_yaw": [0.5, 1e-06, 0.1], "k_pid_hsp": [1755.1759266860208, 4754.772046868602, 4049.753781882499], "k_pid_vsp": [6685.155275016943, 2499.1672932151805, 4353.396723500235]}, "datetime": {"datetime": "2025-08-09 02:09:01", "elapsed": 33572.64180994034, "delta": 39.19994592666626}, "costs": {"total_cost": 1440.779311223881, "time_cost": 150, "final_distance_cost": 64.88982698790787, "oscillation_cost": 498.1226577703434, "completition_cost": 555.5555555555555, "overshoot_cost": 105.84421685822957, "power_cost": 38.16969262695313, "noise_cost": 28.19736142489166, "n_waypoints_completed": 4, "tot_waypoints": 9}}
{"target": -1297.3880423524245, "params": {"k_pid_pos": [5278.54466054359, 10000.0, 0.0], "k_pid_alt": [10000.0, 0.0, 0.0], "k_pid_att": [10000.0, 6785.3573478105545, 0.0], "k_pid_yaw": [0.5, 1e-06, 0.1], "k_pid_hsp": [10000.0, 3810.6323732730093, 818.2694426499369], "k_pid_vsp": [9254.26143274644, 0.0, 4265.775799569366]}, "datetime": {"datetime": "2025-08-09 02:09:40", "elapsed": 33612.51288866997, "delta": 39.87107872962952}, "costs": {"total_cost": 1297.3880423524245, "time_cost": 150, "final_distance_cost": 68.29921719941085, "oscillation_cost": 261.98364643632794, "completition_cost": 666.6666666666667, "overshoot_cost": 80.69815708401022, "power_cost": 41.032389672851565, "noise_cost": 28.70796529315704, "n_waypoints_completed": 3, "tot_waypoints": 9}}
{"target": -4304.521147117006, "params": {"k_pid_pos": [5649.847322837698, 5765.440237590021, 8528.503565902096], "k_pid_alt": [6046.02301820781, 8914.544250253943, 4745.534147936062], "k_pid_att": [6058.82649142496, 1833.4055576681862, 2604.0153704605696], "k_pid_yaw": [0.5, 1e-06, 0.1], "k_pid_hsp": [5810.347290406821, 4189.688592269766, 4195.619984956153], "k_pid_vsp": [5680.836815310784, 987.4001551887978, 3506.6608552564016]}, "datetime": {"datetime": "2025-08-09 02:10:12", "elapsed": 33644.09034204483, "delta": 31.57745337486267}, "costs": {"total_cost": 4304.521147117006, "time_cost": 150, "final_distance_cost": 729.6299821273986, "oscillation_cost": 170.76868565972984, "completition_cost": 1000.0, "overshoot_cost": 2169.893191416267, "power_cost": 40.59381668701172, "noise_cost": 43.63547122659832, "n_waypoints_completed": 0, "tot_waypoints": 9}}
{"target": -1467.8985142902857, "params": {"k_pid_pos": [0.0, 3665.9826719277976, 0.0], "k_pid_alt": [383.8198360808417, 1086.2908930018752, 0.0], "k_pid_att": [8708.734557701666, 7640.214961972967, 0.0], "k_pid_yaw": [0.5, 1e-06, 0.1], "k_pid_hsp": [3718.4051484128317, 402.85514297297516, 0.0], "k_pid_vsp": [9446.762068132544, 0.0, 0.0]}, "datetime": {"datetime": "2025-08-09 02:10:51", "elapsed": 33683.39936494827, "delta": 39.30902290344238}, "costs": {"total_cost": 1467.8985142902857, "time_cost": 150, "final_distance_cost": 32.9392556054613, "oscillation_cost": 151.58769335956393, "completition_cost": 1000.0, "overshoot_cost": 60.75225460511429, "power_cost": 43.277559912109375, "noise_cost": 29.341750808036757, "n_waypoints_completed": 0, "tot_waypoints": 9}}
{"target": -2214.7922351766056, "params": {"k_pid_pos": [3653.896833283679, 24.071284134877082, 3693.226988154285], "k_pid_alt": [10000.0, 7282.570436576715, 0.0], "k_pid_att": [10000.0, 9447.07139628469, 5173.955292464743], "k_pid_yaw": [0.5, 1e-06, 0.1], "k_pid_hsp": [6894.996205516608, 0.0, 0.0], "k_pid_vsp": [3089.608254675125, 3164.480726621531, 10000.0]}, "datetime": {"datetime": "2025-08-09 02:11:31", "elapsed": 33722.62593340874, "delta": 39.22656846046448}, "costs": {"total_cost": 2214.7922351766056, "time_cost": 150, "final_distance_cost": 94.21750138939053, "oscillation_cost": 501.7754096715725, "completition_cost": 1000.0, "overshoot_cost": 315.4594337974342, "power_cost": 54.12264133300781, "noise_cost": 99.21724898520064, "n_waypoints_completed": 0, "tot_waypoints": 9}}
{"target": -13494.495004616741, "params": {"k_pid_pos": [8920.075290749654, 3591.161960700766, 3892.6920361021953], "k_pid_alt": [9342.175338666895, 1610.5993471689494, 8181.531007103825], "k_pid_att": [8674.293371272423, 1986.0351494202332, 8844.748961926498], "k_pid_yaw": [0.5, 1e-06, 0.1], "k_pid_hsp": [5558.815964873447, 1140.1978709777727, 4762.574467459445], "k_pid_vsp": [9090.98881427453, 5754.764133443686, 3593.369943061886]}, "datetime": {"datetime": "2025-08-09 02:12:02", "elapsed": 33754.33504867554, "delta": 31.709115266799927}, "costs": {"total_cost": 13494.495004616741, "time_cost": 150, "final_distance_cost": 2648.7519869640896, "oscillation_cost": 772.2483629184876, "completition_cost": 1000.0, "overshoot_cost": 8733.075247687551, "power_cost": 58.5883158203125, "noise_cost": 131.8310912263008, "n_waypoints_completed": 0, "tot_waypoints": 9}}
{"target": -2182.77062678349, "params": {"k_pid_pos": [0.0, 10000.0, 10000.0], "k_pid_alt": [181.1310655633321, 517.6323680279745, 5484.825926087656], "k_pid_att": [7516.256178122197, 4802.812000680771, 0.0], "k_pid_yaw": [0.5, 1e-06, 0.1], "k_pid_hsp": [0.0, 6425.970616955129, 2322.4415319493355], "k_pid_vsp": [1885.073520305473, 3273.7780346268605, 4922.433528743426]}, "datetime": {"datetime": "2025-08-09 02:12:42", "elapsed": 33793.605081796646, "delta": 39.27003312110901}, "costs": {"total_cost": 2182.77062678349, "time_cost": 150, "final_distance_cost": 62.26333940265105, "oscillation_cost": 715.2339866262356, "completition_cost": 1000.0, "overshoot_cost": 191.66160778791308, "power_cost": 35.68148341064453, "noise_cost": 27.93020955604594, "n_waypoints_completed": 0, "tot_waypoints": 9}}
{"target": -1878.3329540153438, "params": {"k_pid_pos": [0.0, 10000.0, 10000.0], "k_pid_alt": [5329.1609801488585, 0.0, 6460.473010553839], "k_pid_att": [2769.837986901358, 0.0, 0.0], "k_pid_yaw": [0.5, 1e-06, 0.1], "k_pid_hsp": [10000.0, 4064.796092437744, 7410.698803760269], "k_pid_vsp": [9366.63000008117, 0.0, 204.91863365206189]}, "datetime": {"datetime": "2025-08-09 02:13:21", "elapsed": 33832.852509737015, "delta": 39.24742794036865}, "costs": {"total_cost": 1878.3329540153438, "time_cost": 150, "final_distance_cost": 82.84311218552754, "oscillation_cost": 713.2073372102593, "completition_cost": 777.7777777777778, "overshoot_cost": 91.43176454607145, "power_cost": 35.464327673339845, "noise_cost": 27.608634622367823, "n_waypoints_completed": 2, "tot_waypoints": 9}}
{"target": -1612.6111913427765, "params": {"k_pid_pos": [7387.761775630671, 902.4442932839478, 0.0], "k_pid_alt": [0.0, 0.0, 2284.704429754652], "k_pid_att": [7009.600151267944, 2057.5701239027085, 0.0], "k_pid_yaw": [0.5, 1e-06, 0.1], "k_pid_hsp": [2688.081639864496, 10000.0, 0.0], "k_pid_vsp": [7310.728600416974, 5627.410432163509, 4977.879795897591]}, "datetime": {"datetime": "2025-08-09 02:14:00", "elapsed": 33871.88929486275, "delta": 39.03678512573242}, "costs": {"total_cost": 1612.6111913427765, "time_cost": 150, "final_distance_cost": 17.39226286654905, "oscillation_cost": 94.60491403894966, "completition_cost": 1000.0, "overshoot_cost": 168.1760178816756, "power_cost": 45.23227674560547, "noise_cost": 137.20571980999668, "n_waypoints_completed": 0, "tot_waypoints": 9}}
{"target": -8173.802864102763, "params": {"k_pid_pos": [4967.074091495271, 6185.663338998068, 3492.7709218452374], "k_pid_alt": [3748.4257078056717, 8888.5681709835, 8511.61434096567], "k_pid_att": [3868.6146827349253, 8550.11183161981, 5277.673367038384], "k_pid_yaw": [0.5, 1e-06, 0.1], "k_pid_hsp": [229.843700658231, 4624.562950310844, 3197.928962660529], "k_pid_vsp": [8523.214360873715, 9692.554653977384, 5463.502530689215]}, "datetime": {"datetime": "2025-08-09 02:14:31", "elapsed": 33903.52048230171, "delta": 31.631187438964844}, "costs": {"total_cost": 8173.802864102763, "time_cost": 150, "final_distance_cost": 1201.214216789137, "oscillation_cost": 1340.806270439699, "completition_cost": 1000.0, "overshoot_cost": 4280.502574692602, "power_cost": 58.59103568115235, "noise_cost": 142.68876650017202, "n_waypoints_completed": 0, "tot_waypoints": 9}}
{"target": -18113.48247526254, "params": {"k_pid_pos": [7698.97699301547, 1040.2084046421878, 5207.5977239947415], "k_pid_alt": [1986.6467401781306, 678.018805537497, 2603.9120875280187], "k_pid_att": [5388.919981240698, 8924.980071427886, 9333.374195215327], "k_pid_yaw": [0.5, 1e-06, 0.1], "k_pid_hsp": [8633.72939263253, 8115.397425727753, 1806.3877566440867], "k_pid_vsp": [7.500177854924406, 9027.611248082194, 118.47927061089058]}, "datetime": {"datetime": "2025-08-09 02:15:04", "elapsed": 33935.76383185387, "delta": 32.24334955215454}, "costs": {"total_cost": 18113.48247526254, "time_cost": 150, "final_distance_cost": 4702.154299965975, "oscillation_cost": 1550.578602094056, "completition_cost": 1000.0, "overshoot_cost": 10508.308085209197, "power_cost": 58.62160122070313, "noise_cost": 143.81988677260483, "n_waypoints_completed": 0, "tot_waypoints": 9}}
{"target": -5586.02849894969, "params": {"k_pid_pos": [1468.6274399592714, 6798.383489020446, 4686.330315333099], "k_pid_alt": [1337.1280398920549, 4521.257266831844, 2552.478233194352], "k_pid_att": [5386.112114666248, 8088.190556481736, 8375.034585385918], "k_pid_yaw": [0.5, 1e-06, 0.1], "k_pid_hsp": [7097.617006826536, 1334.8332653083662, 5282.87427388716], "k_pid_vsp": [5710.218275232458, 5089.86713312606, 5630.443540681065]}, "datetime": {"datetime": "2025-08-09 02:15:36", "elapsed": 33967.61523723602, "delta": 31.851405382156372}, "costs": {"total_cost": 5586.02849894969, "time_cost": 150, "final_distance_cost": 888.1789564701899, "oscillation_cost": 527.2250604605683, "completition_cost": 1000.0, "overshoot_cost": 2884.1296338659013, "power_cost": 51.812308947753905, "noise_cost": 84.68253920527701, "n_waypoints_completed": 0, "tot_waypoints": 9}}
{"target": -6159.687144111211, "params": {"k_pid_pos": [5527.984391415236, 4584.304120185194, 1594.1314091342906], "k_pid_alt": [6523.780685950009, 9067.833469992924, 1562.272041586804], "k_pid_att": [1789.836793023305, 3494.2349746360755, 1082.5838617137629], "k_pid_yaw": [0.5, 1e-06, 0.1], "k_pid_hsp": [8927.56048541288, 9634.10019001133, 2598.8423422812657], "k_pid_vsp": [2537.316768260368, 8505.012842323633, 9078.627661207041]}, "datetime": {"datetime": "2025-08-09 02:16:07", "elapsed": 33999.41002988815, "delta": 31.794792652130127}, "costs": {"total_cost": 6159.687144111211, "time_cost": 150, "final_distance_cost": 647.1915685480217, "oscillation_cost": 653.3002539920208, "completition_cost": 1000.0, "overshoot_cost": 3519.208682364831, "power_cost": 57.46973004150391, "noise_cost": 132.5169091648344, "n_waypoints_completed": 0, "tot_waypoints": 9}}
{"target": -1416.4500120436392, "params": {"k_pid_pos": [8716.675156196756, 10000.0, 10000.0], "k_pid_alt": [10000.0, 3991.2454636239, 3770.4295442916496], "k_pid_att": [10000.0, 10000.0, 0.0], "k_pid_yaw": [0.5, 1e-06, 0.1], "k_pid_hsp": [10000.0, 2586.1496500938815, 1825.8412788020726], "k_pid_vsp": [3209.1992098760647, 3070.2593646434534, 0.0]}, "datetime": {"datetime": "2025-08-09 02:16:45", "elapsed": 34037.133496046066, "delta": 37.72346615791321}, "costs": {"total_cost": 1416.4500120436392, "time_cost": 150, "final_distance_cost": 68.43950855239407, "oscillation_cost": 183.6999518217218, "completition_cost": 888.8888888888888, "overshoot_cost": 54.213098422199145, "power_cost": 42.24249681396485, "noise_cost": 28.96606754447051, "n_waypoints_completed": 1, "tot_waypoints": 9}}
{"target": -5881.968832313033, "params": {"k_pid_pos": [1392.3153080563877, 1386.1232803202827, 7413.068615187683], "k_pid_alt": [7887.113160406916, 2512.0524238577946, 4076.3921832747565], "k_pid_att": [8643.163135113042, 1204.9061600244504, 685.0666358518853], "k_pid_yaw": [0.5, 1e-06, 0.1], "k_pid_hsp": [2910.7867518142193, 3140.562335243624, 6650.464934263972], "k_pid_vsp": [6619.667901541268, 6646.043927276783, 1237.3912958072165]}, "datetime": {"datetime": "2025-08-09 02:17:17", "elapsed": 34069.4754755497, "delta": 32.34197950363159}, "costs": {"total_cost": 5881.968832313033, "time_cost": 150, "final_distance_cost": 1378.4028388031402, "oscillation_cost": 301.3062279428064, "completition_cost": 1000.0, "overshoot_cost": 2989.2884720979046, "power_cost": 35.346872692871095, "noise_cost": 27.62442077631136, "n_waypoints_completed": 0, "tot_waypoints": 9}}
{"target": -2116.706538752602, "params": {"k_pid_pos": [1356.0836056326234, 1278.5761244060088, 5675.129534926114], "k_pid_alt": [10000.0, 2580.5817869238676, 6.795663286027321], "k_pid_att": [8471.05122251551, 9343.56203929689, 0.0], "k_pid_yaw": [0.5, 1e-06, 0.1], "k_pid_hsp": [3901.175409271813, 0.0, 6990.892437345563], "k_pid_vsp": [7727.775052949186, 7538.037643413262, 1763.8845676270744]}, "datetime": {"datetime": "2025-08-09 02:17:56", "elapsed": 34108.14171004295, "delta": 38.666234493255615}, "costs": {"total_cost": 2116.706538752602, "time_cost": 150, "final_distance_cost": 59.47816684540442, "oscillation_cost": 854.6431407187152, "completition_cost": 888.8888888888888, "overshoot_cost": 99.37510773336895, "power_cost": 36.52354609375, "noise_cost": 27.797688472473897, "n_waypoints_completed": 1, "tot_waypoints": 9}}
