{"target": -570.7797916806883, "params": {"k_pid_pos": [10000.0, 8170.679486387761, 6983.032140002559], "k_pid_alt": [10000.0, 0.0, 6939.836204092709], "k_pid_att": [10000.0, 3358.614835138396, 0.0], "k_pid_yaw": [0.5, 1e-06, 0.1], "k_pid_hsp": [10000.0, 10000.0, 0.0], "k_pid_vsp": [7414.505907015939, 10000.0, 540.6347493641805]}, "datetime": {"datetime": "2025-08-09 00:17:22", "elapsed": 26874.116987466812, "delta": 35.45457124710083}, "costs": {"total_cost": 570.7797916806883, "time_cost": 116.914, "final_distance_cost": 1.7836588050782134, "oscillation_cost": 306.67718038425, "completition_cost": 0.0, "overshoot_cost": 71.91176443782248, "power_cost": 40.695777478027345, "noise_cost": 32.797410575510135, "n_waypoints_completed": 9, "tot_waypoints": 9}}
{"target": -5634.542460445829, "params": {"k_pid_pos": [9373.403919001343, 1441.0651504739947, 2725.543885974391], "k_pid_alt": [7390.403657781639, 487.9484521355115, 5773.5271787214815], "k_pid_att": [2743.9516255004737, 7476.955930203864, 2787.4218282850006], "k_pid_yaw": [0.5, 1e-06, 0.1], "k_pid_hsp": [502.96602003278565, 839.2468068839121, 2168.53737062775], "k_pid_vsp": [3551.9904588369977, 6753.851965923185, 9823.483153584555]}, "datetime": {"datetime": "2025-08-09 00:17:54", "elapsed": 26905.722034692764, "delta": 31.60504722595215}, "costs": {"total_cost": 5634.542460445829, "time_cost": 150, "final_distance_cost": 447.1969926929148, "oscillation_cost": 1288.5650118691688, "completition_cost": 1000.0, "overshoot_cost": 2566.5354055794196, "power_cost": 55.88751534423828, "noise_cost": 126.35753496008746, "n_waypoints_completed": 0, "tot_waypoints": 9}}
{"target": -1334.34975019416, "params": {"k_pid_pos": [8148.4063262011505, 3243.911071498955, 4804.500553941649], "k_pid_alt": [4030.522230706262, 1287.5652638314484, 6238.59779876355], "k_pid_att": [7682.218813106404, 4339.993911775227, 150.7551251885386], "k_pid_yaw": [0.5, 1e-06, 0.1], "k_pid_hsp": [9764.764622816676, 7516.8567256006645, 5167.063242157316], "k_pid_vsp": [1189.7205807092703, 7774.513172139647, 6147.945077952407]}, "datetime": {"datetime": "2025-08-09 00:18:25", "elapsed": 26936.917900323868, "delta": 31.195865631103516}, "costs": {"total_cost": 1334.34975019416, "time_cost": 150, "final_distance_cost": 91.01574448092052, "oscillation_cost": 182.3681077081653, "completition_cost": 777.7777777777778, "overshoot_cost": 63.3433498342622, "power_cost": 40.84278903808594, "noise_cost": 29.00198135494811, "n_waypoints_completed": 2, "tot_waypoints": 9}}
{"target": -1432.9115903519914, "params": {"k_pid_pos": [6315.172096289254, 1438.7026158753422, 2744.2173608977932], "k_pid_alt": [5143.527973402505, 8243.323898381379, 0.0], "k_pid_att": [7293.749578476435, 8805.451227238233, 0.0], "k_pid_yaw": [0.5, 1e-06, 0.1], "k_pid_hsp": [7797.344135168007, 0.0, 0.0], "k_pid_vsp": [0.0, 8392.393254752276, 1955.6378751333357]}, "datetime": {"datetime": "2025-08-09 00:19:02", "elapsed": 26974.054023504257, "delta": 37.136123180389404}, "costs": {"total_cost": 1432.9115903519914, "time_cost": 150, "final_distance_cost": 52.23330429517924, "oscillation_cost": 635.2222978850431, "completition_cost": 444.4444444444444, "overshoot_cost": 80.36577063908547, "power_cost": 39.045061474609376, "noise_cost": 31.60071161362995, "n_waypoints_completed": 5, "tot_waypoints": 9}}
{"target": -1259.6976676140825, "params": {"k_pid_pos": [4118.19063130031, 0.0, 0.0], "k_pid_alt": [6067.731472224338, 1137.9823783946626, 4435.780005901151], "k_pid_att": [10000.0, 6621.86771656306, 0.0], "k_pid_yaw": [0.5, 1e-06, 0.1], "k_pid_hsp": [1719.132169069506, 0.0, 0.0], "k_pid_vsp": [7524.916445579782, 3996.7208086368346, 7704.891009603672]}, "datetime": {"datetime": "2025-08-09 00:19:39", "elapsed": 27010.744261026382, "delta": 36.690237522125244}, "costs": {"total_cost": 1259.6976676140825, "time_cost": 150, "final_distance_cost": 51.39770546767262, "oscillation_cost": 481.09424319068484, "completition_cost": 444.4444444444444, "overshoot_cost": 63.47614760257853, "power_cost": 40.58476159667969, "noise_cost": 28.70036531202249, "n_waypoints_completed": 5, "tot_waypoints": 9}}
{"target": -7303.717913173885, "params": {"k_pid_pos": [7342.6301232855485, 3000.294026101078, 8194.472991237422], "k_pid_alt": [3021.339231878958, 902.2564333295646, 5151.650337613159], "k_pid_att": [9843.483552561625, 6755.564155596655, 9440.307967006494], "k_pid_yaw": [0.5, 1e-06, 0.1], "k_pid_hsp": [5668.118148255769, 5681.689699101966, 4320.879150399912], "k_pid_vsp": [6311.706626060878, 7953.046163704259, 215.90992981559754]}, "datetime": {"datetime": "2025-08-09 00:20:10", "elapsed": 27041.659235715866, "delta": 30.914974689483643}, "costs": {"total_cost": 7303.717913173885, "time_cost": 150, "final_distance_cost": 1579.4088256125299, "oscillation_cost": 955.8500232498293, "completition_cost": 1000.0, "overshoot_cost": 3418.485018487471, "power_cost": 58.62316599121094, "noise_cost": 141.3508798328441, "n_waypoints_completed": 0, "tot_waypoints": 9}}
{"target": -2277.7886809109687, "params": {"k_pid_pos": [2883.648774552704, 7950.94784933533, 3156.041735781863], "k_pid_alt": [5851.883580629306, 1224.0589860619277, 69.88089526916208], "k_pid_att": [2302.4412946091497, 6705.347754038886, 822.2139568667263], "k_pid_yaw": [0.5, 1e-06, 0.1], "k_pid_hsp": [9417.187006280408, 1521.2232264129154, 7930.41267104386], "k_pid_vsp": [8608.101844405219, 5641.56358059006, 1879.1670668070171]}, "datetime": {"datetime": "2025-08-09 00:20:41", "elapsed": 27073.08237695694, "delta": 31.42314124107361}, "costs": {"total_cost": 2277.7886809109687, "time_cost": 150, "final_distance_cost": 95.59653077159534, "oscillation_cost": 573.6991809450982, "completition_cost": 1000.0, "overshoot_cost": 269.2757279031295, "power_cost": 58.395059802246095, "noise_cost": 130.8221814889, "n_waypoints_completed": 0, "tot_waypoints": 9}}
{"target": -7816.153239634573, "params": {"k_pid_pos": [5137.214649695114, 9341.849057690326, 3865.744074442651], "k_pid_alt": [3348.7920444959686, 7748.2964439451, 8634.703980445076], "k_pid_att": [5194.26174451055, 2267.1532670697047, 6648.890298236598], "k_pid_yaw": [0.5, 1e-06, 0.1], "k_pid_hsp": [3262.9521978895737, 2101.5688245143137, 9218.324433518559], "k_pid_vsp": [7665.2272209858465, 7456.78156863782, 7925.377438289549]}, "datetime": {"datetime": "2025-08-09 00:21:13", "elapsed": 27104.82316017151, "delta": 31.740783214569092}, "costs": {"total_cost": 7816.153239634573, "time_cost": 150, "final_distance_cost": 2051.3270208446606, "oscillation_cost": 401.4837875923163, "completition_cost": 1000.0, "overshoot_cost": 4092.3720547269404, "power_cost": 49.022695727539066, "noise_cost": 71.94768074311636, "n_waypoints_completed": 0, "tot_waypoints": 9}}
{"target": -944.9257924257065, "params": {"k_pid_pos": [10000.0, 5337.129409215912, 9951.846980889677], "k_pid_alt": [7507.798226833661, 0.0, 4583.423227564551], "k_pid_att": [10000.0, 6512.952140026014, 0.0], "k_pid_yaw": [0.5, 1e-06, 0.1], "k_pid_hsp": [10000.0, 6096.227658555766, 3056.4599393869426], "k_pid_vsp": [10000.0, 3618.125512633543, 0.0]}, "datetime": {"datetime": "2025-08-09 00:21:50", "elapsed": 27142.294174432755, "delta": 37.47101426124573}, "costs": {"total_cost": 944.9257924257065, "time_cost": 150, "final_distance_cost": 72.39982634561267, "oscillation_cost": 360.45889104627196, "completition_cost": 222.2222222222222, "overshoot_cost": 71.08093938355304, "power_cost": 40.1208408569336, "noise_cost": 28.643072571113038, "n_waypoints_completed": 7, "tot_waypoints": 9}}
{"target": -4563.5430353930915, "params": {"k_pid_pos": [5512.060417419188, 2788.0961028789166, 7550.744789182186], "k_pid_alt": [3071.0530775646107, 2650.4579664706953, 6367.072983011713], "k_pid_att": [4539.110956140856, 523.6719510536847, 5261.302636490105], "k_pid_yaw": [0.5, 1e-06, 0.1], "k_pid_hsp": [4081.2197037013375, 8024.35142607165, 3996.7986475402527], "k_pid_vsp": [7254.965251401576, 2192.884876622244, 4317.953058183171]}, "datetime": {"datetime": "2025-08-09 00:22:22", "elapsed": 27174.230140447617, "delta": 31.93596601486206}, "costs": {"total_cost": 4563.5430353930915, "time_cost": 150, "final_distance_cost": 462.7965953345715, "oscillation_cost": 761.2551534487509, "completition_cost": 1000.0, "overshoot_cost": 2007.8856316015203, "power_cost": 58.484626611328125, "noise_cost": 123.12102839692044, "n_waypoints_completed": 0, "tot_waypoints": 9}}
{"target": -3854.697611530049, "params": {"k_pid_pos": [6158.988967546957, 696.2512851068481, 8872.565269785186], "k_pid_alt": [9584.378434680442, 979.8040349681825, 1230.0544726217822], "k_pid_att": [7430.9052944355435, 8691.114924314381, 3384.3210337683295], "k_pid_yaw": [0.5, 1e-06, 0.1], "k_pid_hsp": [2825.3893695206157, 6385.153567554813, 7302.154082734759], "k_pid_vsp": [9064.548210265548, 9774.15366976885, 1452.9212041599915]}, "datetime": {"datetime": "2025-08-09 00:22:54", "elapsed": 27206.13652062416, "delta": 31.90638017654419}, "costs": {"total_cost": 3854.697611530049, "time_cost": 150, "final_distance_cost": 578.820969539856, "oscillation_cost": 447.8123810531637, "completition_cost": 1000.0, "overshoot_cost": 1539.248757337969, "power_cost": 55.3847146484375, "noise_cost": 83.43078895062247, "n_waypoints_completed": 0, "tot_waypoints": 9}}
{"target": -2245.4933726664376, "params": {"k_pid_pos": [2362.640612787646, 8187.710401512394, 10000.0], "k_pid_alt": [5850.510592067644, 3558.1219606078525, 5561.549954230188], "k_pid_att": [5494.776523517881, 4904.095617932037, 0.0], "k_pid_yaw": [0.5, 1e-06, 0.1], "k_pid_hsp": [4324.517204175916, 7406.810430233317, 5611.876282466089], "k_pid_vsp": [6400.121644577869, 0.0, 5028.536861234084]}, "datetime": {"datetime": "2025-08-09 00:23:32", "elapsed": 27243.77351975441, "delta": 37.63699913024902}, "costs": {"total_cost": 2245.4933726664376, "time_cost": 150, "final_distance_cost": 64.18731519585872, "oscillation_cost": 846.9651601504972, "completition_cost": 1000.0, "overshoot_cost": 120.43915701874064, "power_cost": 36.03612666015625, "noise_cost": 27.865613641184414, "n_waypoints_completed": 0, "tot_waypoints": 9}}
{"target": -29910.1526778392, "params": {"k_pid_pos": [4862.755060979137, 9138.053005343749, 2519.825894189205], "k_pid_alt": [6555.542603853064, 9753.625706719635, 4397.571486271222], "k_pid_att": [896.8921869080615, 4280.561890183257, 6837.764073369595], "k_pid_yaw": [0.5, 1e-06, 0.1], "k_pid_hsp": [8158.171064737881, 5394.696036286791, 9807.6968131227], "k_pid_vsp": [4064.2396372253666, 9810.312759702812, 3848.8621754829223]}, "datetime": {"datetime": "2025-08-09 00:24:03", "elapsed": 27275.08654141426, "delta": 31.313021659851074}, "costs": {"total_cost": 29910.1526778392, "time_cost": 150, "final_distance_cost": 8624.804219578047, "oscillation_cost": 837.1886631733624, "completition_cost": 1000.0, "overshoot_cost": 19097.5317909892, "power_cost": 58.655612695312506, "noise_cost": 141.97239140327835, "n_waypoints_completed": 0, "tot_waypoints": 9}}
{"target": -2038.6187632892324, "params": {"k_pid_pos": [7362.716666415615, 10000.0, 0.0], "k_pid_alt": [4947.13718967856, 0.0, 4393.918347896582], "k_pid_att": [4753.999217818249, 2172.337764180433, 0.0], "k_pid_yaw": [0.5, 1e-06, 0.1], "k_pid_hsp": [3658.2479980357684, 0.0, 7637.016320128811], "k_pid_vsp": [9296.905269086203, 9062.674072517448, 4930.064259835869]}, "datetime": {"datetime": "2025-08-09 00:24:40", "elapsed": 27311.94316291809, "delta": 36.856621503829956}, "costs": {"total_cost": 2038.6187632892324, "time_cost": 150, "final_distance_cost": 61.67391378149333, "oscillation_cost": 779.1233411512708, "completition_cost": 888.8888888888888, "overshoot_cost": 95.13382109912611, "power_cost": 35.99585382080078, "noise_cost": 27.80294454765264, "n_waypoints_completed": 1, "tot_waypoints": 9}}
{"target": -2331.701162608443, "params": {"k_pid_pos": [5223.524210041974, 10000.0, 10000.0], "k_pid_alt": [519.0861022808535, 7211.576714459318, 6330.012581245788], "k_pid_att": [6892.709098606498, 6997.574095214052, 0.0], "k_pid_yaw": [0.5, 1e-06, 0.1], "k_pid_hsp": [0.0, 1029.441328287421, 10000.0], "k_pid_vsp": [3696.6245045233923, 8594.076131070497, 3040.2081771069443]}, "datetime": {"datetime": "2025-08-09 00:25:16", "elapsed": 27348.1497528553, "delta": 36.20658993721008}, "costs": {"total_cost": 2331.701162608443, "time_cost": 150, "final_distance_cost": 70.35826449291513, "oscillation_cost": 928.6090872474646, "completition_cost": 1000.0, "overshoot_cost": 119.22632550016442, "power_cost": 35.84219139404297, "noise_cost": 27.665293973856127, "n_waypoints_completed": 0, "tot_waypoints": 9}}
{"target": -9714.455787350846, "params": {"k_pid_pos": [1103.056143714165, 5050.378634873093, 9819.850966748862], "k_pid_alt": [6704.654467081023, 5016.5913549401275, 5870.6825994980445], "k_pid_att": [4689.2866924796, 3182.07029594843, 6774.326853574503], "k_pid_yaw": [0.5, 1e-06, 0.1], "k_pid_hsp": [9121.67028701791, 7155.134070508554, 6747.320899312612], "k_pid_vsp": [6306.152894866231, 9268.113236895757, 6599.697572475695]}, "datetime": {"datetime": "2025-08-09 00:25:48", "elapsed": 27379.677911043167, "delta": 31.52815818786621}, "costs": {"total_cost": 9714.455787350846, "time_cost": 150, "final_distance_cost": 2412.7531551770776, "oscillation_cost": 796.5422570638575, "completition_cost": 1000.0, "overshoot_cost": 5157.110325451517, "power_cost": 58.617354028320314, "noise_cost": 139.4326956300718, "n_waypoints_completed": 0, "tot_waypoints": 9}}
{"target": -2216.3771198496497, "params": {"k_pid_pos": [2220.529413603593, 6483.013946086096, 10000.0], "k_pid_alt": [0.0, 0.0, 5648.764025234055], "k_pid_att": [10000.0, 3725.058236703647, 0.0], "k_pid_yaw": [0.5, 1e-06, 0.1], "k_pid_hsp": [10000.0, 0.0, 0.0], "k_pid_vsp": [8854.18115401706, 2921.8415389365855, 9011.948092630082]}, "datetime": {"datetime": "2025-08-09 00:26:24", "elapsed": 27416.0748796463, "delta": 36.396968603134155}, "costs": {"total_cost": 2216.3771198496497, "time_cost": 150, "final_distance_cost": 3.599918989180647, "oscillation_cost": 801.0539810504215, "completition_cost": 1000.0, "overshoot_cost": 155.89832887293684, "power_cost": 36.38323482666016, "noise_cost": 69.44165611045071, "n_waypoints_completed": 0, "tot_waypoints": 9}}
{"target": -2228.5143334685913, "params": {"k_pid_pos": [8943.952321086206, 7748.594803968301, 10000.0], "k_pid_alt": [10000.0, 6435.412650414397, 4240.4315293578975], "k_pid_att": [5669.18279361985, 7510.343079021643, 0.0], "k_pid_yaw": [0.5, 1e-06, 0.1], "k_pid_hsp": [3060.3429470414126, 944.4585176583856, 8736.02694631247], "k_pid_vsp": [1133.9027818411394, 1372.814769099196, 611.2892885913037]}, "datetime": {"datetime": "2025-08-09 00:27:03", "elapsed": 27454.787324666977, "delta": 38.71244502067566}, "costs": {"total_cost": 2228.5143334685913, "time_cost": 150, "final_distance_cost": 71.73129696474197, "oscillation_cost": 860.6411196639032, "completition_cost": 1000.0, "overshoot_cost": 82.25123071674443, "power_cost": 36.116325610351566, "noise_cost": 27.77436051285028, "n_waypoints_completed": 0, "tot_waypoints": 9}}
{"target": -2123.3748132203136, "params": {"k_pid_pos": [1871.8642923701088, 5941.381888867499, 8406.192617905517], "k_pid_alt": [5247.158372718651, 10000.0, 10000.0], "k_pid_att": [6118.5265513047625, 5840.800785793288, 0.0], "k_pid_yaw": [0.5, 1e-06, 0.1], "k_pid_hsp": [4519.08806630051, 901.7722139604722, 0.0], "k_pid_vsp": [0.0, 9180.788429489066, 9846.83008587804]}, "datetime": {"datetime": "2025-08-09 00:27:40", "elapsed": 27491.61848425865, "delta": 36.831159591674805}, "costs": {"total_cost": 2123.3748132203136, "time_cost": 150, "final_distance_cost": 101.75991818733591, "oscillation_cost": 736.8133018735632, "completition_cost": 888.8888888888888, "overshoot_cost": 180.10709898870425, "power_cost": 36.83167584228516, "noise_cost": 28.973929439536484, "n_waypoints_completed": 1, "tot_waypoints": 9}}
{"target": -2126.3109504340555, "params": {"k_pid_pos": [10000.0, 2373.1708912192107, 5904.895235869955], "k_pid_alt": [5881.396811402329, 2718.557000512803, 4703.0078681142295], "k_pid_att": [10000.0, 10000.0, 0.0], "k_pid_yaw": [0.5, 1e-06, 0.1], "k_pid_hsp": [10000.0, 2185.9187411653347, 9129.730542165642], "k_pid_vsp": [6158.989115738657, 9655.409455265282, 2809.2573769670666]}, "datetime": {"datetime": "2025-08-09 00:28:16", "elapsed": 27528.22222518921, "delta": 36.60374093055725}, "costs": {"total_cost": 2126.3109504340555, "time_cost": 150, "final_distance_cost": 44.755844274962314, "oscillation_cost": 875.568666225571, "completition_cost": 888.8888888888888, "overshoot_cost": 102.55544892487313, "power_cost": 36.47046658935547, "noise_cost": 28.07163553040492, "n_waypoints_completed": 1, "tot_waypoints": 9}}
{"target": -1110.604458497843, "params": {"k_pid_pos": [4090.6827914364603, 10000.0, 4374.901635204091], "k_pid_alt": [6072.87537278458, 0.0, 10000.0], "k_pid_att": [5885.9474580799515, 0.0, 0.0], "k_pid_yaw": [0.5, 1e-06, 0.1], "k_pid_hsp": [10000.0, 0.0, 5861.483670890688], "k_pid_vsp": [10000.0, 6766.9803885242045, 4591.182210773044]}, "datetime": {"datetime": "2025-08-09 00:28:53", "elapsed": 27565.434062719345, "delta": 37.21183753013611}, "costs": {"total_cost": 1110.604458497843, "time_cost": 150, "final_distance_cost": 68.27449952739545, "oscillation_cost": 420.56155956973817, "completition_cost": 333.33333333333337, "overshoot_cost": 70.93546841985788, "power_cost": 39.20239622802735, "noise_cost": 28.29720141949119, "n_waypoints_completed": 6, "tot_waypoints": 9}}
{"target": -14499.461005069881, "params": {"k_pid_pos": [5867.481618814614, 2722.4171426914013, 7470.821725175444], "k_pid_alt": [4170.37255845286, 3855.57272024209, 4782.518126497447], "k_pid_att": [113.86464907070626, 2978.977463403165, 4422.265972595275], "k_pid_yaw": [0.5, 1e-06, 0.1], "k_pid_hsp": [2760.8050497569, 4258.121229200108, 4192.255542854303], "k_pid_vsp": [7323.456018709619, 9402.527125256072, 7197.465107623107]}, "datetime": {"datetime": "2025-08-09 00:29:24", "elapsed": 27596.48553776741, "delta": 31.051475048065186}, "costs": {"total_cost": 14499.461005069881, "time_cost": 150, "final_distance_cost": 4216.624791159005, "oscillation_cost": 922.5706154785031, "completition_cost": 1000.0, "overshoot_cost": 8013.772411619122, "power_cost": 58.62133884277344, "noise_cost": 137.87184797047712, "n_waypoints_completed": 0, "tot_waypoints": 9}}
{"target": -1313.417831731353, "params": {"k_pid_pos": [10000.0, 10000.0, 4978.683288433932], "k_pid_alt": [1689.349230927509, 3875.799040761738, 965.6056041195056], "k_pid_att": [10000.0, 10000.0, 0.0], "k_pid_yaw": [0.5, 1e-06, 0.1], "k_pid_hsp": [10000.0, 5385.503961678437, 3790.8321620234847], "k_pid_vsp": [0.0, 5318.79885446551, 752.400279646215]}, "datetime": {"datetime": "2025-08-09 00:30:02", "elapsed": 27633.588671445847, "delta": 37.10313367843628}, "costs": {"total_cost": 1313.417831731353, "time_cost": 150, "final_distance_cost": 97.04060227730044, "oscillation_cost": 250.11472751466627, "completition_cost": 666.6666666666667, "overshoot_cost": 80.58037402190986, "power_cost": 40.389117480468755, "noise_cost": 28.626343770341155, "n_waypoints_completed": 3, "tot_waypoints": 9}}
{"target": -736.5017598078168, "params": {"k_pid_pos": [10000.0, 5626.579542831848, 5475.0979706477065], "k_pid_alt": [3900.956971007458, 0.0, 7337.381161460728], "k_pid_att": [8493.908202227994, 0.0, 0.0], "k_pid_yaw": [0.5, 1e-06, 0.1], "k_pid_hsp": [10000.0, 10000.0, 0.0], "k_pid_vsp": [10000.0, 2230.8334519798364, 429.2366806405921]}, "datetime": {"datetime": "2025-08-09 00:30:38", "elapsed": 27669.612469911575, "delta": 36.02379846572876}, "costs": {"total_cost": 736.5017598078168, "time_cost": 150, "final_distance_cost": 9.015367377874403, "oscillation_cost": 320.69168813879253, "completition_cost": 111.11111111111116, "overshoot_cost": 76.2659493477547, "power_cost": 40.71922204589844, "noise_cost": 28.698421786385556, "n_waypoints_completed": 8, "tot_waypoints": 9}}
{"target": -3775.568124241426, "params": {"k_pid_pos": [7523.668459908078, 3109.83471064323, 8594.80491776939], "k_pid_alt": [948.4213323798684, 5821.037940979098, 6747.644961549032], "k_pid_att": [6085.987758102158, 9834.511201910433, 4403.506513001342], "k_pid_yaw": [0.5, 1e-06, 0.1], "k_pid_hsp": [9071.578788860359, 5479.112542265091, 6276.595374760657], "k_pid_vsp": [1183.8937824389727, 3044.8560262068568, 141.92784829111127]}, "datetime": {"datetime": "2025-08-09 00:31:09", "elapsed": 27701.505594730377, "delta": 31.89312481880188}, "costs": {"total_cost": 3775.568124241426, "time_cost": 150, "final_distance_cost": 587.6458356417185, "oscillation_cost": 659.1817867344254, "completition_cost": 1000.0, "overshoot_cost": 1183.8310009555723, "power_cost": 58.623538281250006, "noise_cost": 136.28596262845923, "n_waypoints_completed": 0, "tot_waypoints": 9}}
{"target": -897.2814200744222, "params": {"k_pid_pos": [6472.066452174934, 5935.787878384397, 10000.0], "k_pid_alt": [7531.406881720143, 0.0, 7117.148060114181], "k_pid_att": [10000.0, 2780.4496302040066, 0.0], "k_pid_yaw": [0.5, 1e-06, 0.1], "k_pid_hsp": [10000.0, 10000.0, 2394.2716694463866], "k_pid_vsp": [10000.0, 0.0, 8410.071657783847]}, "datetime": {"datetime": "2025-08-09 00:31:46", "elapsed": 27738.00626397133, "delta": 36.50066924095154}, "costs": {"total_cost": 897.2814200744222, "time_cost": 150, "final_distance_cost": 60.331128783738336, "oscillation_cost": 334.5466032357675, "completition_cost": 222.2222222222222, "overshoot_cost": 62.211127458560625, "power_cost": 39.5302328125, "noise_cost": 28.440105561633462, "n_waypoints_completed": 7, "tot_waypoints": 9}}
