{"target": -2219.1324173668827, "params": {"k_pid_pos": [1502.0241380103032, 3830.5228153224566, 7667.375450696148], "k_pid_alt": [10000.0, 7655.322060148691, 0.0], "k_pid_att": [6023.105313063552, 7515.0811511759375, 0.0], "k_pid_yaw": [0.5, 1e-06, 0.1], "k_pid_hsp": [1935.9207601319085, 0.0, 0.0], "k_pid_vsp": [0.0, 7167.1907169597, 6804.518231558027]}, "datetime": {"datetime": "2025-08-08 21:27:07", "elapsed": 16658.98721075058, "delta": 34.739985704422}, "costs": {"total_cost": 2219.1324173668827, "time_cost": 150, "final_distance_cost": 131.36150420225883, "oscillation_cost": 788.3403812193375, "completition_cost": 888.8888888888888, "overshoot_cost": 195.13649244391266, "power_cost": 36.7578051147461, "noise_cost": 28.647345497738836, "n_waypoints_completed": 1, "tot_waypoints": 9}}
{"target": -771.9422687332985, "params": {"k_pid_pos": [10000.0, 10000.0, 10000.0], "k_pid_alt": [10000.0, 0.0, 9901.74863217662], "k_pid_att": [6614.338330003241, 3732.626012952631, 0.0], "k_pid_yaw": [0.5, 1e-06, 0.1], "k_pid_hsp": [6658.4326919657415, 6263.323125809892, 0.0], "k_pid_vsp": [10000.0, 5086.6072566023095, 3423.6225206839795]}, "datetime": {"datetime": "2025-08-08 21:27:42", "elapsed": 16693.967074632645, "delta": 34.97986388206482}, "costs": {"total_cost": 771.9422687332985, "time_cost": 150, "final_distance_cost": 22.75637377772554, "oscillation_cost": 338.6400500547427, "completition_cost": 111.11111111111116, "overshoot_cost": 79.25861481424312, "power_cost": 41.30353392333985, "noise_cost": 28.87258505213609, "n_waypoints_completed": 8, "tot_waypoints": 9}}
{"target": -21865.979016416233, "params": {"k_pid_pos": [6378.648208447942, 8076.06472537369, 4026.9435713171197], "k_pid_alt": [7269.2733673041585, 97.58213371441559, 8733.649983258516], "k_pid_att": [3568.085000313518, 7537.997881216358, 4397.948144499736], "k_pid_yaw": [0.5, 1e-06, 0.1], "k_pid_hsp": [5000.059623212733, 7129.850941257458, 4415.884323074194], "k_pid_vsp": [2662.6520797980224, 1590.9799311663376, 729.1108435766946]}, "datetime": {"datetime": "2025-08-08 21:28:13", "elapsed": 16724.980209112167, "delta": 31.013134479522705}, "costs": {"total_cost": 21865.979016416233, "time_cost": 150, "final_distance_cost": 6655.543632766721, "oscillation_cost": 1688.4724779210144, "completition_cost": 1000.0, "overshoot_cost": 12169.024485722488, "power_cost": 58.65945769042969, "noise_cost": 144.27896231557963, "n_waypoints_completed": 0, "tot_waypoints": 9}}
{"target": -7208.022395562315, "params": {"k_pid_pos": [6827.088177229736, 7551.304360341703, 8365.220559443866], "k_pid_alt": [8838.326247810683, 4747.645778052784, 9771.77941233287], "k_pid_att": [9811.275919415808, 4392.911229472067, 6851.420901862898], "k_pid_yaw": [0.5, 1e-06, 0.1], "k_pid_hsp": [8538.108368595449, 2142.431848785382, 6474.539520889484], "k_pid_vsp": [7805.747614148852, 3420.0477756884106, 2435.420270577935]}, "datetime": {"datetime": "2025-08-08 21:28:43", "elapsed": 16755.483624458313, "delta": 30.50341534614563}, "costs": {"total_cost": 7208.022395562315, "time_cost": 150, "final_distance_cost": 1692.5381391735875, "oscillation_cost": 702.4029374309432, "completition_cost": 1000.0, "overshoot_cost": 3467.621036646622, "power_cost": 58.59431290283204, "noise_cost": 136.86596940832965, "n_waypoints_completed": 0, "tot_waypoints": 9}}
{"target": -1138.8623379199485, "params": {"k_pid_pos": [10000.0, 10000.0, 10000.0], "k_pid_alt": [6657.8452428543005, 0.0, 2456.841486409805], "k_pid_att": [10000.0, 2936.438566316328, 0.0], "k_pid_yaw": [0.5, 1e-06, 0.1], "k_pid_hsp": [5406.09227166468, 10000.0, 0.0], "k_pid_vsp": [10000.0, 0.0, 0.0]}, "datetime": {"datetime": "2025-08-08 21:29:17", "elapsed": 16789.227343320847, "delta": 33.74371886253357}, "costs": {"total_cost": 1138.8623379199485, "time_cost": 150, "final_distance_cost": 69.28237859370765, "oscillation_cost": 458.53033849732304, "completition_cost": 333.33333333333337, "overshoot_cost": 57.095317700473856, "power_cost": 41.75061202392578, "noise_cost": 28.87035777118498, "n_waypoints_completed": 6, "tot_waypoints": 9}}
{"target": -4665.815856556422, "params": {"k_pid_pos": [7274.86160062875, 4358.118635448301, 4396.505362219162], "k_pid_alt": [7024.491449319024, 4756.112416644488, 9926.808708629093], "k_pid_att": [4330.476899818858, 2610.5361107764857, 1994.2948704268804], "k_pid_yaw": [0.5, 1e-06, 0.1], "k_pid_hsp": [216.0388990808726, 2722.2066873814033, 8727.15572955497], "k_pid_vsp": [5375.19623141292, 633.2571438116696, 6974.721959487635]}, "datetime": {"datetime": "2025-08-08 21:29:48", "elapsed": 16819.539068698883, "delta": 30.3117253780365}, "costs": {"total_cost": 4665.815856556422, "time_cost": 150, "final_distance_cost": 1059.6562097454412, "oscillation_cost": 518.4839480988888, "completition_cost": 1000.0, "overshoot_cost": 1776.344484662664, "power_cost": 53.625218664550786, "noise_cost": 107.70599538487787, "n_waypoints_completed": 0, "tot_waypoints": 9}}
{"target": -5694.726687988189, "params": {"k_pid_pos": [3455.759068259675, 2728.6172720944746, 5038.685372639651], "k_pid_alt": [5960.792132739134, 7709.007190889154, 2958.8828401049473], "k_pid_att": [8179.465812948882, 7265.339243803865, 946.8582485706468], "k_pid_yaw": [0.5, 1e-06, 0.1], "k_pid_hsp": [4753.253962717055, 2465.9704048100293, 8105.644540531605], "k_pid_vsp": [4433.77931064797, 1129.8118459971097, 7775.1146769374145]}, "datetime": {"datetime": "2025-08-08 21:30:18", "elapsed": 16849.578768491745, "delta": 30.03969979286194}, "costs": {"total_cost": 5694.726687988189, "time_cost": 150, "final_distance_cost": 1358.2993740118136, "oscillation_cost": 247.0591345936899, "completition_cost": 1000.0, "overshoot_cost": 2876.3374155361944, "power_cost": 35.214481176757815, "noise_cost": 27.816282669733898, "n_waypoints_completed": 0, "tot_waypoints": 9}}
{"target": -1005.1844549242418, "params": {"k_pid_pos": [10000.0, 5240.746057393043, 3878.3888348835694], "k_pid_alt": [7892.778308833238, 0.0, 2468.7191896929694], "k_pid_att": [10000.0, 4375.890886627638, 0.0], "k_pid_yaw": [0.5, 1e-06, 0.1], "k_pid_hsp": [10000.0, 10000.0, 0.0], "k_pid_vsp": [8474.12208168139, 3873.9630165361655, 5359.555577445597]}, "datetime": {"datetime": "2025-08-08 21:30:52", "elapsed": 16884.265924692154, "delta": 34.687156200408936}, "costs": {"total_cost": 1005.1844549242418, "time_cost": 150, "final_distance_cost": 74.56037034013836, "oscillation_cost": 311.65667350572784, "completition_cost": 333.33333333333337, "overshoot_cost": 64.86848595155234, "power_cost": 41.87726177978516, "noise_cost": 28.888330013704692, "n_waypoints_completed": 6, "tot_waypoints": 9}}
{"target": -1500.833120603255, "params": {"k_pid_pos": [0.0, 2641.11366532083, 0.0], "k_pid_alt": [9057.398491251637, 4888.692913199299, 0.0], "k_pid_att": [8007.20116743324, 5253.397048664012, 0.0], "k_pid_yaw": [0.5, 1e-06, 0.1], "k_pid_hsp": [4651.960683408803, 10000.0, 0.0], "k_pid_vsp": [2661.1745242979573, 0.0, 1138.560074489709]}, "datetime": {"datetime": "2025-08-08 21:31:26", "elapsed": 16918.297156095505, "delta": 34.03123140335083}, "costs": {"total_cost": 1500.833120603255, "time_cost": 150, "final_distance_cost": 56.13708729901782, "oscillation_cost": 156.550690378542, "completition_cost": 1000.0, "overshoot_cost": 63.47187435450113, "power_cost": 45.113827233886724, "noise_cost": 29.559641337307557, "n_waypoints_completed": 0, "tot_waypoints": 9}}
{"target": -2211.044229391367, "params": {"k_pid_pos": [9279.389530629383, 3407.3695046825915, 3034.1718532344253], "k_pid_alt": [4869.565692181666, 334.32616720539875, 2589.8363785520073], "k_pid_att": [1156.962271581059, 4808.040039445283, 385.8267915754543], "k_pid_yaw": [0.5, 1e-06, 0.1], "k_pid_hsp": [697.5512212874269, 1611.0459239821328, 9087.291972533074], "k_pid_vsp": [3723.6660804248622, 168.13523467010262, 8816.4887210346]}, "datetime": {"datetime": "2025-08-08 21:31:57", "elapsed": 16948.796617031097, "delta": 30.49946093559265}, "costs": {"total_cost": 2211.044229391367, "time_cost": 150, "final_distance_cost": 87.18746523988727, "oscillation_cost": 527.5719028413939, "completition_cost": 1000.0, "overshoot_cost": 272.0207961035287, "power_cost": 55.254319165039064, "noise_cost": 119.00974604151799, "n_waypoints_completed": 0, "tot_waypoints": 9}}
{"target": -6018.074833383107, "params": {"k_pid_pos": [2832.59831639717, 4932.718561644119, 946.1159245578588], "k_pid_alt": [4265.591102481788, 8483.023282809694, 2336.7767870230305], "k_pid_att": [4531.228395223681, 1834.9970697041063, 1335.4913851743743], "k_pid_yaw": [0.5, 1e-06, 0.1], "k_pid_hsp": [1707.177644499962, 4742.013662901965, 6083.448932267691], "k_pid_vsp": [7880.257919267537, 6803.430390799877, 7112.769039219869]}, "datetime": {"datetime": "2025-08-08 21:32:28", "elapsed": 16979.86224412918, "delta": 31.065627098083496}, "costs": {"total_cost": 6018.074833383107, "time_cost": 150, "final_distance_cost": 976.7705978665715, "oscillation_cost": 664.6921984385821, "completition_cost": 1000.0, "overshoot_cost": 3047.195023664868, "power_cost": 58.32710968017578, "noise_cost": 121.08990373291034, "n_waypoints_completed": 0, "tot_waypoints": 9}}
{"target": -3260.938569824302, "params": {"k_pid_pos": [5883.405167442332, 19.834576348630726, 7581.000450518167], "k_pid_alt": [8292.348945941374, 8380.739430789283, 2380.7064285187917], "k_pid_att": [9491.391292617069, 5149.035640103685, 2266.6870983880917], "k_pid_yaw": [0.5, 1e-06, 0.1], "k_pid_hsp": [1423.9877646734333, 2098.2685118122067, 9260.268391698886], "k_pid_vsp": [4816.759834995047, 4316.382341904783, 198.252536186313]}, "datetime": {"datetime": "2025-08-08 21:32:59", "elapsed": 17010.59364247322, "delta": 30.731398344039917}, "costs": {"total_cost": 3260.938569824302, "time_cost": 150, "final_distance_cost": 647.1917952259586, "oscillation_cost": 229.94518249266469, "completition_cost": 1000.0, "overshoot_cost": 1134.7172922771915, "power_cost": 44.06484489746094, "noise_cost": 55.01945493102628, "n_waypoints_completed": 0, "tot_waypoints": 9}}
{"target": -5236.899356162369, "params": {"k_pid_pos": [5281.931286650885, 7105.240047450147, 6964.975868626791], "k_pid_alt": [7342.929210820485, 5168.570733790178, 1381.9541429611504], "k_pid_att": [3111.1391869309223, 3199.672856303849, 6239.948201299881], "k_pid_yaw": [0.5, 1e-06, 0.1], "k_pid_hsp": [8017.68946080126, 6175.937526664693, 4641.386684311644], "k_pid_vsp": [7637.810738068861, 356.3323971734922, 2698.6307705477907]}, "datetime": {"datetime": "2025-08-08 21:33:29", "elapsed": 17041.279803037643, "delta": 30.686160564422607}, "costs": {"total_cost": 5236.899356162369, "time_cost": 150, "final_distance_cost": 1021.9423634166379, "oscillation_cost": 785.0404535830463, "completition_cost": 1000.0, "overshoot_cost": 2096.3865232530607, "power_cost": 58.58709399414063, "noise_cost": 124.94292191548469, "n_waypoints_completed": 0, "tot_waypoints": 9}}
{"target": -2248.707437602997, "params": {"k_pid_pos": [9317.010784649381, 3243.9030652871093, 0.0], "k_pid_alt": [6799.026760073838, 7870.0960683869735, 108.23887682994574], "k_pid_att": [7512.755367407691, 2794.8416940189522, 0.0], "k_pid_yaw": [0.5, 1e-06, 0.1], "k_pid_hsp": [1201.7705550848648, 5342.374073787919, 7270.241388317472], "k_pid_vsp": [2751.101113144692, 0.0, 1285.0233529499592]}, "datetime": {"datetime": "2025-08-08 21:34:04", "elapsed": 17075.648859500885, "delta": 34.36905646324158}, "costs": {"total_cost": 2248.707437602997, "time_cost": 150, "final_distance_cost": 107.09385045176852, "oscillation_cost": 783.0434505653946, "completition_cost": 1000.0, "overshoot_cost": 144.6824592357745, "power_cost": 36.124927661132816, "noise_cost": 27.76274968892626, "n_waypoints_completed": 0, "tot_waypoints": 9}}
{"target": -14426.33519219009, "params": {"k_pid_pos": [8293.302224676936, 4916.549334431839, 1331.293923198692], "k_pid_alt": [2179.41085953657, 2986.389444566917, 5880.173170599869], "k_pid_att": [2118.261084196639, 7770.228879032304, 3712.6352732112387], "k_pid_yaw": [0.5, 1e-06, 0.1], "k_pid_hsp": [969.0645978207557, 5488.40267212276, 3259.4803200181786], "k_pid_vsp": [2639.571625828947, 2291.8492423081993, 9782.070342507128]}, "datetime": {"datetime": "2025-08-08 21:34:34", "elapsed": 17105.681888580322, "delta": 30.033029079437256}, "costs": {"total_cost": 14426.33519219009, "time_cost": 150, "final_distance_cost": 3808.0332997357814, "oscillation_cost": 1674.6034201765908, "completition_cost": 1000.0, "overshoot_cost": 7611.873312246213, "power_cost": 54.838187219238286, "noise_cost": 126.98697281226649, "n_waypoints_completed": 0, "tot_waypoints": 9}}
{"target": -4634.213984547099, "params": {"k_pid_pos": [7811.089411984222, 8884.970830098431, 4660.128224926368], "k_pid_alt": [7372.359748449705, 1003.8806372825903, 9910.790536271588], "k_pid_att": [6194.854368112399, 1134.3030220401972, 4777.498263514959], "k_pid_yaw": [0.5, 1e-06, 0.1], "k_pid_hsp": [1738.4547291963904, 876.7399888983241, 3527.4342862257913], "k_pid_vsp": [5735.684128472501, 4546.505273018645, 7248.385050898877]}, "datetime": {"datetime": "2025-08-08 21:35:04", "elapsed": 17136.26400566101, "delta": 30.582117080688477}, "costs": {"total_cost": 4634.213984547099, "time_cost": 150, "final_distance_cost": 676.7697440772307, "oscillation_cost": 213.57243852618024, "completition_cost": 1000.0, "overshoot_cost": 2523.2013955993843, "power_cost": 41.54211094970703, "noise_cost": 29.1282953945963, "n_waypoints_completed": 0, "tot_waypoints": 9}}
{"target": -3921.8608704933836, "params": {"k_pid_pos": [5434.478431679837, 3968.932857056732, 7275.461208287774], "k_pid_alt": [6335.076119065964, 5079.520888441085, 731.9161799645079], "k_pid_att": [6930.659722872985, 7829.45077886393, 3451.58031539305], "k_pid_yaw": [0.5, 1e-06, 0.1], "k_pid_hsp": [5914.605644886312, 2114.696526718017, 6250.450810122747], "k_pid_vsp": [6572.460068269564, 4340.021187449873, 3106.0897312720135]}, "datetime": {"datetime": "2025-08-08 21:35:39", "elapsed": 17171.354696273804, "delta": 35.09069061279297}, "costs": {"total_cost": 3921.8608704933836, "time_cost": 150, "final_distance_cost": 448.53839260626603, "oscillation_cost": 650.355288160211, "completition_cost": 1000.0, "overshoot_cost": 1488.155648305377, "power_cost": 58.628789587402345, "noise_cost": 126.18275183412698, "n_waypoints_completed": 0, "tot_waypoints": 9}}
{"target": -15392.306555532496, "params": {"k_pid_pos": [4110.349695152167, 8879.453613096392, 2.981719108497982], "k_pid_alt": [2069.297061970753, 344.5221217083316, 4980.049794341572], "k_pid_att": [4439.590266979243, 4329.9772413109895, 7400.049410723584], "k_pid_yaw": [0.5, 1e-06, 0.1], "k_pid_hsp": [6340.976011013123, 6465.953854710379, 822.6889214287946], "k_pid_vsp": [6114.72883049898, 9266.664210274343, 7203.2316711310095]}, "datetime": {"datetime": "2025-08-08 21:36:11", "elapsed": 17203.460505723953, "delta": 32.105809450149536}, "costs": {"total_cost": 15392.306555532496, "time_cost": 150, "final_distance_cost": 4736.745562120066, "oscillation_cost": 805.0961166285634, "completition_cost": 1000.0, "overshoot_cost": 8499.506490587946, "power_cost": 58.598916455078125, "noise_cost": 142.3594697408422, "n_waypoints_completed": 0, "tot_waypoints": 9}}
{"target": -9020.676239537424, "params": {"k_pid_pos": [7900.261495825925, 8184.019504544942, 6943.505433412605], "k_pid_alt": [66.64690940849982, 7730.892653522847, 3190.8923191091308], "k_pid_att": [4982.54256681248, 6854.222985103963, 6515.330280513428], "k_pid_yaw": [0.5, 1e-06, 0.1], "k_pid_hsp": [8625.896305031845, 1693.0007828281246, 7093.822000719792], "k_pid_vsp": [270.8393579960355, 6689.454561398951, 999.3805185244508]}, "datetime": {"datetime": "2025-08-08 21:36:42", "elapsed": 17234.212552070618, "delta": 30.75204634666443}, "costs": {"total_cost": 9020.676239537424, "time_cost": 150, "final_distance_cost": 1768.6155078330369, "oscillation_cost": 1144.013478837443, "completition_cost": 1000.0, "overshoot_cost": 4756.332287499896, "power_cost": 58.656253710937506, "noise_cost": 143.0587116561126, "n_waypoints_completed": 0, "tot_waypoints": 9}}
{"target": -2149.541892312487, "params": {"k_pid_pos": [10000.0, 10000.0, 10000.0], "k_pid_alt": [6965.087080296984, 0.0, 7313.372481152069], "k_pid_att": [10000.0, 5327.745095041821, 0.0], "k_pid_yaw": [0.5, 1e-06, 0.1], "k_pid_hsp": [0.0, 0.0, 3988.7108424365388], "k_pid_vsp": [5844.43868649148, 7144.123496212909, 2312.3548741104987]}, "datetime": {"datetime": "2025-08-08 21:37:17", "elapsed": 17269.304705619812, "delta": 35.092153549194336}, "costs": {"total_cost": 2149.541892312487, "time_cost": 150, "final_distance_cost": 49.03767294326643, "oscillation_cost": 799.8219253136511, "completition_cost": 1000.0, "overshoot_cost": 87.54039578356665, "power_cost": 35.49606363525391, "noise_cost": 27.645834636748862, "n_waypoints_completed": 0, "tot_waypoints": 9}}
{"target": -2067.8246303126202, "params": {"k_pid_pos": [4224.665853042232, 6916.282501123953, 10000.0], "k_pid_alt": [10000.0, 0.0, 0.0], "k_pid_att": [3593.0486789723245, 3190.099571709913, 0.0], "k_pid_yaw": [0.5, 1e-06, 0.1], "k_pid_hsp": [0.0, 1195.7705283509365, 7244.1673233922065], "k_pid_vsp": [4032.873761022057, 0.0, 1689.9523031090396]}, "datetime": {"datetime": "2025-08-08 21:37:52", "elapsed": 17303.67059326172, "delta": 34.36588764190674}, "costs": {"total_cost": 2067.8246303126202, "time_cost": 150, "final_distance_cost": 62.547864447860654, "oscillation_cost": 841.8049239613521, "completition_cost": 888.8888888888888, "overshoot_cost": 61.1152160032983, "power_cost": 35.80809879150391, "noise_cost": 27.65963821971686, "n_waypoints_completed": 1, "tot_waypoints": 9}}
{"target": -1721.8056568689724, "params": {"k_pid_pos": [4957.661647037598, 2009.9498878868076, 1708.9566723443227], "k_pid_alt": [10000.0, 7140.901931619172, 0.0], "k_pid_att": [10000.0, 10000.0, 0.0], "k_pid_yaw": [0.5, 1e-06, 0.1], "k_pid_hsp": [10000.0, 0.0, 5519.89122624294], "k_pid_vsp": [6933.870376583134, 7178.118826538469, 0.0]}, "datetime": {"datetime": "2025-08-08 21:38:26", "elapsed": 17337.82769227028, "delta": 34.15709900856018}, "costs": {"total_cost": 1721.8056568689724, "time_cost": 150, "final_distance_cost": 33.25583408252172, "oscillation_cost": 408.2411185097283, "completition_cost": 1000.0, "overshoot_cost": 62.90524340211085, "power_cost": 38.991919750976564, "noise_cost": 28.41154112363457, "n_waypoints_completed": 0, "tot_waypoints": 9}}
{"target": -2671.6462342259256, "params": {"k_pid_pos": [1275.8465773052874, 9290.80963192912, 3384.94037500961], "k_pid_alt": [6541.312211707653, 4758.175702506449, 3313.353222946691], "k_pid_att": [7517.495288868294, 4045.3619689712973, 2956.7136460398633], "k_pid_yaw": [0.5, 1e-06, 0.1], "k_pid_hsp": [4803.072497850247, 7175.536689925561, 1124.0381113607646], "k_pid_vsp": [4023.8461451276985, 1419.768896967114, 19.682054494294388]}, "datetime": {"datetime": "2025-08-08 21:38:56", "elapsed": 17368.149427175522, "delta": 30.32173490524292}, "costs": {"total_cost": 2671.6462342259256, "time_cost": 150, "final_distance_cost": 354.9118198280828, "oscillation_cost": 315.6571317379848, "completition_cost": 1000.0, "overshoot_cost": 743.5714135728086, "power_cost": 48.194483813476566, "noise_cost": 59.31138527357289, "n_waypoints_completed": 0, "tot_waypoints": 9}}
{"target": -1499.2795836286764, "params": {"k_pid_pos": [3546.530067601991, 10000.0, 10000.0], "k_pid_alt": [10000.0, 4345.568363257742, 2064.9167302286796], "k_pid_att": [5832.817647917336, 2516.4417706141144, 0.0], "k_pid_yaw": [0.5, 1e-06, 0.1], "k_pid_hsp": [10000.0, 9141.718546972139, 5621.011573354424], "k_pid_vsp": [10000.0, 0.0, 1828.8116722444418]}, "datetime": {"datetime": "2025-08-08 21:39:30", "elapsed": 17402.464272499084, "delta": 34.31484532356262}, "costs": {"total_cost": 1499.2795836286764, "time_cost": 150, "final_distance_cost": 58.01951451584612, "oscillation_cost": 265.6186173468298, "completition_cost": 888.8888888888888, "overshoot_cost": 67.80596494993381, "power_cost": 40.30918781738281, "noise_cost": 28.63741010979532, "n_waypoints_completed": 1, "tot_waypoints": 9}}
{"target": -3579.1566756839766, "params": {"k_pid_pos": [3484.7319094207396, 5087.270233412652, 7355.937474075051], "k_pid_alt": [2463.1238953463862, 1948.314232358459, 4105.777898274909], "k_pid_att": [4487.2105139036275, 8555.750825341227, 3901.858786682344], "k_pid_yaw": [0.5, 1e-06, 0.1], "k_pid_hsp": [8732.16554041646, 990.9156648941575, 6870.904828957816], "k_pid_vsp": [9189.648379652524, 1124.789381446285, 8930.316551396694]}, "datetime": {"datetime": "2025-08-08 21:40:01", "elapsed": 17432.84136724472, "delta": 30.377094745635986}, "costs": {"total_cost": 3579.1566756839766, "time_cost": 150, "final_distance_cost": 228.35408953797577, "oscillation_cost": 611.3584212039565, "completition_cost": 1000.0, "overshoot_cost": 1409.0248705455772, "power_cost": 56.854400036621094, "noise_cost": 123.56489435984616, "n_waypoints_completed": 0, "tot_waypoints": 9}}
{"target": -2273.424616736462, "params": {"k_pid_pos": [10000.0, 5912.807572480826, 8427.70414965596], "k_pid_alt": [10000.0, 8667.89921730283, 4629.871592989482], "k_pid_att": [8696.780808068188, 5703.472169569808, 0.0], "k_pid_yaw": [0.5, 1e-06, 0.1], "k_pid_hsp": [0.0, 4491.075671801593, 7327.205511524885], "k_pid_vsp": [7797.893196274912, 2810.8089306947886, 1888.6419345474444]}, "datetime": {"datetime": "2025-08-08 21:40:35", "elapsed": 17466.68031811714, "delta": 33.838950872421265}, "costs": {"total_cost": 2273.424616736462, "time_cost": 150, "final_distance_cost": 90.290575469652, "oscillation_cost": 848.6913840223972, "completition_cost": 1000.0, "overshoot_cost": 120.42197709858037, "power_cost": 36.245867541503905, "noise_cost": 27.774812604329068, "n_waypoints_completed": 0, "tot_waypoints": 9}}
