{"target": -7418.441634653344, "params": {"k_pid_pos": [2453.1196562340183, 579.3478533083762, 3658.138452219106], "k_pid_alt": [7638.254637015673, 8878.356239041079, 2010.319672245815], "k_pid_att": [29.01844262544584, 1782.6001700128136, 6625.334055634319], "k_pid_yaw": [0.5, 1e-06, 0.1], "k_pid_hsp": [5081.464739350819, 4516.214007668321, 8124.155723746862], "k_pid_vsp": [5595.351661518785, 2149.130274523584, 7182.725332842321]}, "datetime": {"datetime": "2025-08-08 20:18:11", "elapsed": 12522.620023965836, "delta": 30.52742624282837}, "costs": {"total_cost": 7418.441634653344, "time_cost": 150, "final_distance_cost": 1445.5466112835245, "oscillation_cost": 438.3465031893273, "completition_cost": 1000.0, "overshoot_cost": 4214.430363274126, "power_cost": 54.33893400878907, "noise_cost": 115.77922289757821, "n_waypoints_completed": 0, "tot_waypoints": 9}}
{"target": -1413.4337206292194, "params": {"k_pid_pos": [0.0, 5420.774508337117, 5212.0245732796775], "k_pid_alt": [10000.0, 2254.462953949787, 10000.0], "k_pid_att": [5627.532473752997, 4493.915385168216, 0.0], "k_pid_yaw": [0.5, 1e-06, 0.1], "k_pid_hsp": [4752.478373904033, 5524.066966728686, 0.0], "k_pid_vsp": [2128.0865323304865, 10000.0, 5106.900274836055]}, "datetime": {"datetime": "2025-08-08 20:18:44", "elapsed": 12556.003142595291, "delta": 33.383118629455566}, "costs": {"total_cost": 1413.4337206292194, "time_cost": 150, "final_distance_cost": 87.03044409395304, "oscillation_cost": 278.43525056304543, "completition_cost": 777.7777777777778, "overshoot_cost": 48.67270977111431, "power_cost": 42.22460192871094, "noise_cost": 29.29293649461787, "n_waypoints_completed": 2, "tot_waypoints": 9}}
{"target": -2116.2127799668688, "params": {"k_pid_pos": [6235.842662036179, 2387.394561374029, 3578.151334641505], "k_pid_alt": [1581.128182553374, 1499.9427186862824, 8095.717018842148], "k_pid_att": [4114.917151367802, 2854.705978814394, 1557.2922873451178], "k_pid_yaw": [0.5, 1e-06, 0.1], "k_pid_hsp": [6420.56310333542, 3140.3115021897697, 5109.057891797246], "k_pid_vsp": [178.24257905021958, 9262.853676312736, 4427.733358302676]}, "datetime": {"datetime": "2025-08-08 20:19:15", "elapsed": 12586.863005399704, "delta": 30.859862804412842}, "costs": {"total_cost": 2116.2127799668688, "time_cost": 150, "final_distance_cost": 167.3190760234903, "oscillation_cost": 189.65344793529658, "completition_cost": 1000.0, "overshoot_cost": 517.1968379726203, "power_cost": 41.36066812744141, "noise_cost": 50.68274990801999, "n_waypoints_completed": 0, "tot_waypoints": 9}}
{"target": -3045.233212733409, "params": {"k_pid_pos": [4744.0964133172765, 7779.720046498274, 8317.496825372975], "k_pid_alt": [7128.9923504210465, 4749.1492612852035, 5818.278261555486], "k_pid_att": [9162.375694843475, 8081.9693011272, 2875.8882834518863], "k_pid_yaw": [0.5, 1e-06, 0.1], "k_pid_hsp": [3970.653757184761, 9250.767594707371, 2605.673997845268], "k_pid_vsp": [7093.778948564965, 9420.528453570512, 7365.553813009239]}, "datetime": {"datetime": "2025-08-08 20:19:45", "elapsed": 12617.387224912643, "delta": 30.524219512939453}, "costs": {"total_cost": 3045.233212733409, "time_cost": 150, "final_distance_cost": 580.835209200853, "oscillation_cost": 105.81955263591851, "completition_cost": 1000.0, "overshoot_cost": 1140.6010390120405, "power_cost": 36.57470236816406, "noise_cost": 31.402709516432477, "n_waypoints_completed": 0, "tot_waypoints": 9}}
{"target": -23149.6879088261, "params": {"k_pid_pos": [1076.9582499896846, 8414.339307200817, 2655.4464713393577], "k_pid_alt": [5127.231577273868, 300.00568132447114, 6599.0849112464075], "k_pid_att": [3934.5472136158833, 8274.909786603666, 5073.549850092533], "k_pid_yaw": [0.5, 1e-06, 0.1], "k_pid_hsp": [9039.485456662202, 2434.1738728366745, 1182.2556585824495], "k_pid_vsp": [5002.018255854883, 8349.115897652191, 4198.770728039407]}, "datetime": {"datetime": "2025-08-08 20:20:16", "elapsed": 12647.693486452103, "delta": 30.30626153945923}, "costs": {"total_cost": 23149.6879088261, "time_cost": 150, "final_distance_cost": 7163.711922490063, "oscillation_cost": 1617.8093188826929, "completition_cost": 1000.0, "overshoot_cost": 13016.561679893579, "power_cost": 58.655612695312506, "noise_cost": 142.9493748644522, "n_waypoints_completed": 0, "tot_waypoints": 9}}
{"target": -28751.3552819105, "params": {"k_pid_pos": [3672.816905571398, 786.6564681587151, 7716.161859602357], "k_pid_alt": [3954.306742248157, 6411.889158144701, 8428.369656051764], "k_pid_att": [5288.048041226179, 778.5016816562173, 2962.768497679399], "k_pid_yaw": [0.5, 1e-06, 0.1], "k_pid_hsp": [4076.6774594445087, 3401.653211733857, 8087.005811835254], "k_pid_vsp": [1325.8589432727442, 6949.199566655535, 79.3647213027493]}, "datetime": {"datetime": "2025-08-08 20:20:46", "elapsed": 12678.206513166428, "delta": 30.51302671432495}, "costs": {"total_cost": 28751.3552819105, "time_cost": 150, "final_distance_cost": 8876.225524279425, "oscillation_cost": 677.7862555503747, "completition_cost": 1000.0, "overshoot_cost": 17846.92910679812, "power_cost": 58.678579211425784, "noise_cost": 141.7358160711546, "n_waypoints_completed": 0, "tot_waypoints": 9}}
{"target": -1653.250444585597, "params": {"k_pid_pos": [4353.665985237374, 9135.085965991795, 0.0], "k_pid_alt": [5396.813270718203, 4987.416004147553, 5695.313005693571], "k_pid_att": [6947.602598609966, 4132.143565659608, 0.0], "k_pid_yaw": [0.5, 1e-06, 0.1], "k_pid_hsp": [6571.28517374634, 5922.868553614041, 4483.723735655546], "k_pid_vsp": [4252.327634307392, 5765.118107226862, 4389.895044775626]}, "datetime": {"datetime": "2025-08-08 20:21:20", "elapsed": 12712.088294506073, "delta": 33.881781339645386}, "costs": {"total_cost": 1653.250444585597, "time_cost": 150, "final_distance_cost": 55.054313534725196, "oscillation_cost": 302.4154328129515, "completition_cost": 1000.0, "overshoot_cost": 76.96633565668309, "power_cost": 40.15904738769532, "noise_cost": 28.65531519354192, "n_waypoints_completed": 0, "tot_waypoints": 9}}
{"target": -5843.607934433725, "params": {"k_pid_pos": [6676.574385751253, 4860.4424046164095, 5514.742134937522], "k_pid_alt": [8128.478170255668, 6782.971402860245, 3687.79649760122], "k_pid_att": [3683.103794356949, 4479.578693076694, 4713.35591496706], "k_pid_yaw": [0.5, 1e-06, 0.1], "k_pid_hsp": [1749.659689951849, 1846.651540406442, 3230.01317104075], "k_pid_vsp": [947.1460392844655, 1236.5546124413106, 1778.0839097624234]}, "datetime": {"datetime": "2025-08-08 20:21:50", "elapsed": 12742.379315376282, "delta": 30.29102087020874}, "costs": {"total_cost": 5843.607934433725, "time_cost": 150, "final_distance_cost": 918.0277775550626, "oscillation_cost": 948.5952748466407, "completition_cost": 1000.0, "overshoot_cost": 2686.652687797522, "power_cost": 49.88074494628906, "noise_cost": 90.45144928820967, "n_waypoints_completed": 0, "tot_waypoints": 9}}
{"target": -710.5299818184236, "params": {"k_pid_pos": [6841.621725846281, 0.0, 0.0], "k_pid_alt": [2707.4759701206717, 0.0, 5022.728028740219], "k_pid_att": [7205.692910208616, 3480.113921891753, 0.0], "k_pid_yaw": [0.5, 1e-06, 0.1], "k_pid_hsp": [6163.098274727466, 3627.5228082769545, 3523.108934373577], "k_pid_vsp": [0.0, 10000.0, 7397.573879915356]}, "datetime": {"datetime": "2025-08-08 20:22:24", "elapsed": 12776.025844097137, "delta": 33.64652872085571}, "costs": {"total_cost": 710.5299818184236, "time_cost": 150, "final_distance_cost": 21.471968307652713, "oscillation_cost": 254.6914225212167, "completition_cost": 111.11111111111116, "overshoot_cost": 102.83538377406842, "power_cost": 41.194688000488284, "noise_cost": 29.225408103886227, "n_waypoints_completed": 8, "tot_waypoints": 9}}
{"target": -1526.685826692722, "params": {"k_pid_pos": [5643.241605111647, 5956.041445231465, 7219.796095008548], "k_pid_alt": [10000.0, 0.0, 3619.2334130826466], "k_pid_att": [10000.0, 3808.276733931059, 0.0], "k_pid_yaw": [0.5, 1e-06, 0.1], "k_pid_hsp": [1224.6824181908535, 2435.561827912933, 0.0], "k_pid_vsp": [194.02907752818933, 10000.0, 7987.810279861694]}, "datetime": {"datetime": "2025-08-08 20:22:57", "elapsed": 12809.298497200012, "delta": 33.272653102874756}, "costs": {"total_cost": 1526.685826692722, "time_cost": 150, "final_distance_cost": 47.73562384152211, "oscillation_cost": 641.3086692039333, "completition_cost": 555.5555555555555, "overshoot_cost": 64.21823452951318, "power_cost": 39.09618833007813, "noise_cost": 28.771555232119905, "n_waypoints_completed": 4, "tot_waypoints": 9}}
{"target": -918.7335896961273, "params": {"k_pid_pos": [7558.513628857142, 5887.894896007631, 4623.634728979986], "k_pid_alt": [3989.087000831757, 0.0, 7381.723887862924], "k_pid_att": [10000.0, 4972.092524267277, 0.0], "k_pid_yaw": [0.5, 1e-06, 0.1], "k_pid_hsp": [3781.736820966192, 5873.597456500787, 4249.761777143719], "k_pid_vsp": [6171.084780639285, 4937.710017125391, 7114.5931115517615]}, "datetime": {"datetime": "2025-08-08 20:23:31", "elapsed": 12843.220762014389, "delta": 33.92226481437683}, "costs": {"total_cost": 918.7335896961273, "time_cost": 150, "final_distance_cost": 46.80543690425503, "oscillation_cost": 342.4016643563056, "completition_cost": 222.2222222222222, "overshoot_cost": 89.50074148844232, "power_cost": 39.36904461669922, "noise_cost": 28.434480108202983, "n_waypoints_completed": 7, "tot_waypoints": 9}}
{"target": -4379.972813681643, "params": {"k_pid_pos": [6609.908682929563, 2345.2159861263676, 2711.691838554571], "k_pid_alt": [1232.3361593049399, 4369.003870174455, 720.2271186255815], "k_pid_att": [81.78233440362392, 1690.7173273788278, 5714.102865747859], "k_pid_yaw": [0.5, 1e-06, 0.1], "k_pid_hsp": [7490.254661044972, 533.7557757642008, 2480.9748031168333], "k_pid_vsp": [5604.694904283026, 4313.032759921077, 4645.9194480046]}, "datetime": {"datetime": "2025-08-08 20:24:02", "elapsed": 12874.036552906036, "delta": 30.81579089164734}, "costs": {"total_cost": 4379.972813681643, "time_cost": 150, "final_distance_cost": 508.37692912041007, "oscillation_cost": 796.5625047073703, "completition_cost": 1000.0, "overshoot_cost": 1742.6699930933357, "power_cost": 58.55283464355469, "noise_cost": 123.81055211697199, "n_waypoints_completed": 0, "tot_waypoints": 9}}
{"target": -7754.73860491573, "params": {"k_pid_pos": [4898.2771484705345, 383.50323603944526, 1984.8926723510308], "k_pid_alt": [1154.4816116926727, 3369.149208523846, 1320.2044148931225], "k_pid_att": [2687.898384768047, 910.2592500296336, 5207.875232982787], "k_pid_yaw": [0.5, 1e-06, 0.1], "k_pid_hsp": [6299.271992413012, 1420.9894393200095, 1826.0479915725082], "k_pid_vsp": [7193.3783139223715, 4259.365270028116, 3192.148662674128]}, "datetime": {"datetime": "2025-08-08 20:24:32", "elapsed": 12904.321372270584, "delta": 30.28481936454773}, "costs": {"total_cost": 7754.73860491573, "time_cost": 150, "final_distance_cost": 2487.799488139914, "oscillation_cost": 790.6296044253268, "completition_cost": 1000.0, "overshoot_cost": 3143.020585981672, "power_cost": 58.518575292968755, "noise_cost": 124.77035107584896, "n_waypoints_completed": 0, "tot_waypoints": 9}}
{"target": -1319.5755382205155, "params": {"k_pid_pos": [1594.7037547677617, 10000.0, 7119.789836781934], "k_pid_alt": [10000.0, 5680.736101217536, 10000.0], "k_pid_att": [8505.993487056625, 3173.653088392185, 0.0], "k_pid_yaw": [0.5, 1e-06, 0.1], "k_pid_hsp": [5025.056177843423, 7938.164424315206, 2451.376572670102], "k_pid_vsp": [7354.947552341301, 10000.0, 4251.897385400331]}, "datetime": {"datetime": "2025-08-08 20:25:05", "elapsed": 12936.88879942894, "delta": 32.56742715835571}, "costs": {"total_cost": 1319.5755382205155, "time_cost": 150, "final_distance_cost": 97.05467670676846, "oscillation_cost": 249.5272833440691, "completition_cost": 666.6666666666667, "overshoot_cost": 86.56575012505324, "power_cost": 40.953454846191406, "noise_cost": 28.807706531766584, "n_waypoints_completed": 3, "tot_waypoints": 9}}
{"target": -1363.947594081629, "params": {"k_pid_pos": [4321.916413468761, 10000.0, 10000.0], "k_pid_alt": [10000.0, 5739.154183203344, 6707.308581151535], "k_pid_att": [1169.0238914401295, 668.1860888267497, 0.0], "k_pid_yaw": [0.5, 1e-06, 0.1], "k_pid_hsp": [5747.435870572483, 6091.625652378696, 2926.000942693108], "k_pid_vsp": [4560.059739122273, 1208.2292124477735, 2647.339374179891]}, "datetime": {"datetime": "2025-08-08 20:25:38", "elapsed": 12970.274949789047, "delta": 33.38615036010742}, "costs": {"total_cost": 1363.947594081629, "time_cost": 150, "final_distance_cost": 82.01343387707068, "oscillation_cost": 210.6485965774396, "completition_cost": 777.7777777777778, "overshoot_cost": 73.33145620542896, "power_cost": 40.62443685302735, "noise_cost": 29.55189279088428, "n_waypoints_completed": 2, "tot_waypoints": 9}}
{"target": -4778.615213261451, "params": {"k_pid_pos": [2742.3447505354548, 8308.37108988371, 3285.9879769197787], "k_pid_alt": [8022.474807303164, 2401.017269108219, 4615.287785095319], "k_pid_att": [7280.271800748443, 3363.3475040624794, 8716.737623822883], "k_pid_yaw": [0.5, 1e-06, 0.1], "k_pid_hsp": [1245.3744933106714, 7638.663481456609, 1868.0957625437345], "k_pid_vsp": [3905.3882881649893, 7144.650011731703, 8523.785286159284]}, "datetime": {"datetime": "2025-08-08 20:26:08", "elapsed": 13000.350642204285, "delta": 30.075692415237427}, "costs": {"total_cost": 4778.615213261451, "time_cost": 150, "final_distance_cost": 720.7476828613984, "oscillation_cost": 286.09326030348933, "completition_cost": 1000.0, "overshoot_cost": 2513.5050533083627, "power_cost": 44.63011821289063, "noise_cost": 63.63909857530938, "n_waypoints_completed": 0, "tot_waypoints": 9}}
{"target": -29770.66776246319, "params": {"k_pid_pos": [1422.6677613915583, 1150.068748011226, 9353.167086493171], "k_pid_alt": [5521.160023167198, 2210.939930792287, 6487.367894283181], "k_pid_att": [157.6833691271795, 1589.7288579685176, 2121.9998804535912], "k_pid_yaw": [0.5, 1e-06, 0.1], "k_pid_hsp": [7962.738426436442, 5998.257299764454, 3513.9072065490705], "k_pid_vsp": [5747.057449990184, 9379.935566845827, 1133.5936385264868]}, "datetime": {"datetime": "2025-08-08 20:26:39", "elapsed": 13030.617506980896, "delta": 30.266864776611328}, "costs": {"total_cost": 29770.66776246319, "time_cost": 150, "final_distance_cost": 8032.147099713409, "oscillation_cost": 1692.6684108099844, "completition_cost": 1000.0, "overshoot_cost": 18694.33614872111, "power_cost": 58.655612695312506, "noise_cost": 142.86049052337253, "n_waypoints_completed": 0, "tot_waypoints": 9}}
{"target": -2051.127744648988, "params": {"k_pid_pos": [0.0, 10000.0, 10000.0], "k_pid_alt": [10000.0, 7343.712736059487, 10000.0], "k_pid_att": [2911.88223118921, 4494.07842494279, 0.0], "k_pid_yaw": [0.5, 1e-06, 0.1], "k_pid_hsp": [4851.039536970355, 8349.94546965737, 6995.465165784587], "k_pid_vsp": [5309.5169903533815, 7297.036863753797, 4979.743348827516]}, "datetime": {"datetime": "2025-08-08 20:27:12", "elapsed": 13064.308777809143, "delta": 33.69127082824707}, "costs": {"total_cost": 2051.127744648988, "time_cost": 150, "final_distance_cost": 85.5448732854921, "oscillation_cost": 753.2940498234896, "completition_cost": 888.8888888888888, "overshoot_cost": 109.46662178651506, "power_cost": 36.19726522216797, "noise_cost": 27.7360456424346, "n_waypoints_completed": 1, "tot_waypoints": 9}}
{"target": -15326.944594163728, "params": {"k_pid_pos": [2272.846348854919, 10000.0, 531.7072557238381], "k_pid_alt": [9810.536790437103, 5595.566461462052, 7377.178093236994], "k_pid_att": [6024.6511576430485, 3015.0937975795905, 6230.275260821136], "k_pid_yaw": [0.5, 1e-06, 0.1], "k_pid_hsp": [6282.194566864721, 3539.7121207553173, 2216.780599293873], "k_pid_vsp": [3762.656877833965, 9198.09414516853, 4188.245832920185]}, "datetime": {"datetime": "2025-08-08 20:27:46", "elapsed": 13098.362528800964, "delta": 34.05375099182129}, "costs": {"total_cost": 15326.944594163728, "time_cost": 150, "final_distance_cost": 3255.866490251283, "oscillation_cost": 684.3900665230942, "completition_cost": 1000.0, "overshoot_cost": 10040.367811833481, "power_cost": 58.594192175292974, "noise_cost": 137.7260333805768, "n_waypoints_completed": 0, "tot_waypoints": 9}}
{"target": -693.3787081325692, "params": {"k_pid_pos": [4031.1825729026527, 10000.0, 6072.232487012289], "k_pid_alt": [4613.178440899795, 0.0, 5056.863974385785], "k_pid_att": [7879.073755761301, 2489.925843776177, 0.0], "k_pid_yaw": [0.5, 1e-06, 0.1], "k_pid_hsp": [6406.724670867334, 10000.0, 2756.6961775610484], "k_pid_vsp": [10000.0, 0.0, 4308.702467225742]}, "datetime": {"datetime": "2025-08-08 20:28:20", "elapsed": 13132.344106197357, "delta": 33.98157739639282}, "costs": {"total_cost": 693.3787081325692, "time_cost": 150, "final_distance_cost": 67.98900067079403, "oscillation_cost": 209.7374056517559, "completition_cost": 111.11111111111116, "overshoot_cost": 83.5137824257896, "power_cost": 42.14134698486328, "noise_cost": 28.88606128825516, "n_waypoints_completed": 8, "tot_waypoints": 9}}
{"target": -6735.284425745313, "params": {"k_pid_pos": [5070.845515815125, 6694.430698008166, 5224.304454249974], "k_pid_alt": [6416.387334018184, 6513.7805902841465, 7466.466751890224], "k_pid_att": [4279.197632310627, 2022.1968464220552, 3427.567191307411], "k_pid_yaw": [0.5, 1e-06, 0.1], "k_pid_hsp": [6404.8241700530725, 3607.5881833334256, 1045.9590556663645], "k_pid_vsp": [2050.312270745728, 2358.848287848485, 4778.459603134456]}, "datetime": {"datetime": "2025-08-08 20:28:52", "elapsed": 13163.700566291809, "delta": 31.356460094451904}, "costs": {"total_cost": 6735.284425745313, "time_cost": 150, "final_distance_cost": 1715.9605023472718, "oscillation_cost": 332.43544225686964, "completition_cost": 1000.0, "overshoot_cost": 3422.313889168874, "power_cost": 45.922066296386724, "noise_cost": 68.65252567591011, "n_waypoints_completed": 0, "tot_waypoints": 9}}
{"target": -3139.646821282847, "params": {"k_pid_pos": [2077.2658197861515, 8192.013878030526, 8742.042986589335], "k_pid_alt": [9978.586268887027, 6693.756824860236, 6763.684714745479], "k_pid_att": [1494.1673743779938, 1044.1530030984402, 631.536737416778], "k_pid_yaw": [0.5, 1e-06, 0.1], "k_pid_hsp": [5046.879326854276, 8219.322448054496, 4434.696792853201], "k_pid_vsp": [3718.650264088047, 1089.1391580171794, 5085.250957160585]}, "datetime": {"datetime": "2025-08-08 20:29:22", "elapsed": 13193.931684494019, "delta": 30.231118202209473}, "costs": {"total_cost": 3139.646821282847, "time_cost": 150, "final_distance_cost": 429.06869896751647, "oscillation_cost": 57.684102936434236, "completition_cost": 1000.0, "overshoot_cost": 1440.097797827527, "power_cost": 35.06250261230469, "noise_cost": 27.73371893906467, "n_waypoints_completed": 0, "tot_waypoints": 9}}
{"target": -5661.133319764441, "params": {"k_pid_pos": [4295.05996897973, 4527.33871983792, 1795.3567056147], "k_pid_alt": [9067.90796776796, 2231.711027596738, 537.9405822590433], "k_pid_att": [8681.866559773995, 6062.518661306854, 4795.457569497349], "k_pid_yaw": [0.5, 1e-06, 0.1], "k_pid_hsp": [8660.595410636603, 2853.856659453029, 6485.511334587963], "k_pid_vsp": [9066.5049174042, 1626.613621709172, 9837.483518034303]}, "datetime": {"datetime": "2025-08-08 20:29:52", "elapsed": 13224.331934690475, "delta": 30.40025019645691}, "costs": {"total_cost": 5661.133319764441, "time_cost": 150, "final_distance_cost": 1340.9264304831347, "oscillation_cost": 561.4234711982917, "completition_cost": 1000.0, "overshoot_cost": 2443.6156483591967, "power_cost": 54.95275549316406, "noise_cost": 110.21501423065337, "n_waypoints_completed": 0, "tot_waypoints": 9}}
{"target": -12044.355557355828, "params": {"k_pid_pos": [544.4312407870933, 4458.492175151221, 7789.877663799284], "k_pid_alt": [9122.383798253191, 1531.4559203126844, 6288.528673255538], "k_pid_att": [4493.992354635135, 4218.077059139074, 8105.188453916828], "k_pid_yaw": [0.5, 1e-06, 0.1], "k_pid_hsp": [6090.294116369005, 1075.9178755730004, 1414.0161908156435], "k_pid_vsp": [2099.376741680975, 8630.839434989235, 7483.367719692735]}, "datetime": {"datetime": "2025-08-08 20:30:22", "elapsed": 13254.104325294495, "delta": 29.772390604019165}, "costs": {"total_cost": 12044.355557355828, "time_cost": 150, "final_distance_cost": 3364.6388745381405, "oscillation_cost": 575.2582469833466, "completition_cost": 1000.0, "overshoot_cost": 6800.905830969713, "power_cost": 52.180181738281256, "noise_cost": 101.37242312634639, "n_waypoints_completed": 0, "tot_waypoints": 9}}
{"target": -1429.8593800362794, "params": {"k_pid_pos": [4947.858393356053, 6672.108780215184, 0.0], "k_pid_alt": [4029.0435656106224, 0.0, 0.0], "k_pid_att": [3961.1574741439777, 0.0, 0.0], "k_pid_yaw": [0.5, 1e-06, 0.1], "k_pid_hsp": [6206.115898395458, 0.0, 4113.8358422428755], "k_pid_vsp": [4345.706009098522, 5930.862850937126, 5973.467222498344]}, "datetime": {"datetime": "2025-08-08 20:30:55", "elapsed": 13286.922044754028, "delta": 32.81771945953369}, "costs": {"total_cost": 1429.8593800362794, "time_cost": 150, "final_distance_cost": 57.07176030142297, "oscillation_cost": 385.03665213917145, "completition_cost": 666.6666666666667, "overshoot_cost": 104.0827117682462, "power_cost": 38.69115167236328, "noise_cost": 28.31043748840885, "n_waypoints_completed": 3, "tot_waypoints": 9}}
