{"target": -195.79197340745284, "params": {"k_pid_pos": [0.7850540835226802, 0.22981412956968694, 0.8519347702918288], "k_pid_alt": [1.4458679973838424, 0.0, 0.3123089974307902], "k_pid_att": [43.948176657889235, 6.1000979977801535, 0.9947678187352218], "k_pid_yaw": [0.5, 1e-06, 0.1], "k_pid_hsp": [0.09847755819799779, 0.011264223901387349, 0.0], "k_pid_vsp": [376.5747392387296, 93.09285943774285, 20.226497411895423]}, "datetime": {"datetime": "2025-08-13 17:49:00", "elapsed": 28868.388383626938, "delta": 19.245328426361084}, "costs": {"total_cost": 195.79197340745284, "time_cost": 78.96000000000001, "final_distance_cost": 1.8297359998713865, "oscillation_cost": 23.423392508571485, "completition_cost": 0.0, "overshoot_cost": 51.8843080696813, "power_cost": 19.81936520996094, "noise_cost": 19.875171619367702, "n_waypoints_completed": 9, "tot_waypoints": 9}}
{"target": -184.3677721094469, "params": {"k_pid_pos": [1.733835489643198, 0.024859491386256316, 0.704167472379422], "k_pid_alt": [1.4458679973838424, 0.0, 0.3146878632891922], "k_pid_att": [43.948176657889235, 0.18205753750414305, 0.73590781336997], "k_pid_yaw": [0.5, 1e-06, 0.1], "k_pid_hsp": [0.09847755819799779, 0.011264223901387349, 0.0], "k_pid_vsp": [251.5004449007475, 93.09285943774285, 10.0]}, "datetime": {"datetime": "2025-08-13 17:49:17", "elapsed": 28885.778951883316, "delta": 17.390568256378174}, "costs": {"total_cost": 184.3677721094469, "time_cost": 69.93, "final_distance_cost": 1.7960491902310833, "oscillation_cost": 28.88333883732691, "completition_cost": 0.0, "overshoot_cost": 50.7319392684552, "power_cost": 14.837422766113281, "noise_cost": 18.189022047320414, "n_waypoints_completed": 9, "tot_waypoints": 9}}
{"target": -226.18902418964774, "params": {"k_pid_pos": [1.4340672435785011, 0.024859491386256316, 0.8519347702918288], "k_pid_alt": [1.477768752937916, 0.0, 0.6600607021214705], "k_pid_att": [39.447728079683905, 1.2832267695489696, 0.6559199499296157], "k_pid_yaw": [0.5, 1e-06, 0.1], "k_pid_hsp": [7.387403233709861, 0.011264223901387349, 0.0], "k_pid_vsp": [376.5747392387296, 93.02116563978787, 10.0]}, "datetime": {"datetime": "2025-08-13 17:49:35", "elapsed": 28903.747300863266, "delta": 17.96834897994995}, "costs": {"total_cost": 226.18902418964774, "time_cost": 74.011, "final_distance_cost": 1.848864075400445, "oscillation_cost": 57.22583801779041, "completition_cost": 0.0, "overshoot_cost": 51.44275343046025, "power_cost": 20.869704760742188, "noise_cost": 20.79086390525446, "n_waypoints_completed": 9, "tot_waypoints": 9}}
{"target": -184.243187535264, "params": {"k_pid_pos": [1.4340672435785011, 0.024859491386256316, 0.8519347702918288], "k_pid_alt": [1.477768752937916, 0.0, 0.6600607021214705], "k_pid_att": [39.447728079683905, 1.2832267695489696, 0.6559199499296157], "k_pid_yaw": [0.5, 1e-06, 0.1], "k_pid_hsp": [0.09847755819799779, 0.011264223901387349, 0.0], "k_pid_vsp": [68.87684793552155, 204.84203769155826, 10.0]}, "datetime": {"datetime": "2025-08-13 17:49:53", "elapsed": 28921.884299516678, "delta": 18.136998653411865}, "costs": {"total_cost": 184.243187535264, "time_cost": 71.33, "final_distance_cost": 1.8432604019874372, "oscillation_cost": 28.164166171452308, "completition_cost": 0.0, "overshoot_cost": 50.425499458319486, "power_cost": 12.853814794921876, "noise_cost": 19.626446708582897, "n_waypoints_completed": 9, "tot_waypoints": 9}}
{"target": -408.33848788993674, "params": {"k_pid_pos": [0.3457776273554678, 0.024859491386256316, 0.8519347702918288], "k_pid_alt": [1.7297729984189598, 0.0, 0.3489059373979838], "k_pid_att": [43.948176657889235, 0.18205753750414305, 0.34464953207076743], "k_pid_yaw": [0.5, 1e-06, 0.1], "k_pid_hsp": [0.09847755819799779, 0.011264223901387349, 0.0], "k_pid_vsp": [376.5747392387296, 339.4431072959635, 20.226497411895423]}, "datetime": {"datetime": "2025-08-13 17:50:22", "elapsed": 28951.057567596436, "delta": 29.17326807975769}, "costs": {"total_cost": 408.33848788993674, "time_cost": 150, "final_distance_cost": 10.342153504317404, "oscillation_cost": 15.799797523181763, "completition_cost": 111.11111111111116, "overshoot_cost": 61.95422238144328, "power_cost": 29.76469411621094, "noise_cost": 29.366509253672234, "n_waypoints_completed": 8, "tot_waypoints": 9}}
{"target": -186.2986944320762, "params": {"k_pid_pos": [1.733835489643198, 0.024859491386256316, 0.704167472379422], "k_pid_alt": [1.4458679973838424, 0.0, 0.3146878632891922], "k_pid_att": [40.6020781270096, 0.18205753750414305, 0.7033874038379369], "k_pid_yaw": [0.5, 1e-06, 0.1], "k_pid_hsp": [0.09847755819799779, 0.011264223901387349, 0.0], "k_pid_vsp": [316.2191682070645, 93.09285943774285, 10.0]}, "datetime": {"datetime": "2025-08-13 17:50:39", "elapsed": 28967.9899559021, "delta": 16.932388305664062}, "costs": {"total_cost": 186.2986944320762, "time_cost": 69.986, "final_distance_cost": 1.8040003353313367, "oscillation_cost": 29.058805728339482, "completition_cost": 0.0, "overshoot_cost": 51.19540970935704, "power_cost": 16.91353194580078, "noise_cost": 17.340946713247536, "n_waypoints_completed": 9, "tot_waypoints": 9}}
{"target": -188.3093031461423, "params": {"k_pid_pos": [1.6203022768980826, 0.024859491386256316, 0.8519347702918288], "k_pid_alt": [1.3959173657108794, 0.0, 0.8285330192795117], "k_pid_att": [71.45838630927439, 0.18205753750414305, 0.5315175384971502], "k_pid_yaw": [0.5, 1e-06, 0.1], "k_pid_hsp": [0.09847755819799779, 0.011264223901387349, 0.0], "k_pid_vsp": [376.5747392387296, 369.48810340511164, 10.0]}, "datetime": {"datetime": "2025-08-13 17:50:57", "elapsed": 28985.3223862648, "delta": 17.332430362701416}, "costs": {"total_cost": 188.3093031461423, "time_cost": 71.827, "final_distance_cost": 1.8264689475534814, "oscillation_cost": 29.053773565682054, "completition_cost": 0.0, "overshoot_cost": 51.02214329568562, "power_cost": 17.069293359375, "noise_cost": 17.51062397784613, "n_waypoints_completed": 9, "tot_waypoints": 9}}
{"target": -195.35981287713952, "params": {"k_pid_pos": [1.9648629373893673, 0.024859491386256316, 0.8092599635047751], "k_pid_alt": [1.7187705538853828, 0.0, 0.6600607021214705], "k_pid_att": [39.447728079683905, 6.806811407577699, 0.6711777735375999], "k_pid_yaw": [0.5, 1e-06, 0.1], "k_pid_hsp": [0.09847755819799779, 0.011264223901387349, 0.0], "k_pid_vsp": [63.87935167311278, 93.09285943774285, 10.0]}, "datetime": {"datetime": "2025-08-13 17:51:14", "elapsed": 29002.592762947083, "delta": 17.270376682281494}, "costs": {"total_cost": 195.35981287713952, "time_cost": 70.616, "final_distance_cost": 1.7970543237212369, "oscillation_cost": 29.15487745313187, "completition_cost": 0.0, "overshoot_cost": 51.26613385005479, "power_cost": 21.4292619140625, "noise_cost": 21.09648533616912, "n_waypoints_completed": 9, "tot_waypoints": 9}}
{"target": -203.6929911877632, "params": {"k_pid_pos": [1.4340672435785011, 0.5303319676020144, 0.8092599635047751], "k_pid_alt": [1.7187705538853828, 0.0, 0.3146878632891922], "k_pid_att": [71.45838630927439, 8.523668343376618, 0.5074717254068946], "k_pid_yaw": [0.5, 1e-06, 0.1], "k_pid_hsp": [1.5859581202077546, 0.011264223901387349, 0.0], "k_pid_vsp": [277.2708477836043, 93.09285943774285, 10.0]}, "datetime": {"datetime": "2025-08-13 17:51:32", "elapsed": 29020.594886302948, "delta": 18.00212335586548}, "costs": {"total_cost": 203.6929911877632, "time_cost": 75.558, "final_distance_cost": 1.8194233489991205, "oscillation_cost": 33.570148407581584, "completition_cost": 0.0, "overshoot_cost": 51.62926587148233, "power_cost": 20.451348181152344, "noise_cost": 20.664805378547793, "n_waypoints_completed": 9, "tot_waypoints": 9}}
{"target": -274.20870439285295, "params": {"k_pid_pos": [1.6203022768980826, 0.024859491386256316, 0.8519347702918288], "k_pid_alt": [1.6714132940641002, 0.0, 0.3146878632891922], "k_pid_att": [43.948176657889235, 5.824334032821091, 0.34464953207076743], "k_pid_yaw": [0.5, 1e-06, 0.1], "k_pid_hsp": [0.09847755819799779, 0.011264223901387349, 0.0], "k_pid_vsp": [376.5747392387296, 93.09285943774285, 195.0006501476584]}, "datetime": {"datetime": "2025-08-13 17:51:58", "elapsed": 29046.923305749893, "delta": 26.32841944694519}, "costs": {"total_cost": 274.20870439285295, "time_cost": 111.86, "final_distance_cost": 1.8135479139236244, "oscillation_cost": 29.566757843276825, "completition_cost": 0.0, "overshoot_cost": 77.94942754228961, "power_cost": 27.51290750732422, "noise_cost": 25.506063586038653, "n_waypoints_completed": 9, "tot_waypoints": 9}}
{"target": -270.01231959896296, "params": {"k_pid_pos": [1.6203022768980826, 0.024859491386256316, 0.8519347702918288], "k_pid_alt": [1.6714132940641002, 0.0, 0.6600607021214705], "k_pid_att": [39.447728079683905, 3.8677381495188174, 0.8000710073097888], "k_pid_yaw": [0.5, 1e-06, 0.1], "k_pid_hsp": [0.09847755819799779, 0.2900343745958267, 0.0], "k_pid_vsp": [251.5004449007475, 93.09285943774285, 10.0]}, "datetime": {"datetime": "2025-08-13 17:52:17", "elapsed": 29065.718315839767, "delta": 18.795010089874268}, "costs": {"total_cost": 270.01231959896296, "time_cost": 78.141, "final_distance_cost": 1.8297417902431168, "oscillation_cost": 86.36597214222124, "completition_cost": 0.0, "overshoot_cost": 53.05364947560945, "power_cost": 26.005574096679688, "noise_cost": 24.616382094209445, "n_waypoints_completed": 9, "tot_waypoints": 9}}
{"target": -2050.6718375084406, "params": {"k_pid_pos": [1.4340672435785011, 0.024859491386256316, 0.8519347702918288], "k_pid_alt": [1.4458679973838424, 0.0, 0.3146878632891922], "k_pid_att": [43.13617674596804, 5.824334032821091, 0.34464953207076743], "k_pid_yaw": [0.5, 1e-06, 0.1], "k_pid_hsp": [0.09847755819799779, 0.011264223901387349, 0.9291573179187896], "k_pid_vsp": [375.4159375947967, 349.0334411507856, 10.0]}, "datetime": {"datetime": "2025-08-13 17:52:46", "elapsed": 29094.112369060516, "delta": 28.3940532207489}, "costs": {"total_cost": 2050.6718375084406, "time_cost": 150, "final_distance_cost": 55.2920074712213, "oscillation_cost": 842.4741678830462, "completition_cost": 888.8888888888888, "overshoot_cost": 62.42923778789131, "power_cost": 23.747103735351562, "noise_cost": 27.84043174204164, "n_waypoints_completed": 1, "tot_waypoints": 9}}
{"target": -1549.2229203325953, "params": {"k_pid_pos": [1.7041340386651447, 0.024859491386256316, 0.8519347702918288], "k_pid_alt": [1.4458679973838424, 0.13396904364517792, 0.9659895333512928], "k_pid_att": [43.948176657889235, 3.8677381495188174, 0.3530445525049485], "k_pid_yaw": [0.5, 1e-06, 0.1], "k_pid_hsp": [0.09847755819799779, 0.011264223901387349, 0.0], "k_pid_vsp": [128.61003815237223, 93.09285943774285, 261.2242035915192]}, "datetime": {"datetime": "2025-08-13 17:53:14", "elapsed": 29123.050724983215, "delta": 28.938355922698975}, "costs": {"total_cost": 1549.2229203325953, "time_cost": 150, "final_distance_cost": 90.62621948411311, "oscillation_cost": 7.964510805042065, "completition_cost": 888.8888888888888, "overshoot_cost": 351.07262400026747, "power_cost": 28.324603247070314, "noise_cost": 32.34607390721343, "n_waypoints_completed": 1, "tot_waypoints": 9}}
{"target": -240.28187474473563, "params": {"k_pid_pos": [1.4340672435785011, 0.3355199412987626, 0.8519347702918288], "k_pid_alt": [1.4458679973838424, 0.5297830489215293, 0.6600607021214705], "k_pid_att": [39.447728079683905, 8.683548648184065, 0.34464953207076743], "k_pid_yaw": [0.5, 1e-06, 0.1], "k_pid_hsp": [2.1215903484698817, 0.8679176146891754, 0.0], "k_pid_vsp": [376.5747392387296, 93.02116563978787, 10.0]}, "datetime": {"datetime": "2025-08-13 17:53:37", "elapsed": 29145.61103630066, "delta": 22.560311317443848}, "costs": {"total_cost": 240.28187474473563, "time_cost": 91.035, "final_distance_cost": 1.7925210565113097, "oscillation_cost": 48.211978057484835, "completition_cost": 0.0, "overshoot_cost": 53.74961339168226, "power_cost": 22.717819006347657, "noise_cost": 22.77494323270958, "n_waypoints_completed": 9, "tot_waypoints": 9}}
{"target": -192.92948203862042, "params": {"k_pid_pos": [1.4340672435785011, 0.024859491386256316, 0.8519347702918288], "k_pid_alt": [1.4458679973838424, 0.5297830489215293, 0.6600607021214705], "k_pid_att": [39.447728079683905, 3.8677381495188174, 0.6559199499296157], "k_pid_yaw": [0.5, 1e-06, 0.1], "k_pid_hsp": [0.09847755819799779, 0.011264223901387349, 0.0], "k_pid_vsp": [251.5004449007475, 93.09285943774285, 10.0]}, "datetime": {"datetime": "2025-08-13 17:53:55", "elapsed": 29163.657794952393, "delta": 18.0467586517334}, "costs": {"total_cost": 192.92948203862042, "time_cost": 73.906, "final_distance_cost": 1.7974301967167776, "oscillation_cost": 27.250555149576087, "completition_cost": 0.0, "overshoot_cost": 51.59939052934607, "power_cost": 19.17473856201172, "noise_cost": 19.20136760096974, "n_waypoints_completed": 9, "tot_waypoints": 9}}
{"target": -186.01665837775, "params": {"k_pid_pos": [1.4340672435785011, 0.024859491386256316, 0.8519347702918288], "k_pid_alt": [1.4458679973838424, 0.0, 0.6600607021214705], "k_pid_att": [39.447728079683905, 3.8677381495188174, 0.666719676683535], "k_pid_yaw": [0.5, 1e-06, 0.1], "k_pid_hsp": [0.09847755819799779, 0.011264223901387349, 0.0], "k_pid_vsp": [128.61003815237223, 93.09285943774285, 10.0]}, "datetime": {"datetime": "2025-08-13 17:54:13", "elapsed": 29181.150601387024, "delta": 17.492806434631348}, "costs": {"total_cost": 186.01665837775, "time_cost": 71.526, "final_distance_cost": 1.8345975331128501, "oscillation_cost": 27.1293882385996, "completition_cost": 0.0, "overshoot_cost": 50.750880047921605, "power_cost": 16.16449744873047, "noise_cost": 18.611295109385495, "n_waypoints_completed": 9, "tot_waypoints": 9}}
{"target": -200.0331077646076, "params": {"k_pid_pos": [1.4340672435785011, 0.024859491386256316, 0.8519347702918288], "k_pid_alt": [1.4458679973838424, 0.5297830489215293, 0.4406160699284484], "k_pid_att": [39.447728079683905, 3.8677381495188174, 0.6559199499296157], "k_pid_yaw": [0.5, 1e-06, 0.1], "k_pid_hsp": [2.241816533453477, 0.011264223901387349, 0.0], "k_pid_vsp": [128.61003815237223, 93.09285943774285, 10.0]}, "datetime": {"datetime": "2025-08-13 17:54:31", "elapsed": 29199.282878398895, "delta": 18.132277011871338}, "costs": {"total_cost": 200.0331077646076, "time_cost": 75.509, "final_distance_cost": 1.8097405781174685, "oscillation_cost": 35.52095702242147, "completition_cost": 0.0, "overshoot_cost": 51.19020605285361, "power_cost": 16.832016821289063, "noise_cost": 19.17118728992596, "n_waypoints_completed": 9, "tot_waypoints": 9}}
{"target": -184.5378622086494, "params": {"k_pid_pos": [1.4340672435785011, 0.024859491386256316, 0.8544707697037623], "k_pid_alt": [1.4458679973838424, 0.0, 0.6600607021214705], "k_pid_att": [39.447728079683905, 3.8677381495188174, 0.6559199499296157], "k_pid_yaw": [0.5, 1e-06, 0.1], "k_pid_hsp": [0.09847755819799779, 0.011264223901387349, 0.0], "k_pid_vsp": [251.5004449007475, 93.09285943774285, 10.0]}, "datetime": {"datetime": "2025-08-13 17:54:48", "elapsed": 29217.041867256165, "delta": 17.758988857269287}, "costs": {"total_cost": 184.5378622086494, "time_cost": 71.54, "final_distance_cost": 1.83839135460598, "oscillation_cost": 27.21032252134106, "completition_cost": 0.0, "overshoot_cost": 51.27913560838825, "power_cost": 14.195295251464845, "noise_cost": 18.474717472849253, "n_waypoints_completed": 9, "tot_waypoints": 9}}
{"target": -185.50662048216427, "params": {"k_pid_pos": [1.6203022768980826, 0.024859491386256316, 0.8519347702918288], "k_pid_alt": [1.3959173657108794, 0.0, 0.3146878632891922], "k_pid_att": [71.45838630927439, 0.18205753750414305, 0.5315175384971502], "k_pid_yaw": [0.5, 1e-06, 0.1], "k_pid_hsp": [0.09847755819799779, 0.011264223901387349, 0.0], "k_pid_vsp": [337.79764923111304, 359.530474216699, 10.0]}, "datetime": {"datetime": "2025-08-13 17:55:05", "elapsed": 29234.031301259995, "delta": 16.989434003829956}, "costs": {"total_cost": 185.50662048216427, "time_cost": 70.147, "final_distance_cost": 1.8163336741045089, "oscillation_cost": 29.290698439453045, "completition_cost": 0.0, "overshoot_cost": 50.783980454127345, "power_cost": 16.021750952148437, "noise_cost": 17.446856962330923, "n_waypoints_completed": 9, "tot_waypoints": 9}}
{"target": -248.3579853165601, "params": {"k_pid_pos": [1.9648629373893673, 0.024859491386256316, 0.8092599635047751], "k_pid_alt": [0.007621888404933719, 0.4519069599193807, 0.6600607021214705], "k_pid_att": [39.447728079683905, 6.806811407577699, 0.6711777735375999], "k_pid_yaw": [0.5, 1e-06, 0.1], "k_pid_hsp": [2.2617444318397215, 0.011264223901387349, 0.0], "k_pid_vsp": [376.5747392387296, 369.48810340511164, 29.020453107259044]}, "datetime": {"datetime": "2025-08-13 17:55:29", "elapsed": 29257.997547626495, "delta": 23.966246366500854}, "costs": {"total_cost": 248.3579853165601, "time_cost": 97.881, "final_distance_cost": 1.8097025758660767, "oscillation_cost": 44.361560450938356, "completition_cost": 0.0, "overshoot_cost": 62.08145792474598, "power_cost": 21.513329138183593, "noise_cost": 20.71093522682608, "n_waypoints_completed": 9, "tot_waypoints": 9}}
{"target": -1290.5479135700377, "params": {"k_pid_pos": [1.4340672435785011, 0.024859491386256316, 0.8519347702918288], "k_pid_alt": [1.6714132940641002, 0.0, 0.3146878632891922], "k_pid_att": [43.948176657889235, 5.824334032821091, 0.34464953207076743], "k_pid_yaw": [0.5, 1e-06, 0.1], "k_pid_hsp": [0.09847755819799779, 0.011264223901387349, 0.0], "k_pid_vsp": [376.5747392387296, 70.08228449677209, 338.805827852657]}, "datetime": {"datetime": "2025-08-13 17:55:58", "elapsed": 29287.06328725815, "delta": 29.065739631652832}, "costs": {"total_cost": 1290.5479135700377, "time_cost": 150, "final_distance_cost": 71.50768394860384, "oscillation_cost": 7.879949800957832, "completition_cost": 888.8888888888888, "overshoot_cost": 98.0973554793924, "power_cost": 27.91786999511719, "noise_cost": 46.25616545707773, "n_waypoints_completed": 1, "tot_waypoints": 9}}
{"target": -1794.7164603800643, "params": {"k_pid_pos": [1.6203022768980826, 0.024859491386256316, 0.8519347702918288], "k_pid_alt": [1.957714269797994, 0.5297830489215293, 0.6600607021214705], "k_pid_att": [39.447728079683905, 3.8677381495188174, 0.6559199499296157], "k_pid_yaw": [0.5, 1e-06, 0.1], "k_pid_hsp": [0.09847755819799779, 0.011264223901387349, 0.9077837455283392], "k_pid_vsp": [128.61003815237223, 93.09285943774285, 10.0]}, "datetime": {"datetime": "2025-08-13 17:56:28", "elapsed": 29316.43575668335, "delta": 29.372469425201416}, "costs": {"total_cost": 1794.7164603800643, "time_cost": 150, "final_distance_cost": 87.28072421417616, "oscillation_cost": 729.0131213872908, "completition_cost": 666.6666666666667, "overshoot_cost": 93.48566687249371, "power_cost": 37.640888012695314, "noise_cost": 30.629393226741616, "n_waypoints_completed": 3, "tot_waypoints": 9}}
{"target": -190.33826712889785, "params": {"k_pid_pos": [1.4340672435785011, 0.024859491386256316, 0.8519347702918288], "k_pid_alt": [1.4458679973838424, 0.0, 0.6600607021214705], "k_pid_att": [39.447728079683905, 3.8677381495188174, 0.6559199499296157], "k_pid_yaw": [0.5, 1e-06, 0.1], "k_pid_hsp": [1.0076768036881465, 0.011264223901387349, 0.0], "k_pid_vsp": [251.5004449007475, 93.09285943774285, 10.0]}, "datetime": {"datetime": "2025-08-13 17:56:46", "elapsed": 29334.19363951683, "delta": 17.757882833480835}, "costs": {"total_cost": 190.33826712889785, "time_cost": 73.21300000000001, "final_distance_cost": 1.8549366612640854, "oscillation_cost": 31.896750697134987, "completition_cost": 0.0, "overshoot_cost": 50.178693430096644, "power_cost": 13.26455321044922, "noise_cost": 19.930333129952924, "n_waypoints_completed": 9, "tot_waypoints": 9}}
{"target": -1051.8305546667643, "params": {"k_pid_pos": [1.4340672435785011, 0.0544130249557343, 0.8519347702918288], "k_pid_alt": [1.4458679973838424, 0.5297830489215293, 0.5680103492534012], "k_pid_att": [39.447728079683905, 7.364770926492336, 0.6559199499296157], "k_pid_yaw": [0.5, 1e-06, 0.1], "k_pid_hsp": [0.09847755819799779, 0.9235714163922957, 0.0], "k_pid_vsp": [128.61003815237223, 93.09285943774285, 10.0]}, "datetime": {"datetime": "2025-08-13 17:57:15", "elapsed": 29363.277647972107, "delta": 29.08400845527649}, "costs": {"total_cost": 1051.8305546667643, "time_cost": 150, "final_distance_cost": 48.00532613056894, "oscillation_cost": 144.89706461876492, "completition_cost": 555.5555555555555, "overshoot_cost": 75.94010827951996, "power_cost": 39.88000726318359, "noise_cost": 37.552492819171135, "n_waypoints_completed": 4, "tot_waypoints": 9}}
{"target": -193.61761496908244, "params": {"k_pid_pos": [1.6203022768980826, 0.4373103020731042, 0.8519347702918288], "k_pid_alt": [0.8287604735407312, 0.0, 0.2915903713486512], "k_pid_att": [43.948176657889235, 1.7717243195899302, 0.34464953207076743], "k_pid_yaw": [0.5, 1e-06, 0.1], "k_pid_hsp": [0.09847755819799779, 0.011264223901387349, 0.0], "k_pid_vsp": [251.5004449007475, 93.09285943774285, 10.0]}, "datetime": {"datetime": "2025-08-13 17:57:33", "elapsed": 29381.43973326683, "delta": 18.16208529472351}, "costs": {"total_cost": 193.61761496908244, "time_cost": 76.874, "final_distance_cost": 1.796686433284648, "oscillation_cost": 29.289689733149746, "completition_cost": 0.0, "overshoot_cost": 51.23391218149201, "power_cost": 15.275214953613283, "noise_cost": 19.14811166754276, "n_waypoints_completed": 9, "tot_waypoints": 9}}
