{"target": -205.2313508131085, "params": {"k_pid_pos": [1.733835489643198, 0.024859491386256316, 0.01996994222856363], "k_pid_alt": [0.9020104990244227, 0.0, 0.25938735764965193], "k_pid_att": [11.329609997636037, 3.4126860594551975, 0.261380462049589], "k_pid_yaw": [0.5, 1e-06, 0.1], "k_pid_hsp": [0.17225665165883555, 0.011264223901387349, 0.0], "k_pid_vsp": [205.46647479918613, 130.53254854158118, 10.0]}, "datetime": {"datetime": "2025-08-14 00:09:59", "elapsed": 51727.138932943344, "delta": 17.956762552261353}, "costs": {"total_cost": 205.2313508131085, "time_cost": 72.247, "final_distance_cost": 1.7824189063525733, "oscillation_cost": 34.70311740546007, "completition_cost": 0.0, "overshoot_cost": 50.961520829431684, "power_cost": 23.96244187011719, "noise_cost": 21.574851801746977, "n_waypoints_completed": 9, "tot_waypoints": 9}}
{"target": -1545.474503470049, "params": {"k_pid_pos": [1.1837130645794225, 0.024859491386256316, 0.416330797462678], "k_pid_alt": [1.5786606064986153, 0.0, 0.25938735764965193], "k_pid_att": [11.329609997636037, 3.4126860594551975, 0.261380462049589], "k_pid_yaw": [0.5, 1e-06, 0.1], "k_pid_hsp": [0.17225665165883555, 0.8686130970522099, 0.0], "k_pid_vsp": [205.46647479918613, 127.91747472228406, 380.31210303127]}, "datetime": {"datetime": "2025-08-14 00:10:29", "elapsed": 51757.66055440903, "delta": 30.521621465682983}, "costs": {"total_cost": 1545.474503470049, "time_cost": 150, "final_distance_cost": 19.50015031325585, "oscillation_cost": 125.25039177328122, "completition_cost": 1000.0, "overshoot_cost": 144.72327451879815, "power_cost": 42.16447244873047, "noise_cost": 63.8362144159832, "n_waypoints_completed": 0, "tot_waypoints": 9}}
{"target": -192.16360203232995, "params": {"k_pid_pos": [1.733835489643198, 0.08976672005448583, 0.6428149468543811], "k_pid_alt": [1.5786606064986153, 0.0, 0.3157032531275451], "k_pid_att": [11.329609997636037, 3.4126860594551975, 0.261380462049589], "k_pid_yaw": [0.5, 1e-06, 0.1], "k_pid_hsp": [0.17225665165883555, 0.011264223901387349, 0.0], "k_pid_vsp": [237.37114527084637, 57.93155354082285, 10.0]}, "datetime": {"datetime": "2025-08-14 00:10:46", "elapsed": 51774.97791552544, "delta": 17.3173611164093}, "costs": {"total_cost": 192.16360203232995, "time_cost": 69.853, "final_distance_cost": 1.821977812987624, "oscillation_cost": 30.181465123017396, "completition_cost": 0.0, "overshoot_cost": 50.831403682252756, "power_cost": 20.03352872314453, "noise_cost": 19.442226690927647, "n_waypoints_completed": 9, "tot_waypoints": 9}}
{"target": -263.0652948683527, "params": {"k_pid_pos": [1.6847188596925242, 0.08976672005448583, 0.11242249713100771], "k_pid_alt": [1.85112020821355, 0.0, 0.23086984934879706], "k_pid_att": [63.45214009056577, 4.077532668255645, 0.261380462049589], "k_pid_yaw": [0.5, 1e-06, 0.1], "k_pid_hsp": [0.17225665165883555, 0.011264223901387349, 0.0], "k_pid_vsp": [237.37114527084637, 57.93155354082285, 10.0]}, "datetime": {"datetime": "2025-08-14 00:11:10", "elapsed": 51798.275810956955, "delta": 23.297895431518555}, "costs": {"total_cost": 263.0652948683527, "time_cost": 89.691, "final_distance_cost": 1.7993994536640927, "oscillation_cost": 35.60470771830598, "completition_cost": 0.0, "overshoot_cost": 73.18668757842798, "power_cost": 34.47801251220703, "noise_cost": 28.305487605747594, "n_waypoints_completed": 9, "tot_waypoints": 9}}
{"target": -183.60849438943902, "params": {"k_pid_pos": [1.733835489643198, 0.024859491386256316, 0.9451257094832697], "k_pid_alt": [1.5786606064986153, 0.0, 0.23086984934879706], "k_pid_att": [63.45214009056577, 4.077532668255645, 0.261380462049589], "k_pid_yaw": [0.5, 1e-06, 0.1], "k_pid_hsp": [0.17225665165883555, 0.011264223901387349, 0.0], "k_pid_vsp": [237.37114527084637, 57.93155354082285, 10.0]}, "datetime": {"datetime": "2025-08-14 00:11:28", "elapsed": 51816.867665052414, "delta": 18.591854095458984}, "costs": {"total_cost": 183.60849438943902, "time_cost": 69.741, "final_distance_cost": 1.843213234730002, "oscillation_cost": 31.025887831640958, "completition_cost": 0.0, "overshoot_cost": 50.43926352035422, "power_cost": 12.319932470703126, "noise_cost": 18.239197332010715, "n_waypoints_completed": 9, "tot_waypoints": 9}}
{"target": -276.8019704760645, "params": {"k_pid_pos": [1.6847188596925242, 0.5434663007892857, 0.6233375984123564], "k_pid_alt": [1.85112020821355, 0.4198651078026976, 0.23086984934879706], "k_pid_att": [23.08752834258585, 4.077532668255645, 0.261380462049589], "k_pid_yaw": [0.5, 1e-06, 0.1], "k_pid_hsp": [8.976555834805225, 0.011264223901387349, 0.0], "k_pid_vsp": [205.46647479918613, 389.94840056141436, 10.0]}, "datetime": {"datetime": "2025-08-14 00:11:51", "elapsed": 51839.846091508865, "delta": 22.978426456451416}, "costs": {"total_cost": 276.8019704760645, "time_cost": 89.775, "final_distance_cost": 1.7372148755870063, "oscillation_cost": 77.22517525991003, "completition_cost": 0.0, "overshoot_cost": 53.57993032223727, "power_cost": 28.49216094970703, "noise_cost": 25.992489068623215, "n_waypoints_completed": 9, "tot_waypoints": 9}}
{"target": -194.924235725602, "params": {"k_pid_pos": [1.1837130645794225, 0.024859491386256316, 0.9451257094832697], "k_pid_alt": [1.104475134326496, 0.0, 0.5449280578686585], "k_pid_att": [23.08752834258585, 4.077532668255645, 0.261380462049589], "k_pid_yaw": [0.5, 1e-06, 0.1], "k_pid_hsp": [0.17225665165883555, 0.011264223901387349, 0.0], "k_pid_vsp": [205.46647479918613, 306.5653082406949, 10.0]}, "datetime": {"datetime": "2025-08-14 00:12:14", "elapsed": 51862.19944381714, "delta": 22.353352308273315}, "costs": {"total_cost": 194.924235725602, "time_cost": 77.049, "final_distance_cost": 1.8529125095662273, "oscillation_cost": 27.161790906959187, "completition_cost": 0.0, "overshoot_cost": 50.500063931403474, "power_cost": 18.70741774902344, "noise_cost": 19.653050628649652, "n_waypoints_completed": 9, "tot_waypoints": 9}}
{"target": -182.8919703663279, "params": {"k_pid_pos": [1.733835489643198, 0.08976672005448583, 0.9451257094832697], "k_pid_alt": [1.5786606064986153, 0.0, 0.3157032531275451], "k_pid_att": [11.329609997636037, 3.4126860594551975, 0.261380462049589], "k_pid_yaw": [0.5, 1e-06, 0.1], "k_pid_hsp": [0.17225665165883555, 0.011264223901387349, 0.0], "k_pid_vsp": [237.37114527084637, 57.93155354082285, 10.0]}, "datetime": {"datetime": "2025-08-14 00:12:33", "elapsed": 51882.040053129196, "delta": 19.840609312057495}, "costs": {"total_cost": 182.8919703663279, "time_cost": 69.608, "final_distance_cost": 1.8430161060448371, "oscillation_cost": 29.242030283401743, "completition_cost": 0.0, "overshoot_cost": 50.48138191444711, "power_cost": 13.194937475585938, "noise_cost": 18.522604586848285, "n_waypoints_completed": 9, "tot_waypoints": 9}}
{"target": -193.5385513774903, "params": {"k_pid_pos": [1.6539202065587246, 0.024859491386256316, 0.9451257094832697], "k_pid_alt": [1.5786606064986153, 0.0, 0.23086984934879706], "k_pid_att": [23.08752834258585, 4.077532668255645, 0.261380462049589], "k_pid_yaw": [0.5, 1e-06, 0.1], "k_pid_hsp": [0.17225665165883555, 0.011264223901387349, 0.0], "k_pid_vsp": [27.820441695830667, 130.53254854158118, 10.0]}, "datetime": {"datetime": "2025-08-14 00:12:54", "elapsed": 51902.43107533455, "delta": 20.391022205352783}, "costs": {"total_cost": 193.5385513774903, "time_cost": 69.377, "final_distance_cost": 1.8434488902769615, "oscillation_cost": 28.806521760471433, "completition_cost": 0.0, "overshoot_cost": 50.332335921850984, "power_cost": 22.381964880371093, "noise_cost": 20.797279924519845, "n_waypoints_completed": 9, "tot_waypoints": 9}}
{"target": -192.5369287429192, "params": {"k_pid_pos": [1.6847188596925242, 0.08976672005448583, 0.9451257094832697], "k_pid_alt": [1.85112020821355, 0.0, 0.25938735764965193], "k_pid_att": [11.329609997636037, 3.4126860594551975, 0.261380462049589], "k_pid_yaw": [0.5, 1e-06, 0.1], "k_pid_hsp": [0.17225665165883555, 0.011264223901387349, 0.0], "k_pid_vsp": [237.37114527084637, 57.93155354082285, 10.0]}, "datetime": {"datetime": "2025-08-14 00:13:11", "elapsed": 51919.38050889969, "delta": 16.94943356513977}, "costs": {"total_cost": 192.5369287429192, "time_cost": 70.532, "final_distance_cost": 1.8370582979050236, "oscillation_cost": 28.406183945924408, "completition_cost": 0.0, "overshoot_cost": 51.14098287142637, "power_cost": 20.454321215820315, "noise_cost": 20.166382411843085, "n_waypoints_completed": 9, "tot_waypoints": 9}}
{"target": -199.2717942129607, "params": {"k_pid_pos": [1.033967693808597, 0.08976672005448583, 0.9451257094832697], "k_pid_alt": [1.85112020821355, 0.0, 0.25938735764965193], "k_pid_att": [86.70916919633552, 3.4126860594551975, 0.261380462049589], "k_pid_yaw": [0.5, 1e-06, 0.1], "k_pid_hsp": [0.17225665165883555, 0.011264223901387349, 0.0], "k_pid_vsp": [205.46647479918613, 389.94840056141436, 10.0]}, "datetime": {"datetime": "2025-08-14 00:13:33", "elapsed": 51941.38931822777, "delta": 22.008809328079224}, "costs": {"total_cost": 199.2717942129607, "time_cost": 75.495, "final_distance_cost": 1.8530052227211498, "oscillation_cost": 28.162774799540717, "completition_cost": 0.0, "overshoot_cost": 51.46555728231613, "power_cost": 20.78457364501953, "noise_cost": 21.510883263363183, "n_waypoints_completed": 9, "tot_waypoints": 9}}
{"target": -526.1299336861764, "params": {"k_pid_pos": [1.6847188596925242, 0.5434663007892857, 0.6233375984123564], "k_pid_alt": [1.85112020821355, 0.4198651078026976, 0.23086984934879706], "k_pid_att": [23.08752834258585, 4.077532668255645, 0.06319566790747466], "k_pid_yaw": [0.5, 1e-06, 0.1], "k_pid_hsp": [8.976555834805225, 0.949040563752366, 0.0], "k_pid_vsp": [237.37114527084637, 57.93155354082285, 10.0]}, "datetime": {"datetime": "2025-08-14 00:14:01", "elapsed": 51969.773525714874, "delta": 28.384207487106323}, "costs": {"total_cost": 526.1299336861764, "time_cost": 96.047, "final_distance_cost": 1.7454475307533472, "oscillation_cost": 322.06442407527106, "completition_cost": 0.0, "overshoot_cost": 52.89655653954583, "power_cost": 27.217981640625002, "noise_cost": 26.158523899981194, "n_waypoints_completed": 9, "tot_waypoints": 9}}
{"target": -185.76712862505343, "params": {"k_pid_pos": [1.729996457732455, 0.08976672005448583, 0.027766713950817756], "k_pid_alt": [1.5786606064986153, 0.0, 0.3157032531275451], "k_pid_att": [11.329609997636037, 3.4126860594551975, 0.261380462049589], "k_pid_yaw": [0.5, 1e-06, 0.1], "k_pid_hsp": [0.17225665165883555, 0.011264223901387349, 0.0], "k_pid_vsp": [237.37114527084637, 57.93155354082285, 10.0]}, "datetime": {"datetime": "2025-08-14 00:14:22", "elapsed": 51990.54861617088, "delta": 20.77509045600891}, "costs": {"total_cost": 185.76712862505343, "time_cost": 69.524, "final_distance_cost": 1.7439925695520258, "oscillation_cost": 34.36789272191374, "completition_cost": 0.0, "overshoot_cost": 50.38438155468822, "power_cost": 11.485929614257813, "noise_cost": 18.260932164641655, "n_waypoints_completed": 9, "tot_waypoints": 9}}
{"target": -189.7117133167431, "params": {"k_pid_pos": [1.733835489643198, 0.08976672005448583, 0.9451257094832697], "k_pid_alt": [1.5786606064986153, 0.0, 0.9040352588026142], "k_pid_att": [11.329609997636037, 3.4126860594551975, 0.261380462049589], "k_pid_yaw": [0.5, 1e-06, 0.1], "k_pid_hsp": [0.17225665165883555, 0.011264223901387349, 0.0], "k_pid_vsp": [192.0752855763678, 132.26915185465117, 10.0]}, "datetime": {"datetime": "2025-08-14 00:14:39", "elapsed": 52007.48835158348, "delta": 16.939735412597656}, "costs": {"total_cost": 189.7117133167431, "time_cost": 70.96600000000001, "final_distance_cost": 1.8371591599815362, "oscillation_cost": 29.83808427184026, "completition_cost": 0.0, "overshoot_cost": 50.51256334414833, "power_cost": 17.447293090820313, "noise_cost": 19.110613449952652, "n_waypoints_completed": 9, "tot_waypoints": 9}}
{"target": -196.74441750966093, "params": {"k_pid_pos": [1.6847188596925242, 0.08976672005448583, 0.11242249713100771], "k_pid_alt": [1.85112020821355, 0.0, 0.23086984934879706], "k_pid_att": [63.45214009056577, 4.077532668255645, 0.261380462049589], "k_pid_yaw": [0.5, 1e-06, 0.1], "k_pid_hsp": [0.17225665165883555, 0.011264223901387349, 0.0], "k_pid_vsp": [237.37114527084637, 57.93155354082285, 10.0]}, "datetime": {"datetime": "2025-08-14 00:14:57", "elapsed": 52025.76993584633, "delta": 18.2815842628479}, "costs": {"total_cost": 196.74441750966093, "time_cost": 70.224, "final_distance_cost": 1.7900155255887324, "oscillation_cost": 32.76305788539206, "completition_cost": 0.0, "overshoot_cost": 51.718142810695774, "power_cost": 20.23803571777344, "noise_cost": 20.01116557021093, "n_waypoints_completed": 9, "tot_waypoints": 9}}
{"target": -210.41612546449346, "params": {"k_pid_pos": [1.6847188596925242, 0.08976672005448583, 0.9451257094832697], "k_pid_alt": [1.85112020821355, 0.0, 0.25938735764965193], "k_pid_att": [11.329609997636037, 3.4126860594551975, 0.261380462049589], "k_pid_yaw": [0.5, 1e-06, 0.1], "k_pid_hsp": [0.17225665165883555, 0.011264223901387349, 0.0], "k_pid_vsp": [237.37114527084637, 57.93155354082285, 10.0]}, "datetime": {"datetime": "2025-08-14 00:15:17", "elapsed": 52045.70136141777, "delta": 19.93142557144165}, "costs": {"total_cost": 210.41612546449346, "time_cost": 74.928, "final_distance_cost": 1.8296313477310842, "oscillation_cost": 30.43093683384192, "completition_cost": 0.0, "overshoot_cost": 53.9922842014579, "power_cost": 26.234376489257812, "noise_cost": 23.000896592204768, "n_waypoints_completed": 9, "tot_waypoints": 9}}
{"target": -212.97734334167336, "params": {"k_pid_pos": [1.733835489643198, 0.3476693083007718, 0.9451257094832697], "k_pid_alt": [0.8737548644081292, 0.0, 0.25938735764965193], "k_pid_att": [74.86132892719988, 2.771467938851939, 0.08472123156462463], "k_pid_yaw": [0.5, 1e-06, 0.1], "k_pid_hsp": [0.17225665165883555, 0.011264223901387349, 0.0], "k_pid_vsp": [94.78420374824373, 127.91747472228406, 10.0]}, "datetime": {"datetime": "2025-08-14 00:15:36", "elapsed": 52064.349584817886, "delta": 18.648223400115967}, "costs": {"total_cost": 212.97734334167336, "time_cost": 77.259, "final_distance_cost": 1.8202799563576562, "oscillation_cost": 31.57221643434446, "completition_cost": 0.0, "overshoot_cost": 52.23334473669937, "power_cost": 26.491692822265627, "noise_cost": 23.60080939200625, "n_waypoints_completed": 9, "tot_waypoints": 9}}
{"target": -290.8937387745169, "params": {"k_pid_pos": [1.6847188596925242, 0.08976672005448583, 0.9451257094832697], "k_pid_alt": [0.8737548644081292, 0.0, 0.6797860385434875], "k_pid_att": [11.329609997636037, 3.4126860594551975, 0.261380462049589], "k_pid_yaw": [0.5, 1e-06, 0.1], "k_pid_hsp": [0.17225665165883555, 0.5024897330046606, 0.0], "k_pid_vsp": [205.46647479918613, 310.89645667885657, 10.0]}, "datetime": {"datetime": "2025-08-14 00:15:58", "elapsed": 52086.903500556946, "delta": 22.55391573905945}, "costs": {"total_cost": 290.8937387745169, "time_cost": 84.868, "final_distance_cost": 1.839455838304756, "oscillation_cost": 99.29680016157172, "completition_cost": 0.0, "overshoot_cost": 50.00491752073207, "power_cost": 28.951529260253906, "noise_cost": 25.93303599365447, "n_waypoints_completed": 9, "tot_waypoints": 9}}
{"target": -186.11927987194306, "params": {"k_pid_pos": [1.733835489643198, 0.08976672005448583, 0.37258641482387045], "k_pid_alt": [1.5786606064986153, 0.0, 0.3157032531275451], "k_pid_att": [11.329609997636037, 3.4126860594551975, 0.261380462049589], "k_pid_yaw": [0.5, 1e-06, 0.1], "k_pid_hsp": [0.17225665165883555, 0.011264223901387349, 0.0], "k_pid_vsp": [246.19246811454866, 57.93155354082285, 10.0]}, "datetime": {"datetime": "2025-08-14 00:16:15", "elapsed": 52103.62276983261, "delta": 16.719269275665283}, "costs": {"total_cost": 186.11927987194306, "time_cost": 69.293, "final_distance_cost": 1.808587275585041, "oscillation_cost": 31.74501848695054, "completition_cost": 0.0, "overshoot_cost": 50.39201854131593, "power_cost": 14.884690246582032, "noise_cost": 17.995965321509505, "n_waypoints_completed": 9, "tot_waypoints": 9}}
{"target": -1531.19368683936, "params": {"k_pid_pos": [1.1909336948537048, 0.08976672005448583, 0.027766713950817756], "k_pid_alt": [1.5786606064986153, 0.0, 0.3157032531275451], "k_pid_att": [11.329609997636037, 1.5644695049037831, 0.261380462049589], "k_pid_yaw": [0.5, 1e-06, 0.1], "k_pid_hsp": [5.427872288198201, 0.011264223901387349, 0.0], "k_pid_vsp": [192.0752855763678, 57.93155354082285, 198.53847987692703]}, "datetime": {"datetime": "2025-08-14 00:16:45", "elapsed": 52133.868911743164, "delta": 30.24614191055298}, "costs": {"total_cost": 1531.19368683936, "time_cost": 150, "final_distance_cost": 21.90118618661354, "oscillation_cost": 90.68589587554574, "completition_cost": 1000.0, "overshoot_cost": 141.40784545115136, "power_cost": 39.03709195556641, "noise_cost": 88.16166737048289, "n_waypoints_completed": 0, "tot_waypoints": 9}}
{"target": -187.37909501226173, "params": {"k_pid_pos": [1.733835489643198, 0.024859491386256316, 0.9451257094832697], "k_pid_alt": [1.5786606064986153, 0.0, 0.23086984934879706], "k_pid_att": [9.353998950407705, 1.2169696906303682, 0.261380462049589], "k_pid_yaw": [0.5, 1e-06, 0.1], "k_pid_hsp": [0.17225665165883555, 0.011264223901387349, 0.0], "k_pid_vsp": [103.0527854068954, 57.93155354082285, 10.0]}, "datetime": {"datetime": "2025-08-14 00:17:04", "elapsed": 52152.652076005936, "delta": 18.783164262771606}, "costs": {"total_cost": 187.37909501226173, "time_cost": 69.65, "final_distance_cost": 1.839409379551098, "oscillation_cost": 28.655668367712476, "completition_cost": 0.0, "overshoot_cost": 50.35424224677545, "power_cost": 18.228949462890625, "noise_cost": 18.650825555332066, "n_waypoints_completed": 9, "tot_waypoints": 9}}
{"target": -204.84682459543689, "params": {"k_pid_pos": [1.733835489643198, 0.5731276815533257, 0.6428149468543811], "k_pid_alt": [1.5786606064986153, 0.0, 0.3157032531275451], "k_pid_att": [11.329609997636037, 3.4126860594551975, 0.261380462049589], "k_pid_yaw": [0.5, 1e-06, 0.1], "k_pid_hsp": [0.17225665165883555, 0.011264223901387349, 0.0], "k_pid_vsp": [237.37114527084637, 57.93155354082285, 10.0]}, "datetime": {"datetime": "2025-08-14 00:17:24", "elapsed": 52172.25785946846, "delta": 19.605783462524414}, "costs": {"total_cost": 204.84682459543689, "time_cost": 78.295, "final_distance_cost": 1.7531247770868204, "oscillation_cost": 33.112709059441826, "completition_cost": 0.0, "overshoot_cost": 51.388053206403946, "power_cost": 19.983538110351564, "noise_cost": 20.31439944215273, "n_waypoints_completed": 9, "tot_waypoints": 9}}
{"target": -228.0948031129232, "params": {"k_pid_pos": [1.733835489643198, 0.08976672005448583, 0.9451257094832697], "k_pid_alt": [1.5786606064986153, 0.0, 0.3157032531275451], "k_pid_att": [11.329609997636037, 1.4171773283956124, 0.261380462049589], "k_pid_yaw": [0.5, 1e-06, 0.1], "k_pid_hsp": [0.17225665165883555, 0.30087628819501033, 0.0], "k_pid_vsp": [237.37114527084637, 57.93155354082285, 10.0]}, "datetime": {"datetime": "2025-08-14 00:17:43", "elapsed": 52192.053814888, "delta": 19.795955419540405}, "costs": {"total_cost": 228.0948031129232, "time_cost": 72.926, "final_distance_cost": 1.8392794473392844, "oscillation_cost": 65.78435317578018, "completition_cost": 0.0, "overshoot_cost": 51.26843911925809, "power_cost": 15.686408496093751, "noise_cost": 20.590322874451886, "n_waypoints_completed": 9, "tot_waypoints": 9}}
{"target": -870.4665711947736, "params": {"k_pid_pos": [0.1503089134600384, 0.08976672005448583, 0.9451257094832697], "k_pid_alt": [1.5786606064986153, 0.0, 0.3157032531275451], "k_pid_att": [11.329609997636037, 3.4126860594551975, 0.261380462049589], "k_pid_yaw": [0.5, 1e-06, 0.1], "k_pid_hsp": [0.17225665165883555, 0.011264223901387349, 0.0], "k_pid_vsp": [237.37114527084637, 57.93155354082285, 10.0]}, "datetime": {"datetime": "2025-08-14 00:18:12", "elapsed": 52220.35862016678, "delta": 28.304805278778076}, "costs": {"total_cost": 870.4665711947736, "time_cost": 150, "final_distance_cost": 45.194300061260954, "oscillation_cost": 6.891667549608327, "completition_cost": 555.5555555555555, "overshoot_cost": 66.46796547560042, "power_cost": 20.020978588867187, "noise_cost": 26.336103963881218, "n_waypoints_completed": 4, "tot_waypoints": 9}}
{"target": -1819.2272190505505, "params": {"k_pid_pos": [1.6847188596925242, 0.08976672005448583, 0.11242249713100771], "k_pid_alt": [1.85112020821355, 0.830663062962654, 0.23086984934879706], "k_pid_att": [63.45214009056577, 4.077532668255645, 0.261380462049589], "k_pid_yaw": [0.5, 1e-06, 0.1], "k_pid_hsp": [0.17225665165883555, 0.3858464249157715, 0.4637715305365492], "k_pid_vsp": [205.46647479918613, 358.6849875786727, 10.0]}, "datetime": {"datetime": "2025-08-14 00:18:42", "elapsed": 52250.92764759064, "delta": 30.569027423858643}, "costs": {"total_cost": 1819.2272190505505, "time_cost": 150, "final_distance_cost": 39.89221989985184, "oscillation_cost": 735.4597103193728, "completition_cost": 666.6666666666667, "overshoot_cost": 159.1528573649236, "power_cost": 36.585850915527345, "noise_cost": 31.469913884208193, "n_waypoints_completed": 3, "tot_waypoints": 9}}
{"target": -214.56317064019655, "params": {"k_pid_pos": [1.1837130645794225, 0.024859491386256316, 0.416330797462678], "k_pid_alt": [0.8427743855844962, 0.0, 0.25938735764965193], "k_pid_att": [11.329609997636037, 8.164782527102767, 0.261380462049589], "k_pid_yaw": [0.5, 1e-06, 0.1], "k_pid_hsp": [8.33097044068181, 0.011264223901387349, 0.0], "k_pid_vsp": [237.37114527084637, 57.93155354082285, 10.0]}, "datetime": {"datetime": "2025-08-14 00:19:02", "elapsed": 52270.31560540199, "delta": 19.38795781135559}, "costs": {"total_cost": 214.56317064019655, "time_cost": 74.20700000000001, "final_distance_cost": 1.84930435502046, "oscillation_cost": 51.34360783505463, "completition_cost": 0.0, "overshoot_cost": 50.339219531811324, "power_cost": 17.484311840820315, "noise_cost": 19.3397270774898, "n_waypoints_completed": 9, "tot_waypoints": 9}}
