{"target": -184.52465963971235, "params": {"k_pid_pos": [1.6203022768980826, 0.024859491386256316, 0.8519347702918288], "k_pid_alt": [1.4458679973838424, 0.0, 0.3146878632891922], "k_pid_att": [43.948176657889235, 0.18205753750414305, 0.34464953207076743], "k_pid_yaw": [0.5, 1e-06, 0.1], "k_pid_hsp": [0.09847755819799779, 0.011264223901387349, 0.0], "k_pid_vsp": [376.5747392387296, 93.09285943774285, 10.0]}, "datetime": {"datetime": "2025-08-13 17:23:35", "elapsed": 27343.915724992752, "delta": 16.938730716705322}, "costs": {"total_cost": 184.52465963971235, "time_cost": 70.245, "final_distance_cost": 1.8299313016777055, "oscillation_cost": 28.62574971943959, "completition_cost": 0.0, "overshoot_cost": 50.892667329751596, "power_cost": 14.817999548339845, "noise_cost": 18.113311740503615, "n_waypoints_completed": 9, "tot_waypoints": 9}}
{"target": -188.51456919611795, "params": {"k_pid_pos": [1.733835489643198, 0.024859491386256316, 0.8519347702918288], "k_pid_alt": [1.4458679973838424, 0.0, 0.3146878632891922], "k_pid_att": [40.6020781270096, 0.18205753750414305, 0.34464953207076743], "k_pid_yaw": [0.5, 1e-06, 0.1], "k_pid_hsp": [0.09847755819799779, 0.011264223901387349, 0.0], "k_pid_vsp": [36.465762321119, 197.31441805153213, 10.0]}, "datetime": {"datetime": "2025-08-13 17:23:53", "elapsed": 27361.84333896637, "delta": 17.927613973617554}, "costs": {"total_cost": 188.51456919611795, "time_cost": 69.797, "final_distance_cost": 1.8212843175838958, "oscillation_cost": 30.4807909257456, "completition_cost": 0.0, "overshoot_cost": 50.80018614047528, "power_cost": 17.412341638183594, "noise_cost": 18.202966174129596, "n_waypoints_completed": 9, "tot_waypoints": 9}}
{"target": -198.65590733504862, "params": {"k_pid_pos": [1.733835489643198, 0.024859491386256316, 0.8519347702918288], "k_pid_alt": [0.9138724434078689, 0.0, 0.9156111886454469], "k_pid_att": [43.948176657889235, 0.18205753750414305, 0.6412714623366417], "k_pid_yaw": [0.5, 1e-06, 0.1], "k_pid_hsp": [0.09847755819799779, 0.011264223901387349, 0.0], "k_pid_vsp": [376.5747392387296, 93.09285943774285, 10.0]}, "datetime": {"datetime": "2025-08-13 17:24:12", "elapsed": 27380.567512512207, "delta": 18.724173545837402}, "costs": {"total_cost": 198.65590733504862, "time_cost": 76.979, "final_distance_cost": 1.8492820905194183, "oscillation_cost": 29.090491947744006, "completition_cost": 0.0, "overshoot_cost": 51.29210947286498, "power_cost": 19.944426513671875, "noise_cost": 19.50059731024833, "n_waypoints_completed": 9, "tot_waypoints": 9}}
{"target": -193.04118467167342, "params": {"k_pid_pos": [1.4340672435785011, 0.5303319676020144, 0.8092599635047751], "k_pid_alt": [1.7187705538853828, 0.0, 0.6600607021214705], "k_pid_att": [39.447728079683905, 3.8677381495188174, 0.6559199499296157], "k_pid_yaw": [0.5, 1e-06, 0.1], "k_pid_hsp": [0.09847755819799779, 0.011264223901387349, 0.0], "k_pid_vsp": [376.5747392387296, 369.48810340511164, 10.0]}, "datetime": {"datetime": "2025-08-13 17:24:31", "elapsed": 27399.812481164932, "delta": 19.24496865272522}, "costs": {"total_cost": 193.04118467167342, "time_cost": 77.791, "final_distance_cost": 1.797819640261531, "oscillation_cost": 29.174617282510553, "completition_cost": 0.0, "overshoot_cost": 51.53064502360808, "power_cost": 13.736862414550782, "noise_cost": 19.010240310742468, "n_waypoints_completed": 9, "tot_waypoints": 9}}
{"target": -212.01095082722273, "params": {"k_pid_pos": [1.6203022768980826, 0.024859491386256316, 0.8519347702918288], "k_pid_alt": [1.4458679973838424, 0.0, 0.9659895333512928], "k_pid_att": [43.948176657889235, 8.683548648184065, 0.34464953207076743], "k_pid_yaw": [0.5, 1e-06, 0.1], "k_pid_hsp": [3.061197731635527, 0.011264223901387349, 0.0], "k_pid_vsp": [277.2708477836043, 93.09285943774285, 10.0]}, "datetime": {"datetime": "2025-08-13 17:24:49", "elapsed": 27417.410435676575, "delta": 17.597954511642456}, "costs": {"total_cost": 212.01095082722273, "time_cost": 74.46600000000001, "final_distance_cost": 1.8533466765408433, "oscillation_cost": 39.45702033520264, "completition_cost": 0.0, "overshoot_cost": 51.321284850519135, "power_cost": 23.02321929931641, "noise_cost": 21.890079665643697, "n_waypoints_completed": 9, "tot_waypoints": 9}}
{"target": -190.79145084801098, "params": {"k_pid_pos": [1.4340672435785011, 0.5303319676020144, 0.9239049236577108], "k_pid_alt": [1.7187705538853828, 0.0, 0.6600607021214705], "k_pid_att": [39.447728079683905, 3.8677381495188174, 0.06670604035978966], "k_pid_yaw": [0.5, 1e-06, 0.1], "k_pid_hsp": [0.09847755819799779, 0.011264223901387349, 0.0], "k_pid_vsp": [277.2708477836043, 50.87373020527707, 10.0]}, "datetime": {"datetime": "2025-08-13 17:25:07", "elapsed": 27435.896693468094, "delta": 18.486257791519165}, "costs": {"total_cost": 190.79145084801098, "time_cost": 74.851, "final_distance_cost": 1.7938578507878453, "oscillation_cost": 31.629228151636177, "completition_cost": 0.0, "overshoot_cost": 51.14030193577571, "power_cost": 12.002277856445312, "noise_cost": 19.37478505336595, "n_waypoints_completed": 9, "tot_waypoints": 9}}
{"target": -1566.604165165077, "params": {"k_pid_pos": [1.733835489643198, 0.6034900646563243, 0.8519347702918288], "k_pid_alt": [1.4458679973838424, 0.0, 0.3146878632891922], "k_pid_att": [71.45838630927439, 0.18205753750414305, 0.9456905697425194], "k_pid_yaw": [0.5, 1e-06, 0.1], "k_pid_hsp": [0.09847755819799779, 0.011264223901387349, 0.0], "k_pid_vsp": [277.2708477836043, 93.09285943774285, 364.10443583191045]}, "datetime": {"datetime": "2025-08-13 17:25:36", "elapsed": 27464.568122148514, "delta": 28.671428680419922}, "costs": {"total_cost": 1566.604165165077, "time_cost": 150, "final_distance_cost": 175.7959147820839, "oscillation_cost": 8.928633690316085, "completition_cost": 888.8888888888888, "overshoot_cost": 278.2194026232617, "power_cost": 27.9443705078125, "noise_cost": 36.82695467271392, "n_waypoints_completed": 1, "tot_waypoints": 9}}
{"target": -883.8234680813716, "params": {"k_pid_pos": [1.733835489643198, 0.024859491386256316, 0.8519347702918288], "k_pid_alt": [0.08360835472764028, 0.005032828812111867, 0.3146878632891922], "k_pid_att": [40.6020781270096, 0.18205753750414305, 0.34464953207076743], "k_pid_yaw": [0.5, 1e-06, 0.1], "k_pid_hsp": [0.7117181632766922, 0.011264223901387349, 0.0], "k_pid_vsp": [251.5004449007475, 93.09285943774285, 10.0]}, "datetime": {"datetime": "2025-08-13 17:26:05", "elapsed": 27493.24038887024, "delta": 28.672266721725464}, "costs": {"total_cost": 883.8234680813716, "time_cost": 150, "final_distance_cost": 42.73020451795119, "oscillation_cost": 15.988533628793963, "completition_cost": 555.5555555555555, "overshoot_cost": 54.0784686028519, "power_cost": 34.02630543212891, "noise_cost": 31.444400344090088, "n_waypoints_completed": 4, "tot_waypoints": 9}}
{"target": -1235.014772871174, "params": {"k_pid_pos": [1.4340672435785011, 0.024859491386256316, 0.8519347702918288], "k_pid_alt": [1.4458679973838424, 0.7878073311663888, 0.6600607021214705], "k_pid_att": [39.447728079683905, 3.8677381495188174, 0.6559199499296157], "k_pid_yaw": [0.5, 1e-06, 0.1], "k_pid_hsp": [0.09847755819799779, 0.011264223901387349, 0.0], "k_pid_vsp": [36.465762321119, 197.31441805153213, 234.57990640435014]}, "datetime": {"datetime": "2025-08-13 17:26:33", "elapsed": 27522.012045383453, "delta": 28.77165651321411}, "costs": {"total_cost": 1235.014772871174, "time_cost": 150, "final_distance_cost": 70.51238331632418, "oscillation_cost": 8.884102574097591, "completition_cost": 777.7777777777778, "overshoot_cost": 141.29828896639864, "power_cost": 29.33805632324219, "noise_cost": 57.204163913333524, "n_waypoints_completed": 2, "tot_waypoints": 9}}
{"target": -826.2111523080081, "params": {"k_pid_pos": [1.1746680240616947, 0.024859491386256316, 0.8519347702918288], "k_pid_alt": [1.4458679973838424, 0.0, 0.3146878632891922], "k_pid_att": [43.948176657889235, 0.18205753750414305, 0.34464953207076743], "k_pid_yaw": [0.5, 1e-06, 0.1], "k_pid_hsp": [0.09847755819799779, 0.8810724201875452, 0.0], "k_pid_vsp": [376.5747392387296, 93.09285943774285, 10.0]}, "datetime": {"datetime": "2025-08-13 17:27:02", "elapsed": 27550.415273666382, "delta": 28.403228282928467}, "costs": {"total_cost": 826.2111523080081, "time_cost": 150, "final_distance_cost": 67.70456138527976, "oscillation_cost": 143.89912976663666, "completition_cost": 333.33333333333337, "overshoot_cost": 60.87391361807946, "power_cost": 35.728251074218754, "noise_cost": 34.671963130460114, "n_waypoints_completed": 6, "tot_waypoints": 9}}
{"target": -188.9064100398952, "params": {"k_pid_pos": [1.733835489643198, 0.024859491386256316, 0.704167472379422], "k_pid_alt": [1.4458679973838424, 0.0, 0.3146878632891922], "k_pid_att": [71.45838630927439, 0.18205753750414305, 0.5315175384971502], "k_pid_yaw": [0.5, 1e-06, 0.1], "k_pid_hsp": [0.09847755819799779, 0.011264223901387349, 0.0], "k_pid_vsp": [63.87935167311278, 93.09285943774285, 10.0]}, "datetime": {"datetime": "2025-08-13 17:27:19", "elapsed": 27567.277463436127, "delta": 16.862189769744873}, "costs": {"total_cost": 188.9064100398952, "time_cost": 69.818, "final_distance_cost": 1.8187458424864018, "oscillation_cost": 29.408904401890087, "completition_cost": 0.0, "overshoot_cost": 50.58353241649309, "power_cost": 18.57476190185547, "noise_cost": 18.702465477170136, "n_waypoints_completed": 9, "tot_waypoints": 9}}
{"target": -994.1363154979167, "params": {"k_pid_pos": [1.733835489643198, 0.5386582446021755, 0.8519347702918288], "k_pid_alt": [1.4458679973838424, 0.0, 0.3146878632891922], "k_pid_att": [43.948176657889235, 0.18205753750414305, 0.34464953207076743], "k_pid_yaw": [0.5, 1e-06, 0.1], "k_pid_hsp": [0.09847755819799779, 0.011264223901387349, 0.0], "k_pid_vsp": [376.5747392387296, 93.09285943774285, 250.6364031778067]}, "datetime": {"datetime": "2025-08-13 17:27:47", "elapsed": 27595.621462345123, "delta": 28.343998908996582}, "costs": {"total_cost": 994.1363154979167, "time_cost": 150, "final_distance_cost": 59.16920737480992, "oscillation_cost": 13.41012366041723, "completition_cost": 666.6666666666667, "overshoot_cost": 46.48990761604278, "power_cost": 30.759122985839845, "noise_cost": 27.64128719414017, "n_waypoints_completed": 3, "tot_waypoints": 9}}
{"target": -185.51692697110346, "params": {"k_pid_pos": [1.4340672435785011, 0.024859491386256316, 0.8519347702918288], "k_pid_alt": [1.4458679973838424, 0.0, 0.6600607021214705], "k_pid_att": [39.447728079683905, 3.8677381495188174, 0.6559199499296157], "k_pid_yaw": [0.5, 1e-06, 0.1], "k_pid_hsp": [0.09847755819799779, 0.011264223901387349, 0.0], "k_pid_vsp": [251.5004449007475, 93.09285943774285, 10.0]}, "datetime": {"datetime": "2025-08-13 17:28:04", "elapsed": 27612.221472024918, "delta": 16.60000967979431}, "costs": {"total_cost": 185.51692697110346, "time_cost": 71.61, "final_distance_cost": 1.829738021447487, "oscillation_cost": 27.43420883041904, "completition_cost": 0.0, "overshoot_cost": 51.10234161951319, "power_cost": 15.044715808105469, "noise_cost": 18.49592269161827, "n_waypoints_completed": 9, "tot_waypoints": 9}}
{"target": -193.15696006137534, "params": {"k_pid_pos": [1.6203022768980826, 0.024859491386256316, 0.8519347702918288], "k_pid_alt": [1.4458679973838424, 0.0, 0.3123089974307902], "k_pid_att": [43.948176657889235, 0.18205753750414305, 0.34464953207076743], "k_pid_yaw": [0.5, 1e-06, 0.1], "k_pid_hsp": [0.09847755819799779, 0.011264223901387349, 0.0], "k_pid_vsp": [376.5747392387296, 93.02116563978787, 10.0]}, "datetime": {"datetime": "2025-08-13 17:28:22", "elapsed": 27630.28927230835, "delta": 18.067800283432007}, "costs": {"total_cost": 193.15696006137534, "time_cost": 70.791, "final_distance_cost": 1.8406937685396876, "oscillation_cost": 27.53187537809653, "completition_cost": 0.0, "overshoot_cost": 51.642845549656606, "power_cost": 20.911548876953127, "noise_cost": 20.438996488129384, "n_waypoints_completed": 9, "tot_waypoints": 9}}
{"target": -181.27720296939543, "params": {"k_pid_pos": [1.733835489643198, 0.024859491386256316, 0.8519347702918288], "k_pid_alt": [1.7297729984189598, 0.0, 0.3146878632891922], "k_pid_att": [40.6020781270096, 0.18205753750414305, 0.34464953207076743], "k_pid_yaw": [0.5, 1e-06, 0.1], "k_pid_hsp": [0.09847755819799779, 0.011264223901387349, 0.0], "k_pid_vsp": [316.2191682070645, 93.09285943774285, 10.0]}, "datetime": {"datetime": "2025-08-13 17:28:38", "elapsed": 27647.047283887863, "delta": 16.75801157951355}, "costs": {"total_cost": 181.27720296939543, "time_cost": 69.601, "final_distance_cost": 1.8103259409983479, "oscillation_cost": 28.46160257825386, "completition_cost": 0.0, "overshoot_cost": 50.98847285674067, "power_cost": 12.133635095214844, "noise_cost": 18.282166498187664, "n_waypoints_completed": 9, "tot_waypoints": 9}}
{"target": -208.71995864345365, "params": {"k_pid_pos": [1.4340672435785011, 0.5103538444008343, 0.8519347702918288], "k_pid_alt": [1.4458679973838424, 0.7198878692218418, 0.6600607021214705], "k_pid_att": [27.991523243942407, 3.8677381495188174, 0.6559199499296157], "k_pid_yaw": [0.5, 1e-06, 0.1], "k_pid_hsp": [0.09847755819799779, 0.011264223901387349, 0.0], "k_pid_vsp": [316.2191682070645, 93.09285943774285, 10.0]}, "datetime": {"datetime": "2025-08-13 17:28:58", "elapsed": 27666.488478422165, "delta": 19.441194534301758}, "costs": {"total_cost": 208.71995864345365, "time_cost": 82.04, "final_distance_cost": 1.7865330481569726, "oscillation_cost": 30.36321003825621, "completition_cost": 0.0, "overshoot_cost": 52.95351439765321, "power_cost": 20.986911743164065, "noise_cost": 20.5897894162232, "n_waypoints_completed": 9, "tot_waypoints": 9}}
{"target": -891.2858112107806, "params": {"k_pid_pos": [1.733835489643198, 0.024859491386256316, 0.8519347702918288], "k_pid_alt": [0.08360835472764028, 0.005032828812111867, 0.3146878632891922], "k_pid_att": [40.6020781270096, 0.18205753750414305, 0.34464953207076743], "k_pid_yaw": [0.5, 1e-06, 0.1], "k_pid_hsp": [0.7117181632766922, 0.011264223901387349, 0.0], "k_pid_vsp": [251.5004449007475, 214.75589357362082, 10.0]}, "datetime": {"datetime": "2025-08-13 17:29:27", "elapsed": 27695.86123895645, "delta": 29.3727605342865}, "costs": {"total_cost": 891.2858112107806, "time_cost": 150, "final_distance_cost": 42.70795643046412, "oscillation_cost": 15.959687382702317, "completition_cost": 555.5555555555555, "overshoot_cost": 54.30938934288403, "power_cost": 38.79879949951172, "noise_cost": 33.95442299966281, "n_waypoints_completed": 4, "tot_waypoints": 9}}
{"target": -197.85713723510497, "params": {"k_pid_pos": [1.733835489643198, 0.024859491386256316, 0.8519347702918288], "k_pid_alt": [1.4458679973838424, 0.0, 0.7021768561816121], "k_pid_att": [43.948176657889235, 0.18205753750414305, 0.34464953207076743], "k_pid_yaw": [0.5, 1e-06, 0.1], "k_pid_hsp": [0.09847755819799779, 0.011264223901387349, 0.0], "k_pid_vsp": [376.5747392387296, 93.02116563978787, 10.0]}, "datetime": {"datetime": "2025-08-13 17:29:45", "elapsed": 27713.621725559235, "delta": 17.760486602783203}, "costs": {"total_cost": 197.85713723510497, "time_cost": 72.436, "final_distance_cost": 1.8206495260932218, "oscillation_cost": 27.72974781693928, "completition_cost": 0.0, "overshoot_cost": 51.767136976507885, "power_cost": 22.768280102539062, "noise_cost": 21.335322813025524, "n_waypoints_completed": 9, "tot_waypoints": 9}}
{"target": -234.91503608323077, "params": {"k_pid_pos": [0.4420754456323622, 0.024859491386256316, 0.8519347702918288], "k_pid_alt": [1.5258841610985416, 0.4460213279321439, 0.3146878632891922], "k_pid_att": [71.45838630927439, 0.18205753750414305, 0.9456905697425194], "k_pid_yaw": [0.5, 1e-06, 0.1], "k_pid_hsp": [0.09847755819799779, 0.011264223901387349, 0.0], "k_pid_vsp": [277.2708477836043, 93.09285943774285, 10.0]}, "datetime": {"datetime": "2025-08-13 17:30:11", "elapsed": 27739.529329776764, "delta": 25.907604217529297}, "costs": {"total_cost": 234.91503608323077, "time_cost": 107.905, "final_distance_cost": 1.8369821084760465, "oscillation_cost": 18.41454439650339, "completition_cost": 0.0, "overshoot_cost": 57.9451844626269, "power_cost": 23.536927087402344, "noise_cost": 25.276398028222108, "n_waypoints_completed": 9, "tot_waypoints": 9}}
{"target": -191.96968653868362, "params": {"k_pid_pos": [1.4340672435785011, 0.024859491386256316, 0.8519347702918288], "k_pid_alt": [1.477768752937916, 0.0, 0.6600607021214705], "k_pid_att": [39.447728079683905, 3.8677381495188174, 0.6559199499296157], "k_pid_yaw": [0.5, 1e-06, 0.1], "k_pid_hsp": [0.09847755819799779, 0.011264223901387349, 0.0], "k_pid_vsp": [251.5004449007475, 93.09285943774285, 10.0]}, "datetime": {"datetime": "2025-08-13 17:30:29", "elapsed": 27757.32286143303, "delta": 17.79353165626526}, "costs": {"total_cost": 191.96968653868362, "time_cost": 71.799, "final_distance_cost": 1.835897977965118, "oscillation_cost": 27.153350634843697, "completition_cost": 0.0, "overshoot_cost": 51.32272394214595, "power_cost": 20.065513403320313, "noise_cost": 19.793200580408534, "n_waypoints_completed": 9, "tot_waypoints": 9}}
{"target": -1955.7435008873363, "params": {"k_pid_pos": [1.4340672435785011, 0.024859491386256316, 0.8519347702918288], "k_pid_alt": [1.4458679973838424, 0.31913876781791417, 0.6600607021214705], "k_pid_att": [39.447728079683905, 3.8677381495188174, 0.2963112878714621], "k_pid_yaw": [0.5, 1e-06, 0.1], "k_pid_hsp": [0.09847755819799779, 0.011264223901387349, 0.9808670922728795], "k_pid_vsp": [251.5004449007475, 93.09285943774285, 10.0]}, "datetime": {"datetime": "2025-08-13 17:30:57", "elapsed": 27785.803814172745, "delta": 28.480952739715576}, "costs": {"total_cost": 1955.7435008873363, "time_cost": 150, "final_distance_cost": 74.17842533657705, "oscillation_cost": 823.1744092186836, "completition_cost": 777.7777777777778, "overshoot_cost": 67.5718426082489, "power_cost": 32.7452023803711, "noise_cost": 30.295843565677796, "n_waypoints_completed": 2, "tot_waypoints": 9}}
{"target": -1023.7930081260638, "params": {"k_pid_pos": [1.6203022768980826, 0.024859491386256316, 0.8519347702918288], "k_pid_alt": [1.4458679973838424, 0.0, 0.14895820972210694], "k_pid_att": [43.948176657889235, 0.18205753750414305, 0.34464953207076743], "k_pid_yaw": [0.5, 1e-06, 0.1], "k_pid_hsp": [0.09847755819799779, 0.8411161312305768, 0.0], "k_pid_vsp": [376.5747392387296, 93.09285943774285, 10.0]}, "datetime": {"datetime": "2025-08-13 17:31:26", "elapsed": 27814.682980775833, "delta": 28.87916660308838}, "costs": {"total_cost": 1023.7930081260638, "time_cost": 150, "final_distance_cost": 45.96582563066051, "oscillation_cost": 133.464777376119, "completition_cost": 555.5555555555555, "overshoot_cost": 74.46366844828748, "power_cost": 30.36004254150391, "noise_cost": 33.98313857393722, "n_waypoints_completed": 4, "tot_waypoints": 9}}
{"target": -197.11868055568175, "params": {"k_pid_pos": [1.143073425183974, 0.024859491386256316, 0.8519347702918288], "k_pid_alt": [1.2279286217595138, 0.0, 0.3146878632891922], "k_pid_att": [40.6020781270096, 0.18205753750414305, 0.34464953207076743], "k_pid_yaw": [0.5, 1e-06, 0.1], "k_pid_hsp": [0.09847755819799779, 0.011264223901387349, 0.0], "k_pid_vsp": [316.2191682070645, 93.09285943774285, 10.0]}, "datetime": {"datetime": "2025-08-13 17:31:43", "elapsed": 27832.015226840973, "delta": 17.33224606513977}, "costs": {"total_cost": 197.11868055568175, "time_cost": 73.878, "final_distance_cost": 1.8440814579883824, "oscillation_cost": 25.7575956710416, "completition_cost": 0.0, "overshoot_cost": 51.41243716214058, "power_cost": 22.0842783203125, "noise_cost": 22.142287944198685, "n_waypoints_completed": 9, "tot_waypoints": 9}}
{"target": -194.5655642883064, "params": {"k_pid_pos": [1.6203022768980826, 0.024859491386256316, 0.5175749361529872], "k_pid_alt": [1.0568373747140234, 0.0, 0.3146878632891922], "k_pid_att": [99.05121608804818, 0.18205753750414305, 0.34464953207076743], "k_pid_yaw": [0.5, 1e-06, 0.1], "k_pid_hsp": [0.09847755819799779, 0.011264223901387349, 0.0], "k_pid_vsp": [36.465762321119, 197.31441805153213, 10.0]}, "datetime": {"datetime": "2025-08-13 17:32:01", "elapsed": 27849.266616344452, "delta": 17.251389503479004}, "costs": {"total_cost": 194.5655642883064, "time_cost": 71.421, "final_distance_cost": 1.8168044576155091, "oscillation_cost": 32.59921946125985, "completition_cost": 0.0, "overshoot_cost": 50.72100989068699, "power_cost": 18.7972431640625, "noise_cost": 19.210287314681548, "n_waypoints_completed": 9, "tot_waypoints": 9}}
{"target": -199.13930120794197, "params": {"k_pid_pos": [1.733835489643198, 0.024859491386256316, 0.8519347702918288], "k_pid_alt": [1.4458679973838424, 0.0, 0.3146878632891922], "k_pid_att": [40.6020781270096, 0.18205753750414305, 0.34464953207076743], "k_pid_yaw": [0.5, 1e-06, 0.1], "k_pid_hsp": [0.09847755819799779, 0.011264223901387349, 0.0], "k_pid_vsp": [376.5747392387296, 93.09285943774285, 10.0]}, "datetime": {"datetime": "2025-08-13 17:32:17", "elapsed": 27865.94040107727, "delta": 16.673784732818604}, "costs": {"total_cost": 199.13930120794197, "time_cost": 71.54, "final_distance_cost": 1.8232891626225662, "oscillation_cost": 27.61556626883978, "completition_cost": 0.0, "overshoot_cost": 52.38582413112684, "power_cost": 23.718710021972658, "noise_cost": 22.0559116233801, "n_waypoints_completed": 9, "tot_waypoints": 9}}
