{"target": -184.4080782962845, "params": {"k_pid_pos": [1.733835489643198, 0.08976672005448583, 0.9451257094832697], "k_pid_alt": [1.85112020821355, 0.0, 0.23086984934879706], "k_pid_att": [18.808039200177152, 1.6793952317322878, 0.680058006373419], "k_pid_yaw": [0.5, 1e-06, 0.1], "k_pid_hsp": [0.09847755819799779, 0.011264223901387349, 0.0], "k_pid_vsp": [305.67975269326223, 130.53254854158118, 10.0]}, "datetime": {"datetime": "2025-08-13 23:15:45", "elapsed": 48473.64818263054, "delta": 17.319916248321533}, "costs": {"total_cost": 184.4080782962845, "time_cost": 69.71300000000001, "final_distance_cost": 1.81750356954065, "oscillation_cost": 27.73891953226829, "completition_cost": 0.0, "overshoot_cost": 50.83828113460686, "power_cost": 16.670930212402343, "noise_cost": 17.629443847466348, "n_waypoints_completed": 9, "tot_waypoints": 9}}
{"target": -206.38971004796178, "params": {"k_pid_pos": [1.733835489643198, 0.024859491386256316, 0.42495672118777295], "k_pid_alt": [1.5786606064986153, 0.4149186621504757, 0.23086984934879706], "k_pid_att": [11.329609997636037, 3.4126860594551975, 0.261380462049589], "k_pid_yaw": [0.5, 1e-06, 0.1], "k_pid_hsp": [0.17225665165883555, 0.011264223901387349, 0.0], "k_pid_vsp": [205.46647479918613, 130.53254854158118, 10.0]}, "datetime": {"datetime": "2025-08-13 23:16:09", "elapsed": 48497.66514754295, "delta": 24.01696491241455}, "costs": {"total_cost": 206.38971004796178, "time_cost": 78.001, "final_distance_cost": 1.7603408766119908, "oscillation_cost": 35.47384368977589, "completition_cost": 0.0, "overshoot_cost": 50.97930740127996, "power_cost": 19.623164062500003, "noise_cost": 20.552054017793953, "n_waypoints_completed": 9, "tot_waypoints": 9}}
{"target": -194.75645470043986, "params": {"k_pid_pos": [1.733835489643198, 0.570190449532882, 0.9451257094832697], "k_pid_alt": [1.7485197016556397, 0.0, 0.8464395625348557], "k_pid_att": [11.329609997636037, 4.819059953965517, 0.6502564009774173], "k_pid_yaw": [0.5, 1e-06, 0.1], "k_pid_hsp": [0.09847755819799779, 0.011264223901387349, 0.0], "k_pid_vsp": [305.67975269326223, 130.53254854158118, 10.0]}, "datetime": {"datetime": "2025-08-13 23:16:32", "elapsed": 48520.75191140175, "delta": 23.086763858795166}, "costs": {"total_cost": 194.75645470043986, "time_cost": 77.938, "final_distance_cost": 1.7646943311290622, "oscillation_cost": 30.37126459256788, "completition_cost": 0.0, "overshoot_cost": 51.90437203448918, "power_cost": 13.084634313964845, "noise_cost": 19.693489428288895, "n_waypoints_completed": 9, "tot_waypoints": 9}}
{"target": -209.93666066975135, "params": {"k_pid_pos": [1.4200659215445044, 0.5335459762000035, 0.9451257094832697], "k_pid_alt": [1.7988026916343176, 0.0, 0.053878507660848673], "k_pid_att": [57.80223709971288, 7.347914484943822, 0.680058006373419], "k_pid_yaw": [0.5, 1e-06, 0.1], "k_pid_hsp": [0.09847755819799779, 0.011264223901387349, 0.0], "k_pid_vsp": [305.67975269326223, 291.9899918266388, 10.0]}, "datetime": {"datetime": "2025-08-13 23:16:55", "elapsed": 48543.241869449615, "delta": 22.48995804786682}, "costs": {"total_cost": 209.93666066975135, "time_cost": 79.702, "final_distance_cost": 1.778176295535191, "oscillation_cost": 27.43999088957846, "completition_cost": 0.0, "overshoot_cost": 53.81575978283931, "power_cost": 24.14819714355469, "noise_cost": 23.052536558243702, "n_waypoints_completed": 9, "tot_waypoints": 9}}
{"target": -252.6917429382772, "params": {"k_pid_pos": [0.897239302812397, 0.0822904257601288, 0.9451257094832697], "k_pid_alt": [1.5786606064986153, 0.0, 0.23086984934879706], "k_pid_att": [11.329609997636037, 3.4126860594551975, 0.261380462049589], "k_pid_yaw": [0.5, 1e-06, 0.1], "k_pid_hsp": [0.17225665165883555, 0.370582372053357, 0.0], "k_pid_vsp": [237.37114527084637, 57.93155354082285, 10.0]}, "datetime": {"datetime": "2025-08-13 23:17:17", "elapsed": 48565.39752840996, "delta": 22.155658960342407}, "costs": {"total_cost": 252.6917429382772, "time_cost": 81.242, "final_distance_cost": 1.8515846012850532, "oscillation_cost": 68.61395620118033, "completition_cost": 0.0, "overshoot_cost": 52.707963504953575, "power_cost": 23.625493896484375, "noise_cost": 24.650744734373855, "n_waypoints_completed": 9, "tot_waypoints": 9}}
{"target": -192.55836521582214, "params": {"k_pid_pos": [1.733835489643198, 0.024859491386256316, 0.5271164669865139], "k_pid_alt": [1.7035415647774235, 0.0, 0.5933646034205271], "k_pid_att": [29.46763110571006, 5.6580295118978245, 0.9808211468183533], "k_pid_yaw": [0.5, 1e-06, 0.1], "k_pid_hsp": [2.957956300852597, 0.011264223901387349, 0.0], "k_pid_vsp": [305.67975269326223, 130.53254854158118, 10.0]}, "datetime": {"datetime": "2025-08-13 23:17:33", "elapsed": 48581.77902173996, "delta": 16.38149333000183}, "costs": {"total_cost": 192.55836521582214, "time_cost": 69.447, "final_distance_cost": 1.8411215693562453, "oscillation_cost": 35.216750830639405, "completition_cost": 0.0, "overshoot_cost": 50.35630045694601, "power_cost": 17.599769873046874, "noise_cost": 18.097422485833583, "n_waypoints_completed": 9, "tot_waypoints": 9}}
{"target": -417.8089524279164, "params": {"k_pid_pos": [1.733835489643198, 0.0822904257601288, 0.5271164669865139], "k_pid_alt": [1.5786606064986153, 0.0, 0.4058833002920509], "k_pid_att": [29.46763110571006, 5.6580295118978245, 0.9808211468183533], "k_pid_yaw": [0.5, 1e-06, 0.1], "k_pid_hsp": [2.957956300852597, 0.34972575943615614, 0.6821943249348869], "k_pid_vsp": [305.67975269326223, 130.53254854158118, 10.0]}, "datetime": {"datetime": "2025-08-13 23:17:53", "elapsed": 48601.75852251053, "delta": 19.979500770568848}, "costs": {"total_cost": 417.8089524279164, "time_cost": 77.119, "final_distance_cost": 1.7423219043522942, "oscillation_cost": 243.0888709826154, "completition_cost": 0.0, "overshoot_cost": 52.07184475333714, "power_cost": 22.424137109375, "noise_cost": 21.362777678236554, "n_waypoints_completed": 9, "tot_waypoints": 9}}
{"target": -182.37691809390543, "params": {"k_pid_pos": [1.733835489643198, 0.024859491386256316, 0.9451257094832697], "k_pid_alt": [1.5786606064986153, 0.0, 0.23086984934879706], "k_pid_att": [23.08752834258585, 4.077532668255645, 0.261380462049589], "k_pid_yaw": [0.5, 1e-06, 0.1], "k_pid_hsp": [0.17225665165883555, 0.011264223901387349, 0.0], "k_pid_vsp": [237.37114527084637, 57.93155354082285, 10.0]}, "datetime": {"datetime": "2025-08-13 23:18:10", "elapsed": 48618.63017249107, "delta": 16.871649980545044}, "costs": {"total_cost": 182.37691809390543, "time_cost": 69.65, "final_distance_cost": 1.8400720513413367, "oscillation_cost": 28.909804524407935, "completition_cost": 0.0, "overshoot_cost": 50.553012444651074, "power_cost": 12.855408422851562, "noise_cost": 18.56862065065354, "n_waypoints_completed": 9, "tot_waypoints": 9}}
{"target": -189.67035141141562, "params": {"k_pid_pos": [1.402943601129983, 0.024859491386256316, 0.416330797462678], "k_pid_alt": [1.5786606064986153, 0.0, 0.25938735764965193], "k_pid_att": [11.329609997636037, 3.4126860594551975, 0.261380462049589], "k_pid_yaw": [0.5, 1e-06, 0.1], "k_pid_hsp": [0.17225665165883555, 0.011264223901387349, 0.0], "k_pid_vsp": [205.46647479918613, 130.53254854158118, 10.0]}, "datetime": {"datetime": "2025-08-13 23:18:29", "elapsed": 48637.232748270035, "delta": 18.60257577896118}, "costs": {"total_cost": 189.67035141141562, "time_cost": 69.412, "final_distance_cost": 1.8220233798266399, "oscillation_cost": 29.30348403470403, "completition_cost": 0.0, "overshoot_cost": 50.457694762165566, "power_cost": 19.46189893798828, "noise_cost": 19.213250296731093, "n_waypoints_completed": 9, "tot_waypoints": 9}}
{"target": -184.0737770078407, "params": {"k_pid_pos": [1.733835489643198, 0.024859491386256316, 0.9451257094832697], "k_pid_alt": [1.5786606064986153, 0.0, 0.23086984934879706], "k_pid_att": [23.08752834258585, 4.077532668255645, 0.261380462049589], "k_pid_yaw": [0.5, 1e-06, 0.1], "k_pid_hsp": [0.17225665165883555, 0.011264223901387349, 0.0], "k_pid_vsp": [237.37114527084637, 57.93155354082285, 10.0]}, "datetime": {"datetime": "2025-08-13 23:18:46", "elapsed": 48654.231780052185, "delta": 16.99903178215027}, "costs": {"total_cost": 184.0737770078407, "time_cost": 69.601, "final_distance_cost": 1.8386873403499897, "oscillation_cost": 28.753150995975222, "completition_cost": 0.0, "overshoot_cost": 50.38071905892204, "power_cost": 15.338625903320313, "noise_cost": 18.16159370927314, "n_waypoints_completed": 9, "tot_waypoints": 9}}
{"target": -309.12423362141504, "params": {"k_pid_pos": [1.733835489643198, 0.024859491386256316, 0.416330797462678], "k_pid_alt": [1.5786606064986153, 0.0, 0.25938735764965193], "k_pid_att": [50.917657588734414, 7.347914484943822, 0.680058006373419], "k_pid_yaw": [0.5, 1e-06, 0.1], "k_pid_hsp": [0.09847755819799779, 0.32994361413805817, 0.0], "k_pid_vsp": [387.81499297641176, 57.93155354082285, 10.0]}, "datetime": {"datetime": "2025-08-13 23:19:11", "elapsed": 48679.243559360504, "delta": 25.011779308319092}, "costs": {"total_cost": 309.12423362141504, "time_cost": 95.522, "final_distance_cost": 1.7773758309937704, "oscillation_cost": 102.65589785085791, "completition_cost": 0.0, "overshoot_cost": 59.22266035886043, "power_cost": 22.427766223144534, "noise_cost": 27.518533357558404, "n_waypoints_completed": 9, "tot_waypoints": 9}}
{"target": -440.64794214169535, "params": {"k_pid_pos": [0.6766360078800605, 0.0822904257601288, 0.9451257094832697], "k_pid_alt": [1.5786606064986153, 0.9190004771393835, 0.053878507660848673], "k_pid_att": [29.46763110571006, 9.874008014726847, 0.23530941344510892], "k_pid_yaw": [0.5, 1e-06, 0.1], "k_pid_hsp": [7.052390903615432, 0.44917677628681074, 0.0], "k_pid_vsp": [305.67975269326223, 130.53254854158118, 10.0]}, "datetime": {"datetime": "2025-08-13 23:19:32", "elapsed": 48700.49185323715, "delta": 21.24829387664795}, "costs": {"total_cost": 440.64794214169535, "time_cost": 86.31, "final_distance_cost": 1.8153293572367508, "oscillation_cost": 255.1733663272792, "completition_cost": 0.0, "overshoot_cost": 53.615580286796316, "power_cost": 21.693928881835937, "noise_cost": 22.03973728854714, "n_waypoints_completed": 9, "tot_waypoints": 9}}
{"target": -598.9537354333238, "params": {"k_pid_pos": [0.9774418867578677, 0.024859491386256316, 0.9451257094832697], "k_pid_alt": [1.5873271883648092, 0.4149186621504757, 0.23086984934879706], "k_pid_att": [50.917657588734414, 5.6580295118978245, 0.9808211468183533], "k_pid_yaw": [0.5, 1e-06, 0.1], "k_pid_hsp": [0.09847755819799779, 0.011264223901387349, 0.0], "k_pid_vsp": [147.07576885869452, 57.93155354082285, 102.30476315159223]}, "datetime": {"datetime": "2025-08-13 23:20:04", "elapsed": 48732.13479137421, "delta": 31.642938137054443}, "costs": {"total_cost": 598.9537354333238, "time_cost": 150, "final_distance_cost": 70.99433023975061, "oscillation_cost": 21.754491133122873, "completition_cost": 222.2222222222222, "overshoot_cost": 81.35153725757891, "power_cost": 27.626122985839846, "noise_cost": 25.00503159480939, "n_waypoints_completed": 7, "tot_waypoints": 9}}
{"target": -264.7885335037665, "params": {"k_pid_pos": [1.733835489643198, 0.024859491386256316, 0.9451257094832697], "k_pid_alt": [1.5786606064986153, 0.0, 0.960182655307655], "k_pid_att": [11.329609997636037, 1.1105074131954076, 0.261380462049589], "k_pid_yaw": [0.5, 1e-06, 0.1], "k_pid_hsp": [0.17225665165883555, 0.411800739936948, 0.0], "k_pid_vsp": [305.67975269326223, 1.6985791875978455, 10.0]}, "datetime": {"datetime": "2025-08-13 23:20:25", "elapsed": 48753.30001115799, "delta": 21.16521978378296}, "costs": {"total_cost": 264.7885335037665, "time_cost": 78.70100000000001, "final_distance_cost": 1.8478173727209966, "oscillation_cost": 91.72556741875573, "completition_cost": 0.0, "overshoot_cost": 51.83826396252103, "power_cost": 18.713284411621096, "noise_cost": 21.96260033814762, "n_waypoints_completed": 9, "tot_waypoints": 9}}
{"target": -315.36081084311826, "params": {"k_pid_pos": [1.733835489643198, 0.024859491386256316, 0.5701838247964224], "k_pid_alt": [1.5873271883648092, 0.4149186621504757, 0.23086984934879706], "k_pid_att": [50.917657588734414, 5.6580295118978245, 0.9808211468183533], "k_pid_yaw": [0.5, 1e-06, 0.1], "k_pid_hsp": [0.09847755819799779, 0.37916941300484885, 0.0], "k_pid_vsp": [305.67975269326223, 1.6985791875978455, 10.0]}, "datetime": {"datetime": "2025-08-13 23:20:49", "elapsed": 48777.56997489929, "delta": 24.26996374130249}, "costs": {"total_cost": 315.36081084311826, "time_cost": 101.815, "final_distance_cost": 1.7675612910748284, "oscillation_cost": 113.58543962466732, "completition_cost": 0.0, "overshoot_cost": 57.29451552207562, "power_cost": 14.396192358398439, "noise_cost": 26.50210204690205, "n_waypoints_completed": 9, "tot_waypoints": 9}}
{"target": -198.6783176027122, "params": {"k_pid_pos": [1.733835489643198, 0.99390075264368, 0.9451257094832697], "k_pid_alt": [1.5786606064986153, 0.0, 0.23086984934879706], "k_pid_att": [23.08752834258585, 4.077532668255645, 0.261380462049589], "k_pid_yaw": [0.5, 1e-06, 0.1], "k_pid_hsp": [0.17225665165883555, 0.011264223901387349, 0.0], "k_pid_vsp": [237.37114527084637, 57.93155354082285, 10.0]}, "datetime": {"datetime": "2025-08-13 23:21:11", "elapsed": 48799.1613407135, "delta": 21.591365814208984}, "costs": {"total_cost": 198.6783176027122, "time_cost": 78.561, "final_distance_cost": 1.7532113499858617, "oscillation_cost": 32.80290762567949, "completition_cost": 0.0, "overshoot_cost": 51.40711817007623, "power_cost": 13.445764477539063, "noise_cost": 20.70831597943154, "n_waypoints_completed": 9, "tot_waypoints": 9}}
{"target": -196.5373972171146, "params": {"k_pid_pos": [1.733835489643198, 0.024859491386256316, 0.42495672118777295], "k_pid_alt": [1.85112020821355, 0.0, 0.23086984934879706], "k_pid_att": [25.06356558820614, 7.108257667389705, 0.07172816110251268], "k_pid_yaw": [0.5, 1e-06, 0.1], "k_pid_hsp": [0.17225665165883555, 0.011264223901387349, 0.0], "k_pid_vsp": [237.37114527084637, 57.93155354082285, 10.0]}, "datetime": {"datetime": "2025-08-13 23:21:27", "elapsed": 48815.64689850807, "delta": 16.485557794570923}, "costs": {"total_cost": 196.5373972171146, "time_cost": 70.546, "final_distance_cost": 1.8079828325511187, "oscillation_cost": 32.092859732689085, "completition_cost": 0.0, "overshoot_cost": 51.76420703053324, "power_cost": 20.117439587402345, "noise_cost": 20.208908033938787, "n_waypoints_completed": 9, "tot_waypoints": 9}}
{"target": -210.89334507789883, "params": {"k_pid_pos": [1.733835489643198, 0.9890946934323674, 0.9451257094832697], "k_pid_alt": [1.5786606064986153, 0.0, 0.23086984934879706], "k_pid_att": [23.08752834258585, 4.077532668255645, 0.261380462049589], "k_pid_yaw": [0.5, 1e-06, 0.1], "k_pid_hsp": [0.09847755819799779, 0.011264223901387349, 0.0], "k_pid_vsp": [305.67975269326223, 130.53254854158118, 10.0]}, "datetime": {"datetime": "2025-08-13 23:21:48", "elapsed": 48836.83367753029, "delta": 21.186779022216797}, "costs": {"total_cost": 210.89334507789883, "time_cost": 80.43, "final_distance_cost": 1.7768266571136002, "oscillation_cost": 33.11169991606323, "completition_cost": 0.0, "overshoot_cost": 53.1838119048191, "power_cost": 21.411166040039063, "noise_cost": 20.979840559863817, "n_waypoints_completed": 9, "tot_waypoints": 9}}
{"target": -195.8296172406712, "params": {"k_pid_pos": [1.1837130645794225, 0.024859491386256316, 0.42495672118777295], "k_pid_alt": [1.688733796848813, 0.510422947647645, 0.5780287087253008], "k_pid_att": [25.06356558820614, 2.8711836120640575, 0.680058006373419], "k_pid_yaw": [0.5, 1e-06, 0.1], "k_pid_hsp": [0.09847755819799779, 0.011264223901387349, 0.0], "k_pid_vsp": [62.17525342689419, 57.93155354082285, 10.0]}, "datetime": {"datetime": "2025-08-13 23:22:06", "elapsed": 48854.81771707535, "delta": 17.984039545059204}, "costs": {"total_cost": 195.8296172406712, "time_cost": 76.062, "final_distance_cost": 1.754513304519548, "oscillation_cost": 27.518708403185478, "completition_cost": 0.0, "overshoot_cost": 51.51511033188579, "power_cost": 18.73960966796875, "noise_cost": 20.23967553311166, "n_waypoints_completed": 9, "tot_waypoints": 9}}
{"target": -270.350986251252, "params": {"k_pid_pos": [1.733835489643198, 0.024859491386256316, 0.9451257094832697], "k_pid_alt": [1.5786606064986153, 0.0, 0.7248340866032845], "k_pid_att": [11.329609997636037, 1.1105074131954076, 0.261380462049589], "k_pid_yaw": [0.5, 1e-06, 0.1], "k_pid_hsp": [0.17225665165883555, 0.011264223901387349, 0.0], "k_pid_vsp": [305.67975269326223, 130.53254854158118, 156.11011667766687]}, "datetime": {"datetime": "2025-08-13 23:22:35", "elapsed": 48883.11838531494, "delta": 28.300668239593506}, "costs": {"total_cost": 270.350986251252, "time_cost": 109.025, "final_distance_cost": 1.7946092812844006, "oscillation_cost": 31.53186937988594, "completition_cost": 0.0, "overshoot_cost": 64.38880665618346, "power_cost": 34.56737106933594, "noise_cost": 29.04332986456221, "n_waypoints_completed": 9, "tot_waypoints": 9}}
{"target": -193.77826843798732, "params": {"k_pid_pos": [1.733835489643198, 0.024859491386256316, 0.5271164669865139], "k_pid_alt": [1.3888149624867963, 0.0, 0.5933646034205271], "k_pid_att": [29.46763110571006, 5.6580295118978245, 0.9808211468183533], "k_pid_yaw": [0.5, 1e-06, 0.1], "k_pid_hsp": [2.957956300852597, 0.011264223901387349, 0.0], "k_pid_vsp": [305.67975269326223, 130.53254854158118, 10.0]}, "datetime": {"datetime": "2025-08-13 23:22:54", "elapsed": 48902.15743279457, "delta": 19.039047479629517}, "costs": {"total_cost": 193.77826843798732, "time_cost": 70.126, "final_distance_cost": 1.8371838241520215, "oscillation_cost": 34.42369976617916, "completition_cost": 0.0, "overshoot_cost": 50.043184677379415, "power_cost": 18.822245849609377, "noise_cost": 18.525954320667317, "n_waypoints_completed": 9, "tot_waypoints": 9}}
{"target": -185.69318066837909, "params": {"k_pid_pos": [1.733835489643198, 0.024859491386256316, 0.9451257094832697], "k_pid_alt": [1.5786606064986153, 0.0, 0.23086984934879706], "k_pid_att": [23.08752834258585, 4.077532668255645, 0.261380462049589], "k_pid_yaw": [0.5, 1e-06, 0.1], "k_pid_hsp": [0.17225665165883555, 0.011264223901387349, 0.0], "k_pid_vsp": [237.37114527084637, 57.93155354082285, 10.0]}, "datetime": {"datetime": "2025-08-13 23:23:11", "elapsed": 48919.33640861511, "delta": 17.178975820541382}, "costs": {"total_cost": 185.69318066837909, "time_cost": 70.294, "final_distance_cost": 1.8341771453538045, "oscillation_cost": 28.167457660233826, "completition_cost": 0.0, "overshoot_cost": 50.380188013502284, "power_cost": 16.176288134765628, "noise_cost": 18.84106971452355, "n_waypoints_completed": 9, "tot_waypoints": 9}}
{"target": -181.2711812008082, "params": {"k_pid_pos": [1.733835489643198, 0.024859491386256316, 0.9451257094832697], "k_pid_alt": [1.5786606064986153, 0.0, 0.23086984934879706], "k_pid_att": [23.08752834258585, 4.077532668255645, 0.261380462049589], "k_pid_yaw": [0.5, 1e-06, 0.1], "k_pid_hsp": [0.17225665165883555, 0.032377942493985734, 0.0], "k_pid_vsp": [237.37114527084637, 57.93155354082285, 10.0]}, "datetime": {"datetime": "2025-08-13 23:23:30", "elapsed": 48938.328885793686, "delta": 18.99247717857361}, "costs": {"total_cost": 181.2711812008082, "time_cost": 69.349, "final_distance_cost": 1.8500554932160758, "oscillation_cost": 30.177969271576917, "completition_cost": 0.0, "overshoot_cost": 50.12220126370971, "power_cost": 11.145443444824219, "noise_cost": 18.626511727481276, "n_waypoints_completed": 9, "tot_waypoints": 9}}
{"target": -227.84491331205385, "params": {"k_pid_pos": [0.6766360078800605, 0.0822904257601288, 0.7313895513723639], "k_pid_alt": [0.5251660625838372, 0.9190004771393835, 0.053878507660848673], "k_pid_att": [29.46763110571006, 9.874008014726847, 0.680058006373419], "k_pid_yaw": [0.5, 1e-06, 0.1], "k_pid_hsp": [0.09847755819799779, 0.011264223901387349, 0.0], "k_pid_vsp": [387.81499297641176, 57.93155354082285, 10.0]}, "datetime": {"datetime": "2025-08-13 23:23:53", "elapsed": 48961.86805677414, "delta": 23.53917098045349}, "costs": {"total_cost": 227.84491331205385, "time_cost": 94.801, "final_distance_cost": 1.8145853403126122, "oscillation_cost": 23.547452939974917, "completition_cost": 0.0, "overshoot_cost": 61.410031948669506, "power_cost": 23.742205688476563, "noise_cost": 22.529637394620252, "n_waypoints_completed": 9, "tot_waypoints": 9}}
{"target": -1370.6019644779135, "params": {"k_pid_pos": [0.6766360078800605, 0.0822904257601288, 0.9451257094832697], "k_pid_alt": [1.5786606064986153, 0.9190004771393835, 0.053878507660848673], "k_pid_att": [60.61652495710502, 9.874008014726847, 0.680058006373419], "k_pid_yaw": [0.5, 1e-06, 0.1], "k_pid_hsp": [0.09847755819799779, 0.011264223901387349, 0.0], "k_pid_vsp": [62.17525342689419, 57.93155354082285, 371.2679100987427]}, "datetime": {"datetime": "2025-08-13 23:24:24", "elapsed": 48992.68003678322, "delta": 30.81198000907898}, "costs": {"total_cost": 1370.6019644779135, "time_cost": 150, "final_distance_cost": 50.25076712702973, "oscillation_cost": 3.5887583546802517, "completition_cost": 888.8888888888888, "overshoot_cost": 150.33528358815605, "power_cost": 29.30424459228516, "noise_cost": 98.23402192687364, "n_waypoints_completed": 1, "tot_waypoints": 9}}
