{"target": -195.29929417379435, "params": {"k_pid_pos": [0.931865230455928, 0.024859491386256316, 0.9451257094832697], "k_pid_alt": [1.4458679973838424, 0.26745061084868493, 0.23086984934879706], "k_pid_att": [11.246502653247227, 1.1166001057131414, 0.3529475069797985], "k_pid_yaw": [0.5, 1e-06, 0.1], "k_pid_hsp": [0.09847755819799779, 0.011264223901387349, 0.0], "k_pid_vsp": [195.1487047182024, 57.93155354082285, 16.252805564631274]}, "datetime": {"datetime": "2025-08-13 21:40:43", "elapsed": 42771.50503611565, "delta": 20.06776785850525}, "costs": {"total_cost": 195.29929417379435, "time_cost": 81.599, "final_distance_cost": 1.8188347531854403, "oscillation_cost": 24.753650610024206, "completition_cost": 0.0, "overshoot_cost": 52.70638097588444, "power_cost": 17.40756270751953, "noise_cost": 17.01386512718071, "n_waypoints_completed": 9, "tot_waypoints": 9}}
{"target": -209.65094354930125, "params": {"k_pid_pos": [1.733835489643198, 0.0972045644645837, 0.9451257094832697], "k_pid_alt": [1.5786606064986153, 0.0, 0.23086984934879706], "k_pid_att": [11.329609997636037, 3.4126860594551975, 0.9623745068707039], "k_pid_yaw": [0.5, 1e-06, 0.1], "k_pid_hsp": [0.09847755819799779, 0.011264223901387349, 0.01066281316812523], "k_pid_vsp": [159.45001298599757, 157.8230240226632, 16.252805564631274]}, "datetime": {"datetime": "2025-08-13 21:41:01", "elapsed": 42789.541516542435, "delta": 18.03648042678833}, "costs": {"total_cost": 209.65094354930125, "time_cost": 73.633, "final_distance_cost": 1.8312519934050304, "oscillation_cost": 45.50663654871608, "completition_cost": 0.0, "overshoot_cost": 50.80162801147255, "power_cost": 19.045176330566406, "noise_cost": 18.83325066514119, "n_waypoints_completed": 9, "tot_waypoints": 9}}
{"target": -182.95325369661523, "params": {"k_pid_pos": [1.733835489643198, 0.024859491386256316, 0.9451257094832697], "k_pid_alt": [1.5786606064986153, 0.0, 0.053878507660848673], "k_pid_att": [29.46763110571006, 5.6580295118978245, 0.20497828334174084], "k_pid_yaw": [0.5, 1e-06, 0.1], "k_pid_hsp": [0.17225665165883555, 0.011264223901387349, 0.0], "k_pid_vsp": [104.30040172718557, 57.93155354082285, 10.0]}, "datetime": {"datetime": "2025-08-13 21:41:18", "elapsed": 42806.52859401703, "delta": 16.987077474594116}, "costs": {"total_cost": 182.95325369661523, "time_cost": 69.272, "final_distance_cost": 1.8401752393066575, "oscillation_cost": 28.295592194587385, "completition_cost": 0.0, "overshoot_cost": 50.17601068800078, "power_cost": 14.67576865234375, "noise_cost": 18.693706922376652, "n_waypoints_completed": 9, "tot_waypoints": 9}}
{"target": -184.9694404398731, "params": {"k_pid_pos": [1.733835489643198, 0.024859491386256316, 0.9451257094832697], "k_pid_alt": [1.4458679973838424, 0.00018965351824429266, 0.23086984934879706], "k_pid_att": [11.246502653247227, 5.448237108225112, 0.3529475069797985], "k_pid_yaw": [0.5, 1e-06, 0.1], "k_pid_hsp": [0.09847755819799779, 0.011264223901387349, 0.0], "k_pid_vsp": [333.9671041363143, 130.53254854158118, 10.0]}, "datetime": {"datetime": "2025-08-13 21:41:34", "elapsed": 42822.9767935276, "delta": 16.44819951057434}, "costs": {"total_cost": 184.9694404398731, "time_cost": 69.727, "final_distance_cost": 1.829812595397371, "oscillation_cost": 29.160054166397096, "completition_cost": 0.0, "overshoot_cost": 50.76131220953483, "power_cost": 15.79788172607422, "noise_cost": 17.69337974246956, "n_waypoints_completed": 9, "tot_waypoints": 9}}
{"target": -220.11076218138888, "params": {"k_pid_pos": [1.733835489643198, 0.024859491386256316, 0.9451257094832697], "k_pid_alt": [1.4458679973838424, 0.00018965351824429266, 0.6600607021214705], "k_pid_att": [68.93098199109546, 2.352529590908416, 0.16608962520040438], "k_pid_yaw": [0.5, 1e-06, 0.1], "k_pid_hsp": [0.09847755819799779, 0.10522572507436234, 0.0], "k_pid_vsp": [251.5004449007475, 57.93155354082285, 16.252805564631274]}, "datetime": {"datetime": "2025-08-13 21:41:54", "elapsed": 42842.224937200546, "delta": 19.248143672943115}, "costs": {"total_cost": 220.11076218138888, "time_cost": 74.319, "final_distance_cost": 1.8584670504779537, "oscillation_cost": 46.41121667791137, "completition_cost": 0.0, "overshoot_cost": 51.5232305835644, "power_cost": 23.159323876953128, "noise_cost": 22.839523992482015, "n_waypoints_completed": 9, "tot_waypoints": 9}}
{"target": -439.2125997747006, "params": {"k_pid_pos": [1.8792899704868669, 0.08329610310830193, 0.9451257094832697], "k_pid_alt": [1.4458679973838424, 0.00018965351824429266, 0.23086984934879706], "k_pid_att": [11.246502653247227, 1.1166001057131414, 0.3529475069797985], "k_pid_yaw": [0.5, 1e-06, 0.1], "k_pid_hsp": [0.09847755819799779, 0.011264223901387349, 0.10554699285847102], "k_pid_vsp": [333.9671041363143, 130.53254854158118, 10.0]}, "datetime": {"datetime": "2025-08-13 21:42:18", "elapsed": 42866.66221284866, "delta": 24.437275648117065}, "costs": {"total_cost": 439.2125997747006, "time_cost": 101.059, "final_distance_cost": 1.7358872739161428, "oscillation_cost": 229.17843038628112, "completition_cost": 0.0, "overshoot_cost": 61.654261410010044, "power_cost": 19.273078540039062, "noise_cost": 26.311942164454205, "n_waypoints_completed": 9, "tot_waypoints": 9}}
{"target": -315.1209360191171, "params": {"k_pid_pos": [1.733835489643198, 0.024859491386256316, 0.9451257094832697], "k_pid_alt": [1.4458679973838424, 0.00018965351824429266, 0.23086984934879706], "k_pid_att": [11.246502653247227, 1.1166001057131414, 0.3529475069797985], "k_pid_yaw": [0.5, 1e-06, 0.1], "k_pid_hsp": [0.09847755819799779, 0.3511398194272549, 0.0], "k_pid_vsp": [333.9671041363143, 130.53254854158118, 10.0]}, "datetime": {"datetime": "2025-08-13 21:42:39", "elapsed": 42887.41842651367, "delta": 20.756213665008545}, "costs": {"total_cost": 315.1209360191171, "time_cost": 89.425, "final_distance_cost": 1.8335193068981956, "oscillation_cost": 112.08550790042098, "completition_cost": 0.0, "overshoot_cost": 57.950036757943565, "power_cost": 26.46654830322266, "noise_cost": 27.36032375063167, "n_waypoints_completed": 9, "tot_waypoints": 9}}
{"target": -187.73119521269837, "params": {"k_pid_pos": [1.733835489643198, 0.024859491386256316, 0.9451257094832697], "k_pid_alt": [1.5786606064986153, 0.0, 0.23086984934879706], "k_pid_att": [29.46763110571006, 5.6580295118978245, 0.20497828334174084], "k_pid_yaw": [0.5, 1e-06, 0.1], "k_pid_hsp": [0.17225665165883555, 0.011264223901387349, 0.0], "k_pid_vsp": [121.11927891757475, 57.93155354082285, 16.252805564631274]}, "datetime": {"datetime": "2025-08-13 21:42:57", "elapsed": 42905.99845457077, "delta": 18.58002805709839}, "costs": {"total_cost": 187.73119521269837, "time_cost": 70.175, "final_distance_cost": 1.8380853918523354, "oscillation_cost": 28.45521404381208, "completition_cost": 0.0, "overshoot_cost": 50.97891194804782, "power_cost": 18.171073400878907, "noise_cost": 18.112910428107263, "n_waypoints_completed": 9, "tot_waypoints": 9}}
{"target": -181.4387895005114, "params": {"k_pid_pos": [1.733835489643198, 0.024859491386256316, 0.9451257094832697], "k_pid_alt": [1.4458679973838424, 0.00018965351824429266, 0.23086984934879706], "k_pid_att": [11.246502653247227, 1.1166001057131414, 0.3529475069797985], "k_pid_yaw": [0.5, 1e-06, 0.1], "k_pid_hsp": [0.09847755819799779, 0.011264223901387349, 0.0], "k_pid_vsp": [305.67975269326223, 130.53254854158118, 10.0]}, "datetime": {"datetime": "2025-08-13 21:43:14", "elapsed": 42922.76572918892, "delta": 16.767274618148804}, "costs": {"total_cost": 181.4387895005114, "time_cost": 69.797, "final_distance_cost": 1.8363310839252427, "oscillation_cost": 28.54286963742543, "completition_cost": 0.0, "overshoot_cost": 50.325872637714994, "power_cost": 12.994757324218751, "noise_cost": 17.941958817226993, "n_waypoints_completed": 9, "tot_waypoints": 9}}
{"target": -429.4610492015721, "params": {"k_pid_pos": [1.8792899704868669, 0.08329610310830193, 0.9451257094832697], "k_pid_alt": [1.4458679973838424, 0.028806210149256217, 0.876085735038417], "k_pid_att": [11.329609997636037, 1.3893044159523613, 0.9623745068707039], "k_pid_yaw": [0.5, 1e-06, 0.1], "k_pid_hsp": [0.09847755819799779, 0.011264223901387349, 0.22485447213791732], "k_pid_vsp": [251.5004449007475, 57.93155354082285, 16.252805564631274]}, "datetime": {"datetime": "2025-08-13 21:43:42", "elapsed": 42950.895471572876, "delta": 28.12974238395691}, "costs": {"total_cost": 429.4610492015721, "time_cost": 110.25, "final_distance_cost": 1.7723454507735492, "oscillation_cost": 183.03438601968824, "completition_cost": 0.0, "overshoot_cost": 74.85249998625883, "power_cost": 30.809182910156252, "noise_cost": 28.742634834695277, "n_waypoints_completed": 9, "tot_waypoints": 9}}
{"target": -189.1803498471415, "params": {"k_pid_pos": [1.733835489643198, 0.024859491386256316, 0.9451257094832697], "k_pid_alt": [1.4458679973838424, 0.00018965351824429266, 0.6600607021214705], "k_pid_att": [68.93098199109546, 2.352529590908416, 0.16608962520040438], "k_pid_yaw": [0.5, 1e-06, 0.1], "k_pid_hsp": [0.09847755819799779, 0.011264223901387349, 0.0], "k_pid_vsp": [251.5004449007475, 59.083466427248936, 10.0]}, "datetime": {"datetime": "2025-08-13 21:44:00", "elapsed": 42968.468931913376, "delta": 17.573460340499878}, "costs": {"total_cost": 189.1803498471415, "time_cost": 71.337, "final_distance_cost": 1.836093203666532, "oscillation_cost": 29.97602033668601, "completition_cost": 0.0, "overshoot_cost": 51.24127107226165, "power_cost": 15.823746899414063, "noise_cost": 18.96621833511326, "n_waypoints_completed": 9, "tot_waypoints": 9}}
{"target": -197.10179800324573, "params": {"k_pid_pos": [1.8792899704868669, 0.08329610310830193, 0.9451257094832697], "k_pid_alt": [1.4458679973838424, 0.028806210149256217, 0.876085735038417], "k_pid_att": [11.329609997636037, 3.4126860594551975, 0.9623745068707039], "k_pid_yaw": [0.5, 1e-06, 0.1], "k_pid_hsp": [0.09847755819799779, 0.011264223901387349, 0.0], "k_pid_vsp": [251.5004449007475, 261.48215325333564, 10.0]}, "datetime": {"datetime": "2025-08-13 21:44:17", "elapsed": 42985.81385040283, "delta": 17.344918489456177}, "costs": {"total_cost": 197.10179800324573, "time_cost": 70.994, "final_distance_cost": 1.826589394682107, "oscillation_cost": 29.583223062076364, "completition_cost": 0.0, "overshoot_cost": 51.23607225093734, "power_cost": 22.56103701171875, "noise_cost": 20.900876283831185, "n_waypoints_completed": 9, "tot_waypoints": 9}}
{"target": -188.94170894817336, "params": {"k_pid_pos": [1.733835489643198, 0.024859491386256316, 0.9451257094832697], "k_pid_alt": [1.4458679973838424, 0.00018965351824429266, 0.23086984934879706], "k_pid_att": [11.246502653247227, 1.1166001057131414, 0.3529475069797985], "k_pid_yaw": [0.5, 1e-06, 0.1], "k_pid_hsp": [0.09847755819799779, 0.011264223901387349, 0.0], "k_pid_vsp": [305.67975269326223, 130.53254854158118, 10.0]}, "datetime": {"datetime": "2025-08-13 21:44:36", "elapsed": 43004.35303282738, "delta": 18.539182424545288}, "costs": {"total_cost": 188.94170894817336, "time_cost": 70.063, "final_distance_cost": 1.8385930528991035, "oscillation_cost": 28.342068062702012, "completition_cost": 0.0, "overshoot_cost": 51.03724216551465, "power_cost": 18.811974682617187, "noise_cost": 18.84883098444041, "n_waypoints_completed": 9, "tot_waypoints": 9}}
{"target": -189.68064330355844, "params": {"k_pid_pos": [1.733835489643198, 0.024859491386256316, 0.9451257094832697], "k_pid_alt": [1.1928857943257507, 0.00018965351824429266, 0.23086984934879706], "k_pid_att": [25.01105356203528, 2.6889016979653872, 0.6559199499296157], "k_pid_yaw": [0.5, 1e-06, 0.1], "k_pid_hsp": [0.09847755819799779, 0.011264223901387349, 0.0], "k_pid_vsp": [251.5004449007475, 130.53254854158118, 10.0]}, "datetime": {"datetime": "2025-08-13 21:44:54", "elapsed": 43022.16245627403, "delta": 17.809423446655273}, "costs": {"total_cost": 189.68064330355844, "time_cost": 70.525, "final_distance_cost": 1.821104201696369, "oscillation_cost": 28.39055219859952, "completition_cost": 0.0, "overshoot_cost": 50.802044956875584, "power_cost": 19.07095203857422, "noise_cost": 19.07098990781277, "n_waypoints_completed": 9, "tot_waypoints": 9}}
{"target": -184.77672376878465, "params": {"k_pid_pos": [1.733835489643198, 0.024859491386256316, 0.9451257094832697], "k_pid_alt": [1.5786606064986153, 0.0, 0.053878507660848673], "k_pid_att": [29.46763110571006, 5.6580295118978245, 0.20497828334174084], "k_pid_yaw": [0.5, 1e-06, 0.1], "k_pid_hsp": [0.17225665165883555, 0.011264223901387349, 0.0], "k_pid_vsp": [104.30040172718557, 57.93155354082285, 10.0]}, "datetime": {"datetime": "2025-08-13 21:45:11", "elapsed": 43039.442323207855, "delta": 17.279866933822632}, "costs": {"total_cost": 184.77672376878465, "time_cost": 69.748, "final_distance_cost": 1.841737275462533, "oscillation_cost": 27.80225574289182, "completition_cost": 0.0, "overshoot_cost": 50.464757787136605, "power_cost": 16.434002221679687, "noise_cost": 18.485970741614, "n_waypoints_completed": 9, "tot_waypoints": 9}}
{"target": -1338.0187703829822, "params": {"k_pid_pos": [0.29610266480697206, 0.0972045644645837, 0.9451257094832697], "k_pid_alt": [1.5786606064986153, 0.8140262380529626, 0.23086984934879706], "k_pid_att": [11.329609997636037, 3.4126860594551975, 0.9623745068707039], "k_pid_yaw": [0.5, 1e-06, 0.1], "k_pid_hsp": [0.09847755819799779, 0.011264223901387349, 0.0], "k_pid_vsp": [251.5004449007475, 59.083466427248936, 289.52418500563726]}, "datetime": {"datetime": "2025-08-13 21:45:40", "elapsed": 43068.46585512161, "delta": 29.023531913757324}, "costs": {"total_cost": 1338.0187703829822, "time_cost": 150, "final_distance_cost": 82.77209216132886, "oscillation_cost": 6.293518561282359, "completition_cost": 888.8888888888888, "overshoot_cost": 152.67980923078645, "power_cost": 24.41114171142578, "noise_cost": 32.97331982926984, "n_waypoints_completed": 1, "tot_waypoints": 9}}
{"target": -226.4955442370955, "params": {"k_pid_pos": [1.733835489643198, 0.024859491386256316, 0.9451257094832697], "k_pid_alt": [1.5786606064986153, 0.0, 0.23086984934879706], "k_pid_att": [11.329609997636037, 3.4126860594551975, 0.9623745068707039], "k_pid_yaw": [0.5, 1e-06, 0.1], "k_pid_hsp": [0.09847755819799779, 0.011264223901387349, 0.01066281316812523], "k_pid_vsp": [159.45001298599757, 157.8230240226632, 16.252805564631274]}, "datetime": {"datetime": "2025-08-13 21:45:58", "elapsed": 43086.615840911865, "delta": 18.149985790252686}, "costs": {"total_cost": 226.4955442370955, "time_cost": 75.453, "final_distance_cost": 1.815589504832839, "oscillation_cost": 45.869558373882406, "completition_cost": 0.0, "overshoot_cost": 52.71319731383722, "power_cost": 26.642426562500003, "noise_cost": 24.00177248204305, "n_waypoints_completed": 9, "tot_waypoints": 9}}
{"target": -190.70603468257818, "params": {"k_pid_pos": [1.733835489643198, 0.024859491386256316, 0.9451257094832697], "k_pid_alt": [1.5786606064986153, 0.0, 0.23086984934879706], "k_pid_att": [11.329609997636037, 3.4126860594551975, 0.9623745068707039], "k_pid_yaw": [0.5, 1e-06, 0.1], "k_pid_hsp": [0.09847755819799779, 0.011264223901387349, 0.0], "k_pid_vsp": [251.5004449007475, 59.083466427248936, 10.0]}, "datetime": {"datetime": "2025-08-13 21:46:17", "elapsed": 43105.124232530594, "delta": 18.508391618728638}, "costs": {"total_cost": 190.70603468257818, "time_cost": 70.728, "final_distance_cost": 1.8305116109173563, "oscillation_cost": 27.78856236262207, "completition_cost": 0.0, "overshoot_cost": 51.77325049305786, "power_cost": 19.28052987060547, "noise_cost": 19.305180345375415, "n_waypoints_completed": 9, "tot_waypoints": 9}}
{"target": -192.35001038072483, "params": {"k_pid_pos": [1.733835489643198, 0.024859491386256316, 0.9451257094832697], "k_pid_alt": [1.5786606064986153, 0.4605234584942962, 0.23086984934879706], "k_pid_att": [11.329609997636037, 3.4126860594551975, 0.9623745068707039], "k_pid_yaw": [0.5, 1e-06, 0.1], "k_pid_hsp": [0.09847755819799779, 0.011264223901387349, 0.0], "k_pid_vsp": [251.5004449007475, 59.083466427248936, 10.0]}, "datetime": {"datetime": "2025-08-13 21:46:35", "elapsed": 43123.32609772682, "delta": 18.201865196228027}, "costs": {"total_cost": 192.35001038072483, "time_cost": 76.671, "final_distance_cost": 1.7810903605493247, "oscillation_cost": 30.199971064470116, "completition_cost": 0.0, "overshoot_cost": 51.86513567640044, "power_cost": 12.263058105468751, "noise_cost": 19.569755173836175, "n_waypoints_completed": 9, "tot_waypoints": 9}}
{"target": -185.12802531510658, "params": {"k_pid_pos": [1.733835489643198, 0.024859491386256316, 0.9451257094832697], "k_pid_alt": [1.4458679973838424, 0.00018965351824429266, 0.23086984934879706], "k_pid_att": [11.246502653247227, 1.1166001057131414, 0.3529475069797985], "k_pid_yaw": [0.5, 1e-06, 0.1], "k_pid_hsp": [0.09847755819799779, 0.011264223901387349, 0.0], "k_pid_vsp": [305.67975269326223, 130.53254854158118, 10.0]}, "datetime": {"datetime": "2025-08-13 21:46:54", "elapsed": 43142.39315414429, "delta": 19.06705641746521}, "costs": {"total_cost": 185.12802531510658, "time_cost": 69.839, "final_distance_cost": 1.8177625625554796, "oscillation_cost": 28.4657709912717, "completition_cost": 0.0, "overshoot_cost": 50.76068992042386, "power_cost": 16.401128247070314, "noise_cost": 17.8436735937852, "n_waypoints_completed": 9, "tot_waypoints": 9}}
{"target": -1623.9347150876135, "params": {"k_pid_pos": [1.733835489643198, 0.42648172997891676, 0.9451257094832697], "k_pid_alt": [1.1928857943257507, 0.00018965351824429266, 0.23086984934879706], "k_pid_att": [25.01105356203528, 2.6889016979653872, 0.6559199499296157], "k_pid_yaw": [0.5, 1e-06, 0.1], "k_pid_hsp": [0.09847755819799779, 0.011264223901387349, 0.4355342850246996], "k_pid_vsp": [251.5004449007475, 130.53254854158118, 10.0]}, "datetime": {"datetime": "2025-08-13 21:47:23", "elapsed": 43171.33122777939, "delta": 28.93807363510132}, "costs": {"total_cost": 1623.9347150876135, "time_cost": 150, "final_distance_cost": 66.92995916343439, "oscillation_cost": 576.6148777602235, "completition_cost": 666.6666666666667, "overshoot_cost": 103.54814107699711, "power_cost": 30.76592879638672, "noise_cost": 29.409141623905143, "n_waypoints_completed": 3, "tot_waypoints": 9}}
{"target": -184.86896434258446, "params": {"k_pid_pos": [1.733835489643198, 0.024859491386256316, 0.9451257094832697], "k_pid_alt": [1.1928857943257507, 0.00018965351824429266, 0.529244519518045], "k_pid_att": [25.01105356203528, 5.642133202559823, 0.6559199499296157], "k_pid_yaw": [0.5, 1e-06, 0.1], "k_pid_hsp": [0.09847755819799779, 0.011264223901387349, 0.0], "k_pid_vsp": [251.5004449007475, 57.93155354082285, 16.252805564631274]}, "datetime": {"datetime": "2025-08-13 21:47:40", "elapsed": 43188.214114904404, "delta": 16.88288712501526}, "costs": {"total_cost": 184.86896434258446, "time_cost": 71.421, "final_distance_cost": 1.8301514304682212, "oscillation_cost": 28.965626516759595, "completition_cost": 0.0, "overshoot_cost": 50.88303171245958, "power_cost": 15.919642553710938, "noise_cost": 15.84951212918614, "n_waypoints_completed": 9, "tot_waypoints": 9}}
{"target": -762.0762884911413, "params": {"k_pid_pos": [1.733835489643198, 0.024859491386256316, 0.8438952038875002], "k_pid_alt": [0.3249148695892172, 0.0, 0.23086984934879706], "k_pid_att": [11.329609997636037, 3.4126860594551975, 0.9623745068707039], "k_pid_yaw": [0.5, 1e-06, 0.1], "k_pid_hsp": [0.09847755819799779, 0.011264223901387349, 0.0], "k_pid_vsp": [251.5004449007475, 130.53254854158118, 10.0]}, "datetime": {"datetime": "2025-08-13 21:48:10", "elapsed": 43218.51952290535, "delta": 30.305408000946045}, "costs": {"total_cost": 762.0762884911413, "time_cost": 150, "final_distance_cost": 70.44688322206419, "oscillation_cost": 24.440341900028855, "completition_cost": 333.33333333333337, "overshoot_cost": 69.81463567693666, "power_cost": 49.04110130615235, "noise_cost": 64.99999305262595, "n_waypoints_completed": 6, "tot_waypoints": 9}}
{"target": -185.18633194404126, "params": {"k_pid_pos": [1.733835489643198, 0.024859491386256316, 0.9451257094832697], "k_pid_alt": [1.5786606064986153, 0.0, 0.23086984934879706], "k_pid_att": [11.329609997636037, 3.4126860594551975, 0.9623745068707039], "k_pid_yaw": [0.5, 1e-06, 0.1], "k_pid_hsp": [0.09847755819799779, 0.011264223901387349, 0.0], "k_pid_vsp": [251.5004449007475, 57.93155354082285, 10.0]}, "datetime": {"datetime": "2025-08-13 21:48:27", "elapsed": 43235.18364930153, "delta": 16.6641263961792}, "costs": {"total_cost": 185.18633194404126, "time_cost": 69.993, "final_distance_cost": 1.8198994739519594, "oscillation_cost": 28.38684757659417, "completition_cost": 0.0, "overshoot_cost": 50.90384774460232, "power_cost": 16.43723956298828, "noise_cost": 17.645497585904515, "n_waypoints_completed": 9, "tot_waypoints": 9}}
{"target": -186.69336259174983, "params": {"k_pid_pos": [1.733835489643198, 0.024859491386256316, 0.9451257094832697], "k_pid_alt": [1.5786606064986153, 0.0, 0.053878507660848673], "k_pid_att": [29.46763110571006, 5.6580295118978245, 0.20497828334174084], "k_pid_yaw": [0.5, 1e-06, 0.1], "k_pid_hsp": [0.17225665165883555, 0.011264223901387349, 0.0], "k_pid_vsp": [104.30040172718557, 57.93155354082285, 16.252805564631274]}, "datetime": {"datetime": "2025-08-13 21:48:45", "elapsed": 43253.837109565735, "delta": 18.653460264205933}, "costs": {"total_cost": 186.69336259174983, "time_cost": 69.818, "final_distance_cost": 1.8429583544112444, "oscillation_cost": 27.76146936747719, "completition_cost": 0.0, "overshoot_cost": 51.01580142107938, "power_cost": 18.261689990234377, "noise_cost": 17.993443458547667, "n_waypoints_completed": 9, "tot_waypoints": 9}}
