{"target": -224.75503594524739, "params": {"k_pid_pos": [0.8325832251638142, 0.04925411992759399, 0.3736141384595716], "k_pid_alt": [0.1927819243069986, 0.9026023965438417, 0.45577628983361107], "k_pid_att": [40.4276456330449, 3.0596356458441103, 0.9274604585040267], "k_pid_yaw": [0.5, 1e-06, 0.1], "k_pid_hsp": [0.09847755819799779, 0.011264223901387349, 0.0], "k_pid_vsp": [194.7624155113164, 82.79406464935073, 10.0]}, "datetime": {"datetime": "2025-08-13 11:05:22", "elapsed": 4650.552028894424, "delta": 38.79307150840759}, "costs": {"total_cost": 224.75503594524739, "time_cost": 88.543, "final_distance_cost": 1.7872988805349843, "oscillation_cost": 26.468458449790912, "completition_cost": 0.0, "overshoot_cost": 62.885170638927406, "power_cost": 22.979789025878908, "noise_cost": 22.09131895011515, "n_waypoints_completed": 9, "tot_waypoints": 9}}
{"target": -214.29640576921656, "params": {"k_pid_pos": [1.849624377781123, 0.5922749504444044, 0.44963268842268056], "k_pid_alt": [1.2679502233621702, 0.0, 0.949345597264735], "k_pid_att": [39.447728079683905, 3.8677381495188174, 0.1845336041603497], "k_pid_yaw": [0.5, 1e-06, 0.1], "k_pid_hsp": [0.09847755819799779, 0.011264223901387349, 0.0], "k_pid_vsp": [194.7624155113164, 57.202961387546644, 10.0]}, "datetime": {"datetime": "2025-08-13 11:05:58", "elapsed": 4686.623044490814, "delta": 36.07101559638977}, "costs": {"total_cost": 214.29640576921656, "time_cost": 82.292, "final_distance_cost": 1.782360937157359, "oscillation_cost": 35.54629980946003, "completition_cost": 0.0, "overshoot_cost": 53.587862262855644, "power_cost": 19.633063671875, "noise_cost": 21.454819087868508, "n_waypoints_completed": 9, "tot_waypoints": 9}}
{"target": -199.77831421178576, "params": {"k_pid_pos": [1.849624377781123, 0.024859491386256316, 0.44963268842268056], "k_pid_alt": [1.2679502233621702, 0.02520494712616217, 0.949345597264735], "k_pid_att": [39.447728079683905, 3.8677381495188174, 0.1845336041603497], "k_pid_yaw": [0.5, 1e-06, 0.1], "k_pid_hsp": [0.09847755819799779, 0.011264223901387349, 0.0], "k_pid_vsp": [194.7624155113164, 20.0, 10.0]}, "datetime": {"datetime": "2025-08-13 11:06:30", "elapsed": 4718.509353876114, "delta": 31.886309385299683}, "costs": {"total_cost": 199.77831421178576, "time_cost": 73.185, "final_distance_cost": 1.8030307739018618, "oscillation_cost": 33.20567186711034, "completition_cost": 0.0, "overshoot_cost": 51.841368191250176, "power_cost": 20.086772192382814, "noise_cost": 19.656471187140543, "n_waypoints_completed": 9, "tot_waypoints": 9}}
{"target": -194.71167172006832, "params": {"k_pid_pos": [0.49275800590297264, 0.18848155022322047, 0.17888737446852812], "k_pid_alt": [1.515427128667956, 0.0, 0.949345597264735], "k_pid_att": [39.447728079683905, 3.8677381495188174, 0.1845336041603497], "k_pid_yaw": [0.5, 1e-06, 0.1], "k_pid_hsp": [0.09847755819799779, 0.011264223901387349, 0.0], "k_pid_vsp": [194.7624155113164, 156.73508457218338, 10.0]}, "datetime": {"datetime": "2025-08-13 11:07:05", "elapsed": 4753.4045469760895, "delta": 34.895193099975586}, "costs": {"total_cost": 194.71167172006832, "time_cost": 81.753, "final_distance_cost": 1.8310107559644546, "oscillation_cost": 22.288061509216313, "completition_cost": 0.0, "overshoot_cost": 51.61721647873144, "power_cost": 16.29146027832031, "noise_cost": 20.930922697835808, "n_waypoints_completed": 9, "tot_waypoints": 9}}
{"target": -209.10121485424804, "params": {"k_pid_pos": [1.849624377781123, 0.024859491386256316, 0.44963268842268056], "k_pid_alt": [1.2679502233621702, 0.0, 0.949345597264735], "k_pid_att": [39.447728079683905, 3.8677381495188174, 0.1845336041603497], "k_pid_yaw": [0.5, 1e-06, 0.1], "k_pid_hsp": [0.09847755819799779, 0.011264223901387349, 0.0], "k_pid_vsp": [194.7624155113164, 20.0, 10.0]}, "datetime": {"datetime": "2025-08-13 11:07:37", "elapsed": 4785.626361608505, "delta": 32.22181463241577}, "costs": {"total_cost": 209.10121485424804, "time_cost": 75.845, "final_distance_cost": 1.788990503889837, "oscillation_cost": 32.75788786022581, "completition_cost": 0.0, "overshoot_cost": 52.538083134870824, "power_cost": 23.830795739746094, "noise_cost": 22.34045761551548, "n_waypoints_completed": 9, "tot_waypoints": 9}}
{"target": -1120.8972878250977, "params": {"k_pid_pos": [1.849624377781123, 0.024859491386256316, 0.44963268842268056], "k_pid_alt": [1.2679502233621702, 0.02520494712616217, 0.949345597264735], "k_pid_att": [39.447728079683905, 3.8677381495188174, 0.1845336041603497], "k_pid_yaw": [0.5, 1e-06, 0.1], "k_pid_hsp": [0.09847755819799779, 0.9233026902578786, 0.0], "k_pid_vsp": [194.7624155113164, 20.0, 10.0]}, "datetime": {"datetime": "2025-08-13 11:08:31", "elapsed": 4839.488515615463, "delta": 53.86215400695801}, "costs": {"total_cost": 1120.8972878250977, "time_cost": 150, "final_distance_cost": 57.31795754002506, "oscillation_cost": 116.28666720846462, "completition_cost": 666.6666666666667, "overshoot_cost": 63.77147409281844, "power_cost": 32.033143957519535, "noise_cost": 34.821378359603386, "n_waypoints_completed": 3, "tot_waypoints": 9}}
{"target": -191.77415779548448, "params": {"k_pid_pos": [1.849624377781123, 0.024859491386256316, 0.6830149564489978], "k_pid_alt": [1.2679502233621702, 0.02520494712616217, 0.949345597264735], "k_pid_att": [94.03514125381805, 3.8677381495188174, 0.1845336041603497], "k_pid_yaw": [0.5, 1e-06, 0.1], "k_pid_hsp": [0.09847755819799779, 0.011264223901387349, 0.0], "k_pid_vsp": [194.7624155113164, 93.09285943774285, 10.0]}, "datetime": {"datetime": "2025-08-13 11:09:02", "elapsed": 4870.230870962143, "delta": 30.742355346679688}, "costs": {"total_cost": 191.77415779548448, "time_cost": 71.08500000000001, "final_distance_cost": 1.8226761352466616, "oscillation_cost": 34.72915137650315, "completition_cost": 0.0, "overshoot_cost": 51.55877752673364, "power_cost": 13.765814306640626, "noise_cost": 18.812738450360357, "n_waypoints_completed": 9, "tot_waypoints": 9}}
{"target": -197.40955775735247, "params": {"k_pid_pos": [1.849624377781123, 0.024859491386256316, 0.44963268842268056], "k_pid_alt": [1.2679502233621702, 0.0, 0.949345597264735], "k_pid_att": [39.447728079683905, 3.8677381495188174, 0.1845336041603497], "k_pid_yaw": [0.5, 1e-06, 0.1], "k_pid_hsp": [0.09847755819799779, 0.011264223901387349, 0.0], "k_pid_vsp": [383.23703166425986, 15.500533572620455, 10.0]}, "datetime": {"datetime": "2025-08-13 11:09:34", "elapsed": 4902.800892353058, "delta": 32.57002139091492}, "costs": {"total_cost": 197.40955775735247, "time_cost": 74.144, "final_distance_cost": 1.7909380348518489, "oscillation_cost": 31.612221034394466, "completition_cost": 0.0, "overshoot_cost": 52.257766570827584, "power_cost": 18.77541287841797, "noise_cost": 18.82921923886058, "n_waypoints_completed": 9, "tot_waypoints": 9}}
{"target": -218.91452149110617, "params": {"k_pid_pos": [1.3885554450422086, 0.509734659876444, 0.11401919133455096], "k_pid_alt": [1.2679502233621702, 0.0, 0.949345597264735], "k_pid_att": [39.447728079683905, 3.8677381495188174, 0.1845336041603497], "k_pid_yaw": [0.5, 1e-06, 0.1], "k_pid_hsp": [0.09847755819799779, 0.011264223901387349, 0.0], "k_pid_vsp": [194.7624155113164, 20.0, 10.0]}, "datetime": {"datetime": "2025-08-13 11:10:11", "elapsed": 4939.147202968597, "delta": 36.34631061553955}, "costs": {"total_cost": 218.91452149110617, "time_cost": 83.95100000000001, "final_distance_cost": 1.7582472735126977, "oscillation_cost": 36.902975641770475, "completition_cost": 0.0, "overshoot_cost": 54.91225613708246, "power_cost": 19.141255505371095, "noise_cost": 22.248786933369416, "n_waypoints_completed": 9, "tot_waypoints": 9}}
{"target": -2115.617820747821, "params": {"k_pid_pos": [0.8325832251638142, 0.04925411992759399, 0.6176694605536389], "k_pid_alt": [0.1927819243069986, 0.9026023965438417, 0.45577628983361107], "k_pid_att": [40.4276456330449, 3.0596356458441103, 0.09995185577451304], "k_pid_yaw": [0.5, 1e-06, 0.1], "k_pid_hsp": [0.09847755819799779, 0.011264223901387349, 0.5575834968263828], "k_pid_vsp": [194.7624155113164, 156.73508457218338, 10.0]}, "datetime": {"datetime": "2025-08-13 11:11:03", "elapsed": 4991.5873193740845, "delta": 52.44011640548706}, "costs": {"total_cost": 2115.617820747821, "time_cost": 150, "final_distance_cost": 41.96404599056632, "oscillation_cost": 813.3987158071801, "completition_cost": 1000.0, "overshoot_cost": 46.035557598189584, "power_cost": 34.56987030029297, "noise_cost": 29.649631051592074, "n_waypoints_completed": 0, "tot_waypoints": 9}}
{"target": -199.57636524623663, "params": {"k_pid_pos": [0.49275800590297264, 0.18848155022322047, 0.17888737446852812], "k_pid_alt": [1.515427128667956, 0.0, 0.8361997509577753], "k_pid_att": [19.462821160492226, 4.452622529689853, 0.1845336041603497], "k_pid_yaw": [0.5, 1e-06, 0.1], "k_pid_hsp": [0.09847755819799779, 0.011264223901387349, 0.0], "k_pid_vsp": [194.7624155113164, 82.79406464935073, 10.0]}, "datetime": {"datetime": "2025-08-13 11:11:39", "elapsed": 5027.136676073074, "delta": 35.54935669898987}, "costs": {"total_cost": 199.57636524623663, "time_cost": 81.529, "final_distance_cost": 1.8329794851339012, "oscillation_cost": 21.99513393897074, "completition_cost": 0.0, "overshoot_cost": 52.03198776354236, "power_cost": 20.89676364746094, "noise_cost": 21.290500411128704, "n_waypoints_completed": 9, "tot_waypoints": 9}}
{"target": -187.8543858604366, "params": {"k_pid_pos": [1.849624377781123, 0.024859491386256316, 0.44963268842268056], "k_pid_alt": [1.2679502233621702, 0.0, 0.949345597264735], "k_pid_att": [14.415714892135846, 3.8677381495188174, 0.1845336041603497], "k_pid_yaw": [0.5, 1e-06, 0.1], "k_pid_hsp": [0.09847755819799779, 0.011264223901387349, 0.0], "k_pid_vsp": [194.7624155113164, 156.73508457218338, 10.0]}, "datetime": {"datetime": "2025-08-13 11:12:11", "elapsed": 5059.666568279266, "delta": 32.52989220619202}, "costs": {"total_cost": 187.8543858604366, "time_cost": 72.681, "final_distance_cost": 1.8183006056250182, "oscillation_cost": 31.666465660845468, "completition_cost": 0.0, "overshoot_cost": 50.67095557256633, "power_cost": 12.047991528320313, "noise_cost": 18.969672493079447, "n_waypoints_completed": 9, "tot_waypoints": 9}}
{"target": -194.27666965350343, "params": {"k_pid_pos": [0.49275800590297264, 0.18848155022322047, 0.17888737446852812], "k_pid_alt": [1.515427128667956, 0.0, 0.949345597264735], "k_pid_att": [39.447728079683905, 3.8677381495188174, 0.1845336041603497], "k_pid_yaw": [0.5, 1e-06, 0.1], "k_pid_hsp": [0.09847755819799779, 0.011264223901387349, 0.0], "k_pid_vsp": [194.7624155113164, 20.0, 10.0]}, "datetime": {"datetime": "2025-08-13 11:12:47", "elapsed": 5095.460209608078, "delta": 35.793641328811646}, "costs": {"total_cost": 194.27666965350343, "time_cost": 82.124, "final_distance_cost": 1.810086721143743, "oscillation_cost": 22.086665596246426, "completition_cost": 0.0, "overshoot_cost": 52.41571323071208, "power_cost": 14.754406298828126, "noise_cost": 21.085797806573076, "n_waypoints_completed": 9, "tot_waypoints": 9}}
{"target": -197.8316987778939, "params": {"k_pid_pos": [1.849624377781123, 0.024859491386256316, 0.44963268842268056], "k_pid_alt": [1.2679502233621702, 0.0, 0.949345597264735], "k_pid_att": [39.447728079683905, 7.284845820832624, 0.004857337777279036], "k_pid_yaw": [0.5, 1e-06, 0.1], "k_pid_hsp": [0.09847755819799779, 0.011264223901387349, 0.0], "k_pid_vsp": [194.7624155113164, 20.0, 10.0]}, "datetime": {"datetime": "2025-08-13 11:13:20", "elapsed": 5128.122334480286, "delta": 32.66212487220764}, "costs": {"total_cost": 197.8316987778939, "time_cost": 73.598, "final_distance_cost": 1.792800198553236, "oscillation_cost": 33.892446979815084, "completition_cost": 0.0, "overshoot_cost": 52.0073795154087, "power_cost": 17.94975389404297, "noise_cost": 18.59131819007392, "n_waypoints_completed": 9, "tot_waypoints": 9}}
{"target": -199.8070847632749, "params": {"k_pid_pos": [1.3885554450422086, 0.024859491386256316, 0.44963268842268056], "k_pid_alt": [1.2679502233621702, 0.0, 0.949345597264735], "k_pid_att": [39.447728079683905, 3.8677381495188174, 0.1845336041603497], "k_pid_yaw": [0.5, 1e-06, 0.1], "k_pid_hsp": [0.09847755819799779, 0.011264223901387349, 0.0], "k_pid_vsp": [194.7624155113164, 20.0, 10.0]}, "datetime": {"datetime": "2025-08-13 11:13:52", "elapsed": 5160.626700401306, "delta": 32.50436592102051}, "costs": {"total_cost": 199.8070847632749, "time_cost": 74.256, "final_distance_cost": 1.8170935014359395, "oscillation_cost": 28.721344571963876, "completition_cost": 0.0, "overshoot_cost": 51.89607174530129, "power_cost": 22.116331494140628, "noise_cost": 21.000243450433143, "n_waypoints_completed": 9, "tot_waypoints": 9}}
{"target": -192.8999037451756, "params": {"k_pid_pos": [1.1496839804071068, 0.024859491386256316, 0.11401919133455096], "k_pid_alt": [1.2679502233621702, 0.0, 0.949345597264735], "k_pid_att": [39.447728079683905, 3.8677381495188174, 0.1845336041603497], "k_pid_yaw": [0.5, 1e-06, 0.1], "k_pid_hsp": [0.09847755819799779, 0.011264223901387349, 0.0], "k_pid_vsp": [194.7624155113164, 15.500533572620455, 10.0]}, "datetime": {"datetime": "2025-08-13 11:14:25", "elapsed": 5193.794057607651, "delta": 33.167357206344604}, "costs": {"total_cost": 192.8999037451756, "time_cost": 75.159, "final_distance_cost": 1.796802769715827, "oscillation_cost": 30.167282937887222, "completition_cost": 0.0, "overshoot_cost": 51.62505776610643, "power_cost": 15.239356848144531, "noise_cost": 18.912403423321607, "n_waypoints_completed": 9, "tot_waypoints": 9}}
{"target": -998.6024542562146, "params": {"k_pid_pos": [1.3885554450422086, 0.024859491386256316, 0.11401919133455096], "k_pid_alt": [1.2679502233621702, 0.0, 0.949345597264735], "k_pid_att": [39.447728079683905, 3.8677381495188174, 0.1845336041603497], "k_pid_yaw": [0.5, 1e-06, 0.1], "k_pid_hsp": [0.09847755819799779, 0.011264223901387349, 0.0], "k_pid_vsp": [194.7624155113164, 15.500533572620455, 157.32075408642126]}, "datetime": {"datetime": "2025-08-13 11:15:18", "elapsed": 5246.183111190796, "delta": 52.38905358314514}, "costs": {"total_cost": 998.6024542562146, "time_cost": 150, "final_distance_cost": 52.16944631688967, "oscillation_cost": 17.17730329604143, "completition_cost": 666.6666666666667, "overshoot_cost": 51.547396605975194, "power_cost": 33.37263533935547, "noise_cost": 27.669006031286077, "n_waypoints_completed": 3, "tot_waypoints": 9}}
{"target": -197.93569380193082, "params": {"k_pid_pos": [1.849624377781123, 0.024859491386256316, 0.44963268842268056], "k_pid_alt": [1.2679502233621702, 0.0, 0.949345597264735], "k_pid_att": [39.447728079683905, 3.8677381495188174, 0.004857337777279036], "k_pid_yaw": [0.5, 1e-06, 0.1], "k_pid_hsp": [0.09847755819799779, 0.011264223901387349, 0.0], "k_pid_vsp": [194.7624155113164, 20.0, 10.0]}, "datetime": {"datetime": "2025-08-13 11:15:51", "elapsed": 5279.467247724533, "delta": 33.28413653373718}, "costs": {"total_cost": 197.93569380193082, "time_cost": 73.96900000000001, "final_distance_cost": 1.8178372811515349, "oscillation_cost": 33.33960713776969, "completition_cost": 0.0, "overshoot_cost": 51.93911241713472, "power_cost": 17.856524975585938, "noise_cost": 19.01361199028891, "n_waypoints_completed": 9, "tot_waypoints": 9}}
{"target": -1868.1572579488136, "params": {"k_pid_pos": [1.1130165324125372, 0.024859491386256316, 0.44963268842268056], "k_pid_alt": [1.2679502233621702, 0.0, 0.949345597264735], "k_pid_att": [39.447728079683905, 7.284845820832624, 0.1845336041603497], "k_pid_yaw": [0.5, 1e-06, 0.1], "k_pid_hsp": [0.09847755819799779, 0.011264223901387349, 0.2987590706226323], "k_pid_vsp": [194.7624155113164, 20.0, 10.0]}, "datetime": {"datetime": "2025-08-13 11:16:45", "elapsed": 5333.231577634811, "delta": 53.76432991027832}, "costs": {"total_cost": 1868.1572579488136, "time_cost": 150, "final_distance_cost": 81.02271704613985, "oscillation_cost": 801.8289457807452, "completition_cost": 666.6666666666667, "overshoot_cost": 107.61529152811298, "power_cost": 31.26974605712891, "noise_cost": 29.753890870019934, "n_waypoints_completed": 3, "tot_waypoints": 9}}
{"target": -2072.9805770798534, "params": {"k_pid_pos": [1.68883278746973, 0.024859491386256316, 0.44963268842268056], "k_pid_alt": [1.2679502233621702, 0.0, 0.949345597264735], "k_pid_att": [39.447728079683905, 3.8677381495188174, 0.22529733878233338], "k_pid_yaw": [0.5, 1e-06, 0.1], "k_pid_hsp": [0.09847755819799779, 0.011264223901387349, 0.8820777094381044], "k_pid_vsp": [194.7624155113164, 20.0, 10.0]}, "datetime": {"datetime": "2025-08-13 11:17:38", "elapsed": 5386.234466075897, "delta": 53.002888441085815}, "costs": {"total_cost": 2072.9805770798534, "time_cost": 150, "final_distance_cost": 63.21163551271059, "oscillation_cost": 832.4448964516888, "completition_cost": 888.8888888888888, "overshoot_cost": 74.70206030963573, "power_cost": 33.364481640625, "noise_cost": 30.36861427630449, "n_waypoints_completed": 1, "tot_waypoints": 9}}
{"target": -1458.7168182685323, "params": {"k_pid_pos": [1.849624377781123, 0.024859491386256316, 0.44963268842268056], "k_pid_alt": [1.2679502233621702, 0.0, 0.949345597264735], "k_pid_att": [94.48051719440384, 3.6888469195366334, 0.1845336041603497], "k_pid_yaw": [0.5, 1e-06, 0.1], "k_pid_hsp": [0.09847755819799779, 0.011264223901387349, 0.0], "k_pid_vsp": [194.7624155113164, 20.0, 301.6362243201388]}, "datetime": {"datetime": "2025-08-13 11:18:31", "elapsed": 5439.097472667694, "delta": 52.863006591796875}, "costs": {"total_cost": 1458.7168182685323, "time_cost": 150, "final_distance_cost": 1.000797496028615, "oscillation_cost": 8.144633456308929, "completition_cost": 1000.0, "overshoot_cost": 162.34045378467792, "power_cost": 29.033288403320313, "noise_cost": 108.19764512819641, "n_waypoints_completed": 0, "tot_waypoints": 9}}
{"target": -196.33484799817188, "params": {"k_pid_pos": [1.849624377781123, 0.024859491386256316, 0.44963268842268056], "k_pid_alt": [1.2679502233621702, 0.0, 0.949345597264735], "k_pid_att": [39.447728079683905, 3.6888469195366334, 0.1845336041603497], "k_pid_yaw": [0.5, 1e-06, 0.1], "k_pid_hsp": [0.09847755819799779, 0.011264223901387349, 0.0], "k_pid_vsp": [295.9324376154018, 15.500533572620455, 10.0]}, "datetime": {"datetime": "2025-08-13 11:19:03", "elapsed": 5471.283699989319, "delta": 32.186227321624756}, "costs": {"total_cost": 196.33484799817188, "time_cost": 73.864, "final_distance_cost": 1.7863290227470208, "oscillation_cost": 31.36822805150664, "completition_cost": 0.0, "overshoot_cost": 51.822228790588724, "power_cost": 18.750868701171875, "noise_cost": 18.74319343215762, "n_waypoints_completed": 9, "tot_waypoints": 9}}
{"target": -1890.307788265901, "params": {"k_pid_pos": [1.3885554450422086, 0.024859491386256316, 0.11401919133455096], "k_pid_alt": [1.2679502233621702, 0.0, 0.949345597264735], "k_pid_att": [39.447728079683905, 5.958619921514779, 0.1845336041603497], "k_pid_yaw": [0.5, 1e-06, 0.1], "k_pid_hsp": [0.09847755819799779, 0.011264223901387349, 0.0], "k_pid_vsp": [194.7624155113164, 20.0, 349.2959746683124]}, "datetime": {"datetime": "2025-08-13 11:19:56", "elapsed": 5524.324318647385, "delta": 53.040618658065796}, "costs": {"total_cost": 1890.307788265901, "time_cost": 150, "final_distance_cost": 317.8157227866695, "oscillation_cost": 12.53544869246677, "completition_cost": 888.8888888888888, "overshoot_cost": 465.16716436515895, "power_cost": 27.839117993164063, "noise_cost": 28.06144553955299, "n_waypoints_completed": 1, "tot_waypoints": 9}}
{"target": -193.42499835023835, "params": {"k_pid_pos": [1.849624377781123, 0.024859491386256316, 0.44963268842268056], "k_pid_alt": [1.2679502233621702, 0.0, 0.9558605341889254], "k_pid_att": [39.447728079683905, 7.284845820832624, 0.1845336041603497], "k_pid_yaw": [0.5, 1e-06, 0.1], "k_pid_hsp": [0.09847755819799779, 0.011264223901387349, 0.0], "k_pid_vsp": [194.7624155113164, 20.0, 10.0]}, "datetime": {"datetime": "2025-08-13 11:20:28", "elapsed": 5556.474551677704, "delta": 32.150233030319214}, "costs": {"total_cost": 193.42499835023835, "time_cost": 73.668, "final_distance_cost": 1.799284505967291, "oscillation_cost": 31.95307865025811, "completition_cost": 0.0, "overshoot_cost": 51.63272769967947, "power_cost": 16.290925207519532, "noise_cost": 18.08098228681394, "n_waypoints_completed": 9, "tot_waypoints": 9}}
{"target": -192.17060959773247, "params": {"k_pid_pos": [1.849624377781123, 0.024859491386256316, 0.44963268842268056], "k_pid_alt": [1.2679502233621702, 0.0, 0.949345597264735], "k_pid_att": [78.69411358121238, 3.8677381495188174, 0.004857337777279036], "k_pid_yaw": [0.5, 1e-06, 0.1], "k_pid_hsp": [0.09847755819799779, 0.011264223901387349, 0.0], "k_pid_vsp": [194.7624155113164, 307.0029666248519, 10.0]}, "datetime": {"datetime": "2025-08-13 11:21:00", "elapsed": 5588.146379470825, "delta": 31.671827793121338}, "costs": {"total_cost": 192.17060959773247, "time_cost": 72.842, "final_distance_cost": 1.8000148505684515, "oscillation_cost": 37.04609299720886, "completition_cost": 0.0, "overshoot_cost": 50.59307657101079, "power_cost": 11.147426159667969, "noise_cost": 18.74199901927641, "n_waypoints_completed": 9, "tot_waypoints": 9}}
