{"target": -1239.7926197620068, "params": {"k_pid_pos": [1.4340672435785011, 0.7920358204635946, 0.8519347702918288], "k_pid_alt": [1.4458679973838424, 0.0, 0.3146878632891922], "k_pid_att": [43.948176657889235, 0.18205753750414305, 0.34464953207076743], "k_pid_yaw": [0.5, 1e-06, 0.1], "k_pid_hsp": [0.09847755819799779, 0.011264223901387349, 0.0], "k_pid_vsp": [86.28438231591274, 156.73508457218338, 399.3545315371922]}, "datetime": {"datetime": "2025-08-13 15:48:30", "elapsed": 21638.87166905403, "delta": 31.938721179962158}, "costs": {"total_cost": 1239.7926197620068, "time_cost": 150, "final_distance_cost": 70.50921721052136, "oscillation_cost": 13.492383638900593, "completition_cost": 777.7777777777778, "overshoot_cost": 137.28586605272673, "power_cost": 29.227611547851563, "noise_cost": 61.49976353422869, "n_waypoints_completed": 2, "tot_waypoints": 9}}
{"target": -1728.1186722196462, "params": {"k_pid_pos": [1.4340672435785011, 0.024859491386256316, 0.2679580291560212], "k_pid_alt": [1.4458679973838424, 0.0, 0.3146878632891922], "k_pid_att": [43.948176657889235, 0.18205753750414305, 0.4275120029604318], "k_pid_yaw": [0.5, 1e-06, 0.1], "k_pid_hsp": [0.09847755819799779, 0.011264223901387349, 0.0], "k_pid_vsp": [17.18305095025783, 93.09285943774285, 130.2877623577229]}, "datetime": {"datetime": "2025-08-13 15:49:03", "elapsed": 21671.596320152283, "delta": 32.72465109825134}, "costs": {"total_cost": 1728.1186722196462, "time_cost": 150, "final_distance_cost": 202.61924051565344, "oscillation_cost": 7.8483277840197, "completition_cost": 888.8888888888888, "overshoot_cost": 420.9922809340238, "power_cost": 28.976056872558594, "noise_cost": 28.793877224501834, "n_waypoints_completed": 1, "tot_waypoints": 9}}
{"target": -257.87801102491056, "params": {"k_pid_pos": [1.733835489643198, 0.024859491386256316, 0.44963268842268056], "k_pid_alt": [1.4458679973838424, 0.0, 0.13294310327404035], "k_pid_att": [39.447728079683905, 3.8677381495188174, 0.6559199499296157], "k_pid_yaw": [0.5, 1e-06, 0.1], "k_pid_hsp": [0.09847755819799779, 0.011264223901387349, 0.05661520463176517], "k_pid_vsp": [327.85686986449286, 93.09285943774285, 10.0]}, "datetime": {"datetime": "2025-08-13 15:49:24", "elapsed": 21692.697003364563, "delta": 21.100683212280273}, "costs": {"total_cost": 257.87801102491056, "time_cost": 78.302, "final_distance_cost": 1.80448675787351, "oscillation_cost": 79.09508752820231, "completition_cost": 0.0, "overshoot_cost": 53.619501113243736, "power_cost": 23.035340563964844, "noise_cost": 22.021595061626208, "n_waypoints_completed": 9, "tot_waypoints": 9}}
{"target": -209.70872490330564, "params": {"k_pid_pos": [1.733835489643198, 0.024859491386256316, 0.44963268842268056], "k_pid_alt": [1.4458679973838424, 0.9080078043145318, 0.13294310327404035], "k_pid_att": [45.78184138065124, 0.18205753750414305, 0.34464953207076743], "k_pid_yaw": [0.5, 1e-06, 0.1], "k_pid_hsp": [0.09847755819799779, 0.011264223901387349, 0.0], "k_pid_vsp": [276.9324388730501, 93.09285943774285, 10.0]}, "datetime": {"datetime": "2025-08-13 15:49:46", "elapsed": 21714.978617429733, "delta": 22.281614065170288}, "costs": {"total_cost": 209.70872490330564, "time_cost": 82.348, "final_distance_cost": 1.7527256071158173, "oscillation_cost": 35.01220942902711, "completition_cost": 0.0, "overshoot_cost": 53.931429584943366, "power_cost": 16.144354309082033, "noise_cost": 20.52000597313733, "n_waypoints_completed": 9, "tot_waypoints": 9}}
{"target": -188.20181679283755, "params": {"k_pid_pos": [1.4340672435785011, 0.024859491386256316, 0.8519347702918288], "k_pid_alt": [1.4458679973838424, 0.0, 0.3146878632891922], "k_pid_att": [39.447728079683905, 3.8677381495188174, 0.6559199499296157], "k_pid_yaw": [0.5, 1e-06, 0.1], "k_pid_hsp": [0.09847755819799779, 0.011264223901387349, 0.0], "k_pid_vsp": [277.2708477836043, 93.09285943774285, 10.0]}, "datetime": {"datetime": "2025-08-13 15:50:05", "elapsed": 21734.00542140007, "delta": 19.026803970336914}, "costs": {"total_cost": 188.20181679283755, "time_cost": 70.749, "final_distance_cost": 1.8404574111670253, "oscillation_cost": 27.183742766988573, "completition_cost": 0.0, "overshoot_cost": 51.016835231035856, "power_cost": 18.794868066406252, "noise_cost": 18.616913317239863, "n_waypoints_completed": 9, "tot_waypoints": 9}}
{"target": -2130.5283207800608, "params": {"k_pid_pos": [1.733835489643198, 0.024859491386256316, 0.44963268842268056], "k_pid_alt": [1.4458679973838424, 0.0, 0.13294310327404035], "k_pid_att": [43.948176657889235, 0.18205753750414305, 0.34464953207076743], "k_pid_yaw": [0.5, 1e-06, 0.1], "k_pid_hsp": [0.09847755819799779, 0.011264223901387349, 0.5609296292812848], "k_pid_vsp": [86.28438231591274, 156.73508457218338, 10.0]}, "datetime": {"datetime": "2025-08-13 15:50:38", "elapsed": 21766.567103385925, "delta": 32.5616819858551}, "costs": {"total_cost": 2130.5283207800608, "time_cost": 150, "final_distance_cost": 58.35103230978004, "oscillation_cost": 806.862838724657, "completition_cost": 888.8888888888888, "overshoot_cost": 161.51733475854277, "power_cost": 34.51360913085938, "noise_cost": 30.394616967332666, "n_waypoints_completed": 1, "tot_waypoints": 9}}
{"target": -1778.515391938711, "params": {"k_pid_pos": [1.4340672435785011, 0.024859491386256316, 0.231276554047951], "k_pid_alt": [0.8545398455997026, 0.0, 0.3146878632891922], "k_pid_att": [39.447728079683905, 1.7830319019495113, 0.6559199499296157], "k_pid_yaw": [0.5, 1e-06, 0.1], "k_pid_hsp": [0.09847755819799779, 0.011264223901387349, 0.6159434423984318], "k_pid_vsp": [277.2708477836043, 93.09285943774285, 10.0]}, "datetime": {"datetime": "2025-08-13 15:51:10", "elapsed": 21798.467355251312, "delta": 31.900251865386963}, "costs": {"total_cost": 1778.515391938711, "time_cost": 150, "final_distance_cost": 86.89179661105923, "oscillation_cost": 744.0517271407986, "completition_cost": 666.6666666666667, "overshoot_cost": 76.51576303157255, "power_cost": 25.83615986328125, "noise_cost": 28.553278625332815, "n_waypoints_completed": 3, "tot_waypoints": 9}}
{"target": -200.02517821854389, "params": {"k_pid_pos": [1.4340672435785011, 0.024859491386256316, 0.8519347702918288], "k_pid_alt": [1.4458679973838424, 0.0, 0.3146878632891922], "k_pid_att": [43.948176657889235, 0.18205753750414305, 0.03404765381520658], "k_pid_yaw": [0.5, 1e-06, 0.1], "k_pid_hsp": [1.2327241314931046, 0.011264223901387349, 0.0], "k_pid_vsp": [17.18305095025783, 59.82240868669444, 10.0]}, "datetime": {"datetime": "2025-08-13 15:51:29", "elapsed": 21818.010411024094, "delta": 19.543055772781372}, "costs": {"total_cost": 200.02517821854389, "time_cost": 71.232, "final_distance_cost": 1.8522199109006212, "oscillation_cost": 39.54744278123011, "completition_cost": 0.0, "overshoot_cost": 50.614741773419794, "power_cost": 16.88658250732422, "noise_cost": 19.89219124566914, "n_waypoints_completed": 9, "tot_waypoints": 9}}
{"target": -798.2707745485175, "params": {"k_pid_pos": [1.4340672435785011, 0.024859491386256316, 0.8519347702918288], "k_pid_alt": [1.9792988987850082, 0.0, 0.8862606681215847], "k_pid_att": [50.98074059285719, 3.0350363822239825, 0.7508855466946219], "k_pid_yaw": [0.5, 1e-06, 0.1], "k_pid_hsp": [0.09847755819799779, 0.9328591348795976, 0.0], "k_pid_vsp": [207.03313760381627, 93.09285943774285, 10.0]}, "datetime": {"datetime": "2025-08-13 15:52:02", "elapsed": 21850.23149085045, "delta": 32.22107982635498}, "costs": {"total_cost": 798.2707745485175, "time_cost": 150, "final_distance_cost": 51.33221695583821, "oscillation_cost": 131.50319653696974, "completition_cost": 333.33333333333337, "overshoot_cost": 60.57793414041901, "power_cost": 36.4540933959961, "noise_cost": 35.07000018596102, "n_waypoints_completed": 6, "tot_waypoints": 9}}
{"target": -185.882823779267, "params": {"k_pid_pos": [1.4340672435785011, 0.024859491386256316, 0.44963268842268056], "k_pid_alt": [1.4458679973838424, 0.0, 0.11578642527130634], "k_pid_att": [6.174354700882767, 3.917135097401164, 0.8257697299075593], "k_pid_yaw": [0.5, 1e-06, 0.1], "k_pid_hsp": [0.09847755819799779, 0.011264223901387349, 0.0], "k_pid_vsp": [366.9222945638871, 93.09285943774285, 10.0]}, "datetime": {"datetime": "2025-08-13 15:52:20", "elapsed": 21868.273109436035, "delta": 18.041618585586548}, "costs": {"total_cost": 185.882823779267, "time_cost": 69.587, "final_distance_cost": 1.815215811401958, "oscillation_cost": 30.14874034533721, "completition_cost": 0.0, "overshoot_cost": 50.389647053152544, "power_cost": 16.74119930419922, "noise_cost": 17.201021265176045, "n_waypoints_completed": 9, "tot_waypoints": 9}}
{"target": -897.5236460824567, "params": {"k_pid_pos": [1.733835489643198, 0.024859491386256316, 0.44963268842268056], "k_pid_alt": [1.4458679973838424, 0.0, 0.13294310327404035], "k_pid_att": [64.13384744331628, 3.8677381495188174, 0.6559199499296157], "k_pid_yaw": [0.5, 1e-06, 0.1], "k_pid_hsp": [0.09847755819799779, 0.6805561624139979, 0.0], "k_pid_vsp": [17.18305095025783, 93.09285943774285, 10.0]}, "datetime": {"datetime": "2025-08-13 15:52:52", "elapsed": 21900.1052339077, "delta": 31.83212447166443}, "costs": {"total_cost": 897.5236460824567, "time_cost": 150, "final_distance_cost": 51.54288612828548, "oscillation_cost": 132.15430257319508, "completition_cost": 444.4444444444444, "overshoot_cost": 67.40239048873474, "power_cost": 20.058586462402346, "noise_cost": 31.921035985394674, "n_waypoints_completed": 5, "tot_waypoints": 9}}
{"target": -1156.297959882566, "params": {"k_pid_pos": [1.4340672435785011, 0.024859491386256316, 0.44963268842268056], "k_pid_alt": [1.4458679973838424, 0.0, 0.22260652447727036], "k_pid_att": [39.447728079683905, 3.8677381495188174, 0.34464953207076743], "k_pid_yaw": [0.5, 1e-06, 0.1], "k_pid_hsp": [0.09847755819799779, 0.011264223901387349, 0.09393821517178547], "k_pid_vsp": [277.2708477836043, 239.76907369667427, 10.0]}, "datetime": {"datetime": "2025-08-13 15:53:24", "elapsed": 21932.40897488594, "delta": 32.30374097824097}, "costs": {"total_cost": 1156.297959882566, "time_cost": 150, "final_distance_cost": 31.933065118585723, "oscillation_cost": 693.1957551911427, "completition_cost": 111.11111111111116, "overshoot_cost": 100.42999382568958, "power_cost": 37.617248046875005, "noise_cost": 32.01078658916177, "n_waypoints_completed": 8, "tot_waypoints": 9}}
{"target": -209.91235556312228, "params": {"k_pid_pos": [1.4340672435785011, 0.562437059426841, 0.44963268842268056], "k_pid_alt": [1.4458679973838424, 0.0, 0.13294310327404035], "k_pid_att": [50.98074059285719, 3.8677381495188174, 0.8257697299075593], "k_pid_yaw": [0.5, 1e-06, 0.1], "k_pid_hsp": [0.09847755819799779, 0.011264223901387349, 0.0], "k_pid_vsp": [366.9222945638871, 59.82240868669444, 21.011196465382298]}, "datetime": {"datetime": "2025-08-13 15:53:47", "elapsed": 21955.435205221176, "delta": 23.026230335235596}, "costs": {"total_cost": 209.91235556312228, "time_cost": 80.45100000000001, "final_distance_cost": 1.7264236203858556, "oscillation_cost": 32.299930939815425, "completition_cost": 0.0, "overshoot_cost": 53.68836281945346, "power_cost": 21.470048754882814, "noise_cost": 20.276589428584714, "n_waypoints_completed": 9, "tot_waypoints": 9}}
{"target": -183.5034392499394, "params": {"k_pid_pos": [1.4340672435785011, 0.024859491386256316, 0.8519347702918288], "k_pid_alt": [1.4458679973838424, 0.0, 0.3146878632891922], "k_pid_att": [43.948176657889235, 0.18205753750414305, 0.34464953207076743], "k_pid_yaw": [0.5, 1e-06, 0.1], "k_pid_hsp": [0.09847755819799779, 0.011264223901387349, 0.0], "k_pid_vsp": [277.2708477836043, 93.09285943774285, 10.0]}, "datetime": {"datetime": "2025-08-13 15:54:05", "elapsed": 21973.910088539124, "delta": 18.474883317947388}, "costs": {"total_cost": 183.5034392499394, "time_cost": 70.616, "final_distance_cost": 1.8382536460409054, "oscillation_cost": 27.1921691683349, "completition_cost": 0.0, "overshoot_cost": 50.91741248186878, "power_cost": 14.593371838378907, "noise_cost": 18.3462321153159, "n_waypoints_completed": 9, "tot_waypoints": 9}}
{"target": -205.22387534689327, "params": {"k_pid_pos": [1.4340672435785011, 0.5715490147784498, 0.4894518338289183], "k_pid_alt": [1.115618115767161, 0.0, 0.3146878632891922], "k_pid_att": [43.948176657889235, 3.8677381495188174, 0.34464953207076743], "k_pid_yaw": [0.5, 1e-06, 0.1], "k_pid_hsp": [0.09847755819799779, 0.011264223901387349, 0.0], "k_pid_vsp": [86.28438231591274, 156.73508457218338, 10.0]}, "datetime": {"datetime": "2025-08-13 15:54:26", "elapsed": 21994.70645260811, "delta": 20.796364068984985}, "costs": {"total_cost": 205.22387534689327, "time_cost": 80.661, "final_distance_cost": 1.7697594652063329, "oscillation_cost": 32.936663880894535, "completition_cost": 0.0, "overshoot_cost": 52.496894860915134, "power_cost": 16.901140698242187, "noise_cost": 20.458416441635045, "n_waypoints_completed": 9, "tot_waypoints": 9}}
{"target": -193.06640531233356, "params": {"k_pid_pos": [1.733835489643198, 0.4028392441432166, 0.44963268842268056], "k_pid_alt": [1.4458679973838424, 0.0, 0.46972286414476394], "k_pid_att": [39.447728079683905, 3.8677381495188174, 0.6559199499296157], "k_pid_yaw": [0.5, 1e-06, 0.1], "k_pid_hsp": [0.09847755819799779, 0.011264223901387349, 0.0], "k_pid_vsp": [277.2708477836043, 93.09285943774285, 10.0]}, "datetime": {"datetime": "2025-08-13 15:54:45", "elapsed": 22014.067283153534, "delta": 19.360830545425415}, "costs": {"total_cost": 193.06640531233356, "time_cost": 74.893, "final_distance_cost": 1.7867731322384353, "oscillation_cost": 32.07196150685656, "completition_cost": 0.0, "overshoot_cost": 51.20193302962194, "power_cost": 13.8960673828125, "noise_cost": 19.2166702608041, "n_waypoints_completed": 9, "tot_waypoints": 9}}
{"target": -183.52831085075618, "params": {"k_pid_pos": [1.531426011234853, 0.024859491386256316, 0.8519347702918288], "k_pid_alt": [1.4458679973838424, 0.0, 0.3146878632891922], "k_pid_att": [43.948176657889235, 0.18205753750414305, 0.34464953207076743], "k_pid_yaw": [0.5, 1e-06, 0.1], "k_pid_hsp": [0.09847755819799779, 0.011264223901387349, 0.0], "k_pid_vsp": [277.2708477836043, 93.09285943774285, 10.0]}, "datetime": {"datetime": "2025-08-13 15:55:04", "elapsed": 22032.35503077507, "delta": 18.287747621536255}, "costs": {"total_cost": 183.52831085075618, "time_cost": 70.322, "final_distance_cost": 1.8220356136643086, "oscillation_cost": 27.718255685223784, "completition_cost": 0.0, "overshoot_cost": 51.022658314182344, "power_cost": 15.079470178222657, "noise_cost": 17.563891059463096, "n_waypoints_completed": 9, "tot_waypoints": 9}}
{"target": -190.48370142914337, "params": {"k_pid_pos": [1.4340672435785011, 0.024859491386256316, 0.44963268842268056], "k_pid_alt": [1.4458679973838424, 0.0, 0.11578642527130634], "k_pid_att": [6.174354700882767, 3.917135097401164, 0.08887128593342086], "k_pid_yaw": [0.5, 1e-06, 0.1], "k_pid_hsp": [0.09847755819799779, 0.011264223901387349, 0.0], "k_pid_vsp": [366.9222945638871, 93.09285943774285, 10.0]}, "datetime": {"datetime": "2025-08-13 15:55:22", "elapsed": 22050.48900794983, "delta": 18.13397717475891}, "costs": {"total_cost": 190.48370142914337, "time_cost": 69.727, "final_distance_cost": 1.8249404189931786, "oscillation_cost": 30.347302435752248, "completition_cost": 0.0, "overshoot_cost": 50.907552395019266, "power_cost": 19.080876794433596, "noise_cost": 18.596029384945034, "n_waypoints_completed": 9, "tot_waypoints": 9}}
{"target": -192.44079469081177, "params": {"k_pid_pos": [1.4340672435785011, 0.024859491386256316, 0.8519347702918288], "k_pid_alt": [1.4458679973838424, 0.0, 0.3146878632891922], "k_pid_att": [58.28791669869587, 0.18205753750414305, 0.34464953207076743], "k_pid_yaw": [0.5, 1e-06, 0.1], "k_pid_hsp": [0.09847755819799779, 0.011264223901387349, 0.0], "k_pid_vsp": [277.2708477836043, 93.09285943774285, 10.0]}, "datetime": {"datetime": "2025-08-13 15:55:40", "elapsed": 22068.555570364, "delta": 18.06656241416931}, "costs": {"total_cost": 192.44079469081177, "time_cost": 71.057, "final_distance_cost": 1.8291029513326709, "oscillation_cost": 27.02982934938891, "completition_cost": 0.0, "overshoot_cost": 51.393397667665376, "power_cost": 20.592533947753907, "noise_cost": 20.538930774670927, "n_waypoints_completed": 9, "tot_waypoints": 9}}
{"target": -194.34390369973872, "params": {"k_pid_pos": [1.4340672435785011, 0.08695198532413306, 0.29401500448644635], "k_pid_alt": [0.8463193695216031, 0.0, 0.22260652447727036], "k_pid_att": [50.98074059285719, 8.395279649922648, 0.8257697299075593], "k_pid_yaw": [0.5, 1e-06, 0.1], "k_pid_hsp": [0.09847755819799779, 0.011264223901387349, 0.0], "k_pid_vsp": [207.03313760381627, 59.82240868669444, 10.0]}, "datetime": {"datetime": "2025-08-13 15:55:59", "elapsed": 22087.81889128685, "delta": 19.263320922851562}, "costs": {"total_cost": 194.34390369973872, "time_cost": 74.48, "final_distance_cost": 1.7880257715787604, "oscillation_cost": 30.32874388165608, "completition_cost": 0.0, "overshoot_cost": 51.31334341110083, "power_cost": 17.609716589355468, "noise_cost": 18.824074046047574, "n_waypoints_completed": 9, "tot_waypoints": 9}}
{"target": -189.20507713989096, "params": {"k_pid_pos": [1.4340672435785011, 0.024859491386256316, 0.8519347702918288], "k_pid_alt": [1.4458679973838424, 0.0, 0.3146878632891922], "k_pid_att": [43.948176657889235, 0.18205753750414305, 0.34464953207076743], "k_pid_yaw": [0.5, 1e-06, 0.1], "k_pid_hsp": [0.09847755819799779, 0.011264223901387349, 0.0], "k_pid_vsp": [41.47088896769069, 93.09285943774285, 10.0]}, "datetime": {"datetime": "2025-08-13 15:56:19", "elapsed": 22107.33553981781, "delta": 19.516648530960083}, "costs": {"total_cost": 189.20507713989096, "time_cost": 70.574, "final_distance_cost": 1.8424338892361523, "oscillation_cost": 27.176609660584564, "completition_cost": 0.0, "overshoot_cost": 51.01605164451532, "power_cost": 19.264077478027346, "noise_cost": 19.331904467527618, "n_waypoints_completed": 9, "tot_waypoints": 9}}
{"target": -180.5639260967698, "params": {"k_pid_pos": [1.4340672435785011, 0.024859491386256316, 0.8519347702918288], "k_pid_alt": [1.4458679973838424, 0.0, 0.3146878632891922], "k_pid_att": [43.948176657889235, 0.18205753750414305, 0.34464953207076743], "k_pid_yaw": [0.5, 1e-06, 0.1], "k_pid_hsp": [0.09847755819799779, 0.011264223901387349, 0.0], "k_pid_vsp": [366.9222945638871, 93.09285943774285, 10.0]}, "datetime": {"datetime": "2025-08-13 15:56:38", "elapsed": 22126.48722100258, "delta": 19.151681184768677}, "costs": {"total_cost": 180.5639260967698, "time_cost": 70.672, "final_distance_cost": 1.83424543285475, "oscillation_cost": 27.455825355309482, "completition_cost": 0.0, "overshoot_cost": 50.58438456258581, "power_cost": 12.198407458496094, "noise_cost": 17.819063287523687, "n_waypoints_completed": 9, "tot_waypoints": 9}}
{"target": -185.85430161632434, "params": {"k_pid_pos": [1.4340672435785011, 0.024859491386256316, 0.8519347702918288], "k_pid_alt": [1.4458679973838424, 0.0, 0.3146878632891922], "k_pid_att": [43.948176657889235, 0.18205753750414305, 0.34464953207076743], "k_pid_yaw": [0.5, 1e-06, 0.1], "k_pid_hsp": [0.09847755819799779, 0.011264223901387349, 0.0], "k_pid_vsp": [366.9222945638871, 93.09285943774285, 10.0]}, "datetime": {"datetime": "2025-08-13 15:56:56", "elapsed": 22144.983689069748, "delta": 18.49646806716919}, "costs": {"total_cost": 185.85430161632434, "time_cost": 70.84700000000001, "final_distance_cost": 1.8396732562007945, "oscillation_cost": 27.28541596634251, "completition_cost": 0.0, "overshoot_cost": 50.95388466761278, "power_cost": 17.190354357910156, "noise_cost": 17.73797336825805, "n_waypoints_completed": 9, "tot_waypoints": 9}}
{"target": -179.89269587510898, "params": {"k_pid_pos": [1.4340672435785011, 0.024859491386256316, 0.8519347702918288], "k_pid_alt": [1.4458679973838424, 0.0, 0.3146878632891922], "k_pid_att": [43.948176657889235, 0.18205753750414305, 0.34464953207076743], "k_pid_yaw": [0.5, 1e-06, 0.1], "k_pid_hsp": [0.09847755819799779, 0.011264223901387349, 0.0], "k_pid_vsp": [277.2708477836043, 93.09285943774285, 10.0]}, "datetime": {"datetime": "2025-08-13 15:57:15", "elapsed": 22163.864218235016, "delta": 18.880529165267944}, "costs": {"total_cost": 179.89269587510898, "time_cost": 70.58800000000001, "final_distance_cost": 1.8344072772739977, "oscillation_cost": 27.22530921049471, "completition_cost": 0.0, "overshoot_cost": 50.584736623962335, "power_cost": 11.624034484863282, "noise_cost": 18.036208278514675, "n_waypoints_completed": 9, "tot_waypoints": 9}}
{"target": -197.76257590564512, "params": {"k_pid_pos": [1.531426011234853, 0.024859491386256316, 0.8519347702918288], "k_pid_alt": [1.4458679973838424, 0.0, 0.3146878632891922], "k_pid_att": [43.948176657889235, 0.18205753750414305, 0.34464953207076743], "k_pid_yaw": [0.5, 1e-06, 0.1], "k_pid_hsp": [0.09847755819799779, 0.011264223901387349, 0.0], "k_pid_vsp": [277.2708477836043, 93.09285943774285, 10.0]}, "datetime": {"datetime": "2025-08-13 15:57:35", "elapsed": 22183.638339281082, "delta": 19.774121046066284}, "costs": {"total_cost": 197.76257590564512, "time_cost": 71.554, "final_distance_cost": 1.8315131177101236, "oscillation_cost": 27.34229318367166, "completition_cost": 0.0, "overshoot_cost": 52.44800817947863, "power_cost": 23.181268591308594, "noise_cost": 21.405492833476092, "n_waypoints_completed": 9, "tot_waypoints": 9}}
