{"target": -195.19300309509626, "params": {"k_pid_pos": [0.49275800590297264, 0.18848155022322047, 0.17888737446852812], "k_pid_alt": [1.515427128667956, 0.0, 0.949345597264735], "k_pid_att": [39.447728079683905, 3.8677381495188174, 0.1845336041603497], "k_pid_yaw": [0.5, 1e-06, 0.1], "k_pid_hsp": [0.09847755819799779, 0.011264223901387349, 0.0], "k_pid_vsp": [194.7624155113164, 20.0, 10.0]}, "datetime": {"datetime": "2025-08-13 09:48:14", "elapsed": 22.251883268356323, "delta": 22.251883268356323}, "costs": {"total_cost": 195.19300309509626, "time_cost": 82.012, "final_distance_cost": 1.8243255472282573, "oscillation_cost": 21.940847218575783, "completition_cost": 0.0, "overshoot_cost": 52.1376779260761, "power_cost": 16.677464038085937, "noise_cost": 20.60068836513019, "n_waypoints_completed": 9, "tot_waypoints": 9}}
{"target": -1979.0956467136784, "params": {"k_pid_pos": [0.45455471969737526, 0.5545847870158348, 0.06381725610417532], "k_pid_alt": [1.6552623439851641, 0.6316643991220648, 0.7580877400853738], "k_pid_att": [35.45259681298683, 9.706983174146593, 0.8931211213221977], "k_pid_yaw": [0.5, 1e-06, 0.1], "k_pid_hsp": [7.7838571323879115, 0.19463870785196757, 0.4667210037270342], "k_pid_vsp": [17.52150631489151, 61.715797672729636, 273.2195816139329]}, "datetime": {"datetime": "2025-08-13 09:48:43", "elapsed": 52.007389307022095, "delta": 29.75550603866577}, "costs": {"total_cost": 1979.0956467136784, "time_cost": 150, "final_distance_cost": 163.28687297323742, "oscillation_cost": 555.2028782073482, "completition_cost": 888.8888888888888, "overshoot_cost": 130.36826726692718, "power_cost": 34.464545349121096, "noise_cost": 56.884194028155655, "n_waypoints_completed": 1, "tot_waypoints": 9}}
{"target": -1999.683845269216, "params": {"k_pid_pos": [1.4895498356000434, 0.96750973243421, 0.32582535813815194], "k_pid_alt": [0.7409194120697378, 0.4695558112758079, 0.1894713590842857], "k_pid_att": [12.992150533547164, 4.757101691766715, 0.2269093490508841], "k_pid_yaw": [0.5, 1e-06, 0.1], "k_pid_hsp": [6.698172965425635, 0.43715191887233074, 0.8326781960578374], "k_pid_vsp": [280.1060408008996, 124.94665724044978, 332.9039207258206]}, "datetime": {"datetime": "2025-08-13 09:49:13", "elapsed": 81.22899556159973, "delta": 29.221606254577637}, "costs": {"total_cost": 1999.683845269216, "time_cost": 150, "final_distance_cost": 23.85034775157539, "oscillation_cost": 598.1333104369054, "completition_cost": 1000.0, "overshoot_cost": 129.00687755686766, "power_cost": 39.61152288818359, "noise_cost": 59.081786635683756, "n_waypoints_completed": 0, "tot_waypoints": 9}}
{"target": -2504.4289308891566, "params": {"k_pid_pos": [1.6095482385578541, 0.38747837903017446, 0.2883281039302441], "k_pid_alt": [1.364991007949951, 0.1397524836093098, 0.19990820247510832], "k_pid_att": [0.7362269751005512, 7.869265082583634, 0.6648508565920321], "k_pid_yaw": [0.5, 1e-06, 0.1], "k_pid_hsp": [7.051683269725489, 0.7807290310219679, 0.45891577553833995], "k_pid_vsp": [227.4964783811575, 55.91880011126598, 45.8120302998593]}, "datetime": {"datetime": "2025-08-13 09:49:44", "elapsed": 112.57611298561096, "delta": 31.34711742401123}, "costs": {"total_cost": 2504.4289308891566, "time_cost": 150, "final_distance_cost": 100.65643656791435, "oscillation_cost": 829.0115505833677, "completition_cost": 1000.0, "overshoot_cost": 211.03779216779927, "power_cost": 58.43816129150391, "noise_cost": 155.2849902785717, "n_waypoints_completed": 0, "tot_waypoints": 9}}
{"target": -583.7261156461526, "params": {"k_pid_pos": [1.3368390832847643, 0.4710962061431325, 0.5652361064811888], "k_pid_alt": [1.5299977148320512, 0.6347183200005908, 0.5535794006579958], "k_pid_att": [55.92071607454135, 3.0395705856163158, 0.030817834567939406], "k_pid_yaw": [0.5, 1e-06, 0.1], "k_pid_hsp": [4.3672302205847, 0.2145846728195292, 0.40852864372463615], "k_pid_vsp": [341.36122930726646, 93.57579511219681, 23.321097617323666]}, "datetime": {"datetime": "2025-08-13 09:50:15", "elapsed": 143.95201778411865, "delta": 31.37590479850769}, "costs": {"total_cost": 583.7261156461526, "time_cost": 88.137, "final_distance_cost": 1.7685987544742914, "oscillation_cost": 394.61164043434445, "completition_cost": 0.0, "overshoot_cost": 53.08823199679968, "power_cost": 24.328194458007815, "noise_cost": 21.792450002526362, "n_waypoints_completed": 9, "tot_waypoints": 9}}
{"target": -1781.119750285675, "params": {"k_pid_pos": [0.5628396456547908, 0.2935937577666836, 0.6619165147268951], "k_pid_alt": [1.1140643046825567, 0.7838982091064135, 0.6643135403273875], "k_pid_att": [40.63868614400705, 8.14022244462188, 0.1669729199077039], "k_pid_yaw": [0.5, 1e-06, 0.1], "k_pid_hsp": [0.22721846013129138, 0.09004786077564175, 0.7223593505964503], "k_pid_vsp": [184.75089210055495, 64.50871245216894, 200.41791054030062]}, "datetime": {"datetime": "2025-08-13 09:50:48", "elapsed": 176.70821332931519, "delta": 32.75619554519653}, "costs": {"total_cost": 1781.119750285675, "time_cost": 150, "final_distance_cost": 75.11840361539043, "oscillation_cost": 755.1177578219557, "completition_cost": 666.6666666666667, "overshoot_cost": 77.36156655937576, "power_cost": 29.850494274902346, "noise_cost": 27.004861347384338, "n_waypoints_completed": 3, "tot_waypoints": 9}}
{"target": -1259.7798624187703, "params": {"k_pid_pos": [0.3047089742160655, 0.696320375077736, 0.4461562755740307], "k_pid_alt": [0.762042452192965, 0.3015120891478765, 0.6302825931188885], "k_pid_att": [36.18126105533904, 0.8765904281690784, 0.11800590212051532], "k_pid_yaw": [0.5, 1e-06, 0.1], "k_pid_hsp": [9.61898045572869, 0.908580690707607, 0.6997071338107496], "k_pid_vsp": [106.34798458380783, 387.67055096991317, 311.50036180756695]}, "datetime": {"datetime": "2025-08-13 09:51:20", "elapsed": 208.11581015586853, "delta": 31.407596826553345}, "costs": {"total_cost": 1259.7798624187703, "time_cost": 150, "final_distance_cost": 54.53802827118697, "oscillation_cost": 485.99852872085745, "completition_cost": 444.4444444444444, "overshoot_cost": 65.55025093911335, "power_cost": 30.186523779296877, "noise_cost": 29.062086263871183, "n_waypoints_completed": 5, "tot_waypoints": 9}}
{"target": -909.3033388365917, "params": {"k_pid_pos": [1.4338086892990753, 0.44936150214378867, 0.272241561845159], "k_pid_alt": [0.1927819243069986, 0.9026023965438417, 0.45577628983361107], "k_pid_att": [20.236336479523032, 3.0596356458441103, 0.579219568941896], "k_pid_yaw": [0.5, 1e-06, 0.1], "k_pid_hsp": [1.7678101521140233, 0.8566142840923755, 0.7585195298352101], "k_pid_vsp": [287.7851823803747, 172.83721647794843, 250.92353665366844]}, "datetime": {"datetime": "2025-08-13 09:51:49", "elapsed": 237.85878086090088, "delta": 29.74297070503235}, "costs": {"total_cost": 909.3033388365917, "time_cost": 150, "final_distance_cost": 51.22754971649184, "oscillation_cost": 230.38133814963612, "completition_cost": 333.33333333333337, "overshoot_cost": 68.4444599076078, "power_cost": 41.8445572265625, "noise_cost": 34.072100502960076, "n_waypoints_completed": 6, "tot_waypoints": 9}}
{"target": -541.552183925906, "params": {"k_pid_pos": [1.16823752802858, 0.64984660155482, 0.08444432113988909], "k_pid_alt": [0.8316148043412193, 0.04161417386189248, 0.49399081924451893], "k_pid_att": [32.98612123327853, 1.4453274362415824, 0.10340296772255164], "k_pid_yaw": [0.5, 1e-06, 0.1], "k_pid_hsp": [5.876486957319902, 0.1705929685368861, 0.9251201183767972], "k_pid_vsp": [232.42445588015798, 138.74792246706502, 236.36619700165122]}, "datetime": {"datetime": "2025-08-13 09:52:20", "elapsed": 268.2408072948456, "delta": 30.382026433944702}, "costs": {"total_cost": 541.552183925906, "time_cost": 117.537, "final_distance_cost": 1.8197028164329727, "oscillation_cost": 284.21448532438865, "completition_cost": 0.0, "overshoot_cost": 70.59404889827154, "power_cost": 37.01058221435547, "noise_cost": 30.37636467245743, "n_waypoints_completed": 9, "tot_waypoints": 9}}
{"target": -1373.3973030204193, "params": {"k_pid_pos": [0.04570546167229203, 0.9585592132414453, 0.48230343694290023], "k_pid_alt": [1.5654704545005724, 0.08272999992243857, 0.48665833083816035], "k_pid_att": [49.07069943545209, 9.37827076710433, 0.5717280523760754], "k_pid_yaw": [0.5, 1e-06, 0.1], "k_pid_hsp": [4.734946661629432, 0.2669756630918936, 0.3315689973425522], "k_pid_vsp": [208.2689609886151, 175.5645846831072, 8.64483293052009]}, "datetime": {"datetime": "2025-08-13 09:52:56", "elapsed": 304.2493598461151, "delta": 36.00855255126953}, "costs": {"total_cost": 1373.3973030204193, "time_cost": 150, "final_distance_cost": 49.37433280250281, "oscillation_cost": 392.53264785459425, "completition_cost": 666.6666666666667, "overshoot_cost": 56.54907652605033, "power_cost": 27.49325985107422, "noise_cost": 30.78131931953075, "n_waypoints_completed": 3, "tot_waypoints": 9}}
{"target": -1565.4798681163743, "params": {"k_pid_pos": [1.6526012191962962, 0.8961607718397667, 0.14024908899861077], "k_pid_alt": [1.1080722870780988, 0.10857574113544355, 0.6722400930398117], "k_pid_att": [28.123378383900832, 6.594260404655548, 0.7269946142868826], "k_pid_yaw": [0.5, 1e-06, 0.1], "k_pid_hsp": [7.686498054427378, 0.10774094595589656, 0.9160118451376079], "k_pid_vsp": [92.08559635795233, 14.965023433059354, 221.94098820174088]}, "datetime": {"datetime": "2025-08-13 09:53:28", "elapsed": 336.80860924720764, "delta": 32.55924940109253}, "costs": {"total_cost": 1565.4798681163743, "time_cost": 150, "final_distance_cost": 11.995652385891482, "oscillation_cost": 82.40322059782525, "completition_cost": 1000.0, "overshoot_cost": 165.36291166434748, "power_cost": 33.160844348144536, "noise_cost": 122.55723912016549, "n_waypoints_completed": 0, "tot_waypoints": 9}}
{"target": -1614.85277730011, "params": {"k_pid_pos": [0.7419074754964913, 0.8297897431324132, 0.8082514720643018], "k_pid_alt": [0.6342777856454307, 0.952899395069745, 0.2909178381401186], "k_pid_att": [51.50571292317145, 2.559725309166971, 0.9360435700489633], "k_pid_yaw": [0.5, 1e-06, 0.1], "k_pid_hsp": [1.6461617150384233, 0.04491061939232899, 0.43509706000303794], "k_pid_vsp": [396.9502256223348, 356.6709066102883, 299.4432080341717]}, "datetime": {"datetime": "2025-08-13 09:54:07", "elapsed": 375.8211693763733, "delta": 39.01256012916565}, "costs": {"total_cost": 1614.85277730011, "time_cost": 150, "final_distance_cost": 32.706056338557595, "oscillation_cost": 335.89895270678807, "completition_cost": 1000.0, "overshoot_cost": 41.34694230169998, "power_cost": 28.719122766113284, "noise_cost": 26.18170318695101, "n_waypoints_completed": 0, "tot_waypoints": 9}}
{"target": -823.1199831008465, "params": {"k_pid_pos": [1.781595902507962, 0.8934466396978632, 0.5188583603864491], "k_pid_alt": [0.631858103661586, 0.772012432110988, 0.6616612631677611], "k_pid_att": [37.36577288737101, 0.9447572339483465, 0.746789611349026], "k_pid_yaw": [0.5, 1e-06, 0.1], "k_pid_hsp": [2.6246789131770547, 0.9368131505337792, 0.24097057500568475], "k_pid_vsp": [49.10317296459441, 332.4450690188498, 61.3137274965133]}, "datetime": {"datetime": "2025-08-13 09:54:39", "elapsed": 407.62804198265076, "delta": 31.806872606277466}, "costs": {"total_cost": 823.1199831008465, "time_cost": 150, "final_distance_cost": 63.82472198144996, "oscillation_cost": 244.03235355213462, "completition_cost": 222.2222222222222, "overshoot_cost": 65.48359785858413, "power_cost": 42.507800488281255, "noise_cost": 35.04928699817422, "n_waypoints_completed": 7, "tot_waypoints": 9}}
{"target": -1593.3827574553463, "params": {"k_pid_pos": [0.3586186894846624, 0.5993827915208435, 0.8745620408374645], "k_pid_alt": [0.3928693314291465, 0.31032367290009477, 0.7774048382411776], "k_pid_att": [97.18264260609673, 5.007461787904803, 0.14389750255125078], "k_pid_yaw": [0.5, 1e-06, 0.1], "k_pid_hsp": [0.1394614834532446, 0.22965602999885526, 0.13182221778652103], "k_pid_vsp": [271.06346944514297, 48.733002729579944, 202.53197314192326]}, "datetime": {"datetime": "2025-08-13 09:55:10", "elapsed": 438.9718315601349, "delta": 31.34378957748413}, "costs": {"total_cost": 1593.3827574553463, "time_cost": 150, "final_distance_cost": 96.81295192072916, "oscillation_cost": 439.5982675835983, "completition_cost": 777.7777777777778, "overshoot_cost": 60.146045522048524, "power_cost": 39.37974296875, "noise_cost": 29.667971682442523, "n_waypoints_completed": 2, "tot_waypoints": 9}}
{"target": -357.0988308806328, "params": {"k_pid_pos": [1.3885554450422086, 0.5811166092209024, 0.19977565166005762], "k_pid_alt": [1.6082490523645254, 0.7154071296158017, 0.7389840039155418], "k_pid_att": [13.105775155731326, 1.2376256611230811, 0.9275625510065076], "k_pid_yaw": [0.5, 1e-06, 0.1], "k_pid_hsp": [3.9758421804300244, 0.30094869178093975, 0.4885840453515333], "k_pid_vsp": [265.14568510543296, 382.2493028631647, 114.57849146637578]}, "datetime": {"datetime": "2025-08-13 09:55:34", "elapsed": 462.22808289527893, "delta": 23.256251335144043}, "costs": {"total_cost": 357.0988308806328, "time_cost": 92.239, "final_distance_cost": 1.779443861900086, "oscillation_cost": 158.61270551720062, "completition_cost": 0.0, "overshoot_cost": 55.97561598248408, "power_cost": 25.49092731933594, "noise_cost": 23.00113819971208, "n_waypoints_completed": 9, "tot_waypoints": 9}}
{"target": -505.11579529725043, "params": {"k_pid_pos": [1.849624377781123, 0.024859491386256316, 0.5551980423268247], "k_pid_alt": [1.2679502233621702, 0.1058974037507533, 0.14033959706391264], "k_pid_att": [41.91143193163038, 9.662322498240602, 0.5960425532343728], "k_pid_yaw": [0.5, 1e-06, 0.1], "k_pid_hsp": [9.330238913679953, 0.8043609156129707, 0.4673816015552915], "k_pid_vsp": [313.90537970087496, 7.134714572958311, 43.657599597149975]}, "datetime": {"datetime": "2025-08-13 09:55:58", "elapsed": 486.3482542037964, "delta": 24.120171308517456}, "costs": {"total_cost": 505.11579529725043, "time_cost": 88.58500000000001, "final_distance_cost": 1.8050763274562354, "oscillation_cost": 311.5563791962806, "completition_cost": 0.0, "overshoot_cost": 53.1069331439944, "power_cost": 27.226313537597658, "noise_cost": 22.836093091921505, "n_waypoints_completed": 9, "tot_waypoints": 9}}
{"target": -700.6269859930856, "params": {"k_pid_pos": [1.6588742869039843, 0.7968170883251617, 0.2326407419664337], "k_pid_alt": [1.061539181198107, 0.6060158207000109, 0.8677389537760112], "k_pid_att": [60.31071573387257, 4.125774435579876, 0.3741840434071827], "k_pid_yaw": [0.5, 1e-06, 0.1], "k_pid_hsp": [4.258878275526461, 0.6519310255799742, 0.8674906317523249], "k_pid_vsp": [181.5587528305199, 99.13582593270368, 94.6649459623701]}, "datetime": {"datetime": "2025-08-13 09:56:26", "elapsed": 514.6672382354736, "delta": 28.318984031677246}, "costs": {"total_cost": 700.6269859930856, "time_cost": 150, "final_distance_cost": 70.65171747318026, "oscillation_cost": 224.36919909899706, "completition_cost": 111.11111111111116, "overshoot_cost": 74.11232382031461, "power_cost": 38.568621398925785, "noise_cost": 31.81401309055668, "n_waypoints_completed": 8, "tot_waypoints": 9}}
{"target": -1083.4515515637631, "params": {"k_pid_pos": [1.4920539590588684, 0.8165687634239104, 0.10527807985412496], "k_pid_alt": [0.13311771391035632, 0.5944336637564518, 0.14617324419269828], "k_pid_att": [82.46641904563413, 3.1034157057733522, 0.14387193297114265], "k_pid_yaw": [0.5, 1e-06, 0.1], "k_pid_hsp": [9.209712627827253, 0.16553172273527816, 0.28472008233793555], "k_pid_vsp": [61.44535807682345, 46.19602635065192, 8.459207513427996]}, "datetime": {"datetime": "2025-08-13 09:56:55", "elapsed": 543.3745849132538, "delta": 28.70734667778015}, "costs": {"total_cost": 1083.4515515637631, "time_cost": 150, "final_distance_cost": 62.418953580434966, "oscillation_cost": 386.7723136000092, "completition_cost": 333.33333333333337, "overshoot_cost": 77.27034132809291, "power_cost": 35.59184094238282, "noise_cost": 38.06476877950983, "n_waypoints_completed": 6, "tot_waypoints": 9}}
{"target": -1742.3100766005632, "params": {"k_pid_pos": [0.1108852787876038, 0.1746414709358527, 0.05338193262717539], "k_pid_alt": [1.1822876322219424, 0.6807145267995064, 0.39363045683202824], "k_pid_att": [31.79910969520494, 5.045311917598599, 0.8750049422346086], "k_pid_yaw": [0.5, 1e-06, 0.1], "k_pid_hsp": [8.511331155059377, 0.04347506201279194, 0.18149840959652408], "k_pid_vsp": [94.6979484417584, 99.75503108349716, 228.49306112587644]}, "datetime": {"datetime": "2025-08-13 09:57:23", "elapsed": 572.0053961277008, "delta": 28.63081121444702}, "costs": {"total_cost": 1742.3100766005632, "time_cost": 150, "final_distance_cost": 113.10366065836186, "oscillation_cost": 498.13016686229344, "completition_cost": 777.7777777777778, "overshoot_cost": 120.85801383731864, "power_cost": 32.48757281494141, "noise_cost": 49.95288464987022, "n_waypoints_completed": 2, "tot_waypoints": 9}}
{"target": -953.9873990706241, "params": {"k_pid_pos": [0.8325832251638142, 0.04925411992759399, 0.3736141384595716], "k_pid_alt": [1.0475058974352744, 0.10167190290371597, 0.8334585537885597], "k_pid_att": [5.196186646510426, 9.248426205993718, 0.0991131415798755], "k_pid_yaw": [0.5, 1e-06, 0.1], "k_pid_hsp": [8.435765158482369, 0.9026531439276171, 0.9795706805865927], "k_pid_vsp": [320.8103521094374, 311.79101652905405, 256.99331075573576]}, "datetime": {"datetime": "2025-08-13 09:57:52", "elapsed": 600.358687877655, "delta": 28.353291749954224}, "costs": {"total_cost": 953.9873990706241, "time_cost": 150, "final_distance_cost": 66.4236411411818, "oscillation_cost": 395.29544925144694, "completition_cost": 222.2222222222222, "overshoot_cost": 62.653921572505, "power_cost": 30.37801597900391, "noise_cost": 27.01414890426444, "n_waypoints_completed": 7, "tot_waypoints": 9}}
{"target": -1001.464998566645, "params": {"k_pid_pos": [1.5580148095208002, 0.13455220841314708, 0.5360680359476373], "k_pid_alt": [1.028445740380829, 0.8575721441225576, 0.46279936559351587], "k_pid_att": [38.508949610035344, 6.395668756043977, 0.26646331750084606], "k_pid_yaw": [0.5, 1e-06, 0.1], "k_pid_hsp": [1.3977701326984733, 0.4778772740237458, 0.416889368594885], "k_pid_vsp": [93.02797621154949, 147.0047246785394, 146.5569805641065]}, "datetime": {"datetime": "2025-08-13 09:58:20", "elapsed": 628.7103607654572, "delta": 28.351672887802124}, "costs": {"total_cost": 1001.464998566645, "time_cost": 150, "final_distance_cost": 63.903451173453945, "oscillation_cost": 325.16215644240657, "completition_cost": 333.33333333333337, "overshoot_cost": 70.46086842726693, "power_cost": 30.877491552734377, "noise_cost": 27.727697637449886, "n_waypoints_completed": 6, "tot_waypoints": 9}}
{"target": -1069.5190342995302, "params": {"k_pid_pos": [0.6550583792686496, 0.37946407972692897, 0.6857433454559454], "k_pid_alt": [0.5937529491425706, 0.9488579267153404, 0.9163480195381779], "k_pid_att": [48.09104283000786, 3.283679213926388, 0.5354347898300031], "k_pid_yaw": [0.5, 1e-06, 0.1], "k_pid_hsp": [8.485620031687368, 0.652587340560102, 0.8043918279470774], "k_pid_vsp": [213.08891042629608, 253.16705207413065, 115.26224638482907]}, "datetime": {"datetime": "2025-08-13 09:58:49", "elapsed": 657.1776533126831, "delta": 28.467292547225952}, "costs": {"total_cost": 1069.5190342995302, "time_cost": 150, "final_distance_cost": 62.32409697235986, "oscillation_cost": 509.7560150348981, "completition_cost": 222.2222222222222, "overshoot_cost": 57.67079603700583, "power_cost": 36.8862630859375, "noise_cost": 30.659640947106823, "n_waypoints_completed": 7, "tot_waypoints": 9}}
{"target": -1177.717757621318, "params": {"k_pid_pos": [1.4698128353043505, 0.20240459312571835, 0.6947981288184982], "k_pid_alt": [1.7214381366517881, 0.13210283730154393, 0.6143797405419198], "k_pid_att": [9.50957482299346, 7.257183711151441, 0.08449321882352023], "k_pid_yaw": [0.5, 1e-06, 0.1], "k_pid_hsp": [9.35940463302399, 0.13740793003780216, 0.9588802459090804], "k_pid_vsp": [320.3536704340387, 237.47280219285963, 313.04964206919465]}, "datetime": {"datetime": "2025-08-13 09:59:17", "elapsed": 685.4203140735626, "delta": 28.242660760879517}, "costs": {"total_cost": 1177.717757621318, "time_cost": 150, "final_distance_cost": 61.11827437490865, "oscillation_cost": 496.5568960844985, "completition_cost": 333.33333333333337, "overshoot_cost": 64.69811538706878, "power_cost": 39.96410390625, "noise_cost": 32.04703453525846, "n_waypoints_completed": 6, "tot_waypoints": 9}}
{"target": -808.2696289979324, "params": {"k_pid_pos": [1.5902501664822735, 0.9460270628173303, 0.2533833538391872], "k_pid_alt": [1.1801517907166184, 0.09504919756440122, 0.6161657000241213], "k_pid_att": [17.12913040927888, 5.649549619663271, 0.5724305140338497], "k_pid_yaw": [0.5, 1e-06, 0.1], "k_pid_hsp": [4.659904931296975, 0.5226317755131228, 0.7639233900065879], "k_pid_vsp": [319.69788660482664, 196.86128673801844, 239.83737700945147]}, "datetime": {"datetime": "2025-08-13 09:59:45", "elapsed": 713.5630135536194, "delta": 28.142699480056763}, "costs": {"total_cost": 808.2696289979324, "time_cost": 150, "final_distance_cost": 64.5234278275812, "oscillation_cost": 238.5574015715958, "completition_cost": 222.2222222222222, "overshoot_cost": 57.37360825708307, "power_cost": 42.967813305664066, "noise_cost": 32.625155813785966, "n_waypoints_completed": 7, "tot_waypoints": 9}}
