{"target": -181.12387504307318, "params": {"k_pid_pos": [1.733835489643198, 0.024859491386256316, 0.9451257094832697], "k_pid_alt": [1.5786606064986153, 0.0, 0.23086984934879706], "k_pid_att": [29.46763110571006, 5.6580295118978245, 0.261380462049589], "k_pid_yaw": [0.5, 1e-06, 0.1], "k_pid_hsp": [0.17225665165883555, 0.011264223901387349, 0.0], "k_pid_vsp": [247.62506162993122, 261.48215325333564, 10.0]}, "datetime": {"datetime": "2025-08-13 21:49:03", "elapsed": 43271.273515462875, "delta": 17.436405897140503}, "costs": {"total_cost": 181.12387504307318, "time_cost": 69.21600000000001, "final_distance_cost": 1.8439428595343, "oscillation_cost": 29.26533133043156, "completition_cost": 0.0, "overshoot_cost": 50.02278408688308, "power_cost": 11.9744310546875, "noise_cost": 18.80138571153673, "n_waypoints_completed": 9, "tot_waypoints": 9}}
{"target": -187.51428772530667, "params": {"k_pid_pos": [1.8792899704868669, 0.19767101818116828, 0.9451257094832697], "k_pid_alt": [1.4458679973838424, 0.028806210149256217, 0.876085735038417], "k_pid_att": [11.329609997636037, 3.4126860594551975, 0.9623745068707039], "k_pid_yaw": [0.5, 1e-06, 0.1], "k_pid_hsp": [0.09847755819799779, 0.011264223901387349, 0.0], "k_pid_vsp": [121.11927891757475, 57.93155354082285, 16.252805564631274]}, "datetime": {"datetime": "2025-08-13 21:49:19", "elapsed": 43287.812403440475, "delta": 16.538887977600098}, "costs": {"total_cost": 187.51428772530667, "time_cost": 70.644, "final_distance_cost": 1.7975072722300027, "oscillation_cost": 29.248693654938055, "completition_cost": 0.0, "overshoot_cost": 51.47856367760483, "power_cost": 17.248013220214844, "noise_cost": 17.09750990031895, "n_waypoints_completed": 9, "tot_waypoints": 9}}
{"target": -343.0129977298974, "params": {"k_pid_pos": [1.733835489643198, 0.024859491386256316, 0.3303643224147128], "k_pid_alt": [1.4458679973838424, 0.00018965351824429266, 0.23086984934879706], "k_pid_att": [11.246502653247227, 5.6580295118978245, 0.3529475069797985], "k_pid_yaw": [0.5, 1e-06, 0.1], "k_pid_hsp": [8.64516018738754, 0.011264223901387349, 0.959672251936908], "k_pid_vsp": [251.5004449007475, 170.90862241197195, 10.0]}, "datetime": {"datetime": "2025-08-13 21:49:37", "elapsed": 43305.67528510094, "delta": 17.862881660461426}, "costs": {"total_cost": 343.0129977298974, "time_cost": 69.71300000000001, "final_distance_cost": 1.8032767374082401, "oscillation_cost": 180.0536596066668, "completition_cost": 0.0, "overshoot_cost": 51.36765944376806, "power_cost": 20.047531713867187, "noise_cost": 20.02787022818712, "n_waypoints_completed": 9, "tot_waypoints": 9}}
{"target": -188.45428690528863, "params": {"k_pid_pos": [1.733835489643198, 0.024859491386256316, 0.9451257094832697], "k_pid_alt": [1.4458679973838424, 0.00018965351824429266, 0.6600607021214705], "k_pid_att": [68.93098199109546, 2.352529590908416, 0.16608962520040438], "k_pid_yaw": [0.5, 1e-06, 0.1], "k_pid_hsp": [0.09847755819799779, 0.011264223901387349, 0.0], "k_pid_vsp": [333.9671041363143, 289.9420907665546, 16.252805564631274]}, "datetime": {"datetime": "2025-08-13 21:49:55", "elapsed": 43323.74424099922, "delta": 18.068955898284912}, "costs": {"total_cost": 188.45428690528863, "time_cost": 70.903, "final_distance_cost": 1.8411243733148832, "oscillation_cost": 30.528112798771822, "completition_cost": 0.0, "overshoot_cost": 50.9380369238607, "power_cost": 17.22949307861328, "noise_cost": 17.014519730727955, "n_waypoints_completed": 9, "tot_waypoints": 9}}
{"target": -201.21895817558672, "params": {"k_pid_pos": [1.733835489643198, 0.024859491386256316, 0.9451257094832697], "k_pid_alt": [1.5786606064986153, 0.2019335548662432, 0.23086984934879706], "k_pid_att": [29.46763110571006, 5.6580295118978245, 0.20497828334174084], "k_pid_yaw": [0.5, 1e-06, 0.1], "k_pid_hsp": [0.17225665165883555, 0.011264223901387349, 0.0], "k_pid_vsp": [121.11927891757475, 232.04965347563177, 16.252805564631274]}, "datetime": {"datetime": "2025-08-13 21:50:15", "elapsed": 43343.657341480255, "delta": 19.913100481033325}, "costs": {"total_cost": 201.21895817558672, "time_cost": 81.025, "final_distance_cost": 1.8026638246871465, "oscillation_cost": 31.081042218811916, "completition_cost": 0.0, "overshoot_cost": 50.792957652766965, "power_cost": 18.78623055419922, "noise_cost": 17.73106392512148, "n_waypoints_completed": 9, "tot_waypoints": 9}}
{"target": -204.52779501037662, "params": {"k_pid_pos": [1.733835489643198, 0.05987593904989075, 0.9451257094832697], "k_pid_alt": [1.5786606064986153, 0.0, 0.23086984934879706], "k_pid_att": [11.329609997636037, 3.4126860594551975, 0.8612643910736462], "k_pid_yaw": [0.5, 1e-06, 0.1], "k_pid_hsp": [0.09847755819799779, 0.08333843891839088, 0.0], "k_pid_vsp": [251.5004449007475, 57.93155354082285, 16.252805564631274]}, "datetime": {"datetime": "2025-08-13 21:50:33", "elapsed": 43361.520038604736, "delta": 17.8626971244812}, "costs": {"total_cost": 204.52779501037662, "time_cost": 71.498, "final_distance_cost": 1.8613092300327585, "oscillation_cost": 41.947684760689654, "completition_cost": 0.0, "overshoot_cost": 50.78148105815581, "power_cost": 19.070244873046875, "noise_cost": 19.36907508845151, "n_waypoints_completed": 9, "tot_waypoints": 9}}
{"target": -1590.81843651451, "params": {"k_pid_pos": [1.733835489643198, 0.5399861953611764, 0.9451257094832697], "k_pid_alt": [1.4458679973838424, 0.00018965351824429266, 0.6600607021214705], "k_pid_att": [68.93098199109546, 2.352529590908416, 0.16608962520040438], "k_pid_yaw": [0.5, 1e-06, 0.1], "k_pid_hsp": [0.09847755819799779, 0.8627093488844175, 0.02877061880178511], "k_pid_vsp": [251.5004449007475, 35.373638634020004, 352.1114971280501]}, "datetime": {"datetime": "2025-08-13 21:51:02", "elapsed": 43390.9869351387, "delta": 29.466896533966064}, "costs": {"total_cost": 1590.81843651451, "time_cost": 150, "final_distance_cost": 4.5253318283067605, "oscillation_cost": 128.71376817909137, "completition_cost": 1000.0, "overshoot_cost": 161.06316625652, "power_cost": 36.635504516601564, "noise_cost": 109.88066573399047, "n_waypoints_completed": 0, "tot_waypoints": 9}}
{"target": -225.5406431845367, "params": {"k_pid_pos": [0.745422360986763, 0.024859491386256316, 0.9451257094832697], "k_pid_alt": [1.4458679973838424, 0.00018965351824429266, 0.6600607021214705], "k_pid_att": [68.93098199109546, 2.352529590908416, 0.16608962520040438], "k_pid_yaw": [0.5, 1e-06, 0.1], "k_pid_hsp": [0.09847755819799779, 0.10522572507436234, 0.0], "k_pid_vsp": [251.5004449007475, 285.19281182393763, 10.0]}, "datetime": {"datetime": "2025-08-13 21:51:23", "elapsed": 43411.728086948395, "delta": 20.741151809692383}, "costs": {"total_cost": 225.5406431845367, "time_cost": 87.255, "final_distance_cost": 1.8579185957354298, "oscillation_cost": 36.81346571163397, "completition_cost": 0.0, "overshoot_cost": 52.0609834437398, "power_cost": 22.890518212890626, "noise_cost": 24.6627572205369, "n_waypoints_completed": 9, "tot_waypoints": 9}}
{"target": -189.22511763962092, "params": {"k_pid_pos": [1.733835489643198, 0.024859491386256316, 0.9451257094832697], "k_pid_alt": [1.4458679973838424, 0.028806210149256217, 0.876085735038417], "k_pid_att": [11.329609997636037, 3.4126860594551975, 0.9623745068707039], "k_pid_yaw": [0.5, 1e-06, 0.1], "k_pid_hsp": [0.09847755819799779, 0.011264223901387349, 0.0], "k_pid_vsp": [251.5004449007475, 261.48215325333564, 10.0]}, "datetime": {"datetime": "2025-08-13 21:51:41", "elapsed": 43429.61514735222, "delta": 17.887060403823853}, "costs": {"total_cost": 189.22511763962092, "time_cost": 70.378, "final_distance_cost": 1.8291587613520124, "oscillation_cost": 29.459695421256672, "completition_cost": 0.0, "overshoot_cost": 50.73669068791611, "power_cost": 18.517911242675783, "noise_cost": 18.303661526420345, "n_waypoints_completed": 9, "tot_waypoints": 9}}
{"target": -191.90441165019791, "params": {"k_pid_pos": [1.8792899704868669, 0.08329610310830193, 0.9451257094832697], "k_pid_alt": [1.4458679973838424, 0.00018965351824429266, 0.38749705458809736], "k_pid_att": [68.93098199109546, 1.804321969363886, 0.8156350283449295], "k_pid_yaw": [0.5, 1e-06, 0.1], "k_pid_hsp": [2.453215942661283, 0.011264223901387349, 0.0], "k_pid_vsp": [333.9671041363143, 130.53254854158118, 10.0]}, "datetime": {"datetime": "2025-08-13 21:51:58", "elapsed": 43446.62768673897, "delta": 17.012539386749268}, "costs": {"total_cost": 191.90441165019791, "time_cost": 69.916, "final_distance_cost": 1.8394587461849368, "oscillation_cost": 39.77988985486696, "completition_cost": 0.0, "overshoot_cost": 50.384231145463474, "power_cost": 11.77613192138672, "noise_cost": 18.208699982295858, "n_waypoints_completed": 9, "tot_waypoints": 9}}
{"target": -1090.7956702447148, "params": {"k_pid_pos": [0.8368815531404513, 0.024859491386256316, 0.9451257094832697], "k_pid_alt": [1.1928857943257507, 0.00018965351824429266, 0.23086984934879706], "k_pid_att": [25.01105356203528, 2.2679823893077855, 0.6559199499296157], "k_pid_yaw": [0.5, 1e-06, 0.1], "k_pid_hsp": [0.09847755819799779, 0.6008678616936128, 0.6228174586925861], "k_pid_vsp": [333.9671041363143, 289.9420907665546, 16.252805564631274]}, "datetime": {"datetime": "2025-08-13 21:52:28", "elapsed": 43476.59190440178, "delta": 29.96421766281128}, "costs": {"total_cost": 1090.7956702447148, "time_cost": 150, "final_distance_cost": 72.54647029494394, "oscillation_cost": 530.3892708045895, "completition_cost": 222.2222222222222, "overshoot_cost": 60.35990409909735, "power_cost": 28.2762400390625, "noise_cost": 27.001562784799365, "n_waypoints_completed": 7, "tot_waypoints": 9}}
{"target": -194.16632140856544, "params": {"k_pid_pos": [1.733835489643198, 0.024859491386256316, 0.9451257094832697], "k_pid_alt": [1.4458679973838424, 0.00018965351824429266, 0.23086984934879706], "k_pid_att": [11.246502653247227, 5.6580295118978245, 0.3529475069797985], "k_pid_yaw": [0.5, 1e-06, 0.1], "k_pid_hsp": [0.09847755819799779, 0.011264223901387349, 0.0], "k_pid_vsp": [251.5004449007475, 130.53254854158118, 10.0]}, "datetime": {"datetime": "2025-08-13 21:52:46", "elapsed": 43494.22504281998, "delta": 17.633138418197632}, "costs": {"total_cost": 194.16632140856544, "time_cost": 70.441, "final_distance_cost": 1.8263451511299693, "oscillation_cost": 28.610046230512925, "completition_cost": 0.0, "overshoot_cost": 51.31448639823748, "power_cost": 21.52057449951172, "noise_cost": 20.453869129173352, "n_waypoints_completed": 9, "tot_waypoints": 9}}
{"target": -237.10723153350958, "params": {"k_pid_pos": [1.733835489643198, 0.024859491386256316, 0.9451257094832697], "k_pid_alt": [0.6761219750250387, 0.0, 0.23086984934879706], "k_pid_att": [11.329609997636037, 3.4126860594551975, 0.9623745068707039], "k_pid_yaw": [0.5, 1e-06, 0.1], "k_pid_hsp": [0.09847755819799779, 0.011264223901387349, 0.021852886903339197], "k_pid_vsp": [251.5004449007475, 59.083466427248936, 10.0]}, "datetime": {"datetime": "2025-08-13 21:53:04", "elapsed": 43512.99227690697, "delta": 18.767234086990356}, "costs": {"total_cost": 237.10723153350958, "time_cost": 80.255, "final_distance_cost": 1.8327781993175554, "oscillation_cost": 59.272743048547035, "completition_cost": 0.0, "overshoot_cost": 52.47353790196887, "power_cost": 22.013368872070313, "noise_cost": 21.25980351160578, "n_waypoints_completed": 9, "tot_waypoints": 9}}
{"target": -184.64912416184868, "params": {"k_pid_pos": [1.733835489643198, 0.024859491386256316, 0.9451257094832697], "k_pid_alt": [1.5786606064986153, 0.0, 0.053878507660848673], "k_pid_att": [29.46763110571006, 5.6580295118978245, 0.20497828334174084], "k_pid_yaw": [0.5, 1e-06, 0.1], "k_pid_hsp": [0.17225665165883555, 0.011264223901387349, 0.0], "k_pid_vsp": [104.30040172718557, 57.93155354082285, 10.0]}, "datetime": {"datetime": "2025-08-13 21:53:23", "elapsed": 43531.4839425087, "delta": 18.491665601730347}, "costs": {"total_cost": 184.64912416184868, "time_cost": 69.902, "final_distance_cost": 1.8374451520868327, "oscillation_cost": 27.519112325296437, "completition_cost": 0.0, "overshoot_cost": 50.34209695831248, "power_cost": 15.92982763671875, "noise_cost": 19.11864208943418, "n_waypoints_completed": 9, "tot_waypoints": 9}}
{"target": -213.55451103274464, "params": {"k_pid_pos": [1.733835489643198, 0.16784794688345817, 0.7556978754244337], "k_pid_alt": [1.4458679973838424, 0.00018965351824429266, 0.23086984934879706], "k_pid_att": [11.329609997636037, 3.4126860594551975, 0.9623745068707039], "k_pid_yaw": [0.5, 1e-06, 0.1], "k_pid_hsp": [9.459965195844077, 0.011264223901387349, 0.0], "k_pid_vsp": [251.5004449007475, 57.93155354082285, 16.252805564631274]}, "datetime": {"datetime": "2025-08-13 21:53:43", "elapsed": 43551.38781094551, "delta": 19.903868436813354}, "costs": {"total_cost": 213.55451103274464, "time_cost": 70.70700000000001, "final_distance_cost": 1.8198745109334054, "oscillation_cost": 45.48118306474221, "completition_cost": 0.0, "overshoot_cost": 51.341584562415164, "power_cost": 22.69191784667969, "noise_cost": 21.51295104797414, "n_waypoints_completed": 9, "tot_waypoints": 9}}
{"target": -200.4838329382348, "params": {"k_pid_pos": [1.733835489643198, 0.024859491386256316, 0.9451257094832697], "k_pid_alt": [1.5786606064986153, 0.18035720786275955, 0.09225839282971338], "k_pid_att": [11.246502653247227, 1.1166001057131414, 0.49142852894840106], "k_pid_yaw": [0.5, 1e-06, 0.1], "k_pid_hsp": [0.09847755819799779, 0.011264223901387349, 0.0], "k_pid_vsp": [17.584127766920332, 130.53254854158118, 10.0]}, "datetime": {"datetime": "2025-08-13 21:54:02", "elapsed": 43570.67697954178, "delta": 19.2891685962677}, "costs": {"total_cost": 200.4838329382348, "time_cost": 82.901, "final_distance_cost": 1.7980682574987044, "oscillation_cost": 32.33683541904224, "completition_cost": 0.0, "overshoot_cost": 51.185382799298836, "power_cost": 11.369926159667969, "noise_cost": 20.892620302727103, "n_waypoints_completed": 9, "tot_waypoints": 9}}
{"target": -190.24433644921743, "params": {"k_pid_pos": [1.733835489643198, 0.024859491386256316, 0.9451257094832697], "k_pid_alt": [1.4458679973838424, 0.00018965351824429266, 0.23086984934879706], "k_pid_att": [11.246502653247227, 6.395338907395326, 0.9623745068707039], "k_pid_yaw": [0.5, 1e-06, 0.1], "k_pid_hsp": [0.09847755819799779, 0.011264223901387349, 0.0], "k_pid_vsp": [251.5004449007475, 59.083466427248936, 10.0]}, "datetime": {"datetime": "2025-08-13 21:54:20", "elapsed": 43588.30873274803, "delta": 17.63175320625305}, "costs": {"total_cost": 190.24433644921743, "time_cost": 70.217, "final_distance_cost": 1.841030888937057, "oscillation_cost": 29.14756244906391, "completition_cost": 0.0, "overshoot_cost": 51.219458154053555, "power_cost": 18.896668505859378, "noise_cost": 18.92261645130352, "n_waypoints_completed": 9, "tot_waypoints": 9}}
{"target": -188.6828342701667, "params": {"k_pid_pos": [1.733835489643198, 0.024859491386256316, 0.9451257094832697], "k_pid_alt": [1.5786606064986153, 0.0, 0.23086984934879706], "k_pid_att": [29.46763110571006, 5.6580295118978245, 0.261380462049589], "k_pid_yaw": [0.5, 1e-06, 0.1], "k_pid_hsp": [0.17225665165883555, 0.011264223901387349, 0.0], "k_pid_vsp": [247.62506162993122, 261.48215325333564, 10.0]}, "datetime": {"datetime": "2025-08-13 21:54:36", "elapsed": 43605.01610159874, "delta": 16.707368850708008}, "costs": {"total_cost": 188.6828342701667, "time_cost": 70.161, "final_distance_cost": 1.843803356333763, "oscillation_cost": 27.930989884225188, "completition_cost": 0.0, "overshoot_cost": 50.57604216294242, "power_cost": 19.28806629638672, "noise_cost": 18.882932570278605, "n_waypoints_completed": 9, "tot_waypoints": 9}}
{"target": -190.93943736062548, "params": {"k_pid_pos": [1.733835489643198, 0.024859491386256316, 0.9451257094832697], "k_pid_alt": [1.5786606064986153, 0.0, 0.053878507660848673], "k_pid_att": [29.46763110571006, 5.6580295118978245, 0.20497828334174084], "k_pid_yaw": [0.5, 1e-06, 0.1], "k_pid_hsp": [0.17225665165883555, 0.011264223901387349, 0.0], "k_pid_vsp": [104.30040172718557, 57.93155354082285, 10.0]}, "datetime": {"datetime": "2025-08-13 21:54:55", "elapsed": 43623.47584319115, "delta": 18.459741592407227}, "costs": {"total_cost": 190.93943736062548, "time_cost": 70.266, "final_distance_cost": 1.8363809952460228, "oscillation_cost": 27.74137269168136, "completition_cost": 0.0, "overshoot_cost": 51.14146688752026, "power_cost": 19.68884782714844, "noise_cost": 20.26536895902939, "n_waypoints_completed": 9, "tot_waypoints": 9}}
{"target": -187.12540732007994, "params": {"k_pid_pos": [1.733835489643198, 0.024859491386256316, 0.9451257094832697], "k_pid_alt": [1.5786606064986153, 0.0, 0.053878507660848673], "k_pid_att": [29.46763110571006, 5.6580295118978245, 0.20497828334174084], "k_pid_yaw": [0.5, 1e-06, 0.1], "k_pid_hsp": [0.17225665165883555, 0.011264223901387349, 0.0], "k_pid_vsp": [104.30040172718557, 57.93155354082285, 10.0]}, "datetime": {"datetime": "2025-08-13 21:55:12", "elapsed": 43640.43499016762, "delta": 16.959146976470947}, "costs": {"total_cost": 187.12540732007994, "time_cost": 69.979, "final_distance_cost": 1.8466623855503588, "oscillation_cost": 27.93560543399035, "completition_cost": 0.0, "overshoot_cost": 50.862861141983814, "power_cost": 17.22860233154297, "noise_cost": 19.272676027012462, "n_waypoints_completed": 9, "tot_waypoints": 9}}
{"target": -202.45651992285917, "params": {"k_pid_pos": [1.733835489643198, 0.3411092443975692, 0.9451257094832697], "k_pid_alt": [1.5786606064986153, 0.5060913439420335, 0.23086984934879706], "k_pid_att": [11.329609997636037, 2.883280065129859, 0.9623745068707039], "k_pid_yaw": [0.5, 1e-06, 0.1], "k_pid_hsp": [0.09847755819799779, 0.011264223901387349, 0.0], "k_pid_vsp": [305.67975269326223, 130.53254854158118, 10.0]}, "datetime": {"datetime": "2025-08-13 21:55:32", "elapsed": 43660.42288136482, "delta": 19.98789119720459}, "costs": {"total_cost": 202.45651992285917, "time_cost": 79.17, "final_distance_cost": 1.7927397627070478, "oscillation_cost": 31.117329733004695, "completition_cost": 0.0, "overshoot_cost": 52.13039981230532, "power_cost": 18.913066516113282, "noise_cost": 19.332984098728854, "n_waypoints_completed": 9, "tot_waypoints": 9}}
{"target": -546.9817645504398, "params": {"k_pid_pos": [0.2959412970898158, 0.024859491386256316, 0.9451257094832697], "k_pid_alt": [1.4458679973838424, 0.00018965351824429266, 0.23086984934879706], "k_pid_att": [11.246502653247227, 1.1166001057131414, 0.3529475069797985], "k_pid_yaw": [0.5, 1e-06, 0.1], "k_pid_hsp": [0.09847755819799779, 0.011264223901387349, 0.0], "k_pid_vsp": [251.5004449007475, 57.93155354082285, 10.0]}, "datetime": {"datetime": "2025-08-13 21:56:01", "elapsed": 43689.92770624161, "delta": 29.50482487678528}, "costs": {"total_cost": 546.9817645504398, "time_cost": 150, "final_distance_cost": 68.07305243477322, "oscillation_cost": 11.235553809659976, "completition_cost": 222.2222222222222, "overshoot_cost": 54.06261194786174, "power_cost": 13.57639921875, "noise_cost": 27.811924917172675, "n_waypoints_completed": 7, "tot_waypoints": 9}}
{"target": -185.39165190653185, "params": {"k_pid_pos": [1.733835489643198, 0.024859491386256316, 0.416330797462678], "k_pid_alt": [1.5786606064986153, 0.0, 0.053878507660848673], "k_pid_att": [29.46763110571006, 5.6580295118978245, 0.261380462049589], "k_pid_yaw": [0.5, 1e-06, 0.1], "k_pid_hsp": [0.17225665165883555, 0.011264223901387349, 0.0], "k_pid_vsp": [371.8706581382205, 261.48215325333564, 10.0]}, "datetime": {"datetime": "2025-08-13 21:56:17", "elapsed": 43706.02099752426, "delta": 16.09329128265381}, "costs": {"total_cost": 185.39165190653185, "time_cost": 68.537, "final_distance_cost": 1.805808278304225, "oscillation_cost": 31.101490971998317, "completition_cost": 0.0, "overshoot_cost": 50.03994437758929, "power_cost": 16.586099877929687, "noise_cost": 17.321308400710326, "n_waypoints_completed": 9, "tot_waypoints": 9}}
{"target": -185.32128213154766, "params": {"k_pid_pos": [1.733835489643198, 0.024859491386256316, 0.9451257094832697], "k_pid_alt": [1.5786606064986153, 0.0, 0.23086984934879706], "k_pid_att": [29.46763110571006, 5.6580295118978245, 0.20497828334174084], "k_pid_yaw": [0.5, 1e-06, 0.1], "k_pid_hsp": [0.17225665165883555, 0.011264223901387349, 0.0], "k_pid_vsp": [104.30040172718557, 57.93155354082285, 10.0]}, "datetime": {"datetime": "2025-08-13 21:56:35", "elapsed": 43723.455172777176, "delta": 17.43417525291443}, "costs": {"total_cost": 185.32128213154766, "time_cost": 69.587, "final_distance_cost": 1.8396575268978768, "oscillation_cost": 28.31003209678171, "completition_cost": 0.0, "overshoot_cost": 50.001178313548984, "power_cost": 17.43571237792969, "noise_cost": 18.147701816389404, "n_waypoints_completed": 9, "tot_waypoints": 9}}
{"target": -433.12683206513475, "params": {"k_pid_pos": [1.733835489643198, 0.024859491386256316, 0.6827225777580423], "k_pid_alt": [1.4458679973838424, 0.00018965351824429266, 0.23086984934879706], "k_pid_att": [11.246502653247227, 1.1166001057131414, 0.3529475069797985], "k_pid_yaw": [0.5, 1e-06, 0.1], "k_pid_hsp": [0.09847755819799779, 0.011264223901387349, 0.13620685733804982], "k_pid_vsp": [333.9671041363143, 289.9420907665546, 16.252805564631274]}, "datetime": {"datetime": "2025-08-13 21:57:00", "elapsed": 43748.79246068001, "delta": 25.33728790283203}, "costs": {"total_cost": 433.12683206513475, "time_cost": 101.11500000000001, "final_distance_cost": 1.8133058093519752, "oscillation_cost": 201.45796270704363, "completition_cost": 0.0, "overshoot_cost": 68.8025940097294, "power_cost": 31.658502001953128, "noise_cost": 28.27946753705655, "n_waypoints_completed": 9, "tot_waypoints": 9}}
