{"target": -182.74600129879408, "params": {"k_pid_pos": [1.733835489643198, 0.024859491386256316, 0.9451257094832697], "k_pid_alt": [1.4458679973838424, 0.028806210149256217, 0.3146878632891922], "k_pid_att": [29.46763110571006, 5.6580295118978245, 0.9623745068707039], "k_pid_yaw": [0.5, 1e-06, 0.1], "k_pid_hsp": [0.09847755819799779, 0.011264223901387349, 0.0], "k_pid_vsp": [387.1470188825909, 59.083466427248936, 10.0]}, "datetime": {"datetime": "2025-08-13 19:49:36", "elapsed": 36104.107986450195, "delta": 17.246982097625732}, "costs": {"total_cost": 182.74600129879408, "time_cost": 70.21000000000001, "final_distance_cost": 1.8450203921082258, "oscillation_cost": 28.643031696919927, "completition_cost": 0.0, "overshoot_cost": 51.39670120937954, "power_cost": 12.465880395507813, "noise_cost": 18.1853676048786, "n_waypoints_completed": 9, "tot_waypoints": 9}}
{"target": -1310.5687743480155, "params": {"k_pid_pos": [1.733835489643198, 0.5863322269513203, 0.704167472379422], "k_pid_alt": [1.477768752937916, 0.0, 0.6600607021214705], "k_pid_att": [4.147090465977355, 9.545016992888707, 0.73590781336997], "k_pid_yaw": [0.5, 1e-06, 0.1], "k_pid_hsp": [0.09847755819799779, 0.011264223901387349, 0.8981342811795512], "k_pid_vsp": [33.09370770872002, 59.083466427248936, 10.0]}, "datetime": {"datetime": "2025-08-13 19:50:05", "elapsed": 36133.84490942955, "delta": 29.73692297935486}, "costs": {"total_cost": 1310.5687743480155, "time_cost": 150, "final_distance_cost": 76.37197909111582, "oscillation_cost": 279.935023636904, "completition_cost": 666.6666666666667, "overshoot_cost": 77.01161455102222, "power_cost": 31.155075109863283, "noise_cost": 29.42841529244363, "n_waypoints_completed": 3, "tot_waypoints": 9}}
{"target": -195.95826070140475, "params": {"k_pid_pos": [1.5073823265605182, 0.10920718465865398, 0.9451257094832697], "k_pid_alt": [1.9294269632989844, 0.03163609357351849, 0.3146878632891922], "k_pid_att": [94.76565117582825, 8.491440198406547, 0.6559199499296157], "k_pid_yaw": [0.5, 1e-06, 0.1], "k_pid_hsp": [0.09847755819799779, 0.041997352724737036, 0.0], "k_pid_vsp": [251.5004449007475, 59.083466427248936, 10.0]}, "datetime": {"datetime": "2025-08-13 19:50:23", "elapsed": 36151.45362639427, "delta": 17.60871696472168}, "costs": {"total_cost": 195.95826070140475, "time_cost": 72.184, "final_distance_cost": 1.850932539129154, "oscillation_cost": 30.6994834497596, "completition_cost": 0.0, "overshoot_cost": 51.91646712642961, "power_cost": 19.371051342773438, "noise_cost": 19.936326243312944, "n_waypoints_completed": 9, "tot_waypoints": 9}}
{"target": -189.88582829177358, "params": {"k_pid_pos": [1.5164821318119608, 0.024859491386256316, 0.704167472379422], "k_pid_alt": [1.477768752937916, 0.00018965351824429266, 0.6600607021214705], "k_pid_att": [25.997073188089082, 2.6889016979653872, 0.6559199499296157], "k_pid_yaw": [0.5, 1e-06, 0.1], "k_pid_hsp": [0.09847755819799779, 0.036551335399587326, 0.0], "k_pid_vsp": [33.09370770872002, 98.63337078029946, 10.0]}, "datetime": {"datetime": "2025-08-13 19:50:41", "elapsed": 36169.52122712135, "delta": 18.0676007270813}, "costs": {"total_cost": 189.88582829177358, "time_cost": 70.721, "final_distance_cost": 1.8451401662517082, "oscillation_cost": 32.400376190725446, "completition_cost": 0.0, "overshoot_cost": 49.949030581046856, "power_cost": 15.830277905273439, "noise_cost": 19.140003448476115, "n_waypoints_completed": 9, "tot_waypoints": 9}}
{"target": -2599.8323423184856, "params": {"k_pid_pos": [1.8792899704868669, 0.12166711107490247, 0.9451257094832697], "k_pid_alt": [1.4458679973838424, 0.0, 0.3146878632891922], "k_pid_att": [29.46763110571006, 5.67849514865483, 0.6559199499296157], "k_pid_yaw": [0.5, 1e-06, 0.1], "k_pid_hsp": [2.3991572605295537, 0.011264223901387349, 0.0], "k_pid_vsp": [117.53724514392157, 376.6167462867098, 375.44518739821063]}, "datetime": {"datetime": "2025-08-13 19:51:13", "elapsed": 36201.3622238636, "delta": 31.840996742248535}, "costs": {"total_cost": 2599.8323423184856, "time_cost": 150, "final_distance_cost": 508.5564123694498, "oscillation_cost": 14.291067560198794, "completition_cost": 888.8888888888888, "overshoot_cost": 983.9180207310143, "power_cost": 27.805566088867188, "noise_cost": 26.372386680066928, "n_waypoints_completed": 1, "tot_waypoints": 9}}
{"target": -197.72284522384413, "params": {"k_pid_pos": [1.9633392782387096, 0.10920718465865398, 0.3936288181756814], "k_pid_alt": [1.4458679973838424, 0.0, 0.3146878632891922], "k_pid_att": [59.0149162219073, 8.491440198406547, 0.3297423310025197], "k_pid_yaw": [0.5, 1e-06, 0.1], "k_pid_hsp": [0.09847755819799779, 0.011264223901387349, 0.0], "k_pid_vsp": [29.96849041048857, 220.49899307650495, 10.0]}, "datetime": {"datetime": "2025-08-13 19:51:31", "elapsed": 36219.70608830452, "delta": 18.34386444091797}, "costs": {"total_cost": 197.72284522384413, "time_cost": 70.805, "final_distance_cost": 1.7860868564277608, "oscillation_cost": 34.50524967758154, "completition_cost": 0.0, "overshoot_cost": 51.65193689137511, "power_cost": 19.91969903564453, "noise_cost": 19.054872762815204, "n_waypoints_completed": 9, "tot_waypoints": 9}}
{"target": -2127.4191782452094, "params": {"k_pid_pos": [1.733835489643198, 0.08721639792057734, 0.9451257094832697], "k_pid_alt": [1.4458679973838424, 0.0, 0.3146878632891922], "k_pid_att": [75.73778624120506, 8.491440198406547, 0.3297423310025197], "k_pid_yaw": [0.5, 1e-06, 0.1], "k_pid_hsp": [0.09847755819799779, 0.011264223901387349, 0.9094015404729765], "k_pid_vsp": [117.53724514392157, 376.6167462867098, 10.0]}, "datetime": {"datetime": "2025-08-13 19:52:01", "elapsed": 36249.265634059906, "delta": 29.559545755386353}, "costs": {"total_cost": 2127.4191782452094, "time_cost": 150, "final_distance_cost": 51.37647850178481, "oscillation_cost": 848.0181751276108, "completition_cost": 888.8888888888888, "overshoot_cost": 122.9690211006606, "power_cost": 36.07333088378906, "noise_cost": 30.093283742475737, "n_waypoints_completed": 1, "tot_waypoints": 9}}
{"target": -182.7023655635128, "params": {"k_pid_pos": [1.8792899704868669, 0.038219275878738745, 0.9752376885840038], "k_pid_alt": [1.4458679973838424, 0.0, 0.3146878632891922], "k_pid_att": [29.46763110571006, 5.67849514865483, 0.6559199499296157], "k_pid_yaw": [0.5, 1e-06, 0.1], "k_pid_hsp": [0.09847755819799779, 0.011264223901387349, 0.0], "k_pid_vsp": [29.96849041048857, 59.083466427248936, 10.0]}, "datetime": {"datetime": "2025-08-13 19:52:18", "elapsed": 36266.615448236465, "delta": 17.34981417655945}, "costs": {"total_cost": 182.7023655635128, "time_cost": 69.321, "final_distance_cost": 1.817682931335641, "oscillation_cost": 28.667199768498673, "completition_cost": 0.0, "overshoot_cost": 50.20592513171884, "power_cost": 14.280510754394532, "noise_cost": 18.410046977565145, "n_waypoints_completed": 9, "tot_waypoints": 9}}
{"target": -180.75393913257727, "params": {"k_pid_pos": [1.733835489643198, 0.024859491386256316, 0.9451257094832697], "k_pid_alt": [1.4458679973838424, 0.028806210149256217, 0.3146878632891922], "k_pid_att": [29.46763110571006, 5.6580295118978245, 0.9623745068707039], "k_pid_yaw": [0.5, 1e-06, 0.1], "k_pid_hsp": [0.09847755819799779, 0.011264223901387349, 0.0], "k_pid_vsp": [387.1470188825909, 59.083466427248936, 10.0]}, "datetime": {"datetime": "2025-08-13 19:52:35", "elapsed": 36283.63445019722, "delta": 17.019001960754395}, "costs": {"total_cost": 180.75393913257727, "time_cost": 70.168, "final_distance_cost": 1.833607730577588, "oscillation_cost": 28.633485507254466, "completition_cost": 0.0, "overshoot_cost": 51.365367043654835, "power_cost": 10.783679406738282, "noise_cost": 17.969799444352113, "n_waypoints_completed": 9, "tot_waypoints": 9}}
{"target": -185.94035910313275, "params": {"k_pid_pos": [1.8792899704868669, 0.024859491386256316, 0.9451257094832697], "k_pid_alt": [1.4458679973838424, 0.0, 0.3146878632891922], "k_pid_att": [29.46763110571006, 5.67849514865483, 0.6559199499296157], "k_pid_yaw": [0.5, 1e-06, 0.1], "k_pid_hsp": [0.09847755819799779, 0.011264223901387349, 0.0], "k_pid_vsp": [29.96849041048857, 59.083466427248936, 10.0]}, "datetime": {"datetime": "2025-08-13 19:52:52", "elapsed": 36300.60854721069, "delta": 16.97409701347351}, "costs": {"total_cost": 185.94035910313275, "time_cost": 69.69200000000001, "final_distance_cost": 1.8347509548222154, "oscillation_cost": 28.271042711541668, "completition_cost": 0.0, "overshoot_cost": 50.807848793719444, "power_cost": 17.09536279296875, "noise_cost": 18.239353850080636, "n_waypoints_completed": 9, "tot_waypoints": 9}}
{"target": -557.4966267851119, "params": {"k_pid_pos": [1.8034346552870686, 0.08087462101852438, 0.613303733901718], "k_pid_alt": [0.410712682686863, 0.0, 0.6600607021214705], "k_pid_att": [4.147090465977355, 0.45878646222833935, 0.73590781336997], "k_pid_yaw": [0.5, 1e-06, 0.1], "k_pid_hsp": [0.09847755819799779, 0.011264223901387349, 0.8981342811795512], "k_pid_vsp": [16.765689104681325, 59.083466427248936, 10.0]}, "datetime": {"datetime": "2025-08-13 19:53:22", "elapsed": 36330.29484176636, "delta": 29.686294555664062}, "costs": {"total_cost": 557.4966267851119, "time_cost": 150, "final_distance_cost": 66.8885379803189, "oscillation_cost": 118.14440524212277, "completition_cost": 111.11111111111116, "overshoot_cost": 56.22800875899521, "power_cost": 26.708973095703126, "noise_cost": 28.415590596860785, "n_waypoints_completed": 8, "tot_waypoints": 9}}
{"target": -192.51498470299052, "params": {"k_pid_pos": [1.733835489643198, 0.024859491386256316, 0.704167472379422], "k_pid_alt": [1.477768752937916, 0.00018965351824429266, 0.6600607021214705], "k_pid_att": [32.194164172814396, 7.262158112886176, 0.6559199499296157], "k_pid_yaw": [0.5, 1e-06, 0.1], "k_pid_hsp": [0.09847755819799779, 0.011264223901387349, 0.0], "k_pid_vsp": [251.5004449007475, 59.083466427248936, 10.0]}, "datetime": {"datetime": "2025-08-13 19:53:39", "elapsed": 36347.171763420105, "delta": 16.87692165374756}, "costs": {"total_cost": 192.51498470299052, "time_cost": 71.19, "final_distance_cost": 1.8068671751287078, "oscillation_cost": 29.130408165296675, "completition_cost": 0.0, "overshoot_cost": 51.167430963091775, "power_cost": 19.82898662109375, "noise_cost": 19.391291778379614, "n_waypoints_completed": 9, "tot_waypoints": 9}}
{"target": -186.24723799283754, "params": {"k_pid_pos": [1.5164821318119608, 0.024859491386256316, 0.704167472379422], "k_pid_alt": [1.477768752937916, 0.00018965351824429266, 0.6600607021214705], "k_pid_att": [25.997073188089082, 2.6889016979653872, 0.08105699149151435], "k_pid_yaw": [0.5, 1e-06, 0.1], "k_pid_hsp": [0.09847755819799779, 0.011264223901387349, 0.0], "k_pid_vsp": [251.5004449007475, 59.083466427248936, 19.905301600864938]}, "datetime": {"datetime": "2025-08-13 19:53:58", "elapsed": 36366.13893675804, "delta": 18.9671733379364}, "costs": {"total_cost": 186.24723799283754, "time_cost": 71.26, "final_distance_cost": 1.8166223369103993, "oscillation_cost": 29.88039405375094, "completition_cost": 0.0, "overshoot_cost": 51.156112618754634, "power_cost": 15.878663696289063, "noise_cost": 16.255445287132492, "n_waypoints_completed": 9, "tot_waypoints": 9}}
{"target": -215.89495696356713, "params": {"k_pid_pos": [1.733835489643198, 0.5018475733175067, 0.28139544479454803], "k_pid_alt": [1.477768752937916, 0.00018965351824429266, 0.7538195562388602], "k_pid_att": [32.194164172814396, 2.6889016979653872, 0.6559199499296157], "k_pid_yaw": [0.5, 1e-06, 0.1], "k_pid_hsp": [0.09847755819799779, 0.036551335399587326, 0.0], "k_pid_vsp": [33.09370770872002, 98.63337078029946, 10.0]}, "datetime": {"datetime": "2025-08-13 19:54:17", "elapsed": 36385.148431539536, "delta": 19.00949478149414}, "costs": {"total_cost": 215.89495696356713, "time_cost": 80.45100000000001, "final_distance_cost": 1.7689813221062394, "oscillation_cost": 42.12786726343682, "completition_cost": 0.0, "overshoot_cost": 52.17895411404745, "power_cost": 17.37434737548828, "noise_cost": 21.993806888488347, "n_waypoints_completed": 9, "tot_waypoints": 9}}
{"target": -189.7964830588461, "params": {"k_pid_pos": [1.8792899704868669, 0.024859491386256316, 0.9451257094832697], "k_pid_alt": [1.4458679973838424, 0.0, 0.3146878632891922], "k_pid_att": [84.10270905397581, 2.6889016979653872, 0.3297423310025197], "k_pid_yaw": [0.5, 1e-06, 0.1], "k_pid_hsp": [0.09847755819799779, 0.011264223901387349, 0.0], "k_pid_vsp": [117.53724514392157, 376.6167462867098, 10.0]}, "datetime": {"datetime": "2025-08-13 19:54:34", "elapsed": 36402.60716032982, "delta": 17.458728790283203}, "costs": {"total_cost": 189.7964830588461, "time_cost": 69.979, "final_distance_cost": 1.8127045589361284, "oscillation_cost": 31.388961803937537, "completition_cost": 0.0, "overshoot_cost": 50.62177743779924, "power_cost": 17.072563879394533, "noise_cost": 18.921475378778677, "n_waypoints_completed": 9, "tot_waypoints": 9}}
{"target": -200.80056135885098, "params": {"k_pid_pos": [1.8034346552870686, 0.024859491386256316, 0.704167472379422], "k_pid_alt": [1.477768752937916, 0.00018965351824429266, 0.6600607021214705], "k_pid_att": [47.80141503152684, 1.1659524805595562, 0.6559199499296157], "k_pid_yaw": [0.5, 1e-06, 0.1], "k_pid_hsp": [4.854323649447895, 0.011264223901387349, 0.0], "k_pid_vsp": [29.96849041048857, 59.083466427248936, 10.0]}, "datetime": {"datetime": "2025-08-13 19:54:52", "elapsed": 36420.157259464264, "delta": 17.55009913444519}, "costs": {"total_cost": 200.80056135885098, "time_cost": 70.07000000000001, "final_distance_cost": 1.8529902370024065, "oscillation_cost": 41.64018154955847, "completition_cost": 0.0, "overshoot_cost": 50.29786929419615, "power_cost": 17.619537731933594, "noise_cost": 19.31998254616035, "n_waypoints_completed": 9, "tot_waypoints": 9}}
{"target": -193.25704427659804, "params": {"k_pid_pos": [1.8034346552870686, 0.08087462101852438, 0.704167472379422], "k_pid_alt": [1.1098775236402525, 0.00018965351824429266, 0.6600607021214705], "k_pid_att": [32.194164172814396, 2.6889016979653872, 0.6559199499296157], "k_pid_yaw": [0.5, 1e-06, 0.1], "k_pid_hsp": [0.09847755819799779, 0.011264223901387349, 0.0], "k_pid_vsp": [264.57255645423925, 59.083466427248936, 10.0]}, "datetime": {"datetime": "2025-08-13 19:55:09", "elapsed": 36438.01388120651, "delta": 17.856621742248535}, "costs": {"total_cost": 193.25704427659804, "time_cost": 73.052, "final_distance_cost": 1.7995496676111928, "oscillation_cost": 29.49045716430615, "completition_cost": 0.0, "overshoot_cost": 51.29334591767464, "power_cost": 18.710625952148437, "noise_cost": 18.91106557485763, "n_waypoints_completed": 9, "tot_waypoints": 9}}
{"target": -183.58679526020188, "params": {"k_pid_pos": [1.8034346552870686, 0.08087462101852438, 0.704167472379422], "k_pid_alt": [1.477768752937916, 0.00018965351824429266, 0.6600607021214705], "k_pid_att": [32.194164172814396, 2.6889016979653872, 0.6559199499296157], "k_pid_yaw": [0.5, 1e-06, 0.1], "k_pid_hsp": [0.09847755819799779, 0.011264223901387349, 0.0], "k_pid_vsp": [251.5004449007475, 59.083466427248936, 10.0]}, "datetime": {"datetime": "2025-08-13 19:55:27", "elapsed": 36455.73193335533, "delta": 17.71805214881897}, "costs": {"total_cost": 183.58679526020188, "time_cost": 70.889, "final_distance_cost": 1.8135991549053345, "oscillation_cost": 29.635502773536, "completition_cost": 0.0, "overshoot_cost": 50.77729259107227, "power_cost": 11.93678963623047, "noise_cost": 18.534611104457824, "n_waypoints_completed": 9, "tot_waypoints": 9}}
{"target": -189.1777648722507, "params": {"k_pid_pos": [1.8034346552870686, 0.024859491386256316, 0.704167472379422], "k_pid_alt": [1.477768752937916, 0.00018965351824429266, 0.6600607021214705], "k_pid_att": [32.194164172814396, 2.6889016979653872, 0.6559199499296157], "k_pid_yaw": [0.5, 1e-06, 0.1], "k_pid_hsp": [1.0498148400696388, 0.011264223901387349, 0.0], "k_pid_vsp": [251.5004449007475, 59.083466427248936, 10.0]}, "datetime": {"datetime": "2025-08-13 19:55:45", "elapsed": 36473.36675810814, "delta": 17.634824752807617}, "costs": {"total_cost": 189.1777648722507, "time_cost": 70.539, "final_distance_cost": 1.8403723959217941, "oscillation_cost": 31.74765105494437, "completition_cost": 0.0, "overshoot_cost": 50.3370240694064, "power_cost": 16.073991162109376, "noise_cost": 18.63972618986874, "n_waypoints_completed": 9, "tot_waypoints": 9}}
{"target": -192.2571031153705, "params": {"k_pid_pos": [1.8034346552870686, 0.08087462101852438, 0.704167472379422], "k_pid_alt": [1.477768752937916, 0.00018965351824429266, 0.6600607021214705], "k_pid_att": [32.194164172814396, 2.6889016979653872, 0.3297423310025197], "k_pid_yaw": [0.5, 1e-06, 0.1], "k_pid_hsp": [0.09847755819799779, 0.011264223901387349, 0.0], "k_pid_vsp": [117.53724514392157, 376.6167462867098, 10.0]}, "datetime": {"datetime": "2025-08-13 19:56:02", "elapsed": 36490.19729804993, "delta": 16.83053994178772}, "costs": {"total_cost": 192.2571031153705, "time_cost": 70.854, "final_distance_cost": 1.7936652508414523, "oscillation_cost": 30.928531012405134, "completition_cost": 0.0, "overshoot_cost": 50.43085607532365, "power_cost": 19.41141053466797, "noise_cost": 18.838640242132296, "n_waypoints_completed": 9, "tot_waypoints": 9}}
{"target": -1627.0691106111087, "params": {"k_pid_pos": [1.733835489643198, 0.024859491386256316, 0.9451257094832697], "k_pid_alt": [1.4458679973838424, 0.028806210149256217, 0.3146878632891922], "k_pid_att": [29.46763110571006, 5.6580295118978245, 0.9623745068707039], "k_pid_yaw": [0.5, 1e-06, 0.1], "k_pid_hsp": [0.09847755819799779, 0.011264223901387349, 0.6932038567302682], "k_pid_vsp": [192.4409163819477, 59.083466427248936, 10.0]}, "datetime": {"datetime": "2025-08-13 19:56:31", "elapsed": 36519.77672410011, "delta": 29.579426050186157}, "costs": {"total_cost": 1627.0691106111087, "time_cost": 150, "final_distance_cost": 79.28771616639068, "oscillation_cost": 562.5128165868018, "completition_cost": 666.6666666666667, "overshoot_cost": 105.26096505129273, "power_cost": 33.488297265625, "noise_cost": 29.8526488743316, "n_waypoints_completed": 3, "tot_waypoints": 9}}
{"target": -205.9432557579189, "params": {"k_pid_pos": [1.8792899704868669, 0.024859491386256316, 0.9451257094832697], "k_pid_alt": [1.4458679973838424, 0.0, 0.3146878632891922], "k_pid_att": [29.46763110571006, 2.6298254890628097, 0.3301527476617453], "k_pid_yaw": [0.5, 1e-06, 0.1], "k_pid_hsp": [0.09847755819799779, 0.036551335399587326, 0.0], "k_pid_vsp": [251.5004449007475, 59.083466427248936, 10.0]}, "datetime": {"datetime": "2025-08-13 19:56:49", "elapsed": 36537.506125450134, "delta": 17.729401350021362}, "costs": {"total_cost": 205.9432557579189, "time_cost": 71.96000000000001, "final_distance_cost": 1.8432927073853285, "oscillation_cost": 32.715967541363874, "completition_cost": 0.0, "overshoot_cost": 51.6473697871258, "power_cost": 25.096904907226563, "noise_cost": 22.67972081481732, "n_waypoints_completed": 9, "tot_waypoints": 9}}
{"target": -1852.1225794291577, "params": {"k_pid_pos": [1.733835489643198, 0.4394761037898839, 0.5624387633355069], "k_pid_alt": [1.4458679973838424, 0.0, 0.3146878632891922], "k_pid_att": [59.39531029652596, 8.491440198406547, 0.6559199499296157], "k_pid_yaw": [0.5, 1e-06, 0.1], "k_pid_hsp": [0.09847755819799779, 0.011264223901387349, 0.3201644383265517], "k_pid_vsp": [29.96849041048857, 59.083466427248936, 10.0]}, "datetime": {"datetime": "2025-08-13 19:57:18", "elapsed": 36567.07384514809, "delta": 29.56771969795227}, "costs": {"total_cost": 1852.1225794291577, "time_cost": 150, "final_distance_cost": 76.52696469299408, "oscillation_cost": 761.9862640826935, "completition_cost": 666.6666666666667, "overshoot_cost": 118.02398149129561, "power_cost": 46.656348242187505, "noise_cost": 32.26235425332017, "n_waypoints_completed": 3, "tot_waypoints": 9}}
{"target": -185.66629929344168, "params": {"k_pid_pos": [1.8792899704868669, 0.038219275878738745, 0.9752376885840038], "k_pid_alt": [1.4458679973838424, 0.0, 0.3146878632891922], "k_pid_att": [80.8038429083958, 5.67849514865483, 0.6559199499296157], "k_pid_yaw": [0.5, 1e-06, 0.1], "k_pid_hsp": [0.09847755819799779, 0.011264223901387349, 0.0], "k_pid_vsp": [202.72567798589142, 308.9011782706842, 10.0]}, "datetime": {"datetime": "2025-08-13 19:57:35", "elapsed": 36583.15265226364, "delta": 16.07880711555481}, "costs": {"total_cost": 185.66629929344168, "time_cost": 69.895, "final_distance_cost": 1.8109667269653893, "oscillation_cost": 29.79607799081544, "completition_cost": 0.0, "overshoot_cost": 50.73355296457908, "power_cost": 15.385792297363283, "noise_cost": 18.044909313718506, "n_waypoints_completed": 9, "tot_waypoints": 9}}
{"target": -382.84343509766757, "params": {"k_pid_pos": [1.733835489643198, 0.024859491386256316, 0.9451257094832697], "k_pid_alt": [1.4458679973838424, 0.0, 0.3146878632891922], "k_pid_att": [29.46763110571006, 5.67849514865483, 0.6559199499296157], "k_pid_yaw": [0.5, 1e-06, 0.1], "k_pid_hsp": [0.09847755819799779, 0.5610335066040344, 0.0], "k_pid_vsp": [29.96849041048857, 59.083466427248936, 10.0]}, "datetime": {"datetime": "2025-08-13 19:58:00", "elapsed": 36609.04092717171, "delta": 25.888274908065796}, "costs": {"total_cost": 382.84343509766757, "time_cost": 107.394, "final_distance_cost": 1.828432871283955, "oscillation_cost": 136.7000621001846, "completition_cost": 0.0, "overshoot_cost": 67.0846477333866, "power_cost": 35.838986572265625, "noise_cost": 33.997305820546764, "n_waypoints_completed": 9, "tot_waypoints": 9}}
