{"target": -1250.2476499593888, "params": {"k_pid_pos": [1.733835489643198, 0.024859491386256316, 0.42495672118777295], "k_pid_alt": [1.85112020821355, 0.0, 0.23086984934879706], "k_pid_att": [11.329609997636037, 3.4126860594551975, 0.3529475069797985], "k_pid_yaw": [0.5, 1e-06, 0.1], "k_pid_hsp": [0.09847755819799779, 0.051357077341508184, 0.6435390776614515], "k_pid_vsp": [305.67975269326223, 130.53254854158118, 10.0]}, "datetime": {"datetime": "2025-08-13 22:49:39", "elapsed": 46907.67667365074, "delta": 30.309826612472534}, "costs": {"total_cost": 1250.2476499593888, "time_cost": 150, "final_distance_cost": 36.3356467977423, "oscillation_cost": 356.2814108562539, "completition_cost": 555.5555555555555, "overshoot_cost": 95.74525851620763, "power_cost": 27.787978649902346, "noise_cost": 28.54179958372701, "n_waypoints_completed": 4, "tot_waypoints": 9}}
{"target": -310.9519919867265, "params": {"k_pid_pos": [1.733835489643198, 0.0822904257601288, 0.9451257094832697], "k_pid_alt": [0.3440167387353117, 0.3977849357679477, 0.25938735764965193], "k_pid_att": [29.46763110571006, 5.6580295118978245, 0.9623745068707039], "k_pid_yaw": [0.5, 1e-06, 0.1], "k_pid_hsp": [0.09847755819799779, 0.2831454347861464, 0.0], "k_pid_vsp": [18.79289508575375, 57.93155354082285, 16.252805564631274]}, "datetime": {"datetime": "2025-08-13 22:50:03", "elapsed": 46931.44192099571, "delta": 23.765247344970703}, "costs": {"total_cost": 310.9519919867265, "time_cost": 93.779, "final_distance_cost": 1.8297562744150249, "oscillation_cost": 109.66869760064324, "completition_cost": 0.0, "overshoot_cost": 60.76822595870897, "power_cost": 22.12203796386719, "noise_cost": 22.784274189092116, "n_waypoints_completed": 9, "tot_waypoints": 9}}
{"target": -372.59929201128716, "params": {"k_pid_pos": [1.815522159483175, 0.024859491386256316, 0.416330797462678], "k_pid_alt": [1.5786606064986153, 0.0, 0.053878507660848673], "k_pid_att": [29.46763110571006, 5.6580295118978245, 0.9808211468183533], "k_pid_yaw": [0.5, 1e-06, 0.1], "k_pid_hsp": [0.17225665165883555, 0.6877375338467407, 0.0], "k_pid_vsp": [314.35290507228956, 5.965530060251143, 10.0]}, "datetime": {"datetime": "2025-08-13 22:50:30", "elapsed": 46958.97479391098, "delta": 27.532872915267944}, "costs": {"total_cost": 372.59929201128716, "time_cost": 112.161, "final_distance_cost": 1.8110571002298823, "oscillation_cost": 116.05890987774193, "completition_cost": 0.0, "overshoot_cost": 70.01271844179014, "power_cost": 36.622004589843755, "noise_cost": 35.933602001681415, "n_waypoints_completed": 9, "tot_waypoints": 9}}
{"target": -244.14092457653427, "params": {"k_pid_pos": [1.733835489643198, 0.024859491386256316, 0.416330797462678], "k_pid_alt": [1.5786606064986153, 0.9635827266688368, 0.25938735764965193], "k_pid_att": [50.917657588734414, 4.554626564215716, 0.8987695645180177], "k_pid_yaw": [0.5, 1e-06, 0.1], "k_pid_hsp": [3.070088322121188, 0.011264223901387349, 0.0], "k_pid_vsp": [305.67975269326223, 130.53254854158118, 115.279864009269]}, "datetime": {"datetime": "2025-08-13 22:50:53", "elapsed": 46981.83857035637, "delta": 22.863776445388794}, "costs": {"total_cost": 244.14092457653427, "time_cost": 94.276, "final_distance_cost": 1.825326364887125, "oscillation_cost": 45.621195421077026, "completition_cost": 0.0, "overshoot_cost": 59.23857901534919, "power_cost": 22.942131115722656, "noise_cost": 20.237692659498293, "n_waypoints_completed": 9, "tot_waypoints": 9}}
{"target": -192.8284881031326, "params": {"k_pid_pos": [1.733835489643198, 0.024859491386256316, 0.416330797462678], "k_pid_alt": [1.5786606064986153, 0.0, 0.053878507660848673], "k_pid_att": [29.46763110571006, 3.907559788299492, 0.45703935313105737], "k_pid_yaw": [0.5, 1e-06, 0.1], "k_pid_hsp": [1.6091290401443616, 0.17468130283637484, 0.0], "k_pid_vsp": [371.8706581382205, 225.6587008239998, 10.0]}, "datetime": {"datetime": "2025-08-13 22:51:11", "elapsed": 46999.66031074524, "delta": 17.82174038887024}, "costs": {"total_cost": 192.8284881031326, "time_cost": 68.747, "final_distance_cost": 1.8214616507100998, "oscillation_cost": 34.37337039083668, "completition_cost": 0.0, "overshoot_cost": 50.45225170890428, "power_cost": 18.77150478515625, "noise_cost": 18.66289956752527, "n_waypoints_completed": 9, "tot_waypoints": 9}}
{"target": -210.26326578640695, "params": {"k_pid_pos": [1.733835489643198, 0.024859491386256316, 0.9451257094832697], "k_pid_alt": [0.4683065483083426, 0.0, 0.23086984934879706], "k_pid_att": [11.329609997636037, 3.4126860594551975, 0.3529475069797985], "k_pid_yaw": [0.5, 1e-06, 0.1], "k_pid_hsp": [0.09847755819799779, 0.011264223901387349, 0.0], "k_pid_vsp": [305.67975269326223, 130.53254854158118, 10.0]}, "datetime": {"datetime": "2025-08-13 22:51:32", "elapsed": 47020.7268474102, "delta": 21.06653666496277}, "costs": {"total_cost": 210.26326578640695, "time_cost": 82.306, "final_distance_cost": 1.8614102502836005, "oscillation_cost": 30.635776389634188, "completition_cost": 0.0, "overshoot_cost": 51.03135427389497, "power_cost": 22.892268005371093, "noise_cost": 21.536456867223105, "n_waypoints_completed": 9, "tot_waypoints": 9}}
{"target": -1170.376655342241, "params": {"k_pid_pos": [1.733835489643198, 0.024859491386256316, 0.42495672118777295], "k_pid_alt": [1.85112020821355, 0.0, 0.23086984934879706], "k_pid_att": [11.329609997636037, 1.3662688108279974, 0.9623745068707039], "k_pid_yaw": [0.5, 1e-06, 0.1], "k_pid_hsp": [0.09847755819799779, 0.011264223901387349, 0.0], "k_pid_vsp": [18.79289508575375, 57.93155354082285, 175.46815409112943]}, "datetime": {"datetime": "2025-08-13 22:52:00", "elapsed": 47048.49152803421, "delta": 27.76468062400818}, "costs": {"total_cost": 1170.376655342241, "time_cost": 150, "final_distance_cost": 85.96246768028085, "oscillation_cost": 16.36667821797562, "completition_cost": 666.6666666666667, "overshoot_cost": 170.95250164459125, "power_cost": 29.06706579589844, "noise_cost": 51.36127533682819, "n_waypoints_completed": 3, "tot_waypoints": 9}}
{"target": -188.4640438260382, "params": {"k_pid_pos": [1.733835489643198, 0.024859491386256316, 0.42495672118777295], "k_pid_alt": [1.85112020821355, 0.0, 0.23086984934879706], "k_pid_att": [11.329609997636037, 3.4126860594551975, 0.06608132483176332], "k_pid_yaw": [0.5, 1e-06, 0.1], "k_pid_hsp": [0.17225665165883555, 0.011264223901387349, 0.0], "k_pid_vsp": [93.65012360586942, 57.93155354082285, 10.0]}, "datetime": {"datetime": "2025-08-13 22:52:18", "elapsed": 47066.472433805466, "delta": 17.980905771255493}, "costs": {"total_cost": 188.4640438260382, "time_cost": 68.915, "final_distance_cost": 1.8053516377710166, "oscillation_cost": 31.498922130502194, "completition_cost": 0.0, "overshoot_cost": 50.4222184258187, "power_cost": 17.41956315917969, "noise_cost": 18.402988472766594, "n_waypoints_completed": 9, "tot_waypoints": 9}}
{"target": -241.18556676254406, "params": {"k_pid_pos": [1.9222450990525104, 0.024859491386256316, 0.9451257094832697], "k_pid_alt": [1.5786606064986153, 0.7396824379760043, 0.053878507660848673], "k_pid_att": [29.46763110571006, 5.6580295118978245, 0.3529475069797985], "k_pid_yaw": [0.5, 1e-06, 0.1], "k_pid_hsp": [0.09847755819799779, 0.011264223901387349, 0.0], "k_pid_vsp": [305.67975269326223, 130.53254854158118, 10.0]}, "datetime": {"datetime": "2025-08-13 22:52:41", "elapsed": 47089.45407104492, "delta": 22.981637239456177}, "costs": {"total_cost": 241.18556676254406, "time_cost": 88.935, "final_distance_cost": 1.7785422589497055, "oscillation_cost": 32.76630787686399, "completition_cost": 0.0, "overshoot_cost": 59.814012786644035, "power_cost": 30.809032861328127, "noise_cost": 27.082670978758212, "n_waypoints_completed": 9, "tot_waypoints": 9}}
{"target": -194.51290530116148, "params": {"k_pid_pos": [1.2291269948485064, 0.024859491386256316, 0.9451257094832697], "k_pid_alt": [1.5786606064986153, 0.0, 0.23086984934879706], "k_pid_att": [10.85276784655954, 1.4953935029224072, 0.9623745068707039], "k_pid_yaw": [0.5, 1e-06, 0.1], "k_pid_hsp": [0.09847755819799779, 0.011264223901387349, 0.0], "k_pid_vsp": [18.79289508575375, 57.93155354082285, 16.252805564631274]}, "datetime": {"datetime": "2025-08-13 22:52:58", "elapsed": 47106.79185938835, "delta": 17.337788343429565}, "costs": {"total_cost": 194.51290530116148, "time_cost": 73.087, "final_distance_cost": 1.8481487213017318, "oscillation_cost": 25.17264258675112, "completition_cost": 0.0, "overshoot_cost": 52.65600987699693, "power_cost": 20.691219201660157, "noise_cost": 21.057884914451552, "n_waypoints_completed": 9, "tot_waypoints": 9}}
{"target": -190.24175599038688, "params": {"k_pid_pos": [1.4200659215445044, 0.024859491386256316, 0.9451257094832697], "k_pid_alt": [1.2072933116153153, 0.0, 0.053878507660848673], "k_pid_att": [44.28116398441722, 5.6580295118978245, 0.06608132483176332], "k_pid_yaw": [0.5, 1e-06, 0.1], "k_pid_hsp": [0.17225665165883555, 0.011264223901387349, 0.0], "k_pid_vsp": [93.65012360586942, 57.93155354082285, 10.0]}, "datetime": {"datetime": "2025-08-13 22:53:17", "elapsed": 47125.41369819641, "delta": 18.621838808059692}, "costs": {"total_cost": 190.24175599038688, "time_cost": 71.148, "final_distance_cost": 1.8470590083534204, "oscillation_cost": 29.170748010896293, "completition_cost": 0.0, "overshoot_cost": 50.719398307816235, "power_cost": 18.359872204589845, "noise_cost": 18.996678458731118, "n_waypoints_completed": 9, "tot_waypoints": 9}}
{"target": -197.03092447251015, "params": {"k_pid_pos": [1.733835489643198, 0.024859491386256316, 0.980998060339783], "k_pid_alt": [1.5786606064986153, 0.3132955326099772, 0.23086984934879706], "k_pid_att": [11.329609997636037, 3.5472224105736805, 0.3529475069797985], "k_pid_yaw": [0.5, 1e-06, 0.1], "k_pid_hsp": [0.09847755819799779, 0.011264223901387349, 0.0], "k_pid_vsp": [305.67975269326223, 130.53254854158118, 10.0]}, "datetime": {"datetime": "2025-08-13 22:53:38", "elapsed": 47146.71741771698, "delta": 21.303719520568848}, "costs": {"total_cost": 197.03092447251015, "time_cost": 78.813, "final_distance_cost": 1.794290000560038, "oscillation_cost": 30.324810947065743, "completition_cost": 0.0, "overshoot_cost": 51.246680488900104, "power_cost": 14.963496044921875, "noise_cost": 19.888646991062387, "n_waypoints_completed": 9, "tot_waypoints": 9}}
{"target": -326.06153333409617, "params": {"k_pid_pos": [1.733835489643198, 0.024859491386256316, 0.9451257094832697], "k_pid_alt": [1.85112020821355, 0.0, 0.23086984934879706], "k_pid_att": [11.329609997636037, 3.4126860594551975, 0.3529475069797985], "k_pid_yaw": [0.5, 1e-06, 0.1], "k_pid_hsp": [0.09847755819799779, 0.39251787301599905, 0.0], "k_pid_vsp": [86.62925229669689, 130.53254854158118, 10.0]}, "datetime": {"datetime": "2025-08-13 22:54:01", "elapsed": 47169.3140232563, "delta": 22.5966055393219}, "costs": {"total_cost": 326.06153333409617, "time_cost": 93.52, "final_distance_cost": 1.834405894324792, "oscillation_cost": 112.47950287259015, "completition_cost": 0.0, "overshoot_cost": 60.54101095345619, "power_cost": 29.17511021728516, "noise_cost": 28.511503396439892, "n_waypoints_completed": 9, "tot_waypoints": 9}}
{"target": -523.1920562968658, "params": {"k_pid_pos": [1.733835489643198, 0.3070634710282163, 0.416330797462678], "k_pid_alt": [1.5786606064986153, 0.0, 0.25938735764965193], "k_pid_att": [29.46763110571006, 5.6580295118978245, 0.261380462049589], "k_pid_yaw": [0.5, 1e-06, 0.1], "k_pid_hsp": [5.102248909689673, 0.011264223901387349, 0.8371457900595851], "k_pid_vsp": [104.30040172718557, 57.93155354082285, 10.0]}, "datetime": {"datetime": "2025-08-13 22:54:22", "elapsed": 47190.60600090027, "delta": 21.291977643966675}, "costs": {"total_cost": 523.1920562968658, "time_cost": 81.494, "final_distance_cost": 1.7429941888011136, "oscillation_cost": 332.6798571295863, "completition_cost": 0.0, "overshoot_cost": 52.729312923424004, "power_cost": 29.923656311035156, "noise_cost": 24.62223574401919, "n_waypoints_completed": 9, "tot_waypoints": 9}}
{"target": -302.6808641117379, "params": {"k_pid_pos": [1.733835489643198, 0.024859491386256316, 0.9451257094832697], "k_pid_alt": [1.5786606064986153, 0.0, 0.23086984934879706], "k_pid_att": [11.329609997636037, 4.784613430283875, 0.261380462049589], "k_pid_yaw": [0.5, 1e-06, 0.1], "k_pid_hsp": [0.17225665165883555, 0.523382906365087, 0.0], "k_pid_vsp": [237.37114527084637, 57.93155354082285, 10.0]}, "datetime": {"datetime": "2025-08-13 22:54:44", "elapsed": 47212.56490421295, "delta": 21.958903312683105}, "costs": {"total_cost": 302.6808641117379, "time_cost": 84.18900000000001, "final_distance_cost": 1.8443777400302799, "oscillation_cost": 108.38102279147454, "completition_cost": 0.0, "overshoot_cost": 55.84939296491053, "power_cost": 25.90203758544922, "noise_cost": 26.515033029873347, "n_waypoints_completed": 9, "tot_waypoints": 9}}
{"target": -187.36324379584403, "params": {"k_pid_pos": [1.733835489643198, 0.024859491386256316, 0.42495672118777295], "k_pid_alt": [1.5786606064986153, 0.0, 0.053878507660848673], "k_pid_att": [70.32367692400724, 5.6580295118978245, 0.261380462049589], "k_pid_yaw": [0.5, 1e-06, 0.1], "k_pid_hsp": [0.17225665165883555, 0.011264223901387349, 0.0], "k_pid_vsp": [62.17525342689419, 57.93155354082285, 10.0]}, "datetime": {"datetime": "2025-08-13 22:55:01", "elapsed": 47229.10768985748, "delta": 16.54278564453125}, "costs": {"total_cost": 187.36324379584403, "time_cost": 69.33500000000001, "final_distance_cost": 1.82286967149827, "oscillation_cost": 31.915639592237603, "completition_cost": 0.0, "overshoot_cost": 51.04534699780288, "power_cost": 14.696724877929688, "noise_cost": 18.547662656375604, "n_waypoints_completed": 9, "tot_waypoints": 9}}
{"target": -191.8473647555843, "params": {"k_pid_pos": [1.733835489643198, 0.024859491386256316, 0.9451257094832697], "k_pid_alt": [1.5786606064986153, 0.0, 0.23086984934879706], "k_pid_att": [11.329609997636037, 3.4126860594551975, 0.20497828334174084], "k_pid_yaw": [0.5, 1e-06, 0.1], "k_pid_hsp": [0.09847755819799779, 0.011264223901387349, 0.0], "k_pid_vsp": [291.03214645110495, 57.93155354082285, 10.0]}, "datetime": {"datetime": "2025-08-13 22:55:19", "elapsed": 47247.1898086071, "delta": 18.08211874961853}, "costs": {"total_cost": 191.8473647555843, "time_cost": 70.406, "final_distance_cost": 1.8396981862698727, "oscillation_cost": 28.197897492282877, "completition_cost": 0.0, "overshoot_cost": 51.2899567855284, "power_cost": 20.23832430419922, "noise_cost": 19.875487987303934, "n_waypoints_completed": 9, "tot_waypoints": 9}}
{"target": -1175.3161410693642, "params": {"k_pid_pos": [0.037296874224611296, 0.024859491386256316, 0.3813471713810148], "k_pid_alt": [1.5786606064986153, 0.028806210149256217, 0.9944952565853343], "k_pid_att": [91.95156147363284, 8.592990512376142, 0.5197892172528623], "k_pid_yaw": [0.5, 1e-06, 0.1], "k_pid_hsp": [7.6165916525026764, 0.011264223901387349, 0.0], "k_pid_vsp": [396.0685551233308, 57.93155354082285, 10.0]}, "datetime": {"datetime": "2025-08-13 22:55:48", "elapsed": 47277.03203868866, "delta": 29.842230081558228}, "costs": {"total_cost": 1175.3161410693642, "time_cost": 150, "final_distance_cost": 76.52653421021265, "oscillation_cost": 35.97154496308628, "completition_cost": 777.7777777777778, "overshoot_cost": 69.41589457512342, "power_cost": 34.77137498779297, "noise_cost": 30.853014555370933, "n_waypoints_completed": 2, "tot_waypoints": 9}}
{"target": -1425.4253237380497, "params": {"k_pid_pos": [1.733835489643198, 0.09608651881807295, 0.9451257094832697], "k_pid_alt": [1.5786606064986153, 0.23511992424077377, 0.23086984934879706], "k_pid_att": [11.329609997636037, 3.4126860594551975, 0.9623745068707039], "k_pid_yaw": [0.5, 1e-06, 0.1], "k_pid_hsp": [0.09847755819799779, 0.9682737338557164, 0.8226265404506604], "k_pid_vsp": [100.00506902703879, 57.93155354082285, 120.63999617495661]}, "datetime": {"datetime": "2025-08-13 22:56:19", "elapsed": 47307.79581570625, "delta": 30.763777017593384}, "costs": {"total_cost": 1425.4253237380497, "time_cost": 150, "final_distance_cost": 79.30208378458491, "oscillation_cost": 312.716897447768, "completition_cost": 777.7777777777778, "overshoot_cost": 46.050136500778464, "power_cost": 31.305222973632812, "noise_cost": 28.273205253507594, "n_waypoints_completed": 2, "tot_waypoints": 9}}
{"target": -851.4935686471619, "params": {"k_pid_pos": [0.7525203546561593, 0.024859491386256316, 0.416330797462678], "k_pid_alt": [1.5786606064986153, 0.0, 0.2058926762241634], "k_pid_att": [50.917657588734414, 0.92936502564455, 0.680058006373419], "k_pid_yaw": [0.5, 1e-06, 0.1], "k_pid_hsp": [2.4749177782347553, 0.011264223901387349, 0.8105938006018973], "k_pid_vsp": [314.35290507228956, 57.93155354082285, 10.0]}, "datetime": {"datetime": "2025-08-13 22:56:47", "elapsed": 47335.16232395172, "delta": 27.36650824546814}, "costs": {"total_cost": 851.4935686471619, "time_cost": 109.83, "final_distance_cost": 1.7715740152649575, "oscillation_cost": 616.4351467083904, "completition_cost": 0.0, "overshoot_cost": 59.23757490047693, "power_cost": 34.43671389160156, "noise_cost": 29.78255913142788, "n_waypoints_completed": 9, "tot_waypoints": 9}}
{"target": -187.32113017497443, "params": {"k_pid_pos": [1.733835489643198, 0.0822904257601288, 0.9451257094832697], "k_pid_alt": [1.5786606064986153, 0.0, 0.053878507660848673], "k_pid_att": [29.46763110571006, 5.6580295118978245, 0.9808211468183533], "k_pid_yaw": [0.5, 1e-06, 0.1], "k_pid_hsp": [0.09847755819799779, 0.011264223901387349, 0.0], "k_pid_vsp": [305.67975269326223, 130.53254854158118, 10.0]}, "datetime": {"datetime": "2025-08-13 22:57:05", "elapsed": 47354.011036872864, "delta": 18.848712921142578}, "costs": {"total_cost": 187.32113017497443, "time_cost": 69.71300000000001, "final_distance_cost": 1.8330273104616297, "oscillation_cost": 27.867439712249457, "completition_cost": 0.0, "overshoot_cost": 51.035232896352326, "power_cost": 18.159763012695315, "noise_cost": 18.71266724321568, "n_waypoints_completed": 9, "tot_waypoints": 9}}
{"target": -182.72199564041375, "params": {"k_pid_pos": [1.733835489643198, 0.024859491386256316, 0.9451257094832697], "k_pid_alt": [1.5786606064986153, 0.0, 0.7248340866032845], "k_pid_att": [11.329609997636037, 3.4126860594551975, 0.261380462049589], "k_pid_yaw": [0.5, 1e-06, 0.1], "k_pid_hsp": [0.17225665165883555, 0.011264223901387349, 0.0], "k_pid_vsp": [152.1284020564883, 310.3723599325286, 10.0]}, "datetime": {"datetime": "2025-08-13 22:57:23", "elapsed": 47371.499922037125, "delta": 17.488885164260864}, "costs": {"total_cost": 182.72199564041375, "time_cost": 70.294, "final_distance_cost": 1.8452872008242693, "oscillation_cost": 30.25528213823189, "completition_cost": 0.0, "overshoot_cost": 49.438172563218714, "power_cost": 11.493062719726563, "noise_cost": 19.396191018412296, "n_waypoints_completed": 9, "tot_waypoints": 9}}
{"target": -185.63872430466557, "params": {"k_pid_pos": [1.733835489643198, 0.024859491386256316, 0.9451257094832697], "k_pid_alt": [1.5786606064986153, 0.0, 0.7248340866032845], "k_pid_att": [11.329609997636037, 3.4126860594551975, 0.261380462049589], "k_pid_yaw": [0.5, 1e-06, 0.1], "k_pid_hsp": [0.17225665165883555, 0.011264223901387349, 0.0], "k_pid_vsp": [152.1284020564883, 310.3723599325286, 10.0]}, "datetime": {"datetime": "2025-08-13 22:57:41", "elapsed": 47389.442927360535, "delta": 17.943005323410034}, "costs": {"total_cost": 185.63872430466557, "time_cost": 70.364, "final_distance_cost": 1.8371082515015653, "oscillation_cost": 30.29426907263061, "completition_cost": 0.0, "overshoot_cost": 50.0572418286366, "power_cost": 14.642069018554688, "noise_cost": 18.4440361333421, "n_waypoints_completed": 9, "tot_waypoints": 9}}
{"target": -192.46122685974194, "params": {"k_pid_pos": [1.733835489643198, 0.024859491386256316, 0.416330797462678], "k_pid_alt": [1.5786606064986153, 0.0, 0.25938735764965193], "k_pid_att": [50.917657588734414, 7.347914484943822, 0.680058006373419], "k_pid_yaw": [0.5, 1e-06, 0.1], "k_pid_hsp": [0.09847755819799779, 0.011264223901387349, 0.0], "k_pid_vsp": [305.67975269326223, 130.53254854158118, 10.0]}, "datetime": {"datetime": "2025-08-13 22:57:58", "elapsed": 47406.93002462387, "delta": 17.48709726333618}, "costs": {"total_cost": 192.46122685974194, "time_cost": 69.986, "final_distance_cost": 1.7631696273557322, "oscillation_cost": 30.750720689151024, "completition_cost": 0.0, "overshoot_cost": 51.16491971552052, "power_cost": 19.63954453125, "noise_cost": 19.15687229646464, "n_waypoints_completed": 9, "tot_waypoints": 9}}
{"target": -186.80898697417115, "params": {"k_pid_pos": [1.733835489643198, 0.024859491386256316, 0.42495672118777295], "k_pid_alt": [1.85112020821355, 0.0, 0.23086984934879706], "k_pid_att": [25.06356558820614, 1.6793952317322878, 0.680058006373419], "k_pid_yaw": [0.5, 1e-06, 0.1], "k_pid_hsp": [0.09847755819799779, 0.011264223901387349, 0.0], "k_pid_vsp": [305.67975269326223, 130.53254854158118, 10.0]}, "datetime": {"datetime": "2025-08-13 22:58:15", "elapsed": 47423.728719711304, "delta": 16.79869508743286}, "costs": {"total_cost": 186.80898697417115, "time_cost": 69.45400000000001, "final_distance_cost": 1.7673750638822832, "oscillation_cost": 30.634219745039776, "completition_cost": 0.0, "overshoot_cost": 50.88408023156307, "power_cost": 16.8871197265625, "noise_cost": 17.18219220712352, "n_waypoints_completed": 9, "tot_waypoints": 9}}
