{"target": -1912.653087078744, "params": {"k_pid_pos": [1.8792899704868669, 0.23768509930407056, 0.9752376885840038], "k_pid_alt": [1.4458679973838424, 0.0, 0.3146878632891922], "k_pid_att": [29.46763110571006, 2.6298254890628097, 0.3301527476617453], "k_pid_yaw": [0.5, 1e-06, 0.1], "k_pid_hsp": [0.09847755819799779, 0.011264223901387349, 0.8549420755036845], "k_pid_vsp": [33.09370770872002, 273.5353972576295, 10.0]}, "datetime": {"datetime": "2025-08-13 19:58:30", "elapsed": 36638.50247049332, "delta": 29.461543321609497}, "costs": {"total_cost": 1912.653087078744, "time_cost": 150, "final_distance_cost": 81.55183239006097, "oscillation_cost": 778.7485760471542, "completition_cost": 777.7777777777778, "overshoot_cost": 66.43644071320078, "power_cost": 28.473286962890626, "noise_cost": 29.665173187659796, "n_waypoints_completed": 2, "tot_waypoints": 9}}
{"target": -200.4051778632233, "params": {"k_pid_pos": [1.7494083006937238, 0.024859491386256316, 0.9451257094832697], "k_pid_alt": [1.4458679973838424, 0.0, 0.3146878632891922], "k_pid_att": [29.46763110571006, 1.1659524805595562, 0.6559199499296157], "k_pid_yaw": [0.5, 1e-06, 0.1], "k_pid_hsp": [4.854323649447895, 0.011264223901387349, 0.0], "k_pid_vsp": [251.5004449007475, 59.083466427248936, 10.0]}, "datetime": {"datetime": "2025-08-13 19:58:48", "elapsed": 36656.438620090485, "delta": 17.93614959716797}, "costs": {"total_cost": 200.4051778632233, "time_cost": 71.218, "final_distance_cost": 1.8540841258817873, "oscillation_cost": 38.513314463662674, "completition_cost": 0.0, "overshoot_cost": 50.94810384344835, "power_cost": 18.551615820312502, "noise_cost": 19.320059609917983, "n_waypoints_completed": 9, "tot_waypoints": 9}}
{"target": -186.77616020740012, "params": {"k_pid_pos": [1.8034346552870686, 0.08087462101852438, 0.704167472379422], "k_pid_alt": [1.477768752937916, 0.00018965351824429266, 0.6600607021214705], "k_pid_att": [32.194164172814396, 2.6889016979653872, 0.6559199499296157], "k_pid_yaw": [0.5, 1e-06, 0.1], "k_pid_hsp": [0.09847755819799779, 0.011264223901387349, 0.0], "k_pid_vsp": [174.90950217371815, 59.083466427248936, 10.0]}, "datetime": {"datetime": "2025-08-13 19:59:04", "elapsed": 36672.9790930748, "delta": 16.540472984313965}, "costs": {"total_cost": 186.77616020740012, "time_cost": 70.70700000000001, "final_distance_cost": 1.8065134871277424, "oscillation_cost": 29.637646920080225, "completition_cost": 0.0, "overshoot_cost": 50.71210079358001, "power_cost": 15.703130737304688, "noise_cost": 18.209768269307467, "n_waypoints_completed": 9, "tot_waypoints": 9}}
{"target": -198.3763100091716, "params": {"k_pid_pos": [1.733835489643198, 0.10920718465865398, 0.9451257094832697], "k_pid_alt": [1.9294269632989844, 0.0, 0.1256065166771715], "k_pid_att": [94.76565117582825, 4.032738448698441, 0.73590781336997], "k_pid_yaw": [0.5, 1e-06, 0.1], "k_pid_hsp": [0.09847755819799779, 0.011264223901387349, 0.0], "k_pid_vsp": [170.97439258889042, 59.083466427248936, 10.0]}, "datetime": {"datetime": "2025-08-13 19:59:22", "elapsed": 36690.54983186722, "delta": 17.570738792419434}, "costs": {"total_cost": 198.3763100091716, "time_cost": 71.393, "final_distance_cost": 1.8229145023508568, "oscillation_cost": 28.40908442999321, "completition_cost": 0.0, "overshoot_cost": 52.85484962067001, "power_cost": 22.42902734375, "noise_cost": 21.467434112407517, "n_waypoints_completed": 9, "tot_waypoints": 9}}
{"target": -188.9912773391518, "params": {"k_pid_pos": [1.8034346552870686, 0.024859491386256316, 0.704167472379422], "k_pid_alt": [1.4458679973838424, 0.0, 0.15791560522360282], "k_pid_att": [83.24205936752172, 8.491440198406547, 0.6559199499296157], "k_pid_yaw": [0.5, 1e-06, 0.1], "k_pid_hsp": [0.09847755819799779, 0.041997352724737036, 0.0], "k_pid_vsp": [33.09370770872002, 44.88092472225945, 10.0]}, "datetime": {"datetime": "2025-08-13 19:59:39", "elapsed": 36707.554441690445, "delta": 17.00460982322693}, "costs": {"total_cost": 188.9912773391518, "time_cost": 69.685, "final_distance_cost": 1.8328727858762845, "oscillation_cost": 33.74564130149334, "completition_cost": 0.0, "overshoot_cost": 50.74975299946192, "power_cost": 14.002114404296876, "noise_cost": 18.975895848023363, "n_waypoints_completed": 9, "tot_waypoints": 9}}
{"target": -185.36229667767287, "params": {"k_pid_pos": [1.8034346552870686, 0.08087462101852438, 0.704167472379422], "k_pid_alt": [1.477768752937916, 0.00018965351824429266, 0.6600607021214705], "k_pid_att": [32.194164172814396, 2.6889016979653872, 0.6559199499296157], "k_pid_yaw": [0.5, 1e-06, 0.1], "k_pid_hsp": [0.09847755819799779, 0.011264223901387349, 0.0], "k_pid_vsp": [251.5004449007475, 59.083466427248936, 10.0]}, "datetime": {"datetime": "2025-08-13 19:59:57", "elapsed": 36725.65694785118, "delta": 18.102506160736084}, "costs": {"total_cost": 185.36229667767287, "time_cost": 71.008, "final_distance_cost": 1.7894917193568967, "oscillation_cost": 29.48846763270963, "completition_cost": 0.0, "overshoot_cost": 50.72232043453963, "power_cost": 14.084439172363282, "noise_cost": 18.26957771870344, "n_waypoints_completed": 9, "tot_waypoints": 9}}
{"target": -185.96686187641293, "params": {"k_pid_pos": [1.733835489643198, 0.024859491386256316, 0.9451257094832697], "k_pid_alt": [1.4458679973838424, 0.028806210149256217, 0.3146878632891922], "k_pid_att": [29.46763110571006, 5.6580295118978245, 0.9623745068707039], "k_pid_yaw": [0.5, 1e-06, 0.1], "k_pid_hsp": [0.09847755819799779, 0.011264223901387349, 0.0], "k_pid_vsp": [387.1470188825909, 59.083466427248936, 10.0]}, "datetime": {"datetime": "2025-08-13 20:00:15", "elapsed": 36743.178548812866, "delta": 17.52160096168518}, "costs": {"total_cost": 185.96686187641293, "time_cost": 70.511, "final_distance_cost": 1.8400463530844993, "oscillation_cost": 28.022820374956012, "completition_cost": 0.0, "overshoot_cost": 51.04744229143749, "power_cost": 16.878346997070313, "noise_cost": 17.667205859864612, "n_waypoints_completed": 9, "tot_waypoints": 9}}
{"target": -196.618697525416, "params": {"k_pid_pos": [1.9633392782387096, 0.10920718465865398, 0.3936288181756814], "k_pid_alt": [1.4458679973838424, 0.0, 0.3146878632891922], "k_pid_att": [29.46763110571006, 1.1659524805595562, 0.6559199499296157], "k_pid_yaw": [0.5, 1e-06, 0.1], "k_pid_hsp": [4.854323649447895, 0.011264223901387349, 0.0], "k_pid_vsp": [29.96849041048857, 177.05332331509413, 10.0]}, "datetime": {"datetime": "2025-08-13 20:00:31", "elapsed": 36759.81552147865, "delta": 16.636972665786743}, "costs": {"total_cost": 196.618697525416, "time_cost": 68.404, "final_distance_cost": 1.8014290972193925, "oscillation_cost": 45.95928519881873, "completition_cost": 0.0, "overshoot_cost": 49.84338474302995, "power_cost": 12.7246896484375, "noise_cost": 17.885908837910414, "n_waypoints_completed": 9, "tot_waypoints": 9}}
{"target": -200.36625502587657, "params": {"k_pid_pos": [1.8792899704868669, 0.024859491386256316, 0.9451257094832697], "k_pid_alt": [1.4458679973838424, 0.8435469027637317, 0.3146878632891922], "k_pid_att": [54.807753786811375, 8.491440198406547, 0.3297423310025197], "k_pid_yaw": [0.5, 1e-06, 0.1], "k_pid_hsp": [0.09847755819799779, 0.011264223901387349, 0.0], "k_pid_vsp": [29.96849041048857, 220.49899307650495, 10.0]}, "datetime": {"datetime": "2025-08-13 20:00:50", "elapsed": 36778.72517180443, "delta": 18.909650325775146}, "costs": {"total_cost": 200.36625502587657, "time_cost": 76.608, "final_distance_cost": 1.7565403810485372, "oscillation_cost": 32.49171212748008, "completition_cost": 0.0, "overshoot_cost": 52.6720344661382, "power_cost": 17.22402811279297, "noise_cost": 19.613939938416763, "n_waypoints_completed": 9, "tot_waypoints": 9}}
{"target": -188.7067250818547, "params": {"k_pid_pos": [1.733835489643198, 0.024859491386256316, 0.9451257094832697], "k_pid_alt": [1.4458679973838424, 0.028806210149256217, 0.3146878632891922], "k_pid_att": [29.46763110571006, 5.6580295118978245, 0.6036733391519807], "k_pid_yaw": [0.5, 1e-06, 0.1], "k_pid_hsp": [0.09847755819799779, 0.011264223901387349, 0.0], "k_pid_vsp": [398.8090927617697, 59.083466427248936, 10.0]}, "datetime": {"datetime": "2025-08-13 20:01:07", "elapsed": 36795.782601356506, "delta": 17.057429552078247}, "costs": {"total_cost": 188.7067250818547, "time_cost": 70.49, "final_distance_cost": 1.836864431457518, "oscillation_cost": 28.04801356461442, "completition_cost": 0.0, "overshoot_cost": 51.544049460865764, "power_cost": 18.167485998535156, "noise_cost": 18.620311626381874, "n_waypoints_completed": 9, "tot_waypoints": 9}}
{"target": -1124.1497889191508, "params": {"k_pid_pos": [1.8034346552870686, 0.08087462101852438, 0.704167472379422], "k_pid_alt": [1.477768752937916, 0.00018965351824429266, 0.6600607021214705], "k_pid_att": [32.194164172814396, 2.6889016979653872, 0.6559199499296157], "k_pid_yaw": [0.5, 1e-06, 0.1], "k_pid_hsp": [0.09847755819799779, 0.7709548990052254, 0.0], "k_pid_vsp": [387.1470188825909, 59.083466427248936, 10.0]}, "datetime": {"datetime": "2025-08-13 20:01:36", "elapsed": 36824.927943229675, "delta": 29.145341873168945}, "costs": {"total_cost": 1124.1497889191508, "time_cost": 150, "final_distance_cost": 61.53578662015054, "oscillation_cost": 125.21303463245103, "completition_cost": 666.6666666666667, "overshoot_cost": 56.59904385757415, "power_cost": 29.78282867431641, "noise_cost": 34.35242846799211, "n_waypoints_completed": 3, "tot_waypoints": 9}}
{"target": -211.19437932843996, "params": {"k_pid_pos": [1.6364429475361004, 0.024859491386256316, 0.14699784793311532], "k_pid_alt": [1.477768752937916, 0.00018965351824429266, 0.6600607021214705], "k_pid_att": [32.194164172814396, 0.18205753750414305, 0.73590781336997], "k_pid_yaw": [0.5, 1e-06, 0.1], "k_pid_hsp": [0.09847755819799779, 0.011264223901387349, 0.0], "k_pid_vsp": [170.97439258889042, 59.083466427248936, 10.0]}, "datetime": {"datetime": "2025-08-13 20:01:55", "elapsed": 36843.35373711586, "delta": 18.425793886184692}, "costs": {"total_cost": 211.19437932843996, "time_cost": 74.809, "final_distance_cost": 1.7827672909504448, "oscillation_cost": 34.079742879350775, "completition_cost": 0.0, "overshoot_cost": 52.6778726684172, "power_cost": 25.138193090820312, "noise_cost": 22.70680339890122, "n_waypoints_completed": 9, "tot_waypoints": 9}}
{"target": -192.49678937498877, "params": {"k_pid_pos": [1.733835489643198, 0.024859491386256316, 0.9451257094832697], "k_pid_alt": [1.4458679973838424, 0.028806210149256217, 0.3146878632891922], "k_pid_att": [29.46763110571006, 5.6580295118978245, 0.9623745068707039], "k_pid_yaw": [0.5, 1e-06, 0.1], "k_pid_hsp": [0.09847755819799779, 0.011264223901387349, 0.0], "k_pid_vsp": [387.1470188825909, 59.083466427248936, 10.0]}, "datetime": {"datetime": "2025-08-13 20:02:12", "elapsed": 36860.08164167404, "delta": 16.727904558181763}, "costs": {"total_cost": 192.49678937498877, "time_cost": 71.155, "final_distance_cost": 1.8419484480476773, "oscillation_cost": 27.63325161677444, "completition_cost": 0.0, "overshoot_cost": 51.96032307608366, "power_cost": 19.972819299316406, "noise_cost": 19.933446934766586, "n_waypoints_completed": 9, "tot_waypoints": 9}}
{"target": -185.89747883981337, "params": {"k_pid_pos": [1.8792899704868669, 0.038219275878738745, 0.9752376885840038], "k_pid_alt": [1.4458679973838424, 0.0, 0.3146878632891922], "k_pid_att": [29.46763110571006, 5.67849514865483, 0.6559199499296157], "k_pid_yaw": [0.5, 1e-06, 0.1], "k_pid_hsp": [0.09847755819799779, 0.011264223901387349, 0.0], "k_pid_vsp": [29.96849041048857, 59.083466427248936, 10.0]}, "datetime": {"datetime": "2025-08-13 20:02:29", "elapsed": 36877.15610527992, "delta": 17.074463605880737}, "costs": {"total_cost": 185.89747883981337, "time_cost": 69.671, "final_distance_cost": 1.8234895216060156, "oscillation_cost": 28.358115894199702, "completition_cost": 0.0, "overshoot_cost": 50.634335369606, "power_cost": 17.04582750244141, "noise_cost": 18.36471055196027, "n_waypoints_completed": 9, "tot_waypoints": 9}}
{"target": -186.53890555976116, "params": {"k_pid_pos": [1.8034346552870686, 0.08087462101852438, 0.704167472379422], "k_pid_alt": [1.477768752937916, 0.00018965351824429266, 0.6600607021214705], "k_pid_att": [32.194164172814396, 2.6889016979653872, 0.6559199499296157], "k_pid_yaw": [0.5, 1e-06, 0.1], "k_pid_hsp": [0.09847755819799779, 0.011264223901387349, 0.0], "k_pid_vsp": [251.5004449007475, 59.083466427248936, 10.0]}, "datetime": {"datetime": "2025-08-13 20:02:45", "elapsed": 36893.72765636444, "delta": 16.571551084518433}, "costs": {"total_cost": 186.53890555976116, "time_cost": 70.952, "final_distance_cost": 1.8105795250725705, "oscillation_cost": 29.613885245641658, "completition_cost": 0.0, "overshoot_cost": 50.97267305258817, "power_cost": 15.622125415039063, "noise_cost": 17.567642321419736, "n_waypoints_completed": 9, "tot_waypoints": 9}}
{"target": -228.80255890223506, "params": {"k_pid_pos": [1.2094558097913224, 0.024859491386256316, 0.9451257094832697], "k_pid_alt": [1.4458679973838424, 0.028806210149256217, 0.3146878632891922], "k_pid_att": [29.46763110571006, 5.67849514865483, 0.30999008812887185], "k_pid_yaw": [0.5, 1e-06, 0.1], "k_pid_hsp": [4.624666670447476, 0.011264223901387349, 0.0], "k_pid_vsp": [29.96849041048857, 59.083466427248936, 10.0]}, "datetime": {"datetime": "2025-08-13 20:03:04", "elapsed": 36912.34681606293, "delta": 18.619159698486328}, "costs": {"total_cost": 228.80255890223506, "time_cost": 77.616, "final_distance_cost": 1.8577406988953478, "oscillation_cost": 65.03122291192867, "completition_cost": 0.0, "overshoot_cost": 50.668743646535304, "power_cost": 11.65148994140625, "noise_cost": 21.9773617034695, "n_waypoints_completed": 9, "tot_waypoints": 9}}
{"target": -185.27371840930593, "params": {"k_pid_pos": [1.8792899704868669, 0.038219275878738745, 0.9752376885840038], "k_pid_alt": [1.5786606064986153, 0.0, 0.472941922472217], "k_pid_att": [29.46763110571006, 5.6580295118978245, 0.9623745068707039], "k_pid_yaw": [0.5, 1e-06, 0.1], "k_pid_hsp": [0.09847755819799779, 0.011264223901387349, 0.0], "k_pid_vsp": [387.1470188825909, 59.083466427248936, 10.0]}, "datetime": {"datetime": "2025-08-13 20:03:21", "elapsed": 36929.38475680351, "delta": 17.037940740585327}, "costs": {"total_cost": 185.27371840930593, "time_cost": 70.343, "final_distance_cost": 1.8308888933256293, "oscillation_cost": 28.735259593253787, "completition_cost": 0.0, "overshoot_cost": 51.255489205208285, "power_cost": 15.338342590332031, "noise_cost": 17.770738127186213, "n_waypoints_completed": 9, "tot_waypoints": 9}}
{"target": -192.75868687421658, "params": {"k_pid_pos": [1.733835489643198, 0.024859491386256316, 0.704167472379422], "k_pid_alt": [1.477768752937916, 0.00018965351824429266, 0.6600607021214705], "k_pid_att": [32.194164172814396, 7.262158112886176, 0.10072849482906354], "k_pid_yaw": [0.5, 1e-06, 0.1], "k_pid_hsp": [0.09847755819799779, 0.011264223901387349, 0.0], "k_pid_vsp": [251.5004449007475, 59.083466427248936, 10.0]}, "datetime": {"datetime": "2025-08-13 20:03:39", "elapsed": 36947.14205980301, "delta": 17.75730299949646}, "costs": {"total_cost": 192.75868687421658, "time_cost": 71.155, "final_distance_cost": 1.8093888662091708, "oscillation_cost": 29.716939368390975, "completition_cost": 0.0, "overshoot_cost": 51.253354025781164, "power_cost": 19.112787170410158, "noise_cost": 19.71121744342512, "n_waypoints_completed": 9, "tot_waypoints": 9}}
{"target": -1738.3821553471844, "params": {"k_pid_pos": [1.8792899704868669, 0.038219275878738745, 0.9752376885840038], "k_pid_alt": [1.4458679973838424, 0.0, 0.3146878632891922], "k_pid_att": [80.8038429083958, 5.67849514865483, 0.6559199499296157], "k_pid_yaw": [0.5, 1e-06, 0.1], "k_pid_hsp": [0.09847755819799779, 0.011264223901387349, 0.16364896750993774], "k_pid_vsp": [202.72567798589142, 281.67745710790115, 10.0]}, "datetime": {"datetime": "2025-08-13 20:04:10", "elapsed": 36978.68279504776, "delta": 31.540735244750977}, "costs": {"total_cost": 1738.3821553471844, "time_cost": 150, "final_distance_cost": 52.8619671466815, "oscillation_cost": 787.449029159288, "completition_cost": 555.5555555555555, "overshoot_cost": 126.98569236294904, "power_cost": 35.76948438720704, "noise_cost": 29.76042673550327, "n_waypoints_completed": 4, "tot_waypoints": 9}}
{"target": -186.3913302429766, "params": {"k_pid_pos": [1.5164821318119608, 0.024859491386256316, 0.704167472379422], "k_pid_alt": [1.477768752937916, 0.00018965351824429266, 0.6600607021214705], "k_pid_att": [32.194164172814396, 2.6889016979653872, 0.6559199499296157], "k_pid_yaw": [0.5, 1e-06, 0.1], "k_pid_hsp": [0.09847755819799779, 0.011264223901387349, 0.0], "k_pid_vsp": [264.57255645423925, 59.083466427248936, 10.0]}, "datetime": {"datetime": "2025-08-13 20:04:27", "elapsed": 36995.3459956646, "delta": 16.663200616836548}, "costs": {"total_cost": 186.3913302429766, "time_cost": 71.029, "final_distance_cost": 1.8316073022943262, "oscillation_cost": 28.09382615542225, "completition_cost": 0.0, "overshoot_cost": 51.00129020558666, "power_cost": 16.297795178222657, "noise_cost": 18.137811401450694, "n_waypoints_completed": 9, "tot_waypoints": 9}}
{"target": -192.38622543504567, "params": {"k_pid_pos": [1.8034346552870686, 0.08087462101852438, 0.704167472379422], "k_pid_alt": [1.1098775236402525, 0.00018965351824429266, 0.6600607021214705], "k_pid_att": [25.997073188089082, 2.6889016979653872, 0.08105699149151435], "k_pid_yaw": [0.5, 1e-06, 0.1], "k_pid_hsp": [0.09847755819799779, 0.011264223901387349, 0.0], "k_pid_vsp": [251.5004449007475, 59.083466427248936, 19.905301600864938]}, "datetime": {"datetime": "2025-08-13 20:04:45", "elapsed": 37013.723108291626, "delta": 18.37711262702942}, "costs": {"total_cost": 192.38622543504567, "time_cost": 72.478, "final_distance_cost": 1.8265703610978168, "oscillation_cost": 30.401743026586793, "completition_cost": 0.0, "overshoot_cost": 51.08307527132471, "power_cost": 18.638438830566407, "noise_cost": 17.95839794546994, "n_waypoints_completed": 9, "tot_waypoints": 9}}
{"target": -196.4267529548445, "params": {"k_pid_pos": [1.8034346552870686, 0.08087462101852438, 0.704167472379422], "k_pid_alt": [1.477768752937916, 0.00018965351824429266, 0.6600607021214705], "k_pid_att": [11.391637031113255, 2.6889016979653872, 0.6559199499296157], "k_pid_yaw": [0.5, 1e-06, 0.1], "k_pid_hsp": [0.09847755819799779, 0.011264223901387349, 0.0], "k_pid_vsp": [174.90950217371815, 59.083466427248936, 10.0]}, "datetime": {"datetime": "2025-08-13 20:05:02", "elapsed": 37030.849804878235, "delta": 17.126696586608887}, "costs": {"total_cost": 196.4267529548445, "time_cost": 71.358, "final_distance_cost": 1.8143256519366273, "oscillation_cost": 29.922049478993067, "completition_cost": 0.0, "overshoot_cost": 51.33995748291314, "power_cost": 21.484587426757813, "noise_cost": 20.507832914243835, "n_waypoints_completed": 9, "tot_waypoints": 9}}
{"target": -215.01012748100834, "params": {"k_pid_pos": [1.733835489643198, 0.024859491386256316, 0.9451257094832697], "k_pid_alt": [1.4458679973838424, 0.028806210149256217, 0.3146878632891922], "k_pid_att": [29.46763110571006, 6.043751783864618, 0.6036733391519807], "k_pid_yaw": [0.5, 1e-06, 0.1], "k_pid_hsp": [1.9715787190781768, 0.011264223901387349, 0.0], "k_pid_vsp": [145.49514412553103, 59.083466427248936, 10.0]}, "datetime": {"datetime": "2025-08-13 20:05:21", "elapsed": 37049.77477669716, "delta": 18.92497181892395}, "costs": {"total_cost": 215.01012748100834, "time_cost": 75.67, "final_distance_cost": 1.8416590585231924, "oscillation_cost": 32.856941964539644, "completition_cost": 0.0, "overshoot_cost": 54.1146710853738, "power_cost": 26.554725622558596, "noise_cost": 23.97212975001308, "n_waypoints_completed": 9, "tot_waypoints": 9}}
{"target": -189.91781627184014, "params": {"k_pid_pos": [1.8034346552870686, 0.08087462101852438, 0.4287384789656963], "k_pid_alt": [1.477768752937916, 0.00018965351824429266, 0.6600607021214705], "k_pid_att": [32.194164172814396, 2.6889016979653872, 0.6559199499296157], "k_pid_yaw": [0.5, 1e-06, 0.1], "k_pid_hsp": [0.09847755819799779, 0.011264223901387349, 0.0], "k_pid_vsp": [174.90950217371815, 308.9011782706842, 10.0]}, "datetime": {"datetime": "2025-08-13 20:05:39", "elapsed": 37067.402497291565, "delta": 17.627720594406128}, "costs": {"total_cost": 189.91781627184014, "time_cost": 70.924, "final_distance_cost": 1.809657895207757, "oscillation_cost": 31.848688782982617, "completition_cost": 0.0, "overshoot_cost": 50.902766202895144, "power_cost": 16.018469653320313, "noise_cost": 18.414233737434277, "n_waypoints_completed": 9, "tot_waypoints": 9}}
{"target": -206.48691037333467, "params": {"k_pid_pos": [1.8792899704868669, 0.6666702018088329, 0.9752376885840038], "k_pid_alt": [1.4458679973838424, 0.0, 0.3146878632891922], "k_pid_att": [80.8038429083958, 5.67849514865483, 0.6559199499296157], "k_pid_yaw": [0.5, 1e-06, 0.1], "k_pid_hsp": [0.09847755819799779, 0.011264223901387349, 0.0], "k_pid_vsp": [202.72567798589142, 59.083466427248936, 10.0]}, "datetime": {"datetime": "2025-08-13 20:05:58", "elapsed": 37086.329812049866, "delta": 18.92731475830078}, "costs": {"total_cost": 206.48691037333467, "time_cost": 79.205, "final_distance_cost": 1.790655529170022, "oscillation_cost": 31.259979285129408, "completition_cost": 0.0, "overshoot_cost": 52.89214073498408, "power_cost": 20.51636915283203, "noise_cost": 20.822765671219134, "n_waypoints_completed": 9, "tot_waypoints": 9}}
