{"target": -837.4925736876447, "params": {"k_pid_pos": [1.8624793477566346, 0.11973358850112281, 0.1171035659001105], "k_pid_alt": [0.17541802382153682, 0.6578632850405278, 0.4186083007903795], "k_pid_att": [77.43214161418433, 6.712347009944595, 0.33363775832823817], "k_pid_yaw": [0.5, 1e-06, 0.1], "k_pid_hsp": [8.983675636960621, 0.7625321470706523, 0.2705349409101757], "k_pid_vsp": [145.6768071088216, 125.77599276726518, 63.04466029238821]}, "datetime": {"datetime": "2025-08-13 10:00:14", "elapsed": 742.6617181301117, "delta": 29.09870457649231}, "costs": {"total_cost": 837.4925736876447, "time_cost": 150, "final_distance_cost": 33.48631626792733, "oscillation_cost": 407.204483332801, "completition_cost": 111.11111111111116, "overshoot_cost": 68.78408925456417, "power_cost": 36.16387014160156, "noise_cost": 30.742703579639535, "n_waypoints_completed": 8, "tot_waypoints": 9}}
{"target": -1462.969335570584, "params": {"k_pid_pos": [0.29565196674712907, 0.936127463375744, 0.43790403719875326], "k_pid_alt": [0.7666396455548197, 0.7296857086773779, 0.5529930652528999], "k_pid_att": [93.61399868384622, 7.803036908944531, 0.47936956412454035], "k_pid_yaw": [0.5, 1e-06, 0.1], "k_pid_hsp": [3.7636570988609144, 0.986631544924322, 0.7177602360036435], "k_pid_vsp": [380.47786400153643, 47.391431768337966, 340.2134718257794]}, "datetime": {"datetime": "2025-08-13 10:00:42", "elapsed": 770.9601898193359, "delta": 28.298471689224243}, "costs": {"total_cost": 1462.969335570584, "time_cost": 150, "final_distance_cost": 58.23302509089958, "oscillation_cost": 199.07248111042267, "completition_cost": 888.8888888888888, "overshoot_cost": 83.35542894914461, "power_cost": 47.229106213378905, "noise_cost": 36.19040531784954, "n_waypoints_completed": 1, "tot_waypoints": 9}}
{"target": -2273.8979932000843, "params": {"k_pid_pos": [1.274184060594016, 0.12192167833511258, 0.5882579999692207], "k_pid_alt": [1.3721927302108976, 0.012302685888602838, 0.45431796184174655], "k_pid_att": [82.53995111963212, 2.9536607175383645, 0.4585480817985511], "k_pid_yaw": [0.5, 1e-06, 0.1], "k_pid_hsp": [4.423197039266225, 0.3019273914424916, 0.9184418955155542], "k_pid_vsp": [312.51761417260633, 44.235365287855785, 398.8138631379946]}, "datetime": {"datetime": "2025-08-13 10:01:11", "elapsed": 799.1827297210693, "delta": 28.2225399017334}, "costs": {"total_cost": 2273.8979932000843, "time_cost": 150, "final_distance_cost": 131.8805234644713, "oscillation_cost": 804.6132660023416, "completition_cost": 1000.0, "overshoot_cost": 129.6940426251723, "power_cost": 30.14103280029297, "noise_cost": 27.56912830780631, "n_waypoints_completed": 0, "tot_waypoints": 9}}
{"target": -1382.5999171731592, "params": {"k_pid_pos": [1.7584121286130596, 0.28390843786403896, 0.8368965796609382], "k_pid_alt": [0.21283906374276573, 0.9991047304742386, 0.6656847361065369], "k_pid_att": [65.0125015558797, 0.904498225768629, 0.8970333988966253], "k_pid_yaw": [0.5, 1e-06, 0.1], "k_pid_hsp": [0.2900921320943738, 0.24082805804114704, 0.143021875166635], "k_pid_vsp": [310.7071762768874, 79.28169168695491, 364.2552909417159]}, "datetime": {"datetime": "2025-08-13 10:01:38", "elapsed": 826.992161989212, "delta": 27.8094322681427}, "costs": {"total_cost": 1382.5999171731592, "time_cost": 150, "final_distance_cost": 95.38471255588672, "oscillation_cost": 247.48667270262794, "completition_cost": 777.7777777777778, "overshoot_cost": 48.25297036967994, "power_cost": 33.85779482421875, "noise_cost": 29.839988942967917, "n_waypoints_completed": 2, "tot_waypoints": 9}}
{"target": -633.0543535845452, "params": {"k_pid_pos": [1.3125724517510475, 0.036162710494696215, 0.0054298341287004614], "k_pid_alt": [0.10331583402879785, 0.6059251776477277, 0.8014818108594153], "k_pid_att": [23.855282062738848, 8.494103488346438, 0.057231940153260386], "k_pid_yaw": [0.5, 1e-06, 0.1], "k_pid_hsp": [8.009658440031398, 0.9277954301722804, 0.7721083991043806], "k_pid_vsp": [279.24831359145486, 335.19208762417304, 16.06052077867527]}, "datetime": {"datetime": "2025-08-13 10:02:03", "elapsed": 851.5000813007355, "delta": 24.507919311523438}, "costs": {"total_cost": 633.0543535845452, "time_cost": 101.57000000000001, "final_distance_cost": 1.7965068744362063, "oscillation_cost": 408.8055795349425, "completition_cost": 0.0, "overshoot_cost": 63.43241789056276, "power_cost": 30.567780029296877, "noise_cost": 26.882069255306867, "n_waypoints_completed": 9, "tot_waypoints": 9}}
{"target": -1869.0951931187255, "params": {"k_pid_pos": [0.40364404322703884, 0.12492367930564308, 0.5045309901929865], "k_pid_alt": [1.490376256657689, 0.6300118445763987, 0.851131099761935], "k_pid_att": [15.521299244109088, 7.346237457242422, 0.1930414908689041], "k_pid_yaw": [0.5, 1e-06, 0.1], "k_pid_hsp": [2.707660437302871, 0.7099046972813039, 0.9802047848986818], "k_pid_vsp": [244.61744239082782, 21.800126942017926, 246.52358835470415]}, "datetime": {"datetime": "2025-08-13 10:02:31", "elapsed": 879.3500409126282, "delta": 27.8499596118927}, "costs": {"total_cost": 1869.0951931187255, "time_cost": 150, "final_distance_cost": 62.503851116324164, "oscillation_cost": 599.0460406396436, "completition_cost": 888.8888888888888, "overshoot_cost": 91.22173380545354, "power_cost": 42.62753161621094, "noise_cost": 34.8071470522042, "n_waypoints_completed": 1, "tot_waypoints": 9}}
{"target": -205.81265144317217, "params": {"k_pid_pos": [0.49275800590297264, 0.18848155022322047, 0.17888737446852812], "k_pid_alt": [1.515427128667956, 0.0, 0.949345597264735], "k_pid_att": [39.447728079683905, 3.8677381495188174, 0.1845336041603497], "k_pid_yaw": [0.5, 1e-06, 0.1], "k_pid_hsp": [0.09847755819799779, 0.011264223901387349, 0.0], "k_pid_vsp": [194.7624155113164, 20.0, 10.0]}, "datetime": {"datetime": "2025-08-13 10:02:50", "elapsed": 898.8360025882721, "delta": 19.48596167564392}, "costs": {"total_cost": 205.81265144317217, "time_cost": 82.446, "final_distance_cost": 1.8074402378793124, "oscillation_cost": 21.8656576156842, "completition_cost": 0.0, "overshoot_cost": 52.65545890598786, "power_cost": 23.640778234863284, "noise_cost": 23.397316448757497, "n_waypoints_completed": 9, "tot_waypoints": 9}}
{"target": -337.86501979890636, "params": {"k_pid_pos": [1.3885554450422086, 0.5811166092209024, 0.19977565166005762], "k_pid_alt": [1.6082490523645254, 0.7154071296158017, 0.7389840039155418], "k_pid_att": [13.105775155731326, 1.2376256611230811, 0.9275625510065076], "k_pid_yaw": [0.5, 1e-06, 0.1], "k_pid_hsp": [3.9758421804300244, 0.30094869178093975, 0.4885840453515333], "k_pid_vsp": [265.14568510543296, 382.2493028631647, 114.57849146637578]}, "datetime": {"datetime": "2025-08-13 10:03:12", "elapsed": 920.4427533149719, "delta": 21.60675072669983}, "costs": {"total_cost": 337.86501979890636, "time_cost": 90.657, "final_distance_cost": 1.7881858648102746, "oscillation_cost": 146.07315090581716, "completition_cost": 0.0, "overshoot_cost": 57.58383493313401, "power_cost": 21.470643212890625, "noise_cost": 20.29220488225426, "n_waypoints_completed": 9, "tot_waypoints": 9}}
{"target": -492.86653169944907, "params": {"k_pid_pos": [1.849624377781123, 0.024859491386256316, 0.5551980423268247], "k_pid_alt": [1.2679502233621702, 0.1058974037507533, 0.14033959706391264], "k_pid_att": [41.91143193163038, 9.662322498240602, 0.5960425532343728], "k_pid_yaw": [0.5, 1e-06, 0.1], "k_pid_hsp": [9.330238913679953, 0.8043609156129707, 0.4673816015552915], "k_pid_vsp": [313.90537970087496, 7.134714572958311, 43.657599597149975]}, "datetime": {"datetime": "2025-08-13 10:03:34", "elapsed": 942.5486905574799, "delta": 22.105937242507935}, "costs": {"total_cost": 492.86653169944907, "time_cost": 88.767, "final_distance_cost": 1.7734338814080788, "oscillation_cost": 303.2178498162905, "completition_cost": 0.0, "overshoot_cost": 53.282510022263686, "power_cost": 24.272034521484375, "noise_cost": 21.553703458002428, "n_waypoints_completed": 9, "tot_waypoints": 9}}
{"target": -598.5714458671512, "params": {"k_pid_pos": [0.49275800590297264, 0.18848155022322047, 0.17888737446852812], "k_pid_alt": [1.515427128667956, 0.0, 0.949345597264735], "k_pid_att": [48.09104283000786, 3.283679213926388, 0.5354347898300031], "k_pid_yaw": [0.5, 1e-06, 0.1], "k_pid_hsp": [8.485620031687368, 0.652587340560102, 0.8043918279470774], "k_pid_vsp": [213.08891042629608, 253.16705207413065, 115.26224638482907]}, "datetime": {"datetime": "2025-08-13 10:03:57", "elapsed": 965.706120967865, "delta": 23.157430410385132}, "costs": {"total_cost": 598.5714458671512, "time_cost": 93.961, "final_distance_cost": 1.847346958318576, "oscillation_cost": 399.8584927213911, "completition_cost": 0.0, "overshoot_cost": 52.78867294881189, "power_cost": 26.953128369140625, "noise_cost": 23.162804869489026, "n_waypoints_completed": 9, "tot_waypoints": 9}}
{"target": -1167.792745505926, "params": {"k_pid_pos": [0.6550583792686496, 0.37946407972692897, 0.6857433454559454], "k_pid_alt": [0.5937529491425706, 0.9488579267153404, 0.9163480195381779], "k_pid_att": [39.447728079683905, 3.8677381495188174, 0.1845336041603497], "k_pid_yaw": [0.5, 1e-06, 0.1], "k_pid_hsp": [0.09847755819799779, 0.011264223901387349, 0.0], "k_pid_vsp": [194.7624155113164, 20.0, 167.3600182443441]}, "datetime": {"datetime": "2025-08-13 10:04:26", "elapsed": 994.279060125351, "delta": 28.572939157485962}, "costs": {"total_cost": 1167.792745505926, "time_cost": 150, "final_distance_cost": 89.13424286713783, "oscillation_cost": 13.197356492002136, "completition_cost": 777.7777777777778, "overshoot_cost": 71.2750544940132, "power_cost": 27.06834295654297, "noise_cost": 39.33997091845199, "n_waypoints_completed": 2, "tot_waypoints": 9}}
{"target": -325.21094906002645, "params": {"k_pid_pos": [1.3885554450422086, 0.5811166092209024, 0.19977565166005762], "k_pid_alt": [1.6082490523645254, 0.7154071296158017, 0.7389840039155418], "k_pid_att": [13.105775155731326, 1.2376256611230811, 0.9275625510065076], "k_pid_yaw": [0.5, 1e-06, 0.1], "k_pid_hsp": [4.3672302205847, 0.2145846728195292, 0.40852864372463615], "k_pid_vsp": [341.36122930726646, 93.57579511219681, 23.321097617323666]}, "datetime": {"datetime": "2025-08-13 10:04:48", "elapsed": 1016.8699953556061, "delta": 22.590935230255127}, "costs": {"total_cost": 325.21094906002645, "time_cost": 91.532, "final_distance_cost": 1.7941250118859486, "oscillation_cost": 133.4458810957205, "completition_cost": 0.0, "overshoot_cost": 55.391950896226064, "power_cost": 21.65420993652344, "noise_cost": 21.39278211967052, "n_waypoints_completed": 9, "tot_waypoints": 9}}
{"target": -559.8211433568312, "params": {"k_pid_pos": [1.3368390832847643, 0.4710962061431325, 0.5652361064811888], "k_pid_alt": [1.5299977148320512, 0.6347183200005908, 0.8419932110394631], "k_pid_att": [28.06114361336559, 3.0395705856163158, 0.030817834567939406], "k_pid_yaw": [0.5, 1e-06, 0.1], "k_pid_hsp": [3.9758421804300244, 0.30094869178093975, 0.8271734245206864], "k_pid_vsp": [265.14568510543296, 382.2493028631647, 114.57849146637578]}, "datetime": {"datetime": "2025-08-13 10:05:14", "elapsed": 1042.1493661403656, "delta": 25.27937078475952}, "costs": {"total_cost": 559.8211433568312, "time_cost": 106.141, "final_distance_cost": 1.735873004191718, "oscillation_cost": 338.41546653767625, "completition_cost": 0.0, "overshoot_cost": 61.01715578770192, "power_cost": 27.149183764648438, "noise_cost": 25.36246426261283, "n_waypoints_completed": 9, "tot_waypoints": 9}}
{"target": -1230.0190222109668, "params": {"k_pid_pos": [1.4338086892990753, 0.44936150214378867, 0.272241561845159], "k_pid_alt": [0.1927819243069986, 0.9026023965438417, 0.45577628983361107], "k_pid_att": [20.236336479523032, 2.0906556802565546, 0.579219568941896], "k_pid_yaw": [0.5, 1e-06, 0.1], "k_pid_hsp": [1.7678101521140233, 0.8566142840923755, 0.7585195298352101], "k_pid_vsp": [287.7851823803747, 172.83721647794843, 250.92353665366844]}, "datetime": {"datetime": "2025-08-13 10:05:43", "elapsed": 1071.1316003799438, "delta": 28.982234239578247}, "costs": {"total_cost": 1230.0190222109668, "time_cost": 150, "final_distance_cost": 57.508797165020674, "oscillation_cost": 223.53634283648017, "completition_cost": 666.6666666666667, "overshoot_cost": 65.63220349103756, "power_cost": 35.12913835449219, "noise_cost": 31.545873697269485, "n_waypoints_completed": 3, "tot_waypoints": 9}}
{"target": -521.1580268872314, "params": {"k_pid_pos": [1.849624377781123, 0.024859491386256316, 0.5551980423268247], "k_pid_alt": [1.2679502233621702, 0.7553301727947445, 0.14033959706391264], "k_pid_att": [41.91143193163038, 9.662322498240602, 0.5960425532343728], "k_pid_yaw": [0.5, 1e-06, 0.1], "k_pid_hsp": [9.330238913679953, 0.23285228494370624, 0.4673816015552915], "k_pid_vsp": [313.90537970087496, 7.134714572958311, 43.657599597149975]}, "datetime": {"datetime": "2025-08-13 10:06:03", "elapsed": 1091.4669027328491, "delta": 20.335302352905273}, "costs": {"total_cost": 521.1580268872314, "time_cost": 85.631, "final_distance_cost": 1.766983359349604, "oscillation_cost": 336.8771951017917, "completition_cost": 0.0, "overshoot_cost": 55.66937432738733, "power_cost": 21.447423254394533, "noise_cost": 19.766050844308193, "n_waypoints_completed": 9, "tot_waypoints": 9}}
{"target": -1206.126876119734, "params": {"k_pid_pos": [0.49275800590297264, 0.18848155022322047, 0.3666083849326124], "k_pid_alt": [1.515427128667956, 0.0, 0.949345597264735], "k_pid_att": [39.447728079683905, 3.8677381495188174, 0.579219568941896], "k_pid_yaw": [0.5, 1e-06, 0.1], "k_pid_hsp": [1.7678101521140233, 0.8566142840923755, 0.7585195298352101], "k_pid_vsp": [287.7851823803747, 172.83721647794843, 250.92353665366844]}, "datetime": {"datetime": "2025-08-13 10:06:31", "elapsed": 1119.9888410568237, "delta": 28.52193832397461}, "costs": {"total_cost": 1206.126876119734, "time_cost": 150, "final_distance_cost": 74.9160898150294, "oscillation_cost": 530.3993554935504, "completition_cost": 333.33333333333337, "overshoot_cost": 47.726508019031115, "power_cost": 39.72643577880859, "noise_cost": 30.025153679981265, "n_waypoints_completed": 6, "tot_waypoints": 9}}
{"target": -465.59251006480713, "params": {"k_pid_pos": [1.4338086892990753, 0.44936150214378867, 0.272241561845159], "k_pid_alt": [0.1927819243069986, 0.9026023965438417, 0.45577628983361107], "k_pid_att": [20.236336479523032, 3.0596356458441103, 0.9274604585040267], "k_pid_yaw": [0.5, 1e-06, 0.1], "k_pid_hsp": [0.09847755819799779, 0.011264223901387349, 0.0], "k_pid_vsp": [111.20884264032553, 20.0, 10.0]}, "datetime": {"datetime": "2025-08-13 10:07:00", "elapsed": 1148.6532077789307, "delta": 28.664366722106934}, "costs": {"total_cost": 465.59251006480713, "time_cost": 150, "final_distance_cost": 41.6472142723136, "oscillation_cost": 41.497821705193154, "completition_cost": 111.11111111111116, "overshoot_cost": 67.81912042748522, "power_cost": 22.766297290039063, "noise_cost": 30.750945258664895, "n_waypoints_completed": 8, "tot_waypoints": 9}}
{"target": -335.6941951129621, "params": {"k_pid_pos": [0.8325832251638142, 0.04925411992759399, 0.3736141384595716], "k_pid_alt": [1.0475058974352744, 0.10167190290371597, 0.8334585537885597], "k_pid_att": [5.196186646510426, 6.712347009944595, 0.33363775832823817], "k_pid_yaw": [0.5, 1e-06, 0.1], "k_pid_hsp": [8.983675636960621, 0.7625321470706523, 0.2705349409101757], "k_pid_vsp": [145.6768071088216, 125.77599276726518, 63.04466029238821]}, "datetime": {"datetime": "2025-08-13 10:07:21", "elapsed": 1169.2391912937164, "delta": 20.585983514785767}, "costs": {"total_cost": 335.6941951129621, "time_cost": 88.06, "final_distance_cost": 1.8207022776511728, "oscillation_cost": 157.69688929596896, "completition_cost": 0.0, "overshoot_cost": 52.175637990009065, "power_cost": 17.32468836669922, "noise_cost": 18.6162771826337, "n_waypoints_completed": 9, "tot_waypoints": 9}}
{"target": -1283.2385910888752, "params": {"k_pid_pos": [1.8624793477566346, 0.11973358850112281, 0.7773431275291786], "k_pid_alt": [0.17541802382153682, 0.6578632850405278, 0.4186083007903795], "k_pid_att": [77.43214161418433, 9.248426205993718, 0.0991131415798755], "k_pid_yaw": [0.5, 1e-06, 0.1], "k_pid_hsp": [5.554661555206625, 0.9026531439276171, 0.9795706805865927], "k_pid_vsp": [320.8103521094374, 149.08093714999134, 43.71291733654091]}, "datetime": {"datetime": "2025-08-13 10:07:49", "elapsed": 1197.8821275234222, "delta": 28.64293622970581}, "costs": {"total_cost": 1283.2385910888752, "time_cost": 150, "final_distance_cost": 44.74179226303401, "oscillation_cost": 407.446812862215, "completition_cost": 555.5555555555555, "overshoot_cost": 56.39424780557605, "power_cost": 36.723721936035155, "noise_cost": 32.37646066645946, "n_waypoints_completed": 4, "tot_waypoints": 9}}
{"target": -776.3148911022316, "params": {"k_pid_pos": [1.5580148095208002, 0.13455220841314708, 0.23453515044129858], "k_pid_alt": [1.028445740380829, 0.8575721441225576, 0.5146293421163498], "k_pid_att": [38.508949610035344, 4.013615439978124, 0.26646331750084606], "k_pid_yaw": [0.5, 1e-06, 0.1], "k_pid_hsp": [1.3977701326984733, 0.4778772740237458, 0.416889368594885], "k_pid_vsp": [93.02797621154949, 147.0047246785394, 146.5569805641065]}, "datetime": {"datetime": "2025-08-13 10:08:18", "elapsed": 1226.7577362060547, "delta": 28.875608682632446}, "costs": {"total_cost": 776.3148911022316, "time_cost": 150, "final_distance_cost": 20.5629257328489, "oscillation_cost": 355.31048726300753, "completition_cost": 111.11111111111116, "overshoot_cost": 72.17749723298456, "power_cost": 36.89835760498047, "noise_cost": 30.25451215729903, "n_waypoints_completed": 8, "tot_waypoints": 9}}
{"target": -944.0956917525475, "params": {"k_pid_pos": [1.5902501664822735, 0.9460270628173303, 0.2533833538391872], "k_pid_alt": [1.1801517907166184, 0.09504919756440122, 0.34192693854566036], "k_pid_att": [17.12913040927888, 5.649549619663271, 0.5724305140338497], "k_pid_yaw": [0.5, 1e-06, 0.1], "k_pid_hsp": [4.659904931296975, 0.5226317755131228, 0.7639233900065879], "k_pid_vsp": [319.69788660482664, 196.86128673801844, 239.83737700945147]}, "datetime": {"datetime": "2025-08-13 10:08:48", "elapsed": 1256.138908624649, "delta": 29.38117241859436}, "costs": {"total_cost": 944.0956917525475, "time_cost": 150, "final_distance_cost": 68.60479028637064, "oscillation_cost": 259.4617884825204, "completition_cost": 333.33333333333337, "overshoot_cost": 57.766861612320426, "power_cost": 42.42120236816407, "noise_cost": 32.50771566983868, "n_waypoints_completed": 6, "tot_waypoints": 9}}
{"target": -396.7488811121645, "params": {"k_pid_pos": [1.4920539590588684, 0.20197903768878156, 0.4532799165001634], "k_pid_alt": [0.13311771391035632, 0.5944336637564518, 0.7389840039155418], "k_pid_att": [13.105775155731326, 1.2376256611230811, 0.9275625510065076], "k_pid_yaw": [0.5, 1e-06, 0.1], "k_pid_hsp": [3.9758421804300244, 0.30094869178093975, 0.4885840453515333], "k_pid_vsp": [265.14568510543296, 382.2493028631647, 114.57849146637578]}, "datetime": {"datetime": "2025-08-13 10:09:12", "elapsed": 1280.2571969032288, "delta": 24.118288278579712}, "costs": {"total_cost": 396.7488811121645, "time_cost": 99.358, "final_distance_cost": 1.737244674788163, "oscillation_cost": 184.77715422284052, "completition_cost": 0.0, "overshoot_cost": 63.104227159041656, "power_cost": 25.098740161132813, "noise_cost": 22.673514894361325, "n_waypoints_completed": 9, "tot_waypoints": 9}}
{"target": -533.162353174147, "params": {"k_pid_pos": [1.3885554450422086, 0.5811166092209024, 0.19977565166005762], "k_pid_alt": [1.6082490523645254, 0.7154071296158017, 0.14617324419269828], "k_pid_att": [82.46641904563413, 3.1034157057733522, 0.14387193297114265], "k_pid_yaw": [0.5, 1e-06, 0.1], "k_pid_hsp": [9.209712627827253, 0.16553172273527816, 0.28472008233793555], "k_pid_vsp": [61.44535807682345, 46.19602635065192, 8.459207513427996]}, "datetime": {"datetime": "2025-08-13 10:09:33", "elapsed": 1301.7677328586578, "delta": 21.510535955429077}, "costs": {"total_cost": 533.162353174147, "time_cost": 89.803, "final_distance_cost": 1.786843883441967, "oscillation_cost": 337.7881714042503, "completition_cost": 0.0, "overshoot_cost": 54.930308095735384, "power_cost": 24.419018579101564, "noise_cost": 24.435011211617734, "n_waypoints_completed": 9, "tot_waypoints": 9}}
{"target": -744.6296262223236, "params": {"k_pid_pos": [1.3368390832847643, 0.4710962061431325, 0.5652361064811888], "k_pid_alt": [1.5299977148320512, 0.6347183200005908, 0.5535794006579958], "k_pid_att": [55.92071607454135, 9.597749245839971, 0.030817834567939406], "k_pid_yaw": [0.5, 1e-06, 0.1], "k_pid_hsp": [2.4607415083882347, 0.45511784241176234, 0.40852864372463615], "k_pid_vsp": [341.36122930726646, 44.64014818809031, 63.04466029238821]}, "datetime": {"datetime": "2025-08-13 10:10:02", "elapsed": 1330.3620500564575, "delta": 28.594317197799683}, "costs": {"total_cost": 744.6296262223236, "time_cost": 116.291, "final_distance_cost": 1.7496848703021353, "oscillation_cost": 449.9192027526316, "completition_cost": 0.0, "overshoot_cost": 90.74955511049913, "power_cost": 46.562945361328126, "noise_cost": 39.35723812756254, "n_waypoints_completed": 9, "tot_waypoints": 9}}
