{"target": -192.83818308794235, "params": {"k_pid_pos": [1.733835489643198, 0.024859491386256316, 0.9451257094832697], "k_pid_alt": [1.4458679973838424, 0.00018965351824429266, 0.07444874772262577], "k_pid_att": [11.329609997636037, 3.4126860594551975, 0.2962482180956587], "k_pid_yaw": [0.5, 1e-06, 0.1], "k_pid_hsp": [0.09847755819799779, 0.011264223901387349, 0.0], "k_pid_vsp": [131.157380286128, 57.93155354082285, 16.252805564631274]}, "datetime": {"datetime": "2025-08-13 22:22:35", "elapsed": 45283.84711885452, "delta": 18.3250629901886}, "costs": {"total_cost": 192.83818308794235, "time_cost": 70.812, "final_distance_cost": 1.8267277296195297, "oscillation_cost": 27.779928777991767, "completition_cost": 0.0, "overshoot_cost": 51.795702876024635, "power_cost": 20.524161267089845, "noise_cost": 20.09966243721655, "n_waypoints_completed": 9, "tot_waypoints": 9}}
{"target": -1109.4142300537358, "params": {"k_pid_pos": [1.733835489643198, 0.024859491386256316, 0.13237539511535457], "k_pid_alt": [1.5786606064986153, 0.24975776312021047, 0.23086984934879706], "k_pid_att": [12.43088436511497, 1.1166001057131414, 0.9623745068707039], "k_pid_yaw": [0.5, 1e-06, 0.1], "k_pid_hsp": [0.09847755819799779, 0.5272074751296921, 0.0], "k_pid_vsp": [251.5004449007475, 57.93155354082285, 10.0]}, "datetime": {"datetime": "2025-08-13 22:23:05", "elapsed": 45313.48984646797, "delta": 29.642727613449097}, "costs": {"total_cost": 1109.4142300537358, "time_cost": 150, "final_distance_cost": 52.46469931540613, "oscillation_cost": 105.03324797947552, "completition_cost": 666.6666666666667, "overshoot_cost": 57.677119657439114, "power_cost": 39.90626826171875, "noise_cost": 37.66622817302962, "n_waypoints_completed": 3, "tot_waypoints": 9}}
{"target": -187.2241258830118, "params": {"k_pid_pos": [1.733835489643198, 0.024859491386256316, 0.9451257094832697], "k_pid_alt": [1.5786606064986153, 0.0, 0.053878507660848673], "k_pid_att": [29.46763110571006, 5.6580295118978245, 0.20497828334174084], "k_pid_yaw": [0.5, 1e-06, 0.1], "k_pid_hsp": [0.17225665165883555, 0.011264223901387349, 0.0], "k_pid_vsp": [93.65012360586942, 57.93155354082285, 10.0]}, "datetime": {"datetime": "2025-08-13 22:23:22", "elapsed": 45330.26275539398, "delta": 16.772908926010132}, "costs": {"total_cost": 187.2241258830118, "time_cost": 69.909, "final_distance_cost": 1.8476726736834002, "oscillation_cost": 27.833714872350534, "completition_cost": 0.0, "overshoot_cost": 50.69172473884143, "power_cost": 18.038418249511718, "noise_cost": 18.903595348624698, "n_waypoints_completed": 9, "tot_waypoints": 9}}
{"target": -196.09162893448587, "params": {"k_pid_pos": [1.733835489643198, 0.024859491386256316, 0.9451257094832697], "k_pid_alt": [1.5786606064986153, 0.0, 0.23086984934879706], "k_pid_att": [11.329609997636037, 3.4126860594551975, 0.9623745068707039], "k_pid_yaw": [0.5, 1e-06, 0.1], "k_pid_hsp": [0.09847755819799779, 0.011264223901387349, 0.0], "k_pid_vsp": [371.8706581382205, 261.48215325333564, 134.18887080171567]}, "datetime": {"datetime": "2025-08-13 22:23:41", "elapsed": 45349.98733282089, "delta": 19.7245774269104}, "costs": {"total_cost": 196.09162893448587, "time_cost": 74.494, "final_distance_cost": 1.8378226906671122, "oscillation_cost": 28.07887872935625, "completition_cost": 0.0, "overshoot_cost": 54.32305808518877, "power_cost": 19.527980419921874, "noise_cost": 17.829889009351866, "n_waypoints_completed": 9, "tot_waypoints": 9}}
{"target": -191.94216500220915, "params": {"k_pid_pos": [1.733835489643198, 0.024859491386256316, 0.49838956840353354], "k_pid_alt": [1.5786606064986153, 0.0, 0.23086984934879706], "k_pid_att": [29.46763110571006, 5.6580295118978245, 0.8045953967355457], "k_pid_yaw": [0.5, 1e-06, 0.1], "k_pid_hsp": [2.8438758747997364, 0.011264223901387349, 0.0], "k_pid_vsp": [371.8706581382205, 57.93155354082285, 16.252805564631274]}, "datetime": {"datetime": "2025-08-13 22:23:58", "elapsed": 45366.316147089005, "delta": 16.328814268112183}, "costs": {"total_cost": 191.94216500220915, "time_cost": 69.146, "final_distance_cost": 1.8420875493992794, "oscillation_cost": 38.503600492802505, "completition_cost": 0.0, "overshoot_cost": 50.92967908601537, "power_cost": 15.508293591308595, "noise_cost": 16.012504282683413, "n_waypoints_completed": 9, "tot_waypoints": 9}}
{"target": -3346.367244804667, "params": {"k_pid_pos": [1.733835489643198, 0.024859491386256316, 0.9029480546018064], "k_pid_alt": [1.5786606064986153, 0.028806210149256217, 0.07444874772262577], "k_pid_att": [4.211416689967007, 3.4126860594551975, 0.9623745068707039], "k_pid_yaw": [0.5, 1e-06, 0.1], "k_pid_hsp": [0.09847755819799779, 0.011264223901387349, 0.0], "k_pid_vsp": [18.79289508575375, 87.55844162537096, 309.88473966513897]}, "datetime": {"datetime": "2025-08-13 22:24:27", "elapsed": 45395.635026693344, "delta": 29.3188796043396}, "costs": {"total_cost": 3346.367244804667, "time_cost": 150, "final_distance_cost": 991.0577394781823, "oscillation_cost": 7.381497435528384, "completition_cost": 888.8888888888888, "overshoot_cost": 1247.885819501389, "power_cost": 28.973108117675782, "noise_cost": 32.18019138300253, "n_waypoints_completed": 1, "tot_waypoints": 9}}
{"target": -1383.8408708413936, "params": {"k_pid_pos": [1.733835489643198, 0.024859491386256316, 0.9451257094832697], "k_pid_alt": [0.5546012238802476, 0.00018965351824429266, 0.03709733230613255], "k_pid_att": [11.246502653247227, 1.1166001057131414, 0.3529475069797985], "k_pid_yaw": [0.5, 1e-06, 0.1], "k_pid_hsp": [0.09847755819799779, 0.011264223901387349, 0.5400436233611018], "k_pid_vsp": [104.30040172718557, 57.93155354082285, 10.0]}, "datetime": {"datetime": "2025-08-13 22:24:57", "elapsed": 45425.39637327194, "delta": 29.761346578598022}, "costs": {"total_cost": 1383.8408708413936, "time_cost": 150, "final_distance_cost": 40.82630509955354, "oscillation_cost": 467.4071393567737, "completition_cost": 555.5555555555555, "overshoot_cost": 93.14740514297752, "power_cost": 42.02210484619141, "noise_cost": 34.88236084034175, "n_waypoints_completed": 4, "tot_waypoints": 9}}
{"target": -185.57635658535662, "params": {"k_pid_pos": [1.733835489643198, 0.0822904257601288, 0.9451257094832697], "k_pid_alt": [1.5786606064986153, 0.0, 0.053878507660848673], "k_pid_att": [29.46763110571006, 5.6580295118978245, 0.9808211468183533], "k_pid_yaw": [0.5, 1e-06, 0.1], "k_pid_hsp": [0.17225665165883555, 0.011264223901387349, 0.0], "k_pid_vsp": [314.35290507228956, 57.93155354082285, 10.0]}, "datetime": {"datetime": "2025-08-13 22:25:16", "elapsed": 45445.04847693443, "delta": 19.652103662490845}, "costs": {"total_cost": 185.57635658535662, "time_cost": 70.126, "final_distance_cost": 1.8446790629166043, "oscillation_cost": 28.094591939292634, "completition_cost": 0.0, "overshoot_cost": 50.971915236097516, "power_cost": 16.820495080566406, "noise_cost": 17.71867526648343, "n_waypoints_completed": 9, "tot_waypoints": 9}}
{"target": -186.50249856992153, "params": {"k_pid_pos": [1.733835489643198, 0.024859491386256316, 0.9449229903817213], "k_pid_alt": [1.5786606064986153, 0.0, 0.23086984934879706], "k_pid_att": [11.329609997636037, 3.4126860594551975, 0.680058006373419], "k_pid_yaw": [0.5, 1e-06, 0.1], "k_pid_hsp": [0.09847755819799779, 0.011264223901387349, 0.0], "k_pid_vsp": [62.17525342689419, 57.93155354082285, 10.0]}, "datetime": {"datetime": "2025-08-13 22:25:33", "elapsed": 45461.6864259243, "delta": 16.637948989868164}, "costs": {"total_cost": 186.50249856992153, "time_cost": 70.049, "final_distance_cost": 1.8336606822507733, "oscillation_cost": 27.64698673999923, "completition_cost": 0.0, "overshoot_cost": 50.840099466529104, "power_cost": 17.442935632324218, "noise_cost": 18.689816048818198, "n_waypoints_completed": 9, "tot_waypoints": 9}}
{"target": -186.0790779940989, "params": {"k_pid_pos": [1.733835489643198, 0.024859491386256316, 0.9029480546018064], "k_pid_alt": [1.5786606064986153, 0.028806210149256217, 0.9944952565853343], "k_pid_att": [91.95156147363284, 8.592990512376142, 0.9623745068707039], "k_pid_yaw": [0.5, 1e-06, 0.1], "k_pid_hsp": [0.09847755819799779, 0.011264223901387349, 0.0], "k_pid_vsp": [18.79289508575375, 57.93155354082285, 16.252805564631274]}, "datetime": {"datetime": "2025-08-13 22:25:51", "elapsed": 45479.343531131744, "delta": 17.657105207443237}, "costs": {"total_cost": 186.0790779940989, "time_cost": 70.504, "final_distance_cost": 1.8355274279574751, "oscillation_cost": 27.340367931932533, "completition_cost": 0.0, "overshoot_cost": 51.0704088475629, "power_cost": 17.684399243164062, "noise_cost": 17.644374543481927, "n_waypoints_completed": 9, "tot_waypoints": 9}}
{"target": -220.27301563521038, "params": {"k_pid_pos": [1.733835489643198, 0.7548787995750461, 0.416330797462678], "k_pid_alt": [1.5786606064986153, 0.0, 0.25938735764965193], "k_pid_att": [29.46763110571006, 5.6580295118978245, 0.261380462049589], "k_pid_yaw": [0.5, 1e-06, 0.1], "k_pid_hsp": [0.17225665165883555, 0.011264223901387349, 0.0], "k_pid_vsp": [305.67975269326223, 130.53254854158118, 87.85455585795182]}, "datetime": {"datetime": "2025-08-13 22:26:11", "elapsed": 45499.3241353035, "delta": 19.98060417175293}, "costs": {"total_cost": 220.27301563521038, "time_cost": 84.112, "final_distance_cost": 1.8414884166738639, "oscillation_cost": 37.30334529600013, "completition_cost": 0.0, "overshoot_cost": 55.775079790499035, "power_cost": 21.09384879150391, "noise_cost": 20.147253340533435, "n_waypoints_completed": 9, "tot_waypoints": 9}}
{"target": -881.7419537213706, "params": {"k_pid_pos": [1.733835489643198, 0.024859491386256316, 0.9029480546018064], "k_pid_alt": [0.20409153928214518, 0.028806210149256217, 0.9944952565853343], "k_pid_att": [91.95156147363284, 7.157754275452794, 0.9623745068707039], "k_pid_yaw": [0.5, 1e-06, 0.1], "k_pid_hsp": [8.673962646499298, 0.011264223901387349, 0.0], "k_pid_vsp": [18.79289508575375, 57.93155354082285, 16.252805564631274]}, "datetime": {"datetime": "2025-08-13 22:26:40", "elapsed": 45528.65835213661, "delta": 29.334216833114624}, "costs": {"total_cost": 881.7419537213706, "time_cost": 150, "final_distance_cost": 94.8077014733548, "oscillation_cost": 296.3276138269336, "completition_cost": 222.2222222222222, "overshoot_cost": 64.22499420264414, "power_cost": 26.223853039550782, "noise_cost": 27.93556895666509, "n_waypoints_completed": 7, "tot_waypoints": 9}}
{"target": -269.8760033443499, "params": {"k_pid_pos": [1.733835489643198, 0.024859491386256316, 0.9029480546018064], "k_pid_alt": [1.5786606064986153, 0.028806210149256217, 0.9944952565853343], "k_pid_att": [91.95156147363284, 8.592990512376142, 0.9623745068707039], "k_pid_yaw": [0.5, 1e-06, 0.1], "k_pid_hsp": [0.09847755819799779, 0.011264223901387349, 0.0], "k_pid_vsp": [119.32291780727789, 57.93155354082285, 10.0]}, "datetime": {"datetime": "2025-08-13 22:27:03", "elapsed": 45551.297498464584, "delta": 22.639146327972412}, "costs": {"total_cost": 269.8760033443499, "time_cost": 91.56700000000001, "final_distance_cost": 1.8158905195098365, "oscillation_cost": 29.2786374403827, "completition_cost": 0.0, "overshoot_cost": 66.58784237384907, "power_cost": 37.76084611816407, "noise_cost": 42.86578689244425, "n_waypoints_completed": 9, "tot_waypoints": 9}}
{"target": -190.85880198527425, "params": {"k_pid_pos": [1.733835489643198, 0.024859491386256316, 0.9451257094832697], "k_pid_alt": [1.5786606064986153, 0.0, 0.23086984934879706], "k_pid_att": [11.329609997636037, 1.4953935029224072, 0.9623745068707039], "k_pid_yaw": [0.5, 1e-06, 0.1], "k_pid_hsp": [0.09847755819799779, 0.011264223901387349, 0.0], "k_pid_vsp": [18.79289508575375, 57.93155354082285, 16.252805564631274]}, "datetime": {"datetime": "2025-08-13 22:27:19", "elapsed": 45568.01930785179, "delta": 16.72180938720703}, "costs": {"total_cost": 190.85880198527425, "time_cost": 71.008, "final_distance_cost": 1.8391890139866143, "oscillation_cost": 26.464488931187976, "completition_cost": 0.0, "overshoot_cost": 52.44765513408894, "power_cost": 19.647758349609376, "noise_cost": 19.45171055640136, "n_waypoints_completed": 9, "tot_waypoints": 9}}
{"target": -190.0478872898383, "params": {"k_pid_pos": [1.733835489643198, 0.024859491386256316, 0.42495672118777295], "k_pid_alt": [1.85112020821355, 0.0, 0.23086984934879706], "k_pid_att": [25.06356558820614, 7.347914484943822, 0.680058006373419], "k_pid_yaw": [0.5, 1e-06, 0.1], "k_pid_hsp": [0.09847755819799779, 0.011264223901387349, 0.0], "k_pid_vsp": [305.67975269326223, 130.53254854158118, 10.0]}, "datetime": {"datetime": "2025-08-13 22:27:38", "elapsed": 45586.69824528694, "delta": 18.678937435150146}, "costs": {"total_cost": 190.0478872898383, "time_cost": 69.58, "final_distance_cost": 1.7786125376214335, "oscillation_cost": 30.914688163377228, "completition_cost": 0.0, "overshoot_cost": 50.782836218458755, "power_cost": 18.62638916015625, "noise_cost": 18.36536121022466, "n_waypoints_completed": 9, "tot_waypoints": 9}}
{"target": -186.45615462472438, "params": {"k_pid_pos": [1.733835489643198, 0.024859491386256316, 0.416330797462678], "k_pid_alt": [1.5786606064986153, 0.0, 0.25938735764965193], "k_pid_att": [29.46763110571006, 5.6580295118978245, 0.261380462049589], "k_pid_yaw": [0.5, 1e-06, 0.1], "k_pid_hsp": [0.17225665165883555, 0.011264223901387349, 0.0], "k_pid_vsp": [62.17525342689419, 57.93155354082285, 10.0]}, "datetime": {"datetime": "2025-08-13 22:27:54", "elapsed": 45602.69484901428, "delta": 15.996603727340698}, "costs": {"total_cost": 186.45615462472438, "time_cost": 69.083, "final_distance_cost": 1.821985390794723, "oscillation_cost": 30.57621976837478, "completition_cost": 0.0, "overshoot_cost": 50.545460282059075, "power_cost": 15.746786743164064, "noise_cost": 18.68270244033174, "n_waypoints_completed": 9, "tot_waypoints": 9}}
{"target": -225.85462975719219, "params": {"k_pid_pos": [1.733835489643198, 0.024859491386256316, 0.9029480546018064], "k_pid_alt": [1.5786606064986153, 0.7293547064325894, 0.23086984934879706], "k_pid_att": [11.329609997636037, 3.4126860594551975, 0.680058006373419], "k_pid_yaw": [0.5, 1e-06, 0.1], "k_pid_hsp": [0.09847755819799779, 0.011264223901387349, 0.0], "k_pid_vsp": [62.17525342689419, 57.93155354082285, 10.0]}, "datetime": {"datetime": "2025-08-13 22:28:15", "elapsed": 45623.83124136925, "delta": 21.13639235496521}, "costs": {"total_cost": 225.85462975719219, "time_cost": 83.678, "final_distance_cost": 1.7591036730395477, "oscillation_cost": 31.526751667410657, "completition_cost": 0.0, "overshoot_cost": 56.55676591150161, "power_cost": 27.385799865722657, "noise_cost": 24.948208639517734, "n_waypoints_completed": 9, "tot_waypoints": 9}}
{"target": -189.84116970512292, "params": {"k_pid_pos": [1.733835489643198, 0.024859491386256316, 0.9449229903817213], "k_pid_alt": [1.5786606064986153, 0.028806210149256217, 0.9944952565853343], "k_pid_att": [91.95156147363284, 8.592990512376142, 0.9623745068707039], "k_pid_yaw": [0.5, 1e-06, 0.1], "k_pid_hsp": [0.09847755819799779, 0.011264223901387349, 0.0], "k_pid_vsp": [18.79289508575375, 57.93155354082285, 16.252805564631274]}, "datetime": {"datetime": "2025-08-13 22:28:32", "elapsed": 45640.980726480484, "delta": 17.149485111236572}, "costs": {"total_cost": 189.84116970512292, "time_cost": 71.512, "final_distance_cost": 1.8272588681006323, "oscillation_cost": 26.84878394427103, "completition_cost": 0.0, "overshoot_cost": 52.148717951662704, "power_cost": 18.855464672851564, "noise_cost": 18.64894426823702, "n_waypoints_completed": 9, "tot_waypoints": 9}}
{"target": -1192.5857339254173, "params": {"k_pid_pos": [1.733835489643198, 0.024859491386256316, 0.9451257094832697], "k_pid_alt": [1.5786606064986153, 0.7924061734480113, 0.23086984934879706], "k_pid_att": [11.329609997636037, 1.4953935029224072, 0.9623745068707039], "k_pid_yaw": [0.5, 1e-06, 0.1], "k_pid_hsp": [0.09847755819799779, 0.9499841541966557, 0.0], "k_pid_vsp": [251.5004449007475, 57.93155354082285, 10.0]}, "datetime": {"datetime": "2025-08-13 22:29:03", "elapsed": 45671.64362812042, "delta": 30.662901639938354}, "costs": {"total_cost": 1192.5857339254173, "time_cost": 150, "final_distance_cost": 58.05241837190453, "oscillation_cost": 123.34337911539843, "completition_cost": 666.6666666666667, "overshoot_cost": 93.22681141143448, "power_cost": 49.401614074707034, "noise_cost": 51.894844285305815, "n_waypoints_completed": 3, "tot_waypoints": 9}}
{"target": -184.95271512947812, "params": {"k_pid_pos": [1.733835489643198, 0.024859491386256316, 0.9451257094832697], "k_pid_alt": [1.5786606064986153, 0.0, 0.23086984934879706], "k_pid_att": [11.329609997636037, 3.4126860594551975, 0.3529475069797985], "k_pid_yaw": [0.5, 1e-06, 0.1], "k_pid_hsp": [0.09847755819799779, 0.011264223901387349, 0.0], "k_pid_vsp": [305.67975269326223, 130.53254854158118, 10.0]}, "datetime": {"datetime": "2025-08-13 22:29:21", "elapsed": 45689.09928703308, "delta": 17.45565891265869}, "costs": {"total_cost": 184.95271512947812, "time_cost": 69.44, "final_distance_cost": 1.8208159775977915, "oscillation_cost": 28.825348161137992, "completition_cost": 0.0, "overshoot_cost": 50.72353760775926, "power_cost": 16.671648120117187, "noise_cost": 17.471365262865874, "n_waypoints_completed": 9, "tot_waypoints": 9}}
{"target": -1860.008986723259, "params": {"k_pid_pos": [1.733835489643198, 0.024859491386256316, 0.416330797462678], "k_pid_alt": [0.3926508565225477, 0.0, 0.053878507660848673], "k_pid_att": [29.46763110571006, 5.6580295118978245, 0.261380462049589], "k_pid_yaw": [0.5, 1e-06, 0.1], "k_pid_hsp": [0.17225665165883555, 0.011264223901387349, 0.42135426832000655], "k_pid_vsp": [303.00008221409286, 57.93155354082285, 10.0]}, "datetime": {"datetime": "2025-08-13 22:29:51", "elapsed": 45719.462288856506, "delta": 30.363001823425293}, "costs": {"total_cost": 1860.008986723259, "time_cost": 150, "final_distance_cost": 63.340724744801136, "oscillation_cost": 816.9798956165874, "completition_cost": 666.6666666666667, "overshoot_cost": 110.02812241683692, "power_cost": 24.945013964843753, "noise_cost": 28.048563313523147, "n_waypoints_completed": 3, "tot_waypoints": 9}}
{"target": -200.37760089958329, "params": {"k_pid_pos": [1.733835489643198, 0.024859491386256316, 0.9451257094832697], "k_pid_alt": [1.4458679973838424, 0.00018965351824429266, 0.23086984934879706], "k_pid_att": [11.246502653247227, 1.1166001057131414, 0.3529475069797985], "k_pid_yaw": [0.5, 1e-06, 0.1], "k_pid_hsp": [6.945566142386952, 0.3950404285906909, 0.0], "k_pid_vsp": [104.30040172718557, 57.93155354082285, 10.0]}, "datetime": {"datetime": "2025-08-13 22:30:08", "elapsed": 45736.6670088768, "delta": 17.20472002029419}, "costs": {"total_cost": 200.37760089958329, "time_cost": 69.629, "final_distance_cost": 1.8475019125378145, "oscillation_cost": 45.62427056877256, "completition_cost": 0.0, "overshoot_cost": 50.02792097423572, "power_cost": 14.476736682128907, "noise_cost": 18.772170761908285, "n_waypoints_completed": 9, "tot_waypoints": 9}}
{"target": -188.72832609941258, "params": {"k_pid_pos": [1.733835489643198, 0.024859491386256316, 0.9451257094832697], "k_pid_alt": [1.5786606064986153, 0.0, 0.23086984934879706], "k_pid_att": [11.329609997636037, 7.389614396826664, 0.9623745068707039], "k_pid_yaw": [0.5, 1e-06, 0.1], "k_pid_hsp": [0.09847755819799779, 0.011264223901387349, 0.0], "k_pid_vsp": [251.5004449007475, 57.93155354082285, 10.0]}, "datetime": {"datetime": "2025-08-13 22:30:26", "elapsed": 45754.89774084091, "delta": 18.230731964111328}, "costs": {"total_cost": 188.72832609941258, "time_cost": 70.007, "final_distance_cost": 1.8282976987959978, "oscillation_cost": 29.166198890943885, "completition_cost": 0.0, "overshoot_cost": 50.75872150625816, "power_cost": 18.395702282714844, "noise_cost": 18.572405720699678, "n_waypoints_completed": 9, "tot_waypoints": 9}}
{"target": -894.7039887673932, "params": {"k_pid_pos": [1.733835489643198, 0.024859491386256316, 0.416330797462678], "k_pid_alt": [1.5786606064986153, 0.0, 0.04865678698342779], "k_pid_att": [29.46763110571006, 5.6580295118978245, 0.261380462049589], "k_pid_yaw": [0.5, 1e-06, 0.1], "k_pid_hsp": [0.17225665165883555, 0.8404660548178111, 0.0], "k_pid_vsp": [305.67975269326223, 130.53254854158118, 10.0]}, "datetime": {"datetime": "2025-08-13 22:30:57", "elapsed": 45785.18765592575, "delta": 30.289915084838867}, "costs": {"total_cost": 894.7039887673932, "time_cost": 150, "final_distance_cost": 54.30152751013525, "oscillation_cost": 122.82113410434957, "completition_cost": 444.4444444444444, "overshoot_cost": 58.67614104407213, "power_cost": 30.16163825683594, "noise_cost": 34.29910340755589, "n_waypoints_completed": 5, "tot_waypoints": 9}}
{"target": -269.1516504216181, "params": {"k_pid_pos": [1.733835489643198, 0.024859491386256316, 0.9451257094832697], "k_pid_alt": [0.8822067347529445, 0.0, 0.23086984934879706], "k_pid_att": [11.329609997636037, 3.4126860594551975, 0.3529475069797985], "k_pid_yaw": [0.5, 1e-06, 0.1], "k_pid_hsp": [0.09847755819799779, 0.011264223901387349, 0.05451025804354759], "k_pid_vsp": [353.17003117669674, 174.98827989243384, 10.0]}, "datetime": {"datetime": "2025-08-13 22:31:16", "elapsed": 45804.76462697983, "delta": 19.57697105407715}, "costs": {"total_cost": 269.1516504216181, "time_cost": 82.355, "final_distance_cost": 1.8243881640918451, "oscillation_cost": 97.15302123931586, "completition_cost": 0.0, "overshoot_cost": 52.17022018950481, "power_cost": 14.343658166503907, "noise_cost": 21.3053626622017, "n_waypoints_completed": 9, "tot_waypoints": 9}}
