{"target": -185.35159748360866, "params": {"k_pid_pos": [1.733835489643198, 0.024859491386256316, 0.9451257094832697], "k_pid_alt": [1.5786606064986153, 0.0, 0.23086984934879706], "k_pid_att": [29.46763110571006, 5.6580295118978245, 0.3529475069797985], "k_pid_yaw": [0.5, 1e-06, 0.1], "k_pid_hsp": [0.17225665165883555, 0.011264223901387349, 0.0], "k_pid_vsp": [387.1470188825909, 57.93155354082285, 16.252805564631274]}, "datetime": {"datetime": "2025-08-13 20:48:42", "elapsed": 39651.05565953255, "delta": 16.56878113746643}, "costs": {"total_cost": 185.35159748360866, "time_cost": 69.825, "final_distance_cost": 1.849199832027093, "oscillation_cost": 29.11487575087331, "completition_cost": 0.0, "overshoot_cost": 50.64895070880246, "power_cost": 16.926676501464843, "noise_cost": 16.986894690440945, "n_waypoints_completed": 9, "tot_waypoints": 9}}
{"target": -1608.0163516626371, "params": {"k_pid_pos": [1.733835489643198, 0.024859491386256316, 0.7419950763377208], "k_pid_alt": [1.4458679973838424, 0.028806210149256217, 0.3146878632891922], "k_pid_att": [29.46763110571006, 5.6580295118978245, 0.9623745068707039], "k_pid_yaw": [0.5, 1e-06, 0.1], "k_pid_hsp": [0.09847755819799779, 0.011264223901387349, 0.6131883133805259], "k_pid_vsp": [333.9671041363143, 289.9420907665546, 16.252805564631274]}, "datetime": {"datetime": "2025-08-13 20:49:12", "elapsed": 39680.48468542099, "delta": 29.429025888442993}, "costs": {"total_cost": 1608.0163516626371, "time_cost": 150, "final_distance_cost": 59.39280879081564, "oscillation_cost": 567.2184404117553, "completition_cost": 666.6666666666667, "overshoot_cost": 110.64079539191505, "power_cost": 27.929418957519534, "noise_cost": 26.16822144396501, "n_waypoints_completed": 3, "tot_waypoints": 9}}
{"target": -185.89624175385433, "params": {"k_pid_pos": [1.8792899704868669, 0.038219275878738745, 0.8672549058211023], "k_pid_alt": [1.5786606064986153, 0.0, 0.23086984934879706], "k_pid_att": [29.46763110571006, 5.3753599788647985, 0.3529475069797985], "k_pid_yaw": [0.5, 1e-06, 0.1], "k_pid_hsp": [0.09847755819799779, 0.011264223901387349, 0.0], "k_pid_vsp": [251.5004449007475, 59.083466427248936, 10.0]}, "datetime": {"datetime": "2025-08-13 20:49:29", "elapsed": 39697.82145190239, "delta": 17.336766481399536}, "costs": {"total_cost": 185.89624175385433, "time_cost": 69.706, "final_distance_cost": 1.8236054481500568, "oscillation_cost": 29.141221010948176, "completition_cost": 0.0, "overshoot_cost": 51.0249793064048, "power_cost": 15.478355993652345, "noise_cost": 18.722079994698937, "n_waypoints_completed": 9, "tot_waypoints": 9}}
{"target": -191.12144674963193, "params": {"k_pid_pos": [1.733835489643198, 0.024859491386256316, 0.9451257094832697], "k_pid_alt": [1.440715734429763, 0.028806210149256217, 0.3146878632891922], "k_pid_att": [29.46763110571006, 5.6580295118978245, 0.9623745068707039], "k_pid_yaw": [0.5, 1e-06, 0.1], "k_pid_hsp": [0.09847755819799779, 0.011264223901387349, 0.0], "k_pid_vsp": [251.5004449007475, 59.083466427248936, 10.0]}, "datetime": {"datetime": "2025-08-13 20:49:46", "elapsed": 39714.71569442749, "delta": 16.894242525100708}, "costs": {"total_cost": 191.12144674963193, "time_cost": 70.84700000000001, "final_distance_cost": 1.842283322209758, "oscillation_cost": 27.42922274620311, "completition_cost": 0.0, "overshoot_cost": 51.77302918763909, "power_cost": 19.68476385498047, "noise_cost": 19.545147638599513, "n_waypoints_completed": 9, "tot_waypoints": 9}}
{"target": -210.33689541234546, "params": {"k_pid_pos": [1.733835489643198, 0.7626829481589051, 0.880416601094507], "k_pid_alt": [1.5786606064986153, 0.0, 0.23086984934879706], "k_pid_att": [29.46763110571006, 5.6580295118978245, 0.3529475069797985], "k_pid_yaw": [0.5, 1e-06, 0.1], "k_pid_hsp": [0.17225665165883555, 0.011264223901387349, 0.0], "k_pid_vsp": [387.1470188825909, 57.93155354082285, 16.252805564631274]}, "datetime": {"datetime": "2025-08-13 20:50:06", "elapsed": 39735.05424141884, "delta": 20.338546991348267}, "costs": {"total_cost": 210.33689541234546, "time_cost": 78.834, "final_distance_cost": 1.7633704925534692, "oscillation_cost": 31.88950980479047, "completition_cost": 0.0, "overshoot_cost": 51.93076631742194, "power_cost": 23.414473205566406, "noise_cost": 22.50477559201317, "n_waypoints_completed": 9, "tot_waypoints": 9}}
{"target": -340.89027137837263, "params": {"k_pid_pos": [1.8792899704868669, 0.024859491386256316, 0.704167472379422], "k_pid_alt": [1.477768752937916, 0.5971434533176183, 0.6600607021214705], "k_pid_att": [29.46763110571006, 5.6580295118978245, 0.21500662963158956], "k_pid_yaw": [0.5, 1e-06, 0.1], "k_pid_hsp": [0.09847755819799779, 0.37907839731060067, 0.0], "k_pid_vsp": [278.48014832846997, 59.083466427248936, 10.0]}, "datetime": {"datetime": "2025-08-13 20:50:33", "elapsed": 39761.50408864021, "delta": 26.44984722137451}, "costs": {"total_cost": 340.89027137837263, "time_cost": 108.444, "final_distance_cost": 1.7997150839206615, "oscillation_cost": 124.27673216533205, "completition_cost": 0.0, "overshoot_cost": 56.82894366212786, "power_cost": 20.14279451904297, "noise_cost": 29.39808594794911, "n_waypoints_completed": 9, "tot_waypoints": 9}}
{"target": -189.03449136143934, "params": {"k_pid_pos": [1.733835489643198, 0.024859491386256316, 0.9451257094832697], "k_pid_alt": [1.4458679973838424, 0.028806210149256217, 0.3146878632891922], "k_pid_att": [68.93098199109546, 2.6889016979653872, 0.6559199499296157], "k_pid_yaw": [0.5, 1e-06, 0.1], "k_pid_hsp": [0.09847755819799779, 0.011264223901387349, 0.0], "k_pid_vsp": [251.5004449007475, 59.083466427248936, 10.0]}, "datetime": {"datetime": "2025-08-13 20:50:50", "elapsed": 39778.248932123184, "delta": 16.74484348297119}, "costs": {"total_cost": 189.03449136143934, "time_cost": 70.525, "final_distance_cost": 1.8436981022309311, "oscillation_cost": 28.09647594686252, "completition_cost": 0.0, "overshoot_cost": 51.91505518143725, "power_cost": 17.93580792236328, "noise_cost": 18.718454208545335, "n_waypoints_completed": 9, "tot_waypoints": 9}}
{"target": -704.6972509675317, "params": {"k_pid_pos": [1.8811307174574419, 0.024859491386256316, 0.704167472379422], "k_pid_alt": [1.477768752937916, 0.00018965351824429266, 0.6600607021214705], "k_pid_att": [25.997073188089082, 2.6889016979653872, 0.08105699149151435], "k_pid_yaw": [0.5, 1e-06, 0.1], "k_pid_hsp": [0.09847755819799779, 0.011264223901387349, 0.0], "k_pid_vsp": [251.5004449007475, 59.083466427248936, 130.14958620146152]}, "datetime": {"datetime": "2025-08-13 20:51:20", "elapsed": 39808.09834122658, "delta": 29.849409103393555}, "costs": {"total_cost": 704.6972509675317, "time_cost": 150, "final_distance_cost": 71.21463033298342, "oscillation_cost": 26.649933649547478, "completition_cost": 333.33333333333337, "overshoot_cost": 60.44472606298561, "power_cost": 34.45437396240234, "noise_cost": 28.600253626279464, "n_waypoints_completed": 6, "tot_waypoints": 9}}
{"target": -1707.7172544444647, "params": {"k_pid_pos": [1.5164821318119608, 0.024859491386256316, 0.45183138031506087], "k_pid_alt": [0.747058922102781, 0.00018965351824429266, 0.6600607021214705], "k_pid_att": [68.93098199109546, 2.6889016979653872, 0.6559199499296157], "k_pid_yaw": [0.5, 1e-06, 0.1], "k_pid_hsp": [0.09847755819799779, 0.011264223901387349, 0.0933370746102804], "k_pid_vsp": [251.5004449007475, 59.083466427248936, 378.0276463997573]}, "datetime": {"datetime": "2025-08-13 20:51:48", "elapsed": 39837.03893828392, "delta": 28.94059705734253}, "costs": {"total_cost": 1707.7172544444647, "time_cost": 150, "final_distance_cost": 63.01647408699717, "oscillation_cost": 509.5386766729627, "completition_cost": 888.8888888888888, "overshoot_cost": 30.186145336478848, "power_cost": 37.02424544677734, "noise_cost": 29.06282401236009, "n_waypoints_completed": 1, "tot_waypoints": 9}}
{"target": -194.98180658409643, "params": {"k_pid_pos": [1.8811307174574419, 0.024859491386256316, 0.704167472379422], "k_pid_alt": [1.411112159818204, 0.00018965351824429266, 0.6600607021214705], "k_pid_att": [60.80703776507656, 2.6889016979653872, 0.6559199499296157], "k_pid_yaw": [0.5, 1e-06, 0.1], "k_pid_hsp": [0.09847755819799779, 0.011264223901387349, 0.0], "k_pid_vsp": [251.5004449007475, 59.083466427248936, 63.37118315844313]}, "datetime": {"datetime": "2025-08-13 20:52:07", "elapsed": 39855.69534897804, "delta": 18.656410694122314}, "costs": {"total_cost": 194.98180658409643, "time_cost": 74.025, "final_distance_cost": 1.8543222655343696, "oscillation_cost": 30.26223855472411, "completition_cost": 0.0, "overshoot_cost": 53.3763210169585, "power_cost": 18.611544848632814, "noise_cost": 16.852379898246653, "n_waypoints_completed": 9, "tot_waypoints": 9}}
{"target": -1133.3168610268556, "params": {"k_pid_pos": [1.8792899704868669, 0.024859491386256316, 0.704167472379422], "k_pid_alt": [1.477768752937916, 0.00018965351824429266, 0.6600607021214705], "k_pid_att": [68.93098199109546, 2.6889016979653872, 0.6559199499296157], "k_pid_yaw": [0.5, 1e-06, 0.1], "k_pid_hsp": [0.09847755819799779, 0.758576650728263, 0.0], "k_pid_vsp": [251.5004449007475, 59.083466427248936, 10.0]}, "datetime": {"datetime": "2025-08-13 20:52:35", "elapsed": 39884.03275322914, "delta": 28.337404251098633}, "costs": {"total_cost": 1133.3168610268556, "time_cost": 150, "final_distance_cost": 58.775568210864925, "oscillation_cost": 127.12267140802031, "completition_cost": 666.6666666666667, "overshoot_cost": 66.56168167713037, "power_cost": 29.934250024414062, "noise_cost": 34.25602303975923, "n_waypoints_completed": 3, "tot_waypoints": 9}}
{"target": -1461.4502324773557, "params": {"k_pid_pos": [1.6248320196330406, 0.024859491386256316, 0.704167472379422], "k_pid_alt": [1.477768752937916, 0.00018965351824429266, 0.6600607021214705], "k_pid_att": [25.997073188089082, 2.6889016979653872, 0.08105699149151435], "k_pid_yaw": [0.5, 1e-06, 0.1], "k_pid_hsp": [0.09847755819799779, 0.011264223901387349, 0.0], "k_pid_vsp": [387.1470188825909, 59.083466427248936, 362.9814901044949]}, "datetime": {"datetime": "2025-08-13 20:53:04", "elapsed": 39912.746517658234, "delta": 28.713764429092407}, "costs": {"total_cost": 1461.4502324773557, "time_cost": 150, "final_distance_cost": 1.000920406966569, "oscillation_cost": 4.112448326717396, "completition_cost": 1000.0, "overshoot_cost": 162.9609126086068, "power_cost": 29.36203095703125, "noise_cost": 114.01392017803369, "n_waypoints_completed": 0, "tot_waypoints": 9}}
{"target": -188.53772447267534, "params": {"k_pid_pos": [1.8792899704868669, 0.038219275878738745, 0.9752376885840038], "k_pid_alt": [1.5786606064986153, 0.0, 0.23086984934879706], "k_pid_att": [29.46763110571006, 5.6580295118978245, 0.3529475069797985], "k_pid_yaw": [0.5, 1e-06, 0.1], "k_pid_hsp": [0.09847755819799779, 0.011264223901387349, 0.0], "k_pid_vsp": [333.9671041363143, 289.9420907665546, 16.252805564631274]}, "datetime": {"datetime": "2025-08-13 20:53:22", "elapsed": 39930.74218869209, "delta": 17.995671033859253}, "costs": {"total_cost": 188.53772447267534, "time_cost": 69.734, "final_distance_cost": 1.8350611235409848, "oscillation_cost": 28.652708812483542, "completition_cost": 0.0, "overshoot_cost": 50.864636260327615, "power_cost": 18.889428930664064, "noise_cost": 18.56188934565915, "n_waypoints_completed": 9, "tot_waypoints": 9}}
{"target": -191.1770376873659, "params": {"k_pid_pos": [1.733835489643198, 0.024859491386256316, 0.9451257094832697], "k_pid_alt": [1.5786606064986153, 0.0, 0.23086984934879706], "k_pid_att": [29.46763110571006, 5.6580295118978245, 0.3529475069797985], "k_pid_yaw": [0.5, 1e-06, 0.1], "k_pid_hsp": [0.17225665165883555, 0.011264223901387349, 0.0], "k_pid_vsp": [387.1470188825909, 57.93155354082285, 16.252805564631274]}, "datetime": {"datetime": "2025-08-13 20:53:41", "elapsed": 39949.54864382744, "delta": 18.80645513534546}, "costs": {"total_cost": 191.1770376873659, "time_cost": 70.875, "final_distance_cost": 1.8434590555273649, "oscillation_cost": 27.934086602185282, "completition_cost": 0.0, "overshoot_cost": 51.436228654525266, "power_cost": 19.471052746582032, "noise_cost": 19.617210628545983, "n_waypoints_completed": 9, "tot_waypoints": 9}}
{"target": -189.76419651348453, "params": {"k_pid_pos": [1.8792899704868669, 0.038219275878738745, 0.8672549058211023], "k_pid_alt": [1.5786606064986153, 0.0, 0.23086984934879706], "k_pid_att": [29.46763110571006, 5.3753599788647985, 0.3529475069797985], "k_pid_yaw": [0.5, 1e-06, 0.1], "k_pid_hsp": [0.09847755819799779, 0.011264223901387349, 0.0], "k_pid_vsp": [251.5004449007475, 59.083466427248936, 10.0]}, "datetime": {"datetime": "2025-08-13 20:53:58", "elapsed": 39966.178482055664, "delta": 16.629838228225708}, "costs": {"total_cost": 189.76419651348453, "time_cost": 70.49, "final_distance_cost": 1.8237197714466487, "oscillation_cost": 28.39978996115163, "completition_cost": 0.0, "overshoot_cost": 51.46353268610498, "power_cost": 18.7220533203125, "noise_cost": 18.86510077446877, "n_waypoints_completed": 9, "tot_waypoints": 9}}
{"target": -193.88142565505146, "params": {"k_pid_pos": [1.8792899704868669, 0.038219275878738745, 0.15504459629470158], "k_pid_alt": [1.5786606064986153, 0.0, 0.6600607021214705], "k_pid_att": [68.93098199109546, 2.6889016979653872, 0.6559199499296157], "k_pid_yaw": [0.5, 1e-06, 0.1], "k_pid_hsp": [0.09847755819799779, 0.011264223901387349, 0.0], "k_pid_vsp": [251.5004449007475, 250.21609499067577, 10.0]}, "datetime": {"datetime": "2025-08-13 20:54:16", "elapsed": 39984.58532953262, "delta": 18.40684747695923}, "costs": {"total_cost": 193.88142565505146, "time_cost": 70.987, "final_distance_cost": 1.802384970773001, "oscillation_cost": 33.84237621482006, "completition_cost": 0.0, "overshoot_cost": 51.07375966089815, "power_cost": 17.12395340576172, "noise_cost": 19.05195140279855, "n_waypoints_completed": 9, "tot_waypoints": 9}}
{"target": -184.68152939675582, "params": {"k_pid_pos": [1.733835489643198, 0.024859491386256316, 0.9451257094832697], "k_pid_alt": [1.4458679973838424, 0.00018965351824429266, 0.23086984934879706], "k_pid_att": [11.246502653247227, 5.6580295118978245, 0.3529475069797985], "k_pid_yaw": [0.5, 1e-06, 0.1], "k_pid_hsp": [0.09847755819799779, 0.011264223901387349, 0.0], "k_pid_vsp": [333.9671041363143, 289.9420907665546, 16.252805564631274]}, "datetime": {"datetime": "2025-08-13 20:54:32", "elapsed": 40000.91928267479, "delta": 16.333953142166138}, "costs": {"total_cost": 184.68152939675582, "time_cost": 69.601, "final_distance_cost": 1.8343709828050945, "oscillation_cost": 29.481815707871505, "completition_cost": 0.0, "overshoot_cost": 50.666184679247124, "power_cost": 16.723309997558594, "noise_cost": 16.374848029273508, "n_waypoints_completed": 9, "tot_waypoints": 9}}
{"target": -190.31585968909897, "params": {"k_pid_pos": [1.8792899704868669, 0.038219275878738745, 0.9752376885840038], "k_pid_alt": [1.5786606064986153, 0.972950519011735, 0.8561296716900385], "k_pid_att": [29.46763110571006, 5.6580295118978245, 0.3529475069797985], "k_pid_yaw": [0.5, 1e-06, 0.1], "k_pid_hsp": [0.09847755819799779, 0.011264223901387349, 0.0], "k_pid_vsp": [333.9671041363143, 289.9420907665546, 16.252805564631274]}, "datetime": {"datetime": "2025-08-13 20:54:51", "elapsed": 40019.52702665329, "delta": 18.607743978500366}, "costs": {"total_cost": 190.31585968909897, "time_cost": 75.166, "final_distance_cost": 1.7715588879211164, "oscillation_cost": 31.631389831784897, "completition_cost": 0.0, "overshoot_cost": 51.746610433448815, "power_cost": 14.506199621582033, "noise_cost": 15.494100914362114, "n_waypoints_completed": 9, "tot_waypoints": 9}}
{"target": -406.4438473455076, "params": {"k_pid_pos": [1.5164821318119608, 0.024859491386256316, 0.704167472379422], "k_pid_alt": [1.477768752937916, 0.00018965351824429266, 0.04765230386150865], "k_pid_att": [25.997073188089082, 2.6889016979653872, 0.08105699149151435], "k_pid_yaw": [0.5, 1e-06, 0.1], "k_pid_hsp": [0.09847755819799779, 0.5286484062691404, 0.0], "k_pid_vsp": [251.5004449007475, 59.083466427248936, 19.905301600864938]}, "datetime": {"datetime": "2025-08-13 20:55:20", "elapsed": 40048.93409895897, "delta": 29.40707230567932}, "costs": {"total_cost": 406.4438473455076, "time_cost": 118.342, "final_distance_cost": 1.8559682678204046, "oscillation_cost": 139.38546522098997, "completition_cost": 0.0, "overshoot_cost": 70.39659988303912, "power_cost": 39.89838947753906, "noise_cost": 36.56542449611902, "n_waypoints_completed": 9, "tot_waypoints": 9}}
{"target": -181.11820359127924, "params": {"k_pid_pos": [1.733835489643198, 0.024859491386256316, 0.9451257094832697], "k_pid_alt": [1.5786606064986153, 0.0, 0.23086984934879706], "k_pid_att": [29.46763110571006, 5.6580295118978245, 0.20497828334174084], "k_pid_yaw": [0.5, 1e-06, 0.1], "k_pid_hsp": [0.17225665165883555, 0.011264223901387349, 0.0], "k_pid_vsp": [121.11927891757475, 57.93155354082285, 16.252805564631274]}, "datetime": {"datetime": "2025-08-13 20:55:37", "elapsed": 40065.177605867386, "delta": 16.243506908416748}, "costs": {"total_cost": 181.11820359127924, "time_cost": 68.978, "final_distance_cost": 1.843970682342651, "oscillation_cost": 29.694587237211, "completition_cost": 0.0, "overshoot_cost": 49.63923562891929, "power_cost": 15.39029569091797, "noise_cost": 15.572114351888324, "n_waypoints_completed": 9, "tot_waypoints": 9}}
{"target": -496.9331760759436, "params": {"k_pid_pos": [1.733835489643198, 0.024859491386256316, 0.9451257094832697], "k_pid_alt": [1.440715734429763, 0.028806210149256217, 0.3146878632891922], "k_pid_att": [29.46763110571006, 5.6580295118978245, 0.07467988019100957], "k_pid_yaw": [0.5, 1e-06, 0.1], "k_pid_hsp": [2.801807545737723, 0.011264223901387349, 0.14758719081210547], "k_pid_vsp": [137.42066172705395, 59.083466427248936, 10.0]}, "datetime": {"datetime": "2025-08-13 20:55:55", "elapsed": 40083.51292324066, "delta": 18.335317373275757}, "costs": {"total_cost": 496.9331760759436, "time_cost": 73.85000000000001, "final_distance_cost": 1.826386086524409, "oscillation_cost": 325.8189472037316, "completition_cost": 0.0, "overshoot_cost": 51.700337470157876, "power_cost": 22.100971997070314, "noise_cost": 21.636533318459396, "n_waypoints_completed": 9, "tot_waypoints": 9}}
{"target": -920.8024186174454, "params": {"k_pid_pos": [1.8792899704868669, 0.038219275878738745, 0.9752376885840038], "k_pid_alt": [1.5786606064986153, 0.05522870589016149, 0.23086984934879706], "k_pid_att": [29.46763110571006, 5.6580295118978245, 0.6559199499296157], "k_pid_yaw": [0.5, 1e-06, 0.1], "k_pid_hsp": [0.09847755819799779, 0.7143847214026764, 0.0], "k_pid_vsp": [251.5004449007475, 250.21609499067577, 22.211825688563795]}, "datetime": {"datetime": "2025-08-13 20:56:25", "elapsed": 40113.654394865036, "delta": 30.14147162437439}, "costs": {"total_cost": 920.8024186174454, "time_cost": 150, "final_distance_cost": 54.503092537038604, "oscillation_cost": 144.90294342532556, "completition_cost": 444.4444444444444, "overshoot_cost": 59.92507711738863, "power_cost": 34.616605895996095, "noise_cost": 32.41025519725196, "n_waypoints_completed": 5, "tot_waypoints": 9}}
{"target": -691.8401164013374, "params": {"k_pid_pos": [1.733835489643198, 0.024859491386256316, 0.9451257094832697], "k_pid_alt": [1.4458679973838424, 0.00018965351824429266, 0.6600607021214705], "k_pid_att": [68.93098199109546, 2.6889016979653872, 0.3529475069797985], "k_pid_yaw": [0.5, 1e-06, 0.1], "k_pid_hsp": [0.09847755819799779, 0.011264223901387349, 0.0], "k_pid_vsp": [344.0600164616191, 289.9420907665546, 211.66936240402038]}, "datetime": {"datetime": "2025-08-13 20:56:54", "elapsed": 40142.853771448135, "delta": 29.199376583099365}, "costs": {"total_cost": 691.8401164013374, "time_cost": 150, "final_distance_cost": 71.29679129717852, "oscillation_cost": 23.943944635957898, "completition_cost": 333.33333333333337, "overshoot_cost": 53.5583540028057, "power_cost": 32.07333994140625, "noise_cost": 27.63435319065559, "n_waypoints_completed": 6, "tot_waypoints": 9}}
{"target": -188.4657630876963, "params": {"k_pid_pos": [1.733835489643198, 0.024859491386256316, 0.9451257094832697], "k_pid_alt": [1.4458679973838424, 0.00018965351824429266, 0.6600607021214705], "k_pid_att": [68.93098199109546, 2.6889016979653872, 0.6559199499296157], "k_pid_yaw": [0.5, 1e-06, 0.1], "k_pid_hsp": [0.09847755819799779, 0.011264223901387349, 0.0], "k_pid_vsp": [251.5004449007475, 130.53254854158118, 10.0]}, "datetime": {"datetime": "2025-08-13 20:57:11", "elapsed": 40159.69521903992, "delta": 16.841447591781616}, "costs": {"total_cost": 188.4657630876963, "time_cost": 71.134, "final_distance_cost": 1.8222294071141425, "oscillation_cost": 28.81422705226184, "completition_cost": 0.0, "overshoot_cost": 50.929890770244384, "power_cost": 17.52461690673828, "noise_cost": 18.24079895133764, "n_waypoints_completed": 9, "tot_waypoints": 9}}
{"target": -185.03284313325938, "params": {"k_pid_pos": [1.733835489643198, 0.024859491386256316, 0.9451257094832697], "k_pid_alt": [1.4458679973838424, 0.00018965351824429266, 0.6600607021214705], "k_pid_att": [68.93098199109546, 2.6889016979653872, 0.8267899093225144], "k_pid_yaw": [0.5, 1e-06, 0.1], "k_pid_hsp": [0.09847755819799779, 0.011264223901387349, 0.0], "k_pid_vsp": [251.5004449007475, 250.21609499067577, 10.0]}, "datetime": {"datetime": "2025-08-13 20:57:29", "elapsed": 40177.76378083229, "delta": 18.068561792373657}, "costs": {"total_cost": 185.03284313325938, "time_cost": 71.015, "final_distance_cost": 1.8250210338889454, "oscillation_cost": 29.340427984784434, "completition_cost": 0.0, "overshoot_cost": 50.580893498802254, "power_cost": 14.63058807373047, "noise_cost": 17.640912542053258, "n_waypoints_completed": 9, "tot_waypoints": 9}}
