{"target": -202.86649830139152, "params": {"k_pid_pos": [1.733835489643198, 0.024859491386256316, 0.9451257094832697], "k_pid_alt": [1.5786606064986153, 0.33621624490630797, 0.23086984934879706], "k_pid_att": [29.46763110571006, 0.7020553479349817, 0.20497828334174084], "k_pid_yaw": [0.5, 1e-06, 0.1], "k_pid_hsp": [0.17225665165883555, 0.011264223901387349, 0.0], "k_pid_vsp": [121.11927891757475, 133.5444163149646, 16.252805564631274]}, "datetime": {"datetime": "2025-08-13 21:31:29", "elapsed": 42217.423768520355, "delta": 21.028156518936157}, "costs": {"total_cost": 202.86649830139152, "time_cost": 78.295, "final_distance_cost": 1.8030741366998941, "oscillation_cost": 27.921338389035483, "completition_cost": 0.0, "overshoot_cost": 51.270702454773264, "power_cost": 22.165002563476563, "noise_cost": 21.41138075740635, "n_waypoints_completed": 9, "tot_waypoints": 9}}
{"target": -1056.6084520899228, "params": {"k_pid_pos": [1.733835489643198, 0.024859491386256316, 0.9451257094832697], "k_pid_alt": [1.5786606064986153, 0.0, 0.23086984934879706], "k_pid_att": [29.46763110571006, 5.6580295118978245, 0.20497828334174084], "k_pid_yaw": [0.5, 1e-06, 0.1], "k_pid_hsp": [0.17225665165883555, 0.011264223901387349, 0.0], "k_pid_vsp": [121.11927891757475, 57.93155354082285, 137.96362976556017]}, "datetime": {"datetime": "2025-08-13 21:31:58", "elapsed": 42246.616742134094, "delta": 29.192973613739014}, "costs": {"total_cost": 1056.6084520899228, "time_cost": 150, "final_distance_cost": 70.45220899235902, "oscillation_cost": 11.91216998350111, "completition_cost": 666.6666666666667, "overshoot_cost": 94.00389876973644, "power_cost": 28.58168776855469, "noise_cost": 34.991819909104656, "n_waypoints_completed": 3, "tot_waypoints": 9}}
{"target": -219.62049704126574, "params": {"k_pid_pos": [1.8792899704868669, 0.08329610310830193, 0.9451257094832697], "k_pid_alt": [1.4458679973838424, 0.028806210149256217, 0.876085735038417], "k_pid_att": [11.329609997636037, 3.4126860594551975, 0.9623745068707039], "k_pid_yaw": [0.5, 1e-06, 0.1], "k_pid_hsp": [0.09847755819799779, 0.12837695446753306, 0.0], "k_pid_vsp": [251.5004449007475, 59.083466427248936, 10.0]}, "datetime": {"datetime": "2025-08-13 21:32:15", "elapsed": 42263.41426277161, "delta": 16.797520637512207}, "costs": {"total_cost": 219.62049704126574, "time_cost": 73.045, "final_distance_cost": 1.8356361998066562, "oscillation_cost": 54.07976243438848, "completition_cost": 0.0, "overshoot_cost": 51.61032090978864, "power_cost": 19.168839831542968, "noise_cost": 19.880937665738962, "n_waypoints_completed": 9, "tot_waypoints": 9}}
{"target": -1148.416566632319, "params": {"k_pid_pos": [1.8792899704868669, 0.08329610310830193, 0.9451257094832697], "k_pid_alt": [1.2997166638183162, 0.028806210149256217, 0.876085735038417], "k_pid_att": [11.329609997636037, 3.4126860594551975, 0.9623745068707039], "k_pid_yaw": [0.5, 1e-06, 0.1], "k_pid_hsp": [0.09847755819799779, 0.011264223901387349, 0.7511680373897952], "k_pid_vsp": [251.5004449007475, 59.083466427248936, 10.0]}, "datetime": {"datetime": "2025-08-13 21:32:45", "elapsed": 42293.79947757721, "delta": 30.385214805603027}, "costs": {"total_cost": 1148.416566632319, "time_cost": 150, "final_distance_cost": 38.44775717232044, "oscillation_cost": 250.87885882715864, "completition_cost": 555.5555555555555, "overshoot_cost": 98.148095871624, "power_cost": 27.84869451904297, "noise_cost": 27.53760468661754, "n_waypoints_completed": 4, "tot_waypoints": 9}}
{"target": -1650.4726712938013, "params": {"k_pid_pos": [1.1018186029961792, 0.024859491386256316, 0.9451257094832697], "k_pid_alt": [1.5786606064986153, 0.0, 0.23086984934879706], "k_pid_att": [29.46763110571006, 5.6580295118978245, 0.20497828334174084], "k_pid_yaw": [0.5, 1e-06, 0.1], "k_pid_hsp": [0.17225665165883555, 0.011264223901387349, 0.27468045426109544], "k_pid_vsp": [121.11927891757475, 57.93155354082285, 16.252805564631274]}, "datetime": {"datetime": "2025-08-13 21:33:14", "elapsed": 42323.0409514904, "delta": 29.24147391319275}, "costs": {"total_cost": 1650.4726712938013, "time_cost": 150, "final_distance_cost": 41.0893219567769, "oscillation_cost": 756.0697441782211, "completition_cost": 555.5555555555555, "overshoot_cost": 84.4034583684992, "power_cost": 34.823794262695316, "noise_cost": 28.530796972053146, "n_waypoints_completed": 4, "tot_waypoints": 9}}
{"target": -186.9501899514922, "params": {"k_pid_pos": [1.733835489643198, 0.024859491386256316, 0.9451257094832697], "k_pid_alt": [1.9160597436741602, 0.00018965351824429266, 0.6600607021214705], "k_pid_att": [68.93098199109546, 2.6889016979653872, 0.8267899093225144], "k_pid_yaw": [0.5, 1e-06, 0.1], "k_pid_hsp": [0.09847755819799779, 0.011264223901387349, 0.0], "k_pid_vsp": [251.5004449007475, 57.93155354082285, 16.252805564631274]}, "datetime": {"datetime": "2025-08-13 21:33:32", "elapsed": 42340.5734872818, "delta": 17.532535791397095}, "costs": {"total_cost": 186.9501899514922, "time_cost": 70.049, "final_distance_cost": 1.8258019199826874, "oscillation_cost": 28.788349662591674, "completition_cost": 0.0, "overshoot_cost": 51.21384747593667, "power_cost": 17.454371435546875, "noise_cost": 17.618819457434324, "n_waypoints_completed": 9, "tot_waypoints": 9}}
{"target": -729.801056473355, "params": {"k_pid_pos": [1.733835489643198, 0.024859491386256316, 0.9451257094832697], "k_pid_alt": [1.5786606064986153, 0.0, 0.23086984934879706], "k_pid_att": [29.46763110571006, 7.515433173258454, 0.20497828334174084], "k_pid_yaw": [0.5, 1e-06, 0.1], "k_pid_hsp": [0.17225665165883555, 0.934385641909028, 0.0], "k_pid_vsp": [66.77612754735902, 57.93155354082285, 16.252805564631274]}, "datetime": {"datetime": "2025-08-13 21:34:01", "elapsed": 42369.94126486778, "delta": 29.367777585983276}, "costs": {"total_cost": 729.801056473355, "time_cost": 150, "final_distance_cost": 71.83335222070892, "oscillation_cost": 150.5587310290451, "completition_cost": 222.2222222222222, "overshoot_cost": 63.272352816523274, "power_cost": 37.926791455078124, "noise_cost": 33.98760672977729, "n_waypoints_completed": 7, "tot_waypoints": 9}}
{"target": -182.19612429370878, "params": {"k_pid_pos": [1.733835489643198, 0.024859491386256316, 0.9451257094832697], "k_pid_alt": [1.1928857943257507, 0.00018965351824429266, 0.23086984934879706], "k_pid_att": [25.01105356203528, 2.6889016979653872, 0.6559199499296157], "k_pid_yaw": [0.5, 1e-06, 0.1], "k_pid_hsp": [0.09847755819799779, 0.011264223901387349, 0.0], "k_pid_vsp": [251.5004449007475, 130.53254854158118, 10.0]}, "datetime": {"datetime": "2025-08-13 21:34:18", "elapsed": 42386.73525428772, "delta": 16.793989419937134}, "costs": {"total_cost": 182.19612429370878, "time_cost": 70.371, "final_distance_cost": 1.8345311533768256, "oscillation_cost": 28.590141182446214, "completition_cost": 0.0, "overshoot_cost": 50.69466250524931, "power_cost": 12.516792224121094, "noise_cost": 18.188997228515326, "n_waypoints_completed": 9, "tot_waypoints": 9}}
{"target": -184.8212463978701, "params": {"k_pid_pos": [1.733835489643198, 0.024859491386256316, 0.9451257094832697], "k_pid_alt": [1.5786606064986153, 0.0, 0.23086984934879706], "k_pid_att": [29.46763110571006, 5.6580295118978245, 0.20497828334174084], "k_pid_yaw": [0.5, 1e-06, 0.1], "k_pid_hsp": [0.17225665165883555, 0.011264223901387349, 0.0], "k_pid_vsp": [121.11927891757475, 57.93155354082285, 16.252805564631274]}, "datetime": {"datetime": "2025-08-13 21:34:36", "elapsed": 42404.34691143036, "delta": 17.61165714263916}, "costs": {"total_cost": 184.8212463978701, "time_cost": 69.188, "final_distance_cost": 1.837491754725392, "oscillation_cost": 28.790462051889968, "completition_cost": 0.0, "overshoot_cost": 50.58487967205607, "power_cost": 17.272790832519533, "noise_cost": 17.14762208667914, "n_waypoints_completed": 9, "tot_waypoints": 9}}
{"target": -190.18201157280473, "params": {"k_pid_pos": [1.733835489643198, 0.024859491386256316, 0.9451257094832697], "k_pid_alt": [1.5786606064986153, 0.0, 0.23086984934879706], "k_pid_att": [11.329609997636037, 3.4126860594551975, 0.9623745068707039], "k_pid_yaw": [0.5, 1e-06, 0.1], "k_pid_hsp": [0.09847755819799779, 0.011264223901387349, 0.0], "k_pid_vsp": [251.5004449007475, 59.083466427248936, 10.0]}, "datetime": {"datetime": "2025-08-13 21:34:52", "elapsed": 42421.032332897186, "delta": 16.685421466827393}, "costs": {"total_cost": 190.18201157280473, "time_cost": 70.301, "final_distance_cost": 1.8321133806507484, "oscillation_cost": 28.161081814632638, "completition_cost": 0.0, "overshoot_cost": 51.44061729375226, "power_cost": 19.201550427246094, "noise_cost": 19.245648656522977, "n_waypoints_completed": 9, "tot_waypoints": 9}}
{"target": -196.96783567315168, "params": {"k_pid_pos": [1.733835489643198, 0.024859491386256316, 0.7556978754244337], "k_pid_alt": [1.4458679973838424, 0.00018965351824429266, 0.09225839282971338], "k_pid_att": [11.246502653247227, 1.1166001057131414, 0.3529475069797985], "k_pid_yaw": [0.5, 1e-06, 0.1], "k_pid_hsp": [0.09847755819799779, 0.011264223901387349, 0.0], "k_pid_vsp": [333.9671041363143, 130.53254854158118, 10.0]}, "datetime": {"datetime": "2025-08-13 21:35:11", "elapsed": 42439.32402777672, "delta": 18.29169487953186}, "costs": {"total_cost": 196.96783567315168, "time_cost": 71.26, "final_distance_cost": 1.831400402893011, "oscillation_cost": 30.582372612659075, "completition_cost": 0.0, "overshoot_cost": 51.57132239680896, "power_cost": 21.15376492919922, "noise_cost": 20.56897533159143, "n_waypoints_completed": 9, "tot_waypoints": 9}}
{"target": -205.04735163921967, "params": {"k_pid_pos": [1.733835489643198, 0.024859491386256316, 0.9451257094832697], "k_pid_alt": [1.4458679973838424, 0.4911757657342978, 0.23086984934879706], "k_pid_att": [11.246502653247227, 5.6580295118978245, 0.3529475069797985], "k_pid_yaw": [0.5, 1e-06, 0.1], "k_pid_hsp": [0.09847755819799779, 0.011264223901387349, 0.0], "k_pid_vsp": [333.9671041363143, 289.9420907665546, 16.252805564631274]}, "datetime": {"datetime": "2025-08-13 21:35:29", "elapsed": 42457.63270282745, "delta": 18.308675050735474}, "costs": {"total_cost": 205.04735163921967, "time_cost": 77.322, "final_distance_cost": 1.7982199736859608, "oscillation_cost": 30.174571683400412, "completition_cost": 0.0, "overshoot_cost": 52.217233104186434, "power_cost": 22.576012451171877, "noise_cost": 20.959314426774963, "n_waypoints_completed": 9, "tot_waypoints": 9}}
{"target": -1452.7660170136548, "params": {"k_pid_pos": [1.733835489643198, 0.024859491386256316, 0.9451257094832697], "k_pid_alt": [1.4458679973838424, 0.00018965351824429266, 0.23086984934879706], "k_pid_att": [11.246502653247227, 1.1166001057131414, 0.3529475069797985], "k_pid_yaw": [0.5, 1e-06, 0.1], "k_pid_hsp": [0.09847755819799779, 0.011264223901387349, 0.8785162863972618], "k_pid_vsp": [333.9671041363143, 130.53254854158118, 10.0]}, "datetime": {"datetime": "2025-08-13 21:35:59", "elapsed": 42487.13300895691, "delta": 29.500306129455566}, "costs": {"total_cost": 1452.7660170136548, "time_cost": 150, "final_distance_cost": 54.32830869005298, "oscillation_cost": 427.2411060736811, "completition_cost": 666.6666666666667, "overshoot_cost": 96.33191447777865, "power_cost": 28.11003321533203, "noise_cost": 30.087987890143253, "n_waypoints_completed": 3, "tot_waypoints": 9}}
{"target": -216.02115217058625, "params": {"k_pid_pos": [1.733835489643198, 0.7874051644805554, 0.9451257094832697], "k_pid_alt": [1.4458679973838424, 0.00018965351824429266, 0.23086984934879706], "k_pid_att": [11.246502653247227, 1.1166001057131414, 0.3529475069797985], "k_pid_yaw": [0.5, 1e-06, 0.1], "k_pid_hsp": [0.09847755819799779, 0.011264223901387349, 0.0], "k_pid_vsp": [63.136911873539916, 130.53254854158118, 10.0]}, "datetime": {"datetime": "2025-08-13 21:36:19", "elapsed": 42507.69628286362, "delta": 20.563273906707764}, "costs": {"total_cost": 216.02115217058625, "time_cost": 80.29, "final_distance_cost": 1.7895949042860455, "oscillation_cost": 32.34040246558328, "completition_cost": 0.0, "overshoot_cost": 53.34460940147658, "power_cost": 25.124629797363284, "noise_cost": 23.13191560187706, "n_waypoints_completed": 9, "tot_waypoints": 9}}
{"target": -192.1011966971185, "params": {"k_pid_pos": [1.733835489643198, 0.024859491386256316, 0.9451257094832697], "k_pid_alt": [1.9160597436741602, 0.00018965351824429266, 0.014398680574380873], "k_pid_att": [29.46763110571006, 9.879664871039932, 0.20497828334174084], "k_pid_yaw": [0.5, 1e-06, 0.1], "k_pid_hsp": [0.17225665165883555, 0.011264223901387349, 0.0], "k_pid_vsp": [90.20309817429433, 57.93155354082285, 16.252805564631274]}, "datetime": {"datetime": "2025-08-13 21:36:35", "elapsed": 42523.91469812393, "delta": 16.21841526031494}, "costs": {"total_cost": 192.1011966971185, "time_cost": 69.909, "final_distance_cost": 1.837372383363823, "oscillation_cost": 28.881956514023663, "completition_cost": 0.0, "overshoot_cost": 50.6133426960981, "power_cost": 20.566106787109376, "noise_cost": 20.293418316523503, "n_waypoints_completed": 9, "tot_waypoints": 9}}
{"target": -199.01899798788108, "params": {"k_pid_pos": [1.733835489643198, 0.024859491386256316, 0.22876272759744842], "k_pid_alt": [1.4458679973838424, 0.028806210149256217, 0.6600607021214705], "k_pid_att": [68.93098199109546, 2.6889016979653872, 0.8267899093225144], "k_pid_yaw": [0.5, 1e-06, 0.1], "k_pid_hsp": [0.09847755819799779, 0.011264223901387349, 0.0], "k_pid_vsp": [251.5004449007475, 57.93155354082285, 16.252805564631274]}, "datetime": {"datetime": "2025-08-13 21:36:53", "elapsed": 42541.863871097565, "delta": 17.949172973632812}, "costs": {"total_cost": 199.01899798788108, "time_cost": 71.44200000000001, "final_distance_cost": 1.748576533948081, "oscillation_cost": 31.433850490936138, "completition_cost": 0.0, "overshoot_cost": 52.777587352462035, "power_cost": 21.131400219726565, "noise_cost": 20.48558339080825, "n_waypoints_completed": 9, "tot_waypoints": 9}}
{"target": -187.71617249303952, "params": {"k_pid_pos": [1.733835489643198, 0.024859491386256316, 0.9451257094832697], "k_pid_alt": [1.4458679973838424, 0.00018965351824429266, 0.23086984934879706], "k_pid_att": [11.246502653247227, 5.6580295118978245, 0.3529475069797985], "k_pid_yaw": [0.5, 1e-06, 0.1], "k_pid_hsp": [0.09847755819799779, 0.011264223901387349, 0.0], "k_pid_vsp": [333.9671041363143, 289.9420907665546, 16.252805564631274]}, "datetime": {"datetime": "2025-08-13 21:37:10", "elapsed": 42558.22857427597, "delta": 16.36470317840576}, "costs": {"total_cost": 187.71617249303952, "time_cost": 69.664, "final_distance_cost": 1.8290666671401183, "oscillation_cost": 29.42164809812495, "completition_cost": 0.0, "overshoot_cost": 50.718585832785436, "power_cost": 18.313463586425783, "noise_cost": 17.76940830856327, "n_waypoints_completed": 9, "tot_waypoints": 9}}
{"target": -1402.9188518696012, "params": {"k_pid_pos": [1.733835489643198, 0.024859491386256316, 0.9451257094832697], "k_pid_alt": [0.7820495451630411, 0.0, 0.23086984934879706], "k_pid_att": [29.46763110571006, 5.6580295118978245, 0.20497828334174084], "k_pid_yaw": [0.5, 1e-06, 0.1], "k_pid_hsp": [0.09847755819799779, 0.011264223901387349, 0.0], "k_pid_vsp": [199.8732204904465, 59.083466427248936, 288.50949909299254]}, "datetime": {"datetime": "2025-08-13 21:37:39", "elapsed": 42587.68936753273, "delta": 29.460793256759644}, "costs": {"total_cost": 1402.9188518696012, "time_cost": 150, "final_distance_cost": 145.48242058250943, "oscillation_cost": 14.367832399745268, "completition_cost": 888.8888888888888, "overshoot_cost": 151.7447181747638, "power_cost": 24.592373193359375, "noise_cost": 27.842618630334382, "n_waypoints_completed": 1, "tot_waypoints": 9}}
{"target": -188.7004168618653, "params": {"k_pid_pos": [1.733835489643198, 0.024859491386256316, 0.9451257094832697], "k_pid_alt": [1.5786606064986153, 0.0, 0.23086984934879706], "k_pid_att": [11.329609997636037, 3.4126860594551975, 0.9623745068707039], "k_pid_yaw": [0.5, 1e-06, 0.1], "k_pid_hsp": [0.09847755819799779, 0.011264223901387349, 0.0], "k_pid_vsp": [251.5004449007475, 57.93155354082285, 16.252805564631274]}, "datetime": {"datetime": "2025-08-13 21:37:57", "elapsed": 42605.48358607292, "delta": 17.79421854019165}, "costs": {"total_cost": 188.7004168618653, "time_cost": 70.413, "final_distance_cost": 1.837816645999146, "oscillation_cost": 27.978314378520096, "completition_cost": 0.0, "overshoot_cost": 51.37089290882973, "power_cost": 18.685042980957032, "noise_cost": 18.41534994755933, "n_waypoints_completed": 9, "tot_waypoints": 9}}
{"target": -1870.010760323826, "params": {"k_pid_pos": [1.733835489643198, 0.024859491386256316, 0.9451257094832697], "k_pid_alt": [1.9160597436741602, 0.00018965351824429266, 0.6600607021214705], "k_pid_att": [68.93098199109546, 2.6889016979653872, 0.8267899093225144], "k_pid_yaw": [0.5, 1e-06, 0.1], "k_pid_hsp": [0.09847755819799779, 0.011264223901387349, 0.1821154888779204], "k_pid_vsp": [251.5004449007475, 62.95765988793378, 10.0]}, "datetime": {"datetime": "2025-08-13 21:38:27", "elapsed": 42635.28068447113, "delta": 29.797098398208618}, "costs": {"total_cost": 1870.010760323826, "time_cost": 150, "final_distance_cost": 60.84690468020463, "oscillation_cost": 797.8812072587555, "completition_cost": 666.6666666666667, "overshoot_cost": 129.8321791019663, "power_cost": 35.00931563720703, "noise_cost": 29.77448697902593, "n_waypoints_completed": 3, "tot_waypoints": 9}}
{"target": -1428.6010674269123, "params": {"k_pid_pos": [1.733835489643198, 0.024859491386256316, 0.37255195504867966], "k_pid_alt": [1.9160597436741602, 0.00018965351824429266, 0.5287082247908043], "k_pid_att": [21.562391753424215, 5.6580295118978245, 0.3529475069797985], "k_pid_yaw": [0.5, 1e-06, 0.1], "k_pid_hsp": [4.249544071986334, 0.011264223901387349, 0.0], "k_pid_vsp": [60.562912852454346, 57.93155354082285, 181.38069049668212]}, "datetime": {"datetime": "2025-08-13 21:38:57", "elapsed": 42665.523668050766, "delta": 30.24298357963562}, "costs": {"total_cost": 1428.6010674269123, "time_cost": 150, "final_distance_cost": 102.53368919123389, "oscillation_cost": 33.78932543946441, "completition_cost": 888.8888888888888, "overshoot_cost": 144.81231093342618, "power_cost": 28.5787353515625, "noise_cost": 79.99811762233634, "n_waypoints_completed": 1, "tot_waypoints": 9}}
{"target": -240.09980708918033, "params": {"k_pid_pos": [1.733835489643198, 0.8036263173494688, 0.9451257094832697], "k_pid_alt": [1.9160597436741602, 0.47936494373462646, 0.6600607021214705], "k_pid_att": [68.93098199109546, 6.732676819945704, 0.8267899093225144], "k_pid_yaw": [0.5, 1e-06, 0.1], "k_pid_hsp": [0.09847755819799779, 0.011264223901387349, 0.0], "k_pid_vsp": [251.5004449007475, 289.9420907665546, 16.252805564631274]}, "datetime": {"datetime": "2025-08-13 21:39:21", "elapsed": 42689.41206073761, "delta": 23.888392686843872}, "costs": {"total_cost": 240.09980708918033, "time_cost": 95.82300000000001, "final_distance_cost": 1.7956194471002744, "oscillation_cost": 34.770144507094734, "completition_cost": 0.0, "overshoot_cost": 53.6262071038482, "power_cost": 27.829149523925782, "noise_cost": 26.255686507211326, "n_waypoints_completed": 9, "tot_waypoints": 9}}
{"target": -244.21847514722108, "params": {"k_pid_pos": [0.4726195318321957, 0.024859491386256316, 0.9451257094832697], "k_pid_alt": [1.5786606064986153, 0.0, 0.23086984934879706], "k_pid_att": [11.329609997636037, 3.4126860594551975, 0.39143200135910927], "k_pid_yaw": [0.5, 1e-06, 0.1], "k_pid_hsp": [0.09847755819799779, 0.011264223901387349, 0.0], "k_pid_vsp": [251.5004449007475, 59.083466427248936, 10.0]}, "datetime": {"datetime": "2025-08-13 21:39:48", "elapsed": 42716.96687912941, "delta": 27.554818391799927}, "costs": {"total_cost": 244.21847514722108, "time_cost": 108.09400000000001, "final_distance_cost": 1.8601191671744506, "oscillation_cost": 18.406385981894417, "completition_cost": 0.0, "overshoot_cost": 58.02857795524054, "power_cost": 26.05359558105469, "noise_cost": 31.775796461857002, "n_waypoints_completed": 9, "tot_waypoints": 9}}
{"target": -189.87543823727995, "params": {"k_pid_pos": [1.733835489643198, 0.024859491386256316, 0.9451257094832697], "k_pid_alt": [1.5786606064986153, 0.0, 0.23086984934879706], "k_pid_att": [11.329609997636037, 3.4126860594551975, 0.9623745068707039], "k_pid_yaw": [0.5, 1e-06, 0.1], "k_pid_hsp": [0.09847755819799779, 0.011264223901387349, 0.0], "k_pid_vsp": [251.5004449007475, 59.083466427248936, 10.0]}, "datetime": {"datetime": "2025-08-13 21:40:05", "elapsed": 42733.511694431305, "delta": 16.54481530189514}, "costs": {"total_cost": 189.87543823727995, "time_cost": 69.762, "final_distance_cost": 1.8329020074187192, "oscillation_cost": 28.668465400161065, "completition_cost": 0.0, "overshoot_cost": 51.2024992712675, "power_cost": 18.705173474121093, "noise_cost": 19.704398084311553, "n_waypoints_completed": 9, "tot_waypoints": 9}}
{"target": -187.34943413899077, "params": {"k_pid_pos": [1.733835489643198, 0.024859491386256316, 0.9451257094832697], "k_pid_alt": [1.4458679973838424, 0.00018965351824429266, 0.6600607021214705], "k_pid_att": [68.93098199109546, 1.804321969363886, 0.8156350283449295], "k_pid_yaw": [0.5, 1e-06, 0.1], "k_pid_hsp": [0.09847755819799779, 0.011264223901387349, 0.0], "k_pid_vsp": [333.9671041363143, 130.53254854158118, 10.0]}, "datetime": {"datetime": "2025-08-13 21:40:23", "elapsed": 42751.43726825714, "delta": 17.92557382583618}, "costs": {"total_cost": 187.34943413899077, "time_cost": 71.295, "final_distance_cost": 1.8196878279307749, "oscillation_cost": 28.498789325707335, "completition_cost": 0.0, "overshoot_cost": 51.092483156819654, "power_cost": 16.759113842773438, "noise_cost": 17.884359985759534, "n_waypoints_completed": 9, "tot_waypoints": 9}}
