{"target": -193.0479863999898, "params": {"k_pid_pos": [1.733835489643198, 0.024859491386256316, 0.9451257094832697], "k_pid_alt": [1.4458679973838424, 0.0, 0.3146878632891922], "k_pid_att": [29.46763110571006, 2.6889016979653872, 0.6559199499296157], "k_pid_yaw": [0.5, 1e-06, 0.1], "k_pid_hsp": [0.09847755819799779, 0.011264223901387349, 0.0], "k_pid_vsp": [251.5004449007475, 59.083466427248936, 10.0]}, "datetime": {"datetime": "2025-08-13 19:14:48", "elapsed": 34016.772948503494, "delta": 17.258480548858643}, "costs": {"total_cost": 193.0479863999898, "time_cost": 70.994, "final_distance_cost": 1.8236894350217792, "oscillation_cost": 27.651271529959452, "completition_cost": 0.0, "overshoot_cost": 51.23648686640805, "power_cost": 20.792041772460937, "noise_cost": 20.55049679613958, "n_waypoints_completed": 9, "tot_waypoints": 9}}
{"target": -185.59838824297785, "params": {"k_pid_pos": [1.733835489643198, 0.024859491386256316, 0.704167472379422], "k_pid_alt": [1.477768752937916, 0.00018965351824429266, 0.6600607021214705], "k_pid_att": [39.447728079683905, 5.67849514865483, 0.6559199499296157], "k_pid_yaw": [0.5, 1e-06, 0.1], "k_pid_hsp": [0.09847755819799779, 0.011264223901387349, 0.0], "k_pid_vsp": [251.5004449007475, 59.083466427248936, 10.0]}, "datetime": {"datetime": "2025-08-13 19:15:05", "elapsed": 34033.973350048065, "delta": 17.200401544570923}, "costs": {"total_cost": 185.59838824297785, "time_cost": 70.868, "final_distance_cost": 1.7994252349215867, "oscillation_cost": 29.129739421530154, "completition_cost": 0.0, "overshoot_cost": 50.921764487263665, "power_cost": 14.969756896972656, "noise_cost": 17.909702202289797, "n_waypoints_completed": 9, "tot_waypoints": 9}}
{"target": -187.12749334771274, "params": {"k_pid_pos": [1.733835489643198, 0.024859491386256316, 0.9451257094832697], "k_pid_alt": [1.4458679973838424, 0.0, 0.3146878632891922], "k_pid_att": [29.46763110571006, 2.6298254890628097, 0.3301527476617453], "k_pid_yaw": [0.5, 1e-06, 0.1], "k_pid_hsp": [0.09847755819799779, 0.036551335399587326, 0.0], "k_pid_vsp": [251.5004449007475, 59.083466427248936, 10.0]}, "datetime": {"datetime": "2025-08-13 19:15:23", "elapsed": 34051.8079457283, "delta": 17.834595680236816}, "costs": {"total_cost": 187.12749334771274, "time_cost": 70.266, "final_distance_cost": 1.8502888079260442, "oscillation_cost": 31.68171119907406, "completition_cost": 0.0, "overshoot_cost": 50.575288649244506, "power_cost": 14.639264697265626, "noise_cost": 18.114939994202498, "n_waypoints_completed": 9, "tot_waypoints": 9}}
{"target": -196.4228518456971, "params": {"k_pid_pos": [1.733835489643198, 0.024859491386256316, 0.9451257094832697], "k_pid_alt": [1.4458679973838424, 0.0, 0.3146878632891922], "k_pid_att": [29.46763110571006, 2.6298254890628097, 0.3301527476617453], "k_pid_yaw": [0.5, 1e-06, 0.1], "k_pid_hsp": [0.09847755819799779, 0.036551335399587326, 0.0], "k_pid_vsp": [251.5004449007475, 59.083466427248936, 10.0]}, "datetime": {"datetime": "2025-08-13 19:15:41", "elapsed": 34069.158684015274, "delta": 17.350738286972046}, "costs": {"total_cost": 196.4228518456971, "time_cost": 71.078, "final_distance_cost": 1.8387390566540267, "oscillation_cost": 30.839020088592488, "completition_cost": 0.0, "overshoot_cost": 50.805990180682805, "power_cost": 21.142191528320314, "noise_cost": 20.718910991447434, "n_waypoints_completed": 9, "tot_waypoints": 9}}
{"target": -200.09919732317599, "params": {"k_pid_pos": [1.733835489643198, 0.024859491386256316, 0.704167472379422], "k_pid_alt": [1.477768752937916, 0.0, 0.6600607021214705], "k_pid_att": [32.194164172814396, 2.6889016979653872, 0.6559199499296157], "k_pid_yaw": [0.5, 1e-06, 0.1], "k_pid_hsp": [0.09847755819799779, 0.011264223901387349, 0.0], "k_pid_vsp": [251.5004449007475, 59.083466427248936, 10.0]}, "datetime": {"datetime": "2025-08-13 19:15:58", "elapsed": 34086.59445929527, "delta": 17.43577527999878}, "costs": {"total_cost": 200.09919732317599, "time_cost": 73.227, "final_distance_cost": 1.8064659997729438, "oscillation_cost": 30.177751663674574, "completition_cost": 0.0, "overshoot_cost": 52.122460081146954, "power_cost": 22.21087188720703, "noise_cost": 20.554647691374512, "n_waypoints_completed": 9, "tot_waypoints": 9}}
{"target": -199.57912924279898, "params": {"k_pid_pos": [1.6185693046586094, 0.024859491386256316, 0.9451257094832697], "k_pid_alt": [1.4458679973838424, 0.0, 0.3146878632891922], "k_pid_att": [29.46763110571006, 5.67849514865483, 0.9737674939855436], "k_pid_yaw": [0.5, 1e-06, 0.1], "k_pid_hsp": [3.1752085098097216, 0.011264223901387349, 0.0], "k_pid_vsp": [251.5004449007475, 307.41944303395303, 10.0]}, "datetime": {"datetime": "2025-08-13 19:16:15", "elapsed": 34104.026945114136, "delta": 17.432485818862915}, "costs": {"total_cost": 199.57912924279898, "time_cost": 71.393, "final_distance_cost": 1.848451254393289, "oscillation_cost": 36.18890529513978, "completition_cost": 0.0, "overshoot_cost": 50.658929118614765, "power_cost": 19.73211180419922, "noise_cost": 19.75773177045195, "n_waypoints_completed": 9, "tot_waypoints": 9}}
{"target": -678.3679054425686, "params": {"k_pid_pos": [1.733835489643198, 0.024859491386256316, 0.7251764310290247], "k_pid_alt": [1.4458679973838424, 0.0, 0.3146878632891922], "k_pid_att": [29.46763110571006, 5.67849514865483, 0.6559199499296157], "k_pid_yaw": [0.5, 1e-06, 0.1], "k_pid_hsp": [7.372804202006003, 0.011264223901387349, 0.0], "k_pid_vsp": [251.5004449007475, 307.41944303395303, 257.0809624420083]}, "datetime": {"datetime": "2025-08-13 19:16:45", "elapsed": 34133.10300588608, "delta": 29.07606077194214}, "costs": {"total_cost": 678.3679054425686, "time_cost": 150, "final_distance_cost": 67.50158064550808, "oscillation_cost": 120.82039876825193, "completition_cost": 222.2222222222222, "overshoot_cost": 61.87013125498284, "power_cost": 29.45412071533203, "noise_cost": 26.499451836271476, "n_waypoints_completed": 7, "tot_waypoints": 9}}
{"target": -187.59492950946824, "params": {"k_pid_pos": [1.733835489643198, 0.024859491386256316, 0.704167472379422], "k_pid_alt": [1.477768752937916, 0.0, 0.6600607021214705], "k_pid_att": [32.194164172814396, 3.449784554492145, 0.6559199499296157], "k_pid_yaw": [0.5, 1e-06, 0.1], "k_pid_hsp": [0.09847755819799779, 0.011264223901387349, 0.0], "k_pid_vsp": [251.5004449007475, 59.083466427248936, 10.0]}, "datetime": {"datetime": "2025-08-13 19:17:01", "elapsed": 34149.92287302017, "delta": 16.81986713409424}, "costs": {"total_cost": 187.59492950946824, "time_cost": 70.896, "final_distance_cost": 1.7966222053635337, "oscillation_cost": 29.002401196584287, "completition_cost": 0.0, "overshoot_cost": 50.93918544420814, "power_cost": 16.136069567871093, "noise_cost": 18.824651095441187, "n_waypoints_completed": 9, "tot_waypoints": 9}}
{"target": -1291.8239361944854, "params": {"k_pid_pos": [1.733835489643198, 0.024859491386256316, 0.704167472379422], "k_pid_alt": [1.4458679973838424, 0.0, 0.3146878632891922], "k_pid_att": [35.543488255586034, 0.18205753750414305, 0.73590781336997], "k_pid_yaw": [0.5, 1e-06, 0.1], "k_pid_hsp": [0.09847755819799779, 0.011264223901387349, 0.0], "k_pid_vsp": [251.5004449007475, 136.86687071568403, 328.34678270756774]}, "datetime": {"datetime": "2025-08-13 19:17:30", "elapsed": 34179.004385471344, "delta": 29.081512451171875}, "costs": {"total_cost": 1291.8239361944854, "time_cost": 150, "final_distance_cost": 70.51249185433406, "oscillation_cost": 9.146421848011338, "completition_cost": 777.7777777777778, "overshoot_cost": 173.61091137367654, "power_cost": 30.008434997558595, "noise_cost": 80.76789834312697, "n_waypoints_completed": 2, "tot_waypoints": 9}}
{"target": -221.19336138506242, "params": {"k_pid_pos": [1.9403883066526342, 0.7865930166662759, 0.6842625427409482], "k_pid_alt": [1.4458679973838424, 0.0, 0.3146878632891922], "k_pid_att": [22.840745224411652, 3.8677381495188174, 0.6559199499296157], "k_pid_yaw": [0.5, 1e-06, 0.1], "k_pid_hsp": [0.09847755819799779, 0.036551335399587326, 0.0], "k_pid_vsp": [251.5004449007475, 59.083466427248936, 10.0]}, "datetime": {"datetime": "2025-08-13 19:17:51", "elapsed": 34199.66127085686, "delta": 20.656885385513306}, "costs": {"total_cost": 221.19336138506242, "time_cost": 80.45100000000001, "final_distance_cost": 1.7328670495684797, "oscillation_cost": 39.13133659322714, "completition_cost": 0.0, "overshoot_cost": 52.58739195164103, "power_cost": 24.47586042480469, "noise_cost": 22.81490536582107, "n_waypoints_completed": 9, "tot_waypoints": 9}}
{"target": -200.16361764104144, "params": {"k_pid_pos": [1.733835489643198, 0.7990052071924634, 0.9451257094832697], "k_pid_alt": [1.4458679973838424, 0.0, 0.3146878632891922], "k_pid_att": [29.46763110571006, 5.67849514865483, 0.6559199499296157], "k_pid_yaw": [0.5, 1e-06, 0.1], "k_pid_hsp": [0.09847755819799779, 0.011264223901387349, 0.0], "k_pid_vsp": [251.5004449007475, 59.083466427248936, 10.0]}, "datetime": {"datetime": "2025-08-13 19:18:10", "elapsed": 34218.35085225105, "delta": 18.689581394195557}, "costs": {"total_cost": 200.16361764104144, "time_cost": 79.527, "final_distance_cost": 1.757746905503631, "oscillation_cost": 31.526500232709477, "completition_cost": 0.0, "overshoot_cost": 52.43667711086799, "power_cost": 13.955226513671876, "noise_cost": 20.960466878288464, "n_waypoints_completed": 9, "tot_waypoints": 9}}
{"target": -261.56274341807705, "params": {"k_pid_pos": [1.9355513472865937, 0.06681891267873763, 0.9818093895928307], "k_pid_alt": [1.4458679973838424, 0.0, 0.3146878632891922], "k_pid_att": [29.46763110571006, 3.8677381495188174, 0.6559199499296157], "k_pid_yaw": [0.5, 1e-06, 0.1], "k_pid_hsp": [0.09847755819799779, 0.3198481575327874, 0.0], "k_pid_vsp": [78.76564955932119, 93.09285943774285, 10.0]}, "datetime": {"datetime": "2025-08-13 19:18:30", "elapsed": 34238.9065952301, "delta": 20.555742979049683}, "costs": {"total_cost": 261.56274341807705, "time_cost": 81.333, "final_distance_cost": 1.8243873099796348, "oscillation_cost": 91.03729031892092, "completition_cost": 0.0, "overshoot_cost": 54.17548142332079, "power_cost": 11.096660034179688, "noise_cost": 22.095924331676002, "n_waypoints_completed": 9, "tot_waypoints": 9}}
{"target": -471.90284038963784, "params": {"k_pid_pos": [1.9403883066526342, 0.024859491386256316, 0.704167472379422], "k_pid_alt": [1.477768752937916, 0.0, 0.6600607021214705], "k_pid_att": [9.01694976284977, 0.5720022164256566, 0.11689683853528843], "k_pid_yaw": [0.5, 1e-06, 0.1], "k_pid_hsp": [0.09847755819799779, 0.011264223901387349, 0.10242793841395881], "k_pid_vsp": [251.5004449007475, 216.29307082677042, 10.0]}, "datetime": {"datetime": "2025-08-13 19:18:54", "elapsed": 34262.94475412369, "delta": 24.038158893585205}, "costs": {"total_cost": 471.90284038963784, "time_cost": 94.899, "final_distance_cost": 1.7506882135650288, "oscillation_cost": 261.4400795014851, "completition_cost": 0.0, "overshoot_cost": 56.79527352104038, "power_cost": 29.15437634277344, "noise_cost": 27.863422810773912, "n_waypoints_completed": 9, "tot_waypoints": 9}}
{"target": -192.90944280551804, "params": {"k_pid_pos": [1.8792899704868669, 0.024859491386256316, 0.9451257094832697], "k_pid_alt": [1.4458679973838424, 0.0, 0.3146878632891922], "k_pid_att": [29.46763110571006, 5.67849514865483, 0.6559199499296157], "k_pid_yaw": [0.5, 1e-06, 0.1], "k_pid_hsp": [1.5822369352293129, 0.011264223901387349, 0.0], "k_pid_vsp": [387.1470188825909, 10.020897349928273, 10.0]}, "datetime": {"datetime": "2025-08-13 19:19:11", "elapsed": 34279.7629301548, "delta": 16.81817603111267}, "costs": {"total_cost": 192.90944280551804, "time_cost": 71.32300000000001, "final_distance_cost": 1.8517637800562614, "oscillation_cost": 33.53593016664763, "completition_cost": 0.0, "overshoot_cost": 51.15082896595821, "power_cost": 16.266577062988283, "noise_cost": 18.78134282986764, "n_waypoints_completed": 9, "tot_waypoints": 9}}
{"target": -202.67555851694522, "params": {"k_pid_pos": [1.9403883066526342, 0.34174907670648524, 0.8821205660026245], "k_pid_alt": [1.4458679973838424, 0.0, 0.3787621482452719], "k_pid_att": [29.46763110571006, 6.380071371307885, 0.71995891973172], "k_pid_yaw": [0.5, 1e-06, 0.1], "k_pid_hsp": [0.09847755819799779, 0.036551335399587326, 0.0], "k_pid_vsp": [251.5004449007475, 59.083466427248936, 10.0]}, "datetime": {"datetime": "2025-08-13 19:19:30", "elapsed": 34298.683421850204, "delta": 18.920491695404053}, "costs": {"total_cost": 202.67555851694522, "time_cost": 73.983, "final_distance_cost": 1.7830799076673511, "oscillation_cost": 33.2057390407141, "completition_cost": 0.0, "overshoot_cost": 51.891002404470065, "power_cost": 21.10661639404297, "noise_cost": 20.70612077005071, "n_waypoints_completed": 9, "tot_waypoints": 9}}
{"target": -1537.4096881144192, "params": {"k_pid_pos": [1.4142324046387962, 0.4134370845374137, 0.8821205660026245], "k_pid_alt": [1.4458679973838424, 0.0, 0.3146878632891922], "k_pid_att": [29.46763110571006, 3.8677381495188174, 0.6559199499296157], "k_pid_yaw": [0.5, 1e-06, 0.1], "k_pid_hsp": [0.09847755819799779, 0.036551335399587326, 0.27229906198466947], "k_pid_vsp": [251.5004449007475, 59.083466427248936, 10.0]}, "datetime": {"datetime": "2025-08-13 19:19:59", "elapsed": 34327.87891578674, "delta": 29.195493936538696}, "costs": {"total_cost": 1537.4096881144192, "time_cost": 150, "final_distance_cost": 35.05333012273126, "oscillation_cost": 630.563481607333, "completition_cost": 555.5555555555555, "overshoot_cost": 100.75496786997446, "power_cost": 35.23988236083984, "noise_cost": 30.24247059798519, "n_waypoints_completed": 4, "tot_waypoints": 9}}
{"target": -191.53188022841007, "params": {"k_pid_pos": [1.9403883066526342, 0.34174907670648524, 0.8821205660026245], "k_pid_alt": [1.4458679973838424, 0.0, 0.3146878632891922], "k_pid_att": [29.46763110571006, 3.8677381495188174, 0.7414922158574659], "k_pid_yaw": [0.5, 1e-06, 0.1], "k_pid_hsp": [0.09847755819799779, 0.011264223901387349, 0.0], "k_pid_vsp": [251.5004449007475, 59.083466427248936, 10.0]}, "datetime": {"datetime": "2025-08-13 19:20:17", "elapsed": 34345.14900970459, "delta": 17.27009391784668}, "costs": {"total_cost": 191.53188022841007, "time_cost": 73.395, "final_distance_cost": 1.7892746332059783, "oscillation_cost": 30.11542097384436, "completition_cost": 0.0, "overshoot_cost": 50.914551528171614, "power_cost": 16.537772302246093, "noise_cost": 18.779860790942045, "n_waypoints_completed": 9, "tot_waypoints": 9}}
{"target": -195.74226755889316, "params": {"k_pid_pos": [1.733835489643198, 0.024859491386256316, 0.704167472379422], "k_pid_alt": [1.477768752937916, 0.0, 0.6600607021214705], "k_pid_att": [32.194164172814396, 2.6889016979653872, 0.6559199499296157], "k_pid_yaw": [0.5, 1e-06, 0.1], "k_pid_hsp": [0.09847755819799779, 0.011264223901387349, 0.0], "k_pid_vsp": [251.5004449007475, 59.083466427248936, 10.0]}, "datetime": {"datetime": "2025-08-13 19:20:35", "elapsed": 34363.21677017212, "delta": 18.067760467529297}, "costs": {"total_cost": 195.74226755889316, "time_cost": 71.729, "final_distance_cost": 1.8218694121503454, "oscillation_cost": 28.5610861101446, "completition_cost": 0.0, "overshoot_cost": 51.34516853049256, "power_cost": 21.65833203125, "noise_cost": 20.62681147485565, "n_waypoints_completed": 9, "tot_waypoints": 9}}
{"target": -196.9934307918936, "params": {"k_pid_pos": [1.733835489643198, 0.024859491386256316, 0.704167472379422], "k_pid_alt": [1.477768752937916, 0.00018965351824429266, 0.6600607021214705], "k_pid_att": [39.447728079683905, 5.67849514865483, 0.6559199499296157], "k_pid_yaw": [0.5, 1e-06, 0.1], "k_pid_hsp": [0.09847755819799779, 0.011264223901387349, 0.0], "k_pid_vsp": [251.5004449007475, 59.083466427248936, 10.0]}, "datetime": {"datetime": "2025-08-13 19:20:52", "elapsed": 34380.351338624954, "delta": 17.134568452835083}, "costs": {"total_cost": 196.9934307918936, "time_cost": 71.792, "final_distance_cost": 1.8176790698456555, "oscillation_cost": 28.755767572151353, "completition_cost": 0.0, "overshoot_cost": 52.18215821401193, "power_cost": 21.572191662597657, "noise_cost": 20.87363427328699, "n_waypoints_completed": 9, "tot_waypoints": 9}}
{"target": -194.48615754890824, "params": {"k_pid_pos": [1.733835489643198, 0.024859491386256316, 0.704167472379422], "k_pid_alt": [1.4458679973838424, 0.0, 0.3146878632891922], "k_pid_att": [35.543488255586034, 0.18205753750414305, 0.73590781336997], "k_pid_yaw": [0.5, 1e-06, 0.1], "k_pid_hsp": [0.09847755819799779, 0.011264223901387349, 0.0], "k_pid_vsp": [251.5004449007475, 59.083466427248936, 10.0]}, "datetime": {"datetime": "2025-08-13 19:21:09", "elapsed": 34397.88375735283, "delta": 17.532418727874756}, "costs": {"total_cost": 194.48615754890824, "time_cost": 70.805, "final_distance_cost": 1.798097481598825, "oscillation_cost": 28.471026224444852, "completition_cost": 0.0, "overshoot_cost": 51.511281483691675, "power_cost": 21.15518953857422, "noise_cost": 20.745562820598643, "n_waypoints_completed": 9, "tot_waypoints": 9}}
{"target": -193.76604923412634, "params": {"k_pid_pos": [1.733835489643198, 0.024859491386256316, 0.9451257094832697], "k_pid_alt": [1.4458679973838424, 0.0, 0.3146878632891922], "k_pid_att": [29.46763110571006, 2.6298254890628097, 0.3301527476617453], "k_pid_yaw": [0.5, 1e-06, 0.1], "k_pid_hsp": [0.09847755819799779, 0.036551335399587326, 0.0], "k_pid_vsp": [251.5004449007475, 59.083466427248936, 10.0]}, "datetime": {"datetime": "2025-08-13 19:21:26", "elapsed": 34414.65454125404, "delta": 16.7707839012146}, "costs": {"total_cost": 193.76604923412634, "time_cost": 70.819, "final_distance_cost": 1.8416082641688833, "oscillation_cost": 31.027760202185096, "completition_cost": 0.0, "overshoot_cost": 50.68464213527492, "power_cost": 19.779086279296877, "noise_cost": 19.613952353200567, "n_waypoints_completed": 9, "tot_waypoints": 9}}
{"target": -223.56087695400598, "params": {"k_pid_pos": [1.8792899704868669, 0.024859491386256316, 0.9451257094832697], "k_pid_alt": [1.4458679973838424, 0.0, 0.22149341006279488], "k_pid_att": [29.46763110571006, 5.67849514865483, 0.6559199499296157], "k_pid_yaw": [0.5, 1e-06, 0.1], "k_pid_hsp": [0.09847755819799779, 0.011264223901387349, 0.0], "k_pid_vsp": [251.5004449007475, 216.29307082677042, 137.8781286763733]}, "datetime": {"datetime": "2025-08-13 19:21:47", "elapsed": 34435.58548808098, "delta": 20.930946826934814}, "costs": {"total_cost": 223.56087695400598, "time_cost": 83.685, "final_distance_cost": 1.806952145671252, "oscillation_cost": 29.91406872181658, "completition_cost": 0.0, "overshoot_cost": 58.87825828259938, "power_cost": 26.170559399414064, "noise_cost": 23.106038404504712, "n_waypoints_completed": 9, "tot_waypoints": 9}}
{"target": -819.1846085141216, "params": {"k_pid_pos": [1.6482342715797629, 0.024859491386256316, 0.8544707697037623], "k_pid_alt": [1.4458679973838424, 0.0, 0.6600607021214705], "k_pid_att": [32.194164172814396, 2.6889016979653872, 0.6559199499296157], "k_pid_yaw": [0.5, 1e-06, 0.1], "k_pid_hsp": [0.09847755819799779, 0.7129502841202989, 0.0], "k_pid_vsp": [251.5004449007475, 59.083466427248936, 10.0]}, "datetime": {"datetime": "2025-08-13 19:22:15", "elapsed": 34463.876415252686, "delta": 28.290927171707153}, "costs": {"total_cost": 819.1846085141216, "time_cost": 150, "final_distance_cost": 52.104537724149225, "oscillation_cost": 146.41581024959518, "completition_cost": 333.33333333333337, "overshoot_cost": 73.51899829765858, "power_cost": 29.85373873291016, "noise_cost": 33.95819017647511, "n_waypoints_completed": 6, "tot_waypoints": 9}}
{"target": -188.61608096453912, "params": {"k_pid_pos": [1.733835489643198, 0.024859491386256316, 0.704167472379422], "k_pid_alt": [1.477768752937916, 0.0, 0.6600607021214705], "k_pid_att": [39.447728079683905, 9.545016992888707, 0.73590781336997], "k_pid_yaw": [0.5, 1e-06, 0.1], "k_pid_hsp": [0.09847755819799779, 0.011264223901387349, 0.0], "k_pid_vsp": [33.09370770872002, 59.083466427248936, 10.0]}, "datetime": {"datetime": "2025-08-13 19:22:32", "elapsed": 34480.528356313705, "delta": 16.651941061019897}, "costs": {"total_cost": 188.61608096453912, "time_cost": 70.32900000000001, "final_distance_cost": 1.8152373062801481, "oscillation_cost": 28.749992962413717, "completition_cost": 0.0, "overshoot_cost": 50.75217565809076, "power_cost": 18.10660291748047, "noise_cost": 18.863072120274005, "n_waypoints_completed": 9, "tot_waypoints": 9}}
{"target": -188.2022923679251, "params": {"k_pid_pos": [1.733835489643198, 0.024859491386256316, 0.9451257094832697], "k_pid_alt": [1.4458679973838424, 0.0, 0.3146878632891922], "k_pid_att": [29.46763110571006, 2.6298254890628097, 0.3301527476617453], "k_pid_yaw": [0.5, 1e-06, 0.1], "k_pid_hsp": [0.09847755819799779, 0.036551335399587326, 0.0], "k_pid_vsp": [251.5004449007475, 59.083466427248936, 10.0]}, "datetime": {"datetime": "2025-08-13 19:22:49", "elapsed": 34497.25393342972, "delta": 16.725577116012573}, "costs": {"total_cost": 188.2022923679251, "time_cost": 70.343, "final_distance_cost": 1.848202806265444, "oscillation_cost": 31.66544025216487, "completition_cost": 0.0, "overshoot_cost": 50.04251305806864, "power_cost": 15.97767117919922, "noise_cost": 18.32546507222689, "n_waypoints_completed": 9, "tot_waypoints": 9}}
