{"target": -393.40107821378945, "params": {"k_pid_pos": [1.4340672435785011, 0.024859491386256316, 0.8519347702918288], "k_pid_alt": [1.4458679973838424, 0.0, 0.3146878632891922], "k_pid_att": [43.948176657889235, 3.8677381495188174, 0.1845336041603497], "k_pid_yaw": [0.5, 1e-06, 0.1], "k_pid_hsp": [0.09847755819799779, 0.49946950194544293, 0.0], "k_pid_vsp": [277.2708477836043, 93.09285943774285, 10.0]}, "datetime": {"datetime": "2025-08-13 14:15:21", "elapsed": 16049.8872859478, "delta": 27.756309986114502}, "costs": {"total_cost": 393.40107821378945, "time_cost": 107.94, "final_distance_cost": 1.8535566699014048, "oscillation_cost": 146.90246287856817, "completition_cost": 0.0, "overshoot_cost": 67.88017588840464, "power_cost": 33.97639014892578, "noise_cost": 34.84849262798952, "n_waypoints_completed": 9, "tot_waypoints": 9}}
{"target": -692.2575791434264, "params": {"k_pid_pos": [1.380631376916402, 0.11906128738229915, 0.44963268842268056], "k_pid_alt": [1.3131013039922512, 0.3880823501137123, 0.13294310327404035], "k_pid_att": [43.948176657889235, 3.8677381495188174, 0.8257697299075593], "k_pid_yaw": [0.5, 1e-06, 0.1], "k_pid_hsp": [0.09847755819799779, 0.5722723475848833, 0.0], "k_pid_vsp": [194.7624155113164, 317.0669739011019, 10.0]}, "datetime": {"datetime": "2025-08-13 14:15:53", "elapsed": 16081.751790523529, "delta": 31.86450457572937}, "costs": {"total_cost": 692.2575791434264, "time_cost": 150, "final_distance_cost": 64.0731394831259, "oscillation_cost": 127.2549924620405, "completition_cost": 222.2222222222222, "overshoot_cost": 63.44028089399616, "power_cost": 31.06720106201172, "noise_cost": 34.199743020029885, "n_waypoints_completed": 7, "tot_waypoints": 9}}
{"target": -190.37530622032767, "params": {"k_pid_pos": [1.4340672435785011, 0.024859491386256316, 0.8519347702918288], "k_pid_alt": [1.4458679973838424, 0.0, 0.3146878632891922], "k_pid_att": [43.948176657889235, 3.8677381495188174, 0.837110513405392], "k_pid_yaw": [0.5, 1e-06, 0.1], "k_pid_hsp": [0.09847755819799779, 0.011264223901387349, 0.0], "k_pid_vsp": [17.18305095025783, 93.09285943774285, 10.0]}, "datetime": {"datetime": "2025-08-13 14:16:11", "elapsed": 16099.588005542755, "delta": 17.836215019226074}, "costs": {"total_cost": 190.37530622032767, "time_cost": 71.001, "final_distance_cost": 1.837192408913574, "oscillation_cost": 27.439251903782683, "completition_cost": 0.0, "overshoot_cost": 51.40510870765064, "power_cost": 19.358200219726562, "noise_cost": 19.334552980254173, "n_waypoints_completed": 9, "tot_waypoints": 9}}
{"target": -187.20640385095675, "params": {"k_pid_pos": [1.4340672435785011, 0.024859491386256316, 0.44963268842268056], "k_pid_alt": [1.296896341175293, 0.0, 0.16072894317769304], "k_pid_att": [58.45879911684221, 3.8677381495188174, 0.1845336041603497], "k_pid_yaw": [0.5, 1e-06, 0.1], "k_pid_hsp": [0.09847755819799779, 0.011264223901387349, 0.0], "k_pid_vsp": [194.7624155113164, 156.73508457218338, 10.0]}, "datetime": {"datetime": "2025-08-13 14:16:29", "elapsed": 16117.302188873291, "delta": 17.71418333053589}, "costs": {"total_cost": 187.20640385095675, "time_cost": 70.007, "final_distance_cost": 1.792065260696281, "oscillation_cost": 29.901815222901707, "completition_cost": 0.0, "overshoot_cost": 50.71266715698464, "power_cost": 16.974932141113282, "noise_cost": 17.817924069260833, "n_waypoints_completed": 9, "tot_waypoints": 9}}
{"target": -194.38362958507486, "params": {"k_pid_pos": [1.4340672435785011, 0.024859491386256316, 0.8519347702918288], "k_pid_alt": [1.4458679973838424, 0.0, 0.3146878632891922], "k_pid_att": [43.948176657889235, 3.8677381495188174, 0.1845336041603497], "k_pid_yaw": [0.5, 1e-06, 0.1], "k_pid_hsp": [0.09847755819799779, 0.011264223901387349, 0.0], "k_pid_vsp": [277.2708477836043, 93.09285943774285, 10.0]}, "datetime": {"datetime": "2025-08-13 14:16:46", "elapsed": 16135.05730676651, "delta": 17.755117893218994}, "costs": {"total_cost": 194.38362958507486, "time_cost": 70.686, "final_distance_cost": 1.8384683009962255, "oscillation_cost": 27.104132684496772, "completition_cost": 0.0, "overshoot_cost": 51.219177884124164, "power_cost": 22.260499475097657, "noise_cost": 21.275351240360035, "n_waypoints_completed": 9, "tot_waypoints": 9}}
{"target": -184.25561227415113, "params": {"k_pid_pos": [1.4340672435785011, 0.024859491386256316, 0.8519347702918288], "k_pid_alt": [1.4458679973838424, 0.0, 0.3146878632891922], "k_pid_att": [43.948176657889235, 3.8677381495188174, 0.837110513405392], "k_pid_yaw": [0.5, 1e-06, 0.1], "k_pid_hsp": [0.09847755819799779, 0.011264223901387349, 0.0], "k_pid_vsp": [17.18305095025783, 156.73508457218338, 10.0]}, "datetime": {"datetime": "2025-08-13 14:17:05", "elapsed": 16153.465079545975, "delta": 18.40777277946472}, "costs": {"total_cost": 184.25561227415113, "time_cost": 70.21000000000001, "final_distance_cost": 1.8277212575711697, "oscillation_cost": 30.217064450098732, "completition_cost": 0.0, "overshoot_cost": 50.713756162176935, "power_cost": 12.607352270507812, "noise_cost": 18.679718133796474, "n_waypoints_completed": 9, "tot_waypoints": 9}}
{"target": -190.47648619753588, "params": {"k_pid_pos": [1.4999912498542303, 0.11906128738229915, 0.44963268842268056], "k_pid_alt": [0.8815334174028542, 0.0, 0.16072894317769304], "k_pid_att": [58.45879911684221, 3.8677381495188174, 0.970432917090323], "k_pid_yaw": [0.5, 1e-06, 0.1], "k_pid_hsp": [0.09847755819799779, 0.005322982040420254, 0.0], "k_pid_vsp": [194.7624155113164, 93.09285943774285, 10.0]}, "datetime": {"datetime": "2025-08-13 14:17:23", "elapsed": 16171.253161907196, "delta": 17.788082361221313}, "costs": {"total_cost": 190.47648619753588, "time_cost": 72.422, "final_distance_cost": 1.788800566162477, "oscillation_cost": 28.472103165852566, "completition_cost": 0.0, "overshoot_cost": 51.23410628165775, "power_cost": 17.405334667968752, "noise_cost": 19.154141515894345, "n_waypoints_completed": 9, "tot_waypoints": 9}}
{"target": -1922.7655172821403, "params": {"k_pid_pos": [1.4340672435785011, 0.024859491386256316, 0.44963268842268056], "k_pid_alt": [1.296896341175293, 0.0, 0.16072894317769304], "k_pid_att": [43.60526211095247, 3.8677381495188174, 0.1845336041603497], "k_pid_yaw": [0.5, 1e-06, 0.1], "k_pid_hsp": [0.09847755819799779, 0.011264223901387349, 0.22448647802751287], "k_pid_vsp": [50.679771886171295, 156.73508457218338, 10.0]}, "datetime": {"datetime": "2025-08-13 14:17:53", "elapsed": 16201.192512989044, "delta": 29.939351081848145}, "costs": {"total_cost": 1922.7655172821403, "time_cost": 150, "final_distance_cost": 78.37028167181461, "oscillation_cost": 830.6673521204395, "completition_cost": 666.6666666666667, "overshoot_cost": 130.3428424769948, "power_cost": 36.02588439941407, "noise_cost": 30.69248994681064, "n_waypoints_completed": 3, "tot_waypoints": 9}}
{"target": -205.96936439603974, "params": {"k_pid_pos": [1.900292756797936, 0.024859491386256316, 0.8519347702918288], "k_pid_alt": [1.4458679973838424, 0.0, 0.3146878632891922], "k_pid_att": [43.948176657889235, 3.8677381495188174, 0.1845336041603497], "k_pid_yaw": [0.5, 1e-06, 0.1], "k_pid_hsp": [0.09847755819799779, 0.011264223901387349, 0.0], "k_pid_vsp": [3.1458759584375606, 383.1463585968337, 10.0]}, "datetime": {"datetime": "2025-08-13 14:18:13", "elapsed": 16221.299711227417, "delta": 20.107198238372803}, "costs": {"total_cost": 205.96936439603974, "time_cost": 75.18, "final_distance_cost": 1.7805728954143742, "oscillation_cost": 37.94609551330362, "completition_cost": 0.0, "overshoot_cost": 53.780600423455354, "power_cost": 20.179331945800783, "noise_cost": 17.102763618065612, "n_waypoints_completed": 9, "tot_waypoints": 9}}
{"target": -209.72639240966956, "params": {"k_pid_pos": [1.4999912498542303, 0.555082988480368, 0.8519347702918288], "k_pid_alt": [1.4458679973838424, 0.34014086964374357, 0.3146878632891922], "k_pid_att": [43.948176657889235, 3.8677381495188174, 0.1845336041603497], "k_pid_yaw": [0.5, 1e-06, 0.1], "k_pid_hsp": [0.09847755819799779, 0.011264223901387349, 0.0], "k_pid_vsp": [277.2708477836043, 93.09285943774285, 10.0]}, "datetime": {"datetime": "2025-08-13 14:18:34", "elapsed": 16242.243532896042, "delta": 20.943821668624878}, "costs": {"total_cost": 209.72639240966956, "time_cost": 81.991, "final_distance_cost": 1.7516538122769345, "oscillation_cost": 31.066022712590524, "completition_cost": 0.0, "overshoot_cost": 52.09163256043262, "power_cost": 21.5352947265625, "noise_cost": 21.290788597806966, "n_waypoints_completed": 9, "tot_waypoints": 9}}
{"target": -195.1261336151099, "params": {"k_pid_pos": [1.4340672435785011, 0.024859491386256316, 0.855962508813682], "k_pid_alt": [1.2679502233621702, 0.02520494712616217, 0.7131227981836126], "k_pid_att": [22.453081793151608, 3.8677381495188174, 0.1845336041603497], "k_pid_yaw": [0.5, 1e-06, 0.1], "k_pid_hsp": [0.09847755819799779, 0.011264223901387349, 0.0], "k_pid_vsp": [292.94687076665593, 236.48000513664874, 10.0]}, "datetime": {"datetime": "2025-08-13 14:18:52", "elapsed": 16260.660216331482, "delta": 18.416683435440063}, "costs": {"total_cost": 195.1261336151099, "time_cost": 71.47, "final_distance_cost": 1.8404172589059522, "oscillation_cost": 27.666322663679523, "completition_cost": 0.0, "overshoot_cost": 51.250949805084495, "power_cost": 21.948234204101563, "noise_cost": 20.950209683338358, "n_waypoints_completed": 9, "tot_waypoints": 9}}
{"target": -1360.018870782967, "params": {"k_pid_pos": [0.17771488283981443, 0.024859491386256316, 0.44963268842268056], "k_pid_alt": [1.4458679973838424, 0.0, 0.3146878632891922], "k_pid_att": [43.948176657889235, 3.8677381495188174, 0.1845336041603497], "k_pid_yaw": [0.5, 1e-06, 0.1], "k_pid_hsp": [9.209539779438497, 0.6824706006861725, 0.0], "k_pid_vsp": [277.2708477836043, 383.1463585968337, 10.0]}, "datetime": {"datetime": "2025-08-13 14:19:28", "elapsed": 16296.497086286545, "delta": 35.836869955062866}, "costs": {"total_cost": 1360.018870782967, "time_cost": 150, "final_distance_cost": 50.03053193312526, "oscillation_cost": 595.922613094437, "completition_cost": 444.4444444444444, "overshoot_cost": 56.78767926101785, "power_cost": 33.37280145263672, "noise_cost": 29.460800597306026, "n_waypoints_completed": 5, "tot_waypoints": 9}}
{"target": -222.2760122326037, "params": {"k_pid_pos": [1.4340672435785011, 0.024859491386256316, 0.8519347702918288], "k_pid_alt": [1.4458679973838424, 0.0, 0.13294310327404035], "k_pid_att": [39.447728079683905, 3.8677381495188174, 0.41736344958023697], "k_pid_yaw": [0.5, 1e-06, 0.1], "k_pid_hsp": [5.650197857669776, 0.011264223901387349, 0.0], "k_pid_vsp": [194.7624155113164, 23.77679025428185, 10.0]}, "datetime": {"datetime": "2025-08-13 14:19:51", "elapsed": 16320.062034130096, "delta": 23.564947843551636}, "costs": {"total_cost": 222.2760122326037, "time_cost": 72.093, "final_distance_cost": 1.8534420900074469, "oscillation_cost": 61.29173120715201, "completition_cost": 0.0, "overshoot_cost": 51.108162798031756, "power_cost": 15.859424731445314, "noise_cost": 20.07025140596721, "n_waypoints_completed": 9, "tot_waypoints": 9}}
{"target": -204.19288887824675, "params": {"k_pid_pos": [1.4999912498542303, 0.11906128738229915, 0.06327155149462471], "k_pid_alt": [1.1424381546674114, 0.0, 0.3146878632891922], "k_pid_att": [43.948176657889235, 3.7802132718527557, 0.1845336041603497], "k_pid_yaw": [0.5, 1e-06, 0.1], "k_pid_hsp": [0.09847755819799779, 0.011264223901387349, 0.0], "k_pid_vsp": [17.18305095025783, 93.09285943774285, 10.0]}, "datetime": {"datetime": "2025-08-13 14:20:12", "elapsed": 16340.637005090714, "delta": 20.574970960617065}, "costs": {"total_cost": 204.19288887824675, "time_cost": 74.291, "final_distance_cost": 1.801702637724263, "oscillation_cost": 34.01335157952789, "completition_cost": 0.0, "overshoot_cost": 51.11775955446611, "power_cost": 22.156818090820313, "noise_cost": 20.81225701570819, "n_waypoints_completed": 9, "tot_waypoints": 9}}
{"target": -221.63045004570404, "params": {"k_pid_pos": [0.47109496471671364, 0.024859491386256316, 0.44963268842268056], "k_pid_alt": [1.4458679973838424, 0.3889486996552407, 0.9306475661290093], "k_pid_att": [43.948176657889235, 3.8677381495188174, 0.837110513405392], "k_pid_yaw": [0.5, 1e-06, 0.1], "k_pid_hsp": [0.09847755819799779, 0.011264223901387349, 0.0], "k_pid_vsp": [279.31855783528204, 156.73508457218338, 10.0]}, "datetime": {"datetime": "2025-08-13 14:20:37", "elapsed": 16365.24420261383, "delta": 24.607197523117065}, "costs": {"total_cost": 221.63045004570404, "time_cost": 93.261, "final_distance_cost": 1.8215546117698493, "oscillation_cost": 19.749994090445295, "completition_cost": 0.0, "overshoot_cost": 55.40184693353579, "power_cost": 25.797899548339846, "noise_cost": 25.59815486161325, "n_waypoints_completed": 9, "tot_waypoints": 9}}
{"target": -187.45120582355793, "params": {"k_pid_pos": [1.4340672435785011, 0.024859491386256316, 0.8519347702918288], "k_pid_alt": [1.4458679973838424, 0.0, 0.3146878632891922], "k_pid_att": [43.948176657889235, 3.8677381495188174, 0.1845336041603497], "k_pid_yaw": [0.5, 1e-06, 0.1], "k_pid_hsp": [0.09847755819799779, 0.011264223901387349, 0.0], "k_pid_vsp": [277.2708477836043, 93.09285943774285, 10.0]}, "datetime": {"datetime": "2025-08-13 14:20:55", "elapsed": 16383.3199365139, "delta": 18.07573390007019}, "costs": {"total_cost": 187.45120582355793, "time_cost": 70.798, "final_distance_cost": 1.8290738817207641, "oscillation_cost": 27.914992366651916, "completition_cost": 0.0, "overshoot_cost": 51.587733904235996, "power_cost": 16.559028149414065, "noise_cost": 18.76237752153516, "n_waypoints_completed": 9, "tot_waypoints": 9}}
{"target": -195.40686017812493, "params": {"k_pid_pos": [1.9676806299345462, 0.024859491386256316, 0.8519347702918288], "k_pid_alt": [1.394383142748206, 0.0, 0.3146878632891922], "k_pid_att": [39.447728079683905, 3.8677381495188174, 0.17039554323513206], "k_pid_yaw": [0.5, 1e-06, 0.1], "k_pid_hsp": [0.09847755819799779, 0.011264223901387349, 0.0], "k_pid_vsp": [277.2708477836043, 93.09285943774285, 10.0]}, "datetime": {"datetime": "2025-08-13 14:21:15", "elapsed": 16403.248557806015, "delta": 19.928621292114258}, "costs": {"total_cost": 195.40686017812493, "time_cost": 71.071, "final_distance_cost": 1.8006918115244175, "oscillation_cost": 28.765308866242616, "completition_cost": 0.0, "overshoot_cost": 51.75166547886589, "power_cost": 21.456492114257813, "noise_cost": 20.561701907234184, "n_waypoints_completed": 9, "tot_waypoints": 9}}
{"target": -1920.515516346957, "params": {"k_pid_pos": [1.0031316701085804, 0.024859491386256316, 0.44963268842268056], "k_pid_alt": [1.4458679973838424, 0.0, 0.16072894317769304], "k_pid_att": [60.39759467582875, 3.8677381495188174, 0.1845336041603497], "k_pid_yaw": [0.5, 1e-06, 0.1], "k_pid_hsp": [0.09847755819799779, 0.24468742025477586, 0.4885311630634622], "k_pid_vsp": [294.66786775931484, 156.73508457218338, 10.0]}, "datetime": {"datetime": "2025-08-13 14:21:48", "elapsed": 16436.129983901978, "delta": 32.881426095962524}, "costs": {"total_cost": 1920.515516346957, "time_cost": 150, "final_distance_cost": 89.7480088793736, "oscillation_cost": 817.3604777838933, "completition_cost": 666.6666666666667, "overshoot_cost": 143.5918098450421, "power_cost": 25.602880297851563, "noise_cost": 27.545672874129885, "n_waypoints_completed": 3, "tot_waypoints": 9}}
{"target": -253.21907546146628, "params": {"k_pid_pos": [1.0031316701085804, 0.024859491386256316, 0.44963268842268056], "k_pid_alt": [1.4458679973838424, 0.0, 0.13294310327404035], "k_pid_att": [39.447728079683905, 3.8677381495188174, 0.8257697299075593], "k_pid_yaw": [0.5, 1e-06, 0.1], "k_pid_hsp": [0.09847755819799779, 0.23589601547334327, 0.0], "k_pid_vsp": [194.7624155113164, 317.0669739011019, 10.0]}, "datetime": {"datetime": "2025-08-13 14:22:09", "elapsed": 16458.04350876808, "delta": 21.913524866104126}, "costs": {"total_cost": 253.21907546146628, "time_cost": 78.393, "final_distance_cost": 1.854666616912393, "oscillation_cost": 76.56550094059237, "completition_cost": 0.0, "overshoot_cost": 52.55376305938219, "power_cost": 21.41220662841797, "noise_cost": 22.439938216161337, "n_waypoints_completed": 9, "tot_waypoints": 9}}
{"target": -197.64119893946014, "params": {"k_pid_pos": [1.0031316701085804, 0.11906128738229915, 0.44963268842268056], "k_pid_alt": [0.8815334174028542, 0.0, 0.16072894317769304], "k_pid_att": [58.45879911684221, 9.52237692751095, 0.9669350405079173], "k_pid_yaw": [0.5, 1e-06, 0.1], "k_pid_hsp": [0.09847755819799779, 0.005322982040420254, 0.0], "k_pid_vsp": [194.7624155113164, 156.73508457218338, 10.0]}, "datetime": {"datetime": "2025-08-13 14:22:30", "elapsed": 16478.19754433632, "delta": 20.154035568237305}, "costs": {"total_cost": 197.64119893946014, "time_cost": 76.174, "final_distance_cost": 1.8269649898394489, "oscillation_cost": 25.254052656589348, "completition_cost": 0.0, "overshoot_cost": 51.47163167871073, "power_cost": 21.66604853515625, "noise_cost": 21.248501079164363, "n_waypoints_completed": 9, "tot_waypoints": 9}}
{"target": -181.91380243626114, "params": {"k_pid_pos": [1.4999912498542303, 0.024859491386256316, 0.44963268842268056], "k_pid_alt": [1.4458679973838424, 0.0, 0.13294310327404035], "k_pid_att": [39.447728079683905, 3.8677381495188174, 0.8257697299075593], "k_pid_yaw": [0.5, 1e-06, 0.1], "k_pid_hsp": [0.09847755819799779, 0.011264223901387349, 0.0], "k_pid_vsp": [194.7624155113164, 87.58200976551859, 10.0]}, "datetime": {"datetime": "2025-08-13 14:22:47", "elapsed": 16495.755353927612, "delta": 17.557809591293335}, "costs": {"total_cost": 181.91380243626114, "time_cost": 69.552, "final_distance_cost": 1.8202910623185158, "oscillation_cost": 29.372507044075956, "completition_cost": 0.0, "overshoot_cost": 51.07589241803503, "power_cost": 12.08032783203125, "noise_cost": 18.012784079800348, "n_waypoints_completed": 9, "tot_waypoints": 9}}
{"target": -232.31805063982597, "params": {"k_pid_pos": [1.4340672435785011, 0.024859491386256316, 0.8519347702918288], "k_pid_alt": [1.4458679973838424, 0.0, 0.3146878632891922], "k_pid_att": [43.948176657889235, 6.818041247323689, 0.837110513405392], "k_pid_yaw": [0.5, 1e-06, 0.1], "k_pid_hsp": [8.170134635164592, 0.011264223901387349, 0.0], "k_pid_vsp": [194.7624155113164, 317.0669739011019, 10.0]}, "datetime": {"datetime": "2025-08-13 14:23:08", "elapsed": 16516.819076299667, "delta": 21.063722372055054}, "costs": {"total_cost": 232.31805063982597, "time_cost": 72.436, "final_distance_cost": 1.8458539756098242, "oscillation_cost": 70.64092857960631, "completition_cost": 0.0, "overshoot_cost": 50.26835285631295, "power_cost": 17.547697216796877, "noise_cost": 19.57921801149999, "n_waypoints_completed": 9, "tot_waypoints": 9}}
{"target": -180.03930772976787, "params": {"k_pid_pos": [1.0031316701085804, 0.024859491386256316, 0.44963268842268056], "k_pid_alt": [1.4458679973838424, 0.0, 0.13294310327404035], "k_pid_att": [39.447728079683905, 3.9650988168623, 0.8257697299075593], "k_pid_yaw": [0.5, 1e-06, 0.1], "k_pid_hsp": [0.09847755819799779, 0.011264223901387349, 0.0], "k_pid_vsp": [17.18305095025783, 93.09285943774285, 10.0]}, "datetime": {"datetime": "2025-08-13 14:23:29", "elapsed": 16537.24401807785, "delta": 20.424941778182983}, "costs": {"total_cost": 180.03930772976787, "time_cost": 70.378, "final_distance_cost": 1.8306697093432944, "oscillation_cost": 26.61235079221468, "completition_cost": 0.0, "overshoot_cost": 50.22888465772049, "power_cost": 11.917161462402344, "noise_cost": 19.07224110808707, "n_waypoints_completed": 9, "tot_waypoints": 9}}
{"target": -193.61255880353494, "params": {"k_pid_pos": [1.4340672435785011, 0.024859491386256316, 0.1299460526004279], "k_pid_alt": [1.4458679973838424, 0.0, 0.3146878632891922], "k_pid_att": [43.948176657889235, 0.17852168831839865, 0.837110513405392], "k_pid_yaw": [0.5, 1e-06, 0.1], "k_pid_hsp": [0.09847755819799779, 0.011264223901387349, 0.0], "k_pid_vsp": [194.7624155113164, 156.73508457218338, 10.0]}, "datetime": {"datetime": "2025-08-13 14:23:52", "elapsed": 16560.412981271744, "delta": 23.168963193893433}, "costs": {"total_cost": 193.61255880353494, "time_cost": 70.539, "final_distance_cost": 1.7889578275261977, "oscillation_cost": 31.15445610933999, "completition_cost": 0.0, "overshoot_cost": 51.24429899010468, "power_cost": 19.7047841796875, "noise_cost": 19.181061696876554, "n_waypoints_completed": 9, "tot_waypoints": 9}}
{"target": -208.80886308441706, "params": {"k_pid_pos": [1.4340672435785011, 0.024859491386256316, 0.44963268842268056], "k_pid_alt": [1.296896341175293, 0.626400033436537, 0.16072894317769304], "k_pid_att": [58.45879911684221, 3.8677381495188174, 0.1845336041603497], "k_pid_yaw": [0.5, 1e-06, 0.1], "k_pid_hsp": [0.09847755819799779, 0.011264223901387349, 0.0], "k_pid_vsp": [17.18305095025783, 93.09285943774285, 10.0]}, "datetime": {"datetime": "2025-08-13 14:24:18", "elapsed": 16586.800761699677, "delta": 26.38778042793274}, "costs": {"total_cost": 208.80886308441706, "time_cost": 79.569, "final_distance_cost": 1.7977882742276254, "oscillation_cost": 32.78204339727336, "completition_cost": 0.0, "overshoot_cost": 52.73171568604003, "power_cost": 21.321983227539064, "noise_cost": 20.606332499336915, "n_waypoints_completed": 9, "tot_waypoints": 9}}
