{"target": -186.14071934946034, "params": {"k_pid_pos": [1.4340672435785011, 0.024859491386256316, 0.44963268842268056], "k_pid_alt": [1.296896341175293, 0.0, 0.16072894317769304], "k_pid_att": [58.45879911684221, 3.8677381495188174, 0.1845336041603497], "k_pid_yaw": [0.5, 1e-06, 0.1], "k_pid_hsp": [0.09847755819799779, 0.011264223901387349, 0.0], "k_pid_vsp": [194.7624155113164, 156.73508457218338, 10.0]}, "datetime": {"datetime": "2025-08-13 13:37:42", "elapsed": 13790.977301597595, "delta": 20.093027591705322}, "costs": {"total_cost": 186.14071934946034, "time_cost": 69.986, "final_distance_cost": 1.8101232835523808, "oscillation_cost": 30.312279424135742, "completition_cost": 0.0, "overshoot_cost": 50.76542678484215, "power_cost": 15.010429333496095, "noise_cost": 18.25646052343398, "n_waypoints_completed": 9, "tot_waypoints": 9}}
{"target": -213.24124083125767, "params": {"k_pid_pos": [1.4999912498542303, 0.050748570824986294, 0.44963268842268056], "k_pid_alt": [1.4458679973838424, 0.12725761828472648, 0.16072894317769304], "k_pid_att": [94.70626418914286, 3.8677381495188174, 0.1845336041603497], "k_pid_yaw": [0.5, 1e-06, 0.1], "k_pid_hsp": [0.09847755819799779, 0.011264223901387349, 0.0], "k_pid_vsp": [17.18305095025783, 93.09285943774285, 10.0]}, "datetime": {"datetime": "2025-08-13 13:38:05", "elapsed": 13814.022651433945, "delta": 23.045349836349487}, "costs": {"total_cost": 213.24124083125767, "time_cost": 83.545, "final_distance_cost": 1.7815229372595842, "oscillation_cost": 36.22316145677549, "completition_cost": 0.0, "overshoot_cost": 52.19799768593312, "power_cost": 17.658980261230468, "noise_cost": 21.834578490059055, "n_waypoints_completed": 9, "tot_waypoints": 9}}
{"target": -463.5701822872516, "params": {"k_pid_pos": [1.4340672435785011, 0.024859491386256316, 0.44963268842268056], "k_pid_alt": [1.296896341175293, 0.0, 0.2242343482792274], "k_pid_att": [43.948176657889235, 2.1609837743181, 0.1842699986668217], "k_pid_yaw": [0.5, 1e-06, 0.1], "k_pid_hsp": [0.09847755819799779, 0.011264223901387349, 0.04333175346050033], "k_pid_vsp": [316.1258038976114, 216.77849333539965, 10.0]}, "datetime": {"datetime": "2025-08-13 13:38:27", "elapsed": 13835.659201145172, "delta": 21.636549711227417}, "costs": {"total_cost": 463.5701822872516, "time_cost": 78.19, "final_distance_cost": 1.8072406190200512, "oscillation_cost": 285.4033097411268, "completition_cost": 0.0, "overshoot_cost": 55.43900277634778, "power_cost": 21.279573693847656, "noise_cost": 21.451055456909316, "n_waypoints_completed": 9, "tot_waypoints": 9}}
{"target": -216.77144239305903, "params": {"k_pid_pos": [1.4340672435785011, 0.024859491386256316, 0.9062157365473852], "k_pid_alt": [1.2679502233621702, 0.21279159204151088, 0.3146878632891922], "k_pid_att": [43.948176657889235, 3.8677381495188174, 0.3366070335655168], "k_pid_yaw": [0.5, 1e-06, 0.1], "k_pid_hsp": [0.09847755819799779, 0.011264223901387349, 0.0], "k_pid_vsp": [216.03222731533768, 156.73508457218338, 10.0]}, "datetime": {"datetime": "2025-08-13 13:38:48", "elapsed": 13856.893104076385, "delta": 21.23390293121338}, "costs": {"total_cost": 216.77144239305903, "time_cost": 84.7, "final_distance_cost": 1.8074772069902094, "oscillation_cost": 27.43095162648417, "completition_cost": 0.0, "overshoot_cost": 52.315403316496734, "power_cost": 26.19799822998047, "noise_cost": 24.319612013107438, "n_waypoints_completed": 9, "tot_waypoints": 9}}
{"target": -211.77834464113994, "params": {"k_pid_pos": [1.4340672435785011, 0.5998678448275786, 0.44963268842268056], "k_pid_alt": [1.296896341175293, 0.02520494712616217, 0.949345597264735], "k_pid_att": [39.447728079683905, 4.028010644934719, 0.1845336041603497], "k_pid_yaw": [0.5, 1e-06, 0.1], "k_pid_hsp": [0.09847755819799779, 0.011264223901387349, 0.0], "k_pid_vsp": [277.2708477836043, 93.09285943774285, 10.0]}, "datetime": {"datetime": "2025-08-13 13:39:10", "elapsed": 13878.094416379929, "delta": 21.20131230354309}, "costs": {"total_cost": 211.77834464113994, "time_cost": 81.361, "final_distance_cost": 1.7417512527710428, "oscillation_cost": 33.87850476533888, "completition_cost": 0.0, "overshoot_cost": 53.532756881393446, "power_cost": 21.058815686035157, "noise_cost": 20.205516055601414, "n_waypoints_completed": 9, "tot_waypoints": 9}}
{"target": -227.41525658409887, "params": {"k_pid_pos": [1.4340672435785011, 0.5998678448275786, 0.2801383876314065], "k_pid_alt": [1.296896341175293, 0.02520494712616217, 0.949345597264735], "k_pid_att": [39.447728079683905, 3.8677381495188174, 0.3366070335655168], "k_pid_yaw": [0.5, 1e-06, 0.1], "k_pid_hsp": [0.09847755819799779, 0.011264223901387349, 0.0], "k_pid_vsp": [10.061310251204958, 156.73508457218338, 10.0]}, "datetime": {"datetime": "2025-08-13 13:39:32", "elapsed": 13900.573266506195, "delta": 22.47885012626648}, "costs": {"total_cost": 227.41525658409887, "time_cost": 87.164, "final_distance_cost": 1.7086394034796908, "oscillation_cost": 41.42050888400881, "completition_cost": 0.0, "overshoot_cost": 55.53801684548707, "power_cost": 18.112522082519533, "noise_cost": 23.47156936860374, "n_waypoints_completed": 9, "tot_waypoints": 9}}
{"target": -1988.5177042554787, "params": {"k_pid_pos": [1.0031316701085804, 0.024859491386256316, 0.44963268842268056], "k_pid_alt": [1.4458679973838424, 0.0, 0.3146878632891922], "k_pid_att": [43.948176657889235, 3.7802132718527557, 0.1845336041603497], "k_pid_yaw": [0.5, 1e-06, 0.1], "k_pid_hsp": [0.09847755819799779, 0.011264223901387349, 0.43392620681026395], "k_pid_vsp": [279.31855783528204, 156.73508457218338, 10.0]}, "datetime": {"datetime": "2025-08-13 13:40:03", "elapsed": 13931.602538347244, "delta": 31.029271841049194}, "costs": {"total_cost": 1988.5177042554787, "time_cost": 150, "final_distance_cost": 75.56650682204277, "oscillation_cost": 823.1876529864807, "completition_cost": 777.7777777777778, "overshoot_cost": 98.00555349253597, "power_cost": 33.81664223632813, "noise_cost": 30.163570940313654, "n_waypoints_completed": 2, "tot_waypoints": 9}}
{"target": -235.83522261444867, "params": {"k_pid_pos": [1.4340672435785011, 0.9521925363959002, 0.44963268842268056], "k_pid_alt": [1.296896341175293, 0.0, 0.13294310327404035], "k_pid_att": [39.447728079683905, 3.8677381495188174, 0.1845336041603497], "k_pid_yaw": [0.5, 1e-06, 0.1], "k_pid_hsp": [0.09847755819799779, 0.011264223901387349, 0.0], "k_pid_vsp": [194.7624155113164, 156.73508457218338, 10.0]}, "datetime": {"datetime": "2025-08-13 13:40:26", "elapsed": 13954.998422384262, "delta": 23.395884037017822}, "costs": {"total_cost": 235.83522261444867, "time_cost": 86.709, "final_distance_cost": 1.7274433581927782, "oscillation_cost": 38.621168323819454, "completition_cost": 0.0, "overshoot_cost": 55.914015142261555, "power_cost": 26.78599510498047, "noise_cost": 26.077600685194415, "n_waypoints_completed": 9, "tot_waypoints": 9}}
{"target": -221.93161300360566, "params": {"k_pid_pos": [1.0031316701085804, 0.024859491386256316, 0.44963268842268056], "k_pid_alt": [0.5660386435476983, 0.0, 0.3146878632891922], "k_pid_att": [43.948176657889235, 3.7802132718527557, 0.1845336041603497], "k_pid_yaw": [0.5, 1e-06, 0.1], "k_pid_hsp": [1.742591002227903, 0.011264223901387349, 0.0], "k_pid_vsp": [279.31855783528204, 156.73508457218338, 10.0]}, "datetime": {"datetime": "2025-08-13 13:40:49", "elapsed": 13977.396023511887, "delta": 22.39760112762451}, "costs": {"total_cost": 221.93161300360566, "time_cost": 83.881, "final_distance_cost": 1.8565349223172134, "oscillation_cost": 39.43307662248376, "completition_cost": 0.0, "overshoot_cost": 50.90454609768782, "power_cost": 23.28325604248047, "noise_cost": 22.573199318636394, "n_waypoints_completed": 9, "tot_waypoints": 9}}
{"target": -191.23301699800237, "params": {"k_pid_pos": [1.849624377781123, 0.024859491386256316, 0.855962508813682], "k_pid_alt": [1.636508049307729, 0.02520494712616217, 0.949345597264735], "k_pid_att": [39.447728079683905, 0.1829435822487251, 0.1845336041603497], "k_pid_yaw": [0.5, 1e-06, 0.1], "k_pid_hsp": [0.09847755819799779, 0.011264223901387349, 0.0], "k_pid_vsp": [194.7624155113164, 156.73508457218338, 10.0]}, "datetime": {"datetime": "2025-08-13 13:41:07", "elapsed": 13995.878266096115, "delta": 18.482242584228516}, "costs": {"total_cost": 191.23301699800237, "time_cost": 70.322, "final_distance_cost": 1.8011671525984798, "oscillation_cost": 29.224410056758718, "completition_cost": 0.0, "overshoot_cost": 51.16574126154563, "power_cost": 19.56706893310547, "noise_cost": 19.15262959399407, "n_waypoints_completed": 9, "tot_waypoints": 9}}
{"target": -203.37210040493386, "params": {"k_pid_pos": [1.849624377781123, 0.32941221611176796, 0.855962508813682], "k_pid_alt": [0.7194253153428574, 0.02520494712616217, 0.949345597264735], "k_pid_att": [39.447728079683905, 3.8677381495188174, 0.9166398602394554], "k_pid_yaw": [0.5, 1e-06, 0.1], "k_pid_hsp": [0.09847755819799779, 0.011264223901387349, 0.0], "k_pid_vsp": [194.7624155113164, 156.73508457218338, 10.0]}, "datetime": {"datetime": "2025-08-13 13:41:27", "elapsed": 14015.711642980576, "delta": 19.83337688446045}, "costs": {"total_cost": 203.37210040493386, "time_cost": 78.414, "final_distance_cost": 1.8322989284502809, "oscillation_cost": 30.887857730367926, "completition_cost": 0.0, "overshoot_cost": 51.63919031582132, "power_cost": 20.29234384765625, "noise_cost": 20.306409582638082, "n_waypoints_completed": 9, "tot_waypoints": 9}}
{"target": -364.4715063827315, "params": {"k_pid_pos": [1.849624377781123, 0.024859491386256316, 0.855962508813682], "k_pid_alt": [1.296896341175293, 0.19689014389003456, 0.3146878632891922], "k_pid_att": [43.948176657889235, 4.028010644934719, 0.1845336041603497], "k_pid_yaw": [0.5, 1e-06, 0.1], "k_pid_hsp": [0.09847755819799779, 0.34786682559405435, 0.0], "k_pid_vsp": [17.18305095025783, 125.65391032508283, 10.0]}, "datetime": {"datetime": "2025-08-13 13:41:57", "elapsed": 14045.114601373672, "delta": 29.402958393096924}, "costs": {"total_cost": 364.4715063827315, "time_cost": 112.686, "final_distance_cost": 1.793830090171328, "oscillation_cost": 125.74160967698205, "completition_cost": 0.0, "overshoot_cost": 60.8348648888249, "power_cost": 31.16760994873047, "noise_cost": 32.24759177802273, "n_waypoints_completed": 9, "tot_waypoints": 9}}
{"target": -184.96808925852338, "params": {"k_pid_pos": [1.4340672435785011, 0.024859491386256316, 0.8519347702918288], "k_pid_alt": [1.4458679973838424, 0.0, 0.3146878632891922], "k_pid_att": [43.948176657889235, 3.8677381495188174, 0.1845336041603497], "k_pid_yaw": [0.5, 1e-06, 0.1], "k_pid_hsp": [0.09847755819799779, 0.011264223901387349, 0.0], "k_pid_vsp": [277.2708477836043, 93.09285943774285, 10.0]}, "datetime": {"datetime": "2025-08-13 13:42:16", "elapsed": 14064.257219791412, "delta": 19.142618417739868}, "costs": {"total_cost": 184.96808925852338, "time_cost": 70.693, "final_distance_cost": 1.8406170060263112, "oscillation_cost": 28.078137119169106, "completition_cost": 0.0, "overshoot_cost": 50.74857695177602, "power_cost": 15.238630920410158, "noise_cost": 18.369127261141816, "n_waypoints_completed": 9, "tot_waypoints": 9}}
{"target": -187.58551438372075, "params": {"k_pid_pos": [1.0031316701085804, 0.024859491386256316, 0.44963268842268056], "k_pid_alt": [1.4458679973838424, 0.0, 0.3146878632891922], "k_pid_att": [43.948176657889235, 3.7802132718527557, 0.1845336041603497], "k_pid_yaw": [0.5, 1e-06, 0.1], "k_pid_hsp": [0.09847755819799779, 0.011264223901387349, 0.0], "k_pid_vsp": [279.31855783528204, 156.73508457218338, 10.0]}, "datetime": {"datetime": "2025-08-13 13:42:36", "elapsed": 14084.127933979034, "delta": 19.87071418762207}, "costs": {"total_cost": 187.58551438372075, "time_cost": 71.155, "final_distance_cost": 1.8250414257438412, "oscillation_cost": 26.085917069221633, "completition_cost": 0.0, "overshoot_cost": 50.824801021710094, "power_cost": 18.274926342773437, "noise_cost": 19.419828524271743, "n_waypoints_completed": 9, "tot_waypoints": 9}}
{"target": -189.4717131239318, "params": {"k_pid_pos": [1.4340672435785011, 0.024859491386256316, 0.44963268842268056], "k_pid_alt": [1.296896341175293, 0.0, 0.16072894317769304], "k_pid_att": [58.45879911684221, 3.8677381495188174, 0.1845336041603497], "k_pid_yaw": [0.5, 1e-06, 0.1], "k_pid_hsp": [0.09847755819799779, 0.011264223901387349, 0.0], "k_pid_vsp": [194.7624155113164, 156.73508457218338, 10.0]}, "datetime": {"datetime": "2025-08-13 13:42:55", "elapsed": 14103.63497018814, "delta": 19.507036209106445}, "costs": {"total_cost": 189.4717131239318, "time_cost": 69.902, "final_distance_cost": 1.8195040321074134, "oscillation_cost": 29.558766416303968, "completition_cost": 0.0, "overshoot_cost": 50.50149698965122, "power_cost": 18.859028076171874, "noise_cost": 18.830917609697295, "n_waypoints_completed": 9, "tot_waypoints": 9}}
{"target": -187.53555663302555, "params": {"k_pid_pos": [1.9168537650125603, 0.024859491386256316, 0.855962508813682], "k_pid_alt": [1.2679502233621702, 0.02520494712616217, 0.949345597264735], "k_pid_att": [39.909449977216326, 3.8677381495188174, 0.1845336041603497], "k_pid_yaw": [0.5, 1e-06, 0.1], "k_pid_hsp": [0.09847755819799779, 0.011264223901387349, 0.0], "k_pid_vsp": [17.18305095025783, 93.09285943774285, 10.0]}, "datetime": {"datetime": "2025-08-13 13:43:14", "elapsed": 14122.244219064713, "delta": 18.609248876571655}, "costs": {"total_cost": 187.53555663302555, "time_cost": 70.854, "final_distance_cost": 1.8077593815636372, "oscillation_cost": 30.623480582013446, "completition_cost": 0.0, "overshoot_cost": 50.87547299738638, "power_cost": 14.78059443359375, "noise_cost": 18.59424923846834, "n_waypoints_completed": 9, "tot_waypoints": 9}}
{"target": -188.27484977088048, "params": {"k_pid_pos": [1.4340672435785011, 0.024859491386256316, 0.44963268842268056], "k_pid_alt": [1.296896341175293, 0.0, 0.3146878632891922], "k_pid_att": [94.70626418914286, 3.8677381495188174, 0.1845336041603497], "k_pid_yaw": [0.5, 1e-06, 0.1], "k_pid_hsp": [0.09847755819799779, 0.011264223901387349, 0.0], "k_pid_vsp": [277.2708477836043, 104.00531260114543, 10.0]}, "datetime": {"datetime": "2025-08-13 13:43:32", "elapsed": 14140.511096000671, "delta": 18.266876935958862}, "costs": {"total_cost": 188.27484977088048, "time_cost": 70.539, "final_distance_cost": 1.7977056255707944, "oscillation_cost": 35.15932018019316, "completition_cost": 0.0, "overshoot_cost": 51.01873308012783, "power_cost": 11.416476110839845, "noise_cost": 18.34361477414881, "n_waypoints_completed": 9, "tot_waypoints": 9}}
{"target": -351.2703703586994, "params": {"k_pid_pos": [1.0031316701085804, 0.024859491386256316, 0.44963268842268056], "k_pid_alt": [1.4458679973838424, 0.0, 0.949345597264735], "k_pid_att": [39.909449977216326, 8.715136069545439, 0.1845336041603497], "k_pid_yaw": [0.5, 1e-06, 0.1], "k_pid_hsp": [7.728305082468198, 0.011264223901387349, 0.0], "k_pid_vsp": [277.2708477836043, 93.09285943774285, 10.0]}, "datetime": {"datetime": "2025-08-13 13:43:53", "elapsed": 14161.104975223541, "delta": 20.593879222869873}, "costs": {"total_cost": 351.2703703586994, "time_cost": 77.07000000000001, "final_distance_cost": 1.8548160613243236, "oscillation_cost": 176.85579196469683, "completition_cost": 0.0, "overshoot_cost": 51.191142638552556, "power_cost": 22.088182177734375, "noise_cost": 22.21043751639125, "n_waypoints_completed": 9, "tot_waypoints": 9}}
{"target": -1697.0808311743028, "params": {"k_pid_pos": [0.59798563265942, 0.024859491386256316, 0.855962508813682], "k_pid_alt": [1.2679502233621702, 0.02520494712616217, 0.3146878632891922], "k_pid_att": [43.948176657889235, 3.7802132718527557, 0.1845336041603497], "k_pid_yaw": [0.5, 1e-06, 0.1], "k_pid_hsp": [0.09847755819799779, 0.011264223901387349, 0.11504281536220251], "k_pid_vsp": [279.31855783528204, 156.73508457218338, 10.0]}, "datetime": {"datetime": "2025-08-13 13:44:24", "elapsed": 14192.633311271667, "delta": 31.52833604812622}, "costs": {"total_cost": 1697.0808311743028, "time_cost": 150, "final_distance_cost": 36.91026252097445, "oscillation_cost": 791.9861591410349, "completition_cost": 555.5555555555555, "overshoot_cost": 98.77735730075554, "power_cost": 33.93228874511719, "noise_cost": 29.91920791086528, "n_waypoints_completed": 4, "tot_waypoints": 9}}
{"target": -262.69154494886726, "params": {"k_pid_pos": [1.0031316701085804, 0.024859491386256316, 0.44963268842268056], "k_pid_alt": [0.6046773907049969, 0.0, 0.3146878632891922], "k_pid_att": [43.948176657889235, 3.7802132718527557, 0.1845336041603497], "k_pid_yaw": [0.5, 1e-06, 0.1], "k_pid_hsp": [6.3710770224823925, 0.011264223901387349, 0.0], "k_pid_vsp": [279.31855783528204, 156.73508457218338, 10.0]}, "datetime": {"datetime": "2025-08-13 13:44:45", "elapsed": 14213.89526939392, "delta": 21.261958122253418}, "costs": {"total_cost": 262.69154494886726, "time_cost": 83.118, "final_distance_cost": 1.8491838384871648, "oscillation_cost": 78.59707891535511, "completition_cost": 0.0, "overshoot_cost": 51.41174988490085, "power_cost": 24.05156199951172, "noise_cost": 23.663970310612402, "n_waypoints_completed": 9, "tot_waypoints": 9}}
{"target": -192.72695358274703, "params": {"k_pid_pos": [0.5692387081849184, 0.024859491386256316, 0.31939348815736834], "k_pid_alt": [1.4458679973838424, 0.0, 0.3146878632891922], "k_pid_att": [24.0942673894178, 3.7802132718527557, 0.1845336041603497], "k_pid_yaw": [0.5, 1e-06, 0.1], "k_pid_hsp": [0.09847755819799779, 0.011264223901387349, 0.0], "k_pid_vsp": [279.31855783528204, 156.73508457218338, 10.0]}, "datetime": {"datetime": "2025-08-13 13:45:05", "elapsed": 14233.328720331192, "delta": 19.433450937271118}, "costs": {"total_cost": 192.72695358274703, "time_cost": 76.643, "final_distance_cost": 1.8527211745919359, "oscillation_cost": 21.50619355926838, "completition_cost": 0.0, "overshoot_cost": 51.893860413885314, "power_cost": 19.850985986328126, "noise_cost": 20.98019244867325, "n_waypoints_completed": 9, "tot_waypoints": 9}}
{"target": -182.11261130571174, "params": {"k_pid_pos": [1.4999912498542303, 0.11906128738229915, 0.44963268842268056], "k_pid_alt": [1.3131013039922512, 0.0, 0.13294310327404035], "k_pid_att": [39.447728079683905, 3.8677381495188174, 0.3495979120577055], "k_pid_yaw": [0.5, 1e-06, 0.1], "k_pid_hsp": [0.09847755819799779, 0.011264223901387349, 0.0], "k_pid_vsp": [194.7624155113164, 156.73508457218338, 10.0]}, "datetime": {"datetime": "2025-08-13 13:45:24", "elapsed": 14252.728364229202, "delta": 19.399643898010254}, "costs": {"total_cost": 182.11261130571174, "time_cost": 71.512, "final_distance_cost": 1.8071129194373536, "oscillation_cost": 30.141203634656087, "completition_cost": 0.0, "overshoot_cost": 50.62215156924792, "power_cost": 9.908684875488282, "noise_cost": 18.1214583068821, "n_waypoints_completed": 9, "tot_waypoints": 9}}
{"target": -1149.2934470191303, "params": {"k_pid_pos": [1.4340672435785011, 0.024859491386256316, 0.44963268842268056], "k_pid_alt": [1.296896341175293, 0.0, 0.26454652801742706], "k_pid_att": [43.948176657889235, 8.589697399353744, 0.5289969311173601], "k_pid_yaw": [0.5, 1e-06, 0.1], "k_pid_hsp": [0.09847755819799779, 0.8252135636493042, 0.0], "k_pid_vsp": [279.31855783528204, 14.13097884785163, 10.0]}, "datetime": {"datetime": "2025-08-13 13:45:54", "elapsed": 14282.619692325592, "delta": 29.89132809638977}, "costs": {"total_cost": 1149.2934470191303, "time_cost": 150, "final_distance_cost": 60.044407627652, "oscillation_cost": 123.91600961058043, "completition_cost": 666.6666666666667, "overshoot_cost": 72.2021837238612, "power_cost": 40.49467684326172, "noise_cost": 35.96950254710816, "n_waypoints_completed": 3, "tot_waypoints": 9}}
{"target": -194.44315997630915, "params": {"k_pid_pos": [1.4340672435785011, 0.024859491386256316, 0.44963268842268056], "k_pid_alt": [1.296896341175293, 0.0, 0.13294310327404035], "k_pid_att": [43.948176657889235, 3.7802132718527557, 0.03545872694893892], "k_pid_yaw": [0.5, 1e-06, 0.1], "k_pid_hsp": [0.09847755819799779, 0.011264223901387349, 0.0], "k_pid_vsp": [42.24848860435038, 156.73508457218338, 10.69915016599017]}, "datetime": {"datetime": "2025-08-13 13:46:12", "elapsed": 14300.721239566803, "delta": 18.101547241210938}, "costs": {"total_cost": 194.44315997630915, "time_cost": 70.259, "final_distance_cost": 1.8084521586775817, "oscillation_cost": 30.712889465430592, "completition_cost": 0.0, "overshoot_cost": 51.47895462358411, "power_cost": 20.540090393066407, "noise_cost": 19.643773335550456, "n_waypoints_completed": 9, "tot_waypoints": 9}}
{"target": -262.343501469023, "params": {"k_pid_pos": [1.0031316701085804, 0.5313431052703059, 0.8026458379953977], "k_pid_alt": [1.4458679973838424, 0.0, 0.3146878632891922], "k_pid_att": [39.447728079683905, 3.8677381495188174, 0.1845336041603497], "k_pid_yaw": [0.5, 1e-06, 0.1], "k_pid_hsp": [5.128277129725155, 0.011264223901387349, 0.0], "k_pid_vsp": [17.18305095025783, 93.09285943774285, 10.0]}, "datetime": {"datetime": "2025-08-13 13:46:32", "elapsed": 14320.613063335419, "delta": 19.891823768615723}, "costs": {"total_cost": 262.343501469023, "time_cost": 78.68, "final_distance_cost": 1.8107685279138723, "oscillation_cost": 91.3142851870695, "completition_cost": 0.0, "overshoot_cost": 50.89237154730261, "power_cost": 18.096642016601564, "noise_cost": 21.549434190135432, "n_waypoints_completed": 9, "tot_waypoints": 9}}
