{"target": -184.3090802828318, "params": {"k_pid_pos": [1.0031316701085804, 0.024859491386256316, 0.44963268842268056], "k_pid_alt": [1.4458679973838424, 0.0, 0.3146878632891922], "k_pid_att": [43.948176657889235, 3.7802132718527557, 0.1845336041603497], "k_pid_yaw": [0.5, 1e-06, 0.1], "k_pid_hsp": [0.09847755819799779, 0.011264223901387349, 0.0], "k_pid_vsp": [279.31855783528204, 156.73508457218338, 10.0]}, "datetime": {"datetime": "2025-08-13 13:19:54", "elapsed": 12722.237824440002, "delta": 17.082921743392944}, "costs": {"total_cost": 184.3090802828318, "time_cost": 70.84700000000001, "final_distance_cost": 1.833793196842354, "oscillation_cost": 26.36853147429085, "completition_cost": 0.0, "overshoot_cost": 50.44873278422727, "power_cost": 16.969183447265625, "noise_cost": 17.84183938020568, "n_waypoints_completed": 9, "tot_waypoints": 9}}
{"target": -1875.2679446840325, "params": {"k_pid_pos": [0.7036613434574084, 0.024859491386256316, 0.855962508813682], "k_pid_alt": [1.2679502233621702, 0.02520494712616217, 0.949345597264735], "k_pid_att": [58.989274729095186, 6.16091081068753, 0.1845336041603497], "k_pid_yaw": [0.5, 1e-06, 0.1], "k_pid_hsp": [0.09847755819799779, 0.3912792508993721, 0.333635037126335], "k_pid_vsp": [397.63618790684643, 156.73508457218338, 10.0]}, "datetime": {"datetime": "2025-08-13 13:20:22", "elapsed": 12750.886607646942, "delta": 28.648783206939697}, "costs": {"total_cost": 1875.2679446840325, "time_cost": 150, "final_distance_cost": 54.7703361923437, "oscillation_cost": 822.7461895004453, "completition_cost": 666.6666666666667, "overshoot_cost": 129.68326446870782, "power_cost": 24.39583212890625, "noise_cost": 27.00565572696278, "n_waypoints_completed": 3, "tot_waypoints": 9}}
{"target": -190.26669752247625, "params": {"k_pid_pos": [1.647366612200146, 0.06328363340203702, 0.855962508813682], "k_pid_alt": [1.2679502233621702, 0.0, 0.06527723447865985], "k_pid_att": [58.989274729095186, 6.16091081068753, 0.5354455210588809], "k_pid_yaw": [0.5, 1e-06, 0.1], "k_pid_hsp": [0.09847755819799779, 0.011264223901387349, 0.0], "k_pid_vsp": [17.18305095025783, 93.09285943774285, 10.0]}, "datetime": {"datetime": "2025-08-13 13:20:39", "elapsed": 12767.74483704567, "delta": 16.858229398727417}, "costs": {"total_cost": 190.26669752247625, "time_cost": 70.063, "final_distance_cost": 1.8129937510327392, "oscillation_cost": 28.75324948896258, "completition_cost": 0.0, "overshoot_cost": 51.24115317166063, "power_cost": 18.866052685546876, "noise_cost": 19.53024842527343, "n_waypoints_completed": 9, "tot_waypoints": 9}}
{"target": -186.7765516692847, "params": {"k_pid_pos": [1.849624377781123, 0.024859491386256316, 0.855962508813682], "k_pid_alt": [1.636508049307729, 0.02520494712616217, 0.949345597264735], "k_pid_att": [39.447728079683905, 0.7200504618080176, 0.9166398602394554], "k_pid_yaw": [0.5, 1e-06, 0.1], "k_pid_hsp": [0.09847755819799779, 0.011264223901387349, 0.0], "k_pid_vsp": [194.7624155113164, 156.73508457218338, 10.0]}, "datetime": {"datetime": "2025-08-13 13:20:56", "elapsed": 12784.907691955566, "delta": 17.16285490989685}, "costs": {"total_cost": 186.7765516692847, "time_cost": 70.175, "final_distance_cost": 1.823773723351274, "oscillation_cost": 28.805636483720246, "completition_cost": 0.0, "overshoot_cost": 50.80208700247101, "power_cost": 16.86373116455078, "noise_cost": 18.306323295191355, "n_waypoints_completed": 9, "tot_waypoints": 9}}
{"target": -181.1626095277667, "params": {"k_pid_pos": [1.0031316701085804, 0.024859491386256316, 0.44963268842268056], "k_pid_alt": [1.4458679973838424, 0.0, 0.3146878632891922], "k_pid_att": [43.948176657889235, 3.7802132718527557, 0.1845336041603497], "k_pid_yaw": [0.5, 1e-06, 0.1], "k_pid_hsp": [0.09847755819799779, 0.011264223901387349, 0.0], "k_pid_vsp": [279.31855783528204, 156.73508457218338, 10.0]}, "datetime": {"datetime": "2025-08-13 13:21:14", "elapsed": 12802.46676826477, "delta": 17.5590763092041}, "costs": {"total_cost": 181.1626095277667, "time_cost": 70.798, "final_distance_cost": 1.8400922380738567, "oscillation_cost": 26.957716954044216, "completition_cost": 0.0, "overshoot_cost": 50.41064190902294, "power_cost": 12.99797987060547, "noise_cost": 18.15817855602022, "n_waypoints_completed": 9, "tot_waypoints": 9}}
{"target": -219.90343054246858, "params": {"k_pid_pos": [1.849624377781123, 0.024859491386256316, 0.44963268842268056], "k_pid_alt": [1.4458679973838424, 0.11236987409269117, 0.8842100415650043], "k_pid_att": [43.948176657889235, 3.7802132718527557, 0.1845336041603497], "k_pid_yaw": [0.5, 1e-06, 0.1], "k_pid_hsp": [0.09847755819799779, 0.011264223901387349, 0.0], "k_pid_vsp": [279.31855783528204, 156.73508457218338, 10.0]}, "datetime": {"datetime": "2025-08-13 13:21:34", "elapsed": 12822.684144735336, "delta": 20.217376470565796}, "costs": {"total_cost": 219.90343054246858, "time_cost": 86.569, "final_distance_cost": 1.7478112558449155, "oscillation_cost": 35.80814654907667, "completition_cost": 0.0, "overshoot_cost": 52.174776990397994, "power_cost": 21.53741053466797, "noise_cost": 22.066285212481045, "n_waypoints_completed": 9, "tot_waypoints": 9}}
{"target": -1841.056577405661, "params": {"k_pid_pos": [1.0031316701085804, 0.024859491386256316, 0.44963268842268056], "k_pid_alt": [1.296896341175293, 0.798728739228488, 0.949345597264735], "k_pid_att": [63.38804696362723, 3.8677381495188174, 0.591082821894856], "k_pid_yaw": [0.5, 1e-06, 0.1], "k_pid_hsp": [0.09847755819799779, 0.011264223901387349, 0.35927834599623976], "k_pid_vsp": [392.47350887632734, 221.6078012742647, 7.25306116577374]}, "datetime": {"datetime": "2025-08-13 13:22:03", "elapsed": 12851.501319408417, "delta": 28.817174673080444}, "costs": {"total_cost": 1841.056577405661, "time_cost": 150, "final_distance_cost": 86.38076548218896, "oscillation_cost": 766.3226876026713, "completition_cost": 666.6666666666667, "overshoot_cost": 106.88152114771333, "power_cost": 34.77687609863281, "noise_cost": 30.028060407788068, "n_waypoints_completed": 3, "tot_waypoints": 9}}
{"target": -196.0929997918513, "params": {"k_pid_pos": [1.4340672435785011, 0.024859491386256316, 0.44963268842268056], "k_pid_alt": [1.296896341175293, 0.0, 0.3146878632891922], "k_pid_att": [43.948176657889235, 4.028010644934719, 0.1845336041603497], "k_pid_yaw": [0.5, 1e-06, 0.1], "k_pid_hsp": [0.09847755819799779, 0.011264223901387349, 0.0], "k_pid_vsp": [397.63618790684643, 156.73508457218338, 10.0]}, "datetime": {"datetime": "2025-08-13 13:22:20", "elapsed": 12868.443002223969, "delta": 16.941682815551758}, "costs": {"total_cost": 196.0929997918513, "time_cost": 71.19, "final_distance_cost": 1.7989170947951418, "oscillation_cost": 28.71897603195776, "completition_cost": 0.0, "overshoot_cost": 51.462283952365, "power_cost": 21.918252734375002, "noise_cost": 21.004569978358397, "n_waypoints_completed": 9, "tot_waypoints": 9}}
{"target": -201.3599088820449, "params": {"k_pid_pos": [1.4999912498542303, 0.024859491386256316, 0.44963268842268056], "k_pid_alt": [1.2679502233621702, 0.0, 0.1576465649121419], "k_pid_att": [39.447728079683905, 3.8677381495188174, 0.1845336041603497], "k_pid_yaw": [0.5, 1e-06, 0.1], "k_pid_hsp": [3.226465079465205, 0.011264223901387349, 0.0], "k_pid_vsp": [17.18305095025783, 93.09285943774285, 10.0]}, "datetime": {"datetime": "2025-08-13 13:22:37", "elapsed": 12885.814908027649, "delta": 17.37190580368042}, "costs": {"total_cost": 201.3599088820449, "time_cost": 69.503, "final_distance_cost": 1.8398412884661846, "oscillation_cost": 44.09410040991822, "completition_cost": 0.0, "overshoot_cost": 49.94905102540008, "power_cost": 16.639803967285157, "noise_cost": 19.334112190975237, "n_waypoints_completed": 9, "tot_waypoints": 9}}
{"target": -910.296918832217, "params": {"k_pid_pos": [1.4340672435785011, 0.024859491386256316, 0.9062157365473852], "k_pid_alt": [1.296896341175293, 0.02520494712616217, 0.949345597264735], "k_pid_att": [94.76983214653384, 9.770065979523123, 0.8383117218922788], "k_pid_yaw": [0.5, 1e-06, 0.1], "k_pid_hsp": [0.09847755819799779, 0.011264223901387349, 0.0], "k_pid_vsp": [194.7624155113164, 201.50022734948823, 198.76861340365707]}, "datetime": {"datetime": "2025-08-13 13:23:06", "elapsed": 12914.160908937454, "delta": 28.346000909805298}, "costs": {"total_cost": 910.296918832217, "time_cost": 150, "final_distance_cost": 38.12312384392297, "oscillation_cost": 15.469910116625032, "completition_cost": 555.5555555555555, "overshoot_cost": 84.53160583865454, "power_cost": 31.27783874511719, "noise_cost": 35.338884732341775, "n_waypoints_completed": 4, "tot_waypoints": 9}}
{"target": -220.14410143293205, "params": {"k_pid_pos": [0.5503339975771474, 0.024859491386256316, 0.44963268842268056], "k_pid_alt": [1.8299588345564006, 0.21279159204151088, 0.949345597264735], "k_pid_att": [39.447728079683905, 3.8677381495188174, 0.38500037867184356], "k_pid_yaw": [0.5, 1e-06, 0.1], "k_pid_hsp": [0.09847755819799779, 0.011264223901387349, 0.0], "k_pid_vsp": [194.7624155113164, 156.73508457218338, 85.70232995912893]}, "datetime": {"datetime": "2025-08-13 13:23:28", "elapsed": 12936.572731256485, "delta": 22.41182231903076}, "costs": {"total_cost": 220.14410143293205, "time_cost": 93.989, "final_distance_cost": 1.7750921729281852, "oscillation_cost": 20.98429893601465, "completition_cost": 0.0, "overshoot_cost": 59.46578825037617, "power_cost": 22.887345727539063, "noise_cost": 21.042576346073947, "n_waypoints_completed": 9, "tot_waypoints": 9}}
{"target": -192.7402258845973, "params": {"k_pid_pos": [1.4999912498542303, 0.11906128738229915, 0.44963268842268056], "k_pid_alt": [1.4458679973838424, 0.0, 0.2242343482792274], "k_pid_att": [43.948176657889235, 2.1609837743181, 0.1845336041603497], "k_pid_yaw": [0.5, 1e-06, 0.1], "k_pid_hsp": [0.09847755819799779, 0.011264223901387349, 0.0], "k_pid_vsp": [42.24848860435038, 156.73508457218338, 10.0]}, "datetime": {"datetime": "2025-08-13 13:23:45", "elapsed": 12953.72025346756, "delta": 17.14752221107483}, "costs": {"total_cost": 192.7402258845973, "time_cost": 71.687, "final_distance_cost": 1.7892363020096815, "oscillation_cost": 31.43661784851443, "completition_cost": 0.0, "overshoot_cost": 51.14958806906248, "power_cost": 17.69362644042969, "noise_cost": 18.98415722458103, "n_waypoints_completed": 9, "tot_waypoints": 9}}
{"target": -1025.8135745602397, "params": {"k_pid_pos": [1.9188042305344217, 0.024859491386256316, 0.44963268842268056], "k_pid_alt": [1.4458679973838424, 0.02520494712616217, 0.949345597264735], "k_pid_att": [59.499437225992025, 0.7200504618080176, 0.9166398602394554], "k_pid_yaw": [0.5, 1e-06, 0.1], "k_pid_hsp": [0.09847755819799779, 0.8344040447135034, 0.0], "k_pid_vsp": [316.1258038976114, 156.73508457218338, 10.0]}, "datetime": {"datetime": "2025-08-13 13:24:14", "elapsed": 12982.216032981873, "delta": 28.495779514312744}, "costs": {"total_cost": 1025.8135745602397, "time_cost": 150, "final_distance_cost": 47.48075967580102, "oscillation_cost": 133.01386088686903, "completition_cost": 555.5555555555555, "overshoot_cost": 76.99271105388137, "power_cost": 29.215978723144534, "noise_cost": 33.55470866498818, "n_waypoints_completed": 4, "tot_waypoints": 9}}
{"target": -388.62745454799995, "params": {"k_pid_pos": [1.849624377781123, 0.024859491386256316, 0.855962508813682], "k_pid_alt": [1.636508049307729, 0.02520494712616217, 0.949345597264735], "k_pid_att": [43.948176657889235, 3.8677381495188174, 0.1845336041603497], "k_pid_yaw": [0.5, 1e-06, 0.1], "k_pid_hsp": [9.822050525885613, 0.011264223901387349, 0.0], "k_pid_vsp": [17.18305095025783, 69.46038294301658, 10.0]}, "datetime": {"datetime": "2025-08-13 13:24:31", "elapsed": 12999.568803787231, "delta": 17.352770805358887}, "costs": {"total_cost": 388.62745454799995, "time_cost": 71.988, "final_distance_cost": 1.846545376000458, "oscillation_cost": 217.3634693244849, "completition_cost": 0.0, "overshoot_cost": 51.55128856781422, "power_cost": 24.138595166015627, "noise_cost": 21.73955611368471, "n_waypoints_completed": 9, "tot_waypoints": 9}}
{"target": -1694.6935554955164, "params": {"k_pid_pos": [1.4999912498542303, 0.024859491386256316, 0.44963268842268056], "k_pid_alt": [1.4458679973838424, 0.0, 0.5399188106009101], "k_pid_att": [39.447728079683905, 0.7200504618080176, 0.9166398602394554], "k_pid_yaw": [0.5, 1e-06, 0.1], "k_pid_hsp": [0.09847755819799779, 0.011264223901387349, 0.399222725202494], "k_pid_vsp": [194.7624155113164, 156.73508457218338, 10.0]}, "datetime": {"datetime": "2025-08-13 13:24:59", "elapsed": 13027.996344804764, "delta": 28.42754101753235}, "costs": {"total_cost": 1694.6935554955164, "time_cost": 150, "final_distance_cost": 84.34807006363293, "oscillation_cost": 651.3507071697363, "completition_cost": 666.6666666666667, "overshoot_cost": 81.29498477323335, "power_cost": 32.14468197021485, "noise_cost": 28.88844485203207, "n_waypoints_completed": 3, "tot_waypoints": 9}}
{"target": -189.84077144677082, "params": {"k_pid_pos": [1.4340672435785011, 0.024859491386256316, 0.44963268842268056], "k_pid_alt": [1.296896341175293, 0.0, 0.3146878632891922], "k_pid_att": [52.781640202125004, 4.405115701075087, 0.1845336041603497], "k_pid_yaw": [0.5, 1e-06, 0.1], "k_pid_hsp": [0.09847755819799779, 0.011264223901387349, 0.0], "k_pid_vsp": [14.740616244021254, 156.73508457218338, 10.0]}, "datetime": {"datetime": "2025-08-13 13:25:16", "elapsed": 13044.791407823563, "delta": 16.795063018798828}, "costs": {"total_cost": 189.84077144677082, "time_cost": 70.427, "final_distance_cost": 1.7848186729564128, "oscillation_cost": 33.51033532225576, "completition_cost": 0.0, "overshoot_cost": 50.53135943032942, "power_cost": 15.332821362304689, "noise_cost": 18.254436658924522, "n_waypoints_completed": 9, "tot_waypoints": 9}}
{"target": -294.20564889431705, "params": {"k_pid_pos": [1.849624377781123, 0.024859491386256316, 0.855962508813682], "k_pid_alt": [1.296896341175293, 0.0, 0.3146878632891922], "k_pid_att": [43.948176657889235, 4.028010644934719, 0.1845336041603497], "k_pid_yaw": [0.5, 1e-06, 0.1], "k_pid_hsp": [0.09847755819799779, 0.34786682559405435, 0.0], "k_pid_vsp": [17.18305095025783, 93.09285943774285, 10.0]}, "datetime": {"datetime": "2025-08-13 13:25:37", "elapsed": 13065.325049877167, "delta": 20.533642053604126}, "costs": {"total_cost": 294.20564889431705, "time_cost": 84.924, "final_distance_cost": 1.8218847976807846, "oscillation_cost": 102.91912623471792, "completition_cost": 0.0, "overshoot_cost": 56.50823187911267, "power_cost": 22.164633154296876, "noise_cost": 25.86777282850883, "n_waypoints_completed": 9, "tot_waypoints": 9}}
{"target": -198.63282816636, "params": {"k_pid_pos": [1.647366612200146, 0.06328363340203702, 0.09262780874197363], "k_pid_alt": [1.9052445197838874, 0.02520494712616217, 0.949345597264735], "k_pid_att": [39.447728079683905, 0.7200504618080176, 0.9166398602394554], "k_pid_yaw": [0.5, 1e-06, 0.1], "k_pid_hsp": [0.09847755819799779, 0.011264223901387349, 0.0], "k_pid_vsp": [194.7624155113164, 156.73508457218338, 10.0]}, "datetime": {"datetime": "2025-08-13 13:25:54", "elapsed": 13082.587519168854, "delta": 17.26246929168701}, "costs": {"total_cost": 198.63282816636, "time_cost": 70.94500000000001, "final_distance_cost": 1.762654524934325, "oscillation_cost": 33.04613103523771, "completition_cost": 0.0, "overshoot_cost": 52.07024260145219, "power_cost": 20.667238891601563, "noise_cost": 20.141561113134216, "n_waypoints_completed": 9, "tot_waypoints": 9}}
{"target": -190.19000143061317, "params": {"k_pid_pos": [1.849624377781123, 0.024859491386256316, 0.855962508813682], "k_pid_alt": [1.2679502233621702, 0.0, 0.06527723447865985], "k_pid_att": [58.989274729095186, 6.16091081068753, 0.5354455210588809], "k_pid_yaw": [0.5, 1e-06, 0.1], "k_pid_hsp": [0.09847755819799779, 0.011264223901387349, 0.0], "k_pid_vsp": [17.18305095025783, 93.09285943774285, 10.0]}, "datetime": {"datetime": "2025-08-13 13:26:10", "elapsed": 13098.801488399506, "delta": 16.213969230651855}, "costs": {"total_cost": 190.19000143061317, "time_cost": 69.895, "final_distance_cost": 1.8157298266809192, "oscillation_cost": 29.514396389588356, "completition_cost": 0.0, "overshoot_cost": 51.618594560521274, "power_cost": 18.583574267578125, "noise_cost": 18.7627063862445, "n_waypoints_completed": 9, "tot_waypoints": 9}}
{"target": -184.70378629877314, "params": {"k_pid_pos": [1.4340672435785011, 0.024859491386256316, 0.44963268842268056], "k_pid_alt": [1.296896341175293, 0.0, 0.13294310327404035], "k_pid_att": [39.447728079683905, 3.8677381495188174, 0.1845336041603497], "k_pid_yaw": [0.5, 1e-06, 0.1], "k_pid_hsp": [0.09847755819799779, 0.011264223901387349, 0.0], "k_pid_vsp": [194.7624155113164, 156.73508457218338, 10.0]}, "datetime": {"datetime": "2025-08-13 13:26:27", "elapsed": 13115.40400314331, "delta": 16.60251474380493}, "costs": {"total_cost": 184.70378629877314, "time_cost": 69.797, "final_distance_cost": 1.7989863859924544, "oscillation_cost": 29.478631635275796, "completition_cost": 0.0, "overshoot_cost": 50.50602535990488, "power_cost": 15.68465771484375, "noise_cost": 17.43848520275629, "n_waypoints_completed": 9, "tot_waypoints": 9}}
{"target": -195.31406023591902, "params": {"k_pid_pos": [1.4340672435785011, 0.024859491386256316, 0.9062157365473852], "k_pid_alt": [1.2679502233621702, 0.21279159204151088, 0.3146878632891922], "k_pid_att": [43.948176657889235, 4.028010644934719, 0.1845336041603497], "k_pid_yaw": [0.5, 1e-06, 0.1], "k_pid_hsp": [0.09847755819799779, 0.011264223901387349, 0.0], "k_pid_vsp": [277.2708477836043, 93.09285943774285, 10.0]}, "datetime": {"datetime": "2025-08-13 13:26:45", "elapsed": 13133.922943115234, "delta": 18.518939971923828}, "costs": {"total_cost": 195.31406023591902, "time_cost": 79.31, "final_distance_cost": 1.7885923837311828, "oscillation_cost": 29.346416809264, "completition_cost": 0.0, "overshoot_cost": 51.32293594729855, "power_cost": 14.353049816894531, "noise_cost": 19.193065278730753, "n_waypoints_completed": 9, "tot_waypoints": 9}}
{"target": -219.67220429828484, "params": {"k_pid_pos": [1.4340672435785011, 0.5998678448275786, 0.44963268842268056], "k_pid_alt": [1.296896341175293, 0.02520494712616217, 0.949345597264735], "k_pid_att": [39.447728079683905, 3.8677381495188174, 0.3366070335655168], "k_pid_yaw": [0.5, 1e-06, 0.1], "k_pid_hsp": [0.09847755819799779, 0.011264223901387349, 0.0], "k_pid_vsp": [17.18305095025783, 156.73508457218338, 10.0]}, "datetime": {"datetime": "2025-08-13 13:27:05", "elapsed": 13153.753999471664, "delta": 19.831056356430054}, "costs": {"total_cost": 219.67220429828484, "time_cost": 84.007, "final_distance_cost": 1.742029704597795, "oscillation_cost": 37.159334029317655, "completition_cost": 0.0, "overshoot_cost": 53.89453516848009, "power_cost": 20.50808253173828, "noise_cost": 22.361222864151, "n_waypoints_completed": 9, "tot_waypoints": 9}}
{"target": -659.2462973353346, "params": {"k_pid_pos": [1.4999912498542303, 0.11906128738229915, 0.44963268842268056], "k_pid_alt": [1.4458679973838424, 0.12725761828472648, 0.2242343482792274], "k_pid_att": [43.948176657889235, 2.1609837743181, 0.1842699986668217], "k_pid_yaw": [0.5, 1e-06, 0.1], "k_pid_hsp": [0.09847755819799779, 0.011264223901387349, 0.04333175346050033], "k_pid_vsp": [316.1258038976114, 216.77849333539965, 10.0]}, "datetime": {"datetime": "2025-08-13 13:27:32", "elapsed": 13180.733112812042, "delta": 26.979113340377808}, "costs": {"total_cost": 659.2462973353346, "time_cost": 112.798, "final_distance_cost": 1.7917622251090457, "oscillation_cost": 422.59161126668357, "completition_cost": 0.0, "overshoot_cost": 60.03451381687117, "power_cost": 31.88368826904297, "noise_cost": 30.146721757627937, "n_waypoints_completed": 9, "tot_waypoints": 9}}
{"target": -203.0526858063548, "params": {"k_pid_pos": [1.849624377781123, 0.32941221611176796, 0.855962508813682], "k_pid_alt": [0.7194253153428574, 0.02520494712616217, 0.949345597264735], "k_pid_att": [39.447728079683905, 3.8677381495188174, 0.1845336041603497], "k_pid_yaw": [0.5, 1e-06, 0.1], "k_pid_hsp": [0.09847755819799779, 0.011264223901387349, 0.0], "k_pid_vsp": [194.7624155113164, 156.73508457218338, 10.0]}, "datetime": {"datetime": "2025-08-13 13:27:50", "elapsed": 13198.960832595825, "delta": 18.22771978378296}, "costs": {"total_cost": 203.0526858063548, "time_cost": 78.22500000000001, "final_distance_cost": 1.8274144018841225, "oscillation_cost": 31.670836066130597, "completition_cost": 0.0, "overshoot_cost": 51.81974394217974, "power_cost": 19.983100329589846, "noise_cost": 19.5265910665705, "n_waypoints_completed": 9, "tot_waypoints": 9}}
{"target": -186.93487328227877, "params": {"k_pid_pos": [1.9168537650125603, 0.024859491386256316, 0.855962508813682], "k_pid_alt": [1.2679502233621702, 0.02520494712616217, 0.949345597264735], "k_pid_att": [39.447728079683905, 3.8677381495188174, 0.1845336041603497], "k_pid_yaw": [0.5, 1e-06, 0.1], "k_pid_hsp": [0.09847755819799779, 0.011264223901387349, 0.0], "k_pid_vsp": [194.7624155113164, 156.73508457218338, 10.0]}, "datetime": {"datetime": "2025-08-13 13:28:07", "elapsed": 13215.905316352844, "delta": 16.944483757019043}, "costs": {"total_cost": 186.93487328227877, "time_cost": 70.882, "final_distance_cost": 1.8200728929339178, "oscillation_cost": 30.48245798549023, "completition_cost": 0.0, "overshoot_cost": 50.74267738161348, "power_cost": 14.830798974609376, "noise_cost": 18.17686604763176, "n_waypoints_completed": 9, "tot_waypoints": 9}}
