{"target": -252.21970439278144, "params": {"k_pid_pos": [1.5164821318119608, 0.024859491386256316, 0.704167472379422], "k_pid_alt": [1.477768752937916, 0.00018965351824429266, 0.6600607021214705], "k_pid_att": [32.194164172814396, 2.6889016979653872, 0.20229419379053937], "k_pid_yaw": [0.5, 1e-06, 0.1], "k_pid_hsp": [0.09847755819799779, 0.23222683524705579, 0.0], "k_pid_vsp": [264.57255645423925, 59.083466427248936, 10.0]}, "datetime": {"datetime": "2025-08-13 20:32:01", "elapsed": 38649.75120306015, "delta": 18.020858764648438}, "costs": {"total_cost": 252.21970439278144, "time_cost": 76.23, "final_distance_cost": 1.84129321189025, "oscillation_cost": 80.00116675861427, "completition_cost": 0.0, "overshoot_cost": 51.9772654454451, "power_cost": 20.871009741210937, "noise_cost": 21.29896923562087, "n_waypoints_completed": 9, "tot_waypoints": 9}}
{"target": -216.69225541724015, "params": {"k_pid_pos": [1.8034346552870686, 0.6483051007679832, 0.6354931049670316], "k_pid_alt": [1.4458679973838424, 0.028806210149256217, 0.3146878632891922], "k_pid_att": [29.46763110571006, 5.6580295118978245, 0.9623745068707039], "k_pid_yaw": [0.5, 1e-06, 0.1], "k_pid_hsp": [0.09847755819799779, 0.011264223901387349, 0.0], "k_pid_vsp": [387.1470188825909, 59.083466427248936, 10.0]}, "datetime": {"datetime": "2025-08-13 20:32:22", "elapsed": 38670.19315314293, "delta": 20.44195008277893}, "costs": {"total_cost": 216.69225541724015, "time_cost": 80.752, "final_distance_cost": 1.7738451149462007, "oscillation_cost": 33.910774177576116, "completition_cost": 0.0, "overshoot_cost": 53.795525085485124, "power_cost": 23.882534924316406, "noise_cost": 22.57757611491629, "n_waypoints_completed": 9, "tot_waypoints": 9}}
{"target": -187.55597794866114, "params": {"k_pid_pos": [1.5164821318119608, 0.024859491386256316, 0.704167472379422], "k_pid_alt": [1.477768752937916, 0.00018965351824429266, 0.6600607021214705], "k_pid_att": [25.997073188089082, 2.6889016979653872, 0.08105699149151435], "k_pid_yaw": [0.5, 1e-06, 0.1], "k_pid_hsp": [0.09847755819799779, 0.011264223901387349, 0.0], "k_pid_vsp": [251.5004449007475, 59.083466427248936, 19.905301600864938]}, "datetime": {"datetime": "2025-08-13 20:32:39", "elapsed": 38687.10914564133, "delta": 16.915992498397827}, "costs": {"total_cost": 187.55597794866114, "time_cost": 71.309, "final_distance_cost": 1.8164751615678947, "oscillation_cost": 29.2907598190127, "completition_cost": 0.0, "overshoot_cost": 51.830539127386295, "power_cost": 16.835102282714846, "noise_cost": 16.47410155797942, "n_waypoints_completed": 9, "tot_waypoints": 9}}
{"target": -196.847775785918, "params": {"k_pid_pos": [1.733835489643198, 0.024859491386256316, 0.6354931049670316], "k_pid_alt": [1.4458679973838424, 0.028806210149256217, 0.3146878632891922], "k_pid_att": [29.46763110571006, 5.6580295118978245, 0.9623745068707039], "k_pid_yaw": [0.5, 1e-06, 0.1], "k_pid_hsp": [0.09847755819799779, 0.011264223901387349, 0.0], "k_pid_vsp": [387.1470188825909, 59.083466427248936, 10.0]}, "datetime": {"datetime": "2025-08-13 20:32:57", "elapsed": 38705.28924250603, "delta": 18.180096864700317}, "costs": {"total_cost": 196.847775785918, "time_cost": 71.162, "final_distance_cost": 1.8134495817416214, "oscillation_cost": 29.001813212679323, "completition_cost": 0.0, "overshoot_cost": 52.38410682733149, "power_cost": 21.48251240234375, "noise_cost": 21.003893761821818, "n_waypoints_completed": 9, "tot_waypoints": 9}}
{"target": -190.24720098614804, "params": {"k_pid_pos": [1.8792899704868669, 0.038219275878738745, 0.9752376885840038], "k_pid_alt": [1.477768752937916, 0.00018965351824429266, 0.6600607021214705], "k_pid_att": [25.997073188089082, 2.6889016979653872, 0.08105699149151435], "k_pid_yaw": [0.5, 1e-06, 0.1], "k_pid_hsp": [0.09847755819799779, 0.011264223901387349, 0.0], "k_pid_vsp": [251.5004449007475, 59.083466427248936, 19.905301600864938]}, "datetime": {"datetime": "2025-08-13 20:33:14", "elapsed": 38722.190928936005, "delta": 16.901686429977417}, "costs": {"total_cost": 190.24720098614804, "time_cost": 70.735, "final_distance_cost": 1.822234629201339, "oscillation_cost": 29.474335530880268, "completition_cost": 0.0, "overshoot_cost": 51.12092383887539, "power_cost": 18.742410327148438, "noise_cost": 18.35229666004261, "n_waypoints_completed": 9, "tot_waypoints": 9}}
{"target": -241.01170562638643, "params": {"k_pid_pos": [1.733835489643198, 0.024859491386256316, 0.9451257094832697], "k_pid_alt": [1.4458679973838424, 0.028806210149256217, 0.3146878632891922], "k_pid_att": [29.46763110571006, 5.6580295118978245, 0.9623745068707039], "k_pid_yaw": [0.5, 1e-06, 0.1], "k_pid_hsp": [0.09847755819799779, 0.011264223901387349, 0.0], "k_pid_vsp": [251.5004449007475, 204.07655940128305, 155.9321020013186]}, "datetime": {"datetime": "2025-08-13 20:33:37", "elapsed": 38745.6843726635, "delta": 23.493443727493286}, "costs": {"total_cost": 241.01170562638643, "time_cost": 98.09100000000001, "final_distance_cost": 1.8048733967434012, "oscillation_cost": 29.31488024576386, "completition_cost": 0.0, "overshoot_cost": 65.8846045471698, "power_cost": 24.21058514404297, "noise_cost": 21.705762292666417, "n_waypoints_completed": 9, "tot_waypoints": 9}}
{"target": -202.69219501353717, "params": {"k_pid_pos": [1.5164821318119608, 0.024859491386256316, 0.704167472379422], "k_pid_alt": [1.477768752937916, 0.00018965351824429266, 0.6600607021214705], "k_pid_att": [28.19473841193917, 2.6889016979653872, 0.8466505764833102], "k_pid_yaw": [0.5, 1e-06, 0.1], "k_pid_hsp": [0.09847755819799779, 0.011264223901387349, 0.0], "k_pid_vsp": [387.1470188825909, 59.083466427248936, 10.0]}, "datetime": {"datetime": "2025-08-13 20:33:55", "elapsed": 38763.83071374893, "delta": 18.14634108543396}, "costs": {"total_cost": 202.69219501353717, "time_cost": 73.815, "final_distance_cost": 1.8194612629625735, "oscillation_cost": 28.973128657824535, "completition_cost": 0.0, "overshoot_cost": 51.975620582584654, "power_cost": 23.989810986328127, "noise_cost": 22.119173523837265, "n_waypoints_completed": 9, "tot_waypoints": 9}}
{"target": -200.04454139814752, "params": {"k_pid_pos": [0.9943435690872942, 0.024859491386256316, 0.5451532445046304], "k_pid_alt": [1.4458679973838424, 0.0, 0.6600607021214705], "k_pid_att": [25.997073188089082, 2.6889016979653872, 0.08105699149151435], "k_pid_yaw": [0.5, 1e-06, 0.1], "k_pid_hsp": [0.09847755819799779, 0.011264223901387349, 0.0], "k_pid_vsp": [251.5004449007475, 269.5271781685674, 19.905301600864938]}, "datetime": {"datetime": "2025-08-13 20:34:12", "elapsed": 38780.81808781624, "delta": 16.98737406730652}, "costs": {"total_cost": 200.04454139814752, "time_cost": 73.283, "final_distance_cost": 1.847241879892467, "oscillation_cost": 25.77515120773647, "completition_cost": 0.0, "overshoot_cost": 51.396250759437784, "power_cost": 24.932554748535157, "noise_cost": 22.810342802545645, "n_waypoints_completed": 9, "tot_waypoints": 9}}
{"target": -207.91143996859972, "params": {"k_pid_pos": [1.8792899704868669, 0.038219275878738745, 0.1802133514710682], "k_pid_alt": [1.477768752937916, 0.00018965351824429266, 0.15791560522360282], "k_pid_att": [83.24205936752172, 1.3487538446628486, 0.6559199499296157], "k_pid_yaw": [0.5, 1e-06, 0.1], "k_pid_hsp": [0.09847755819799779, 0.041997352724737036, 0.0], "k_pid_vsp": [29.96849041048857, 240.3593476710196, 19.905301600864938]}, "datetime": {"datetime": "2025-08-13 20:34:30", "elapsed": 38798.8070833683, "delta": 17.98899555206299}, "costs": {"total_cost": 207.91143996859972, "time_cost": 73.99, "final_distance_cost": 1.7749109439404653, "oscillation_cost": 46.750844449845836, "completition_cost": 0.0, "overshoot_cost": 51.89086082163291, "power_cost": 16.51006462402344, "noise_cost": 16.99475912915707, "n_waypoints_completed": 9, "tot_waypoints": 9}}
{"target": -203.73778665873076, "params": {"k_pid_pos": [1.733835489643198, 0.024859491386256316, 0.9451257094832697], "k_pid_alt": [1.4458679973838424, 0.155336063473134, 0.3146878632891922], "k_pid_att": [11.329609997636037, 5.6580295118978245, 0.1640762053479683], "k_pid_yaw": [0.5, 1e-06, 0.1], "k_pid_hsp": [0.09847755819799779, 0.011264223901387349, 0.0], "k_pid_vsp": [387.1470188825909, 289.9420907665546, 16.252805564631274]}, "datetime": {"datetime": "2025-08-13 20:34:50", "elapsed": 38818.581016778946, "delta": 19.77393341064453}, "costs": {"total_cost": 203.73778665873076, "time_cost": 81.865, "final_distance_cost": 1.7680083857370112, "oscillation_cost": 30.21986085035811, "completition_cost": 0.0, "overshoot_cost": 51.77896980165874, "power_cost": 19.691849560546874, "noise_cost": 18.414098060430046, "n_waypoints_completed": 9, "tot_waypoints": 9}}
{"target": -917.7920009364265, "params": {"k_pid_pos": [1.8792899704868669, 0.038219275878738745, 0.9752376885840038], "k_pid_alt": [1.5786606064986153, 0.0, 0.23086984934879706], "k_pid_att": [29.46763110571006, 6.043751783864618, 0.9623745068707039], "k_pid_yaw": [0.5, 1e-06, 0.1], "k_pid_hsp": [0.09847755819799779, 0.8913970061319592, 0.0], "k_pid_vsp": [387.1470188825909, 59.083466427248936, 10.0]}, "datetime": {"datetime": "2025-08-13 20:35:19", "elapsed": 38847.54154777527, "delta": 28.960530996322632}, "costs": {"total_cost": 917.7920009364265, "time_cost": 150, "final_distance_cost": 52.89909701340372, "oscillation_cost": 128.48615073257713, "completition_cost": 444.4444444444444, "overshoot_cost": 67.12919599677032, "power_cost": 39.346948437500004, "noise_cost": 35.486164311730775, "n_waypoints_completed": 5, "tot_waypoints": 9}}
{"target": -233.97960644168586, "params": {"k_pid_pos": [1.5164821318119608, 0.024859491386256316, 0.5922288399539734], "k_pid_alt": [0.6162310025038176, 0.8410147302395798, 0.6600607021214705], "k_pid_att": [25.997073188089082, 2.6889016979653872, 0.12678522794134206], "k_pid_yaw": [0.5, 1e-06, 0.1], "k_pid_hsp": [0.09847755819799779, 0.011264223901387349, 0.0], "k_pid_vsp": [29.96849041048857, 59.083466427248936, 19.905301600864938]}, "datetime": {"datetime": "2025-08-13 20:35:41", "elapsed": 38869.690091371536, "delta": 22.1485435962677}, "costs": {"total_cost": 233.97960644168586, "time_cost": 95.956, "final_distance_cost": 1.8027048665345853, "oscillation_cost": 32.0714579957159, "completition_cost": 0.0, "overshoot_cost": 61.13645312386318, "power_cost": 22.076876660156252, "noise_cost": 20.93611379541597, "n_waypoints_completed": 9, "tot_waypoints": 9}}
{"target": -2161.2475059019957, "params": {"k_pid_pos": [0.9943435690872942, 0.024859491386256316, 0.5451532445046304], "k_pid_alt": [1.4458679973838424, 0.0, 0.15791560522360282], "k_pid_att": [83.24205936752172, 1.3487538446628486, 0.6559199499296157], "k_pid_yaw": [0.5, 1e-06, 0.1], "k_pid_hsp": [0.09847755819799779, 0.041997352724737036, 0.901129329632614], "k_pid_vsp": [387.1470188825909, 59.083466427248936, 10.0]}, "datetime": {"datetime": "2025-08-13 20:36:10", "elapsed": 38898.242176532745, "delta": 28.552085161209106}, "costs": {"total_cost": 2161.2475059019957, "time_cost": 150, "final_distance_cost": 60.25094608186156, "oscillation_cost": 839.1871173905034, "completition_cost": 888.8888888888888, "overshoot_cost": 155.53546480791505, "power_cost": 37.015757092285156, "noise_cost": 30.369331640541457, "n_waypoints_completed": 1, "tot_waypoints": 9}}
{"target": -258.58319210076905, "params": {"k_pid_pos": [1.8792899704868669, 0.038219275878738745, 0.9752376885840038], "k_pid_alt": [0.4051391666732884, 0.00018965351824429266, 0.6600607021214705], "k_pid_att": [25.997073188089082, 2.6889016979653872, 0.08105699149151435], "k_pid_yaw": [0.5, 1e-06, 0.1], "k_pid_hsp": [0.09847755819799779, 0.06598244628182415, 0.0], "k_pid_vsp": [251.5004449007475, 59.083466427248936, 19.905301600864938]}, "datetime": {"datetime": "2025-08-13 20:36:35", "elapsed": 38923.492968797684, "delta": 25.250792264938354}, "costs": {"total_cost": 258.58319210076905, "time_cost": 107.499, "final_distance_cost": 1.8625224047858313, "oscillation_cost": 43.05970274442405, "completition_cost": 0.0, "overshoot_cost": 54.01367534986841, "power_cost": 27.10462764892578, "noise_cost": 25.043663952765, "n_waypoints_completed": 9, "tot_waypoints": 9}}
{"target": -189.30562897446737, "params": {"k_pid_pos": [1.8811307174574419, 0.024859491386256316, 0.704167472379422], "k_pid_alt": [1.411112159818204, 0.00018965351824429266, 0.6600607021214705], "k_pid_att": [68.93098199109546, 2.6889016979653872, 0.6559199499296157], "k_pid_yaw": [0.5, 1e-06, 0.1], "k_pid_hsp": [0.09847755819799779, 0.011264223901387349, 0.0], "k_pid_vsp": [251.5004449007475, 59.083466427248936, 10.0]}, "datetime": {"datetime": "2025-08-13 20:36:52", "elapsed": 38940.750376701355, "delta": 17.257407903671265}, "costs": {"total_cost": 189.30562897446737, "time_cost": 71.183, "final_distance_cost": 1.811081447479949, "oscillation_cost": 29.831996756152513, "completition_cost": 0.0, "overshoot_cost": 51.096902129297526, "power_cost": 16.472732568359376, "noise_cost": 18.909916073178017, "n_waypoints_completed": 9, "tot_waypoints": 9}}
{"target": -243.24002324366626, "params": {"k_pid_pos": [1.8792899704868669, 0.9327672904145493, 0.9752376885840038], "k_pid_alt": [1.4458679973838424, 0.2949238483057658, 0.3146878632891922], "k_pid_att": [11.329609997636037, 6.043751783864618, 0.9623745068707039], "k_pid_yaw": [0.5, 1e-06, 0.1], "k_pid_hsp": [0.09847755819799779, 0.011264223901387349, 0.0], "k_pid_vsp": [387.1470188825909, 59.083466427248936, 10.0]}, "datetime": {"datetime": "2025-08-13 20:37:16", "elapsed": 38964.24473309517, "delta": 23.494356393814087}, "costs": {"total_cost": 243.24002324366626, "time_cost": 96.677, "final_distance_cost": 1.7584159336618557, "oscillation_cost": 36.81888220828585, "completition_cost": 0.0, "overshoot_cost": 54.71223022688118, "power_cost": 27.298657165527345, "noise_cost": 25.97483770931, "n_waypoints_completed": 9, "tot_waypoints": 9}}
{"target": -188.33279565579303, "params": {"k_pid_pos": [1.733835489643198, 0.024859491386256316, 0.9451257094832697], "k_pid_alt": [1.5786606064986153, 0.0, 0.23086984934879706], "k_pid_att": [29.46763110571006, 5.6580295118978245, 0.3529475069797985], "k_pid_yaw": [0.5, 1e-06, 0.1], "k_pid_hsp": [0.17225665165883555, 0.011264223901387349, 0.0], "k_pid_vsp": [387.1470188825909, 57.93155354082285, 16.252805564631274]}, "datetime": {"datetime": "2025-08-13 20:37:32", "elapsed": 38980.279871702194, "delta": 16.035138607025146}, "costs": {"total_cost": 188.33279565579303, "time_cost": 70.483, "final_distance_cost": 1.8362211398060289, "oscillation_cost": 28.67705036928242, "completition_cost": 0.0, "overshoot_cost": 51.012950405235465, "power_cost": 18.246440795898437, "noise_cost": 18.0771329455707, "n_waypoints_completed": 9, "tot_waypoints": 9}}
{"target": -203.325128076872, "params": {"k_pid_pos": [0.9943435690872942, 0.024859491386256316, 0.9752376885840038], "k_pid_alt": [1.5786606064986153, 0.0, 0.23086984934879706], "k_pid_att": [29.46763110571006, 5.6580295118978245, 0.3529475069797985], "k_pid_yaw": [0.5, 1e-06, 0.1], "k_pid_hsp": [0.09847755819799779, 0.011264223901387349, 0.0], "k_pid_vsp": [387.1470188825909, 289.9420907665546, 16.252805564631274]}, "datetime": {"datetime": "2025-08-13 20:37:50", "elapsed": 38998.94386434555, "delta": 18.663992643356323}, "costs": {"total_cost": 203.325128076872, "time_cost": 76.783, "final_distance_cost": 1.8528665825656099, "oscillation_cost": 24.80165135115078, "completition_cost": 0.0, "overshoot_cost": 51.68799404611131, "power_cost": 24.343595043945314, "noise_cost": 23.856021053098996, "n_waypoints_completed": 9, "tot_waypoints": 9}}
{"target": -206.1903953412172, "params": {"k_pid_pos": [1.8792899704868669, 0.038219275878738745, 0.5451532445046304], "k_pid_alt": [0.7503000084241305, 0.0, 0.15791560522360282], "k_pid_att": [10.144412392664826, 1.3487538446628486, 0.6559199499296157], "k_pid_yaw": [0.5, 1e-06, 0.1], "k_pid_hsp": [0.09847755819799779, 0.041997352724737036, 0.0], "k_pid_vsp": [29.96849041048857, 59.083466427248936, 19.905301600864938]}, "datetime": {"datetime": "2025-08-13 20:38:08", "elapsed": 39016.823271512985, "delta": 17.879407167434692}, "costs": {"total_cost": 206.1903953412172, "time_cost": 74.634, "final_distance_cost": 1.8142494671900793, "oscillation_cost": 34.63976569557048, "completition_cost": 0.0, "overshoot_cost": 52.277342757824734, "power_cost": 22.342518103027345, "noise_cost": 20.48251931760456, "n_waypoints_completed": 9, "tot_waypoints": 9}}
{"target": -185.43515614713252, "params": {"k_pid_pos": [1.8792899704868669, 0.038219275878738745, 0.9752376885840038], "k_pid_alt": [1.5786606064986153, 0.0, 0.23086984934879706], "k_pid_att": [29.46763110571006, 5.6580295118978245, 0.3529475069797985], "k_pid_yaw": [0.5, 1e-06, 0.1], "k_pid_hsp": [0.09847755819799779, 0.011264223901387349, 0.0], "k_pid_vsp": [333.9671041363143, 289.9420907665546, 16.252805564631274]}, "datetime": {"datetime": "2025-08-13 20:38:26", "elapsed": 39034.61386632919, "delta": 17.790594816207886}, "costs": {"total_cost": 185.43515614713252, "time_cost": 69.251, "final_distance_cost": 1.8194131528366988, "oscillation_cost": 29.1070667707679, "completition_cost": 0.0, "overshoot_cost": 50.687632284085865, "power_cost": 17.446791662597658, "noise_cost": 17.123252276844404, "n_waypoints_completed": 9, "tot_waypoints": 9}}
{"target": -190.81204590329966, "params": {"k_pid_pos": [1.5164821318119608, 0.024859491386256316, 0.704167472379422], "k_pid_alt": [1.477768752937916, 0.00018965351824429266, 0.6600607021214705], "k_pid_att": [25.997073188089082, 2.6889016979653872, 0.08105699149151435], "k_pid_yaw": [0.5, 1e-06, 0.1], "k_pid_hsp": [0.09847755819799779, 0.011264223901387349, 0.0], "k_pid_vsp": [251.5004449007475, 59.083466427248936, 19.905301600864938]}, "datetime": {"datetime": "2025-08-13 20:38:43", "elapsed": 39051.492376089096, "delta": 16.878509759902954}, "costs": {"total_cost": 190.81204590329966, "time_cost": 70.861, "final_distance_cost": 1.8169493791791163, "oscillation_cost": 28.826125483254152, "completition_cost": 0.0, "overshoot_cost": 50.96086851493383, "power_cost": 19.568063195800782, "noise_cost": 18.779039330131784, "n_waypoints_completed": 9, "tot_waypoints": 9}}
{"target": -1679.4873854746302, "params": {"k_pid_pos": [1.733835489643198, 0.024859491386256316, 0.9451257094832697], "k_pid_alt": [1.4458679973838424, 0.028806210149256217, 0.4421029924697406], "k_pid_att": [11.329609997636037, 6.043751783864618, 0.9623745068707039], "k_pid_yaw": [0.5, 1e-06, 0.1], "k_pid_hsp": [0.09847755819799779, 0.011264223901387349, 0.537384756228717], "k_pid_vsp": [387.1470188825909, 59.083466427248936, 285.7795632228898]}, "datetime": {"datetime": "2025-08-13 20:39:13", "elapsed": 39081.22982144356, "delta": 29.73744535446167}, "costs": {"total_cost": 1679.4873854746302, "time_cost": 150, "final_distance_cost": 70.74192668087552, "oscillation_cost": 429.6961563093133, "completition_cost": 888.8888888888888, "overshoot_cost": 76.59546746137079, "power_cost": 33.69884427490234, "noise_cost": 29.86610185927952, "n_waypoints_completed": 1, "tot_waypoints": 9}}
{"target": -195.16100691326238, "params": {"k_pid_pos": [1.5164821318119608, 0.024859491386256316, 0.704167472379422], "k_pid_alt": [1.477768752937916, 0.00018965351824429266, 0.6600607021214705], "k_pid_att": [81.71435317647585, 2.6889016979653872, 0.08105699149151435], "k_pid_yaw": [0.5, 1e-06, 0.1], "k_pid_hsp": [0.09847755819799779, 0.011264223901387349, 0.0], "k_pid_vsp": [251.5004449007475, 59.083466427248936, 19.905301600864938]}, "datetime": {"datetime": "2025-08-13 20:39:31", "elapsed": 39099.66258096695, "delta": 18.432759523391724}, "costs": {"total_cost": 195.16100691326238, "time_cost": 71.708, "final_distance_cost": 1.816382661517457, "oscillation_cost": 29.580794337486243, "completition_cost": 0.0, "overshoot_cost": 51.89428023319459, "power_cost": 20.202817126464844, "noise_cost": 19.95873255459925, "n_waypoints_completed": 9, "tot_waypoints": 9}}
{"target": -206.97423005014025, "params": {"k_pid_pos": [1.733835489643198, 0.024859491386256316, 0.9451257094832697], "k_pid_alt": [1.4458679973838424, 0.055900154593489515, 0.3146878632891922], "k_pid_att": [29.46763110571006, 5.6580295118978245, 0.9623745068707039], "k_pid_yaw": [0.5, 1e-06, 0.1], "k_pid_hsp": [0.09847755819799779, 0.011264223901387349, 0.0], "k_pid_vsp": [387.1470188825909, 165.97121828777006, 10.0]}, "datetime": {"datetime": "2025-08-13 20:39:51", "elapsed": 39119.426876306534, "delta": 19.76429533958435}, "costs": {"total_cost": 206.97423005014025, "time_cost": 78.848, "final_distance_cost": 1.8018110844239061, "oscillation_cost": 28.1887860468605, "completition_cost": 0.0, "overshoot_cost": 52.61426826070295, "power_cost": 23.720401293945315, "noise_cost": 21.80096336420758, "n_waypoints_completed": 9, "tot_waypoints": 9}}
{"target": -195.27715443792164, "params": {"k_pid_pos": [1.733835489643198, 0.024859491386256316, 0.9451257094832697], "k_pid_alt": [1.4458679973838424, 0.32706958222753924, 0.3146878632891922], "k_pid_att": [11.329609997636037, 6.043751783864618, 0.9623745068707039], "k_pid_yaw": [0.5, 1e-06, 0.1], "k_pid_hsp": [0.09847755819799779, 0.011264223901387349, 0.0], "k_pid_vsp": [152.62952303200586, 59.083466427248936, 10.0]}, "datetime": {"datetime": "2025-08-13 20:40:10", "elapsed": 39138.513326883316, "delta": 19.086450576782227}, "costs": {"total_cost": 195.27715443792164, "time_cost": 77.336, "final_distance_cost": 1.808387263403668, "oscillation_cost": 30.750183709525306, "completition_cost": 0.0, "overshoot_cost": 51.36203988102696, "power_cost": 14.403687182617189, "noise_cost": 19.616856401348542, "n_waypoints_completed": 9, "tot_waypoints": 9}}
