{"target": -822.5497068076209, "params": {"k_pid_pos": [1.733835489643198, 0.024859491386256316, 0.9837022460713571], "k_pid_alt": [1.4458679973838424, 0.0, 0.26930141191004886], "k_pid_att": [43.948176657889235, 0.18205753750414305, 0.8073907050301506], "k_pid_yaw": [0.5, 1e-06, 0.1], "k_pid_hsp": [0.09847755819799779, 0.7315990604468636, 0.0], "k_pid_vsp": [376.5747392387296, 93.09285943774285, 20.226497411895423]}, "datetime": {"datetime": "2025-08-13 18:22:45", "elapsed": 30893.849880695343, "delta": 30.05657958984375}, "costs": {"total_cost": 822.5497068076209, "time_cost": 150, "final_distance_cost": 63.84337358849729, "oscillation_cost": 139.40628993370777, "completition_cost": 333.33333333333337, "overshoot_cost": 60.58361686082549, "power_cost": 40.14812976074219, "noise_cost": 35.23496333051471, "n_waypoints_completed": 6, "tot_waypoints": 9}}
{"target": -1272.1871477730542, "params": {"k_pid_pos": [1.733835489643198, 0.024859491386256316, 0.8519347702918288], "k_pid_alt": [1.4458679973838424, 0.0, 0.6309970689692205], "k_pid_att": [78.08713442726881, 4.514399977632767, 0.2977476601316654], "k_pid_yaw": [0.5, 1e-06, 0.1], "k_pid_hsp": [0.09847755819799779, 0.011264223901387349, 0.0], "k_pid_vsp": [128.61003815237223, 93.09285943774285, 242.3589635706049]}, "datetime": {"datetime": "2025-08-13 18:23:15", "elapsed": 30923.456035137177, "delta": 29.606154441833496}, "costs": {"total_cost": 1272.1871477730542, "time_cost": 150, "final_distance_cost": 51.60015521982112, "oscillation_cost": 7.775418121628433, "completition_cost": 888.8888888888888, "overshoot_cost": 103.30486573563937, "power_cost": 29.377713635253908, "noise_cost": 41.2401061718227, "n_waypoints_completed": 1, "tot_waypoints": 9}}
{"target": -1780.6836068555692, "params": {"k_pid_pos": [1.733835489643198, 0.024859491386256316, 0.07756297750739305], "k_pid_alt": [1.4458679973838424, 0.0, 0.3146878632891922], "k_pid_att": [43.948176657889235, 0.18205753750414305, 0.73590781336997], "k_pid_yaw": [0.5, 1e-06, 0.1], "k_pid_hsp": [0.09847755819799779, 0.011264223901387349, 0.38180230248846925], "k_pid_vsp": [251.5004449007475, 93.09285943774285, 10.0]}, "datetime": {"datetime": "2025-08-13 18:23:45", "elapsed": 30953.10226392746, "delta": 29.646228790283203}, "costs": {"total_cost": 1780.6836068555692, "time_cost": 150, "final_distance_cost": 100.65430445948677, "oscillation_cost": 677.3983341839235, "completition_cost": 666.6666666666667, "overshoot_cost": 119.92214503260887, "power_cost": 36.21817196044922, "noise_cost": 29.82398455243457, "n_waypoints_completed": 3, "tot_waypoints": 9}}
{"target": -193.95465595348657, "params": {"k_pid_pos": [1.6203022768980826, 0.06681891267873763, 0.5374545101912236], "k_pid_alt": [1.8467889235776584, 0.0, 0.6853371560380503], "k_pid_att": [81.50781704084231, 5.824334032821091, 0.7742097595242466], "k_pid_yaw": [0.5, 1e-06, 0.1], "k_pid_hsp": [0.09847755819799779, 0.011264223901387349, 0.0], "k_pid_vsp": [251.5004449007475, 93.09285943774285, 10.0]}, "datetime": {"datetime": "2025-08-13 18:24:02", "elapsed": 30970.32892894745, "delta": 17.226665019989014}, "costs": {"total_cost": 193.95465595348657, "time_cost": 70.735, "final_distance_cost": 1.7912104860449845, "oscillation_cost": 29.3299204024602, "completition_cost": 0.0, "overshoot_cost": 51.558032144885864, "power_cost": 20.516370031738283, "noise_cost": 20.024122888357233, "n_waypoints_completed": 9, "tot_waypoints": 9}}
{"target": -181.18411587699944, "params": {"k_pid_pos": [1.4340672435785011, 0.024859491386256316, 0.8544707697037623], "k_pid_alt": [1.4458679973838424, 0.0, 0.6600607021214705], "k_pid_att": [39.447728079683905, 0.18205753750414305, 0.73590781336997], "k_pid_yaw": [0.5, 1e-06, 0.1], "k_pid_hsp": [0.09847755819799779, 0.011264223901387349, 0.0], "k_pid_vsp": [33.09370770872002, 93.09285943774285, 10.0]}, "datetime": {"datetime": "2025-08-13 18:24:19", "elapsed": 30987.27459692955, "delta": 16.94566798210144}, "costs": {"total_cost": 181.18411587699944, "time_cost": 71.34400000000001, "final_distance_cost": 1.834913442519713, "oscillation_cost": 27.35586976762803, "completition_cost": 0.0, "overshoot_cost": 50.45373577733835, "power_cost": 11.215001074218751, "noise_cost": 18.980595815294613, "n_waypoints_completed": 9, "tot_waypoints": 9}}
{"target": -190.53503683638561, "params": {"k_pid_pos": [1.6203022768980826, 0.06681891267873763, 0.5374545101912236], "k_pid_alt": [1.8467889235776584, 0.0, 0.9128610184476774], "k_pid_att": [81.50781704084231, 5.824334032821091, 0.7742097595242466], "k_pid_yaw": [0.5, 1e-06, 0.1], "k_pid_hsp": [0.09847755819799779, 0.011264223901387349, 0.0], "k_pid_vsp": [251.5004449007475, 93.09285943774285, 10.0]}, "datetime": {"datetime": "2025-08-13 18:24:36", "elapsed": 31004.620319843292, "delta": 17.345722913742065}, "costs": {"total_cost": 190.53503683638561, "time_cost": 70.791, "final_distance_cost": 1.8115946252595685, "oscillation_cost": 29.786164645777806, "completition_cost": 0.0, "overshoot_cost": 51.50896830067748, "power_cost": 18.092107385253907, "noise_cost": 18.54520187941684, "n_waypoints_completed": 9, "tot_waypoints": 9}}
{"target": -215.32585741414243, "params": {"k_pid_pos": [1.0303987325070019, 0.024859491386256316, 0.9451257094832697], "k_pid_alt": [1.4458679973838424, 0.0, 0.3146878632891922], "k_pid_att": [43.948176657889235, 3.8677381495188174, 0.6559199499296157], "k_pid_yaw": [0.5, 1e-06, 0.1], "k_pid_hsp": [0.09847755819799779, 0.03986108334795646, 0.0], "k_pid_vsp": [251.5004449007475, 32.59246354921366, 10.0]}, "datetime": {"datetime": "2025-08-13 18:24:56", "elapsed": 31024.08376264572, "delta": 19.4634428024292}, "costs": {"total_cost": 215.32585741414243, "time_cost": 81.795, "final_distance_cost": 1.8567062934106806, "oscillation_cost": 27.927222943603205, "completition_cost": 0.0, "overshoot_cost": 53.98785257713631, "power_cost": 24.662718969726562, "noise_cost": 25.096356630265657, "n_waypoints_completed": 9, "tot_waypoints": 9}}
{"target": -189.73926307992497, "params": {"k_pid_pos": [1.8922997940790476, 0.024859491386256316, 0.9451257094832697], "k_pid_alt": [1.4458679973838424, 0.0, 0.3146878632891922], "k_pid_att": [43.948176657889235, 3.8677381495188174, 0.6559199499296157], "k_pid_yaw": [0.5, 1e-06, 0.1], "k_pid_hsp": [0.09847755819799779, 0.011264223901387349, 0.0], "k_pid_vsp": [251.5004449007475, 59.083466427248936, 10.0]}, "datetime": {"datetime": "2025-08-13 18:25:13", "elapsed": 31041.392157316208, "delta": 17.30839467048645}, "costs": {"total_cost": 189.73926307992497, "time_cost": 70.44800000000001, "final_distance_cost": 1.8131187870327756, "oscillation_cost": 28.595721284886782, "completition_cost": 0.0, "overshoot_cost": 51.44669970279366, "power_cost": 18.020335009765628, "noise_cost": 19.415388295446125, "n_waypoints_completed": 9, "tot_waypoints": 9}}
{"target": -182.9532449053088, "params": {"k_pid_pos": [1.733835489643198, 0.024859491386256316, 0.704167472379422], "k_pid_alt": [1.477768752937916, 0.0, 0.6600607021214705], "k_pid_att": [39.447728079683905, 2.6889016979653872, 0.6559199499296157], "k_pid_yaw": [0.5, 1e-06, 0.1], "k_pid_hsp": [0.09847755819799779, 0.011264223901387349, 0.0], "k_pid_vsp": [251.5004449007475, 178.623871307833, 10.0]}, "datetime": {"datetime": "2025-08-13 18:25:30", "elapsed": 31058.46728014946, "delta": 17.075122833251953}, "costs": {"total_cost": 182.9532449053088, "time_cost": 70.63, "final_distance_cost": 1.8027527545949558, "oscillation_cost": 29.447487149409167, "completition_cost": 0.0, "overshoot_cost": 50.397450883772144, "power_cost": 12.585164379882814, "noise_cost": 18.090389737649694, "n_waypoints_completed": 9, "tot_waypoints": 9}}
{"target": -217.60758773484315, "params": {"k_pid_pos": [1.733835489643198, 0.024859491386256316, 0.36618571039493764], "k_pid_alt": [1.4458679973838424, 0.8642589832568949, 0.3146878632891922], "k_pid_att": [43.948176657889235, 0.18205753750414305, 0.5188756214002959], "k_pid_yaw": [0.5, 1e-06, 0.1], "k_pid_hsp": [0.09847755819799779, 0.011264223901387349, 0.0], "k_pid_vsp": [68.87684793552155, 204.84203769155826, 10.0]}, "datetime": {"datetime": "2025-08-13 18:25:50", "elapsed": 31078.64342713356, "delta": 20.176146984100342}, "costs": {"total_cost": 217.60758773484315, "time_cost": 81.473, "final_distance_cost": 1.7766055674489685, "oscillation_cost": 34.771022639456554, "completition_cost": 0.0, "overshoot_cost": 53.41582871640194, "power_cost": 23.623734533691408, "noise_cost": 22.547396277844282, "n_waypoints_completed": 9, "tot_waypoints": 9}}
{"target": -1360.4867495563763, "params": {"k_pid_pos": [1.0303987325070019, 0.024859491386256316, 0.9451257094832697], "k_pid_alt": [1.4458679973838424, 0.0, 0.3146878632891922], "k_pid_att": [19.730316366181665, 3.8677381495188174, 0.6559199499296157], "k_pid_yaw": [0.5, 1e-06, 0.1], "k_pid_hsp": [0.09847755819799779, 0.011264223901387349, 0.47510942753891583], "k_pid_vsp": [251.5004449007475, 204.84203769155826, 10.0]}, "datetime": {"datetime": "2025-08-13 18:26:19", "elapsed": 31107.33191871643, "delta": 28.688491582870483}, "costs": {"total_cost": 1360.4867495563763, "time_cost": 150, "final_distance_cost": 35.17916227942858, "oscillation_cost": 440.50621885119773, "completition_cost": 555.5555555555555, "overshoot_cost": 102.34063406312384, "power_cost": 42.58916638183594, "noise_cost": 34.31601242523462, "n_waypoints_completed": 4, "tot_waypoints": 9}}
{"target": -211.90462812755032, "params": {"k_pid_pos": [1.4340672435785011, 0.9348414940460628, 0.8519347702918288], "k_pid_alt": [1.477768752937916, 0.0, 0.6600607021214705], "k_pid_att": [39.447728079683905, 1.2832267695489696, 0.6559199499296157], "k_pid_yaw": [0.5, 1e-06, 0.1], "k_pid_hsp": [0.09847755819799779, 0.011264223901387349, 0.0], "k_pid_vsp": [264.9966777379314, 59.083466427248936, 10.0]}, "datetime": {"datetime": "2025-08-13 18:26:39", "elapsed": 31127.82893872261, "delta": 20.49702000617981}, "costs": {"total_cost": 211.90462812755032, "time_cost": 84.245, "final_distance_cost": 1.7365963368073234, "oscillation_cost": 33.5783049890666, "completition_cost": 0.0, "overshoot_cost": 54.499445869398706, "power_cost": 16.305676599121096, "noise_cost": 21.539604333156596, "n_waypoints_completed": 9, "tot_waypoints": 9}}
{"target": -208.99938953166298, "params": {"k_pid_pos": [1.733835489643198, 0.024859491386256316, 0.48736677447475796], "k_pid_alt": [1.4458679973838424, 0.47710597697115553, 0.3146878632891922], "k_pid_att": [43.948176657889235, 3.8677381495188174, 0.6559199499296157], "k_pid_yaw": [0.5, 1e-06, 0.1], "k_pid_hsp": [0.09847755819799779, 0.011264223901387349, 0.0], "k_pid_vsp": [251.5004449007475, 59.083466427248936, 10.0]}, "datetime": {"datetime": "2025-08-13 18:26:58", "elapsed": 31146.53369641304, "delta": 18.704757690429688}, "costs": {"total_cost": 208.99938953166298, "time_cost": 78.421, "final_distance_cost": 1.7548945998997072, "oscillation_cost": 31.789675083993483, "completition_cost": 0.0, "overshoot_cost": 52.93530826157103, "power_cost": 22.300551879882814, "noise_cost": 21.797959706315932, "n_waypoints_completed": 9, "tot_waypoints": 9}}
{"target": -185.86011782272826, "params": {"k_pid_pos": [1.0303987325070019, 0.024859491386256316, 0.704167472379422], "k_pid_alt": [1.4458679973838424, 0.0, 0.3146878632891922], "k_pid_att": [43.948176657889235, 0.18205753750414305, 0.73590781336997], "k_pid_yaw": [0.5, 1e-06, 0.1], "k_pid_hsp": [0.09847755819799779, 0.011264223901387349, 0.0], "k_pid_vsp": [251.5004449007475, 93.09285943774285, 10.0]}, "datetime": {"datetime": "2025-08-13 18:27:15", "elapsed": 31164.024731636047, "delta": 17.491035223007202}, "costs": {"total_cost": 185.86011782272826, "time_cost": 72.793, "final_distance_cost": 1.8437287895353476, "oscillation_cost": 25.297916573507248, "completition_cost": 0.0, "overshoot_cost": 51.31894571865565, "power_cost": 15.707854455566407, "noise_cost": 18.898672285463594, "n_waypoints_completed": 9, "tot_waypoints": 9}}
{"target": -194.89517081712927, "params": {"k_pid_pos": [0.9859531625152065, 0.024859491386256316, 0.5374545101912236], "k_pid_alt": [1.3959173657108794, 0.0, 0.9128610184476774], "k_pid_att": [21.6711938663424, 5.824334032821091, 0.34464953207076743], "k_pid_yaw": [0.5, 1e-06, 0.1], "k_pid_hsp": [0.09847755819799779, 0.011264223901387349, 0.0], "k_pid_vsp": [251.5004449007475, 59.083466427248936, 10.0]}, "datetime": {"datetime": "2025-08-13 18:27:33", "elapsed": 31181.583146095276, "delta": 17.558414459228516}, "costs": {"total_cost": 194.89517081712927, "time_cost": 74.046, "final_distance_cost": 1.8387945538508015, "oscillation_cost": 25.96795536201137, "completition_cost": 0.0, "overshoot_cost": 51.14875245178253, "power_cost": 21.37355487060547, "noise_cost": 20.520113578879076, "n_waypoints_completed": 9, "tot_waypoints": 9}}
{"target": -191.70024518296768, "params": {"k_pid_pos": [1.0303987325070019, 0.024859491386256316, 0.9451257094832697], "k_pid_alt": [1.4458679973838424, 0.0, 0.3146878632891922], "k_pid_att": [43.948176657889235, 3.8677381495188174, 0.6559199499296157], "k_pid_yaw": [0.5, 1e-06, 0.1], "k_pid_hsp": [0.09847755819799779, 0.011264223901387349, 0.0], "k_pid_vsp": [251.5004449007475, 93.09285943774285, 10.0]}, "datetime": {"datetime": "2025-08-13 18:27:51", "elapsed": 31199.902421712875, "delta": 18.319275617599487}, "costs": {"total_cost": 191.70024518296768, "time_cost": 75.649, "final_distance_cost": 1.8519004308313445, "oscillation_cost": 24.976529884168748, "completition_cost": 0.0, "overshoot_cost": 51.14522882360025, "power_cost": 17.70005732421875, "noise_cost": 20.377528720148575, "n_waypoints_completed": 9, "tot_waypoints": 9}}
{"target": -2087.15721872447, "params": {"k_pid_pos": [1.733835489643198, 0.024859491386256316, 0.8519347702918288], "k_pid_alt": [1.4458679973838424, 0.0, 0.10702076326620091], "k_pid_att": [43.948176657889235, 0.18205753750414305, 0.34464953207076743], "k_pid_yaw": [0.5, 1e-06, 0.1], "k_pid_hsp": [0.09847755819799779, 0.011264223901387349, 0.8498210181212253], "k_pid_vsp": [251.5004449007475, 93.09285943774285, 10.0]}, "datetime": {"datetime": "2025-08-13 18:28:20", "elapsed": 31228.497723340988, "delta": 28.595301628112793}, "costs": {"total_cost": 2087.15721872447, "time_cost": 150, "final_distance_cost": 58.40782215836685, "oscillation_cost": 831.437772584767, "completition_cost": 888.8888888888888, "overshoot_cost": 91.26169649796104, "power_cost": 36.29007426757813, "noise_cost": 30.870964326907842, "n_waypoints_completed": 1, "tot_waypoints": 9}}
{"target": -181.45174478967542, "params": {"k_pid_pos": [1.4340672435785011, 0.024859491386256316, 0.8544707697037623], "k_pid_alt": [1.4458679973838424, 0.0, 0.6600607021214705], "k_pid_att": [39.447728079683905, 0.18205753750414305, 0.73590781336997], "k_pid_yaw": [0.5, 1e-06, 0.1], "k_pid_hsp": [0.09847755819799779, 0.011264223901387349, 0.0], "k_pid_vsp": [33.09370770872002, 93.09285943774285, 10.0]}, "datetime": {"datetime": "2025-08-13 18:28:39", "elapsed": 31247.323288202286, "delta": 18.825564861297607}, "costs": {"total_cost": 181.45174478967542, "time_cost": 71.295, "final_distance_cost": 1.8370479413698206, "oscillation_cost": 27.325969683783935, "completition_cost": 0.0, "overshoot_cost": 50.34113206584151, "power_cost": 11.945476135253907, "noise_cost": 18.707118963426257, "n_waypoints_completed": 9, "tot_waypoints": 9}}
{"target": -191.82497259003188, "params": {"k_pid_pos": [1.733835489643198, 0.024859491386256316, 0.704167472379422], "k_pid_alt": [1.477768752937916, 0.0, 0.6600607021214705], "k_pid_att": [39.447728079683905, 2.6889016979653872, 0.6559199499296157], "k_pid_yaw": [0.5, 1e-06, 0.1], "k_pid_hsp": [0.09847755819799779, 0.011264223901387349, 0.0], "k_pid_vsp": [251.5004449007475, 178.623871307833, 10.0]}, "datetime": {"datetime": "2025-08-13 18:28:56", "elapsed": 31264.336512327194, "delta": 17.013224124908447}, "costs": {"total_cost": 191.82497259003188, "time_cost": 71.008, "final_distance_cost": 1.8126475031863951, "oscillation_cost": 29.184446702237853, "completition_cost": 0.0, "overshoot_cost": 51.26014729733266, "power_cost": 19.557857873535156, "noise_cost": 19.001873213739806, "n_waypoints_completed": 9, "tot_waypoints": 9}}
{"target": -184.67725787715443, "params": {"k_pid_pos": [1.4340672435785011, 0.024859491386256316, 0.8519347702918288], "k_pid_alt": [1.477768752937916, 0.0, 0.6600607021214705], "k_pid_att": [39.447728079683905, 1.2832267695489696, 0.6559199499296157], "k_pid_yaw": [0.5, 1e-06, 0.1], "k_pid_hsp": [0.09847755819799779, 0.011264223901387349, 0.0], "k_pid_vsp": [264.9966777379314, 204.84203769155826, 10.0]}, "datetime": {"datetime": "2025-08-13 18:29:13", "elapsed": 31281.50483250618, "delta": 17.168320178985596}, "costs": {"total_cost": 184.67725787715443, "time_cost": 71.316, "final_distance_cost": 1.8270830923447858, "oscillation_cost": 27.353898133167068, "completition_cost": 0.0, "overshoot_cost": 50.531947088821354, "power_cost": 15.405911169433594, "noise_cost": 18.242418393387652, "n_waypoints_completed": 9, "tot_waypoints": 9}}
{"target": -197.85995981225446, "params": {"k_pid_pos": [1.4340672435785011, 0.024859491386256316, 0.10848570257039691], "k_pid_alt": [1.897117145170884, 0.0, 0.6600607021214705], "k_pid_att": [79.31719665755405, 0.18205753750414305, 0.73590781336997], "k_pid_yaw": [0.5, 1e-06, 0.1], "k_pid_hsp": [0.09847755819799779, 0.011264223901387349, 0.0], "k_pid_vsp": [33.09370770872002, 93.09285943774285, 10.0]}, "datetime": {"datetime": "2025-08-13 18:29:30", "elapsed": 31298.394194364548, "delta": 16.88936185836792}, "costs": {"total_cost": 197.85995981225446, "time_cost": 71.309, "final_distance_cost": 1.7836371533637407, "oscillation_cost": 30.88867418953426, "completition_cost": 0.0, "overshoot_cost": 52.095589616437856, "power_cost": 20.812247387695315, "noise_cost": 20.97081146522329, "n_waypoints_completed": 9, "tot_waypoints": 9}}
{"target": -700.4812855602904, "params": {"k_pid_pos": [1.4340672435785011, 0.6574188452491182, 0.8544707697037623], "k_pid_alt": [1.4458679973838424, 0.0, 0.6600607021214705], "k_pid_att": [39.447728079683905, 0.18205753750414305, 0.73590781336997], "k_pid_yaw": [0.5, 1e-06, 0.1], "k_pid_hsp": [0.09847755819799779, 0.7719239526128563, 0.0], "k_pid_vsp": [33.09370770872002, 93.09285943774285, 10.0]}, "datetime": {"datetime": "2025-08-13 18:29:59", "elapsed": 31327.897275686264, "delta": 29.50308132171631}, "costs": {"total_cost": 700.4812855602904, "time_cost": 150, "final_distance_cost": 69.62703088420275, "oscillation_cost": 129.52422577202003, "completition_cost": 222.2222222222222, "overshoot_cost": 63.06321079347496, "power_cost": 31.522759924316407, "noise_cost": 34.52183596405405, "n_waypoints_completed": 7, "tot_waypoints": 9}}
{"target": -196.54078194011515, "params": {"k_pid_pos": [1.4340672435785011, 0.0005578519329870746, 0.8544707697037623], "k_pid_alt": [1.4458679973838424, 0.0, 0.6600607021214705], "k_pid_att": [39.447728079683905, 0.18205753750414305, 0.73590781336997], "k_pid_yaw": [0.5, 1e-06, 0.1], "k_pid_hsp": [0.09847755819799779, 0.011264223901387349, 0.0], "k_pid_vsp": [33.09370770872002, 93.09285943774285, 10.0]}, "datetime": {"datetime": "2025-08-13 18:30:17", "elapsed": 31345.408276081085, "delta": 17.511000394821167}, "costs": {"total_cost": 196.54078194011515, "time_cost": 72.002, "final_distance_cost": 1.841962050609282, "oscillation_cost": 27.27810713007742, "completition_cost": 0.0, "overshoot_cost": 51.57134634252566, "power_cost": 22.472100146484376, "noise_cost": 21.37526627041841, "n_waypoints_completed": 9, "tot_waypoints": 9}}
{"target": -187.1846477178056, "params": {"k_pid_pos": [1.4340672435785011, 0.024859491386256316, 0.8544707697037623], "k_pid_alt": [1.4458679973838424, 0.0, 0.6600607021214705], "k_pid_att": [39.447728079683905, 0.18205753750414305, 0.73590781336997], "k_pid_yaw": [0.5, 1e-06, 0.1], "k_pid_hsp": [0.09847755819799779, 0.011264223901387349, 0.0], "k_pid_vsp": [33.09370770872002, 93.09285943774285, 10.0]}, "datetime": {"datetime": "2025-08-13 18:30:34", "elapsed": 31362.413692951202, "delta": 17.005416870117188}, "costs": {"total_cost": 187.1846477178056, "time_cost": 71.351, "final_distance_cost": 1.8356151457393384, "oscillation_cost": 27.404321098991506, "completition_cost": 0.0, "overshoot_cost": 50.55432691111115, "power_cost": 17.696756091308593, "noise_cost": 18.34262847065502, "n_waypoints_completed": 9, "tot_waypoints": 9}}
{"target": -813.013252733881, "params": {"k_pid_pos": [1.9475525933111357, 0.024859491386256316, 0.7774444947807966], "k_pid_alt": [1.4458679973838424, 0.0, 0.6600607021214705], "k_pid_att": [5.660560806625048, 2.6889016979653872, 0.6559199499296157], "k_pid_yaw": [0.5, 1e-06, 0.1], "k_pid_hsp": [0.09847755819799779, 0.5531972591780506, 0.0], "k_pid_vsp": [251.5004449007475, 178.623871307833, 10.0]}, "datetime": {"datetime": "2025-08-13 18:31:03", "elapsed": 31392.067935705185, "delta": 29.654242753982544}, "costs": {"total_cost": 813.013252733881, "time_cost": 150, "final_distance_cost": 67.49130239726566, "oscillation_cost": 127.49739082784401, "completition_cost": 333.33333333333337, "overshoot_cost": 62.89488498285952, "power_cost": 36.69655701904297, "noise_cost": 35.09978417353556, "n_waypoints_completed": 6, "tot_waypoints": 9}}
