{"target": -194.14989592186126, "params": {"k_pid_pos": [1.733835489643198, 0.024859491386256316, 0.42495672118777295], "k_pid_alt": [1.2072933116153153, 0.0, 0.3914560168416277], "k_pid_att": [44.28116398441722, 0.6665116933437144, 0.06608132483176332], "k_pid_yaw": [0.5, 1e-06, 0.1], "k_pid_hsp": [0.17225665165883555, 0.011264223901387349, 0.0], "k_pid_vsp": [343.8859856159743, 57.93155354082285, 10.0]}, "datetime": {"datetime": "2025-08-13 22:58:34", "elapsed": 47442.70917010307, "delta": 18.98045039176941}, "costs": {"total_cost": 194.14989592186126, "time_cost": 70.903, "final_distance_cost": 1.8010924088983127, "oscillation_cost": 33.33311034073939, "completition_cost": 0.0, "overshoot_cost": 51.16437262919949, "power_cost": 18.105544042968752, "noise_cost": 18.842776500055294, "n_waypoints_completed": 9, "tot_waypoints": 9}}
{"target": -193.13336297906213, "params": {"k_pid_pos": [1.4200659215445044, 0.024859491386256316, 0.9451257094832697], "k_pid_alt": [1.3427773022103757, 0.0, 0.23086984934879706], "k_pid_att": [25.06356558820614, 1.6793952317322878, 0.680058006373419], "k_pid_yaw": [0.5, 1e-06, 0.1], "k_pid_hsp": [0.09847755819799779, 0.011264223901387349, 0.0], "k_pid_vsp": [305.67975269326223, 130.53254854158118, 10.0]}, "datetime": {"datetime": "2025-08-13 22:58:51", "elapsed": 47459.77161216736, "delta": 17.06244206428528}, "costs": {"total_cost": 193.13336297906213, "time_cost": 71.533, "final_distance_cost": 1.8453139745249594, "oscillation_cost": 26.278686214250108, "completition_cost": 0.0, "overshoot_cost": 51.432023137801316, "power_cost": 21.189752734375002, "noise_cost": 20.85458691811075, "n_waypoints_completed": 9, "tot_waypoints": 9}}
{"target": -192.01818484828684, "params": {"k_pid_pos": [1.733835489643198, 0.024859491386256316, 0.9451257094832697], "k_pid_alt": [1.5786606064986153, 0.0, 0.23086984934879706], "k_pid_att": [11.329609997636037, 3.4126860594551975, 0.261380462049589], "k_pid_yaw": [0.5, 1e-06, 0.1], "k_pid_hsp": [0.17225665165883555, 0.011264223901387349, 0.0], "k_pid_vsp": [237.37114527084637, 57.93155354082285, 10.0]}, "datetime": {"datetime": "2025-08-13 22:59:11", "elapsed": 47479.581882953644, "delta": 19.8102707862854}, "costs": {"total_cost": 192.01818484828684, "time_cost": 70.399, "final_distance_cost": 1.8430109632497167, "oscillation_cost": 29.394940710894325, "completition_cost": 0.0, "overshoot_cost": 51.00304436379895, "power_cost": 19.844000720214844, "noise_cost": 19.534188090129014, "n_waypoints_completed": 9, "tot_waypoints": 9}}
{"target": -188.8138775134232, "params": {"k_pid_pos": [1.733835489643198, 0.024859491386256316, 0.9451257094832697], "k_pid_alt": [1.5786606064986153, 0.0, 0.23086984934879706], "k_pid_att": [11.329609997636037, 3.4126860594551975, 0.261380462049589], "k_pid_yaw": [0.5, 1e-06, 0.1], "k_pid_hsp": [0.17225665165883555, 0.011264223901387349, 0.0], "k_pid_vsp": [237.37114527084637, 57.93155354082285, 10.0]}, "datetime": {"datetime": "2025-08-13 22:59:28", "elapsed": 47496.39357709885, "delta": 16.811694145202637}, "costs": {"total_cost": 188.8138775134232, "time_cost": 70.056, "final_distance_cost": 1.8475524755525894, "oscillation_cost": 28.588214150472005, "completition_cost": 0.0, "overshoot_cost": 50.88008543342384, "power_cost": 18.652231237792968, "noise_cost": 18.78979421618181, "n_waypoints_completed": 9, "tot_waypoints": 9}}
{"target": -191.74901837309017, "params": {"k_pid_pos": [1.733835489643198, 0.024859491386256316, 0.416330797462678], "k_pid_alt": [1.5786606064986153, 0.0, 0.25938735764965193], "k_pid_att": [50.917657588734414, 7.347914484943822, 0.3208883335954925], "k_pid_yaw": [0.5, 1e-06, 0.1], "k_pid_hsp": [0.09847755819799779, 0.011264223901387349, 0.0], "k_pid_vsp": [305.67975269326223, 130.53254854158118, 10.0]}, "datetime": {"datetime": "2025-08-13 22:59:49", "elapsed": 47517.447872161865, "delta": 21.0542950630188}, "costs": {"total_cost": 191.74901837309017, "time_cost": 69.97200000000001, "final_distance_cost": 1.7803417206216465, "oscillation_cost": 30.99672335137628, "completition_cost": 0.0, "overshoot_cost": 51.03862581278703, "power_cost": 19.130873498535156, "noise_cost": 18.830453989770046, "n_waypoints_completed": 9, "tot_waypoints": 9}}
{"target": -184.79891762823556, "params": {"k_pid_pos": [1.733835489643198, 0.024859491386256316, 0.42495672118777295], "k_pid_alt": [1.85112020821355, 0.0, 0.23086984934879706], "k_pid_att": [25.06356558820614, 7.108257667389705, 0.07172816110251268], "k_pid_yaw": [0.5, 1e-06, 0.1], "k_pid_hsp": [0.09847755819799779, 0.011264223901387349, 0.0], "k_pid_vsp": [305.67975269326223, 130.53254854158118, 10.0]}, "datetime": {"datetime": "2025-08-13 23:00:05", "elapsed": 47534.006794691086, "delta": 16.55892252922058}, "costs": {"total_cost": 184.79891762823556, "time_cost": 69.132, "final_distance_cost": 1.7908070776033618, "oscillation_cost": 32.50998630303396, "completition_cost": 0.0, "overshoot_cost": 50.91219242624289, "power_cost": 12.356103344726563, "noise_cost": 18.097828476628795, "n_waypoints_completed": 9, "tot_waypoints": 9}}
{"target": -182.0478449820125, "params": {"k_pid_pos": [1.733835489643198, 0.024859491386256316, 0.9451257094832697], "k_pid_alt": [1.5786606064986153, 0.0, 0.7248340866032845], "k_pid_att": [11.329609997636037, 1.1105074131954076, 0.261380462049589], "k_pid_yaw": [0.5, 1e-06, 0.1], "k_pid_hsp": [0.17225665165883555, 0.011264223901387349, 0.0], "k_pid_vsp": [62.17525342689419, 57.93155354082285, 10.0]}, "datetime": {"datetime": "2025-08-13 23:00:25", "elapsed": 47553.1846036911, "delta": 19.17780900001526}, "costs": {"total_cost": 182.0478449820125, "time_cost": 70.35000000000001, "final_distance_cost": 1.8350953087086808, "oscillation_cost": 29.21461407611305, "completition_cost": 0.0, "overshoot_cost": 50.125628497085536, "power_cost": 12.00106072998047, "noise_cost": 18.521446370124732, "n_waypoints_completed": 9, "tot_waypoints": 9}}
{"target": -190.8205445011274, "params": {"k_pid_pos": [1.733835489643198, 0.024859491386256316, 0.42495672118777295], "k_pid_alt": [1.5786606064986153, 0.0, 0.053878507660848673], "k_pid_att": [70.32367692400724, 5.6580295118978245, 0.261380462049589], "k_pid_yaw": [0.5, 1e-06, 0.1], "k_pid_hsp": [0.17225665165883555, 0.011264223901387349, 0.0], "k_pid_vsp": [30.277211485852273, 140.20834175906987, 10.0]}, "datetime": {"datetime": "2025-08-13 23:00:41", "elapsed": 47569.84059047699, "delta": 16.655986785888672}, "costs": {"total_cost": 190.8205445011274, "time_cost": 69.181, "final_distance_cost": 1.8308585021237838, "oscillation_cost": 32.60635291504259, "completition_cost": 0.0, "overshoot_cost": 50.579900913207766, "power_cost": 17.78408076171875, "noise_cost": 18.838351409034498, "n_waypoints_completed": 9, "tot_waypoints": 9}}
{"target": -213.0369112269056, "params": {"k_pid_pos": [1.733835489643198, 0.024859491386256316, 0.9451257094832697], "k_pid_alt": [1.5786606064986153, 0.0, 0.053878507660848673], "k_pid_att": [29.46763110571006, 3.907559788299492, 0.45703935313105737], "k_pid_yaw": [0.5, 1e-06, 0.1], "k_pid_hsp": [1.6091290401443616, 0.17468130283637484, 0.0], "k_pid_vsp": [371.8706581382205, 225.6587008239998, 10.0]}, "datetime": {"datetime": "2025-08-13 23:01:01", "elapsed": 47589.5155878067, "delta": 19.674997329711914}, "costs": {"total_cost": 213.0369112269056, "time_cost": 74.312, "final_distance_cost": 1.8494784084032556, "oscillation_cost": 34.59574748160261, "completition_cost": 0.0, "overshoot_cost": 52.81110302393886, "power_cost": 25.79068240966797, "noise_cost": 23.677899903292918, "n_waypoints_completed": 9, "tot_waypoints": 9}}
{"target": -190.15301576908828, "params": {"k_pid_pos": [1.733835489643198, 0.024859491386256316, 0.416330797462678], "k_pid_alt": [1.5786606064986153, 0.0, 0.7248340866032845], "k_pid_att": [11.329609997636037, 3.4126860594551975, 0.261380462049589], "k_pid_yaw": [0.5, 1e-06, 0.1], "k_pid_hsp": [0.17225665165883555, 0.011264223901387349, 0.0], "k_pid_vsp": [152.1284020564883, 310.3723599325286, 10.0]}, "datetime": {"datetime": "2025-08-13 23:01:17", "elapsed": 47605.96015381813, "delta": 16.444566011428833}, "costs": {"total_cost": 190.15301576908828, "time_cost": 69.783, "final_distance_cost": 1.8010241955120772, "oscillation_cost": 31.732799436814926, "completition_cost": 0.0, "overshoot_cost": 50.002655590073786, "power_cost": 18.489487854003908, "noise_cost": 18.3440486926836, "n_waypoints_completed": 9, "tot_waypoints": 9}}
{"target": -190.15060826251434, "params": {"k_pid_pos": [1.4200659215445044, 0.5335459762000035, 0.9451257094832697], "k_pid_alt": [1.2072933116153153, 0.0, 0.053878507660848673], "k_pid_att": [57.80223709971288, 7.347914484943822, 0.680058006373419], "k_pid_yaw": [0.5, 1e-06, 0.1], "k_pid_hsp": [0.09847755819799779, 0.011264223901387349, 0.0], "k_pid_vsp": [305.67975269326223, 130.53254854158118, 10.0]}, "datetime": {"datetime": "2025-08-13 23:01:37", "elapsed": 47625.48750495911, "delta": 19.527351140975952}, "costs": {"total_cost": 190.15060826251434, "time_cost": 74.543, "final_distance_cost": 1.7841602091282707, "oscillation_cost": 28.079704576926662, "completition_cost": 0.0, "overshoot_cost": 50.85371122588773, "power_cost": 16.1519703125, "noise_cost": 18.738061938071656, "n_waypoints_completed": 9, "tot_waypoints": 9}}
{"target": -243.22281480350696, "params": {"k_pid_pos": [1.733835489643198, 0.5910883108728138, 0.416330797462678], "k_pid_alt": [1.5786606064986153, 0.07571630374287386, 0.25938735764965193], "k_pid_att": [50.917657588734414, 5.6580295118978245, 0.06608132483176332], "k_pid_yaw": [0.5, 1e-06, 0.1], "k_pid_hsp": [0.17225665165883555, 0.011264223901387349, 0.0], "k_pid_vsp": [93.65012360586942, 57.93155354082285, 10.0]}, "datetime": {"datetime": "2025-08-13 23:02:02", "elapsed": 47650.354405879974, "delta": 24.86690092086792}, "costs": {"total_cost": 243.22281480350696, "time_cost": 99.519, "final_distance_cost": 1.7654355931669543, "oscillation_cost": 42.298351903755666, "completition_cost": 0.0, "overshoot_cost": 53.132723633277436, "power_cost": 21.011473486328125, "noise_cost": 25.495830186978754, "n_waypoints_completed": 9, "tot_waypoints": 9}}
{"target": -994.8684175154931, "params": {"k_pid_pos": [1.733835489643198, 0.024859491386256316, 0.42495672118777295], "k_pid_alt": [1.85112020821355, 0.0, 0.23086984934879706], "k_pid_att": [11.329609997636037, 3.4126860594551975, 0.20497828334174084], "k_pid_yaw": [0.5, 1e-06, 0.1], "k_pid_hsp": [0.09847755819799779, 0.011264223901387349, 0.0], "k_pid_vsp": [291.03214645110495, 57.93155354082285, 274.54929475110737]}, "datetime": {"datetime": "2025-08-13 23:02:32", "elapsed": 47680.25620865822, "delta": 29.90180277824402}, "costs": {"total_cost": 994.8684175154931, "time_cost": 150, "final_distance_cost": 52.639466383647196, "oscillation_cost": 15.33155911267611, "completition_cost": 666.6666666666667, "overshoot_cost": 56.08588387583645, "power_cost": 26.95636920166016, "noise_cost": 27.188472275006344, "n_waypoints_completed": 3, "tot_waypoints": 9}}
{"target": -195.49170112521654, "params": {"k_pid_pos": [1.733835489643198, 0.024859491386256316, 0.9451257094832697], "k_pid_alt": [1.7485197016556397, 0.0, 0.23086984934879706], "k_pid_att": [11.329609997636037, 4.819059953965517, 0.6502564009774173], "k_pid_yaw": [0.5, 1e-06, 0.1], "k_pid_hsp": [0.09847755819799779, 0.011264223901387349, 0.0], "k_pid_vsp": [305.67975269326223, 291.9899918266388, 10.0]}, "datetime": {"datetime": "2025-08-13 23:02:49", "elapsed": 47697.7269051075, "delta": 17.470696449279785}, "costs": {"total_cost": 195.49170112521654, "time_cost": 70.861, "final_distance_cost": 1.819139925797568, "oscillation_cost": 28.519755560337074, "completition_cost": 0.0, "overshoot_cost": 51.5265623544118, "power_cost": 21.886187060546877, "noise_cost": 20.87905622412318, "n_waypoints_completed": 9, "tot_waypoints": 9}}
{"target": -1013.2107122589006, "params": {"k_pid_pos": [1.733835489643198, 0.024859491386256316, 0.42495672118777295], "k_pid_alt": [1.5786606064986153, 0.0, 0.7458075116847572], "k_pid_att": [9.14477148846079, 5.6580295118978245, 0.261380462049589], "k_pid_yaw": [0.5, 1e-06, 0.1], "k_pid_hsp": [0.17225665165883555, 0.918910454481374, 0.0], "k_pid_vsp": [93.65012360586942, 57.93155354082285, 10.0]}, "datetime": {"datetime": "2025-08-13 23:03:19", "elapsed": 47727.577120780945, "delta": 29.850215673446655}, "costs": {"total_cost": 1013.2107122589006, "time_cost": 150, "final_distance_cost": 46.31604380529185, "oscillation_cost": 129.15378951480494, "completition_cost": 555.5555555555555, "overshoot_cost": 58.8999244811689, "power_cost": 37.59637829589844, "noise_cost": 35.6890206061809, "n_waypoints_completed": 4, "tot_waypoints": 9}}
{"target": -194.93003949278173, "params": {"k_pid_pos": [1.733835489643198, 0.024859491386256316, 0.42495672118777295], "k_pid_alt": [1.85112020821355, 0.0, 0.23086984934879706], "k_pid_att": [11.329609997636037, 3.4126860594551975, 0.06608132483176332], "k_pid_yaw": [0.5, 1e-06, 0.1], "k_pid_hsp": [0.17225665165883555, 0.011264223901387349, 0.0], "k_pid_vsp": [62.17525342689419, 57.93155354082285, 10.0]}, "datetime": {"datetime": "2025-08-13 23:03:37", "elapsed": 47745.58549904823, "delta": 18.008378267288208}, "costs": {"total_cost": 194.93003949278173, "time_cost": 69.72, "final_distance_cost": 1.8191454386366663, "oscillation_cost": 31.08505871342779, "completition_cost": 0.0, "overshoot_cost": 51.34358427579711, "power_cost": 20.18712352294922, "noise_cost": 20.775127541970942, "n_waypoints_completed": 9, "tot_waypoints": 9}}
{"target": -208.87677649613954, "params": {"k_pid_pos": [1.733835489643198, 0.024859491386256316, 0.42495672118777295], "k_pid_alt": [1.85112020821355, 0.0, 0.3053062226959652], "k_pid_att": [91.00202412209904, 1.6793952317322878, 0.0025181163521733607], "k_pid_yaw": [0.5, 1e-06, 0.1], "k_pid_hsp": [0.09847755819799779, 0.011264223901387349, 0.0], "k_pid_vsp": [305.67975269326223, 311.7529422610338, 10.0]}, "datetime": {"datetime": "2025-08-13 23:03:56", "elapsed": 47764.18997550011, "delta": 18.60447645187378}, "costs": {"total_cost": 208.87677649613954, "time_cost": 72.282, "final_distance_cost": 1.783167736376028, "oscillation_cost": 35.426374661258436, "completition_cost": 0.0, "overshoot_cost": 53.170038883790966, "power_cost": 24.397175537109376, "noise_cost": 21.818019677604763, "n_waypoints_completed": 9, "tot_waypoints": 9}}
{"target": -185.08914394769187, "params": {"k_pid_pos": [1.733835489643198, 0.024859491386256316, 0.9451257094832697], "k_pid_alt": [1.5786606064986153, 0.0, 0.23086984934879706], "k_pid_att": [23.08752834258585, 4.077532668255645, 0.261380462049589], "k_pid_yaw": [0.5, 1e-06, 0.1], "k_pid_hsp": [0.17225665165883555, 0.011264223901387349, 0.0], "k_pid_vsp": [237.37114527084637, 57.93155354082285, 10.0]}, "datetime": {"datetime": "2025-08-13 23:04:14", "elapsed": 47782.781148672104, "delta": 18.59117317199707}, "costs": {"total_cost": 185.08914394769187, "time_cost": 70.301, "final_distance_cost": 1.833623926123727, "oscillation_cost": 28.17156916339496, "completition_cost": 0.0, "overshoot_cost": 50.41819055915681, "power_cost": 16.276845251464845, "noise_cost": 18.087915047551537, "n_waypoints_completed": 9, "tot_waypoints": 9}}
{"target": -185.87546636768613, "params": {"k_pid_pos": [1.733835489643198, 0.0822904257601288, 0.5271164669865139], "k_pid_alt": [1.5786606064986153, 0.0, 0.5933646034205271], "k_pid_att": [29.46763110571006, 5.6580295118978245, 0.9808211468183533], "k_pid_yaw": [0.5, 1e-06, 0.1], "k_pid_hsp": [2.957956300852597, 0.011264223901387349, 0.0], "k_pid_vsp": [305.67975269326223, 130.53254854158118, 10.0]}, "datetime": {"datetime": "2025-08-13 23:04:31", "elapsed": 47799.43350362778, "delta": 16.652354955673218}, "costs": {"total_cost": 185.87546636768613, "time_cost": 69.286, "final_distance_cost": 1.83118157335581, "oscillation_cost": 35.95918836639647, "completition_cost": 0.0, "overshoot_cost": 49.86011964451778, "power_cost": 11.254127490234376, "noise_cost": 17.684849293181678, "n_waypoints_completed": 9, "tot_waypoints": 9}}
{"target": -185.87304844319968, "params": {"k_pid_pos": [1.1837130645794225, 0.024859491386256316, 0.42495672118777295], "k_pid_alt": [1.688733796848813, 0.0, 0.5780287087253008], "k_pid_att": [25.06356558820614, 2.8711836120640575, 0.680058006373419], "k_pid_yaw": [0.5, 1e-06, 0.1], "k_pid_hsp": [0.09847755819799779, 0.011264223901387349, 0.0], "k_pid_vsp": [305.67975269326223, 130.53254854158118, 10.0]}, "datetime": {"datetime": "2025-08-13 23:04:50", "elapsed": 47818.58793210983, "delta": 19.154428482055664}, "costs": {"total_cost": 185.87304844319968, "time_cost": 70.434, "final_distance_cost": 1.8149557811390018, "oscillation_cost": 27.328248654021166, "completition_cost": 0.0, "overshoot_cost": 50.59766353328493, "power_cost": 18.006522424316408, "noise_cost": 17.691658050438186, "n_waypoints_completed": 9, "tot_waypoints": 9}}
{"target": -1460.7476286392607, "params": {"k_pid_pos": [1.733835489643198, 0.024859491386256316, 0.416330797462678], "k_pid_alt": [1.5786606064986153, 0.0, 0.25938735764965193], "k_pid_att": [50.917657588734414, 7.347914484943822, 0.680058006373419], "k_pid_yaw": [0.5, 1e-06, 0.1], "k_pid_hsp": [0.09847755819799779, 0.011264223901387349, 0.0], "k_pid_vsp": [305.67975269326223, 130.53254854158118, 283.7614298093312]}, "datetime": {"datetime": "2025-08-13 23:05:19", "elapsed": 47847.338368177414, "delta": 28.750436067581177}, "costs": {"total_cost": 1460.7476286392607, "time_cost": 150, "final_distance_cost": 1.000740867331759, "oscillation_cost": 4.5591002286176545, "completition_cost": 1000.0, "overshoot_cost": 162.79207098769507, "power_cost": 29.413560266113283, "noise_cost": 112.98215628950283, "n_waypoints_completed": 0, "tot_waypoints": 9}}
{"target": -186.0846502557366, "params": {"k_pid_pos": [1.733835489643198, 0.024859491386256316, 0.42495672118777295], "k_pid_alt": [1.85112020821355, 0.0, 0.23086984934879706], "k_pid_att": [25.06356558820614, 1.6793952317322878, 0.680058006373419], "k_pid_yaw": [0.5, 1e-06, 0.1], "k_pid_hsp": [0.09847755819799779, 0.011264223901387349, 0.0], "k_pid_vsp": [305.67975269326223, 130.53254854158118, 10.0]}, "datetime": {"datetime": "2025-08-13 23:05:37", "elapsed": 47865.51178407669, "delta": 18.173415899276733}, "costs": {"total_cost": 186.0846502557366, "time_cost": 69.356, "final_distance_cost": 1.7835297843492732, "oscillation_cost": 30.758444607690922, "completition_cost": 0.0, "overshoot_cost": 51.23143443833532, "power_cost": 15.060353466796876, "noise_cost": 17.89488795856423, "n_waypoints_completed": 9, "tot_waypoints": 9}}
{"target": -189.0442831728186, "params": {"k_pid_pos": [1.733835489643198, 0.0822904257601288, 0.9451257094832697], "k_pid_alt": [1.5786606064986153, 0.0, 0.053878507660848673], "k_pid_att": [29.46763110571006, 9.874008014726847, 0.680058006373419], "k_pid_yaw": [0.5, 1e-06, 0.1], "k_pid_hsp": [0.09847755819799779, 0.011264223901387349, 0.0], "k_pid_vsp": [305.67975269326223, 130.53254854158118, 10.0]}, "datetime": {"datetime": "2025-08-13 23:05:53", "elapsed": 47881.882177352905, "delta": 16.3703932762146}, "costs": {"total_cost": 189.0442831728186, "time_cost": 69.93, "final_distance_cost": 1.818720997752759, "oscillation_cost": 27.738756640830562, "completition_cost": 0.0, "overshoot_cost": 50.94455254550696, "power_cost": 19.47656551513672, "noise_cost": 19.13568747359161, "n_waypoints_completed": 9, "tot_waypoints": 9}}
{"target": -189.46345198530236, "params": {"k_pid_pos": [1.733835489643198, 0.024859491386256316, 0.416330797462678], "k_pid_alt": [1.5786606064986153, 0.0, 0.25938735764965193], "k_pid_att": [50.917657588734414, 5.6580295118978245, 0.9808211468183533], "k_pid_yaw": [0.5, 1e-06, 0.1], "k_pid_hsp": [0.09847755819799779, 0.011264223901387349, 0.0], "k_pid_vsp": [305.67975269326223, 130.53254854158118, 10.0]}, "datetime": {"datetime": "2025-08-13 23:06:12", "elapsed": 47900.201659202576, "delta": 18.31948184967041}, "costs": {"total_cost": 189.46345198530236, "time_cost": 69.83200000000001, "final_distance_cost": 1.791990717535902, "oscillation_cost": 30.79754371326773, "completition_cost": 0.0, "overshoot_cost": 51.26964802963567, "power_cost": 17.89087830810547, "noise_cost": 17.881391216757578, "n_waypoints_completed": 9, "tot_waypoints": 9}}
{"target": -198.79751527849035, "params": {"k_pid_pos": [1.733835489643198, 0.024859491386256316, 0.9451257094832697], "k_pid_alt": [1.5786606064986153, 0.4149186621504757, 0.23086984934879706], "k_pid_att": [11.329609997636037, 3.4126860594551975, 0.261380462049589], "k_pid_yaw": [0.5, 1e-06, 0.1], "k_pid_hsp": [0.17225665165883555, 0.011264223901387349, 0.0], "k_pid_vsp": [205.46647479918613, 130.53254854158118, 10.0]}, "datetime": {"datetime": "2025-08-13 23:06:32", "elapsed": 47920.37766909599, "delta": 20.17600989341736}, "costs": {"total_cost": 198.79751527849035, "time_cost": 75.761, "final_distance_cost": 1.7686757834404443, "oscillation_cost": 29.532576746241137, "completition_cost": 0.0, "overshoot_cost": 51.38184231602561, "power_cost": 20.505089697265625, "noise_cost": 19.848330735517557, "n_waypoints_completed": 9, "tot_waypoints": 9}}
