{"target": -1240.1675425498775, "params": {"k_pid_pos": [0.0161062901931745, 0.024859491386256316, 0.704167472379422], "k_pid_alt": [1.877939637767743, 0.0, 0.6600607021214705], "k_pid_att": [39.447728079683905, 3.8677381495188174, 0.6559199499296157], "k_pid_yaw": [0.5, 1e-06, 0.1], "k_pid_hsp": [0.09847755819799779, 0.011264223901387349, 0.0], "k_pid_vsp": [251.5004449007475, 163.84421639189063, 10.0]}, "datetime": {"datetime": "2025-08-13 18:31:33", "elapsed": 31421.12420129776, "delta": 29.056265592575073}, "costs": {"total_cost": 1240.1675425498775, "time_cost": 150, "final_distance_cost": 55.38089412870524, "oscillation_cost": 2.866498747576875, "completition_cost": 888.8888888888888, "overshoot_cost": 91.63188283677401, "power_cost": 26.21514716796875, "noise_cost": 25.184230779963784, "n_waypoints_completed": 1, "tot_waypoints": 9}}
{"target": -188.35350464170872, "params": {"k_pid_pos": [1.8922997940790476, 0.024859491386256316, 0.9451257094832697], "k_pid_alt": [1.4458679973838424, 0.0, 0.3146878632891922], "k_pid_att": [43.948176657889235, 3.8677381495188174, 0.6559199499296157], "k_pid_yaw": [0.5, 1e-06, 0.1], "k_pid_hsp": [0.09847755819799779, 0.011264223901387349, 0.0], "k_pid_vsp": [251.5004449007475, 163.84421639189063, 10.0]}, "datetime": {"datetime": "2025-08-13 18:31:50", "elapsed": 31438.10843396187, "delta": 16.984232664108276}, "costs": {"total_cost": 188.35350464170872, "time_cost": 69.944, "final_distance_cost": 1.819522486896669, "oscillation_cost": 28.715932048488277, "completition_cost": 0.0, "overshoot_cost": 50.7776031124454, "power_cost": 18.166764636230468, "noise_cost": 18.929682357647916, "n_waypoints_completed": 9, "tot_waypoints": 9}}
{"target": -192.70691088216518, "params": {"k_pid_pos": [1.9475525933111357, 0.024859491386256316, 0.8519347702918288], "k_pid_alt": [1.4458679973838424, 0.0, 0.6600607021214705], "k_pid_att": [5.660560806625048, 3.8677381495188174, 0.6559199499296157], "k_pid_yaw": [0.5, 1e-06, 0.1], "k_pid_hsp": [0.09847755819799779, 0.011264223901387349, 0.0], "k_pid_vsp": [251.5004449007475, 59.083466427248936, 10.0]}, "datetime": {"datetime": "2025-08-13 18:32:06", "elapsed": 31454.62367773056, "delta": 16.515243768692017}, "costs": {"total_cost": 192.70691088216518, "time_cost": 70.987, "final_distance_cost": 1.8095355094952335, "oscillation_cost": 31.435670922663, "completition_cost": 0.0, "overshoot_cost": 51.2072106083115, "power_cost": 18.508969091796875, "noise_cost": 18.758524749898584, "n_waypoints_completed": 9, "tot_waypoints": 9}}
{"target": -2099.986498427935, "params": {"k_pid_pos": [1.6203022768980826, 0.06681891267873763, 0.5374545101912236], "k_pid_alt": [1.8467889235776584, 0.0, 0.9128610184476774], "k_pid_att": [81.50781704084231, 5.859554809351448, 0.7742097595242466], "k_pid_yaw": [0.5, 1e-06, 0.1], "k_pid_hsp": [0.09847755819799779, 0.011264223901387349, 0.9726126856785379], "k_pid_vsp": [251.5004449007475, 178.623871307833, 10.0]}, "datetime": {"datetime": "2025-08-13 18:32:35", "elapsed": 31483.7027258873, "delta": 29.07904815673828}, "costs": {"total_cost": 2099.986498427935, "time_cost": 150, "final_distance_cost": 57.05846453097915, "oscillation_cost": 828.4868764150079, "completition_cost": 888.8888888888888, "overshoot_cost": 115.750583962225, "power_cost": 30.825561987304688, "noise_cost": 28.976122643529308, "n_waypoints_completed": 1, "tot_waypoints": 9}}
{"target": -1766.6811466485003, "params": {"k_pid_pos": [1.733835489643198, 0.024859491386256316, 0.704167472379422], "k_pid_alt": [1.477768752937916, 0.0, 0.6600607021214705], "k_pid_att": [39.447728079683905, 2.6889016979653872, 0.6559199499296157], "k_pid_yaw": [0.5, 1e-06, 0.1], "k_pid_hsp": [0.09847755819799779, 0.011264223901387349, 0.6429271916942968], "k_pid_vsp": [264.9966777379314, 204.84203769155826, 10.0]}, "datetime": {"datetime": "2025-08-13 18:33:04", "elapsed": 31512.56653046608, "delta": 28.863804578781128}, "costs": {"total_cost": 1766.6811466485003, "time_cost": 150, "final_distance_cost": 86.88905234284692, "oscillation_cost": 734.4113355173673, "completition_cost": 666.6666666666667, "overshoot_cost": 58.09103092336928, "power_cost": 39.19871564941406, "noise_cost": 31.42434554883612, "n_waypoints_completed": 3, "tot_waypoints": 9}}
{"target": -184.4187465620215, "params": {"k_pid_pos": [1.4340672435785011, 0.024859491386256316, 0.704167472379422], "k_pid_alt": [1.4458679973838424, 0.0, 0.3146878632891922], "k_pid_att": [35.543488255586034, 0.18205753750414305, 0.73590781336997], "k_pid_yaw": [0.5, 1e-06, 0.1], "k_pid_hsp": [0.09847755819799779, 0.011264223901387349, 0.0], "k_pid_vsp": [251.5004449007475, 93.09285943774285, 10.0]}, "datetime": {"datetime": "2025-08-13 18:33:22", "elapsed": 31530.36290884018, "delta": 17.79637837409973}, "costs": {"total_cost": 184.4187465620215, "time_cost": 70.287, "final_distance_cost": 1.8337555554463945, "oscillation_cost": 27.64129500154564, "completition_cost": 0.0, "overshoot_cost": 50.55687563044989, "power_cost": 15.80160535888672, "noise_cost": 18.29821501569289, "n_waypoints_completed": 9, "tot_waypoints": 9}}
{"target": -198.85047550014207, "params": {"k_pid_pos": [1.733835489643198, 0.15059658371056506, 0.5553847934559067], "k_pid_alt": [1.477768752937916, 0.0, 0.6600607021214705], "k_pid_att": [39.447728079683905, 9.862826079085128, 0.6559199499296157], "k_pid_yaw": [0.5, 1e-06, 0.1], "k_pid_hsp": [0.09847755819799779, 0.011264223901387349, 0.0], "k_pid_vsp": [78.76564955932119, 93.09285943774285, 10.0]}, "datetime": {"datetime": "2025-08-13 18:33:40", "elapsed": 31548.302304029465, "delta": 17.93939518928528}, "costs": {"total_cost": 198.85047550014207, "time_cost": 73.248, "final_distance_cost": 1.795116810105893, "oscillation_cost": 30.44129760837461, "completition_cost": 0.0, "overshoot_cost": 51.33990940682804, "power_cost": 21.33701285400391, "noise_cost": 20.68913882082959, "n_waypoints_completed": 9, "tot_waypoints": 9}}
{"target": -185.9638688223649, "params": {"k_pid_pos": [1.733835489643198, 0.024859491386256316, 0.9451257094832697], "k_pid_alt": [1.4458679973838424, 0.0, 0.3146878632891922], "k_pid_att": [29.46763110571006, 5.67849514865483, 0.6559199499296157], "k_pid_yaw": [0.5, 1e-06, 0.1], "k_pid_hsp": [0.09847755819799779, 0.011264223901387349, 0.0], "k_pid_vsp": [251.5004449007475, 59.083466427248936, 10.0]}, "datetime": {"datetime": "2025-08-13 18:33:57", "elapsed": 31565.66358947754, "delta": 17.36128544807434}, "costs": {"total_cost": 185.9638688223649, "time_cost": 70.322, "final_distance_cost": 1.8359178729421075, "oscillation_cost": 28.247243356470904, "completition_cost": 0.0, "overshoot_cost": 51.009232363804905, "power_cost": 16.923592980957032, "noise_cost": 17.625882248189946, "n_waypoints_completed": 9, "tot_waypoints": 9}}
{"target": -1071.2258844501494, "params": {"k_pid_pos": [1.0303987325070019, 0.024859491386256316, 0.704167472379422], "k_pid_alt": [1.477768752937916, 0.0, 0.02574460601302908], "k_pid_att": [39.447728079683905, 2.6889016979653872, 0.6559199499296157], "k_pid_yaw": [0.5, 1e-06, 0.1], "k_pid_hsp": [0.09847755819799779, 0.011264223901387349, 0.158932382533298], "k_pid_vsp": [55.290544575302604, 178.623871307833, 23.947179864182857]}, "datetime": {"datetime": "2025-08-13 18:34:27", "elapsed": 31595.090975761414, "delta": 29.42738628387451}, "costs": {"total_cost": 1071.2258844501494, "time_cost": 150, "final_distance_cost": 60.19706457816812, "oscillation_cost": 608.1808570488381, "completition_cost": 111.11111111111116, "overshoot_cost": 74.62946689024048, "power_cost": 37.19125725097656, "noise_cost": 29.916127570814925, "n_waypoints_completed": 8, "tot_waypoints": 9}}
{"target": -184.9568397823243, "params": {"k_pid_pos": [1.4340672435785011, 0.024859491386256316, 0.8544707697037623], "k_pid_alt": [1.4458679973838424, 0.0, 0.6600607021214705], "k_pid_att": [39.447728079683905, 0.18205753750414305, 0.6718005340770477], "k_pid_yaw": [0.5, 1e-06, 0.1], "k_pid_hsp": [0.09847755819799779, 0.011264223901387349, 0.0], "k_pid_vsp": [33.09370770872002, 93.09285943774285, 10.0]}, "datetime": {"datetime": "2025-08-13 18:34:43", "elapsed": 31612.071358203888, "delta": 16.980382442474365}, "costs": {"total_cost": 184.9568397823243, "time_cost": 71.32300000000001, "final_distance_cost": 1.840948118254522, "oscillation_cost": 27.462737410935247, "completition_cost": 0.0, "overshoot_cost": 50.47743526336778, "power_cost": 15.926630505371094, "noise_cost": 17.92608848439564, "n_waypoints_completed": 9, "tot_waypoints": 9}}
{"target": -197.5312002111947, "params": {"k_pid_pos": [1.4340672435785011, 0.024859491386256316, 0.8519347702918288], "k_pid_alt": [1.477768752937916, 0.0, 0.23665804942399393], "k_pid_att": [39.447728079683905, 1.2832267695489696, 0.0607414183622893], "k_pid_yaw": [0.5, 1e-06, 0.1], "k_pid_hsp": [0.09847755819799779, 0.011264223901387349, 0.0], "k_pid_vsp": [264.9966777379314, 204.84203769155826, 10.0]}, "datetime": {"datetime": "2025-08-13 18:35:01", "elapsed": 31629.798128843307, "delta": 17.726770639419556}, "costs": {"total_cost": 197.5312002111947, "time_cost": 71.806, "final_distance_cost": 1.8406937133380328, "oscillation_cost": 27.41896729193393, "completition_cost": 0.0, "overshoot_cost": 51.913526397204926, "power_cost": 22.815250036621094, "noise_cost": 21.736762772096707, "n_waypoints_completed": 9, "tot_waypoints": 9}}
{"target": -1011.4418893555057, "params": {"k_pid_pos": [1.0303987325070019, 0.024859491386256316, 0.5374545101912236], "k_pid_alt": [1.8467889235776584, 0.0, 0.6853371560380503], "k_pid_att": [81.50781704084231, 5.824334032821091, 0.7742097595242466], "k_pid_yaw": [0.5, 1e-06, 0.1], "k_pid_hsp": [0.09847755819799779, 0.8491439406138563, 0.33433135258726887], "k_pid_vsp": [251.5004449007475, 93.09285943774285, 10.0]}, "datetime": {"datetime": "2025-08-13 18:35:30", "elapsed": 31658.794934034348, "delta": 28.99680519104004}, "costs": {"total_cost": 1011.4418893555057, "time_cost": 150, "final_distance_cost": 67.01047010237653, "oscillation_cost": 526.0360887608579, "completition_cost": 111.11111111111116, "overshoot_cost": 93.71148001649308, "power_cost": 33.740443103027346, "noise_cost": 29.83229626163969, "n_waypoints_completed": 8, "tot_waypoints": 9}}
{"target": -188.61622323133219, "params": {"k_pid_pos": [1.6203022768980826, 0.06681891267873763, 0.9451257094832697], "k_pid_alt": [1.4458679973838424, 0.0, 0.3146878632891922], "k_pid_att": [29.46763110571006, 3.8677381495188174, 0.6559199499296157], "k_pid_yaw": [0.5, 1e-06, 0.1], "k_pid_hsp": [0.09847755819799779, 0.011264223901387349, 0.0], "k_pid_vsp": [251.5004449007475, 59.083466427248936, 10.0]}, "datetime": {"datetime": "2025-08-13 18:35:48", "elapsed": 31676.181337833405, "delta": 17.386403799057007}, "costs": {"total_cost": 188.61622323133219, "time_cost": 70.861, "final_distance_cost": 1.8257780845400038, "oscillation_cost": 27.28170554308969, "completition_cost": 0.0, "overshoot_cost": 51.098532128640116, "power_cost": 18.86155401611328, "noise_cost": 18.687653458949097, "n_waypoints_completed": 9, "tot_waypoints": 9}}
{"target": -192.81871067225643, "params": {"k_pid_pos": [1.0303987325070019, 0.024859491386256316, 0.704167472379422], "k_pid_alt": [1.4458679973838424, 0.0, 0.3146878632891922], "k_pid_att": [43.948176657889235, 0.18205753750414305, 0.73590781336997], "k_pid_yaw": [0.5, 1e-06, 0.1], "k_pid_hsp": [0.09847755819799779, 0.011264223901387349, 0.0], "k_pid_vsp": [251.5004449007475, 93.09285943774285, 10.0]}, "datetime": {"datetime": "2025-08-13 18:36:05", "elapsed": 31693.382796525955, "delta": 17.20145869255066}, "costs": {"total_cost": 192.81871067225643, "time_cost": 73.024, "final_distance_cost": 1.852007282557186, "oscillation_cost": 25.495838001981127, "completition_cost": 0.0, "overshoot_cost": 51.36358749403954, "power_cost": 20.430220166015626, "noise_cost": 20.653057727662926, "n_waypoints_completed": 9, "tot_waypoints": 9}}
{"target": -191.45423150401066, "params": {"k_pid_pos": [1.0303987325070019, 0.024859491386256316, 0.704167472379422], "k_pid_alt": [1.4458679973838424, 0.0, 0.3146878632891922], "k_pid_att": [43.948176657889235, 0.18205753750414305, 0.73590781336997], "k_pid_yaw": [0.5, 1e-06, 0.1], "k_pid_hsp": [0.09847755819799779, 0.011264223901387349, 0.0], "k_pid_vsp": [251.5004449007475, 93.09285943774285, 10.0]}, "datetime": {"datetime": "2025-08-13 18:36:23", "elapsed": 31711.429723978043, "delta": 18.046927452087402}, "costs": {"total_cost": 191.45423150401066, "time_cost": 72.94, "final_distance_cost": 1.8444756423063438, "oscillation_cost": 25.358513409241326, "completition_cost": 0.0, "overshoot_cost": 51.42144799710985, "power_cost": 19.828512451171875, "noise_cost": 20.061282004181272, "n_waypoints_completed": 9, "tot_waypoints": 9}}
{"target": -223.89169603648855, "params": {"k_pid_pos": [1.733835489643198, 0.024859491386256316, 0.704167472379422], "k_pid_alt": [1.477768752937916, 0.7984273847917338, 0.6600607021214705], "k_pid_att": [39.447728079683905, 2.6889016979653872, 0.31810659681476605], "k_pid_yaw": [0.5, 1e-06, 0.1], "k_pid_hsp": [0.09847755819799779, 0.011264223901387349, 0.0], "k_pid_vsp": [251.5004449007475, 178.623871307833, 10.0]}, "datetime": {"datetime": "2025-08-13 18:36:43", "elapsed": 31731.462546110153, "delta": 20.032822132110596}, "costs": {"total_cost": 223.89169603648855, "time_cost": 83.678, "final_distance_cost": 1.7642075582935153, "oscillation_cost": 31.43022639675719, "completition_cost": 0.0, "overshoot_cost": 55.66650102671729, "power_cost": 26.99493056640625, "noise_cost": 24.3578304883143, "n_waypoints_completed": 9, "tot_waypoints": 9}}
{"target": -194.37470747891726, "params": {"k_pid_pos": [1.733835489643198, 0.024859491386256316, 0.704167472379422], "k_pid_alt": [0.9311547609957027, 0.0, 0.292395508677496], "k_pid_att": [39.447728079683905, 2.6889016979653872, 0.6559199499296157], "k_pid_yaw": [0.5, 1e-06, 0.1], "k_pid_hsp": [0.09847755819799779, 0.011264223901387349, 0.0], "k_pid_vsp": [251.5004449007475, 178.623871307833, 10.0]}, "datetime": {"datetime": "2025-08-13 18:37:00", "elapsed": 31748.942319869995, "delta": 17.47977375984192}, "costs": {"total_cost": 194.37470747891726, "time_cost": 72.093, "final_distance_cost": 1.8344070027176282, "oscillation_cost": 29.019066832881908, "completition_cost": 0.0, "overshoot_cost": 51.231112361976024, "power_cost": 20.445217773437502, "noise_cost": 19.75190350790422, "n_waypoints_completed": 9, "tot_waypoints": 9}}
{"target": -192.40009075111072, "params": {"k_pid_pos": [1.4340672435785011, 0.024859491386256316, 0.8519347702918288], "k_pid_alt": [1.477768752937916, 0.0, 0.5352314762690444], "k_pid_att": [39.447728079683905, 1.2832267695489696, 0.6559199499296157], "k_pid_yaw": [0.5, 1e-06, 0.1], "k_pid_hsp": [0.09847755819799779, 0.011264223901387349, 0.0], "k_pid_vsp": [264.9966777379314, 94.28610281764664, 10.0]}, "datetime": {"datetime": "2025-08-13 18:37:18", "elapsed": 31766.43569302559, "delta": 17.493373155593872}, "costs": {"total_cost": 192.40009075111072, "time_cost": 71.491, "final_distance_cost": 1.8410797141434123, "oscillation_cost": 27.100580760166743, "completition_cost": 0.0, "overshoot_cost": 51.49562872549218, "power_cost": 20.262041552734377, "noise_cost": 20.209759998573986, "n_waypoints_completed": 9, "tot_waypoints": 9}}
{"target": -185.13039799457505, "params": {"k_pid_pos": [1.6203022768980826, 0.06681891267873763, 0.5374545101912236], "k_pid_alt": [1.8467889235776584, 0.0, 0.9128610184476774], "k_pid_att": [81.50781704084231, 5.859554809351448, 0.7742097595242466], "k_pid_yaw": [0.5, 1e-06, 0.1], "k_pid_hsp": [0.09847755819799779, 0.011264223901387349, 0.0], "k_pid_vsp": [264.9966777379314, 204.84203769155826, 13.269141705997619]}, "datetime": {"datetime": "2025-08-13 18:37:35", "elapsed": 31783.39876317978, "delta": 16.963070154190063}, "costs": {"total_cost": 185.13039799457505, "time_cost": 70.44800000000001, "final_distance_cost": 1.805517193597288, "oscillation_cost": 32.501474390624495, "completition_cost": 0.0, "overshoot_cost": 50.891626174005935, "power_cost": 13.110171142578126, "noise_cost": 16.37360909376919, "n_waypoints_completed": 9, "tot_waypoints": 9}}
{"target": -190.15154350626995, "params": {"k_pid_pos": [1.4340672435785011, 0.024859491386256316, 0.5374545101912236], "k_pid_alt": [1.8467889235776584, 0.0, 0.9128610184476774], "k_pid_att": [28.281900831094653, 5.859554809351448, 0.7742097595242466], "k_pid_yaw": [0.5, 1e-06, 0.1], "k_pid_hsp": [0.09847755819799779, 0.011264223901387349, 0.0], "k_pid_vsp": [29.726899196260923, 362.15748629354863, 10.0]}, "datetime": {"datetime": "2025-08-13 18:37:52", "elapsed": 31800.318680524826, "delta": 16.919917345046997}, "costs": {"total_cost": 190.15154350626995, "time_cost": 70.525, "final_distance_cost": 1.8105011236000248, "oscillation_cost": 31.96207730393241, "completition_cost": 0.0, "overshoot_cost": 50.27245170529344, "power_cost": 17.65897625732422, "noise_cost": 17.922537116119845, "n_waypoints_completed": 9, "tot_waypoints": 9}}
{"target": -922.7495740968816, "params": {"k_pid_pos": [1.6203022768980826, 0.8175948644785515, 0.8519347702918288], "k_pid_alt": [1.477768752937916, 0.0, 0.6600607021214705], "k_pid_att": [39.447728079683905, 1.2832267695489696, 0.6559199499296157], "k_pid_yaw": [0.5, 1e-06, 0.1], "k_pid_hsp": [0.09847755819799779, 0.7779309970918005, 0.0], "k_pid_vsp": [68.87684793552155, 204.84203769155826, 10.0]}, "datetime": {"datetime": "2025-08-13 18:38:21", "elapsed": 31829.790900707245, "delta": 29.472220182418823}, "costs": {"total_cost": 922.7495740968816, "time_cost": 150, "final_distance_cost": 54.81164002982164, "oscillation_cost": 128.98180862787987, "completition_cost": 444.4444444444444, "overshoot_cost": 82.28097013235056, "power_cost": 28.105846508789064, "noise_cost": 34.124864353595996, "n_waypoints_completed": 5, "tot_waypoints": 9}}
{"target": -991.0972799617929, "params": {"k_pid_pos": [1.4340672435785011, 0.024859491386256316, 0.704167472379422], "k_pid_alt": [0.08287277088409217, 0.0, 0.3146878632891922], "k_pid_att": [43.948176657889235, 0.18205753750414305, 0.9242347693904343], "k_pid_yaw": [0.5, 1e-06, 0.1], "k_pid_hsp": [0.09847755819799779, 0.011264223901387349, 0.0], "k_pid_vsp": [251.5004449007475, 93.09285943774285, 10.0]}, "datetime": {"datetime": "2025-08-13 18:38:57", "elapsed": 31865.147593021393, "delta": 35.35669231414795}, "costs": {"total_cost": 991.0972799617929, "time_cost": 150, "final_distance_cost": 56.73342549327335, "oscillation_cost": 12.10676555042261, "completition_cost": 666.6666666666667, "overshoot_cost": 52.48784325965929, "power_cost": 26.61127722167969, "noise_cost": 26.491301770091187, "n_waypoints_completed": 3, "tot_waypoints": 9}}
{"target": -185.36736935932942, "params": {"k_pid_pos": [1.4340672435785011, 0.024859491386256316, 0.8544707697037623], "k_pid_alt": [1.4458679973838424, 0.0, 0.6600607021214705], "k_pid_att": [39.447728079683905, 0.18205753750414305, 0.73590781336997], "k_pid_yaw": [0.5, 1e-06, 0.1], "k_pid_hsp": [0.09847755819799779, 0.011264223901387349, 0.0], "k_pid_vsp": [33.09370770872002, 93.09285943774285, 10.0]}, "datetime": {"datetime": "2025-08-13 18:39:16", "elapsed": 31884.415690422058, "delta": 19.268097400665283}, "costs": {"total_cost": 185.36736935932942, "time_cost": 71.337, "final_distance_cost": 1.8390780204261934, "oscillation_cost": 27.523013074063847, "completition_cost": 0.0, "overshoot_cost": 50.47374743589762, "power_cost": 16.371017663574218, "noise_cost": 17.82351316536754, "n_waypoints_completed": 9, "tot_waypoints": 9}}
{"target": -183.56609449066406, "params": {"k_pid_pos": [1.4340672435785011, 0.024859491386256316, 0.704167472379422], "k_pid_alt": [1.4458679973838424, 0.0, 0.3146878632891922], "k_pid_att": [35.543488255586034, 0.18205753750414305, 0.73590781336997], "k_pid_yaw": [0.5, 1e-06, 0.1], "k_pid_hsp": [0.09847755819799779, 0.011264223901387349, 0.0], "k_pid_vsp": [251.5004449007475, 93.09285943774285, 10.0]}, "datetime": {"datetime": "2025-08-13 18:39:33", "elapsed": 31901.648091077805, "delta": 17.23240065574646}, "costs": {"total_cost": 183.56609449066406, "time_cost": 70.273, "final_distance_cost": 1.8270565809129846, "oscillation_cost": 27.66740046100562, "completition_cost": 0.0, "overshoot_cost": 51.08963347094852, "power_cost": 15.200162011718751, "noise_cost": 17.508841966078204, "n_waypoints_completed": 9, "tot_waypoints": 9}}
{"target": -184.50398093316224, "params": {"k_pid_pos": [1.4340672435785011, 0.024859491386256316, 0.8519347702918288], "k_pid_alt": [1.477768752937916, 0.0, 0.6600607021214705], "k_pid_att": [39.447728079683905, 1.2832267695489696, 0.6559199499296157], "k_pid_yaw": [0.5, 1e-06, 0.1], "k_pid_hsp": [0.09847755819799779, 0.011264223901387349, 0.0], "k_pid_vsp": [264.9966777379314, 204.84203769155826, 10.0]}, "datetime": {"datetime": "2025-08-13 18:39:50", "elapsed": 31918.935376882553, "delta": 17.287285804748535}, "costs": {"total_cost": 184.50398093316224, "time_cost": 71.302, "final_distance_cost": 1.8455282781224334, "oscillation_cost": 27.286154593397924, "completition_cost": 0.0, "overshoot_cost": 50.574551818157914, "power_cost": 15.434936462402344, "noise_cost": 18.060809781081648, "n_waypoints_completed": 9, "tot_waypoints": 9}}
