{"target": -199.66643989444893, "params": {"k_pid_pos": [1.4340672435785011, 0.5303319676020144, 0.8092599635047751], "k_pid_alt": [1.7187705538853828, 0.0, 0.3146878632891922], "k_pid_att": [71.45838630927439, 8.523668343376618, 0.9456905697425194], "k_pid_yaw": [0.5, 1e-06, 0.1], "k_pid_hsp": [1.5859581202077546, 0.011264223901387349, 0.0], "k_pid_vsp": [277.2708477836043, 93.09285943774285, 10.0]}, "datetime": {"datetime": "2025-08-13 17:40:53", "elapsed": 28381.28914809227, "delta": 18.78265404701233}, "costs": {"total_cost": 199.66643989444893, "time_cost": 75.047, "final_distance_cost": 1.7887490436856395, "oscillation_cost": 33.38850828022822, "completition_cost": 0.0, "overshoot_cost": 51.39517444942814, "power_cost": 18.62978037109375, "noise_cost": 19.41722775001319, "n_waypoints_completed": 9, "tot_waypoints": 9}}
{"target": -209.53605637982076, "params": {"k_pid_pos": [1.4340672435785011, 0.024859491386256316, 0.8519347702918288], "k_pid_alt": [1.4458679973838424, 0.19798469353315307, 0.8315242830597276], "k_pid_att": [82.10715967326342, 3.8677381495188174, 0.6559199499296157], "k_pid_yaw": [0.5, 1e-06, 0.1], "k_pid_hsp": [0.09847755819799779, 0.011264223901387349, 0.0], "k_pid_vsp": [251.5004449007475, 93.09285943774285, 10.0]}, "datetime": {"datetime": "2025-08-13 17:41:13", "elapsed": 28401.97156906128, "delta": 20.6824209690094}, "costs": {"total_cost": 209.53605637982076, "time_cost": 82.22200000000001, "final_distance_cost": 1.7654622765809012, "oscillation_cost": 27.786349376434792, "completition_cost": 0.0, "overshoot_cost": 52.2215312534528, "power_cost": 23.172812707519533, "noise_cost": 22.367900765832687, "n_waypoints_completed": 9, "tot_waypoints": 9}}
{"target": -188.30933422112315, "params": {"k_pid_pos": [1.6203022768980826, 0.024859491386256316, 0.8519347702918288], "k_pid_alt": [1.3959173657108794, 0.0, 0.9128610184476774], "k_pid_att": [21.6711938663424, 0.18205753750414305, 0.34464953207076743], "k_pid_yaw": [0.5, 1e-06, 0.1], "k_pid_hsp": [0.09847755819799779, 0.011264223901387349, 0.0], "k_pid_vsp": [376.5747392387296, 93.09285943774285, 10.0]}, "datetime": {"datetime": "2025-08-13 17:41:31", "elapsed": 28419.87584424019, "delta": 17.9042751789093}, "costs": {"total_cost": 188.30933422112315, "time_cost": 72.429, "final_distance_cost": 1.8310273082886255, "oscillation_cost": 28.3044691896163, "completition_cost": 0.0, "overshoot_cost": 51.10993587512011, "power_cost": 16.60433306884766, "noise_cost": 18.030568779250434, "n_waypoints_completed": 9, "tot_waypoints": 9}}
{"target": -284.8013606232563, "params": {"k_pid_pos": [1.6203022768980826, 0.024859491386256316, 0.8519347702918288], "k_pid_alt": [1.4458679973838424, 0.0, 0.9659895333512928], "k_pid_att": [81.31192509329654, 8.683548648184065, 0.34464953207076743], "k_pid_yaw": [0.5, 1e-06, 0.1], "k_pid_hsp": [7.137108184502412, 0.011264223901387349, 0.0], "k_pid_vsp": [91.91679249959628, 313.0622943974321, 10.0]}, "datetime": {"datetime": "2025-08-13 17:41:49", "elapsed": 28437.269070148468, "delta": 17.39322590827942}, "costs": {"total_cost": 284.8013606232563, "time_cost": 73.416, "final_distance_cost": 1.8466528716641595, "oscillation_cost": 118.02884125104677, "completition_cost": 0.0, "overshoot_cost": 50.49614997731201, "power_cost": 20.496362072753907, "noise_cost": 20.517354450479417, "n_waypoints_completed": 9, "tot_waypoints": 9}}
{"target": -201.1342303100211, "params": {"k_pid_pos": [1.4340672435785011, 0.5303319676020144, 0.8092599635047751], "k_pid_alt": [1.7187705538853828, 0.8662610449795003, 0.3146878632891922], "k_pid_att": [71.45838630927439, 0.18205753750414305, 0.9456905697425194], "k_pid_yaw": [0.5, 1e-06, 0.1], "k_pid_hsp": [0.09847755819799779, 0.011264223901387349, 0.0], "k_pid_vsp": [277.2708477836043, 93.09285943774285, 10.0]}, "datetime": {"datetime": "2025-08-13 17:42:08", "elapsed": 28456.592777967453, "delta": 19.323707818984985}, "costs": {"total_cost": 201.1342303100211, "time_cost": 78.799, "final_distance_cost": 1.7420712303322254, "oscillation_cost": 30.862529784655425, "completition_cost": 0.0, "overshoot_cost": 53.4896933288351, "power_cost": 16.792815502929688, "noise_cost": 19.44812046326864, "n_waypoints_completed": 9, "tot_waypoints": 9}}
{"target": -191.8933878385551, "params": {"k_pid_pos": [1.6203022768980826, 0.024859491386256316, 0.8519347702918288], "k_pid_alt": [1.7877463665719298, 0.0, 0.3123089974307902], "k_pid_att": [43.948176657889235, 0.18205753750414305, 0.34464953207076743], "k_pid_yaw": [0.5, 1e-06, 0.1], "k_pid_hsp": [3.061197731635527, 0.011264223901387349, 0.0], "k_pid_vsp": [277.2708477836043, 93.09285943774285, 10.0]}, "datetime": {"datetime": "2025-08-13 17:42:25", "elapsed": 28473.8445956707, "delta": 17.25181770324707}, "costs": {"total_cost": 191.8933878385551, "time_cost": 70.077, "final_distance_cost": 1.8480099648464294, "oscillation_cost": 37.30849303940625, "completition_cost": 0.0, "overshoot_cost": 50.25444292588516, "power_cost": 13.881077404785158, "noise_cost": 18.524364503632146, "n_waypoints_completed": 9, "tot_waypoints": 9}}
{"target": -207.67680718621594, "params": {"k_pid_pos": [1.7041340386651447, 0.024859491386256316, 0.8519347702918288], "k_pid_alt": [1.4458679973838424, 0.0, 0.9659895333512928], "k_pid_att": [43.948176657889235, 8.683548648184065, 0.34464953207076743], "k_pid_yaw": [0.5, 1e-06, 0.1], "k_pid_hsp": [0.09847755819799779, 0.011264223901387349, 0.0], "k_pid_vsp": [376.5747392387296, 93.02116563978787, 10.0]}, "datetime": {"datetime": "2025-08-13 17:42:42", "elapsed": 28490.898922920227, "delta": 17.054327249526978}, "costs": {"total_cost": 207.67680718621594, "time_cost": 73.955, "final_distance_cost": 1.8359521098205658, "oscillation_cost": 29.451469689812363, "completition_cost": 0.0, "overshoot_cost": 51.93038429085854, "power_cost": 27.39841229248047, "noise_cost": 23.105588803244018, "n_waypoints_completed": 9, "tot_waypoints": 9}}
{"target": -181.5939706186854, "params": {"k_pid_pos": [1.4340672435785011, 0.024859491386256316, 0.8519347702918288], "k_pid_alt": [1.4458679973838424, 0.0, 0.6600607021214705], "k_pid_att": [39.447728079683905, 3.8677381495188174, 0.8000710073097888], "k_pid_yaw": [0.5, 1e-06, 0.1], "k_pid_hsp": [0.09847755819799779, 0.011264223901387349, 0.0], "k_pid_vsp": [251.5004449007475, 93.09285943774285, 10.0]}, "datetime": {"datetime": "2025-08-13 17:43:00", "elapsed": 28508.269156455994, "delta": 17.3702335357666}, "costs": {"total_cost": 181.5939706186854, "time_cost": 71.498, "final_distance_cost": 1.841199456046545, "oscillation_cost": 27.414113600067342, "completition_cost": 0.0, "overshoot_cost": 50.735046844223284, "power_cost": 11.653688098144531, "noise_cost": 18.451922620203703, "n_waypoints_completed": 9, "tot_waypoints": 9}}
{"target": -190.86430048997138, "params": {"k_pid_pos": [1.720684182649488, 0.024859491386256316, 0.8519347702918288], "k_pid_alt": [1.477768752937916, 0.0, 0.6600607021214705], "k_pid_att": [15.413746305369102, 3.8677381495188174, 0.6559199499296157], "k_pid_yaw": [0.5, 1e-06, 0.1], "k_pid_hsp": [0.09847755819799779, 0.011264223901387349, 0.0], "k_pid_vsp": [251.5004449007475, 93.09285943774285, 10.0]}, "datetime": {"datetime": "2025-08-13 17:43:17", "elapsed": 28525.50558924675, "delta": 17.236432790756226}, "costs": {"total_cost": 190.86430048997138, "time_cost": 70.959, "final_distance_cost": 1.8371847322921344, "oscillation_cost": 28.77710437640832, "completition_cost": 0.0, "overshoot_cost": 51.05437260171353, "power_cost": 19.2543291015625, "noise_cost": 18.982309677994927, "n_waypoints_completed": 9, "tot_waypoints": 9}}
{"target": -224.19853287276024, "params": {"k_pid_pos": [1.6203022768980826, 0.4373103020731042, 0.8519347702918288], "k_pid_alt": [0.7472032643467716, 0.0, 0.8153512847683572], "k_pid_att": [43.948176657889235, 1.0313132591148066, 0.34464953207076743], "k_pid_yaw": [0.5, 1e-06, 0.1], "k_pid_hsp": [0.09847755819799779, 0.011264223901387349, 0.0], "k_pid_vsp": [376.5747392387296, 93.02116563978787, 10.0]}, "datetime": {"datetime": "2025-08-13 17:43:40", "elapsed": 28548.38242983818, "delta": 22.876840591430664}, "costs": {"total_cost": 224.19853287276024, "time_cost": 89.922, "final_distance_cost": 1.8584255803708192, "oscillation_cost": 30.94288228043042, "completition_cost": 0.0, "overshoot_cost": 53.176494878386514, "power_cost": 24.180910791015627, "noise_cost": 24.117819342556864, "n_waypoints_completed": 9, "tot_waypoints": 9}}
{"target": -198.31476145674208, "params": {"k_pid_pos": [1.6203022768980826, 0.22981412956968694, 0.8519347702918288], "k_pid_alt": [1.4458679973838424, 0.0, 0.3123089974307902], "k_pid_att": [43.948176657889235, 0.18205753750414305, 0.9947678187352218], "k_pid_yaw": [0.5, 1e-06, 0.1], "k_pid_hsp": [0.09847755819799779, 0.011264223901387349, 0.0], "k_pid_vsp": [251.5004449007475, 93.09285943774285, 10.0]}, "datetime": {"datetime": "2025-08-13 17:43:58", "elapsed": 28566.88215613365, "delta": 18.49972629547119}, "costs": {"total_cost": 198.31476145674208, "time_cost": 73.185, "final_distance_cost": 1.805707245566698, "oscillation_cost": 27.558388327951718, "completition_cost": 0.0, "overshoot_cost": 51.55798234010783, "power_cost": 22.8227236328125, "noise_cost": 21.384959910303305, "n_waypoints_completed": 9, "tot_waypoints": 9}}
{"target": -188.79633331557739, "params": {"k_pid_pos": [1.6203022768980826, 0.024859491386256316, 0.8519347702918288], "k_pid_alt": [1.6714132940641002, 0.0, 0.3146878632891922], "k_pid_att": [43.948176657889235, 5.824334032821091, 0.34464953207076743], "k_pid_yaw": [0.5, 1e-06, 0.1], "k_pid_hsp": [0.09847755819799779, 0.011264223901387349, 0.0], "k_pid_vsp": [376.5747392387296, 93.09285943774285, 10.0]}, "datetime": {"datetime": "2025-08-13 17:44:15", "elapsed": 28583.36861681938, "delta": 16.48646068572998}, "costs": {"total_cost": 188.79633331557739, "time_cost": 70.392, "final_distance_cost": 1.8331335173211496, "oscillation_cost": 27.83289896596715, "completition_cost": 0.0, "overshoot_cost": 51.72971630623336, "power_cost": 18.285664501953125, "noise_cost": 18.722920024102613, "n_waypoints_completed": 9, "tot_waypoints": 9}}
{"target": -1414.7013295296958, "params": {"k_pid_pos": [1.4340672435785011, 0.024859491386256316, 0.8519347702918288], "k_pid_alt": [1.4458679973838424, 0.0, 0.6600607021214705], "k_pid_att": [15.500686891893622, 3.8677381495188174, 0.6559199499296157], "k_pid_yaw": [0.5, 1e-06, 0.1], "k_pid_hsp": [0.09847755819799779, 0.011264223901387349, 0.4841663866400632], "k_pid_vsp": [376.5747392387296, 93.09285943774285, 10.0]}, "datetime": {"datetime": "2025-08-13 17:44:44", "elapsed": 28612.220052480698, "delta": 28.851435661315918}, "costs": {"total_cost": 1414.7013295296958, "time_cost": 150, "final_distance_cost": 58.0964925218651, "oscillation_cost": 396.799439015894, "completition_cost": 666.6666666666667, "overshoot_cost": 93.94543517904796, "power_cost": 21.701305395507813, "noise_cost": 27.49199075071411, "n_waypoints_completed": 3, "tot_waypoints": 9}}
{"target": -213.83311007282626, "params": {"k_pid_pos": [1.6203022768980826, 0.4373103020731042, 0.8519347702918288], "k_pid_alt": [0.7472032643467716, 0.0, 0.6600607021214705], "k_pid_att": [57.46444629894164, 7.1419263232097006, 0.6711777735375999], "k_pid_yaw": [0.5, 1e-06, 0.1], "k_pid_hsp": [0.09847755819799779, 0.011264223901387349, 0.0], "k_pid_vsp": [376.5747392387296, 369.48810340511164, 10.0]}, "datetime": {"datetime": "2025-08-13 17:45:05", "elapsed": 28633.890047311783, "delta": 21.669994831085205}, "costs": {"total_cost": 213.83311007282626, "time_cost": 88.046, "final_distance_cost": 1.8569798393617807, "oscillation_cost": 31.689481364295354, "completition_cost": 0.0, "overshoot_cost": 51.39305990110938, "power_cost": 17.8226271484375, "noise_cost": 23.024961819622227, "n_waypoints_completed": 9, "tot_waypoints": 9}}
{"target": -221.59498685216883, "params": {"k_pid_pos": [1.480900065772379, 0.5783881585159083, 0.8092599635047751], "k_pid_alt": [1.7187705538853828, 0.0, 0.8918388311136772], "k_pid_att": [43.948176657889235, 0.5699551813858681, 0.34464953207076743], "k_pid_yaw": [0.5, 1e-06, 0.1], "k_pid_hsp": [4.690042237190111, 0.011264223901387349, 0.0], "k_pid_vsp": [251.5004449007475, 93.09285943774285, 10.0]}, "datetime": {"datetime": "2025-08-13 17:45:24", "elapsed": 28652.62545323372, "delta": 18.735405921936035}, "costs": {"total_cost": 221.59498685216883, "time_cost": 75.768, "final_distance_cost": 1.8073952041209407, "oscillation_cost": 52.999895818141866, "completition_cost": 0.0, "overshoot_cost": 50.810630498618416, "power_cost": 20.17065196533203, "noise_cost": 20.038413365955574, "n_waypoints_completed": 9, "tot_waypoints": 9}}
{"target": -191.45269342569372, "params": {"k_pid_pos": [1.6203022768980826, 0.4373103020731042, 0.8519347702918288], "k_pid_alt": [0.7472032643467716, 0.0, 0.2915903713486512], "k_pid_att": [43.948176657889235, 0.18205753750414305, 0.34464953207076743], "k_pid_yaw": [0.5, 1e-06, 0.1], "k_pid_hsp": [0.09847755819799779, 0.011264223901387349, 0.0], "k_pid_vsp": [251.5004449007475, 93.09285943774285, 10.0]}, "datetime": {"datetime": "2025-08-13 17:45:43", "elapsed": 28671.455571889877, "delta": 18.830118656158447}, "costs": {"total_cost": 191.45269342569372, "time_cost": 77.868, "final_distance_cost": 1.8248232247381246, "oscillation_cost": 29.048166520759935, "completition_cost": 0.0, "overshoot_cost": 51.32559078465414, "power_cost": 12.191551049804689, "noise_cost": 19.194561845736835, "n_waypoints_completed": 9, "tot_waypoints": 9}}
{"target": -898.5777978436978, "params": {"k_pid_pos": [1.4340672435785011, 0.9992114520727612, 0.8519347702918288], "k_pid_alt": [1.4458679973838424, 0.0, 0.6600607021214705], "k_pid_att": [39.447728079683905, 3.8677381495188174, 0.6559199499296157], "k_pid_yaw": [0.5, 1e-06, 0.1], "k_pid_hsp": [0.09847755819799779, 0.011264223901387349, 0.0], "k_pid_vsp": [376.5747392387296, 93.09285943774285, 226.76703262623965]}, "datetime": {"datetime": "2025-08-13 17:46:13", "elapsed": 28701.78997182846, "delta": 30.334399938583374}, "costs": {"total_cost": 898.5777978436978, "time_cost": 150, "final_distance_cost": 44.08081857461809, "oscillation_cost": 24.07694800890802, "completition_cost": 555.5555555555555, "overshoot_cost": 67.88125243262799, "power_cost": 30.638602319335938, "noise_cost": 26.344620952652182, "n_waypoints_completed": 4, "tot_waypoints": 9}}
{"target": -184.29493291044167, "params": {"k_pid_pos": [1.733835489643198, 0.024859491386256316, 0.704167472379422], "k_pid_alt": [1.4458679973838424, 0.0, 0.3146878632891922], "k_pid_att": [43.948176657889235, 0.18205753750414305, 0.34464953207076743], "k_pid_yaw": [0.5, 1e-06, 0.1], "k_pid_hsp": [0.09847755819799779, 0.011264223901387349, 0.0], "k_pid_vsp": [376.5747392387296, 93.09285943774285, 20.226497411895423]}, "datetime": {"datetime": "2025-08-13 17:46:35", "elapsed": 28724.012976408005, "delta": 22.223004579544067}, "costs": {"total_cost": 184.29493291044167, "time_cost": 69.79, "final_distance_cost": 1.817281479295867, "oscillation_cost": 29.248556708119775, "completition_cost": 0.0, "overshoot_cost": 51.09347394497047, "power_cost": 16.305852282714845, "noise_cost": 16.0397684953407, "n_waypoints_completed": 9, "tot_waypoints": 9}}
{"target": -186.9017749835942, "params": {"k_pid_pos": [1.6203022768980826, 0.024859491386256316, 0.8519347702918288], "k_pid_alt": [1.3959173657108794, 0.0, 0.3146878632891922], "k_pid_att": [71.45838630927439, 0.18205753750414305, 0.5315175384971502], "k_pid_yaw": [0.5, 1e-06, 0.1], "k_pid_hsp": [0.09847755819799779, 0.011264223901387349, 0.0], "k_pid_vsp": [63.87935167311278, 93.09285943774285, 10.0]}, "datetime": {"datetime": "2025-08-13 17:46:55", "elapsed": 28743.095364570618, "delta": 19.082388162612915}, "costs": {"total_cost": 186.9017749835942, "time_cost": 70.182, "final_distance_cost": 1.8267899412202504, "oscillation_cost": 28.63927515388228, "completition_cost": 0.0, "overshoot_cost": 50.813053000440505, "power_cost": 16.120340551757813, "noise_cost": 19.32031633629335, "n_waypoints_completed": 9, "tot_waypoints": 9}}
{"target": -190.9708229641663, "params": {"k_pid_pos": [1.6203022768980826, 0.024859491386256316, 0.8519347702918288], "k_pid_alt": [0.8257095450628977, 0.0, 0.3123089974307902], "k_pid_att": [43.948176657889235, 0.18205753750414305, 0.34464953207076743], "k_pid_yaw": [0.5, 1e-06, 0.1], "k_pid_hsp": [0.09847755819799779, 0.011264223901387349, 0.0], "k_pid_vsp": [251.5004449007475, 93.09285943774285, 10.0]}, "datetime": {"datetime": "2025-08-13 17:47:12", "elapsed": 28760.685311555862, "delta": 17.58994698524475}, "costs": {"total_cost": 190.9708229641663, "time_cost": 73.36, "final_distance_cost": 1.8439939228965307, "oscillation_cost": 28.51397458597486, "completition_cost": 0.0, "overshoot_cost": 50.93319345562437, "power_cost": 17.620828332519533, "noise_cost": 18.698832667151, "n_waypoints_completed": 9, "tot_waypoints": 9}}
{"target": -185.03118380969698, "params": {"k_pid_pos": [1.4340672435785011, 0.024859491386256316, 0.8519347702918288], "k_pid_alt": [1.477768752937916, 0.0, 0.6600607021214705], "k_pid_att": [39.447728079683905, 1.2832267695489696, 0.6559199499296157], "k_pid_yaw": [0.5, 1e-06, 0.1], "k_pid_hsp": [0.09847755819799779, 0.011264223901387349, 0.0], "k_pid_vsp": [376.5747392387296, 93.02116563978787, 10.0]}, "datetime": {"datetime": "2025-08-13 17:47:29", "elapsed": 28777.893778562546, "delta": 17.20846700668335}, "costs": {"total_cost": 185.03118380969698, "time_cost": 71.54, "final_distance_cost": 1.82667223287629, "oscillation_cost": 27.378569173357782, "completition_cost": 0.0, "overshoot_cost": 51.17860954268284, "power_cost": 15.31493280029297, "noise_cost": 17.792400060487097, "n_waypoints_completed": 9, "tot_waypoints": 9}}
{"target": -194.03045908791663, "params": {"k_pid_pos": [1.9648629373893673, 0.024859491386256316, 0.8092599635047751], "k_pid_alt": [0.9507522332047484, 0.0, 0.6600607021214705], "k_pid_att": [39.447728079683905, 6.806811407577699, 0.6711777735375999], "k_pid_yaw": [0.5, 1e-06, 0.1], "k_pid_hsp": [0.09847755819799779, 0.011264223901387349, 0.0], "k_pid_vsp": [376.5747392387296, 369.48810340511164, 29.020453107259044]}, "datetime": {"datetime": "2025-08-13 17:47:47", "elapsed": 28795.646468639374, "delta": 17.752690076828003}, "costs": {"total_cost": 194.03045908791663, "time_cost": 73.836, "final_distance_cost": 1.8437265155513904, "oscillation_cost": 29.944704992330266, "completition_cost": 0.0, "overshoot_cost": 50.61494511515388, "power_cost": 19.49332371826172, "noise_cost": 18.29775874661934, "n_waypoints_completed": 9, "tot_waypoints": 9}}
{"target": -189.1200834803583, "params": {"k_pid_pos": [1.4340672435785011, 0.024859491386256316, 0.8519347702918288], "k_pid_alt": [1.4458679973838424, 0.0, 0.6600607021214705], "k_pid_att": [39.447728079683905, 3.8677381495188174, 0.8000710073097888], "k_pid_yaw": [0.5, 1e-06, 0.1], "k_pid_hsp": [0.09847755819799779, 0.011264223901387349, 0.0], "k_pid_vsp": [251.5004449007475, 93.09285943774285, 10.0]}, "datetime": {"datetime": "2025-08-13 17:48:04", "elapsed": 28812.448796749115, "delta": 16.80232810974121}, "costs": {"total_cost": 189.1200834803583, "time_cost": 71.58200000000001, "final_distance_cost": 1.8409363571000024, "oscillation_cost": 27.273064593432128, "completition_cost": 0.0, "overshoot_cost": 51.09169749334493, "power_cost": 18.640210913085937, "noise_cost": 18.692174123395276, "n_waypoints_completed": 9, "tot_waypoints": 9}}
{"target": -192.17097272300683, "params": {"k_pid_pos": [1.733835489643198, 0.024859491386256316, 0.704167472379422], "k_pid_alt": [1.4458679973838424, 0.0, 0.3146878632891922], "k_pid_att": [43.948176657889235, 0.18205753750414305, 0.34464953207076743], "k_pid_yaw": [0.5, 1e-06, 0.1], "k_pid_hsp": [0.09847755819799779, 0.011264223901387349, 0.0], "k_pid_vsp": [376.5747392387296, 93.09285943774285, 20.226497411895423]}, "datetime": {"datetime": "2025-08-13 17:48:22", "elapsed": 28830.675080299377, "delta": 18.22628355026245}, "costs": {"total_cost": 192.17097272300683, "time_cost": 70.595, "final_distance_cost": 1.8127204382614912, "oscillation_cost": 28.774114313829646, "completition_cost": 0.0, "overshoot_cost": 51.56563069945013, "power_cost": 19.801225549316406, "noise_cost": 19.62228172214915, "n_waypoints_completed": 9, "tot_waypoints": 9}}
{"target": -196.6923245491224, "params": {"k_pid_pos": [1.4340672435785011, 0.024859491386256316, 0.8519347702918288], "k_pid_alt": [1.4458679973838424, 0.5297830489215293, 0.6600607021214705], "k_pid_att": [39.447728079683905, 3.8677381495188174, 0.6559199499296157], "k_pid_yaw": [0.5, 1e-06, 0.1], "k_pid_hsp": [0.09847755819799779, 0.011264223901387349, 0.0], "k_pid_vsp": [128.61003815237223, 93.09285943774285, 10.0]}, "datetime": {"datetime": "2025-08-13 17:48:41", "elapsed": 28849.143055200577, "delta": 18.46797490119934}, "costs": {"total_cost": 196.6923245491224, "time_cost": 75.404, "final_distance_cost": 1.7889034218887574, "oscillation_cost": 28.000976597186632, "completition_cost": 0.0, "overshoot_cost": 51.44787951727126, "power_cost": 19.53246033935547, "noise_cost": 20.518104673420247, "n_waypoints_completed": 9, "tot_waypoints": 9}}
