{"target": -2129.716236660066, "params": {"k_pid_pos": [0.7267918313051335, 0.10799311464906103, 0.44963268842268056], "k_pid_alt": [1.3131013039922512, 0.0, 0.13294310327404035], "k_pid_att": [62.535814043466985, 3.8677381495188174, 0.3495979120577055], "k_pid_yaw": [0.5, 1e-06, 0.1], "k_pid_hsp": [0.09847755819799779, 0.011264223901387349, 0.6323117893213593], "k_pid_vsp": [194.7624155113164, 156.73508457218338, 10.0]}, "datetime": {"datetime": "2025-08-13 14:06:09", "elapsed": 15497.357068777084, "delta": 31.4080011844635}, "costs": {"total_cost": 2129.716236660066, "time_cost": 150, "final_distance_cost": 57.191538880754614, "oscillation_cost": 835.1374814553033, "completition_cost": 888.8888888888888, "overshoot_cost": 131.4374926524845, "power_cost": 36.65280632324219, "noise_cost": 30.408028459392565, "n_waypoints_completed": 1, "tot_waypoints": 9}}
{"target": -202.29653898997063, "params": {"k_pid_pos": [1.4999912498542303, 0.555082988480368, 0.855962508813682], "k_pid_alt": [1.2679502233621702, 0.02520494712616217, 0.7131227981836126], "k_pid_att": [22.453081793151608, 3.8677381495188174, 0.1845336041603497], "k_pid_yaw": [0.5, 1e-06, 0.1], "k_pid_hsp": [0.09847755819799779, 0.011264223901387349, 0.0], "k_pid_vsp": [277.2708477836043, 236.48000513664874, 10.0]}, "datetime": {"datetime": "2025-08-13 14:06:31", "elapsed": 15519.099257707596, "delta": 21.742188930511475}, "costs": {"total_cost": 202.29653898997063, "time_cost": 78.568, "final_distance_cost": 1.7563742749316453, "oscillation_cost": 29.63236764231324, "completition_cost": 0.0, "overshoot_cost": 52.247887893709475, "power_cost": 20.04442393798828, "noise_cost": 20.04748524102797, "n_waypoints_completed": 9, "tot_waypoints": 9}}
{"target": -186.91737544235193, "params": {"k_pid_pos": [1.4340672435785011, 0.024859491386256316, 0.8519347702918288], "k_pid_alt": [1.2679502233621702, 0.02520494712616217, 0.949345597264735], "k_pid_att": [39.909449977216326, 3.8677381495188174, 0.1845336041603497], "k_pid_yaw": [0.5, 1e-06, 0.1], "k_pid_hsp": [0.09847755819799779, 0.011264223901387349, 0.0], "k_pid_vsp": [277.2708477836043, 236.48000513664874, 10.0]}, "datetime": {"datetime": "2025-08-13 14:06:49", "elapsed": 15537.300523996353, "delta": 18.201266288757324}, "costs": {"total_cost": 186.91737544235193, "time_cost": 71.84100000000001, "final_distance_cost": 1.8403199256461098, "oscillation_cost": 28.232144482075224, "completition_cost": 0.0, "overshoot_cost": 51.09968757031245, "power_cost": 15.500417236328126, "noise_cost": 18.40380622799001, "n_waypoints_completed": 9, "tot_waypoints": 9}}
{"target": -214.38483683447322, "params": {"k_pid_pos": [1.9168537650125603, 0.10799311464906103, 0.855962508813682], "k_pid_alt": [0.8755676765702776, 0.07100251077038344, 0.3146878632891922], "k_pid_att": [43.948176657889235, 3.8677381495188174, 0.1845336041603497], "k_pid_yaw": [0.5, 1e-06, 0.1], "k_pid_hsp": [0.09847755819799779, 0.011264223901387349, 0.0], "k_pid_vsp": [277.2708477836043, 93.09285943774285, 10.0]}, "datetime": {"datetime": "2025-08-13 14:07:10", "elapsed": 15558.729626655579, "delta": 21.429102659225464}, "costs": {"total_cost": 214.38483683447322, "time_cost": 86.541, "final_distance_cost": 1.7826473186483962, "oscillation_cost": 33.77025071415959, "completition_cost": 0.0, "overshoot_cost": 52.502351181775396, "power_cost": 17.971191040039063, "noise_cost": 21.81739657985078, "n_waypoints_completed": 9, "tot_waypoints": 9}}
{"target": -198.80421391998465, "params": {"k_pid_pos": [1.4999912498542303, 0.11906128738229915, 0.44963268842268056], "k_pid_alt": [1.1424381546674114, 0.0, 0.3146878632891922], "k_pid_att": [43.948176657889235, 3.7802132718527557, 0.1845336041603497], "k_pid_yaw": [0.5, 1e-06, 0.1], "k_pid_hsp": [0.09847755819799779, 0.011264223901387349, 0.0], "k_pid_vsp": [279.31855783528204, 156.73508457218338, 10.0]}, "datetime": {"datetime": "2025-08-13 14:07:29", "elapsed": 15577.424287319183, "delta": 18.694660663604736}, "costs": {"total_cost": 198.80421391998465, "time_cost": 73.283, "final_distance_cost": 1.8179474778413316, "oscillation_cost": 29.895880047149966, "completition_cost": 0.0, "overshoot_cost": 51.173600245447126, "power_cost": 21.705138391113284, "noise_cost": 20.928647758432962, "n_waypoints_completed": 9, "tot_waypoints": 9}}
{"target": -421.9016775867264, "params": {"k_pid_pos": [1.4999912498542303, 0.11906128738229915, 0.44963268842268056], "k_pid_alt": [1.3131013039922512, 0.0, 0.13294310327404035], "k_pid_att": [43.948176657889235, 2.79325987156934, 0.1845336041603497], "k_pid_yaw": [0.5, 1e-06, 0.1], "k_pid_hsp": [9.311701112795195, 0.011264223901387349, 0.0], "k_pid_vsp": [277.2708477836043, 93.09285943774285, 10.0]}, "datetime": {"datetime": "2025-08-13 14:07:48", "elapsed": 15596.620994091034, "delta": 19.196706771850586}, "costs": {"total_cost": 421.9016775867264, "time_cost": 69.706, "final_distance_cost": 1.8361076419781839, "oscillation_cost": 264.6828022008598, "completition_cost": 0.0, "overshoot_cost": 50.33390469928557, "power_cost": 16.547150537109374, "noise_cost": 18.79571250749355, "n_waypoints_completed": 9, "tot_waypoints": 9}}
{"target": -186.88340107344732, "params": {"k_pid_pos": [1.4340672435785011, 0.024859491386256316, 0.8519347702918288], "k_pid_alt": [1.4458679973838424, 0.0, 0.3146878632891922], "k_pid_att": [43.948176657889235, 3.8677381495188174, 0.1845336041603497], "k_pid_yaw": [0.5, 1e-06, 0.1], "k_pid_hsp": [0.09847755819799779, 0.011264223901387349, 0.0], "k_pid_vsp": [277.2708477836043, 383.1463585968337, 10.0]}, "datetime": {"datetime": "2025-08-13 14:08:06", "elapsed": 15614.293501853943, "delta": 17.672507762908936}, "costs": {"total_cost": 186.88340107344732, "time_cost": 70.595, "final_distance_cost": 1.8274337390047048, "oscillation_cost": 28.107919461405874, "completition_cost": 0.0, "overshoot_cost": 50.46726018537954, "power_cost": 17.590859033203127, "noise_cost": 18.294928654454072, "n_waypoints_completed": 9, "tot_waypoints": 9}}
{"target": -274.20318724672825, "params": {"k_pid_pos": [1.4340672435785011, 0.8568915413857133, 0.44963268842268056], "k_pid_alt": [0.304482605777602, 0.0, 0.16072894317769304], "k_pid_att": [58.45879911684221, 5.497138352925422, 0.1845336041603497], "k_pid_yaw": [0.5, 1e-06, 0.1], "k_pid_hsp": [0.09847755819799779, 0.011264223901387349, 0.0], "k_pid_vsp": [194.7624155113164, 46.11423100434292, 10.0]}, "datetime": {"datetime": "2025-08-13 14:08:35", "elapsed": 15643.28576040268, "delta": 28.992258548736572}, "costs": {"total_cost": 274.20318724672825, "time_cost": 112.196, "final_distance_cost": 1.8430200148083091, "oscillation_cost": 47.85408594960253, "completition_cost": 0.0, "overshoot_cost": 57.127878780393566, "power_cost": 24.673369091796875, "noise_cost": 30.50883341012699, "n_waypoints_completed": 9, "tot_waypoints": 9}}
{"target": -232.4954878287176, "params": {"k_pid_pos": [1.4999912498542303, 0.11906128738229915, 0.31939348815736834], "k_pid_alt": [1.4458679973838424, 0.0, 0.3146878632891922], "k_pid_att": [24.0942673894178, 4.877992569761678, 0.1845336041603497], "k_pid_yaw": [0.5, 1e-06, 0.1], "k_pid_hsp": [8.461975807873474, 0.7301635020553603, 0.0], "k_pid_vsp": [279.31855783528204, 156.73508457218338, 10.0]}, "datetime": {"datetime": "2025-08-13 14:08:52", "elapsed": 15660.619788885117, "delta": 17.334028482437134}, "costs": {"total_cost": 232.4954878287176, "time_cost": 70.392, "final_distance_cost": 1.802703149475268, "oscillation_cost": 66.83985850434216, "completition_cost": 0.0, "overshoot_cost": 50.92273254884776, "power_cost": 21.76525625, "noise_cost": 20.772937376052386, "n_waypoints_completed": 9, "tot_waypoints": 9}}
{"target": -251.65988438500958, "params": {"k_pid_pos": [0.5692387081849184, 0.024859491386256316, 0.44963268842268056], "k_pid_alt": [1.3131013039922512, 0.0, 0.13294310327404035], "k_pid_att": [39.447728079683905, 3.8677381495188174, 0.3495979120577055], "k_pid_yaw": [0.5, 1e-06, 0.1], "k_pid_hsp": [5.897593413282173, 0.1804332312748227, 0.0], "k_pid_vsp": [194.7624155113164, 156.73508457218338, 10.0]}, "datetime": {"datetime": "2025-08-13 14:09:15", "elapsed": 15683.912647008896, "delta": 23.292858123779297}, "costs": {"total_cost": 251.65988438500958, "time_cost": 87.528, "final_distance_cost": 1.8586224252937322, "oscillation_cost": 54.17323213333927, "completition_cost": 0.0, "overshoot_cost": 52.6626450854807, "power_cost": 27.726947924804687, "noise_cost": 27.710436816091203, "n_waypoints_completed": 9, "tot_waypoints": 9}}
{"target": -244.69831490327348, "params": {"k_pid_pos": [1.0031316701085804, 0.024859491386256316, 0.44963268842268056], "k_pid_alt": [1.4458679973838424, 0.0, 0.16072894317769304], "k_pid_att": [60.39759467582875, 3.8677381495188174, 0.1845336041603497], "k_pid_yaw": [0.5, 1e-06, 0.1], "k_pid_hsp": [0.09847755819799779, 0.24468742025477586, 0.0], "k_pid_vsp": [294.66786775931484, 156.73508457218338, 10.0]}, "datetime": {"datetime": "2025-08-13 14:09:36", "elapsed": 15704.796068191528, "delta": 20.883421182632446}, "costs": {"total_cost": 244.69831490327348, "time_cost": 78.554, "final_distance_cost": 1.8478239334663298, "oscillation_cost": 77.95477046761152, "completition_cost": 0.0, "overshoot_cost": 52.450035074646365, "power_cost": 12.099533764648438, "noise_cost": 21.792151662900803, "n_waypoints_completed": 9, "tot_waypoints": 9}}
{"target": -203.18865659816547, "params": {"k_pid_pos": [1.4340672435785011, 0.024859491386256316, 0.44963268842268056], "k_pid_alt": [1.296896341175293, 0.3739270758514206, 0.3146878632891922], "k_pid_att": [74.0360908705424, 0.0889010446451618, 0.1845336041603497], "k_pid_yaw": [0.5, 1e-06, 0.1], "k_pid_hsp": [0.09847755819799779, 0.011264223901387349, 0.0], "k_pid_vsp": [277.2708477836043, 20.55210058569056, 10.0]}, "datetime": {"datetime": "2025-08-13 14:09:56", "elapsed": 15725.053114652634, "delta": 20.257046461105347}, "costs": {"total_cost": 203.18865659816547, "time_cost": 78.72200000000001, "final_distance_cost": 1.7683709412430897, "oscillation_cost": 33.96064765664194, "completition_cost": 0.0, "overshoot_cost": 52.89366821174774, "power_cost": 16.02413913574219, "noise_cost": 19.81983065279051, "n_waypoints_completed": 9, "tot_waypoints": 9}}
{"target": -1888.2489999140082, "params": {"k_pid_pos": [1.4340672435785011, 0.024859491386256316, 0.44963268842268056], "k_pid_alt": [1.296896341175293, 0.0, 0.13294310327404035], "k_pid_att": [43.948176657889235, 0.4496302287662606, 0.1845336041603497], "k_pid_yaw": [0.5, 1e-06, 0.1], "k_pid_hsp": [0.09847755819799779, 0.28674392475714716, 0.40365877029916764], "k_pid_vsp": [243.01671064833118, 93.09285943774285, 10.0]}, "datetime": {"datetime": "2025-08-13 14:10:28", "elapsed": 15756.439926862717, "delta": 31.386812210083008}, "costs": {"total_cost": 1888.2489999140082, "time_cost": 150, "final_distance_cost": 61.534100062626024, "oscillation_cost": 786.8005038491882, "completition_cost": 666.6666666666667, "overshoot_cost": 156.44110108783292, "power_cost": 36.22020422363281, "noise_cost": 30.58642402406155, "n_waypoints_completed": 3, "tot_waypoints": 9}}
{"target": -193.94016440518863, "params": {"k_pid_pos": [1.4999912498542303, 0.11906128738229915, 0.44963268842268056], "k_pid_alt": [0.8815334174028542, 0.0, 0.16072894317769304], "k_pid_att": [58.45879911684221, 3.8677381495188174, 0.9669350405079173], "k_pid_yaw": [0.5, 1e-06, 0.1], "k_pid_hsp": [0.09847755819799779, 0.005322982040420254, 0.0], "k_pid_vsp": [194.7624155113164, 156.73508457218338, 10.0]}, "datetime": {"datetime": "2025-08-13 14:10:46", "elapsed": 15774.485574007034, "delta": 18.045647144317627}, "costs": {"total_cost": 193.94016440518863, "time_cost": 72.485, "final_distance_cost": 1.7786582067710244, "oscillation_cost": 28.644511774786316, "completition_cost": 0.0, "overshoot_cost": 51.37477421842062, "power_cost": 20.079622192382814, "noise_cost": 19.577598012827867, "n_waypoints_completed": 9, "tot_waypoints": 9}}
{"target": -189.42883085984127, "params": {"k_pid_pos": [1.4340672435785011, 0.024859491386256316, 0.8519347702918288], "k_pid_alt": [1.394383142748206, 0.0, 0.3146878632891922], "k_pid_att": [39.447728079683905, 3.8677381495188174, 0.17039554323513206], "k_pid_yaw": [0.5, 1e-06, 0.1], "k_pid_hsp": [0.09847755819799779, 0.011264223901387349, 0.0], "k_pid_vsp": [277.2708477836043, 93.09285943774285, 10.0]}, "datetime": {"datetime": "2025-08-13 14:11:04", "elapsed": 15792.255050420761, "delta": 17.769476413726807}, "costs": {"total_cost": 189.42883085984127, "time_cost": 71.001, "final_distance_cost": 1.8398156165070463, "oscillation_cost": 27.455212809242237, "completition_cost": 0.0, "overshoot_cost": 51.09360585911348, "power_cost": 19.02373942871094, "noise_cost": 19.015457146267547, "n_waypoints_completed": 9, "tot_waypoints": 9}}
{"target": -1765.7247613743707, "params": {"k_pid_pos": [1.0031316701085804, 0.024859491386256316, 0.44963268842268056], "k_pid_alt": [1.4458679973838424, 0.0, 0.3146878632891922], "k_pid_att": [25.40845784245549, 3.7802132718527557, 0.1845336041603497], "k_pid_yaw": [0.5, 1e-06, 0.1], "k_pid_hsp": [0.09847755819799779, 0.011264223901387349, 0.6591334331178952], "k_pid_vsp": [194.7624155113164, 156.73508457218338, 10.0]}, "datetime": {"datetime": "2025-08-13 14:11:35", "elapsed": 15823.394440174103, "delta": 31.139389753341675}, "costs": {"total_cost": 1765.7247613743707, "time_cost": 150, "final_distance_cost": 66.94170623337114, "oscillation_cost": 707.6150767375665, "completition_cost": 666.6666666666667, "overshoot_cost": 107.78115808932547, "power_cost": 35.112982360839844, "noise_cost": 31.607171286601023, "n_waypoints_completed": 3, "tot_waypoints": 9}}
{"target": -476.7660957712115, "params": {"k_pid_pos": [0.8471180367683476, 0.7861504387832445, 0.855962508813682], "k_pid_alt": [1.2679502233621702, 0.8207873345644269, 0.949345597264735], "k_pid_att": [39.909449977216326, 3.8677381495188174, 0.1845336041603497], "k_pid_yaw": [0.5, 1e-06, 0.1], "k_pid_hsp": [0.09847755819799779, 0.011264223901387349, 0.0], "k_pid_vsp": [277.2708477836043, 236.48000513664874, 10.0]}, "datetime": {"datetime": "2025-08-13 14:12:05", "elapsed": 15854.065524578094, "delta": 30.6710844039917}, "costs": {"total_cost": 476.7660957712115, "time_cost": 150, "final_distance_cost": 67.0309648978795, "oscillation_cost": 37.22437230847691, "completition_cost": 111.11111111111116, "overshoot_cost": 49.63180039488146, "power_cost": 31.421176281738283, "noise_cost": 30.346670777124203, "n_waypoints_completed": 8, "tot_waypoints": 9}}
{"target": -433.03428633127373, "params": {"k_pid_pos": [1.0031316701085804, 0.024859491386256316, 0.44963268842268056], "k_pid_alt": [1.4458679973838424, 0.0, 0.3146878632891922], "k_pid_att": [91.51304492310662, 0.0889010446451618, 0.1845336041603497], "k_pid_yaw": [0.5, 1e-06, 0.1], "k_pid_hsp": [8.976632338120003, 0.011264223901387349, 0.0], "k_pid_vsp": [277.2708477836043, 20.55210058569056, 10.0]}, "datetime": {"datetime": "2025-08-13 14:12:24", "elapsed": 15873.031336784363, "delta": 18.96581220626831}, "costs": {"total_cost": 433.03428633127373, "time_cost": 75.208, "final_distance_cost": 1.8490981787557108, "oscillation_cost": 264.99433135942115, "completition_cost": 0.0, "overshoot_cost": 51.79953769069552, "power_cost": 18.811816357421876, "noise_cost": 20.371502744979455, "n_waypoints_completed": 9, "tot_waypoints": 9}}
{"target": -190.8469536511147, "params": {"k_pid_pos": [1.0031316701085804, 0.024859491386256316, 0.44963268842268056], "k_pid_alt": [1.4458679973838424, 0.0, 0.3146878632891922], "k_pid_att": [43.948176657889235, 3.8677381495188174, 0.837110513405392], "k_pid_yaw": [0.5, 1e-06, 0.1], "k_pid_hsp": [0.09847755819799779, 0.011264223901387349, 0.0], "k_pid_vsp": [17.18305095025783, 93.09285943774285, 10.0]}, "datetime": {"datetime": "2025-08-13 14:12:42", "elapsed": 15890.958857059479, "delta": 17.927520275115967}, "costs": {"total_cost": 190.8469536511147, "time_cost": 71.036, "final_distance_cost": 1.8179811899682017, "oscillation_cost": 26.555952652637238, "completition_cost": 0.0, "overshoot_cost": 50.90730228331414, "power_cost": 20.69402722167969, "noise_cost": 19.83569030351542, "n_waypoints_completed": 9, "tot_waypoints": 9}}
{"target": -921.4118551102889, "params": {"k_pid_pos": [1.4340672435785011, 0.024859491386256316, 0.8519347702918288], "k_pid_alt": [1.4458679973838424, 0.0, 0.09571232765433724], "k_pid_att": [24.0942673894178, 3.7802132718527557, 0.7941992206529987], "k_pid_yaw": [0.5, 1e-06, 0.1], "k_pid_hsp": [0.09847755819799779, 0.6807520980477912, 0.0], "k_pid_vsp": [194.7624155113164, 156.73508457218338, 10.0]}, "datetime": {"datetime": "2025-08-13 14:13:14", "elapsed": 15922.298119783401, "delta": 31.33926272392273}, "costs": {"total_cost": 921.4118551102889, "time_cost": 150, "final_distance_cost": 51.177864022015726, "oscillation_cost": 140.5001716006419, "completition_cost": 444.4444444444444, "overshoot_cost": 65.2718508586037, "power_cost": 34.91887004394531, "noise_cost": 35.09865414063795, "n_waypoints_completed": 5, "tot_waypoints": 9}}
{"target": -203.6811521940904, "params": {"k_pid_pos": [1.4999912498542303, 0.11906128738229915, 0.44963268842268056], "k_pid_alt": [1.3131013039922512, 0.8189475498511101, 0.13294310327404035], "k_pid_att": [39.447728079683905, 3.8677381495188174, 0.9943436299397624], "k_pid_yaw": [0.5, 1e-06, 0.1], "k_pid_hsp": [0.09847755819799779, 0.011264223901387349, 0.0], "k_pid_vsp": [194.7624155113164, 156.73508457218338, 10.0]}, "datetime": {"datetime": "2025-08-13 14:13:34", "elapsed": 15942.400023460388, "delta": 20.101903676986694}, "costs": {"total_cost": 203.6811521940904, "time_cost": 78.659, "final_distance_cost": 1.7539953797107986, "oscillation_cost": 32.414586537281174, "completition_cost": 0.0, "overshoot_cost": 53.051011542550704, "power_cost": 18.421086572265626, "noise_cost": 19.381472162282083, "n_waypoints_completed": 9, "tot_waypoints": 9}}
{"target": -270.95669117808677, "params": {"k_pid_pos": [1.4340672435785011, 0.024859491386256316, 0.44963268842268056], "k_pid_alt": [1.4458679973838424, 0.0, 0.3146878632891922], "k_pid_att": [1.0072944817398843, 3.7802132718527557, 0.1845336041603497], "k_pid_yaw": [0.5, 1e-06, 0.1], "k_pid_hsp": [0.09847755819799779, 0.011264223901387349, 0.0], "k_pid_vsp": [393.76896320637337, 156.73508457218338, 10.0]}, "datetime": {"datetime": "2025-08-13 14:13:55", "elapsed": 15963.361880540848, "delta": 20.961857080459595}, "costs": {"total_cost": 270.95669117808677, "time_cost": 81.634, "final_distance_cost": 1.7784942018875602, "oscillation_cost": 70.04852286197885, "completition_cost": 0.0, "overshoot_cost": 58.23998510347698, "power_cost": 28.716240686035157, "noise_cost": 30.539448324708253, "n_waypoints_completed": 9, "tot_waypoints": 9}}
{"target": -202.5187527039265, "params": {"k_pid_pos": [1.9168537650125603, 0.10799311464906103, 0.9860512943372298], "k_pid_alt": [1.2679502233621702, 0.02520494712616217, 0.949345597264735], "k_pid_att": [39.909449977216326, 3.8677381495188174, 0.1845336041603497], "k_pid_yaw": [0.5, 1e-06, 0.1], "k_pid_hsp": [0.09847755819799779, 0.011264223901387349, 0.0], "k_pid_vsp": [279.31855783528204, 156.73508457218338, 10.0]}, "datetime": {"datetime": "2025-08-13 14:14:14", "elapsed": 15982.498046398163, "delta": 19.136165857315063}, "costs": {"total_cost": 202.5187527039265, "time_cost": 73.682, "final_distance_cost": 1.8163233997760933, "oscillation_cost": 30.21072649292989, "completition_cost": 0.0, "overshoot_cost": 51.8762216475589, "power_cost": 23.26929549560547, "noise_cost": 21.664185668056156, "n_waypoints_completed": 9, "tot_waypoints": 9}}
{"target": -204.8105408736284, "params": {"k_pid_pos": [1.0031316701085804, 0.4270214819009781, 0.40092638265648595], "k_pid_alt": [1.4458679973838424, 0.0, 0.3146878632891922], "k_pid_att": [43.948176657889235, 3.7802132718527557, 0.30379952180706926], "k_pid_yaw": [0.5, 1e-06, 0.1], "k_pid_hsp": [0.09847755819799779, 0.011264223901387349, 0.0], "k_pid_vsp": [277.2708477836043, 236.48000513664874, 10.0]}, "datetime": {"datetime": "2025-08-13 14:14:36", "elapsed": 16004.511759996414, "delta": 22.013713598251343}, "costs": {"total_cost": 204.8105408736284, "time_cost": 79.394, "final_distance_cost": 1.777950770075821, "oscillation_cost": 29.383697466275628, "completition_cost": 0.0, "overshoot_cost": 51.83306718790176, "power_cost": 21.701466625976565, "noise_cost": 20.720358823398612, "n_waypoints_completed": 9, "tot_waypoints": 9}}
{"target": -185.8828384957256, "params": {"k_pid_pos": [1.4340672435785011, 0.024859491386256316, 0.8519347702918288], "k_pid_alt": [1.4458679973838424, 0.0, 0.3146878632891922], "k_pid_att": [43.948176657889235, 3.8677381495188174, 0.1845336041603497], "k_pid_yaw": [0.5, 1e-06, 0.1], "k_pid_hsp": [0.09847755819799779, 0.011264223901387349, 0.0], "k_pid_vsp": [277.2708477836043, 93.09285943774285, 10.0]}, "datetime": {"datetime": "2025-08-13 14:14:54", "elapsed": 16022.130975961685, "delta": 17.619215965270996}, "costs": {"total_cost": 185.8828384957256, "time_cost": 70.714, "final_distance_cost": 1.8415776061653626, "oscillation_cost": 27.86664550128272, "completition_cost": 0.0, "overshoot_cost": 50.73766943902323, "power_cost": 16.349973767089846, "noise_cost": 18.372972182164474, "n_waypoints_completed": 9, "tot_waypoints": 9}}
