{"target": -186.17332926618255, "params": {"k_pid_pos": [1.8792899704868669, 0.024859491386256316, 0.704167472379422], "k_pid_alt": [1.477768752937916, 0.00018965351824429266, 0.6600607021214705], "k_pid_att": [68.93098199109546, 2.6889016979653872, 0.6559199499296157], "k_pid_yaw": [0.5, 1e-06, 0.1], "k_pid_hsp": [0.09847755819799779, 0.011264223901387349, 0.0], "k_pid_vsp": [251.5004449007475, 59.083466427248936, 10.0]}, "datetime": {"datetime": "2025-08-13 20:40:28", "elapsed": 39156.55239987373, "delta": 18.03907299041748}, "costs": {"total_cost": 186.17332926618255, "time_cost": 70.91, "final_distance_cost": 1.8146649153500327, "oscillation_cost": 30.286725500900964, "completition_cost": 0.0, "overshoot_cost": 51.0072153361277, "power_cost": 13.442318664550783, "noise_cost": 18.712404849253073, "n_waypoints_completed": 9, "tot_waypoints": 9}}
{"target": -2024.484357818504, "params": {"k_pid_pos": [1.8811307174574419, 0.038219275878738745, 0.9752376885840038], "k_pid_alt": [1.477768752937916, 0.00018965351824429266, 0.6600607021214705], "k_pid_att": [92.532430894659, 3.2931611945007657, 0.6559199499296157], "k_pid_yaw": [0.5, 1e-06, 0.1], "k_pid_hsp": [0.09847755819799779, 0.011264223901387349, 0.31434645924479554], "k_pid_vsp": [387.1470188825909, 59.083466427248936, 10.0]}, "datetime": {"datetime": "2025-08-13 20:40:57", "elapsed": 39185.47047829628, "delta": 28.918078422546387}, "costs": {"total_cost": 2024.484357818504, "time_cost": 150, "final_distance_cost": 76.63106796811383, "oscillation_cost": 820.789470741154, "completition_cost": 777.7777777777778, "overshoot_cost": 134.24329934746174, "power_cost": 35.13696198730469, "noise_cost": 29.905779996691777, "n_waypoints_completed": 2, "tot_waypoints": 9}}
{"target": -186.33164804637715, "params": {"k_pid_pos": [1.733835489643198, 0.024859491386256316, 0.9451257094832697], "k_pid_alt": [1.4458679973838424, 0.028806210149256217, 0.3146878632891922], "k_pid_att": [29.46763110571006, 5.6580295118978245, 0.9623745068707039], "k_pid_yaw": [0.5, 1e-06, 0.1], "k_pid_hsp": [0.09847755819799779, 0.011264223901387349, 0.0], "k_pid_vsp": [251.5004449007475, 59.083466427248936, 10.0]}, "datetime": {"datetime": "2025-08-13 20:41:14", "elapsed": 39202.728925704956, "delta": 17.258447408676147}, "costs": {"total_cost": 186.33164804637715, "time_cost": 70.14, "final_distance_cost": 1.8329721647701114, "oscillation_cost": 28.264557937057425, "completition_cost": 0.0, "overshoot_cost": 51.77282001480944, "power_cost": 16.21761710205078, "noise_cost": 18.103680827689413, "n_waypoints_completed": 9, "tot_waypoints": 9}}
{"target": -193.28825072955368, "params": {"k_pid_pos": [1.8034346552870686, 0.08087462101852438, 0.4287384789656963], "k_pid_alt": [1.477768752937916, 0.00018965351824429266, 0.6600607021214705], "k_pid_att": [32.194164172814396, 2.6889016979653872, 0.6559199499296157], "k_pid_yaw": [0.5, 1e-06, 0.1], "k_pid_hsp": [0.09847755819799779, 0.011264223901387349, 0.0], "k_pid_vsp": [387.1470188825909, 59.083466427248936, 10.0]}, "datetime": {"datetime": "2025-08-13 20:41:32", "elapsed": 39220.52416014671, "delta": 17.795234441757202}, "costs": {"total_cost": 193.28825072955368, "time_cost": 71.54, "final_distance_cost": 1.7603648884934628, "oscillation_cost": 31.14758208119436, "completition_cost": 0.0, "overshoot_cost": 51.28134919921314, "power_cost": 19.04988640136719, "noise_cost": 18.509068159285516, "n_waypoints_completed": 9, "tot_waypoints": 9}}
{"target": -185.947282891925, "params": {"k_pid_pos": [0.9943435690872942, 0.024859491386256316, 0.2649281814802127], "k_pid_alt": [1.4458679973838424, 0.0, 0.15791560522360282], "k_pid_att": [83.24205936752172, 1.3487538446628486, 0.6559199499296157], "k_pid_yaw": [0.5, 1e-06, 0.1], "k_pid_hsp": [0.09847755819799779, 0.011264223901387349, 0.0], "k_pid_vsp": [387.1470188825909, 59.083466427248936, 10.0]}, "datetime": {"datetime": "2025-08-13 20:41:49", "elapsed": 39237.48908996582, "delta": 16.964929819107056}, "costs": {"total_cost": 185.947282891925, "time_cost": 70.861, "final_distance_cost": 1.7990445676656308, "oscillation_cost": 27.092959995921362, "completition_cost": 0.0, "overshoot_cost": 51.44036920309181, "power_cost": 16.511758532714843, "noise_cost": 18.242150592531353, "n_waypoints_completed": 9, "tot_waypoints": 9}}
{"target": -264.8599556782119, "params": {"k_pid_pos": [1.733835489643198, 0.5438063855161558, 0.06175353258437599], "k_pid_alt": [1.4458679973838424, 0.028806210149256217, 0.3146878632891922], "k_pid_att": [29.46763110571006, 5.6580295118978245, 0.9623745068707039], "k_pid_yaw": [0.5, 1e-06, 0.1], "k_pid_hsp": [0.09847755819799779, 0.041997352724737036, 0.0], "k_pid_vsp": [29.96849041048857, 59.083466427248936, 19.905301600864938]}, "datetime": {"datetime": "2025-08-13 20:42:13", "elapsed": 39261.306356191635, "delta": 23.81726622581482}, "costs": {"total_cost": 264.8599556782119, "time_cost": 96.509, "final_distance_cost": 1.7681150095273532, "oscillation_cost": 49.293145919930666, "completition_cost": 0.0, "overshoot_cost": 56.36944475083939, "power_cost": 31.674633715820313, "noise_cost": 29.245616282094197, "n_waypoints_completed": 9, "tot_waypoints": 9}}
{"target": -181.12255307533948, "params": {"k_pid_pos": [1.733835489643198, 0.024859491386256316, 0.9451257094832697], "k_pid_alt": [1.4458679973838424, 0.028806210149256217, 0.014398680574380873], "k_pid_att": [11.329609997636037, 6.043751783864618, 0.9623745068707039], "k_pid_yaw": [0.5, 1e-06, 0.1], "k_pid_hsp": [0.09847755819799779, 0.011264223901387349, 0.0], "k_pid_vsp": [251.5004449007475, 59.083466427248936, 10.0]}, "datetime": {"datetime": "2025-08-13 20:42:29", "elapsed": 39277.77341032028, "delta": 16.46705412864685}, "costs": {"total_cost": 181.12255307533948, "time_cost": 69.993, "final_distance_cost": 1.842999908165564, "oscillation_cost": 28.529074182927634, "completition_cost": 0.0, "overshoot_cost": 51.50727242532693, "power_cost": 10.49957606201172, "noise_cost": 18.750630496907633, "n_waypoints_completed": 9, "tot_waypoints": 9}}
{"target": -195.69812667222078, "params": {"k_pid_pos": [1.733835489643198, 0.024859491386256316, 0.9451257094832697], "k_pid_alt": [1.4458679973838424, 0.028806210149256217, 0.014398680574380873], "k_pid_att": [11.329609997636037, 6.043751783864618, 0.9623745068707039], "k_pid_yaw": [0.5, 1e-06, 0.1], "k_pid_hsp": [0.09847755819799779, 0.011264223901387349, 0.0], "k_pid_vsp": [251.5004449007475, 59.083466427248936, 10.0]}, "datetime": {"datetime": "2025-08-13 20:42:47", "elapsed": 39295.42212367058, "delta": 17.64871335029602}, "costs": {"total_cost": 195.69812667222078, "time_cost": 71.106, "final_distance_cost": 1.8423219765748498, "oscillation_cost": 29.049382037202015, "completition_cost": 0.0, "overshoot_cost": 52.035150043735776, "power_cost": 20.840153918457034, "noise_cost": 20.825118696251153, "n_waypoints_completed": 9, "tot_waypoints": 9}}
{"target": -184.5000538702175, "params": {"k_pid_pos": [1.8792899704868669, 0.038219275878738745, 0.9752376885840038], "k_pid_alt": [1.5786606064986153, 0.0, 0.23086984934879706], "k_pid_att": [29.46763110571006, 5.6580295118978245, 0.3529475069797985], "k_pid_yaw": [0.5, 1e-06, 0.1], "k_pid_hsp": [0.09847755819799779, 0.011264223901387349, 0.0], "k_pid_vsp": [333.9671041363143, 289.9420907665546, 16.252805564631274]}, "datetime": {"datetime": "2025-08-13 20:43:04", "elapsed": 39312.25328683853, "delta": 16.83116316795349}, "costs": {"total_cost": 184.5000538702175, "time_cost": 69.363, "final_distance_cost": 1.831746275133194, "oscillation_cost": 29.338485603036904, "completition_cost": 0.0, "overshoot_cost": 50.702926453544954, "power_cost": 16.767631970214843, "noise_cost": 16.496263568287606, "n_waypoints_completed": 9, "tot_waypoints": 9}}
{"target": -190.33113092759328, "params": {"k_pid_pos": [0.9943435690872942, 0.024859491386256316, 0.2649281814802127], "k_pid_alt": [1.4458679973838424, 0.0, 0.15791560522360282], "k_pid_att": [83.24205936752172, 1.3487538446628486, 0.6559199499296157], "k_pid_yaw": [0.5, 1e-06, 0.1], "k_pid_hsp": [0.09847755819799779, 0.011264223901387349, 0.0], "k_pid_vsp": [387.1470188825909, 59.083466427248936, 10.0]}, "datetime": {"datetime": "2025-08-13 20:43:22", "elapsed": 39330.49951815605, "delta": 18.24623131752014}, "costs": {"total_cost": 190.33113092759328, "time_cost": 71.197, "final_distance_cost": 1.7979432841096983, "oscillation_cost": 26.140662184024585, "completition_cost": 0.0, "overshoot_cost": 51.475545402290855, "power_cost": 19.951585046386718, "noise_cost": 19.768395010781408, "n_waypoints_completed": 9, "tot_waypoints": 9}}
{"target": -333.71288557120874, "params": {"k_pid_pos": [1.8792899704868669, 0.038219275878738745, 0.9752376885840038], "k_pid_alt": [1.6664687922778647, 0.00018965351824429266, 0.6600607021214705], "k_pid_att": [25.997073188089082, 2.6889016979653872, 0.08105699149151435], "k_pid_yaw": [0.5, 1e-06, 0.1], "k_pid_hsp": [5.443665085475852, 0.011264223901387349, 0.0], "k_pid_vsp": [251.5004449007475, 59.083466427248936, 19.905301600864938]}, "datetime": {"datetime": "2025-08-13 20:43:39", "elapsed": 39347.279255628586, "delta": 16.77973747253418}, "costs": {"total_cost": 333.71288557120874, "time_cost": 70.896, "final_distance_cost": 1.8484233041886804, "oscillation_cost": 168.02730634929753, "completition_cost": 0.0, "overshoot_cost": 50.679454894788286, "power_cost": 21.515452343750002, "noise_cost": 20.746248679184234, "n_waypoints_completed": 9, "tot_waypoints": 9}}
{"target": -193.36015500796216, "params": {"k_pid_pos": [1.538395483829655, 0.038219275878738745, 0.9752376885840038], "k_pid_alt": [1.477768752937916, 0.00018965351824429266, 0.6600607021214705], "k_pid_att": [25.997073188089082, 2.6889016979653872, 0.08105699149151435], "k_pid_yaw": [0.5, 1e-06, 0.1], "k_pid_hsp": [0.09847755819799779, 0.011264223901387349, 0.0], "k_pid_vsp": [251.5004449007475, 59.083466427248936, 19.905301600864938]}, "datetime": {"datetime": "2025-08-13 20:43:59", "elapsed": 39367.32724189758, "delta": 20.047986268997192}, "costs": {"total_cost": 193.36015500796216, "time_cost": 71.764, "final_distance_cost": 1.82641156473853, "oscillation_cost": 27.754602775030843, "completition_cost": 0.0, "overshoot_cost": 51.314556341803744, "power_cost": 20.751399182128907, "noise_cost": 19.949185144260166, "n_waypoints_completed": 9, "tot_waypoints": 9}}
{"target": -206.48128566308276, "params": {"k_pid_pos": [1.5164821318119608, 0.23327464745294124, 0.704167472379422], "k_pid_alt": [1.477768752937916, 0.00018965351824429266, 0.6600607021214705], "k_pid_att": [81.71435317647585, 2.6889016979653872, 0.08105699149151435], "k_pid_yaw": [0.5, 1e-06, 0.1], "k_pid_hsp": [0.09847755819799779, 0.011264223901387349, 0.0], "k_pid_vsp": [11.291675944504354, 59.083466427248936, 19.905301600864938]}, "datetime": {"datetime": "2025-08-13 20:44:18", "elapsed": 39386.641300439835, "delta": 19.314058542251587}, "costs": {"total_cost": 206.48128566308276, "time_cost": 79.47800000000001, "final_distance_cost": 1.8013966583963594, "oscillation_cost": 33.00601341588372, "completition_cost": 0.0, "overshoot_cost": 55.07581492755875, "power_cost": 18.19902463378906, "noise_cost": 18.92103602745484, "n_waypoints_completed": 9, "tot_waypoints": 9}}
{"target": -187.9185766630976, "params": {"k_pid_pos": [1.5164821318119608, 0.024859491386256316, 0.704167472379422], "k_pid_alt": [1.477768752937916, 0.00018965351824429266, 0.6600607021214705], "k_pid_att": [25.997073188089082, 2.6889016979653872, 0.08105699149151435], "k_pid_yaw": [0.5, 1e-06, 0.1], "k_pid_hsp": [0.09847755819799779, 0.011264223901387349, 0.0], "k_pid_vsp": [251.5004449007475, 59.083466427248936, 19.905301600864938]}, "datetime": {"datetime": "2025-08-13 20:44:35", "elapsed": 39403.97142148018, "delta": 17.33012104034424}, "costs": {"total_cost": 187.9185766630976, "time_cost": 71.274, "final_distance_cost": 1.8117683142324703, "oscillation_cost": 29.496941084259742, "completition_cost": 0.0, "overshoot_cost": 51.5979367611077, "power_cost": 16.90303709716797, "noise_cost": 16.834893406329705, "n_waypoints_completed": 9, "tot_waypoints": 9}}
{"target": -192.3049396565173, "params": {"k_pid_pos": [1.5164821318119608, 0.024859491386256316, 0.5922288399539734], "k_pid_alt": [0.6162310025038176, 0.0, 0.23086984934879706], "k_pid_att": [29.46763110571006, 5.6580295118978245, 0.3529475069797985], "k_pid_yaw": [0.5, 1e-06, 0.1], "k_pid_hsp": [0.17225665165883555, 0.011264223901387349, 0.0], "k_pid_vsp": [387.1470188825909, 57.93155354082285, 16.252805564631274]}, "datetime": {"datetime": "2025-08-13 20:44:55", "elapsed": 39423.37527394295, "delta": 19.403852462768555}, "costs": {"total_cost": 192.3049396565173, "time_cost": 75.20100000000001, "final_distance_cost": 1.8423612314735027, "oscillation_cost": 30.373989729534017, "completition_cost": 0.0, "overshoot_cost": 50.6977655069696, "power_cost": 17.439895263671875, "noise_cost": 16.749927924868274, "n_waypoints_completed": 9, "tot_waypoints": 9}}
{"target": -198.23922870007326, "params": {"k_pid_pos": [1.733835489643198, 0.024859491386256316, 0.9451257094832697], "k_pid_alt": [1.5786606064986153, 0.8410147302395798, 0.6600607021214705], "k_pid_att": [25.997073188089082, 2.6889016979653872, 0.12678522794134206], "k_pid_yaw": [0.5, 1e-06, 0.1], "k_pid_hsp": [0.09847755819799779, 0.011264223901387349, 0.0], "k_pid_vsp": [29.96849041048857, 59.083466427248936, 19.905301600864938]}, "datetime": {"datetime": "2025-08-13 20:45:13", "elapsed": 39441.75465345383, "delta": 18.379379510879517}, "costs": {"total_cost": 198.23922870007326, "time_cost": 77.959, "final_distance_cost": 1.7863907246347936, "oscillation_cost": 28.93680404156074, "completition_cost": 0.0, "overshoot_cost": 53.670870980784876, "power_cost": 18.225519836425782, "noise_cost": 17.660643116667046, "n_waypoints_completed": 9, "tot_waypoints": 9}}
{"target": -210.4907252088704, "params": {"k_pid_pos": [1.8792899704868669, 0.6906262193658564, 0.704167472379422], "k_pid_alt": [1.477768752937916, 0.00018965351824429266, 0.6600607021214705], "k_pid_att": [68.93098199109546, 2.6889016979653872, 0.6559199499296157], "k_pid_yaw": [0.5, 1e-06, 0.1], "k_pid_hsp": [0.09847755819799779, 0.011264223901387349, 0.0], "k_pid_vsp": [251.5004449007475, 59.083466427248936, 10.0]}, "datetime": {"datetime": "2025-08-13 20:45:34", "elapsed": 39462.28560233116, "delta": 20.530948877334595}, "costs": {"total_cost": 210.4907252088704, "time_cost": 80.45100000000001, "final_distance_cost": 1.794289127493347, "oscillation_cost": 33.095958818937135, "completition_cost": 0.0, "overshoot_cost": 53.46665130203879, "power_cost": 20.664294641113283, "noise_cost": 21.018531319287828, "n_waypoints_completed": 9, "tot_waypoints": 9}}
{"target": -198.34314610568273, "params": {"k_pid_pos": [1.8811307174574419, 0.024859491386256316, 0.704167472379422], "k_pid_alt": [1.411112159818204, 0.00018965351824429266, 0.6600607021214705], "k_pid_att": [68.93098199109546, 2.6889016979653872, 0.6559199499296157], "k_pid_yaw": [0.5, 1e-06, 0.1], "k_pid_hsp": [0.09847755819799779, 0.011264223901387349, 0.0], "k_pid_vsp": [251.5004449007475, 59.083466427248936, 10.0]}, "datetime": {"datetime": "2025-08-13 20:45:51", "elapsed": 39479.31993103027, "delta": 17.03432869911194}, "costs": {"total_cost": 198.34314610568273, "time_cost": 71.603, "final_distance_cost": 1.7739801517573712, "oscillation_cost": 29.464511040161494, "completition_cost": 0.0, "overshoot_cost": 51.868469190956915, "power_cost": 22.6317796875, "noise_cost": 21.001406035306964, "n_waypoints_completed": 9, "tot_waypoints": 9}}
{"target": -186.72980610188287, "params": {"k_pid_pos": [1.733835489643198, 0.024859491386256316, 0.9451257094832697], "k_pid_alt": [1.4458679973838424, 0.00018965351824429266, 0.6600607021214705], "k_pid_att": [68.93098199109546, 2.6889016979653872, 0.6559199499296157], "k_pid_yaw": [0.5, 1e-06, 0.1], "k_pid_hsp": [0.09847755819799779, 0.011264223901387349, 0.0], "k_pid_vsp": [251.5004449007475, 250.21609499067577, 10.0]}, "datetime": {"datetime": "2025-08-13 20:46:08", "elapsed": 39496.586772203445, "delta": 17.266841173171997}, "costs": {"total_cost": 186.72980610188287, "time_cost": 70.959, "final_distance_cost": 1.8254995187977303, "oscillation_cost": 29.01737686525309, "completition_cost": 0.0, "overshoot_cost": 50.62278903578947, "power_cost": 16.318337805175783, "noise_cost": 17.986802876866825, "n_waypoints_completed": 9, "tot_waypoints": 9}}
{"target": -221.5989242048288, "params": {"k_pid_pos": [1.8792899704868669, 0.024859491386256316, 0.704167472379422], "k_pid_alt": [1.477768752937916, 0.27875359925262033, 0.3146878632891922], "k_pid_att": [11.329609997636037, 6.043751783864618, 0.9623745068707039], "k_pid_yaw": [0.5, 1e-06, 0.1], "k_pid_hsp": [0.09847755819799779, 0.011264223901387349, 0.0], "k_pid_vsp": [152.62952303200586, 59.083466427248936, 10.0]}, "datetime": {"datetime": "2025-08-13 20:46:29", "elapsed": 39517.49064087868, "delta": 20.903868675231934}, "costs": {"total_cost": 221.5989242048288, "time_cost": 84.72800000000001, "final_distance_cost": 1.7991397988312867, "oscillation_cost": 34.13630352163494, "completition_cost": 0.0, "overshoot_cost": 52.75535519632502, "power_cost": 24.717344055175783, "noise_cost": 23.462781632861763, "n_waypoints_completed": 9, "tot_waypoints": 9}}
{"target": -1020.0464065881364, "params": {"k_pid_pos": [1.8792899704868669, 0.024859491386256316, 0.704167472379422], "k_pid_alt": [1.5786606064986153, 0.0, 0.23086984934879706], "k_pid_att": [79.43924172572177, 3.014715642298994, 0.3529475069797985], "k_pid_yaw": [0.5, 1e-06, 0.1], "k_pid_hsp": [0.09847755819799779, 0.6076176839441306, 0.0], "k_pid_vsp": [333.9671041363143, 289.9420907665546, 16.252805564631274]}, "datetime": {"datetime": "2025-08-13 20:46:59", "elapsed": 39547.996317863464, "delta": 30.505676984786987}, "costs": {"total_cost": 1020.0464065881364, "time_cost": 150, "final_distance_cost": 48.42451675609825, "oscillation_cost": 139.0931598360874, "completition_cost": 555.5555555555555, "overshoot_cost": 61.80355267535537, "power_cost": 33.487276110839844, "noise_cost": 31.68234565419997, "n_waypoints_completed": 4, "tot_waypoints": 9}}
{"target": -192.35585211117007, "params": {"k_pid_pos": [1.1188946181278843, 0.038219275878738745, 0.9752376885840038], "k_pid_alt": [1.477768752937916, 0.5940520228477385, 0.6600607021214705], "k_pid_att": [68.93098199109546, 2.6889016979653872, 0.6559199499296157], "k_pid_yaw": [0.5, 1e-06, 0.1], "k_pid_hsp": [0.09847755819799779, 0.011264223901387349, 0.0], "k_pid_vsp": [251.5004449007475, 59.083466427248936, 10.0]}, "datetime": {"datetime": "2025-08-13 20:47:18", "elapsed": 39566.956998586655, "delta": 18.960680723190308}, "costs": {"total_cost": 192.35585211117007, "time_cost": 76.174, "final_distance_cost": 1.786425929050006, "oscillation_cost": 25.64075443044124, "completition_cost": 0.0, "overshoot_cost": 52.478419913335074, "power_cost": 17.17015946044922, "noise_cost": 19.106092377894537, "n_waypoints_completed": 9, "tot_waypoints": 9}}
{"target": -211.6048470871493, "params": {"k_pid_pos": [1.8792899704868669, 0.5480032069558575, 0.704167472379422], "k_pid_alt": [1.477768752937916, 0.00018965351824429266, 0.6600607021214705], "k_pid_att": [68.93098199109546, 5.6580295118978245, 0.9623745068707039], "k_pid_yaw": [0.5, 1e-06, 0.1], "k_pid_hsp": [0.09847755819799779, 0.011264223901387349, 0.0], "k_pid_vsp": [387.1470188825909, 59.083466427248936, 10.0]}, "datetime": {"datetime": "2025-08-13 20:47:44", "elapsed": 39592.311109781265, "delta": 25.354111194610596}, "costs": {"total_cost": 211.6048470871493, "time_cost": 80.416, "final_distance_cost": 1.762532377089016, "oscillation_cost": 32.367186555318526, "completition_cost": 0.0, "overshoot_cost": 53.56754561227434, "power_cost": 22.084656481933596, "noise_cost": 21.40692606053383, "n_waypoints_completed": 9, "tot_waypoints": 9}}
{"target": -193.85521922311074, "params": {"k_pid_pos": [1.733835489643198, 0.024859491386256316, 0.6354931049670316], "k_pid_alt": [1.4458679973838424, 0.028806210149256217, 0.3146878632891922], "k_pid_att": [29.46763110571006, 2.6889016979653872, 0.6559199499296157], "k_pid_yaw": [0.5, 1e-06, 0.1], "k_pid_hsp": [0.09847755819799779, 0.011264223901387349, 0.0], "k_pid_vsp": [251.5004449007475, 59.083466427248936, 10.0]}, "datetime": {"datetime": "2025-08-13 20:48:07", "elapsed": 39615.87968468666, "delta": 23.568574905395508}, "costs": {"total_cost": 193.85521922311074, "time_cost": 70.518, "final_distance_cost": 1.8111386265158511, "oscillation_cost": 28.726687293654745, "completition_cost": 0.0, "overshoot_cost": 52.09818749474944, "power_cost": 20.830043994140627, "noise_cost": 19.871161814050083, "n_waypoints_completed": 9, "tot_waypoints": 9}}
{"target": -203.58086409344295, "params": {"k_pid_pos": [1.733835489643198, 0.024859491386256316, 0.9451257094832697], "k_pid_alt": [0.8511837275376319, 0.028806210149256217, 0.014398680574380873], "k_pid_att": [11.329609997636037, 8.451705289372699, 0.9623745068707039], "k_pid_yaw": [0.5, 1e-06, 0.1], "k_pid_hsp": [3.8165853135157835, 0.011264223901387349, 0.0], "k_pid_vsp": [251.5004449007475, 59.083466427248936, 10.0]}, "datetime": {"datetime": "2025-08-13 20:48:26", "elapsed": 39634.48687839508, "delta": 18.6071937084198}, "costs": {"total_cost": 203.58086409344295, "time_cost": 74.58500000000001, "final_distance_cost": 1.840562531077815, "oscillation_cost": 41.93740561686176, "completition_cost": 0.0, "overshoot_cost": 50.48566872066217, "power_cost": 16.01536960449219, "noise_cost": 18.716857620348993, "n_waypoints_completed": 9, "tot_waypoints": 9}}
