{"target": -248.2139034460772, "params": {"k_pid_pos": [1.849624377781123, 0.024859491386256316, 0.855962508813682], "k_pid_alt": [1.2679502233621702, 0.0, 0.06527723447865985], "k_pid_att": [58.989274729095186, 3.8677381495188174, 0.1845336041603497], "k_pid_yaw": [0.5, 1e-06, 0.1], "k_pid_hsp": [0.09847755819799779, 0.2320249538069996, 0.0], "k_pid_vsp": [194.7624155113164, 156.73508457218338, 10.0]}, "datetime": {"datetime": "2025-08-13 13:11:10", "elapsed": 12199.009310722351, "delta": 17.996901750564575}, "costs": {"total_cost": 248.2139034460772, "time_cost": 74.879, "final_distance_cost": 1.8364589441397787, "oscillation_cost": 82.73465545152237, "completition_cost": 0.0, "overshoot_cost": 51.780411931854985, "power_cost": 14.946154223632814, "noise_cost": 22.037222894927268, "n_waypoints_completed": 9, "tot_waypoints": 9}}
{"target": -1131.294039791415, "params": {"k_pid_pos": [1.849624377781123, 0.024859491386256316, 0.855962508813682], "k_pid_alt": [1.2679502233621702, 0.0, 0.3146878632891922], "k_pid_att": [43.948176657889235, 3.8677381495188174, 0.1845336041603497], "k_pid_yaw": [0.5, 1e-06, 0.1], "k_pid_hsp": [0.09847755819799779, 0.011264223901387349, 0.0], "k_pid_vsp": [194.7624155113164, 109.33732212261678, 150.7073891419256]}, "datetime": {"datetime": "2025-08-13 13:11:39", "elapsed": 12227.805764198303, "delta": 28.79645347595215}, "costs": {"total_cost": 1131.294039791415, "time_cost": 150, "final_distance_cost": 68.60870182005381, "oscillation_cost": 9.692003612853368, "completition_cost": 777.7777777777778, "overshoot_cost": 53.62290209252464, "power_cost": 40.18364157714844, "noise_cost": 31.409012911056813, "n_waypoints_completed": 2, "tot_waypoints": 9}}
{"target": -195.57498101576144, "params": {"k_pid_pos": [1.4340672435785011, 0.024859491386256316, 0.44963268842268056], "k_pid_alt": [1.2679502233621702, 0.0, 0.949345597264735], "k_pid_att": [39.447728079683905, 3.8677381495188174, 0.1845336041603497], "k_pid_yaw": [0.5, 1e-06, 0.1], "k_pid_hsp": [0.09847755819799779, 0.011264223901387349, 0.0], "k_pid_vsp": [397.63618790684643, 156.73508457218338, 10.0]}, "datetime": {"datetime": "2025-08-13 13:11:57", "elapsed": 12245.943897247314, "delta": 18.13813304901123}, "costs": {"total_cost": 195.57498101576144, "time_cost": 73.22, "final_distance_cost": 1.8252215691834104, "oscillation_cost": 29.33840560308113, "completition_cost": 0.0, "overshoot_cost": 50.99610003532722, "power_cost": 20.48892155761719, "noise_cost": 19.706332250552496, "n_waypoints_completed": 9, "tot_waypoints": 9}}
{"target": -211.43219643398717, "params": {"k_pid_pos": [1.849624377781123, 0.024859491386256316, 0.44963268842268056], "k_pid_alt": [1.296896341175293, 0.798728739228488, 0.949345597264735], "k_pid_att": [39.447728079683905, 3.8677381495188174, 0.591082821894856], "k_pid_yaw": [0.5, 1e-06, 0.1], "k_pid_hsp": [0.09847755819799779, 0.011264223901387349, 0.0], "k_pid_vsp": [194.7624155113164, 221.6078012742647, 10.0]}, "datetime": {"datetime": "2025-08-13 13:12:17", "elapsed": 12265.530155658722, "delta": 19.58625841140747}, "costs": {"total_cost": 211.43219643398717, "time_cost": 82.327, "final_distance_cost": 1.7608426976753695, "oscillation_cost": 35.026964358927636, "completition_cost": 0.0, "overshoot_cost": 52.79595278046588, "power_cost": 18.921505493164062, "noise_cost": 20.599931103754212, "n_waypoints_completed": 9, "tot_waypoints": 9}}
{"target": -219.473866780236, "params": {"k_pid_pos": [1.4340672435785011, 0.641417904513436, 0.44963268842268056], "k_pid_alt": [1.296896341175293, 0.02520494712616217, 0.949345597264735], "k_pid_att": [39.447728079683905, 3.8677381495188174, 0.3366070335655168], "k_pid_yaw": [0.5, 1e-06, 0.1], "k_pid_hsp": [0.09847755819799779, 0.011264223901387349, 0.0], "k_pid_vsp": [17.18305095025783, 93.09285943774285, 10.0]}, "datetime": {"datetime": "2025-08-13 13:12:37", "elapsed": 12285.357603788376, "delta": 19.82744812965393}, "costs": {"total_cost": 219.473866780236, "time_cost": 83.629, "final_distance_cost": 1.7549894242827488, "oscillation_cost": 36.271348573247266, "completition_cost": 0.0, "overshoot_cost": 54.35293489072283, "power_cost": 20.769033044433595, "noise_cost": 22.696560847549534, "n_waypoints_completed": 9, "tot_waypoints": 9}}
{"target": -232.80222706442518, "params": {"k_pid_pos": [1.4999912498542303, 0.9555278684226207, 0.44963268842268056], "k_pid_alt": [1.4458679973838424, 0.0, 0.3146878632891922], "k_pid_att": [43.948176657889235, 3.8677381495188174, 0.1845336041603497], "k_pid_yaw": [0.5, 1e-06, 0.1], "k_pid_hsp": [0.09847755819799779, 0.011264223901387349, 0.0], "k_pid_vsp": [194.7624155113164, 221.6078012742647, 10.0]}, "datetime": {"datetime": "2025-08-13 13:12:57", "elapsed": 12305.807771205902, "delta": 20.450167417526245}, "costs": {"total_cost": 232.80222706442518, "time_cost": 86.632, "final_distance_cost": 1.7464829707553005, "oscillation_cost": 38.78846727998979, "completition_cost": 0.0, "overshoot_cost": 56.21422681225057, "power_cost": 24.379480102539063, "noise_cost": 25.04156989889047, "n_waypoints_completed": 9, "tot_waypoints": 9}}
{"target": -196.81162462160495, "params": {"k_pid_pos": [1.849624377781123, 0.024859491386256316, 0.855962508813682], "k_pid_alt": [1.7039912188389563, 0.02520494712616217, 0.949345597264735], "k_pid_att": [39.447728079683905, 3.8677381495188174, 0.1845336041603497], "k_pid_yaw": [0.5, 1e-06, 0.1], "k_pid_hsp": [0.09847755819799779, 0.011264223901387349, 0.0], "k_pid_vsp": [194.7624155113164, 3.384608627270843, 39.36383854960912]}, "datetime": {"datetime": "2025-08-13 13:13:16", "elapsed": 12324.144450426102, "delta": 18.336679220199585}, "costs": {"total_cost": 196.81162462160495, "time_cost": 76.377, "final_distance_cost": 1.8119655224947688, "oscillation_cost": 29.909135983126866, "completition_cost": 0.0, "overshoot_cost": 55.42278074253819, "power_cost": 16.848468188476563, "noise_cost": 16.442274184968575, "n_waypoints_completed": 9, "tot_waypoints": 9}}
{"target": -198.75342440806352, "params": {"k_pid_pos": [0.5503339975771474, 0.024859491386256316, 0.44963268842268056], "k_pid_alt": [1.296896341175293, 0.02520494712616217, 0.949345597264735], "k_pid_att": [39.447728079683905, 9.770065979523123, 0.5968380379296185], "k_pid_yaw": [0.5, 1e-06, 0.1], "k_pid_hsp": [0.09847755819799779, 0.011264223901387349, 0.0], "k_pid_vsp": [194.7624155113164, 201.50022734948823, 10.0]}, "datetime": {"datetime": "2025-08-13 13:13:36", "elapsed": 12344.41505765915, "delta": 20.270607233047485}, "costs": {"total_cost": 198.75342440806352, "time_cost": 83.993, "final_distance_cost": 1.8588899886031047, "oscillation_cost": 20.878422853474454, "completition_cost": 0.0, "overshoot_cost": 52.05112229082504, "power_cost": 17.553203466796877, "noise_cost": 22.41878580836404, "n_waypoints_completed": 9, "tot_waypoints": 9}}
{"target": -188.23462453271165, "params": {"k_pid_pos": [1.4340672435785011, 0.024859491386256316, 0.44963268842268056], "k_pid_alt": [1.296896341175293, 0.0, 0.3146878632891922], "k_pid_att": [43.948176657889235, 4.028010644934719, 0.1845336041603497], "k_pid_yaw": [0.5, 1e-06, 0.1], "k_pid_hsp": [0.09847755819799779, 0.011264223901387349, 0.0], "k_pid_vsp": [17.18305095025783, 93.09285943774285, 10.0]}, "datetime": {"datetime": "2025-08-13 13:13:52", "elapsed": 12360.873533248901, "delta": 16.458475589752197}, "costs": {"total_cost": 188.23462453271165, "time_cost": 70.126, "final_distance_cost": 1.8020167212440663, "oscillation_cost": 30.332371601708754, "completition_cost": 0.0, "overshoot_cost": 50.55988122165006, "power_cost": 17.1192822265625, "noise_cost": 18.295072761546255, "n_waypoints_completed": 9, "tot_waypoints": 9}}
{"target": -375.2451052480149, "params": {"k_pid_pos": [1.4999912498542303, 0.024859491386256316, 0.44963268842268056], "k_pid_alt": [1.4458679973838424, 0.0, 0.3146878632891922], "k_pid_att": [43.948176657889235, 3.8677381495188174, 0.1845336041603497], "k_pid_yaw": [0.5, 1e-06, 0.1], "k_pid_hsp": [9.822050525885613, 0.011264223901387349, 0.0], "k_pid_vsp": [17.18305095025783, 69.46038294301658, 10.0]}, "datetime": {"datetime": "2025-08-13 13:14:09", "elapsed": 12377.579052209854, "delta": 16.70551896095276}, "costs": {"total_cost": 375.2451052480149, "time_cost": 70.105, "final_distance_cost": 1.8509356317825667, "oscillation_cost": 216.8081162215029, "completition_cost": 0.0, "overshoot_cost": 50.49440615603758, "power_cost": 16.68446387939453, "noise_cost": 19.30218335929733, "n_waypoints_completed": 9, "tot_waypoints": 9}}
{"target": -2145.872204486513, "params": {"k_pid_pos": [1.849624377781123, 0.6908867964312853, 0.855962508813682], "k_pid_alt": [1.2679502233621702, 0.0, 0.06527723447865985], "k_pid_att": [58.989274729095186, 3.8677381495188174, 0.1845336041603497], "k_pid_yaw": [0.5, 1e-06, 0.1], "k_pid_hsp": [0.09847755819799779, 0.011264223901387349, 0.3192902424458711], "k_pid_vsp": [316.1258038976114, 156.73508457218338, 10.0]}, "datetime": {"datetime": "2025-08-13 13:14:38", "elapsed": 12406.129034519196, "delta": 28.54998230934143}, "costs": {"total_cost": 2145.872204486513, "time_cost": 150, "final_distance_cost": 62.33468787636576, "oscillation_cost": 845.6298277852127, "completition_cost": 888.8888888888888, "overshoot_cost": 143.69426134930313, "power_cost": 27.190908227539065, "noise_cost": 28.133630359203195, "n_waypoints_completed": 1, "tot_waypoints": 9}}
{"target": -183.03110481291014, "params": {"k_pid_pos": [1.647366612200146, 0.06328363340203702, 0.855962508813682], "k_pid_alt": [1.2679502233621702, 0.0, 0.06527723447865985], "k_pid_att": [58.989274729095186, 6.16091081068753, 0.5354455210588809], "k_pid_yaw": [0.5, 1e-06, 0.1], "k_pid_hsp": [0.09847755819799779, 0.011264223901387349, 0.0], "k_pid_vsp": [17.18305095025783, 93.09285943774285, 10.0]}, "datetime": {"datetime": "2025-08-13 13:14:54", "elapsed": 12422.54174733162, "delta": 16.412712812423706}, "costs": {"total_cost": 183.03110481291014, "time_cost": 69.69200000000001, "final_distance_cost": 1.8293926118242045, "oscillation_cost": 28.9986639034793, "completition_cost": 0.0, "overshoot_cost": 50.744520314950094, "power_cost": 13.012962756347656, "noise_cost": 18.7535652263089, "n_waypoints_completed": 9, "tot_waypoints": 9}}
{"target": -1578.1225685019604, "params": {"k_pid_pos": [1.4340672435785011, 0.024859491386256316, 0.44963268842268056], "k_pid_alt": [1.296896341175293, 0.4483028697585574, 0.949345597264735], "k_pid_att": [39.447728079683905, 8.839934422282209, 0.3366070335655168], "k_pid_yaw": [0.5, 1e-06, 0.1], "k_pid_hsp": [0.09847755819799779, 0.5624296180338006, 0.3203789596374804], "k_pid_vsp": [17.18305095025783, 93.09285943774285, 10.0]}, "datetime": {"datetime": "2025-08-13 13:15:23", "elapsed": 12451.462833404541, "delta": 28.921086072921753}, "costs": {"total_cost": 1578.1225685019604, "time_cost": 150, "final_distance_cost": 50.82828331934892, "oscillation_cost": 659.5925073308343, "completition_cost": 555.5555555555555, "overshoot_cost": 100.27672726622968, "power_cost": 32.25331391601563, "noise_cost": 29.616181113976253, "n_waypoints_completed": 4, "tot_waypoints": 9}}
{"target": -238.5487787632876, "params": {"k_pid_pos": [1.4340672435785011, 0.024859491386256316, 0.2394278377525315], "k_pid_alt": [1.296896341175293, 0.0, 0.3146878632891922], "k_pid_att": [43.948176657889235, 3.8677381495188174, 0.1845336041603497], "k_pid_yaw": [0.5, 1e-06, 0.1], "k_pid_hsp": [0.09847755819799779, 0.15825018094006094, 0.0], "k_pid_vsp": [194.7624155113164, 221.6078012742647, 10.0]}, "datetime": {"datetime": "2025-08-13 13:15:41", "elapsed": 12469.133608818054, "delta": 17.670775413513184}, "costs": {"total_cost": 238.5487787632876, "time_cost": 75.768, "final_distance_cost": 1.7950180807605054, "oscillation_cost": 66.23721021310449, "completition_cost": 0.0, "overshoot_cost": 53.74755932342273, "power_cost": 19.401456213378907, "noise_cost": 21.59953493262096, "n_waypoints_completed": 9, "tot_waypoints": 9}}
{"target": -1439.0359995128713, "params": {"k_pid_pos": [1.4340672435785011, 0.024859491386256316, 0.44963268842268056], "k_pid_alt": [1.636508049307729, 0.02520494712616217, 0.949345597264735], "k_pid_att": [90.7849501962525, 0.7200504618080176, 0.9166398602394554], "k_pid_yaw": [0.5, 1e-06, 0.1], "k_pid_hsp": [0.09847755819799779, 0.011264223901387349, 0.0], "k_pid_vsp": [194.7624155113164, 156.73508457218338, 314.82805098387325]}, "datetime": {"datetime": "2025-08-13 13:16:09", "elapsed": 12497.954055070877, "delta": 28.820446252822876}, "costs": {"total_cost": 1439.0359995128713, "time_cost": 150, "final_distance_cost": 157.2395063587828, "oscillation_cost": 12.619448584310517, "completition_cost": 888.8888888888888, "overshoot_cost": 158.43469667986648, "power_cost": 26.914448352050783, "noise_cost": 44.939010648971895, "n_waypoints_completed": 1, "tot_waypoints": 9}}
{"target": -190.14872136908443, "params": {"k_pid_pos": [1.849624377781123, 0.024859491386256316, 0.855962508813682], "k_pid_alt": [1.296896341175293, 0.0, 0.3146878632891922], "k_pid_att": [52.781640202125004, 3.8677381495188174, 0.1845336041603497], "k_pid_yaw": [0.5, 1e-06, 0.1], "k_pid_hsp": [0.09847755819799779, 0.011264223901387349, 0.0], "k_pid_vsp": [14.740616244021254, 156.73508457218338, 10.0]}, "datetime": {"datetime": "2025-08-13 13:16:26", "elapsed": 12514.746492624283, "delta": 16.79243755340576}, "costs": {"total_cost": 190.14872136908443, "time_cost": 69.657, "final_distance_cost": 1.82137074061701, "oscillation_cost": 33.994823756935695, "completition_cost": 0.0, "overshoot_cost": 50.41913874370096, "power_cost": 16.139280126953125, "noise_cost": 18.11710800087766, "n_waypoints_completed": 9, "tot_waypoints": 9}}
{"target": -1594.1709867510242, "params": {"k_pid_pos": [1.4340672435785011, 0.024859491386256316, 0.44963268842268056], "k_pid_alt": [1.4458679973838424, 0.0, 0.3146878632891922], "k_pid_att": [43.948176657889235, 3.8677381495188174, 0.1845336041603497], "k_pid_yaw": [0.5, 1e-06, 0.1], "k_pid_hsp": [0.09847755819799779, 0.011264223901387349, 0.0], "k_pid_vsp": [17.18305095025783, 93.09285943774285, 125.63076761775174]}, "datetime": {"datetime": "2025-08-13 13:16:55", "elapsed": 12543.43064546585, "delta": 28.684152841567993}, "costs": {"total_cost": 1594.1709867510242, "time_cost": 150, "final_distance_cost": 233.27052884639355, "oscillation_cost": 9.591488827351416, "completition_cost": 888.8888888888888, "overshoot_cost": 222.38126600489636, "power_cost": 27.43433062744141, "noise_cost": 62.60448355605289, "n_waypoints_completed": 1, "tot_waypoints": 9}}
{"target": -186.3415936505983, "params": {"k_pid_pos": [1.4999912498542303, 0.024859491386256316, 0.44963268842268056], "k_pid_alt": [1.2679502233621702, 0.0, 0.1576465649121419], "k_pid_att": [39.447728079683905, 3.8677381495188174, 0.1845336041603497], "k_pid_yaw": [0.5, 1e-06, 0.1], "k_pid_hsp": [0.09847755819799779, 0.011264223901387349, 0.0], "k_pid_vsp": [397.63618790684643, 156.73508457218338, 10.0]}, "datetime": {"datetime": "2025-08-13 13:17:11", "elapsed": 12560.020976781845, "delta": 16.590331315994263}, "costs": {"total_cost": 186.3415936505983, "time_cost": 70.112, "final_distance_cost": 1.798464449075753, "oscillation_cost": 29.89008762374931, "completition_cost": 0.0, "overshoot_cost": 50.584134319058386, "power_cost": 16.53235740966797, "noise_cost": 17.424549849046883, "n_waypoints_completed": 9, "tot_waypoints": 9}}
{"target": -822.2289008555907, "params": {"k_pid_pos": [0.3389642570300425, 0.06328363340203702, 0.855962508813682], "k_pid_alt": [1.2679502233621702, 0.0, 0.06527723447865985], "k_pid_att": [58.989274729095186, 6.16091081068753, 0.5354455210588809], "k_pid_yaw": [0.5, 1e-06, 0.1], "k_pid_hsp": [0.09847755819799779, 0.9572191492093396, 0.0], "k_pid_vsp": [17.18305095025783, 93.09285943774285, 10.0]}, "datetime": {"datetime": "2025-08-13 13:17:40", "elapsed": 12588.14254450798, "delta": 28.121567726135254}, "costs": {"total_cost": 822.2289008555907, "time_cost": 150, "final_distance_cost": 66.30875751772359, "oscillation_cost": 151.49477370106868, "completition_cost": 333.33333333333337, "overshoot_cost": 61.93029743126043, "power_cost": 26.509105615234375, "noise_cost": 32.65263325697027, "n_waypoints_completed": 6, "tot_waypoints": 9}}
{"target": -190.6652897044077, "params": {"k_pid_pos": [1.4999912498542303, 0.11906128738229915, 0.44963268842268056], "k_pid_alt": [1.4458679973838424, 0.0, 0.2242343482792274], "k_pid_att": [43.948176657889235, 2.1609837743181, 0.1845336041603497], "k_pid_yaw": [0.5, 1e-06, 0.1], "k_pid_hsp": [0.09847755819799779, 0.011264223901387349, 0.0], "k_pid_vsp": [316.1258038976114, 156.73508457218338, 10.0]}, "datetime": {"datetime": "2025-08-13 13:17:57", "elapsed": 12605.188877820969, "delta": 17.04633331298828}, "costs": {"total_cost": 190.6652897044077, "time_cost": 71.792, "final_distance_cost": 1.7748656795853939, "oscillation_cost": 30.546517816856845, "completition_cost": 0.0, "overshoot_cost": 50.871277185531945, "power_cost": 16.80497578125, "noise_cost": 18.875653241183514, "n_waypoints_completed": 9, "tot_waypoints": 9}}
{"target": -196.66243726365045, "params": {"k_pid_pos": [1.9188042305344217, 0.024859491386256316, 0.44963268842268056], "k_pid_alt": [1.4458679973838424, 0.02520494712616217, 0.949345597264735], "k_pid_att": [59.499437225992025, 0.7200504618080176, 0.9166398602394554], "k_pid_yaw": [0.5, 1e-06, 0.1], "k_pid_hsp": [0.09847755819799779, 0.011264223901387349, 0.0], "k_pid_vsp": [42.24848860435038, 156.73508457218338, 10.0]}, "datetime": {"datetime": "2025-08-13 13:18:14", "elapsed": 12622.131154537201, "delta": 16.9422767162323}, "costs": {"total_cost": 196.66243726365045, "time_cost": 70.973, "final_distance_cost": 1.7687321764489727, "oscillation_cost": 31.58497864281934, "completition_cost": 0.0, "overshoot_cost": 51.73748533153729, "power_cost": 20.958589868164065, "noise_cost": 19.639651244680778, "n_waypoints_completed": 9, "tot_waypoints": 9}}
{"target": -2027.4185487113805, "params": {"k_pid_pos": [1.849624377781123, 0.024859491386256316, 0.855962508813682], "k_pid_alt": [1.636508049307729, 0.0, 0.3146878632891922], "k_pid_att": [43.948176657889235, 3.8677381495188174, 0.1845336041603497], "k_pid_yaw": [0.5, 1e-06, 0.1], "k_pid_hsp": [0.09847755819799779, 0.011264223901387349, 0.43414878436037274], "k_pid_vsp": [143.10102476512975, 93.09285943774285, 10.0]}, "datetime": {"datetime": "2025-08-13 13:18:42", "elapsed": 12650.987483024597, "delta": 28.85632848739624}, "costs": {"total_cost": 2027.4185487113805, "time_cost": 150, "final_distance_cost": 74.62688536890936, "oscillation_cost": 837.7580755419139, "completition_cost": 777.7777777777778, "overshoot_cost": 115.72702879394583, "power_cost": 40.178564440917974, "noise_cost": 31.350216787915226, "n_waypoints_completed": 2, "tot_waypoints": 9}}
{"target": -203.5944468439369, "params": {"k_pid_pos": [1.3078103269235994, 0.024859491386256316, 0.44963268842268056], "k_pid_alt": [1.296896341175293, 0.0, 0.3146878632891922], "k_pid_att": [52.781640202125004, 3.8677381495188174, 0.1845336041603497], "k_pid_yaw": [0.5, 1e-06, 0.1], "k_pid_hsp": [0.09847755819799779, 0.011264223901387349, 0.0], "k_pid_vsp": [397.63618790684643, 156.73508457218338, 10.0]}, "datetime": {"datetime": "2025-08-13 13:19:00", "elapsed": 12668.4492456913, "delta": 17.46176266670227}, "costs": {"total_cost": 203.5944468439369, "time_cost": 73.01, "final_distance_cost": 1.8177071331411077, "oscillation_cost": 29.28465718390103, "completition_cost": 0.0, "overshoot_cost": 52.14243886312608, "power_cost": 24.55118271484375, "noise_cost": 22.78846094892492, "n_waypoints_completed": 9, "tot_waypoints": 9}}
{"target": -209.00038219432201, "params": {"k_pid_pos": [1.4340672435785011, 0.024859491386256316, 0.9062157365473852], "k_pid_alt": [1.2679502233621702, 0.21279159204151088, 0.949345597264735], "k_pid_att": [39.447728079683905, 3.8677381495188174, 0.1845336041603497], "k_pid_yaw": [0.5, 1e-06, 0.1], "k_pid_hsp": [0.09847755819799779, 0.011264223901387349, 0.0], "k_pid_vsp": [194.7624155113164, 156.73508457218338, 10.0]}, "datetime": {"datetime": "2025-08-13 13:19:20", "elapsed": 12688.712461948395, "delta": 20.263216257095337}, "costs": {"total_cost": 209.00038219432201, "time_cost": 82.621, "final_distance_cost": 1.7930375968914443, "oscillation_cost": 27.785826812641943, "completition_cost": 0.0, "overshoot_cost": 51.9370412520233, "power_cost": 22.807726184082032, "noise_cost": 22.055750348683304, "n_waypoints_completed": 9, "tot_waypoints": 9}}
{"target": -194.0974409480331, "params": {"k_pid_pos": [1.4340672435785011, 0.024859491386256316, 0.44963268842268056], "k_pid_alt": [1.296896341175293, 0.0, 0.16072894317769304], "k_pid_att": [94.70626418914286, 3.8677381495188174, 0.1845336041603497], "k_pid_yaw": [0.5, 1e-06, 0.1], "k_pid_hsp": [0.09847755819799779, 0.011264223901387349, 0.0], "k_pid_vsp": [17.18305095025783, 93.09285943774285, 10.0]}, "datetime": {"datetime": "2025-08-13 13:19:37", "elapsed": 12705.15490269661, "delta": 16.44244074821472}, "costs": {"total_cost": 194.0974409480331, "time_cost": 70.028, "final_distance_cost": 1.791305389235148, "oscillation_cost": 30.032731542416915, "completition_cost": 0.0, "overshoot_cost": 50.77651636926676, "power_cost": 21.423975622558594, "noise_cost": 20.04491202455565, "n_waypoints_completed": 9, "tot_waypoints": 9}}
