{"target": -237.13224737778444, "params": {"k_pid_pos": [1.849624377781123, 0.024859491386256316, 0.44963268842268056], "k_pid_alt": [1.2679502233621702, 0.024777875161596796, 0.949345597264735], "k_pid_att": [39.447728079683905, 2.479545121909682, 0.004857337777279036], "k_pid_yaw": [0.5, 1e-06, 0.1], "k_pid_hsp": [0.09847755819799779, 0.1531003758033771, 0.0], "k_pid_vsp": [194.7624155113164, 156.73508457218338, 10.0]}, "datetime": {"datetime": "2025-08-13 11:52:51", "elapsed": 7499.934977531433, "delta": 32.86162781715393}, "costs": {"total_cost": 237.13224737778444, "time_cost": 74.767, "final_distance_cost": 1.8265978533771143, "oscillation_cost": 66.71095843260078, "completition_cost": 0.0, "overshoot_cost": 50.629906826254256, "power_cost": 21.67667233886719, "noise_cost": 21.52111192668514, "n_waypoints_completed": 9, "tot_waypoints": 9}}
{"target": -195.27983065540718, "params": {"k_pid_pos": [1.849624377781123, 0.024859491386256316, 0.44963268842268056], "k_pid_alt": [1.2679502233621702, 0.0, 0.949345597264735], "k_pid_att": [14.415714892135846, 3.8677381495188174, 0.1845336041603497], "k_pid_yaw": [0.5, 1e-06, 0.1], "k_pid_hsp": [0.09847755819799779, 0.011264223901387349, 0.0], "k_pid_vsp": [17.18305095025783, 20.0, 10.0]}, "datetime": {"datetime": "2025-08-13 11:53:24", "elapsed": 7532.984426736832, "delta": 33.04944920539856}, "costs": {"total_cost": 195.27983065540718, "time_cost": 73.85000000000001, "final_distance_cost": 1.8179508936108046, "oscillation_cost": 30.4407294253448, "completition_cost": 0.0, "overshoot_cost": 52.650966621769676, "power_cost": 16.67000612792969, "noise_cost": 19.850177586752224, "n_waypoints_completed": 9, "tot_waypoints": 9}}
{"target": -191.2703235668027, "params": {"k_pid_pos": [1.849624377781123, 0.024859491386256316, 0.6830149564489978], "k_pid_alt": [1.2679502233621702, 0.0, 0.949345597264735], "k_pid_att": [85.02836851553842, 7.284845820832624, 0.004857337777279036], "k_pid_yaw": [0.5, 1e-06, 0.1], "k_pid_hsp": [0.09847755819799779, 0.011264223901387349, 0.0], "k_pid_vsp": [194.7624155113164, 351.388862279923, 10.0]}, "datetime": {"datetime": "2025-08-13 11:53:56", "elapsed": 7565.053779602051, "delta": 32.069352865219116}, "costs": {"total_cost": 191.2703235668027, "time_cost": 72.779, "final_distance_cost": 1.8192971063986543, "oscillation_cost": 36.352427922088005, "completition_cost": 0.0, "overshoot_cost": 50.808586318163954, "power_cost": 10.49249638671875, "noise_cost": 19.018515833433334, "n_waypoints_completed": 9, "tot_waypoints": 9}}
{"target": -192.94265000227486, "params": {"k_pid_pos": [1.4340672435785011, 0.024859491386256316, 0.2995124902746459], "k_pid_alt": [1.2679502233621702, 0.02520494712616217, 0.5115311366376475], "k_pid_att": [94.03514125381805, 3.8677381495188174, 0.1845336041603497], "k_pid_yaw": [0.5, 1e-06, 0.1], "k_pid_hsp": [0.09847755819799779, 0.011264223901387349, 0.0], "k_pid_vsp": [194.7624155113164, 93.09285943774285, 10.0]}, "datetime": {"datetime": "2025-08-13 11:54:28", "elapsed": 7597.028893947601, "delta": 31.975114345550537}, "costs": {"total_cost": 192.94265000227486, "time_cost": 70.44800000000001, "final_distance_cost": 1.81177381488876, "oscillation_cost": 33.81564764997677, "completition_cost": 0.0, "overshoot_cost": 51.488891489363624, "power_cost": 16.303800451660155, "noise_cost": 19.07453659638554, "n_waypoints_completed": 9, "tot_waypoints": 9}}
{"target": -2128.7205291284267, "params": {"k_pid_pos": [1.849624377781123, 0.024859491386256316, 0.44963268842268056], "k_pid_alt": [1.2679502233621702, 0.0, 0.949345597264735], "k_pid_att": [94.03514125381805, 3.8677381495188174, 0.1845336041603497], "k_pid_yaw": [0.5, 1e-06, 0.1], "k_pid_hsp": [0.09847755819799779, 0.011264223901387349, 0.7580210831503069], "k_pid_vsp": [194.7624155113164, 334.44631400062605, 10.0]}, "datetime": {"datetime": "2025-08-13 11:55:25", "elapsed": 7653.220705986023, "delta": 56.19181203842163}, "costs": {"total_cost": 2128.7205291284267, "time_cost": 150, "final_distance_cost": 40.85200489914942, "oscillation_cost": 774.7762081174618, "completition_cost": 888.8888888888888, "overshoot_cost": 188.57357812322255, "power_cost": 50.17951333007813, "noise_cost": 35.45033576962626, "n_waypoints_completed": 1, "tot_waypoints": 9}}
{"target": -196.65911899282554, "params": {"k_pid_pos": [1.849624377781123, 0.024859491386256316, 0.6830149564489978], "k_pid_alt": [1.2679502233621702, 0.02520494712616217, 0.949345597264735], "k_pid_att": [39.447728079683905, 2.479545121909682, 0.004857337777279036], "k_pid_yaw": [0.5, 1e-06, 0.1], "k_pid_hsp": [1.5353014571438959, 0.011264223901387349, 0.0], "k_pid_vsp": [194.7624155113164, 20.0, 10.0]}, "datetime": {"datetime": "2025-08-13 11:55:57", "elapsed": 7685.326792001724, "delta": 32.106086015701294}, "costs": {"total_cost": 196.65911899282554, "time_cost": 71.134, "final_distance_cost": 1.8319797131462117, "oscillation_cost": 37.05368694063788, "completition_cost": 0.0, "overshoot_cost": 51.205083622477645, "power_cost": 15.239784643554689, "noise_cost": 20.194584073009114, "n_waypoints_completed": 9, "tot_waypoints": 9}}
{"target": -216.63845539858383, "params": {"k_pid_pos": [1.849624377781123, 0.15744760866519159, 0.44963268842268056], "k_pid_alt": [1.2679502233621702, 0.02520494712616217, 0.949345597264735], "k_pid_att": [39.447728079683905, 3.8677381495188174, 0.1845336041603497], "k_pid_yaw": [0.5, 1e-06, 0.1], "k_pid_hsp": [4.3089058856187865, 0.011264223901387349, 0.0], "k_pid_vsp": [194.7624155113164, 156.73508457218338, 10.0]}, "datetime": {"datetime": "2025-08-13 11:56:28", "elapsed": 7716.9274752140045, "delta": 31.600683212280273}, "costs": {"total_cost": 216.63845539858383, "time_cost": 71.911, "final_distance_cost": 1.7990626453672312, "oscillation_cost": 54.45443365319082, "completition_cost": 0.0, "overshoot_cost": 50.52279568467103, "power_cost": 18.765429125976564, "noise_cost": 19.185734289378196, "n_waypoints_completed": 9, "tot_waypoints": 9}}
{"target": -186.14768002806434, "params": {"k_pid_pos": [1.849624377781123, 0.024859491386256316, 0.44963268842268056], "k_pid_alt": [1.4458679973838424, 0.02520494712616217, 0.949345597264735], "k_pid_att": [39.447728079683905, 3.8677381495188174, 0.1845336041603497], "k_pid_yaw": [0.5, 1e-06, 0.1], "k_pid_hsp": [0.09847755819799779, 0.011264223901387349, 0.0], "k_pid_vsp": [194.7624155113164, 156.73508457218338, 10.0]}, "datetime": {"datetime": "2025-08-13 11:57:01", "elapsed": 7749.3858778476715, "delta": 32.45840263366699}, "costs": {"total_cost": 186.14768002806434, "time_cost": 70.385, "final_distance_cost": 1.7590709239000817, "oscillation_cost": 32.244698347032745, "completition_cost": 0.0, "overshoot_cost": 50.57431557128867, "power_cost": 12.313734790039064, "noise_cost": 18.87086039580375, "n_waypoints_completed": 9, "tot_waypoints": 9}}
{"target": -188.3592384564103, "params": {"k_pid_pos": [1.849624377781123, 0.024859491386256316, 0.855962508813682], "k_pid_alt": [1.2679502233621702, 0.0, 0.949345597264735], "k_pid_att": [14.415714892135846, 3.8677381495188174, 0.1845336041603497], "k_pid_yaw": [0.5, 1e-06, 0.1], "k_pid_hsp": [0.09847755819799779, 0.011264223901387349, 0.0], "k_pid_vsp": [194.7624155113164, 156.73508457218338, 10.0]}, "datetime": {"datetime": "2025-08-13 11:57:33", "elapsed": 7781.648354053497, "delta": 32.262476205825806}, "costs": {"total_cost": 188.3592384564103, "time_cost": 72.569, "final_distance_cost": 1.8335506939583246, "oscillation_cost": 29.719184564725857, "completition_cost": 0.0, "overshoot_cost": 50.615105384767176, "power_cost": 15.497702502441406, "noise_cost": 18.124695310517538, "n_waypoints_completed": 9, "tot_waypoints": 9}}
{"target": -222.6305955526202, "params": {"k_pid_pos": [1.849624377781123, 0.024859491386256316, 0.44963268842268056], "k_pid_alt": [0.9399307882487338, 0.6759099918155648, 0.949345597264735], "k_pid_att": [39.447728079683905, 3.8677381495188174, 0.1845336041603497], "k_pid_yaw": [0.5, 1e-06, 0.1], "k_pid_hsp": [0.09847755819799779, 0.011264223901387349, 0.0], "k_pid_vsp": [257.9492458711449, 307.0029666248519, 10.0]}, "datetime": {"datetime": "2025-08-13 11:58:13", "elapsed": 7822.044861078262, "delta": 40.396507024765015}, "costs": {"total_cost": 222.6305955526202, "time_cost": 90.09, "final_distance_cost": 1.74632935081729, "oscillation_cost": 37.36453966346926, "completition_cost": 0.0, "overshoot_cost": 53.956191477933935, "power_cost": 16.67969440917969, "noise_cost": 22.79384065122003, "n_waypoints_completed": 9, "tot_waypoints": 9}}
{"target": -236.65548487788135, "params": {"k_pid_pos": [1.849624377781123, 0.4185861255545337, 0.7374604451918155], "k_pid_alt": [1.2679502233621702, 0.3112231092042238, 0.434035615756316], "k_pid_att": [39.447728079683905, 9.868923336159826, 0.1845336041603497], "k_pid_yaw": [0.5, 1e-06, 0.1], "k_pid_hsp": [0.09847755819799779, 0.011264223901387349, 0.0], "k_pid_vsp": [257.9492458711449, 307.0029666248519, 10.0]}, "datetime": {"datetime": "2025-08-13 11:58:55", "elapsed": 7863.782234430313, "delta": 41.73737335205078}, "costs": {"total_cost": 236.65548487788135, "time_cost": 94.647, "final_distance_cost": 1.7740274664498932, "oscillation_cost": 35.16575475770416, "completition_cost": 0.0, "overshoot_cost": 53.19872550961675, "power_cost": 26.356475317382813, "noise_cost": 25.51350182672771, "n_waypoints_completed": 9, "tot_waypoints": 9}}
{"target": -203.34457646947868, "params": {"k_pid_pos": [1.849624377781123, 0.024859491386256316, 0.855962508813682], "k_pid_alt": [1.2679502233621702, 0.0, 0.949345597264735], "k_pid_att": [39.447728079683905, 7.284845820832624, 0.1845336041603497], "k_pid_yaw": [0.5, 1e-06, 0.1], "k_pid_hsp": [0.09847755819799779, 0.011264223901387349, 0.0], "k_pid_vsp": [194.7624155113164, 15.500533572620455, 10.0]}, "datetime": {"datetime": "2025-08-13 11:59:31", "elapsed": 7899.141089439392, "delta": 35.35885500907898}, "costs": {"total_cost": 203.34457646947868, "time_cost": 74.473, "final_distance_cost": 1.8073872766135808, "oscillation_cost": 29.04208895727884, "completition_cost": 0.0, "overshoot_cost": 52.18574131982449, "power_cost": 23.711416967773438, "noise_cost": 22.124941947988333, "n_waypoints_completed": 9, "tot_waypoints": 9}}
{"target": -194.5909762400361, "params": {"k_pid_pos": [1.849624377781123, 0.024859491386256316, 0.44963268842268056], "k_pid_alt": [1.2679502233621702, 0.02520494712616217, 0.949345597264735], "k_pid_att": [32.6162642003566, 3.8677381495188174, 0.1845336041603497], "k_pid_yaw": [0.5, 1e-06, 0.1], "k_pid_hsp": [0.09847755819799779, 0.011264223901387349, 0.0], "k_pid_vsp": [194.7624155113164, 20.0, 10.0]}, "datetime": {"datetime": "2025-08-13 12:00:07", "elapsed": 7935.280282974243, "delta": 36.139193534851074}, "costs": {"total_cost": 194.5909762400361, "time_cost": 71.855, "final_distance_cost": 1.7970941861726195, "oscillation_cost": 31.513335256568517, "completition_cost": 0.0, "overshoot_cost": 51.85535162899255, "power_cost": 18.8757328125, "noise_cost": 18.69446235580244, "n_waypoints_completed": 9, "tot_waypoints": 9}}
{"target": -203.63240669996483, "params": {"k_pid_pos": [1.849624377781123, 0.024859491386256316, 0.44963268842268056], "k_pid_alt": [1.2679502233621702, 0.02520494712616217, 0.4970906618065981], "k_pid_att": [39.447728079683905, 3.8677381495188174, 0.1845336041603497], "k_pid_yaw": [0.5, 1e-06, 0.1], "k_pid_hsp": [0.09847755819799779, 0.07304127476175892, 0.0], "k_pid_vsp": [194.7624155113164, 156.73508457218338, 10.0]}, "datetime": {"datetime": "2025-08-13 12:00:41", "elapsed": 7969.4007396698, "delta": 34.12045669555664}, "costs": {"total_cost": 203.63240669996483, "time_cost": 70.889, "final_distance_cost": 1.7775324929952692, "oscillation_cost": 44.0536917576764, "completition_cost": 0.0, "overshoot_cost": 50.69698460854766, "power_cost": 16.951045642089845, "noise_cost": 19.26415219865566, "n_waypoints_completed": 9, "tot_waypoints": 9}}
{"target": -198.24693409480938, "params": {"k_pid_pos": [1.849624377781123, 0.024859491386256316, 0.44963268842268056], "k_pid_alt": [1.296896341175293, 0.0, 0.5933401254113975], "k_pid_att": [39.447728079683905, 3.8677381495188174, 0.1845336041603497], "k_pid_yaw": [0.5, 1e-06, 0.1], "k_pid_hsp": [0.09847755819799779, 0.011264223901387349, 0.0], "k_pid_vsp": [194.7624155113164, 20.0, 10.0]}, "datetime": {"datetime": "2025-08-13 12:01:15", "elapsed": 8003.575607776642, "delta": 34.17486810684204}, "costs": {"total_cost": 198.24693409480938, "time_cost": 72.331, "final_distance_cost": 1.8048062060316548, "oscillation_cost": 31.520371344241685, "completition_cost": 0.0, "overshoot_cost": 51.82886415051415, "power_cost": 20.519992138671874, "noise_cost": 20.24190025535001, "n_waypoints_completed": 9, "tot_waypoints": 9}}
{"target": -215.2707541275176, "params": {"k_pid_pos": [0.9959853208014533, 0.024859491386256316, 0.6830149564489978], "k_pid_alt": [1.2679502233621702, 0.02520494712616217, 0.949345597264735], "k_pid_att": [94.03514125381805, 3.8677381495188174, 0.20230861884209816], "k_pid_yaw": [0.5, 1e-06, 0.1], "k_pid_hsp": [1.394059891471576, 0.011264223901387349, 0.0], "k_pid_vsp": [176.4074495617074, 93.09285943774285, 10.0]}, "datetime": {"datetime": "2025-08-13 12:01:52", "elapsed": 8040.534184455872, "delta": 36.958576679229736}, "costs": {"total_cost": 215.2707541275176, "time_cost": 80.101, "final_distance_cost": 1.854888505857405, "oscillation_cost": 43.348097857569236, "completition_cost": 0.0, "overshoot_cost": 51.45936516098034, "power_cost": 16.32254063720703, "noise_cost": 22.184861965903604, "n_waypoints_completed": 9, "tot_waypoints": 9}}
{"target": -212.80645696281394, "params": {"k_pid_pos": [1.849624377781123, 0.024859491386256316, 0.6830149564489978], "k_pid_alt": [0.647146874498667, 0.02520494712616217, 0.0952336102883754], "k_pid_att": [94.03514125381805, 3.8677381495188174, 0.1845336041603497], "k_pid_yaw": [0.5, 1e-06, 0.1], "k_pid_hsp": [0.09847755819799779, 0.011264223901387349, 0.0], "k_pid_vsp": [194.7624155113164, 93.09285943774285, 10.0]}, "datetime": {"datetime": "2025-08-13 12:02:29", "elapsed": 8077.323657751083, "delta": 36.78947329521179}, "costs": {"total_cost": 212.80645696281394, "time_cost": 82.194, "final_distance_cost": 1.7971091870506364, "oscillation_cost": 36.13588054094814, "completition_cost": 0.0, "overshoot_cost": 52.01125806381228, "power_cost": 19.33346473388672, "noise_cost": 21.33474443711614, "n_waypoints_completed": 9, "tot_waypoints": 9}}
{"target": -189.80498126287964, "params": {"k_pid_pos": [1.849624377781123, 0.024859491386256316, 0.44963268842268056], "k_pid_alt": [1.4458679973838424, 0.02520494712616217, 0.949345597264735], "k_pid_att": [39.447728079683905, 3.8677381495188174, 0.1845336041603497], "k_pid_yaw": [0.5, 1e-06, 0.1], "k_pid_hsp": [0.09847755819799779, 0.011264223901387349, 0.0], "k_pid_vsp": [194.7624155113164, 156.73508457218338, 10.0]}, "datetime": {"datetime": "2025-08-13 12:03:01", "elapsed": 8109.881665229797, "delta": 32.55800747871399}, "costs": {"total_cost": 189.80498126287964, "time_cost": 70.56700000000001, "final_distance_cost": 1.7896645167915481, "oscillation_cost": 31.690439360895443, "completition_cost": 0.0, "overshoot_cost": 51.235195675939686, "power_cost": 16.116903051757813, "noise_cost": 18.40577865749514, "n_waypoints_completed": 9, "tot_waypoints": 9}}
{"target": -199.69536752609707, "params": {"k_pid_pos": [1.849624377781123, 0.024859491386256316, 0.855962508813682], "k_pid_alt": [1.2679502233621702, 0.0, 0.949345597264735], "k_pid_att": [14.415714892135846, 3.8677381495188174, 0.1845336041603497], "k_pid_yaw": [0.5, 1e-06, 0.1], "k_pid_hsp": [0.09847755819799779, 0.011264223901387349, 0.0], "k_pid_vsp": [194.7624155113164, 156.73508457218338, 10.0]}, "datetime": {"datetime": "2025-08-13 12:03:37", "elapsed": 8145.153644323349, "delta": 35.271979093551636}, "costs": {"total_cost": 199.69536752609707, "time_cost": 73.21300000000001, "final_distance_cost": 1.820376988194032, "oscillation_cost": 29.398439732380027, "completition_cost": 0.0, "overshoot_cost": 51.141775990805236, "power_cost": 23.07809658203125, "noise_cost": 21.043678232686545, "n_waypoints_completed": 9, "tot_waypoints": 9}}
{"target": -193.71666849013448, "params": {"k_pid_pos": [1.849624377781123, 0.024859491386256316, 0.44963268842268056], "k_pid_alt": [1.296896341175293, 0.0, 0.949345597264735], "k_pid_att": [39.447728079683905, 3.8677381495188174, 0.1845336041603497], "k_pid_yaw": [0.5, 1e-06, 0.1], "k_pid_hsp": [0.09847755819799779, 0.011264223901387349, 0.0], "k_pid_vsp": [194.7624155113164, 307.0029666248519, 10.0]}, "datetime": {"datetime": "2025-08-13 12:04:09", "elapsed": 8177.5981612205505, "delta": 32.44451689720154}, "costs": {"total_cost": 193.71666849013448, "time_cost": 72.66, "final_distance_cost": 1.791567690435671, "oscillation_cost": 31.86610206369665, "completition_cost": 0.0, "overshoot_cost": 50.54007298070247, "power_cost": 18.210733129882815, "noise_cost": 18.648192625416904, "n_waypoints_completed": 9, "tot_waypoints": 9}}
{"target": -194.28332748609498, "params": {"k_pid_pos": [1.849624377781123, 0.024859491386256316, 0.44963268842268056], "k_pid_alt": [1.1302962253917743, 0.0, 0.8361997509577753], "k_pid_att": [19.462821160492226, 7.212729332224264, 0.737857181360408], "k_pid_yaw": [0.5, 1e-06, 0.1], "k_pid_hsp": [0.09847755819799779, 0.011264223901387349, 0.0], "k_pid_vsp": [194.7624155113164, 139.20520652041523, 10.0]}, "datetime": {"datetime": "2025-08-13 12:04:42", "elapsed": 8210.186668634415, "delta": 32.588507413864136}, "costs": {"total_cost": 194.28332748609498, "time_cost": 73.227, "final_distance_cost": 1.82107719617471, "oscillation_cost": 31.607204839997667, "completition_cost": 0.0, "overshoot_cost": 50.846784745769995, "power_cost": 17.679836657714844, "noise_cost": 19.101424046437756, "n_waypoints_completed": 9, "tot_waypoints": 9}}
{"target": -189.85580927819638, "params": {"k_pid_pos": [1.849624377781123, 0.024859491386256316, 0.44963268842268056], "k_pid_alt": [1.2679502233621702, 0.0, 0.949345597264735], "k_pid_att": [14.415714892135846, 3.8677381495188174, 0.1845336041603497], "k_pid_yaw": [0.5, 1e-06, 0.1], "k_pid_hsp": [0.09847755819799779, 0.011264223901387349, 0.0], "k_pid_vsp": [17.18305095025783, 20.0, 10.0]}, "datetime": {"datetime": "2025-08-13 12:05:14", "elapsed": 8242.742232561111, "delta": 32.55556392669678}, "costs": {"total_cost": 189.85580927819638, "time_cost": 73.766, "final_distance_cost": 1.7908938498768543, "oscillation_cost": 30.640003041935824, "completition_cost": 0.0, "overshoot_cost": 52.34106820062736, "power_cost": 11.463721301269532, "noise_cost": 19.854122884486774, "n_waypoints_completed": 9, "tot_waypoints": 9}}
{"target": -187.6595254223418, "params": {"k_pid_pos": [1.849624377781123, 0.024859491386256316, 0.44963268842268056], "k_pid_alt": [1.4458679973838424, 0.02520494712616217, 0.949345597264735], "k_pid_att": [39.447728079683905, 3.8677381495188174, 0.1845336041603497], "k_pid_yaw": [0.5, 1e-06, 0.1], "k_pid_hsp": [0.09847755819799779, 0.011264223901387349, 0.0], "k_pid_vsp": [17.18305095025783, 20.0, 10.0]}, "datetime": {"datetime": "2025-08-13 12:05:47", "elapsed": 8275.906432628632, "delta": 33.16420006752014}, "costs": {"total_cost": 187.6595254223418, "time_cost": 71.596, "final_distance_cost": 1.7814991676460223, "oscillation_cost": 31.64704237624281, "completition_cost": 0.0, "overshoot_cost": 52.38282571256991, "power_cost": 11.203737988281251, "noise_cost": 19.048420177601812, "n_waypoints_completed": 9, "tot_waypoints": 9}}
{"target": -198.55380930767993, "params": {"k_pid_pos": [1.849624377781123, 0.024859491386256316, 0.44963268842268056], "k_pid_alt": [1.2679502233621702, 0.0, 0.949345597264735], "k_pid_att": [14.415714892135846, 3.8677381495188174, 0.1845336041603497], "k_pid_yaw": [0.5, 1e-06, 0.1], "k_pid_hsp": [0.09847755819799779, 0.011264223901387349, 0.0], "k_pid_vsp": [162.63925748078515, 156.73508457218338, 10.0]}, "datetime": {"datetime": "2025-08-13 12:06:20", "elapsed": 8308.26306772232, "delta": 32.356635093688965}, "costs": {"total_cost": 198.55380930767993, "time_cost": 73.178, "final_distance_cost": 1.8306236854978062, "oscillation_cost": 31.37390456267812, "completition_cost": 0.0, "overshoot_cost": 51.254657376649845, "power_cost": 20.55082568359375, "noise_cost": 20.365797999260387, "n_waypoints_completed": 9, "tot_waypoints": 9}}
{"target": -191.17982455142237, "params": {"k_pid_pos": [1.849624377781123, 0.024859491386256316, 0.44963268842268056], "k_pid_alt": [1.2679502233621702, 0.0, 0.949345597264735], "k_pid_att": [17.813414374173632, 3.8677381495188174, 0.1845336041603497], "k_pid_yaw": [0.5, 1e-06, 0.1], "k_pid_hsp": [0.09847755819799779, 0.011264223901387349, 0.0], "k_pid_vsp": [194.7624155113164, 20.0, 10.0]}, "datetime": {"datetime": "2025-08-13 12:06:53", "elapsed": 8341.426300287247, "delta": 33.16323256492615}, "costs": {"total_cost": 191.17982455142237, "time_cost": 73.47200000000001, "final_distance_cost": 1.8252975336981798, "oscillation_cost": 31.435409348433392, "completition_cost": 0.0, "overshoot_cost": 51.48354521069105, "power_cost": 14.28819949951172, "noise_cost": 18.675372959088023, "n_waypoints_completed": 9, "tot_waypoints": 9}}
