{"target": -430.6103164589956, "params": {"k_pid_pos": [1.0031316701085804, 0.024859491386256316, 0.7180997852669284], "k_pid_alt": [0.6046773907049969, 0.0, 0.3146878632891922], "k_pid_att": [43.948176657889235, 3.7802132718527557, 0.1845336041603497], "k_pid_yaw": [0.5, 1e-06, 0.1], "k_pid_hsp": [6.3710770224823925, 0.011264223901387349, 0.0], "k_pid_vsp": [279.31855783528204, 156.73508457218338, 10.0]}, "datetime": {"datetime": "2025-08-13 13:56:30", "elapsed": 14918.888506650925, "delta": 29.425907135009766}, "costs": {"total_cost": 430.6103164589956, "time_cost": 86.275, "final_distance_cost": 1.8571928559340685, "oscillation_cost": 247.25689443289662, "completition_cost": 0.0, "overshoot_cost": 51.907571013101574, "power_cost": 20.435271728515627, "noise_cost": 22.878386428547724, "n_waypoints_completed": 9, "tot_waypoints": 9}}
{"target": -231.79851899009276, "params": {"k_pid_pos": [0.5692387081849184, 0.024859491386256316, 0.31939348815736834], "k_pid_alt": [1.4458679973838424, 0.0, 0.3146878632891922], "k_pid_att": [24.0942673894178, 3.7802132718527557, 0.1845336041603497], "k_pid_yaw": [0.5, 1e-06, 0.1], "k_pid_hsp": [0.09847755819799779, 0.1601774916667501, 0.0], "k_pid_vsp": [279.31855783528204, 156.73508457218338, 10.0]}, "datetime": {"datetime": "2025-08-13 13:56:57", "elapsed": 14945.23542881012, "delta": 26.346922159194946}, "costs": {"total_cost": 231.79851899009276, "time_cost": 81.82300000000001, "final_distance_cost": 1.8536151722953302, "oscillation_cost": 52.10154431740966, "completition_cost": 0.0, "overshoot_cost": 51.59940383191743, "power_cost": 21.440147338867188, "noise_cost": 22.980808329603192, "n_waypoints_completed": 9, "tot_waypoints": 9}}
{"target": -204.33854326783174, "params": {"k_pid_pos": [1.0031316701085804, 0.4270214819009781, 0.40092638265648595], "k_pid_alt": [1.4458679973838424, 0.0, 0.3146878632891922], "k_pid_att": [43.948176657889235, 3.7802132718527557, 0.1845336041603497], "k_pid_yaw": [0.5, 1e-06, 0.1], "k_pid_hsp": [0.09847755819799779, 0.011264223901387349, 0.0], "k_pid_vsp": [279.31855783528204, 156.73508457218338, 10.0]}, "datetime": {"datetime": "2025-08-13 13:57:21", "elapsed": 14969.09883928299, "delta": 23.863410472869873}, "costs": {"total_cost": 204.33854326783174, "time_cost": 79.33800000000001, "final_distance_cost": 1.7607059603158002, "oscillation_cost": 29.17741120818426, "completition_cost": 0.0, "overshoot_cost": 52.25757916562981, "power_cost": 20.97731013183594, "noise_cost": 20.827536801865943, "n_waypoints_completed": 9, "tot_waypoints": 9}}
{"target": -5108.8461634802925, "params": {"k_pid_pos": [1.4999912498542303, 0.11906128738229915, 0.44963268842268056], "k_pid_alt": [1.3131013039922512, 0.0, 0.8432543631122329], "k_pid_att": [24.0942673894178, 3.7802132718527557, 0.837110513405392], "k_pid_yaw": [0.5, 1e-06, 0.1], "k_pid_hsp": [0.09847755819799779, 0.011264223901387349, 0.0], "k_pid_vsp": [17.18305095025783, 93.09285943774285, 297.58217656473335]}, "datetime": {"datetime": "2025-08-13 13:57:53", "elapsed": 15001.14898109436, "delta": 32.05014181137085}, "costs": {"total_cost": 5108.8461634802925, "time_cost": 150, "final_distance_cost": 1724.8335196833407, "oscillation_cost": 7.729038859858864, "completition_cost": 888.8888888888888, "overshoot_cost": 2263.8598022804895, "power_cost": 29.085971801757815, "noise_cost": 44.44894196595572, "n_waypoints_completed": 1, "tot_waypoints": 9}}
{"target": -184.53225807689645, "params": {"k_pid_pos": [1.0031316701085804, 0.024859491386256316, 0.44963268842268056], "k_pid_alt": [1.4458679973838424, 0.0, 0.13294310327404035], "k_pid_att": [39.447728079683905, 3.8677381495188174, 0.8257697299075593], "k_pid_yaw": [0.5, 1e-06, 0.1], "k_pid_hsp": [0.09847755819799779, 0.011264223901387349, 0.0], "k_pid_vsp": [194.7624155113164, 317.0669739011019, 10.0]}, "datetime": {"datetime": "2025-08-13 13:58:13", "elapsed": 15021.254791259766, "delta": 20.105810165405273}, "costs": {"total_cost": 184.53225807689645, "time_cost": 70.42, "final_distance_cost": 1.8229019697808069, "oscillation_cost": 26.15037997680734, "completition_cost": 0.0, "overshoot_cost": 50.323793607848145, "power_cost": 17.404902258300783, "noise_cost": 18.410280264159372, "n_waypoints_completed": 9, "tot_waypoints": 9}}
{"target": -202.10890199533, "params": {"k_pid_pos": [1.0031316701085804, 0.024859491386256316, 0.34448922264239656], "k_pid_alt": [1.4458679973838424, 0.2529878781088879, 0.13294310327404035], "k_pid_att": [39.447728079683905, 3.8677381495188174, 0.3495979120577055], "k_pid_yaw": [0.5, 1e-06, 0.1], "k_pid_hsp": [0.09847755819799779, 0.011264223901387349, 0.0], "k_pid_vsp": [194.7624155113164, 156.73508457218338, 10.0]}, "datetime": {"datetime": "2025-08-13 13:58:34", "elapsed": 15043.063851118088, "delta": 21.809059858322144}, "costs": {"total_cost": 202.10890199533, "time_cost": 81.305, "final_distance_cost": 1.7954446711058367, "oscillation_cost": 28.116436927096093, "completition_cost": 0.0, "overshoot_cost": 51.29347659504251, "power_cost": 18.141813305664062, "noise_cost": 21.456730496421464, "n_waypoints_completed": 9, "tot_waypoints": 9}}
{"target": -194.24130583369256, "params": {"k_pid_pos": [1.4999912498542303, 0.11906128738229915, 0.44963268842268056], "k_pid_alt": [1.3131013039922512, 0.0, 0.3146878632891922], "k_pid_att": [43.948176657889235, 3.7802132718527557, 0.1845336041603497], "k_pid_yaw": [0.5, 1e-06, 0.1], "k_pid_hsp": [0.09847755819799779, 0.011264223901387349, 0.0], "k_pid_vsp": [279.31855783528204, 156.73508457218338, 10.0]}, "datetime": {"datetime": "2025-08-13 13:58:55", "elapsed": 15063.34217095375, "delta": 20.278319835662842}, "costs": {"total_cost": 194.24130583369256, "time_cost": 72.555, "final_distance_cost": 1.782329070356387, "oscillation_cost": 29.990892766258995, "completition_cost": 0.0, "overshoot_cost": 51.12107339413724, "power_cost": 19.559929541015627, "noise_cost": 19.2320810619243, "n_waypoints_completed": 9, "tot_waypoints": 9}}
{"target": -1124.7533303918426, "params": {"k_pid_pos": [1.4999912498542303, 0.11906128738229915, 0.8560330222059385], "k_pid_alt": [0.6270192127693479, 0.0, 0.13294310327404035], "k_pid_att": [39.447728079683905, 3.8677381495188174, 0.3495979120577055], "k_pid_yaw": [0.5, 1e-06, 0.1], "k_pid_hsp": [0.09847755819799779, 0.011264223901387349, 0.0], "k_pid_vsp": [194.7624155113164, 156.73508457218338, 162.0962713214115]}, "datetime": {"datetime": "2025-08-13 13:59:31", "elapsed": 15099.67944598198, "delta": 36.33727502822876}, "costs": {"total_cost": 1124.7533303918426, "time_cost": 150, "final_distance_cost": 85.58410387822927, "oscillation_cost": 9.362199237886456, "completition_cost": 777.7777777777778, "overshoot_cost": 44.708007324613774, "power_cost": 30.124472583007815, "noise_cost": 27.196769590327474, "n_waypoints_completed": 2, "tot_waypoints": 9}}
{"target": -1929.680602566689, "params": {"k_pid_pos": [1.0031316701085804, 0.024859491386256316, 0.15990719972617584], "k_pid_alt": [1.4458679973838424, 0.0, 0.3146878632891922], "k_pid_att": [43.948176657889235, 7.880595818058369, 0.1845336041603497], "k_pid_yaw": [0.5, 1e-06, 0.1], "k_pid_hsp": [0.09847755819799779, 0.011264223901387349, 0.465397660104255], "k_pid_vsp": [279.31855783528204, 156.73508457218338, 10.0]}, "datetime": {"datetime": "2025-08-13 14:00:02", "elapsed": 15130.51715373993, "delta": 30.83770775794983}, "costs": {"total_cost": 1929.680602566689, "time_cost": 150, "final_distance_cost": 86.85592701276013, "oscillation_cost": 860.3573025016917, "completition_cost": 666.6666666666667, "overshoot_cost": 90.22939424904736, "power_cost": 43.44159650878906, "noise_cost": 32.129715627734235, "n_waypoints_completed": 3, "tot_waypoints": 9}}
{"target": -185.31088763750478, "params": {"k_pid_pos": [1.0031316701085804, 0.024859491386256316, 0.44963268842268056], "k_pid_alt": [1.4458679973838424, 0.0, 0.3146878632891922], "k_pid_att": [74.0360908705424, 0.0889010446451618, 0.1845336041603497], "k_pid_yaw": [0.5, 1e-06, 0.1], "k_pid_hsp": [0.09847755819799779, 0.011264223901387349, 0.0], "k_pid_vsp": [277.2708477836043, 20.55210058569056, 10.0]}, "datetime": {"datetime": "2025-08-13 14:00:24", "elapsed": 15152.682153701782, "delta": 22.164999961853027}, "costs": {"total_cost": 185.31088763750478, "time_cost": 71.93900000000001, "final_distance_cost": 1.826839509767464, "oscillation_cost": 27.99952553756611, "completition_cost": 0.0, "overshoot_cost": 51.68758875670256, "power_cost": 13.385162365722657, "noise_cost": 18.472771467745957, "n_waypoints_completed": 9, "tot_waypoints": 9}}
{"target": -205.16354184160303, "params": {"k_pid_pos": [1.849624377781123, 0.37843933188781775, 0.855962508813682], "k_pid_alt": [1.2679502233621702, 0.02520494712616217, 0.949345597264735], "k_pid_att": [39.909449977216326, 3.8677381495188174, 0.1845336041603497], "k_pid_yaw": [0.5, 1e-06, 0.1], "k_pid_hsp": [0.04235883945842596, 0.011264223901387349, 0.0], "k_pid_vsp": [179.49655965827282, 156.73508457218338, 10.0]}, "datetime": {"datetime": "2025-08-13 14:00:51", "elapsed": 15179.16340136528, "delta": 26.481247663497925}, "costs": {"total_cost": 205.16354184160303, "time_cost": 81.116, "final_distance_cost": 1.745322626537526, "oscillation_cost": 28.097666777360704, "completition_cost": 0.0, "overshoot_cost": 54.76334540739736, "power_cost": 19.241680200195315, "noise_cost": 20.199526830112152, "n_waypoints_completed": 9, "tot_waypoints": 9}}
{"target": -191.6774702548573, "params": {"k_pid_pos": [1.4999912498542303, 0.11906128738229915, 0.44963268842268056], "k_pid_alt": [1.3131013039922512, 0.0, 0.13294310327404035], "k_pid_att": [43.948176657889235, 2.79325987156934, 0.1845336041603497], "k_pid_yaw": [0.5, 1e-06, 0.1], "k_pid_hsp": [0.09847755819799779, 0.011264223901387349, 0.0], "k_pid_vsp": [277.2708477836043, 93.09285943774285, 10.0]}, "datetime": {"datetime": "2025-08-13 14:01:13", "elapsed": 15201.904435157776, "delta": 22.741033792495728}, "costs": {"total_cost": 191.6774702548573, "time_cost": 72.128, "final_distance_cost": 1.7961162845658873, "oscillation_cost": 29.990281001623316, "completition_cost": 0.0, "overshoot_cost": 50.920703707384135, "power_cost": 17.842180773925783, "noise_cost": 19.000188487358177, "n_waypoints_completed": 9, "tot_waypoints": 9}}
{"target": -188.70098581800337, "params": {"k_pid_pos": [1.4340672435785011, 0.024859491386256316, 0.8519347702918288], "k_pid_alt": [1.394383142748206, 0.0, 0.3146878632891922], "k_pid_att": [39.447728079683905, 3.8677381495188174, 0.3495979120577055], "k_pid_yaw": [0.5, 1e-06, 0.1], "k_pid_hsp": [0.09847755819799779, 0.011264223901387349, 0.0], "k_pid_vsp": [194.7624155113164, 156.73508457218338, 10.0]}, "datetime": {"datetime": "2025-08-13 14:01:32", "elapsed": 15220.634641885757, "delta": 18.730206727981567}, "costs": {"total_cost": 188.70098581800337, "time_cost": 70.749, "final_distance_cost": 1.830033725479797, "oscillation_cost": 27.43289197023522, "completition_cost": 0.0, "overshoot_cost": 50.86189223765661, "power_cost": 18.80363038330078, "noise_cost": 19.023537501330996, "n_waypoints_completed": 9, "tot_waypoints": 9}}
{"target": -220.54690240419265, "params": {"k_pid_pos": [1.0031316701085804, 0.6294995922020511, 0.44963268842268056], "k_pid_alt": [1.4458679973838424, 0.0, 0.3146878632891922], "k_pid_att": [24.0942673894178, 3.7802132718527557, 0.1845336041603497], "k_pid_yaw": [0.5, 1e-06, 0.1], "k_pid_hsp": [0.09847755819799779, 0.011264223901387349, 0.0], "k_pid_vsp": [194.7624155113164, 156.73508457218338, 10.0]}, "datetime": {"datetime": "2025-08-13 14:01:55", "elapsed": 15243.102446556091, "delta": 22.467804670333862}, "costs": {"total_cost": 220.54690240419265, "time_cost": 89.74, "final_distance_cost": 1.7605676071385354, "oscillation_cost": 33.81327958146068, "completition_cost": 0.0, "overshoot_cost": 53.849941954648514, "power_cost": 18.114039709472657, "noise_cost": 23.269073551472264, "n_waypoints_completed": 9, "tot_waypoints": 9}}
{"target": -184.6128828443306, "params": {"k_pid_pos": [1.4340672435785011, 0.024859491386256316, 0.44963268842268056], "k_pid_alt": [1.296896341175293, 0.0, 0.16072894317769304], "k_pid_att": [58.45879911684221, 3.8677381495188174, 0.1845336041603497], "k_pid_yaw": [0.5, 1e-06, 0.1], "k_pid_hsp": [0.09847755819799779, 0.011264223901387349, 0.0], "k_pid_vsp": [194.7624155113164, 156.73508457218338, 10.0]}, "datetime": {"datetime": "2025-08-13 14:02:12", "elapsed": 15260.84809088707, "delta": 17.745644330978394}, "costs": {"total_cost": 184.6128828443306, "time_cost": 69.867, "final_distance_cost": 1.814380608861217, "oscillation_cost": 30.214987639932875, "completition_cost": 0.0, "overshoot_cost": 50.791021674867416, "power_cost": 12.994202600097656, "noise_cost": 18.93129032057147, "n_waypoints_completed": 9, "tot_waypoints": 9}}
{"target": -190.7969128304527, "params": {"k_pid_pos": [1.4340672435785011, 0.024859491386256316, 0.44963268842268056], "k_pid_alt": [1.4458679973838424, 0.0, 0.3146878632891922], "k_pid_att": [24.0942673894178, 3.7802132718527557, 0.1845336041603497], "k_pid_yaw": [0.5, 1e-06, 0.1], "k_pid_hsp": [0.09847755819799779, 0.011264223901387349, 0.0], "k_pid_vsp": [194.7624155113164, 156.73508457218338, 10.0]}, "datetime": {"datetime": "2025-08-13 14:02:32", "elapsed": 15280.152290821075, "delta": 19.304199934005737}, "costs": {"total_cost": 190.7969128304527, "time_cost": 70.07000000000001, "final_distance_cost": 1.8079079623547312, "oscillation_cost": 29.155392789608214, "completition_cost": 0.0, "overshoot_cost": 50.75245629476333, "power_cost": 19.780083557128908, "noise_cost": 19.23107222659752, "n_waypoints_completed": 9, "tot_waypoints": 9}}
{"target": -212.05079248995958, "params": {"k_pid_pos": [1.0031316701085804, 0.024859491386256316, 0.8519347702918288], "k_pid_alt": [1.4458679973838424, 0.0, 0.3146878632891922], "k_pid_att": [43.948176657889235, 1.109420231168994, 0.1845336041603497], "k_pid_yaw": [0.5, 1e-06, 0.1], "k_pid_hsp": [0.09847755819799779, 0.011264223901387349, 0.0], "k_pid_vsp": [105.92349492693351, 93.09285943774285, 10.0]}, "datetime": {"datetime": "2025-08-13 14:02:52", "elapsed": 15300.542848110199, "delta": 20.390557289123535}, "costs": {"total_cost": 212.05079248995958, "time_cost": 78.659, "final_distance_cost": 1.8553643785175375, "oscillation_cost": 24.806951277218563, "completition_cost": 0.0, "overshoot_cost": 54.12366247243807, "power_cost": 27.07276805419922, "noise_cost": 25.53304630758617, "n_waypoints_completed": 9, "tot_waypoints": 9}}
{"target": -205.99184100035694, "params": {"k_pid_pos": [1.4340672435785011, 0.024859491386256316, 0.44963268842268056], "k_pid_alt": [0.547453248924693, 0.0, 0.3146878632891922], "k_pid_att": [43.948176657889235, 3.7802132718527557, 0.1845336041603497], "k_pid_yaw": [0.5, 1e-06, 0.1], "k_pid_hsp": [0.09847755819799779, 0.011264223901387349, 0.0], "k_pid_vsp": [7.747626412356867, 145.94729102544082, 10.0]}, "datetime": {"datetime": "2025-08-13 14:03:14", "elapsed": 15322.148598194122, "delta": 21.60575008392334}, "costs": {"total_cost": 205.99184100035694, "time_cost": 82.516, "final_distance_cost": 1.854582407054023, "oscillation_cost": 37.508924912030466, "completition_cost": 0.0, "overshoot_cost": 51.02823913363723, "power_cost": 12.598032580566407, "noise_cost": 20.486061967068828, "n_waypoints_completed": 9, "tot_waypoints": 9}}
{"target": -187.5456254081322, "params": {"k_pid_pos": [1.0031316701085804, 0.024859491386256316, 0.44963268842268056], "k_pid_alt": [1.296896341175293, 0.0, 0.16072894317769304], "k_pid_att": [58.45879911684221, 3.8677381495188174, 0.1845336041603497], "k_pid_yaw": [0.5, 1e-06, 0.1], "k_pid_hsp": [0.09847755819799779, 0.011264223901387349, 0.0], "k_pid_vsp": [194.7624155113164, 156.73508457218338, 10.0]}, "datetime": {"datetime": "2025-08-13 14:03:32", "elapsed": 15340.490705251694, "delta": 18.34210705757141}, "costs": {"total_cost": 187.5456254081322, "time_cost": 70.861, "final_distance_cost": 1.8248148587781976, "oscillation_cost": 26.593114460495446, "completition_cost": 0.0, "overshoot_cost": 50.56048100898988, "power_cost": 18.753831689453126, "noise_cost": 18.952383390415548, "n_waypoints_completed": 9, "tot_waypoints": 9}}
{"target": -190.21470041412556, "params": {"k_pid_pos": [1.9168537650125603, 0.10799311464906103, 0.855962508813682], "k_pid_alt": [1.2679502233621702, 0.02520494712616217, 0.949345597264735], "k_pid_att": [39.909449977216326, 3.8677381495188174, 0.1845336041603497], "k_pid_yaw": [0.5, 1e-06, 0.1], "k_pid_hsp": [0.09847755819799779, 0.011264223901387349, 0.0], "k_pid_vsp": [277.2708477836043, 236.48000513664874, 10.0]}, "datetime": {"datetime": "2025-08-13 14:03:51", "elapsed": 15359.645324230194, "delta": 19.154618978500366}, "costs": {"total_cost": 190.21470041412556, "time_cost": 71.162, "final_distance_cost": 1.7993705927042414, "oscillation_cost": 30.055478573520116, "completition_cost": 0.0, "overshoot_cost": 50.754806481223895, "power_cost": 18.210443688964844, "noise_cost": 18.232601077712445, "n_waypoints_completed": 9, "tot_waypoints": 9}}
{"target": -2004.2548422359591, "params": {"k_pid_pos": [1.4340672435785011, 0.024859491386256316, 0.44963268842268056], "k_pid_alt": [1.296896341175293, 0.0, 0.3146878632891922], "k_pid_att": [94.70626418914286, 3.8677381495188174, 0.1845336041603497], "k_pid_yaw": [0.5, 1e-06, 0.1], "k_pid_hsp": [0.09847755819799779, 0.5109994145616105, 0.5737506849528418], "k_pid_vsp": [277.2708477836043, 326.3442374308485, 10.0]}, "datetime": {"datetime": "2025-08-13 14:04:23", "elapsed": 15391.171080350876, "delta": 31.525756120681763}, "costs": {"total_cost": 2004.2548422359591, "time_cost": 150, "final_distance_cost": 99.13965945479991, "oscillation_cost": 818.324755682253, "completition_cost": 666.6666666666667, "overshoot_cost": 197.9828955727564, "power_cost": 41.30449388427735, "noise_cost": 30.836370975205707, "n_waypoints_completed": 3, "tot_waypoints": 9}}
{"target": -202.03263745842187, "params": {"k_pid_pos": [1.4340672435785011, 0.024859491386256316, 0.44963268842268056], "k_pid_alt": [1.4458679973838424, 0.9860503566836593, 0.3146878632891922], "k_pid_att": [24.0942673894178, 3.7802132718527557, 0.1845336041603497], "k_pid_yaw": [0.5, 1e-06, 0.1], "k_pid_hsp": [0.09847755819799779, 0.011264223901387349, 0.0], "k_pid_vsp": [194.7624155113164, 156.73508457218338, 10.0]}, "datetime": {"datetime": "2025-08-13 14:04:43", "elapsed": 15411.835129737854, "delta": 20.66404938697815}, "costs": {"total_cost": 202.03263745842187, "time_cost": 80.983, "final_distance_cost": 1.7830818698740465, "oscillation_cost": 32.17651909732599, "completition_cost": 0.0, "overshoot_cost": 53.32792467062872, "power_cost": 13.448580041503908, "noise_cost": 20.313531779089192, "n_waypoints_completed": 9, "tot_waypoints": 9}}
{"target": -182.79407200582554, "params": {"k_pid_pos": [1.4340672435785011, 0.024859491386256316, 0.8519347702918288], "k_pid_alt": [1.4458679973838424, 0.0, 0.3146878632891922], "k_pid_att": [43.948176657889235, 3.8677381495188174, 0.837110513405392], "k_pid_yaw": [0.5, 1e-06, 0.1], "k_pid_hsp": [0.09847755819799779, 0.011264223901387349, 0.0], "k_pid_vsp": [17.18305095025783, 93.09285943774285, 10.0]}, "datetime": {"datetime": "2025-08-13 14:05:01", "elapsed": 15429.52266907692, "delta": 17.68753933906555}, "costs": {"total_cost": 182.79407200582554, "time_cost": 70.308, "final_distance_cost": 1.8398901257175653, "oscillation_cost": 28.06220082927877, "completition_cost": 0.0, "overshoot_cost": 50.25064768084859, "power_cost": 13.666659436035157, "noise_cost": 18.666673933945486, "n_waypoints_completed": 9, "tot_waypoints": 9}}
{"target": -186.26236462176465, "params": {"k_pid_pos": [1.0031316701085804, 0.024859491386256316, 0.44963268842268056], "k_pid_alt": [1.4458679973838424, 0.0, 0.13294310327404035], "k_pid_att": [39.447728079683905, 3.8677381495188174, 0.8257697299075593], "k_pid_yaw": [0.5, 1e-06, 0.1], "k_pid_hsp": [0.09847755819799779, 0.011264223901387349, 0.0], "k_pid_vsp": [194.7624155113164, 317.0669739011019, 10.0]}, "datetime": {"datetime": "2025-08-13 14:05:20", "elapsed": 15448.280295848846, "delta": 18.75762677192688}, "costs": {"total_cost": 186.26236462176465, "time_cost": 70.581, "final_distance_cost": 1.838684958915145, "oscillation_cost": 26.171955887172434, "completition_cost": 0.0, "overshoot_cost": 50.65009768743197, "power_cost": 18.16549871826172, "noise_cost": 18.855127369983386, "n_waypoints_completed": 9, "tot_waypoints": 9}}
{"target": -184.30100565092613, "params": {"k_pid_pos": [1.4340672435785011, 0.024859491386256316, 0.44963268842268056], "k_pid_alt": [1.296896341175293, 0.0, 0.16072894317769304], "k_pid_att": [58.45879911684221, 3.8677381495188174, 0.1845336041603497], "k_pid_yaw": [0.5, 1e-06, 0.1], "k_pid_hsp": [0.09847755819799779, 0.011264223901387349, 0.0], "k_pid_vsp": [194.7624155113164, 156.73508457218338, 10.0]}, "datetime": {"datetime": "2025-08-13 14:05:37", "elapsed": 15465.94906759262, "delta": 17.668771743774414}, "costs": {"total_cost": 184.30100565092613, "time_cost": 69.769, "final_distance_cost": 1.7930243018032996, "oscillation_cost": 30.836518480188314, "completition_cost": 0.0, "overshoot_cost": 50.64155706178985, "power_cost": 12.94621278076172, "noise_cost": 18.314693026382933, "n_waypoints_completed": 9, "tot_waypoints": 9}}
