{"target": -223.589075002657, "params": {"k_pid_pos": [1.2664866621148956, 0.24048525617886174, 0.20685669452838884], "k_pid_alt": [1.140468520258011, 0.8424209510811689, 0.3146878632891922], "k_pid_att": [29.46763110571006, 5.6580295118978245, 0.9623745068707039], "k_pid_yaw": [0.5, 1e-06, 0.1], "k_pid_hsp": [0.09847755819799779, 0.011264223901387349, 0.0], "k_pid_vsp": [387.1470188825909, 59.083466427248936, 10.0]}, "datetime": {"datetime": "2025-08-13 20:23:35", "elapsed": 38143.28302526474, "delta": 21.100964307785034}, "costs": {"total_cost": 223.589075002657, "time_cost": 89.656, "final_distance_cost": 1.7903244300547339, "oscillation_cost": 34.82134088067225, "completition_cost": 0.0, "overshoot_cost": 55.07355500531836, "power_cost": 21.078729162597657, "noise_cost": 21.169125524014007, "n_waypoints_completed": 9, "tot_waypoints": 9}}
{"target": -189.42302988764396, "params": {"k_pid_pos": [1.733835489643198, 0.024859491386256316, 0.9451257094832697], "k_pid_alt": [1.477768752937916, 0.00018965351824429266, 0.6600607021214705], "k_pid_att": [32.194164172814396, 2.6889016979653872, 0.6559199499296157], "k_pid_yaw": [0.5, 1e-06, 0.1], "k_pid_hsp": [1.0498148400696388, 0.011264223901387349, 0.0], "k_pid_vsp": [251.5004449007475, 59.083466427248936, 10.0]}, "datetime": {"datetime": "2025-08-13 20:23:55", "elapsed": 38163.338926553726, "delta": 20.055901288986206}, "costs": {"total_cost": 189.42302988764396, "time_cost": 71.526, "final_distance_cost": 1.84154484597374, "oscillation_cost": 32.01124452700965, "completition_cost": 0.0, "overshoot_cost": 50.04114998564758, "power_cost": 15.074034497070313, "noise_cost": 18.92905603194268, "n_waypoints_completed": 9, "tot_waypoints": 9}}
{"target": -195.51301542937048, "params": {"k_pid_pos": [1.8034346552870686, 0.08087462101852438, 0.4287384789656963], "k_pid_alt": [1.477768752937916, 0.00018965351824429266, 0.6600607021214705], "k_pid_att": [32.194164172814396, 2.6889016979653872, 0.6559199499296157], "k_pid_yaw": [0.5, 1e-06, 0.1], "k_pid_hsp": [0.09847755819799779, 0.011264223901387349, 0.0], "k_pid_vsp": [251.5004449007475, 59.083466427248936, 10.0]}, "datetime": {"datetime": "2025-08-13 20:24:13", "elapsed": 38181.14014816284, "delta": 17.8012216091156}, "costs": {"total_cost": 195.51301542937048, "time_cost": 71.736, "final_distance_cost": 1.7784335955723627, "oscillation_cost": 31.225116356099686, "completition_cost": 0.0, "overshoot_cost": 51.806054575300685, "power_cost": 19.587365844726563, "noise_cost": 19.38004505767119, "n_waypoints_completed": 9, "tot_waypoints": 9}}
{"target": -789.0662592619432, "params": {"k_pid_pos": [1.8811307174574419, 0.024859491386256316, 0.704167472379422], "k_pid_alt": [1.477768752937916, 0.00018965351824429266, 0.6600607021214705], "k_pid_att": [68.93098199109546, 2.6889016979653872, 0.6559199499296157], "k_pid_yaw": [0.5, 1e-06, 0.1], "k_pid_hsp": [0.09847755819799779, 0.011264223901387349, 0.0], "k_pid_vsp": [174.90950217371815, 308.9011782706842, 225.07806705018456]}, "datetime": {"datetime": "2025-08-13 20:24:42", "elapsed": 38210.923746824265, "delta": 29.78359866142273}, "costs": {"total_cost": 789.0662592619432, "time_cost": 150, "final_distance_cost": 45.62166025403264, "oscillation_cost": 20.45709026009204, "completition_cost": 444.4444444444444, "overshoot_cost": 75.46670072976404, "power_cost": 27.929051818847658, "noise_cost": 25.14731175476226, "n_waypoints_completed": 5, "tot_waypoints": 9}}
{"target": -1303.8753701501473, "params": {"k_pid_pos": [1.5164821318119608, 0.024859491386256316, 0.704167472379422], "k_pid_alt": [1.5344120537351553, 0.00018965351824429266, 0.45660459018404764], "k_pid_att": [32.194164172814396, 2.6889016979653872, 0.6559199499296157], "k_pid_yaw": [0.5, 1e-06, 0.1], "k_pid_hsp": [0.09847755819799779, 0.011264223901387349, 0.02241598606202988], "k_pid_vsp": [174.90950217371815, 59.083466427248936, 397.61617008957916]}, "datetime": {"datetime": "2025-08-13 20:25:13", "elapsed": 38241.31608200073, "delta": 30.392335176467896}, "costs": {"total_cost": 1303.8753701501473, "time_cost": 150, "final_distance_cost": 70.54449339863751, "oscillation_cost": 39.87677678963913, "completition_cost": 777.7777777777778, "overshoot_cost": 167.1509089405933, "power_cost": 29.85875517578125, "noise_cost": 68.66665806771842, "n_waypoints_completed": 2, "tot_waypoints": 9}}
{"target": -529.2361915852707, "params": {"k_pid_pos": [1.733835489643198, 0.8604971862547511, 0.704167472379422], "k_pid_alt": [1.7655434176925564, 0.00018965351824429266, 0.36236040329893415], "k_pid_att": [69.11861289824857, 2.6889016979653872, 0.6559199499296157], "k_pid_yaw": [0.5, 1e-06, 0.1], "k_pid_hsp": [6.437608030649435, 0.011264223901387349, 0.3116024260922369], "k_pid_vsp": [264.57255645423925, 59.083466427248936, 10.0]}, "datetime": {"datetime": "2025-08-13 20:25:37", "elapsed": 38265.731808662415, "delta": 24.41572666168213}, "costs": {"total_cost": 529.2361915852707, "time_cost": 87.514, "final_distance_cost": 1.7398099779641985, "oscillation_cost": 329.1256267596131, "completition_cost": 0.0, "overshoot_cost": 54.510012470501835, "power_cost": 31.121101269531252, "noise_cost": 25.22564110766034, "n_waypoints_completed": 9, "tot_waypoints": 9}}
{"target": -195.66641518138243, "params": {"k_pid_pos": [1.8811307174574419, 0.024859491386256316, 0.704167472379422], "k_pid_alt": [1.477768752937916, 0.00018965351824429266, 0.6600607021214705], "k_pid_att": [68.93098199109546, 2.6889016979653872, 0.6559199499296157], "k_pid_yaw": [0.5, 1e-06, 0.1], "k_pid_hsp": [0.09847755819799779, 0.011264223901387349, 0.0], "k_pid_vsp": [251.5004449007475, 59.083466427248936, 10.0]}, "datetime": {"datetime": "2025-08-13 20:25:54", "elapsed": 38282.67672729492, "delta": 16.944918632507324}, "costs": {"total_cost": 195.66641518138243, "time_cost": 71.435, "final_distance_cost": 1.821133248427443, "oscillation_cost": 29.829727976403785, "completition_cost": 0.0, "overshoot_cost": 51.915599125458414, "power_cost": 20.529792248535156, "noise_cost": 20.135162582557612, "n_waypoints_completed": 9, "tot_waypoints": 9}}
{"target": -203.17759357613497, "params": {"k_pid_pos": [1.8034346552870686, 0.08087462101852438, 0.704167472379422], "k_pid_alt": [1.477768752937916, 0.34524295845856323, 0.6600607021214705], "k_pid_att": [32.194164172814396, 2.6889016979653872, 0.6559199499296157], "k_pid_yaw": [0.5, 1e-06, 0.1], "k_pid_hsp": [0.09847755819799779, 0.011264223901387349, 0.0], "k_pid_vsp": [251.5004449007475, 358.1213955104046, 10.0]}, "datetime": {"datetime": "2025-08-13 20:26:14", "elapsed": 38302.26352643967, "delta": 19.586799144744873}, "costs": {"total_cost": 203.17759357613497, "time_cost": 78.351, "final_distance_cost": 1.792530627051459, "oscillation_cost": 32.771445087264254, "completition_cost": 0.0, "overshoot_cost": 51.88083772028521, "power_cost": 18.719075048828127, "noise_cost": 19.66270509270593, "n_waypoints_completed": 9, "tot_waypoints": 9}}
{"target": -195.39142228253672, "params": {"k_pid_pos": [1.8792899704868669, 0.038219275878738745, 0.9752376885840038], "k_pid_alt": [1.477768752937916, 0.00018965351824429266, 0.6600607021214705], "k_pid_att": [92.532430894659, 3.2931611945007657, 0.6559199499296157], "k_pid_yaw": [0.5, 1e-06, 0.1], "k_pid_hsp": [0.09847755819799779, 0.011264223901387349, 0.0], "k_pid_vsp": [387.1470188825909, 59.083466427248936, 10.0]}, "datetime": {"datetime": "2025-08-13 20:26:32", "elapsed": 38320.107288360596, "delta": 17.843761920928955}, "costs": {"total_cost": 195.39142228253672, "time_cost": 71.778, "final_distance_cost": 1.8132973415924107, "oscillation_cost": 28.474011768191176, "completition_cost": 0.0, "overshoot_cost": 51.590151196238274, "power_cost": 21.303201489257813, "noise_cost": 20.432760487257045, "n_waypoints_completed": 9, "tot_waypoints": 9}}
{"target": -998.2583215188953, "params": {"k_pid_pos": [0.13623990408938025, 0.024859491386256316, 0.6354931049670316], "k_pid_alt": [1.4458679973838424, 0.7294692830881829, 0.3146878632891922], "k_pid_att": [29.46763110571006, 5.6580295118978245, 0.9623745068707039], "k_pid_yaw": [0.5, 1e-06, 0.1], "k_pid_hsp": [0.09847755819799779, 0.011264223901387349, 0.0], "k_pid_vsp": [387.1470188825909, 59.083466427248936, 53.79072452004026]}, "datetime": {"datetime": "2025-08-13 20:27:00", "elapsed": 38348.32957005501, "delta": 28.22228169441223}, "costs": {"total_cost": 998.2583215188953, "time_cost": 150, "final_distance_cost": 53.09876536822346, "oscillation_cost": 5.206786775060164, "completition_cost": 666.6666666666667, "overshoot_cost": 62.7772516860223, "power_cost": 31.194848791503908, "noise_cost": 29.314002231418698, "n_waypoints_completed": 3, "tot_waypoints": 9}}
{"target": -196.0138566906412, "params": {"k_pid_pos": [1.8792899704868669, 0.038219275878738745, 0.9752376885840038], "k_pid_alt": [1.5786606064986153, 0.0, 0.472941922472217], "k_pid_att": [29.46763110571006, 5.6580295118978245, 0.9623745068707039], "k_pid_yaw": [0.5, 1e-06, 0.1], "k_pid_hsp": [0.09847755819799779, 0.011264223901387349, 0.0], "k_pid_vsp": [182.43953563434863, 59.083466427248936, 10.0]}, "datetime": {"datetime": "2025-08-13 20:27:17", "elapsed": 38365.8295071125, "delta": 17.499937057495117}, "costs": {"total_cost": 196.0138566906412, "time_cost": 71.267, "final_distance_cost": 1.8203966228528572, "oscillation_cost": 27.911217050027037, "completition_cost": 0.0, "overshoot_cost": 51.58360220616551, "power_cost": 22.13970194091797, "noise_cost": 21.291938870677814, "n_waypoints_completed": 9, "tot_waypoints": 9}}
{"target": -190.55381395494572, "params": {"k_pid_pos": [1.733835489643198, 0.024859491386256316, 0.9451257094832697], "k_pid_alt": [1.4458679973838424, 0.028806210149256217, 0.3146878632891922], "k_pid_att": [11.329609997636037, 6.043751783864618, 0.9623745068707039], "k_pid_yaw": [0.5, 1e-06, 0.1], "k_pid_hsp": [0.09847755819799779, 0.011264223901387349, 0.0], "k_pid_vsp": [387.1470188825909, 59.083466427248936, 10.0]}, "datetime": {"datetime": "2025-08-13 20:27:35", "elapsed": 38383.15217375755, "delta": 17.32266664505005}, "costs": {"total_cost": 190.55381395494572, "time_cost": 70.441, "final_distance_cost": 1.830608735103186, "oscillation_cost": 29.231284265804838, "completition_cost": 0.0, "overshoot_cost": 51.91476973246438, "power_cost": 18.587118383789065, "noise_cost": 18.549032837784278, "n_waypoints_completed": 9, "tot_waypoints": 9}}
{"target": -200.4801988691698, "params": {"k_pid_pos": [1.8034346552870686, 0.08087462101852438, 0.9451257094832697], "k_pid_alt": [1.4458679973838424, 0.9576242210153021, 0.3146878632891922], "k_pid_att": [70.55318086990701, 6.396008733820776, 0.6559199499296157], "k_pid_yaw": [0.5, 1e-06, 0.1], "k_pid_hsp": [0.09847755819799779, 0.011264223901387349, 0.0], "k_pid_vsp": [328.93714994687633, 59.083466427248936, 10.0]}, "datetime": {"datetime": "2025-08-13 20:27:53", "elapsed": 38401.3873295784, "delta": 18.235155820846558}, "costs": {"total_cost": 200.4801988691698, "time_cost": 77.896, "final_distance_cost": 1.7603430609108361, "oscillation_cost": 30.72532899608759, "completition_cost": 0.0, "overshoot_cost": 53.082102240777814, "power_cost": 17.640062915039064, "noise_cost": 19.376361656354515, "n_waypoints_completed": 9, "tot_waypoints": 9}}
{"target": -230.0581749612948, "params": {"k_pid_pos": [1.8034346552870686, 0.9973165502364121, 0.6354931049670316], "k_pid_alt": [1.4458679973838424, 0.028806210149256217, 0.3146878632891922], "k_pid_att": [30.01335581347805, 5.6580295118978245, 0.9623745068707039], "k_pid_yaw": [0.5, 1e-06, 0.1], "k_pid_hsp": [0.09847755819799779, 0.011264223901387349, 0.0], "k_pid_vsp": [387.1470188825909, 59.083466427248936, 10.0]}, "datetime": {"datetime": "2025-08-13 20:28:14", "elapsed": 38422.50979208946, "delta": 21.122462511062622}, "costs": {"total_cost": 230.0581749612948, "time_cost": 83.923, "final_distance_cost": 1.755340315349426, "oscillation_cost": 36.80163696401261, "completition_cost": 0.0, "overshoot_cost": 56.53983198687541, "power_cost": 26.05691159667969, "noise_cost": 24.981454098377675, "n_waypoints_completed": 9, "tot_waypoints": 9}}
{"target": -206.3329735657098, "params": {"k_pid_pos": [1.5164821318119608, 0.024859491386256316, 0.33905951301659876], "k_pid_alt": [1.477768752937916, 0.00018965351824429266, 0.6600607021214705], "k_pid_att": [25.997073188089082, 2.6889016979653872, 0.08105699149151435], "k_pid_yaw": [0.5, 1e-06, 0.1], "k_pid_hsp": [0.09847755819799779, 0.011264223901387349, 0.0], "k_pid_vsp": [251.5004449007475, 59.083466427248936, 10.0]}, "datetime": {"datetime": "2025-08-13 20:28:31", "elapsed": 38439.98493599892, "delta": 17.475143909454346}, "costs": {"total_cost": 206.3329735657098, "time_cost": 73.675, "final_distance_cost": 1.7704332749433447, "oscillation_cost": 31.808695415715274, "completition_cost": 0.0, "overshoot_cost": 52.19061412620045, "power_cost": 24.733634240722658, "noise_cost": 22.15459650812806, "n_waypoints_completed": 9, "tot_waypoints": 9}}
{"target": -194.8558225771609, "params": {"k_pid_pos": [0.9943435690872942, 0.024859491386256316, 0.5451532445046304], "k_pid_alt": [1.4458679973838424, 0.0, 0.15791560522360282], "k_pid_att": [83.24205936752172, 1.3487538446628486, 0.6559199499296157], "k_pid_yaw": [0.5, 1e-06, 0.1], "k_pid_hsp": [0.09847755819799779, 0.041997352724737036, 0.0], "k_pid_vsp": [29.96849041048857, 59.083466427248936, 19.905301600864938]}, "datetime": {"datetime": "2025-08-13 20:28:50", "elapsed": 38459.04492974281, "delta": 19.059993743896484}, "costs": {"total_cost": 194.8558225771609, "time_cost": 76.47500000000001, "final_distance_cost": 1.8583843282179933, "oscillation_cost": 31.15791569669521, "completition_cost": 0.0, "overshoot_cost": 51.472508224532966, "power_cost": 15.912739221191407, "noise_cost": 17.979275106523332, "n_waypoints_completed": 9, "tot_waypoints": 9}}
{"target": -187.69996665412668, "params": {"k_pid_pos": [1.8792899704868669, 0.038219275878738745, 0.9752376885840038], "k_pid_alt": [1.5786606064986153, 0.0, 0.23086984934879706], "k_pid_att": [29.46763110571006, 5.6580295118978245, 0.3529475069797985], "k_pid_yaw": [0.5, 1e-06, 0.1], "k_pid_hsp": [0.09847755819799779, 0.011264223901387349, 0.0], "k_pid_vsp": [387.1470188825909, 289.9420907665546, 16.252805564631274]}, "datetime": {"datetime": "2025-08-13 20:29:07", "elapsed": 38475.51456165314, "delta": 16.469631910324097}, "costs": {"total_cost": 187.69996665412668, "time_cost": 69.47500000000001, "final_distance_cost": 1.8336410927621076, "oscillation_cost": 28.846321961516463, "completition_cost": 0.0, "overshoot_cost": 50.811841328082714, "power_cost": 18.6036021484375, "noise_cost": 18.129560123327906, "n_waypoints_completed": 9, "tot_waypoints": 9}}
{"target": -194.07899704622693, "params": {"k_pid_pos": [1.5164821318119608, 0.024859491386256316, 0.704167472379422], "k_pid_alt": [1.477768752937916, 0.00018965351824429266, 0.6600607021214705], "k_pid_att": [25.997073188089082, 2.6889016979653872, 0.08105699149151435], "k_pid_yaw": [0.5, 1e-06, 0.1], "k_pid_hsp": [0.09847755819799779, 0.011264223901387349, 0.0], "k_pid_vsp": [251.5004449007475, 59.083466427248936, 19.905301600864938]}, "datetime": {"datetime": "2025-08-13 20:29:25", "elapsed": 38493.34191584587, "delta": 17.827354192733765}, "costs": {"total_cost": 194.07899704622693, "time_cost": 71.631, "final_distance_cost": 1.838214669301722, "oscillation_cost": 28.546869530666797, "completition_cost": 0.0, "overshoot_cost": 51.932947011669064, "power_cost": 20.205453051757814, "noise_cost": 19.924512782831528, "n_waypoints_completed": 9, "tot_waypoints": 9}}
{"target": -193.65507928347975, "params": {"k_pid_pos": [1.5164821318119608, 0.024859491386256316, 0.704167472379422], "k_pid_alt": [1.477768752937916, 0.00018965351824429266, 0.6600607021214705], "k_pid_att": [92.532430894659, 3.2931611945007657, 0.6559199499296157], "k_pid_yaw": [0.5, 1e-06, 0.1], "k_pid_hsp": [0.09847755819799779, 0.011264223901387349, 0.0], "k_pid_vsp": [387.1470188825909, 59.083466427248936, 10.0]}, "datetime": {"datetime": "2025-08-13 20:29:42", "elapsed": 38510.60299515724, "delta": 17.26107931137085}, "costs": {"total_cost": 193.65507928347975, "time_cost": 71.61, "final_distance_cost": 1.8282738444695716, "oscillation_cost": 28.37350961153448, "completition_cost": 0.0, "overshoot_cost": 51.670710695468635, "power_cost": 20.235389794921876, "noise_cost": 19.937195337085175, "n_waypoints_completed": 9, "tot_waypoints": 9}}
{"target": -185.82021588655698, "params": {"k_pid_pos": [1.8792899704868669, 0.038219275878738745, 0.9752376885840038], "k_pid_alt": [1.477768752937916, 0.00018965351824429266, 0.6600607021214705], "k_pid_att": [25.997073188089082, 2.6889016979653872, 0.08105699149151435], "k_pid_yaw": [0.5, 1e-06, 0.1], "k_pid_hsp": [0.09847755819799779, 0.011264223901387349, 0.0], "k_pid_vsp": [251.5004449007475, 59.083466427248936, 19.905301600864938]}, "datetime": {"datetime": "2025-08-13 20:30:00", "elapsed": 38528.72403931618, "delta": 18.121044158935547}, "costs": {"total_cost": 185.82021588655698, "time_cost": 71.05, "final_distance_cost": 1.8162060056284532, "oscillation_cost": 30.72762681298839, "completition_cost": 0.0, "overshoot_cost": 51.14047480481382, "power_cost": 15.496380249023439, "noise_cost": 15.589528014102894, "n_waypoints_completed": 9, "tot_waypoints": 9}}
{"target": -293.63158153510454, "params": {"k_pid_pos": [1.8792899704868669, 0.038219275878738745, 0.9752376885840038], "k_pid_alt": [1.4458679973838424, 0.0, 0.3146878632891922], "k_pid_att": [29.46763110571006, 5.67849514865483, 0.1273844557339736], "k_pid_yaw": [0.5, 1e-06, 0.1], "k_pid_hsp": [0.09847755819799779, 0.3095743154041969, 0.0], "k_pid_vsp": [33.09370770872002, 6.65134314787687, 10.0]}, "datetime": {"datetime": "2025-08-13 20:30:20", "elapsed": 38548.17297554016, "delta": 19.448936223983765}, "costs": {"total_cost": 293.63158153510454, "time_cost": 80.276, "final_distance_cost": 1.8453258061985547, "oscillation_cost": 100.59564972609712, "completition_cost": 0.0, "overshoot_cost": 58.15732443162758, "power_cost": 25.71702120361328, "noise_cost": 27.040260367568, "n_waypoints_completed": 9, "tot_waypoints": 9}}
{"target": -186.28968811563678, "params": {"k_pid_pos": [1.733835489643198, 0.024859491386256316, 0.9451257094832697], "k_pid_alt": [1.4458679973838424, 0.028806210149256217, 0.3146878632891922], "k_pid_att": [11.329609997636037, 6.043751783864618, 0.9623745068707039], "k_pid_yaw": [0.5, 1e-06, 0.1], "k_pid_hsp": [0.09847755819799779, 0.011264223901387349, 0.0], "k_pid_vsp": [387.1470188825909, 59.083466427248936, 10.0]}, "datetime": {"datetime": "2025-08-13 20:30:37", "elapsed": 38565.58721470833, "delta": 17.414239168167114}, "costs": {"total_cost": 186.28968811563678, "time_cost": 70.252, "final_distance_cost": 1.8298725203910597, "oscillation_cost": 28.929219775042693, "completition_cost": 0.0, "overshoot_cost": 51.29625267332105, "power_cost": 16.628678259277343, "noise_cost": 17.353664887604623, "n_waypoints_completed": 9, "tot_waypoints": 9}}
{"target": -827.5024396146823, "params": {"k_pid_pos": [1.733835489643198, 0.024859491386256316, 0.9451257094832697], "k_pid_alt": [1.4458679973838424, 0.028806210149256217, 0.3146878632891922], "k_pid_att": [11.329609997636037, 6.043751783864618, 0.9623745068707039], "k_pid_yaw": [0.5, 1e-06, 0.1], "k_pid_hsp": [0.09847755819799779, 0.6045192319021863, 0.0], "k_pid_vsp": [251.5004449007475, 48.06763425672753, 19.905301600864938]}, "datetime": {"datetime": "2025-08-13 20:31:07", "elapsed": 38596.02943325043, "delta": 30.442218542099}, "costs": {"total_cost": 827.5024396146823, "time_cost": 150, "final_distance_cost": 67.2468578420322, "oscillation_cost": 147.6172653841208, "completition_cost": 333.33333333333337, "overshoot_cost": 63.30730666781482, "power_cost": 34.286489453125, "noise_cost": 31.71118693425619, "n_waypoints_completed": 6, "tot_waypoints": 9}}
{"target": -196.14721615185368, "params": {"k_pid_pos": [1.5164821318119608, 0.024859491386256316, 0.704167472379422], "k_pid_alt": [1.477768752937916, 0.8410147302395798, 0.6600607021214705], "k_pid_att": [25.997073188089082, 2.6889016979653872, 0.08105699149151435], "k_pid_yaw": [0.5, 1e-06, 0.1], "k_pid_hsp": [0.09847755819799779, 0.011264223901387349, 0.0], "k_pid_vsp": [387.1470188825909, 59.083466427248936, 10.0]}, "datetime": {"datetime": "2025-08-13 20:31:26", "elapsed": 38614.134080410004, "delta": 18.104647159576416}, "costs": {"total_cost": 196.14721615185368, "time_cost": 76.307, "final_distance_cost": 1.7608221064812837, "oscillation_cost": 31.155604935092466, "completition_cost": 0.0, "overshoot_cost": 52.12496753952584, "power_cost": 17.079702087402346, "noise_cost": 17.719119483351722, "n_waypoints_completed": 9, "tot_waypoints": 9}}
{"target": -189.58598351829576, "params": {"k_pid_pos": [1.733835489643198, 0.024859491386256316, 0.9451257094832697], "k_pid_alt": [1.4458679973838424, 0.028806210149256217, 0.3146878632891922], "k_pid_att": [29.46763110571006, 5.6580295118978245, 0.9623745068707039], "k_pid_yaw": [0.5, 1e-06, 0.1], "k_pid_hsp": [0.09847755819799779, 0.011264223901387349, 0.0], "k_pid_vsp": [387.1470188825909, 59.083466427248936, 10.0]}, "datetime": {"datetime": "2025-08-13 20:31:43", "elapsed": 38631.7303442955, "delta": 17.596263885498047}, "costs": {"total_cost": 189.58598351829576, "time_cost": 70.574, "final_distance_cost": 1.7789220788958566, "oscillation_cost": 27.56320983601912, "completition_cost": 0.0, "overshoot_cost": 51.75658943086311, "power_cost": 18.894539379882815, "noise_cost": 19.018722792634872, "n_waypoints_completed": 9, "tot_waypoints": 9}}
