{"target": -198.25721600639332, "params": {"k_pid_pos": [1.1837130645794225, 0.772565137968609, 0.9451257094832697], "k_pid_alt": [1.85112020821355, 0.0, 0.9642927441257968], "k_pid_att": [11.329609997636037, 3.4126860594551975, 0.261380462049589], "k_pid_yaw": [0.5, 1e-06, 0.1], "k_pid_hsp": [0.17225665165883555, 0.011264223901387349, 0.0], "k_pid_vsp": [237.37114527084637, 57.93155354082285, 10.0]}, "datetime": {"datetime": "2025-08-14 00:00:45", "elapsed": 51173.412294864655, "delta": 20.45186996459961}, "costs": {"total_cost": 198.25721600639332, "time_cost": 75.789, "final_distance_cost": 1.8022138626968762, "oscillation_cost": 29.232213126302494, "completition_cost": 0.0, "overshoot_cost": 50.60898351881743, "power_cost": 20.71071121826172, "noise_cost": 20.114094280314802, "n_waypoints_completed": 9, "tot_waypoints": 9}}
{"target": -1236.553937203365, "params": {"k_pid_pos": [1.733835489643198, 0.5359745501125973, 0.9451257094832697], "k_pid_alt": [0.8737548644081292, 0.84379583311588, 0.25938735764965193], "k_pid_att": [11.329609997636037, 3.4126860594551975, 0.21507657187817486], "k_pid_yaw": [0.5, 1e-06, 0.1], "k_pid_hsp": [0.17225665165883555, 0.011264223901387349, 0.29283539740893394], "k_pid_vsp": [205.46647479918613, 127.91747472228406, 10.0]}, "datetime": {"datetime": "2025-08-14 00:01:16", "elapsed": 51204.32526040077, "delta": 30.912965536117554}, "costs": {"total_cost": 1236.553937203365, "time_cost": 150, "final_distance_cost": 45.13434116721788, "oscillation_cost": 482.62277870901477, "completition_cost": 444.4444444444444, "overshoot_cost": 60.19777179535913, "power_cost": 23.719662414550783, "noise_cost": 30.43493867277795, "n_waypoints_completed": 5, "tot_waypoints": 9}}
{"target": -182.45199826026348, "params": {"k_pid_pos": [1.6847188596925242, 0.08976672005448583, 0.9451257094832697], "k_pid_alt": [1.85112020821355, 0.0, 0.25938735764965193], "k_pid_att": [11.329609997636037, 3.4126860594551975, 0.261380462049589], "k_pid_yaw": [0.5, 1e-06, 0.1], "k_pid_hsp": [0.17225665165883555, 0.011264223901387349, 0.0], "k_pid_vsp": [237.37114527084637, 57.93155354082285, 10.0]}, "datetime": {"datetime": "2025-08-14 00:01:36", "elapsed": 51224.42808389664, "delta": 20.102823495864868}, "costs": {"total_cost": 182.45199826026348, "time_cost": 69.545, "final_distance_cost": 1.8411934494072502, "oscillation_cost": 28.694566453968548, "completition_cost": 0.0, "overshoot_cost": 50.5939233112438, "power_cost": 12.733043286132814, "noise_cost": 19.044271759511037, "n_waypoints_completed": 9, "tot_waypoints": 9}}
{"target": -186.26287952361886, "params": {"k_pid_pos": [1.1837130645794225, 0.024859491386256316, 0.416330797462678], "k_pid_alt": [1.5786606064986153, 0.0, 0.25938735764965193], "k_pid_att": [11.329609997636037, 3.4126860594551975, 0.261380462049589], "k_pid_yaw": [0.5, 1e-06, 0.1], "k_pid_hsp": [0.17225665165883555, 0.011264223901387349, 0.0], "k_pid_vsp": [205.46647479918613, 127.91747472228406, 10.0]}, "datetime": {"datetime": "2025-08-14 00:01:52", "elapsed": 51240.810462236404, "delta": 16.382378339767456}, "costs": {"total_cost": 186.26287952361886, "time_cost": 69.503, "final_distance_cost": 1.82871234830727, "oscillation_cost": 28.3680404281915, "completition_cost": 0.0, "overshoot_cost": 50.23926998593577, "power_cost": 17.701508154296874, "noise_cost": 18.62234860688744, "n_waypoints_completed": 9, "tot_waypoints": 9}}
{"target": -181.94529668180095, "params": {"k_pid_pos": [1.733835489643198, 0.08976672005448583, 0.9451257094832697], "k_pid_alt": [1.5786606064986153, 0.0, 0.3157032531275451], "k_pid_att": [11.329609997636037, 3.4126860594551975, 0.261380462049589], "k_pid_yaw": [0.5, 1e-06, 0.1], "k_pid_hsp": [0.17225665165883555, 0.011264223901387349, 0.0], "k_pid_vsp": [237.37114527084637, 57.93155354082285, 10.0]}, "datetime": {"datetime": "2025-08-14 00:02:12", "elapsed": 51260.362018823624, "delta": 19.55155658721924}, "costs": {"total_cost": 181.94529668180095, "time_cost": 69.503, "final_distance_cost": 1.83561528389828, "oscillation_cost": 29.61778412671437, "completition_cost": 0.0, "overshoot_cost": 50.092356634807764, "power_cost": 12.0575328125, "noise_cost": 18.839007823880536, "n_waypoints_completed": 9, "tot_waypoints": 9}}
{"target": -289.07585057115375, "params": {"k_pid_pos": [1.733835489643198, 0.024859491386256316, 0.9451257094832697], "k_pid_alt": [1.85112020821355, 0.0, 0.03027788721554503], "k_pid_att": [23.08752834258585, 4.077532668255645, 0.261380462049589], "k_pid_yaw": [0.5, 1e-06, 0.1], "k_pid_hsp": [0.17225665165883555, 0.9096432186945209, 0.13829034581553945], "k_pid_vsp": [394.6113025542496, 57.93155354082285, 12.527173717198536]}, "datetime": {"datetime": "2025-08-14 00:02:30", "elapsed": 51278.21090245247, "delta": 17.848883628845215}, "costs": {"total_cost": 289.07585057115375, "time_cost": 75.418, "final_distance_cost": 1.7281064010941318, "oscillation_cost": 108.62570994913898, "completition_cost": 0.0, "overshoot_cost": 54.661714385584645, "power_cost": 25.616017150878907, "noise_cost": 23.026302684457093, "n_waypoints_completed": 9, "tot_waypoints": 9}}
{"target": -190.10433637092973, "params": {"k_pid_pos": [1.6847188596925242, 0.08976672005448583, 0.9451257094832697], "k_pid_alt": [0.8737548644081292, 0.0, 0.25938735764965193], "k_pid_att": [74.86132892719988, 2.771467938851939, 0.261380462049589], "k_pid_yaw": [0.5, 1e-06, 0.1], "k_pid_hsp": [0.17225665165883555, 0.011264223901387349, 0.0], "k_pid_vsp": [205.46647479918613, 127.91747472228406, 10.0]}, "datetime": {"datetime": "2025-08-14 00:02:50", "elapsed": 51298.422723054886, "delta": 20.211820602416992}, "costs": {"total_cost": 190.10433637092973, "time_cost": 72.506, "final_distance_cost": 1.8467689964241478, "oscillation_cost": 30.805346681834592, "completition_cost": 0.0, "overshoot_cost": 50.36932168506569, "power_cost": 16.162596069335937, "noise_cost": 18.414302938269365, "n_waypoints_completed": 9, "tot_waypoints": 9}}
{"target": -192.08236114745895, "params": {"k_pid_pos": [1.6847188596925242, 0.08976672005448583, 0.9451257094832697], "k_pid_alt": [1.85112020821355, 0.5603304823292007, 0.25938735764965193], "k_pid_att": [11.329609997636037, 3.4126860594551975, 0.261380462049589], "k_pid_yaw": [0.5, 1e-06, 0.1], "k_pid_hsp": [0.17225665165883555, 0.011264223901387349, 0.0], "k_pid_vsp": [237.37114527084637, 130.53254854158118, 10.0]}, "datetime": {"datetime": "2025-08-14 00:03:08", "elapsed": 51316.13419127464, "delta": 17.71146821975708}, "costs": {"total_cost": 192.08236114745895, "time_cost": 74.82300000000001, "final_distance_cost": 1.8144167168057699, "oscillation_cost": 28.959153789392, "completition_cost": 0.0, "overshoot_cost": 51.05123697670788, "power_cost": 16.62239327392578, "noise_cost": 18.812160390627515, "n_waypoints_completed": 9, "tot_waypoints": 9}}
{"target": -1340.4804593999108, "params": {"k_pid_pos": [0.820988891656435, 0.024859491386256316, 0.9451257094832697], "k_pid_alt": [0.9020104990244227, 0.0, 0.25938735764965193], "k_pid_att": [11.329609997636037, 3.4126860594551975, 0.261380462049589], "k_pid_yaw": [0.5, 1e-06, 0.1], "k_pid_hsp": [0.17225665165883555, 0.011264223901387349, 0.0], "k_pid_vsp": [205.46647479918613, 57.93155354082285, 286.57010988049694]}, "datetime": {"datetime": "2025-08-14 00:03:40", "elapsed": 51348.24421000481, "delta": 32.110018730163574}, "costs": {"total_cost": 1340.4804593999108, "time_cost": 150, "final_distance_cost": 115.49448216786674, "oscillation_cost": 7.149209781242749, "completition_cost": 888.8888888888888, "overshoot_cost": 130.13636711543674, "power_cost": 24.050066845703125, "noise_cost": 24.76144460077256, "n_waypoints_completed": 1, "tot_waypoints": 9}}
{"target": -522.7995801925425, "params": {"k_pid_pos": [1.733835489643198, 0.08976672005448583, 0.9451257094832697], "k_pid_alt": [1.5786606064986153, 0.0, 0.3157032531275451], "k_pid_att": [11.329609997636037, 3.4126860594551975, 0.261380462049589], "k_pid_yaw": [0.5, 1e-06, 0.1], "k_pid_hsp": [0.17225665165883555, 0.011264223901387349, 0.1118989033410478], "k_pid_vsp": [305.67975269326223, 249.85044079645235, 10.0]}, "datetime": {"datetime": "2025-08-14 00:04:11", "elapsed": 51379.404432058334, "delta": 31.160222053527832}, "costs": {"total_cost": 522.7995801925425, "time_cost": 103.656, "final_distance_cost": 1.8239788052731811, "oscillation_cost": 275.3622979803815, "completition_cost": 0.0, "overshoot_cost": 66.48186831589, "power_cost": 38.20167143554688, "noise_cost": 37.27376365545095, "n_waypoints_completed": 9, "tot_waypoints": 9}}
{"target": -202.73298953047288, "params": {"k_pid_pos": [1.733835489643198, 0.8051487301469052, 0.9451257094832697], "k_pid_alt": [0.8737548644081292, 0.0, 0.25938735764965193], "k_pid_att": [39.43551947786956, 3.4126860594551975, 0.261380462049589], "k_pid_yaw": [0.5, 1e-06, 0.1], "k_pid_hsp": [0.17225665165883555, 0.011264223901387349, 0.0], "k_pid_vsp": [237.37114527084637, 57.93155354082285, 10.0]}, "datetime": {"datetime": "2025-08-14 00:04:33", "elapsed": 51401.745240688324, "delta": 22.340808629989624}, "costs": {"total_cost": 202.73298953047288, "time_cost": 80.178, "final_distance_cost": 1.8131189875105953, "oscillation_cost": 32.276314439373735, "completition_cost": 0.0, "overshoot_cost": 51.5019687423653, "power_cost": 16.607884790039062, "noise_cost": 20.35570257118418, "n_waypoints_completed": 9, "tot_waypoints": 9}}
{"target": -195.04198910813093, "params": {"k_pid_pos": [1.733835489643198, 0.024859491386256316, 0.9451257094832697], "k_pid_alt": [1.5786606064986153, 0.0, 0.23086984934879706], "k_pid_att": [9.353998950407705, 1.2169696906303682, 0.261380462049589], "k_pid_yaw": [0.5, 1e-06, 0.1], "k_pid_hsp": [0.17225665165883555, 0.011264223901387349, 0.0], "k_pid_vsp": [103.0527854068954, 57.93155354082285, 10.0]}, "datetime": {"datetime": "2025-08-14 00:04:55", "elapsed": 51423.28753256798, "delta": 21.54229187965393}, "costs": {"total_cost": 195.04198910813093, "time_cost": 70.763, "final_distance_cost": 1.835002122492342, "oscillation_cost": 28.43380636566997, "completition_cost": 0.0, "overshoot_cost": 51.032927403847644, "power_cost": 21.95104091796875, "noise_cost": 21.026212298152213, "n_waypoints_completed": 9, "tot_waypoints": 9}}
{"target": -334.1950434777906, "params": {"k_pid_pos": [1.6847188596925242, 0.08976672005448583, 0.19730102139317784], "k_pid_alt": [1.5786606064986153, 0.0, 0.23086984934879706], "k_pid_att": [23.08752834258585, 4.077532668255645, 0.261380462049589], "k_pid_yaw": [0.5, 1e-06, 0.1], "k_pid_hsp": [0.17225665165883555, 0.4577334205577319, 0.0], "k_pid_vsp": [205.46647479918613, 130.53254854158118, 10.0]}, "datetime": {"datetime": "2025-08-14 00:05:20", "elapsed": 51448.90066051483, "delta": 25.613127946853638}, "costs": {"total_cost": 334.1950434777906, "time_cost": 106.113, "final_distance_cost": 1.7971946676648654, "oscillation_cost": 105.91231709698428, "completition_cost": 0.0, "overshoot_cost": 58.33387772101066, "power_cost": 31.22317067871094, "noise_cost": 30.815483313419843, "n_waypoints_completed": 9, "tot_waypoints": 9}}
{"target": -1464.6895117893857, "params": {"k_pid_pos": [1.6847188596925242, 0.08976672005448583, 0.19730102139317784], "k_pid_alt": [1.5786606064986153, 0.0, 0.23086984934879706], "k_pid_att": [9.353998950407705, 1.2169696906303682, 0.261380462049589], "k_pid_yaw": [0.5, 1e-06, 0.1], "k_pid_hsp": [0.17225665165883555, 0.011264223901387349, 0.0], "k_pid_vsp": [103.0527854068954, 57.93155354082285, 359.84651981328983]}, "datetime": {"datetime": "2025-08-14 00:05:53", "elapsed": 51481.12898659706, "delta": 32.228326082229614}, "costs": {"total_cost": 1464.6895117893857, "time_cost": 150, "final_distance_cost": 0.9998826859259673, "oscillation_cost": 7.126375349781902, "completition_cost": 1000.0, "overshoot_cost": 163.066166875703, "power_cost": 29.212199194335938, "noise_cost": 114.28488768363896, "n_waypoints_completed": 0, "tot_waypoints": 9}}
{"target": -1680.7302411402611, "params": {"k_pid_pos": [1.733835489643198, 0.024859491386256316, 0.19730102139317784], "k_pid_alt": [1.5786606064986153, 0.6447896631361855, 0.23086984934879706], "k_pid_att": [23.08752834258585, 1.2169696906303682, 0.261380462049589], "k_pid_yaw": [0.5, 1e-06, 0.1], "k_pid_hsp": [0.17225665165883555, 0.011264223901387349, 0.9189686323367625], "k_pid_vsp": [103.0527854068954, 57.93155354082285, 10.0]}, "datetime": {"datetime": "2025-08-14 00:06:23", "elapsed": 51511.86507773399, "delta": 30.736091136932373}, "costs": {"total_cost": 1680.7302411402611, "time_cost": 150, "final_distance_cost": 65.97422473548663, "oscillation_cost": 643.7024358245582, "completition_cost": 666.6666666666667, "overshoot_cost": 90.84547956615238, "power_cost": 32.10543328857422, "noise_cost": 31.436001058822953, "n_waypoints_completed": 3, "tot_waypoints": 9}}
{"target": -185.90973676241464, "params": {"k_pid_pos": [1.1837130645794225, 0.024859491386256316, 0.416330797462678], "k_pid_alt": [1.5786606064986153, 0.0, 0.25938735764965193], "k_pid_att": [11.329609997636037, 8.164782527102767, 0.261380462049589], "k_pid_yaw": [0.5, 1e-06, 0.1], "k_pid_hsp": [0.17225665165883555, 0.011264223901387349, 0.0], "k_pid_vsp": [205.46647479918613, 127.91747472228406, 10.0]}, "datetime": {"datetime": "2025-08-14 00:06:42", "elapsed": 51530.34494614601, "delta": 18.479868412017822}, "costs": {"total_cost": 185.90973676241464, "time_cost": 69.33500000000001, "final_distance_cost": 1.833282303308406, "oscillation_cost": 28.80907223615885, "completition_cost": 0.0, "overshoot_cost": 50.079540755903835, "power_cost": 17.3519220703125, "noise_cost": 18.500919396731025, "n_waypoints_completed": 9, "tot_waypoints": 9}}
{"target": -186.97783375674155, "params": {"k_pid_pos": [1.1837130645794225, 0.024859491386256316, 0.416330797462678], "k_pid_alt": [1.5786606064986153, 0.0, 0.05010974591185968], "k_pid_att": [11.329609997636037, 3.4126860594551975, 0.261380462049589], "k_pid_yaw": [0.5, 1e-06, 0.1], "k_pid_hsp": [0.17225665165883555, 0.011264223901387349, 0.0], "k_pid_vsp": [205.46647479918613, 306.5653082406949, 10.0]}, "datetime": {"datetime": "2025-08-14 00:07:00", "elapsed": 51548.43705511093, "delta": 18.092108964920044}, "costs": {"total_cost": 186.97783375674155, "time_cost": 69.874, "final_distance_cost": 1.8384955680881252, "oscillation_cost": 27.8830807685072, "completition_cost": 0.0, "overshoot_cost": 50.58406650079687, "power_cost": 18.110405041503906, "noise_cost": 18.687785877845467, "n_waypoints_completed": 9, "tot_waypoints": 9}}
{"target": -188.40200974644998, "params": {"k_pid_pos": [1.733835489643198, 0.08976672005448583, 0.9451257094832697], "k_pid_alt": [1.5786606064986153, 0.0, 0.3157032531275451], "k_pid_att": [11.329609997636037, 1.4171773283956124, 0.261380462049589], "k_pid_yaw": [0.5, 1e-06, 0.1], "k_pid_hsp": [0.17225665165883555, 0.011264223901387349, 0.0], "k_pid_vsp": [237.37114527084637, 57.93155354082285, 10.0]}, "datetime": {"datetime": "2025-08-14 00:07:18", "elapsed": 51566.60795426369, "delta": 18.170899152755737}, "costs": {"total_cost": 188.40200974644998, "time_cost": 70.392, "final_distance_cost": 1.8304912037094674, "oscillation_cost": 28.36127880564776, "completition_cost": 0.0, "overshoot_cost": 50.86664899353508, "power_cost": 18.0579572265625, "noise_cost": 18.893633516995155, "n_waypoints_completed": 9, "tot_waypoints": 9}}
{"target": -187.5542758651755, "params": {"k_pid_pos": [1.729996457732455, 0.08976672005448583, 0.027766713950817756], "k_pid_alt": [1.5786606064986153, 0.0, 0.3157032531275451], "k_pid_att": [11.329609997636037, 3.4126860594551975, 0.261380462049589], "k_pid_yaw": [0.5, 1e-06, 0.1], "k_pid_hsp": [0.17225665165883555, 0.011264223901387349, 0.0], "k_pid_vsp": [192.0752855763678, 57.93155354082285, 10.0]}, "datetime": {"datetime": "2025-08-14 00:07:35", "elapsed": 51583.60990333557, "delta": 17.001949071884155}, "costs": {"total_cost": 187.5542758651755, "time_cost": 69.468, "final_distance_cost": 1.7480558157947788, "oscillation_cost": 34.40698895931798, "completition_cost": 0.0, "overshoot_cost": 50.84306229656038, "power_cost": 12.946695751953126, "noise_cost": 18.14147304154922, "n_waypoints_completed": 9, "tot_waypoints": 9}}
{"target": -184.07397456621277, "params": {"k_pid_pos": [1.2048953097984418, 0.5931963056508585, 0.9451257094832697], "k_pid_alt": [1.5786606064986153, 0.0, 0.23086984934879706], "k_pid_att": [23.08752834258585, 4.077532668255645, 0.261380462049589], "k_pid_yaw": [0.5, 1e-06, 0.1], "k_pid_hsp": [0.17225665165883555, 0.011264223901387349, 0.0], "k_pid_vsp": [205.46647479918613, 130.53254854158118, 10.0]}, "datetime": {"datetime": "2025-08-14 00:07:54", "elapsed": 51603.00300359726, "delta": 19.393100261688232}, "costs": {"total_cost": 184.07397456621277, "time_cost": 74.676, "final_distance_cost": 1.785537840419757, "oscillation_cost": 27.14470256445054, "completition_cost": 0.0, "overshoot_cost": 50.33831232036791, "power_cost": 11.211823974609375, "noise_cost": 18.917597866365163, "n_waypoints_completed": 9, "tot_waypoints": 9}}
{"target": -193.89727331478355, "params": {"k_pid_pos": [1.733835489643198, 0.3476693083007718, 0.9451257094832697], "k_pid_alt": [0.8737548644081292, 0.0, 0.6797860385434875], "k_pid_att": [11.329609997636037, 3.4126860594551975, 0.261380462049589], "k_pid_yaw": [0.5, 1e-06, 0.1], "k_pid_hsp": [0.17225665165883555, 0.011264223901387349, 0.0], "k_pid_vsp": [205.46647479918613, 310.89645667885657, 10.0]}, "datetime": {"datetime": "2025-08-14 00:08:14", "elapsed": 51622.33302950859, "delta": 19.330025911331177}, "costs": {"total_cost": 193.89727331478355, "time_cost": 78.715, "final_distance_cost": 1.8379776211926246, "oscillation_cost": 30.17834355575249, "completition_cost": 0.0, "overshoot_cost": 50.411119766731446, "power_cost": 13.008888720703126, "noise_cost": 19.74594365040389, "n_waypoints_completed": 9, "tot_waypoints": 9}}
{"target": -206.27881460569068, "params": {"k_pid_pos": [1.6847188596925242, 0.08976672005448583, 0.8534608306708414], "k_pid_alt": [0.8737548644081292, 0.0, 0.9073445435994871], "k_pid_att": [11.329609997636037, 6.338149104467201, 0.261380462049589], "k_pid_yaw": [0.5, 1e-06, 0.1], "k_pid_hsp": [0.17225665165883555, 0.011264223901387349, 0.0], "k_pid_vsp": [205.46647479918613, 306.5653082406949, 10.0]}, "datetime": {"datetime": "2025-08-14 00:08:35", "elapsed": 51643.77795934677, "delta": 21.444929838180542}, "costs": {"total_cost": 206.27881460569068, "time_cost": 78.519, "final_distance_cost": 1.8560354232513139, "oscillation_cost": 31.14740055550566, "completition_cost": 0.0, "overshoot_cost": 50.83962156212899, "power_cost": 22.894453173828126, "noise_cost": 21.022303890976605, "n_waypoints_completed": 9, "tot_waypoints": 9}}
{"target": -2119.6229313664644, "params": {"k_pid_pos": [1.3983757980924527, 0.024859491386256316, 0.416330797462678], "k_pid_alt": [1.5786606064986153, 0.0, 0.25938735764965193], "k_pid_att": [74.86132892719988, 2.771467938851939, 0.261380462049589], "k_pid_yaw": [0.5, 1e-06, 0.1], "k_pid_hsp": [0.17225665165883555, 0.011264223901387349, 0.7157967701039618], "k_pid_vsp": [205.46647479918613, 127.91747472228406, 310.87328120219104]}, "datetime": {"datetime": "2025-08-14 00:09:06", "elapsed": 51674.15011262894, "delta": 30.372153282165527}, "costs": {"total_cost": 2119.6229313664644, "time_cost": 150, "final_distance_cost": 44.013882115466544, "oscillation_cost": 788.356128116071, "completition_cost": 1000.0, "overshoot_cost": 55.882313771557556, "power_cost": 49.646017517089845, "noise_cost": 31.72458984627938, "n_waypoints_completed": 0, "tot_waypoints": 9}}
{"target": -191.23723070576702, "params": {"k_pid_pos": [1.733835489643198, 0.024859491386256316, 0.9451257094832697], "k_pid_alt": [1.5786606064986153, 0.0, 0.23086984934879706], "k_pid_att": [23.08752834258585, 9.679534059136797, 0.261380462049589], "k_pid_yaw": [0.5, 1e-06, 0.1], "k_pid_hsp": [0.17225665165883555, 0.011264223901387349, 0.0], "k_pid_vsp": [205.46647479918613, 130.53254854158118, 10.0]}, "datetime": {"datetime": "2025-08-14 00:09:23", "elapsed": 51691.11921262741, "delta": 16.96909999847412}, "costs": {"total_cost": 191.23723070576702, "time_cost": 70.455, "final_distance_cost": 1.8467378722996928, "oscillation_cost": 28.05631124462259, "completition_cost": 0.0, "overshoot_cost": 50.51220325489166, "power_cost": 20.253972595214844, "noise_cost": 20.11300573873825, "n_waypoints_completed": 9, "tot_waypoints": 9}}
{"target": -182.09454260278181, "params": {"k_pid_pos": [1.6539202065587246, 0.024859491386256316, 0.9451257094832697], "k_pid_alt": [1.5786606064986153, 0.0, 0.23086984934879706], "k_pid_att": [23.08752834258585, 4.077532668255645, 0.261380462049589], "k_pid_yaw": [0.5, 1e-06, 0.1], "k_pid_hsp": [0.17225665165883555, 0.011264223901387349, 0.0], "k_pid_vsp": [27.820441695830667, 130.53254854158118, 10.0]}, "datetime": {"datetime": "2025-08-14 00:09:41", "elapsed": 51709.18217039108, "delta": 18.062957763671875}, "costs": {"total_cost": 182.09454260278181, "time_cost": 69.258, "final_distance_cost": 1.834480613526766, "oscillation_cost": 28.74497339793849, "completition_cost": 0.0, "overshoot_cost": 50.09345992278741, "power_cost": 13.170744921875, "noise_cost": 18.992883746654154, "n_waypoints_completed": 9, "tot_waypoints": 9}}
