{"target": -1799.9829144083596, "params": {"k_pid_pos": [1.097674141165482, 0.024859491386256316, 0.8519347702918288], "k_pid_alt": [1.4458679973838424, 0.0, 0.3146878632891922], "k_pid_att": [42.28034808905181, 0.18205753750414305, 0.34464953207076743], "k_pid_yaw": [0.5, 1e-06, 0.1], "k_pid_hsp": [0.09847755819799779, 0.6216069621477621, 0.43279329087118723], "k_pid_vsp": [277.2708477836043, 197.31441805153213, 10.0]}, "datetime": {"datetime": "2025-08-13 16:36:41", "elapsed": 24529.573191165924, "delta": 30.540744304656982}, "costs": {"total_cost": 1799.9829144083596, "time_cost": 150, "final_distance_cost": 40.18707670704277, "oscillation_cost": 775.5047324390977, "completition_cost": 666.6666666666667, "overshoot_cost": 108.46531455373939, "power_cost": 29.701927758789065, "noise_cost": 29.457196283024025, "n_waypoints_completed": 3, "tot_waypoints": 9}}
{"target": -268.48688599755747, "params": {"k_pid_pos": [0.9858569135673503, 0.024859491386256316, 0.8519347702918288], "k_pid_alt": [1.4458679973838424, 0.0, 0.13294310327404035], "k_pid_att": [39.447728079683905, 3.8677381495188174, 0.6559199499296157], "k_pid_yaw": [0.5, 1e-06, 0.1], "k_pid_hsp": [0.09847755819799779, 0.011264223901387349, 0.0], "k_pid_vsp": [200.4106445826773, 300.6723471101404, 167.5812156158074]}, "datetime": {"datetime": "2025-08-13 16:37:11", "elapsed": 24559.845998764038, "delta": 30.272807598114014}, "costs": {"total_cost": 268.48688599755747, "time_cost": 112.385, "final_distance_cost": 1.8532186178300445, "oscillation_cost": 25.286288030766567, "completition_cost": 0.0, "overshoot_cost": 74.81707468745866, "power_cost": 27.0891578125, "noise_cost": 27.056146849002236, "n_waypoints_completed": 9, "tot_waypoints": 9}}
{"target": -1709.8565739223795, "params": {"k_pid_pos": [1.733835489643198, 0.024859491386256316, 0.8519347702918288], "k_pid_alt": [1.4458679973838424, 0.0, 0.3146878632891922], "k_pid_att": [43.948176657889235, 3.496443004952719, 0.9125065750547853], "k_pid_yaw": [0.5, 1e-06, 0.1], "k_pid_hsp": [0.09847755819799779, 0.011264223901387349, 0.4597123633359994], "k_pid_vsp": [67.06746789475653, 93.09285943774285, 10.0]}, "datetime": {"datetime": "2025-08-13 16:37:44", "elapsed": 24592.356380939484, "delta": 32.51038217544556}, "costs": {"total_cost": 1709.8565739223795, "time_cost": 150, "final_distance_cost": 87.41762658933715, "oscillation_cost": 650.634164034439, "completition_cost": 666.6666666666667, "overshoot_cost": 90.32933456040075, "power_cost": 35.12047957763672, "noise_cost": 29.68830249389935, "n_waypoints_completed": 3, "tot_waypoints": 9}}
{"target": -191.88729018236438, "params": {"k_pid_pos": [1.4340672435785011, 0.024859491386256316, 0.8519347702918288], "k_pid_alt": [1.4458679973838424, 0.0, 0.3146878632891922], "k_pid_att": [27.63392213362481, 0.18205753750414305, 0.34464953207076743], "k_pid_yaw": [0.5, 1e-06, 0.1], "k_pid_hsp": [0.09847755819799779, 0.011264223901387349, 0.0], "k_pid_vsp": [376.5747392387296, 93.09285943774285, 10.0]}, "datetime": {"datetime": "2025-08-13 16:38:02", "elapsed": 24610.5136885643, "delta": 18.157307624816895}, "costs": {"total_cost": 191.88729018236438, "time_cost": 71.12, "final_distance_cost": 1.8280366562376265, "oscillation_cost": 27.312118223228968, "completition_cost": 0.0, "overshoot_cost": 51.861036964751975, "power_cost": 19.80100955810547, "noise_cost": 19.965088780040332, "n_waypoints_completed": 9, "tot_waypoints": 9}}
{"target": -188.21437279567945, "params": {"k_pid_pos": [1.4164186877546903, 0.024859491386256316, 0.44963268842268056], "k_pid_alt": [1.4458679973838424, 0.0, 0.46972286414476394], "k_pid_att": [43.948176657889235, 0.18205753750414305, 0.34464953207076743], "k_pid_yaw": [0.5, 1e-06, 0.1], "k_pid_hsp": [0.09847755819799779, 0.011264223901387349, 0.0], "k_pid_vsp": [277.2708477836043, 93.09285943774285, 10.0]}, "datetime": {"datetime": "2025-08-13 16:38:20", "elapsed": 24629.00036048889, "delta": 18.486671924591064}, "costs": {"total_cost": 188.21437279567945, "time_cost": 70.672, "final_distance_cost": 1.804412064615474, "oscillation_cost": 28.799728080543876, "completition_cost": 0.0, "overshoot_cost": 50.73894211079049, "power_cost": 18.04248505859375, "noise_cost": 18.15680548113588, "n_waypoints_completed": 9, "tot_waypoints": 9}}
{"target": -193.88998136177582, "params": {"k_pid_pos": [1.4340672435785011, 0.5303319676020144, 0.9239049236577108], "k_pid_alt": [1.7187705538853828, 0.0, 0.7558934151415505], "k_pid_att": [48.26873903267956, 8.267881126176224, 0.34464953207076743], "k_pid_yaw": [0.5, 1e-06, 0.1], "k_pid_hsp": [0.09847755819799779, 0.011264223901387349, 0.0], "k_pid_vsp": [277.2708477836043, 93.09285943774285, 10.0]}, "datetime": {"datetime": "2025-08-13 16:38:41", "elapsed": 24649.556060552597, "delta": 20.555700063705444}, "costs": {"total_cost": 193.88998136177582, "time_cost": 75.229, "final_distance_cost": 1.7971123235381956, "oscillation_cost": 28.260420622618597, "completition_cost": 0.0, "overshoot_cost": 51.16234980028753, "power_cost": 18.127172009277345, "noise_cost": 19.31392660605417, "n_waypoints_completed": 9, "tot_waypoints": 9}}
{"target": -937.0332227544641, "params": {"k_pid_pos": [1.4340672435785011, 0.5303319676020144, 0.9239049236577108], "k_pid_alt": [1.7187705538853828, 0.0, 0.3146878632891922], "k_pid_att": [48.26873903267956, 8.267881126176224, 0.34464953207076743], "k_pid_yaw": [0.5, 1e-06, 0.1], "k_pid_hsp": [0.09847755819799779, 0.7159462861832028, 0.0], "k_pid_vsp": [277.2708477836043, 93.09285943774285, 10.0]}, "datetime": {"datetime": "2025-08-13 16:39:17", "elapsed": 24685.342770814896, "delta": 35.786710262298584}, "costs": {"total_cost": 937.0332227544641, "time_cost": 150, "final_distance_cost": 53.273788367816586, "oscillation_cost": 142.4298278505038, "completition_cost": 444.4444444444444, "overshoot_cost": 70.23253338091881, "power_cost": 40.817861926269536, "noise_cost": 35.834766784511004, "n_waypoints_completed": 5, "tot_waypoints": 9}}
{"target": -209.45284480909226, "params": {"k_pid_pos": [1.4164186877546903, 0.024859491386256316, 0.44963268842268056], "k_pid_alt": [0.628485956049549, 0.0, 0.3146878632891922], "k_pid_att": [43.948176657889235, 0.18205753750414305, 0.6331997646149408], "k_pid_yaw": [0.5, 1e-06, 0.1], "k_pid_hsp": [0.09847755819799779, 0.011264223901387349, 0.0], "k_pid_vsp": [277.2708477836043, 298.73657637713535, 10.0]}, "datetime": {"datetime": "2025-08-13 16:39:43", "elapsed": 24712.004413843155, "delta": 26.661643028259277}, "costs": {"total_cost": 209.45284480909226, "time_cost": 78.813, "final_distance_cost": 1.8587734806734029, "oscillation_cost": 29.793514944537186, "completition_cost": 0.0, "overshoot_cost": 52.07866320427208, "power_cost": 24.525101599121093, "noise_cost": 22.38379158048848, "n_waypoints_completed": 9, "tot_waypoints": 9}}
{"target": -2091.8069676492046, "params": {"k_pid_pos": [1.4340672435785011, 0.5303319676020144, 0.9239049236577108], "k_pid_alt": [1.1736461563227703, 0.0, 0.3146878632891922], "k_pid_att": [48.26873903267956, 9.994776192526535, 0.34464953207076743], "k_pid_yaw": [0.5, 1e-06, 0.1], "k_pid_hsp": [0.09847755819799779, 0.011264223901387349, 0.5491218481913619], "k_pid_vsp": [67.06746789475653, 93.09285943774285, 10.0]}, "datetime": {"datetime": "2025-08-13 16:40:21", "elapsed": 24749.631258010864, "delta": 37.62684416770935}, "costs": {"total_cost": 2091.8069676492046, "time_cost": 150, "final_distance_cost": 60.84023502180769, "oscillation_cost": 830.5142018795517, "completition_cost": 888.8888888888888, "overshoot_cost": 95.89850271357292, "power_cost": 35.22449504394532, "noise_cost": 30.440644101438426, "n_waypoints_completed": 1, "tot_waypoints": 9}}
{"target": -187.28535681458968, "params": {"k_pid_pos": [1.4340672435785011, 0.024859491386256316, 0.8519347702918288], "k_pid_alt": [1.4458679973838424, 0.0, 0.3146878632891922], "k_pid_att": [43.948176657889235, 0.18205753750414305, 0.9125065750547853], "k_pid_yaw": [0.5, 1e-06, 0.1], "k_pid_hsp": [0.09847755819799779, 0.011264223901387349, 0.0], "k_pid_vsp": [277.2708477836043, 197.31441805153213, 10.0]}, "datetime": {"datetime": "2025-08-13 16:40:39", "elapsed": 24767.801423072815, "delta": 18.170165061950684}, "costs": {"total_cost": 187.28535681458968, "time_cost": 70.686, "final_distance_cost": 1.8262171666763007, "oscillation_cost": 27.198696574854484, "completition_cost": 0.0, "overshoot_cost": 50.68145559454583, "power_cost": 18.512118237304687, "noise_cost": 18.380869241208348, "n_waypoints_completed": 9, "tot_waypoints": 9}}
{"target": -1521.164738491382, "params": {"k_pid_pos": [0.8211552511424755, 0.024859491386256316, 0.847123259091292], "k_pid_alt": [1.4458679973838424, 0.0, 0.3146878632891922], "k_pid_att": [22.261599542950584, 4.821296285982074, 0.34464953207076743], "k_pid_yaw": [0.5, 1e-06, 0.1], "k_pid_hsp": [0.09847755819799779, 0.07491097546197312, 0.5735930241189825], "k_pid_vsp": [277.2708477836043, 93.09285943774285, 40.70050142659987]}, "datetime": {"datetime": "2025-08-13 16:41:12", "elapsed": 24800.546148777008, "delta": 32.744725704193115}, "costs": {"total_cost": 1521.164738491382, "time_cost": 150, "final_distance_cost": 42.30174756093757, "oscillation_cost": 619.8142511557166, "completition_cost": 555.5555555555555, "overshoot_cost": 90.88893919678661, "power_cost": 33.49022340087891, "noise_cost": 29.114021621506815, "n_waypoints_completed": 4, "tot_waypoints": 9}}
{"target": -191.93559790083793, "params": {"k_pid_pos": [0.9203224573796739, 0.024859491386256316, 0.8519347702918288], "k_pid_alt": [1.4458679973838424, 0.0, 0.3146878632891922], "k_pid_att": [43.948176657889235, 0.18205753750414305, 0.9125065750547853], "k_pid_yaw": [0.5, 1e-06, 0.1], "k_pid_hsp": [0.09847755819799779, 0.011264223901387349, 0.0], "k_pid_vsp": [243.1792825771628, 93.09285943774285, 10.0]}, "datetime": {"datetime": "2025-08-13 16:41:32", "elapsed": 24820.36186981201, "delta": 19.815721035003662}, "costs": {"total_cost": 191.93559790083793, "time_cost": 76.643, "final_distance_cost": 1.8535721537647034, "oscillation_cost": 24.288656665368485, "completition_cost": 0.0, "overshoot_cost": 51.59923664428586, "power_cost": 17.041082434082032, "noise_cost": 20.510050003336847, "n_waypoints_completed": 9, "tot_waypoints": 9}}
{"target": -197.79228023756306, "params": {"k_pid_pos": [1.9176378968916694, 0.024859491386256316, 0.21152287994165886], "k_pid_alt": [1.6319753356852484, 0.0, 0.7547909499110205], "k_pid_att": [39.447728079683905, 5.088413281584711, 0.6179952950406163], "k_pid_yaw": [0.5, 1e-06, 0.1], "k_pid_hsp": [0.09847755819799779, 0.011264223901387349, 0.0], "k_pid_vsp": [277.2708477836043, 255.15728066808146, 10.0]}, "datetime": {"datetime": "2025-08-13 16:41:51", "elapsed": 24839.807582378387, "delta": 19.445712566375732}, "costs": {"total_cost": 197.79228023756306, "time_cost": 71.379, "final_distance_cost": 1.7608242896188124, "oscillation_cost": 32.87693397359666, "completition_cost": 0.0, "overshoot_cost": 51.50156448898471, "power_cost": 20.614624841308594, "noise_cost": 19.65933264405428, "n_waypoints_completed": 9, "tot_waypoints": 9}}
{"target": -812.3180221550664, "params": {"k_pid_pos": [1.3296566129936354, 0.024859491386256316, 0.8519347702918288], "k_pid_alt": [1.4458679973838424, 0.08322093448254864, 0.3146878632891922], "k_pid_att": [77.95525177682634, 4.273161054152589, 0.8100135033272438], "k_pid_yaw": [0.5, 1e-06, 0.1], "k_pid_hsp": [0.09847755819799779, 0.7249672446196165, 0.0], "k_pid_vsp": [284.5460512203246, 93.09285943774285, 10.0]}, "datetime": {"datetime": "2025-08-13 16:42:26", "elapsed": 24874.580376386642, "delta": 34.772794008255005}, "costs": {"total_cost": 812.3180221550664, "time_cost": 150, "final_distance_cost": 67.12870397424427, "oscillation_cost": 146.12971496856343, "completition_cost": 333.33333333333337, "overshoot_cost": 55.48115150121148, "power_cost": 26.748685278320313, "noise_cost": 33.496433099393535, "n_waypoints_completed": 6, "tot_waypoints": 9}}
{"target": -191.970216231215, "params": {"k_pid_pos": [1.4340672435785011, 0.5303319676020144, 0.9239049236577108], "k_pid_alt": [1.1736461563227703, 0.0, 0.3146878632891922], "k_pid_att": [48.26873903267956, 8.267881126176224, 0.34464953207076743], "k_pid_yaw": [0.5, 1e-06, 0.1], "k_pid_hsp": [0.09847755819799779, 0.011264223901387349, 0.0], "k_pid_vsp": [342.13188953727393, 93.09285943774285, 10.0]}, "datetime": {"datetime": "2025-08-13 16:42:47", "elapsed": 24895.499161720276, "delta": 20.918785333633423}, "costs": {"total_cost": 191.970216231215, "time_cost": 75.362, "final_distance_cost": 1.7741093828367411, "oscillation_cost": 28.13976442281815, "completition_cost": 0.0, "overshoot_cost": 51.63953909353621, "power_cost": 16.490557568359375, "noise_cost": 18.564245763664534, "n_waypoints_completed": 9, "tot_waypoints": 9}}
{"target": -200.77907636179765, "params": {"k_pid_pos": [1.4340672435785011, 0.5303319676020144, 0.9239049236577108], "k_pid_alt": [1.7187705538853828, 0.0, 0.3146878632891922], "k_pid_att": [48.26873903267956, 9.994776192526535, 0.34464953207076743], "k_pid_yaw": [0.5, 1e-06, 0.1], "k_pid_hsp": [0.09847755819799779, 0.011264223901387349, 0.0], "k_pid_vsp": [279.45517549114066, 197.31441805153213, 10.0]}, "datetime": {"datetime": "2025-08-13 16:43:08", "elapsed": 24916.78612136841, "delta": 21.286959648132324}, "costs": {"total_cost": 200.77907636179765, "time_cost": 78.162, "final_distance_cost": 1.7865262069029504, "oscillation_cost": 28.29108330217532, "completition_cost": 0.0, "overshoot_cost": 52.420481777597374, "power_cost": 19.6303435546875, "noise_cost": 20.48864152043449, "n_waypoints_completed": 9, "tot_waypoints": 9}}
{"target": -679.5067169391185, "params": {"k_pid_pos": [0.2648816019599518, 0.024859491386256316, 0.8519347702918288], "k_pid_alt": [1.4458679973838424, 0.0, 0.3146878632891922], "k_pid_att": [43.948176657889235, 0.18205753750414305, 0.9125065750547853], "k_pid_yaw": [0.5, 1e-06, 0.1], "k_pid_hsp": [0.09847755819799779, 0.011264223901387349, 0.0], "k_pid_vsp": [67.06746789475653, 93.09285943774285, 10.0]}, "datetime": {"datetime": "2025-08-13 16:43:41", "elapsed": 24949.944180488586, "delta": 33.15805912017822}, "costs": {"total_cost": 679.5067169391185, "time_cost": 150, "final_distance_cost": 70.62487340915627, "oscillation_cost": 9.664206731337687, "completition_cost": 333.33333333333337, "overshoot_cost": 54.23385563951463, "power_cost": 32.23917059326172, "noise_cost": 29.411277232514752, "n_waypoints_completed": 6, "tot_waypoints": 9}}
{"target": -191.90431967852095, "params": {"k_pid_pos": [1.4164186877546903, 0.024859491386256316, 0.44963268842268056], "k_pid_alt": [1.4458679973838424, 0.0, 0.46972286414476394], "k_pid_att": [43.948176657889235, 0.18205753750414305, 0.34464953207076743], "k_pid_yaw": [0.5, 1e-06, 0.1], "k_pid_hsp": [0.09847755819799779, 0.011264223901387349, 0.0], "k_pid_vsp": [277.2708477836043, 93.09285943774285, 10.0]}, "datetime": {"datetime": "2025-08-13 16:44:03", "elapsed": 24972.036046743393, "delta": 22.09186625480652}, "costs": {"total_cost": 191.90431967852095, "time_cost": 70.756, "final_distance_cost": 1.7980177900885348, "oscillation_cost": 28.468120406122072, "completition_cost": 0.0, "overshoot_cost": 51.09452905869783, "power_cost": 20.228371704101562, "noise_cost": 19.55928071951095, "n_waypoints_completed": 9, "tot_waypoints": 9}}
{"target": -194.80773583049873, "params": {"k_pid_pos": [1.4340672435785011, 0.024859491386256316, 0.8519347702918288], "k_pid_alt": [1.4458679973838424, 0.0, 0.6600607021214705], "k_pid_att": [39.447728079683905, 3.8677381495188174, 0.6559199499296157], "k_pid_yaw": [0.5, 1e-06, 0.1], "k_pid_hsp": [0.09847755819799779, 0.011264223901387349, 0.0], "k_pid_vsp": [277.2708477836043, 93.09285943774285, 10.0]}, "datetime": {"datetime": "2025-08-13 16:44:24", "elapsed": 24992.850365638733, "delta": 20.814318895339966}, "costs": {"total_cost": 194.80773583049873, "time_cost": 72.205, "final_distance_cost": 1.842046364820575, "oscillation_cost": 27.166724084802397, "completition_cost": 0.0, "overshoot_cost": 51.49040865986924, "power_cost": 21.20583475341797, "noise_cost": 20.897721967588545, "n_waypoints_completed": 9, "tot_waypoints": 9}}
{"target": -184.44699178026585, "params": {"k_pid_pos": [1.733835489643198, 0.024859491386256316, 0.8519347702918288], "k_pid_alt": [1.4458679973838424, 0.0, 0.3146878632891922], "k_pid_att": [43.948176657889235, 0.18205753750414305, 0.34464953207076743], "k_pid_yaw": [0.5, 1e-06, 0.1], "k_pid_hsp": [0.09847755819799779, 0.011264223901387349, 0.0], "k_pid_vsp": [376.5747392387296, 93.09285943774285, 10.0]}, "datetime": {"datetime": "2025-08-13 16:44:51", "elapsed": 25019.194187164307, "delta": 26.34382152557373}, "costs": {"total_cost": 184.44699178026585, "time_cost": 70.231, "final_distance_cost": 1.8263473029560213, "oscillation_cost": 28.667427032322255, "completition_cost": 0.0, "overshoot_cost": 51.008511896487505, "power_cost": 15.162418334960938, "noise_cost": 17.551287213539158, "n_waypoints_completed": 9, "tot_waypoints": 9}}
{"target": -244.6053418517967, "params": {"k_pid_pos": [0.9203224573796739, 0.7861818900992841, 0.8519347702918288], "k_pid_alt": [1.4458679973838424, 0.0, 0.3146878632891922], "k_pid_att": [98.3674629066707, 9.994776192526535, 0.34464953207076743], "k_pid_yaw": [0.5, 1e-06, 0.1], "k_pid_hsp": [0.09847755819799779, 0.011264223901387349, 0.0], "k_pid_vsp": [279.45517549114066, 197.31441805153213, 10.0]}, "datetime": {"datetime": "2025-08-13 16:45:18", "elapsed": 25046.665234565735, "delta": 27.471047401428223}, "costs": {"total_cost": 244.6053418517967, "time_cost": 98.889, "final_distance_cost": 1.7978719311031368, "oscillation_cost": 33.51170954261604, "completition_cost": 0.0, "overshoot_cost": 54.170276311372525, "power_cost": 28.258001306152345, "noise_cost": 27.978482760552666, "n_waypoints_completed": 9, "tot_waypoints": 9}}
{"target": -203.08863025722786, "params": {"k_pid_pos": [1.4340672435785011, 0.5303319676020144, 0.9239049236577108], "k_pid_alt": [1.7187705538853828, 0.0, 0.3146878632891922], "k_pid_att": [43.948176657889235, 0.18205753750414305, 0.9125065750547853], "k_pid_yaw": [0.5, 1e-06, 0.1], "k_pid_hsp": [0.09847755819799779, 0.011264223901387349, 0.0], "k_pid_vsp": [243.1792825771628, 93.09285943774285, 10.0]}, "datetime": {"datetime": "2025-08-13 16:45:39", "elapsed": 25067.967118024826, "delta": 21.301883459091187}, "costs": {"total_cost": 203.08863025722786, "time_cost": 78.533, "final_distance_cost": 1.788785115265539, "oscillation_cost": 27.856779446182397, "completition_cost": 0.0, "overshoot_cost": 52.73123570930022, "power_cost": 20.948224169921875, "noise_cost": 21.230605816557816, "n_waypoints_completed": 9, "tot_waypoints": 9}}
{"target": -199.22517404233963, "params": {"k_pid_pos": [0.9203224573796739, 0.024859491386256316, 0.8519347702918288], "k_pid_alt": [1.4458679973838424, 0.0, 0.3146878632891922], "k_pid_att": [43.948176657889235, 0.18205753750414305, 0.34464953207076743], "k_pid_yaw": [0.5, 1e-06, 0.1], "k_pid_hsp": [0.09847755819799779, 0.011264223901387349, 0.0], "k_pid_vsp": [40.32923178154295, 93.09285943774285, 10.0]}, "datetime": {"datetime": "2025-08-13 16:46:01", "elapsed": 25089.48561024666, "delta": 21.518492221832275}, "costs": {"total_cost": 199.22517404233963, "time_cost": 76.615, "final_distance_cost": 1.8578047012770247, "oscillation_cost": 24.657526481529647, "completition_cost": 0.0, "overshoot_cost": 51.830521877435444, "power_cost": 21.895630871582032, "noise_cost": 22.368690110515516, "n_waypoints_completed": 9, "tot_waypoints": 9}}
{"target": -187.91145630499528, "params": {"k_pid_pos": [1.733835489643198, 0.024859491386256316, 0.8519347702918288], "k_pid_alt": [1.4458679973838424, 0.0, 0.3146878632891922], "k_pid_att": [43.948176657889235, 0.18205753750414305, 0.9125065750547853], "k_pid_yaw": [0.5, 1e-06, 0.1], "k_pid_hsp": [0.09847755819799779, 0.011264223901387349, 0.0], "k_pid_vsp": [243.1792825771628, 93.09285943774285, 10.0]}, "datetime": {"datetime": "2025-08-13 16:46:19", "elapsed": 25107.785378932953, "delta": 18.299768686294556}, "costs": {"total_cost": 187.91145630499528, "time_cost": 70.196, "final_distance_cost": 1.8291915714346358, "oscillation_cost": 28.41510905797411, "completition_cost": 0.0, "overshoot_cost": 51.44071924598071, "power_cost": 17.466544213867188, "noise_cost": 18.56389221573862, "n_waypoints_completed": 9, "tot_waypoints": 9}}
{"target": -204.05981696653384, "params": {"k_pid_pos": [1.646111256876908, 0.7277996416202209, 0.8881971977301835], "k_pid_alt": [1.4458679973838424, 0.9503295681368317, 0.3146878632891922], "k_pid_att": [43.948176657889235, 0.18205753750414305, 0.34464953207076743], "k_pid_yaw": [0.5, 1e-06, 0.1], "k_pid_hsp": [0.09847755819799779, 0.011264223901387349, 0.0], "k_pid_vsp": [277.2708477836043, 197.31441805153213, 10.0]}, "datetime": {"datetime": "2025-08-13 16:46:42", "elapsed": 25130.588673114777, "delta": 22.80329418182373}, "costs": {"total_cost": 204.05981696653384, "time_cost": 82.117, "final_distance_cost": 1.760943379619998, "oscillation_cost": 32.72817025448319, "completition_cost": 0.0, "overshoot_cost": 53.66452655787862, "power_cost": 13.456848522949219, "noise_cost": 20.332328251602803, "n_waypoints_completed": 9, "tot_waypoints": 9}}
