{"target": -195.33382700372502, "params": {"k_pid_pos": [1.6203022768980826, 0.4373103020731042, 0.8519347702918288], "k_pid_alt": [0.7472032643467716, 0.0, 0.2915903713486512], "k_pid_att": [43.948176657889235, 0.18205753750414305, 0.34464953207076743], "k_pid_yaw": [0.5, 1e-06, 0.1], "k_pid_hsp": [0.09847755819799779, 0.011264223901387349, 0.0], "k_pid_vsp": [251.5004449007475, 93.09285943774285, 10.0]}, "datetime": {"datetime": "2025-08-13 17:57:52", "elapsed": 29400.23793578148, "delta": 18.798202514648438}, "costs": {"total_cost": 195.33382700372502, "time_cost": 77.959, "final_distance_cost": 1.8239061987098073, "oscillation_cost": 29.321473367176573, "completition_cost": 0.0, "overshoot_cost": 51.16771249079781, "power_cost": 16.105154431152343, "noise_cost": 18.956580515888476, "n_waypoints_completed": 9, "tot_waypoints": 9}}
{"target": -192.3962013123056, "params": {"k_pid_pos": [1.6203022768980826, 0.024859491386256316, 0.5374545101912236], "k_pid_alt": [1.3959173657108794, 0.0, 0.9128610184476774], "k_pid_att": [21.6711938663424, 5.824334032821091, 0.34464953207076743], "k_pid_yaw": [0.5, 1e-06, 0.1], "k_pid_hsp": [0.09847755819799779, 0.011264223901387349, 0.0], "k_pid_vsp": [376.5747392387296, 93.09285943774285, 10.0]}, "datetime": {"datetime": "2025-08-13 17:58:10", "elapsed": 29418.43713593483, "delta": 18.19920015335083}, "costs": {"total_cost": 192.3962013123056, "time_cost": 72.114, "final_distance_cost": 1.8178525250621287, "oscillation_cost": 29.750597446037972, "completition_cost": 0.0, "overshoot_cost": 51.23340145921799, "power_cost": 19.007316833496095, "noise_cost": 18.473033048491427, "n_waypoints_completed": 9, "tot_waypoints": 9}}
{"target": -185.32506414629654, "params": {"k_pid_pos": [1.4340672435785011, 0.024859491386256316, 0.8519347702918288], "k_pid_alt": [1.477768752937916, 0.0, 0.6600607021214705], "k_pid_att": [39.447728079683905, 1.2832267695489696, 0.6559199499296157], "k_pid_yaw": [0.5, 1e-06, 0.1], "k_pid_hsp": [0.09847755819799779, 0.011264223901387349, 0.0], "k_pid_vsp": [68.87684793552155, 204.84203769155826, 10.0]}, "datetime": {"datetime": "2025-08-13 17:58:27", "elapsed": 29435.807607889175, "delta": 17.370471954345703}, "costs": {"total_cost": 185.32506414629654, "time_cost": 71.421, "final_distance_cost": 1.8333132569857966, "oscillation_cost": 28.332293244760823, "completition_cost": 0.0, "overshoot_cost": 50.48916249216888, "power_cost": 14.059876501464844, "noise_cost": 19.189418650916203, "n_waypoints_completed": 9, "tot_waypoints": 9}}
{"target": -193.38787248721707, "params": {"k_pid_pos": [1.733835489643198, 0.024859491386256316, 0.704167472379422], "k_pid_alt": [1.4458679973838424, 0.0, 0.3146878632891922], "k_pid_att": [43.948176657889235, 0.18205753750414305, 0.73590781336997], "k_pid_yaw": [0.5, 1e-06, 0.1], "k_pid_hsp": [0.09847755819799779, 0.011264223901387349, 0.0], "k_pid_vsp": [251.5004449007475, 93.09285943774285, 10.0]}, "datetime": {"datetime": "2025-08-13 17:58:45", "elapsed": 29453.612441539764, "delta": 17.80483365058899}, "costs": {"total_cost": 193.38787248721707, "time_cost": 70.686, "final_distance_cost": 1.8235047185538906, "oscillation_cost": 28.492744898678556, "completition_cost": 0.0, "overshoot_cost": 51.78358994566522, "power_cost": 20.554491455078125, "noise_cost": 20.047541469241267, "n_waypoints_completed": 9, "tot_waypoints": 9}}
{"target": -186.248172568632, "params": {"k_pid_pos": [1.4340672435785011, 0.024859491386256316, 0.8544707697037623], "k_pid_alt": [1.4458679973838424, 0.0, 0.6600607021214705], "k_pid_att": [39.447728079683905, 3.8677381495188174, 0.6559199499296157], "k_pid_yaw": [0.5, 1e-06, 0.1], "k_pid_hsp": [0.09847755819799779, 0.011264223901387349, 0.0], "k_pid_vsp": [251.5004449007475, 93.09285943774285, 10.0]}, "datetime": {"datetime": "2025-08-13 17:59:05", "elapsed": 29473.9889960289, "delta": 20.376554489135742}, "costs": {"total_cost": 186.248172568632, "time_cost": 71.491, "final_distance_cost": 1.8399651006283904, "oscillation_cost": 27.506609503263906, "completition_cost": 0.0, "overshoot_cost": 50.66031940235881, "power_cost": 16.657584252929688, "noise_cost": 18.0926943094512, "n_waypoints_completed": 9, "tot_waypoints": 9}}
{"target": -193.91950419874362, "params": {"k_pid_pos": [1.4340672435785011, 0.024859491386256316, 0.8544707697037623], "k_pid_alt": [1.4458679973838424, 0.0, 0.7744198440366786], "k_pid_att": [39.447728079683905, 3.8677381495188174, 0.6559199499296157], "k_pid_yaw": [0.5, 1e-06, 0.1], "k_pid_hsp": [0.09847755819799779, 0.011264223901387349, 0.0], "k_pid_vsp": [251.5004449007475, 93.09285943774285, 10.0]}, "datetime": {"datetime": "2025-08-13 17:59:25", "elapsed": 29494.0649061203, "delta": 20.075910091400146}, "costs": {"total_cost": 193.91950419874362, "time_cost": 72.282, "final_distance_cost": 1.8415115592576021, "oscillation_cost": 27.20890698139564, "completition_cost": 0.0, "overshoot_cost": 51.384527297594715, "power_cost": 20.709536267089845, "noise_cost": 20.49302209340581, "n_waypoints_completed": 9, "tot_waypoints": 9}}
{"target": -197.5690079290709, "params": {"k_pid_pos": [1.4340672435785011, 0.024859491386256316, 0.8544707697037623], "k_pid_alt": [1.4458679973838424, 0.0, 0.6600607021214705], "k_pid_att": [39.447728079683905, 3.8677381495188174, 0.6559199499296157], "k_pid_yaw": [0.5, 1e-06, 0.1], "k_pid_hsp": [0.09847755819799779, 0.011264223901387349, 0.0], "k_pid_vsp": [251.5004449007475, 93.09285943774285, 80.3853412781648]}, "datetime": {"datetime": "2025-08-13 17:59:48", "elapsed": 29516.135792970657, "delta": 22.070886850357056}, "costs": {"total_cost": 197.5690079290709, "time_cost": 78.407, "final_distance_cost": 1.8299005700083537, "oscillation_cost": 28.25640038227716, "completition_cost": 0.0, "overshoot_cost": 56.64966239493972, "power_cost": 16.3714744140625, "noise_cost": 16.054570167783154, "n_waypoints_completed": 9, "tot_waypoints": 9}}
{"target": -453.8579619155454, "params": {"k_pid_pos": [1.4340672435785011, 0.024859491386256316, 0.12160810604364847], "k_pid_alt": [1.4458679973838424, 0.5297830489215293, 0.6600607021214705], "k_pid_att": [39.447728079683905, 3.8677381495188174, 0.6559199499296157], "k_pid_yaw": [0.5, 1e-06, 0.1], "k_pid_hsp": [0.09847755819799779, 0.011264223901387349, 0.0], "k_pid_vsp": [128.61003815237223, 310.16448939208084, 134.66477494021115]}, "datetime": {"datetime": "2025-08-13 18:00:32", "elapsed": 29560.745369672775, "delta": 44.60957670211792}, "costs": {"total_cost": 453.8579619155454, "time_cost": 150, "final_distance_cost": 26.448062096437212, "oscillation_cost": 33.303489630198335, "completition_cost": 111.11111111111116, "overshoot_cost": 66.87233749532525, "power_cost": 36.1609748046875, "noise_cost": 29.961986777785896, "n_waypoints_completed": 8, "tot_waypoints": 9}}
{"target": -470.1324643196437, "params": {"k_pid_pos": [1.4340672435785011, 0.024859491386256316, 0.2019429328506046], "k_pid_alt": [1.4458679973838424, 0.0, 0.6600607021214705], "k_pid_att": [39.447728079683905, 3.8677381495188174, 0.666719676683535], "k_pid_yaw": [0.5, 1e-06, 0.1], "k_pid_hsp": [5.360545878234408, 0.011264223901387349, 0.6334267706481146], "k_pid_vsp": [128.61003815237223, 93.09285943774285, 10.0]}, "datetime": {"datetime": "2025-08-13 18:00:51", "elapsed": 29579.908054590225, "delta": 19.16268491744995}, "costs": {"total_cost": 470.1324643196437, "time_cost": 74.662, "final_distance_cost": 1.8007074520952835, "oscillation_cost": 296.8810388397808, "completition_cost": 0.0, "overshoot_cost": 54.38439045002019, "power_cost": 21.704403344726565, "noise_cost": 20.69992423302084, "n_waypoints_completed": 9, "tot_waypoints": 9}}
{"target": -195.22540198093887, "params": {"k_pid_pos": [1.6203022768980826, 0.06681891267873763, 0.5374545101912236], "k_pid_alt": [1.3959173657108794, 0.0, 0.9128610184476774], "k_pid_att": [21.6711938663424, 5.824334032821091, 0.34464953207076743], "k_pid_yaw": [0.5, 1e-06, 0.1], "k_pid_hsp": [0.09847755819799779, 0.011264223901387349, 0.0], "k_pid_vsp": [251.5004449007475, 93.09285943774285, 10.0]}, "datetime": {"datetime": "2025-08-13 18:01:10", "elapsed": 29598.2616918087, "delta": 18.353637218475342}, "costs": {"total_cost": 195.22540198093887, "time_cost": 72.275, "final_distance_cost": 1.8020266294625815, "oscillation_cost": 29.803715649551236, "completition_cost": 0.0, "overshoot_cost": 51.3124054977365, "power_cost": 20.379180310058594, "noise_cost": 19.653073894129957, "n_waypoints_completed": 9, "tot_waypoints": 9}}
{"target": -200.24702216528925, "params": {"k_pid_pos": [1.4340672435785011, 0.024859491386256316, 0.2662270978845458], "k_pid_alt": [1.4458679973838424, 0.5297830489215293, 0.6600607021214705], "k_pid_att": [39.447728079683905, 3.8677381495188174, 0.6559199499296157], "k_pid_yaw": [0.5, 1e-06, 0.1], "k_pid_hsp": [0.09847755819799779, 0.011264223901387349, 0.0], "k_pid_vsp": [376.5747392387296, 93.09285943774285, 10.0]}, "datetime": {"datetime": "2025-08-13 18:01:29", "elapsed": 29617.80739879608, "delta": 19.54570698738098}, "costs": {"total_cost": 200.24702216528925, "time_cost": 77.385, "final_distance_cost": 1.7708591312061515, "oscillation_cost": 32.872690352507284, "completition_cost": 0.0, "overshoot_cost": 51.80312685159248, "power_cost": 17.66676335449219, "noise_cost": 18.74858247549112, "n_waypoints_completed": 9, "tot_waypoints": 9}}
{"target": -216.71581628613697, "params": {"k_pid_pos": [1.6203022768980826, 0.22461116953036142, 0.8519347702918288], "k_pid_alt": [0.8287604735407312, 0.0, 0.2915903713486512], "k_pid_att": [43.948176657889235, 1.7717243195899302, 0.34464953207076743], "k_pid_yaw": [0.5, 1e-06, 0.1], "k_pid_hsp": [3.830472288627182, 0.011264223901387349, 0.0], "k_pid_vsp": [376.5747392387296, 93.09285943774285, 20.226497411895423]}, "datetime": {"datetime": "2025-08-13 18:01:47", "elapsed": 29636.033187389374, "delta": 18.225788593292236}, "costs": {"total_cost": 216.71581628613697, "time_cost": 74.58500000000001, "final_distance_cost": 1.8410701834759275, "oscillation_cost": 45.39227963551923, "completition_cost": 0.0, "overshoot_cost": 51.69134105883927, "power_cost": 22.120955871582034, "noise_cost": 21.085169536720503, "n_waypoints_completed": 9, "tot_waypoints": 9}}
{"target": -347.9052267620335, "params": {"k_pid_pos": [0.7850540835226802, 0.22981412956968694, 0.8519347702918288], "k_pid_alt": [1.6868863037671131, 0.0, 0.3123089974307902], "k_pid_att": [6.462447882104849, 1.8365068413044823, 0.9947678187352218], "k_pid_yaw": [0.5, 1e-06, 0.1], "k_pid_hsp": [0.09847755819799779, 0.011264223901387349, 0.3218150610982008], "k_pid_vsp": [251.5004449007475, 93.09285943774285, 10.0]}, "datetime": {"datetime": "2025-08-13 18:02:11", "elapsed": 29659.199908733368, "delta": 23.16672134399414}, "costs": {"total_cost": 347.9052267620335, "time_cost": 99.26, "final_distance_cost": 1.8165558160266917, "oscillation_cost": 126.19590761238108, "completition_cost": 0.0, "overshoot_cost": 63.94984015638462, "power_cost": 27.748069982910156, "noise_cost": 28.934853194330973, "n_waypoints_completed": 9, "tot_waypoints": 9}}
{"target": -192.79452848336356, "params": {"k_pid_pos": [1.4340672435785011, 0.024859491386256316, 0.8519347702918288], "k_pid_alt": [1.4458679973838424, 0.0, 0.6600607021214705], "k_pid_att": [39.447728079683905, 3.8677381495188174, 0.666719676683535], "k_pid_yaw": [0.5, 1e-06, 0.1], "k_pid_hsp": [0.09847755819799779, 0.011264223901387349, 0.0], "k_pid_vsp": [128.61003815237223, 93.09285943774285, 10.0]}, "datetime": {"datetime": "2025-08-13 18:02:28", "elapsed": 29676.73090314865, "delta": 17.530994415283203}, "costs": {"total_cost": 192.79452848336356, "time_cost": 71.288, "final_distance_cost": 1.8359768287683502, "oscillation_cost": 26.97890237891083, "completition_cost": 0.0, "overshoot_cost": 50.502532574319495, "power_cost": 21.37569841308594, "noise_cost": 20.813418288278964, "n_waypoints_completed": 9, "tot_waypoints": 9}}
{"target": -2653.1377842637276, "params": {"k_pid_pos": [1.6203022768980826, 0.024859491386256316, 0.8519347702918288], "k_pid_alt": [0.7689619515377939, 0.0, 0.8285330192795117], "k_pid_att": [71.45838630927439, 0.18205753750414305, 0.5315175384971502], "k_pid_yaw": [0.5, 1e-06, 0.1], "k_pid_hsp": [0.09847755819799779, 0.011264223901387349, 0.9725672828984422], "k_pid_vsp": [376.5747392387296, 369.48810340511164, 10.0]}, "datetime": {"datetime": "2025-08-13 18:02:57", "elapsed": 29705.985632419586, "delta": 29.25472927093506}, "costs": {"total_cost": 2653.1377842637276, "time_cost": 150, "final_distance_cost": 112.83479680114405, "oscillation_cost": 949.5758056994396, "completition_cost": 1000.0, "overshoot_cost": 374.2591631677642, "power_cost": 36.271158312988284, "noise_cost": 30.196860282391942, "n_waypoints_completed": 0, "tot_waypoints": 9}}
{"target": -187.93094439452165, "params": {"k_pid_pos": [1.4340672435785011, 0.024859491386256316, 0.8519347702918288], "k_pid_alt": [1.4458679973838424, 0.0, 0.10702076326620091], "k_pid_att": [43.948176657889235, 0.18205753750414305, 0.34464953207076743], "k_pid_yaw": [0.5, 1e-06, 0.1], "k_pid_hsp": [0.09847755819799779, 0.011264223901387349, 0.0], "k_pid_vsp": [376.5747392387296, 93.09285943774285, 20.226497411895423]}, "datetime": {"datetime": "2025-08-13 18:03:15", "elapsed": 29723.07841205597, "delta": 17.092779636383057}, "costs": {"total_cost": 187.93094439452165, "time_cost": 70.728, "final_distance_cost": 1.8274289442725309, "oscillation_cost": 26.80311852439302, "completition_cost": 0.0, "overshoot_cost": 51.46570454040377, "power_cost": 18.571038122558594, "noise_cost": 18.53565426289372, "n_waypoints_completed": 9, "tot_waypoints": 9}}
{"target": -182.14761611739402, "params": {"k_pid_pos": [1.733835489643198, 0.024859491386256316, 0.704167472379422], "k_pid_alt": [1.4458679973838424, 0.0, 0.6600607021214705], "k_pid_att": [39.447728079683905, 3.8677381495188174, 0.2977476601316654], "k_pid_yaw": [0.5, 1e-06, 0.1], "k_pid_hsp": [0.09847755819799779, 0.011264223901387349, 0.0], "k_pid_vsp": [128.61003815237223, 93.09285943774285, 10.0]}, "datetime": {"datetime": "2025-08-13 18:03:32", "elapsed": 29740.651175260544, "delta": 17.572763204574585}, "costs": {"total_cost": 182.14761611739402, "time_cost": 70.651, "final_distance_cost": 1.822335767989832, "oscillation_cost": 29.364317746820817, "completition_cost": 0.0, "overshoot_cost": 50.7308171224088, "power_cost": 11.262912280273438, "noise_cost": 18.316233199901156, "n_waypoints_completed": 9, "tot_waypoints": 9}}
{"target": -1788.1263487088652, "params": {"k_pid_pos": [1.4340672435785011, 0.024859491386256316, 0.8519347702918288], "k_pid_alt": [1.4458679973838424, 0.5297830489215293, 0.6600607021214705], "k_pid_att": [39.447728079683905, 3.8677381495188174, 0.6559199499296157], "k_pid_yaw": [0.5, 1e-06, 0.1], "k_pid_hsp": [0.09847755819799779, 0.011264223901387349, 0.36152718860620114], "k_pid_vsp": [128.61003815237223, 93.09285943774285, 10.0]}, "datetime": {"datetime": "2025-08-13 18:04:02", "elapsed": 29770.64079642296, "delta": 29.98962116241455}, "costs": {"total_cost": 1788.1263487088652, "time_cost": 150, "final_distance_cost": 88.40536230165215, "oscillation_cost": 734.4621399577707, "completition_cost": 666.6666666666667, "overshoot_cost": 90.18243136992818, "power_cost": 29.283449084472657, "noise_cost": 29.126299328374635, "n_waypoints_completed": 3, "tot_waypoints": 9}}
{"target": -1758.3273439380985, "params": {"k_pid_pos": [1.4340672435785011, 0.024859491386256316, 0.8519347702918288], "k_pid_alt": [1.4458679973838424, 0.0, 0.6600607021214705], "k_pid_att": [39.447728079683905, 7.055827395468339, 0.8000710073097888], "k_pid_yaw": [0.5, 1e-06, 0.1], "k_pid_hsp": [0.09847755819799779, 0.011264223901387349, 0.7359590482778835], "k_pid_vsp": [251.5004449007475, 93.09285943774285, 10.0]}, "datetime": {"datetime": "2025-08-13 18:04:31", "elapsed": 29799.587023735046, "delta": 28.946227312088013}, "costs": {"total_cost": 1758.3273439380985, "time_cost": 150, "final_distance_cost": 84.0713918186619, "oscillation_cost": 691.3718091634555, "completition_cost": 666.6666666666667, "overshoot_cost": 105.64483367030391, "power_cost": 31.70082430419922, "noise_cost": 28.871818314811453, "n_waypoints_completed": 3, "tot_waypoints": 9}}
{"target": -202.69244448565786, "params": {"k_pid_pos": [1.4340672435785011, 0.024859491386256316, 0.8519347702918288], "k_pid_alt": [0.7560171568207914, 0.0, 0.2915903713486512], "k_pid_att": [43.948176657889235, 0.18205753750414305, 0.34464953207076743], "k_pid_yaw": [0.5, 1e-06, 0.1], "k_pid_hsp": [0.09847755819799779, 0.011264223901387349, 0.0], "k_pid_vsp": [251.5004449007475, 93.09285943774285, 10.0]}, "datetime": {"datetime": "2025-08-13 18:04:49", "elapsed": 29817.587625026703, "delta": 18.000601291656494}, "costs": {"total_cost": 202.69244448565786, "time_cost": 75.348, "final_distance_cost": 1.8459954604913646, "oscillation_cost": 27.08851262990333, "completition_cost": 0.0, "overshoot_cost": 52.062303232463094, "power_cost": 24.02593419189453, "noise_cost": 22.321698970905537, "n_waypoints_completed": 9, "tot_waypoints": 9}}
{"target": -230.33250318685896, "params": {"k_pid_pos": [1.6203022768980826, 0.4373103020731042, 0.8519347702918288], "k_pid_alt": [0.7472032643467716, 0.0, 0.6600607021214705], "k_pid_att": [11.708590720412603, 3.8677381495188174, 0.6559199499296157], "k_pid_yaw": [0.5, 1e-06, 0.1], "k_pid_hsp": [1.0076768036881465, 0.011264223901387349, 0.0], "k_pid_vsp": [251.5004449007475, 93.09285943774285, 10.0]}, "datetime": {"datetime": "2025-08-13 18:05:11", "elapsed": 29839.23438644409, "delta": 21.646761417388916}, "costs": {"total_cost": 230.33250318685896, "time_cost": 87.528, "final_distance_cost": 1.861063805645244, "oscillation_cost": 34.83904273610975, "completition_cost": 0.0, "overshoot_cost": 51.808468731307975, "power_cost": 26.956579113769532, "noise_cost": 27.33934880002647, "n_waypoints_completed": 9, "tot_waypoints": 9}}
{"target": -199.59375754080904, "params": {"k_pid_pos": [1.4340672435785011, 0.024859491386256316, 0.8519347702918288], "k_pid_alt": [1.4458679973838424, 0.0, 0.6600607021214705], "k_pid_att": [39.447728079683905, 3.8677381495188174, 0.8000710073097888], "k_pid_yaw": [0.5, 1e-06, 0.1], "k_pid_hsp": [0.09847755819799779, 0.011264223901387349, 0.0], "k_pid_vsp": [155.80135867994494, 93.09285943774285, 10.0]}, "datetime": {"datetime": "2025-08-13 18:05:28", "elapsed": 29856.909598588943, "delta": 17.675212144851685}, "costs": {"total_cost": 199.59375754080904, "time_cost": 72.303, "final_distance_cost": 1.843044703806268, "oscillation_cost": 26.826233068974275, "completition_cost": 0.0, "overshoot_cost": 51.67716715919138, "power_cost": 24.571860266113283, "noise_cost": 22.372452342723843, "n_waypoints_completed": 9, "tot_waypoints": 9}}
{"target": -195.54663187159144, "params": {"k_pid_pos": [1.4340672435785011, 0.024859491386256316, 0.8519347702918288], "k_pid_alt": [1.4458679973838424, 0.0, 0.6600607021214705], "k_pid_att": [39.447728079683905, 3.8677381495188174, 0.0544268964772433], "k_pid_yaw": [0.5, 1e-06, 0.1], "k_pid_hsp": [0.09847755819799779, 0.011264223901387349, 0.0], "k_pid_vsp": [128.61003815237223, 93.09285943774285, 10.0]}, "datetime": {"datetime": "2025-08-13 18:05:47", "elapsed": 29875.17536830902, "delta": 18.265769720077515}, "costs": {"total_cost": 195.54663187159144, "time_cost": 71.93900000000001, "final_distance_cost": 1.84448255839544, "oscillation_cost": 27.97721797045628, "completition_cost": 0.0, "overshoot_cost": 51.25765335812408, "power_cost": 21.448357568359377, "noise_cost": 21.079920416256275, "n_waypoints_completed": 9, "tot_waypoints": 9}}
{"target": -189.65792777742092, "params": {"k_pid_pos": [1.733835489643198, 0.024859491386256316, 0.704167472379422], "k_pid_alt": [1.4458679973838424, 0.0, 0.7411234869318217], "k_pid_att": [43.948176657889235, 0.18205753750414305, 0.73590781336997], "k_pid_yaw": [0.5, 1e-06, 0.1], "k_pid_hsp": [0.09847755819799779, 0.011264223901387349, 0.0], "k_pid_vsp": [251.5004449007475, 93.09285943774285, 10.0]}, "datetime": {"datetime": "2025-08-13 18:06:04", "elapsed": 29892.084176540375, "delta": 16.90880823135376}, "costs": {"total_cost": 189.65792777742092, "time_cost": 71.183, "final_distance_cost": 1.8263331596896504, "oscillation_cost": 29.047725812124717, "completition_cost": 0.0, "overshoot_cost": 51.02598901252242, "power_cost": 17.94858172607422, "noise_cost": 18.62629806700991, "n_waypoints_completed": 9, "tot_waypoints": 9}}
{"target": -205.69755748502476, "params": {"k_pid_pos": [1.4340672435785011, 0.024859491386256316, 0.8544707697037623], "k_pid_alt": [1.4458679973838424, 0.4793313605253495, 0.6600607021214705], "k_pid_att": [39.447728079683905, 3.0325018947442373, 0.6559199499296157], "k_pid_yaw": [0.5, 1e-06, 0.1], "k_pid_hsp": [3.7597104904116168, 0.011264223901387349, 0.0], "k_pid_vsp": [251.5004449007475, 93.09285943774285, 10.0]}, "datetime": {"datetime": "2025-08-13 18:06:22", "elapsed": 29910.637762784958, "delta": 18.55358624458313}, "costs": {"total_cost": 205.69755748502476, "time_cost": 75.985, "final_distance_cost": 1.7969669450925627, "oscillation_cost": 40.37875720777844, "completition_cost": 0.0, "overshoot_cost": 51.45038138763567, "power_cost": 17.147421508789062, "noise_cost": 18.93903043572903, "n_waypoints_completed": 9, "tot_waypoints": 9}}
