{"target": -190.87301047881087, "params": {"k_pid_pos": [1.733835489643198, 0.024859491386256316, 0.9451257094832697], "k_pid_alt": [1.4458679973838424, 0.00018965351824429266, 0.19998319442575607], "k_pid_att": [68.93098199109546, 2.1368568635634517, 0.16608962520040438], "k_pid_yaw": [0.5, 1e-06, 0.1], "k_pid_hsp": [0.09847755819799779, 0.011264223901387349, 0.0], "k_pid_vsp": [305.67975269326223, 130.53254854158118, 10.0]}, "datetime": {"datetime": "2025-08-13 21:57:17", "elapsed": 43766.05791568756, "delta": 17.2654550075531}, "costs": {"total_cost": 190.87301047881087, "time_cost": 70.644, "final_distance_cost": 1.8223871158336502, "oscillation_cost": 29.004656464477986, "completition_cost": 0.0, "overshoot_cost": 51.01573379429403, "power_cost": 19.35925103759766, "noise_cost": 19.02698206660753, "n_waypoints_completed": 9, "tot_waypoints": 9}}
{"target": -206.22619666610893, "params": {"k_pid_pos": [1.733835489643198, 0.7329416078373059, 0.9451257094832697], "k_pid_alt": [1.5786606064986153, 0.0, 0.053878507660848673], "k_pid_att": [29.46763110571006, 5.6580295118978245, 0.20497828334174084], "k_pid_yaw": [0.5, 1e-06, 0.1], "k_pid_hsp": [0.17225665165883555, 0.011264223901387349, 0.0], "k_pid_vsp": [247.62506162993122, 261.48215325333564, 10.0]}, "datetime": {"datetime": "2025-08-13 21:57:37", "elapsed": 43785.195160865784, "delta": 19.137245178222656}, "costs": {"total_cost": 206.22619666610893, "time_cost": 77.525, "final_distance_cost": 1.793043940435637, "oscillation_cost": 31.639545740507074, "completition_cost": 0.0, "overshoot_cost": 51.63096696052919, "power_cost": 22.204133032226565, "noise_cost": 21.43350699241047, "n_waypoints_completed": 9, "tot_waypoints": 9}}
{"target": -189.38447357861605, "params": {"k_pid_pos": [1.733835489643198, 0.024859491386256316, 0.9451257094832697], "k_pid_alt": [1.5786606064986153, 0.0, 0.23086984934879706], "k_pid_att": [29.46763110571006, 5.6580295118978245, 0.261380462049589], "k_pid_yaw": [0.5, 1e-06, 0.1], "k_pid_hsp": [0.17225665165883555, 0.011264223901387349, 0.0], "k_pid_vsp": [104.30040172718557, 57.93155354082285, 10.0]}, "datetime": {"datetime": "2025-08-13 21:57:53", "elapsed": 43801.934267520905, "delta": 16.73910665512085}, "costs": {"total_cost": 189.38447357861605, "time_cost": 70.007, "final_distance_cost": 1.8422152003433092, "oscillation_cost": 28.277451122092778, "completition_cost": 0.0, "overshoot_cost": 50.84701926763575, "power_cost": 18.922416455078125, "noise_cost": 19.488371533466108, "n_waypoints_completed": 9, "tot_waypoints": 9}}
{"target": -189.52144772555582, "params": {"k_pid_pos": [1.733835489643198, 0.024859491386256316, 0.9451257094832697], "k_pid_alt": [1.4458679973838424, 0.00018965351824429266, 0.6600607021214705], "k_pid_att": [68.93098199109546, 2.352529590908416, 0.16608962520040438], "k_pid_yaw": [0.5, 1e-06, 0.1], "k_pid_hsp": [0.09847755819799779, 0.011264223901387349, 0.0], "k_pid_vsp": [251.5004449007475, 57.93155354082285, 16.252805564631274]}, "datetime": {"datetime": "2025-08-13 21:58:11", "elapsed": 43820.04061627388, "delta": 18.106348752975464}, "costs": {"total_cost": 189.52144772555582, "time_cost": 71.309, "final_distance_cost": 1.8190450046303266, "oscillation_cost": 30.365787905114797, "completition_cost": 0.0, "overshoot_cost": 51.06134386234221, "power_cost": 17.493009814453124, "noise_cost": 17.473261139015342, "n_waypoints_completed": 9, "tot_waypoints": 9}}
{"target": -351.1099568207408, "params": {"k_pid_pos": [1.733835489643198, 0.024859491386256316, 0.9451257094832697], "k_pid_alt": [1.1928857943257507, 0.00018965351824429266, 0.529244519518045], "k_pid_att": [20.83699032574321, 5.642133202559823, 0.6559199499296157], "k_pid_yaw": [0.5, 1e-06, 0.1], "k_pid_hsp": [0.09847755819799779, 0.5521287893390326, 0.0], "k_pid_vsp": [333.9671041363143, 289.9420907665546, 16.252805564631274]}, "datetime": {"datetime": "2025-08-13 21:58:36", "elapsed": 43845.03640151024, "delta": 24.995785236358643}, "costs": {"total_cost": 351.1099568207408, "time_cost": 100.912, "final_distance_cost": 1.8306040087614275, "oscillation_cost": 127.01555824388046, "completition_cost": 0.0, "overshoot_cost": 68.29596356182995, "power_cost": 26.71596317138672, "noise_cost": 26.339867834882263, "n_waypoints_completed": 9, "tot_waypoints": 9}}
{"target": -186.2463077624204, "params": {"k_pid_pos": [1.6397186260693044, 0.19767101818116828, 0.9451257094832697], "k_pid_alt": [1.4458679973838424, 0.028806210149256217, 0.07444874772262577], "k_pid_att": [11.329609997636037, 3.4126860594551975, 0.9623745068707039], "k_pid_yaw": [0.5, 1e-06, 0.1], "k_pid_hsp": [0.09847755819799779, 0.011264223901387349, 0.0], "k_pid_vsp": [18.79289508575375, 57.93155354082285, 16.252805564631274]}, "datetime": {"datetime": "2025-08-13 21:58:54", "elapsed": 43862.25678229332, "delta": 17.220380783081055}, "costs": {"total_cost": 186.2463077624204, "time_cost": 71.435, "final_distance_cost": 1.830472793301999, "oscillation_cost": 26.51854624309861, "completition_cost": 0.0, "overshoot_cost": 52.13072699323531, "power_cost": 16.69131612548828, "noise_cost": 17.640245607296198, "n_waypoints_completed": 9, "tot_waypoints": 9}}
{"target": -194.04932601878556, "params": {"k_pid_pos": [1.733835489643198, 0.024859491386256316, 0.9451257094832697], "k_pid_alt": [1.4458679973838424, 0.00018965351824429266, 0.23086984934879706], "k_pid_att": [11.246502653247227, 7.978625951804349, 0.3529475069797985], "k_pid_yaw": [0.5, 1e-06, 0.1], "k_pid_hsp": [0.09847755819799779, 0.011264223901387349, 0.0], "k_pid_vsp": [305.67975269326223, 130.53254854158118, 10.0]}, "datetime": {"datetime": "2025-08-13 21:59:12", "elapsed": 43880.643941402435, "delta": 18.3871591091156}, "costs": {"total_cost": 194.04932601878556, "time_cost": 71.008, "final_distance_cost": 1.8381749946876613, "oscillation_cost": 28.834578851785633, "completition_cost": 0.0, "overshoot_cost": 51.662039730463405, "power_cost": 20.910096826171877, "noise_cost": 19.796435615676998, "n_waypoints_completed": 9, "tot_waypoints": 9}}
{"target": -184.94840082528899, "params": {"k_pid_pos": [1.733835489643198, 0.024859491386256316, 0.9451257094832697], "k_pid_alt": [1.5786606064986153, 0.0, 0.053878507660848673], "k_pid_att": [29.46763110571006, 5.6580295118978245, 0.20497828334174084], "k_pid_yaw": [0.5, 1e-06, 0.1], "k_pid_hsp": [0.17225665165883555, 0.011264223901387349, 0.0], "k_pid_vsp": [305.67975269326223, 130.53254854158118, 10.0]}, "datetime": {"datetime": "2025-08-13 21:59:28", "elapsed": 43896.92625570297, "delta": 16.28231430053711}, "costs": {"total_cost": 184.94840082528899, "time_cost": 69.664, "final_distance_cost": 1.8351413451664529, "oscillation_cost": 28.251753899659292, "completition_cost": 0.0, "overshoot_cost": 50.312536272349924, "power_cost": 16.991529394531252, "noise_cost": 17.893439913582068, "n_waypoints_completed": 9, "tot_waypoints": 9}}
{"target": -185.0196980874796, "params": {"k_pid_pos": [1.733835489643198, 0.024859491386256316, 0.9451257094832697], "k_pid_alt": [1.4458679973838424, 0.00018965351824429266, 0.23086984934879706], "k_pid_att": [11.246502653247227, 1.1166001057131414, 0.3529475069797985], "k_pid_yaw": [0.5, 1e-06, 0.1], "k_pid_hsp": [0.09847755819799779, 0.011264223901387349, 0.0], "k_pid_vsp": [104.30040172718557, 57.93155354082285, 10.0]}, "datetime": {"datetime": "2025-08-13 21:59:46", "elapsed": 43914.79382753372, "delta": 17.86757183074951}, "costs": {"total_cost": 185.0196980874796, "time_cost": 69.839, "final_distance_cost": 1.8238551752186967, "oscillation_cost": 28.361285290886553, "completition_cost": 0.0, "overshoot_cost": 51.22490482346647, "power_cost": 15.211517749023438, "noise_cost": 18.559135048884446, "n_waypoints_completed": 9, "tot_waypoints": 9}}
{"target": -224.86493920170182, "params": {"k_pid_pos": [0.5544350973877843, 0.024859491386256316, 0.9451257094832697], "k_pid_alt": [1.5786606064986153, 0.0, 0.23086984934879706], "k_pid_att": [29.46763110571006, 5.6580295118978245, 0.261380462049589], "k_pid_yaw": [0.5, 1e-06, 0.1], "k_pid_hsp": [0.17225665165883555, 0.011264223901387349, 0.0], "k_pid_vsp": [247.62506162993122, 261.48215325333564, 10.0]}, "datetime": {"datetime": "2025-08-13 22:00:11", "elapsed": 43939.28975892067, "delta": 24.495931386947632}, "costs": {"total_cost": 224.86493920170182, "time_cost": 97.818, "final_distance_cost": 1.8582768402372776, "oscillation_cost": 21.839202704144636, "completition_cost": 0.0, "overshoot_cost": 54.71131432104948, "power_cost": 21.661157141113282, "noise_cost": 26.97698819515713, "n_waypoints_completed": 9, "tot_waypoints": 9}}
{"target": -208.53162396400646, "params": {"k_pid_pos": [1.733835489643198, 0.024859491386256316, 0.9451257094832697], "k_pid_alt": [1.4458679973838424, 0.08856016207044592, 0.23086984934879706], "k_pid_att": [11.246502653247227, 1.1166001057131414, 0.3529475069797985], "k_pid_yaw": [0.5, 1e-06, 0.1], "k_pid_hsp": [0.09847755819799779, 0.011264223901387349, 0.0], "k_pid_vsp": [305.67975269326223, 232.67684986572337, 10.0]}, "datetime": {"datetime": "2025-08-13 22:00:32", "elapsed": 43960.141515016556, "delta": 20.85175609588623}, "costs": {"total_cost": 208.53162396400646, "time_cost": 84.217, "final_distance_cost": 1.7734198734115092, "oscillation_cost": 29.081564499512627, "completition_cost": 0.0, "overshoot_cost": 51.90486667879012, "power_cost": 21.13105087890625, "noise_cost": 20.423722033385957, "n_waypoints_completed": 9, "tot_waypoints": 9}}
{"target": -186.54080084464286, "params": {"k_pid_pos": [1.733835489643198, 0.024859491386256316, 0.9451257094832697], "k_pid_alt": [1.4458679973838424, 0.00018965351824429266, 0.23086984934879706], "k_pid_att": [12.43088436511497, 1.1166001057131414, 0.3529475069797985], "k_pid_yaw": [0.5, 1e-06, 0.1], "k_pid_hsp": [0.09847755819799779, 0.011264223901387349, 0.0], "k_pid_vsp": [305.67975269326223, 130.53254854158118, 10.0]}, "datetime": {"datetime": "2025-08-13 22:00:49", "elapsed": 43977.966386556625, "delta": 17.82487154006958}, "costs": {"total_cost": 186.54080084464286, "time_cost": 69.83200000000001, "final_distance_cost": 1.835370588665378, "oscillation_cost": 28.613877043212078, "completition_cost": 0.0, "overshoot_cost": 50.675406079228, "power_cost": 17.808957763671877, "noise_cost": 17.77518936986549, "n_waypoints_completed": 9, "tot_waypoints": 9}}
{"target": -604.8673265157264, "params": {"k_pid_pos": [1.733835489643198, 0.024859491386256316, 0.9451257094832697], "k_pid_alt": [1.4458679973838424, 0.00018965351824429266, 0.23086984934879706], "k_pid_att": [11.246502653247227, 1.1166001057131414, 0.3529475069797985], "k_pid_yaw": [0.5, 1e-06, 0.1], "k_pid_hsp": [0.09847755819799779, 0.011264223901387349, 0.1960627896638205], "k_pid_vsp": [305.67975269326223, 130.53254854158118, 10.0]}, "datetime": {"datetime": "2025-08-13 22:01:16", "elapsed": 44004.77047944069, "delta": 26.80409288406372}, "costs": {"total_cost": 604.8673265157264, "time_cost": 111.643, "final_distance_cost": 1.7675410247782937, "oscillation_cost": 362.8717947155128, "completition_cost": 0.0, "overshoot_cost": 80.18426333013939, "power_cost": 20.64181884765625, "noise_cost": 27.758908597639692, "n_waypoints_completed": 9, "tot_waypoints": 9}}
{"target": -241.13090547521318, "params": {"k_pid_pos": [1.733835489643198, 0.024859491386256316, 0.9451257094832697], "k_pid_alt": [1.5786606064986153, 0.0, 0.053878507660848673], "k_pid_att": [29.46763110571006, 5.6580295118978245, 0.20497828334174084], "k_pid_yaw": [0.5, 1e-06, 0.1], "k_pid_hsp": [5.965584885969634, 0.011264223901387349, 0.0], "k_pid_vsp": [104.30040172718557, 57.93155354082285, 10.0]}, "datetime": {"datetime": "2025-08-13 22:01:34", "elapsed": 44022.32737874985, "delta": 17.556899309158325}, "costs": {"total_cost": 241.13090547521318, "time_cost": 70.616, "final_distance_cost": 1.8465129794466562, "oscillation_cost": 80.11746730671412, "completition_cost": 0.0, "overshoot_cost": 50.65285436765261, "power_cost": 17.756007043457032, "noise_cost": 20.14206377794277, "n_waypoints_completed": 9, "tot_waypoints": 9}}
{"target": -348.81587285688744, "params": {"k_pid_pos": [1.733835489643198, 0.16784794688345817, 0.7556978754244337], "k_pid_alt": [1.4458679973838424, 0.00018965351824429266, 0.23086984934879706], "k_pid_att": [11.329609997636037, 3.4126860594551975, 0.9623745068707039], "k_pid_yaw": [0.5, 1e-06, 0.1], "k_pid_hsp": [9.459965195844077, 0.011264223901387349, 0.6729314570966927], "k_pid_vsp": [251.5004449007475, 57.93155354082285, 16.252805564631274]}, "datetime": {"datetime": "2025-08-13 22:01:54", "elapsed": 44042.23688030243, "delta": 19.909501552581787}, "costs": {"total_cost": 348.81587285688744, "time_cost": 76.069, "final_distance_cost": 1.8090431742332171, "oscillation_cost": 173.81960104343864, "completition_cost": 0.0, "overshoot_cost": 52.12777518373651, "power_cost": 23.36771911621094, "noise_cost": 21.62273433926812, "n_waypoints_completed": 9, "tot_waypoints": 9}}
{"target": -560.3785805408389, "params": {"k_pid_pos": [1.8792899704868669, 0.19767101818116828, 0.9451257094832697], "k_pid_alt": [1.5262749023082662, 0.028806210149256217, 0.876085735038417], "k_pid_att": [11.329609997636037, 3.4126860594551975, 0.9623745068707039], "k_pid_yaw": [0.5, 1e-06, 0.1], "k_pid_hsp": [0.09847755819799779, 0.5193865039718747, 0.0], "k_pid_vsp": [305.67975269326223, 130.53254854158118, 14.06315075987657]}, "datetime": {"datetime": "2025-08-13 22:02:23", "elapsed": 44071.6419198513, "delta": 29.4050395488739}, "costs": {"total_cost": 560.3785805408389, "time_cost": 150, "final_distance_cost": 36.70162329539562, "oscillation_cost": 122.99537376723426, "completition_cost": 111.11111111111116, "overshoot_cost": 74.7623601029633, "power_cost": 29.744520544433595, "noise_cost": 35.06359171970101, "n_waypoints_completed": 8, "tot_waypoints": 9}}
{"target": -186.04438956087736, "params": {"k_pid_pos": [1.733835489643198, 0.024859491386256316, 0.9451257094832697], "k_pid_alt": [1.3847393439894995, 0.00018965351824429266, 0.23086984934879706], "k_pid_att": [75.32453388817156, 1.1166001057131414, 0.6173222920818365], "k_pid_yaw": [0.5, 1e-06, 0.1], "k_pid_hsp": [0.09847755819799779, 0.011264223901387349, 0.0], "k_pid_vsp": [121.11927891757475, 57.93155354082285, 16.252805564631274]}, "datetime": {"datetime": "2025-08-13 22:02:40", "elapsed": 44088.07787537575, "delta": 16.43595552444458}, "costs": {"total_cost": 186.04438956087736, "time_cost": 69.706, "final_distance_cost": 1.8215254554386178, "oscillation_cost": 29.265294104611687, "completition_cost": 0.0, "overshoot_cost": 51.195573452644204, "power_cost": 17.00152491455078, "noise_cost": 17.054471633632094, "n_waypoints_completed": 9, "tot_waypoints": 9}}
{"target": -195.47688460401253, "params": {"k_pid_pos": [1.733835489643198, 0.024859491386256316, 0.9451257094832697], "k_pid_alt": [1.1928857943257507, 0.045049390821834456, 0.921307692212677], "k_pid_att": [29.46763110571006, 5.6580295118978245, 0.20497828334174084], "k_pid_yaw": [0.5, 1e-06, 0.1], "k_pid_hsp": [0.17225665165883555, 0.011264223901387349, 0.0], "k_pid_vsp": [104.30040172718557, 57.93155354082285, 10.0]}, "datetime": {"datetime": "2025-08-13 22:02:58", "elapsed": 44106.71339344978, "delta": 18.635518074035645}, "costs": {"total_cost": 195.47688460401253, "time_cost": 74.004, "final_distance_cost": 1.8447491040393365, "oscillation_cost": 29.638408165836008, "completition_cost": 0.0, "overshoot_cost": 50.77989590065733, "power_cost": 19.471140844726563, "noise_cost": 19.73869058875329, "n_waypoints_completed": 9, "tot_waypoints": 9}}
{"target": -209.41440594871307, "params": {"k_pid_pos": [1.733835489643198, 0.024859491386256316, 0.9451257094832697], "k_pid_alt": [1.5786606064986153, 0.0, 0.20116253882959134], "k_pid_att": [25.01105356203528, 5.642133202559823, 0.6559199499296157], "k_pid_yaw": [0.5, 1e-06, 0.1], "k_pid_hsp": [0.5113636529196418, 0.011264223901387349, 0.0], "k_pid_vsp": [251.5004449007475, 210.91861290663223, 16.252805564631274]}, "datetime": {"datetime": "2025-08-13 22:03:17", "elapsed": 44125.585904598236, "delta": 18.87251114845276}, "costs": {"total_cost": 209.41440594871307, "time_cost": 73.871, "final_distance_cost": 1.844294605059261, "oscillation_cost": 31.212511993826194, "completition_cost": 0.0, "overshoot_cost": 52.87173559171549, "power_cost": 26.337032446289065, "noise_cost": 23.277831311823032, "n_waypoints_completed": 9, "tot_waypoints": 9}}
{"target": -184.439236387959, "params": {"k_pid_pos": [1.733835489643198, 0.024859491386256316, 0.9451257094832697], "k_pid_alt": [1.5786606064986153, 0.0, 0.23086984934879706], "k_pid_att": [11.329609997636037, 3.4126860594551975, 0.9623745068707039], "k_pid_yaw": [0.5, 1e-06, 0.1], "k_pid_hsp": [0.09847755819799779, 0.011264223901387349, 0.0], "k_pid_vsp": [251.5004449007475, 57.93155354082285, 10.0]}, "datetime": {"datetime": "2025-08-13 22:03:34", "elapsed": 44142.82835698128, "delta": 17.242452383041382}, "costs": {"total_cost": 184.439236387959, "time_cost": 69.86, "final_distance_cost": 1.8310072653396081, "oscillation_cost": 28.52479844556217, "completition_cost": 0.0, "overshoot_cost": 50.87933750401475, "power_cost": 15.037322485351563, "noise_cost": 18.306770687690914, "n_waypoints_completed": 9, "tot_waypoints": 9}}
{"target": -206.83152746237806, "params": {"k_pid_pos": [1.733835489643198, 0.024859491386256316, 0.9451257094832697], "k_pid_alt": [1.4458679973838424, 0.00018965351824429266, 0.6600607021214705], "k_pid_att": [68.93098199109546, 2.352529590908416, 0.16608962520040438], "k_pid_yaw": [0.5, 1e-06, 0.1], "k_pid_hsp": [1.8683835514128975, 0.011264223901387349, 0.0], "k_pid_vsp": [333.9671041363143, 289.9420907665546, 16.252805564631274]}, "datetime": {"datetime": "2025-08-13 22:03:53", "elapsed": 44161.92705202103, "delta": 19.098695039749146}, "costs": {"total_cost": 206.83152746237806, "time_cost": 71.995, "final_distance_cost": 1.851619940523616, "oscillation_cost": 38.28634491176457, "completition_cost": 0.0, "overshoot_cost": 50.92103752664008, "power_cost": 22.20506961669922, "noise_cost": 21.57245546675056, "n_waypoints_completed": 9, "tot_waypoints": 9}}
{"target": -251.38204953300527, "params": {"k_pid_pos": [1.733835489643198, 0.5106348250941788, 0.9451257094832697], "k_pid_alt": [1.5786606064986153, 0.028806210149256217, 0.30701401744436285], "k_pid_att": [11.329609997636037, 3.4126860594551975, 0.9623745068707039], "k_pid_yaw": [0.5, 1e-06, 0.1], "k_pid_hsp": [0.09847755819799779, 0.011264223901387349, 0.0], "k_pid_vsp": [121.11927891757475, 57.93155354082285, 16.252805564631274]}, "datetime": {"datetime": "2025-08-13 22:04:15", "elapsed": 44183.11817193031, "delta": 21.1911199092865}, "costs": {"total_cost": 251.38204953300527, "time_cost": 87.808, "final_distance_cost": 1.7870338338346659, "oscillation_cost": 31.601734737820202, "completition_cost": 0.0, "overshoot_cost": 62.33531523125469, "power_cost": 35.485346508789064, "noise_cost": 32.36461922130664, "n_waypoints_completed": 9, "tot_waypoints": 9}}
{"target": -184.65265277268566, "params": {"k_pid_pos": [1.733835489643198, 0.024859491386256316, 0.9451257094832697], "k_pid_alt": [1.5786606064986153, 0.0, 0.23086984934879706], "k_pid_att": [11.329609997636037, 3.4126860594551975, 0.9623745068707039], "k_pid_yaw": [0.5, 1e-06, 0.1], "k_pid_hsp": [0.09847755819799779, 0.011264223901387349, 0.0], "k_pid_vsp": [251.5004449007475, 57.93155354082285, 10.0]}, "datetime": {"datetime": "2025-08-13 22:04:32", "elapsed": 44201.071531534195, "delta": 17.953359603881836}, "costs": {"total_cost": 184.65265277268566, "time_cost": 69.762, "final_distance_cost": 1.8410109004487996, "oscillation_cost": 28.499016510811128, "completition_cost": 0.0, "overshoot_cost": 51.232858974689805, "power_cost": 15.301655578613282, "noise_cost": 18.01611080812262, "n_waypoints_completed": 9, "tot_waypoints": 9}}
{"target": -189.5023310575159, "params": {"k_pid_pos": [1.733835489643198, 0.024859491386256316, 0.9451257094832697], "k_pid_alt": [1.5786606064986153, 0.0, 0.053878507660848673], "k_pid_att": [29.46763110571006, 5.6580295118978245, 0.20497828334174084], "k_pid_yaw": [0.5, 1e-06, 0.1], "k_pid_hsp": [0.17225665165883555, 0.011264223901387349, 0.0], "k_pid_vsp": [305.67975269326223, 130.53254854158118, 10.0]}, "datetime": {"datetime": "2025-08-13 22:04:50", "elapsed": 44218.25169944763, "delta": 17.18016791343689}, "costs": {"total_cost": 189.5023310575159, "time_cost": 70.273, "final_distance_cost": 1.8429875891772474, "oscillation_cost": 27.714515365595062, "completition_cost": 0.0, "overshoot_cost": 50.97250114106667, "power_cost": 19.34972283935547, "noise_cost": 19.349604122321455, "n_waypoints_completed": 9, "tot_waypoints": 9}}
{"target": -193.87339563503122, "params": {"k_pid_pos": [1.733835489643198, 0.024859491386256316, 0.9451257094832697], "k_pid_alt": [1.4458679973838424, 0.00018965351824429266, 0.23086984934879706], "k_pid_att": [11.246502653247227, 1.1166001057131414, 0.3529475069797985], "k_pid_yaw": [0.5, 1e-06, 0.1], "k_pid_hsp": [0.09847755819799779, 0.011264223901387349, 0.0], "k_pid_vsp": [104.30040172718557, 57.93155354082285, 10.0]}, "datetime": {"datetime": "2025-08-13 22:05:07", "elapsed": 44236.03403902054, "delta": 17.782339572906494}, "costs": {"total_cost": 193.87339563503122, "time_cost": 71.288, "final_distance_cost": 1.8255174263832519, "oscillation_cost": 27.284837442264926, "completition_cost": 0.0, "overshoot_cost": 52.001937577231004, "power_cost": 21.04404812011719, "noise_cost": 20.42905506903483, "n_waypoints_completed": 9, "tot_waypoints": 9}}
