{"target": -201.43790987684355, "params": {"k_pid_pos": [1.733835489643198, 0.024859491386256316, 0.9451257094832697], "k_pid_alt": [1.4458679973838424, 0.0, 0.26610943802920406], "k_pid_att": [29.46763110571006, 5.67849514865483, 0.3883664380867584], "k_pid_yaw": [0.5, 1e-06, 0.1], "k_pid_hsp": [0.09847755819799779, 0.011264223901387349, 0.0], "k_pid_vsp": [251.5004449007475, 59.083466427248936, 10.0]}, "datetime": {"datetime": "2025-08-13 18:48:45", "elapsed": 32453.199204683304, "delta": 17.394416570663452}, "costs": {"total_cost": 201.43790987684355, "time_cost": 72.408, "final_distance_cost": 1.8338066276384446, "oscillation_cost": 28.266562522757187, "completition_cost": 0.0, "overshoot_cost": 52.434713923246804, "power_cost": 24.547124047851565, "noise_cost": 21.947702755349578, "n_waypoints_completed": 9, "tot_waypoints": 9}}
{"target": -187.03017112498594, "params": {"k_pid_pos": [1.8922997940790476, 0.024859491386256316, 0.9451257094832697], "k_pid_alt": [1.4458679973838424, 0.0, 0.3146878632891922], "k_pid_att": [43.948176657889235, 3.8677381495188174, 0.6559199499296157], "k_pid_yaw": [0.5, 1e-06, 0.1], "k_pid_hsp": [0.09847755819799779, 0.011264223901387349, 0.0], "k_pid_vsp": [2.7156893520380088, 93.09285943774285, 10.0]}, "datetime": {"datetime": "2025-08-13 18:49:02", "elapsed": 32470.12962269783, "delta": 16.930418014526367}, "costs": {"total_cost": 187.03017112498594, "time_cost": 71.4, "final_distance_cost": 1.8247934685854845, "oscillation_cost": 30.547842651861092, "completition_cost": 0.0, "overshoot_cost": 51.52086939854703, "power_cost": 12.733104809570314, "noise_cost": 19.00356079642203, "n_waypoints_completed": 9, "tot_waypoints": 9}}
{"target": -185.16023230557118, "params": {"k_pid_pos": [1.4340672435785011, 0.024859491386256316, 0.704167472379422], "k_pid_alt": [1.4458679973838424, 0.0, 0.3146878632891922], "k_pid_att": [35.543488255586034, 0.18205753750414305, 0.73590781336997], "k_pid_yaw": [0.5, 1e-06, 0.1], "k_pid_hsp": [0.09847755819799779, 0.011264223901387349, 0.0], "k_pid_vsp": [264.9966777379314, 204.84203769155826, 13.269141705997619]}, "datetime": {"datetime": "2025-08-13 18:49:19", "elapsed": 32487.587901115417, "delta": 17.45827841758728}, "costs": {"total_cost": 185.16023230557118, "time_cost": 70.168, "final_distance_cost": 1.8248577799182315, "oscillation_cost": 27.805546508793835, "completition_cost": 0.0, "overshoot_cost": 50.80854353770184, "power_cost": 17.202692041015627, "noise_cost": 17.350592438141636, "n_waypoints_completed": 9, "tot_waypoints": 9}}
{"target": -189.40850288395552, "params": {"k_pid_pos": [1.733835489643198, 0.024859491386256316, 0.9451257094832697], "k_pid_alt": [1.4458679973838424, 0.0, 0.3146878632891922], "k_pid_att": [29.46763110571006, 5.67849514865483, 0.6559199499296157], "k_pid_yaw": [0.5, 1e-06, 0.1], "k_pid_hsp": [0.09847755819799779, 0.011264223901387349, 0.0], "k_pid_vsp": [251.5004449007475, 59.083466427248936, 10.0]}, "datetime": {"datetime": "2025-08-13 18:49:36", "elapsed": 32504.459335803986, "delta": 16.871434688568115}, "costs": {"total_cost": 189.40850288395552, "time_cost": 70.58800000000001, "final_distance_cost": 1.8246478540753923, "oscillation_cost": 28.059980424180942, "completition_cost": 0.0, "overshoot_cost": 51.05248129142653, "power_cost": 18.949168762207034, "noise_cost": 18.934224552065658, "n_waypoints_completed": 9, "tot_waypoints": 9}}
{"target": -185.6655438880995, "params": {"k_pid_pos": [1.733835489643198, 0.024859491386256316, 0.704167472379422], "k_pid_alt": [1.477768752937916, 0.0, 0.6600607021214705], "k_pid_att": [39.447728079683905, 2.6889016979653872, 0.6559199499296157], "k_pid_yaw": [0.5, 1e-06, 0.1], "k_pid_hsp": [0.09847755819799779, 0.011264223901387349, 0.0], "k_pid_vsp": [251.5004449007475, 59.083466427248936, 10.0]}, "datetime": {"datetime": "2025-08-13 18:49:58", "elapsed": 32526.2136657238, "delta": 21.754329919815063}, "costs": {"total_cost": 185.6655438880995, "time_cost": 70.784, "final_distance_cost": 1.8105245358382516, "oscillation_cost": 29.189528997514657, "completition_cost": 0.0, "overshoot_cost": 51.09469023580685, "power_cost": 14.57514609375, "noise_cost": 18.21165402518975, "n_waypoints_completed": 9, "tot_waypoints": 9}}
{"target": -197.0173711112552, "params": {"k_pid_pos": [1.733835489643198, 0.024859491386256316, 0.9451257094832697], "k_pid_alt": [1.4458679973838424, 0.0, 0.26610943802920406], "k_pid_att": [29.46763110571006, 5.67849514865483, 0.3883664380867584], "k_pid_yaw": [0.5, 1e-06, 0.1], "k_pid_hsp": [0.09847755819799779, 0.011264223901387349, 0.0], "k_pid_vsp": [251.5004449007475, 59.083466427248936, 10.0]}, "datetime": {"datetime": "2025-08-13 18:50:15", "elapsed": 32543.717272758484, "delta": 17.503607034683228}, "costs": {"total_cost": 197.0173711112552, "time_cost": 71.757, "final_distance_cost": 1.8313501635746496, "oscillation_cost": 27.40130658361065, "completition_cost": 0.0, "overshoot_cost": 52.0220343860718, "power_cost": 22.455251733398438, "noise_cost": 21.55042824459965, "n_waypoints_completed": 9, "tot_waypoints": 9}}
{"target": -1548.6478299218363, "params": {"k_pid_pos": [1.4340672435785011, 0.024859491386256316, 0.704167472379422], "k_pid_alt": [1.4458679973838424, 0.0, 0.3146878632891922], "k_pid_att": [35.543488255586034, 0.18205753750414305, 0.73590781336997], "k_pid_yaw": [0.5, 1e-06, 0.1], "k_pid_hsp": [0.09847755819799779, 0.011264223901387349, 0.25305772781531444], "k_pid_vsp": [203.7710395546898, 204.84203769155826, 13.269141705997619]}, "datetime": {"datetime": "2025-08-13 18:50:45", "elapsed": 32573.58338856697, "delta": 29.86611580848694}, "costs": {"total_cost": 1548.6478299218363, "time_cost": 150, "final_distance_cost": 36.84185992007655, "oscillation_cost": 623.9771864678793, "completition_cost": 555.5555555555555, "overshoot_cost": 109.89568040117003, "power_cost": 41.04039146728516, "noise_cost": 31.33715610986983, "n_waypoints_completed": 4, "tot_waypoints": 9}}
{"target": -191.77034384630892, "params": {"k_pid_pos": [1.9403883066526342, 0.34174907670648524, 0.704167472379422], "k_pid_alt": [1.477768752937916, 0.0, 0.6600607021214705], "k_pid_att": [39.447728079683905, 2.6889016979653872, 0.6559199499296157], "k_pid_yaw": [0.5, 1e-06, 0.1], "k_pid_hsp": [0.09847755819799779, 0.011264223901387349, 0.0], "k_pid_vsp": [391.61348087291753, 93.09285943774285, 10.0]}, "datetime": {"datetime": "2025-08-13 18:51:04", "elapsed": 32592.301024913788, "delta": 18.717636346817017}, "costs": {"total_cost": 191.77034384630892, "time_cost": 74.438, "final_distance_cost": 1.770135053169816, "oscillation_cost": 31.237923112959827, "completition_cost": 0.0, "overshoot_cost": 51.07062661345422, "power_cost": 14.702070922851563, "noise_cost": 18.55158814387351, "n_waypoints_completed": 9, "tot_waypoints": 9}}
{"target": -194.03200978289692, "params": {"k_pid_pos": [1.4340672435785011, 0.024859491386256316, 0.704167472379422], "k_pid_alt": [1.4458679973838424, 0.0, 0.3146878632891922], "k_pid_att": [35.543488255586034, 0.18205753750414305, 0.73590781336997], "k_pid_yaw": [0.5, 1e-06, 0.1], "k_pid_hsp": [0.09847755819799779, 0.011264223901387349, 0.0], "k_pid_vsp": [251.5004449007475, 59.083466427248936, 10.0]}, "datetime": {"datetime": "2025-08-13 18:51:21", "elapsed": 32609.895009040833, "delta": 17.593984127044678}, "costs": {"total_cost": 194.03200978289692, "time_cost": 71.624, "final_distance_cost": 1.8208455462951598, "oscillation_cost": 26.716396949712678, "completition_cost": 0.0, "overshoot_cost": 52.04087909086083, "power_cost": 21.236644970703125, "noise_cost": 20.593243225325136, "n_waypoints_completed": 9, "tot_waypoints": 9}}
{"target": -435.560932450365, "params": {"k_pid_pos": [1.6203022768980826, 0.06681891267873763, 0.9818093895928307], "k_pid_alt": [1.4458679973838424, 0.0, 0.3146878632891922], "k_pid_att": [29.46763110571006, 3.8677381495188174, 0.4697579174852792], "k_pid_yaw": [0.5, 1e-06, 0.1], "k_pid_hsp": [7.898338047893953, 0.036551335399587326, 0.4996947135958536], "k_pid_vsp": [251.5004449007475, 59.083466427248936, 10.0]}, "datetime": {"datetime": "2025-08-13 18:51:39", "elapsed": 32627.287058353424, "delta": 17.392049312591553}, "costs": {"total_cost": 435.560932450365, "time_cost": 73.129, "final_distance_cost": 1.8319405212980395, "oscillation_cost": 275.34450012578156, "completition_cost": 0.0, "overshoot_cost": 51.09366800696163, "power_cost": 15.031942431640626, "noise_cost": 19.129881364683115, "n_waypoints_completed": 9, "tot_waypoints": 9}}
{"target": -218.93404743395485, "params": {"k_pid_pos": [1.6203022768980826, 0.5305213852260082, 0.9818093895928307], "k_pid_alt": [1.4458679973838424, 0.0, 0.3146878632891922], "k_pid_att": [29.46763110571006, 3.8677381495188174, 0.6559199499296157], "k_pid_yaw": [0.5, 1e-06, 0.1], "k_pid_hsp": [0.09847755819799779, 0.036551335399587326, 0.0], "k_pid_vsp": [251.5004449007475, 59.083466427248936, 10.0]}, "datetime": {"datetime": "2025-08-13 18:51:58", "elapsed": 32646.979810476303, "delta": 19.69275212287903}, "costs": {"total_cost": 218.93404743395485, "time_cost": 82.383, "final_distance_cost": 1.7773066284742671, "oscillation_cost": 32.897010567485886, "completition_cost": 0.0, "overshoot_cost": 52.73734358775995, "power_cost": 25.20626638183594, "noise_cost": 23.933120268398824, "n_waypoints_completed": 9, "tot_waypoints": 9}}
{"target": -190.12663715252103, "params": {"k_pid_pos": [1.4340672435785011, 0.024859491386256316, 0.704167472379422], "k_pid_alt": [1.4458679973838424, 0.0, 0.3146878632891922], "k_pid_att": [37.12179941719916, 9.862826079085128, 0.6559199499296157], "k_pid_yaw": [0.5, 1e-06, 0.1], "k_pid_hsp": [0.09847755819799779, 0.011264223901387349, 0.0], "k_pid_vsp": [78.76564955932119, 93.09285943774285, 10.0]}, "datetime": {"datetime": "2025-08-13 18:52:15", "elapsed": 32664.062829971313, "delta": 17.083019495010376}, "costs": {"total_cost": 190.12663715252103, "time_cost": 70.231, "final_distance_cost": 1.837930315623137, "oscillation_cost": 27.82118495689309, "completition_cost": 0.0, "overshoot_cost": 51.11458757955923, "power_cost": 19.534413391113283, "noise_cost": 19.58752090933227, "n_waypoints_completed": 9, "tot_waypoints": 9}}
{"target": -1723.2782362589098, "params": {"k_pid_pos": [1.733835489643198, 0.024859491386256316, 0.9451257094832697], "k_pid_alt": [1.4458679973838424, 0.0, 0.3146878632891922], "k_pid_att": [35.543488255586034, 0.18205753750414305, 0.73590781336997], "k_pid_yaw": [0.5, 1e-06, 0.1], "k_pid_hsp": [0.09847755819799779, 0.011264223901387349, 0.5226198022042828], "k_pid_vsp": [264.9966777379314, 325.22778396761174, 13.269141705997619]}, "datetime": {"datetime": "2025-08-13 18:52:44", "elapsed": 32693.0160074234, "delta": 28.953177452087402}, "costs": {"total_cost": 1723.2782362589098, "time_cost": 150, "final_distance_cost": 82.88208418722402, "oscillation_cost": 673.686361692316, "completition_cost": 666.6666666666667, "overshoot_cost": 91.64839041180988, "power_cost": 31.09543934326172, "noise_cost": 27.299293957631335, "n_waypoints_completed": 3, "tot_waypoints": 9}}
{"target": -181.90435045097374, "params": {"k_pid_pos": [1.733835489643198, 0.024859491386256316, 0.9451257094832697], "k_pid_alt": [1.4458679973838424, 0.0, 0.3146878632891922], "k_pid_att": [29.46763110571006, 5.67849514865483, 0.6559199499296157], "k_pid_yaw": [0.5, 1e-06, 0.1], "k_pid_hsp": [0.09847755819799779, 0.011264223901387349, 0.0], "k_pid_vsp": [251.5004449007475, 59.083466427248936, 10.0]}, "datetime": {"datetime": "2025-08-13 18:53:01", "elapsed": 32709.381887435913, "delta": 16.365880012512207}, "costs": {"total_cost": 181.90435045097374, "time_cost": 70.161, "final_distance_cost": 1.8326932446585478, "oscillation_cost": 28.380269510862338, "completition_cost": 0.0, "overshoot_cost": 50.99763193801514, "power_cost": 12.459109375, "noise_cost": 18.073646382437726, "n_waypoints_completed": 9, "tot_waypoints": 9}}
{"target": -1352.7772450206517, "params": {"k_pid_pos": [1.4340672435785011, 0.024859491386256316, 0.8544707697037623], "k_pid_alt": [1.4458679973838424, 0.0, 0.9056999501394369], "k_pid_att": [33.06901212709937, 1.7322516556660579, 0.6559199499296157], "k_pid_yaw": [0.5, 1e-06, 0.1], "k_pid_hsp": [0.09847755819799779, 0.011264223901387349, 0.0], "k_pid_vsp": [251.5004449007475, 59.083466427248936, 284.2619114099656]}, "datetime": {"datetime": "2025-08-13 18:53:30", "elapsed": 32738.233212709427, "delta": 28.851325273513794}, "costs": {"total_cost": 1352.7772450206517, "time_cost": 150, "final_distance_cost": 81.57761993995855, "oscillation_cost": 6.099525966591448, "completition_cost": 888.8888888888888, "overshoot_cost": 132.03014408167803, "power_cost": 28.948354919433594, "noise_cost": 65.23271122410112, "n_waypoints_completed": 1, "tot_waypoints": 9}}
{"target": -1779.5323171920143, "params": {"k_pid_pos": [1.733835489643198, 0.49631364484586815, 0.6441154478304989], "k_pid_alt": [1.477768752937916, 0.0, 0.6867135937559309], "k_pid_att": [0.14187793368453105, 2.0345543729235005, 0.7742097595242466], "k_pid_yaw": [0.5, 1e-06, 0.1], "k_pid_hsp": [0.09847755819799779, 0.011264223901387349, 0.0], "k_pid_vsp": [264.9966777379314, 204.84203769155826, 13.269141705997619]}, "datetime": {"datetime": "2025-08-13 18:53:59", "elapsed": 32767.13332748413, "delta": 28.90011477470398}, "costs": {"total_cost": 1779.5323171920143, "time_cost": 150, "final_distance_cost": 2.1780243718391907, "oscillation_cost": 259.97502356207127, "completition_cost": 1000.0, "overshoot_cost": 165.15403316082273, "power_cost": 58.75966163330079, "noise_cost": 143.46557446398032, "n_waypoints_completed": 0, "tot_waypoints": 9}}
{"target": -1741.8174060045026, "params": {"k_pid_pos": [1.4340672435785011, 0.024859491386256316, 0.9451257094832697], "k_pid_alt": [1.4458679973838424, 0.0, 0.3146878632891922], "k_pid_att": [29.46763110571006, 5.67849514865483, 0.6559199499296157], "k_pid_yaw": [0.5, 1e-06, 0.1], "k_pid_hsp": [0.09847755819799779, 0.011264223901387349, 0.40555978458723485], "k_pid_vsp": [251.5004449007475, 59.083466427248936, 10.0]}, "datetime": {"datetime": "2025-08-13 18:54:27", "elapsed": 32795.775894641876, "delta": 28.64256715774536}, "costs": {"total_cost": 1741.8174060045026, "time_cost": 150, "final_distance_cost": 54.193085733990195, "oscillation_cost": 701.460718351345, "completition_cost": 666.6666666666667, "overshoot_cost": 114.12238116674092, "power_cost": 26.773923303222656, "noise_cost": 28.600630782537127, "n_waypoints_completed": 3, "tot_waypoints": 9}}
{"target": -616.2021417258914, "params": {"k_pid_pos": [1.4340672435785011, 0.024859491386256316, 0.704167472379422], "k_pid_alt": [1.4458679973838424, 0.0, 0.6600607021214705], "k_pid_att": [39.447728079683905, 0.22073067032652463, 0.73590781336997], "k_pid_yaw": [0.5, 1e-06, 0.1], "k_pid_hsp": [0.09847755819799779, 0.011264223901387349, 0.0], "k_pid_vsp": [33.09370770872002, 93.09285943774285, 75.78799424181197]}, "datetime": {"datetime": "2025-08-13 18:54:55", "elapsed": 32824.048929691315, "delta": 28.273035049438477}, "costs": {"total_cost": 616.2021417258914, "time_cost": 150, "final_distance_cost": 73.33256900941643, "oscillation_cost": 27.945404047250648, "completition_cost": 222.2222222222222, "overshoot_cost": 91.44089402927166, "power_cost": 24.340862622070315, "noise_cost": 26.920189795660068, "n_waypoints_completed": 7, "tot_waypoints": 9}}
{"target": -1714.9364729993995, "params": {"k_pid_pos": [1.4340672435785011, 0.024859491386256316, 0.8544707697037623], "k_pid_alt": [1.4458679973838424, 0.0, 0.7915130824798414], "k_pid_att": [35.543488255586034, 8.470657982980763, 0.73590781336997], "k_pid_yaw": [0.5, 1e-06, 0.1], "k_pid_hsp": [0.09847755819799779, 0.011264223901387349, 0.2621620516958454], "k_pid_vsp": [264.9966777379314, 378.2564367747237, 13.269141705997619]}, "datetime": {"datetime": "2025-08-13 18:55:24", "elapsed": 32853.04899907112, "delta": 29.00006937980652}, "costs": {"total_cost": 1714.9364729993995, "time_cost": 150, "final_distance_cost": 77.52656343330531, "oscillation_cost": 648.470511287099, "completition_cost": 666.6666666666667, "overshoot_cost": 105.9854236075507, "power_cost": 36.59569188232422, "noise_cost": 29.691616122453286, "n_waypoints_completed": 3, "tot_waypoints": 9}}
{"target": -184.47101362496028, "params": {"k_pid_pos": [1.6482342715797629, 0.024859491386256316, 0.8544707697037623], "k_pid_alt": [1.4458679973838424, 0.0, 0.6600607021214705], "k_pid_att": [39.447728079683905, 0.18205753750414305, 0.73590781336997], "k_pid_yaw": [0.5, 1e-06, 0.1], "k_pid_hsp": [0.09847755819799779, 0.011264223901387349, 0.0], "k_pid_vsp": [33.09370770872002, 59.083466427248936, 10.0]}, "datetime": {"datetime": "2025-08-13 18:55:41", "elapsed": 32869.583173036575, "delta": 16.5341739654541}, "costs": {"total_cost": 184.47101362496028, "time_cost": 70.581, "final_distance_cost": 1.8241065992943568, "oscillation_cost": 28.02942604740144, "completition_cost": 0.0, "overshoot_cost": 50.54626226887847, "power_cost": 15.123780114746095, "noise_cost": 18.366438594639906, "n_waypoints_completed": 9, "tot_waypoints": 9}}
{"target": -1771.4039677627163, "params": {"k_pid_pos": [1.733835489643198, 0.024859491386256316, 0.704167472379422], "k_pid_alt": [1.477768752937916, 0.0, 0.6600607021214705], "k_pid_att": [39.447728079683905, 2.6889016979653872, 0.6559199499296157], "k_pid_yaw": [0.5, 1e-06, 0.1], "k_pid_hsp": [0.09847755819799779, 0.011264223901387349, 0.44348573036248906], "k_pid_vsp": [251.5004449007475, 93.09285943774285, 10.0]}, "datetime": {"datetime": "2025-08-13 18:56:10", "elapsed": 32898.608739852905, "delta": 29.025566816329956}, "costs": {"total_cost": 1771.4039677627163, "time_cost": 150, "final_distance_cost": 91.07388644804495, "oscillation_cost": 713.1454982385452, "completition_cost": 666.6666666666667, "overshoot_cost": 85.02276711951197, "power_cost": 35.57969957275391, "noise_cost": 29.91544971719343, "n_waypoints_completed": 3, "tot_waypoints": 9}}
{"target": -190.06057969269673, "params": {"k_pid_pos": [1.733835489643198, 0.024859491386256316, 0.9451257094832697], "k_pid_alt": [1.4458679973838424, 0.0, 0.3146878632891922], "k_pid_att": [29.46763110571006, 3.8677381495188174, 0.6559199499296157], "k_pid_yaw": [0.5, 1e-06, 0.1], "k_pid_hsp": [0.09847755819799779, 0.036551335399587326, 0.0], "k_pid_vsp": [251.5004449007475, 59.083466427248936, 10.0]}, "datetime": {"datetime": "2025-08-13 18:56:26", "elapsed": 32915.07137298584, "delta": 16.46263313293457}, "costs": {"total_cost": 190.06057969269673, "time_cost": 70.518, "final_distance_cost": 1.8401898863853825, "oscillation_cost": 31.476700561824668, "completition_cost": 0.0, "overshoot_cost": 50.98139305076135, "power_cost": 17.118006359863283, "noise_cost": 18.12628983386204, "n_waypoints_completed": 9, "tot_waypoints": 9}}
{"target": -196.0406663079692, "params": {"k_pid_pos": [1.6203022768980826, 0.06681891267873763, 0.9818093895928307], "k_pid_alt": [1.4458679973838424, 0.0, 0.6297913080226606], "k_pid_att": [29.46763110571006, 3.8677381495188174, 0.6559199499296157], "k_pid_yaw": [0.5, 1e-06, 0.1], "k_pid_hsp": [0.09847755819799779, 0.011264223901387349, 0.0], "k_pid_vsp": [251.5004449007475, 59.083466427248936, 10.0]}, "datetime": {"datetime": "2025-08-13 18:56:44", "elapsed": 32932.18550372124, "delta": 17.11413073539734}, "costs": {"total_cost": 196.0406663079692, "time_cost": 72.31700000000001, "final_distance_cost": 1.8392821356734324, "oscillation_cost": 27.306502149162256, "completition_cost": 0.0, "overshoot_cost": 51.31541936338376, "power_cost": 22.21451007080078, "noise_cost": 21.047952588948952, "n_waypoints_completed": 9, "tot_waypoints": 9}}
{"target": -1029.830951174528, "params": {"k_pid_pos": [0.14639111448255393, 0.024859491386256316, 0.8544707697037623], "k_pid_alt": [1.4458679973838424, 0.0, 0.6600607021214705], "k_pid_att": [39.447728079683905, 1.326856224425946, 0.3948135675183053], "k_pid_yaw": [0.5, 1e-06, 0.1], "k_pid_hsp": [2.82373402557605, 0.011264223901387349, 0.0], "k_pid_vsp": [264.9966777379314, 204.84203769155826, 10.0]}, "datetime": {"datetime": "2025-08-13 18:57:12", "elapsed": 32960.56109881401, "delta": 28.375595092773438}, "costs": {"total_cost": 1029.830951174528, "time_cost": 150, "final_distance_cost": 53.10858256234442, "oscillation_cost": 17.572488229892382, "completition_cost": 666.6666666666667, "overshoot_cost": 64.65611556261932, "power_cost": 42.260946716308595, "noise_cost": 35.56615143669659, "n_waypoints_completed": 3, "tot_waypoints": 9}}
{"target": -188.46840617466003, "params": {"k_pid_pos": [1.733835489643198, 0.024859491386256316, 0.704167472379422], "k_pid_alt": [1.477768752937916, 0.0, 0.6600607021214705], "k_pid_att": [9.01694976284977, 0.5720022164256566, 0.11689683853528843], "k_pid_yaw": [0.5, 1e-06, 0.1], "k_pid_hsp": [0.09847755819799779, 0.011264223901387349, 0.0], "k_pid_vsp": [387.1470188825909, 93.09285943774285, 10.0]}, "datetime": {"datetime": "2025-08-13 18:57:29", "elapsed": 32977.1912252903, "delta": 16.630126476287842}, "costs": {"total_cost": 188.46840617466003, "time_cost": 70.91, "final_distance_cost": 1.830566509536561, "oscillation_cost": 29.72973477284722, "completition_cost": 0.0, "overshoot_cost": 50.987626567455564, "power_cost": 17.167548498535158, "noise_cost": 17.842929826285534, "n_waypoints_completed": 9, "tot_waypoints": 9}}
