{"target": -187.3268444161149, "params": {"k_pid_pos": [1.4340672435785011, 0.024859491386256316, 0.8519347702918288], "k_pid_alt": [1.4458679973838424, 0.5825635189933015, 0.3146878632891922], "k_pid_att": [43.948176657889235, 0.18205753750414305, 0.9125065750547853], "k_pid_yaw": [0.5, 1e-06, 0.1], "k_pid_hsp": [0.09847755819799779, 0.011264223901387349, 0.0], "k_pid_vsp": [263.1854405112298, 93.09285943774285, 10.0]}, "datetime": {"datetime": "2025-08-13 16:47:04", "elapsed": 25152.942776679993, "delta": 22.354103565216064}, "costs": {"total_cost": 187.3268444161149, "time_cost": 73.682, "final_distance_cost": 1.7853255134923391, "oscillation_cost": 27.036578827877122, "completition_cost": 0.0, "overshoot_cost": 51.44875662176962, "power_cost": 14.701525622558595, "noise_cost": 18.672657830417265, "n_waypoints_completed": 9, "tot_waypoints": 9}}
{"target": -190.3467374013693, "params": {"k_pid_pos": [1.4340672435785011, 0.024859491386256316, 0.8519347702918288], "k_pid_alt": [1.8506719184877571, 0.0, 0.6600607021214705], "k_pid_att": [39.447728079683905, 3.8677381495188174, 0.6559199499296157], "k_pid_yaw": [0.5, 1e-06, 0.1], "k_pid_hsp": [0.09847755819799779, 0.011264223901387349, 0.0], "k_pid_vsp": [277.2708477836043, 93.09285943774285, 10.0]}, "datetime": {"datetime": "2025-08-13 16:47:22", "elapsed": 25170.850779771805, "delta": 17.908003091812134}, "costs": {"total_cost": 190.3467374013693, "time_cost": 70.994, "final_distance_cost": 1.843244546406849, "oscillation_cost": 27.082669614380293, "completition_cost": 0.0, "overshoot_cost": 51.29604512535381, "power_cost": 19.558165197753908, "noise_cost": 19.572612917474423, "n_waypoints_completed": 9, "tot_waypoints": 9}}
{"target": -244.74136382968166, "params": {"k_pid_pos": [1.4340672435785011, 0.5303319676020144, 0.9239049236577108], "k_pid_alt": [1.2230343536285844, 0.0, 0.15996467764772404], "k_pid_att": [48.26873903267956, 9.994776192526535, 0.34464953207076743], "k_pid_yaw": [0.5, 1e-06, 0.1], "k_pid_hsp": [7.436026595488833, 0.011264223901387349, 0.0], "k_pid_vsp": [279.45517549114066, 197.31441805153213, 10.0]}, "datetime": {"datetime": "2025-08-13 16:47:43", "elapsed": 25191.64531159401, "delta": 20.79453182220459}, "costs": {"total_cost": 244.74136382968166, "time_cost": 77.546, "final_distance_cost": 1.823892667937123, "oscillation_cost": 65.4184682747239, "completition_cost": 0.0, "overshoot_cost": 51.643095939300984, "power_cost": 24.60491697998047, "noise_cost": 23.704989967739177, "n_waypoints_completed": 9, "tot_waypoints": 9}}
{"target": -420.237728028945, "params": {"k_pid_pos": [0.9203224573796739, 0.024859491386256316, 0.8519347702918288], "k_pid_alt": [1.4458679973838424, 0.0, 0.3146878632891922], "k_pid_att": [43.948176657889235, 0.18205753750414305, 0.34464953207076743], "k_pid_yaw": [0.5, 1e-06, 0.1], "k_pid_hsp": [6.590021097612566, 0.011264223901387349, 0.0], "k_pid_vsp": [277.2708477836043, 93.09285943774285, 10.0]}, "datetime": {"datetime": "2025-08-13 16:48:04", "elapsed": 25212.82188463211, "delta": 21.176573038101196}, "costs": {"total_cost": 420.237728028945, "time_cost": 82.019, "final_distance_cost": 1.8579983652538166, "oscillation_cost": 243.29258379216816, "completition_cost": 0.0, "overshoot_cost": 52.190990916185754, "power_cost": 18.024300695800783, "noise_cost": 22.852854259536517, "n_waypoints_completed": 9, "tot_waypoints": 9}}
{"target": -789.8821154152125, "params": {"k_pid_pos": [1.4164186877546903, 0.024859491386256316, 0.44963268842268056], "k_pid_alt": [1.4458679973838424, 0.0, 0.46972286414476394], "k_pid_att": [43.948176657889235, 0.18205753750414305, 0.9125065750547853], "k_pid_yaw": [0.5, 1e-06, 0.1], "k_pid_hsp": [0.09847755819799779, 0.5523384095491858, 0.0], "k_pid_vsp": [305.0236900491399, 93.09285943774285, 10.0]}, "datetime": {"datetime": "2025-08-13 16:48:36", "elapsed": 25244.284907102585, "delta": 31.463022470474243}, "costs": {"total_cost": 789.8821154152125, "time_cost": 150, "final_distance_cost": 72.3101482085261, "oscillation_cost": 128.62478939666502, "completition_cost": 333.33333333333337, "overshoot_cost": 52.75656303105673, "power_cost": 20.63142878417969, "noise_cost": 32.22585266145168, "n_waypoints_completed": 6, "tot_waypoints": 9}}
{"target": -194.62856334573658, "params": {"k_pid_pos": [1.4164186877546903, 0.024859491386256316, 0.44963268842268056], "k_pid_alt": [0.628485956049549, 0.0, 0.3146878632891922], "k_pid_att": [43.948176657889235, 0.18205753750414305, 0.6331997646149408], "k_pid_yaw": [0.5, 1e-06, 0.1], "k_pid_hsp": [0.09847755819799779, 0.011264223901387349, 0.0], "k_pid_vsp": [277.2708477836043, 298.73657637713535, 10.0]}, "datetime": {"datetime": "2025-08-13 16:48:56", "elapsed": 25264.546460866928, "delta": 20.26155376434326}, "costs": {"total_cost": 194.62856334573658, "time_cost": 76.755, "final_distance_cost": 1.8591380746304937, "oscillation_cost": 29.202562927890433, "completition_cost": 0.0, "overshoot_cost": 50.98767947986973, "power_cost": 17.532118603515627, "noise_cost": 18.292064259830315, "n_waypoints_completed": 9, "tot_waypoints": 9}}
{"target": -213.5265222271332, "params": {"k_pid_pos": [1.4164186877546903, 0.18803970651757562, 0.6250867496839783], "k_pid_alt": [1.4458679973838424, 0.0, 0.46972286414476394], "k_pid_att": [42.28034808905181, 8.155928685054894, 0.34464953207076743], "k_pid_yaw": [0.5, 1e-06, 0.1], "k_pid_hsp": [0.09847755819799779, 0.10775848190462489, 0.0], "k_pid_vsp": [277.2708477836043, 381.5365089319878, 10.0]}, "datetime": {"datetime": "2025-08-13 16:49:15", "elapsed": 25283.834192991257, "delta": 19.287732124328613}, "costs": {"total_cost": 213.5265222271332, "time_cost": 72.97500000000001, "final_distance_cost": 1.8152328840922343, "oscillation_cost": 47.488940741890076, "completition_cost": 0.0, "overshoot_cost": 50.6049220501187, "power_cost": 20.554324865722656, "noise_cost": 20.088101685309518, "n_waypoints_completed": 9, "tot_waypoints": 9}}
{"target": -201.41230713760137, "params": {"k_pid_pos": [1.733835489643198, 0.024859491386256316, 0.6700465318131316], "k_pid_alt": [0.614459765579936, 0.0, 0.3146878632891922], "k_pid_att": [61.795368877988686, 9.994776192526535, 0.34464953207076743], "k_pid_yaw": [0.5, 1e-06, 0.1], "k_pid_hsp": [0.09847755819799779, 0.011264223901387349, 0.0], "k_pid_vsp": [314.5274741819034, 197.31441805153213, 10.0]}, "datetime": {"datetime": "2025-08-13 16:49:37", "elapsed": 25306.041119098663, "delta": 22.206926107406616}, "costs": {"total_cost": 201.41230713760137, "time_cost": 77.7, "final_distance_cost": 1.860340522675709, "oscillation_cost": 30.807805814450827, "completition_cost": 0.0, "overshoot_cost": 50.96462170076166, "power_cost": 20.387133728027344, "noise_cost": 19.692405371685815, "n_waypoints_completed": 9, "tot_waypoints": 9}}
{"target": -197.68037902674055, "params": {"k_pid_pos": [1.4340672435785011, 0.5303319676020144, 0.7684864802628129], "k_pid_alt": [1.4458679973838424, 0.0, 0.3146878632891922], "k_pid_att": [43.948176657889235, 0.18205753750414305, 0.5315175384971502], "k_pid_yaw": [0.5, 1e-06, 0.1], "k_pid_hsp": [0.09847755819799779, 0.011264223901387349, 0.0], "k_pid_vsp": [376.5747392387296, 93.09285943774285, 10.0]}, "datetime": {"datetime": "2025-08-13 16:50:01", "elapsed": 25330.03470301628, "delta": 23.993583917617798}, "costs": {"total_cost": 197.68037902674055, "time_cost": 77.931, "final_distance_cost": 1.7493109709967642, "oscillation_cost": 29.112272385977423, "completition_cost": 0.0, "overshoot_cost": 51.89585153151613, "power_cost": 17.683821337890627, "noise_cost": 19.308122800359627, "n_waypoints_completed": 9, "tot_waypoints": 9}}
{"target": -201.196823592592, "params": {"k_pid_pos": [1.4340672435785011, 0.5303319676020144, 0.9239049236577108], "k_pid_alt": [1.7187705538853828, 0.0, 0.1132575830732897], "k_pid_att": [39.447728079683905, 3.8677381495188174, 0.6559199499296157], "k_pid_yaw": [0.5, 1e-06, 0.1], "k_pid_hsp": [0.09847755819799779, 0.011264223901387349, 0.0], "k_pid_vsp": [277.2708477836043, 93.09285943774285, 10.0]}, "datetime": {"datetime": "2025-08-13 16:50:24", "elapsed": 25352.50020623207, "delta": 22.465503215789795}, "costs": {"total_cost": 201.196823592592, "time_cost": 78.113, "final_distance_cost": 1.765461975925468, "oscillation_cost": 28.216384324465967, "completition_cost": 0.0, "overshoot_cost": 52.50466580686121, "power_cost": 19.976544970703127, "noise_cost": 20.620766514636287, "n_waypoints_completed": 9, "tot_waypoints": 9}}
{"target": -933.9523142995968, "params": {"k_pid_pos": [1.4340672435785011, 0.024859491386256316, 0.8519347702918288], "k_pid_alt": [1.4458679973838424, 0.0, 0.6600607021214705], "k_pid_att": [48.26873903267956, 8.267881126176224, 0.34464953207076743], "k_pid_yaw": [0.5, 1e-06, 0.1], "k_pid_hsp": [0.09847755819799779, 0.858965453560144, 0.0], "k_pid_vsp": [277.2708477836043, 93.09285943774285, 10.0]}, "datetime": {"datetime": "2025-08-13 16:50:55", "elapsed": 25383.24629831314, "delta": 30.746092081069946}, "costs": {"total_cost": 933.9523142995968, "time_cost": 150, "final_distance_cost": 46.780725407688664, "oscillation_cost": 136.63323069055102, "completition_cost": 444.4444444444444, "overshoot_cost": 72.94974298665898, "power_cost": 46.30369979248047, "noise_cost": 36.840470977773315, "n_waypoints_completed": 5, "tot_waypoints": 9}}
{"target": -204.76717011493275, "params": {"k_pid_pos": [1.4340672435785011, 0.5303319676020144, 0.44963268842268056], "k_pid_alt": [1.4458679973838424, 0.0, 0.46972286414476394], "k_pid_att": [42.28034808905181, 4.273161054152589, 0.34464953207076743], "k_pid_yaw": [0.5, 1e-06, 0.1], "k_pid_hsp": [0.09847755819799779, 0.011264223901387349, 0.0], "k_pid_vsp": [277.2708477836043, 381.5365089319878, 10.0]}, "datetime": {"datetime": "2025-08-13 16:51:15", "elapsed": 25403.901962280273, "delta": 20.65566396713257}, "costs": {"total_cost": 204.76717011493275, "time_cost": 79.982, "final_distance_cost": 1.7835334754855425, "oscillation_cost": 32.8480583628216, "completition_cost": 0.0, "overshoot_cost": 52.230282812871344, "power_cost": 18.5910021484375, "noise_cost": 19.332293315316768, "n_waypoints_completed": 9, "tot_waypoints": 9}}
{"target": -341.11433798533665, "params": {"k_pid_pos": [1.4164186877546903, 0.18803970651757562, 0.9239049236577108], "k_pid_alt": [1.0758040455100186, 0.0, 0.7558934151415505], "k_pid_att": [48.26873903267956, 9.805203151556048, 0.34464953207076743], "k_pid_yaw": [0.5, 1e-06, 0.1], "k_pid_hsp": [7.4893234616987066, 0.011264223901387349, 0.0], "k_pid_vsp": [277.2708477836043, 93.09285943774285, 10.0]}, "datetime": {"datetime": "2025-08-13 16:51:35", "elapsed": 25423.934975624084, "delta": 20.033013343811035}, "costs": {"total_cost": 341.11433798533665, "time_cost": 77.315, "final_distance_cost": 1.8392594763611956, "oscillation_cost": 168.60263732415208, "completition_cost": 0.0, "overshoot_cost": 51.44840209935842, "power_cost": 20.636099438476563, "noise_cost": 21.272939646988362, "n_waypoints_completed": 9, "tot_waypoints": 9}}
{"target": -190.38099991298728, "params": {"k_pid_pos": [1.733835489643198, 0.024859491386256316, 0.8519347702918288], "k_pid_alt": [1.4458679973838424, 0.0, 0.3146878632891922], "k_pid_att": [43.948176657889235, 0.18205753750414305, 0.9456905697425194], "k_pid_yaw": [0.5, 1e-06, 0.1], "k_pid_hsp": [0.09847755819799779, 0.011264223901387349, 0.0], "k_pid_vsp": [277.2708477836043, 93.09285943774285, 10.0]}, "datetime": {"datetime": "2025-08-13 16:51:53", "elapsed": 25441.45677113533, "delta": 17.521795511245728}, "costs": {"total_cost": 190.38099991298728, "time_cost": 70.413, "final_distance_cost": 1.8352986146061472, "oscillation_cost": 28.17800910013184, "completition_cost": 0.0, "overshoot_cost": 51.14738173931374, "power_cost": 19.52603055419922, "noise_cost": 19.28127990473632, "n_waypoints_completed": 9, "tot_waypoints": 9}}
{"target": -1965.2040352320478, "params": {"k_pid_pos": [1.4164186877546903, 0.024859491386256316, 0.44963268842268056], "k_pid_alt": [1.4458679973838424, 0.0, 0.46972286414476394], "k_pid_att": [43.948176657889235, 1.6495257412180862, 0.34464953207076743], "k_pid_yaw": [0.5, 1e-06, 0.1], "k_pid_hsp": [0.09847755819799779, 0.011264223901387349, 0.7654625011543671], "k_pid_vsp": [376.5747392387296, 93.09285943774285, 10.0]}, "datetime": {"datetime": "2025-08-13 16:52:25", "elapsed": 25473.12374329567, "delta": 31.666972160339355}, "costs": {"total_cost": 1965.2040352320478, "time_cost": 150, "final_distance_cost": 65.7149078312482, "oscillation_cost": 828.9780633148475, "completition_cost": 777.7777777777778, "overshoot_cost": 78.77278129255369, "power_cost": 33.747260083007816, "noise_cost": 30.213244932612668, "n_waypoints_completed": 2, "tot_waypoints": 9}}
{"target": -191.8485166162049, "params": {"k_pid_pos": [1.8249217336243428, 0.024859491386256316, 0.8519347702918288], "k_pid_alt": [1.4458679973838424, 0.0, 0.5609487008588433], "k_pid_att": [43.948176657889235, 0.18205753750414305, 0.9125065750547853], "k_pid_yaw": [0.5, 1e-06, 0.1], "k_pid_hsp": [0.09847755819799779, 0.011264223901387349, 0.0], "k_pid_vsp": [376.5747392387296, 93.09285943774285, 10.0]}, "datetime": {"datetime": "2025-08-13 16:52:45", "elapsed": 25493.335021734238, "delta": 20.211278438568115}, "costs": {"total_cost": 191.8485166162049, "time_cost": 71.001, "final_distance_cost": 1.8101454181692016, "oscillation_cost": 28.4544217257855, "completition_cost": 0.0, "overshoot_cost": 51.512858294844754, "power_cost": 19.643028674316408, "noise_cost": 19.427062503089026, "n_waypoints_completed": 9, "tot_waypoints": 9}}
{"target": -208.27818222522782, "params": {"k_pid_pos": [1.733835489643198, 0.697934074851641, 0.8519347702918288], "k_pid_alt": [1.7286757789009397, 0.0, 0.5100217929712108], "k_pid_att": [43.948176657889235, 0.18205753750414305, 0.34464953207076743], "k_pid_yaw": [0.5, 1e-06, 0.1], "k_pid_hsp": [0.09847755819799779, 0.011264223901387349, 0.0], "k_pid_vsp": [277.2708477836043, 197.31441805153213, 10.0]}, "datetime": {"datetime": "2025-08-13 16:53:06", "elapsed": 25514.46071434021, "delta": 21.12569260597229}, "costs": {"total_cost": 208.27818222522782, "time_cost": 79.387, "final_distance_cost": 1.798095650591248, "oscillation_cost": 31.738563388128856, "completition_cost": 0.0, "overshoot_cost": 52.847974419210175, "power_cost": 21.604503527832033, "noise_cost": 20.902045239465508, "n_waypoints_completed": 9, "tot_waypoints": 9}}
{"target": -923.4954049087594, "params": {"k_pid_pos": [1.4340672435785011, 0.024859491386256316, 0.8519347702918288], "k_pid_alt": [1.4458679973838424, 0.16989289907805827, 0.3146878632891922], "k_pid_att": [43.948176657889235, 2.7854752863535532, 0.9125065750547853], "k_pid_yaw": [0.5, 1e-06, 0.1], "k_pid_hsp": [0.09847755819799779, 0.790428919704766, 0.0], "k_pid_vsp": [277.2708477836043, 93.09285943774285, 10.0]}, "datetime": {"datetime": "2025-08-13 16:53:38", "elapsed": 25546.13118982315, "delta": 31.670475482940674}, "costs": {"total_cost": 923.4954049087594, "time_cost": 150, "final_distance_cost": 45.050902546483094, "oscillation_cost": 139.83013005081165, "completition_cost": 444.4444444444444, "overshoot_cost": 67.64988587217819, "power_cost": 40.661227917480474, "noise_cost": 35.85881407736164, "n_waypoints_completed": 5, "tot_waypoints": 9}}
{"target": -1123.2910423207902, "params": {"k_pid_pos": [1.4164186877546903, 0.024859491386256316, 0.44963268842268056], "k_pid_alt": [1.4458679973838424, 0.0, 0.46972286414476394], "k_pid_att": [43.948176657889235, 0.18205753750414305, 0.9198411261756897], "k_pid_yaw": [0.5, 1e-06, 0.1], "k_pid_hsp": [0.09847755819799779, 0.8689889919788425, 0.0], "k_pid_vsp": [277.2708477836043, 197.31441805153213, 10.0]}, "datetime": {"datetime": "2025-08-13 16:54:16", "elapsed": 25584.273279190063, "delta": 38.14208936691284}, "costs": {"total_cost": 1123.2910423207902, "time_cost": 150, "final_distance_cost": 50.331632298819045, "oscillation_cost": 116.367614160367, "completition_cost": 666.6666666666667, "overshoot_cost": 66.67622557685846, "power_cost": 37.70418198242188, "noise_cost": 35.54472163565686, "n_waypoints_completed": 3, "tot_waypoints": 9}}
{"target": -1761.6512403888075, "params": {"k_pid_pos": [1.4340672435785011, 0.5036219658208284, 0.8519347702918288], "k_pid_alt": [0.8744704392108862, 0.0, 0.6600607021214705], "k_pid_att": [39.447728079683905, 7.854188694186073, 0.6559199499296157], "k_pid_yaw": [0.5, 1e-06, 0.1], "k_pid_hsp": [0.09847755819799779, 0.011264223901387349, 0.9639147656713813], "k_pid_vsp": [277.2708477836043, 93.09285943774285, 10.0]}, "datetime": {"datetime": "2025-08-13 16:54:50", "elapsed": 25618.32391500473, "delta": 34.05063581466675}, "costs": {"total_cost": 1761.6512403888075, "time_cost": 150, "final_distance_cost": 89.7021164444549, "oscillation_cost": 676.493193212293, "completition_cost": 666.6666666666667, "overshoot_cost": 100.97988836497798, "power_cost": 45.214410791015624, "noise_cost": 32.59496490939923, "n_waypoints_completed": 3, "tot_waypoints": 9}}
{"target": -189.40474714241628, "params": {"k_pid_pos": [1.4340672435785011, 0.024859491386256316, 0.8519347702918288], "k_pid_alt": [1.4458679973838424, 0.0, 0.6600607021214705], "k_pid_att": [39.447728079683905, 9.361900037196328, 0.6559199499296157], "k_pid_yaw": [0.5, 1e-06, 0.1], "k_pid_hsp": [0.09847755819799779, 0.011264223901387349, 0.0], "k_pid_vsp": [277.2708477836043, 93.09285943774285, 10.0]}, "datetime": {"datetime": "2025-08-13 16:55:08", "elapsed": 25636.99805498123, "delta": 18.674139976501465}, "costs": {"total_cost": 189.40474714241628, "time_cost": 71.70100000000001, "final_distance_cost": 1.8440431473141186, "oscillation_cost": 27.423447653104702, "completition_cost": 0.0, "overshoot_cost": 51.25766514135847, "power_cost": 18.56137166748047, "noise_cost": 18.617219533158497, "n_waypoints_completed": 9, "tot_waypoints": 9}}
{"target": -312.78355319119134, "params": {"k_pid_pos": [1.3900759998601437, 0.024859491386256316, 0.028311350137035673], "k_pid_alt": [1.4458679973838424, 0.0, 0.3146878632891922], "k_pid_att": [43.948176657889235, 6.288329032858508, 0.34464953207076743], "k_pid_yaw": [0.5, 1e-06, 0.1], "k_pid_hsp": [9.890472764092106, 0.011264223901387349, 0.0], "k_pid_vsp": [376.5747392387296, 93.09285943774285, 10.0]}, "datetime": {"datetime": "2025-08-13 16:55:26", "elapsed": 25654.910826683044, "delta": 17.912771701812744}, "costs": {"total_cost": 312.78355319119134, "time_cost": 69.377, "final_distance_cost": 1.808916998129408, "oscillation_cost": 150.82591518206303, "completition_cost": 0.0, "overshoot_cost": 50.84598350803562, "power_cost": 20.30408181152344, "noise_cost": 19.62165569143994, "n_waypoints_completed": 9, "tot_waypoints": 9}}
{"target": -186.82245825033274, "params": {"k_pid_pos": [1.733835489643198, 0.024859491386256316, 0.8519347702918288], "k_pid_alt": [1.4458679973838424, 0.0, 0.3146878632891922], "k_pid_att": [43.948176657889235, 0.18205753750414305, 0.34464953207076743], "k_pid_yaw": [0.5, 1e-06, 0.1], "k_pid_hsp": [0.09847755819799779, 0.011264223901387349, 0.0], "k_pid_vsp": [376.5747392387296, 93.09285943774285, 10.0]}, "datetime": {"datetime": "2025-08-13 16:55:47", "elapsed": 25675.31505727768, "delta": 20.40423059463501}, "costs": {"total_cost": 186.82245825033274, "time_cost": 70.455, "final_distance_cost": 1.8211617485858609, "oscillation_cost": 28.301528494135425, "completition_cost": 0.0, "overshoot_cost": 51.4246195141135, "power_cost": 16.987590075683595, "noise_cost": 17.832558417814376, "n_waypoints_completed": 9, "tot_waypoints": 9}}
{"target": -197.92718983625858, "params": {"k_pid_pos": [1.4340672435785011, 0.024859491386256316, 0.8519347702918288], "k_pid_alt": [1.4458679973838424, 0.5825635189933015, 0.3146878632891922], "k_pid_att": [43.948176657889235, 0.18205753750414305, 0.9125065750547853], "k_pid_yaw": [0.5, 1e-06, 0.1], "k_pid_hsp": [0.09847755819799779, 0.011264223901387349, 0.0], "k_pid_vsp": [263.1854405112298, 93.09285943774285, 10.0]}, "datetime": {"datetime": "2025-08-13 16:56:07", "elapsed": 25695.631298303604, "delta": 20.316241025924683}, "costs": {"total_cost": 197.92718983625858, "time_cost": 75.866, "final_distance_cost": 1.7878691015247792, "oscillation_cost": 27.355886150379735, "completition_cost": 0.0, "overshoot_cost": 52.434958903997014, "power_cost": 20.653501635742188, "noise_cost": 19.82897404461485, "n_waypoints_completed": 9, "tot_waypoints": 9}}
{"target": -186.98057747360073, "params": {"k_pid_pos": [1.733835489643198, 0.024859491386256316, 0.8519347702918288], "k_pid_alt": [1.4458679973838424, 0.0, 0.3146878632891922], "k_pid_att": [43.948176657889235, 0.18205753750414305, 0.9125065750547853], "k_pid_yaw": [0.5, 1e-06, 0.1], "k_pid_hsp": [0.09847755819799779, 0.011264223901387349, 0.0], "k_pid_vsp": [243.1792825771628, 93.09285943774285, 10.0]}, "datetime": {"datetime": "2025-08-13 16:56:24", "elapsed": 25712.92111158371, "delta": 17.28981328010559}, "costs": {"total_cost": 186.98057747360073, "time_cost": 69.965, "final_distance_cost": 1.8266238265061483, "oscillation_cost": 28.296046447881782, "completition_cost": 0.0, "overshoot_cost": 50.72279097210219, "power_cost": 18.08830416259766, "noise_cost": 18.081812064512945, "n_waypoints_completed": 9, "tot_waypoints": 9}}
