{"target": -552.6450774629903, "params": {"k_pid_pos": [1.4340672435785011, 0.024859491386256316, 0.13666630474832364], "k_pid_alt": [1.4458679973838424, 0.0, 0.18554982971348166], "k_pid_att": [43.948176657889235, 3.8677381495188174, 0.34464953207076743], "k_pid_yaw": [0.5, 1e-06, 0.1], "k_pid_hsp": [0.09847755819799779, 0.3530148293123191, 0.0], "k_pid_vsp": [277.2708477836043, 93.09285943774285, 10.0]}, "datetime": {"datetime": "2025-08-13 14:43:44", "elapsed": 17752.42457962036, "delta": 29.96017861366272}, "costs": {"total_cost": 552.6450774629903, "time_cost": 150, "final_distance_cost": 18.522185157005435, "oscillation_cost": 118.97006226882343, "completition_cost": 111.11111111111116, "overshoot_cost": 74.07223720370766, "power_cost": 42.61076080322266, "noise_cost": 37.358720919120024, "n_waypoints_completed": 8, "tot_waypoints": 9}}
{"target": -199.78713320903665, "params": {"k_pid_pos": [1.2086464285119558, 0.7442837605818863, 0.8627444740141443], "k_pid_alt": [1.4458679973838424, 0.0, 0.3146878632891922], "k_pid_att": [43.948176657889235, 3.8677381495188174, 0.34464953207076743], "k_pid_yaw": [0.5, 1e-06, 0.1], "k_pid_hsp": [0.09847755819799779, 0.011264223901387349, 0.0], "k_pid_vsp": [277.2708477836043, 93.09285943774285, 10.0]}, "datetime": {"datetime": "2025-08-13 14:44:04", "elapsed": 17772.487493515015, "delta": 20.06291389465332}, "costs": {"total_cost": 199.78713320903665, "time_cost": 80.276, "final_distance_cost": 1.7585299843513138, "oscillation_cost": 29.923427917405615, "completition_cost": 0.0, "overshoot_cost": 52.120881553087095, "power_cost": 15.850211865234376, "noise_cost": 19.858081888958267, "n_waypoints_completed": 9, "tot_waypoints": 9}}
{"target": -1450.7369051571463, "params": {"k_pid_pos": [1.4999912498542303, 0.024859491386256316, 0.44963268842268056], "k_pid_alt": [1.4458679973838424, 0.0, 0.13294310327404035], "k_pid_att": [22.74399667939332, 3.8677381495188174, 0.837110513405392], "k_pid_yaw": [0.5, 1e-06, 0.1], "k_pid_hsp": [0.09847755819799779, 0.011264223901387349, 0.0], "k_pid_vsp": [17.18305095025783, 93.09285943774285, 276.9823285274865]}, "datetime": {"datetime": "2025-08-13 14:44:36", "elapsed": 17804.699995040894, "delta": 32.212501525878906}, "costs": {"total_cost": 1450.7369051571463, "time_cost": 150, "final_distance_cost": 1.0007062134547853, "oscillation_cost": 4.8639396606911625, "completition_cost": 1000.0, "overshoot_cost": 160.7104203707681, "power_cost": 29.282749633789063, "noise_cost": 104.87908927844309, "n_waypoints_completed": 0, "tot_waypoints": 9}}
{"target": -184.59484895039913, "params": {"k_pid_pos": [1.4340672435785011, 0.024859491386256316, 0.8519347702918288], "k_pid_alt": [1.4458679973838424, 0.0, 0.3146878632891922], "k_pid_att": [43.948176657889235, 3.8677381495188174, 0.8299786351622237], "k_pid_yaw": [0.5, 1e-06, 0.1], "k_pid_hsp": [0.09847755819799779, 0.011264223901387349, 0.0], "k_pid_vsp": [194.7624155113164, 87.58200976551859, 10.0]}, "datetime": {"datetime": "2025-08-13 14:44:54", "elapsed": 17822.929302692413, "delta": 18.229307651519775}, "costs": {"total_cost": 184.59484895039913, "time_cost": 70.616, "final_distance_cost": 1.827849795733084, "oscillation_cost": 27.215585623287968, "completition_cost": 0.0, "overshoot_cost": 50.83795415213268, "power_cost": 15.876281213378906, "noise_cost": 18.221178165866476, "n_waypoints_completed": 9, "tot_waypoints": 9}}
{"target": -530.5847316187615, "params": {"k_pid_pos": [1.4340672435785011, 0.024859491386256316, 0.8519347702918288], "k_pid_alt": [1.4458679973838424, 0.0, 0.3146878632891922], "k_pid_att": [43.948176657889235, 3.8677381495188174, 0.42536208023514144], "k_pid_yaw": [0.5, 1e-06, 0.1], "k_pid_hsp": [0.09847755819799779, 0.41837868969596215, 0.14665332097079997], "k_pid_vsp": [194.7624155113164, 93.09285943774285, 10.0]}, "datetime": {"datetime": "2025-08-13 14:45:21", "elapsed": 17849.543337345123, "delta": 26.61403465270996}, "costs": {"total_cost": 530.5847316187615, "time_cost": 106.911, "final_distance_cost": 1.685949500916412, "oscillation_cost": 291.26815295132195, "completition_cost": 0.0, "overshoot_cost": 65.85814200165885, "power_cost": 31.770885278320314, "noise_cost": 33.090601886543986, "n_waypoints_completed": 9, "tot_waypoints": 9}}
{"target": -189.47916540588471, "params": {"k_pid_pos": [1.4340672435785011, 0.024859491386256316, 0.8519347702918288], "k_pid_alt": [0.8815334174028542, 0.0, 0.5500846473514374], "k_pid_att": [58.45879911684221, 3.8677381495188174, 0.34464953207076743], "k_pid_yaw": [0.5, 1e-06, 0.1], "k_pid_hsp": [0.09847755819799779, 0.011264223901387349, 0.0], "k_pid_vsp": [277.2708477836043, 93.09285943774285, 10.0]}, "datetime": {"datetime": "2025-08-13 14:45:40", "elapsed": 17868.371416807175, "delta": 18.82807946205139}, "costs": {"total_cost": 189.47916540588471, "time_cost": 74.96300000000001, "final_distance_cost": 1.8434574630288427, "oscillation_cost": 28.075781736076056, "completition_cost": 0.0, "overshoot_cost": 51.02408619936655, "power_cost": 14.529677221679687, "noise_cost": 19.043162785733593, "n_waypoints_completed": 9, "tot_waypoints": 9}}
{"target": -188.2758661007909, "params": {"k_pid_pos": [1.4340672435785011, 0.024859491386256316, 0.44963268842268056], "k_pid_alt": [1.4458679973838424, 0.0, 0.13294310327404035], "k_pid_att": [39.447728079683905, 3.8677381495188174, 0.8257697299075593], "k_pid_yaw": [0.5, 1e-06, 0.1], "k_pid_hsp": [0.09847755819799779, 0.011264223901387349, 0.0], "k_pid_vsp": [194.7624155113164, 156.73508457218338, 10.0]}, "datetime": {"datetime": "2025-08-13 14:45:58", "elapsed": 17886.333741664886, "delta": 17.962324857711792}, "costs": {"total_cost": 188.2758661007909, "time_cost": 69.65, "final_distance_cost": 1.8141005565034873, "oscillation_cost": 28.924829634681533, "completition_cost": 0.0, "overshoot_cost": 51.10795604536955, "power_cost": 18.26537655029297, "noise_cost": 18.513603313943346, "n_waypoints_completed": 9, "tot_waypoints": 9}}
{"target": -190.20197535775944, "params": {"k_pid_pos": [1.4999912498542303, 0.024859491386256316, 0.8519347702918288], "k_pid_alt": [1.4458679973838424, 0.0, 0.3146878632891922], "k_pid_att": [43.948176657889235, 3.8677381495188174, 0.837110513405392], "k_pid_yaw": [0.5, 1e-06, 0.1], "k_pid_hsp": [0.09847755819799779, 0.011264223901387349, 0.0], "k_pid_vsp": [17.18305095025783, 156.73508457218338, 10.0]}, "datetime": {"datetime": "2025-08-13 14:46:15", "elapsed": 17903.322836637497, "delta": 16.989094972610474}, "costs": {"total_cost": 190.20197535775944, "time_cost": 69.993, "final_distance_cost": 1.8258935461998995, "oscillation_cost": 28.976438964465387, "completition_cost": 0.0, "overshoot_cost": 50.48990344310359, "power_cost": 19.739813049316407, "noise_cost": 19.17692635467415, "n_waypoints_completed": 9, "tot_waypoints": 9}}
{"target": -185.73449037710566, "params": {"k_pid_pos": [1.6392966458666147, 0.024859491386256316, 0.44963268842268056], "k_pid_alt": [1.4458679973838424, 0.0, 0.13294310327404035], "k_pid_att": [39.447728079683905, 3.8677381495188174, 0.8257697299075593], "k_pid_yaw": [0.5, 1e-06, 0.1], "k_pid_hsp": [0.09847755819799779, 0.011264223901387349, 0.0], "k_pid_vsp": [277.1601620463752, 87.58200976551859, 10.0]}, "datetime": {"datetime": "2025-08-13 14:46:33", "elapsed": 17921.09898662567, "delta": 17.77614998817444}, "costs": {"total_cost": 185.73449037710566, "time_cost": 69.762, "final_distance_cost": 1.7786298742412687, "oscillation_cost": 30.013297439744033, "completition_cost": 0.0, "overshoot_cost": 50.92149263246407, "power_cost": 15.148048547363281, "noise_cost": 18.111021883292985, "n_waypoints_completed": 9, "tot_waypoints": 9}}
{"target": -1381.995588906946, "params": {"k_pid_pos": [1.7730571360946685, 0.024859491386256316, 0.721054368766489], "k_pid_alt": [1.4458679973838424, 0.0, 0.13294310327404035], "k_pid_att": [39.447728079683905, 3.8677381495188174, 0.8792759721912583], "k_pid_yaw": [0.5, 1e-06, 0.1], "k_pid_hsp": [0.09847755819799779, 0.011264223901387349, 0.0], "k_pid_vsp": [194.7624155113164, 112.4300106550774, 315.3630491989415]}, "datetime": {"datetime": "2025-08-13 14:47:02", "elapsed": 17950.817608833313, "delta": 29.7186222076416}, "costs": {"total_cost": 1381.995588906946, "time_cost": 150, "final_distance_cost": 210.07307008902234, "oscillation_cost": 23.982257369964888, "completition_cost": 666.6666666666667, "overshoot_cost": 285.86897000710246, "power_cost": 19.962053906250002, "noise_cost": 25.442570867939594, "n_waypoints_completed": 3, "tot_waypoints": 9}}
{"target": -217.2964280167941, "params": {"k_pid_pos": [1.4340672435785011, 0.024859491386256316, 0.7496457643859228], "k_pid_alt": [0.44592666897249256, 0.8981483716198154, 0.4927421650152318], "k_pid_att": [43.948176657889235, 3.8677381495188174, 0.837110513405392], "k_pid_yaw": [0.5, 1e-06, 0.1], "k_pid_hsp": [0.09847755819799779, 0.011264223901387349, 0.0], "k_pid_vsp": [17.18305095025783, 93.09285943774285, 10.0]}, "datetime": {"datetime": "2025-08-13 14:47:24", "elapsed": 17972.381890058517, "delta": 21.564281225204468}, "costs": {"total_cost": 217.2964280167941, "time_cost": 88.487, "final_distance_cost": 1.789328849786064, "oscillation_cost": 31.024179261869172, "completition_cost": 0.0, "overshoot_cost": 58.10355303609361, "power_cost": 15.709986413574219, "noise_cost": 22.182380455471034, "n_waypoints_completed": 9, "tot_waypoints": 9}}
{"target": -1139.3187398628918, "params": {"k_pid_pos": [1.4340672435785011, 0.024859491386256316, 0.08170724544014563], "k_pid_alt": [0.04883097269605363, 0.0, 0.3146878632891922], "k_pid_att": [43.948176657889235, 3.8677381495188174, 0.837110513405392], "k_pid_yaw": [0.5, 1e-06, 0.1], "k_pid_hsp": [3.022941925987454, 0.011264223901387349, 0.0], "k_pid_vsp": [17.18305095025783, 93.09285943774285, 10.0]}, "datetime": {"datetime": "2025-08-13 14:47:53", "elapsed": 18001.25158905983, "delta": 28.869699001312256}, "costs": {"total_cost": 1139.3187398628918, "time_cost": 150, "final_distance_cost": 83.65673398159804, "oscillation_cost": 14.074117981459057, "completition_cost": 777.7777777777778, "overshoot_cost": 48.084452439530715, "power_cost": 33.80774381103516, "noise_cost": 31.917913871491045, "n_waypoints_completed": 2, "tot_waypoints": 9}}
{"target": -241.67210718002576, "params": {"k_pid_pos": [0.3405759437876029, 0.024859491386256316, 0.44963268842268056], "k_pid_alt": [1.9760452627536838, 0.0, 0.13294310327404035], "k_pid_att": [39.447728079683905, 3.8677381495188174, 0.8792759721912583], "k_pid_yaw": [0.5, 1e-06, 0.1], "k_pid_hsp": [0.09847755819799779, 0.011264223901387349, 0.0], "k_pid_vsp": [17.18305095025783, 343.92571266746677, 10.0]}, "datetime": {"datetime": "2025-08-13 14:48:19", "elapsed": 18027.361272096634, "delta": 26.1096830368042}, "costs": {"total_cost": 241.67210718002576, "time_cost": 107.268, "final_distance_cost": 1.859418049068813, "oscillation_cost": 21.949028728930436, "completition_cost": 0.0, "overshoot_cost": 56.31476599233697, "power_cost": 24.945789099121097, "noise_cost": 29.335105310568455, "n_waypoints_completed": 9, "tot_waypoints": 9}}
{"target": -1733.7489329425885, "params": {"k_pid_pos": [1.4340672435785011, 0.024859491386256316, 0.8519347702918288], "k_pid_alt": [1.4458679973838424, 0.0, 0.3146878632891922], "k_pid_att": [43.948176657889235, 3.8677381495188174, 0.837110513405392], "k_pid_yaw": [0.5, 1e-06, 0.1], "k_pid_hsp": [0.09847755819799779, 0.011264223901387349, 0.8609196124543255], "k_pid_vsp": [359.39345429819065, 87.58200976551859, 289.4444314016105]}, "datetime": {"datetime": "2025-08-13 14:48:48", "elapsed": 18056.741076231003, "delta": 29.379804134368896}, "costs": {"total_cost": 1733.7489329425885, "time_cost": 150, "final_distance_cost": 61.09769763863232, "oscillation_cost": 583.1886110664325, "completition_cost": 777.7777777777778, "overshoot_cost": 108.28576290162215, "power_cost": 26.93898193359375, "noise_cost": 26.460101624529937, "n_waypoints_completed": 2, "tot_waypoints": 9}}
{"target": -191.1527454795795, "params": {"k_pid_pos": [1.4546045708064101, 0.024859491386256316, 0.44963268842268056], "k_pid_alt": [1.4458679973838424, 0.0, 0.13294310327404035], "k_pid_att": [39.447728079683905, 3.9650988168623, 0.4278731612336244], "k_pid_yaw": [0.5, 1e-06, 0.1], "k_pid_hsp": [0.09847755819799779, 0.011264223901387349, 0.0], "k_pid_vsp": [194.7624155113164, 156.73508457218338, 10.0]}, "datetime": {"datetime": "2025-08-13 14:49:05", "elapsed": 18073.84539461136, "delta": 17.104318380355835}, "costs": {"total_cost": 191.1527454795795, "time_cost": 70.077, "final_distance_cost": 1.8129146900439959, "oscillation_cost": 28.730198051721334, "completition_cost": 0.0, "overshoot_cost": 51.40357085255695, "power_cost": 19.70484010009766, "noise_cost": 19.42422178515953, "n_waypoints_completed": 9, "tot_waypoints": 9}}
{"target": -186.93480322877187, "params": {"k_pid_pos": [1.4340672435785011, 0.024859491386256316, 0.44963268842268056], "k_pid_alt": [1.296896341175293, 0.0, 0.16072894317769304], "k_pid_att": [58.45879911684221, 3.8677381495188174, 0.1845336041603497], "k_pid_yaw": [0.5, 1e-06, 0.1], "k_pid_hsp": [0.09847755819799779, 0.011264223901387349, 0.0], "k_pid_vsp": [17.18305095025783, 93.09285943774285, 10.0]}, "datetime": {"datetime": "2025-08-13 14:49:22", "elapsed": 18090.77607703209, "delta": 16.93068242073059}, "costs": {"total_cost": 186.93480322877187, "time_cost": 69.699, "final_distance_cost": 1.8282496431480688, "oscillation_cost": 31.058411219431214, "completition_cost": 0.0, "overshoot_cost": 50.83766682256743, "power_cost": 15.256737268066408, "noise_cost": 18.254738275558733, "n_waypoints_completed": 9, "tot_waypoints": 9}}
{"target": -203.67763908642434, "params": {"k_pid_pos": [1.0031316701085804, 0.024859491386256316, 0.44963268842268056], "k_pid_alt": [1.4458679973838424, 0.0, 0.3146878632891922], "k_pid_att": [33.41589308538913, 3.8677381495188174, 0.837110513405392], "k_pid_yaw": [0.5, 1e-06, 0.1], "k_pid_hsp": [3.022941925987454, 0.011264223901387349, 0.0], "k_pid_vsp": [17.18305095025783, 93.09285943774285, 10.0]}, "datetime": {"datetime": "2025-08-13 14:49:41", "elapsed": 18109.14009976387, "delta": 18.364022731781006}, "costs": {"total_cost": 203.67763908642434, "time_cost": 74.886, "final_distance_cost": 1.8530280261418857, "oscillation_cost": 34.90746505709496, "completition_cost": 0.0, "overshoot_cost": 51.172580374842404, "power_cost": 19.54955251464844, "noise_cost": 21.309013113696658, "n_waypoints_completed": 9, "tot_waypoints": 9}}
{"target": -194.51875701894252, "params": {"k_pid_pos": [1.4340672435785011, 0.024859491386256316, 0.8519347702918288], "k_pid_alt": [1.4458679973838424, 0.0, 0.3146878632891922], "k_pid_att": [43.948176657889235, 3.8677381495188174, 0.34464953207076743], "k_pid_yaw": [0.5, 1e-06, 0.1], "k_pid_hsp": [0.09847755819799779, 0.011264223901387349, 0.0], "k_pid_vsp": [277.2708477836043, 93.09285943774285, 10.0]}, "datetime": {"datetime": "2025-08-13 14:49:58", "elapsed": 18126.536502599716, "delta": 17.396402835845947}, "costs": {"total_cost": 194.51875701894252, "time_cost": 71.365, "final_distance_cost": 1.8267569768441503, "oscillation_cost": 26.58294890321115, "completition_cost": 0.0, "overshoot_cost": 51.52439322138178, "power_cost": 21.843467822265627, "noise_cost": 21.376190095239814, "n_waypoints_completed": 9, "tot_waypoints": 9}}
{"target": -183.19341182499846, "params": {"k_pid_pos": [1.4340672435785011, 0.024859491386256316, 0.8519347702918288], "k_pid_alt": [1.4458679973838424, 0.0, 0.3146878632891922], "k_pid_att": [43.948176657889235, 5.200466839336723, 0.8792759721912583], "k_pid_yaw": [0.5, 1e-06, 0.1], "k_pid_hsp": [0.09847755819799779, 0.011264223901387349, 0.0], "k_pid_vsp": [194.7624155113164, 87.58200976551859, 10.0]}, "datetime": {"datetime": "2025-08-13 14:50:15", "elapsed": 18143.972853422165, "delta": 17.43635082244873}, "costs": {"total_cost": 183.19341182499846, "time_cost": 70.532, "final_distance_cost": 1.8297340941192082, "oscillation_cost": 27.20986651038032, "completition_cost": 0.0, "overshoot_cost": 50.84268402120386, "power_cost": 14.139601049804687, "noise_cost": 18.639526149490408, "n_waypoints_completed": 9, "tot_waypoints": 9}}
{"target": -190.4768780976203, "params": {"k_pid_pos": [1.4340672435785011, 0.024859491386256316, 0.8519347702918288], "k_pid_alt": [1.4458679973838424, 0.0, 0.3146878632891922], "k_pid_att": [43.948176657889235, 3.8677381495188174, 0.837110513405392], "k_pid_yaw": [0.5, 1e-06, 0.1], "k_pid_hsp": [0.09847755819799779, 0.011264223901387349, 0.0], "k_pid_vsp": [17.18305095025783, 93.09285943774285, 10.0]}, "datetime": {"datetime": "2025-08-13 14:50:33", "elapsed": 18161.25625038147, "delta": 17.28339695930481}, "costs": {"total_cost": 190.4768780976203, "time_cost": 70.651, "final_distance_cost": 1.8428194371252324, "oscillation_cost": 28.112435260664483, "completition_cost": 0.0, "overshoot_cost": 50.97406850953142, "power_cost": 19.421096948242187, "noise_cost": 19.475457942056977, "n_waypoints_completed": 9, "tot_waypoints": 9}}
{"target": -694.6218712207627, "params": {"k_pid_pos": [1.0031316701085804, 0.024859491386256316, 0.44963268842268056], "k_pid_alt": [1.4458679973838424, 0.0, 0.5500846473514374], "k_pid_att": [58.45879911684221, 3.8677381495188174, 0.34464953207076743], "k_pid_yaw": [0.5, 1e-06, 0.1], "k_pid_hsp": [0.09847755819799779, 0.8488329397889457, 0.0], "k_pid_vsp": [277.2708477836043, 93.09285943774285, 10.0]}, "datetime": {"datetime": "2025-08-13 14:51:02", "elapsed": 18190.55532503128, "delta": 29.29907464981079}, "costs": {"total_cost": 694.6218712207627, "time_cost": 150, "final_distance_cost": 70.20135960809739, "oscillation_cost": 131.77650625244837, "completition_cost": 222.2222222222222, "overshoot_cost": 61.5696012830249, "power_cost": 25.548249963378908, "noise_cost": 33.303931891591034, "n_waypoints_completed": 7, "tot_waypoints": 9}}
{"target": -249.0725431806707, "params": {"k_pid_pos": [1.4340672435785011, 0.024859491386256316, 0.8519347702918288], "k_pid_alt": [0.00748485669809007, 0.5227355787719067, 0.3146878632891922], "k_pid_att": [33.41589308538913, 3.8677381495188174, 0.837110513405392], "k_pid_yaw": [0.5, 1e-06, 0.1], "k_pid_hsp": [3.022941925987454, 0.011264223901387349, 0.0], "k_pid_vsp": [17.18305095025783, 93.09285943774285, 10.0]}, "datetime": {"datetime": "2025-08-13 14:51:24", "elapsed": 18212.940997362137, "delta": 22.385672330856323}, "costs": {"total_cost": 249.0725431806707, "time_cost": 91.399, "final_distance_cost": 1.8186883829840867, "oscillation_cost": 42.222385422480286, "completition_cost": 0.0, "overshoot_cost": 63.99626139518307, "power_cost": 25.13080474853516, "noise_cost": 24.505403231488085, "n_waypoints_completed": 9, "tot_waypoints": 9}}
{"target": -1331.3966356066555, "params": {"k_pid_pos": [1.4340672435785011, 0.024859491386256316, 0.44963268842268056], "k_pid_alt": [1.296896341175293, 0.0, 0.16072894317769304], "k_pid_att": [58.45879911684221, 3.8677381495188174, 0.8257697299075593], "k_pid_yaw": [0.5, 1e-06, 0.1], "k_pid_hsp": [0.09847755819799779, 0.011264223901387349, 0.0], "k_pid_vsp": [194.7624155113164, 156.73508457218338, 162.04732428172272]}, "datetime": {"datetime": "2025-08-13 14:51:53", "elapsed": 18241.80633544922, "delta": 28.86533808708191}, "costs": {"total_cost": 1331.3966356066555, "time_cost": 150, "final_distance_cost": 42.82443320080489, "oscillation_cost": 4.426905399301279, "completition_cost": 1000.0, "overshoot_cost": 71.30567527216633, "power_cost": 34.76944700927734, "noise_cost": 28.07017472510549, "n_waypoints_completed": 0, "tot_waypoints": 9}}
{"target": -182.92360604812242, "params": {"k_pid_pos": [1.4999912498542303, 0.024859491386256316, 0.44963268842268056], "k_pid_alt": [1.4458679973838424, 0.0, 0.13294310327404035], "k_pid_att": [39.447728079683905, 3.8677381495188174, 0.1845336041603497], "k_pid_yaw": [0.5, 1e-06, 0.1], "k_pid_hsp": [0.09847755819799779, 0.011264223901387349, 0.0], "k_pid_vsp": [17.18305095025783, 93.09285943774285, 10.0]}, "datetime": {"datetime": "2025-08-13 14:52:10", "elapsed": 18258.46724796295, "delta": 16.66091251373291}, "costs": {"total_cost": 182.92360604812242, "time_cost": 69.47500000000001, "final_distance_cost": 1.8021340609089347, "oscillation_cost": 31.35519067370799, "completition_cost": 0.0, "overshoot_cost": 50.80176081062911, "power_cost": 11.266817761230469, "noise_cost": 18.22270274164589, "n_waypoints_completed": 9, "tot_waypoints": 9}}
{"target": -181.23444280932716, "params": {"k_pid_pos": [1.4340672435785011, 0.024859491386256316, 0.44963268842268056], "k_pid_alt": [1.4458679973838424, 0.0, 0.13294310327404035], "k_pid_att": [39.447728079683905, 3.8677381495188174, 0.8257697299075593], "k_pid_yaw": [0.5, 1e-06, 0.1], "k_pid_hsp": [0.09847755819799779, 0.011264223901387349, 0.0], "k_pid_vsp": [86.28438231591274, 156.73508457218338, 10.0]}, "datetime": {"datetime": "2025-08-13 14:52:27", "elapsed": 18275.439319372177, "delta": 16.972071409225464}, "costs": {"total_cost": 181.23444280932716, "time_cost": 69.307, "final_distance_cost": 1.7996285340351985, "oscillation_cost": 29.50689936696201, "completition_cost": 0.0, "overshoot_cost": 50.42903961261623, "power_cost": 11.544302734375, "noise_cost": 18.6475725613387, "n_waypoints_completed": 9, "tot_waypoints": 9}}
