{"target": -357.0306278689051, "params": {"k_pid_pos": [1.8792899704868669, 0.038219275878738745, 0.2540515360115351], "k_pid_alt": [1.5786606064986153, 0.0, 0.472941922472217], "k_pid_att": [29.46763110571006, 7.600654384749983, 0.6036733391519807], "k_pid_yaw": [0.5, 1e-06, 0.1], "k_pid_hsp": [1.9715787190781768, 0.011264223901387349, 0.1746356563161473], "k_pid_vsp": [292.5473338247507, 59.083466427248936, 10.0]}, "datetime": {"datetime": "2025-08-13 20:14:50", "elapsed": 37618.319549798965, "delta": 19.496086597442627}, "costs": {"total_cost": 357.0306278689051, "time_cost": 69.202, "final_distance_cost": 1.8020030944834766, "oscillation_cost": 198.34206402532024, "completition_cost": 0.0, "overshoot_cost": 50.92521990896186, "power_cost": 17.952125634765626, "noise_cost": 18.80721520537391, "n_waypoints_completed": 9, "tot_waypoints": 9}}
{"target": -186.1537720994546, "params": {"k_pid_pos": [1.5164821318119608, 0.024859491386256316, 0.704167472379422], "k_pid_alt": [1.477768752937916, 0.00018965351824429266, 0.6600607021214705], "k_pid_att": [25.997073188089082, 2.6889016979653872, 0.08105699149151435], "k_pid_yaw": [0.5, 1e-06, 0.1], "k_pid_hsp": [0.09847755819799779, 0.011264223901387349, 0.0], "k_pid_vsp": [251.5004449007475, 59.083466427248936, 19.905301600864938]}, "datetime": {"datetime": "2025-08-13 20:15:08", "elapsed": 37637.048268556595, "delta": 18.728718757629395}, "costs": {"total_cost": 186.1537720994546, "time_cost": 70.812, "final_distance_cost": 1.8157510245353818, "oscillation_cost": 29.395344291716473, "completition_cost": 0.0, "overshoot_cost": 51.234411750786705, "power_cost": 16.668980126953127, "noise_cost": 16.227284905462948, "n_waypoints_completed": 9, "tot_waypoints": 9}}
{"target": -186.12577293943127, "params": {"k_pid_pos": [1.8811307174574419, 0.024859491386256316, 0.704167472379422], "k_pid_alt": [1.477768752937916, 0.00018965351824429266, 0.6600607021214705], "k_pid_att": [68.93098199109546, 2.6889016979653872, 0.6559199499296157], "k_pid_yaw": [0.5, 1e-06, 0.1], "k_pid_hsp": [0.09847755819799779, 0.011264223901387349, 0.0], "k_pid_vsp": [251.5004449007475, 59.083466427248936, 10.0]}, "datetime": {"datetime": "2025-08-13 20:15:26", "elapsed": 37654.197778463364, "delta": 17.1495099067688}, "costs": {"total_cost": 186.12577293943127, "time_cost": 70.938, "final_distance_cost": 1.8233010097570952, "oscillation_cost": 31.089091665483636, "completition_cost": 0.0, "overshoot_cost": 51.265786936835866, "power_cost": 12.724283532714844, "noise_cost": 18.28530979463984, "n_waypoints_completed": 9, "tot_waypoints": 9}}
{"target": -202.94073555379595, "params": {"k_pid_pos": [1.8034346552870686, 0.08087462101852438, 0.704167472379422], "k_pid_alt": [1.477768752937916, 0.34524295845856323, 0.6600607021214705], "k_pid_att": [32.194164172814396, 2.6889016979653872, 0.6559199499296157], "k_pid_yaw": [0.5, 1e-06, 0.1], "k_pid_hsp": [0.09847755819799779, 0.011264223901387349, 0.0], "k_pid_vsp": [251.5004449007475, 59.083466427248936, 10.0]}, "datetime": {"datetime": "2025-08-13 20:15:45", "elapsed": 37673.54363870621, "delta": 19.345860242843628}, "costs": {"total_cost": 202.94073555379595, "time_cost": 78.659, "final_distance_cost": 1.784069808161544, "oscillation_cost": 32.43962880499531, "completition_cost": 0.0, "overshoot_cost": 51.786860636908315, "power_cost": 19.123930212402346, "noise_cost": 19.147246091328437, "n_waypoints_completed": 9, "tot_waypoints": 9}}
{"target": -1293.0173404797115, "params": {"k_pid_pos": [1.8792899704868669, 0.024859491386256316, 0.704167472379422], "k_pid_alt": [0.9229830459671018, 0.00018965351824429266, 0.6600607021214705], "k_pid_att": [32.194164172814396, 2.6889016979653872, 0.6559199499296157], "k_pid_yaw": [0.5, 1e-06, 0.1], "k_pid_hsp": [0.09847755819799779, 0.011264223901387349, 0.0], "k_pid_vsp": [174.90950217371815, 59.083466427248936, 106.04500360064405]}, "datetime": {"datetime": "2025-08-13 20:16:14", "elapsed": 37702.92367172241, "delta": 29.380033016204834}, "costs": {"total_cost": 1293.0173404797115, "time_cost": 150, "final_distance_cost": 42.42189184239654, "oscillation_cost": 4.843915625678284, "completition_cost": 1000.0, "overshoot_cost": 32.197756380865556, "power_cost": 33.652373156738285, "noise_cost": 29.901403474032833, "n_waypoints_completed": 0, "tot_waypoints": 9}}
{"target": -1620.3812404001678, "params": {"k_pid_pos": [1.5538661872642425, 0.038219275878738745, 0.9752376885840038], "k_pid_alt": [1.5786606064986153, 0.0, 0.472941922472217], "k_pid_att": [29.46763110571006, 5.6580295118978245, 0.9623745068707039], "k_pid_yaw": [0.5, 1e-06, 0.1], "k_pid_hsp": [0.09847755819799779, 0.011264223901387349, 0.9183446933032423], "k_pid_vsp": [387.1470188825909, 59.083466427248936, 10.0]}, "datetime": {"datetime": "2025-08-13 20:16:44", "elapsed": 37732.18220281601, "delta": 29.258531093597412}, "costs": {"total_cost": 1620.3812404001678, "time_cost": 150, "final_distance_cost": 81.08476191836104, "oscillation_cost": 565.0788987282543, "completition_cost": 666.6666666666667, "overshoot_cost": 106.07336721481813, "power_cost": 24.031649450683595, "noise_cost": 27.445896421383992, "n_waypoints_completed": 3, "tot_waypoints": 9}}
{"target": -192.5191181184747, "params": {"k_pid_pos": [1.8034346552870686, 0.08087462101852438, 0.264408165061339], "k_pid_alt": [1.477768752937916, 0.00018965351824429266, 0.6600607021214705], "k_pid_att": [11.391637031113255, 2.6889016979653872, 0.6559199499296157], "k_pid_yaw": [0.5, 1e-06, 0.1], "k_pid_hsp": [0.09847755819799779, 0.011264223901387349, 0.0], "k_pid_vsp": [174.90950217371815, 59.083466427248936, 10.0]}, "datetime": {"datetime": "2025-08-13 20:17:01", "elapsed": 37749.12064194679, "delta": 16.93843913078308}, "costs": {"total_cost": 192.5191181184747, "time_cost": 71.414, "final_distance_cost": 1.768772610000991, "oscillation_cost": 32.56556747638182, "completition_cost": 0.0, "overshoot_cost": 50.843084993708636, "power_cost": 17.201949060058595, "noise_cost": 18.725743978324658, "n_waypoints_completed": 9, "tot_waypoints": 9}}
{"target": -192.7150395259697, "params": {"k_pid_pos": [1.8034346552870686, 0.08087462101852438, 0.4287384789656963], "k_pid_alt": [1.477768752937916, 0.00018965351824429266, 0.6600607021214705], "k_pid_att": [32.194164172814396, 2.6889016979653872, 0.6559199499296157], "k_pid_yaw": [0.5, 1e-06, 0.1], "k_pid_hsp": [0.09847755819799779, 0.011264223901387349, 0.0], "k_pid_vsp": [174.90950217371815, 308.9011782706842, 10.0]}, "datetime": {"datetime": "2025-08-13 20:17:18", "elapsed": 37766.52522301674, "delta": 17.40458106994629}, "costs": {"total_cost": 192.7150395259697, "time_cost": 71.20400000000001, "final_distance_cost": 1.7859578356244108, "oscillation_cost": 31.808273643073157, "completition_cost": 0.0, "overshoot_cost": 50.96472700791137, "power_cost": 18.32672275390625, "noise_cost": 18.62535828545451, "n_waypoints_completed": 9, "tot_waypoints": 9}}
{"target": -187.19644391003558, "params": {"k_pid_pos": [1.733835489643198, 0.024859491386256316, 0.6354931049670316], "k_pid_alt": [1.4458679973838424, 0.028806210149256217, 0.3146878632891922], "k_pid_att": [29.46763110571006, 5.6580295118978245, 0.9623745068707039], "k_pid_yaw": [0.5, 1e-06, 0.1], "k_pid_hsp": [0.09847755819799779, 0.011264223901387349, 0.0], "k_pid_vsp": [387.1470188825909, 59.083466427248936, 10.0]}, "datetime": {"datetime": "2025-08-13 20:17:34", "elapsed": 37782.86627674103, "delta": 16.34105372428894}, "costs": {"total_cost": 187.19644391003558, "time_cost": 70.301, "final_distance_cost": 1.8002159227388401, "oscillation_cost": 29.5520333151353, "completition_cost": 0.0, "overshoot_cost": 51.670798365565126, "power_cost": 16.040102954101563, "noise_cost": 17.832293352494734, "n_waypoints_completed": 9, "tot_waypoints": 9}}
{"target": -195.64231603699878, "params": {"k_pid_pos": [0.9943435690872942, 0.024859491386256316, 0.5451532445046304], "k_pid_alt": [1.4458679973838424, 0.0, 0.15791560522360282], "k_pid_att": [83.24205936752172, 1.3487538446628486, 0.6559199499296157], "k_pid_yaw": [0.5, 1e-06, 0.1], "k_pid_hsp": [0.09847755819799779, 0.041997352724737036, 0.0], "k_pid_vsp": [29.96849041048857, 59.083466427248936, 10.0]}, "datetime": {"datetime": "2025-08-13 20:17:53", "elapsed": 37801.13960647583, "delta": 18.273329734802246}, "costs": {"total_cost": 195.64231603699878, "time_cost": 74.123, "final_distance_cost": 1.8586800516893567, "oscillation_cost": 30.43821578673903, "completition_cost": 0.0, "overshoot_cost": 50.74634784713338, "power_cost": 18.298876867675784, "noise_cost": 20.177195483761245, "n_waypoints_completed": 9, "tot_waypoints": 9}}
{"target": -282.11255613894184, "params": {"k_pid_pos": [1.8792899704868669, 0.038219275878738745, 0.9752376885840038], "k_pid_alt": [1.4458679973838424, 0.0, 0.3146878632891922], "k_pid_att": [29.46763110571006, 5.67849514865483, 0.6559199499296157], "k_pid_yaw": [0.5, 1e-06, 0.1], "k_pid_hsp": [0.09847755819799779, 0.3095743154041969, 0.0], "k_pid_vsp": [33.09370770872002, 6.65134314787687, 10.0]}, "datetime": {"datetime": "2025-08-13 20:18:13", "elapsed": 37821.157619953156, "delta": 20.01801347732544}, "costs": {"total_cost": 282.11255613894184, "time_cost": 81.242, "final_distance_cost": 1.8382192058327715, "oscillation_cost": 96.38850077747988, "completition_cost": 0.0, "overshoot_cost": 54.15910754751815, "power_cost": 22.218561389160158, "noise_cost": 26.26616721895088, "n_waypoints_completed": 9, "tot_waypoints": 9}}
{"target": -191.4846978166855, "params": {"k_pid_pos": [1.733835489643198, 0.024859491386256316, 0.9451257094832697], "k_pid_alt": [1.4458679973838424, 0.028806210149256217, 0.3146878632891922], "k_pid_att": [29.46763110571006, 5.6580295118978245, 0.9623745068707039], "k_pid_yaw": [0.5, 1e-06, 0.1], "k_pid_hsp": [0.09847755819799779, 0.011264223901387349, 0.0], "k_pid_vsp": [387.1470188825909, 59.083466427248936, 10.0]}, "datetime": {"datetime": "2025-08-13 20:18:32", "elapsed": 37840.125644207, "delta": 18.968024253845215}, "costs": {"total_cost": 191.4846978166855, "time_cost": 70.98, "final_distance_cost": 1.845699867109888, "oscillation_cost": 27.618142059897906, "completition_cost": 0.0, "overshoot_cost": 51.75208723653214, "power_cost": 19.623766967773438, "noise_cost": 19.665001685372125, "n_waypoints_completed": 9, "tot_waypoints": 9}}
{"target": -200.2865075075323, "params": {"k_pid_pos": [1.8034346552870686, 0.08087462101852438, 0.9451257094832697], "k_pid_alt": [1.4458679973838424, 0.0, 0.3146878632891922], "k_pid_att": [29.46763110571006, 5.67849514865483, 0.6559199499296157], "k_pid_yaw": [0.5, 1e-06, 0.1], "k_pid_hsp": [0.09847755819799779, 0.011264223901387349, 0.0], "k_pid_vsp": [29.96849041048857, 59.083466427248936, 10.0]}, "datetime": {"datetime": "2025-08-13 20:18:50", "elapsed": 37858.33004307747, "delta": 18.20439887046814}, "costs": {"total_cost": 200.2865075075323, "time_cost": 71.435, "final_distance_cost": 1.7952795682984315, "oscillation_cost": 27.075864696708575, "completition_cost": 0.0, "overshoot_cost": 52.32403340015596, "power_cost": 25.01649658203125, "noise_cost": 22.63983326033808, "n_waypoints_completed": 9, "tot_waypoints": 9}}
{"target": -899.2744095868607, "params": {"k_pid_pos": [1.8792899704868669, 0.024859491386256316, 0.704167472379422], "k_pid_alt": [1.477768752937916, 0.00018965351824429266, 0.6600607021214705], "k_pid_att": [32.194164172814396, 1.4913548176861673, 0.5196369593476883], "k_pid_yaw": [0.5, 1e-06, 0.1], "k_pid_hsp": [0.09847755819799779, 0.7794066825273879, 0.0], "k_pid_vsp": [264.57255645423925, 59.083466427248936, 10.0]}, "datetime": {"datetime": "2025-08-13 20:19:19", "elapsed": 37887.93376946449, "delta": 29.603726387023926}, "costs": {"total_cost": 899.2744095868607, "time_cost": 150, "final_distance_cost": 43.39677801865918, "oscillation_cost": 127.01561099374368, "completition_cost": 444.4444444444444, "overshoot_cost": 80.6064045378553, "power_cost": 21.198165930175783, "noise_cost": 32.61300566198236, "n_waypoints_completed": 5, "tot_waypoints": 9}}
{"target": -897.0088349305813, "params": {"k_pid_pos": [1.5164821318119608, 0.038219275878738745, 0.9752376885840038], "k_pid_alt": [1.5786606064986153, 0.0, 0.472941922472217], "k_pid_att": [29.46763110571006, 5.6580295118978245, 0.9623745068707039], "k_pid_yaw": [0.5, 1e-06, 0.1], "k_pid_hsp": [0.09847755819799779, 0.011264223901387349, 0.0], "k_pid_vsp": [387.1470188825909, 58.86884306764787, 270.6351217364206]}, "datetime": {"datetime": "2025-08-13 20:19:50", "elapsed": 37918.13310265541, "delta": 30.19933319091797}, "costs": {"total_cost": 897.0088349305813, "time_cost": 150, "final_distance_cost": 40.83013763154923, "oscillation_cost": 15.458887819737422, "completition_cost": 555.5555555555555, "overshoot_cost": 82.32798485213533, "power_cost": 28.30084293212891, "noise_cost": 24.535426139474772, "n_waypoints_completed": 4, "tot_waypoints": 9}}
{"target": -202.62401662791189, "params": {"k_pid_pos": [1.5164821318119608, 0.024859491386256316, 0.704167472379422], "k_pid_alt": [1.7655434176925564, 0.00018965351824429266, 0.36236040329893415], "k_pid_att": [16.70788068270076, 2.6889016979653872, 0.6559199499296157], "k_pid_yaw": [0.5, 1e-06, 0.1], "k_pid_hsp": [6.437608030649435, 0.011264223901387349, 0.0], "k_pid_vsp": [264.57255645423925, 59.083466427248936, 10.0]}, "datetime": {"datetime": "2025-08-13 20:20:06", "elapsed": 37934.98803949356, "delta": 16.854936838150024}, "costs": {"total_cost": 202.62401662791189, "time_cost": 71.022, "final_distance_cost": 1.8501342394145663, "oscillation_cost": 38.84147467170187, "completition_cost": 0.0, "overshoot_cost": 50.987228823981184, "power_cost": 19.763580236816406, "noise_cost": 20.159598655997844, "n_waypoints_completed": 9, "tot_waypoints": 9}}
{"target": -227.01614507591685, "params": {"k_pid_pos": [1.8034346552870686, 0.08087462101852438, 0.704167472379422], "k_pid_alt": [1.477768752937916, 0.00018965351824429266, 0.6600607021214705], "k_pid_att": [32.194164172814396, 2.6889016979653872, 0.6559199499296157], "k_pid_yaw": [0.5, 1e-06, 0.1], "k_pid_hsp": [0.09847755819799779, 0.011264223901387349, 0.0], "k_pid_vsp": [251.5004449007475, 59.083466427248936, 10.0]}, "datetime": {"datetime": "2025-08-13 20:20:26", "elapsed": 37955.048647642136, "delta": 20.06060814857483}, "costs": {"total_cost": 227.01614507591685, "time_cost": 78.911, "final_distance_cost": 1.77443704537411, "oscillation_cost": 31.917365310536756, "completition_cost": 0.0, "overshoot_cost": 54.513496938418, "power_cost": 32.3301562866211, "noise_cost": 27.569689494966866, "n_waypoints_completed": 9, "tot_waypoints": 9}}
{"target": -1056.4822590348454, "params": {"k_pid_pos": [1.8792899704868669, 0.038219275878738745, 0.9752376885840038], "k_pid_alt": [1.5786606064986153, 0.0, 0.472941922472217], "k_pid_att": [29.46763110571006, 5.6580295118978245, 0.9623745068707039], "k_pid_yaw": [0.5, 1e-06, 0.1], "k_pid_hsp": [0.09847755819799779, 0.011264223901387349, 0.0], "k_pid_vsp": [387.1470188825909, 59.083466427248936, 262.3469346407525]}, "datetime": {"datetime": "2025-08-13 20:20:56", "elapsed": 37984.49284863472, "delta": 29.44420099258423}, "costs": {"total_cost": 1056.4822590348454, "time_cost": 150, "final_distance_cost": 59.90896843775457, "oscillation_cost": 13.492389604771434, "completition_cost": 666.6666666666667, "overshoot_cost": 111.09021065406145, "power_cost": 28.85138201904297, "noise_cost": 26.4726416525481, "n_waypoints_completed": 3, "tot_waypoints": 9}}
{"target": -225.98129894916022, "params": {"k_pid_pos": [1.733835489643198, 0.024859491386256316, 0.6354931049670316], "k_pid_alt": [0.3787051793814169, 0.028806210149256217, 0.3146878632891922], "k_pid_att": [29.46763110571006, 2.693331282869566, 0.9623745068707039], "k_pid_yaw": [0.5, 1e-06, 0.1], "k_pid_hsp": [0.09847755819799779, 0.011264223901387349, 0.0], "k_pid_vsp": [387.1470188825909, 218.9558849126979, 10.0]}, "datetime": {"datetime": "2025-08-13 20:21:17", "elapsed": 38005.531150341034, "delta": 21.038301706314087}, "costs": {"total_cost": 225.98129894916022, "time_cost": 87.808, "final_distance_cost": 1.8294150771789959, "oscillation_cost": 31.94881417731867, "completition_cost": 0.0, "overshoot_cost": 52.62176687100572, "power_cost": 26.739302294921877, "noise_cost": 25.034000528734953, "n_waypoints_completed": 9, "tot_waypoints": 9}}
{"target": -191.84955015605473, "params": {"k_pid_pos": [1.8792899704868669, 0.038219275878738745, 0.9752376885840038], "k_pid_alt": [1.3743244933308238, 0.0, 0.472941922472217], "k_pid_att": [29.46763110571006, 5.6580295118978245, 0.9623745068707039], "k_pid_yaw": [0.5, 1e-06, 0.1], "k_pid_hsp": [1.0498148400696388, 0.011264223901387349, 0.0], "k_pid_vsp": [251.5004449007475, 59.083466427248936, 10.0]}, "datetime": {"datetime": "2025-08-13 20:21:34", "elapsed": 38023.05974268913, "delta": 17.528592348098755}, "costs": {"total_cost": 191.84955015605473, "time_cost": 70.96600000000001, "final_distance_cost": 1.8478296814407464, "oscillation_cost": 32.01195969343187, "completition_cost": 0.0, "overshoot_cost": 50.66822070985719, "power_cost": 17.258247473144532, "noise_cost": 19.0972925981804, "n_waypoints_completed": 9, "tot_waypoints": 9}}
{"target": -187.57410739573922, "params": {"k_pid_pos": [1.8792899704868669, 0.038219275878738745, 0.9752376885840038], "k_pid_alt": [1.477768752937916, 0.00018965351824429266, 0.6600607021214705], "k_pid_att": [92.532430894659, 3.2931611945007657, 0.6559199499296157], "k_pid_yaw": [0.5, 1e-06, 0.1], "k_pid_hsp": [0.09847755819799779, 0.011264223901387349, 0.0], "k_pid_vsp": [387.1470188825909, 59.083466427248936, 10.0]}, "datetime": {"datetime": "2025-08-13 20:21:51", "elapsed": 38039.807024002075, "delta": 16.747281312942505}, "costs": {"total_cost": 187.57410739573922, "time_cost": 71.365, "final_distance_cost": 1.8328597234288182, "oscillation_cost": 30.614037834894578, "completition_cost": 0.0, "overshoot_cost": 51.092740890622416, "power_cost": 14.882271618652345, "noise_cost": 17.787197328141087, "n_waypoints_completed": 9, "tot_waypoints": 9}}
{"target": -3158.635546404566, "params": {"k_pid_pos": [1.8034346552870686, 0.08087462101852438, 0.704167472379422], "k_pid_alt": [1.4458679973838424, 0.0, 0.3146878632891922], "k_pid_att": [29.46763110571006, 3.9361669465789193, 0.6559199499296157], "k_pid_yaw": [0.5, 1e-06, 0.1], "k_pid_hsp": [0.09847755819799779, 0.011264223901387349, 0.0], "k_pid_vsp": [29.96849041048857, 59.083466427248936, 184.00302090226384]}, "datetime": {"datetime": "2025-08-13 20:22:21", "elapsed": 38069.2025949955, "delta": 29.395570993423462}, "costs": {"total_cost": 3158.635546404566, "time_cost": 150, "final_distance_cost": 810.3614006550587, "oscillation_cost": 8.316977643348691, "completition_cost": 888.8888888888888, "overshoot_cost": 1244.534501236512, "power_cost": 28.115384777832034, "noise_cost": 28.4183932029259, "n_waypoints_completed": 1, "tot_waypoints": 9}}
{"target": -188.80860160242923, "params": {"k_pid_pos": [1.8811307174574419, 0.024859491386256316, 0.704167472379422], "k_pid_alt": [1.477768752937916, 0.00018965351824429266, 0.6600607021214705], "k_pid_att": [68.93098199109546, 2.6889016979653872, 0.6559199499296157], "k_pid_yaw": [0.5, 1e-06, 0.1], "k_pid_hsp": [0.09847755819799779, 0.011264223901387349, 0.0], "k_pid_vsp": [251.5004449007475, 59.083466427248936, 10.0]}, "datetime": {"datetime": "2025-08-13 20:22:39", "elapsed": 38087.1764485836, "delta": 17.973853588104248}, "costs": {"total_cost": 188.80860160242923, "time_cost": 70.96600000000001, "final_distance_cost": 1.7966076903907375, "oscillation_cost": 29.84088794468109, "completition_cost": 0.0, "overshoot_cost": 51.17621864997141, "power_cost": 16.027642980957033, "noise_cost": 19.001244336428957, "n_waypoints_completed": 9, "tot_waypoints": 9}}
{"target": -183.234597286703, "params": {"k_pid_pos": [1.5164821318119608, 0.024859491386256316, 0.704167472379422], "k_pid_alt": [1.477768752937916, 0.00018965351824429266, 0.6600607021214705], "k_pid_att": [25.997073188089082, 2.6889016979653872, 0.08105699149151435], "k_pid_yaw": [0.5, 1e-06, 0.1], "k_pid_hsp": [0.09847755819799779, 0.011264223901387349, 0.0], "k_pid_vsp": [251.5004449007475, 59.083466427248936, 19.905301600864938]}, "datetime": {"datetime": "2025-08-13 20:22:55", "elapsed": 38103.635655879974, "delta": 16.45920729637146}, "costs": {"total_cost": 183.234597286703, "time_cost": 70.637, "final_distance_cost": 1.836868789056573, "oscillation_cost": 29.91947837808257, "completition_cost": 0.0, "overshoot_cost": 50.7269122245463, "power_cost": 15.020970190429688, "noise_cost": 15.09336770458787, "n_waypoints_completed": 9, "tot_waypoints": 9}}
{"target": -184.78688373428184, "params": {"k_pid_pos": [1.733835489643198, 0.024859491386256316, 0.6354931049670316], "k_pid_alt": [1.4458679973838424, 0.028806210149256217, 0.3146878632891922], "k_pid_att": [29.46763110571006, 5.6580295118978245, 0.9623745068707039], "k_pid_yaw": [0.5, 1e-06, 0.1], "k_pid_hsp": [0.09847755819799779, 0.011264223901387349, 0.0], "k_pid_vsp": [387.1470188825909, 59.083466427248936, 10.0]}, "datetime": {"datetime": "2025-08-13 20:23:14", "elapsed": 38122.182060956955, "delta": 18.54640507698059}, "costs": {"total_cost": 184.78688373428184, "time_cost": 70.049, "final_distance_cost": 1.8113957320043073, "oscillation_cost": 29.431709066446306, "completition_cost": 0.0, "overshoot_cost": 51.601102133113216, "power_cost": 14.329768127441406, "noise_cost": 17.563908675276597, "n_waypoints_completed": 9, "tot_waypoints": 9}}
