{"target": -184.44732563021142, "params": {"k_pid_pos": [1.733835489643198, 0.024859491386256316, 0.704167472379422], "k_pid_alt": [1.4458679973838424, 0.0, 0.4522054662122007], "k_pid_att": [35.543488255586034, 0.18205753750414305, 0.73590781336997], "k_pid_yaw": [0.5, 1e-06, 0.1], "k_pid_hsp": [0.09847755819799779, 0.011264223901387349, 0.0], "k_pid_vsp": [251.5004449007475, 59.083466427248936, 10.0]}, "datetime": {"datetime": "2025-08-13 19:23:05", "elapsed": 34514.074228048325, "delta": 16.820294618606567}, "costs": {"total_cost": 184.44732563021142, "time_cost": 70.483, "final_distance_cost": 1.797184410310755, "oscillation_cost": 28.948033984568465, "completition_cost": 0.0, "overshoot_cost": 50.705558314076605, "power_cost": 14.475039501953125, "noise_cost": 18.038509419302468, "n_waypoints_completed": 9, "tot_waypoints": 9}}
{"target": -1829.3778561979786, "params": {"k_pid_pos": [1.9403883066526342, 0.7865930166662759, 0.5557882040685287], "k_pid_alt": [1.4458679973838424, 0.0, 0.3146878632891922], "k_pid_att": [22.840745224411652, 3.8677381495188174, 0.11579494279367952], "k_pid_yaw": [0.5, 1e-06, 0.1], "k_pid_hsp": [0.09847755819799779, 0.036551335399587326, 0.9873824226476844], "k_pid_vsp": [29.96849041048857, 58.47483401410723, 10.0]}, "datetime": {"datetime": "2025-08-13 19:23:35", "elapsed": 34543.870841264725, "delta": 29.796613216400146}, "costs": {"total_cost": 1829.3778561979786, "time_cost": 150, "final_distance_cost": 94.59796358257154, "oscillation_cost": 736.9918213444325, "completition_cost": 666.6666666666667, "overshoot_cost": 125.75480848210675, "power_cost": 25.726858801269533, "noise_cost": 29.63973732093162, "n_waypoints_completed": 3, "tot_waypoints": 9}}
{"target": -273.14263806765706, "params": {"k_pid_pos": [1.5014732983978256, 0.024859491386256316, 0.9451257094832697], "k_pid_alt": [0.27404146878129776, 0.0, 0.3146878632891922], "k_pid_att": [30.09581361836765, 8.376073795535836, 0.6559199499296157], "k_pid_yaw": [0.5, 1e-06, 0.1], "k_pid_hsp": [0.09847755819799779, 0.011264223901387349, 0.0], "k_pid_vsp": [251.5004449007475, 59.083466427248936, 10.0]}, "datetime": {"datetime": "2025-08-13 19:24:04", "elapsed": 34572.99825644493, "delta": 29.1274151802063}, "costs": {"total_cost": 273.14263806765706, "time_cost": 117.866, "final_distance_cost": 1.862685679366533, "oscillation_cost": 28.98038333818695, "completition_cost": 0.0, "overshoot_cost": 55.931906823272776, "power_cost": 35.011063220214844, "noise_cost": 33.490599006615966, "n_waypoints_completed": 9, "tot_waypoints": 9}}
{"target": -1211.9454708360588, "params": {"k_pid_pos": [1.733835489643198, 0.024859491386256316, 0.704167472379422], "k_pid_alt": [1.477768752937916, 0.0, 0.6600607021214705], "k_pid_att": [32.194164172814396, 2.6889016979653872, 0.6559199499296157], "k_pid_yaw": [0.5, 1e-06, 0.1], "k_pid_hsp": [0.09847755819799779, 0.011264223901387349, 0.0], "k_pid_vsp": [251.5004449007475, 59.083466427248936, 362.6045534715687]}, "datetime": {"datetime": "2025-08-13 19:24:33", "elapsed": 34601.66681218147, "delta": 28.668555736541748}, "costs": {"total_cost": 1211.9454708360588, "time_cost": 150, "final_distance_cost": 70.47064778316248, "oscillation_cost": 10.351222104410224, "completition_cost": 777.7777777777778, "overshoot_cost": 119.25037759713716, "power_cost": 30.379669592285158, "noise_cost": 53.71577598128602, "n_waypoints_completed": 2, "tot_waypoints": 9}}
{"target": -242.2780079127954, "params": {"k_pid_pos": [1.733835489643198, 0.7166685913948189, 0.3961654171436617], "k_pid_alt": [1.4458679973838424, 0.0, 0.3146878632891922], "k_pid_att": [29.46763110571006, 2.6298254890628097, 0.3301527476617453], "k_pid_yaw": [0.5, 1e-06, 0.1], "k_pid_hsp": [0.09847755819799779, 0.036551335399587326, 0.0], "k_pid_vsp": [251.5004449007475, 59.083466427248936, 10.0]}, "datetime": {"datetime": "2025-08-13 19:24:54", "elapsed": 34622.24145793915, "delta": 20.57464575767517}, "costs": {"total_cost": 242.2780079127954, "time_cost": 85.232, "final_distance_cost": 1.7694700535516927, "oscillation_cost": 42.61177657481839, "completition_cost": 0.0, "overshoot_cost": 56.29745207018524, "power_cost": 29.923246215820313, "noise_cost": 26.44406299841979, "n_waypoints_completed": 9, "tot_waypoints": 9}}
{"target": -203.52813459047906, "params": {"k_pid_pos": [1.733835489643198, 0.024859491386256316, 0.704167472379422], "k_pid_alt": [1.477768752937916, 0.460474527941964, 0.09237004794976], "k_pid_att": [32.194164172814396, 9.132212505118478, 0.6559199499296157], "k_pid_yaw": [0.5, 1e-06, 0.1], "k_pid_hsp": [0.09847755819799779, 0.011264223901387349, 0.0], "k_pid_vsp": [251.5004449007475, 59.083466427248936, 10.0]}, "datetime": {"datetime": "2025-08-13 19:25:13", "elapsed": 34641.822942733765, "delta": 19.5814847946167}, "costs": {"total_cost": 203.52813459047906, "time_cost": 76.776, "final_distance_cost": 1.7736110671611107, "oscillation_cost": 30.826284390552416, "completition_cost": 0.0, "overshoot_cost": 52.02971611775809, "power_cost": 21.30019295654297, "noise_cost": 20.822330058464473, "n_waypoints_completed": 9, "tot_waypoints": 9}}
{"target": -1457.9645828976809, "params": {"k_pid_pos": [1.6482342715797629, 0.024859491386256316, 0.8544707697037623], "k_pid_alt": [1.4458679973838424, 0.0, 0.6600607021214705], "k_pid_att": [39.447728079683905, 0.18205753750414305, 0.73590781336997], "k_pid_yaw": [0.5, 1e-06, 0.1], "k_pid_hsp": [0.09847755819799779, 0.011264223901387349, 0.0], "k_pid_vsp": [33.09370770872002, 59.083466427248936, 245.59207000590632]}, "datetime": {"datetime": "2025-08-13 19:25:42", "elapsed": 34670.997888088226, "delta": 29.17494535446167}, "costs": {"total_cost": 1457.9645828976809, "time_cost": 150, "final_distance_cost": 1.0007897298921895, "oscillation_cost": 3.897649867987167, "completition_cost": 1000.0, "overshoot_cost": 162.66476603170344, "power_cost": 29.29977830810547, "noise_cost": 111.10159895999257, "n_waypoints_completed": 0, "tot_waypoints": 9}}
{"target": -181.6494947715668, "params": {"k_pid_pos": [1.733835489643198, 0.024859491386256316, 0.704167472379422], "k_pid_alt": [1.477768752937916, 0.0, 0.6600607021214705], "k_pid_att": [39.447728079683905, 5.67849514865483, 0.6559199499296157], "k_pid_yaw": [0.5, 1e-06, 0.1], "k_pid_hsp": [0.09847755819799779, 0.011264223901387349, 0.0], "k_pid_vsp": [251.5004449007475, 59.083466427248936, 10.0]}, "datetime": {"datetime": "2025-08-13 19:26:00", "elapsed": 34688.25190925598, "delta": 17.254021167755127}, "costs": {"total_cost": 181.6494947715668, "time_cost": 70.791, "final_distance_cost": 1.796109694688046, "oscillation_cost": 29.396033775932317, "completition_cost": 0.0, "overshoot_cost": 50.77769989160928, "power_cost": 11.111509973144532, "noise_cost": 17.77714143619263, "n_waypoints_completed": 9, "tot_waypoints": 9}}
{"target": -189.4537901568969, "params": {"k_pid_pos": [1.733835489643198, 0.024859491386256316, 0.704167472379422], "k_pid_alt": [1.477768752937916, 0.00018965351824429266, 0.6600607021214705], "k_pid_att": [32.194164172814396, 2.6889016979653872, 0.6559199499296157], "k_pid_yaw": [0.5, 1e-06, 0.1], "k_pid_hsp": [0.09847755819799779, 0.011264223901387349, 0.0], "k_pid_vsp": [251.5004449007475, 59.083466427248936, 10.0]}, "datetime": {"datetime": "2025-08-13 19:26:17", "elapsed": 34705.62486624718, "delta": 17.37295699119568}, "costs": {"total_cost": 189.4537901568969, "time_cost": 71.05, "final_distance_cost": 1.8287890964043507, "oscillation_cost": 29.010146379876122, "completition_cost": 0.0, "overshoot_cost": 51.04126130253625, "power_cost": 18.181763220214844, "noise_cost": 18.341830157865363, "n_waypoints_completed": 9, "tot_waypoints": 9}}
{"target": -188.51375352896395, "params": {"k_pid_pos": [1.733835489643198, 0.024859491386256316, 0.704167472379422], "k_pid_alt": [1.477768752937916, 0.00018965351824429266, 0.6600607021214705], "k_pid_att": [29.46763110571006, 2.6298254890628097, 0.3301527476617453], "k_pid_yaw": [0.5, 1e-06, 0.1], "k_pid_hsp": [0.09847755819799779, 0.036551335399587326, 0.0], "k_pid_vsp": [251.5004449007475, 59.083466427248936, 10.0]}, "datetime": {"datetime": "2025-08-13 19:26:35", "elapsed": 34723.222106695175, "delta": 17.597240447998047}, "costs": {"total_cost": 188.51375352896395, "time_cost": 70.861, "final_distance_cost": 1.8295402238036553, "oscillation_cost": 32.544257867960084, "completition_cost": 0.0, "overshoot_cost": 50.606347649383736, "power_cost": 14.371371447753907, "noise_cost": 18.301236340062523, "n_waypoints_completed": 9, "tot_waypoints": 9}}
{"target": -193.92877510385847, "params": {"k_pid_pos": [1.733835489643198, 0.024859491386256316, 0.9451257094832697], "k_pid_alt": [1.4458679973838424, 0.0, 0.07336557510105324], "k_pid_att": [39.447728079683905, 5.67849514865483, 0.6559199499296157], "k_pid_yaw": [0.5, 1e-06, 0.1], "k_pid_hsp": [0.09847755819799779, 0.011264223901387349, 0.0], "k_pid_vsp": [251.5004449007475, 59.083466427248936, 10.0]}, "datetime": {"datetime": "2025-08-13 19:26:51", "elapsed": 34739.92708826065, "delta": 16.704981565475464}, "costs": {"total_cost": 193.92877510385847, "time_cost": 71.337, "final_distance_cost": 1.8191691940507757, "oscillation_cost": 26.82906831792511, "completition_cost": 0.0, "overshoot_cost": 52.016973709070776, "power_cost": 21.225958642578124, "noise_cost": 20.700605240233713, "n_waypoints_completed": 9, "tot_waypoints": 9}}
{"target": -214.80842136459475, "params": {"k_pid_pos": [1.1904191683331364, 0.024859491386256316, 0.9451257094832697], "k_pid_alt": [1.4458679973838424, 0.0, 0.9505550730200033], "k_pid_att": [29.46763110571006, 5.67849514865483, 0.3744289396013216], "k_pid_yaw": [0.5, 1e-06, 0.1], "k_pid_hsp": [1.5822369352293129, 0.011264223901387349, 0.0], "k_pid_vsp": [251.5004449007475, 59.083466427248936, 10.0]}, "datetime": {"datetime": "2025-08-13 19:27:11", "elapsed": 34759.95447850227, "delta": 20.027390241622925}, "costs": {"total_cost": 214.80842136459475, "time_cost": 80.241, "final_distance_cost": 1.8488106617057576, "oscillation_cost": 33.1701144388271, "completition_cost": 0.0, "overshoot_cost": 51.884362558848586, "power_cost": 24.02508702392578, "noise_cost": 23.63904668128753, "n_waypoints_completed": 9, "tot_waypoints": 9}}
{"target": -191.6974336603495, "params": {"k_pid_pos": [1.733835489643198, 0.024859491386256316, 0.9451257094832697], "k_pid_alt": [1.4458679973838424, 0.028806210149256217, 0.3146878632891922], "k_pid_att": [29.46763110571006, 5.6580295118978245, 0.6559199499296157], "k_pid_yaw": [0.5, 1e-06, 0.1], "k_pid_hsp": [0.09847755819799779, 0.011264223901387349, 0.0], "k_pid_vsp": [387.1470188825909, 10.020897349928273, 10.0]}, "datetime": {"datetime": "2025-08-13 19:27:29", "elapsed": 34777.59060335159, "delta": 17.636124849319458}, "costs": {"total_cost": 191.6974336603495, "time_cost": 71.834, "final_distance_cost": 1.847458687299352, "oscillation_cost": 27.821801146496767, "completition_cost": 0.0, "overshoot_cost": 52.161283889619575, "power_cost": 18.303120703125, "noise_cost": 19.7297692338088, "n_waypoints_completed": 9, "tot_waypoints": 9}}
{"target": -184.64006325093894, "params": {"k_pid_pos": [1.6482342715797629, 0.024859491386256316, 0.8544707697037623], "k_pid_alt": [1.4458679973838424, 0.0, 0.6600607021214705], "k_pid_att": [39.447728079683905, 2.8503329366774977, 0.73590781336997], "k_pid_yaw": [0.5, 1e-06, 0.1], "k_pid_hsp": [0.09847755819799779, 0.011264223901387349, 0.0], "k_pid_vsp": [33.09370770872002, 59.083466427248936, 10.0]}, "datetime": {"datetime": "2025-08-13 19:27:46", "elapsed": 34794.8391957283, "delta": 17.248592376708984}, "costs": {"total_cost": 184.64006325093894, "time_cost": 70.616, "final_distance_cost": 1.822769760758184, "oscillation_cost": 28.064358756850847, "completition_cost": 0.0, "overshoot_cost": 50.51256884073382, "power_cost": 15.205823950195313, "noise_cost": 18.418541942400783, "n_waypoints_completed": 9, "tot_waypoints": 9}}
{"target": -194.25553634783233, "params": {"k_pid_pos": [1.733835489643198, 0.024859491386256316, 0.704167472379422], "k_pid_alt": [1.477768752937916, 0.0, 0.6600607021214705], "k_pid_att": [32.194164172814396, 2.6889016979653872, 0.7049157272764677], "k_pid_yaw": [0.5, 1e-06, 0.1], "k_pid_hsp": [0.09847755819799779, 0.011264223901387349, 0.0], "k_pid_vsp": [251.5004449007475, 151.0176688301109, 10.0]}, "datetime": {"datetime": "2025-08-13 19:28:04", "elapsed": 34812.175946712494, "delta": 17.336750984191895}, "costs": {"total_cost": 194.25553634783233, "time_cost": 71.379, "final_distance_cost": 1.8207083071392167, "oscillation_cost": 28.719743982740084, "completition_cost": 0.0, "overshoot_cost": 51.76111497606468, "power_cost": 20.73407547607422, "noise_cost": 19.840893605814124, "n_waypoints_completed": 9, "tot_waypoints": 9}}
{"target": -186.05383717794024, "params": {"k_pid_pos": [1.8792899704868669, 0.024859491386256316, 0.9451257094832697], "k_pid_alt": [1.4458679973838424, 0.0, 0.3146878632891922], "k_pid_att": [29.46763110571006, 5.67849514865483, 0.6559199499296157], "k_pid_yaw": [0.5, 1e-06, 0.1], "k_pid_hsp": [0.09847755819799779, 0.011264223901387349, 0.0], "k_pid_vsp": [29.96849041048857, 58.47483401410723, 10.0]}, "datetime": {"datetime": "2025-08-13 19:28:21", "elapsed": 34829.08601498604, "delta": 16.91006827354431}, "costs": {"total_cost": 186.05383717794024, "time_cost": 69.706, "final_distance_cost": 1.8374324000947824, "oscillation_cost": 28.646176582168557, "completition_cost": 0.0, "overshoot_cost": 51.11033171513593, "power_cost": 15.887784155273438, "noise_cost": 18.866112325267537, "n_waypoints_completed": 9, "tot_waypoints": 9}}
{"target": -190.93365633811564, "params": {"k_pid_pos": [1.733835489643198, 0.024859491386256316, 0.704167472379422], "k_pid_alt": [1.477768752937916, 0.00018965351824429266, 0.6600607021214705], "k_pid_att": [74.24769818861826, 4.09310168605278, 0.6559199499296157], "k_pid_yaw": [0.5, 1e-06, 0.1], "k_pid_hsp": [0.09847755819799779, 0.011264223901387349, 0.0], "k_pid_vsp": [251.5004449007475, 59.083466427248936, 10.0]}, "datetime": {"datetime": "2025-08-13 19:28:38", "elapsed": 34846.51074528694, "delta": 17.42473030090332}, "costs": {"total_cost": 190.93365633811564, "time_cost": 71.183, "final_distance_cost": 1.818595084303776, "oscillation_cost": 29.260402494099697, "completition_cost": 0.0, "overshoot_cost": 51.64038927417435, "power_cost": 18.126040869140628, "noise_cost": 18.905228616397178, "n_waypoints_completed": 9, "tot_waypoints": 9}}
{"target": -190.0925875739848, "params": {"k_pid_pos": [1.733835489643198, 0.024859491386256316, 0.9451257094832697], "k_pid_alt": [1.4458679973838424, 0.0, 0.3146878632891922], "k_pid_att": [29.46763110571006, 2.6298254890628097, 0.3301527476617453], "k_pid_yaw": [0.5, 1e-06, 0.1], "k_pid_hsp": [0.09847755819799779, 0.036551335399587326, 0.0], "k_pid_vsp": [251.5004449007475, 59.083466427248936, 29.14258142942486]}, "datetime": {"datetime": "2025-08-13 19:28:55", "elapsed": 34863.76431655884, "delta": 17.253571271896362}, "costs": {"total_cost": 190.0925875739848, "time_cost": 70.791, "final_distance_cost": 1.8411989220019744, "oscillation_cost": 30.878607095476465, "completition_cost": 0.0, "overshoot_cost": 51.499732727455516, "power_cost": 17.907068017578126, "noise_cost": 17.174980811472704, "n_waypoints_completed": 9, "tot_waypoints": 9}}
{"target": -265.2106847471456, "params": {"k_pid_pos": [1.733835489643198, 0.024859491386256316, 0.704167472379422], "k_pid_alt": [1.4458679973838424, 0.7250575884392712, 0.6600607021214705], "k_pid_att": [32.194164172814396, 2.6889016979653872, 0.6559199499296157], "k_pid_yaw": [0.5, 1e-06, 0.1], "k_pid_hsp": [0.09847755819799779, 0.27003811317705173, 0.0], "k_pid_vsp": [251.5004449007475, 332.01127736028326, 10.0]}, "datetime": {"datetime": "2025-08-13 19:29:15", "elapsed": 34883.92607045174, "delta": 20.16175389289856}, "costs": {"total_cost": 265.2106847471456, "time_cost": 80.395, "final_distance_cost": 1.742183057623708, "oscillation_cost": 83.43918488103714, "completition_cost": 0.0, "overshoot_cost": 58.70534756068977, "power_cost": 18.325495153808596, "noise_cost": 22.603474093986378, "n_waypoints_completed": 9, "tot_waypoints": 9}}
{"target": -180.05982405851142, "params": {"k_pid_pos": [1.733835489643198, 0.024859491386256316, 0.704167472379422], "k_pid_alt": [1.4458679973838424, 0.0, 0.3146878632891922], "k_pid_att": [35.543488255586034, 0.18205753750414305, 0.73590781336997], "k_pid_yaw": [0.5, 1e-06, 0.1], "k_pid_hsp": [0.09847755819799779, 0.011264223901387349, 0.0], "k_pid_vsp": [251.5004449007475, 59.083466427248936, 10.0]}, "datetime": {"datetime": "2025-08-13 19:29:33", "elapsed": 34901.394506692886, "delta": 17.468436241149902}, "costs": {"total_cost": 180.05982405851142, "time_cost": 69.97200000000001, "final_distance_cost": 1.8054353910799097, "oscillation_cost": 29.02069889229666, "completition_cost": 0.0, "overshoot_cost": 50.77071844707155, "power_cost": 10.48458250732422, "noise_cost": 18.006388820739048, "n_waypoints_completed": 9, "tot_waypoints": 9}}
{"target": -191.35696484809654, "params": {"k_pid_pos": [1.733835489643198, 0.024859491386256316, 0.704167472379422], "k_pid_alt": [1.477768752937916, 0.0, 0.5135675105756947], "k_pid_att": [32.194164172814396, 3.449784554492145, 0.6559199499296157], "k_pid_yaw": [0.5, 1e-06, 0.1], "k_pid_hsp": [0.09847755819799779, 0.011264223901387349, 0.0], "k_pid_vsp": [251.5004449007475, 237.12935625335746, 10.0]}, "datetime": {"datetime": "2025-08-13 19:29:50", "elapsed": 34918.162048339844, "delta": 16.767541646957397}, "costs": {"total_cost": 191.35696484809654, "time_cost": 70.70700000000001, "final_distance_cost": 1.8212287477706717, "oscillation_cost": 28.76813994578303, "completition_cost": 0.0, "overshoot_cost": 51.13093245543043, "power_cost": 19.842210693359377, "noise_cost": 19.08745300575298, "n_waypoints_completed": 9, "tot_waypoints": 9}}
{"target": -187.58773992101692, "params": {"k_pid_pos": [1.733835489643198, 0.10920718465865398, 0.9451257094832697], "k_pid_alt": [1.4458679973838424, 0.0, 0.3146878632891922], "k_pid_att": [94.76565117582825, 8.491440198406547, 0.6559199499296157], "k_pid_yaw": [0.5, 1e-06, 0.1], "k_pid_hsp": [0.09847755819799779, 0.011264223901387349, 0.0], "k_pid_vsp": [251.5004449007475, 376.6167462867098, 10.0]}, "datetime": {"datetime": "2025-08-13 19:30:07", "elapsed": 34935.70304059982, "delta": 17.540992259979248}, "costs": {"total_cost": 187.58773992101692, "time_cost": 70.322, "final_distance_cost": 1.8096792600763854, "oscillation_cost": 29.048822932659352, "completition_cost": 0.0, "overshoot_cost": 50.683757165492615, "power_cost": 16.874094787597656, "noise_cost": 18.8493857751909, "n_waypoints_completed": 9, "tot_waypoints": 9}}
{"target": -206.51978854120637, "params": {"k_pid_pos": [1.733835489643198, 0.024859491386256316, 0.704167472379422], "k_pid_alt": [1.4458679973838424, 0.0, 0.3146878632891922], "k_pid_att": [35.543488255586034, 0.18205753750414305, 0.73590781336997], "k_pid_yaw": [0.5, 1e-06, 0.1], "k_pid_hsp": [0.09847755819799779, 0.011264223901387349, 0.0], "k_pid_vsp": [251.5004449007475, 59.083466427248936, 10.0]}, "datetime": {"datetime": "2025-08-13 19:30:25", "elapsed": 34953.13037991524, "delta": 17.42733931541443}, "costs": {"total_cost": 206.51978854120637, "time_cost": 72.83500000000001, "final_distance_cost": 1.818544799155857, "oscillation_cost": 30.25502820030329, "completition_cost": 0.0, "overshoot_cost": 52.54878743190631, "power_cost": 25.795669543457034, "noise_cost": 23.266758566383892, "n_waypoints_completed": 9, "tot_waypoints": 9}}
{"target": -192.18918705670694, "params": {"k_pid_pos": [1.733835489643198, 0.024859491386256316, 0.704167472379422], "k_pid_alt": [1.477768752937916, 0.0, 0.6600607021214705], "k_pid_att": [39.447728079683905, 5.67849514865483, 0.6559199499296157], "k_pid_yaw": [0.5, 1e-06, 0.1], "k_pid_hsp": [0.09847755819799779, 0.011264223901387349, 0.0], "k_pid_vsp": [251.5004449007475, 59.083466427248936, 10.0]}, "datetime": {"datetime": "2025-08-13 19:30:42", "elapsed": 34970.86432003975, "delta": 17.73394012451172}, "costs": {"total_cost": 192.18918705670694, "time_cost": 71.26, "final_distance_cost": 1.808639829503324, "oscillation_cost": 29.093873047992243, "completition_cost": 0.0, "overshoot_cost": 51.414252752016694, "power_cost": 19.434691723632813, "noise_cost": 19.17772970356184, "n_waypoints_completed": 9, "tot_waypoints": 9}}
{"target": -193.76425344626168, "params": {"k_pid_pos": [1.733835489643198, 0.024859491386256316, 0.704167472379422], "k_pid_alt": [1.4458679973838424, 0.0, 0.4522054662122007], "k_pid_att": [35.543488255586034, 0.18205753750414305, 0.73590781336997], "k_pid_yaw": [0.5, 1e-06, 0.1], "k_pid_hsp": [0.09847755819799779, 0.011264223901387349, 0.0], "k_pid_vsp": [251.5004449007475, 59.083466427248936, 10.0]}, "datetime": {"datetime": "2025-08-13 19:31:00", "elapsed": 34988.36382818222, "delta": 17.499508142471313}, "costs": {"total_cost": 193.76425344626168, "time_cost": 71.05, "final_distance_cost": 1.7969507293589713, "oscillation_cost": 28.659450463038805, "completition_cost": 0.0, "overshoot_cost": 51.48750394648437, "power_cost": 20.538392041015626, "noise_cost": 20.23195626636387, "n_waypoints_completed": 9, "tot_waypoints": 9}}
