{"target": -196.9607281787563, "params": {"k_pid_pos": [0.961863204572444, 0.24828414068022808, 0.8519347702918288], "k_pid_alt": [1.4458679973838424, 0.0, 0.3146878632891922], "k_pid_att": [43.948176657889235, 3.8677381495188174, 0.837110513405392], "k_pid_yaw": [0.5, 1e-06, 0.1], "k_pid_hsp": [0.09847755819799779, 0.011264223901387349, 0.0], "k_pid_vsp": [17.18305095025783, 93.09285943774285, 10.0]}, "datetime": {"datetime": "2025-08-13 15:01:42", "elapsed": 18830.765936136246, "delta": 22.99959945678711}, "costs": {"total_cost": 196.9607281787563, "time_cost": 79.184, "final_distance_cost": 1.8125467568933264, "oscillation_cost": 25.408818578726297, "completition_cost": 0.0, "overshoot_cost": 51.724088630159414, "power_cost": 18.25332890625, "noise_cost": 20.577945306727276, "n_waypoints_completed": 9, "tot_waypoints": 9}}
{"target": -1851.141905312001, "params": {"k_pid_pos": [1.4340672435785011, 0.024859491386256316, 0.44963268842268056], "k_pid_alt": [0.9092830241607659, 0.0, 0.16072894317769304], "k_pid_att": [99.39142121730468, 8.257495339612396, 0.837110513405392], "k_pid_yaw": [0.5, 1e-06, 0.1], "k_pid_hsp": [0.09847755819799779, 0.011264223901387349, 0.3427828889311625], "k_pid_vsp": [194.7624155113164, 156.73508457218338, 10.0]}, "datetime": {"datetime": "2025-08-13 15:02:13", "elapsed": 18861.797758817673, "delta": 31.031822681427002}, "costs": {"total_cost": 1851.141905312001, "time_cost": 150, "final_distance_cost": 93.17668943094282, "oscillation_cost": 761.0629692187832, "completition_cost": 666.6666666666667, "overshoot_cost": 117.0501824799002, "power_cost": 34.090478662109376, "noise_cost": 29.094918853598546, "n_waypoints_completed": 3, "tot_waypoints": 9}}
{"target": -218.0689582114142, "params": {"k_pid_pos": [1.6392966458666147, 0.8712793157065106, 0.44963268842268056], "k_pid_alt": [1.4458679973838424, 0.0, 0.13294310327404035], "k_pid_att": [39.447728079683905, 3.8677381495188174, 0.4533553111744568], "k_pid_yaw": [0.5, 1e-06, 0.1], "k_pid_hsp": [0.09847755819799779, 0.011264223901387349, 0.0], "k_pid_vsp": [17.18305095025783, 93.09285943774285, 10.0]}, "datetime": {"datetime": "2025-08-13 15:02:34", "elapsed": 18882.75316143036, "delta": 20.955402612686157}, "costs": {"total_cost": 218.0689582114142, "time_cost": 81.536, "final_distance_cost": 1.73528711112913, "oscillation_cost": 37.0099602053039, "completition_cost": 0.0, "overshoot_cost": 55.978247307074234, "power_cost": 19.41439041748047, "noise_cost": 22.395073170426492, "n_waypoints_completed": 9, "tot_waypoints": 9}}
{"target": -190.90775048143286, "params": {"k_pid_pos": [1.4340672435785011, 0.024859491386256316, 0.4088772856873999], "k_pid_alt": [1.113216515173282, 0.0, 0.3146878632891922], "k_pid_att": [89.76499907316582, 3.8677381495188174, 0.837110513405392], "k_pid_yaw": [0.5, 1e-06, 0.1], "k_pid_hsp": [0.09847755819799779, 0.011264223901387349, 0.0], "k_pid_vsp": [194.7624155113164, 87.58200976551859, 10.0]}, "datetime": {"datetime": "2025-08-13 15:02:53", "elapsed": 18901.16912794113, "delta": 18.415966510772705}, "costs": {"total_cost": 190.90775048143286, "time_cost": 71.337, "final_distance_cost": 1.8070234872796527, "oscillation_cost": 29.213548933633522, "completition_cost": 0.0, "overshoot_cost": 51.4780146474797, "power_cost": 18.527959521484377, "noise_cost": 18.544203891555618, "n_waypoints_completed": 9, "tot_waypoints": 9}}
{"target": -212.19774819842627, "params": {"k_pid_pos": [0.9326368519522082, 0.024859491386256316, 0.8519347702918288], "k_pid_alt": [1.4458679973838424, 0.0, 0.3146878632891922], "k_pid_att": [39.447728079683905, 8.039636722459171, 0.8792759721912583], "k_pid_yaw": [0.5, 1e-06, 0.1], "k_pid_hsp": [1.212585439599864, 0.011264223901387349, 0.0], "k_pid_vsp": [194.7624155113164, 87.58200976551859, 10.0]}, "datetime": {"datetime": "2025-08-13 15:03:25", "elapsed": 18933.434001922607, "delta": 32.26487398147583}, "costs": {"total_cost": 212.19774819842627, "time_cost": 81.872, "final_distance_cost": 1.8561751782356317, "oscillation_cost": 28.79920871902799, "completition_cost": 0.0, "overshoot_cost": 52.31860698106901, "power_cost": 23.367633618164064, "noise_cost": 23.984123701929576, "n_waypoints_completed": 9, "tot_waypoints": 9}}
{"target": -937.2462712902428, "params": {"k_pid_pos": [1.4340672435785011, 0.024859491386256316, 0.8519347702918288], "k_pid_alt": [1.4458679973838424, 0.0, 0.1739375988235733], "k_pid_att": [43.948176657889235, 3.8677381495188174, 0.34464953207076743], "k_pid_yaw": [0.5, 1e-06, 0.1], "k_pid_hsp": [0.09847755819799779, 0.3825815065618582, 0.0], "k_pid_vsp": [277.2708477836043, 93.09285943774285, 10.0]}, "datetime": {"datetime": "2025-08-13 15:03:59", "elapsed": 18967.354161024094, "delta": 33.920159101486206}, "costs": {"total_cost": 937.2462712902428, "time_cost": 150, "final_distance_cost": 56.58014750567176, "oscillation_cost": 151.03491790508332, "completition_cost": 333.33333333333337, "overshoot_cost": 117.4399082196405, "power_cost": 51.00088531494141, "noise_cost": 77.85707901157241, "n_waypoints_completed": 6, "tot_waypoints": 9}}
{"target": -214.77662753018407, "params": {"k_pid_pos": [1.4340672435785011, 0.024859491386256316, 0.8519347702918288], "k_pid_alt": [1.4458679973838424, 0.0, 0.3146878632891922], "k_pid_att": [43.948176657889235, 3.8677381495188174, 0.837110513405392], "k_pid_yaw": [0.5, 1e-06, 0.1], "k_pid_hsp": [6.746884969120823, 0.011264223901387349, 0.0], "k_pid_vsp": [171.36698465475635, 156.73508457218338, 10.0]}, "datetime": {"datetime": "2025-08-13 15:04:17", "elapsed": 18985.456709861755, "delta": 18.102548837661743}, "costs": {"total_cost": 214.77662753018407, "time_cost": 72.156, "final_distance_cost": 1.8478590337876235, "oscillation_cost": 55.93258986228277, "completition_cost": 0.0, "overshoot_cost": 49.7761821848756, "power_cost": 15.322139453125, "noise_cost": 19.741856996113068, "n_waypoints_completed": 9, "tot_waypoints": 9}}
{"target": -180.49175758247216, "params": {"k_pid_pos": [1.4340672435785011, 0.024859491386256316, 0.44963268842268056], "k_pid_alt": [1.4458679973838424, 0.0, 0.22260652447727036], "k_pid_att": [50.98074059285719, 3.8677381495188174, 0.8257697299075593], "k_pid_yaw": [0.5, 1e-06, 0.1], "k_pid_hsp": [0.09847755819799779, 0.011264223901387349, 0.0], "k_pid_vsp": [366.9222945638871, 93.09285943774285, 10.0]}, "datetime": {"datetime": "2025-08-13 15:04:35", "elapsed": 19003.997334241867, "delta": 18.540624380111694}, "costs": {"total_cost": 180.49175758247216, "time_cost": 69.97200000000001, "final_distance_cost": 1.8193716942809235, "oscillation_cost": 29.28555683428691, "completition_cost": 0.0, "overshoot_cost": 50.81532934913928, "power_cost": 10.514800366210938, "noise_cost": 18.08469933855408, "n_waypoints_completed": 9, "tot_waypoints": 9}}
{"target": -200.7870581642528, "params": {"k_pid_pos": [1.4340672435785011, 0.024859491386256316, 0.44963268842268056], "k_pid_alt": [1.4458679973838424, 0.0, 0.13294310327404035], "k_pid_att": [39.447728079683905, 3.8677381495188174, 0.12604967571558012], "k_pid_yaw": [0.5, 1e-06, 0.1], "k_pid_hsp": [0.09847755819799779, 0.05230502579760865, 0.0], "k_pid_vsp": [17.18305095025783, 124.81735042990572, 10.0]}, "datetime": {"datetime": "2025-08-13 15:04:54", "elapsed": 19022.555198192596, "delta": 18.55786395072937}, "costs": {"total_cost": 200.7870581642528, "time_cost": 70.098, "final_distance_cost": 1.8217508888278717, "oscillation_cost": 36.71079178639379, "completition_cost": 0.0, "overshoot_cost": 50.54017012148996, "power_cost": 21.444932714843752, "noise_cost": 20.171412652697416, "n_waypoints_completed": 9, "tot_waypoints": 9}}
{"target": -183.56157519442752, "params": {"k_pid_pos": [1.4340672435785011, 0.024859491386256316, 0.44963268842268056], "k_pid_alt": [1.4458679973838424, 0.0, 0.13294310327404035], "k_pid_att": [39.447728079683905, 3.8677381495188174, 0.1432438844471683], "k_pid_yaw": [0.5, 1e-06, 0.1], "k_pid_hsp": [0.09847755819799779, 0.011264223901387349, 0.0], "k_pid_vsp": [86.28438231591274, 156.73508457218338, 10.0]}, "datetime": {"datetime": "2025-08-13 15:05:12", "elapsed": 19040.898957014084, "delta": 18.343758821487427}, "costs": {"total_cost": 183.56157519442752, "time_cost": 69.398, "final_distance_cost": 1.822332986858919, "oscillation_cost": 30.69127539674299, "completition_cost": 0.0, "overshoot_cost": 50.71001048314071, "power_cost": 12.95469130859375, "noise_cost": 17.985265019091184, "n_waypoints_completed": 9, "tot_waypoints": 9}}
{"target": -187.9249843472915, "params": {"k_pid_pos": [1.901325454231368, 0.024859491386256316, 0.44963268842268056], "k_pid_alt": [1.4458679973838424, 0.0, 0.13294310327404035], "k_pid_att": [39.447728079683905, 3.8677381495188174, 0.1845336041603497], "k_pid_yaw": [0.5, 1e-06, 0.1], "k_pid_hsp": [0.09847755819799779, 0.011264223901387349, 0.0], "k_pid_vsp": [17.18305095025783, 93.09285943774285, 10.0]}, "datetime": {"datetime": "2025-08-13 15:05:32", "elapsed": 19060.180661678314, "delta": 19.281704664230347}, "costs": {"total_cost": 187.9249843472915, "time_cost": 69.65, "final_distance_cost": 1.7735271010854234, "oscillation_cost": 32.862728145577506, "completition_cost": 0.0, "overshoot_cost": 51.16469387970712, "power_cost": 14.102792419433595, "noise_cost": 18.371242801487842, "n_waypoints_completed": 9, "tot_waypoints": 9}}
{"target": -190.1269880681117, "params": {"k_pid_pos": [1.4340672435785011, 0.20230504367755808, 0.44963268842268056], "k_pid_alt": [1.296896341175293, 0.0, 0.16072894317769304], "k_pid_att": [58.45879911684221, 3.8677381495188174, 0.1845336041603497], "k_pid_yaw": [0.5, 1e-06, 0.1], "k_pid_hsp": [0.09847755819799779, 0.011264223901387349, 0.0], "k_pid_vsp": [17.18305095025783, 93.09285943774285, 10.0]}, "datetime": {"datetime": "2025-08-13 15:05:50", "elapsed": 19078.87342619896, "delta": 18.69276452064514}, "costs": {"total_cost": 190.1269880681117, "time_cost": 72.366, "final_distance_cost": 1.7677834125287357, "oscillation_cost": 32.49347717541543, "completition_cost": 0.0, "overshoot_cost": 50.74577862514366, "power_cost": 13.454135180664062, "noise_cost": 19.29981367435982, "n_waypoints_completed": 9, "tot_waypoints": 9}}
{"target": -182.06896572400709, "params": {"k_pid_pos": [1.4340672435785011, 0.024859491386256316, 0.8519347702918288], "k_pid_alt": [1.296896341175293, 0.0, 0.16072894317769304], "k_pid_att": [58.45879911684221, 3.8677381495188174, 0.1845336041603497], "k_pid_yaw": [0.5, 1e-06, 0.1], "k_pid_hsp": [0.09847755819799779, 0.011264223901387349, 0.0], "k_pid_vsp": [17.18305095025783, 93.09285943774285, 10.0]}, "datetime": {"datetime": "2025-08-13 15:06:09", "elapsed": 19097.959001541138, "delta": 19.085575342178345}, "costs": {"total_cost": 182.06896572400709, "time_cost": 70.175, "final_distance_cost": 1.8329416728815515, "oscillation_cost": 30.347770150505326, "completition_cost": 0.0, "overshoot_cost": 50.06430566525589, "power_cost": 10.76998564453125, "noise_cost": 18.878962590833055, "n_waypoints_completed": 9, "tot_waypoints": 9}}
{"target": -180.65679576579538, "params": {"k_pid_pos": [1.4340672435785011, 0.024859491386256316, 0.4894518338289183], "k_pid_alt": [1.0304713630477362, 0.0, 0.3146878632891922], "k_pid_att": [43.948176657889235, 3.8677381495188174, 0.34464953207076743], "k_pid_yaw": [0.5, 1e-06, 0.1], "k_pid_hsp": [0.09847755819799779, 0.011264223901387349, 0.0], "k_pid_vsp": [277.2708477836043, 93.09285943774285, 10.0]}, "datetime": {"datetime": "2025-08-13 15:06:30", "elapsed": 19118.27052974701, "delta": 20.311528205871582}, "costs": {"total_cost": 180.65679576579538, "time_cost": 71.547, "final_distance_cost": 1.8060904195718206, "oscillation_cost": 28.930318131743533, "completition_cost": 0.0, "overshoot_cost": 50.57776076808919, "power_cost": 9.71676767578125, "noise_cost": 18.078858770609564, "n_waypoints_completed": 9, "tot_waypoints": 9}}
{"target": -186.6983337406905, "params": {"k_pid_pos": [1.4340672435785011, 0.024859491386256316, 0.44963268842268056], "k_pid_alt": [1.4458679973838424, 0.0, 0.13294310327404035], "k_pid_att": [39.447728079683905, 5.313838088001456, 0.837110513405392], "k_pid_yaw": [0.5, 1e-06, 0.1], "k_pid_hsp": [0.09847755819799779, 0.011264223901387349, 0.0], "k_pid_vsp": [194.7624155113164, 156.73508457218338, 10.0]}, "datetime": {"datetime": "2025-08-13 15:06:47", "elapsed": 19135.399678468704, "delta": 17.129148721694946}, "costs": {"total_cost": 186.6983337406905, "time_cost": 69.664, "final_distance_cost": 1.799591786223278, "oscillation_cost": 28.959360098054493, "completition_cost": 0.0, "overshoot_cost": 50.59508647978392, "power_cost": 17.819541735839845, "noise_cost": 17.86075364078896, "n_waypoints_completed": 9, "tot_waypoints": 9}}
{"target": -236.22818210094, "params": {"k_pid_pos": [0.961863204572444, 0.24828414068022808, 0.44963268842268056], "k_pid_alt": [1.296896341175293, 0.18194786008662167, 0.16072894317769304], "k_pid_att": [86.77411034131589, 8.257495339612396, 0.8257697299075593], "k_pid_yaw": [0.5, 1e-06, 0.1], "k_pid_hsp": [0.09847755819799779, 0.011264223901387349, 0.0], "k_pid_vsp": [86.28438231591274, 156.73508457218338, 10.0]}, "datetime": {"datetime": "2025-08-13 15:07:12", "elapsed": 19160.136876106262, "delta": 24.737197637557983}, "costs": {"total_cost": 236.22818210094, "time_cost": 98.476, "final_distance_cost": 1.7321662168027594, "oscillation_cost": 28.09895708018437, "completition_cost": 0.0, "overshoot_cost": 54.370883101789715, "power_cost": 27.605939086914063, "noise_cost": 25.944236615249064, "n_waypoints_completed": 9, "tot_waypoints": 9}}
{"target": -193.96499408133897, "params": {"k_pid_pos": [1.4340672435785011, 0.024859491386256316, 0.07188833330086031], "k_pid_alt": [1.4458679973838424, 0.0, 0.13294310327404035], "k_pid_att": [59.20080306752875, 3.8677381495188174, 0.8257697299075593], "k_pid_yaw": [0.5, 1e-06, 0.1], "k_pid_hsp": [0.09847755819799779, 0.011264223901387349, 0.0], "k_pid_vsp": [194.7624155113164, 91.73625214486171, 10.0]}, "datetime": {"datetime": "2025-08-13 15:07:29", "elapsed": 19177.727740049362, "delta": 17.590863943099976}, "costs": {"total_cost": 193.96499408133897, "time_cost": 70.546, "final_distance_cost": 1.7732473772720672, "oscillation_cost": 31.599101071692093, "completition_cost": 0.0, "overshoot_cost": 51.35975255317105, "power_cost": 19.479584375, "noise_cost": 19.20730870420376, "n_waypoints_completed": 9, "tot_waypoints": 9}}
{"target": -250.03972916649198, "params": {"k_pid_pos": [1.4340672435785011, 0.024859491386256316, 0.12618627628651247], "k_pid_alt": [1.4458679973838424, 0.0, 0.3146878632891922], "k_pid_att": [43.948176657889235, 3.8677381495188174, 0.1845336041603497], "k_pid_yaw": [0.5, 1e-06, 0.1], "k_pid_hsp": [6.3762109007134535, 0.011264223901387349, 0.0], "k_pid_vsp": [86.28438231591274, 156.73508457218338, 94.3185639740662]}, "datetime": {"datetime": "2025-08-13 15:07:55", "elapsed": 19203.53772878647, "delta": 25.809988737106323}, "costs": {"total_cost": 250.03972916649198, "time_cost": 74.032, "final_distance_cost": 1.8268917250802825, "oscillation_cost": 83.67179708546519, "completition_cost": 0.0, "overshoot_cost": 54.36486959423135, "power_cost": 18.535596484375002, "noise_cost": 17.608574277340157, "n_waypoints_completed": 9, "tot_waypoints": 9}}
{"target": -185.72864482458354, "params": {"k_pid_pos": [1.4340672435785011, 0.024859491386256316, 0.8519347702918288], "k_pid_alt": [1.4458679973838424, 0.0, 0.3146878632891922], "k_pid_att": [43.948176657889235, 0.18205753750414305, 0.34464953207076743], "k_pid_yaw": [0.5, 1e-06, 0.1], "k_pid_hsp": [0.09847755819799779, 0.011264223901387349, 0.0], "k_pid_vsp": [277.2708477836043, 93.09285943774285, 10.0]}, "datetime": {"datetime": "2025-08-13 15:08:15", "elapsed": 19223.48233151436, "delta": 19.944602727890015}, "costs": {"total_cost": 185.72864482458354, "time_cost": 70.637, "final_distance_cost": 1.839988238545215, "oscillation_cost": 27.173298139144702, "completition_cost": 0.0, "overshoot_cost": 50.80208840978117, "power_cost": 16.759530493164064, "noise_cost": 18.516739543948376, "n_waypoints_completed": 9, "tot_waypoints": 9}}
{"target": -190.05526682683524, "params": {"k_pid_pos": [1.4999912498542303, 0.024859491386256316, 0.44963268842268056], "k_pid_alt": [1.4458679973838424, 0.0, 0.13294310327404035], "k_pid_att": [39.447728079683905, 3.8677381495188174, 0.1845336041603497], "k_pid_yaw": [0.5, 1e-06, 0.1], "k_pid_hsp": [0.09847755819799779, 0.011264223901387349, 0.0], "k_pid_vsp": [17.18305095025783, 93.09285943774285, 10.0]}, "datetime": {"datetime": "2025-08-13 15:08:35", "elapsed": 19243.73276591301, "delta": 20.250434398651123}, "costs": {"total_cost": 190.05526682683524, "time_cost": 69.93, "final_distance_cost": 1.8178307425035463, "oscillation_cost": 30.124744398382767, "completition_cost": 0.0, "overshoot_cost": 51.070206222613436, "power_cost": 18.45772869873047, "noise_cost": 18.65475676460501, "n_waypoints_completed": 9, "tot_waypoints": 9}}
{"target": -204.7846084714168, "params": {"k_pid_pos": [1.4340672435785011, 0.024859491386256316, 0.44963268842268056], "k_pid_alt": [1.4458679973838424, 0.0, 0.13294310327404035], "k_pid_att": [39.447728079683905, 3.8677381495188174, 0.8257697299075593], "k_pid_yaw": [0.5, 1e-06, 0.1], "k_pid_hsp": [5.96863719712635, 0.011264223901387349, 0.0], "k_pid_vsp": [17.18305095025783, 156.73508457218338, 10.0]}, "datetime": {"datetime": "2025-08-13 15:08:55", "elapsed": 19264.01123571396, "delta": 20.278469800949097}, "costs": {"total_cost": 204.7846084714168, "time_cost": 69.132, "final_distance_cost": 1.8469846827360505, "oscillation_cost": 50.82157297132104, "completition_cost": 0.0, "overshoot_cost": 49.61861129024604, "power_cost": 14.46126015625, "noise_cost": 18.904179370863673, "n_waypoints_completed": 9, "tot_waypoints": 9}}
{"target": -194.92323142180436, "params": {"k_pid_pos": [1.4340672435785011, 0.024859491386256316, 0.8100884609760892], "k_pid_alt": [1.4458679973838424, 0.0, 0.3146878632891922], "k_pid_att": [43.948176657889235, 3.8677381495188174, 0.837110513405392], "k_pid_yaw": [0.5, 1e-06, 0.1], "k_pid_hsp": [2.575161370303539, 0.011264223901387349, 0.0], "k_pid_vsp": [17.18305095025783, 93.09285943774285, 10.0]}, "datetime": {"datetime": "2025-08-13 15:09:17", "elapsed": 19285.414137601852, "delta": 21.402901887893677}, "costs": {"total_cost": 194.92323142180436, "time_cost": 72.212, "final_distance_cost": 1.8465194960370332, "oscillation_cost": 36.09921425821429, "completition_cost": 0.0, "overshoot_cost": 50.180669681723415, "power_cost": 14.494228002929688, "noise_cost": 20.090599982899946, "n_waypoints_completed": 9, "tot_waypoints": 9}}
{"target": -186.94125678593585, "params": {"k_pid_pos": [1.4340672435785011, 0.024859491386256316, 0.44963268842268056], "k_pid_alt": [1.408510096659571, 0.0, 0.16072894317769304], "k_pid_att": [39.447728079683905, 2.057470297840489, 0.1845336041603497], "k_pid_yaw": [0.5, 1e-06, 0.1], "k_pid_hsp": [0.09847755819799779, 0.011264223901387349, 0.0], "k_pid_vsp": [17.18305095025783, 93.09285943774285, 10.0]}, "datetime": {"datetime": "2025-08-13 15:09:38", "elapsed": 19306.214114665985, "delta": 20.79997706413269}, "costs": {"total_cost": 186.94125678593585, "time_cost": 69.608, "final_distance_cost": 1.8138137435138533, "oscillation_cost": 30.237060474344794, "completition_cost": 0.0, "overshoot_cost": 50.99114391969505, "power_cost": 15.717103479003907, "noise_cost": 18.574135169378255, "n_waypoints_completed": 9, "tot_waypoints": 9}}
{"target": -189.72402474225842, "params": {"k_pid_pos": [1.4999912498542303, 0.024859491386256316, 0.44963268842268056], "k_pid_alt": [1.4458679973838424, 0.0, 0.13294310327404035], "k_pid_att": [58.45879911684221, 3.8677381495188174, 0.6559199499296157], "k_pid_yaw": [0.5, 1e-06, 0.1], "k_pid_hsp": [0.09847755819799779, 0.011264223901387349, 0.0], "k_pid_vsp": [17.18305095025783, 93.09285943774285, 10.0]}, "datetime": {"datetime": "2025-08-13 15:09:59", "elapsed": 19327.99351644516, "delta": 21.779401779174805}, "costs": {"total_cost": 189.72402474225842, "time_cost": 70.007, "final_distance_cost": 1.8236215183989835, "oscillation_cost": 29.996760777890675, "completition_cost": 0.0, "overshoot_cost": 51.4133145416391, "power_cost": 17.846781921386718, "noise_cost": 18.63654598294295, "n_waypoints_completed": 9, "tot_waypoints": 9}}
{"target": -182.4998300353678, "params": {"k_pid_pos": [1.4999912498542303, 0.024859491386256316, 0.4388587351883817], "k_pid_alt": [1.0913728054153844, 0.0, 0.13294310327404035], "k_pid_att": [43.948176657889235, 3.8677381495188174, 0.3905569812448356], "k_pid_yaw": [0.5, 1e-06, 0.1], "k_pid_hsp": [0.09847755819799779, 0.011264223901387349, 0.0], "k_pid_vsp": [194.7624155113164, 87.58200976551859, 10.0]}, "datetime": {"datetime": "2025-08-13 15:10:20", "elapsed": 19348.086775779724, "delta": 20.09325933456421}, "costs": {"total_cost": 182.4998300353678, "time_cost": 70.266, "final_distance_cost": 1.784553070135025, "oscillation_cost": 29.169372637364336, "completition_cost": 0.0, "overshoot_cost": 50.58858731799605, "power_cost": 12.029408728027345, "noise_cost": 18.661908281845047, "n_waypoints_completed": 9, "tot_waypoints": 9}}
