{"target": -184.29285765995976, "params": {"k_pid_pos": [0.7352486228235602, 0.08976672005448583, 0.11242249713100771], "k_pid_alt": [1.0453735240084545, 0.0, 0.23086984934879706], "k_pid_att": [63.45214009056577, 4.077532668255645, 0.261380462049589], "k_pid_yaw": [0.5, 1e-06, 0.1], "k_pid_hsp": [0.17225665165883555, 0.011264223901387349, 0.0], "k_pid_vsp": [237.37114527084637, 57.93155354082285, 10.0]}, "datetime": {"datetime": "2025-08-14 00:28:29", "elapsed": 52837.158839941025, "delta": 17.29503059387207}, "costs": {"total_cost": 184.29285765995976, "time_cost": 72.674, "final_distance_cost": 1.8320775068785533, "oscillation_cost": 26.706032733922267, "completition_cost": 0.0, "overshoot_cost": 50.929209839356986, "power_cost": 12.873534509277345, "noise_cost": 19.278003070524626, "n_waypoints_completed": 9, "tot_waypoints": 9}}
{"target": -194.77437678373633, "params": {"k_pid_pos": [1.733835489643198, 0.08976672005448583, 0.9451257094832697], "k_pid_alt": [1.5786606064986153, 0.33778499575459064, 0.3157032531275451], "k_pid_att": [11.329609997636037, 3.4126860594551975, 0.261380462049589], "k_pid_yaw": [0.5, 1e-06, 0.1], "k_pid_hsp": [0.17225665165883555, 0.011264223901387349, 0.0], "k_pid_vsp": [246.19246811454866, 57.93155354082285, 10.0]}, "datetime": {"datetime": "2025-08-14 00:28:50", "elapsed": 52858.64952945709, "delta": 21.490689516067505}, "costs": {"total_cost": 194.77437678373633, "time_cost": 77.308, "final_distance_cost": 1.777458343394096, "oscillation_cost": 30.428379404205074, "completition_cost": 0.0, "overshoot_cost": 51.59720882492658, "power_cost": 14.334016162109375, "noise_cost": 19.32931404910117, "n_waypoints_completed": 9, "tot_waypoints": 9}}
{"target": -1577.5997943081143, "params": {"k_pid_pos": [1.733835489643198, 0.08976672005448583, 0.37258641482387045], "k_pid_alt": [1.5786606064986153, 0.0, 0.3157032531275451], "k_pid_att": [11.329609997636037, 1.4171773283956124, 0.261380462049589], "k_pid_yaw": [0.5, 1e-06, 0.1], "k_pid_hsp": [0.17225665165883555, 0.30087628819501033, 0.0], "k_pid_vsp": [237.37114527084637, 57.93155354082285, 374.50565937352724]}, "datetime": {"datetime": "2025-08-14 00:29:19", "elapsed": 52887.59831571579, "delta": 28.94878625869751}, "costs": {"total_cost": 1577.5997943081143, "time_cost": 150, "final_distance_cost": 2.1243567773663177, "oscillation_cost": 132.75550671880268, "completition_cost": 1000.0, "overshoot_cost": 160.04795585148156, "power_cost": 30.660921057128906, "noise_cost": 102.01105390333457, "n_waypoints_completed": 0, "tot_waypoints": 9}}
{"target": -195.36140818138563, "params": {"k_pid_pos": [1.733835489643198, 0.08976672005448583, 0.9451257094832697], "k_pid_alt": [1.5786606064986153, 0.0, 0.3157032531275451], "k_pid_att": [11.329609997636037, 3.4126860594551975, 0.261380462049589], "k_pid_yaw": [0.5, 1e-06, 0.1], "k_pid_hsp": [5.304349714991353, 0.011264223901387349, 0.0], "k_pid_vsp": [103.0527854068954, 57.93155354082285, 10.0]}, "datetime": {"datetime": "2025-08-14 00:29:38", "elapsed": 52906.20233440399, "delta": 18.604018688201904}, "costs": {"total_cost": 195.36140818138563, "time_cost": 69.727, "final_distance_cost": 1.8427163689810284, "oscillation_cost": 44.811285038074445, "completition_cost": 0.0, "overshoot_cost": 49.68448547400238, "power_cost": 10.49252664794922, "noise_cost": 18.803394652378543, "n_waypoints_completed": 9, "tot_waypoints": 9}}
{"target": -188.728355373411, "params": {"k_pid_pos": [1.733835489643198, 0.024859491386256316, 0.9451257094832697], "k_pid_alt": [1.5786606064986153, 0.0, 0.23086984934879706], "k_pid_att": [9.353998950407705, 1.2169696906303682, 0.261380462049589], "k_pid_yaw": [0.5, 1e-06, 0.1], "k_pid_hsp": [0.17225665165883555, 0.011264223901387349, 0.0], "k_pid_vsp": [205.46647479918613, 130.53254854158118, 10.0]}, "datetime": {"datetime": "2025-08-14 00:29:54", "elapsed": 52922.45845913887, "delta": 16.25612473487854}, "costs": {"total_cost": 188.728355373411, "time_cost": 69.59400000000001, "final_distance_cost": 1.8354543662249412, "oscillation_cost": 28.82871128181882, "completition_cost": 0.0, "overshoot_cost": 50.33755954123968, "power_cost": 19.086772033691407, "noise_cost": 19.04585815043617, "n_waypoints_completed": 9, "tot_waypoints": 9}}
{"target": -1391.1292628043127, "params": {"k_pid_pos": [1.852513309051038, 0.08976672005448583, 0.027766713950817756], "k_pid_alt": [1.5786606064986153, 0.0, 0.3157032531275451], "k_pid_att": [11.329609997636037, 3.4126860594551975, 0.261380462049589], "k_pid_yaw": [0.5, 1e-06, 0.1], "k_pid_hsp": [0.960324752385412, 0.5949294650139106, 0.0], "k_pid_vsp": [192.0752855763678, 57.93155354082285, 318.4235488048135]}, "datetime": {"datetime": "2025-08-14 00:30:24", "elapsed": 52952.934072971344, "delta": 30.475613832473755}, "costs": {"total_cost": 1391.1292628043127, "time_cost": 150, "final_distance_cost": 64.29068906384673, "oscillation_cost": 40.328129260533416, "completition_cost": 888.8888888888888, "overshoot_cost": 134.0705899836256, "power_cost": 29.363755297851565, "noise_cost": 84.18721030956642, "n_waypoints_completed": 1, "tot_waypoints": 9}}
{"target": -209.54342725529295, "params": {"k_pid_pos": [1.2048953097984418, 0.5931963056508585, 0.6517181013494654], "k_pid_alt": [1.5786606064986153, 0.0, 0.7467085957769766], "k_pid_att": [7.172912009148735, 4.077532668255645, 0.261380462049589], "k_pid_yaw": [0.5, 1e-06, 0.1], "k_pid_hsp": [5.296481641933337, 0.011264223901387349, 0.0], "k_pid_vsp": [205.46647479918613, 130.53254854158118, 10.0]}, "datetime": {"datetime": "2025-08-14 00:30:44", "elapsed": 52973.06497836113, "delta": 20.130905389785767}, "costs": {"total_cost": 209.54342725529295, "time_cost": 75.362, "final_distance_cost": 1.8122239024612832, "oscillation_cost": 42.0094965327997, "completition_cost": 0.0, "overshoot_cost": 50.6904709830065, "power_cost": 20.017212341308596, "noise_cost": 19.65202349571685, "n_waypoints_completed": 9, "tot_waypoints": 9}}
{"target": -234.67533324392696, "params": {"k_pid_pos": [1.733835489643198, 0.5837705317333322, 0.9451257094832697], "k_pid_alt": [1.5786606064986153, 0.283916503034339, 0.5245075356624515], "k_pid_att": [9.353998950407705, 1.2169696906303682, 0.261380462049589], "k_pid_yaw": [0.5, 1e-06, 0.1], "k_pid_hsp": [3.962162460232154, 0.011264223901387349, 0.0], "k_pid_vsp": [103.0527854068954, 57.93155354082285, 10.0]}, "datetime": {"datetime": "2025-08-14 00:31:06", "elapsed": 52994.94171452522, "delta": 21.876736164093018}, "costs": {"total_cost": 234.67533324392696, "time_cost": 92.925, "final_distance_cost": 1.7856464411732385, "oscillation_cost": 46.060760861193806, "completition_cost": 0.0, "overshoot_cost": 53.400443760316485, "power_cost": 16.833222668457033, "noise_cost": 23.67025951278641, "n_waypoints_completed": 9, "tot_waypoints": 9}}
{"target": -184.61412945102927, "params": {"k_pid_pos": [1.733835489643198, 0.08976672005448583, 0.9451257094832697], "k_pid_alt": [1.5786606064986153, 0.0, 0.3157032531275451], "k_pid_att": [11.329609997636037, 3.4126860594551975, 0.261380462049589], "k_pid_yaw": [0.5, 1e-06, 0.1], "k_pid_hsp": [0.17225665165883555, 0.011264223901387349, 0.0], "k_pid_vsp": [205.46647479918613, 130.53254854158118, 10.0]}, "datetime": {"datetime": "2025-08-14 00:31:26", "elapsed": 53014.60739946365, "delta": 19.665684938430786}, "costs": {"total_cost": 184.61412945102927, "time_cost": 69.321, "final_distance_cost": 1.840474247384523, "oscillation_cost": 29.408429656454498, "completition_cost": 0.0, "overshoot_cost": 50.10631065749281, "power_cost": 15.552232482910156, "noise_cost": 18.385682406787293, "n_waypoints_completed": 9, "tot_waypoints": 9}}
{"target": -427.83777622048467, "params": {"k_pid_pos": [1.733835489643198, 0.08976672005448583, 0.9451257094832697], "k_pid_alt": [0.8427743855844962, 0.0, 0.6418891260112738], "k_pid_att": [11.329609997636037, 8.164782527102767, 0.261380462049589], "k_pid_yaw": [0.5, 1e-06, 0.1], "k_pid_hsp": [8.33097044068181, 0.011264223901387349, 0.5288320268426359], "k_pid_vsp": [237.37114527084637, 57.93155354082285, 10.0]}, "datetime": {"datetime": "2025-08-14 00:31:45", "elapsed": 53033.240037202835, "delta": 18.63263773918152}, "costs": {"total_cost": 427.83777622048467, "time_cost": 78.617, "final_distance_cost": 1.8422089883080164, "oscillation_cost": 261.3327750751771, "completition_cost": 0.0, "overshoot_cost": 50.543051161201696, "power_cost": 14.706096520996095, "noise_cost": 20.79664447480179, "n_waypoints_completed": 9, "tot_waypoints": 9}}
{"target": -181.85257125427086, "params": {"k_pid_pos": [1.1837130645794225, 0.024859491386256316, 0.416330797462678], "k_pid_alt": [1.5786606064986153, 0.0, 0.3157032531275451], "k_pid_att": [11.329609997636037, 3.4126860594551975, 0.261380462049589], "k_pid_yaw": [0.5, 1e-06, 0.1], "k_pid_hsp": [0.17225665165883555, 0.011264223901387349, 0.0], "k_pid_vsp": [237.37114527084637, 57.93155354082285, 10.0]}, "datetime": {"datetime": "2025-08-14 00:32:04", "elapsed": 53052.90777134895, "delta": 19.667734146118164}, "costs": {"total_cost": 181.85257125427086, "time_cost": 69.643, "final_distance_cost": 1.8358322268805487, "oscillation_cost": 28.45019493245962, "completition_cost": 0.0, "overshoot_cost": 50.5829458633436, "power_cost": 13.506232202148437, "noise_cost": 17.834366029438648, "n_waypoints_completed": 9, "tot_waypoints": 9}}
{"target": -185.55804311418268, "params": {"k_pid_pos": [1.7462825225507939, 0.08976672005448583, 0.9451257094832697], "k_pid_alt": [1.5786606064986153, 0.0, 0.3157032531275451], "k_pid_att": [11.329609997636037, 3.4126860594551975, 0.261380462049589], "k_pid_yaw": [0.5, 1e-06, 0.1], "k_pid_hsp": [0.17225665165883555, 0.011264223901387349, 0.0], "k_pid_vsp": [237.37114527084637, 57.93155354082285, 10.0]}, "datetime": {"datetime": "2025-08-14 00:32:22", "elapsed": 53070.14845705032, "delta": 17.24068570137024}, "costs": {"total_cost": 185.55804311418268, "time_cost": 69.69200000000001, "final_distance_cost": 1.8343880430020982, "oscillation_cost": 29.50025873597216, "completition_cost": 0.0, "overshoot_cost": 50.360401331365665, "power_cost": 16.17096667480469, "noise_cost": 18.00002832903807, "n_waypoints_completed": 9, "tot_waypoints": 9}}
{"target": -1687.554336188758, "params": {"k_pid_pos": [0.9681700889391018, 0.08976672005448583, 0.9451257094832697], "k_pid_alt": [1.5786606064986153, 0.0, 0.9040352588026142], "k_pid_att": [87.98611429478062, 3.4126860594551975, 0.261380462049589], "k_pid_yaw": [0.5, 1e-06, 0.1], "k_pid_hsp": [0.17225665165883555, 0.011264223901387349, 0.26260478885128147], "k_pid_vsp": [194.71633074675339, 132.26915185465117, 91.54544093732527]}, "datetime": {"datetime": "2025-08-14 00:32:52", "elapsed": 53100.67415642738, "delta": 30.525699377059937}, "costs": {"total_cost": 1687.554336188758, "time_cost": 150, "final_distance_cost": 48.935067101217, "oscillation_cost": 788.648220662612, "completition_cost": 555.5555555555555, "overshoot_cost": 85.10548464476356, "power_cost": 32.20028565673828, "noise_cost": 27.109722567871913, "n_waypoints_completed": 4, "tot_waypoints": 9}}
{"target": -1460.5462803722571, "params": {"k_pid_pos": [1.733835489643198, 0.08976672005448583, 0.37258641482387045], "k_pid_alt": [1.5786606064986153, 0.0, 0.3157032531275451], "k_pid_att": [11.329609997636037, 3.4126860594551975, 0.261380462049589], "k_pid_yaw": [0.5, 1e-06, 0.1], "k_pid_hsp": [0.17225665165883555, 0.011264223901387349, 0.0], "k_pid_vsp": [181.85752007040014, 130.53254854158118, 207.66992582546064]}, "datetime": {"datetime": "2025-08-14 00:33:22", "elapsed": 53130.42414665222, "delta": 29.749990224838257}, "costs": {"total_cost": 1460.5462803722571, "time_cost": 150, "final_distance_cost": 1.0004545547956276, "oscillation_cost": 5.921305845830039, "completition_cost": 1000.0, "overshoot_cost": 162.5627203898061, "power_cost": 29.425769934082034, "noise_cost": 111.63602964774324, "n_waypoints_completed": 0, "tot_waypoints": 9}}
