{"target": -198.995384378715, "params": {"k_pid_pos": [0.6341514216626152, 0.024859491386256316, 0.44963268842268056], "k_pid_alt": [1.2679502233621702, 0.0, 0.949345597264735], "k_pid_att": [17.813414374173632, 3.8677381495188174, 0.1845336041603497], "k_pid_yaw": [0.5, 1e-06, 0.1], "k_pid_hsp": [0.09847755819799779, 0.011264223901387349, 0.0], "k_pid_vsp": [194.7624155113164, 20.0, 10.0]}, "datetime": {"datetime": "2025-08-13 12:30:24", "elapsed": 9752.224170207977, "delta": 20.96471929550171}, "costs": {"total_cost": 198.995384378715, "time_cost": 81.361, "final_distance_cost": 1.8575367115266226, "oscillation_cost": 22.593912309920395, "completition_cost": 0.0, "overshoot_cost": 52.561364518174145, "power_cost": 19.469195812988282, "noise_cost": 21.15237502610555, "n_waypoints_completed": 9, "tot_waypoints": 9}}
{"target": -205.3454909754229, "params": {"k_pid_pos": [1.849624377781123, 0.024859491386256316, 0.44963268842268056], "k_pid_alt": [1.4458679973838424, 0.02520494712616217, 0.949345597264735], "k_pid_att": [17.813414374173632, 3.8677381495188174, 0.1845336041603497], "k_pid_yaw": [0.5, 1e-06, 0.1], "k_pid_hsp": [0.09847755819799779, 0.011264223901387349, 0.0], "k_pid_vsp": [175.8349501205355, 20.0, 10.0]}, "datetime": {"datetime": "2025-08-13 12:30:42", "elapsed": 9771.006201267242, "delta": 18.782031059265137}, "costs": {"total_cost": 205.3454909754229, "time_cost": 73.346, "final_distance_cost": 1.8011915184843708, "oscillation_cost": 33.5724380045256, "completition_cost": 0.0, "overshoot_cost": 52.23578548525682, "power_cost": 22.625428637695315, "noise_cost": 21.764647329460775, "n_waypoints_completed": 9, "tot_waypoints": 9}}
{"target": -191.69376108988013, "params": {"k_pid_pos": [1.849624377781123, 0.024859491386256316, 0.44963268842268056], "k_pid_alt": [1.4458679973838424, 0.02520494712616217, 0.949345597264735], "k_pid_att": [39.447728079683905, 3.8677381495188174, 0.1845336041603497], "k_pid_yaw": [0.5, 1e-06, 0.1], "k_pid_hsp": [0.09847755819799779, 0.011264223901387349, 0.0], "k_pid_vsp": [194.7624155113164, 156.73508457218338, 10.0]}, "datetime": {"datetime": "2025-08-13 12:31:00", "elapsed": 9788.492995262146, "delta": 17.486793994903564}, "costs": {"total_cost": 191.69376108988013, "time_cost": 70.56700000000001, "final_distance_cost": 1.7989248332819383, "oscillation_cost": 31.728291245088286, "completition_cost": 0.0, "overshoot_cost": 51.09224552684769, "power_cost": 18.049333081054687, "noise_cost": 18.457966403607514, "n_waypoints_completed": 9, "tot_waypoints": 9}}
{"target": -189.6347176655954, "params": {"k_pid_pos": [1.849624377781123, 0.024859491386256316, 0.855962508813682], "k_pid_alt": [1.2679502233621702, 0.0, 0.949345597264735], "k_pid_att": [14.415714892135846, 5.9521973635976435, 0.1845336041603497], "k_pid_yaw": [0.5, 1e-06, 0.1], "k_pid_hsp": [0.09847755819799779, 0.011264223901387349, 0.0], "k_pid_vsp": [194.7624155113164, 156.73508457218338, 10.0]}, "datetime": {"datetime": "2025-08-13 12:31:18", "elapsed": 9806.421994447708, "delta": 17.928999185562134}, "costs": {"total_cost": 189.6347176655954, "time_cost": 72.59700000000001, "final_distance_cost": 1.827265864217694, "oscillation_cost": 29.957885266903904, "completition_cost": 0.0, "overshoot_cost": 50.40169420918346, "power_cost": 16.54781306152344, "noise_cost": 18.303059263766894, "n_waypoints_completed": 9, "tot_waypoints": 9}}
{"target": -193.21269557092154, "params": {"k_pid_pos": [1.849624377781123, 0.024859491386256316, 0.855962508813682], "k_pid_alt": [1.2679502233621702, 0.0, 0.06527723447865985], "k_pid_att": [58.989274729095186, 3.8677381495188174, 0.1845336041603497], "k_pid_yaw": [0.5, 1e-06, 0.1], "k_pid_hsp": [0.09847755819799779, 0.011264223901387349, 0.0], "k_pid_vsp": [194.7624155113164, 156.73508457218338, 10.0]}, "datetime": {"datetime": "2025-08-13 12:31:35", "elapsed": 9823.90061378479, "delta": 17.47861933708191}, "costs": {"total_cost": 193.21269557092154, "time_cost": 70.133, "final_distance_cost": 1.8048354200450034, "oscillation_cost": 29.121224903029017, "completition_cost": 0.0, "overshoot_cost": 51.04590826659358, "power_cost": 20.842526623535157, "noise_cost": 20.265200357718783, "n_waypoints_completed": 9, "tot_waypoints": 9}}
{"target": -184.6997096974317, "params": {"k_pid_pos": [1.849624377781123, 0.024859491386256316, 0.855962508813682], "k_pid_alt": [1.2679502233621702, 0.0, 0.06527723447865985], "k_pid_att": [58.989274729095186, 3.8677381495188174, 0.1845336041603497], "k_pid_yaw": [0.5, 1e-06, 0.1], "k_pid_hsp": [0.09847755819799779, 0.011264223901387349, 0.0], "k_pid_vsp": [194.7624155113164, 156.73508457218338, 10.0]}, "datetime": {"datetime": "2025-08-13 12:31:53", "elapsed": 9841.080924034119, "delta": 17.180310249328613}, "costs": {"total_cost": 184.6997096974317, "time_cost": 69.559, "final_distance_cost": 1.8119043841526064, "oscillation_cost": 30.674738371729024, "completition_cost": 0.0, "overshoot_cost": 50.68052790833819, "power_cost": 13.661750695800782, "noise_cost": 18.31178833741112, "n_waypoints_completed": 9, "tot_waypoints": 9}}
{"target": -239.29612786589195, "params": {"k_pid_pos": [1.849624377781123, 0.024859491386256316, 0.007456431423803034], "k_pid_alt": [1.2679502233621702, 0.5247951503334181, 0.949345597264735], "k_pid_att": [14.415714892135846, 3.8677381495188174, 0.1845336041603497], "k_pid_yaw": [0.5, 1e-06, 0.1], "k_pid_hsp": [0.09847755819799779, 0.011264223901387349, 0.0], "k_pid_vsp": [194.7624155113164, 156.73508457218338, 10.0]}, "datetime": {"datetime": "2025-08-13 12:32:14", "elapsed": 9863.044135570526, "delta": 21.96321153640747}, "costs": {"total_cost": 239.29612786589195, "time_cost": 90.685, "final_distance_cost": 1.744350458988628, "oscillation_cost": 40.935332776386446, "completition_cost": 0.0, "overshoot_cost": 54.91456023953862, "power_cost": 25.96838825683594, "noise_cost": 25.04849613414232, "n_waypoints_completed": 9, "tot_waypoints": 9}}
{"target": -1952.465193532351, "params": {"k_pid_pos": [1.849624377781123, 0.024859491386256316, 0.44963268842268056], "k_pid_alt": [1.296896341175293, 0.0, 0.949345597264735], "k_pid_att": [39.447728079683905, 3.8677381495188174, 0.1845336041603497], "k_pid_yaw": [0.5, 1e-06, 0.1], "k_pid_hsp": [0.09847755819799779, 0.011264223901387349, 0.16861876183156788], "k_pid_vsp": [194.7624155113164, 307.0029666248519, 10.0]}, "datetime": {"datetime": "2025-08-13 12:32:44", "elapsed": 9892.495715856552, "delta": 29.451580286026}, "costs": {"total_cost": 1952.465193532351, "time_cost": 150, "final_distance_cost": 71.04256636267611, "oscillation_cost": 727.9186063674116, "completition_cost": 777.7777777777778, "overshoot_cost": 116.1250928526251, "power_cost": 49.34337609863282, "noise_cost": 60.257774073227424, "n_waypoints_completed": 2, "tot_waypoints": 9}}
{"target": -205.8029565724075, "params": {"k_pid_pos": [1.849624377781123, 0.024859491386256316, 0.44963268842268056], "k_pid_alt": [1.2679502233621702, 0.0, 0.949345597264735], "k_pid_att": [17.813414374173632, 3.8677381495188174, 0.48922906718999004], "k_pid_yaw": [0.5, 1e-06, 0.1], "k_pid_hsp": [6.779068060256637, 0.011264223901387349, 0.0], "k_pid_vsp": [194.7624155113164, 93.09285943774285, 10.0]}, "datetime": {"datetime": "2025-08-13 12:33:01", "elapsed": 9910.010832309723, "delta": 17.515116453170776}, "costs": {"total_cost": 205.8029565724075, "time_cost": 71.799, "final_distance_cost": 1.836402287987681, "oscillation_cost": 43.71720675375904, "completition_cost": 0.0, "overshoot_cost": 50.05881122166728, "power_cost": 19.40052830810547, "noise_cost": 18.99100800088806, "n_waypoints_completed": 9, "tot_waypoints": 9}}
{"target": -198.24468422365422, "params": {"k_pid_pos": [1.849624377781123, 0.024859491386256316, 0.855962508813682], "k_pid_alt": [1.2679502233621702, 0.0, 0.949345597264735], "k_pid_att": [14.415714892135846, 3.8677381495188174, 0.1845336041603497], "k_pid_yaw": [0.5, 1e-06, 0.1], "k_pid_hsp": [0.09847755819799779, 0.011264223901387349, 0.0], "k_pid_vsp": [194.7624155113164, 93.09285943774285, 10.0]}, "datetime": {"datetime": "2025-08-13 12:33:20", "elapsed": 9928.28930234909, "delta": 18.278470039367676}, "costs": {"total_cost": 198.24468422365422, "time_cost": 73.416, "final_distance_cost": 1.8374300175268463, "oscillation_cost": 29.258540036039257, "completition_cost": 0.0, "overshoot_cost": 51.498806427906246, "power_cost": 21.769945947265626, "noise_cost": 20.463961794916237, "n_waypoints_completed": 9, "tot_waypoints": 9}}
{"target": -224.10173498650218, "params": {"k_pid_pos": [1.849624377781123, 0.7600717815435403, 0.44963268842268056], "k_pid_alt": [1.2288065021286403, 0.0, 0.949345597264735], "k_pid_att": [14.415714892135846, 3.8677381495188174, 0.1845336041603497], "k_pid_yaw": [0.5, 1e-06, 0.1], "k_pid_hsp": [0.09847755819799779, 0.011264223901387349, 0.0], "k_pid_vsp": [194.7624155113164, 156.73508457218338, 10.0]}, "datetime": {"datetime": "2025-08-13 12:33:40", "elapsed": 9948.933307409286, "delta": 20.644005060195923}, "costs": {"total_cost": 224.10173498650218, "time_cost": 83.748, "final_distance_cost": 1.7759802561366846, "oscillation_cost": 38.14163010777935, "completition_cost": 0.0, "overshoot_cost": 54.58847592236509, "power_cost": 23.472035717773437, "noise_cost": 22.37561298244763, "n_waypoints_completed": 9, "tot_waypoints": 9}}
{"target": -186.9410311857181, "params": {"k_pid_pos": [1.4340672435785011, 0.024859491386256316, 0.44963268842268056], "k_pid_alt": [1.296896341175293, 0.0, 0.3146878632891922], "k_pid_att": [43.948176657889235, 3.8677381495188174, 0.1845336041603497], "k_pid_yaw": [0.5, 1e-06, 0.1], "k_pid_hsp": [0.09847755819799779, 0.011264223901387349, 0.0], "k_pid_vsp": [194.7624155113164, 156.73508457218338, 10.0]}, "datetime": {"datetime": "2025-08-13 12:33:58", "elapsed": 9966.191458940506, "delta": 17.258151531219482}, "costs": {"total_cost": 186.9410311857181, "time_cost": 70.399, "final_distance_cost": 1.7891638658823776, "oscillation_cost": 29.52889364516598, "completition_cost": 0.0, "overshoot_cost": 51.00703766884785, "power_cost": 15.522968798828126, "noise_cost": 18.69396720699376, "n_waypoints_completed": 9, "tot_waypoints": 9}}
{"target": -190.81473820074896, "params": {"k_pid_pos": [1.849624377781123, 0.03988560271314401, 0.855962508813682], "k_pid_alt": [1.2679502233621702, 0.0, 0.06527723447865985], "k_pid_att": [58.989274729095186, 3.8677381495188174, 0.1845336041603497], "k_pid_yaw": [0.5, 1e-06, 0.1], "k_pid_hsp": [0.09847755819799779, 0.011264223901387349, 0.0], "k_pid_vsp": [194.7624155113164, 336.89689932622207, 10.0]}, "datetime": {"datetime": "2025-08-13 12:34:15", "elapsed": 9983.360823392868, "delta": 17.16936445236206}, "costs": {"total_cost": 190.81473820074896, "time_cost": 69.909, "final_distance_cost": 1.8001190742598345, "oscillation_cost": 29.892894068446168, "completition_cost": 0.0, "overshoot_cost": 51.13617877924649, "power_cost": 18.665131457519532, "noise_cost": 19.411414821276924, "n_waypoints_completed": 9, "tot_waypoints": 9}}
{"target": -194.2572309337488, "params": {"k_pid_pos": [1.849624377781123, 0.024859491386256316, 0.44963268842268056], "k_pid_alt": [1.4458679973838424, 0.02520494712616217, 0.949345597264735], "k_pid_att": [39.447728079683905, 3.8677381495188174, 0.3366070335655168], "k_pid_yaw": [0.5, 1e-06, 0.1], "k_pid_hsp": [0.09847755819799779, 0.011264223901387349, 0.0], "k_pid_vsp": [194.7624155113164, 93.09285943774285, 10.0]}, "datetime": {"datetime": "2025-08-13 12:34:33", "elapsed": 10001.3421292305, "delta": 17.981305837631226}, "costs": {"total_cost": 194.2572309337488, "time_cost": 70.82600000000001, "final_distance_cost": 1.7755859936509133, "oscillation_cost": 31.278680785349696, "completition_cost": 0.0, "overshoot_cost": 51.72193836412274, "power_cost": 19.219550561523437, "noise_cost": 19.435475229102, "n_waypoints_completed": 9, "tot_waypoints": 9}}
{"target": -273.19944380796767, "params": {"k_pid_pos": [1.849624377781123, 0.024859491386256316, 0.17439171782304852], "k_pid_alt": [0.38422844849842264, 0.5042103016788663, 0.949345597264735], "k_pid_att": [39.447728079683905, 3.8677381495188174, 0.6738911544076371], "k_pid_yaw": [0.5, 1e-06, 0.1], "k_pid_hsp": [8.661717691134358, 0.5304751232566325, 0.0], "k_pid_vsp": [194.7624155113164, 156.73508457218338, 10.0]}, "datetime": {"datetime": "2025-08-13 12:34:55", "elapsed": 10023.619308233261, "delta": 22.27717900276184}, "costs": {"total_cost": 273.19944380796767, "time_cost": 91.959, "final_distance_cost": 1.7601848084186469, "oscillation_cost": 72.92600679899206, "completition_cost": 0.0, "overshoot_cost": 57.73354731012913, "power_cost": 24.467329931640627, "noise_cost": 24.353374958787217, "n_waypoints_completed": 9, "tot_waypoints": 9}}
{"target": -515.2324849247686, "params": {"k_pid_pos": [1.4340672435785011, 0.024859491386256316, 0.44963268842268056], "k_pid_alt": [1.296896341175293, 0.0, 0.3146878632891922], "k_pid_att": [39.447728079683905, 3.8677381495188174, 0.1845336041603497], "k_pid_yaw": [0.5, 1e-06, 0.1], "k_pid_hsp": [0.520982540819403, 0.011264223901387349, 0.07318069058095955], "k_pid_vsp": [194.7624155113164, 336.89689932622207, 10.0]}, "datetime": {"datetime": "2025-08-13 12:35:15", "elapsed": 10043.21378660202, "delta": 19.594478368759155}, "costs": {"total_cost": 515.2324849247686, "time_cost": 78.897, "final_distance_cost": 1.7826490735479328, "oscillation_cost": 338.406476394148, "completition_cost": 0.0, "overshoot_cost": 52.330093974825004, "power_cost": 21.89313016357422, "noise_cost": 21.923135318673584, "n_waypoints_completed": 9, "tot_waypoints": 9}}
{"target": -205.12956102489716, "params": {"k_pid_pos": [1.849624377781123, 0.024859491386256316, 0.44963268842268056], "k_pid_alt": [1.4458679973838424, 0.29284683925470867, 0.949345597264735], "k_pid_att": [39.447728079683905, 0.10763610062849525, 0.1029313237952636], "k_pid_yaw": [0.5, 1e-06, 0.1], "k_pid_hsp": [0.09847755819799779, 0.011264223901387349, 0.0], "k_pid_vsp": [77.18977670713754, 93.09285943774285, 10.0]}, "datetime": {"datetime": "2025-08-13 12:35:34", "elapsed": 10062.74568104744, "delta": 19.53189444541931}, "costs": {"total_cost": 205.12956102489716, "time_cost": 79.401, "final_distance_cost": 1.7626638117896678, "oscillation_cost": 35.58945677944038, "completition_cost": 0.0, "overshoot_cost": 51.68451628464771, "power_cost": 15.295144592285157, "noise_cost": 21.396779556734224, "n_waypoints_completed": 9, "tot_waypoints": 9}}
{"target": -204.7272504374778, "params": {"k_pid_pos": [1.849624377781123, 0.024859491386256316, 0.855962508813682], "k_pid_alt": [1.2679502233621702, 0.0, 0.949345597264735], "k_pid_att": [17.813414374173632, 3.8677381495188174, 0.48922906718999004], "k_pid_yaw": [0.5, 1e-06, 0.1], "k_pid_hsp": [6.779068060256637, 0.011264223901387349, 0.0], "k_pid_vsp": [194.7624155113164, 93.09285943774285, 10.0]}, "datetime": {"datetime": "2025-08-13 12:35:52", "elapsed": 10080.509598493576, "delta": 17.763917446136475}, "costs": {"total_cost": 204.7272504374778, "time_cost": 72.772, "final_distance_cost": 1.8496769144678677, "oscillation_cost": 41.45624863216585, "completition_cost": 0.0, "overshoot_cost": 50.38407907199517, "power_cost": 18.869845410156252, "noise_cost": 19.39540040869267, "n_waypoints_completed": 9, "tot_waypoints": 9}}
{"target": -1123.6178803668925, "params": {"k_pid_pos": [1.849624377781123, 0.258121499649558, 0.44963268842268056], "k_pid_alt": [1.2679502233621702, 0.0, 0.949345597264735], "k_pid_att": [14.415714892135846, 5.9521973635976435, 0.1845336041603497], "k_pid_yaw": [0.5, 1e-06, 0.1], "k_pid_hsp": [0.09847755819799779, 0.011264223901387349, 0.0], "k_pid_vsp": [194.7624155113164, 156.73508457218338, 131.1523689840326]}, "datetime": {"datetime": "2025-08-13 12:36:22", "elapsed": 10110.647326231003, "delta": 30.137727737426758}, "costs": {"total_cost": 1123.6178803668925, "time_cost": 150, "final_distance_cost": 86.53443934251479, "oscillation_cost": 11.33766922784404, "completition_cost": 777.7777777777778, "overshoot_cost": 36.45061102512809, "power_cost": 32.752734765625, "noise_cost": 28.76464822800264, "n_waypoints_completed": 2, "tot_waypoints": 9}}
{"target": -189.07397890569356, "params": {"k_pid_pos": [1.849624377781123, 0.024859491386256316, 0.855962508813682], "k_pid_alt": [1.2679502233621702, 0.0, 0.949345597264735], "k_pid_att": [14.415714892135846, 5.9521973635976435, 0.1845336041603497], "k_pid_yaw": [0.5, 1e-06, 0.1], "k_pid_hsp": [0.09847755819799779, 0.011264223901387349, 0.0], "k_pid_vsp": [194.7624155113164, 156.73508457218338, 10.0]}, "datetime": {"datetime": "2025-08-13 12:36:43", "elapsed": 10131.305055856705, "delta": 20.657729625701904}, "costs": {"total_cost": 189.07397890569356, "time_cost": 72.618, "final_distance_cost": 1.834412276335081, "oscillation_cost": 29.871097628508238, "completition_cost": 0.0, "overshoot_cost": 50.44296827394984, "power_cost": 16.650305676269532, "noise_cost": 17.657195050630865, "n_waypoints_completed": 9, "tot_waypoints": 9}}
{"target": -191.4354721411845, "params": {"k_pid_pos": [1.849624377781123, 0.024859491386256316, 0.44963268842268056], "k_pid_alt": [1.4458679973838424, 0.02520494712616217, 0.949345597264735], "k_pid_att": [39.447728079683905, 3.8677381495188174, 0.3366070335655168], "k_pid_yaw": [0.5, 1e-06, 0.1], "k_pid_hsp": [0.09847755819799779, 0.011264223901387349, 0.0], "k_pid_vsp": [194.7624155113164, 221.6078012742647, 10.0]}, "datetime": {"datetime": "2025-08-13 12:36:59", "elapsed": 10147.865658283234, "delta": 16.56060242652893}, "costs": {"total_cost": 191.4354721411845, "time_cost": 70.553, "final_distance_cost": 1.7806930771347589, "oscillation_cost": 31.653946738253104, "completition_cost": 0.0, "overshoot_cost": 51.1156642316315, "power_cost": 17.807302075195313, "noise_cost": 18.524866018969814, "n_waypoints_completed": 9, "tot_waypoints": 9}}
{"target": -345.90796783374594, "params": {"k_pid_pos": [1.849624377781123, 0.024859491386256316, 0.44963268842268056], "k_pid_alt": [1.296896341175293, 0.0, 0.3146878632891922], "k_pid_att": [39.447728079683905, 3.8677381495188174, 0.1845336041603497], "k_pid_yaw": [0.5, 1e-06, 0.1], "k_pid_hsp": [9.179433221978535, 0.011264223901387349, 0.0], "k_pid_vsp": [253.67328615807344, 336.89689932622207, 58.10898780114173]}, "datetime": {"datetime": "2025-08-13 12:37:16", "elapsed": 10164.254981279373, "delta": 16.389322996139526}, "costs": {"total_cost": 345.90796783374594, "time_cost": 68.866, "final_distance_cost": 1.8242661910980704, "oscillation_cost": 188.2517062492546, "completition_cost": 0.0, "overshoot_cost": 49.8913006039404, "power_cost": 19.173125000000002, "noise_cost": 17.901569789452825, "n_waypoints_completed": 9, "tot_waypoints": 9}}
{"target": -188.0366471048657, "params": {"k_pid_pos": [1.4340672435785011, 0.024859491386256316, 0.44963268842268056], "k_pid_alt": [1.2679502233621702, 0.0, 0.949345597264735], "k_pid_att": [14.415714892135846, 3.8677381495188174, 0.1845336041603497], "k_pid_yaw": [0.5, 1e-06, 0.1], "k_pid_hsp": [0.09847755819799779, 0.011264223901387349, 0.0], "k_pid_vsp": [194.7624155113164, 156.73508457218338, 10.0]}, "datetime": {"datetime": "2025-08-13 12:37:33", "elapsed": 10181.875360012054, "delta": 17.620378732681274}, "costs": {"total_cost": 188.0366471048657, "time_cost": 72.877, "final_distance_cost": 1.8150094663654848, "oscillation_cost": 29.433952351842215, "completition_cost": 0.0, "overshoot_cost": 50.464435636330194, "power_cost": 14.993381201171875, "noise_cost": 18.452868449155947, "n_waypoints_completed": 9, "tot_waypoints": 9}}
{"target": -201.75024654531754, "params": {"k_pid_pos": [1.849624377781123, 0.7234095031624597, 0.855962508813682], "k_pid_alt": [1.2679502233621702, 0.0, 0.949345597264735], "k_pid_att": [14.415714892135846, 5.9521973635976435, 0.1845336041603497], "k_pid_yaw": [0.5, 1e-06, 0.1], "k_pid_hsp": [0.09847755819799779, 0.011264223901387349, 0.0], "k_pid_vsp": [194.7624155113164, 93.09285943774285, 10.0]}, "datetime": {"datetime": "2025-08-13 12:37:53", "elapsed": 10201.2058198452, "delta": 19.33045983314514}, "costs": {"total_cost": 201.75024654531754, "time_cost": 81.242, "final_distance_cost": 1.800220143980943, "oscillation_cost": 33.00625141238344, "completition_cost": 0.0, "overshoot_cost": 52.41282301373518, "power_cost": 12.191672888183595, "noise_cost": 21.097279087034394, "n_waypoints_completed": 9, "tot_waypoints": 9}}
{"target": -2117.0531611948386, "params": {"k_pid_pos": [1.849624377781123, 0.1421860130150272, 0.44963268842268056], "k_pid_alt": [1.4458679973838424, 0.02520494712616217, 0.949345597264735], "k_pid_att": [39.447728079683905, 0.10763610062849525, 0.1845336041603497], "k_pid_yaw": [0.5, 1e-06, 0.1], "k_pid_hsp": [0.09847755819799779, 0.011264223901387349, 0.597335918711443], "k_pid_vsp": [17.18305095025783, 156.73508457218338, 10.0]}, "datetime": {"datetime": "2025-08-13 12:38:22", "elapsed": 10230.434245109558, "delta": 29.22842526435852}, "costs": {"total_cost": 2117.0531611948386, "time_cost": 150, "final_distance_cost": 57.275638864769796, "oscillation_cost": 835.0366494239179, "completition_cost": 888.8888888888888, "overshoot_cost": 128.20580566576012, "power_cost": 28.263975976562502, "noise_cost": 29.382202374939276, "n_waypoints_completed": 1, "tot_waypoints": 9}}
