{"target": -193.12443831133376, "params": {"k_pid_pos": [1.733835489643198, 0.024859491386256316, 0.704167472379422], "k_pid_alt": [1.4458679973838424, 0.0, 0.3146878632891922], "k_pid_att": [43.948176657889235, 0.18205753750414305, 0.73590781336997], "k_pid_yaw": [0.5, 1e-06, 0.1], "k_pid_hsp": [0.09847755819799779, 0.011264223901387349, 0.0], "k_pid_vsp": [360.3759557007902, 93.09285943774285, 10.0]}, "datetime": {"datetime": "2025-08-13 18:06:40", "elapsed": 29928.148715257645, "delta": 17.510952472686768}, "costs": {"total_cost": 193.12443831133376, "time_cost": 70.658, "final_distance_cost": 1.810133089746834, "oscillation_cost": 28.497543652841152, "completition_cost": 0.0, "overshoot_cost": 51.500298264936355, "power_cost": 20.883032836914065, "noise_cost": 19.775430466895358, "n_waypoints_completed": 9, "tot_waypoints": 9}}
{"target": -190.0033290733767, "params": {"k_pid_pos": [1.733835489643198, 0.024859491386256316, 0.9451257094832697], "k_pid_alt": [1.4458679973838424, 0.0, 0.3146878632891922], "k_pid_att": [43.948176657889235, 0.18205753750414305, 0.73590781336997], "k_pid_yaw": [0.5, 1e-06, 0.1], "k_pid_hsp": [0.09847755819799779, 0.011264223901387349, 0.0], "k_pid_vsp": [251.5004449007475, 93.09285943774285, 10.0]}, "datetime": {"datetime": "2025-08-13 18:06:56", "elapsed": 29944.916911125183, "delta": 16.768195867538452}, "costs": {"total_cost": 190.0033290733767, "time_cost": 70.364, "final_distance_cost": 1.830618962824327, "oscillation_cost": 28.04064860502232, "completition_cost": 0.0, "overshoot_cost": 51.04792224377356, "power_cost": 19.287195507812502, "noise_cost": 19.43294375394398, "n_waypoints_completed": 9, "tot_waypoints": 9}}
{"target": -191.61991105025498, "params": {"k_pid_pos": [1.9475525933111357, 0.024859491386256316, 0.8519347702918288], "k_pid_alt": [1.4458679973838424, 0.0, 0.6600607021214705], "k_pid_att": [39.447728079683905, 3.8677381495188174, 0.6559199499296157], "k_pid_yaw": [0.5, 1e-06, 0.1], "k_pid_hsp": [0.09847755819799779, 0.011264223901387349, 0.0], "k_pid_vsp": [251.5004449007475, 93.09285943774285, 10.0]}, "datetime": {"datetime": "2025-08-13 18:07:14", "elapsed": 29962.226523160934, "delta": 17.309612035751343}, "costs": {"total_cost": 191.61991105025498, "time_cost": 71.022, "final_distance_cost": 1.8050260491671144, "oscillation_cost": 29.335957269638147, "completition_cost": 0.0, "overshoot_cost": 51.30408326199027, "power_cost": 19.326715954589844, "noise_cost": 18.82612851486962, "n_waypoints_completed": 9, "tot_waypoints": 9}}
{"target": -1372.7565551233488, "params": {"k_pid_pos": [1.4340672435785011, 0.024859491386256316, 0.8544707697037623], "k_pid_alt": [1.6187944706918798, 0.0, 0.6600607021214705], "k_pid_att": [20.219698052466416, 3.8677381495188174, 0.666719676683535], "k_pid_yaw": [0.5, 1e-06, 0.1], "k_pid_hsp": [0.09847755819799779, 0.011264223901387349, 0.0], "k_pid_vsp": [128.61003815237223, 93.09285943774285, 270.8173234388649]}, "datetime": {"datetime": "2025-08-13 18:07:43", "elapsed": 29991.332000017166, "delta": 29.10547685623169}, "costs": {"total_cost": 1372.7565551233488, "time_cost": 150, "final_distance_cost": 70.52299220555273, "oscillation_cost": 8.462893263863306, "completition_cost": 777.7777777777778, "overshoot_cost": 308.36128346497435, "power_cost": 29.18564743652344, "noise_cost": 28.44596097465723, "n_waypoints_completed": 2, "tot_waypoints": 9}}
{"target": -194.65900689346313, "params": {"k_pid_pos": [1.6203022768980826, 0.024859491386256316, 0.8519347702918288], "k_pid_alt": [1.3959173657108794, 0.0, 0.8285330192795117], "k_pid_att": [99.38888853887859, 5.314906102430602, 0.5315175384971502], "k_pid_yaw": [0.5, 1e-06, 0.1], "k_pid_hsp": [0.09847755819799779, 0.011264223901387349, 0.0], "k_pid_vsp": [376.5747392387296, 369.48810340511164, 10.0]}, "datetime": {"datetime": "2025-08-13 18:08:00", "elapsed": 30008.416485786438, "delta": 17.08448576927185}, "costs": {"total_cost": 194.65900689346313, "time_cost": 72.268, "final_distance_cost": 1.8367131242953512, "oscillation_cost": 28.418767309150912, "completition_cost": 0.0, "overshoot_cost": 51.080239506976994, "power_cost": 20.985439978027344, "noise_cost": 20.06984697501254, "n_waypoints_completed": 9, "tot_waypoints": 9}}
{"target": -186.14852473913953, "params": {"k_pid_pos": [1.6203022768980826, 0.024859491386256316, 0.3353774509995945], "k_pid_alt": [1.3959173657108794, 0.0, 0.8285330192795117], "k_pid_att": [71.45838630927439, 0.18205753750414305, 0.5315175384971502], "k_pid_yaw": [0.5, 1e-06, 0.1], "k_pid_hsp": [0.09847755819799779, 0.011264223901387349, 0.0], "k_pid_vsp": [376.5747392387296, 369.48810340511164, 10.0]}, "datetime": {"datetime": "2025-08-13 18:08:18", "elapsed": 30026.18118429184, "delta": 17.76469850540161}, "costs": {"total_cost": 186.14852473913953, "time_cost": 71.652, "final_distance_cost": 1.8163347314887017, "oscillation_cost": 32.5379956458767, "completition_cost": 0.0, "overshoot_cost": 50.91359028290032, "power_cost": 11.635251306152345, "noise_cost": 17.593352772721463, "n_waypoints_completed": 9, "tot_waypoints": 9}}
{"target": -209.13560429866354, "params": {"k_pid_pos": [1.6203022768980826, 0.4373103020731042, 0.8519347702918288], "k_pid_alt": [0.8287604735407312, 0.0, 0.2915903713486512], "k_pid_att": [43.948176657889235, 1.7717243195899302, 0.34464953207076743], "k_pid_yaw": [0.5, 1e-06, 0.1], "k_pid_hsp": [0.09847755819799779, 0.011264223901387349, 0.0], "k_pid_vsp": [251.5004449007475, 162.93713400307487, 10.0]}, "datetime": {"datetime": "2025-08-13 18:08:38", "elapsed": 30046.484632492065, "delta": 20.30344820022583}, "costs": {"total_cost": 209.13560429866354, "time_cost": 80.801, "final_distance_cost": 1.8122797603751823, "oscillation_cost": 29.445604424100527, "completition_cost": 0.0, "overshoot_cost": 52.323942383426406, "power_cost": 23.016243554687502, "noise_cost": 21.736534176073945, "n_waypoints_completed": 9, "tot_waypoints": 9}}
{"target": -191.3126685538285, "params": {"k_pid_pos": [1.733835489643198, 0.024859491386256316, 0.704167472379422], "k_pid_alt": [1.4458679973838424, 0.0, 0.6600607021214705], "k_pid_att": [39.447728079683905, 3.8677381495188174, 0.2977476601316654], "k_pid_yaw": [0.5, 1e-06, 0.1], "k_pid_hsp": [0.09847755819799779, 0.011264223901387349, 0.0], "k_pid_vsp": [128.61003815237223, 93.09285943774285, 10.0]}, "datetime": {"datetime": "2025-08-13 18:08:55", "elapsed": 30063.18618130684, "delta": 16.70154881477356}, "costs": {"total_cost": 191.3126685538285, "time_cost": 71.134, "final_distance_cost": 1.8000631524496136, "oscillation_cost": 29.05771467218961, "completition_cost": 0.0, "overshoot_cost": 50.9999050816669, "power_cost": 19.26967176513672, "noise_cost": 19.05131388238564, "n_waypoints_completed": 9, "tot_waypoints": 9}}
{"target": -193.49093177380658, "params": {"k_pid_pos": [1.4340672435785011, 0.024859491386256316, 0.8519347702918288], "k_pid_alt": [1.477768752937916, 0.0, 0.6600607021214705], "k_pid_att": [39.447728079683905, 1.2832267695489696, 0.6559199499296157], "k_pid_yaw": [0.5, 1e-06, 0.1], "k_pid_hsp": [0.09847755819799779, 0.011264223901387349, 0.0], "k_pid_vsp": [68.87684793552155, 204.84203769155826, 10.0]}, "datetime": {"datetime": "2025-08-13 18:09:12", "elapsed": 30080.75005888939, "delta": 17.56387758255005}, "costs": {"total_cost": 193.49093177380658, "time_cost": 71.72200000000001, "final_distance_cost": 1.8335964967703915, "oscillation_cost": 28.1885862697898, "completition_cost": 0.0, "overshoot_cost": 51.03388900707829, "power_cost": 20.66011495361328, "noise_cost": 20.052745046554815, "n_waypoints_completed": 9, "tot_waypoints": 9}}
{"target": -191.42261586480979, "params": {"k_pid_pos": [1.6203022768980826, 0.024859491386256316, 0.3353774509995945], "k_pid_alt": [1.3959173657108794, 0.0, 0.8285330192795117], "k_pid_att": [71.45838630927439, 0.18205753750414305, 0.5315175384971502], "k_pid_yaw": [0.5, 1e-06, 0.1], "k_pid_hsp": [0.09847755819799779, 0.011264223901387349, 0.0], "k_pid_vsp": [376.5747392387296, 369.48810340511164, 10.0]}, "datetime": {"datetime": "2025-08-13 18:09:29", "elapsed": 30097.97147488594, "delta": 17.221415996551514}, "costs": {"total_cost": 191.42261586480979, "time_cost": 71.883, "final_distance_cost": 1.8045277233618138, "oscillation_cost": 31.53052130920934, "completition_cost": 0.0, "overshoot_cost": 50.79279897823069, "power_cost": 17.41786384277344, "noise_cost": 17.99390401123449, "n_waypoints_completed": 9, "tot_waypoints": 9}}
{"target": -213.0306661970218, "params": {"k_pid_pos": [1.6203022768980826, 0.5395430241053415, 0.8519347702918288], "k_pid_alt": [1.3959173657108794, 0.0, 0.6600607021214705], "k_pid_att": [39.447728079683905, 1.2832267695489696, 0.6559199499296157], "k_pid_yaw": [0.5, 1e-06, 0.1], "k_pid_hsp": [0.09847755819799779, 0.011264223901387349, 0.0], "k_pid_vsp": [68.87684793552155, 204.84203769155826, 10.0]}, "datetime": {"datetime": "2025-08-13 18:09:49", "elapsed": 30117.839181423187, "delta": 19.867706537246704}, "costs": {"total_cost": 213.0306661970218, "time_cost": 79.471, "final_distance_cost": 1.7884503328975514, "oscillation_cost": 30.44524964931277, "completition_cost": 0.0, "overshoot_cost": 52.322585462168725, "power_cost": 25.53709324951172, "noise_cost": 23.466287503131, "n_waypoints_completed": 9, "tot_waypoints": 9}}
{"target": -258.98328871607947, "params": {"k_pid_pos": [1.4340672435785011, 0.024859491386256316, 0.8519347702918288], "k_pid_alt": [1.477768752937916, 0.0, 0.8285330192795117], "k_pid_att": [99.38888853887859, 5.314906102430602, 0.5315175384971502], "k_pid_yaw": [0.5, 1e-06, 0.1], "k_pid_hsp": [0.09847755819799779, 0.011264223901387349, 0.0], "k_pid_vsp": [376.5747392387296, 369.48810340511164, 248.32834799869224]}, "datetime": {"datetime": "2025-08-13 18:10:15", "elapsed": 30143.40457057953, "delta": 25.565389156341553}, "costs": {"total_cost": 258.98328871607947, "time_cost": 104.636, "final_distance_cost": 1.8236083082556118, "oscillation_cost": 28.95540977039997, "completition_cost": 0.0, "overshoot_cost": 70.05651881834522, "power_cost": 28.170998352050784, "noise_cost": 25.340753467027888, "n_waypoints_completed": 9, "tot_waypoints": 9}}
{"target": -881.2723265419739, "params": {"k_pid_pos": [0.21432707518699828, 0.024859491386256316, 0.8519347702918288], "k_pid_alt": [1.4458679973838424, 0.0, 0.6600607021214705], "k_pid_att": [39.447728079683905, 3.8677381495188174, 0.8034371824215166], "k_pid_yaw": [0.5, 1e-06, 0.1], "k_pid_hsp": [2.6218836386490305, 0.011264223901387349, 0.0], "k_pid_vsp": [128.61003815237223, 93.09285943774285, 10.0]}, "datetime": {"datetime": "2025-08-13 18:10:44", "elapsed": 30172.465212583542, "delta": 29.06064200401306}, "costs": {"total_cost": 881.2723265419739, "time_cost": 150, "final_distance_cost": 45.05511964505377, "oscillation_cost": 16.092006487835587, "completition_cost": 555.5555555555555, "overshoot_cost": 58.12694170069812, "power_cost": 27.990180981445313, "noise_cost": 28.452522171385567, "n_waypoints_completed": 4, "tot_waypoints": 9}}
{"target": -192.2082621966191, "params": {"k_pid_pos": [1.4340672435785011, 0.024859491386256316, 0.8519347702918288], "k_pid_alt": [1.4458679973838424, 0.0, 0.6600607021214705], "k_pid_att": [39.447728079683905, 3.8677381495188174, 0.6559199499296157], "k_pid_yaw": [0.5, 1e-06, 0.1], "k_pid_hsp": [0.09847755819799779, 0.011264223901387349, 0.0], "k_pid_vsp": [251.5004449007475, 93.09285943774285, 10.0]}, "datetime": {"datetime": "2025-08-13 18:11:01", "elapsed": 30189.293663740158, "delta": 16.82845115661621}, "costs": {"total_cost": 192.2082621966191, "time_cost": 71.862, "final_distance_cost": 1.8456079595292956, "oscillation_cost": 27.24039150742458, "completition_cost": 0.0, "overshoot_cost": 51.41453858936572, "power_cost": 20.035681750488283, "noise_cost": 19.810042389811237, "n_waypoints_completed": 9, "tot_waypoints": 9}}
{"target": -1457.8211193307563, "params": {"k_pid_pos": [1.6203022768980826, 0.06681891267873763, 0.704167472379422], "k_pid_alt": [1.4458679973838424, 0.997146087838624, 0.3146878632891922], "k_pid_att": [43.948176657889235, 0.18205753750414305, 0.73590781336997], "k_pid_yaw": [0.5, 1e-06, 0.1], "k_pid_hsp": [0.09847755819799779, 0.011264223901387349, 0.17347071733517094], "k_pid_vsp": [360.3759557007902, 93.09285943774285, 10.0]}, "datetime": {"datetime": "2025-08-13 18:11:30", "elapsed": 30218.95213007927, "delta": 29.658466339111328}, "costs": {"total_cost": 1457.8211193307563, "time_cost": 150, "final_distance_cost": 45.07359470430584, "oscillation_cost": 555.6516869538042, "completition_cost": 555.5555555555555, "overshoot_cost": 80.18778051506692, "power_cost": 39.098661328125004, "noise_cost": 32.253840273898916, "n_waypoints_completed": 4, "tot_waypoints": 9}}
{"target": -190.19481732009626, "params": {"k_pid_pos": [1.733835489643198, 0.024859491386256316, 0.5374545101912236], "k_pid_alt": [1.3959173657108794, 0.0, 0.9128610184476774], "k_pid_att": [21.6711938663424, 5.824334032821091, 0.34464953207076743], "k_pid_yaw": [0.5, 1e-06, 0.1], "k_pid_hsp": [0.09847755819799779, 0.011264223901387349, 0.0], "k_pid_vsp": [251.5004449007475, 93.09285943774285, 10.0]}, "datetime": {"datetime": "2025-08-13 18:11:48", "elapsed": 30236.765298843384, "delta": 17.81316876411438}, "costs": {"total_cost": 190.19481732009626, "time_cost": 71.995, "final_distance_cost": 1.8132758276034573, "oscillation_cost": 30.404395708330465, "completition_cost": 0.0, "overshoot_cost": 51.157562580469516, "power_cost": 15.97806356201172, "noise_cost": 18.846519641681095, "n_waypoints_completed": 9, "tot_waypoints": 9}}
{"target": -208.99501968884204, "params": {"k_pid_pos": [1.733835489643198, 0.7184125440133404, 0.704167472379422], "k_pid_alt": [1.4458679973838424, 0.0, 0.6600607021214705], "k_pid_att": [39.447728079683905, 2.3127179700097718, 0.666719676683535], "k_pid_yaw": [0.5, 1e-06, 0.1], "k_pid_hsp": [0.09847755819799779, 0.011264223901387349, 0.0], "k_pid_vsp": [128.61003815237223, 93.09285943774285, 10.0]}, "datetime": {"datetime": "2025-08-13 18:12:08", "elapsed": 30256.090214252472, "delta": 19.324915409088135}, "costs": {"total_cost": 208.99501968884204, "time_cost": 80.549, "final_distance_cost": 1.7458630108776267, "oscillation_cost": 33.22695978683561, "completition_cost": 0.0, "overshoot_cost": 52.98730130167237, "power_cost": 20.08935126953125, "noise_cost": 20.39654431992517, "n_waypoints_completed": 9, "tot_waypoints": 9}}
{"target": -191.50843473484088, "params": {"k_pid_pos": [1.4340672435785011, 0.024859491386256316, 0.8519347702918288], "k_pid_alt": [1.4458679973838424, 0.0, 0.3146878632891922], "k_pid_att": [20.112068749896174, 0.18205753750414305, 0.31947664798329845], "k_pid_yaw": [0.5, 1e-06, 0.1], "k_pid_hsp": [0.09847755819799779, 0.011264223901387349, 0.0], "k_pid_vsp": [360.3759557007902, 93.09285943774285, 10.0]}, "datetime": {"datetime": "2025-08-13 18:12:24", "elapsed": 30272.940979719162, "delta": 16.850765466690063}, "costs": {"total_cost": 191.50843473484088, "time_cost": 71.372, "final_distance_cost": 1.8291159116330404, "oscillation_cost": 26.396065087040007, "completition_cost": 0.0, "overshoot_cost": 51.42277636374708, "power_cost": 20.36657872314453, "noise_cost": 20.121898649276194, "n_waypoints_completed": 9, "tot_waypoints": 9}}
{"target": -181.4604579234871, "params": {"k_pid_pos": [1.4340672435785011, 0.024859491386256316, 0.8519347702918288], "k_pid_alt": [1.477768752937916, 0.0, 0.6600607021214705], "k_pid_att": [39.447728079683905, 1.2832267695489696, 0.6559199499296157], "k_pid_yaw": [0.5, 1e-06, 0.1], "k_pid_hsp": [0.09847755819799779, 0.011264223901387349, 0.0], "k_pid_vsp": [264.9966777379314, 204.84203769155826, 10.0]}, "datetime": {"datetime": "2025-08-13 18:12:42", "elapsed": 30290.203491926193, "delta": 17.26251220703125}, "costs": {"total_cost": 181.4604579234871, "time_cost": 71.267, "final_distance_cost": 1.8397922464068939, "oscillation_cost": 27.458001846158854, "completition_cost": 0.0, "overshoot_cost": 50.200626152902494, "power_cost": 12.228377954101562, "noise_cost": 18.46665972391731, "n_waypoints_completed": 9, "tot_waypoints": 9}}
{"target": -1830.155568116152, "params": {"k_pid_pos": [1.4340672435785011, 0.024859491386256316, 0.8544707697037623], "k_pid_alt": [1.4458679973838424, 0.0, 0.8560218098530704], "k_pid_att": [39.447728079683905, 3.8677381495188174, 0.6559199499296157], "k_pid_yaw": [0.5, 1e-06, 0.1], "k_pid_hsp": [0.09847755819799779, 0.011264223901387349, 0.5332591165996085], "k_pid_vsp": [251.5004449007475, 298.3527446526404, 10.0]}, "datetime": {"datetime": "2025-08-13 18:13:10", "elapsed": 30318.963956594467, "delta": 28.760464668273926}, "costs": {"total_cost": 1830.155568116152, "time_cost": 150, "final_distance_cost": 86.46234683207953, "oscillation_cost": 811.6835108547358, "completition_cost": 666.6666666666667, "overshoot_cost": 67.35356493811325, "power_cost": 20.764654833984377, "noise_cost": 27.224823990572183, "n_waypoints_completed": 3, "tot_waypoints": 9}}
{"target": -196.1532670563844, "params": {"k_pid_pos": [1.4423278017687713, 0.024859491386256316, 0.704167472379422], "k_pid_alt": [1.4458679973838424, 0.0, 0.3146878632891922], "k_pid_att": [18.716498687641693, 0.18205753750414305, 0.73590781336997], "k_pid_yaw": [0.5, 1e-06, 0.1], "k_pid_hsp": [5.751519431904279, 0.011264223901387349, 0.0], "k_pid_vsp": [251.5004449007475, 93.09285943774285, 10.0]}, "datetime": {"datetime": "2025-08-13 18:13:28", "elapsed": 30336.528733968735, "delta": 17.564777374267578}, "costs": {"total_cost": 196.1532670563844, "time_cost": 70.84, "final_distance_cost": 1.8446789054183845, "oscillation_cost": 36.38306604891614, "completition_cost": 0.0, "overshoot_cost": 50.59835427760085, "power_cost": 17.37762908935547, "noise_cost": 19.109538735093544, "n_waypoints_completed": 9, "tot_waypoints": 9}}
{"target": -191.83721461114607, "params": {"k_pid_pos": [1.733835489643198, 0.024859491386256316, 0.9451257094832697], "k_pid_alt": [1.4458679973838424, 0.0, 0.3146878632891922], "k_pid_att": [43.948176657889235, 0.18205753750414305, 0.73590781336997], "k_pid_yaw": [0.5, 1e-06, 0.1], "k_pid_hsp": [0.09847755819799779, 0.011264223901387349, 0.0], "k_pid_vsp": [251.5004449007475, 93.09285943774285, 10.0]}, "datetime": {"datetime": "2025-08-13 18:13:46", "elapsed": 30354.702543497086, "delta": 18.17380952835083}, "costs": {"total_cost": 191.83721461114607, "time_cost": 70.595, "final_distance_cost": 1.826964881158011, "oscillation_cost": 27.765551191747047, "completition_cost": 0.0, "overshoot_cost": 51.25309546819267, "power_cost": 20.29264237060547, "noise_cost": 20.10396069944288, "n_waypoints_completed": 9, "tot_waypoints": 9}}
{"target": -198.3957893222018, "params": {"k_pid_pos": [1.733835489643198, 0.024859491386256316, 0.9837022460713571], "k_pid_alt": [1.4458679973838424, 0.0, 0.26930141191004886], "k_pid_att": [43.948176657889235, 4.514399977632767, 0.2977476601316654], "k_pid_yaw": [0.5, 1e-06, 0.1], "k_pid_hsp": [0.09847755819799779, 0.011264223901387349, 0.0], "k_pid_vsp": [128.61003815237223, 93.09285943774285, 10.0]}, "datetime": {"datetime": "2025-08-13 18:14:03", "elapsed": 30371.390704631805, "delta": 16.68816113471985}, "costs": {"total_cost": 198.3957893222018, "time_cost": 71.218, "final_distance_cost": 1.8420620433419281, "oscillation_cost": 27.787191027380764, "completition_cost": 0.0, "overshoot_cost": 51.86111385004493, "power_cost": 23.799257690429688, "noise_cost": 21.888164711004485, "n_waypoints_completed": 9, "tot_waypoints": 9}}
{"target": -1032.5815154098314, "params": {"k_pid_pos": [1.733835489643198, 0.024859491386256316, 0.704167472379422], "k_pid_alt": [1.4458679973838424, 0.9470325041280537, 0.6600607021214705], "k_pid_att": [39.447728079683905, 3.8677381495188174, 0.73590781336997], "k_pid_yaw": [0.5, 1e-06, 0.1], "k_pid_hsp": [0.09847755819799779, 0.6081750647072628, 0.0], "k_pid_vsp": [360.3759557007902, 93.09285943774285, 10.0]}, "datetime": {"datetime": "2025-08-13 18:14:32", "elapsed": 30400.433926582336, "delta": 29.043221950531006}, "costs": {"total_cost": 1032.5815154098314, "time_cost": 150, "final_distance_cost": 47.66560498773329, "oscillation_cost": 137.92749335976893, "completition_cost": 555.5555555555555, "overshoot_cost": 72.6143113693208, "power_cost": 33.104186267089844, "noise_cost": 35.71436387036289, "n_waypoints_completed": 4, "tot_waypoints": 9}}
{"target": -188.13452787468043, "params": {"k_pid_pos": [1.733835489643198, 0.024859491386256316, 0.8519347702918288], "k_pid_alt": [1.4458679973838424, 0.0, 0.10702076326620091], "k_pid_att": [43.948176657889235, 0.18205753750414305, 0.34464953207076743], "k_pid_yaw": [0.5, 1e-06, 0.1], "k_pid_hsp": [0.09847755819799779, 0.011264223901387349, 0.0], "k_pid_vsp": [376.5747392387296, 93.09285943774285, 20.226497411895423]}, "datetime": {"datetime": "2025-08-13 18:14:49", "elapsed": 30417.659158706665, "delta": 17.225232124328613}, "costs": {"total_cost": 188.13452787468043, "time_cost": 70.532, "final_distance_cost": 1.828195076744963, "oscillation_cost": 27.68536241422698, "completition_cost": 0.0, "overshoot_cost": 51.08677968471068, "power_cost": 18.736422119140627, "noise_cost": 18.265768579857184, "n_waypoints_completed": 9, "tot_waypoints": 9}}
