{"target": -437.04720590657155, "params": {"k_pid_pos": [0.36350179529433674, 0.43727115131929417, 0.416330797462678], "k_pid_alt": [1.5786606064986153, 0.0, 0.6182064035467875], "k_pid_att": [11.329609997636037, 3.4126860594551975, 0.261380462049589], "k_pid_yaw": [0.5, 1e-06, 0.1], "k_pid_hsp": [0.17225665165883555, 0.011264223901387349, 0.0], "k_pid_vsp": [1.3827598142708286, 127.91747472228406, 10.0]}, "datetime": {"datetime": "2025-08-13 23:42:44", "elapsed": 50092.51018643379, "delta": 30.494832515716553}, "costs": {"total_cost": 437.04720590657155, "time_cost": 150, "final_distance_cost": 18.712770531082494, "oscillation_cost": 52.54231735007558, "completition_cost": 111.11111111111116, "overshoot_cost": 52.64740509701301, "power_cost": 25.558800256347656, "noise_cost": 26.474801560941696, "n_waypoints_completed": 8, "tot_waypoints": 9}}
{"target": -190.08142596205215, "params": {"k_pid_pos": [1.733835489643198, 0.024859491386256316, 0.9451257094832697], "k_pid_alt": [1.5786606064986153, 0.0, 0.23086984934879706], "k_pid_att": [23.08752834258585, 4.077532668255645, 0.261380462049589], "k_pid_yaw": [0.5, 1e-06, 0.1], "k_pid_hsp": [0.17225665165883555, 0.032377942493985734, 0.0], "k_pid_vsp": [237.37114527084637, 57.93155354082285, 10.0]}, "datetime": {"datetime": "2025-08-13 23:43:01", "elapsed": 50109.191660404205, "delta": 16.681473970413208}, "costs": {"total_cost": 190.08142596205215, "time_cost": 70.07000000000001, "final_distance_cost": 1.8479576353742315, "oscillation_cost": 29.508685025789998, "completition_cost": 0.0, "overshoot_cost": 50.3971408503197, "power_cost": 19.011872680664062, "noise_cost": 19.245769769904136, "n_waypoints_completed": 9, "tot_waypoints": 9}}
{"target": -197.32178702829935, "params": {"k_pid_pos": [1.733835489643198, 0.024859491386256316, 0.9451257094832697], "k_pid_alt": [0.9020104990244227, 0.0, 0.7248340866032845], "k_pid_att": [97.15749504346589, 5.894529415990727, 0.261380462049589], "k_pid_yaw": [0.5, 1e-06, 0.1], "k_pid_hsp": [0.17225665165883555, 0.011264223901387349, 0.0], "k_pid_vsp": [237.37114527084637, 57.93155354082285, 10.0]}, "datetime": {"datetime": "2025-08-13 23:43:22", "elapsed": 50130.266692876816, "delta": 21.075032472610474}, "costs": {"total_cost": 197.32178702829935, "time_cost": 75.565, "final_distance_cost": 1.8462088217400752, "oscillation_cost": 36.364775500775764, "completition_cost": 0.0, "overshoot_cost": 50.53444801323792, "power_cost": 13.915481604003906, "noise_cost": 19.09587308854169, "n_waypoints_completed": 9, "tot_waypoints": 9}}
{"target": -253.54881834352156, "params": {"k_pid_pos": [1.1837130645794225, 0.15981585111244379, 0.9451257094832697], "k_pid_alt": [1.5786606064986153, 0.0, 0.23086984934879706], "k_pid_att": [23.08752834258585, 4.077532668255645, 0.261380462049589], "k_pid_yaw": [0.5, 1e-06, 0.1], "k_pid_hsp": [7.526622201336775, 0.011264223901387349, 0.0], "k_pid_vsp": [237.37114527084637, 57.93155354082285, 10.0]}, "datetime": {"datetime": "2025-08-13 23:43:42", "elapsed": 50150.493911743164, "delta": 20.227218866348267}, "costs": {"total_cost": 253.54881834352156, "time_cost": 75.635, "final_distance_cost": 1.8421704947092696, "oscillation_cost": 86.95147213247533, "completition_cost": 0.0, "overshoot_cost": 51.16647828522664, "power_cost": 17.4523416015625, "noise_cost": 20.501355829547794, "n_waypoints_completed": 9, "tot_waypoints": 9}}
{"target": -209.86992655478684, "params": {"k_pid_pos": [1.733835489643198, 0.024859491386256316, 0.416330797462678], "k_pid_alt": [0.7663335954160646, 0.0, 0.25938735764965193], "k_pid_att": [11.329609997636037, 3.4126860594551975, 0.261380462049589], "k_pid_yaw": [0.5, 1e-06, 0.1], "k_pid_hsp": [7.837403453361883, 0.011264223901387349, 0.0], "k_pid_vsp": [205.46647479918613, 127.91747472228406, 10.0]}, "datetime": {"datetime": "2025-08-13 23:43:59", "elapsed": 50167.895433187485, "delta": 17.40152144432068}, "costs": {"total_cost": 209.86992655478684, "time_cost": 72.21900000000001, "final_distance_cost": 1.8358919906213258, "oscillation_cost": 52.54006097624773, "completition_cost": 0.0, "overshoot_cost": 49.55076992873293, "power_cost": 15.428512573242188, "noise_cost": 18.295691085942693, "n_waypoints_completed": 9, "tot_waypoints": 9}}
{"target": -470.4878395891268, "params": {"k_pid_pos": [1.1837130645794225, 0.024859491386256316, 0.416330797462678], "k_pid_alt": [1.5786606064986153, 0.0, 0.09647725790914718], "k_pid_att": [11.329609997636037, 3.4126860594551975, 0.022918440282009178], "k_pid_yaw": [0.5, 1e-06, 0.1], "k_pid_hsp": [0.016744376538463668, 0.011264223901387349, 0.0], "k_pid_vsp": [205.46647479918613, 127.91747472228406, 10.0]}, "datetime": {"datetime": "2025-08-13 23:44:30", "elapsed": 50198.59546613693, "delta": 30.700032949447632}, "costs": {"total_cost": 470.4878395891268, "time_cost": 150, "final_distance_cost": 66.01290297501475, "oscillation_cost": 18.827695842061853, "completition_cost": 111.11111111111116, "overshoot_cost": 55.93834213321905, "power_cost": 35.58940965576172, "noise_cost": 33.00837787195825, "n_waypoints_completed": 8, "tot_waypoints": 9}}
{"target": -207.96397818339534, "params": {"k_pid_pos": [1.733835489643198, 0.08976672005448583, 0.9451257094832697], "k_pid_alt": [1.5786606064986153, 0.0, 0.3157032531275451], "k_pid_att": [11.329609997636037, 3.4126860594551975, 0.261380462049589], "k_pid_yaw": [0.5, 1e-06, 0.1], "k_pid_hsp": [0.17225665165883555, 0.011264223901387349, 0.0], "k_pid_vsp": [237.37114527084637, 57.93155354082285, 10.0]}, "datetime": {"datetime": "2025-08-13 23:44:50", "elapsed": 50218.601600170135, "delta": 20.006134033203125}, "costs": {"total_cost": 207.96397818339534, "time_cost": 72.57600000000001, "final_distance_cost": 1.8340255086892812, "oscillation_cost": 29.907457171168097, "completition_cost": 0.0, "overshoot_cost": 53.33239042055527, "power_cost": 26.524310327148438, "noise_cost": 23.789794755834247, "n_waypoints_completed": 9, "tot_waypoints": 9}}
{"target": -192.80797433299898, "params": {"k_pid_pos": [1.733835489643198, 0.024859491386256316, 0.4802608558925999], "k_pid_alt": [0.9997830193370283, 0.0, 0.13882932479520194], "k_pid_att": [93.20553315477635, 7.347914484943822, 0.261380462049589], "k_pid_yaw": [0.5, 1e-06, 0.1], "k_pid_hsp": [0.17225665165883555, 0.032377942493985734, 0.0], "k_pid_vsp": [237.37114527084637, 57.93155354082285, 10.0]}, "datetime": {"datetime": "2025-08-13 23:45:09", "elapsed": 50237.11493563652, "delta": 18.513335466384888}, "costs": {"total_cost": 192.80797433299898, "time_cost": 70.294, "final_distance_cost": 1.8215702517766392, "oscillation_cost": 34.49980732261607, "completition_cost": 0.0, "overshoot_cost": 50.30193859015301, "power_cost": 17.455587902832033, "noise_cost": 18.435070265621206, "n_waypoints_completed": 9, "tot_waypoints": 9}}
{"target": -1776.1326146742351, "params": {"k_pid_pos": [1.733835489643198, 0.024859491386256316, 0.9451257094832697], "k_pid_alt": [1.5786606064986153, 0.0, 0.23086984934879706], "k_pid_att": [23.08752834258585, 4.077532668255645, 0.680058006373419], "k_pid_yaw": [0.5, 1e-06, 0.1], "k_pid_hsp": [0.09847755819799779, 0.011264223901387349, 0.0], "k_pid_vsp": [237.37114527084637, 97.47868520206696, 384.8148365334953]}, "datetime": {"datetime": "2025-08-13 23:45:40", "elapsed": 50268.80211043358, "delta": 31.687174797058105}, "costs": {"total_cost": 1776.1326146742351, "time_cost": 150, "final_distance_cost": 236.25873367883568, "oscillation_cost": 7.36318990553509, "completition_cost": 888.8888888888888, "overshoot_cost": 438.39046841227605, "power_cost": 28.007611645507815, "noise_cost": 27.22372214319169, "n_waypoints_completed": 1, "tot_waypoints": 9}}
{"target": -195.76554331079151, "params": {"k_pid_pos": [1.733835489643198, 0.024859491386256316, 0.9451257094832697], "k_pid_alt": [1.5786606064986153, 0.0, 0.03027788721554503], "k_pid_att": [23.08752834258585, 4.077532668255645, 0.261380462049589], "k_pid_yaw": [0.5, 1e-06, 0.1], "k_pid_hsp": [0.17225665165883555, 0.011264223901387349, 0.0], "k_pid_vsp": [237.37114527084637, 57.93155354082285, 10.0]}, "datetime": {"datetime": "2025-08-13 23:45:58", "elapsed": 50286.668741464615, "delta": 17.866631031036377}, "costs": {"total_cost": 195.76554331079151, "time_cost": 70.644, "final_distance_cost": 1.8392201297464705, "oscillation_cost": 28.715574989076394, "completition_cost": 0.0, "overshoot_cost": 51.63183750891329, "power_cost": 21.69386207275391, "noise_cost": 21.241048610301444, "n_waypoints_completed": 9, "tot_waypoints": 9}}
{"target": -202.8429764939993, "params": {"k_pid_pos": [1.733835489643198, 0.3341965058071453, 0.9451257094832697], "k_pid_alt": [1.5786606064986153, 0.0, 0.23086984934879706], "k_pid_att": [23.08752834258585, 4.077532668255645, 0.261380462049589], "k_pid_yaw": [0.5, 1e-06, 0.1], "k_pid_hsp": [1.380453583829348, 0.032377942493985734, 0.0], "k_pid_vsp": [237.37114527084637, 57.93155354082285, 10.0]}, "datetime": {"datetime": "2025-08-13 23:46:17", "elapsed": 50305.55389666557, "delta": 18.885155200958252}, "costs": {"total_cost": 202.8429764939993, "time_cost": 72.184, "final_distance_cost": 1.8350024243661396, "oscillation_cost": 33.29806471227951, "completition_cost": 0.0, "overshoot_cost": 51.94128662303871, "power_cost": 22.194724938964846, "noise_cost": 21.389897795350098, "n_waypoints_completed": 9, "tot_waypoints": 9}}
{"target": -209.52645242909213, "params": {"k_pid_pos": [1.733835489643198, 0.43727115131929417, 0.416330797462678], "k_pid_alt": [1.5786606064986153, 0.0, 0.6182064035467875], "k_pid_att": [11.329609997636037, 3.4126860594551975, 0.016202813979795172], "k_pid_yaw": [0.5, 1e-06, 0.1], "k_pid_hsp": [0.17225665165883555, 0.011264223901387349, 0.0], "k_pid_vsp": [205.46647479918613, 127.91747472228406, 10.0]}, "datetime": {"datetime": "2025-08-13 23:46:39", "elapsed": 50327.10865545273, "delta": 21.55475878715515}, "costs": {"total_cost": 209.52645242909213, "time_cost": 78.715, "final_distance_cost": 1.738291259008247, "oscillation_cost": 35.709604231477876, "completition_cost": 0.0, "overshoot_cost": 51.62029654772013, "power_cost": 21.037436145019534, "noise_cost": 20.705824245866335, "n_waypoints_completed": 9, "tot_waypoints": 9}}
{"target": -224.11778526330187, "params": {"k_pid_pos": [1.1837130645794225, 0.9005427252559962, 0.9451257094832697], "k_pid_alt": [1.5786606064986153, 0.0, 0.23086984934879706], "k_pid_att": [22.971564751474492, 4.077532668255645, 0.261380462049589], "k_pid_yaw": [0.5, 1e-06, 0.1], "k_pid_hsp": [0.17225665165883555, 0.011264223901387349, 0.0], "k_pid_vsp": [205.46647479918613, 130.53254854158118, 10.0]}, "datetime": {"datetime": "2025-08-13 23:46:58", "elapsed": 50346.84385061264, "delta": 19.73519515991211}, "costs": {"total_cost": 224.11778526330187, "time_cost": 82.397, "final_distance_cost": 1.7953666622503373, "oscillation_cost": 31.52275060182364, "completition_cost": 0.0, "overshoot_cost": 53.51676469970496, "power_cost": 29.902589892578128, "noise_cost": 24.983313406944816, "n_waypoints_completed": 9, "tot_waypoints": 9}}
{"target": -310.021338971419, "params": {"k_pid_pos": [1.1837130645794225, 0.024859491386256316, 0.416330797462678], "k_pid_alt": [1.5786606064986153, 0.0, 0.25938735764965193], "k_pid_att": [11.329609997636037, 3.4126860594551975, 0.261380462049589], "k_pid_yaw": [0.5, 1e-06, 0.1], "k_pid_hsp": [0.17225665165883555, 0.5904477871505759, 0.0], "k_pid_vsp": [305.67975269326223, 20.252314050740118, 10.0]}, "datetime": {"datetime": "2025-08-13 23:47:22", "elapsed": 50370.57978892326, "delta": 23.73593831062317}, "costs": {"total_cost": 310.021338971419, "time_cost": 92.988, "final_distance_cost": 1.852374646236481, "oscillation_cost": 107.62853589340168, "completition_cost": 0.0, "overshoot_cost": 60.641966401146554, "power_cost": 20.614961669921875, "noise_cost": 26.29550036071251, "n_waypoints_completed": 9, "tot_waypoints": 9}}
{"target": -1826.9184989666123, "params": {"k_pid_pos": [1.733835489643198, 0.024859491386256316, 0.9451257094832697], "k_pid_alt": [1.5786606064986153, 0.0, 0.23086984934879706], "k_pid_att": [23.08752834258585, 4.077532668255645, 0.261380462049589], "k_pid_yaw": [0.5, 1e-06, 0.1], "k_pid_hsp": [0.17225665165883555, 0.011264223901387349, 0.7179535824639705], "k_pid_vsp": [205.46647479918613, 127.91747472228406, 10.0]}, "datetime": {"datetime": "2025-08-13 23:47:54", "elapsed": 50402.5184545517, "delta": 31.938665628433228}, "costs": {"total_cost": 1826.9184989666123, "time_cost": 150, "final_distance_cost": 85.3928060354087, "oscillation_cost": 785.5600767091685, "completition_cost": 666.6666666666667, "overshoot_cost": 83.96259899437433, "power_cost": 25.66171745605469, "noise_cost": 29.674633104939495, "n_waypoints_completed": 3, "tot_waypoints": 9}}
{"target": -1223.8491564258518, "params": {"k_pid_pos": [1.1837130645794225, 0.024859491386256316, 0.416330797462678], "k_pid_alt": [1.5786606064986153, 0.0, 0.5087214255619901], "k_pid_att": [11.329609997636037, 3.4126860594551975, 0.261380462049589], "k_pid_yaw": [0.5, 1e-06, 0.1], "k_pid_hsp": [0.17225665165883555, 0.011264223901387349, 0.5105532072546003], "k_pid_vsp": [237.37114527084637, 57.93155354082285, 10.0]}, "datetime": {"datetime": "2025-08-13 23:48:25", "elapsed": 50433.826736450195, "delta": 31.308281898498535}, "costs": {"total_cost": 1223.8491564258518, "time_cost": 150, "final_distance_cost": 45.62912722733885, "oscillation_cost": 443.7504604829785, "completition_cost": 444.4444444444444, "overshoot_cost": 86.2485883138626, "power_cost": 24.96118905029297, "noise_cost": 28.815346906934515, "n_waypoints_completed": 5, "tot_waypoints": 9}}
{"target": -344.54462633454955, "params": {"k_pid_pos": [1.733835489643198, 0.08976672005448583, 0.9451257094832697], "k_pid_alt": [1.5786606064986153, 0.0, 0.25938735764965193], "k_pid_att": [5.87992299052239, 3.4126860594551975, 0.261380462049589], "k_pid_yaw": [0.5, 1e-06, 0.1], "k_pid_hsp": [0.17225665165883555, 0.561165201994346, 0.0], "k_pid_vsp": [205.46647479918613, 127.91747472228406, 10.0]}, "datetime": {"datetime": "2025-08-13 23:48:49", "elapsed": 50457.44405078888, "delta": 23.617314338684082}, "costs": {"total_cost": 344.54462633454955, "time_cost": 97.797, "final_distance_cost": 1.8360297323945185, "oscillation_cost": 128.51144916232664, "completition_cost": 0.0, "overshoot_cost": 62.35587211044292, "power_cost": 21.757746337890627, "noise_cost": 32.286528991494805, "n_waypoints_completed": 9, "tot_waypoints": 9}}
{"target": -185.49786895698918, "params": {"k_pid_pos": [1.6847188596925242, 0.08976672005448583, 0.9451257094832697], "k_pid_alt": [1.85112020821355, 0.0, 0.25938735764965193], "k_pid_att": [11.329609997636037, 3.4126860594551975, 0.261380462049589], "k_pid_yaw": [0.5, 1e-06, 0.1], "k_pid_hsp": [0.17225665165883555, 0.011264223901387349, 0.0], "k_pid_vsp": [237.37114527084637, 57.93155354082285, 10.0]}, "datetime": {"datetime": "2025-08-13 23:49:08", "elapsed": 50476.10949921608, "delta": 18.665448427200317}, "costs": {"total_cost": 185.49786895698918, "time_cost": 69.727, "final_distance_cost": 1.8368664534349566, "oscillation_cost": 28.823169882267834, "completition_cost": 0.0, "overshoot_cost": 50.78365266949405, "power_cost": 15.3825828125, "noise_cost": 18.944597139292338, "n_waypoints_completed": 9, "tot_waypoints": 9}}
{"target": -185.88210740265808, "params": {"k_pid_pos": [1.733835489643198, 0.024859491386256316, 0.9451257094832697], "k_pid_alt": [1.5786606064986153, 0.0, 0.23086984934879706], "k_pid_att": [23.08752834258585, 4.077532668255645, 0.261380462049589], "k_pid_yaw": [0.5, 1e-06, 0.1], "k_pid_hsp": [0.17225665165883555, 0.011264223901387349, 0.0], "k_pid_vsp": [205.46647479918613, 130.53254854158118, 10.0]}, "datetime": {"datetime": "2025-08-13 23:49:24", "elapsed": 50492.488049030304, "delta": 16.378549814224243}, "costs": {"total_cost": 185.88210740265808, "time_cost": 69.524, "final_distance_cost": 1.8404446948538997, "oscillation_cost": 28.798739519382377, "completition_cost": 0.0, "overshoot_cost": 50.107954810753654, "power_cost": 16.381145739746096, "noise_cost": 19.229822637922048, "n_waypoints_completed": 9, "tot_waypoints": 9}}
{"target": -187.3169213120431, "params": {"k_pid_pos": [1.6847188596925242, 0.08976672005448583, 0.9451257094832697], "k_pid_alt": [1.85112020821355, 0.0, 0.23086984934879706], "k_pid_att": [63.45214009056577, 4.077532668255645, 0.261380462049589], "k_pid_yaw": [0.5, 1e-06, 0.1], "k_pid_hsp": [0.17225665165883555, 0.011264223901387349, 0.0], "k_pid_vsp": [237.37114527084637, 57.93155354082285, 10.0]}, "datetime": {"datetime": "2025-08-13 23:49:43", "elapsed": 50511.457075595856, "delta": 18.969026565551758}, "costs": {"total_cost": 187.3169213120431, "time_cost": 69.825, "final_distance_cost": 1.830529103718724, "oscillation_cost": 29.435227113678316, "completition_cost": 0.0, "overshoot_cost": 50.84359434502067, "power_cost": 17.017252551269532, "noise_cost": 18.36531819835586, "n_waypoints_completed": 9, "tot_waypoints": 9}}
{"target": -189.97027467596683, "params": {"k_pid_pos": [1.733835489643198, 0.027012342981862614, 0.9451257094832697], "k_pid_alt": [1.5786606064986153, 0.0, 0.25938735764965193], "k_pid_att": [11.329609997636037, 3.4126860594551975, 0.261380462049589], "k_pid_yaw": [0.5, 1e-06, 0.1], "k_pid_hsp": [0.17225665165883555, 0.011264223901387349, 0.0], "k_pid_vsp": [205.46647479918613, 130.53254854158118, 10.0]}, "datetime": {"datetime": "2025-08-13 23:49:59", "elapsed": 50528.06761145592, "delta": 16.610535860061646}, "costs": {"total_cost": 189.97027467596683, "time_cost": 69.93, "final_distance_cost": 1.8368276990447894, "oscillation_cost": 28.895573478766817, "completition_cost": 0.0, "overshoot_cost": 50.66527340671336, "power_cost": 19.461802880859377, "noise_cost": 19.180797210582476, "n_waypoints_completed": 9, "tot_waypoints": 9}}
{"target": -189.48584346026863, "params": {"k_pid_pos": [1.733835489643198, 0.024859491386256316, 0.9451257094832697], "k_pid_alt": [1.5786606064986153, 0.0, 0.23086984934879706], "k_pid_att": [23.08752834258585, 2.0014291760421457, 0.261380462049589], "k_pid_yaw": [0.5, 1e-06, 0.1], "k_pid_hsp": [0.17225665165883555, 0.011264223901387349, 0.0], "k_pid_vsp": [237.37114527084637, 57.93155354082285, 10.0]}, "datetime": {"datetime": "2025-08-13 23:50:18", "elapsed": 50546.980825424194, "delta": 18.913213968276978}, "costs": {"total_cost": 189.48584346026863, "time_cost": 70.728, "final_distance_cost": 1.8434013483470137, "oscillation_cost": 27.99195044278049, "completition_cost": 0.0, "overshoot_cost": 51.01089437563087, "power_cost": 18.980816235351565, "noise_cost": 18.93078105815869, "n_waypoints_completed": 9, "tot_waypoints": 9}}
{"target": -182.30954382061938, "params": {"k_pid_pos": [1.1837130645794225, 0.024859491386256316, 0.416330797462678], "k_pid_alt": [1.5786606064986153, 0.0, 0.25938735764965193], "k_pid_att": [11.329609997636037, 3.4126860594551975, 0.261380462049589], "k_pid_yaw": [0.5, 1e-06, 0.1], "k_pid_hsp": [0.17225665165883555, 0.011264223901387349, 0.0], "k_pid_vsp": [205.46647479918613, 127.91747472228406, 10.0]}, "datetime": {"datetime": "2025-08-13 23:50:35", "elapsed": 50563.18118572235, "delta": 16.20036029815674}, "costs": {"total_cost": 182.30954382061938, "time_cost": 69.21600000000001, "final_distance_cost": 1.828300072363846, "oscillation_cost": 28.402862648571798, "completition_cost": 0.0, "overshoot_cost": 49.930088929963986, "power_cost": 15.179775500488281, "noise_cost": 17.752516669231444, "n_waypoints_completed": 9, "tot_waypoints": 9}}
{"target": -180.57932622162838, "params": {"k_pid_pos": [1.6847188596925242, 0.08976672005448583, 0.9451257094832697], "k_pid_alt": [1.85112020821355, 0.0, 0.25938735764965193], "k_pid_att": [11.329609997636037, 3.4126860594551975, 0.261380462049589], "k_pid_yaw": [0.5, 1e-06, 0.1], "k_pid_hsp": [0.17225665165883555, 0.011264223901387349, 0.0], "k_pid_vsp": [237.37114527084637, 57.93155354082285, 10.0]}, "datetime": {"datetime": "2025-08-13 23:50:53", "elapsed": 50581.68343663216, "delta": 18.502250909805298}, "costs": {"total_cost": 180.57932622162838, "time_cost": 69.3, "final_distance_cost": 1.8411494851795822, "oscillation_cost": 29.03305746310693, "completition_cost": 0.0, "overshoot_cost": 50.30407587689909, "power_cost": 11.918446459960938, "noise_cost": 18.182596936481847, "n_waypoints_completed": 9, "tot_waypoints": 9}}
{"target": -187.9927061315838, "params": {"k_pid_pos": [1.733835489643198, 0.024859491386256316, 0.9451257094832697], "k_pid_alt": [1.5786606064986153, 0.0, 0.23086984934879706], "k_pid_att": [23.08752834258585, 4.077532668255645, 0.261380462049589], "k_pid_yaw": [0.5, 1e-06, 0.1], "k_pid_hsp": [0.17225665165883555, 0.011264223901387349, 0.0], "k_pid_vsp": [205.46647479918613, 130.53254854158118, 10.0]}, "datetime": {"datetime": "2025-08-13 23:51:09", "elapsed": 50598.020666360855, "delta": 16.33722972869873}, "costs": {"total_cost": 187.9927061315838, "time_cost": 69.706, "final_distance_cost": 1.8396124748822502, "oscillation_cost": 28.561846191927415, "completition_cost": 0.0, "overshoot_cost": 50.68832228088925, "power_cost": 18.110516174316405, "noise_cost": 19.08640900956845, "n_waypoints_completed": 9, "tot_waypoints": 9}}
