{"target": -1008.1409238689703, "params": {"k_pid_pos": [1.8595400226050138, 0.024859491386256316, 0.9062157365473852], "k_pid_alt": [1.2679502233621702, 0.21279159204151088, 0.949345597264735], "k_pid_att": [39.447728079683905, 3.8677381495188174, 0.1845336041603497], "k_pid_yaw": [0.5, 1e-06, 0.1], "k_pid_hsp": [0.09847755819799779, 0.6928529548962581, 0.0], "k_pid_vsp": [194.7624155113164, 68.25774458243322, 10.0]}, "datetime": {"datetime": "2025-08-13 13:28:37", "elapsed": 13245.21005654335, "delta": 29.30474019050598}, "costs": {"total_cost": 1008.1409238689703, "time_cost": 150, "final_distance_cost": 47.81622041036177, "oscillation_cost": 143.1165628823824, "completition_cost": 555.5555555555555, "overshoot_cost": 57.85364835114595, "power_cost": 21.38867536621094, "noise_cost": 32.410261303313725, "n_waypoints_completed": 4, "tot_waypoints": 9}}
{"target": -189.16269405011056, "params": {"k_pid_pos": [1.4340672435785011, 0.024859491386256316, 0.44963268842268056], "k_pid_alt": [1.296896341175293, 0.0, 0.16072894317769304], "k_pid_att": [94.70626418914286, 3.8677381495188174, 0.1845336041603497], "k_pid_yaw": [0.5, 1e-06, 0.1], "k_pid_hsp": [0.09847755819799779, 0.011264223901387349, 0.0], "k_pid_vsp": [17.18305095025783, 93.09285943774285, 10.0]}, "datetime": {"datetime": "2025-08-13 13:28:54", "elapsed": 13262.126508235931, "delta": 16.916451692581177}, "costs": {"total_cost": 189.16269405011056, "time_cost": 69.825, "final_distance_cost": 1.8174331475814067, "oscillation_cost": 33.664490435460216, "completition_cost": 0.0, "overshoot_cost": 50.708493669330835, "power_cost": 14.668834741210938, "noise_cost": 18.478442056527182, "n_waypoints_completed": 9, "tot_waypoints": 9}}
{"target": -190.91533874135365, "params": {"k_pid_pos": [1.4340672435785011, 0.024859491386256316, 0.44963268842268056], "k_pid_alt": [1.4458679973838424, 0.0, 0.3146878632891922], "k_pid_att": [43.948176657889235, 3.8677381495188174, 0.1845336041603497], "k_pid_yaw": [0.5, 1e-06, 0.1], "k_pid_hsp": [0.09847755819799779, 0.011264223901387349, 0.0], "k_pid_vsp": [17.18305095025783, 156.73508457218338, 17.132000594645874]}, "datetime": {"datetime": "2025-08-13 13:29:11", "elapsed": 13279.098492622375, "delta": 16.971984386444092}, "costs": {"total_cost": 190.91533874135365, "time_cost": 70.077, "final_distance_cost": 1.82474939853677, "oscillation_cost": 30.990010658363715, "completition_cost": 0.0, "overshoot_cost": 51.518004863281476, "power_cost": 18.75278436279297, "noise_cost": 17.75278945837875, "n_waypoints_completed": 9, "tot_waypoints": 9}}
{"target": -212.8739041208613, "params": {"k_pid_pos": [1.4999912498542303, 0.024859491386256316, 0.44963268842268056], "k_pid_alt": [1.5598585210964004, 0.0, 0.1576465649121419], "k_pid_att": [39.447728079683905, 3.8677381495188174, 0.1845336041603497], "k_pid_yaw": [0.5, 1e-06, 0.1], "k_pid_hsp": [0.09847755819799779, 0.011264223901387349, 0.0], "k_pid_vsp": [397.63618790684643, 93.09285943774285, 125.63076761775174]}, "datetime": {"datetime": "2025-08-13 13:29:31", "elapsed": 13299.28174996376, "delta": 20.183257341384888}, "costs": {"total_cost": 212.8739041208613, "time_cost": 82.572, "final_distance_cost": 1.852112858756458, "oscillation_cost": 31.61564696190836, "completition_cost": 0.0, "overshoot_cost": 58.137811924349656, "power_cost": 20.42989111328125, "noise_cost": 18.266441262565607, "n_waypoints_completed": 9, "tot_waypoints": 9}}
{"target": -2085.684376732578, "params": {"k_pid_pos": [1.0031316701085804, 0.024859491386256316, 0.8639636964847707], "k_pid_alt": [0.678214104436041, 0.0, 0.3146878632891922], "k_pid_att": [43.948176657889235, 3.7802132718527557, 0.1845336041603497], "k_pid_yaw": [0.5, 1e-06, 0.1], "k_pid_hsp": [0.09847755819799779, 0.011264223901387349, 0.7756550036839217], "k_pid_vsp": [279.31855783528204, 156.73508457218338, 10.0]}, "datetime": {"datetime": "2025-08-13 13:29:59", "elapsed": 13327.87178683281, "delta": 28.590036869049072}, "costs": {"total_cost": 2085.684376732578, "time_cost": 150, "final_distance_cost": 57.527630346618245, "oscillation_cost": 851.625092862582, "completition_cost": 888.8888888888888, "overshoot_cost": 81.1137401430834, "power_cost": 27.721037915039062, "noise_cost": 28.807986576366563, "n_waypoints_completed": 1, "tot_waypoints": 9}}
{"target": -184.98248971666388, "params": {"k_pid_pos": [1.0031316701085804, 0.024859491386256316, 0.44963268842268056], "k_pid_alt": [1.4458679973838424, 0.0, 0.3146878632891922], "k_pid_att": [24.0942673894178, 3.7802132718527557, 0.1845336041603497], "k_pid_yaw": [0.5, 1e-06, 0.1], "k_pid_hsp": [0.09847755819799779, 0.011264223901387349, 0.0], "k_pid_vsp": [279.31855783528204, 156.73508457218338, 10.0]}, "datetime": {"datetime": "2025-08-13 13:30:16", "elapsed": 13344.70185661316, "delta": 16.83006978034973}, "costs": {"total_cost": 184.98248971666388, "time_cost": 70.82600000000001, "final_distance_cost": 1.8370311700956072, "oscillation_cost": 26.045089869627635, "completition_cost": 0.0, "overshoot_cost": 50.683903985945754, "power_cost": 17.50681403808594, "noise_cost": 18.083650652908936, "n_waypoints_completed": 9, "tot_waypoints": 9}}
{"target": -202.94982099874855, "params": {"k_pid_pos": [1.9188042305344217, 0.024859491386256316, 0.44963268842268056], "k_pid_alt": [1.4458679973838424, 0.02520494712616217, 0.8660961728784851], "k_pid_att": [58.989274729095186, 6.16091081068753, 0.837110513405392], "k_pid_yaw": [0.5, 1e-06, 0.1], "k_pid_hsp": [0.09847755819799779, 0.011264223901387349, 0.0], "k_pid_vsp": [17.18305095025783, 93.09285943774285, 10.0]}, "datetime": {"datetime": "2025-08-13 13:30:34", "elapsed": 13362.188487052917, "delta": 17.4866304397583}, "costs": {"total_cost": 202.94982099874855, "time_cost": 71.806, "final_distance_cost": 1.7917093444949124, "oscillation_cost": 33.321725624144364, "completition_cost": 0.0, "overshoot_cost": 51.394928752228004, "power_cost": 23.57860018310547, "noise_cost": 21.05685709477582, "n_waypoints_completed": 9, "tot_waypoints": 9}}
{"target": -184.17509992210046, "params": {"k_pid_pos": [1.0031316701085804, 0.024859491386256316, 0.44963268842268056], "k_pid_alt": [1.4458679973838424, 0.0, 0.3146878632891922], "k_pid_att": [43.948176657889235, 3.7802132718527557, 0.1845336041603497], "k_pid_yaw": [0.5, 1e-06, 0.1], "k_pid_hsp": [0.09847755819799779, 0.011264223901387349, 0.0], "k_pid_vsp": [279.31855783528204, 156.73508457218338, 10.0]}, "datetime": {"datetime": "2025-08-13 13:30:50", "elapsed": 13378.993219614029, "delta": 16.80473256111145}, "costs": {"total_cost": 184.17509992210046, "time_cost": 70.924, "final_distance_cost": 1.8348630965454258, "oscillation_cost": 26.49398928641184, "completition_cost": 0.0, "overshoot_cost": 50.76832514420803, "power_cost": 16.03464873046875, "noise_cost": 18.119273664466412, "n_waypoints_completed": 9, "tot_waypoints": 9}}
{"target": -192.69322580795617, "params": {"k_pid_pos": [1.4340672435785011, 0.024859491386256316, 0.44963268842268056], "k_pid_alt": [1.296896341175293, 0.0, 0.13294310327404035], "k_pid_att": [39.447728079683905, 3.8677381495188174, 0.1845336041603497], "k_pid_yaw": [0.5, 1e-06, 0.1], "k_pid_hsp": [0.09847755819799779, 0.011264223901387349, 0.0], "k_pid_vsp": [194.7624155113164, 156.73508457218338, 10.0]}, "datetime": {"datetime": "2025-08-13 13:31:09", "elapsed": 13397.6836643219, "delta": 18.690444707870483}, "costs": {"total_cost": 192.69322580795617, "time_cost": 70.63, "final_distance_cost": 1.802590944589468, "oscillation_cost": 28.49704626659105, "completition_cost": 0.0, "overshoot_cost": 51.21160236552016, "power_cost": 20.265826391601564, "noise_cost": 20.286159839653944, "n_waypoints_completed": 9, "tot_waypoints": 9}}
{"target": -186.80793516263765, "params": {"k_pid_pos": [1.0031316701085804, 0.024859491386256316, 0.44963268842268056], "k_pid_alt": [1.4458679973838424, 0.0, 0.3146878632891922], "k_pid_att": [24.0942673894178, 3.7802132718527557, 0.1845336041603497], "k_pid_yaw": [0.5, 1e-06, 0.1], "k_pid_hsp": [0.09847755819799779, 0.011264223901387349, 0.0], "k_pid_vsp": [279.31855783528204, 156.73508457218338, 10.0]}, "datetime": {"datetime": "2025-08-13 13:31:30", "elapsed": 13418.220770597458, "delta": 20.53710627555847}, "costs": {"total_cost": 186.80793516263765, "time_cost": 71.043, "final_distance_cost": 1.832623997574182, "oscillation_cost": 25.922095688058153, "completition_cost": 0.0, "overshoot_cost": 50.72874638368989, "power_cost": 18.712841369628908, "noise_cost": 18.568627723686532, "n_waypoints_completed": 9, "tot_waypoints": 9}}
{"target": -188.33317095303542, "params": {"k_pid_pos": [1.0031316701085804, 0.024859491386256316, 0.44963268842268056], "k_pid_alt": [1.4458679973838424, 0.0, 0.3146878632891922], "k_pid_att": [24.0942673894178, 3.7802132718527557, 0.837110513405392], "k_pid_yaw": [0.5, 1e-06, 0.1], "k_pid_hsp": [0.09847755819799779, 0.011264223901387349, 0.0], "k_pid_vsp": [17.18305095025783, 93.09285943774285, 10.0]}, "datetime": {"datetime": "2025-08-13 13:31:49", "elapsed": 13437.19820690155, "delta": 18.977436304092407}, "costs": {"total_cost": 188.33317095303542, "time_cost": 70.91, "final_distance_cost": 1.8327765385987391, "oscillation_cost": 26.614701292600742, "completition_cost": 0.0, "overshoot_cost": 51.03789592643465, "power_cost": 18.587105786132813, "noise_cost": 19.350691409268485, "n_waypoints_completed": 9, "tot_waypoints": 9}}
{"target": -1885.5417800658274, "params": {"k_pid_pos": [1.9188042305344217, 0.024859491386256316, 0.44963268842268056], "k_pid_alt": [1.4458679973838424, 0.02520494712616217, 0.8660961728784851], "k_pid_att": [58.989274729095186, 6.16091081068753, 0.1845336041603497], "k_pid_yaw": [0.5, 1e-06, 0.1], "k_pid_hsp": [0.09847755819799779, 0.011264223901387349, 0.24252753025063056], "k_pid_vsp": [279.31855783528204, 156.73508457218338, 10.0]}, "datetime": {"datetime": "2025-08-13 13:32:19", "elapsed": 13467.723065376282, "delta": 30.524858474731445}, "costs": {"total_cost": 1885.5417800658274, "time_cost": 150, "final_distance_cost": 88.41623257853938, "oscillation_cost": 795.6993601773522, "completition_cost": 666.6666666666667, "overshoot_cost": 130.7779785452624, "power_cost": 26.34008375244141, "noise_cost": 27.64145834556522, "n_waypoints_completed": 3, "tot_waypoints": 9}}
{"target": -189.1007630896476, "params": {"k_pid_pos": [1.4999912498542303, 0.11906128738229915, 0.44963268842268056], "k_pid_alt": [1.4458679973838424, 0.0, 0.26454652801742706], "k_pid_att": [43.948176657889235, 8.589697399353744, 0.5289969311173601], "k_pid_yaw": [0.5, 1e-06, 0.1], "k_pid_hsp": [0.09847755819799779, 0.011264223901387349, 0.0], "k_pid_vsp": [279.31855783528204, 156.73508457218338, 10.0]}, "datetime": {"datetime": "2025-08-13 13:32:50", "elapsed": 13498.941616773605, "delta": 31.21855139732361}, "costs": {"total_cost": 189.1007630896476, "time_cost": 71.645, "final_distance_cost": 1.7978291997497744, "oscillation_cost": 29.613600173443054, "completition_cost": 0.0, "overshoot_cost": 51.00460616106783, "power_cost": 16.532982165527343, "noise_cost": 18.506745389859553, "n_waypoints_completed": 9, "tot_waypoints": 9}}
{"target": -194.88142226311567, "params": {"k_pid_pos": [1.0031316701085804, 0.25995968672490866, 0.44963268842268056], "k_pid_alt": [1.4458679973838424, 0.0, 0.3146878632891922], "k_pid_att": [43.948176657889235, 3.7802132718527557, 0.1845336041603497], "k_pid_yaw": [0.5, 1e-06, 0.1], "k_pid_hsp": [0.09847755819799779, 0.011264223901387349, 0.0], "k_pid_vsp": [42.24848860435038, 156.73508457218338, 10.0]}, "datetime": {"datetime": "2025-08-13 13:33:11", "elapsed": 13519.400592565536, "delta": 20.458975791931152}, "costs": {"total_cost": 194.88142226311567, "time_cost": 74.70400000000001, "final_distance_cost": 1.7847107780875051, "oscillation_cost": 28.312101536411237, "completition_cost": 0.0, "overshoot_cost": 51.04657582123604, "power_cost": 19.684129992675782, "noise_cost": 19.349904134705085, "n_waypoints_completed": 9, "tot_waypoints": 9}}
{"target": -187.56160680272254, "params": {"k_pid_pos": [1.4340672435785011, 0.024859491386256316, 0.44963268842268056], "k_pid_alt": [1.296896341175293, 0.0, 0.16072894317769304], "k_pid_att": [94.70626418914286, 3.8677381495188174, 0.1845336041603497], "k_pid_yaw": [0.5, 1e-06, 0.1], "k_pid_hsp": [0.09847755819799779, 0.011264223901387349, 0.0], "k_pid_vsp": [194.7624155113164, 307.91687238113764, 10.0]}, "datetime": {"datetime": "2025-08-13 13:33:32", "elapsed": 13540.800878047943, "delta": 21.400285482406616}, "costs": {"total_cost": 187.56160680272254, "time_cost": 69.965, "final_distance_cost": 1.8115257177727926, "oscillation_cost": 37.02716322462473, "completition_cost": 0.0, "overshoot_cost": 50.475887412695094, "power_cost": 10.164152709960938, "noise_cost": 18.117877737668973, "n_waypoints_completed": 9, "tot_waypoints": 9}}
{"target": -212.55126572251294, "params": {"k_pid_pos": [1.4340672435785011, 0.024859491386256316, 0.44963268842268056], "k_pid_alt": [1.296896341175293, 0.0, 0.13294310327404035], "k_pid_att": [39.447728079683905, 3.8677381495188174, 0.1845336041603497], "k_pid_yaw": [0.5, 1e-06, 0.1], "k_pid_hsp": [5.128277129725155, 0.011264223901387349, 0.0], "k_pid_vsp": [17.18305095025783, 93.09285943774285, 10.0]}, "datetime": {"datetime": "2025-08-13 13:33:50", "elapsed": 13558.466845273972, "delta": 17.665967226028442}, "costs": {"total_cost": 212.55126572251294, "time_cost": 69.97200000000001, "final_distance_cost": 1.8428487976680092, "oscillation_cost": 49.04921519219711, "completition_cost": 0.0, "overshoot_cost": 50.410452015697786, "power_cost": 20.911020129394533, "noise_cost": 20.365729587555467, "n_waypoints_completed": 9, "tot_waypoints": 9}}
{"target": -196.4637860957398, "params": {"k_pid_pos": [1.4340672435785011, 0.024859491386256316, 0.9062157365473852], "k_pid_alt": [1.2679502233621702, 0.21279159204151088, 0.3146878632891922], "k_pid_att": [43.948176657889235, 4.028010644934719, 0.1845336041603497], "k_pid_yaw": [0.5, 1e-06, 0.1], "k_pid_hsp": [0.09847755819799779, 0.011264223901387349, 0.0], "k_pid_vsp": [194.7624155113164, 357.3495236329903, 10.0]}, "datetime": {"datetime": "2025-08-13 13:34:10", "elapsed": 13578.34430527687, "delta": 19.87746000289917}, "costs": {"total_cost": 196.4637860957398, "time_cost": 79.849, "final_distance_cost": 1.8041099820491908, "oscillation_cost": 30.02299202183482, "completition_cost": 0.0, "overshoot_cost": 51.04127334370137, "power_cost": 13.940099865722656, "noise_cost": 19.806310882431763, "n_waypoints_completed": 9, "tot_waypoints": 9}}
{"target": -188.18966433365856, "params": {"k_pid_pos": [1.9168537650125603, 0.024859491386256316, 0.855962508813682], "k_pid_alt": [1.2679502233621702, 0.02520494712616217, 0.949345597264735], "k_pid_att": [39.909449977216326, 3.8677381495188174, 0.1845336041603497], "k_pid_yaw": [0.5, 1e-06, 0.1], "k_pid_hsp": [0.09847755819799779, 0.011264223901387349, 0.0], "k_pid_vsp": [277.2708477836043, 93.09285943774285, 10.0]}, "datetime": {"datetime": "2025-08-13 13:34:27", "elapsed": 13595.998471021652, "delta": 17.654165744781494}, "costs": {"total_cost": 188.18966433365856, "time_cost": 71.19, "final_distance_cost": 1.8114044088347587, "oscillation_cost": 30.021204729646136, "completition_cost": 0.0, "overshoot_cost": 51.13770944802326, "power_cost": 16.133509106445313, "noise_cost": 17.895836640709085, "n_waypoints_completed": 9, "tot_waypoints": 9}}
{"target": -212.51902441262504, "params": {"k_pid_pos": [1.4340672435785011, 0.024859491386256316, 0.9062157365473852], "k_pid_alt": [1.961806136254105, 0.21279159204151088, 0.3146878632891922], "k_pid_att": [43.948176657889235, 4.028010644934719, 0.1845336041603497], "k_pid_yaw": [0.5, 1e-06, 0.1], "k_pid_hsp": [0.09847755819799779, 0.011264223901387349, 0.0], "k_pid_vsp": [17.18305095025783, 156.73508457218338, 17.132000594645874]}, "datetime": {"datetime": "2025-08-13 13:34:48", "elapsed": 13616.99248099327, "delta": 20.994009971618652}, "costs": {"total_cost": 212.51902441262504, "time_cost": 84.168, "final_distance_cost": 1.7816292989844922, "oscillation_cost": 29.394308307441143, "completition_cost": 0.0, "overshoot_cost": 52.4154008561222, "power_cost": 23.452544750976564, "noise_cost": 21.307141199100645, "n_waypoints_completed": 9, "tot_waypoints": 9}}
{"target": -183.24744510566262, "params": {"k_pid_pos": [1.4340672435785011, 0.024859491386256316, 0.8519347702918288], "k_pid_alt": [1.4458679973838424, 0.0, 0.3146878632891922], "k_pid_att": [43.948176657889235, 3.8677381495188174, 0.1845336041603497], "k_pid_yaw": [0.5, 1e-06, 0.1], "k_pid_hsp": [0.09847755819799779, 0.011264223901387349, 0.0], "k_pid_vsp": [277.2708477836043, 93.09285943774285, 10.0]}, "datetime": {"datetime": "2025-08-13 13:35:06", "elapsed": 13634.996917963028, "delta": 18.00443696975708}, "costs": {"total_cost": 183.24744510566262, "time_cost": 70.511, "final_distance_cost": 1.8403809252277101, "oscillation_cost": 28.53216102331425, "completition_cost": 0.0, "overshoot_cost": 50.60768397825694, "power_cost": 13.582167785644533, "noise_cost": 18.174051393219205, "n_waypoints_completed": 9, "tot_waypoints": 9}}
{"target": -3074.239465173587, "params": {"k_pid_pos": [1.4340672435785011, 0.024859491386256316, 0.44963268842268056], "k_pid_alt": [1.296896341175293, 0.0, 0.3146878632891922], "k_pid_att": [52.781640202125004, 9.579728616174156, 0.1845336041603497], "k_pid_yaw": [0.5, 1e-06, 0.1], "k_pid_hsp": [0.09847755819799779, 0.011264223901387349, 0.0], "k_pid_vsp": [14.740616244021254, 156.5077636423909, 157.86287645050152]}, "datetime": {"datetime": "2025-08-13 13:35:37", "elapsed": 13665.699832677841, "delta": 30.702914714813232}, "costs": {"total_cost": 3074.239465173587, "time_cost": 150, "final_distance_cost": 752.3337198859945, "oscillation_cost": 10.438263138592676, "completition_cost": 888.8888888888888, "overshoot_cost": 1199.817205830182, "power_cost": 29.09711297607422, "noise_cost": 43.66427445385492, "n_waypoints_completed": 1, "tot_waypoints": 9}}
{"target": -1005.9005908968295, "params": {"k_pid_pos": [1.849624377781123, 0.024859491386256316, 0.855962508813682], "k_pid_alt": [1.2679502233621702, 0.0, 0.06527723447865985], "k_pid_att": [58.989274729095186, 6.16091081068753, 0.5354455210588809], "k_pid_yaw": [0.5, 1e-06, 0.1], "k_pid_hsp": [0.09847755819799779, 0.8275095098070258, 0.0], "k_pid_vsp": [17.18305095025783, 93.09285943774285, 10.0]}, "datetime": {"datetime": "2025-08-13 13:36:09", "elapsed": 13697.670330762863, "delta": 31.970498085021973}, "costs": {"total_cost": 1005.9005908968295, "time_cost": 150, "final_distance_cost": 44.42082026031525, "oscillation_cost": 127.55770044331335, "completition_cost": 555.5555555555555, "overshoot_cost": 59.734400480113635, "power_cost": 33.63689572753906, "noise_cost": 34.99521842999276, "n_waypoints_completed": 4, "tot_waypoints": 9}}
{"target": -189.80227368162465, "params": {"k_pid_pos": [1.4340672435785011, 0.024859491386256316, 0.44963268842268056], "k_pid_alt": [1.296896341175293, 0.0, 0.3146878632891922], "k_pid_att": [94.70626418914286, 3.8677381495188174, 0.1845336041603497], "k_pid_yaw": [0.5, 1e-06, 0.1], "k_pid_hsp": [0.09847755819799779, 0.011264223901387349, 0.0], "k_pid_vsp": [17.18305095025783, 93.09285943774285, 10.0]}, "datetime": {"datetime": "2025-08-13 13:36:27", "elapsed": 13716.051526546478, "delta": 18.381195783615112}, "costs": {"total_cost": 189.80227368162465, "time_cost": 70.063, "final_distance_cost": 1.807282157106442, "oscillation_cost": 33.63180331234752, "completition_cost": 0.0, "overshoot_cost": 50.83194616728431, "power_cost": 15.0888279296875, "noise_cost": 18.379414115198873, "n_waypoints_completed": 9, "tot_waypoints": 9}}
{"target": -285.0373110443387, "params": {"k_pid_pos": [1.4340672435785011, 0.024859491386256316, 0.44963268842268056], "k_pid_alt": [1.296896341175293, 0.0, 0.16072894317769304], "k_pid_att": [68.8149331475618, 4.028010644934719, 0.1845336041603497], "k_pid_yaw": [0.5, 1e-06, 0.1], "k_pid_hsp": [0.09847755819799779, 0.34449621874560377, 0.0], "k_pid_vsp": [397.63618790684643, 156.73508457218338, 10.0]}, "datetime": {"datetime": "2025-08-13 13:36:49", "elapsed": 13737.489118814468, "delta": 21.437592267990112}, "costs": {"total_cost": 285.0373110443387, "time_cost": 87.339, "final_distance_cost": 1.8536420768833644, "oscillation_cost": 96.42920347188722, "completition_cost": 0.0, "overshoot_cost": 55.64859168345646, "power_cost": 18.54704188232422, "noise_cost": 25.21983192978745, "n_waypoints_completed": 9, "tot_waypoints": 9}}
{"target": -1985.6731374255799, "params": {"k_pid_pos": [1.9168537650125603, 0.024859491386256316, 0.855962508813682], "k_pid_alt": [1.2679502233621702, 0.30830480674507665, 0.949345597264735], "k_pid_att": [39.447728079683905, 3.8677381495188174, 0.1845336041603497], "k_pid_yaw": [0.5, 1e-06, 0.1], "k_pid_hsp": [0.09847755819799779, 0.011264223901387349, 0.5441635076491494], "k_pid_vsp": [375.44246649163983, 93.09285943774285, 10.0]}, "datetime": {"datetime": "2025-08-13 13:37:22", "elapsed": 13770.88427400589, "delta": 33.39515519142151}, "costs": {"total_cost": 1985.6731374255799, "time_cost": 150, "final_distance_cost": 85.09863600756026, "oscillation_cost": 849.5720919273133, "completition_cost": 777.7777777777778, "overshoot_cost": 72.5393917951175, "power_cost": 23.2828052734375, "noise_cost": 27.402434644373205, "n_waypoints_completed": 2, "tot_waypoints": 9}}
