{"target": -189.9975172736857, "params": {"k_pid_pos": [1.8249217336243428, 0.024859491386256316, 0.8519347702918288], "k_pid_alt": [1.4458679973838424, 0.0, 0.5609487008588433], "k_pid_att": [43.948176657889235, 0.18205753750414305, 0.34464953207076743], "k_pid_yaw": [0.5, 1e-06, 0.1], "k_pid_hsp": [0.09847755819799779, 0.011264223901387349, 0.0], "k_pid_vsp": [277.2708477836043, 93.09285943774285, 10.0]}, "datetime": {"datetime": "2025-08-13 16:56:42", "elapsed": 25730.435950040817, "delta": 17.514838457107544}, "costs": {"total_cost": 189.9975172736857, "time_cost": 70.798, "final_distance_cost": 1.830824649803443, "oscillation_cost": 28.95098657829176, "completition_cost": 0.0, "overshoot_cost": 51.449434978267185, "power_cost": 18.11001755371094, "noise_cost": 18.85825351361238, "n_waypoints_completed": 9, "tot_waypoints": 9}}
{"target": -192.98335469297172, "params": {"k_pid_pos": [1.4531304595830021, 0.024859491386256316, 0.44963268842268056], "k_pid_alt": [1.102349020346133, 0.0, 0.46972286414476394], "k_pid_att": [43.948176657889235, 0.18205753750414305, 0.9125065750547853], "k_pid_yaw": [0.5, 1e-06, 0.1], "k_pid_hsp": [0.09847755819799779, 0.011264223901387349, 0.0], "k_pid_vsp": [376.5747392387296, 93.09285943774285, 10.0]}, "datetime": {"datetime": "2025-08-13 16:57:00", "elapsed": 25748.759839773178, "delta": 18.32388973236084}, "costs": {"total_cost": 192.98335469297172, "time_cost": 72.373, "final_distance_cost": 1.8222541342644911, "oscillation_cost": 28.71199513454228, "completition_cost": 0.0, "overshoot_cost": 51.56265598652108, "power_cost": 19.5651974609375, "noise_cost": 18.948251976706356, "n_waypoints_completed": 9, "tot_waypoints": 9}}
{"target": -209.93789538977302, "params": {"k_pid_pos": [1.4340672435785011, 0.6541001382797029, 0.9239049236577108], "k_pid_alt": [1.7187705538853828, 0.0, 0.1132575830732897], "k_pid_att": [87.39233294786936, 3.8677381495188174, 0.6559199499296157], "k_pid_yaw": [0.5, 1e-06, 0.1], "k_pid_hsp": [0.09847755819799779, 0.011264223901387349, 0.0], "k_pid_vsp": [277.2708477836043, 93.09285943774285, 10.0]}, "datetime": {"datetime": "2025-08-13 16:57:20", "elapsed": 25768.63942503929, "delta": 19.87958526611328}, "costs": {"total_cost": 209.93789538977302, "time_cost": 80.703, "final_distance_cost": 1.7822709752893076, "oscillation_cost": 30.791598700874218, "completition_cost": 0.0, "overshoot_cost": 53.35482803901056, "power_cost": 22.075597778320315, "noise_cost": 21.23059989627861, "n_waypoints_completed": 9, "tot_waypoints": 9}}
{"target": -204.30472395751357, "params": {"k_pid_pos": [1.646111256876908, 0.4336784869242679, 0.8881971977301835], "k_pid_alt": [1.4458679973838424, 0.9503295681368317, 0.3146878632891922], "k_pid_att": [43.948176657889235, 0.18205753750414305, 0.34464953207076743], "k_pid_yaw": [0.5, 1e-06, 0.1], "k_pid_hsp": [0.09847755819799779, 0.011264223901387349, 0.0], "k_pid_vsp": [277.2708477836043, 197.31441805153213, 10.0]}, "datetime": {"datetime": "2025-08-13 16:57:40", "elapsed": 25788.857649087906, "delta": 20.218224048614502}, "costs": {"total_cost": 204.30472395751357, "time_cost": 79.254, "final_distance_cost": 1.7616380445243407, "oscillation_cost": 31.710027480908373, "completition_cost": 0.0, "overshoot_cost": 53.246393485830254, "power_cost": 19.501344787597656, "noise_cost": 18.831320158652932, "n_waypoints_completed": 9, "tot_waypoints": 9}}
{"target": -187.65542412497598, "params": {"k_pid_pos": [1.4340672435785011, 0.23104898077634883, 0.8519347702918288], "k_pid_alt": [1.4458679973838424, 0.0, 0.3146878632891922], "k_pid_att": [43.948176657889235, 1.397073934383142, 0.34464953207076743], "k_pid_yaw": [0.5, 1e-06, 0.1], "k_pid_hsp": [0.09847755819799779, 0.011264223901387349, 0.0], "k_pid_vsp": [376.5747392387296, 93.09285943774285, 10.0]}, "datetime": {"datetime": "2025-08-13 16:58:00", "elapsed": 25808.248133659363, "delta": 19.39048457145691}, "costs": {"total_cost": 187.65542412497598, "time_cost": 73.864, "final_distance_cost": 1.7965041518658327, "oscillation_cost": 27.507529866334778, "completition_cost": 0.0, "overshoot_cost": 51.25043414119322, "power_cost": 14.453737670898438, "noise_cost": 18.78321829468372, "n_waypoints_completed": 9, "tot_waypoints": 9}}
{"target": -1247.7689974070881, "params": {"k_pid_pos": [1.733835489643198, 0.024859491386256316, 0.44963268842268056], "k_pid_alt": [1.4458679973838424, 0.0, 0.46972286414476394], "k_pid_att": [42.28034808905181, 4.273161054152589, 0.34464953207076743], "k_pid_yaw": [0.5, 1e-06, 0.1], "k_pid_hsp": [0.09847755819799779, 0.011264223901387349, 0.2823155124738027], "k_pid_vsp": [277.2708477836043, 381.5365089319878, 188.11849363377513]}, "datetime": {"datetime": "2025-08-13 16:58:29", "elapsed": 25837.713524103165, "delta": 29.46539044380188}, "costs": {"total_cost": 1247.7689974070881, "time_cost": 150, "final_distance_cost": 66.68950892881887, "oscillation_cost": 665.0273651920132, "completition_cost": 222.2222222222222, "overshoot_cost": 76.40864997015571, "power_cost": 38.372811938476566, "noise_cost": 29.04843915540145, "n_waypoints_completed": 7, "tot_waypoints": 9}}
{"target": -999.4308280753569, "params": {"k_pid_pos": [1.4164186877546903, 0.024859491386256316, 0.8519347702918288], "k_pid_alt": [0.11479011791086302, 0.0, 0.6600607021214705], "k_pid_att": [90.06796863431647, 9.361900037196328, 0.6559199499296157], "k_pid_yaw": [0.5, 1e-06, 0.1], "k_pid_hsp": [0.09847755819799779, 0.011264223901387349, 0.0], "k_pid_vsp": [277.2708477836043, 93.09285943774285, 10.0]}, "datetime": {"datetime": "2025-08-13 16:59:02", "elapsed": 25870.536617279053, "delta": 32.82309317588806}, "costs": {"total_cost": 999.4308280753569, "time_cost": 150, "final_distance_cost": 54.54384599997085, "oscillation_cost": 13.083074949874744, "completition_cost": 666.6666666666667, "overshoot_cost": 51.923946092113184, "power_cost": 32.859496044921876, "noise_cost": 30.353798321809432, "n_waypoints_completed": 3, "tot_waypoints": 9}}
{"target": -242.06535025010578, "params": {"k_pid_pos": [1.4340672435785011, 0.944284592104748, 0.44963268842268056], "k_pid_alt": [0.628485956049549, 0.0, 0.26456819338015114], "k_pid_att": [43.948176657889235, 0.18205753750414305, 0.6331997646149408], "k_pid_yaw": [0.5, 1e-06, 0.1], "k_pid_hsp": [0.09847755819799779, 0.011264223901387349, 0.0], "k_pid_vsp": [277.2708477836043, 298.73657637713535, 10.0]}, "datetime": {"datetime": "2025-08-13 16:59:26", "elapsed": 25894.189859867096, "delta": 23.653242588043213}, "costs": {"total_cost": 242.06535025010578, "time_cost": 95.669, "final_distance_cost": 1.8175640657494843, "oscillation_cost": 44.33353039277598, "completition_cost": 0.0, "overshoot_cost": 55.193221238702726, "power_cost": 20.927894274902346, "noise_cost": 24.124140277975258, "n_waypoints_completed": 9, "tot_waypoints": 9}}
{"target": -184.35370559971355, "params": {"k_pid_pos": [1.733835489643198, 0.024859491386256316, 0.8519347702918288], "k_pid_alt": [1.4458679973838424, 0.0, 0.3146878632891922], "k_pid_att": [71.45838630927439, 0.18205753750414305, 0.9456905697425194], "k_pid_yaw": [0.5, 1e-06, 0.1], "k_pid_hsp": [0.09847755819799779, 0.011264223901387349, 0.0], "k_pid_vsp": [277.2708477836043, 50.87373020527707, 10.0]}, "datetime": {"datetime": "2025-08-13 16:59:44", "elapsed": 25912.277175188065, "delta": 18.087315320968628}, "costs": {"total_cost": 184.35370559971355, "time_cost": 70.406, "final_distance_cost": 1.8367075116319849, "oscillation_cost": 28.920107700846838, "completition_cost": 0.0, "overshoot_cost": 51.03646789300172, "power_cost": 14.395700842285157, "noise_cost": 17.75872165194783, "n_waypoints_completed": 9, "tot_waypoints": 9}}
{"target": -192.9845721103489, "params": {"k_pid_pos": [0.9203224573796739, 0.024859491386256316, 0.8519347702918288], "k_pid_alt": [1.6586884955541554, 0.0, 0.3146878632891922], "k_pid_att": [43.948176657889235, 0.18205753750414305, 0.34464953207076743], "k_pid_yaw": [0.5, 1e-06, 0.1], "k_pid_hsp": [0.09847755819799779, 0.011264223901387349, 0.0], "k_pid_vsp": [110.56511661686339, 93.09285943774285, 10.0]}, "datetime": {"datetime": "2025-08-13 17:00:02", "elapsed": 25930.67245721817, "delta": 18.39528203010559}, "costs": {"total_cost": 192.9845721103489, "time_cost": 76.265, "final_distance_cost": 1.852640756655621, "oscillation_cost": 24.30907501655618, "completition_cost": 0.0, "overshoot_cost": 51.58187027911152, "power_cost": 18.589795275878906, "noise_cost": 20.38619078214666, "n_waypoints_completed": 9, "tot_waypoints": 9}}
{"target": -2464.6869663691655, "params": {"k_pid_pos": [1.4164186877546903, 0.024859491386256316, 0.44963268842268056], "k_pid_alt": [0.628485956049549, 0.0, 0.3146878632891922], "k_pid_att": [43.948176657889235, 0.18205753750414305, 0.2049938029151538], "k_pid_yaw": [0.5, 1e-06, 0.1], "k_pid_hsp": [0.09847755819799779, 0.011264223901387349, 0.9026349469911306], "k_pid_vsp": [241.01872517964944, 93.09285943774285, 10.0]}, "datetime": {"datetime": "2025-08-13 17:00:32", "elapsed": 25960.516038179398, "delta": 29.843580961227417}, "costs": {"total_cost": 2464.6869663691655, "time_cost": 150, "final_distance_cost": 70.86777415373886, "oscillation_cost": 858.2261721521077, "completition_cost": 1000.0, "overshoot_cost": 316.90229515666414, "power_cost": 37.33876356201172, "noise_cost": 31.351961344643197, "n_waypoints_completed": 0, "tot_waypoints": 9}}
{"target": -697.3954222511601, "params": {"k_pid_pos": [1.4340672435785011, 0.024859491386256316, 0.8519347702918288], "k_pid_alt": [1.4458679973838424, 0.5825635189933015, 0.3146878632891922], "k_pid_att": [43.948176657889235, 0.18205753750414305, 0.6331997646149408], "k_pid_yaw": [0.5, 1e-06, 0.1], "k_pid_hsp": [0.09847755819799779, 0.011264223901387349, 0.0], "k_pid_vsp": [277.2708477836043, 298.73657637713535, 296.34227500557057]}, "datetime": {"datetime": "2025-08-13 17:01:02", "elapsed": 25990.199259996414, "delta": 29.6832218170166}, "costs": {"total_cost": 697.3954222511601, "time_cost": 150, "final_distance_cost": 66.65575716738961, "oscillation_cost": 22.91604649417255, "completition_cost": 333.33333333333337, "overshoot_cost": 71.37253974252351, "power_cost": 28.053587048339846, "noise_cost": 25.064158465401146, "n_waypoints_completed": 6, "tot_waypoints": 9}}
{"target": -204.80257755135716, "params": {"k_pid_pos": [1.4340672435785011, 0.5303319676020144, 0.5792642345702999], "k_pid_alt": [1.4458679973838424, 0.8453038121781166, 0.3146878632891922], "k_pid_att": [43.948176657889235, 0.18205753750414305, 0.5315175384971502], "k_pid_yaw": [0.5, 1e-06, 0.1], "k_pid_hsp": [0.09847755819799779, 0.011264223901387349, 0.0], "k_pid_vsp": [376.5747392387296, 93.09285943774285, 10.0]}, "datetime": {"datetime": "2025-08-13 17:01:21", "elapsed": 26009.978427171707, "delta": 19.77916717529297}, "costs": {"total_cost": 204.80257755135716, "time_cost": 78.778, "final_distance_cost": 1.7690648505463196, "oscillation_cost": 32.50373703310001, "completition_cost": 0.0, "overshoot_cost": 53.930989151397775, "power_cost": 18.795308227539063, "noise_cost": 19.025478288774007, "n_waypoints_completed": 9, "tot_waypoints": 9}}
{"target": -230.73565653454432, "params": {"k_pid_pos": [1.733835489643198, 0.024859491386256316, 0.8519347702918288], "k_pid_alt": [1.4458679973838424, 0.2444858433726511, 0.3146878632891922], "k_pid_att": [43.948176657889235, 0.18205753750414305, 0.34464953207076743], "k_pid_yaw": [0.5, 1e-06, 0.1], "k_pid_hsp": [5.438556736783662, 0.011264223901387349, 0.0], "k_pid_vsp": [376.5747392387296, 355.59331454328964, 10.0]}, "datetime": {"datetime": "2025-08-13 17:01:41", "elapsed": 26029.933881998062, "delta": 19.95545482635498}, "costs": {"total_cost": 230.73565653454432, "time_cost": 78.764, "final_distance_cost": 1.778504190127837, "oscillation_cost": 60.54854817795673, "completition_cost": 0.0, "overshoot_cost": 50.94500025715255, "power_cost": 19.12469852294922, "noise_cost": 19.574905386358, "n_waypoints_completed": 9, "tot_waypoints": 9}}
{"target": -197.52871851490428, "params": {"k_pid_pos": [1.733835489643198, 0.024859491386256316, 0.8519347702918288], "k_pid_alt": [1.4458679973838424, 0.0, 0.3146878632891922], "k_pid_att": [43.948176657889235, 0.18205753750414305, 0.34464953207076743], "k_pid_yaw": [0.5, 1e-06, 0.1], "k_pid_hsp": [2.395389635608916, 0.011264223901387349, 0.0], "k_pid_vsp": [277.2708477836043, 93.09285943774285, 10.0]}, "datetime": {"datetime": "2025-08-13 17:01:58", "elapsed": 26047.069622039795, "delta": 17.135740041732788}, "costs": {"total_cost": 197.52871851490428, "time_cost": 70.665, "final_distance_cost": 1.8513556381124048, "oscillation_cost": 36.64224989665041, "completition_cost": 0.0, "overshoot_cost": 50.47185036333355, "power_cost": 18.33942734375, "noise_cost": 19.558835273057895, "n_waypoints_completed": 9, "tot_waypoints": 9}}
{"target": -1040.6310499136289, "params": {"k_pid_pos": [1.4164186877546903, 0.024859491386256316, 0.44963268842268056], "k_pid_alt": [1.4458679973838424, 0.9483159875416077, 0.2708715183109395], "k_pid_att": [43.948176657889235, 0.18205753750414305, 0.34464953207076743], "k_pid_yaw": [0.5, 1e-06, 0.1], "k_pid_hsp": [0.09847755819799779, 0.8086473436552222, 0.0], "k_pid_vsp": [376.5747392387296, 93.09285943774285, 10.0]}, "datetime": {"datetime": "2025-08-13 17:02:28", "elapsed": 26076.5977063179, "delta": 29.52808427810669}, "costs": {"total_cost": 1040.6310499136289, "time_cost": 150, "final_distance_cost": 55.01088891190705, "oscillation_cost": 132.47586247525064, "completition_cost": 555.5555555555555, "overshoot_cost": 76.22788492820803, "power_cost": 35.45761467285156, "noise_cost": 35.90324336985608, "n_waypoints_completed": 4, "tot_waypoints": 9}}
{"target": -202.5875121892702, "params": {"k_pid_pos": [1.4340672435785011, 0.5303319676020144, 0.7684864802628129], "k_pid_alt": [1.4458679973838424, 0.0, 0.3146878632891922], "k_pid_att": [43.948176657889235, 0.18205753750414305, 0.5315175384971502], "k_pid_yaw": [0.5, 1e-06, 0.1], "k_pid_hsp": [0.09847755819799779, 0.011264223901387349, 0.0], "k_pid_vsp": [63.87935167311278, 93.09285943774285, 10.0]}, "datetime": {"datetime": "2025-08-13 17:02:47", "elapsed": 26095.64913368225, "delta": 19.051427364349365}, "costs": {"total_cost": 202.5875121892702, "time_cost": 77.959, "final_distance_cost": 1.7522680416948404, "oscillation_cost": 29.441804016112545, "completition_cost": 0.0, "overshoot_cost": 52.2350328656176, "power_cost": 20.416426171875003, "noise_cost": 20.78298109397022, "n_waypoints_completed": 9, "tot_waypoints": 9}}
{"target": -207.46615198742182, "params": {"k_pid_pos": [1.0881159906046851, 0.5303319676020144, 0.7684864802628129], "k_pid_alt": [1.4458679973838424, 0.0, 0.3146878632891922], "k_pid_att": [43.948176657889235, 5.09582738139613, 0.5315175384971502], "k_pid_yaw": [0.5, 1e-06, 0.1], "k_pid_hsp": [0.09847755819799779, 0.011264223901387349, 0.0], "k_pid_vsp": [376.5747392387296, 93.09285943774285, 10.0]}, "datetime": {"datetime": "2025-08-13 17:03:07", "elapsed": 26115.72243499756, "delta": 20.073301315307617}, "costs": {"total_cost": 207.46615198742182, "time_cost": 80.234, "final_distance_cost": 1.7888791860650846, "oscillation_cost": 27.515206114680243, "completition_cost": 0.0, "overshoot_cost": 52.55901116964894, "power_cost": 23.20010916748047, "noise_cost": 22.168946349547095, "n_waypoints_completed": 9, "tot_waypoints": 9}}
{"target": -197.18449920122626, "params": {"k_pid_pos": [1.4340672435785011, 0.024859491386256316, 0.818138871087333], "k_pid_alt": [1.4458679973838424, 0.0, 0.1132575830732897], "k_pid_att": [39.447728079683905, 3.8677381495188174, 0.6559199499296157], "k_pid_yaw": [0.5, 1e-06, 0.1], "k_pid_hsp": [3.7446071307262585, 0.011264223901387349, 0.0], "k_pid_vsp": [277.2708477836043, 93.09285943774285, 10.0]}, "datetime": {"datetime": "2025-08-13 17:03:25", "elapsed": 26133.311598539352, "delta": 17.589163541793823}, "costs": {"total_cost": 197.18449920122626, "time_cost": 71.316, "final_distance_cost": 1.8539223139772216, "oscillation_cost": 38.1346042397738, "completition_cost": 0.0, "overshoot_cost": 50.48275555545829, "power_cost": 16.21887127685547, "noise_cost": 19.178345815161467, "n_waypoints_completed": 9, "tot_waypoints": 9}}
{"target": -187.2562777260674, "params": {"k_pid_pos": [1.4340672435785011, 0.5303319676020144, 0.9239049236577108], "k_pid_alt": [1.7187705538853828, 0.0, 0.6600607021214705], "k_pid_att": [39.447728079683905, 3.8677381495188174, 0.6559199499296157], "k_pid_yaw": [0.5, 1e-06, 0.1], "k_pid_hsp": [0.09847755819799779, 0.011264223901387349, 0.0], "k_pid_vsp": [277.2708477836043, 93.09285943774285, 10.0]}, "datetime": {"datetime": "2025-08-13 17:03:44", "elapsed": 26152.73614382744, "delta": 19.424545288085938}, "costs": {"total_cost": 187.2562777260674, "time_cost": 74.48, "final_distance_cost": 1.775321571480424, "oscillation_cost": 28.083699839927547, "completition_cost": 0.0, "overshoot_cost": 51.058539869050364, "power_cost": 13.154722814941406, "noise_cost": 18.703993630667675, "n_waypoints_completed": 9, "tot_waypoints": 9}}
{"target": -618.3303724272507, "params": {"k_pid_pos": [1.733835489643198, 0.024859491386256316, 0.8519347702918288], "k_pid_alt": [1.4458679973838424, 0.0, 0.3146878632891922], "k_pid_att": [43.948176657889235, 0.18205753750414305, 0.34464953207076743], "k_pid_yaw": [0.5, 1e-06, 0.1], "k_pid_hsp": [0.09847755819799779, 0.011264223901387349, 0.0], "k_pid_vsp": [352.6407561030123, 93.09285943774285, 256.4816389284505]}, "datetime": {"datetime": "2025-08-13 17:04:15", "elapsed": 26183.189552545547, "delta": 30.45340871810913}, "costs": {"total_cost": 618.3303724272507, "time_cost": 150, "final_distance_cost": 71.13532278486028, "oscillation_cost": 27.965777255598486, "completition_cost": 222.2222222222222, "overshoot_cost": 90.4023849373316, "power_cost": 29.613644201660158, "noise_cost": 26.991021025577954, "n_waypoints_completed": 7, "tot_waypoints": 9}}
{"target": -181.51626384613562, "params": {"k_pid_pos": [1.6203022768980826, 0.024859491386256316, 0.8519347702918288], "k_pid_alt": [1.4458679973838424, 0.0, 0.3146878632891922], "k_pid_att": [43.948176657889235, 0.18205753750414305, 0.34464953207076743], "k_pid_yaw": [0.5, 1e-06, 0.1], "k_pid_hsp": [0.09847755819799779, 0.011264223901387349, 0.0], "k_pid_vsp": [376.5747392387296, 93.09285943774285, 10.0]}, "datetime": {"datetime": "2025-08-13 17:04:32", "elapsed": 26200.88814306259, "delta": 17.698590517044067}, "costs": {"total_cost": 181.51626384613562, "time_cost": 70.252, "final_distance_cost": 1.8197592644252, "oscillation_cost": 28.19920472479838, "completition_cost": 0.0, "overshoot_cost": 51.06821591472083, "power_cost": 12.62671453857422, "noise_cost": 17.550369403616994, "n_waypoints_completed": 9, "tot_waypoints": 9}}
{"target": -1451.4625529354894, "params": {"k_pid_pos": [1.733835489643198, 0.697934074851641, 0.44963268842268056], "k_pid_alt": [1.4458679973838424, 0.0, 0.46972286414476394], "k_pid_att": [56.57538761271833, 0.18205753750414305, 0.34464953207076743], "k_pid_yaw": [0.5, 1e-06, 0.1], "k_pid_hsp": [0.09847755819799779, 0.011264223901387349, 0.0], "k_pid_vsp": [277.2708477836043, 93.09285943774285, 378.0828445606506]}, "datetime": {"datetime": "2025-08-13 17:05:01", "elapsed": 26229.424453020096, "delta": 28.536309957504272}, "costs": {"total_cost": 1451.4625529354894, "time_cost": 150, "final_distance_cost": 1.0000000000000036, "oscillation_cost": 5.899448207503196, "completition_cost": 1000.0, "overshoot_cost": 160.87337002307441, "power_cost": 29.526138903808594, "noise_cost": 104.16359580110341, "n_waypoints_completed": 0, "tot_waypoints": 9}}
{"target": -2131.3237306502383, "params": {"k_pid_pos": [1.4164186877546903, 0.024859491386256316, 0.8519347702918288], "k_pid_alt": [1.7286757789009397, 0.0, 0.5100217929712108], "k_pid_att": [50.812654768034484, 0.18205753750414305, 0.34464953207076743], "k_pid_yaw": [0.5, 1e-06, 0.1], "k_pid_hsp": [0.09847755819799779, 0.011264223901387349, 0.5359723100047215], "k_pid_vsp": [277.2708477836043, 197.31441805153213, 10.0]}, "datetime": {"datetime": "2025-08-13 17:05:30", "elapsed": 26258.578868865967, "delta": 29.15441584587097}, "costs": {"total_cost": 2131.3237306502383, "time_cost": 150, "final_distance_cost": 56.90197370335995, "oscillation_cost": 849.0465999690335, "completition_cost": 888.8888888888888, "overshoot_cost": 124.18749199177942, "power_cost": 32.37719396972656, "noise_cost": 29.921582127449526, "n_waypoints_completed": 1, "tot_waypoints": 9}}
{"target": -197.1404512110915, "params": {"k_pid_pos": [1.4340672435785011, 0.19270098738807973, 0.8519347702918288], "k_pid_alt": [1.4458679973838424, 0.5825635189933015, 0.3146878632891922], "k_pid_att": [43.948176657889235, 0.18205753750414305, 0.9125065750547853], "k_pid_yaw": [0.5, 1e-06, 0.1], "k_pid_hsp": [0.09847755819799779, 0.011264223901387349, 0.0], "k_pid_vsp": [263.1854405112298, 93.09285943774285, 10.0]}, "datetime": {"datetime": "2025-08-13 17:05:48", "elapsed": 26276.96987748146, "delta": 18.391008615493774}, "costs": {"total_cost": 197.1404512110915, "time_cost": 76.923, "final_distance_cost": 1.7929382599749595, "oscillation_cost": 27.61207154975319, "completition_cost": 0.0, "overshoot_cost": 52.41378825766945, "power_cost": 19.2746044921875, "noise_cost": 19.124048651506378, "n_waypoints_completed": 9, "tot_waypoints": 9}}
