{"target": -224.54412148577973, "params": {"k_pid_pos": [0.8325832251638142, 0.04925411992759399, 0.3736141384595716], "k_pid_alt": [1.0475058974352744, 0.10167190290371597, 0.949345597264735], "k_pid_att": [39.447728079683905, 3.8677381495188174, 0.015805555440133845], "k_pid_yaw": [0.5, 1e-06, 0.1], "k_pid_hsp": [0.09847755819799779, 0.011264223901387349, 0.0], "k_pid_vsp": [194.7624155113164, 20.0, 10.0]}, "datetime": {"datetime": "2025-08-13 10:32:33", "elapsed": 2681.3509731292725, "delta": 23.015456676483154}, "costs": {"total_cost": 224.54412148577973, "time_cost": 90.45400000000001, "final_distance_cost": 1.7985891319170328, "oscillation_cost": 27.258741639333756, "completition_cost": 0.0, "overshoot_cost": 52.49880085445725, "power_cost": 26.493802502441408, "noise_cost": 26.040187357630302, "n_waypoints_completed": 9, "tot_waypoints": 9}}
{"target": -221.50270626187495, "params": {"k_pid_pos": [0.8325832251638142, 0.04925411992759399, 0.3736141384595716], "k_pid_alt": [0.1927819243069986, 0.9026023965438417, 0.45577628983361107], "k_pid_att": [11.895331074021131, 3.0596356458441103, 0.9274604585040267], "k_pid_yaw": [0.5, 1e-06, 0.1], "k_pid_hsp": [0.09847755819799779, 0.011264223901387349, 0.0], "k_pid_vsp": [111.20884264032553, 379.71740925440946, 10.0]}, "datetime": {"datetime": "2025-08-13 10:32:55", "elapsed": 2703.679963350296, "delta": 22.32899022102356}, "costs": {"total_cost": 221.50270626187495, "time_cost": 87.962, "final_distance_cost": 1.7777913368878586, "oscillation_cost": 28.46840837417168, "completition_cost": 0.0, "overshoot_cost": 61.91916882076034, "power_cost": 20.208411755371095, "noise_cost": 21.166925974683977, "n_waypoints_completed": 9, "tot_waypoints": 9}}
{"target": -193.23289451464981, "params": {"k_pid_pos": [1.849624377781123, 0.024859491386256316, 0.44963268842268056], "k_pid_alt": [1.2679502233621702, 0.0, 0.949345597264735], "k_pid_att": [39.447728079683905, 3.8677381495188174, 0.1845336041603497], "k_pid_yaw": [0.5, 1e-06, 0.1], "k_pid_hsp": [0.09847755819799779, 0.011264223901387349, 0.0], "k_pid_vsp": [194.7624155113164, 20.0, 10.0]}, "datetime": {"datetime": "2025-08-13 10:33:15", "elapsed": 2723.201323747635, "delta": 19.521360397338867}, "costs": {"total_cost": 193.23289451464981, "time_cost": 73.514, "final_distance_cost": 1.8111496887639367, "oscillation_cost": 31.719266446761573, "completition_cost": 0.0, "overshoot_cost": 51.60590905884184, "power_cost": 15.516822607421876, "noise_cost": 19.065746712860598, "n_waypoints_completed": 9, "tot_waypoints": 9}}
{"target": -221.55090656234043, "params": {"k_pid_pos": [1.3368390832847643, 0.4710962061431325, 0.5652361064811888], "k_pid_alt": [1.142334724111482, 0.6347183200005908, 0.20799807370846057], "k_pid_att": [22.592895791678245, 9.597749245839971, 0.3952346537588943], "k_pid_yaw": [0.5, 1e-06, 0.1], "k_pid_hsp": [3.9758421804300244, 0.8457969578021425, 0.0], "k_pid_vsp": [194.7624155113164, 20.0, 10.0]}, "datetime": {"datetime": "2025-08-13 10:33:36", "elapsed": 2744.7086532115936, "delta": 21.50732946395874}, "costs": {"total_cost": 221.55090656234043, "time_cost": 81.781, "final_distance_cost": 1.7378089084509492, "oscillation_cost": 51.338394869164766, "completition_cost": 0.0, "overshoot_cost": 51.84912700840084, "power_cost": 13.963864575195313, "noise_cost": 20.88071120112855, "n_waypoints_completed": 9, "tot_waypoints": 9}}
{"target": -937.9146437929201, "params": {"k_pid_pos": [1.8624793477566346, 0.04925411992759399, 0.3736141384595716], "k_pid_alt": [1.515427128667956, 0.0, 0.949345597264735], "k_pid_att": [39.447728079683905, 3.8677381495188174, 0.1845336041603497], "k_pid_yaw": [0.5, 1e-06, 0.1], "k_pid_hsp": [0.09847755819799779, 0.468231405693584, 0.4885840453515333], "k_pid_vsp": [265.14568510543296, 382.2493028631647, 114.57849146637578]}, "datetime": {"datetime": "2025-08-13 10:34:22", "elapsed": 2790.2099781036377, "delta": 45.50132489204407}, "costs": {"total_cost": 937.9146437929201, "time_cost": 150, "final_distance_cost": 23.40003976463097, "oscillation_cost": 486.3728157374797, "completition_cost": 111.11111111111116, "overshoot_cost": 100.94769351872651, "power_cost": 36.989768212890624, "noise_cost": 29.093215448081065, "n_waypoints_completed": 8, "tot_waypoints": 9}}
{"target": -486.3811876462791, "params": {"k_pid_pos": [1.849624377781123, 0.024859491386256316, 0.44963268842268056], "k_pid_alt": [1.2679502233621702, 0.0, 0.949345597264735], "k_pid_att": [39.447728079683905, 1.619499508339287, 0.1845336041603497], "k_pid_yaw": [0.5, 1e-06, 0.1], "k_pid_hsp": [4.3672302205847, 0.2145846728195292, 0.40852864372463615], "k_pid_vsp": [341.36122930726646, 93.57579511219681, 23.321097617323666]}, "datetime": {"datetime": "2025-08-13 10:34:42", "elapsed": 2810.731503009796, "delta": 20.521524906158447}, "costs": {"total_cost": 486.3811876462791, "time_cost": 79.31700000000001, "final_distance_cost": 1.7684449608637276, "oscillation_cost": 309.6879417691537, "completition_cost": 0.0, "overshoot_cost": 52.0145476777622, "power_cost": 23.297885644531252, "noise_cost": 20.295367593968145, "n_waypoints_completed": 9, "tot_waypoints": 9}}
{"target": -256.6837760115595, "params": {"k_pid_pos": [1.734860336611219, 0.5811166092209024, 0.19977565166005762], "k_pid_alt": [1.6082490523645254, 0.7154071296158017, 0.7389840039155418], "k_pid_att": [13.105775155731326, 1.2376256611230811, 0.9275625510065076], "k_pid_yaw": [0.5, 1e-06, 0.1], "k_pid_hsp": [0.09847755819799779, 0.011264223901387349, 0.0], "k_pid_vsp": [194.7624155113164, 20.0, 10.0]}, "datetime": {"datetime": "2025-08-13 10:35:09", "elapsed": 2837.4824051856995, "delta": 26.75090217590332}, "costs": {"total_cost": 256.6837760115595, "time_cost": 95.242, "final_distance_cost": 1.746827036072816, "oscillation_cost": 41.03375467545789, "completition_cost": 0.0, "overshoot_cost": 59.04571849168726, "power_cost": 31.321376464843752, "noise_cost": 28.294099343497745, "n_waypoints_completed": 9, "tot_waypoints": 9}}
{"target": -477.7958125104399, "params": {"k_pid_pos": [0.8325832251638142, 0.04925411992759399, 0.3736141384595716], "k_pid_alt": [0.1927819243069986, 0.9026023965438417, 0.45577628983361107], "k_pid_att": [11.895331074021131, 3.0596356458441103, 0.9275625510065076], "k_pid_yaw": [0.5, 1e-06, 0.1], "k_pid_hsp": [3.9758421804300244, 0.8457969578021425, 0.4885840453515333], "k_pid_vsp": [265.14568510543296, 382.2493028631647, 114.57849146637578]}, "datetime": {"datetime": "2025-08-13 10:35:54", "elapsed": 2882.6829385757446, "delta": 45.200533390045166}, "costs": {"total_cost": 477.7958125104399, "time_cost": 105.84, "final_distance_cost": 1.7949995444803266, "oscillation_cost": 242.9564089513978, "completition_cost": 0.0, "overshoot_cost": 66.44349702345582, "power_cost": 33.618117822265624, "noise_cost": 27.142789168840302, "n_waypoints_completed": 9, "tot_waypoints": 9}}
{"target": -232.79790110900504, "params": {"k_pid_pos": [1.3368390832847643, 0.4710962061431325, 0.5652361064811888], "k_pid_alt": [0.8247498285944492, 0.6347183200005908, 0.5535794006579958], "k_pid_att": [22.592895791678245, 9.597749245839971, 0.9274604585040267], "k_pid_yaw": [0.5, 1e-06, 0.1], "k_pid_hsp": [0.09847755819799779, 0.011264223901387349, 0.0], "k_pid_vsp": [111.20884264032553, 20.0, 10.0]}, "datetime": {"datetime": "2025-08-13 10:36:36", "elapsed": 2924.6776473522186, "delta": 41.994708776474}, "costs": {"total_cost": 232.79790110900504, "time_cost": 94.976, "final_distance_cost": 1.7268253374742957, "oscillation_cost": 33.82628198680187, "completition_cost": 0.0, "overshoot_cost": 55.9829008702351, "power_cost": 21.7998005859375, "noise_cost": 24.48609232855626, "n_waypoints_completed": 9, "tot_waypoints": 9}}
{"target": -257.15318591349615, "params": {"k_pid_pos": [1.3885554450422086, 0.3482758834614562, 0.19977565166005762], "k_pid_alt": [0.7928724707296242, 0.7154071296158017, 0.7497057510446368], "k_pid_att": [39.447728079683905, 3.8677381495188174, 0.1845336041603497], "k_pid_yaw": [0.5, 1e-06, 0.1], "k_pid_hsp": [0.09847755819799779, 0.011264223901387349, 0.0], "k_pid_vsp": [194.7624155113164, 20.0, 10.0]}, "datetime": {"datetime": "2025-08-13 10:37:23", "elapsed": 2971.0781466960907, "delta": 46.40049934387207}, "costs": {"total_cost": 257.15318591349615, "time_cost": 102.935, "final_distance_cost": 1.7859342384350276, "oscillation_cost": 38.86766126394625, "completition_cost": 0.0, "overshoot_cost": 59.351857999599346, "power_cost": 26.724481372070315, "noise_cost": 27.48825103944517, "n_waypoints_completed": 9, "tot_waypoints": 9}}
{"target": -471.04838694508584, "params": {"k_pid_pos": [1.917034736421507, 0.024859491386256316, 0.44963268842268056], "k_pid_alt": [1.2679502233621702, 0.0, 0.14617324419269828], "k_pid_att": [52.045744376722766, 3.1034157057733522, 0.14387193297114265], "k_pid_yaw": [0.5, 1e-06, 0.1], "k_pid_hsp": [9.209712627827253, 0.16553172273527816, 0.28472008233793555], "k_pid_vsp": [61.44535807682345, 184.69087941207655, 8.459207513427996]}, "datetime": {"datetime": "2025-08-13 10:37:53", "elapsed": 3001.127424955368, "delta": 30.049278259277344}, "costs": {"total_cost": 471.04838694508584, "time_cost": 68.57900000000001, "final_distance_cost": 1.7694324741630982, "oscillation_cost": 310.52820376830266, "completition_cost": 0.0, "overshoot_cost": 50.51417630940451, "power_cost": 20.622634387207032, "noise_cost": 19.034940006008505, "n_waypoints_completed": 9, "tot_waypoints": 9}}
{"target": -223.88596235208433, "params": {"k_pid_pos": [1.3885554450422086, 0.12011063010138434, 0.9898230692048735], "k_pid_alt": [0.26508416190282724, 0.7154071296158017, 0.949345597264735], "k_pid_att": [39.447728079683905, 3.8677381495188174, 0.1845336041603497], "k_pid_yaw": [0.5, 1e-06, 0.1], "k_pid_hsp": [0.09847755819799779, 0.011264223901387349, 0.0], "k_pid_vsp": [194.7624155113164, 20.0, 10.0]}, "datetime": {"datetime": "2025-08-13 10:38:33", "elapsed": 3041.2226057052612, "delta": 40.09518074989319}, "costs": {"total_cost": 223.88596235208433, "time_cost": 92.596, "final_distance_cost": 1.7775617423762182, "oscillation_cost": 29.028257057474036, "completition_cost": 0.0, "overshoot_cost": 60.31561008277757, "power_cost": 17.342116174316406, "noise_cost": 22.826417295140125, "n_waypoints_completed": 9, "tot_waypoints": 9}}
{"target": -281.0581810691137, "params": {"k_pid_pos": [1.8624793477566346, 0.04925411992759399, 0.3736141384595716], "k_pid_alt": [1.515427128667956, 0.0, 0.7389840039155418], "k_pid_att": [13.105775155731326, 1.2376256611230811, 0.9275625510065076], "k_pid_yaw": [0.5, 1e-06, 0.1], "k_pid_hsp": [7.650267549339912, 0.2145846728195292, 0.40852864372463615], "k_pid_vsp": [341.36122930726646, 93.57579511219681, 23.321097617323666]}, "datetime": {"datetime": "2025-08-13 10:39:03", "elapsed": 3071.429897069931, "delta": 30.2072913646698}, "costs": {"total_cost": 281.0581810691137, "time_cost": 69.237, "final_distance_cost": 1.7742668411499853, "oscillation_cost": 122.71779299961118, "completition_cost": 0.0, "overshoot_cost": 50.16439946357725, "power_cost": 19.113049658203124, "noise_cost": 18.051672106572173, "n_waypoints_completed": 9, "tot_waypoints": 9}}
{"target": -392.45497516551717, "params": {"k_pid_pos": [1.3885554450422086, 0.9460270628173303, 0.2533833538391872], "k_pid_alt": [1.515427128667956, 0.0, 0.4468388424141526], "k_pid_att": [39.447728079683905, 2.2237570421753174, 0.9275625510065076], "k_pid_yaw": [0.5, 1e-06, 0.1], "k_pid_hsp": [3.9758421804300244, 0.30094869178093975, 0.4885840453515333], "k_pid_vsp": [265.14568510543296, 382.2493028631647, 160.0245790538407]}, "datetime": {"datetime": "2025-08-13 10:39:47", "elapsed": 3115.974006175995, "delta": 44.54410910606384}, "costs": {"total_cost": 392.45497516551717, "time_cost": 100.81400000000001, "final_distance_cost": 1.7449883999505986, "oscillation_cost": 156.66104533977202, "completition_cost": 0.0, "overshoot_cost": 76.57910447623617, "power_cost": 29.898671142578127, "noise_cost": 26.75716580698028, "n_waypoints_completed": 9, "tot_waypoints": 9}}
{"target": -448.25909556961255, "params": {"k_pid_pos": [1.3125724517510475, 0.036162710494696215, 0.0054298341287004614], "k_pid_alt": [0.10331583402879785, 0.7154071296158017, 0.7389840039155418], "k_pid_att": [13.105775155731326, 5.156922816475868, 0.21517827462871852], "k_pid_yaw": [0.5, 1e-06, 0.1], "k_pid_hsp": [0.09847755819799779, 0.011264223901387349, 0.0], "k_pid_vsp": [194.7624155113164, 82.79406464935073, 10.0]}, "datetime": {"datetime": "2025-08-13 10:40:39", "elapsed": 3167.725041627884, "delta": 51.75103545188904}, "costs": {"total_cost": 448.25909556961255, "time_cost": 150, "final_distance_cost": 25.72925538623818, "oscillation_cost": 39.65001046468421, "completition_cost": 111.11111111111116, "overshoot_cost": 67.46727971705803, "power_cost": 24.749623608398437, "noise_cost": 29.551815282122533, "n_waypoints_completed": 8, "tot_waypoints": 9}}
{"target": -282.1860253688749, "params": {"k_pid_pos": [1.849624377781123, 0.9460270628173303, 0.5699829035940329], "k_pid_alt": [1.515427128667956, 0.0, 0.949345597264735], "k_pid_att": [39.447728079683905, 3.8677381495188174, 0.21517827462871852], "k_pid_yaw": [0.5, 1e-06, 0.1], "k_pid_hsp": [0.09847755819799779, 0.011264223901387349, 0.0], "k_pid_vsp": [194.7624155113164, 82.79406464935073, 10.0]}, "datetime": {"datetime": "2025-08-13 10:41:22", "elapsed": 3210.500448703766, "delta": 42.77540707588196}, "costs": {"total_cost": 282.1860253688749, "time_cost": 99.477, "final_distance_cost": 1.7611346980125238, "oscillation_cost": 41.69834261343624, "completition_cost": 0.0, "overshoot_cost": 60.75811247298112, "power_cost": 38.69009986572266, "noise_cost": 39.801335718722356, "n_waypoints_completed": 9, "tot_waypoints": 9}}
{"target": -195.56820197863323, "params": {"k_pid_pos": [1.3885554450422086, 0.024859491386256316, 0.44963268842268056], "k_pid_alt": [1.2679502233621702, 0.0, 0.949345597264735], "k_pid_att": [39.447728079683905, 3.8677381495188174, 0.1845336041603497], "k_pid_yaw": [0.5, 1e-06, 0.1], "k_pid_hsp": [0.09847755819799779, 0.011264223901387349, 0.0], "k_pid_vsp": [194.7624155113164, 20.0, 10.0]}, "datetime": {"datetime": "2025-08-13 10:41:54", "elapsed": 3242.9995608329773, "delta": 32.499112129211426}, "costs": {"total_cost": 195.56820197863323, "time_cost": 73.934, "final_distance_cost": 1.823836946156875, "oscillation_cost": 28.77897867759092, "completition_cost": 0.0, "overshoot_cost": 51.683240710702286, "power_cost": 19.558420434570312, "noise_cost": 19.789725209612836, "n_waypoints_completed": 9, "tot_waypoints": 9}}
{"target": -193.5610365782009, "params": {"k_pid_pos": [1.849624377781123, 0.024859491386256316, 0.44963268842268056], "k_pid_alt": [1.2679502233621702, 0.0, 0.949345597264735], "k_pid_att": [39.447728079683905, 3.8677381495188174, 0.1845336041603497], "k_pid_yaw": [0.5, 1e-06, 0.1], "k_pid_hsp": [0.09847755819799779, 0.011264223901387349, 0.0], "k_pid_vsp": [194.7624155113164, 20.0, 10.0]}, "datetime": {"datetime": "2025-08-13 10:42:27", "elapsed": 3275.8507421016693, "delta": 32.85118126869202}, "costs": {"total_cost": 193.5610365782009, "time_cost": 73.542, "final_distance_cost": 1.8015374960181292, "oscillation_cost": 31.60152295344338, "completition_cost": 0.0, "overshoot_cost": 51.52608886813755, "power_cost": 15.789716552734376, "noise_cost": 19.300170707867494, "n_waypoints_completed": 9, "tot_waypoints": 9}}
{"target": -1544.3162038214675, "params": {"k_pid_pos": [1.4338086892990753, 0.44936150214378867, 0.272241561845159], "k_pid_alt": [0.1927819243069986, 0.9026023965438417, 0.31636145733671517], "k_pid_att": [20.236336479523032, 3.0596356458441103, 0.9274604585040267], "k_pid_yaw": [0.5, 1e-06, 0.1], "k_pid_hsp": [0.5494443984777728, 0.011264223901387349, 0.8487921131360887], "k_pid_vsp": [111.20884264032553, 20.0, 10.0]}, "datetime": {"datetime": "2025-08-13 10:43:21", "elapsed": 3329.8479175567627, "delta": 53.997175455093384}, "costs": {"total_cost": 1544.3162038214675, "time_cost": 150, "final_distance_cost": 94.36701951098523, "oscillation_cost": 400.051063623921, "completition_cost": 777.7777777777778, "overshoot_cost": 59.571155522686226, "power_cost": 31.7640966796875, "noise_cost": 30.785090706409687, "n_waypoints_completed": 2, "tot_waypoints": 9}}
{"target": -916.8534225906469, "params": {"k_pid_pos": [0.3572904909766657, 0.04925411992759399, 0.3736141384595716], "k_pid_alt": [1.515427128667956, 0.0, 0.949345597264735], "k_pid_att": [39.447728079683905, 3.8677381495188174, 0.1845336041603497], "k_pid_yaw": [0.5, 1e-06, 0.1], "k_pid_hsp": [0.09847755819799779, 0.011264223901387349, 0.0], "k_pid_vsp": [194.7624155113164, 20.0, 140.88499807383718]}, "datetime": {"datetime": "2025-08-13 10:44:15", "elapsed": 3383.368021965027, "delta": 53.52010440826416}, "costs": {"total_cost": 916.8534225906469, "time_cost": 150, "final_distance_cost": 40.03305111375879, "oscillation_cost": 10.571196737474212, "completition_cost": 555.5555555555555, "overshoot_cost": 90.90141690342033, "power_cost": 29.821800732421877, "noise_cost": 39.97040154801606, "n_waypoints_completed": 4, "tot_waypoints": 9}}
{"target": -302.59426589598985, "params": {"k_pid_pos": [1.3885554450422086, 0.4391785132059347, 0.19977565166005762], "k_pid_alt": [1.6082490523645254, 0.7154071296158017, 0.7389840039155418], "k_pid_att": [13.105775155731326, 1.2376256611230811, 0.9275625510065076], "k_pid_yaw": [0.5, 1e-06, 0.1], "k_pid_hsp": [4.3672302205847, 0.2145846728195292, 0.2235903208760469], "k_pid_vsp": [341.36122930726646, 93.57579511219681, 23.321097617323666]}, "datetime": {"datetime": "2025-08-13 10:44:53", "elapsed": 3421.3517937660217, "delta": 37.98377180099487}, "costs": {"total_cost": 302.59426589598985, "time_cost": 88.529, "final_distance_cost": 1.731998487760997, "oscillation_cost": 114.70293662039849, "completition_cost": 0.0, "overshoot_cost": 53.17946039347331, "power_cost": 22.589523083496093, "noise_cost": 21.86134731086094, "n_waypoints_completed": 9, "tot_waypoints": 9}}
{"target": -1455.6222958293429, "params": {"k_pid_pos": [1.8499324491666203, 0.9460270628173303, 0.7630192967767481], "k_pid_alt": [1.515427128667956, 0.0, 0.949345597264735], "k_pid_att": [39.447728079683905, 8.497906999130581, 0.21517827462871852], "k_pid_yaw": [0.5, 1e-06, 0.1], "k_pid_hsp": [0.09847755819799779, 0.011264223901387349, 0.0], "k_pid_vsp": [194.7624155113164, 82.79406464935073, 291.91230708773605]}, "datetime": {"datetime": "2025-08-13 10:45:45", "elapsed": 3473.3350307941437, "delta": 51.98323702812195}, "costs": {"total_cost": 1455.6222958293429, "time_cost": 150, "final_distance_cost": 158.8548245860353, "oscillation_cost": 16.969193580257613, "completition_cost": 888.8888888888888, "overshoot_cost": 180.832199402161, "power_cost": 26.907302856445312, "noise_cost": 33.16988651555472, "n_waypoints_completed": 1, "tot_waypoints": 9}}
{"target": -211.29581851382773, "params": {"k_pid_pos": [1.849624377781123, 0.024859491386256316, 0.44963268842268056], "k_pid_alt": [1.2679502233621702, 0.0, 0.949345597264735], "k_pid_att": [39.447728079683905, 3.8677381495188174, 0.1845336041603497], "k_pid_yaw": [0.5, 1e-06, 0.1], "k_pid_hsp": [0.09847755819799779, 0.011264223901387349, 0.0], "k_pid_vsp": [194.7624155113164, 20.0, 10.0]}, "datetime": {"datetime": "2025-08-13 10:46:18", "elapsed": 3506.156592607498, "delta": 32.82156181335449}, "costs": {"total_cost": 211.29581851382773, "time_cost": 76.349, "final_distance_cost": 1.8066583880083802, "oscillation_cost": 33.05866966871655, "completition_cost": 0.0, "overshoot_cost": 53.235774048156244, "power_cost": 24.52193045654297, "noise_cost": 22.32378595240357, "n_waypoints_completed": 9, "tot_waypoints": 9}}
{"target": -203.6908252924414, "params": {"k_pid_pos": [1.849624377781123, 0.024859491386256316, 0.44963268842268056], "k_pid_alt": [1.2679502233621702, 0.0, 0.949345597264735], "k_pid_att": [39.447728079683905, 3.8677381495188174, 0.1845336041603497], "k_pid_yaw": [0.5, 1e-06, 0.1], "k_pid_hsp": [0.09847755819799779, 0.011264223901387349, 0.0], "k_pid_vsp": [194.7624155113164, 20.0, 10.0]}, "datetime": {"datetime": "2025-08-13 10:46:51", "elapsed": 3539.5764350891113, "delta": 33.41984248161316}, "costs": {"total_cost": 203.6908252924414, "time_cost": 74.172, "final_distance_cost": 1.8178358069950324, "oscillation_cost": 31.177206372499278, "completition_cost": 0.0, "overshoot_cost": 52.02344710676032, "power_cost": 23.058423950195312, "noise_cost": 21.44191205599146, "n_waypoints_completed": 9, "tot_waypoints": 9}}
{"target": -193.71898223833938, "params": {"k_pid_pos": [1.3885554450422086, 0.024859491386256316, 0.44963268842268056], "k_pid_alt": [1.2679502233621702, 0.0, 0.949345597264735], "k_pid_att": [39.447728079683905, 3.8677381495188174, 0.1845336041603497], "k_pid_yaw": [0.5, 1e-06, 0.1], "k_pid_hsp": [0.09847755819799779, 0.011264223901387349, 0.0], "k_pid_vsp": [194.7624155113164, 20.0, 10.0]}, "datetime": {"datetime": "2025-08-13 10:47:26", "elapsed": 3574.3200628757477, "delta": 34.74362778663635}, "costs": {"total_cost": 193.71898223833938, "time_cost": 73.927, "final_distance_cost": 1.8312622935418417, "oscillation_cost": 28.95740650924315, "completition_cost": 0.0, "overshoot_cost": 51.36800802831304, "power_cost": 19.002205627441406, "noise_cost": 18.633099779799924, "n_waypoints_completed": 9, "tot_waypoints": 9}}
