{"target": -196.0925723644213, "params": {"k_pid_pos": [1.849624377781123, 0.024859491386256316, 0.44963268842268056], "k_pid_alt": [1.1302962253917743, 0.0, 0.8361997509577753], "k_pid_att": [19.462821160492226, 4.138056718860487, 0.737857181360408], "k_pid_yaw": [0.5, 1e-06, 0.1], "k_pid_hsp": [0.09847755819799779, 0.011264223901387349, 0.0], "k_pid_vsp": [194.7624155113164, 139.20520652041523, 10.0]}, "datetime": {"datetime": "2025-08-13 12:21:20", "elapsed": 9208.559607505798, "delta": 18.118932008743286}, "costs": {"total_cost": 196.0925723644213, "time_cost": 73.507, "final_distance_cost": 1.804946883349584, "oscillation_cost": 31.270223013979084, "completition_cost": 0.0, "overshoot_cost": 50.95838565130523, "power_cost": 19.345314672851565, "noise_cost": 19.206702142935836, "n_waypoints_completed": 9, "tot_waypoints": 9}}
{"target": -197.9416394301727, "params": {"k_pid_pos": [1.849624377781123, 0.024859491386256316, 0.855962508813682], "k_pid_alt": [1.2679502233621702, 0.0, 0.949345597264735], "k_pid_att": [66.62171653053798, 3.8677381495188174, 0.1845336041603497], "k_pid_yaw": [0.5, 1e-06, 0.1], "k_pid_hsp": [0.09847755819799779, 0.029631885976391104, 0.0], "k_pid_vsp": [194.7624155113164, 156.73508457218338, 10.0]}, "datetime": {"datetime": "2025-08-13 12:21:38", "elapsed": 9226.337218523026, "delta": 17.777611017227173}, "costs": {"total_cost": 197.9416394301727, "time_cost": 73.031, "final_distance_cost": 1.8201858292103053, "oscillation_cost": 31.646909552691316, "completition_cost": 0.0, "overshoot_cost": 50.93956251926901, "power_cost": 20.71738494873047, "noise_cost": 19.786596580271585, "n_waypoints_completed": 9, "tot_waypoints": 9}}
{"target": -1238.033086300239, "params": {"k_pid_pos": [1.366584901374431, 0.6757485115605695, 0.2995124902746459], "k_pid_alt": [1.2679502233621702, 0.02520494712616217, 0.5115311366376475], "k_pid_att": [70.37366196437685, 4.5502721036558205, 0.1845336041603497], "k_pid_yaw": [0.5, 1e-06, 0.1], "k_pid_hsp": [0.09847755819799779, 0.011264223901387349, 0.0], "k_pid_vsp": [194.7624155113164, 20.0, 221.50483815232838]}, "datetime": {"datetime": "2025-08-13 12:22:07", "elapsed": 9255.920122385025, "delta": 29.58290386199951}, "costs": {"total_cost": 1238.033086300239, "time_cost": 150, "final_distance_cost": 84.64643303672538, "oscillation_cost": 18.521884308127756, "completition_cost": 777.7777777777778, "overshoot_cost": 129.52216572475237, "power_cost": 30.305894555664064, "noise_cost": 47.258930897191426, "n_waypoints_completed": 2, "tot_waypoints": 9}}
{"target": -205.34243662547405, "params": {"k_pid_pos": [1.849624377781123, 0.024859491386256316, 0.44963268842268056], "k_pid_alt": [1.2679502233621702, 0.0, 0.949345597264735], "k_pid_att": [17.813414374173632, 3.8677381495188174, 0.48922906718999004], "k_pid_yaw": [0.5, 1e-06, 0.1], "k_pid_hsp": [6.779068060256637, 0.011264223901387349, 0.0], "k_pid_vsp": [194.7624155113164, 93.09285943774285, 10.0]}, "datetime": {"datetime": "2025-08-13 12:22:25", "elapsed": 9273.287939071655, "delta": 17.36781668663025}, "costs": {"total_cost": 205.34243662547405, "time_cost": 71.743, "final_distance_cost": 1.8224942974427965, "oscillation_cost": 46.82404442028256, "completition_cost": 0.0, "overshoot_cost": 50.32917088687538, "power_cost": 16.065498974609376, "noise_cost": 18.558228046263924, "n_waypoints_completed": 9, "tot_waypoints": 9}}
{"target": -191.11538826526942, "params": {"k_pid_pos": [1.849624377781123, 0.024859491386256316, 0.44963268842268056], "k_pid_alt": [1.296896341175293, 0.0, 0.949345597264735], "k_pid_att": [39.447728079683905, 3.8677381495188174, 0.1845336041603497], "k_pid_yaw": [0.5, 1e-06, 0.1], "k_pid_hsp": [0.09847755819799779, 0.011264223901387349, 0.0], "k_pid_vsp": [194.7624155113164, 307.0029666248519, 10.0]}, "datetime": {"datetime": "2025-08-13 12:22:42", "elapsed": 9290.765498876572, "delta": 17.477559804916382}, "costs": {"total_cost": 191.11538826526942, "time_cost": 72.69500000000001, "final_distance_cost": 1.8087747465256834, "oscillation_cost": 32.74126519646547, "completition_cost": 0.0, "overshoot_cost": 50.737932472164694, "power_cost": 14.818299230957033, "noise_cost": 18.314116619156554, "n_waypoints_completed": 9, "tot_waypoints": 9}}
{"target": -190.76586242099754, "params": {"k_pid_pos": [1.849624377781123, 0.024859491386256316, 0.44963268842268056], "k_pid_alt": [1.296896341175293, 0.0, 0.949345597264735], "k_pid_att": [39.447728079683905, 3.8677381495188174, 0.1845336041603497], "k_pid_yaw": [0.5, 1e-06, 0.1], "k_pid_hsp": [0.09847755819799779, 0.011264223901387349, 0.0], "k_pid_vsp": [194.7624155113164, 307.0029666248519, 10.0]}, "datetime": {"datetime": "2025-08-13 12:23:00", "elapsed": 9308.167938709259, "delta": 17.402439832687378}, "costs": {"total_cost": 190.76586242099754, "time_cost": 72.653, "final_distance_cost": 1.7956079923909627, "oscillation_cost": 32.30369913816613, "completition_cost": 0.0, "overshoot_cost": 50.641599429280305, "power_cost": 14.8382849609375, "noise_cost": 18.533670900222614, "n_waypoints_completed": 9, "tot_waypoints": 9}}
{"target": -1457.2607721653596, "params": {"k_pid_pos": [1.849624377781123, 0.024859491386256316, 0.44963268842268056], "k_pid_alt": [1.296896341175293, 0.0, 0.5933401254113975], "k_pid_att": [14.415714892135846, 7.120039068217832, 0.1845336041603497], "k_pid_yaw": [0.5, 1e-06, 0.1], "k_pid_hsp": [0.09847755819799779, 0.011264223901387349, 0.34036377813972996], "k_pid_vsp": [194.7624155113164, 156.73508457218338, 10.0]}, "datetime": {"datetime": "2025-08-13 12:23:29", "elapsed": 9337.943977355957, "delta": 29.776038646697998}, "costs": {"total_cost": 1457.2607721653596, "time_cost": 150, "final_distance_cost": 35.55881787819317, "oscillation_cost": 561.476823036912, "completition_cost": 555.5555555555555, "overshoot_cost": 95.64425279919783, "power_cost": 29.095501184082032, "noise_cost": 29.929821711419297, "n_waypoints_completed": 4, "tot_waypoints": 9}}
{"target": -199.5489856614781, "params": {"k_pid_pos": [1.849624377781123, 0.4737677518315727, 0.2729398117749001], "k_pid_alt": [1.2679502233621702, 0.0, 0.949345597264735], "k_pid_att": [14.415714892135846, 3.8677381495188174, 0.1845336041603497], "k_pid_yaw": [0.5, 1e-06, 0.1], "k_pid_hsp": [0.09847755819799779, 0.011264223901387349, 0.0], "k_pid_vsp": [194.7624155113164, 156.73508457218338, 10.0]}, "datetime": {"datetime": "2025-08-13 12:23:48", "elapsed": 9356.741033554077, "delta": 18.797056198120117}, "costs": {"total_cost": 199.5489856614781, "time_cost": 77.791, "final_distance_cost": 1.804933478887999, "oscillation_cost": 35.4382987699751, "completition_cost": 0.0, "overshoot_cost": 51.746945788871265, "power_cost": 13.268283361816406, "noise_cost": 19.499524261927327, "n_waypoints_completed": 9, "tot_waypoints": 9}}
{"target": -1380.2621548699185, "params": {"k_pid_pos": [1.4340672435785011, 0.5792541958945455, 0.2995124902746459], "k_pid_alt": [1.2679502233621702, 0.02520494712616217, 0.5115311366376475], "k_pid_att": [94.03514125381805, 4.5502721036558205, 0.1845336041603497], "k_pid_yaw": [0.5, 1e-06, 0.1], "k_pid_hsp": [2.8125315441457257, 0.011264223901387349, 0.0], "k_pid_vsp": [17.18305095025783, 20.0, 349.8541648625404]}, "datetime": {"datetime": "2025-08-13 12:24:18", "elapsed": 9387.004105091095, "delta": 30.263071537017822}, "costs": {"total_cost": 1380.2621548699185, "time_cost": 150, "final_distance_cost": 51.6192619832234, "oscillation_cost": 24.7332867392564, "completition_cost": 888.8888888888888, "overshoot_cost": 146.6636542529633, "power_cost": 29.29384461669922, "noise_cost": 89.0632183888872, "n_waypoints_completed": 1, "tot_waypoints": 9}}
{"target": -213.55612496266247, "params": {"k_pid_pos": [1.849624377781123, 0.7600717815435403, 0.44963268842268056], "k_pid_alt": [1.2679502233621702, 0.0, 0.949345597264735], "k_pid_att": [14.415714892135846, 3.8677381495188174, 0.1845336041603497], "k_pid_yaw": [0.5, 1e-06, 0.1], "k_pid_hsp": [0.09847755819799779, 0.011264223901387349, 0.0], "k_pid_vsp": [194.7624155113164, 93.09285943774285, 10.0]}, "datetime": {"datetime": "2025-08-13 12:24:38", "elapsed": 9407.060028076172, "delta": 20.055922985076904}, "costs": {"total_cost": 213.55612496266247, "time_cost": 82.859, "final_distance_cost": 1.7688209378917958, "oscillation_cost": 36.625528389893404, "completition_cost": 0.0, "overshoot_cost": 54.18505299053831, "power_cost": 16.599570849609375, "noise_cost": 21.51815179472962, "n_waypoints_completed": 9, "tot_waypoints": 9}}
{"target": -189.36008533889475, "params": {"k_pid_pos": [1.849624377781123, 0.024859491386256316, 0.2995124902746459], "k_pid_alt": [1.2679502233621702, 0.02520494712616217, 0.5115311366376475], "k_pid_att": [42.789426317924715, 3.8677381495188174, 0.1845336041603497], "k_pid_yaw": [0.5, 1e-06, 0.1], "k_pid_hsp": [0.09847755819799779, 0.011264223901387349, 0.0], "k_pid_vsp": [17.18305095025783, 20.0, 10.0]}, "datetime": {"datetime": "2025-08-13 12:24:56", "elapsed": 9424.492718219757, "delta": 17.432690143585205}, "costs": {"total_cost": 189.36008533889475, "time_cost": 71.302, "final_distance_cost": 1.7845965149236878, "oscillation_cost": 32.53778505435376, "completition_cost": 0.0, "overshoot_cost": 52.38249549574624, "power_cost": 11.905673303222656, "noise_cost": 19.44753497064841, "n_waypoints_completed": 9, "tot_waypoints": 9}}
{"target": -192.5078999501177, "params": {"k_pid_pos": [1.849624377781123, 0.024859491386256316, 0.44963268842268056], "k_pid_alt": [1.4458679973838424, 0.02520494712616217, 0.949345597264735], "k_pid_att": [39.447728079683905, 3.8677381495188174, 0.3366070335655168], "k_pid_yaw": [0.5, 1e-06, 0.1], "k_pid_hsp": [0.09847755819799779, 0.011264223901387349, 0.0], "k_pid_vsp": [194.7624155113164, 93.09285943774285, 10.0]}, "datetime": {"datetime": "2025-08-13 12:25:13", "elapsed": 9441.946254491806, "delta": 17.45353627204895}, "costs": {"total_cost": 192.5078999501177, "time_cost": 70.833, "final_distance_cost": 1.7874483902304699, "oscillation_cost": 31.17161783544174, "completition_cost": 0.0, "overshoot_cost": 51.00629579973855, "power_cost": 17.90841931152344, "noise_cost": 19.801118613183483, "n_waypoints_completed": 9, "tot_waypoints": 9}}
{"target": -401.44295893252166, "params": {"k_pid_pos": [0.26249680093548006, 0.024859491386256316, 0.44963268842268056], "k_pid_alt": [1.1302962253917743, 0.0, 0.8361997509577753], "k_pid_att": [3.64319473098611, 7.212729332224264, 0.737857181360408], "k_pid_yaw": [0.5, 1e-06, 0.1], "k_pid_hsp": [0.09847755819799779, 0.011264223901387349, 0.0], "k_pid_vsp": [194.7624155113164, 336.89689932622207, 10.0]}, "datetime": {"datetime": "2025-08-13 12:25:44", "elapsed": 9472.378007411957, "delta": 30.431752920150757}, "costs": {"total_cost": 401.44295893252166, "time_cost": 150, "final_distance_cost": 9.843063076892632, "oscillation_cost": 15.980874284566234, "completition_cost": 111.11111111111116, "overshoot_cost": 61.74713960426285, "power_cost": 23.242866284179687, "noise_cost": 29.51790457150914, "n_waypoints_completed": 8, "tot_waypoints": 9}}
{"target": -216.78293025858574, "params": {"k_pid_pos": [1.4340672435785011, 0.024859491386256316, 0.44963268842268056], "k_pid_alt": [1.296896341175293, 0.9321134483711719, 0.3146878632891922], "k_pid_att": [39.447728079683905, 3.8677381495188174, 0.1845336041603497], "k_pid_yaw": [0.5, 1e-06, 0.1], "k_pid_hsp": [0.09847755819799779, 0.011264223901387349, 0.0], "k_pid_vsp": [194.7624155113164, 139.20520652041523, 10.0]}, "datetime": {"datetime": "2025-08-13 12:26:04", "elapsed": 9492.459328174591, "delta": 20.081320762634277}, "costs": {"total_cost": 216.78293025858574, "time_cost": 83.349, "final_distance_cost": 1.7606523288801215, "oscillation_cost": 32.15052169612272, "completition_cost": 0.0, "overshoot_cost": 54.7262714758879, "power_cost": 22.731928027343752, "noise_cost": 22.06455673035126, "n_waypoints_completed": 9, "tot_waypoints": 9}}
{"target": -759.9222021712973, "params": {"k_pid_pos": [0.1500894787491498, 0.024859491386256316, 0.27566543378716624], "k_pid_alt": [1.2679502233621702, 0.0, 0.949345597264735], "k_pid_att": [17.813414374173632, 3.8677381495188174, 0.1845336041603497], "k_pid_yaw": [0.5, 1e-06, 0.1], "k_pid_hsp": [0.09847755819799779, 0.011264223901387349, 0.0], "k_pid_vsp": [194.7624155113164, 20.0, 10.0]}, "datetime": {"datetime": "2025-08-13 12:26:34", "elapsed": 9522.533234357834, "delta": 30.073906183242798}, "costs": {"total_cost": 759.9222021712973, "time_cost": 150, "final_distance_cost": 50.780467754135124, "oscillation_cost": 8.096245627265342, "completition_cost": 444.4444444444444, "overshoot_cost": 55.96545830174617, "power_cost": 24.89920067138672, "noise_cost": 25.736385372319546, "n_waypoints_completed": 5, "tot_waypoints": 9}}
{"target": -335.64718219971195, "params": {"k_pid_pos": [0.5485322217985025, 0.024859491386256316, 0.855962508813682], "k_pid_alt": [1.2679502233621702, 0.0, 0.949345597264735], "k_pid_att": [14.415714892135846, 3.8677381495188174, 0.6196773621357177], "k_pid_yaw": [0.5, 1e-06, 0.1], "k_pid_hsp": [0.09847755819799779, 0.46263031948273103, 0.0], "k_pid_vsp": [194.7624155113164, 156.73508457218338, 10.0]}, "datetime": {"datetime": "2025-08-13 12:27:00", "elapsed": 9548.56826710701, "delta": 26.035032749176025}, "costs": {"total_cost": 335.64718219971195, "time_cost": 103.187, "final_distance_cost": 1.8585727787599666, "oscillation_cost": 125.05892422167207, "completition_cost": 0.0, "overshoot_cost": 60.45170730903503, "power_cost": 14.51670662841797, "noise_cost": 30.57427126182688, "n_waypoints_completed": 9, "tot_waypoints": 9}}
{"target": -196.7047259267146, "params": {"k_pid_pos": [1.849624377781123, 0.024859491386256316, 0.23637353540898454], "k_pid_alt": [1.2679502233621702, 0.02520494712616217, 0.5115311366376475], "k_pid_att": [94.03514125381805, 3.8677381495188174, 0.1845336041603497], "k_pid_yaw": [0.5, 1e-06, 0.1], "k_pid_hsp": [0.09847755819799779, 0.011264223901387349, 0.0], "k_pid_vsp": [194.7624155113164, 20.0, 10.0]}, "datetime": {"datetime": "2025-08-13 12:27:18", "elapsed": 9566.51967382431, "delta": 17.951406717300415}, "costs": {"total_cost": 196.7047259267146, "time_cost": 71.456, "final_distance_cost": 1.7801889326929925, "oscillation_cost": 35.7668224185835, "completition_cost": 0.0, "overshoot_cost": 52.43965005091351, "power_cost": 16.26153994140625, "noise_cost": 19.000524583118345, "n_waypoints_completed": 9, "tot_waypoints": 9}}
{"target": -190.57362723829746, "params": {"k_pid_pos": [1.849624377781123, 0.024859491386256316, 0.44963268842268056], "k_pid_alt": [1.4458679973838424, 0.02520494712616217, 0.949345597264735], "k_pid_att": [39.447728079683905, 0.10763610062849525, 0.1845336041603497], "k_pid_yaw": [0.5, 1e-06, 0.1], "k_pid_hsp": [0.09847755819799779, 0.011264223901387349, 0.0], "k_pid_vsp": [17.18305095025783, 93.09285943774285, 10.0]}, "datetime": {"datetime": "2025-08-13 12:27:36", "elapsed": 9584.122022151947, "delta": 17.60234832763672}, "costs": {"total_cost": 190.57362723829746, "time_cost": 70.49, "final_distance_cost": 1.7851243104146273, "oscillation_cost": 32.13812145587432, "completition_cost": 0.0, "overshoot_cost": 50.94232190146091, "power_cost": 16.40256319580078, "noise_cost": 18.81549637474683, "n_waypoints_completed": 9, "tot_waypoints": 9}}
{"target": -198.99314890149603, "params": {"k_pid_pos": [1.849624377781123, 0.024859491386256316, 0.44963268842268056], "k_pid_alt": [1.4458679973838424, 0.02520494712616217, 0.9495727706536599], "k_pid_att": [39.447728079683905, 3.8677381495188174, 0.2787101805563399], "k_pid_yaw": [0.5, 1e-06, 0.1], "k_pid_hsp": [0.09847755819799779, 0.011264223901387349, 0.0], "k_pid_vsp": [17.18305095025783, 20.0, 10.0]}, "datetime": {"datetime": "2025-08-13 12:27:54", "elapsed": 9602.421051502228, "delta": 18.29902935028076}, "costs": {"total_cost": 198.99314890149603, "time_cost": 71.757, "final_distance_cost": 1.8082098790179286, "oscillation_cost": 31.68897185629184, "completition_cost": 0.0, "overshoot_cost": 52.47162046390515, "power_cost": 19.817007373046877, "noise_cost": 21.450339329234254, "n_waypoints_completed": 9, "tot_waypoints": 9}}
{"target": -191.74720603906184, "params": {"k_pid_pos": [1.849624377781123, 0.024859491386256316, 0.44963268842268056], "k_pid_alt": [1.2679502233621702, 0.0, 0.949345597264735], "k_pid_att": [14.415714892135846, 3.8677381495188174, 0.1845336041603497], "k_pid_yaw": [0.5, 1e-06, 0.1], "k_pid_hsp": [0.09847755819799779, 0.011264223901387349, 0.0], "k_pid_vsp": [194.7624155113164, 156.73508457218338, 10.0]}, "datetime": {"datetime": "2025-08-13 12:28:15", "elapsed": 9623.681887865067, "delta": 21.260836362838745}, "costs": {"total_cost": 191.74720603906184, "time_cost": 72.772, "final_distance_cost": 1.814593384137881, "oscillation_cost": 31.60064358451317, "completition_cost": 0.0, "overshoot_cost": 50.92524326711708, "power_cost": 15.812516857910158, "noise_cost": 18.82220894538352, "n_waypoints_completed": 9, "tot_waypoints": 9}}
{"target": -197.35763327101216, "params": {"k_pid_pos": [1.849624377781123, 0.024859491386256316, 0.855962508813682], "k_pid_alt": [1.2679502233621702, 0.0, 0.949345597264735], "k_pid_att": [14.415714892135846, 3.8677381495188174, 0.1845336041603497], "k_pid_yaw": [0.5, 1e-06, 0.1], "k_pid_hsp": [0.09847755819799779, 0.011264223901387349, 0.0], "k_pid_vsp": [194.7624155113164, 156.73508457218338, 10.0]}, "datetime": {"datetime": "2025-08-13 12:28:35", "elapsed": 9643.347643613815, "delta": 19.66575574874878}, "costs": {"total_cost": 197.35763327101216, "time_cost": 73.346, "final_distance_cost": 1.8360561101275508, "oscillation_cost": 29.661025835602775, "completition_cost": 0.0, "overshoot_cost": 51.22029303375549, "power_cost": 21.250075537109375, "noise_cost": 20.044182754416966, "n_waypoints_completed": 9, "tot_waypoints": 9}}
{"target": -188.12785638573564, "params": {"k_pid_pos": [1.849624377781123, 0.024859491386256316, 0.855962508813682], "k_pid_alt": [1.2679502233621702, 0.0, 0.06527723447865985], "k_pid_att": [58.989274729095186, 3.8677381495188174, 0.1845336041603497], "k_pid_yaw": [0.5, 1e-06, 0.1], "k_pid_hsp": [0.09847755819799779, 0.011264223901387349, 0.0], "k_pid_vsp": [194.7624155113164, 156.73508457218338, 10.0]}, "datetime": {"datetime": "2025-08-13 12:28:53", "elapsed": 9661.417716503143, "delta": 18.070072889328003}, "costs": {"total_cost": 188.12785638573564, "time_cost": 69.664, "final_distance_cost": 1.8217452653844488, "oscillation_cost": 29.97694503721732, "completition_cost": 0.0, "overshoot_cost": 50.72018108586218, "power_cost": 16.786898168945314, "noise_cost": 19.15808682832636, "n_waypoints_completed": 9, "tot_waypoints": 9}}
{"target": -196.1122410201559, "params": {"k_pid_pos": [1.849624377781123, 0.024859491386256316, 0.855962508813682], "k_pid_alt": [1.2679502233621702, 0.0, 0.949345597264735], "k_pid_att": [14.415714892135846, 3.8677381495188174, 0.1845336041603497], "k_pid_yaw": [0.5, 1e-06, 0.1], "k_pid_hsp": [0.09847755819799779, 0.011264223901387349, 0.0], "k_pid_vsp": [194.7624155113164, 156.73508457218338, 10.0]}, "datetime": {"datetime": "2025-08-13 12:29:13", "elapsed": 9681.566253900528, "delta": 20.148537397384644}, "costs": {"total_cost": 196.1122410201559, "time_cost": 72.877, "final_distance_cost": 1.8375880854695945, "oscillation_cost": 29.64830204814905, "completition_cost": 0.0, "overshoot_cost": 51.11550018692304, "power_cost": 20.71299830322266, "noise_cost": 19.920852396391563, "n_waypoints_completed": 9, "tot_waypoints": 9}}
{"target": -187.4776947291359, "params": {"k_pid_pos": [1.849624377781123, 0.024859491386256316, 0.855962508813682], "k_pid_alt": [1.2679502233621702, 0.0, 0.949345597264735], "k_pid_att": [14.415714892135846, 5.9521973635976435, 0.1845336041603497], "k_pid_yaw": [0.5, 1e-06, 0.1], "k_pid_hsp": [0.09847755819799779, 0.011264223901387349, 0.0], "k_pid_vsp": [194.7624155113164, 156.73508457218338, 10.0]}, "datetime": {"datetime": "2025-08-13 12:29:32", "elapsed": 9700.714045524597, "delta": 19.147791624069214}, "costs": {"total_cost": 187.4776947291359, "time_cost": 72.625, "final_distance_cost": 1.821034618762963, "oscillation_cost": 29.947140862546952, "completition_cost": 0.0, "overshoot_cost": 50.55881650580711, "power_cost": 14.217062365722658, "noise_cost": 18.308640376296204, "n_waypoints_completed": 9, "tot_waypoints": 9}}
{"target": -1420.9004664700176, "params": {"k_pid_pos": [1.849624377781123, 0.024859491386256316, 0.44963268842268056], "k_pid_alt": [1.296896341175293, 0.0, 0.5933401254113975], "k_pid_att": [14.415714892135846, 7.120039068217832, 0.1845336041603497], "k_pid_yaw": [0.5, 1e-06, 0.1], "k_pid_hsp": [0.09847755819799779, 0.011264223901387349, 0.37044959119794796], "k_pid_vsp": [194.7624155113164, 248.49327166423222, 10.0]}, "datetime": {"datetime": "2025-08-13 12:30:03", "elapsed": 9731.259450912476, "delta": 30.545405387878418}, "costs": {"total_cost": 1420.9004664700176, "time_cost": 150, "final_distance_cost": 38.59323401409855, "oscillation_cost": 513.7946902717567, "completition_cost": 555.5555555555555, "overshoot_cost": 99.07362727666948, "power_cost": 33.14789558105469, "noise_cost": 30.735463770882696, "n_waypoints_completed": 4, "tot_waypoints": 9}}
