{"target": -510.03291235151096, "params": {"k_pid_pos": [0.8325832251638142, 0.04925411992759399, 0.3736141384595716], "k_pid_alt": [1.0475058974352744, 0.10167190290371597, 0.8334585537885597], "k_pid_att": [15.35255220546139, 1.378021579924459, 0.05280710140011036], "k_pid_yaw": [0.5, 1e-06, 0.1], "k_pid_hsp": [4.363222965276662, 0.8457969578021425, 0.6522576064658554], "k_pid_vsp": [265.14568510543296, 382.2493028631647, 114.57849146637578]}, "datetime": {"datetime": "2025-08-13 10:22:26", "elapsed": 2074.1390697956085, "delta": 22.30141282081604}, "costs": {"total_cost": 510.03291235151096, "time_cost": 89.915, "final_distance_cost": 1.7954007570405575, "oscillation_cost": 320.4029184094584, "completition_cost": 0.0, "overshoot_cost": 51.89685934110175, "power_cost": 23.762337622070312, "noise_cost": 22.260396221839898, "n_waypoints_completed": 9, "tot_waypoints": 9}}
{"target": -355.05826414770576, "params": {"k_pid_pos": [1.3125724517510475, 0.036162710494696215, 0.0054298341287004614], "k_pid_alt": [0.10331583402879785, 0.3944815179387544, 0.7389840039155418], "k_pid_att": [5.196186646510426, 6.712347009944595, 0.33363775832823817], "k_pid_yaw": [0.5, 1e-06, 0.1], "k_pid_hsp": [8.983675636960621, 0.7625321470706523, 0.2705349409101757], "k_pid_vsp": [145.6768071088216, 125.77599276726518, 63.04466029238821]}, "datetime": {"datetime": "2025-08-13 10:22:49", "elapsed": 2097.675532579422, "delta": 23.536462783813477}, "costs": {"total_cost": 355.05826414770576, "time_cost": 97.79, "final_distance_cost": 1.774745740380628, "oscillation_cost": 148.3336291888962, "completition_cost": 0.0, "overshoot_cost": 60.9995405687795, "power_cost": 23.388730920410158, "noise_cost": 22.77161772923929, "n_waypoints_completed": 9, "tot_waypoints": 9}}
{"target": -353.4683682318469, "params": {"k_pid_pos": [1.8624793477566346, 0.5811166092209024, 0.19977565166005762], "k_pid_alt": [1.6082490523645254, 0.7154071296158017, 0.7389840039155418], "k_pid_att": [13.105775155731326, 1.2376256611230811, 0.9275625510065076], "k_pid_yaw": [0.5, 1e-06, 0.1], "k_pid_hsp": [4.3672302205847, 0.2145846728195292, 0.40852864372463615], "k_pid_vsp": [341.36122930726646, 93.57579511219681, 23.321097617323666]}, "datetime": {"datetime": "2025-08-13 10:23:13", "elapsed": 2121.170997619629, "delta": 23.49546504020691}, "costs": {"total_cost": 353.4683682318469, "time_cost": 92.505, "final_distance_cost": 1.74562420171794, "oscillation_cost": 144.90423351997183, "completition_cost": 0.0, "overshoot_cost": 59.706731828533506, "power_cost": 28.156410083007813, "noise_cost": 26.450368598615793, "n_waypoints_completed": 9, "tot_waypoints": 9}}
{"target": -595.3827348585571, "params": {"k_pid_pos": [1.3885554450422086, 0.04925411992759399, 0.3736141384595716], "k_pid_alt": [0.09891827429203137, 0.10167190290371597, 0.8334585537885597], "k_pid_att": [5.196186646510426, 5.945716632147755, 0.0991131415798755], "k_pid_yaw": [0.5, 1e-06, 0.1], "k_pid_hsp": [8.435765158482369, 0.9026531439276171, 0.5957137746857274], "k_pid_vsp": [320.8103521094374, 311.79101652905405, 256.99331075573576]}, "datetime": {"datetime": "2025-08-13 10:23:41", "elapsed": 2149.2676486968994, "delta": 28.096651077270508}, "costs": {"total_cost": 595.3827348585571, "time_cost": 113.015, "final_distance_cost": 1.7539342182101043, "oscillation_cost": 345.80310229516766, "completition_cost": 0.0, "overshoot_cost": 64.3384619286611, "power_cost": 39.40218959960938, "noise_cost": 31.070046816908704, "n_waypoints_completed": 9, "tot_waypoints": 9}}
{"target": -282.2697407418642, "params": {"k_pid_pos": [1.3885554450422086, 0.9460270628173303, 0.2533833538391872], "k_pid_alt": [1.515427128667956, 0.0, 0.949345597264735], "k_pid_att": [39.447728079683905, 3.8677381495188174, 0.21517827462871852], "k_pid_yaw": [0.5, 1e-06, 0.1], "k_pid_hsp": [0.09847755819799779, 0.011264223901387349, 0.0], "k_pid_vsp": [194.7624155113164, 82.79406464935073, 10.0]}, "datetime": {"datetime": "2025-08-13 10:24:11", "elapsed": 2179.274998188019, "delta": 30.007349491119385}, "costs": {"total_cost": 282.2697407418642, "time_cost": 109.809, "final_distance_cost": 1.7360453095471677, "oscillation_cost": 52.210356819581484, "completition_cost": 0.0, "overshoot_cost": 57.86198594083747, "power_cost": 30.95136540527344, "noise_cost": 29.700987266624626, "n_waypoints_completed": 9, "tot_waypoints": 9}}
{"target": -493.7359462661059, "params": {"k_pid_pos": [1.9584513449511884, 0.5811166092209024, 0.19977565166005762], "k_pid_alt": [1.6082490523645254, 0.7154071296158017, 0.35736962350205415], "k_pid_att": [82.46641904563413, 3.1034157057733522, 0.14387193297114265], "k_pid_yaw": [0.5, 1e-06, 0.1], "k_pid_hsp": [9.209712627827253, 0.16553172273527816, 0.10740295628857721], "k_pid_vsp": [61.44535807682345, 46.19602635065192, 8.459207513427996]}, "datetime": {"datetime": "2025-08-13 10:24:33", "elapsed": 2201.927106142044, "delta": 22.65210795402527}, "costs": {"total_cost": 493.7359462661059, "time_cost": 89.278, "final_distance_cost": 1.790416436742461, "oscillation_cost": 301.89954863030755, "completition_cost": 0.0, "overshoot_cost": 54.440924847536756, "power_cost": 21.97396921386719, "noise_cost": 24.35308713765195, "n_waypoints_completed": 9, "tot_waypoints": 9}}
{"target": -928.2277609663711, "params": {"k_pid_pos": [0.8025898018758081, 0.9460270628173303, 0.2533833538391872], "k_pid_alt": [1.0475058974352744, 0.10167190290371597, 0.8334585537885597], "k_pid_att": [5.196186646510426, 5.945716632147755, 0.0991131415798755], "k_pid_yaw": [0.5, 1e-06, 0.1], "k_pid_hsp": [8.435765158482369, 0.9026531439276171, 0.5957137746857274], "k_pid_vsp": [320.8103521094374, 311.79101652905405, 256.99331075573576]}, "datetime": {"datetime": "2025-08-13 10:25:04", "elapsed": 2232.5083434581757, "delta": 30.581237316131592}, "costs": {"total_cost": 928.2277609663711, "time_cost": 150, "final_distance_cost": 73.07472564245576, "oscillation_cost": 268.04902148898816, "completition_cost": 333.33333333333337, "overshoot_cost": 47.18309724180033, "power_cost": 29.879433239746096, "noise_cost": 26.708150020047455, "n_waypoints_completed": 6, "tot_waypoints": 9}}
{"target": -238.06148630543578, "params": {"k_pid_pos": [1.8624793477566346, 0.04925411992759399, 0.3736141384595716], "k_pid_alt": [1.515427128667956, 0.0, 0.949345597264735], "k_pid_att": [39.447728079683905, 3.8677381495188174, 0.1845336041603497], "k_pid_yaw": [0.5, 1e-06, 0.1], "k_pid_hsp": [0.09847755819799779, 0.011264223901387349, 0.0], "k_pid_vsp": [194.7624155113164, 20.0, 10.0]}, "datetime": {"datetime": "2025-08-13 10:25:25", "elapsed": 2253.589325428009, "delta": 21.080981969833374}, "costs": {"total_cost": 238.06148630543578, "time_cost": 83.608, "final_distance_cost": 1.7823110878255166, "oscillation_cost": 34.15220230955369, "completition_cost": 0.0, "overshoot_cost": 59.51739340918983, "power_cost": 31.58546181640625, "noise_cost": 27.416117682460477, "n_waypoints_completed": 9, "tot_waypoints": 9}}
{"target": -379.66306095213054, "params": {"k_pid_pos": [1.4338086892990753, 0.16606263241397312, 0.272241561845159], "k_pid_alt": [0.1927819243069986, 0.13820537163853075, 0.8334585537885597], "k_pid_att": [5.196186646510426, 6.712347009944595, 0.33363775832823817], "k_pid_yaw": [0.5, 1e-06, 0.1], "k_pid_hsp": [8.983675636960621, 0.7625321470706523, 0.2705349409101757], "k_pid_vsp": [378.2079564087626, 125.77599276726518, 63.04466029238821]}, "datetime": {"datetime": "2025-08-13 10:25:50", "elapsed": 2278.954000234604, "delta": 25.36467480659485}, "costs": {"total_cost": 379.66306095213054, "time_cost": 101.07300000000001, "final_distance_cost": 1.8017732464968144, "oscillation_cost": 156.28461757864247, "completition_cost": 0.0, "overshoot_cost": 60.06232266083349, "power_cost": 33.16823952636719, "noise_cost": 27.273107939790577, "n_waypoints_completed": 9, "tot_waypoints": 9}}
{"target": -395.7677979457756, "params": {"k_pid_pos": [0.8325832251638142, 0.038541999323435716, 0.3736141384595716], "k_pid_alt": [1.0475058974352744, 0.7434599612223853, 0.45577628983361107], "k_pid_att": [18.832197481135182, 1.1063836126752764, 0.7866497124935993], "k_pid_yaw": [0.5, 1e-06, 0.1], "k_pid_hsp": [1.7678101521140233, 0.8566142840923755, 0.4885840453515333], "k_pid_vsp": [265.14568510543296, 341.3477838835772, 114.57849146637578]}, "datetime": {"datetime": "2025-08-13 10:26:12", "elapsed": 2300.8796339035034, "delta": 21.925633668899536}, "costs": {"total_cost": 395.7677979457756, "time_cost": 91.07000000000001, "final_distance_cost": 1.8422351831183639, "oscillation_cost": 202.6210828033249, "completition_cost": 0.0, "overshoot_cost": 55.35249380427977, "power_cost": 23.64659559326172, "noise_cost": 21.235390561790815, "n_waypoints_completed": 9, "tot_waypoints": 9}}
{"target": -1078.4493369186569, "params": {"k_pid_pos": [1.5580148095208002, 0.13455220841314708, 0.23453515044129858], "k_pid_alt": [1.028445740380829, 0.8575721441225576, 0.5146293421163498], "k_pid_att": [38.508949610035344, 4.013615439978124, 0.26646331750084606], "k_pid_yaw": [0.5, 1e-06, 0.1], "k_pid_hsp": [1.3977701326984733, 0.4778772740237458, 0.416889368594885], "k_pid_vsp": [93.02797621154949, 147.0047246785394, 146.5569805641065]}, "datetime": {"datetime": "2025-08-13 10:26:41", "elapsed": 2329.3252069950104, "delta": 28.445573091506958}, "costs": {"total_cost": 1078.4493369186569, "time_cost": 150, "final_distance_cost": 56.26423028491465, "oscillation_cost": 302.39403925795347, "completition_cost": 444.4444444444444, "overshoot_cost": 62.00188676497708, "power_cost": 33.025976721191405, "noise_cost": 30.318759445176127, "n_waypoints_completed": 5, "tot_waypoints": 9}}
{"target": -524.410326104992, "params": {"k_pid_pos": [1.3885554450422086, 0.5811166092209024, 0.19977565166005762], "k_pid_alt": [1.6082490523645254, 0.7154071296158017, 0.14617324419269828], "k_pid_att": [52.045744376722766, 3.1034157057733522, 0.14387193297114265], "k_pid_yaw": [0.5, 1e-06, 0.1], "k_pid_hsp": [9.209712627827253, 0.16553172273527816, 0.28472008233793555], "k_pid_vsp": [61.44535807682345, 184.69087941207655, 8.459207513427996]}, "datetime": {"datetime": "2025-08-13 10:27:03", "elapsed": 2351.4107048511505, "delta": 22.085497856140137}, "costs": {"total_cost": 524.410326104992, "time_cost": 90.167, "final_distance_cost": 1.7919811717050114, "oscillation_cost": 331.787824220673, "completition_cost": 0.0, "overshoot_cost": 53.36039834299221, "power_cost": 23.27705516357422, "noise_cost": 24.02606720604759, "n_waypoints_completed": 9, "tot_waypoints": 9}}
{"target": -284.5257526488263, "params": {"k_pid_pos": [1.3125724517510475, 0.036162710494696215, 0.0054298341287004614], "k_pid_alt": [1.6082490523645254, 0.651669467934994, 0.7389840039155418], "k_pid_att": [13.105775155731326, 1.2376256611230811, 0.9275625510065076], "k_pid_yaw": [0.5, 1e-06, 0.1], "k_pid_hsp": [5.346054052817624, 0.2145846728195292, 0.40852864372463615], "k_pid_vsp": [282.31880145179525, 93.57579511219681, 23.321097617323666]}, "datetime": {"datetime": "2025-08-13 10:27:23", "elapsed": 2371.4679005146027, "delta": 20.05719566345215}, "costs": {"total_cost": 284.5257526488263, "time_cost": 78.554, "final_distance_cost": 1.7500002441236255, "oscillation_cost": 114.73899741954158, "completition_cost": 0.0, "overshoot_cost": 51.79852676130156, "power_cost": 19.030237731933596, "noise_cost": 18.65399049192598, "n_waypoints_completed": 9, "tot_waypoints": 9}}
{"target": -354.50156934650846, "params": {"k_pid_pos": [1.87175461661196, 0.5811166092209024, 0.19977565166005762], "k_pid_alt": [1.6694153286538718, 0.7154071296158017, 0.7389840039155418], "k_pid_att": [13.105775155731326, 1.378021579924459, 0.9275625510065076], "k_pid_yaw": [0.5, 1e-06, 0.1], "k_pid_hsp": [3.9758421804300244, 0.9687523213615988, 0.4885840453515333], "k_pid_vsp": [265.14568510543296, 382.2493028631647, 114.57849146637578]}, "datetime": {"datetime": "2025-08-13 10:27:48", "elapsed": 2396.304989337921, "delta": 24.83708882331848}, "costs": {"total_cost": 354.50156934650846, "time_cost": 91.903, "final_distance_cost": 1.7643884677614203, "oscillation_cost": 140.16653639984506, "completition_cost": 0.0, "overshoot_cost": 59.16884195372221, "power_cost": 33.58503055419922, "noise_cost": 27.91377197098055, "n_waypoints_completed": 9, "tot_waypoints": 9}}
{"target": -334.8802667212645, "params": {"k_pid_pos": [1.3885554450422086, 0.5811166092209024, 0.19977565166005762], "k_pid_alt": [1.6082490523645254, 0.7154071296158017, 0.7389840039155418], "k_pid_att": [13.105775155731326, 1.2376256611230811, 0.9275625510065076], "k_pid_yaw": [0.5, 1e-06, 0.1], "k_pid_hsp": [4.3672302205847, 0.2145846728195292, 0.40852864372463615], "k_pid_vsp": [341.36122930726646, 93.57579511219681, 23.321097617323666]}, "datetime": {"datetime": "2025-08-13 10:28:13", "elapsed": 2421.0859830379486, "delta": 24.780993700027466}, "costs": {"total_cost": 334.8802667212645, "time_cost": 90.468, "final_distance_cost": 1.7775101911249047, "oscillation_cost": 139.85830105435048, "completition_cost": 0.0, "overshoot_cost": 55.22564299412958, "power_cost": 24.51627038574219, "noise_cost": 23.034542095917363, "n_waypoints_completed": 9, "tot_waypoints": 9}}
{"target": -1308.9609807665374, "params": {"k_pid_pos": [0.15496442691235038, 0.18848155022322047, 0.17888737446852812], "k_pid_alt": [1.515427128667956, 0.0, 0.15752334131747947], "k_pid_att": [48.09104283000786, 3.283679213926388, 0.5354347898300031], "k_pid_yaw": [0.5, 1e-06, 0.1], "k_pid_hsp": [8.485620031687368, 0.652587340560102, 0.8043918279470774], "k_pid_vsp": [213.08891042629608, 61.44073386150156, 78.0496972418103]}, "datetime": {"datetime": "2025-08-13 10:28:45", "elapsed": 2453.440536260605, "delta": 32.35455322265625}, "costs": {"total_cost": 1308.9609807665374, "time_cost": 150, "final_distance_cost": 57.174078495258094, "oscillation_cost": 642.5181206485571, "completition_cost": 333.33333333333337, "overshoot_cost": 48.84863717776709, "power_cost": 45.54014110107422, "noise_cost": 31.546670010547608, "n_waypoints_completed": 6, "tot_waypoints": 9}}
{"target": -444.7171245675343, "params": {"k_pid_pos": [1.3368390832847643, 0.4710962061431325, 0.5652361064811888], "k_pid_alt": [1.5299977148320512, 0.6347183200005908, 0.5535794006579958], "k_pid_att": [22.592895791678245, 9.597749245839971, 0.9275625510065076], "k_pid_yaw": [0.5, 1e-06, 0.1], "k_pid_hsp": [3.9758421804300244, 0.8457969578021425, 0.4885840453515333], "k_pid_vsp": [265.14568510543296, 382.2493028631647, 114.57849146637578]}, "datetime": {"datetime": "2025-08-13 10:29:09", "elapsed": 2477.809689283371, "delta": 24.369153022766113}, "costs": {"total_cost": 444.7171245675343, "time_cost": 88.837, "final_distance_cost": 1.7786082693982255, "oscillation_cost": 251.2848977182432, "completition_cost": 0.0, "overshoot_cost": 53.57485315316132, "power_cost": 26.314810546875, "noise_cost": 22.926954879856638, "n_waypoints_completed": 9, "tot_waypoints": 9}}
{"target": -210.3226714850967, "params": {"k_pid_pos": [1.849624377781123, 0.024859491386256316, 0.44963268842268056], "k_pid_alt": [1.2679502233621702, 0.0, 0.949345597264735], "k_pid_att": [39.447728079683905, 3.8677381495188174, 0.1845336041603497], "k_pid_yaw": [0.5, 1e-06, 0.1], "k_pid_hsp": [0.09847755819799779, 0.011264223901387349, 0.0], "k_pid_vsp": [194.7624155113164, 20.0, 10.0]}, "datetime": {"datetime": "2025-08-13 10:29:30", "elapsed": 2498.58123588562, "delta": 20.771546602249146}, "costs": {"total_cost": 210.3226714850967, "time_cost": 78.393, "final_distance_cost": 1.8194874032058181, "oscillation_cost": 32.34194688385937, "completition_cost": 0.0, "overshoot_cost": 53.679649985042126, "power_cost": 22.681262719726565, "noise_cost": 21.407324493262827, "n_waypoints_completed": 9, "tot_waypoints": 9}}
{"target": -210.0251583539694, "params": {"k_pid_pos": [0.49275800590297264, 0.18848155022322047, 0.17888737446852812], "k_pid_alt": [1.515427128667956, 0.0, 0.949345597264735], "k_pid_att": [39.447728079683905, 3.8677381495188174, 0.1845336041603497], "k_pid_yaw": [0.5, 1e-06, 0.1], "k_pid_hsp": [0.09847755819799779, 0.011264223901387349, 0.0], "k_pid_vsp": [194.7624155113164, 20.0, 10.0]}, "datetime": {"datetime": "2025-08-13 10:29:52", "elapsed": 2520.1149594783783, "delta": 21.53372359275818}, "costs": {"total_cost": 210.0251583539694, "time_cost": 83.034, "final_distance_cost": 1.82905538427823, "oscillation_cost": 21.985412732245, "completition_cost": 0.0, "overshoot_cost": 53.21201365307263, "power_cost": 25.494748364257813, "noise_cost": 24.469928220115733, "n_waypoints_completed": 9, "tot_waypoints": 9}}
{"target": -226.9488409610422, "params": {"k_pid_pos": [0.8325832251638142, 0.04925411992759399, 0.3736141384595716], "k_pid_alt": [0.1927819243069986, 0.9026023965438417, 0.45577628983361107], "k_pid_att": [11.895331074021131, 3.0596356458441103, 0.9274604585040267], "k_pid_yaw": [0.5, 1e-06, 0.1], "k_pid_hsp": [0.09847755819799779, 0.011264223901387349, 0.0], "k_pid_vsp": [111.20884264032553, 20.0, 10.0]}, "datetime": {"datetime": "2025-08-13 10:30:17", "elapsed": 2545.7592928409576, "delta": 25.644333362579346}, "costs": {"total_cost": 226.9488409610422, "time_cost": 89.789, "final_distance_cost": 1.8065953356084867, "oscillation_cost": 26.864587855940144, "completition_cost": 0.0, "overshoot_cost": 63.819352160717834, "power_cost": 22.29246091308594, "noise_cost": 22.376844695689808, "n_waypoints_completed": 9, "tot_waypoints": 9}}
{"target": -2158.41339724005, "params": {"k_pid_pos": [1.8624793477566346, 0.04925411992759399, 0.3736141384595716], "k_pid_alt": [1.515427128667956, 0.0, 0.949345597264735], "k_pid_att": [39.447728079683905, 3.8677381495188174, 0.1845336041603497], "k_pid_yaw": [0.5, 1e-06, 0.1], "k_pid_hsp": [0.09847755819799779, 0.011264223901387349, 0.592956631149616], "k_pid_vsp": [194.7624155113164, 20.0, 392.5548405198136]}, "datetime": {"datetime": "2025-08-13 10:30:47", "elapsed": 2575.5011925697327, "delta": 29.741899728775024}, "costs": {"total_cost": 2158.41339724005, "time_cost": 150, "final_distance_cost": 46.87383930668346, "oscillation_cost": 746.614255914021, "completition_cost": 1000.0, "overshoot_cost": 115.45045687344033, "power_cost": 37.53436677246094, "noise_cost": 61.94047837344388, "n_waypoints_completed": 0, "tot_waypoints": 9}}
{"target": -198.28003758046384, "params": {"k_pid_pos": [1.849624377781123, 0.024859491386256316, 0.44963268842268056], "k_pid_alt": [1.6444270921876138, 0.0, 0.949345597264735], "k_pid_att": [39.447728079683905, 3.8677381495188174, 0.1845336041603497], "k_pid_yaw": [0.5, 1e-06, 0.1], "k_pid_hsp": [0.09847755819799779, 0.011264223901387349, 0.0], "k_pid_vsp": [194.7624155113164, 20.0, 10.0]}, "datetime": {"datetime": "2025-08-13 10:31:06", "elapsed": 2594.31098484993, "delta": 18.809792280197144}, "costs": {"total_cost": 198.28003758046384, "time_cost": 72.387, "final_distance_cost": 1.7960129266872775, "oscillation_cost": 31.36638074001093, "completition_cost": 0.0, "overshoot_cost": 52.22221011822099, "power_cost": 20.523466357421874, "noise_cost": 19.98496743812275, "n_waypoints_completed": 9, "tot_waypoints": 9}}
{"target": -453.2590233901179, "params": {"k_pid_pos": [1.3885554450422086, 0.9460270628173303, 0.2533833538391872], "k_pid_alt": [1.515427128667956, 0.0, 0.949345597264735], "k_pid_att": [39.447728079683905, 3.8677381495188174, 0.14387193297114265], "k_pid_yaw": [0.5, 1e-06, 0.1], "k_pid_hsp": [9.209712627827253, 0.16553172273527816, 0.10740295628857721], "k_pid_vsp": [61.44535807682345, 46.19602635065192, 8.459207513427996]}, "datetime": {"datetime": "2025-08-13 10:31:27", "elapsed": 2615.480861902237, "delta": 21.16987705230713}, "costs": {"total_cost": 453.2590233901179, "time_cost": 88.886, "final_distance_cost": 1.752127386146697, "oscillation_cost": 260.3586384257228, "completition_cost": 0.0, "overshoot_cost": 53.313676782335634, "power_cost": 24.103439965820314, "noise_cost": 24.84514083009244, "n_waypoints_completed": 9, "tot_waypoints": 9}}
{"target": -241.73655916208193, "params": {"k_pid_pos": [1.9584513449511884, 0.5811166092209024, 0.19977565166005762], "k_pid_alt": [1.6082490523645254, 0.7154071296158017, 0.35736962350205415], "k_pid_att": [82.46641904563413, 3.1034157057733522, 0.21517827462871852], "k_pid_yaw": [0.5, 1e-06, 0.1], "k_pid_hsp": [0.09847755819799779, 0.011264223901387349, 0.0], "k_pid_vsp": [192.4492407052599, 82.79406464935073, 10.0]}, "datetime": {"datetime": "2025-08-13 10:31:51", "elapsed": 2640.055116176605, "delta": 24.574254274368286}, "costs": {"total_cost": 241.73655916208193, "time_cost": 94.143, "final_distance_cost": 1.7397024205547569, "oscillation_cost": 48.46235113399051, "completition_cost": 0.0, "overshoot_cost": 55.59195542767997, "power_cost": 16.649571606445313, "noise_cost": 25.149978573411374, "n_waypoints_completed": 9, "tot_waypoints": 9}}
{"target": -392.41930270977684, "params": {"k_pid_pos": [1.849624377781123, 0.024859491386256316, 0.44963268842268056], "k_pid_alt": [1.2679502233621702, 0.0, 0.8334585537885597], "k_pid_att": [15.35255220546139, 1.378021579924459, 0.05280710140011036], "k_pid_yaw": [0.5, 1e-06, 0.1], "k_pid_hsp": [4.363222965276662, 0.8457969578021425, 0.6522576064658554], "k_pid_vsp": [265.14568510543296, 382.2493028631647, 114.57849146637578]}, "datetime": {"datetime": "2025-08-13 10:32:10", "elapsed": 2658.3355164527893, "delta": 18.280400276184082}, "costs": {"total_cost": 392.41930270977684, "time_cost": 70.7, "final_distance_cost": 1.7696174854264035, "oscillation_cost": 229.07660708534473, "completition_cost": 0.0, "overshoot_cost": 50.73233286482228, "power_cost": 21.363569458007813, "noise_cost": 18.777175816175614, "n_waypoints_completed": 9, "tot_waypoints": 9}}
