{"target": -715.6578875360798, "params": {"k_pid_pos": [1.733835489643198, 0.024859491386256316, 0.9451257094832697], "k_pid_alt": [1.5786606064986153, 0.0, 0.23086984934879706], "k_pid_att": [12.665511903358361, 5.6580295118978245, 0.20497828334174084], "k_pid_yaw": [0.5, 1e-06, 0.1], "k_pid_hsp": [0.17225665165883555, 0.915123765919971, 0.0], "k_pid_vsp": [251.5004449007475, 130.53254854158118, 10.0]}, "datetime": {"datetime": "2025-08-13 21:23:04", "elapsed": 41712.47875881195, "delta": 28.091710090637207}, "costs": {"total_cost": 715.6578875360798, "time_cost": 150, "final_distance_cost": 64.12554885047383, "oscillation_cost": 142.7039287604826, "completition_cost": 222.2222222222222, "overshoot_cost": 66.33241891640955, "power_cost": 35.24120191650391, "noise_cost": 35.03256686998767, "n_waypoints_completed": 7, "tot_waypoints": 9}}
{"target": -192.20754017273111, "params": {"k_pid_pos": [1.8792899704868669, 0.038219275878738745, 0.15504459629470158], "k_pid_alt": [1.5786606064986153, 0.0, 0.5775663314924924], "k_pid_att": [68.93098199109546, 0.7630207001553703, 0.6559199499296157], "k_pid_yaw": [0.5, 1e-06, 0.1], "k_pid_hsp": [0.09847755819799779, 0.011264223901387349, 0.0], "k_pid_vsp": [121.11927891757475, 57.93155354082285, 16.252805564631274]}, "datetime": {"datetime": "2025-08-13 21:23:22", "elapsed": 41730.97522544861, "delta": 18.496466636657715}, "costs": {"total_cost": 192.20754017273111, "time_cost": 70.679, "final_distance_cost": 1.7433573679167507, "oscillation_cost": 33.63700669860181, "completition_cost": 0.0, "overshoot_cost": 51.330034359563456, "power_cost": 17.64252137451172, "noise_cost": 17.175620372137377, "n_waypoints_completed": 9, "tot_waypoints": 9}}
{"target": -185.06840328027627, "params": {"k_pid_pos": [1.733835489643198, 0.024859491386256316, 0.9451257094832697], "k_pid_alt": [1.5786606064986153, 0.0, 0.23086984934879706], "k_pid_att": [29.46763110571006, 5.6580295118978245, 0.20497828334174084], "k_pid_yaw": [0.5, 1e-06, 0.1], "k_pid_hsp": [0.17225665165883555, 0.011264223901387349, 0.0], "k_pid_vsp": [121.11927891757475, 57.93155354082285, 16.252805564631274]}, "datetime": {"datetime": "2025-08-13 21:23:40", "elapsed": 41748.50851273537, "delta": 17.533287286758423}, "costs": {"total_cost": 185.06840328027627, "time_cost": 70.007, "final_distance_cost": 1.8470509997983466, "oscillation_cost": 28.75746702966175, "completition_cost": 0.0, "overshoot_cost": 50.98653153973961, "power_cost": 16.725494763183594, "noise_cost": 16.744858947892975, "n_waypoints_completed": 9, "tot_waypoints": 9}}
{"target": -193.21877876946138, "params": {"k_pid_pos": [1.733835489643198, 0.024859491386256316, 0.9451257094832697], "k_pid_alt": [1.4458679973838424, 0.00018965351824429266, 0.23086984934879706], "k_pid_att": [11.246502653247227, 5.6580295118978245, 0.3529475069797985], "k_pid_yaw": [0.5, 1e-06, 0.1], "k_pid_hsp": [0.09847755819799779, 0.011264223901387349, 0.0], "k_pid_vsp": [333.9671041363143, 289.9420907665546, 16.252805564631274]}, "datetime": {"datetime": "2025-08-13 21:23:58", "elapsed": 41766.446600914, "delta": 17.938088178634644}, "costs": {"total_cost": 193.21877876946138, "time_cost": 70.476, "final_distance_cost": 1.819847599158747, "oscillation_cost": 28.323382294127427, "completition_cost": 0.0, "overshoot_cost": 50.88396815777267, "power_cost": 21.293362988281253, "noise_cost": 20.42221773012126, "n_waypoints_completed": 9, "tot_waypoints": 9}}
{"target": -188.0791983616997, "params": {"k_pid_pos": [1.733835489643198, 0.024859491386256316, 0.9451257094832697], "k_pid_alt": [1.4458679973838424, 0.00018965351824429266, 0.23086984934879706], "k_pid_att": [11.246502653247227, 1.1166001057131414, 0.3529475069797985], "k_pid_yaw": [0.5, 1e-06, 0.1], "k_pid_hsp": [0.09847755819799779, 0.011264223901387349, 0.0], "k_pid_vsp": [333.9671041363143, 130.53254854158118, 10.0]}, "datetime": {"datetime": "2025-08-13 21:24:15", "elapsed": 41783.65257692337, "delta": 17.205976009368896}, "costs": {"total_cost": 188.0791983616997, "time_cost": 70.021, "final_distance_cost": 1.8272902139202813, "oscillation_cost": 28.43238259249671, "completition_cost": 0.0, "overshoot_cost": 51.092075043195265, "power_cost": 18.286936059570312, "noise_cost": 18.41951445251712, "n_waypoints_completed": 9, "tot_waypoints": 9}}
{"target": -184.94491814457632, "params": {"k_pid_pos": [1.733835489643198, 0.024859491386256316, 0.9451257094832697], "k_pid_alt": [1.1928857943257507, 0.00018965351824429266, 0.23086984934879706], "k_pid_att": [25.01105356203528, 2.6889016979653872, 0.6559199499296157], "k_pid_yaw": [0.5, 1e-06, 0.1], "k_pid_hsp": [0.09847755819799779, 0.011264223901387349, 0.0], "k_pid_vsp": [251.5004449007475, 130.53254854158118, 10.0]}, "datetime": {"datetime": "2025-08-13 21:24:33", "elapsed": 41801.1320502758, "delta": 17.47947335243225}, "costs": {"total_cost": 184.94491814457632, "time_cost": 70.371, "final_distance_cost": 1.8220276057195588, "oscillation_cost": 28.54387386789871, "completition_cost": 0.0, "overshoot_cost": 50.77580475589745, "power_cost": 14.64089979248047, "noise_cost": 18.79131212258014, "n_waypoints_completed": 9, "tot_waypoints": 9}}
{"target": -194.74923534791105, "params": {"k_pid_pos": [1.733835489643198, 0.024859491386256316, 0.37255195504867966], "k_pid_alt": [1.9160597436741602, 0.00018965351824429266, 0.6600607021214705], "k_pid_att": [21.562391753424215, 5.6580295118978245, 0.3529475069797985], "k_pid_yaw": [0.5, 1e-06, 0.1], "k_pid_hsp": [4.249544071986334, 0.011264223901387349, 0.0], "k_pid_vsp": [333.9671041363143, 289.9420907665546, 16.252805564631274]}, "datetime": {"datetime": "2025-08-13 21:24:50", "elapsed": 41818.316621780396, "delta": 17.184571504592896}, "costs": {"total_cost": 194.74923534791105, "time_cost": 68.39, "final_distance_cost": 1.8096772744294658, "oscillation_cost": 44.926050749268754, "completition_cost": 0.0, "overshoot_cost": 49.778962948369156, "power_cost": 14.40722352294922, "noise_cost": 15.43732085289445, "n_waypoints_completed": 9, "tot_waypoints": 9}}
{"target": -194.00335379018208, "params": {"k_pid_pos": [1.1018186029961792, 0.024859491386256316, 0.9451257094832697], "k_pid_alt": [1.9160597436741602, 0.00018965351824429266, 0.6600607021214705], "k_pid_att": [87.04919764154812, 2.6889016979653872, 0.8267899093225144], "k_pid_yaw": [0.5, 1e-06, 0.1], "k_pid_hsp": [0.09847755819799779, 0.011264223901387349, 0.0], "k_pid_vsp": [66.77612754735902, 57.93155354082285, 16.252805564631274]}, "datetime": {"datetime": "2025-08-13 21:25:09", "elapsed": 41837.48950839043, "delta": 19.172886610031128}, "costs": {"total_cost": 194.00335379018208, "time_cost": 74.634, "final_distance_cost": 1.852705097148783, "oscillation_cost": 25.28319186761552, "completition_cost": 0.0, "overshoot_cost": 51.740712380400375, "power_cost": 20.21352996826172, "noise_cost": 20.27921447675566, "n_waypoints_completed": 9, "tot_waypoints": 9}}
{"target": -186.30607119536947, "params": {"k_pid_pos": [1.733835489643198, 0.024859491386256316, 0.9451257094832697], "k_pid_alt": [1.4458679973838424, 0.00018965351824429266, 0.6600607021214705], "k_pid_att": [68.93098199109546, 2.352529590908416, 0.16608962520040438], "k_pid_yaw": [0.5, 1e-06, 0.1], "k_pid_hsp": [0.09847755819799779, 0.011264223901387349, 0.0], "k_pid_vsp": [251.5004449007475, 57.93155354082285, 16.252805564631274]}, "datetime": {"datetime": "2025-08-13 21:25:31", "elapsed": 41859.7201063633, "delta": 22.230597972869873}, "costs": {"total_cost": 186.30607119536947, "time_cost": 70.952, "final_distance_cost": 1.8262615685097952, "oscillation_cost": 30.72114007721009, "completition_cost": 0.0, "overshoot_cost": 51.228709916394116, "power_cost": 15.6961884765625, "noise_cost": 15.88177115669296, "n_waypoints_completed": 9, "tot_waypoints": 9}}
{"target": -196.34433064702472, "params": {"k_pid_pos": [1.733835489643198, 0.024859491386256316, 0.22876272759744842], "k_pid_alt": [1.4458679973838424, 0.028806210149256217, 0.014398680574380873], "k_pid_att": [29.46763110571006, 2.39259846319054, 0.20497828334174084], "k_pid_yaw": [0.5, 1e-06, 0.1], "k_pid_hsp": [0.17225665165883555, 0.011264223901387349, 0.0], "k_pid_vsp": [90.20309817429433, 57.93155354082285, 16.252805564631274]}, "datetime": {"datetime": "2025-08-13 21:25:51", "elapsed": 41879.116471767426, "delta": 19.39636540412903}, "costs": {"total_cost": 196.34433064702472, "time_cost": 70.434, "final_distance_cost": 1.8101642103374684, "oscillation_cost": 31.892686916168003, "completition_cost": 0.0, "overshoot_cost": 52.02101774197797, "power_cost": 20.541971105957032, "noise_cost": 19.644490672584254, "n_waypoints_completed": 9, "tot_waypoints": 9}}
{"target": -186.14170053147825, "params": {"k_pid_pos": [1.733835489643198, 0.024859491386256316, 0.9451257094832697], "k_pid_alt": [1.5786606064986153, 0.0, 0.23086984934879706], "k_pid_att": [11.329609997636037, 3.4126860594551975, 0.9623745068707039], "k_pid_yaw": [0.5, 1e-06, 0.1], "k_pid_hsp": [0.09847755819799779, 0.011264223901387349, 0.0], "k_pid_vsp": [251.5004449007475, 59.083466427248936, 10.0]}, "datetime": {"datetime": "2025-08-13 21:26:09", "elapsed": 41897.49021434784, "delta": 18.37374258041382}, "costs": {"total_cost": 186.14170053147825, "time_cost": 69.881, "final_distance_cost": 1.8363195246085429, "oscillation_cost": 28.701983299121263, "completition_cost": 0.0, "overshoot_cost": 50.81454408756956, "power_cost": 15.937459301757814, "noise_cost": 18.970394318421043, "n_waypoints_completed": 9, "tot_waypoints": 9}}
{"target": -192.18048600313892, "params": {"k_pid_pos": [1.8792899704868669, 0.08329610310830193, 0.9451257094832697], "k_pid_alt": [1.4458679973838424, 0.028806210149256217, 0.876085735038417], "k_pid_att": [11.329609997636037, 3.4126860594551975, 0.9623745068707039], "k_pid_yaw": [0.5, 1e-06, 0.1], "k_pid_hsp": [0.09847755819799779, 0.011264223901387349, 0.0], "k_pid_vsp": [251.5004449007475, 59.083466427248936, 10.0]}, "datetime": {"datetime": "2025-08-13 21:26:26", "elapsed": 41914.33316397667, "delta": 16.842949628829956}, "costs": {"total_cost": 192.18048600313892, "time_cost": 70.987, "final_distance_cost": 1.8187356212295496, "oscillation_cost": 29.44447032012125, "completition_cost": 0.0, "overshoot_cost": 51.524966234487636, "power_cost": 19.307713903808594, "noise_cost": 19.097599923491885, "n_waypoints_completed": 9, "tot_waypoints": 9}}
{"target": -1461.4082560156924, "params": {"k_pid_pos": [0.8201182701569295, 0.024859491386256316, 0.37255195504867966], "k_pid_alt": [1.9160597436741602, 0.00018965351824429266, 0.6600607021214705], "k_pid_att": [68.93098199109546, 2.6889016979653872, 0.6559199499296157], "k_pid_yaw": [0.5, 1e-06, 0.1], "k_pid_hsp": [0.09847755819799779, 0.011264223901387349, 0.0], "k_pid_vsp": [251.5004449007475, 130.53254854158118, 313.11458436796505]}, "datetime": {"datetime": "2025-08-13 21:26:56", "elapsed": 41944.139613866806, "delta": 29.80644989013672}, "costs": {"total_cost": 1461.4082560156924, "time_cost": 150, "final_distance_cost": 1.000613558411475, "oscillation_cost": 3.3302810151043696, "completition_cost": 1000.0, "overshoot_cost": 163.0562730971858, "power_cost": 29.290006079101563, "noise_cost": 114.731082265889, "n_waypoints_completed": 0, "tot_waypoints": 9}}
{"target": -193.53387632978183, "params": {"k_pid_pos": [1.733835489643198, 0.024859491386256316, 0.9451257094832697], "k_pid_alt": [1.5786606064986153, 0.0, 0.23086984934879706], "k_pid_att": [29.46763110571006, 5.6580295118978245, 0.20497828334174084], "k_pid_yaw": [0.5, 1e-06, 0.1], "k_pid_hsp": [0.09847755819799779, 0.011264223901387349, 0.0], "k_pid_vsp": [251.5004449007475, 59.083466427248936, 10.0]}, "datetime": {"datetime": "2025-08-13 21:27:13", "elapsed": 41961.79460763931, "delta": 17.654993772506714}, "costs": {"total_cost": 193.53387632978183, "time_cost": 70.875, "final_distance_cost": 1.8191097284246986, "oscillation_cost": 27.71274261882059, "completition_cost": 0.0, "overshoot_cost": 51.85649624556235, "power_cost": 20.656069860839846, "noise_cost": 20.614457876134367, "n_waypoints_completed": 9, "tot_waypoints": 9}}
{"target": -215.20598841244723, "params": {"k_pid_pos": [1.733835489643198, 0.024859491386256316, 0.9451257094832697], "k_pid_alt": [1.4458679973838424, 0.9122972269856637, 0.23086984934879706], "k_pid_att": [21.98704379498816, 5.6580295118978245, 0.3529475069797985], "k_pid_yaw": [0.5, 1e-06, 0.1], "k_pid_hsp": [0.17225665165883555, 0.011264223901387349, 0.0], "k_pid_vsp": [121.11927891757475, 57.93155354082285, 16.252805564631274]}, "datetime": {"datetime": "2025-08-13 21:27:33", "elapsed": 41981.55754780769, "delta": 19.762940168380737}, "costs": {"total_cost": 215.20598841244723, "time_cost": 81.802, "final_distance_cost": 1.774641854893979, "oscillation_cost": 31.292443275329703, "completition_cost": 0.0, "overshoot_cost": 54.45802029630207, "power_cost": 23.695815209960937, "noise_cost": 22.18306777596056, "n_waypoints_completed": 9, "tot_waypoints": 9}}
{"target": -191.607503617083, "params": {"k_pid_pos": [1.733835489643198, 0.024859491386256316, 0.9451257094832697], "k_pid_alt": [1.4458679973838424, 0.028806210149256217, 0.014398680574380873], "k_pid_att": [11.329609997636037, 3.4126860594551975, 0.9623745068707039], "k_pid_yaw": [0.5, 1e-06, 0.1], "k_pid_hsp": [0.09847755819799779, 0.011264223901387349, 0.0], "k_pid_vsp": [66.77612754735902, 57.93155354082285, 16.252805564631274]}, "datetime": {"datetime": "2025-08-13 21:27:51", "elapsed": 41999.18915629387, "delta": 17.631608486175537}, "costs": {"total_cost": 191.607503617083, "time_cost": 71.05, "final_distance_cost": 1.843062573515592, "oscillation_cost": 27.877882769457532, "completition_cost": 0.0, "overshoot_cost": 52.145658774673656, "power_cost": 19.49249763183594, "noise_cost": 19.1984018676003, "n_waypoints_completed": 9, "tot_waypoints": 9}}
{"target": -196.51260375240093, "params": {"k_pid_pos": [1.733835489643198, 0.2554604167081139, 0.5055607170423029], "k_pid_alt": [1.4458679973838424, 0.00018965351824429266, 0.6600607021214705], "k_pid_att": [68.93098199109546, 2.6889016979653872, 0.8267899093225144], "k_pid_yaw": [0.5, 1e-06, 0.1], "k_pid_hsp": [0.09847755819799779, 0.011264223901387349, 0.0], "k_pid_vsp": [251.5004449007475, 59.083466427248936, 10.0]}, "datetime": {"datetime": "2025-08-13 21:28:09", "elapsed": 42017.750289440155, "delta": 18.56113314628601}, "costs": {"total_cost": 196.51260375240093, "time_cost": 74.494, "final_distance_cost": 1.7812711977703541, "oscillation_cost": 31.224149937106677, "completition_cost": 0.0, "overshoot_cost": 51.466334547913256, "power_cost": 18.157468298339843, "noise_cost": 19.38937977127081, "n_waypoints_completed": 9, "tot_waypoints": 9}}
{"target": -198.7951625280021, "params": {"k_pid_pos": [1.733835489643198, 0.47620257154743195, 0.9451257094832697], "k_pid_alt": [1.9160597436741602, 0.00018965351824429266, 0.6600607021214705], "k_pid_att": [68.93098199109546, 2.6889016979653872, 0.6559199499296157], "k_pid_yaw": [0.5, 1e-06, 0.1], "k_pid_hsp": [0.17225665165883555, 0.011264223901387349, 0.0], "k_pid_vsp": [121.11927891757475, 57.93155354082285, 16.252805564631274]}, "datetime": {"datetime": "2025-08-13 21:28:27", "elapsed": 42035.56986904144, "delta": 17.819579601287842}, "costs": {"total_cost": 198.7951625280021, "time_cost": 75.054, "final_distance_cost": 1.8098838151543954, "oscillation_cost": 28.878011622700036, "completition_cost": 0.0, "overshoot_cost": 51.764087611209526, "power_cost": 20.865118139648438, "noise_cost": 20.424061339289686, "n_waypoints_completed": 9, "tot_waypoints": 9}}
{"target": -192.13688569858277, "params": {"k_pid_pos": [1.733835489643198, 0.024859491386256316, 0.9451257094832697], "k_pid_alt": [1.4458679973838424, 0.00018965351824429266, 0.23086984934879706], "k_pid_att": [11.246502653247227, 1.1166001057131414, 0.3529475069797985], "k_pid_yaw": [0.5, 1e-06, 0.1], "k_pid_hsp": [0.09847755819799779, 0.011264223901387349, 0.0], "k_pid_vsp": [333.9671041363143, 130.53254854158118, 10.0]}, "datetime": {"datetime": "2025-08-13 21:28:45", "elapsed": 42053.6405005455, "delta": 18.070631504058838}, "costs": {"total_cost": 192.13688569858277, "time_cost": 70.245, "final_distance_cost": 1.8227602656172397, "oscillation_cost": 27.78982302625215, "completition_cost": 0.0, "overshoot_cost": 51.04127517799899, "power_cost": 20.783561181640625, "noise_cost": 20.45446604707376, "n_waypoints_completed": 9, "tot_waypoints": 9}}
{"target": -191.16933956548436, "params": {"k_pid_pos": [1.733835489643198, 0.024859491386256316, 0.9451257094832697], "k_pid_alt": [1.235506431643923, 0.4962104186333234, 0.6600607021214705], "k_pid_att": [68.93098199109546, 2.6889016979653872, 0.7777404808096422], "k_pid_yaw": [0.5, 1e-06, 0.1], "k_pid_hsp": [0.09847755819799779, 0.011264223901387349, 0.0], "k_pid_vsp": [66.77612754735902, 57.93155354082285, 16.252805564631274]}, "datetime": {"datetime": "2025-08-13 21:29:03", "elapsed": 42071.08873939514, "delta": 17.448238849639893}, "costs": {"total_cost": 191.16933956548436, "time_cost": 74.165, "final_distance_cost": 1.7622245978613111, "oscillation_cost": 29.971544812272295, "completition_cost": 0.0, "overshoot_cost": 51.823773484571774, "power_cost": 16.700511645507813, "noise_cost": 16.746285025271167, "n_waypoints_completed": 9, "tot_waypoints": 9}}
{"target": -1884.0616939197014, "params": {"k_pid_pos": [1.733835489643198, 0.4420512236420855, 0.9451257094832697], "k_pid_alt": [1.4458679973838424, 0.6593059046539728, 0.6600607021214705], "k_pid_att": [68.93098199109546, 2.6889016979653872, 0.6559199499296157], "k_pid_yaw": [0.5, 1e-06, 0.1], "k_pid_hsp": [0.09847755819799779, 0.011264223901387349, 0.2242203254248294], "k_pid_vsp": [317.72943350442205, 289.9420907665546, 16.252805564631274]}, "datetime": {"datetime": "2025-08-13 21:29:32", "elapsed": 42100.90146827698, "delta": 29.812728881835938}, "costs": {"total_cost": 1884.0616939197014, "time_cost": 150, "final_distance_cost": 88.7117153580249, "oscillation_cost": 762.7938789875966, "completition_cost": 666.6666666666667, "overshoot_cost": 157.15052262239496, "power_cost": 31.47036229248047, "noise_cost": 27.26854799253769, "n_waypoints_completed": 3, "tot_waypoints": 9}}
{"target": -1138.7795716972096, "params": {"k_pid_pos": [1.733835489643198, 0.024859491386256316, 0.9451257094832697], "k_pid_alt": [1.5786606064986153, 0.0, 0.23086984934879706], "k_pid_att": [11.246502653247227, 2.4733576543945865, 0.3529475069797985], "k_pid_yaw": [0.5, 1e-06, 0.1], "k_pid_hsp": [0.09847755819799779, 0.9795808776675899, 0.0], "k_pid_vsp": [365.3854220855408, 289.9420907665546, 16.252805564631274]}, "datetime": {"datetime": "2025-08-13 21:30:02", "elapsed": 42130.245504140854, "delta": 29.344035863876343}, "costs": {"total_cost": 1138.7795716972096, "time_cost": 150, "final_distance_cost": 50.852743468334864, "oscillation_cost": 135.80928143352725, "completition_cost": 666.6666666666667, "overshoot_cost": 64.252958311641, "power_cost": 37.37162161865235, "noise_cost": 33.8263001983873, "n_waypoints_completed": 3, "tot_waypoints": 9}}
{"target": -1254.9133633704485, "params": {"k_pid_pos": [1.733835489643198, 0.024859491386256316, 0.9451257094832697], "k_pid_alt": [1.4458679973838424, 0.00018965351824429266, 0.1928987146789487], "k_pid_att": [12.665511903358361, 5.6580295118978245, 0.20497828334174084], "k_pid_yaw": [0.5, 1e-06, 0.1], "k_pid_hsp": [0.17225665165883555, 0.011264223901387349, 0.632766644436895], "k_pid_vsp": [121.11927891757475, 57.93155354082285, 16.252805564631274]}, "datetime": {"datetime": "2025-08-13 21:30:31", "elapsed": 42159.32680916786, "delta": 29.081305027008057}, "costs": {"total_cost": 1254.9133633704485, "time_cost": 150, "final_distance_cost": 50.15760878275481, "oscillation_cost": 461.95482178803803, "completition_cost": 444.4444444444444, "overshoot_cost": 89.19262612189387, "power_cost": 30.821376171875002, "noise_cost": 28.342486061442184, "n_waypoints_completed": 5, "tot_waypoints": 9}}
{"target": -282.10674605072245, "params": {"k_pid_pos": [1.1656520391797218, 0.024859491386256316, 0.9451257094832697], "k_pid_alt": [1.4458679973838424, 0.35334007319765726, 0.876085735038417], "k_pid_att": [11.329609997636037, 3.4126860594551975, 0.9623745068707039], "k_pid_yaw": [0.5, 1e-06, 0.1], "k_pid_hsp": [0.09847755819799779, 0.27564764684121745, 0.0], "k_pid_vsp": [251.5004449007475, 59.083466427248936, 10.0]}, "datetime": {"datetime": "2025-08-13 21:30:51", "elapsed": 42179.80859684944, "delta": 20.48178768157959}, "costs": {"total_cost": 282.10674605072245, "time_cost": 82.901, "final_distance_cost": 1.8188016397051763, "oscillation_cost": 93.95797518096897, "completition_cost": 0.0, "overshoot_cost": 55.69764923832124, "power_cost": 24.140983337402346, "noise_cost": 23.590336654324716, "n_waypoints_completed": 9, "tot_waypoints": 9}}
{"target": -187.46375874829113, "params": {"k_pid_pos": [1.8792899704868669, 0.08329610310830193, 0.9451257094832697], "k_pid_alt": [1.4458679973838424, 0.00018965351824429266, 0.23086984934879706], "k_pid_att": [11.246502653247227, 1.1166001057131414, 0.3529475069797985], "k_pid_yaw": [0.5, 1e-06, 0.1], "k_pid_hsp": [0.09847755819799779, 0.011264223901387349, 0.0], "k_pid_vsp": [333.9671041363143, 130.53254854158118, 10.0]}, "datetime": {"datetime": "2025-08-13 21:31:08", "elapsed": 42196.39561200142, "delta": 16.58701515197754}, "costs": {"total_cost": 187.46375874829113, "time_cost": 69.97200000000001, "final_distance_cost": 1.829197110739884, "oscillation_cost": 28.46391867831718, "completition_cost": 0.0, "overshoot_cost": 51.001806490523975, "power_cost": 18.192310498046876, "noise_cost": 18.004525970663195, "n_waypoints_completed": 9, "tot_waypoints": 9}}
