{"target": -191.4538746292293, "params": {"k_pid_pos": [0.961863204572444, 0.24828414068022808, 0.44963268842268056], "k_pid_alt": [1.296896341175293, 0.0, 0.16072894317769304], "k_pid_att": [99.39142121730468, 8.257495339612396, 0.837110513405392], "k_pid_yaw": [0.5, 1e-06, 0.1], "k_pid_hsp": [0.09847755819799779, 0.011264223901387349, 0.0], "k_pid_vsp": [194.7624155113164, 156.73508457218338, 10.0]}, "datetime": {"datetime": "2025-08-13 14:52:45", "elapsed": 18293.69685602188, "delta": 18.25753664970398}, "costs": {"total_cost": 191.4538746292293, "time_cost": 74.928, "final_distance_cost": 1.8143541399173664, "oscillation_cost": 26.91071593566069, "completition_cost": 0.0, "overshoot_cost": 51.25478506313159, "power_cost": 16.999164282226563, "noise_cost": 19.546855208293085, "n_waypoints_completed": 9, "tot_waypoints": 9}}
{"target": -254.2188202648089, "params": {"k_pid_pos": [1.4340672435785011, 0.024859491386256316, 0.8519347702918288], "k_pid_alt": [0.8815334174028542, 0.0, 0.5500846473514374], "k_pid_att": [58.45879911684221, 3.8677381495188174, 0.34464953207076743], "k_pid_yaw": [0.5, 1e-06, 0.1], "k_pid_hsp": [4.626181356041326, 0.011264223901387349, 0.0], "k_pid_vsp": [38.13587436328043, 343.92571266746677, 10.0]}, "datetime": {"datetime": "2025-08-13 14:53:03", "elapsed": 18312.048631429672, "delta": 18.351775407791138}, "costs": {"total_cost": 254.2188202648089, "time_cost": 76.664, "final_distance_cost": 1.8506759518561053, "oscillation_cost": 91.0891595740008, "completition_cost": 0.0, "overshoot_cost": 50.11206385744994, "power_cost": 14.429754663085939, "noise_cost": 20.073166218416098, "n_waypoints_completed": 9, "tot_waypoints": 9}}
{"target": -245.31289415276999, "params": {"k_pid_pos": [0.3405759437876029, 0.024859491386256316, 0.44963268842268056], "k_pid_alt": [1.9760452627536838, 0.0, 0.5478807422402548], "k_pid_att": [39.447728079683905, 3.8677381495188174, 0.052104535687826026], "k_pid_yaw": [0.5, 1e-06, 0.1], "k_pid_hsp": [0.09847755819799779, 0.011264223901387349, 0.0], "k_pid_vsp": [17.18305095025783, 93.09285943774285, 10.0]}, "datetime": {"datetime": "2025-08-13 14:53:30", "elapsed": 18338.621423721313, "delta": 26.572792291641235}, "costs": {"total_cost": 245.31289415276999, "time_cost": 106.666, "final_distance_cost": 1.860973852277353, "oscillation_cost": 18.810373703501636, "completition_cost": 0.0, "overshoot_cost": 56.98444931400542, "power_cost": 28.603322705078128, "noise_cost": 32.387774577907436, "n_waypoints_completed": 9, "tot_waypoints": 9}}
{"target": -193.68217881663415, "params": {"k_pid_pos": [1.4340672435785011, 0.024859491386256316, 0.44963268842268056], "k_pid_alt": [1.296896341175293, 0.0, 0.16072894317769304], "k_pid_att": [58.45879911684221, 3.8677381495188174, 0.1845336041603497], "k_pid_yaw": [0.5, 1e-06, 0.1], "k_pid_hsp": [0.09847755819799779, 0.011264223901387349, 0.0], "k_pid_vsp": [17.18305095025783, 93.09285943774285, 10.0]}, "datetime": {"datetime": "2025-08-13 14:53:48", "elapsed": 18356.41081380844, "delta": 17.789390087127686}, "costs": {"total_cost": 193.68217881663415, "time_cost": 70.364, "final_distance_cost": 1.8109400460006195, "oscillation_cost": 29.626337121556116, "completition_cost": 0.0, "overshoot_cost": 51.63379688592428, "power_cost": 20.454335766601563, "noise_cost": 19.792768996551548, "n_waypoints_completed": 9, "tot_waypoints": 9}}
{"target": -1565.2948968273222, "params": {"k_pid_pos": [1.4340672435785011, 0.024859491386256316, 0.8519347702918288], "k_pid_alt": [1.4458679973838424, 0.0, 0.3146878632891922], "k_pid_att": [43.948176657889235, 5.200466839336723, 0.8792759721912583], "k_pid_yaw": [0.5, 1e-06, 0.1], "k_pid_hsp": [0.09847755819799779, 0.011264223901387349, 0.14824217695359299], "k_pid_vsp": [194.7624155113164, 236.05823748210273, 10.0]}, "datetime": {"datetime": "2025-08-13 14:54:17", "elapsed": 18386.074694633484, "delta": 29.663880825042725}, "costs": {"total_cost": 1565.2948968273222, "time_cost": 150, "final_distance_cost": 41.64745384122927, "oscillation_cost": 665.3043753838097, "completition_cost": 555.5555555555555, "overshoot_cost": 89.7506384428916, "power_cost": 33.806313500976565, "noise_cost": 29.230560102859737, "n_waypoints_completed": 4, "tot_waypoints": 9}}
{"target": -2259.7545586019082, "params": {"k_pid_pos": [1.4999912498542303, 0.024859491386256316, 0.44963268842268056], "k_pid_alt": [0.0031421016365082988, 0.0, 0.13294310327404035], "k_pid_att": [58.45879911684221, 5.300697594845797, 0.34464953207076743], "k_pid_yaw": [0.5, 1e-06, 0.1], "k_pid_hsp": [0.09847755819799779, 0.011264223901387349, 0.6318576734090117], "k_pid_vsp": [277.2708477836043, 93.09285943774285, 10.0]}, "datetime": {"datetime": "2025-08-13 14:54:47", "elapsed": 18415.71202325821, "delta": 29.637328624725342}, "costs": {"total_cost": 2259.7545586019082, "time_cost": 150, "final_distance_cost": 15.156991930314435, "oscillation_cost": 867.3878357992306, "completition_cost": 1000.0, "overshoot_cost": 138.8397253324536, "power_cost": 43.706335021972656, "noise_cost": 44.66367051793657, "n_waypoints_completed": 0, "tot_waypoints": 9}}
{"target": -195.43277583260544, "params": {"k_pid_pos": [1.4340672435785011, 0.024859491386256316, 0.8519347702918288], "k_pid_alt": [0.8815334174028542, 0.0, 0.5500846473514374], "k_pid_att": [39.447728079683905, 3.8677381495188174, 0.8257697299075593], "k_pid_yaw": [0.5, 1e-06, 0.1], "k_pid_hsp": [0.09847755819799779, 0.011264223901387349, 0.0], "k_pid_vsp": [194.7624155113164, 156.73508457218338, 10.0]}, "datetime": {"datetime": "2025-08-13 14:55:06", "elapsed": 18434.455934286118, "delta": 18.743911027908325}, "costs": {"total_cost": 195.43277583260544, "time_cost": 75.068, "final_distance_cost": 1.8488479951382988, "oscillation_cost": 27.428250699125723, "completition_cost": 0.0, "overshoot_cost": 51.14821753825909, "power_cost": 20.245391723632814, "noise_cost": 19.694067876449495, "n_waypoints_completed": 9, "tot_waypoints": 9}}
{"target": -179.5813920146506, "params": {"k_pid_pos": [1.6392966458666147, 0.024859491386256316, 0.44963268842268056], "k_pid_alt": [1.4458679973838424, 0.0, 0.13294310327404035], "k_pid_att": [39.447728079683905, 3.8677381495188174, 0.4533553111744568], "k_pid_yaw": [0.5, 1e-06, 0.1], "k_pid_hsp": [0.09847755819799779, 0.011264223901387349, 0.0], "k_pid_vsp": [194.7624155113164, 87.58200976551859, 10.0]}, "datetime": {"datetime": "2025-08-13 14:55:23", "elapsed": 18451.41973042488, "delta": 16.963796138763428}, "costs": {"total_cost": 179.5813920146506, "time_cost": 69.447, "final_distance_cost": 1.7751571901229648, "oscillation_cost": 30.36284945191197, "completition_cost": 0.0, "overshoot_cost": 50.89498856602997, "power_cost": 9.459943090820312, "noise_cost": 17.641453715765383, "n_waypoints_completed": 9, "tot_waypoints": 9}}
{"target": -403.37811376314005, "params": {"k_pid_pos": [1.4340672435785011, 0.024859491386256316, 0.8519347702918288], "k_pid_alt": [0.25354681259241607, 0.0, 0.3146878632891922], "k_pid_att": [43.948176657889235, 5.200466839336723, 0.8792759721912583], "k_pid_yaw": [0.5, 1e-06, 0.1], "k_pid_hsp": [0.09847755819799779, 0.011264223901387349, 0.0], "k_pid_vsp": [365.3902764062781, 87.58200976551859, 10.0]}, "datetime": {"datetime": "2025-08-13 14:55:52", "elapsed": 18480.820803165436, "delta": 29.40107274055481}, "costs": {"total_cost": 403.37811376314005, "time_cost": 150, "final_distance_cost": 2.9198794321128108, "oscillation_cost": 29.282165845266277, "completition_cost": 111.11111111111116, "overshoot_cost": 56.104312682152575, "power_cost": 25.109331884765627, "noise_cost": 28.851312807731567, "n_waypoints_completed": 8, "tot_waypoints": 9}}
{"target": -189.02322022098656, "params": {"k_pid_pos": [1.4340672435785011, 0.024859491386256316, 0.12618627628651247], "k_pid_alt": [1.4458679973838424, 0.0, 0.3146878632891922], "k_pid_att": [43.948176657889235, 3.8677381495188174, 0.1845336041603497], "k_pid_yaw": [0.5, 1e-06, 0.1], "k_pid_hsp": [0.09847755819799779, 0.011264223901387349, 0.0], "k_pid_vsp": [194.7624155113164, 91.73625214486171, 10.0]}, "datetime": {"datetime": "2025-08-13 14:56:10", "elapsed": 18498.13529109955, "delta": 17.31448793411255}, "costs": {"total_cost": 189.02322022098656, "time_cost": 70.308, "final_distance_cost": 1.7824486476079813, "oscillation_cost": 32.1496932507536, "completition_cost": 0.0, "overshoot_cost": 51.20135415135175, "power_cost": 15.071060083007813, "noise_cost": 18.510664088265415, "n_waypoints_completed": 9, "tot_waypoints": 9}}
{"target": -221.43456000209284, "params": {"k_pid_pos": [1.0011422296428567, 0.024859491386256316, 0.8519347702918288], "k_pid_alt": [1.4458679973838424, 0.0, 0.3146878632891922], "k_pid_att": [58.45879911684221, 6.08943583941259, 0.8299786351622237], "k_pid_yaw": [0.5, 1e-06, 0.1], "k_pid_hsp": [5.107906561366106, 0.011264223901387349, 0.0], "k_pid_vsp": [19.426275527231418, 87.58200976551859, 10.0]}, "datetime": {"datetime": "2025-08-13 14:56:29", "elapsed": 18517.422530412674, "delta": 19.28723931312561}, "costs": {"total_cost": 221.43456000209284, "time_cost": 79.632, "final_distance_cost": 1.8531334821113306, "oscillation_cost": 48.57787011970991, "completition_cost": 0.0, "overshoot_cost": 51.06775716852956, "power_cost": 17.406001818847656, "noise_cost": 22.897797412894377, "n_waypoints_completed": 9, "tot_waypoints": 9}}
{"target": -359.54322491769324, "params": {"k_pid_pos": [1.4340672435785011, 0.024859491386256316, 0.13666630474832364], "k_pid_alt": [0.9730264988067046, 0.0, 0.18554982971348166], "k_pid_att": [43.948176657889235, 1.6378108886447933, 0.34464953207076743], "k_pid_yaw": [0.5, 1e-06, 0.1], "k_pid_hsp": [0.09847755819799779, 0.3530148293123191, 0.0], "k_pid_vsp": [277.2708477836043, 93.09285943774285, 10.0]}, "datetime": {"datetime": "2025-08-13 14:56:56", "elapsed": 18544.78750562668, "delta": 27.364975214004517}, "costs": {"total_cost": 359.54322491769324, "time_cost": 112.658, "final_distance_cost": 1.7892589165454011, "oscillation_cost": 109.72488909806634, "completition_cost": 0.0, "overshoot_cost": 72.82121688022136, "power_cost": 28.730961962890625, "noise_cost": 33.81889805996953, "n_waypoints_completed": 9, "tot_waypoints": 9}}
{"target": -186.16587854209843, "params": {"k_pid_pos": [1.4340672435785011, 0.024859491386256316, 0.44963268842268056], "k_pid_alt": [1.296896341175293, 0.0, 0.16072894317769304], "k_pid_att": [58.45879911684221, 3.8677381495188174, 0.1845336041603497], "k_pid_yaw": [0.5, 1e-06, 0.1], "k_pid_hsp": [0.09847755819799779, 0.011264223901387349, 0.0], "k_pid_vsp": [17.18305095025783, 93.09285943774285, 10.0]}, "datetime": {"datetime": "2025-08-13 14:57:13", "elapsed": 18561.574815750122, "delta": 16.787310123443604}, "costs": {"total_cost": 186.16587854209843, "time_cost": 69.797, "final_distance_cost": 1.8181208388166477, "oscillation_cost": 31.40117294675563, "completition_cost": 0.0, "overshoot_cost": 50.61051046648424, "power_cost": 13.983373681640625, "noise_cost": 18.555700608401267, "n_waypoints_completed": 9, "tot_waypoints": 9}}
{"target": -191.84053561979243, "params": {"k_pid_pos": [0.961863204572444, 0.24828414068022808, 0.44963268842268056], "k_pid_alt": [1.296896341175293, 0.0, 0.16072894317769304], "k_pid_att": [99.39142121730468, 8.257495339612396, 0.837110513405392], "k_pid_yaw": [0.5, 1e-06, 0.1], "k_pid_hsp": [0.09847755819799779, 0.011264223901387349, 0.0], "k_pid_vsp": [194.7624155113164, 156.73508457218338, 10.0]}, "datetime": {"datetime": "2025-08-13 14:57:31", "elapsed": 18579.66312766075, "delta": 18.088311910629272}, "costs": {"total_cost": 191.84053561979243, "time_cost": 74.865, "final_distance_cost": 1.8145680392565986, "oscillation_cost": 26.794933279121167, "completition_cost": 0.0, "overshoot_cost": 51.45899960115063, "power_cost": 17.295664916992187, "noise_cost": 19.61136978327185, "n_waypoints_completed": 9, "tot_waypoints": 9}}
{"target": -191.96419861418815, "params": {"k_pid_pos": [1.4340672435785011, 0.024859491386256316, 0.44963268842268056], "k_pid_alt": [1.4458679973838424, 0.0, 0.13294310327404035], "k_pid_att": [39.447728079683905, 3.8677381495188174, 0.8257697299075593], "k_pid_yaw": [0.5, 1e-06, 0.1], "k_pid_hsp": [0.09847755819799779, 0.011264223901387349, 0.0], "k_pid_vsp": [17.18305095025783, 156.73508457218338, 10.0]}, "datetime": {"datetime": "2025-08-13 14:57:48", "elapsed": 18596.30418395996, "delta": 16.641056299209595}, "costs": {"total_cost": 191.96419861418815, "time_cost": 69.384, "final_distance_cost": 1.7993870336425555, "oscillation_cost": 28.981746492131663, "completition_cost": 0.0, "overshoot_cost": 51.14466484900232, "power_cost": 21.334056188964844, "noise_cost": 19.32034405044678, "n_waypoints_completed": 9, "tot_waypoints": 9}}
{"target": -200.33424913993014, "params": {"k_pid_pos": [1.4340672435785011, 0.024859491386256316, 0.8519347702918288], "k_pid_alt": [1.4458679973838424, 0.0, 0.3146878632891922], "k_pid_att": [43.948176657889235, 3.8677381495188174, 0.837110513405392], "k_pid_yaw": [0.5, 1e-06, 0.1], "k_pid_hsp": [3.022941925987454, 0.011264223901387349, 0.0], "k_pid_vsp": [17.18305095025783, 93.09285943774285, 10.0]}, "datetime": {"datetime": "2025-08-13 14:58:06", "elapsed": 18614.199873924255, "delta": 17.895689964294434}, "costs": {"total_cost": 200.33424913993014, "time_cost": 72.513, "final_distance_cost": 1.846840536584751, "oscillation_cost": 37.44051100863203, "completition_cost": 0.0, "overshoot_cost": 50.493906226360515, "power_cost": 17.94418444824219, "noise_cost": 20.095806920110658, "n_waypoints_completed": 9, "tot_waypoints": 9}}
{"target": -193.0887406762529, "params": {"k_pid_pos": [1.0031316701085804, 0.024859491386256316, 0.44963268842268056], "k_pid_alt": [1.4458679973838424, 0.4687387309924248, 0.3146878632891922], "k_pid_att": [33.41589308538913, 3.8677381495188174, 0.34464953207076743], "k_pid_yaw": [0.5, 1e-06, 0.1], "k_pid_hsp": [0.09847755819799779, 0.011264223901387349, 0.0], "k_pid_vsp": [277.2708477836043, 93.09285943774285, 10.0]}, "datetime": {"datetime": "2025-08-13 14:58:25", "elapsed": 18633.099729776382, "delta": 18.899855852127075}, "costs": {"total_cost": 193.0887406762529, "time_cost": 75.292, "final_distance_cost": 1.805358165997692, "oscillation_cost": 26.274475941693687, "completition_cost": 0.0, "overshoot_cost": 51.87092127194574, "power_cost": 18.821140161132814, "noise_cost": 19.024845135482995, "n_waypoints_completed": 9, "tot_waypoints": 9}}
{"target": -418.70684400372534, "params": {"k_pid_pos": [1.4340672435785011, 0.024859491386256316, 0.44963268842268056], "k_pid_alt": [1.296896341175293, 0.40485283893496626, 0.16072894317769304], "k_pid_att": [58.45879911684221, 3.8677381495188174, 0.1845336041603497], "k_pid_yaw": [0.5, 1e-06, 0.1], "k_pid_hsp": [9.909720763160385, 0.011264223901387349, 0.0], "k_pid_vsp": [17.18305095025783, 156.73508457218338, 10.0]}, "datetime": {"datetime": "2025-08-13 14:58:44", "elapsed": 18652.888277053833, "delta": 19.78854727745056}, "costs": {"total_cost": 418.70684400372534, "time_cost": 82.32000000000001, "final_distance_cost": 1.8094223792029338, "oscillation_cost": 241.38412875075227, "completition_cost": 0.0, "overshoot_cost": 51.60756668853508, "power_cost": 21.10333739013672, "noise_cost": 20.482388795098288, "n_waypoints_completed": 9, "tot_waypoints": 9}}
{"target": -1842.5899066324178, "params": {"k_pid_pos": [1.4999912498542303, 0.024859491386256316, 0.8936703812216521], "k_pid_alt": [0.7822613918691275, 0.9989689917576853, 0.3146878632891922], "k_pid_att": [43.948176657889235, 3.8677381495188174, 0.837110513405392], "k_pid_yaw": [0.5, 1e-06, 0.1], "k_pid_hsp": [0.09847755819799779, 0.011264223901387349, 0.6562560081171346], "k_pid_vsp": [17.18305095025783, 93.09285943774285, 10.0]}, "datetime": {"datetime": "2025-08-13 14:59:14", "elapsed": 18682.867651462555, "delta": 29.979374408721924}, "costs": {"total_cost": 1842.5899066324178, "time_cost": 150, "final_distance_cost": 72.85422769076766, "oscillation_cost": 710.8324311460666, "completition_cost": 777.7777777777778, "overshoot_cost": 70.6238571584806, "power_cost": 31.53790378417969, "noise_cost": 28.963709075145253, "n_waypoints_completed": 2, "tot_waypoints": 9}}
{"target": -187.68666343238047, "params": {"k_pid_pos": [1.4340672435785011, 0.024859491386256316, 0.8519347702918288], "k_pid_alt": [1.4458679973838424, 0.0, 0.3146878632891922], "k_pid_att": [39.447728079683905, 8.039636722459171, 0.8792759721912583], "k_pid_yaw": [0.5, 1e-06, 0.1], "k_pid_hsp": [1.212585439599864, 0.011264223901387349, 0.0], "k_pid_vsp": [194.7624155113164, 87.58200976551859, 10.0]}, "datetime": {"datetime": "2025-08-13 14:59:32", "elapsed": 18700.451020479202, "delta": 17.58336901664734}, "costs": {"total_cost": 187.68666343238047, "time_cost": 71.967, "final_distance_cost": 1.8492113746937233, "oscillation_cost": 32.122060582662655, "completition_cost": 0.0, "overshoot_cost": 49.96216627442383, "power_cost": 12.035430395507813, "noise_cost": 19.750794805092447, "n_waypoints_completed": 9, "tot_waypoints": 9}}
{"target": -188.0603179291724, "params": {"k_pid_pos": [1.4999912498542303, 0.024859491386256316, 0.4388587351883817], "k_pid_alt": [1.4458679973838424, 0.0, 0.13294310327404035], "k_pid_att": [43.948176657889235, 3.8677381495188174, 0.8299786351622237], "k_pid_yaw": [0.5, 1e-06, 0.1], "k_pid_hsp": [0.09847755819799779, 0.011264223901387349, 0.0], "k_pid_vsp": [194.7624155113164, 87.58200976551859, 10.0]}, "datetime": {"datetime": "2025-08-13 15:00:02", "elapsed": 18730.573760986328, "delta": 30.122740507125854}, "costs": {"total_cost": 188.0603179291724, "time_cost": 69.804, "final_distance_cost": 1.805179721763721, "oscillation_cost": 29.246218237770446, "completition_cost": 0.0, "overshoot_cost": 50.888199620338376, "power_cost": 18.33475770263672, "noise_cost": 17.98196264666314, "n_waypoints_completed": 9, "tot_waypoints": 9}}
{"target": -197.72962227986102, "params": {"k_pid_pos": [1.4340672435785011, 0.024859491386256316, 0.8519347702918288], "k_pid_alt": [1.113216515173282, 0.0, 0.3146878632891922], "k_pid_att": [43.948176657889235, 3.8677381495188174, 0.837110513405392], "k_pid_yaw": [0.5, 1e-06, 0.1], "k_pid_hsp": [0.09847755819799779, 0.011264223901387349, 0.0], "k_pid_vsp": [17.18305095025783, 93.09285943774285, 10.0]}, "datetime": {"datetime": "2025-08-13 15:00:22", "elapsed": 18750.55022072792, "delta": 19.976459741592407}, "costs": {"total_cost": 197.72962227986102, "time_cost": 70.973, "final_distance_cost": 1.8334100951034122, "oscillation_cost": 27.69176828720285, "completition_cost": 0.0, "overshoot_cost": 50.65847074595668, "power_cost": 24.006130395507814, "noise_cost": 22.56684275609026, "n_waypoints_completed": 9, "tot_waypoints": 9}}
{"target": -186.9188543716638, "params": {"k_pid_pos": [1.6392966458666147, 0.024859491386256316, 0.44963268842268056], "k_pid_alt": [1.4458679973838424, 0.0, 0.13294310327404035], "k_pid_att": [39.447728079683905, 3.8677381495188174, 0.4533553111744568], "k_pid_yaw": [0.5, 1e-06, 0.1], "k_pid_hsp": [0.09847755819799779, 0.011264223901387349, 0.0], "k_pid_vsp": [194.7624155113164, 87.58200976551859, 10.0]}, "datetime": {"datetime": "2025-08-13 15:00:41", "elapsed": 18769.27960252762, "delta": 18.729381799697876}, "costs": {"total_cost": 186.9188543716638, "time_cost": 69.643, "final_distance_cost": 1.8113616063408784, "oscillation_cost": 30.043911908070513, "completition_cost": 0.0, "overshoot_cost": 50.934696516419464, "power_cost": 16.368728186035156, "noise_cost": 18.117156154797794, "n_waypoints_completed": 9, "tot_waypoints": 9}}
{"target": -180.68174228117851, "params": {"k_pid_pos": [1.4340672435785011, 0.024859491386256316, 0.44963268842268056], "k_pid_alt": [1.4458679973838424, 0.0, 0.13294310327404035], "k_pid_att": [39.447728079683905, 3.8677381495188174, 0.8257697299075593], "k_pid_yaw": [0.5, 1e-06, 0.1], "k_pid_hsp": [0.09847755819799779, 0.011264223901387349, 0.0], "k_pid_vsp": [86.28438231591274, 156.73508457218338, 10.0]}, "datetime": {"datetime": "2025-08-13 15:01:00", "elapsed": 18788.444203853607, "delta": 19.16460132598877}, "costs": {"total_cost": 180.68174228117851, "time_cost": 69.342, "final_distance_cost": 1.8076586628147744, "oscillation_cost": 29.390724183895923, "completition_cost": 0.0, "overshoot_cost": 50.15877911833427, "power_cost": 10.903243017578125, "noise_cost": 19.079337298555433, "n_waypoints_completed": 9, "tot_waypoints": 9}}
{"target": -191.43080228665426, "params": {"k_pid_pos": [1.4999912498542303, 0.024859491386256316, 0.44963268842268056], "k_pid_alt": [1.4458679973838424, 0.0, 0.13294310327404035], "k_pid_att": [39.447728079683905, 3.8677381495188174, 0.1845336041603497], "k_pid_yaw": [0.5, 1e-06, 0.1], "k_pid_hsp": [0.09847755819799779, 0.011264223901387349, 0.0], "k_pid_vsp": [17.18305095025783, 93.09285943774285, 10.0]}, "datetime": {"datetime": "2025-08-13 15:01:19", "elapsed": 18807.76633667946, "delta": 19.32213282585144}, "costs": {"total_cost": 191.43080228665426, "time_cost": 69.993, "final_distance_cost": 1.8156798588962269, "oscillation_cost": 30.546224342274098, "completition_cost": 0.0, "overshoot_cost": 51.17632548489513, "power_cost": 18.97267802734375, "noise_cost": 18.92689457324504, "n_waypoints_completed": 9, "tot_waypoints": 9}}
