{"target": -196.62364075624544, "params": {"k_pid_pos": [1.849624377781123, 0.32941221611176796, 0.6600513411052183], "k_pid_alt": [0.7194253153428574, 0.02520494712616217, 0.949345597264735], "k_pid_att": [39.447728079683905, 3.8677381495188174, 0.9166398602394554], "k_pid_yaw": [0.5, 1e-06, 0.1], "k_pid_hsp": [0.09847755819799779, 0.011264223901387349, 0.0], "k_pid_vsp": [279.31855783528204, 156.73508457218338, 10.0]}, "datetime": {"datetime": "2025-08-13 13:46:51", "elapsed": 14339.536349773407, "delta": 18.92328643798828}, "costs": {"total_cost": 196.62364075624544, "time_cost": 77.854, "final_distance_cost": 1.8235410686356952, "oscillation_cost": 32.12119856031216, "completition_cost": 0.0, "overshoot_cost": 51.720457190200534, "power_cost": 14.338327172851564, "noise_cost": 18.76611676424547, "n_waypoints_completed": 9, "tot_waypoints": 9}}
{"target": -182.41697978651274, "params": {"k_pid_pos": [1.0031316701085804, 0.024859491386256316, 0.44963268842268056], "k_pid_alt": [1.4458679973838424, 0.0, 0.3146878632891922], "k_pid_att": [24.0942673894178, 3.7802132718527557, 0.1845336041603497], "k_pid_yaw": [0.5, 1e-06, 0.1], "k_pid_hsp": [0.09847755819799779, 0.011264223901387349, 0.0], "k_pid_vsp": [194.7624155113164, 156.73508457218338, 10.0]}, "datetime": {"datetime": "2025-08-13 13:47:11", "elapsed": 14359.582040786743, "delta": 20.04569101333618}, "costs": {"total_cost": 182.41697978651274, "time_cost": 70.861, "final_distance_cost": 1.836162866974215, "oscillation_cost": 26.03355740006804, "completition_cost": 0.0, "overshoot_cost": 50.46555217214207, "power_cost": 14.99846434326172, "noise_cost": 18.22224300406668, "n_waypoints_completed": 9, "tot_waypoints": 9}}
{"target": -191.55183809660352, "params": {"k_pid_pos": [1.4340672435785011, 0.024859491386256316, 0.44963268842268056], "k_pid_alt": [1.296896341175293, 0.0, 0.16072894317769304], "k_pid_att": [58.45879911684221, 3.8677381495188174, 0.1845336041603497], "k_pid_yaw": [0.5, 1e-06, 0.1], "k_pid_hsp": [0.09847755819799779, 0.011264223901387349, 0.0], "k_pid_vsp": [194.7624155113164, 156.73508457218338, 10.0]}, "datetime": {"datetime": "2025-08-13 13:47:30", "elapsed": 14378.80376124382, "delta": 19.221720457077026}, "costs": {"total_cost": 191.55183809660352, "time_cost": 70.203, "final_distance_cost": 1.8081683506639672, "oscillation_cost": 29.46528350748199, "completition_cost": 0.0, "overshoot_cost": 50.89164782966084, "power_cost": 19.38213787841797, "noise_cost": 19.80160053037876, "n_waypoints_completed": 9, "tot_waypoints": 9}}
{"target": -185.91868259862105, "params": {"k_pid_pos": [1.0031316701085804, 0.024859491386256316, 0.44963268842268056], "k_pid_alt": [1.4458679973838424, 0.0, 0.3146878632891922], "k_pid_att": [24.0942673894178, 3.7802132718527557, 0.837110513405392], "k_pid_yaw": [0.5, 1e-06, 0.1], "k_pid_hsp": [0.09847755819799779, 0.011264223901387349, 0.0], "k_pid_vsp": [17.18305095025783, 93.09285943774285, 10.0]}, "datetime": {"datetime": "2025-08-13 13:47:53", "elapsed": 14401.794113874435, "delta": 22.990352630615234}, "costs": {"total_cost": 185.91868259862105, "time_cost": 70.77, "final_distance_cost": 1.8400578940021934, "oscillation_cost": 26.775782998507886, "completition_cost": 0.0, "overshoot_cost": 50.84891383216496, "power_cost": 17.52495867919922, "noise_cost": 18.15896919474678, "n_waypoints_completed": 9, "tot_waypoints": 9}}
{"target": -195.46628627449175, "params": {"k_pid_pos": [1.0031316701085804, 0.25995968672490866, 0.44963268842268056], "k_pid_alt": [1.4458679973838424, 0.0, 0.3146878632891922], "k_pid_att": [43.948176657889235, 3.7802132718527557, 0.1845336041603497], "k_pid_yaw": [0.5, 1e-06, 0.1], "k_pid_hsp": [0.09847755819799779, 0.011264223901387349, 0.0], "k_pid_vsp": [42.24848860435038, 156.73508457218338, 10.0]}, "datetime": {"datetime": "2025-08-13 13:48:14", "elapsed": 14422.857284784317, "delta": 21.063170909881592}, "costs": {"total_cost": 195.46628627449175, "time_cost": 74.599, "final_distance_cost": 1.8028813806392074, "oscillation_cost": 28.259897176527037, "completition_cost": 0.0, "overshoot_cost": 51.15367815476957, "power_cost": 19.922220275878907, "noise_cost": 19.728609286677028, "n_waypoints_completed": 9, "tot_waypoints": 9}}
{"target": -930.9237929834346, "params": {"k_pid_pos": [1.0031316701085804, 0.25995968672490866, 0.44963268842268056], "k_pid_alt": [1.4458679973838424, 0.0, 0.3146878632891922], "k_pid_att": [43.948176657889235, 5.556263249731063, 0.5680009751981364], "k_pid_yaw": [0.5, 1e-06, 0.1], "k_pid_hsp": [0.09847755819799779, 0.6481168050241883, 0.0], "k_pid_vsp": [42.24848860435038, 156.73508457218338, 10.0]}, "datetime": {"datetime": "2025-08-13 13:48:46", "elapsed": 14454.52918601036, "delta": 31.6719012260437}, "costs": {"total_cost": 930.9237929834346, "time_cost": 150, "final_distance_cost": 53.85989922749389, "oscillation_cost": 144.55917165765922, "completition_cost": 444.4444444444444, "overshoot_cost": 64.92370750926582, "power_cost": 37.75285817871094, "noise_cost": 35.383711965860336, "n_waypoints_completed": 5, "tot_waypoints": 9}}
{"target": -200.6472098452242, "params": {"k_pid_pos": [1.4340672435785011, 0.024859491386256316, 0.9062157365473852], "k_pid_alt": [1.961806136254105, 0.21279159204151088, 0.3146878632891922], "k_pid_att": [43.948176657889235, 4.028010644934719, 0.1845336041603497], "k_pid_yaw": [0.5, 1e-06, 0.1], "k_pid_hsp": [0.09847755819799779, 0.011264223901387349, 0.0], "k_pid_vsp": [277.2708477836043, 93.09285943774285, 10.0]}, "datetime": {"datetime": "2025-08-13 13:49:07", "elapsed": 14475.467144966125, "delta": 20.93795895576477}, "costs": {"total_cost": 200.6472098452242, "time_cost": 82.474, "final_distance_cost": 1.7687176819483825, "oscillation_cost": 29.347564278883837, "completition_cost": 0.0, "overshoot_cost": 51.46541472806262, "power_cost": 15.144050744628906, "noise_cost": 20.447462411700442, "n_waypoints_completed": 9, "tot_waypoints": 9}}
{"target": -1150.6688381341323, "params": {"k_pid_pos": [1.9168537650125603, 0.024859491386256316, 0.855962508813682], "k_pid_alt": [1.2679502233621702, 0.4729790851720672, 0.4062141140084401], "k_pid_att": [39.909449977216326, 3.8677381495188174, 0.1845336041603497], "k_pid_yaw": [0.5, 1e-06, 0.1], "k_pid_hsp": [0.09847755819799779, 0.7739988220946491, 0.304289828476366], "k_pid_vsp": [17.18305095025783, 156.73508457218338, 17.132000594645874]}, "datetime": {"datetime": "2025-08-13 13:49:38", "elapsed": 14507.062110900879, "delta": 31.594965934753418}, "costs": {"total_cost": 1150.6688381341323, "time_cost": 150, "final_distance_cost": 51.469657530785426, "oscillation_cost": 436.0902521887153, "completition_cost": 333.33333333333337, "overshoot_cost": 123.66200419592721, "power_cost": 28.173572204589846, "noise_cost": 27.94001868078133, "n_waypoints_completed": 6, "tot_waypoints": 9}}
{"target": -243.41694090440882, "params": {"k_pid_pos": [1.9168537650125603, 0.024859491386256316, 0.5985106346815843], "k_pid_alt": [0.7194253153428574, 0.7835892709655194, 0.949345597264735], "k_pid_att": [39.447728079683905, 3.8677381495188174, 0.9166398602394554], "k_pid_yaw": [0.5, 1e-06, 0.1], "k_pid_hsp": [0.09847755819799779, 0.011264223901387349, 0.0], "k_pid_vsp": [194.7624155113164, 156.73508457218338, 10.0]}, "datetime": {"datetime": "2025-08-13 13:50:02", "elapsed": 14530.953248023987, "delta": 23.89113712310791}, "costs": {"total_cost": 243.41694090440882, "time_cost": 94.626, "final_distance_cost": 1.7946042871606573, "oscillation_cost": 34.61400015228131, "completition_cost": 0.0, "overshoot_cost": 59.54190381954828, "power_cost": 27.153917626953127, "noise_cost": 25.68651501846543, "n_waypoints_completed": 9, "tot_waypoints": 9}}
{"target": -193.249705461296, "params": {"k_pid_pos": [1.849624377781123, 0.32941221611176796, 0.855962508813682], "k_pid_alt": [1.2679502233621702, 0.02520494712616217, 0.949345597264735], "k_pid_att": [39.909449977216326, 3.8677381495188174, 0.1845336041603497], "k_pid_yaw": [0.5, 1e-06, 0.1], "k_pid_hsp": [0.09847755819799779, 0.011264223901387349, 0.0], "k_pid_vsp": [277.2708477836043, 93.09285943774285, 10.0]}, "datetime": {"datetime": "2025-08-13 13:50:22", "elapsed": 14550.83063030243, "delta": 19.877382278442383}, "costs": {"total_cost": 193.249705461296, "time_cost": 74.459, "final_distance_cost": 1.7779099579994606, "oscillation_cost": 30.506696881837673, "completition_cost": 0.0, "overshoot_cost": 51.54209030962412, "power_cost": 15.75253974609375, "noise_cost": 19.211468565740986, "n_waypoints_completed": 9, "tot_waypoints": 9}}
{"target": -186.18156204860824, "params": {"k_pid_pos": [1.0031316701085804, 0.024859491386256316, 0.34448922264239656], "k_pid_alt": [1.4458679973838424, 0.0, 0.3146878632891922], "k_pid_att": [43.948176657889235, 3.7802132718527557, 0.1845336041603497], "k_pid_yaw": [0.5, 1e-06, 0.1], "k_pid_hsp": [0.09847755819799779, 0.011264223901387349, 0.0], "k_pid_vsp": [279.31855783528204, 156.73508457218338, 10.0]}, "datetime": {"datetime": "2025-08-13 13:50:40", "elapsed": 14568.802748441696, "delta": 17.972118139266968}, "costs": {"total_cost": 186.18156204860824, "time_cost": 70.686, "final_distance_cost": 1.8255987384418786, "oscillation_cost": 26.242537988609968, "completition_cost": 0.0, "overshoot_cost": 50.818596472904076, "power_cost": 18.06443712158203, "noise_cost": 18.5443917270703, "n_waypoints_completed": 9, "tot_waypoints": 9}}
{"target": -206.80567631720527, "params": {"k_pid_pos": [1.4999912498542303, 0.4372615757381064, 0.44963268842268056], "k_pid_alt": [1.4458679973838424, 0.0, 0.7650179989319748], "k_pid_att": [43.948176657889235, 8.589697399353744, 0.7232883358152038], "k_pid_yaw": [0.5, 1e-06, 0.1], "k_pid_hsp": [0.09847755819799779, 0.011264223901387349, 0.0], "k_pid_vsp": [279.31855783528204, 156.73508457218338, 10.0]}, "datetime": {"datetime": "2025-08-13 13:51:02", "elapsed": 14590.765316963196, "delta": 21.962568521499634}, "costs": {"total_cost": 206.80567631720527, "time_cost": 79.863, "final_distance_cost": 1.7778390174987488, "oscillation_cost": 32.108562427605406, "completition_cost": 0.0, "overshoot_cost": 52.135401210596484, "power_cost": 20.5645548828125, "noise_cost": 20.35631877869214, "n_waypoints_completed": 9, "tot_waypoints": 9}}
{"target": -1397.3155405829675, "params": {"k_pid_pos": [1.4340672435785011, 0.024859491386256316, 0.9062157365473852], "k_pid_alt": [1.2679502233621702, 0.21279159204151088, 0.3146878632891922], "k_pid_att": [43.948176657889235, 3.8677381495188174, 0.1845336041603497], "k_pid_yaw": [0.5, 1e-06, 0.1], "k_pid_hsp": [0.09847755819799779, 0.011264223901387349, 0.0], "k_pid_vsp": [42.24848860435038, 156.73508457218338, 119.24761092908695]}, "datetime": {"datetime": "2025-08-13 13:51:34", "elapsed": 14622.825232028961, "delta": 32.05991506576538}, "costs": {"total_cost": 1397.3155405829675, "time_cost": 150, "final_distance_cost": 76.32834733534922, "oscillation_cost": 9.848102368149629, "completition_cost": 888.8888888888888, "overshoot_cost": 199.42974498763638, "power_cost": 27.93513720703125, "noise_cost": 44.88531979591217, "n_waypoints_completed": 1, "tot_waypoints": 9}}
{"target": -770.738398298358, "params": {"k_pid_pos": [0.06339719641167633, 0.25995968672490866, 0.44963268842268056], "k_pid_alt": [1.4458679973838424, 0.0, 0.3146878632891922], "k_pid_att": [43.948176657889235, 3.7802132718527557, 0.3366070335655168], "k_pid_yaw": [0.5, 1e-06, 0.1], "k_pid_hsp": [0.09847755819799779, 0.011264223901387349, 0.0], "k_pid_vsp": [154.63063811092618, 156.73508457218338, 10.0]}, "datetime": {"datetime": "2025-08-13 13:52:06", "elapsed": 14654.915220737457, "delta": 32.089988708496094}, "costs": {"total_cost": 770.738398298358, "time_cost": 150, "final_distance_cost": 53.27829653406148, "oscillation_cost": 9.725777027937731, "completition_cost": 444.4444444444444, "overshoot_cost": 65.00086660981603, "power_cost": 20.478945446777345, "noise_cost": 27.810068235320973, "n_waypoints_completed": 5, "tot_waypoints": 9}}
{"target": -186.77562212874187, "params": {"k_pid_pos": [1.0031316701085804, 0.024859491386256316, 0.44963268842268056], "k_pid_alt": [1.4458679973838424, 0.0, 0.3146878632891922], "k_pid_att": [43.948176657889235, 0.0889010446451618, 0.1845336041603497], "k_pid_yaw": [0.5, 1e-06, 0.1], "k_pid_hsp": [0.09847755819799779, 0.011264223901387349, 0.0], "k_pid_vsp": [179.49655965827282, 156.73508457218338, 10.0]}, "datetime": {"datetime": "2025-08-13 13:52:28", "elapsed": 14676.854147195816, "delta": 21.938926458358765}, "costs": {"total_cost": 186.77562212874187, "time_cost": 70.952, "final_distance_cost": 1.8420861222578966, "oscillation_cost": 26.057058331283084, "completition_cost": 0.0, "overshoot_cost": 50.66144641080021, "power_cost": 18.686739184570314, "noise_cost": 18.57629207983039, "n_waypoints_completed": 9, "tot_waypoints": 9}}
{"target": -188.20279674220626, "params": {"k_pid_pos": [1.9168537650125603, 0.024859491386256316, 0.855962508813682], "k_pid_alt": [1.2679502233621702, 0.02520494712616217, 0.949345597264735], "k_pid_att": [39.909449977216326, 3.8677381495188174, 0.1845336041603497], "k_pid_yaw": [0.5, 1e-06, 0.1], "k_pid_hsp": [0.09847755819799779, 0.011264223901387349, 0.0], "k_pid_vsp": [277.2708477836043, 93.09285943774285, 10.0]}, "datetime": {"datetime": "2025-08-13 13:52:48", "elapsed": 14696.502258777618, "delta": 19.648111581802368}, "costs": {"total_cost": 188.20279674220626, "time_cost": 71.19, "final_distance_cost": 1.813949069070641, "oscillation_cost": 29.713994931339432, "completition_cost": 0.0, "overshoot_cost": 51.040747129004544, "power_cost": 16.877691931152345, "noise_cost": 17.566413681639297, "n_waypoints_completed": 9, "tot_waypoints": 9}}
{"target": -196.02777216299117, "params": {"k_pid_pos": [1.4340672435785011, 0.024859491386256316, 0.8519347702918288], "k_pid_alt": [1.4458679973838424, 0.0, 0.3146878632891922], "k_pid_att": [43.948176657889235, 1.109420231168994, 0.1845336041603497], "k_pid_yaw": [0.5, 1e-06, 0.1], "k_pid_hsp": [0.09847755819799779, 0.011264223901387349, 0.0], "k_pid_vsp": [105.92349492693351, 93.09285943774285, 10.0]}, "datetime": {"datetime": "2025-08-13 13:53:08", "elapsed": 14716.35775756836, "delta": 19.855498790740967}, "costs": {"total_cost": 196.02777216299117, "time_cost": 71.295, "final_distance_cost": 1.844038100601982, "oscillation_cost": 26.540079665083322, "completition_cost": 0.0, "overshoot_cost": 51.298561729048615, "power_cost": 22.97220220947266, "noise_cost": 22.07789045878457, "n_waypoints_completed": 9, "tot_waypoints": 9}}
{"target": -195.57511333044837, "params": {"k_pid_pos": [1.4999912498542303, 0.11906128738229915, 0.44963268842268056], "k_pid_alt": [1.3131013039922512, 0.0, 0.13294310327404035], "k_pid_att": [39.447728079683905, 3.8677381495188174, 0.3495979120577055], "k_pid_yaw": [0.5, 1e-06, 0.1], "k_pid_hsp": [0.09847755819799779, 0.011264223901387349, 0.0], "k_pid_vsp": [194.7624155113164, 156.73508457218338, 10.0]}, "datetime": {"datetime": "2025-08-13 13:53:29", "elapsed": 14737.2542719841, "delta": 20.896514415740967}, "costs": {"total_cost": 195.57511333044837, "time_cost": 72.086, "final_distance_cost": 1.793729919623346, "oscillation_cost": 29.79442514485063, "completition_cost": 0.0, "overshoot_cost": 51.36008723011601, "power_cost": 20.582848828125, "noise_cost": 19.958022207733364, "n_waypoints_completed": 9, "tot_waypoints": 9}}
{"target": -189.4318049176639, "params": {"k_pid_pos": [1.0031316701085804, 0.024859491386256316, 0.44963268842268056], "k_pid_alt": [1.4458679973838424, 0.0, 0.3146878632891922], "k_pid_att": [24.0942673894178, 3.7802132718527557, 0.1845336041603497], "k_pid_yaw": [0.5, 1e-06, 0.1], "k_pid_hsp": [0.09847755819799779, 0.011264223901387349, 0.0], "k_pid_vsp": [194.7624155113164, 156.73508457218338, 10.0]}, "datetime": {"datetime": "2025-08-13 13:53:50", "elapsed": 14758.890816926956, "delta": 21.636544942855835}, "costs": {"total_cost": 189.4318049176639, "time_cost": 71.253, "final_distance_cost": 1.8250429000983812, "oscillation_cost": 26.007352505809795, "completition_cost": 0.0, "overshoot_cost": 50.83700747880718, "power_cost": 19.95615955810547, "noise_cost": 19.553242474843067, "n_waypoints_completed": 9, "tot_waypoints": 9}}
{"target": -184.9893079261762, "params": {"k_pid_pos": [1.4340672435785011, 0.024859491386256316, 0.8519347702918288], "k_pid_alt": [1.4458679973838424, 0.0, 0.3146878632891922], "k_pid_att": [43.948176657889235, 3.8677381495188174, 0.1845336041603497], "k_pid_yaw": [0.5, 1e-06, 0.1], "k_pid_hsp": [0.09847755819799779, 0.011264223901387349, 0.0], "k_pid_vsp": [277.2708477836043, 93.09285943774285, 10.0]}, "datetime": {"datetime": "2025-08-13 13:54:10", "elapsed": 14779.02297091484, "delta": 20.13215398788452}, "costs": {"total_cost": 184.9893079261762, "time_cost": 70.644, "final_distance_cost": 1.8417850374421414, "oscillation_cost": 27.878426642026945, "completition_cost": 0.0, "overshoot_cost": 50.98619957830707, "power_cost": 14.885081481933595, "noise_cost": 18.753815186466444, "n_waypoints_completed": 9, "tot_waypoints": 9}}
{"target": -197.736347849874, "params": {"k_pid_pos": [1.4340672435785011, 0.024859491386256316, 0.44963268842268056], "k_pid_alt": [1.296896341175293, 0.0, 0.8348396761435622], "k_pid_att": [43.948176657889235, 3.7802132718527557, 0.03545872694893892], "k_pid_yaw": [0.5, 1e-06, 0.1], "k_pid_hsp": [0.09847755819799779, 0.011264223901387349, 0.0], "k_pid_vsp": [42.24848860435038, 156.73508457218338, 10.69915016599017]}, "datetime": {"datetime": "2025-08-13 13:54:32", "elapsed": 14800.941411018372, "delta": 21.918440103530884}, "costs": {"total_cost": 197.736347849874, "time_cost": 72.933, "final_distance_cost": 1.8017542776085183, "oscillation_cost": 31.048920396120586, "completition_cost": 0.0, "overshoot_cost": 50.87696224474967, "power_cost": 21.133362561035156, "noise_cost": 19.94234837036003, "n_waypoints_completed": 9, "tot_waypoints": 9}}
{"target": -217.06749354737357, "params": {"k_pid_pos": [1.0031316701085804, 0.024859491386256316, 0.44963268842268056], "k_pid_alt": [1.4458679973838424, 0.0, 0.3146878632891922], "k_pid_att": [24.0942673894178, 3.7802132718527557, 0.1845336041603497], "k_pid_yaw": [0.5, 1e-06, 0.1], "k_pid_hsp": [3.3560449345655647, 0.011264223901387349, 0.0], "k_pid_vsp": [194.7624155113164, 156.73508457218338, 37.23086544794797]}, "datetime": {"datetime": "2025-08-13 13:54:53", "elapsed": 14821.726026058197, "delta": 20.78461503982544}, "costs": {"total_cost": 217.06749354737357, "time_cost": 73.47200000000001, "final_distance_cost": 1.8543504996015243, "oscillation_cost": 56.41249976028776, "completition_cost": 0.0, "overshoot_cost": 50.05456816012831, "power_cost": 17.511564904785157, "noise_cost": 17.762510222570832, "n_waypoints_completed": 9, "tot_waypoints": 9}}
{"target": -190.95500088075408, "params": {"k_pid_pos": [1.0031316701085804, 0.024859491386256316, 0.44963268842268056], "k_pid_alt": [1.4458679973838424, 0.0, 0.3146878632891922], "k_pid_att": [24.0942673894178, 3.7802132718527557, 0.1845336041603497], "k_pid_yaw": [0.5, 1e-06, 0.1], "k_pid_hsp": [0.09847755819799779, 0.011264223901387349, 0.0], "k_pid_vsp": [277.2708477836043, 93.09285943774285, 10.0]}, "datetime": {"datetime": "2025-08-13 13:55:14", "elapsed": 14842.649547338486, "delta": 20.923521280288696}, "costs": {"total_cost": 190.95500088075408, "time_cost": 70.96600000000001, "final_distance_cost": 1.838314900727696, "oscillation_cost": 26.08962204262366, "completition_cost": 0.0, "overshoot_cost": 50.86452059486435, "power_cost": 21.01336218261719, "noise_cost": 20.183181159921176, "n_waypoints_completed": 9, "tot_waypoints": 9}}
{"target": -181.45435133146145, "params": {"k_pid_pos": [1.4340672435785011, 0.024859491386256316, 0.8519347702918288], "k_pid_alt": [1.4458679973838424, 0.0, 0.3146878632891922], "k_pid_att": [43.948176657889235, 3.8677381495188174, 0.837110513405392], "k_pid_yaw": [0.5, 1e-06, 0.1], "k_pid_hsp": [0.09847755819799779, 0.011264223901387349, 0.0], "k_pid_vsp": [17.18305095025783, 93.09285943774285, 10.0]}, "datetime": {"datetime": "2025-08-13 13:55:37", "elapsed": 14865.243451595306, "delta": 22.59390425682068}, "costs": {"total_cost": 181.45435133146145, "time_cost": 70.301, "final_distance_cost": 1.827722828037527, "oscillation_cost": 28.088147486874533, "completition_cost": 0.0, "overshoot_cost": 49.97259172250527, "power_cost": 12.915427380371094, "noise_cost": 18.349461913673018, "n_waypoints_completed": 9, "tot_waypoints": 9}}
{"target": -191.97418453156632, "params": {"k_pid_pos": [1.0031316701085804, 0.024859491386256316, 0.44963268842268056], "k_pid_alt": [1.4458679973838424, 0.0, 0.7341880218690575], "k_pid_att": [43.948176657889235, 3.7802132718527557, 0.6954414552103283], "k_pid_yaw": [0.5, 1e-06, 0.1], "k_pid_hsp": [0.09847755819799779, 0.011264223901387349, 0.0], "k_pid_vsp": [279.31855783528204, 156.73508457218338, 10.0]}, "datetime": {"datetime": "2025-08-13 13:56:01", "elapsed": 14889.462599515915, "delta": 24.21914792060852}, "costs": {"total_cost": 191.97418453156632, "time_cost": 72.513, "final_distance_cost": 1.8253105760190018, "oscillation_cost": 25.73541878770242, "completition_cost": 0.0, "overshoot_cost": 50.93605666707382, "power_cost": 20.619655395507813, "noise_cost": 20.344743105263262, "n_waypoints_completed": 9, "tot_waypoints": 9}}
