{"target": -202.83821449061853, "params": {"k_pid_pos": [1.733835489643198, 0.024859491386256316, 0.19730102139317784], "k_pid_alt": [1.5786606064986153, 0.6447896631361855, 0.23086984934879706], "k_pid_att": [23.08752834258585, 1.2169696906303682, 0.261380462049589], "k_pid_yaw": [0.5, 1e-06, 0.1], "k_pid_hsp": [0.17225665165883555, 0.011264223901387349, 0.0], "k_pid_vsp": [103.0527854068954, 57.93155354082285, 10.0]}, "datetime": {"datetime": "2025-08-13 23:51:29", "elapsed": 50617.64724826813, "delta": 19.62658190727234}, "costs": {"total_cost": 202.83821449061853, "time_cost": 76.678, "final_distance_cost": 1.7914130139705768, "oscillation_cost": 34.760084622612155, "completition_cost": 0.0, "overshoot_cost": 52.049575787531325, "power_cost": 17.680191601562502, "noise_cost": 19.87894946494193, "n_waypoints_completed": 9, "tot_waypoints": 9}}
{"target": -498.4146282784636, "params": {"k_pid_pos": [1.1837130645794225, 0.024859491386256316, 0.9451257094832697], "k_pid_alt": [1.5786606064986153, 0.7053942892632754, 0.23086984934879706], "k_pid_att": [23.08752834258585, 2.0014291760421457, 0.261380462049589], "k_pid_yaw": [0.5, 1e-06, 0.1], "k_pid_hsp": [5.781240191458679, 0.011264223901387349, 0.2962456738633735], "k_pid_vsp": [237.37114527084637, 57.93155354082285, 10.0]}, "datetime": {"datetime": "2025-08-13 23:51:48", "elapsed": 50636.11627936363, "delta": 18.46903109550476}, "costs": {"total_cost": 498.4146282784636, "time_cost": 79.19800000000001, "final_distance_cost": 1.7980213646948358, "oscillation_cost": 326.42416883858556, "completition_cost": 0.0, "overshoot_cost": 52.04038757662254, "power_cost": 18.32825164794922, "noise_cost": 20.625798850611407, "n_waypoints_completed": 9, "tot_waypoints": 9}}
{"target": -192.83241050536094, "params": {"k_pid_pos": [1.733835489643198, 0.024859491386256316, 0.9451257094832697], "k_pid_alt": [1.5786606064986153, 0.4305222037381311, 0.23086984934879706], "k_pid_att": [23.08752834258585, 4.077532668255645, 0.261380462049589], "k_pid_yaw": [0.5, 1e-06, 0.1], "k_pid_hsp": [0.17225665165883555, 0.032377942493985734, 0.0], "k_pid_vsp": [237.37114527084637, 57.93155354082285, 10.0]}, "datetime": {"datetime": "2025-08-13 23:52:08", "elapsed": 50656.091584444046, "delta": 19.97530508041382}, "costs": {"total_cost": 192.83241050536094, "time_cost": 76.244, "final_distance_cost": 1.8047356729021944, "oscillation_cost": 31.69013577963037, "completition_cost": 0.0, "overshoot_cost": 50.567813593097306, "power_cost": 13.456165869140627, "noise_cost": 19.069559590590437, "n_waypoints_completed": 9, "tot_waypoints": 9}}
{"target": -182.41374812709054, "params": {"k_pid_pos": [1.733835489643198, 0.08976672005448583, 0.9451257094832697], "k_pid_alt": [1.5786606064986153, 0.0, 0.3157032531275451], "k_pid_att": [11.329609997636037, 3.4126860594551975, 0.261380462049589], "k_pid_yaw": [0.5, 1e-06, 0.1], "k_pid_hsp": [0.17225665165883555, 0.011264223901387349, 0.0], "k_pid_vsp": [237.37114527084637, 57.93155354082285, 10.0]}, "datetime": {"datetime": "2025-08-13 23:52:24", "elapsed": 50672.1556494236, "delta": 16.064064979553223}, "costs": {"total_cost": 182.41374812709054, "time_cost": 69.65, "final_distance_cost": 1.825753049079311, "oscillation_cost": 29.29336271256452, "completition_cost": 0.0, "overshoot_cost": 50.32413370824669, "power_cost": 12.499445483398437, "noise_cost": 18.821053173801598, "n_waypoints_completed": 9, "tot_waypoints": 9}}
{"target": -211.1709532605312, "params": {"k_pid_pos": [1.733835489643198, 0.8051487301469052, 0.9451257094832697], "k_pid_alt": [0.8737548644081292, 0.0, 0.25938735764965193], "k_pid_att": [39.43551947786956, 3.4126860594551975, 0.261380462049589], "k_pid_yaw": [0.5, 1e-06, 0.1], "k_pid_hsp": [0.17225665165883555, 0.011264223901387349, 0.0], "k_pid_vsp": [305.67975269326223, 249.85044079645235, 10.0]}, "datetime": {"datetime": "2025-08-13 23:52:44", "elapsed": 50693.06419944763, "delta": 20.908550024032593}, "costs": {"total_cost": 211.1709532605312, "time_cost": 80.64, "final_distance_cost": 1.787076198374114, "oscillation_cost": 32.30656355051402, "completition_cost": 0.0, "overshoot_cost": 51.78039308059535, "power_cost": 22.956287207031252, "noise_cost": 21.700633224016464, "n_waypoints_completed": 9, "tot_waypoints": 9}}
{"target": -324.41139622838637, "params": {"k_pid_pos": [0.5060692904340539, 0.517989997140969, 0.416330797462678], "k_pid_alt": [1.5786606064986153, 0.0, 0.25938735764965193], "k_pid_att": [32.5006215253743, 3.4126860594551975, 0.261380462049589], "k_pid_yaw": [0.5, 1e-06, 0.1], "k_pid_hsp": [0.17225665165883555, 0.5904477871505759, 0.0], "k_pid_vsp": [205.46647479918613, 127.91747472228406, 10.0]}, "datetime": {"datetime": "2025-08-13 23:53:14", "elapsed": 50722.80635929108, "delta": 29.742159843444824}, "costs": {"total_cost": 324.41139622838637, "time_cost": 113.89, "final_distance_cost": 1.8479178719703535, "oscillation_cost": 88.45272706327601, "completition_cost": 0.0, "overshoot_cost": 59.5559068310955, "power_cost": 27.17896397705078, "noise_cost": 33.48588048499367, "n_waypoints_completed": 9, "tot_waypoints": 9}}
{"target": -187.705545854184, "params": {"k_pid_pos": [1.6847188596925242, 0.08976672005448583, 0.19730102139317784], "k_pid_alt": [1.5786606064986153, 0.0, 0.23086984934879706], "k_pid_att": [9.353998950407705, 1.2169696906303682, 0.261380462049589], "k_pid_yaw": [0.5, 1e-06, 0.1], "k_pid_hsp": [0.17225665165883555, 0.011264223901387349, 0.0], "k_pid_vsp": [103.0527854068954, 57.93155354082285, 10.0]}, "datetime": {"datetime": "2025-08-13 23:53:30", "elapsed": 50738.93243074417, "delta": 16.126071453094482}, "costs": {"total_cost": 187.705545854184, "time_cost": 68.929, "final_distance_cost": 1.7926564991099971, "oscillation_cost": 32.668201081970956, "completition_cost": 0.0, "overshoot_cost": 50.48234836163395, "power_cost": 15.355132678222658, "noise_cost": 18.478207233246447, "n_waypoints_completed": 9, "tot_waypoints": 9}}
{"target": -205.14630182862444, "params": {"k_pid_pos": [1.1837130645794225, 0.024859491386256316, 0.9451257094832697], "k_pid_alt": [1.85112020821355, 0.0, 0.03027788721554503], "k_pid_att": [23.08752834258585, 4.077532668255645, 0.261380462049589], "k_pid_yaw": [0.5, 1e-06, 0.1], "k_pid_hsp": [0.17225665165883555, 0.08368559531676201, 0.0], "k_pid_vsp": [237.37114527084637, 168.05578983101148, 10.0]}, "datetime": {"datetime": "2025-08-13 23:53:51", "elapsed": 50759.326664209366, "delta": 20.394233465194702}, "costs": {"total_cost": 205.14630182862444, "time_cost": 75.34100000000001, "final_distance_cost": 1.8582864767930298, "oscillation_cost": 33.11179732785969, "completition_cost": 0.0, "overshoot_cost": 50.21774570674639, "power_cost": 21.890936938476564, "noise_cost": 22.726535378748768, "n_waypoints_completed": 9, "tot_waypoints": 9}}
{"target": -721.9426231258468, "params": {"k_pid_pos": [1.733835489643198, 0.024859491386256316, 0.9451257094832697], "k_pid_alt": [1.5786606064986153, 0.9373605837588372, 0.23086984934879706], "k_pid_att": [23.08752834258585, 4.077532668255645, 0.261380462049589], "k_pid_yaw": [0.5, 1e-06, 0.1], "k_pid_hsp": [0.17225665165883555, 0.032377942493985734, 0.06273862611817704], "k_pid_vsp": [237.37114527084637, 120.58470232492162, 10.0]}, "datetime": {"datetime": "2025-08-13 23:54:19", "elapsed": 50787.09536719322, "delta": 27.7687029838562}, "costs": {"total_cost": 721.9426231258468, "time_cost": 111.958, "final_distance_cost": 1.7895248396695909, "oscillation_cost": 498.5598552769569, "completition_cost": 0.0, "overshoot_cost": 57.02524671244112, "power_cost": 24.347474450683595, "noise_cost": 28.262521846095567, "n_waypoints_completed": 9, "tot_waypoints": 9}}
{"target": -192.062157614368, "params": {"k_pid_pos": [1.6847188596925242, 0.08976672005448583, 0.11242249713100771], "k_pid_alt": [1.85112020821355, 0.0, 0.23086984934879706], "k_pid_att": [63.45214009056577, 4.077532668255645, 0.261380462049589], "k_pid_yaw": [0.5, 1e-06, 0.1], "k_pid_hsp": [0.17225665165883555, 0.011264223901387349, 0.0], "k_pid_vsp": [237.37114527084637, 57.93155354082285, 10.0]}, "datetime": {"datetime": "2025-08-13 23:54:38", "elapsed": 50806.441903591156, "delta": 19.34653639793396}, "costs": {"total_cost": 192.062157614368, "time_cost": 69.461, "final_distance_cost": 1.7913396563565078, "oscillation_cost": 33.836398083252284, "completition_cost": 0.0, "overshoot_cost": 50.97665783950038, "power_cost": 18.035103454589844, "noise_cost": 17.96165858066899, "n_waypoints_completed": 9, "tot_waypoints": 9}}
{"target": -183.70207132165234, "params": {"k_pid_pos": [1.733835489643198, 0.08976672005448583, 0.9451257094832697], "k_pid_alt": [1.5786606064986153, 0.0, 0.3157032531275451], "k_pid_att": [11.329609997636037, 3.4126860594551975, 0.261380462049589], "k_pid_yaw": [0.5, 1e-06, 0.1], "k_pid_hsp": [0.17225665165883555, 0.011264223901387349, 0.0], "k_pid_vsp": [237.37114527084637, 57.93155354082285, 10.0]}, "datetime": {"datetime": "2025-08-13 23:54:54", "elapsed": 50822.867471694946, "delta": 16.425568103790283}, "costs": {"total_cost": 183.70207132165234, "time_cost": 69.559, "final_distance_cost": 1.830497268400886, "oscillation_cost": 29.363645575807748, "completition_cost": 0.0, "overshoot_cost": 50.2206877251392, "power_cost": 14.403882751464845, "noise_cost": 18.32435800083964, "n_waypoints_completed": 9, "tot_waypoints": 9}}
{"target": -1200.6696718521607, "params": {"k_pid_pos": [1.7219385669307627, 0.024859491386256316, 0.416330797462678], "k_pid_alt": [0.7663335954160646, 0.0, 0.25938735764965193], "k_pid_att": [11.329609997636037, 3.4126860594551975, 0.261380462049589], "k_pid_yaw": [0.5, 1e-06, 0.1], "k_pid_hsp": [7.837403453361883, 0.34807726954488594, 0.0], "k_pid_vsp": [300.6485291534591, 127.91747472228406, 252.5487776696354]}, "datetime": {"datetime": "2025-08-13 23:55:25", "elapsed": 50853.42245864868, "delta": 30.55498695373535}, "costs": {"total_cost": 1200.6696718521607, "time_cost": 150, "final_distance_cost": 73.07505805721533, "oscillation_cost": 58.47099971774591, "completition_cost": 777.7777777777778, "overshoot_cost": 82.34390681273932, "power_cost": 31.38910225830078, "noise_cost": 27.61282722838157, "n_waypoints_completed": 2, "tot_waypoints": 9}}
{"target": -1192.2288443720943, "params": {"k_pid_pos": [1.1837130645794225, 0.024859491386256316, 0.416330797462678], "k_pid_alt": [1.1832165847632645, 0.0, 0.25938735764965193], "k_pid_att": [11.329609997636037, 3.4126860594551975, 0.261380462049589], "k_pid_yaw": [0.5, 1e-06, 0.1], "k_pid_hsp": [0.17225665165883555, 0.011264223901387349, 0.18764229178860936], "k_pid_vsp": [205.46647479918613, 127.91747472228406, 10.0]}, "datetime": {"datetime": "2025-08-13 23:55:56", "elapsed": 50884.22264409065, "delta": 30.800185441970825}, "costs": {"total_cost": 1192.2288443720943, "time_cost": 150, "final_distance_cost": 57.27703752439919, "oscillation_cost": 436.3735267669832, "completition_cost": 333.33333333333337, "overshoot_cost": 104.52791329754686, "power_cost": 47.708597460937504, "noise_cost": 63.00843598889419, "n_waypoints_completed": 6, "tot_waypoints": 9}}
{"target": -199.66836691330136, "params": {"k_pid_pos": [1.733835489643198, 0.3476693083007718, 0.9451257094832697], "k_pid_alt": [0.8737548644081292, 0.0, 0.6797860385434875], "k_pid_att": [11.329609997636037, 3.4126860594551975, 0.261380462049589], "k_pid_yaw": [0.5, 1e-06, 0.1], "k_pid_hsp": [0.17225665165883555, 0.011264223901387349, 0.0], "k_pid_vsp": [205.46647479918613, 310.89645667885657, 10.0]}, "datetime": {"datetime": "2025-08-13 23:56:14", "elapsed": 50903.061423778534, "delta": 18.83877968788147}, "costs": {"total_cost": 199.66836691330136, "time_cost": 78.708, "final_distance_cost": 1.8446855256955754, "oscillation_cost": 30.449424664875604, "completition_cost": 0.0, "overshoot_cost": 50.33052920732964, "power_cost": 18.841052026367187, "noise_cost": 19.49467548903335, "n_waypoints_completed": 9, "tot_waypoints": 9}}
{"target": -184.65518524497492, "params": {"k_pid_pos": [1.1837130645794225, 0.024859491386256316, 0.416330797462678], "k_pid_alt": [1.5786606064986153, 0.0, 0.05010974591185968], "k_pid_att": [11.329609997636037, 3.4126860594551975, 0.261380462049589], "k_pid_yaw": [0.5, 1e-06, 0.1], "k_pid_hsp": [0.17225665165883555, 0.011264223901387349, 0.0], "k_pid_vsp": [205.46647479918613, 306.5653082406949, 10.0]}, "datetime": {"datetime": "2025-08-13 23:56:32", "elapsed": 50921.0079035759, "delta": 17.94647979736328}, "costs": {"total_cost": 184.65518524497492, "time_cost": 68.999, "final_distance_cost": 1.839230284830254, "oscillation_cost": 28.57901277412962, "completition_cost": 0.0, "overshoot_cost": 49.802647566653604, "power_cost": 17.60140554199219, "noise_cost": 17.833889077369268, "n_waypoints_completed": 9, "tot_waypoints": 9}}
{"target": -215.6694346918354, "params": {"k_pid_pos": [1.733835489643198, 0.43727115131929417, 0.416330797462678], "k_pid_alt": [1.5786606064986153, 0.0, 0.6182064035467875], "k_pid_att": [11.329609997636037, 3.4126860594551975, 0.016202813979795172], "k_pid_yaw": [0.5, 1e-06, 0.1], "k_pid_hsp": [0.17225665165883555, 0.011264223901387349, 0.0], "k_pid_vsp": [205.46647479918613, 127.91747472228406, 10.0]}, "datetime": {"datetime": "2025-08-13 23:56:53", "elapsed": 50941.77423620224, "delta": 20.766332626342773}, "costs": {"total_cost": 215.6694346918354, "time_cost": 79.905, "final_distance_cost": 1.7447295829928244, "oscillation_cost": 35.45447580595772, "completition_cost": 0.0, "overshoot_cost": 52.72148884968642, "power_cost": 23.67512938232422, "noise_cost": 22.1686110708742, "n_waypoints_completed": 9, "tot_waypoints": 9}}
{"target": -188.94765928923218, "params": {"k_pid_pos": [1.733835489643198, 0.024859491386256316, 0.9451257094832697], "k_pid_alt": [0.9020104990244227, 0.0, 0.25938735764965193], "k_pid_att": [11.329609997636037, 3.4126860594551975, 0.261380462049589], "k_pid_yaw": [0.5, 1e-06, 0.1], "k_pid_hsp": [0.17225665165883555, 0.011264223901387349, 0.0], "k_pid_vsp": [205.46647479918613, 130.53254854158118, 10.0]}, "datetime": {"datetime": "2025-08-13 23:57:10", "elapsed": 50958.38061833382, "delta": 16.606382131576538}, "costs": {"total_cost": 188.94765928923218, "time_cost": 71.82000000000001, "final_distance_cost": 1.845275109948617, "oscillation_cost": 29.977086635698218, "completition_cost": 0.0, "overshoot_cost": 50.377338682102106, "power_cost": 16.6450263671875, "noise_cost": 18.282932494295725, "n_waypoints_completed": 9, "tot_waypoints": 9}}
{"target": -1134.1471973403575, "params": {"k_pid_pos": [1.6847188596925242, 0.08976672005448583, 0.9451257094832697], "k_pid_alt": [0.22864383303227753, 0.0, 0.7248340866032845], "k_pid_att": [97.15749504346589, 5.894529415990727, 0.261380462049589], "k_pid_yaw": [0.5, 1e-06, 0.1], "k_pid_hsp": [7.354262864448116, 0.011264223901387349, 0.0], "k_pid_vsp": [237.37114527084637, 57.93155354082285, 10.0]}, "datetime": {"datetime": "2025-08-13 23:57:41", "elapsed": 50989.21944999695, "delta": 30.838831663131714}, "costs": {"total_cost": 1134.1471973403575, "time_cost": 150, "final_distance_cost": 67.53527582019143, "oscillation_cost": 588.6060199299037, "completition_cost": 222.2222222222222, "overshoot_cost": 50.30770863579116, "power_cost": 27.291254199218752, "noise_cost": 28.184716533030183, "n_waypoints_completed": 7, "tot_waypoints": 9}}
{"target": -204.91206511319623, "params": {"k_pid_pos": [1.1837130645794225, 0.024859491386256316, 0.19730102139317784], "k_pid_alt": [1.5786606064986153, 0.6432630158673487, 0.23086984934879706], "k_pid_att": [23.08752834258585, 1.2169696906303682, 0.261380462049589], "k_pid_yaw": [0.5, 1e-06, 0.1], "k_pid_hsp": [4.302970342841289, 0.40521731726144516, 0.0], "k_pid_vsp": [103.0527854068954, 57.93155354082285, 10.0]}, "datetime": {"datetime": "2025-08-13 23:57:58", "elapsed": 51006.42643523216, "delta": 17.206985235214233}, "costs": {"total_cost": 204.91206511319623, "time_cost": 74.032, "final_distance_cost": 1.7841096675207315, "oscillation_cost": 45.110801526828986, "completition_cost": 0.0, "overshoot_cost": 50.887240963279645, "power_cost": 13.348611743164064, "noise_cost": 19.74930121240279, "n_waypoints_completed": 9, "tot_waypoints": 9}}
{"target": -860.8785280080299, "params": {"k_pid_pos": [1.733835489643198, 0.024859491386256316, 0.9451257094832697], "k_pid_alt": [1.5786606064986153, 0.6171515596199678, 0.23086984934879706], "k_pid_att": [23.08752834258585, 4.077532668255645, 0.261380462049589], "k_pid_yaw": [0.5, 1e-06, 0.1], "k_pid_hsp": [7.777948788876796, 0.32819825866084507, 0.0], "k_pid_vsp": [237.37114527084637, 57.93155354082285, 10.0]}, "datetime": {"datetime": "2025-08-13 23:58:31", "elapsed": 51039.676187992096, "delta": 33.24975275993347}, "costs": {"total_cost": 860.8785280080299, "time_cost": 150, "final_distance_cost": 232.03938479904923, "oscillation_cost": 84.1197181777172, "completition_cost": 111.11111111111116, "overshoot_cost": 203.41402157239983, "power_cost": 27.980346435546878, "noise_cost": 52.21394591220556, "n_waypoints_completed": 8, "tot_waypoints": 9}}
{"target": -189.31789234779754, "params": {"k_pid_pos": [1.733835489643198, 0.024859491386256316, 0.9451257094832697], "k_pid_alt": [1.85112020821355, 0.0, 0.03027788721554503], "k_pid_att": [23.08752834258585, 4.077532668255645, 0.261380462049589], "k_pid_yaw": [0.5, 1e-06, 0.1], "k_pid_hsp": [0.17225665165883555, 0.011264223901387349, 0.0], "k_pid_vsp": [237.37114527084637, 57.93155354082285, 12.527173717198536]}, "datetime": {"datetime": "2025-08-13 23:58:50", "elapsed": 51058.11651086807, "delta": 18.440322875976562}, "costs": {"total_cost": 189.31789234779754, "time_cost": 70.112, "final_distance_cost": 1.8377358381770792, "oscillation_cost": 28.11506746246163, "completition_cost": 0.0, "overshoot_cost": 51.05268157727745, "power_cost": 19.001502978515624, "noise_cost": 19.198904491365763, "n_waypoints_completed": 9, "tot_waypoints": 9}}
{"target": -196.7140901493361, "params": {"k_pid_pos": [1.6847188596925242, 0.08976672005448583, 0.9451257094832697], "k_pid_alt": [0.8737548644081292, 0.0, 0.25938735764965193], "k_pid_att": [74.86132892719988, 2.771467938851939, 0.261380462049589], "k_pid_yaw": [0.5, 1e-06, 0.1], "k_pid_hsp": [0.17225665165883555, 0.011264223901387349, 0.0], "k_pid_vsp": [205.46647479918613, 127.91747472228406, 10.0]}, "datetime": {"datetime": "2025-08-13 23:59:07", "elapsed": 51076.05346393585, "delta": 17.93695306777954}, "costs": {"total_cost": 196.7140901493361, "time_cost": 72.947, "final_distance_cost": 1.830964450524585, "oscillation_cost": 29.410670660439386, "completition_cost": 0.0, "overshoot_cost": 50.8463390686303, "power_cost": 21.197099816894532, "noise_cost": 20.482016152847287, "n_waypoints_completed": 9, "tot_waypoints": 9}}
{"target": -224.93841356931205, "params": {"k_pid_pos": [1.1837130645794225, 0.9167879101783033, 0.9451257094832697], "k_pid_alt": [1.5786606064986153, 0.0, 0.23086984934879706], "k_pid_att": [23.08752834258585, 4.077532668255645, 0.261380462049589], "k_pid_yaw": [0.5, 1e-06, 0.1], "k_pid_hsp": [7.526622201336775, 0.011264223901387349, 0.0], "k_pid_vsp": [383.0958896243158, 57.93155354082285, 10.0]}, "datetime": {"datetime": "2025-08-13 23:59:27", "elapsed": 51095.42839574814, "delta": 19.374931812286377}, "costs": {"total_cost": 224.93841356931205, "time_cost": 73.724, "final_distance_cost": 1.7847009050750315, "oscillation_cost": 65.53661177538933, "completition_cost": 0.0, "overshoot_cost": 50.66783115269146, "power_cost": 14.272820275878907, "noise_cost": 18.95244946027733, "n_waypoints_completed": 9, "tot_waypoints": 9}}
{"target": -1464.07298601281, "params": {"k_pid_pos": [1.733835489643198, 0.43727115131929417, 0.416330797462678], "k_pid_alt": [1.5786606064986153, 0.0, 0.6182064035467875], "k_pid_att": [11.329609997636037, 3.4126860594551975, 0.016202813979795172], "k_pid_yaw": [0.5, 1e-06, 0.1], "k_pid_hsp": [0.17225665165883555, 0.011264223901387349, 0.0], "k_pid_vsp": [205.46647479918613, 127.91747472228406, 389.58451293912077]}, "datetime": {"datetime": "2025-08-13 23:59:55", "elapsed": 51123.94085144997, "delta": 28.512455701828003}, "costs": {"total_cost": 1464.07298601281, "time_cost": 150, "final_distance_cost": 0.9998065488792575, "oscillation_cost": 9.806873108479952, "completition_cost": 1000.0, "overshoot_cost": 162.72236183631466, "power_cost": 29.238717590332033, "noise_cost": 111.30522692880412, "n_waypoints_completed": 0, "tot_waypoints": 9}}
{"target": -235.39167540418094, "params": {"k_pid_pos": [1.6847188596925242, 0.9221682988503864, 0.416330797462678], "k_pid_alt": [1.5786606064986153, 0.0, 0.25938735764965193], "k_pid_att": [11.329609997636037, 3.4126860594551975, 0.261380462049589], "k_pid_yaw": [0.5, 1e-06, 0.1], "k_pid_hsp": [0.17225665165883555, 0.011264223901387349, 0.0], "k_pid_vsp": [205.46647479918613, 18.0010542721825, 10.0]}, "datetime": {"datetime": "2025-08-14 00:00:24", "elapsed": 51152.960424900055, "delta": 29.0195734500885}, "costs": {"total_cost": 235.39167540418094, "time_cost": 87.066, "final_distance_cost": 1.7552173307233812, "oscillation_cost": 36.49960704828336, "completition_cost": 0.0, "overshoot_cost": 56.41822422156698, "power_cost": 27.537984899902344, "noise_cost": 26.11464190370488, "n_waypoints_completed": 9, "tot_waypoints": 9}}
