{"target": -192.97399283555868, "params": {"k_pid_pos": [1.4999912498542303, 0.024859491386256316, 0.44963268842268056], "k_pid_alt": [1.4458679973838424, 0.02520494712616217, 0.949345597264735], "k_pid_att": [39.447728079683905, 3.8677381495188174, 0.1845336041603497], "k_pid_yaw": [0.5, 1e-06, 0.1], "k_pid_hsp": [0.09847755819799779, 0.011264223901387349, 0.0], "k_pid_vsp": [194.7624155113164, 156.73508457218338, 10.0]}, "datetime": {"datetime": "2025-08-13 12:55:23", "elapsed": 11251.881889104843, "delta": 16.820977449417114}, "costs": {"total_cost": 192.97399283555868, "time_cost": 70.819, "final_distance_cost": 1.7885392709561272, "oscillation_cost": 29.78348205374204, "completition_cost": 0.0, "overshoot_cost": 51.19181358539444, "power_cost": 19.864762634277344, "noise_cost": 19.52639529118872, "n_waypoints_completed": 9, "tot_waypoints": 9}}
{"target": -216.12083274703016, "params": {"k_pid_pos": [1.849624377781123, 0.024859491386256316, 0.855962508813682], "k_pid_alt": [1.2679502233621702, 0.0, 0.06527723447865985], "k_pid_att": [58.989274729095186, 3.8677381495188174, 0.1845336041603497], "k_pid_yaw": [0.5, 1e-06, 0.1], "k_pid_hsp": [4.207535873435454, 0.011264223901387349, 0.0], "k_pid_vsp": [194.7624155113164, 156.73508457218338, 10.0]}, "datetime": {"datetime": "2025-08-13 12:55:40", "elapsed": 11268.615737199783, "delta": 16.733848094940186}, "costs": {"total_cost": 216.12083274703016, "time_cost": 69.874, "final_distance_cost": 1.8518763103415055, "oscillation_cost": 56.3775677721351, "completition_cost": 0.0, "overshoot_cost": 50.05034670774752, "power_cost": 18.33580583496094, "noise_cost": 19.631236121845053, "n_waypoints_completed": 9, "tot_waypoints": 9}}
{"target": -182.69505955407857, "params": {"k_pid_pos": [1.4340672435785011, 0.024859491386256316, 0.44963268842268056], "k_pid_alt": [1.296896341175293, 0.02520494712616217, 0.949345597264735], "k_pid_att": [39.447728079683905, 3.8677381495188174, 0.3366070335655168], "k_pid_yaw": [0.5, 1e-06, 0.1], "k_pid_hsp": [0.09847755819799779, 0.011264223901387349, 0.0], "k_pid_vsp": [194.7624155113164, 221.6078012742647, 10.0]}, "datetime": {"datetime": "2025-08-13 12:55:57", "elapsed": 11285.519432783127, "delta": 16.903695583343506}, "costs": {"total_cost": 182.69505955407857, "time_cost": 70.973, "final_distance_cost": 1.8194917205651078, "oscillation_cost": 29.43951391249359, "completition_cost": 0.0, "overshoot_cost": 50.35446684745064, "power_cost": 11.630795068359376, "noise_cost": 18.47779200520982, "n_waypoints_completed": 9, "tot_waypoints": 9}}
{"target": -201.06510027248896, "params": {"k_pid_pos": [1.4088876241968016, 0.35023019656788623, 0.44963268842268056], "k_pid_alt": [1.602152265215685, 0.02807001191395697, 0.3146878632891922], "k_pid_att": [43.948176657889235, 3.8677381495188174, 0.03538954236297853], "k_pid_yaw": [0.5, 1e-06, 0.1], "k_pid_hsp": [0.09847755819799779, 0.011264223901387349, 0.0], "k_pid_vsp": [194.7624155113164, 307.90158201594176, 10.0]}, "datetime": {"datetime": "2025-08-13 12:56:15", "elapsed": 11303.71119594574, "delta": 18.191763162612915}, "costs": {"total_cost": 201.06510027248896, "time_cost": 77.231, "final_distance_cost": 1.7796454875166074, "oscillation_cost": 35.03699490979269, "completition_cost": 0.0, "overshoot_cost": 52.175169494076854, "power_cost": 14.549215039062501, "noise_cost": 20.29307534204033, "n_waypoints_completed": 9, "tot_waypoints": 9}}
{"target": -187.7066416391129, "params": {"k_pid_pos": [1.849624377781123, 0.024859491386256316, 0.44963268842268056], "k_pid_alt": [1.296896341175293, 0.0, 0.3146878632891922], "k_pid_att": [43.948176657889235, 3.7802132718527557, 0.1845336041603497], "k_pid_yaw": [0.5, 1e-06, 0.1], "k_pid_hsp": [0.09847755819799779, 0.011264223901387349, 0.0], "k_pid_vsp": [194.7624155113164, 156.73508457218338, 10.0]}, "datetime": {"datetime": "2025-08-13 12:56:32", "elapsed": 11320.255979299545, "delta": 16.544783353805542}, "costs": {"total_cost": 187.7066416391129, "time_cost": 70.147, "final_distance_cost": 1.7865038441822805, "oscillation_cost": 32.25771196041281, "completition_cost": 0.0, "overshoot_cost": 50.88344245354359, "power_cost": 14.508688891601563, "noise_cost": 18.123294489372647, "n_waypoints_completed": 9, "tot_waypoints": 9}}
{"target": -197.98130754439595, "params": {"k_pid_pos": [1.647366612200146, 0.06328363340203702, 0.855962508813682], "k_pid_alt": [1.2679502233621702, 0.693097778846711, 0.06527723447865985], "k_pid_att": [58.989274729095186, 6.16091081068753, 0.1845336041603497], "k_pid_yaw": [0.5, 1e-06, 0.1], "k_pid_hsp": [0.09847755819799779, 0.011264223901387349, 0.0], "k_pid_vsp": [194.7624155113164, 156.73508457218338, 10.0]}, "datetime": {"datetime": "2025-08-13 12:56:49", "elapsed": 11337.908480644226, "delta": 17.652501344680786}, "costs": {"total_cost": 197.98130754439595, "time_cost": 75.558, "final_distance_cost": 1.7896495958551277, "oscillation_cost": 30.878156397389642, "completition_cost": 0.0, "overshoot_cost": 52.47367525172811, "power_cost": 18.63672438964844, "noise_cost": 18.645101909774613, "n_waypoints_completed": 9, "tot_waypoints": 9}}
{"target": -187.01473583994903, "params": {"k_pid_pos": [1.849624377781123, 0.024859491386256316, 0.855962508813682], "k_pid_alt": [1.2679502233621702, 0.0, 0.3146878632891922], "k_pid_att": [43.948176657889235, 3.8677381495188174, 0.1845336041603497], "k_pid_yaw": [0.5, 1e-06, 0.1], "k_pid_hsp": [0.09847755819799779, 0.011264223901387349, 0.0], "k_pid_vsp": [17.18305095025783, 93.09285943774285, 10.0]}, "datetime": {"datetime": "2025-08-13 12:57:06", "elapsed": 11354.383341789246, "delta": 16.47486114501953}, "costs": {"total_cost": 187.01473583994903, "time_cost": 70.063, "final_distance_cost": 1.8313563577691743, "oscillation_cost": 30.31085478425374, "completition_cost": 0.0, "overshoot_cost": 50.824116378161655, "power_cost": 15.432797045898438, "noise_cost": 18.552611273866017, "n_waypoints_completed": 9, "tot_waypoints": 9}}
{"target": -187.11490901833002, "params": {"k_pid_pos": [1.4340672435785011, 0.024859491386256316, 0.44963268842268056], "k_pid_alt": [1.296896341175293, 0.0, 0.251263550706466], "k_pid_att": [82.07793770411665, 5.9521973635976435, 0.1845336041603497], "k_pid_yaw": [0.5, 1e-06, 0.1], "k_pid_hsp": [0.09847755819799779, 0.011264223901387349, 0.0], "k_pid_vsp": [258.4046895883358, 156.73508457218338, 10.0]}, "datetime": {"datetime": "2025-08-13 12:57:22", "elapsed": 11371.061868429184, "delta": 16.678526639938354}, "costs": {"total_cost": 187.11490901833002, "time_cost": 70.224, "final_distance_cost": 1.8122429230730146, "oscillation_cost": 31.70461811182987, "completition_cost": 0.0, "overshoot_cost": 50.861588963718, "power_cost": 14.307322534179688, "noise_cost": 18.20513648552945, "n_waypoints_completed": 9, "tot_waypoints": 9}}
{"target": -182.97449872421294, "params": {"k_pid_pos": [1.849624377781123, 0.024859491386256316, 0.855962508813682], "k_pid_alt": [1.2679502233621702, 0.02520494712616217, 0.949345597264735], "k_pid_att": [39.447728079683905, 3.8677381495188174, 0.1845336041603497], "k_pid_yaw": [0.5, 1e-06, 0.1], "k_pid_hsp": [0.09847755819799779, 0.011264223901387349, 0.0], "k_pid_vsp": [194.7624155113164, 156.73508457218338, 10.0]}, "datetime": {"datetime": "2025-08-13 12:57:39", "elapsed": 11387.955290079117, "delta": 16.89342164993286}, "costs": {"total_cost": 182.97449872421294, "time_cost": 70.924, "final_distance_cost": 1.8314252079028839, "oscillation_cost": 31.212189822701696, "completition_cost": 0.0, "overshoot_cost": 50.73881580046069, "power_cost": 10.298683337402345, "noise_cost": 17.969384555745325, "n_waypoints_completed": 9, "tot_waypoints": 9}}
{"target": -188.34246025832726, "params": {"k_pid_pos": [1.9466664862077867, 0.024859491386256316, 0.44963268842268056], "k_pid_alt": [1.4458679973838424, 0.0, 0.06527723447865985], "k_pid_att": [58.989274729095186, 3.8677381495188174, 0.1845336041603497], "k_pid_yaw": [0.5, 1e-06, 0.1], "k_pid_hsp": [0.09847755819799779, 0.011264223901387349, 0.0], "k_pid_vsp": [194.7624155113164, 156.73508457218338, 10.0]}, "datetime": {"datetime": "2025-08-13 12:57:55", "elapsed": 11403.976742982864, "delta": 16.02145290374756}, "costs": {"total_cost": 188.34246025832726, "time_cost": 69.328, "final_distance_cost": 1.7671018314436997, "oscillation_cost": 32.73199185879062, "completition_cost": 0.0, "overshoot_cost": 50.73545941217546, "power_cost": 14.873166186523438, "noise_cost": 18.906740969394072, "n_waypoints_completed": 9, "tot_waypoints": 9}}
{"target": -395.0224333429135, "params": {"k_pid_pos": [1.849624377781123, 0.024859491386256316, 0.855962508813682], "k_pid_alt": [1.2679502233621702, 0.0, 0.06527723447865985], "k_pid_att": [58.989274729095186, 3.8677381495188174, 0.1845336041603497], "k_pid_yaw": [0.5, 1e-06, 0.1], "k_pid_hsp": [0.09847755819799779, 0.5246341563952881, 0.0], "k_pid_vsp": [194.7624155113164, 156.73508457218338, 10.0]}, "datetime": {"datetime": "2025-08-13 12:58:23", "elapsed": 11431.456623792648, "delta": 27.479880809783936}, "costs": {"total_cost": 395.0224333429135, "time_cost": 113.407, "final_distance_cost": 1.8232755481044889, "oscillation_cost": 149.40430979133896, "completition_cost": 0.0, "overshoot_cost": 66.60609800523605, "power_cost": 29.668217614746094, "noise_cost": 34.11353238348788, "n_waypoints_completed": 9, "tot_waypoints": 9}}
{"target": -189.1022415921109, "params": {"k_pid_pos": [1.849624377781123, 0.024859491386256316, 0.7585541942145848], "k_pid_alt": [1.2679502233621702, 0.0, 0.5012331895262763], "k_pid_att": [14.415714892135846, 5.9521973635976435, 0.1845336041603497], "k_pid_yaw": [0.5, 1e-06, 0.1], "k_pid_hsp": [0.09847755819799779, 0.011264223901387349, 0.0], "k_pid_vsp": [194.7624155113164, 156.73508457218338, 10.0]}, "datetime": {"datetime": "2025-08-13 12:58:40", "elapsed": 11448.182161569595, "delta": 16.72553777694702}, "costs": {"total_cost": 189.1022415921109, "time_cost": 70.756, "final_distance_cost": 1.8174039047187927, "oscillation_cost": 30.38858931935878, "completition_cost": 0.0, "overshoot_cost": 50.79301508080081, "power_cost": 17.32094530029297, "noise_cost": 18.026287986939536, "n_waypoints_completed": 9, "tot_waypoints": 9}}
{"target": -187.43390112732345, "params": {"k_pid_pos": [1.4340672435785011, 0.024859491386256316, 0.855962508813682], "k_pid_alt": [1.2679502233621702, 0.0, 0.06527723447865985], "k_pid_att": [58.989274729095186, 3.8677381495188174, 0.1845336041603497], "k_pid_yaw": [0.5, 1e-06, 0.1], "k_pid_hsp": [0.09847755819799779, 0.011264223901387349, 0.0], "k_pid_vsp": [194.7624155113164, 156.73508457218338, 10.0]}, "datetime": {"datetime": "2025-08-13 12:58:56", "elapsed": 11464.78420138359, "delta": 16.60203981399536}, "costs": {"total_cost": 187.43390112732345, "time_cost": 70.553, "final_distance_cost": 1.8304197064874035, "oscillation_cost": 28.229619301711388, "completition_cost": 0.0, "overshoot_cost": 51.011762243830624, "power_cost": 17.526742626953126, "noise_cost": 18.282357248340904, "n_waypoints_completed": 9, "tot_waypoints": 9}}
{"target": -190.6386299782602, "params": {"k_pid_pos": [1.849624377781123, 0.024859491386256316, 0.44963268842268056], "k_pid_alt": [1.296896341175293, 0.0, 0.3146878632891922], "k_pid_att": [43.948176657889235, 3.8677381495188174, 0.1845336041603497], "k_pid_yaw": [0.5, 1e-06, 0.1], "k_pid_hsp": [0.09847755819799779, 0.011264223901387349, 0.0], "k_pid_vsp": [17.18305095025783, 93.09285943774285, 10.0]}, "datetime": {"datetime": "2025-08-13 12:59:13", "elapsed": 11481.514260292053, "delta": 16.730058908462524}, "costs": {"total_cost": 190.6386299782602, "time_cost": 70.112, "final_distance_cost": 1.774894518353741, "oscillation_cost": 31.89806548052399, "completition_cost": 0.0, "overshoot_cost": 51.06777430992555, "power_cost": 17.133509692382813, "noise_cost": 18.652385977074143, "n_waypoints_completed": 9, "tot_waypoints": 9}}
{"target": -186.0724455895301, "params": {"k_pid_pos": [1.4340672435785011, 0.024859491386256316, 0.44963268842268056], "k_pid_alt": [1.2679502233621702, 0.0, 0.949345597264735], "k_pid_att": [39.447728079683905, 3.8677381495188174, 0.5354455210588809], "k_pid_yaw": [0.5, 1e-06, 0.1], "k_pid_hsp": [0.09847755819799779, 0.011264223901387349, 0.0], "k_pid_vsp": [316.1258038976114, 156.73508457218338, 10.0]}, "datetime": {"datetime": "2025-08-13 12:59:30", "elapsed": 11498.869657039642, "delta": 17.35539674758911}, "costs": {"total_cost": 186.0724455895301, "time_cost": 72.94, "final_distance_cost": 1.8098541870097296, "oscillation_cost": 28.977813022278333, "completition_cost": 0.0, "overshoot_cost": 51.20433738137916, "power_cost": 12.846922045898438, "noise_cost": 18.293518952964458, "n_waypoints_completed": 9, "tot_waypoints": 9}}
{"target": -233.261796280576, "params": {"k_pid_pos": [1.4340672435785011, 0.024859491386256316, 0.44963268842268056], "k_pid_alt": [1.4458679973838424, 0.02520494712616217, 0.949345597264735], "k_pid_att": [14.415714892135846, 3.8677381495188174, 0.1845336041603497], "k_pid_yaw": [0.5, 1e-06, 0.1], "k_pid_hsp": [9.911068133623539, 0.011264223901387349, 0.0], "k_pid_vsp": [194.7624155113164, 156.73508457218338, 10.0]}, "datetime": {"datetime": "2025-08-13 12:59:47", "elapsed": 11515.921910047531, "delta": 17.052253007888794}, "costs": {"total_cost": 233.261796280576, "time_cost": 70.259, "final_distance_cost": 1.8446936860612144, "oscillation_cost": 76.72294653659335, "completition_cost": 0.0, "overshoot_cost": 49.99038723272278, "power_cost": 15.794789477539064, "noise_cost": 18.64997934765956, "n_waypoints_completed": 9, "tot_waypoints": 9}}
{"target": -191.45886131241153, "params": {"k_pid_pos": [1.849624377781123, 0.024859491386256316, 0.855962508813682], "k_pid_alt": [1.2679502233621702, 0.0, 0.06527723447865985], "k_pid_att": [94.27907641276623, 5.887625867895858, 0.1845336041603497], "k_pid_yaw": [0.5, 1e-06, 0.1], "k_pid_hsp": [0.09847755819799779, 0.011264223901387349, 0.0], "k_pid_vsp": [194.7624155113164, 156.73508457218338, 10.0]}, "datetime": {"datetime": "2025-08-13 13:00:04", "elapsed": 11532.635774850845, "delta": 16.71386480331421}, "costs": {"total_cost": 191.45886131241153, "time_cost": 69.93, "final_distance_cost": 1.818819393401636, "oscillation_cost": 32.417850793413365, "completition_cost": 0.0, "overshoot_cost": 50.81095128103003, "power_cost": 17.127698193359375, "noise_cost": 19.35354165120712, "n_waypoints_completed": 9, "tot_waypoints": 9}}
{"target": -188.98590120659446, "params": {"k_pid_pos": [1.4340672435785011, 0.024859491386256316, 0.44963268842268056], "k_pid_alt": [1.296896341175293, 0.02520494712616217, 0.949345597264735], "k_pid_att": [39.447728079683905, 3.8677381495188174, 0.3366070335655168], "k_pid_yaw": [0.5, 1e-06, 0.1], "k_pid_hsp": [0.09847755819799779, 0.011264223901387349, 0.0], "k_pid_vsp": [194.7624155113164, 221.6078012742647, 10.0]}, "datetime": {"datetime": "2025-08-13 13:00:21", "elapsed": 11549.552220582962, "delta": 16.9164457321167}, "costs": {"total_cost": 188.98590120659446, "time_cost": 71.12, "final_distance_cost": 1.7881692998875884, "oscillation_cost": 29.25927850125607, "completition_cost": 0.0, "overshoot_cost": 50.9560370038443, "power_cost": 17.79817227783203, "noise_cost": 18.06424412377446, "n_waypoints_completed": 9, "tot_waypoints": 9}}
{"target": -185.03731615906847, "params": {"k_pid_pos": [1.849624377781123, 0.024859491386256316, 0.855962508813682], "k_pid_alt": [1.2679502233621702, 0.02520494712616217, 0.949345597264735], "k_pid_att": [39.447728079683905, 3.8677381495188174, 0.1845336041603497], "k_pid_yaw": [0.5, 1e-06, 0.1], "k_pid_hsp": [0.09847755819799779, 0.011264223901387349, 0.0], "k_pid_vsp": [194.7624155113164, 156.73508457218338, 10.0]}, "datetime": {"datetime": "2025-08-13 13:00:38", "elapsed": 11566.584926843643, "delta": 17.032706260681152}, "costs": {"total_cost": 185.03731615906847, "time_cost": 70.952, "final_distance_cost": 1.8118851627874777, "oscillation_cost": 30.520879619638347, "completition_cost": 0.0, "overshoot_cost": 51.08054699424682, "power_cost": 12.127746398925781, "noise_cost": 18.54425798347003, "n_waypoints_completed": 9, "tot_waypoints": 9}}
{"target": -188.54830564153033, "params": {"k_pid_pos": [1.849624377781123, 0.024859491386256316, 0.855962508813682], "k_pid_alt": [1.2679502233621702, 0.0, 0.06527723447865985], "k_pid_att": [58.989274729095186, 3.8677381495188174, 0.1845336041603497], "k_pid_yaw": [0.5, 1e-06, 0.1], "k_pid_hsp": [0.09847755819799779, 0.011264223901387349, 0.0], "k_pid_vsp": [194.7624155113164, 156.73508457218338, 10.0]}, "datetime": {"datetime": "2025-08-13 13:00:54", "elapsed": 11583.024911165237, "delta": 16.43998432159424}, "costs": {"total_cost": 188.54830564153033, "time_cost": 69.783, "final_distance_cost": 1.8055923918590489, "oscillation_cost": 29.90612942954346, "completition_cost": 0.0, "overshoot_cost": 51.246637092365255, "power_cost": 17.667828454589845, "noise_cost": 18.139118273172738, "n_waypoints_completed": 9, "tot_waypoints": 9}}
{"target": -219.64743910136986, "params": {"k_pid_pos": [1.849624377781123, 0.21958489946633264, 0.855962508813682], "k_pid_alt": [1.2679502233621702, 0.0, 0.512921577555336], "k_pid_att": [27.406759869572184, 3.8677381495188174, 0.1845336041603497], "k_pid_yaw": [0.5, 1e-06, 0.1], "k_pid_hsp": [4.4869223172461, 0.011264223901387349, 0.0], "k_pid_vsp": [17.18305095025783, 93.09285943774285, 10.0]}, "datetime": {"datetime": "2025-08-13 13:01:11", "elapsed": 11599.746479511261, "delta": 16.72156834602356}, "costs": {"total_cost": 219.64743910136986, "time_cost": 71.127, "final_distance_cost": 1.8317251914797767, "oscillation_cost": 56.847304349134156, "completition_cost": 0.0, "overshoot_cost": 50.52450916261226, "power_cost": 19.657324865722657, "noise_cost": 19.659575532421016, "n_waypoints_completed": 9, "tot_waypoints": 9}}
{"target": -191.80142055637947, "params": {"k_pid_pos": [1.849624377781123, 0.024859491386256316, 0.855962508813682], "k_pid_alt": [1.2679502233621702, 0.02520494712616217, 0.949345597264735], "k_pid_att": [55.95093774729606, 3.8677381495188174, 0.1845336041603497], "k_pid_yaw": [0.5, 1e-06, 0.1], "k_pid_hsp": [0.09847755819799779, 0.011264223901387349, 0.0], "k_pid_vsp": [63.97103674737252, 156.73508457218338, 10.0]}, "datetime": {"datetime": "2025-08-13 13:01:28", "elapsed": 11616.748957395554, "delta": 17.002477884292603}, "costs": {"total_cost": 191.80142055637947, "time_cost": 71.001, "final_distance_cost": 1.8314711198397424, "oscillation_cost": 31.370805889169745, "completition_cost": 0.0, "overshoot_cost": 51.1905284720138, "power_cost": 16.950630200195313, "noise_cost": 19.45698487516087, "n_waypoints_completed": 9, "tot_waypoints": 9}}
{"target": -186.78749853077065, "params": {"k_pid_pos": [1.4340672435785011, 0.024859491386256316, 0.44963268842268056], "k_pid_alt": [1.296896341175293, 0.0, 0.3146878632891922], "k_pid_att": [43.948176657889235, 3.8677381495188174, 0.1845336041603497], "k_pid_yaw": [0.5, 1e-06, 0.1], "k_pid_hsp": [0.09847755819799779, 0.011264223901387349, 0.0], "k_pid_vsp": [17.18305095025783, 93.09285943774285, 10.0]}, "datetime": {"datetime": "2025-08-13 13:01:45", "elapsed": 11633.517404317856, "delta": 16.768446922302246}, "costs": {"total_cost": 186.78749853077065, "time_cost": 70.049, "final_distance_cost": 1.7974245120798527, "oscillation_cost": 30.976772747178803, "completition_cost": 0.0, "overshoot_cost": 50.667687365968526, "power_cost": 15.158707849121095, "noise_cost": 18.137906056422366, "n_waypoints_completed": 9, "tot_waypoints": 9}}
{"target": -1028.268835152786, "params": {"k_pid_pos": [1.849624377781123, 0.024859491386256316, 0.855962508813682], "k_pid_alt": [1.2679502233621702, 0.0, 0.251263550706466], "k_pid_att": [82.07793770411665, 5.9521973635976435, 0.1845336041603497], "k_pid_yaw": [0.5, 1e-06, 0.1], "k_pid_hsp": [0.09847755819799779, 0.966737574672076, 0.0], "k_pid_vsp": [258.4046895883358, 156.73508457218338, 10.0]}, "datetime": {"datetime": "2025-08-13 13:02:14", "elapsed": 11662.391053438187, "delta": 28.87364912033081}, "costs": {"total_cost": 1028.268835152786, "time_cost": 150, "final_distance_cost": 44.01874559148128, "oscillation_cost": 132.81709196220146, "completition_cost": 555.5555555555555, "overshoot_cost": 73.07781437418004, "power_cost": 37.31162033691407, "noise_cost": 35.488007332453726, "n_waypoints_completed": 4, "tot_waypoints": 9}}
{"target": -1125.17038962445, "params": {"k_pid_pos": [1.4999912498542303, 0.3940461965001554, 0.1143955574012756], "k_pid_alt": [1.4458679973838424, 0.02520494712616217, 0.949345597264735], "k_pid_att": [39.447728079683905, 3.8677381495188174, 0.1845336041603497], "k_pid_yaw": [0.5, 1e-06, 0.1], "k_pid_hsp": [0.09847755819799779, 0.7152050043221464, 0.0], "k_pid_vsp": [194.7624155113164, 156.73508457218338, 10.0]}, "datetime": {"datetime": "2025-08-13 13:02:42", "elapsed": 11690.961090564728, "delta": 28.570037126541138}, "costs": {"total_cost": 1125.17038962445, "time_cost": 150, "final_distance_cost": 46.54747163915157, "oscillation_cost": 113.67276680229897, "completition_cost": 666.6666666666667, "overshoot_cost": 69.69666819338845, "power_cost": 42.118756774902344, "noise_cost": 36.468059548042085, "n_waypoints_completed": 3, "tot_waypoints": 9}}
