{"target": -189.43663954623028, "params": {"k_pid_pos": [1.4340672435785011, 0.024859491386256316, 0.8544707697037623], "k_pid_alt": [1.4458679973838424, 0.0, 0.6600607021214705], "k_pid_att": [33.06901212709937, 0.18205753750414305, 0.6559199499296157], "k_pid_yaw": [0.5, 1e-06, 0.1], "k_pid_hsp": [0.09847755819799779, 0.011264223901387349, 0.0], "k_pid_vsp": [251.5004449007475, 59.083466427248936, 10.0]}, "datetime": {"datetime": "2025-08-13 18:40:09", "elapsed": 31937.265480279922, "delta": 18.330103397369385}, "costs": {"total_cost": 189.43663954623028, "time_cost": 71.918, "final_distance_cost": 1.836522342393685, "oscillation_cost": 27.10338903368152, "completition_cost": 0.0, "overshoot_cost": 51.16287973354923, "power_cost": 18.604082763671876, "noise_cost": 18.81176567293397, "n_waypoints_completed": 9, "tot_waypoints": 9}}
{"target": -187.24863315088214, "params": {"k_pid_pos": [1.733835489643198, 0.024859491386256316, 0.10532024692005881], "k_pid_alt": [1.4458679973838424, 0.0, 0.3146878632891922], "k_pid_att": [29.46763110571006, 5.67849514865483, 0.73590781336997], "k_pid_yaw": [0.5, 1e-06, 0.1], "k_pid_hsp": [0.09847755819799779, 0.011264223901387349, 0.0], "k_pid_vsp": [33.09370770872002, 93.09285943774285, 10.0]}, "datetime": {"datetime": "2025-08-13 18:40:25", "elapsed": 31953.716704130173, "delta": 16.451223850250244}, "costs": {"total_cost": 187.24863315088214, "time_cost": 70.028, "final_distance_cost": 1.7830847195314112, "oscillation_cost": 34.20625208309103, "completition_cost": 0.0, "overshoot_cost": 50.44883163399893, "power_cost": 12.091287731933594, "noise_cost": 18.691176982327157, "n_waypoints_completed": 9, "tot_waypoints": 9}}
{"target": -188.2314322454679, "params": {"k_pid_pos": [1.6203022768980826, 0.06681891267873763, 0.9818093895928307], "k_pid_alt": [1.4458679973838424, 0.0, 0.3146878632891922], "k_pid_att": [29.46763110571006, 3.8677381495188174, 0.6559199499296157], "k_pid_yaw": [0.5, 1e-06, 0.1], "k_pid_hsp": [0.09847755819799779, 0.036551335399587326, 0.0], "k_pid_vsp": [251.5004449007475, 59.083466427248936, 10.0]}, "datetime": {"datetime": "2025-08-13 18:40:43", "elapsed": 31971.255611658096, "delta": 17.538907527923584}, "costs": {"total_cost": 188.2314322454679, "time_cost": 70.7, "final_distance_cost": 1.8397055760010876, "oscillation_cost": 31.033126249955345, "completition_cost": 0.0, "overshoot_cost": 50.68810253528893, "power_cost": 15.76032373046875, "noise_cost": 18.21017415375378, "n_waypoints_completed": 9, "tot_waypoints": 9}}
{"target": -189.0952284779757, "params": {"k_pid_pos": [1.4340672435785011, 0.024859491386256316, 0.8544707697037623], "k_pid_alt": [1.4458679973838424, 0.0, 0.6600607021214705], "k_pid_att": [39.447728079683905, 0.18205753750414305, 0.11689683853528843], "k_pid_yaw": [0.5, 1e-06, 0.1], "k_pid_hsp": [0.09847755819799779, 0.011264223901387349, 0.0], "k_pid_vsp": [387.1470188825909, 93.09285943774285, 10.0]}, "datetime": {"datetime": "2025-08-13 18:41:01", "elapsed": 31989.102662563324, "delta": 17.84705090522766}, "costs": {"total_cost": 189.0952284779757, "time_cost": 71.967, "final_distance_cost": 1.8368730980739618, "oscillation_cost": 28.0550945555626, "completition_cost": 0.0, "overshoot_cost": 51.17869098318711, "power_cost": 17.8247947265625, "noise_cost": 18.232775114589526, "n_waypoints_completed": 9, "tot_waypoints": 9}}
{"target": -1037.5872988547108, "params": {"k_pid_pos": [1.4340672435785011, 0.8175948644785515, 0.8519347702918288], "k_pid_alt": [1.477768752937916, 0.0, 0.6600607021214705], "k_pid_att": [39.447728079683905, 1.2832267695489696, 0.6249488241409268], "k_pid_yaw": [0.5, 1e-06, 0.1], "k_pid_hsp": [0.09847755819799779, 0.7779309970918005, 0.0], "k_pid_vsp": [68.87684793552155, 204.84203769155826, 10.0]}, "datetime": {"datetime": "2025-08-13 18:41:30", "elapsed": 32018.140862703323, "delta": 29.03820013999939}, "costs": {"total_cost": 1037.5872988547108, "time_cost": 150, "final_distance_cost": 45.210447095269515, "oscillation_cost": 127.0660890814488, "completition_cost": 555.5555555555555, "overshoot_cost": 79.73241753366094, "power_cost": 43.477455554199224, "noise_cost": 36.54533403457667, "n_waypoints_completed": 4, "tot_waypoints": 9}}
{"target": -1780.3971484165968, "params": {"k_pid_pos": [1.6203022768980826, 0.024859491386256316, 0.8544707697037623], "k_pid_alt": [1.4458679973838424, 0.0, 0.6600607021214705], "k_pid_att": [39.447728079683905, 0.18205753750414305, 0.73590781336997], "k_pid_yaw": [0.5, 1e-06, 0.1], "k_pid_hsp": [0.09847755819799779, 0.011264223901387349, 0.8374187147485667], "k_pid_vsp": [33.09370770872002, 93.09285943774285, 10.0]}, "datetime": {"datetime": "2025-08-13 18:41:59", "elapsed": 32047.43381047249, "delta": 29.29294776916504}, "costs": {"total_cost": 1780.3971484165968, "time_cost": 150, "final_distance_cost": 69.28349470140861, "oscillation_cost": 739.3028149920307, "completition_cost": 666.6666666666667, "overshoot_cost": 101.6142067881121, "power_cost": 25.37205457763672, "noise_cost": 28.157910690742042, "n_waypoints_completed": 3, "tot_waypoints": 9}}
{"target": -181.98157563694903, "params": {"k_pid_pos": [1.4340672435785011, 0.024859491386256316, 0.704167472379422], "k_pid_alt": [1.4458679973838424, 0.0, 0.3146878632891922], "k_pid_att": [35.543488255586034, 0.18205753750414305, 0.73590781336997], "k_pid_yaw": [0.5, 1e-06, 0.1], "k_pid_hsp": [0.09847755819799779, 0.011264223901387349, 0.0], "k_pid_vsp": [264.9966777379314, 204.84203769155826, 13.269141705997619]}, "datetime": {"datetime": "2025-08-13 18:42:16", "elapsed": 32064.378289222717, "delta": 16.944478750228882}, "costs": {"total_cost": 181.98157563694903, "time_cost": 69.95100000000001, "final_distance_cost": 1.8165195010590973, "oscillation_cost": 28.00966384370049, "completition_cost": 0.0, "overshoot_cost": 50.13640157820366, "power_cost": 16.09508367919922, "noise_cost": 15.972907034786584, "n_waypoints_completed": 9, "tot_waypoints": 9}}
{"target": -212.4791255622432, "params": {"k_pid_pos": [1.6203022768980826, 0.5975766577032856, 0.5374545101912236], "k_pid_alt": [1.8467889235776584, 0.0, 0.9128610184476774], "k_pid_att": [81.50781704084231, 5.859554809351448, 0.7742097595242466], "k_pid_yaw": [0.5, 1e-06, 0.1], "k_pid_hsp": [0.09847755819799779, 0.011264223901387349, 0.0], "k_pid_vsp": [251.5004449007475, 93.09285943774285, 10.0]}, "datetime": {"datetime": "2025-08-13 18:42:36", "elapsed": 32084.10311460495, "delta": 19.724825382232666}, "costs": {"total_cost": 212.4791255622432, "time_cost": 80.339, "final_distance_cost": 1.75922905732447, "oscillation_cost": 33.37708749590815, "completition_cost": 0.0, "overshoot_cost": 52.896046591305556, "power_cost": 22.403214111328126, "noise_cost": 21.704548306376914, "n_waypoints_completed": 9, "tot_waypoints": 9}}
{"target": -213.33665763442795, "params": {"k_pid_pos": [1.733835489643198, 0.829171023922357, 0.5553847934559067], "k_pid_alt": [1.477768752937916, 0.0, 0.6600607021214705], "k_pid_att": [29.46763110571006, 5.67849514865483, 0.6559199499296157], "k_pid_yaw": [0.5, 1e-06, 0.1], "k_pid_hsp": [0.09847755819799779, 0.011264223901387349, 0.0], "k_pid_vsp": [251.5004449007475, 59.083466427248936, 10.0]}, "datetime": {"datetime": "2025-08-13 18:42:55", "elapsed": 32103.378890514374, "delta": 19.275775909423828}, "costs": {"total_cost": 213.33665763442795, "time_cost": 81.84400000000001, "final_distance_cost": 1.782556905372535, "oscillation_cost": 34.940787671467966, "completition_cost": 0.0, "overshoot_cost": 53.759089740402686, "power_cost": 19.565473754882813, "noise_cost": 21.44474956230196, "n_waypoints_completed": 9, "tot_waypoints": 9}}
{"target": -186.57501748281973, "params": {"k_pid_pos": [1.733835489643198, 0.024859491386256316, 0.9451257094832697], "k_pid_alt": [1.4458679973838424, 0.0, 0.3146878632891922], "k_pid_att": [39.447728079683905, 9.862826079085128, 0.6559199499296157], "k_pid_yaw": [0.5, 1e-06, 0.1], "k_pid_hsp": [0.09847755819799779, 0.011264223901387349, 0.0], "k_pid_vsp": [78.76564955932119, 93.09285943774285, 10.0]}, "datetime": {"datetime": "2025-08-13 18:43:12", "elapsed": 32120.853687286377, "delta": 17.474796772003174}, "costs": {"total_cost": 186.57501748281973, "time_cost": 70.133, "final_distance_cost": 1.8256504467002739, "oscillation_cost": 28.12969625793444, "completition_cost": 0.0, "overshoot_cost": 50.568114707461866, "power_cost": 17.39336065673828, "noise_cost": 18.52519541398488, "n_waypoints_completed": 9, "tot_waypoints": 9}}
{"target": -182.27712158332628, "params": {"k_pid_pos": [1.733835489643198, 0.024859491386256316, 0.9451257094832697], "k_pid_alt": [1.4458679973838424, 0.0, 0.3146878632891922], "k_pid_att": [29.46763110571006, 5.67849514865483, 0.6559199499296157], "k_pid_yaw": [0.5, 1e-06, 0.1], "k_pid_hsp": [0.09847755819799779, 0.011264223901387349, 0.0], "k_pid_vsp": [251.5004449007475, 59.083466427248936, 10.0]}, "datetime": {"datetime": "2025-08-13 18:43:30", "elapsed": 32138.490296125412, "delta": 17.636608839035034}, "costs": {"total_cost": 182.27712158332628, "time_cost": 70.112, "final_distance_cost": 1.8187312688745838, "oscillation_cost": 28.484387935171785, "completition_cost": 0.0, "overshoot_cost": 50.468421248005995, "power_cost": 13.300348864746095, "noise_cost": 18.09323226652783, "n_waypoints_completed": 9, "tot_waypoints": 9}}
{"target": -206.12869540231628, "params": {"k_pid_pos": [1.6203022768980826, 0.4144180460981123, 0.8805880266982272], "k_pid_alt": [1.4458679973838424, 0.0, 0.3146878632891922], "k_pid_att": [29.46763110571006, 3.8677381495188174, 0.6559199499296157], "k_pid_yaw": [0.5, 1e-06, 0.1], "k_pid_hsp": [0.09847755819799779, 0.011264223901387349, 0.0], "k_pid_vsp": [251.5004449007475, 191.6355082529379, 10.0]}, "datetime": {"datetime": "2025-08-13 18:43:48", "elapsed": 32156.662166118622, "delta": 18.17186999320984}, "costs": {"total_cost": 206.12869540231628, "time_cost": 73.871, "final_distance_cost": 1.7960125157212632, "oscillation_cost": 29.767690410801166, "completition_cost": 0.0, "overshoot_cost": 51.709342441621985, "power_cost": 26.14817333984375, "noise_cost": 22.83647669432811, "n_waypoints_completed": 9, "tot_waypoints": 9}}
{"target": -192.2458224433345, "params": {"k_pid_pos": [1.733835489643198, 0.024859491386256316, 0.704167472379422], "k_pid_alt": [1.477768752937916, 0.0, 0.6600607021214705], "k_pid_att": [39.447728079683905, 1.326856224425946, 0.6559199499296157], "k_pid_yaw": [0.5, 1e-06, 0.1], "k_pid_hsp": [2.82373402557605, 0.011264223901387349, 0.0], "k_pid_vsp": [264.9966777379314, 204.84203769155826, 10.0]}, "datetime": {"datetime": "2025-08-13 18:44:06", "elapsed": 32174.501716136932, "delta": 17.839550018310547}, "costs": {"total_cost": 192.2458224433345, "time_cost": 70.455, "final_distance_cost": 1.8490076548816776, "oscillation_cost": 34.514900312282855, "completition_cost": 0.0, "overshoot_cost": 50.281017606001235, "power_cost": 17.10797214355469, "noise_cost": 18.03792472661404, "n_waypoints_completed": 9, "tot_waypoints": 9}}
{"target": -1111.749202863666, "params": {"k_pid_pos": [1.4340672435785011, 0.024859491386256316, 0.8519347702918288], "k_pid_alt": [1.477768752937916, 0.0, 0.6600607021214705], "k_pid_att": [39.447728079683905, 2.6889016979653872, 0.6559199499296157], "k_pid_yaw": [0.5, 1e-06, 0.1], "k_pid_hsp": [0.09847755819799779, 0.011264223901387349, 0.0], "k_pid_vsp": [251.5004449007475, 178.623871307833, 309.53611816493424]}, "datetime": {"datetime": "2025-08-13 18:44:35", "elapsed": 32203.552783489227, "delta": 29.051067352294922}, "costs": {"total_cost": 1111.749202863666, "time_cost": 150, "final_distance_cost": 77.95582181775441, "oscillation_cost": 10.423943952574623, "completition_cost": 666.6666666666667, "overshoot_cost": 120.68422965706259, "power_cost": 28.953929711914064, "noise_cost": 57.06461105769338, "n_waypoints_completed": 3, "tot_waypoints": 9}}
{"target": -198.16231452098762, "params": {"k_pid_pos": [1.733835489643198, 0.024859491386256316, 0.9451257094832697], "k_pid_alt": [1.4458679973838424, 0.0, 0.7330244434240826], "k_pid_att": [29.46763110571006, 5.67849514865483, 0.6559199499296157], "k_pid_yaw": [0.5, 1e-06, 0.1], "k_pid_hsp": [0.09847755819799779, 0.011264223901387349, 0.0], "k_pid_vsp": [251.5004449007475, 178.623871307833, 10.0]}, "datetime": {"datetime": "2025-08-13 18:44:53", "elapsed": 32221.241448402405, "delta": 17.68866491317749}, "costs": {"total_cost": 198.16231452098762, "time_cost": 72.492, "final_distance_cost": 1.8388673901240207, "oscillation_cost": 27.921361854549193, "completition_cost": 0.0, "overshoot_cost": 51.250282441022684, "power_cost": 23.017646887207032, "noise_cost": 21.642155948084685, "n_waypoints_completed": 9, "tot_waypoints": 9}}
{"target": -182.73953659606713, "params": {"k_pid_pos": [1.733835489643198, 0.024859491386256316, 0.704167472379422], "k_pid_alt": [1.477768752937916, 0.0, 0.6600607021214705], "k_pid_att": [39.447728079683905, 2.6889016979653872, 0.6559199499296157], "k_pid_yaw": [0.5, 1e-06, 0.1], "k_pid_hsp": [0.09847755819799779, 0.011264223901387349, 0.0], "k_pid_vsp": [251.5004449007475, 59.083466427248936, 10.0]}, "datetime": {"datetime": "2025-08-13 18:45:10", "elapsed": 32238.14346241951, "delta": 16.902014017105103}, "costs": {"total_cost": 182.73953659606713, "time_cost": 70.94500000000001, "final_distance_cost": 1.7973922136569545, "oscillation_cost": 29.138395120014803, "completition_cost": 0.0, "overshoot_cost": 51.28723190580351, "power_cost": 11.172964184570313, "noise_cost": 18.398553172021558, "n_waypoints_completed": 9, "tot_waypoints": 9}}
{"target": -191.40775217029207, "params": {"k_pid_pos": [1.6103210676380844, 0.024859491386256316, 0.704167472379422], "k_pid_alt": [1.4458679973838424, 0.0, 0.6600607021214705], "k_pid_att": [39.447728079683905, 0.18205753750414305, 0.73590781336997], "k_pid_yaw": [0.5, 1e-06, 0.1], "k_pid_hsp": [0.09847755819799779, 0.011264223901387349, 0.0], "k_pid_vsp": [33.09370770872002, 349.5841200661196, 10.0]}, "datetime": {"datetime": "2025-08-13 18:45:27", "elapsed": 32255.752454519272, "delta": 17.608992099761963}, "costs": {"total_cost": 191.40775217029207, "time_cost": 70.931, "final_distance_cost": 1.8189083684184302, "oscillation_cost": 31.5585664501254, "completition_cost": 0.0, "overshoot_cost": 50.68193970187995, "power_cost": 18.49004802246094, "noise_cost": 17.927289627407365, "n_waypoints_completed": 9, "tot_waypoints": 9}}
{"target": -1063.0665671921872, "params": {"k_pid_pos": [1.4340672435785011, 0.024859491386256316, 0.8544707697037623], "k_pid_alt": [1.4458679973838424, 0.311886487495064, 0.3146878632891922], "k_pid_att": [43.948176657889235, 0.18205753750414305, 0.73590781336997], "k_pid_yaw": [0.5, 1e-06, 0.1], "k_pid_hsp": [0.09847755819799779, 0.011264223901387349, 0.0], "k_pid_vsp": [251.5004449007475, 93.09285943774285, 171.6297307383213]}, "datetime": {"datetime": "2025-08-13 18:45:57", "elapsed": 32285.095790863037, "delta": 29.34333634376526}, "costs": {"total_cost": 1063.0665671921872, "time_cost": 150, "final_distance_cost": 86.39217766145433, "oscillation_cost": 9.362356432236457, "completition_cost": 666.6666666666667, "overshoot_cost": 88.81945844042743, "power_cost": 33.817082226562505, "noise_cost": 28.008825764839585, "n_waypoints_completed": 3, "tot_waypoints": 9}}
{"target": -1753.1975824457766, "params": {"k_pid_pos": [1.6203022768980826, 0.06681891267873763, 0.5374545101912236], "k_pid_alt": [1.8467889235776584, 0.0, 0.9128610184476774], "k_pid_att": [39.447728079683905, 8.266025343052613, 0.8702719089110332], "k_pid_yaw": [0.5, 1e-06, 0.1], "k_pid_hsp": [0.09847755819799779, 0.011264223901387349, 0.5262079644990163], "k_pid_vsp": [264.9966777379314, 204.84203769155826, 10.0]}, "datetime": {"datetime": "2025-08-13 18:46:25", "elapsed": 32313.569865465164, "delta": 28.474074602127075}, "costs": {"total_cost": 1753.1975824457766, "time_cost": 150, "final_distance_cost": 81.9859398002754, "oscillation_cost": 671.0289908130841, "completition_cost": 666.6666666666667, "overshoot_cost": 117.57043244752427, "power_cost": 36.38665010986328, "noise_cost": 29.558902608362775, "n_waypoints_completed": 3, "tot_waypoints": 9}}
{"target": -206.91622735453674, "params": {"k_pid_pos": [1.4340672435785011, 0.49631364484586815, 0.6441154478304989], "k_pid_alt": [1.477768752937916, 0.0, 0.9221190142294241], "k_pid_att": [81.50781704084231, 5.859554809351448, 0.7742097595242466], "k_pid_yaw": [0.5, 1e-06, 0.1], "k_pid_hsp": [0.09847755819799779, 0.011264223901387349, 0.0], "k_pid_vsp": [264.9966777379314, 204.84203769155826, 13.269141705997619]}, "datetime": {"datetime": "2025-08-13 18:46:45", "elapsed": 32333.1654920578, "delta": 19.59562659263611}, "costs": {"total_cost": 206.91622735453674, "time_cost": 80.108, "final_distance_cost": 1.7961826090302047, "oscillation_cost": 30.538992863108728, "completition_cost": 0.0, "overshoot_cost": 52.22741919409938, "power_cost": 21.625881201171875, "noise_cost": 20.619751487126532, "n_waypoints_completed": 9, "tot_waypoints": 9}}
{"target": -212.44636541189297, "params": {"k_pid_pos": [1.6203022768980826, 0.06681891267873763, 0.9451257094832697], "k_pid_alt": [1.4458679973838424, 0.0, 0.3146878632891922], "k_pid_att": [60.00379468331496, 5.67849514865483, 0.1370435391320406], "k_pid_yaw": [0.5, 1e-06, 0.1], "k_pid_hsp": [2.531864141693585, 0.417369258229189, 0.0], "k_pid_vsp": [251.5004449007475, 59.083466427248936, 10.0]}, "datetime": {"datetime": "2025-08-13 18:47:02", "elapsed": 32350.446182727814, "delta": 17.280690670013428}, "costs": {"total_cost": 212.44636541189297, "time_cost": 71.20400000000001, "final_distance_cost": 1.8424997211147032, "oscillation_cost": 49.517148375032775, "completition_cost": 0.0, "overshoot_cost": 50.781168512188, "power_cost": 19.190992932128907, "noise_cost": 19.910555871428567, "n_waypoints_completed": 9, "tot_waypoints": 9}}
{"target": -183.4538885820441, "params": {"k_pid_pos": [1.733835489643198, 0.024859491386256316, 0.9451257094832697], "k_pid_alt": [1.4458679973838424, 0.0, 0.3146878632891922], "k_pid_att": [29.46763110571006, 3.8677381495188174, 0.6559199499296157], "k_pid_yaw": [0.5, 1e-06, 0.1], "k_pid_hsp": [0.09847755819799779, 0.011264223901387349, 0.0], "k_pid_vsp": [251.5004449007475, 59.083466427248936, 10.0]}, "datetime": {"datetime": "2025-08-13 18:47:18", "elapsed": 32366.936923980713, "delta": 16.49074125289917}, "costs": {"total_cost": 183.4538885820441, "time_cost": 70.231, "final_distance_cost": 1.83321242854287, "oscillation_cost": 28.445609606044474, "completition_cost": 0.0, "overshoot_cost": 51.247425983560206, "power_cost": 13.940713928222657, "noise_cost": 17.755926635673884, "n_waypoints_completed": 9, "tot_waypoints": 9}}
{"target": -707.0635555314527, "params": {"k_pid_pos": [1.4340672435785011, 0.024859491386256316, 0.8519347702918288], "k_pid_alt": [1.477768752937916, 0.0, 0.6600607021214705], "k_pid_att": [33.84276094051554, 0.18205753750414305, 0.73590781336997], "k_pid_yaw": [0.5, 1e-06, 0.1], "k_pid_hsp": [0.09847755819799779, 0.7719239526128563, 0.0], "k_pid_vsp": [33.09370770872002, 348.21429157554047, 10.0]}, "datetime": {"datetime": "2025-08-13 18:47:48", "elapsed": 32396.86328816414, "delta": 29.926364183425903}, "costs": {"total_cost": 707.0635555314527, "time_cost": 150, "final_distance_cost": 62.232034270729095, "oscillation_cost": 143.7074621477839, "completition_cost": 222.2222222222222, "overshoot_cost": 60.407078238009916, "power_cost": 34.32220601806641, "noise_cost": 34.172552634641185, "n_waypoints_completed": 7, "tot_waypoints": 9}}
{"target": -200.52597589313882, "params": {"k_pid_pos": [1.4340672435785011, 0.6574188452491182, 0.8544707697037623], "k_pid_alt": [1.4458679973838424, 0.0, 0.6600607021214705], "k_pid_att": [39.447728079683905, 1.2832267695489696, 0.6559199499296157], "k_pid_yaw": [0.5, 1e-06, 0.1], "k_pid_hsp": [0.09847755819799779, 0.011264223901387349, 0.0], "k_pid_vsp": [264.9966777379314, 204.84203769155826, 10.0]}, "datetime": {"datetime": "2025-08-13 18:48:08", "elapsed": 32416.19654417038, "delta": 19.333256006240845}, "costs": {"total_cost": 200.52597589313882, "time_cost": 79.093, "final_distance_cost": 1.798879796199822, "oscillation_cost": 29.4682756409856, "completition_cost": 0.0, "overshoot_cost": 52.169764763812736, "power_cost": 17.57819696044922, "noise_cost": 20.41785873169143, "n_waypoints_completed": 9, "tot_waypoints": 9}}
{"target": -233.62565546216675, "params": {"k_pid_pos": [1.4340672435785011, 0.024859491386256316, 0.8544707697037623], "k_pid_alt": [1.4458679973838424, 0.0, 0.6600607021214705], "k_pid_att": [39.447728079683905, 7.421248308295844, 0.6718005340770477], "k_pid_yaw": [0.5, 1e-06, 0.1], "k_pid_hsp": [0.09847755819799779, 0.18838112831262277, 0.0], "k_pid_vsp": [33.09370770872002, 93.09285943774285, 10.0]}, "datetime": {"datetime": "2025-08-13 18:48:27", "elapsed": 32435.80478811264, "delta": 19.608243942260742}, "costs": {"total_cost": 233.62565546216675, "time_cost": 77.875, "final_distance_cost": 1.8425724277067705, "oscillation_cost": 64.11799063078516, "completition_cost": 0.0, "overshoot_cost": 51.433550457083314, "power_cost": 16.539568115234374, "noise_cost": 21.816973831357156, "n_waypoints_completed": 9, "tot_waypoints": 9}}
