{"target": -195.09870719597686, "params": {"k_pid_pos": [1.4340672435785011, 0.024859491386256316, 0.8519347702918288], "k_pid_alt": [1.4458679973838424, 0.0, 0.6600607021214705], "k_pid_att": [39.447728079683905, 3.8677381495188174, 0.6559199499296157], "k_pid_yaw": [0.5, 1e-06, 0.1], "k_pid_hsp": [0.09847755819799779, 0.011264223901387349, 0.0], "k_pid_vsp": [277.2708477836043, 93.09285943774285, 10.0]}, "datetime": {"datetime": "2025-08-13 17:06:06", "elapsed": 26294.59916996956, "delta": 17.629292488098145}, "costs": {"total_cost": 195.09870719597686, "time_cost": 72.471, "final_distance_cost": 1.8348487195042649, "oscillation_cost": 26.745419200064504, "completition_cost": 0.0, "overshoot_cost": 51.887445850059116, "power_cost": 21.38225167236328, "noise_cost": 20.77774175398567, "n_waypoints_completed": 9, "tot_waypoints": 9}}
{"target": -190.3797484773816, "params": {"k_pid_pos": [1.4340672435785011, 0.024859491386256316, 0.8519347702918288], "k_pid_alt": [1.4458679973838424, 0.0, 0.3533802069130071], "k_pid_att": [39.447728079683905, 3.8677381495188174, 0.6559199499296157], "k_pid_yaw": [0.5, 1e-06, 0.1], "k_pid_hsp": [0.09847755819799779, 0.011264223901387349, 0.0], "k_pid_vsp": [277.2708477836043, 93.09285943774285, 10.0]}, "datetime": {"datetime": "2025-08-13 17:06:23", "elapsed": 26311.545933246613, "delta": 16.946763277053833}, "costs": {"total_cost": 190.3797484773816, "time_cost": 70.959, "final_distance_cost": 1.841202565463917, "oscillation_cost": 27.081926466695855, "completition_cost": 0.0, "overshoot_cost": 51.54904503139853, "power_cost": 19.152535388183594, "noise_cost": 19.796039025639715, "n_waypoints_completed": 9, "tot_waypoints": 9}}
{"target": -187.78399528470896, "params": {"k_pid_pos": [1.6203022768980826, 0.024859491386256316, 0.8519347702918288], "k_pid_alt": [1.4458679973838424, 0.0, 0.3146878632891922], "k_pid_att": [43.948176657889235, 0.18205753750414305, 0.34464953207076743], "k_pid_yaw": [0.5, 1e-06, 0.1], "k_pid_hsp": [0.09847755819799779, 0.011264223901387349, 0.0], "k_pid_vsp": [376.5747392387296, 93.09285943774285, 10.0]}, "datetime": {"datetime": "2025-08-13 17:06:40", "elapsed": 26328.734825372696, "delta": 17.188892126083374}, "costs": {"total_cost": 187.78399528470896, "time_cost": 70.462, "final_distance_cost": 1.8302484445506941, "oscillation_cost": 27.954013120991473, "completition_cost": 0.0, "overshoot_cost": 50.85658464005454, "power_cost": 17.992832482910156, "noise_cost": 18.688316596202107, "n_waypoints_completed": 9, "tot_waypoints": 9}}
{"target": -184.35725046015313, "params": {"k_pid_pos": [1.733835489643198, 0.024859491386256316, 0.8519347702918288], "k_pid_alt": [1.4458679973838424, 0.0, 0.3146878632891922], "k_pid_att": [71.45838630927439, 0.18205753750414305, 0.9456905697425194], "k_pid_yaw": [0.5, 1e-06, 0.1], "k_pid_hsp": [0.09847755819799779, 0.011264223901387349, 0.0], "k_pid_vsp": [277.2708477836043, 50.87373020527707, 10.0]}, "datetime": {"datetime": "2025-08-13 17:06:57", "elapsed": 26345.84956407547, "delta": 17.114738702774048}, "costs": {"total_cost": 184.35725046015313, "time_cost": 70.476, "final_distance_cost": 1.8285971802180572, "oscillation_cost": 29.616759407656847, "completition_cost": 0.0, "overshoot_cost": 51.17767045261688, "power_cost": 12.994587280273437, "noise_cost": 18.26363613938793, "n_waypoints_completed": 9, "tot_waypoints": 9}}
{"target": -186.38839838296164, "params": {"k_pid_pos": [1.733835489643198, 0.024859491386256316, 0.8519347702918288], "k_pid_alt": [1.4458679973838424, 0.0, 0.3146878632891922], "k_pid_att": [43.948176657889235, 0.18205753750414305, 0.34464953207076743], "k_pid_yaw": [0.5, 1e-06, 0.1], "k_pid_hsp": [0.09847755819799779, 0.011264223901387349, 0.0], "k_pid_vsp": [376.5747392387296, 93.09285943774285, 10.0]}, "datetime": {"datetime": "2025-08-13 17:07:14", "elapsed": 26362.475771665573, "delta": 16.62620759010315}, "costs": {"total_cost": 186.38839838296164, "time_cost": 70.308, "final_distance_cost": 1.8142259852251745, "oscillation_cost": 28.467160602111644, "completition_cost": 0.0, "overshoot_cost": 51.22826483787285, "power_cost": 16.906039257812502, "noise_cost": 17.664707699939466, "n_waypoints_completed": 9, "tot_waypoints": 9}}
{"target": -1441.6079903208954, "params": {"k_pid_pos": [1.733835489643198, 0.024859491386256316, 0.8519347702918288], "k_pid_alt": [1.4458679973838424, 0.0, 0.3146878632891922], "k_pid_att": [43.948176657889235, 0.18205753750414305, 0.6331997646149408], "k_pid_yaw": [0.5, 1e-06, 0.1], "k_pid_hsp": [0.09847755819799779, 0.011264223901387349, 0.0], "k_pid_vsp": [277.2708477836043, 298.73657637713535, 296.34227500557057]}, "datetime": {"datetime": "2025-08-13 17:07:43", "elapsed": 26391.405308008194, "delta": 28.92953634262085}, "costs": {"total_cost": 1441.6079903208954, "time_cost": 150, "final_distance_cost": 1.0008878114216335, "oscillation_cost": 4.117380991135025, "completition_cost": 1000.0, "overshoot_cost": 158.8653824437972, "power_cost": 29.630017224121094, "noise_cost": 97.99432185042033, "n_waypoints_completed": 0, "tot_waypoints": 9}}
{"target": -184.96694408321977, "params": {"k_pid_pos": [1.4340672435785011, 0.019460639298323645, 0.8519347702918288], "k_pid_alt": [1.4458679973838424, 0.5825635189933015, 0.3146878632891922], "k_pid_att": [43.948176657889235, 0.18205753750414305, 0.9125065750547853], "k_pid_yaw": [0.5, 1e-06, 0.1], "k_pid_hsp": [0.09847755819799779, 0.011264223901387349, 0.0], "k_pid_vsp": [243.1792825771628, 328.58176268426536, 10.0]}, "datetime": {"datetime": "2025-08-13 17:08:00", "elapsed": 26408.480911254883, "delta": 17.075603246688843}, "costs": {"total_cost": 184.96694408321977, "time_cost": 73.066, "final_distance_cost": 1.792778034307901, "oscillation_cost": 27.88752929093471, "completition_cost": 0.0, "overshoot_cost": 51.356318211655584, "power_cost": 12.45632039794922, "noise_cost": 18.40799814837238, "n_waypoints_completed": 9, "tot_waypoints": 9}}
{"target": -915.4780753977564, "params": {"k_pid_pos": [1.4531304595830021, 0.024859491386256316, 0.44963268842268056], "k_pid_alt": [1.4458679973838424, 0.9503295681368317, 0.3146878632891922], "k_pid_att": [43.948176657889235, 0.18205753750414305, 0.34464953207076743], "k_pid_yaw": [0.5, 1e-06, 0.1], "k_pid_hsp": [0.09847755819799779, 0.700413119967275, 0.0], "k_pid_vsp": [277.2708477836043, 197.31441805153213, 10.0]}, "datetime": {"datetime": "2025-08-13 17:08:30", "elapsed": 26438.17000722885, "delta": 29.689095973968506}, "costs": {"total_cost": 915.4780753977564, "time_cost": 150, "final_distance_cost": 48.7212571281129, "oscillation_cost": 124.56485205208311, "completition_cost": 444.4444444444444, "overshoot_cost": 70.17121154570218, "power_cost": 40.24857036132813, "noise_cost": 37.32773986608573, "n_waypoints_completed": 5, "tot_waypoints": 9}}
{"target": -220.62077730343714, "params": {"k_pid_pos": [1.646111256876908, 0.4336784869242679, 0.8881971977301835], "k_pid_alt": [1.102349020346133, 0.778218683794181, 0.46972286414476394], "k_pid_att": [43.948176657889235, 0.18205753750414305, 0.9125065750547853], "k_pid_yaw": [0.5, 1e-06, 0.1], "k_pid_hsp": [0.09847755819799779, 0.011264223901387349, 0.0], "k_pid_vsp": [376.5747392387296, 93.09285943774285, 10.0]}, "datetime": {"datetime": "2025-08-13 17:08:51", "elapsed": 26459.581528186798, "delta": 21.411520957946777}, "costs": {"total_cost": 220.62077730343714, "time_cost": 88.039, "final_distance_cost": 1.7908436411592057, "oscillation_cost": 31.751622172590135, "completition_cost": 0.0, "overshoot_cost": 54.83915520549975, "power_cost": 22.107134802246094, "noise_cost": 22.093021481941957, "n_waypoints_completed": 9, "tot_waypoints": 9}}
{"target": -183.13143860489788, "params": {"k_pid_pos": [1.4340672435785011, 0.024859491386256316, 0.8519347702918288], "k_pid_alt": [1.4458679973838424, 0.0, 0.6600607021214705], "k_pid_att": [39.447728079683905, 3.8677381495188174, 0.6559199499296157], "k_pid_yaw": [0.5, 1e-06, 0.1], "k_pid_hsp": [0.09847755819799779, 0.011264223901387349, 0.0], "k_pid_vsp": [251.5004449007475, 93.09285943774285, 10.0]}, "datetime": {"datetime": "2025-08-13 17:09:08", "elapsed": 26477.002529144287, "delta": 17.421000957489014}, "costs": {"total_cost": 183.13143860489788, "time_cost": 71.505, "final_distance_cost": 1.8401057156241212, "oscillation_cost": 27.362489545202006, "completition_cost": 0.0, "overshoot_cost": 50.7061176610687, "power_cost": 13.854329956054688, "noise_cost": 17.863395726948347, "n_waypoints_completed": 9, "tot_waypoints": 9}}
{"target": -185.08961389378598, "params": {"k_pid_pos": [1.6203022768980826, 0.024859491386256316, 0.8519347702918288], "k_pid_alt": [1.4458679973838424, 0.0, 0.3146878632891922], "k_pid_att": [43.948176657889235, 0.18205753750414305, 0.34464953207076743], "k_pid_yaw": [0.5, 1e-06, 0.1], "k_pid_hsp": [0.09847755819799779, 0.011264223901387349, 0.0], "k_pid_vsp": [376.5747392387296, 93.09285943774285, 10.0]}, "datetime": {"datetime": "2025-08-13 17:09:25", "elapsed": 26493.499774456024, "delta": 16.49724531173706}, "costs": {"total_cost": 185.08961389378598, "time_cost": 70.35000000000001, "final_distance_cost": 1.8311117631188727, "oscillation_cost": 28.27502896466357, "completition_cost": 0.0, "overshoot_cost": 51.22920071159439, "power_cost": 15.56332645263672, "noise_cost": 17.840946001772426, "n_waypoints_completed": 9, "tot_waypoints": 9}}
{"target": -202.26999386641447, "params": {"k_pid_pos": [1.733835489643198, 0.024859491386256316, 0.8519347702918288], "k_pid_alt": [1.4458679973838424, 0.0, 0.3146878632891922], "k_pid_att": [43.948176657889235, 0.18205753750414305, 0.9125065750547853], "k_pid_yaw": [0.5, 1e-06, 0.1], "k_pid_hsp": [2.996149354500177, 0.011264223901387349, 0.0], "k_pid_vsp": [243.1792825771628, 93.09285943774285, 10.0]}, "datetime": {"datetime": "2025-08-13 17:09:43", "elapsed": 26511.261749744415, "delta": 17.761975288391113}, "costs": {"total_cost": 202.26999386641447, "time_cost": 71.46300000000001, "final_distance_cost": 1.8513249379392749, "oscillation_cost": 34.99351591239519, "completition_cost": 0.0, "overshoot_cost": 51.62935851294684, "power_cost": 21.03419501953125, "noise_cost": 21.298599483601922, "n_waypoints_completed": 9, "tot_waypoints": 9}}
{"target": -205.8634489676918, "params": {"k_pid_pos": [1.5233419604839473, 0.5303319676020144, 0.5792642345702999], "k_pid_alt": [1.4458679973838424, 0.8453038121781166, 0.3146878632891922], "k_pid_att": [43.948176657889235, 0.18205753750414305, 0.5315175384971502], "k_pid_yaw": [0.5, 1e-06, 0.1], "k_pid_hsp": [0.09847755819799779, 0.011264223901387349, 0.0], "k_pid_vsp": [376.5747392387296, 93.09285943774285, 10.0]}, "datetime": {"datetime": "2025-08-13 17:10:02", "elapsed": 26530.562712430954, "delta": 19.300962686538696}, "costs": {"total_cost": 205.8634489676918, "time_cost": 78.883, "final_distance_cost": 1.7705438810011869, "oscillation_cost": 32.81075925883316, "completition_cost": 0.0, "overshoot_cost": 53.57072132157645, "power_cost": 19.61756553955078, "noise_cost": 19.210858966730235, "n_waypoints_completed": 9, "tot_waypoints": 9}}
{"target": -207.6188439068446, "params": {"k_pid_pos": [1.646111256876908, 0.4336784869242679, 0.8881971977301835], "k_pid_alt": [1.4458679973838424, 0.9503295681368317, 0.3146878632891922], "k_pid_att": [43.948176657889235, 0.18205753750414305, 0.34464953207076743], "k_pid_yaw": [0.5, 1e-06, 0.1], "k_pid_hsp": [0.09847755819799779, 0.011264223901387349, 0.0], "k_pid_vsp": [376.5747392387296, 93.09285943774285, 10.0]}, "datetime": {"datetime": "2025-08-13 17:10:22", "elapsed": 26550.349981307983, "delta": 19.78726887702942}, "costs": {"total_cost": 207.6188439068446, "time_cost": 83.188, "final_distance_cost": 1.7284130799155226, "oscillation_cost": 31.656549027495085, "completition_cost": 0.0, "overshoot_cost": 54.04023485984559, "power_cost": 17.254979492187502, "noise_cost": 19.750667447400904, "n_waypoints_completed": 9, "tot_waypoints": 9}}
{"target": -192.13751152271854, "params": {"k_pid_pos": [1.733835489643198, 0.024859491386256316, 0.8519347702918288], "k_pid_alt": [0.9138724434078689, 0.0, 0.3146878632891922], "k_pid_att": [40.6020781270096, 0.18205753750414305, 0.34464953207076743], "k_pid_yaw": [0.5, 1e-06, 0.1], "k_pid_hsp": [0.09847755819799779, 0.011264223901387349, 0.0], "k_pid_vsp": [36.465762321119, 197.31441805153213, 10.0]}, "datetime": {"datetime": "2025-08-13 17:10:41", "elapsed": 26569.298615932465, "delta": 18.9486346244812}, "costs": {"total_cost": 192.13751152271854, "time_cost": 72.436, "final_distance_cost": 1.825048558065472, "oscillation_cost": 30.89823372091161, "completition_cost": 0.0, "overshoot_cost": 50.79455747148905, "power_cost": 17.905643298339843, "noise_cost": 18.278028473912574, "n_waypoints_completed": 9, "tot_waypoints": 9}}
{"target": -199.56051661192015, "params": {"k_pid_pos": [1.733835489643198, 0.024859491386256316, 0.711129639736074], "k_pid_alt": [1.4458679973838424, 0.0, 0.5397139061386238], "k_pid_att": [39.447728079683905, 3.8677381495188174, 0.6559199499296157], "k_pid_yaw": [0.5, 1e-06, 0.1], "k_pid_hsp": [3.7446071307262585, 0.011264223901387349, 0.0], "k_pid_vsp": [277.2708477836043, 93.09285943774285, 10.0]}, "datetime": {"datetime": "2025-08-13 17:10:58", "elapsed": 26586.617879152298, "delta": 17.319263219833374}, "costs": {"total_cost": 199.56051661192015, "time_cost": 70.714, "final_distance_cost": 1.848726140651688, "oscillation_cost": 36.29942157604859, "completition_cost": 0.0, "overshoot_cost": 50.579336193146986, "power_cost": 19.93347939453125, "noise_cost": 20.18555330754166, "n_waypoints_completed": 9, "tot_waypoints": 9}}
{"target": -196.45151476297616, "params": {"k_pid_pos": [1.4340672435785011, 0.024859491386256316, 0.07146856680054658], "k_pid_alt": [1.4458679973838424, 0.0, 0.3146878632891922], "k_pid_att": [43.948176657889235, 0.18205753750414305, 0.34464953207076743], "k_pid_yaw": [0.5, 1e-06, 0.1], "k_pid_hsp": [3.8015553682621426, 0.011264223901387349, 0.0], "k_pid_vsp": [376.5747392387296, 93.09285943774285, 10.0]}, "datetime": {"datetime": "2025-08-13 17:11:14", "elapsed": 26603.06716299057, "delta": 16.449283838272095}, "costs": {"total_cost": 196.45151476297616, "time_cost": 69.349, "final_distance_cost": 1.8127311225067653, "oscillation_cost": 40.091709782883285, "completition_cost": 0.0, "overshoot_cost": 50.45791924211246, "power_cost": 16.656819067382813, "noise_cost": 18.083335548090812, "n_waypoints_completed": 9, "tot_waypoints": 9}}
{"target": -1745.581713652964, "params": {"k_pid_pos": [1.4531304595830021, 0.024859491386256316, 0.44963268842268056], "k_pid_alt": [1.102349020346133, 0.0, 0.46972286414476394], "k_pid_att": [43.948176657889235, 0.18205753750414305, 0.9125065750547853], "k_pid_yaw": [0.5, 1e-06, 0.1], "k_pid_hsp": [0.09847755819799779, 0.011264223901387349, 0.6286101069088057], "k_pid_vsp": [376.5747392387296, 93.09285943774285, 10.0]}, "datetime": {"datetime": "2025-08-13 17:11:44", "elapsed": 26632.238481760025, "delta": 29.171318769454956}, "costs": {"total_cost": 1745.581713652964, "time_cost": 150, "final_distance_cost": 84.34727278779688, "oscillation_cost": 712.3306571494239, "completition_cost": 666.6666666666667, "overshoot_cost": 73.83740730431553, "power_cost": 30.059315441894533, "noise_cost": 28.340394302866283, "n_waypoints_completed": 3, "tot_waypoints": 9}}
{"target": -187.34689369617024, "params": {"k_pid_pos": [1.6203022768980826, 0.024859491386256316, 0.8519347702918288], "k_pid_alt": [1.4458679973838424, 0.0, 0.3146878632891922], "k_pid_att": [43.948176657889235, 0.18205753750414305, 0.34464953207076743], "k_pid_yaw": [0.5, 1e-06, 0.1], "k_pid_hsp": [0.09847755819799779, 0.011264223901387349, 0.0], "k_pid_vsp": [376.5747392387296, 93.09285943774285, 10.0]}, "datetime": {"datetime": "2025-08-13 17:12:01", "elapsed": 26649.2546582222, "delta": 17.016176462173462}, "costs": {"total_cost": 187.34689369617024, "time_cost": 70.399, "final_distance_cost": 1.8242146242751942, "oscillation_cost": 28.11888287848544, "completition_cost": 0.0, "overshoot_cost": 51.372297958556565, "power_cost": 17.41623758544922, "noise_cost": 18.216260649403832, "n_waypoints_completed": 9, "tot_waypoints": 9}}
{"target": -1862.6936193459997, "params": {"k_pid_pos": [0.9203224573796739, 0.024859491386256316, 0.9667438846137733], "k_pid_alt": [1.6586884955541554, 0.0, 0.3146878632891922], "k_pid_att": [43.948176657889235, 0.18205753750414305, 0.34464953207076743], "k_pid_yaw": [0.5, 1e-06, 0.1], "k_pid_hsp": [0.09847755819799779, 0.011264223901387349, 0.21244868230030445], "k_pid_vsp": [277.2708477836043, 50.87373020527707, 10.0]}, "datetime": {"datetime": "2025-08-13 17:12:29", "elapsed": 26677.96466088295, "delta": 28.710002660751343}, "costs": {"total_cost": 1862.6936193459997, "time_cost": 150, "final_distance_cost": 86.56772954226787, "oscillation_cost": 788.1237117713316, "completition_cost": 666.6666666666667, "overshoot_cost": 113.76165081344826, "power_cost": 28.79676657714844, "noise_cost": 28.777093975136815, "n_waypoints_completed": 3, "tot_waypoints": 9}}
{"target": -188.58637463955532, "params": {"k_pid_pos": [1.733835489643198, 0.024859491386256316, 0.8519347702918288], "k_pid_alt": [1.4458679973838424, 0.0, 0.43711858061891895], "k_pid_att": [71.45838630927439, 0.18205753750414305, 0.9456905697425194], "k_pid_yaw": [0.5, 1e-06, 0.1], "k_pid_hsp": [0.09847755819799779, 0.011264223901387349, 0.0], "k_pid_vsp": [110.56511661686339, 93.09285943774285, 10.0]}, "datetime": {"datetime": "2025-08-13 17:12:46", "elapsed": 26694.555260658264, "delta": 16.59059977531433}, "costs": {"total_cost": 188.58637463955532, "time_cost": 70.21000000000001, "final_distance_cost": 1.836094681827791, "oscillation_cost": 28.39811546913403, "completition_cost": 0.0, "overshoot_cost": 50.82952970562467, "power_cost": 18.64033134765625, "noise_cost": 18.67230343531255, "n_waypoints_completed": 9, "tot_waypoints": 9}}
{"target": -195.26403605429007, "params": {"k_pid_pos": [1.4340672435785011, 0.5303319676020144, 0.8092599635047751], "k_pid_alt": [1.7187705538853828, 0.0, 0.6600607021214705], "k_pid_att": [39.447728079683905, 3.8677381495188174, 0.6559199499296157], "k_pid_yaw": [0.5, 1e-06, 0.1], "k_pid_hsp": [0.09847755819799779, 0.011264223901387349, 0.0], "k_pid_vsp": [277.2708477836043, 93.09285943774285, 10.0]}, "datetime": {"datetime": "2025-08-13 17:13:05", "elapsed": 26713.358084201813, "delta": 18.802823543548584}, "costs": {"total_cost": 195.26403605429007, "time_cost": 77.987, "final_distance_cost": 1.804095974300474, "oscillation_cost": 28.89145995670379, "completition_cost": 0.0, "overshoot_cost": 51.87015773499522, "power_cost": 15.065325573730469, "noise_cost": 19.645996814560124, "n_waypoints_completed": 9, "tot_waypoints": 9}}
{"target": -714.3687601759974, "params": {"k_pid_pos": [1.4340672435785011, 0.024859491386256316, 0.8519347702918288], "k_pid_alt": [0.5534725048841671, 0.0, 0.3533802069130071], "k_pid_att": [20.797377378682224, 3.8677381495188174, 0.6559199499296157], "k_pid_yaw": [0.5, 1e-06, 0.1], "k_pid_hsp": [0.09847755819799779, 0.637878996824556, 0.0], "k_pid_vsp": [277.2708477836043, 93.09285943774285, 10.0]}, "datetime": {"datetime": "2025-08-13 17:13:34", "elapsed": 26742.835998535156, "delta": 29.477914333343506}, "costs": {"total_cost": 714.3687601759974, "time_cost": 150, "final_distance_cost": 72.19725189249104, "oscillation_cost": 138.67371023469315, "completition_cost": 222.2222222222222, "overshoot_cost": 62.16393547829767, "power_cost": 34.31275489501953, "noise_cost": 34.79888545327386, "n_waypoints_completed": 7, "tot_waypoints": 9}}
{"target": -198.59498785470316, "params": {"k_pid_pos": [1.4340672435785011, 0.5303319676020144, 0.9239049236577108], "k_pid_alt": [1.7187705538853828, 0.0, 0.6600607021214705], "k_pid_att": [39.447728079683905, 3.8677381495188174, 0.06670604035978966], "k_pid_yaw": [0.5, 1e-06, 0.1], "k_pid_hsp": [0.09847755819799779, 0.011264223901387349, 0.0], "k_pid_vsp": [277.2708477836043, 93.09285943774285, 10.0]}, "datetime": {"datetime": "2025-08-13 17:13:54", "elapsed": 26762.80279994011, "delta": 19.966801404953003}, "costs": {"total_cost": 198.59498785470316, "time_cost": 78.498, "final_distance_cost": 1.7643890425869277, "oscillation_cost": 30.96101243973589, "completition_cost": 0.0, "overshoot_cost": 51.943409317446466, "power_cost": 15.149312805175782, "noise_cost": 20.278864249758097, "n_waypoints_completed": 9, "tot_waypoints": 9}}
{"target": -693.8954046621965, "params": {"k_pid_pos": [1.4340672435785011, 0.024859491386256316, 0.8519347702918288], "k_pid_alt": [1.4458679973838424, 0.0, 0.3533802069130071], "k_pid_att": [39.447728079683905, 3.8677381495188174, 0.6559199499296157], "k_pid_yaw": [0.5, 1e-06, 0.1], "k_pid_hsp": [0.09847755819799779, 0.011264223901387349, 0.0], "k_pid_vsp": [277.2708477836043, 93.09285943774285, 217.31562979670235]}, "datetime": {"datetime": "2025-08-13 17:14:23", "elapsed": 26791.552425146103, "delta": 28.749625205993652}, "costs": {"total_cost": 693.8954046621965, "time_cost": 150, "final_distance_cost": 58.039195604723325, "oscillation_cost": 21.262555364340177, "completition_cost": 333.33333333333337, "overshoot_cost": 79.43091454103795, "power_cost": 27.394141943359376, "noise_cost": 24.435263875402214, "n_waypoints_completed": 6, "tot_waypoints": 9}}
