{"target": -185.4247600723423, "params": {"k_pid_pos": [1.4340672435785011, 0.024859491386256316, 0.44963268842268056], "k_pid_alt": [1.296896341175293, 0.0, 0.16072894317769304], "k_pid_att": [58.45879911684221, 3.8677381495188174, 0.1845336041603497], "k_pid_yaw": [0.5, 1e-06, 0.1], "k_pid_hsp": [0.09847755819799779, 0.011264223901387349, 0.0], "k_pid_vsp": [194.7624155113164, 156.73508457218338, 10.0]}, "datetime": {"datetime": "2025-08-13 14:34:40", "elapsed": 17208.20140028, "delta": 18.175618648529053}, "costs": {"total_cost": 185.4247600723423, "time_cost": 69.902, "final_distance_cost": 1.819590080193246, "oscillation_cost": 30.401914090141236, "completition_cost": 0.0, "overshoot_cost": 50.25478320908921, "power_cost": 14.566821972656252, "noise_cost": 18.479650720262374, "n_waypoints_completed": 9, "tot_waypoints": 9}}
{"target": -187.57689719540687, "params": {"k_pid_pos": [1.4340672435785011, 0.024859491386256316, 0.8519347702918288], "k_pid_alt": [1.4458679973838424, 0.0, 0.3146878632891922], "k_pid_att": [43.948176657889235, 3.8677381495188174, 0.837110513405392], "k_pid_yaw": [0.5, 1e-06, 0.1], "k_pid_hsp": [0.09847755819799779, 0.011264223901387349, 0.0], "k_pid_vsp": [17.18305095025783, 93.09285943774285, 10.0]}, "datetime": {"datetime": "2025-08-13 14:34:57", "elapsed": 17225.96391940117, "delta": 17.762519121170044}, "costs": {"total_cost": 187.57689719540687, "time_cost": 70.651, "final_distance_cost": 1.8401974035661186, "oscillation_cost": 27.40698837934792, "completition_cost": 0.0, "overshoot_cost": 50.730475112638224, "power_cost": 17.824050756835938, "noise_cost": 19.124185543018694, "n_waypoints_completed": 9, "tot_waypoints": 9}}
{"target": -222.44449782310866, "params": {"k_pid_pos": [1.0031316701085804, 0.024859491386256316, 0.44963268842268056], "k_pid_alt": [1.4458679973838424, 0.29163435653851655, 0.13294310327404035], "k_pid_att": [39.447728079683905, 3.9650988168623, 0.8257697299075593], "k_pid_yaw": [0.5, 1e-06, 0.1], "k_pid_hsp": [0.09847755819799779, 0.011264223901387349, 0.0], "k_pid_vsp": [41.64647012461127, 93.09285943774285, 10.0]}, "datetime": {"datetime": "2025-08-13 14:35:20", "elapsed": 17248.954609155655, "delta": 22.990689754486084}, "costs": {"total_cost": 222.44449782310866, "time_cost": 88.158, "final_distance_cost": 1.771305911868351, "oscillation_cost": 27.497612405915653, "completition_cost": 0.0, "overshoot_cost": 53.7525515237376, "power_cost": 26.54277048339844, "noise_cost": 24.7222574981886, "n_waypoints_completed": 9, "tot_waypoints": 9}}
{"target": -1734.4925063463465, "params": {"k_pid_pos": [1.6189603226539637, 0.024859491386256316, 0.44963268842268056], "k_pid_alt": [1.4458679973838424, 0.0, 0.13294310327404035], "k_pid_att": [39.447728079683905, 3.9650988168623, 0.8257697299075593], "k_pid_yaw": [0.5, 1e-06, 0.1], "k_pid_hsp": [0.09847755819799779, 0.011264223901387349, 0.5270159168277156], "k_pid_vsp": [17.18305095025783, 93.09285943774285, 10.0]}, "datetime": {"datetime": "2025-08-13 14:35:51", "elapsed": 17279.770797014236, "delta": 30.816187858581543}, "costs": {"total_cost": 1734.4925063463465, "time_cost": 150, "final_distance_cost": 88.09804588729311, "oscillation_cost": 672.5837697929522, "completition_cost": 666.6666666666667, "overshoot_cost": 91.02516432249584, "power_cost": 36.027566528320314, "noise_cost": 30.09129314861842, "n_waypoints_completed": 3, "tot_waypoints": 9}}
{"target": -180.45650815948898, "params": {"k_pid_pos": [1.4340672435785011, 0.024859491386256316, 0.8519347702918288], "k_pid_alt": [1.4458679973838424, 0.0, 0.3146878632891922], "k_pid_att": [43.948176657889235, 3.8677381495188174, 0.837110513405392], "k_pid_yaw": [0.5, 1e-06, 0.1], "k_pid_hsp": [0.09847755819799779, 0.011264223901387349, 0.0], "k_pid_vsp": [17.18305095025783, 93.09285943774285, 10.0]}, "datetime": {"datetime": "2025-08-13 14:36:09", "elapsed": 17297.415286540985, "delta": 17.644489526748657}, "costs": {"total_cost": 180.45650815948898, "time_cost": 70.245, "final_distance_cost": 1.8378025782590584, "oscillation_cost": 28.324611352307116, "completition_cost": 0.0, "overshoot_cost": 50.42462323615982, "power_cost": 10.840761474609376, "noise_cost": 18.783709518153607, "n_waypoints_completed": 9, "tot_waypoints": 9}}
{"target": -196.52673457816772, "params": {"k_pid_pos": [1.0031316701085804, 0.024859491386256316, 0.44963268842268056], "k_pid_alt": [1.4458679973838424, 0.0, 0.13294310327404035], "k_pid_att": [39.447728079683905, 3.9650988168623, 0.8257697299075593], "k_pid_yaw": [0.5, 1e-06, 0.1], "k_pid_hsp": [0.09847755819799779, 0.011264223901387349, 0.0], "k_pid_vsp": [17.18305095025783, 93.09285943774285, 10.0]}, "datetime": {"datetime": "2025-08-13 14:36:27", "elapsed": 17315.62402009964, "delta": 18.208733558654785}, "costs": {"total_cost": 196.52673457816772, "time_cost": 71.428, "final_distance_cost": 1.843548320394828, "oscillation_cost": 25.729832236605752, "completition_cost": 0.0, "overshoot_cost": 51.52206297565852, "power_cost": 24.088534094238284, "noise_cost": 21.914756951270334, "n_waypoints_completed": 9, "tot_waypoints": 9}}
{"target": -185.29822029306777, "params": {"k_pid_pos": [1.4340672435785011, 0.024859491386256316, 0.8519347702918288], "k_pid_alt": [1.4458679973838424, 0.0, 0.3146878632891922], "k_pid_att": [43.948176657889235, 3.8677381495188174, 0.837110513405392], "k_pid_yaw": [0.5, 1e-06, 0.1], "k_pid_hsp": [0.09847755819799779, 0.011264223901387349, 0.0], "k_pid_vsp": [17.18305095025783, 156.73508457218338, 10.0]}, "datetime": {"datetime": "2025-08-13 14:36:45", "elapsed": 17333.46644926071, "delta": 17.842429161071777}, "costs": {"total_cost": 185.29822029306777, "time_cost": 70.224, "final_distance_cost": 1.8355869953227124, "oscillation_cost": 30.461494848546756, "completition_cost": 0.0, "overshoot_cost": 50.46141499690024, "power_cost": 13.777530004882813, "noise_cost": 18.53819344741527, "n_waypoints_completed": 9, "tot_waypoints": 9}}
{"target": -185.0818978704233, "params": {"k_pid_pos": [1.4340672435785011, 0.024859491386256316, 0.8519347702918288], "k_pid_alt": [1.4458679973838424, 0.0, 0.3146878632891922], "k_pid_att": [43.948176657889235, 3.8677381495188174, 0.837110513405392], "k_pid_yaw": [0.5, 1e-06, 0.1], "k_pid_hsp": [0.09847755819799779, 0.011264223901387349, 0.0], "k_pid_vsp": [17.18305095025783, 93.09285943774285, 10.0]}, "datetime": {"datetime": "2025-08-13 14:37:03", "elapsed": 17351.105231285095, "delta": 17.638782024383545}, "costs": {"total_cost": 185.0818978704233, "time_cost": 70.336, "final_distance_cost": 1.8410196439194533, "oscillation_cost": 27.84945085220261, "completition_cost": 0.0, "overshoot_cost": 50.40187813580991, "power_cost": 16.536043847656252, "noise_cost": 18.117505390835092, "n_waypoints_completed": 9, "tot_waypoints": 9}}
{"target": -183.31704749442346, "params": {"k_pid_pos": [1.4999912498542303, 0.024859491386256316, 0.44963268842268056], "k_pid_alt": [1.4458679973838424, 0.0, 0.13294310327404035], "k_pid_att": [39.447728079683905, 3.8677381495188174, 0.8792759721912583], "k_pid_yaw": [0.5, 1e-06, 0.1], "k_pid_hsp": [0.09847755819799779, 0.011264223901387349, 0.0], "k_pid_vsp": [194.7624155113164, 87.58200976551859, 10.0]}, "datetime": {"datetime": "2025-08-13 14:37:20", "elapsed": 17368.714579582214, "delta": 17.60934829711914}, "costs": {"total_cost": 183.31704749442346, "time_cost": 69.58, "final_distance_cost": 1.7899295873458456, "oscillation_cost": 29.32073290053286, "completition_cost": 0.0, "overshoot_cost": 51.23919646226307, "power_cost": 13.155950109863282, "noise_cost": 18.231238434418426, "n_waypoints_completed": 9, "tot_waypoints": 9}}
{"target": -196.99838667881403, "params": {"k_pid_pos": [1.4340672435785011, 0.024859491386256316, 0.44963268842268056], "k_pid_alt": [1.296896341175293, 0.0, 0.16072894317769304], "k_pid_att": [58.45879911684221, 3.8677381495188174, 0.1845336041603497], "k_pid_yaw": [0.5, 1e-06, 0.1], "k_pid_hsp": [0.09847755819799779, 0.011264223901387349, 0.0], "k_pid_vsp": [194.7624155113164, 330.56020129695656, 10.0]}, "datetime": {"datetime": "2025-08-13 14:37:38", "elapsed": 17386.6637635231, "delta": 17.94918394088745}, "costs": {"total_cost": 196.99838667881403, "time_cost": 70.896, "final_distance_cost": 1.8245285440733185, "oscillation_cost": 28.918898210484436, "completition_cost": 0.0, "overshoot_cost": 51.2104603873539, "power_cost": 22.827072900390625, "noise_cost": 21.321426636511784, "n_waypoints_completed": 9, "tot_waypoints": 9}}
{"target": -179.28923164926354, "params": {"k_pid_pos": [1.4999912498542303, 0.024859491386256316, 0.44963268842268056], "k_pid_alt": [1.4458679973838424, 0.0, 0.13294310327404035], "k_pid_att": [39.447728079683905, 3.8677381495188174, 0.8257697299075593], "k_pid_yaw": [0.5, 1e-06, 0.1], "k_pid_hsp": [0.09847755819799779, 0.011264223901387349, 0.0], "k_pid_vsp": [194.7624155113164, 156.73508457218338, 10.0]}, "datetime": {"datetime": "2025-08-13 14:37:55", "elapsed": 17403.995629549026, "delta": 17.331866025924683}, "costs": {"total_cost": 179.28923164926354, "time_cost": 69.426, "final_distance_cost": 1.812283096772926, "oscillation_cost": 29.94619008706801, "completition_cost": 0.0, "overshoot_cost": 50.48369143507625, "power_cost": 9.852854479980468, "noise_cost": 17.76821255036588, "n_waypoints_completed": 9, "tot_waypoints": 9}}
{"target": -1392.5605779790637, "params": {"k_pid_pos": [1.4340672435785011, 0.024859491386256316, 0.8519347702918288], "k_pid_alt": [1.4458679973838424, 0.0, 0.3146878632891922], "k_pid_att": [43.948176657889235, 3.8677381495188174, 0.837110513405392], "k_pid_yaw": [0.5, 1e-06, 0.1], "k_pid_hsp": [0.09847755819799779, 0.41463118024342327, 0.0], "k_pid_vsp": [194.7624155113164, 156.73508457218338, 282.003310948003]}, "datetime": {"datetime": "2025-08-13 14:38:27", "elapsed": 17435.164920568466, "delta": 31.169291019439697}, "costs": {"total_cost": 1392.5605779790637, "time_cost": 150, "final_distance_cost": 51.670352083090656, "oscillation_cost": 88.28575660168278, "completition_cost": 888.8888888888888, "overshoot_cost": 120.42861814474935, "power_cost": 33.32625030517578, "noise_cost": 59.960711955476356, "n_waypoints_completed": 1, "tot_waypoints": 9}}
{"target": -187.05452606990363, "params": {"k_pid_pos": [1.4999912498542303, 0.024859491386256316, 0.44963268842268056], "k_pid_alt": [1.4458679973838424, 0.0, 0.13294310327404035], "k_pid_att": [39.447728079683905, 3.8677381495188174, 0.8257697299075593], "k_pid_yaw": [0.5, 1e-06, 0.1], "k_pid_hsp": [0.09847755819799779, 0.011264223901387349, 0.0], "k_pid_vsp": [194.7624155113164, 156.73508457218338, 10.0]}, "datetime": {"datetime": "2025-08-13 14:38:44", "elapsed": 17453.005112171173, "delta": 17.84019160270691}, "costs": {"total_cost": 187.05452606990363, "time_cost": 69.57300000000001, "final_distance_cost": 1.8149186236840906, "oscillation_cost": 29.107911660326717, "completition_cost": 0.0, "overshoot_cost": 50.95304839024027, "power_cost": 16.83636756591797, "noise_cost": 18.76927982973456, "n_waypoints_completed": 9, "tot_waypoints": 9}}
{"target": -184.23459504632368, "params": {"k_pid_pos": [1.4340672435785011, 0.024859491386256316, 0.8519347702918288], "k_pid_alt": [1.4458679973838424, 0.0, 0.3146878632891922], "k_pid_att": [43.948176657889235, 3.8677381495188174, 0.837110513405392], "k_pid_yaw": [0.5, 1e-06, 0.1], "k_pid_hsp": [0.09847755819799779, 0.011264223901387349, 0.0], "k_pid_vsp": [17.18305095025783, 93.09285943774285, 10.0]}, "datetime": {"datetime": "2025-08-13 14:39:03", "elapsed": 17471.292446374893, "delta": 18.287334203720093}, "costs": {"total_cost": 184.23459504632368, "time_cost": 70.287, "final_distance_cost": 1.8392253193747852, "oscillation_cost": 27.928873930462938, "completition_cost": 0.0, "overshoot_cost": 50.44083935207825, "power_cost": 14.844763696289062, "noise_cost": 18.893892748118652, "n_waypoints_completed": 9, "tot_waypoints": 9}}
{"target": -179.84581026633992, "params": {"k_pid_pos": [1.4340672435785011, 0.024859491386256316, 0.8519347702918288], "k_pid_alt": [1.4458679973838424, 0.0, 0.3146878632891922], "k_pid_att": [43.948176657889235, 3.8677381495188174, 0.34464953207076743], "k_pid_yaw": [0.5, 1e-06, 0.1], "k_pid_hsp": [0.09847755819799779, 0.011264223901387349, 0.0], "k_pid_vsp": [277.2708477836043, 93.09285943774285, 10.0]}, "datetime": {"datetime": "2025-08-13 14:39:23", "elapsed": 17491.52748656273, "delta": 20.235040187835693}, "costs": {"total_cost": 179.84581026633992, "time_cost": 70.56, "final_distance_cost": 1.8346261932147068, "oscillation_cost": 27.342629324946937, "completition_cost": 0.0, "overshoot_cost": 50.83933967156234, "power_cost": 10.488562768554688, "noise_cost": 18.78065230806124, "n_waypoints_completed": 9, "tot_waypoints": 9}}
{"target": -180.18450909786327, "params": {"k_pid_pos": [1.4340672435785011, 0.024859491386256316, 0.8519347702918288], "k_pid_alt": [1.4458679973838424, 0.0, 0.3146878632891922], "k_pid_att": [43.948176657889235, 5.200466839336723, 0.8792759721912583], "k_pid_yaw": [0.5, 1e-06, 0.1], "k_pid_hsp": [0.09847755819799779, 0.011264223901387349, 0.0], "k_pid_vsp": [194.7624155113164, 87.58200976551859, 10.0]}, "datetime": {"datetime": "2025-08-13 14:39:42", "elapsed": 17511.0393345356, "delta": 19.511847972869873}, "costs": {"total_cost": 180.18450909786327, "time_cost": 70.539, "final_distance_cost": 1.833307859322518, "oscillation_cost": 27.322107649927634, "completition_cost": 0.0, "overshoot_cost": 50.64514741574828, "power_cost": 10.883283752441407, "noise_cost": 18.961662420423437, "n_waypoints_completed": 9, "tot_waypoints": 9}}
{"target": -404.48830275867414, "params": {"k_pid_pos": [1.4999912498542303, 0.024859491386256316, 0.44963268842268056], "k_pid_alt": [1.4458679973838424, 0.0, 0.13294310327404035], "k_pid_att": [39.447728079683905, 3.8677381495188174, 0.34464953207076743], "k_pid_yaw": [0.5, 1e-06, 0.1], "k_pid_hsp": [8.16063635751994, 0.6723001228405259, 0.0], "k_pid_vsp": [277.2708477836043, 93.09285943774285, 266.8602717538977]}, "datetime": {"datetime": "2025-08-13 14:40:10", "elapsed": 17538.496016025543, "delta": 27.456681489944458}, "costs": {"total_cost": 404.48830275867414, "time_cost": 108.262, "final_distance_cost": 1.7902852613693556, "oscillation_cost": 167.28998244392344, "completition_cost": 0.0, "overshoot_cost": 68.0442214145241, "power_cost": 30.530021325683595, "noise_cost": 28.571792313173653, "n_waypoints_completed": 9, "tot_waypoints": 9}}
{"target": -192.30381441157408, "params": {"k_pid_pos": [1.4999912498542303, 0.024859491386256316, 0.44963268842268056], "k_pid_alt": [1.4458679973838424, 0.0, 0.13294310327404035], "k_pid_att": [39.447728079683905, 3.8677381495188174, 0.8792759721912583], "k_pid_yaw": [0.5, 1e-06, 0.1], "k_pid_hsp": [0.09847755819799779, 0.011264223901387349, 0.0], "k_pid_vsp": [194.7624155113164, 87.58200976551859, 10.0]}, "datetime": {"datetime": "2025-08-13 14:40:28", "elapsed": 17556.16512298584, "delta": 17.66910696029663}, "costs": {"total_cost": 192.30381441157408, "time_cost": 70.21000000000001, "final_distance_cost": 1.8044591947643496, "oscillation_cost": 28.978450768931243, "completition_cost": 0.0, "overshoot_cost": 51.06784798325162, "power_cost": 20.342288891601562, "noise_cost": 19.900767573025316, "n_waypoints_completed": 9, "tot_waypoints": 9}}
{"target": -211.30479702195464, "params": {"k_pid_pos": [1.9089386119922513, 0.024859491386256316, 0.44963268842268056], "k_pid_alt": [1.4458679973838424, 0.7900467901418512, 0.13294310327404035], "k_pid_att": [39.447728079683905, 3.8677381495188174, 0.8792759721912583], "k_pid_yaw": [0.5, 1e-06, 0.1], "k_pid_hsp": [0.09847755819799779, 0.011264223901387349, 0.0], "k_pid_vsp": [194.7624155113164, 87.58200976551859, 10.0]}, "datetime": {"datetime": "2025-08-13 14:40:47", "elapsed": 17575.955311775208, "delta": 19.790188789367676}, "costs": {"total_cost": 211.30479702195464, "time_cost": 79.492, "final_distance_cost": 1.7616651824484986, "oscillation_cost": 34.967934006619586, "completition_cost": 0.0, "overshoot_cost": 53.41674603575144, "power_cost": 21.12783544921875, "noise_cost": 20.538616347916385, "n_waypoints_completed": 9, "tot_waypoints": 9}}
{"target": -1044.580850598443, "params": {"k_pid_pos": [1.0031316701085804, 0.024859491386256316, 0.44963268842268056], "k_pid_alt": [0.2184303292223817, 0.22449205087189628, 0.13294310327404035], "k_pid_att": [39.447728079683905, 3.9650988168623, 0.8257697299075593], "k_pid_yaw": [0.5, 1e-06, 0.1], "k_pid_hsp": [0.09847755819799779, 0.9058633555759406, 0.0], "k_pid_vsp": [17.18305095025783, 93.09285943774285, 10.0]}, "datetime": {"datetime": "2025-08-13 14:41:17", "elapsed": 17606.001256465912, "delta": 30.045944690704346}, "costs": {"total_cost": 1044.580850598443, "time_cost": 150, "final_distance_cost": 53.44751018925182, "oscillation_cost": 125.35739165781882, "completition_cost": 555.5555555555555, "overshoot_cost": 87.66592320970611, "power_cost": 35.12317576904297, "noise_cost": 37.43129421706778, "n_waypoints_completed": 4, "tot_waypoints": 9}}
{"target": -488.7173403118932, "params": {"k_pid_pos": [0.3597277290261015, 0.024859491386256316, 0.8519347702918288], "k_pid_alt": [1.4458679973838424, 0.0, 0.8836694064166667], "k_pid_att": [43.948176657889235, 3.8677381495188174, 0.7085601702185422], "k_pid_yaw": [0.5, 1e-06, 0.1], "k_pid_hsp": [0.09847755819799779, 0.42821208748488515, 0.0], "k_pid_vsp": [17.18305095025783, 93.09285943774285, 10.0]}, "datetime": {"datetime": "2025-08-13 14:41:50", "elapsed": 17638.267680168152, "delta": 32.26642370223999}, "costs": {"total_cost": 488.7173403118932, "time_cost": 150, "final_distance_cost": 14.498517834822524, "oscillation_cost": 75.87507477700514, "completition_cost": 111.11111111111116, "overshoot_cost": 64.74257606484815, "power_cost": 37.91634875488281, "noise_cost": 34.57371176922343, "n_waypoints_completed": 8, "tot_waypoints": 9}}
{"target": -1251.0994045170276, "params": {"k_pid_pos": [1.4340672435785011, 0.3975712089613459, 0.8519347702918288], "k_pid_alt": [1.4458679973838424, 0.0, 0.3146878632891922], "k_pid_att": [43.948176657889235, 3.8677381495188174, 0.1845336041603497], "k_pid_yaw": [0.5, 1e-06, 0.1], "k_pid_hsp": [0.09847755819799779, 0.011264223901387349, 0.0], "k_pid_vsp": [69.78513982652785, 156.73508457218338, 294.19030954383476]}, "datetime": {"datetime": "2025-08-13 14:42:20", "elapsed": 17668.32381749153, "delta": 30.056137323379517}, "costs": {"total_cost": 1251.0994045170276, "time_cost": 150, "final_distance_cost": 82.26702537519043, "oscillation_cost": 10.378446345244871, "completition_cost": 777.7777777777778, "overshoot_cost": 127.97706484760293, "power_cost": 28.860517553710938, "noise_cost": 73.8385726175007, "n_waypoints_completed": 2, "tot_waypoints": 9}}
{"target": -195.01946385696962, "params": {"k_pid_pos": [1.4340672435785011, 0.3450134284667753, 0.44963268842268056], "k_pid_alt": [1.296896341175293, 0.0, 0.16072894317769304], "k_pid_att": [58.45879911684221, 3.8677381495188174, 0.837110513405392], "k_pid_yaw": [0.5, 1e-06, 0.1], "k_pid_hsp": [0.09847755819799779, 0.011264223901387349, 0.0], "k_pid_vsp": [62.378385226605545, 354.88477252185925, 10.0]}, "datetime": {"datetime": "2025-08-13 14:42:37", "elapsed": 17685.503843784332, "delta": 17.180026292800903}, "costs": {"total_cost": 195.01946385696962, "time_cost": 73.82900000000001, "final_distance_cost": 1.7476684197058052, "oscillation_cost": 32.19667575853654, "completition_cost": 0.0, "overshoot_cost": 50.71867911157782, "power_cost": 17.72553341064453, "noise_cost": 18.80190715650493, "n_waypoints_completed": 9, "tot_waypoints": 9}}
{"target": -198.20698355487778, "params": {"k_pid_pos": [0.961863204572444, 0.24828414068022808, 0.44963268842268056], "k_pid_alt": [1.296896341175293, 0.0, 0.16072894317769304], "k_pid_att": [99.39142121730468, 8.257495339612396, 0.837110513405392], "k_pid_yaw": [0.5, 1e-06, 0.1], "k_pid_hsp": [0.09847755819799779, 0.011264223901387349, 0.0], "k_pid_vsp": [17.18305095025783, 156.73508457218338, 10.0]}, "datetime": {"datetime": "2025-08-13 14:42:55", "elapsed": 17703.91113138199, "delta": 18.40728759765625}, "costs": {"total_cost": 198.20698355487778, "time_cost": 75.117, "final_distance_cost": 1.8166636810655505, "oscillation_cost": 29.453468603008957, "completition_cost": 0.0, "overshoot_cost": 51.86086498737031, "power_cost": 20.14032783203125, "noise_cost": 19.8186584514017, "n_waypoints_completed": 9, "tot_waypoints": 9}}
{"target": -195.63964116187893, "params": {"k_pid_pos": [1.0011422296428567, 0.024859491386256316, 0.8519347702918288], "k_pid_alt": [1.4458679973838424, 0.0, 0.3146878632891922], "k_pid_att": [58.45879911684221, 3.8677381495188174, 0.1845336041603497], "k_pid_yaw": [0.5, 1e-06, 0.1], "k_pid_hsp": [0.09847755819799779, 0.011264223901387349, 0.0], "k_pid_vsp": [194.7624155113164, 91.73625214486171, 10.0]}, "datetime": {"datetime": "2025-08-13 14:43:14", "elapsed": 17722.4644010067, "delta": 18.553269624710083}, "costs": {"total_cost": 195.63964116187893, "time_cost": 75.173, "final_distance_cost": 1.8521068253866193, "oscillation_cost": 25.604518642555078, "completition_cost": 0.0, "overshoot_cost": 51.805578197394134, "power_cost": 20.128716015625002, "noise_cost": 21.0757214809181, "n_waypoints_completed": 9, "tot_waypoints": 9}}
