{"target": -1639.2264097394154, "params": {"k_pid_pos": [1.849624377781123, 0.024859491386256316, 0.7585541942145848], "k_pid_alt": [1.2679502233621702, 0.0, 0.5012331895262763], "k_pid_att": [14.415714892135846, 4.279194413527449, 0.9097922838293668], "k_pid_yaw": [0.5, 1e-06, 0.1], "k_pid_hsp": [0.09847755819799779, 0.011264223901387349, 0.0], "k_pid_vsp": [194.7624155113164, 156.73508457218338, 352.3386124433825]}, "datetime": {"datetime": "2025-08-13 13:03:11", "elapsed": 11719.29826784134, "delta": 28.337177276611328}, "costs": {"total_cost": 1639.2264097394154, "time_cost": 150, "final_distance_cost": 214.15498130541746, "oscillation_cost": 8.04302635834732, "completition_cost": 888.8888888888888, "overshoot_cost": 323.40554512967253, "power_cost": 27.452263720703126, "noise_cost": 27.281704336386348, "n_waypoints_completed": 1, "tot_waypoints": 9}}
{"target": -180.67106885899366, "params": {"k_pid_pos": [1.849624377781123, 0.024859491386256316, 0.855962508813682], "k_pid_alt": [1.636508049307729, 0.02520494712616217, 0.949345597264735], "k_pid_att": [39.447728079683905, 0.7200504618080176, 0.9166398602394554], "k_pid_yaw": [0.5, 1e-06, 0.1], "k_pid_hsp": [0.09847755819799779, 0.011264223901387349, 0.0], "k_pid_vsp": [194.7624155113164, 156.73508457218338, 10.0]}, "datetime": {"datetime": "2025-08-13 13:03:28", "elapsed": 11736.624647855759, "delta": 17.326380014419556}, "costs": {"total_cost": 180.67106885899366, "time_cost": 69.965, "final_distance_cost": 1.8185462783369595, "oscillation_cost": 29.31798706184854, "completition_cost": 0.0, "overshoot_cost": 50.379058885530014, "power_cost": 11.210331689453126, "noise_cost": 17.980144943825056, "n_waypoints_completed": 9, "tot_waypoints": 9}}
{"target": -188.4772249716816, "params": {"k_pid_pos": [1.4999912498542303, 0.024859491386256316, 0.44963268842268056], "k_pid_alt": [1.4458679973838424, 0.0, 0.3146878632891922], "k_pid_att": [43.948176657889235, 3.8677381495188174, 0.1845336041603497], "k_pid_yaw": [0.5, 1e-06, 0.1], "k_pid_hsp": [0.09847755819799779, 0.011264223901387349, 0.0], "k_pid_vsp": [17.18305095025783, 93.09285943774285, 10.0]}, "datetime": {"datetime": "2025-08-13 13:03:45", "elapsed": 11753.172529220581, "delta": 16.547881364822388}, "costs": {"total_cost": 188.4772249716816, "time_cost": 69.86, "final_distance_cost": 1.8041700239250567, "oscillation_cost": 30.649264591115607, "completition_cost": 0.0, "overshoot_cost": 50.39984479167202, "power_cost": 17.287832775878908, "noise_cost": 18.47611278909003, "n_waypoints_completed": 9, "tot_waypoints": 9}}
{"target": -197.02345505382925, "params": {"k_pid_pos": [1.849624377781123, 0.024859491386256316, 0.44963268842268056], "k_pid_alt": [0.9146766663066528, 0.0, 0.3146878632891922], "k_pid_att": [52.781640202125004, 3.8677381495188174, 0.1845336041603497], "k_pid_yaw": [0.5, 1e-06, 0.1], "k_pid_hsp": [0.09847755819799779, 0.011264223901387349, 0.0], "k_pid_vsp": [194.7624155113164, 221.6078012742647, 10.0]}, "datetime": {"datetime": "2025-08-13 13:04:02", "elapsed": 11770.36075758934, "delta": 17.188228368759155}, "costs": {"total_cost": 197.02345505382925, "time_cost": 72.499, "final_distance_cost": 1.817764207678733, "oscillation_cost": 31.811723227168088, "completition_cost": 0.0, "overshoot_cost": 51.137781006648666, "power_cost": 19.8170515625, "noise_cost": 19.940135049833756, "n_waypoints_completed": 9, "tot_waypoints": 9}}
{"target": -188.8161134259749, "params": {"k_pid_pos": [1.7847649702027382, 0.024859491386256316, 0.44963268842268056], "k_pid_alt": [1.296896341175293, 0.02520494712616217, 0.949345597264735], "k_pid_att": [39.447728079683905, 3.8677381495188174, 0.3366070335655168], "k_pid_yaw": [0.5, 1e-06, 0.1], "k_pid_hsp": [0.09847755819799779, 0.011264223901387349, 0.0], "k_pid_vsp": [194.7624155113164, 156.73508457218338, 10.0]}, "datetime": {"datetime": "2025-08-13 13:04:19", "elapsed": 11787.39746427536, "delta": 17.036706686019897}, "costs": {"total_cost": 188.8161134259749, "time_cost": 70.854, "final_distance_cost": 1.8030771522375966, "oscillation_cost": 31.269367170174135, "completition_cost": 0.0, "overshoot_cost": 51.20186141974155, "power_cost": 15.429587231445312, "noise_cost": 18.25822045237633, "n_waypoints_completed": 9, "tot_waypoints": 9}}
{"target": -186.3952767741609, "params": {"k_pid_pos": [1.4340672435785011, 0.024859491386256316, 0.44963268842268056], "k_pid_alt": [1.296896341175293, 0.0, 0.3146878632891922], "k_pid_att": [43.948176657889235, 3.7802132718527557, 0.1845336041603497], "k_pid_yaw": [0.5, 1e-06, 0.1], "k_pid_hsp": [0.09847755819799779, 0.011264223901387349, 0.0], "k_pid_vsp": [194.7624155113164, 156.73508457218338, 10.0]}, "datetime": {"datetime": "2025-08-13 13:04:36", "elapsed": 11804.227497816086, "delta": 16.830033540725708}, "costs": {"total_cost": 186.3952767741609, "time_cost": 70.238, "final_distance_cost": 1.8176314982295914, "oscillation_cost": 29.565716143364625, "completition_cost": 0.0, "overshoot_cost": 50.839573256900415, "power_cost": 16.339816723632815, "noise_cost": 17.594539152033423, "n_waypoints_completed": 9, "tot_waypoints": 9}}
{"target": -215.6701765921567, "params": {"k_pid_pos": [0.5503339975771474, 0.024859491386256316, 0.44963268842268056], "k_pid_alt": [1.296896341175293, 0.02520494712616217, 0.949345597264735], "k_pid_att": [39.447728079683905, 9.770065979523123, 0.5968380379296185], "k_pid_yaw": [0.5, 1e-06, 0.1], "k_pid_hsp": [0.09847755819799779, 0.011264223901387349, 0.0], "k_pid_vsp": [194.7624155113164, 3.384608627270843, 39.36383854960912]}, "datetime": {"datetime": "2025-08-13 13:04:58", "elapsed": 11826.279092550278, "delta": 22.051594734191895}, "costs": {"total_cost": 215.6701765921567, "time_cost": 91.336, "final_distance_cost": 1.8415353336945874, "oscillation_cost": 21.24841926949185, "completition_cost": 0.0, "overshoot_cost": 58.13480609475736, "power_cost": 22.00741727294922, "noise_cost": 21.101998621263675, "n_waypoints_completed": 9, "tot_waypoints": 9}}
{"target": -208.36863342334402, "params": {"k_pid_pos": [1.849624377781123, 0.024859491386256316, 0.44963268842268056], "k_pid_alt": [1.296896341175293, 0.798728739228488, 0.949345597264735], "k_pid_att": [39.447728079683905, 3.8677381495188174, 0.591082821894856], "k_pid_yaw": [0.5, 1e-06, 0.1], "k_pid_hsp": [0.09847755819799779, 0.011264223901387349, 0.0], "k_pid_vsp": [194.7624155113164, 221.6078012742647, 10.0]}, "datetime": {"datetime": "2025-08-13 13:05:18", "elapsed": 11846.184074401855, "delta": 19.90498185157776}, "costs": {"total_cost": 208.36863342334402, "time_cost": 82.586, "final_distance_cost": 1.7863084767017294, "oscillation_cost": 35.27733410822395, "completition_cost": 0.0, "overshoot_cost": 52.84612482495493, "power_cost": 14.429883349609376, "noise_cost": 21.442982663854018, "n_waypoints_completed": 9, "tot_waypoints": 9}}
{"target": -191.54920220197278, "params": {"k_pid_pos": [1.4340672435785011, 0.024859491386256316, 0.44963268842268056], "k_pid_alt": [1.296896341175293, 0.0, 0.3146878632891922], "k_pid_att": [52.781640202125004, 3.8677381495188174, 0.1845336041603497], "k_pid_yaw": [0.5, 1e-06, 0.1], "k_pid_hsp": [0.09847755819799779, 0.011264223901387349, 0.0], "k_pid_vsp": [194.7624155113164, 156.73508457218338, 10.0]}, "datetime": {"datetime": "2025-08-13 13:05:35", "elapsed": 11863.160154819489, "delta": 16.976080417633057}, "costs": {"total_cost": 191.54920220197278, "time_cost": 70.602, "final_distance_cost": 1.813253734228456, "oscillation_cost": 29.174637979609123, "completition_cost": 0.0, "overshoot_cost": 51.402326866414505, "power_cost": 19.47815869140625, "noise_cost": 19.078824930314465, "n_waypoints_completed": 9, "tot_waypoints": 9}}
{"target": -185.26366187276048, "params": {"k_pid_pos": [1.849624377781123, 0.024859491386256316, 0.855962508813682], "k_pid_alt": [1.2679502233621702, 0.0, 0.06527723447865985], "k_pid_att": [58.989274729095186, 3.8677381495188174, 0.1845336041603497], "k_pid_yaw": [0.5, 1e-06, 0.1], "k_pid_hsp": [0.09847755819799779, 0.011264223901387349, 0.0], "k_pid_vsp": [17.18305095025783, 93.09285943774285, 10.0]}, "datetime": {"datetime": "2025-08-13 13:05:51", "elapsed": 11879.813772916794, "delta": 16.653618097305298}, "costs": {"total_cost": 185.26366187276048, "time_cost": 69.629, "final_distance_cost": 1.8187389046502518, "oscillation_cost": 31.494278404599868, "completition_cost": 0.0, "overshoot_cost": 50.8570923957768, "power_cost": 12.60852275390625, "noise_cost": 18.85602941382731, "n_waypoints_completed": 9, "tot_waypoints": 9}}
{"target": -186.06785799363504, "params": {"k_pid_pos": [1.849624377781123, 0.024859491386256316, 0.855962508813682], "k_pid_alt": [1.2679502233621702, 0.0, 0.3146878632891922], "k_pid_att": [43.948176657889235, 3.8677381495188174, 0.1845336041603497], "k_pid_yaw": [0.5, 1e-06, 0.1], "k_pid_hsp": [0.09847755819799779, 0.011264223901387349, 0.0], "k_pid_vsp": [194.7624155113164, 156.73508457218338, 10.0]}, "datetime": {"datetime": "2025-08-13 13:06:09", "elapsed": 11897.407721757889, "delta": 17.59394884109497}, "costs": {"total_cost": 186.06785799363504, "time_cost": 70.266, "final_distance_cost": 1.8093360513866246, "oscillation_cost": 29.868178891198806, "completition_cost": 0.0, "overshoot_cost": 50.6346440156901, "power_cost": 14.984284863281252, "noise_cost": 18.505414172078247, "n_waypoints_completed": 9, "tot_waypoints": 9}}
{"target": -204.21128047068242, "params": {"k_pid_pos": [1.849624377781123, 0.5743711704314439, 0.44963268842268056], "k_pid_alt": [1.7224840888036632, 0.0, 0.3146878632891922], "k_pid_att": [43.948176657889235, 3.7802132718527557, 0.1845336041603497], "k_pid_yaw": [0.5, 1e-06, 0.1], "k_pid_hsp": [0.09847755819799779, 0.011264223901387349, 0.0], "k_pid_vsp": [254.46877323414844, 156.73508457218338, 10.0]}, "datetime": {"datetime": "2025-08-13 13:06:30", "elapsed": 11918.920028686523, "delta": 21.512306928634644}, "costs": {"total_cost": 204.21128047068242, "time_cost": 79.128, "final_distance_cost": 1.7277300663390796, "oscillation_cost": 36.632806917004544, "completition_cost": 0.0, "overshoot_cost": 52.64786552014336, "power_cost": 13.361956359863282, "noise_cost": 20.712921607332163, "n_waypoints_completed": 9, "tot_waypoints": 9}}
{"target": -193.98004079394738, "params": {"k_pid_pos": [1.647366612200146, 0.06328363340203702, 0.855962508813682], "k_pid_alt": [1.2679502233621702, 0.0, 0.22168249022254083], "k_pid_att": [58.989274729095186, 6.16091081068753, 0.1845336041603497], "k_pid_yaw": [0.5, 1e-06, 0.1], "k_pid_hsp": [0.09847755819799779, 0.011264223901387349, 0.0], "k_pid_vsp": [397.63618790684643, 156.73508457218338, 10.0]}, "datetime": {"datetime": "2025-08-13 13:06:50", "elapsed": 11938.861854314804, "delta": 19.94182562828064}, "costs": {"total_cost": 193.98004079394738, "time_cost": 71.043, "final_distance_cost": 1.8103441068684318, "oscillation_cost": 28.160347561678336, "completition_cost": 0.0, "overshoot_cost": 51.674432093160625, "power_cost": 20.896888708496096, "noise_cost": 20.395028323743883, "n_waypoints_completed": 9, "tot_waypoints": 9}}
{"target": -240.60732775563682, "params": {"k_pid_pos": [1.849624377781123, 0.024859491386256316, 0.3247566437552345], "k_pid_alt": [1.2679502233621702, 0.0, 0.3146878632891922], "k_pid_att": [64.85696333643777, 3.7802132718527557, 0.1845336041603497], "k_pid_yaw": [0.5, 1e-06, 0.1], "k_pid_hsp": [0.09847755819799779, 0.011264223901387349, 0.0], "k_pid_vsp": [194.7624155113164, 156.73508457218338, 131.29633191148946]}, "datetime": {"datetime": "2025-08-13 13:07:14", "elapsed": 11962.16873884201, "delta": 23.30688452720642}, "costs": {"total_cost": 240.60732775563682, "time_cost": 96.18, "final_distance_cost": 1.8386350744947733, "oscillation_cost": 39.22033974716976, "completition_cost": 0.0, "overshoot_cost": 59.6620727315561, "power_cost": 22.815929907226565, "noise_cost": 20.89035029518958, "n_waypoints_completed": 9, "tot_waypoints": 9}}
{"target": -194.4161769510386, "params": {"k_pid_pos": [1.849624377781123, 0.024859491386256316, 0.6521786052913653], "k_pid_alt": [1.296896341175293, 0.0, 0.251263550706466], "k_pid_att": [82.07793770411665, 5.9521973635976435, 0.1845336041603497], "k_pid_yaw": [0.5, 1e-06, 0.1], "k_pid_hsp": [0.09847755819799779, 0.011264223901387349, 0.0], "k_pid_vsp": [153.0622015256548, 84.00193632023473, 10.0]}, "datetime": {"datetime": "2025-08-13 13:07:31", "elapsed": 11979.098688602448, "delta": 16.92994976043701}, "costs": {"total_cost": 194.4161769510386, "time_cost": 70.77, "final_distance_cost": 1.7878309817678109, "oscillation_cost": 31.508977525547202, "completition_cost": 0.0, "overshoot_cost": 51.289883369288546, "power_cost": 19.68066015625, "noise_cost": 19.37882491818504, "n_waypoints_completed": 9, "tot_waypoints": 9}}
{"target": -189.767003229571, "params": {"k_pid_pos": [1.647366612200146, 0.06328363340203702, 0.855962508813682], "k_pid_alt": [1.2679502233621702, 0.0, 0.06527723447865985], "k_pid_att": [58.989274729095186, 6.16091081068753, 0.5354455210588809], "k_pid_yaw": [0.5, 1e-06, 0.1], "k_pid_hsp": [0.09847755819799779, 0.011264223901387349, 0.0], "k_pid_vsp": [316.1258038976114, 156.73508457218338, 10.0]}, "datetime": {"datetime": "2025-08-13 13:07:47", "elapsed": 11995.685018062592, "delta": 16.586329460144043}, "costs": {"total_cost": 189.767003229571, "time_cost": 70.28, "final_distance_cost": 1.8170385140437524, "oscillation_cost": 27.894950454641776, "completition_cost": 0.0, "overshoot_cost": 50.77998994890395, "power_cost": 19.580761486816407, "noise_cost": 19.414262825165114, "n_waypoints_completed": 9, "tot_waypoints": 9}}
{"target": -191.1737102836256, "params": {"k_pid_pos": [1.4340672435785011, 0.024859491386256316, 0.44963268842268056], "k_pid_alt": [1.2679502233621702, 0.0, 0.949345597264735], "k_pid_att": [39.447728079683905, 3.8677381495188174, 0.1845336041603497], "k_pid_yaw": [0.5, 1e-06, 0.1], "k_pid_hsp": [0.09847755819799779, 0.011264223901387349, 0.0], "k_pid_vsp": [397.63618790684643, 156.73508457218338, 10.0]}, "datetime": {"datetime": "2025-08-13 13:08:04", "elapsed": 12012.56695151329, "delta": 16.881933450698853}, "costs": {"total_cost": 191.1737102836256, "time_cost": 73.143, "final_distance_cost": 1.8332382001674643, "oscillation_cost": 29.703577362740184, "completition_cost": 0.0, "overshoot_cost": 51.21738429812236, "power_cost": 16.2626541015625, "noise_cost": 19.013856321033106, "n_waypoints_completed": 9, "tot_waypoints": 9}}
{"target": -209.6570038306906, "params": {"k_pid_pos": [1.849624377781123, 0.024859491386256316, 0.855962508813682], "k_pid_alt": [1.2679502233621702, 0.27082543444689955, 0.949345597264735], "k_pid_att": [39.447728079683905, 3.8677381495188174, 0.1845336041603497], "k_pid_yaw": [0.5, 1e-06, 0.1], "k_pid_hsp": [0.09847755819799779, 0.011264223901387349, 0.0], "k_pid_vsp": [194.7624155113164, 156.73508457218338, 10.0]}, "datetime": {"datetime": "2025-08-13 13:08:24", "elapsed": 12032.746722221375, "delta": 20.179770708084106}, "costs": {"total_cost": 209.6570038306906, "time_cost": 81.879, "final_distance_cost": 1.8037988833295593, "oscillation_cost": 32.333207269298384, "completition_cost": 0.0, "overshoot_cost": 51.963485977043, "power_cost": 21.376587524414063, "noise_cost": 20.300924176605566, "n_waypoints_completed": 9, "tot_waypoints": 9}}
{"target": -1187.3805063202137, "params": {"k_pid_pos": [1.849624377781123, 0.024859491386256316, 0.855962508813682], "k_pid_alt": [1.2679502233621702, 0.02520494712616217, 0.949345597264735], "k_pid_att": [39.447728079683905, 3.8677381495188174, 0.1845336041603497], "k_pid_yaw": [0.5, 1e-06, 0.1], "k_pid_hsp": [0.09847755819799779, 0.011264223901387349, 0.0], "k_pid_vsp": [194.7624155113164, 156.73508457218338, 225.93694083432098]}, "datetime": {"datetime": "2025-08-13 13:08:53", "elapsed": 12061.329669952393, "delta": 28.582947731018066}, "costs": {"total_cost": 1187.3805063202137, "time_cost": 150, "final_distance_cost": 81.03828060173053, "oscillation_cost": 12.58160929220202, "completition_cost": 777.7777777777778, "overshoot_cost": 89.72957469877245, "power_cost": 28.233384130859378, "noise_cost": 48.019879818871445, "n_waypoints_completed": 2, "tot_waypoints": 9}}
{"target": -206.61428607072042, "params": {"k_pid_pos": [1.4340672435785011, 0.024859491386256316, 0.855962508813682], "k_pid_alt": [1.2679502233621702, 0.8207116841117432, 0.06527723447865985], "k_pid_att": [58.989274729095186, 3.8677381495188174, 0.1845336041603497], "k_pid_yaw": [0.5, 1e-06, 0.1], "k_pid_hsp": [0.09847755819799779, 0.011264223901387349, 0.0], "k_pid_vsp": [194.7624155113164, 221.6078012742647, 10.0]}, "datetime": {"datetime": "2025-08-13 13:09:12", "elapsed": 12080.405703306198, "delta": 19.076033353805542}, "costs": {"total_cost": 206.61428607072042, "time_cost": 80.059, "final_distance_cost": 1.7974296149235276, "oscillation_cost": 29.290214622126168, "completition_cost": 0.0, "overshoot_cost": 54.243895934416926, "power_cost": 21.19416846923828, "noise_cost": 20.029577430015497, "n_waypoints_completed": 9, "tot_waypoints": 9}}
{"target": -1224.2722156321618, "params": {"k_pid_pos": [0.010462981495731612, 0.1279420475317411, 0.44963268842268056], "k_pid_alt": [1.296896341175293, 0.02520494712616217, 0.949345597264735], "k_pid_att": [39.447728079683905, 3.8677381495188174, 0.3366070335655168], "k_pid_yaw": [0.5, 1e-06, 0.1], "k_pid_hsp": [0.09847755819799779, 0.011264223901387349, 0.0], "k_pid_vsp": [194.7624155113164, 156.73508457218338, 10.0]}, "datetime": {"datetime": "2025-08-13 13:09:41", "elapsed": 12109.079263687134, "delta": 28.67356038093567}, "costs": {"total_cost": 1224.2722156321618, "time_cost": 150, "final_distance_cost": 65.08710015057642, "oscillation_cost": 2.235267396727505, "completition_cost": 888.8888888888888, "overshoot_cost": 53.8552392278084, "power_cost": 33.16555317382813, "noise_cost": 31.04016679433248, "n_waypoints_completed": 1, "tot_waypoints": 9}}
{"target": -238.78980889766495, "params": {"k_pid_pos": [1.0566321499597533, 0.9765430134530636, 0.7181496364986464], "k_pid_alt": [1.2679502233621702, 0.0, 0.06527723447865985], "k_pid_att": [2.693576540878273, 3.8677381495188174, 0.1845336041603497], "k_pid_yaw": [0.5, 1e-06, 0.1], "k_pid_hsp": [0.09847755819799779, 0.011264223901387349, 0.0], "k_pid_vsp": [194.7624155113164, 156.73508457218338, 10.0]}, "datetime": {"datetime": "2025-08-13 13:10:03", "elapsed": 12131.172840356827, "delta": 22.093576669692993}, "costs": {"total_cost": 238.78980889766495, "time_cost": 91.952, "final_distance_cost": 1.7770017580654909, "oscillation_cost": 41.35484346480257, "completition_cost": 0.0, "overshoot_cost": 54.34129455166516, "power_cost": 24.961088391113282, "noise_cost": 24.40358073201845, "n_waypoints_completed": 9, "tot_waypoints": 9}}
{"target": -183.93506869862142, "params": {"k_pid_pos": [1.849624377781123, 0.024859491386256316, 0.855962508813682], "k_pid_alt": [1.636508049307729, 0.02520494712616217, 0.949345597264735], "k_pid_att": [39.447728079683905, 0.7200504618080176, 0.9166398602394554], "k_pid_yaw": [0.5, 1e-06, 0.1], "k_pid_hsp": [0.09847755819799779, 0.011264223901387349, 0.0], "k_pid_vsp": [194.7624155113164, 156.73508457218338, 10.0]}, "datetime": {"datetime": "2025-08-13 13:10:19", "elapsed": 12147.798084259033, "delta": 16.62524390220642}, "costs": {"total_cost": 183.93506869862142, "time_cost": 70.14, "final_distance_cost": 1.8212566512899417, "oscillation_cost": 29.324427260094566, "completition_cost": 0.0, "overshoot_cost": 50.8038420416723, "power_cost": 13.786578759765625, "noise_cost": 18.058963985798997, "n_waypoints_completed": 9, "tot_waypoints": 9}}
{"target": -193.50926392526023, "params": {"k_pid_pos": [1.849624377781123, 0.024859491386256316, 0.855962508813682], "k_pid_alt": [1.2679502233621702, 0.02520494712616217, 0.949345597264735], "k_pid_att": [39.447728079683905, 3.8677381495188174, 0.1845336041603497], "k_pid_yaw": [0.5, 1e-06, 0.1], "k_pid_hsp": [0.09847755819799779, 0.011264223901387349, 0.0], "k_pid_vsp": [194.7624155113164, 156.73508457218338, 10.0]}, "datetime": {"datetime": "2025-08-13 13:10:36", "elapsed": 12164.346270561218, "delta": 16.54818630218506}, "costs": {"total_cost": 193.50926392526023, "time_cost": 71.19, "final_distance_cost": 1.8254593195042694, "oscillation_cost": 29.870767988430085, "completition_cost": 0.0, "overshoot_cost": 51.43277993241362, "power_cost": 19.821192980957033, "noise_cost": 19.369063703955224, "n_waypoints_completed": 9, "tot_waypoints": 9}}
{"target": -186.43542034370347, "params": {"k_pid_pos": [1.849624377781123, 0.024859491386256316, 0.855962508813682], "k_pid_alt": [1.2679502233621702, 0.0, 0.06527723447865985], "k_pid_att": [58.989274729095186, 3.8677381495188174, 0.1845336041603497], "k_pid_yaw": [0.5, 1e-06, 0.1], "k_pid_hsp": [0.09847755819799779, 0.011264223901387349, 0.0], "k_pid_vsp": [17.18305095025783, 93.09285943774285, 10.0]}, "datetime": {"datetime": "2025-08-13 13:10:52", "elapsed": 12181.012408971786, "delta": 16.666138410568237}, "costs": {"total_cost": 186.43542034370347, "time_cost": 69.566, "final_distance_cost": 1.81914549151393, "oscillation_cost": 30.937868989134582, "completition_cost": 0.0, "overshoot_cost": 50.584983945286204, "power_cost": 14.999043310546876, "noise_cost": 18.528378607221857, "n_waypoints_completed": 9, "tot_waypoints": 9}}
