{"target": -674.3548889950162, "params": {"k_pid_pos": [1.3964096322472659, 0.11973358850112281, 0.1171035659001105], "k_pid_alt": [0.17541802382153682, 0.6578632850405278, 0.11207037099869754], "k_pid_att": [77.43214161418433, 5.081722741393169, 0.33363775832823817], "k_pid_yaw": [0.5, 1e-06, 0.1], "k_pid_hsp": [8.983675636960621, 0.7625321470706523, 0.2705349409101757], "k_pid_vsp": [145.6768071088216, 93.57579511219681, 23.321097617323666]}, "datetime": {"datetime": "2025-08-13 10:10:27", "elapsed": 1355.6860311031342, "delta": 25.323981046676636}, "costs": {"total_cost": 674.3548889950162, "time_cost": 106.169, "final_distance_cost": 1.799049716874393, "oscillation_cost": 439.656779689549, "completition_cost": 0.0, "overshoot_cost": 67.49339655753418, "power_cost": 32.61571910400391, "noise_cost": 26.62094392705462, "n_waypoints_completed": 9, "tot_waypoints": 9}}
{"target": -416.03662215257066, "params": {"k_pid_pos": [1.4338086892990753, 0.4607696052395662, 0.272241561845159], "k_pid_alt": [0.1927819243069986, 0.13820537163853075, 0.45577628983361107], "k_pid_att": [18.832197481135182, 1.1063836126752764, 0.579219568941896], "k_pid_yaw": [0.5, 1e-06, 0.1], "k_pid_hsp": [1.7678101521140233, 0.8566142840923755, 0.4885840453515333], "k_pid_vsp": [265.14568510543296, 341.3477838835772, 114.57849146637578]}, "datetime": {"datetime": "2025-08-13 10:10:55", "elapsed": 1383.863569021225, "delta": 28.17753791809082}, "costs": {"total_cost": 416.03662215257066, "time_cost": 108.682, "final_distance_cost": 1.795443845087747, "oscillation_cost": 187.37172282537924, "completition_cost": 0.0, "overshoot_cost": 62.10567501523009, "power_cost": 29.752178234863283, "noise_cost": 26.32960223201035, "n_waypoints_completed": 9, "tot_waypoints": 9}}
{"target": -921.7607121907392, "params": {"k_pid_pos": [1.3885554450422086, 0.5811166092209024, 0.19977565166005762], "k_pid_alt": [1.6082490523645254, 0.7154071296158017, 0.7389840039155418], "k_pid_att": [13.105775155731326, 1.2376256611230811, 0.9275625510065076], "k_pid_yaw": [0.5, 1e-06, 0.1], "k_pid_hsp": [3.9758421804300244, 0.30094869178093975, 0.7585195298352101], "k_pid_vsp": [287.7851823803747, 172.83721647794843, 250.92353665366844]}, "datetime": {"datetime": "2025-08-13 10:11:28", "elapsed": 1416.5537695884705, "delta": 32.69020056724548}, "costs": {"total_cost": 921.7607121907392, "time_cost": 150, "final_distance_cost": 67.61468816818517, "oscillation_cost": 241.57861705586953, "completition_cost": 333.33333333333337, "overshoot_cost": 58.15858132415538, "power_cost": 38.108821997070315, "noise_cost": 32.9666703121254, "n_waypoints_completed": 6, "tot_waypoints": 9}}
{"target": -1363.8044506634465, "params": {"k_pid_pos": [0.33105896638779186, 0.11973358850112281, 0.1171035659001105], "k_pid_alt": [0.17541802382153682, 0.6578632850405278, 0.4186083007903795], "k_pid_att": [77.43214161418433, 6.712347009944595, 0.33363775832823817], "k_pid_yaw": [0.5, 1e-06, 0.1], "k_pid_hsp": [8.983675636960621, 0.7625321470706523, 0.2705349409101757], "k_pid_vsp": [145.6768071088216, 6.631921742442968, 63.04466029238821]}, "datetime": {"datetime": "2025-08-13 10:11:57", "elapsed": 1445.6703553199768, "delta": 29.116585731506348}, "costs": {"total_cost": 1363.8044506634465, "time_cost": 150, "final_distance_cost": 52.421966303154306, "oscillation_cost": 713.6980067827631, "completition_cost": 333.33333333333337, "overshoot_cost": 59.679657673174944, "power_cost": 28.693535400390626, "noise_cost": 25.97795117063036, "n_waypoints_completed": 6, "tot_waypoints": 9}}
{"target": -517.2833106209522, "params": {"k_pid_pos": [1.8624793477566346, 0.04925411992759399, 0.3736141384595716], "k_pid_alt": [1.0475058974352744, 0.10167190290371597, 0.8334585537885597], "k_pid_att": [5.196186646510426, 5.945716632147755, 0.0991131415798755], "k_pid_yaw": [0.5, 1e-06, 0.1], "k_pid_hsp": [8.435765158482369, 0.9026531439276171, 0.5957137746857274], "k_pid_vsp": [320.8103521094374, 311.79101652905405, 256.99331075573576]}, "datetime": {"datetime": "2025-08-13 10:12:25", "elapsed": 1473.3985857963562, "delta": 27.728230476379395}, "costs": {"total_cost": 517.2833106209522, "time_cost": 101.388, "final_distance_cost": 1.740186079462787, "oscillation_cost": 298.6209961131543, "completition_cost": 0.0, "overshoot_cost": 58.59124817663385, "power_cost": 30.510545446777346, "noise_cost": 26.4323348049239, "n_waypoints_completed": 9, "tot_waypoints": 9}}
{"target": -1288.3852491791818, "params": {"k_pid_pos": [0.1108852787876038, 0.1746414709358527, 0.05338193262717539], "k_pid_alt": [1.1822876322219424, 0.6807145267995064, 0.7960285563103784], "k_pid_att": [31.79910969520494, 5.045311917598599, 0.8896564216753973], "k_pid_yaw": [0.5, 1e-06, 0.1], "k_pid_hsp": [9.330238913679953, 0.8043609156129707, 0.4673816015552915], "k_pid_vsp": [313.90537970087496, 7.134714572958311, 43.657599597149975]}, "datetime": {"datetime": "2025-08-13 10:12:54", "elapsed": 1502.3069639205933, "delta": 28.90837812423706}, "costs": {"total_cost": 1288.3852491791818, "time_cost": 150, "final_distance_cost": 49.34822903535634, "oscillation_cost": 519.7957606186133, "completition_cost": 444.4444444444444, "overshoot_cost": 54.201025309353135, "power_cost": 38.3573203125, "noise_cost": 32.23846945891487, "n_waypoints_completed": 5, "tot_waypoints": 9}}
{"target": -1409.7855519818975, "params": {"k_pid_pos": [1.849624377781123, 0.024859491386256316, 0.5551980423268247], "k_pid_alt": [1.2679502233621702, 0.1058974037507533, 0.14033959706391264], "k_pid_att": [41.91143193163038, 9.662322498240602, 0.8750049422346086], "k_pid_yaw": [0.5, 1e-06, 0.1], "k_pid_hsp": [8.511331155059377, 0.04347506201279194, 0.18149840959652408], "k_pid_vsp": [94.6979484417584, 99.75503108349716, 228.49306112587644]}, "datetime": {"datetime": "2025-08-13 10:13:23", "elapsed": 1531.347092628479, "delta": 29.040128707885742}, "costs": {"total_cost": 1409.7855519818975, "time_cost": 150, "final_distance_cost": 37.787427524229216, "oscillation_cost": 473.39079977173066, "completition_cost": 555.5555555555555, "overshoot_cost": 99.69894172721095, "power_cost": 34.07846971435547, "noise_cost": 59.27435768881567, "n_waypoints_completed": 4, "tot_waypoints": 9}}
{"target": -249.65284950031165, "params": {"k_pid_pos": [1.9584513449511884, 0.9460270628173303, 0.2533833538391872], "k_pid_alt": [1.515427128667956, 0.0, 0.949345597264735], "k_pid_att": [39.447728079683905, 3.8677381495188174, 0.1845336041603497], "k_pid_yaw": [0.5, 1e-06, 0.1], "k_pid_hsp": [0.09847755819799779, 0.011264223901387349, 0.0], "k_pid_vsp": [194.7624155113164, 20.0, 10.0]}, "datetime": {"datetime": "2025-08-13 10:13:46", "elapsed": 1554.7562181949615, "delta": 23.409125566482544}, "costs": {"total_cost": 249.65284950031165, "time_cost": 93.52, "final_distance_cost": 1.7960396969046697, "oscillation_cost": 45.84745448863505, "completition_cost": 0.0, "overshoot_cost": 60.118347121265806, "power_cost": 21.753803649902345, "noise_cost": 26.617204543603766, "n_waypoints_completed": 9, "tot_waypoints": 9}}
{"target": -1287.052231057149, "params": {"k_pid_pos": [0.49275800590297264, 0.18848155022322047, 0.17888737446852812], "k_pid_alt": [1.1801517907166184, 0.09504919756440122, 0.6161657000241213], "k_pid_att": [75.3504563000258, 5.649549619663271, 0.5724305140338497], "k_pid_yaw": [0.5, 1e-06, 0.1], "k_pid_hsp": [4.659904931296975, 0.5226317755131228, 0.7639233900065879], "k_pid_vsp": [319.69788660482664, 196.86128673801844, 192.59653664902095]}, "datetime": {"datetime": "2025-08-13 10:14:21", "elapsed": 1589.345206975937, "delta": 34.58898878097534}, "costs": {"total_cost": 1287.052231057149, "time_cost": 150, "final_distance_cost": 75.6044819899706, "oscillation_cost": 625.3925554551431, "completition_cost": 333.33333333333337, "overshoot_cost": 43.74969440596332, "power_cost": 32.071413000488285, "noise_cost": 26.900752872250123, "n_waypoints_completed": 6, "tot_waypoints": 9}}
{"target": -434.10430681551895, "params": {"k_pid_pos": [1.3125724517510475, 0.036162710494696215, 0.0054298341287004614], "k_pid_alt": [0.10331583402879785, 0.7154071296158017, 0.7389840039155418], "k_pid_att": [13.105775155731326, 1.378021579924459, 0.9275625510065076], "k_pid_yaw": [0.5, 1e-06, 0.1], "k_pid_hsp": [3.9758421804300244, 0.8457969578021425, 0.4885840453515333], "k_pid_vsp": [265.14568510543296, 382.2493028631647, 114.57849146637578]}, "datetime": {"datetime": "2025-08-13 10:14:51", "elapsed": 1619.1465110778809, "delta": 29.80130410194397}, "costs": {"total_cost": 434.10430681551895, "time_cost": 112.56, "final_distance_cost": 1.7850913976933027, "oscillation_cost": 197.1724077666356, "completition_cost": 0.0, "overshoot_cost": 65.5944297812796, "power_cost": 29.386611914062502, "noise_cost": 27.605765955847957, "n_waypoints_completed": 9, "tot_waypoints": 9}}
{"target": -564.8614810783888, "params": {"k_pid_pos": [1.3885554450422086, 0.5811166092209024, 0.19977565166005762], "k_pid_alt": [1.6082490523645254, 0.6059251776477277, 0.8014818108594153], "k_pid_att": [23.855282062738848, 8.494103488346438, 0.057231940153260386], "k_pid_yaw": [0.5, 1e-06, 0.1], "k_pid_hsp": [8.009658440031398, 0.9277954301722804, 0.7721083991043806], "k_pid_vsp": [279.24831359145486, 335.19208762417304, 16.06052077867527]}, "datetime": {"datetime": "2025-08-13 10:15:30", "elapsed": 1658.1456253528595, "delta": 38.99911427497864}, "costs": {"total_cost": 564.8614810783888, "time_cost": 97.636, "final_distance_cost": 1.7832537855561583, "oscillation_cost": 356.9886387463801, "completition_cost": 0.0, "overshoot_cost": 54.34815529818316, "power_cost": 28.298965441894534, "noise_cost": 25.80646780637491, "n_waypoints_completed": 9, "tot_waypoints": 9}}
{"target": -1013.8888520691385, "params": {"k_pid_pos": [1.4338086892990753, 0.44936150214378867, 0.272241561845159], "k_pid_alt": [0.1927819243069986, 0.9026023965438417, 0.45577628983361107], "k_pid_att": [5.196186646510426, 9.248426205993718, 0.0991131415798755], "k_pid_yaw": [0.5, 1e-06, 0.1], "k_pid_hsp": [8.435765158482369, 0.9026531439276171, 0.9795706805865927], "k_pid_vsp": [320.8103521094374, 311.79101652905405, 256.99331075573576]}, "datetime": {"datetime": "2025-08-13 10:16:01", "elapsed": 1689.6313848495483, "delta": 31.485759496688843}, "costs": {"total_cost": 1013.8888520691385, "time_cost": 150, "final_distance_cost": 51.541905109269564, "oscillation_cost": 355.08935218649555, "completition_cost": 333.33333333333337, "overshoot_cost": 67.31401467369332, "power_cost": 30.079062023925783, "noise_cost": 26.531184742420763, "n_waypoints_completed": 6, "tot_waypoints": 9}}
{"target": -192.12274311410502, "params": {"k_pid_pos": [0.49275800590297264, 0.18848155022322047, 0.17888737446852812], "k_pid_alt": [1.515427128667956, 0.0, 0.949345597264735], "k_pid_att": [39.447728079683905, 3.8677381495188174, 0.1845336041603497], "k_pid_yaw": [0.5, 1e-06, 0.1], "k_pid_hsp": [0.09847755819799779, 0.011264223901387349, 0.0], "k_pid_vsp": [194.7624155113164, 20.0, 10.0]}, "datetime": {"datetime": "2025-08-13 10:16:23", "elapsed": 1711.6014416217804, "delta": 21.970056772232056}, "costs": {"total_cost": 192.12274311410502, "time_cost": 81.935, "final_distance_cost": 1.8283062946394177, "oscillation_cost": 22.25314360305937, "completition_cost": 0.0, "overshoot_cost": 52.1449788600522, "power_cost": 13.248565100097657, "noise_cost": 20.71274925625636, "n_waypoints_completed": 9, "tot_waypoints": 9}}
{"target": -243.9305234898242, "params": {"k_pid_pos": [1.9584513449511884, 0.9460270628173303, 0.2533833538391872], "k_pid_alt": [1.515427128667956, 0.0, 0.949345597264735], "k_pid_att": [39.447728079683905, 3.8677381495188174, 0.1845336041603497], "k_pid_yaw": [0.5, 1e-06, 0.1], "k_pid_hsp": [0.09847755819799779, 0.011264223901387349, 0.0], "k_pid_vsp": [194.7624155113164, 20.0, 10.0]}, "datetime": {"datetime": "2025-08-13 10:16:57", "elapsed": 1745.2371015548706, "delta": 33.63565993309021}, "costs": {"total_cost": 243.9305234898242, "time_cost": 93.31700000000001, "final_distance_cost": 1.7705284630936038, "oscillation_cost": 45.706651318705454, "completition_cost": 0.0, "overshoot_cost": 59.65655775502305, "power_cost": 17.592724951171874, "noise_cost": 25.887061001830205, "n_waypoints_completed": 9, "tot_waypoints": 9}}
{"target": -344.5923891973806, "params": {"k_pid_pos": [1.3885554450422086, 0.5811166092209024, 0.19977565166005762], "k_pid_alt": [1.6082490523645254, 0.7154071296158017, 0.7389840039155418], "k_pid_att": [13.105775155731326, 1.2376256611230811, 0.9275625510065076], "k_pid_yaw": [0.5, 1e-06, 0.1], "k_pid_hsp": [4.3672302205847, 0.2145846728195292, 0.40852864372463615], "k_pid_vsp": [341.36122930726646, 93.57579511219681, 23.321097617323666]}, "datetime": {"datetime": "2025-08-13 10:17:29", "elapsed": 1777.213710308075, "delta": 31.976608753204346}, "costs": {"total_cost": 344.5923891973806, "time_cost": 92.12, "final_distance_cost": 1.729998569970798, "oscillation_cost": 144.45739556794223, "completition_cost": 0.0, "overshoot_cost": 57.20862930173849, "power_cost": 25.53464489746094, "noise_cost": 23.5417208602681, "n_waypoints_completed": 9, "tot_waypoints": 9}}
{"target": -222.29868264684063, "params": {"k_pid_pos": [0.8325832251638142, 0.04925411992759399, 0.3736141384595716], "k_pid_alt": [0.1927819243069986, 0.9026023965438417, 0.45577628983361107], "k_pid_att": [11.895331074021131, 3.0596356458441103, 0.9274604585040267], "k_pid_yaw": [0.5, 1e-06, 0.1], "k_pid_hsp": [0.09847755819799779, 0.011264223901387349, 0.0], "k_pid_vsp": [111.20884264032553, 20.0, 10.0]}, "datetime": {"datetime": "2025-08-13 10:17:53", "elapsed": 1801.9910171031952, "delta": 24.77730679512024}, "costs": {"total_cost": 222.29868264684063, "time_cost": 89.57900000000001, "final_distance_cost": 1.7896364918342236, "oscillation_cost": 26.63886481932951, "completition_cost": 0.0, "overshoot_cost": 63.394579575951525, "power_cost": 19.09696368408203, "noise_cost": 21.799638075643305, "n_waypoints_completed": 9, "tot_waypoints": 9}}
{"target": -612.2410549455822, "params": {"k_pid_pos": [1.4338086892990753, 0.44936150214378867, 0.272241561845159], "k_pid_alt": [1.0475058974352744, 0.10167190290371597, 0.8334585537885597], "k_pid_att": [34.240367681062864, 6.712347009944595, 0.33363775832823817], "k_pid_yaw": [0.5, 1e-06, 0.1], "k_pid_hsp": [8.983675636960621, 0.7625321470706523, 0.2705349409101757], "k_pid_vsp": [145.6768071088216, 125.77599276726518, 63.04466029238821]}, "datetime": {"datetime": "2025-08-13 10:18:21", "elapsed": 1829.2710886001587, "delta": 27.2800714969635}, "costs": {"total_cost": 612.2410549455822, "time_cost": 108.017, "final_distance_cost": 1.7732137036686506, "oscillation_cost": 398.96069701032457, "completition_cost": 0.0, "overshoot_cost": 53.02949017304376, "power_cost": 25.736145446777346, "noise_cost": 24.724508611767877, "n_waypoints_completed": 9, "tot_waypoints": 9}}
{"target": -728.669431847053, "params": {"k_pid_pos": [0.49275800590297264, 0.18848155022322047, 0.17888737446852812], "k_pid_alt": [1.515427128667956, 0.7553301727947445, 0.14033959706391264], "k_pid_att": [41.91143193163038, 9.662322498240602, 0.5960425532343728], "k_pid_yaw": [0.5, 1e-06, 0.1], "k_pid_hsp": [9.330238913679953, 0.23285228494370624, 0.4673816015552915], "k_pid_vsp": [313.90537970087496, 7.134714572958311, 43.657599597149975]}, "datetime": {"datetime": "2025-08-13 10:18:51", "elapsed": 1859.6528294086456, "delta": 30.38174080848694}, "costs": {"total_cost": 728.669431847053, "time_cost": 117.992, "final_distance_cost": 1.7671664583125724, "oscillation_cost": 476.0165199172821, "completition_cost": 0.0, "overshoot_cost": 61.03381228637821, "power_cost": 39.43034873046875, "noise_cost": 32.42958445461147, "n_waypoints_completed": 9, "tot_waypoints": 9}}
{"target": -191.4112783703414, "params": {"k_pid_pos": [1.849624377781123, 0.024859491386256316, 0.44963268842268056], "k_pid_alt": [1.2679502233621702, 0.0, 0.949345597264735], "k_pid_att": [39.447728079683905, 3.8677381495188174, 0.1845336041603497], "k_pid_yaw": [0.5, 1e-06, 0.1], "k_pid_hsp": [0.09847755819799779, 0.011264223901387349, 0.0], "k_pid_vsp": [194.7624155113164, 20.0, 10.0]}, "datetime": {"datetime": "2025-08-13 10:19:12", "elapsed": 1881.029090642929, "delta": 21.376261234283447}, "costs": {"total_cost": 191.4112783703414, "time_cost": 73.47200000000001, "final_distance_cost": 1.8209800622708605, "oscillation_cost": 32.081199125718, "completition_cost": 0.0, "overshoot_cost": 51.68982919980626, "power_cost": 13.718697290039064, "noise_cost": 18.628572692507188, "n_waypoints_completed": 9, "tot_waypoints": 9}}
{"target": -453.4501508775599, "params": {"k_pid_pos": [1.4920539590588684, 0.20197903768878156, 0.4532799165001634], "k_pid_alt": [1.3349798462935158, 0.5944336637564518, 0.7389840039155418], "k_pid_att": [32.65468426717799, 1.378021579924459, 0.9275625510065076], "k_pid_yaw": [0.5, 1e-06, 0.1], "k_pid_hsp": [3.9758421804300244, 0.8457969578021425, 0.4885840453515333], "k_pid_vsp": [265.14568510543296, 382.2493028631647, 114.57849146637578]}, "datetime": {"datetime": "2025-08-13 10:19:40", "elapsed": 1908.3223006725311, "delta": 27.29321002960205}, "costs": {"total_cost": 453.4501508775599, "time_cost": 85.806, "final_distance_cost": 1.7783611740694003, "oscillation_cost": 264.19592484250126, "completition_cost": 0.0, "overshoot_cost": 53.938210582886896, "power_cost": 25.664061474609376, "noise_cost": 22.067592803493017, "n_waypoints_completed": 9, "tot_waypoints": 9}}
{"target": -491.0047622760018, "params": {"k_pid_pos": [1.3125724517510475, 0.036162710494696215, 0.0054298341287004614], "k_pid_alt": [0.10331583402879785, 0.7154071296158017, 0.7389840039155418], "k_pid_att": [13.105775155731326, 1.2376256611230811, 0.9275625510065076], "k_pid_yaw": [0.5, 1e-06, 0.1], "k_pid_hsp": [3.9758421804300244, 0.30094869178093975, 0.4885840453515333], "k_pid_vsp": [265.14568510543296, 382.2493028631647, 160.0245790538407]}, "datetime": {"datetime": "2025-08-13 10:20:10", "elapsed": 1938.6423246860504, "delta": 30.320024013519287}, "costs": {"total_cost": 491.0047622760018, "time_cost": 107.646, "final_distance_cost": 1.7910141150994492, "oscillation_cost": 252.58697395857808, "completition_cost": 0.0, "overshoot_cost": 68.06175745704324, "power_cost": 33.58439348144531, "noise_cost": 27.334623263835738, "n_waypoints_completed": 9, "tot_waypoints": 9}}
{"target": -478.7162558358585, "params": {"k_pid_pos": [1.4338086892990753, 0.44936150214378867, 0.272241561845159], "k_pid_alt": [0.1927819243069986, 0.9026023965438417, 0.45577628983361107], "k_pid_att": [20.236336479523032, 3.0596356458441103, 0.9274604585040267], "k_pid_yaw": [0.5, 1e-06, 0.1], "k_pid_hsp": [0.09847755819799779, 0.011264223901387349, 0.0], "k_pid_vsp": [111.20884264032553, 20.0, 10.0]}, "datetime": {"datetime": "2025-08-13 10:20:42", "elapsed": 1970.1999759674072, "delta": 31.55765128135681}, "costs": {"total_cost": 478.7162558358585, "time_cost": 150, "final_distance_cost": 49.39854917561227, "oscillation_cost": 41.44615253713379, "completition_cost": 111.11111111111116, "overshoot_cost": 66.35465957141567, "power_cost": 28.893580529785158, "noise_cost": 31.51220291080048, "n_waypoints_completed": 8, "tot_waypoints": 9}}
{"target": -1635.6864975731446, "params": {"k_pid_pos": [1.4338086892990753, 0.44936150214378867, 0.272241561845159], "k_pid_alt": [0.1927819243069986, 0.9026023965438417, 0.45577628983361107], "k_pid_att": [20.236336479523032, 3.0596356458441103, 0.9274604585040267], "k_pid_yaw": [0.5, 1e-06, 0.1], "k_pid_hsp": [0.09847755819799779, 0.011264223901387349, 0.3361299685293737], "k_pid_vsp": [111.20884264032553, 20.0, 10.0]}, "datetime": {"datetime": "2025-08-13 10:21:12", "elapsed": 2000.1561028957367, "delta": 29.956126928329468}, "costs": {"total_cost": 1635.6864975731446, "time_cost": 150, "final_distance_cost": 63.195161867868954, "oscillation_cost": 411.2142463968107, "completition_cost": 888.8888888888888, "overshoot_cost": 53.55025036070061, "power_cost": 36.94079494628907, "noise_cost": 31.897155112586532, "n_waypoints_completed": 1, "tot_waypoints": 9}}
{"target": -1343.2807897615005, "params": {"k_pid_pos": [1.5580148095208002, 0.13455220841314708, 0.23453515044129858], "k_pid_alt": [1.028445740380829, 0.8575721441225576, 0.5146293421163498], "k_pid_att": [13.799751734790533, 4.013615439978124, 0.26646331750084606], "k_pid_yaw": [0.5, 1e-06, 0.1], "k_pid_hsp": [1.3977701326984733, 0.4778772740237458, 0.416889368594885], "k_pid_vsp": [93.02797621154949, 147.0047246785394, 146.5569805641065]}, "datetime": {"datetime": "2025-08-13 10:21:41", "elapsed": 2029.7838251590729, "delta": 29.62772226333618}, "costs": {"total_cost": 1343.2807897615005, "time_cost": 150, "final_distance_cost": 38.70636344158844, "oscillation_cost": 457.9057753899603, "completition_cost": 555.5555555555555, "overshoot_cost": 75.25709314778109, "power_cost": 33.55907410888672, "noise_cost": 32.29692811772846, "n_waypoints_completed": 4, "tot_waypoints": 9}}
{"target": -559.5235326418508, "params": {"k_pid_pos": [0.49275800590297264, 0.18848155022322047, 0.17888737446852812], "k_pid_alt": [1.515427128667956, 0.0, 0.949345597264735], "k_pid_att": [48.09104283000786, 7.278460205357287, 0.5354347898300031], "k_pid_yaw": [0.5, 1e-06, 0.1], "k_pid_hsp": [8.485620031687368, 0.652587340560102, 0.8043918279470774], "k_pid_vsp": [268.9057724893779, 253.16705207413065, 115.26224638482907]}, "datetime": {"datetime": "2025-08-13 10:22:03", "elapsed": 2051.8376569747925, "delta": 22.053831815719604}, "costs": {"total_cost": 559.5235326418508, "time_cost": 86.24, "final_distance_cost": 1.8370026363624732, "oscillation_cost": 377.4120063358268, "completition_cost": 0.0, "overshoot_cost": 53.300555241625545, "power_cost": 20.689174816894532, "noise_cost": 20.044793611141415, "n_waypoints_completed": 9, "tot_waypoints": 9}}
