{"target": -190.6470426821632, "params": {"k_pid_pos": [1.8792899704868669, 0.038219275878738745, 0.8672549058211023], "k_pid_alt": [1.5786606064986153, 0.0, 0.23086984934879706], "k_pid_att": [29.46763110571006, 5.3753599788647985, 0.3529475069797985], "k_pid_yaw": [0.5, 1e-06, 0.1], "k_pid_hsp": [0.09847755819799779, 0.011264223901387349, 0.0], "k_pid_vsp": [251.5004449007475, 59.083466427248936, 10.0]}, "datetime": {"datetime": "2025-08-13 20:57:46", "elapsed": 40194.53921627998, "delta": 16.77543544769287}, "costs": {"total_cost": 190.6470426821632, "time_cost": 70.18900000000001, "final_distance_cost": 1.8137480088968099, "oscillation_cost": 28.869116413079144, "completition_cost": 0.0, "overshoot_cost": 51.75783802571284, "power_cost": 19.038619689941406, "noise_cost": 18.978720544532976, "n_waypoints_completed": 9, "tot_waypoints": 9}}
{"target": -208.74551478867815, "params": {"k_pid_pos": [1.733835489643198, 0.024859491386256316, 0.9451257094832697], "k_pid_alt": [0.8511837275376319, 0.028806210149256217, 0.014398680574380873], "k_pid_att": [11.329609997636037, 8.451705289372699, 0.9623745068707039], "k_pid_yaw": [0.5, 1e-06, 0.1], "k_pid_hsp": [4.3372224232348895, 0.011264223901387349, 0.0], "k_pid_vsp": [251.5004449007475, 59.083466427248936, 10.0]}, "datetime": {"datetime": "2025-08-13 20:58:05", "elapsed": 40214.03999853134, "delta": 19.500782251358032}, "costs": {"total_cost": 208.74551478867815, "time_cost": 74.683, "final_distance_cost": 1.840302323413067, "oscillation_cost": 42.154168835138734, "completition_cost": 0.0, "overshoot_cost": 50.99476679516763, "power_cost": 19.249974621582034, "noise_cost": 19.823302213376667, "n_waypoints_completed": 9, "tot_waypoints": 9}}
{"target": -196.40328720516217, "params": {"k_pid_pos": [1.733835489643198, 0.024859491386256316, 0.6354931049670316], "k_pid_alt": [1.4458679973838424, 0.028806210149256217, 0.3146878632891922], "k_pid_att": [29.46763110571006, 5.6580295118978245, 0.3529475069797985], "k_pid_yaw": [0.5, 1e-06, 0.1], "k_pid_hsp": [0.09847755819799779, 0.011264223901387349, 0.0], "k_pid_vsp": [333.9671041363143, 289.9420907665546, 16.252805564631274]}, "datetime": {"datetime": "2025-08-13 20:58:23", "elapsed": 40231.61607837677, "delta": 17.576079845428467}, "costs": {"total_cost": 196.40328720516217, "time_cost": 71.715, "final_distance_cost": 1.8035555568331803, "oscillation_cost": 30.778646824645598, "completition_cost": 0.0, "overshoot_cost": 51.533017002784135, "power_cost": 20.748258007812503, "noise_cost": 19.824809813086777, "n_waypoints_completed": 9, "tot_waypoints": 9}}
{"target": -238.60058417270466, "params": {"k_pid_pos": [1.8792899704868669, 0.038219275878738745, 0.969378560536396], "k_pid_alt": [1.5786606064986153, 0.0, 0.23086984934879706], "k_pid_att": [29.46763110571006, 1.3530193656632616, 0.6559199499296157], "k_pid_yaw": [0.5, 1e-06, 0.1], "k_pid_hsp": [0.09847755819799779, 0.1855468782182117, 0.0], "k_pid_vsp": [251.5004449007475, 59.083466427248936, 10.0]}, "datetime": {"datetime": "2025-08-13 20:58:42", "elapsed": 40250.3352394104, "delta": 18.71916103363037}, "costs": {"total_cost": 238.60058417270466, "time_cost": 74.20700000000001, "final_distance_cost": 1.8433141273368345, "oscillation_cost": 66.0436388261309, "completition_cost": 0.0, "overshoot_cost": 52.33322326691825, "power_cost": 21.70139069824219, "noise_cost": 22.472017254076455, "n_waypoints_completed": 9, "tot_waypoints": 9}}
{"target": -241.82084785187362, "params": {"k_pid_pos": [1.8792899704868669, 0.8340419296703991, 0.704167472379422], "k_pid_alt": [1.5073007903459947, 0.27875359925262033, 0.3146878632891922], "k_pid_att": [11.329609997636037, 6.043751783864618, 0.8896747318008217], "k_pid_yaw": [0.5, 1e-06, 0.1], "k_pid_hsp": [0.09847755819799779, 0.011264223901387349, 0.0], "k_pid_vsp": [216.88603982906818, 59.083466427248936, 10.0]}, "datetime": {"datetime": "2025-08-13 20:59:06", "elapsed": 40274.61326098442, "delta": 24.278021574020386}, "costs": {"total_cost": 241.82084785187362, "time_cost": 97.202, "final_distance_cost": 1.7273580060875569, "oscillation_cost": 39.452578576100514, "completition_cost": 0.0, "overshoot_cost": 54.27675258576348, "power_cost": 24.143331665039064, "noise_cost": 25.018827018883, "n_waypoints_completed": 9, "tot_waypoints": 9}}
{"target": -207.54663263772682, "params": {"k_pid_pos": [1.8811307174574419, 0.024859491386256316, 0.704167472379422], "k_pid_alt": [1.411112159818204, 0.00018965351824429266, 0.39033212468778067], "k_pid_att": [60.80703776507656, 2.6889016979653872, 0.6559199499296157], "k_pid_yaw": [0.5, 1e-06, 0.1], "k_pid_hsp": [0.09847755819799779, 0.011264223901387349, 0.0], "k_pid_vsp": [251.5004449007475, 59.083466427248936, 63.37118315844313]}, "datetime": {"datetime": "2025-08-13 20:59:25", "elapsed": 40293.55927467346, "delta": 18.946013689041138}, "costs": {"total_cost": 207.54663263772682, "time_cost": 76.71300000000001, "final_distance_cost": 1.8055110222792197, "oscillation_cost": 30.87243613216193, "completition_cost": 0.0, "overshoot_cost": 54.259653216047475, "power_cost": 22.39498319091797, "noise_cost": 21.5010490763202, "n_waypoints_completed": 9, "tot_waypoints": 9}}
{"target": -207.50853521969438, "params": {"k_pid_pos": [1.8792899704868669, 0.024859491386256316, 0.8800578400597763], "k_pid_alt": [1.477768752937916, 0.27875359925262033, 0.3146878632891922], "k_pid_att": [11.329609997636037, 6.043751783864618, 0.9623745068707039], "k_pid_yaw": [0.5, 1e-06, 0.1], "k_pid_hsp": [0.09847755819799779, 0.011264223901387349, 0.0], "k_pid_vsp": [152.62952303200586, 59.083466427248936, 10.0]}, "datetime": {"datetime": "2025-08-13 20:59:45", "elapsed": 40313.081241846085, "delta": 19.52196717262268}, "costs": {"total_cost": 207.50853521969438, "time_cost": 79.058, "final_distance_cost": 1.7677292226421975, "oscillation_cost": 30.724563904735195, "completition_cost": 0.0, "overshoot_cost": 52.18264472141127, "power_cost": 22.156280114746096, "noise_cost": 21.619317256159594, "n_waypoints_completed": 9, "tot_waypoints": 9}}
{"target": -195.23498055761704, "params": {"k_pid_pos": [1.5164821318119608, 0.024859491386256316, 0.5922288399539734], "k_pid_alt": [0.6162310025038176, 0.0, 0.23086984934879706], "k_pid_att": [29.46763110571006, 5.6580295118978245, 0.3529475069797985], "k_pid_yaw": [0.5, 1e-06, 0.1], "k_pid_hsp": [0.17225665165883555, 0.011264223901387349, 0.0], "k_pid_vsp": [387.1470188825909, 57.93155354082285, 16.252805564631274]}, "datetime": {"datetime": "2025-08-13 21:00:03", "elapsed": 40331.79088973999, "delta": 18.70964789390564}, "costs": {"total_cost": 195.23498055761704, "time_cost": 75.509, "final_distance_cost": 1.8471222142240493, "oscillation_cost": 30.116620396622707, "completition_cost": 0.0, "overshoot_cost": 51.19346935476817, "power_cost": 18.74448087158203, "noise_cost": 17.82428772042008, "n_waypoints_completed": 9, "tot_waypoints": 9}}
{"target": -196.10025383816702, "params": {"k_pid_pos": [0.733120299083194, 0.038219275878738745, 0.8672549058211023], "k_pid_alt": [1.5786606064986153, 0.0, 0.23086984934879706], "k_pid_att": [29.46763110571006, 5.3753599788647985, 0.9351000021083623], "k_pid_yaw": [0.5, 1e-06, 0.1], "k_pid_hsp": [0.09847755819799779, 0.011264223901387349, 0.0], "k_pid_vsp": [387.1470188825909, 57.93155354082285, 16.252805564631274]}, "datetime": {"datetime": "2025-08-13 21:00:23", "elapsed": 40351.43321561813, "delta": 19.64232587814331}, "costs": {"total_cost": 196.10025383816702, "time_cost": 82.026, "final_distance_cost": 1.8588626428864974, "oscillation_cost": 23.286018451819654, "completition_cost": 0.0, "overshoot_cost": 52.666162335260495, "power_cost": 17.139916284179687, "noise_cost": 19.12329412402071, "n_waypoints_completed": 9, "tot_waypoints": 9}}
{"target": -1336.31487437998, "params": {"k_pid_pos": [0.3357872054297934, 0.024859491386256316, 0.9451257094832697], "k_pid_alt": [1.5786606064986153, 0.0, 0.23086984934879706], "k_pid_att": [47.77631716562736, 5.6580295118978245, 0.3529475069797985], "k_pid_yaw": [0.5, 1e-06, 0.1], "k_pid_hsp": [0.17225665165883555, 0.011264223901387349, 0.0], "k_pid_vsp": [251.5004449007475, 59.083466427248936, 297.18221048708995]}, "datetime": {"datetime": "2025-08-13 21:00:54", "elapsed": 40382.09660077095, "delta": 30.663385152816772}, "costs": {"total_cost": 1336.31487437998, "time_cost": 150, "final_distance_cost": 51.61629926104198, "oscillation_cost": 3.845767228141842, "completition_cost": 888.8888888888888, "overshoot_cost": 135.11372946777115, "power_cost": 30.71318631591797, "noise_cost": 76.13700321821813, "n_waypoints_completed": 1, "tot_waypoints": 9}}
{"target": -201.64226957241962, "params": {"k_pid_pos": [1.8792899704868669, 0.2836793541084326, 0.9752376885840038], "k_pid_alt": [1.5786606064986153, 0.6742641001630488, 0.23086984934879706], "k_pid_att": [29.46763110571006, 5.6580295118978245, 0.3529475069797985], "k_pid_yaw": [0.5, 1e-06, 0.1], "k_pid_hsp": [0.17225665165883555, 0.011264223901387349, 0.0], "k_pid_vsp": [387.1470188825909, 57.93155354082285, 16.252805564631274]}, "datetime": {"datetime": "2025-08-13 21:01:14", "elapsed": 40402.1968460083, "delta": 20.100245237350464}, "costs": {"total_cost": 201.64226957241962, "time_cost": 78.981, "final_distance_cost": 1.7954277206009481, "oscillation_cost": 31.814503447397534, "completition_cost": 0.0, "overshoot_cost": 51.872293950523016, "power_cost": 18.90997547607422, "noise_cost": 18.269068977823913, "n_waypoints_completed": 9, "tot_waypoints": 9}}
{"target": -817.0408718489228, "params": {"k_pid_pos": [1.733835489643198, 0.024859491386256316, 0.9451257094832697], "k_pid_alt": [1.5786606064986153, 0.0, 0.23086984934879706], "k_pid_att": [29.46763110571006, 7.216224919590021, 0.3529475069797985], "k_pid_yaw": [0.5, 1e-06, 0.1], "k_pid_hsp": [0.09847755819799779, 0.8100843395034236, 0.0], "k_pid_vsp": [333.9671041363143, 289.9420907665546, 16.252805564631274]}, "datetime": {"datetime": "2025-08-13 21:01:44", "elapsed": 40432.29110574722, "delta": 30.09425973892212}, "costs": {"total_cost": 817.0408718489228, "time_cost": 150, "final_distance_cost": 70.92916777780445, "oscillation_cost": 129.7244830289118, "completition_cost": 333.33333333333337, "overshoot_cost": 72.44279046344772, "power_cost": 31.346127343750002, "noise_cost": 29.264969901675553, "n_waypoints_completed": 6, "tot_waypoints": 9}}
{"target": -202.4012691343315, "params": {"k_pid_pos": [1.5164821318119608, 0.024859491386256316, 0.704167472379422], "k_pid_alt": [1.477768752937916, 0.00018965351824429266, 0.6600607021214705], "k_pid_att": [25.997073188089082, 2.6889016979653872, 0.08105699149151435], "k_pid_yaw": [0.5, 1e-06, 0.1], "k_pid_hsp": [1.1779218432282734, 0.011264223901387349, 0.0], "k_pid_vsp": [251.5004449007475, 59.083466427248936, 19.905301600864938]}, "datetime": {"datetime": "2025-08-13 21:02:01", "elapsed": 40449.22054052353, "delta": 16.929434776306152}, "costs": {"total_cost": 202.4012691343315, "time_cost": 71.806, "final_distance_cost": 1.8493396767571426, "oscillation_cost": 38.7872764655282, "completition_cost": 0.0, "overshoot_cost": 50.890295029264415, "power_cost": 19.64988817138672, "noise_cost": 19.41846979139502, "n_waypoints_completed": 9, "tot_waypoints": 9}}
{"target": -181.15630553869343, "params": {"k_pid_pos": [1.7411990865856197, 0.08329610310830193, 0.9451257094832697], "k_pid_alt": [1.4458679973838424, 0.028806210149256217, 0.014398680574380873], "k_pid_att": [11.329609997636037, 3.4126860594551975, 0.9623745068707039], "k_pid_yaw": [0.5, 1e-06, 0.1], "k_pid_hsp": [0.09847755819799779, 0.011264223901387349, 0.0], "k_pid_vsp": [251.5004449007475, 59.083466427248936, 10.0]}, "datetime": {"datetime": "2025-08-13 21:02:18", "elapsed": 40466.6151702404, "delta": 17.39462971687317}, "costs": {"total_cost": 181.15630553869343, "time_cost": 70.154, "final_distance_cost": 1.831076348580927, "oscillation_cost": 27.990047102452728, "completition_cost": 0.0, "overshoot_cost": 51.50981429038338, "power_cost": 11.049103845214844, "noise_cost": 18.62226395206155, "n_waypoints_completed": 9, "tot_waypoints": 9}}
{"target": -248.4855444799017, "params": {"k_pid_pos": [1.733835489643198, 0.024859491386256316, 0.9451257094832697], "k_pid_alt": [1.5786606064986153, 0.0, 0.23086984934879706], "k_pid_att": [29.46763110571006, 5.6580295118978245, 0.3529475069797985], "k_pid_yaw": [0.5, 1e-06, 0.1], "k_pid_hsp": [9.086286773106698, 0.011264223901387349, 0.0], "k_pid_vsp": [333.9671041363143, 289.9420907665546, 16.252805564631274]}, "datetime": {"datetime": "2025-08-13 21:02:35", "elapsed": 40483.437930583954, "delta": 16.822760343551636}, "costs": {"total_cost": 248.4855444799017, "time_cost": 70.287, "final_distance_cost": 1.8431638727698632, "oscillation_cost": 87.43943811169804, "completition_cost": 0.0, "overshoot_cost": 50.51464060715622, "power_cost": 19.083931396484378, "noise_cost": 19.317370491793174, "n_waypoints_completed": 9, "tot_waypoints": 9}}
{"target": -1019.5177845171585, "params": {"k_pid_pos": [1.8792899704868669, 0.038219275878738745, 0.9752376885840038], "k_pid_alt": [1.5786606064986153, 0.0, 0.23086984934879706], "k_pid_att": [29.46763110571006, 5.6580295118978245, 0.3529475069797985], "k_pid_yaw": [0.5, 1e-06, 0.1], "k_pid_hsp": [0.17225665165883555, 0.011264223901387349, 0.0], "k_pid_vsp": [357.7926419362953, 390.57703552990625, 291.87154017034953]}, "datetime": {"datetime": "2025-08-13 21:03:05", "elapsed": 40513.60077357292, "delta": 30.162842988967896}, "costs": {"total_cost": 1019.5177845171585, "time_cost": 150, "final_distance_cost": 80.42544447959118, "oscillation_cost": 10.304635535237843, "completition_cost": 666.6666666666667, "overshoot_cost": 54.39281155993671, "power_cost": 30.884221008300784, "noise_cost": 26.844005267425256, "n_waypoints_completed": 3, "tot_waypoints": 9}}
{"target": -302.22928902650114, "params": {"k_pid_pos": [1.2064217457767001, 0.024859491386256316, 0.9677620586651221], "k_pid_alt": [1.5786606064986153, 0.490519778721512, 0.23086984934879706], "k_pid_att": [29.46763110571006, 3.709223089780779, 0.3529475069797985], "k_pid_yaw": [0.5, 1e-06, 0.1], "k_pid_hsp": [0.17225665165883555, 0.7198891318070316, 0.0], "k_pid_vsp": [251.5004449007475, 59.083466427248936, 10.0]}, "datetime": {"datetime": "2025-08-13 21:03:27", "elapsed": 40535.653911828995, "delta": 22.053138256072998}, "costs": {"total_cost": 302.22928902650114, "time_cost": 86.751, "final_distance_cost": 1.7876986622008846, "oscillation_cost": 108.26507238847785, "completition_cost": 0.0, "overshoot_cost": 57.991675096117234, "power_cost": 22.792696057128907, "noise_cost": 24.641146822576285, "n_waypoints_completed": 9, "tot_waypoints": 9}}
{"target": -184.83867629678772, "params": {"k_pid_pos": [1.733835489643198, 0.024859491386256316, 0.9451257094832697], "k_pid_alt": [1.5786606064986153, 0.0, 0.23086984934879706], "k_pid_att": [29.46763110571006, 5.6580295118978245, 0.20497828334174084], "k_pid_yaw": [0.5, 1e-06, 0.1], "k_pid_hsp": [0.17225665165883555, 0.011264223901387349, 0.0], "k_pid_vsp": [121.11927891757475, 57.93155354082285, 16.252805564631274]}, "datetime": {"datetime": "2025-08-13 21:03:45", "elapsed": 40553.61708068848, "delta": 17.96316885948181}, "costs": {"total_cost": 184.83867629678772, "time_cost": 69.57300000000001, "final_distance_cost": 1.8415788386673326, "oscillation_cost": 29.07617678301614, "completition_cost": 0.0, "overshoot_cost": 50.0655064474013, "power_cost": 17.132603271484374, "noise_cost": 17.14981095621857, "n_waypoints_completed": 9, "tot_waypoints": 9}}
{"target": -201.7619690018512, "params": {"k_pid_pos": [1.7411990865856197, 0.08329610310830193, 0.9451257094832697], "k_pid_alt": [1.4458679973838424, 0.028806210149256217, 0.014398680574380873], "k_pid_att": [11.329609997636037, 3.4126860594551975, 0.9623745068707039], "k_pid_yaw": [0.5, 1e-06, 0.1], "k_pid_hsp": [0.09847755819799779, 0.011264223901387349, 0.0], "k_pid_vsp": [251.5004449007475, 59.083466427248936, 10.0]}, "datetime": {"datetime": "2025-08-13 21:04:03", "elapsed": 40571.352966308594, "delta": 17.735885620117188}, "costs": {"total_cost": 201.7619690018512, "time_cost": 72.282, "final_distance_cost": 1.8357473170969734, "oscillation_cost": 29.717419610926147, "completition_cost": 0.0, "overshoot_cost": 52.98794161456493, "power_cost": 22.988433154296875, "noise_cost": 21.9504273049663, "n_waypoints_completed": 9, "tot_waypoints": 9}}
{"target": -192.26683672191436, "params": {"k_pid_pos": [1.733835489643198, 0.024859491386256316, 0.9451257094832697], "k_pid_alt": [1.4458679973838424, 0.00018965351824429266, 0.23086984934879706], "k_pid_att": [11.246502653247227, 5.6580295118978245, 0.3529475069797985], "k_pid_yaw": [0.5, 1e-06, 0.1], "k_pid_hsp": [0.09847755819799779, 0.011264223901387349, 0.0], "k_pid_vsp": [333.9671041363143, 289.9420907665546, 16.252805564631274]}, "datetime": {"datetime": "2025-08-13 21:04:20", "elapsed": 40588.42896795273, "delta": 17.07600164413452}, "costs": {"total_cost": 192.26683672191436, "time_cost": 70.154, "final_distance_cost": 1.8290471971225182, "oscillation_cost": 28.81917888793452, "completition_cost": 0.0, "overshoot_cost": 50.98455780701491, "power_cost": 20.477493481445315, "noise_cost": 20.00255934839708, "n_waypoints_completed": 9, "tot_waypoints": 9}}
{"target": -837.4814629933229, "params": {"k_pid_pos": [1.733835489643198, 0.024859491386256316, 0.9451257094832697], "k_pid_alt": [1.5786606064986153, 0.0, 0.23086984934879706], "k_pid_att": [29.46763110571006, 7.216224919590021, 0.3529475069797985], "k_pid_yaw": [0.5, 1e-06, 0.1], "k_pid_hsp": [0.09847755819799779, 0.8100843395034236, 0.0], "k_pid_vsp": [333.9671041363143, 48.32284493102569, 16.252805564631274]}, "datetime": {"datetime": "2025-08-13 21:04:50", "elapsed": 40618.9445168972, "delta": 30.515548944473267}, "costs": {"total_cost": 837.4814629933229, "time_cost": 150, "final_distance_cost": 70.85938292545829, "oscillation_cost": 142.33041311152454, "completition_cost": 333.33333333333337, "overshoot_cost": 72.03265209228803, "power_cost": 35.96846739501953, "noise_cost": 32.95721413569929, "n_waypoints_completed": 6, "tot_waypoints": 9}}
{"target": -184.602924394983, "params": {"k_pid_pos": [1.733835489643198, 0.024859491386256316, 0.9451257094832697], "k_pid_alt": [1.5786606064986153, 0.0, 0.23086984934879706], "k_pid_att": [29.46763110571006, 5.6580295118978245, 0.20497828334174084], "k_pid_yaw": [0.5, 1e-06, 0.1], "k_pid_hsp": [0.17225665165883555, 0.011264223901387349, 0.0], "k_pid_vsp": [121.11927891757475, 57.93155354082285, 16.252805564631274]}, "datetime": {"datetime": "2025-08-13 21:05:07", "elapsed": 40635.57385492325, "delta": 16.629338026046753}, "costs": {"total_cost": 184.602924394983, "time_cost": 69.258, "final_distance_cost": 1.8442500741098546, "oscillation_cost": 28.96116115284354, "completition_cost": 0.0, "overshoot_cost": 49.907164041503556, "power_cost": 17.416785412597658, "noise_cost": 17.215563713928432, "n_waypoints_completed": 9, "tot_waypoints": 9}}
{"target": -191.08768971106207, "params": {"k_pid_pos": [1.7411990865856197, 0.08329610310830193, 0.9451257094832697], "k_pid_alt": [1.4458679973838424, 0.028806210149256217, 0.595216579879133], "k_pid_att": [52.211904611383375, 6.272448114604272, 0.9623745068707039], "k_pid_yaw": [0.5, 1e-06, 0.1], "k_pid_hsp": [0.09847755819799779, 0.011264223901387349, 0.0], "k_pid_vsp": [251.5004449007475, 59.083466427248936, 10.0]}, "datetime": {"datetime": "2025-08-13 21:05:26", "elapsed": 40654.270909786224, "delta": 18.697054862976074}, "costs": {"total_cost": 191.08768971106207, "time_cost": 70.791, "final_distance_cost": 1.8194333562871234, "oscillation_cost": 27.97822286489032, "completition_cost": 0.0, "overshoot_cost": 51.64112090451833, "power_cost": 19.495550915527346, "noise_cost": 19.362361669838936, "n_waypoints_completed": 9, "tot_waypoints": 9}}
{"target": -201.6478653378514, "params": {"k_pid_pos": [0.733120299083194, 0.038219275878738745, 0.8672549058211023], "k_pid_alt": [1.5786606064986153, 0.0, 0.23086984934879706], "k_pid_att": [29.46763110571006, 5.3753599788647985, 0.9351000021083623], "k_pid_yaw": [0.5, 1e-06, 0.1], "k_pid_hsp": [0.09847755819799779, 0.011264223901387349, 0.0], "k_pid_vsp": [387.1470188825909, 57.93155354082285, 16.252805564631274]}, "datetime": {"datetime": "2025-08-13 21:05:45", "elapsed": 40673.661370277405, "delta": 19.39046049118042}, "costs": {"total_cost": 201.6478653378514, "time_cost": 82.019, "final_distance_cost": 1.8591628501733763, "oscillation_cost": 22.494017817945895, "completition_cost": 0.0, "overshoot_cost": 52.68689992488749, "power_cost": 20.628107763671878, "noise_cost": 21.96067698117279, "n_waypoints_completed": 9, "tot_waypoints": 9}}
{"target": -194.44719839544882, "params": {"k_pid_pos": [1.733835489643198, 0.024859491386256316, 0.9451257094832697], "k_pid_alt": [1.4458679973838424, 0.6593059046539728, 0.6600607021214705], "k_pid_att": [68.93098199109546, 2.6889016979653872, 0.6559199499296157], "k_pid_yaw": [0.5, 1e-06, 0.1], "k_pid_hsp": [0.09847755819799779, 0.011264223901387349, 0.0], "k_pid_vsp": [317.72943350442205, 130.53254854158118, 10.0]}, "datetime": {"datetime": "2025-08-13 21:06:04", "elapsed": 40692.27648019791, "delta": 18.61510992050171}, "costs": {"total_cost": 194.44719839544882, "time_cost": 74.697, "final_distance_cost": 1.8078145853753576, "oscillation_cost": 29.17957911611532, "completition_cost": 0.0, "overshoot_cost": 51.8422003775719, "power_cost": 18.47008427734375, "noise_cost": 18.450520039042495, "n_waypoints_completed": 9, "tot_waypoints": 9}}
