{"target": -519.6233744875669, "params": {"k_pid_pos": [1.4340672435785011, 0.5303319676020144, 0.7684864802628129], "k_pid_alt": [1.4458679973838424, 0.0, 0.5350090938005817], "k_pid_att": [43.948176657889235, 0.18205753750414305, 0.9456905697425194], "k_pid_yaw": [0.5, 1e-06, 0.1], "k_pid_hsp": [0.09847755819799779, 0.011264223901387349, 0.11853399466015269], "k_pid_vsp": [277.2708477836043, 175.28714713338795, 10.0]}, "datetime": {"datetime": "2025-08-13 17:14:51", "elapsed": 26819.145902633667, "delta": 27.593477487564087}, "costs": {"total_cost": 519.6233744875669, "time_cost": 113.253, "final_distance_cost": 1.7847287064836652, "oscillation_cost": 255.05237947376858, "completition_cost": 0.0, "overshoot_cost": 85.18572229551005, "power_cost": 33.102751574707035, "noise_cost": 31.244792437097615, "n_waypoints_completed": 9, "tot_waypoints": 9}}
{"target": -190.13714985895666, "params": {"k_pid_pos": [1.733835489643198, 0.024859491386256316, 0.8657060267562281], "k_pid_alt": [1.4458679973838424, 0.0, 0.3146878632891922], "k_pid_att": [71.45838630927439, 0.18205753750414305, 0.5315175384971502], "k_pid_yaw": [0.5, 1e-06, 0.1], "k_pid_hsp": [0.09847755819799779, 0.011264223901387349, 0.0], "k_pid_vsp": [63.87935167311278, 93.09285943774285, 10.0]}, "datetime": {"datetime": "2025-08-13 17:15:08", "elapsed": 26836.134256124496, "delta": 16.988353490829468}, "costs": {"total_cost": 190.13714985895666, "time_cost": 70.161, "final_distance_cost": 1.831126088780967, "oscillation_cost": 28.29893582169675, "completition_cost": 0.0, "overshoot_cost": 51.251923797464634, "power_cost": 19.357251977539065, "noise_cost": 19.23691217347527, "n_waypoints_completed": 9, "tot_waypoints": 9}}
{"target": -1067.4461382419072, "params": {"k_pid_pos": [1.6203022768980826, 0.024859491386256316, 0.8519347702918288], "k_pid_alt": [1.4458679973838424, 0.0, 0.3146878632891922], "k_pid_att": [43.948176657889235, 0.18205753750414305, 0.34464953207076743], "k_pid_yaw": [0.5, 1e-06, 0.1], "k_pid_hsp": [0.09847755819799779, 0.011264223901387349, 0.0], "k_pid_vsp": [277.2708477836043, 298.73657637713535, 296.34227500557057]}, "datetime": {"datetime": "2025-08-13 17:15:36", "elapsed": 26864.81889629364, "delta": 28.684640169143677}, "costs": {"total_cost": 1067.4461382419072, "time_cost": 150, "final_distance_cost": 65.41807942714804, "oscillation_cost": 12.673393305814509, "completition_cost": 666.6666666666667, "overshoot_cost": 107.36799310511852, "power_cost": 27.92955916748047, "noise_cost": 37.390446569679035, "n_waypoints_completed": 3, "tot_waypoints": 9}}
{"target": -196.99962758153873, "params": {"k_pid_pos": [1.4340672435785011, 0.024859491386256316, 0.8519347702918288], "k_pid_alt": [1.4458679973838424, 0.5825635189933015, 0.3146878632891922], "k_pid_att": [43.948176657889235, 0.18205753750414305, 0.6331997646149408], "k_pid_yaw": [0.5, 1e-06, 0.1], "k_pid_hsp": [0.09847755819799779, 0.011264223901387349, 0.0], "k_pid_vsp": [376.5747392387296, 93.09285943774285, 10.0]}, "datetime": {"datetime": "2025-08-13 17:15:55", "elapsed": 26883.264937400818, "delta": 18.446041107177734}, "costs": {"total_cost": 196.99962758153873, "time_cost": 75.138, "final_distance_cost": 1.7606651087411205, "oscillation_cost": 27.336387418356907, "completition_cost": 0.0, "overshoot_cost": 52.24941172267512, "power_cost": 20.26237586669922, "noise_cost": 20.25278746506634, "n_waypoints_completed": 9, "tot_waypoints": 9}}
{"target": -187.95523829689046, "params": {"k_pid_pos": [1.4340672435785011, 0.27758761670996657, 0.8519347702918288], "k_pid_alt": [1.4458679973838424, 0.0, 0.3533802069130071], "k_pid_att": [39.447728079683905, 3.8677381495188174, 0.6559199499296157], "k_pid_yaw": [0.5, 1e-06, 0.1], "k_pid_hsp": [0.09847755819799779, 0.011264223901387349, 0.0], "k_pid_vsp": [110.56511661686339, 93.09285943774285, 10.0]}, "datetime": {"datetime": "2025-08-13 17:16:12", "elapsed": 26900.89377784729, "delta": 17.628840446472168}, "costs": {"total_cost": 187.95523829689046, "time_cost": 74.081, "final_distance_cost": 1.8114840449834884, "oscillation_cost": 27.256545763193238, "completition_cost": 0.0, "overshoot_cost": 51.03571831294467, "power_cost": 14.277764514160157, "noise_cost": 19.4927256616089, "n_waypoints_completed": 9, "tot_waypoints": 9}}
{"target": -191.91946935103567, "params": {"k_pid_pos": [0.9203224573796739, 0.18184078163545014, 0.8519347702918288], "k_pid_alt": [1.6586884955541554, 0.0, 0.3146878632891922], "k_pid_att": [43.948176657889235, 0.18205753750414305, 0.34464953207076743], "k_pid_yaw": [0.5, 1e-06, 0.1], "k_pid_hsp": [0.09847755819799779, 0.011264223901387349, 0.0], "k_pid_vsp": [316.2191682070645, 93.09285943774285, 10.0]}, "datetime": {"datetime": "2025-08-13 17:16:30", "elapsed": 26919.009349107742, "delta": 18.11557126045227}, "costs": {"total_cost": 191.91946935103567, "time_cost": 75.691, "final_distance_cost": 1.8317294945739198, "oscillation_cost": 24.167417609150966, "completition_cost": 0.0, "overshoot_cost": 52.11840224128917, "power_cost": 18.318433325195315, "noise_cost": 19.792486680826297, "n_waypoints_completed": 9, "tot_waypoints": 9}}
{"target": -214.25185264491932, "params": {"k_pid_pos": [0.6815964110373376, 0.024859491386256316, 0.8519347702918288], "k_pid_alt": [1.4458679973838424, 0.0, 0.6600607021214705], "k_pid_att": [39.447728079683905, 3.8677381495188174, 0.6559199499296157], "k_pid_yaw": [0.5, 1e-06, 0.1], "k_pid_hsp": [0.09847755819799779, 0.011264223901387349, 0.0], "k_pid_vsp": [387.2664617915111, 93.09285943774285, 10.0]}, "datetime": {"datetime": "2025-08-13 17:16:51", "elapsed": 26939.571938991547, "delta": 20.56258988380432}, "costs": {"total_cost": 214.25185264491932, "time_cost": 86.898, "final_distance_cost": 1.8608025534320753, "oscillation_cost": 21.94331782137633, "completition_cost": 0.0, "overshoot_cost": 53.30501072745434, "power_cost": 24.323220239257815, "noise_cost": 25.92150130339878, "n_waypoints_completed": 9, "tot_waypoints": 9}}
{"target": -183.5401704044564, "params": {"k_pid_pos": [1.4340672435785011, 0.024859491386256316, 0.8519347702918288], "k_pid_alt": [1.4458679973838424, 0.0, 0.6600607021214705], "k_pid_att": [39.447728079683905, 3.8677381495188174, 0.6559199499296157], "k_pid_yaw": [0.5, 1e-06, 0.1], "k_pid_hsp": [0.09847755819799779, 0.011264223901387349, 0.0], "k_pid_vsp": [251.5004449007475, 93.09285943774285, 10.0]}, "datetime": {"datetime": "2025-08-13 17:17:08", "elapsed": 26956.550424337387, "delta": 16.978485345840454}, "costs": {"total_cost": 183.5401704044564, "time_cost": 71.512, "final_distance_cost": 1.8295755857645428, "oscillation_cost": 27.313298290767285, "completition_cost": 0.0, "overshoot_cost": 50.90128377925015, "power_cost": 13.803849096679688, "noise_cost": 18.180163651994725, "n_waypoints_completed": 9, "tot_waypoints": 9}}
{"target": -206.7722688877427, "params": {"k_pid_pos": [1.733835489643198, 0.024859491386256316, 0.8519347702918288], "k_pid_alt": [1.4458679973838424, 0.0, 0.3146878632891922], "k_pid_att": [71.45838630927439, 0.18205753750414305, 0.9456905697425194], "k_pid_yaw": [0.5, 1e-06, 0.1], "k_pid_hsp": [0.09847755819799779, 0.011264223901387349, 0.0], "k_pid_vsp": [277.2708477836043, 50.87373020527707, 10.0]}, "datetime": {"datetime": "2025-08-13 17:17:25", "elapsed": 26973.854635715485, "delta": 17.304211378097534}, "costs": {"total_cost": 206.7722688877427, "time_cost": 74.2, "final_distance_cost": 1.8245381783295904, "oscillation_cost": 29.36377723387731, "completition_cost": 0.0, "overshoot_cost": 53.661600574535264, "power_cost": 25.09760662841797, "noise_cost": 22.62474627258258, "n_waypoints_completed": 9, "tot_waypoints": 9}}
{"target": -187.53341792816423, "params": {"k_pid_pos": [1.4340672435785011, 0.019460639298323645, 0.8519347702918288], "k_pid_alt": [1.4458679973838424, 0.5825635189933015, 0.3146878632891922], "k_pid_att": [43.948176657889235, 0.18205753750414305, 0.9125065750547853], "k_pid_yaw": [0.5, 1e-06, 0.1], "k_pid_hsp": [0.09847755819799779, 0.011264223901387349, 0.0], "k_pid_vsp": [243.1792825771628, 328.58176268426536, 10.0]}, "datetime": {"datetime": "2025-08-13 17:17:43", "elapsed": 26991.126722812653, "delta": 17.27208709716797}, "costs": {"total_cost": 187.53341792816423, "time_cost": 72.94, "final_distance_cost": 1.81127456794265, "oscillation_cost": 27.854388550972722, "completition_cost": 0.0, "overshoot_cost": 50.874396163846285, "power_cost": 15.543603637695313, "noise_cost": 18.50975500770726, "n_waypoints_completed": 9, "tot_waypoints": 9}}
{"target": -217.11780285554704, "params": {"k_pid_pos": [1.4340672435785011, 0.019460639298323645, 0.0386815934960667], "k_pid_alt": [1.4458679973838424, 0.5825635189933015, 0.3146878632891922], "k_pid_att": [43.948176657889235, 0.18205753750414305, 0.9125065750547853], "k_pid_yaw": [0.5, 1e-06, 0.1], "k_pid_hsp": [0.09847755819799779, 0.011264223901387349, 0.0], "k_pid_vsp": [243.1792825771628, 328.58176268426536, 10.0]}, "datetime": {"datetime": "2025-08-13 17:18:03", "elapsed": 27011.797680854797, "delta": 20.670958042144775}, "costs": {"total_cost": 217.11780285554704, "time_cost": 88.095, "final_distance_cost": 1.7296244831330316, "oscillation_cost": 36.2987272445291, "completition_cost": 0.0, "overshoot_cost": 52.82212600103375, "power_cost": 15.79895018310547, "noise_cost": 22.37337494374569, "n_waypoints_completed": 9, "tot_waypoints": 9}}
{"target": -279.4880396540436, "params": {"k_pid_pos": [1.5233419604839473, 0.5303319676020144, 0.5792642345702999], "k_pid_alt": [1.4458679973838424, 0.8453038121781166, 0.3146878632891922], "k_pid_att": [43.948176657889235, 0.6602261003011337, 0.5315175384971502], "k_pid_yaw": [0.5, 1e-06, 0.1], "k_pid_hsp": [0.09847755819799779, 0.011264223901387349, 0.0], "k_pid_vsp": [376.5747392387296, 93.09285943774285, 142.1154440228655]}, "datetime": {"datetime": "2025-08-13 17:18:32", "elapsed": 27041.024558782578, "delta": 29.22687792778015}, "costs": {"total_cost": 279.4880396540436, "time_cost": 119.014, "final_distance_cost": 1.7835212151886004, "oscillation_cost": 36.054346173617716, "completition_cost": 0.0, "overshoot_cost": 65.01241395460008, "power_cost": 29.962650695800782, "noise_cost": 27.661107614836407, "n_waypoints_completed": 9, "tot_waypoints": 9}}
{"target": -193.40735711623844, "params": {"k_pid_pos": [1.6203022768980826, 0.27758761670996657, 0.8519347702918288], "k_pid_alt": [1.4458679973838424, 0.0, 0.3533802069130071], "k_pid_att": [39.447728079683905, 3.8677381495188174, 0.6559199499296157], "k_pid_yaw": [0.5, 1e-06, 0.1], "k_pid_hsp": [0.09847755819799779, 0.011264223901387349, 0.0], "k_pid_vsp": [110.56511661686339, 93.09285943774285, 10.0]}, "datetime": {"datetime": "2025-08-13 17:18:50", "elapsed": 27058.44124507904, "delta": 17.416686296463013}, "costs": {"total_cost": 193.40735711623844, "time_cost": 73.416, "final_distance_cost": 1.7774714985954632, "oscillation_cost": 28.235526420341508, "completition_cost": 0.0, "overshoot_cost": 51.388780928481246, "power_cost": 19.056351147460937, "noise_cost": 19.5332271213593, "n_waypoints_completed": 9, "tot_waypoints": 9}}
{"target": -2069.359183299309, "params": {"k_pid_pos": [1.4340672435785011, 0.36058118701943764, 0.7184847314356495], "k_pid_alt": [0.676571582052889, 0.0, 0.3146878632891922], "k_pid_att": [43.948176657889235, 0.18205753750414305, 0.34464953207076743], "k_pid_yaw": [0.5, 1e-06, 0.1], "k_pid_hsp": [0.09847755819799779, 0.011264223901387349, 0.44182584981578], "k_pid_vsp": [187.54695804945675, 93.09285943774285, 10.0]}, "datetime": {"datetime": "2025-08-13 17:19:19", "elapsed": 27087.537202835083, "delta": 29.09595775604248}, "costs": {"total_cost": 2069.359183299309, "time_cost": 150, "final_distance_cost": 61.39167422994767, "oscillation_cost": 756.5079199417482, "completition_cost": 888.8888888888888, "overshoot_cost": 142.5155176795925, "power_cost": 39.1837396850586, "noise_cost": 30.871442874073047, "n_waypoints_completed": 1, "tot_waypoints": 9}}
{"target": -188.9180006077586, "params": {"k_pid_pos": [1.733835489643198, 0.024859491386256316, 0.8519347702918288], "k_pid_alt": [1.4458679973838424, 0.0, 0.3146878632891922], "k_pid_att": [71.45838630927439, 0.18205753750414305, 0.9456905697425194], "k_pid_yaw": [0.5, 1e-06, 0.1], "k_pid_hsp": [0.09847755819799779, 0.011264223901387349, 0.0], "k_pid_vsp": [277.2708477836043, 50.87373020527707, 10.0]}, "datetime": {"datetime": "2025-08-13 17:19:36", "elapsed": 27104.71020579338, "delta": 17.17300295829773}, "costs": {"total_cost": 188.9180006077586, "time_cost": 70.749, "final_distance_cost": 1.8361886558960137, "oscillation_cost": 28.164059978276363, "completition_cost": 0.0, "overshoot_cost": 51.267372154367784, "power_cost": 18.447782531738284, "noise_cost": 18.45359728748015, "n_waypoints_completed": 9, "tot_waypoints": 9}}
{"target": -194.3217468932764, "params": {"k_pid_pos": [1.6203022768980826, 0.024859491386256316, 0.8519347702918288], "k_pid_alt": [1.4458679973838424, 0.0, 0.3146878632891922], "k_pid_att": [99.05121608804818, 0.18205753750414305, 0.34464953207076743], "k_pid_yaw": [0.5, 1e-06, 0.1], "k_pid_hsp": [0.09847755819799779, 0.011264223901387349, 0.0], "k_pid_vsp": [376.5747392387296, 93.09285943774285, 10.0]}, "datetime": {"datetime": "2025-08-13 17:19:53", "elapsed": 27121.778710365295, "delta": 17.068504571914673}, "costs": {"total_cost": 194.3217468932764, "time_cost": 70.973, "final_distance_cost": 1.8294334223785567, "oscillation_cost": 28.59912466184772, "completition_cost": 0.0, "overshoot_cost": 51.93697945391841, "power_cost": 20.61159454345703, "noise_cost": 20.37161481167468, "n_waypoints_completed": 9, "tot_waypoints": 9}}
{"target": -184.32135426096045, "params": {"k_pid_pos": [1.733835489643198, 0.024859491386256316, 0.8519347702918288], "k_pid_alt": [1.7297729984189598, 0.0, 0.3146878632891922], "k_pid_att": [40.6020781270096, 0.18205753750414305, 0.34464953207076743], "k_pid_yaw": [0.5, 1e-06, 0.1], "k_pid_hsp": [0.09847755819799779, 0.011264223901387349, 0.0], "k_pid_vsp": [316.2191682070645, 93.09285943774285, 10.0]}, "datetime": {"datetime": "2025-08-13 17:20:11", "elapsed": 27139.43813276291, "delta": 17.659422397613525}, "costs": {"total_cost": 184.32135426096045, "time_cost": 69.566, "final_distance_cost": 1.8198849361735512, "oscillation_cost": 28.76468759024257, "completition_cost": 0.0, "overshoot_cost": 51.04546671989923, "power_cost": 15.525218579101564, "noise_cost": 17.60009643554351, "n_waypoints_completed": 9, "tot_waypoints": 9}}
{"target": -1941.4913191759442, "params": {"k_pid_pos": [0.9203224573796739, 0.18184078163545014, 0.8519347702918288], "k_pid_alt": [1.6586884955541554, 0.0, 0.3146878632891922], "k_pid_att": [43.948176657889235, 0.18205753750414305, 0.34464953207076743], "k_pid_yaw": [0.5, 1e-06, 0.1], "k_pid_hsp": [0.09847755819799779, 0.011264223901387349, 0.0], "k_pid_vsp": [36.465762321119, 276.98186102721047, 388.31392717284257]}, "datetime": {"datetime": "2025-08-13 17:20:40", "elapsed": 27168.14844083786, "delta": 28.710308074951172}, "costs": {"total_cost": 1941.4913191759442, "time_cost": 150, "final_distance_cost": 170.07711398824966, "oscillation_cost": 5.2071116392288985, "completition_cost": 888.8888888888888, "overshoot_cost": 663.3518143799931, "power_cost": 29.170118884277347, "noise_cost": 34.796271395306405, "n_waypoints_completed": 1, "tot_waypoints": 9}}
{"target": -220.83544369973185, "params": {"k_pid_pos": [1.5233419604839473, 0.5303319676020144, 0.5792642345702999], "k_pid_alt": [1.4458679973838424, 0.8453038121781166, 0.3146878632891922], "k_pid_att": [43.948176657889235, 0.18205753750414305, 0.7813719867183654], "k_pid_yaw": [0.5, 1e-06, 0.1], "k_pid_hsp": [0.09847755819799779, 0.011264223901387349, 0.0], "k_pid_vsp": [376.5747392387296, 50.87373020527707, 10.0]}, "datetime": {"datetime": "2025-08-13 17:21:00", "elapsed": 27188.76955795288, "delta": 20.621117115020752}, "costs": {"total_cost": 220.83544369973185, "time_cost": 84.98, "final_distance_cost": 1.7880869590384116, "oscillation_cost": 32.5696738755655, "completition_cost": 0.0, "overshoot_cost": 54.76313952828866, "power_cost": 23.969906518554687, "noise_cost": 22.76463681828459, "n_waypoints_completed": 9, "tot_waypoints": 9}}
{"target": -186.85723743314247, "params": {"k_pid_pos": [1.733835489643198, 0.024859491386256316, 0.8519347702918288], "k_pid_alt": [1.4458679973838424, 0.0, 0.3146878632891922], "k_pid_att": [71.45838630927439, 0.18205753750414305, 0.9456905697425194], "k_pid_yaw": [0.5, 1e-06, 0.1], "k_pid_hsp": [0.09847755819799779, 0.011264223901387349, 0.0], "k_pid_vsp": [277.2708477836043, 93.09285943774285, 10.0]}, "datetime": {"datetime": "2025-08-13 17:21:17", "elapsed": 27205.511635303497, "delta": 16.742077350616455}, "costs": {"total_cost": 186.85723743314247, "time_cost": 70.154, "final_distance_cost": 1.8258368276413663, "oscillation_cost": 28.511085151298513, "completition_cost": 0.0, "overshoot_cost": 51.29548687513573, "power_cost": 16.94805294189453, "noise_cost": 18.122775637172335, "n_waypoints_completed": 9, "tot_waypoints": 9}}
{"target": -1445.432554371054, "params": {"k_pid_pos": [1.4340672435785011, 0.27758761670996657, 0.8519347702918288], "k_pid_alt": [1.4458679973838424, 0.5939352518004133, 0.3533802069130071], "k_pid_att": [39.447728079683905, 3.8677381495188174, 0.6559199499296157], "k_pid_yaw": [0.5, 1e-06, 0.1], "k_pid_hsp": [3.4766472509719146, 0.011264223901387349, 0.0], "k_pid_vsp": [110.56511661686339, 93.09285943774285, 216.22646630461736]}, "datetime": {"datetime": "2025-08-13 17:21:45", "elapsed": 27233.898395061493, "delta": 28.386759757995605}, "costs": {"total_cost": 1445.432554371054, "time_cost": 150, "final_distance_cost": 229.88971945084495, "oscillation_cost": 25.63743158464128, "completition_cost": 777.7777777777778, "overshoot_cost": 201.9571478601382, "power_cost": 28.481723669433595, "noise_cost": 31.68875402821819, "n_waypoints_completed": 2, "tot_waypoints": 9}}
{"target": -184.08972333297748, "params": {"k_pid_pos": [1.6203022768980826, 0.024859491386256316, 0.8519347702918288], "k_pid_alt": [1.4458679973838424, 0.0, 0.3123089974307902], "k_pid_att": [43.948176657889235, 0.18205753750414305, 0.34464953207076743], "k_pid_yaw": [0.5, 1e-06, 0.1], "k_pid_hsp": [0.09847755819799779, 0.011264223901387349, 0.0], "k_pid_vsp": [376.5747392387296, 93.02116563978787, 10.0]}, "datetime": {"datetime": "2025-08-13 17:22:04", "elapsed": 27252.227124214172, "delta": 18.328729152679443}, "costs": {"total_cost": 184.08972333297748, "time_cost": 70.378, "final_distance_cost": 1.816908361552092, "oscillation_cost": 28.583048483523434, "completition_cost": 0.0, "overshoot_cost": 50.83728863150253, "power_cost": 14.918410852050782, "noise_cost": 17.556067004348662, "n_waypoints_completed": 9, "tot_waypoints": 9}}
{"target": -190.08601559390866, "params": {"k_pid_pos": [1.4340672435785011, 0.024859491386256316, 0.8519347702918288], "k_pid_alt": [1.4458679973838424, 0.0, 0.6600607021214705], "k_pid_att": [20.82401769786979, 3.8677381495188174, 0.6559199499296157], "k_pid_yaw": [0.5, 1e-06, 0.1], "k_pid_hsp": [0.09847755819799779, 0.011264223901387349, 0.0], "k_pid_vsp": [316.2191682070645, 93.09285943774285, 10.0]}, "datetime": {"datetime": "2025-08-13 17:22:21", "elapsed": 27269.710686922073, "delta": 17.483562707901}, "costs": {"total_cost": 190.08601559390866, "time_cost": 71.827, "final_distance_cost": 1.8400782691690314, "oscillation_cost": 27.451065659907854, "completition_cost": 0.0, "overshoot_cost": 51.08708625511466, "power_cost": 18.94776727294922, "noise_cost": 18.933018136767878, "n_waypoints_completed": 9, "tot_waypoints": 9}}
{"target": -1164.060231526359, "params": {"k_pid_pos": [0.031438087518317434, 0.18184078163545014, 0.8519347702918288], "k_pid_alt": [1.6586884955541554, 0.0, 0.3146878632891922], "k_pid_att": [43.948176657889235, 6.884070437552189, 0.34464953207076743], "k_pid_yaw": [0.5, 1e-06, 0.1], "k_pid_hsp": [0.09847755819799779, 0.9370803194387888, 0.0], "k_pid_vsp": [251.5004449007475, 93.09285943774285, 10.0]}, "datetime": {"datetime": "2025-08-13 17:22:49", "elapsed": 27297.84473490715, "delta": 28.134047985076904}, "costs": {"total_cost": 1164.060231526359, "time_cost": 150, "final_distance_cost": 86.16568832258929, "oscillation_cost": 18.67559606582527, "completition_cost": 777.7777777777778, "overshoot_cost": 70.77959166764423, "power_cost": 31.528783471679688, "noise_cost": 29.13279422084296, "n_waypoints_completed": 2, "tot_waypoints": 9}}
{"target": -1717.855320130368, "params": {"k_pid_pos": [1.6203022768980826, 0.024859491386256316, 0.8519347702918288], "k_pid_alt": [1.4458679973838424, 0.0, 0.3146878632891922], "k_pid_att": [43.948176657889235, 0.18205753750414305, 0.34464953207076743], "k_pid_yaw": [0.5, 1e-06, 0.1], "k_pid_hsp": [0.09847755819799779, 0.4901041752182733, 0.42869111788928294], "k_pid_vsp": [376.5747392387296, 93.09285943774285, 10.0]}, "datetime": {"datetime": "2025-08-13 17:23:18", "elapsed": 27326.976994276047, "delta": 29.132259368896484}, "costs": {"total_cost": 1717.855320130368, "time_cost": 150, "final_distance_cost": 34.321696771755875, "oscillation_cost": 796.8901681097046, "completition_cost": 555.5555555555555, "overshoot_cost": 129.18535861488348, "power_cost": 24.208599072265628, "noise_cost": 27.69394200620301, "n_waypoints_completed": 4, "tot_waypoints": 9}}
