{"target": -1169.3024863521787, "params": {"k_pid_pos": [1.733835489643198, 0.024859491386256316, 0.3813471713810148], "k_pid_alt": [1.5786606064986153, 0.028806210149256217, 0.9944952565853343], "k_pid_att": [91.95156147363284, 8.592990512376142, 0.9623745068707039], "k_pid_yaw": [0.5, 1e-06, 0.1], "k_pid_hsp": [0.09847755819799779, 0.011264223901387349, 0.0], "k_pid_vsp": [100.00506902703879, 57.93155354082285, 120.63999617495661]}, "datetime": {"datetime": "2025-08-13 22:40:46", "elapsed": 46374.801361083984, "delta": 29.308929443359375}, "costs": {"total_cost": 1169.3024863521787, "time_cost": 150, "final_distance_cost": 96.34877825020884, "oscillation_cost": 15.899177188035605, "completition_cost": 666.6666666666667, "overshoot_cost": 180.513376780206, "power_cost": 27.85721345214844, "noise_cost": 32.017274014913056, "n_waypoints_completed": 3, "tot_waypoints": 9}}
{"target": -186.16721339737472, "params": {"k_pid_pos": [1.733835489643198, 0.024859491386256316, 0.9451257094832697], "k_pid_alt": [1.5786606064986153, 0.0, 0.23086984934879706], "k_pid_att": [10.85276784655954, 1.4953935029224072, 0.9623745068707039], "k_pid_yaw": [0.5, 1e-06, 0.1], "k_pid_hsp": [0.09847755819799779, 0.011264223901387349, 0.0], "k_pid_vsp": [18.79289508575375, 57.93155354082285, 16.252805564631274]}, "datetime": {"datetime": "2025-08-13 22:41:04", "elapsed": 46392.744976997375, "delta": 17.943615913391113}, "costs": {"total_cost": 186.16721339737472, "time_cost": 70.735, "final_distance_cost": 1.8400269055406522, "oscillation_cost": 26.780830728713525, "completition_cost": 0.0, "overshoot_cost": 51.454687610697746, "power_cost": 17.469077355957033, "noise_cost": 17.88759079646576, "n_waypoints_completed": 9, "tot_waypoints": 9}}
{"target": -324.7322880815035, "params": {"k_pid_pos": [1.733835489643198, 0.0822904257601288, 0.9451257094832697], "k_pid_alt": [1.5786606064986153, 0.0, 0.053878507660848673], "k_pid_att": [29.46763110571006, 5.6580295118978245, 0.9808211468183533], "k_pid_yaw": [0.5, 1e-06, 0.1], "k_pid_hsp": [0.17225665165883555, 0.6903644518542994, 0.0], "k_pid_vsp": [314.35290507228956, 57.93155354082285, 10.0]}, "datetime": {"datetime": "2025-08-13 22:41:29", "elapsed": 46417.47935652733, "delta": 24.734379529953003}, "costs": {"total_cost": 324.7322880815035, "time_cost": 91.406, "final_distance_cost": 1.8380349062548977, "oscillation_cost": 119.83480347699532, "completition_cost": 0.0, "overshoot_cost": 58.858586721835046, "power_cost": 24.945629150390626, "noise_cost": 27.849233826027596, "n_waypoints_completed": 9, "tot_waypoints": 9}}
{"target": -228.3987072615214, "params": {"k_pid_pos": [1.733835489643198, 0.024859491386256316, 0.9451257094832697], "k_pid_alt": [0.4683065483083426, 0.0, 0.23086984934879706], "k_pid_att": [11.329609997636037, 1.4953935029224072, 0.9623745068707039], "k_pid_yaw": [0.5, 1e-06, 0.1], "k_pid_hsp": [0.09847755819799779, 0.011264223901387349, 0.0], "k_pid_vsp": [18.79289508575375, 57.93155354082285, 16.252805564631274]}, "datetime": {"datetime": "2025-08-13 22:41:50", "elapsed": 46438.3793284893, "delta": 20.899971961975098}, "costs": {"total_cost": 228.3987072615214, "time_cost": 89.397, "final_distance_cost": 1.8581325820589714, "oscillation_cost": 29.618840883175512, "completition_cost": 0.0, "overshoot_cost": 54.17655426234641, "power_cost": 28.048445764160157, "noise_cost": 25.299733769780353, "n_waypoints_completed": 9, "tot_waypoints": 9}}
{"target": -182.1089784739782, "params": {"k_pid_pos": [1.733835489643198, 0.024859491386256316, 0.9451257094832697], "k_pid_alt": [1.5786606064986153, 0.0, 0.23086984934879706], "k_pid_att": [11.329609997636037, 3.4126860594551975, 0.261380462049589], "k_pid_yaw": [0.5, 1e-06, 0.1], "k_pid_hsp": [0.17225665165883555, 0.011264223901387349, 0.0], "k_pid_vsp": [237.37114527084637, 57.93155354082285, 10.0]}, "datetime": {"datetime": "2025-08-13 22:42:08", "elapsed": 46456.328162908554, "delta": 17.94883441925049}, "costs": {"total_cost": 182.1089784739782, "time_cost": 69.391, "final_distance_cost": 1.8467479105358093, "oscillation_cost": 29.234207286098826, "completition_cost": 0.0, "overshoot_cost": 50.336653853535836, "power_cost": 12.77713914794922, "noise_cost": 18.523230275858502, "n_waypoints_completed": 9, "tot_waypoints": 9}}
{"target": -1003.2997651412029, "params": {"k_pid_pos": [0.14121371977802274, 0.024859491386256316, 0.9451257094832697], "k_pid_alt": [1.5786606064986153, 0.0, 0.23086984934879706], "k_pid_att": [11.329609997636037, 1.4953935029224072, 0.9623745068707039], "k_pid_yaw": [0.5, 1e-06, 0.1], "k_pid_hsp": [0.09847755819799779, 0.011264223901387349, 0.0], "k_pid_vsp": [18.79289508575375, 57.93155354082285, 16.252805564631274]}, "datetime": {"datetime": "2025-08-13 22:42:37", "elapsed": 46486.03668165207, "delta": 29.708518743515015}, "costs": {"total_cost": 1003.2997651412029, "time_cost": 150, "final_distance_cost": 54.359604611825866, "oscillation_cost": 4.506922019586154, "completition_cost": 666.6666666666667, "overshoot_cost": 66.09216088463107, "power_cost": 31.765302478027344, "noise_cost": 29.90910848046571, "n_waypoints_completed": 3, "tot_waypoints": 9}}
{"target": -189.46404903207812, "params": {"k_pid_pos": [1.733835489643198, 0.024859491386256316, 0.42495672118777295], "k_pid_alt": [1.85112020821355, 0.0, 0.23086984934879706], "k_pid_att": [25.06356558820614, 1.6793952317322878, 0.680058006373419], "k_pid_yaw": [0.5, 1e-06, 0.1], "k_pid_hsp": [0.09847755819799779, 0.011264223901387349, 0.0], "k_pid_vsp": [305.67975269326223, 130.53254854158118, 10.0]}, "datetime": {"datetime": "2025-08-13 22:42:56", "elapsed": 46504.51074171066, "delta": 18.47406005859375}, "costs": {"total_cost": 189.46404903207812, "time_cost": 69.622, "final_distance_cost": 1.7841629395319054, "oscillation_cost": 30.637771709374935, "completition_cost": 0.0, "overshoot_cost": 51.17457345039325, "power_cost": 18.245649938964846, "noise_cost": 17.99989099381317, "n_waypoints_completed": 9, "tot_waypoints": 9}}
{"target": -201.64919975267168, "params": {"k_pid_pos": [1.733835489643198, 0.024859491386256316, 0.9029480546018064], "k_pid_alt": [1.2331807735298297, 0.7293547064325894, 0.23086984934879706], "k_pid_att": [11.329609997636037, 3.4126860594551975, 0.680058006373419], "k_pid_yaw": [0.5, 1e-06, 0.1], "k_pid_hsp": [0.09847755819799779, 0.011264223901387349, 0.0], "k_pid_vsp": [62.17525342689419, 57.93155354082285, 10.0]}, "datetime": {"datetime": "2025-08-13 22:43:15", "elapsed": 46523.257090330124, "delta": 18.74634861946106}, "costs": {"total_cost": 201.64919975267168, "time_cost": 77.308, "final_distance_cost": 1.7779417168202427, "oscillation_cost": 30.52441145788094, "completition_cost": 0.0, "overshoot_cost": 52.97039104228621, "power_cost": 19.05844539794922, "noise_cost": 20.010010137735073, "n_waypoints_completed": 9, "tot_waypoints": 9}}
{"target": -188.3958967437981, "params": {"k_pid_pos": [1.733835489643198, 0.024859491386256316, 0.9451257094832697], "k_pid_alt": [1.5786606064986153, 0.0, 0.23086984934879706], "k_pid_att": [11.329609997636037, 3.4126860594551975, 0.261380462049589], "k_pid_yaw": [0.5, 1e-06, 0.1], "k_pid_hsp": [0.17225665165883555, 0.011264223901387349, 0.0], "k_pid_vsp": [62.17525342689419, 57.93155354082285, 10.0]}, "datetime": {"datetime": "2025-08-13 22:43:33", "elapsed": 46541.74299430847, "delta": 18.48590397834778}, "costs": {"total_cost": 188.3958967437981, "time_cost": 69.629, "final_distance_cost": 1.8413903106666119, "oscillation_cost": 28.352649756869077, "completition_cost": 0.0, "overshoot_cost": 50.53692612297099, "power_cost": 18.91451329345703, "noise_cost": 19.121417259834413, "n_waypoints_completed": 9, "tot_waypoints": 9}}
{"target": -521.0068518191391, "params": {"k_pid_pos": [1.733835489643198, 0.3070634710282163, 0.416330797462678], "k_pid_alt": [1.5786606064986153, 0.0, 0.25938735764965193], "k_pid_att": [29.46763110571006, 5.6580295118978245, 0.261380462049589], "k_pid_yaw": [0.5, 1e-06, 0.1], "k_pid_hsp": [5.102248909689673, 0.011264223901387349, 0.8371457900595851], "k_pid_vsp": [104.30040172718557, 57.93155354082285, 10.0]}, "datetime": {"datetime": "2025-08-13 22:43:53", "elapsed": 46561.97038769722, "delta": 20.22739338874817}, "costs": {"total_cost": 521.0068518191391, "time_cost": 80.927, "final_distance_cost": 1.767256979255627, "oscillation_cost": 336.52257914302413, "completition_cost": 0.0, "overshoot_cost": 53.59366233660032, "power_cost": 24.17960321044922, "noise_cost": 24.01675014980989, "n_waypoints_completed": 9, "tot_waypoints": 9}}
{"target": -284.02579405862343, "params": {"k_pid_pos": [1.733835489643198, 0.024859491386256316, 0.42495672118777295], "k_pid_alt": [1.5786606064986153, 0.0, 0.053878507660848673], "k_pid_att": [29.46763110571006, 5.6580295118978245, 0.20497828334174084], "k_pid_yaw": [0.5, 1e-06, 0.1], "k_pid_hsp": [0.09847755819799779, 0.011264223901387349, 0.0], "k_pid_vsp": [62.17525342689419, 57.93155354082285, 10.0]}, "datetime": {"datetime": "2025-08-13 22:44:18", "elapsed": 46586.421902656555, "delta": 24.451514959335327}, "costs": {"total_cost": 284.02579405862343, "time_cost": 96.397, "final_distance_cost": 1.8040216875678117, "oscillation_cost": 33.716396014269115, "completition_cost": 0.0, "overshoot_cost": 78.40269884759583, "power_cost": 37.643717382812504, "noise_cost": 36.061960126378146, "n_waypoints_completed": 9, "tot_waypoints": 9}}
{"target": -1479.7594894751965, "params": {"k_pid_pos": [1.733835489643198, 0.024859491386256316, 0.9451257094832697], "k_pid_alt": [1.85112020821355, 0.0, 0.23086984934879706], "k_pid_att": [25.06356558820614, 7.347914484943822, 0.680058006373419], "k_pid_yaw": [0.5, 1e-06, 0.1], "k_pid_hsp": [0.09847755819799779, 0.6263404903738966, 0.9374799016337715], "k_pid_vsp": [305.67975269326223, 130.53254854158118, 10.0]}, "datetime": {"datetime": "2025-08-13 22:44:48", "elapsed": 46616.19028759003, "delta": 29.76838493347168}, "costs": {"total_cost": 1479.7594894751965, "time_cost": 150, "final_distance_cost": 43.248008469932465, "oscillation_cost": 570.007672633629, "completition_cost": 555.5555555555555, "overshoot_cost": 98.7981708979422, "power_cost": 32.07558203125, "noise_cost": 30.07449988688721, "n_waypoints_completed": 4, "tot_waypoints": 9}}
{"target": -197.35227490279397, "params": {"k_pid_pos": [1.733835489643198, 0.024859491386256316, 0.9451257094832697], "k_pid_alt": [1.5786606064986153, 0.23511992424077377, 0.23086984934879706], "k_pid_att": [11.329609997636037, 3.4126860594551975, 0.261380462049589], "k_pid_yaw": [0.5, 1e-06, 0.1], "k_pid_hsp": [0.17225665165883555, 0.011264223901387349, 0.0], "k_pid_vsp": [396.0685551233308, 57.93155354082285, 10.0]}, "datetime": {"datetime": "2025-08-13 22:45:07", "elapsed": 46635.305231809616, "delta": 19.114944219589233}, "costs": {"total_cost": 197.35227490279397, "time_cost": 79.94, "final_distance_cost": 1.7951508241610197, "oscillation_cost": 30.498891236631145, "completition_cost": 0.0, "overshoot_cost": 51.27885715807551, "power_cost": 14.66635301513672, "noise_cost": 19.1730226687896, "n_waypoints_completed": 9, "tot_waypoints": 9}}
{"target": -183.76754095625967, "params": {"k_pid_pos": [1.733835489643198, 0.0822904257601288, 0.9451257094832697], "k_pid_alt": [1.5786606064986153, 0.0, 0.053878507660848673], "k_pid_att": [29.46763110571006, 5.6580295118978245, 0.9808211468183533], "k_pid_yaw": [0.5, 1e-06, 0.1], "k_pid_hsp": [0.17225665165883555, 0.011264223901387349, 0.0], "k_pid_vsp": [314.35290507228956, 57.93155354082285, 10.0]}, "datetime": {"datetime": "2025-08-13 22:45:25", "elapsed": 46653.46151137352, "delta": 18.15627956390381}, "costs": {"total_cost": 183.76754095625967, "time_cost": 69.503, "final_distance_cost": 1.835990728624446, "oscillation_cost": 28.95433769633206, "completition_cost": 0.0, "overshoot_cost": 50.74893484353593, "power_cost": 14.994183764648438, "noise_cost": 17.731093923118806, "n_waypoints_completed": 9, "tot_waypoints": 9}}
{"target": -1672.400638674123, "params": {"k_pid_pos": [1.733835489643198, 0.024859491386256316, 0.416330797462678], "k_pid_alt": [1.5786606064986153, 0.0, 0.6137735415975708], "k_pid_att": [29.46763110571006, 5.6580295118978245, 0.332604625203343], "k_pid_yaw": [0.5, 1e-06, 0.1], "k_pid_hsp": [0.17225665165883555, 0.011264223901387349, 0.0], "k_pid_vsp": [62.17525342689419, 57.93155354082285, 134.18887080171567]}, "datetime": {"datetime": "2025-08-13 22:45:56", "elapsed": 46684.44644165039, "delta": 30.984930276870728}, "costs": {"total_cost": 1672.400638674123, "time_cost": 150, "final_distance_cost": 226.1116607251653, "oscillation_cost": 10.619856747530513, "completition_cost": 888.8888888888888, "overshoot_cost": 326.7591237755708, "power_cost": 25.80164541015625, "noise_cost": 44.21946312681149, "n_waypoints_completed": 1, "tot_waypoints": 9}}
{"target": -221.06132637854338, "params": {"k_pid_pos": [1.733835489643198, 0.024859491386256316, 0.416330797462678], "k_pid_alt": [1.5786606064986153, 0.9635827266688368, 0.053878507660848673], "k_pid_att": [29.46763110571006, 5.6580295118978245, 0.45703935313105737], "k_pid_yaw": [0.5, 1e-06, 0.1], "k_pid_hsp": [1.6091290401443616, 0.17468130283637484, 0.0], "k_pid_vsp": [371.8706581382205, 225.6587008239998, 10.0]}, "datetime": {"datetime": "2025-08-13 22:46:15", "elapsed": 46703.96973991394, "delta": 19.523298263549805}, "costs": {"total_cost": 221.06132637854338, "time_cost": 82.131, "final_distance_cost": 1.7904135846364244, "oscillation_cost": 43.280612014672144, "completition_cost": 0.0, "overshoot_cost": 53.882678898606976, "power_cost": 19.909804931640625, "noise_cost": 20.06681694898722, "n_waypoints_completed": 9, "tot_waypoints": 9}}
{"target": -230.97973566769048, "params": {"k_pid_pos": [1.733835489643198, 0.024859491386256316, 0.416330797462678], "k_pid_alt": [0.3962738159349328, 0.8984722875703363, 0.25938735764965193], "k_pid_att": [29.46763110571006, 5.6580295118978245, 0.261380462049589], "k_pid_yaw": [0.5, 1e-06, 0.1], "k_pid_hsp": [2.1598229789125103, 0.011264223901387349, 0.0], "k_pid_vsp": [62.17525342689419, 346.7220933136474, 10.0]}, "datetime": {"datetime": "2025-08-13 22:46:37", "elapsed": 46725.9652159214, "delta": 21.995476007461548}, "costs": {"total_cost": 230.97973566769048, "time_cost": 84.7, "final_distance_cost": 1.7590065858972483, "oscillation_cost": 47.59582623196792, "completition_cost": 0.0, "overshoot_cost": 59.717444019540835, "power_cost": 16.30736466064453, "noise_cost": 20.900094169639914, "n_waypoints_completed": 9, "tot_waypoints": 9}}
{"target": -189.75247580043063, "params": {"k_pid_pos": [1.733835489643198, 0.024859491386256316, 0.9451257094832697], "k_pid_alt": [1.5786606064986153, 0.0, 0.23086984934879706], "k_pid_att": [11.329609997636037, 3.4126860594551975, 0.261380462049589], "k_pid_yaw": [0.5, 1e-06, 0.1], "k_pid_hsp": [0.17225665165883555, 0.011264223901387349, 0.0], "k_pid_vsp": [237.37114527084637, 57.93155354082285, 10.0]}, "datetime": {"datetime": "2025-08-13 22:46:54", "elapsed": 46742.1200504303, "delta": 16.154834508895874}, "costs": {"total_cost": 189.75247580043063, "time_cost": 70.14, "final_distance_cost": 1.8400715107845524, "oscillation_cost": 29.00917630538133, "completition_cost": 0.0, "overshoot_cost": 51.04951014164704, "power_cost": 18.752494335937502, "noise_cost": 18.9612235066802, "n_waypoints_completed": 9, "tot_waypoints": 9}}
{"target": -183.8926044010966, "params": {"k_pid_pos": [1.733835489643198, 0.024859491386256316, 0.416330797462678], "k_pid_alt": [1.5786606064986153, 0.0, 0.25938735764965193], "k_pid_att": [50.917657588734414, 7.347914484943822, 0.680058006373419], "k_pid_yaw": [0.5, 1e-06, 0.1], "k_pid_hsp": [0.09847755819799779, 0.011264223901387349, 0.0], "k_pid_vsp": [305.67975269326223, 130.53254854158118, 10.0]}, "datetime": {"datetime": "2025-08-13 22:47:11", "elapsed": 46759.79733300209, "delta": 17.677282571792603}, "costs": {"total_cost": 183.8926044010966, "time_cost": 69.47500000000001, "final_distance_cost": 1.7801847832270525, "oscillation_cost": 31.389324651147444, "completition_cost": 0.0, "overshoot_cost": 50.63732909849572, "power_cost": 12.705865270996094, "noise_cost": 17.904900597230252, "n_waypoints_completed": 9, "tot_waypoints": 9}}
{"target": -192.27129518020018, "params": {"k_pid_pos": [1.733835489643198, 0.024859491386256316, 0.9451257094832697], "k_pid_alt": [1.5786606064986153, 0.0, 0.23086984934879706], "k_pid_att": [11.329609997636037, 3.4126860594551975, 0.261380462049589], "k_pid_yaw": [0.5, 1e-06, 0.1], "k_pid_hsp": [0.17225665165883555, 0.011264223901387349, 0.0], "k_pid_vsp": [104.30040172718557, 57.93155354082285, 10.0]}, "datetime": {"datetime": "2025-08-13 22:47:28", "elapsed": 46776.3788664341, "delta": 16.581533432006836}, "costs": {"total_cost": 192.27129518020018, "time_cost": 70.56, "final_distance_cost": 1.8459274301229165, "oscillation_cost": 28.233699287115098, "completition_cost": 0.0, "overshoot_cost": 50.696641067764844, "power_cost": 20.360517919921875, "noise_cost": 20.574509475275434, "n_waypoints_completed": 9, "tot_waypoints": 9}}
{"target": -186.18838959343412, "params": {"k_pid_pos": [1.733835489643198, 0.024859491386256316, 0.42495672118777295], "k_pid_alt": [1.85112020821355, 0.0, 0.23086984934879706], "k_pid_att": [25.06356558820614, 1.6793952317322878, 0.680058006373419], "k_pid_yaw": [0.5, 1e-06, 0.1], "k_pid_hsp": [0.09847755819799779, 0.011264223901387349, 0.0], "k_pid_vsp": [305.67975269326223, 130.53254854158118, 10.0]}, "datetime": {"datetime": "2025-08-13 22:47:47", "elapsed": 46795.55459356308, "delta": 19.175727128982544}, "costs": {"total_cost": 186.18838959343412, "time_cost": 69.272, "final_distance_cost": 1.7964167042729122, "oscillation_cost": 30.71288639649436, "completition_cost": 0.0, "overshoot_cost": 50.78088495009816, "power_cost": 15.606760949707033, "noise_cost": 18.019440592861645, "n_waypoints_completed": 9, "tot_waypoints": 9}}
{"target": -193.70294566854182, "params": {"k_pid_pos": [1.733835489643198, 0.024859491386256316, 0.42495672118777295], "k_pid_alt": [1.85112020821355, 0.0, 0.23086984934879706], "k_pid_att": [11.329609997636037, 4.819059953965517, 0.3529475069797985], "k_pid_yaw": [0.5, 1e-06, 0.1], "k_pid_hsp": [0.09847755819799779, 0.011264223901387349, 0.0], "k_pid_vsp": [305.67975269326223, 130.53254854158118, 10.0]}, "datetime": {"datetime": "2025-08-13 22:48:03", "elapsed": 46811.79213166237, "delta": 16.23753809928894}, "costs": {"total_cost": 193.70294566854182, "time_cost": 69.643, "final_distance_cost": 1.784030873702337, "oscillation_cost": 31.416810577507302, "completition_cost": 0.0, "overshoot_cost": 51.25133347630501, "power_cost": 19.93578487548828, "noise_cost": 19.67198586553889, "n_waypoints_completed": 9, "tot_waypoints": 9}}
{"target": -191.2374053556942, "params": {"k_pid_pos": [1.733835489643198, 0.024859491386256316, 0.4406215183689992], "k_pid_alt": [1.5786606064986153, 0.0, 0.23086984934879706], "k_pid_att": [11.329609997636037, 3.4126860594551975, 0.261380462049589], "k_pid_yaw": [0.5, 1e-06, 0.1], "k_pid_hsp": [0.17225665165883555, 0.011264223901387349, 0.0], "k_pid_vsp": [62.17525342689419, 57.93155354082285, 10.0]}, "datetime": {"datetime": "2025-08-13 22:48:22", "elapsed": 46830.5105612278, "delta": 18.718429565429688}, "costs": {"total_cost": 191.2374053556942, "time_cost": 69.44, "final_distance_cost": 1.7989142180229363, "oscillation_cost": 30.663439275149106, "completition_cost": 0.0, "overshoot_cost": 50.967920952934044, "power_cost": 19.263065100097656, "noise_cost": 19.104065809490475, "n_waypoints_completed": 9, "tot_waypoints": 9}}
{"target": -190.55075572775542, "params": {"k_pid_pos": [1.733835489643198, 0.024859491386256316, 0.24811529247660413], "k_pid_alt": [1.5786606064986153, 0.0, 0.23086984934879706], "k_pid_att": [11.329609997636037, 3.4126860594551975, 0.261380462049589], "k_pid_yaw": [0.5, 1e-06, 0.1], "k_pid_hsp": [0.17225665165883555, 0.011264223901387349, 0.0], "k_pid_vsp": [237.37114527084637, 57.93155354082285, 10.0]}, "datetime": {"datetime": "2025-08-13 22:48:39", "elapsed": 46847.11356592178, "delta": 16.603004693984985}, "costs": {"total_cost": 190.55075572775542, "time_cost": 69.23, "final_distance_cost": 1.8028963204486612, "oscillation_cost": 32.27945959502294, "completition_cost": 0.0, "overshoot_cost": 50.50646591017656, "power_cost": 18.53582000732422, "noise_cost": 18.196113894783018, "n_waypoints_completed": 9, "tot_waypoints": 9}}
{"target": -1277.6437708459857, "params": {"k_pid_pos": [1.733835489643198, 0.14858559632353818, 0.42495672118777295], "k_pid_alt": [1.85112020821355, 0.0, 0.23086984934879706], "k_pid_att": [50.43782855084127, 7.335409208074745, 0.261380462049589], "k_pid_yaw": [0.5, 1e-06, 0.1], "k_pid_hsp": [0.17225665165883555, 0.011264223901387349, 0.0], "k_pid_vsp": [62.17525342689419, 57.93155354082285, 155.14480512508212]}, "datetime": {"datetime": "2025-08-13 22:49:09", "elapsed": 46877.36684703827, "delta": 30.253281116485596}, "costs": {"total_cost": 1277.6437708459857, "time_cost": 150, "final_distance_cost": 70.51042841986524, "oscillation_cost": 12.124971734765023, "completition_cost": 777.7777777777778, "overshoot_cost": 160.78511595774822, "power_cost": 29.96613063964844, "noise_cost": 76.47934631618098, "n_waypoints_completed": 2, "tot_waypoints": 9}}
