{"target": -191.0016645210118, "params": {"k_pid_pos": [1.733835489643198, 0.024859491386256316, 0.416330797462678], "k_pid_alt": [1.5786606064986153, 0.0, 0.053878507660848673], "k_pid_att": [29.46763110571006, 5.6580295118978245, 0.261380462049589], "k_pid_yaw": [0.5, 1e-06, 0.1], "k_pid_hsp": [0.17225665165883555, 0.011264223901387349, 0.0], "k_pid_vsp": [247.62506162993122, 261.48215325333564, 10.0]}, "datetime": {"datetime": "2025-08-13 22:14:06", "elapsed": 44774.47245979309, "delta": 17.367298364639282}, "costs": {"total_cost": 191.0016645210118, "time_cost": 68.887, "final_distance_cost": 1.8283214998288237, "oscillation_cost": 31.151818092615205, "completition_cost": 0.0, "overshoot_cost": 50.62325184581332, "power_cost": 19.581905322265627, "noise_cost": 18.929367760488812, "n_waypoints_completed": 9, "tot_waypoints": 9}}
{"target": -1474.7224461999485, "params": {"k_pid_pos": [1.733835489643198, 0.024859491386256316, 0.9451257094832697], "k_pid_alt": [1.4458679973838424, 0.00018965351824429266, 0.23086984934879706], "k_pid_att": [11.246502653247227, 7.978625951804349, 0.3529475069797985], "k_pid_yaw": [0.5, 1e-06, 0.1], "k_pid_hsp": [0.09847755819799779, 0.011264223901387349, 0.9120886956177368], "k_pid_vsp": [305.67975269326223, 210.91861290663223, 16.252805564631274]}, "datetime": {"datetime": "2025-08-13 22:14:35", "elapsed": 44804.040791511536, "delta": 29.568331718444824}, "costs": {"total_cost": 1474.7224461999485, "time_cost": 150, "final_distance_cost": 78.22289734905765, "oscillation_cost": 405.0111429970899, "completition_cost": 666.6666666666667, "overshoot_cost": 123.95742447959667, "power_cost": 24.661966259765627, "noise_cost": 26.202348447771847, "n_waypoints_completed": 3, "tot_waypoints": 9}}
{"target": -189.21247101868417, "params": {"k_pid_pos": [1.733835489643198, 0.024859491386256316, 0.9451257094832697], "k_pid_alt": [1.4458679973838424, 0.00018965351824429266, 0.23086984934879706], "k_pid_att": [11.246502653247227, 1.1166001057131414, 0.3529475069797985], "k_pid_yaw": [0.5, 1e-06, 0.1], "k_pid_hsp": [0.09847755819799779, 0.011264223901387349, 0.0], "k_pid_vsp": [303.00008221409286, 57.93155354082285, 10.0]}, "datetime": {"datetime": "2025-08-13 22:14:52", "elapsed": 44821.061091423035, "delta": 17.020299911499023}, "costs": {"total_cost": 189.21247101868417, "time_cost": 70.217, "final_distance_cost": 1.8287350899313006, "oscillation_cost": 28.295667136629557, "completition_cost": 0.0, "overshoot_cost": 51.640350231491006, "power_cost": 18.471420178222658, "noise_cost": 18.75929838240964, "n_waypoints_completed": 9, "tot_waypoints": 9}}
{"target": -191.65135576854007, "params": {"k_pid_pos": [1.733835489643198, 0.024859491386256316, 0.416330797462678], "k_pid_alt": [1.5786606064986153, 0.0, 0.25938735764965193], "k_pid_att": [29.46763110571006, 5.6580295118978245, 0.261380462049589], "k_pid_yaw": [0.5, 1e-06, 0.1], "k_pid_hsp": [0.17225665165883555, 0.011264223901387349, 0.0], "k_pid_vsp": [305.67975269326223, 130.53254854158118, 10.0]}, "datetime": {"datetime": "2025-08-13 22:15:11", "elapsed": 44839.396847724915, "delta": 18.335756301879883}, "costs": {"total_cost": 191.65135576854007, "time_cost": 69.69200000000001, "final_distance_cost": 1.7864514167969203, "oscillation_cost": 30.952823270390283, "completition_cost": 0.0, "overshoot_cost": 50.810870273799104, "power_cost": 19.300420153808595, "noise_cost": 19.10879065374516, "n_waypoints_completed": 9, "tot_waypoints": 9}}
{"target": -199.39273831602668, "params": {"k_pid_pos": [1.733835489643198, 0.024859491386256316, 0.9451257094832697], "k_pid_alt": [1.5786606064986153, 0.0, 0.23086984934879706], "k_pid_att": [11.329609997636037, 3.4126860594551975, 0.3529475069797985], "k_pid_yaw": [0.5, 1e-06, 0.1], "k_pid_hsp": [0.09847755819799779, 0.011264223901387349, 0.0], "k_pid_vsp": [305.67975269326223, 130.53254854158118, 10.0]}, "datetime": {"datetime": "2025-08-13 22:15:28", "elapsed": 44856.89878511429, "delta": 17.50193738937378}, "costs": {"total_cost": 199.39273831602668, "time_cost": 71.232, "final_distance_cost": 1.8401749308194109, "oscillation_cost": 28.77951098937691, "completition_cost": 0.0, "overshoot_cost": 51.96996695367917, "power_cost": 23.53722421875, "noise_cost": 22.03386122340117, "n_waypoints_completed": 9, "tot_waypoints": 9}}
{"target": -196.84537145634854, "params": {"k_pid_pos": [1.733835489643198, 0.024859491386256316, 0.416330797462678], "k_pid_alt": [1.5786606064986153, 0.0, 0.053878507660848673], "k_pid_att": [29.46763110571006, 5.6580295118978245, 0.261380462049589], "k_pid_yaw": [0.5, 1e-06, 0.1], "k_pid_hsp": [0.17225665165883555, 0.0953687395585695, 0.0], "k_pid_vsp": [371.8706581382205, 57.93155354082285, 16.252805564631274]}, "datetime": {"datetime": "2025-08-13 22:15:47", "elapsed": 44875.382383584976, "delta": 18.483598470687866}, "costs": {"total_cost": 196.84537145634854, "time_cost": 69.356, "final_distance_cost": 1.81315935905354, "oscillation_cost": 40.3147307083295, "completition_cost": 0.0, "overshoot_cost": 50.167414245251514, "power_cost": 17.66516910400391, "noise_cost": 17.528898039710068, "n_waypoints_completed": 9, "tot_waypoints": 9}}
{"target": -183.78795376316125, "params": {"k_pid_pos": [1.733835489643198, 0.024859491386256316, 0.9029480546018064], "k_pid_alt": [1.5786606064986153, 0.028806210149256217, 0.9944952565853343], "k_pid_att": [91.95156147363284, 8.592990512376142, 0.9623745068707039], "k_pid_yaw": [0.5, 1e-06, 0.1], "k_pid_hsp": [0.09847755819799779, 0.011264223901387349, 0.0], "k_pid_vsp": [18.79289508575375, 57.93155354082285, 16.252805564631274]}, "datetime": {"datetime": "2025-08-13 22:16:05", "elapsed": 44893.45808720589, "delta": 18.075703620910645}, "costs": {"total_cost": 183.78795376316125, "time_cost": 70.399, "final_distance_cost": 1.8273379890581578, "oscillation_cost": 28.627947684823063, "completition_cost": 0.0, "overshoot_cost": 50.59838106202876, "power_cost": 15.516267895507813, "noise_cost": 16.819019131743477, "n_waypoints_completed": 9, "tot_waypoints": 9}}
{"target": -213.92168875455567, "params": {"k_pid_pos": [1.733835489643198, 0.024859491386256316, 0.9451257094832697], "k_pid_alt": [1.5786606064986153, 0.0, 0.23086984934879706], "k_pid_att": [11.329609997636037, 3.4126860594551975, 0.9623745068707039], "k_pid_yaw": [0.5, 1e-06, 0.1], "k_pid_hsp": [8.246411399521614, 0.011264223901387349, 0.0], "k_pid_vsp": [18.79289508575375, 57.93155354082285, 16.252805564631274]}, "datetime": {"datetime": "2025-08-13 22:16:22", "elapsed": 44910.63421344757, "delta": 17.17612624168396}, "costs": {"total_cost": 213.92168875455567, "time_cost": 72.044, "final_distance_cost": 1.8446827031087263, "oscillation_cost": 46.245031857997, "completition_cost": 0.0, "overshoot_cost": 52.46753521505408, "power_cost": 20.710927587890627, "noise_cost": 20.609511390505226, "n_waypoints_completed": 9, "tot_waypoints": 9}}
{"target": -211.9759399119345, "params": {"k_pid_pos": [1.9024756402269658, 0.9737616190427607, 0.9451257094832697], "k_pid_alt": [1.4458679973838424, 0.028806210149256217, 0.07444874772262577], "k_pid_att": [11.329609997636037, 3.4126860594551975, 0.9623745068707039], "k_pid_yaw": [0.5, 1e-06, 0.1], "k_pid_hsp": [0.09847755819799779, 0.011264223901387349, 0.0], "k_pid_vsp": [251.5004449007475, 57.93155354082285, 10.0]}, "datetime": {"datetime": "2025-08-13 22:16:43", "elapsed": 44931.07603049278, "delta": 20.441817045211792}, "costs": {"total_cost": 211.9759399119345, "time_cost": 80.507, "final_distance_cost": 1.7438826104339888, "oscillation_cost": 33.953426512613675, "completition_cost": 0.0, "overshoot_cost": 53.7494956167577, "power_cost": 20.9572447265625, "noise_cost": 21.064890445566608, "n_waypoints_completed": 9, "tot_waypoints": 9}}
{"target": -187.33620609185516, "params": {"k_pid_pos": [1.733835489643198, 0.024859491386256316, 0.9451257094832697], "k_pid_alt": [1.5786606064986153, 0.0, 0.23086984934879706], "k_pid_att": [11.329609997636037, 3.4126860594551975, 0.3529475069797985], "k_pid_yaw": [0.5, 1e-06, 0.1], "k_pid_hsp": [0.09847755819799779, 0.011264223901387349, 0.0], "k_pid_vsp": [303.00008221409286, 57.93155354082285, 10.0]}, "datetime": {"datetime": "2025-08-13 22:16:59", "elapsed": 44947.68124461174, "delta": 16.60521411895752}, "costs": {"total_cost": 187.33620609185516, "time_cost": 70.217, "final_distance_cost": 1.837886979670402, "oscillation_cost": 28.606195471263685, "completition_cost": 0.0, "overshoot_cost": 51.24674213442793, "power_cost": 17.23565216064453, "noise_cost": 18.192729345848626, "n_waypoints_completed": 9, "tot_waypoints": 9}}
{"target": -351.2908495367525, "params": {"k_pid_pos": [1.733835489643198, 0.024859491386256316, 0.9451257094832697], "k_pid_alt": [1.4458679973838424, 0.00018965351824429266, 0.23086984934879706], "k_pid_att": [11.246502653247227, 1.1166001057131414, 0.3529475069797985], "k_pid_yaw": [0.5, 1e-06, 0.1], "k_pid_hsp": [0.09847755819799779, 0.4188489342674864, 0.0], "k_pid_vsp": [305.67975269326223, 130.53254854158118, 10.0]}, "datetime": {"datetime": "2025-08-13 22:17:24", "elapsed": 44973.03107523918, "delta": 25.349830627441406}, "costs": {"total_cost": 351.2908495367525, "time_cost": 103.285, "final_distance_cost": 1.8446918232226943, "oscillation_cost": 122.74745093737052, "completition_cost": 0.0, "overshoot_cost": 58.79305080094626, "power_cost": 33.213783374023436, "noise_cost": 31.406872601189608, "n_waypoints_completed": 9, "tot_waypoints": 9}}
{"target": -247.12956437480773, "params": {"k_pid_pos": [1.733835489643198, 0.024859491386256316, 0.00015202940505454343], "k_pid_alt": [1.4458679973838424, 0.2604200777612833, 0.23086984934879706], "k_pid_att": [12.43088436511497, 3.5099664417117094, 0.9623745068707039], "k_pid_yaw": [0.5, 1e-06, 0.1], "k_pid_hsp": [0.09847755819799779, 0.011264223901387349, 0.0], "k_pid_vsp": [74.77564525577915, 57.93155354082285, 10.0]}, "datetime": {"datetime": "2025-08-13 22:17:49", "elapsed": 44997.44954204559, "delta": 24.418466806411743}, "costs": {"total_cost": 247.12956437480773, "time_cost": 97.923, "final_distance_cost": 1.758202671636483, "oscillation_cost": 40.410562400755296, "completition_cost": 0.0, "overshoot_cost": 54.086281784784354, "power_cost": 26.25881529541016, "noise_cost": 26.692702222221445, "n_waypoints_completed": 9, "tot_waypoints": 9}}
{"target": -607.7152069688351, "params": {"k_pid_pos": [1.733835489643198, 0.024859491386256316, 0.9451257094832697], "k_pid_alt": [0.19101968534793023, 0.0, 0.34896905729571814], "k_pid_att": [11.329609997636037, 3.4126860594551975, 0.9623745068707039], "k_pid_yaw": [0.5, 1e-06, 0.1], "k_pid_hsp": [8.745602141776535, 0.011264223901387349, 0.0], "k_pid_vsp": [251.5004449007475, 57.93155354082285, 10.0]}, "datetime": {"datetime": "2025-08-13 22:18:19", "elapsed": 45027.14291191101, "delta": 29.69336986541748}, "costs": {"total_cost": 607.7152069688351, "time_cost": 150, "final_distance_cost": 71.40121508772718, "oscillation_cost": 47.142149940905995, "completition_cost": 222.2222222222222, "overshoot_cost": 48.152222815957124, "power_cost": 36.33929030761719, "noise_cost": 32.4581065944055, "n_waypoints_completed": 7, "tot_waypoints": 9}}
{"target": -185.27903479040725, "params": {"k_pid_pos": [1.733835489643198, 0.024859491386256316, 0.416330797462678], "k_pid_alt": [1.5786606064986153, 0.0, 0.39442133285224246], "k_pid_att": [29.46763110571006, 3.774725226961977, 0.261380462049589], "k_pid_yaw": [0.5, 1e-06, 0.1], "k_pid_hsp": [0.17225665165883555, 0.011264223901387349, 0.0], "k_pid_vsp": [353.17003117669674, 174.98827989243384, 10.0]}, "datetime": {"datetime": "2025-08-13 22:18:35", "elapsed": 45043.80726194382, "delta": 16.664350032806396}, "costs": {"total_cost": 185.27903479040725, "time_cost": 69.062, "final_distance_cost": 1.7843408466046915, "oscillation_cost": 31.241742837480267, "completition_cost": 0.0, "overshoot_cost": 50.47700144663684, "power_cost": 14.8763255859375, "noise_cost": 17.837624073747957, "n_waypoints_completed": 9, "tot_waypoints": 9}}
{"target": -1225.1303666944707, "params": {"k_pid_pos": [1.733835489643198, 0.6065905981880756, 0.9451257094832697], "k_pid_alt": [1.4458679973838424, 0.00018965351824429266, 0.23086984934879706], "k_pid_att": [11.246502653247227, 1.1166001057131414, 0.7791897743523201], "k_pid_yaw": [0.5, 1e-06, 0.1], "k_pid_hsp": [0.09847755819799779, 0.011264223901387349, 0.7870259810672217], "k_pid_vsp": [303.00008221409286, 57.93155354082285, 10.0]}, "datetime": {"datetime": "2025-08-13 22:19:05", "elapsed": 45073.33320260048, "delta": 29.525940656661987}, "costs": {"total_cost": 1225.1303666944707, "time_cost": 150, "final_distance_cost": 37.53558846053893, "oscillation_cost": 319.4597517765801, "completition_cost": 555.5555555555555, "overshoot_cost": 100.5711888959669, "power_cost": 31.903886157226562, "noise_cost": 30.104395848602717, "n_waypoints_completed": 4, "tot_waypoints": 9}}
{"target": -181.76679424354538, "params": {"k_pid_pos": [1.733835489643198, 0.024859491386256316, 0.9449229903817213], "k_pid_alt": [1.5786606064986153, 0.0, 0.23086984934879706], "k_pid_att": [11.329609997636037, 3.4126860594551975, 0.680058006373419], "k_pid_yaw": [0.5, 1e-06, 0.1], "k_pid_hsp": [0.09847755819799779, 0.011264223901387349, 0.0], "k_pid_vsp": [62.17525342689419, 57.93155354082285, 10.0]}, "datetime": {"datetime": "2025-08-13 22:19:23", "elapsed": 45091.45290231705, "delta": 18.119699716567993}, "costs": {"total_cost": 181.76679424354538, "time_cost": 69.349, "final_distance_cost": 1.8192113935224108, "oscillation_cost": 28.615499555771045, "completition_cost": 0.0, "overshoot_cost": 50.46626746535114, "power_cost": 13.109004565429688, "noise_cost": 18.40781126347107, "n_waypoints_completed": 9, "tot_waypoints": 9}}
{"target": -186.69533291236073, "params": {"k_pid_pos": [1.733835489643198, 0.024859491386256316, 0.416330797462678], "k_pid_alt": [1.5786606064986153, 0.0, 0.25938735764965193], "k_pid_att": [29.46763110571006, 5.6580295118978245, 0.261380462049589], "k_pid_yaw": [0.5, 1e-06, 0.1], "k_pid_hsp": [0.17225665165883555, 0.011264223901387349, 0.0], "k_pid_vsp": [305.67975269326223, 130.53254854158118, 10.0]}, "datetime": {"datetime": "2025-08-13 22:19:40", "elapsed": 45108.15269255638, "delta": 16.699790239334106}, "costs": {"total_cost": 186.69533291236073, "time_cost": 69.062, "final_distance_cost": 1.80303229453594, "oscillation_cost": 31.1547044661997, "completition_cost": 0.0, "overshoot_cost": 50.41759850104671, "power_cost": 16.797963244628907, "noise_cost": 17.460034405949482, "n_waypoints_completed": 9, "tot_waypoints": 9}}
{"target": -1324.6089660576336, "params": {"k_pid_pos": [1.733835489643198, 0.29061992749259713, 0.9451257094832697], "k_pid_alt": [1.5786606064986153, 0.0, 0.2175152931931581], "k_pid_att": [11.329609997636037, 3.4126860594551975, 0.3529475069797985], "k_pid_yaw": [0.5, 1e-06, 0.1], "k_pid_hsp": [0.09847755819799779, 0.011264223901387349, 0.3019130269473044], "k_pid_vsp": [305.67975269326223, 381.5944454308432, 10.0]}, "datetime": {"datetime": "2025-08-13 22:20:09", "elapsed": 45137.64203906059, "delta": 29.489346504211426}, "costs": {"total_cost": 1324.6089660576336, "time_cost": 150, "final_distance_cost": 37.927438250836175, "oscillation_cost": 439.08339516428725, "completition_cost": 555.5555555555555, "overshoot_cost": 97.26832811433988, "power_cost": 17.008827270507812, "noise_cost": 27.765421702107087, "n_waypoints_completed": 4, "tot_waypoints": 9}}
{"target": -188.58253132696154, "params": {"k_pid_pos": [1.733835489643198, 0.024859491386256316, 0.9451257094832697], "k_pid_alt": [1.5786606064986153, 0.0, 0.23086984934879706], "k_pid_att": [11.329609997636037, 1.4953935029224072, 0.9623745068707039], "k_pid_yaw": [0.5, 1e-06, 0.1], "k_pid_hsp": [0.09847755819799779, 0.011264223901387349, 0.0], "k_pid_vsp": [251.5004449007475, 57.93155354082285, 10.0]}, "datetime": {"datetime": "2025-08-13 22:20:27", "elapsed": 45155.862956523895, "delta": 18.220917463302612}, "costs": {"total_cost": 188.58253132696154, "time_cost": 70.098, "final_distance_cost": 1.8289736646559132, "oscillation_cost": 28.138866523105104, "completition_cost": 0.0, "overshoot_cost": 51.03582073990163, "power_cost": 18.698434216308595, "noise_cost": 18.7824361829903, "n_waypoints_completed": 9, "tot_waypoints": 9}}
{"target": -186.2267683299623, "params": {"k_pid_pos": [1.733835489643198, 0.024859491386256316, 0.416330797462678], "k_pid_alt": [1.5786606064986153, 0.0, 0.053878507660848673], "k_pid_att": [29.46763110571006, 5.6580295118978245, 0.261380462049589], "k_pid_yaw": [0.5, 1e-06, 0.1], "k_pid_hsp": [0.17225665165883555, 0.011264223901387349, 0.0], "k_pid_vsp": [104.30040172718557, 57.93155354082285, 10.0]}, "datetime": {"datetime": "2025-08-13 22:20:44", "elapsed": 45172.13012123108, "delta": 16.267164707183838}, "costs": {"total_cost": 186.2267683299623, "time_cost": 68.887, "final_distance_cost": 1.7927135457526941, "oscillation_cost": 30.45771887529616, "completition_cost": 0.0, "overshoot_cost": 50.78352415411882, "power_cost": 16.162565563964844, "noise_cost": 18.143246190829775, "n_waypoints_completed": 9, "tot_waypoints": 9}}
{"target": -208.2545573053204, "params": {"k_pid_pos": [1.733835489643198, 0.024859491386256316, 0.9451257094832697], "k_pid_alt": [1.4458679973838424, 0.00018965351824429266, 0.23086984934879706], "k_pid_att": [11.246502653247227, 1.5839964871973657, 0.3529475069797985], "k_pid_yaw": [0.5, 1e-06, 0.1], "k_pid_hsp": [0.09847755819799779, 0.0953687395585695, 0.0], "k_pid_vsp": [371.8706581382205, 57.93155354082285, 16.252805564631274]}, "datetime": {"datetime": "2025-08-13 22:21:02", "elapsed": 45190.98276376724, "delta": 18.85264253616333}, "costs": {"total_cost": 208.2545573053204, "time_cost": 72.45, "final_distance_cost": 1.853479910127891, "oscillation_cost": 45.35093768896236, "completition_cost": 0.0, "overshoot_cost": 50.800059284486615, "power_cost": 18.604146020507812, "noise_cost": 19.195934401235707, "n_waypoints_completed": 9, "tot_waypoints": 9}}
{"target": -269.7772568517535, "params": {"k_pid_pos": [1.733835489643198, 0.024859491386256316, 0.7514874916619558], "k_pid_alt": [1.5786606064986153, 0.229763914573474, 0.23086984934879706], "k_pid_att": [11.329609997636037, 1.4953935029224072, 0.9623745068707039], "k_pid_yaw": [0.5, 1e-06, 0.1], "k_pid_hsp": [0.09847755819799779, 0.2065634654577695, 0.0], "k_pid_vsp": [251.5004449007475, 57.93155354082285, 10.0]}, "datetime": {"datetime": "2025-08-13 22:21:22", "elapsed": 45210.94414591789, "delta": 19.961382150650024}, "costs": {"total_cost": 269.7772568517535, "time_cost": 83.09700000000001, "final_distance_cost": 1.7754722968628125, "oscillation_cost": 86.01117539491747, "completition_cost": 0.0, "overshoot_cost": 53.20369641242024, "power_cost": 22.725457739257813, "noise_cost": 22.96445500829516, "n_waypoints_completed": 9, "tot_waypoints": 9}}
{"target": -181.46449966866754, "params": {"k_pid_pos": [1.733835489643198, 0.0822904257601288, 0.9451257094832697], "k_pid_alt": [1.5786606064986153, 0.0, 0.053878507660848673], "k_pid_att": [29.46763110571006, 5.6580295118978245, 0.9808211468183533], "k_pid_yaw": [0.5, 1e-06, 0.1], "k_pid_hsp": [0.17225665165883555, 0.011264223901387349, 0.0], "k_pid_vsp": [314.35290507228956, 57.93155354082285, 10.0]}, "datetime": {"datetime": "2025-08-13 22:21:40", "elapsed": 45228.6128590107, "delta": 17.668713092803955}, "costs": {"total_cost": 181.46449966866754, "time_cost": 69.419, "final_distance_cost": 1.8255226461151077, "oscillation_cost": 28.782051963373718, "completition_cost": 0.0, "overshoot_cost": 50.85508579150323, "power_cost": 12.399476611328126, "noise_cost": 18.183362656347366, "n_waypoints_completed": 9, "tot_waypoints": 9}}
{"target": -210.33349095141367, "params": {"k_pid_pos": [1.733835489643198, 0.9873955414795771, 0.9451257094832697], "k_pid_alt": [1.2157923894053295, 0.00018965351824429266, 0.23086984934879706], "k_pid_att": [12.43088436511497, 1.1166001057131414, 0.9623745068707039], "k_pid_yaw": [0.5, 1e-06, 0.1], "k_pid_hsp": [0.09847755819799779, 0.011264223901387349, 0.0], "k_pid_vsp": [251.5004449007475, 57.93155354082285, 10.0]}, "datetime": {"datetime": "2025-08-13 22:22:00", "elapsed": 45248.52266383171, "delta": 19.909804821014404}, "costs": {"total_cost": 210.33349095141367, "time_cost": 81.284, "final_distance_cost": 1.7633475610782918, "oscillation_cost": 33.34156218386524, "completition_cost": 0.0, "overshoot_cost": 53.534736065697324, "power_cost": 20.035709338378908, "noise_cost": 20.374135802393898, "n_waypoints_completed": 9, "tot_waypoints": 9}}
{"target": -191.23737397329427, "params": {"k_pid_pos": [1.733835489643198, 0.024859491386256316, 0.9451257094832697], "k_pid_alt": [1.4458679973838424, 0.00018965351824429266, 0.23086984934879706], "k_pid_att": [17.70068292225333, 1.1166001057131414, 0.3529475069797985], "k_pid_yaw": [0.5, 1e-06, 0.1], "k_pid_hsp": [0.09847755819799779, 0.011264223901387349, 0.0], "k_pid_vsp": [238.1261879800935, 57.93155354082285, 10.0]}, "datetime": {"datetime": "2025-08-13 22:22:17", "elapsed": 45265.522055864334, "delta": 16.99939203262329}, "costs": {"total_cost": 191.23737397329427, "time_cost": 70.812, "final_distance_cost": 1.8255752587219238, "oscillation_cost": 27.576825949107725, "completition_cost": 0.0, "overshoot_cost": 51.62936812114095, "power_cost": 19.75548172607422, "noise_cost": 19.638122918249454, "n_waypoints_completed": 9, "tot_waypoints": 9}}
