{"target": -187.4339959354959, "params": {"k_pid_pos": [1.849624377781123, 0.024859491386256316, 0.44963268842268056], "k_pid_alt": [1.2679502233621702, 0.02520494712616217, 0.949345597264735], "k_pid_att": [39.447728079683905, 3.8677381495188174, 0.1845336041603497], "k_pid_yaw": [0.5, 1e-06, 0.1], "k_pid_hsp": [0.09847755819799779, 0.011264223901387349, 0.0], "k_pid_vsp": [194.7624155113164, 156.73508457218338, 10.0]}, "datetime": {"datetime": "2025-08-13 11:21:30", "elapsed": 5618.191362142563, "delta": 30.04498267173767}, "costs": {"total_cost": 187.4339959354959, "time_cost": 70.973, "final_distance_cost": 1.7994785143034449, "oscillation_cost": 32.30884218172593, "completition_cost": 0.0, "overshoot_cost": 51.36598820038944, "power_cost": 12.407132202148437, "noise_cost": 18.579554836928658, "n_waypoints_completed": 9, "tot_waypoints": 9}}
{"target": -218.8199889710454, "params": {"k_pid_pos": [1.242954667163238, 0.18848155022322047, 0.24954817593872036], "k_pid_alt": [1.515427128667956, 0.0, 0.949345597264735], "k_pid_att": [39.447728079683905, 3.8677381495188174, 0.1618693606287408], "k_pid_yaw": [0.5, 1e-06, 0.1], "k_pid_hsp": [5.496779025287511, 0.011264223901387349, 0.0], "k_pid_vsp": [194.7624155113164, 376.54676056673185, 10.0]}, "datetime": {"datetime": "2025-08-13 11:22:01", "elapsed": 5649.251684188843, "delta": 31.060322046279907}, "costs": {"total_cost": 218.8199889710454, "time_cost": 72.07900000000001, "final_distance_cost": 1.830141701448212, "oscillation_cost": 56.95279801850326, "completition_cost": 0.0, "overshoot_cost": 50.60324465588808, "power_cost": 18.40797302246094, "noise_cost": 18.946831572744916, "n_waypoints_completed": 9, "tot_waypoints": 9}}
{"target": -226.151273668124, "params": {"k_pid_pos": [1.849624377781123, 0.9745008925422891, 0.44963268842268056], "k_pid_alt": [1.2679502233621702, 0.0, 0.949345597264735], "k_pid_att": [39.447728079683905, 3.8677381495188174, 0.1845336041603497], "k_pid_yaw": [0.5, 1e-06, 0.1], "k_pid_hsp": [0.09847755819799779, 0.011264223901387349, 0.0], "k_pid_vsp": [369.1457451700762, 57.202961387546644, 10.0]}, "datetime": {"datetime": "2025-08-13 11:22:38", "elapsed": 5686.371653556824, "delta": 37.11996936798096}, "costs": {"total_cost": 226.151273668124, "time_cost": 86.891, "final_distance_cost": 1.7472286627297953, "oscillation_cost": 40.38654596039777, "completition_cost": 0.0, "overshoot_cost": 56.790854514203986, "power_cost": 18.64716267089844, "noise_cost": 21.68848185989401, "n_waypoints_completed": 9, "tot_waypoints": 9}}
{"target": -530.1891031842714, "params": {"k_pid_pos": [1.849624377781123, 0.5922749504444044, 0.44963268842268056], "k_pid_alt": [1.2679502233621702, 0.0, 0.949345597264735], "k_pid_att": [39.447728079683905, 7.08864989820028, 0.1845336041603497], "k_pid_yaw": [0.5, 1e-06, 0.1], "k_pid_hsp": [1.610540723631117, 0.011264223901387349, 0.5897899838558589], "k_pid_vsp": [194.7624155113164, 20.0, 10.0]}, "datetime": {"datetime": "2025-08-13 11:23:16", "elapsed": 5724.284917593002, "delta": 37.91326403617859}, "costs": {"total_cost": 530.1891031842714, "time_cost": 87.521, "final_distance_cost": 1.795354167438761, "oscillation_cost": 320.39907911793034, "completition_cost": 0.0, "overshoot_cost": 70.41471219199522, "power_cost": 23.96147430419922, "noise_cost": 26.09748340270793, "n_waypoints_completed": 9, "tot_waypoints": 9}}
{"target": -206.70693877944066, "params": {"k_pid_pos": [1.849624377781123, 0.024859491386256316, 0.44963268842268056], "k_pid_alt": [1.2679502233621702, 0.2446271327590287, 0.9866259175249644], "k_pid_att": [39.447728079683905, 3.6888469195366334, 0.1845336041603497], "k_pid_yaw": [0.5, 1e-06, 0.1], "k_pid_hsp": [0.09847755819799779, 0.011264223901387349, 0.0], "k_pid_vsp": [194.7624155113164, 20.0, 10.0]}, "datetime": {"datetime": "2025-08-13 11:23:54", "elapsed": 5762.433776140213, "delta": 38.14885854721069}, "costs": {"total_cost": 206.70693877944066, "time_cost": 81.291, "final_distance_cost": 1.7665330007129696, "oscillation_cost": 35.74827273494975, "completition_cost": 0.0, "overshoot_cost": 53.034492392818706, "power_cost": 14.037383532714845, "noise_cost": 20.82925711824438, "n_waypoints_completed": 9, "tot_waypoints": 9}}
{"target": -194.62210058513938, "params": {"k_pid_pos": [1.849624377781123, 0.024859491386256316, 0.44963268842268056], "k_pid_alt": [1.2679502233621702, 0.0, 0.949345597264735], "k_pid_att": [39.447728079683905, 2.479545121909682, 0.004857337777279036], "k_pid_yaw": [0.5, 1e-06, 0.1], "k_pid_hsp": [0.09847755819799779, 0.011264223901387349, 0.0], "k_pid_vsp": [194.7624155113164, 20.0, 10.0]}, "datetime": {"datetime": "2025-08-13 11:24:28", "elapsed": 5796.163036108017, "delta": 33.729259967803955}, "costs": {"total_cost": 194.62210058513938, "time_cost": 73.493, "final_distance_cost": 1.8280582749483867, "oscillation_cost": 34.020277655781925, "completition_cost": 0.0, "overshoot_cost": 51.423847537298265, "power_cost": 15.1458453125, "noise_cost": 18.71107180461081, "n_waypoints_completed": 9, "tot_waypoints": 9}}
{"target": -2075.3217381314466, "params": {"k_pid_pos": [1.3368390832847643, 0.4710962061431325, 0.5652361064811888], "k_pid_alt": [0.8247498285944492, 0.0, 0.949345597264735], "k_pid_att": [39.447728079683905, 3.8677381495188174, 0.1845336041603497], "k_pid_yaw": [0.5, 1e-06, 0.1], "k_pid_hsp": [0.09847755819799779, 0.011264223901387349, 0.6062506194501415], "k_pid_vsp": [96.51738067581208, 219.55503605373926, 10.0]}, "datetime": {"datetime": "2025-08-13 11:25:20", "elapsed": 5848.524844884872, "delta": 52.36180877685547}, "costs": {"total_cost": 2075.3217381314466, "time_cost": 150, "final_distance_cost": 57.66736768170136, "oscillation_cost": 789.7720063222376, "completition_cost": 888.8888888888888, "overshoot_cost": 123.89162318610208, "power_cost": 34.58418729248047, "noise_cost": 30.517664760036485, "n_waypoints_completed": 1, "tot_waypoints": 9}}
{"target": -187.78568114294154, "params": {"k_pid_pos": [1.849624377781123, 0.024859491386256316, 0.44963268842268056], "k_pid_alt": [1.2679502233621702, 0.02520494712616217, 0.949345597264735], "k_pid_att": [39.447728079683905, 3.8677381495188174, 0.1845336041603497], "k_pid_yaw": [0.5, 1e-06, 0.1], "k_pid_hsp": [0.09847755819799779, 0.011264223901387349, 0.0], "k_pid_vsp": [194.7624155113164, 156.73508457218338, 10.0]}, "datetime": {"datetime": "2025-08-13 11:25:50", "elapsed": 5878.925773143768, "delta": 30.400928258895874}, "costs": {"total_cost": 187.78568114294154, "time_cost": 71.036, "final_distance_cost": 1.774578876764698, "oscillation_cost": 32.2618118625653, "completition_cost": 0.0, "overshoot_cost": 51.39782356355061, "power_cost": 12.303900512695312, "noise_cost": 19.01156632736562, "n_waypoints_completed": 9, "tot_waypoints": 9}}
{"target": -188.17741135765786, "params": {"k_pid_pos": [1.849624377781123, 0.024859491386256316, 0.44963268842268056], "k_pid_alt": [1.2679502233621702, 0.0, 0.949345597264735], "k_pid_att": [14.415714892135846, 3.8677381495188174, 0.1845336041603497], "k_pid_yaw": [0.5, 1e-06, 0.1], "k_pid_hsp": [0.09847755819799779, 0.011264223901387349, 0.0], "k_pid_vsp": [194.7624155113164, 156.73508457218338, 10.0]}, "datetime": {"datetime": "2025-08-13 11:26:21", "elapsed": 5909.942551136017, "delta": 31.016777992248535}, "costs": {"total_cost": 188.17741135765786, "time_cost": 72.723, "final_distance_cost": 1.8206054536229466, "oscillation_cost": 31.778891650143763, "completition_cost": 0.0, "overshoot_cost": 50.6574799604438, "power_cost": 12.746744494628906, "noise_cost": 18.450689798818452, "n_waypoints_completed": 9, "tot_waypoints": 9}}
{"target": -193.84472497170077, "params": {"k_pid_pos": [1.849624377781123, 0.024859491386256316, 0.6830149564489978], "k_pid_alt": [1.2679502233621702, 0.02520494712616217, 0.949345597264735], "k_pid_att": [94.03514125381805, 3.8677381495188174, 0.1845336041603497], "k_pid_yaw": [0.5, 1e-06, 0.1], "k_pid_hsp": [0.09847755819799779, 0.011264223901387349, 0.0], "k_pid_vsp": [194.7624155113164, 93.09285943774285, 10.0]}, "datetime": {"datetime": "2025-08-13 11:26:53", "elapsed": 5941.135772705078, "delta": 31.19322156906128}, "costs": {"total_cost": 193.84472497170077, "time_cost": 71.19, "final_distance_cost": 1.8072113397708887, "oscillation_cost": 32.55860801387804, "completition_cost": 0.0, "overshoot_cost": 51.08436699712302, "power_cost": 18.39304715576172, "noise_cost": 18.811491465167094, "n_waypoints_completed": 9, "tot_waypoints": 9}}
{"target": -1140.5933605675086, "params": {"k_pid_pos": [1.3885554450422086, 0.509734659876444, 0.11401919133455096], "k_pid_alt": [1.2679502233621702, 0.0, 0.949345597264735], "k_pid_att": [82.92211412031192, 3.8677381495188174, 0.1845336041603497], "k_pid_yaw": [0.5, 1e-06, 0.1], "k_pid_hsp": [0.09847755819799779, 0.7744178344487831, 0.0], "k_pid_vsp": [194.7624155113164, 300.33453362374865, 10.0]}, "datetime": {"datetime": "2025-08-13 11:27:43", "elapsed": 5991.761028766632, "delta": 50.625256061553955}, "costs": {"total_cost": 1140.5933605675086, "time_cost": 150, "final_distance_cost": 49.75288824128985, "oscillation_cost": 122.84793167154047, "completition_cost": 666.6666666666667, "overshoot_cost": 85.26693495147104, "power_cost": 31.681372167968753, "noise_cost": 34.377566868571826, "n_waypoints_completed": 3, "tot_waypoints": 9}}
{"target": -199.23083560441512, "params": {"k_pid_pos": [1.849624377781123, 0.024859491386256316, 0.44963268842268056], "k_pid_alt": [1.2679502233621702, 0.02520494712616217, 0.949345597264735], "k_pid_att": [32.6162642003566, 3.8677381495188174, 0.1845336041603497], "k_pid_yaw": [0.5, 1e-06, 0.1], "k_pid_hsp": [0.09847755819799779, 0.011264223901387349, 0.0], "k_pid_vsp": [194.7624155113164, 20.0, 10.0]}, "datetime": {"datetime": "2025-08-13 11:28:15", "elapsed": 6023.360830783844, "delta": 31.599802017211914}, "costs": {"total_cost": 199.23083560441512, "time_cost": 73.08, "final_distance_cost": 1.7752584521761778, "oscillation_cost": 33.0347289252378, "completition_cost": 0.0, "overshoot_cost": 51.9402476355697, "power_cost": 19.77478582763672, "noise_cost": 19.625814763794725, "n_waypoints_completed": 9, "tot_waypoints": 9}}
{"target": -192.53382098465028, "params": {"k_pid_pos": [1.849624377781123, 0.024859491386256316, 0.44963268842268056], "k_pid_alt": [1.2679502233621702, 0.02520494712616217, 0.18431000208985737], "k_pid_att": [39.447728079683905, 3.6888469195366334, 0.1845336041603497], "k_pid_yaw": [0.5, 1e-06, 0.1], "k_pid_hsp": [0.09847755819799779, 0.011264223901387349, 0.0], "k_pid_vsp": [295.9324376154018, 15.500533572620455, 10.0]}, "datetime": {"datetime": "2025-08-13 11:28:46", "elapsed": 6054.39333987236, "delta": 31.032509088516235}, "costs": {"total_cost": 192.53382098465028, "time_cost": 70.987, "final_distance_cost": 1.7735793912853794, "oscillation_cost": 31.44479253038996, "completition_cost": 0.0, "overshoot_cost": 52.430289995073984, "power_cost": 17.73986953125, "noise_cost": 18.15828953665095, "n_waypoints_completed": 9, "tot_waypoints": 9}}
{"target": -194.20618365449945, "params": {"k_pid_pos": [1.849624377781123, 0.024859491386256316, 0.44963268842268056], "k_pid_alt": [1.296896341175293, 0.0, 0.949345597264735], "k_pid_att": [39.447728079683905, 3.8677381495188174, 0.1845336041603497], "k_pid_yaw": [0.5, 1e-06, 0.1], "k_pid_hsp": [0.09847755819799779, 0.011264223901387349, 0.0], "k_pid_vsp": [194.7624155113164, 20.0, 10.0]}, "datetime": {"datetime": "2025-08-13 11:29:19", "elapsed": 6087.593190908432, "delta": 33.19985103607178}, "costs": {"total_cost": 194.20618365449945, "time_cost": 73.367, "final_distance_cost": 1.8032739296629892, "oscillation_cost": 31.864248268018468, "completition_cost": 0.0, "overshoot_cost": 51.44408525529103, "power_cost": 17.37907071533203, "noise_cost": 18.348505486194924, "n_waypoints_completed": 9, "tot_waypoints": 9}}
{"target": -194.1073876846256, "params": {"k_pid_pos": [1.849624377781123, 0.024859491386256316, 0.964013702359797], "k_pid_alt": [1.2679502233621702, 0.0, 0.949345597264735], "k_pid_att": [39.447728079683905, 3.8677381495188174, 0.1845336041603497], "k_pid_yaw": [0.5, 1e-06, 0.1], "k_pid_hsp": [0.09847755819799779, 0.011264223901387349, 0.0], "k_pid_vsp": [194.7624155113164, 15.500533572620455, 10.0]}, "datetime": {"datetime": "2025-08-13 11:29:54", "elapsed": 6122.56027841568, "delta": 34.967087507247925}, "costs": {"total_cost": 194.1073876846256, "time_cost": 74.249, "final_distance_cost": 1.8275118239175832, "oscillation_cost": 29.118144292459018, "completition_cost": 0.0, "overshoot_cost": 51.87229006830101, "power_cost": 17.96731070556641, "noise_cost": 19.073130794381573, "n_waypoints_completed": 9, "tot_waypoints": 9}}
{"target": -450.9648133368775, "params": {"k_pid_pos": [1.1496839804071068, 0.024859491386256316, 0.11401919133455096], "k_pid_alt": [1.2679502233621702, 0.0, 0.949345597264735], "k_pid_att": [14.415714892135846, 3.8677381495188174, 0.1845336041603497], "k_pid_yaw": [0.5, 1e-06, 0.1], "k_pid_hsp": [0.09847755819799779, 0.011264223901387349, 0.08356203214847824], "k_pid_vsp": [194.7624155113164, 156.73508457218338, 10.0]}, "datetime": {"datetime": "2025-08-13 11:30:35", "elapsed": 6163.605573892593, "delta": 41.04529547691345}, "costs": {"total_cost": 450.9648133368775, "time_cost": 91.56700000000001, "final_distance_cost": 1.8002383778945723, "oscillation_cost": 260.8467687992098, "completition_cost": 0.0, "overshoot_cost": 59.16349090938335, "power_cost": 14.081438415527344, "noise_cost": 23.50587683486236, "n_waypoints_completed": 9, "tot_waypoints": 9}}
{"target": -200.22199787659943, "params": {"k_pid_pos": [1.849624377781123, 0.024859491386256316, 0.44963268842268056], "k_pid_alt": [1.2679502233621702, 0.0, 0.949345597264735], "k_pid_att": [39.447728079683905, 2.479545121909682, 0.004857337777279036], "k_pid_yaw": [0.5, 1e-06, 0.1], "k_pid_hsp": [0.09847755819799779, 0.011264223901387349, 0.0], "k_pid_vsp": [194.7624155113164, 20.0, 10.0]}, "datetime": {"datetime": "2025-08-13 11:31:06", "elapsed": 6194.913961172104, "delta": 31.308387279510498}, "costs": {"total_cost": 200.22199787659943, "time_cost": 73.878, "final_distance_cost": 1.7906629559349758, "oscillation_cost": 32.17857959608455, "completition_cost": 0.0, "overshoot_cost": 52.03734863367654, "power_cost": 20.347119482421878, "noise_cost": 19.990287208481476, "n_waypoints_completed": 9, "tot_waypoints": 9}}
{"target": -205.76749390728645, "params": {"k_pid_pos": [1.849624377781123, 0.024859491386256316, 0.44963268842268056], "k_pid_alt": [1.2679502233621702, 0.0, 0.949345597264735], "k_pid_att": [39.447728079683905, 2.479545121909682, 0.004857337777279036], "k_pid_yaw": [0.5, 1e-06, 0.1], "k_pid_hsp": [0.09847755819799779, 0.011264223901387349, 0.0], "k_pid_vsp": [17.18305095025783, 20.0, 10.0]}, "datetime": {"datetime": "2025-08-13 11:31:39", "elapsed": 6227.276939868927, "delta": 32.36297869682312}, "costs": {"total_cost": 205.76749390728645, "time_cost": 76.734, "final_distance_cost": 1.785145420379395, "oscillation_cost": 31.451213888703254, "completition_cost": 0.0, "overshoot_cost": 54.726496975009425, "power_cost": 19.23362861328125, "noise_cost": 21.83700900991313, "n_waypoints_completed": 9, "tot_waypoints": 9}}
{"target": -252.17091795707302, "params": {"k_pid_pos": [1.849624377781123, 0.024859491386256316, 0.44963268842268056], "k_pid_alt": [1.6540160292159989, 0.0, 0.949345597264735], "k_pid_att": [39.447728079683905, 3.6888469195366334, 0.1845336041603497], "k_pid_yaw": [0.5, 1e-06, 0.1], "k_pid_hsp": [5.985325037583757, 0.011264223901387349, 0.0], "k_pid_vsp": [194.7624155113164, 156.73508457218338, 22.765281794467143]}, "datetime": {"datetime": "2025-08-13 11:32:09", "elapsed": 6257.19246172905, "delta": 29.91552186012268}, "costs": {"total_cost": 252.17091795707302, "time_cost": 69.818, "final_distance_cost": 1.8107983085830641, "oscillation_cost": 93.76470646020069, "completition_cost": 0.0, "overshoot_cost": 50.0082747068278, "power_cost": 18.829804553222658, "noise_cost": 17.939333928238828, "n_waypoints_completed": 9, "tot_waypoints": 9}}
{"target": -253.94156076341048, "params": {"k_pid_pos": [0.49275800590297264, 0.18848155022322047, 0.17888737446852812], "k_pid_alt": [1.515427128667956, 0.0, 0.949345597264735], "k_pid_att": [39.447728079683905, 3.8677381495188174, 0.18856007863455804], "k_pid_yaw": [0.5, 1e-06, 0.1], "k_pid_hsp": [6.04138163875019, 0.011264223901387349, 0.0], "k_pid_vsp": [295.9324376154018, 15.500533572620455, 10.0]}, "datetime": {"datetime": "2025-08-13 11:32:45", "elapsed": 6293.525040626526, "delta": 36.332578897476196}, "costs": {"total_cost": 253.94156076341048, "time_cost": 84.973, "final_distance_cost": 1.8360540075365517, "oscillation_cost": 65.91067357279357, "completition_cost": 0.0, "overshoot_cost": 52.973282643475024, "power_cost": 23.813172424316406, "noise_cost": 24.43537811528892, "n_waypoints_completed": 9, "tot_waypoints": 9}}
{"target": -359.70420397245795, "params": {"k_pid_pos": [0.49275800590297264, 0.024859491386256316, 0.44963268842268056], "k_pid_alt": [1.2679502233621702, 0.08054494671311319, 0.949345597264735], "k_pid_att": [78.69411358121238, 3.8677381495188174, 0.004857337777279036], "k_pid_yaw": [0.5, 1e-06, 0.1], "k_pid_hsp": [0.09847755819799779, 0.5534313698869836, 0.0], "k_pid_vsp": [194.7624155113164, 307.0029666248519, 10.0]}, "datetime": {"datetime": "2025-08-13 11:33:34", "elapsed": 6342.899392127991, "delta": 49.374351501464844}, "costs": {"total_cost": 359.70420397245795, "time_cost": 114.81400000000001, "final_distance_cost": 1.8320442299012343, "oscillation_cost": 128.9177688233163, "completition_cost": 0.0, "overshoot_cost": 61.998902117339235, "power_cost": 21.515932910156252, "noise_cost": 30.625555891744884, "n_waypoints_completed": 9, "tot_waypoints": 9}}
{"target": -618.8526607120072, "params": {"k_pid_pos": [0.3086920070734966, 0.18848155022322047, 0.17888737446852812], "k_pid_alt": [1.515427128667956, 0.0, 0.949345597264735], "k_pid_att": [39.447728079683905, 3.8677381495188174, 0.06257111584615938], "k_pid_yaw": [0.5, 1e-06, 0.1], "k_pid_hsp": [0.09847755819799779, 0.35170239085026345, 0.0], "k_pid_vsp": [194.7624155113164, 20.0, 10.0]}, "datetime": {"datetime": "2025-08-13 11:34:26", "elapsed": 6394.7983293533325, "delta": 51.8989372253418}, "costs": {"total_cost": 618.8526607120072, "time_cost": 150, "final_distance_cost": 69.07709392990104, "oscillation_cost": 70.84241660158028, "completition_cost": 222.2222222222222, "overshoot_cost": 49.51994845304395, "power_cost": 26.314617810058596, "noise_cost": 30.876361695201002, "n_waypoints_completed": 7, "tot_waypoints": 9}}
{"target": -226.14052199545557, "params": {"k_pid_pos": [1.849624377781123, 0.18848155022322047, 0.17888737446852812], "k_pid_alt": [1.515427128667956, 0.0, 0.949345597264735], "k_pid_att": [39.447728079683905, 3.8677381495188174, 0.1845336041603497], "k_pid_yaw": [0.5, 1e-06, 0.1], "k_pid_hsp": [0.09847755819799779, 0.011264223901387349, 0.0], "k_pid_vsp": [194.7624155113164, 20.0, 65.70135573745327]}, "datetime": {"datetime": "2025-08-13 11:35:04", "elapsed": 6432.540739297867, "delta": 37.7424099445343}, "costs": {"total_cost": 226.14052199545557, "time_cost": 86.926, "final_distance_cost": 1.783979347104137, "oscillation_cost": 35.78200909331034, "completition_cost": 0.0, "overshoot_cost": 60.760398811015456, "power_cost": 21.354795849609378, "noise_cost": 19.533338894416264, "n_waypoints_completed": 9, "tot_waypoints": 9}}
{"target": -218.99794931087817, "params": {"k_pid_pos": [0.49275800590297264, 0.024859491386256316, 0.44963268842268056], "k_pid_alt": [1.2679502233621702, 0.0, 0.949345597264735], "k_pid_att": [78.69411358121238, 3.8677381495188174, 0.004857337777279036], "k_pid_yaw": [0.5, 1e-06, 0.1], "k_pid_hsp": [0.09847755819799779, 0.011264223901387349, 0.0], "k_pid_vsp": [194.7624155113164, 307.0029666248519, 10.0]}, "datetime": {"datetime": "2025-08-13 11:35:42", "elapsed": 6470.751104354858, "delta": 38.21036505699158}, "costs": {"total_cost": 218.99794931087817, "time_cost": 89.34100000000001, "final_distance_cost": 1.8615079871565434, "oscillation_cost": 25.015203329589454, "completition_cost": 0.0, "overshoot_cost": 52.685706461572416, "power_cost": 24.132185485839845, "noise_cost": 25.96234604671991, "n_waypoints_completed": 9, "tot_waypoints": 9}}
{"target": -227.3234231321884, "params": {"k_pid_pos": [1.849624377781123, 0.024859491386256316, 0.44963268842268056], "k_pid_alt": [1.2679502233621702, 0.07931689918144824, 0.949345597264735], "k_pid_att": [47.70828662473765, 3.8677381495188174, 0.004857337777279036], "k_pid_yaw": [0.5, 1e-06, 0.1], "k_pid_hsp": [0.09847755819799779, 0.011264223901387349, 0.0], "k_pid_vsp": [194.7624155113164, 82.79406464935073, 10.0]}, "datetime": {"datetime": "2025-08-13 11:36:20", "elapsed": 6508.6666078567505, "delta": 37.91550350189209}, "costs": {"total_cost": 227.3234231321884, "time_cost": 88.438, "final_distance_cost": 1.8104152342335507, "oscillation_cost": 38.2858944449412, "completition_cost": 0.0, "overshoot_cost": 52.36763328352607, "power_cost": 22.637692553710938, "noise_cost": 23.78378761577664, "n_waypoints_completed": 9, "tot_waypoints": 9}}
