{"target": -185.1670564334832, "params": {"k_pid_pos": [1.4340672435785011, 0.024859491386256316, 0.44963268842268056], "k_pid_alt": [1.296896341175293, 0.0, 0.3146878632891922], "k_pid_att": [43.948176657889235, 3.8677381495188174, 0.1845336041603497], "k_pid_yaw": [0.5, 1e-06, 0.1], "k_pid_hsp": [0.09847755819799779, 0.011264223901387349, 0.0], "k_pid_vsp": [17.18305095025783, 93.09285943774285, 10.0]}, "datetime": {"datetime": "2025-08-13 12:47:36", "elapsed": 10784.871766090393, "delta": 16.548030138015747}, "costs": {"total_cost": 185.1670564334832, "time_cost": 70.07000000000001, "final_distance_cost": 1.814478651684756, "oscillation_cost": 30.70658404543371, "completition_cost": 0.0, "overshoot_cost": 50.4878142983839, "power_cost": 13.848899133300781, "noise_cost": 18.239280304680026, "n_waypoints_completed": 9, "tot_waypoints": 9}}
{"target": -202.67500058167863, "params": {"k_pid_pos": [1.849624377781123, 0.024859491386256316, 0.855962508813682], "k_pid_alt": [1.2679502233621702, 0.0, 0.949345597264735], "k_pid_att": [14.415714892135846, 5.9521973635976435, 0.1845336041603497], "k_pid_yaw": [0.5, 1e-06, 0.1], "k_pid_hsp": [0.09847755819799779, 0.011264223901387349, 0.0], "k_pid_vsp": [194.7624155113164, 336.89689932622207, 10.0]}, "datetime": {"datetime": "2025-08-13 12:47:54", "elapsed": 10802.259416341782, "delta": 17.38765025138855}, "costs": {"total_cost": 202.67500058167863, "time_cost": 74.34700000000001, "final_distance_cost": 1.833718011376073, "oscillation_cost": 31.700516386492275, "completition_cost": 0.0, "overshoot_cost": 51.12069594468447, "power_cost": 22.883809606933596, "noise_cost": 20.789260632192192, "n_waypoints_completed": 9, "tot_waypoints": 9}}
{"target": -193.4089092044519, "params": {"k_pid_pos": [1.849624377781123, 0.03988560271314401, 0.855962508813682], "k_pid_alt": [1.2679502233621702, 0.0, 0.06527723447865985], "k_pid_att": [58.989274729095186, 3.8677381495188174, 0.8739915892735461], "k_pid_yaw": [0.5, 1e-06, 0.1], "k_pid_hsp": [0.09847755819799779, 0.011264223901387349, 0.0], "k_pid_vsp": [194.7624155113164, 156.73508457218338, 10.0]}, "datetime": {"datetime": "2025-08-13 12:48:10", "elapsed": 10818.820277690887, "delta": 16.560861349105835}, "costs": {"total_cost": 193.4089092044519, "time_cost": 70.42, "final_distance_cost": 1.809541239191221, "oscillation_cost": 28.18124909755207, "completition_cost": 0.0, "overshoot_cost": 51.14277143597892, "power_cost": 21.309553466796878, "noise_cost": 20.54579396493282, "n_waypoints_completed": 9, "tot_waypoints": 9}}
{"target": -186.33385970377662, "params": {"k_pid_pos": [1.849624377781123, 0.024859491386256316, 0.855962508813682], "k_pid_alt": [1.2679502233621702, 0.0, 0.251263550706466], "k_pid_att": [82.07793770411665, 5.9521973635976435, 0.1845336041603497], "k_pid_yaw": [0.5, 1e-06, 0.1], "k_pid_hsp": [0.09847755819799779, 0.011264223901387349, 0.0], "k_pid_vsp": [258.4046895883358, 156.73508457218338, 10.0]}, "datetime": {"datetime": "2025-08-13 12:48:27", "elapsed": 10835.610043048859, "delta": 16.78976535797119}, "costs": {"total_cost": 186.33385970377662, "time_cost": 70.014, "final_distance_cost": 1.832309205695474, "oscillation_cost": 32.54339022752206, "completition_cost": 0.0, "overshoot_cost": 50.99533155941359, "power_cost": 12.13086787109375, "noise_cost": 18.81796084005173, "n_waypoints_completed": 9, "tot_waypoints": 9}}
{"target": -200.76279453489752, "params": {"k_pid_pos": [1.849624377781123, 0.024859491386256316, 0.855962508813682], "k_pid_alt": [1.2679502233621702, 0.0, 0.06527723447865985], "k_pid_att": [58.989274729095186, 3.8677381495188174, 0.1845336041603497], "k_pid_yaw": [0.5, 1e-06, 0.1], "k_pid_hsp": [0.09847755819799779, 0.011264223901387349, 0.0], "k_pid_vsp": [194.7624155113164, 156.73508457218338, 10.0]}, "datetime": {"datetime": "2025-08-13 12:48:44", "elapsed": 10852.891180992126, "delta": 17.281137943267822}, "costs": {"total_cost": 200.76279453489752, "time_cost": 71.729, "final_distance_cost": 1.8141034074651352, "oscillation_cost": 30.81492462560931, "completition_cost": 0.0, "overshoot_cost": 52.113778227667424, "power_cost": 23.09571298828125, "noise_cost": 21.195275285874395, "n_waypoints_completed": 9, "tot_waypoints": 9}}
{"target": -216.65177995148363, "params": {"k_pid_pos": [1.4340672435785011, 0.26056931642547587, 0.44963268842268056], "k_pid_alt": [1.296896341175293, 0.9664762406883838, 0.3146878632891922], "k_pid_att": [43.948176657889235, 3.8677381495188174, 0.7771527494070096], "k_pid_yaw": [0.5, 1e-06, 0.1], "k_pid_hsp": [0.09847755819799779, 0.011264223901387349, 0.0], "k_pid_vsp": [333.29801552052976, 55.3482780190707, 10.0]}, "datetime": {"datetime": "2025-08-13 12:49:05", "elapsed": 10873.965119838715, "delta": 21.073938846588135}, "costs": {"total_cost": 216.65177995148363, "time_cost": 89.187, "final_distance_cost": 1.7741088723428313, "oscillation_cost": 33.78164863907476, "completition_cost": 0.0, "overshoot_cost": 55.35982878760934, "power_cost": 14.728996911621094, "noise_cost": 21.82019674083559, "n_waypoints_completed": 9, "tot_waypoints": 9}}
{"target": -212.53828108113177, "params": {"k_pid_pos": [1.849624377781123, 0.024859491386256316, 0.44963268842268056], "k_pid_alt": [1.4458679973838424, 0.29284683925470867, 0.949345597264735], "k_pid_att": [39.447728079683905, 0.10763610062849525, 0.1029313237952636], "k_pid_yaw": [0.5, 1e-06, 0.1], "k_pid_hsp": [0.09847755819799779, 0.011264223901387349, 0.0], "k_pid_vsp": [77.18977670713754, 93.09285943774285, 10.0]}, "datetime": {"datetime": "2025-08-13 12:49:25", "elapsed": 10893.309275150299, "delta": 19.344155311584473}, "costs": {"total_cost": 212.53828108113177, "time_cost": 80.311, "final_distance_cost": 1.7519354289122355, "oscillation_cost": 35.49686169721449, "completition_cost": 0.0, "overshoot_cost": 52.00804899453682, "power_cost": 21.709574853515626, "noise_cost": 21.260860106952602, "n_waypoints_completed": 9, "tot_waypoints": 9}}
{"target": -196.74501624407287, "params": {"k_pid_pos": [1.849624377781123, 0.024859491386256316, 0.855962508813682], "k_pid_alt": [1.2679502233621702, 0.0, 0.9924587097750137], "k_pid_att": [14.415714892135846, 3.8677381495188174, 0.1845336041603497], "k_pid_yaw": [0.5, 1e-06, 0.1], "k_pid_hsp": [0.09847755819799779, 0.011264223901387349, 0.0], "k_pid_vsp": [194.7624155113164, 156.73508457218338, 10.0]}, "datetime": {"datetime": "2025-08-13 12:49:42", "elapsed": 10910.973500013351, "delta": 17.664224863052368}, "costs": {"total_cost": 196.74501624407287, "time_cost": 73.241, "final_distance_cost": 1.8325059406821307, "oscillation_cost": 29.58027465794878, "completition_cost": 0.0, "overshoot_cost": 51.29809546107191, "power_cost": 20.842471008300784, "noise_cost": 19.950669176069294, "n_waypoints_completed": 9, "tot_waypoints": 9}}
{"target": -2039.536845945051, "params": {"k_pid_pos": [1.849624377781123, 0.024859491386256316, 0.44963268842268056], "k_pid_alt": [1.4458679973838424, 0.2641916632353021, 0.6674289755844626], "k_pid_att": [39.447728079683905, 3.8677381495188174, 0.1845336041603497], "k_pid_yaw": [0.5, 1e-06, 0.1], "k_pid_hsp": [0.09847755819799779, 0.011264223901387349, 0.43022652634600356], "k_pid_vsp": [194.7624155113164, 93.09285943774285, 267.22239460664355]}, "datetime": {"datetime": "2025-08-13 12:50:11", "elapsed": 10939.263495922089, "delta": 28.289995908737183}, "costs": {"total_cost": 2039.536845945051, "time_cost": 150, "final_distance_cost": 78.33544681738465, "oscillation_cost": 808.3624224854832, "completition_cost": 888.8888888888888, "overshoot_cost": 62.27622257019756, "power_cost": 25.852150329589843, "noise_cost": 25.821714853507093, "n_waypoints_completed": 1, "tot_waypoints": 9}}
{"target": -185.4870931439286, "params": {"k_pid_pos": [1.4340672435785011, 0.024859491386256316, 0.44963268842268056], "k_pid_alt": [1.4458679973838424, 0.02520494712616217, 0.949345597264735], "k_pid_att": [39.447728079683905, 3.8677381495188174, 0.5354455210588809], "k_pid_yaw": [0.5, 1e-06, 0.1], "k_pid_hsp": [0.09847755819799779, 0.011264223901387349, 0.0], "k_pid_vsp": [194.7624155113164, 156.73508457218338, 10.0]}, "datetime": {"datetime": "2025-08-13 12:50:27", "elapsed": 10956.042281150818, "delta": 16.778785228729248}, "costs": {"total_cost": 185.4870931439286, "time_cost": 70.637, "final_distance_cost": 1.8084803670963616, "oscillation_cost": 29.068502503175488, "completition_cost": 0.0, "overshoot_cost": 51.32175887869793, "power_cost": 14.974511560058595, "noise_cost": 17.676839834900232, "n_waypoints_completed": 9, "tot_waypoints": 9}}
{"target": -191.05388143055532, "params": {"k_pid_pos": [1.849624377781123, 0.024859491386256316, 0.44963268842268056], "k_pid_alt": [1.296896341175293, 0.0, 0.3146878632891922], "k_pid_att": [43.948176657889235, 3.7802132718527557, 0.1845336041603497], "k_pid_yaw": [0.5, 1e-06, 0.1], "k_pid_hsp": [0.09847755819799779, 0.011264223901387349, 0.0], "k_pid_vsp": [194.7624155113164, 156.73508457218338, 10.0]}, "datetime": {"datetime": "2025-08-13 12:50:44", "elapsed": 10972.75834274292, "delta": 16.71606159210205}, "costs": {"total_cost": 191.05388143055532, "time_cost": 70.371, "final_distance_cost": 1.8087000279164545, "oscillation_cost": 31.874209170599148, "completition_cost": 0.0, "overshoot_cost": 51.39679051204143, "power_cost": 17.90962989501953, "noise_cost": 17.69355182497879, "n_waypoints_completed": 9, "tot_waypoints": 9}}
{"target": -193.8405296867549, "params": {"k_pid_pos": [1.849624377781123, 0.024859491386256316, 0.855962508813682], "k_pid_alt": [1.2679502233621702, 0.0, 0.4986678334288609], "k_pid_att": [58.989274729095186, 3.8677381495188174, 0.1845336041603497], "k_pid_yaw": [0.5, 1e-06, 0.1], "k_pid_hsp": [0.09847755819799779, 0.011264223901387349, 0.0], "k_pid_vsp": [250.4409247236842, 156.73508457218338, 62.564861685850005]}, "datetime": {"datetime": "2025-08-13 12:51:01", "elapsed": 10989.773107528687, "delta": 17.0147647857666}, "costs": {"total_cost": 193.8405296867549, "time_cost": 72.758, "final_distance_cost": 1.8315568800756818, "oscillation_cost": 29.088862390957015, "completition_cost": 0.0, "overshoot_cost": 52.496126854725, "power_cost": 19.380078369140627, "noise_cost": 18.285905191856592, "n_waypoints_completed": 9, "tot_waypoints": 9}}
{"target": -190.0212853826733, "params": {"k_pid_pos": [1.849624377781123, 0.024859491386256316, 0.855962508813682], "k_pid_alt": [1.2679502233621702, 0.0, 0.06527723447865985], "k_pid_att": [58.989274729095186, 3.8677381495188174, 0.1845336041603497], "k_pid_yaw": [0.5, 1e-06, 0.1], "k_pid_hsp": [0.09847755819799779, 0.011264223901387349, 0.0], "k_pid_vsp": [194.7624155113164, 156.73508457218338, 10.0]}, "datetime": {"datetime": "2025-08-13 12:51:20", "elapsed": 11008.481500387192, "delta": 18.70839285850525}, "costs": {"total_cost": 190.0212853826733, "time_cost": 69.93, "final_distance_cost": 1.8048209435849858, "oscillation_cost": 29.587053264262035, "completition_cost": 0.0, "overshoot_cost": 50.97753619514958, "power_cost": 18.56650261230469, "noise_cost": 19.155372367372, "n_waypoints_completed": 9, "tot_waypoints": 9}}
{"target": -184.7414869619622, "params": {"k_pid_pos": [1.849624377781123, 0.024859491386256316, 0.855962508813682], "k_pid_alt": [1.2679502233621702, 0.0, 0.06527723447865985], "k_pid_att": [58.989274729095186, 3.8677381495188174, 0.1845336041603497], "k_pid_yaw": [0.5, 1e-06, 0.1], "k_pid_hsp": [0.09847755819799779, 0.011264223901387349, 0.0], "k_pid_vsp": [194.7624155113164, 156.73508457218338, 10.0]}, "datetime": {"datetime": "2025-08-13 12:51:37", "elapsed": 11025.867058515549, "delta": 17.385558128356934}, "costs": {"total_cost": 184.7414869619622, "time_cost": 69.531, "final_distance_cost": 1.814596752254268, "oscillation_cost": 30.831279385901414, "completition_cost": 0.0, "overshoot_cost": 50.535470856452505, "power_cost": 13.225359008789063, "noise_cost": 18.80378095856493, "n_waypoints_completed": 9, "tot_waypoints": 9}}
{"target": -189.57848400886903, "params": {"k_pid_pos": [1.4340672435785011, 0.024859491386256316, 0.44963268842268056], "k_pid_alt": [1.296896341175293, 0.0, 0.3146878632891922], "k_pid_att": [43.948176657889235, 3.8677381495188174, 0.1845336041603497], "k_pid_yaw": [0.5, 1e-06, 0.1], "k_pid_hsp": [0.09847755819799779, 0.011264223901387349, 0.0], "k_pid_vsp": [17.18305095025783, 93.09285943774285, 10.0]}, "datetime": {"datetime": "2025-08-13 12:51:54", "elapsed": 11042.757029533386, "delta": 16.889971017837524}, "costs": {"total_cost": 189.57848400886903, "time_cost": 70.112, "final_distance_cost": 1.7978892741024541, "oscillation_cost": 30.45926461992658, "completition_cost": 0.0, "overshoot_cost": 50.76970993372595, "power_cost": 17.864192126464843, "noise_cost": 18.575428054649194, "n_waypoints_completed": 9, "tot_waypoints": 9}}
{"target": -188.14366313202623, "params": {"k_pid_pos": [1.647366612200146, 0.06328363340203702, 0.855962508813682], "k_pid_alt": [1.2679502233621702, 0.0, 0.06527723447865985], "k_pid_att": [58.989274729095186, 6.16091081068753, 0.1845336041603497], "k_pid_yaw": [0.5, 1e-06, 0.1], "k_pid_hsp": [0.09847755819799779, 0.011264223901387349, 0.0], "k_pid_vsp": [397.63618790684643, 156.73508457218338, 10.0]}, "datetime": {"datetime": "2025-08-13 12:52:10", "elapsed": 11059.013851881027, "delta": 16.25682234764099}, "costs": {"total_cost": 188.14366313202623, "time_cost": 70.028, "final_distance_cost": 1.8261463596497096, "oscillation_cost": 29.31631139126036, "completition_cost": 0.0, "overshoot_cost": 50.89093396177812, "power_cost": 17.696764672851565, "noise_cost": 18.385506746486474, "n_waypoints_completed": 9, "tot_waypoints": 9}}
{"target": -220.95267572332688, "params": {"k_pid_pos": [1.849624377781123, 0.024859491386256316, 0.855962508813682], "k_pid_alt": [1.2679502233621702, 0.7792531125598329, 0.251263550706466], "k_pid_att": [82.07793770411665, 5.9521973635976435, 0.1845336041603497], "k_pid_yaw": [0.5, 1e-06, 0.1], "k_pid_hsp": [2.6616915674582815, 0.011264223901387349, 0.0], "k_pid_vsp": [258.4046895883358, 156.73508457218338, 10.0]}, "datetime": {"datetime": "2025-08-13 12:52:28", "elapsed": 11077.052320957184, "delta": 18.038469076156616}, "costs": {"total_cost": 220.95267572332688, "time_cost": 76.748, "final_distance_cost": 1.7871585225456137, "oscillation_cost": 56.87201451584345, "completition_cost": 0.0, "overshoot_cost": 51.77836770364527, "power_cost": 14.433472729492188, "noise_cost": 19.333662251800334, "n_waypoints_completed": 9, "tot_waypoints": 9}}
{"target": -192.8265760824651, "params": {"k_pid_pos": [1.849624377781123, 0.024859491386256316, 0.855962508813682], "k_pid_alt": [1.2679502233621702, 0.0, 0.3146878632891922], "k_pid_att": [43.948176657889235, 3.8677381495188174, 0.1845336041603497], "k_pid_yaw": [0.5, 1e-06, 0.1], "k_pid_hsp": [0.09847755819799779, 0.011264223901387349, 0.0], "k_pid_vsp": [5.13849942235769, 156.73508457218338, 10.0]}, "datetime": {"datetime": "2025-08-13 12:52:45", "elapsed": 11093.599514007568, "delta": 16.54719305038452}, "costs": {"total_cost": 192.8265760824651, "time_cost": 70.889, "final_distance_cost": 1.8221421166510368, "oscillation_cost": 33.88511556651121, "completition_cost": 0.0, "overshoot_cost": 49.80340922784339, "power_cost": 18.229119958496096, "noise_cost": 18.197789212963382, "n_waypoints_completed": 9, "tot_waypoints": 9}}
{"target": -201.36166490556258, "params": {"k_pid_pos": [1.4340672435785011, 0.024859491386256316, 0.44963268842268056], "k_pid_alt": [1.7123163249843363, 0.0, 0.5727041359331937], "k_pid_att": [9.576185185983421, 3.8677381495188174, 0.1845336041603497], "k_pid_yaw": [0.5, 1e-06, 0.1], "k_pid_hsp": [0.09847755819799779, 0.011264223901387349, 0.0], "k_pid_vsp": [46.59224637328396, 156.73508457218338, 10.0]}, "datetime": {"datetime": "2025-08-13 12:53:02", "elapsed": 11110.295747995377, "delta": 16.696233987808228}, "costs": {"total_cost": 201.36166490556258, "time_cost": 70.854, "final_distance_cost": 1.8030917053897464, "oscillation_cost": 32.21100069695653, "completition_cost": 0.0, "overshoot_cost": 50.96061487342698, "power_cost": 24.171708154296876, "noise_cost": 21.361249475492453, "n_waypoints_completed": 9, "tot_waypoints": 9}}
{"target": -187.76224233249647, "params": {"k_pid_pos": [1.849624377781123, 0.024859491386256316, 0.855962508813682], "k_pid_alt": [1.2679502233621702, 0.0, 0.251263550706466], "k_pid_att": [82.07793770411665, 5.9521973635976435, 0.1845336041603497], "k_pid_yaw": [0.5, 1e-06, 0.1], "k_pid_hsp": [0.09847755819799779, 0.011264223901387349, 0.0], "k_pid_vsp": [153.0622015256548, 156.73508457218338, 10.0]}, "datetime": {"datetime": "2025-08-13 12:53:19", "elapsed": 11127.27081155777, "delta": 16.97506356239319}, "costs": {"total_cost": 187.76224233249647, "time_cost": 70.084, "final_distance_cost": 1.8325265163145708, "oscillation_cost": 31.554798307459674, "completition_cost": 0.0, "overshoot_cost": 50.87124503748765, "power_cost": 15.585002978515625, "noise_cost": 17.834669492718948, "n_waypoints_completed": 9, "tot_waypoints": 9}}
{"target": -485.9761161636418, "params": {"k_pid_pos": [1.849624377781123, 0.35023019656788623, 0.44963268842268056], "k_pid_alt": [1.4458679973838424, 0.02520494712616217, 0.05594087397445002], "k_pid_att": [39.447728079683905, 3.8677381495188174, 0.3366070335655168], "k_pid_yaw": [0.5, 1e-06, 0.1], "k_pid_hsp": [3.178468553338115, 0.011264223901387349, 0.5348019131804018], "k_pid_vsp": [194.7624155113164, 221.6078012742647, 10.0]}, "datetime": {"datetime": "2025-08-13 12:53:37", "elapsed": 11145.91034579277, "delta": 18.63953423500061}, "costs": {"total_cost": 485.9761161636418, "time_cost": 78.06400000000001, "final_distance_cost": 1.7681781803044556, "oscillation_cost": 307.7421960876913, "completition_cost": 0.0, "overshoot_cost": 54.508690217617605, "power_cost": 21.512270458984375, "noise_cost": 22.380781219043996, "n_waypoints_completed": 9, "tot_waypoints": 9}}
{"target": -271.46239549153114, "params": {"k_pid_pos": [1.849624377781123, 0.024859491386256316, 0.855962508813682], "k_pid_alt": [1.2679502233621702, 0.02520494712616217, 0.6401712481082494], "k_pid_att": [71.08876827294898, 0.0032441649989051976, 0.1845336041603497], "k_pid_yaw": [0.5, 1e-06, 0.1], "k_pid_hsp": [0.09847755819799779, 0.011264223901387349, 0.0], "k_pid_vsp": [194.7624155113164, 336.89689932622207, 177.16353308542304]}, "datetime": {"datetime": "2025-08-13 12:54:03", "elapsed": 11171.454412460327, "delta": 25.544066667556763}, "costs": {"total_cost": 271.46239549153114, "time_cost": 105.98700000000001, "final_distance_cost": 1.8105843527496523, "oscillation_cost": 33.07968404900053, "completition_cost": 0.0, "overshoot_cost": 69.83473779790086, "power_cost": 32.29693638916016, "noise_cost": 28.453452902719917, "n_waypoints_completed": 9, "tot_waypoints": 9}}
{"target": -1361.1932781395217, "params": {"k_pid_pos": [1.849624377781123, 0.024859491386256316, 0.4512805015659471], "k_pid_alt": [0.00789192005438899, 0.0, 0.251263550706466], "k_pid_att": [82.07793770411665, 5.9521973635976435, 0.1845336041603497], "k_pid_yaw": [0.5, 1e-06, 0.1], "k_pid_hsp": [0.09847755819799779, 0.011264223901387349, 0.0], "k_pid_vsp": [258.4046895883358, 156.73508457218338, 10.0]}, "datetime": {"datetime": "2025-08-13 12:54:31", "elapsed": 11199.843436002731, "delta": 28.389023542404175}, "costs": {"total_cost": 1361.1932781395217, "time_cost": 150, "final_distance_cost": 25.13725170266556, "oscillation_cost": 19.97115793281556, "completition_cost": 1000.0, "overshoot_cost": 113.10175268981634, "power_cost": 21.2855650390625, "noise_cost": 31.69755077516175, "n_waypoints_completed": 0, "tot_waypoints": 9}}
{"target": -185.84011835633385, "params": {"k_pid_pos": [1.849624377781123, 0.024859491386256316, 0.44963268842268056], "k_pid_alt": [1.296896341175293, 0.0, 0.3146878632891922], "k_pid_att": [52.781640202125004, 3.8677381495188174, 0.1845336041603497], "k_pid_yaw": [0.5, 1e-06, 0.1], "k_pid_hsp": [0.09847755819799779, 0.011264223901387349, 0.0], "k_pid_vsp": [194.7624155113164, 156.73508457218338, 10.0]}, "datetime": {"datetime": "2025-08-13 12:54:48", "elapsed": 11216.642360687256, "delta": 16.798924684524536}, "costs": {"total_cost": 185.84011835633385, "time_cost": 70.161, "final_distance_cost": 1.80302011824867, "oscillation_cost": 33.619907579091624, "completition_cost": 0.0, "overshoot_cost": 50.79209322381795, "power_cost": 10.602806005859376, "noise_cost": 18.861291429316235, "n_waypoints_completed": 9, "tot_waypoints": 9}}
{"target": -198.66342241320464, "params": {"k_pid_pos": [1.849624377781123, 0.024859491386256316, 0.44963268842268056], "k_pid_alt": [1.4458679973838424, 0.41559419760170657, 0.949345597264735], "k_pid_att": [43.948176657889235, 3.7802132718527557, 0.1845336041603497], "k_pid_yaw": [0.5, 1e-06, 0.1], "k_pid_hsp": [0.09847755819799779, 0.011264223901387349, 0.0], "k_pid_vsp": [194.7624155113164, 156.73508457218338, 10.0]}, "datetime": {"datetime": "2025-08-13 12:55:06", "elapsed": 11235.060911655426, "delta": 18.418550968170166}, "costs": {"total_cost": 198.66342241320464, "time_cost": 77.497, "final_distance_cost": 1.7502498096272257, "oscillation_cost": 36.41630060382192, "completition_cost": 0.0, "overshoot_cost": 51.22821668823602, "power_cost": 11.890958508300782, "noise_cost": 19.8806968032187, "n_waypoints_completed": 9, "tot_waypoints": 9}}
