{"target": -1235.5090321548837, "params": {"k_pid_pos": [0.09404003683205926, 0.024859491386256316, 0.8519347702918288], "k_pid_alt": [1.4458679973838424, 0.0, 0.3146878632891922], "k_pid_att": [43.948176657889235, 3.8677381495188174, 0.837110513405392], "k_pid_yaw": [0.5, 1e-06, 0.1], "k_pid_hsp": [0.09847755819799779, 0.005322982040420254, 0.0], "k_pid_vsp": [194.7624155113164, 156.73508457218338, 282.003310948003]}, "datetime": {"datetime": "2025-08-13 14:24:52", "elapsed": 16620.484489917755, "delta": 33.68372821807861}, "costs": {"total_cost": 1235.5090321548837, "time_cost": 150, "final_distance_cost": 71.73147967597038, "oscillation_cost": 7.831868762523567, "completition_cost": 888.8888888888888, "overshoot_cost": 67.998101478799, "power_cost": 24.074057080078127, "noise_cost": 24.984636268623827, "n_waypoints_completed": 1, "tot_waypoints": 9}}
{"target": -1815.0758267968295, "params": {"k_pid_pos": [1.4999912498542303, 0.11906128738229915, 0.44963268842268056], "k_pid_alt": [0.8815334174028542, 0.0, 0.16072894317769304], "k_pid_att": [58.45879911684221, 3.8677381495188174, 0.9669350405079173], "k_pid_yaw": [0.5, 1e-06, 0.1], "k_pid_hsp": [0.09847755819799779, 0.011264223901387349, 0.48397499846555336], "k_pid_vsp": [17.18305095025783, 93.09285943774285, 10.0]}, "datetime": {"datetime": "2025-08-13 14:25:24", "elapsed": 16652.810450315475, "delta": 32.32596039772034}, "costs": {"total_cost": 1815.0758267968295, "time_cost": 150, "final_distance_cost": 86.70845490850448, "oscillation_cost": 762.4700637173975, "completition_cost": 666.6666666666667, "overshoot_cost": 97.06817914335258, "power_cost": 24.543340197753906, "noise_cost": 27.619122163154337, "n_waypoints_completed": 3, "tot_waypoints": 9}}
{"target": -194.46420643250894, "params": {"k_pid_pos": [1.4340672435785011, 0.024859491386256316, 0.8519347702918288], "k_pid_alt": [1.986978150104521, 0.02520494712616217, 0.949345597264735], "k_pid_att": [39.909449977216326, 3.8677381495188174, 0.1845336041603497], "k_pid_yaw": [0.5, 1e-06, 0.1], "k_pid_hsp": [0.09847755819799779, 0.011264223901387349, 0.0], "k_pid_vsp": [194.7624155113164, 317.0669739011019, 10.0]}, "datetime": {"datetime": "2025-08-13 14:25:43", "elapsed": 16671.275417089462, "delta": 18.464966773986816}, "costs": {"total_cost": 194.46420643250894, "time_cost": 70.819, "final_distance_cost": 1.8449977680762468, "oscillation_cost": 27.42340510904026, "completition_cost": 0.0, "overshoot_cost": 51.162844830021285, "power_cost": 22.043505310058595, "noise_cost": 21.170453415312554, "n_waypoints_completed": 9, "tot_waypoints": 9}}
{"target": -1392.0707304613118, "params": {"k_pid_pos": [1.0031316701085804, 0.171039241112511, 0.44963268842268056], "k_pid_alt": [1.4458679973838424, 0.0, 0.13294310327404035], "k_pid_att": [1.7288627185812477, 3.8677381495188174, 0.8257697299075593], "k_pid_yaw": [0.5, 1e-06, 0.1], "k_pid_hsp": [0.09847755819799779, 0.011264223901387349, 0.0], "k_pid_vsp": [277.2708477836043, 236.48000513664874, 261.386953859232]}, "datetime": {"datetime": "2025-08-13 14:26:13", "elapsed": 16701.538162469864, "delta": 30.26274538040161}, "costs": {"total_cost": 1392.0707304613118, "time_cost": 150, "final_distance_cost": 43.41517018962726, "oscillation_cost": 19.767753201026487, "completition_cost": 1000.0, "overshoot_cost": 80.85949650517856, "power_cost": 42.558931091308594, "noise_cost": 55.46937947417096, "n_waypoints_completed": 0, "tot_waypoints": 9}}
{"target": -180.27346105256524, "params": {"k_pid_pos": [1.4340672435785011, 0.024859491386256316, 0.8519347702918288], "k_pid_alt": [1.4458679973838424, 0.0, 0.3146878632891922], "k_pid_att": [43.948176657889235, 3.8677381495188174, 0.34464953207076743], "k_pid_yaw": [0.5, 1e-06, 0.1], "k_pid_hsp": [0.09847755819799779, 0.011264223901387349, 0.0], "k_pid_vsp": [277.2708477836043, 93.09285943774285, 10.0]}, "datetime": {"datetime": "2025-08-13 14:26:31", "elapsed": 16719.55074739456, "delta": 18.012584924697876}, "costs": {"total_cost": 180.27346105256524, "time_cost": 70.63, "final_distance_cost": 1.8350339809642502, "oscillation_cost": 27.534175731991947, "completition_cost": 0.0, "overshoot_cost": 50.76370790302037, "power_cost": 11.617952807617188, "noise_cost": 17.892590628971487, "n_waypoints_completed": 9, "tot_waypoints": 9}}
{"target": -1266.9682058789426, "params": {"k_pid_pos": [1.4340672435785011, 0.024859491386256316, 0.8519347702918288], "k_pid_alt": [1.394383142748206, 0.0, 0.3146878632891922], "k_pid_att": [39.447728079683905, 3.8677381495188174, 0.17039554323513206], "k_pid_yaw": [0.5, 1e-06, 0.1], "k_pid_hsp": [0.09847755819799779, 0.011264223901387349, 0.0], "k_pid_vsp": [277.2708477836043, 93.09285943774285, 307.68131284402733]}, "datetime": {"datetime": "2025-08-13 14:27:02", "elapsed": 16750.343152046204, "delta": 30.792404651641846}, "costs": {"total_cost": 1266.9682058789426, "time_cost": 150, "final_distance_cost": 82.16052667071672, "oscillation_cost": 11.477640412219705, "completition_cost": 888.8888888888888, "overshoot_cost": 77.74373489797658, "power_cost": 28.016340588378906, "noise_cost": 28.681074420762112, "n_waypoints_completed": 1, "tot_waypoints": 9}}
{"target": -183.3056003294195, "params": {"k_pid_pos": [1.4340672435785011, 0.024859491386256316, 0.8519347702918288], "k_pid_alt": [1.4458679973838424, 0.0, 0.3146878632891922], "k_pid_att": [43.948176657889235, 3.8677381495188174, 0.837110513405392], "k_pid_yaw": [0.5, 1e-06, 0.1], "k_pid_hsp": [0.09847755819799779, 0.011264223901387349, 0.0], "k_pid_vsp": [17.18305095025783, 93.09285943774285, 10.0]}, "datetime": {"datetime": "2025-08-13 14:27:19", "elapsed": 16767.873408317566, "delta": 17.530256271362305}, "costs": {"total_cost": 183.3056003294195, "time_cost": 70.44800000000001, "final_distance_cost": 1.8266539106022788, "oscillation_cost": 28.452350949645986, "completition_cost": 0.0, "overshoot_cost": 50.980109338457794, "power_cost": 13.25529072265625, "noise_cost": 18.343195408057202, "n_waypoints_completed": 9, "tot_waypoints": 9}}
{"target": -184.79379298067656, "params": {"k_pid_pos": [1.0031316701085804, 0.024859491386256316, 0.44963268842268056], "k_pid_alt": [1.4458679973838424, 0.0, 0.13294310327404035], "k_pid_att": [39.447728079683905, 3.9650988168623, 0.8257697299075593], "k_pid_yaw": [0.5, 1e-06, 0.1], "k_pid_hsp": [0.09847755819799779, 0.011264223901387349, 0.0], "k_pid_vsp": [17.18305095025783, 93.09285943774285, 10.0]}, "datetime": {"datetime": "2025-08-13 14:27:37", "elapsed": 16785.543291330338, "delta": 17.669883012771606}, "costs": {"total_cost": 184.79379298067656, "time_cost": 70.623, "final_distance_cost": 1.8359770840615963, "oscillation_cost": 26.369490939096696, "completition_cost": 0.0, "overshoot_cost": 50.9408153517366, "power_cost": 16.63582863769531, "noise_cost": 18.38868096808635, "n_waypoints_completed": 9, "tot_waypoints": 9}}
{"target": -182.9219559966134, "params": {"k_pid_pos": [1.4340672435785011, 0.024859491386256316, 0.8519347702918288], "k_pid_alt": [1.4458679973838424, 0.0, 0.3146878632891922], "k_pid_att": [43.948176657889235, 3.8677381495188174, 0.34464953207076743], "k_pid_yaw": [0.5, 1e-06, 0.1], "k_pid_hsp": [0.09847755819799779, 0.011264223901387349, 0.0], "k_pid_vsp": [277.2708477836043, 93.09285943774285, 10.0]}, "datetime": {"datetime": "2025-08-13 14:27:55", "elapsed": 16803.43777871132, "delta": 17.894487380981445}, "costs": {"total_cost": 182.9219559966134, "time_cost": 70.693, "final_distance_cost": 1.8306999712692957, "oscillation_cost": 27.36833694098988, "completition_cost": 0.0, "overshoot_cost": 50.57794219881845, "power_cost": 13.997631079101563, "noise_cost": 18.45434580643423, "n_waypoints_completed": 9, "tot_waypoints": 9}}
{"target": -191.57784572280687, "params": {"k_pid_pos": [1.4999912498542303, 0.024859491386256316, 0.44963268842268056], "k_pid_alt": [1.4458679973838424, 0.0, 0.13294310327404035], "k_pid_att": [39.447728079683905, 3.8677381495188174, 0.8257697299075593], "k_pid_yaw": [0.5, 1e-06, 0.1], "k_pid_hsp": [0.09847755819799779, 0.011264223901387349, 0.0], "k_pid_vsp": [194.7624155113164, 87.58200976551859, 10.0]}, "datetime": {"datetime": "2025-08-13 14:28:13", "elapsed": 16821.59417796135, "delta": 18.156399250030518}, "costs": {"total_cost": 191.57784572280687, "time_cost": 70.203, "final_distance_cost": 1.807066755944828, "oscillation_cost": 28.805547185702604, "completition_cost": 0.0, "overshoot_cost": 51.43475200389428, "power_cost": 19.88359412841797, "noise_cost": 19.443885648847196, "n_waypoints_completed": 9, "tot_waypoints": 9}}
{"target": -2093.8452572725478, "params": {"k_pid_pos": [1.4340672435785011, 0.7766559899840447, 0.8519347702918288], "k_pid_alt": [1.4458679973838424, 0.0, 0.3146878632891922], "k_pid_att": [43.948176657889235, 3.8677381495188174, 0.1845336041603497], "k_pid_yaw": [0.5, 1e-06, 0.1], "k_pid_hsp": [0.09847755819799779, 0.011264223901387349, 0.8079184187081999], "k_pid_vsp": [17.18305095025783, 93.09285943774285, 10.0]}, "datetime": {"datetime": "2025-08-13 14:28:43", "elapsed": 16852.072764635086, "delta": 30.478586673736572}, "costs": {"total_cost": 2093.8452572725478, "time_cost": 150, "final_distance_cost": 59.6956433260006, "oscillation_cost": 853.2777782334409, "completition_cost": 888.8888888888888, "overshoot_cost": 86.54455299735339, "power_cost": 26.73256246337891, "noise_cost": 28.70583136348515, "n_waypoints_completed": 1, "tot_waypoints": 9}}
{"target": -182.98077105986067, "params": {"k_pid_pos": [1.0031316701085804, 0.024859491386256316, 0.44963268842268056], "k_pid_alt": [1.795722219278775, 0.0, 0.13294310327404035], "k_pid_att": [39.447728079683905, 3.9650988168623, 0.8257697299075593], "k_pid_yaw": [0.5, 1e-06, 0.1], "k_pid_hsp": [0.09847755819799779, 0.011264223901387349, 0.0], "k_pid_vsp": [277.2708477836043, 93.09285943774285, 10.0]}, "datetime": {"datetime": "2025-08-13 14:29:01", "elapsed": 16870.04125237465, "delta": 17.96848773956299}, "costs": {"total_cost": 182.98077105986067, "time_cost": 70.413, "final_distance_cost": 1.8271234189400167, "oscillation_cost": 25.63765212889355, "completition_cost": 0.0, "overshoot_cost": 51.151156943744816, "power_cost": 15.105143798828125, "noise_cost": 18.846694769454153, "n_waypoints_completed": 9, "tot_waypoints": 9}}
{"target": -1826.4115966889215, "params": {"k_pid_pos": [1.4999912498542303, 0.024859491386256316, 0.8519347702918288], "k_pid_alt": [1.4458679973838424, 0.0, 0.3146878632891922], "k_pid_att": [43.948176657889235, 3.8677381495188174, 0.837110513405392], "k_pid_yaw": [0.5, 1e-06, 0.1], "k_pid_hsp": [0.09847755819799779, 0.011264223901387349, 0.855111440485344], "k_pid_vsp": [17.18305095025783, 156.73508457218338, 10.0]}, "datetime": {"datetime": "2025-08-13 14:29:32", "elapsed": 16901.065804958344, "delta": 31.024552583694458}, "costs": {"total_cost": 1826.4115966889215, "time_cost": 150, "final_distance_cost": 73.87416762510051, "oscillation_cost": 689.4555726110351, "completition_cost": 777.7777777777778, "overshoot_cost": 69.16269464872343, "power_cost": 36.082400976562504, "noise_cost": 30.05898304972213, "n_waypoints_completed": 2, "tot_waypoints": 9}}
{"target": -1930.5192703089076, "params": {"k_pid_pos": [1.4340672435785011, 0.11906128738229915, 0.44963268842268056], "k_pid_alt": [1.9379834684878636, 0.0, 0.16072894317769304], "k_pid_att": [58.45879911684221, 3.8677381495188174, 0.9669350405079173], "k_pid_yaw": [0.5, 1e-06, 0.1], "k_pid_hsp": [0.09847755819799779, 0.011264223901387349, 0.48397499846555336], "k_pid_vsp": [17.18305095025783, 93.09285943774285, 10.0]}, "datetime": {"datetime": "2025-08-13 14:30:03", "elapsed": 16931.32383275032, "delta": 30.25802779197693}, "costs": {"total_cost": 1930.5192703089076, "time_cost": 150, "final_distance_cost": 71.04262327377671, "oscillation_cost": 757.9734627232568, "completition_cost": 777.7777777777778, "overshoot_cost": 117.08983355237119, "power_cost": 28.15337398681641, "noise_cost": 28.482198994908792, "n_waypoints_completed": 2, "tot_waypoints": 9}}
{"target": -201.07461713514596, "params": {"k_pid_pos": [1.4999912498542303, 0.11906128738229915, 0.06327155149462471], "k_pid_alt": [1.1424381546674114, 0.0, 0.3146878632891922], "k_pid_att": [43.948176657889235, 3.7802132718527557, 0.1845336041603497], "k_pid_yaw": [0.5, 1e-06, 0.1], "k_pid_hsp": [0.09847755819799779, 0.011264223901387349, 0.0], "k_pid_vsp": [17.18305095025783, 93.09285943774285, 10.0]}, "datetime": {"datetime": "2025-08-13 14:30:22", "elapsed": 16950.721930265427, "delta": 19.3980975151062}, "costs": {"total_cost": 201.07461713514596, "time_cost": 74.221, "final_distance_cost": 1.7641158918656434, "oscillation_cost": 35.01331104171172, "completition_cost": 0.0, "overshoot_cost": 51.26789626290772, "power_cost": 19.085681652832033, "noise_cost": 19.72261228582885, "n_waypoints_completed": 9, "tot_waypoints": 9}}
{"target": -499.513174709218, "params": {"k_pid_pos": [0.3597277290261015, 0.024859491386256316, 0.8519347702918288], "k_pid_alt": [1.4458679973838424, 0.0, 0.3146878632891922], "k_pid_att": [43.948176657889235, 3.8677381495188174, 0.837110513405392], "k_pid_yaw": [0.5, 1e-06, 0.1], "k_pid_hsp": [0.09847755819799779, 0.42821208748488515, 0.0], "k_pid_vsp": [17.18305095025783, 93.09285943774285, 10.0]}, "datetime": {"datetime": "2025-08-13 14:30:54", "elapsed": 16982.529153347015, "delta": 31.807223081588745}, "costs": {"total_cost": 499.513174709218, "time_cost": 150, "final_distance_cost": 17.607654133581974, "oscillation_cost": 76.84952700259952, "completition_cost": 111.11111111111116, "overshoot_cost": 67.01627746479907, "power_cost": 40.72712286376953, "noise_cost": 36.20148213335677, "n_waypoints_completed": 8, "tot_waypoints": 9}}
{"target": -193.79597968316165, "params": {"k_pid_pos": [1.0031316701085804, 0.024859491386256316, 0.44963268842268056], "k_pid_alt": [1.4458679973838424, 0.22449205087189628, 0.13294310327404035], "k_pid_att": [39.447728079683905, 3.9650988168623, 0.8257697299075593], "k_pid_yaw": [0.5, 1e-06, 0.1], "k_pid_hsp": [0.09847755819799779, 0.011264223901387349, 0.0], "k_pid_vsp": [17.18305095025783, 93.09285943774285, 10.0]}, "datetime": {"datetime": "2025-08-13 14:31:19", "elapsed": 17007.363151550293, "delta": 24.833998203277588}, "costs": {"total_cost": 193.79597968316165, "time_cost": 81.956, "final_distance_cost": 1.7854362734234461, "oscillation_cost": 28.86128902287785, "completition_cost": 0.0, "overshoot_cost": 51.120288396106744, "power_cost": 9.940815307617187, "noise_cost": 20.13215068313645, "n_waypoints_completed": 9, "tot_waypoints": 9}}
{"target": -4325.621115488313, "params": {"k_pid_pos": [1.900292756797936, 0.024859491386256316, 0.8519347702918288], "k_pid_alt": [1.4458679973838424, 0.0, 0.3146878632891922], "k_pid_att": [43.948176657889235, 3.8677381495188174, 0.1845336041603497], "k_pid_yaw": [0.5, 1e-06, 0.1], "k_pid_hsp": [0.09847755819799779, 0.011264223901387349, 0.0], "k_pid_vsp": [3.1458759584375606, 383.1463585968337, 225.56621106983374]}, "datetime": {"datetime": "2025-08-13 14:31:53", "elapsed": 17041.738775253296, "delta": 34.37562370300293}, "costs": {"total_cost": 4325.621115488313, "time_cost": 150, "final_distance_cost": 1128.6688817105105, "oscillation_cost": 11.827920910164485, "completition_cost": 888.8888888888888, "overshoot_cost": 2082.856208952711, "power_cost": 29.00013212890625, "noise_cost": 34.37908289713157, "n_waypoints_completed": 1, "tot_waypoints": 9}}
{"target": -185.60614862785587, "params": {"k_pid_pos": [1.4340672435785011, 0.024859491386256316, 0.8519347702918288], "k_pid_alt": [1.4458679973838424, 0.0, 0.3146878632891922], "k_pid_att": [70.93958205800527, 3.8677381495188174, 0.1845336041603497], "k_pid_yaw": [0.5, 1e-06, 0.1], "k_pid_hsp": [0.09847755819799779, 0.011264223901387349, 0.0], "k_pid_vsp": [194.7624155113164, 156.73508457218338, 10.0]}, "datetime": {"datetime": "2025-08-13 14:32:11", "elapsed": 17059.684379339218, "delta": 17.94560408592224}, "costs": {"total_cost": 185.60614862785587, "time_cost": 70.546, "final_distance_cost": 1.8290836381447078, "oscillation_cost": 29.03504228203575, "completition_cost": 0.0, "overshoot_cost": 50.68746816654291, "power_cost": 14.130925512695313, "noise_cost": 19.377629028437173, "n_waypoints_completed": 9, "tot_waypoints": 9}}
{"target": -219.06163574659783, "params": {"k_pid_pos": [1.4340672435785011, 0.8185488820337248, 0.44963268842268056], "k_pid_alt": [1.296896341175293, 0.0, 0.16072894317769304], "k_pid_att": [58.45879911684221, 3.8677381495188174, 0.837110513405392], "k_pid_yaw": [0.5, 1e-06, 0.1], "k_pid_hsp": [0.09847755819799779, 0.011264223901387349, 0.0], "k_pid_vsp": [17.18305095025783, 93.09285943774285, 10.0]}, "datetime": {"datetime": "2025-08-13 14:32:32", "elapsed": 17080.93209004402, "delta": 21.247710704803467}, "costs": {"total_cost": 219.06163574659783, "time_cost": 81.41, "final_distance_cost": 1.7734106524694397, "oscillation_cost": 37.22915690285398, "completition_cost": 0.0, "overshoot_cost": 55.65190941077054, "power_cost": 20.435327770996096, "noise_cost": 22.56183100950776, "n_waypoints_completed": 9, "tot_waypoints": 9}}
{"target": -195.22880117659324, "params": {"k_pid_pos": [1.4340672435785011, 0.024859491386256316, 0.8519347702918288], "k_pid_alt": [1.4458679973838424, 0.0, 0.3146878632891922], "k_pid_att": [43.948176657889235, 3.8677381495188174, 0.837110513405392], "k_pid_yaw": [0.5, 1e-06, 0.1], "k_pid_hsp": [3.022941925987454, 0.011264223901387349, 0.0], "k_pid_vsp": [17.18305095025783, 93.09285943774285, 10.0]}, "datetime": {"datetime": "2025-08-13 14:32:50", "elapsed": 17098.91649866104, "delta": 17.984408617019653}, "costs": {"total_cost": 195.22880117659324, "time_cost": 72.429, "final_distance_cost": 1.849308089747259, "oscillation_cost": 36.04746087904678, "completition_cost": 0.0, "overshoot_cost": 50.314439772685475, "power_cost": 14.652112036132813, "noise_cost": 19.936480398980912, "n_waypoints_completed": 9, "tot_waypoints": 9}}
{"target": -1340.3942147491448, "params": {"k_pid_pos": [1.0031316701085804, 0.024859491386256316, 0.44963268842268056], "k_pid_alt": [1.4458679973838424, 0.0, 0.13294310327404035], "k_pid_att": [39.447728079683905, 3.9650988168623, 0.8257697299075593], "k_pid_yaw": [0.5, 1e-06, 0.1], "k_pid_hsp": [0.09847755819799779, 0.011264223901387349, 0.17541250419709298], "k_pid_vsp": [17.18305095025783, 93.09285943774285, 10.0]}, "datetime": {"datetime": "2025-08-13 14:33:21", "elapsed": 17129.793493270874, "delta": 30.876994609832764}, "costs": {"total_cost": 1340.3942147491448, "time_cost": 150, "final_distance_cost": 52.761829664006925, "oscillation_cost": 655.4649320884057, "completition_cost": 333.33333333333337, "overshoot_cost": 84.15410764789294, "power_cost": 34.372807727050784, "noise_cost": 30.30720428845512, "n_waypoints_completed": 6, "tot_waypoints": 9}}
{"target": -194.50867198360314, "params": {"k_pid_pos": [1.4340672435785011, 0.024859491386256316, 0.8519347702918288], "k_pid_alt": [0.8815334174028542, 0.0, 0.5500846473514374], "k_pid_att": [58.45879911684221, 3.8677381495188174, 0.970432917090323], "k_pid_yaw": [0.5, 1e-06, 0.1], "k_pid_hsp": [0.09847755819799779, 0.005322982040420254, 0.0], "k_pid_vsp": [194.7624155113164, 93.09285943774285, 10.0]}, "datetime": {"datetime": "2025-08-13 14:33:42", "elapsed": 17150.08153986931, "delta": 20.28804659843445}, "costs": {"total_cost": 194.50867198360314, "time_cost": 75.20100000000001, "final_distance_cost": 1.830551867516667, "oscillation_cost": 26.640360638881212, "completition_cost": 0.0, "overshoot_cost": 51.76000583806039, "power_cost": 19.251506604003907, "noise_cost": 19.825247035140958, "n_waypoints_completed": 9, "tot_waypoints": 9}}
{"target": -214.51187910814886, "params": {"k_pid_pos": [1.4999912498542303, 0.7442837605818863, 0.44963268842268056], "k_pid_alt": [1.4458679973838424, 0.0, 0.3146878632891922], "k_pid_att": [43.948176657889235, 3.8677381495188174, 0.34464953207076743], "k_pid_yaw": [0.5, 1e-06, 0.1], "k_pid_hsp": [0.09847755819799779, 0.011264223901387349, 0.0], "k_pid_vsp": [277.2708477836043, 93.09285943774285, 10.0]}, "datetime": {"datetime": "2025-08-13 14:34:02", "elapsed": 17170.91329717636, "delta": 20.831757307052612}, "costs": {"total_cost": 214.51187910814886, "time_cost": 82.005, "final_distance_cost": 1.7415568272848485, "oscillation_cost": 34.8890043051167, "completition_cost": 0.0, "overshoot_cost": 53.99572079838474, "power_cost": 20.612796325683593, "noise_cost": 21.26780085167898, "n_waypoints_completed": 9, "tot_waypoints": 9}}
{"target": -194.60891648550228, "params": {"k_pid_pos": [1.4340672435785011, 0.3450134284667753, 0.44963268842268056], "k_pid_alt": [1.296896341175293, 0.0, 0.16072894317769304], "k_pid_att": [58.45879911684221, 3.8677381495188174, 0.1845336041603497], "k_pid_yaw": [0.5, 1e-06, 0.1], "k_pid_hsp": [0.09847755819799779, 0.011264223901387349, 0.0], "k_pid_vsp": [319.7148474646652, 156.73508457218338, 10.0]}, "datetime": {"datetime": "2025-08-13 14:34:21", "elapsed": 17190.02578163147, "delta": 19.112484455108643}, "costs": {"total_cost": 194.60891648550228, "time_cost": 73.997, "final_distance_cost": 1.7831976146717408, "oscillation_cost": 31.714612713760975, "completition_cost": 0.0, "overshoot_cost": 51.352680273556246, "power_cost": 17.350619921875, "noise_cost": 18.410805961638303, "n_waypoints_completed": 9, "tot_waypoints": 9}}
