{"target": -1461.7768569184634, "params": {"k_pid_pos": [1.6539202065587246, 0.024859491386256316, 0.9451257094832697], "k_pid_alt": [1.5786606064986153, 0.0, 0.23086984934879706], "k_pid_att": [23.08752834258585, 4.077532668255645, 0.261380462049589], "k_pid_yaw": [0.5, 1e-06, 0.1], "k_pid_hsp": [0.17225665165883555, 0.011264223901387349, 0.0], "k_pid_vsp": [27.820441695830667, 130.53254854158118, 219.8576176480552]}, "datetime": {"datetime": "2025-08-14 00:19:32", "elapsed": 52301.05252504349, "delta": 30.73691964149475}, "costs": {"total_cost": 1461.7768569184634, "time_cost": 150, "final_distance_cost": 1.0007927030696935, "oscillation_cost": 3.8304607075396486, "completition_cost": 1000.0, "overshoot_cost": 163.06437582798463, "power_cost": 29.289338818359376, "noise_cost": 114.59188886151018, "n_waypoints_completed": 0, "tot_waypoints": 9}}
{"target": -182.6878345627932, "params": {"k_pid_pos": [1.1837130645794225, 0.024859491386256316, 0.416330797462678], "k_pid_alt": [1.5786606064986153, 0.0, 0.25938735764965193], "k_pid_att": [11.329609997636037, 3.4126860594551975, 0.261380462049589], "k_pid_yaw": [0.5, 1e-06, 0.1], "k_pid_hsp": [0.17225665165883555, 0.011264223901387349, 0.0], "k_pid_vsp": [205.46647479918613, 127.91747472228406, 10.0]}, "datetime": {"datetime": "2025-08-14 00:19:50", "elapsed": 52318.88831400871, "delta": 17.83578896522522}, "costs": {"total_cost": 182.6878345627932, "time_cost": 69.237, "final_distance_cost": 1.8461023731669086, "oscillation_cost": 28.248115016413642, "completition_cost": 0.0, "overshoot_cost": 50.14930345521837, "power_cost": 14.917618591308594, "noise_cost": 18.28969512668568, "n_waypoints_completed": 9, "tot_waypoints": 9}}
{"target": -1502.4081834355125, "params": {"k_pid_pos": [1.1837130645794225, 0.024859491386256316, 0.416330797462678], "k_pid_alt": [1.5786606064986153, 0.0, 0.25938735764965193], "k_pid_att": [11.329609997636037, 3.4126860594551975, 0.261380462049589], "k_pid_yaw": [0.5, 1e-06, 0.1], "k_pid_hsp": [0.17225665165883555, 0.011264223901387349, 0.8787305012148737], "k_pid_vsp": [192.0752855763678, 57.93155354082285, 10.0]}, "datetime": {"datetime": "2025-08-14 00:20:21", "elapsed": 52350.06613492966, "delta": 31.177820920944214}, "costs": {"total_cost": 1502.4081834355125, "time_cost": 150, "final_distance_cost": 83.36770252656335, "oscillation_cost": 460.0678988383035, "completition_cost": 666.6666666666667, "overshoot_cost": 79.33566055173382, "power_cost": 31.751499487304688, "noise_cost": 31.21875536494038, "n_waypoints_completed": 3, "tot_waypoints": 9}}
{"target": -188.1683931874308, "params": {"k_pid_pos": [1.729996457732455, 0.08976672005448583, 0.027766713950817756], "k_pid_alt": [1.4696857836520854, 0.0, 0.3157032531275451], "k_pid_att": [11.329609997636037, 3.4126860594551975, 0.261380462049589], "k_pid_yaw": [0.5, 1e-06, 0.1], "k_pid_hsp": [0.17225665165883555, 0.011264223901387349, 0.0], "k_pid_vsp": [205.46647479918613, 127.91747472228406, 10.0]}, "datetime": {"datetime": "2025-08-14 00:20:39", "elapsed": 52367.71815800667, "delta": 17.65202307701111}, "costs": {"total_cost": 188.1683931874308, "time_cost": 69.503, "final_distance_cost": 1.7599205150313715, "oscillation_cost": 34.671513075694676, "completition_cost": 0.0, "overshoot_cost": 50.562656353724634, "power_cost": 13.502981884765626, "noise_cost": 18.168321358214477, "n_waypoints_completed": 9, "tot_waypoints": 9}}
{"target": -1563.9136144395716, "params": {"k_pid_pos": [1.6847188596925242, 0.08976672005448583, 0.9451257094832697], "k_pid_alt": [1.85112020821355, 0.0, 0.25938735764965193], "k_pid_att": [11.329609997636037, 3.4126860594551975, 0.261380462049589], "k_pid_yaw": [0.5, 1e-06, 0.1], "k_pid_hsp": [0.17225665165883555, 0.011264223901387349, 0.0], "k_pid_vsp": [237.37114527084637, 57.93155354082285, 381.46279209960994]}, "datetime": {"datetime": "2025-08-14 00:21:10", "elapsed": 52398.27071142197, "delta": 30.552553415298462}, "costs": {"total_cost": 1563.9136144395716, "time_cost": 150, "final_distance_cost": 186.97517893666068, "oscillation_cost": 8.357509904959267, "completition_cost": 888.8888888888888, "overshoot_cost": 277.92052062524056, "power_cost": 25.139473706054687, "noise_cost": 26.63204237776771, "n_waypoints_completed": 1, "tot_waypoints": 9}}
{"target": -194.04319670521778, "params": {"k_pid_pos": [1.2048953097984418, 0.5931963056508585, 0.9451257094832697], "k_pid_alt": [1.5786606064986153, 0.0, 0.23086984934879706], "k_pid_att": [7.172912009148735, 4.077532668255645, 0.261380462049589], "k_pid_yaw": [0.5, 1e-06, 0.1], "k_pid_hsp": [0.17225665165883555, 0.011264223901387349, 0.0], "k_pid_vsp": [205.46647479918613, 130.53254854158118, 10.0]}, "datetime": {"datetime": "2025-08-14 00:21:29", "elapsed": 52417.431143045425, "delta": 19.160431623458862}, "costs": {"total_cost": 194.04319670521778, "time_cost": 74.837, "final_distance_cost": 1.8085873594814643, "oscillation_cost": 28.274874956295886, "completition_cost": 0.0, "overshoot_cost": 50.68340343891005, "power_cost": 19.22915576171875, "noise_cost": 19.210175188811643, "n_waypoints_completed": 9, "tot_waypoints": 9}}
{"target": -248.6261263757739, "params": {"k_pid_pos": [1.733835489643198, 0.5483189168798788, 0.923679981832325], "k_pid_alt": [1.5786606064986153, 0.0, 0.23086984934879706], "k_pid_att": [23.08752834258585, 7.029810156317336, 0.261380462049589], "k_pid_yaw": [0.5, 1e-06, 0.1], "k_pid_hsp": [0.17225665165883555, 0.2473685231332753, 0.0], "k_pid_vsp": [205.46647479918613, 374.34401413106906, 10.0]}, "datetime": {"datetime": "2025-08-14 00:21:49", "elapsed": 52437.46025300026, "delta": 20.029109954833984}, "costs": {"total_cost": 248.6261263757739, "time_cost": 82.257, "final_distance_cost": 1.802188964862818, "oscillation_cost": 57.83497327042234, "completition_cost": 0.0, "overshoot_cost": 54.75879180637431, "power_cost": 26.82938404541016, "noise_cost": 25.143788288704254, "n_waypoints_completed": 9, "tot_waypoints": 9}}
{"target": -208.6833001800282, "params": {"k_pid_pos": [1.733835489643198, 0.5837705317333322, 0.9451257094832697], "k_pid_alt": [1.5786606064986153, 0.0, 0.23086984934879706], "k_pid_att": [9.353998950407705, 1.2169696906303682, 0.261380462049589], "k_pid_yaw": [0.5, 1e-06, 0.1], "k_pid_hsp": [0.17225665165883555, 0.011264223901387349, 0.0], "k_pid_vsp": [103.0527854068954, 57.93155354082285, 10.0]}, "datetime": {"datetime": "2025-08-14 00:22:09", "elapsed": 52457.35866546631, "delta": 19.898412466049194}, "costs": {"total_cost": 208.6833001800282, "time_cost": 76.888, "final_distance_cost": 1.7727109509289396, "oscillation_cost": 29.933775988980127, "completition_cost": 0.0, "overshoot_cost": 52.32773048613966, "power_cost": 24.66903193359375, "noise_cost": 23.0920508203857, "n_waypoints_completed": 9, "tot_waypoints": 9}}
{"target": -184.877548767183, "params": {"k_pid_pos": [1.733835489643198, 0.08976672005448583, 0.9451257094832697], "k_pid_alt": [1.5786606064986153, 0.0, 0.3157032531275451], "k_pid_att": [11.329609997636037, 3.4126860594551975, 0.261380462049589], "k_pid_yaw": [0.5, 1e-06, 0.1], "k_pid_hsp": [0.17225665165883555, 0.011264223901387349, 0.0], "k_pid_vsp": [205.46647479918613, 130.53254854158118, 10.0]}, "datetime": {"datetime": "2025-08-14 00:22:26", "elapsed": 52474.91522908211, "delta": 17.55656361579895}, "costs": {"total_cost": 184.877548767183, "time_cost": 69.47500000000001, "final_distance_cost": 1.8413051632504513, "oscillation_cost": 29.371750267234557, "completition_cost": 0.0, "overshoot_cost": 49.94328527572223, "power_cost": 15.983819165039064, "noise_cost": 18.262388895936667, "n_waypoints_completed": 9, "tot_waypoints": 9}}
{"target": -326.67917421128413, "params": {"k_pid_pos": [1.2048953097984418, 0.5931963056508585, 0.9451257094832697], "k_pid_alt": [1.5786606064986153, 0.0, 0.23086984934879706], "k_pid_att": [23.08752834258585, 4.077532668255645, 0.261380462049589], "k_pid_yaw": [0.5, 1e-06, 0.1], "k_pid_hsp": [0.17225665165883555, 0.6112953616398312, 0.0], "k_pid_vsp": [237.37114527084637, 57.93155354082285, 10.0]}, "datetime": {"datetime": "2025-08-14 00:22:51", "elapsed": 52499.12794446945, "delta": 24.21271538734436}, "costs": {"total_cost": 326.67917421128413, "time_cost": 97.587, "final_distance_cost": 1.8183528264598041, "oscillation_cost": 114.81491023356925, "completition_cost": 0.0, "overshoot_cost": 59.12438415776615, "power_cost": 25.414959716796876, "noise_cost": 27.919567276692028, "n_waypoints_completed": 9, "tot_waypoints": 9}}
{"target": -192.06804577974756, "params": {"k_pid_pos": [1.729996457732455, 0.08976672005448583, 0.027766713950817756], "k_pid_alt": [1.5786606064986153, 0.0, 0.3157032531275451], "k_pid_att": [11.329609997636037, 3.4126860594551975, 0.261380462049589], "k_pid_yaw": [0.5, 1e-06, 0.1], "k_pid_hsp": [0.17225665165883555, 0.011264223901387349, 0.0], "k_pid_vsp": [192.0752855763678, 57.93155354082285, 10.0]}, "datetime": {"datetime": "2025-08-14 00:23:07", "elapsed": 52515.59612488747, "delta": 16.468180418014526}, "costs": {"total_cost": 192.06804577974756, "time_cost": 69.608, "final_distance_cost": 1.7723725146781422, "oscillation_cost": 34.45149852862248, "completition_cost": 0.0, "overshoot_cost": 50.86797533901454, "power_cost": 16.906103662109377, "noise_cost": 18.462095735323008, "n_waypoints_completed": 9, "tot_waypoints": 9}}
{"target": -193.07139555368957, "params": {"k_pid_pos": [1.1837130645794225, 0.024859491386256316, 0.416330797462678], "k_pid_alt": [1.5786606064986153, 0.0, 0.25938735764965193], "k_pid_att": [11.329609997636037, 3.4126860594551975, 0.261380462049589], "k_pid_yaw": [0.5, 1e-06, 0.1], "k_pid_hsp": [0.17225665165883555, 0.011264223901387349, 0.0], "k_pid_vsp": [205.46647479918613, 127.91747472228406, 10.0]}, "datetime": {"datetime": "2025-08-14 00:23:25", "elapsed": 52533.356462717056, "delta": 17.760337829589844}, "costs": {"total_cost": 193.07139555368957, "time_cost": 70.322, "final_distance_cost": 1.8381831118671388, "oscillation_cost": 28.17049142877341, "completition_cost": 0.0, "overshoot_cost": 50.63369806662702, "power_cost": 21.576085974121096, "noise_cost": 20.530936972300893, "n_waypoints_completed": 9, "tot_waypoints": 9}}
{"target": -191.7543057739974, "params": {"k_pid_pos": [1.733835489643198, 0.08976672005448583, 0.9451257094832697], "k_pid_alt": [1.5786606064986153, 0.0, 0.3157032531275451], "k_pid_att": [11.329609997636037, 3.4126860594551975, 0.261380462049589], "k_pid_yaw": [0.5, 1e-06, 0.1], "k_pid_hsp": [0.17225665165883555, 0.011264223901387349, 0.0], "k_pid_vsp": [237.37114527084637, 57.93155354082285, 10.0]}, "datetime": {"datetime": "2025-08-14 00:23:43", "elapsed": 52552.065422058105, "delta": 18.708959341049194}, "costs": {"total_cost": 191.7543057739974, "time_cost": 70.868, "final_distance_cost": 1.8314612271855601, "oscillation_cost": 28.305552315880615, "completition_cost": 0.0, "overshoot_cost": 50.882386066302374, "power_cost": 20.070406762695313, "noise_cost": 19.796499401933545, "n_waypoints_completed": 9, "tot_waypoints": 9}}
{"target": -189.08185694302517, "params": {"k_pid_pos": [1.733835489643198, 0.08976672005448583, 0.9451257094832697], "k_pid_alt": [1.5786606064986153, 0.0, 0.3157032531275451], "k_pid_att": [11.329609997636037, 3.4126860594551975, 0.261380462049589], "k_pid_yaw": [0.5, 1e-06, 0.1], "k_pid_hsp": [0.17225665165883555, 0.011264223901387349, 0.0], "k_pid_vsp": [205.46647479918613, 130.53254854158118, 10.0]}, "datetime": {"datetime": "2025-08-14 00:24:02", "elapsed": 52570.12074923515, "delta": 18.05532717704773}, "costs": {"total_cost": 189.08185694302517, "time_cost": 69.979, "final_distance_cost": 1.8407628701590728, "oscillation_cost": 28.388470348128017, "completition_cost": 0.0, "overshoot_cost": 50.17701281042231, "power_cost": 19.499481579589844, "noise_cost": 19.197129334725915, "n_waypoints_completed": 9, "tot_waypoints": 9}}
{"target": -193.06968093550475, "params": {"k_pid_pos": [1.733835489643198, 0.024859491386256316, 0.416330797462678], "k_pid_alt": [1.5786606064986153, 0.0, 0.25938735764965193], "k_pid_att": [11.329609997636037, 3.4126860594551975, 0.261380462049589], "k_pid_yaw": [0.5, 1e-06, 0.1], "k_pid_hsp": [0.17225665165883555, 0.011264223901387349, 0.0], "k_pid_vsp": [205.46647479918613, 127.91747472228406, 10.0]}, "datetime": {"datetime": "2025-08-14 00:24:19", "elapsed": 52587.660935640335, "delta": 17.540186405181885}, "costs": {"total_cost": 193.06968093550475, "time_cost": 69.482, "final_distance_cost": 1.7982103760039023, "oscillation_cost": 31.32893560890644, "completition_cost": 0.0, "overshoot_cost": 50.6944313648792, "power_cost": 19.752242102050783, "noise_cost": 20.01386148366441, "n_waypoints_completed": 9, "tot_waypoints": 9}}
{"target": -185.90118554911314, "params": {"k_pid_pos": [1.1837130645794225, 0.08976672005448583, 0.9451257094832697], "k_pid_alt": [1.5786606064986153, 0.0, 0.3157032531275451], "k_pid_att": [11.329609997636037, 3.4126860594551975, 0.5155183737788994], "k_pid_yaw": [0.5, 1e-06, 0.1], "k_pid_hsp": [0.17225665165883555, 0.011264223901387349, 0.0], "k_pid_vsp": [237.37114527084637, 57.93155354082285, 10.0]}, "datetime": {"datetime": "2025-08-14 00:24:38", "elapsed": 52606.95660185814, "delta": 19.295666217803955}, "costs": {"total_cost": 185.90118554911314, "time_cost": 73.766, "final_distance_cost": 1.8413066969942757, "oscillation_cost": 27.117827602951728, "completition_cost": 0.0, "overshoot_cost": 50.65375503352649, "power_cost": 12.702776611328126, "noise_cost": 19.819519604312507, "n_waypoints_completed": 9, "tot_waypoints": 9}}
{"target": -468.5230568667381, "params": {"k_pid_pos": [1.033967693808597, 0.08976672005448583, 0.9451257094832697], "k_pid_alt": [1.85112020821355, 0.0, 0.25938735764965193], "k_pid_att": [86.70916919633552, 3.4126860594551975, 0.261380462049589], "k_pid_yaw": [0.5, 1e-06, 0.1], "k_pid_hsp": [7.8725307703385665, 0.011264223901387349, 0.0], "k_pid_vsp": [103.0527854068954, 57.93155354082285, 10.0]}, "datetime": {"datetime": "2025-08-14 00:24:57", "elapsed": 52626.06127166748, "delta": 19.10466980934143}, "costs": {"total_cost": 468.5230568667381, "time_cost": 78.883, "final_distance_cost": 1.843444794072129, "oscillation_cost": 295.1252849104037, "completition_cost": 0.0, "overshoot_cost": 52.71970464236708, "power_cost": 18.54126943359375, "noise_cost": 21.410353086301434, "n_waypoints_completed": 9, "tot_waypoints": 9}}
{"target": -195.44278320860292, "params": {"k_pid_pos": [1.733835489643198, 0.07739255916577548, 0.4590198317865567], "k_pid_alt": [0.8253384436805415, 0.0, 0.23086984934879706], "k_pid_att": [9.353998950407705, 1.2169696906303682, 0.261380462049589], "k_pid_yaw": [0.5, 1e-06, 0.1], "k_pid_hsp": [0.17225665165883555, 0.011264223901387349, 0.0], "k_pid_vsp": [383.97622601200516, 389.94840056141436, 10.0]}, "datetime": {"datetime": "2025-08-14 00:25:17", "elapsed": 52645.49325251579, "delta": 19.431980848312378}, "costs": {"total_cost": 195.44278320860292, "time_cost": 72.19800000000001, "final_distance_cost": 1.8004435100860319, "oscillation_cost": 31.04525894807269, "completition_cost": 0.0, "overshoot_cost": 50.68609321022634, "power_cost": 20.332752770996095, "noise_cost": 19.380234769221772, "n_waypoints_completed": 9, "tot_waypoints": 9}}
{"target": -194.94711617957992, "params": {"k_pid_pos": [1.2231345170825065, 0.08976672005448583, 0.027766713950817756], "k_pid_alt": [1.5786606064986153, 0.0, 0.5044609676242398], "k_pid_att": [68.49694692215903, 3.4126860594551975, 0.261380462049589], "k_pid_yaw": [0.5, 1e-06, 0.1], "k_pid_hsp": [0.17225665165883555, 0.011264223901387349, 0.0], "k_pid_vsp": [237.37114527084637, 57.93155354082285, 10.0]}, "datetime": {"datetime": "2025-08-14 00:25:34", "elapsed": 52662.34192442894, "delta": 16.848671913146973}, "costs": {"total_cost": 194.94711617957992, "time_cost": 70.686, "final_distance_cost": 1.781704639899124, "oscillation_cost": 31.489642611850083, "completition_cost": 0.0, "overshoot_cost": 50.86887727417956, "power_cost": 20.047678771972656, "noise_cost": 20.07321288167846, "n_waypoints_completed": 9, "tot_waypoints": 9}}
{"target": -1010.2605565430968, "params": {"k_pid_pos": [1.733835489643198, 0.08976672005448583, 0.9451257094832697], "k_pid_alt": [0.03464297246109593, 0.03158347911188941, 0.9040352588026142], "k_pid_att": [11.329609997636037, 3.4126860594551975, 0.7746232796670197], "k_pid_yaw": [0.5, 1e-06, 0.1], "k_pid_hsp": [2.2182149883720155, 0.011264223901387349, 0.0], "k_pid_vsp": [29.557606549414395, 132.26915185465117, 10.0]}, "datetime": {"datetime": "2025-08-14 00:26:05", "elapsed": 52693.23676300049, "delta": 30.894838571548462}, "costs": {"total_cost": 1010.2605565430968, "time_cost": 150, "final_distance_cost": 53.63097380450845, "oscillation_cost": 14.37715878944244, "completition_cost": 666.6666666666667, "overshoot_cost": 66.86630456932596, "power_cost": 28.197503527832033, "noise_cost": 30.521949185321034, "n_waypoints_completed": 3, "tot_waypoints": 9}}
{"target": -780.8324315671551, "params": {"k_pid_pos": [1.6847188596925242, 0.08976672005448583, 0.11838016897587333], "k_pid_alt": [0.8737548644081292, 0.0, 0.8325386616406555], "k_pid_att": [11.329609997636037, 3.4126860594551975, 0.261380462049589], "k_pid_yaw": [0.5, 1e-06, 0.1], "k_pid_hsp": [0.17225665165883555, 0.5024897330046606, 0.0], "k_pid_vsp": [349.886712726164, 310.89645667885657, 10.0]}, "datetime": {"datetime": "2025-08-14 00:26:35", "elapsed": 52723.87302708626, "delta": 30.636264085769653}, "costs": {"total_cost": 780.8324315671551, "time_cost": 150, "final_distance_cost": 74.8722867195894, "oscillation_cost": 105.4449040562259, "completition_cost": 333.33333333333337, "overshoot_cost": 48.75438606466023, "power_cost": 34.33278530273438, "noise_cost": 34.09473609061199, "n_waypoints_completed": 6, "tot_waypoints": 9}}
{"target": -195.84575635261456, "params": {"k_pid_pos": [1.6847188596925242, 0.08976672005448583, 0.11242249713100771], "k_pid_alt": [1.85112020821355, 0.0, 0.23086984934879706], "k_pid_att": [63.45214009056577, 4.077532668255645, 0.261380462049589], "k_pid_yaw": [0.5, 1e-06, 0.1], "k_pid_hsp": [0.17225665165883555, 0.011264223901387349, 0.0], "k_pid_vsp": [237.37114527084637, 57.93155354082285, 10.0]}, "datetime": {"datetime": "2025-08-14 00:26:54", "elapsed": 52742.55465841293, "delta": 18.681631326675415}, "costs": {"total_cost": 195.84575635261456, "time_cost": 69.874, "final_distance_cost": 1.7751579343111716, "oscillation_cost": 33.534923190311865, "completition_cost": 0.0, "overshoot_cost": 51.42946492537256, "power_cost": 19.79798146972656, "noise_cost": 19.43422883289241, "n_waypoints_completed": 9, "tot_waypoints": 9}}
{"target": -1294.8836022581058, "params": {"k_pid_pos": [1.033967693808597, 0.08976672005448583, 0.9451257094832697], "k_pid_alt": [1.85112020821355, 0.0, 0.25938735764965193], "k_pid_att": [11.329609997636037, 3.4126860594551975, 0.261380462049589], "k_pid_yaw": [0.5, 1e-06, 0.1], "k_pid_hsp": [0.17225665165883555, 0.011264223901387349, 0.0], "k_pid_vsp": [192.0752855763678, 132.26915185465117, 363.76878077927546]}, "datetime": {"datetime": "2025-08-14 00:27:24", "elapsed": 52772.11365866661, "delta": 29.559000253677368}, "costs": {"total_cost": 1294.8836022581058, "time_cost": 150, "final_distance_cost": 70.68553129983059, "oscillation_cost": 8.127704886382114, "completition_cost": 777.7777777777778, "overshoot_cost": 198.80406131226783, "power_cost": 30.150217993164063, "noise_cost": 59.33830898868363, "n_waypoints_completed": 2, "tot_waypoints": 9}}
{"target": -1142.1826487514982, "params": {"k_pid_pos": [0.12345188687275412, 0.08976672005448583, 0.9451257094832697], "k_pid_alt": [1.5786606064986153, 0.0, 0.9040352588026142], "k_pid_att": [86.70916919633552, 3.4126860594551975, 0.261380462049589], "k_pid_yaw": [0.5, 1e-06, 0.1], "k_pid_hsp": [0.17225665165883555, 0.011264223901387349, 0.0], "k_pid_vsp": [205.46647479918613, 389.94840056141436, 294.80901264789827]}, "datetime": {"datetime": "2025-08-14 00:27:52", "elapsed": 52800.93281149864, "delta": 28.81915283203125}, "costs": {"total_cost": 1142.1826487514982, "time_cost": 150, "final_distance_cost": 92.3367856290109, "oscillation_cost": 22.265538082437562, "completition_cost": 777.7777777777778, "overshoot_cost": 52.3608095892565, "power_cost": 23.588998742675784, "noise_cost": 23.852738930339722, "n_waypoints_completed": 2, "tot_waypoints": 9}}
{"target": -186.7500746856273, "params": {"k_pid_pos": [1.6847188596925242, 0.08976672005448583, 0.11242249713100771], "k_pid_alt": [1.85112020821355, 0.0, 0.23086984934879706], "k_pid_att": [63.45214009056577, 4.077532668255645, 0.261380462049589], "k_pid_yaw": [0.5, 1e-06, 0.1], "k_pid_hsp": [0.17225665165883555, 0.011264223901387349, 0.0], "k_pid_vsp": [237.37114527084637, 57.93155354082285, 10.0]}, "datetime": {"datetime": "2025-08-14 00:28:11", "elapsed": 52819.86380934715, "delta": 18.930997848510742}, "costs": {"total_cost": 186.7500746856273, "time_cost": 69.111, "final_distance_cost": 1.8021387940334264, "oscillation_cost": 34.52530983977872, "completition_cost": 0.0, "overshoot_cost": 50.56966537137645, "power_cost": 12.934681994628907, "noise_cost": 17.807278685809784, "n_waypoints_completed": 9, "tot_waypoints": 9}}
