{"target": -237.7768954511813, "params": {"k_pid_pos": [1.849624377781123, 0.024859491386256316, 0.44963268842268056], "k_pid_alt": [1.2679502233621702, 0.19076095246666414, 0.949345597264735], "k_pid_att": [14.415714892135846, 3.8677381495188174, 0.1845336041603497], "k_pid_yaw": [0.5, 1e-06, 0.1], "k_pid_hsp": [0.09847755819799779, 0.011264223901387349, 0.0], "k_pid_vsp": [194.7624155113164, 156.73508457218338, 10.0]}, "datetime": {"datetime": "2025-08-13 12:38:44", "elapsed": 10252.648928165436, "delta": 22.214683055877686}, "costs": {"total_cost": 237.7768954511813, "time_cost": 91.833, "final_distance_cost": 1.7941098616857185, "oscillation_cost": 36.050280951802996, "completition_cost": 0.0, "overshoot_cost": 53.57953328521915, "power_cost": 28.404710217285157, "noise_cost": 26.115261135188284, "n_waypoints_completed": 9, "tot_waypoints": 9}}
{"target": -200.79355558206282, "params": {"k_pid_pos": [1.849624377781123, 0.6818167256463189, 0.855962508813682], "k_pid_alt": [1.2679502233621702, 0.0, 0.06527723447865985], "k_pid_att": [58.989274729095186, 3.8677381495188174, 0.1845336041603497], "k_pid_yaw": [0.5, 1e-06, 0.1], "k_pid_hsp": [0.09847755819799779, 0.011264223901387349, 0.0], "k_pid_vsp": [194.7624155113164, 156.73508457218338, 10.0]}, "datetime": {"datetime": "2025-08-13 12:39:03", "elapsed": 10271.655243873596, "delta": 19.0063157081604}, "costs": {"total_cost": 200.79355558206282, "time_cost": 78.771, "final_distance_cost": 1.794577969090817, "oscillation_cost": 33.97427982897615, "completition_cost": 0.0, "overshoot_cost": 52.03938036743642, "power_cost": 13.593134289550783, "noise_cost": 20.62118312700865, "n_waypoints_completed": 9, "tot_waypoints": 9}}
{"target": -194.52111150755334, "params": {"k_pid_pos": [1.849624377781123, 0.024859491386256316, 0.44963268842268056], "k_pid_alt": [1.4458679973838424, 0.02520494712616217, 0.9324720513360747], "k_pid_att": [39.447728079683905, 0.10763610062849525, 0.1845336041603497], "k_pid_yaw": [0.5, 1e-06, 0.1], "k_pid_hsp": [0.09847755819799779, 0.011264223901387349, 0.0], "k_pid_vsp": [17.18305095025783, 93.09285943774285, 10.0]}, "datetime": {"datetime": "2025-08-13 12:39:21", "elapsed": 10289.190867900848, "delta": 17.535624027252197}, "costs": {"total_cost": 194.52111150755334, "time_cost": 70.483, "final_distance_cost": 1.7927087527582217, "oscillation_cost": 31.65502844747001, "completition_cost": 0.0, "overshoot_cost": 51.261262168068235, "power_cost": 19.890702026367187, "noise_cost": 19.43841011288966, "n_waypoints_completed": 9, "tot_waypoints": 9}}
{"target": -227.47453394090678, "params": {"k_pid_pos": [1.849624377781123, 0.8299866489848887, 0.44963268842268056], "k_pid_alt": [1.296896341175293, 0.0, 0.949345597264735], "k_pid_att": [39.447728079683905, 3.8677381495188174, 0.1845336041603497], "k_pid_yaw": [0.5, 1e-06, 0.1], "k_pid_hsp": [0.09847755819799779, 0.011264223901387349, 0.0], "k_pid_vsp": [194.7624155113164, 307.0029666248519, 10.0]}, "datetime": {"datetime": "2025-08-13 12:39:41", "elapsed": 10309.99918460846, "delta": 20.808316707611084}, "costs": {"total_cost": 227.47453394090678, "time_cost": 84.168, "final_distance_cost": 1.7648755907738602, "oscillation_cost": 38.57205640277348, "completition_cost": 0.0, "overshoot_cost": 55.3210490391601, "power_cost": 24.412159606933596, "noise_cost": 23.23639330126575, "n_waypoints_completed": 9, "tot_waypoints": 9}}
{"target": -1774.5701178528388, "params": {"k_pid_pos": [1.4340672435785011, 0.024859491386256316, 0.44963268842268056], "k_pid_alt": [1.296896341175293, 0.0, 0.6853152424192422], "k_pid_att": [39.447728079683905, 3.8677381495188174, 0.1845336041603497], "k_pid_yaw": [0.5, 1e-06, 0.1], "k_pid_hsp": [8.097710813561642, 0.011264223901387349, 0.0], "k_pid_vsp": [17.18305095025783, 253.02848828182366, 377.79234258461804]}, "datetime": {"datetime": "2025-08-13 12:40:10", "elapsed": 10338.989338874817, "delta": 28.990154266357422}, "costs": {"total_cost": 1774.5701178528388, "time_cost": 150, "final_distance_cost": 1.0006992002038522, "oscillation_cost": 346.41195556650445, "completition_cost": 1000.0, "overshoot_cost": 136.00852494984198, "power_cost": 34.847354309082036, "noise_cost": 106.30158382720656, "n_waypoints_completed": 0, "tot_waypoints": 9}}
{"target": -188.466059256205, "params": {"k_pid_pos": [1.849624377781123, 0.024859491386256316, 0.44963268842268056], "k_pid_alt": [1.4458679973838424, 0.02520494712616217, 0.949345597264735], "k_pid_att": [39.447728079683905, 0.0032441649989051976, 0.1845336041603497], "k_pid_yaw": [0.5, 1e-06, 0.1], "k_pid_hsp": [0.09847755819799779, 0.011264223901387349, 0.0], "k_pid_vsp": [194.7624155113164, 336.89689932622207, 10.0]}, "datetime": {"datetime": "2025-08-13 12:40:28", "elapsed": 10356.235165596008, "delta": 17.245826721191406}, "costs": {"total_cost": 188.466059256205, "time_cost": 70.532, "final_distance_cost": 1.7947816934618497, "oscillation_cost": 31.9937757524584, "completition_cost": 0.0, "overshoot_cost": 50.941340411811524, "power_cost": 14.925768664550782, "noise_cost": 18.27839273392246, "n_waypoints_completed": 9, "tot_waypoints": 9}}
{"target": -212.8153085614383, "params": {"k_pid_pos": [1.849624377781123, 0.024859491386256316, 0.44963268842268056], "k_pid_alt": [1.2679502233621702, 0.25490090380257047, 0.949345597264735], "k_pid_att": [14.415714892135846, 3.8677381495188174, 0.1845336041603497], "k_pid_yaw": [0.5, 1e-06, 0.1], "k_pid_hsp": [0.09847755819799779, 0.011264223901387349, 0.0], "k_pid_vsp": [194.7624155113164, 20.0, 10.0]}, "datetime": {"datetime": "2025-08-13 12:40:47", "elapsed": 10375.776913166046, "delta": 19.541747570037842}, "costs": {"total_cost": 212.8153085614383, "time_cost": 81.27, "final_distance_cost": 1.7889383597181998, "oscillation_cost": 35.663954798148474, "completition_cost": 0.0, "overshoot_cost": 52.63057390183247, "power_cost": 20.868738525390626, "noise_cost": 20.593102976348515, "n_waypoints_completed": 9, "tot_waypoints": 9}}
{"target": -183.4595481730289, "params": {"k_pid_pos": [1.849624377781123, 0.024859491386256316, 0.855962508813682], "k_pid_alt": [1.2679502233621702, 0.0, 0.06527723447865985], "k_pid_att": [58.989274729095186, 3.8677381495188174, 0.1845336041603497], "k_pid_yaw": [0.5, 1e-06, 0.1], "k_pid_hsp": [0.09847755819799779, 0.011264223901387349, 0.0], "k_pid_vsp": [194.7624155113164, 156.73508457218338, 10.0]}, "datetime": {"datetime": "2025-08-13 12:41:04", "elapsed": 10392.8239300251, "delta": 17.047016859054565}, "costs": {"total_cost": 183.4595481730289, "time_cost": 69.531, "final_distance_cost": 1.8129317998580956, "oscillation_cost": 30.565498572485538, "completition_cost": 0.0, "overshoot_cost": 50.507776619952736, "power_cost": 12.645978051757814, "noise_cost": 18.396363128974716, "n_waypoints_completed": 9, "tot_waypoints": 9}}
{"target": -189.01700832232692, "params": {"k_pid_pos": [1.4340672435785011, 0.024859491386256316, 0.44963268842268056], "k_pid_alt": [1.296896341175293, 0.0, 0.3146878632891922], "k_pid_att": [43.948176657889235, 3.8677381495188174, 0.1845336041603497], "k_pid_yaw": [0.5, 1e-06, 0.1], "k_pid_hsp": [0.09847755819799779, 0.011264223901387349, 0.0], "k_pid_vsp": [194.7624155113164, 156.73508457218338, 10.0]}, "datetime": {"datetime": "2025-08-13 12:41:21", "elapsed": 10409.968904018402, "delta": 17.14497399330139}, "costs": {"total_cost": 189.01700832232692, "time_cost": 70.427, "final_distance_cost": 1.800206013969462, "oscillation_cost": 29.47545507559772, "completition_cost": 0.0, "overshoot_cost": 51.153515281084424, "power_cost": 17.93560427246094, "noise_cost": 18.225227679214363, "n_waypoints_completed": 9, "tot_waypoints": 9}}
{"target": -204.0357062525935, "params": {"k_pid_pos": [1.4340672435785011, 0.024859491386256316, 0.44963268842268056], "k_pid_alt": [1.2679502233621702, 0.0, 0.949345597264735], "k_pid_att": [14.415714892135846, 3.8677381495188174, 0.1845336041603497], "k_pid_yaw": [0.5, 1e-06, 0.1], "k_pid_hsp": [0.09847755819799779, 0.011264223901387349, 0.0], "k_pid_vsp": [194.7624155113164, 156.73508457218338, 10.0]}, "datetime": {"datetime": "2025-08-13 12:41:39", "elapsed": 10427.566181898117, "delta": 17.597277879714966}, "costs": {"total_cost": 204.0357062525935, "time_cost": 74.403, "final_distance_cost": 1.8278306039445191, "oscillation_cost": 29.427894054645506, "completition_cost": 0.0, "overshoot_cost": 51.593043285339725, "power_cost": 24.525082836914063, "noise_cost": 22.258855471749687, "n_waypoints_completed": 9, "tot_waypoints": 9}}
{"target": -181.8836640699567, "params": {"k_pid_pos": [1.849624377781123, 0.024859491386256316, 0.855962508813682], "k_pid_alt": [1.2679502233621702, 0.0, 0.06527723447865985], "k_pid_att": [58.989274729095186, 3.8677381495188174, 0.1845336041603497], "k_pid_yaw": [0.5, 1e-06, 0.1], "k_pid_hsp": [0.09847755819799779, 0.011264223901387349, 0.0], "k_pid_vsp": [194.7624155113164, 156.73508457218338, 10.0]}, "datetime": {"datetime": "2025-08-13 12:41:56", "elapsed": 10444.783991575241, "delta": 17.217809677124023}, "costs": {"total_cost": 181.8836640699567, "time_cost": 69.503, "final_distance_cost": 1.8265193699464826, "oscillation_cost": 30.881750171590706, "completition_cost": 0.0, "overshoot_cost": 50.463348109423066, "power_cost": 11.000619458007813, "noise_cost": 18.20842696098862, "n_waypoints_completed": 9, "tot_waypoints": 9}}
{"target": -1057.293660867605, "params": {"k_pid_pos": [1.849624377781123, 0.024859491386256316, 0.855962508813682], "k_pid_alt": [1.2679502233621702, 0.0, 0.06527723447865985], "k_pid_att": [58.989274729095186, 3.8677381495188174, 0.1845336041603497], "k_pid_yaw": [0.5, 1e-06, 0.1], "k_pid_hsp": [0.09847755819799779, 0.9618157414002794, 0.0], "k_pid_vsp": [194.7624155113164, 156.73508457218338, 10.0]}, "datetime": {"datetime": "2025-08-13 12:42:25", "elapsed": 10473.32706618309, "delta": 28.54307460784912}, "costs": {"total_cost": 1057.293660867605, "time_cost": 150, "final_distance_cost": 45.44357284581211, "oscillation_cost": 132.56607147420672, "completition_cost": 555.5555555555555, "overshoot_cost": 105.3003098381156, "power_cost": 33.60064058837891, "noise_cost": 34.827510565536016, "n_waypoints_completed": 4, "tot_waypoints": 9}}
{"target": -193.62184948506794, "params": {"k_pid_pos": [1.849624377781123, 0.35023019656788623, 0.44963268842268056], "k_pid_alt": [1.4458679973838424, 0.02520494712616217, 0.949345597264735], "k_pid_att": [39.447728079683905, 3.8677381495188174, 0.3366070335655168], "k_pid_yaw": [0.5, 1e-06, 0.1], "k_pid_hsp": [0.09847755819799779, 0.011264223901387349, 0.0], "k_pid_vsp": [194.7624155113164, 221.6078012742647, 10.0]}, "datetime": {"datetime": "2025-08-13 12:42:42", "elapsed": 10490.779510498047, "delta": 17.452444314956665}, "costs": {"total_cost": 193.62184948506794, "time_cost": 74.571, "final_distance_cost": 1.784928391255308, "oscillation_cost": 33.23505668124956, "completition_cost": 0.0, "overshoot_cost": 51.173720036550414, "power_cost": 13.492120190429688, "noise_cost": 19.365024185582975, "n_waypoints_completed": 9, "tot_waypoints": 9}}
{"target": -186.8205577759215, "params": {"k_pid_pos": [1.849624377781123, 0.024859491386256316, 0.855962508813682], "k_pid_alt": [1.2679502233621702, 0.0, 0.5012331895262763], "k_pid_att": [14.415714892135846, 5.9521973635976435, 0.1845336041603497], "k_pid_yaw": [0.5, 1e-06, 0.1], "k_pid_hsp": [0.09847755819799779, 0.011264223901387349, 0.0], "k_pid_vsp": [194.7624155113164, 156.73508457218338, 10.0]}, "datetime": {"datetime": "2025-08-13 12:42:59", "elapsed": 10507.574997663498, "delta": 16.79548716545105}, "costs": {"total_cost": 186.8205577759215, "time_cost": 70.742, "final_distance_cost": 1.8351387078393497, "oscillation_cost": 29.790223223769313, "completition_cost": 0.0, "overshoot_cost": 50.26265824911792, "power_cost": 15.804885253906251, "noise_cost": 18.38565234128861, "n_waypoints_completed": 9, "tot_waypoints": 9}}
{"target": -1135.6366714405585, "params": {"k_pid_pos": [1.4340672435785011, 0.024859491386256316, 0.44963268842268056], "k_pid_alt": [1.296896341175293, 0.0, 0.3146878632891922], "k_pid_att": [43.948176657889235, 5.698441898331262, 0.1845336041603497], "k_pid_yaw": [0.5, 1e-06, 0.1], "k_pid_hsp": [0.09847755819799779, 0.011264223901387349, 0.0], "k_pid_vsp": [194.7624155113164, 156.73508457218338, 358.91346711595696]}, "datetime": {"datetime": "2025-08-13 12:43:28", "elapsed": 10536.438166856766, "delta": 28.863169193267822}, "costs": {"total_cost": 1135.6366714405585, "time_cost": 150, "final_distance_cost": 93.48904091714441, "oscillation_cost": 14.866150670252514, "completition_cost": 666.6666666666667, "overshoot_cost": 139.68930952130947, "power_cost": 29.283489855957033, "noise_cost": 41.6420138092286, "n_waypoints_completed": 3, "tot_waypoints": 9}}
{"target": -270.5058351230074, "params": {"k_pid_pos": [1.849624377781123, 0.024859491386256316, 0.44963268842268056], "k_pid_alt": [1.1959010262395136, 0.02520494712616217, 0.949345597264735], "k_pid_att": [71.08876827294898, 0.0032441649989051976, 0.1845336041603497], "k_pid_yaw": [0.5, 1e-06, 0.1], "k_pid_hsp": [0.09847755819799779, 0.011264223901387349, 0.0], "k_pid_vsp": [194.7624155113164, 336.89689932622207, 177.16353308542304]}, "datetime": {"datetime": "2025-08-13 12:43:55", "elapsed": 10563.36403465271, "delta": 26.925867795944214}, "costs": {"total_cost": 270.5058351230074, "time_cost": 110.53, "final_distance_cost": 1.8283616344020208, "oscillation_cost": 36.235503794431835, "completition_cost": 0.0, "overshoot_cost": 66.69350059915095, "power_cost": 30.01816326904297, "noise_cost": 25.200305825979644, "n_waypoints_completed": 9, "tot_waypoints": 9}}
{"target": -2128.0138928465667, "params": {"k_pid_pos": [1.4340672435785011, 0.024859491386256316, 0.44963268842268056], "k_pid_alt": [0.6073168342197379, 0.0, 0.3146878632891922], "k_pid_att": [43.948176657889235, 1.1322615083422152, 0.1845336041603497], "k_pid_yaw": [0.5, 1e-06, 0.1], "k_pid_hsp": [0.09847755819799779, 0.011264223901387349, 0.5627030530435029], "k_pid_vsp": [194.7624155113164, 156.73508457218338, 10.0]}, "datetime": {"datetime": "2025-08-13 12:44:23", "elapsed": 10591.910570144653, "delta": 28.54653549194336}, "costs": {"total_cost": 2128.0138928465667, "time_cost": 150, "final_distance_cost": 65.30635292528335, "oscillation_cost": 843.8605218535242, "completition_cost": 888.8888888888888, "overshoot_cost": 107.69444181737654, "power_cost": 40.48674177246094, "noise_cost": 31.776945589032948, "n_waypoints_completed": 1, "tot_waypoints": 9}}
{"target": -236.75085386610056, "params": {"k_pid_pos": [1.849624377781123, 0.024859491386256316, 0.007456431423803034], "k_pid_alt": [1.2679502233621702, 0.4346042841186101, 0.949345597264735], "k_pid_att": [14.415714892135846, 3.8677381495188174, 0.1845336041603497], "k_pid_yaw": [0.5, 1e-06, 0.1], "k_pid_hsp": [0.09847755819799779, 0.011264223901387349, 0.0], "k_pid_vsp": [194.7624155113164, 156.73508457218338, 10.0]}, "datetime": {"datetime": "2025-08-13 12:44:45", "elapsed": 10613.854103803635, "delta": 21.943533658981323}, "costs": {"total_cost": 236.75085386610056, "time_cost": 91.028, "final_distance_cost": 1.794098510871249, "oscillation_cost": 40.973100661669754, "completition_cost": 0.0, "overshoot_cost": 54.166710944948484, "power_cost": 24.360373266601563, "noise_cost": 24.42857048200951, "n_waypoints_completed": 9, "tot_waypoints": 9}}
{"target": -196.01414296380887, "params": {"k_pid_pos": [1.849624377781123, 0.024859491386256316, 0.44963268842268056], "k_pid_alt": [1.4458679973838424, 0.02520494712616217, 0.949345597264735], "k_pid_att": [39.447728079683905, 3.8677381495188174, 0.1845336041603497], "k_pid_yaw": [0.5, 1e-06, 0.1], "k_pid_hsp": [0.09847755819799779, 0.011264223901387349, 0.0], "k_pid_vsp": [194.7624155113164, 156.73508457218338, 10.0]}, "datetime": {"datetime": "2025-08-13 12:45:02", "elapsed": 10630.743595123291, "delta": 16.889491319656372}, "costs": {"total_cost": 196.01414296380887, "time_cost": 70.973, "final_distance_cost": 1.7829238462407984, "oscillation_cost": 31.37577362534525, "completition_cost": 0.0, "overshoot_cost": 51.45331618029084, "power_cost": 20.78183718261719, "noise_cost": 19.64729212931483, "n_waypoints_completed": 9, "tot_waypoints": 9}}
{"target": -205.77489806879314, "params": {"k_pid_pos": [1.849624377781123, 0.024859491386256316, 0.44963268842268056], "k_pid_alt": [1.2679502233621702, 0.19076095246666414, 0.949345597264735], "k_pid_att": [6.9838592493503215, 3.8677381495188174, 0.1845336041603497], "k_pid_yaw": [0.5, 1e-06, 0.1], "k_pid_hsp": [0.09847755819799779, 0.011264223901387349, 0.0], "k_pid_vsp": [194.7624155113164, 156.73508457218338, 10.0]}, "datetime": {"datetime": "2025-08-13 12:45:22", "elapsed": 10650.394184350967, "delta": 19.65058922767639}, "costs": {"total_cost": 205.77489806879314, "time_cost": 82.124, "final_distance_cost": 1.7588548122656573, "oscillation_cost": 36.238178660222125, "completition_cost": 0.0, "overshoot_cost": 51.726263529652115, "power_cost": 13.093224353027344, "noise_cost": 20.834376713625897, "n_waypoints_completed": 9, "tot_waypoints": 9}}
{"target": -189.3047387181035, "params": {"k_pid_pos": [1.647366612200146, 0.06328363340203702, 0.855962508813682], "k_pid_alt": [1.2679502233621702, 0.0, 0.06527723447865985], "k_pid_att": [58.989274729095186, 6.16091081068753, 0.1845336041603497], "k_pid_yaw": [0.5, 1e-06, 0.1], "k_pid_hsp": [0.09847755819799779, 0.011264223901387349, 0.0], "k_pid_vsp": [194.7624155113164, 156.73508457218338, 10.0]}, "datetime": {"datetime": "2025-08-13 12:45:38", "elapsed": 10666.744856357574, "delta": 16.350672006607056}, "costs": {"total_cost": 189.3047387181035, "time_cost": 69.944, "final_distance_cost": 1.834905973180109, "oscillation_cost": 28.892394358166605, "completition_cost": 0.0, "overshoot_cost": 50.827260232325635, "power_cost": 18.82712536621094, "noise_cost": 18.979052788220198, "n_waypoints_completed": 9, "tot_waypoints": 9}}
{"target": -688.06247786038, "params": {"k_pid_pos": [1.849624377781123, 0.1003293178450484, 0.855962508813682], "k_pid_alt": [0.13712023212969493, 0.0, 0.06527723447865985], "k_pid_att": [58.989274729095186, 3.8677381495188174, 0.1845336041603497], "k_pid_yaw": [0.5, 1e-06, 0.1], "k_pid_hsp": [0.09847755819799779, 0.011264223901387349, 0.0], "k_pid_vsp": [194.7624155113164, 156.73508457218338, 10.0]}, "datetime": {"datetime": "2025-08-13 12:46:06", "elapsed": 10695.055742740631, "delta": 28.31088638305664}, "costs": {"total_cost": 688.06247786038, "time_cost": 150, "final_distance_cost": 70.90655267427823, "oscillation_cost": 27.14620333732693, "completition_cost": 333.33333333333337, "overshoot_cost": 47.41430601981357, "power_cost": 30.782127734375003, "noise_cost": 28.479954761252866, "n_waypoints_completed": 6, "tot_waypoints": 9}}
{"target": -1374.1905367958886, "params": {"k_pid_pos": [1.849624377781123, 0.024859491386256316, 0.007456431423803034], "k_pid_alt": [1.2679502233621702, 0.5247951503334181, 0.949345597264735], "k_pid_att": [14.415714892135846, 1.8314851444632174, 0.1845336041603497], "k_pid_yaw": [0.5, 1e-06, 0.1], "k_pid_hsp": [0.09847755819799779, 0.011264223901387349, 0.38244816794941827], "k_pid_vsp": [194.7624155113164, 336.89689932622207, 243.7955552263187]}, "datetime": {"datetime": "2025-08-13 12:46:35", "elapsed": 10723.560320854187, "delta": 28.504578113555908}, "costs": {"total_cost": 1374.1905367958886, "time_cost": 150, "final_distance_cost": 48.24058026010284, "oscillation_cost": 488.3844470225166, "completition_cost": 555.5555555555555, "overshoot_cost": 78.06537305632058, "power_cost": 26.576819152832034, "noise_cost": 27.367761748561115, "n_waypoints_completed": 4, "tot_waypoints": 9}}
{"target": -579.8840781687305, "params": {"k_pid_pos": [1.849624377781123, 0.024859491386256316, 0.44963268842268056], "k_pid_alt": [0.16003885105321913, 0.02520494712616217, 0.949345597264735], "k_pid_att": [39.447728079683905, 0.0032441649989051976, 0.1845336041603497], "k_pid_yaw": [0.5, 1e-06, 0.1], "k_pid_hsp": [0.09847755819799779, 0.011264223901387349, 0.0], "k_pid_vsp": [194.7624155113164, 156.73508457218338, 10.0]}, "datetime": {"datetime": "2025-08-13 12:47:03", "elapsed": 10751.610060214996, "delta": 28.049739360809326}, "costs": {"total_cost": 579.8840781687305, "time_cost": 150, "final_distance_cost": 74.00393838257752, "oscillation_cost": 33.9512573953375, "completition_cost": 222.2222222222222, "overshoot_cost": 52.10275843091646, "power_cost": 16.69141044921875, "noise_cost": 30.912491288458167, "n_waypoints_completed": 7, "tot_waypoints": 9}}
{"target": -188.14794168136373, "params": {"k_pid_pos": [1.849624377781123, 0.024859491386256316, 0.995526179061942], "k_pid_alt": [1.4458679973838424, 0.02520494712616217, 0.9324720513360747], "k_pid_att": [39.447728079683905, 0.10763610062849525, 0.1845336041603497], "k_pid_yaw": [0.5, 1e-06, 0.1], "k_pid_hsp": [0.09847755819799779, 0.011264223901387349, 0.0], "k_pid_vsp": [194.7624155113164, 156.73508457218338, 10.0]}, "datetime": {"datetime": "2025-08-13 12:47:20", "elapsed": 10768.323735952377, "delta": 16.71367573738098}, "costs": {"total_cost": 188.14794168136373, "time_cost": 70.546, "final_distance_cost": 1.83329403037451, "oscillation_cost": 29.433170128398338, "completition_cost": 0.0, "overshoot_cost": 51.30554531297071, "power_cost": 17.55257956542969, "noise_cost": 17.47735264419048, "n_waypoints_completed": 9, "tot_waypoints": 9}}
