{"target": -195.70603303585455, "params": {"k_pid_pos": [1.849624377781123, 0.024859491386256316, 0.44963268842268056], "k_pid_alt": [1.2679502233621702, 0.0, 0.949345597264735], "k_pid_att": [39.447728079683905, 3.8677381495188174, 0.1845336041603497], "k_pid_yaw": [0.5, 1e-06, 0.1], "k_pid_hsp": [0.09847755819799779, 0.011264223901387349, 0.0], "k_pid_vsp": [194.7624155113164, 20.0, 10.0]}, "datetime": {"datetime": "2025-08-13 10:47:58", "elapsed": 3606.956054210663, "delta": 32.63599133491516}, "costs": {"total_cost": 195.70603303585455, "time_cost": 73.857, "final_distance_cost": 1.820869093538533, "oscillation_cost": 31.54661094194278, "completition_cost": 0.0, "overshoot_cost": 51.7636094619666, "power_cost": 17.187284899902345, "noise_cost": 19.530658638504274, "n_waypoints_completed": 9, "tot_waypoints": 9}}
{"target": -227.5273121169866, "params": {"k_pid_pos": [1.734860336611219, 0.5811166092209024, 0.19977565166005762], "k_pid_alt": [1.3483903848896324, 0.7154071296158017, 0.47530561788360415], "k_pid_att": [13.105775155731326, 1.2376256611230811, 0.9275625510065076], "k_pid_yaw": [0.5, 1e-06, 0.1], "k_pid_hsp": [0.09847755819799779, 0.011264223901387349, 0.0], "k_pid_vsp": [194.7624155113164, 20.0, 10.0]}, "datetime": {"datetime": "2025-08-13 10:48:37", "elapsed": 3645.6311359405518, "delta": 38.675081729888916}, "costs": {"total_cost": 227.5273121169866, "time_cost": 85.785, "final_distance_cost": 1.7897937887136655, "oscillation_cost": 39.65145849314805, "completition_cost": 0.0, "overshoot_cost": 55.36666508620168, "power_cost": 22.34494403076172, "noise_cost": 22.589450718161455, "n_waypoints_completed": 9, "tot_waypoints": 9}}
{"target": -307.1733147750895, "params": {"k_pid_pos": [1.3885554450422086, 0.9460270628173303, 0.2865937649138133], "k_pid_alt": [1.515427128667956, 0.0, 0.949345597264735], "k_pid_att": [39.447728079683905, 3.8677381495188174, 0.6143861065351858], "k_pid_yaw": [0.5, 1e-06, 0.1], "k_pid_hsp": [0.09847755819799779, 0.011264223901387349, 0.0], "k_pid_vsp": [99.3176991541171, 20.0, 10.0]}, "datetime": {"datetime": "2025-08-13 10:49:29", "elapsed": 3697.500153541565, "delta": 51.869017601013184}, "costs": {"total_cost": 307.1733147750895, "time_cost": 117.628, "final_distance_cost": 1.8494187443428103, "oscillation_cost": 53.323733678279154, "completition_cost": 0.0, "overshoot_cost": 62.95344751456571, "power_cost": 31.87671793212891, "noise_cost": 39.541996905772955, "n_waypoints_completed": 9, "tot_waypoints": 9}}
{"target": -516.2460415030541, "params": {"k_pid_pos": [1.849624377781123, 0.024859491386256316, 0.44963268842268056], "k_pid_alt": [1.2679502233621702, 0.515133376846189, 0.949345597264735], "k_pid_att": [39.447728079683905, 3.8677381495188174, 0.14387193297114265], "k_pid_yaw": [0.5, 1e-06, 0.1], "k_pid_hsp": [9.209712627827253, 0.6013727628113479, 0.10740295628857721], "k_pid_vsp": [61.44535807682345, 46.19602635065192, 8.459207513427996]}, "datetime": {"datetime": "2025-08-13 10:50:04", "elapsed": 3732.140610218048, "delta": 34.640456676483154}, "costs": {"total_cost": 516.2460415030541, "time_cost": 76.59400000000001, "final_distance_cost": 1.79040562643797, "oscillation_cost": 344.968782131125, "completition_cost": 0.0, "overshoot_cost": 51.281239166951835, "power_cost": 20.61090537109375, "noise_cost": 21.000709207445585, "n_waypoints_completed": 9, "tot_waypoints": 9}}
{"target": -1134.7918136461396, "params": {"k_pid_pos": [0.8325832251638142, 0.04925411992759399, 0.3736141384595716], "k_pid_alt": [0.9050158630487681, 0.10167190290371597, 0.949345597264735], "k_pid_att": [39.447728079683905, 3.8677381495188174, 0.015805555440133845], "k_pid_yaw": [0.5, 1e-06, 0.1], "k_pid_hsp": [0.09847755819799779, 0.9454165724399485, 0.0], "k_pid_vsp": [194.7624155113164, 169.4620487965869, 10.0]}, "datetime": {"datetime": "2025-08-13 10:50:57", "elapsed": 3785.3563237190247, "delta": 53.21571350097656}, "costs": {"total_cost": 1134.7918136461396, "time_cost": 150, "final_distance_cost": 59.98707808271832, "oscillation_cost": 129.29599557982215, "completition_cost": 666.6666666666667, "overshoot_cost": 62.86768999628984, "power_cost": 31.271386254882813, "noise_cost": 34.70299706575976, "n_waypoints_completed": 3, "tot_waypoints": 9}}
{"target": -192.77772249249705, "params": {"k_pid_pos": [0.49275800590297264, 0.18848155022322047, 0.17888737446852812], "k_pid_alt": [1.515427128667956, 0.0, 0.949345597264735], "k_pid_att": [39.447728079683905, 3.8677381495188174, 0.1845336041603497], "k_pid_yaw": [0.5, 1e-06, 0.1], "k_pid_hsp": [0.09847755819799779, 0.011264223901387349, 0.0], "k_pid_vsp": [194.7624155113164, 156.73508457218338, 10.0]}, "datetime": {"datetime": "2025-08-13 10:51:32", "elapsed": 3820.900594472885, "delta": 35.544270753860474}, "costs": {"total_cost": 192.77772249249705, "time_cost": 81.746, "final_distance_cost": 1.822575554104842, "oscillation_cost": 22.482110942648898, "completition_cost": 0.0, "overshoot_cost": 51.563987656470474, "power_cost": 14.746365148925783, "noise_cost": 20.416683190347058, "n_waypoints_completed": 9, "tot_waypoints": 9}}
{"target": -330.77317491166724, "params": {"k_pid_pos": [1.3368390832847643, 0.4710962061431325, 0.5652361064811888], "k_pid_alt": [0.8247498285944492, 0.6347183200005908, 0.5535794006579958], "k_pid_att": [22.592895791678245, 9.597749245839971, 0.9274604585040267], "k_pid_yaw": [0.5, 1e-06, 0.1], "k_pid_hsp": [0.09847755819799779, 0.4946002239744529, 0.10740295628857721], "k_pid_vsp": [61.44535807682345, 46.19602635065192, 8.459207513427996]}, "datetime": {"datetime": "2025-08-13 10:52:16", "elapsed": 3864.241916656494, "delta": 43.34132218360901}, "costs": {"total_cost": 330.77317491166724, "time_cost": 96.425, "final_distance_cost": 1.737706306463071, "oscillation_cost": 110.20416332909733, "completition_cost": 0.0, "overshoot_cost": 55.95205134456815, "power_cost": 34.88829997558594, "noise_cost": 31.565953955952725, "n_waypoints_completed": 9, "tot_waypoints": 9}}
{"target": -356.8517293177447, "params": {"k_pid_pos": [1.3885554450422086, 0.9460270628173303, 0.2533833538391872], "k_pid_alt": [1.515427128667956, 0.0, 0.949345597264735], "k_pid_att": [39.447728079683905, 3.8677381495188174, 0.14387193297114265], "k_pid_yaw": [0.5, 1e-06, 0.1], "k_pid_hsp": [9.209712627827253, 0.011264223901387349, 0.0], "k_pid_vsp": [371.06736098168864, 20.0, 43.299777481693376]}, "datetime": {"datetime": "2025-08-13 10:52:58", "elapsed": 3906.9570529460907, "delta": 42.71513628959656}, "costs": {"total_cost": 356.8517293177447, "time_cost": 95.774, "final_distance_cost": 1.764397454853445, "oscillation_cost": 142.31808403433223, "completition_cost": 0.0, "overshoot_cost": 59.6485063120169, "power_cost": 30.55017193603516, "noise_cost": 26.79656958050697, "n_waypoints_completed": 9, "tot_waypoints": 9}}
{"target": -190.11837376454258, "params": {"k_pid_pos": [1.849624377781123, 0.024859491386256316, 0.44963268842268056], "k_pid_alt": [1.2679502233621702, 0.02520494712616217, 0.949345597264735], "k_pid_att": [39.447728079683905, 3.8677381495188174, 0.1845336041603497], "k_pid_yaw": [0.5, 1e-06, 0.1], "k_pid_hsp": [0.09847755819799779, 0.011264223901387349, 0.0], "k_pid_vsp": [194.7624155113164, 20.0, 10.0]}, "datetime": {"datetime": "2025-08-13 10:53:32", "elapsed": 3940.5450098514557, "delta": 33.58795690536499}, "costs": {"total_cost": 190.11837376454258, "time_cost": 71.96000000000001, "final_distance_cost": 1.7826160936432704, "oscillation_cost": 31.80093672065383, "completition_cost": 0.0, "overshoot_cost": 51.87127117767029, "power_cost": 13.598035681152345, "noise_cost": 19.105514091422858, "n_waypoints_completed": 9, "tot_waypoints": 9}}
{"target": -220.05352018107757, "params": {"k_pid_pos": [1.3885554450422086, 0.024859491386256316, 0.44963268842268056], "k_pid_alt": [1.2679502233621702, 0.0, 0.949345597264735], "k_pid_att": [99.42691791632828, 3.8677381495188174, 0.6562296481050006], "k_pid_yaw": [0.5, 1e-06, 0.1], "k_pid_hsp": [7.7018924757468845, 0.011264223901387349, 0.0], "k_pid_vsp": [194.7624155113164, 110.36953754040144, 10.0]}, "datetime": {"datetime": "2025-08-13 10:54:06", "elapsed": 3974.3642835617065, "delta": 33.819273710250854}, "costs": {"total_cost": 220.05352018107757, "time_cost": 73.304, "final_distance_cost": 1.842345708976162, "oscillation_cost": 56.37206055905149, "completition_cost": 0.0, "overshoot_cost": 50.24845942207148, "power_cost": 18.567323962402345, "noise_cost": 19.719330528576084, "n_waypoints_completed": 9, "tot_waypoints": 9}}
{"target": -225.58015690089752, "params": {"k_pid_pos": [1.849624377781123, 0.024859491386256316, 0.44963268842268056], "k_pid_alt": [1.2679502233621702, 0.7154071296158017, 0.949345597264735], "k_pid_att": [39.447728079683905, 3.8677381495188174, 0.1845336041603497], "k_pid_yaw": [0.5, 1e-06, 0.1], "k_pid_hsp": [0.09847755819799779, 0.011264223901387349, 0.0], "k_pid_vsp": [194.7624155113164, 20.0, 10.0]}, "datetime": {"datetime": "2025-08-13 10:54:45", "elapsed": 4013.2064294815063, "delta": 38.842145919799805}, "costs": {"total_cost": 225.58015690089752, "time_cost": 85.925, "final_distance_cost": 1.775493162220149, "oscillation_cost": 35.08553742394453, "completition_cost": 0.0, "overshoot_cost": 54.339512703295505, "power_cost": 24.541501953125, "noise_cost": 23.913111658312353, "n_waypoints_completed": 9, "tot_waypoints": 9}}
{"target": -680.9346290094207, "params": {"k_pid_pos": [1.3885554450422086, 0.12011063010138434, 0.9898230692048735], "k_pid_alt": [0.26508416190282724, 0.0, 0.949345597264735], "k_pid_att": [39.447728079683905, 3.8677381495188174, 0.1845336041603497], "k_pid_yaw": [0.5, 1e-06, 0.1], "k_pid_hsp": [0.09847755819799779, 0.011264223901387349, 0.0], "k_pid_vsp": [194.7624155113164, 20.0, 10.0]}, "datetime": {"datetime": "2025-08-13 10:55:41", "elapsed": 4069.5753016471863, "delta": 56.36887216567993}, "costs": {"total_cost": 680.9346290094207, "time_cost": 150, "final_distance_cost": 70.96515356178875, "oscillation_cost": 21.175867557088978, "completition_cost": 333.33333333333337, "overshoot_cost": 47.83871948380429, "power_cost": 28.613147314453126, "noise_cost": 29.00840775895215, "n_waypoints_completed": 6, "tot_waypoints": 9}}
{"target": -200.20864266851692, "params": {"k_pid_pos": [1.849624377781123, 0.024859491386256316, 0.44963268842268056], "k_pid_alt": [1.2679502233621702, 0.0, 0.949345597264735], "k_pid_att": [39.447728079683905, 3.8677381495188174, 0.1845336041603497], "k_pid_yaw": [0.5, 1e-06, 0.1], "k_pid_hsp": [0.09847755819799779, 0.011264223901387349, 0.0], "k_pid_vsp": [194.7624155113164, 20.0, 10.0]}, "datetime": {"datetime": "2025-08-13 10:56:15", "elapsed": 4103.419140338898, "delta": 33.843838691711426}, "costs": {"total_cost": 200.20864266851692, "time_cost": 73.983, "final_distance_cost": 1.7940639084198895, "oscillation_cost": 31.354629250242724, "completition_cost": 0.0, "overshoot_cost": 51.97986361477773, "power_cost": 20.925787438964846, "noise_cost": 20.171298456111757, "n_waypoints_completed": 9, "tot_waypoints": 9}}
{"target": -199.94551159857957, "params": {"k_pid_pos": [1.3885554450422086, 0.024859491386256316, 0.11401919133455096], "k_pid_alt": [1.2679502233621702, 0.0, 0.949345597264735], "k_pid_att": [39.447728079683905, 3.8677381495188174, 0.1845336041603497], "k_pid_yaw": [0.5, 1e-06, 0.1], "k_pid_hsp": [0.09847755819799779, 0.011264223901387349, 0.0], "k_pid_vsp": [194.7624155113164, 15.500533572620455, 10.0]}, "datetime": {"datetime": "2025-08-13 10:56:48", "elapsed": 4136.641830205917, "delta": 33.22268986701965}, "costs": {"total_cost": 199.94551159857957, "time_cost": 74.459, "final_distance_cost": 1.7932993518911675, "oscillation_cost": 31.519371762661272, "completition_cost": 0.0, "overshoot_cost": 52.41689816229901, "power_cost": 19.765414648437503, "noise_cost": 19.991527673290598, "n_waypoints_completed": 9, "tot_waypoints": 9}}
{"target": -195.00320867442463, "params": {"k_pid_pos": [1.849624377781123, 0.024859491386256316, 0.44963268842268056], "k_pid_alt": [1.2679502233621702, 0.0, 0.949345597264735], "k_pid_att": [39.447728079683905, 3.6888469195366334, 0.1845336041603497], "k_pid_yaw": [0.5, 1e-06, 0.1], "k_pid_hsp": [0.09847755819799779, 0.011264223901387349, 0.0], "k_pid_vsp": [194.7624155113164, 20.0, 10.0]}, "datetime": {"datetime": "2025-08-13 10:57:20", "elapsed": 4168.843300104141, "delta": 32.20146989822388}, "costs": {"total_cost": 195.00320867442463, "time_cost": 73.801, "final_distance_cost": 1.804532621086468, "oscillation_cost": 31.735671130752372, "completition_cost": 0.0, "overshoot_cost": 51.50730078345785, "power_cost": 17.218862158203127, "noise_cost": 18.935841980924792, "n_waypoints_completed": 9, "tot_waypoints": 9}}
{"target": -223.0934017243824, "params": {"k_pid_pos": [1.3885554450422086, 0.12011063010138434, 0.9898230692048735], "k_pid_alt": [0.26508416190282724, 0.7154071296158017, 0.949345597264735], "k_pid_att": [39.447728079683905, 3.8677381495188174, 0.42909887146925685], "k_pid_yaw": [0.5, 1e-06, 0.1], "k_pid_hsp": [0.09847755819799779, 0.011264223901387349, 0.0], "k_pid_vsp": [224.80366988514712, 20.0, 10.0]}, "datetime": {"datetime": "2025-08-13 10:58:01", "elapsed": 4209.207411527634, "delta": 40.36411142349243}, "costs": {"total_cost": 223.0934017243824, "time_cost": 92.61, "final_distance_cost": 1.754056476621178, "oscillation_cost": 28.025960478219687, "completition_cost": 0.0, "overshoot_cost": 60.10358623950736, "power_cost": 18.289612243652346, "noise_cost": 22.310186286381825, "n_waypoints_completed": 9, "tot_waypoints": 9}}
{"target": -205.61051537194834, "params": {"k_pid_pos": [1.849624377781123, 0.024859491386256316, 0.44963268842268056], "k_pid_alt": [1.2679502233621702, 0.5561902967977893, 0.949345597264735], "k_pid_att": [39.447728079683905, 3.8677381495188174, 0.1845336041603497], "k_pid_yaw": [0.5, 1e-06, 0.1], "k_pid_hsp": [0.09847755819799779, 0.011264223901387349, 0.0], "k_pid_vsp": [194.7624155113164, 355.21150340299164, 10.0]}, "datetime": {"datetime": "2025-08-13 10:58:35", "elapsed": 4244.063792228699, "delta": 34.85638070106506}, "costs": {"total_cost": 205.61051537194834, "time_cost": 78.183, "final_distance_cost": 1.738048482248439, "oscillation_cost": 35.84912501876326, "completition_cost": 0.0, "overshoot_cost": 51.71233024203548, "power_cost": 18.498210961914065, "noise_cost": 19.62980066698712, "n_waypoints_completed": 9, "tot_waypoints": 9}}
{"target": -203.49790508284238, "params": {"k_pid_pos": [1.849624377781123, 0.024859491386256316, 0.44963268842268056], "k_pid_alt": [1.2679502233621702, 0.0, 0.949345597264735], "k_pid_att": [39.447728079683905, 7.284845820832624, 0.004857337777279036], "k_pid_yaw": [0.5, 1e-06, 0.1], "k_pid_hsp": [0.09847755819799779, 0.011264223901387349, 0.0], "k_pid_vsp": [194.7624155113164, 20.0, 10.0]}, "datetime": {"datetime": "2025-08-13 10:59:09", "elapsed": 4277.127557516098, "delta": 33.06376528739929}, "costs": {"total_cost": 203.49790508284238, "time_cost": 74.018, "final_distance_cost": 1.792604823218626, "oscillation_cost": 32.44953779167506, "completition_cost": 0.0, "overshoot_cost": 52.10439286633939, "power_cost": 22.064657080078128, "noise_cost": 21.068712521531182, "n_waypoints_completed": 9, "tot_waypoints": 9}}
{"target": -803.1688900663223, "params": {"k_pid_pos": [0.8325832251638142, 0.3846834726613414, 0.3736141384595716], "k_pid_alt": [0.1927819243069986, 0.9026023965438417, 0.45577628983361107], "k_pid_att": [11.895331074021131, 3.0596356458441103, 0.9274604585040267], "k_pid_yaw": [0.5, 1e-06, 0.1], "k_pid_hsp": [0.669873433518586, 0.011264223901387349, 0.2627295964148335], "k_pid_vsp": [111.20884264032553, 20.0, 10.0]}, "datetime": {"datetime": "2025-08-13 11:00:02", "elapsed": 4330.354696989059, "delta": 53.227139472961426}, "costs": {"total_cost": 803.1688900663223, "time_cost": 150, "final_distance_cost": 75.710035212806, "oscillation_cost": 242.30133639244488, "completition_cost": 222.2222222222222, "overshoot_cost": 61.221629710876755, "power_cost": 23.04143259277344, "noise_cost": 28.67223393519909, "n_waypoints_completed": 7, "tot_waypoints": 9}}
{"target": -877.1159586001487, "params": {"k_pid_pos": [1.3368390832847643, 0.4710962061431325, 0.5652361064811888], "k_pid_alt": [0.8247498285944492, 0.6347183200005908, 0.5535794006579958], "k_pid_att": [22.592895791678245, 9.597749245839971, 0.9274604585040267], "k_pid_yaw": [0.5, 1e-06, 0.1], "k_pid_hsp": [0.09847755819799779, 0.011264223901387349, 0.17031908811182894], "k_pid_vsp": [291.1523567994088, 379.71740925440946, 10.0]}, "datetime": {"datetime": "2025-08-13 11:00:54", "elapsed": 4382.2027678489685, "delta": 51.84807085990906}, "costs": {"total_cost": 877.1159586001487, "time_cost": 150, "final_distance_cost": 69.03187994784035, "oscillation_cost": 303.9954757057756, "completition_cost": 222.2222222222222, "overshoot_cost": 68.20558096293549, "power_cost": 32.02087060546875, "noise_cost": 31.639929155906223, "n_waypoints_completed": 7, "tot_waypoints": 9}}
{"target": -1944.3276872967622, "params": {"k_pid_pos": [0.11267199708268416, 0.18848155022322047, 0.17888737446852812], "k_pid_alt": [1.515427128667956, 0.0, 0.949345597264735], "k_pid_att": [39.447728079683905, 3.8677381495188174, 0.1845336041603497], "k_pid_yaw": [0.5, 1e-06, 0.1], "k_pid_hsp": [0.09847755819799779, 0.011264223901387349, 0.47764876957297075], "k_pid_vsp": [194.7624155113164, 20.0, 10.0]}, "datetime": {"datetime": "2025-08-13 11:01:46", "elapsed": 4434.798905611038, "delta": 52.5961377620697}, "costs": {"total_cost": 1944.3276872967622, "time_cost": 150, "final_distance_cost": 75.6568470243258, "oscillation_cost": 793.1526574447036, "completition_cost": 777.7777777777778, "overshoot_cost": 80.7701797811661, "power_cost": 36.34907053222656, "noise_cost": 30.621154736562353, "n_waypoints_completed": 2, "tot_waypoints": 9}}
{"target": -192.91975319531846, "params": {"k_pid_pos": [1.849624377781123, 0.024859491386256316, 0.44963268842268056], "k_pid_alt": [1.2679502233621702, 0.0, 0.949345597264735], "k_pid_att": [39.447728079683905, 3.8677381495188174, 0.1845336041603497], "k_pid_yaw": [0.5, 1e-06, 0.1], "k_pid_hsp": [0.09847755819799779, 0.011264223901387349, 0.0], "k_pid_vsp": [194.7624155113164, 20.0, 10.0]}, "datetime": {"datetime": "2025-08-13 11:02:18", "elapsed": 4466.744621992111, "delta": 31.945716381072998}, "costs": {"total_cost": 192.91975319531846, "time_cost": 73.542, "final_distance_cost": 1.8234669127842178, "oscillation_cost": 31.607244718972385, "completition_cost": 0.0, "overshoot_cost": 51.52160204579007, "power_cost": 15.204242626953127, "noise_cost": 19.221196890818685, "n_waypoints_completed": 9, "tot_waypoints": 9}}
{"target": -788.7506336888813, "params": {"k_pid_pos": [0.8325832251638142, 0.7480709590798926, 0.5921328249036668], "k_pid_alt": [0.1927819243069986, 0.9026023965438417, 0.5951893521254259], "k_pid_att": [39.447728079683905, 3.8677381495188174, 0.1845336041603497], "k_pid_yaw": [0.5, 1e-06, 0.1], "k_pid_hsp": [0.09847755819799779, 0.011264223901387349, 0.0], "k_pid_vsp": [194.7624155113164, 20.0, 10.0]}, "datetime": {"datetime": "2025-08-13 11:03:10", "elapsed": 4518.956027507782, "delta": 52.211405515670776}, "costs": {"total_cost": 788.7506336888813, "time_cost": 150, "final_distance_cost": 46.63711132354073, "oscillation_cost": 28.920149262004397, "completition_cost": 444.4444444444444, "overshoot_cost": 55.50764807888379, "power_cost": 32.079083044433595, "noise_cost": 31.162197535574325, "n_waypoints_completed": 5, "tot_waypoints": 9}}
{"target": -2563.0447470852146, "params": {"k_pid_pos": [1.849624377781123, 0.024859491386256316, 0.44963268842268056], "k_pid_alt": [1.6444270921876138, 0.0, 0.45577628983361107], "k_pid_att": [11.895331074021131, 3.0596356458441103, 0.9274604585040267], "k_pid_yaw": [0.5, 1e-06, 0.1], "k_pid_hsp": [0.09847755819799779, 0.011264223901387349, 0.0], "k_pid_vsp": [111.20884264032553, 20.0, 372.58477179209376]}, "datetime": {"datetime": "2025-08-13 11:04:04", "elapsed": 4572.415783405304, "delta": 53.45975589752197}, "costs": {"total_cost": 2563.0447470852146, "time_cost": 150, "final_distance_cost": 495.05706798095997, "oscillation_cost": 13.258029627974892, "completition_cost": 888.8888888888888, "overshoot_cost": 966.464270260375, "power_cost": 24.163753771972658, "noise_cost": 25.212736555043165, "n_waypoints_completed": 1, "tot_waypoints": 9}}
{"target": -222.35237437764147, "params": {"k_pid_pos": [1.3125724517510475, 0.036162710494696215, 0.6918470612856529], "k_pid_alt": [0.10331583402879785, 0.7154071296158017, 0.7389840039155418], "k_pid_att": [13.105775155731326, 5.156922816475868, 0.21517827462871852], "k_pid_yaw": [0.5, 1e-06, 0.1], "k_pid_hsp": [0.09847755819799779, 0.011264223901387349, 0.0], "k_pid_vsp": [111.20884264032553, 20.0, 10.0]}, "datetime": {"datetime": "2025-08-13 11:04:43", "elapsed": 4611.758957386017, "delta": 39.34317398071289}, "costs": {"total_cost": 222.35237437764147, "time_cost": 88.676, "final_distance_cost": 1.7648504232423707, "oscillation_cost": 29.268464754034447, "completition_cost": 0.0, "overshoot_cost": 62.71693329557209, "power_cost": 18.50682471923828, "noise_cost": 21.41930118555428, "n_waypoints_completed": 9, "tot_waypoints": 9}}
