{"target": -1030.2859000985945, "params": {"k_pid_pos": [1.4429946572917078, 0.024859491386256316, 0.5435827484623426], "k_pid_alt": [0.1413922119964648, 0.0, 0.3146878632891922], "k_pid_att": [40.6020781270096, 0.18205753750414305, 0.34464953207076743], "k_pid_yaw": [0.5, 1e-06, 0.1], "k_pid_hsp": [0.09847755819799779, 0.011264223901387349, 0.0], "k_pid_vsp": [376.5747392387296, 93.09285943774285, 10.0]}, "datetime": {"datetime": "2025-08-13 17:32:46", "elapsed": 27894.701070070267, "delta": 28.760668992996216}, "costs": {"total_cost": 1030.2859000985945, "time_cost": 150, "final_distance_cost": 54.53416259660063, "oscillation_cost": 12.049000307904796, "completition_cost": 666.6666666666667, "overshoot_cost": 68.22336072292795, "power_cost": 43.45399338378906, "noise_cost": 35.35871642070535, "n_waypoints_completed": 3, "tot_waypoints": 9}}
{"target": -225.38705725430162, "params": {"k_pid_pos": [1.733835489643198, 0.6099605953006095, 0.8519347702918288], "k_pid_alt": [0.9138724434078689, 0.0, 0.9156111886454469], "k_pid_att": [43.948176657889235, 0.18205753750414305, 0.6412714623366417], "k_pid_yaw": [0.5, 1e-06, 0.1], "k_pid_hsp": [0.09847755819799779, 0.011264223901387349, 0.0], "k_pid_vsp": [36.465762321119, 197.31441805153213, 10.0]}, "datetime": {"datetime": "2025-08-13 17:33:07", "elapsed": 27915.802728414536, "delta": 21.1016583442688}, "costs": {"total_cost": 225.38705725430162, "time_cost": 87.22, "final_distance_cost": 1.8464884390674152, "oscillation_cost": 33.53751403648461, "completition_cost": 0.0, "overshoot_cost": 52.71408733953245, "power_cost": 25.056496325683597, "noise_cost": 25.012471113533532, "n_waypoints_completed": 9, "tot_waypoints": 9}}
{"target": -1025.9233677098803, "params": {"k_pid_pos": [1.733835489643198, 0.3438704374213081, 0.8519347702918288], "k_pid_alt": [1.4458679973838424, 0.0, 0.6600607021214705], "k_pid_att": [39.447728079683905, 3.8677381495188174, 0.43397649097612745], "k_pid_yaw": [0.5, 1e-06, 0.1], "k_pid_hsp": [0.09847755819799779, 0.9062593387060004, 0.0], "k_pid_vsp": [376.5747392387296, 369.48810340511164, 10.0]}, "datetime": {"datetime": "2025-08-13 17:33:37", "elapsed": 27945.264100790024, "delta": 29.46137237548828}, "costs": {"total_cost": 1025.9233677098803, "time_cost": 150, "final_distance_cost": 43.3451727990131, "oscillation_cost": 127.53664466058206, "completition_cost": 555.5555555555555, "overshoot_cost": 77.31400889031843, "power_cost": 36.82506318359375, "noise_cost": 35.346922620817324, "n_waypoints_completed": 4, "tot_waypoints": 9}}
{"target": -196.92084172843806, "params": {"k_pid_pos": [1.4340672435785011, 0.5303319676020144, 0.8092599635047751], "k_pid_alt": [1.7187705538853828, 0.0, 0.3146878632891922], "k_pid_att": [71.45838630927439, 0.18205753750414305, 0.9456905697425194], "k_pid_yaw": [0.5, 1e-06, 0.1], "k_pid_hsp": [0.09847755819799779, 0.011264223901387349, 0.0], "k_pid_vsp": [277.2708477836043, 93.09285943774285, 10.0]}, "datetime": {"datetime": "2025-08-13 17:33:56", "elapsed": 27964.43822169304, "delta": 19.174120903015137}, "costs": {"total_cost": 196.92084172843806, "time_cost": 77.665, "final_distance_cost": 1.7894049192325554, "oscillation_cost": 29.24822957835372, "completition_cost": 0.0, "overshoot_cost": 52.38895782741709, "power_cost": 16.151858532714844, "noise_cost": 19.677390870719854, "n_waypoints_completed": 9, "tot_waypoints": 9}}
{"target": -896.2176872462649, "params": {"k_pid_pos": [1.733835489643198, 0.024859491386256316, 0.8519347702918288], "k_pid_alt": [1.7297729984189598, 0.0, 0.3146878632891922], "k_pid_att": [40.6020781270096, 6.766944352677465, 0.34464953207076743], "k_pid_yaw": [0.5, 1e-06, 0.1], "k_pid_hsp": [0.09847755819799779, 0.6870351602694771, 0.0], "k_pid_vsp": [316.2191682070645, 93.09285943774285, 10.0]}, "datetime": {"datetime": "2025-08-13 17:34:25", "elapsed": 27993.085200548172, "delta": 28.646978855133057}, "costs": {"total_cost": 896.2176872462649, "time_cost": 150, "final_distance_cost": 51.0487683936682, "oscillation_cost": 136.50519231635914, "completition_cost": 444.4444444444444, "overshoot_cost": 55.970841477690286, "power_cost": 24.862135131835938, "noise_cost": 33.38630548226685, "n_waypoints_completed": 5, "tot_waypoints": 9}}
{"target": -224.71517308771357, "params": {"k_pid_pos": [1.5233419604839473, 0.5303319676020144, 0.5792642345702999], "k_pid_alt": [1.4458679973838424, 0.8453038121781166, 0.3146878632891922], "k_pid_att": [43.948176657889235, 0.18205753750414305, 0.7813719867183654], "k_pid_yaw": [0.5, 1e-06, 0.1], "k_pid_hsp": [1.0914614458687493, 0.011264223901387349, 0.0], "k_pid_vsp": [376.5747392387296, 50.87373020527707, 10.0]}, "datetime": {"datetime": "2025-08-13 17:34:45", "elapsed": 28013.417416095734, "delta": 20.332215547561646}, "costs": {"total_cost": 224.71517308771357, "time_cost": 84.994, "final_distance_cost": 1.7332945605397003, "oscillation_cost": 38.01603281214554, "completition_cost": 0.0, "overshoot_cost": 54.29744773402574, "power_cost": 23.246929553222657, "noise_cost": 22.42746842777992, "n_waypoints_completed": 9, "tot_waypoints": 9}}
{"target": -214.49348638478838, "params": {"k_pid_pos": [1.4340672435785011, 0.5303319676020144, 0.3434561031905483], "k_pid_alt": [1.4458679973838424, 0.0, 0.3123089974307902], "k_pid_att": [43.948176657889235, 0.18205753750414305, 0.34464953207076743], "k_pid_yaw": [0.5, 1e-06, 0.1], "k_pid_hsp": [0.09847755819799779, 0.011264223901387349, 0.0], "k_pid_vsp": [376.5747392387296, 93.02116563978787, 10.0]}, "datetime": {"datetime": "2025-08-13 17:35:05", "elapsed": 28033.094963550568, "delta": 19.677547454833984}, "costs": {"total_cost": 214.49348638478838, "time_cost": 80.542, "final_distance_cost": 1.7463661544743319, "oscillation_cost": 33.58836809455847, "completition_cost": 0.0, "overshoot_cost": 53.658428420578296, "power_cost": 22.98178367919922, "noise_cost": 21.976540035978054, "n_waypoints_completed": 9, "tot_waypoints": 9}}
{"target": -187.94793907774445, "params": {"k_pid_pos": [1.9648629373893673, 0.024859491386256316, 0.8092599635047751], "k_pid_alt": [1.7187705538853828, 0.0, 0.6600607021214705], "k_pid_att": [39.447728079683905, 6.806811407577699, 0.6711777735375999], "k_pid_yaw": [0.5, 1e-06, 0.1], "k_pid_hsp": [0.09847755819799779, 0.011264223901387349, 0.0], "k_pid_vsp": [376.5747392387296, 369.48810340511164, 10.0]}, "datetime": {"datetime": "2025-08-13 17:35:22", "elapsed": 28050.492015600204, "delta": 17.39705204963684}, "costs": {"total_cost": 187.94793907774445, "time_cost": 70.007, "final_distance_cost": 1.806537752598684, "oscillation_cost": 29.91113295530603, "completition_cost": 0.0, "overshoot_cost": 50.65022290873697, "power_cost": 17.60636882324219, "noise_cost": 17.96667663786059, "n_waypoints_completed": 9, "tot_waypoints": 9}}
{"target": -234.2604812679893, "params": {"k_pid_pos": [1.4340672435785011, 0.024859491386256316, 0.8519347702918288], "k_pid_alt": [1.4458679973838424, 0.19798469353315307, 0.8315242830597276], "k_pid_att": [39.447728079683905, 3.8677381495188174, 0.6559199499296157], "k_pid_yaw": [0.5, 1e-06, 0.1], "k_pid_hsp": [0.09847755819799779, 0.011264223901387349, 0.0], "k_pid_vsp": [251.5004449007475, 93.09285943774285, 10.0]}, "datetime": {"datetime": "2025-08-13 17:35:45", "elapsed": 28073.279412984848, "delta": 22.787397384643555}, "costs": {"total_cost": 234.2604812679893, "time_cost": 93.8, "final_distance_cost": 1.7990318040260371, "oscillation_cost": 28.28163555802593, "completition_cost": 0.0, "overshoot_cost": 54.39468577563547, "power_cost": 29.534223962402343, "noise_cost": 26.45090416789951, "n_waypoints_completed": 9, "tot_waypoints": 9}}
{"target": -189.98980207886592, "params": {"k_pid_pos": [1.733835489643198, 0.024859491386256316, 0.704167472379422], "k_pid_alt": [1.4458679973838424, 0.0, 0.3146878632891922], "k_pid_att": [71.45838630927439, 0.18205753750414305, 0.5315175384971502], "k_pid_yaw": [0.5, 1e-06, 0.1], "k_pid_hsp": [0.09847755819799779, 0.011264223901387349, 0.0], "k_pid_vsp": [63.87935167311278, 93.09285943774285, 10.0]}, "datetime": {"datetime": "2025-08-13 17:36:02", "elapsed": 28090.17234659195, "delta": 16.89293360710144}, "costs": {"total_cost": 189.98980207886592, "time_cost": 69.874, "final_distance_cost": 1.7958031590660597, "oscillation_cost": 29.25823760470679, "completition_cost": 0.0, "overshoot_cost": 51.114228692306206, "power_cost": 18.90234862060547, "noise_cost": 19.045184002181415, "n_waypoints_completed": 9, "tot_waypoints": 9}}
{"target": -189.7215818540285, "params": {"k_pid_pos": [1.4340672435785011, 0.024859491386256316, 0.8519347702918288], "k_pid_alt": [1.4458679973838424, 0.0, 0.6600607021214705], "k_pid_att": [39.447728079683905, 3.8677381495188174, 0.6559199499296157], "k_pid_yaw": [0.5, 1e-06, 0.1], "k_pid_hsp": [0.09847755819799779, 0.011264223901387349, 0.0], "k_pid_vsp": [376.5747392387296, 93.09285943774285, 10.0]}, "datetime": {"datetime": "2025-08-13 17:36:18", "elapsed": 28107.074387550354, "delta": 16.90204095840454}, "costs": {"total_cost": 189.7215818540285, "time_cost": 71.855, "final_distance_cost": 1.8264974685922415, "oscillation_cost": 27.346730601232693, "completition_cost": 0.0, "overshoot_cost": 51.400853004264455, "power_cost": 18.41406971435547, "noise_cost": 18.878431065583634, "n_waypoints_completed": 9, "tot_waypoints": 9}}
{"target": -194.46181796116014, "params": {"k_pid_pos": [1.6203022768980826, 0.4373103020731042, 0.8519347702918288], "k_pid_alt": [0.7472032643467716, 0.0, 0.3146878632891922], "k_pid_att": [43.948176657889235, 0.18205753750414305, 0.34464953207076743], "k_pid_yaw": [0.5, 1e-06, 0.1], "k_pid_hsp": [0.09847755819799779, 0.011264223901387349, 0.0], "k_pid_vsp": [251.5004449007475, 93.09285943774285, 10.0]}, "datetime": {"datetime": "2025-08-13 17:36:37", "elapsed": 28126.068710803986, "delta": 18.994323253631592}, "costs": {"total_cost": 194.46181796116014, "time_cost": 78.06400000000001, "final_distance_cost": 1.815220524000418, "oscillation_cost": 29.254269339396206, "completition_cost": 0.0, "overshoot_cost": 51.514541423516874, "power_cost": 13.865764868164064, "noise_cost": 19.948021806082554, "n_waypoints_completed": 9, "tot_waypoints": 9}}
{"target": -238.449840495888, "params": {"k_pid_pos": [1.4340672435785011, 0.5303319676020144, 0.8092599635047751], "k_pid_alt": [0.5447770384028499, 0.41495670262089157, 0.6600607021214705], "k_pid_att": [39.447728079683905, 1.1889791607388933, 0.6559199499296157], "k_pid_yaw": [0.5, 1e-06, 0.1], "k_pid_hsp": [0.09847755819799779, 0.011264223901387349, 0.0], "k_pid_vsp": [376.5747392387296, 93.02116563978787, 10.0]}, "datetime": {"datetime": "2025-08-13 17:37:00", "elapsed": 28148.904891729355, "delta": 22.836180925369263}, "costs": {"total_cost": 238.449840495888, "time_cost": 96.796, "final_distance_cost": 1.7907550708992435, "oscillation_cost": 31.663170346545954, "completition_cost": 0.0, "overshoot_cost": 55.0104371318742, "power_cost": 26.93202136230469, "noise_cost": 26.257456584263938, "n_waypoints_completed": 9, "tot_waypoints": 9}}
{"target": -209.75907902566442, "params": {"k_pid_pos": [1.6203022768980826, 0.07129208892642425, 0.8519347702918288], "k_pid_alt": [1.4458679973838424, 0.0, 0.3123089974307902], "k_pid_att": [43.948176657889235, 0.18205753750414305, 0.34464953207076743], "k_pid_yaw": [0.5, 1e-06, 0.1], "k_pid_hsp": [1.2726116133729626, 0.011264223901387349, 0.0], "k_pid_vsp": [376.5747392387296, 369.48810340511164, 10.0]}, "datetime": {"datetime": "2025-08-13 17:37:18", "elapsed": 28166.332962036133, "delta": 17.428070306777954}, "costs": {"total_cost": 209.75907902566442, "time_cost": 72.97500000000001, "final_distance_cost": 1.8442903949979863, "oscillation_cost": 32.97660738171612, "completition_cost": 0.0, "overshoot_cost": 52.230036299613296, "power_cost": 26.157847363281252, "noise_cost": 23.575297586055747, "n_waypoints_completed": 9, "tot_waypoints": 9}}
{"target": -187.95413758205962, "params": {"k_pid_pos": [1.6203022768980826, 0.024859491386256316, 0.8519347702918288], "k_pid_alt": [1.3959173657108794, 0.0, 0.3146878632891922], "k_pid_att": [43.948176657889235, 0.18205753750414305, 0.34464953207076743], "k_pid_yaw": [0.5, 1e-06, 0.1], "k_pid_hsp": [0.09847755819799779, 0.011264223901387349, 0.0], "k_pid_vsp": [376.5747392387296, 93.09285943774285, 10.0]}, "datetime": {"datetime": "2025-08-13 17:37:35", "elapsed": 28183.21766924858, "delta": 16.88470721244812}, "costs": {"total_cost": 187.95413758205962, "time_cost": 70.637, "final_distance_cost": 1.8408421914470579, "oscillation_cost": 27.904386112119454, "completition_cost": 0.0, "overshoot_cost": 51.69473565623675, "power_cost": 18.035791613769533, "noise_cost": 17.841382008486818, "n_waypoints_completed": 9, "tot_waypoints": 9}}
{"target": -204.60945386513944, "params": {"k_pid_pos": [1.6203022768980826, 0.024859491386256316, 0.8519347702918288], "k_pid_alt": [1.4458679973838424, 0.0, 0.9659895333512928], "k_pid_att": [43.948176657889235, 8.683548648184065, 0.34464953207076743], "k_pid_yaw": [0.5, 1e-06, 0.1], "k_pid_hsp": [3.061197731635527, 0.011264223901387349, 0.0], "k_pid_vsp": [277.2708477836043, 93.09285943774285, 10.0]}, "datetime": {"datetime": "2025-08-13 17:37:52", "elapsed": 28200.889600992203, "delta": 17.671931743621826}, "costs": {"total_cost": 204.60945386513944, "time_cost": 73.297, "final_distance_cost": 1.8487501889842108, "oscillation_cost": 40.294590536485174, "completition_cost": 0.0, "overshoot_cost": 50.44827654689642, "power_cost": 19.216982568359377, "noise_cost": 19.50385402441424, "n_waypoints_completed": 9, "tot_waypoints": 9}}
{"target": -191.67467846173815, "params": {"k_pid_pos": [1.733835489643198, 0.024859491386256316, 0.8519347702918288], "k_pid_alt": [1.4458679973838424, 0.0, 0.3146878632891922], "k_pid_att": [71.45838630927439, 0.18205753750414305, 0.9456905697425194], "k_pid_yaw": [0.5, 1e-06, 0.1], "k_pid_hsp": [0.09847755819799779, 0.011264223901387349, 0.0], "k_pid_vsp": [376.5747392387296, 93.02116563978787, 10.0]}, "datetime": {"datetime": "2025-08-13 17:38:09", "elapsed": 28217.61525630951, "delta": 16.72565531730652}, "costs": {"total_cost": 191.67467846173815, "time_cost": 70.637, "final_distance_cost": 1.814846772055791, "oscillation_cost": 28.064817148181984, "completition_cost": 0.0, "overshoot_cost": 51.622291703900835, "power_cost": 19.7112927734375, "noise_cost": 19.82443006416206, "n_waypoints_completed": 9, "tot_waypoints": 9}}
{"target": -188.9255610146427, "params": {"k_pid_pos": [1.733835489643198, 0.024859491386256316, 0.8519347702918288], "k_pid_alt": [1.7297729984189598, 0.0, 0.3146878632891922], "k_pid_att": [40.6020781270096, 0.18205753750414305, 0.34464953207076743], "k_pid_yaw": [0.5, 1e-06, 0.1], "k_pid_hsp": [0.09847755819799779, 0.011264223901387349, 0.0], "k_pid_vsp": [316.2191682070645, 93.09285943774285, 10.0]}, "datetime": {"datetime": "2025-08-13 17:38:26", "elapsed": 28235.004807710648, "delta": 17.389551401138306}, "costs": {"total_cost": 188.9255610146427, "time_cost": 70.028, "final_distance_cost": 1.8116936502304906, "oscillation_cost": 28.181183755465735, "completition_cost": 0.0, "overshoot_cost": 51.187159061401196, "power_cost": 18.814269592285157, "noise_cost": 18.90325495526015, "n_waypoints_completed": 9, "tot_waypoints": 9}}
{"target": -189.74775850775958, "params": {"k_pid_pos": [1.4340672435785011, 0.024859491386256316, 0.8519347702918288], "k_pid_alt": [1.4458679973838424, 0.0, 0.6600607021214705], "k_pid_att": [39.447728079683905, 3.8677381495188174, 0.6559199499296157], "k_pid_yaw": [0.5, 1e-06, 0.1], "k_pid_hsp": [0.09847755819799779, 0.011264223901387349, 0.0], "k_pid_vsp": [251.5004449007475, 93.09285943774285, 10.0]}, "datetime": {"datetime": "2025-08-13 17:38:44", "elapsed": 28252.34159564972, "delta": 17.336787939071655}, "costs": {"total_cost": 189.74775850775958, "time_cost": 71.869, "final_distance_cost": 1.828903744003545, "oscillation_cost": 27.188235722645718, "completition_cost": 0.0, "overshoot_cost": 51.399562711002595, "power_cost": 18.07099990234375, "noise_cost": 19.391056427764003, "n_waypoints_completed": 9, "tot_waypoints": 9}}
{"target": -191.8853516977422, "params": {"k_pid_pos": [1.9648629373893673, 0.024859491386256316, 0.8092599635047751], "k_pid_alt": [1.7187705538853828, 0.0, 0.6600607021214705], "k_pid_att": [39.447728079683905, 6.806811407577699, 0.6711777735375999], "k_pid_yaw": [0.5, 1e-06, 0.1], "k_pid_hsp": [0.09847755819799779, 0.011264223901387349, 0.0], "k_pid_vsp": [376.5747392387296, 369.48810340511164, 10.0]}, "datetime": {"datetime": "2025-08-13 17:39:01", "elapsed": 28269.41968202591, "delta": 17.078086376190186}, "costs": {"total_cost": 191.8853516977422, "time_cost": 70.392, "final_distance_cost": 1.8084711141979248, "oscillation_cost": 29.92731674985579, "completition_cost": 0.0, "overshoot_cost": 51.223028839926556, "power_cost": 19.465710107421877, "noise_cost": 19.068824886340042, "n_waypoints_completed": 9, "tot_waypoints": 9}}
{"target": -187.41485835193527, "params": {"k_pid_pos": [1.9648629373893673, 0.024859491386256316, 0.8092599635047751], "k_pid_alt": [1.7187705538853828, 0.0, 0.6600607021214705], "k_pid_att": [39.447728079683905, 6.806811407577699, 0.6711777735375999], "k_pid_yaw": [0.5, 1e-06, 0.1], "k_pid_hsp": [0.09847755819799779, 0.011264223901387349, 0.0], "k_pid_vsp": [376.5747392387296, 93.09285943774285, 10.0]}, "datetime": {"datetime": "2025-08-13 17:39:18", "elapsed": 28286.782524108887, "delta": 17.362842082977295}, "costs": {"total_cost": 187.41485835193527, "time_cost": 70.287, "final_distance_cost": 1.7918227051581683, "oscillation_cost": 29.7955496916781, "completition_cost": 0.0, "overshoot_cost": 51.04645150017242, "power_cost": 16.62940438232422, "noise_cost": 17.86463007260236, "n_waypoints_completed": 9, "tot_waypoints": 9}}
{"target": -220.50081618290992, "params": {"k_pid_pos": [1.6203022768980826, 0.8181781159533115, 0.8519347702918288], "k_pid_alt": [1.3959173657108794, 0.0, 0.3146878632891922], "k_pid_att": [43.948176657889235, 0.18205753750414305, 0.34464953207076743], "k_pid_yaw": [0.5, 1e-06, 0.1], "k_pid_hsp": [0.09847755819799779, 0.011264223901387349, 0.0], "k_pid_vsp": [376.5747392387296, 369.48810340511164, 10.0]}, "datetime": {"datetime": "2025-08-13 17:39:38", "elapsed": 28306.743149280548, "delta": 19.960625171661377}, "costs": {"total_cost": 220.50081618290992, "time_cost": 81.76, "final_distance_cost": 1.768735962104118, "oscillation_cost": 32.26045777071239, "completition_cost": 0.0, "overshoot_cost": 54.206318615093736, "power_cost": 27.02022391357422, "noise_cost": 23.485079921425438, "n_waypoints_completed": 9, "tot_waypoints": 9}}
{"target": -217.3454525294623, "params": {"k_pid_pos": [1.4340672435785011, 0.3540910646462311, 0.8519347702918288], "k_pid_alt": [1.4458679973838424, 0.0, 0.6600607021214705], "k_pid_att": [39.447728079683905, 3.8677381495188174, 0.6559199499296157], "k_pid_yaw": [0.5, 1e-06, 0.1], "k_pid_hsp": [6.790862332402999, 0.011264223901387349, 0.0], "k_pid_vsp": [251.5004449007475, 93.09285943774285, 10.0]}, "datetime": {"datetime": "2025-08-13 17:39:56", "elapsed": 28324.615786075592, "delta": 17.872636795043945}, "costs": {"total_cost": 217.3454525294623, "time_cost": 73.374, "final_distance_cost": 1.822793567026245, "oscillation_cost": 53.31653403333096, "completition_cost": 0.0, "overshoot_cost": 50.88815801340106, "power_cost": 18.40888934326172, "noise_cost": 19.535077572442326, "n_waypoints_completed": 9, "tot_waypoints": 9}}
{"target": -184.90077377911814, "params": {"k_pid_pos": [1.4340672435785011, 0.024859491386256316, 0.8519347702918288], "k_pid_alt": [1.4458679973838424, 0.5297830489215293, 0.6600607021214705], "k_pid_att": [39.447728079683905, 3.8677381495188174, 0.6559199499296157], "k_pid_yaw": [0.5, 1e-06, 0.1], "k_pid_hsp": [0.09847755819799779, 0.011264223901387349, 0.0], "k_pid_vsp": [128.61003815237223, 93.09285943774285, 10.0]}, "datetime": {"datetime": "2025-08-13 17:40:14", "elapsed": 28342.743594169617, "delta": 18.127808094024658}, "costs": {"total_cost": 184.90077377911814, "time_cost": 73.675, "final_distance_cost": 1.7729380081424295, "oscillation_cost": 27.92101715301033, "completition_cost": 0.0, "overshoot_cost": 50.89161054843585, "power_cost": 12.182714453125001, "noise_cost": 18.457493616404506, "n_waypoints_completed": 9, "tot_waypoints": 9}}
{"target": -224.50703557627727, "params": {"k_pid_pos": [1.842720344740466, 0.5303319676020144, 0.8092599635047751], "k_pid_alt": [1.7187705538853828, 0.047215641115174845, 0.738746314848921], "k_pid_att": [71.45838630927439, 0.18205753750414305, 0.02289754427358881], "k_pid_yaw": [0.5, 1e-06, 0.1], "k_pid_hsp": [0.09847755819799779, 0.011264223901387349, 0.0], "k_pid_vsp": [277.2708477836043, 93.09285943774285, 10.0]}, "datetime": {"datetime": "2025-08-13 17:40:34", "elapsed": 28362.506494045258, "delta": 19.76289987564087}, "costs": {"total_cost": 224.50703557627727, "time_cost": 82.376, "final_distance_cost": 1.767869356385829, "oscillation_cost": 36.008279035007924, "completition_cost": 0.0, "overshoot_cost": 53.39308105410746, "power_cost": 26.559139709472657, "noise_cost": 24.402666421303426, "n_waypoints_completed": 9, "tot_waypoints": 9}}
