{"target": -2941.270968894357, "params": {"k_pid_pos": [1.8034346552870686, 0.024859491386256316, 0.4878628878866713], "k_pid_alt": [1.4458679973838424, 0.0, 0.3146878632891922], "k_pid_att": [29.46763110571006, 5.67849514865483, 0.6559199499296157], "k_pid_yaw": [0.5, 1e-06, 0.1], "k_pid_hsp": [0.09847755819799779, 0.011264223901387349, 0.0], "k_pid_vsp": [29.96849041048857, 59.083466427248936, 257.1921575581723]}, "datetime": {"datetime": "2025-08-13 20:06:27", "elapsed": 37115.34315228462, "delta": 29.01334023475647}, "costs": {"total_cost": 2941.270968894357, "time_cost": 150, "final_distance_cost": 827.6025622877565, "oscillation_cost": 8.367964688378104, "completition_cost": 888.8888888888888, "overshoot_cost": 989.5420512395852, "power_cost": 29.05991434326172, "noise_cost": 47.80958744648606, "n_waypoints_completed": 1, "tot_waypoints": 9}}
{"target": -186.92735474009731, "params": {"k_pid_pos": [1.8792899704868669, 0.038219275878738745, 0.9752376885840038], "k_pid_alt": [1.477768752937916, 0.00018965351824429266, 0.6600607021214705], "k_pid_att": [32.194164172814396, 2.6889016979653872, 0.6559199499296157], "k_pid_yaw": [0.5, 1e-06, 0.1], "k_pid_hsp": [1.0498148400696388, 0.011264223901387349, 0.0], "k_pid_vsp": [251.5004449007475, 59.083466427248936, 10.0]}, "datetime": {"datetime": "2025-08-13 20:06:44", "elapsed": 37132.51527786255, "delta": 17.172125577926636}, "costs": {"total_cost": 186.92735474009731, "time_cost": 70.924, "final_distance_cost": 1.8446504408954159, "oscillation_cost": 31.59757620565388, "completition_cost": 0.0, "overshoot_cost": 50.27163382360278, "power_cost": 13.13109080810547, "noise_cost": 19.158403461839786, "n_waypoints_completed": 9, "tot_waypoints": 9}}
{"target": -855.6529239864668, "params": {"k_pid_pos": [0.5467413932132553, 0.08087462101852438, 0.704167472379422], "k_pid_alt": [1.477768752937916, 0.00018965351824429266, 0.6600607021214705], "k_pid_att": [32.194164172814396, 2.6889016979653872, 0.6559199499296157], "k_pid_yaw": [0.5, 1e-06, 0.1], "k_pid_hsp": [0.09847755819799779, 0.906465251254105, 0.0], "k_pid_vsp": [251.5004449007475, 59.083466427248936, 10.0]}, "datetime": {"datetime": "2025-08-13 20:07:13", "elapsed": 37161.972029685974, "delta": 29.456751823425293}, "costs": {"total_cost": 855.6529239864668, "time_cost": 150, "final_distance_cost": 71.13887788494914, "oscillation_cost": 152.68809657044608, "completition_cost": 333.33333333333337, "overshoot_cost": 72.73535091080414, "power_cost": 40.06692183837891, "noise_cost": 35.690343448555126, "n_waypoints_completed": 6, "tot_waypoints": 9}}
{"target": -187.16929944409753, "params": {"k_pid_pos": [1.8034346552870686, 0.08087462101852438, 0.704167472379422], "k_pid_alt": [1.477768752937916, 0.00018965351824429266, 0.6600607021214705], "k_pid_att": [32.194164172814396, 2.6889016979653872, 0.6559199499296157], "k_pid_yaw": [0.5, 1e-06, 0.1], "k_pid_hsp": [0.09847755819799779, 0.011264223901387349, 0.0], "k_pid_vsp": [174.90950217371815, 59.083466427248936, 10.0]}, "datetime": {"datetime": "2025-08-13 20:07:30", "elapsed": 37178.681769132614, "delta": 16.709739446640015}, "costs": {"total_cost": 187.16929944409753, "time_cost": 70.854, "final_distance_cost": 1.808435124793793, "oscillation_cost": 29.404612120444796, "completition_cost": 0.0, "overshoot_cost": 50.98867411028348, "power_cost": 15.687465478515625, "noise_cost": 18.42611261005986, "n_waypoints_completed": 9, "tot_waypoints": 9}}
{"target": -340.6669370604148, "params": {"k_pid_pos": [1.9633392782387096, 0.10920718465865398, 0.3936288181756814], "k_pid_alt": [1.4458679973838424, 0.0, 0.9777221835916994], "k_pid_att": [32.194164172814396, 2.6889016979653872, 0.6559199499296157], "k_pid_yaw": [0.5, 1e-06, 0.1], "k_pid_hsp": [0.09847755819799779, 0.30538356757589824, 0.0], "k_pid_vsp": [251.5004449007475, 59.083466427248936, 10.0]}, "datetime": {"datetime": "2025-08-13 20:07:57", "elapsed": 37205.92681002617, "delta": 27.245040893554688}, "costs": {"total_cost": 340.6669370604148, "time_cost": 110.551, "final_distance_cost": 1.783773658938034, "oscillation_cost": 112.91627542069452, "completition_cost": 0.0, "overshoot_cost": 64.21886758815783, "power_cost": 19.858482714843753, "noise_cost": 31.338537677780685, "n_waypoints_completed": 9, "tot_waypoints": 9}}
{"target": -199.43183260594984, "params": {"k_pid_pos": [1.8034346552870686, 0.08087462101852438, 0.704167472379422], "k_pid_alt": [1.477768752937916, 0.00018965351824429266, 0.18690953747986971], "k_pid_att": [29.46763110571006, 1.1659524805595562, 0.6559199499296157], "k_pid_yaw": [0.5, 1e-06, 0.1], "k_pid_hsp": [4.854323649447895, 0.011264223901387349, 0.0], "k_pid_vsp": [29.96849041048857, 177.05332331509413, 10.0]}, "datetime": {"datetime": "2025-08-13 20:08:14", "elapsed": 37222.36783194542, "delta": 16.44102191925049}, "costs": {"total_cost": 199.43183260594984, "time_cost": 69.37, "final_distance_cost": 1.828095055162689, "oscillation_cost": 41.47638362166222, "completition_cost": 0.0, "overshoot_cost": 50.39040952815165, "power_cost": 17.81203641357422, "noise_cost": 18.55490798739906, "n_waypoints_completed": 9, "tot_waypoints": 9}}
{"target": -206.34507476754055, "params": {"k_pid_pos": [1.8792899704868669, 0.024859491386256316, 0.9451257094832697], "k_pid_alt": [1.4458679973838424, 0.8435469027637317, 0.02282466901291924], "k_pid_att": [54.807753786811375, 8.491440198406547, 0.3297423310025197], "k_pid_yaw": [0.5, 1e-06, 0.1], "k_pid_hsp": [0.09847755819799779, 0.011264223901387349, 0.0], "k_pid_vsp": [29.96849041048857, 59.083466427248936, 10.0]}, "datetime": {"datetime": "2025-08-13 20:08:34", "elapsed": 37242.23428273201, "delta": 19.866450786590576}, "costs": {"total_cost": 206.34507476754055, "time_cost": 79.884, "final_distance_cost": 1.776089869505739, "oscillation_cost": 30.23561270070791, "completition_cost": 0.0, "overshoot_cost": 54.33835296492786, "power_cost": 19.511916064453125, "noise_cost": 20.599103167945934, "n_waypoints_completed": 9, "tot_waypoints": 9}}
{"target": -1460.6663946438166, "params": {"k_pid_pos": [1.8792899704868669, 0.024859491386256316, 0.9451257094832697], "k_pid_alt": [1.4458679973838424, 0.0, 0.3146878632891922], "k_pid_att": [29.46763110571006, 5.67849514865483, 0.6559199499296157], "k_pid_yaw": [0.5, 1e-06, 0.1], "k_pid_hsp": [0.09847755819799779, 0.011264223901387349, 0.0], "k_pid_vsp": [29.96849041048857, 220.49899307650495, 355.3689317787297]}, "datetime": {"datetime": "2025-08-13 20:09:03", "elapsed": 37271.50890660286, "delta": 29.27462387084961}, "costs": {"total_cost": 1460.6663946438166, "time_cost": 150, "final_distance_cost": 1.0009808108197626, "oscillation_cost": 4.02253055159025, "completition_cost": 1000.0, "overshoot_cost": 162.95619836178926, "power_cost": 29.211305224609376, "noise_cost": 113.47537969500796, "n_waypoints_completed": 0, "tot_waypoints": 9}}
{"target": -191.2286461037111, "params": {"k_pid_pos": [1.5164821318119608, 0.024859491386256316, 0.704167472379422], "k_pid_alt": [1.477768752937916, 0.00018965351824429266, 0.6600607021214705], "k_pid_att": [25.997073188089082, 2.6889016979653872, 0.08105699149151435], "k_pid_yaw": [0.5, 1e-06, 0.1], "k_pid_hsp": [0.09847755819799779, 0.011264223901387349, 0.0], "k_pid_vsp": [251.5004449007475, 59.083466427248936, 19.905301600864938]}, "datetime": {"datetime": "2025-08-13 20:09:21", "elapsed": 37289.228951931, "delta": 17.72004532814026}, "costs": {"total_cost": 191.2286461037111, "time_cost": 71.526, "final_distance_cost": 1.8221053681399362, "oscillation_cost": 28.90846124980255, "completition_cost": 0.0, "overshoot_cost": 51.78277749537097, "power_cost": 18.872701293945312, "noise_cost": 18.316600696452365, "n_waypoints_completed": 9, "tot_waypoints": 9}}
{"target": -216.23443785355977, "params": {"k_pid_pos": [1.8792899704868669, 0.024859491386256316, 0.9451257094832697], "k_pid_alt": [1.4458679973838424, 0.8435469027637317, 0.3146878632891922], "k_pid_att": [54.807753786811375, 8.491440198406547, 0.3297423310025197], "k_pid_yaw": [0.5, 1e-06, 0.1], "k_pid_hsp": [0.09847755819799779, 0.011264223901387349, 0.0], "k_pid_vsp": [29.96849041048857, 220.49899307650495, 10.0]}, "datetime": {"datetime": "2025-08-13 20:09:40", "elapsed": 37308.5476770401, "delta": 19.318725109100342}, "costs": {"total_cost": 216.23443785355977, "time_cost": 80.836, "final_distance_cost": 1.7772920107994328, "oscillation_cost": 32.905508617270726, "completition_cost": 0.0, "overshoot_cost": 53.91656643761684, "power_cost": 24.41946806640625, "noise_cost": 22.379602721466554, "n_waypoints_completed": 9, "tot_waypoints": 9}}
{"target": -194.79231091080004, "params": {"k_pid_pos": [1.8034346552870686, 0.08087462101852438, 0.9451257094832697], "k_pid_alt": [1.4458679973838424, 0.0, 0.3146878632891922], "k_pid_att": [29.46763110571006, 5.67849514865483, 0.6559199499296157], "k_pid_yaw": [0.5, 1e-06, 0.1], "k_pid_hsp": [0.09847755819799779, 0.011264223901387349, 0.0], "k_pid_vsp": [29.96849041048857, 59.083466427248936, 10.0]}, "datetime": {"datetime": "2025-08-13 20:09:58", "elapsed": 37326.51533961296, "delta": 17.967662572860718}, "costs": {"total_cost": 194.79231091080004, "time_cost": 71.211, "final_distance_cost": 1.8210695117518092, "oscillation_cost": 27.022775062421307, "completition_cost": 0.0, "overshoot_cost": 52.42866714224728, "power_cost": 21.44762672119141, "noise_cost": 20.861172473188233, "n_waypoints_completed": 9, "tot_waypoints": 9}}
{"target": -192.50359412730234, "params": {"k_pid_pos": [1.8792899704868669, 0.024859491386256316, 0.704167472379422], "k_pid_alt": [1.477768752937916, 0.00018965351824429266, 0.6600607021214705], "k_pid_att": [32.194164172814396, 2.6889016979653872, 0.6559199499296157], "k_pid_yaw": [0.5, 1e-06, 0.1], "k_pid_hsp": [0.09847755819799779, 0.011264223901387349, 0.0], "k_pid_vsp": [251.5004449007475, 59.083466427248936, 10.0]}, "datetime": {"datetime": "2025-08-13 20:10:16", "elapsed": 37344.63864016533, "delta": 18.123300552368164}, "costs": {"total_cost": 192.50359412730234, "time_cost": 71.134, "final_distance_cost": 1.795571325693552, "oscillation_cost": 29.805604084312456, "completition_cost": 0.0, "overshoot_cost": 51.717483437217595, "power_cost": 19.22107272949219, "noise_cost": 18.82986255058653, "n_waypoints_completed": 9, "tot_waypoints": 9}}
{"target": -1136.8741534010373, "params": {"k_pid_pos": [1.733835489643198, 0.024859491386256316, 0.9451257094832697], "k_pid_alt": [1.4458679973838424, 0.028806210149256217, 0.3146878632891922], "k_pid_att": [29.46763110571006, 5.6580295118978245, 0.9623745068707039], "k_pid_yaw": [0.5, 1e-06, 0.1], "k_pid_hsp": [0.09847755819799779, 0.011264223901387349, 0.0], "k_pid_vsp": [387.1470188825909, 59.083466427248936, 355.21208825604106]}, "datetime": {"datetime": "2025-08-13 20:10:45", "elapsed": 37373.312886953354, "delta": 28.674246788024902}, "costs": {"total_cost": 1136.8741534010373, "time_cost": 150, "final_distance_cost": 92.607011571709, "oscillation_cost": 12.280600361404987, "completition_cost": 666.6666666666667, "overshoot_cost": 150.38269235005157, "power_cost": 28.49467517089844, "noise_cost": 36.44250728030651, "n_waypoints_completed": 3, "tot_waypoints": 9}}
{"target": -191.60927670083947, "params": {"k_pid_pos": [1.733835489643198, 0.024859491386256316, 0.43763450288146144], "k_pid_alt": [1.4458679973838424, 0.028806210149256217, 0.3146878632891922], "k_pid_att": [29.46763110571006, 5.6580295118978245, 0.9623745068707039], "k_pid_yaw": [0.5, 1e-06, 0.1], "k_pid_hsp": [0.09847755819799779, 0.011264223901387349, 0.0], "k_pid_vsp": [387.1470188825909, 59.083466427248936, 10.0]}, "datetime": {"datetime": "2025-08-13 20:11:02", "elapsed": 37390.38682389259, "delta": 17.073936939239502}, "costs": {"total_cost": 191.60927670083947, "time_cost": 70.357, "final_distance_cost": 1.8077326726825889, "oscillation_cost": 30.694918706509345, "completition_cost": 0.0, "overshoot_cost": 51.536406169778076, "power_cost": 18.42032742919922, "noise_cost": 18.79289172267023, "n_waypoints_completed": 9, "tot_waypoints": 9}}
{"target": -192.2457454944263, "params": {"k_pid_pos": [0.9943435690872942, 0.024859491386256316, 0.5451532445046304], "k_pid_alt": [1.4458679973838424, 0.0, 0.15791560522360282], "k_pid_att": [83.24205936752172, 1.3487538446628486, 0.6559199499296157], "k_pid_yaw": [0.5, 1e-06, 0.1], "k_pid_hsp": [0.09847755819799779, 0.041997352724737036, 0.0], "k_pid_vsp": [33.09370770872002, 44.88092472225945, 10.0]}, "datetime": {"datetime": "2025-08-13 20:11:20", "elapsed": 37408.13936877251, "delta": 17.75254487991333}, "costs": {"total_cost": 192.2457454944263, "time_cost": 74.781, "final_distance_cost": 1.859649638543168, "oscillation_cost": 30.261737417949426, "completition_cost": 0.0, "overshoot_cost": 50.76103971062943, "power_cost": 13.523659460449219, "noise_cost": 21.058659266855052, "n_waypoints_completed": 9, "tot_waypoints": 9}}
{"target": -190.43906729910879, "params": {"k_pid_pos": [1.733835489643198, 0.024859491386256316, 0.6354931049670316], "k_pid_alt": [1.4458679973838424, 0.028806210149256217, 0.3146878632891922], "k_pid_att": [29.46763110571006, 5.6580295118978245, 0.9623745068707039], "k_pid_yaw": [0.5, 1e-06, 0.1], "k_pid_hsp": [0.09847755819799779, 0.011264223901387349, 0.0], "k_pid_vsp": [387.1470188825909, 59.083466427248936, 10.0]}, "datetime": {"datetime": "2025-08-13 20:11:36", "elapsed": 37424.85998630524, "delta": 16.720617532730103}, "costs": {"total_cost": 190.43906729910879, "time_cost": 70.238, "final_distance_cost": 1.8295280356566934, "oscillation_cost": 29.259217483743544, "completition_cost": 0.0, "overshoot_cost": 51.52241426491612, "power_cost": 18.912629516601562, "noise_cost": 18.677277998190867, "n_waypoints_completed": 9, "tot_waypoints": 9}}
{"target": -202.95427408847902, "params": {"k_pid_pos": [1.733835489643198, 0.024859491386256316, 0.9451257094832697], "k_pid_alt": [1.477768752937916, 0.00018965351824429266, 0.6600607021214705], "k_pid_att": [32.194164172814396, 2.6889016979653872, 0.4365886483026923], "k_pid_yaw": [0.5, 1e-06, 0.1], "k_pid_hsp": [4.621073833533259, 0.011264223901387349, 0.0], "k_pid_vsp": [251.5004449007475, 59.083466427248936, 10.0]}, "datetime": {"datetime": "2025-08-13 20:11:54", "elapsed": 37442.385004520416, "delta": 17.525018215179443}, "costs": {"total_cost": 202.95427408847902, "time_cost": 71.743, "final_distance_cost": 1.847901510323903, "oscillation_cost": 43.782231527217164, "completition_cost": 0.0, "overshoot_cost": 50.2723351593432, "power_cost": 16.659298059082033, "noise_cost": 18.64950783251271, "n_waypoints_completed": 9, "tot_waypoints": 9}}
{"target": -188.7012703972169, "params": {"k_pid_pos": [1.8792899704868669, 0.038219275878738745, 0.9752376885840038], "k_pid_alt": [1.5786606064986153, 0.0, 0.472941922472217], "k_pid_att": [29.46763110571006, 5.6580295118978245, 0.9623745068707039], "k_pid_yaw": [0.5, 1e-06, 0.1], "k_pid_hsp": [0.09847755819799779, 0.011264223901387349, 0.0], "k_pid_vsp": [387.1470188825909, 59.083466427248936, 10.0]}, "datetime": {"datetime": "2025-08-13 20:12:10", "elapsed": 37458.826127290726, "delta": 16.44112277030945}, "costs": {"total_cost": 188.7012703972169, "time_cost": 70.672, "final_distance_cost": 1.8285126406122978, "oscillation_cost": 28.497294915658507, "completition_cost": 0.0, "overshoot_cost": 51.238668462578566, "power_cost": 18.289720190429687, "noise_cost": 18.17507418793784, "n_waypoints_completed": 9, "tot_waypoints": 9}}
{"target": -189.36638177601253, "params": {"k_pid_pos": [1.8792899704868669, 0.038219275878738745, 0.9752376885840038], "k_pid_alt": [1.4458679973838424, 0.0, 0.3146878632891922], "k_pid_att": [29.46763110571006, 5.67849514865483, 0.6559199499296157], "k_pid_yaw": [0.5, 1e-06, 0.1], "k_pid_hsp": [0.09847755819799779, 0.011264223901387349, 0.0], "k_pid_vsp": [29.96849041048857, 59.083466427248936, 10.0]}, "datetime": {"datetime": "2025-08-13 20:12:27", "elapsed": 37475.71221590042, "delta": 16.886088609695435}, "costs": {"total_cost": 189.36638177601253, "time_cost": 70.343, "final_distance_cost": 1.8140814617840841, "oscillation_cost": 27.585739459944552, "completition_cost": 0.0, "overshoot_cost": 50.98686383036714, "power_cost": 19.291495251464845, "noise_cost": 19.345201772451887, "n_waypoints_completed": 9, "tot_waypoints": 9}}
{"target": -188.56521489932157, "params": {"k_pid_pos": [1.5164821318119608, 0.024859491386256316, 0.704167472379422], "k_pid_alt": [1.477768752937916, 0.00018965351824429266, 0.6600607021214705], "k_pid_att": [32.194164172814396, 2.6889016979653872, 0.6559199499296157], "k_pid_yaw": [0.5, 1e-06, 0.1], "k_pid_hsp": [0.09847755819799779, 0.011264223901387349, 0.0], "k_pid_vsp": [264.57255645423925, 59.083466427248936, 10.0]}, "datetime": {"datetime": "2025-08-13 20:12:44", "elapsed": 37492.214609622955, "delta": 16.50239372253418}, "costs": {"total_cost": 188.56521489932157, "time_cost": 71.253, "final_distance_cost": 1.8153680418149745, "oscillation_cost": 28.207654534584123, "completition_cost": 0.0, "overshoot_cost": 51.10325051421056, "power_cost": 17.684186926269533, "noise_cost": 18.50175488244236, "n_waypoints_completed": 9, "tot_waypoints": 9}}
{"target": -221.04110998934024, "params": {"k_pid_pos": [1.733835489643198, 0.08087462101852438, 0.704167472379422], "k_pid_alt": [1.5344120537351553, 0.00018965351824429266, 0.45660459018404764], "k_pid_att": [32.194164172814396, 2.6889016979653872, 0.6559199499296157], "k_pid_yaw": [0.5, 1e-06, 0.1], "k_pid_hsp": [0.09847755819799779, 0.011264223901387349, 0.02241598606202988], "k_pid_vsp": [174.90950217371815, 59.083466427248936, 10.0]}, "datetime": {"datetime": "2025-08-13 20:13:02", "elapsed": 37510.83643054962, "delta": 18.62182092666626}, "costs": {"total_cost": 221.04110998934024, "time_cost": 76.31400000000001, "final_distance_cost": 1.7932611703257377, "oscillation_cost": 54.96082428345616, "completition_cost": 0.0, "overshoot_cost": 52.25662145038927, "power_cost": 15.3639560546875, "noise_cost": 20.352447030481567, "n_waypoints_completed": 9, "tot_waypoints": 9}}
{"target": -187.8858875696214, "params": {"k_pid_pos": [1.8034346552870686, 0.024859491386256316, 0.6354931049670316], "k_pid_alt": [1.4458679973838424, 0.028806210149256217, 0.3146878632891922], "k_pid_att": [29.46763110571006, 5.6580295118978245, 0.9623745068707039], "k_pid_yaw": [0.5, 1e-06, 0.1], "k_pid_hsp": [0.09847755819799779, 0.011264223901387349, 0.0], "k_pid_vsp": [387.1470188825909, 59.083466427248936, 10.0]}, "datetime": {"datetime": "2025-08-13 20:13:20", "elapsed": 37528.57445549965, "delta": 17.738024950027466}, "costs": {"total_cost": 187.8858875696214, "time_cost": 70.245, "final_distance_cost": 1.7967203245481123, "oscillation_cost": 29.809302804835873, "completition_cost": 0.0, "overshoot_cost": 51.51050909223719, "power_cost": 17.300629846191406, "noise_cost": 17.223725501808783, "n_waypoints_completed": 9, "tot_waypoints": 9}}
{"target": -1281.544278942937, "params": {"k_pid_pos": [1.8792899704868669, 0.038219275878738745, 0.9752376885840038], "k_pid_alt": [1.477768752937916, 0.00018965351824429266, 0.6600607021214705], "k_pid_att": [32.194164172814396, 2.6889016979653872, 0.6559199499296157], "k_pid_yaw": [0.5, 1e-06, 0.1], "k_pid_hsp": [0.09847755819799779, 0.011264223901387349, 0.0], "k_pid_vsp": [264.57255645423925, 59.083466427248936, 131.41505140227758]}, "datetime": {"datetime": "2025-08-13 20:13:50", "elapsed": 37558.67465662956, "delta": 30.10020112991333}, "costs": {"total_cost": 1281.544278942937, "time_cost": 150, "final_distance_cost": 43.743034774010596, "oscillation_cost": 4.203912750464902, "completition_cost": 1000.0, "overshoot_cost": 23.576317910560302, "power_cost": 31.308508593750002, "noise_cost": 28.712504914151182, "n_waypoints_completed": 0, "tot_waypoints": 9}}
{"target": -190.67686264433456, "params": {"k_pid_pos": [1.5164821318119608, 0.24048525617886174, 0.704167472379422], "k_pid_alt": [1.477768752937916, 0.00018965351824429266, 0.6600607021214705], "k_pid_att": [32.194164172814396, 2.6889016979653872, 0.6559199499296157], "k_pid_yaw": [0.5, 1e-06, 0.1], "k_pid_hsp": [1.0498148400696388, 0.011264223901387349, 0.0], "k_pid_vsp": [251.5004449007475, 59.083466427248936, 10.0]}, "datetime": {"datetime": "2025-08-13 20:14:10", "elapsed": 37578.44045519829, "delta": 19.765798568725586}, "costs": {"total_cost": 190.67686264433456, "time_cost": 71.834, "final_distance_cost": 1.840705054667913, "oscillation_cost": 31.375346147716286, "completition_cost": 0.0, "overshoot_cost": 51.0516631859412, "power_cost": 16.020332397460937, "noise_cost": 18.554815858548217, "n_waypoints_completed": 9, "tot_waypoints": 9}}
{"target": -201.2977658032917, "params": {"k_pid_pos": [1.733835489643198, 0.024859491386256316, 0.9451257094832697], "k_pid_alt": [1.4458679973838424, 0.028806210149256217, 0.3146878632891922], "k_pid_att": [11.329609997636037, 6.043751783864618, 0.9623745068707039], "k_pid_yaw": [0.5, 1e-06, 0.1], "k_pid_hsp": [0.09847755819799779, 0.011264223901387349, 0.0], "k_pid_vsp": [387.1470188825909, 59.083466427248936, 10.0]}, "datetime": {"datetime": "2025-08-13 20:14:30", "elapsed": 37598.82346320152, "delta": 20.383008003234863}, "costs": {"total_cost": 201.2977658032917, "time_cost": 71.34400000000001, "final_distance_cost": 1.800318013639184, "oscillation_cost": 30.51552001927729, "completition_cost": 0.0, "overshoot_cost": 52.24504577291706, "power_cost": 23.966597778320313, "noise_cost": 21.426284219137848, "n_waypoints_completed": 9, "tot_waypoints": 9}}
