{"target": -188.02814254561423, "params": {"k_pid_pos": [1.733835489643198, 0.024859491386256316, 0.9451257094832697], "k_pid_alt": [1.5786606064986153, 0.0, 0.03027788721554503], "k_pid_att": [23.08752834258585, 4.077532668255645, 0.261380462049589], "k_pid_yaw": [0.5, 1e-06, 0.1], "k_pid_hsp": [0.17225665165883555, 0.011264223901387349, 0.0], "k_pid_vsp": [237.37114527084637, 57.93155354082285, 10.0]}, "datetime": {"datetime": "2025-08-13 23:33:44", "elapsed": 49552.82901453972, "delta": 19.911239862442017}, "costs": {"total_cost": 188.02814254561423, "time_cost": 70.343, "final_distance_cost": 1.8375807809925058, "oscillation_cost": 27.883241620954063, "completition_cost": 0.0, "overshoot_cost": 51.03810950379194, "power_cost": 18.309435021972657, "noise_cost": 18.616775617903038, "n_waypoints_completed": 9, "tot_waypoints": 9}}
{"target": -1494.8599887054036, "params": {"k_pid_pos": [1.733835489643198, 0.26626295871360073, 0.9451257094832697], "k_pid_alt": [1.5786606064986153, 0.0, 0.23086984934879706], "k_pid_att": [23.08752834258585, 4.077532668255645, 0.261380462049589], "k_pid_yaw": [0.5, 1e-06, 0.1], "k_pid_hsp": [0.17225665165883555, 0.011264223901387349, 0.0], "k_pid_vsp": [237.37114527084637, 57.93155354082285, 344.2278661105134]}, "datetime": {"datetime": "2025-08-13 23:34:14", "elapsed": 49583.029489040375, "delta": 30.200474500656128}, "costs": {"total_cost": 1494.8599887054036, "time_cost": 150, "final_distance_cost": 183.65322339658198, "oscillation_cost": 11.103047304234652, "completition_cost": 888.8888888888888, "overshoot_cost": 208.9821654704683, "power_cost": 25.596404040527347, "noise_cost": 26.63625960470218, "n_waypoints_completed": 1, "tot_waypoints": 9}}
{"target": -195.26940659819763, "params": {"k_pid_pos": [1.733835489643198, 0.024859491386256316, 0.9451257094832697], "k_pid_alt": [1.5786606064986153, 0.0, 0.23086984934879706], "k_pid_att": [23.08752834258585, 4.077532668255645, 0.261380462049589], "k_pid_yaw": [0.5, 1e-06, 0.1], "k_pid_hsp": [0.17225665165883555, 0.011264223901387349, 0.0], "k_pid_vsp": [237.37114527084637, 57.93155354082285, 10.0]}, "datetime": {"datetime": "2025-08-13 23:34:33", "elapsed": 49601.091785907745, "delta": 18.062296867370605}, "costs": {"total_cost": 195.26940659819763, "time_cost": 70.49, "final_distance_cost": 1.8474470070009865, "oscillation_cost": 27.90176473586296, "completition_cost": 0.0, "overshoot_cost": 50.98661013222652, "power_cost": 22.612415673828124, "noise_cost": 21.431169049279045, "n_waypoints_completed": 9, "tot_waypoints": 9}}
{"target": -186.04523022317818, "params": {"k_pid_pos": [1.733835489643198, 0.024859491386256316, 0.9451257094832697], "k_pid_alt": [1.5786606064986153, 0.0, 0.23086984934879706], "k_pid_att": [23.08752834258585, 4.077532668255645, 0.261380462049589], "k_pid_yaw": [0.5, 1e-06, 0.1], "k_pid_hsp": [0.17225665165883555, 0.032377942493985734, 0.0], "k_pid_vsp": [237.37114527084637, 57.93155354082285, 10.0]}, "datetime": {"datetime": "2025-08-13 23:34:51", "elapsed": 49619.50873064995, "delta": 18.41694474220276}, "costs": {"total_cost": 186.04523022317818, "time_cost": 69.685, "final_distance_cost": 1.8466771803794475, "oscillation_cost": 29.756979750970114, "completition_cost": 0.0, "overshoot_cost": 50.49893078535398, "power_cost": 15.90591854248047, "noise_cost": 18.351723963994164, "n_waypoints_completed": 9, "tot_waypoints": 9}}
{"target": -190.03610410395137, "params": {"k_pid_pos": [1.733835489643198, 0.024859491386256316, 0.9451257094832697], "k_pid_alt": [1.5786606064986153, 0.0, 0.23086984934879706], "k_pid_att": [23.08752834258585, 4.077532668255645, 0.261380462049589], "k_pid_yaw": [0.5, 1e-06, 0.1], "k_pid_hsp": [1.380453583829348, 0.032377942493985734, 0.0], "k_pid_vsp": [237.37114527084637, 57.93155354082285, 10.0]}, "datetime": {"datetime": "2025-08-13 23:35:08", "elapsed": 49636.4357380867, "delta": 16.92700743675232}, "costs": {"total_cost": 190.03610410395137, "time_cost": 70.245, "final_distance_cost": 1.8448430999302232, "oscillation_cost": 34.065192274914914, "completition_cost": 0.0, "overshoot_cost": 50.45953644963261, "power_cost": 14.23009091796875, "noise_cost": 19.191441361504864, "n_waypoints_completed": 9, "tot_waypoints": 9}}
{"target": -188.9054058091028, "params": {"k_pid_pos": [1.733835489643198, 0.024859491386256316, 0.9451257094832697], "k_pid_alt": [1.5786606064986153, 0.0, 0.23086984934879706], "k_pid_att": [23.08752834258585, 4.077532668255645, 0.261380462049589], "k_pid_yaw": [0.5, 1e-06, 0.1], "k_pid_hsp": [0.17225665165883555, 0.011264223901387349, 0.0], "k_pid_vsp": [237.37114527084637, 57.93155354082285, 10.0]}, "datetime": {"datetime": "2025-08-13 23:35:27", "elapsed": 49656.02221870422, "delta": 19.586480617523193}, "costs": {"total_cost": 188.9054058091028, "time_cost": 70.021, "final_distance_cost": 1.8424645077403636, "oscillation_cost": 28.553142838248217, "completition_cost": 0.0, "overshoot_cost": 50.72649754631165, "power_cost": 18.655847387695314, "noise_cost": 19.106453529107256, "n_waypoints_completed": 9, "tot_waypoints": 9}}
{"target": -1001.4817966897417, "params": {"k_pid_pos": [1.733835489643198, 0.024859491386256316, 0.416330797462678], "k_pid_alt": [0.9997830193370283, 0.0, 0.74340065784831], "k_pid_att": [93.20553315477635, 7.347914484943822, 0.680058006373419], "k_pid_yaw": [0.5, 1e-06, 0.1], "k_pid_hsp": [0.09847755819799779, 0.639270375506938, 0.0], "k_pid_vsp": [62.17525342689419, 57.93155354082285, 10.0]}, "datetime": {"datetime": "2025-08-13 23:35:57", "elapsed": 49685.91140913963, "delta": 29.889190435409546}, "costs": {"total_cost": 1001.4817966897417, "time_cost": 150, "final_distance_cost": 43.23189139640099, "oscillation_cost": 125.60535461398963, "completition_cost": 555.5555555555555, "overshoot_cost": 63.14528161547961, "power_cost": 29.637797705078125, "noise_cost": 34.30591580323775, "n_waypoints_completed": 4, "tot_waypoints": 9}}
{"target": -191.64699078533255, "params": {"k_pid_pos": [1.1837130645794225, 0.024859491386256316, 0.42495672118777295], "k_pid_alt": [1.152369602102883, 0.510422947647645, 0.5780287087253008], "k_pid_att": [25.06356558820614, 2.8711836120640575, 0.680058006373419], "k_pid_yaw": [0.5, 1e-06, 0.1], "k_pid_hsp": [0.09847755819799779, 0.011264223901387349, 0.0], "k_pid_vsp": [305.67975269326223, 130.53254854158118, 10.0]}, "datetime": {"datetime": "2025-08-13 23:36:15", "elapsed": 49703.90066432953, "delta": 17.98925518989563}, "costs": {"total_cost": 191.64699078533255, "time_cost": 75.026, "final_distance_cost": 1.809430485269663, "oscillation_cost": 28.25553692637043, "completition_cost": 0.0, "overshoot_cost": 51.54563516978361, "power_cost": 17.618026879882812, "noise_cost": 17.39236132402603, "n_waypoints_completed": 9, "tot_waypoints": 9}}
{"target": -559.6613876064338, "params": {"k_pid_pos": [0.20220650108004948, 0.024859491386256316, 0.416330797462678], "k_pid_alt": [1.85112020821355, 0.0, 0.8208956917783976], "k_pid_att": [18.808039200177152, 1.6793952317322878, 0.680058006373419], "k_pid_yaw": [0.5, 1e-06, 0.1], "k_pid_hsp": [0.09847755819799779, 0.011264223901387349, 0.0], "k_pid_vsp": [237.37114527084637, 57.93155354082285, 10.0]}, "datetime": {"datetime": "2025-08-13 23:36:45", "elapsed": 49734.04009747505, "delta": 30.13943314552307}, "costs": {"total_cost": 559.6613876064338, "time_cost": 150, "final_distance_cost": 67.4887146801708, "oscillation_cost": 10.466080296317099, "completition_cost": 222.2222222222222, "overshoot_cost": 55.708560573453234, "power_cost": 27.45358846435547, "noise_cost": 26.322221369914917, "n_waypoints_completed": 7, "tot_waypoints": 9}}
{"target": -288.34167825199216, "params": {"k_pid_pos": [1.733835489643198, 0.024859491386256316, 0.9451257094832697], "k_pid_alt": [1.5786606064986153, 0.0, 0.23086984934879706], "k_pid_att": [23.08752834258585, 4.077532668255645, 0.261380462049589], "k_pid_yaw": [0.5, 1e-06, 0.1], "k_pid_hsp": [0.17225665165883555, 0.5904477871505759, 0.0], "k_pid_vsp": [305.67975269326223, 20.252314050740118, 10.0]}, "datetime": {"datetime": "2025-08-13 23:37:07", "elapsed": 49755.56663823128, "delta": 21.526540756225586}, "costs": {"total_cost": 288.34167825199216, "time_cost": 83.776, "final_distance_cost": 1.8411214150378656, "oscillation_cost": 102.00968858479949, "completition_cost": 0.0, "overshoot_cost": 55.23261252609353, "power_cost": 20.172803649902345, "noise_cost": 25.309452076158973, "n_waypoints_completed": 9, "tot_waypoints": 9}}
{"target": -191.49699049047308, "params": {"k_pid_pos": [1.733835489643198, 0.024859491386256316, 0.9451257094832697], "k_pid_alt": [1.5786606064986153, 0.0, 0.23086984934879706], "k_pid_att": [23.08752834258585, 4.077532668255645, 0.261380462049589], "k_pid_yaw": [0.5, 1e-06, 0.1], "k_pid_hsp": [0.17225665165883555, 0.032377942493985734, 0.0], "k_pid_vsp": [237.37114527084637, 57.93155354082285, 10.0]}, "datetime": {"datetime": "2025-08-13 23:37:23", "elapsed": 49772.04256439209, "delta": 16.475926160812378}, "costs": {"total_cost": 191.49699049047308, "time_cost": 70.63, "final_distance_cost": 1.8444178309380541, "oscillation_cost": 29.102640263155177, "completition_cost": 0.0, "overshoot_cost": 50.637742923908235, "power_cost": 19.65469040527344, "noise_cost": 19.627499067198173, "n_waypoints_completed": 9, "tot_waypoints": 9}}
{"target": -1458.5423027192726, "params": {"k_pid_pos": [1.1837130645794225, 0.024859491386256316, 0.416330797462678], "k_pid_alt": [1.5786606064986153, 0.0, 0.25938735764965193], "k_pid_att": [11.329609997636037, 9.558220849338536, 0.261380462049589], "k_pid_yaw": [0.5, 1e-06, 0.1], "k_pid_hsp": [0.17225665165883555, 0.011264223901387349, 0.0], "k_pid_vsp": [45.71204711072294, 127.91747472228406, 216.498158482474]}, "datetime": {"datetime": "2025-08-13 23:37:54", "elapsed": 49802.82382559776, "delta": 30.781261205673218}, "costs": {"total_cost": 1458.5423027192726, "time_cost": 150, "final_distance_cost": 1.0002386213523236, "oscillation_cost": 3.8527154884802512, "completition_cost": 1000.0, "overshoot_cost": 162.76103100835027, "power_cost": 29.20104285888672, "noise_cost": 111.72727474220295, "n_waypoints_completed": 0, "tot_waypoints": 9}}
{"target": -238.26108775958903, "params": {"k_pid_pos": [1.733835489643198, 0.024859491386256316, 0.9451257094832697], "k_pid_alt": [1.5786606064986153, 0.0, 0.23086984934879706], "k_pid_att": [23.08752834258585, 4.077532668255645, 0.261380462049589], "k_pid_yaw": [0.5, 1e-06, 0.1], "k_pid_hsp": [7.526622201336775, 0.011264223901387349, 0.0], "k_pid_vsp": [237.37114527084637, 57.93155354082285, 10.0]}, "datetime": {"datetime": "2025-08-13 23:38:13", "elapsed": 49821.52435088158, "delta": 18.700525283813477}, "costs": {"total_cost": 238.26108775958903, "time_cost": 70.973, "final_distance_cost": 1.8442194693892564, "oscillation_cost": 76.46918129829459, "completition_cost": 0.0, "overshoot_cost": 50.41290107963556, "power_cost": 18.68321258544922, "noise_cost": 19.87857332682041, "n_waypoints_completed": 9, "tot_waypoints": 9}}
{"target": -236.00603946978256, "params": {"k_pid_pos": [1.733835489643198, 0.024859491386256316, 0.7750234245648642], "k_pid_alt": [1.5786606064986153, 0.2574306951579124, 0.23086984934879706], "k_pid_att": [23.08752834258585, 4.077532668255645, 0.261380462049589], "k_pid_yaw": [0.5, 1e-06, 0.1], "k_pid_hsp": [0.17225665165883555, 0.011264223901387349, 0.0], "k_pid_vsp": [2.422256263862943, 57.93155354082285, 17.391158871452284]}, "datetime": {"datetime": "2025-08-13 23:38:35", "elapsed": 49843.948969841, "delta": 22.42461895942688}, "costs": {"total_cost": 236.00603946978256, "time_cost": 93.513, "final_distance_cost": 1.7971080634317285, "oscillation_cost": 31.5522884893982, "completition_cost": 0.0, "overshoot_cost": 55.680271178850184, "power_cost": 26.990374047851564, "noise_cost": 26.472997690250917, "n_waypoints_completed": 9, "tot_waypoints": 9}}
{"target": -185.839255954368, "params": {"k_pid_pos": [1.1837130645794225, 0.024859491386256316, 0.416330797462678], "k_pid_alt": [1.5786606064986153, 0.0, 0.25938735764965193], "k_pid_att": [11.329609997636037, 3.4126860594551975, 0.261380462049589], "k_pid_yaw": [0.5, 1e-06, 0.1], "k_pid_hsp": [0.17225665165883555, 0.011264223901387349, 0.0], "k_pid_vsp": [205.46647479918613, 127.91747472228406, 10.0]}, "datetime": {"datetime": "2025-08-13 23:38:54", "elapsed": 49863.05326151848, "delta": 19.104291677474976}, "costs": {"total_cost": 185.839255954368, "time_cost": 69.58, "final_distance_cost": 1.8290680993257864, "oscillation_cost": 27.93651023008049, "completition_cost": 0.0, "overshoot_cost": 50.259540676642004, "power_cost": 18.055655078125, "noise_cost": 18.17848187019476, "n_waypoints_completed": 9, "tot_waypoints": 9}}
{"target": -193.7982875865413, "params": {"k_pid_pos": [1.1837130645794225, 0.43727115131929417, 0.416330797462678], "k_pid_alt": [1.5786606064986153, 0.0, 0.6182064035467875], "k_pid_att": [11.329609997636037, 3.4126860594551975, 0.261380462049589], "k_pid_yaw": [0.5, 1e-06, 0.1], "k_pid_hsp": [0.17225665165883555, 0.011264223901387349, 0.0], "k_pid_vsp": [205.46647479918613, 127.91747472228406, 10.0]}, "datetime": {"datetime": "2025-08-13 23:39:13", "elapsed": 49881.476744413376, "delta": 18.42348289489746}, "costs": {"total_cost": 193.7982875865413, "time_cost": 74.046, "final_distance_cost": 1.7802273602098382, "oscillation_cost": 30.186826830009668, "completition_cost": 0.0, "overshoot_cost": 49.96215946540957, "power_cost": 19.178674230957032, "noise_cost": 18.64439969995519, "n_waypoints_completed": 9, "tot_waypoints": 9}}
{"target": -191.69396447454073, "params": {"k_pid_pos": [1.733835489643198, 0.024859491386256316, 0.9451257094832697], "k_pid_alt": [1.5786606064986153, 0.0, 0.23086984934879706], "k_pid_att": [23.08752834258585, 4.077532668255645, 0.261380462049589], "k_pid_yaw": [0.5, 1e-06, 0.1], "k_pid_hsp": [0.17225665165883555, 0.011264223901387349, 0.0], "k_pid_vsp": [237.37114527084637, 57.93155354082285, 10.0]}, "datetime": {"datetime": "2025-08-13 23:39:32", "elapsed": 49900.21995592117, "delta": 18.74321150779724}, "costs": {"total_cost": 191.69396447454073, "time_cost": 70.553, "final_distance_cost": 1.847496607477221, "oscillation_cost": 28.070400615347797, "completition_cost": 0.0, "overshoot_cost": 51.05678602760162, "power_cost": 20.122068811035156, "noise_cost": 20.044212413078945, "n_waypoints_completed": 9, "tot_waypoints": 9}}
{"target": -189.65481677432487, "params": {"k_pid_pos": [1.6847188596925242, 0.08976672005448583, 0.9451257094832697], "k_pid_alt": [1.85112020821355, 0.0, 0.25938735764965193], "k_pid_att": [11.329609997636037, 3.4126860594551975, 0.261380462049589], "k_pid_yaw": [0.5, 1e-06, 0.1], "k_pid_hsp": [0.17225665165883555, 0.011264223901387349, 0.0], "k_pid_vsp": [205.46647479918613, 130.53254854158118, 10.0]}, "datetime": {"datetime": "2025-08-13 23:39:48", "elapsed": 49916.92611336708, "delta": 16.706157445907593}, "costs": {"total_cost": 189.65481677432487, "time_cost": 70.161, "final_distance_cost": 1.8324527025991155, "oscillation_cost": 27.742752950455134, "completition_cost": 0.0, "overshoot_cost": 50.632307252858844, "power_cost": 19.838834216308594, "noise_cost": 19.447469652103187, "n_waypoints_completed": 9, "tot_waypoints": 9}}
{"target": -189.77882111583003, "params": {"k_pid_pos": [1.733835489643198, 0.08976672005448583, 0.9451257094832697], "k_pid_alt": [1.5786606064986153, 0.0, 0.3157032531275451], "k_pid_att": [11.329609997636037, 3.4126860594551975, 0.261380462049589], "k_pid_yaw": [0.5, 1e-06, 0.1], "k_pid_hsp": [0.17225665165883555, 0.011264223901387349, 0.0], "k_pid_vsp": [237.37114527084637, 57.93155354082285, 10.0]}, "datetime": {"datetime": "2025-08-13 23:40:08", "elapsed": 49936.37007021904, "delta": 19.44395685195923}, "costs": {"total_cost": 189.77882111583003, "time_cost": 70.224, "final_distance_cost": 1.830689970857954, "oscillation_cost": 28.815345333761606, "completition_cost": 0.0, "overshoot_cost": 50.607840911595844, "power_cost": 18.738524267578125, "noise_cost": 19.5624206320365, "n_waypoints_completed": 9, "tot_waypoints": 9}}
{"target": -184.82627519519778, "params": {"k_pid_pos": [1.1837130645794225, 0.024859491386256316, 0.416330797462678], "k_pid_alt": [1.5786606064986153, 0.0, 0.25938735764965193], "k_pid_att": [11.329609997636037, 3.4126860594551975, 0.261380462049589], "k_pid_yaw": [0.5, 1e-06, 0.1], "k_pid_hsp": [0.17225665165883555, 0.011264223901387349, 0.0], "k_pid_vsp": [205.46647479918613, 127.91747472228406, 10.0]}, "datetime": {"datetime": "2025-08-13 23:40:25", "elapsed": 49953.52103495598, "delta": 17.150964736938477}, "costs": {"total_cost": 184.82627519519778, "time_cost": 69.356, "final_distance_cost": 1.8324715923226427, "oscillation_cost": 28.345816005312628, "completition_cost": 0.0, "overshoot_cost": 50.012229401597914, "power_cost": 16.806972973632814, "noise_cost": 18.4727852223318, "n_waypoints_completed": 9, "tot_waypoints": 9}}
{"target": -1826.290695258978, "params": {"k_pid_pos": [1.733835489643198, 0.024859491386256316, 0.9451257094832697], "k_pid_alt": [0.019546390430125626, 0.0, 0.25938735764965193], "k_pid_att": [11.329609997636037, 3.4126860594551975, 0.261380462049589], "k_pid_yaw": [0.5, 1e-06, 0.1], "k_pid_hsp": [0.17225665165883555, 0.011264223901387349, 0.7413381919183852], "k_pid_vsp": [205.46647479918613, 130.53254854158118, 10.0]}, "datetime": {"datetime": "2025-08-13 23:40:57", "elapsed": 49985.38730239868, "delta": 31.866267442703247}, "costs": {"total_cost": 1826.290695258978, "time_cost": 150, "final_distance_cost": 38.754678169404556, "oscillation_cost": 504.0509341628465, "completition_cost": 1000.0, "overshoot_cost": 71.7288052412377, "power_cost": 30.13666649169922, "noise_cost": 31.619611193790018, "n_waypoints_completed": 0, "tot_waypoints": 9}}
{"target": -192.42019670785933, "params": {"k_pid_pos": [1.6847188596925242, 0.08976672005448583, 0.9451257094832697], "k_pid_alt": [1.85112020821355, 0.0, 0.03027788721554503], "k_pid_att": [23.08752834258585, 4.077532668255645, 0.261380462049589], "k_pid_yaw": [0.5, 1e-06, 0.1], "k_pid_hsp": [0.17225665165883555, 0.011264223901387349, 0.0], "k_pid_vsp": [237.37114527084637, 57.93155354082285, 10.0]}, "datetime": {"datetime": "2025-08-13 23:41:13", "elapsed": 50001.988945007324, "delta": 16.601642608642578}, "costs": {"total_cost": 192.42019670785933, "time_cost": 70.175, "final_distance_cost": 1.8326753183740976, "oscillation_cost": 28.888132210035504, "completition_cost": 0.0, "overshoot_cost": 51.211343845363366, "power_cost": 20.10724559326172, "noise_cost": 20.20579974082464, "n_waypoints_completed": 9, "tot_waypoints": 9}}
{"target": -194.71107462025483, "params": {"k_pid_pos": [1.733835489643198, 0.024859491386256316, 0.9451257094832697], "k_pid_alt": [0.8737548644081292, 0.0, 0.25938735764965193], "k_pid_att": [11.329609997636037, 3.4126860594551975, 0.261380462049589], "k_pid_yaw": [0.5, 1e-06, 0.1], "k_pid_hsp": [0.17225665165883555, 0.011264223901387349, 0.0], "k_pid_vsp": [205.46647479918613, 127.91747472228406, 10.0]}, "datetime": {"datetime": "2025-08-13 23:41:33", "elapsed": 50021.11594772339, "delta": 19.127002716064453}, "costs": {"total_cost": 194.71107462025483, "time_cost": 72.345, "final_distance_cost": 1.8512707581893868, "oscillation_cost": 29.541695160456392, "completition_cost": 0.0, "overshoot_cost": 50.115919859886766, "power_cost": 20.699834997558593, "noise_cost": 20.157353844163705, "n_waypoints_completed": 9, "tot_waypoints": 9}}
{"target": -189.59825269304014, "params": {"k_pid_pos": [1.1837130645794225, 0.024859491386256316, 0.19730102139317784], "k_pid_alt": [1.5786606064986153, 0.0, 0.23086984934879706], "k_pid_att": [23.08752834258585, 1.2169696906303682, 0.261380462049589], "k_pid_yaw": [0.5, 1e-06, 0.1], "k_pid_hsp": [0.17225665165883555, 0.011264223901387349, 0.0], "k_pid_vsp": [103.0527854068954, 57.93155354082285, 10.0]}, "datetime": {"datetime": "2025-08-13 23:41:49", "elapsed": 50037.428822517395, "delta": 16.312874794006348}, "costs": {"total_cost": 189.59825269304014, "time_cost": 69.489, "final_distance_cost": 1.8263135793322636, "oscillation_cost": 29.119027705898585, "completition_cost": 0.0, "overshoot_cost": 50.80211247853737, "power_cost": 19.228009375, "noise_cost": 19.13378955427191, "n_waypoints_completed": 9, "tot_waypoints": 9}}
{"target": -715.7875110079368, "params": {"k_pid_pos": [1.733835489643198, 0.024859491386256316, 0.2965273827285604], "k_pid_alt": [1.5786606064986153, 0.0, 0.23086984934879706], "k_pid_att": [23.08752834258585, 4.077532668255645, 0.261380462049589], "k_pid_yaw": [0.5, 1e-06, 0.1], "k_pid_hsp": [1.380453583829348, 0.032377942493985734, 0.9878960836656094], "k_pid_vsp": [237.37114527084637, 57.93155354082285, 10.0]}, "datetime": {"datetime": "2025-08-13 23:42:13", "elapsed": 50062.015353918076, "delta": 24.586531400680542}, "costs": {"total_cost": 715.7875110079368, "time_cost": 96.551, "final_distance_cost": 1.7829605846425067, "oscillation_cost": 498.18537509241395, "completition_cost": 0.0, "overshoot_cost": 65.66527471747922, "power_cost": 25.953949755859377, "noise_cost": 27.64895085754175, "n_waypoints_completed": 9, "tot_waypoints": 9}}
