{"target": -257.5242912329707, "params": {"k_pid_pos": [1.733835489643198, 0.024859491386256316, 0.9451257094832697], "k_pid_alt": [1.5786606064986153, 0.0, 0.23086984934879706], "k_pid_att": [29.46763110571006, 5.6580295118978245, 0.8045953967355457], "k_pid_yaw": [0.5, 1e-06, 0.1], "k_pid_hsp": [2.8438758747997364, 0.011264223901387349, 0.0], "k_pid_vsp": [371.8706581382205, 261.48215325333564, 309.88473966513897]}, "datetime": {"datetime": "2025-08-13 22:05:35", "elapsed": 44263.238656282425, "delta": 27.204617261886597}, "costs": {"total_cost": 257.5242912329707, "time_cost": 99.855, "final_distance_cost": 1.8571879214202933, "oscillation_cost": 45.57503590939301, "completition_cost": 0.0, "overshoot_cost": 67.99459421160465, "power_cost": 21.646812902832032, "noise_cost": 20.595660287720726, "n_waypoints_completed": 9, "tot_waypoints": 9}}
{"target": -1729.3783122091406, "params": {"k_pid_pos": [1.733835489643198, 0.024859491386256316, 0.2784378006036795], "k_pid_alt": [1.5786606064986153, 0.0, 0.053878507660848673], "k_pid_att": [29.46763110571006, 5.6580295118978245, 0.20497828334174084], "k_pid_yaw": [0.5, 1e-06, 0.1], "k_pid_hsp": [0.17225665165883555, 0.011264223901387349, 0.37654045557379967], "k_pid_vsp": [104.30040172718557, 57.93155354082285, 10.0]}, "datetime": {"datetime": "2025-08-13 22:06:05", "elapsed": 44293.11384868622, "delta": 29.875192403793335}, "costs": {"total_cost": 1729.3783122091406, "time_cost": 150, "final_distance_cost": 44.18321349051086, "oscillation_cost": 822.7919034891231, "completition_cost": 555.5555555555555, "overshoot_cost": 106.03520900984097, "power_cost": 22.83844538574219, "noise_cost": 27.973985278367735, "n_waypoints_completed": 4, "tot_waypoints": 9}}
{"target": -179.67692037946773, "params": {"k_pid_pos": [1.733835489643198, 0.024859491386256316, 0.9451257094832697], "k_pid_alt": [1.4458679973838424, 0.00018965351824429266, 0.23086984934879706], "k_pid_att": [11.246502653247227, 1.1166001057131414, 0.3529475069797985], "k_pid_yaw": [0.5, 1e-06, 0.1], "k_pid_hsp": [0.09847755819799779, 0.011264223901387349, 0.0], "k_pid_vsp": [303.00008221409286, 57.93155354082285, 10.0]}, "datetime": {"datetime": "2025-08-13 22:06:21", "elapsed": 44309.31499218941, "delta": 16.201143503189087}, "costs": {"total_cost": 179.67692037946773, "time_cost": 69.993, "final_distance_cost": 1.8302763162458549, "oscillation_cost": 28.180420697564728, "completition_cost": 0.0, "overshoot_cost": 50.78125062854686, "power_cost": 10.632592211914064, "noise_cost": 18.25938052519622, "n_waypoints_completed": 9, "tot_waypoints": 9}}
{"target": -1758.4545074544578, "params": {"k_pid_pos": [1.733835489643198, 0.024859491386256316, 0.9451257094832697], "k_pid_alt": [1.4458679973838424, 0.00018965351824429266, 0.23086984934879706], "k_pid_att": [11.246502653247227, 1.1166001057131414, 0.3529475069797985], "k_pid_yaw": [0.5, 1e-06, 0.1], "k_pid_hsp": [1.4187022930847046, 0.17872871651145927, 0.0], "k_pid_vsp": [104.30040172718557, 57.93155354082285, 242.94605271048886]}, "datetime": {"datetime": "2025-08-13 22:06:50", "elapsed": 44338.74382066727, "delta": 29.428828477859497}, "costs": {"total_cost": 1758.4545074544578, "time_cost": 150, "final_distance_cost": 293.4947870462833, "oscillation_cost": 16.856967333679684, "completition_cost": 888.8888888888888, "overshoot_cost": 354.79846058851655, "power_cost": 23.791225439453125, "noise_cost": 30.624178157636404, "n_waypoints_completed": 1, "tot_waypoints": 9}}
{"target": -1012.950781601087, "params": {"k_pid_pos": [1.6397186260693044, 0.7323733489896951, 0.9451257094832697], "k_pid_alt": [1.4458679973838424, 0.028806210149256217, 0.07444874772262577], "k_pid_att": [13.107192077287921, 0.5364822422922942, 0.9623745068707039], "k_pid_yaw": [0.5, 1e-06, 0.1], "k_pid_hsp": [4.250673906138699, 0.011264223901387349, 0.6388775990814546], "k_pid_vsp": [18.79289508575375, 261.48215325333564, 10.0]}, "datetime": {"datetime": "2025-08-13 22:07:21", "elapsed": 44369.10403633118, "delta": 30.360215663909912}, "costs": {"total_cost": 1012.950781601087, "time_cost": 150, "final_distance_cost": 54.64952974599911, "oscillation_cost": 303.3733989198387, "completition_cost": 333.33333333333337, "overshoot_cost": 75.42821039910315, "power_cost": 50.97790770263672, "noise_cost": 45.18840150017601, "n_waypoints_completed": 6, "tot_waypoints": 9}}
{"target": -193.75347195127785, "params": {"k_pid_pos": [1.733835489643198, 0.024859491386256316, 0.416330797462678], "k_pid_alt": [1.5786606064986153, 0.0, 0.053878507660848673], "k_pid_att": [29.46763110571006, 5.6580295118978245, 0.261380462049589], "k_pid_yaw": [0.5, 1e-06, 0.1], "k_pid_hsp": [0.17225665165883555, 0.0953687395585695, 0.0], "k_pid_vsp": [371.8706581382205, 57.93155354082285, 16.252805564631274]}, "datetime": {"datetime": "2025-08-13 22:07:38", "elapsed": 44386.31145954132, "delta": 17.207423210144043}, "costs": {"total_cost": 193.75347195127785, "time_cost": 69.041, "final_distance_cost": 1.813765792096915, "oscillation_cost": 40.75335028187072, "completition_cost": 0.0, "overshoot_cost": 50.05297667352741, "power_cost": 16.101041723632814, "noise_cost": 15.991337480149982, "n_waypoints_completed": 9, "tot_waypoints": 9}}
{"target": -191.47838243300075, "params": {"k_pid_pos": [1.733835489643198, 0.024859491386256316, 0.7514874916619558], "k_pid_alt": [1.5786606064986153, 0.0, 0.053878507660848673], "k_pid_att": [29.46763110571006, 5.6580295118978245, 0.20497828334174084], "k_pid_yaw": [0.5, 1e-06, 0.1], "k_pid_hsp": [0.17225665165883555, 0.011264223901387349, 0.0], "k_pid_vsp": [314.35290507228956, 57.93155354082285, 10.0]}, "datetime": {"datetime": "2025-08-13 22:07:55", "elapsed": 44403.20140647888, "delta": 16.889946937561035}, "costs": {"total_cost": 191.47838243300075, "time_cost": 70.042, "final_distance_cost": 1.8396357524329385, "oscillation_cost": 29.146133115978046, "completition_cost": 0.0, "overshoot_cost": 51.13014417008409, "power_cost": 19.755874560546875, "noise_cost": 19.564594833958786, "n_waypoints_completed": 9, "tot_waypoints": 9}}
{"target": -203.26718216543662, "params": {"k_pid_pos": [1.733835489643198, 0.024859491386256316, 0.9451257094832697], "k_pid_alt": [1.1928857943257507, 0.045049390821834456, 0.921307692212677], "k_pid_att": [29.46763110571006, 5.6580295118978245, 0.20497828334174084], "k_pid_yaw": [0.5, 1e-06, 0.1], "k_pid_hsp": [0.17225665165883555, 0.011264223901387349, 0.0], "k_pid_vsp": [104.30040172718557, 57.93155354082285, 10.0]}, "datetime": {"datetime": "2025-08-13 22:08:15", "elapsed": 44423.26007127762, "delta": 20.058664798736572}, "costs": {"total_cost": 203.26718216543662, "time_cost": 80.087, "final_distance_cost": 1.8527104785466644, "oscillation_cost": 30.16236460076079, "completition_cost": 0.0, "overshoot_cost": 51.17976532105042, "power_cost": 18.75905098876953, "noise_cost": 21.22629077630921, "n_waypoints_completed": 9, "tot_waypoints": 9}}
{"target": -1539.061804312261, "params": {"k_pid_pos": [1.733835489643198, 0.7329416078373059, 0.9451257094832697], "k_pid_alt": [1.5786606064986153, 0.0, 0.053878507660848673], "k_pid_att": [29.46763110571006, 5.6580295118978245, 0.20497828334174084], "k_pid_yaw": [0.5, 1e-06, 0.1], "k_pid_hsp": [0.17225665165883555, 0.16465226679640355, 0.24239819548673525], "k_pid_vsp": [110.77629478874829, 261.48215325333564, 10.0]}, "datetime": {"datetime": "2025-08-13 22:08:44", "elapsed": 44452.27180695534, "delta": 29.011735677719116}, "costs": {"total_cost": 1539.061804312261, "time_cost": 150, "final_distance_cost": 44.11424719415672, "oscillation_cost": 754.626977727639, "completition_cost": 444.4444444444444, "overshoot_cost": 76.37936358614363, "power_cost": 37.695203515625, "noise_cost": 31.801567844252265, "n_waypoints_completed": 5, "tot_waypoints": 9}}
{"target": -191.99567109017542, "params": {"k_pid_pos": [1.6397186260693044, 0.19767101818116828, 0.6760985883499703], "k_pid_alt": [1.4458679973838424, 0.028806210149256217, 0.07444874772262577], "k_pid_att": [11.329609997636037, 3.4126860594551975, 0.218246450578637], "k_pid_yaw": [0.5, 1e-06, 0.1], "k_pid_hsp": [0.09847755819799779, 0.011264223901387349, 0.0], "k_pid_vsp": [18.79289508575375, 57.93155354082285, 16.252805564631274]}, "datetime": {"datetime": "2025-08-13 22:09:02", "elapsed": 44470.17177128792, "delta": 17.899964332580566}, "costs": {"total_cost": 191.99567109017542, "time_cost": 71.365, "final_distance_cost": 1.7984126823949824, "oscillation_cost": 28.541564147160564, "completition_cost": 0.0, "overshoot_cost": 52.204501131812194, "power_cost": 19.426816723632815, "noise_cost": 18.659376405174903, "n_waypoints_completed": 9, "tot_waypoints": 9}}
{"target": -1695.3463197734739, "params": {"k_pid_pos": [1.733835489643198, 0.024859491386256316, 0.9451257094832697], "k_pid_alt": [1.5786606064986153, 0.0, 0.053878507660848673], "k_pid_att": [29.46763110571006, 5.6580295118978245, 0.8721200333468756], "k_pid_yaw": [0.5, 1e-06, 0.1], "k_pid_hsp": [0.17225665165883555, 0.011264223901387349, 0.6508382101917022], "k_pid_vsp": [305.67975269326223, 130.53254854158118, 10.0]}, "datetime": {"datetime": "2025-08-13 22:09:31", "elapsed": 44499.77993655205, "delta": 29.60816526412964}, "costs": {"total_cost": 1695.3463197734739, "time_cost": 150, "final_distance_cost": 80.43478762609695, "oscillation_cost": 649.0598990933535, "completition_cost": 666.6666666666667, "overshoot_cost": 100.03753405436294, "power_cost": 21.300872937011718, "noise_cost": 27.846559395982048, "n_waypoints_completed": 3, "tot_waypoints": 9}}
{"target": -186.53066231908534, "params": {"k_pid_pos": [1.733835489643198, 0.024859491386256316, 0.9451257094832697], "k_pid_alt": [1.5786606064986153, 0.0, 0.23086984934879706], "k_pid_att": [11.329609997636037, 1.4953935029224072, 0.9623745068707039], "k_pid_yaw": [0.5, 1e-06, 0.1], "k_pid_hsp": [0.09847755819799779, 0.011264223901387349, 0.0], "k_pid_vsp": [251.5004449007475, 57.93155354082285, 10.0]}, "datetime": {"datetime": "2025-08-13 22:09:49", "elapsed": 44517.74069523811, "delta": 17.960758686065674}, "costs": {"total_cost": 186.53066231908534, "time_cost": 69.937, "final_distance_cost": 1.8341761455951995, "oscillation_cost": 28.29813033095071, "completition_cost": 0.0, "overshoot_cost": 51.19118238373452, "power_cost": 16.29244366455078, "noise_cost": 18.977729794254156, "n_waypoints_completed": 9, "tot_waypoints": 9}}
{"target": -201.15540576132688, "params": {"k_pid_pos": [1.733835489643198, 0.024859491386256316, 0.9451257094832697], "k_pid_alt": [1.5786606064986153, 0.0, 0.053878507660848673], "k_pid_att": [29.46763110571006, 5.6580295118978245, 0.20497828334174084], "k_pid_yaw": [0.5, 1e-06, 0.1], "k_pid_hsp": [0.17225665165883555, 0.011264223901387349, 0.0], "k_pid_vsp": [371.8706581382205, 261.48215325333564, 134.18887080171567]}, "datetime": {"datetime": "2025-08-13 22:10:07", "elapsed": 44535.7178504467, "delta": 17.977155208587646}, "costs": {"total_cost": 201.15540576132688, "time_cost": 74.354, "final_distance_cost": 1.8461553469226295, "oscillation_cost": 29.11167814648968, "completition_cost": 0.0, "overshoot_cost": 53.802830077389245, "power_cost": 21.890216833496094, "noise_cost": 20.150525357029235, "n_waypoints_completed": 9, "tot_waypoints": 9}}
{"target": -180.63488543246342, "params": {"k_pid_pos": [1.733835489643198, 0.024859491386256316, 0.416330797462678], "k_pid_alt": [1.5786606064986153, 0.0, 0.25938735764965193], "k_pid_att": [29.46763110571006, 5.6580295118978245, 0.261380462049589], "k_pid_yaw": [0.5, 1e-06, 0.1], "k_pid_hsp": [0.17225665165883555, 0.011264223901387349, 0.0], "k_pid_vsp": [305.67975269326223, 130.53254854158118, 10.0]}, "datetime": {"datetime": "2025-08-13 22:10:25", "elapsed": 44553.2343108654, "delta": 17.516460418701172}, "costs": {"total_cost": 180.63488543246342, "time_cost": 68.67, "final_distance_cost": 1.8034832153985203, "oscillation_cost": 31.64399207982139, "completition_cost": 0.0, "overshoot_cost": 49.94619407846634, "power_cost": 10.626609716796876, "noise_cost": 17.9446063419803, "n_waypoints_completed": 9, "tot_waypoints": 9}}
{"target": -188.37863548639123, "params": {"k_pid_pos": [1.733835489643198, 0.024859491386256316, 0.416330797462678], "k_pid_alt": [1.5786606064986153, 0.0, 0.053878507660848673], "k_pid_att": [29.46763110571006, 3.774725226961977, 0.261380462049589], "k_pid_yaw": [0.5, 1e-06, 0.1], "k_pid_hsp": [0.17225665165883555, 0.011264223901387349, 0.0], "k_pid_vsp": [353.17003117669674, 261.48215325333564, 10.0]}, "datetime": {"datetime": "2025-08-13 22:10:41", "elapsed": 44569.463015556335, "delta": 16.228704690933228}, "costs": {"total_cost": 188.37863548639123, "time_cost": 68.95, "final_distance_cost": 1.8024610691036578, "oscillation_cost": 31.057329451073382, "completition_cost": 0.0, "overshoot_cost": 50.597560605678254, "power_cost": 17.916884423828126, "noise_cost": 18.05439993670779, "n_waypoints_completed": 9, "tot_waypoints": 9}}
{"target": -228.17947932956753, "params": {"k_pid_pos": [1.9024756402269658, 0.9737616190427607, 0.9451257094832697], "k_pid_alt": [1.4458679973838424, 0.028806210149256217, 0.07444874772262577], "k_pid_att": [11.329609997636037, 3.4126860594551975, 0.9623745068707039], "k_pid_yaw": [0.5, 1e-06, 0.1], "k_pid_hsp": [8.246411399521614, 0.011264223901387349, 0.0], "k_pid_vsp": [18.79289508575375, 57.93155354082285, 16.252805564631274]}, "datetime": {"datetime": "2025-08-13 22:11:01", "elapsed": 44589.90925335884, "delta": 20.446237802505493}, "costs": {"total_cost": 228.17947932956753, "time_cost": 79.989, "final_distance_cost": 1.7423850072515248, "oscillation_cost": 48.10996390345448, "completition_cost": 0.0, "overshoot_cost": 53.47197098370124, "power_cost": 22.409921484375, "noise_cost": 22.456237950785283, "n_waypoints_completed": 9, "tot_waypoints": 9}}
{"target": -192.68794257236834, "params": {"k_pid_pos": [1.733835489643198, 0.024859491386256316, 0.31521214959827404], "k_pid_alt": [1.5786606064986153, 0.0, 0.5177588050443718], "k_pid_att": [29.46763110571006, 5.6580295118978245, 0.261380462049589], "k_pid_yaw": [0.5, 1e-06, 0.1], "k_pid_hsp": [0.17225665165883555, 0.011264223901387349, 0.0], "k_pid_vsp": [371.8706581382205, 261.48215325333564, 10.0]}, "datetime": {"datetime": "2025-08-13 22:11:18", "elapsed": 44606.57595682144, "delta": 16.666703462600708}, "costs": {"total_cost": 192.68794257236834, "time_cost": 69.867, "final_distance_cost": 1.794442340535258, "oscillation_cost": 31.847506971017804, "completition_cost": 0.0, "overshoot_cost": 51.07258314607271, "power_cost": 19.13342272949219, "noise_cost": 18.97298738525039, "n_waypoints_completed": 9, "tot_waypoints": 9}}
{"target": -188.32591906957873, "params": {"k_pid_pos": [1.6397186260693044, 0.19767101818116828, 0.9451257094832697], "k_pid_alt": [1.4458679973838424, 0.028806210149256217, 0.07444874772262577], "k_pid_att": [11.329609997636037, 8.364114875200539, 0.9623745068707039], "k_pid_yaw": [0.5, 1e-06, 0.1], "k_pid_hsp": [0.09847755819799779, 0.011264223901387349, 0.0], "k_pid_vsp": [18.79289508575375, 57.93155354082285, 16.252805564631274]}, "datetime": {"datetime": "2025-08-13 22:11:38", "elapsed": 44626.197412490845, "delta": 19.621455669403076}, "costs": {"total_cost": 188.32591906957873, "time_cost": 71.232, "final_distance_cost": 1.7990353283937648, "oscillation_cost": 27.614234592317118, "completition_cost": 0.0, "overshoot_cost": 52.006950310003724, "power_cost": 17.579510083007815, "noise_cost": 18.0941887558563, "n_waypoints_completed": 9, "tot_waypoints": 9}}
{"target": -184.20719396344649, "params": {"k_pid_pos": [1.733835489643198, 0.024859491386256316, 0.9451257094832697], "k_pid_alt": [1.5786606064986153, 0.0, 0.23086984934879706], "k_pid_att": [11.329609997636037, 3.4126860594551975, 0.3529475069797985], "k_pid_yaw": [0.5, 1e-06, 0.1], "k_pid_hsp": [0.09847755819799779, 0.011264223901387349, 0.0], "k_pid_vsp": [305.67975269326223, 130.53254854158118, 10.0]}, "datetime": {"datetime": "2025-08-13 22:11:54", "elapsed": 44642.544646024704, "delta": 16.347233533859253}, "costs": {"total_cost": 184.20719396344649, "time_cost": 69.615, "final_distance_cost": 1.830726039456363, "oscillation_cost": 28.668016310197387, "completition_cost": 0.0, "overshoot_cost": 50.98507896356902, "power_cost": 15.36822127685547, "noise_cost": 17.740151373368242, "n_waypoints_completed": 9, "tot_waypoints": 9}}
{"target": -185.76985617960338, "params": {"k_pid_pos": [1.733835489643198, 0.024859491386256316, 0.9451257094832697], "k_pid_alt": [1.4458679973838424, 0.00018965351824429266, 0.23086984934879706], "k_pid_att": [12.43088436511497, 1.1166001057131414, 0.9623745068707039], "k_pid_yaw": [0.5, 1e-06, 0.1], "k_pid_hsp": [0.09847755819799779, 0.011264223901387349, 0.0], "k_pid_vsp": [251.5004449007475, 57.93155354082285, 10.0]}, "datetime": {"datetime": "2025-08-13 22:12:11", "elapsed": 44660.04166460037, "delta": 17.497018575668335}, "costs": {"total_cost": 185.76985617960338, "time_cost": 70.175, "final_distance_cost": 1.818472396529222, "oscillation_cost": 28.29595845938157, "completition_cost": 0.0, "overshoot_cost": 51.10989329393876, "power_cost": 16.077657421875, "noise_cost": 18.292874607878844, "n_waypoints_completed": 9, "tot_waypoints": 9}}
{"target": -191.31951802971668, "params": {"k_pid_pos": [1.733835489643198, 0.024859491386256316, 0.9029480546018064], "k_pid_alt": [1.5786606064986153, 0.028806210149256217, 0.07444874772262577], "k_pid_att": [11.329609997636037, 3.4126860594551975, 0.9623745068707039], "k_pid_yaw": [0.5, 1e-06, 0.1], "k_pid_hsp": [0.09847755819799779, 0.011264223901387349, 0.0], "k_pid_vsp": [18.79289508575375, 57.93155354082285, 16.252805564631274]}, "datetime": {"datetime": "2025-08-13 22:12:28", "elapsed": 44677.00809049606, "delta": 16.966425895690918}, "costs": {"total_cost": 191.31951802971668, "time_cost": 71.932, "final_distance_cost": 1.8330648370207272, "oscillation_cost": 27.1957497091732, "completition_cost": 0.0, "overshoot_cost": 52.91652856551413, "power_cost": 18.508435083007814, "noise_cost": 18.93373983500082, "n_waypoints_completed": 9, "tot_waypoints": 9}}
{"target": -208.9403122997286, "params": {"k_pid_pos": [1.6397186260693044, 0.19767101818116828, 0.9451257094832697], "k_pid_alt": [1.4458679973838424, 0.0, 0.053878507660848673], "k_pid_att": [29.46763110571006, 5.6580295118978245, 0.20497828334174084], "k_pid_yaw": [0.5, 1e-06, 0.1], "k_pid_hsp": [3.3407491389443256, 0.011264223901387349, 0.0], "k_pid_vsp": [305.67975269326223, 130.53254854158118, 10.0]}, "datetime": {"datetime": "2025-08-13 22:12:46", "elapsed": 44694.71218037605, "delta": 17.704089879989624}, "costs": {"total_cost": 208.9403122997286, "time_cost": 70.987, "final_distance_cost": 1.8426328997312476, "oscillation_cost": 44.42148494985988, "completition_cost": 0.0, "overshoot_cost": 51.05021390841707, "power_cost": 20.32752292480469, "noise_cost": 20.311457616915696, "n_waypoints_completed": 9, "tot_waypoints": 9}}
{"target": -186.82773673526725, "params": {"k_pid_pos": [1.733835489643198, 0.024859491386256316, 0.9451257094832697], "k_pid_alt": [1.5786606064986153, 0.0, 0.23086984934879706], "k_pid_att": [29.46763110571006, 7.759679484325445, 0.261380462049589], "k_pid_yaw": [0.5, 1e-06, 0.1], "k_pid_hsp": [0.17225665165883555, 0.011264223901387349, 0.0], "k_pid_vsp": [305.67975269326223, 130.53254854158118, 10.0]}, "datetime": {"datetime": "2025-08-13 22:13:03", "elapsed": 44711.2113070488, "delta": 16.49912667274475}, "costs": {"total_cost": 186.82773673526725, "time_cost": 69.601, "final_distance_cost": 1.841988341657576, "oscillation_cost": 28.80195944252549, "completition_cost": 0.0, "overshoot_cost": 49.98145660091632, "power_cost": 18.11657038574219, "noise_cost": 18.484761964425672, "n_waypoints_completed": 9, "tot_waypoints": 9}}
{"target": -213.02983590690695, "params": {"k_pid_pos": [1.733835489643198, 0.37359188225548623, 0.9451257094832697], "k_pid_alt": [1.5786606064986153, 0.7640032503607427, 0.23086984934879706], "k_pid_att": [11.329609997636037, 2.883280065129859, 0.9623745068707039], "k_pid_yaw": [0.5, 1e-06, 0.1], "k_pid_hsp": [0.09847755819799779, 0.011264223901387349, 0.0], "k_pid_vsp": [104.30040172718557, 57.93155354082285, 10.0]}, "datetime": {"datetime": "2025-08-13 22:13:24", "elapsed": 44732.73779606819, "delta": 21.52648901939392}, "costs": {"total_cost": 213.02983590690695, "time_cost": 80.759, "final_distance_cost": 1.777691137725337, "oscillation_cost": 32.03656570482013, "completition_cost": 0.0, "overshoot_cost": 54.18896185691211, "power_cost": 22.53839970703125, "noise_cost": 21.729217500418127, "n_waypoints_completed": 9, "tot_waypoints": 9}}
{"target": -230.86424169080757, "params": {"k_pid_pos": [0.5544350973877843, 0.024859491386256316, 0.9451257094832697], "k_pid_alt": [1.5786606064986153, 0.0, 0.24963731093625008], "k_pid_att": [29.46763110571006, 5.6580295118978245, 0.261380462049589], "k_pid_yaw": [0.5, 1e-06, 0.1], "k_pid_hsp": [0.17225665165883555, 0.011264223901387349, 0.0], "k_pid_vsp": [371.8706581382205, 261.48215325333564, 10.0]}, "datetime": {"datetime": "2025-08-13 22:13:49", "elapsed": 44757.10516142845, "delta": 24.36736536026001}, "costs": {"total_cost": 230.86424169080757, "time_cost": 97.902, "final_distance_cost": 1.8587757628144508, "oscillation_cost": 22.238748481636076, "completition_cost": 0.0, "overshoot_cost": 54.564828842949055, "power_cost": 25.054926672363283, "noise_cost": 29.24496193104471, "n_waypoints_completed": 9, "tot_waypoints": 9}}
