{"target": -218.21414776254053, "params": {"k_pid_pos": [1.733835489643198, 0.8954681105093145, 0.44963268842268056], "k_pid_alt": [1.4458679973838424, 0.0, 0.3146878632891922], "k_pid_att": [43.948176657889235, 0.18205753750414305, 0.34464953207076743], "k_pid_yaw": [0.5, 1e-06, 0.1], "k_pid_hsp": [0.09847755819799779, 0.011264223901387349, 0.0], "k_pid_vsp": [277.2708477836043, 93.09285943774285, 10.0]}, "datetime": {"datetime": "2025-08-13 16:16:56", "elapsed": 23344.691521406174, "delta": 22.943069219589233}, "costs": {"total_cost": 218.21414776254053, "time_cost": 80.521, "final_distance_cost": 1.7523655072882318, "oscillation_cost": 36.30332669348247, "completition_cost": 0.0, "overshoot_cost": 55.40072864595152, "power_cost": 22.114281396484376, "noise_cost": 22.122445519333926, "n_waypoints_completed": 9, "tot_waypoints": 9}}
{"target": -200.21999289270727, "params": {"k_pid_pos": [1.531426011234853, 0.024859491386256316, 0.8519347702918288], "k_pid_alt": [1.4458679973838424, 0.6017481209158007, 0.13294310327404035], "k_pid_att": [39.447728079683905, 3.8677381495188174, 0.6559199499296157], "k_pid_yaw": [0.5, 1e-06, 0.1], "k_pid_hsp": [0.09847755819799779, 0.011264223901387349, 0.0], "k_pid_vsp": [17.18305095025783, 249.2161134825686, 10.0]}, "datetime": {"datetime": "2025-08-13 16:17:18", "elapsed": 23367.019319057465, "delta": 22.327797651290894}, "costs": {"total_cost": 200.21999289270727, "time_cost": 76.601, "final_distance_cost": 1.770808256951575, "oscillation_cost": 32.34558533587456, "completition_cost": 0.0, "overshoot_cost": 52.47103187595455, "power_cost": 18.26862995605469, "noise_cost": 18.76293746787189, "n_waypoints_completed": 9, "tot_waypoints": 9}}
{"target": -229.76861973237962, "params": {"k_pid_pos": [1.531426011234853, 0.024859491386256316, 0.8519347702918288], "k_pid_alt": [1.4458679973838424, 0.0, 0.9460812825483834], "k_pid_att": [43.948176657889235, 0.18205753750414305, 0.34464953207076743], "k_pid_yaw": [0.5, 1e-06, 0.1], "k_pid_hsp": [5.888611819901712, 0.011264223901387349, 0.0], "k_pid_vsp": [277.2708477836043, 93.09285943774285, 10.0]}, "datetime": {"datetime": "2025-08-13 16:17:43", "elapsed": 23391.222712755203, "delta": 24.203393697738647}, "costs": {"total_cost": 229.76861973237962, "time_cost": 73.773, "final_distance_cost": 1.8527052503973847, "oscillation_cost": 63.46609671224737, "completition_cost": 0.0, "overshoot_cost": 50.911247329139016, "power_cost": 19.661518957519533, "noise_cost": 20.104051483076287, "n_waypoints_completed": 9, "tot_waypoints": 9}}
{"target": -1370.2655242159403, "params": {"k_pid_pos": [1.4340672435785011, 0.024859491386256316, 0.8519347702918288], "k_pid_alt": [1.4458679973838424, 0.0, 0.3146878632891922], "k_pid_att": [22.261599542950584, 0.18205753750414305, 0.34464953207076743], "k_pid_yaw": [0.5, 1e-06, 0.1], "k_pid_hsp": [0.09847755819799779, 0.011264223901387349, 0.0], "k_pid_vsp": [277.2708477836043, 93.09285943774285, 385.0013815870165]}, "datetime": {"datetime": "2025-08-13 16:18:13", "elapsed": 23421.719070911407, "delta": 30.496358156204224}, "costs": {"total_cost": 1370.2655242159403, "time_cost": 150, "final_distance_cost": 125.72006450565175, "oscillation_cost": 7.993056430668324, "completition_cost": 888.8888888888888, "overshoot_cost": 124.78905908979549, "power_cost": 26.719036145019533, "noise_cost": 46.155419155916334, "n_waypoints_completed": 1, "tot_waypoints": 9}}
{"target": -195.00300130779314, "params": {"k_pid_pos": [1.4340672435785011, 0.024859491386256316, 0.8519347702918288], "k_pid_alt": [1.4458679973838424, 0.0, 0.25090527456937695], "k_pid_att": [43.948176657889235, 0.18205753750414305, 0.34464953207076743], "k_pid_yaw": [0.5, 1e-06, 0.1], "k_pid_hsp": [0.09847755819799779, 0.011264223901387349, 0.0], "k_pid_vsp": [232.83084258960952, 93.09285943774285, 85.6384831120458]}, "datetime": {"datetime": "2025-08-13 16:18:34", "elapsed": 23442.35114955902, "delta": 20.632078647613525}, "costs": {"total_cost": 195.00300130779314, "time_cost": 76.391, "final_distance_cost": 1.8287575029017302, "oscillation_cost": 27.808099761691658, "completition_cost": 0.0, "overshoot_cost": 56.302476321911385, "power_cost": 17.000702807617188, "noise_cost": 15.671964913671188, "n_waypoints_completed": 9, "tot_waypoints": 9}}
{"target": -231.6604350131868, "params": {"k_pid_pos": [1.4340672435785011, 0.024859491386256316, 0.8519347702918288], "k_pid_alt": [1.4458679973838424, 0.0, 0.3146878632891922], "k_pid_att": [43.948176657889235, 0.18205753750414305, 0.34464953207076743], "k_pid_yaw": [0.5, 1e-06, 0.1], "k_pid_hsp": [5.429082181916803, 0.011264223901387349, 0.0], "k_pid_vsp": [14.170316773218916, 93.09285943774285, 10.0]}, "datetime": {"datetime": "2025-08-13 16:18:54", "elapsed": 23462.61780810356, "delta": 20.266658544540405}, "costs": {"total_cost": 231.6604350131868, "time_cost": 72.562, "final_distance_cost": 1.851858703559714, "oscillation_cost": 74.1011581460204, "completition_cost": 0.0, "overshoot_cost": 49.95123987009948, "power_cost": 13.180852807617189, "noise_cost": 20.01332548589005, "n_waypoints_completed": 9, "tot_waypoints": 9}}
{"target": -231.1902302280605, "params": {"k_pid_pos": [1.4340672435785011, 0.024859491386256316, 0.8519347702918288], "k_pid_alt": [1.4458679973838424, 0.0, 0.3146878632891922], "k_pid_att": [42.28034808905181, 0.18205753750414305, 0.34464953207076743], "k_pid_yaw": [0.5, 1e-06, 0.1], "k_pid_hsp": [6.107211332972096, 0.011264223901387349, 0.0], "k_pid_vsp": [277.2708477836043, 197.31441805153213, 10.0]}, "datetime": {"datetime": "2025-08-13 16:19:14", "elapsed": 23482.644643068314, "delta": 20.026834964752197}, "costs": {"total_cost": 231.1902302280605, "time_cost": 72.163, "final_distance_cost": 1.8524841702076436, "oscillation_cost": 68.8597640442071, "completition_cost": 0.0, "overshoot_cost": 50.02650264654621, "power_cost": 17.909165234375, "noise_cost": 20.37931413272455, "n_waypoints_completed": 9, "tot_waypoints": 9}}
{"target": -182.0362847087281, "params": {"k_pid_pos": [1.4340672435785011, 0.024859491386256316, 0.8519347702918288], "k_pid_alt": [1.4458679973838424, 0.0, 0.3146878632891922], "k_pid_att": [43.948176657889235, 0.18205753750414305, 0.9125065750547853], "k_pid_yaw": [0.5, 1e-06, 0.1], "k_pid_hsp": [0.09847755819799779, 0.011264223901387349, 0.0], "k_pid_vsp": [67.06746789475653, 93.09285943774285, 10.0]}, "datetime": {"datetime": "2025-08-13 16:19:32", "elapsed": 23500.52250599861, "delta": 17.87786293029785}, "costs": {"total_cost": 182.0362847087281, "time_cost": 70.427, "final_distance_cost": 1.8312558189740447, "oscillation_cost": 27.20433240290076, "completition_cost": 0.0, "overshoot_cost": 50.6912249230942, "power_cost": 13.43530068359375, "noise_cost": 18.44717088016535, "n_waypoints_completed": 9, "tot_waypoints": 9}}
{"target": -186.29572641538402, "params": {"k_pid_pos": [1.4164186877546903, 0.024859491386256316, 0.44963268842268056], "k_pid_alt": [1.4458679973838424, 0.0, 0.46972286414476394], "k_pid_att": [43.948176657889235, 0.18205753750414305, 0.34464953207076743], "k_pid_yaw": [0.5, 1e-06, 0.1], "k_pid_hsp": [0.09847755819799779, 0.011264223901387349, 0.0], "k_pid_vsp": [277.2708477836043, 93.09285943774285, 10.0]}, "datetime": {"datetime": "2025-08-13 16:19:50", "elapsed": 23519.048765420914, "delta": 18.526259422302246}, "costs": {"total_cost": 186.29572641538402, "time_cost": 70.497, "final_distance_cost": 1.8204580032693451, "oscillation_cost": 28.673915233894608, "completition_cost": 0.0, "overshoot_cost": 50.54115287531372, "power_cost": 17.262878747558595, "noise_cost": 17.500321555347735, "n_waypoints_completed": 9, "tot_waypoints": 9}}
{"target": -189.6225454118092, "params": {"k_pid_pos": [1.4340672435785011, 0.024859491386256316, 0.8519347702918288], "k_pid_alt": [1.4458679973838424, 0.0, 0.3146878632891922], "k_pid_att": [42.28034808905181, 0.18205753750414305, 0.34464953207076743], "k_pid_yaw": [0.5, 1e-06, 0.1], "k_pid_hsp": [0.09847755819799779, 0.011264223901387349, 0.0], "k_pid_vsp": [277.2708477836043, 197.31441805153213, 10.0]}, "datetime": {"datetime": "2025-08-13 16:20:09", "elapsed": 23537.63925719261, "delta": 18.590491771697998}, "costs": {"total_cost": 189.6225454118092, "time_cost": 70.756, "final_distance_cost": 1.8284091890750633, "oscillation_cost": 27.22262392481721, "completition_cost": 0.0, "overshoot_cost": 50.75017993503713, "power_cost": 19.53999189453125, "noise_cost": 19.52534046834853, "n_waypoints_completed": 9, "tot_waypoints": 9}}
{"target": -200.4144502804091, "params": {"k_pid_pos": [1.097674141165482, 0.024859491386256316, 0.8519347702918288], "k_pid_alt": [1.4458679973838424, 0.0, 0.13294310327404035], "k_pid_att": [39.447728079683905, 3.8677381495188174, 0.6559199499296157], "k_pid_yaw": [0.5, 1e-06, 0.1], "k_pid_hsp": [0.09847755819799779, 0.011264223901387349, 0.0], "k_pid_vsp": [200.4106445826773, 300.6723471101404, 10.0]}, "datetime": {"datetime": "2025-08-13 16:20:27", "elapsed": 23555.665501117706, "delta": 18.026243925094604}, "costs": {"total_cost": 200.4144502804091, "time_cost": 72.226, "final_distance_cost": 1.8474127174729242, "oscillation_cost": 25.097452342056286, "completition_cost": 0.0, "overshoot_cost": 51.36782002821341, "power_cost": 25.355906152343753, "noise_cost": 24.51985904032275, "n_waypoints_completed": 9, "tot_waypoints": 9}}
{"target": -211.60380841074394, "params": {"k_pid_pos": [0.8211552511424755, 0.024859491386256316, 0.847123259091292], "k_pid_alt": [1.4458679973838424, 0.0, 0.3146878632891922], "k_pid_att": [43.948176657889235, 0.18205753750414305, 0.9125065750547853], "k_pid_yaw": [0.5, 1e-06, 0.1], "k_pid_hsp": [0.09847755819799779, 0.011264223901387349, 0.0], "k_pid_vsp": [243.1792825771628, 93.09285943774285, 10.0]}, "datetime": {"datetime": "2025-08-13 16:20:48", "elapsed": 23576.246103048325, "delta": 20.580601930618286}, "costs": {"total_cost": 211.60380841074394, "time_cost": 80.479, "final_distance_cost": 1.8588199802597611, "oscillation_cost": 22.713994410073756, "completition_cost": 0.0, "overshoot_cost": 53.392050405977564, "power_cost": 26.74068885498047, "noise_cost": 26.41925475945236, "n_waypoints_completed": 9, "tot_waypoints": 9}}
{"target": -189.20799659450105, "params": {"k_pid_pos": [1.4164186877546903, 0.024859491386256316, 0.44963268842268056], "k_pid_alt": [1.4458679973838424, 0.0, 0.3146878632891922], "k_pid_att": [43.948176657889235, 0.18205753750414305, 0.6331997646149408], "k_pid_yaw": [0.5, 1e-06, 0.1], "k_pid_hsp": [0.09847755819799779, 0.011264223901387349, 0.0], "k_pid_vsp": [277.2708477836043, 298.73657637713535, 10.0]}, "datetime": {"datetime": "2025-08-13 16:21:05", "elapsed": 23593.67514538765, "delta": 17.42904233932495}, "costs": {"total_cost": 189.20799659450105, "time_cost": 70.126, "final_distance_cost": 1.7993832244911723, "oscillation_cost": 28.64900959005836, "completition_cost": 0.0, "overshoot_cost": 50.498751749904244, "power_cost": 19.05604149169922, "noise_cost": 19.07881053834804, "n_waypoints_completed": 9, "tot_waypoints": 9}}
{"target": -203.1495391330884, "params": {"k_pid_pos": [1.733835489643198, 0.8954681105093145, 0.8017766682930172], "k_pid_alt": [1.4458679973838424, 0.0, 0.46972286414476394], "k_pid_att": [43.948176657889235, 0.18205753750414305, 0.34464953207076743], "k_pid_yaw": [0.5, 1e-06, 0.1], "k_pid_hsp": [1.606987810134683, 0.011264223901387349, 0.0], "k_pid_vsp": [277.2708477836043, 93.09285943774285, 10.0]}, "datetime": {"datetime": "2025-08-13 16:21:24", "elapsed": 23612.72052693367, "delta": 19.045381546020508}, "costs": {"total_cost": 203.1495391330884, "time_cost": 75.236, "final_distance_cost": 1.7721532538886546, "oscillation_cost": 35.231139640210095, "completition_cost": 0.0, "overshoot_cost": 50.601103668341715, "power_cost": 20.556225317382815, "noise_cost": 19.752917253265114, "n_waypoints_completed": 9, "tot_waypoints": 9}}
{"target": -1460.5807879325362, "params": {"k_pid_pos": [1.733835489643198, 0.024859491386256316, 0.8519347702918288], "k_pid_alt": [1.4458679973838424, 0.0, 0.3146878632891922], "k_pid_att": [43.948176657889235, 0.18205753750414305, 0.976791677203179], "k_pid_yaw": [0.5, 1e-06, 0.1], "k_pid_hsp": [0.09847755819799779, 0.011264223901387349, 0.0], "k_pid_vsp": [376.5747392387296, 93.09285943774285, 330.9450081515158]}, "datetime": {"datetime": "2025-08-13 16:21:55", "elapsed": 23643.87158060074, "delta": 31.15105366706848}, "costs": {"total_cost": 1460.5807879325362, "time_cost": 150, "final_distance_cost": 1.0008621324428553, "oscillation_cost": 3.9920472189111074, "completition_cost": 1000.0, "overshoot_cost": 162.87680649344978, "power_cost": 29.322816833496095, "noise_cost": 113.38825525423644, "n_waypoints_completed": 0, "tot_waypoints": 9}}
{"target": -191.45920770575924, "params": {"k_pid_pos": [1.4340672435785011, 0.5303319676020144, 0.9239049236577108], "k_pid_alt": [1.7187705538853828, 0.0, 0.3146878632891922], "k_pid_att": [48.26873903267956, 8.267881126176224, 0.34464953207076743], "k_pid_yaw": [0.5, 1e-06, 0.1], "k_pid_hsp": [0.09847755819799779, 0.011264223901387349, 0.0], "k_pid_vsp": [277.2708477836043, 93.09285943774285, 10.0]}, "datetime": {"datetime": "2025-08-13 16:22:16", "elapsed": 23664.270818948746, "delta": 20.399238348007202}, "costs": {"total_cost": 191.45920770575924, "time_cost": 74.242, "final_distance_cost": 1.8038789902425416, "oscillation_cost": 28.24232942021175, "completition_cost": 0.0, "overshoot_cost": 51.48996224706069, "power_cost": 16.08556201171875, "noise_cost": 19.595475036525503, "n_waypoints_completed": 9, "tot_waypoints": 9}}
{"target": -1609.2272302778933, "params": {"k_pid_pos": [1.4340672435785011, 0.5303319676020144, 0.9239049236577108], "k_pid_alt": [1.4458679973838424, 0.0, 0.3146878632891922], "k_pid_att": [17.985165343674623, 8.267881126176224, 0.34464953207076743], "k_pid_yaw": [0.5, 1e-06, 0.1], "k_pid_hsp": [0.09847755819799779, 0.011264223901387349, 0.7858808993351112], "k_pid_vsp": [277.2708477836043, 93.09285943774285, 10.0]}, "datetime": {"datetime": "2025-08-13 16:22:48", "elapsed": 23696.36994457245, "delta": 32.099125623703}, "costs": {"total_cost": 1609.2272302778933, "time_cost": 150, "final_distance_cost": 76.72607185398032, "oscillation_cost": 533.0112723524841, "completition_cost": 666.6666666666667, "overshoot_cost": 113.39979923116127, "power_cost": 37.02439310302734, "noise_cost": 32.399027070573716, "n_waypoints_completed": 3, "tot_waypoints": 9}}
{"target": -1356.0103746153209, "params": {"k_pid_pos": [1.4340672435785011, 0.024859491386256316, 0.7075990162019328], "k_pid_alt": [1.4458679973838424, 0.0, 0.25090527456937695], "k_pid_att": [43.948176657889235, 0.18205753750414305, 0.34464953207076743], "k_pid_yaw": [0.5, 1e-06, 0.1], "k_pid_hsp": [0.09847755819799779, 0.854886347775255, 0.0], "k_pid_vsp": [232.83084258960952, 93.09285943774285, 270.01584306266324]}, "datetime": {"datetime": "2025-08-13 16:23:21", "elapsed": 23730.0246386528, "delta": 33.65469408035278}, "costs": {"total_cost": 1356.0103746153209, "time_cost": 150, "final_distance_cost": 56.512568619761886, "oscillation_cost": 125.4647564214183, "completition_cost": 888.8888888888888, "overshoot_cost": 61.51395120275144, "power_cost": 39.03994998779297, "noise_cost": 34.590259494707254, "n_waypoints_completed": 1, "tot_waypoints": 9}}
{"target": -188.80725233739582, "params": {"k_pid_pos": [1.4340672435785011, 0.5303319676020144, 0.9239049236577108], "k_pid_alt": [1.1736461563227703, 0.0, 0.3146878632891922], "k_pid_att": [48.26873903267956, 9.994776192526535, 0.34464953207076743], "k_pid_yaw": [0.5, 1e-06, 0.1], "k_pid_hsp": [0.09847755819799779, 0.011264223901387349, 0.0], "k_pid_vsp": [277.2708477836043, 197.31441805153213, 10.0]}, "datetime": {"datetime": "2025-08-13 16:23:44", "elapsed": 23752.411561489105, "delta": 22.38692283630371}, "costs": {"total_cost": 188.80725233739582, "time_cost": 75.012, "final_distance_cost": 1.7899990656169658, "oscillation_cost": 28.380205677062015, "completition_cost": 0.0, "overshoot_cost": 50.83957061320146, "power_cost": 14.236647338867188, "noise_cost": 18.548829642648194, "n_waypoints_completed": 9, "tot_waypoints": 9}}
{"target": -1077.5661141817473, "params": {"k_pid_pos": [1.4340672435785011, 0.024859491386256316, 0.7169449061792978], "k_pid_alt": [1.8281769525350675, 0.0, 0.3146878632891922], "k_pid_att": [42.28034808905181, 0.18205753750414305, 0.34464953207076743], "k_pid_yaw": [0.5, 1e-06, 0.1], "k_pid_hsp": [0.09847755819799779, 0.011264223901387349, 0.05468438506225981], "k_pid_vsp": [277.2708477836043, 93.09285943774285, 10.0]}, "datetime": {"datetime": "2025-08-13 16:24:16", "elapsed": 23785.0178835392, "delta": 32.606322050094604}, "costs": {"total_cost": 1077.5661141817473, "time_cost": 150, "final_distance_cost": 60.16478790913149, "oscillation_cost": 640.892035934003, "completition_cost": 111.11111111111116, "overshoot_cost": 58.89558998088338, "power_cost": 27.854413488769534, "noise_cost": 28.648175757848612, "n_waypoints_completed": 8, "tot_waypoints": 9}}
{"target": -207.14862448243284, "params": {"k_pid_pos": [1.4340672435785011, 0.7277996416202209, 0.8519347702918288], "k_pid_alt": [1.4458679973838424, 0.0, 0.3146878632891922], "k_pid_att": [43.948176657889235, 0.18205753750414305, 0.34464953207076743], "k_pid_yaw": [0.5, 1e-06, 0.1], "k_pid_hsp": [0.09847755819799779, 0.011264223901387349, 0.0], "k_pid_vsp": [277.2708477836043, 93.09285943774285, 10.0]}, "datetime": {"datetime": "2025-08-13 16:24:39", "elapsed": 23807.390617847443, "delta": 22.372734308242798}, "costs": {"total_cost": 207.14862448243284, "time_cost": 80.374, "final_distance_cost": 1.7907702627099527, "oscillation_cost": 30.132532408187064, "completition_cost": 0.0, "overshoot_cost": 52.66710460004599, "power_cost": 21.04681075439453, "noise_cost": 21.1374064570953, "n_waypoints_completed": 9, "tot_waypoints": 9}}
{"target": -214.2206410456393, "params": {"k_pid_pos": [1.4340672435785011, 0.7343627051010597, 0.8519347702918288], "k_pid_alt": [1.4458679973838424, 0.0, 0.3146878632891922], "k_pid_att": [22.261599542950584, 0.18205753750414305, 0.9125065750547853], "k_pid_yaw": [0.5, 1e-06, 0.1], "k_pid_hsp": [9.288442103993281, 0.011264223901387349, 0.0], "k_pid_vsp": [67.06746789475653, 93.09285943774285, 10.0]}, "datetime": {"datetime": "2025-08-13 16:25:00", "elapsed": 23828.393384218216, "delta": 21.002766370773315}, "costs": {"total_cost": 214.2206410456393, "time_cost": 74.284, "final_distance_cost": 1.767849225960371, "oscillation_cost": 45.00812949431601, "completition_cost": 0.0, "overshoot_cost": 50.91622259422926, "power_cost": 21.087534020996095, "noise_cost": 21.156905710137565, "n_waypoints_completed": 9, "tot_waypoints": 9}}
{"target": -1735.6049164606163, "params": {"k_pid_pos": [1.4164186877546903, 0.024859491386256316, 0.44963268842268056], "k_pid_alt": [1.4042554731110006, 0.0, 0.46972286414476394], "k_pid_att": [43.948176657889235, 0.18205753750414305, 0.34464953207076743], "k_pid_yaw": [0.5, 1e-06, 0.1], "k_pid_hsp": [0.09847755819799779, 0.4790457387946232, 0.3950757236861081], "k_pid_vsp": [277.2708477836043, 197.31441805153213, 10.0]}, "datetime": {"datetime": "2025-08-13 16:25:34", "elapsed": 23862.2588493824, "delta": 33.86546516418457}, "costs": {"total_cost": 1735.6049164606163, "time_cost": 150, "final_distance_cost": 43.79929008338263, "oscillation_cost": 691.8919075264017, "completition_cost": 666.6666666666667, "overshoot_cost": 113.15393203468626, "power_cost": 39.26446298828125, "noise_cost": 30.828657161197835, "n_waypoints_completed": 3, "tot_waypoints": 9}}
{"target": -187.36574042687025, "params": {"k_pid_pos": [1.3296566129936354, 0.024859491386256316, 0.8519347702918288], "k_pid_alt": [1.4458679973838424, 0.0, 0.3146878632891922], "k_pid_att": [42.28034808905181, 4.273161054152589, 0.34464953207076743], "k_pid_yaw": [0.5, 1e-06, 0.1], "k_pid_hsp": [0.09847755819799779, 0.011264223901387349, 0.0], "k_pid_vsp": [277.2708477836043, 381.5365089319878, 10.0]}, "datetime": {"datetime": "2025-08-13 16:25:53", "elapsed": 23881.144505500793, "delta": 18.885656118392944}, "costs": {"total_cost": 187.36574042687025, "time_cost": 71.057, "final_distance_cost": 1.8399616011397757, "oscillation_cost": 26.975386932330682, "completition_cost": 0.0, "overshoot_cost": 50.77507096147281, "power_cost": 18.017567041015624, "noise_cost": 18.70075389091133, "n_waypoints_completed": 9, "tot_waypoints": 9}}
{"target": -246.58845750588716, "params": {"k_pid_pos": [1.9176378968916694, 0.024859491386256316, 0.44963268842268056], "k_pid_alt": [0.9817036778136525, 0.0, 0.6145304926431803], "k_pid_att": [39.447728079683905, 3.8677381495188174, 0.34464953207076743], "k_pid_yaw": [0.5, 1e-06, 0.1], "k_pid_hsp": [5.680285610963587, 0.011264223901387349, 0.0], "k_pid_vsp": [284.5460512203246, 93.09285943774285, 10.0]}, "datetime": {"datetime": "2025-08-13 16:26:12", "elapsed": 23900.136929512024, "delta": 18.99242401123047}, "costs": {"total_cost": 246.58845750588716, "time_cost": 73.017, "final_distance_cost": 1.8246963720921294, "oscillation_cost": 80.58104404715641, "completition_cost": 0.0, "overshoot_cost": 51.149640929664166, "power_cost": 20.542788024902343, "noise_cost": 19.473288132072096, "n_waypoints_completed": 9, "tot_waypoints": 9}}
