{"target": -943.4426796540063, "params": {"k_pid_pos": [1.733835489643198, 0.024859491386256316, 0.9451257094832697], "k_pid_alt": [1.5786606064986153, 0.0, 0.7248340866032845], "k_pid_att": [11.329609997636037, 1.1105074131954076, 0.261380462049589], "k_pid_yaw": [0.5, 1e-06, 0.1], "k_pid_hsp": [0.17225665165883555, 0.011264223901387349, 0.0], "k_pid_vsp": [387.81499297641176, 57.93155354082285, 300.4825694663082]}, "datetime": {"datetime": "2025-08-13 23:24:55", "elapsed": 49023.60002326965, "delta": 30.919986486434937}, "costs": {"total_cost": 943.4426796540063, "time_cost": 150, "final_distance_cost": 52.20203688420723, "oscillation_cost": 13.336366589488017, "completition_cost": 555.5555555555555, "overshoot_cost": 114.20164186586139, "power_cost": 28.391486425781252, "noise_cost": 29.75559233311282, "n_waypoints_completed": 4, "tot_waypoints": 9}}
{"target": -388.51555480927385, "params": {"k_pid_pos": [1.733835489643198, 0.024859491386256316, 0.9451257094832697], "k_pid_alt": [1.5786606064986153, 0.0, 0.23086984934879706], "k_pid_att": [23.08752834258585, 4.077532668255645, 0.261380462049589], "k_pid_yaw": [0.5, 1e-06, 0.1], "k_pid_hsp": [0.17225665165883555, 0.8669962603308305, 0.0], "k_pid_vsp": [237.37114527084637, 57.93155354082285, 10.0]}, "datetime": {"datetime": "2025-08-13 23:25:24", "elapsed": 49052.88126349449, "delta": 29.281240224838257}, "costs": {"total_cost": 388.51555480927385, "time_cost": 113.904, "final_distance_cost": 1.8500206394844807, "oscillation_cost": 133.25795297570266, "completition_cost": 0.0, "overshoot_cost": 63.946889240097065, "power_cost": 39.3926912109375, "noise_cost": 36.16400074305209, "n_waypoints_completed": 9, "tot_waypoints": 9}}
{"target": -207.36547137669464, "params": {"k_pid_pos": [1.4200659215445044, 0.5335459762000035, 0.9451257094832697], "k_pid_alt": [1.7988026916343176, 0.0, 0.7925958880414701], "k_pid_att": [57.80223709971288, 7.347914484943822, 0.680058006373419], "k_pid_yaw": [0.5, 1e-06, 0.1], "k_pid_hsp": [0.09847755819799779, 0.011264223901387349, 0.0], "k_pid_vsp": [305.67975269326223, 291.9899918266388, 10.0]}, "datetime": {"datetime": "2025-08-13 23:25:44", "elapsed": 49072.18917274475, "delta": 19.3079092502594}, "costs": {"total_cost": 207.36547137669464, "time_cost": 79.52, "final_distance_cost": 1.7911069459342837, "oscillation_cost": 28.056219345035814, "completition_cost": 0.0, "overshoot_cost": 52.67723623151265, "power_cost": 22.97103601074219, "noise_cost": 22.349872843469708, "n_waypoints_completed": 9, "tot_waypoints": 9}}
{"target": -191.73961550706096, "params": {"k_pid_pos": [1.402943601129983, 0.024859491386256316, 0.416330797462678], "k_pid_alt": [1.85112020821355, 0.0, 0.23086984934879706], "k_pid_att": [18.808039200177152, 1.6793952317322878, 0.680058006373419], "k_pid_yaw": [0.5, 1e-06, 0.1], "k_pid_hsp": [0.09847755819799779, 0.011264223901387349, 0.0], "k_pid_vsp": [305.67975269326223, 20.252314050740118, 10.0]}, "datetime": {"datetime": "2025-08-13 23:26:04", "elapsed": 49092.90168142319, "delta": 20.71250867843628}, "costs": {"total_cost": 191.73961550706096, "time_cost": 70.798, "final_distance_cost": 1.803573282155917, "oscillation_cost": 28.484348377193527, "completition_cost": 0.0, "overshoot_cost": 52.135368166932544, "power_cost": 19.28811923828125, "noise_cost": 19.230206442497725, "n_waypoints_completed": 9, "tot_waypoints": 9}}
{"target": -184.92944089693916, "params": {"k_pid_pos": [1.733835489643198, 0.08976672005448583, 0.9451257094832697], "k_pid_alt": [1.5786606064986153, 0.0, 0.3157032531275451], "k_pid_att": [11.329609997636037, 3.4126860594551975, 0.261380462049589], "k_pid_yaw": [0.5, 1e-06, 0.1], "k_pid_hsp": [0.17225665165883555, 0.011264223901387349, 0.0], "k_pid_vsp": [205.46647479918613, 130.53254854158118, 10.0]}, "datetime": {"datetime": "2025-08-13 23:26:21", "elapsed": 49109.319103479385, "delta": 16.41742205619812}, "costs": {"total_cost": 184.92944089693916, "time_cost": 69.342, "final_distance_cost": 1.8402265938707172, "oscillation_cost": 29.339073686063223, "completition_cost": 0.0, "overshoot_cost": 49.93390065832995, "power_cost": 16.703749267578125, "noise_cost": 17.77049069109714, "n_waypoints_completed": 9, "tot_waypoints": 9}}
{"target": -194.8137348816507, "params": {"k_pid_pos": [1.6847188596925242, 0.08976672005448583, 0.9451257094832697], "k_pid_alt": [1.85112020821355, 0.0, 0.23086984934879706], "k_pid_att": [18.808039200177152, 1.6793952317322878, 0.680058006373419], "k_pid_yaw": [0.5, 1e-06, 0.1], "k_pid_hsp": [0.09847755819799779, 0.011264223901387349, 0.0], "k_pid_vsp": [237.37114527084637, 57.93155354082285, 10.0]}, "datetime": {"datetime": "2025-08-13 23:26:39", "elapsed": 49127.91448330879, "delta": 18.59537982940674}, "costs": {"total_cost": 194.8137348816507, "time_cost": 70.952, "final_distance_cost": 1.8259892661642878, "oscillation_cost": 28.156518228644007, "completition_cost": 0.0, "overshoot_cost": 51.96492267095182, "power_cost": 21.09782685546875, "noise_cost": 20.816477860421834, "n_waypoints_completed": 9, "tot_waypoints": 9}}
{"target": -275.1930451122046, "params": {"k_pid_pos": [1.733835489643198, 0.7624231229009552, 0.29262041550705187], "k_pid_alt": [1.5786606064986153, 0.6753724924068534, 0.23086984934879706], "k_pid_att": [23.08752834258585, 4.077532668255645, 0.261380462049589], "k_pid_yaw": [0.5, 1e-06, 0.1], "k_pid_hsp": [8.488930879146414, 0.011264223901387349, 0.0], "k_pid_vsp": [305.67975269326223, 130.53254854158118, 10.0]}, "datetime": {"datetime": "2025-08-13 23:27:00", "elapsed": 49148.732380628586, "delta": 20.8178973197937}, "costs": {"total_cost": 275.1930451122046, "time_cost": 89.69800000000001, "final_distance_cost": 1.7850224166579725, "oscillation_cost": 80.07517278483363, "completition_cost": 0.0, "overshoot_cost": 54.36106225655468, "power_cost": 24.320262841796875, "noise_cost": 24.953524812361415, "n_waypoints_completed": 9, "tot_waypoints": 9}}
{"target": -228.1054097469387, "params": {"k_pid_pos": [1.1837130645794225, 0.8007089045041901, 0.42495672118777295], "k_pid_alt": [1.688733796848813, 0.0, 0.5780287087253008], "k_pid_att": [25.06356558820614, 2.8711836120640575, 0.4236705341890681], "k_pid_yaw": [0.5, 1e-06, 0.1], "k_pid_hsp": [0.09847755819799779, 0.011264223901387349, 0.0], "k_pid_vsp": [305.67975269326223, 57.93155354082285, 10.0]}, "datetime": {"datetime": "2025-08-13 23:27:23", "elapsed": 49171.64100027084, "delta": 22.90861964225769}, "costs": {"total_cost": 228.1054097469387, "time_cost": 88.46600000000001, "final_distance_cost": 1.7406849440848484, "oscillation_cost": 37.72532509983561, "completition_cost": 0.0, "overshoot_cost": 56.02155012310187, "power_cost": 21.145217248535157, "noise_cost": 23.006632331381233, "n_waypoints_completed": 9, "tot_waypoints": 9}}
{"target": -201.34588907884992, "params": {"k_pid_pos": [1.733835489643198, 0.024859491386256316, 0.9451257094832697], "k_pid_alt": [0.9020104990244227, 0.0, 0.7248340866032845], "k_pid_att": [97.15749504346589, 1.1105074131954076, 0.261380462049589], "k_pid_yaw": [0.5, 1e-06, 0.1], "k_pid_hsp": [0.17225665165883555, 0.011264223901387349, 0.0], "k_pid_vsp": [62.17525342689419, 130.53254854158118, 10.0]}, "datetime": {"datetime": "2025-08-13 23:27:42", "elapsed": 49190.60510492325, "delta": 18.964104652404785}, "costs": {"total_cost": 201.34588907884992, "time_cost": 76.33500000000001, "final_distance_cost": 1.847457994591198, "oscillation_cost": 32.58274437410168, "completition_cost": 0.0, "overshoot_cost": 50.90137919426699, "power_cost": 19.814746801757813, "noise_cost": 19.86456071413223, "n_waypoints_completed": 9, "tot_waypoints": 9}}
{"target": -691.171855893855, "params": {"k_pid_pos": [0.7505079561141027, 0.024859491386256316, 0.42495672118777295], "k_pid_alt": [1.688733796848813, 0.0, 0.5780287087253008], "k_pid_att": [25.06356558820614, 2.8711836120640575, 0.680058006373419], "k_pid_yaw": [0.5, 1e-06, 0.1], "k_pid_hsp": [0.09847755819799779, 0.011264223901387349, 0.0], "k_pid_vsp": [208.80477796310458, 130.53254854158118, 137.90385397100354]}, "datetime": {"datetime": "2025-08-13 23:28:13", "elapsed": 49221.57767486572, "delta": 30.972569942474365}, "costs": {"total_cost": 691.171855893855, "time_cost": 150, "final_distance_cost": 69.33087556784159, "oscillation_cost": 18.700251487259823, "completition_cost": 333.33333333333337, "overshoot_cost": 62.20404744120111, "power_cost": 30.786021105957033, "noise_cost": 26.817326958262125, "n_waypoints_completed": 6, "tot_waypoints": 9}}
{"target": -206.24837287401368, "params": {"k_pid_pos": [1.733835489643198, 0.024859491386256316, 0.416330797462678], "k_pid_alt": [0.9997830193370283, 0.0, 0.7382510742128339], "k_pid_att": [93.20553315477635, 7.347914484943822, 0.680058006373419], "k_pid_yaw": [0.5, 1e-06, 0.1], "k_pid_hsp": [0.09847755819799779, 0.011264223901387349, 0.0], "k_pid_vsp": [305.67975269326223, 130.53254854158118, 10.0]}, "datetime": {"datetime": "2025-08-13 23:28:34", "elapsed": 49242.59831547737, "delta": 21.02064061164856}, "costs": {"total_cost": 206.24837287401368, "time_cost": 76.006, "final_distance_cost": 1.8155556772257484, "oscillation_cost": 32.19022645622024, "completition_cost": 0.0, "overshoot_cost": 51.92490336057027, "power_cost": 22.915263342285158, "noise_cost": 21.396424037712254, "n_waypoints_completed": 9, "tot_waypoints": 9}}
{"target": -179.3915111477839, "params": {"k_pid_pos": [1.1837130645794225, 0.024859491386256316, 0.416330797462678], "k_pid_alt": [1.5786606064986153, 0.0, 0.25938735764965193], "k_pid_att": [11.329609997636037, 3.4126860594551975, 0.261380462049589], "k_pid_yaw": [0.5, 1e-06, 0.1], "k_pid_hsp": [0.17225665165883555, 0.011264223901387349, 0.0], "k_pid_vsp": [205.46647479918613, 127.91747472228406, 10.0]}, "datetime": {"datetime": "2025-08-13 23:28:51", "elapsed": 49259.24655342102, "delta": 16.648237943649292}, "costs": {"total_cost": 179.3915111477839, "time_cost": 69.251, "final_distance_cost": 1.8462758497993903, "oscillation_cost": 28.431322683316314, "completition_cost": 0.0, "overshoot_cost": 49.853883533376596, "power_cost": 11.900033264160157, "noise_cost": 18.108995817131454, "n_waypoints_completed": 9, "tot_waypoints": 9}}
{"target": -186.49020226684104, "params": {"k_pid_pos": [1.1837130645794225, 0.024859491386256316, 0.416330797462678], "k_pid_alt": [1.5786606064986153, 0.0, 0.25938735764965193], "k_pid_att": [11.329609997636037, 3.4126860594551975, 0.261380462049589], "k_pid_yaw": [0.5, 1e-06, 0.1], "k_pid_hsp": [0.17225665165883555, 0.011264223901387349, 0.0], "k_pid_vsp": [205.46647479918613, 127.91747472228406, 10.0]}, "datetime": {"datetime": "2025-08-13 23:29:09", "elapsed": 49277.597133636475, "delta": 18.3505802154541}, "costs": {"total_cost": 186.49020226684104, "time_cost": 69.37, "final_distance_cost": 1.8450780149549437, "oscillation_cost": 28.46909482707511, "completition_cost": 0.0, "overshoot_cost": 50.44942132534395, "power_cost": 18.027675390625, "noise_cost": 18.328932708842018, "n_waypoints_completed": 9, "tot_waypoints": 9}}
{"target": -191.4352515295421, "params": {"k_pid_pos": [1.733835489643198, 0.024859491386256316, 0.9451257094832697], "k_pid_alt": [1.5786606064986153, 0.0, 0.23086984934879706], "k_pid_att": [23.08752834258585, 4.077532668255645, 0.261380462049589], "k_pid_yaw": [0.5, 1e-06, 0.1], "k_pid_hsp": [0.17225665165883555, 0.032377942493985734, 0.0], "k_pid_vsp": [237.37114527084637, 57.93155354082285, 10.0]}, "datetime": {"datetime": "2025-08-13 23:29:28", "elapsed": 49296.21899819374, "delta": 18.621864557266235}, "costs": {"total_cost": 191.4352515295421, "time_cost": 70.413, "final_distance_cost": 1.8432131991304554, "oscillation_cost": 28.94695108374417, "completition_cost": 0.0, "overshoot_cost": 50.54101354600737, "power_cost": 19.607802014160157, "noise_cost": 20.08327168649994, "n_waypoints_completed": 9, "tot_waypoints": 9}}
{"target": -192.7099234959037, "params": {"k_pid_pos": [1.733835489643198, 0.024859491386256316, 0.9451257094832697], "k_pid_alt": [1.5786606064986153, 0.0, 0.23086984934879706], "k_pid_att": [23.08752834258585, 4.077532668255645, 0.261380462049589], "k_pid_yaw": [0.5, 1e-06, 0.1], "k_pid_hsp": [0.17225665165883555, 0.011264223901387349, 0.0], "k_pid_vsp": [237.37114527084637, 57.93155354082285, 10.0]}, "datetime": {"datetime": "2025-08-13 23:29:45", "elapsed": 49313.39204955101, "delta": 17.173051357269287}, "costs": {"total_cost": 192.7099234959037, "time_cost": 70.644, "final_distance_cost": 1.8445942453299995, "oscillation_cost": 28.013758272662006, "completition_cost": 0.0, "overshoot_cost": 51.08714199463614, "power_cost": 20.621611193847656, "noise_cost": 20.498817789427875, "n_waypoints_completed": 9, "tot_waypoints": 9}}
{"target": -182.8592655038576, "params": {"k_pid_pos": [1.733835489643198, 0.08976672005448583, 0.9451257094832697], "k_pid_alt": [1.5786606064986153, 0.0, 0.3157032531275451], "k_pid_att": [11.329609997636037, 3.4126860594551975, 0.261380462049589], "k_pid_yaw": [0.5, 1e-06, 0.1], "k_pid_hsp": [0.17225665165883555, 0.011264223901387349, 0.0], "k_pid_vsp": [237.37114527084637, 57.93155354082285, 10.0]}, "datetime": {"datetime": "2025-08-13 23:30:03", "elapsed": 49331.517136096954, "delta": 18.125086545944214}, "costs": {"total_cost": 182.8592655038576, "time_cost": 69.545, "final_distance_cost": 1.842686672862833, "oscillation_cost": 29.318910000915672, "completition_cost": 0.0, "overshoot_cost": 50.3192935499521, "power_cost": 13.529487707519532, "noise_cost": 18.303887572607465, "n_waypoints_completed": 9, "tot_waypoints": 9}}
{"target": -204.50105181462186, "params": {"k_pid_pos": [1.733835489643198, 0.9005427252559962, 0.9451257094832697], "k_pid_alt": [1.5786606064986153, 0.0, 0.23086984934879706], "k_pid_att": [22.971564751474492, 4.077532668255645, 0.261380462049589], "k_pid_yaw": [0.5, 1e-06, 0.1], "k_pid_hsp": [0.17225665165883555, 0.011264223901387349, 0.0], "k_pid_vsp": [205.46647479918613, 130.53254854158118, 10.0]}, "datetime": {"datetime": "2025-08-13 23:30:23", "elapsed": 49351.52000761032, "delta": 20.0028715133667}, "costs": {"total_cost": 204.50105181462186, "time_cost": 78.491, "final_distance_cost": 1.77897577882527, "oscillation_cost": 33.0604635811846, "completition_cost": 0.0, "overshoot_cost": 51.85074060084405, "power_cost": 18.668293322753907, "noise_cost": 20.651578531014064, "n_waypoints_completed": 9, "tot_waypoints": 9}}
{"target": -4092.651897011635, "params": {"k_pid_pos": [1.6592589945333855, 0.024859491386256316, 0.9451257094832697], "k_pid_alt": [1.8017833982738278, 0.0, 0.7248340866032845], "k_pid_att": [97.15749504346589, 1.1105074131954076, 0.261380462049589], "k_pid_yaw": [0.5, 1e-06, 0.1], "k_pid_hsp": [0.17225665165883555, 0.011264223901387349, 0.0], "k_pid_vsp": [62.17525342689419, 130.53254854158118, 322.9464928403425]}, "datetime": {"datetime": "2025-08-13 23:30:54", "elapsed": 49382.620131492615, "delta": 31.1001238822937}, "costs": {"total_cost": 4092.651897011635, "time_cost": 150, "final_distance_cost": 992.8591477936507, "oscillation_cost": 26.949001025331704, "completition_cost": 888.8888888888888, "overshoot_cost": 1981.1038599952321, "power_cost": 26.182852661132813, "noise_cost": 26.668146647398757, "n_waypoints_completed": 1, "tot_waypoints": 9}}
{"target": -203.31077228139168, "params": {"k_pid_pos": [1.733835489643198, 0.024859491386256316, 0.9451257094832697], "k_pid_alt": [1.5786606064986153, 0.0, 0.23086984934879706], "k_pid_att": [23.08752834258585, 4.077532668255645, 0.261380462049589], "k_pid_yaw": [0.5, 1e-06, 0.1], "k_pid_hsp": [3.121458039986117, 0.011264223901387349, 0.0], "k_pid_vsp": [237.37114527084637, 57.93155354082285, 10.0]}, "datetime": {"datetime": "2025-08-13 23:31:11", "elapsed": 49399.536719083786, "delta": 16.916587591171265}, "costs": {"total_cost": 203.31077228139168, "time_cost": 70.7, "final_distance_cost": 1.8462228869116497, "oscillation_cost": 41.57234077825736, "completition_cost": 0.0, "overshoot_cost": 50.91745228603816, "power_cost": 18.729849951171875, "noise_cost": 19.54490637901263, "n_waypoints_completed": 9, "tot_waypoints": 9}}
{"target": -1699.205254072287, "params": {"k_pid_pos": [1.733835489643198, 0.658800079422133, 0.9451257094832697], "k_pid_alt": [1.5786606064986153, 0.0, 0.23086984934879706], "k_pid_att": [23.08752834258585, 4.077532668255645, 0.261380462049589], "k_pid_yaw": [0.5, 1e-06, 0.1], "k_pid_hsp": [0.17225665165883555, 0.011264223901387349, 0.5411905624282837], "k_pid_vsp": [62.17525342689419, 130.53254854158118, 10.0]}, "datetime": {"datetime": "2025-08-13 23:31:42", "elapsed": 49430.708817243576, "delta": 31.17209815979004}, "costs": {"total_cost": 1699.205254072287, "time_cost": 150, "final_distance_cost": 60.93374254028577, "oscillation_cost": 654.7320627516124, "completition_cost": 666.6666666666667, "overshoot_cost": 107.4683231144497, "power_cost": 29.161450024414062, "noise_cost": 30.2430089748584, "n_waypoints_completed": 3, "tot_waypoints": 9}}
{"target": -199.6171940218712, "params": {"k_pid_pos": [1.733835489643198, 0.024859491386256316, 0.9451257094832697], "k_pid_alt": [0.9020104990244227, 0.0, 0.7248340866032845], "k_pid_att": [97.15749504346589, 1.1105074131954076, 0.261380462049589], "k_pid_yaw": [0.5, 1e-06, 0.1], "k_pid_hsp": [0.17225665165883555, 0.011264223901387349, 0.0], "k_pid_vsp": [237.37114527084637, 57.93155354082285, 10.0]}, "datetime": {"datetime": "2025-08-13 23:32:00", "elapsed": 49448.70819401741, "delta": 17.99937677383423}, "costs": {"total_cost": 199.6171940218712, "time_cost": 75.845, "final_distance_cost": 1.8470467575839369, "oscillation_cost": 33.74921708964152, "completition_cost": 0.0, "overshoot_cost": 51.39835390364977, "power_cost": 17.044358056640625, "noise_cost": 19.733218214355364, "n_waypoints_completed": 9, "tot_waypoints": 9}}
{"target": -204.63045715122084, "params": {"k_pid_pos": [1.733835489643198, 0.024859491386256316, 0.6493189868694299], "k_pid_alt": [1.5786606064986153, 0.0, 0.23086984934879706], "k_pid_att": [23.08752834258585, 4.077532668255645, 0.261380462049589], "k_pid_yaw": [0.5, 1e-06, 0.1], "k_pid_hsp": [4.45834881839946, 0.011264223901387349, 0.0], "k_pid_vsp": [305.67975269326223, 130.53254854158118, 10.0]}, "datetime": {"datetime": "2025-08-13 23:32:21", "elapsed": 49469.15153813362, "delta": 20.443344116210938}, "costs": {"total_cost": 204.63045715122084, "time_cost": 69.979, "final_distance_cost": 1.8489148075502937, "oscillation_cost": 43.396416922540105, "completition_cost": 0.0, "overshoot_cost": 50.59748159288809, "power_cost": 19.25958670654297, "noise_cost": 19.549057121699413, "n_waypoints_completed": 9, "tot_waypoints": 9}}
{"target": -190.24699944270162, "params": {"k_pid_pos": [1.733835489643198, 0.024859491386256316, 0.4802608558925999], "k_pid_alt": [0.9997830193370283, 0.0, 0.13882932479520194], "k_pid_att": [93.20553315477635, 7.347914484943822, 0.680058006373419], "k_pid_yaw": [0.5, 1e-06, 0.1], "k_pid_hsp": [0.09847755819799779, 0.011264223901387349, 0.0], "k_pid_vsp": [237.37114527084637, 97.47868520206696, 10.0]}, "datetime": {"datetime": "2025-08-13 23:32:37", "elapsed": 49486.05382204056, "delta": 16.902283906936646}, "costs": {"total_cost": 190.24699944270162, "time_cost": 70.931, "final_distance_cost": 1.7910844637963395, "oscillation_cost": 30.978584812076868, "completition_cost": 0.0, "overshoot_cost": 51.122051710461946, "power_cost": 16.609931958007813, "noise_cost": 18.81434649835867, "n_waypoints_completed": 9, "tot_waypoints": 9}}
{"target": -588.3000776433795, "params": {"k_pid_pos": [1.402943601129983, 0.024859491386256316, 0.416330797462678], "k_pid_alt": [1.5786606064986153, 0.0, 0.23086984934879706], "k_pid_att": [18.808039200177152, 1.6793952317322878, 0.680058006373419], "k_pid_yaw": [0.5, 1e-06, 0.1], "k_pid_hsp": [0.09847755819799779, 0.7156656356539504, 0.0], "k_pid_vsp": [237.37114527084637, 57.93155354082285, 10.0]}, "datetime": {"datetime": "2025-08-13 23:33:08", "elapsed": 49516.20364046097, "delta": 30.149818420410156}, "costs": {"total_cost": 588.3000776433795, "time_cost": 150, "final_distance_cost": 65.65149419009046, "oscillation_cost": 116.92152400145494, "completition_cost": 111.11111111111116, "overshoot_cost": 72.22477934475683, "power_cost": 37.20665441894531, "noise_cost": 35.18451457702075, "n_waypoints_completed": 8, "tot_waypoints": 9}}
{"target": -181.57279661702577, "params": {"k_pid_pos": [1.6847188596925242, 0.08976672005448583, 0.9451257094832697], "k_pid_alt": [1.85112020821355, 0.0, 0.25938735764965193], "k_pid_att": [11.329609997636037, 3.4126860594551975, 0.261380462049589], "k_pid_yaw": [0.5, 1e-06, 0.1], "k_pid_hsp": [0.17225665165883555, 0.011264223901387349, 0.0], "k_pid_vsp": [205.46647479918613, 130.53254854158118, 10.0]}, "datetime": {"datetime": "2025-08-13 23:33:24", "elapsed": 49532.91777467728, "delta": 16.714134216308594}, "costs": {"total_cost": 181.57279661702577, "time_cost": 68.978, "final_distance_cost": 1.8262503448129888, "oscillation_cost": 29.000425435039908, "completition_cost": 0.0, "overshoot_cost": 49.99693214078096, "power_cost": 13.607276757812501, "noise_cost": 18.163911938579414, "n_waypoints_completed": 9, "tot_waypoints": 9}}
