{"target": -190.28047395483574, "params": {"k_pid_pos": [1.733835489643198, 0.024859491386256316, 0.704167472379422], "k_pid_alt": [1.477768752937916, 0.00018965351824429266, 0.6600607021214705], "k_pid_att": [35.543488255586034, 0.18205753750414305, 0.73590781336997], "k_pid_yaw": [0.5, 1e-06, 0.1], "k_pid_hsp": [0.09847755819799779, 0.011264223901387349, 0.0], "k_pid_vsp": [251.5004449007475, 59.083466427248936, 10.0]}, "datetime": {"datetime": "2025-08-13 19:31:17", "elapsed": 35005.35700249672, "delta": 16.9931743144989}, "costs": {"total_cost": 190.28047395483574, "time_cost": 71.211, "final_distance_cost": 1.817366720638561, "oscillation_cost": 28.800277370749253, "completition_cost": 0.0, "overshoot_cost": 51.110146518991236, "power_cost": 18.367312561035156, "noise_cost": 18.974370783421534, "n_waypoints_completed": 9, "tot_waypoints": 9}}
{"target": -1797.8889218762702, "params": {"k_pid_pos": [1.733835489643198, 0.024859491386256316, 0.704167472379422], "k_pid_alt": [1.4458679973838424, 0.0, 0.4522054662122007], "k_pid_att": [39.447728079683905, 3.013314939118704, 0.6559199499296157], "k_pid_yaw": [0.5, 1e-06, 0.1], "k_pid_hsp": [0.09847755819799779, 0.011264223901387349, 0.9169413006688895], "k_pid_vsp": [251.5004449007475, 59.083466427248936, 10.0]}, "datetime": {"datetime": "2025-08-13 19:31:46", "elapsed": 35034.46164369583, "delta": 29.10464119911194}, "costs": {"total_cost": 1797.8889218762702, "time_cost": 150, "final_distance_cost": 84.75149215545046, "oscillation_cost": 763.0289688706849, "completition_cost": 666.6666666666667, "overshoot_cost": 79.78809345559227, "power_cost": 25.2270240234375, "noise_cost": 28.426676704438247, "n_waypoints_completed": 3, "tot_waypoints": 9}}
{"target": -196.94558035173972, "params": {"k_pid_pos": [1.733835489643198, 0.024859491386256316, 0.483273595217213], "k_pid_alt": [1.4458679973838424, 0.0, 0.3146878632891922], "k_pid_att": [29.46763110571006, 2.6298254890628097, 0.3301527476617453], "k_pid_yaw": [0.5, 1e-06, 0.1], "k_pid_hsp": [0.09847755819799779, 0.036551335399587326, 0.0], "k_pid_vsp": [251.5004449007475, 59.083466427248936, 10.0]}, "datetime": {"datetime": "2025-08-13 19:32:03", "elapsed": 35051.56007671356, "delta": 17.098433017730713}, "costs": {"total_cost": 196.94558035173972, "time_cost": 70.644, "final_distance_cost": 1.7947363595581083, "oscillation_cost": 33.93068124292004, "completition_cost": 0.0, "overshoot_cost": 51.046668504978825, "power_cost": 19.861681750488284, "noise_cost": 19.667812493794447, "n_waypoints_completed": 9, "tot_waypoints": 9}}
{"target": -188.58372792656016, "params": {"k_pid_pos": [1.733835489643198, 0.024859491386256316, 0.704167472379422], "k_pid_alt": [1.4458679973838424, 0.0, 0.6683949116493773], "k_pid_att": [83.24205936752172, 0.18205753750414305, 0.73590781336997], "k_pid_yaw": [0.5, 1e-06, 0.1], "k_pid_hsp": [0.09847755819799779, 0.011264223901387349, 0.0], "k_pid_vsp": [251.5004449007475, 59.083466427248936, 10.0]}, "datetime": {"datetime": "2025-08-13 19:32:20", "elapsed": 35068.42936396599, "delta": 16.869287252426147}, "costs": {"total_cost": 188.58372792656016, "time_cost": 71.141, "final_distance_cost": 1.822858977879519, "oscillation_cost": 29.383227432277383, "completition_cost": 0.0, "overshoot_cost": 51.23799094655823, "power_cost": 16.954417895507813, "noise_cost": 18.044232674337184, "n_waypoints_completed": 9, "tot_waypoints": 9}}
{"target": -181.51353417803563, "params": {"k_pid_pos": [1.8792899704868669, 0.024859491386256316, 0.9451257094832697], "k_pid_alt": [1.4458679973838424, 0.0, 0.3146878632891922], "k_pid_att": [29.46763110571006, 5.67849514865483, 0.6559199499296157], "k_pid_yaw": [0.5, 1e-06, 0.1], "k_pid_hsp": [0.09847755819799779, 0.011264223901387349, 0.0], "k_pid_vsp": [29.96849041048857, 59.083466427248936, 10.0]}, "datetime": {"datetime": "2025-08-13 19:32:36", "elapsed": 35084.95546102524, "delta": 16.526097059249878}, "costs": {"total_cost": 181.51353417803563, "time_cost": 69.489, "final_distance_cost": 1.8178488655552436, "oscillation_cost": 28.594126219111764, "completition_cost": 0.0, "overshoot_cost": 50.299842932771874, "power_cost": 12.852346008300781, "noise_cost": 18.460370152295972, "n_waypoints_completed": 9, "tot_waypoints": 9}}
{"target": -1771.94358670654, "params": {"k_pid_pos": [1.733835489643198, 0.024859491386256316, 0.704167472379422], "k_pid_alt": [1.477768752937916, 0.0, 0.6600607021214705], "k_pid_att": [39.447728079683905, 5.67849514865483, 0.6559199499296157], "k_pid_yaw": [0.5, 1e-06, 0.1], "k_pid_hsp": [0.09847755819799779, 0.011264223901387349, 0.4604506563081415], "k_pid_vsp": [251.5004449007475, 58.47483401410723, 10.0]}, "datetime": {"datetime": "2025-08-13 19:33:05", "elapsed": 35114.04448890686, "delta": 29.089027881622314}, "costs": {"total_cost": 1771.94358670654, "time_cost": 150, "final_distance_cost": 86.78848905877227, "oscillation_cost": 726.1316397102189, "completition_cost": 666.6666666666667, "overshoot_cost": 78.40310474596683, "power_cost": 34.352339562988284, "noise_cost": 29.601346961926865, "n_waypoints_completed": 3, "tot_waypoints": 9}}
{"target": -1029.9734073027862, "params": {"k_pid_pos": [1.733835489643198, 0.024859491386256316, 0.704167472379422], "k_pid_alt": [1.477768752937916, 0.17835581427998304, 0.5135675105756947], "k_pid_att": [32.194164172814396, 3.449784554492145, 0.6559199499296157], "k_pid_yaw": [0.5, 1e-06, 0.1], "k_pid_hsp": [0.09847755819799779, 0.935084305233137, 0.0], "k_pid_vsp": [251.5004449007475, 237.12935625335746, 25.128824436268147]}, "datetime": {"datetime": "2025-08-13 19:33:35", "elapsed": 35143.38437080383, "delta": 29.339881896972656}, "costs": {"total_cost": 1029.9734073027862, "time_cost": 150, "final_distance_cost": 49.42442044459102, "oscillation_cost": 121.46808779860575, "completition_cost": 555.5555555555555, "overshoot_cost": 80.285875949916, "power_cost": 38.989802087402346, "noise_cost": 34.249665466715534, "n_waypoints_completed": 4, "tot_waypoints": 9}}
{"target": -189.9337520018316, "params": {"k_pid_pos": [1.8792899704868669, 0.024859491386256316, 0.9451257094832697], "k_pid_alt": [1.4458679973838424, 0.0, 0.3146878632891922], "k_pid_att": [54.227890723214855, 5.67849514865483, 0.6559199499296157], "k_pid_yaw": [0.5, 1e-06, 0.1], "k_pid_hsp": [0.09847755819799779, 0.011264223901387349, 0.0], "k_pid_vsp": [29.96849041048857, 140.03862743104432, 2.77343605205192]}, "datetime": {"datetime": "2025-08-13 19:33:52", "elapsed": 35160.61196565628, "delta": 17.22759485244751}, "costs": {"total_cost": 189.9337520018316, "time_cost": 69.72, "final_distance_cost": 1.8124499569498447, "oscillation_cost": 30.627728767020784, "completition_cost": 0.0, "overshoot_cost": 50.50115248837197, "power_cost": 16.34500789794922, "noise_cost": 20.92741289153981, "n_waypoints_completed": 9, "tot_waypoints": 9}}
{"target": -218.66220682333739, "params": {"k_pid_pos": [1.733835489643198, 0.5732451962534887, 0.10919481357840499], "k_pid_alt": [1.477768752937916, 0.00018965351824429266, 0.8503145185919957], "k_pid_att": [74.24769818861826, 4.09310168605278, 0.6559199499296157], "k_pid_yaw": [0.5, 1e-06, 0.1], "k_pid_hsp": [0.09847755819799779, 0.011264223901387349, 0.0], "k_pid_vsp": [251.5004449007475, 59.083466427248936, 10.0]}, "datetime": {"datetime": "2025-08-13 19:34:12", "elapsed": 35181.02547073364, "delta": 20.41350507736206}, "costs": {"total_cost": 218.66220682333739, "time_cost": 83.09, "final_distance_cost": 1.7282141076476174, "oscillation_cost": 38.70435651669275, "completition_cost": 0.0, "overshoot_cost": 55.29103054251429, "power_cost": 17.986418286132814, "noise_cost": 21.86218737034993, "n_waypoints_completed": 9, "tot_waypoints": 9}}
{"target": -224.81947656520413, "params": {"k_pid_pos": [0.717243989965503, 0.06327641863522837, 0.704167472379422], "k_pid_alt": [1.477768752937916, 0.00018965351824429266, 0.6600607021214705], "k_pid_att": [29.46763110571006, 2.6298254890628097, 0.3301527476617453], "k_pid_yaw": [0.5, 1e-06, 0.1], "k_pid_hsp": [0.09847755819799779, 0.036551335399587326, 0.0], "k_pid_vsp": [251.5004449007475, 59.083466427248936, 75.33060670822715]}, "datetime": {"datetime": "2025-08-13 19:34:35", "elapsed": 35203.99427938461, "delta": 22.96880865097046}, "costs": {"total_cost": 224.81947656520413, "time_cost": 93.051, "final_distance_cost": 1.8571397031392778, "oscillation_cost": 25.987658136086047, "completition_cost": 0.0, "overshoot_cost": 57.89814604147001, "power_cost": 23.060338305664065, "noise_cost": 22.965194378844718, "n_waypoints_completed": 9, "tot_waypoints": 9}}
{"target": -185.68337916331444, "params": {"k_pid_pos": [1.8034346552870686, 0.024859491386256316, 0.704167472379422], "k_pid_alt": [1.477768752937916, 0.00018965351824429266, 0.6600607021214705], "k_pid_att": [32.194164172814396, 2.6889016979653872, 0.6559199499296157], "k_pid_yaw": [0.5, 1e-06, 0.1], "k_pid_hsp": [0.09847755819799779, 0.011264223901387349, 0.0], "k_pid_vsp": [251.5004449007475, 59.083466427248936, 10.0]}, "datetime": {"datetime": "2025-08-13 19:34:52", "elapsed": 35220.96942663193, "delta": 16.975147247314453}, "costs": {"total_cost": 185.68337916331444, "time_cost": 70.791, "final_distance_cost": 1.8268046850654924, "oscillation_cost": 29.33229038693216, "completition_cost": 0.0, "overshoot_cost": 51.088191784590926, "power_cost": 14.152716528320314, "noise_cost": 18.49237577840554, "n_waypoints_completed": 9, "tot_waypoints": 9}}
{"target": -1641.9494215014909, "params": {"k_pid_pos": [1.733835489643198, 0.024859491386256316, 0.704167472379422], "k_pid_alt": [1.477768752937916, 0.0, 0.6600607021214705], "k_pid_att": [39.447728079683905, 9.729901288586815, 0.6559199499296157], "k_pid_yaw": [0.5, 1e-06, 0.1], "k_pid_hsp": [0.09847755819799779, 0.16639970095773426, 0.39645726625640054], "k_pid_vsp": [251.5004449007475, 59.083466427248936, 10.0]}, "datetime": {"datetime": "2025-08-13 19:35:21", "elapsed": 35249.604689359665, "delta": 28.635262727737427}, "costs": {"total_cost": 1641.9494215014909, "time_cost": 150, "final_distance_cost": 51.86744294688089, "oscillation_cost": 714.5228173073078, "completition_cost": 555.5555555555555, "overshoot_cost": 107.90240822683961, "power_cost": 32.968914294433596, "noise_cost": 29.1322831704736, "n_waypoints_completed": 4, "tot_waypoints": 9}}
{"target": -406.1056003066984, "params": {"k_pid_pos": [1.6482342715797629, 0.024859491386256316, 0.8544707697037623], "k_pid_alt": [1.4458679973838424, 0.0, 0.6600607021214705], "k_pid_att": [39.447728079683905, 2.8503329366774977, 0.73590781336997], "k_pid_yaw": [0.5, 1e-06, 0.1], "k_pid_hsp": [0.09847755819799779, 0.6256052011296894, 0.0], "k_pid_vsp": [251.5004449007475, 59.083466427248936, 10.0]}, "datetime": {"datetime": "2025-08-13 19:35:50", "elapsed": 35278.39641523361, "delta": 28.791725873947144}, "costs": {"total_cost": 406.1056003066984, "time_cost": 119.0, "final_distance_cost": 1.8160144126510405, "oscillation_cost": 138.83043804596713, "completition_cost": 0.0, "overshoot_cost": 78.37410795316397, "power_cost": 32.03638364257812, "noise_cost": 36.04865625233817, "n_waypoints_completed": 9, "tot_waypoints": 9}}
{"target": -1778.8213633932687, "params": {"k_pid_pos": [1.733835489643198, 0.024859491386256316, 0.704167472379422], "k_pid_alt": [1.477768752937916, 0.0, 0.6600607021214705], "k_pid_att": [39.447728079683905, 5.67849514865483, 0.6559199499296157], "k_pid_yaw": [0.5, 1e-06, 0.1], "k_pid_hsp": [0.09847755819799779, 0.011264223901387349, 0.6790388124067489], "k_pid_vsp": [33.09370770872002, 275.4244891807572, 10.0]}, "datetime": {"datetime": "2025-08-13 19:36:19", "elapsed": 35307.84145283699, "delta": 29.445037603378296}, "costs": {"total_cost": 1778.8213633932687, "time_cost": 150, "final_distance_cost": 75.34650001753769, "oscillation_cost": 714.2772470432898, "completition_cost": 666.6666666666667, "overshoot_cost": 107.78586831173004, "power_cost": 34.775236267089845, "noise_cost": 29.96984508695455, "n_waypoints_completed": 3, "tot_waypoints": 9}}
{"target": -205.65957891929855, "params": {"k_pid_pos": [1.733835489643198, 0.024859491386256316, 0.9451257094832697], "k_pid_alt": [1.4458679973838424, 0.0, 0.3146878632891922], "k_pid_att": [29.46763110571006, 2.6298254890628097, 0.3301527476617453], "k_pid_yaw": [0.5, 1e-06, 0.1], "k_pid_hsp": [0.09847755819799779, 0.011264223901387349, 0.006163336151336907], "k_pid_vsp": [33.09370770872002, 59.083466427248936, 10.0]}, "datetime": {"datetime": "2025-08-13 19:36:38", "elapsed": 35326.36237287521, "delta": 18.520920038223267}, "costs": {"total_cost": 205.65957891929855, "time_cost": 73.927, "final_distance_cost": 1.8247180004929964, "oscillation_cost": 40.83761278483639, "completition_cost": 0.0, "overshoot_cost": 50.850512209485714, "power_cost": 18.114844140625, "noise_cost": 20.104891783858438, "n_waypoints_completed": 9, "tot_waypoints": 9}}
{"target": -669.4282601144895, "params": {"k_pid_pos": [0.2939195268515839, 0.024859491386256316, 0.704167472379422], "k_pid_alt": [0.33527394673787403, 0.0, 0.6600607021214705], "k_pid_att": [39.447728079683905, 9.545016992888707, 0.73590781336997], "k_pid_yaw": [0.5, 1e-06, 0.1], "k_pid_hsp": [0.09847755819799779, 0.036551335399587326, 0.0], "k_pid_vsp": [251.5004449007475, 59.083466427248936, 29.14258142942486]}, "datetime": {"datetime": "2025-08-13 19:37:07", "elapsed": 35355.14173460007, "delta": 28.779361724853516}, "costs": {"total_cost": 669.4282601144895, "time_cost": 150, "final_distance_cost": 71.06309824287517, "oscillation_cost": 16.783745962807867, "completition_cost": 333.33333333333337, "overshoot_cost": 51.88167674940196, "power_cost": 23.413381689453125, "noise_cost": 22.953024136617998, "n_waypoints_completed": 6, "tot_waypoints": 9}}
{"target": -1779.1942527437654, "params": {"k_pid_pos": [1.733835489643198, 0.024859491386256316, 0.5978464708832673], "k_pid_alt": [1.4458679973838424, 0.0, 0.4522054662122007], "k_pid_att": [35.543488255586034, 0.18205753750414305, 0.73590781336997], "k_pid_yaw": [0.5, 1e-06, 0.1], "k_pid_hsp": [0.09847755819799779, 0.011264223901387349, 0.44244848811851867], "k_pid_vsp": [251.5004449007475, 59.083466427248936, 10.0]}, "datetime": {"datetime": "2025-08-13 19:37:35", "elapsed": 35384.055871486664, "delta": 28.91413688659668}, "costs": {"total_cost": 1779.1942527437654, "time_cost": 150, "final_distance_cost": 87.78437937611837, "oscillation_cost": 740.316139791827, "completition_cost": 666.6666666666667, "overshoot_cost": 76.86637073096271, "power_cost": 28.60496705322266, "noise_cost": 28.955729124968, "n_waypoints_completed": 3, "tot_waypoints": 9}}
{"target": -212.71265563766434, "params": {"k_pid_pos": [1.1904191683331364, 0.024859491386256316, 0.9451257094832697], "k_pid_alt": [1.4458679973838424, 0.0, 0.9505550730200033], "k_pid_att": [29.46763110571006, 5.67849514865483, 0.3744289396013216], "k_pid_yaw": [0.5, 1e-06, 0.1], "k_pid_hsp": [1.5822369352293129, 0.011264223901387349, 0.0], "k_pid_vsp": [251.5004449007475, 59.083466427248936, 10.0]}, "datetime": {"datetime": "2025-08-13 19:37:54", "elapsed": 35402.734070301056, "delta": 18.67819881439209}, "costs": {"total_cost": 212.71265563766434, "time_cost": 79.877, "final_distance_cost": 1.8561371290353674, "oscillation_cost": 33.239173142619435, "completition_cost": 0.0, "overshoot_cost": 51.52730274443323, "power_cost": 23.030241320800783, "noise_cost": 23.18280130077556, "n_waypoints_completed": 9, "tot_waypoints": 9}}
{"target": -1808.699502049351, "params": {"k_pid_pos": [1.733835489643198, 0.024859491386256316, 0.9451257094832697], "k_pid_alt": [1.4458679973838424, 0.0, 0.3146878632891922], "k_pid_att": [29.46763110571006, 2.6298254890628097, 0.3301527476617453], "k_pid_yaw": [0.5, 1e-06, 0.1], "k_pid_hsp": [0.09847755819799779, 0.011264223901387349, 0.4991643292237482], "k_pid_vsp": [251.5004449007475, 59.083466427248936, 10.0]}, "datetime": {"datetime": "2025-08-13 19:38:24", "elapsed": 35432.07815217972, "delta": 29.34408187866211}, "costs": {"total_cost": 1808.699502049351, "time_cost": 150, "final_distance_cost": 86.79396245335687, "oscillation_cost": 777.2247127856264, "completition_cost": 666.6666666666667, "overshoot_cost": 64.17760363955797, "power_cost": 33.341000793457034, "noise_cost": 30.495555710686066, "n_waypoints_completed": 3, "tot_waypoints": 9}}
{"target": -188.98193649870956, "params": {"k_pid_pos": [1.733835489643198, 0.024859491386256316, 0.704167472379422], "k_pid_alt": [1.477768752937916, 0.00018965351824429266, 0.6600607021214705], "k_pid_att": [32.194164172814396, 2.6889016979653872, 0.6559199499296157], "k_pid_yaw": [0.5, 1e-06, 0.1], "k_pid_hsp": [0.09847755819799779, 0.036551335399587326, 0.0], "k_pid_vsp": [251.5004449007475, 59.083466427248936, 10.0]}, "datetime": {"datetime": "2025-08-13 19:38:41", "elapsed": 35449.412407398224, "delta": 17.33425521850586}, "costs": {"total_cost": 188.98193649870956, "time_cost": 70.94500000000001, "final_distance_cost": 1.8245501869749174, "oscillation_cost": 32.42931952661164, "completition_cost": 0.0, "overshoot_cost": 50.37040538998092, "power_cost": 14.555641833496095, "noise_cost": 18.85701956164602, "n_waypoints_completed": 9, "tot_waypoints": 9}}
{"target": -1701.7520648136608, "params": {"k_pid_pos": [1.733835489643198, 0.024859491386256316, 0.704167472379422], "k_pid_alt": [1.477768752937916, 0.0, 0.6600607021214705], "k_pid_att": [4.147090465977355, 9.545016992888707, 0.73590781336997], "k_pid_yaw": [0.5, 1e-06, 0.1], "k_pid_hsp": [0.09847755819799779, 0.011264223901387349, 0.8981342811795512], "k_pid_vsp": [33.09370770872002, 59.083466427248936, 10.0]}, "datetime": {"datetime": "2025-08-13 19:39:16", "elapsed": 35484.20828819275, "delta": 34.79588079452515}, "costs": {"total_cost": 1701.7520648136608, "time_cost": 150, "final_distance_cost": 153.5850321269854, "oscillation_cost": 318.2902335490141, "completition_cost": 666.6666666666667, "overshoot_cost": 344.8617031079461, "power_cost": 35.63566187744141, "noise_cost": 32.71276748560702, "n_waypoints_completed": 3, "tot_waypoints": 9}}
{"target": -191.3432625409018, "params": {"k_pid_pos": [1.733835489643198, 0.10920718465865398, 0.9451257094832697], "k_pid_alt": [1.4458679973838424, 0.0, 0.3146878632891922], "k_pid_att": [59.0149162219073, 8.491440198406547, 0.3297423310025197], "k_pid_yaw": [0.5, 1e-06, 0.1], "k_pid_hsp": [0.09847755819799779, 0.011264223901387349, 0.0], "k_pid_vsp": [117.53724514392157, 376.6167462867098, 10.0]}, "datetime": {"datetime": "2025-08-13 19:39:34", "elapsed": 35502.445006370544, "delta": 18.23671817779541}, "costs": {"total_cost": 191.3432625409018, "time_cost": 70.413, "final_distance_cost": 1.8063289486100382, "oscillation_cost": 29.760291194063953, "completition_cost": 0.0, "overshoot_cost": 51.00147552678039, "power_cost": 18.992313024902344, "noise_cost": 19.369853846545055, "n_waypoints_completed": 9, "tot_waypoints": 9}}
{"target": -229.04405650661553, "params": {"k_pid_pos": [1.733835489643198, 0.17241146469623192, 0.704167472379422], "k_pid_alt": [1.4458679973838424, 0.0, 0.4522054662122007], "k_pid_att": [35.543488255586034, 0.18205753750414305, 0.73590781336997], "k_pid_yaw": [0.5, 1e-06, 0.1], "k_pid_hsp": [8.513274332629459, 0.011264223901387349, 0.0], "k_pid_vsp": [251.5004449007475, 10.020897349928273, 10.0]}, "datetime": {"datetime": "2025-08-13 19:39:51", "elapsed": 35519.853345155716, "delta": 17.40833878517151}, "costs": {"total_cost": 229.04405650661553, "time_cost": 71.057, "final_distance_cost": 1.8232773339681267, "oscillation_cost": 68.37353569569781, "completition_cost": 0.0, "overshoot_cost": 51.008902202199614, "power_cost": 17.819090075683594, "noise_cost": 18.9622511990664, "n_waypoints_completed": 9, "tot_waypoints": 9}}
{"target": -189.39070691661962, "params": {"k_pid_pos": [1.733835489643198, 0.024859491386256316, 0.9451257094832697], "k_pid_alt": [1.4458679973838424, 0.028806210149256217, 0.3146878632891922], "k_pid_att": [29.46763110571006, 5.6580295118978245, 0.6036733391519807], "k_pid_yaw": [0.5, 1e-06, 0.1], "k_pid_hsp": [0.09847755819799779, 0.011264223901387349, 0.0], "k_pid_vsp": [387.1470188825909, 59.083466427248936, 10.0]}, "datetime": {"datetime": "2025-08-13 19:40:09", "elapsed": 35537.8332927227, "delta": 17.979947566986084}, "costs": {"total_cost": 189.39070691661962, "time_cost": 70.637, "final_distance_cost": 1.8316996898818432, "oscillation_cost": 28.01284219020985, "completition_cost": 0.0, "overshoot_cost": 51.461407778898284, "power_cost": 18.635911425781252, "noise_cost": 18.811845831848398, "n_waypoints_completed": 9, "tot_waypoints": 9}}
{"target": -226.8999477070493, "params": {"k_pid_pos": [1.733835489643198, 0.9080648804961846, 0.704167472379422], "k_pid_alt": [1.477768752937916, 0.0, 0.6600607021214705], "k_pid_att": [39.447728079683905, 9.545016992888707, 0.5627915745015433], "k_pid_yaw": [0.5, 1e-06, 0.1], "k_pid_hsp": [0.09847755819799779, 0.011264223901387349, 0.0], "k_pid_vsp": [251.5004449007475, 376.6167462867098, 10.0]}, "datetime": {"datetime": "2025-08-13 19:40:29", "elapsed": 35557.60934519768, "delta": 19.776052474975586}, "costs": {"total_cost": 226.8999477070493, "time_cost": 83.027, "final_distance_cost": 1.7285664161967587, "oscillation_cost": 35.73250737489186, "completition_cost": 0.0, "overshoot_cost": 54.639038121642045, "power_cost": 27.022163293457034, "noise_cost": 24.750672500861615, "n_waypoints_completed": 9, "tot_waypoints": 9}}
