{"target": -191.28189176692695, "params": {"k_pid_pos": [0.60393984878084, 0.024859491386256316, 0.44963268842268056], "k_pid_alt": [1.4458679973838424, 0.0, 0.13294310327404035], "k_pid_att": [39.447728079683905, 3.8677381495188174, 0.8257697299075593], "k_pid_yaw": [0.5, 1e-06, 0.1], "k_pid_hsp": [0.09847755819799779, 0.011264223901387349, 0.0], "k_pid_vsp": [86.28438231591274, 156.73508457218338, 10.0]}, "datetime": {"datetime": "2025-08-13 15:10:42", "elapsed": 19370.180785655975, "delta": 22.09400987625122}, "costs": {"total_cost": 191.28189176692695, "time_cost": 78.092, "final_distance_cost": 1.8578028363502448, "oscillation_cost": 21.983468786382407, "completition_cost": 0.0, "overshoot_cost": 51.2787701141711, "power_cost": 17.55061179199219, "noise_cost": 20.519238238030983, "n_waypoints_completed": 9, "tot_waypoints": 9}}
{"target": -359.094214306613, "params": {"k_pid_pos": [1.4999912498542303, 0.024859491386256316, 0.4388587351883817], "k_pid_alt": [1.4458679973838424, 0.0, 0.13294310327404035], "k_pid_att": [43.948176657889235, 3.8677381495188174, 0.8299786351622237], "k_pid_yaw": [0.5, 1e-06, 0.1], "k_pid_hsp": [0.09847755819799779, 0.4702638621486921, 0.0], "k_pid_vsp": [86.28438231591274, 156.73508457218338, 10.0]}, "datetime": {"datetime": "2025-08-13 15:11:12", "elapsed": 19400.24924993515, "delta": 30.068464279174805}, "costs": {"total_cost": 359.094214306613, "time_cost": 105.931, "final_distance_cost": 1.847784064648235, "oscillation_cost": 123.47548375187175, "completition_cost": 0.0, "overshoot_cost": 64.59760190079736, "power_cost": 29.742665673828128, "noise_cost": 33.499678915467555, "n_waypoints_completed": 9, "tot_waypoints": 9}}
{"target": -185.49286760218433, "params": {"k_pid_pos": [1.4340672435785011, 0.024859491386256316, 0.44963268842268056], "k_pid_alt": [1.4458679973838424, 0.0, 0.22260652447727036], "k_pid_att": [50.98074059285719, 3.8677381495188174, 0.8257697299075593], "k_pid_yaw": [0.5, 1e-06, 0.1], "k_pid_hsp": [0.09847755819799779, 0.011264223901387349, 0.0], "k_pid_vsp": [366.9222945638871, 93.09285943774285, 10.0]}, "datetime": {"datetime": "2025-08-13 15:11:30", "elapsed": 19418.972868680954, "delta": 18.723618745803833}, "costs": {"total_cost": 185.49286760218433, "time_cost": 70.042, "final_distance_cost": 1.7865174961126187, "oscillation_cost": 28.66238669139139, "completition_cost": 0.0, "overshoot_cost": 50.87173434853242, "power_cost": 16.165166162109376, "noise_cost": 17.96506290403852, "n_waypoints_completed": 9, "tot_waypoints": 9}}
{"target": -193.07840207659982, "params": {"k_pid_pos": [1.4340672435785011, 0.024859491386256316, 0.4894518338289183], "k_pid_alt": [1.0304713630477362, 0.0, 0.3146878632891922], "k_pid_att": [43.948176657889235, 3.8677381495188174, 0.34464953207076743], "k_pid_yaw": [0.5, 1e-06, 0.1], "k_pid_hsp": [0.09847755819799779, 0.011264223901387349, 0.0], "k_pid_vsp": [277.2708477836043, 93.09285943774285, 10.0]}, "datetime": {"datetime": "2025-08-13 15:11:50", "elapsed": 19438.846115112305, "delta": 19.873246431350708}, "costs": {"total_cost": 193.07840207659982, "time_cost": 72.093, "final_distance_cost": 1.8156706134551122, "oscillation_cost": 28.246189198701757, "completition_cost": 0.0, "overshoot_cost": 51.4933102427277, "power_cost": 20.086475317382813, "noise_cost": 19.343756704332414, "n_waypoints_completed": 9, "tot_waypoints": 9}}
{"target": -187.56953422789036, "params": {"k_pid_pos": [1.4340672435785011, 0.024859491386256316, 0.44963268842268056], "k_pid_alt": [1.4458679973838424, 0.0, 0.13294310327404035], "k_pid_att": [39.447728079683905, 3.8677381495188174, 0.8257697299075593], "k_pid_yaw": [0.5, 1e-06, 0.1], "k_pid_hsp": [0.09847755819799779, 0.011264223901387349, 0.0], "k_pid_vsp": [86.28438231591274, 156.73508457218338, 10.0]}, "datetime": {"datetime": "2025-08-13 15:12:09", "elapsed": 19457.943534374237, "delta": 19.097419261932373}, "costs": {"total_cost": 187.56953422789036, "time_cost": 69.468, "final_distance_cost": 1.8112889893147435, "oscillation_cost": 29.235489303525856, "completition_cost": 0.0, "overshoot_cost": 50.60303553256302, "power_cost": 17.83331231689453, "noise_cost": 18.618408085592186, "n_waypoints_completed": 9, "tot_waypoints": 9}}
{"target": -191.39632874120127, "params": {"k_pid_pos": [1.4340672435785011, 0.024859491386256316, 0.8100884609760892], "k_pid_alt": [1.4458679973838424, 0.0, 0.3146878632891922], "k_pid_att": [43.948176657889235, 3.8677381495188174, 0.837110513405392], "k_pid_yaw": [0.5, 1e-06, 0.1], "k_pid_hsp": [2.575161370303539, 0.011264223901387349, 0.0], "k_pid_vsp": [366.9222945638871, 93.09285943774285, 10.0]}, "datetime": {"datetime": "2025-08-13 15:12:29", "elapsed": 19477.326068639755, "delta": 19.38253426551819}, "costs": {"total_cost": 191.39632874120127, "time_cost": 71.932, "final_distance_cost": 1.8526087749582039, "oscillation_cost": 36.262429403999775, "completition_cost": 0.0, "overshoot_cost": 49.90721780244623, "power_cost": 12.730140905761719, "noise_cost": 18.711931854035363, "n_waypoints_completed": 9, "tot_waypoints": 9}}
{"target": -187.39617357981376, "params": {"k_pid_pos": [1.4340672435785011, 0.024859491386256316, 0.44963268842268056], "k_pid_alt": [1.4458679973838424, 0.0, 0.22260652447727036], "k_pid_att": [50.98074059285719, 3.8677381495188174, 0.8257697299075593], "k_pid_yaw": [0.5, 1e-06, 0.1], "k_pid_hsp": [0.09847755819799779, 0.011264223901387349, 0.0], "k_pid_vsp": [17.18305095025783, 93.09285943774285, 10.0]}, "datetime": {"datetime": "2025-08-13 15:12:48", "elapsed": 19496.411777973175, "delta": 19.0857093334198}, "costs": {"total_cost": 187.39617357981376, "time_cost": 69.706, "final_distance_cost": 1.803014054591704, "oscillation_cost": 29.7637166725616, "completition_cost": 0.0, "overshoot_cost": 50.51750620736316, "power_cost": 17.20389365234375, "noise_cost": 18.402042992953568, "n_waypoints_completed": 9, "tot_waypoints": 9}}
{"target": -205.43802118790944, "params": {"k_pid_pos": [0.60393984878084, 0.024859491386256316, 0.44963268842268056], "k_pid_alt": [1.3330929626588723, 0.7870035212722968, 0.13294310327404035], "k_pid_att": [39.447728079683905, 3.8677381495188174, 0.8257697299075593], "k_pid_yaw": [0.5, 1e-06, 0.1], "k_pid_hsp": [0.09847755819799779, 0.011264223901387349, 0.0], "k_pid_vsp": [17.18305095025783, 93.09285943774285, 10.0]}, "datetime": {"datetime": "2025-08-13 15:13:10", "elapsed": 19518.374089717865, "delta": 21.96231174468994}, "costs": {"total_cost": 205.43802118790944, "time_cost": 81.158, "final_distance_cost": 1.8013761201592742, "oscillation_cost": 24.331348852618653, "completition_cost": 0.0, "overshoot_cost": 54.64282130237832, "power_cost": 22.11828731689453, "noise_cost": 21.38618759585867, "n_waypoints_completed": 9, "tot_waypoints": 9}}
{"target": -194.97901380811754, "params": {"k_pid_pos": [1.4340672435785011, 0.024859491386256316, 0.8100884609760892], "k_pid_alt": [1.4458679973838424, 0.0, 0.3146878632891922], "k_pid_att": [43.948176657889235, 3.8677381495188174, 0.837110513405392], "k_pid_yaw": [0.5, 1e-06, 0.1], "k_pid_hsp": [2.575161370303539, 0.011264223901387349, 0.0], "k_pid_vsp": [86.28438231591274, 156.73508457218338, 10.0]}, "datetime": {"datetime": "2025-08-13 15:13:30", "elapsed": 19538.547427654266, "delta": 20.173337936401367}, "costs": {"total_cost": 194.97901380811754, "time_cost": 71.596, "final_distance_cost": 1.8454010769540163, "oscillation_cost": 34.74352313338951, "completition_cost": 0.0, "overshoot_cost": 50.27271808240517, "power_cost": 16.47974298095703, "noise_cost": 20.041628534411814, "n_waypoints_completed": 9, "tot_waypoints": 9}}
{"target": -192.9173492902809, "params": {"k_pid_pos": [1.4340672435785011, 0.024859491386256316, 0.8519347702918288], "k_pid_alt": [1.4458679973838424, 0.0, 0.3146878632891922], "k_pid_att": [43.948176657889235, 0.18205753750414305, 0.6556425588286899], "k_pid_yaw": [0.5, 1e-06, 0.1], "k_pid_hsp": [0.09847755819799779, 0.011264223901387349, 0.0], "k_pid_vsp": [277.2708477836043, 57.129046615745594, 10.0]}, "datetime": {"datetime": "2025-08-13 15:13:50", "elapsed": 19558.511244773865, "delta": 19.96381711959839}, "costs": {"total_cost": 192.9173492902809, "time_cost": 71.148, "final_distance_cost": 1.8278990010598208, "oscillation_cost": 26.927302034686022, "completition_cost": 0.0, "overshoot_cost": 51.222783804693385, "power_cost": 20.91695671386719, "noise_cost": 20.87440773597447, "n_waypoints_completed": 9, "tot_waypoints": 9}}
{"target": -181.97335091257798, "params": {"k_pid_pos": [1.4340672435785011, 0.024859491386256316, 0.8519347702918288], "k_pid_alt": [1.4458679973838424, 0.0, 0.3146878632891922], "k_pid_att": [43.948176657889235, 0.18205753750414305, 0.34464953207076743], "k_pid_yaw": [0.5, 1e-06, 0.1], "k_pid_hsp": [0.09847755819799779, 0.011264223901387349, 0.0], "k_pid_vsp": [277.2708477836043, 93.09285943774285, 10.0]}, "datetime": {"datetime": "2025-08-13 15:14:09", "elapsed": 19577.709320783615, "delta": 19.198076009750366}, "costs": {"total_cost": 181.97335091257798, "time_cost": 70.602, "final_distance_cost": 1.8373703359779032, "oscillation_cost": 27.24850761451465, "completition_cost": 0.0, "overshoot_cost": 51.10994511874908, "power_cost": 12.397640759277344, "noise_cost": 18.777887084058975, "n_waypoints_completed": 9, "tot_waypoints": 9}}
{"target": -192.25724295679555, "params": {"k_pid_pos": [1.4340672435785011, 0.024859491386256316, 0.4894518338289183], "k_pid_alt": [1.0304713630477362, 0.0, 0.3146878632891922], "k_pid_att": [43.948176657889235, 3.8677381495188174, 0.34464953207076743], "k_pid_yaw": [0.5, 1e-06, 0.1], "k_pid_hsp": [0.09847755819799779, 0.011264223901387349, 0.0], "k_pid_vsp": [277.2708477836043, 93.09285943774285, 10.0]}, "datetime": {"datetime": "2025-08-13 15:14:28", "elapsed": 19597.05366873741, "delta": 19.344347953796387}, "costs": {"total_cost": 192.25724295679555, "time_cost": 71.84100000000001, "final_distance_cost": 1.8310156159499973, "oscillation_cost": 28.508701805865613, "completition_cost": 0.0, "overshoot_cost": 51.453597031410226, "power_cost": 19.515954895019533, "noise_cost": 19.10697360855017, "n_waypoints_completed": 9, "tot_waypoints": 9}}
{"target": -983.1656326144373, "params": {"k_pid_pos": [1.4340672435785011, 0.024859491386256316, 0.025149501090233062], "k_pid_alt": [1.4458679973838424, 0.12488734511065003, 0.3146878632891922], "k_pid_att": [43.948176657889235, 0.18205753750414305, 0.34464953207076743], "k_pid_yaw": [0.5, 1e-06, 0.1], "k_pid_hsp": [0.09847755819799779, 0.24371102717533222, 0.0], "k_pid_vsp": [277.2708477836043, 93.09285943774285, 10.0]}, "datetime": {"datetime": "2025-08-13 15:15:02", "elapsed": 19630.79998111725, "delta": 33.746312379837036}, "costs": {"total_cost": 983.1656326144373, "time_cost": 150, "final_distance_cost": 43.94501619337524, "oscillation_cost": 114.49647009186553, "completition_cost": 555.5555555555555, "overshoot_cost": 46.607083167270886, "power_cost": 37.96399523925781, "noise_cost": 34.597512367112365, "n_waypoints_completed": 4, "tot_waypoints": 9}}
{"target": -192.90549833538972, "params": {"k_pid_pos": [1.4340672435785011, 0.024859491386256316, 0.44963268842268056], "k_pid_alt": [1.4458679973838424, 0.8508808097559035, 0.13294310327404035], "k_pid_att": [39.447728079683905, 3.8677381495188174, 0.1432438844471683], "k_pid_yaw": [0.5, 1e-06, 0.1], "k_pid_hsp": [0.09847755819799779, 0.011264223901387349, 0.0], "k_pid_vsp": [86.28438231591274, 156.73508457218338, 10.0]}, "datetime": {"datetime": "2025-08-13 15:15:23", "elapsed": 19651.43332529068, "delta": 20.633344173431396}, "costs": {"total_cost": 192.90549833538972, "time_cost": 75.152, "final_distance_cost": 1.770879913444782, "oscillation_cost": 34.32345549786435, "completition_cost": 0.0, "overshoot_cost": 52.15510933269089, "power_cost": 10.812738916015626, "noise_cost": 18.691314675374066, "n_waypoints_completed": 9, "tot_waypoints": 9}}
{"target": -189.7188612557876, "params": {"k_pid_pos": [1.4340672435785011, 0.024859491386256316, 0.44963268842268056], "k_pid_alt": [1.4458679973838424, 0.0, 0.22260652447727036], "k_pid_att": [50.98074059285719, 3.8677381495188174, 0.8257697299075593], "k_pid_yaw": [0.5, 1e-06, 0.1], "k_pid_hsp": [0.09847755819799779, 0.011264223901387349, 0.0], "k_pid_vsp": [366.9222945638871, 93.09285943774285, 10.0]}, "datetime": {"datetime": "2025-08-13 15:15:42", "elapsed": 19670.680735349655, "delta": 19.24741005897522}, "costs": {"total_cost": 189.7188612557876, "time_cost": 70.455, "final_distance_cost": 1.8022854047369206, "oscillation_cost": 28.63919822190857, "completition_cost": 0.0, "overshoot_cost": 51.466156521206905, "power_cost": 18.738867236328126, "noise_cost": 18.61735387160707, "n_waypoints_completed": 9, "tot_waypoints": 9}}
{"target": -208.14614037227358, "params": {"k_pid_pos": [0.9382506112798048, 0.024859491386256316, 0.8519347702918288], "k_pid_alt": [1.4458679973838424, 0.0, 0.3146878632891922], "k_pid_att": [39.447728079683905, 8.039636722459171, 0.8792759721912583], "k_pid_yaw": [0.5, 1e-06, 0.1], "k_pid_hsp": [1.212585439599864, 0.011264223901387349, 0.0], "k_pid_vsp": [194.7624155113164, 87.58200976551859, 10.0]}, "datetime": {"datetime": "2025-08-13 15:16:05", "elapsed": 19693.165875434875, "delta": 22.485140085220337}, "costs": {"total_cost": 208.14614037227358, "time_cost": 81.34700000000001, "final_distance_cost": 1.8574158541160615, "oscillation_cost": 31.042008077929253, "completition_cost": 0.0, "overshoot_cost": 51.663767441685614, "power_cost": 20.780693872070312, "noise_cost": 21.455255126472338, "n_waypoints_completed": 9, "tot_waypoints": 9}}
{"target": -229.80514621908964, "params": {"k_pid_pos": [0.3872541593407814, 0.024859491386256316, 0.44963268842268056], "k_pid_alt": [1.1171055843486601, 0.0, 0.13294310327404035], "k_pid_att": [39.447728079683905, 3.8677381495188174, 0.4533553111744568], "k_pid_yaw": [0.5, 1e-06, 0.1], "k_pid_hsp": [0.09847755819799779, 0.011264223901387349, 0.0], "k_pid_vsp": [194.7624155113164, 87.58200976551859, 10.0]}, "datetime": {"datetime": "2025-08-13 15:16:32", "elapsed": 19720.82553744316, "delta": 27.659662008285522}, "costs": {"total_cost": 229.80514621908964, "time_cost": 98.994, "final_distance_cost": 1.8608417170060507, "oscillation_cost": 17.682317573535848, "completition_cost": 0.0, "overshoot_cost": 55.0464579599828, "power_cost": 26.176483850097657, "noise_cost": 30.04504511846726, "n_waypoints_completed": 9, "tot_waypoints": 9}}
{"target": -185.58343242622578, "params": {"k_pid_pos": [1.4340672435785011, 0.024859491386256316, 0.44963268842268056], "k_pid_alt": [1.4458679973838424, 0.0, 0.13294310327404035], "k_pid_att": [39.447728079683905, 3.8677381495188174, 0.6426065009168366], "k_pid_yaw": [0.5, 1e-06, 0.1], "k_pid_hsp": [0.09847755819799779, 0.011264223901387349, 0.0], "k_pid_vsp": [17.18305095025783, 93.09285943774285, 10.0]}, "datetime": {"datetime": "2025-08-13 15:16:51", "elapsed": 19740.071561336517, "delta": 19.246023893356323}, "costs": {"total_cost": 185.58343242622578, "time_cost": 69.671, "final_distance_cost": 1.8055916654548336, "oscillation_cost": 29.669165173836372, "completition_cost": 0.0, "overshoot_cost": 50.98209607056823, "power_cost": 14.983385424804688, "noise_cost": 18.472194091561683, "n_waypoints_completed": 9, "tot_waypoints": 9}}
{"target": -208.23060173058062, "params": {"k_pid_pos": [1.901325454231368, 0.024859491386256316, 0.15676371154545432], "k_pid_alt": [1.0304713630477362, 0.0, 0.3146878632891922], "k_pid_att": [43.948176657889235, 3.8677381495188174, 0.34464953207076743], "k_pid_yaw": [0.5, 1e-06, 0.1], "k_pid_hsp": [0.09847755819799779, 0.011264223901387349, 0.0], "k_pid_vsp": [277.2708477836043, 93.09285943774285, 10.0]}, "datetime": {"datetime": "2025-08-13 15:17:12", "elapsed": 19760.12287425995, "delta": 20.051312923431396}, "costs": {"total_cost": 208.23060173058062, "time_cost": 74.529, "final_distance_cost": 1.7868505523202243, "oscillation_cost": 35.94447941998216, "completition_cost": 0.0, "overshoot_cost": 51.94494918556673, "power_cost": 22.75716345214844, "noise_cost": 21.268159120563098, "n_waypoints_completed": 9, "tot_waypoints": 9}}
{"target": -187.7373031770251, "params": {"k_pid_pos": [1.4340672435785011, 0.024859491386256316, 0.8519347702918288], "k_pid_alt": [1.296896341175293, 0.0, 0.07734400225577898], "k_pid_att": [58.45879911684221, 3.8677381495188174, 0.1845336041603497], "k_pid_yaw": [0.5, 1e-06, 0.1], "k_pid_hsp": [0.09847755819799779, 0.011264223901387349, 0.0], "k_pid_vsp": [86.28438231591274, 156.73508457218338, 10.0]}, "datetime": {"datetime": "2025-08-13 15:17:32", "elapsed": 19780.189235925674, "delta": 20.066361665725708}, "costs": {"total_cost": 187.7373031770251, "time_cost": 70.322, "final_distance_cost": 1.8438134273204043, "oscillation_cost": 28.45920669915686, "completition_cost": 0.0, "overshoot_cost": 50.860862077739114, "power_cost": 17.776008508300784, "noise_cost": 18.475412464507937, "n_waypoints_completed": 9, "tot_waypoints": 9}}
{"target": -190.0699005305477, "params": {"k_pid_pos": [1.4340672435785011, 0.024859491386256316, 0.44963268842268056], "k_pid_alt": [1.4458679973838424, 0.0, 0.7749404481107842], "k_pid_att": [39.447728079683905, 3.8677381495188174, 0.8257697299075593], "k_pid_yaw": [0.5, 1e-06, 0.1], "k_pid_hsp": [0.09847755819799779, 0.011264223901387349, 0.0], "k_pid_vsp": [17.18305095025783, 93.09285943774285, 10.0]}, "datetime": {"datetime": "2025-08-13 15:17:51", "elapsed": 19799.473233938217, "delta": 19.283998012542725}, "costs": {"total_cost": 190.0699005305477, "time_cost": 71.12, "final_distance_cost": 1.8086769315812428, "oscillation_cost": 29.8356429504241, "completition_cost": 0.0, "overshoot_cost": 50.61598712174015, "power_cost": 18.115040625000002, "noise_cost": 18.5745529018022, "n_waypoints_completed": 9, "tot_waypoints": 9}}
{"target": -182.55540793361567, "params": {"k_pid_pos": [1.4340672435785011, 0.024859491386256316, 0.8519347702918288], "k_pid_alt": [1.4458679973838424, 0.0, 0.3146878632891922], "k_pid_att": [43.948176657889235, 0.18205753750414305, 0.34464953207076743], "k_pid_yaw": [0.5, 1e-06, 0.1], "k_pid_hsp": [0.09847755819799779, 0.011264223901387349, 0.0], "k_pid_vsp": [86.28438231591274, 156.73508457218338, 10.0]}, "datetime": {"datetime": "2025-08-13 15:18:10", "elapsed": 19818.982296943665, "delta": 19.509063005447388}, "costs": {"total_cost": 182.55540793361567, "time_cost": 70.378, "final_distance_cost": 1.8433887511963476, "oscillation_cost": 27.673941551530888, "completition_cost": 0.0, "overshoot_cost": 50.26813649592194, "power_cost": 13.545574340820313, "noise_cost": 18.84636679414621, "n_waypoints_completed": 9, "tot_waypoints": 9}}
{"target": -190.7709598611855, "params": {"k_pid_pos": [1.4340672435785011, 0.024859491386256316, 0.44963268842268056], "k_pid_alt": [1.4458679973838424, 0.0, 0.13294310327404035], "k_pid_att": [39.447728079683905, 5.075554186145011, 0.8257697299075593], "k_pid_yaw": [0.5, 1e-06, 0.1], "k_pid_hsp": [0.09847755819799779, 0.011264223901387349, 0.0], "k_pid_vsp": [277.2708477836043, 93.09285943774285, 10.0]}, "datetime": {"datetime": "2025-08-13 15:18:29", "elapsed": 19837.491879463196, "delta": 18.50958251953125}, "costs": {"total_cost": 190.7709598611855, "time_cost": 70.014, "final_distance_cost": 1.804323868370396, "oscillation_cost": 28.82863062680347, "completition_cost": 0.0, "overshoot_cost": 50.91803740622458, "power_cost": 19.599114794921874, "noise_cost": 19.606853164865218, "n_waypoints_completed": 9, "tot_waypoints": 9}}
{"target": -207.5305732843423, "params": {"k_pid_pos": [1.4340672435785011, 0.024859491386256316, 0.8519347702918288], "k_pid_alt": [1.2693649380879928, 0.07699080812060333, 0.16072894317769304], "k_pid_att": [58.45879911684221, 3.8677381495188174, 0.1845336041603497], "k_pid_yaw": [0.5, 1e-06, 0.1], "k_pid_hsp": [0.09847755819799779, 0.011264223901387349, 0.0], "k_pid_vsp": [17.18305095025783, 93.09285943774285, 10.0]}, "datetime": {"datetime": "2025-08-13 15:18:52", "elapsed": 19860.496890306473, "delta": 23.005010843276978}, "costs": {"total_cost": 207.5305732843423, "time_cost": 84.518, "final_distance_cost": 1.8132733463896717, "oscillation_cost": 30.5055962314836, "completition_cost": 0.0, "overshoot_cost": 51.845601059216406, "power_cost": 17.03246748046875, "noise_cost": 21.815635166783874, "n_waypoints_completed": 9, "tot_waypoints": 9}}
{"target": -185.31237651153103, "params": {"k_pid_pos": [1.4340672435785011, 0.024859491386256316, 0.4894518338289183], "k_pid_alt": [1.0304713630477362, 0.0, 0.3146878632891922], "k_pid_att": [43.948176657889235, 3.8677381495188174, 0.34464953207076743], "k_pid_yaw": [0.5, 1e-06, 0.1], "k_pid_hsp": [0.09847755819799779, 0.011264223901387349, 0.0], "k_pid_vsp": [277.2708477836043, 93.09285943774285, 10.0]}, "datetime": {"datetime": "2025-08-13 15:19:12", "elapsed": 19880.299373865128, "delta": 19.802483558654785}, "costs": {"total_cost": 185.31237651153103, "time_cost": 71.505, "final_distance_cost": 1.819145977189478, "oscillation_cost": 28.793500831020076, "completition_cost": 0.0, "overshoot_cost": 50.8176268884828, "power_cost": 14.42554012451172, "noise_cost": 17.951562690326956, "n_waypoints_completed": 9, "tot_waypoints": 9}}
