{"target": -1073.8478550987522, "params": {"k_pid_pos": [0.49275800590297264, 0.18848155022322047, 0.17888737446852812], "k_pid_alt": [1.515427128667956, 0.0, 0.8361997509577753], "k_pid_att": [19.462821160492226, 4.452622529689853, 0.1845336041603497], "k_pid_yaw": [0.5, 1e-06, 0.1], "k_pid_hsp": [2.756422947328575, 0.19072715732271805, 0.0], "k_pid_vsp": [194.7624155113164, 20.0, 173.34956715038942]}, "datetime": {"datetime": "2025-08-13 11:37:11", "elapsed": 6559.603832960129, "delta": 50.937225103378296}, "costs": {"total_cost": 1073.8478550987522, "time_cost": 150, "final_distance_cost": 60.35108179474188, "oscillation_cost": 31.060203926183014, "completition_cost": 666.6666666666667, "overshoot_cost": 104.95735805770428, "power_cost": 25.515099084472656, "noise_cost": 35.29744556898365, "n_waypoints_completed": 3, "tot_waypoints": 9}}
{"target": -1881.3376694578085, "params": {"k_pid_pos": [1.1496839804071068, 0.024859491386256316, 0.11401919133455096], "k_pid_alt": [1.2679502233621702, 0.0, 0.9425092633198067], "k_pid_att": [39.447728079683905, 3.8677381495188174, 0.1845336041603497], "k_pid_yaw": [0.5, 1e-06, 0.1], "k_pid_hsp": [0.09847755819799779, 0.06188547702557645, 0.5996188995128691], "k_pid_vsp": [373.35534273797225, 20.0, 10.0]}, "datetime": {"datetime": "2025-08-13 11:38:02", "elapsed": 6610.33021068573, "delta": 50.726377725601196}, "costs": {"total_cost": 1881.3376694578085, "time_cost": 150, "final_distance_cost": 87.34884130815186, "oscillation_cost": 826.1434937609772, "completition_cost": 666.6666666666667, "overshoot_cost": 97.28216439908076, "power_cost": 25.450352868652345, "noise_cost": 28.446150454279653, "n_waypoints_completed": 3, "tot_waypoints": 9}}
{"target": -201.9829139664188, "params": {"k_pid_pos": [1.849624377781123, 0.024859491386256316, 0.7374604451918155], "k_pid_alt": [1.2679502233621702, 0.3112231092042238, 0.434035615756316], "k_pid_att": [39.447728079683905, 7.284845820832624, 0.1845336041603497], "k_pid_yaw": [0.5, 1e-06, 0.1], "k_pid_hsp": [0.09847755819799779, 0.011264223901387349, 0.0], "k_pid_vsp": [194.7624155113164, 15.500533572620455, 10.0]}, "datetime": {"datetime": "2025-08-13 11:38:36", "elapsed": 6644.6976799964905, "delta": 34.3674693107605}, "costs": {"total_cost": 201.9829139664188, "time_cost": 78.72200000000001, "final_distance_cost": 1.7433055452387751, "oscillation_cost": 32.95373981178815, "completition_cost": 0.0, "overshoot_cost": 52.34210997208782, "power_cost": 16.29535056152344, "noise_cost": 19.926408075780614, "n_waypoints_completed": 9, "tot_waypoints": 9}}
{"target": -230.07921588231332, "params": {"k_pid_pos": [0.49275800590297264, 0.18848155022322047, 0.17888737446852812], "k_pid_alt": [1.2679502233621702, 0.02520494712616217, 0.949345597264735], "k_pid_att": [39.447728079683905, 3.8677381495188174, 0.1845336041603497], "k_pid_yaw": [0.5, 1e-06, 0.1], "k_pid_hsp": [0.09847755819799779, 0.011264223901387349, 0.0], "k_pid_vsp": [194.7624155113164, 20.0, 46.4397240445233]}, "datetime": {"datetime": "2025-08-13 11:39:20", "elapsed": 6688.68332529068, "delta": 43.98564529418945}, "costs": {"total_cost": 230.07921588231332, "time_cost": 100.072, "final_distance_cost": 1.808087427451439, "oscillation_cost": 23.637724619740933, "completition_cost": 0.0, "overshoot_cost": 58.92932778181897, "power_cost": 23.12332303466797, "noise_cost": 22.508753018634007, "n_waypoints_completed": 9, "tot_waypoints": 9}}
{"target": -194.57502532211052, "params": {"k_pid_pos": [0.6579544065879377, 0.024859491386256316, 0.44963268842268056], "k_pid_alt": [1.515427128667956, 0.0, 0.8361997509577753], "k_pid_att": [19.462821160492226, 4.452622529689853, 0.1845336041603497], "k_pid_yaw": [0.5, 1e-06, 0.1], "k_pid_hsp": [0.09847755819799779, 0.011264223901387349, 0.0], "k_pid_vsp": [194.7624155113164, 82.79406464935073, 10.0]}, "datetime": {"datetime": "2025-08-13 11:39:54", "elapsed": 6723.057720661163, "delta": 34.3743953704834}, "costs": {"total_cost": 194.57502532211052, "time_cost": 77.7, "final_distance_cost": 1.8522968595855176, "oscillation_cost": 23.02466953839413, "completition_cost": 0.0, "overshoot_cost": 51.41541158548882, "power_cost": 19.817199536132815, "noise_cost": 20.765447802509254, "n_waypoints_completed": 9, "tot_waypoints": 9}}
{"target": -248.65910127146725, "params": {"k_pid_pos": [1.849624377781123, 0.024859491386256316, 0.6830149564489978], "k_pid_alt": [1.2679502233621702, 0.915396937089632, 0.949345597264735], "k_pid_att": [94.03514125381805, 3.8677381495188174, 0.1845336041603497], "k_pid_yaw": [0.5, 1e-06, 0.1], "k_pid_hsp": [0.09847755819799779, 0.011264223901387349, 0.0], "k_pid_vsp": [194.7624155113164, 15.500533572620455, 10.0]}, "datetime": {"datetime": "2025-08-13 11:40:37", "elapsed": 6765.857480049133, "delta": 42.79975938796997}, "costs": {"total_cost": 248.65910127146725, "time_cost": 94.031, "final_distance_cost": 1.734701406158789, "oscillation_cost": 36.50421387056964, "completition_cost": 0.0, "overshoot_cost": 60.603028908180704, "power_cost": 29.072566027832032, "noise_cost": 26.713591058726053, "n_waypoints_completed": 9, "tot_waypoints": 9}}
{"target": -899.5126716019458, "params": {"k_pid_pos": [1.1496839804071068, 0.024859491386256316, 0.11401919133455096], "k_pid_alt": [1.2679502233621702, 0.0, 0.7404453547781268], "k_pid_att": [39.447728079683905, 1.1017894340568208, 0.1845336041603497], "k_pid_yaw": [0.5, 1e-06, 0.1], "k_pid_hsp": [0.09847755819799779, 0.8344227521511565, 0.0], "k_pid_vsp": [194.7624155113164, 93.09285943774285, 10.0]}, "datetime": {"datetime": "2025-08-13 11:41:31", "elapsed": 6819.283960103989, "delta": 53.42648005485535}, "costs": {"total_cost": 899.5126716019458, "time_cost": 150, "final_distance_cost": 52.473187185759336, "oscillation_cost": 112.31650797315409, "completition_cost": 444.4444444444444, "overshoot_cost": 62.447591592498206, "power_cost": 41.73772119140625, "noise_cost": 36.093219214683614, "n_waypoints_completed": 5, "tot_waypoints": 9}}
{"target": -196.54734793539927, "params": {"k_pid_pos": [1.849624377781123, 0.024859491386256316, 0.2995124902746459], "k_pid_alt": [1.2679502233621702, 0.0, 0.949345597264735], "k_pid_att": [85.02836851553842, 7.284845820832624, 0.004857337777279036], "k_pid_yaw": [0.5, 1e-06, 0.1], "k_pid_hsp": [0.09847755819799779, 0.011264223901387349, 0.0], "k_pid_vsp": [194.7624155113164, 351.388862279923, 10.0]}, "datetime": {"datetime": "2025-08-13 11:42:03", "elapsed": 6851.858016252518, "delta": 32.57405614852905}, "costs": {"total_cost": 196.54734793539927, "time_cost": 73.024, "final_distance_cost": 1.8047080926759331, "oscillation_cost": 37.737230423316454, "completition_cost": 0.0, "overshoot_cost": 50.82492217499761, "power_cost": 14.336970349121094, "noise_cost": 18.819516895288185, "n_waypoints_completed": 9, "tot_waypoints": 9}}
{"target": -1825.5547769947264, "params": {"k_pid_pos": [1.849624377781123, 0.024859491386256316, 0.44963268842268056], "k_pid_alt": [1.2679502233621702, 0.0, 0.5619409236011778], "k_pid_att": [39.447728079683905, 3.8677381495188174, 0.596239409547933], "k_pid_yaw": [0.5, 1e-06, 0.1], "k_pid_hsp": [0.09847755819799779, 0.011264223901387349, 0.3643615764756113], "k_pid_vsp": [194.7624155113164, 20.0, 10.0]}, "datetime": {"datetime": "2025-08-13 11:42:55", "elapsed": 6904.0659511089325, "delta": 52.207934856414795}, "costs": {"total_cost": 1825.5547769947264, "time_cost": 150, "final_distance_cost": 87.52960776758394, "oscillation_cost": 756.5607478799462, "completition_cost": 666.6666666666667, "overshoot_cost": 109.96124114785685, "power_cost": 26.33089246826172, "noise_cost": 28.505621064410782, "n_waypoints_completed": 3, "tot_waypoints": 9}}
{"target": -216.77940398225596, "params": {"k_pid_pos": [1.849624377781123, 0.03509076592280813, 0.44963268842268056], "k_pid_alt": [1.2679502233621702, 0.0, 0.949345597264735], "k_pid_att": [79.18472897910739, 3.8677381495188174, 0.004857337777279036], "k_pid_yaw": [0.5, 1e-06, 0.1], "k_pid_hsp": [2.882064192075523, 0.011264223901387349, 0.0], "k_pid_vsp": [194.7624155113164, 156.73508457218338, 10.0]}, "datetime": {"datetime": "2025-08-13 11:43:28", "elapsed": 6936.094366312027, "delta": 32.02841520309448}, "costs": {"total_cost": 216.77940398225596, "time_cost": 71.869, "final_distance_cost": 1.8326832524665462, "oscillation_cost": 58.107309877341585, "completition_cost": 0.0, "overshoot_cost": 50.098207442392194, "power_cost": 16.45200079345703, "noise_cost": 18.42020261659857, "n_waypoints_completed": 9, "tot_waypoints": 9}}
{"target": -196.6528300852619, "params": {"k_pid_pos": [1.849624377781123, 0.024859491386256316, 0.44963268842268056], "k_pid_alt": [1.2679502233621702, 0.0, 0.949345597264735], "k_pid_att": [14.415714892135846, 3.8677381495188174, 0.1845336041603497], "k_pid_yaw": [0.5, 1e-06, 0.1], "k_pid_hsp": [0.09847755819799779, 0.011264223901387349, 0.0], "k_pid_vsp": [194.7624155113164, 307.0029666248519, 10.0]}, "datetime": {"datetime": "2025-08-13 11:44:00", "elapsed": 6968.506319522858, "delta": 32.41195321083069}, "costs": {"total_cost": 196.6528300852619, "time_cost": 72.94, "final_distance_cost": 1.7983471025960025, "oscillation_cost": 31.758789378642398, "completition_cost": 0.0, "overshoot_cost": 50.689882307090855, "power_cost": 20.302532922363284, "noise_cost": 19.163278374569387, "n_waypoints_completed": 9, "tot_waypoints": 9}}
{"target": -195.37993047070572, "params": {"k_pid_pos": [1.849624377781123, 0.024859491386256316, 0.855962508813682], "k_pid_alt": [1.2679502233621702, 0.0, 0.949345597264735], "k_pid_att": [39.447728079683905, 3.8677381495188174, 0.1845336041603497], "k_pid_yaw": [0.5, 1e-06, 0.1], "k_pid_hsp": [0.09847755819799779, 0.011264223901387349, 0.0], "k_pid_vsp": [257.9492458711449, 307.0029666248519, 10.0]}, "datetime": {"datetime": "2025-08-13 11:44:32", "elapsed": 7000.408412456512, "delta": 31.902092933654785}, "costs": {"total_cost": 195.37993047070572, "time_cost": 73.136, "final_distance_cost": 1.8339983866135858, "oscillation_cost": 29.781184964565075, "completition_cost": 0.0, "overshoot_cost": 50.99598642214142, "power_cost": 20.227760803222658, "noise_cost": 19.404999894162977, "n_waypoints_completed": 9, "tot_waypoints": 9}}
{"target": -192.60955153742998, "params": {"k_pid_pos": [1.849624377781123, 0.024859491386256316, 0.44963268842268056], "k_pid_alt": [1.2679502233621702, 0.02520494712616217, 0.949345597264735], "k_pid_att": [39.447728079683905, 3.8677381495188174, 0.1845336041603497], "k_pid_yaw": [0.5, 1e-06, 0.1], "k_pid_hsp": [0.09847755819799779, 0.011264223901387349, 0.0], "k_pid_vsp": [194.7624155113164, 156.73508457218338, 10.0]}, "datetime": {"datetime": "2025-08-13 11:45:03", "elapsed": 7031.951872110367, "delta": 31.54345965385437}, "costs": {"total_cost": 192.60955153742998, "time_cost": 71.12, "final_distance_cost": 1.7687552392513886, "oscillation_cost": 31.618003566139663, "completition_cost": 0.0, "overshoot_cost": 51.43885689545388, "power_cost": 17.872584509277345, "noise_cost": 18.791351327307687, "n_waypoints_completed": 9, "tot_waypoints": 9}}
{"target": -200.4765751844713, "params": {"k_pid_pos": [1.849624377781123, 0.024859491386256316, 0.44963268842268056], "k_pid_alt": [1.2679502233621702, 0.0, 0.949345597264735], "k_pid_att": [14.415714892135846, 3.8677381495188174, 0.1845336041603497], "k_pid_yaw": [0.5, 1e-06, 0.1], "k_pid_hsp": [0.09847755819799779, 0.011264223901387349, 0.0], "k_pid_vsp": [194.7624155113164, 156.73508457218338, 10.0]}, "datetime": {"datetime": "2025-08-13 11:45:35", "elapsed": 7063.622478485107, "delta": 31.6706063747406}, "costs": {"total_cost": 200.4765751844713, "time_cost": 73.33200000000001, "final_distance_cost": 1.8054205226832278, "oscillation_cost": 31.362054971904104, "completition_cost": 0.0, "overshoot_cost": 51.31271266880535, "power_cost": 21.81608414306641, "noise_cost": 20.848302878012227, "n_waypoints_completed": 9, "tot_waypoints": 9}}
{"target": -189.9340312025247, "params": {"k_pid_pos": [1.849624377781123, 0.024859491386256316, 0.44963268842268056], "k_pid_alt": [1.2679502233621702, 0.02520494712616217, 0.18431000208985737], "k_pid_att": [39.447728079683905, 3.6888469195366334, 0.1845336041603497], "k_pid_yaw": [0.5, 1e-06, 0.1], "k_pid_hsp": [0.09847755819799779, 0.011264223901387349, 0.0], "k_pid_vsp": [295.9324376154018, 15.500533572620455, 10.0]}, "datetime": {"datetime": "2025-08-13 11:46:06", "elapsed": 7094.123226881027, "delta": 30.5007483959198}, "costs": {"total_cost": 189.9340312025247, "time_cost": 70.889, "final_distance_cost": 1.7695795191440862, "oscillation_cost": 31.788316332399923, "completition_cost": 0.0, "overshoot_cost": 52.453304267224155, "power_cost": 14.765101574707032, "noise_cost": 18.268729509049482, "n_waypoints_completed": 9, "tot_waypoints": 9}}
{"target": -197.18994634096458, "params": {"k_pid_pos": [1.849624377781123, 0.024859491386256316, 0.44963268842268056], "k_pid_alt": [1.296896341175293, 0.0, 0.949345597264735], "k_pid_att": [39.447728079683905, 3.8677381495188174, 0.1845336041603497], "k_pid_yaw": [0.5, 1e-06, 0.1], "k_pid_hsp": [0.09847755819799779, 0.011264223901387349, 0.0], "k_pid_vsp": [295.9324376154018, 15.500533572620455, 10.0]}, "datetime": {"datetime": "2025-08-13 11:46:38", "elapsed": 7126.187707662582, "delta": 32.064480781555176}, "costs": {"total_cost": 197.18994634096458, "time_cost": 73.885, "final_distance_cost": 1.8022355750118877, "oscillation_cost": 31.641047554156117, "completition_cost": 0.0, "overshoot_cost": 51.919652141618, "power_cost": 19.110738354492188, "noise_cost": 18.831272715686403, "n_waypoints_completed": 9, "tot_waypoints": 9}}
{"target": -250.1675969270396, "params": {"k_pid_pos": [0.49275800590297264, 0.18848155022322047, 0.17888737446852812], "k_pid_alt": [1.515427128667956, 0.0, 0.016491258977649914], "k_pid_att": [39.447728079683905, 3.8677381495188174, 0.18856007863455804], "k_pid_yaw": [0.5, 1e-06, 0.1], "k_pid_hsp": [6.04138163875019, 0.011264223901387349, 0.0], "k_pid_vsp": [194.7624155113164, 20.0, 10.0]}, "datetime": {"datetime": "2025-08-13 11:47:14", "elapsed": 7162.8592875003815, "delta": 36.67157983779907}, "costs": {"total_cost": 250.1675969270396, "time_cost": 84.315, "final_distance_cost": 1.8422273318156541, "oscillation_cost": 60.35413516066464, "completition_cost": 0.0, "overshoot_cost": 53.348283467738085, "power_cost": 24.722454821777344, "noise_cost": 25.585496145043905, "n_waypoints_completed": 9, "tot_waypoints": 9}}
{"target": -214.15322505605832, "params": {"k_pid_pos": [0.49275800590297264, 0.024859491386256316, 0.44963268842268056], "k_pid_alt": [1.2679502233621702, 0.0, 0.949345597264735], "k_pid_att": [78.69411358121238, 3.8677381495188174, 0.004857337777279036], "k_pid_yaw": [0.5, 1e-06, 0.1], "k_pid_hsp": [0.09847755819799779, 0.011264223901387349, 0.0], "k_pid_vsp": [194.7624155113164, 20.0, 10.0]}, "datetime": {"datetime": "2025-08-13 11:47:53", "elapsed": 7201.556811094284, "delta": 38.69752359390259}, "costs": {"total_cost": 214.15322505605832, "time_cost": 89.789, "final_distance_cost": 1.859127658107721, "oscillation_cost": 29.04728808527887, "completition_cost": 0.0, "overshoot_cost": 53.14118410535324, "power_cost": 15.977889672851564, "noise_cost": 24.338735534466903, "n_waypoints_completed": 9, "tot_waypoints": 9}}
{"target": -189.79999794598248, "params": {"k_pid_pos": [1.849624377781123, 0.024859491386256316, 0.44963268842268056], "k_pid_alt": [1.296896341175293, 0.0, 0.949345597264735], "k_pid_att": [39.447728079683905, 3.8677381495188174, 0.1845336041603497], "k_pid_yaw": [0.5, 1e-06, 0.1], "k_pid_hsp": [0.09847755819799779, 0.011264223901387349, 0.0], "k_pid_vsp": [194.7624155113164, 307.0029666248519, 10.0]}, "datetime": {"datetime": "2025-08-13 11:48:25", "elapsed": 7233.403853416443, "delta": 31.847042322158813}, "costs": {"total_cost": 189.79999794598248, "time_cost": 72.59700000000001, "final_distance_cost": 1.7943600691295576, "oscillation_cost": 32.40242046531908, "completition_cost": 0.0, "overshoot_cost": 51.02214458126099, "power_cost": 13.362222387695313, "noise_cost": 18.62185044257753, "n_waypoints_completed": 9, "tot_waypoints": 9}}
{"target": -201.41958970279208, "params": {"k_pid_pos": [1.849624377781123, 0.024859491386256316, 0.44963268842268056], "k_pid_alt": [1.2679502233621702, 0.02520494712616217, 0.949345597264735], "k_pid_att": [32.6162642003566, 3.8677381495188174, 0.1845336041603497], "k_pid_yaw": [0.5, 1e-06, 0.1], "k_pid_hsp": [0.09847755819799779, 0.011264223901387349, 0.0], "k_pid_vsp": [194.7624155113164, 17.758919719838758, 10.0]}, "datetime": {"datetime": "2025-08-13 11:48:57", "elapsed": 7265.653636217117, "delta": 32.24978280067444}, "costs": {"total_cost": 201.41958970279208, "time_cost": 73.507, "final_distance_cost": 1.8067567030409808, "oscillation_cost": 33.270680441947874, "completition_cost": 0.0, "overshoot_cost": 52.28125469098262, "power_cost": 20.526097912597656, "noise_cost": 20.027799954222953, "n_waypoints_completed": 9, "tot_waypoints": 9}}
{"target": -204.82370826289056, "params": {"k_pid_pos": [1.849624377781123, 0.024859491386256316, 0.964013702359797], "k_pid_alt": [1.2679502233621702, 0.0, 0.949345597264735], "k_pid_att": [39.447728079683905, 3.8677381495188174, 0.1845336041603497], "k_pid_yaw": [0.5, 1e-06, 0.1], "k_pid_hsp": [1.4320530577574415, 0.011264223901387349, 0.0], "k_pid_vsp": [194.7624155113164, 20.0, 10.0]}, "datetime": {"datetime": "2025-08-13 11:49:30", "elapsed": 7298.0948758125305, "delta": 32.44123959541321}, "costs": {"total_cost": 204.82370826289056, "time_cost": 74.592, "final_distance_cost": 1.8474147761034512, "oscillation_cost": 36.46791802592801, "completition_cost": 0.0, "overshoot_cost": 50.94933009103235, "power_cost": 20.121683117675783, "noise_cost": 20.845362252150974, "n_waypoints_completed": 9, "tot_waypoints": 9}}
{"target": -222.95433366500646, "params": {"k_pid_pos": [1.849624377781123, 0.024859491386256316, 0.44963268842268056], "k_pid_alt": [1.2679502233621702, 0.02520494712616217, 0.949345597264735], "k_pid_att": [39.447728079683905, 3.8677381495188174, 0.004857337777279036], "k_pid_yaw": [0.5, 1e-06, 0.1], "k_pid_hsp": [2.882064192075523, 0.011264223901387349, 0.0], "k_pid_vsp": [194.7624155113164, 156.73508457218338, 10.0]}, "datetime": {"datetime": "2025-08-13 11:50:01", "elapsed": 7329.846401453018, "delta": 31.75152564048767}, "costs": {"total_cost": 222.95433366500646, "time_cost": 71.372, "final_distance_cost": 1.8140579369926897, "oscillation_cost": 60.57754354367131, "completition_cost": 0.0, "overshoot_cost": 50.60704075956812, "power_cost": 19.208049438476564, "noise_cost": 19.375641986297772, "n_waypoints_completed": 9, "tot_waypoints": 9}}
{"target": -928.0906313151954, "params": {"k_pid_pos": [1.849624377781123, 0.03509076592280813, 0.44963268842268056], "k_pid_alt": [1.6442545478082136, 0.0, 0.949345597264735], "k_pid_att": [79.18472897910739, 3.8677381495188174, 0.8158333553266057], "k_pid_yaw": [0.5, 1e-06, 0.1], "k_pid_hsp": [0.09847755819799779, 0.7558777308258808, 0.0], "k_pid_vsp": [194.7624155113164, 156.73508457218338, 10.0]}, "datetime": {"datetime": "2025-08-13 11:50:55", "elapsed": 7383.513845682144, "delta": 53.66744422912598}, "costs": {"total_cost": 928.0906313151954, "time_cost": 150, "final_distance_cost": 49.67817295807579, "oscillation_cost": 129.63472207683768, "completition_cost": 444.4444444444444, "overshoot_cost": 76.60519939071824, "power_cost": 41.764249755859375, "noise_cost": 35.96384268926, "n_waypoints_completed": 5, "tot_waypoints": 9}}
{"target": -260.7083417090001, "params": {"k_pid_pos": [0.6579544065879377, 0.15853002911945835, 0.44963268842268056], "k_pid_alt": [1.515427128667956, 0.21267470676003064, 0.949345597264735], "k_pid_att": [39.447728079683905, 3.8677381495188174, 0.1845336041603497], "k_pid_yaw": [0.5, 1e-06, 0.1], "k_pid_hsp": [0.09847755819799779, 0.011264223901387349, 0.0], "k_pid_vsp": [194.7624155113164, 20.0, 10.0]}, "datetime": {"datetime": "2025-08-13 11:51:47", "elapsed": 7435.429617643356, "delta": 51.91577196121216}, "costs": {"total_cost": 260.7083417090001, "time_cost": 119.385, "final_distance_cost": 1.7541691549707612, "oscillation_cost": 25.070368459639813, "completition_cost": 0.0, "overshoot_cost": 56.17238651525054, "power_cost": 28.944507373046875, "noise_cost": 29.38191020609207, "n_waypoints_completed": 9, "tot_waypoints": 9}}
{"target": -191.73825480917773, "params": {"k_pid_pos": [1.849624377781123, 0.024859491386256316, 0.44963268842268056], "k_pid_alt": [1.296896341175293, 0.0, 0.8361997509577753], "k_pid_att": [19.462821160492226, 4.452622529689853, 0.737857181360408], "k_pid_yaw": [0.5, 1e-06, 0.1], "k_pid_hsp": [0.09847755819799779, 0.011264223901387349, 0.0], "k_pid_vsp": [194.7624155113164, 139.20520652041523, 10.0]}, "datetime": {"datetime": "2025-08-13 11:52:18", "elapsed": 7467.073349714279, "delta": 31.64373207092285}, "costs": {"total_cost": 191.73825480917773, "time_cost": 72.205, "final_distance_cost": 1.7838148330146795, "oscillation_cost": 31.400301446872994, "completition_cost": 0.0, "overshoot_cost": 51.500572334865446, "power_cost": 15.97246990966797, "noise_cost": 18.876096284756645, "n_waypoints_completed": 9, "tot_waypoints": 9}}
