{"target": -196.34360941418748, "params": {"k_pid_pos": [1.9176378968916694, 0.024859491386256316, 0.44963268842268056], "k_pid_alt": [1.6319753356852484, 0.0, 0.6145304926431803], "k_pid_att": [39.447728079683905, 7.4108832951548855, 0.6179952950406163], "k_pid_yaw": [0.5, 1e-06, 0.1], "k_pid_hsp": [0.09847755819799779, 0.011264223901387349, 0.0], "k_pid_vsp": [284.5460512203246, 93.09285943774285, 10.0]}, "datetime": {"datetime": "2025-08-13 16:26:33", "elapsed": 23921.732815742493, "delta": 21.59588623046875}, "costs": {"total_cost": 196.34360941418748, "time_cost": 70.959, "final_distance_cost": 1.7655652606912566, "oscillation_cost": 31.27491303202697, "completition_cost": 0.0, "overshoot_cost": 51.667840011699674, "power_cost": 20.672440551757813, "noise_cost": 20.003850558011788, "n_waypoints_completed": 9, "tot_waypoints": 9}}
{"target": -1894.825535375824, "params": {"k_pid_pos": [1.4340672435785011, 0.9016903038374416, 0.8519347702918288], "k_pid_alt": [1.4458679973838424, 0.0, 0.6600607021214705], "k_pid_att": [39.447728079683905, 3.8677381495188174, 0.5088498556215773], "k_pid_yaw": [0.5, 1e-06, 0.1], "k_pid_hsp": [0.09847755819799779, 0.011264223901387349, 0.28190674535330673], "k_pid_vsp": [315.8089586555307, 93.09285943774285, 10.0]}, "datetime": {"datetime": "2025-08-13 16:27:09", "elapsed": 23957.255224227905, "delta": 35.5224084854126}, "costs": {"total_cost": 1894.825535375824, "time_cost": 150, "final_distance_cost": 95.37070444406193, "oscillation_cost": 801.591805827271, "completition_cost": 666.6666666666667, "overshoot_cost": 116.03392943678944, "power_cost": 35.049379125976564, "noise_cost": 30.113049875058234, "n_waypoints_completed": 3, "tot_waypoints": 9}}
{"target": -185.49786285685028, "params": {"k_pid_pos": [1.733835489643198, 0.024859491386256316, 0.8519347702918288], "k_pid_alt": [1.4458679973838424, 0.0, 0.3146878632891922], "k_pid_att": [43.948176657889235, 0.18205753750414305, 0.34464953207076743], "k_pid_yaw": [0.5, 1e-06, 0.1], "k_pid_hsp": [0.09847755819799779, 0.011264223901387349, 0.0], "k_pid_vsp": [376.5747392387296, 93.09285943774285, 10.0]}, "datetime": {"datetime": "2025-08-13 16:27:29", "elapsed": 23977.21738433838, "delta": 19.962160110473633}, "costs": {"total_cost": 185.49786285685028, "time_cost": 70.105, "final_distance_cost": 1.8313082779168794, "oscillation_cost": 28.596678685370733, "completition_cost": 0.0, "overshoot_cost": 50.77629072370565, "power_cost": 16.882826049804688, "noise_cost": 17.305759120052326, "n_waypoints_completed": 9, "tot_waypoints": 9}}
{"target": -541.9501120927034, "params": {"k_pid_pos": [1.4340672435785011, 0.024859491386256316, 0.8519347702918288], "k_pid_alt": [1.4458679973838424, 0.6017481209158007, 0.13294310327404035], "k_pid_att": [39.447728079683905, 3.8677381495188174, 0.9798181594307654], "k_pid_yaw": [0.5, 1e-06, 0.1], "k_pid_hsp": [2.081042749328253, 0.011264223901387349, 0.2621727531502741], "k_pid_vsp": [17.18305095025783, 249.2161134825686, 10.0]}, "datetime": {"datetime": "2025-08-13 16:27:56", "elapsed": 24004.581187725067, "delta": 27.363803386688232}, "costs": {"total_cost": 541.9501120927034, "time_cost": 99.519, "final_distance_cost": 1.7718522623834085, "oscillation_cost": 323.8740106850781, "completition_cost": 0.0, "overshoot_cost": 58.540675522117674, "power_cost": 31.935649023437502, "noise_cost": 26.308924599686733, "n_waypoints_completed": 9, "tot_waypoints": 9}}
{"target": -203.57397724595998, "params": {"k_pid_pos": [0.9203224573796739, 0.024859491386256316, 0.8519347702918288], "k_pid_alt": [1.4458679973838424, 0.0, 0.3146878632891922], "k_pid_att": [22.261599542950584, 0.18205753750414305, 0.34464953207076743], "k_pid_yaw": [0.5, 1e-06, 0.1], "k_pid_hsp": [0.09847755819799779, 0.011264223901387349, 0.0], "k_pid_vsp": [277.2708477836043, 93.09285943774285, 40.70050142659987]}, "datetime": {"datetime": "2025-08-13 16:28:19", "elapsed": 24027.866989135742, "delta": 23.28580141067505}, "costs": {"total_cost": 203.57397724595998, "time_cost": 78.057, "final_distance_cost": 1.8535649923999633, "oscillation_cost": 24.164178401075002, "completition_cost": 0.0, "overshoot_cost": 53.4675181500761, "power_cost": 22.751744104003908, "noise_cost": 23.279971598404984, "n_waypoints_completed": 9, "tot_waypoints": 9}}
{"target": -197.54520943206091, "params": {"k_pid_pos": [1.531426011234853, 0.024859491386256316, 0.8519347702918288], "k_pid_alt": [1.4458679973838424, 0.6017481209158007, 0.13294310327404035], "k_pid_att": [69.0263735565004, 3.8677381495188174, 0.6559199499296157], "k_pid_yaw": [0.5, 1e-06, 0.1], "k_pid_hsp": [0.09847755819799779, 0.011264223901387349, 0.0], "k_pid_vsp": [277.2708477836043, 93.09285943774285, 10.0]}, "datetime": {"datetime": "2025-08-13 16:28:39", "elapsed": 24047.62279176712, "delta": 19.755802631378174}, "costs": {"total_cost": 197.54520943206091, "time_cost": 76.02, "final_distance_cost": 1.7892238339127051, "oscillation_cost": 28.642044967043557, "completition_cost": 0.0, "overshoot_cost": 52.335705486334085, "power_cost": 19.84307781982422, "noise_cost": 18.91515732494633, "n_waypoints_completed": 9, "tot_waypoints": 9}}
{"target": -233.0881576878619, "params": {"k_pid_pos": [1.733835489643198, 0.8954681105093145, 0.44963268842268056], "k_pid_alt": [1.4458679973838424, 0.0, 0.3146878632891922], "k_pid_att": [43.948176657889235, 0.18205753750414305, 0.34464953207076743], "k_pid_yaw": [0.5, 1e-06, 0.1], "k_pid_hsp": [0.09847755819799779, 0.011264223901387349, 0.0], "k_pid_vsp": [17.18305095025783, 384.4918570939374, 10.0]}, "datetime": {"datetime": "2025-08-13 16:29:02", "elapsed": 24070.295956134796, "delta": 22.67316436767578}, "costs": {"total_cost": 233.0881576878619, "time_cost": 86.499, "final_distance_cost": 1.8015152275694473, "oscillation_cost": 39.138062310543376, "completition_cost": 0.0, "overshoot_cost": 56.337851746503475, "power_cost": 26.145209033203127, "noise_cost": 23.166519370042455, "n_waypoints_completed": 9, "tot_waypoints": 9}}
{"target": -187.34328210938295, "params": {"k_pid_pos": [1.4340672435785011, 0.024859491386256316, 0.8519347702918288], "k_pid_alt": [1.4458679973838424, 0.0, 0.3146878632891922], "k_pid_att": [42.28034808905181, 0.18205753750414305, 0.34464953207076743], "k_pid_yaw": [0.5, 1e-06, 0.1], "k_pid_hsp": [0.09847755819799779, 0.011264223901387349, 0.0], "k_pid_vsp": [200.4106445826773, 300.6723471101404, 10.0]}, "datetime": {"datetime": "2025-08-13 16:29:22", "elapsed": 24090.19828557968, "delta": 19.902329444885254}, "costs": {"total_cost": 187.34328210938295, "time_cost": 70.574, "final_distance_cost": 1.8263543652138714, "oscillation_cost": 27.58671473701616, "completition_cost": 0.0, "overshoot_cost": 50.676389800447744, "power_cost": 18.284057385253906, "noise_cost": 18.39576582145128, "n_waypoints_completed": 9, "tot_waypoints": 9}}
{"target": -224.32687433948394, "params": {"k_pid_pos": [1.733835489643198, 0.024859491386256316, 0.44963268842268056], "k_pid_alt": [1.4458679973838424, 0.0, 0.13294310327404035], "k_pid_att": [39.447728079683905, 3.8677381495188174, 0.040463079828827464], "k_pid_yaw": [0.5, 1e-06, 0.1], "k_pid_hsp": [0.09847755819799779, 0.011264223901387349, 0.0], "k_pid_vsp": [277.2708477836043, 197.31441805153213, 139.228478617239]}, "datetime": {"datetime": "2025-08-13 16:29:47", "elapsed": 24115.47014760971, "delta": 25.271862030029297}, "costs": {"total_cost": 224.32687433948394, "time_cost": 83.706, "final_distance_cost": 1.8012711385755933, "oscillation_cost": 35.489125115788184, "completition_cost": 0.0, "overshoot_cost": 58.31374953061344, "power_cost": 23.432330249023437, "noise_cost": 21.584398305483305, "n_waypoints_completed": 9, "tot_waypoints": 9}}
{"target": -389.77407295567593, "params": {"k_pid_pos": [1.4340672435785011, 0.024859491386256316, 0.8519347702918288], "k_pid_alt": [1.4458679973838424, 0.6471374812877945, 0.3146878632891922], "k_pid_att": [42.28034808905181, 0.18205753750414305, 0.34464953207076743], "k_pid_yaw": [0.5, 1e-06, 0.1], "k_pid_hsp": [9.493909012881645, 0.011264223901387349, 0.0], "k_pid_vsp": [161.6260857813284, 197.31441805153213, 10.0]}, "datetime": {"datetime": "2025-08-13 16:30:10", "elapsed": 24138.15159010887, "delta": 22.681442499160767}, "costs": {"total_cost": 389.77407295567593, "time_cost": 81.389, "final_distance_cost": 1.816615400705377, "oscillation_cost": 209.51542430694613, "completition_cost": 0.0, "overshoot_cost": 53.09247454005519, "power_cost": 22.40625797119141, "noise_cost": 21.554300736777844, "n_waypoints_completed": 9, "tot_waypoints": 9}}
{"target": -194.02550702705105, "params": {"k_pid_pos": [1.4340672435785011, 0.024859491386256316, 0.8519347702918288], "k_pid_alt": [1.4458679973838424, 0.0, 0.6600607021214705], "k_pid_att": [39.447728079683905, 3.8677381495188174, 0.5088498556215773], "k_pid_yaw": [0.5, 1e-06, 0.1], "k_pid_hsp": [0.09847755819799779, 0.011264223901387349, 0.0], "k_pid_vsp": [315.8089586555307, 164.83928767117857, 10.0]}, "datetime": {"datetime": "2025-08-13 16:30:30", "elapsed": 24158.68797683716, "delta": 20.536386728286743}, "costs": {"total_cost": 194.02550702705105, "time_cost": 71.925, "final_distance_cost": 1.844405648690439, "oscillation_cost": 27.170090274579923, "completition_cost": 0.0, "overshoot_cost": 51.3744251040664, "power_cost": 20.99170841064453, "noise_cost": 20.719877589069768, "n_waypoints_completed": 9, "tot_waypoints": 9}}
{"target": -189.8373757884447, "params": {"k_pid_pos": [1.4164186877546903, 0.18803970651757562, 0.44963268842268056], "k_pid_alt": [1.4458679973838424, 0.0, 0.46972286414476394], "k_pid_att": [43.948176657889235, 0.18205753750414305, 0.8639692530521021], "k_pid_yaw": [0.5, 1e-06, 0.1], "k_pid_hsp": [0.09847755819799779, 0.011264223901387349, 0.0], "k_pid_vsp": [277.2708477836043, 197.31441805153213, 10.0]}, "datetime": {"datetime": "2025-08-13 16:30:50", "elapsed": 24178.93363261223, "delta": 20.24565577507019}, "costs": {"total_cost": 189.8373757884447, "time_cost": 73.108, "final_distance_cost": 1.7658050759906736, "oscillation_cost": 29.508843996954333, "completition_cost": 0.0, "overshoot_cost": 50.830665409618405, "power_cost": 15.733517858886719, "noise_cost": 18.890543446994535, "n_waypoints_completed": 9, "tot_waypoints": 9}}
{"target": -189.21484816635478, "params": {"k_pid_pos": [1.4340672435785011, 0.024859491386256316, 0.8519347702918288], "k_pid_alt": [1.4458679973838424, 0.0, 0.3146878632891922], "k_pid_att": [43.948176657889235, 0.18205753750414305, 0.9125065750547853], "k_pid_yaw": [0.5, 1e-06, 0.1], "k_pid_hsp": [0.09847755819799779, 0.011264223901387349, 0.0], "k_pid_vsp": [67.06746789475653, 93.09285943774285, 10.0]}, "datetime": {"datetime": "2025-08-13 16:31:08", "elapsed": 24196.916348695755, "delta": 17.98271608352661}, "costs": {"total_cost": 189.21484816635478, "time_cost": 70.581, "final_distance_cost": 1.829503194547433, "oscillation_cost": 27.017532748270924, "completition_cost": 0.0, "overshoot_cost": 51.26507744397173, "power_cost": 19.208456347656252, "noise_cost": 19.313278431908444, "n_waypoints_completed": 9, "tot_waypoints": 9}}
{"target": -184.41930033420886, "params": {"k_pid_pos": [1.733835489643198, 0.024859491386256316, 0.8519347702918288], "k_pid_alt": [1.4458679973838424, 0.0, 0.3146878632891922], "k_pid_att": [43.948176657889235, 0.18205753750414305, 0.34464953207076743], "k_pid_yaw": [0.5, 1e-06, 0.1], "k_pid_hsp": [0.09847755819799779, 0.011264223901387349, 0.0], "k_pid_vsp": [376.5747392387296, 93.09285943774285, 10.0]}, "datetime": {"datetime": "2025-08-13 16:31:28", "elapsed": 24216.32865333557, "delta": 19.412304639816284}, "costs": {"total_cost": 184.41930033420886, "time_cost": 70.182, "final_distance_cost": 1.8229533369814017, "oscillation_cost": 28.679708026571195, "completition_cost": 0.0, "overshoot_cost": 51.10625281774758, "power_cost": 15.179527697753906, "noise_cost": 17.44885845515477, "n_waypoints_completed": 9, "tot_waypoints": 9}}
{"target": -181.5702360913538, "params": {"k_pid_pos": [1.4164186877546903, 0.024859491386256316, 0.44963268842268056], "k_pid_alt": [1.4458679973838424, 0.0, 0.46972286414476394], "k_pid_att": [43.948176657889235, 0.18205753750414305, 0.34464953207076743], "k_pid_yaw": [0.5, 1e-06, 0.1], "k_pid_hsp": [0.09847755819799779, 0.011264223901387349, 0.0], "k_pid_vsp": [277.2708477836043, 93.09285943774285, 10.0]}, "datetime": {"datetime": "2025-08-13 16:31:46", "elapsed": 24234.681876659393, "delta": 18.35322332382202}, "costs": {"total_cost": 181.5702360913538, "time_cost": 70.427, "final_distance_cost": 1.816442157418089, "oscillation_cost": 29.0330419056345, "completition_cost": 0.0, "overshoot_cost": 51.00266610923491, "power_cost": 11.310485119628908, "noise_cost": 17.980600799437347, "n_waypoints_completed": 9, "tot_waypoints": 9}}
{"target": -217.9526650120942, "params": {"k_pid_pos": [1.4164186877546903, 0.024859491386256316, 0.44963268842268056], "k_pid_alt": [0.3985646879364917, 0.0, 0.3146878632891922], "k_pid_att": [43.948176657889235, 0.18205753750414305, 0.6331997646149408], "k_pid_yaw": [0.5, 1e-06, 0.1], "k_pid_hsp": [0.09847755819799779, 0.011264223901387349, 0.0], "k_pid_vsp": [277.2708477836043, 298.73657637713535, 10.0]}, "datetime": {"datetime": "2025-08-13 16:32:14", "elapsed": 24262.45245909691, "delta": 27.77058243751526}, "costs": {"total_cost": 217.9526650120942, "time_cost": 93.723, "final_distance_cost": 1.860928710981578, "oscillation_cost": 32.36851667795945, "completition_cost": 0.0, "overshoot_cost": 51.97021023427575, "power_cost": 14.598217150878908, "noise_cost": 23.431792237998543, "n_waypoints_completed": 9, "tot_waypoints": 9}}
{"target": -1980.3502419490321, "params": {"k_pid_pos": [1.3296566129936354, 0.024859491386256316, 0.8519347702918288], "k_pid_alt": [1.4458679973838424, 0.0, 0.07369721203144775], "k_pid_att": [42.28034808905181, 4.273161054152589, 0.34464953207076743], "k_pid_yaw": [0.5, 1e-06, 0.1], "k_pid_hsp": [0.09847755819799779, 0.011264223901387349, 0.40730312852481476], "k_pid_vsp": [366.07766311739795, 381.5365089319878, 10.0]}, "datetime": {"datetime": "2025-08-13 16:32:49", "elapsed": 24297.778393268585, "delta": 35.325934171676636}, "costs": {"total_cost": 1980.3502419490321, "time_cost": 150, "final_distance_cost": 84.60366638143108, "oscillation_cost": 843.8187183929061, "completition_cost": 777.7777777777778, "overshoot_cost": 75.9058657915438, "power_cost": 21.217086291503907, "noise_cost": 27.027127313869382, "n_waypoints_completed": 2, "tot_waypoints": 9}}
{"target": -237.1133057081118, "params": {"k_pid_pos": [1.733835489643198, 0.024859491386256316, 0.028311350137035673], "k_pid_alt": [1.4458679973838424, 0.0, 0.3146878632891922], "k_pid_att": [43.948176657889235, 0.18205753750414305, 0.34464953207076743], "k_pid_yaw": [0.5, 1e-06, 0.1], "k_pid_hsp": [9.890472764092106, 0.011264223901387349, 0.0], "k_pid_vsp": [376.5747392387296, 93.09285943774285, 10.0]}, "datetime": {"datetime": "2025-08-13 16:33:12", "elapsed": 24321.06697821617, "delta": 23.28858494758606}, "costs": {"total_cost": 237.1133057081118, "time_cost": 73.563, "final_distance_cost": 1.7957358629210418, "oscillation_cost": 66.98788280578611, "completition_cost": 0.0, "overshoot_cost": 52.06986877347267, "power_cost": 21.99005958251953, "noise_cost": 20.706758683412428, "n_waypoints_completed": 9, "tot_waypoints": 9}}
{"target": -2327.2482811919194, "params": {"k_pid_pos": [1.4164186877546903, 0.024859491386256316, 0.44963268842268056], "k_pid_alt": [1.4458679973838424, 0.0, 0.46972286414476394], "k_pid_att": [43.948176657889235, 0.18205753750414305, 0.34464953207076743], "k_pid_yaw": [0.5, 1e-06, 0.1], "k_pid_hsp": [0.09847755819799779, 0.011264223901387349, 0.7369236472772692], "k_pid_vsp": [277.2708477836043, 93.09285943774285, 282.7775858945575]}, "datetime": {"datetime": "2025-08-13 16:33:48", "elapsed": 24356.267114162445, "delta": 35.200135946273804}, "costs": {"total_cost": 2327.2482811919194, "time_cost": 150, "final_distance_cost": 51.40694822014214, "oscillation_cost": 818.1936103252547, "completition_cost": 1000.0, "overshoot_cost": 255.2763915018749, "power_cost": 26.64892529296875, "noise_cost": 25.722405851679035, "n_waypoints_completed": 0, "tot_waypoints": 9}}
{"target": -183.50244545040482, "params": {"k_pid_pos": [1.4340672435785011, 0.024859491386256316, 0.8519347702918288], "k_pid_alt": [1.4458679973838424, 0.0, 0.6600607021214705], "k_pid_att": [39.447728079683905, 3.8677381495188174, 0.6559199499296157], "k_pid_yaw": [0.5, 1e-06, 0.1], "k_pid_hsp": [0.09847755819799779, 0.011264223901387349, 0.0], "k_pid_vsp": [277.2708477836043, 93.09285943774285, 10.0]}, "datetime": {"datetime": "2025-08-13 16:34:08", "elapsed": 24376.88730406761, "delta": 20.620189905166626}, "costs": {"total_cost": 183.50244545040482, "time_cost": 71.505, "final_distance_cost": 1.8350714820362024, "oscillation_cost": 27.38777188330298, "completition_cost": 0.0, "overshoot_cost": 50.81942662445339, "power_cost": 13.706157836914063, "noise_cost": 18.249017623698194, "n_waypoints_completed": 9, "tot_waypoints": 9}}
{"target": -2166.360505159393, "params": {"k_pid_pos": [1.531426011234853, 0.8397878199680053, 0.8519347702918288], "k_pid_alt": [1.4458679973838424, 0.6017481209158007, 0.13294310327404035], "k_pid_att": [69.0263735565004, 3.8677381495188174, 0.2648407035658359], "k_pid_yaw": [0.5, 1e-06, 0.1], "k_pid_hsp": [0.09847755819799779, 0.011264223901387349, 0.3889668983296899], "k_pid_vsp": [315.8089586555307, 164.83928767117857, 10.0]}, "datetime": {"datetime": "2025-08-13 16:34:39", "elapsed": 24407.192034244537, "delta": 30.30473017692566}, "costs": {"total_cost": 2166.360505159393, "time_cost": 150, "final_distance_cost": 59.02531006120379, "oscillation_cost": 850.4069222164416, "completition_cost": 888.8888888888888, "overshoot_cost": 148.2659875192569, "power_cost": 39.033984313964844, "noise_cost": 30.739412159636828, "n_waypoints_completed": 1, "tot_waypoints": 9}}
{"target": -210.03086852077612, "params": {"k_pid_pos": [1.646111256876908, 0.7277996416202209, 0.8881971977301835], "k_pid_alt": [1.4458679973838424, 0.9503295681368317, 0.3146878632891922], "k_pid_att": [43.948176657889235, 0.18205753750414305, 0.34464953207076743], "k_pid_yaw": [0.5, 1e-06, 0.1], "k_pid_hsp": [0.09847755819799779, 0.011264223901387349, 0.0], "k_pid_vsp": [263.1854405112298, 93.09285943774285, 10.0]}, "datetime": {"datetime": "2025-08-13 16:35:00", "elapsed": 24428.978920698166, "delta": 21.78688645362854}, "costs": {"total_cost": 210.03086852077612, "time_cost": 83.328, "final_distance_cost": 1.7485760849971184, "oscillation_cost": 33.22197575116065, "completition_cost": 0.0, "overshoot_cost": 54.40165774265791, "power_cost": 16.742005078125, "noise_cost": 20.588653863835447, "n_waypoints_completed": 9, "tot_waypoints": 9}}
{"target": -2107.179883875891, "params": {"k_pid_pos": [1.4164186877546903, 0.024859491386256316, 0.44963268842268056], "k_pid_alt": [1.9684601562921853, 0.0, 0.46972286414476394], "k_pid_att": [43.948176657889235, 0.18205753750414305, 0.34464953207076743], "k_pid_yaw": [0.5, 1e-06, 0.1], "k_pid_hsp": [0.09847755819799779, 0.011264223901387349, 0.5006332444869486], "k_pid_vsp": [277.2708477836043, 93.09285943774285, 10.0]}, "datetime": {"datetime": "2025-08-13 16:35:32", "elapsed": 24460.812890529633, "delta": 31.833969831466675}, "costs": {"total_cost": 2107.179883875891, "time_cost": 150, "final_distance_cost": 56.992215654181486, "oscillation_cost": 806.7897664066575, "completition_cost": 888.8888888888888, "overshoot_cost": 137.29443486866458, "power_cost": 36.47917683105469, "noise_cost": 30.735401226443926, "n_waypoints_completed": 1, "tot_waypoints": 9}}
{"target": -190.92466570297609, "params": {"k_pid_pos": [1.4164186877546903, 0.18803970651757562, 0.44963268842268056], "k_pid_alt": [1.4458679973838424, 0.0, 0.46972286414476394], "k_pid_att": [42.28034808905181, 4.273161054152589, 0.34464953207076743], "k_pid_yaw": [0.5, 1e-06, 0.1], "k_pid_hsp": [0.09847755819799779, 0.011264223901387349, 0.0], "k_pid_vsp": [277.2708477836043, 381.5365089319878, 10.0]}, "datetime": {"datetime": "2025-08-13 16:35:52", "elapsed": 24480.191498994827, "delta": 19.378608465194702}, "costs": {"total_cost": 190.92466570297609, "time_cost": 73.038, "final_distance_cost": 1.7887785884372338, "oscillation_cost": 30.020103888017893, "completition_cost": 0.0, "overshoot_cost": 50.283818649066426, "power_cost": 17.319318969726563, "noise_cost": 18.47464560772795, "n_waypoints_completed": 9, "tot_waypoints": 9}}
{"target": -197.03879754966417, "params": {"k_pid_pos": [1.3296566129936354, 0.024859491386256316, 0.9973388324705817], "k_pid_alt": [1.4458679973838424, 0.0, 0.3146878632891922], "k_pid_att": [43.948176657889235, 0.18205753750414305, 0.8639692530521021], "k_pid_yaw": [0.5, 1e-06, 0.1], "k_pid_hsp": [0.09847755819799779, 0.011264223901387349, 0.0], "k_pid_vsp": [277.2708477836043, 197.31441805153213, 10.0]}, "datetime": {"datetime": "2025-08-13 16:36:10", "elapsed": 24499.032446861267, "delta": 18.84094786643982}, "costs": {"total_cost": 197.03879754966417, "time_cost": 72.723, "final_distance_cost": 1.8429487123585027, "oscillation_cost": 25.909326601562675, "completition_cost": 0.0, "overshoot_cost": 51.7619105347397, "power_cost": 22.63941356201172, "noise_cost": 22.162198138991567, "n_waypoints_completed": 9, "tot_waypoints": 9}}
