{"target": -189.15649953938455, "params": {"k_pid_pos": [1.733835489643198, 0.024859491386256316, 0.704167472379422], "k_pid_alt": [1.477768752937916, 0.00018965351824429266, 0.6600607021214705], "k_pid_att": [39.447728079683905, 2.6889016979653872, 0.6559199499296157], "k_pid_yaw": [0.5, 1e-06, 0.1], "k_pid_hsp": [0.09847755819799779, 0.011264223901387349, 0.0], "k_pid_vsp": [251.5004449007475, 59.083466427248936, 10.0]}, "datetime": {"datetime": "2025-08-13 19:06:06", "elapsed": 33494.25452184677, "delta": 16.510628938674927}, "costs": {"total_cost": 189.15649953938455, "time_cost": 71.099, "final_distance_cost": 1.8272855079919668, "oscillation_cost": 28.94424904501489, "completition_cost": 0.0, "overshoot_cost": 51.04907044711646, "power_cost": 17.620422900390626, "noise_cost": 18.616471638870593, "n_waypoints_completed": 9, "tot_waypoints": 9}}
{"target": -264.78349357945183, "params": {"k_pid_pos": [1.4340672435785011, 0.024859491386256316, 0.704167472379422], "k_pid_alt": [1.4458679973838424, 0.0, 0.3146878632891922], "k_pid_att": [31.770312284672542, 0.18205753750414305, 0.73590781336997], "k_pid_yaw": [0.5, 1e-06, 0.1], "k_pid_hsp": [0.09847755819799779, 0.8699774626924047, 0.0030093955283441165], "k_pid_vsp": [264.9966777379314, 70.84075923231556, 13.269141705997619]}, "datetime": {"datetime": "2025-08-13 19:06:23", "elapsed": 33511.82605433464, "delta": 17.571532487869263}, "costs": {"total_cost": 264.78349357945183, "time_cost": 72.359, "final_distance_cost": 1.83948133621453, "oscillation_cost": 96.03436728561292, "completition_cost": 0.0, "overshoot_cost": 51.66477995533646, "power_cost": 21.62107069091797, "noise_cost": 21.264794311369947, "n_waypoints_completed": 9, "tot_waypoints": 9}}
{"target": -369.5406951901183, "params": {"k_pid_pos": [1.733835489643198, 0.024859491386256316, 0.9451257094832697], "k_pid_alt": [1.6718174236541343, 0.0, 0.30075101115001845], "k_pid_att": [39.447728079683905, 2.524269488566535, 0.6559199499296157], "k_pid_yaw": [0.5, 1e-06, 0.1], "k_pid_hsp": [0.09847755819799779, 0.5654426201812867, 0.0], "k_pid_vsp": [264.9966777379314, 204.84203769155826, 94.22604015249657]}, "datetime": {"datetime": "2025-08-13 19:06:49", "elapsed": 33537.56869220734, "delta": 25.742637872695923}, "costs": {"total_cost": 369.5406951901183, "time_cost": 107.562, "final_distance_cost": 1.832275303243908, "oscillation_cost": 130.3299759092259, "completition_cost": 0.0, "overshoot_cost": 75.1928128867754, "power_cost": 28.237069140625, "noise_cost": 26.386561950248073, "n_waypoints_completed": 9, "tot_waypoints": 9}}
{"target": -195.12973802041276, "params": {"k_pid_pos": [1.4340672435785011, 0.024859491386256316, 0.9451257094832697], "k_pid_alt": [1.4458679973838424, 0.0, 0.3146878632891922], "k_pid_att": [29.46763110571006, 3.8677381495188174, 0.6559199499296157], "k_pid_yaw": [0.5, 1e-06, 0.1], "k_pid_hsp": [0.09847755819799779, 0.036551335399587326, 0.0], "k_pid_vsp": [251.5004449007475, 59.083466427248936, 10.0]}, "datetime": {"datetime": "2025-08-13 19:07:06", "elapsed": 33554.30484986305, "delta": 16.736157655715942}, "costs": {"total_cost": 195.12973802041276, "time_cost": 71.89, "final_distance_cost": 1.8545675907834325, "oscillation_cost": 30.0542430745226, "completition_cost": 0.0, "overshoot_cost": 50.98520005685703, "power_cost": 20.16731082763672, "noise_cost": 20.178416470612976, "n_waypoints_completed": 9, "tot_waypoints": 9}}
{"target": -183.54535770884993, "params": {"k_pid_pos": [1.733835489643198, 0.024859491386256316, 0.704167472379422], "k_pid_alt": [1.4458679973838424, 0.0, 0.3146878632891922], "k_pid_att": [35.543488255586034, 0.18205753750414305, 0.73590781336997], "k_pid_yaw": [0.5, 1e-06, 0.1], "k_pid_hsp": [0.09847755819799779, 0.011264223901387349, 0.0], "k_pid_vsp": [251.5004449007475, 59.083466427248936, 10.0]}, "datetime": {"datetime": "2025-08-13 19:07:23", "elapsed": 33571.24304509163, "delta": 16.93819522857666}, "costs": {"total_cost": 183.54535770884993, "time_cost": 69.944, "final_distance_cost": 1.797029342645548, "oscillation_cost": 28.846564218521866, "completition_cost": 0.0, "overshoot_cost": 50.828394999157645, "power_cost": 13.320580578613281, "noise_cost": 18.808788569911595, "n_waypoints_completed": 9, "tot_waypoints": 9}}
{"target": -1929.2512035151337, "params": {"k_pid_pos": [1.4340672435785011, 0.024859491386256316, 0.704167472379422], "k_pid_alt": [1.4458679973838424, 0.0, 0.6600607021214705], "k_pid_att": [39.447728079683905, 0.22073067032652463, 0.73590781336997], "k_pid_yaw": [0.5, 1e-06, 0.1], "k_pid_hsp": [0.09847755819799779, 0.011264223901387349, 0.9797469599620067], "k_pid_vsp": [264.9966777379314, 199.80376917170463, 13.269141705997619]}, "datetime": {"datetime": "2025-08-13 19:07:51", "elapsed": 33599.88321876526, "delta": 28.64017367362976}, "costs": {"total_cost": 1929.2512035151337, "time_cost": 150, "final_distance_cost": 57.824748594402344, "oscillation_cost": 658.589310313905, "completition_cost": 888.8888888888888, "overshoot_cost": 111.48409155487987, "power_cost": 34.054449658203126, "noise_cost": 28.409714504854758, "n_waypoints_completed": 1, "tot_waypoints": 9}}
{"target": -1294.5247503620328, "params": {"k_pid_pos": [1.4340672435785011, 0.024859491386256316, 0.704167472379422], "k_pid_alt": [1.4458679973838424, 0.5802231281307506, 0.3146878632891922], "k_pid_att": [35.543488255586034, 0.18205753750414305, 0.7148072191107216], "k_pid_yaw": [0.5, 1e-06, 0.1], "k_pid_hsp": [0.09847755819799779, 0.011264223901387349, 0.0], "k_pid_vsp": [33.09370770872002, 93.09285943774285, 75.78799424181197]}, "datetime": {"datetime": "2025-08-13 19:08:20", "elapsed": 33628.950176000595, "delta": 29.066957235336304}, "costs": {"total_cost": 1294.5247503620328, "time_cost": 150, "final_distance_cost": 52.010050844843306, "oscillation_cost": 6.1908939821362585, "completition_cost": 888.8888888888888, "overshoot_cost": 112.50263000911066, "power_cost": 29.59812154541016, "noise_cost": 55.334165091643875, "n_waypoints_completed": 1, "tot_waypoints": 9}}
{"target": -202.0353373562971, "params": {"k_pid_pos": [1.4340672435785011, 0.024859491386256316, 0.704167472379422], "k_pid_alt": [1.4458679973838424, 0.7028313728845099, 0.3146878632891922], "k_pid_att": [37.12179941719916, 9.862826079085128, 0.6559199499296157], "k_pid_yaw": [0.5, 1e-06, 0.1], "k_pid_hsp": [0.09847755819799779, 0.036551335399587326, 0.0], "k_pid_vsp": [251.5004449007475, 216.4675096626358, 10.0]}, "datetime": {"datetime": "2025-08-13 19:08:39", "elapsed": 33647.32922530174, "delta": 18.37904930114746}, "costs": {"total_cost": 202.0353373562971, "time_cost": 75.544, "final_distance_cost": 1.7995545960708703, "oscillation_cost": 32.97359892171105, "completition_cost": 0.0, "overshoot_cost": 52.13483839703259, "power_cost": 20.053152978515627, "noise_cost": 19.530192462966987, "n_waypoints_completed": 9, "tot_waypoints": 9}}
{"target": -188.4226134691871, "params": {"k_pid_pos": [1.6203022768980826, 0.06681891267873763, 0.9818093895928307], "k_pid_alt": [1.4458679973838424, 0.0, 0.3146878632891922], "k_pid_att": [29.46763110571006, 3.8677381495188174, 0.6559199499296157], "k_pid_yaw": [0.5, 1e-06, 0.1], "k_pid_hsp": [0.09847755819799779, 0.011264223901387349, 0.0], "k_pid_vsp": [78.76564955932119, 93.09285943774285, 10.0]}, "datetime": {"datetime": "2025-08-13 19:08:56", "elapsed": 33664.63501882553, "delta": 17.305793523788452}, "costs": {"total_cost": 188.4226134691871, "time_cost": 70.287, "final_distance_cost": 1.8283442777545946, "oscillation_cost": 27.60423224197406, "completition_cost": 0.0, "overshoot_cost": 50.92515651757642, "power_cost": 18.98500827636719, "noise_cost": 18.792872155514836, "n_waypoints_completed": 9, "tot_waypoints": 9}}
{"target": -1354.7800051351749, "params": {"k_pid_pos": [1.6203022768980826, 0.06681891267873763, 0.9818093895928307], "k_pid_alt": [1.4458679973838424, 0.0, 0.3146878632891922], "k_pid_att": [29.46763110571006, 3.8677381495188174, 0.6559199499296157], "k_pid_yaw": [0.5, 1e-06, 0.1], "k_pid_hsp": [0.09847755819799779, 0.036551335399587326, 0.170878059092471], "k_pid_vsp": [251.5004449007475, 59.083466427248936, 10.0]}, "datetime": {"datetime": "2025-08-13 19:09:28", "elapsed": 33696.37186384201, "delta": 31.736845016479492}, "costs": {"total_cost": 1354.7800051351749, "time_cost": 150, "final_distance_cost": 73.73241192617029, "oscillation_cost": 651.3886441651542, "completition_cost": 333.33333333333337, "overshoot_cost": 88.40830709146901, "power_cost": 28.57788239746094, "noise_cost": 29.339426221586862, "n_waypoints_completed": 6, "tot_waypoints": 9}}
{"target": -185.43151812481457, "params": {"k_pid_pos": [1.733835489643198, 0.024859491386256316, 0.9451257094832697], "k_pid_alt": [1.4458679973838424, 0.0, 0.3146878632891922], "k_pid_att": [29.46763110571006, 2.6298254890628097, 0.3301527476617453], "k_pid_yaw": [0.5, 1e-06, 0.1], "k_pid_hsp": [0.09847755819799779, 0.036551335399587326, 0.0], "k_pid_vsp": [251.5004449007475, 59.083466427248936, 10.0]}, "datetime": {"datetime": "2025-08-13 19:09:44", "elapsed": 33713.014661073685, "delta": 16.642797231674194}, "costs": {"total_cost": 185.43151812481457, "time_cost": 70.161, "final_distance_cost": 1.8493728665220786, "oscillation_cost": 31.62401839259146, "completition_cost": 0.0, "overshoot_cost": 50.243275289977326, "power_cost": 12.762158251953126, "noise_cost": 18.791693323770566, "n_waypoints_completed": 9, "tot_waypoints": 9}}
{"target": -183.89535973586092, "params": {"k_pid_pos": [1.733835489643198, 0.024859491386256316, 0.704167472379422], "k_pid_alt": [1.477768752937916, 0.0, 0.6600607021214705], "k_pid_att": [32.194164172814396, 2.6889016979653872, 0.6559199499296157], "k_pid_yaw": [0.5, 1e-06, 0.1], "k_pid_hsp": [0.09847755819799779, 0.011264223901387349, 0.0], "k_pid_vsp": [251.5004449007475, 59.083466427248936, 10.0]}, "datetime": {"datetime": "2025-08-13 19:10:02", "elapsed": 33730.91008067131, "delta": 17.895419597625732}, "costs": {"total_cost": 183.89535973586092, "time_cost": 70.882, "final_distance_cost": 1.8286461360477042, "oscillation_cost": 29.02154704851608, "completition_cost": 0.0, "overshoot_cost": 50.95225818782186, "power_cost": 12.79223798828125, "noise_cost": 18.418670375194008, "n_waypoints_completed": 9, "tot_waypoints": 9}}
{"target": -191.3965092882584, "params": {"k_pid_pos": [1.6482342715797629, 0.024859491386256316, 0.8544707697037623], "k_pid_alt": [1.4458679973838424, 0.0, 0.6600607021214705], "k_pid_att": [39.447728079683905, 0.18205753750414305, 0.73590781336997], "k_pid_yaw": [0.5, 1e-06, 0.1], "k_pid_hsp": [0.09847755819799779, 0.011264223901387349, 0.0], "k_pid_vsp": [33.09370770872002, 59.083466427248936, 10.0]}, "datetime": {"datetime": "2025-08-13 19:10:19", "elapsed": 33748.04553818703, "delta": 17.135457515716553}, "costs": {"total_cost": 191.3965092882584, "time_cost": 71.099, "final_distance_cost": 1.8215105843222295, "oscillation_cost": 27.315310261844736, "completition_cost": 0.0, "overshoot_cost": 51.301636763299314, "power_cost": 19.888896655273438, "noise_cost": 19.970155023518664, "n_waypoints_completed": 9, "tot_waypoints": 9}}
{"target": -185.95521665289883, "params": {"k_pid_pos": [1.733835489643198, 0.024859491386256316, 0.704167472379422], "k_pid_alt": [1.4458679973838424, 0.0, 0.3146878632891922], "k_pid_att": [35.543488255586034, 0.18205753750414305, 0.73590781336997], "k_pid_yaw": [0.5, 1e-06, 0.1], "k_pid_hsp": [0.09847755819799779, 0.011264223901387349, 0.0], "k_pid_vsp": [251.5004449007475, 59.083466427248936, 10.0]}, "datetime": {"datetime": "2025-08-13 19:10:37", "elapsed": 33765.91770362854, "delta": 17.87216544151306}, "costs": {"total_cost": 185.95521665289883, "time_cost": 70.154, "final_distance_cost": 1.8211130242325473, "oscillation_cost": 28.85822260515139, "completition_cost": 0.0, "overshoot_cost": 51.26685949672455, "power_cost": 15.962996704101563, "noise_cost": 17.89202482268879, "n_waypoints_completed": 9, "tot_waypoints": 9}}
{"target": -184.68533666021304, "params": {"k_pid_pos": [1.733835489643198, 0.024859491386256316, 0.704167472379422], "k_pid_alt": [1.477768752937916, 0.0, 0.6600607021214705], "k_pid_att": [32.194164172814396, 2.6889016979653872, 0.6559199499296157], "k_pid_yaw": [0.5, 1e-06, 0.1], "k_pid_hsp": [0.09847755819799779, 0.011264223901387349, 0.0], "k_pid_vsp": [251.5004449007475, 59.083466427248936, 10.0]}, "datetime": {"datetime": "2025-08-13 19:10:54", "elapsed": 33782.75321722031, "delta": 16.835513591766357}, "costs": {"total_cost": 184.68533666021304, "time_cost": 70.861, "final_distance_cost": 1.8123720834044115, "oscillation_cost": 29.113090510115622, "completition_cost": 0.0, "overshoot_cost": 50.91924642341277, "power_cost": 14.362423291015626, "noise_cost": 17.617204352264594, "n_waypoints_completed": 9, "tot_waypoints": 9}}
{"target": -187.57891862855976, "params": {"k_pid_pos": [1.8792899704868669, 0.024859491386256316, 0.9451257094832697], "k_pid_alt": [1.4458679973838424, 0.0, 0.3146878632891922], "k_pid_att": [29.46763110571006, 5.67849514865483, 0.6559199499296157], "k_pid_yaw": [0.5, 1e-06, 0.1], "k_pid_hsp": [0.09847755819799779, 0.011264223901387349, 0.0], "k_pid_vsp": [29.96849041048857, 58.47483401410723, 10.0]}, "datetime": {"datetime": "2025-08-13 19:11:11", "elapsed": 33799.77170228958, "delta": 17.018485069274902}, "costs": {"total_cost": 187.57891862855976, "time_cost": 69.629, "final_distance_cost": 1.8261634084487117, "oscillation_cost": 28.154081753041158, "completition_cost": 0.0, "overshoot_cost": 51.12947222486813, "power_cost": 18.326912890625, "noise_cost": 18.51328835157675, "n_waypoints_completed": 9, "tot_waypoints": 9}}
{"target": -1222.0351959642076, "params": {"k_pid_pos": [1.733835489643198, 0.024859491386256316, 0.9451257094832697], "k_pid_alt": [0.41811782976038847, 0.0, 0.3146878632891922], "k_pid_att": [29.46763110571006, 5.67849514865483, 0.6559199499296157], "k_pid_yaw": [0.5, 1e-06, 0.1], "k_pid_hsp": [0.09847755819799779, 0.8161661674624935, 0.5615618048538342], "k_pid_vsp": [139.297858085773, 216.29307082677042, 10.0]}, "datetime": {"datetime": "2025-08-13 19:11:41", "elapsed": 33829.18096661568, "delta": 29.40926432609558}, "costs": {"total_cost": 1222.0351959642076, "time_cost": 150, "final_distance_cost": 53.91286679761318, "oscillation_cost": 505.86639656677573, "completition_cost": 333.33333333333337, "overshoot_cost": 110.05269246103477, "power_cost": 37.23719829101562, "noise_cost": 31.632708514434807, "n_waypoints_completed": 6, "tot_waypoints": 9}}
{"target": -549.726309910451, "params": {"k_pid_pos": [1.8792899704868669, 0.43502179072678904, 0.704167472379422], "k_pid_alt": [1.4458679973838424, 0.0, 0.3146878632891922], "k_pid_att": [96.203943896059, 0.18205753750414305, 0.73590781336997], "k_pid_yaw": [0.5, 1e-06, 0.1], "k_pid_hsp": [3.644047778136555, 0.011264223901387349, 0.7340866273984559], "k_pid_vsp": [251.5004449007475, 59.083466427248936, 10.0]}, "datetime": {"datetime": "2025-08-13 19:12:01", "elapsed": 33849.327714920044, "delta": 20.146748304367065}, "costs": {"total_cost": 549.726309910451, "time_cost": 83.19500000000001, "final_distance_cost": 1.7273122257597513, "oscillation_cost": 360.8110658925232, "completition_cost": 0.0, "overshoot_cost": 55.765892747895634, "power_cost": 24.727601867675784, "noise_cost": 23.499437176596775, "n_waypoints_completed": 9, "tot_waypoints": 9}}
{"target": -1923.707047546863, "params": {"k_pid_pos": [1.4340672435785011, 0.024859491386256316, 0.9451257094832697], "k_pid_alt": [1.826042005534695, 0.0, 0.3146878632891922], "k_pid_att": [29.46763110571006, 5.67849514865483, 0.168991628355324], "k_pid_yaw": [0.5, 1e-06, 0.1], "k_pid_hsp": [0.09847755819799779, 0.011264223901387349, 0.5460140404092502], "k_pid_vsp": [251.5004449007475, 216.29307082677042, 10.0]}, "datetime": {"datetime": "2025-08-13 19:12:30", "elapsed": 33878.92718243599, "delta": 29.599467515945435}, "costs": {"total_cost": 1923.707047546863, "time_cost": 150, "final_distance_cost": 74.41860100268717, "oscillation_cost": 804.8112642304703, "completition_cost": 777.7777777777778, "overshoot_cost": 63.82500084855418, "power_cost": 24.320986938476565, "noise_cost": 28.5534167488967, "n_waypoints_completed": 2, "tot_waypoints": 9}}
{"target": -335.9918787795315, "params": {"k_pid_pos": [1.733835489643198, 0.024859491386256316, 0.9451257094832697], "k_pid_alt": [1.4458679973838424, 0.0, 0.43738161972271916], "k_pid_att": [29.46763110571006, 4.929500621888914, 0.6559199499296157], "k_pid_yaw": [0.5, 1e-06, 0.1], "k_pid_hsp": [0.09847755819799779, 0.4017820065842225, 0.0], "k_pid_vsp": [251.5004449007475, 59.083466427248936, 10.0]}, "datetime": {"datetime": "2025-08-13 19:12:52", "elapsed": 33900.801555633545, "delta": 21.874373197555542}, "costs": {"total_cost": 335.9918787795315, "time_cost": 93.492, "final_distance_cost": 1.8311677806342888, "oscillation_cost": 122.66238279636494, "completition_cost": 0.0, "overshoot_cost": 58.87845092970863, "power_cost": 27.84266278076172, "noise_cost": 31.285214492061908, "n_waypoints_completed": 9, "tot_waypoints": 9}}
{"target": -201.73219309616366, "params": {"k_pid_pos": [0.792113498270493, 0.024859491386256316, 0.9451257094832697], "k_pid_alt": [1.4458679973838424, 0.0, 0.3146878632891922], "k_pid_att": [27.525475025233238, 5.67849514865483, 0.6559199499296157], "k_pid_yaw": [0.5, 1e-06, 0.1], "k_pid_hsp": [0.09847755819799779, 0.011264223901387349, 0.0], "k_pid_vsp": [251.5004449007475, 59.083466427248936, 10.0]}, "datetime": {"datetime": "2025-08-13 19:13:13", "elapsed": 33921.4903113842, "delta": 20.688755750656128}, "costs": {"total_cost": 201.73219309616366, "time_cost": 82.628, "final_distance_cost": 1.8589346455512241, "oscillation_cost": 23.233182503823812, "completition_cost": 0.0, "overshoot_cost": 52.51318067665382, "power_cost": 18.848688281250002, "noise_cost": 22.650206988884793, "n_waypoints_completed": 9, "tot_waypoints": 9}}
{"target": -194.70542704265745, "params": {"k_pid_pos": [1.733835489643198, 0.024859491386256316, 0.704167472379422], "k_pid_alt": [1.4458679973838424, 0.0, 0.6600607021214705], "k_pid_att": [32.194164172814396, 2.6889016979653872, 0.6559199499296157], "k_pid_yaw": [0.5, 1e-06, 0.1], "k_pid_hsp": [0.09847755819799779, 0.011264223901387349, 0.0], "k_pid_vsp": [251.5004449007475, 59.083466427248936, 10.0]}, "datetime": {"datetime": "2025-08-13 19:13:30", "elapsed": 33938.843217372894, "delta": 17.352905988693237}, "costs": {"total_cost": 194.70542704265745, "time_cost": 71.764, "final_distance_cost": 1.8180866882922808, "oscillation_cost": 28.624980394611928, "completition_cost": 0.0, "overshoot_cost": 51.45426059998672, "power_cost": 20.72643182373047, "noise_cost": 20.317667536036055, "n_waypoints_completed": 9, "tot_waypoints": 9}}
{"target": -222.7875552225781, "params": {"k_pid_pos": [1.733835489643198, 0.024859491386256316, 0.704167472379422], "k_pid_alt": [0.3959875975917475, 0.0, 0.3146878632891922], "k_pid_att": [35.543488255586034, 0.18205753750414305, 0.73590781336997], "k_pid_yaw": [0.5, 1e-06, 0.1], "k_pid_hsp": [0.09847755819799779, 0.011264223901387349, 0.0], "k_pid_vsp": [251.5004449007475, 59.083466427248936, 10.0]}, "datetime": {"datetime": "2025-08-13 19:13:54", "elapsed": 33962.174142837524, "delta": 23.330925464630127}, "costs": {"total_cost": 222.7875552225781, "time_cost": 93.163, "final_distance_cost": 1.8592745556458556, "oscillation_cost": 32.5525094907781, "completition_cost": 0.0, "overshoot_cost": 52.765051980128554, "power_cost": 19.430423632812502, "noise_cost": 23.017295563213082, "n_waypoints_completed": 9, "tot_waypoints": 9}}
{"target": -190.81150722685254, "params": {"k_pid_pos": [1.8792899704868669, 0.024859491386256316, 0.9451257094832697], "k_pid_alt": [1.4458679973838424, 0.0, 0.3146878632891922], "k_pid_att": [29.46763110571006, 5.67849514865483, 0.6559199499296157], "k_pid_yaw": [0.5, 1e-06, 0.1], "k_pid_hsp": [0.09847755819799779, 0.011264223901387349, 0.0], "k_pid_vsp": [251.5004449007475, 216.29307082677042, 10.0]}, "datetime": {"datetime": "2025-08-13 19:14:11", "elapsed": 33979.37206864357, "delta": 17.197925806045532}, "costs": {"total_cost": 190.81150722685254, "time_cost": 70.0, "final_distance_cost": 1.8091873322744896, "oscillation_cost": 28.804369563543133, "completition_cost": 0.0, "overshoot_cost": 50.827969525851415, "power_cost": 20.085349829101563, "noise_cost": 19.284630976081914, "n_waypoints_completed": 9, "tot_waypoints": 9}}
{"target": -274.0071442876143, "params": {"k_pid_pos": [1.9403883066526342, 0.024859491386256316, 0.704167472379422], "k_pid_alt": [1.477768752937916, 0.0, 0.6600607021214705], "k_pid_att": [9.01694976284977, 0.5720022164256566, 0.11689683853528843], "k_pid_yaw": [0.5, 1e-06, 0.1], "k_pid_hsp": [0.09847755819799779, 0.24034004518407315, 0.0], "k_pid_vsp": [387.1470188825909, 93.09285943774285, 10.0]}, "datetime": {"datetime": "2025-08-13 19:14:31", "elapsed": 33999.514467954636, "delta": 20.142399311065674}, "costs": {"total_cost": 274.0071442876143, "time_cost": 83.937, "final_distance_cost": 1.8200473927900165, "oscillation_cost": 89.06602341007564, "completition_cost": 0.0, "overshoot_cost": 56.23690414435229, "power_cost": 19.268217114257812, "noise_cost": 23.678952226138566, "n_waypoints_completed": 9, "tot_waypoints": 9}}
