{"target": -190.69345298190314, "params": {"k_pid_pos": [1.849624377781123, 0.024859491386256316, 0.44963268842268056], "k_pid_alt": [1.296896341175293, 0.0, 0.5933401254113975], "k_pid_att": [14.415714892135846, 7.120039068217832, 0.1845336041603497], "k_pid_yaw": [0.5, 1e-06, 0.1], "k_pid_hsp": [0.09847755819799779, 0.011264223901387349, 0.0], "k_pid_vsp": [194.7624155113164, 156.73508457218338, 10.0]}, "datetime": {"datetime": "2025-08-13 12:07:25", "elapsed": 8373.423938035965, "delta": 31.99763774871826}, "costs": {"total_cost": 190.69345298190314, "time_cost": 70.994, "final_distance_cost": 1.7761193089870113, "oscillation_cost": 32.257609940032516, "completition_cost": 0.0, "overshoot_cost": 50.47017963270004, "power_cost": 17.246794165039063, "noise_cost": 17.9487499351445, "n_waypoints_completed": 9, "tot_waypoints": 9}}
{"target": -223.89536281106967, "params": {"k_pid_pos": [1.849624377781123, 0.024859491386256316, 0.44963268842268056], "k_pid_alt": [1.2679502233621702, 0.02520494712616217, 0.949345597264735], "k_pid_att": [39.447728079683905, 3.8677381495188174, 0.004857337777279036], "k_pid_yaw": [0.5, 1e-06, 0.1], "k_pid_hsp": [2.882064192075523, 0.011264223901387349, 0.0], "k_pid_vsp": [194.7624155113164, 156.73508457218338, 10.0]}, "datetime": {"datetime": "2025-08-13 12:07:56", "elapsed": 8404.383744001389, "delta": 30.959805965423584}, "costs": {"total_cost": 223.89536281106967, "time_cost": 73.09400000000001, "final_distance_cost": 1.80230901261029, "oscillation_cost": 48.34375786968902, "completition_cost": 0.0, "overshoot_cost": 52.02370528974825, "power_cost": 26.071235131835937, "noise_cost": 22.560355507186166, "n_waypoints_completed": 9, "tot_waypoints": 9}}
{"target": -1813.5037300373397, "params": {"k_pid_pos": [1.849624377781123, 0.024859491386256316, 0.5030458048276777], "k_pid_alt": [1.2679502233621702, 0.02520494712616217, 0.4970906618065981], "k_pid_att": [39.447728079683905, 3.8677381495188174, 0.3829979421693436], "k_pid_yaw": [0.5, 1e-06, 0.1], "k_pid_hsp": [0.09847755819799779, 0.07304127476175892, 0.6904081087789521], "k_pid_vsp": [194.7624155113164, 156.73508457218338, 10.0]}, "datetime": {"datetime": "2025-08-13 12:08:48", "elapsed": 8456.859665870667, "delta": 52.475921869277954}, "costs": {"total_cost": 1813.5037300373397, "time_cost": 150, "final_distance_cost": 61.52936389497891, "oscillation_cost": 747.5726761563235, "completition_cost": 666.6666666666667, "overshoot_cost": 119.80902307667232, "power_cost": 37.273515466308595, "noise_cost": 30.652484776389787, "n_waypoints_completed": 3, "tot_waypoints": 9}}
{"target": -211.62605970752827, "params": {"k_pid_pos": [1.4340672435785011, 0.4509247473159945, 0.44963268842268056], "k_pid_alt": [1.2679502233621702, 0.0, 0.949345597264735], "k_pid_att": [14.415714892135846, 3.8677381495188174, 0.1845336041603497], "k_pid_yaw": [0.5, 1e-06, 0.1], "k_pid_hsp": [4.041604940679199, 0.011264223901387349, 0.0], "k_pid_vsp": [17.18305095025783, 20.0, 10.0]}, "datetime": {"datetime": "2025-08-13 12:09:22", "elapsed": 8490.919818878174, "delta": 34.060153007507324}, "costs": {"total_cost": 211.62605970752827, "time_cost": 77.511, "final_distance_cost": 1.79194147658691, "oscillation_cost": 47.518126473529705, "completition_cost": 0.0, "overshoot_cost": 51.45137944457677, "power_cost": 12.600053564453125, "noise_cost": 20.75355874838176, "n_waypoints_completed": 9, "tot_waypoints": 9}}
{"target": -197.2701579323844, "params": {"k_pid_pos": [1.849624377781123, 0.024859491386256316, 0.2995124902746459], "k_pid_alt": [1.2679502233621702, 0.02520494712616217, 0.5115311366376475], "k_pid_att": [94.03514125381805, 3.8677381495188174, 0.1845336041603497], "k_pid_yaw": [0.5, 1e-06, 0.1], "k_pid_hsp": [0.09847755819799779, 0.011264223901387349, 0.0], "k_pid_vsp": [194.7624155113164, 93.09285943774285, 10.0]}, "datetime": {"datetime": "2025-08-13 12:09:53", "elapsed": 8521.90154504776, "delta": 30.98172616958618}, "costs": {"total_cost": 197.2701579323844, "time_cost": 70.336, "final_distance_cost": 1.7464133102353794, "oscillation_cost": 34.48606456262113, "completition_cost": 0.0, "overshoot_cost": 51.630651491136035, "power_cost": 19.48419499511719, "noise_cost": 19.586833573274685, "n_waypoints_completed": 9, "tot_waypoints": 9}}
{"target": -703.8589916903717, "params": {"k_pid_pos": [1.849624377781123, 0.024859491386256316, 0.44963268842268056], "k_pid_alt": [1.2679502233621702, 0.0, 0.949345597264735], "k_pid_att": [14.415714892135846, 3.8677381495188174, 0.1845336041603497], "k_pid_yaw": [0.5, 1e-06, 0.1], "k_pid_hsp": [0.09847755819799779, 0.011264223901387349, 0.0], "k_pid_vsp": [17.18305095025783, 20.0, 10.0]}, "datetime": {"datetime": "2025-08-13 12:10:46", "elapsed": 8575.065538167953, "delta": 53.16399312019348}, "costs": {"total_cost": 703.8589916903717, "time_cost": 150, "final_distance_cost": 69.64174311511908, "oscillation_cost": 26.50158541482145, "completition_cost": 333.33333333333337, "overshoot_cost": 45.43016159512913, "power_cost": 43.18838211669922, "noise_cost": 35.76378611526944, "n_waypoints_completed": 6, "tot_waypoints": 9}}
{"target": -357.8561618383891, "params": {"k_pid_pos": [0.8976678869060579, 0.024859491386256316, 0.44963268842268056], "k_pid_alt": [1.2679502233621702, 0.02520494712616217, 0.18431000208985737], "k_pid_att": [39.447728079683905, 3.6888469195366334, 0.1845336041603497], "k_pid_yaw": [0.5, 1e-06, 0.1], "k_pid_hsp": [9.758948333354006, 0.011264223901387349, 0.0], "k_pid_vsp": [133.7851568820875, 15.500533572620455, 10.0]}, "datetime": {"datetime": "2025-08-13 12:11:21", "elapsed": 8609.282264709473, "delta": 34.216726541519165}, "costs": {"total_cost": 357.8561618383891, "time_cost": 79.142, "final_distance_cost": 1.8550920284209296, "oscillation_cost": 177.03169802361023, "completition_cost": 0.0, "overshoot_cost": 52.448041722301134, "power_cost": 23.138990722656253, "noise_cost": 24.240339341400563, "n_waypoints_completed": 9, "tot_waypoints": 9}}
{"target": -444.449351924281, "params": {"k_pid_pos": [1.849624377781123, 0.7323184221678151, 0.855962508813682], "k_pid_alt": [0.34373872846270315, 0.0, 0.949345597264735], "k_pid_att": [39.447728079683905, 2.479545121909682, 0.004857337777279036], "k_pid_yaw": [0.5, 1e-06, 0.1], "k_pid_hsp": [1.5353014571438959, 0.011264223901387349, 0.0], "k_pid_vsp": [194.7624155113164, 20.0, 10.0]}, "datetime": {"datetime": "2025-08-13 12:12:14", "elapsed": 8662.080799818039, "delta": 52.798535108566284}, "costs": {"total_cost": 444.449351924281, "time_cost": 150, "final_distance_cost": 24.893050974749062, "oscillation_cost": 54.61679908747164, "completition_cost": 111.11111111111116, "overshoot_cost": 55.962223533617866, "power_cost": 18.35291990966797, "noise_cost": 29.513247307663345, "n_waypoints_completed": 8, "tot_waypoints": 9}}
{"target": -231.63894442455333, "params": {"k_pid_pos": [0.39162362725922834, 0.024859491386256316, 0.6830149564489978], "k_pid_alt": [1.2679502233621702, 0.02520494712616217, 0.949345597264735], "k_pid_att": [14.415714892135846, 0.30490604315558156, 0.1845336041603497], "k_pid_yaw": [0.5, 1e-06, 0.1], "k_pid_hsp": [0.09847755819799779, 0.011264223901387349, 0.0], "k_pid_vsp": [194.7624155113164, 156.73508457218338, 10.0]}, "datetime": {"datetime": "2025-08-13 12:13:01", "elapsed": 8709.128941774368, "delta": 47.048141956329346}, "costs": {"total_cost": 231.63894442455333, "time_cost": 108.927, "final_distance_cost": 1.84490754877141, "oscillation_cost": 17.225343049486607, "completition_cost": 0.0, "overshoot_cost": 57.589150581841466, "power_cost": 19.212211437988284, "noise_cost": 26.840331806465535, "n_waypoints_completed": 9, "tot_waypoints": 9}}
{"target": -1760.408728565037, "params": {"k_pid_pos": [1.849624377781123, 0.024859491386256316, 0.44963268842268056], "k_pid_alt": [1.4458679973838424, 0.02520494712616217, 0.949345597264735], "k_pid_att": [39.447728079683905, 4.047543547045578, 0.1845336041603497], "k_pid_yaw": [0.5, 1e-06, 0.1], "k_pid_hsp": [0.09847755819799779, 0.011264223901387349, 0.35536443232023773], "k_pid_vsp": [194.7624155113164, 156.73508457218338, 10.0]}, "datetime": {"datetime": "2025-08-13 12:13:54", "elapsed": 8762.32357621193, "delta": 53.194634437561035}, "costs": {"total_cost": 1760.408728565037, "time_cost": 150, "final_distance_cost": 64.31111900267811, "oscillation_cost": 704.3375221317643, "completition_cost": 666.6666666666667, "overshoot_cost": 99.44937977222557, "power_cost": 43.57192310791016, "noise_cost": 32.07211788379229, "n_waypoints_completed": 3, "tot_waypoints": 9}}
{"target": -192.80353590906654, "params": {"k_pid_pos": [1.849624377781123, 0.024859491386256316, 0.855962508813682], "k_pid_alt": [1.2679502233621702, 0.0, 0.06527723447865985], "k_pid_att": [58.989274729095186, 3.8677381495188174, 0.1845336041603497], "k_pid_yaw": [0.5, 1e-06, 0.1], "k_pid_hsp": [0.09847755819799779, 0.011264223901387349, 0.0], "k_pid_vsp": [194.7624155113164, 156.73508457218338, 10.0]}, "datetime": {"datetime": "2025-08-13 12:14:25", "elapsed": 8793.280100822449, "delta": 30.95652461051941}, "costs": {"total_cost": 192.80353590906654, "time_cost": 70.028, "final_distance_cost": 1.831165750365877, "oscillation_cost": 29.3462907631243, "completition_cost": 0.0, "overshoot_cost": 51.001490153534014, "power_cost": 20.543127685546875, "noise_cost": 20.05346155649548, "n_waypoints_completed": 9, "tot_waypoints": 9}}
{"target": -195.3077219830256, "params": {"k_pid_pos": [1.849624377781123, 0.024859491386256316, 0.855962508813682], "k_pid_alt": [1.2679502233621702, 0.0, 0.949345597264735], "k_pid_att": [14.415714892135846, 3.8677381495188174, 0.6196773621357177], "k_pid_yaw": [0.5, 1e-06, 0.1], "k_pid_hsp": [0.09847755819799779, 0.011264223901387349, 0.0], "k_pid_vsp": [194.7624155113164, 156.73508457218338, 10.0]}, "datetime": {"datetime": "2025-08-13 12:14:57", "elapsed": 8825.0973777771, "delta": 31.81727695465088}, "costs": {"total_cost": 195.3077219830256, "time_cost": 73.052, "final_distance_cost": 1.82153982713615, "oscillation_cost": 29.361224571027616, "completition_cost": 0.0, "overshoot_cost": 51.33470369760795, "power_cost": 20.32703809814453, "noise_cost": 19.411215789109352, "n_waypoints_completed": 9, "tot_waypoints": 9}}
{"target": -1539.8242865614475, "params": {"k_pid_pos": [1.849624377781123, 0.20155169717439214, 0.44963268842268056], "k_pid_alt": [1.4828936131754265, 0.0, 0.8361997509577753], "k_pid_att": [19.462821160492226, 4.452622529689853, 0.4740562159278153], "k_pid_yaw": [0.5, 1e-06, 0.1], "k_pid_hsp": [0.09847755819799779, 0.018231072988983632, 0.5112702394360336], "k_pid_vsp": [194.7624155113164, 139.20520652041523, 10.0]}, "datetime": {"datetime": "2025-08-13 12:15:50", "elapsed": 8878.423681259155, "delta": 53.326303482055664}, "costs": {"total_cost": 1539.8242865614475, "time_cost": 150, "final_distance_cost": 45.48590523629292, "oscillation_cost": 477.9307129448413, "completition_cost": 666.6666666666667, "overshoot_cost": 98.3700849755001, "power_cost": 49.24103341064453, "noise_cost": 52.129883327501766, "n_waypoints_completed": 3, "tot_waypoints": 9}}
{"target": -205.43912866409443, "params": {"k_pid_pos": [1.849624377781123, 0.024859491386256316, 0.44963268842268056], "k_pid_alt": [1.4458679973838424, 0.02520494712616217, 0.6559531101246859], "k_pid_att": [89.24814191396806, 3.8677381495188174, 0.1845336041603497], "k_pid_yaw": [0.5, 1e-06, 0.1], "k_pid_hsp": [0.09847755819799779, 0.011264223901387349, 0.0], "k_pid_vsp": [194.7624155113164, 156.73508457218338, 10.0]}, "datetime": {"datetime": "2025-08-13 12:16:22", "elapsed": 8910.228246450424, "delta": 31.80456519126892}, "costs": {"total_cost": 205.43912866409443, "time_cost": 72.387, "final_distance_cost": 1.764751551239885, "oscillation_cost": 34.45555906110113, "completition_cost": 0.0, "overshoot_cost": 52.35620079891791, "power_cost": 22.839285705566407, "noise_cost": 21.636331547269087, "n_waypoints_completed": 9, "tot_waypoints": 9}}
{"target": -191.45520150151128, "params": {"k_pid_pos": [1.849624377781123, 0.024859491386256316, 0.855962508813682], "k_pid_alt": [1.2679502233621702, 0.0, 0.949345597264735], "k_pid_att": [14.415714892135846, 3.8677381495188174, 0.1845336041603497], "k_pid_yaw": [0.5, 1e-06, 0.1], "k_pid_hsp": [0.09847755819799779, 0.011264223901387349, 0.0], "k_pid_vsp": [194.7624155113164, 156.73508457218338, 10.0]}, "datetime": {"datetime": "2025-08-13 12:16:53", "elapsed": 8941.972954511642, "delta": 31.74470806121826}, "costs": {"total_cost": 191.45520150151128, "time_cost": 72.765, "final_distance_cost": 1.8223474430611808, "oscillation_cost": 29.523497636250344, "completition_cost": 0.0, "overshoot_cost": 50.762943957185655, "power_cost": 18.426207641601565, "noise_cost": 18.155204823412575, "n_waypoints_completed": 9, "tot_waypoints": 9}}
{"target": -197.1673793858906, "params": {"k_pid_pos": [1.849624377781123, 0.024859491386256316, 0.855962508813682], "k_pid_alt": [1.2679502233621702, 0.0, 0.949345597264735], "k_pid_att": [85.02836851553842, 7.284845820832624, 0.004857337777279036], "k_pid_yaw": [0.5, 1e-06, 0.1], "k_pid_hsp": [0.09847755819799779, 0.011264223901387349, 0.0], "k_pid_vsp": [194.7624155113164, 351.388862279923, 10.0]}, "datetime": {"datetime": "2025-08-13 12:17:25", "elapsed": 8973.32154417038, "delta": 31.348589658737183}, "costs": {"total_cost": 197.1673793858906, "time_cost": 72.898, "final_distance_cost": 1.8309449909996218, "oscillation_cost": 35.33643651325346, "completition_cost": 0.0, "overshoot_cost": 50.732826232160996, "power_cost": 17.87155399169922, "noise_cost": 18.497617657777305, "n_waypoints_completed": 9, "tot_waypoints": 9}}
{"target": -204.41495164909205, "params": {"k_pid_pos": [1.849624377781123, 0.024859491386256316, 0.6830149564489978], "k_pid_alt": [1.2679502233621702, 0.27313321260667356, 0.949345597264735], "k_pid_att": [14.415714892135846, 3.8677381495188174, 0.1845336041603497], "k_pid_yaw": [0.5, 1e-06, 0.1], "k_pid_hsp": [0.09847755819799779, 0.011264223901387349, 0.0], "k_pid_vsp": [296.9957164222489, 156.73508457218338, 10.0]}, "datetime": {"datetime": "2025-08-13 12:17:45", "elapsed": 8993.256156682968, "delta": 19.9346125125885}, "costs": {"total_cost": 204.41495164909205, "time_cost": 78.687, "final_distance_cost": 1.7833843527891324, "oscillation_cost": 33.508271234832144, "completition_cost": 0.0, "overshoot_cost": 51.41781744739776, "power_cost": 19.733944750976562, "noise_cost": 19.284533863096478, "n_waypoints_completed": 9, "tot_waypoints": 9}}
{"target": -350.97687256525495, "params": {"k_pid_pos": [1.849624377781123, 0.024859491386256316, 0.2995124902746459], "k_pid_alt": [1.2679502233621702, 0.02520494712616217, 0.5115311366376475], "k_pid_att": [94.03514125381805, 3.8677381495188174, 0.1845336041603497], "k_pid_yaw": [0.5, 1e-06, 0.1], "k_pid_hsp": [0.09847755819799779, 0.30812696203626844, 0.0], "k_pid_vsp": [194.7624155113164, 93.09285943774285, 10.0]}, "datetime": {"datetime": "2025-08-13 12:18:24", "elapsed": 9032.83770775795, "delta": 39.58155107498169}, "costs": {"total_cost": 350.97687256525495, "time_cost": 107.485, "final_distance_cost": 1.7895844965830936, "oscillation_cost": 113.0500846520261, "completition_cost": 0.0, "overshoot_cost": 66.97153276002277, "power_cost": 29.127538647460938, "noise_cost": 32.55313200916209, "n_waypoints_completed": 9, "tot_waypoints": 9}}
{"target": -184.6186452682084, "params": {"k_pid_pos": [1.4340672435785011, 0.024859491386256316, 0.44963268842268056], "k_pid_alt": [1.296896341175293, 0.0, 0.3146878632891922], "k_pid_att": [39.447728079683905, 3.8677381495188174, 0.1845336041603497], "k_pid_yaw": [0.5, 1e-06, 0.1], "k_pid_hsp": [0.09847755819799779, 0.011264223901387349, 0.0], "k_pid_vsp": [194.7624155113164, 336.89689932622207, 10.0]}, "datetime": {"datetime": "2025-08-13 12:18:55", "elapsed": 9063.643291473389, "delta": 30.805583715438843}, "costs": {"total_cost": 184.6186452682084, "time_cost": 70.18900000000001, "final_distance_cost": 1.817192291854489, "oscillation_cost": 29.971335528148664, "completition_cost": 0.0, "overshoot_cost": 50.35452862928879, "power_cost": 13.357612304687501, "noise_cost": 18.92897651422897, "n_waypoints_completed": 9, "tot_waypoints": 9}}
{"target": -219.61618683297655, "params": {"k_pid_pos": [1.849624377781123, 0.8245025676918739, 0.6830149564489978], "k_pid_alt": [1.2679502233621702, 0.02520494712616217, 0.949345597264735], "k_pid_att": [39.447728079683905, 2.479545121909682, 0.004857337777279036], "k_pid_yaw": [0.5, 1e-06, 0.1], "k_pid_hsp": [1.5353014571438959, 0.011264223901387349, 0.0], "k_pid_vsp": [194.7624155113164, 351.388862279923, 10.0]}, "datetime": {"datetime": "2025-08-13 12:19:29", "elapsed": 9098.00340461731, "delta": 34.3601131439209}, "costs": {"total_cost": 219.61618683297655, "time_cost": 78.078, "final_distance_cost": 1.7426193436868684, "oscillation_cost": 48.734861078969686, "completition_cost": 0.0, "overshoot_cost": 50.696328892216755, "power_cost": 20.259286340332032, "noise_cost": 20.10509117777123, "n_waypoints_completed": 9, "tot_waypoints": 9}}
{"target": -194.86815053172722, "params": {"k_pid_pos": [0.9913583837549204, 0.024859491386256316, 0.6830149564489978], "k_pid_alt": [1.2679502233621702, 0.0, 0.949345597264735], "k_pid_att": [85.02836851553842, 7.284845820832624, 0.004857337777279036], "k_pid_yaw": [0.5, 1e-06, 0.1], "k_pid_hsp": [0.09847755819799779, 0.011264223901387349, 0.0], "k_pid_vsp": [194.7624155113164, 20.0, 10.0]}, "datetime": {"datetime": "2025-08-13 12:19:49", "elapsed": 9117.35815358162, "delta": 19.354748964309692}, "costs": {"total_cost": 194.86815053172722, "time_cost": 76.811, "final_distance_cost": 1.8436026304481985, "oscillation_cost": 32.47916303164161, "completition_cost": 0.0, "overshoot_cost": 51.87764434259755, "power_cost": 11.770220166015626, "noise_cost": 20.086520361024217, "n_waypoints_completed": 9, "tot_waypoints": 9}}
{"target": -190.6404927081164, "params": {"k_pid_pos": [1.4340672435785011, 0.024859491386256316, 0.2995124902746459], "k_pid_alt": [1.2679502233621702, 0.02520494712616217, 0.5115311366376475], "k_pid_att": [94.03514125381805, 4.5502721036558205, 0.1845336041603497], "k_pid_yaw": [0.5, 1e-06, 0.1], "k_pid_hsp": [0.09847755819799779, 0.011264223901387349, 0.0], "k_pid_vsp": [194.7624155113164, 93.09285943774285, 10.0]}, "datetime": {"datetime": "2025-08-13 12:20:07", "elapsed": 9135.627035617828, "delta": 18.268882036209106}, "costs": {"total_cost": 190.6404927081164, "time_cost": 70.413, "final_distance_cost": 1.7835499217654849, "oscillation_cost": 32.999166586550054, "completition_cost": 0.0, "overshoot_cost": 51.09749015343128, "power_cost": 15.438873730468751, "noise_cost": 18.908412315900847, "n_waypoints_completed": 9, "tot_waypoints": 9}}
{"target": -190.50053196753828, "params": {"k_pid_pos": [1.4340672435785011, 0.024859491386256316, 0.44963268842268056], "k_pid_alt": [1.296896341175293, 0.0, 0.3146878632891922], "k_pid_att": [39.447728079683905, 3.8677381495188174, 0.1845336041603497], "k_pid_yaw": [0.5, 1e-06, 0.1], "k_pid_hsp": [0.09847755819799779, 0.011264223901387349, 0.0], "k_pid_vsp": [194.7624155113164, 336.89689932622207, 10.0]}, "datetime": {"datetime": "2025-08-13 12:20:25", "elapsed": 9153.258244752884, "delta": 17.631209135055542}, "costs": {"total_cost": 190.50053196753828, "time_cost": 70.483, "final_distance_cost": 1.791716414277435, "oscillation_cost": 29.619923574553397, "completition_cost": 0.0, "overshoot_cost": 50.89661288618703, "power_cost": 19.109040576171875, "noise_cost": 18.600238516348565, "n_waypoints_completed": 9, "tot_waypoints": 9}}
{"target": -196.30045477473396, "params": {"k_pid_pos": [1.849624377781123, 0.024859491386256316, 0.44963268842268056], "k_pid_alt": [1.4458679973838424, 0.02520494712616217, 0.949345597264735], "k_pid_att": [39.447728079683905, 3.8677381495188174, 0.1845336041603497], "k_pid_yaw": [0.5, 1e-06, 0.1], "k_pid_hsp": [0.09847755819799779, 0.011264223901387349, 0.0], "k_pid_vsp": [17.18305095025783, 20.0, 10.0]}, "datetime": {"datetime": "2025-08-13 12:20:43", "elapsed": 9171.647235870361, "delta": 18.388991117477417}, "costs": {"total_cost": 196.30045477473396, "time_cost": 72.81400000000001, "final_distance_cost": 1.7628879391799677, "oscillation_cost": 33.01950535352207, "completition_cost": 0.0, "overshoot_cost": 52.56072124012849, "power_cost": 15.915697705078125, "noise_cost": 20.227642536825318, "n_waypoints_completed": 9, "tot_waypoints": 9}}
{"target": -184.9068120367251, "params": {"k_pid_pos": [1.849624377781123, 0.024859491386256316, 0.44963268842268056], "k_pid_alt": [1.4458679973838424, 0.02520494712616217, 0.949345597264735], "k_pid_att": [39.447728079683905, 3.8677381495188174, 0.1845336041603497], "k_pid_yaw": [0.5, 1e-06, 0.1], "k_pid_hsp": [0.09847755819799779, 0.011264223901387349, 0.0], "k_pid_vsp": [194.7624155113164, 156.73508457218338, 10.0]}, "datetime": {"datetime": "2025-08-13 12:21:02", "elapsed": 9190.440675497055, "delta": 18.793439626693726}, "costs": {"total_cost": 184.9068120367251, "time_cost": 70.434, "final_distance_cost": 1.792486602562999, "oscillation_cost": 32.781111798689274, "completition_cost": 0.0, "overshoot_cost": 51.15237688732823, "power_cost": 10.626611267089844, "noise_cost": 18.12022548105477, "n_waypoints_completed": 9, "tot_waypoints": 9}}
