{"target": -298.44205414933987, "params": {"k_pid_pos": [1.4340672435785011, 0.024859491386256316, 0.8519347702918288], "k_pid_alt": [1.4458679973838424, 0.0, 0.3146878632891922], "k_pid_att": [32.711453394509874, 0.18205753750414305, 0.34464953207076743], "k_pid_yaw": [0.5, 1e-06, 0.1], "k_pid_hsp": [0.09847755819799779, 0.35943475000846337, 0.0], "k_pid_vsp": [277.2708477836043, 93.09285943774285, 10.0]}, "datetime": {"datetime": "2025-08-13 15:58:00", "elapsed": 22208.492522001266, "delta": 24.854182720184326}, "costs": {"total_cost": 298.44205414933987, "time_cost": 84.49, "final_distance_cost": 1.850835534708376, "oscillation_cost": 100.4018391957112, "completition_cost": 0.0, "overshoot_cost": 55.45144591832907, "power_cost": 29.373285583496095, "noise_cost": 26.874647917095086, "n_waypoints_completed": 9, "tot_waypoints": 9}}
{"target": -720.6843284729324, "params": {"k_pid_pos": [1.4340672435785011, 0.024859491386256316, 0.8519347702918288], "k_pid_alt": [1.4458679973838424, 0.0, 0.3146878632891922], "k_pid_att": [58.28791669869587, 0.18205753750414305, 0.34464953207076743], "k_pid_yaw": [0.5, 1e-06, 0.1], "k_pid_hsp": [0.09847755819799779, 0.838288257326695, 0.0], "k_pid_vsp": [277.2708477836043, 93.09285943774285, 10.0]}, "datetime": {"datetime": "2025-08-13 15:58:33", "elapsed": 22241.26485323906, "delta": 32.77233123779297}, "costs": {"total_cost": 720.6843284729324, "time_cost": 150, "final_distance_cost": 65.36437822187116, "oscillation_cost": 139.46734434211305, "completition_cost": 222.2222222222222, "overshoot_cost": 65.61983528264693, "power_cost": 42.10595030517578, "noise_cost": 35.90459809890314, "n_waypoints_completed": 7, "tot_waypoints": 9}}
{"target": -183.99346583726347, "params": {"k_pid_pos": [1.367080816728244, 0.024859491386256316, 0.8519347702918288], "k_pid_alt": [1.4458679973838424, 0.0, 0.3146878632891922], "k_pid_att": [39.447728079683905, 3.8677381495188174, 0.6559199499296157], "k_pid_yaw": [0.5, 1e-06, 0.1], "k_pid_hsp": [0.09847755819799779, 0.011264223901387349, 0.0], "k_pid_vsp": [44.58480459101759, 93.09285943774285, 10.0]}, "datetime": {"datetime": "2025-08-13 15:58:53", "elapsed": 22261.07507967949, "delta": 19.810226440429688}, "costs": {"total_cost": 183.99346583726347, "time_cost": 70.462, "final_distance_cost": 1.8469588813822733, "oscillation_cost": 27.00008204582559, "completition_cost": 0.0, "overshoot_cost": 50.58397409622008, "power_cost": 15.936844982910157, "noise_cost": 18.163605830925377, "n_waypoints_completed": 9, "tot_waypoints": 9}}
{"target": -191.99156233722323, "params": {"k_pid_pos": [1.4340672435785011, 0.024859491386256316, 0.8519347702918288], "k_pid_alt": [1.4458679973838424, 0.0, 0.3146878632891922], "k_pid_att": [48.26873903267956, 8.267881126176224, 0.34464953207076743], "k_pid_yaw": [0.5, 1e-06, 0.1], "k_pid_hsp": [0.09847755819799779, 0.011264223901387349, 0.0], "k_pid_vsp": [277.2708477836043, 93.09285943774285, 10.0]}, "datetime": {"datetime": "2025-08-13 15:59:13", "elapsed": 22281.178386449814, "delta": 20.103306770324707}, "costs": {"total_cost": 191.99156233722323, "time_cost": 71.365, "final_distance_cost": 1.8436081131613296, "oscillation_cost": 26.330582810256683, "completition_cost": 0.0, "overshoot_cost": 51.48863144061465, "power_cost": 20.544431665039063, "noise_cost": 20.41930830815151, "n_waypoints_completed": 9, "tot_waypoints": 9}}
{"target": -183.17614314948196, "params": {"k_pid_pos": [1.4340672435785011, 0.024859491386256316, 0.8519347702918288], "k_pid_alt": [1.4458679973838424, 0.0, 0.3146878632891922], "k_pid_att": [43.948176657889235, 0.18205753750414305, 0.34464953207076743], "k_pid_yaw": [0.5, 1e-06, 0.1], "k_pid_hsp": [0.09847755819799779, 0.011264223901387349, 0.0], "k_pid_vsp": [290.42366778167803, 93.09285943774285, 10.0]}, "datetime": {"datetime": "2025-08-13 15:59:33", "elapsed": 22301.529037237167, "delta": 20.350650787353516}, "costs": {"total_cost": 183.17614314948196, "time_cost": 70.546, "final_distance_cost": 1.8291049074207344, "oscillation_cost": 27.237852352216244, "completition_cost": 0.0, "overshoot_cost": 50.827193015710094, "power_cost": 14.545525244140626, "noise_cost": 18.19046762999427, "n_waypoints_completed": 9, "tot_waypoints": 9}}
{"target": -199.49006142055296, "params": {"k_pid_pos": [1.4340672435785011, 0.024859491386256316, 0.44963268842268056], "k_pid_alt": [1.4458679973838424, 0.0, 0.11578642527130634], "k_pid_att": [6.174354700882767, 3.917135097401164, 0.19921483509393956], "k_pid_yaw": [0.5, 1e-06, 0.1], "k_pid_hsp": [3.333190925918924, 0.011264223901387349, 0.0], "k_pid_vsp": [277.2708477836043, 93.09285943774285, 10.0]}, "datetime": {"datetime": "2025-08-13 15:59:53", "elapsed": 22321.411434173584, "delta": 19.882396936416626}, "costs": {"total_cost": 199.49006142055296, "time_cost": 69.57300000000001, "final_distance_cost": 1.840832994959981, "oscillation_cost": 41.52306516263804, "completition_cost": 0.0, "overshoot_cost": 50.28504836206265, "power_cost": 18.05066647949219, "noise_cost": 18.21744842140013, "n_waypoints_completed": 9, "tot_waypoints": 9}}
{"target": -525.9247904593373, "params": {"k_pid_pos": [1.4340672435785011, 0.33366539114253435, 0.8519347702918288], "k_pid_alt": [1.4458679973838424, 0.0, 0.3146878632891922], "k_pid_att": [43.948176657889235, 0.18205753750414305, 0.34464953207076743], "k_pid_yaw": [0.5, 1e-06, 0.1], "k_pid_hsp": [7.913838258274543, 0.011264223901387349, 0.9477950138699737], "k_pid_vsp": [277.2708477836043, 93.09285943774285, 10.0]}, "datetime": {"datetime": "2025-08-13 16:00:14", "elapsed": 22342.843508720398, "delta": 21.432074546813965}, "costs": {"total_cost": 525.9247904593373, "time_cost": 77.028, "final_distance_cost": 1.7591136688994047, "oscillation_cost": 347.0046035160744, "completition_cost": 0.0, "overshoot_cost": 52.860835389657275, "power_cost": 25.15213858642578, "noise_cost": 22.12009929828043, "n_waypoints_completed": 9, "tot_waypoints": 9}}
{"target": -194.18756986825372, "params": {"k_pid_pos": [1.4340672435785011, 0.024859491386256316, 0.8519347702918288], "k_pid_alt": [1.4458679973838424, 0.0, 0.3146878632891922], "k_pid_att": [43.948176657889235, 0.18205753750414305, 0.34464953207076743], "k_pid_yaw": [0.5, 1e-06, 0.1], "k_pid_hsp": [0.09847755819799779, 0.011264223901387349, 0.0], "k_pid_vsp": [277.2708477836043, 93.09285943774285, 10.0]}, "datetime": {"datetime": "2025-08-13 16:00:35", "elapsed": 22363.473253965378, "delta": 20.62974524497986}, "costs": {"total_cost": 194.18756986825372, "time_cost": 71.057, "final_distance_cost": 1.848960755851747, "oscillation_cost": 27.069569111295547, "completition_cost": 0.0, "overshoot_cost": 51.23218941242706, "power_cost": 21.533497607421875, "noise_cost": 21.446352981257487, "n_waypoints_completed": 9, "tot_waypoints": 9}}
{"target": -180.92316762286413, "params": {"k_pid_pos": [1.4340672435785011, 0.024859491386256316, 0.8519347702918288], "k_pid_alt": [1.4458679973838424, 0.0, 0.3146878632891922], "k_pid_att": [42.28034808905181, 0.18205753750414305, 0.34464953207076743], "k_pid_yaw": [0.5, 1e-06, 0.1], "k_pid_hsp": [0.09847755819799779, 0.011264223901387349, 0.0], "k_pid_vsp": [277.2708477836043, 197.31441805153213, 10.0]}, "datetime": {"datetime": "2025-08-13 16:00:55", "elapsed": 22383.399010896683, "delta": 19.92575693130493}, "costs": {"total_cost": 180.92316762286413, "time_cost": 70.434, "final_distance_cost": 1.836618054047335, "oscillation_cost": 27.461965807385166, "completition_cost": 0.0, "overshoot_cost": 50.25892376346697, "power_cost": 12.451861022949219, "noise_cost": 18.479798975015427, "n_waypoints_completed": 9, "tot_waypoints": 9}}
{"target": -214.76939741129326, "params": {"k_pid_pos": [1.4340672435785011, 0.024859491386256316, 0.8519347702918288], "k_pid_alt": [1.4458679973838424, 0.0, 0.3146878632891922], "k_pid_att": [76.63606454736403, 3.8677381495188174, 0.6559199499296157], "k_pid_yaw": [0.5, 1e-06, 0.1], "k_pid_hsp": [5.566677707259657, 0.011264223901387349, 0.0], "k_pid_vsp": [277.2708477836043, 93.09285943774285, 10.0]}, "datetime": {"datetime": "2025-08-13 16:01:16", "elapsed": 22404.260558605194, "delta": 20.861547708511353}, "costs": {"total_cost": 214.76939741129326, "time_cost": 73.22, "final_distance_cost": 1.847885859288911, "oscillation_cost": 45.083154708055865, "completition_cost": 0.0, "overshoot_cost": 51.407642496958864, "power_cost": 21.649917871093752, "noise_cost": 21.560796475895867, "n_waypoints_completed": 9, "tot_waypoints": 9}}
{"target": -1864.8088164109915, "params": {"k_pid_pos": [1.4340672435785011, 0.024859491386256316, 0.44963268842268056], "k_pid_alt": [1.4458679973838424, 0.0, 0.13294310327404035], "k_pid_att": [39.447728079683905, 3.8677381495188174, 0.6559199499296157], "k_pid_yaw": [0.5, 1e-06, 0.1], "k_pid_hsp": [6.768715103261824, 0.011264223901387349, 0.6065889146836446], "k_pid_vsp": [17.18305095025783, 93.09285943774285, 230.7530952001586]}, "datetime": {"datetime": "2025-08-13 16:01:50", "elapsed": 22438.330532073975, "delta": 34.06997346878052}, "costs": {"total_cost": 1864.8088164109915, "time_cost": 150, "final_distance_cost": 70.17861315770834, "oscillation_cost": 606.2170455474543, "completition_cost": 777.7777777777778, "overshoot_cost": 139.04712324620183, "power_cost": 35.00205787353516, "noise_cost": 86.58619880831408, "n_waypoints_completed": 2, "tot_waypoints": 9}}
{"target": -862.2088476400422, "params": {"k_pid_pos": [1.8528239617641062, 0.024859491386256316, 0.8519347702918288], "k_pid_alt": [0.19443302098434057, 0.0, 0.3146878632891922], "k_pid_att": [43.948176657889235, 0.18205753750414305, 0.34464953207076743], "k_pid_yaw": [0.5, 1e-06, 0.1], "k_pid_hsp": [5.837136346439943, 0.011264223901387349, 0.0], "k_pid_vsp": [277.2708477836043, 93.09285943774285, 10.0]}, "datetime": {"datetime": "2025-08-13 16:02:25", "elapsed": 22473.452403068542, "delta": 35.12187099456787}, "costs": {"total_cost": 862.2088476400422, "time_cost": 150, "final_distance_cost": 69.30692861094208, "oscillation_cost": 321.2099089921846, "completition_cost": 222.2222222222222, "overshoot_cost": 48.112191629357625, "power_cost": 23.144948645019532, "noise_cost": 28.2126475403162, "n_waypoints_completed": 7, "tot_waypoints": 9}}
{"target": -213.93091500205068, "params": {"k_pid_pos": [1.4164186877546903, 0.024859491386256316, 0.44963268842268056], "k_pid_alt": [1.4458679973838424, 0.0, 0.6145304926431803], "k_pid_att": [39.447728079683905, 3.8677381495188174, 0.06525997523876337], "k_pid_yaw": [0.5, 1e-06, 0.1], "k_pid_hsp": [0.09847755819799779, 0.011264223901387349, 0.0], "k_pid_vsp": [67.06746789475653, 93.09285943774285, 10.0]}, "datetime": {"datetime": "2025-08-13 16:02:46", "elapsed": 22494.561991930008, "delta": 21.109588861465454}, "costs": {"total_cost": 213.93091500205068, "time_cost": 76.118, "final_distance_cost": 1.8018460322978938, "oscillation_cost": 30.569175166931547, "completition_cost": 0.0, "overshoot_cost": 54.284844125834965, "power_cost": 27.575708984375, "noise_cost": 23.581340692611292, "n_waypoints_completed": 9, "tot_waypoints": 9}}
{"target": -193.37580607125216, "params": {"k_pid_pos": [1.733835489643198, 0.024859491386256316, 0.44963268842268056], "k_pid_alt": [1.4458679973838424, 0.0, 0.13294310327404035], "k_pid_att": [39.447728079683905, 3.8677381495188174, 0.6559199499296157], "k_pid_yaw": [0.5, 1e-06, 0.1], "k_pid_hsp": [0.09847755819799779, 0.011264223901387349, 0.0], "k_pid_vsp": [17.18305095025783, 300.6723471101404, 10.0]}, "datetime": {"datetime": "2025-08-13 16:03:07", "elapsed": 22515.181225538254, "delta": 20.61923360824585}, "costs": {"total_cost": 193.37580607125216, "time_cost": 70.098, "final_distance_cost": 1.797995826867977, "oscillation_cost": 36.05974018851235, "completition_cost": 0.0, "overshoot_cost": 49.926583317176195, "power_cost": 17.87282413330078, "noise_cost": 17.620662605394863, "n_waypoints_completed": 9, "tot_waypoints": 9}}
{"target": -1879.841101195087, "params": {"k_pid_pos": [1.4340672435785011, 0.024859491386256316, 0.8519347702918288], "k_pid_alt": [1.4458679973838424, 0.0, 0.3146878632891922], "k_pid_att": [43.948176657889235, 0.18205753750414305, 0.34464953207076743], "k_pid_yaw": [0.5, 1e-06, 0.1], "k_pid_hsp": [0.09847755819799779, 0.7660882004239901, 0.7646384796406737], "k_pid_vsp": [42.64662974651476, 93.09285943774285, 10.0]}, "datetime": {"datetime": "2025-08-13 16:03:37", "elapsed": 22545.985070466995, "delta": 30.803844928741455}, "costs": {"total_cost": 1879.841101195087, "time_cost": 150, "final_distance_cost": 44.12354070988329, "oscillation_cost": 824.916481886727, "completition_cost": 666.6666666666667, "overshoot_cost": 122.234934296763, "power_cost": 40.385046142578126, "noise_cost": 31.51443149246898, "n_waypoints_completed": 3, "tot_waypoints": 9}}
{"target": -1803.636171189895, "params": {"k_pid_pos": [1.4340672435785011, 0.024859491386256316, 0.8519347702918288], "k_pid_alt": [1.4458679973838424, 0.0, 0.3146878632891922], "k_pid_att": [43.948176657889235, 0.18205753750414305, 0.34464953207076743], "k_pid_yaw": [0.5, 1e-06, 0.1], "k_pid_hsp": [0.09847755819799779, 0.11105211150664163, 0.6020109603024101], "k_pid_vsp": [366.9222945638871, 93.09285943774285, 149.38753159891255]}, "datetime": {"datetime": "2025-08-13 16:04:09", "elapsed": 22577.737077236176, "delta": 31.752006769180298}, "costs": {"total_cost": 1803.636171189895, "time_cost": 150, "final_distance_cost": 58.09443367777923, "oscillation_cost": 751.0286706337458, "completition_cost": 666.6666666666667, "overshoot_cost": 121.89638010197828, "power_cost": 29.59971315917969, "noise_cost": 26.350306950545235, "n_waypoints_completed": 3, "tot_waypoints": 9}}
{"target": -181.06266880809392, "params": {"k_pid_pos": [1.4340672435785011, 0.024859491386256316, 0.8519347702918288], "k_pid_alt": [1.4458679973838424, 0.0, 0.3146878632891922], "k_pid_att": [22.261599542950584, 0.18205753750414305, 0.34464953207076743], "k_pid_yaw": [0.5, 1e-06, 0.1], "k_pid_hsp": [0.09847755819799779, 0.011264223901387349, 0.0], "k_pid_vsp": [277.2708477836043, 93.09285943774285, 10.0]}, "datetime": {"datetime": "2025-08-13 16:04:27", "elapsed": 22596.0498111248, "delta": 18.3127338886261}, "costs": {"total_cost": 181.06266880809392, "time_cost": 70.58800000000001, "final_distance_cost": 1.8348946457475275, "oscillation_cost": 27.059392737173084, "completition_cost": 0.0, "overshoot_cost": 50.74844861545095, "power_cost": 12.316425903320313, "noise_cost": 18.51550690640205, "n_waypoints_completed": 9, "tot_waypoints": 9}}
{"target": -506.97694336521863, "params": {"k_pid_pos": [1.4340672435785011, 0.024859491386256316, 0.8519347702918288], "k_pid_alt": [1.4458679973838424, 0.0, 0.3146878632891922], "k_pid_att": [43.948176657889235, 0.18205753750414305, 0.34464953207076743], "k_pid_yaw": [0.5, 1e-06, 0.1], "k_pid_hsp": [9.021287020744124, 0.5222523352322085, 0.7796071213096329], "k_pid_vsp": [277.2708477836043, 93.09285943774285, 10.0]}, "datetime": {"datetime": "2025-08-13 16:04:46", "elapsed": 22614.58100104332, "delta": 18.531189918518066}, "costs": {"total_cost": 506.97694336521863, "time_cost": 73.21300000000001, "final_distance_cost": 1.817840158145605, "oscillation_cost": 340.12761153957683, "completition_cost": 0.0, "overshoot_cost": 50.55522686301952, "power_cost": 20.765762243652343, "noise_cost": 20.49750256082436, "n_waypoints_completed": 9, "tot_waypoints": 9}}
{"target": -188.88196971027475, "params": {"k_pid_pos": [1.4164186877546903, 0.024859491386256316, 0.44963268842268056], "k_pid_alt": [1.4458679973838424, 0.0, 0.46972286414476394], "k_pid_att": [39.447728079683905, 3.8677381495188174, 0.6559199499296157], "k_pid_yaw": [0.5, 1e-06, 0.1], "k_pid_hsp": [0.09847755819799779, 0.011264223901387349, 0.0], "k_pid_vsp": [277.2708477836043, 93.09285943774285, 10.0]}, "datetime": {"datetime": "2025-08-13 16:05:07", "elapsed": 22635.142464399338, "delta": 20.561463356018066}, "costs": {"total_cost": 188.88196971027475, "time_cost": 70.868, "final_distance_cost": 1.8182541591439119, "oscillation_cost": 28.535064746944556, "completition_cost": 0.0, "overshoot_cost": 51.3273738034937, "power_cost": 18.27419656982422, "noise_cost": 18.059080430868367, "n_waypoints_completed": 9, "tot_waypoints": 9}}
{"target": -1724.2692809902585, "params": {"k_pid_pos": [1.953387039163843, 0.4028392441432166, 0.44963268842268056], "k_pid_alt": [1.4458679973838424, 0.0, 0.6145304926431803], "k_pid_att": [39.447728079683905, 3.8677381495188174, 0.8257697299075593], "k_pid_yaw": [0.5, 1e-06, 0.1], "k_pid_hsp": [0.09847755819799779, 0.011264223901387349, 0.7496837122419485], "k_pid_vsp": [17.18305095025783, 300.6723471101404, 10.0]}, "datetime": {"datetime": "2025-08-13 16:05:38", "elapsed": 22666.164989948273, "delta": 31.022525548934937}, "costs": {"total_cost": 1724.2692809902585, "time_cost": 150, "final_distance_cost": 84.6607444422715, "oscillation_cost": 690.2235350908369, "completition_cost": 666.6666666666667, "overshoot_cost": 75.5841781422735, "power_cost": 28.572378332519534, "noise_cost": 28.56177831569044, "n_waypoints_completed": 3, "tot_waypoints": 9}}
{"target": -184.04918858829652, "params": {"k_pid_pos": [1.4340672435785011, 0.024859491386256316, 0.8519347702918288], "k_pid_alt": [1.4458679973838424, 0.0, 0.3146878632891922], "k_pid_att": [43.948176657889235, 0.18205753750414305, 0.34464953207076743], "k_pid_yaw": [0.5, 1e-06, 0.1], "k_pid_hsp": [0.09847755819799779, 0.011264223901387349, 0.0], "k_pid_vsp": [277.2708477836043, 93.09285943774285, 10.0]}, "datetime": {"datetime": "2025-08-13 16:05:56", "elapsed": 22684.55482172966, "delta": 18.38983178138733}, "costs": {"total_cost": 184.04918858829652, "time_cost": 70.616, "final_distance_cost": 1.836749433993248, "oscillation_cost": 27.398137116085493, "completition_cost": 0.0, "overshoot_cost": 50.93661848595858, "power_cost": 15.327022802734376, "noise_cost": 17.934660749524813, "n_waypoints_completed": 9, "tot_waypoints": 9}}
{"target": -193.3785307395075, "params": {"k_pid_pos": [1.4340672435785011, 0.024859491386256316, 0.8519347702918288], "k_pid_alt": [1.4458679973838424, 0.0, 0.3146878632891922], "k_pid_att": [43.948176657889235, 0.18205753750414305, 0.34464953207076743], "k_pid_yaw": [0.5, 1e-06, 0.1], "k_pid_hsp": [0.09847755819799779, 0.011264223901387349, 0.0], "k_pid_vsp": [277.2708477836043, 93.09285943774285, 10.0]}, "datetime": {"datetime": "2025-08-13 16:06:14", "elapsed": 22702.106438159943, "delta": 17.551616430282593}, "costs": {"total_cost": 193.3785307395075, "time_cost": 70.91, "final_distance_cost": 1.8342673919866033, "oscillation_cost": 26.959285512098955, "completition_cost": 0.0, "overshoot_cost": 51.11603083378147, "power_cost": 21.64235848388672, "noise_cost": 20.916588517753787, "n_waypoints_completed": 9, "tot_waypoints": 9}}
{"target": -195.47065918273793, "params": {"k_pid_pos": [1.4340672435785011, 0.34723029022971075, 0.8519347702918288], "k_pid_alt": [1.4458679973838424, 0.0, 0.3146878632891922], "k_pid_att": [43.948176657889235, 0.18205753750414305, 0.34464953207076743], "k_pid_yaw": [0.5, 1e-06, 0.1], "k_pid_hsp": [0.09847755819799779, 0.011264223901387349, 0.0], "k_pid_vsp": [277.2708477836043, 93.09285943774285, 10.0]}, "datetime": {"datetime": "2025-08-13 16:06:33", "elapsed": 22721.134306430817, "delta": 19.027868270874023}, "costs": {"total_cost": 195.47065918273793, "time_cost": 74.606, "final_distance_cost": 1.8198604553299378, "oscillation_cost": 27.467535721197674, "completition_cost": 0.0, "overshoot_cost": 51.84148825808994, "power_cost": 19.9386779296875, "noise_cost": 19.797096818432884, "n_waypoints_completed": 9, "tot_waypoints": 9}}
{"target": -1825.2759845346739, "params": {"k_pid_pos": [1.4340672435785011, 0.024859491386256316, 0.8691303619968337], "k_pid_alt": [0.7833169361788108, 0.0, 0.3146878632891922], "k_pid_att": [43.948176657889235, 0.18205753750414305, 0.34464953207076743], "k_pid_yaw": [0.5, 1e-06, 0.1], "k_pid_hsp": [0.09847755819799779, 0.011264223901387349, 0.3386006852829976], "k_pid_vsp": [41.47088896769069, 93.09285943774285, 10.0]}, "datetime": {"datetime": "2025-08-13 16:07:04", "elapsed": 22752.285494565964, "delta": 31.151188135147095}, "costs": {"total_cost": 1825.2759845346739, "time_cost": 150, "final_distance_cost": 87.19650211422156, "oscillation_cost": 735.4864446293535, "completition_cost": 666.6666666666667, "overshoot_cost": 114.73223990656805, "power_cost": 40.08575202636719, "noise_cost": 31.10837919149694, "n_waypoints_completed": 3, "tot_waypoints": 9}}
{"target": -1395.2830965548856, "params": {"k_pid_pos": [0.8080230289550049, 0.024859491386256316, 0.44963268842268056], "k_pid_alt": [1.4458679973838424, 0.0, 0.22260652447727036], "k_pid_att": [50.98074059285719, 0.18205753750414305, 0.34464953207076743], "k_pid_yaw": [0.5, 1e-06, 0.1], "k_pid_hsp": [0.09847755819799779, 0.011264223901387349, 0.0], "k_pid_vsp": [277.2708477836043, 181.40999533543834, 355.26244957834416]}, "datetime": {"datetime": "2025-08-13 16:07:34", "elapsed": 22782.5705473423, "delta": 30.28505277633667}, "costs": {"total_cost": 1395.2830965548856, "time_cost": 150, "final_distance_cost": 140.40000171485934, "oscillation_cost": 6.885290349762961, "completition_cost": 888.8888888888888, "overshoot_cost": 150.65017157099155, "power_cost": 27.950932641601565, "noise_cost": 30.507811388781334, "n_waypoints_completed": 1, "tot_waypoints": 9}}
