{"target": -604.6796829357635, "params": {"k_pid_pos": [1.7411990865856197, 0.3331223098073285, 0.9752376885840038], "k_pid_alt": [0.8968227290295414, 0.972950519011735, 0.9407694456674522], "k_pid_att": [29.46763110571006, 5.6580295118978245, 0.3529475069797985], "k_pid_yaw": [0.5, 1e-06, 0.1], "k_pid_hsp": [0.09847755819799779, 0.011264223901387349, 0.0], "k_pid_vsp": [333.9671041363143, 289.9420907665546, 252.9414997468869]}, "datetime": {"datetime": "2025-08-13 21:14:44", "elapsed": 41212.243743658066, "delta": 30.94959855079651}, "costs": {"total_cost": 604.6796829357635, "time_cost": 150, "final_distance_cost": 76.5716921715673, "oscillation_cost": 26.71703276745267, "completition_cost": 222.2222222222222, "overshoot_cost": 73.5154289690375, "power_cost": 30.476816357421878, "noise_cost": 25.17649044806191, "n_waypoints_completed": 7, "tot_waypoints": 9}}
{"target": -190.22941813629023, "params": {"k_pid_pos": [1.733835489643198, 0.024859491386256316, 0.9451257094832697], "k_pid_alt": [1.1928857943257507, 0.00018965351824429266, 0.23086984934879706], "k_pid_att": [25.01105356203528, 5.6580295118978245, 0.3529475069797985], "k_pid_yaw": [0.5, 1e-06, 0.1], "k_pid_hsp": [0.09847755819799779, 0.011264223901387349, 0.0], "k_pid_vsp": [333.9671041363143, 289.9420907665546, 16.252805564631274]}, "datetime": {"datetime": "2025-08-13 21:15:02", "elapsed": 41230.38765025139, "delta": 18.143906593322754}, "costs": {"total_cost": 190.22941813629023, "time_cost": 70.46900000000001, "final_distance_cost": 1.8230277931318564, "oscillation_cost": 28.74773258000248, "completition_cost": 0.0, "overshoot_cost": 51.365693787261996, "power_cost": 19.073084741210938, "noise_cost": 18.750879234682937, "n_waypoints_completed": 9, "tot_waypoints": 9}}
{"target": -190.98216310358762, "params": {"k_pid_pos": [1.8792899704868669, 0.08329610310830193, 0.9451257094832697], "k_pid_alt": [1.4458679973838424, 0.028806210149256217, 0.876085735038417], "k_pid_att": [11.329609997636037, 3.4126860594551975, 0.9623745068707039], "k_pid_yaw": [0.5, 1e-06, 0.1], "k_pid_hsp": [0.09847755819799779, 0.011264223901387349, 0.0], "k_pid_vsp": [251.5004449007475, 59.083466427248936, 10.0]}, "datetime": {"datetime": "2025-08-13 21:15:19", "elapsed": 41247.27627706528, "delta": 16.88862681388855}, "costs": {"total_cost": 190.98216310358762, "time_cost": 70.777, "final_distance_cost": 1.8092885779013912, "oscillation_cost": 29.29904144947117, "completition_cost": 0.0, "overshoot_cost": 51.34835406936509, "power_cost": 18.822610290527344, "noise_cost": 18.925868716322633, "n_waypoints_completed": 9, "tot_waypoints": 9}}
{"target": -223.79154273291266, "params": {"k_pid_pos": [1.8792899704868669, 0.660441144008915, 0.22034579123490305], "k_pid_alt": [1.4458679973838424, 0.028806210149256217, 0.014398680574380873], "k_pid_att": [35.74062544128562, 3.4126860594551975, 0.9623745068707039], "k_pid_yaw": [0.5, 1e-06, 0.1], "k_pid_hsp": [0.09847755819799779, 0.011264223901387349, 0.0], "k_pid_vsp": [251.5004449007475, 59.083466427248936, 10.0]}, "datetime": {"datetime": "2025-08-13 21:15:39", "elapsed": 41267.92744016647, "delta": 20.65116310119629}, "costs": {"total_cost": 223.79154273291266, "time_cost": 83.188, "final_distance_cost": 1.7397601788951886, "oscillation_cost": 37.836863510938194, "completition_cost": 0.0, "overshoot_cost": 54.89818429928746, "power_cost": 22.937959338378906, "noise_cost": 23.19077540541291, "n_waypoints_completed": 9, "tot_waypoints": 9}}
{"target": -209.5099196806568, "params": {"k_pid_pos": [1.733835489643198, 0.024859491386256316, 0.9451257094832697], "k_pid_alt": [1.4458679973838424, 0.9122972269856637, 0.23086984934879706], "k_pid_att": [66.425021291794, 5.6580295118978245, 0.3529475069797985], "k_pid_yaw": [0.5, 1e-06, 0.1], "k_pid_hsp": [0.09847755819799779, 0.011264223901387349, 0.0], "k_pid_vsp": [251.5004449007475, 59.083466427248936, 10.0]}, "datetime": {"datetime": "2025-08-13 21:15:59", "elapsed": 41287.07718229294, "delta": 19.149742126464844}, "costs": {"total_cost": 209.5099196806568, "time_cost": 80.885, "final_distance_cost": 1.7646958501549017, "oscillation_cost": 29.897521401807342, "completition_cost": 0.0, "overshoot_cost": 54.482182382905194, "power_cost": 21.83211970214844, "noise_cost": 20.64840034364091, "n_waypoints_completed": 9, "tot_waypoints": 9}}
{"target": -835.3611143555968, "params": {"k_pid_pos": [1.5164821318119608, 0.00338214545638138, 0.7266918162980436], "k_pid_alt": [1.5967479783170597, 0.00018965351824429266, 0.6600607021214705], "k_pid_att": [25.997073188089082, 7.519210862131359, 0.08105699149151435], "k_pid_yaw": [0.5, 1e-06, 0.1], "k_pid_hsp": [1.1779218432282734, 0.011264223901387349, 0.8149121113391221], "k_pid_vsp": [333.9671041363143, 273.5293865660895, 16.252805564631274]}, "datetime": {"datetime": "2025-08-13 21:16:27", "elapsed": 41315.38755440712, "delta": 28.31037211418152}, "costs": {"total_cost": 835.3611143555968, "time_cost": 110.516, "final_distance_cost": 1.8334021188620617, "oscillation_cost": 586.0188459407152, "completition_cost": 0.0, "overshoot_cost": 76.48731176903006, "power_cost": 27.359177258300782, "noise_cost": 33.14637726868876, "n_waypoints_completed": 9, "tot_waypoints": 9}}
{"target": -236.53759856710693, "params": {"k_pid_pos": [1.8792899704868669, 0.038219275878738745, 0.15504459629470158], "k_pid_alt": [1.5786606064986153, 0.00018965351824429266, 0.23086984934879706], "k_pid_att": [0.940241120304286, 5.6580295118978245, 0.3529475069797985], "k_pid_yaw": [0.5, 1e-06, 0.1], "k_pid_hsp": [0.26818612338505615, 0.011264223901387349, 0.0], "k_pid_vsp": [333.9671041363143, 289.9420907665546, 16.252805564631274]}, "datetime": {"datetime": "2025-08-13 21:16:45", "elapsed": 41333.562606334686, "delta": 18.17505192756653}, "costs": {"total_cost": 236.53759856710693, "time_cost": 67.886, "final_distance_cost": 1.7862747254650344, "oscillation_cost": 83.98533833711556, "completition_cost": 0.0, "overshoot_cost": 48.67812939451279, "power_cost": 17.524260290527344, "noise_cost": 16.67759581948621, "n_waypoints_completed": 9, "tot_waypoints": 9}}
{"target": -210.95943828690903, "params": {"k_pid_pos": [1.7978416467070553, 0.024859491386256316, 0.9451257094832697], "k_pid_alt": [1.4458679973838424, 0.3895604077003664, 0.6600607021214705], "k_pid_att": [68.93098199109546, 2.6889016979653872, 0.20497828334174084], "k_pid_yaw": [0.5, 1e-06, 0.1], "k_pid_hsp": [0.17225665165883555, 0.011264223901387349, 0.0], "k_pid_vsp": [121.11927891757475, 57.93155354082285, 39.31490123340624]}, "datetime": {"datetime": "2025-08-13 21:17:04", "elapsed": 41352.58945274353, "delta": 19.026846408843994}, "costs": {"total_cost": 210.95943828690903, "time_cost": 82.096, "final_distance_cost": 1.8105997270122314, "oscillation_cost": 34.62952349255122, "completition_cost": 0.0, "overshoot_cost": 55.41877168587675, "power_cost": 19.04686339111328, "noise_cost": 17.957679990355558, "n_waypoints_completed": 9, "tot_waypoints": 9}}
{"target": -195.07138341128373, "params": {"k_pid_pos": [1.733835489643198, 0.024859491386256316, 0.9451257094832697], "k_pid_alt": [1.4458679973838424, 0.6593059046539728, 0.6600607021214705], "k_pid_att": [68.93098199109546, 2.6889016979653872, 0.6559199499296157], "k_pid_yaw": [0.5, 1e-06, 0.1], "k_pid_hsp": [0.09847755819799779, 0.011264223901387349, 0.0], "k_pid_vsp": [317.72943350442205, 289.9420907665546, 16.252805564631274]}, "datetime": {"datetime": "2025-08-13 21:17:23", "elapsed": 41371.129393577576, "delta": 18.53994083404541}, "costs": {"total_cost": 195.07138341128373, "time_cost": 74.571, "final_distance_cost": 1.7747797778340446, "oscillation_cost": 29.139787592009405, "completition_cost": 0.0, "overshoot_cost": 51.81037576561471, "power_cost": 19.314408984375, "noise_cost": 18.461031291450578, "n_waypoints_completed": 9, "tot_waypoints": 9}}
{"target": -185.3907527504946, "params": {"k_pid_pos": [1.733835489643198, 0.024859491386256316, 0.9451257094832697], "k_pid_alt": [1.4458679973838424, 0.00018965351824429266, 0.23086984934879706], "k_pid_att": [11.246502653247227, 1.1166001057131414, 0.3529475069797985], "k_pid_yaw": [0.5, 1e-06, 0.1], "k_pid_hsp": [0.09847755819799779, 0.011264223901387349, 0.0], "k_pid_vsp": [333.9671041363143, 130.53254854158118, 10.0]}, "datetime": {"datetime": "2025-08-13 21:17:39", "elapsed": 41387.71342921257, "delta": 16.584035634994507}, "costs": {"total_cost": 185.3907527504946, "time_cost": 69.944, "final_distance_cost": 1.8223131164327202, "oscillation_cost": 28.448490757093527, "completition_cost": 0.0, "overshoot_cost": 51.031797709237054, "power_cost": 16.48132440185547, "noise_cost": 17.66282676587586, "n_waypoints_completed": 9, "tot_waypoints": 9}}
{"target": -191.0633728269577, "params": {"k_pid_pos": [1.733835489643198, 0.535198962463447, 0.9451257094832697], "k_pid_alt": [1.9160597436741602, 0.00018965351824429266, 0.6600607021214705], "k_pid_att": [68.93098199109546, 2.6889016979653872, 0.6559199499296157], "k_pid_yaw": [0.5, 1e-06, 0.1], "k_pid_hsp": [0.17225665165883555, 0.011264223901387349, 0.0], "k_pid_vsp": [121.11927891757475, 57.93155354082285, 16.252805564631274]}, "datetime": {"datetime": "2025-08-13 21:17:57", "elapsed": 41405.64425730705, "delta": 17.930828094482422}, "costs": {"total_cost": 191.0633728269577, "time_cost": 73.612, "final_distance_cost": 1.810499581188601, "oscillation_cost": 29.752342813908776, "completition_cost": 0.0, "overshoot_cost": 50.74259505898915, "power_cost": 17.86375830078125, "noise_cost": 17.28217707208995, "n_waypoints_completed": 9, "tot_waypoints": 9}}
{"target": -419.73915249884266, "params": {"k_pid_pos": [1.733835489643198, 0.024859491386256316, 0.9990290440445977], "k_pid_alt": [0.9907947987713464, 0.0, 0.23086984934879706], "k_pid_att": [29.46763110571006, 5.6580295118978245, 0.23684944774097727], "k_pid_yaw": [0.5, 1e-06, 0.1], "k_pid_hsp": [9.78976571952335, 0.011264223901387349, 0.0], "k_pid_vsp": [251.5004449007475, 130.53254854158118, 10.0]}, "datetime": {"datetime": "2025-08-13 21:18:15", "elapsed": 41423.69996762276, "delta": 18.055710315704346}, "costs": {"total_cost": 419.73915249884266, "time_cost": 72.366, "final_distance_cost": 1.8527728951667044, "oscillation_cost": 257.9899454076299, "completition_cost": 0.0, "overshoot_cost": 50.46380951119401, "power_cost": 16.79854091796875, "noise_cost": 20.268083766883326, "n_waypoints_completed": 9, "tot_waypoints": 9}}
{"target": -219.54029577289955, "params": {"k_pid_pos": [1.733835489643198, 0.024859491386256316, 0.9451257094832697], "k_pid_alt": [1.5786606064986153, 0.0, 0.23086984934879706], "k_pid_att": [29.46763110571006, 5.6580295118978245, 0.20497828334174084], "k_pid_yaw": [0.5, 1e-06, 0.1], "k_pid_hsp": [3.326477210804739, 0.011264223901387349, 0.0], "k_pid_vsp": [251.5004449007475, 9.253091459386084, 10.0]}, "datetime": {"datetime": "2025-08-13 21:18:34", "elapsed": 41442.88221645355, "delta": 19.182248830795288}, "costs": {"total_cost": 219.54029577289955, "time_cost": 74.368, "final_distance_cost": 1.8536968917176748, "oscillation_cost": 43.81891585782608, "completition_cost": 0.0, "overshoot_cost": 52.83397589265804, "power_cost": 23.74327843017578, "noise_cost": 22.922428700521976, "n_waypoints_completed": 9, "tot_waypoints": 9}}
{"target": -1087.911770273484, "params": {"k_pid_pos": [1.5164821318119608, 0.00338214545638138, 0.5215242577869234], "k_pid_alt": [1.739673739032684, 0.00018965351824429266, 0.6600607021214705], "k_pid_att": [25.997073188089082, 2.6889016979653872, 0.08105699149151435], "k_pid_yaw": [0.5, 1e-06, 0.1], "k_pid_hsp": [0.17225665165883555, 0.011264223901387349, 0.16874075997246774], "k_pid_vsp": [121.11927891757475, 214.5862008004988, 16.252805564631274]}, "datetime": {"datetime": "2025-08-13 21:19:05", "elapsed": 41473.37055897713, "delta": 30.48834252357483}, "costs": {"total_cost": 1087.911770273484, "time_cost": 150, "final_distance_cost": 28.748246439441637, "oscillation_cost": 634.9032584177235, "completition_cost": 111.11111111111116, "overshoot_cost": 97.51337356422522, "power_cost": 31.16939226074219, "noise_cost": 34.46638848024057, "n_waypoints_completed": 8, "tot_waypoints": 9}}
{"target": -183.51680474716127, "params": {"k_pid_pos": [1.733835489643198, 0.024859491386256316, 0.9451257094832697], "k_pid_alt": [1.4458679973838424, 0.00018965351824429266, 0.23086984934879706], "k_pid_att": [11.246502653247227, 5.6580295118978245, 0.3529475069797985], "k_pid_yaw": [0.5, 1e-06, 0.1], "k_pid_hsp": [0.09847755819799779, 0.011264223901387349, 0.0], "k_pid_vsp": [333.9671041363143, 289.9420907665546, 16.252805564631274]}, "datetime": {"datetime": "2025-08-13 21:19:23", "elapsed": 41491.74437403679, "delta": 18.373815059661865}, "costs": {"total_cost": 183.51680474716127, "time_cost": 69.398, "final_distance_cost": 1.824207043271446, "oscillation_cost": 29.37564876208685, "completition_cost": 0.0, "overshoot_cost": 50.03730005344155, "power_cost": 16.450167736816407, "noise_cost": 16.43148115154504, "n_waypoints_completed": 9, "tot_waypoints": 9}}
{"target": -196.07098795455937, "params": {"k_pid_pos": [1.733835489643198, 0.024859491386256316, 0.9451257094832697], "k_pid_alt": [1.4458679973838424, 0.00018965351824429266, 0.1928987146789487], "k_pid_att": [11.246502653247227, 9.481495940872867, 0.3529475069797985], "k_pid_yaw": [0.5, 1e-06, 0.1], "k_pid_hsp": [0.09847755819799779, 0.011264223901387349, 0.0], "k_pid_vsp": [333.9671041363143, 289.9420907665546, 16.252805564631274]}, "datetime": {"datetime": "2025-08-13 21:19:40", "elapsed": 41509.03354382515, "delta": 17.289169788360596}, "costs": {"total_cost": 196.07098795455937, "time_cost": 70.721, "final_distance_cost": 1.820509373207741, "oscillation_cost": 29.16322711034051, "completition_cost": 0.0, "overshoot_cost": 50.97890626751599, "power_cost": 22.222367895507812, "noise_cost": 21.16497730798733, "n_waypoints_completed": 9, "tot_waypoints": 9}}
{"target": -188.49737689779175, "params": {"k_pid_pos": [1.733835489643198, 0.024859491386256316, 0.9451257094832697], "k_pid_alt": [1.4458679973838424, 0.028806210149256217, 0.014398680574380873], "k_pid_att": [11.329609997636037, 3.4126860594551975, 0.9623745068707039], "k_pid_yaw": [0.5, 1e-06, 0.1], "k_pid_hsp": [0.09847755819799779, 0.011264223901387349, 0.0], "k_pid_vsp": [251.5004449007475, 59.083466427248936, 10.0]}, "datetime": {"datetime": "2025-08-13 21:19:58", "elapsed": 41526.3409845829, "delta": 17.307440757751465}, "costs": {"total_cost": 188.49737689779175, "time_cost": 70.728, "final_distance_cost": 1.829979498408119, "oscillation_cost": 28.383724137506032, "completition_cost": 0.0, "overshoot_cost": 51.58018631328368, "power_cost": 16.95544696044922, "noise_cost": 19.020039988144696, "n_waypoints_completed": 9, "tot_waypoints": 9}}
{"target": -217.5256966021501, "params": {"k_pid_pos": [1.8792899704868669, 0.08329610310830193, 0.9451257094832697], "k_pid_alt": [1.5786606064986153, 0.0, 0.7455603024785848], "k_pid_att": [12.665511903358361, 5.6580295118978245, 0.20497828334174084], "k_pid_yaw": [0.5, 1e-06, 0.1], "k_pid_hsp": [5.335990326040409, 0.011264223901387349, 0.0], "k_pid_vsp": [121.11927891757475, 186.29560388348816, 16.252805564631274]}, "datetime": {"datetime": "2025-08-13 21:20:15", "elapsed": 41543.224195957184, "delta": 16.883211374282837}, "costs": {"total_cost": 217.5256966021501, "time_cost": 70.546, "final_distance_cost": 1.8503280034542964, "oscillation_cost": 55.67281737639095, "completition_cost": 0.0, "overshoot_cost": 50.196726382177204, "power_cost": 19.77069246826172, "noise_cost": 19.489132371865896, "n_waypoints_completed": 9, "tot_waypoints": 9}}
{"target": -197.58965835486674, "params": {"k_pid_pos": [1.733835489643198, 0.024859491386256316, 0.9451257094832697], "k_pid_alt": [1.5786606064986153, 0.0, 0.23086984934879706], "k_pid_att": [29.46763110571006, 5.6580295118978245, 0.20497828334174084], "k_pid_yaw": [0.5, 1e-06, 0.1], "k_pid_hsp": [0.17225665165883555, 0.011264223901387349, 0.0], "k_pid_vsp": [121.11927891757475, 57.93155354082285, 16.252805564631274]}, "datetime": {"datetime": "2025-08-13 21:20:33", "elapsed": 41561.83469033241, "delta": 18.610494375228882}, "costs": {"total_cost": 197.58965835486674, "time_cost": 70.812, "final_distance_cost": 1.8345921853631009, "oscillation_cost": 29.031436914312824, "completition_cost": 0.0, "overshoot_cost": 51.26738165144482, "power_cost": 23.091184130859375, "noise_cost": 21.553063472886635, "n_waypoints_completed": 9, "tot_waypoints": 9}}
{"target": -192.15338452316223, "params": {"k_pid_pos": [1.733835489643198, 0.024859491386256316, 0.37255195504867966], "k_pid_alt": [1.9160597436741602, 0.00018965351824429266, 0.6600607021214705], "k_pid_att": [68.93098199109546, 2.6889016979653872, 0.6559199499296157], "k_pid_yaw": [0.5, 1e-06, 0.1], "k_pid_hsp": [0.09847755819799779, 0.011264223901387349, 0.0], "k_pid_vsp": [251.5004449007475, 130.53254854158118, 10.0]}, "datetime": {"datetime": "2025-08-13 21:20:51", "elapsed": 41579.406819581985, "delta": 17.572129249572754}, "costs": {"total_cost": 192.15338452316223, "time_cost": 70.336, "final_distance_cost": 1.7696392500298548, "oscillation_cost": 31.00895223585966, "completition_cost": 0.0, "overshoot_cost": 51.66277459024987, "power_cost": 18.873658264160156, "noise_cost": 18.502360182862667, "n_waypoints_completed": 9, "tot_waypoints": 9}}
{"target": -186.88552412320948, "params": {"k_pid_pos": [1.733835489643198, 0.024859491386256316, 0.9451257094832697], "k_pid_alt": [1.4458679973838424, 0.00018965351824429266, 0.6600607021214705], "k_pid_att": [68.93098199109546, 2.6889016979653872, 0.8267899093225144], "k_pid_yaw": [0.5, 1e-06, 0.1], "k_pid_hsp": [0.09847755819799779, 0.011264223901387349, 0.0], "k_pid_vsp": [66.77612754735902, 57.93155354082285, 16.252805564631274]}, "datetime": {"datetime": "2025-08-13 21:21:08", "elapsed": 41596.851565122604, "delta": 17.444745540618896}, "costs": {"total_cost": 186.88552412320948, "time_cost": 70.98, "final_distance_cost": 1.8333502300215363, "oscillation_cost": 28.467770177130532, "completition_cost": 0.0, "overshoot_cost": 51.70165072570847, "power_cost": 16.98149450683594, "noise_cost": 16.92125848351301, "n_waypoints_completed": 9, "tot_waypoints": 9}}
{"target": -236.86608756219425, "params": {"k_pid_pos": [1.733835489643198, 0.024859491386256316, 0.9451257094832697], "k_pid_alt": [1.5786606064986153, 0.0, 0.23086984934879706], "k_pid_att": [12.665511903358361, 5.6580295118978245, 0.20497828334174084], "k_pid_yaw": [0.5, 1e-06, 0.1], "k_pid_hsp": [0.17225665165883555, 0.011264223901387349, 0.0], "k_pid_vsp": [121.11927891757475, 57.93155354082285, 16.252805564631274]}, "datetime": {"datetime": "2025-08-13 21:21:29", "elapsed": 41618.00158762932, "delta": 21.150022506713867}, "costs": {"total_cost": 236.86608756219425, "time_cost": 85.911, "final_distance_cost": 1.8496232573882585, "oscillation_cost": 31.02194984961115, "completition_cost": 0.0, "overshoot_cost": 57.64452802964823, "power_cost": 32.90431821289063, "noise_cost": 27.53466821265595, "n_waypoints_completed": 9, "tot_waypoints": 9}}
{"target": -1241.578672918147, "params": {"k_pid_pos": [0.031108468473309878, 0.024859491386256316, 0.9451257094832697], "k_pid_alt": [1.4458679973838424, 0.00018965351824429266, 0.6600607021214705], "k_pid_att": [68.93098199109546, 2.6889016979653872, 0.6559199499296157], "k_pid_yaw": [0.5, 1e-06, 0.1], "k_pid_hsp": [0.09847755819799779, 0.011264223901387349, 0.0], "k_pid_vsp": [251.5004449007475, 376.0461058565467, 10.0]}, "datetime": {"datetime": "2025-08-13 21:21:59", "elapsed": 41647.400732278824, "delta": 29.399144649505615}, "costs": {"total_cost": 1241.578672918147, "time_cost": 150, "final_distance_cost": 60.37899319991371, "oscillation_cost": 2.017241175688851, "completition_cost": 888.8888888888888, "overshoot_cost": 75.5165425063356, "power_cost": 33.482648144531254, "noise_cost": 31.29435900278876, "n_waypoints_completed": 1, "tot_waypoints": 9}}
{"target": -190.4241650250256, "params": {"k_pid_pos": [1.1018186029961792, 0.024859491386256316, 0.9451257094832697], "k_pid_alt": [1.9160597436741602, 0.00018965351824429266, 0.6600607021214705], "k_pid_att": [68.93098199109546, 2.6889016979653872, 0.8267899093225144], "k_pid_yaw": [0.5, 1e-06, 0.1], "k_pid_hsp": [0.09847755819799779, 0.011264223901387349, 0.0], "k_pid_vsp": [251.5004449007475, 57.93155354082285, 16.252805564631274]}, "datetime": {"datetime": "2025-08-13 21:22:16", "elapsed": 41665.036115407944, "delta": 17.635383129119873}, "costs": {"total_cost": 190.4241650250256, "time_cost": 74.70400000000001, "final_distance_cost": 1.8540814355479645, "oscillation_cost": 25.577537147239354, "completition_cost": 0.0, "overshoot_cost": 51.699510658605305, "power_cost": 18.298105017089846, "noise_cost": 18.290930766543124, "n_waypoints_completed": 9, "tot_waypoints": 9}}
{"target": -255.52555185388783, "params": {"k_pid_pos": [1.733835489643198, 0.024859491386256316, 0.9451257094832697], "k_pid_alt": [1.9160597436741602, 0.00018965351824429266, 0.026638658667017756], "k_pid_att": [68.93098199109546, 2.6889016979653872, 0.6559199499296157], "k_pid_yaw": [0.5, 1e-06, 0.1], "k_pid_hsp": [0.09847755819799779, 0.28262205542809105, 0.0], "k_pid_vsp": [121.11927891757475, 57.93155354082285, 16.252805564631274]}, "datetime": {"datetime": "2025-08-13 21:22:36", "elapsed": 41684.38704872131, "delta": 19.35093331336975}, "costs": {"total_cost": 255.52555185388783, "time_cost": 75.922, "final_distance_cost": 1.83790583719038, "oscillation_cost": 87.03775178622519, "completition_cost": 0.0, "overshoot_cost": 54.28878674788725, "power_cost": 17.810307263183596, "noise_cost": 18.628800219401423, "n_waypoints_completed": 9, "tot_waypoints": 9}}
