{"target": -184.55389865771895, "params": {"k_pid_pos": [1.4340672435785011, 0.024859491386256316, 0.4894518338289183], "k_pid_alt": [1.0304713630477362, 0.0, 0.3146878632891922], "k_pid_att": [65.90126278649572, 3.8677381495188174, 0.34464953207076743], "k_pid_yaw": [0.5, 1e-06, 0.1], "k_pid_hsp": [0.09847755819799779, 0.011264223901387349, 0.0], "k_pid_vsp": [277.2708477836043, 93.09285943774285, 10.0]}, "datetime": {"datetime": "2025-08-13 15:29:27", "elapsed": 20495.7628633976, "delta": 20.230858087539673}, "costs": {"total_cost": 184.55389865771895, "time_cost": 71.61, "final_distance_cost": 1.8158627391716822, "oscillation_cost": 30.32912185223218, "completition_cost": 0.0, "overshoot_cost": 51.05498388198269, "power_cost": 11.4819318359375, "noise_cost": 18.261998348394894, "n_waypoints_completed": 9, "tot_waypoints": 9}}
{"target": -197.42981616822243, "params": {"k_pid_pos": [1.4340672435785011, 0.024859491386256316, 0.8100884609760892], "k_pid_alt": [1.4458679973838424, 0.0, 0.3146878632891922], "k_pid_att": [43.948176657889235, 4.887637818911249, 0.837110513405392], "k_pid_yaw": [0.5, 1e-06, 0.1], "k_pid_hsp": [2.575161370303539, 0.011264223901387349, 0.0], "k_pid_vsp": [366.9222945638871, 156.73508457218338, 10.0]}, "datetime": {"datetime": "2025-08-13 15:29:47", "elapsed": 20515.675268888474, "delta": 19.912405490875244}, "costs": {"total_cost": 197.42981616822243, "time_cost": 71.757, "final_distance_cost": 1.8471522345037132, "oscillation_cost": 33.936605228212805, "completition_cost": 0.0, "overshoot_cost": 50.87123237836544, "power_cost": 19.269487023925784, "noise_cost": 19.74833930321465, "n_waypoints_completed": 9, "tot_waypoints": 9}}
{"target": -183.95282000025887, "params": {"k_pid_pos": [1.4340672435785011, 0.024859491386256316, 0.8519347702918288], "k_pid_alt": [1.4458679973838424, 0.0, 0.3146878632891922], "k_pid_att": [43.948176657889235, 0.18205753750414305, 0.34464953207076743], "k_pid_yaw": [0.5, 1e-06, 0.1], "k_pid_hsp": [0.09847755819799779, 0.011264223901387349, 0.0], "k_pid_vsp": [86.28438231591274, 93.09285943774285, 10.0]}, "datetime": {"datetime": "2025-08-13 15:30:07", "elapsed": 20535.42487359047, "delta": 19.74960470199585}, "costs": {"total_cost": 183.95282000025887, "time_cost": 70.427, "final_distance_cost": 1.8446430149064315, "oscillation_cost": 27.348633162055897, "completition_cost": 0.0, "overshoot_cost": 50.410664906383225, "power_cost": 15.140194567871095, "noise_cost": 18.781684349042205, "n_waypoints_completed": 9, "tot_waypoints": 9}}
{"target": -207.70124376317315, "params": {"k_pid_pos": [1.4340672435785011, 0.024859491386256316, 0.44963268842268056], "k_pid_alt": [1.4458679973838424, 0.8508808097559035, 0.13294310327404035], "k_pid_att": [39.447728079683905, 3.8677381495188174, 0.1432438844471683], "k_pid_yaw": [0.5, 1e-06, 0.1], "k_pid_hsp": [0.09847755819799779, 0.011264223901387349, 0.0], "k_pid_vsp": [86.28438231591274, 93.09285943774285, 10.0]}, "datetime": {"datetime": "2025-08-13 15:30:27", "elapsed": 20555.664144039154, "delta": 20.239270448684692}, "costs": {"total_cost": 207.70124376317315, "time_cost": 79.093, "final_distance_cost": 1.7765468897617938, "oscillation_cost": 31.16851704444568, "completition_cost": 0.0, "overshoot_cost": 53.42341329309014, "power_cost": 21.573246813964843, "noise_cost": 20.666519721910703, "n_waypoints_completed": 9, "tot_waypoints": 9}}
{"target": -1790.3747636228707, "params": {"k_pid_pos": [1.733835489643198, 0.41352941285256994, 0.44963268842268056], "k_pid_alt": [1.4458679973838424, 0.0, 0.13294310327404035], "k_pid_att": [39.447728079683905, 3.8677381495188174, 0.6559199499296157], "k_pid_yaw": [0.5, 1e-06, 0.1], "k_pid_hsp": [0.09847755819799779, 0.011264223901387349, 0.49977433591672227], "k_pid_vsp": [17.18305095025783, 156.73508457218338, 10.0]}, "datetime": {"datetime": "2025-08-13 15:30:59", "elapsed": 20587.46560716629, "delta": 31.80146312713623}, "costs": {"total_cost": 1790.3747636228707, "time_cost": 150, "final_distance_cost": 91.11429870201216, "oscillation_cost": 716.361473566749, "completition_cost": 666.6666666666667, "overshoot_cost": 102.82121064984203, "power_cost": 33.39879698486328, "noise_cost": 30.01231705273735, "n_waypoints_completed": 3, "tot_waypoints": 9}}
{"target": -250.5964070493131, "params": {"k_pid_pos": [1.4340672435785011, 0.024859491386256316, 0.44963268842268056], "k_pid_alt": [0.25317882650443013, 0.0, 0.13294310327404035], "k_pid_att": [39.447728079683905, 3.8677381495188174, 0.8257697299075593], "k_pid_yaw": [0.5, 1e-06, 0.1], "k_pid_hsp": [0.09847755819799779, 0.011264223901387349, 0.0], "k_pid_vsp": [366.9222945638871, 93.09285943774285, 10.0]}, "datetime": {"datetime": "2025-08-13 15:31:28", "elapsed": 20616.99911427498, "delta": 29.533507108688354}, "costs": {"total_cost": 250.5964070493131, "time_cost": 109.494, "final_distance_cost": 1.861266861037961, "oscillation_cost": 32.32267101361639, "completition_cost": 0.0, "overshoot_cost": 54.60173147798352, "power_cost": 26.058448254394534, "noise_cost": 26.258289442280677, "n_waypoints_completed": 9, "tot_waypoints": 9}}
{"target": -202.4703343242485, "params": {"k_pid_pos": [1.4340672435785011, 0.024859491386256316, 0.8100884609760892], "k_pid_alt": [1.4458679973838424, 0.0, 0.3146878632891922], "k_pid_att": [43.948176657889235, 3.8677381495188174, 0.837110513405392], "k_pid_yaw": [0.5, 1e-06, 0.1], "k_pid_hsp": [2.575161370303539, 0.011264223901387349, 0.0], "k_pid_vsp": [86.28438231591274, 282.782445757401, 10.0]}, "datetime": {"datetime": "2025-08-13 15:31:48", "elapsed": 20636.533189058304, "delta": 19.534074783325195}, "costs": {"total_cost": 202.4703343242485, "time_cost": 72.10000000000001, "final_distance_cost": 1.8468527219970803, "oscillation_cost": 37.65750151961127, "completition_cost": 0.0, "overshoot_cost": 50.45080796078864, "power_cost": 19.857640966796875, "noise_cost": 20.55753115505463, "n_waypoints_completed": 9, "tot_waypoints": 9}}
{"target": -191.4748391225884, "params": {"k_pid_pos": [1.4340672435785011, 0.024859491386256316, 0.8519347702918288], "k_pid_alt": [1.9792988987850082, 0.0, 0.22260652447727036], "k_pid_att": [50.98074059285719, 3.8677381495188174, 0.8257697299075593], "k_pid_yaw": [0.5, 1e-06, 0.1], "k_pid_hsp": [0.09847755819799779, 0.011264223901387349, 0.0], "k_pid_vsp": [366.9222945638871, 59.82240868669444, 10.0]}, "datetime": {"datetime": "2025-08-13 15:32:10", "elapsed": 20658.33086705208, "delta": 21.797677993774414}, "costs": {"total_cost": 191.4748391225884, "time_cost": 71.372, "final_distance_cost": 1.8398944950575962, "oscillation_cost": 26.37423497523509, "completition_cost": 0.0, "overshoot_cost": 52.339877090800854, "power_cost": 19.78765949707031, "noise_cost": 19.761173064424558, "n_waypoints_completed": 9, "tot_waypoints": 9}}
{"target": -255.31862300109816, "params": {"k_pid_pos": [1.3927914940736073, 0.024859491386256316, 0.44963268842268056], "k_pid_alt": [1.4458679973838424, 0.0, 0.3146878632891922], "k_pid_att": [43.948176657889235, 0.18205753750414305, 0.34464953207076743], "k_pid_yaw": [0.5, 1e-06, 0.1], "k_pid_hsp": [0.09847755819799779, 0.20291134351117135, 0.0], "k_pid_vsp": [86.28438231591274, 156.73508457218338, 10.0]}, "datetime": {"datetime": "2025-08-13 15:32:30", "elapsed": 20678.234771728516, "delta": 19.903904676437378}, "costs": {"total_cost": 255.31862300109816, "time_cost": 76.95100000000001, "final_distance_cost": 1.8461340315512493, "oscillation_cost": 75.29678059302884, "completition_cost": 0.0, "overshoot_cost": 52.15980363814518, "power_cost": 25.12656446533203, "noise_cost": 23.93834027304088, "n_waypoints_completed": 9, "tot_waypoints": 9}}
{"target": -932.4457811662186, "params": {"k_pid_pos": [1.4340672435785011, 0.024859491386256316, 0.8519347702918288], "k_pid_alt": [1.6073530137732008, 0.0, 0.3146878632891922], "k_pid_att": [43.948176657889235, 0.18205753750414305, 0.34464953207076743], "k_pid_yaw": [0.5, 1e-06, 0.1], "k_pid_hsp": [0.09847755819799779, 0.9677741304742827, 0.0], "k_pid_vsp": [86.28438231591274, 93.09285943774285, 10.0]}, "datetime": {"datetime": "2025-08-13 15:33:00", "elapsed": 20708.703771352768, "delta": 30.46899962425232}, "costs": {"total_cost": 932.4457811662186, "time_cost": 150, "final_distance_cost": 53.17504945383298, "oscillation_cost": 131.35100877055618, "completition_cost": 444.4444444444444, "overshoot_cost": 79.46807174445719, "power_cost": 38.21665578613281, "noise_cost": 35.790550966794996, "n_waypoints_completed": 5, "tot_waypoints": 9}}
{"target": -195.38973753967406, "params": {"k_pid_pos": [1.4340672435785011, 0.024859491386256316, 0.06837744536824142], "k_pid_alt": [1.4458679973838424, 0.0, 0.13294310327404035], "k_pid_att": [39.447728079683905, 3.8677381495188174, 0.1432438844471683], "k_pid_yaw": [0.5, 1e-06, 0.1], "k_pid_hsp": [0.09847755819799779, 0.011264223901387349, 0.0], "k_pid_vsp": [383.6525668739127, 156.73508457218338, 10.0]}, "datetime": {"datetime": "2025-08-13 15:33:18", "elapsed": 20727.05134701729, "delta": 18.347575664520264}, "costs": {"total_cost": 195.38973753967406, "time_cost": 70.392, "final_distance_cost": 1.7583055200157671, "oscillation_cost": 32.30089399889521, "completition_cost": 0.0, "overshoot_cost": 51.17295179024144, "power_cost": 20.17342176513672, "noise_cost": 19.592164465384936, "n_waypoints_completed": 9, "tot_waypoints": 9}}
{"target": -1987.9554669560043, "params": {"k_pid_pos": [1.4340672435785011, 0.024859491386256316, 0.44963268842268056], "k_pid_alt": [1.4458679973838424, 0.0, 0.13294310327404035], "k_pid_att": [39.447728079683905, 3.8677381495188174, 0.1432438844471683], "k_pid_yaw": [0.5, 1e-06, 0.1], "k_pid_hsp": [0.09847755819799779, 0.011264223901387349, 0.6574950238201316], "k_pid_vsp": [146.93843233531743, 93.09285943774285, 10.0]}, "datetime": {"datetime": "2025-08-13 15:33:50", "elapsed": 20758.573242664337, "delta": 31.52189564704895}, "costs": {"total_cost": 1987.9554669560043, "time_cost": 150, "final_distance_cost": 76.1281295525913, "oscillation_cost": 847.2011537985456, "completition_cost": 777.7777777777778, "overshoot_cost": 73.46682113736345, "power_cost": 32.96542456054688, "noise_cost": 30.416160129179502, "n_waypoints_completed": 2, "tot_waypoints": 9}}
{"target": -186.5867554054165, "params": {"k_pid_pos": [1.4340672435785011, 0.024859491386256316, 0.8519347702918288], "k_pid_alt": [1.4458679973838424, 0.0, 0.3146878632891922], "k_pid_att": [43.948176657889235, 0.18205753750414305, 0.34464953207076743], "k_pid_yaw": [0.5, 1e-06, 0.1], "k_pid_hsp": [0.09847755819799779, 0.011264223901387349, 0.0], "k_pid_vsp": [86.28438231591274, 156.73508457218338, 10.0]}, "datetime": {"datetime": "2025-08-13 15:34:08", "elapsed": 20776.65321302414, "delta": 18.079970359802246}, "costs": {"total_cost": 186.5867554054165, "time_cost": 70.462, "final_distance_cost": 1.8352323922385083, "oscillation_cost": 27.829476051058716, "completition_cost": 0.0, "overshoot_cost": 50.93209537020599, "power_cost": 17.404249243164063, "noise_cost": 18.123702348749223, "n_waypoints_completed": 9, "tot_waypoints": 9}}
{"target": -194.49909154438978, "params": {"k_pid_pos": [1.4340672435785011, 0.024859491386256316, 0.8519347702918288], "k_pid_alt": [1.4458679973838424, 0.0, 0.3146878632891922], "k_pid_att": [43.948176657889235, 0.18205753750414305, 0.34464953207076743], "k_pid_yaw": [0.5, 1e-06, 0.1], "k_pid_hsp": [0.09847755819799779, 0.011264223901387349, 0.0], "k_pid_vsp": [277.2708477836043, 93.09285943774285, 10.0]}, "datetime": {"datetime": "2025-08-13 15:34:26", "elapsed": 20794.865990638733, "delta": 18.212777614593506}, "costs": {"total_cost": 194.49909154438978, "time_cost": 71.169, "final_distance_cost": 1.837810335286996, "oscillation_cost": 26.82835179598391, "completition_cost": 0.0, "overshoot_cost": 51.53972263236843, "power_cost": 21.737265966796876, "noise_cost": 21.386940813953586, "n_waypoints_completed": 9, "tot_waypoints": 9}}
{"target": -189.136220339715, "params": {"k_pid_pos": [1.4340672435785011, 0.024859491386256316, 0.8519347702918288], "k_pid_alt": [1.4458679973838424, 0.0, 0.3146878632891922], "k_pid_att": [43.948176657889235, 0.18205753750414305, 0.34464953207076743], "k_pid_yaw": [0.5, 1e-06, 0.1], "k_pid_hsp": [0.09847755819799779, 0.011264223901387349, 0.0], "k_pid_vsp": [277.2708477836043, 93.09285943774285, 10.0]}, "datetime": {"datetime": "2025-08-13 15:34:44", "elapsed": 20812.788355588913, "delta": 17.922364950180054}, "costs": {"total_cost": 189.136220339715, "time_cost": 70.96600000000001, "final_distance_cost": 1.8292190893011135, "oscillation_cost": 27.203470061706145, "completition_cost": 0.0, "overshoot_cost": 51.401622884871024, "power_cost": 18.43098936767578, "noise_cost": 19.30491893616094, "n_waypoints_completed": 9, "tot_waypoints": 9}}
{"target": -1733.0409159413987, "params": {"k_pid_pos": [1.4340672435785011, 0.4228336305747159, 0.44963268842268056], "k_pid_alt": [1.4458679973838424, 0.0, 0.9690789782144964], "k_pid_att": [39.447728079683905, 3.8677381495188174, 0.6559199499296157], "k_pid_yaw": [0.5, 1e-06, 0.1], "k_pid_hsp": [0.09847755819799779, 0.011264223901387349, 0.0], "k_pid_vsp": [17.18305095025783, 93.09285943774285, 397.48431374018486]}, "datetime": {"datetime": "2025-08-13 15:35:15", "elapsed": 20843.599908590317, "delta": 30.81155300140381}, "costs": {"total_cost": 1733.0409159413987, "time_cost": 150, "final_distance_cost": 348.51884568355894, "oscillation_cost": 8.461134481988239, "completition_cost": 888.8888888888888, "overshoot_cost": 241.47498898799003, "power_cost": 29.23038023681641, "noise_cost": 66.46667766215643, "n_waypoints_completed": 1, "tot_waypoints": 9}}
{"target": -185.5743312239274, "params": {"k_pid_pos": [1.4164186877546903, 0.024859491386256316, 0.44963268842268056], "k_pid_alt": [1.4458679973838424, 0.0, 0.6145304926431803], "k_pid_att": [39.447728079683905, 3.8677381495188174, 0.8257697299075593], "k_pid_yaw": [0.5, 1e-06, 0.1], "k_pid_hsp": [0.09847755819799779, 0.011264223901387349, 0.0], "k_pid_vsp": [17.18305095025783, 300.6723471101404, 10.0]}, "datetime": {"datetime": "2025-08-13 15:35:33", "elapsed": 20861.79776763916, "delta": 18.197859048843384}, "costs": {"total_cost": 185.5743312239274, "time_cost": 70.98, "final_distance_cost": 1.824636981738007, "oscillation_cost": 33.28098513249104, "completition_cost": 0.0, "overshoot_cost": 50.62156195209027, "power_cost": 11.380525463867189, "noise_cost": 17.48662169374088, "n_waypoints_completed": 9, "tot_waypoints": 9}}
{"target": -187.34633974409215, "params": {"k_pid_pos": [1.4340672435785011, 0.024859491386256316, 0.8519347702918288], "k_pid_alt": [1.4458679973838424, 0.0, 0.3146878632891922], "k_pid_att": [43.948176657889235, 0.18205753750414305, 0.4581042828497125], "k_pid_yaw": [0.5, 1e-06, 0.1], "k_pid_hsp": [0.09847755819799779, 0.011264223901387349, 0.0], "k_pid_vsp": [17.18305095025783, 93.09285943774285, 10.0]}, "datetime": {"datetime": "2025-08-13 15:35:51", "elapsed": 20879.40477156639, "delta": 17.607003927230835}, "costs": {"total_cost": 187.34633974409215, "time_cost": 70.518, "final_distance_cost": 1.8278363669485083, "oscillation_cost": 27.650162825248284, "completition_cost": 0.0, "overshoot_cost": 50.687390233473366, "power_cost": 17.95929395751953, "noise_cost": 18.703656360902464, "n_waypoints_completed": 9, "tot_waypoints": 9}}
{"target": -193.44201273972823, "params": {"k_pid_pos": [1.733835489643198, 0.024859491386256316, 0.44963268842268056], "k_pid_alt": [1.4458679973838424, 0.0, 0.13294310327404035], "k_pid_att": [39.447728079683905, 3.8677381495188174, 0.6559199499296157], "k_pid_yaw": [0.5, 1e-06, 0.1], "k_pid_hsp": [0.09847755819799779, 0.011264223901387349, 0.0], "k_pid_vsp": [277.2708477836043, 93.09285943774285, 10.0]}, "datetime": {"datetime": "2025-08-13 15:36:09", "elapsed": 20897.100457191467, "delta": 17.695685625076294}, "costs": {"total_cost": 193.44201273972823, "time_cost": 70.007, "final_distance_cost": 1.8076721681118, "oscillation_cost": 30.376610276432228, "completition_cost": 0.0, "overshoot_cost": 51.299526368534224, "power_cost": 20.326755273437502, "noise_cost": 19.624448653212497, "n_waypoints_completed": 9, "tot_waypoints": 9}}
{"target": -258.9753331976224, "params": {"k_pid_pos": [1.733835489643198, 0.024859491386256316, 0.44963268842268056], "k_pid_alt": [0.3544135406198281, 0.0, 0.7222123030452839], "k_pid_att": [39.447728079683905, 3.8677381495188174, 0.6559199499296157], "k_pid_yaw": [0.5, 1e-06, 0.1], "k_pid_hsp": [0.09847755819799779, 0.011264223901387349, 0.0], "k_pid_vsp": [275.33154576757, 93.09285943774285, 10.0]}, "datetime": {"datetime": "2025-08-13 15:36:39", "elapsed": 20928.01362657547, "delta": 30.913169384002686}, "costs": {"total_cost": 258.9753331976224, "time_cost": 116.956, "final_distance_cost": 1.8628690261427259, "oscillation_cost": 35.92295680153944, "completition_cost": 0.0, "overshoot_cost": 55.54717427345748, "power_cost": 19.75176317138672, "noise_cost": 28.934569925095996, "n_waypoints_completed": 9, "tot_waypoints": 9}}
{"target": -226.37124288214582, "params": {"k_pid_pos": [1.4340672435785011, 0.024859491386256316, 0.8519347702918288], "k_pid_alt": [1.4458679973838424, 0.0, 0.8705629771698292], "k_pid_att": [43.948176657889235, 5.215311636883334, 0.34464953207076743], "k_pid_yaw": [0.5, 1e-06, 0.1], "k_pid_hsp": [0.22821344198103216, 0.4646359499442313, 0.0], "k_pid_vsp": [277.2708477836043, 93.09285943774285, 10.0]}, "datetime": {"datetime": "2025-08-13 15:36:59", "elapsed": 20947.285299777985, "delta": 19.27167320251465}, "costs": {"total_cost": 226.37124288214582, "time_cost": 75.57900000000001, "final_distance_cost": 1.855110266950945, "oscillation_cost": 60.70742456717626, "completition_cost": 0.0, "overshoot_cost": 51.2256290165801, "power_cost": 16.824644665527345, "noise_cost": 20.179434365911195, "n_waypoints_completed": 9, "tot_waypoints": 9}}
{"target": -1811.3193366072173, "params": {"k_pid_pos": [1.4340672435785011, 0.024859491386256316, 0.44963268842268056], "k_pid_alt": [1.0499380434106582, 0.0, 0.22260652447727036], "k_pid_att": [50.98074059285719, 3.8677381495188174, 0.8257697299075593], "k_pid_yaw": [0.5, 1e-06, 0.1], "k_pid_hsp": [0.09847755819799779, 0.5099699049722157, 0.9050870333062111], "k_pid_vsp": [86.28438231591274, 156.73508457218338, 10.0]}, "datetime": {"datetime": "2025-08-13 15:37:29", "elapsed": 20977.8536734581, "delta": 30.568373680114746}, "costs": {"total_cost": 1811.3193366072173, "time_cost": 150, "final_distance_cost": 81.15456158411855, "oscillation_cost": 731.806955857411, "completition_cost": 666.6666666666667, "overshoot_cost": 124.9043975434877, "power_cost": 28.398905517578125, "noise_cost": 28.387849437955143, "n_waypoints_completed": 3, "tot_waypoints": 9}}
{"target": -273.61445631153265, "params": {"k_pid_pos": [1.4340672435785011, 0.024859491386256316, 0.44963268842268056], "k_pid_alt": [0.39303563678463904, 0.7782994567117663, 0.07734400225577898], "k_pid_att": [58.45879911684221, 3.8677381495188174, 0.1845336041603497], "k_pid_yaw": [0.5, 1e-06, 0.1], "k_pid_hsp": [0.09847755819799779, 0.011264223901387349, 0.0], "k_pid_vsp": [366.9222945638871, 93.09285943774285, 10.0]}, "datetime": {"datetime": "2025-08-13 15:37:56", "elapsed": 21004.423275709152, "delta": 26.569602251052856}, "costs": {"total_cost": 273.61445631153265, "time_cost": 104.762, "final_distance_cost": 1.7511801079158362, "oscillation_cost": 33.50551077229871, "completition_cost": 0.0, "overshoot_cost": 67.3240986490631, "power_cost": 35.59232568359375, "noise_cost": 30.679341098661244, "n_waypoints_completed": 9, "tot_waypoints": 9}}
{"target": -223.9955661011255, "params": {"k_pid_pos": [0.5749082678199174, 0.024859491386256316, 0.8519347702918288], "k_pid_alt": [1.4458679973838424, 0.0, 0.3146878632891922], "k_pid_att": [43.948176657889235, 0.18205753750414305, 0.34464953207076743], "k_pid_yaw": [0.5, 1e-06, 0.1], "k_pid_hsp": [0.09847755819799779, 0.011264223901387349, 0.0], "k_pid_vsp": [277.2708477836043, 93.09285943774285, 10.0]}, "datetime": {"datetime": "2025-08-13 15:38:20", "elapsed": 21028.489504098892, "delta": 24.06622838973999}, "costs": {"total_cost": 223.9955661011255, "time_cost": 93.352, "final_distance_cost": 1.861723526501531, "oscillation_cost": 20.28664389923089, "completition_cost": 0.0, "overshoot_cost": 54.11273847432566, "power_cost": 26.21024947509766, "noise_cost": 28.172210725969723, "n_waypoints_completed": 9, "tot_waypoints": 9}}
{"target": -2343.954210527002, "params": {"k_pid_pos": [1.4340672435785011, 0.024859491386256316, 0.4894518338289183], "k_pid_alt": [1.0304713630477362, 0.0, 0.3146878632891922], "k_pid_att": [65.90126278649572, 3.8677381495188174, 0.34464953207076743], "k_pid_yaw": [0.5, 1e-06, 0.1], "k_pid_hsp": [0.09847755819799779, 0.011264223901387349, 0.0], "k_pid_vsp": [86.28438231591274, 93.09285943774285, 335.78956033918365]}, "datetime": {"datetime": "2025-08-13 15:38:50", "elapsed": 21059.066882371902, "delta": 30.577378273010254}, "costs": {"total_cost": 2343.954210527002, "time_cost": 150, "final_distance_cost": 544.4340872531196, "oscillation_cost": 9.45125430106024, "completition_cost": 888.8888888888888, "overshoot_cost": 683.5280191135639, "power_cost": 27.98775108642578, "noise_cost": 39.66420988394389, "n_waypoints_completed": 1, "tot_waypoints": 9}}
