{"target": -1387.0615627077034, "params": {"k_pid_pos": [1.733835489643198, 0.024859491386256316, 0.416330797462678], "k_pid_alt": [1.5786606064986153, 0.0, 0.39442133285224246], "k_pid_att": [29.46763110571006, 6.889214925864104, 0.261380462049589], "k_pid_yaw": [0.5, 1e-06, 0.1], "k_pid_hsp": [0.17225665165883555, 0.011264223901387349, 0.0], "k_pid_vsp": [305.67975269326223, 130.53254854158118, 372.72760092579813]}, "datetime": {"datetime": "2025-08-13 22:31:46", "elapsed": 45834.29640126228, "delta": 29.531774282455444}, "costs": {"total_cost": 1387.0615627077034, "time_cost": 150, "final_distance_cost": 95.06357139899256, "oscillation_cost": 8.923334569090123, "completition_cost": 888.8888888888888, "overshoot_cost": 188.30699896473874, "power_cost": 28.493962329101564, "noise_cost": 27.384806556891636, "n_waypoints_completed": 1, "tot_waypoints": 9}}
{"target": -191.40521364946562, "params": {"k_pid_pos": [1.733835489643198, 0.024859491386256316, 0.416330797462678], "k_pid_alt": [1.1118827000593463, 0.0, 0.6889543417313908], "k_pid_att": [29.46763110571006, 5.6580295118978245, 0.261380462049589], "k_pid_yaw": [0.5, 1e-06, 0.1], "k_pid_hsp": [0.17225665165883555, 0.011264223901387349, 0.0], "k_pid_vsp": [305.67975269326223, 130.53254854158118, 10.0]}, "datetime": {"datetime": "2025-08-13 22:32:04", "elapsed": 45852.538085222244, "delta": 18.241683959960938}, "costs": {"total_cost": 191.40521364946562, "time_cost": 71.925, "final_distance_cost": 1.8304925528578266, "oscillation_cost": 31.559889377196903, "completition_cost": 0.0, "overshoot_cost": 50.28005999030487, "power_cost": 17.60439443359375, "noise_cost": 18.205377295512292, "n_waypoints_completed": 9, "tot_waypoints": 9}}
{"target": -259.30401908429184, "params": {"k_pid_pos": [1.733835489643198, 0.024859491386256316, 0.416330797462678], "k_pid_alt": [1.5786606064986153, 0.0, 0.25938735764965193], "k_pid_att": [29.46763110571006, 5.6580295118978245, 0.261380462049589], "k_pid_yaw": [0.5, 1e-06, 0.1], "k_pid_hsp": [0.17225665165883555, 0.3912790898693519, 0.0], "k_pid_vsp": [305.67975269326223, 130.53254854158118, 10.0]}, "datetime": {"datetime": "2025-08-13 22:32:24", "elapsed": 45872.52723121643, "delta": 19.9891459941864}, "costs": {"total_cost": 259.30401908429184, "time_cost": 77.259, "final_distance_cost": 1.820739393536644, "oscillation_cost": 78.12358511231102, "completition_cost": 0.0, "overshoot_cost": 54.31604253565169, "power_cost": 24.323018774414063, "noise_cost": 23.46163326837842, "n_waypoints_completed": 9, "tot_waypoints": 9}}
{"target": -210.8186021373031, "params": {"k_pid_pos": [1.733835489643198, 0.024859491386256316, 0.9451257094832697], "k_pid_alt": [1.5786606064986153, 0.0, 0.23086984934879706], "k_pid_att": [11.329609997636037, 5.5432413145664965, 0.9623745068707039], "k_pid_yaw": [0.5, 1e-06, 0.1], "k_pid_hsp": [8.246411399521614, 0.011264223901387349, 0.0], "k_pid_vsp": [18.79289508575375, 57.93155354082285, 16.252805564631274]}, "datetime": {"datetime": "2025-08-13 22:32:41", "elapsed": 45889.59785985947, "delta": 17.07062864303589}, "costs": {"total_cost": 210.8186021373031, "time_cost": 71.218, "final_distance_cost": 1.855565498039677, "oscillation_cost": 49.514096370591055, "completition_cost": 0.0, "overshoot_cost": 51.095515346219116, "power_cost": 18.160865478515625, "noise_cost": 18.974559443937608, "n_waypoints_completed": 9, "tot_waypoints": 9}}
{"target": -181.4147022128024, "params": {"k_pid_pos": [1.733835489643198, 0.024859491386256316, 0.9451257094832697], "k_pid_alt": [1.5786606064986153, 0.0, 0.053878507660848673], "k_pid_att": [29.46763110571006, 5.6580295118978245, 0.06608132483176332], "k_pid_yaw": [0.5, 1e-06, 0.1], "k_pid_hsp": [0.17225665165883555, 0.011264223901387349, 0.0], "k_pid_vsp": [93.65012360586942, 57.93155354082285, 10.0]}, "datetime": {"datetime": "2025-08-13 22:32:58", "elapsed": 45906.551770448685, "delta": 16.95391058921814}, "costs": {"total_cost": 181.4147022128024, "time_cost": 69.167, "final_distance_cost": 1.8446029454092003, "oscillation_cost": 29.869224219172743, "completition_cost": 0.0, "overshoot_cost": 49.89004991525952, "power_cost": 11.689662438964845, "noise_cost": 18.95416269399612, "n_waypoints_completed": 9, "tot_waypoints": 9}}
{"target": -188.6423627321195, "params": {"k_pid_pos": [1.733835489643198, 0.024859491386256316, 0.9451257094832697], "k_pid_alt": [1.5786606064986153, 0.0, 0.053878507660848673], "k_pid_att": [29.46763110571006, 5.6580295118978245, 0.20497828334174084], "k_pid_yaw": [0.5, 1e-06, 0.1], "k_pid_hsp": [0.09847755819799779, 0.011264223901387349, 0.0], "k_pid_vsp": [62.17525342689419, 57.93155354082285, 10.0]}, "datetime": {"datetime": "2025-08-13 22:33:15", "elapsed": 45923.78749656677, "delta": 17.23572611808777}, "costs": {"total_cost": 188.6423627321195, "time_cost": 69.755, "final_distance_cost": 1.8399577859478529, "oscillation_cost": 27.658551098017405, "completition_cost": 0.0, "overshoot_cost": 51.05318118232293, "power_cost": 18.937819726562502, "noise_cost": 19.397852939268812, "n_waypoints_completed": 9, "tot_waypoints": 9}}
{"target": -190.34816230371027, "params": {"k_pid_pos": [1.733835489643198, 0.024859491386256316, 0.9449229903817213], "k_pid_alt": [1.5786606064986153, 0.0, 0.23086984934879706], "k_pid_att": [11.329609997636037, 3.4126860594551975, 0.680058006373419], "k_pid_yaw": [0.5, 1e-06, 0.1], "k_pid_hsp": [0.17225665165883555, 0.011264223901387349, 0.0], "k_pid_vsp": [93.65012360586942, 57.93155354082285, 10.0]}, "datetime": {"datetime": "2025-08-13 22:33:33", "elapsed": 45941.27661585808, "delta": 17.489119291305542}, "costs": {"total_cost": 190.34816230371027, "time_cost": 69.888, "final_distance_cost": 1.8370576282471969, "oscillation_cost": 28.570638542354256, "completition_cost": 0.0, "overshoot_cost": 50.59102427921428, "power_cost": 19.650717138671876, "noise_cost": 19.810724715222648, "n_waypoints_completed": 9, "tot_waypoints": 9}}
{"target": -927.9666620553517, "params": {"k_pid_pos": [0.7083050082071586, 0.024859491386256316, 0.9451257094832697], "k_pid_alt": [1.5786606064986153, 0.0, 0.23086984934879706], "k_pid_att": [11.329609997636037, 1.4953935029224072, 0.9623745068707039], "k_pid_yaw": [0.5, 1e-06, 0.1], "k_pid_hsp": [0.09847755819799779, 0.8779941376805641, 0.0], "k_pid_vsp": [131.157380286128, 57.93155354082285, 16.252805564631274]}, "datetime": {"datetime": "2025-08-13 22:34:02", "elapsed": 45970.97386646271, "delta": 29.697250604629517}, "costs": {"total_cost": 927.9666620553517, "time_cost": 150, "final_distance_cost": 51.98156845680296, "oscillation_cost": 163.3346292789824, "completition_cost": 444.4444444444444, "overshoot_cost": 56.60577761113873, "power_cost": 31.45229313964844, "noise_cost": 30.14794912433473, "n_waypoints_completed": 5, "tot_waypoints": 9}}
{"target": -215.8582072177631, "params": {"k_pid_pos": [1.733835489643198, 0.024859491386256316, 0.9451257094832697], "k_pid_alt": [1.4458679973838424, 0.08884544487158552, 0.07444874772262577], "k_pid_att": [11.329609997636037, 3.4126860594551975, 0.9723406442673668], "k_pid_yaw": [0.5, 1e-06, 0.1], "k_pid_hsp": [0.09847755819799779, 0.011264223901387349, 0.0], "k_pid_vsp": [251.5004449007475, 57.93155354082285, 10.0]}, "datetime": {"datetime": "2025-08-13 22:34:23", "elapsed": 45991.709614515305, "delta": 20.735748052597046}, "costs": {"total_cost": 215.8582072177631, "time_cost": 84.96600000000001, "final_distance_cost": 1.7667940640178614, "oscillation_cost": 30.212587571236654, "completition_cost": 0.0, "overshoot_cost": 52.54952695767749, "power_cost": 23.55802351074219, "noise_cost": 22.8052751140889, "n_waypoints_completed": 9, "tot_waypoints": 9}}
{"target": -232.94588346376023, "params": {"k_pid_pos": [1.733835489643198, 0.024859491386256316, 0.416330797462678], "k_pid_alt": [1.5786606064986153, 0.9635827266688368, 0.053878507660848673], "k_pid_att": [29.46763110571006, 5.6580295118978245, 0.45703935313105737], "k_pid_yaw": [0.5, 1e-06, 0.1], "k_pid_hsp": [1.6091290401443616, 0.17468130283637484, 0.0], "k_pid_vsp": [371.8706581382205, 225.6587008239998, 134.18887080171567]}, "datetime": {"datetime": "2025-08-13 22:34:46", "elapsed": 46014.844244241714, "delta": 23.134629726409912}, "costs": {"total_cost": 232.94588346376023, "time_cost": 90.79, "final_distance_cost": 1.781205167401035, "oscillation_cost": 41.77536522415927, "completition_cost": 0.0, "overshoot_cost": 57.158199982119086, "power_cost": 21.63400107421875, "noise_cost": 19.807112015862092, "n_waypoints_completed": 9, "tot_waypoints": 9}}
{"target": -183.72034619403314, "params": {"k_pid_pos": [1.733835489643198, 0.024859491386256316, 0.9451257094832697], "k_pid_alt": [1.5786606064986153, 0.0, 0.23086984934879706], "k_pid_att": [11.329609997636037, 3.4126860594551975, 0.261380462049589], "k_pid_yaw": [0.5, 1e-06, 0.1], "k_pid_hsp": [0.17225665165883555, 0.011264223901387349, 0.0], "k_pid_vsp": [104.30040172718557, 57.93155354082285, 10.0]}, "datetime": {"datetime": "2025-08-13 22:35:04", "elapsed": 46032.63350534439, "delta": 17.78926110267639}, "costs": {"total_cost": 183.72034619403314, "time_cost": 69.181, "final_distance_cost": 1.837713678770144, "oscillation_cost": 29.274722990328993, "completition_cost": 0.0, "overshoot_cost": 50.575490331639344, "power_cost": 14.415164172363282, "noise_cost": 18.436255020931366, "n_waypoints_completed": 9, "tot_waypoints": 9}}
{"target": -1315.9608153713275, "params": {"k_pid_pos": [1.733835489643198, 0.19072503388851436, 0.9029480546018064], "k_pid_alt": [1.5786606064986153, 0.028806210149256217, 0.9944952565853343], "k_pid_att": [91.95156147363284, 8.592990512376142, 0.3459985420547941], "k_pid_yaw": [0.5, 1e-06, 0.1], "k_pid_hsp": [0.09847755819799779, 0.011264223901387349, 0.12039728513740589], "k_pid_vsp": [18.79289508575375, 57.93155354082285, 16.252805564631274]}, "datetime": {"datetime": "2025-08-13 22:35:34", "elapsed": 46062.75102305412, "delta": 30.117517709732056}, "costs": {"total_cost": 1315.9608153713275, "time_cost": 150, "final_distance_cost": 65.6178192111416, "oscillation_cost": 729.7365038133122, "completition_cost": 222.2222222222222, "overshoot_cost": 85.0349162396696, "power_cost": 34.6514064453125, "noise_cost": 28.697947439669328, "n_waypoints_completed": 7, "tot_waypoints": 9}}
{"target": -193.93595123851708, "params": {"k_pid_pos": [1.733835489643198, 0.024859491386256316, 0.9451257094832697], "k_pid_alt": [1.5786606064986153, 0.0, 0.053878507660848673], "k_pid_att": [29.46763110571006, 5.6580295118978245, 0.06608132483176332], "k_pid_yaw": [0.5, 1e-06, 0.1], "k_pid_hsp": [0.17225665165883555, 0.011264223901387349, 0.0], "k_pid_vsp": [93.65012360586942, 57.93155354082285, 10.0]}, "datetime": {"datetime": "2025-08-13 22:35:51", "elapsed": 46079.52964448929, "delta": 16.778621435165405}, "costs": {"total_cost": 193.93595123851708, "time_cost": 70.182, "final_distance_cost": 1.841358493041487, "oscillation_cost": 29.311299424723792, "completition_cost": 0.0, "overshoot_cost": 51.077445044867304, "power_cost": 20.700288220214844, "noise_cost": 20.82356005566967, "n_waypoints_completed": 9, "tot_waypoints": 9}}
{"target": -182.71928810200615, "params": {"k_pid_pos": [1.733835489643198, 0.024859491386256316, 0.9451257094832697], "k_pid_alt": [1.5786606064986153, 0.0, 0.23086984934879706], "k_pid_att": [11.329609997636037, 3.4126860594551975, 0.261380462049589], "k_pid_yaw": [0.5, 1e-06, 0.1], "k_pid_hsp": [0.17225665165883555, 0.011264223901387349, 0.0], "k_pid_vsp": [104.30040172718557, 57.93155354082285, 10.0]}, "datetime": {"datetime": "2025-08-13 22:36:09", "elapsed": 46097.55306148529, "delta": 18.023416996002197}, "costs": {"total_cost": 182.71928810200615, "time_cost": 69.258, "final_distance_cost": 1.849162814033729, "oscillation_cost": 28.808161809047444, "completition_cost": 0.0, "overshoot_cost": 50.14270252274487, "power_cost": 13.869174743652344, "noise_cost": 18.792086212527778, "n_waypoints_completed": 9, "tot_waypoints": 9}}
{"target": -186.40274262306974, "params": {"k_pid_pos": [1.733835489643198, 0.024859491386256316, 0.9451257094832697], "k_pid_alt": [1.5786606064986153, 0.0, 0.23086984934879706], "k_pid_att": [11.329609997636037, 3.4126860594551975, 0.3529475069797985], "k_pid_yaw": [0.5, 1e-06, 0.1], "k_pid_hsp": [0.09847755819799779, 0.011264223901387349, 0.0], "k_pid_vsp": [305.67975269326223, 130.53254854158118, 10.0]}, "datetime": {"datetime": "2025-08-13 22:36:26", "elapsed": 46114.48302268982, "delta": 16.92996120452881}, "costs": {"total_cost": 186.40274262306974, "time_cost": 69.643, "final_distance_cost": 1.8385007330418726, "oscillation_cost": 28.64471922215052, "completition_cost": 0.0, "overshoot_cost": 51.07660430518187, "power_cost": 17.589745141601565, "noise_cost": 17.610173221093923, "n_waypoints_completed": 9, "tot_waypoints": 9}}
{"target": -1381.329901471327, "params": {"k_pid_pos": [1.733835489643198, 0.024859491386256316, 0.9451257094832697], "k_pid_alt": [0.04190156986326121, 0.0, 0.23086984934879706], "k_pid_att": [11.329609997636037, 7.389614396826664, 0.9623745068707039], "k_pid_yaw": [0.5, 1e-06, 0.1], "k_pid_hsp": [9.301600313748095, 0.9469081572723697, 0.0], "k_pid_vsp": [225.4439801313338, 57.93155354082285, 267.13097058534004]}, "datetime": {"datetime": "2025-08-13 22:36:56", "elapsed": 46144.7993350029, "delta": 30.316312313079834}, "costs": {"total_cost": 1381.329901471327, "time_cost": 150, "final_distance_cost": 68.29531053335006, "oscillation_cost": 28.050928823454477, "completition_cost": 888.8888888888888, "overshoot_cost": 139.03151396907398, "power_cost": 29.661782641601565, "noise_cost": 77.401476614958, "n_waypoints_completed": 1, "tot_waypoints": 9}}
{"target": -1431.929274107085, "params": {"k_pid_pos": [1.733835489643198, 0.024859491386256316, 0.9451257094832697], "k_pid_alt": [1.5786606064986153, 0.0, 0.053878507660848673], "k_pid_att": [29.46763110571006, 5.6580295118978245, 0.20497828334174084], "k_pid_yaw": [0.5, 1e-06, 0.1], "k_pid_hsp": [0.09847755819799779, 0.011264223901387349, 0.0], "k_pid_vsp": [62.17525342689419, 57.93155354082285, 350.1616155025813]}, "datetime": {"datetime": "2025-08-13 22:37:25", "elapsed": 46174.057706832886, "delta": 29.258371829986572}, "costs": {"total_cost": 1431.929274107085, "time_cost": 150, "final_distance_cost": 1.0009365141492117, "oscillation_cost": 3.779852948118592, "completition_cost": 1000.0, "overshoot_cost": 158.04657812955037, "power_cost": 29.20952469482422, "noise_cost": 89.89238182044227, "n_waypoints_completed": 0, "tot_waypoints": 9}}
{"target": -185.35268968606226, "params": {"k_pid_pos": [1.733835489643198, 0.024859491386256316, 0.42495672118777295], "k_pid_alt": [1.85112020821355, 0.0, 0.23086984934879706], "k_pid_att": [50.43782855084127, 7.335409208074745, 0.261380462049589], "k_pid_yaw": [0.5, 1e-06, 0.1], "k_pid_hsp": [0.17225665165883555, 0.011264223901387349, 0.0], "k_pid_vsp": [62.17525342689419, 57.93155354082285, 10.0]}, "datetime": {"datetime": "2025-08-13 22:37:42", "elapsed": 46190.27309131622, "delta": 16.215384483337402}, "costs": {"total_cost": 185.35268968606226, "time_cost": 68.586, "final_distance_cost": 1.8022593567979228, "oscillation_cost": 30.704201939345918, "completition_cost": 0.0, "overshoot_cost": 50.43731905901846, "power_cost": 15.716548254394532, "noise_cost": 18.106361076505436, "n_waypoints_completed": 9, "tot_waypoints": 9}}
{"target": -182.69886129299744, "params": {"k_pid_pos": [1.733835489643198, 0.024859491386256316, 0.416330797462678], "k_pid_alt": [1.5786606064986153, 0.0, 0.25938735764965193], "k_pid_att": [50.917657588734414, 7.347914484943822, 0.680058006373419], "k_pid_yaw": [0.5, 1e-06, 0.1], "k_pid_hsp": [0.09847755819799779, 0.011264223901387349, 0.0], "k_pid_vsp": [305.67975269326223, 130.53254854158118, 10.0]}, "datetime": {"datetime": "2025-08-13 22:38:00", "elapsed": 46208.5778799057, "delta": 18.30478858947754}, "costs": {"total_cost": 182.69886129299744, "time_cost": 69.496, "final_distance_cost": 1.7733124178401516, "oscillation_cost": 31.095189218270825, "completition_cost": 0.0, "overshoot_cost": 50.87096908641235, "power_cost": 11.354265234375001, "noise_cost": 18.109125336099144, "n_waypoints_completed": 9, "tot_waypoints": 9}}
{"target": -212.83690260572524, "params": {"k_pid_pos": [1.733835489643198, 0.024859491386256316, 0.32288918687658763], "k_pid_alt": [1.5786606064986153, 0.0, 0.23086984934879706], "k_pid_att": [25.06356558820614, 6.9624546689898885, 0.680058006373419], "k_pid_yaw": [0.5, 1e-06, 0.1], "k_pid_hsp": [0.09847755819799779, 0.011264223901387349, 0.0], "k_pid_vsp": [305.67975269326223, 130.53254854158118, 143.13937285520035]}, "datetime": {"datetime": "2025-08-13 22:38:19", "elapsed": 46228.008204221725, "delta": 19.43032431602478}, "costs": {"total_cost": 212.83690260572524, "time_cost": 81.886, "final_distance_cost": 1.8341542238718762, "oscillation_cost": 34.08010036494654, "completition_cost": 0.0, "overshoot_cost": 57.77890391225658, "power_cost": 19.742204504394532, "noise_cost": 17.515539600255764, "n_waypoints_completed": 9, "tot_waypoints": 9}}
{"target": -185.25454118946152, "params": {"k_pid_pos": [1.733835489643198, 0.024859491386256316, 0.42495672118777295], "k_pid_alt": [1.85112020821355, 0.0, 0.23086984934879706], "k_pid_att": [11.329609997636037, 3.4126860594551975, 0.3529475069797985], "k_pid_yaw": [0.5, 1e-06, 0.1], "k_pid_hsp": [0.09847755819799779, 0.011264223901387349, 0.0], "k_pid_vsp": [305.67975269326223, 130.53254854158118, 10.0]}, "datetime": {"datetime": "2025-08-13 22:38:37", "elapsed": 46245.73425412178, "delta": 17.72604990005493}, "costs": {"total_cost": 185.25454118946152, "time_cost": 69.19500000000001, "final_distance_cost": 1.8142068405997287, "oscillation_cost": 31.051722212583446, "completition_cost": 0.0, "overshoot_cost": 51.02097475376067, "power_cost": 14.754779357910158, "noise_cost": 17.417858024607508, "n_waypoints_completed": 9, "tot_waypoints": 9}}
{"target": -252.3985694780194, "params": {"k_pid_pos": [1.733835489643198, 0.024859491386256316, 0.416330797462678], "k_pid_alt": [1.5786606064986153, 0.31295298754855216, 0.053878507660848673], "k_pid_att": [29.46763110571006, 5.6580295118978245, 0.261380462049589], "k_pid_yaw": [0.5, 1e-06, 0.1], "k_pid_hsp": [0.17225665165883555, 0.30091508283602064, 0.0], "k_pid_vsp": [305.67975269326223, 130.53254854158118, 10.0]}, "datetime": {"datetime": "2025-08-13 22:38:58", "elapsed": 46267.03438663483, "delta": 21.300132513046265}, "costs": {"total_cost": 252.3985694780194, "time_cost": 82.264, "final_distance_cost": 1.7928595496394046, "oscillation_cost": 76.79173107537767, "completition_cost": 0.0, "overshoot_cost": 53.63028502520052, "power_cost": 15.328519750976563, "noise_cost": 22.591174076825236, "n_waypoints_completed": 9, "tot_waypoints": 9}}
{"target": -436.46914079900586, "params": {"k_pid_pos": [1.733835489643198, 0.024859491386256316, 0.416330797462678], "k_pid_alt": [1.1118827000593463, 0.0, 0.2589693005001422], "k_pid_att": [29.46763110571006, 5.6580295118978245, 0.45703935313105737], "k_pid_yaw": [0.5, 1e-06, 0.1], "k_pid_hsp": [1.6091290401443616, 0.17468130283637484, 0.38495788346769555], "k_pid_vsp": [146.08178391043788, 225.6587008239998, 134.18887080171567]}, "datetime": {"datetime": "2025-08-13 22:39:20", "elapsed": 46288.49401497841, "delta": 21.459628343582153}, "costs": {"total_cost": 436.46914079900586, "time_cost": 76.636, "final_distance_cost": 1.77593139605387, "oscillation_cost": 263.9664206897216, "completition_cost": 0.0, "overshoot_cost": 54.525938588262946, "power_cost": 20.689050476074218, "noise_cost": 18.875799648893317, "n_waypoints_completed": 9, "tot_waypoints": 9}}
{"target": -2129.0536991285644, "params": {"k_pid_pos": [1.733835489643198, 0.024859491386256316, 0.9449229903817213], "k_pid_alt": [1.5786606064986153, 0.028806210149256217, 0.6152218162448827], "k_pid_att": [91.95156147363284, 9.289174369187968, 0.261380462049589], "k_pid_yaw": [0.5, 1e-06, 0.1], "k_pid_hsp": [0.17225665165883555, 0.011264223901387349, 0.8029897720240362], "k_pid_vsp": [62.17525342689419, 57.93155354082285, 10.0]}, "datetime": {"datetime": "2025-08-13 22:39:52", "elapsed": 46320.91273188591, "delta": 32.41871690750122}, "costs": {"total_cost": 2129.0536991285644, "time_cost": 150, "final_distance_cost": 64.78725978280765, "oscillation_cost": 845.155379829714, "completition_cost": 888.8888888888888, "overshoot_cost": 121.4064831403357, "power_cost": 30.28689091796875, "noise_cost": 28.52879656884946, "n_waypoints_completed": 1, "tot_waypoints": 9}}
{"target": -249.2573662105093, "params": {"k_pid_pos": [1.815522159483175, 0.024859491386256316, 0.416330797462678], "k_pid_alt": [0.3440167387353117, 0.3977849357679477, 0.25938735764965193], "k_pid_att": [29.46763110571006, 5.6580295118978245, 0.9623745068707039], "k_pid_yaw": [0.5, 1e-06, 0.1], "k_pid_hsp": [0.09847755819799779, 0.011264223901387349, 0.0], "k_pid_vsp": [18.79289508575375, 57.93155354082285, 16.252805564631274]}, "datetime": {"datetime": "2025-08-13 22:40:17", "elapsed": 46345.492431640625, "delta": 24.579699754714966}, "costs": {"total_cost": 249.2573662105093, "time_cost": 97.279, "final_distance_cost": 1.7492642813940362, "oscillation_cost": 36.33579528834873, "completition_cost": 0.0, "overshoot_cost": 61.47035285110489, "power_cost": 27.07114276123047, "noise_cost": 25.351811028431186, "n_waypoints_completed": 9, "tot_waypoints": 9}}
