{"target": -192.96395692333223, "params": {"k_pid_pos": [1.4340672435785011, 0.024859491386256316, 0.704167472379422], "k_pid_alt": [1.4458679973838424, 0.0, 0.7411234869318217], "k_pid_att": [43.948176657889235, 0.18205753750414305, 0.73590781336997], "k_pid_yaw": [0.5, 1e-06, 0.1], "k_pid_hsp": [0.09847755819799779, 0.011264223901387349, 0.0], "k_pid_vsp": [251.5004449007475, 93.09285943774285, 10.0]}, "datetime": {"datetime": "2025-08-13 18:15:06", "elapsed": 30434.598851680756, "delta": 16.939692974090576}, "costs": {"total_cost": 192.96395692333223, "time_cost": 71.869, "final_distance_cost": 1.8319172417192673, "oscillation_cost": 27.343819073304704, "completition_cost": 0.0, "overshoot_cost": 51.09917298858382, "power_cost": 20.595022192382814, "noise_cost": 20.225025427341656, "n_waypoints_completed": 9, "tot_waypoints": 9}}
{"target": -1818.2678143727799, "params": {"k_pid_pos": [1.9475525933111357, 0.024859491386256316, 0.8519347702918288], "k_pid_alt": [1.4458679973838424, 0.0, 0.6600607021214705], "k_pid_att": [39.447728079683905, 3.8677381495188174, 0.6559199499296157], "k_pid_yaw": [0.5, 1e-06, 0.1], "k_pid_hsp": [0.09847755819799779, 0.011264223901387349, 0.7795792955441254], "k_pid_vsp": [251.5004449007475, 242.19569180174827, 10.0]}, "datetime": {"datetime": "2025-08-13 18:15:35", "elapsed": 30463.69696879387, "delta": 29.098117113113403}, "costs": {"total_cost": 1818.2678143727799, "time_cost": 150, "final_distance_cost": 81.01773891906247, "oscillation_cost": 751.4372050835796, "completition_cost": 666.6666666666667, "overshoot_cost": 109.89453497380097, "power_cost": 30.160403540039063, "noise_cost": 29.09126518963113, "n_waypoints_completed": 3, "tot_waypoints": 9}}
{"target": -192.56233228722328, "params": {"k_pid_pos": [1.9475525933111357, 0.024859491386256316, 0.8519347702918288], "k_pid_alt": [1.4458679973838424, 0.0, 0.6600607021214705], "k_pid_att": [39.447728079683905, 3.8677381495188174, 0.6559199499296157], "k_pid_yaw": [0.5, 1e-06, 0.1], "k_pid_hsp": [0.09847755819799779, 0.011264223901387349, 0.0], "k_pid_vsp": [251.5004449007475, 93.09285943774285, 10.0]}, "datetime": {"datetime": "2025-08-13 18:15:53", "elapsed": 30481.107177734375, "delta": 17.41020894050598}, "costs": {"total_cost": 192.56233228722328, "time_cost": 71.197, "final_distance_cost": 1.8181480298992772, "oscillation_cost": 29.063046387312646, "completition_cost": 0.0, "overshoot_cost": 51.570370068419855, "power_cost": 19.691030749511718, "noise_cost": 19.222737052079758, "n_waypoints_completed": 9, "tot_waypoints": 9}}
{"target": -195.14504291426138, "params": {"k_pid_pos": [1.4340672435785011, 0.024859491386256316, 0.9305336539493747], "k_pid_alt": [1.4458679973838424, 0.0, 0.6600607021214705], "k_pid_att": [39.447728079683905, 3.8677381495188174, 0.1622042676448776], "k_pid_yaw": [0.5, 1e-06, 0.1], "k_pid_hsp": [0.09847755819799779, 0.011264223901387349, 0.0], "k_pid_vsp": [340.9834399889807, 93.09285943774285, 57.29137036833912]}, "datetime": {"datetime": "2025-08-13 18:16:10", "elapsed": 30498.52212548256, "delta": 17.414947748184204}, "costs": {"total_cost": 195.14504291426138, "time_cost": 73.976, "final_distance_cost": 1.8361367780545663, "oscillation_cost": 27.200388337912383, "completition_cost": 0.0, "overshoot_cost": 53.3653859835108, "power_cost": 19.696491040039064, "noise_cost": 19.070640774744557, "n_waypoints_completed": 9, "tot_waypoints": 9}}
{"target": -182.58838740847602, "params": {"k_pid_pos": [1.733835489643198, 0.024859491386256316, 0.704167472379422], "k_pid_alt": [1.4458679973838424, 0.0, 0.3146878632891922], "k_pid_att": [43.948176657889235, 0.18205753750414305, 0.73590781336997], "k_pid_yaw": [0.5, 1e-06, 0.1], "k_pid_hsp": [0.09847755819799779, 0.011264223901387349, 0.0], "k_pid_vsp": [251.5004449007475, 93.09285943774285, 10.0]}, "datetime": {"datetime": "2025-08-13 18:16:27", "elapsed": 30515.089893341064, "delta": 16.56776785850525}, "costs": {"total_cost": 182.58838740847602, "time_cost": 69.804, "final_distance_cost": 1.8230736761297333, "oscillation_cost": 28.98775795913016, "completition_cost": 0.0, "overshoot_cost": 50.468579241498254, "power_cost": 12.943752136230469, "noise_cost": 18.56122439548738, "n_waypoints_completed": 9, "tot_waypoints": 9}}
{"target": -231.31069033098652, "params": {"k_pid_pos": [1.4340672435785011, 0.024859491386256316, 0.8519347702918288], "k_pid_alt": [1.4458679973838424, 0.0, 0.7411234869318217], "k_pid_att": [43.948176657889235, 0.18205753750414305, 0.73590781336997], "k_pid_yaw": [0.5, 1e-06, 0.1], "k_pid_hsp": [9.661409074882902, 0.011264223901387349, 0.0], "k_pid_vsp": [251.5004449007475, 235.29707175635923, 10.0]}, "datetime": {"datetime": "2025-08-13 18:16:45", "elapsed": 30533.254863977432, "delta": 18.164970636367798}, "costs": {"total_cost": 231.31069033098652, "time_cost": 74.431, "final_distance_cost": 1.8527732641438672, "oscillation_cost": 58.84158486405808, "completition_cost": 0.0, "overshoot_cost": 51.36672374416482, "power_cost": 22.895732238769533, "noise_cost": 21.92287621985022, "n_waypoints_completed": 9, "tot_waypoints": 9}}
{"target": -192.82937118895498, "params": {"k_pid_pos": [1.733835489643198, 0.024859491386256316, 0.704167472379422], "k_pid_alt": [1.477768752937916, 0.0, 0.6600607021214705], "k_pid_att": [39.447728079683905, 2.6889016979653872, 0.6559199499296157], "k_pid_yaw": [0.5, 1e-06, 0.1], "k_pid_hsp": [0.09847755819799779, 0.011264223901387349, 0.0], "k_pid_vsp": [68.87684793552155, 204.84203769155826, 10.0]}, "datetime": {"datetime": "2025-08-13 18:17:02", "elapsed": 30550.29442501068, "delta": 17.0395610332489}, "costs": {"total_cost": 192.82937118895498, "time_cost": 71.141, "final_distance_cost": 1.8213741853959418, "oscillation_cost": 29.4085541280758, "completition_cost": 0.0, "overshoot_cost": 51.090885439030636, "power_cost": 19.094139038085938, "noise_cost": 20.273418398366648, "n_waypoints_completed": 9, "tot_waypoints": 9}}
{"target": -183.31900760086654, "params": {"k_pid_pos": [1.4340672435785011, 0.024859491386256316, 0.8544707697037623], "k_pid_alt": [1.4458679973838424, 0.0, 0.6600607021214705], "k_pid_att": [39.447728079683905, 0.18205753750414305, 0.73590781336997], "k_pid_yaw": [0.5, 1e-06, 0.1], "k_pid_hsp": [0.09847755819799779, 0.011264223901387349, 0.0], "k_pid_vsp": [33.09370770872002, 93.09285943774285, 10.0]}, "datetime": {"datetime": "2025-08-13 18:17:18", "elapsed": 30566.793170452118, "delta": 16.498745441436768}, "costs": {"total_cost": 183.31900760086654, "time_cost": 71.288, "final_distance_cost": 1.8423246803163191, "oscillation_cost": 27.387653331351228, "completition_cost": 0.0, "overshoot_cost": 50.46359357229255, "power_cost": 13.59634998779297, "noise_cost": 18.74108602911348, "n_waypoints_completed": 9, "tot_waypoints": 9}}
{"target": -189.3614911350543, "params": {"k_pid_pos": [1.0303987325070019, 0.024859491386256316, 0.9451257094832697], "k_pid_alt": [1.4458679973838424, 0.0, 0.3146878632891922], "k_pid_att": [43.948176657889235, 3.8677381495188174, 0.6559199499296157], "k_pid_yaw": [0.5, 1e-06, 0.1], "k_pid_hsp": [0.09847755819799779, 0.011264223901387349, 0.0], "k_pid_vsp": [251.5004449007475, 59.083466427248936, 10.0]}, "datetime": {"datetime": "2025-08-13 18:17:36", "elapsed": 30584.927340745926, "delta": 18.134170293807983}, "costs": {"total_cost": 189.3614911350543, "time_cost": 75.845, "final_distance_cost": 1.852867686804357, "oscillation_cost": 25.148279378089182, "completition_cost": 0.0, "overshoot_cost": 51.3337505916948, "power_cost": 14.723849853515626, "noise_cost": 20.45774362495036, "n_waypoints_completed": 9, "tot_waypoints": 9}}
{"target": -186.29905115157607, "params": {"k_pid_pos": [1.6203022768980826, 0.06681891267873763, 0.5374545101912236], "k_pid_alt": [1.8467889235776584, 0.0, 0.9128610184476774], "k_pid_att": [81.50781704084231, 5.824334032821091, 0.7742097595242466], "k_pid_yaw": [0.5, 1e-06, 0.1], "k_pid_hsp": [0.09847755819799779, 0.011264223901387349, 0.0], "k_pid_vsp": [251.5004449007475, 93.09285943774285, 10.0]}, "datetime": {"datetime": "2025-08-13 18:17:53", "elapsed": 30601.5080473423, "delta": 16.58070659637451}, "costs": {"total_cost": 186.29905115157607, "time_cost": 70.714, "final_distance_cost": 1.8155680519388473, "oscillation_cost": 30.488466020100525, "completition_cost": 0.0, "overshoot_cost": 50.93426125524557, "power_cost": 14.398631494140625, "noise_cost": 17.948124330150492, "n_waypoints_completed": 9, "tot_waypoints": 9}}
{"target": -190.39959743823232, "params": {"k_pid_pos": [1.733835489643198, 0.024859491386256316, 0.9451257094832697], "k_pid_alt": [1.4458679973838424, 0.0, 0.3146878632891922], "k_pid_att": [43.948176657889235, 0.18205753750414305, 0.73590781336997], "k_pid_yaw": [0.5, 1e-06, 0.1], "k_pid_hsp": [0.09847755819799779, 0.011264223901387349, 0.0], "k_pid_vsp": [315.6746539590211, 93.09285943774285, 10.0]}, "datetime": {"datetime": "2025-08-13 18:18:10", "elapsed": 30618.54510784149, "delta": 17.037060499191284}, "costs": {"total_cost": 190.39959743823232, "time_cost": 70.546, "final_distance_cost": 1.8280736189245645, "oscillation_cost": 27.893236584663747, "completition_cost": 0.0, "overshoot_cost": 51.24174396242207, "power_cost": 19.243003308105468, "noise_cost": 19.647539964116458, "n_waypoints_completed": 9, "tot_waypoints": 9}}
{"target": -201.4293736547845, "params": {"k_pid_pos": [1.3873324295523621, 0.024859491386256316, 0.8519347702918288], "k_pid_alt": [1.2547444455457333, 0.0, 0.2915903713486512], "k_pid_att": [43.948176657889235, 0.18205753750414305, 0.34464953207076743], "k_pid_yaw": [0.5, 1e-06, 0.1], "k_pid_hsp": [2.801925256194032, 0.011264223901387349, 0.0], "k_pid_vsp": [251.5004449007475, 205.38401218364257, 10.0]}, "datetime": {"datetime": "2025-08-13 18:18:28", "elapsed": 30636.958171844482, "delta": 18.413064002990723}, "costs": {"total_cost": 201.4293736547845, "time_cost": 73.185, "final_distance_cost": 1.8457320760102656, "oscillation_cost": 40.045189318564546, "completition_cost": 0.0, "overshoot_cost": 50.20544094990775, "power_cost": 16.329165393066408, "noise_cost": 19.818845917235574, "n_waypoints_completed": 9, "tot_waypoints": 9}}
{"target": -183.3257557092084, "params": {"k_pid_pos": [1.4340672435785011, 0.024859491386256316, 0.8519347702918288], "k_pid_alt": [1.477768752937916, 0.0, 0.6600607021214705], "k_pid_att": [39.447728079683905, 1.2832267695489696, 0.6559199499296157], "k_pid_yaw": [0.5, 1e-06, 0.1], "k_pid_hsp": [0.09847755819799779, 0.011264223901387349, 0.0], "k_pid_vsp": [264.9966777379314, 204.84203769155826, 10.0]}, "datetime": {"datetime": "2025-08-13 18:18:46", "elapsed": 30654.323308706284, "delta": 17.365136861801147}, "costs": {"total_cost": 183.3257557092084, "time_cost": 71.32300000000001, "final_distance_cost": 1.8329851124902052, "oscillation_cost": 27.226694858150243, "completition_cost": 0.0, "overshoot_cost": 50.552268103027764, "power_cost": 14.005502795410157, "noise_cost": 18.385304840130036, "n_waypoints_completed": 9, "tot_waypoints": 9}}
{"target": -184.95165458605243, "params": {"k_pid_pos": [1.733835489643198, 0.024859491386256316, 0.704167472379422], "k_pid_alt": [1.4458679973838424, 0.0, 0.3146878632891922], "k_pid_att": [43.948176657889235, 0.18205753750414305, 0.73590781336997], "k_pid_yaw": [0.5, 1e-06, 0.1], "k_pid_hsp": [0.09847755819799779, 0.011264223901387349, 0.0], "k_pid_vsp": [251.5004449007475, 93.09285943774285, 10.0]}, "datetime": {"datetime": "2025-08-13 18:19:03", "elapsed": 30671.15251135826, "delta": 16.82920265197754}, "costs": {"total_cost": 184.95165458605243, "time_cost": 69.958, "final_distance_cost": 1.8009970017188432, "oscillation_cost": 28.831422859733806, "completition_cost": 0.0, "overshoot_cost": 50.78244920343816, "power_cost": 15.530969055175783, "noise_cost": 18.047816465985857, "n_waypoints_completed": 9, "tot_waypoints": 9}}
{"target": -190.36413826493802, "params": {"k_pid_pos": [1.4340672435785011, 0.024859491386256316, 0.8544707697037623], "k_pid_alt": [1.4458679973838424, 0.0, 0.6600607021214705], "k_pid_att": [39.447728079683905, 0.18205753750414305, 0.73590781336997], "k_pid_yaw": [0.5, 1e-06, 0.1], "k_pid_hsp": [0.09847755819799779, 0.011264223901387349, 0.0], "k_pid_vsp": [33.09370770872002, 93.09285943774285, 10.0]}, "datetime": {"datetime": "2025-08-13 18:19:20", "elapsed": 30688.61115527153, "delta": 17.458643913269043}, "costs": {"total_cost": 190.36413826493802, "time_cost": 71.561, "final_distance_cost": 1.841739853952026, "oscillation_cost": 27.292807455035756, "completition_cost": 0.0, "overshoot_cost": 50.98474537081551, "power_cost": 19.39092196044922, "noise_cost": 19.292923624685507, "n_waypoints_completed": 9, "tot_waypoints": 9}}
{"target": -187.42482053935117, "params": {"k_pid_pos": [1.6203022768980826, 0.06681891267873763, 0.5374545101912236], "k_pid_alt": [1.8467889235776584, 0.0, 0.9128610184476774], "k_pid_att": [81.50781704084231, 5.859554809351448, 0.7742097595242466], "k_pid_yaw": [0.5, 1e-06, 0.1], "k_pid_hsp": [0.09847755819799779, 0.011264223901387349, 0.0], "k_pid_vsp": [264.9966777379314, 204.84203769155826, 10.0]}, "datetime": {"datetime": "2025-08-13 18:19:37", "elapsed": 30706.005087137222, "delta": 17.39393186569214}, "costs": {"total_cost": 187.42482053935117, "time_cost": 70.574, "final_distance_cost": 1.794390419188705, "oscillation_cost": 30.23505174505401, "completition_cost": 0.0, "overshoot_cost": 50.781822845027975, "power_cost": 16.146441040039065, "noise_cost": 17.893114490041416, "n_waypoints_completed": 9, "tot_waypoints": 9}}
{"target": -185.68008716801174, "params": {"k_pid_pos": [1.4340672435785011, 0.024859491386256316, 0.8519347702918288], "k_pid_alt": [1.477768752937916, 0.0, 0.6600607021214705], "k_pid_att": [39.447728079683905, 9.862826079085128, 0.6559199499296157], "k_pid_yaw": [0.5, 1e-06, 0.1], "k_pid_hsp": [0.09847755819799779, 0.011264223901387349, 0.0], "k_pid_vsp": [78.76564955932119, 93.09285943774285, 10.0]}, "datetime": {"datetime": "2025-08-13 18:19:55", "elapsed": 30723.076184749603, "delta": 17.07109761238098}, "costs": {"total_cost": 185.68008716801174, "time_cost": 71.267, "final_distance_cost": 1.8399982532312382, "oscillation_cost": 27.522506261995055, "completition_cost": 0.0, "overshoot_cost": 50.36823200790819, "power_cost": 16.674448742675782, "noise_cost": 18.007901902201446, "n_waypoints_completed": 9, "tot_waypoints": 9}}
{"target": -196.47210247272568, "params": {"k_pid_pos": [1.0303987325070019, 0.024859491386256316, 0.9451257094832697], "k_pid_alt": [1.4458679973838424, 0.0, 0.3146878632891922], "k_pid_att": [29.46763110571006, 3.8677381495188174, 0.6559199499296157], "k_pid_yaw": [0.5, 1e-06, 0.1], "k_pid_hsp": [0.09847755819799779, 0.011264223901387349, 0.0], "k_pid_vsp": [251.5004449007475, 59.083466427248936, 10.0]}, "datetime": {"datetime": "2025-08-13 18:20:14", "elapsed": 30742.154998779297, "delta": 19.078814029693604}, "costs": {"total_cost": 196.47210247272568, "time_cost": 76.041, "final_distance_cost": 1.8508966762587278, "oscillation_cost": 25.263872305977337, "completition_cost": 0.0, "overshoot_cost": 52.0440181273813, "power_cost": 20.426038085937503, "noise_cost": 20.84627727717083, "n_waypoints_completed": 9, "tot_waypoints": 9}}
{"target": -187.42604635405567, "params": {"k_pid_pos": [1.9475525933111357, 0.024859491386256316, 0.8519347702918288], "k_pid_alt": [1.4458679973838424, 0.0, 0.6600607021214705], "k_pid_att": [5.660560806625048, 3.8677381495188174, 0.6559199499296157], "k_pid_yaw": [0.5, 1e-06, 0.1], "k_pid_hsp": [0.09847755819799779, 0.011264223901387349, 0.0], "k_pid_vsp": [251.5004449007475, 163.84421639189063, 10.0]}, "datetime": {"datetime": "2025-08-13 18:20:31", "elapsed": 30759.251405239105, "delta": 17.09640645980835}, "costs": {"total_cost": 187.42604635405567, "time_cost": 70.357, "final_distance_cost": 1.8289800993582854, "oscillation_cost": 31.23319560857213, "completition_cost": 0.0, "overshoot_cost": 50.64234254699243, "power_cost": 15.372547387695313, "noise_cost": 17.99198071143751, "n_waypoints_completed": 9, "tot_waypoints": 9}}
{"target": -192.25254835657267, "params": {"k_pid_pos": [1.733835489643198, 0.024859491386256316, 0.9451257094832697], "k_pid_alt": [1.4458679973838424, 0.0, 0.3146878632891922], "k_pid_att": [84.98699684477904, 0.18205753750414305, 0.73590781336997], "k_pid_yaw": [0.5, 1e-06, 0.1], "k_pid_hsp": [0.09847755819799779, 0.011264223901387349, 0.0], "k_pid_vsp": [315.6746539590211, 93.09285943774285, 10.0]}, "datetime": {"datetime": "2025-08-13 18:20:48", "elapsed": 30776.227790117264, "delta": 16.97638487815857}, "costs": {"total_cost": 192.25254835657267, "time_cost": 70.637, "final_distance_cost": 1.8243237534471308, "oscillation_cost": 28.035385675636515, "completition_cost": 0.0, "overshoot_cost": 51.43966498354077, "power_cost": 20.217297583007813, "noise_cost": 20.098876360940427, "n_waypoints_completed": 9, "tot_waypoints": 9}}
{"target": -197.19787166797505, "params": {"k_pid_pos": [1.733835489643198, 0.024859491386256316, 0.8519347702918288], "k_pid_alt": [1.4458679973838424, 0.0, 0.10702076326620091], "k_pid_att": [43.948176657889235, 0.18205753750414305, 0.9786068342296788], "k_pid_yaw": [0.5, 1e-06, 0.1], "k_pid_hsp": [0.09847755819799779, 0.011264223901387349, 0.0], "k_pid_vsp": [376.5747392387296, 93.09285943774285, 20.226497411895423]}, "datetime": {"datetime": "2025-08-13 18:21:05", "elapsed": 30793.856004714966, "delta": 17.628214597702026}, "costs": {"total_cost": 197.19787166797505, "time_cost": 71.58200000000001, "final_distance_cost": 1.8201982356181945, "oscillation_cost": 27.095277030529594, "completition_cost": 0.0, "overshoot_cost": 52.17328559321326, "power_cost": 23.025468591308595, "noise_cost": 21.501642217305402, "n_waypoints_completed": 9, "tot_waypoints": 9}}
{"target": -198.26950790816963, "params": {"k_pid_pos": [1.733835489643198, 0.024859491386256316, 0.5374545101912236], "k_pid_alt": [1.3959173657108794, 0.0, 0.9128610184476774], "k_pid_att": [21.6711938663424, 5.8998316386557885, 0.34464953207076743], "k_pid_yaw": [0.5, 1e-06, 0.1], "k_pid_hsp": [0.09847755819799779, 0.02741548690539819, 0.0], "k_pid_vsp": [251.5004449007475, 93.09285943774285, 64.74280647471554]}, "datetime": {"datetime": "2025-08-13 18:21:23", "elapsed": 30811.733401298523, "delta": 17.87739658355713}, "costs": {"total_cost": 198.26950790816963, "time_cost": 74.893, "final_distance_cost": 1.8291776909177617, "oscillation_cost": 32.1132572974266, "completition_cost": 0.0, "overshoot_cost": 53.17836489874496, "power_cost": 19.071858532714845, "noise_cost": 17.18384948836547, "n_waypoints_completed": 9, "tot_waypoints": 9}}
{"target": -191.36095383157308, "params": {"k_pid_pos": [1.4340672435785011, 0.024859491386256316, 0.8544707697037623], "k_pid_alt": [1.4458679973838424, 0.0, 0.6600607021214705], "k_pid_att": [39.447728079683905, 0.18205753750414305, 0.73590781336997], "k_pid_yaw": [0.5, 1e-06, 0.1], "k_pid_hsp": [0.09847755819799779, 0.011264223901387349, 0.0], "k_pid_vsp": [33.09370770872002, 93.09285943774285, 10.0]}, "datetime": {"datetime": "2025-08-13 18:21:41", "elapsed": 30829.18995499611, "delta": 17.45655369758606}, "costs": {"total_cost": 191.36095383157308, "time_cost": 71.666, "final_distance_cost": 1.838935764454092, "oscillation_cost": 27.16791014778458, "completition_cost": 0.0, "overshoot_cost": 50.84689097649711, "power_cost": 19.964184387207034, "noise_cost": 19.877032555630258, "n_waypoints_completed": 9, "tot_waypoints": 9}}
{"target": -185.10415017713382, "params": {"k_pid_pos": [1.4340672435785011, 0.024859491386256316, 0.8519347702918288], "k_pid_alt": [1.477768752937916, 0.0, 0.6600607021214705], "k_pid_att": [39.447728079683905, 1.2832267695489696, 0.6559199499296157], "k_pid_yaw": [0.5, 1e-06, 0.1], "k_pid_hsp": [0.09847755819799779, 0.011264223901387349, 0.0], "k_pid_vsp": [68.87684793552155, 204.84203769155826, 10.0]}, "datetime": {"datetime": "2025-08-13 18:21:58", "elapsed": 30846.629073143005, "delta": 17.439118146896362}, "costs": {"total_cost": 185.10415017713382, "time_cost": 71.274, "final_distance_cost": 1.8308921760414434, "oscillation_cost": 28.328373073074918, "completition_cost": 0.0, "overshoot_cost": 50.1363504457299, "power_cost": 14.061735717773438, "noise_cost": 19.472798764514092, "n_waypoints_completed": 9, "tot_waypoints": 9}}
{"target": -199.06876970027884, "params": {"k_pid_pos": [1.4423278017687713, 0.31277452455499244, 0.704167472379422], "k_pid_alt": [1.1322102414463147, 0.0, 0.3146878632891922], "k_pid_att": [18.716498687641693, 0.4746071483446615, 0.73590781336997], "k_pid_yaw": [0.5, 1e-06, 0.1], "k_pid_hsp": [5.751519431904279, 0.011264223901387349, 0.0], "k_pid_vsp": [251.5004449007475, 93.09285943774285, 10.0]}, "datetime": {"datetime": "2025-08-13 18:22:15", "elapsed": 30863.7933011055, "delta": 17.164227962493896}, "costs": {"total_cost": 199.06876970027884, "time_cost": 72.625, "final_distance_cost": 1.8292373803515654, "oscillation_cost": 36.148362044193114, "completition_cost": 0.0, "overshoot_cost": 50.918179010751665, "power_cost": 17.953862548828127, "noise_cost": 19.5941287161544, "n_waypoints_completed": 9, "tot_waypoints": 9}}
