{"target": -194.06589238496744, "params": {"k_pid_pos": [1.4340672435785011, 0.024859491386256316, 0.44963268842268056], "k_pid_alt": [1.4458679973838424, 0.0, 0.11578642527130634], "k_pid_att": [6.174354700882767, 3.917135097401164, 0.8257697299075593], "k_pid_yaw": [0.5, 1e-06, 0.1], "k_pid_hsp": [0.09847755819799779, 0.011264223901387349, 0.0], "k_pid_vsp": [366.9222945638871, 93.09285943774285, 10.0]}, "datetime": {"datetime": "2025-08-13 15:39:09", "elapsed": 21077.547941207886, "delta": 18.481058835983276}, "costs": {"total_cost": 194.06589238496744, "time_cost": 70.112, "final_distance_cost": 1.811326005005669, "oscillation_cost": 30.41277605426603, "completition_cost": 0.0, "overshoot_cost": 51.260679511066826, "power_cost": 20.49562117919922, "noise_cost": 19.97348963542971, "n_waypoints_completed": 9, "tot_waypoints": 9}}
{"target": -1137.6344106200524, "params": {"k_pid_pos": [0.0720678231299122, 0.024859491386256316, 0.8519347702918288], "k_pid_alt": [1.4458679973838424, 0.7031627732108057, 0.13294310327404035], "k_pid_att": [39.447728079683905, 3.8677381495188174, 0.1432438844471683], "k_pid_yaw": [0.5, 1e-06, 0.1], "k_pid_hsp": [0.09847755819799779, 0.011264223901387349, 0.0], "k_pid_vsp": [86.28438231591274, 93.09285943774285, 10.0]}, "datetime": {"datetime": "2025-08-13 15:39:41", "elapsed": 21109.104622602463, "delta": 31.556681394577026}, "costs": {"total_cost": 1137.6344106200524, "time_cost": 150, "final_distance_cost": 81.3508841130083, "oscillation_cost": 7.698156986193827, "completition_cost": 777.7777777777778, "overshoot_cost": 68.06511341335239, "power_cost": 25.89925682373047, "noise_cost": 26.8432215059897, "n_waypoints_completed": 2, "tot_waypoints": 9}}
{"target": -200.36879989140326, "params": {"k_pid_pos": [1.4340672435785011, 0.024859491386256316, 0.231276554047951], "k_pid_alt": [0.8545398455997026, 0.0, 0.3146878632891922], "k_pid_att": [43.948176657889235, 0.18205753750414305, 0.34464953207076743], "k_pid_yaw": [0.5, 1e-06, 0.1], "k_pid_hsp": [0.09847755819799779, 0.011264223901387349, 0.0], "k_pid_vsp": [86.28438231591274, 156.73508457218338, 10.0]}, "datetime": {"datetime": "2025-08-13 15:40:00", "elapsed": 21128.203278303146, "delta": 19.098655700683594}, "costs": {"total_cost": 200.36879989140326, "time_cost": 73.423, "final_distance_cost": 1.8203325316030883, "oscillation_cost": 31.06070021236315, "completition_cost": 0.0, "overshoot_cost": 51.34139918237748, "power_cost": 22.21680966796875, "noise_cost": 20.506558297090766, "n_waypoints_completed": 9, "tot_waypoints": 9}}
{"target": -189.0029194175002, "params": {"k_pid_pos": [1.4340672435785011, 0.024859491386256316, 0.8519347702918288], "k_pid_alt": [1.4458679973838424, 0.0, 0.3146878632891922], "k_pid_att": [43.948176657889235, 0.18205753750414305, 0.34464953207076743], "k_pid_yaw": [0.5, 1e-06, 0.1], "k_pid_hsp": [0.09847755819799779, 0.011264223901387349, 0.0], "k_pid_vsp": [277.2708477836043, 93.09285943774285, 10.0]}, "datetime": {"datetime": "2025-08-13 15:40:18", "elapsed": 21147.06832432747, "delta": 18.86504602432251}, "costs": {"total_cost": 189.0029194175002, "time_cost": 70.994, "final_distance_cost": 1.843810989305104, "oscillation_cost": 27.17813331903449, "completition_cost": 0.0, "overshoot_cost": 51.161645767774274, "power_cost": 18.69859959716797, "noise_cost": 19.126729744218377, "n_waypoints_completed": 9, "tot_waypoints": 9}}
{"target": -190.1956912502395, "params": {"k_pid_pos": [1.4340672435785011, 0.024859491386256316, 0.44963268842268056], "k_pid_alt": [1.4458679973838424, 0.0, 0.22260652447727036], "k_pid_att": [50.98074059285719, 3.8677381495188174, 0.8257697299075593], "k_pid_yaw": [0.5, 1e-06, 0.1], "k_pid_hsp": [0.09847755819799779, 0.011264223901387349, 0.0], "k_pid_vsp": [366.9222945638871, 59.82240868669444, 21.011196465382298]}, "datetime": {"datetime": "2025-08-13 15:40:36", "elapsed": 21165.019703626633, "delta": 17.95137929916382}, "costs": {"total_cost": 190.1956912502395, "time_cost": 70.532, "final_distance_cost": 1.8155386178368444, "oscillation_cost": 28.550512010039228, "completition_cost": 0.0, "overshoot_cost": 51.51202424095712, "power_cost": 19.009301416015624, "noise_cost": 18.77631496539067, "n_waypoints_completed": 9, "tot_waypoints": 9}}
{"target": -227.1445920280977, "params": {"k_pid_pos": [0.9382506112798048, 0.17490998158808135, 0.8519347702918288], "k_pid_alt": [1.4458679973838424, 0.16763628571194666, 0.3146878632891922], "k_pid_att": [39.447728079683905, 8.039636722459171, 0.8257697299075593], "k_pid_yaw": [0.5, 1e-06, 0.1], "k_pid_hsp": [0.09847755819799779, 0.011264223901387349, 0.0], "k_pid_vsp": [366.9222945638871, 93.09285943774285, 10.0]}, "datetime": {"datetime": "2025-08-13 15:41:03", "elapsed": 21191.191200494766, "delta": 26.171496868133545}, "costs": {"total_cost": 227.1445920280977, "time_cost": 99.743, "final_distance_cost": 1.7839114085727188, "oscillation_cost": 25.11851074607108, "completition_cost": 0.0, "overshoot_cost": 54.07882185285077, "power_cost": 22.794295471191408, "noise_cost": 23.626052549411696, "n_waypoints_completed": 9, "tot_waypoints": 9}}
{"target": -2014.1202227066024, "params": {"k_pid_pos": [1.4340672435785011, 0.024859491386256316, 0.4894518338289183], "k_pid_alt": [1.0304713630477362, 0.0, 0.3146878632891922], "k_pid_att": [93.65426823711724, 3.8677381495188174, 0.8257697299075593], "k_pid_yaw": [0.5, 1e-06, 0.1], "k_pid_hsp": [0.09847755819799779, 0.011264223901387349, 0.40925506695826264], "k_pid_vsp": [349.40333172427154, 213.45582935365798, 10.0]}, "datetime": {"datetime": "2025-08-13 15:41:33", "elapsed": 21221.687074899673, "delta": 30.495874404907227}, "costs": {"total_cost": 2014.1202227066024, "time_cost": 150, "final_distance_cost": 68.79242012444332, "oscillation_cost": 830.0694702377361, "completition_cost": 777.7777777777778, "overshoot_cost": 132.23398163254475, "power_cost": 27.294996398925782, "noise_cost": 27.951576535174382, "n_waypoints_completed": 2, "tot_waypoints": 9}}
{"target": -223.13292821951677, "params": {"k_pid_pos": [1.4340672435785011, 0.562437059426841, 0.44963268842268056], "k_pid_alt": [1.4458679973838424, 0.0, 0.13294310327404035], "k_pid_att": [39.447728079683905, 3.8677381495188174, 0.34464953207076743], "k_pid_yaw": [0.5, 1e-06, 0.1], "k_pid_hsp": [0.09847755819799779, 0.011264223901387349, 0.0], "k_pid_vsp": [277.2708477836043, 93.09285943774285, 10.0]}, "datetime": {"datetime": "2025-08-13 15:41:53", "elapsed": 21241.846117973328, "delta": 20.159043073654175}, "costs": {"total_cost": 223.13292821951677, "time_cost": 81.298, "final_distance_cost": 1.7485470703061998, "oscillation_cost": 32.927964678314524, "completition_cost": 0.0, "overshoot_cost": 53.9407586242562, "power_cost": 28.39808277587891, "noise_cost": 24.819575070760905, "n_waypoints_completed": 9, "tot_waypoints": 9}}
{"target": -511.1732935405975, "params": {"k_pid_pos": [1.4340672435785011, 0.024859491386256316, 0.44963268842268056], "k_pid_alt": [1.4458679973838424, 0.0, 0.22260652447727036], "k_pid_att": [50.98074059285719, 0.18205753750414305, 0.34464953207076743], "k_pid_yaw": [0.5, 1e-06, 0.1], "k_pid_hsp": [7.913838258274543, 0.011264223901387349, 0.9477950138699737], "k_pid_vsp": [277.2708477836043, 93.09285943774285, 10.0]}, "datetime": {"datetime": "2025-08-13 15:42:13", "elapsed": 21261.13566017151, "delta": 19.289542198181152}, "costs": {"total_cost": 511.1732935405975, "time_cost": 76.468, "final_distance_cost": 1.7438995295925925, "oscillation_cost": 339.3661454878147, "completition_cost": 0.0, "overshoot_cost": 52.03199370794644, "power_cost": 20.683617236328125, "noise_cost": 20.879637578915627, "n_waypoints_completed": 9, "tot_waypoints": 9}}
{"target": -212.27528792365993, "params": {"k_pid_pos": [1.4340672435785011, 0.024859491386256316, 0.8519347702918288], "k_pid_alt": [1.4458679973838424, 0.0, 0.3146878632891922], "k_pid_att": [43.948176657889235, 3.8677381495188174, 0.8257697299075593], "k_pid_yaw": [0.5, 1e-06, 0.1], "k_pid_hsp": [0.09847755819799779, 0.011264223901387349, 0.0], "k_pid_vsp": [366.9222945638871, 93.09285943774285, 10.0]}, "datetime": {"datetime": "2025-08-13 15:42:32", "elapsed": 21280.28765654564, "delta": 19.15199637413025}, "costs": {"total_cost": 212.27528792365993, "time_cost": 76.251, "final_distance_cost": 1.8409376702258036, "oscillation_cost": 27.52097666568562, "completition_cost": 0.0, "overshoot_cost": 55.096821861033476, "power_cost": 27.677476379394534, "noise_cost": 23.888075347320488, "n_waypoints_completed": 9, "tot_waypoints": 9}}
{"target": -1415.706610088271, "params": {"k_pid_pos": [1.4340672435785011, 0.4312052517798246, 0.8519347702918288], "k_pid_alt": [1.4458679973838424, 0.0, 0.3146878632891922], "k_pid_att": [43.948176657889235, 0.18205753750414305, 0.34464953207076743], "k_pid_yaw": [0.5, 1e-06, 0.1], "k_pid_hsp": [0.09847755819799779, 0.011264223901387349, 0.0], "k_pid_vsp": [86.28438231591274, 156.73508457218338, 399.3545315371922]}, "datetime": {"datetime": "2025-08-13 15:43:02", "elapsed": 21310.117072582245, "delta": 29.829416036605835}, "costs": {"total_cost": 1415.706610088271, "time_cost": 150, "final_distance_cost": 0.9993124476989802, "oscillation_cost": 3.9815146529211027, "completition_cost": 1000.0, "overshoot_cost": 140.9698249645657, "power_cost": 29.30206042480469, "noise_cost": 90.45389759828042, "n_waypoints_completed": 0, "tot_waypoints": 9}}
{"target": -187.39192195766182, "params": {"k_pid_pos": [1.4340672435785011, 0.024859491386256316, 0.4894518338289183], "k_pid_alt": [1.115618115767161, 0.0, 0.3146878632891922], "k_pid_att": [43.948176657889235, 3.8677381495188174, 0.34464953207076743], "k_pid_yaw": [0.5, 1e-06, 0.1], "k_pid_hsp": [0.09847755819799779, 0.011264223901387349, 0.0], "k_pid_vsp": [86.28438231591274, 156.73508457218338, 10.0]}, "datetime": {"datetime": "2025-08-13 15:43:21", "elapsed": 21329.23611354828, "delta": 19.119040966033936}, "costs": {"total_cost": 187.39192195766182, "time_cost": 70.98, "final_distance_cost": 1.799001954550494, "oscillation_cost": 29.15529703742395, "completition_cost": 0.0, "overshoot_cost": 50.56416338671958, "power_cost": 16.335308312988282, "noise_cost": 18.558151265979525, "n_waypoints_completed": 9, "tot_waypoints": 9}}
{"target": -178.73462421117307, "params": {"k_pid_pos": [1.4340672435785011, 0.024859491386256316, 0.8519347702918288], "k_pid_alt": [1.4458679973838424, 0.0, 0.3146878632891922], "k_pid_att": [43.948176657889235, 0.18205753750414305, 0.34464953207076743], "k_pid_yaw": [0.5, 1e-06, 0.1], "k_pid_hsp": [0.09847755819799779, 0.011264223901387349, 0.0], "k_pid_vsp": [277.2708477836043, 93.09285943774285, 10.0]}, "datetime": {"datetime": "2025-08-13 15:43:39", "elapsed": 21347.467263698578, "delta": 18.231150150299072}, "costs": {"total_cost": 178.73462421117307, "time_cost": 70.581, "final_distance_cost": 1.8378110495617126, "oscillation_cost": 27.49471357682184, "completition_cost": 0.0, "overshoot_cost": 50.676553736967726, "power_cost": 9.822635534667969, "noise_cost": 18.321910313153833, "n_waypoints_completed": 9, "tot_waypoints": 9}}
{"target": -189.48809458392827, "params": {"k_pid_pos": [1.4340672435785011, 0.024859491386256316, 0.8519347702918288], "k_pid_alt": [1.4458679973838424, 0.0, 0.3146878632891922], "k_pid_att": [43.948176657889235, 0.18205753750414305, 0.34464953207076743], "k_pid_yaw": [0.5, 1e-06, 0.1], "k_pid_hsp": [0.09847755819799779, 0.011264223901387349, 0.0], "k_pid_vsp": [277.2708477836043, 93.09285943774285, 10.0]}, "datetime": {"datetime": "2025-08-13 15:43:57", "elapsed": 21365.847594738007, "delta": 18.38033103942871}, "costs": {"total_cost": 189.48809458392827, "time_cost": 70.938, "final_distance_cost": 1.8438676052103768, "oscillation_cost": 27.01745051611235, "completition_cost": 0.0, "overshoot_cost": 51.284777918715655, "power_cost": 19.13495771484375, "noise_cost": 19.269040829046123, "n_waypoints_completed": 9, "tot_waypoints": 9}}
{"target": -192.36762115808654, "params": {"k_pid_pos": [1.4340672435785011, 0.024859491386256316, 0.8519347702918288], "k_pid_alt": [1.9792988987850082, 0.0, 0.22260652447727036], "k_pid_att": [50.98074059285719, 3.0350363822239825, 0.8257697299075593], "k_pid_yaw": [0.5, 1e-06, 0.1], "k_pid_hsp": [0.09847755819799779, 0.011264223901387349, 0.0], "k_pid_vsp": [207.03313760381627, 59.82240868669444, 10.0]}, "datetime": {"datetime": "2025-08-13 15:44:16", "elapsed": 21384.522038698196, "delta": 18.67444396018982}, "costs": {"total_cost": 192.36762115808654, "time_cost": 71.183, "final_distance_cost": 1.8303255022536709, "oscillation_cost": 25.89001853320689, "completition_cost": 0.0, "overshoot_cost": 51.60821966528667, "power_cost": 20.82034245605469, "noise_cost": 21.03571500128458, "n_waypoints_completed": 9, "tot_waypoints": 9}}
{"target": -184.03437231455567, "params": {"k_pid_pos": [1.733835489643198, 0.024859491386256316, 0.44963268842268056], "k_pid_alt": [1.4458679973838424, 0.0, 0.13294310327404035], "k_pid_att": [39.447728079683905, 3.8677381495188174, 0.6559199499296157], "k_pid_yaw": [0.5, 1e-06, 0.1], "k_pid_hsp": [0.09847755819799779, 0.011264223901387349, 0.0], "k_pid_vsp": [17.18305095025783, 93.09285943774285, 10.0]}, "datetime": {"datetime": "2025-08-13 15:44:34", "elapsed": 21402.29312968254, "delta": 17.771090984344482}, "costs": {"total_cost": 184.03437231455567, "time_cost": 69.426, "final_distance_cost": 1.786248629020509, "oscillation_cost": 31.275158133453868, "completition_cost": 0.0, "overshoot_cost": 50.57122262387364, "power_cost": 12.442272216796876, "noise_cost": 18.533470711410775, "n_waypoints_completed": 9, "tot_waypoints": 9}}
{"target": -1750.6769387074287, "params": {"k_pid_pos": [1.4340672435785011, 0.024859491386256316, 0.8519347702918288], "k_pid_alt": [1.4458679973838424, 0.0, 0.3146878632891922], "k_pid_att": [43.948176657889235, 0.8434577996380836, 0.34464953207076743], "k_pid_yaw": [0.5, 1e-06, 0.1], "k_pid_hsp": [0.09847755819799779, 0.011264223901387349, 0.40925506695826264], "k_pid_vsp": [277.2708477836043, 213.45582935365798, 152.2922079332073]}, "datetime": {"datetime": "2025-08-13 15:45:05", "elapsed": 21433.249797582626, "delta": 30.95666790008545}, "costs": {"total_cost": 1750.6769387074287, "time_cost": 150, "final_distance_cost": 59.99046014936648, "oscillation_cost": 701.1189939388873, "completition_cost": 666.6666666666667, "overshoot_cost": 107.64213879619001, "power_cost": 36.81665736083985, "noise_cost": 28.442021795478254, "n_waypoints_completed": 3, "tot_waypoints": 9}}
{"target": -185.37713861267522, "params": {"k_pid_pos": [1.4340672435785011, 0.024859491386256316, 0.8519347702918288], "k_pid_alt": [1.4458679973838424, 0.0, 0.3146878632891922], "k_pid_att": [43.948176657889235, 0.18205753750414305, 0.34464953207076743], "k_pid_yaw": [0.5, 1e-06, 0.1], "k_pid_hsp": [0.09847755819799779, 0.011264223901387349, 0.0], "k_pid_vsp": [277.2708477836043, 93.09285943774285, 10.0]}, "datetime": {"datetime": "2025-08-13 15:45:26", "elapsed": 21454.576184034348, "delta": 21.32638645172119}, "costs": {"total_cost": 185.37713861267522, "time_cost": 70.70700000000001, "final_distance_cost": 1.830469214956873, "oscillation_cost": 27.097178418409825, "completition_cost": 0.0, "overshoot_cost": 50.90944459845185, "power_cost": 16.252987731933594, "noise_cost": 18.580058648923096, "n_waypoints_completed": 9, "tot_waypoints": 9}}
{"target": -185.85010306783937, "params": {"k_pid_pos": [1.733835489643198, 0.024859491386256316, 0.44963268842268056], "k_pid_alt": [1.4458679973838424, 0.0, 0.13294310327404035], "k_pid_att": [39.447728079683905, 3.8677381495188174, 0.6559199499296157], "k_pid_yaw": [0.5, 1e-06, 0.1], "k_pid_hsp": [0.09847755819799779, 0.011264223901387349, 0.0], "k_pid_vsp": [17.18305095025783, 93.09285943774285, 10.0]}, "datetime": {"datetime": "2025-08-13 15:45:45", "elapsed": 21474.010488033295, "delta": 19.434303998947144}, "costs": {"total_cost": 185.85010306783937, "time_cost": 69.47500000000001, "final_distance_cost": 1.777546580136354, "oscillation_cost": 31.313716904320128, "completition_cost": 0.0, "overshoot_cost": 51.04587569763315, "power_cost": 13.585037976074219, "noise_cost": 18.65292590967549, "n_waypoints_completed": 9, "tot_waypoints": 9}}
{"target": -190.21805648172887, "params": {"k_pid_pos": [1.4164186877546903, 0.024859491386256316, 0.44963268842268056], "k_pid_alt": [1.4458679973838424, 0.0, 0.6145304926431803], "k_pid_att": [39.447728079683905, 3.8677381495188174, 0.8257697299075593], "k_pid_yaw": [0.5, 1e-06, 0.1], "k_pid_hsp": [0.09847755819799779, 0.011264223901387349, 0.0], "k_pid_vsp": [17.18305095025783, 300.6723471101404, 10.0]}, "datetime": {"datetime": "2025-08-13 15:46:04", "elapsed": 21492.234273672104, "delta": 18.223785638809204}, "costs": {"total_cost": 190.21805648172887, "time_cost": 71.08500000000001, "final_distance_cost": 1.8174409328696406, "oscillation_cost": 33.76483448500577, "completition_cost": 0.0, "overshoot_cost": 50.22631896915001, "power_cost": 15.554991870117188, "noise_cost": 17.769470224586218, "n_waypoints_completed": 9, "tot_waypoints": 9}}
{"target": -1462.935911617493, "params": {"k_pid_pos": [0.48341691330654263, 0.024859491386256316, 0.8519347702918288], "k_pid_alt": [1.4458679973838424, 0.0, 0.8705629771698292], "k_pid_att": [43.948176657889235, 5.215311636883334, 0.34464953207076743], "k_pid_yaw": [0.5, 1e-06, 0.1], "k_pid_hsp": [0.22821344198103216, 0.4646359499442313, 0.0], "k_pid_vsp": [277.2708477836043, 93.09285943774285, 343.4343583921496]}, "datetime": {"datetime": "2025-08-13 15:46:35", "elapsed": 21523.64611530304, "delta": 31.41184163093567}, "costs": {"total_cost": 1462.935911617493, "time_cost": 150, "final_distance_cost": 1.0000311177697536, "oscillation_cost": 5.199075667987686, "completition_cost": 1000.0, "overshoot_cost": 163.04738802569892, "power_cost": 29.240732690429688, "noise_cost": 114.4486841156069, "n_waypoints_completed": 0, "tot_waypoints": 9}}
{"target": -184.25987704426166, "params": {"k_pid_pos": [1.367080816728244, 0.024859491386256316, 0.8519347702918288], "k_pid_alt": [1.4458679973838424, 0.0, 0.3146878632891922], "k_pid_att": [43.948176657889235, 0.18205753750414305, 0.34464953207076743], "k_pid_yaw": [0.5, 1e-06, 0.1], "k_pid_hsp": [0.09847755819799779, 0.011264223901387349, 0.0], "k_pid_vsp": [277.2708477836043, 93.09285943774285, 10.0]}, "datetime": {"datetime": "2025-08-13 15:46:53", "elapsed": 21541.883983373642, "delta": 18.237868070602417}, "costs": {"total_cost": 184.25987704426166, "time_cost": 70.91, "final_distance_cost": 1.8358046677015287, "oscillation_cost": 26.974546798857883, "completition_cost": 0.0, "overshoot_cost": 50.62778141043161, "power_cost": 15.311361230468751, "noise_cost": 18.600382936801868, "n_waypoints_completed": 9, "tot_waypoints": 9}}
{"target": -508.8564871902786, "params": {"k_pid_pos": [1.4340672435785011, 0.024859491386256316, 0.8519347702918288], "k_pid_alt": [1.4458679973838424, 0.0, 0.3146878632891922], "k_pid_att": [43.948176657889235, 0.18205753750414305, 0.34464953207076743], "k_pid_yaw": [0.5, 1e-06, 0.1], "k_pid_hsp": [7.913838258274543, 0.011264223901387349, 0.9477950138699737], "k_pid_vsp": [277.2708477836043, 93.09285943774285, 10.0]}, "datetime": {"datetime": "2025-08-13 15:47:14", "elapsed": 21562.613125801086, "delta": 20.729142427444458}, "costs": {"total_cost": 508.8564871902786, "time_cost": 73.57000000000001, "final_distance_cost": 1.7599305263147493, "oscillation_cost": 341.23027587378374, "completition_cost": 0.0, "overshoot_cost": 51.41641958147094, "power_cost": 20.579212158203127, "noise_cost": 20.30064905050605, "n_waypoints_completed": 9, "tot_waypoints": 9}}
{"target": -186.8012153276515, "params": {"k_pid_pos": [0.8080230289550049, 0.024859491386256316, 0.44963268842268056], "k_pid_alt": [1.4458679973838424, 0.0, 0.22260652447727036], "k_pid_att": [50.98074059285719, 0.18205753750414305, 0.34464953207076743], "k_pid_yaw": [0.5, 1e-06, 0.1], "k_pid_hsp": [0.09847755819799779, 0.011264223901387349, 0.0], "k_pid_vsp": [277.2708477836043, 93.09285943774285, 10.0]}, "datetime": {"datetime": "2025-08-13 15:47:37", "elapsed": 21585.97156381607, "delta": 23.35843801498413}, "costs": {"total_cost": 186.8012153276515, "time_cost": 72.884, "final_distance_cost": 1.8500355902577472, "oscillation_cost": 23.992063501593286, "completition_cost": 0.0, "overshoot_cost": 51.53264401799079, "power_cost": 16.86002391357422, "noise_cost": 19.682448304235468, "n_waypoints_completed": 9, "tot_waypoints": 9}}
{"target": -193.27755137013924, "params": {"k_pid_pos": [1.4340672435785011, 0.4312052517798246, 0.8519347702918288], "k_pid_alt": [1.4458679973838424, 0.0, 0.3146878632891922], "k_pid_att": [48.72959582322072, 0.18205753750414305, 0.34464953207076743], "k_pid_yaw": [0.5, 1e-06, 0.1], "k_pid_hsp": [0.09847755819799779, 0.011264223901387349, 0.0], "k_pid_vsp": [277.2708477836043, 93.09285943774285, 10.0]}, "datetime": {"datetime": "2025-08-13 15:47:58", "elapsed": 21606.93294787407, "delta": 20.961384057998657}, "costs": {"total_cost": 193.27755137013924, "time_cost": 74.55, "final_distance_cost": 1.800356103951731, "oscillation_cost": 27.785449522330552, "completition_cost": 0.0, "overshoot_cost": 51.47572974490657, "power_cost": 17.659094177246093, "noise_cost": 20.00692182170432, "n_waypoints_completed": 9, "tot_waypoints": 9}}
