{"target": -198.0157958273848, "params": {"k_pid_pos": [1.4999912498542303, 0.024859491386256316, 0.4388587351883817], "k_pid_alt": [1.0913728054153844, 0.0, 0.13294310327404035], "k_pid_att": [43.948176657889235, 3.8677381495188174, 0.3905569812448356], "k_pid_yaw": [0.5, 1e-06, 0.1], "k_pid_hsp": [3.695059850535367, 0.3950134039208921, 0.0], "k_pid_vsp": [17.18305095025783, 27.814187934262186, 10.0]}, "datetime": {"datetime": "2025-08-13 15:19:32", "elapsed": 19900.685158491135, "delta": 20.38578462600708}, "costs": {"total_cost": 198.0157958273848, "time_cost": 70.497, "final_distance_cost": 1.842246983961416, "oscillation_cost": 41.292564500199994, "completition_cost": 0.0, "overshoot_cost": 50.74526707916704, "power_cost": 14.128632250976564, "noise_cost": 19.510085013079802, "n_waypoints_completed": 9, "tot_waypoints": 9}}
{"target": -261.41000636015406, "params": {"k_pid_pos": [0.961863204572444, 0.24828414068022808, 0.8519347702918288], "k_pid_alt": [1.4458679973838424, 0.7495071381000086, 0.3146878632891922], "k_pid_att": [43.948176657889235, 3.8677381495188174, 0.837110513405392], "k_pid_yaw": [0.5, 1e-06, 0.1], "k_pid_hsp": [6.276831608809586, 0.011264223901387349, 0.0], "k_pid_vsp": [194.7624155113164, 87.58200976551859, 10.0]}, "datetime": {"datetime": "2025-08-13 15:19:59", "elapsed": 19927.372829198837, "delta": 26.687670707702637}, "costs": {"total_cost": 261.41000636015406, "time_cost": 96.642, "final_distance_cost": 1.746749241870534, "oscillation_cost": 65.13650724512185, "completition_cost": 0.0, "overshoot_cost": 55.65341106546942, "power_cost": 18.300140979003906, "noise_cost": 23.93119782868836, "n_waypoints_completed": 9, "tot_waypoints": 9}}
{"target": -206.30525516518432, "params": {"k_pid_pos": [1.4340672435785011, 0.024859491386256316, 0.8100884609760892], "k_pid_alt": [1.4458679973838424, 0.0, 0.3146878632891922], "k_pid_att": [43.948176657889235, 3.8677381495188174, 0.837110513405392], "k_pid_yaw": [0.5, 1e-06, 0.1], "k_pid_hsp": [2.575161370303539, 0.011264223901387349, 0.0], "k_pid_vsp": [17.18305095025783, 156.73508457218338, 10.0]}, "datetime": {"datetime": "2025-08-13 15:20:19", "elapsed": 19947.334721803665, "delta": 19.96189260482788}, "costs": {"total_cost": 206.30525516518432, "time_cost": 72.016, "final_distance_cost": 1.8535395321798265, "oscillation_cost": 39.9257844647544, "completition_cost": 0.0, "overshoot_cost": 50.50509225835022, "power_cost": 21.20843514404297, "noise_cost": 20.79640376585689, "n_waypoints_completed": 9, "tot_waypoints": 9}}
{"target": -181.1810241378957, "params": {"k_pid_pos": [1.4340672435785011, 0.024859491386256316, 0.44963268842268056], "k_pid_alt": [1.4458679973838424, 0.0, 0.13294310327404035], "k_pid_att": [39.447728079683905, 3.8677381495188174, 0.1432438844471683], "k_pid_yaw": [0.5, 1e-06, 0.1], "k_pid_hsp": [0.09847755819799779, 0.011264223901387349, 0.0], "k_pid_vsp": [146.93843233531743, 93.09285943774285, 10.0]}, "datetime": {"datetime": "2025-08-13 15:20:38", "elapsed": 19966.10024046898, "delta": 18.76551866531372}, "costs": {"total_cost": 181.1810241378957, "time_cost": 69.47500000000001, "final_distance_cost": 1.8071939298999407, "oscillation_cost": 31.148064721524122, "completition_cost": 0.0, "overshoot_cost": 50.8816586481949, "power_cost": 9.902275463867188, "noise_cost": 17.966831374409505, "n_waypoints_completed": 9, "tot_waypoints": 9}}
{"target": -183.75798342058368, "params": {"k_pid_pos": [1.3927914940736073, 0.024859491386256316, 0.44963268842268056], "k_pid_alt": [1.9792988987850082, 0.0, 0.22260652447727036], "k_pid_att": [50.98074059285719, 3.8677381495188174, 0.8257697299075593], "k_pid_yaw": [0.5, 1e-06, 0.1], "k_pid_hsp": [0.09847755819799779, 0.011264223901387349, 0.0], "k_pid_vsp": [366.9222945638871, 59.82240868669444, 10.0]}, "datetime": {"datetime": "2025-08-13 15:20:55", "elapsed": 19983.738720178604, "delta": 17.638479709625244}, "costs": {"total_cost": 183.75798342058368, "time_cost": 69.916, "final_distance_cost": 1.8274975282265662, "oscillation_cost": 28.439540963029696, "completition_cost": 0.0, "overshoot_cost": 51.2934902303534, "power_cost": 14.317155187988282, "noise_cost": 17.964299510985736, "n_waypoints_completed": 9, "tot_waypoints": 9}}
{"target": -910.4984089538985, "params": {"k_pid_pos": [1.4340672435785011, 0.024859491386256316, 0.44963268842268056], "k_pid_alt": [1.4458679973838424, 0.5662512635348111, 0.22260652447727036], "k_pid_att": [50.98074059285719, 3.8677381495188174, 0.8257697299075593], "k_pid_yaw": [0.5, 1e-06, 0.1], "k_pid_hsp": [0.09847755819799779, 0.011264223901387349, 0.0], "k_pid_vsp": [312.50622598497625, 93.09285943774285, 250.14769175955837]}, "datetime": {"datetime": "2025-08-13 15:21:27", "elapsed": 20015.435669898987, "delta": 31.69694972038269}, "costs": {"total_cost": 910.4984089538985, "time_cost": 150, "final_distance_cost": 45.36341518446285, "oscillation_cost": 16.025569250242874, "completition_cost": 555.5555555555555, "overshoot_cost": 90.41607378598972, "power_cost": 27.952716638183595, "noise_cost": 25.185078539463888, "n_waypoints_completed": 4, "tot_waypoints": 9}}
{"target": -187.93954627879125, "params": {"k_pid_pos": [1.733835489643198, 0.024859491386256316, 0.44963268842268056], "k_pid_alt": [1.4458679973838424, 0.0, 0.13294310327404035], "k_pid_att": [39.447728079683905, 3.8677381495188174, 0.6559199499296157], "k_pid_yaw": [0.5, 1e-06, 0.1], "k_pid_hsp": [0.09847755819799779, 0.011264223901387349, 0.0], "k_pid_vsp": [17.18305095025783, 93.09285943774285, 10.0]}, "datetime": {"datetime": "2025-08-13 15:21:45", "elapsed": 20033.924219846725, "delta": 18.488549947738647}, "costs": {"total_cost": 187.93954627879125, "time_cost": 69.615, "final_distance_cost": 1.8168361644794746, "oscillation_cost": 31.271527639813026, "completition_cost": 0.0, "overshoot_cost": 50.68079212577995, "power_cost": 16.22692783203125, "noise_cost": 18.328462516687548, "n_waypoints_completed": 9, "tot_waypoints": 9}}
{"target": -192.67145632047385, "params": {"k_pid_pos": [1.4340672435785011, 0.024859491386256316, 0.44963268842268056], "k_pid_alt": [1.4458679973838424, 0.0, 0.13294310327404035], "k_pid_att": [39.447728079683905, 3.8677381495188174, 0.1432438844471683], "k_pid_yaw": [0.5, 1e-06, 0.1], "k_pid_hsp": [0.09847755819799779, 0.011264223901387349, 0.0], "k_pid_vsp": [146.93843233531743, 93.09285943774285, 10.0]}, "datetime": {"datetime": "2025-08-13 15:22:05", "elapsed": 20053.784548521042, "delta": 19.860328674316406}, "costs": {"total_cost": 192.67145632047385, "time_cost": 70.231, "final_distance_cost": 1.8149768676082167, "oscillation_cost": 28.828771117150662, "completition_cost": 0.0, "overshoot_cost": 51.38897738657557, "power_cost": 20.36194216308594, "noise_cost": 20.04578878605346, "n_waypoints_completed": 9, "tot_waypoints": 9}}
{"target": -183.72867181322158, "params": {"k_pid_pos": [1.4340672435785011, 0.024859491386256316, 0.8519347702918288], "k_pid_alt": [1.4458679973838424, 0.0, 0.3146878632891922], "k_pid_att": [43.948176657889235, 0.18205753750414305, 0.34464953207076743], "k_pid_yaw": [0.5, 1e-06, 0.1], "k_pid_hsp": [0.09847755819799779, 0.011264223901387349, 0.0], "k_pid_vsp": [277.2708477836043, 93.09285943774285, 10.0]}, "datetime": {"datetime": "2025-08-13 15:22:24", "elapsed": 20072.455408096313, "delta": 18.670859575271606}, "costs": {"total_cost": 183.72867181322158, "time_cost": 70.574, "final_distance_cost": 1.8283003410747802, "oscillation_cost": 27.55221784881599, "completition_cost": 0.0, "overshoot_cost": 50.68346700652756, "power_cost": 14.818342504882812, "noise_cost": 18.272344111920447, "n_waypoints_completed": 9, "tot_waypoints": 9}}
{"target": -182.2028308904887, "params": {"k_pid_pos": [1.4340672435785011, 0.024859491386256316, 0.8519347702918288], "k_pid_alt": [1.4458679973838424, 0.0, 0.3146878632891922], "k_pid_att": [43.948176657889235, 0.18205753750414305, 0.34464953207076743], "k_pid_yaw": [0.5, 1e-06, 0.1], "k_pid_hsp": [0.09847755819799779, 0.011264223901387349, 0.0], "k_pid_vsp": [86.28438231591274, 156.73508457218338, 10.0]}, "datetime": {"datetime": "2025-08-13 15:22:43", "elapsed": 20091.472885370255, "delta": 19.01747727394104}, "costs": {"total_cost": 182.2028308904887, "time_cost": 70.392, "final_distance_cost": 1.8391162290928484, "oscillation_cost": 27.669882224160762, "completition_cost": 0.0, "overshoot_cost": 50.245359017295605, "power_cost": 12.882725451660157, "noise_cost": 19.173747968279354, "n_waypoints_completed": 9, "tot_waypoints": 9}}
{"target": -202.6567017665324, "params": {"k_pid_pos": [0.9382506112798048, 0.17490998158808135, 0.8519347702918288], "k_pid_alt": [1.4458679973838424, 0.16763628571194666, 0.3146878632891922], "k_pid_att": [39.447728079683905, 8.039636722459171, 0.8257697299075593], "k_pid_yaw": [0.5, 1e-06, 0.1], "k_pid_hsp": [0.09847755819799779, 0.011264223901387349, 0.0], "k_pid_vsp": [366.9222945638871, 59.82240868669444, 21.011196465382298]}, "datetime": {"datetime": "2025-08-13 15:23:10", "elapsed": 20118.401577949524, "delta": 26.92869257926941}, "costs": {"total_cost": 202.6567017665324, "time_cost": 86.436, "final_distance_cost": 1.7598361394730726, "oscillation_cost": 25.788937922948286, "completition_cost": 0.0, "overshoot_cost": 52.96131832177243, "power_cost": 17.746703942871093, "noise_cost": 17.963905439467474, "n_waypoints_completed": 9, "tot_waypoints": 9}}
{"target": -689.0642473737075, "params": {"k_pid_pos": [0.2095935789605647, 0.024859491386256316, 0.44963268842268056], "k_pid_alt": [1.9792988987850082, 0.0, 0.22260652447727036], "k_pid_att": [50.98074059285719, 3.8677381495188174, 0.8792759721912583], "k_pid_yaw": [0.5, 1e-06, 0.1], "k_pid_hsp": [1.212585439599864, 0.011264223901387349, 0.0], "k_pid_vsp": [194.7624155113164, 87.58200976551859, 10.0]}, "datetime": {"datetime": "2025-08-13 15:23:42", "elapsed": 20150.38641691208, "delta": 31.98483896255493}, "costs": {"total_cost": 689.0642473737075, "time_cost": 150, "final_distance_cost": 71.2095441160688, "oscillation_cost": 15.76195505705827, "completition_cost": 333.33333333333337, "overshoot_cost": 54.96534832323086, "power_cost": 33.122146325683595, "noise_cost": 30.67192021833261, "n_waypoints_completed": 6, "tot_waypoints": 9}}
{"target": -2129.2104114073118, "params": {"k_pid_pos": [1.4340672435785011, 0.024859491386256316, 0.4894518338289183], "k_pid_alt": [1.0304713630477362, 0.0, 0.3146878632891922], "k_pid_att": [43.948176657889235, 3.8677381495188174, 0.18356154715941053], "k_pid_yaw": [0.5, 1e-06, 0.1], "k_pid_hsp": [0.09847755819799779, 0.011264223901387349, 0.9639168783200247], "k_pid_vsp": [86.28438231591274, 156.73508457218338, 10.0]}, "datetime": {"datetime": "2025-08-13 15:24:15", "elapsed": 20183.29838848114, "delta": 32.91197156906128}, "costs": {"total_cost": 2129.2104114073118, "time_cost": 150, "final_distance_cost": 57.29784156419288, "oscillation_cost": 874.697757433185, "completition_cost": 888.8888888888888, "overshoot_cost": 86.6395619450403, "power_cost": 39.81678969726563, "noise_cost": 31.86957187873926, "n_waypoints_completed": 1, "tot_waypoints": 9}}
{"target": -192.006802471509, "params": {"k_pid_pos": [1.4340672435785011, 0.024859491386256316, 0.8519347702918288], "k_pid_alt": [1.4458679973838424, 0.0, 0.3146878632891922], "k_pid_att": [43.948176657889235, 0.18205753750414305, 0.34464953207076743], "k_pid_yaw": [0.5, 1e-06, 0.1], "k_pid_hsp": [0.22821344198103216, 0.011264223901387349, 0.0], "k_pid_vsp": [277.2708477836043, 93.09285943774285, 10.0]}, "datetime": {"datetime": "2025-08-13 15:24:33", "elapsed": 20201.810277700424, "delta": 18.511889219284058}, "costs": {"total_cost": 192.006802471509, "time_cost": 71.652, "final_distance_cost": 1.8471757932984296, "oscillation_cost": 27.543716542790992, "completition_cost": 0.0, "overshoot_cost": 51.20815823770015, "power_cost": 19.803886169433596, "noise_cost": 19.951865728285853, "n_waypoints_completed": 9, "tot_waypoints": 9}}
{"target": -191.31425557322189, "params": {"k_pid_pos": [1.4340672435785011, 0.024859491386256316, 0.4894518338289183], "k_pid_alt": [1.0304713630477362, 0.0, 0.3146878632891922], "k_pid_att": [43.948176657889235, 3.8677381495188174, 0.34464953207076743], "k_pid_yaw": [0.5, 1e-06, 0.1], "k_pid_hsp": [0.09847755819799779, 0.011264223901387349, 0.0], "k_pid_vsp": [86.28438231591274, 156.73508457218338, 10.0]}, "datetime": {"datetime": "2025-08-13 15:24:52", "elapsed": 20220.60881280899, "delta": 18.798535108566284}, "costs": {"total_cost": 191.31425557322189, "time_cost": 71.652, "final_distance_cost": 1.8147274420319712, "oscillation_cost": 29.07970655309867, "completition_cost": 0.0, "overshoot_cost": 50.79870726396993, "power_cost": 18.585130419921875, "noise_cost": 19.383983894199435, "n_waypoints_completed": 9, "tot_waypoints": 9}}
{"target": -1744.1432284029036, "params": {"k_pid_pos": [1.4340672435785011, 0.07627067030716383, 0.44963268842268056], "k_pid_alt": [1.4458679973838424, 0.0, 0.13294310327404035], "k_pid_att": [39.447728079683905, 3.8677381495188174, 0.8257697299075593], "k_pid_yaw": [0.5, 1e-06, 0.1], "k_pid_hsp": [0.09847755819799779, 0.011264223901387349, 0.40925506695826264], "k_pid_vsp": [277.2708477836043, 213.45582935365798, 10.0]}, "datetime": {"datetime": "2025-08-13 15:25:22", "elapsed": 20251.019704580307, "delta": 30.41089177131653}, "costs": {"total_cost": 1744.1432284029036, "time_cost": 150, "final_distance_cost": 90.23251299191105, "oscillation_cost": 665.5962429791283, "completition_cost": 666.6666666666667, "overshoot_cost": 105.32045463936765, "power_cost": 36.61405838623047, "noise_cost": 29.713292739599407, "n_waypoints_completed": 3, "tot_waypoints": 9}}
{"target": -184.69677629287162, "params": {"k_pid_pos": [1.733835489643198, 0.024859491386256316, 0.44963268842268056], "k_pid_alt": [1.4458679973838424, 0.0, 0.13294310327404035], "k_pid_att": [39.447728079683905, 3.8677381495188174, 0.6559199499296157], "k_pid_yaw": [0.5, 1e-06, 0.1], "k_pid_hsp": [0.09847755819799779, 0.011264223901387349, 0.0], "k_pid_vsp": [17.18305095025783, 93.09285943774285, 10.0]}, "datetime": {"datetime": "2025-08-13 15:25:41", "elapsed": 20269.434019088745, "delta": 18.41431450843811}, "costs": {"total_cost": 184.69677629287162, "time_cost": 69.489, "final_distance_cost": 1.7747717085215335, "oscillation_cost": 31.319523603879404, "completition_cost": 0.0, "overshoot_cost": 51.08396684264149, "power_cost": 12.196035754394531, "noise_cost": 18.83347838343468, "n_waypoints_completed": 9, "tot_waypoints": 9}}
{"target": -188.18830782193643, "params": {"k_pid_pos": [1.4340672435785011, 0.024859491386256316, 0.44963268842268056], "k_pid_alt": [1.4458679973838424, 0.0, 0.22260652447727036], "k_pid_att": [50.98074059285719, 3.8677381495188174, 0.8257697299075593], "k_pid_yaw": [0.5, 1e-06, 0.1], "k_pid_hsp": [0.09847755819799779, 0.011264223901387349, 0.0], "k_pid_vsp": [366.9222945638871, 93.09285943774285, 10.0]}, "datetime": {"datetime": "2025-08-13 15:26:00", "elapsed": 20288.740253448486, "delta": 19.30623435974121}, "costs": {"total_cost": 188.18830782193643, "time_cost": 70.217, "final_distance_cost": 1.792558575871963, "oscillation_cost": 28.72179782599922, "completition_cost": 0.0, "overshoot_cost": 50.92696397348716, "power_cost": 18.159718859863283, "noise_cost": 18.370268586714797, "n_waypoints_completed": 9, "tot_waypoints": 9}}
{"target": -1919.6208113302198, "params": {"k_pid_pos": [1.4340672435785011, 0.024859491386256316, 0.44963268842268056], "k_pid_alt": [1.4458679973838424, 0.0, 0.7749404481107842], "k_pid_att": [39.447728079683905, 3.8677381495188174, 0.8257697299075593], "k_pid_yaw": [0.5, 1e-06, 0.1], "k_pid_hsp": [4.066255630446676, 0.011264223901387349, 0.0], "k_pid_vsp": [185.9606824206132, 93.09285943774285, 358.9600729545887]}, "datetime": {"datetime": "2025-08-13 15:26:33", "elapsed": 20321.516985416412, "delta": 32.776731967926025}, "costs": {"total_cost": 1919.6208113302198, "time_cost": 150, "final_distance_cost": 321.2105699012561, "oscillation_cost": 19.104873732008432, "completition_cost": 888.8888888888888, "overshoot_cost": 474.9557303386582, "power_cost": 26.79599998779297, "noise_cost": 38.66474848161503, "n_waypoints_completed": 1, "tot_waypoints": 9}}
{"target": -183.59327936859603, "params": {"k_pid_pos": [1.4340672435785011, 0.024859491386256316, 0.8519347702918288], "k_pid_alt": [1.4458679973838424, 0.0, 0.3146878632891922], "k_pid_att": [43.948176657889235, 0.18205753750414305, 0.34464953207076743], "k_pid_yaw": [0.5, 1e-06, 0.1], "k_pid_hsp": [0.09847755819799779, 0.011264223901387349, 0.0], "k_pid_vsp": [277.2708477836043, 93.09285943774285, 10.0]}, "datetime": {"datetime": "2025-08-13 15:26:52", "elapsed": 20340.534568309784, "delta": 19.017582893371582}, "costs": {"total_cost": 183.59327936859603, "time_cost": 70.574, "final_distance_cost": 1.8326850838489936, "oscillation_cost": 27.46957393790884, "completition_cost": 0.0, "overshoot_cost": 50.73857561029006, "power_cost": 14.543004028320313, "noise_cost": 18.4354407082278, "n_waypoints_completed": 9, "tot_waypoints": 9}}
{"target": -272.811250666915, "params": {"k_pid_pos": [1.4340672435785011, 0.9973081004456583, 0.44963268842268056], "k_pid_alt": [1.4458679973838424, 0.0, 0.13294310327404035], "k_pid_att": [39.447728079683905, 3.8677381495188174, 0.6426065009168366], "k_pid_yaw": [0.5, 1e-06, 0.1], "k_pid_hsp": [0.09847755819799779, 0.011264223901387349, 0.0], "k_pid_vsp": [17.18305095025783, 102.7157397860675, 10.0]}, "datetime": {"datetime": "2025-08-13 15:27:19", "elapsed": 20367.786911725998, "delta": 27.25234341621399}, "costs": {"total_cost": 272.811250666915, "time_cost": 105.11200000000001, "final_distance_cost": 1.797751352740339, "oscillation_cost": 48.26249546687548, "completition_cost": 0.0, "overshoot_cost": 59.14272650477836, "power_cost": 28.97866569824219, "noise_cost": 29.517611644278603, "n_waypoints_completed": 9, "tot_waypoints": 9}}
{"target": -189.98427614347366, "params": {"k_pid_pos": [1.4340672435785011, 0.024859491386256316, 0.44963268842268056], "k_pid_alt": [1.4458679973838424, 0.0, 0.7749404481107842], "k_pid_att": [39.447728079683905, 3.8677381495188174, 0.8257697299075593], "k_pid_yaw": [0.5, 1e-06, 0.1], "k_pid_hsp": [0.09847755819799779, 0.011264223901387349, 0.0], "k_pid_vsp": [17.18305095025783, 93.09285943774285, 10.0]}, "datetime": {"datetime": "2025-08-13 15:27:38", "elapsed": 20386.258186340332, "delta": 18.471274614334106}, "costs": {"total_cost": 189.98427614347366, "time_cost": 71.281, "final_distance_cost": 1.7977610479820816, "oscillation_cost": 30.031448288637304, "completition_cost": 0.0, "overshoot_cost": 50.76686012772143, "power_cost": 17.414482934570312, "noise_cost": 18.692723744562514, "n_waypoints_completed": 9, "tot_waypoints": 9}}
{"target": -1280.9705958014597, "params": {"k_pid_pos": [1.4340672435785011, 0.024859491386256316, 0.44963268842268056], "k_pid_alt": [0.39303563678463904, 0.7782994567117663, 0.07734400225577898], "k_pid_att": [58.45879911684221, 3.8677381495188174, 0.1845336041603497], "k_pid_yaw": [0.5, 1e-06, 0.1], "k_pid_hsp": [0.09847755819799779, 0.5099699049722157, 0.0], "k_pid_vsp": [86.28438231591274, 156.73508457218338, 10.0]}, "datetime": {"datetime": "2025-08-13 15:28:15", "elapsed": 20423.315262317657, "delta": 37.05707597732544}, "costs": {"total_cost": 1280.9705958014597, "time_cost": 150, "final_distance_cost": 84.87824017502834, "oscillation_cost": 137.24855957273428, "completition_cost": 777.7777777777778, "overshoot_cost": 54.764167093558626, "power_cost": 41.01351697998047, "noise_cost": 35.28833420238018, "n_waypoints_completed": 2, "tot_waypoints": 9}}
{"target": -207.57134519279265, "params": {"k_pid_pos": [1.4340672435785011, 0.024859491386256316, 0.8519347702918288], "k_pid_alt": [1.4458679973838424, 0.0, 0.11578642527130634], "k_pid_att": [6.174354700882767, 1.5712076181287093, 0.8257697299075593], "k_pid_yaw": [0.5, 1e-06, 0.1], "k_pid_hsp": [0.09847755819799779, 0.011264223901387349, 0.0], "k_pid_vsp": [366.9222945638871, 93.09285943774285, 10.0]}, "datetime": {"datetime": "2025-08-13 15:28:34", "elapsed": 20442.4403860569, "delta": 19.125123739242554}, "costs": {"total_cost": 207.57134519279265, "time_cost": 73.521, "final_distance_cost": 1.8419463053338767, "oscillation_cost": 30.006238581370376, "completition_cost": 0.0, "overshoot_cost": 53.77834121234485, "power_cost": 25.697365478515625, "noise_cost": 22.726453615227904, "n_waypoints_completed": 9, "tot_waypoints": 9}}
{"target": -1734.0404331625834, "params": {"k_pid_pos": [0.8381452164077594, 0.16930403155433116, 0.30020629103650986], "k_pid_alt": [1.0304713630477362, 0.0, 0.3146878632891922], "k_pid_att": [43.948176657889235, 3.8677381495188174, 0.34464953207076743], "k_pid_yaw": [0.5, 1e-06, 0.1], "k_pid_hsp": [0.09847755819799779, 0.5113231558067851, 0.6773632664142749], "k_pid_vsp": [277.2708477836043, 93.09285943774285, 10.0]}, "datetime": {"datetime": "2025-08-13 15:29:07", "elapsed": 20475.53200531006, "delta": 33.09161925315857}, "costs": {"total_cost": 1734.0404331625834, "time_cost": 150, "final_distance_cost": 32.53288183889125, "oscillation_cost": 802.2366369588419, "completition_cost": 555.5555555555555, "overshoot_cost": 123.59908940122189, "power_cost": 39.16782487792969, "noise_cost": 30.948444530143117, "n_waypoints_completed": 4, "tot_waypoints": 9}}
