{"target": -226.72192774295422, "params": {"k_pid_pos": [1.4340672435785011, 0.7268439883298804, 0.704167472379422], "k_pid_alt": [1.4458679973838424, 0.0, 0.3146878632891922], "k_pid_att": [35.543488255586034, 0.18205753750414305, 0.73590781336997], "k_pid_yaw": [0.5, 1e-06, 0.1], "k_pid_hsp": [0.09847755819799779, 0.011264223901387349, 0.0], "k_pid_vsp": [251.5004449007475, 93.09285943774285, 10.0]}, "datetime": {"datetime": "2025-08-13 18:57:48", "elapsed": 32996.11288070679, "delta": 18.921655416488647}, "costs": {"total_cost": 226.72192774295422, "time_cost": 83.048, "final_distance_cost": 1.7732977266851313, "oscillation_cost": 31.76420178667624, "completition_cost": 0.0, "overshoot_cost": 54.752542670175266, "power_cost": 30.057743273925784, "noise_cost": 25.326142285491805, "n_waypoints_completed": 9, "tot_waypoints": 9}}
{"target": -182.46022861591155, "params": {"k_pid_pos": [1.6203022768980826, 0.06681891267873763, 0.9818093895928307], "k_pid_alt": [1.4458679973838424, 0.0, 0.3146878632891922], "k_pid_att": [29.46763110571006, 3.8677381495188174, 0.6559199499296157], "k_pid_yaw": [0.5, 1e-06, 0.1], "k_pid_hsp": [0.09847755819799779, 0.036551335399587326, 0.0], "k_pid_vsp": [251.5004449007475, 59.083466427248936, 10.0]}, "datetime": {"datetime": "2025-08-13 18:58:05", "elapsed": 33013.58298492432, "delta": 17.470104217529297}, "costs": {"total_cost": 182.46022861591155, "time_cost": 70.511, "final_distance_cost": 1.8394842884967206, "oscillation_cost": 30.997225524982962, "completition_cost": 0.0, "overshoot_cost": 50.535768248884125, "power_cost": 10.074704833984375, "noise_cost": 18.50204571956336, "n_waypoints_completed": 9, "tot_waypoints": 9}}
{"target": -1761.7090822372777, "params": {"k_pid_pos": [0.9548351168171885, 0.024859491386256316, 0.704167472379422], "k_pid_alt": [1.4458679973838424, 0.0, 0.3146878632891922], "k_pid_att": [35.543488255586034, 0.18205753750414305, 0.73590781336997], "k_pid_yaw": [0.5, 1e-06, 0.1], "k_pid_hsp": [0.09847755819799779, 0.011264223901387349, 0.7469279572267308], "k_pid_vsp": [251.5004449007475, 93.09285943774285, 10.0]}, "datetime": {"datetime": "2025-08-13 18:58:34", "elapsed": 33042.95753836632, "delta": 29.374553442001343}, "costs": {"total_cost": 1761.7090822372777, "time_cost": 150, "final_distance_cost": 95.50161107229145, "oscillation_cost": 677.595102287788, "completition_cost": 666.6666666666667, "overshoot_cost": 107.70060295834661, "power_cost": 34.98205931396485, "noise_cost": 29.263039938220196, "n_waypoints_completed": 3, "tot_waypoints": 9}}
{"target": -197.2850928070902, "params": {"k_pid_pos": [1.733835489643198, 0.024859491386256316, 0.9451257094832697], "k_pid_alt": [0.6990576723479807, 0.0, 0.7330244434240826], "k_pid_att": [29.46763110571006, 5.67849514865483, 0.6559199499296157], "k_pid_yaw": [0.5, 1e-06, 0.1], "k_pid_hsp": [0.09847755819799779, 0.011264223901387349, 0.0], "k_pid_vsp": [251.5004449007475, 178.623871307833, 10.0]}, "datetime": {"datetime": "2025-08-13 18:58:56", "elapsed": 33064.292909383774, "delta": 21.335371017456055}, "costs": {"total_cost": 197.2850928070902, "time_cost": 80.528, "final_distance_cost": 1.8604678353683293, "oscillation_cost": 29.476713317374575, "completition_cost": 0.0, "overshoot_cost": 51.3177963291933, "power_cost": 14.665247692871095, "noise_cost": 19.436867632282876, "n_waypoints_completed": 9, "tot_waypoints": 9}}
{"target": -198.42769467166437, "params": {"k_pid_pos": [1.4340672435785011, 0.3121290578928153, 0.8544707697037623], "k_pid_alt": [1.4458679973838424, 0.0, 0.6600607021214705], "k_pid_att": [39.447728079683905, 1.2832267695489696, 0.6559199499296157], "k_pid_yaw": [0.5, 1e-06, 0.1], "k_pid_hsp": [0.09847755819799779, 0.011264223901387349, 0.0], "k_pid_vsp": [78.76564955932119, 93.09285943774285, 10.0]}, "datetime": {"datetime": "2025-08-13 18:59:14", "elapsed": 33082.66364240646, "delta": 18.37073302268982}, "costs": {"total_cost": 198.42769467166437, "time_cost": 75.467, "final_distance_cost": 1.7983353500520791, "oscillation_cost": 27.301781540011028, "completition_cost": 0.0, "overshoot_cost": 51.769498894668395, "power_cost": 21.410279577636718, "noise_cost": 20.680799309296123, "n_waypoints_completed": 9, "tot_waypoints": 9}}
{"target": -192.92305939181827, "params": {"k_pid_pos": [1.733835489643198, 0.024859491386256316, 0.9451257094832697], "k_pid_alt": [1.4458679973838424, 0.0, 0.3146878632891922], "k_pid_att": [39.447728079683905, 9.862826079085128, 0.6559199499296157], "k_pid_yaw": [0.5, 1e-06, 0.1], "k_pid_hsp": [0.09847755819799779, 0.011264223901387349, 0.0], "k_pid_vsp": [264.9966777379314, 204.84203769155826, 94.22604015249657]}, "datetime": {"datetime": "2025-08-13 18:59:33", "elapsed": 33101.98291063309, "delta": 19.319268226623535}, "costs": {"total_cost": 192.92305939181827, "time_cost": 74.102, "final_distance_cost": 1.8379719997636985, "oscillation_cost": 28.144237582308207, "completition_cost": 0.0, "overshoot_cost": 53.52479516918349, "power_cost": 18.398773962402345, "noise_cost": 16.91528067816055, "n_waypoints_completed": 9, "tot_waypoints": 9}}
{"target": -196.98765250963478, "params": {"k_pid_pos": [1.6203022768980826, 0.4144180460981123, 0.8805880266982272], "k_pid_alt": [1.4458679973838424, 0.0, 0.8240637188070686], "k_pid_att": [29.46763110571006, 3.8677381495188174, 0.6559199499296157], "k_pid_yaw": [0.5, 1e-06, 0.1], "k_pid_hsp": [0.09847755819799779, 0.011264223901387349, 0.0], "k_pid_vsp": [251.5004449007475, 204.84203769155826, 10.0]}, "datetime": {"datetime": "2025-08-13 18:59:51", "elapsed": 33119.912888765335, "delta": 17.929978132247925}, "costs": {"total_cost": 196.98765250963478, "time_cost": 75.537, "final_distance_cost": 1.7742936948173396, "oscillation_cost": 28.88311831454769, "completition_cost": 0.0, "overshoot_cost": 51.01357348432543, "power_cost": 20.20964962158203, "noise_cost": 19.57001739436227, "n_waypoints_completed": 9, "tot_waypoints": 9}}
{"target": -183.89906923648542, "params": {"k_pid_pos": [1.733835489643198, 0.024859491386256316, 0.9451257094832697], "k_pid_alt": [1.4458679973838424, 0.0, 0.3146878632891922], "k_pid_att": [29.46763110571006, 5.67849514865483, 0.6559199499296157], "k_pid_yaw": [0.5, 1e-06, 0.1], "k_pid_hsp": [0.09847755819799779, 0.011264223901387349, 0.0], "k_pid_vsp": [251.5004449007475, 59.083466427248936, 10.0]}, "datetime": {"datetime": "2025-08-13 19:00:09", "elapsed": 33137.28388118744, "delta": 17.370992422103882}, "costs": {"total_cost": 183.89906923648542, "time_cost": 70.119, "final_distance_cost": 1.8272833209107484, "oscillation_cost": 28.36775609015837, "completition_cost": 0.0, "overshoot_cost": 50.7706325768413, "power_cost": 14.680918371582033, "noise_cost": 18.133478876992974, "n_waypoints_completed": 9, "tot_waypoints": 9}}
{"target": -193.0952992184933, "params": {"k_pid_pos": [1.6203022768980826, 0.06681891267873763, 0.9818093895928307], "k_pid_alt": [1.4458679973838424, 0.0, 0.3146878632891922], "k_pid_att": [29.46763110571006, 3.8677381495188174, 0.6559199499296157], "k_pid_yaw": [0.5, 1e-06, 0.1], "k_pid_hsp": [0.09847755819799779, 0.036551335399587326, 0.0], "k_pid_vsp": [251.5004449007475, 59.083466427248936, 10.0]}, "datetime": {"datetime": "2025-08-13 19:00:26", "elapsed": 33154.90903401375, "delta": 17.625152826309204}, "costs": {"total_cost": 193.0952992184933, "time_cost": 70.812, "final_distance_cost": 1.84690695337385, "oscillation_cost": 30.95386060500343, "completition_cost": 0.0, "overshoot_cost": 50.7326922149199, "power_cost": 19.343815039062502, "noise_cost": 19.40602440613365, "n_waypoints_completed": 9, "tot_waypoints": 9}}
{"target": -183.37670687688538, "params": {"k_pid_pos": [1.6482342715797629, 0.024859491386256316, 0.8544707697037623], "k_pid_alt": [1.4458679973838424, 0.0, 0.6600607021214705], "k_pid_att": [39.447728079683905, 0.18205753750414305, 0.73590781336997], "k_pid_yaw": [0.5, 1e-06, 0.1], "k_pid_hsp": [0.09847755819799779, 0.011264223901387349, 0.0], "k_pid_vsp": [33.09370770872002, 59.083466427248936, 10.0]}, "datetime": {"datetime": "2025-08-13 19:00:43", "elapsed": 33171.37368416786, "delta": 16.46465015411377}, "costs": {"total_cost": 183.37670687688538, "time_cost": 70.595, "final_distance_cost": 1.8301824313877721, "oscillation_cost": 27.92256393216026, "completition_cost": 0.0, "overshoot_cost": 50.73470367543589, "power_cost": 13.62974090576172, "noise_cost": 18.664515932139754, "n_waypoints_completed": 9, "tot_waypoints": 9}}
{"target": -217.357617660398, "params": {"k_pid_pos": [1.4340672435785011, 0.024859491386256316, 0.6191875473523993], "k_pid_alt": [1.4458679973838424, 0.0, 0.3146878632891922], "k_pid_att": [35.543488255586034, 0.18205753750414305, 0.73590781336997], "k_pid_yaw": [0.5, 1e-06, 0.1], "k_pid_hsp": [0.09847755819799779, 0.011264223901387349, 0.0], "k_pid_vsp": [264.9966777379314, 204.84203769155826, 206.9437479236661]}, "datetime": {"datetime": "2025-08-13 19:01:04", "elapsed": 33192.87877869606, "delta": 21.505094528198242}, "costs": {"total_cost": 217.357617660398, "time_cost": 87.493, "final_distance_cost": 1.856438661290311, "oscillation_cost": 30.139691053574875, "completition_cost": 0.0, "overshoot_cost": 63.36317945739791, "power_cost": 17.4528974609375, "noise_cost": 17.05241102719742, "n_waypoints_completed": 9, "tot_waypoints": 9}}
{"target": -459.07498235685904, "params": {"k_pid_pos": [1.6203022768980826, 0.06681891267873763, 0.9818093895928307], "k_pid_alt": [1.7006099199531768, 0.0, 0.3146878632891922], "k_pid_att": [29.46763110571006, 3.8677381495188174, 0.4697579174852792], "k_pid_yaw": [0.5, 1e-06, 0.1], "k_pid_hsp": [7.898338047893953, 0.036551335399587326, 0.4996947135958536], "k_pid_vsp": [251.5004449007475, 59.083466427248936, 10.0]}, "datetime": {"datetime": "2025-08-13 19:01:22", "elapsed": 33210.748885154724, "delta": 17.87010645866394}, "costs": {"total_cost": 459.07498235685904, "time_cost": 72.471, "final_distance_cost": 1.813746688617631, "oscillation_cost": 294.35986337567516, "completition_cost": 0.0, "overshoot_cost": 51.08017678366417, "power_cost": 18.85980076904297, "noise_cost": 20.490394739859106, "n_waypoints_completed": 9, "tot_waypoints": 9}}
{"target": -194.88122553097497, "params": {"k_pid_pos": [1.733835489643198, 0.35569095490512004, 0.704167472379422], "k_pid_alt": [1.477768752937916, 0.0, 0.7593723261584083], "k_pid_att": [39.447728079683905, 2.6889016979653872, 0.6559199499296157], "k_pid_yaw": [0.5, 1e-06, 0.1], "k_pid_hsp": [0.09847755819799779, 0.011264223901387349, 0.0], "k_pid_vsp": [391.61348087291753, 93.09285943774285, 10.0]}, "datetime": {"datetime": "2025-08-13 19:01:40", "elapsed": 33228.79783368111, "delta": 18.048948526382446}, "costs": {"total_cost": 194.88122553097497, "time_cost": 75.012, "final_distance_cost": 1.786904747225161, "oscillation_cost": 30.260772992683744, "completition_cost": 0.0, "overshoot_cost": 50.99902481221221, "power_cost": 18.615143676757814, "noise_cost": 18.207379302096026, "n_waypoints_completed": 9, "tot_waypoints": 9}}
{"target": -197.22948839124322, "params": {"k_pid_pos": [1.9403883066526342, 0.024859491386256316, 0.704167472379422], "k_pid_alt": [1.477768752937916, 0.0, 0.6600607021214705], "k_pid_att": [9.01694976284977, 0.5720022164256566, 0.11689683853528843], "k_pid_yaw": [0.5, 1e-06, 0.1], "k_pid_hsp": [0.09847755819799779, 0.011264223901387349, 0.0], "k_pid_vsp": [387.1470188825909, 93.09285943774285, 10.0]}, "datetime": {"datetime": "2025-08-13 19:01:58", "elapsed": 33246.71160507202, "delta": 17.913771390914917}, "costs": {"total_cost": 197.22948839124322, "time_cost": 71.197, "final_distance_cost": 1.7753894700383592, "oscillation_cost": 30.358024024363495, "completition_cost": 0.0, "overshoot_cost": 51.779267940298006, "power_cost": 21.650042016601564, "noise_cost": 20.4697649399418, "n_waypoints_completed": 9, "tot_waypoints": 9}}
{"target": -188.3249606720811, "params": {"k_pid_pos": [1.733835489643198, 0.024859491386256316, 0.9451257094832697], "k_pid_alt": [1.4458679973838424, 0.0, 0.3146878632891922], "k_pid_att": [29.46763110571006, 5.67849514865483, 0.6559199499296157], "k_pid_yaw": [0.5, 1e-06, 0.1], "k_pid_hsp": [0.09847755819799779, 0.011264223901387349, 0.0], "k_pid_vsp": [251.5004449007475, 307.41944303395303, 10.0]}, "datetime": {"datetime": "2025-08-13 19:02:15", "elapsed": 33263.808779239655, "delta": 17.097174167633057}, "costs": {"total_cost": 188.3249606720811, "time_cost": 70.161, "final_distance_cost": 1.828830947666905, "oscillation_cost": 28.55107899227691, "completition_cost": 0.0, "overshoot_cost": 50.62543102654281, "power_cost": 18.70261046142578, "noise_cost": 18.45600924416866, "n_waypoints_completed": 9, "tot_waypoints": 9}}
{"target": -940.8929950463972, "params": {"k_pid_pos": [1.733835489643198, 0.7426549203646741, 0.704167472379422], "k_pid_alt": [1.7845667305757842, 0.0, 0.6600607021214705], "k_pid_att": [23.80494288559516, 2.6889016979653872, 0.6559199499296157], "k_pid_yaw": [0.5, 1e-06, 0.1], "k_pid_hsp": [0.09847755819799779, 0.826480075803284, 0.6325730157274954], "k_pid_vsp": [251.5004449007475, 59.083466427248936, 10.0]}, "datetime": {"datetime": "2025-08-13 19:02:45", "elapsed": 33293.298032045364, "delta": 29.48925280570984}, "costs": {"total_cost": 940.8929950463972, "time_cost": 150, "final_distance_cost": 48.54467291049576, "oscillation_cost": 485.24273465527114, "completition_cost": 111.11111111111116, "overshoot_cost": 82.98584813792384, "power_cost": 30.68141774902344, "noise_cost": 32.32721048257175, "n_waypoints_completed": 8, "tot_waypoints": 9}}
{"target": -199.48105329619074, "params": {"k_pid_pos": [1.6203022768980826, 0.5305213852260082, 0.9818093895928307], "k_pid_alt": [1.4458679973838424, 0.0, 0.10787213524592076], "k_pid_att": [29.46763110571006, 3.8677381495188174, 0.6559199499296157], "k_pid_yaw": [0.5, 1e-06, 0.1], "k_pid_hsp": [0.09847755819799779, 0.036551335399587326, 0.0], "k_pid_vsp": [251.5004449007475, 59.083466427248936, 10.0]}, "datetime": {"datetime": "2025-08-13 19:03:03", "elapsed": 33312.00330901146, "delta": 18.70527696609497}, "costs": {"total_cost": 199.48105329619074, "time_cost": 80.563, "final_distance_cost": 1.7894301587827526, "oscillation_cost": 32.79434549241772, "completition_cost": 0.0, "overshoot_cost": 51.504925819526335, "power_cost": 12.470264184570313, "noise_cost": 20.359087640893616, "n_waypoints_completed": 9, "tot_waypoints": 9}}
{"target": -1542.334998114858, "params": {"k_pid_pos": [1.733835489643198, 0.024859491386256316, 0.9451257094832697], "k_pid_alt": [1.8881273681718351, 0.6800129433604662, 0.3146878632891922], "k_pid_att": [39.447728079683905, 9.862826079085128, 0.6559199499296157], "k_pid_yaw": [0.5, 1e-06, 0.1], "k_pid_hsp": [0.09847755819799779, 0.011264223901387349, 0.27473298843389526], "k_pid_vsp": [264.9966777379314, 204.84203769155826, 94.22604015249657]}, "datetime": {"datetime": "2025-08-13 19:03:33", "elapsed": 33341.61877655983, "delta": 29.61546754837036}, "costs": {"total_cost": 1542.334998114858, "time_cost": 150, "final_distance_cost": 53.221417113489125, "oscillation_cost": 614.981737408322, "completition_cost": 555.5555555555555, "overshoot_cost": 95.29112221551408, "power_cost": 41.36092139892578, "noise_cost": 31.924244423051505, "n_waypoints_completed": 4, "tot_waypoints": 9}}
{"target": -188.55672107249794, "params": {"k_pid_pos": [1.8792899704868669, 0.024859491386256316, 0.9451257094832697], "k_pid_alt": [1.4458679973838424, 0.0, 0.3146878632891922], "k_pid_att": [29.46763110571006, 5.67849514865483, 0.6559199499296157], "k_pid_yaw": [0.5, 1e-06, 0.1], "k_pid_hsp": [0.09847755819799779, 0.011264223901387349, 0.0], "k_pid_vsp": [251.5004449007475, 216.29307082677042, 10.0]}, "datetime": {"datetime": "2025-08-13 19:03:51", "elapsed": 33359.2940261364, "delta": 17.675249576568604}, "costs": {"total_cost": 188.55672107249794, "time_cost": 70.0, "final_distance_cost": 1.8296075414886006, "oscillation_cost": 28.8394874478737, "completition_cost": 0.0, "overshoot_cost": 51.064445438441396, "power_cost": 18.545327001953126, "noise_cost": 18.277853642741132, "n_waypoints_completed": 9, "tot_waypoints": 9}}
{"target": -1017.1587026292772, "params": {"k_pid_pos": [1.733835489643198, 0.024859491386256316, 0.6757033497418591], "k_pid_alt": [1.4458679973838424, 0.0, 0.3146878632891922], "k_pid_att": [29.46763110571006, 4.442529064718983, 0.6559199499296157], "k_pid_yaw": [0.5, 1e-06, 0.1], "k_pid_hsp": [0.09847755819799779, 0.9207548104503314, 0.0], "k_pid_vsp": [251.5004449007475, 59.083466427248936, 141.47351125319997]}, "datetime": {"datetime": "2025-08-13 19:04:19", "elapsed": 33387.95202279091, "delta": 28.657996654510498}, "costs": {"total_cost": 1017.1587026292772, "time_cost": 150, "final_distance_cost": 42.280235786436656, "oscillation_cost": 139.43049272254564, "completition_cost": 555.5555555555555, "overshoot_cost": 61.81674712615438, "power_cost": 36.9384330078125, "noise_cost": 31.137238430772488, "n_waypoints_completed": 4, "tot_waypoints": 9}}
{"target": -207.57122229653513, "params": {"k_pid_pos": [1.733835489643198, 0.024859491386256316, 0.704167472379422], "k_pid_alt": [1.477768752937916, 0.0, 0.6600607021214705], "k_pid_att": [39.447728079683905, 0.18205753750414305, 0.73590781336997], "k_pid_yaw": [0.5, 1e-06, 0.1], "k_pid_hsp": [7.908118916304563, 0.011264223901387349, 0.0], "k_pid_vsp": [33.09370770872002, 59.083466427248936, 10.0]}, "datetime": {"datetime": "2025-08-13 19:04:37", "elapsed": 33405.1743414402, "delta": 17.222318649291992}, "costs": {"total_cost": 207.57122229653513, "time_cost": 70.252, "final_distance_cost": 1.841938108674921, "oscillation_cost": 49.732824357514644, "completition_cost": 0.0, "overshoot_cost": 50.25338086530249, "power_cost": 16.101554052734375, "noise_cost": 19.38952491230869, "n_waypoints_completed": 9, "tot_waypoints": 9}}
{"target": -196.32178824814446, "params": {"k_pid_pos": [1.6482342715797629, 0.024859491386256316, 0.8544707697037623], "k_pid_alt": [1.4458679973838424, 0.0, 0.6600607021214705], "k_pid_att": [9.01694976284977, 0.5720022164256566, 0.11689683853528843], "k_pid_yaw": [0.5, 1e-06, 0.1], "k_pid_hsp": [0.09847755819799779, 0.011264223901387349, 0.0], "k_pid_vsp": [387.1470188825909, 93.09285943774285, 10.0]}, "datetime": {"datetime": "2025-08-13 19:04:54", "elapsed": 33423.00826096535, "delta": 17.833919525146484}, "costs": {"total_cost": 196.32178824814446, "time_cost": 71.932, "final_distance_cost": 1.8262430585895562, "oscillation_cost": 28.1978847463367, "completition_cost": 0.0, "overshoot_cost": 52.01581260069108, "power_cost": 21.602597570800782, "noise_cost": 20.747250271726365, "n_waypoints_completed": 9, "tot_waypoints": 9}}
{"target": -189.41643973967, "params": {"k_pid_pos": [1.9403883066526342, 0.34174907670648524, 0.8821205660026245], "k_pid_alt": [1.4458679973838424, 0.0, 0.3146878632891922], "k_pid_att": [29.46763110571006, 3.8677381495188174, 0.6559199499296157], "k_pid_yaw": [0.5, 1e-06, 0.1], "k_pid_hsp": [0.09847755819799779, 0.036551335399587326, 0.0], "k_pid_vsp": [251.5004449007475, 59.083466427248936, 10.0]}, "datetime": {"datetime": "2025-08-13 19:05:12", "elapsed": 33441.03972220421, "delta": 18.031461238861084}, "costs": {"total_cost": 189.41643973967, "time_cost": 73.255, "final_distance_cost": 1.7753491654359288, "oscillation_cost": 33.01461773639508, "completition_cost": 0.0, "overshoot_cost": 50.682910343270464, "power_cost": 11.965854125976563, "noise_cost": 18.722708368591995, "n_waypoints_completed": 9, "tot_waypoints": 9}}
{"target": -190.92212195257417, "params": {"k_pid_pos": [1.733835489643198, 0.23755300683015446, 0.704167472379422], "k_pid_alt": [1.477768752937916, 0.0, 0.6600607021214705], "k_pid_att": [39.447728079683905, 3.8490583285537396, 0.6559199499296157], "k_pid_yaw": [0.5, 1e-06, 0.1], "k_pid_hsp": [0.09847755819799779, 0.011264223901387349, 0.0], "k_pid_vsp": [391.61348087291753, 93.09285943774285, 10.0]}, "datetime": {"datetime": "2025-08-13 19:05:30", "elapsed": 33458.34906053543, "delta": 17.309338331222534}, "costs": {"total_cost": 190.92212195257417, "time_cost": 73.661, "final_distance_cost": 1.809940617538999, "oscillation_cost": 30.005197874349985, "completition_cost": 0.0, "overshoot_cost": 51.15308033586839, "power_cost": 15.816965783691407, "noise_cost": 18.475937341125377, "n_waypoints_completed": 9, "tot_waypoints": 9}}
{"target": -206.38264177255792, "params": {"k_pid_pos": [1.4340672435785011, 0.43502179072678904, 0.704167472379422], "k_pid_alt": [1.4458679973838424, 0.0, 0.3146878632891922], "k_pid_att": [35.543488255586034, 0.18205753750414305, 0.73590781336997], "k_pid_yaw": [0.5, 1e-06, 0.1], "k_pid_hsp": [0.09847755819799779, 0.011264223901387349, 0.0], "k_pid_vsp": [251.5004449007475, 59.083466427248936, 10.0]}, "datetime": {"datetime": "2025-08-13 19:05:49", "elapsed": 33477.743892908096, "delta": 19.394832372665405}, "costs": {"total_cost": 206.38264177255792, "time_cost": 78.778, "final_distance_cost": 1.7933553740900263, "oscillation_cost": 28.8849004117949, "completition_cost": 0.0, "overshoot_cost": 53.35816328230364, "power_cost": 22.08586618652344, "noise_cost": 21.482356517845876, "n_waypoints_completed": 9, "tot_waypoints": 9}}
