{"target": -203.70336139177095, "params": {"k_pid_pos": [1.4340672435785011, 0.024859491386256316, 0.8519347702918288], "k_pid_alt": [1.4458679973838424, 0.0, 0.3146878632891922], "k_pid_att": [43.948176657889235, 3.6677428332793016, 0.03404765381520658], "k_pid_yaw": [0.5, 1e-06, 0.1], "k_pid_hsp": [1.2327241314931046, 0.011264223901387349, 0.0], "k_pid_vsp": [17.18305095025783, 59.82240868669444, 10.0]}, "datetime": {"datetime": "2025-08-13 16:07:52", "elapsed": 22801.042823076248, "delta": 18.472275733947754}, "costs": {"total_cost": 203.70336139177095, "time_cost": 71.694, "final_distance_cost": 1.8533472954193178, "oscillation_cost": 38.23029602401417, "completition_cost": 0.0, "overshoot_cost": 51.24137909940269, "power_cost": 19.98612908935547, "noise_cost": 20.698209883579292, "n_waypoints_completed": 9, "tot_waypoints": 9}}
{"target": -317.9751068332463, "params": {"k_pid_pos": [1.367080816728244, 0.024859491386256316, 0.8519347702918288], "k_pid_alt": [1.4458679973838424, 0.0, 0.3146878632891922], "k_pid_att": [43.948176657889235, 0.18205753750414305, 0.34464953207076743], "k_pid_yaw": [0.5, 1e-06, 0.1], "k_pid_hsp": [0.09847755819799779, 0.4277120965269141, 0.0], "k_pid_vsp": [17.18305095025783, 59.82240868669444, 10.0]}, "datetime": {"datetime": "2025-08-13 16:08:15", "elapsed": 22823.786379814148, "delta": 22.74355673789978}, "costs": {"total_cost": 317.9751068332463, "time_cost": 89.131, "final_distance_cost": 1.8531996496253815, "oscillation_cost": 112.86272126364106, "completition_cost": 0.0, "overshoot_cost": 57.33372021926603, "power_cost": 28.86846014404297, "noise_cost": 27.926005556670862, "n_waypoints_completed": 9, "tot_waypoints": 9}}
{"target": -188.05519562912878, "params": {"k_pid_pos": [1.4340672435785011, 0.024859491386256316, 0.8519347702918288], "k_pid_alt": [1.4458679973838424, 0.0, 0.3146878632891922], "k_pid_att": [43.948176657889235, 0.18205753750414305, 0.34464953207076743], "k_pid_yaw": [0.5, 1e-06, 0.1], "k_pid_hsp": [0.09847755819799779, 0.011264223901387349, 0.0], "k_pid_vsp": [277.2708477836043, 93.09285943774285, 10.0]}, "datetime": {"datetime": "2025-08-13 16:08:33", "elapsed": 22841.734372615814, "delta": 17.94799280166626}, "costs": {"total_cost": 188.05519562912878, "time_cost": 70.728, "final_distance_cost": 1.8323231894635517, "oscillation_cost": 27.177771327905734, "completition_cost": 0.0, "overshoot_cost": 51.30751737328339, "power_cost": 18.38964171142578, "noise_cost": 18.619942027050357, "n_waypoints_completed": 9, "tot_waypoints": 9}}
{"target": -190.76470305756828, "params": {"k_pid_pos": [1.4340672435785011, 0.024859491386256316, 0.8519347702918288], "k_pid_alt": [1.4458679973838424, 0.0, 0.3146878632891922], "k_pid_att": [42.28034808905181, 0.18205753750414305, 0.34464953207076743], "k_pid_yaw": [0.5, 1e-06, 0.1], "k_pid_hsp": [0.09847755819799779, 0.011264223901387349, 0.0], "k_pid_vsp": [277.2708477836043, 197.31441805153213, 10.0]}, "datetime": {"datetime": "2025-08-13 16:08:52", "elapsed": 22860.35610103607, "delta": 18.62172842025757}, "costs": {"total_cost": 190.76470305756828, "time_cost": 70.868, "final_distance_cost": 1.8368741452378303, "oscillation_cost": 26.988555568665692, "completition_cost": 0.0, "overshoot_cost": 50.95609350196437, "power_cost": 20.1398326171875, "noise_cost": 19.97534722451291, "n_waypoints_completed": 9, "tot_waypoints": 9}}
{"target": -185.8411441996671, "params": {"k_pid_pos": [1.4340672435785011, 0.024859491386256316, 0.8519347702918288], "k_pid_alt": [1.4458679973838424, 0.0, 0.3146878632891922], "k_pid_att": [22.261599542950584, 0.18205753750414305, 0.34464953207076743], "k_pid_yaw": [0.5, 1e-06, 0.1], "k_pid_hsp": [0.09847755819799779, 0.011264223901387349, 0.0], "k_pid_vsp": [277.2708477836043, 93.09285943774285, 10.0]}, "datetime": {"datetime": "2025-08-13 16:09:10", "elapsed": 22878.48981642723, "delta": 18.133715391159058}, "costs": {"total_cost": 185.8411441996671, "time_cost": 70.672, "final_distance_cost": 1.8262755303931184, "oscillation_cost": 27.28159294859682, "completition_cost": 0.0, "overshoot_cost": 50.53419464359593, "power_cost": 17.599136877441406, "noise_cost": 17.92794419963981, "n_waypoints_completed": 9, "tot_waypoints": 9}}
{"target": -190.40183500933782, "params": {"k_pid_pos": [1.4340672435785011, 0.5303319676020144, 0.9239049236577108], "k_pid_alt": [1.4458679973838424, 0.0, 0.3146878632891922], "k_pid_att": [48.26873903267956, 8.267881126176224, 0.34464953207076743], "k_pid_yaw": [0.5, 1e-06, 0.1], "k_pid_hsp": [0.09847755819799779, 0.011264223901387349, 0.0], "k_pid_vsp": [277.2708477836043, 93.09285943774285, 10.0]}, "datetime": {"datetime": "2025-08-13 16:09:30", "elapsed": 22898.50935101509, "delta": 20.019534587860107}, "costs": {"total_cost": 190.40183500933782, "time_cost": 74.46600000000001, "final_distance_cost": 1.8079619181980087, "oscillation_cost": 28.137807434867657, "completition_cost": 0.0, "overshoot_cost": 51.3919685536024, "power_cost": 15.098469934082033, "noise_cost": 19.49962716858771, "n_waypoints_completed": 9, "tot_waypoints": 9}}
{"target": -345.7284964839586, "params": {"k_pid_pos": [1.4340672435785011, 0.7951702038987456, 0.8519347702918288], "k_pid_alt": [1.4458679973838424, 0.0, 0.2497707977181448], "k_pid_att": [43.948176657889235, 0.18205753750414305, 0.34464953207076743], "k_pid_yaw": [0.5, 1e-06, 0.1], "k_pid_hsp": [0.09847755819799779, 0.44968036567381975, 0.0], "k_pid_vsp": [277.2708477836043, 93.09285943774285, 10.0]}, "datetime": {"datetime": "2025-08-13 16:09:58", "elapsed": 22926.439154863358, "delta": 27.9298038482666}, "costs": {"total_cost": 345.7284964839586, "time_cost": 103.929, "final_distance_cost": 1.8485643280843937, "oscillation_cost": 121.06890606404168, "completition_cost": 0.0, "overshoot_cost": 62.65089770968886, "power_cost": 23.412899719238283, "noise_cost": 32.818228662905376, "n_waypoints_completed": 9, "tot_waypoints": 9}}
{"target": -187.7649429741328, "params": {"k_pid_pos": [1.4340672435785011, 0.024859491386256316, 0.8519347702918288], "k_pid_alt": [1.4458679973838424, 0.0, 0.3146878632891922], "k_pid_att": [42.28034808905181, 0.18205753750414305, 0.34464953207076743], "k_pid_yaw": [0.5, 1e-06, 0.1], "k_pid_hsp": [0.09847755819799779, 0.011264223901387349, 0.0], "k_pid_vsp": [277.2708477836043, 197.31441805153213, 10.0]}, "datetime": {"datetime": "2025-08-13 16:10:16", "elapsed": 22944.25963973999, "delta": 17.82048487663269}, "costs": {"total_cost": 187.7649429741328, "time_cost": 70.595, "final_distance_cost": 1.843083251130602, "oscillation_cost": 27.412889993114153, "completition_cost": 0.0, "overshoot_cost": 50.65614655647895, "power_cost": 18.639614038085938, "noise_cost": 18.61820913532314, "n_waypoints_completed": 9, "tot_waypoints": 9}}
{"target": -229.39225866478634, "params": {"k_pid_pos": [1.733835489643198, 0.024859491386256316, 0.44963268842268056], "k_pid_alt": [1.4458679973838424, 0.0, 0.13294310327404035], "k_pid_att": [39.447728079683905, 8.932983788390587, 0.6559199499296157], "k_pid_yaw": [0.5, 1e-06, 0.1], "k_pid_hsp": [5.624087978379637, 0.011264223901387349, 0.0], "k_pid_vsp": [17.18305095025783, 300.6723471101404, 10.0]}, "datetime": {"datetime": "2025-08-13 16:10:34", "elapsed": 22962.174628019333, "delta": 17.91498827934265}, "costs": {"total_cost": 229.39225866478634, "time_cost": 68.691, "final_distance_cost": 1.8091305229413488, "oscillation_cost": 79.89092127526386, "completition_cost": 0.0, "overshoot_cost": 49.731622509424085, "power_cost": 12.202953479003908, "noise_cost": 17.066630878153155, "n_waypoints_completed": 9, "tot_waypoints": 9}}
{"target": -341.11707382919417, "params": {"k_pid_pos": [1.4340672435785011, 0.024859491386256316, 0.32789994363863884], "k_pid_alt": [1.4458679973838424, 0.0, 0.3146878632891922], "k_pid_att": [43.948176657889235, 0.18205753750414305, 0.15038183248814696], "k_pid_yaw": [0.5, 1e-06, 0.1], "k_pid_hsp": [0.09847755819799779, 0.3707642846192629, 0.0], "k_pid_vsp": [277.2708477836043, 93.09285943774285, 10.0]}, "datetime": {"datetime": "2025-08-13 16:11:01", "elapsed": 22989.431457042694, "delta": 27.256829023361206}, "costs": {"total_cost": 341.11707382919417, "time_cost": 104.027, "final_distance_cost": 1.8261234540010824, "oscillation_cost": 113.02565708628696, "completition_cost": 0.0, "overshoot_cost": 61.01910413258861, "power_cost": 30.70576776123047, "noise_cost": 30.513421395087075, "n_waypoints_completed": 9, "tot_waypoints": 9}}
{"target": -187.36215844812784, "params": {"k_pid_pos": [1.733835489643198, 0.024859491386256316, 0.44963268842268056], "k_pid_alt": [1.4458679973838424, 0.0, 0.13294310327404035], "k_pid_att": [39.447728079683905, 3.8677381495188174, 0.6559199499296157], "k_pid_yaw": [0.5, 1e-06, 0.1], "k_pid_hsp": [0.09847755819799779, 0.011264223901387349, 0.0], "k_pid_vsp": [200.4106445826773, 300.6723471101404, 10.0]}, "datetime": {"datetime": "2025-08-13 16:11:19", "elapsed": 23007.51602458954, "delta": 18.084567546844482}, "costs": {"total_cost": 187.36215844812784, "time_cost": 69.44, "final_distance_cost": 1.7711929702327376, "oscillation_cost": 31.02581442531149, "completition_cost": 0.0, "overshoot_cost": 50.77890798301443, "power_cost": 15.63433486328125, "noise_cost": 18.711908206287934, "n_waypoints_completed": 9, "tot_waypoints": 9}}
{"target": -181.5571824422083, "params": {"k_pid_pos": [1.4340672435785011, 0.024859491386256316, 0.8519347702918288], "k_pid_alt": [1.4458679973838424, 0.0, 0.3146878632891922], "k_pid_att": [43.948176657889235, 0.18205753750414305, 0.9125065750547853], "k_pid_yaw": [0.5, 1e-06, 0.1], "k_pid_hsp": [0.09847755819799779, 0.011264223901387349, 0.0], "k_pid_vsp": [67.06746789475653, 93.09285943774285, 10.0]}, "datetime": {"datetime": "2025-08-13 16:11:37", "elapsed": 23025.42774271965, "delta": 17.911718130111694}, "costs": {"total_cost": 181.5571824422083, "time_cost": 70.252, "final_distance_cost": 1.8391737741196799, "oscillation_cost": 27.066874710934634, "completition_cost": 0.0, "overshoot_cost": 50.11248722792909, "power_cost": 13.641084338378906, "noise_cost": 18.645562390846017, "n_waypoints_completed": 9, "tot_waypoints": 9}}
{"target": -192.18402117991053, "params": {"k_pid_pos": [1.9176378968916694, 0.024859491386256316, 0.44963268842268056], "k_pid_alt": [1.4458679973838424, 0.0, 0.6145304926431803], "k_pid_att": [39.447728079683905, 3.8677381495188174, 0.34464953207076743], "k_pid_yaw": [0.5, 1e-06, 0.1], "k_pid_hsp": [0.09847755819799779, 0.011264223901387349, 0.0], "k_pid_vsp": [284.5460512203246, 93.09285943774285, 10.0]}, "datetime": {"datetime": "2025-08-13 16:11:56", "elapsed": 23044.216597795486, "delta": 18.78885507583618}, "costs": {"total_cost": 192.18402117991053, "time_cost": 71.022, "final_distance_cost": 1.7869973385479296, "oscillation_cost": 31.456385397666427, "completition_cost": 0.0, "overshoot_cost": 51.42032729602881, "power_cost": 18.110042053222656, "noise_cost": 18.388269094444702, "n_waypoints_completed": 9, "tot_waypoints": 9}}
{"target": -573.2560666089461, "params": {"k_pid_pos": [1.367080816728244, 0.36499264706834744, 0.8519347702918288], "k_pid_alt": [0.2059594118716659, 0.0, 0.3146878632891922], "k_pid_att": [67.86739237565823, 3.8677381495188174, 0.34464953207076743], "k_pid_yaw": [0.5, 1e-06, 0.1], "k_pid_hsp": [0.09847755819799779, 0.011264223901387349, 0.0], "k_pid_vsp": [277.2708477836043, 93.09285943774285, 10.0]}, "datetime": {"datetime": "2025-08-13 16:12:26", "elapsed": 23074.395934343338, "delta": 30.179336547851562}, "costs": {"total_cost": 573.2560666089461, "time_cost": 150, "final_distance_cost": 67.53975232241395, "oscillation_cost": 27.017345280776443, "completition_cost": 222.2222222222222, "overshoot_cost": 48.66774437140768, "power_cost": 29.924675122070315, "noise_cost": 27.884327290055424, "n_waypoints_completed": 7, "tot_waypoints": 9}}
{"target": -241.416881878849, "params": {"k_pid_pos": [1.4340672435785011, 0.024859491386256316, 0.8519347702918288], "k_pid_alt": [1.4458679973838424, 0.0, 0.3146878632891922], "k_pid_att": [48.26873903267956, 8.267881126176224, 0.6559199499296157], "k_pid_yaw": [0.5, 1e-06, 0.1], "k_pid_hsp": [7.2506103715559185, 0.011264223901387349, 0.0], "k_pid_vsp": [44.58480459101759, 93.09285943774285, 10.0]}, "datetime": {"datetime": "2025-08-13 16:12:47", "elapsed": 23095.098818063736, "delta": 20.70288372039795}, "costs": {"total_cost": 241.416881878849, "time_cost": 81.536, "final_distance_cost": 1.8447911652614237, "oscillation_cost": 45.60605795587215, "completition_cost": 0.0, "overshoot_cost": 56.24720245774295, "power_cost": 30.20647626953125, "noise_cost": 25.97635403044123, "n_waypoints_completed": 9, "tot_waypoints": 9}}
{"target": -184.45628232666004, "params": {"k_pid_pos": [1.4340672435785011, 0.024859491386256316, 0.8519347702918288], "k_pid_alt": [1.4458679973838424, 0.0, 0.3146878632891922], "k_pid_att": [42.28034808905181, 0.18205753750414305, 0.34464953207076743], "k_pid_yaw": [0.5, 1e-06, 0.1], "k_pid_hsp": [0.09847755819799779, 0.011264223901387349, 0.0], "k_pid_vsp": [277.2708477836043, 197.31441805153213, 10.0]}, "datetime": {"datetime": "2025-08-13 16:13:04", "elapsed": 23112.667564868927, "delta": 17.56874680519104}, "costs": {"total_cost": 184.45628232666004, "time_cost": 70.686, "final_distance_cost": 1.833239875919369, "oscillation_cost": 27.355431325116122, "completition_cost": 0.0, "overshoot_cost": 50.41712451028719, "power_cost": 16.379242749023437, "noise_cost": 17.78524386631392, "n_waypoints_completed": 9, "tot_waypoints": 9}}
{"target": -1465.5585018662746, "params": {"k_pid_pos": [0.9099535497311482, 0.7250055444720932, 0.8519347702918288], "k_pid_alt": [1.4458679973838424, 0.9258024620299178, 0.3146878632891922], "k_pid_att": [43.948176657889235, 0.18205753750414305, 0.34464953207076743], "k_pid_yaw": [0.5, 1e-06, 0.1], "k_pid_hsp": [0.09847755819799779, 0.011264223901387349, 0.0], "k_pid_vsp": [226.26984466641142, 93.09285943774285, 247.7468655756112]}, "datetime": {"datetime": "2025-08-13 16:13:35", "elapsed": 23143.964738368988, "delta": 31.297173500061035}, "costs": {"total_cost": 1465.5585018662746, "time_cost": 150, "final_distance_cost": 6.873788582048137, "oscillation_cost": 5.177250225352265, "completition_cost": 1000.0, "overshoot_cost": 162.620640414313, "power_cost": 29.36433419189453, "noise_cost": 111.5224884526668, "n_waypoints_completed": 0, "tot_waypoints": 9}}
{"target": -186.25351939373795, "params": {"k_pid_pos": [1.4340672435785011, 0.024859491386256316, 0.44963268842268056], "k_pid_alt": [1.4458679973838424, 0.0, 0.13294310327404035], "k_pid_att": [39.447728079683905, 3.8677381495188174, 0.6559199499296157], "k_pid_yaw": [0.5, 1e-06, 0.1], "k_pid_hsp": [0.09847755819799779, 0.011264223901387349, 0.0], "k_pid_vsp": [160.3395904221712, 123.17615504689017, 10.0]}, "datetime": {"datetime": "2025-08-13 16:13:54", "elapsed": 23162.549756526947, "delta": 18.585018157958984}, "costs": {"total_cost": 186.25351939373795, "time_cost": 69.685, "final_distance_cost": 1.8046776100065651, "oscillation_cost": 28.918889493996016, "completition_cost": 0.0, "overshoot_cost": 50.828170794763466, "power_cost": 16.15171036376953, "noise_cost": 18.865071131202377, "n_waypoints_completed": 9, "tot_waypoints": 9}}
{"target": -187.0955548480008, "params": {"k_pid_pos": [1.733835489643198, 0.024859491386256316, 0.8519347702918288], "k_pid_alt": [1.4458679973838424, 0.0, 0.3146878632891922], "k_pid_att": [43.948176657889235, 0.18205753750414305, 0.34464953207076743], "k_pid_yaw": [0.5, 1e-06, 0.1], "k_pid_hsp": [0.09847755819799779, 0.011264223901387349, 0.0], "k_pid_vsp": [376.5747392387296, 93.09285943774285, 10.0]}, "datetime": {"datetime": "2025-08-13 16:14:14", "elapsed": 23182.53779578209, "delta": 19.988039255142212}, "costs": {"total_cost": 187.0955548480008, "time_cost": 70.427, "final_distance_cost": 1.8192730242126889, "oscillation_cost": 28.537027550578532, "completition_cost": 0.0, "overshoot_cost": 51.07104364289025, "power_cost": 17.36193942871094, "noise_cost": 17.87927120160838, "n_waypoints_completed": 9, "tot_waypoints": 9}}
{"target": -205.35526933696536, "params": {"k_pid_pos": [1.4340672435785011, 0.024859491386256316, 0.8519347702918288], "k_pid_alt": [1.4458679973838424, 0.0, 0.3146878632891922], "k_pid_att": [43.948176657889235, 3.6677428332793016, 0.03404765381520658], "k_pid_yaw": [0.5, 1e-06, 0.1], "k_pid_hsp": [1.2327241314931046, 0.011264223901387349, 0.0], "k_pid_vsp": [17.18305095025783, 59.82240868669444, 10.0]}, "datetime": {"datetime": "2025-08-13 16:14:34", "elapsed": 23202.795081853867, "delta": 20.257286071777344}, "costs": {"total_cost": 205.35526933696536, "time_cost": 72.779, "final_distance_cost": 1.8470668003301536, "oscillation_cost": 37.721049126089305, "completition_cost": 0.0, "overshoot_cost": 51.48350720908995, "power_cost": 20.824507226562503, "noise_cost": 20.700138974893438, "n_waypoints_completed": 9, "tot_waypoints": 9}}
{"target": -199.82607386145915, "params": {"k_pid_pos": [1.4340672435785011, 0.024859491386256316, 0.44963268842268056], "k_pid_alt": [1.4458679973838424, 0.0, 0.11578642527130634], "k_pid_att": [6.174354700882767, 3.917135097401164, 0.19921483509393956], "k_pid_yaw": [0.5, 1e-06, 0.1], "k_pid_hsp": [3.333190925918924, 0.011264223901387349, 0.0], "k_pid_vsp": [277.2708477836043, 93.09285943774285, 10.0]}, "datetime": {"datetime": "2025-08-13 16:14:56", "elapsed": 23224.432010889053, "delta": 21.636929035186768}, "costs": {"total_cost": 199.82607386145915, "time_cost": 69.699, "final_distance_cost": 1.8421629033636853, "oscillation_cost": 42.0086017228458, "completition_cost": 0.0, "overshoot_cost": 50.443627293735155, "power_cost": 17.515009997558593, "noise_cost": 18.31767194395592, "n_waypoints_completed": 9, "tot_waypoints": 9}}
{"target": -186.52629582503448, "params": {"k_pid_pos": [1.4340672435785011, 0.024859491386256316, 0.8519347702918288], "k_pid_alt": [1.4458679973838424, 0.0, 0.6600607021214705], "k_pid_att": [39.447728079683905, 3.8677381495188174, 0.5088498556215773], "k_pid_yaw": [0.5, 1e-06, 0.1], "k_pid_hsp": [0.09847755819799779, 0.011264223901387349, 0.0], "k_pid_vsp": [315.8089586555307, 93.09285943774285, 10.0]}, "datetime": {"datetime": "2025-08-13 16:15:17", "elapsed": 23245.49568963051, "delta": 21.063678741455078}, "costs": {"total_cost": 186.52629582503448, "time_cost": 71.687, "final_distance_cost": 1.8429521734695509, "oscillation_cost": 27.316550717498487, "completition_cost": 0.0, "overshoot_cost": 50.83071066804815, "power_cost": 16.497985656738283, "noise_cost": 18.35109660928001, "n_waypoints_completed": 9, "tot_waypoints": 9}}
{"target": -183.41871810709137, "params": {"k_pid_pos": [1.4164186877546903, 0.024859491386256316, 0.44963268842268056], "k_pid_alt": [1.4458679973838424, 0.0, 0.46972286414476394], "k_pid_att": [43.948176657889235, 0.18205753750414305, 0.34464953207076743], "k_pid_yaw": [0.5, 1e-06, 0.1], "k_pid_hsp": [0.09847755819799779, 0.011264223901387349, 0.0], "k_pid_vsp": [277.2708477836043, 93.09285943774285, 10.0]}, "datetime": {"datetime": "2025-08-13 16:15:38", "elapsed": 23266.271627664566, "delta": 20.775938034057617}, "costs": {"total_cost": 183.41871810709137, "time_cost": 70.44800000000001, "final_distance_cost": 1.8075669736901183, "oscillation_cost": 28.917562593053063, "completition_cost": 0.0, "overshoot_cost": 51.151522395785776, "power_cost": 13.012752929687501, "noise_cost": 18.081313214874896, "n_waypoints_completed": 9, "tot_waypoints": 9}}
{"target": -573.2482020689455, "params": {"k_pid_pos": [1.8528239617641062, 0.024859491386256316, 0.8519347702918288], "k_pid_alt": [0.19443302098434057, 0.0, 0.3146878632891922], "k_pid_att": [42.28034808905181, 0.18205753750414305, 0.34464953207076743], "k_pid_yaw": [0.5, 1e-06, 0.1], "k_pid_hsp": [0.09847755819799779, 0.011264223901387349, 0.0], "k_pid_vsp": [327.6162970060679, 352.38957012773386, 51.13297342368862]}, "datetime": {"datetime": "2025-08-13 16:16:13", "elapsed": 23301.637359142303, "delta": 35.36573147773743}, "costs": {"total_cost": 573.2482020689455, "time_cost": 150, "final_distance_cost": 68.68501564704432, "oscillation_cost": 29.607076280644765, "completition_cost": 222.2222222222222, "overshoot_cost": 48.48240704410517, "power_cost": 28.596962341308593, "noise_cost": 25.654518533620337, "n_waypoints_completed": 7, "tot_waypoints": 9}}
{"target": -496.31553572191757, "params": {"k_pid_pos": [1.4340672435785011, 0.024859491386256316, 0.8519347702918288], "k_pid_alt": [1.4458679973838424, 0.0, 0.3146878632891922], "k_pid_att": [43.948176657889235, 0.18205753750414305, 0.34464953207076743], "k_pid_yaw": [0.5, 1e-06, 0.1], "k_pid_hsp": [5.837136346439943, 0.011264223901387349, 0.21418081882621387], "k_pid_vsp": [277.2708477836043, 93.09285943774285, 10.0]}, "datetime": {"datetime": "2025-08-13 16:16:33", "elapsed": 23321.748452186584, "delta": 20.111093044281006}, "costs": {"total_cost": 496.31553572191757, "time_cost": 72.639, "final_distance_cost": 1.8300962912799943, "oscillation_cost": 332.7844693748148, "completition_cost": 0.0, "overshoot_cost": 51.411872444459405, "power_cost": 18.006551953125, "noise_cost": 19.643545658238374, "n_waypoints_completed": 9, "tot_waypoints": 9}}
