{"target": -205.15381317560394, "params": {"k_pid_pos": [1.733835489643198, 0.41226481905908063, 0.416330797462678], "k_pid_alt": [1.5786606064986153, 0.0, 0.25938735764965193], "k_pid_att": [50.917657588734414, 7.347914484943822, 0.680058006373419], "k_pid_yaw": [0.5, 1e-06, 0.1], "k_pid_hsp": [0.09847755819799779, 0.011264223901387349, 0.0], "k_pid_vsp": [339.77333032584096, 57.93155354082285, 10.0]}, "datetime": {"datetime": "2025-08-13 23:06:50", "elapsed": 47938.231454610825, "delta": 17.853785514831543}, "costs": {"total_cost": 205.15381317560394, "time_cost": 74.914, "final_distance_cost": 1.7385139242472587, "oscillation_cost": 32.946707837184306, "completition_cost": 0.0, "overshoot_cost": 52.23398379830888, "power_cost": 21.957879406738282, "noise_cost": 21.36272820912523, "n_waypoints_completed": 9, "tot_waypoints": 9}}
{"target": -3347.2562834263967, "params": {"k_pid_pos": [1.4200659215445044, 0.024859491386256316, 0.9451257094832697], "k_pid_alt": [1.2072933116153153, 0.0, 0.053878507660848673], "k_pid_att": [72.04073384860645, 1.3662688108279974, 0.9623745068707039], "k_pid_yaw": [0.5, 1e-06, 0.1], "k_pid_hsp": [0.09847755819799779, 0.011264223901387349, 0.6712446444139886], "k_pid_vsp": [18.79289508575375, 163.66429167332532, 117.19951970595275]}, "datetime": {"datetime": "2025-08-13 23:07:19", "elapsed": 47967.97079014778, "delta": 29.739335536956787}, "costs": {"total_cost": 3347.2562834263967, "time_cost": 150, "final_distance_cost": 622.992080851876, "oscillation_cost": 746.9616218202276, "completition_cost": 1000.0, "overshoot_cost": 773.52208984835, "power_cost": 28.07183843994141, "noise_cost": 25.708652466001755, "n_waypoints_completed": 0, "tot_waypoints": 9}}
{"target": -187.75958631121273, "params": {"k_pid_pos": [1.733835489643198, 0.024859491386256316, 0.9451257094832697], "k_pid_alt": [1.5786606064986153, 0.0, 0.7248340866032845], "k_pid_att": [11.329609997636037, 1.1105074131954076, 0.261380462049589], "k_pid_yaw": [0.5, 1e-06, 0.1], "k_pid_hsp": [0.17225665165883555, 0.011264223901387349, 0.0], "k_pid_vsp": [62.17525342689419, 57.93155354082285, 10.0]}, "datetime": {"datetime": "2025-08-13 23:07:38", "elapsed": 47986.39872550964, "delta": 18.427935361862183}, "costs": {"total_cost": 187.75958631121273, "time_cost": 70.546, "final_distance_cost": 1.8459172038554938, "oscillation_cost": 28.61278560195071, "completition_cost": 0.0, "overshoot_cost": 50.36632929260001, "power_cost": 17.532057373046875, "noise_cost": 18.85649683975963, "n_waypoints_completed": 9, "tot_waypoints": 9}}
{"target": -187.0690987450132, "params": {"k_pid_pos": [1.733835489643198, 0.024859491386256316, 0.42495672118777295], "k_pid_alt": [1.85112020821355, 0.0, 0.23086984934879706], "k_pid_att": [25.06356558820614, 7.108257667389705, 0.07172816110251268], "k_pid_yaw": [0.5, 1e-06, 0.1], "k_pid_hsp": [0.09847755819799779, 0.011264223901387349, 0.0], "k_pid_vsp": [305.67975269326223, 130.53254854158118, 10.0]}, "datetime": {"datetime": "2025-08-13 23:07:55", "elapsed": 48003.20266485214, "delta": 16.80393934249878}, "costs": {"total_cost": 187.0690987450132, "time_cost": 69.398, "final_distance_cost": 1.8076540322265142, "oscillation_cost": 32.23385650700547, "completition_cost": 0.0, "overshoot_cost": 50.65832544519971, "power_cost": 14.92260848388672, "noise_cost": 18.048654276694784, "n_waypoints_completed": 9, "tot_waypoints": 9}}
{"target": -180.4511666198895, "params": {"k_pid_pos": [1.733835489643198, 0.024859491386256316, 0.9451257094832697], "k_pid_alt": [1.5786606064986153, 0.0, 0.23086984934879706], "k_pid_att": [23.08752834258585, 4.077532668255645, 0.261380462049589], "k_pid_yaw": [0.5, 1e-06, 0.1], "k_pid_hsp": [0.17225665165883555, 0.011264223901387349, 0.0], "k_pid_vsp": [237.37114527084637, 57.93155354082285, 10.0]}, "datetime": {"datetime": "2025-08-13 23:08:13", "elapsed": 48021.6767013073, "delta": 18.47403645515442}, "costs": {"total_cost": 180.4511666198895, "time_cost": 69.412, "final_distance_cost": 1.8447412884829837, "oscillation_cost": 28.93647101678328, "completition_cost": 0.0, "overshoot_cost": 50.11790823901408, "power_cost": 11.368721423339844, "noise_cost": 18.771324652269332, "n_waypoints_completed": 9, "tot_waypoints": 9}}
{"target": -198.63331727124228, "params": {"k_pid_pos": [0.6766360078800605, 0.0822904257601288, 0.9451257094832697], "k_pid_alt": [1.5786606064986153, 0.9190004771393835, 0.053878507660848673], "k_pid_att": [29.46763110571006, 9.874008014726847, 0.680058006373419], "k_pid_yaw": [0.5, 1e-06, 0.1], "k_pid_hsp": [0.09847755819799779, 0.011264223901387349, 0.0], "k_pid_vsp": [387.81499297641176, 57.93155354082285, 10.0]}, "datetime": {"datetime": "2025-08-13 23:08:33", "elapsed": 48041.661323070526, "delta": 19.98462176322937}, "costs": {"total_cost": 198.63331727124228, "time_cost": 84.651, "final_distance_cost": 1.8131835013695081, "oscillation_cost": 22.55453230988126, "completition_cost": 0.0, "overshoot_cost": 53.83443128356183, "power_cost": 16.660214404296877, "noise_cost": 19.11995577213282, "n_waypoints_completed": 9, "tot_waypoints": 9}}
{"target": -207.67433714841346, "params": {"k_pid_pos": [1.733835489643198, 0.024859491386256316, 0.9451257094832697], "k_pid_alt": [1.5786606064986153, 0.25318577007700516, 0.23086984934879706], "k_pid_att": [23.08752834258585, 4.077532668255645, 0.261380462049589], "k_pid_yaw": [0.5, 1e-06, 0.1], "k_pid_hsp": [0.17225665165883555, 0.011264223901387349, 0.0], "k_pid_vsp": [305.67975269326223, 130.53254854158118, 10.0]}, "datetime": {"datetime": "2025-08-13 23:08:55", "elapsed": 48063.36043214798, "delta": 21.699109077453613}, "costs": {"total_cost": 207.67433714841346, "time_cost": 82.621, "final_distance_cost": 1.808822519502631, "oscillation_cost": 29.46983763712573, "completition_cost": 0.0, "overshoot_cost": 51.41573017957554, "power_cost": 21.37192869873047, "noise_cost": 20.987018113479092, "n_waypoints_completed": 9, "tot_waypoints": 9}}
{"target": -798.020713455168, "params": {"k_pid_pos": [1.733835489643198, 0.024859491386256316, 0.42495672118777295], "k_pid_alt": [1.85112020821355, 0.0, 0.23086984934879706], "k_pid_att": [25.06356558820614, 4.2484062323494, 0.680058006373419], "k_pid_yaw": [0.5, 1e-06, 0.1], "k_pid_hsp": [0.09847755819799779, 0.45355930965991464, 0.0], "k_pid_vsp": [305.67975269326223, 118.24276490396839, 10.0]}, "datetime": {"datetime": "2025-08-13 23:09:26", "elapsed": 48094.15296339989, "delta": 30.79253125190735}, "costs": {"total_cost": 798.020713455168, "time_cost": 150, "final_distance_cost": 53.76853797479635, "oscillation_cost": 127.2514464207455, "completition_cost": 333.33333333333337, "overshoot_cost": 58.64705448852906, "power_cost": 39.391308300781255, "noise_cost": 35.629032936982405, "n_waypoints_completed": 6, "tot_waypoints": 9}}
{"target": -185.33044031623214, "params": {"k_pid_pos": [1.1837130645794225, 0.024859491386256316, 0.42495672118777295], "k_pid_alt": [1.688733796848813, 0.0, 0.5780287087253008], "k_pid_att": [25.06356558820614, 2.8711836120640575, 0.680058006373419], "k_pid_yaw": [0.5, 1e-06, 0.1], "k_pid_hsp": [0.09847755819799779, 0.011264223901387349, 0.0], "k_pid_vsp": [305.67975269326223, 130.53254854158118, 10.0]}, "datetime": {"datetime": "2025-08-13 23:09:43", "elapsed": 48111.203867673874, "delta": 17.050904273986816}, "costs": {"total_cost": 185.33044031623214, "time_cost": 70.455, "final_distance_cost": 1.822622693490531, "oscillation_cost": 27.293072391018296, "completition_cost": 0.0, "overshoot_cost": 50.600159686302085, "power_cost": 17.749569458007812, "noise_cost": 17.41001608741342, "n_waypoints_completed": 9, "tot_waypoints": 9}}
{"target": -193.17140504408695, "params": {"k_pid_pos": [1.733835489643198, 0.024859491386256316, 0.9451257094832697], "k_pid_alt": [1.5786606064986153, 0.0, 0.053878507660848673], "k_pid_att": [70.32367692400724, 5.6580295118978245, 0.261380462049589], "k_pid_yaw": [0.5, 1e-06, 0.1], "k_pid_hsp": [0.17225665165883555, 0.011264223901387349, 0.0], "k_pid_vsp": [25.602684686128807, 140.20834175906987, 10.0]}, "datetime": {"datetime": "2025-08-13 23:10:01", "elapsed": 48129.25225138664, "delta": 18.048383712768555}, "costs": {"total_cost": 193.17140504408695, "time_cost": 69.916, "final_distance_cost": 1.841994081095154, "oscillation_cost": 30.60369163131931, "completition_cost": 0.0, "overshoot_cost": 50.93126254353488, "power_cost": 20.051873876953128, "noise_cost": 19.8265829111845, "n_waypoints_completed": 9, "tot_waypoints": 9}}
{"target": -840.2314545400059, "params": {"k_pid_pos": [1.733835489643198, 0.024859491386256316, 0.9753488518740228], "k_pid_alt": [0.4752955706577131, 0.0, 0.7248340866032845], "k_pid_att": [11.329609997636037, 3.4126860594551975, 0.261380462049589], "k_pid_yaw": [0.5, 1e-06, 0.1], "k_pid_hsp": [0.17225665165883555, 0.8648168268977217, 0.0], "k_pid_vsp": [152.1284020564883, 310.3723599325286, 10.0]}, "datetime": {"datetime": "2025-08-13 23:10:31", "elapsed": 48159.24207210541, "delta": 29.98982071876526}, "costs": {"total_cost": 840.2314545400059, "time_cost": 150, "final_distance_cost": 72.54547913271539, "oscillation_cost": 152.7685566998641, "completition_cost": 333.33333333333337, "overshoot_cost": 60.60823974307119, "power_cost": 35.743011364746096, "noise_cost": 35.23283426627579, "n_waypoints_completed": 6, "tot_waypoints": 9}}
{"target": -191.67788236793928, "params": {"k_pid_pos": [1.733835489643198, 0.024859491386256316, 0.416330797462678], "k_pid_alt": [1.5786606064986153, 0.0, 0.25938735764965193], "k_pid_att": [50.917657588734414, 7.347914484943822, 0.680058006373419], "k_pid_yaw": [0.5, 1e-06, 0.1], "k_pid_hsp": [0.09847755819799779, 0.011264223901387349, 0.0], "k_pid_vsp": [305.67975269326223, 130.53254854158118, 10.0]}, "datetime": {"datetime": "2025-08-13 23:10:49", "elapsed": 48177.26668763161, "delta": 18.02461552619934}, "costs": {"total_cost": 191.67788236793928, "time_cost": 69.909, "final_distance_cost": 1.7777231147066648, "oscillation_cost": 30.80359183103983, "completition_cost": 0.0, "overshoot_cost": 51.31491635514431, "power_cost": 19.090798071289065, "noise_cost": 18.781852995759408, "n_waypoints_completed": 9, "tot_waypoints": 9}}
{"target": -188.53828273803163, "params": {"k_pid_pos": [1.733835489643198, 0.024859491386256316, 0.416330797462678], "k_pid_alt": [1.5786606064986153, 0.0, 0.25938735764965193], "k_pid_att": [50.917657588734414, 7.347914484943822, 0.3208883335954925], "k_pid_yaw": [0.5, 1e-06, 0.1], "k_pid_hsp": [0.09847755819799779, 0.011264223901387349, 0.0], "k_pid_vsp": [305.67975269326223, 130.53254854158118, 10.0]}, "datetime": {"datetime": "2025-08-13 23:11:05", "elapsed": 48193.74353671074, "delta": 16.47684907913208}, "costs": {"total_cost": 188.53828273803163, "time_cost": 69.839, "final_distance_cost": 1.7731460510934633, "oscillation_cost": 31.041250734188726, "completition_cost": 0.0, "overshoot_cost": 50.97315976627957, "power_cost": 16.786982556152346, "noise_cost": 18.12474363031753, "n_waypoints_completed": 9, "tot_waypoints": 9}}
{"target": -900.3927150962843, "params": {"k_pid_pos": [1.733835489643198, 0.0822904257601288, 0.5271164669865139], "k_pid_alt": [1.5786606064986153, 0.12522842473991602, 0.5933646034205271], "k_pid_att": [29.46763110571006, 5.6580295118978245, 0.9808211468183533], "k_pid_yaw": [0.5, 1e-06, 0.1], "k_pid_hsp": [2.957956300852597, 0.011264223901387349, 0.0], "k_pid_vsp": [305.67975269326223, 130.53254854158118, 278.9618327909841]}, "datetime": {"datetime": "2025-08-13 23:11:35", "elapsed": 48223.275936841965, "delta": 29.532400131225586}, "costs": {"total_cost": 900.3927150962843, "time_cost": 150, "final_distance_cost": 37.79175224529157, "oscillation_cost": 22.44539220297405, "completition_cost": 555.5555555555555, "overshoot_cost": 67.41563055891233, "power_cost": 29.597414978027345, "noise_cost": 37.58696955552345, "n_waypoints_completed": 4, "tot_waypoints": 9}}
{"target": -187.67931677624938, "params": {"k_pid_pos": [1.733835489643198, 0.0822904257601288, 0.9451257094832697], "k_pid_alt": [1.5786606064986153, 0.0, 0.053878507660848673], "k_pid_att": [29.46763110571006, 7.7877181803899305, 0.680058006373419], "k_pid_yaw": [0.5, 1e-06, 0.1], "k_pid_hsp": [0.09847755819799779, 0.011264223901387349, 0.0], "k_pid_vsp": [305.67975269326223, 130.53254854158118, 10.0]}, "datetime": {"datetime": "2025-08-13 23:11:53", "elapsed": 48241.95519423485, "delta": 18.6792573928833}, "costs": {"total_cost": 187.67931677624938, "time_cost": 69.615, "final_distance_cost": 1.83492575886436, "oscillation_cost": 28.002893656207746, "completition_cost": 0.0, "overshoot_cost": 50.90559788196165, "power_cost": 18.228307263183595, "noise_cost": 19.092592216032024, "n_waypoints_completed": 9, "tot_waypoints": 9}}
{"target": -180.74069816176797, "params": {"k_pid_pos": [1.402943601129983, 0.024859491386256316, 0.416330797462678], "k_pid_alt": [1.5786606064986153, 0.0, 0.25938735764965193], "k_pid_att": [11.329609997636037, 3.4126860594551975, 0.261380462049589], "k_pid_yaw": [0.5, 1e-06, 0.1], "k_pid_hsp": [0.17225665165883555, 0.011264223901387349, 0.0], "k_pid_vsp": [205.46647479918613, 130.53254854158118, 10.0]}, "datetime": {"datetime": "2025-08-13 23:12:09", "elapsed": 48257.92540407181, "delta": 15.970209836959839}, "costs": {"total_cost": 180.74069816176797, "time_cost": 68.67, "final_distance_cost": 1.8191328313230009, "oscillation_cost": 29.95170966402752, "completition_cost": 0.0, "overshoot_cost": 49.70802033699379, "power_cost": 12.352040283203126, "noise_cost": 18.239795046220504, "n_waypoints_completed": 9, "tot_waypoints": 9}}
{"target": -201.85867293163724, "params": {"k_pid_pos": [1.733835489643198, 0.024859491386256316, 0.9451257094832697], "k_pid_alt": [1.5873271883648092, 0.4149186621504757, 0.23086984934879706], "k_pid_att": [50.917657588734414, 5.6580295118978245, 0.9808211468183533], "k_pid_yaw": [0.5, 1e-06, 0.1], "k_pid_hsp": [0.09847755819799779, 0.011264223901387349, 0.0], "k_pid_vsp": [305.67975269326223, 1.6985791875978455, 10.0]}, "datetime": {"datetime": "2025-08-13 23:12:29", "elapsed": 48278.05122566223, "delta": 20.125821590423584}, "costs": {"total_cost": 201.85867293163724, "time_cost": 78.498, "final_distance_cost": 1.7518436396191575, "oscillation_cost": 29.16035233075509, "completition_cost": 0.0, "overshoot_cost": 52.94980469235608, "power_cost": 19.816187414550782, "noise_cost": 19.682484854356154, "n_waypoints_completed": 9, "tot_waypoints": 9}}
{"target": -808.2927310281714, "params": {"k_pid_pos": [1.1837130645794225, 0.024859491386256316, 0.42495672118777295], "k_pid_alt": [1.688733796848813, 0.0, 0.41195016711788457], "k_pid_att": [25.06356558820614, 3.4126860594551975, 0.261380462049589], "k_pid_yaw": [0.5, 1e-06, 0.1], "k_pid_hsp": [0.17225665165883555, 0.8931988642486959, 0.0], "k_pid_vsp": [152.1284020564883, 310.3723599325286, 10.0]}, "datetime": {"datetime": "2025-08-13 23:12:58", "elapsed": 48306.30899596214, "delta": 28.2577702999115}, "costs": {"total_cost": 808.2927310281714, "time_cost": 150, "final_distance_cost": 52.543862979069004, "oscillation_cost": 132.96285621907796, "completition_cost": 333.33333333333337, "overshoot_cost": 63.57584261616466, "power_cost": 39.78175969238281, "noise_cost": 36.09507618814354, "n_waypoints_completed": 6, "tot_waypoints": 9}}
{"target": -242.31770281474326, "params": {"k_pid_pos": [1.733835489643198, 0.024859491386256316, 0.416330797462678], "k_pid_alt": [1.5786606064986153, 0.0, 0.7248340866032845], "k_pid_att": [34.38754054706076, 2.8711836120640575, 0.680058006373419], "k_pid_yaw": [0.5, 1e-06, 0.1], "k_pid_hsp": [8.985399159737238, 0.011264223901387349, 0.0], "k_pid_vsp": [305.67975269326223, 130.53254854158118, 10.0]}, "datetime": {"datetime": "2025-08-13 23:13:17", "elapsed": 48325.543013334274, "delta": 19.234017372131348}, "costs": {"total_cost": 242.31770281474326, "time_cost": 72.492, "final_distance_cost": 1.8200154754495772, "oscillation_cost": 73.11552481357852, "completition_cost": 0.0, "overshoot_cost": 50.82618926631104, "power_cost": 22.894458984375, "noise_cost": 21.169514275029098, "n_waypoints_completed": 9, "tot_waypoints": 9}}
{"target": -1346.265315711551, "params": {"k_pid_pos": [1.4200659215445044, 0.5335459762000035, 0.9451257094832697], "k_pid_alt": [1.5786606064986153, 0.9096070218175075, 0.23086984934879706], "k_pid_att": [11.329609997636037, 3.4126860594551975, 0.261380462049589], "k_pid_yaw": [0.5, 1e-06, 0.1], "k_pid_hsp": [0.17225665165883555, 0.011264223901387349, 0.45873563564133535], "k_pid_vsp": [237.37114527084637, 57.93155354082285, 10.0]}, "datetime": {"datetime": "2025-08-13 23:13:48", "elapsed": 48356.329287052155, "delta": 30.78627371788025}, "costs": {"total_cost": 1346.265315711551, "time_cost": 150, "final_distance_cost": 42.19043361414393, "oscillation_cost": 439.1766002010024, "completition_cost": 555.5555555555555, "overshoot_cost": 94.7130190547818, "power_cost": 31.79694772949219, "noise_cost": 32.832759556575134, "n_waypoints_completed": 4, "tot_waypoints": 9}}
{"target": -225.99776666760448, "params": {"k_pid_pos": [1.733835489643198, 0.024859491386256316, 0.9256714136513439], "k_pid_alt": [1.5948082478141707, 0.0, 0.3546702372922743], "k_pid_att": [57.80223709971288, 2.6268748066440946, 0.680058006373419], "k_pid_yaw": [0.5, 1e-06, 0.1], "k_pid_hsp": [0.9256711796227903, 0.011264223901387349, 0.0], "k_pid_vsp": [305.67975269326223, 130.53254854158118, 143.51489313312365]}, "datetime": {"datetime": "2025-08-13 23:14:08", "elapsed": 48376.95146894455, "delta": 20.62218189239502}, "costs": {"total_cost": 225.99776666760448, "time_cost": 85.127, "final_distance_cost": 1.852068533974601, "oscillation_cost": 33.73227773364831, "completition_cost": 0.0, "overshoot_cost": 55.404337873708755, "power_cost": 25.751652185058596, "noise_cost": 24.13043034121425, "n_waypoints_completed": 9, "tot_waypoints": 9}}
{"target": -237.1715770944757, "params": {"k_pid_pos": [1.733835489643198, 0.024859491386256316, 0.9451257094832697], "k_pid_alt": [1.711661255621207, 0.0, 0.6983455985824785], "k_pid_att": [23.08752834258585, 3.539271160212227, 0.261380462049589], "k_pid_yaw": [0.5, 1e-06, 0.1], "k_pid_hsp": [0.17225665165883555, 0.011264223901387349, 0.0], "k_pid_vsp": [237.37114527084637, 57.93155354082285, 133.65931667042503]}, "datetime": {"datetime": "2025-08-13 23:14:32", "elapsed": 48400.90949821472, "delta": 23.95802927017212}, "costs": {"total_cost": 237.1715770944757, "time_cost": 94.01, "final_distance_cost": 1.8488396431753635, "oscillation_cost": 30.67942016728021, "completition_cost": 0.0, "overshoot_cost": 70.67952420483687, "power_cost": 20.997835412597656, "noise_cost": 18.955957666585583, "n_waypoints_completed": 9, "tot_waypoints": 9}}
{"target": -188.63911705471412, "params": {"k_pid_pos": [1.733835489643198, 0.024859491386256316, 0.9451257094832697], "k_pid_alt": [1.5786606064986153, 0.0, 0.7248340866032845], "k_pid_att": [11.329609997636037, 1.1105074131954076, 0.261380462049589], "k_pid_yaw": [0.5, 1e-06, 0.1], "k_pid_hsp": [0.17225665165883555, 0.011264223901387349, 0.0], "k_pid_vsp": [62.17525342689419, 57.93155354082285, 10.0]}, "datetime": {"datetime": "2025-08-13 23:14:51", "elapsed": 48419.388986587524, "delta": 18.479488372802734}, "costs": {"total_cost": 188.63911705471412, "time_cost": 70.497, "final_distance_cost": 1.8465160849484443, "oscillation_cost": 28.48936336661109, "completition_cost": 0.0, "overshoot_cost": 50.12743994508394, "power_cost": 18.772726306152343, "noise_cost": 18.9060713519183, "n_waypoints_completed": 9, "tot_waypoints": 9}}
{"target": -207.02253870538473, "params": {"k_pid_pos": [1.733835489643198, 0.024859491386256316, 0.9451257094832697], "k_pid_alt": [0.9020104990244227, 0.0, 0.7248340866032845], "k_pid_att": [97.15749504346589, 1.1105074131954076, 0.261380462049589], "k_pid_yaw": [0.5, 1e-06, 0.1], "k_pid_hsp": [0.17225665165883555, 0.011264223901387349, 0.0], "k_pid_vsp": [62.17525342689419, 57.93155354082285, 10.0]}, "datetime": {"datetime": "2025-08-13 23:15:09", "elapsed": 48437.629799604416, "delta": 18.24081301689148}, "costs": {"total_cost": 207.02253870538473, "time_cost": 76.86, "final_distance_cost": 1.8502751487971556, "oscillation_cost": 31.3749169346641, "completition_cost": 0.0, "overshoot_cost": 51.43056072761683, "power_cost": 23.419566406250002, "noise_cost": 22.08721948805666, "n_waypoints_completed": 9, "tot_waypoints": 9}}
{"target": -181.70562137530035, "params": {"k_pid_pos": [1.733835489643198, 0.024859491386256316, 0.9451257094832697], "k_pid_alt": [1.5786606064986153, 0.0, 0.23086984934879706], "k_pid_att": [23.08752834258585, 4.077532668255645, 0.261380462049589], "k_pid_yaw": [0.5, 1e-06, 0.1], "k_pid_hsp": [0.17225665165883555, 0.011264223901387349, 0.0], "k_pid_vsp": [237.37114527084637, 57.93155354082285, 10.0]}, "datetime": {"datetime": "2025-08-13 23:15:28", "elapsed": 48456.32826638222, "delta": 18.698466777801514}, "costs": {"total_cost": 181.70562137530035, "time_cost": 69.608, "final_distance_cost": 1.8468322348837491, "oscillation_cost": 28.8305253931685, "completition_cost": 0.0, "overshoot_cost": 50.11386148443612, "power_cost": 12.435382666015625, "noise_cost": 18.871019596796373, "n_waypoints_completed": 9, "tot_waypoints": 9}}
