{"target": -188.15837995841554, "params": {"k_pid_pos": [1.733835489643198, 0.10920718465865398, 0.9451257094832697], "k_pid_alt": [1.9294269632989844, 0.0, 0.3146878632891922], "k_pid_att": [94.76565117582825, 8.491440198406547, 0.6559199499296157], "k_pid_yaw": [0.5, 1e-06, 0.1], "k_pid_hsp": [0.09847755819799779, 0.041997352724737036, 0.0], "k_pid_vsp": [33.09370770872002, 44.88092472225945, 10.0]}, "datetime": {"datetime": "2025-08-13 19:40:47", "elapsed": 35575.41870164871, "delta": 17.809356451034546}, "costs": {"total_cost": 188.15837995841554, "time_cost": 70.028, "final_distance_cost": 1.841718908044132, "oscillation_cost": 32.001843161330505, "completition_cost": 0.0, "overshoot_cost": 50.58959839357141, "power_cost": 14.15525155029297, "noise_cost": 19.541967945176523, "n_waypoints_completed": 9, "tot_waypoints": 9}}
{"target": -206.52532195880806, "params": {"k_pid_pos": [1.733835489643198, 0.024859491386256316, 0.704167472379422], "k_pid_alt": [1.477768752937916, 0.0, 0.5135675105756947], "k_pid_att": [32.194164172814396, 3.449784554492145, 0.6559199499296157], "k_pid_yaw": [0.5, 1e-06, 0.1], "k_pid_hsp": [0.09847755819799779, 0.011264223901387349, 0.0], "k_pid_vsp": [251.5004449007475, 237.12935625335746, 10.0]}, "datetime": {"datetime": "2025-08-13 19:41:04", "elapsed": 35593.05276632309, "delta": 17.63406467437744}, "costs": {"total_cost": 206.52532195880806, "time_cost": 72.653, "final_distance_cost": 1.796789842155427, "oscillation_cost": 30.543893275721707, "completition_cost": 0.0, "overshoot_cost": 52.310133230562606, "power_cost": 26.392919470214846, "noise_cost": 22.828586140153487, "n_waypoints_completed": 9, "tot_waypoints": 9}}
{"target": -183.04338890894587, "params": {"k_pid_pos": [1.8792899704868669, 0.024859491386256316, 0.9451257094832697], "k_pid_alt": [1.4458679973838424, 0.0, 0.3146878632891922], "k_pid_att": [29.46763110571006, 5.67849514865483, 0.6559199499296157], "k_pid_yaw": [0.5, 1e-06, 0.1], "k_pid_hsp": [0.09847755819799779, 0.011264223901387349, 0.0], "k_pid_vsp": [29.96849041048857, 59.083466427248936, 10.0]}, "datetime": {"datetime": "2025-08-13 19:41:22", "elapsed": 35610.24047660828, "delta": 17.187710285186768}, "costs": {"total_cost": 183.04338890894587, "time_cost": 69.468, "final_distance_cost": 1.823687767666236, "oscillation_cost": 28.484868745999524, "completition_cost": 0.0, "overshoot_cost": 50.341195041189266, "power_cost": 14.254324035644531, "noise_cost": 18.671313318446305, "n_waypoints_completed": 9, "tot_waypoints": 9}}
{"target": -196.48145441608747, "params": {"k_pid_pos": [1.8034346552870686, 0.024859491386256316, 0.704167472379422], "k_pid_alt": [1.477768752937916, 0.00018965351824429266, 0.6600607021214705], "k_pid_att": [32.194164172814396, 2.6889016979653872, 0.6559199499296157], "k_pid_yaw": [0.5, 1e-06, 0.1], "k_pid_hsp": [0.09847755819799779, 0.011264223901387349, 0.0], "k_pid_vsp": [251.5004449007475, 59.083466427248936, 10.0]}, "datetime": {"datetime": "2025-08-13 19:41:40", "elapsed": 35628.24882698059, "delta": 18.008350372314453}, "costs": {"total_cost": 196.48145441608747, "time_cost": 71.694, "final_distance_cost": 1.800363558317189, "oscillation_cost": 28.944321005801296, "completition_cost": 0.0, "overshoot_cost": 51.8702374326553, "power_cost": 21.490971105957033, "noise_cost": 20.681561313356635, "n_waypoints_completed": 9, "tot_waypoints": 9}}
{"target": -197.1935499608714, "params": {"k_pid_pos": [1.733835489643198, 0.10920718465865398, 0.9451257094832697], "k_pid_alt": [1.9294269632989844, 0.0, 0.3146878632891922], "k_pid_att": [94.76565117582825, 8.491440198406547, 0.6559199499296157], "k_pid_yaw": [0.5, 1e-06, 0.1], "k_pid_hsp": [0.09847755819799779, 0.041997352724737036, 0.0], "k_pid_vsp": [33.09370770872002, 44.88092472225945, 10.0]}, "datetime": {"datetime": "2025-08-13 19:41:57", "elapsed": 35645.08545422554, "delta": 16.83662724494934}, "costs": {"total_cost": 197.1935499608714, "time_cost": 71.20400000000001, "final_distance_cost": 1.841433595929806, "oscillation_cost": 31.26702978107619, "completition_cost": 0.0, "overshoot_cost": 51.078193974288325, "power_cost": 20.934614099121095, "noise_cost": 20.86827851045599, "n_waypoints_completed": 9, "tot_waypoints": 9}}
{"target": -205.5186705504445, "params": {"k_pid_pos": [1.8034346552870686, 0.024859491386256316, 0.8020463410107419], "k_pid_alt": [1.477768752937916, 0.00018965351824429266, 0.6600607021214705], "k_pid_att": [32.194164172814396, 0.18205753750414305, 0.73590781336997], "k_pid_yaw": [0.5, 1e-06, 0.1], "k_pid_hsp": [0.09847755819799779, 0.11140066133917204, 0.0], "k_pid_vsp": [251.5004449007475, 59.083466427248936, 10.0]}, "datetime": {"datetime": "2025-08-13 19:42:14", "elapsed": 35662.69081950188, "delta": 17.60536527633667}, "costs": {"total_cost": 205.5186705504445, "time_cost": 72.016, "final_distance_cost": 1.8438159879162401, "oscillation_cost": 48.664588751581476, "completition_cost": 0.0, "overshoot_cost": 50.78964370779595, "power_cost": 13.176713488769533, "noise_cost": 19.027908614381293, "n_waypoints_completed": 9, "tot_waypoints": 9}}
{"target": -1374.1541222341402, "params": {"k_pid_pos": [0.27276780898604225, 0.024859491386256316, 0.704167472379422], "k_pid_alt": [1.477768752937916, 0.00018965351824429266, 0.6600607021214705], "k_pid_att": [35.543488255586034, 2.6889016979653872, 0.6559199499296157], "k_pid_yaw": [0.5, 1e-06, 0.1], "k_pid_hsp": [6.316118048276735, 0.011264223901387349, 0.0], "k_pid_vsp": [251.5004449007475, 59.083466427248936, 314.98831045767577]}, "datetime": {"datetime": "2025-08-13 19:42:43", "elapsed": 35691.9942984581, "delta": 29.303478956222534}, "costs": {"total_cost": 1374.1541222341402, "time_cost": 150, "final_distance_cost": 55.85388850169162, "oscillation_cost": 44.00946560364656, "completition_cost": 888.8888888888888, "overshoot_cost": 131.72149610211477, "power_cost": 29.75963602294922, "noise_cost": 73.92074711484928, "n_waypoints_completed": 1, "tot_waypoints": 9}}
{"target": -1841.1646691729868, "params": {"k_pid_pos": [1.733835489643198, 0.9080648804961846, 0.704167472379422], "k_pid_alt": [1.477768752937916, 0.0, 0.6600607021214705], "k_pid_att": [39.447728079683905, 9.545016992888707, 0.5627915745015433], "k_pid_yaw": [0.5, 1e-06, 0.1], "k_pid_hsp": [0.09847755819799779, 0.011264223901387349, 0.912652577932754], "k_pid_vsp": [251.5004449007475, 376.6167462867098, 10.0]}, "datetime": {"datetime": "2025-08-13 19:43:14", "elapsed": 35722.15048575401, "delta": 30.156187295913696}, "costs": {"total_cost": 1841.1646691729868, "time_cost": 150, "final_distance_cost": 97.81056921652213, "oscillation_cost": 744.4935201471858, "completition_cost": 666.6666666666667, "overshoot_cost": 126.36666852620716, "power_cost": 27.39913797607422, "noise_cost": 28.428106640330903, "n_waypoints_completed": 3, "tot_waypoints": 9}}
{"target": -244.56783010731164, "params": {"k_pid_pos": [1.8792899704868669, 0.2079371311167001, 0.9451257094832697], "k_pid_alt": [0.32001236622280804, 0.0, 0.3146878632891922], "k_pid_att": [54.227890723214855, 5.67849514865483, 0.7805480560107213], "k_pid_yaw": [0.5, 1e-06, 0.1], "k_pid_hsp": [0.09847755819799779, 0.011264223901387349, 0.0], "k_pid_vsp": [29.96849041048857, 140.03862743104432, 2.77343605205192]}, "datetime": {"datetime": "2025-08-13 19:43:39", "elapsed": 35747.47932934761, "delta": 25.328843593597412}, "costs": {"total_cost": 244.56783010731164, "time_cost": 106.61, "final_distance_cost": 1.8637683868035093, "oscillation_cost": 33.4994725549005, "completition_cost": 0.0, "overshoot_cost": 53.796940738662364, "power_cost": 19.042924511718752, "noise_cost": 29.75472391522652, "n_waypoints_completed": 9, "tot_waypoints": 9}}
{"target": -196.40571871752655, "params": {"k_pid_pos": [1.8792899704868669, 0.024859491386256316, 0.9451257094832697], "k_pid_alt": [1.4458679973838424, 0.0, 0.3146878632891922], "k_pid_att": [29.46763110571006, 1.1659524805595562, 0.6559199499296157], "k_pid_yaw": [0.5, 1e-06, 0.1], "k_pid_hsp": [4.854323649447895, 0.011264223901387349, 0.0], "k_pid_vsp": [29.96849041048857, 59.083466427248936, 10.0]}, "datetime": {"datetime": "2025-08-13 19:43:57", "elapsed": 35765.34586381912, "delta": 17.86653447151184}, "costs": {"total_cost": 196.40571871752655, "time_cost": 69.538, "final_distance_cost": 1.8466064392283466, "oscillation_cost": 40.19847893033979, "completition_cost": 0.0, "overshoot_cost": 50.188429192835805, "power_cost": 15.252707019042969, "noise_cost": 19.381497136079652, "n_waypoints_completed": 9, "tot_waypoints": 9}}
{"target": -189.31494779995666, "params": {"k_pid_pos": [1.8034346552870686, 0.08087462101852438, 0.704167472379422], "k_pid_alt": [1.477768752937916, 0.00018965351824429266, 0.6600607021214705], "k_pid_att": [32.194164172814396, 2.6889016979653872, 0.6559199499296157], "k_pid_yaw": [0.5, 1e-06, 0.1], "k_pid_hsp": [0.09847755819799779, 0.011264223901387349, 0.0], "k_pid_vsp": [251.5004449007475, 59.083466427248936, 10.0]}, "datetime": {"datetime": "2025-08-13 19:44:14", "elapsed": 35782.641464710236, "delta": 17.29560089111328}, "costs": {"total_cost": 189.31494779995666, "time_cost": 71.155, "final_distance_cost": 1.8030413170384882, "oscillation_cost": 29.48427497614931, "completition_cost": 0.0, "overshoot_cost": 51.127442029408925, "power_cost": 17.922620581054687, "noise_cost": 17.822568896305267, "n_waypoints_completed": 9, "tot_waypoints": 9}}
{"target": -191.13866403844335, "params": {"k_pid_pos": [1.8034346552870686, 0.024859491386256316, 0.704167472379422], "k_pid_alt": [1.477768752937916, 0.00018965351824429266, 0.6600607021214705], "k_pid_att": [32.194164172814396, 2.6889016979653872, 0.3297423310025197], "k_pid_yaw": [0.5, 1e-06, 0.1], "k_pid_hsp": [0.09847755819799779, 0.011264223901387349, 0.0], "k_pid_vsp": [117.53724514392157, 376.6167462867098, 10.0]}, "datetime": {"datetime": "2025-08-13 19:44:31", "elapsed": 35799.470514297485, "delta": 16.829049587249756}, "costs": {"total_cost": 191.13866403844335, "time_cost": 70.602, "final_distance_cost": 1.8184050489426122, "oscillation_cost": 30.795028186122888, "completition_cost": 0.0, "overshoot_cost": 50.7939584885773, "power_cost": 18.210167993164063, "noise_cost": 18.91910432163648, "n_waypoints_completed": 9, "tot_waypoints": 9}}
{"target": -196.02556906010105, "params": {"k_pid_pos": [1.733835489643198, 0.10920718465865398, 0.9451257094832697], "k_pid_alt": [1.4458679973838424, 0.0, 0.3146878632891922], "k_pid_att": [59.0149162219073, 8.491440198406547, 0.6559199499296157], "k_pid_yaw": [0.5, 1e-06, 0.1], "k_pid_hsp": [0.09847755819799779, 0.011264223901387349, 0.0], "k_pid_vsp": [131.89521188480865, 59.083466427248936, 10.0]}, "datetime": {"datetime": "2025-08-13 19:44:47", "elapsed": 35816.06827425957, "delta": 16.59775996208191}, "costs": {"total_cost": 196.02556906010105, "time_cost": 71.22500000000001, "final_distance_cost": 1.8320932663721785, "oscillation_cost": 27.61833376649868, "completition_cost": 0.0, "overshoot_cost": 51.94397096638664, "power_cost": 22.17747127685547, "noise_cost": 21.228699783988084, "n_waypoints_completed": 9, "tot_waypoints": 9}}
{"target": -1120.210365217414, "params": {"k_pid_pos": [1.733835489643198, 0.024859491386256316, 0.613303733901718], "k_pid_alt": [0.410712682686863, 0.0, 0.6600607021214705], "k_pid_att": [4.147090465977355, 9.545016992888707, 0.73590781336997], "k_pid_yaw": [0.5, 1e-06, 0.1], "k_pid_hsp": [0.09847755819799779, 0.011264223901387349, 0.8981342811795512], "k_pid_vsp": [16.765689104681325, 59.083466427248936, 10.0]}, "datetime": {"datetime": "2025-08-13 19:45:16", "elapsed": 35844.45036363602, "delta": 28.382089376449585}, "costs": {"total_cost": 1120.210365217414, "time_cost": 150, "final_distance_cost": 54.748351702817324, "oscillation_cost": 241.20984845229705, "completition_cost": 555.5555555555555, "overshoot_cost": 64.39966349618419, "power_cost": 25.372138500976565, "noise_cost": 28.924807509583466, "n_waypoints_completed": 4, "tot_waypoints": 9}}
{"target": -213.2791676685045, "params": {"k_pid_pos": [1.3587729839667164, 0.024859491386256316, 0.704167472379422], "k_pid_alt": [1.477768752937916, 0.00018965351824429266, 0.6600607021214705], "k_pid_att": [32.194164172814396, 2.6889016979653872, 0.6559199499296157], "k_pid_yaw": [0.5, 1e-06, 0.1], "k_pid_hsp": [2.947372329276074, 0.036551335399587326, 0.0], "k_pid_vsp": [251.5004449007475, 59.083466427248936, 10.0]}, "datetime": {"datetime": "2025-08-13 19:45:34", "elapsed": 35862.50582575798, "delta": 18.0554621219635}, "costs": {"total_cost": 213.2791676685045, "time_cost": 75.69800000000001, "final_distance_cost": 1.8468697178581304, "oscillation_cost": 33.63733862748972, "completition_cost": 0.0, "overshoot_cost": 52.5524151114417, "power_cost": 25.822734338378908, "noise_cost": 23.72180987333603, "n_waypoints_completed": 9, "tot_waypoints": 9}}
{"target": -298.2877405402734, "params": {"k_pid_pos": [1.733835489643198, 0.9080648804961846, 0.704167472379422], "k_pid_alt": [1.477768752937916, 0.0, 0.6600607021214705], "k_pid_att": [14.519487670645582, 0.24599703738529807, 0.5627915745015433], "k_pid_yaw": [0.5, 1e-06, 0.1], "k_pid_hsp": [0.09847755819799779, 0.3044774248601587, 0.0], "k_pid_vsp": [251.5004449007475, 376.6167462867098, 10.0]}, "datetime": {"datetime": "2025-08-13 19:45:57", "elapsed": 35885.801918029785, "delta": 23.29609227180481}, "costs": {"total_cost": 298.2877405402734, "time_cost": 96.908, "final_distance_cost": 1.8268192521401356, "oscillation_cost": 87.60295514173298, "completition_cost": 0.0, "overshoot_cost": 66.19619796641786, "power_cost": 15.972439257812502, "noise_cost": 29.78132892216989, "n_waypoints_completed": 9, "tot_waypoints": 9}}
{"target": -182.7062108685023, "params": {"k_pid_pos": [1.8792899704868669, 0.038219275878738745, 0.9752376885840038], "k_pid_alt": [1.4458679973838424, 0.0, 0.3146878632891922], "k_pid_att": [29.46763110571006, 5.67849514865483, 0.6559199499296157], "k_pid_yaw": [0.5, 1e-06, 0.1], "k_pid_hsp": [0.09847755819799779, 0.011264223901387349, 0.0], "k_pid_vsp": [29.96849041048857, 59.083466427248936, 10.0]}, "datetime": {"datetime": "2025-08-13 19:46:13", "elapsed": 35901.98350954056, "delta": 16.181591510772705}, "costs": {"total_cost": 182.7062108685023, "time_cost": 69.538, "final_distance_cost": 1.8370161842298243, "oscillation_cost": 28.57729549507091, "completition_cost": 0.0, "overshoot_cost": 50.50795227373659, "power_cost": 13.268504382324219, "noise_cost": 18.977442533140753, "n_waypoints_completed": 9, "tot_waypoints": 9}}
{"target": -188.72696137941367, "params": {"k_pid_pos": [1.733835489643198, 0.10920718465865398, 0.704167472379422], "k_pid_alt": [1.477768752937916, 0.00018965351824429266, 0.7538195562388602], "k_pid_att": [32.194164172814396, 2.6889016979653872, 0.08105699149151435], "k_pid_yaw": [0.5, 1e-06, 0.1], "k_pid_hsp": [0.09847755819799779, 0.011264223901387349, 0.0], "k_pid_vsp": [251.5004449007475, 59.083466427248936, 19.905301600864938]}, "datetime": {"datetime": "2025-08-13 19:46:30", "elapsed": 35918.87628316879, "delta": 16.892773628234863}, "costs": {"total_cost": 188.72696137941367, "time_cost": 70.812, "final_distance_cost": 1.806592764233017, "oscillation_cost": 30.502992676383258, "completition_cost": 0.0, "overshoot_cost": 51.562517343973944, "power_cost": 17.264988720703126, "noise_cost": 16.77786987412035, "n_waypoints_completed": 9, "tot_waypoints": 9}}
{"target": -1883.9123497239416, "params": {"k_pid_pos": [1.8034346552870686, 0.024859491386256316, 0.9451257094832697], "k_pid_alt": [1.9294269632989844, 0.0, 0.3146878632891922], "k_pid_att": [94.76565117582825, 8.491440198406547, 0.6559199499296157], "k_pid_yaw": [0.5, 1e-06, 0.1], "k_pid_hsp": [0.09847755819799779, 0.041997352724737036, 0.6842015212410669], "k_pid_vsp": [33.09370770872002, 44.88092472225945, 10.0]}, "datetime": {"datetime": "2025-08-13 19:46:58", "elapsed": 35946.916934490204, "delta": 28.040651321411133}, "costs": {"total_cost": 1883.9123497239416, "time_cost": 150, "final_distance_cost": 80.91736504196872, "oscillation_cost": 813.4392098288473, "completition_cost": 666.6666666666667, "overshoot_cost": 116.81093893454927, "power_cost": 28.329714746093753, "noise_cost": 27.748454505815843, "n_waypoints_completed": 3, "tot_waypoints": 9}}
{"target": -1878.2805810870539, "params": {"k_pid_pos": [0.7545197740495657, 0.024859491386256316, 0.483273595217213], "k_pid_alt": [1.4458679973838424, 0.0, 0.37635839979980057], "k_pid_att": [54.227890723214855, 5.67849514865483, 0.6559199499296157], "k_pid_yaw": [0.5, 1e-06, 0.1], "k_pid_hsp": [0.09847755819799779, 0.011264223901387349, 0.298002364448984], "k_pid_vsp": [29.96849041048857, 140.03862743104432, 2.77343605205192]}, "datetime": {"datetime": "2025-08-13 19:47:27", "elapsed": 35975.47009015083, "delta": 28.553155660629272}, "costs": {"total_cost": 1878.2805810870539, "time_cost": 150, "final_distance_cost": 87.25896863976392, "oscillation_cost": 798.1155931559409, "completition_cost": 666.6666666666667, "overshoot_cost": 114.18968505722054, "power_cost": 32.21844299316406, "noise_cost": 29.83122457429804, "n_waypoints_completed": 3, "tot_waypoints": 9}}
{"target": -201.03100066088777, "params": {"k_pid_pos": [1.8792899704868669, 0.024859491386256316, 0.9451257094832697], "k_pid_alt": [1.4458679973838424, 0.0, 0.3146878632891922], "k_pid_att": [29.46763110571006, 2.6298254890628097, 0.3301527476617453], "k_pid_yaw": [0.5, 1e-06, 0.1], "k_pid_hsp": [0.09847755819799779, 0.036551335399587326, 0.0], "k_pid_vsp": [251.5004449007475, 59.083466427248936, 10.0]}, "datetime": {"datetime": "2025-08-13 19:47:44", "elapsed": 35992.95172524452, "delta": 17.481635093688965}, "costs": {"total_cost": 201.03100066088777, "time_cost": 71.414, "final_distance_cost": 1.809425263095257, "oscillation_cost": 30.68700835925131, "completition_cost": 0.0, "overshoot_cost": 51.37368211029928, "power_cost": 23.76659940185547, "noise_cost": 21.98028552638645, "n_waypoints_completed": 9, "tot_waypoints": 9}}
{"target": -914.3046175015761, "params": {"k_pid_pos": [1.733835489643198, 0.024859491386256316, 0.9451257094832697], "k_pid_alt": [1.4458679973838424, 0.028806210149256217, 0.3146878632891922], "k_pid_att": [29.46763110571006, 5.6580295118978245, 0.6036733391519807], "k_pid_yaw": [0.5, 1e-06, 0.1], "k_pid_hsp": [0.09847755819799779, 0.7709548990052254, 0.0], "k_pid_vsp": [387.1470188825909, 59.083466427248936, 10.0]}, "datetime": {"datetime": "2025-08-13 19:48:13", "elapsed": 36021.75539803505, "delta": 28.803672790527344}, "costs": {"total_cost": 914.3046175015761, "time_cost": 150, "final_distance_cost": 53.045427195269255, "oscillation_cost": 144.9913112483734, "completition_cost": 444.4444444444444, "overshoot_cost": 63.69471902460782, "power_cost": 25.190304614257812, "noise_cost": 32.93841097462344, "n_waypoints_completed": 5, "tot_waypoints": 9}}
{"target": -203.40540382915765, "params": {"k_pid_pos": [1.733835489643198, 0.024859491386256316, 0.9451257094832697], "k_pid_alt": [1.4458679973838424, 0.0, 0.3146878632891922], "k_pid_att": [29.46763110571006, 2.6298254890628097, 0.3301527476617453], "k_pid_yaw": [0.5, 1e-06, 0.1], "k_pid_hsp": [0.09847755819799779, 0.011264223901387349, 0.006163336151336907], "k_pid_vsp": [33.09370770872002, 273.5353972576295, 10.0]}, "datetime": {"datetime": "2025-08-13 19:48:31", "elapsed": 36039.71866989136, "delta": 17.963271856307983}, "costs": {"total_cost": 203.40540382915765, "time_cost": 74.319, "final_distance_cost": 1.8351387980487661, "oscillation_cost": 45.45197918183893, "completition_cost": 0.0, "overshoot_cost": 50.123411106891524, "power_cost": 12.496122216796875, "noise_cost": 19.17975252558157, "n_waypoints_completed": 9, "tot_waypoints": 9}}
{"target": -540.2689211274019, "params": {"k_pid_pos": [1.733835489643198, 0.623941579046508, 0.704167472379422], "k_pid_alt": [1.477768752937916, 0.00018965351824429266, 0.6600607021214705], "k_pid_att": [32.194164172814396, 2.6889016979653872, 0.6559199499296157], "k_pid_yaw": [0.5, 1e-06, 0.1], "k_pid_hsp": [0.09847755819799779, 0.5338140877098506, 0.0], "k_pid_vsp": [251.5004449007475, 59.083466427248936, 10.0]}, "datetime": {"datetime": "2025-08-13 19:49:01", "elapsed": 36069.651332855225, "delta": 29.932662963867188}, "costs": {"total_cost": 540.2689211274019, "time_cost": 150, "final_distance_cost": 25.888525316046753, "oscillation_cost": 122.83738570778081, "completition_cost": 111.11111111111116, "overshoot_cost": 71.42903518646352, "power_cost": 25.924767053222656, "noise_cost": 33.07809675277703, "n_waypoints_completed": 8, "tot_waypoints": 9}}
{"target": -194.28433049555605, "params": {"k_pid_pos": [1.8034346552870686, 0.024859491386256316, 0.704167472379422], "k_pid_alt": [1.4458679973838424, 0.0, 0.6683949116493773], "k_pid_att": [83.24205936752172, 0.18205753750414305, 0.73590781336997], "k_pid_yaw": [0.5, 1e-06, 0.1], "k_pid_hsp": [0.09847755819799779, 0.011264223901387349, 0.0], "k_pid_vsp": [170.97439258889042, 59.083466427248936, 10.0]}, "datetime": {"datetime": "2025-08-13 19:49:18", "elapsed": 36086.86100435257, "delta": 17.20967149734497}, "costs": {"total_cost": 194.28433049555605, "time_cost": 71.407, "final_distance_cost": 1.8179524237676377, "oscillation_cost": 28.903148198588415, "completition_cost": 0.0, "overshoot_cost": 51.34087862092551, "power_cost": 19.88159011230469, "noise_cost": 20.933761139969832, "n_waypoints_completed": 9, "tot_waypoints": 9}}
