{"target": -1183.4722995568607, "params": {"k_pid_pos": [1.7411990865856197, 0.08329610310830193, 0.9451257094832697], "k_pid_alt": [1.4458679973838424, 0.028806210149256217, 0.014398680574380873], "k_pid_att": [11.329609997636037, 3.4126860594551975, 0.9623745068707039], "k_pid_yaw": [0.5, 1e-06, 0.1], "k_pid_hsp": [0.09847755819799779, 0.011264223901387349, 0.7372445000455273], "k_pid_vsp": [251.5004449007475, 59.083466427248936, 10.0]}, "datetime": {"datetime": "2025-08-13 21:06:34", "elapsed": 40722.568742752075, "delta": 30.2922625541687}, "costs": {"total_cost": 1183.4722995568607, "time_cost": 150, "final_distance_cost": 34.6515811833857, "oscillation_cost": 281.4460431764342, "completition_cost": 555.5555555555555, "overshoot_cost": 101.8457839191735, "power_cost": 29.92839479980469, "noise_cost": 30.044940922506974, "n_waypoints_completed": 4, "tot_waypoints": 9}}
{"target": -185.82145152340615, "params": {"k_pid_pos": [1.8792899704868669, 0.08329610310830193, 0.9451257094832697], "k_pid_alt": [1.4458679973838424, 0.028806210149256217, 0.014398680574380873], "k_pid_att": [11.329609997636037, 3.4126860594551975, 0.9623745068707039], "k_pid_yaw": [0.5, 1e-06, 0.1], "k_pid_hsp": [0.09847755819799779, 0.011264223901387349, 0.0], "k_pid_vsp": [251.5004449007475, 59.083466427248936, 10.0]}, "datetime": {"datetime": "2025-08-13 21:06:50", "elapsed": 40739.00426149368, "delta": 16.435518741607666}, "costs": {"total_cost": 185.82145152340615, "time_cost": 70.35000000000001, "final_distance_cost": 1.838950445677235, "oscillation_cost": 28.545581771572568, "completition_cost": 0.0, "overshoot_cost": 51.652870645878004, "power_cost": 14.735352355957032, "noise_cost": 18.698696304321327, "n_waypoints_completed": 9, "tot_waypoints": 9}}
{"target": -238.3326436545816, "params": {"k_pid_pos": [1.7411990865856197, 0.038219275878738745, 0.9752376885840038], "k_pid_alt": [0.8968227290295414, 0.972950519011735, 0.8561296716900385], "k_pid_att": [29.46763110571006, 5.6580295118978245, 0.3529475069797985], "k_pid_yaw": [0.5, 1e-06, 0.1], "k_pid_hsp": [0.09847755819799779, 0.011264223901387349, 0.0], "k_pid_vsp": [333.9671041363143, 289.9420907665546, 16.252805564631274]}, "datetime": {"datetime": "2025-08-13 21:07:13", "elapsed": 40761.88821196556, "delta": 22.88395047187805}, "costs": {"total_cost": 238.3326436545816, "time_cost": 93.71600000000001, "final_distance_cost": 1.7954052927438175, "oscillation_cost": 30.162998477423187, "completition_cost": 0.0, "overshoot_cost": 58.99907872219612, "power_cost": 27.685178820800783, "noise_cost": 25.97398234141771, "n_waypoints_completed": 9, "tot_waypoints": 9}}
{"target": -185.45608672814626, "params": {"k_pid_pos": [1.733835489643198, 0.024859491386256316, 0.6354931049670316], "k_pid_alt": [1.4458679973838424, 0.028806210149256217, 0.3146878632891922], "k_pid_att": [29.46763110571006, 1.9360914828558924, 0.3529475069797985], "k_pid_yaw": [0.5, 1e-06, 0.1], "k_pid_hsp": [0.09847755819799779, 0.011264223901387349, 0.0], "k_pid_vsp": [333.9671041363143, 289.9420907665546, 16.252805564631274]}, "datetime": {"datetime": "2025-08-13 21:07:30", "elapsed": 40778.36324262619, "delta": 16.475030660629272}, "costs": {"total_cost": 185.45608672814626, "time_cost": 69.468, "final_distance_cost": 1.8104903276589346, "oscillation_cost": 29.760359943176848, "completition_cost": 0.0, "overshoot_cost": 50.838673898878454, "power_cost": 16.977567175292968, "noise_cost": 16.60099538313904, "n_waypoints_completed": 9, "tot_waypoints": 9}}
{"target": -185.34083489812258, "params": {"k_pid_pos": [1.733835489643198, 0.024859491386256316, 0.9451257094832697], "k_pid_alt": [1.1928857943257507, 0.00018965351824429266, 0.23086984934879706], "k_pid_att": [11.246502653247227, 5.6580295118978245, 0.3529475069797985], "k_pid_yaw": [0.5, 1e-06, 0.1], "k_pid_hsp": [0.09847755819799779, 0.011264223901387349, 0.0], "k_pid_vsp": [333.9671041363143, 289.9420907665546, 16.252805564631274]}, "datetime": {"datetime": "2025-08-13 21:07:48", "elapsed": 40796.120829582214, "delta": 17.75758695602417}, "costs": {"total_cost": 185.34083489812258, "time_cost": 70.154, "final_distance_cost": 1.823198419463748, "oscillation_cost": 29.373112992491922, "completition_cost": 0.0, "overshoot_cost": 50.49745008148646, "power_cost": 16.871267309570314, "noise_cost": 16.621806095110106, "n_waypoints_completed": 9, "tot_waypoints": 9}}
{"target": -195.21662435618555, "params": {"k_pid_pos": [1.733835489643198, 0.024859491386256316, 0.9451257094832697], "k_pid_alt": [1.4458679973838424, 0.00018965351824429266, 0.23086984934879706], "k_pid_att": [11.246502653247227, 8.528454206396269, 0.3529475069797985], "k_pid_yaw": [0.5, 1e-06, 0.1], "k_pid_hsp": [1.3337113251841335, 0.011264223901387349, 0.0], "k_pid_vsp": [333.9671041363143, 289.9420907665546, 16.252805564631274]}, "datetime": {"datetime": "2025-08-13 21:08:04", "elapsed": 40812.47413134575, "delta": 16.353301763534546}, "costs": {"total_cost": 195.21662435618555, "time_cost": 70.021, "final_distance_cost": 1.8512169687003894, "oscillation_cost": 35.93306235877685, "completition_cost": 0.0, "overshoot_cost": 50.12130596230606, "power_cost": 18.783672497558594, "noise_cost": 18.506366568843642, "n_waypoints_completed": 9, "tot_waypoints": 9}}
{"target": -197.79695248306484, "params": {"k_pid_pos": [1.8792899704868669, 0.038219275878738745, 0.9752376885840038], "k_pid_alt": [1.5786606064986153, 0.972950519011735, 0.8561296716900385], "k_pid_att": [29.46763110571006, 4.633477034214585, 0.3529475069797985], "k_pid_yaw": [0.5, 1e-06, 0.1], "k_pid_hsp": [0.09847755819799779, 0.011264223901387349, 0.0], "k_pid_vsp": [80.33785635579704, 289.9420907665546, 16.252805564631274]}, "datetime": {"datetime": "2025-08-13 21:08:24", "elapsed": 40832.35221719742, "delta": 19.87808585166931}, "costs": {"total_cost": 197.79695248306484, "time_cost": 76.034, "final_distance_cost": 1.7983625505831053, "oscillation_cost": 32.36727705502014, "completition_cost": 0.0, "overshoot_cost": 52.22210743885149, "power_cost": 18.140018774414063, "noise_cost": 17.23518666419603, "n_waypoints_completed": 9, "tot_waypoints": 9}}
{"target": -187.10898285772328, "params": {"k_pid_pos": [1.733835489643198, 0.024859491386256316, 0.9451257094832697], "k_pid_alt": [1.5786606064986153, 0.0, 0.23086984934879706], "k_pid_att": [12.665511903358361, 5.6580295118978245, 0.20497828334174084], "k_pid_yaw": [0.5, 1e-06, 0.1], "k_pid_hsp": [0.17225665165883555, 0.011264223901387349, 0.0], "k_pid_vsp": [121.11927891757475, 57.93155354082285, 16.252805564631274]}, "datetime": {"datetime": "2025-08-13 21:08:40", "elapsed": 40848.789868831635, "delta": 16.43765163421631}, "costs": {"total_cost": 187.10898285772328, "time_cost": 70.077, "final_distance_cost": 1.8396516468574702, "oscillation_cost": 28.13271324532656, "completition_cost": 0.0, "overshoot_cost": 50.57555336464714, "power_cost": 18.27853044433594, "noise_cost": 18.205534156556173, "n_waypoints_completed": 9, "tot_waypoints": 9}}
{"target": -184.84502534068673, "params": {"k_pid_pos": [1.733835489643198, 0.024859491386256316, 0.9451257094832697], "k_pid_alt": [1.9160597436741602, 0.00018965351824429266, 0.6600607021214705], "k_pid_att": [68.93098199109546, 2.6889016979653872, 0.6559199499296157], "k_pid_yaw": [0.5, 1e-06, 0.1], "k_pid_hsp": [0.09847755819799779, 0.011264223901387349, 0.0], "k_pid_vsp": [251.5004449007475, 130.53254854158118, 10.0]}, "datetime": {"datetime": "2025-08-13 21:08:59", "elapsed": 40867.129445791245, "delta": 18.339576959609985}, "costs": {"total_cost": 184.84502534068673, "time_cost": 70.028, "final_distance_cost": 1.8253079464138313, "oscillation_cost": 28.894188192665485, "completition_cost": 0.0, "overshoot_cost": 50.91035259774297, "power_cost": 14.958223828125, "noise_cost": 18.228952775739433, "n_waypoints_completed": 9, "tot_waypoints": 9}}
{"target": -190.11221863727627, "params": {"k_pid_pos": [1.8792899704868669, 0.038219275878738745, 0.15504459629470158], "k_pid_alt": [1.5786606064986153, 0.0, 0.6600607021214705], "k_pid_att": [68.93098199109546, 2.6889016979653872, 0.20497828334174084], "k_pid_yaw": [0.5, 1e-06, 0.1], "k_pid_hsp": [0.17225665165883555, 0.011264223901387349, 0.0], "k_pid_vsp": [121.11927891757475, 57.93155354082285, 16.252805564631274]}, "datetime": {"datetime": "2025-08-13 21:09:16", "elapsed": 40884.45140695572, "delta": 17.321961164474487}, "costs": {"total_cost": 190.11221863727627, "time_cost": 69.769, "final_distance_cost": 1.7572072368549434, "oscillation_cost": 35.07076863804318, "completition_cost": 0.0, "overshoot_cost": 50.773163398884606, "power_cost": 16.448558959960938, "noise_cost": 16.29352040353261, "n_waypoints_completed": 9, "tot_waypoints": 9}}
{"target": -1757.065988056967, "params": {"k_pid_pos": [1.733835489643198, 0.024859491386256316, 0.9451257094832697], "k_pid_alt": [1.5786606064986153, 0.0, 0.23086984934879706], "k_pid_att": [29.46763110571006, 5.6580295118978245, 0.6559199499296157], "k_pid_yaw": [0.5, 1e-06, 0.1], "k_pid_hsp": [0.09847755819799779, 0.011264223901387349, 0.7672277833605256], "k_pid_vsp": [251.5004449007475, 250.21609499067577, 10.0]}, "datetime": {"datetime": "2025-08-13 21:09:46", "elapsed": 40914.70311450958, "delta": 30.251707553863525}, "costs": {"total_cost": 1757.065988056967, "time_cost": 150, "final_distance_cost": 74.1275304268454, "oscillation_cost": 699.799461010245, "completition_cost": 666.6666666666667, "overshoot_cost": 106.30912009910669, "power_cost": 31.25560728759766, "noise_cost": 28.907602566505304, "n_waypoints_completed": 3, "tot_waypoints": 9}}
{"target": -279.7517096745799, "params": {"k_pid_pos": [1.733835489643198, 0.024859491386256316, 0.9451257094832697], "k_pid_alt": [1.5786606064986153, 0.7740757290553824, 0.23086984934879706], "k_pid_att": [29.46763110571006, 7.855774821596054, 0.4604679356383715], "k_pid_yaw": [0.5, 1e-06, 0.1], "k_pid_hsp": [9.086286773106698, 0.011264223901387349, 0.0], "k_pid_vsp": [251.5004449007475, 59.083466427248936, 10.0]}, "datetime": {"datetime": "2025-08-13 21:10:06", "elapsed": 40934.394824266434, "delta": 19.691709756851196}, "costs": {"total_cost": 279.7517096745799, "time_cost": 77.833, "final_distance_cost": 1.7986870002379647, "oscillation_cost": 109.87902668682024, "completition_cost": 0.0, "overshoot_cost": 52.33888781459095, "power_cost": 18.186050329589843, "noise_cost": 19.71605784334091, "n_waypoints_completed": 9, "tot_waypoints": 9}}
{"target": -202.48767304498864, "params": {"k_pid_pos": [1.8792899704868669, 0.038219275878738745, 0.8672549058211023], "k_pid_alt": [1.5786606064986153, 0.0, 0.23086984934879706], "k_pid_att": [29.46763110571006, 5.3753599788647985, 0.3529475069797985], "k_pid_yaw": [0.5, 1e-06, 0.1], "k_pid_hsp": [0.09847755819799779, 0.011264223901387349, 0.0], "k_pid_vsp": [333.9671041363143, 304.1795245652576, 16.252805564631274]}, "datetime": {"datetime": "2025-08-13 21:10:23", "elapsed": 40951.427320718765, "delta": 17.032496452331543}, "costs": {"total_cost": 202.48767304498864, "time_cost": 72.065, "final_distance_cost": 1.8120394996494815, "oscillation_cost": 30.79883989347488, "completition_cost": 0.0, "overshoot_cost": 52.21900742088034, "power_cost": 24.00702742919922, "noise_cost": 21.58575880178471, "n_waypoints_completed": 9, "tot_waypoints": 9}}
{"target": -188.44934546431531, "params": {"k_pid_pos": [1.733835489643198, 0.024859491386256316, 0.9451257094832697], "k_pid_alt": [1.4458679973838424, 0.00018965351824429266, 0.5405957282041112], "k_pid_att": [25.463483275157817, 5.6580295118978245, 0.3529475069797985], "k_pid_yaw": [0.5, 1e-06, 0.1], "k_pid_hsp": [0.09847755819799779, 0.011264223901387349, 0.0], "k_pid_vsp": [333.9671041363143, 289.9420907665546, 16.252805564631274]}, "datetime": {"datetime": "2025-08-13 21:10:41", "elapsed": 40969.18782997131, "delta": 17.760509252548218}, "costs": {"total_cost": 188.44934546431531, "time_cost": 70.518, "final_distance_cost": 1.8361720325893782, "oscillation_cost": 28.584426972944716, "completition_cost": 0.0, "overshoot_cost": 50.58701094905754, "power_cost": 18.722120556640625, "noise_cost": 18.201614953083055, "n_waypoints_completed": 9, "tot_waypoints": 9}}
{"target": -209.46849603493314, "params": {"k_pid_pos": [1.8792899704868669, 0.2836793541084326, 0.9752376885840038], "k_pid_alt": [1.5786606064986153, 0.6742641001630488, 0.23086984934879706], "k_pid_att": [29.46763110571006, 5.6580295118978245, 0.3529475069797985], "k_pid_yaw": [0.5, 1e-06, 0.1], "k_pid_hsp": [0.17225665165883555, 0.011264223901387349, 0.0], "k_pid_vsp": [387.1470188825909, 57.93155354082285, 16.252805564631274]}, "datetime": {"datetime": "2025-08-13 21:11:01", "elapsed": 40989.578382730484, "delta": 20.390552759170532}, "costs": {"total_cost": 209.46849603493314, "time_cost": 79.646, "final_distance_cost": 1.773240372685079, "oscillation_cost": 31.573973254950854, "completition_cost": 0.0, "overshoot_cost": 53.1688612226403, "power_cost": 21.85308212890625, "noise_cost": 21.45333905575062, "n_waypoints_completed": 9, "tot_waypoints": 9}}
{"target": -193.85562402902087, "params": {"k_pid_pos": [1.5164821318119608, 0.00338214545638138, 0.5215242577869234], "k_pid_alt": [1.5967479783170597, 0.00018965351824429266, 0.6600607021214705], "k_pid_att": [25.997073188089082, 2.6889016979653872, 0.08105699149151435], "k_pid_yaw": [0.5, 1e-06, 0.1], "k_pid_hsp": [1.1779218432282734, 0.011264223901387349, 0.0], "k_pid_vsp": [251.5004449007475, 59.083466427248936, 10.0]}, "datetime": {"datetime": "2025-08-13 21:11:19", "elapsed": 41007.786564826965, "delta": 18.208182096481323}, "costs": {"total_cost": 193.85562402902087, "time_cost": 70.392, "final_distance_cost": 1.8467469395279392, "oscillation_cost": 39.80947360817751, "completition_cost": 0.0, "overshoot_cost": 50.15398826136872, "power_cost": 13.273723352050782, "noise_cost": 18.37969186789593, "n_waypoints_completed": 9, "tot_waypoints": 9}}
{"target": -200.57509680956585, "params": {"k_pid_pos": [1.733835489643198, 0.024859491386256316, 0.9451257094832697], "k_pid_alt": [0.8511837275376319, 0.028806210149256217, 0.014398680574380873], "k_pid_att": [11.329609997636037, 8.451705289372699, 0.9623745068707039], "k_pid_yaw": [0.5, 1e-06, 0.1], "k_pid_hsp": [4.3372224232348895, 0.011264223901387349, 0.0], "k_pid_vsp": [251.5004449007475, 187.02738271361417, 19.905301600864938]}, "datetime": {"datetime": "2025-08-13 21:11:36", "elapsed": 41024.43306851387, "delta": 16.646503686904907}, "costs": {"total_cost": 200.57509680956585, "time_cost": 70.861, "final_distance_cost": 1.8354202846954697, "oscillation_cost": 38.812607442208595, "completition_cost": 0.0, "overshoot_cost": 50.69223643726423, "power_cost": 19.26302098388672, "noise_cost": 19.110811661510827, "n_waypoints_completed": 9, "tot_waypoints": 9}}
{"target": -217.40797446304052, "params": {"k_pid_pos": [1.8792899704868669, 0.038219275878738745, 0.9752376885840038], "k_pid_alt": [1.5786606064986153, 0.27282343391549047, 0.23086984934879706], "k_pid_att": [29.46763110571006, 5.6580295118978245, 0.3529475069797985], "k_pid_yaw": [0.5, 1e-06, 0.1], "k_pid_hsp": [0.09847755819799779, 0.011264223901387349, 0.0], "k_pid_vsp": [251.5004449007475, 250.21609499067577, 10.0]}, "datetime": {"datetime": "2025-08-13 21:11:57", "elapsed": 41045.1693508625, "delta": 20.736282348632812}, "costs": {"total_cost": 217.40797446304052, "time_cost": 83.377, "final_distance_cost": 1.7486060822933769, "oscillation_cost": 30.32120966451822, "completition_cost": 0.0, "overshoot_cost": 52.99326322972575, "power_cost": 25.711326281738284, "noise_cost": 23.256569204764897, "n_waypoints_completed": 9, "tot_waypoints": 9}}
{"target": -200.08302627741014, "params": {"k_pid_pos": [1.8792899704868669, 0.038219275878738745, 0.15504459629470158], "k_pid_alt": [1.5786606064986153, 0.0, 0.5775663314924924], "k_pid_att": [68.93098199109546, 2.6889016979653872, 0.6559199499296157], "k_pid_yaw": [0.5, 1e-06, 0.1], "k_pid_hsp": [0.09847755819799779, 0.011264223901387349, 0.0], "k_pid_vsp": [333.9671041363143, 48.528358121920796, 16.252805564631274]}, "datetime": {"datetime": "2025-08-13 21:12:14", "elapsed": 41062.8312830925, "delta": 17.661932229995728}, "costs": {"total_cost": 200.08302627741014, "time_cost": 71.876, "final_distance_cost": 1.7549386165845553, "oscillation_cost": 33.081819563043716, "completition_cost": 0.0, "overshoot_cost": 52.09327689717469, "power_cost": 20.984500708007815, "noise_cost": 20.292490492599338, "n_waypoints_completed": 9, "tot_waypoints": 9}}
{"target": -1965.2885537242769, "params": {"k_pid_pos": [1.733835489643198, 0.024859491386256316, 0.9451257094832697], "k_pid_alt": [1.4458679973838424, 0.28508550330050175, 0.23086984934879706], "k_pid_att": [11.246502653247227, 5.6580295118978245, 0.3529475069797985], "k_pid_yaw": [0.5, 1e-06, 0.1], "k_pid_hsp": [0.09847755819799779, 0.011264223901387349, 0.7083694771711668], "k_pid_vsp": [152.62952303200586, 59.083466427248936, 312.89214078752025]}, "datetime": {"datetime": "2025-08-13 21:12:43", "elapsed": 41091.68189358711, "delta": 28.850610494613647}, "costs": {"total_cost": 1965.2885537242769, "time_cost": 150, "final_distance_cost": 17.86826577134114, "oscillation_cost": 521.3171651973043, "completition_cost": 1000.0, "overshoot_cost": 149.94860339363453, "power_cost": 32.215681494140625, "noise_cost": 93.93883786785614, "n_waypoints_completed": 0, "tot_waypoints": 9}}
{"target": -200.5737542171138, "params": {"k_pid_pos": [1.8792899704868669, 0.024859491386256316, 0.8800578400597763], "k_pid_alt": [1.477768752937916, 0.27875359925262033, 0.3146878632891922], "k_pid_att": [11.329609997636037, 6.043751783864618, 0.9623745068707039], "k_pid_yaw": [0.5, 1e-06, 0.1], "k_pid_hsp": [0.09847755819799779, 0.011264223901387349, 0.0], "k_pid_vsp": [333.9671041363143, 289.9420907665546, 16.252805564631274]}, "datetime": {"datetime": "2025-08-13 21:13:01", "elapsed": 41109.9551858902, "delta": 18.273292303085327}, "costs": {"total_cost": 200.5737542171138, "time_cost": 78.358, "final_distance_cost": 1.7932795067093334, "oscillation_cost": 32.73543925704139, "completition_cost": 0.0, "overshoot_cost": 51.317381332589164, "power_cost": 18.71178238525391, "noise_cost": 17.657871735519954, "n_waypoints_completed": 9, "tot_waypoints": 9}}
{"target": -195.45826903894093, "params": {"k_pid_pos": [1.733835489643198, 0.024859491386256316, 0.9451257094832697], "k_pid_alt": [1.4458679973838424, 0.00018965351824429266, 0.6600607021214705], "k_pid_att": [68.93098199109546, 2.6889016979653872, 0.8267899093225144], "k_pid_yaw": [0.5, 1e-06, 0.1], "k_pid_hsp": [0.09847755819799779, 0.011264223901387349, 0.0], "k_pid_vsp": [251.5004449007475, 57.93155354082285, 16.252805564631274]}, "datetime": {"datetime": "2025-08-13 21:13:20", "elapsed": 41128.54033398628, "delta": 18.585148096084595}, "costs": {"total_cost": 195.45826903894093, "time_cost": 72.002, "final_distance_cost": 1.8210025434615937, "oscillation_cost": 27.754588037677934, "completition_cost": 0.0, "overshoot_cost": 51.59180222259871, "power_cost": 21.63681237792969, "noise_cost": 20.65206385727302, "n_waypoints_completed": 9, "tot_waypoints": 9}}
{"target": -180.79472682565458, "params": {"k_pid_pos": [1.733835489643198, 0.024859491386256316, 0.9451257094832697], "k_pid_alt": [1.5786606064986153, 0.0, 0.23086984934879706], "k_pid_att": [29.46763110571006, 5.6580295118978245, 0.20497828334174084], "k_pid_yaw": [0.5, 1e-06, 0.1], "k_pid_hsp": [0.17225665165883555, 0.011264223901387349, 0.0], "k_pid_vsp": [121.11927891757475, 57.93155354082285, 16.252805564631274]}, "datetime": {"datetime": "2025-08-13 21:13:37", "elapsed": 41145.31504869461, "delta": 16.774714708328247}, "costs": {"total_cost": 180.79472682565458, "time_cost": 69.02, "final_distance_cost": 1.8428863317827724, "oscillation_cost": 30.19389227735127, "completition_cost": 0.0, "overshoot_cost": 50.01132850092182, "power_cost": 14.442878723144531, "noise_cost": 15.283740992454188, "n_waypoints_completed": 9, "tot_waypoints": 9}}
{"target": -190.10668883504349, "params": {"k_pid_pos": [1.733835489643198, 0.024859491386256316, 0.9451257094832697], "k_pid_alt": [1.5786606064986153, 0.0, 0.23086984934879706], "k_pid_att": [29.46763110571006, 5.6580295118978245, 0.20497828334174084], "k_pid_yaw": [0.5, 1e-06, 0.1], "k_pid_hsp": [0.17225665165883555, 0.011264223901387349, 0.0], "k_pid_vsp": [121.11927891757475, 57.93155354082285, 16.252805564631274]}, "datetime": {"datetime": "2025-08-13 21:13:55", "elapsed": 41163.932297468185, "delta": 18.61724877357483}, "costs": {"total_cost": 190.10668883504349, "time_cost": 70.497, "final_distance_cost": 1.8455677144700868, "oscillation_cost": 27.86711621670482, "completition_cost": 0.0, "overshoot_cost": 50.84106380355337, "power_cost": 19.601856188964845, "noise_cost": 19.454084911350364, "n_waypoints_completed": 9, "tot_waypoints": 9}}
{"target": -191.12793152424405, "params": {"k_pid_pos": [1.733835489643198, 0.024859491386256316, 0.9451257094832697], "k_pid_alt": [1.9160597436741602, 0.00018965351824429266, 0.6600607021214705], "k_pid_att": [68.93098199109546, 2.6889016979653872, 0.6559199499296157], "k_pid_yaw": [0.5, 1e-06, 0.1], "k_pid_hsp": [0.09847755819799779, 0.011264223901387349, 0.0], "k_pid_vsp": [251.5004449007475, 130.53254854158118, 10.0]}, "datetime": {"datetime": "2025-08-13 21:14:13", "elapsed": 41181.29414510727, "delta": 17.361847639083862}, "costs": {"total_cost": 191.12793152424405, "time_cost": 70.455, "final_distance_cost": 1.8207834686526563, "oscillation_cost": 27.89388454649198, "completition_cost": 0.0, "overshoot_cost": 51.48223471759592, "power_cost": 19.73711290283203, "noise_cost": 19.738915888671475, "n_waypoints_completed": 9, "tot_waypoints": 9}}
